[I 2025-01-23 01:34:25,584] A new study created in RDB with name: NODE_Mercedes_Benz
[I 2025-01-23 02:45:57,665] Trial 0 finished with value: 9399.135093991415 and parameters: {'num_layers': 8, 'total_tree_count': 2048, 'tree_depth': 6, 'tree_output_dim': 2}. Best is trial 0 with value: 9399.135093991415.
[I 2025-01-23 03:16:28,372] Trial 1 finished with value: 9374.416339514162 and parameters: {'num_layers': 4, 'total_tree_count': 1024, 'tree_depth': 6, 'tree_output_dim': 3}. Best is trial 1 with value: 9374.416339514162.
[I 2025-01-23 04:23:01,077] Trial 2 finished with value: 9353.872194746034 and parameters: {'num_layers': 8, 'total_tree_count': 1024, 'tree_depth': 8, 'tree_output_dim': 3}. Best is trial 2 with value: 9353.872194746034.
[I 2025-01-23 05:01:22,212] Trial 3 finished with value: 9382.187057947605 and parameters: {'num_layers': 8, 'total_tree_count': 1024, 'tree_depth': 6, 'tree_output_dim': 2}. Best is trial 2 with value: 9353.872194746034.
[I 2025-01-23 06:20:11,311] Trial 4 finished with value: 9353.872194746034 and parameters: {'num_layers': 8, 'total_tree_count': 1024, 'tree_depth': 8, 'tree_output_dim': 3}. Best is trial 2 with value: 9353.872194746034.
[I 2025-01-23 07:56:53,592] Trial 5 finished with value: 9384.272979037767 and parameters: {'num_layers': 4, 'total_tree_count': 2048, 'tree_depth': 6, 'tree_output_dim': 2}. Best is trial 2 with value: 9353.872194746034.
[I 2025-01-23 08:31:48,750] Trial 6 finished with value: 9374.416339514162 and parameters: {'num_layers': 4, 'total_tree_count': 1024, 'tree_depth': 6, 'tree_output_dim': 3}. Best is trial 2 with value: 9353.872194746034.
[I 2025-01-23 10:39:56,993] Trial 7 finished with value: 9341.459869947996 and parameters: {'num_layers': 4, 'total_tree_count': 2048, 'tree_depth': 8, 'tree_output_dim': 2}. Best is trial 7 with value: 9341.459869947996.
[I 2025-01-23 11:27:41,145] Trial 8 finished with value: 9344.706715026487 and parameters: {'num_layers': 8, 'total_tree_count': 1024, 'tree_depth': 8, 'tree_output_dim': 2}. Best is trial 7 with value: 9341.459869947996.
[I 2025-01-23 11:51:30,280] Trial 9 finished with value: 9365.367722411222 and parameters: {'num_layers': 4, 'total_tree_count': 1024, 'tree_depth': 6, 'tree_output_dim': 2}. Best is trial 7 with value: 9341.459869947996.
[W 2025-01-23 11:51:32,211] Trial 10 failed with parameters: {'num_layers': 2, 'total_tree_count': 2048, 'tree_depth': 8, 'tree_output_dim': 2} because of the following error: OutOfMemoryError('CUDA out of memory. Tried to allocate 7.81 GiB. GPU 0 has a total capacty of 7.79 GiB of which 6.95 GiB is free. Including non-PyTorch memory, this process has 852.00 MiB memory in use. Of the allocated memory 399.76 MiB is allocated by PyTorch, and 318.24 MiB is reserved by PyTorch but unallocated. If reserved but unallocated memory is large try setting max_split_size_mb to avoid fragmentation.  See documentation for Memory Management and PYTORCH_CUDA_ALLOC_CONF').
Traceback (most recent call last):
  File "/home/mburu/.local/lib/python3.8/site-packages/optuna/study/_optimize.py", line 197, in _run_trial
    value_or_values = func(trial)
  File "train.py", line 134, in __call__
    sc, time = cross_validation(model, self.X, self.y, self.args, visual=False)
  File "train.py", line 46, in cross_validation
    loss_history, val_loss_history = curr_model.fit(X_train, y_train, X_test, y_test)  # X_val, y_val)
  File "/home/mburu/Master_Thesis/master-thesis-da/DNN_Trial/models/node.py", line 64, in fit
    res = self.model(torch.as_tensor(data.X_train[:1000], device=self.device))
  File "/home/mburu/miniconda3/envs/Test4Node/lib/python3.8/site-packages/torch/nn/modules/module.py", line 1518, in _wrapped_call_impl
    return self._call_impl(*args, **kwargs)
  File "/home/mburu/miniconda3/envs/Test4Node/lib/python3.8/site-packages/torch/nn/modules/module.py", line 1527, in _call_impl
    return forward_call(*args, **kwargs)
  File "/home/mburu/miniconda3/envs/Test4Node/lib/python3.8/site-packages/torch/nn/modules/container.py", line 215, in forward
    input = module(input)
  File "/home/mburu/miniconda3/envs/Test4Node/lib/python3.8/site-packages/torch/nn/modules/module.py", line 1518, in _wrapped_call_impl
    return self._call_impl(*args, **kwargs)
  File "/home/mburu/miniconda3/envs/Test4Node/lib/python3.8/site-packages/torch/nn/modules/module.py", line 1527, in _call_impl
    return forward_call(*args, **kwargs)
  File "/home/mburu/Master_Thesis/master-thesis-da/DNN_Trial/models/node_lib/arch.py", line 31, in forward
    h = layer(layer_inp)
  File "/home/mburu/Master_Thesis/master-thesis-da/DNN_Trial/models/node_lib/nn_utils.py", line 221, in __call__
    return super().__call__(*args, **kwargs)
  File "/home/mburu/miniconda3/envs/Test4Node/lib/python3.8/site-packages/torch/nn/modules/module.py", line 1518, in _wrapped_call_impl
    return self._call_impl(*args, **kwargs)
  File "/home/mburu/miniconda3/envs/Test4Node/lib/python3.8/site-packages/torch/nn/modules/module.py", line 1527, in _call_impl
    return forward_call(*args, **kwargs)
  File "/home/mburu/Master_Thesis/master-thesis-da/DNN_Trial/models/node_lib/odst.py", line 98, in forward
    bin_matches = torch.einsum('btds,dcs->btdc', bins, self.bin_codes_1hot)
  File "/home/mburu/miniconda3/envs/Test4Node/lib/python3.8/site-packages/torch/functional.py", line 377, in einsum
    return _VF.einsum(equation, operands)  # type: ignore[attr-defined]
torch.cuda.OutOfMemoryError: CUDA out of memory. Tried to allocate 7.81 GiB. GPU 0 has a total capacty of 7.79 GiB of which 6.95 GiB is free. Including non-PyTorch memory, this process has 852.00 MiB memory in use. Of the allocated memory 399.76 MiB is allocated by PyTorch, and 318.24 MiB is reserved by PyTorch but unallocated. If reserved but unallocated memory is large try setting max_split_size_mb to avoid fragmentation.  See documentation for Memory Management and PYTORCH_CUDA_ALLOC_CONF
[W 2025-01-23 11:51:32,217] Trial 10 failed with value None.
Traceback (most recent call last):
  File "train.py", line 185, in <module>
    main(arguments)
  File "train.py", line 156, in main
    study.optimize(Objective(args, model_name, X, y), n_trials=args.n_trials)
  File "/home/mburu/.local/lib/python3.8/site-packages/optuna/study/study.py", line 475, in optimize
    _optimize(
  File "/home/mburu/.local/lib/python3.8/site-packages/optuna/study/_optimize.py", line 63, in _optimize
    _optimize_sequential(
  File "/home/mburu/.local/lib/python3.8/site-packages/optuna/study/_optimize.py", line 160, in _optimize_sequential
    frozen_trial = _run_trial(study, func, catch)
  File "/home/mburu/.local/lib/python3.8/site-packages/optuna/study/_optimize.py", line 248, in _run_trial
    raise func_err
  File "/home/mburu/.local/lib/python3.8/site-packages/optuna/study/_optimize.py", line 197, in _run_trial
    value_or_values = func(trial)
  File "train.py", line 134, in __call__
    sc, time = cross_validation(model, self.X, self.y, self.args, visual=False)
  File "train.py", line 46, in cross_validation
    loss_history, val_loss_history = curr_model.fit(X_train, y_train, X_test, y_test)  # X_val, y_val)
  File "/home/mburu/Master_Thesis/master-thesis-da/DNN_Trial/models/node.py", line 64, in fit
    res = self.model(torch.as_tensor(data.X_train[:1000], device=self.device))
  File "/home/mburu/miniconda3/envs/Test4Node/lib/python3.8/site-packages/torch/nn/modules/module.py", line 1518, in _wrapped_call_impl
    return self._call_impl(*args, **kwargs)
  File "/home/mburu/miniconda3/envs/Test4Node/lib/python3.8/site-packages/torch/nn/modules/module.py", line 1527, in _call_impl
    return forward_call(*args, **kwargs)
  File "/home/mburu/miniconda3/envs/Test4Node/lib/python3.8/site-packages/torch/nn/modules/container.py", line 215, in forward
    input = module(input)
  File "/home/mburu/miniconda3/envs/Test4Node/lib/python3.8/site-packages/torch/nn/modules/module.py", line 1518, in _wrapped_call_impl
    return self._call_impl(*args, **kwargs)
  File "/home/mburu/miniconda3/envs/Test4Node/lib/python3.8/site-packages/torch/nn/modules/module.py", line 1527, in _call_impl
    return forward_call(*args, **kwargs)
  File "/home/mburu/Master_Thesis/master-thesis-da/DNN_Trial/models/node_lib/arch.py", line 31, in forward
    h = layer(layer_inp)
  File "/home/mburu/Master_Thesis/master-thesis-da/DNN_Trial/models/node_lib/nn_utils.py", line 221, in __call__
    return super().__call__(*args, **kwargs)
  File "/home/mburu/miniconda3/envs/Test4Node/lib/python3.8/site-packages/torch/nn/modules/module.py", line 1518, in _wrapped_call_impl
    return self._call_impl(*args, **kwargs)
  File "/home/mburu/miniconda3/envs/Test4Node/lib/python3.8/site-packages/torch/nn/modules/module.py", line 1527, in _call_impl
    return forward_call(*args, **kwargs)
  File "/home/mburu/Master_Thesis/master-thesis-da/DNN_Trial/models/node_lib/odst.py", line 98, in forward
    bin_matches = torch.einsum('btds,dcs->btdc', bins, self.bin_codes_1hot)
  File "/home/mburu/miniconda3/envs/Test4Node/lib/python3.8/site-packages/torch/functional.py", line 377, in einsum
    return _VF.einsum(equation, operands)  # type: ignore[attr-defined]
torch.cuda.OutOfMemoryError: CUDA out of memory. Tried to allocate 7.81 GiB. GPU 0 has a total capacty of 7.79 GiB of which 6.95 GiB is free. Including non-PyTorch memory, this process has 852.00 MiB memory in use. Of the allocated memory 399.76 MiB is allocated by PyTorch, and 318.24 MiB is reserved by PyTorch but unallocated. If reserved but unallocated memory is large try setting max_split_size_mb to avoid fragmentation.  See documentation for Memory Management and PYTORCH_CUDA_ALLOC_CONF
srun: error: stud-000: task 0: Exited with exit code 1
