[I 2025-01-04 19:10:58,945] Trial 113 finished with value: 57951043.66519412 and parameters: {'p_m': 0.6487434081753111, 'alpha': 2.1921328357889567, 'K': 3, 'beta': 0.6827550855684483}. Best is trial 106 with value: 42448543.85242422.
[I 2025-01-04 19:14:38,232] Trial 114 finished with value: 58631827.46505718 and parameters: {'p_m': 0.7170224080668397, 'alpha': 0.8187231635471629, 'K': 3, 'beta': 0.4699583547398477}. Best is trial 106 with value: 42448543.85242422.
[I 2025-01-04 19:22:32,808] Trial 115 finished with value: 70754971.0521997 and parameters: {'p_m': 0.6046056928430154, 'alpha': 0.39806521085629204, 'K': 20, 'beta': 1.0741312430059766}. Best is trial 106 with value: 42448543.85242422.
[I 2025-01-04 19:29:08,787] Trial 116 finished with value: 44680188.97832549 and parameters: {'p_m': 0.7687771401199304, 'alpha': 1.755590429977949, 'K': 15, 'beta': 0.31548446283103243}. Best is trial 106 with value: 42448543.85242422.
[I 2025-01-04 19:35:45,335] Trial 117 finished with value: 57743272.80962102 and parameters: {'p_m': 0.7624681521770758, 'alpha': 1.7148107261278245, 'K': 15, 'beta': 0.7850417188678179}. Best is trial 106 with value: 42448543.85242422.
[I 2025-01-04 19:42:19,163] Trial 118 finished with value: 52549363.92654932 and parameters: {'p_m': 0.8575392273685072, 'alpha': 2.338938146922447, 'K': 15, 'beta': 0.3689237169432782}. Best is trial 106 with value: 42448543.85242422.
[I 2025-01-04 19:48:53,376] Trial 119 finished with value: 57203544.94919952 and parameters: {'p_m': 0.7880601159220182, 'alpha': 0.6528824069172617, 'K': 15, 'beta': 0.5827628832847118}. Best is trial 106 with value: 42448543.85242422.
