[I 2025-01-03 18:55:20,238] Using an existing study with name 'VIME_Diamonds' instead of creating a new one.
[I 2025-01-03 20:20:42,087] Trial 20 finished with value: 4081071.4910842096 and parameters: {'p_m': 0.4127518601055138, 'alpha': 3.872493354915032, 'K': 15, 'beta': 8.38805767107909}. Best is trial 14 with value: 394459.9649187022.
[I 2025-01-03 22:16:20,148] Trial 21 finished with value: 418629.03218587884 and parameters: {'p_m': 0.10759757096390528, 'alpha': 1.2555030559765388, 'K': 15, 'beta': 0.6496505163131007}. Best is trial 14 with value: 394459.9649187022.
[I 2025-01-04 00:07:36,668] Trial 22 finished with value: 445006.6417649811 and parameters: {'p_m': 0.1552357662635746, 'alpha': 0.188705237738928, 'K': 15, 'beta': 0.3144226181781604}. Best is trial 14 with value: 394459.9649187022.
[I 2025-01-04 01:52:13,688] Trial 23 finished with value: 460235.1591994503 and parameters: {'p_m': 0.20963865128085976, 'alpha': 1.0797450571746618, 'K': 15, 'beta': 0.1615456226739423}. Best is trial 14 with value: 394459.9649187022.
[I 2025-01-04 03:29:54,049] Trial 24 finished with value: 1100764.6286400282 and parameters: {'p_m': 0.3003878346547234, 'alpha': 2.522486776891248, 'K': 15, 'beta': 2.403631287862269}. Best is trial 14 with value: 394459.9649187022.
[I 2025-01-04 04:05:23,910] Trial 25 finished with value: 1040785.6144237586 and parameters: {'p_m': 0.1825429883896186, 'alpha': 1.5267964514027466, 'K': 3, 'beta': 3.157712730122191}. Best is trial 14 with value: 394459.9649187022.
[I 2025-01-04 05:35:02,257] Trial 26 finished with value: 605725.7188012165 and parameters: {'p_m': 0.4207321982863639, 'alpha': 0.15447979011981938, 'K': 15, 'beta': 1.224374995175531}. Best is trial 14 with value: 394459.9649187022.
[I 2025-01-04 07:01:40,160] Trial 27 finished with value: 558279.6783047656 and parameters: {'p_m': 0.18410941486910293, 'alpha': 1.082846273485248, 'K': 10, 'beta': 1.2815120427263826}. Best is trial 14 with value: 394459.9649187022.
[I 2025-01-04 07:23:22,808] Trial 28 finished with value: 1301936.6359720803 and parameters: {'p_m': 0.27424438624837005, 'alpha': 2.147261604077394, 'K': 2, 'beta': 2.0951373533557924}. Best is trial 14 with value: 394459.9649187022.
[I 2025-01-04 07:54:05,450] Trial 29 finished with value: 758948.0202905887 and parameters: {'p_m': 0.4730463080191503, 'alpha': 1.7966047666717322, 'K': 3, 'beta': 0.9111619339932664}. Best is trial 14 with value: 394459.9649187022.
[I 2025-01-04 08:28:26,593] Trial 30 finished with value: 970573.2007496462 and parameters: {'p_m': 0.5881738174490545, 'alpha': 3.275683479175315, 'K': 3, 'beta': 4.075648693787459}. Best is trial 14 with value: 394459.9649187022.
[I 2025-01-04 10:16:57,054] Trial 31 finished with value: 489700.612081465 and parameters: {'p_m': 0.1172411947574089, 'alpha': 1.0164556584808275, 'K': 15, 'beta': 0.13286198940702038}. Best is trial 14 with value: 394459.9649187022.
[I 2025-01-04 12:11:52,772] Trial 32 finished with value: 424392.96540065063 and parameters: {'p_m': 0.1004007597343879, 'alpha': 1.4961852580128074, 'K': 15, 'beta': 0.852644505269213}. Best is trial 14 with value: 394459.9649187022.
[I 2025-01-04 14:03:31,813] Trial 33 finished with value: 642813.7790274359 and parameters: {'p_m': 0.16652326554481878, 'alpha': 0.9328720030454187, 'K': 15, 'beta': 1.6698567392284098}. Best is trial 14 with value: 394459.9649187022.
[I 2025-01-04 15:50:42,980] Trial 34 finished with value: 517059.469172056 and parameters: {'p_m': 0.23027624899856808, 'alpha': 2.600771336513055, 'K': 15, 'beta': 0.6987957241614886}. Best is trial 14 with value: 394459.9649187022.
[I 2025-01-04 16:13:06,877] Trial 35 finished with value: 1092854.0591648787 and parameters: {'p_m': 0.8210992702195814, 'alpha': 1.2757910341174847, 'K': 2, 'beta': 2.439174146852743}. Best is trial 14 with value: 394459.9649187022.
[I 2025-01-04 17:27:24,523] Trial 36 finished with value: 604380.8674061612 and parameters: {'p_m': 0.33310958782240696, 'alpha': 5.735523532788533, 'K': 10, 'beta': 0.6454677360933525}. Best is trial 14 with value: 394459.9649187022.
[I 2025-01-04 19:22:39,096] Trial 37 finished with value: 442249.6022289274 and parameters: {'p_m': 0.10108041674344426, 'alpha': 2.1978432442456137, 'K': 15, 'beta': 0.10411275199852435}. Best is trial 14 with value: 394459.9649187022.
[I 2025-01-04 21:17:32,802] Trial 38 finished with value: 680879.339812385 and parameters: {'p_m': 0.7070573351475451, 'alpha': 4.554287402418413, 'K': 15, 'beta': 2.880343887117393}. Best is trial 14 with value: 394459.9649187022.
[I 2025-01-04 23:15:07,977] Trial 39 finished with value: 1424959.1156283144 and parameters: {'p_m': 0.19218445366929993, 'alpha': 0.7335088199859958, 'K': 20, 'beta': 5.170634325047216}. Best is trial 14 with value: 394459.9649187022.
[I 2025-01-05 00:03:59,338] Trial 40 finished with value: 687697.535969357 and parameters: {'p_m': 0.6408329842821202, 'alpha': 0.6576814517705719, 'K': 5, 'beta': 1.4718528222650837}. Best is trial 14 with value: 394459.9649187022.
[I 2025-01-05 02:00:42,734] Trial 41 finished with value: 412606.2662727648 and parameters: {'p_m': 0.10012243947201172, 'alpha': 1.5694259010968556, 'K': 15, 'beta': 0.886735888342867}. Best is trial 14 with value: 394459.9649187022.
[I 2025-01-05 03:50:10,170] Trial 42 finished with value: 454642.74853678595 and parameters: {'p_m': 0.1524846045609662, 'alpha': 1.9154359340190004, 'K': 15, 'beta': 0.8836645818116826}. Best is trial 14 with value: 394459.9649187022.
[I 2025-01-05 05:37:57,555] Trial 43 finished with value: 477328.264249679 and parameters: {'p_m': 0.12864169813505086, 'alpha': 0.6068028564293413, 'K': 15, 'beta': 0.5582871603241906}. Best is trial 14 with value: 394459.9649187022.
[I 2025-01-05 07:06:11,164] Trial 44 finished with value: 563570.6359226339 and parameters: {'p_m': 0.2271732690874508, 'alpha': 1.4188498840310975, 'K': 10, 'beta': 1.13270648216894}. Best is trial 14 with value: 394459.9649187022.
[I 2025-01-05 08:54:42,042] Trial 45 finished with value: 693781.2680480694 and parameters: {'p_m': 0.7575110917710812, 'alpha': 2.8459048002319935, 'K': 15, 'beta': 2.015045633557739}. Best is trial 14 with value: 394459.9649187022.
srun: Job step aborted: Waiting up to 32 seconds for job step to finish.
slurmstepd: error: *** STEP 944480.0 ON stud-000 CANCELLED AT 2025-01-05T10:51:59 ***
srun: error: stud-000: task 0: Killed
