[I 2025-01-04 11:01:45,023] Using an existing study with name 'VIME_MIP' instead of creating a new one.
[I 2025-01-04 11:07:04,040] Trial 20 finished with value: 75434115.68203416 and parameters: {'p_m': 0.10284033363378517, 'alpha': 4.425385612283862, 'K': 10, 'beta': 2.6243556971619446}. Best is trial 10 with value: 44740130.109251626.
[I 2025-01-04 11:11:09,482] Trial 21 finished with value: 55843802.8019013 and parameters: {'p_m': 0.7862115377047016, 'alpha': 3.2505931501413143, 'K': 5, 'beta': 0.3701987917036318}. Best is trial 10 with value: 44740130.109251626.
[I 2025-01-04 11:15:15,214] Trial 22 finished with value: 47493283.742217615 and parameters: {'p_m': 0.6897603464169917, 'alpha': 1.6284380076848948, 'K': 5, 'beta': 0.2014781208113319}. Best is trial 10 with value: 44740130.109251626.
[I 2025-01-04 11:19:22,535] Trial 23 finished with value: 74840212.66267526 and parameters: {'p_m': 0.6583130701576686, 'alpha': 1.2115211428030275, 'K': 5, 'beta': 1.0536639678352078}. Best is trial 10 with value: 44740130.109251626.
[I 2025-01-04 11:23:29,335] Trial 24 finished with value: 86131687.77419117 and parameters: {'p_m': 0.820086235435169, 'alpha': 1.3826004443783066, 'K': 5, 'beta': 2.1564306574263163}. Best is trial 10 with value: 44740130.109251626.
[I 2025-01-04 11:27:08,330] Trial 25 finished with value: 159178131.12310266 and parameters: {'p_m': 0.6974175762766288, 'alpha': 2.542018916763009, 'K': 3, 'beta': 3.7139234719439886}. Best is trial 10 with value: 44740130.109251626.
[I 2025-01-04 11:34:54,336] Trial 26 finished with value: 72249634.11573905 and parameters: {'p_m': 0.5900382401686936, 'alpha': 4.357355372849118, 'K': 20, 'beta': 0.8041788363229839}. Best is trial 10 with value: 44740130.109251626.
[I 2025-01-04 11:41:29,616] Trial 27 finished with value: 49001348.190679505 and parameters: {'p_m': 0.7467203297614585, 'alpha': 1.4772052428887132, 'K': 15, 'beta': 0.1488423261510947}. Best is trial 10 with value: 44740130.109251626.
[I 2025-01-04 11:44:51,494] Trial 28 finished with value: 78258444.78124693 and parameters: {'p_m': 0.23608929117931793, 'alpha': 2.9409064183012226, 'K': 2, 'beta': 1.541459708609004}. Best is trial 10 with value: 44740130.109251626.
[I 2025-01-04 11:48:14,825] Trial 29 finished with value: 230075320.3439439 and parameters: {'p_m': 0.5051349830569244, 'alpha': 6.237584669984148, 'K': 2, 'beta': 4.348072614217003}. Best is trial 10 with value: 44740130.109251626.
[I 2025-01-04 11:52:23,699] Trial 30 finished with value: 298115081.7539366 and parameters: {'p_m': 0.647459412701519, 'alpha': 7.880695531308318, 'K': 5, 'beta': 7.3583244712274976}. Best is trial 10 with value: 44740130.109251626.
[I 2025-01-04 11:59:01,187] Trial 31 finished with value: 51242647.22889816 and parameters: {'p_m': 0.7496977065771512, 'alpha': 1.5278203532165615, 'K': 15, 'beta': 0.27515040979694694}. Best is trial 10 with value: 44740130.109251626.
[I 2025-01-04 12:05:36,538] Trial 32 finished with value: 52620583.17191916 and parameters: {'p_m': 0.8134000270725718, 'alpha': 1.3167481011742763, 'K': 15, 'beta': 0.6805443027653949}. Best is trial 10 with value: 44740130.109251626.
[I 2025-01-04 12:12:15,333] Trial 33 finished with value: 111514169.3189096 and parameters: {'p_m': 0.7215814097526543, 'alpha': 8.90685419480181, 'K': 15, 'beta': 2.5635596789725983}. Best is trial 10 with value: 44740130.109251626.
[I 2025-01-04 12:15:54,547] Trial 34 finished with value: 92027612.52137336 and parameters: {'p_m': 0.5839624514951841, 'alpha': 3.861062945202139, 'K': 3, 'beta': 1.4252798995721656}. Best is trial 10 with value: 44740130.109251626.
[I 2025-01-04 12:22:34,209] Trial 35 finished with value: 47412590.12056409 and parameters: {'p_m': 0.636447331315461, 'alpha': 1.8231448874170904, 'K': 15, 'beta': 0.148598829022818}. Best is trial 10 with value: 44740130.109251626.
[I 2025-01-04 12:27:58,702] Trial 36 finished with value: 382300526.0926662 and parameters: {'p_m': 0.453033460337622, 'alpha': 4.935389563030144, 'K': 10, 'beta': 9.758944300175633}. Best is trial 10 with value: 44740130.109251626.
[I 2025-01-04 12:31:22,884] Trial 37 finished with value: 73062290.05239175 and parameters: {'p_m': 0.48751593556198536, 'alpha': 2.5821331880507734, 'K': 2, 'beta': 0.8285905712430184}. Best is trial 10 with value: 44740130.109251626.
[I 2025-01-04 12:35:02,130] Trial 38 finished with value: 112255245.93313572 and parameters: {'p_m': 0.5561396034873455, 'alpha': 0.3463362267785106, 'K': 3, 'beta': 2.0144678699088363}. Best is trial 10 with value: 44740130.109251626.
[I 2025-01-04 12:42:55,994] Trial 39 finished with value: 129550014.95562229 and parameters: {'p_m': 0.6193443271359063, 'alpha': 5.85861485270784, 'K': 20, 'beta': 2.983676815763656}. Best is trial 10 with value: 44740130.109251626.
[I 2025-01-04 12:47:04,237] Trial 40 finished with value: 82295731.60681193 and parameters: {'p_m': 0.655560747993923, 'alpha': 4.869304545793268, 'K': 5, 'beta': 1.4440014431674872}. Best is trial 10 with value: 44740130.109251626.
[I 2025-01-04 12:53:40,908] Trial 41 finished with value: 47395487.14733778 and parameters: {'p_m': 0.7193181348975651, 'alpha': 0.8427267114842532, 'K': 15, 'beta': 0.2111944663519935}. Best is trial 10 with value: 44740130.109251626.
[I 2025-01-04 13:00:15,705] Trial 42 finished with value: 54114770.21629369 and parameters: {'p_m': 0.6813829295682812, 'alpha': 0.10417972207712367, 'K': 15, 'beta': 0.5654990815915465}. Best is trial 10 with value: 44740130.109251626.
[I 2025-01-04 13:06:51,445] Trial 43 finished with value: 66461285.5926611 and parameters: {'p_m': 0.8343722269432158, 'alpha': 0.8488897436349724, 'K': 15, 'beta': 0.6747960335879306}. Best is trial 10 with value: 44740130.109251626.
[I 2025-01-04 13:13:29,361] Trial 44 finished with value: 44071607.282190815 and parameters: {'p_m': 0.7794279826211139, 'alpha': 1.8600788537267146, 'K': 15, 'beta': 0.10940866298283723}. Best is trial 44 with value: 44071607.282190815.
[I 2025-01-04 13:20:02,654] Trial 45 finished with value: 47387409.82314811 and parameters: {'p_m': 0.8943786970240672, 'alpha': 0.8953945876251455, 'K': 15, 'beta': 0.16550573859307954}. Best is trial 44 with value: 44071607.282190815.
[I 2025-01-04 13:26:35,534] Trial 46 finished with value: 72114410.65210699 and parameters: {'p_m': 0.8959580506912899, 'alpha': 0.8844935146000505, 'K': 15, 'beta': 1.1706883296747235}. Best is trial 44 with value: 44071607.282190815.
[I 2025-01-04 13:33:11,320] Trial 47 finished with value: 77420958.28810444 and parameters: {'p_m': 0.8533863770295878, 'alpha': 1.8367094328816136, 'K': 15, 'beta': 1.6623467182371696}. Best is trial 44 with value: 44071607.282190815.
[I 2025-01-04 13:39:48,072] Trial 48 finished with value: 155667524.3445967 and parameters: {'p_m': 0.7923511948747032, 'alpha': 0.8978813998270495, 'K': 15, 'beta': 6.803443655952555}. Best is trial 44 with value: 44071607.282190815.
[I 2025-01-04 13:46:23,218] Trial 49 finished with value: 89022108.15631793 and parameters: {'p_m': 0.873687900121653, 'alpha': 2.151564978666659, 'K': 15, 'beta': 2.1363760334272306}. Best is trial 44 with value: 44071607.282190815.
[I 2025-01-04 13:52:59,837] Trial 50 finished with value: 76605290.05670986 and parameters: {'p_m': 0.7680325064782497, 'alpha': 2.7940157779185992, 'K': 15, 'beta': 1.2054107563435335}. Best is trial 44 with value: 44071607.282190815.
[I 2025-01-04 13:59:32,475] Trial 51 finished with value: 51263872.690471955 and parameters: {'p_m': 0.7127435278779546, 'alpha': 1.9360601966437345, 'K': 15, 'beta': 0.11524298324723327}. Best is trial 44 with value: 44071607.282190815.
[I 2025-01-04 14:06:05,541] Trial 52 finished with value: 55903279.76783198 and parameters: {'p_m': 0.36041064284782215, 'alpha': 0.5072384027136629, 'K': 15, 'beta': 0.5627521196970038}. Best is trial 44 with value: 44071607.282190815.
[I 2025-01-04 14:11:27,952] Trial 53 finished with value: 55310394.74065398 and parameters: {'p_m': 0.6295569266849924, 'alpha': 1.7162156561838393, 'K': 10, 'beta': 0.1106429642483906}. Best is trial 44 with value: 44071607.282190815.
[I 2025-01-04 14:15:35,502] Trial 54 finished with value: 53670918.8908156 and parameters: {'p_m': 0.7964510224648413, 'alpha': 1.205290120489257, 'K': 5, 'beta': 0.5053911777082302}. Best is trial 44 with value: 44071607.282190815.
[I 2025-01-04 14:22:11,130] Trial 55 finished with value: 66360288.6746528 and parameters: {'p_m': 0.8530538777130406, 'alpha': 2.432792841935555, 'K': 15, 'beta': 1.0291952628803234}. Best is trial 44 with value: 44071607.282190815.
[I 2025-01-04 14:26:19,760] Trial 56 finished with value: 64664272.44664951 and parameters: {'p_m': 0.30631002271252095, 'alpha': 1.0655856972027373, 'K': 5, 'beta': 0.8338369752933854}. Best is trial 44 with value: 44071607.282190815.
[I 2025-01-04 14:32:57,738] Trial 57 finished with value: 93580162.24969916 and parameters: {'p_m': 0.6829247272418275, 'alpha': 3.2944070827463205, 'K': 15, 'beta': 1.7807031748980626}. Best is trial 44 with value: 44071607.282190815.
[I 2025-01-04 14:40:39,307] Trial 58 finished with value: 50338044.91211747 and parameters: {'p_m': 0.759607242563705, 'alpha': 0.5912832095767292, 'K': 20, 'beta': 0.3702012047497386}. Best is trial 44 with value: 44071607.282190815.
[I 2025-01-04 14:44:48,312] Trial 59 finished with value: 102266608.58874433 and parameters: {'p_m': 0.733024297071531, 'alpha': 2.248001082385189, 'K': 5, 'beta': 2.3709906338049036}. Best is trial 44 with value: 44071607.282190815.
[I 2025-01-04 14:51:24,668] Trial 60 finished with value: 194138320.55274886 and parameters: {'p_m': 0.21664546831391576, 'alpha': 0.10031765208347532, 'K': 15, 'beta': 5.047357870283165}. Best is trial 44 with value: 44071607.282190815.
[I 2025-01-04 14:54:47,595] Trial 61 finished with value: 82630951.79311782 and parameters: {'p_m': 0.5524225961531328, 'alpha': 3.697999282802534, 'K': 2, 'beta': 1.1418623538640063}. Best is trial 44 with value: 44071607.282190815.
[I 2025-01-04 14:58:11,165] Trial 62 finished with value: 56859143.048934534 and parameters: {'p_m': 0.3968440564094538, 'alpha': 1.586282721858384, 'K': 2, 'beta': 0.5117174574227439}. Best is trial 44 with value: 44071607.282190815.
[I 2025-01-04 15:02:18,959] Trial 63 finished with value: 64219380.01292552 and parameters: {'p_m': 0.6958635478469852, 'alpha': 1.8594443422913935, 'K': 5, 'beta': 0.8756983217147365}. Best is trial 44 with value: 44071607.282190815.
[I 2025-01-04 15:07:38,901] Trial 64 finished with value: 48400111.00965067 and parameters: {'p_m': 0.6718026178036592, 'alpha': 2.955494196353572, 'K': 10, 'beta': 0.17852238714289337}. Best is trial 44 with value: 44071607.282190815.
[I 2025-01-04 15:13:01,904] Trial 65 finished with value: 54350294.05080309 and parameters: {'p_m': 0.59961945667143, 'alpha': 2.710820542240681, 'K': 10, 'beta': 0.3696595739512524}. Best is trial 44 with value: 44071607.282190815.
[I 2025-01-04 15:18:15,484] Trial 66 finished with value: 49384691.97070115 and parameters: {'p_m': 0.6667886496609216, 'alpha': 3.072415986296686, 'K': 10, 'beta': 0.12285737633504}. Best is trial 44 with value: 44071607.282190815.
[I 2025-01-04 15:23:37,565] Trial 67 finished with value: 80094433.47307992 and parameters: {'p_m': 0.638723471250337, 'alpha': 2.161838823291406, 'K': 10, 'beta': 1.205438321834954}. Best is trial 44 with value: 44071607.282190815.
[I 2025-01-04 15:27:16,378] Trial 68 finished with value: 84757731.76209067 and parameters: {'p_m': 0.7076828401943924, 'alpha': 1.1191819168969608, 'K': 3, 'beta': 1.4053656273062867}. Best is trial 44 with value: 44071607.282190815.
[I 2025-01-04 15:32:33,300] Trial 69 finished with value: 62677324.58645117 and parameters: {'p_m': 0.7391068269261968, 'alpha': 1.5811214418696504, 'K': 10, 'beta': 0.8036773058133684}. Best is trial 44 with value: 44071607.282190815.
[I 2025-01-04 15:36:43,050] Trial 70 finished with value: 60022613.73858802 and parameters: {'p_m': 0.5576902421814762, 'alpha': 4.023611407767408, 'K': 5, 'beta': 0.383294558671325}. Best is trial 44 with value: 44071607.282190815.
[I 2025-01-04 15:40:01,046] Trial 71 finished with value: 64425373.21593747 and parameters: {'p_m': 0.7796374509187721, 'alpha': 2.439994825523031, 'K': 2, 'beta': 0.6493845812049113}. Best is trial 44 with value: 44071607.282190815.
[I 2025-01-04 15:46:39,050] Trial 72 finished with value: 53152749.73929183 and parameters: {'p_m': 0.678510696279085, 'alpha': 3.6320525477593746, 'K': 15, 'beta': 0.3409356216623978}. Best is trial 44 with value: 44071607.282190815.
[I 2025-01-04 15:50:03,530] Trial 73 finished with value: 361136743.9541788 and parameters: {'p_m': 0.8165679577763083, 'alpha': 0.6888393894034746, 'K': 2, 'beta': 8.51442062633553}. Best is trial 44 with value: 44071607.282190815.
[I 2025-01-04 15:57:57,663] Trial 74 finished with value: 46494197.74565695 and parameters: {'p_m': 0.6093943615807679, 'alpha': 3.0406311987648476, 'K': 20, 'beta': 0.10703440134587941}. Best is trial 44 with value: 44071607.282190815.
[I 2025-01-04 16:05:53,057] Trial 75 finished with value: 51924645.26713735 and parameters: {'p_m': 0.5773597987416006, 'alpha': 3.045936502050171, 'K': 20, 'beta': 0.12316550806713371}. Best is trial 44 with value: 44071607.282190815.
[I 2025-01-04 16:13:47,511] Trial 76 finished with value: 77439958.659781 and parameters: {'p_m': 0.6005224904193217, 'alpha': 3.464317810324178, 'K': 20, 'beta': 0.9674098934317141}. Best is trial 44 with value: 44071607.282190815.
[I 2025-01-04 16:21:41,737] Trial 77 finished with value: 163968057.4276659 and parameters: {'p_m': 0.6211757994264924, 'alpha': 9.58214462190848, 'K': 20, 'beta': 3.7897596792810893}. Best is trial 44 with value: 44071607.282190815.
[I 2025-01-04 16:29:35,324] Trial 78 finished with value: 89478785.61663179 and parameters: {'p_m': 0.6485380002939192, 'alpha': 1.3353853589102804, 'K': 20, 'beta': 1.717283513623065}. Best is trial 44 with value: 44071607.282190815.
[I 2025-01-04 16:36:16,693] Trial 79 finished with value: 60955743.13232019 and parameters: {'p_m': 0.5316295810335976, 'alpha': 1.7168193917590797, 'K': 15, 'beta': 0.6125425863457726}. Best is trial 44 with value: 44071607.282190815.
[I 2025-01-04 16:40:24,811] Trial 80 finished with value: 61345980.149187826 and parameters: {'p_m': 0.12193574677562821, 'alpha': 2.7951455581624813, 'K': 5, 'beta': 1.300353972361059}. Best is trial 44 with value: 44071607.282190815.
[I 2025-01-04 16:46:59,627] Trial 81 finished with value: 49311156.19875414 and parameters: {'p_m': 0.7056383960407908, 'alpha': 4.652505216456511, 'K': 15, 'beta': 0.32705063172853444}. Best is trial 44 with value: 44071607.282190815.
[I 2025-01-04 16:52:07,628] Trial 82 finished with value: 73951584.2732495 and parameters: {'p_m': 0.759817312168446, 'alpha': 5.708047774574982, 'K': 10, 'beta': 0.9090907997818871}. Best is trial 44 with value: 44071607.282190815.
[I 2025-01-04 16:55:46,099] Trial 83 finished with value: 66294107.985316455 and parameters: {'p_m': 0.7313866723376221, 'alpha': 7.32393516985627, 'K': 3, 'beta': 0.6080968590155077}. Best is trial 44 with value: 44071607.282190815.
[I 2025-01-04 17:02:24,569] Trial 84 finished with value: 52388244.02959557 and parameters: {'p_m': 0.6638826969743403, 'alpha': 5.377332599298579, 'K': 15, 'beta': 0.43457973708880454}. Best is trial 44 with value: 44071607.282190815.
[I 2025-01-04 17:06:29,848] Trial 85 finished with value: 43288529.297668636 and parameters: {'p_m': 0.687654572420465, 'alpha': 4.072497657233777, 'K': 5, 'beta': 0.15916904884042046}. Best is trial 85 with value: 43288529.297668636.
[I 2025-01-04 17:10:38,120] Trial 86 finished with value: 63613122.25590618 and parameters: {'p_m': 0.614200698843994, 'alpha': 3.9976405718583607, 'K': 5, 'beta': 0.6934728081730226}. Best is trial 85 with value: 43288529.297668636.
[I 2025-01-04 17:14:46,858] Trial 87 finished with value: 80222553.30876207 and parameters: {'p_m': 0.6947735601567764, 'alpha': 2.0303346019885455, 'K': 5, 'beta': 0.9867986569732129}. Best is trial 85 with value: 43288529.297668636.
[I 2025-01-04 17:18:56,202] Trial 88 finished with value: 51869043.79605104 and parameters: {'p_m': 0.48963277078968975, 'alpha': 3.1612435963336303, 'K': 5, 'beta': 0.27791342665462887}. Best is trial 85 with value: 43288529.297668636.
[I 2025-01-04 17:23:04,602] Trial 89 finished with value: 45304529.660056554 and parameters: {'p_m': 0.8323842064134415, 'alpha': 2.660681950503943, 'K': 5, 'beta': 0.2002565815061366}. Best is trial 85 with value: 43288529.297668636.
[I 2025-01-04 17:27:13,072] Trial 90 finished with value: 77016141.4209405 and parameters: {'p_m': 0.876696945505225, 'alpha': 2.580809544494638, 'K': 5, 'beta': 1.589648368096136}. Best is trial 85 with value: 43288529.297668636.
[I 2025-01-04 17:31:20,155] Trial 91 finished with value: 55902236.70621948 and parameters: {'p_m': 0.8428401022964281, 'alpha': 2.2910583531449937, 'K': 5, 'beta': 0.16275808141734155}. Best is trial 85 with value: 43288529.297668636.
[I 2025-01-04 17:35:28,795] Trial 92 finished with value: 48629416.402726375 and parameters: {'p_m': 0.7995194019004216, 'alpha': 3.481702563358274, 'K': 5, 'beta': 0.1132016470043995}. Best is trial 85 with value: 43288529.297668636.
[I 2025-01-04 17:39:32,463] Trial 93 finished with value: 58410422.57470442 and parameters: {'p_m': 0.8664392404228826, 'alpha': 2.82370603875507, 'K': 5, 'beta': 0.49206584044486135}. Best is trial 85 with value: 43288529.297668636.
[I 2025-01-04 17:46:08,248] Trial 94 finished with value: 57397108.86294212 and parameters: {'p_m': 0.8293995237614544, 'alpha': 0.9743375420171309, 'K': 15, 'beta': 0.7175166734974701}. Best is trial 85 with value: 43288529.297668636.
[I 2025-01-04 17:53:56,938] Trial 95 finished with value: 62556569.43758549 and parameters: {'p_m': 0.8115079089907469, 'alpha': 1.4046641805729616, 'K': 20, 'beta': 0.38314178732225485}. Best is trial 85 with value: 43288529.297668636.
[I 2025-01-04 17:58:05,881] Trial 96 finished with value: 73936037.8266345 and parameters: {'p_m': 0.7496069384266018, 'alpha': 4.211455461969454, 'K': 5, 'beta': 0.9465138042000073}. Best is trial 85 with value: 43288529.297668636.
[I 2025-01-04 18:04:42,777] Trial 97 finished with value: 213306188.54972872 and parameters: {'p_m': 0.18574028267021128, 'alpha': 1.8894538635994156, 'K': 15, 'beta': 6.379120626488943}. Best is trial 85 with value: 43288529.297668636.
[I 2025-01-04 18:08:51,080] Trial 98 finished with value: 72561045.94252953 and parameters: {'p_m': 0.7760487268929148, 'alpha': 2.517541667799484, 'K': 5, 'beta': 1.0623314569626818}. Best is trial 85 with value: 43288529.297668636.
[I 2025-01-04 18:14:11,989] Trial 99 finished with value: 82379085.19824581 and parameters: {'p_m': 0.7240779046913243, 'alpha': 0.30732980195255144, 'K': 10, 'beta': 1.330485890179845}. Best is trial 85 with value: 43288529.297668636.
[I 2025-01-04 18:20:51,255] Trial 100 finished with value: 71015741.9325235 and parameters: {'p_m': 0.6567736676254878, 'alpha': 3.283918590947215, 'K': 15, 'beta': 0.7408202742266297}. Best is trial 85 with value: 43288529.297668636.
[I 2025-01-04 18:24:16,649] Trial 101 finished with value: 58179601.145697676 and parameters: {'p_m': 0.6369539380554486, 'alpha': 4.682462893489828, 'K': 2, 'beta': 0.287977370710947}. Best is trial 85 with value: 43288529.297668636.
[I 2025-01-04 18:28:23,821] Trial 102 finished with value: 50581429.16223277 and parameters: {'p_m': 0.8979092997727792, 'alpha': 5.136376785991837, 'K': 5, 'beta': 0.5250690664850264}. Best is trial 85 with value: 43288529.297668636.
[I 2025-01-04 18:31:45,023] Trial 103 finished with value: 45397702.738739 and parameters: {'p_m': 0.6757221838706263, 'alpha': 2.0856762193196157, 'K': 2, 'beta': 0.2413653966758431}. Best is trial 85 with value: 43288529.297668636.
[I 2025-01-04 18:38:21,990] Trial 104 finished with value: 56808807.656168684 and parameters: {'p_m': 0.6805680302689633, 'alpha': 2.0253830910821913, 'K': 15, 'beta': 0.257508969365682}. Best is trial 85 with value: 43288529.297668636.
[I 2025-01-04 18:41:44,656] Trial 105 finished with value: 71165595.1793451 and parameters: {'p_m': 0.6694455977652612, 'alpha': 1.6750399800581979, 'K': 2, 'beta': 0.5500165950338389}. Best is trial 85 with value: 43288529.297668636.
[I 2025-01-04 18:45:23,404] Trial 106 finished with value: 42448543.85242422 and parameters: {'p_m': 0.6964578091544851, 'alpha': 0.7598971243600334, 'K': 3, 'beta': 0.1211541995713651}. Best is trial 106 with value: 42448543.85242422.
[I 2025-01-04 18:49:01,721] Trial 107 finished with value: 69029631.13847956 and parameters: {'p_m': 0.7429486390646795, 'alpha': 0.768707870742102, 'K': 3, 'beta': 0.8528345654533707}. Best is trial 106 with value: 42448543.85242422.
[I 2025-01-04 18:52:41,555] Trial 108 finished with value: 45477634.12862106 and parameters: {'p_m': 0.6954050194529805, 'alpha': 1.0892416748217002, 'K': 3, 'beta': 0.11348327395586377}. Best is trial 106 with value: 42448543.85242422.
[I 2025-01-04 18:56:21,383] Trial 109 finished with value: 177450598.96054414 and parameters: {'p_m': 0.7174480280004855, 'alpha': 0.5010003348031742, 'K': 3, 'beta': 4.813859185234836}. Best is trial 106 with value: 42448543.85242422.
[I 2025-01-04 19:00:00,462] Trial 110 finished with value: 58290812.635927245 and parameters: {'p_m': 0.7020538827449181, 'alpha': 1.0712278574249607, 'K': 3, 'beta': 0.3932190757796611}. Best is trial 106 with value: 42448543.85242422.
[I 2025-01-04 19:03:40,422] Trial 111 finished with value: 49476343.91138541 and parameters: {'p_m': 0.6877554064842192, 'alpha': 1.2574074704727027, 'K': 3, 'beta': 0.13004097283973756}. Best is trial 106 with value: 42448543.85242422.
[I 2025-01-04 19:07:18,762] Trial 112 finished with value: 51209781.52458225 and parameters: {'p_m': 0.2957679075969086, 'alpha': 1.4277939248378255, 'K': 3, 'beta': 0.10049612879668651}. Best is trial 106 with value: 42448543.85242422.
