[I 2024-12-27 20:55:38,051] A new study created in RDB with name: VIME_MIP
[I 2024-12-27 20:59:08,196] Trial 0 finished with value: 346530331.9066886 and parameters: {'p_m': 0.4534905509768563, 'alpha': 8.605609774777351, 'K': 2, 'beta': 7.396379220014842}. Best is trial 0 with value: 346530331.9066886.
[I 2024-12-27 21:02:58,279] Trial 1 finished with value: 397988699.98826945 and parameters: {'p_m': 0.524748332117765, 'alpha': 9.82403691925154, 'K': 3, 'beta': 9.781756008799045}. Best is trial 0 with value: 346530331.9066886.
[I 2024-12-27 21:06:22,971] Trial 2 finished with value: 48444357.863830395 and parameters: {'p_m': 0.7226008182449111, 'alpha': 4.905197482268645, 'K': 2, 'beta': 0.20388394511393054}. Best is trial 2 with value: 48444357.863830395.
[I 2024-12-27 21:11:58,615] Trial 3 finished with value: 164792259.9146816 and parameters: {'p_m': 0.3004780897909141, 'alpha': 5.274721870994509, 'K': 10, 'beta': 3.4828600818413205}. Best is trial 2 with value: 48444357.863830395.
[I 2024-12-27 21:15:48,119] Trial 4 finished with value: 392546376.68468285 and parameters: {'p_m': 0.6143487201177342, 'alpha': 5.413102707161546, 'K': 3, 'beta': 8.932324483193009}. Best is trial 2 with value: 48444357.863830395.
[I 2024-12-27 21:21:24,053] Trial 5 finished with value: 202715738.25429907 and parameters: {'p_m': 0.426688056646482, 'alpha': 0.6497161646955149, 'K': 10, 'beta': 4.259673302395703}. Best is trial 2 with value: 48444357.863830395.
[I 2024-12-27 21:24:50,692] Trial 6 finished with value: 330835611.74186146 and parameters: {'p_m': 0.33858361401339787, 'alpha': 3.6756226250272643, 'K': 2, 'beta': 8.025074344205747}. Best is trial 2 with value: 48444357.863830395.
[I 2024-12-27 21:33:08,412] Trial 7 finished with value: 266260971.9898197 and parameters: {'p_m': 0.36353530043237303, 'alpha': 0.3144170259117467, 'K': 20, 'beta': 6.083888323741682}. Best is trial 2 with value: 48444357.863830395.
[I 2024-12-27 21:41:21,298] Trial 8 finished with value: 91130851.01704018 and parameters: {'p_m': 0.853133374827887, 'alpha': 5.549246010978087, 'K': 20, 'beta': 2.706245630275575}. Best is trial 2 with value: 48444357.863830395.
[I 2024-12-27 21:44:50,407] Trial 9 finished with value: 261253088.8993848 and parameters: {'p_m': 0.40541872740252705, 'alpha': 0.6472941081684948, 'K': 2, 'beta': 5.150375921415551}. Best is trial 2 with value: 48444357.863830395.
[I 2024-12-27 21:49:08,221] Trial 10 finished with value: 44740130.109251626 and parameters: {'p_m': 0.12332388371214936, 'alpha': 2.737421663814868, 'K': 5, 'beta': 0.5676195428913663}. Best is trial 10 with value: 44740130.109251626.
[I 2024-12-27 21:53:21,380] Trial 11 finished with value: 51121777.569099545 and parameters: {'p_m': 0.16767377174491344, 'alpha': 3.038999158798978, 'K': 5, 'beta': 0.32590057369906855}. Best is trial 10 with value: 44740130.109251626.
[I 2024-12-27 21:57:40,353] Trial 12 finished with value: 50743275.88228709 and parameters: {'p_m': 0.7719908266662316, 'alpha': 3.4050180404621293, 'K': 5, 'beta': 0.11719386308548119}. Best is trial 10 with value: 44740130.109251626.
[I 2024-12-27 22:04:34,928] Trial 13 finished with value: 102822257.26924464 and parameters: {'p_m': 0.6827123165773752, 'alpha': 7.21271016012655, 'K': 15, 'beta': 1.8913447620799961}. Best is trial 10 with value: 44740130.109251626.
[I 2024-12-27 22:08:51,060] Trial 14 finished with value: 75246795.7648234 and parameters: {'p_m': 0.1460362146061452, 'alpha': 2.1348818017989277, 'K': 5, 'beta': 1.9507790479333402}. Best is trial 10 with value: 44740130.109251626.
[I 2024-12-27 22:15:48,708] Trial 15 finished with value: 95301570.97712603 and parameters: {'p_m': 0.5858511703043023, 'alpha': 6.628222111258756, 'K': 15, 'beta': 1.4812741967991816}. Best is trial 10 with value: 44740130.109251626.
[I 2024-12-27 22:19:16,054] Trial 16 finished with value: 63794220.36315169 and parameters: {'p_m': 0.24835365467004064, 'alpha': 4.2208901142896655, 'K': 2, 'beta': 0.8792474667793293}. Best is trial 10 with value: 44740130.109251626.
[I 2024-12-27 22:23:30,131] Trial 17 finished with value: 112054989.52168164 and parameters: {'p_m': 0.8887068136990636, 'alpha': 2.334434093370058, 'K': 5, 'beta': 3.2124080083395388}. Best is trial 10 with value: 44740130.109251626.
[I 2024-12-27 22:27:45,426] Trial 18 finished with value: 181303577.22716582 and parameters: {'p_m': 0.7303681772235207, 'alpha': 1.9745720657408845, 'K': 5, 'beta': 5.78879730025559}. Best is trial 10 with value: 44740130.109251626.
[I 2024-12-27 22:31:14,597] Trial 19 finished with value: 94411049.92827329 and parameters: {'p_m': 0.5213651272154807, 'alpha': 6.820822330198544, 'K': 2, 'beta': 1.1920928682838596}. Best is trial 10 with value: 44740130.109251626.
