[I 2025-03-27 09:40:29,584] Using an existing study with name 'VIME_Brazillian_Houses' instead of creating a new one.
../aten/src/ATen/native/cuda/Loss.cu:250: nll_loss_forward_reduce_cuda_kernel_2d: block: [0,0,0], thread: [30,0,0] Assertion `t >= 0 && t < n_classes` failed.
[W 2025-03-27 09:40:38,836] Trial 1 failed with parameters: {'p_m': 0.579292276216013, 'alpha': 2.798652820540567, 'K': 10, 'beta': 5.783148258363777} because of the following error: RuntimeError('CUDA error: device-side assert triggered\nCUDA kernel errors might be asynchronously reported at some other API call, so the stacktrace below might be incorrect.\nFor debugging consider passing CUDA_LAUNCH_BLOCKING=1.\nCompile with `TORCH_USE_CUDA_DSA` to enable device-side assertions.\n').
Traceback (most recent call last):
  File "/home/mburu/.local/lib/python3.8/site-packages/optuna/study/_optimize.py", line 197, in _run_trial
    value_or_values = func(trial)
  File "train.py", line 380, in __call__
    sc, time = cross_validation(model, self.X, self.y, args_cp, visual=False, save_model=False)#Dont save model during HPT
  File "train.py", line 275, in cross_validation
    loss_history, val_loss_history = curr_model.fit(X_train, y_train, X_test, y_test)  # X_val, y_val)
  File "/home/mburu/Master_Thesis/master-thesis-da/DNN_Trial/models/vime.py", line 56, in fit
    loss_history, val_loss_history, _ = self.fit_semi(X, y, X, X_val, y_val, p_m=self.params["p_m"],
  File "/home/mburu/Master_Thesis/master-thesis-da/DNN_Trial/models/vime.py", line 211, in fit_semi
    loss = y_loss + beta * yu_loss + penalty  # Add the penalty term
RuntimeError: CUDA error: device-side assert triggered
CUDA kernel errors might be asynchronously reported at some other API call, so the stacktrace below might be incorrect.
For debugging consider passing CUDA_LAUNCH_BLOCKING=1.
Compile with `TORCH_USE_CUDA_DSA` to enable device-side assertions.

[W 2025-03-27 09:40:38,837] Trial 1 failed with value None.
Traceback (most recent call last):
  File "train.py", line 439, in <module>
    main(arguments)
  File "train.py", line 402, in main
    study.optimize(Objective(args, model_name, X, y), n_trials=args.n_trials)
  File "/home/mburu/.local/lib/python3.8/site-packages/optuna/study/study.py", line 475, in optimize
    _optimize(
  File "/home/mburu/.local/lib/python3.8/site-packages/optuna/study/_optimize.py", line 63, in _optimize
    _optimize_sequential(
  File "/home/mburu/.local/lib/python3.8/site-packages/optuna/study/_optimize.py", line 160, in _optimize_sequential
    frozen_trial = _run_trial(study, func, catch)
  File "/home/mburu/.local/lib/python3.8/site-packages/optuna/study/_optimize.py", line 248, in _run_trial
    raise func_err
  File "/home/mburu/.local/lib/python3.8/site-packages/optuna/study/_optimize.py", line 197, in _run_trial
    value_or_values = func(trial)
  File "train.py", line 380, in __call__
    sc, time = cross_validation(model, self.X, self.y, args_cp, visual=False, save_model=False)#Dont save model during HPT
  File "train.py", line 275, in cross_validation
    loss_history, val_loss_history = curr_model.fit(X_train, y_train, X_test, y_test)  # X_val, y_val)
  File "/home/mburu/Master_Thesis/master-thesis-da/DNN_Trial/models/vime.py", line 56, in fit
    loss_history, val_loss_history, _ = self.fit_semi(X, y, X, X_val, y_val, p_m=self.params["p_m"],
  File "/home/mburu/Master_Thesis/master-thesis-da/DNN_Trial/models/vime.py", line 211, in fit_semi
    loss = y_loss + beta * yu_loss + penalty  # Add the penalty term
RuntimeError: CUDA error: device-side assert triggered
CUDA kernel errors might be asynchronously reported at some other API call, so the stacktrace below might be incorrect.
For debugging consider passing CUDA_LAUNCH_BLOCKING=1.
Compile with `TORCH_USE_CUDA_DSA` to enable device-side assertions.

srun: error: stud-000: task 0: Exited with exit code 1
[I 2025-03-27 09:40:43,556] Using an existing study with name 'VIME_Abalone' instead of creating a new one.
[I 2025-03-27 09:45:23,299] Trial 2 finished with value: 3.2526800000000002 and parameters: {'p_m': 0.6905041219714153, 'alpha': 2.1352794008342704, 'K': 2, 'beta': 1.157326077486521}. Best is trial 0 with value: 3.2672399999999997.
[I 2025-03-27 09:53:25,130] Trial 3 finished with value: 2.9551000000000003 and parameters: {'p_m': 0.4850039353011184, 'alpha': 9.739946057674654, 'K': 5, 'beta': 1.6644305245233249}. Best is trial 0 with value: 3.2672399999999997.
[I 2025-03-27 10:08:21,521] Trial 4 finished with value: 2.8878399999999997 and parameters: {'p_m': 0.19716198864620227, 'alpha': 9.383405662994031, 'K': 15, 'beta': 1.9405500157011166}. Best is trial 0 with value: 3.2672399999999997.
[I 2025-03-27 10:22:55,034] Trial 5 finished with value: 2.42474 and parameters: {'p_m': 0.46276549882050577, 'alpha': 1.7798130663604126, 'K': 20, 'beta': 7.8045711915495675}. Best is trial 0 with value: 3.2672399999999997.
[I 2025-03-27 10:31:58,225] Trial 6 finished with value: 2.5720199999999998 and parameters: {'p_m': 0.4245791297416619, 'alpha': 2.9608136611796017, 'K': 5, 'beta': 6.170823060451894}. Best is trial 0 with value: 3.2672399999999997.
[I 2025-03-27 10:44:32,670] Trial 7 finished with value: 2.9242800000000004 and parameters: {'p_m': 0.5895510997120288, 'alpha': 5.985392905092364, 'K': 10, 'beta': 4.183562801258397}. Best is trial 0 with value: 3.2672399999999997.
[I 2025-03-27 10:49:38,140] Trial 8 finished with value: 2.3739399999999997 and parameters: {'p_m': 0.48510806820457086, 'alpha': 7.343192935039053, 'K': 2, 'beta': 8.813705907353661}. Best is trial 0 with value: 3.2672399999999997.
[I 2025-03-27 11:00:33,831] Trial 9 finished with value: 2.90164 and parameters: {'p_m': 0.760693153550981, 'alpha': 0.9606808936095262, 'K': 15, 'beta': 8.322696427368923}. Best is trial 0 with value: 3.2672399999999997.
[I 2025-03-27 11:08:53,506] Trial 10 finished with value: 3.3334 and parameters: {'p_m': 0.8486070392780803, 'alpha': 6.664520903332803, 'K': 5, 'beta': 5.083790195403291}. Best is trial 10 with value: 3.3334.
[I 2025-03-27 11:12:49,923] Trial 11 finished with value: 3.2504999999999997 and parameters: {'p_m': 0.8756858975627569, 'alpha': 6.894131114192356, 'K': 3, 'beta': 5.087717126147876}. Best is trial 10 with value: 3.3334.
[I 2025-03-27 11:20:12,663] Trial 12 finished with value: 3.41244 and parameters: {'p_m': 0.884054494916382, 'alpha': 4.018992389463433, 'K': 5, 'beta': 3.454270652848612}. Best is trial 12 with value: 3.41244.
[I 2025-03-27 11:24:58,683] Trial 13 finished with value: 3.33818 and parameters: {'p_m': 0.8988116306720382, 'alpha': 4.527348790433638, 'K': 5, 'beta': 3.8797585044388727}. Best is trial 12 with value: 3.41244.
[I 2025-03-27 11:31:42,232] Trial 14 finished with value: 2.81442 and parameters: {'p_m': 0.6359007655691927, 'alpha': 4.484654528333014, 'K': 5, 'beta': 3.2791965986815517}. Best is trial 12 with value: 3.41244.
[I 2025-03-27 11:40:41,294] Trial 15 finished with value: 2.38618 and parameters: {'p_m': 0.27197488897939015, 'alpha': 4.6019883517512, 'K': 5, 'beta': 6.4014651115487045}. Best is trial 12 with value: 3.41244.
[I 2025-03-27 11:51:04,664] Trial 16 finished with value: 3.33594 and parameters: {'p_m': 0.8949118526695936, 'alpha': 5.294092410518794, 'K': 20, 'beta': 3.4989882190885213}. Best is trial 12 with value: 3.41244.
[I 2025-03-27 11:54:36,446] Trial 17 finished with value: 3.82294 and parameters: {'p_m': 0.7301498544425202, 'alpha': 0.18923834215627622, 'K': 3, 'beta': 0.2042511647817271}. Best is trial 17 with value: 3.82294.
[I 2025-03-27 11:58:24,328] Trial 18 finished with value: 4.07674 and parameters: {'p_m': 0.7147084298264705, 'alpha': 0.9901025233673525, 'K': 3, 'beta': 0.2687722001681544}. Best is trial 18 with value: 4.07674.
[I 2025-03-27 12:02:22,558] Trial 19 finished with value: 3.5416799999999995 and parameters: {'p_m': 0.7080223345362315, 'alpha': 0.7765033053133418, 'K': 3, 'beta': 0.2103636829249478}. Best is trial 18 with value: 4.07674.
[I 2025-03-27 12:06:07,054] Trial 20 finished with value: 3.53666 and parameters: {'p_m': 0.5923876308223508, 'alpha': 0.2645402104032748, 'K': 3, 'beta': 0.2104230332550223}. Best is trial 18 with value: 4.07674.
[I 2025-03-27 12:09:56,383] Trial 21 finished with value: 2.9142 and parameters: {'p_m': 0.34203226140159554, 'alpha': 1.9117153590973128, 'K': 3, 'beta': 1.0155392293047683}. Best is trial 18 with value: 4.07674.
[I 2025-03-27 12:14:54,315] Trial 22 finished with value: 3.69198 and parameters: {'p_m': 0.7169842339870526, 'alpha': 0.5167592817571666, 'K': 3, 'beta': 0.19436402587040064}. Best is trial 18 with value: 4.07674.
[I 2025-03-27 12:19:24,349] Trial 23 finished with value: 3.5394799999999997 and parameters: {'p_m': 0.7465311223620954, 'alpha': 0.1962894994320763, 'K': 3, 'beta': 0.17992610012284255}. Best is trial 18 with value: 4.07674.
[I 2025-03-27 12:24:04,804] Trial 24 finished with value: 3.12044 and parameters: {'p_m': 0.6426457774395251, 'alpha': 2.8324586517316597, 'K': 3, 'beta': 2.3829523162033257}. Best is trial 18 with value: 4.07674.
[I 2025-03-27 12:29:05,011] Trial 25 finished with value: 3.1882599999999996 and parameters: {'p_m': 0.5452912615188802, 'alpha': 1.298507796793706, 'K': 3, 'beta': 1.0850293320877162}. Best is trial 18 with value: 4.07674.
[I 2025-03-27 12:38:42,387] Trial 26 finished with value: 3.46892 and parameters: {'p_m': 0.8075361254706521, 'alpha': 2.7178877735627966, 'K': 10, 'beta': 0.9121522407509663}. Best is trial 18 with value: 4.07674.
[I 2025-03-27 12:42:01,304] Trial 27 finished with value: 3.93606 and parameters: {'p_m': 0.6730904562267327, 'alpha': 0.1958158061392561, 'K': 3, 'beta': 2.5860997559376266}. Best is trial 18 with value: 4.07674.
[I 2025-03-27 12:47:36,830] Trial 28 finished with value: 3.12188 and parameters: {'p_m': 0.6559740419094625, 'alpha': 1.3953184375799077, 'K': 3, 'beta': 2.201099739792967}. Best is trial 18 with value: 4.07674.
[I 2025-03-27 12:52:51,307] Trial 29 finished with value: 3.10336 and parameters: {'p_m': 0.10930479067193222, 'alpha': 0.19385878636231002, 'K': 3, 'beta': 2.863868642447464}. Best is trial 18 with value: 4.07674.
[I 2025-03-27 12:57:22,831] Trial 30 finished with value: 3.4108400000000003 and parameters: {'p_m': 0.7998923310906784, 'alpha': 3.5326955359806256, 'K': 3, 'beta': 1.4381021280787747}. Best is trial 18 with value: 4.07674.
[I 2025-03-27 13:10:06,082] Trial 31 finished with value: 2.67584 and parameters: {'p_m': 0.578915873225343, 'alpha': 2.292239536044167, 'K': 10, 'beta': 9.743962870628856}. Best is trial 18 with value: 4.07674.
[I 2025-03-27 13:14:06,487] Trial 32 finished with value: 3.2362200000000003 and parameters: {'p_m': 0.7462744746001648, 'alpha': 0.8351261760785503, 'K': 3, 'beta': 0.6675716408183836}. Best is trial 18 with value: 4.07674.
[I 2025-03-27 13:18:56,221] Trial 33 finished with value: 3.2904600000000004 and parameters: {'p_m': 0.7027627123914736, 'alpha': 0.8156984224545714, 'K': 2, 'beta': 1.6557026470981566}. Best is trial 18 with value: 4.07674.
[I 2025-03-27 13:21:56,488] Trial 34 finished with value: 3.4489000000000005 and parameters: {'p_m': 0.8043216817387644, 'alpha': 1.3092786013757016, 'K': 3, 'beta': 0.5321733953387664}. Best is trial 18 with value: 4.07674.
[I 2025-03-27 13:29:47,196] Trial 35 finished with value: 3.06226 and parameters: {'p_m': 0.6818676795533795, 'alpha': 0.1097410178334169, 'K': 15, 'beta': 2.5392768874159657}. Best is trial 18 with value: 4.07674.
[I 2025-03-27 13:42:54,603] Trial 36 finished with value: 3.12424 and parameters: {'p_m': 0.5398199936670294, 'alpha': 1.917976686793204, 'K': 20, 'beta': 1.7594204641988695}. Best is trial 18 with value: 4.07674.
[I 2025-03-27 13:47:59,983] Trial 37 finished with value: 3.4091 and parameters: {'p_m': 0.7407801986963526, 'alpha': 1.4227969764383097, 'K': 3, 'beta': 1.297751381034046}. Best is trial 18 with value: 4.07674.
[I 2025-03-27 13:53:15,911] Trial 38 finished with value: 2.9069000000000003 and parameters: {'p_m': 0.6319912784220072, 'alpha': 7.949278786213787, 'K': 3, 'beta': 4.472511371028818}. Best is trial 18 with value: 4.07674.
[I 2025-03-27 13:57:18,426] Trial 39 finished with value: 3.6361800000000004 and parameters: {'p_m': 0.8378891513311865, 'alpha': 2.252414945451231, 'K': 2, 'beta': 1.9554840383634526}. Best is trial 18 with value: 4.07674.
[I 2025-03-27 14:12:14,709] Trial 40 finished with value: 4.2989999999999995 and parameters: {'p_m': 0.38402768269413623, 'alpha': 3.3443165723423633, 'K': 15, 'beta': 2.7945374994412426}. Best is trial 40 with value: 4.2989999999999995.
[I 2025-03-27 14:25:03,460] Trial 41 finished with value: 2.8384 and parameters: {'p_m': 0.4213005692176508, 'alpha': 3.2826628079958233, 'K': 15, 'beta': 2.6407996901818067}. Best is trial 40 with value: 4.2989999999999995.
[I 2025-03-27 14:38:32,797] Trial 42 finished with value: 3.6038799999999993 and parameters: {'p_m': 0.37369007836393703, 'alpha': 0.7516058004915307, 'K': 15, 'beta': 0.576994007265127}. Best is trial 40 with value: 4.2989999999999995.
[I 2025-03-27 14:52:21,421] Trial 43 finished with value: 2.44212 and parameters: {'p_m': 0.24756586189478408, 'alpha': 0.637280749766735, 'K': 15, 'beta': 5.719640476037917}. Best is trial 40 with value: 4.2989999999999995.
[I 2025-03-27 15:04:28,007] Trial 44 finished with value: 3.09438 and parameters: {'p_m': 0.5227484545362692, 'alpha': 1.5907428285768632, 'K': 15, 'beta': 1.3086711023760984}. Best is trial 40 with value: 4.2989999999999995.
[I 2025-03-27 15:20:06,147] Trial 45 finished with value: 2.83794 and parameters: {'p_m': 0.4314685045571801, 'alpha': 2.460933575348931, 'K': 20, 'beta': 3.001962842232472}. Best is trial 40 with value: 4.2989999999999995.
[I 2025-03-27 15:25:30,616] Trial 46 finished with value: 2.88106 and parameters: {'p_m': 0.6867501264768, 'alpha': 5.6781759781283325, 'K': 3, 'beta': 4.567529151391249}. Best is trial 40 with value: 4.2989999999999995.
[I 2025-03-27 15:34:58,680] Trial 47 finished with value: 3.1337400000000004 and parameters: {'p_m': 0.7785909353484276, 'alpha': 1.0808919885903148, 'K': 10, 'beta': 6.698183574899565}. Best is trial 40 with value: 4.2989999999999995.
[I 2025-03-27 15:40:35,041] Trial 48 finished with value: 2.666 and parameters: {'p_m': 0.6032125839566816, 'alpha': 8.58310158005514, 'K': 3, 'beta': 7.109118986388729}. Best is trial 40 with value: 4.2989999999999995.
[I 2025-03-27 15:46:25,766] Trial 49 finished with value: 3.00336 and parameters: {'p_m': 0.3643617337911302, 'alpha': 3.9299228638746713, 'K': 2, 'beta': 2.0655896900429704}. Best is trial 40 with value: 4.2989999999999995.
[I 2025-03-27 16:00:08,234] Trial 50 finished with value: 3.0201000000000002 and parameters: {'p_m': 0.30947862072296606, 'alpha': 0.47139969701438306, 'K': 15, 'beta': 3.8765119252605844}. Best is trial 40 with value: 4.2989999999999995.
[I 2025-03-27 16:06:14,903] Trial 51 finished with value: 3.4459600000000004 and parameters: {'p_m': 0.483989703843692, 'alpha': 1.7036840954156345, 'K': 3, 'beta': 0.6100121972558048}. Best is trial 40 with value: 4.2989999999999995.
[I 2025-03-27 16:09:56,523] Trial 52 finished with value: 3.5645799999999994 and parameters: {'p_m': 0.8356972311717555, 'alpha': 3.1708776680056565, 'K': 2, 'beta': 2.052196688309851}. Best is trial 40 with value: 4.2989999999999995.
[I 2025-03-27 16:13:06,101] Trial 53 finished with value: 3.27286 and parameters: {'p_m': 0.8425440903914723, 'alpha': 2.1818632465566434, 'K': 2, 'beta': 0.8931266070393153}. Best is trial 40 with value: 4.2989999999999995.
[I 2025-03-27 16:16:21,255] Trial 54 finished with value: 3.88254 and parameters: {'p_m': 0.7257327723897158, 'alpha': 1.0939859119261683, 'K': 2, 'beta': 0.23287896545935388}. Best is trial 40 with value: 4.2989999999999995.
[I 2025-03-27 16:20:28,691] Trial 55 finished with value: 4.93648 and parameters: {'p_m': 0.7192123464423629, 'alpha': 1.1041260180067325, 'K': 2, 'beta': 0.18806809637682864}. Best is trial 55 with value: 4.93648.
[I 2025-03-27 16:23:57,839] Trial 56 finished with value: 3.72966 and parameters: {'p_m': 0.6728914836321547, 'alpha': 1.1631970121488855, 'K': 2, 'beta': 0.1587759686985105}. Best is trial 55 with value: 4.93648.
[I 2025-03-27 16:28:38,155] Trial 57 finished with value: 3.28112 and parameters: {'p_m': 0.7149215686343362, 'alpha': 0.4571243361138122, 'K': 2, 'beta': 1.6443371199861272}. Best is trial 55 with value: 4.93648.
[I 2025-03-27 16:33:25,972] Trial 58 finished with value: 2.97322 and parameters: {'p_m': 0.7563487441094847, 'alpha': 2.6000858570535983, 'K': 2, 'beta': 5.632669903919057}. Best is trial 55 with value: 4.93648.
[I 2025-03-27 16:35:58,404] Trial 59 finished with value: 4.04624 and parameters: {'p_m': 0.6186095088651944, 'alpha': 1.8089596430119623, 'K': 2, 'beta': 0.7638192281565749}. Best is trial 55 with value: 4.93648.
[I 2025-03-27 16:40:09,605] Trial 60 finished with value: 3.0350200000000003 and parameters: {'p_m': 0.562574429034013, 'alpha': 1.8773671043147373, 'K': 2, 'beta': 0.9200502505012373}. Best is trial 55 with value: 4.93648.
[I 2025-03-27 16:45:18,666] Trial 61 finished with value: 3.35982 and parameters: {'p_m': 0.6136472228436177, 'alpha': 1.0839340828699082, 'K': 2, 'beta': 0.8114845005868834}. Best is trial 55 with value: 4.93648.
