[I 2025-03-26 22:17:59,546] Using an existing study with name 'VIME_Black_Friday' instead of creating a new one.
[I 2025-03-27 05:30:22,936] Trial 2 finished with value: 9.6266 and parameters: {'p_m': 0.27092490370527944, 'alpha': 5.728440904520896, 'K': 10, 'beta': 3.2670966130278716}. Best is trial 2 with value: 9.6266.
[I 2025-03-27 16:21:39,937] Trial 3 finished with value: 8.02386 and parameters: {'p_m': 0.4982078054501118, 'alpha': 8.65029476460275, 'K': 20, 'beta': 0.439542113129748}. Best is trial 2 with value: 9.6266.
[I 2025-03-28 02:08:36,435] Trial 4 finished with value: 8.368680000000001 and parameters: {'p_m': 0.6474276068506633, 'alpha': 1.7325273075816148, 'K': 20, 'beta': 2.583379847267719}. Best is trial 2 with value: 9.6266.
[I 2025-03-28 04:30:40,219] Trial 5 finished with value: 8.18746 and parameters: {'p_m': 0.2628596823220831, 'alpha': 0.9077765193601526, 'K': 2, 'beta': 4.812952236291313}. Best is trial 2 with value: 9.6266.
[I 2025-03-28 10:44:28,482] Trial 6 finished with value: 8.28386 and parameters: {'p_m': 0.6663044497029248, 'alpha': 5.782859392899797, 'K': 10, 'beta': 0.3852615619282741}. Best is trial 2 with value: 9.6266.
[I 2025-03-28 14:56:49,112] Trial 7 finished with value: 8.12974 and parameters: {'p_m': 0.7798916078811077, 'alpha': 5.139737663807672, 'K': 3, 'beta': 1.2931613957874086}. Best is trial 2 with value: 9.6266.
