[I 2025-05-03 22:23:13,291] Trial 3 finished with value: 0.0 and parameters: {'learning_rate': 1.474275514843521e-05, 'weight_decay': 1.4505191803132637e-05}. Best is trial 0 with value: 0.0.
/home/mburu/.local/lib/python3.8/site-packages/sklearn/preprocessing/_discretization.py:248: FutureWarning: In version 1.5 onwards, subsample=200_000 will be used by default. Set subsample explicitly to silence this warning in the mean time. Set subsample=None to disable subsampling explicitly.
  warnings.warn(
/home/mburu/.local/lib/python3.8/site-packages/sklearn/preprocessing/_discretization.py:248: FutureWarning: In version 1.5 onwards, subsample=200_000 will be used by default. Set subsample explicitly to silence this warning in the mean time. Set subsample=None to disable subsampling explicitly.
  warnings.warn(
/home/mburu/.local/lib/python3.8/site-packages/sklearn/preprocessing/_discretization.py:248: FutureWarning: In version 1.5 onwards, subsample=200_000 will be used by default. Set subsample explicitly to silence this warning in the mean time. Set subsample=None to disable subsampling explicitly.
  warnings.warn(
/home/mburu/.local/lib/python3.8/site-packages/sklearn/preprocessing/_discretization.py:248: FutureWarning: In version 1.5 onwards, subsample=200_000 will be used by default. Set subsample explicitly to silence this warning in the mean time. Set subsample=None to disable subsampling explicitly.
  warnings.warn(
/home/mburu/.local/lib/python3.8/site-packages/sklearn/preprocessing/_discretization.py:248: FutureWarning: In version 1.5 onwards, subsample=200_000 will be used by default. Set subsample explicitly to silence this warning in the mean time. Set subsample=None to disable subsampling explicitly.
  warnings.warn(
[I 2025-05-03 22:23:14,447] Trial 4 finished with value: 0.0 and parameters: {'learning_rate': 3.264383921807601e-05, 'weight_decay': 0.0066694974244915235}. Best is trial 0 with value: 0.0.
/home/mburu/.local/lib/python3.8/site-packages/sklearn/preprocessing/_discretization.py:248: FutureWarning: In version 1.5 onwards, subsample=200_000 will be used by default. Set subsample explicitly to silence this warning in the mean time. Set subsample=None to disable subsampling explicitly.
  warnings.warn(
[I 2025-05-03 22:23:14,742] A new study created in memory with name: FTTransformer_Mercedes_Benz_outer5
/home/mburu/.local/lib/python3.8/site-packages/sklearn/preprocessing/_discretization.py:248: FutureWarning: In version 1.5 onwards, subsample=200_000 will be used by default. Set subsample explicitly to silence this warning in the mean time. Set subsample=None to disable subsampling explicitly.
  warnings.warn(
/home/mburu/.local/lib/python3.8/site-packages/sklearn/preprocessing/_discretization.py:248: FutureWarning: In version 1.5 onwards, subsample=200_000 will be used by default. Set subsample explicitly to silence this warning in the mean time. Set subsample=None to disable subsampling explicitly.
  warnings.warn(
/home/mburu/.local/lib/python3.8/site-packages/sklearn/preprocessing/_discretization.py:248: FutureWarning: In version 1.5 onwards, subsample=200_000 will be used by default. Set subsample explicitly to silence this warning in the mean time. Set subsample=None to disable subsampling explicitly.
  warnings.warn(
/home/mburu/.local/lib/python3.8/site-packages/sklearn/preprocessing/_discretization.py:248: FutureWarning: In version 1.5 onwards, subsample=200_000 will be used by default. Set subsample explicitly to silence this warning in the mean time. Set subsample=None to disable subsampling explicitly.
  warnings.warn(
/home/mburu/.local/lib/python3.8/site-packages/sklearn/preprocessing/_discretization.py:248: FutureWarning: In version 1.5 onwards, subsample=200_000 will be used by default. Set subsample explicitly to silence this warning in the mean time. Set subsample=None to disable subsampling explicitly.
  warnings.warn(
[I 2025-05-03 22:23:16,008] Trial 0 finished with value: 0.0 and parameters: {'learning_rate': 0.0025343429983448003, 'weight_decay': 1.9764567430171015e-05}. Best is trial 0 with value: 0.0.
/home/mburu/.local/lib/python3.8/site-packages/sklearn/preprocessing/_discretization.py:248: FutureWarning: In version 1.5 onwards, subsample=200_000 will be used by default. Set subsample explicitly to silence this warning in the mean time. Set subsample=None to disable subsampling explicitly.
  warnings.warn(
/home/mburu/.local/lib/python3.8/site-packages/sklearn/preprocessing/_discretization.py:248: FutureWarning: In version 1.5 onwards, subsample=200_000 will be used by default. Set subsample explicitly to silence this warning in the mean time. Set subsample=None to disable subsampling explicitly.
  warnings.warn(
/home/mburu/.local/lib/python3.8/site-packages/sklearn/preprocessing/_discretization.py:248: FutureWarning: In version 1.5 onwards, subsample=200_000 will be used by default. Set subsample explicitly to silence this warning in the mean time. Set subsample=None to disable subsampling explicitly.
  warnings.warn(
/home/mburu/.local/lib/python3.8/site-packages/sklearn/preprocessing/_discretization.py:248: FutureWarning: In version 1.5 onwards, subsample=200_000 will be used by default. Set subsample explicitly to silence this warning in the mean time. Set subsample=None to disable subsampling explicitly.
  warnings.warn(
/home/mburu/.local/lib/python3.8/site-packages/sklearn/preprocessing/_discretization.py:248: FutureWarning: In version 1.5 onwards, subsample=200_000 will be used by default. Set subsample explicitly to silence this warning in the mean time. Set subsample=None to disable subsampling explicitly.
  warnings.warn(
[I 2025-05-03 22:23:17,229] Trial 1 finished with value: 0.0 and parameters: {'learning_rate': 0.0038404731063761506, 'weight_decay': 2.2366633759513856e-06}. Best is trial 0 with value: 0.0.
/home/mburu/.local/lib/python3.8/site-packages/sklearn/preprocessing/_discretization.py:248: FutureWarning: In version 1.5 onwards, subsample=200_000 will be used by default. Set subsample explicitly to silence this warning in the mean time. Set subsample=None to disable subsampling explicitly.
  warnings.warn(
/home/mburu/.local/lib/python3.8/site-packages/sklearn/preprocessing/_discretization.py:248: FutureWarning: In version 1.5 onwards, subsample=200_000 will be used by default. Set subsample explicitly to silence this warning in the mean time. Set subsample=None to disable subsampling explicitly.
  warnings.warn(
/home/mburu/.local/lib/python3.8/site-packages/sklearn/preprocessing/_discretization.py:248: FutureWarning: In version 1.5 onwards, subsample=200_000 will be used by default. Set subsample explicitly to silence this warning in the mean time. Set subsample=None to disable subsampling explicitly.
  warnings.warn(
/home/mburu/.local/lib/python3.8/site-packages/sklearn/preprocessing/_discretization.py:248: FutureWarning: In version 1.5 onwards, subsample=200_000 will be used by default. Set subsample explicitly to silence this warning in the mean time. Set subsample=None to disable subsampling explicitly.
  warnings.warn(
/home/mburu/.local/lib/python3.8/site-packages/sklearn/preprocessing/_discretization.py:248: FutureWarning: In version 1.5 onwards, subsample=200_000 will be used by default. Set subsample explicitly to silence this warning in the mean time. Set subsample=None to disable subsampling explicitly.
  warnings.warn(
[I 2025-05-03 22:23:18,378] Trial 2 finished with value: 0.0 and parameters: {'learning_rate': 7.406649862688574e-05, 'weight_decay': 2.2583749258653228e-06}. Best is trial 0 with value: 0.0.
/home/mburu/.local/lib/python3.8/site-packages/sklearn/preprocessing/_discretization.py:248: FutureWarning: In version 1.5 onwards, subsample=200_000 will be used by default. Set subsample explicitly to silence this warning in the mean time. Set subsample=None to disable subsampling explicitly.
  warnings.warn(
/home/mburu/.local/lib/python3.8/site-packages/sklearn/preprocessing/_discretization.py:248: FutureWarning: In version 1.5 onwards, subsample=200_000 will be used by default. Set subsample explicitly to silence this warning in the mean time. Set subsample=None to disable subsampling explicitly.
  warnings.warn(
/home/mburu/.local/lib/python3.8/site-packages/sklearn/preprocessing/_discretization.py:248: FutureWarning: In version 1.5 onwards, subsample=200_000 will be used by default. Set subsample explicitly to silence this warning in the mean time. Set subsample=None to disable subsampling explicitly.
  warnings.warn(
/home/mburu/.local/lib/python3.8/site-packages/sklearn/preprocessing/_discretization.py:248: FutureWarning: In version 1.5 onwards, subsample=200_000 will be used by default. Set subsample explicitly to silence this warning in the mean time. Set subsample=None to disable subsampling explicitly.
  warnings.warn(
/home/mburu/.local/lib/python3.8/site-packages/sklearn/preprocessing/_discretization.py:248: FutureWarning: In version 1.5 onwards, subsample=200_000 will be used by default. Set subsample explicitly to silence this warning in the mean time. Set subsample=None to disable subsampling explicitly.
  warnings.warn(
[I 2025-05-03 22:23:19,542] Trial 3 finished with value: 0.0 and parameters: {'learning_rate': 7.450949567783469e-05, 'weight_decay': 3.1212499029916243e-06}. Best is trial 0 with value: 0.0.
/home/mburu/.local/lib/python3.8/site-packages/sklearn/preprocessing/_discretization.py:248: FutureWarning: In version 1.5 onwards, subsample=200_000 will be used by default. Set subsample explicitly to silence this warning in the mean time. Set subsample=None to disable subsampling explicitly.
  warnings.warn(
/home/mburu/.local/lib/python3.8/site-packages/sklearn/preprocessing/_discretization.py:248: FutureWarning: In version 1.5 onwards, subsample=200_000 will be used by default. Set subsample explicitly to silence this warning in the mean time. Set subsample=None to disable subsampling explicitly.
  warnings.warn(
/home/mburu/.local/lib/python3.8/site-packages/sklearn/preprocessing/_discretization.py:248: FutureWarning: In version 1.5 onwards, subsample=200_000 will be used by default. Set subsample explicitly to silence this warning in the mean time. Set subsample=None to disable subsampling explicitly.
  warnings.warn(
/home/mburu/.local/lib/python3.8/site-packages/sklearn/preprocessing/_discretization.py:248: FutureWarning: In version 1.5 onwards, subsample=200_000 will be used by default. Set subsample explicitly to silence this warning in the mean time. Set subsample=None to disable subsampling explicitly.
  warnings.warn(
/home/mburu/.local/lib/python3.8/site-packages/sklearn/preprocessing/_discretization.py:248: FutureWarning: In version 1.5 onwards, subsample=200_000 will be used by default. Set subsample explicitly to silence this warning in the mean time. Set subsample=None to disable subsampling explicitly.
  warnings.warn(
[I 2025-05-03 22:23:20,707] Trial 4 finished with value: 0.0 and parameters: {'learning_rate': 0.003387683560554259, 'weight_decay': 5.587221784129089e-05}. Best is trial 0 with value: 0.0.
/home/mburu/.local/lib/python3.8/site-packages/sklearn/preprocessing/_discretization.py:248: FutureWarning: In version 1.5 onwards, subsample=200_000 will be used by default. Set subsample explicitly to silence this warning in the mean time. Set subsample=None to disable subsampling explicitly.
  warnings.warn(
Traceback (most recent call last):
  File "train.py", line 1192, in <module>
    main(arguments)
  File "train.py", line 1063, in main
    agg_scorer, avg_train_time, avg_test_time = nested_cross_validation(
  File "train.py", line 705, in nested_cross_validation
    best_hp_idx = best_loss_dict.index(min(best_loss_dict))
ValueError: min() arg is an empty sequence
srun: error: stud-000: task 0: Exited with exit code 1
