[I 2025-05-03 22:22:32,717] Trial 3 finished with value: 0.0 and parameters: {'learning_rate': 0.00729184511770321, 'weight_decay': 1.5899514884268176e-06}. Best is trial 0 with value: 0.0.
/home/mburu/.local/lib/python3.8/site-packages/sklearn/preprocessing/_discretization.py:248: FutureWarning: In version 1.5 onwards, subsample=200_000 will be used by default. Set subsample explicitly to silence this warning in the mean time. Set subsample=None to disable subsampling explicitly.
  warnings.warn(
/home/mburu/.local/lib/python3.8/site-packages/sklearn/preprocessing/_discretization.py:248: FutureWarning: In version 1.5 onwards, subsample=200_000 will be used by default. Set subsample explicitly to silence this warning in the mean time. Set subsample=None to disable subsampling explicitly.
  warnings.warn(
/home/mburu/.local/lib/python3.8/site-packages/sklearn/preprocessing/_discretization.py:248: FutureWarning: In version 1.5 onwards, subsample=200_000 will be used by default. Set subsample explicitly to silence this warning in the mean time. Set subsample=None to disable subsampling explicitly.
  warnings.warn(
/home/mburu/.local/lib/python3.8/site-packages/sklearn/preprocessing/_discretization.py:248: FutureWarning: In version 1.5 onwards, subsample=200_000 will be used by default. Set subsample explicitly to silence this warning in the mean time. Set subsample=None to disable subsampling explicitly.
  warnings.warn(
/home/mburu/.local/lib/python3.8/site-packages/sklearn/preprocessing/_discretization.py:248: FutureWarning: In version 1.5 onwards, subsample=200_000 will be used by default. Set subsample explicitly to silence this warning in the mean time. Set subsample=None to disable subsampling explicitly.
  warnings.warn(
[I 2025-05-03 22:22:32,895] Trial 4 finished with value: 0.0 and parameters: {'learning_rate': 1.5162393695858434e-05, 'weight_decay': 0.009890648719248711}. Best is trial 0 with value: 0.0.
/home/mburu/.local/lib/python3.8/site-packages/sklearn/preprocessing/_discretization.py:248: FutureWarning: In version 1.5 onwards, subsample=200_000 will be used by default. Set subsample explicitly to silence this warning in the mean time. Set subsample=None to disable subsampling explicitly.
  warnings.warn(
Traceback (most recent call last):
  File "train.py", line 1192, in <module>
    main(arguments)
  File "train.py", line 1063, in main
    agg_scorer, avg_train_time, avg_test_time = nested_cross_validation(
  File "train.py", line 705, in nested_cross_validation
    best_hp_idx = best_loss_dict.index(min(best_loss_dict))
ValueError: min() arg is an empty sequence
srun: error: stud-000: task 0: Exited with exit code 1
[I 2025-05-03 22:22:37,135] A new study created in memory with name: FTTransformer_House_Prices_Nominal_outer1
[I 2025-05-03 22:22:37,980] Trial 0 finished with value: 0.0 and parameters: {'learning_rate': 6.984133898229212e-05, 'weight_decay': 0.001368700334753984}. Best is trial 0 with value: 0.0.
[I 2025-05-03 22:22:38,207] Trial 1 finished with value: 0.0 and parameters: {'learning_rate': 0.004534347056942098, 'weight_decay': 0.00012498899406735323}. Best is trial 0 with value: 0.0.
[I 2025-05-03 22:22:38,435] Trial 2 finished with value: 0.0 and parameters: {'learning_rate': 0.0004574867097009503, 'weight_decay': 0.0035123721615949993}. Best is trial 0 with value: 0.0.
[I 2025-05-03 22:22:38,672] Trial 3 finished with value: 0.0 and parameters: {'learning_rate': 0.00086285430433035, 'weight_decay': 2.6980003380935125e-05}. Best is trial 0 with value: 0.0.
[I 2025-05-03 22:22:38,906] Trial 4 finished with value: 0.0 and parameters: {'learning_rate': 5.943907780176395e-05, 'weight_decay': 8.891862154530739e-06}. Best is trial 0 with value: 0.0.
[I 2025-05-03 22:22:38,956] A new study created in memory with name: FTTransformer_House_Prices_Nominal_outer2
[I 2025-05-03 22:22:39,189] Trial 0 finished with value: 0.0 and parameters: {'learning_rate': 0.0031777174430130933, 'weight_decay': 0.0017040815110347673}. Best is trial 0 with value: 0.0.
[I 2025-05-03 22:22:39,548] Trial 1 finished with value: 0.0 and parameters: {'learning_rate': 2.7035554559926505e-05, 'weight_decay': 0.004649249631126979}. Best is trial 0 with value: 0.0.
[I 2025-05-03 22:22:39,776] Trial 2 finished with value: 0.0 and parameters: {'learning_rate': 2.0410650853825238e-05, 'weight_decay': 2.7140308229718487e-06}. Best is trial 0 with value: 0.0.
[I 2025-05-03 22:22:40,011] Trial 3 finished with value: 0.0 and parameters: {'learning_rate': 0.009956244880867281, 'weight_decay': 1.3739838828167516e-06}. Best is trial 0 with value: 0.0.
[I 2025-05-03 22:22:40,246] Trial 4 finished with value: 0.0 and parameters: {'learning_rate': 0.00019679031341792, 'weight_decay': 0.0002018356976539775}. Best is trial 0 with value: 0.0.
[I 2025-05-03 22:22:40,297] A new study created in memory with name: FTTransformer_House_Prices_Nominal_outer3
[I 2025-05-03 22:22:40,531] Trial 0 finished with value: 0.0 and parameters: {'learning_rate': 0.0012705613332487011, 'weight_decay': 3.832071200614625e-06}. Best is trial 0 with value: 0.0.
[I 2025-05-03 22:22:40,766] Trial 1 finished with value: 0.0 and parameters: {'learning_rate': 5.709394344899412e-05, 'weight_decay': 2.5356943706854506e-05}. Best is trial 0 with value: 0.0.
[I 2025-05-03 22:22:40,999] Trial 2 finished with value: 0.0 and parameters: {'learning_rate': 3.4034663740081865e-05, 'weight_decay': 0.003064593168697334}. Best is trial 0 with value: 0.0.
[I 2025-05-03 22:22:41,227] Trial 3 finished with value: 0.0 and parameters: {'learning_rate': 0.007485652138117963, 'weight_decay': 0.0006841376973488933}. Best is trial 0 with value: 0.0.
[I 2025-05-03 22:22:41,460] Trial 4 finished with value: 0.0 and parameters: {'learning_rate': 0.00021864773219536747, 'weight_decay': 1.1107457798918166e-06}. Best is trial 0 with value: 0.0.
[I 2025-05-03 22:22:41,508] A new study created in memory with name: FTTransformer_House_Prices_Nominal_outer4
[I 2025-05-03 22:22:41,741] Trial 0 finished with value: 0.0 and parameters: {'learning_rate': 0.0027857735439273377, 'weight_decay': 1.4654406949519151e-06}. Best is trial 0 with value: 0.0.
[I 2025-05-03 22:22:41,969] Trial 1 finished with value: 0.0 and parameters: {'learning_rate': 4.338967042957407e-05, 'weight_decay': 0.003447914242348854}. Best is trial 0 with value: 0.0.
[I 2025-05-03 22:22:42,203] Trial 2 finished with value: 0.0 and parameters: {'learning_rate': 0.00044472762955366664, 'weight_decay': 0.0007203601796522165}. Best is trial 0 with value: 0.0.
[I 2025-05-03 22:22:42,439] Trial 3 finished with value: 0.0 and parameters: {'learning_rate': 0.0005809008480625636, 'weight_decay': 2.0098173821369898e-06}. Best is trial 0 with value: 0.0.
[I 2025-05-03 22:22:42,677] Trial 4 finished with value: 0.0 and parameters: {'learning_rate': 0.00011272722655417433, 'weight_decay': 2.0151501545381436e-05}. Best is trial 0 with value: 0.0.
[I 2025-05-03 22:22:42,728] A new study created in memory with name: FTTransformer_House_Prices_Nominal_outer5
[I 2025-05-03 22:22:42,966] Trial 0 finished with value: 0.0 and parameters: {'learning_rate': 0.0004695585284223216, 'weight_decay': 5.677173557508955e-06}. Best is trial 0 with value: 0.0.
[I 2025-05-03 22:22:43,323] Trial 1 finished with value: 0.0 and parameters: {'learning_rate': 8.040488193297378e-05, 'weight_decay': 1.0331434866429896e-06}. Best is trial 0 with value: 0.0.
[I 2025-05-03 22:22:43,562] Trial 2 finished with value: 0.0 and parameters: {'learning_rate': 4.1463369142328574e-05, 'weight_decay': 0.005289249128173671}. Best is trial 0 with value: 0.0.
[I 2025-05-03 22:22:43,798] Trial 3 finished with value: 0.0 and parameters: {'learning_rate': 0.00017300686854206825, 'weight_decay': 0.0003779504456453253}. Best is trial 0 with value: 0.0.
[I 2025-05-03 22:22:44,027] Trial 4 finished with value: 0.0 and parameters: {'learning_rate': 3.928342542875042e-05, 'weight_decay': 3.944943689736084e-05}. Best is trial 0 with value: 0.0.
Traceback (most recent call last):
  File "train.py", line 1192, in <module>
    main(arguments)
  File "train.py", line 1063, in main
    agg_scorer, avg_train_time, avg_test_time = nested_cross_validation(
  File "train.py", line 705, in nested_cross_validation
    best_hp_idx = best_loss_dict.index(min(best_loss_dict))
ValueError: min() arg is an empty sequence
srun: error: stud-000: task 0: Exited with exit code 1
[I 2025-05-03 22:22:49,092] A new study created in memory with name: FTTransformer_Mercedes_Benz_outer1
/home/mburu/.local/lib/python3.8/site-packages/sklearn/preprocessing/_discretization.py:248: FutureWarning: In version 1.5 onwards, subsample=200_000 will be used by default. Set subsample explicitly to silence this warning in the mean time. Set subsample=None to disable subsampling explicitly.
  warnings.warn(
/home/mburu/.local/lib/python3.8/site-packages/sklearn/preprocessing/_discretization.py:248: FutureWarning: In version 1.5 onwards, subsample=200_000 will be used by default. Set subsample explicitly to silence this warning in the mean time. Set subsample=None to disable subsampling explicitly.
  warnings.warn(
/home/mburu/.local/lib/python3.8/site-packages/sklearn/preprocessing/_discretization.py:248: FutureWarning: In version 1.5 onwards, subsample=200_000 will be used by default. Set subsample explicitly to silence this warning in the mean time. Set subsample=None to disable subsampling explicitly.
  warnings.warn(
/home/mburu/.local/lib/python3.8/site-packages/sklearn/preprocessing/_discretization.py:248: FutureWarning: In version 1.5 onwards, subsample=200_000 will be used by default. Set subsample explicitly to silence this warning in the mean time. Set subsample=None to disable subsampling explicitly.
  warnings.warn(
/home/mburu/.local/lib/python3.8/site-packages/sklearn/preprocessing/_discretization.py:248: FutureWarning: In version 1.5 onwards, subsample=200_000 will be used by default. Set subsample explicitly to silence this warning in the mean time. Set subsample=None to disable subsampling explicitly.
  warnings.warn(
[I 2025-05-03 22:22:51,436] Trial 0 finished with value: 0.0 and parameters: {'learning_rate': 0.00035614713866508003, 'weight_decay': 1.5475295675129125e-06}. Best is trial 0 with value: 0.0.
/home/mburu/.local/lib/python3.8/site-packages/sklearn/preprocessing/_discretization.py:248: FutureWarning: In version 1.5 onwards, subsample=200_000 will be used by default. Set subsample explicitly to silence this warning in the mean time. Set subsample=None to disable subsampling explicitly.
  warnings.warn(
/home/mburu/.local/lib/python3.8/site-packages/sklearn/preprocessing/_discretization.py:248: FutureWarning: In version 1.5 onwards, subsample=200_000 will be used by default. Set subsample explicitly to silence this warning in the mean time. Set subsample=None to disable subsampling explicitly.
  warnings.warn(
/home/mburu/.local/lib/python3.8/site-packages/sklearn/preprocessing/_discretization.py:248: FutureWarning: In version 1.5 onwards, subsample=200_000 will be used by default. Set subsample explicitly to silence this warning in the mean time. Set subsample=None to disable subsampling explicitly.
  warnings.warn(
/home/mburu/.local/lib/python3.8/site-packages/sklearn/preprocessing/_discretization.py:248: FutureWarning: In version 1.5 onwards, subsample=200_000 will be used by default. Set subsample explicitly to silence this warning in the mean time. Set subsample=None to disable subsampling explicitly.
  warnings.warn(
/home/mburu/.local/lib/python3.8/site-packages/sklearn/preprocessing/_discretization.py:248: FutureWarning: In version 1.5 onwards, subsample=200_000 will be used by default. Set subsample explicitly to silence this warning in the mean time. Set subsample=None to disable subsampling explicitly.
  warnings.warn(
[I 2025-05-03 22:22:52,570] Trial 1 finished with value: 0.0 and parameters: {'learning_rate': 0.0002885835025628943, 'weight_decay': 1.2221063133018102e-06}. Best is trial 0 with value: 0.0.
/home/mburu/.local/lib/python3.8/site-packages/sklearn/preprocessing/_discretization.py:248: FutureWarning: In version 1.5 onwards, subsample=200_000 will be used by default. Set subsample explicitly to silence this warning in the mean time. Set subsample=None to disable subsampling explicitly.
  warnings.warn(
/home/mburu/.local/lib/python3.8/site-packages/sklearn/preprocessing/_discretization.py:248: FutureWarning: In version 1.5 onwards, subsample=200_000 will be used by default. Set subsample explicitly to silence this warning in the mean time. Set subsample=None to disable subsampling explicitly.
  warnings.warn(
/home/mburu/.local/lib/python3.8/site-packages/sklearn/preprocessing/_discretization.py:248: FutureWarning: In version 1.5 onwards, subsample=200_000 will be used by default. Set subsample explicitly to silence this warning in the mean time. Set subsample=None to disable subsampling explicitly.
  warnings.warn(
/home/mburu/.local/lib/python3.8/site-packages/sklearn/preprocessing/_discretization.py:248: FutureWarning: In version 1.5 onwards, subsample=200_000 will be used by default. Set subsample explicitly to silence this warning in the mean time. Set subsample=None to disable subsampling explicitly.
  warnings.warn(
/home/mburu/.local/lib/python3.8/site-packages/sklearn/preprocessing/_discretization.py:248: FutureWarning: In version 1.5 onwards, subsample=200_000 will be used by default. Set subsample explicitly to silence this warning in the mean time. Set subsample=None to disable subsampling explicitly.
  warnings.warn(
[I 2025-05-03 22:22:53,705] Trial 2 finished with value: 0.0 and parameters: {'learning_rate': 0.00036523925398517594, 'weight_decay': 0.0009094379543518285}. Best is trial 0 with value: 0.0.
/home/mburu/.local/lib/python3.8/site-packages/sklearn/preprocessing/_discretization.py:248: FutureWarning: In version 1.5 onwards, subsample=200_000 will be used by default. Set subsample explicitly to silence this warning in the mean time. Set subsample=None to disable subsampling explicitly.
  warnings.warn(
/home/mburu/.local/lib/python3.8/site-packages/sklearn/preprocessing/_discretization.py:248: FutureWarning: In version 1.5 onwards, subsample=200_000 will be used by default. Set subsample explicitly to silence this warning in the mean time. Set subsample=None to disable subsampling explicitly.
  warnings.warn(
/home/mburu/.local/lib/python3.8/site-packages/sklearn/preprocessing/_discretization.py:248: FutureWarning: In version 1.5 onwards, subsample=200_000 will be used by default. Set subsample explicitly to silence this warning in the mean time. Set subsample=None to disable subsampling explicitly.
  warnings.warn(
/home/mburu/.local/lib/python3.8/site-packages/sklearn/preprocessing/_discretization.py:248: FutureWarning: In version 1.5 onwards, subsample=200_000 will be used by default. Set subsample explicitly to silence this warning in the mean time. Set subsample=None to disable subsampling explicitly.
  warnings.warn(
/home/mburu/.local/lib/python3.8/site-packages/sklearn/preprocessing/_discretization.py:248: FutureWarning: In version 1.5 onwards, subsample=200_000 will be used by default. Set subsample explicitly to silence this warning in the mean time. Set subsample=None to disable subsampling explicitly.
  warnings.warn(
[I 2025-05-03 22:22:54,875] Trial 3 finished with value: 0.0 and parameters: {'learning_rate': 0.00015920679807870602, 'weight_decay': 0.0059608771259817995}. Best is trial 0 with value: 0.0.
/home/mburu/.local/lib/python3.8/site-packages/sklearn/preprocessing/_discretization.py:248: FutureWarning: In version 1.5 onwards, subsample=200_000 will be used by default. Set subsample explicitly to silence this warning in the mean time. Set subsample=None to disable subsampling explicitly.
  warnings.warn(
/home/mburu/.local/lib/python3.8/site-packages/sklearn/preprocessing/_discretization.py:248: FutureWarning: In version 1.5 onwards, subsample=200_000 will be used by default. Set subsample explicitly to silence this warning in the mean time. Set subsample=None to disable subsampling explicitly.
  warnings.warn(
/home/mburu/.local/lib/python3.8/site-packages/sklearn/preprocessing/_discretization.py:248: FutureWarning: In version 1.5 onwards, subsample=200_000 will be used by default. Set subsample explicitly to silence this warning in the mean time. Set subsample=None to disable subsampling explicitly.
  warnings.warn(
/home/mburu/.local/lib/python3.8/site-packages/sklearn/preprocessing/_discretization.py:248: FutureWarning: In version 1.5 onwards, subsample=200_000 will be used by default. Set subsample explicitly to silence this warning in the mean time. Set subsample=None to disable subsampling explicitly.
  warnings.warn(
/home/mburu/.local/lib/python3.8/site-packages/sklearn/preprocessing/_discretization.py:248: FutureWarning: In version 1.5 onwards, subsample=200_000 will be used by default. Set subsample explicitly to silence this warning in the mean time. Set subsample=None to disable subsampling explicitly.
  warnings.warn(
[I 2025-05-03 22:22:56,018] Trial 4 finished with value: 0.0 and parameters: {'learning_rate': 0.0006887660062406377, 'weight_decay': 7.257447891982218e-06}. Best is trial 0 with value: 0.0.
/home/mburu/.local/lib/python3.8/site-packages/sklearn/preprocessing/_discretization.py:248: FutureWarning: In version 1.5 onwards, subsample=200_000 will be used by default. Set subsample explicitly to silence this warning in the mean time. Set subsample=None to disable subsampling explicitly.
  warnings.warn(
[I 2025-05-03 22:22:56,278] A new study created in memory with name: FTTransformer_Mercedes_Benz_outer2
/home/mburu/.local/lib/python3.8/site-packages/sklearn/preprocessing/_discretization.py:248: FutureWarning: In version 1.5 onwards, subsample=200_000 will be used by default. Set subsample explicitly to silence this warning in the mean time. Set subsample=None to disable subsampling explicitly.
  warnings.warn(
/home/mburu/.local/lib/python3.8/site-packages/sklearn/preprocessing/_discretization.py:248: FutureWarning: In version 1.5 onwards, subsample=200_000 will be used by default. Set subsample explicitly to silence this warning in the mean time. Set subsample=None to disable subsampling explicitly.
  warnings.warn(
/home/mburu/.local/lib/python3.8/site-packages/sklearn/preprocessing/_discretization.py:248: FutureWarning: In version 1.5 onwards, subsample=200_000 will be used by default. Set subsample explicitly to silence this warning in the mean time. Set subsample=None to disable subsampling explicitly.
  warnings.warn(
/home/mburu/.local/lib/python3.8/site-packages/sklearn/preprocessing/_discretization.py:248: FutureWarning: In version 1.5 onwards, subsample=200_000 will be used by default. Set subsample explicitly to silence this warning in the mean time. Set subsample=None to disable subsampling explicitly.
  warnings.warn(
/home/mburu/.local/lib/python3.8/site-packages/sklearn/preprocessing/_discretization.py:248: FutureWarning: In version 1.5 onwards, subsample=200_000 will be used by default. Set subsample explicitly to silence this warning in the mean time. Set subsample=None to disable subsampling explicitly.
  warnings.warn(
[I 2025-05-03 22:22:57,528] Trial 0 finished with value: 0.0 and parameters: {'learning_rate': 0.0001009771632861616, 'weight_decay': 0.00016204442186005947}. Best is trial 0 with value: 0.0.
/home/mburu/.local/lib/python3.8/site-packages/sklearn/preprocessing/_discretization.py:248: FutureWarning: In version 1.5 onwards, subsample=200_000 will be used by default. Set subsample explicitly to silence this warning in the mean time. Set subsample=None to disable subsampling explicitly.
  warnings.warn(
/home/mburu/.local/lib/python3.8/site-packages/sklearn/preprocessing/_discretization.py:248: FutureWarning: In version 1.5 onwards, subsample=200_000 will be used by default. Set subsample explicitly to silence this warning in the mean time. Set subsample=None to disable subsampling explicitly.
  warnings.warn(
/home/mburu/.local/lib/python3.8/site-packages/sklearn/preprocessing/_discretization.py:248: FutureWarning: In version 1.5 onwards, subsample=200_000 will be used by default. Set subsample explicitly to silence this warning in the mean time. Set subsample=None to disable subsampling explicitly.
  warnings.warn(
/home/mburu/.local/lib/python3.8/site-packages/sklearn/preprocessing/_discretization.py:248: FutureWarning: In version 1.5 onwards, subsample=200_000 will be used by default. Set subsample explicitly to silence this warning in the mean time. Set subsample=None to disable subsampling explicitly.
  warnings.warn(
/home/mburu/.local/lib/python3.8/site-packages/sklearn/preprocessing/_discretization.py:248: FutureWarning: In version 1.5 onwards, subsample=200_000 will be used by default. Set subsample explicitly to silence this warning in the mean time. Set subsample=None to disable subsampling explicitly.
  warnings.warn(
