[I 2025-05-11 04:45:15,922] A new study created in memory with name: MLP_Black_Friday_outer1
[I 2025-05-11 04:45:38,721] Trial 0 finished with value: 16810421.92762191 and parameters: {'n_blocks': 4, 'd_block': 256, 'dropout': 0.03765775060158912}. Best is trial 0 with value: 16810421.92762191.
[I 2025-05-11 04:45:56,804] Trial 1 finished with value: 153424050.79311985 and parameters: {'n_blocks': 2, 'd_block': 64, 'dropout': 0.15814384257535938}. Best is trial 0 with value: 16810421.92762191.
[I 2025-05-11 04:46:16,000] Trial 2 finished with value: 23883010.18239989 and parameters: {'n_blocks': 4, 'd_block': 64, 'dropout': 0.19412963305404604}. Best is trial 0 with value: 16810421.92762191.
[I 2025-05-11 04:46:34,682] Trial 3 finished with value: 24388630.536825962 and parameters: {'n_blocks': 3, 'd_block': 128, 'dropout': 0.2695531557247573}. Best is trial 0 with value: 16810421.92762191.
[I 2025-05-11 04:46:52,635] Trial 4 finished with value: 131096552.07027836 and parameters: {'n_blocks': 2, 'd_block': 128, 'dropout': 0.05991508456834117}. Best is trial 0 with value: 16810421.92762191.
[I 2025-05-11 04:46:58,365] A new study created in memory with name: MLP_Black_Friday_outer2
[I 2025-05-11 04:47:17,648] Trial 0 finished with value: 20256238.009504147 and parameters: {'n_blocks': 4, 'd_block': 128, 'dropout': 0.10008736176419938}. Best is trial 0 with value: 20256238.009504147.
[I 2025-05-11 04:47:35,933] Trial 1 finished with value: 23808989.652466707 and parameters: {'n_blocks': 3, 'd_block': 128, 'dropout': 0.17549697379988216}. Best is trial 0 with value: 20256238.009504147.
[I 2025-05-11 04:47:53,628] Trial 2 finished with value: 152393571.95514065 and parameters: {'n_blocks': 2, 'd_block': 64, 'dropout': 0.128133712750943}. Best is trial 0 with value: 20256238.009504147.
[I 2025-05-11 04:48:14,750] Trial 3 finished with value: 17748979.928575 and parameters: {'n_blocks': 5, 'd_block': 128, 'dropout': 0.022587025604017368}. Best is trial 3 with value: 17748979.928575.
[I 2025-05-11 04:48:33,121] Trial 4 finished with value: 70026348.89639318 and parameters: {'n_blocks': 2, 'd_block': 256, 'dropout': 0.17919998386089128}. Best is trial 3 with value: 17748979.928575.
[I 2025-05-11 04:48:38,445] A new study created in memory with name: MLP_Black_Friday_outer3
[I 2025-05-11 04:48:57,275] Trial 0 finished with value: 68432878.70547827 and parameters: {'n_blocks': 3, 'd_block': 64, 'dropout': 0.29507365476861896}. Best is trial 0 with value: 68432878.70547827.
[I 2025-05-11 04:49:17,270] Trial 1 finished with value: 20435102.03765827 and parameters: {'n_blocks': 4, 'd_block': 128, 'dropout': 0.17534239047682829}. Best is trial 1 with value: 20435102.03765827.
[I 2025-05-11 04:49:39,333] Trial 2 finished with value: 16648589.016750118 and parameters: {'n_blocks': 4, 'd_block': 256, 'dropout': 0.2808136990097213}. Best is trial 2 with value: 16648589.016750118.
[I 2025-05-11 04:49:57,831] Trial 3 finished with value: 68727215.01233478 and parameters: {'n_blocks': 3, 'd_block': 64, 'dropout': 0.1047768718410521}. Best is trial 2 with value: 16648589.016750118.
[I 2025-05-11 04:50:15,471] Trial 4 finished with value: 152820243.12086692 and parameters: {'n_blocks': 2, 'd_block': 64, 'dropout': 0.2824371514829202}. Best is trial 2 with value: 16648589.016750118.
[I 2025-05-11 04:50:21,158] A new study created in memory with name: MLP_Black_Friday_outer4
[I 2025-05-11 04:50:39,767] Trial 0 finished with value: 153352691.98672608 and parameters: {'n_blocks': 2, 'd_block': 64, 'dropout': 0.12787907844028829}. Best is trial 0 with value: 153352691.98672608.
[I 2025-05-11 04:51:00,345] Trial 1 finished with value: 20607626.12524266 and parameters: {'n_blocks': 3, 'd_block': 256, 'dropout': 0.034299857284584255}. Best is trial 1 with value: 20607626.12524266.
[I 2025-05-11 04:51:20,028] Trial 2 finished with value: 19868662.64588032 and parameters: {'n_blocks': 4, 'd_block': 128, 'dropout': 0.2338807489314144}. Best is trial 2 with value: 19868662.64588032.
[I 2025-05-11 04:51:39,994] Trial 3 finished with value: 23904528.30504503 and parameters: {'n_blocks': 3, 'd_block': 128, 'dropout': 0.05236921358172252}. Best is trial 2 with value: 19868662.64588032.
[I 2025-05-11 04:52:02,028] Trial 4 finished with value: 16475906.53353112 and parameters: {'n_blocks': 6, 'd_block': 128, 'dropout': 0.1238659066145547}. Best is trial 4 with value: 16475906.53353112.
[I 2025-05-11 04:52:07,942] A new study created in memory with name: MLP_Black_Friday_outer5
[I 2025-05-11 04:52:32,079] Trial 0 finished with value: 14525822.225963255 and parameters: {'n_blocks': 6, 'd_block': 256, 'dropout': 0.10721970311199958}. Best is trial 0 with value: 14525822.225963255.
[I 2025-05-11 04:52:51,051] Trial 1 finished with value: 66855279.254220724 and parameters: {'n_blocks': 2, 'd_block': 256, 'dropout': 0.028272979468352645}. Best is trial 0 with value: 14525822.225963255.
[I 2025-05-11 04:53:09,519] Trial 2 finished with value: 60008000.743197635 and parameters: {'n_blocks': 3, 'd_block': 64, 'dropout': 0.11666596697266987}. Best is trial 0 with value: 14525822.225963255.
[I 2025-05-11 04:53:26,540] Trial 3 finished with value: 127695175.40008476 and parameters: {'n_blocks': 2, 'd_block': 128, 'dropout': 0.04375352774969727}. Best is trial 0 with value: 14525822.225963255.
[I 2025-05-11 04:53:44,435] Trial 4 finished with value: 23731494.06301106 and parameters: {'n_blocks': 3, 'd_block': 128, 'dropout': 0.09972025180016693}. Best is trial 0 with value: 14525822.225963255.
