[I 2025-05-11 04:49:31,141] A new study created in memory with name: MLP_Brazillian_Houses_outer1
[I 2025-05-11 04:49:32,522] Trial 0 finished with value: 433721976.655211 and parameters: {'n_blocks': 4, 'd_block': 128, 'dropout': 0.10357317459642941}. Best is trial 0 with value: 433721976.655211.
[I 2025-05-11 04:49:33,096] Trial 1 finished with value: 433736945.16706896 and parameters: {'n_blocks': 5, 'd_block': 128, 'dropout': 0.040537487372063016}. Best is trial 0 with value: 433721976.655211.
[I 2025-05-11 04:49:33,579] Trial 2 finished with value: 433228625.95073146 and parameters: {'n_blocks': 2, 'd_block': 256, 'dropout': 0.19497752432443416}. Best is trial 2 with value: 433228625.95073146.
[I 2025-05-11 04:49:34,055] Trial 3 finished with value: 433431696.9430731 and parameters: {'n_blocks': 2, 'd_block': 256, 'dropout': 0.24934167297489576}. Best is trial 2 with value: 433228625.95073146.
[I 2025-05-11 04:49:34,598] Trial 4 finished with value: 433654322.8779715 and parameters: {'n_blocks': 2, 'd_block': 128, 'dropout': 0.2520989077063587}. Best is trial 2 with value: 433228625.95073146.
[I 2025-05-11 04:49:34,746] A new study created in memory with name: MLP_Brazillian_Houses_outer2
[I 2025-05-11 04:49:35,329] Trial 0 finished with value: 270271840.6440488 and parameters: {'n_blocks': 2, 'd_block': 256, 'dropout': 0.07412206496455205}. Best is trial 0 with value: 270271840.6440488.
[I 2025-05-11 04:49:36,010] Trial 1 finished with value: 270259514.54963905 and parameters: {'n_blocks': 4, 'd_block': 256, 'dropout': 0.17941425654779766}. Best is trial 1 with value: 270259514.54963905.
[I 2025-05-11 04:49:36,621] Trial 2 finished with value: 270330949.187504 and parameters: {'n_blocks': 3, 'd_block': 128, 'dropout': 0.29035323511182465}. Best is trial 1 with value: 270259514.54963905.
[I 2025-05-11 04:49:37,473] Trial 3 finished with value: 270251573.56324834 and parameters: {'n_blocks': 5, 'd_block': 256, 'dropout': 0.07966536105294252}. Best is trial 3 with value: 270251573.56324834.
[I 2025-05-11 04:49:38,210] Trial 4 finished with value: 270230039.8597431 and parameters: {'n_blocks': 5, 'd_block': 256, 'dropout': 0.07606227169851022}. Best is trial 4 with value: 270230039.8597431.
[I 2025-05-11 04:49:38,392] A new study created in memory with name: MLP_Brazillian_Houses_outer3
[I 2025-05-11 04:49:39,104] Trial 0 finished with value: 289144908.3253113 and parameters: {'n_blocks': 5, 'd_block': 64, 'dropout': 0.21460077370532085}. Best is trial 0 with value: 289144908.3253113.
[I 2025-05-11 04:49:39,682] Trial 1 finished with value: 288878625.0322024 and parameters: {'n_blocks': 2, 'd_block': 256, 'dropout': 0.08723343687065407}. Best is trial 1 with value: 288878625.0322024.
[I 2025-05-11 04:49:40,233] Trial 2 finished with value: 289122798.51218337 and parameters: {'n_blocks': 3, 'd_block': 64, 'dropout': 0.1700974129401339}. Best is trial 1 with value: 288878625.0322024.
[I 2025-05-11 04:49:40,747] Trial 3 finished with value: 289128991.7763439 and parameters: {'n_blocks': 3, 'd_block': 64, 'dropout': 0.19424330817559257}. Best is trial 1 with value: 288878625.0322024.
[I 2025-05-11 04:49:41,307] Trial 4 finished with value: 289106113.7526799 and parameters: {'n_blocks': 2, 'd_block': 64, 'dropout': 0.21136317401653193}. Best is trial 1 with value: 288878625.0322024.
[I 2025-05-11 04:49:41,446] A new study created in memory with name: MLP_Brazillian_Houses_outer4
[I 2025-05-11 04:49:42,143] Trial 0 finished with value: 290796772.13190156 and parameters: {'n_blocks': 5, 'd_block': 64, 'dropout': 0.06042247776114851}. Best is trial 0 with value: 290796772.13190156.
[I 2025-05-11 04:49:42,714] Trial 1 finished with value: 290708051.6640197 and parameters: {'n_blocks': 2, 'd_block': 256, 'dropout': 0.26303021396167603}. Best is trial 1 with value: 290708051.6640197.
[I 2025-05-11 04:49:43,295] Trial 2 finished with value: 290797822.2335676 and parameters: {'n_blocks': 4, 'd_block': 64, 'dropout': 0.2753566260857307}. Best is trial 1 with value: 290708051.6640197.
[I 2025-05-11 04:49:44,040] Trial 3 finished with value: 290678854.38801426 and parameters: {'n_blocks': 5, 'd_block': 256, 'dropout': 0.07678813857296692}. Best is trial 3 with value: 290678854.38801426.
[I 2025-05-11 04:49:44,763] Trial 4 finished with value: 290786625.1825601 and parameters: {'n_blocks': 5, 'd_block': 128, 'dropout': 0.12315659453886418}. Best is trial 3 with value: 290678854.38801426.
[I 2025-05-11 04:49:44,943] A new study created in memory with name: MLP_Brazillian_Houses_outer5
[I 2025-05-11 04:49:45,519] Trial 0 finished with value: 335543170.68499446 and parameters: {'n_blocks': 2, 'd_block': 128, 'dropout': 0.0721998536802848}. Best is trial 0 with value: 335543170.68499446.
[I 2025-05-11 04:49:46,042] Trial 1 finished with value: 335542986.1903947 and parameters: {'n_blocks': 3, 'd_block': 128, 'dropout': 0.20159689260918803}. Best is trial 1 with value: 335542986.1903947.
[I 2025-05-11 04:49:46,674] Trial 2 finished with value: 335547873.5264353 and parameters: {'n_blocks': 6, 'd_block': 128, 'dropout': 0.06935914000202223}. Best is trial 1 with value: 335542986.1903947.
[I 2025-05-11 04:49:47,293] Trial 3 finished with value: 335540923.4551613 and parameters: {'n_blocks': 3, 'd_block': 128, 'dropout': 0.060634478735239354}. Best is trial 3 with value: 335540923.4551613.
[I 2025-05-11 04:49:48,065] Trial 4 finished with value: 335546859.36290634 and parameters: {'n_blocks': 6, 'd_block': 128, 'dropout': 0.15173028324778318}. Best is trial 3 with value: 335540923.4551613.
[I 2025-05-11 04:49:52,951] A new study created in memory with name: MLP_Abalone_outer1
[I 2025-05-11 04:49:54,155] Trial 0 finished with value: 104.07374931816621 and parameters: {'n_blocks': 6, 'd_block': 256, 'dropout': 0.0777794841811991}. Best is trial 0 with value: 104.07374931816621.
[I 2025-05-11 04:49:54,439] Trial 1 finished with value: 106.9033886740189 and parameters: {'n_blocks': 5, 'd_block': 64, 'dropout': 0.2795331198759828}. Best is trial 0 with value: 104.07374931816621.
[I 2025-05-11 04:49:54,651] Trial 2 finished with value: 107.01959594889404 and parameters: {'n_blocks': 2, 'd_block': 64, 'dropout': 0.14263582533120603}. Best is trial 0 with value: 104.07374931816621.
[I 2025-05-11 04:49:54,890] Trial 3 finished with value: 104.77671191340627 and parameters: {'n_blocks': 3, 'd_block': 64, 'dropout': 0.10282025577644709}. Best is trial 0 with value: 104.07374931816621.
[I 2025-05-11 04:49:55,157] Trial 4 finished with value: 97.3007042247556 and parameters: {'n_blocks': 4, 'd_block': 256, 'dropout': 0.09858639739693817}. Best is trial 4 with value: 97.3007042247556.
[I 2025-05-11 04:49:55,228] A new study created in memory with name: MLP_Abalone_outer2
[I 2025-05-11 04:49:55,445] Trial 0 finished with value: 91.07979475578756 and parameters: {'n_blocks': 2, 'd_block': 256, 'dropout': 0.26260863684340474}. Best is trial 0 with value: 91.07979475578756.
[I 2025-05-11 04:49:55,689] Trial 1 finished with value: 103.04372324743295 and parameters: {'n_blocks': 3, 'd_block': 128, 'dropout': 0.061788168968836155}. Best is trial 0 with value: 91.07979475578756.
[I 2025-05-11 04:49:55,899] Trial 2 finished with value: 101.83855358843229 and parameters: {'n_blocks': 2, 'd_block': 128, 'dropout': 0.2014243185398815}. Best is trial 0 with value: 91.07979475578756.
[I 2025-05-11 04:49:56,166] Trial 3 finished with value: 98.59497954953358 and parameters: {'n_blocks': 4, 'd_block': 256, 'dropout': 0.29269029147763165}. Best is trial 0 with value: 91.07979475578756.
[I 2025-05-11 04:49:56,382] Trial 4 finished with value: 91.74157820531775 and parameters: {'n_blocks': 2, 'd_block': 256, 'dropout': 0.18762151103584207}. Best is trial 0 with value: 91.07979475578756.
[I 2025-05-11 04:49:56,435] A new study created in memory with name: MLP_Abalone_outer3
[I 2025-05-11 04:49:56,701] Trial 0 finished with value: 105.24452860366878 and parameters: {'n_blocks': 4, 'd_block': 128, 'dropout': 0.07594823583113375}. Best is trial 0 with value: 105.24452860366878.
[I 2025-05-11 04:49:56,999] Trial 1 finished with value: 107.3805663204505 and parameters: {'n_blocks': 6, 'd_block': 64, 'dropout': 0.23525956249491442}. Best is trial 0 with value: 105.24452860366878.
[I 2025-05-11 04:49:57,233] Trial 2 finished with value: 108.77363274203542 and parameters: {'n_blocks': 3, 'd_block': 64, 'dropout': 0.29878871026758735}. Best is trial 0 with value: 105.24452860366878.
[I 2025-05-11 04:49:57,471] Trial 3 finished with value: 104.37445699429693 and parameters: {'n_blocks': 3, 'd_block': 128, 'dropout': 0.14826880608441023}. Best is trial 3 with value: 104.37445699429693.
[I 2025-05-11 04:49:57,740] Trial 4 finished with value: 98.34202140308805 and parameters: {'n_blocks': 4, 'd_block': 256, 'dropout': 0.12746289847967932}. Best is trial 4 with value: 98.34202140308805.
[I 2025-05-11 04:49:57,805] A new study created in memory with name: MLP_Abalone_outer4
[I 2025-05-11 04:49:58,021] Trial 0 finished with value: 105.13107148832799 and parameters: {'n_blocks': 2, 'd_block': 64, 'dropout': 0.09181212049004214}. Best is trial 0 with value: 105.13107148832799.
[I 2025-05-11 04:49:58,294] Trial 1 finished with value: 105.55917500106564 and parameters: {'n_blocks': 4, 'd_block': 64, 'dropout': 0.1614426938965828}. Best is trial 0 with value: 105.13107148832799.
[I 2025-05-11 04:49:58,575] Trial 2 finished with value: 105.86295838143353 and parameters: {'n_blocks': 5, 'd_block': 128, 'dropout': 0.11745428936781918}. Best is trial 0 with value: 105.13107148832799.
[I 2025-05-11 04:49:58,922] Trial 3 finished with value: 106.52537286199583 and parameters: {'n_blocks': 6, 'd_block': 128, 'dropout': 0.1001947591387491}. Best is trial 0 with value: 105.13107148832799.
[I 2025-05-11 04:49:59,136] Trial 4 finished with value: 104.73388624371815 and parameters: {'n_blocks': 2, 'd_block': 64, 'dropout': 0.2730414436996844}. Best is trial 4 with value: 104.73388624371815.
[I 2025-05-11 04:49:59,189] A new study created in memory with name: MLP_Abalone_outer5
[I 2025-05-11 04:49:59,424] Trial 0 finished with value: 106.55424480611305 and parameters: {'n_blocks': 3, 'd_block': 64, 'dropout': 0.04394049342194984}. Best is trial 0 with value: 106.55424480611305.
[I 2025-05-11 04:49:59,634] Trial 1 finished with value: 106.79533104374862 and parameters: {'n_blocks': 2, 'd_block': 64, 'dropout': 0.00875244267235452}. Best is trial 0 with value: 106.55424480611305.
[I 2025-05-11 04:49:59,930] Trial 2 finished with value: 102.21291779113736 and parameters: {'n_blocks': 5, 'd_block': 256, 'dropout': 0.0900604782018657}. Best is trial 2 with value: 102.21291779113736.
[I 2025-05-11 04:50:00,140] Trial 3 finished with value: 93.59709685333539 and parameters: {'n_blocks': 2, 'd_block': 256, 'dropout': 0.03190847875416855}. Best is trial 3 with value: 93.59709685333539.
[I 2025-05-11 04:50:00,356] Trial 4 finished with value: 107.46410027068745 and parameters: {'n_blocks': 4, 'd_block': 64, 'dropout': 0.050663601283583874}. Best is trial 3 with value: 93.59709685333539.
