[I 2025-05-02 11:37:04,060] A new study created in memory with name: SAINT_Abalone_outer1
[I 2025-05-02 11:55:51,807] Trial 0 finished with value: 1.4687963666666666 and parameters: {'dim': 128, 'depth': 6, 'heads': 8, 'dropout': 0.5}. Best is trial 0 with value: 1.4687963666666666.
[I 2025-05-02 12:03:10,471] Trial 1 finished with value: 1.4557645666666668 and parameters: {'dim': 32, 'depth': 3, 'heads': 8, 'dropout': 0.3}. Best is trial 1 with value: 1.4557645666666668.
[I 2025-05-02 12:33:20,735] Trial 2 finished with value: 1.4702649333333333 and parameters: {'dim': 128, 'depth': 12, 'heads': 2, 'dropout': 0.4}. Best is trial 1 with value: 1.4557645666666668.
[I 2025-05-02 12:45:57,355] Trial 3 finished with value: 1.4627499333333334 and parameters: {'dim': 64, 'depth': 12, 'heads': 4, 'dropout': 0.1}. Best is trial 1 with value: 1.4557645666666668.
[I 2025-05-02 13:03:59,887] Trial 4 finished with value: 1.4698760666666666 and parameters: {'dim': 128, 'depth': 6, 'heads': 8, 'dropout': 0.6}. Best is trial 1 with value: 1.4557645666666668.
[I 2025-05-02 13:05:08,432] A new study created in memory with name: SAINT_Abalone_outer2
[I 2025-05-02 13:13:37,707] Trial 0 finished with value: 1.3973249666666667 and parameters: {'dim': 32, 'depth': 12, 'heads': 4, 'dropout': 0.2}. Best is trial 0 with value: 1.3973249666666667.
[I 2025-05-02 13:22:00,576] Trial 1 finished with value: 1.3843395333333333 and parameters: {'dim': 128, 'depth': 2, 'heads': 8, 'dropout': 0}. Best is trial 1 with value: 1.3843395333333333.
[I 2025-05-02 13:40:57,496] Trial 2 finished with value: 1.3788012 and parameters: {'dim': 256, 'depth': 1, 'heads': 4, 'dropout': 0.2}. Best is trial 2 with value: 1.3788012.
[I 2025-05-02 14:14:14,045] Trial 3 finished with value: 1.3918109 and parameters: {'dim': 256, 'depth': 2, 'heads': 2, 'dropout': 0.2}. Best is trial 2 with value: 1.3788012.
[I 2025-05-02 14:52:37,364] Trial 4 finished with value: 1.3881815333333332 and parameters: {'dim': 256, 'depth': 2, 'heads': 4, 'dropout': 0.8}. Best is trial 2 with value: 1.3788012.
[I 2025-05-02 14:57:48,781] A new study created in memory with name: SAINT_Abalone_outer3
[I 2025-05-02 15:08:33,811] Trial 0 finished with value: 1.342051 and parameters: {'dim': 32, 'depth': 12, 'heads': 4, 'dropout': 0.1}. Best is trial 0 with value: 1.342051.
[I 2025-05-02 15:17:02,312] Trial 1 finished with value: 1.3399303666666669 and parameters: {'dim': 64, 'depth': 3, 'heads': 4, 'dropout': 0.1}. Best is trial 1 with value: 1.3399303666666669.
[I 2025-05-02 15:37:20,091] Trial 2 finished with value: 1.3537945333333332 and parameters: {'dim': 256, 'depth': 1, 'heads': 8, 'dropout': 0}. Best is trial 1 with value: 1.3399303666666669.
[I 2025-05-02 15:46:03,955] Trial 3 finished with value: 1.3396431333333336 and parameters: {'dim': 32, 'depth': 6, 'heads': 4, 'dropout': 0.4}. Best is trial 3 with value: 1.3396431333333336.
[I 2025-05-02 15:53:38,379] Trial 4 finished with value: 1.3499186333333335 and parameters: {'dim': 32, 'depth': 6, 'heads': 2, 'dropout': 0.1}. Best is trial 3 with value: 1.3396431333333336.
[I 2025-05-02 15:55:10,357] A new study created in memory with name: SAINT_Abalone_outer4
[I 2025-05-02 16:09:30,383] Trial 0 finished with value: 1.4330604 and parameters: {'dim': 32, 'depth': 12, 'heads': 2, 'dropout': 0.6}. Best is trial 0 with value: 1.4330604.
[W 2025-05-02 16:09:55,510] Trial 1 failed with parameters: {'dim': 256, 'depth': 6, 'heads': 2, 'dropout': 0.6} because of the following error: AttributeError("'float' object has no attribute 'get_results'").
Traceback (most recent call last):
  File "/home/mburu/.local/lib/python3.8/site-packages/optuna/study/_optimize.py", line 197, in _run_trial
    value_or_values = func(trial)
  File "train.py", line 1032, in __call__
    print(f"Trial Results B4 Saving: {inner_sc.get_results()}")
AttributeError: 'float' object has no attribute 'get_results'
[W 2025-05-02 16:09:55,517] Trial 1 failed with value None.
[I 2025-05-02 16:09:55,518] A new study created in memory with name: SAINT_Abalone_outer5
[I 2025-05-02 16:23:51,807] Trial 0 finished with value: 1.4253481666666667 and parameters: {'dim': 64, 'depth': 6, 'heads': 2, 'dropout': 0.6}. Best is trial 0 with value: 1.4253481666666667.
[I 2025-05-02 16:34:05,025] Trial 1 finished with value: 1.412201166666667 and parameters: {'dim': 32, 'depth': 3, 'heads': 4, 'dropout': 0.7}. Best is trial 1 with value: 1.412201166666667.
[I 2025-05-02 16:51:18,884] Trial 2 finished with value: 1.4117932 and parameters: {'dim': 128, 'depth': 6, 'heads': 2, 'dropout': 0.4}. Best is trial 2 with value: 1.4117932.
[I 2025-05-02 17:01:37,833] Trial 3 finished with value: 1.4148034666666667 and parameters: {'dim': 128, 'depth': 1, 'heads': 8, 'dropout': 0.6}. Best is trial 2 with value: 1.4117932.
[I 2025-05-02 17:12:07,037] Trial 4 finished with value: 1.4222768666666668 and parameters: {'dim': 32, 'depth': 3, 'heads': 2, 'dropout': 0.8}. Best is trial 2 with value: 1.4117932.
Traceback (most recent call last):
  File "train.py", line 1176, in <module>
    main(arguments)
  File "train.py", line 1047, in main
    agg_scorer, avg_train_time, avg_test_time = nested_cross_validation(
  File "train.py", line 697, in nested_cross_validation
    best_loss_dict = [loss_per_fold[i][0] for i in range(len(loss_per_fold))]
  File "train.py", line 697, in <listcomp>
    best_loss_dict = [loss_per_fold[i][0] for i in range(len(loss_per_fold))]
KeyError: 3
srun: error: stud-000: task 0: Exited with exit code 1
[I 2025-05-02 17:16:56,857] A new study created in memory with name: SAINT_House_Sales_outer1
[I 2025-05-02 17:53:33,267] Trial 0 finished with value: 3.5182325666666663 and parameters: {'dim': 256, 'depth': 1, 'heads': 4, 'dropout': 0.6}. Best is trial 0 with value: 3.5182325666666663.
[I 2025-05-02 19:08:54,969] Trial 1 finished with value: 3.5044553666666665 and parameters: {'dim': 256, 'depth': 6, 'heads': 2, 'dropout': 0.8}. Best is trial 1 with value: 3.5044553666666665.
[I 2025-05-02 20:45:26,849] Trial 2 finished with value: 4.084365066666666 and parameters: {'dim': 256, 'depth': 12, 'heads': 8, 'dropout': 0.8}. Best is trial 1 with value: 3.5044553666666665.
[I 2025-05-02 21:41:11,224] Trial 3 finished with value: 3.4973591999999996 and parameters: {'dim': 256, 'depth': 6, 'heads': 8, 'dropout': 0.6}. Best is trial 3 with value: 3.4973591999999996.
[I 2025-05-02 22:15:54,686] Trial 4 finished with value: 3.522639533333333 and parameters: {'dim': 256, 'depth': 1, 'heads': 8, 'dropout': 0.5}. Best is trial 3 with value: 3.4973591999999996.
[I 2025-05-02 22:28:32,748] A new study created in memory with name: SAINT_House_Sales_outer2
[I 2025-05-03 00:07:24,127] Trial 0 finished with value: 3.5217915 and parameters: {'dim': 64, 'depth': 12, 'heads': 8, 'dropout': 0.7}. Best is trial 0 with value: 3.5217915.
