[I 2025-05-11 04:50:06,287] A new study created in memory with name: MLP_Boston_outer1
[I 2025-05-11 04:50:07,167] Trial 0 finished with value: 496.51896093051016 and parameters: {'n_blocks': 6, 'd_block': 256, 'dropout': 0.19550379143894667}. Best is trial 0 with value: 496.51896093051016.
[I 2025-05-11 04:50:07,231] Trial 1 finished with value: 494.35317686953357 and parameters: {'n_blocks': 2, 'd_block': 64, 'dropout': 0.13205039404954955}. Best is trial 1 with value: 494.35317686953357.
[I 2025-05-11 04:50:07,312] Trial 2 finished with value: 498.8356047734269 and parameters: {'n_blocks': 5, 'd_block': 64, 'dropout': 0.19422097961980864}. Best is trial 1 with value: 494.35317686953357.
[I 2025-05-11 04:50:07,374] Trial 3 finished with value: 494.2331300293129 and parameters: {'n_blocks': 2, 'd_block': 128, 'dropout': 0.28832811026160676}. Best is trial 3 with value: 494.2331300293129.
[I 2025-05-11 04:50:07,443] Trial 4 finished with value: 494.166125140756 and parameters: {'n_blocks': 3, 'd_block': 128, 'dropout': 0.13139384645181054}. Best is trial 4 with value: 494.166125140756.
[I 2025-05-11 04:50:07,457] A new study created in memory with name: MLP_Boston_outer2
[I 2025-05-11 04:50:07,531] Trial 0 finished with value: 535.5067746606205 and parameters: {'n_blocks': 3, 'd_block': 256, 'dropout': 0.2526810186453686}. Best is trial 0 with value: 535.5067746606205.
[I 2025-05-11 04:50:07,628] Trial 1 finished with value: 537.5731025784401 and parameters: {'n_blocks': 6, 'd_block': 256, 'dropout': 0.11279582526302624}. Best is trial 0 with value: 535.5067746606205.
[I 2025-05-11 04:50:07,696] Trial 2 finished with value: 537.8043608283668 and parameters: {'n_blocks': 3, 'd_block': 64, 'dropout': 0.24980190857718418}. Best is trial 0 with value: 535.5067746606205.
[I 2025-05-11 04:50:07,770] Trial 3 finished with value: 532.9791731160767 and parameters: {'n_blocks': 3, 'd_block': 256, 'dropout': 0.09840577339645157}. Best is trial 3 with value: 532.9791731160767.
[I 2025-05-11 04:50:07,846] Trial 4 finished with value: 535.799092029801 and parameters: {'n_blocks': 4, 'd_block': 128, 'dropout': 0.02924669372435806}. Best is trial 3 with value: 532.9791731160767.
[I 2025-05-11 04:50:07,861] A new study created in memory with name: MLP_Boston_outer3
[I 2025-05-11 04:50:07,923] Trial 0 finished with value: 512.2971500266825 and parameters: {'n_blocks': 2, 'd_block': 64, 'dropout': 0.06871437182306149}. Best is trial 0 with value: 512.2971500266825.
[I 2025-05-11 04:50:07,985] Trial 1 finished with value: 515.521041046283 and parameters: {'n_blocks': 2, 'd_block': 64, 'dropout': 0.1362075649633122}. Best is trial 0 with value: 512.2971500266825.
[I 2025-05-11 04:50:08,059] Trial 2 finished with value: 509.86106647570466 and parameters: {'n_blocks': 3, 'd_block': 256, 'dropout': 0.051261057923388476}. Best is trial 2 with value: 509.86106647570466.
[I 2025-05-11 04:50:08,121] Trial 3 finished with value: 510.96276611690485 and parameters: {'n_blocks': 2, 'd_block': 64, 'dropout': 0.022868614349742515}. Best is trial 2 with value: 509.86106647570466.
[I 2025-05-11 04:50:08,195] Trial 4 finished with value: 514.0754719837962 and parameters: {'n_blocks': 4, 'd_block': 64, 'dropout': 0.26342878609330417}. Best is trial 2 with value: 509.86106647570466.
[I 2025-05-11 04:50:08,210] A new study created in memory with name: MLP_Boston_outer4
[I 2025-05-11 04:50:08,281] Trial 0 finished with value: 524.4544408171384 and parameters: {'n_blocks': 3, 'd_block': 128, 'dropout': 0.006006342232187872}. Best is trial 0 with value: 524.4544408171384.
[I 2025-05-11 04:50:08,350] Trial 1 finished with value: 519.7305303677617 and parameters: {'n_blocks': 2, 'd_block': 256, 'dropout': 0.19313939240578717}. Best is trial 1 with value: 519.7305303677617.
[I 2025-05-11 04:50:08,425] Trial 2 finished with value: 520.971060763052 and parameters: {'n_blocks': 3, 'd_block': 256, 'dropout': 0.26140838494541274}. Best is trial 1 with value: 519.7305303677617.
[I 2025-05-11 04:50:08,489] Trial 3 finished with value: 523.3655073141381 and parameters: {'n_blocks': 2, 'd_block': 64, 'dropout': 0.021137738207770592}. Best is trial 1 with value: 519.7305303677617.
[I 2025-05-11 04:50:08,555] Trial 4 finished with value: 521.4665026689388 and parameters: {'n_blocks': 2, 'd_block': 64, 'dropout': 0.06436773084323633}. Best is trial 1 with value: 519.7305303677617.
[I 2025-05-11 04:50:08,570] A new study created in memory with name: MLP_Boston_outer5
[I 2025-05-11 04:50:08,647] Trial 0 finished with value: 537.0840991444546 and parameters: {'n_blocks': 3, 'd_block': 256, 'dropout': 0.028557389623901478}. Best is trial 0 with value: 537.0840991444546.
[I 2025-05-11 04:50:08,730] Trial 1 finished with value: 540.6773644603334 and parameters: {'n_blocks': 5, 'd_block': 128, 'dropout': 0.1122051452804018}. Best is trial 0 with value: 537.0840991444546.
[I 2025-05-11 04:50:08,817] Trial 2 finished with value: 539.4608341041821 and parameters: {'n_blocks': 6, 'd_block': 64, 'dropout': 0.020336793353356655}. Best is trial 0 with value: 537.0840991444546.
[I 2025-05-11 04:50:08,882] Trial 3 finished with value: 544.219830013192 and parameters: {'n_blocks': 2, 'd_block': 128, 'dropout': 0.07037120670900053}. Best is trial 0 with value: 537.0840991444546.
[I 2025-05-11 04:50:08,944] Trial 4 finished with value: 542.2651992487857 and parameters: {'n_blocks': 2, 'd_block': 128, 'dropout': 0.1167237505089786}. Best is trial 0 with value: 537.0840991444546.
[I 2025-05-11 04:50:13,043] A new study created in memory with name: MLP_Socmob_outer1
[I 2025-05-11 04:50:13,939] Trial 0 finished with value: 1621.1310479939202 and parameters: {'n_blocks': 3, 'd_block': 128, 'dropout': 0.05293825161885196}. Best is trial 0 with value: 1621.1310479939202.
[I 2025-05-11 04:50:14,061] Trial 1 finished with value: 1623.0671723657517 and parameters: {'n_blocks': 2, 'd_block': 128, 'dropout': 0.14433271842369572}. Best is trial 0 with value: 1621.1310479939202.
[I 2025-05-11 04:50:14,181] Trial 2 finished with value: 1621.0473909126729 and parameters: {'n_blocks': 2, 'd_block': 128, 'dropout': 0.26982826914413743}. Best is trial 2 with value: 1621.0473909126729.
[I 2025-05-11 04:50:14,310] Trial 3 finished with value: 1623.8781995233126 and parameters: {'n_blocks': 2, 'd_block': 64, 'dropout': 0.0330328554665995}. Best is trial 2 with value: 1621.0473909126729.
[I 2025-05-11 04:50:14,440] Trial 4 finished with value: 1616.450062372704 and parameters: {'n_blocks': 2, 'd_block': 256, 'dropout': 0.10544327949408235}. Best is trial 4 with value: 1616.450062372704.
[I 2025-05-11 04:50:14,469] A new study created in memory with name: MLP_Socmob_outer2
[I 2025-05-11 04:50:14,585] Trial 0 finished with value: 1631.7513920023948 and parameters: {'n_blocks': 2, 'd_block': 64, 'dropout': 0.029731585652669416}. Best is trial 0 with value: 1631.7513920023948.
[I 2025-05-11 04:50:14,728] Trial 1 finished with value: 1632.794495217568 and parameters: {'n_blocks': 5, 'd_block': 64, 'dropout': 0.27759810851101546}. Best is trial 0 with value: 1631.7513920023948.
[I 2025-05-11 04:50:14,866] Trial 2 finished with value: 1632.8185152460542 and parameters: {'n_blocks': 5, 'd_block': 64, 'dropout': 0.015821350675343}. Best is trial 0 with value: 1631.7513920023948.
[I 2025-05-11 04:50:14,989] Trial 3 finished with value: 1628.6428330085964 and parameters: {'n_blocks': 2, 'd_block': 64, 'dropout': 0.20343663875390275}. Best is trial 3 with value: 1628.6428330085964.
[I 2025-05-11 04:50:15,125] Trial 4 finished with value: 1632.2527766285652 and parameters: {'n_blocks': 4, 'd_block': 64, 'dropout': 0.27301689180522454}. Best is trial 3 with value: 1628.6428330085964.
[I 2025-05-11 04:50:15,153] A new study created in memory with name: MLP_Socmob_outer3
[I 2025-05-11 04:50:15,306] Trial 0 finished with value: 1831.6949328893447 and parameters: {'n_blocks': 5, 'd_block': 256, 'dropout': 0.02789114015909941}. Best is trial 0 with value: 1831.6949328893447.
[I 2025-05-11 04:50:15,498] Trial 1 finished with value: 1832.6723286739866 and parameters: {'n_blocks': 5, 'd_block': 256, 'dropout': 0.2636910062850083}. Best is trial 0 with value: 1831.6949328893447.
[I 2025-05-11 04:50:15,665] Trial 2 finished with value: 1831.2301005089757 and parameters: {'n_blocks': 3, 'd_block': 128, 'dropout': 0.2544646224017213}. Best is trial 2 with value: 1831.2301005089757.
[I 2025-05-11 04:50:15,816] Trial 3 finished with value: 1834.1060858263422 and parameters: {'n_blocks': 5, 'd_block': 64, 'dropout': 0.27885468602211266}. Best is trial 2 with value: 1831.2301005089757.
[I 2025-05-11 04:50:15,949] Trial 4 finished with value: 1833.606447532371 and parameters: {'n_blocks': 6, 'd_block': 128, 'dropout': 0.008941403504991773}. Best is trial 2 with value: 1831.2301005089757.
[I 2025-05-11 04:50:15,976] A new study created in memory with name: MLP_Socmob_outer4
[I 2025-05-11 04:50:16,104] Trial 0 finished with value: 1733.333975344547 and parameters: {'n_blocks': 4, 'd_block': 256, 'dropout': 0.1533491137109166}. Best is trial 0 with value: 1733.333975344547.
[I 2025-05-11 04:50:16,219] Trial 1 finished with value: 1734.519846680068 and parameters: {'n_blocks': 3, 'd_block': 64, 'dropout': 0.002506654308264155}. Best is trial 0 with value: 1733.333975344547.
[I 2025-05-11 04:50:16,343] Trial 2 finished with value: 1736.4143314717835 and parameters: {'n_blocks': 4, 'd_block': 128, 'dropout': 0.15231497416774845}. Best is trial 0 with value: 1733.333975344547.
[I 2025-05-11 04:50:16,464] Trial 3 finished with value: 1731.7681584058155 and parameters: {'n_blocks': 3, 'd_block': 256, 'dropout': 0.2713416938393725}. Best is trial 3 with value: 1731.7681584058155.
[I 2025-05-11 04:50:16,607] Trial 4 finished with value: 1735.630383104659 and parameters: {'n_blocks': 6, 'd_block': 256, 'dropout': 0.08410302769881606}. Best is trial 3 with value: 1731.7681584058155.
[I 2025-05-11 04:50:16,635] A new study created in memory with name: MLP_Socmob_outer5
[I 2025-05-11 04:50:16,755] Trial 0 finished with value: 1852.5583638615965 and parameters: {'n_blocks': 4, 'd_block': 64, 'dropout': 0.07087909690487988}. Best is trial 0 with value: 1852.5583638615965.
[I 2025-05-11 04:50:16,886] Trial 1 finished with value: 1850.8515192462332 and parameters: {'n_blocks': 6, 'd_block': 128, 'dropout': 0.028664349990552646}. Best is trial 1 with value: 1850.8515192462332.
[I 2025-05-11 04:50:17,018] Trial 2 finished with value: 1852.1826027508232 and parameters: {'n_blocks': 6, 'd_block': 128, 'dropout': 0.10615009054055041}. Best is trial 1 with value: 1850.8515192462332.
[I 2025-05-11 04:50:17,147] Trial 3 finished with value: 1849.6277120923187 and parameters: {'n_blocks': 4, 'd_block': 256, 'dropout': 0.08171796953889225}. Best is trial 3 with value: 1849.6277120923187.
[I 2025-05-11 04:50:17,274] Trial 4 finished with value: 1851.9506941274362 and parameters: {'n_blocks': 5, 'd_block': 128, 'dropout': 0.2667620413206347}. Best is trial 3 with value: 1849.6277120923187.
[I 2025-05-11 04:50:21,560] A new study created in memory with name: MLP_Sensory_outer1
[I 2025-05-11 04:50:22,442] Trial 0 finished with value: 231.1981813820541 and parameters: {'n_blocks': 2, 'd_block': 128, 'dropout': 0.22847986154060856}. Best is trial 0 with value: 231.1981813820541.
[I 2025-05-11 04:50:22,553] Trial 1 finished with value: 229.78468614616236 and parameters: {'n_blocks': 2, 'd_block': 64, 'dropout': 0.18276811796133696}. Best is trial 1 with value: 229.78468614616236.
[I 2025-05-11 04:50:22,674] Trial 2 finished with value: 227.87398929281912 and parameters: {'n_blocks': 3, 'd_block': 256, 'dropout': 0.22721055350156052}. Best is trial 2 with value: 227.87398929281912.
[I 2025-05-11 04:50:22,787] Trial 3 finished with value: 227.53786469592623 and parameters: {'n_blocks': 4, 'd_block': 128, 'dropout': 0.13341122224694923}. Best is trial 3 with value: 227.53786469592623.
[I 2025-05-11 04:50:22,903] Trial 4 finished with value: 228.318371363708 and parameters: {'n_blocks': 4, 'd_block': 256, 'dropout': 0.20221079635990236}. Best is trial 3 with value: 227.53786469592623.
[I 2025-05-11 04:50:22,925] A new study created in memory with name: MLP_Sensory_outer2
[I 2025-05-11 04:50:23,048] Trial 0 finished with value: 222.29769846044763 and parameters: {'n_blocks': 4, 'd_block': 256, 'dropout': 0.06079574757569265}. Best is trial 0 with value: 222.29769846044763.
[I 2025-05-11 04:50:23,153] Trial 1 finished with value: 225.9430237858584 and parameters: {'n_blocks': 3, 'd_block': 64, 'dropout': 0.01976365844445686}. Best is trial 0 with value: 222.29769846044763.
[I 2025-05-11 04:50:23,287] Trial 2 finished with value: 221.7025220995878 and parameters: {'n_blocks': 2, 'd_block': 128, 'dropout': 0.24271771220409039}. Best is trial 2 with value: 221.7025220995878.
[I 2025-05-11 04:50:23,403] Trial 3 finished with value: 223.20277731084244 and parameters: {'n_blocks': 6, 'd_block': 256, 'dropout': 0.10582399888353249}. Best is trial 2 with value: 221.7025220995878.
[I 2025-05-11 04:50:23,495] Trial 4 finished with value: 222.57264332384997 and parameters: {'n_blocks': 3, 'd_block': 128, 'dropout': 0.13851473566932856}. Best is trial 2 with value: 221.7025220995878.
[I 2025-05-11 04:50:23,513] A new study created in memory with name: MLP_Sensory_outer3
[I 2025-05-11 04:50:23,608] Trial 0 finished with value: 224.83343627947184 and parameters: {'n_blocks': 4, 'd_block': 64, 'dropout': 0.2914722115242578}. Best is trial 0 with value: 224.83343627947184.
[I 2025-05-11 04:50:23,717] Trial 1 finished with value: 224.34484035667612 and parameters: {'n_blocks': 5, 'd_block': 256, 'dropout': 0.0038252538751979183}. Best is trial 1 with value: 224.34484035667612.
[I 2025-05-11 04:50:23,817] Trial 2 finished with value: 226.80466234820847 and parameters: {'n_blocks': 5, 'd_block': 128, 'dropout': 0.03743460478466537}. Best is trial 1 with value: 224.34484035667612.
[I 2025-05-11 04:50:23,909] Trial 3 finished with value: 226.86522871660623 and parameters: {'n_blocks': 3, 'd_block': 64, 'dropout': 0.02700175839891642}. Best is trial 1 with value: 224.34484035667612.
[I 2025-05-11 04:50:23,998] Trial 4 finished with value: 223.1926010318983 and parameters: {'n_blocks': 2, 'd_block': 256, 'dropout': 0.16215696303563998}. Best is trial 4 with value: 223.1926010318983.
[I 2025-05-11 04:50:24,017] A new study created in memory with name: MLP_Sensory_outer4
[I 2025-05-11 04:50:24,104] Trial 0 finished with value: 228.62149974417724 and parameters: {'n_blocks': 2, 'd_block': 64, 'dropout': 0.22936549564412065}. Best is trial 0 with value: 228.62149974417724.
[I 2025-05-11 04:50:24,191] Trial 1 finished with value: 226.51293196823798 and parameters: {'n_blocks': 2, 'd_block': 64, 'dropout': 0.17215423273307034}. Best is trial 1 with value: 226.51293196823798.
[I 2025-05-11 04:50:24,296] Trial 2 finished with value: 230.01420465089473 and parameters: {'n_blocks': 6, 'd_block': 128, 'dropout': 0.28838778193809816}. Best is trial 1 with value: 226.51293196823798.
[I 2025-05-11 04:50:24,394] Trial 3 finished with value: 227.5062804099047 and parameters: {'n_blocks': 3, 'd_block': 256, 'dropout': 0.2629184305671832}. Best is trial 1 with value: 226.51293196823798.
[I 2025-05-11 04:50:24,483] Trial 4 finished with value: 227.81585249851506 and parameters: {'n_blocks': 3, 'd_block': 64, 'dropout': 0.2276785099265986}. Best is trial 1 with value: 226.51293196823798.
[I 2025-05-11 04:50:24,501] A new study created in memory with name: MLP_Sensory_outer5
[I 2025-05-11 04:50:24,610] Trial 0 finished with value: 228.14724687499157 and parameters: {'n_blocks': 6, 'd_block': 128, 'dropout': 0.18309167865159348}. Best is trial 0 with value: 228.14724687499157.
[I 2025-05-11 04:50:24,706] Trial 1 finished with value: 225.83506462786278 and parameters: {'n_blocks': 4, 'd_block': 128, 'dropout': 0.13003065606981073}. Best is trial 1 with value: 225.83506462786278.
[I 2025-05-11 04:50:24,792] Trial 2 finished with value: 227.51105386945233 and parameters: {'n_blocks': 2, 'd_block': 128, 'dropout': 0.26791691609201196}. Best is trial 1 with value: 225.83506462786278.
[I 2025-05-11 04:50:24,879] Trial 3 finished with value: 224.11823974883117 and parameters: {'n_blocks': 2, 'd_block': 128, 'dropout': 0.147217123732536}. Best is trial 3 with value: 224.11823974883117.
[I 2025-05-11 04:50:24,978] Trial 4 finished with value: 227.15971466169367 and parameters: {'n_blocks': 5, 'd_block': 64, 'dropout': 0.2546704228323054}. Best is trial 3 with value: 224.11823974883117.
[I 2025-05-11 04:50:29,331] A new study created in memory with name: MLP_Moneyball_outer1
[I 2025-05-11 04:50:30,254] Trial 0 finished with value: 505683.18143005186 and parameters: {'n_blocks': 5, 'd_block': 64, 'dropout': 0.2823048889068464}. Best is trial 0 with value: 505683.18143005186.
[I 2025-05-11 04:50:30,400] Trial 1 finished with value: 505513.6771547251 and parameters: {'n_blocks': 2, 'd_block': 256, 'dropout': 0.14659014255712627}. Best is trial 1 with value: 505513.6771547251.
[I 2025-05-11 04:50:30,550] Trial 2 finished with value: 505750.34685454646 and parameters: {'n_blocks': 3, 'd_block': 64, 'dropout': 0.07741653382035975}. Best is trial 1 with value: 505513.6771547251.
[I 2025-05-11 04:50:30,737] Trial 3 finished with value: 505632.0551946036 and parameters: {'n_blocks': 6, 'd_block': 256, 'dropout': 0.28619033863730314}. Best is trial 1 with value: 505513.6771547251.
[I 2025-05-11 04:50:30,868] Trial 4 finished with value: 505727.85363376874 and parameters: {'n_blocks': 2, 'd_block': 64, 'dropout': 0.006299755696302699}. Best is trial 1 with value: 505513.6771547251.
[I 2025-05-11 04:50:30,897] A new study created in memory with name: MLP_Moneyball_outer2
[I 2025-05-11 04:50:31,025] Trial 0 finished with value: 506976.72281649645 and parameters: {'n_blocks': 2, 'd_block': 64, 'dropout': 0.28375267774970203}. Best is trial 0 with value: 506976.72281649645.
[I 2025-05-11 04:50:31,169] Trial 1 finished with value: 506755.11798402027 and parameters: {'n_blocks': 3, 'd_block': 256, 'dropout': 0.2611358156393359}. Best is trial 1 with value: 506755.11798402027.
[I 2025-05-11 04:50:31,355] Trial 2 finished with value: 507000.3003976812 and parameters: {'n_blocks': 4, 'd_block': 64, 'dropout': 0.03283426286975186}. Best is trial 1 with value: 506755.11798402027.
[I 2025-05-11 04:50:31,543] Trial 3 finished with value: 506772.03057077166 and parameters: {'n_blocks': 2, 'd_block': 256, 'dropout': 0.21443919972248932}. Best is trial 1 with value: 506755.11798402027.
[I 2025-05-11 04:50:31,684] Trial 4 finished with value: 506892.41620184126 and parameters: {'n_blocks': 3, 'd_block': 64, 'dropout': 0.1560183646902256}. Best is trial 1 with value: 506755.11798402027.
[I 2025-05-11 04:50:31,716] A new study created in memory with name: MLP_Moneyball_outer3
[I 2025-05-11 04:50:31,863] Trial 0 finished with value: 512596.5523735505 and parameters: {'n_blocks': 3, 'd_block': 128, 'dropout': 0.10066820700693593}. Best is trial 0 with value: 512596.5523735505.
[I 2025-05-11 04:50:31,996] Trial 1 finished with value: 512601.1885714739 and parameters: {'n_blocks': 2, 'd_block': 64, 'dropout': 0.1408652691779541}. Best is trial 0 with value: 512596.5523735505.
[I 2025-05-11 04:50:32,141] Trial 2 finished with value: 512529.9174141221 and parameters: {'n_blocks': 3, 'd_block': 256, 'dropout': 0.26136326976352053}. Best is trial 2 with value: 512529.9174141221.
[I 2025-05-11 04:50:32,289] Trial 3 finished with value: 512469.2527843329 and parameters: {'n_blocks': 3, 'd_block': 256, 'dropout': 0.12546109522893398}. Best is trial 3 with value: 512469.2527843329.
[I 2025-05-11 04:50:32,435] Trial 4 finished with value: 512524.75769314694 and parameters: {'n_blocks': 3, 'd_block': 256, 'dropout': 0.025528045903634538}. Best is trial 3 with value: 512469.2527843329.
[I 2025-05-11 04:50:32,468] A new study created in memory with name: MLP_Moneyball_outer4
[I 2025-05-11 04:50:32,605] Trial 0 finished with value: 518453.01634550607 and parameters: {'n_blocks': 2, 'd_block': 64, 'dropout': 0.07146145557224336}. Best is trial 0 with value: 518453.01634550607.
[I 2025-05-11 04:50:32,747] Trial 1 finished with value: 518498.80456865457 and parameters: {'n_blocks': 3, 'd_block': 64, 'dropout': 0.018840336005202515}. Best is trial 0 with value: 518453.01634550607.
[I 2025-05-11 04:50:32,902] Trial 2 finished with value: 518445.8820461471 and parameters: {'n_blocks': 4, 'd_block': 128, 'dropout': 0.2850328833604079}. Best is trial 2 with value: 518445.8820461471.
[I 2025-05-11 04:50:33,036] Trial 3 finished with value: 518501.60284690856 and parameters: {'n_blocks': 2, 'd_block': 64, 'dropout': 0.24392200870935188}. Best is trial 2 with value: 518445.8820461471.
[I 2025-05-11 04:50:33,221] Trial 4 finished with value: 518418.32783722656 and parameters: {'n_blocks': 6, 'd_block': 256, 'dropout': 0.04372445488402272}. Best is trial 4 with value: 518418.32783722656.
[I 2025-05-11 04:50:33,260] A new study created in memory with name: MLP_Moneyball_outer5
[I 2025-05-11 04:50:33,431] Trial 0 finished with value: 522797.61137304816 and parameters: {'n_blocks': 6, 'd_block': 64, 'dropout': 0.024345601290122063}. Best is trial 0 with value: 522797.61137304816.
[I 2025-05-11 04:50:33,566] Trial 1 finished with value: 522649.37904672965 and parameters: {'n_blocks': 2, 'd_block': 256, 'dropout': 0.21328291472845418}. Best is trial 1 with value: 522649.37904672965.
[I 2025-05-11 04:50:33,723] Trial 2 finished with value: 522711.9330901918 and parameters: {'n_blocks': 4, 'd_block': 256, 'dropout': 0.051668961086060575}. Best is trial 1 with value: 522649.37904672965.
[I 2025-05-11 04:50:33,886] Trial 3 finished with value: 522849.4698063624 and parameters: {'n_blocks': 5, 'd_block': 64, 'dropout': 0.21694522552525142}. Best is trial 1 with value: 522649.37904672965.
