[I 2025-05-11 04:50:34,030] Trial 4 finished with value: 522816.210768779 and parameters: {'n_blocks': 3, 'd_block': 128, 'dropout': 0.061177947243666195}. Best is trial 1 with value: 522649.37904672965.
