[I 2025-05-11 02:54:15,979] A new study created in memory with name: MLP_Allstate_Claims_outer1
[I 2025-05-11 02:59:41,793] Trial 0 finished with value: 4150922.079671207 and parameters: {'n_blocks': 6, 'd_block': 256, 'dropout': 0.1036233510769765}. Best is trial 0 with value: 4150922.079671207.
[I 2025-05-11 03:05:12,549] Trial 1 finished with value: 7113237.63047629 and parameters: {'n_blocks': 4, 'd_block': 64, 'dropout': 0.14478880435413438}. Best is trial 0 with value: 4150922.079671207.
[I 2025-05-11 03:10:59,608] Trial 2 finished with value: 4992412.278222062 and parameters: {'n_blocks': 2, 'd_block': 256, 'dropout': 0.25150312327050484}. Best is trial 0 with value: 4150922.079671207.
[I 2025-05-11 03:16:47,034] Trial 3 finished with value: 4902703.856515475 and parameters: {'n_blocks': 2, 'd_block': 256, 'dropout': 0.15041505180401296}. Best is trial 0 with value: 4150922.079671207.
[I 2025-05-11 03:22:36,568] Trial 4 finished with value: 7201517.081188749 and parameters: {'n_blocks': 2, 'd_block': 64, 'dropout': 0.053488915911331196}. Best is trial 0 with value: 4150922.079671207.
[I 2025-05-11 03:24:07,296] A new study created in memory with name: MLP_Allstate_Claims_outer2
[I 2025-05-11 03:29:41,721] Trial 0 finished with value: 5757123.500848988 and parameters: {'n_blocks': 5, 'd_block': 64, 'dropout': 0.2654601433551883}. Best is trial 0 with value: 5757123.500848988.
[I 2025-05-11 03:35:22,471] Trial 1 finished with value: 4661831.765348679 and parameters: {'n_blocks': 4, 'd_block': 64, 'dropout': 0.28479047806394314}. Best is trial 1 with value: 4661831.765348679.
[I 2025-05-11 03:41:09,426] Trial 2 finished with value: 7143131.963545518 and parameters: {'n_blocks': 2, 'd_block': 64, 'dropout': 0.09922349274823918}. Best is trial 1 with value: 4661831.765348679.
[I 2025-05-11 03:46:56,973] Trial 3 finished with value: 5661821.082111953 and parameters: {'n_blocks': 2, 'd_block': 128, 'dropout': 0.15063583115244272}. Best is trial 1 with value: 4661831.765348679.
[I 2025-05-11 03:52:46,430] Trial 4 finished with value: 7158454.307914289 and parameters: {'n_blocks': 2, 'd_block': 64, 'dropout': 0.2722166085528484}. Best is trial 1 with value: 4661831.765348679.
[I 2025-05-11 03:54:16,628] A new study created in memory with name: MLP_Allstate_Claims_outer3
[I 2025-05-11 03:59:58,640] Trial 0 finished with value: 7151953.9281737525 and parameters: {'n_blocks': 2, 'd_block': 64, 'dropout': 0.02212904417544512}. Best is trial 0 with value: 7151953.9281737525.
[I 2025-05-11 04:05:31,174] Trial 1 finished with value: 4613416.534387842 and parameters: {'n_blocks': 6, 'd_block': 128, 'dropout': 0.2581442266900015}. Best is trial 1 with value: 4613416.534387842.
[I 2025-05-11 04:11:01,939] Trial 2 finished with value: 4400739.954207882 and parameters: {'n_blocks': 5, 'd_block': 128, 'dropout': 0.2020937825243569}. Best is trial 2 with value: 4400739.954207882.
[I 2025-05-11 04:16:32,790] Trial 3 finished with value: 4534850.550534101 and parameters: {'n_blocks': 5, 'd_block': 128, 'dropout': 0.0645106779162756}. Best is trial 2 with value: 4400739.954207882.
[I 2025-05-11 04:21:58,426] Trial 4 finished with value: 6811046.944730456 and parameters: {'n_blocks': 5, 'd_block': 64, 'dropout': 0.21117494966737083}. Best is trial 2 with value: 4400739.954207882.
[I 2025-05-11 04:23:26,400] A new study created in memory with name: MLP_Allstate_Claims_outer4
[I 2025-05-11 04:29:07,443] Trial 0 finished with value: 5304039.6968436595 and parameters: {'n_blocks': 3, 'd_block': 64, 'dropout': 0.28283124634107876}. Best is trial 0 with value: 5304039.6968436595.
[I 2025-05-11 04:34:32,479] Trial 1 finished with value: 4250172.1639790265 and parameters: {'n_blocks': 6, 'd_block': 256, 'dropout': 0.07682853251149886}. Best is trial 1 with value: 4250172.1639790265.
[I 2025-05-11 04:40:05,848] Trial 2 finished with value: 4800467.093453308 and parameters: {'n_blocks': 3, 'd_block': 128, 'dropout': 0.2784838465637747}. Best is trial 1 with value: 4250172.1639790265.
[I 2025-05-11 04:45:36,546] Trial 3 finished with value: 5331719.890089383 and parameters: {'n_blocks': 4, 'd_block': 64, 'dropout': 0.21031756008485786}. Best is trial 1 with value: 4250172.1639790265.
[I 2025-05-11 04:51:33,964] Trial 4 finished with value: 6976169.960552743 and parameters: {'n_blocks': 2, 'd_block': 64, 'dropout': 0.1007123587571248}. Best is trial 1 with value: 4250172.1639790265.
[I 2025-05-11 04:53:07,214] A new study created in memory with name: MLP_Allstate_Claims_outer5
[I 2025-05-11 04:58:44,051] Trial 0 finished with value: 4003044.4943474038 and parameters: {'n_blocks': 4, 'd_block': 256, 'dropout': 0.27603041777059345}. Best is trial 0 with value: 4003044.4943474038.
[I 2025-05-11 05:04:22,242] Trial 1 finished with value: 5820281.230159765 and parameters: {'n_blocks': 5, 'd_block': 64, 'dropout': 0.26745303288812167}. Best is trial 0 with value: 4003044.4943474038.
[I 2025-05-11 05:10:05,449] Trial 2 finished with value: 5777719.890321868 and parameters: {'n_blocks': 2, 'd_block': 256, 'dropout': 0.0844291852233028}. Best is trial 0 with value: 4003044.4943474038.
[I 2025-05-11 05:15:39,864] Trial 3 finished with value: 4525615.39285039 and parameters: {'n_blocks': 2, 'd_block': 256, 'dropout': 0.04842367430265384}. Best is trial 0 with value: 4003044.4943474038.
[I 2025-05-11 05:21:13,866] Trial 4 finished with value: 6683534.143498113 and parameters: {'n_blocks': 2, 'd_block': 64, 'dropout': 0.06706495665016281}. Best is trial 0 with value: 4003044.4943474038.
