Trial 242 finished with value: 4.749485704165542 and parameters: {'num_leaves': 29, 'lambda_l1': 1.4594771507483648e-05, 'lambda_l2': 0.011474146098115453, 'learning_rate': 0.01991354313650155}. Best is trial 163 with value: 4.486410577271952.
Training until validation scores don't improve for 20 rounds
[100]	train's l2: 4.04566	eval's l2: 4.91115
Did not meet early stopping. Best iteration is:
[100]	train's l2: 4.04566	eval's l2: 4.91115
Saved Losses
{'MSE - mean': 4.911145518840307, 'MSE - std': 0.0, 'R2 - mean': 0.5521197567914897, 'R2 - std': 0.0} 
 

Training until validation scores don't improve for 20 rounds
[100]	train's l2: 4.18048	eval's l2: 4.20706
Did not meet early stopping. Best iteration is:
[100]	train's l2: 4.18048	eval's l2: 4.20706
Saved Losses
{'MSE - mean': 4.559103101486407, 'MSE - std': 0.3520424173539003, 'R2 - mean': 0.5518307721131103, 'R2 - std': 0.00028898467837945585} 
 

Training until validation scores don't improve for 20 rounds
[100]	train's l2: 4.03941	eval's l2: 4.90501
Did not meet early stopping. Best iteration is:
[100]	train's l2: 4.03941	eval's l2: 4.90501
Saved Losses
{'MSE - mean': 4.674405215314543, 'MSE - std': 0.3304719816425059, 'R2 - mean': 0.5403383411707003, 'R2 - std': 0.01625446439274497} 
 

Training until validation scores don't improve for 20 rounds
[100]	train's l2: 4.09796	eval's l2: 4.49457
Did not meet early stopping. Best iteration is:
[100]	train's l2: 4.09796	eval's l2: 4.49457
Saved Losses
{'MSE - mean': 4.62944547371132, 'MSE - std': 0.2966023146961758, 'R2 - mean': 0.535113428781915, 'R2 - std': 0.016734839047110886} 
 

Training until validation scores don't improve for 20 rounds
[100]	train's l2: 3.93695	eval's l2: 5.6627
Did not meet early stopping. Best iteration is:
[100]	train's l2: 3.93695	eval's l2: 5.6627
Saved Losses
{'MSE - mean': 4.836095883506076, 'MSE - std': 0.49111700636392613, 'R2 - mean': 0.5344300828169086, 'R2 - std': 0.015030359848577403} 
 

Saving model.....
Results After CV: {'MSE - mean': 4.836095883506076, 'MSE - std': 0.49111700636392613, 'R2 - mean': 0.5344300828169086, 'R2 - std': 0.015030359848577403}
Train time: 0.49345083580000165
Inference time: 0.006895790799995893
Finished cross validation
Hyperparam was saved!!! Hurrah!!!
Trial 243 finished with value: 4.836095883506076 and parameters: {'num_leaves': 22, 'lambda_l1': 5.297348403083089e-06, 'lambda_l2': 0.013009446809951109, 'learning_rate': 0.018721943559546605}. Best is trial 163 with value: 4.486410577271952.
Training until validation scores don't improve for 20 rounds
[100]	train's l2: 3.78583	eval's l2: 4.81322
Did not meet early stopping. Best iteration is:
[100]	train's l2: 3.78583	eval's l2: 4.81322
Saved Losses
{'MSE - mean': 4.813216639529456, 'MSE - std': 0.0, 'R2 - mean': 0.5610505469940243, 'R2 - std': 0.0} 
 

Training until validation scores don't improve for 20 rounds
[100]	train's l2: 3.90363	eval's l2: 4.14512
Did not meet early stopping. Best iteration is:
[100]	train's l2: 3.90363	eval's l2: 4.14512
Saved Losses
{'MSE - mean': 4.479166716080926, 'MSE - std': 0.33404992344852946, 'R2 - mean': 0.5595976702050819, 'R2 - std': 0.0014528767889424588} 
 

Training until validation scores don't improve for 20 rounds
[100]	train's l2: 3.77775	eval's l2: 4.80081
Did not meet early stopping. Best iteration is:
[100]	train's l2: 3.77775	eval's l2: 4.80081
Saved Losses
{'MSE - mean': 4.586379917231315, 'MSE - std': 0.31206127908762793, 'R2 - mean': 0.5489340902997825, 'R2 - std': 0.015127164531706143} 
 

Training until validation scores don't improve for 20 rounds
[100]	train's l2: 3.81058	eval's l2: 4.40797
Did not meet early stopping. Best iteration is:
[100]	train's l2: 3.81058	eval's l2: 4.40797
Saved Losses
{'MSE - mean': 4.5417772122800635, 'MSE - std': 0.28107807686879493, 'R2 - mean': 0.54387499349423, 'R2 - std': 0.015760923562432454} 
 

Training until validation scores don't improve for 20 rounds
[100]	train's l2: 3.68051	eval's l2: 5.50824
Did not meet early stopping. Best iteration is:
[100]	train's l2: 3.68051	eval's l2: 5.50824
Saved Losses
{'MSE - mean': 4.735070293118385, 'MSE - std': 0.4611428939459951, 'R2 - mean': 0.5439940090030537, 'R2 - std': 0.01409900805014428} 
 

Saving model.....
Results After CV: {'MSE - mean': 4.735070293118385, 'MSE - std': 0.4611428939459951, 'R2 - mean': 0.5439940090030537, 'R2 - std': 0.01409900805014428}
Train time: 0.5593898089999982
Inference time: 0.0069490233999999875
Finished cross validation
Hyperparam was saved!!! Hurrah!!!
Trial 244 finished with value: 4.735070293118385 and parameters: {'num_leaves': 26, 'lambda_l1': 3.6442440397706775e-05, 'lambda_l2': 0.0032005639798725087, 'learning_rate': 0.021076963299716076}. Best is trial 163 with value: 4.486410577271952.
Training until validation scores don't improve for 20 rounds
[100]	train's l2: 3.7287	eval's l2: 4.70027
Did not meet early stopping. Best iteration is:
[100]	train's l2: 3.7287	eval's l2: 4.70027
Saved Losses
{'MSE - mean': 4.700273774030856, 'MSE - std': 0.0, 'R2 - mean': 0.5713505631255202, 'R2 - std': 0.0} 
 

Training until validation scores don't improve for 20 rounds
[100]	train's l2: 3.81979	eval's l2: 4.06138
Did not meet early stopping. Best iteration is:
[100]	train's l2: 3.81979	eval's l2: 4.06138
Saved Losses
{'MSE - mean': 4.3808272573334435, 'MSE - std': 0.3194465166974134, 'R2 - mean': 0.5692106659747149, 'R2 - std': 0.0021398971508053144} 
 

Training until validation scores don't improve for 20 rounds
[100]	train's l2: 3.72122	eval's l2: 4.75546
Did not meet early stopping. Best iteration is:
[100]	train's l2: 3.72122	eval's l2: 4.75546
Saved Losses
{'MSE - mean': 4.505703837819876, 'MSE - std': 0.3149905375214359, 'R2 - mean': 0.5568301921165815, 'R2 - std': 0.01759559715140509} 
 

Training until validation scores don't improve for 20 rounds
[100]	train's l2: 3.75359	eval's l2: 4.33377
Did not meet early stopping. Best iteration is:
[100]	train's l2: 3.75359	eval's l2: 4.33377
Saved Losses
{'MSE - mean': 4.462719511453602, 'MSE - std': 0.28276710555777074, 'R2 - mean': 0.5517805138523965, 'R2 - std': 0.017569904127548584} 
 

Training until validation scores don't improve for 20 rounds
[100]	train's l2: 3.59081	eval's l2: 5.39727
Did not meet early stopping. Best iteration is:
[100]	train's l2: 3.59081	eval's l2: 5.39727
Saved Losses
{'MSE - mean': 4.649630486531869, 'MSE - std': 0.45134093455751445, 'R2 - mean': 0.5521538328153086, 'R2 - std': 0.015732726814931937} 
 

Saving model.....
Results After CV: {'MSE - mean': 4.649630486531869, 'MSE - std': 0.45134093455751445, 'R2 - mean': 0.5521538328153086, 'R2 - std': 0.015732726814931937}
Train time: 0.4234558490000097
Inference time: 0.012458030999994207
Finished cross validation
Hyperparam was saved!!! Hurrah!!!
Trial 245 finished with value: 4.649630486531869 and parameters: {'num_leaves': 19, 'lambda_l1': 9.072674676448102e-06, 'lambda_l2': 0.019989254277296937, 'learning_rate': 0.02857215869347151}. Best is trial 163 with value: 4.486410577271952.
Training until validation scores don't improve for 20 rounds
[100]	train's l2: 3.8996	eval's l2: 4.92317
Did not meet early stopping. Best iteration is:
[100]	train's l2: 3.8996	eval's l2: 4.92317
Saved Losses
{'MSE - mean': 4.923173940984924, 'MSE - std': 0.0, 'R2 - mean': 0.5510228044379342, 'R2 - std': 0.0} 
 

Training until validation scores don't improve for 20 rounds
[100]	train's l2: 4.03303	eval's l2: 4.23657
Did not meet early stopping. Best iteration is:
[100]	train's l2: 4.03303	eval's l2: 4.23657
Saved Losses
{'MSE - mean': 4.579870253039667, 'MSE - std': 0.34330368794525645, 'R2 - mean': 0.5497096831753321, 'R2 - std': 0.0013131212626020239} 
 

Training until validation scores don't improve for 20 rounds
[100]	train's l2: 3.88779	eval's l2: 4.87298
Did not meet early stopping. Best iteration is:
[100]	train's l2: 3.88779	eval's l2: 4.87298
Saved Losses
{'MSE - mean': 4.677574125067676, 'MSE - std': 0.3125119325557672, 'R2 - mean': 0.5399747723528526, 'R2 - std': 0.013808928358497617} 
 

Training until validation scores don't improve for 20 rounds
[100]	train's l2: 3.94103	eval's l2: 4.49107
Did not meet early stopping. Best iteration is:
[100]	train's l2: 3.94103	eval's l2: 4.49107
Saved Losses
{'MSE - mean': 4.630947973767014, 'MSE - std': 0.2824354350070867, 'R2 - mean': 0.5349342201801154, 'R2 - std': 0.014806632818634006} 
 

Training until validation scores don't improve for 20 rounds
[100]	train's l2: 3.77318	eval's l2: 5.62226
Did not meet early stopping. Best iteration is:
[100]	train's l2: 3.77318	eval's l2: 5.62226
Saved Losses
{'MSE - mean': 4.829210229009548, 'MSE - std': 0.4701568965500099, 'R2 - mean': 0.5349555624179294, 'R2 - std': 0.01324352378731353} 
 

Saving model.....
Results After CV: {'MSE - mean': 4.829210229009548, 'MSE - std': 0.4701568965500099, 'R2 - mean': 0.5349555624179294, 'R2 - std': 0.01324352378731353}
Train time: 0.6243853307999985
Inference time: 0.0069433615999969335
Finished cross validation
Hyperparam was saved!!! Hurrah!!!
Trial 246 finished with value: 4.829210229009548 and parameters: {'num_leaves': 31, 'lambda_l1': 1.9280837771085552e-05, 'lambda_l2': 3.953490351689699e-05, 'learning_rate': 0.01745407755219077}. Best is trial 163 with value: 4.486410577271952.
Training until validation scores don't improve for 20 rounds
[100]	train's l2: 3.69831	eval's l2: 4.70525
Did not meet early stopping. Best iteration is:
[100]	train's l2: 3.69831	eval's l2: 4.70525
Saved Losses
{'MSE - mean': 4.705247683917138, 'MSE - std': 0.0, 'R2 - mean': 0.570896958979396, 'R2 - std': 0.0} 
 

Training until validation scores don't improve for 20 rounds
[100]	train's l2: 3.7903	eval's l2: 4.11838
Did not meet early stopping. Best iteration is:
[100]	train's l2: 3.7903	eval's l2: 4.11838
Saved Losses
{'MSE - mean': 4.411814154497444, 'MSE - std': 0.29343352941969414, 'R2 - mean': 0.565945867992826, 'R2 - std': 0.004951090986569984} 
 

Training until validation scores don't improve for 20 rounds
[100]	train's l2: 3.68327	eval's l2: 4.73975
Did not meet early stopping. Best iteration is:
[100]	train's l2: 3.68327	eval's l2: 4.73975
Saved Losses
{'MSE - mean': 4.521126651713101, 'MSE - std': 0.28513260345585184, 'R2 - mean': 0.5551687888557547, 'R2 - std': 0.015768102953692777} 
 

Training until validation scores don't improve for 20 rounds
[100]	train's l2: 3.71824	eval's l2: 4.34897
Did not meet early stopping. Best iteration is:
[100]	train's l2: 3.71824	eval's l2: 4.34897
Saved Losses
{'MSE - mean': 4.478087732791856, 'MSE - std': 0.25793894004369083, 'R2 - mean': 0.5501280446948911, 'R2 - std': 0.016208087738981837} 
 

Training until validation scores don't improve for 20 rounds
[100]	train's l2: 3.58074	eval's l2: 5.41167
Did not meet early stopping. Best iteration is:
[100]	train's l2: 3.58074	eval's l2: 5.41167
Saved Losses
{'MSE - mean': 4.664804523701769, 'MSE - std': 0.43895174844562956, 'R2 - mean': 0.550593727046292, 'R2 - std': 0.01452684159524194} 
 

Saving model.....
Results After CV: {'MSE - mean': 4.664804523701769, 'MSE - std': 0.43895174844562956, 'R2 - mean': 0.550593727046292, 'R2 - std': 0.01452684159524194}
Train time: 0.5703137995999953
Inference time: 0.007626450399999385
Finished cross validation
Hyperparam was saved!!! Hurrah!!!
Trial 247 finished with value: 4.664804523701769 and parameters: {'num_leaves': 22, 'lambda_l1': 6.807877842796303e-05, 'lambda_l2': 0.006883497993424759, 'learning_rate': 0.02603241565455395}. Best is trial 163 with value: 4.486410577271952.
Training until validation scores don't improve for 20 rounds
[100]	train's l2: 3.33178	eval's l2: 4.57278
Did not meet early stopping. Best iteration is:
[100]	train's l2: 3.33178	eval's l2: 4.57278
Saved Losses
{'MSE - mean': 4.572776830581767, 'MSE - std': 0.0, 'R2 - mean': 0.5829778630744339, 'R2 - std': 0.0} 
 

Training until validation scores don't improve for 20 rounds
[100]	train's l2: 3.42526	eval's l2: 4.08825
Did not meet early stopping. Best iteration is:
[100]	train's l2: 3.42526	eval's l2: 4.08825
Saved Losses
{'MSE - mean': 4.330515494051994, 'MSE - std': 0.242261336529773, 'R2 - mean': 0.5735920090005511, 'R2 - std': 0.00938585407388276} 
 

Training until validation scores don't improve for 20 rounds
[100]	train's l2: 3.32612	eval's l2: 4.59601
Did not meet early stopping. Best iteration is:
[100]	train's l2: 3.32612	eval's l2: 4.59601
Saved Losses
{'MSE - mean': 4.419014284230551, 'MSE - std': 0.23407500616454344, 'R2 - mean': 0.5649808184298495, 'R2 - std': 0.01438870079451332} 
 

Training until validation scores don't improve for 20 rounds
[100]	train's l2: 3.34934	eval's l2: 4.29375
Did not meet early stopping. Best iteration is:
[100]	train's l2: 3.34934	eval's l2: 4.29375
Saved Losses
{'MSE - mean': 4.38769697073353, 'MSE - std': 0.20984673873379672, 'R2 - mean': 0.5589632634255746, 'R2 - std': 0.016245274316057084} 
 

Training until validation scores don't improve for 20 rounds
[100]	train's l2: 3.2355	eval's l2: 5.2543
Did not meet early stopping. Best iteration is:
[100]	train's l2: 3.2355	eval's l2: 5.2543
Saved Losses
{'MSE - mean': 4.561016885392208, 'MSE - std': 0.3941924584196577, 'R2 - mean': 0.5602648769847745, 'R2 - std': 0.014761569750982672} 
 

Saving model.....
Results After CV: {'MSE - mean': 4.561016885392208, 'MSE - std': 0.3941924584196577, 'R2 - mean': 0.5602648769847745, 'R2 - std': 0.014761569750982672}
Train time: 0.5582990619999976
Inference time: 0.00136629360000029
Finished cross validation
Hyperparam was saved!!! Hurrah!!!
Trial 248 finished with value: 4.561016885392208 and parameters: {'num_leaves': 28, 'lambda_l1': 4.478345440838166e-05, 'lambda_l2': 2.388780636409646, 'learning_rate': 0.0329500643132703}. Best is trial 163 with value: 4.486410577271952.
Training until validation scores don't improve for 20 rounds
[100]	train's l2: 3.10375	eval's l2: 4.8294
Did not meet early stopping. Best iteration is:
[100]	train's l2: 3.10375	eval's l2: 4.8294
Saved Losses
{'MSE - mean': 4.829403900888182, 'MSE - std': 0.0, 'R2 - mean': 0.5595743222463736, 'R2 - std': 0.0} 
 

Training until validation scores don't improve for 20 rounds
[100]	train's l2: 3.2204	eval's l2: 4.21032
Did not meet early stopping. Best iteration is:
[100]	train's l2: 3.2204	eval's l2: 4.21032
Saved Losses
{'MSE - mean': 4.519860869425482, 'MSE - std': 0.3095430314626997, 'R2 - mean': 0.5553844541375382, 'R2 - std': 0.004189868108835371} 
 

Training until validation scores don't improve for 20 rounds
[100]	train's l2: 3.09018	eval's l2: 4.8091
Did not meet early stopping. Best iteration is:
[100]	train's l2: 3.09018	eval's l2: 4.8091
Saved Losses
{'MSE - mean': 4.616272484061417, 'MSE - std': 0.28717298693440496, 'R2 - mean': 0.5458533910814833, 'R2 - std': 0.013906317118607665} 
 

Training until validation scores don't improve for 20 rounds
[100]	train's l2: 3.14799	eval's l2: 4.36973
Did not meet early stopping. Best iteration is:
[100]	train's l2: 3.14799	eval's l2: 4.36973
Saved Losses
{'MSE - mean': 4.554636556473791, 'MSE - std': 0.27064405780911266, 'R2 - mean': 0.5425866377937938, 'R2 - std': 0.013306174242822455} 
 

Training until validation scores don't improve for 20 rounds
[100]	train's l2: 3.02595	eval's l2: 5.47014
Did not meet early stopping. Best iteration is:
[100]	train's l2: 3.02595	eval's l2: 5.47014
Saved Losses
{'MSE - mean': 4.737737438703846, 'MSE - std': 0.43897869779250454, 'R2 - mean': 0.5435935233137921, 'R2 - std': 0.012070571328061053} 
 

Saving model.....
Results After CV: {'MSE - mean': 4.737737438703846, 'MSE - std': 0.43897869779250454, 'R2 - mean': 0.5435935233137921, 'R2 - std': 0.012070571328061053}
Train time: 2.00176482280001
Inference time: 0.00736997839999276
Finished cross validation
Hyperparam was saved!!! Hurrah!!!
Trial 249 finished with value: 4.737737438703846 and parameters: {'num_leaves': 499, 'lambda_l1': 0.00010240741796533027, 'lambda_l2': 0.0007656163962904265, 'learning_rate': 0.018382661835246464}. Best is trial 163 with value: 4.486410577271952.
Training until validation scores don't improve for 20 rounds
[100]	train's l2: 4.06074	eval's l2: 4.85186
Did not meet early stopping. Best iteration is:
[100]	train's l2: 4.06074	eval's l2: 4.85186
Saved Losses
{'MSE - mean': 4.851862451425715, 'MSE - std': 0.0, 'R2 - mean': 0.5575261766481068, 'R2 - std': 0.0} 
 

Training until validation scores don't improve for 20 rounds
[100]	train's l2: 4.17987	eval's l2: 4.1416
Did not meet early stopping. Best iteration is:
[100]	train's l2: 4.17987	eval's l2: 4.1416
Saved Losses
{'MSE - mean': 4.496731021529028, 'MSE - std': 0.3551314298966872, 'R2 - mean': 0.5580229458024974, 'R2 - std': 0.0004967691543906749} 
 

Training until validation scores don't improve for 20 rounds
[100]	train's l2: 4.04747	eval's l2: 4.82339
Did not meet early stopping. Best iteration is:
[100]	train's l2: 4.04747	eval's l2: 4.82339
Saved Losses
{'MSE - mean': 4.6056177653599955, 'MSE - std': 0.3283162108362381, 'R2 - mean': 0.5471434980487866, 'R2 - std': 0.01539120809358223} 
 

Training until validation scores don't improve for 20 rounds
[100]	train's l2: 4.09377	eval's l2: 4.41318
Did not meet early stopping. Best iteration is:
[100]	train's l2: 4.09377	eval's l2: 4.41318
Saved Losses
{'MSE - mean': 4.557507631603494, 'MSE - std': 0.29628939507448465, 'R2 - mean': 0.5423928352514027, 'R2 - std': 0.015664397721530998} 
 

Training until validation scores don't improve for 20 rounds
[100]	train's l2: 3.92214	eval's l2: 5.57148
Did not meet early stopping. Best iteration is:
[100]	train's l2: 3.92214	eval's l2: 5.57148
Saved Losses
{'MSE - mean': 4.760301185130331, 'MSE - std': 0.484490274324522, 'R2 - mean': 0.5417624161662518, 'R2 - std': 0.014067281104546627} 
 

Saving model.....
Results After CV: {'MSE - mean': 4.760301185130331, 'MSE - std': 0.484490274324522, 'R2 - mean': 0.5417624161662518, 'R2 - std': 0.014067281104546627}
Train time: 0.3952327194000077
Inference time: 0.017961920599998394
Finished cross validation
Hyperparam was saved!!! Hurrah!!!
Trial 250 finished with value: 4.760301185130331 and parameters: {'num_leaves': 17, 'lambda_l1': 3.090009954640424e-06, 'lambda_l2': 4.364265503778636, 'learning_rate': 0.02382033511461888}. Best is trial 163 with value: 4.486410577271952.
Training until validation scores don't improve for 20 rounds
[100]	train's l2: 3.43633	eval's l2: 4.61514
Did not meet early stopping. Best iteration is:
[100]	train's l2: 3.43633	eval's l2: 4.61514
Saved Losses
{'MSE - mean': 4.615138412830192, 'MSE - std': 0.0, 'R2 - mean': 0.5791146267505788, 'R2 - std': 0.0} 
 

Training until validation scores don't improve for 20 rounds
[100]	train's l2: 3.51552	eval's l2: 4.03435
Did not meet early stopping. Best iteration is:
[100]	train's l2: 3.51552	eval's l2: 4.03435
Saved Losses
{'MSE - mean': 4.32474259985271, 'MSE - std': 0.29039581297748196, 'R2 - mean': 0.5745335610754618, 'R2 - std': 0.004581065675116902} 
 

Training until validation scores don't improve for 20 rounds
[100]	train's l2: 3.41222	eval's l2: 4.61382
Did not meet early stopping. Best iteration is:
[100]	train's l2: 3.41222	eval's l2: 4.61382
Saved Losses
{'MSE - mean': 4.421102954250215, 'MSE - std': 0.27347843533959687, 'R2 - mean': 0.5650243005808496, 'R2 - std': 0.013958611874225757} 
 

Training until validation scores don't improve for 20 rounds
[100]	train's l2: 3.45244	eval's l2: 4.27553
Did not meet early stopping. Best iteration is:
[100]	train's l2: 3.45244	eval's l2: 4.27553
Saved Losses
{'MSE - mean': 4.384710479814211, 'MSE - std': 0.24508381736371615, 'R2 - mean': 0.5594826834115516, 'R2 - std': 0.01543569553485139} 
 

Training until validation scores don't improve for 20 rounds
[100]	train's l2: 3.324	eval's l2: 5.32378
Did not meet early stopping. Best iteration is:
[100]	train's l2: 3.324	eval's l2: 5.32378
Saved Losses
{'MSE - mean': 4.572524387540552, 'MSE - std': 0.4349127702983812, 'R2 - mean': 0.5595311606849425, 'R2 - std': 0.013806446229926314} 
 

Saving model.....
Results After CV: {'MSE - mean': 4.572524387540552, 'MSE - std': 0.4349127702983812, 'R2 - mean': 0.5595311606849425, 'R2 - std': 0.013806446229926314}
Train time: 0.5211835102000066
Inference time: 0.006857774199994537
Finished cross validation
Hyperparam was saved!!! Hurrah!!!
