Trial 204 finished with value: 3.274207379895825 and parameters: {'num_leaves': 285, 'lambda_l1': 0.06228342761708784, 'lambda_l2': 2.4737070248218973e-08, 'learning_rate': 0.038194840707555806}. Best is trial 175 with value: 3.0347291833074177.
Training until validation scores don't improve for 20 rounds
[100]	train's l2: 1.33101	eval's l2: 3.33129
Did not meet early stopping. Best iteration is:
[100]	train's l2: 1.33101	eval's l2: 3.33129
Saved Losses
{'MSE - mean': 3.3312938837503503, 'MSE - std': 0.0, 'R2 - mean': 0.5711413054679769, 'R2 - std': 0.0} 
 

Training until validation scores don't improve for 20 rounds
[100]	train's l2: 1.31124	eval's l2: 3.40585
Did not meet early stopping. Best iteration is:
[100]	train's l2: 1.31124	eval's l2: 3.40585
Saved Losses
{'MSE - mean': 3.3685732723966613, 'MSE - std': 0.037279388646311196, 'R2 - mean': 0.5568351745095824, 'R2 - std': 0.014306130958394503} 
 

Training until validation scores don't improve for 20 rounds
[100]	train's l2: 1.34011	eval's l2: 3.11299
Did not meet early stopping. Best iteration is:
[100]	train's l2: 1.34011	eval's l2: 3.11299
Saved Losses
{'MSE - mean': 3.283377534938216, 'MSE - std': 0.12427038762608894, 'R2 - mean': 0.560571444245396, 'R2 - std': 0.012820413867864592} 
 

Training until validation scores don't improve for 20 rounds
[100]	train's l2: 1.36295	eval's l2: 2.7953
Did not meet early stopping. Best iteration is:
[100]	train's l2: 1.36295	eval's l2: 2.7953
Saved Losses
{'MSE - mean': 3.1613580682653044, 'MSE - std': 0.2371678681271548, 'R2 - mean': 0.5678867968433172, 'R2 - std': 0.01684682194668304} 
 

Training until validation scores don't improve for 20 rounds
[100]	train's l2: 1.34319	eval's l2: 3.22992
Did not meet early stopping. Best iteration is:
[100]	train's l2: 1.34319	eval's l2: 3.22992
Saved Losses
{'MSE - mean': 3.1750698108974116, 'MSE - std': 0.21389466024569237, 'R2 - mean': 0.5691576149095058, 'R2 - std': 0.015281107354900632} 
 

Saving model.....
Results After CV: {'MSE - mean': 3.1750698108974116, 'MSE - std': 0.21389466024569237, 'R2 - mean': 0.5691576149095058, 'R2 - std': 0.015281107354900632}
Train time: 75.53014905400013
Inference time: 4.341844190000029
Finished cross validation
Hyperparam was saved!!! Hurrah!!!
Trial 205 finished with value: 3.1750698108974116 and parameters: {'num_leaves': 1754, 'lambda_l1': 0.12029046245470525, 'lambda_l2': 1.0749185507505076e-07, 'learning_rate': 0.043335776346225416}. Best is trial 175 with value: 3.0347291833074177.
Training until validation scores don't improve for 20 rounds
[100]	train's l2: 1.45751	eval's l2: 3.35698
Did not meet early stopping. Best iteration is:
[100]	train's l2: 1.45751	eval's l2: 3.35698
Saved Losses
{'MSE - mean': 3.3569811757881074, 'MSE - std': 0.0, 'R2 - mean': 0.5678344166392515, 'R2 - std': 0.0} 
 

Training until validation scores don't improve for 20 rounds
[100]	train's l2: 1.45021	eval's l2: 3.40032
Did not meet early stopping. Best iteration is:
[100]	train's l2: 1.45021	eval's l2: 3.40032
Saved Losses
{'MSE - mean': 3.3786492275194853, 'MSE - std': 0.021668051731377647, 'R2 - mean': 0.5555534837579237, 'R2 - std': 0.012280932881327755} 
 

Training until validation scores don't improve for 20 rounds
[100]	train's l2: 1.47758	eval's l2: 3.11251
Did not meet early stopping. Best iteration is:
[100]	train's l2: 1.47758	eval's l2: 3.11251
Saved Losses
{'MSE - mean': 3.2899364730141847, 'MSE - std': 0.12670007340588982, 'R2 - mean': 0.5597389584206104, 'R2 - std': 0.011644051611349486} 
 

Training until validation scores don't improve for 20 rounds
[100]	train's l2: 1.51068	eval's l2: 2.79636
Did not meet early stopping. Best iteration is:
[100]	train's l2: 1.51068	eval's l2: 2.79636
Saved Losses
{'MSE - mean': 3.166541690132351, 'MSE - std': 0.24024674561408355, 'R2 - mean': 0.5672236331629208, 'R2 - std': 0.016424037915213203} 
 

Training until validation scores don't improve for 20 rounds
[100]	train's l2: 1.48092	eval's l2: 3.25608
Did not meet early stopping. Best iteration is:
[100]	train's l2: 1.48092	eval's l2: 3.25608
Saved Losses
{'MSE - mean': 3.1844500047838205, 'MSE - std': 0.2178477219462041, 'R2 - mean': 0.5679372446349144, 'R2 - std': 0.014759274456562289} 
 

Saving model.....
Results After CV: {'MSE - mean': 3.1844500047838205, 'MSE - std': 0.2178477219462041, 'R2 - mean': 0.5679372446349144, 'R2 - std': 0.014759274456562289}
Train time: 105.71204083860002
Inference time: 4.782801466200089
Finished cross validation
Hyperparam was saved!!! Hurrah!!!
Trial 206 finished with value: 3.1844500047838205 and parameters: {'num_leaves': 2788, 'lambda_l1': 0.017031377578339658, 'lambda_l2': 3.218950773600912e-08, 'learning_rate': 0.034929979225250346}. Best is trial 175 with value: 3.0347291833074177.
Training until validation scores don't improve for 20 rounds
[100]	train's l2: 1.14864	eval's l2: 3.33843
Did not meet early stopping. Best iteration is:
[100]	train's l2: 1.14864	eval's l2: 3.33843
Saved Losses
{'MSE - mean': 3.3384300501707016, 'MSE - std': 0.0, 'R2 - mean': 0.5702226212804535, 'R2 - std': 0.0} 
 

Training until validation scores don't improve for 20 rounds
[100]	train's l2: 1.13329	eval's l2: 3.40385
Did not meet early stopping. Best iteration is:
[100]	train's l2: 1.13329	eval's l2: 3.40385
Saved Losses
{'MSE - mean': 3.3711410386614107, 'MSE - std': 0.03271098849070886, 'R2 - mean': 0.5565101940560087, 'R2 - std': 0.013712427224444879} 
 

Training until validation scores don't improve for 20 rounds
[100]	train's l2: 1.14551	eval's l2: 3.0703
Did not meet early stopping. Best iteration is:
[100]	train's l2: 1.14551	eval's l2: 3.0703
Saved Losses
{'MSE - mean': 3.270859803809523, 'MSE - std': 0.144312131525841, 'R2 - mean': 0.5623292776596438, 'R2 - std': 0.013895223696027909} 
 

Training until validation scores don't improve for 20 rounds
[100]	train's l2: 1.19222	eval's l2: 2.80174
Did not meet early stopping. Best iteration is:
[100]	train's l2: 1.19222	eval's l2: 2.80174
Saved Losses
{'MSE - mean': 3.1535810001242544, 'MSE - std': 0.23850041270549652, 'R2 - mean': 0.5689687487035114, 'R2 - std': 0.016644988987652175} 
 

Training until validation scores don't improve for 20 rounds
[100]	train's l2: 1.14916	eval's l2: 3.20058
Did not meet early stopping. Best iteration is:
[100]	train's l2: 1.14916	eval's l2: 3.20058
Saved Losses
{'MSE - mean': 3.1629809244486946, 'MSE - std': 0.21414806045765283, 'R2 - mean': 0.5707965794395374, 'R2 - std': 0.015329983284971144} 
 

Saving model.....
Results After CV: {'MSE - mean': 3.1629809244486946, 'MSE - std': 0.21414806045765283, 'R2 - mean': 0.5707965794395374, 'R2 - std': 0.015329983284971144}
Train time: 83.49944218199998
Inference time: 4.74062751520014
Finished cross validation
Hyperparam was saved!!! Hurrah!!!
Trial 207 finished with value: 3.1629809244486946 and parameters: {'num_leaves': 2135, 'lambda_l1': 0.3067962060909108, 'lambda_l2': 4.7500502444099027e-08, 'learning_rate': 0.049263371743914236}. Best is trial 175 with value: 3.0347291833074177.
Training until validation scores don't improve for 20 rounds
[100]	train's l2: 1.2724	eval's l2: 3.3425
Did not meet early stopping. Best iteration is:
[100]	train's l2: 1.2724	eval's l2: 3.3425
Saved Losses
{'MSE - mean': 3.342500719163909, 'MSE - std': 0.0, 'R2 - mean': 0.5696985781154795, 'R2 - std': 0.0} 
 

Training until validation scores don't improve for 20 rounds
[100]	train's l2: 1.26453	eval's l2: 3.3694
Did not meet early stopping. Best iteration is:
[100]	train's l2: 1.26453	eval's l2: 3.3694
Saved Losses
{'MSE - mean': 3.355947997524217, 'MSE - std': 0.013447278360307902, 'R2 - mean': 0.5585622718382426, 'R2 - std': 0.01113630627723694} 
 

Training until validation scores don't improve for 20 rounds
[100]	train's l2: 1.2803	eval's l2: 3.1044
Did not meet early stopping. Best iteration is:
[100]	train's l2: 1.2803	eval's l2: 3.1044
Saved Losses
{'MSE - mean': 3.2720991881572044, 'MSE - std': 0.11908735670953606, 'R2 - mean': 0.5621199019961013, 'R2 - std': 0.01039190436576291} 
 

Training until validation scores don't improve for 20 rounds
[100]	train's l2: 1.31472	eval's l2: 2.79083
Did not meet early stopping. Best iteration is:
[100]	train's l2: 1.31472	eval's l2: 2.79083
Saved Losses
{'MSE - mean': 3.151781704765627, 'MSE - std': 0.23251933107829056, 'R2 - mean': 0.5692121312329174, 'R2 - std': 0.015228030204298195} 
 

Training until validation scores don't improve for 20 rounds
[100]	train's l2: 1.28512	eval's l2: 3.21149
Did not meet early stopping. Best iteration is:
[100]	train's l2: 1.28512	eval's l2: 3.21149
Saved Losses
{'MSE - mean': 3.163723550322704, 'MSE - std': 0.20933853482174006, 'R2 - mean': 0.5707036517831163, 'R2 - std': 0.01394320111484726} 
 

Saving model.....
Results After CV: {'MSE - mean': 3.163723550322704, 'MSE - std': 0.20933853482174006, 'R2 - mean': 0.5707036517831163, 'R2 - std': 0.01394320111484726}
Train time: 130.06867112639992
Inference time: 5.606619670799955
Finished cross validation
Hyperparam was saved!!! Hurrah!!!
Trial 208 finished with value: 3.163723550322704 and parameters: {'num_leaves': 3514, 'lambda_l1': 0.04117143267421721, 'lambda_l2': 1.9327298280381995e-08, 'learning_rate': 0.03953242464597588}. Best is trial 175 with value: 3.0347291833074177.
Training until validation scores don't improve for 20 rounds
Early stopping, best iteration is:
[66]	train's l2: 0.360469	eval's l2: 3.32997
Saved Losses
{'MSE - mean': 3.3299696128835525, 'MSE - std': 0.0, 'R2 - mean': 0.5713117872972482, 'R2 - std': 0.0} 
 

Training until validation scores don't improve for 20 rounds
Early stopping, best iteration is:
[57]	train's l2: 0.41524	eval's l2: 3.48932
Saved Losses
{'MSE - mean': 3.4096456591891267, 'MSE - std': 0.0796760463055739, 'R2 - mean': 0.5513146732798255, 'R2 - std': 0.019997114017422657} 
 

Training until validation scores don't improve for 20 rounds
Early stopping, best iteration is:
[27]	train's l2: 0.927059	eval's l2: 3.22389
Saved Losses
{'MSE - mean': 3.3477286863444973, 'MSE - std': 0.1090853089210938, 'R2 - mean': 0.5517612368307624, 'R2 - std': 0.016339784291535746} 
 

Training until validation scores don't improve for 20 rounds
Early stopping, best iteration is:
[10]	train's l2: 2.02466	eval's l2: 2.96769
Saved Losses
{'MSE - mean': 3.252720080291384, 'MSE - std': 0.18974880536982272, 'R2 - mean': 0.5549550788523593, 'R2 - std': 0.015193528016796956} 
 

Training until validation scores don't improve for 20 rounds
Early stopping, best iteration is:
[50]	train's l2: 0.50288	eval's l2: 3.31469
Saved Losses
{'MSE - mean': 3.2651133006669313, 'MSE - std': 0.17151692323653495, 'R2 - mean': 0.5565774247429847, 'R2 - std': 0.013971494538275845} 
 

Saving model.....
Results After CV: {'MSE - mean': 3.2651133006669313, 'MSE - std': 0.17151692323653495, 'R2 - mean': 0.5565774247429847, 'R2 - std': 0.013971494538275845}
Train time: 41.27138989600007
Inference time: 1.6961328827996112
Finished cross validation
Hyperparam was saved!!! Hurrah!!!
Trial 209 finished with value: 3.2651133006669313 and parameters: {'num_leaves': 1591, 'lambda_l1': 0.07387818121721641, 'lambda_l2': 7.709070727486919e-08, 'learning_rate': 0.25332289160182364}. Best is trial 175 with value: 3.0347291833074177.
Training until validation scores don't improve for 20 rounds
[100]	train's l2: 1.5562	eval's l2: 3.36125
Did not meet early stopping. Best iteration is:
[100]	train's l2: 1.5562	eval's l2: 3.36125
Saved Losses
{'MSE - mean': 3.361250136503748, 'MSE - std': 0.0, 'R2 - mean': 0.5672848461169844, 'R2 - std': 0.0} 
 

Training until validation scores don't improve for 20 rounds
[100]	train's l2: 1.5266	eval's l2: 3.43569
Did not meet early stopping. Best iteration is:
[100]	train's l2: 1.5266	eval's l2: 3.43569
Saved Losses
{'MSE - mean': 3.398470478994579, 'MSE - std': 0.03722034249083128, 'R2 - mean': 0.552903027877782, 'R2 - std': 0.01438181823920237} 
 

Training until validation scores don't improve for 20 rounds
[100]	train's l2: 1.57001	eval's l2: 3.10999
Did not meet early stopping. Best iteration is:
[100]	train's l2: 1.57001	eval's l2: 3.10999
Saved Losses
{'MSE - mean': 3.3023113433671925, 'MSE - std': 0.13934391982657718, 'R2 - mean': 0.5580884482065985, 'R2 - std': 0.013844432041437307} 
 

Training until validation scores don't improve for 20 rounds
[100]	train's l2: 1.61096	eval's l2: 2.79571
Did not meet early stopping. Best iteration is:
[100]	train's l2: 1.61096	eval's l2: 2.79571
Saved Losses
{'MSE - mean': 3.175660677079306, 'MSE - std': 0.25036716998834574, 'R2 - mean': 0.5660095458368863, 'R2 - std': 0.018220389318511825} 
 

Training until validation scores don't improve for 20 rounds
[100]	train's l2: 1.57302	eval's l2: 3.29013
Did not meet early stopping. Best iteration is:
[100]	train's l2: 1.57302	eval's l2: 3.29013
Saved Losses
{'MSE - mean': 3.1985551441729902, 'MSE - std': 0.22856859438775431, 'R2 - mean': 0.566068305145146, 'R2 - std': 0.016297235353265917} 
 

Saving model.....
Results After CV: {'MSE - mean': 3.1985551441729902, 'MSE - std': 0.22856859438775431, 'R2 - mean': 0.566068305145146, 'R2 - std': 0.016297235353265917}
Train time: 92.95695708300028
Inference time: 4.420499460400242
Finished cross validation
Hyperparam was saved!!! Hurrah!!!
Trial 210 finished with value: 3.1985551441729902 and parameters: {'num_leaves': 2524, 'lambda_l1': 0.17722234933152112, 'lambda_l2': 2.49960464180105e-07, 'learning_rate': 0.033021185184178715}. Best is trial 175 with value: 3.0347291833074177.
Training until validation scores don't improve for 20 rounds
[100]	train's l2: 1.18026	eval's l2: 3.34795
Did not meet early stopping. Best iteration is:
[100]	train's l2: 1.18026	eval's l2: 3.34795
Saved Losses
{'MSE - mean': 3.3479512697754577, 'MSE - std': 0.0, 'R2 - mean': 0.5689968939947385, 'R2 - std': 0.0} 
 

Training until validation scores don't improve for 20 rounds
[100]	train's l2: 1.17236	eval's l2: 3.38557
Did not meet early stopping. Best iteration is:
[100]	train's l2: 1.17236	eval's l2: 3.38557
Saved Losses
{'MSE - mean': 3.3667591720098513, 'MSE - std': 0.01880790223439366, 'R2 - mean': 0.5571253393330711, 'R2 - std': 0.011871554661667505} 
 

Training until validation scores don't improve for 20 rounds
[100]	train's l2: 1.20048	eval's l2: 3.13047
Did not meet early stopping. Best iteration is:
[100]	train's l2: 1.20048	eval's l2: 3.13047
Saved Losses
{'MSE - mean': 3.287995754382866, 'MSE - std': 0.11244188144787538, 'R2 - mean': 0.5599562505630482, 'R2 - std': 0.010487325215420494} 
 

Training until validation scores don't improve for 20 rounds
[100]	train's l2: 1.24276	eval's l2: 2.78766
Did not meet early stopping. Best iteration is:
[100]	train's l2: 1.24276	eval's l2: 2.78766
Saved Losses
{'MSE - mean': 3.162910853061737, 'MSE - std': 0.23753121930222867, 'R2 - mean': 0.5677057937399683, 'R2 - std': 0.01620661133560456} 
 

Training until validation scores don't improve for 20 rounds
[100]	train's l2: 1.19921	eval's l2: 3.21196
Did not meet early stopping. Best iteration is:
[100]	train's l2: 1.19921	eval's l2: 3.21196
Saved Losses
{'MSE - mean': 3.172719691268224, 'MSE - std': 0.21335819023980984, 'R2 - mean': 0.569486346196806, 'R2 - std': 0.014926649623839907} 
 

Saving model.....
Results After CV: {'MSE - mean': 3.172719691268224, 'MSE - std': 0.21335819023980984, 'R2 - mean': 0.569486346196806, 'R2 - std': 0.014926649623839907}
Train time: 89.22350493020004
Inference time: 4.9807033920000325
Finished cross validation
Hyperparam was saved!!! Hurrah!!!
Trial 211 finished with value: 3.172719691268224 and parameters: {'num_leaves': 2495, 'lambda_l1': 0.256738293304723, 'lambda_l2': 3.931308253589354e-08, 'learning_rate': 0.04574831486195009}. Best is trial 175 with value: 3.0347291833074177.
Training until validation scores don't improve for 20 rounds
[100]	train's l2: 1.30493	eval's l2: 3.35526
Did not meet early stopping. Best iteration is:
[100]	train's l2: 1.30493	eval's l2: 3.35526
Saved Losses
{'MSE - mean': 3.355264781145524, 'MSE - std': 0.0, 'R2 - mean': 0.5680553790614835, 'R2 - std': 0.0} 
 

Training until validation scores don't improve for 20 rounds
[100]	train's l2: 1.28282	eval's l2: 3.41787
Did not meet early stopping. Best iteration is:
[100]	train's l2: 1.28282	eval's l2: 3.41787
Saved Losses
{'MSE - mean': 3.386569052350057, 'MSE - std': 0.03130427120453305, 'R2 - mean': 0.5544849092114392, 'R2 - std': 0.013570469850044342} 
 

Training until validation scores don't improve for 20 rounds
[100]	train's l2: 1.3081	eval's l2: 3.08373
Did not meet early stopping. Best iteration is:
[100]	train's l2: 1.3081	eval's l2: 3.08373
Saved Losses
{'MSE - mean': 3.2856212598799384, 'MSE - std': 0.14503178458397184, 'R2 - mean': 0.5603579850128196, 'R2 - std': 0.01384766430503101} 
 

Training until validation scores don't improve for 20 rounds
[100]	train's l2: 1.34293	eval's l2: 2.80196
Did not meet early stopping. Best iteration is:
[100]	train's l2: 1.34293	eval's l2: 2.80196
Saved Losses
{'MSE - mean': 3.1647058743350023, 'MSE - std': 0.24420740219974932, 'R2 - mean': 0.5674823875156028, 'R2 - std': 0.017207256843948388} 
 

Training until validation scores don't improve for 20 rounds
[100]	train's l2: 1.31542	eval's l2: 3.23996
Did not meet early stopping. Best iteration is:
[100]	train's l2: 1.31542	eval's l2: 3.23996
Saved Losses
{'MSE - mean': 3.1797575781531524, 'MSE - std': 0.22049040655465568, 'R2 - mean': 0.5685691975036862, 'R2 - std': 0.015543370750119745} 
 

Saving model.....
Results After CV: {'MSE - mean': 3.1797575781531524, 'MSE - std': 0.22049040655465568, 'R2 - mean': 0.5685691975036862, 'R2 - std': 0.015543370750119745}
Train time: 78.8115729025998
Inference time: 4.64703019319968
Finished cross validation
Hyperparam was saved!!! Hurrah!!!
Trial 212 finished with value: 3.1797575781531524 and parameters: {'num_leaves': 2104, 'lambda_l1': 0.20438281227350524, 'lambda_l2': 3.4565021584909624e-08, 'learning_rate': 0.04276859103704146}. Best is trial 175 with value: 3.0347291833074177.
Training until validation scores don't improve for 20 rounds
[100]	train's l2: 0.948174	eval's l2: 3.31898
Did not meet early stopping. Best iteration is:
[100]	train's l2: 0.948174	eval's l2: 3.31898
Saved Losses
{'MSE - mean': 3.318983472769594, 'MSE - std': 0.0, 'R2 - mean': 0.5727261031371687, 'R2 - std': 0.0} 
 

Training until validation scores don't improve for 20 rounds
[100]	train's l2: 0.934194	eval's l2: 3.35549
Did not meet early stopping. Best iteration is:
[100]	train's l2: 0.934194	eval's l2: 3.35549
Saved Losses
{'MSE - mean': 3.33723898869847, 'MSE - std': 0.018255515928876198, 'R2 - mean': 0.5610096036715561, 'R2 - std': 0.011716499465612595} 
 

Training until validation scores don't improve for 20 rounds
[100]	train's l2: 0.955447	eval's l2: 3.08405
Did not meet early stopping. Best iteration is:
[100]	train's l2: 0.955447	eval's l2: 3.08405
Saved Losses
{'MSE - mean': 3.2528431124986366, 'MSE - std': 0.12028093675625212, 'R2 - mean': 0.5646927173626166, 'R2 - std': 0.01089257664991877} 
 

Training until validation scores don't improve for 20 rounds
[100]	train's l2: 0.976781	eval's l2: 2.77119
Did not meet early stopping. Best iteration is:
[100]	train's l2: 0.976781	eval's l2: 2.77119
Saved Losses
{'MSE - mean': 3.1324307002394014, 'MSE - std': 0.23312673567929798, 'R2 - mean': 0.5718620551885153, 'R2 - std': 0.015594370270753211} 
 

Training until validation scores don't improve for 20 rounds
[100]	train's l2: 0.952916	eval's l2: 3.15189
Did not meet early stopping. Best iteration is:
[100]	train's l2: 0.952916	eval's l2: 3.15189
Saved Losses
{'MSE - mean': 3.1363225279488818, 'MSE - std': 0.20866011885952074, 'R2 - mean': 0.5743948827499359, 'R2 - std': 0.014839419433948514} 
 

Saving model.....
Results After CV: {'MSE - mean': 3.1363225279488818, 'MSE - std': 0.20866011885952074, 'R2 - mean': 0.5743948827499359, 'R2 - std': 0.014839419433948514}
Train time: 106.46655856980014
Inference time: 5.4603823388002635
Finished cross validation
Hyperparam was saved!!! Hurrah!!!
