[I 2024-12-09 18:19:17,412] Trial 71 finished with value: 10.624975134632136 and parameters: {'num_leaves': 7, 'lambda_l1': 2.0433471797428232e-05, 'lambda_l2': 9.069755182048629e-07, 'learning_rate': 0.0370779199032136}. Best is trial 54 with value: 10.325167889074278.
/home/mburu/.local/lib/python3.8/site-packages/lightgbm/basic.py:1780: UserWarning: Overriding the parameters from Reference Dataset.
  _log_warning('Overriding the parameters from Reference Dataset.')
/home/mburu/.local/lib/python3.8/site-packages/lightgbm/basic.py:1513: UserWarning: categorical_column in param dict is overridden.
  _log_warning(f'{cat_alias} in param dict is overridden.')
/home/mburu/.local/lib/python3.8/site-packages/lightgbm/basic.py:1780: UserWarning: Overriding the parameters from Reference Dataset.
  _log_warning('Overriding the parameters from Reference Dataset.')
/home/mburu/.local/lib/python3.8/site-packages/lightgbm/basic.py:1513: UserWarning: categorical_column in param dict is overridden.
  _log_warning(f'{cat_alias} in param dict is overridden.')
/home/mburu/.local/lib/python3.8/site-packages/lightgbm/basic.py:1780: UserWarning: Overriding the parameters from Reference Dataset.
  _log_warning('Overriding the parameters from Reference Dataset.')
/home/mburu/.local/lib/python3.8/site-packages/lightgbm/basic.py:1513: UserWarning: categorical_column in param dict is overridden.
  _log_warning(f'{cat_alias} in param dict is overridden.')
/home/mburu/.local/lib/python3.8/site-packages/lightgbm/basic.py:1780: UserWarning: Overriding the parameters from Reference Dataset.
  _log_warning('Overriding the parameters from Reference Dataset.')
/home/mburu/.local/lib/python3.8/site-packages/lightgbm/basic.py:1513: UserWarning: categorical_column in param dict is overridden.
  _log_warning(f'{cat_alias} in param dict is overridden.')
/home/mburu/.local/lib/python3.8/site-packages/lightgbm/basic.py:1780: UserWarning: Overriding the parameters from Reference Dataset.
  _log_warning('Overriding the parameters from Reference Dataset.')
/home/mburu/.local/lib/python3.8/site-packages/lightgbm/basic.py:1513: UserWarning: categorical_column in param dict is overridden.
  _log_warning(f'{cat_alias} in param dict is overridden.')
[I 2024-12-09 18:19:18,207] Trial 72 finished with value: 11.17406933320459 and parameters: {'num_leaves': 12, 'lambda_l1': 5.267015740227499e-05, 'lambda_l2': 7.3365106172506166e-06, 'learning_rate': 0.03348076830340328}. Best is trial 54 with value: 10.325167889074278.
/home/mburu/.local/lib/python3.8/site-packages/lightgbm/basic.py:1780: UserWarning: Overriding the parameters from Reference Dataset.
  _log_warning('Overriding the parameters from Reference Dataset.')
/home/mburu/.local/lib/python3.8/site-packages/lightgbm/basic.py:1513: UserWarning: categorical_column in param dict is overridden.
  _log_warning(f'{cat_alias} in param dict is overridden.')
/home/mburu/.local/lib/python3.8/site-packages/lightgbm/basic.py:1780: UserWarning: Overriding the parameters from Reference Dataset.
  _log_warning('Overriding the parameters from Reference Dataset.')
/home/mburu/.local/lib/python3.8/site-packages/lightgbm/basic.py:1513: UserWarning: categorical_column in param dict is overridden.
  _log_warning(f'{cat_alias} in param dict is overridden.')
/home/mburu/.local/lib/python3.8/site-packages/lightgbm/basic.py:1780: UserWarning: Overriding the parameters from Reference Dataset.
  _log_warning('Overriding the parameters from Reference Dataset.')
/home/mburu/.local/lib/python3.8/site-packages/lightgbm/basic.py:1513: UserWarning: categorical_column in param dict is overridden.
  _log_warning(f'{cat_alias} in param dict is overridden.')
/home/mburu/.local/lib/python3.8/site-packages/lightgbm/basic.py:1780: UserWarning: Overriding the parameters from Reference Dataset.
  _log_warning('Overriding the parameters from Reference Dataset.')
/home/mburu/.local/lib/python3.8/site-packages/lightgbm/basic.py:1513: UserWarning: categorical_column in param dict is overridden.
  _log_warning(f'{cat_alias} in param dict is overridden.')
/home/mburu/.local/lib/python3.8/site-packages/lightgbm/basic.py:1780: UserWarning: Overriding the parameters from Reference Dataset.
  _log_warning('Overriding the parameters from Reference Dataset.')
/home/mburu/.local/lib/python3.8/site-packages/lightgbm/basic.py:1513: UserWarning: categorical_column in param dict is overridden.
  _log_warning(f'{cat_alias} in param dict is overridden.')
[I 2024-12-09 18:19:18,812] Trial 73 finished with value: 10.687918635012512 and parameters: {'num_leaves': 5, 'lambda_l1': 5.854061660698287e-06, 'lambda_l2': 4.4579799336710906e-07, 'learning_rate': 0.02934229712432406}. Best is trial 54 with value: 10.325167889074278.
/home/mburu/.local/lib/python3.8/site-packages/lightgbm/basic.py:1780: UserWarning: Overriding the parameters from Reference Dataset.
  _log_warning('Overriding the parameters from Reference Dataset.')
/home/mburu/.local/lib/python3.8/site-packages/lightgbm/basic.py:1513: UserWarning: categorical_column in param dict is overridden.
  _log_warning(f'{cat_alias} in param dict is overridden.')
/home/mburu/.local/lib/python3.8/site-packages/lightgbm/basic.py:1780: UserWarning: Overriding the parameters from Reference Dataset.
  _log_warning('Overriding the parameters from Reference Dataset.')
/home/mburu/.local/lib/python3.8/site-packages/lightgbm/basic.py:1513: UserWarning: categorical_column in param dict is overridden.
  _log_warning(f'{cat_alias} in param dict is overridden.')
/home/mburu/.local/lib/python3.8/site-packages/lightgbm/basic.py:1780: UserWarning: Overriding the parameters from Reference Dataset.
  _log_warning('Overriding the parameters from Reference Dataset.')
/home/mburu/.local/lib/python3.8/site-packages/lightgbm/basic.py:1513: UserWarning: categorical_column in param dict is overridden.
  _log_warning(f'{cat_alias} in param dict is overridden.')
/home/mburu/.local/lib/python3.8/site-packages/lightgbm/basic.py:1780: UserWarning: Overriding the parameters from Reference Dataset.
  _log_warning('Overriding the parameters from Reference Dataset.')
/home/mburu/.local/lib/python3.8/site-packages/lightgbm/basic.py:1513: UserWarning: categorical_column in param dict is overridden.
  _log_warning(f'{cat_alias} in param dict is overridden.')
/home/mburu/.local/lib/python3.8/site-packages/lightgbm/basic.py:1780: UserWarning: Overriding the parameters from Reference Dataset.
  _log_warning('Overriding the parameters from Reference Dataset.')
/home/mburu/.local/lib/python3.8/site-packages/lightgbm/basic.py:1513: UserWarning: categorical_column in param dict is overridden.
  _log_warning(f'{cat_alias} in param dict is overridden.')
[I 2024-12-09 18:19:19,309] Trial 74 finished with value: 10.450105678315987 and parameters: {'num_leaves': 6, 'lambda_l1': 1.0101224714523548e-05, 'lambda_l2': 2.1487581485239834e-06, 'learning_rate': 0.0470421355554468}. Best is trial 54 with value: 10.325167889074278.
/home/mburu/.local/lib/python3.8/site-packages/lightgbm/basic.py:1780: UserWarning: Overriding the parameters from Reference Dataset.
  _log_warning('Overriding the parameters from Reference Dataset.')
/home/mburu/.local/lib/python3.8/site-packages/lightgbm/basic.py:1513: UserWarning: categorical_column in param dict is overridden.
  _log_warning(f'{cat_alias} in param dict is overridden.')
/home/mburu/.local/lib/python3.8/site-packages/lightgbm/basic.py:1780: UserWarning: Overriding the parameters from Reference Dataset.
  _log_warning('Overriding the parameters from Reference Dataset.')
/home/mburu/.local/lib/python3.8/site-packages/lightgbm/basic.py:1513: UserWarning: categorical_column in param dict is overridden.
  _log_warning(f'{cat_alias} in param dict is overridden.')
/home/mburu/.local/lib/python3.8/site-packages/lightgbm/basic.py:1780: UserWarning: Overriding the parameters from Reference Dataset.
  _log_warning('Overriding the parameters from Reference Dataset.')
/home/mburu/.local/lib/python3.8/site-packages/lightgbm/basic.py:1513: UserWarning: categorical_column in param dict is overridden.
  _log_warning(f'{cat_alias} in param dict is overridden.')
/home/mburu/.local/lib/python3.8/site-packages/lightgbm/basic.py:1780: UserWarning: Overriding the parameters from Reference Dataset.
  _log_warning('Overriding the parameters from Reference Dataset.')
/home/mburu/.local/lib/python3.8/site-packages/lightgbm/basic.py:1513: UserWarning: categorical_column in param dict is overridden.
  _log_warning(f'{cat_alias} in param dict is overridden.')
/home/mburu/.local/lib/python3.8/site-packages/lightgbm/basic.py:1780: UserWarning: Overriding the parameters from Reference Dataset.
  _log_warning('Overriding the parameters from Reference Dataset.')
/home/mburu/.local/lib/python3.8/site-packages/lightgbm/basic.py:1513: UserWarning: categorical_column in param dict is overridden.
  _log_warning(f'{cat_alias} in param dict is overridden.')
[I 2024-12-09 18:19:19,768] Trial 75 finished with value: 11.629792471312678 and parameters: {'num_leaves': 3, 'lambda_l1': 0.00016739340915132477, 'lambda_l2': 2.174147021499528e-06, 'learning_rate': 0.0518799130653274}. Best is trial 54 with value: 10.325167889074278.
/home/mburu/.local/lib/python3.8/site-packages/lightgbm/basic.py:1780: UserWarning: Overriding the parameters from Reference Dataset.
  _log_warning('Overriding the parameters from Reference Dataset.')
/home/mburu/.local/lib/python3.8/site-packages/lightgbm/basic.py:1513: UserWarning: categorical_column in param dict is overridden.
  _log_warning(f'{cat_alias} in param dict is overridden.')
/home/mburu/.local/lib/python3.8/site-packages/lightgbm/basic.py:1780: UserWarning: Overriding the parameters from Reference Dataset.
  _log_warning('Overriding the parameters from Reference Dataset.')
/home/mburu/.local/lib/python3.8/site-packages/lightgbm/basic.py:1513: UserWarning: categorical_column in param dict is overridden.
  _log_warning(f'{cat_alias} in param dict is overridden.')
/home/mburu/.local/lib/python3.8/site-packages/lightgbm/basic.py:1780: UserWarning: Overriding the parameters from Reference Dataset.
  _log_warning('Overriding the parameters from Reference Dataset.')
/home/mburu/.local/lib/python3.8/site-packages/lightgbm/basic.py:1513: UserWarning: categorical_column in param dict is overridden.
  _log_warning(f'{cat_alias} in param dict is overridden.')
/home/mburu/.local/lib/python3.8/site-packages/lightgbm/basic.py:1780: UserWarning: Overriding the parameters from Reference Dataset.
  _log_warning('Overriding the parameters from Reference Dataset.')
/home/mburu/.local/lib/python3.8/site-packages/lightgbm/basic.py:1513: UserWarning: categorical_column in param dict is overridden.
  _log_warning(f'{cat_alias} in param dict is overridden.')
/home/mburu/.local/lib/python3.8/site-packages/lightgbm/basic.py:1780: UserWarning: Overriding the parameters from Reference Dataset.
  _log_warning('Overriding the parameters from Reference Dataset.')
/home/mburu/.local/lib/python3.8/site-packages/lightgbm/basic.py:1513: UserWarning: categorical_column in param dict is overridden.
  _log_warning(f'{cat_alias} in param dict is overridden.')
[I 2024-12-09 18:19:20,335] Trial 76 finished with value: 10.449131065422856 and parameters: {'num_leaves': 7, 'lambda_l1': 3.114279995807514e-05, 'lambda_l2': 8.610842297095416e-08, 'learning_rate': 0.03906517167433818}. Best is trial 54 with value: 10.325167889074278.
/home/mburu/.local/lib/python3.8/site-packages/lightgbm/basic.py:1780: UserWarning: Overriding the parameters from Reference Dataset.
  _log_warning('Overriding the parameters from Reference Dataset.')
/home/mburu/.local/lib/python3.8/site-packages/lightgbm/basic.py:1513: UserWarning: categorical_column in param dict is overridden.
  _log_warning(f'{cat_alias} in param dict is overridden.')
/home/mburu/.local/lib/python3.8/site-packages/lightgbm/basic.py:1780: UserWarning: Overriding the parameters from Reference Dataset.
  _log_warning('Overriding the parameters from Reference Dataset.')
/home/mburu/.local/lib/python3.8/site-packages/lightgbm/basic.py:1513: UserWarning: categorical_column in param dict is overridden.
  _log_warning(f'{cat_alias} in param dict is overridden.')
/home/mburu/.local/lib/python3.8/site-packages/lightgbm/basic.py:1780: UserWarning: Overriding the parameters from Reference Dataset.
  _log_warning('Overriding the parameters from Reference Dataset.')
/home/mburu/.local/lib/python3.8/site-packages/lightgbm/basic.py:1513: UserWarning: categorical_column in param dict is overridden.
  _log_warning(f'{cat_alias} in param dict is overridden.')
/home/mburu/.local/lib/python3.8/site-packages/lightgbm/basic.py:1780: UserWarning: Overriding the parameters from Reference Dataset.
  _log_warning('Overriding the parameters from Reference Dataset.')
/home/mburu/.local/lib/python3.8/site-packages/lightgbm/basic.py:1513: UserWarning: categorical_column in param dict is overridden.
  _log_warning(f'{cat_alias} in param dict is overridden.')
/home/mburu/.local/lib/python3.8/site-packages/lightgbm/basic.py:1780: UserWarning: Overriding the parameters from Reference Dataset.
  _log_warning('Overriding the parameters from Reference Dataset.')
/home/mburu/.local/lib/python3.8/site-packages/lightgbm/basic.py:1513: UserWarning: categorical_column in param dict is overridden.
  _log_warning(f'{cat_alias} in param dict is overridden.')
[I 2024-12-09 18:19:21,045] Trial 77 finished with value: 11.299462331710888 and parameters: {'num_leaves': 14, 'lambda_l1': 9.593319396681688e-06, 'lambda_l2': 6.75390773552007e-08, 'learning_rate': 0.040083837519475696}. Best is trial 54 with value: 10.325167889074278.
/home/mburu/.local/lib/python3.8/site-packages/lightgbm/basic.py:1780: UserWarning: Overriding the parameters from Reference Dataset.
  _log_warning('Overriding the parameters from Reference Dataset.')
/home/mburu/.local/lib/python3.8/site-packages/lightgbm/basic.py:1513: UserWarning: categorical_column in param dict is overridden.
  _log_warning(f'{cat_alias} in param dict is overridden.')
/home/mburu/.local/lib/python3.8/site-packages/lightgbm/basic.py:1780: UserWarning: Overriding the parameters from Reference Dataset.
  _log_warning('Overriding the parameters from Reference Dataset.')
/home/mburu/.local/lib/python3.8/site-packages/lightgbm/basic.py:1513: UserWarning: categorical_column in param dict is overridden.
  _log_warning(f'{cat_alias} in param dict is overridden.')
/home/mburu/.local/lib/python3.8/site-packages/lightgbm/basic.py:1780: UserWarning: Overriding the parameters from Reference Dataset.
  _log_warning('Overriding the parameters from Reference Dataset.')
/home/mburu/.local/lib/python3.8/site-packages/lightgbm/basic.py:1513: UserWarning: categorical_column in param dict is overridden.
  _log_warning(f'{cat_alias} in param dict is overridden.')
/home/mburu/.local/lib/python3.8/site-packages/lightgbm/basic.py:1780: UserWarning: Overriding the parameters from Reference Dataset.
  _log_warning('Overriding the parameters from Reference Dataset.')
/home/mburu/.local/lib/python3.8/site-packages/lightgbm/basic.py:1513: UserWarning: categorical_column in param dict is overridden.
  _log_warning(f'{cat_alias} in param dict is overridden.')
/home/mburu/.local/lib/python3.8/site-packages/lightgbm/basic.py:1780: UserWarning: Overriding the parameters from Reference Dataset.
  _log_warning('Overriding the parameters from Reference Dataset.')
/home/mburu/.local/lib/python3.8/site-packages/lightgbm/basic.py:1513: UserWarning: categorical_column in param dict is overridden.
  _log_warning(f'{cat_alias} in param dict is overridden.')
[I 2024-12-09 18:19:21,572] Trial 78 finished with value: 12.43466071235811 and parameters: {'num_leaves': 122, 'lambda_l1': 2.5031273220492564e-05, 'lambda_l2': 7.855952456026076e-07, 'learning_rate': 0.03477736291974835}. Best is trial 54 with value: 10.325167889074278.
/home/mburu/.local/lib/python3.8/site-packages/lightgbm/basic.py:1780: UserWarning: Overriding the parameters from Reference Dataset.
  _log_warning('Overriding the parameters from Reference Dataset.')
/home/mburu/.local/lib/python3.8/site-packages/lightgbm/basic.py:1513: UserWarning: categorical_column in param dict is overridden.
  _log_warning(f'{cat_alias} in param dict is overridden.')
/home/mburu/.local/lib/python3.8/site-packages/lightgbm/basic.py:1780: UserWarning: Overriding the parameters from Reference Dataset.
  _log_warning('Overriding the parameters from Reference Dataset.')
/home/mburu/.local/lib/python3.8/site-packages/lightgbm/basic.py:1513: UserWarning: categorical_column in param dict is overridden.
  _log_warning(f'{cat_alias} in param dict is overridden.')
/home/mburu/.local/lib/python3.8/site-packages/lightgbm/basic.py:1780: UserWarning: Overriding the parameters from Reference Dataset.
  _log_warning('Overriding the parameters from Reference Dataset.')
/home/mburu/.local/lib/python3.8/site-packages/lightgbm/basic.py:1513: UserWarning: categorical_column in param dict is overridden.
  _log_warning(f'{cat_alias} in param dict is overridden.')
/home/mburu/.local/lib/python3.8/site-packages/lightgbm/basic.py:1780: UserWarning: Overriding the parameters from Reference Dataset.
  _log_warning('Overriding the parameters from Reference Dataset.')
/home/mburu/.local/lib/python3.8/site-packages/lightgbm/basic.py:1513: UserWarning: categorical_column in param dict is overridden.
  _log_warning(f'{cat_alias} in param dict is overridden.')
/home/mburu/.local/lib/python3.8/site-packages/lightgbm/basic.py:1780: UserWarning: Overriding the parameters from Reference Dataset.
  _log_warning('Overriding the parameters from Reference Dataset.')
/home/mburu/.local/lib/python3.8/site-packages/lightgbm/basic.py:1513: UserWarning: categorical_column in param dict is overridden.
  _log_warning(f'{cat_alias} in param dict is overridden.')
[I 2024-12-09 18:19:22,020] Trial 79 finished with value: 10.576381562196932 and parameters: {'num_leaves': 7, 'lambda_l1': 5.981156284980608e-05, 'lambda_l2': 2.540385554546587e-07, 'learning_rate': 0.05956004451703745}. Best is trial 54 with value: 10.325167889074278.
/home/mburu/.local/lib/python3.8/site-packages/lightgbm/basic.py:1780: UserWarning: Overriding the parameters from Reference Dataset.
  _log_warning('Overriding the parameters from Reference Dataset.')
/home/mburu/.local/lib/python3.8/site-packages/lightgbm/basic.py:1513: UserWarning: categorical_column in param dict is overridden.
  _log_warning(f'{cat_alias} in param dict is overridden.')
/home/mburu/.local/lib/python3.8/site-packages/lightgbm/basic.py:1780: UserWarning: Overriding the parameters from Reference Dataset.
  _log_warning('Overriding the parameters from Reference Dataset.')
/home/mburu/.local/lib/python3.8/site-packages/lightgbm/basic.py:1513: UserWarning: categorical_column in param dict is overridden.
  _log_warning(f'{cat_alias} in param dict is overridden.')
/home/mburu/.local/lib/python3.8/site-packages/lightgbm/basic.py:1780: UserWarning: Overriding the parameters from Reference Dataset.
  _log_warning('Overriding the parameters from Reference Dataset.')
/home/mburu/.local/lib/python3.8/site-packages/lightgbm/basic.py:1513: UserWarning: categorical_column in param dict is overridden.
  _log_warning(f'{cat_alias} in param dict is overridden.')
/home/mburu/.local/lib/python3.8/site-packages/lightgbm/basic.py:1780: UserWarning: Overriding the parameters from Reference Dataset.
  _log_warning('Overriding the parameters from Reference Dataset.')
/home/mburu/.local/lib/python3.8/site-packages/lightgbm/basic.py:1513: UserWarning: categorical_column in param dict is overridden.
  _log_warning(f'{cat_alias} in param dict is overridden.')
/home/mburu/.local/lib/python3.8/site-packages/lightgbm/basic.py:1780: UserWarning: Overriding the parameters from Reference Dataset.
  _log_warning('Overriding the parameters from Reference Dataset.')
/home/mburu/.local/lib/python3.8/site-packages/lightgbm/basic.py:1513: UserWarning: categorical_column in param dict is overridden.
  _log_warning(f'{cat_alias} in param dict is overridden.')
