[I 2024-12-09 18:18:49,386] Trial 26 finished with value: 11.454058172566608 and parameters: {'num_leaves': 18, 'lambda_l1': 1.1060118484888228e-07, 'lambda_l2': 0.00014942677694357575, 'learning_rate': 0.02301826282691755}. Best is trial 21 with value: 10.533295809970758.
/home/mburu/.local/lib/python3.8/site-packages/lightgbm/basic.py:1780: UserWarning: Overriding the parameters from Reference Dataset.
  _log_warning('Overriding the parameters from Reference Dataset.')
/home/mburu/.local/lib/python3.8/site-packages/lightgbm/basic.py:1513: UserWarning: categorical_column in param dict is overridden.
  _log_warning(f'{cat_alias} in param dict is overridden.')
/home/mburu/.local/lib/python3.8/site-packages/lightgbm/basic.py:1780: UserWarning: Overriding the parameters from Reference Dataset.
  _log_warning('Overriding the parameters from Reference Dataset.')
/home/mburu/.local/lib/python3.8/site-packages/lightgbm/basic.py:1513: UserWarning: categorical_column in param dict is overridden.
  _log_warning(f'{cat_alias} in param dict is overridden.')
/home/mburu/.local/lib/python3.8/site-packages/lightgbm/basic.py:1780: UserWarning: Overriding the parameters from Reference Dataset.
  _log_warning('Overriding the parameters from Reference Dataset.')
/home/mburu/.local/lib/python3.8/site-packages/lightgbm/basic.py:1513: UserWarning: categorical_column in param dict is overridden.
  _log_warning(f'{cat_alias} in param dict is overridden.')
/home/mburu/.local/lib/python3.8/site-packages/lightgbm/basic.py:1780: UserWarning: Overriding the parameters from Reference Dataset.
  _log_warning('Overriding the parameters from Reference Dataset.')
/home/mburu/.local/lib/python3.8/site-packages/lightgbm/basic.py:1513: UserWarning: categorical_column in param dict is overridden.
  _log_warning(f'{cat_alias} in param dict is overridden.')
/home/mburu/.local/lib/python3.8/site-packages/lightgbm/basic.py:1780: UserWarning: Overriding the parameters from Reference Dataset.
  _log_warning('Overriding the parameters from Reference Dataset.')
/home/mburu/.local/lib/python3.8/site-packages/lightgbm/basic.py:1513: UserWarning: categorical_column in param dict is overridden.
  _log_warning(f'{cat_alias} in param dict is overridden.')
[I 2024-12-09 18:18:50,121] Trial 27 finished with value: 10.666398375184851 and parameters: {'num_leaves': 7, 'lambda_l1': 2.9974772460243716e-06, 'lambda_l2': 0.016696959996821345, 'learning_rate': 0.020896986252126066}. Best is trial 21 with value: 10.533295809970758.
/home/mburu/.local/lib/python3.8/site-packages/lightgbm/basic.py:1780: UserWarning: Overriding the parameters from Reference Dataset.
  _log_warning('Overriding the parameters from Reference Dataset.')
/home/mburu/.local/lib/python3.8/site-packages/lightgbm/basic.py:1513: UserWarning: categorical_column in param dict is overridden.
  _log_warning(f'{cat_alias} in param dict is overridden.')
/home/mburu/.local/lib/python3.8/site-packages/lightgbm/basic.py:1780: UserWarning: Overriding the parameters from Reference Dataset.
  _log_warning('Overriding the parameters from Reference Dataset.')
/home/mburu/.local/lib/python3.8/site-packages/lightgbm/basic.py:1513: UserWarning: categorical_column in param dict is overridden.
  _log_warning(f'{cat_alias} in param dict is overridden.')
/home/mburu/.local/lib/python3.8/site-packages/lightgbm/basic.py:1780: UserWarning: Overriding the parameters from Reference Dataset.
  _log_warning('Overriding the parameters from Reference Dataset.')
/home/mburu/.local/lib/python3.8/site-packages/lightgbm/basic.py:1513: UserWarning: categorical_column in param dict is overridden.
  _log_warning(f'{cat_alias} in param dict is overridden.')
/home/mburu/.local/lib/python3.8/site-packages/lightgbm/basic.py:1780: UserWarning: Overriding the parameters from Reference Dataset.
  _log_warning('Overriding the parameters from Reference Dataset.')
/home/mburu/.local/lib/python3.8/site-packages/lightgbm/basic.py:1513: UserWarning: categorical_column in param dict is overridden.
  _log_warning(f'{cat_alias} in param dict is overridden.')
/home/mburu/.local/lib/python3.8/site-packages/lightgbm/basic.py:1780: UserWarning: Overriding the parameters from Reference Dataset.
  _log_warning('Overriding the parameters from Reference Dataset.')
/home/mburu/.local/lib/python3.8/site-packages/lightgbm/basic.py:1513: UserWarning: categorical_column in param dict is overridden.
  _log_warning(f'{cat_alias} in param dict is overridden.')
[I 2024-12-09 18:18:50,541] Trial 28 finished with value: 11.222502538249335 and parameters: {'num_leaves': 158, 'lambda_l1': 1.3682547370957309e-05, 'lambda_l2': 0.001087676657062068, 'learning_rate': 0.16124666429824397}. Best is trial 21 with value: 10.533295809970758.
/home/mburu/.local/lib/python3.8/site-packages/lightgbm/basic.py:1780: UserWarning: Overriding the parameters from Reference Dataset.
  _log_warning('Overriding the parameters from Reference Dataset.')
/home/mburu/.local/lib/python3.8/site-packages/lightgbm/basic.py:1513: UserWarning: categorical_column in param dict is overridden.
  _log_warning(f'{cat_alias} in param dict is overridden.')
/home/mburu/.local/lib/python3.8/site-packages/lightgbm/basic.py:1780: UserWarning: Overriding the parameters from Reference Dataset.
  _log_warning('Overriding the parameters from Reference Dataset.')
/home/mburu/.local/lib/python3.8/site-packages/lightgbm/basic.py:1513: UserWarning: categorical_column in param dict is overridden.
  _log_warning(f'{cat_alias} in param dict is overridden.')
/home/mburu/.local/lib/python3.8/site-packages/lightgbm/basic.py:1780: UserWarning: Overriding the parameters from Reference Dataset.
  _log_warning('Overriding the parameters from Reference Dataset.')
/home/mburu/.local/lib/python3.8/site-packages/lightgbm/basic.py:1513: UserWarning: categorical_column in param dict is overridden.
  _log_warning(f'{cat_alias} in param dict is overridden.')
/home/mburu/.local/lib/python3.8/site-packages/lightgbm/basic.py:1780: UserWarning: Overriding the parameters from Reference Dataset.
  _log_warning('Overriding the parameters from Reference Dataset.')
/home/mburu/.local/lib/python3.8/site-packages/lightgbm/basic.py:1513: UserWarning: categorical_column in param dict is overridden.
  _log_warning(f'{cat_alias} in param dict is overridden.')
/home/mburu/.local/lib/python3.8/site-packages/lightgbm/basic.py:1780: UserWarning: Overriding the parameters from Reference Dataset.
  _log_warning('Overriding the parameters from Reference Dataset.')
/home/mburu/.local/lib/python3.8/site-packages/lightgbm/basic.py:1513: UserWarning: categorical_column in param dict is overridden.
  _log_warning(f'{cat_alias} in param dict is overridden.')
[I 2024-12-09 18:18:51,338] Trial 29 finished with value: 11.490671544186615 and parameters: {'num_leaves': 3, 'lambda_l1': 0.00018031212700190546, 'lambda_l2': 9.346233705591303, 'learning_rate': 0.052223999858597304}. Best is trial 21 with value: 10.533295809970758.
/home/mburu/.local/lib/python3.8/site-packages/lightgbm/basic.py:1780: UserWarning: Overriding the parameters from Reference Dataset.
  _log_warning('Overriding the parameters from Reference Dataset.')
/home/mburu/.local/lib/python3.8/site-packages/lightgbm/basic.py:1513: UserWarning: categorical_column in param dict is overridden.
  _log_warning(f'{cat_alias} in param dict is overridden.')
/home/mburu/.local/lib/python3.8/site-packages/lightgbm/basic.py:1780: UserWarning: Overriding the parameters from Reference Dataset.
  _log_warning('Overriding the parameters from Reference Dataset.')
/home/mburu/.local/lib/python3.8/site-packages/lightgbm/basic.py:1513: UserWarning: categorical_column in param dict is overridden.
  _log_warning(f'{cat_alias} in param dict is overridden.')
/home/mburu/.local/lib/python3.8/site-packages/lightgbm/basic.py:1780: UserWarning: Overriding the parameters from Reference Dataset.
  _log_warning('Overriding the parameters from Reference Dataset.')
/home/mburu/.local/lib/python3.8/site-packages/lightgbm/basic.py:1513: UserWarning: categorical_column in param dict is overridden.
  _log_warning(f'{cat_alias} in param dict is overridden.')
/home/mburu/.local/lib/python3.8/site-packages/lightgbm/basic.py:1780: UserWarning: Overriding the parameters from Reference Dataset.
  _log_warning('Overriding the parameters from Reference Dataset.')
/home/mburu/.local/lib/python3.8/site-packages/lightgbm/basic.py:1513: UserWarning: categorical_column in param dict is overridden.
  _log_warning(f'{cat_alias} in param dict is overridden.')
/home/mburu/.local/lib/python3.8/site-packages/lightgbm/basic.py:1780: UserWarning: Overriding the parameters from Reference Dataset.
  _log_warning('Overriding the parameters from Reference Dataset.')
/home/mburu/.local/lib/python3.8/site-packages/lightgbm/basic.py:1513: UserWarning: categorical_column in param dict is overridden.
  _log_warning(f'{cat_alias} in param dict is overridden.')
[I 2024-12-09 18:18:52,308] Trial 30 finished with value: 11.43033528587885 and parameters: {'num_leaves': 492, 'lambda_l1': 0.0004662361063650242, 'lambda_l2': 0.0023875947336630195, 'learning_rate': 0.03747730284951744}. Best is trial 21 with value: 10.533295809970758.
/home/mburu/.local/lib/python3.8/site-packages/lightgbm/basic.py:1780: UserWarning: Overriding the parameters from Reference Dataset.
  _log_warning('Overriding the parameters from Reference Dataset.')
/home/mburu/.local/lib/python3.8/site-packages/lightgbm/basic.py:1513: UserWarning: categorical_column in param dict is overridden.
  _log_warning(f'{cat_alias} in param dict is overridden.')
/home/mburu/.local/lib/python3.8/site-packages/lightgbm/basic.py:1780: UserWarning: Overriding the parameters from Reference Dataset.
  _log_warning('Overriding the parameters from Reference Dataset.')
/home/mburu/.local/lib/python3.8/site-packages/lightgbm/basic.py:1513: UserWarning: categorical_column in param dict is overridden.
  _log_warning(f'{cat_alias} in param dict is overridden.')
/home/mburu/.local/lib/python3.8/site-packages/lightgbm/basic.py:1780: UserWarning: Overriding the parameters from Reference Dataset.
  _log_warning('Overriding the parameters from Reference Dataset.')
/home/mburu/.local/lib/python3.8/site-packages/lightgbm/basic.py:1513: UserWarning: categorical_column in param dict is overridden.
  _log_warning(f'{cat_alias} in param dict is overridden.')
/home/mburu/.local/lib/python3.8/site-packages/lightgbm/basic.py:1780: UserWarning: Overriding the parameters from Reference Dataset.
  _log_warning('Overriding the parameters from Reference Dataset.')
/home/mburu/.local/lib/python3.8/site-packages/lightgbm/basic.py:1513: UserWarning: categorical_column in param dict is overridden.
  _log_warning(f'{cat_alias} in param dict is overridden.')
/home/mburu/.local/lib/python3.8/site-packages/lightgbm/basic.py:1780: UserWarning: Overriding the parameters from Reference Dataset.
  _log_warning('Overriding the parameters from Reference Dataset.')
/home/mburu/.local/lib/python3.8/site-packages/lightgbm/basic.py:1513: UserWarning: categorical_column in param dict is overridden.
  _log_warning(f'{cat_alias} in param dict is overridden.')
[I 2024-12-09 18:18:52,905] Trial 31 finished with value: 10.572498999180581 and parameters: {'num_leaves': 6, 'lambda_l1': 5.201646728350742e-07, 'lambda_l2': 0.008862828273569002, 'learning_rate': 0.029646843014470074}. Best is trial 21 with value: 10.533295809970758.
/home/mburu/.local/lib/python3.8/site-packages/lightgbm/basic.py:1780: UserWarning: Overriding the parameters from Reference Dataset.
  _log_warning('Overriding the parameters from Reference Dataset.')
/home/mburu/.local/lib/python3.8/site-packages/lightgbm/basic.py:1513: UserWarning: categorical_column in param dict is overridden.
  _log_warning(f'{cat_alias} in param dict is overridden.')
/home/mburu/.local/lib/python3.8/site-packages/lightgbm/basic.py:1780: UserWarning: Overriding the parameters from Reference Dataset.
  _log_warning('Overriding the parameters from Reference Dataset.')
/home/mburu/.local/lib/python3.8/site-packages/lightgbm/basic.py:1513: UserWarning: categorical_column in param dict is overridden.
  _log_warning(f'{cat_alias} in param dict is overridden.')
/home/mburu/.local/lib/python3.8/site-packages/lightgbm/basic.py:1780: UserWarning: Overriding the parameters from Reference Dataset.
  _log_warning('Overriding the parameters from Reference Dataset.')
/home/mburu/.local/lib/python3.8/site-packages/lightgbm/basic.py:1513: UserWarning: categorical_column in param dict is overridden.
  _log_warning(f'{cat_alias} in param dict is overridden.')
/home/mburu/.local/lib/python3.8/site-packages/lightgbm/basic.py:1780: UserWarning: Overriding the parameters from Reference Dataset.
  _log_warning('Overriding the parameters from Reference Dataset.')
/home/mburu/.local/lib/python3.8/site-packages/lightgbm/basic.py:1513: UserWarning: categorical_column in param dict is overridden.
  _log_warning(f'{cat_alias} in param dict is overridden.')
/home/mburu/.local/lib/python3.8/site-packages/lightgbm/basic.py:1780: UserWarning: Overriding the parameters from Reference Dataset.
  _log_warning('Overriding the parameters from Reference Dataset.')
/home/mburu/.local/lib/python3.8/site-packages/lightgbm/basic.py:1513: UserWarning: categorical_column in param dict is overridden.
  _log_warning(f'{cat_alias} in param dict is overridden.')
[I 2024-12-09 18:18:53,525] Trial 32 finished with value: 10.78166095233492 and parameters: {'num_leaves': 8, 'lambda_l1': 6.511721735228176e-08, 'lambda_l2': 4.2298825682086824e-05, 'learning_rate': 0.033700275889323096}. Best is trial 21 with value: 10.533295809970758.
/home/mburu/.local/lib/python3.8/site-packages/lightgbm/basic.py:1780: UserWarning: Overriding the parameters from Reference Dataset.
  _log_warning('Overriding the parameters from Reference Dataset.')
/home/mburu/.local/lib/python3.8/site-packages/lightgbm/basic.py:1513: UserWarning: categorical_column in param dict is overridden.
  _log_warning(f'{cat_alias} in param dict is overridden.')
/home/mburu/.local/lib/python3.8/site-packages/lightgbm/basic.py:1780: UserWarning: Overriding the parameters from Reference Dataset.
  _log_warning('Overriding the parameters from Reference Dataset.')
/home/mburu/.local/lib/python3.8/site-packages/lightgbm/basic.py:1513: UserWarning: categorical_column in param dict is overridden.
  _log_warning(f'{cat_alias} in param dict is overridden.')
/home/mburu/.local/lib/python3.8/site-packages/lightgbm/basic.py:1780: UserWarning: Overriding the parameters from Reference Dataset.
  _log_warning('Overriding the parameters from Reference Dataset.')
/home/mburu/.local/lib/python3.8/site-packages/lightgbm/basic.py:1513: UserWarning: categorical_column in param dict is overridden.
  _log_warning(f'{cat_alias} in param dict is overridden.')
/home/mburu/.local/lib/python3.8/site-packages/lightgbm/basic.py:1780: UserWarning: Overriding the parameters from Reference Dataset.
  _log_warning('Overriding the parameters from Reference Dataset.')
/home/mburu/.local/lib/python3.8/site-packages/lightgbm/basic.py:1513: UserWarning: categorical_column in param dict is overridden.
  _log_warning(f'{cat_alias} in param dict is overridden.')
/home/mburu/.local/lib/python3.8/site-packages/lightgbm/basic.py:1780: UserWarning: Overriding the parameters from Reference Dataset.
  _log_warning('Overriding the parameters from Reference Dataset.')
/home/mburu/.local/lib/python3.8/site-packages/lightgbm/basic.py:1513: UserWarning: categorical_column in param dict is overridden.
  _log_warning(f'{cat_alias} in param dict is overridden.')
[I 2024-12-09 18:18:54,177] Trial 33 finished with value: 12.459321272054293 and parameters: {'num_leaves': 3, 'lambda_l1': 6.680830579203993e-07, 'lambda_l2': 0.30094915140926626, 'learning_rate': 0.018109002434162462}. Best is trial 21 with value: 10.533295809970758.
/home/mburu/.local/lib/python3.8/site-packages/lightgbm/basic.py:1780: UserWarning: Overriding the parameters from Reference Dataset.
  _log_warning('Overriding the parameters from Reference Dataset.')
/home/mburu/.local/lib/python3.8/site-packages/lightgbm/basic.py:1513: UserWarning: categorical_column in param dict is overridden.
  _log_warning(f'{cat_alias} in param dict is overridden.')
/home/mburu/.local/lib/python3.8/site-packages/lightgbm/basic.py:1780: UserWarning: Overriding the parameters from Reference Dataset.
  _log_warning('Overriding the parameters from Reference Dataset.')
/home/mburu/.local/lib/python3.8/site-packages/lightgbm/basic.py:1513: UserWarning: categorical_column in param dict is overridden.
  _log_warning(f'{cat_alias} in param dict is overridden.')
/home/mburu/.local/lib/python3.8/site-packages/lightgbm/basic.py:1780: UserWarning: Overriding the parameters from Reference Dataset.
  _log_warning('Overriding the parameters from Reference Dataset.')
/home/mburu/.local/lib/python3.8/site-packages/lightgbm/basic.py:1513: UserWarning: categorical_column in param dict is overridden.
  _log_warning(f'{cat_alias} in param dict is overridden.')
/home/mburu/.local/lib/python3.8/site-packages/lightgbm/basic.py:1780: UserWarning: Overriding the parameters from Reference Dataset.
  _log_warning('Overriding the parameters from Reference Dataset.')
/home/mburu/.local/lib/python3.8/site-packages/lightgbm/basic.py:1513: UserWarning: categorical_column in param dict is overridden.
  _log_warning(f'{cat_alias} in param dict is overridden.')
/home/mburu/.local/lib/python3.8/site-packages/lightgbm/basic.py:1780: UserWarning: Overriding the parameters from Reference Dataset.
  _log_warning('Overriding the parameters from Reference Dataset.')
/home/mburu/.local/lib/python3.8/site-packages/lightgbm/basic.py:1513: UserWarning: categorical_column in param dict is overridden.
  _log_warning(f'{cat_alias} in param dict is overridden.')
[I 2024-12-09 18:18:54,525] Trial 34 finished with value: 12.107125379711338 and parameters: {'num_leaves': 27, 'lambda_l1': 3.1890429914087196e-08, 'lambda_l2': 1.1674827885171484, 'learning_rate': 0.29715782459291523}. Best is trial 21 with value: 10.533295809970758.
/home/mburu/.local/lib/python3.8/site-packages/lightgbm/basic.py:1780: UserWarning: Overriding the parameters from Reference Dataset.
  _log_warning('Overriding the parameters from Reference Dataset.')
/home/mburu/.local/lib/python3.8/site-packages/lightgbm/basic.py:1513: UserWarning: categorical_column in param dict is overridden.
  _log_warning(f'{cat_alias} in param dict is overridden.')
/home/mburu/.local/lib/python3.8/site-packages/lightgbm/basic.py:1780: UserWarning: Overriding the parameters from Reference Dataset.
  _log_warning('Overriding the parameters from Reference Dataset.')
/home/mburu/.local/lib/python3.8/site-packages/lightgbm/basic.py:1513: UserWarning: categorical_column in param dict is overridden.
  _log_warning(f'{cat_alias} in param dict is overridden.')
/home/mburu/.local/lib/python3.8/site-packages/lightgbm/basic.py:1780: UserWarning: Overriding the parameters from Reference Dataset.
  _log_warning('Overriding the parameters from Reference Dataset.')
/home/mburu/.local/lib/python3.8/site-packages/lightgbm/basic.py:1513: UserWarning: categorical_column in param dict is overridden.
  _log_warning(f'{cat_alias} in param dict is overridden.')
/home/mburu/.local/lib/python3.8/site-packages/lightgbm/basic.py:1780: UserWarning: Overriding the parameters from Reference Dataset.
  _log_warning('Overriding the parameters from Reference Dataset.')
/home/mburu/.local/lib/python3.8/site-packages/lightgbm/basic.py:1513: UserWarning: categorical_column in param dict is overridden.
  _log_warning(f'{cat_alias} in param dict is overridden.')
/home/mburu/.local/lib/python3.8/site-packages/lightgbm/basic.py:1780: UserWarning: Overriding the parameters from Reference Dataset.
  _log_warning('Overriding the parameters from Reference Dataset.')
/home/mburu/.local/lib/python3.8/site-packages/lightgbm/basic.py:1513: UserWarning: categorical_column in param dict is overridden.
  _log_warning(f'{cat_alias} in param dict is overridden.')
