Trial 13 finished with value: 111624453.67661858 and parameters: {'num_leaves': 18, 'lambda_l1': 1.0387756085327649e-08, 'lambda_l2': 2.915954444763775e-06, 'learning_rate': 0.2736226278074305}. Best is trial 3 with value: 48745669.870724514.
Training until validation scores don't improve for 20 rounds
Early stopping, best iteration is:
[3]	train's l2: 2.9357e+08	eval's l2: 1.1119e+07
Saved Losses
{'MSE - mean': 11118983.848102354, 'MSE - std': 0.0, 'R2 - mean': 0.45789510700905367, 'R2 - std': 0.0} 
 

Training until validation scores don't improve for 20 rounds
[100]	train's l2: 9.71024e+07	eval's l2: 3.42898e+08
Did not meet early stopping. Best iteration is:
[100]	train's l2: 9.71024e+07	eval's l2: 3.42898e+08
Saved Losses
{'MSE - mean': 177008501.49133334, 'MSE - std': 165889517.643231, 'R2 - mean': 0.4543457014776065, 'R2 - std': 0.0035494055314471695} 
 

Training until validation scores don't improve for 20 rounds
Early stopping, best iteration is:
[3]	train's l2: 2.93168e+08	eval's l2: 1.25683e+07
Saved Losses
{'MSE - mean': 122195111.62350188, 'MSE - std': 156061644.21004182, 'R2 - mean': 0.47057036852674755, 'R2 - std': 0.023127440299250922} 
 

Training until validation scores don't improve for 20 rounds
[100]	train's l2: 9.9567e+07	eval's l2: 3.57623e+08
Did not meet early stopping. Best iteration is:
[100]	train's l2: 9.9567e+07	eval's l2: 3.57623e+08
Saved Losses
{'MSE - mean': 181052142.1044472, 'MSE - std': 169289331.34211683, 'R2 - mean': 0.4593037838579964, 'R2 - std': 0.027963666808753423} 
 

Training until validation scores don't improve for 20 rounds
Early stopping, best iteration is:
[11]	train's l2: 2.60088e+08	eval's l2: 4.87705e+07
Saved Losses
{'MSE - mean': 154595822.8132698, 'MSE - std': 160395914.80694175, 'R2 - mean': 0.41880151474636984, 'R2 - std': 0.08477799562312904} 
 

Saving model.....
Results After CV: {'MSE - mean': 154595822.8132698, 'MSE - std': 160395914.80694175, 'R2 - mean': 0.41880151474636984, 'R2 - std': 0.08477799562312904}
Train time: 0.6508081168000018
Inference time: 0.024903903199998467
Finished cross validation
Hyperparam was saved!!! Hurrah!!!
Trial 14 finished with value: 154595822.8132698 and parameters: {'num_leaves': 40, 'lambda_l1': 1.0129394035610164e-08, 'lambda_l2': 6.355875877563584e-06, 'learning_rate': 0.1538642576902266}. Best is trial 3 with value: 48745669.870724514.
Training until validation scores don't improve for 20 rounds
Early stopping, best iteration is:
[1]	train's l2: 3.02674e+08	eval's l2: 1.18919e+07
Saved Losses
{'MSE - mean': 11891939.549339969, 'MSE - std': 0.0, 'R2 - mean': 0.42020973274909623, 'R2 - std': 0.0} 
 

Training until validation scores don't improve for 20 rounds
[100]	train's l2: 6.84409e+07	eval's l2: 2.31273e+08
Did not meet early stopping. Best iteration is:
[100]	train's l2: 6.84409e+07	eval's l2: 2.31273e+08
Saved Losses
{'MSE - mean': 121582340.25407074, 'MSE - std': 109690400.70473076, 'R2 - mean': 0.5248955054371012, 'R2 - std': 0.104685772688005} 
 

Training until validation scores don't improve for 20 rounds
Early stopping, best iteration is:
[1]	train's l2: 3.02106e+08	eval's l2: 1.3633e+07
Saved Losses
{'MSE - mean': 85599227.18773407, 'MSE - std': 103009181.74156033, 'R2 - mean': 0.5035704280769981, 'R2 - std': 0.09063990209073779} 
 

Training until validation scores don't improve for 20 rounds
[100]	train's l2: 6.9166e+07	eval's l2: 2.40962e+08
Did not meet early stopping. Best iteration is:
[100]	train's l2: 6.9166e+07	eval's l2: 2.40962e+08
Saved Losses
{'MSE - mean': 124439921.92561296, 'MSE - std': 111731675.6585286, 'R2 - mean': 0.5309057936137209, 'R2 - std': 0.09166984518009531} 
 

Training until validation scores don't improve for 20 rounds
Early stopping, best iteration is:
[6]	train's l2: 2.59692e+08	eval's l2: 4.9241e+07
Saved Losses
{'MSE - mean': 109400141.85881309, 'MSE - std': 104364523.73388645, 'R2 - mean': 0.47464921905930135, 'R2 - std': 0.13921888210534517} 
 

Saving model.....
Results After CV: {'MSE - mean': 109400141.85881309, 'MSE - std': 104364523.73388645, 'R2 - mean': 0.47464921905930135, 'R2 - std': 0.13921888210534517}
Train time: 0.24925103320000233
Inference time: 0.018676296400005298
Finished cross validation
Hyperparam was saved!!! Hurrah!!!
Trial 15 finished with value: 109400141.85881309 and parameters: {'num_leaves': 10, 'lambda_l1': 5.093238212268173e-07, 'lambda_l2': 4.35852750208244e-07, 'learning_rate': 0.293829964912562}. Best is trial 3 with value: 48745669.870724514.
Training until validation scores don't improve for 20 rounds
Early stopping, best iteration is:
[3]	train's l2: 2.94873e+08	eval's l2: 1.19451e+07
Saved Losses
{'MSE - mean': 11945051.1813298, 'MSE - std': 0.0, 'R2 - mean': 0.4176202806939666, 'R2 - std': 0.0} 
 

Training until validation scores don't improve for 20 rounds
[100]	train's l2: 1.0167e+08	eval's l2: 3.57257e+08
Did not meet early stopping. Best iteration is:
[100]	train's l2: 1.0167e+08	eval's l2: 3.57257e+08
Saved Losses
{'MSE - mean': 184601181.3856469, 'MSE - std': 172656130.20431712, 'R2 - mean': 0.4227089850811558, 'R2 - std': 0.005088704387189169} 
 

Training until validation scores don't improve for 20 rounds
Early stopping, best iteration is:
[3]	train's l2: 2.94439e+08	eval's l2: 1.33277e+07
Saved Losses
{'MSE - mean': 127510021.6571936, 'MSE - std': 162456847.30526525, 'R2 - mean': 0.43947015047641563, 'R2 - std': 0.02406525723336402} 
 

Training until validation scores don't improve for 20 rounds
[100]	train's l2: 1.03569e+08	eval's l2: 3.67386e+08
Did not meet early stopping. Best iteration is:
[100]	train's l2: 1.03569e+08	eval's l2: 3.67386e+08
Saved Losses
{'MSE - mean': 187478963.0683185, 'MSE - std': 174879936.61134344, 'R2 - mean': 0.43205791043331365, 'R2 - std': 0.02447807920672453} 
 

Training until validation scores don't improve for 20 rounds
Early stopping, best iteration is:
[13]	train's l2: 2.59665e+08	eval's l2: 4.9296e+07
Saved Losses
{'MSE - mean': 159842373.72761676, 'MSE - std': 165896106.23789924, 'R2 - mean': 0.39540330097505993, 'R2 - std': 0.0765087097490799} 
 

Saving model.....
Results After CV: {'MSE - mean': 159842373.72761676, 'MSE - std': 165896106.23789924, 'R2 - mean': 0.39540330097505993, 'R2 - std': 0.0765087097490799}
Train time: 0.24834052379999605
Inference time: 0.0243898205999983
Finished cross validation
Hyperparam was saved!!! Hurrah!!!
Trial 16 finished with value: 159842373.72761676 and parameters: {'num_leaves': 8, 'lambda_l1': 9.152609922752602e-07, 'lambda_l2': 1.1310773291061733e-08, 'learning_rate': 0.15093532349341557}. Best is trial 3 with value: 48745669.870724514.
Training until validation scores don't improve for 20 rounds
Early stopping, best iteration is:
[4]	train's l2: 2.93805e+08	eval's l2: 1.10339e+07
Saved Losses
{'MSE - mean': 11033867.820548402, 'MSE - std': 0.0, 'R2 - mean': 0.4620449300179993, 'R2 - std': 0.0} 
 

Training until validation scores don't improve for 20 rounds
[100]	train's l2: 1.1017e+08	eval's l2: 3.90207e+08
Did not meet early stopping. Best iteration is:
[100]	train's l2: 1.1017e+08	eval's l2: 3.90207e+08
Saved Losses
{'MSE - mean': 200620279.62949604, 'MSE - std': 189586411.80894762, 'R2 - mean': 0.4185345701744601, 'R2 - std': 0.04351035984353918} 
 

Training until validation scores don't improve for 20 rounds
Early stopping, best iteration is:
[4]	train's l2: 2.93395e+08	eval's l2: 1.24402e+07
Saved Losses
{'MSE - mean': 137893583.8793508, 'MSE - std': 178413233.10746083, 'R2 - mean': 0.44838525641904453, 'R2 - std': 0.05517452202802865} 
 

Training until validation scores don't improve for 20 rounds
[100]	train's l2: 1.10791e+08	eval's l2: 3.97169e+08
Did not meet early stopping. Best iteration is:
[100]	train's l2: 1.10791e+08	eval's l2: 3.97169e+08
Saved Losses
{'MSE - mean': 202712557.00480932, 'MSE - std': 190992039.47287855, 'R2 - mean': 0.42678290198824553, 'R2 - std': 0.06068901104506196} 
 

Training until validation scores don't improve for 20 rounds
Early stopping, best iteration is:
[13]	train's l2: 2.61039e+08	eval's l2: 4.90097e+07
Saved Losses
{'MSE - mean': 171971987.1500417, 'MSE - std': 181555219.84672067, 'R2 - mean': 0.39205589770875215, 'R2 - std': 0.08814978249669099} 
 

Saving model.....
Results After CV: {'MSE - mean': 171971987.1500417, 'MSE - std': 181555219.84672067, 'R2 - mean': 0.39205589770875215, 'R2 - std': 0.08814978249669099}
Train time: 3.9088545805999955
Inference time: 0.03776076219998572
Finished cross validation
Hyperparam was saved!!! Hurrah!!!
Trial 17 finished with value: 171971987.1500417 and parameters: {'num_leaves': 990, 'lambda_l1': 0.009586783222621662, 'lambda_l2': 2.245090421348104e-07, 'learning_rate': 0.11617900756000003}. Best is trial 3 with value: 48745669.870724514.
Training until validation scores don't improve for 20 rounds
Early stopping, best iteration is:
[1]	train's l2: 3.02592e+08	eval's l2: 1.1302e+07
Saved Losses
{'MSE - mean': 11302030.739574049, 'MSE - std': 0.0, 'R2 - mean': 0.44897067498638066, 'R2 - std': 0.0} 
 

Training until validation scores don't improve for 20 rounds
[100]	train's l2: 6.30339e+07	eval's l2: 2.20849e+08
Did not meet early stopping. Best iteration is:
[100]	train's l2: 6.30339e+07	eval's l2: 2.20849e+08
Saved Losses
{'MSE - mean': 116075484.87090898, 'MSE - std': 104773454.13133493, 'R2 - mean': 0.5476236343510754, 'R2 - std': 0.09865295936469481} 
 

Training until validation scores don't improve for 20 rounds
Early stopping, best iteration is:
[1]	train's l2: 3.02012e+08	eval's l2: 1.31299e+07
Saved Losses
{'MSE - mean': 81760286.7993428, 'MSE - std': 98353360.03981903, 'R2 - mean': 0.5253538887548258, 'R2 - std': 0.0864878839228446} 
 

Training until validation scores don't improve for 20 rounds
[100]	train's l2: 6.6585e+07	eval's l2: 2.3188e+08
Did not meet early stopping. Best iteration is:
[100]	train's l2: 6.6585e+07	eval's l2: 2.3188e+08
Saved Losses
{'MSE - mean': 119290180.23216547, 'MSE - std': 107147171.1086148, 'R2 - mean': 0.5508908423375157, 'R2 - std': 0.08698576632956657} 
 

Training until validation scores don't improve for 20 rounds
Early stopping, best iteration is:
[5]	train's l2: 2.60613e+08	eval's l2: 4.90979e+07
Saved Losses
{'MSE - mean': 105251724.35667305, 'MSE - std': 99863536.86273892, 'R2 - mean': 0.4910734574389931, 'R2 - std': 0.14270843345628023} 
 

Saving model.....
Results After CV: {'MSE - mean': 105251724.35667305, 'MSE - std': 99863536.86273892, 'R2 - mean': 0.4910734574389931, 'R2 - std': 0.14270843345628023}
Train time: 1.8901663448000021
Inference time: 0.031372404599994755
Finished cross validation
Hyperparam was saved!!! Hurrah!!!
Trial 18 finished with value: 105251724.35667305 and parameters: {'num_leaves': 169, 'lambda_l1': 2.537479900986414e-06, 'lambda_l2': 6.168523176463068e-05, 'learning_rate': 0.2875479346614367}. Best is trial 3 with value: 48745669.870724514.
Training until validation scores don't improve for 20 rounds
Early stopping, best iteration is:
[5]	train's l2: 2.94775e+08	eval's l2: 1.09751e+07
Saved Losses
{'MSE - mean': 10975074.931373935, 'MSE - std': 0.0, 'R2 - mean': 0.4649113711721514, 'R2 - std': 0.0} 
 

Training until validation scores don't improve for 20 rounds
[100]	train's l2: 1.18459e+08	eval's l2: 4.20757e+08
Did not meet early stopping. Best iteration is:
[100]	train's l2: 1.18459e+08	eval's l2: 4.20757e+08
Saved Losses
{'MSE - mean': 215866245.97355998, 'MSE - std': 204891171.04218605, 'R2 - mean': 0.3955019573079163, 'R2 - std': 0.0694094138642351} 
 

Training until validation scores don't improve for 20 rounds
Early stopping, best iteration is:
[5]	train's l2: 2.94353e+08	eval's l2: 1.24166e+07
Saved Losses
{'MSE - mean': 148049713.15143707, 'MSE - std': 192834364.75047797, 'R2 - mean': 0.43334052035433857, 'R2 - std': 0.07794415647641961} 
 

Training until validation scores don't improve for 20 rounds
[100]	train's l2: 1.19743e+08	eval's l2: 4.29331e+08
Did not meet early stopping. Best iteration is:
[100]	train's l2: 1.19743e+08	eval's l2: 4.29331e+08
Saved Losses
{'MSE - mean': 218370001.84145486, 'MSE - std': 206696996.04948932, 'R2 - mean': 0.4025831100989338, 'R2 - std': 0.08599141528939541} 
 

Training until validation scores don't improve for 20 rounds
Early stopping, best iteration is:
[18]	train's l2: 2.60546e+08	eval's l2: 4.89488e+07
Saved Losses
{'MSE - mean': 184485763.15868846, 'MSE - std': 196904761.40801883, 'R2 - mean': 0.37288167139996525, 'R2 - std': 0.09718189464058093} 
 

Saving model.....
Results After CV: {'MSE - mean': 184485763.15868846, 'MSE - std': 196904761.40801883, 'R2 - mean': 0.37288167139996525, 'R2 - std': 0.09718189464058093}
Train time: 2.0371220799999947
Inference time: 0.03132893779999222
Finished cross validation
Hyperparam was saved!!! Hurrah!!!
Trial 19 finished with value: 184485763.15868846 and parameters: {'num_leaves': 171, 'lambda_l1': 0.013437860679685719, 'lambda_l2': 0.007157142355538634, 'learning_rate': 0.09053947097856192}. Best is trial 3 with value: 48745669.870724514.
Training until validation scores don't improve for 20 rounds
Early stopping, best iteration is:
[2]	train's l2: 2.95818e+08	eval's l2: 1.0955e+07
Saved Losses
{'MSE - mean': 10955030.888384929, 'MSE - std': 0.0, 'R2 - mean': 0.46588861638880985, 'R2 - std': 0.0} 
 

Training until validation scores don't improve for 20 rounds
[100]	train's l2: 8.30963e+07	eval's l2: 2.92831e+08
Did not meet early stopping. Best iteration is:
[100]	train's l2: 8.30963e+07	eval's l2: 2.92831e+08
Saved Losses
{'MSE - mean': 151892932.50554362, 'MSE - std': 140937901.61715868, 'R2 - mean': 0.49843758930570314, 'R2 - std': 0.03254897291689329} 
 

Training until validation scores don't improve for 20 rounds
Early stopping, best iteration is:
[2]	train's l2: 2.95376e+08	eval's l2: 1.24412e+07
Saved Losses
{'MSE - mean': 105409011.63711506, 'MSE - std': 132528630.39146142, 'R2 - mean': 0.5016410513727916, 'R2 - std': 0.026959502290045786} 
 

Training until validation scores don't improve for 20 rounds
[100]	train's l2: 8.61365e+07	eval's l2: 3.07977e+08
Did not meet early stopping. Best iteration is:
[100]	train's l2: 8.61365e+07	eval's l2: 3.07977e+08
Saved Losses
{'MSE - mean': 156051000.49985915, 'MSE - std': 144453146.42817694, 'R2 - mean': 0.5025450839295331, 'R2 - std': 0.0234000619098793} 
 

Training until validation scores don't improve for 20 rounds
Early stopping, best iteration is:
[8]	train's l2: 2.60129e+08	eval's l2: 4.8984e+07
Saved Losses
{'MSE - mean': 134637601.90387946, 'MSE - std': 136115773.39941716, 'R2 - mean': 0.45274397164997726, 'R2 - std': 0.10177747027231836} 
 

Saving model.....
Results After CV: {'MSE - mean': 134637601.90387946, 'MSE - std': 136115773.39941716, 'R2 - mean': 0.45274397164997726, 'R2 - std': 0.10177747027231836}
Train time: 3.3527791712000066
Inference time: 0.04345980819999795
Finished cross validation
Hyperparam was saved!!! Hurrah!!!
Trial 20 finished with value: 134637601.90387946 and parameters: {'num_leaves': 344, 'lambda_l1': 3.450428774085256e-06, 'lambda_l2': 3.141727234953089e-05, 'learning_rate': 0.20308320652046655}. Best is trial 3 with value: 48745669.870724514.
Training until validation scores don't improve for 20 rounds
Early stopping, best iteration is:
[4]	train's l2: 2.93754e+08	eval's l2: 1.10324e+07
Saved Losses
{'MSE - mean': 11032400.958990464, 'MSE - std': 0.0, 'R2 - mean': 0.4621164466996279, 'R2 - std': 0.0} 
 

Training until validation scores don't improve for 20 rounds
[100]	train's l2: 1.09851e+08	eval's l2: 3.87806e+08
Did not meet early stopping. Best iteration is:
[100]	train's l2: 1.09851e+08	eval's l2: 3.87806e+08
Saved Losses
{'MSE - mean': 199419108.24317315, 'MSE - std': 188386707.2841827, 'R2 - mean': 0.42049301378868453, 'R2 - std': 0.04162343291094339} 
 

Training until validation scores don't improve for 20 rounds
Early stopping, best iteration is:
[4]	train's l2: 2.93345e+08	eval's l2: 1.2438e+07
Saved Losses
{'MSE - mean': 137092067.24829355, 'MSE - std': 177282320.229455, 'R2 - mean': 0.4497199770093583, 'R2 - std': 0.053511097320086465} 
 

Training until validation scores don't improve for 20 rounds
[100]	train's l2: 1.10312e+08	eval's l2: 3.97291e+08
Did not meet early stopping. Best iteration is:
[100]	train's l2: 1.10312e+08	eval's l2: 3.97291e+08
Saved Losses
{'MSE - mean': 202141877.51406053, 'MSE - std': 190436864.19989994, 'R2 - mean': 0.4277350138754814, 'R2 - std': 0.05997994635120638} 
 

Training until validation scores don't improve for 20 rounds
Early stopping, best iteration is:
[13]	train's l2: 2.61017e+08	eval's l2: 4.90051e+07
Saved Losses
{'MSE - mean': 171514529.36112162, 'MSE - std': 181011317.92393044, 'R2 - mean': 0.39283151852912257, 'R2 - std': 0.08804028124107766} 
 

Saving model.....
Results After CV: {'MSE - mean': 171514529.36112162, 'MSE - std': 181011317.92393044, 'R2 - mean': 0.39283151852912257, 'R2 - std': 0.08804028124107766}
Train time: 3.747595957600015
Inference time: 0.03216953300000682
Finished cross validation
Hyperparam was saved!!! Hurrah!!!
Trial 21 finished with value: 171514529.36112162 and parameters: {'num_leaves': 993, 'lambda_l1': 1.1617271543690611e-07, 'lambda_l2': 0.018054882932168902, 'learning_rate': 0.11649175724899677}. Best is trial 3 with value: 48745669.870724514.
Training until validation scores don't improve for 20 rounds
Early stopping, best iteration is:
[2]	train's l2: 2.92878e+08	eval's l2: 1.11406e+07
Saved Losses
{'MSE - mean': 11140583.706494855, 'MSE - std': 0.0, 'R2 - mean': 0.45684200817534293, 'R2 - std': 0.0} 
 

Training until validation scores don't improve for 20 rounds
[100]	train's l2: 7.59939e+07	eval's l2: 2.65565e+08
Did not meet early stopping. Best iteration is:
[100]	train's l2: 7.59939e+07	eval's l2: 2.65565e+08
Saved Losses
{'MSE - mean': 138352714.12082505, 'MSE - std': 127212130.4143302, 'R2 - mean': 0.5157496147146787, 'R2 - std': 0.058907606539335855} 
 

Training until validation scores don't improve for 20 rounds
Early stopping, best iteration is:
[2]	train's l2: 2.92511e+08	eval's l2: 1.25349e+07
Saved Losses
{'MSE - mean': 96413439.20222925, 'MSE - std': 119609460.23523179, 'R2 - mean': 0.5119471083731209, 'R2 - std': 0.04839754313065881} 
 

Training until validation scores don't improve for 20 rounds
[100]	train's l2: 8.01709e+07	eval's l2: 2.86056e+08
Did not meet early stopping. Best iteration is:
[100]	train's l2: 8.01709e+07	eval's l2: 2.86056e+08
Saved Losses
{'MSE - mean': 143824063.11251807, 'MSE - std': 132185925.92258516, 'R2 - mean': 0.5190782665895519, 'R2 - std': 0.04369555913747184} 
 

Training until validation scores don't improve for 20 rounds
Early stopping, best iteration is:
[7]	train's l2: 2.60194e+08	eval's l2: 4.88561e+07
Saved Losses
{'MSE - mean': 124830461.71421678, 'MSE - std': 124183423.95794678, 'R2 - mean': 0.46636048449238754, 'R2 - std': 0.11244598573379787} 
 

Saving model.....
Results After CV: {'MSE - mean': 124830461.71421678, 'MSE - std': 124183423.95794678, 'R2 - mean': 0.46636048449238754, 'R2 - std': 0.11244598573379787}
Train time: 1.2006664983999997
Inference time: 0.019910778399997754
Finished cross validation
Hyperparam was saved!!! Hurrah!!!
Trial 22 finished with value: 124830461.71421678 and parameters: {'num_leaves': 93, 'lambda_l1': 0.00010044753312652488, 'lambda_l2': 4.913371558747312e-05, 'learning_rate': 0.22667557847030084}. Best is trial 3 with value: 48745669.870724514.
Training until validation scores don't improve for 20 rounds
Early stopping, best iteration is:
[1]	train's l2: 3.03513e+08	eval's l2: 1.14735e+07
Saved Losses
{'MSE - mean': 11473476.785839317, 'MSE - std': 0.0, 'R2 - mean': 0.440611840956757, 'R2 - std': 0.0} 
 

Training until validation scores don't improve for 20 rounds
[100]	train's l2: 6.46344e+07	eval's l2: 2.26865e+08
Did not meet early stopping. Best iteration is:
[100]	train's l2: 6.46344e+07	eval's l2: 2.26865e+08
Saved Losses
{'MSE - mean': 119169406.89193583, 'MSE - std': 107695930.1060965, 'R2 - mean': 0.5386261258338855, 'R2 - std': 0.09801428487712849} 
 

Training until validation scores don't improve for 20 rounds
Early stopping, best iteration is:
[1]	train's l2: 3.02911e+08	eval's l2: 1.34142e+07
Saved Losses
{'MSE - mean': 83917661.81304918, 'MSE - std': 101082375.4988562, 'R2 - mean': 0.5156085116395979, 'R2 - std': 0.08639533833707352} 
 

Training until validation scores don't improve for 20 rounds
[100]	train's l2: 6.87558e+07	eval's l2: 2.42635e+08
Did not meet early stopping. Best iteration is:
[100]	train's l2: 6.87558e+07	eval's l2: 2.42635e+08
Saved Losses
{'MSE - mean': 123597086.63326307, 'MSE - std': 111295126.75565739, 'R2 - mean': 0.5392623252290322, 'R2 - std': 0.08530313333491436} 
 

Training until validation scores don't improve for 20 rounds
Early stopping, best iteration is:
[6]	train's l2: 2.59733e+08	eval's l2: 4.88983e+07
Saved Losses
{'MSE - mean': 108657336.55100067, 'MSE - std': 103933001.11960644, 'R2 - mean': 0.48237887128846646, 'R2 - std': 0.1369825133885241} 
 

Saving model.....
Results After CV: {'MSE - mean': 108657336.55100067, 'MSE - std': 103933001.11960644, 'R2 - mean': 0.48237887128846646, 'R2 - std': 0.1369825133885241}
Train time: 0.6197309557999973
Inference time: 0.013534979199988584
Finished cross validation
Hyperparam was saved!!! Hurrah!!!
