Trial 233 finished with value: 4.937161040727403 and parameters: {'num_leaves': 16, 'lambda_l1': 5.282031573919822e-05, 'lambda_l2': 2.2673809482442082e-07, 'learning_rate': 0.018133952750506364}. Best is trial 163 with value: 4.486410577271952.
Training until validation scores don't improve for 20 rounds
[100]	train's l2: 3.65378	eval's l2: 4.69033
Did not meet early stopping. Best iteration is:
[100]	train's l2: 3.65378	eval's l2: 4.69033
Saved Losses
{'MSE - mean': 4.69033187260864, 'MSE - std': 0.0, 'R2 - mean': 0.5722572316837731, 'R2 - std': 0.0} 
 

Training until validation scores don't improve for 20 rounds
[100]	train's l2: 3.75274	eval's l2: 4.0634
Did not meet early stopping. Best iteration is:
[100]	train's l2: 3.75274	eval's l2: 4.0634
Saved Losses
{'MSE - mean': 4.376864510546294, 'MSE - std': 0.31346736206234604, 'R2 - mean': 0.5695565291799523, 'R2 - std': 0.0027007025038208177} 
 

Training until validation scores don't improve for 20 rounds
[100]	train's l2: 3.64726	eval's l2: 4.72161
Did not meet early stopping. Best iteration is:
[100]	train's l2: 3.64726	eval's l2: 4.72161
Saved Losses
{'MSE - mean': 4.4917783715937665, 'MSE - std': 0.30318022523557325, 'R2 - mean': 0.5581710625319002, 'R2 - std': 0.016251776239247707} 
 

Training until validation scores don't improve for 20 rounds
[100]	train's l2: 3.67353	eval's l2: 4.32018
Did not meet early stopping. Best iteration is:
[100]	train's l2: 3.67353	eval's l2: 4.32018
Saved Losses
{'MSE - mean': 4.448877770414873, 'MSE - std': 0.2728737280775691, 'R2 - mean': 0.5531494442064464, 'R2 - std': 0.01654509368415697} 
 

Training until validation scores don't improve for 20 rounds
[100]	train's l2: 3.52672	eval's l2: 5.3614
Did not meet early stopping. Best iteration is:
[100]	train's l2: 3.52672	eval's l2: 5.3614
Saved Losses
{'MSE - mean': 4.6313813211622215, 'MSE - std': 0.4390879653571945, 'R2 - mean': 0.5538424112267056, 'R2 - std': 0.014863139411937586} 
 

Saving model.....
Results After CV: {'MSE - mean': 4.6313813211622215, 'MSE - std': 0.4390879653571945, 'R2 - mean': 0.5538424112267056, 'R2 - std': 0.014863139411937586}
Train time: 0.4695218329999989
Inference time: 0.0011872762000052716
Finished cross validation
Hyperparam was saved!!! Hurrah!!!
Trial 234 finished with value: 4.6313813211622215 and parameters: {'num_leaves': 22, 'lambda_l1': 0.01652100487771072, 'lambda_l2': 9.54093536919817e-06, 'learning_rate': 0.02721802764212634}. Best is trial 163 with value: 4.486410577271952.
Training until validation scores don't improve for 20 rounds
[100]	train's l2: 3.02071	eval's l2: 4.5678
Did not meet early stopping. Best iteration is:
[100]	train's l2: 3.02071	eval's l2: 4.5678
Saved Losses
{'MSE - mean': 4.567802988014894, 'MSE - std': 0.0, 'R2 - mean': 0.5834314610812503, 'R2 - std': 0.0} 
 

Training until validation scores don't improve for 20 rounds
[100]	train's l2: 3.10791	eval's l2: 4.04615
Did not meet early stopping. Best iteration is:
[100]	train's l2: 3.10791	eval's l2: 4.04615
Saved Losses
{'MSE - mean': 4.306978381869381, 'MSE - std': 0.2608246061455124, 'R2 - mean': 0.5760626860208387, 'R2 - std': 0.00736877506041167} 
 

Training until validation scores don't improve for 20 rounds
[100]	train's l2: 3.00442	eval's l2: 4.59045
Did not meet early stopping. Best iteration is:
[100]	train's l2: 3.00442	eval's l2: 4.59045
Saved Losses
{'MSE - mean': 4.401468067101522, 'MSE - std': 0.25141516397752495, 'R2 - mean': 0.5668104472263535, 'R2 - std': 0.014401634491067763} 
 

Training until validation scores don't improve for 20 rounds
[100]	train's l2: 3.02205	eval's l2: 4.25381
Did not meet early stopping. Best iteration is:
[100]	train's l2: 3.02205	eval's l2: 4.25381
Saved Losses
{'MSE - mean': 4.36455309849905, 'MSE - std': 0.22692583200056574, 'R2 - mean': 0.5614030017666904, 'R2 - std': 0.015597330098719655} 
 

Training until validation scores don't improve for 20 rounds
[100]	train's l2: 2.92709	eval's l2: 5.21608
Did not meet early stopping. Best iteration is:
[100]	train's l2: 2.92709	eval's l2: 5.21608
Saved Losses
{'MSE - mean': 4.534859081892742, 'MSE - std': 0.3965006664585687, 'R2 - mean': 0.5628487170121377, 'R2 - std': 0.014247165867302007} 
 

Saving model.....
Results After CV: {'MSE - mean': 4.534859081892742, 'MSE - std': 0.3965006664585687, 'R2 - mean': 0.5628487170121377, 'R2 - std': 0.014247165867302007}
Train time: 0.6039511887999993
Inference time: 0.012608800400002451
Finished cross validation
Hyperparam was saved!!! Hurrah!!!
Trial 235 finished with value: 4.534859081892742 and parameters: {'num_leaves': 32, 'lambda_l1': 0.20247585897895962, 'lambda_l2': 0.002180399393482591, 'learning_rate': 0.03855734239955829}. Best is trial 163 with value: 4.486410577271952.
Training until validation scores don't improve for 20 rounds
[100]	train's l2: 3.80588	eval's l2: 4.82655
Did not meet early stopping. Best iteration is:
[100]	train's l2: 3.80588	eval's l2: 4.82655
Saved Losses
{'MSE - mean': 4.826550713707582, 'MSE - std': 0.0, 'R2 - mean': 0.5598345234893349, 'R2 - std': 0.0} 
 

Training until validation scores don't improve for 20 rounds
[100]	train's l2: 3.92764	eval's l2: 4.14832
Did not meet early stopping. Best iteration is:
[100]	train's l2: 3.92764	eval's l2: 4.14832
Saved Losses
{'MSE - mean': 4.4874360242991145, 'MSE - std': 0.339114689408468, 'R2 - mean': 0.5588188618561198, 'R2 - std': 0.001015661633215037} 
 

Training until validation scores don't improve for 20 rounds
[100]	train's l2: 3.79628	eval's l2: 4.81849
Did not meet early stopping. Best iteration is:
[100]	train's l2: 3.79628	eval's l2: 4.81849
Saved Losses
{'MSE - mean': 4.597788785268068, 'MSE - std': 0.31783850001010966, 'R2 - mean': 0.5478347264413185, 'R2 - std': 0.01555603336298095} 
 

Training until validation scores don't improve for 20 rounds
[100]	train's l2: 3.83457	eval's l2: 4.40781
Did not meet early stopping. Best iteration is:
[100]	train's l2: 3.83457	eval's l2: 4.40781
Saved Losses
{'MSE - mean': 4.550293688766536, 'MSE - std': 0.2872861581099525, 'R2 - mean': 0.5430547660827403, 'R2 - std': 0.015812548611193963} 
 

Training until validation scores don't improve for 20 rounds
[100]	train's l2: 3.69925	eval's l2: 5.52066
Did not meet early stopping. Best iteration is:
[100]	train's l2: 3.69925	eval's l2: 5.52066
Saved Losses
{'MSE - mean': 4.744367949689463, 'MSE - std': 0.4654953751911847, 'R2 - mean': 0.5431323617425349, 'R2 - std': 0.014144024858956291} 
 

Saving model.....
Results After CV: {'MSE - mean': 4.744367949689463, 'MSE - std': 0.4654953751911847, 'R2 - mean': 0.5431323617425349, 'R2 - std': 0.014144024858956291}
Train time: 0.5414498431999959
Inference time: 0.006878931599999305
Finished cross validation
Hyperparam was saved!!! Hurrah!!!
Trial 236 finished with value: 4.744367949689463 and parameters: {'num_leaves': 27, 'lambda_l1': 2.8068284966816105e-05, 'lambda_l2': 0.0028856984473610986, 'learning_rate': 0.020243124197416414}. Best is trial 163 with value: 4.486410577271952.
Training until validation scores don't improve for 20 rounds
[100]	train's l2: 2.79174	eval's l2: 4.47368
Did not meet early stopping. Best iteration is:
[100]	train's l2: 2.79174	eval's l2: 4.47368
Saved Losses
{'MSE - mean': 4.473683163515565, 'MSE - std': 0.0, 'R2 - mean': 0.5920148780713982, 'R2 - std': 0.0} 
 

Training until validation scores don't improve for 20 rounds
Early stopping, best iteration is:
[54]	train's l2: 3.34072	eval's l2: 4.05308
Saved Losses
{'MSE - mean': 4.263382529068164, 'MSE - std': 0.21030063444740055, 'R2 - mean': 0.5799851376819598, 'R2 - std': 0.012029740389438437} 
 

Training until validation scores don't improve for 20 rounds
Early stopping, best iteration is:
[50]	train's l2: 3.28288	eval's l2: 4.67171
Saved Losses
{'MSE - mean': 4.399492106818058, 'MSE - std': 0.2579454830188502, 'R2 - mean': 0.5667599969394014, 'R2 - std': 0.021125461680457522} 
 

Training until validation scores don't improve for 20 rounds
Early stopping, best iteration is:
[50]	train's l2: 3.31942	eval's l2: 4.28967
Saved Losses
{'MSE - mean': 4.372036812531858, 'MSE - std': 0.22839282762467908, 'R2 - mean': 0.5604065485337748, 'R2 - std': 0.02134977209101387} 
 

Training until validation scores don't improve for 20 rounds
[100]	train's l2: 2.68352	eval's l2: 5.21684
Did not meet early stopping. Best iteration is:
[100]	train's l2: 2.68352	eval's l2: 5.21684
Saved Losses
{'MSE - mean': 4.5409974284940695, 'MSE - std': 0.39486882119716216, 'R2 - mean': 0.5620390357299782, 'R2 - std': 0.019372926274924478} 
 

Saving model.....
Results After CV: {'MSE - mean': 4.5409974284940695, 'MSE - std': 0.39486882119716216, 'R2 - mean': 0.5620390357299782, 'R2 - std': 0.019372926274924478}
Train time: 0.3246934530000004
Inference time: 0.01784044480000091
Finished cross validation
Hyperparam was saved!!! Hurrah!!!
Trial 237 finished with value: 4.5409974284940695 and parameters: {'num_leaves': 19, 'lambda_l1': 0.0014260215029805977, 'lambda_l2': 1.4442036584029379, 'learning_rate': 0.10075835443920132}. Best is trial 163 with value: 4.486410577271952.
Training until validation scores don't improve for 20 rounds
[100]	train's l2: 3.762	eval's l2: 4.75749
Did not meet early stopping. Best iteration is:
[100]	train's l2: 3.762	eval's l2: 4.75749
Saved Losses
{'MSE - mean': 4.757489539673074, 'MSE - std': 0.0, 'R2 - mean': 0.5661326743594695, 'R2 - std': 0.0} 
 

Training until validation scores don't improve for 20 rounds
[100]	train's l2: 3.86357	eval's l2: 4.11104
Did not meet early stopping. Best iteration is:
[100]	train's l2: 3.86357	eval's l2: 4.11104
Saved Losses
{'MSE - mean': 4.434263215115171, 'MSE - std': 0.32322632455790323, 'R2 - mean': 0.5639551341154807, 'R2 - std': 0.0021775402439887515} 
 

Training until validation scores don't improve for 20 rounds
[100]	train's l2: 3.74276	eval's l2: 4.7614
Did not meet early stopping. Best iteration is:
[100]	train's l2: 3.74276	eval's l2: 4.7614
Saved Losses
{'MSE - mean': 4.543308836269464, 'MSE - std': 0.30566659327442397, 'R2 - mean': 0.5531315737817105, 'R2 - std': 0.015409738401640335} 
 

Training until validation scores don't improve for 20 rounds
[100]	train's l2: 3.78331	eval's l2: 4.39909
Did not meet early stopping. Best iteration is:
[100]	train's l2: 3.78331	eval's l2: 4.39909
Saved Losses
{'MSE - mean': 4.507254107563436, 'MSE - std': 0.2719813965498191, 'R2 - mean': 0.5472604476081973, 'R2 - std': 0.016778122536242838} 
 

Training until validation scores don't improve for 20 rounds
[100]	train's l2: 3.64508	eval's l2: 5.48064
Did not meet early stopping. Best iteration is:
[100]	train's l2: 3.64508	eval's l2: 5.48064
Saved Losses
{'MSE - mean': 4.70193147872646, 'MSE - std': 0.4591037131489304, 'R2 - mean': 0.5471589018971587, 'R2 - std': 0.015008183194466448} 
 

Saving model.....
Results After CV: {'MSE - mean': 4.70193147872646, 'MSE - std': 0.4591037131489304, 'R2 - mean': 0.5471589018971587, 'R2 - std': 0.015008183194466448}
Train time: 0.5024405626000004
Inference time: 0.006905547399998113
Finished cross validation
Hyperparam was saved!!! Hurrah!!!
Trial 238 finished with value: 4.70193147872646 and parameters: {'num_leaves': 24, 'lambda_l1': 0.00014254672602391494, 'lambda_l2': 0.00018803809311123502, 'learning_rate': 0.022827805437028916}. Best is trial 163 with value: 4.486410577271952.
Training until validation scores don't improve for 20 rounds
[100]	train's l2: 3.85462	eval's l2: 4.91413
Did not meet early stopping. Best iteration is:
[100]	train's l2: 3.85462	eval's l2: 4.91413
Saved Losses
{'MSE - mean': 4.914125351583258, 'MSE - std': 0.0, 'R2 - mean': 0.5518480058917223, 'R2 - std': 0.0} 
 

Training until validation scores don't improve for 20 rounds
[100]	train's l2: 3.98731	eval's l2: 4.24771
Did not meet early stopping. Best iteration is:
[100]	train's l2: 3.98731	eval's l2: 4.24771
Saved Losses
{'MSE - mean': 4.580917711334043, 'MSE - std': 0.33320764024921523, 'R2 - mean': 0.549528354178676, 'R2 - std': 0.0023196517130464334} 
 

Training until validation scores don't improve for 20 rounds
[100]	train's l2: 3.84221	eval's l2: 4.87388
Did not meet early stopping. Best iteration is:
[100]	train's l2: 3.84221	eval's l2: 4.87388
Saved Losses
{'MSE - mean': 4.678573062021705, 'MSE - std': 0.30510876101727136, 'R2 - mean': 0.5398243046156962, 'R2 - std': 0.013853676234899704} 
 

Training until validation scores don't improve for 20 rounds
[100]	train's l2: 3.91446	eval's l2: 4.4948
Did not meet early stopping. Best iteration is:
[100]	train's l2: 3.91446	eval's l2: 4.4948
Saved Losses
{'MSE - mean': 4.6326292047882, 'MSE - std': 0.27595476275940395, 'R2 - mean': 0.5347217164369602, 'R2 - std': 0.014901425343952847} 
 

Training until validation scores don't improve for 20 rounds
[100]	train's l2: 3.73761	eval's l2: 5.60171
Did not meet early stopping. Best iteration is:
[100]	train's l2: 3.73761	eval's l2: 5.60171
Saved Losses
{'MSE - mean': 4.826446062580474, 'MSE - std': 0.45954403742139904, 'R2 - mean': 0.5351253849368269, 'R2 - std': 0.013352669203431155} 
 

Saving model.....
Results After CV: {'MSE - mean': 4.826446062580474, 'MSE - std': 0.45954403742139904, 'R2 - mean': 0.5351253849368269, 'R2 - std': 0.013352669203431155}
Train time: 0.6448056132000005
Inference time: 0.006899412799998572
Finished cross validation
Hyperparam was saved!!! Hurrah!!!
Trial 239 finished with value: 4.826446062580474 and parameters: {'num_leaves': 35, 'lambda_l1': 1.2984922229043815e-05, 'lambda_l2': 0.004665960094847684, 'learning_rate': 0.016962793562207392}. Best is trial 163 with value: 4.486410577271952.
Training until validation scores don't improve for 20 rounds
[100]	train's l2: 3.80091	eval's l2: 4.68722
Did not meet early stopping. Best iteration is:
[100]	train's l2: 3.80091	eval's l2: 4.68722
Saved Losses
{'MSE - mean': 4.687223461469544, 'MSE - std': 0.0, 'R2 - mean': 0.5725407085084018, 'R2 - std': 0.0} 
 

Training until validation scores don't improve for 20 rounds
Early stopping, best iteration is:
[76]	train's l2: 4.09971	eval's l2: 4.0655
Saved Losses
{'MSE - mean': 4.376360586842438, 'MSE - std': 0.31086287462710605, 'R2 - mean': 0.5695863111543777, 'R2 - std': 0.00295439735402403} 
 

Training until validation scores don't improve for 20 rounds
[100]	train's l2: 3.79434	eval's l2: 4.65114
Did not meet early stopping. Best iteration is:
[100]	train's l2: 3.79434	eval's l2: 4.65114
Saved Losses
{'MSE - mean': 4.467954358949718, 'MSE - std': 0.2849607974066474, 'R2 - mean': 0.5605021119431836, 'R2 - std': 0.013071508192794677} 
 

Training until validation scores don't improve for 20 rounds
[100]	train's l2: 3.87135	eval's l2: 4.25263
Did not meet early stopping. Best iteration is:
[100]	train's l2: 3.87135	eval's l2: 4.25263
Saved Losses
{'MSE - mean': 4.414122853008925, 'MSE - std': 0.2638095622594733, 'R2 - mean': 0.5567032880453847, 'R2 - std': 0.013093564596594257} 
 

Training until validation scores don't improve for 20 rounds
[100]	train's l2: 3.66372	eval's l2: 5.25068
Did not meet early stopping. Best iteration is:
[100]	train's l2: 3.66372	eval's l2: 5.25068
Saved Losses
{'MSE - mean': 4.581434391728449, 'MSE - std': 0.40944962091374165, 'R2 - mean': 0.5585167050501052, 'R2 - std': 0.012259978466872849} 
 

Saving model.....
Results After CV: {'MSE - mean': 4.581434391728449, 'MSE - std': 0.40944962091374165, 'R2 - mean': 0.5585167050501052, 'R2 - std': 0.012259978466872849}
Train time: 0.1635558746000072
Inference time: 0.017629309200003718
Finished cross validation
Hyperparam was saved!!! Hurrah!!!
Trial 240 finished with value: 4.581434391728449 and parameters: {'num_leaves': 5, 'lambda_l1': 0.00022021692130244362, 'lambda_l2': 0.0012016729461134363, 'learning_rate': 0.13144852445787908}. Best is trial 163 with value: 4.486410577271952.
Training until validation scores don't improve for 20 rounds
[100]	train's l2: 3.93732	eval's l2: 4.86686
Did not meet early stopping. Best iteration is:
[100]	train's l2: 3.93732	eval's l2: 4.86686
Saved Losses
{'MSE - mean': 4.866862429370226, 'MSE - std': 0.0, 'R2 - mean': 0.5561582282246407, 'R2 - std': 0.0} 
 

Training until validation scores don't improve for 20 rounds
[100]	train's l2: 4.06681	eval's l2: 4.1766
Did not meet early stopping. Best iteration is:
[100]	train's l2: 4.06681	eval's l2: 4.1766
Saved Losses
{'MSE - mean': 4.521733242032381, 'MSE - std': 0.34512918733784437, 'R2 - mean': 0.5554732938509724, 'R2 - std': 0.0006849343736682334} 
 

Training until validation scores don't improve for 20 rounds
[100]	train's l2: 3.93108	eval's l2: 4.86092
Did not meet early stopping. Best iteration is:
[100]	train's l2: 3.93108	eval's l2: 4.86092
Saved Losses
{'MSE - mean': 4.634794609216471, 'MSE - std': 0.32399873888755415, 'R2 - mean': 0.5442128906534608, 'R2 - std': 0.015934431808881128} 
 

Training until validation scores don't improve for 20 rounds
[100]	train's l2: 3.97884	eval's l2: 4.43962
Did not meet early stopping. Best iteration is:
[100]	train's l2: 3.97884	eval's l2: 4.43962
Saved Losses
{'MSE - mean': 4.586000975871285, 'MSE - std': 0.29304239124334475, 'R2 - mean': 0.5394880590837401, 'R2 - std': 0.016043742951400066} 
 

Training until validation scores don't improve for 20 rounds
[100]	train's l2: 3.82028	eval's l2: 5.56996
Did not meet early stopping. Best iteration is:
[100]	train's l2: 3.82028	eval's l2: 5.56996
Saved Losses
{'MSE - mean': 4.78279265828216, 'MSE - std': 0.4728709544018377, 'R2 - mean': 0.5394636699636959, 'R2 - std': 0.014350042844158535} 
 

Saving model.....
Results After CV: {'MSE - mean': 4.78279265828216, 'MSE - std': 0.4728709544018377, 'R2 - mean': 0.5394636699636959, 'R2 - std': 0.014350042844158535}
Train time: 0.49083187920001026
Inference time: 0.0181145918000027
Finished cross validation
Hyperparam was saved!!! Hurrah!!!
Trial 241 finished with value: 4.78279265828216 and parameters: {'num_leaves': 24, 'lambda_l1': 8.116635579026375e-06, 'lambda_l2': 0.008562926188824135, 'learning_rate': 0.01942476757220324}. Best is trial 163 with value: 4.486410577271952.
Training until validation scores don't improve for 20 rounds
[100]	train's l2: 3.77482	eval's l2: 4.80637
Did not meet early stopping. Best iteration is:
[100]	train's l2: 3.77482	eval's l2: 4.80637
Saved Losses
{'MSE - mean': 4.806365399312068, 'MSE - std': 0.0, 'R2 - mean': 0.5616753574630018, 'R2 - std': 0.0} 
 

Training until validation scores don't improve for 20 rounds
[100]	train's l2: 3.90532	eval's l2: 4.16945
Did not meet early stopping. Best iteration is:
[100]	train's l2: 3.90532	eval's l2: 4.16945
Saved Losses
{'MSE - mean': 4.487909125510582, 'MSE - std': 0.3184562738014871, 'R2 - mean': 0.5586130053027432, 'R2 - std': 0.00306235216025863} 
 

Training until validation scores don't improve for 20 rounds
[100]	train's l2: 3.76369	eval's l2: 4.80632
Did not meet early stopping. Best iteration is:
[100]	train's l2: 3.76369	eval's l2: 4.80632
Saved Losses
{'MSE - mean': 4.594044759206292, 'MSE - std': 0.30023181770480617, 'R2 - mean': 0.5480969310393115, 'R2 - std': 0.015080704105920046} 
 

Training until validation scores don't improve for 20 rounds
[100]	train's l2: 3.7994	eval's l2: 4.44583
Did not meet early stopping. Best iteration is:
[100]	train's l2: 3.7994	eval's l2: 4.44583
Saved Losses
{'MSE - mean': 4.5569905527646535, 'MSE - std': 0.26781224937782017, 'R2 - mean': 0.5422351525503493, 'R2 - std': 0.0165424323607115} 
 

Training until validation scores don't improve for 20 rounds
[100]	train's l2: 3.66414	eval's l2: 5.51947
Did not meet early stopping. Best iteration is:
[100]	train's l2: 3.66414	eval's l2: 5.51947
Saved Losses
{'MSE - mean': 4.749485704165542, 'MSE - std': 0.45342723119024264, 'R2 - mean': 0.5424964970680346, 'R2 - std': 0.014805230783566626} 
 

Saving model.....
Results After CV: {'MSE - mean': 4.749485704165542, 'MSE - std': 0.45342723119024264, 'R2 - mean': 0.5424964970680346, 'R2 - std': 0.014805230783566626}
Train time: 0.5952823216000013
Inference time: 0.012592334400005711
Finished cross validation
Hyperparam was saved!!! Hurrah!!!
