Trial 285 finished with value: 3.1873208369894312 and parameters: {'num_leaves': 2389, 'lambda_l1': 0.35938000812938264, 'lambda_l2': 2.1402040563717385e-08, 'learning_rate': 0.043609229521964776}. Best is trial 175 with value: 3.0347291833074177.
Training until validation scores don't improve for 20 rounds
[100]	train's l2: 1.7548	eval's l2: 3.41256
Did not meet early stopping. Best iteration is:
[100]	train's l2: 1.7548	eval's l2: 3.41256
Saved Losses
{'MSE - mean': 3.4125637085977414, 'MSE - std': 0.0, 'R2 - mean': 0.5606789229207907, 'R2 - std': 0.0} 
 

Training until validation scores don't improve for 20 rounds
[100]	train's l2: 1.7293	eval's l2: 3.44427
Did not meet early stopping. Best iteration is:
[100]	train's l2: 1.7293	eval's l2: 3.44427
Saved Losses
{'MSE - mean': 3.428417500013543, 'MSE - std': 0.015853791415801677, 'R2 - mean': 0.549023805915147, 'R2 - std': 0.0116551170056437} 
 

Training until validation scores don't improve for 20 rounds
[100]	train's l2: 1.76862	eval's l2: 3.14273
Did not meet early stopping. Best iteration is:
[100]	train's l2: 1.76862	eval's l2: 3.14273
Saved Losses
{'MSE - mean': 3.3331868550223795, 'MSE - std': 0.1352971296531078, 'R2 - mean': 0.5539883200877475, 'R2 - std': 0.011825987071561161} 
 

Training until validation scores don't improve for 20 rounds
[100]	train's l2: 1.81447	eval's l2: 2.84357
Did not meet early stopping. Best iteration is:
[100]	train's l2: 1.81447	eval's l2: 2.84357
Saved Losses
{'MSE - mean': 3.2107824271572043, 'MSE - std': 0.2422344254070426, 'R2 - mean': 0.5611787533308559, 'R2 - std': 0.016124436992755547} 
 

Training until validation scores don't improve for 20 rounds
[100]	train's l2: 1.76824	eval's l2: 3.29689
Did not meet early stopping. Best iteration is:
[100]	train's l2: 1.76824	eval's l2: 3.29689
Saved Losses
{'MSE - mean': 3.2280037441758394, 'MSE - std': 0.21938165037497864, 'R2 - mean': 0.5620255595272798, 'R2 - std': 0.014521236090770051} 
 

Saving model.....
Results After CV: {'MSE - mean': 3.2280037441758394, 'MSE - std': 0.21938165037497864, 'R2 - mean': 0.5620255595272798, 'R2 - std': 0.014521236090770051}
Train time: 52.32941667819978
Inference time: 3.518080650000775
Finished cross validation
Hyperparam was saved!!! Hurrah!!!
Trial 286 finished with value: 3.2280037441758394 and parameters: {'num_leaves': 1182, 'lambda_l1': 0.2425428746241738, 'lambda_l2': 7.061144976769138e-07, 'learning_rate': 0.03245729006146196}. Best is trial 175 with value: 3.0347291833074177.
Training until validation scores don't improve for 20 rounds
[100]	train's l2: 1.36591	eval's l2: 3.34882
Did not meet early stopping. Best iteration is:
[100]	train's l2: 1.36591	eval's l2: 3.34882
Saved Losses
{'MSE - mean': 3.3488229201466226, 'MSE - std': 0.0, 'R2 - mean': 0.5688846808867657, 'R2 - std': 0.0} 
 

Training until validation scores don't improve for 20 rounds
[100]	train's l2: 1.35005	eval's l2: 3.38723
Did not meet early stopping. Best iteration is:
[100]	train's l2: 1.35005	eval's l2: 3.38723
Saved Losses
{'MSE - mean': 3.3680239913357166, 'MSE - std': 0.019201071189093755, 'R2 - mean': 0.5569578830584747, 'R2 - std': 0.01192679782829098} 
 

Training until validation scores don't improve for 20 rounds
[100]	train's l2: 1.37738	eval's l2: 3.07113
Did not meet early stopping. Best iteration is:
[100]	train's l2: 1.37738	eval's l2: 3.07113
Saved Losses
{'MSE - mean': 3.269058395819112, 'MSE - std': 0.14083382269582126, 'R2 - mean': 0.5625893528808776, 'R2 - std': 0.012580112970314982} 
 

Training until validation scores don't improve for 20 rounds
[100]	train's l2: 1.41014	eval's l2: 2.78929
Did not meet early stopping. Best iteration is:
[100]	train's l2: 1.41014	eval's l2: 2.78929
Saved Losses
{'MSE - mean': 3.149116879816426, 'MSE - std': 0.24090148607762113, 'R2 - mean': 0.5696205993293484, 'R2 - std': 0.016340431806314528} 
 

Training until validation scores don't improve for 20 rounds
[100]	train's l2: 1.37831	eval's l2: 3.24718
Did not meet early stopping. Best iteration is:
[100]	train's l2: 1.37831	eval's l2: 3.24718
Saved Losses
{'MSE - mean': 3.168728968923639, 'MSE - std': 0.21900994715337033, 'R2 - mean': 0.5700896090214714, 'R2 - std': 0.014645396876106625} 
 

Saving model.....
Results After CV: {'MSE - mean': 3.168728968923639, 'MSE - std': 0.21900994715337033, 'R2 - mean': 0.5700896090214714, 'R2 - std': 0.014645396876106625}
Train time: 115.88203843319934
Inference time: 5.168897113201092
Finished cross validation
Hyperparam was saved!!! Hurrah!!!
Trial 287 finished with value: 3.168728968923639 and parameters: {'num_leaves': 3159, 'lambda_l1': 5.7394025699239266e-08, 'lambda_l2': 6.919866570169398e-08, 'learning_rate': 0.03701636027960609}. Best is trial 175 with value: 3.0347291833074177.
Training until validation scores don't improve for 20 rounds
[100]	train's l2: 1.12965	eval's l2: 3.34006
Did not meet early stopping. Best iteration is:
[100]	train's l2: 1.12965	eval's l2: 3.34006
Saved Losses
{'MSE - mean': 3.3400591040789185, 'MSE - std': 0.0, 'R2 - mean': 0.5700129027876456, 'R2 - std': 0.0} 
 

Training until validation scores don't improve for 20 rounds
[100]	train's l2: 1.1145	eval's l2: 3.36031
Did not meet early stopping. Best iteration is:
[100]	train's l2: 1.1145	eval's l2: 3.36031
Saved Losses
{'MSE - mean': 3.3501832870300126, 'MSE - std': 0.010124182951094296, 'R2 - mean': 0.559329766985579, 'R2 - std': 0.010683135802066646} 
 

Training until validation scores don't improve for 20 rounds
[100]	train's l2: 1.13377	eval's l2: 3.09349
Did not meet early stopping. Best iteration is:
[100]	train's l2: 1.13377	eval's l2: 3.09349
Saved Losses
{'MSE - mean': 3.2646192583583673, 'MSE - std': 0.12128783420165871, 'R2 - mean': 0.5631362040803732, 'R2 - std': 0.010250082296751709} 
 

Training until validation scores don't improve for 20 rounds
[100]	train's l2: 1.16698	eval's l2: 2.80733
Did not meet early stopping. Best iteration is:
[100]	train's l2: 1.16698	eval's l2: 2.80733
Saved Losses
{'MSE - mean': 3.150296686791509, 'MSE - std': 0.2241472845094833, 'R2 - mean': 0.5693690879834459, 'R2 - std': 0.01397657560224191} 
 

Training until validation scores don't improve for 20 rounds
[100]	train's l2: 1.1406	eval's l2: 3.18197
Did not meet early stopping. Best iteration is:
[100]	train's l2: 1.1406	eval's l2: 3.18197
Saved Losses
{'MSE - mean': 3.156630952677158, 'MSE - std': 0.20088328905018601, 'R2 - mean': 0.5716075437792898, 'R2 - std': 0.013278496520763796} 
 

Saving model.....
Results After CV: {'MSE - mean': 3.156630952677158, 'MSE - std': 0.20088328905018601, 'R2 - mean': 0.5716075437792898, 'R2 - std': 0.013278496520763796}
Train time: 78.74934773199784
Inference time: 4.7043699332003595
Finished cross validation
Hyperparam was saved!!! Hurrah!!!
Trial 288 finished with value: 3.156630952677158 and parameters: {'num_leaves': 1947, 'lambda_l1': 0.06007499306609425, 'lambda_l2': 1.574646479845846e-07, 'learning_rate': 0.05107300515106869}. Best is trial 175 with value: 3.0347291833074177.
Training until validation scores don't improve for 20 rounds
[100]	train's l2: 1.30574	eval's l2: 3.37751
Did not meet early stopping. Best iteration is:
[100]	train's l2: 1.30574	eval's l2: 3.37751
Saved Losses
{'MSE - mean': 3.377514042812376, 'MSE - std': 0.0, 'R2 - mean': 0.5651910897955945, 'R2 - std': 0.0} 
 

Training until validation scores don't improve for 20 rounds
[100]	train's l2: 1.28155	eval's l2: 3.42258
Did not meet early stopping. Best iteration is:
[100]	train's l2: 1.28155	eval's l2: 3.42258
Saved Losses
{'MSE - mean': 3.400048095649895, 'MSE - std': 0.02253405283751908, 'R2 - mean': 0.5527365220894391, 'R2 - std': 0.012454567706155384} 
 

Training until validation scores don't improve for 20 rounds
[100]	train's l2: 1.30068	eval's l2: 3.08467
Did not meet early stopping. Best iteration is:
[100]	train's l2: 1.30068	eval's l2: 3.08467
Saved Losses
{'MSE - mean': 3.2949218562319182, 'MSE - std': 0.14980512269785987, 'R2 - mean': 0.5591487444088424, 'R2 - std': 0.013625124879368268} 
 

Training until validation scores don't improve for 20 rounds
[100]	train's l2: 1.34534	eval's l2: 2.79344
Did not meet early stopping. Best iteration is:
[100]	train's l2: 1.34534	eval's l2: 2.79344
Saved Losses
{'MSE - mean': 3.169551747072448, 'MSE - std': 0.25295093180667116, 'R2 - mean': 0.566887939303544, 'R2 - std': 0.017858287539355807} 
 

Training until validation scores don't improve for 20 rounds
[100]	train's l2: 1.31368	eval's l2: 3.2408
Did not meet early stopping. Best iteration is:
[100]	train's l2: 1.31368	eval's l2: 3.2408
Saved Losses
{'MSE - mean': 3.183800813031198, 'MSE - std': 0.22803395063954354, 'R2 - mean': 0.568071686506973, 'R2 - std': 0.016147438708264326} 
 

Saving model.....
Results After CV: {'MSE - mean': 3.183800813031198, 'MSE - std': 0.22803395063954354, 'R2 - mean': 0.568071686506973, 'R2 - std': 0.016147438708264326}
Train time: 67.86706576280122
Inference time: 4.420709148400055
Finished cross validation
Hyperparam was saved!!! Hurrah!!!
Trial 289 finished with value: 3.183800813031198 and parameters: {'num_leaves': 1638, 'lambda_l1': 0.03208938322626858, 'lambda_l2': 3.8924238561118605e-08, 'learning_rate': 0.04519971683022543}. Best is trial 175 with value: 3.0347291833074177.
Training until validation scores don't improve for 20 rounds
[100]	train's l2: 1.29643	eval's l2: 3.36485
Did not meet early stopping. Best iteration is:
[100]	train's l2: 1.29643	eval's l2: 3.36485
Saved Losses
{'MSE - mean': 3.3648518187223533, 'MSE - std': 0.0, 'R2 - mean': 0.5668211786087154, 'R2 - std': 0.0} 
 

Training until validation scores don't improve for 20 rounds
[100]	train's l2: 1.28668	eval's l2: 3.40837
Did not meet early stopping. Best iteration is:
[100]	train's l2: 1.28668	eval's l2: 3.40837
Saved Losses
{'MSE - mean': 3.3866100400632555, 'MSE - std': 0.021758221340902217, 'R2 - mean': 0.5545061645314944, 'R2 - std': 0.01231501407722102} 
 

Training until validation scores don't improve for 20 rounds
[100]	train's l2: 1.30598	eval's l2: 3.09577
Did not meet early stopping. Best iteration is:
[100]	train's l2: 1.30598	eval's l2: 3.09577
Saved Losses
{'MSE - mean': 3.289664697300583, 'MSE - std': 0.1382476489155984, 'R2 - mean': 0.5598148819755798, 'R2 - std': 0.012548758621886725} 
 

Training until validation scores don't improve for 20 rounds
[100]	train's l2: 1.34469	eval's l2: 2.79834
Did not meet early stopping. Best iteration is:
[100]	train's l2: 1.34469	eval's l2: 2.79834
Saved Losses
{'MSE - mean': 3.166832419334873, 'MSE - std': 0.2441262272959507, 'R2 - mean': 0.5672080066263369, 'R2 - std': 0.016795189296869344} 
 

Training until validation scores don't improve for 20 rounds
[100]	train's l2: 1.31568	eval's l2: 3.21765
Did not meet early stopping. Best iteration is:
[100]	train's l2: 1.31568	eval's l2: 3.21765
Saved Losses
{'MSE - mean': 3.1769967267102044, 'MSE - std': 0.2192973881757013, 'R2 - mean': 0.5689378733924491, 'R2 - std': 0.015415332073235949} 
 

Saving model.....
Results After CV: {'MSE - mean': 3.1769967267102044, 'MSE - std': 0.2192973881757013, 'R2 - mean': 0.5689378733924491, 'R2 - std': 0.015415332073235949}
Train time: 101.72189663379831
Inference time: 5.096042854398547
Finished cross validation
Hyperparam was saved!!! Hurrah!!!
Trial 290 finished with value: 3.1769967267102044 and parameters: {'num_leaves': 2702, 'lambda_l1': 0.0001412000306148641, 'lambda_l2': 3.1611660386546025e-05, 'learning_rate': 0.040381803776104626}. Best is trial 175 with value: 3.0347291833074177.
Training until validation scores don't improve for 20 rounds
[100]	train's l2: 1.51557	eval's l2: 3.38173
Did not meet early stopping. Best iteration is:
[100]	train's l2: 1.51557	eval's l2: 3.38173
Saved Losses
{'MSE - mean': 3.3817288793995153, 'MSE - std': 0.0, 'R2 - mean': 0.5646484870173638, 'R2 - std': 0.0} 
 

Training until validation scores don't improve for 20 rounds
[100]	train's l2: 1.48112	eval's l2: 3.43057
Did not meet early stopping. Best iteration is:
[100]	train's l2: 1.48112	eval's l2: 3.43057
Saved Losses
{'MSE - mean': 3.4061501170646036, 'MSE - std': 0.02442123766508808, 'R2 - mean': 0.5519286693305705, 'R2 - std': 0.012719817686793367} 
 

Training until validation scores don't improve for 20 rounds
[100]	train's l2: 1.51659	eval's l2: 3.11446
Did not meet early stopping. Best iteration is:
[100]	train's l2: 1.51659	eval's l2: 3.11446
Saved Losses
{'MSE - mean': 3.3089190051852184, 'MSE - std': 0.13894378767688584, 'R2 - mean': 0.5572324153291772, 'R2 - std': 0.012811008985464318} 
 

Training until validation scores don't improve for 20 rounds
[100]	train's l2: 1.54476	eval's l2: 2.81294
Did not meet early stopping. Best iteration is:
[100]	train's l2: 1.54476	eval's l2: 2.81294
Saved Losses
{'MSE - mean': 3.1849248094997504, 'MSE - std': 0.24617618445243197, 'R2 - mean': 0.5647353319254947, 'R2 - std': 0.017087209712914758} 
 

Training until validation scores don't improve for 20 rounds
[100]	train's l2: 1.52253	eval's l2: 3.30526
Did not meet early stopping. Best iteration is:
[100]	train's l2: 1.52253	eval's l2: 3.30526
Saved Losses
{'MSE - mean': 3.2089919850565076, 'MSE - std': 0.22538652752630378, 'R2 - mean': 0.564650115977644, 'R2 - std': 0.015284215244806488} 
 

Saving model.....
Results After CV: {'MSE - mean': 3.2089919850565076, 'MSE - std': 0.22538652752630378, 'R2 - mean': 0.564650115977644, 'R2 - std': 0.015284215244806488}
Train time: 83.82728877640038
Inference time: 4.663542224199046
Finished cross validation
Hyperparam was saved!!! Hurrah!!!
Trial 291 finished with value: 3.2089919850565076 and parameters: {'num_leaves': 2184, 'lambda_l1': 0.12455344676735061, 'lambda_l2': 2.1397119580615523e-08, 'learning_rate': 0.03531706016000799}. Best is trial 175 with value: 3.0347291833074177.
Training until validation scores don't improve for 20 rounds
[100]	train's l2: 1.30211	eval's l2: 3.38399
Did not meet early stopping. Best iteration is:
[100]	train's l2: 1.30211	eval's l2: 3.38399
Saved Losses
{'MSE - mean': 3.3839877270569145, 'MSE - std': 0.0, 'R2 - mean': 0.5643576911610677, 'R2 - std': 0.0} 
 

Training until validation scores don't improve for 20 rounds
[100]	train's l2: 1.28815	eval's l2: 3.44401
Did not meet early stopping. Best iteration is:
[100]	train's l2: 1.28815	eval's l2: 3.44401
Saved Losses
{'MSE - mean': 3.413999845642436, 'MSE - std': 0.030012118585521552, 'R2 - mean': 0.5508806063293327, 'R2 - std': 0.013477084831735042} 
 

Training until validation scores don't improve for 20 rounds
[100]	train's l2: 1.31369	eval's l2: 3.12173
Did not meet early stopping. Best iteration is:
[100]	train's l2: 1.31369	eval's l2: 3.12173
Saved Losses
{'MSE - mean': 3.316575593213436, 'MSE - std': 0.13994089739610274, 'R2 - mean': 0.5561974322338905, 'R2 - std': 0.013327608654216372} 
 

Training until validation scores don't improve for 20 rounds
Early stopping, best iteration is:
[71]	train's l2: 1.72956	eval's l2: 2.82958
Saved Losses
{'MSE - mean': 3.1948278457285544, 'MSE - std': 0.2432182828776393, 'R2 - mean': 0.5633485913800949, 'R2 - std': 0.016930330644526217} 
 

Training until validation scores don't improve for 20 rounds
[100]	train's l2: 1.31648	eval's l2: 3.20676
Did not meet early stopping. Best iteration is:
[100]	train's l2: 1.31648	eval's l2: 3.20676
Saved Losses
{'MSE - mean': 3.197215053815526, 'MSE - std': 0.2175934317725604, 'R2 - mean': 0.5661374412587734, 'R2 - std': 0.016137521841026535} 
 

Saving model.....
Results After CV: {'MSE - mean': 3.197215053815526, 'MSE - std': 0.2175934317725604, 'R2 - mean': 0.5661374412587734, 'R2 - std': 0.016137521841026535}
Train time: 57.67453535800305
Inference time: 3.7247002745993085
Finished cross validation
Hyperparam was saved!!! Hurrah!!!
Trial 292 finished with value: 3.197215053815526 and parameters: {'num_leaves': 1391, 'lambda_l1': 0.5971347829937983, 'lambda_l2': 8.79749996978474e-08, 'learning_rate': 0.04745440450359027}. Best is trial 175 with value: 3.0347291833074177.
Training until validation scores don't improve for 20 rounds
[100]	train's l2: 1.16941	eval's l2: 3.33645
Did not meet early stopping. Best iteration is:
[100]	train's l2: 1.16941	eval's l2: 3.33645
Saved Losses
{'MSE - mean': 3.336450262463218, 'MSE - std': 0.0, 'R2 - mean': 0.5704774919707349, 'R2 - std': 0.0} 
 

Training until validation scores don't improve for 20 rounds
[100]	train's l2: 1.16576	eval's l2: 3.36272
Did not meet early stopping. Best iteration is:
[100]	train's l2: 1.16576	eval's l2: 3.36272
Saved Losses
{'MSE - mean': 3.349585385055594, 'MSE - std': 0.013135122592375925, 'R2 - mean': 0.559400003091442, 'R2 - std': 0.01107748887929294} 
 

Training until validation scores don't improve for 20 rounds
[100]	train's l2: 1.18502	eval's l2: 3.08525
Did not meet early stopping. Best iteration is:
[100]	train's l2: 1.18502	eval's l2: 3.08525
Saved Losses
{'MSE - mean': 3.261473241977383, 'MSE - std': 0.12507006228249812, 'R2 - mean': 0.5635642577624996, 'R2 - std': 0.010793016593060986} 
 

Training until validation scores don't improve for 20 rounds
[100]	train's l2: 1.21758	eval's l2: 2.77463
Did not meet early stopping. Best iteration is:
[100]	train's l2: 1.21758	eval's l2: 2.77463
Saved Losses
{'MSE - mean': 3.1397635998068862, 'MSE - std': 0.23700548801941762, 'R2 - mean': 0.5708894743615718, 'R2 - std': 0.01575891176615735} 
 

Training until validation scores don't improve for 20 rounds
[100]	train's l2: 1.19115	eval's l2: 3.2309
Did not meet early stopping. Best iteration is:
[100]	train's l2: 1.19115	eval's l2: 3.2309
Saved Losses
{'MSE - mean': 3.15799063669565, 'MSE - std': 0.2150957474615323, 'R2 - mean': 0.5715338679195436, 'R2 - std': 0.014153996335772056} 
 

Saving model.....
Results After CV: {'MSE - mean': 3.15799063669565, 'MSE - std': 0.2150957474615323, 'R2 - mean': 0.5715338679195436, 'R2 - std': 0.014153996335772056}
Train time: 145.32434750960238
Inference time: 6.030173789599212
Finished cross validation
Hyperparam was saved!!! Hurrah!!!
Trial 293 finished with value: 3.15799063669565 and parameters: {'num_leaves': 4096, 'lambda_l1': 0.08685697663510022, 'lambda_l2': 3.055572504519485e-08, 'learning_rate': 0.042074716149726354}. Best is trial 175 with value: 3.0347291833074177.
Training until validation scores don't improve for 20 rounds
[100]	train's l2: 1.3245	eval's l2: 3.34457
Did not meet early stopping. Best iteration is:
[100]	train's l2: 1.3245	eval's l2: 3.34457
Saved Losses
{'MSE - mean': 3.3445732388743634, 'MSE - std': 0.0, 'R2 - mean': 0.5694317694434038, 'R2 - std': 0.0} 
 

Training until validation scores don't improve for 20 rounds
[100]	train's l2: 1.31071	eval's l2: 3.40275
Did not meet early stopping. Best iteration is:
[100]	train's l2: 1.31071	eval's l2: 3.40275
Saved Losses
{'MSE - mean': 3.373659844692353, 'MSE - std': 0.029086605817989497, 'R2 - mean': 0.5561890181497533, 'R2 - std': 0.013242751293650434} 
 

Training until validation scores don't improve for 20 rounds
[100]	train's l2: 1.32918	eval's l2: 3.08254
Did not meet early stopping. Best iteration is:
[100]	train's l2: 1.32918	eval's l2: 3.08254
Saved Losses
{'MSE - mean': 3.2766205649464646, 'MSE - std': 0.13927406094654626, 'R2 - mean': 0.561548806053066, 'R2 - std': 0.013204858725256431} 
 

Training until validation scores don't improve for 20 rounds
[100]	train's l2: 1.36697	eval's l2: 2.80489
Did not meet early stopping. Best iteration is:
[100]	train's l2: 1.36697	eval's l2: 2.80489
Saved Losses
{'MSE - mean': 3.158688472626171, 'MSE - std': 0.23721695393991937, 'R2 - mean': 0.5682679293092268, 'R2 - std': 0.016316129211915546} 
 

Training until validation scores don't improve for 20 rounds
[100]	train's l2: 1.33593	eval's l2: 3.23144
Did not meet early stopping. Best iteration is:
[100]	train's l2: 1.33593	eval's l2: 3.23144
Saved Losses
{'MSE - mean': 3.173239285420629, 'MSE - std': 0.2141597796065932, 'R2 - mean': 0.5694222966775467, 'R2 - std': 0.014775084231641703} 
 

Saving model.....
Results After CV: {'MSE - mean': 3.173239285420629, 'MSE - std': 0.2141597796065932, 'R2 - mean': 0.5694222966775467, 'R2 - std': 0.014775084231641703}
Train time: 116.96958068380044
Inference time: 5.353407026600325
Finished cross validation
Hyperparam was saved!!! Hurrah!!!
