

----------------------------------------------------------------------------
Training LightGBM Vesion 1 with Dataset: config/brazillian_houses.yml 



----------------------------------------------------------------------------
 Panda Version: 2.0.3
Namespace(batch_size=128, cat_dims=None, cat_idx=None, config='config/brazillian_houses.yml', data_parallel=False, dataset='Brazillian_Houses', direction='minimize', dropna_idx=None, early_stopping_rounds=20, epochs=100, gpu_ids=[0, 1], logging_period=100, miss_cat_idx=None, miss_num_idx=None, model_name='LightGBM', n_trials=100, nominal_idx=[0, 6], num_classes=1, num_features=12, num_idx=None, num_splits=5, objective='regression', one_hot_encode=True, optimize_hyperparameters=True, ordinal_encode=True, ordinal_idx=[7], scale=True, seed=221, shuffle=True, target_encode=False, use_gpu=True, val_batch_size=256)
Start hyperparameter optimization
 Panda Version: 2.0.3
Loading dataset Brazillian_Houses...
Dataset loaded! 

X b4 encoding : ['Sao Paulo' 70 2 1 1 7 'acept' 'furnished' 2065 3300 211 42] 

(10692, 12)
Data Type of X: <class 'numpy.ndarray'>
Nominal Idx: [0, 6]
Ordinal Idx: [7]
Cat Dims: None 
 

Normonal Idx: [0, 6]
Cat Idx Part II: [0, 6, 7] 
ENDE 
 

No one Hot for this Baby!!! 

X after Nominal Encoding: [4 70 2 1 1 7 0 0 2065 3300 211 42] 
 

Scaling the data...
X after Scaling: [4 -0.1475216487529234 -0.43209900207114194 -0.8789596333110133
 -0.3832447761145863 0.31835221569081024 0 0 0.057144851637632804
 -0.1749353429179716 -0.05010297344484243 -0.23658935594737002] 
 

Using an existing study with name 'LightGBM_Brazillian_Houses' instead of creating a new one.
Training until validation scores don't improve for 20 rounds
Early stopping, best iteration is:
[37]	train's l2: 2.97028e+08	eval's l2: 1.09647e+07
Saved Losses
{'MSE - mean': 10964653.512799555, 'MSE - std': 0.0, 'R2 - mean': 0.46541946634328, 'R2 - std': 0.0} 
 

Training until validation scores don't improve for 20 rounds
[100]	train's l2: 1.50363e+08	eval's l2: 5.45264e+08
Did not meet early stopping. Best iteration is:
[100]	train's l2: 1.50363e+08	eval's l2: 5.45264e+08
Saved Losses
{'MSE - mean': 278114305.1347739, 'MSE - std': 267149651.62197438, 'R2 - mean': 0.29604785700556463, 'R2 - std': 0.1693716093377154} 
 

Training until validation scores don't improve for 20 rounds
Early stopping, best iteration is:
[40]	train's l2: 2.94752e+08	eval's l2: 1.24499e+07
Saved Losses
{'MSE - mean': 189559512.32637882, 'MSE - std': 251521755.6524758, 'R2 - mean': 0.36659914181728787, 'R2 - std': 0.17052701333494028} 
 

Training until validation scores don't improve for 20 rounds
[100]	train's l2: 1.51786e+08	eval's l2: 5.4917e+08
Did not meet early stopping. Best iteration is:
[100]	train's l2: 1.51786e+08	eval's l2: 5.4917e+08
Saved Losses
{'MSE - mean': 279462160.4253702, 'MSE - std': 267758946.77958205, 'R2 - mean': 0.3043988002934803, 'R2 - std': 0.1828011054800711} 
 

Training until validation scores don't improve for 20 rounds
[100]	train's l2: 2.64743e+08	eval's l2: 4.94276e+07
Did not meet early stopping. Best iteration is:
[100]	train's l2: 2.64743e+08	eval's l2: 4.94276e+07
Saved Losses
{'MSE - mean': 233455249.15769172, 'MSE - std': 256558816.65219972, 'R2 - mean': 0.2928749634640463, 'R2 - std': 0.16511871666432776} 
 

Saving model.....
Results After CV: {'MSE - mean': 233455249.15769172, 'MSE - std': 256558816.65219972, 'R2 - mean': 0.2928749634640463, 'R2 - std': 0.16511871666432776}
Train time: 1.6547598958000003
Inference time: 0.02000933700000047
Finished cross validation
Hyperparam was saved!!! Hurrah!!!
Trial 5 finished with value: 233455249.15769172 and parameters: {'num_leaves': 68, 'lambda_l1': 6.5928550371362e-07, 'lambda_l2': 6.346342429357379e-07, 'learning_rate': 0.011610219325614311}. Best is trial 3 with value: 48745669.870724514.
Training until validation scores don't improve for 20 rounds
Early stopping, best iteration is:
[5]	train's l2: 2.95834e+08	eval's l2: 1.08406e+07
Saved Losses
{'MSE - mean': 10840619.249743372, 'MSE - std': 0.0, 'R2 - mean': 0.4714667438481177, 'R2 - std': 0.0} 
 

Training until validation scores don't improve for 20 rounds
[100]	train's l2: 1.19721e+08	eval's l2: 4.2557e+08
Did not meet early stopping. Best iteration is:
[100]	train's l2: 1.19721e+08	eval's l2: 4.2557e+08
Saved Losses
{'MSE - mean': 218205240.8384434, 'MSE - std': 207364621.58870003, 'R2 - mean': 0.3949257093884677, 'R2 - std': 0.07654103445964999} 
 

Training until validation scores don't improve for 20 rounds
Early stopping, best iteration is:
[5]	train's l2: 2.95412e+08	eval's l2: 1.23215e+07
Saved Losses
{'MSE - mean': 149577337.29343405, 'MSE - std': 195157122.5475754, 'R2 - mean': 0.43421007291989294, 'R2 - std': 0.08361943000029295} 
 

Training until validation scores don't improve for 20 rounds
[100]	train's l2: 1.20504e+08	eval's l2: 4.33223e+08
Did not meet early stopping. Best iteration is:
[100]	train's l2: 1.20504e+08	eval's l2: 4.33223e+08
Saved Losses
{'MSE - mean': 220488637.04640424, 'MSE - std': 208925738.38269377, 'R2 - mean': 0.4016723532699006, 'R2 - std': 0.09176200959680925} 
 

Training until validation scores don't improve for 20 rounds
Early stopping, best iteration is:
[19]	train's l2: 2.60477e+08	eval's l2: 4.89606e+07
Saved Losses
{'MSE - mean': 186183022.64882118, 'MSE - std': 199066501.56112576, 'R2 - mean': 0.3721172344042286, 'R2 - std': 0.1011446159162806} 
 

Saving model.....
Results After CV: {'MSE - mean': 186183022.64882118, 'MSE - std': 199066501.56112576, 'R2 - mean': 0.3721172344042286, 'R2 - std': 0.1011446159162806}
Train time: 3.552161514999999
Inference time: 0.02653261779999916
Finished cross validation
Hyperparam was saved!!! Hurrah!!!
Trial 6 finished with value: 186183022.64882118 and parameters: {'num_leaves': 2267, 'lambda_l1': 0.0007960142158429181, 'lambda_l2': 0.666062120888785, 'learning_rate': 0.0887484554355927}. Best is trial 3 with value: 48745669.870724514.
Training until validation scores don't improve for 20 rounds
Early stopping, best iteration is:
[8]	train's l2: 2.99406e+08	eval's l2: 1.23576e+07
Saved Losses
{'MSE - mean': 12357607.227527425, 'MSE - std': 0.0, 'R2 - mean': 0.3975061538697874, 'R2 - std': 0.0} 
 

Training until validation scores don't improve for 20 rounds
[100]	train's l2: 1.31432e+08	eval's l2: 4.68424e+08
Did not meet early stopping. Best iteration is:
[100]	train's l2: 1.31432e+08	eval's l2: 4.68424e+08
Saved Losses
{'MSE - mean': 240390715.73723546, 'MSE - std': 228033108.50970805, 'R2 - mean': 0.32362682220647343, 'R2 - std': 0.07387933166331395} 
 

Training until validation scores don't improve for 20 rounds
Early stopping, best iteration is:
[8]	train's l2: 2.98935e+08	eval's l2: 1.39736e+07
Saved Losses
{'MSE - mean': 164918331.69190505, 'MSE - std': 214611805.8837985, 'R2 - mean': 0.3649024345549134, 'R2 - std': 0.08394118643921276} 
 

Training until validation scores don't improve for 20 rounds
[100]	train's l2: 1.31381e+08	eval's l2: 4.67875e+08
Did not meet early stopping. Best iteration is:
[100]	train's l2: 1.31381e+08	eval's l2: 4.67875e+08
Saved Losses
{'MSE - mean': 240657619.53467137, 'MSE - std': 227492834.14498386, 'R2 - mean': 0.33577475864508083, 'R2 - std': 0.08848647691789817} 
 

Training until validation scores don't improve for 20 rounds
Early stopping, best iteration is:
[42]	train's l2: 2.59861e+08	eval's l2: 4.94574e+07
Saved Losses
{'MSE - mean': 202417575.46734864, 'MSE - std': 217374321.27769104, 'R2 - mean': 0.31788492143461095, 'R2 - std': 0.08685660815126181} 
 

Saving model.....
Results After CV: {'MSE - mean': 202417575.46734864, 'MSE - std': 217374321.27769104, 'R2 - mean': 0.31788492143461095, 'R2 - std': 0.08685660815126181}
Train time: 0.22773692260000047
Inference time: 0.007465326599999855
Finished cross validation
Hyperparam was saved!!! Hurrah!!!
Trial 7 finished with value: 202417575.46734864 and parameters: {'num_leaves': 5, 'lambda_l1': 7.7079160331250876, 'lambda_l2': 2.4362573198470332e-08, 'learning_rate': 0.05107433574478846}. Best is trial 3 with value: 48745669.870724514.
Training until validation scores don't improve for 20 rounds
Early stopping, best iteration is:
[16]	train's l2: 2.96343e+08	eval's l2: 1.09324e+07
Saved Losses
{'MSE - mean': 10932411.923774876, 'MSE - std': 0.0, 'R2 - mean': 0.46699140163942354, 'R2 - std': 0.0} 
 

Training until validation scores don't improve for 20 rounds
[100]	train's l2: 1.4384e+08	eval's l2: 5.15224e+08
Did not meet early stopping. Best iteration is:
[100]	train's l2: 1.4384e+08	eval's l2: 5.15224e+08
Saved Losses
{'MSE - mean': 263078311.736531, 'MSE - std': 252145899.81275612, 'R2 - mean': 0.3208904514291573, 'R2 - std': 0.14610095021026626} 
 

Training until validation scores don't improve for 20 rounds
Early stopping, best iteration is:
[17]	train's l2: 2.94474e+08	eval's l2: 1.24088e+07
Saved Losses
{'MSE - mean': 179521805.0425926, 'MSE - std': 237378213.30114657, 'R2 - mean': 0.3837030624993067, 'R2 - std': 0.1487318840076381} 
 

Training until validation scores don't improve for 20 rounds
[100]	train's l2: 1.44545e+08	eval's l2: 5.21165e+08
Did not meet early stopping. Best iteration is:
[100]	train's l2: 1.44545e+08	eval's l2: 5.21165e+08
Saved Losses
{'MSE - mean': 264932667.80677474, 'MSE - std': 253271314.1018922, 'R2 - mean': 0.3284736839348873, 'R2 - std': 0.16044230352429487} 
 

Training until validation scores don't improve for 20 rounds
Early stopping, best iteration is:
[57]	train's l2: 2.61158e+08	eval's l2: 4.89773e+07
Saved Losses
{'MSE - mean': 221741588.1244227, 'MSE - std': 242443734.2849442, 'R2 - mean': 0.31350738792403243, 'R2 - std': 0.14659244957801779} 
 

Saving model.....
Results After CV: {'MSE - mean': 221741588.1244227, 'MSE - std': 242443734.2849442, 'R2 - mean': 0.31350738792403243, 'R2 - std': 0.14659244957801779}
Train time: 4.636100155199999
Inference time: 0.026383363799999414
Finished cross validation
Hyperparam was saved!!! Hurrah!!!
Trial 8 finished with value: 221741588.1244227 and parameters: {'num_leaves': 761, 'lambda_l1': 6.630718352728742e-05, 'lambda_l2': 5.616672907743848e-08, 'learning_rate': 0.02737128531612705}. Best is trial 3 with value: 48745669.870724514.
Training until validation scores don't improve for 20 rounds
Early stopping, best iteration is:
[15]	train's l2: 2.97071e+08	eval's l2: 1.09312e+07
Saved Losses
{'MSE - mean': 10931246.750196438, 'MSE - std': 0.0, 'R2 - mean': 0.4670482095552083, 'R2 - std': 0.0} 
 

Training until validation scores don't improve for 20 rounds
[100]	train's l2: 1.43298e+08	eval's l2: 5.12896e+08
Did not meet early stopping. Best iteration is:
[100]	train's l2: 1.43298e+08	eval's l2: 5.12896e+08
Saved Losses
{'MSE - mean': 261913523.270401, 'MSE - std': 250982276.52020454, 'R2 - mean': 0.32278350944025463, 'R2 - std': 0.14426470011495368} 
 

Training until validation scores don't improve for 20 rounds
Early stopping, best iteration is:
[16]	train's l2: 2.951e+08	eval's l2: 1.24086e+07
Saved Losses
{'MSE - mean': 178745202.27431437, 'MSE - std': 236280923.16730204, 'R2 - mean': 0.38496815083851404, 'R2 - std': 0.14699907613484708} 
 

Training until validation scores don't improve for 20 rounds
[100]	train's l2: 1.43971e+08	eval's l2: 5.18892e+08
Did not meet early stopping. Best iteration is:
[100]	train's l2: 1.43971e+08	eval's l2: 5.18892e+08
Saved Losses
{'MSE - mean': 263781889.22129628, 'MSE - std': 252121439.72766653, 'R2 - mean': 0.3303354757979112, 'R2 - std': 0.15862135365281127} 
 

Training until validation scores don't improve for 20 rounds
Early stopping, best iteration is:
[56]	train's l2: 2.61018e+08	eval's l2: 4.89886e+07
Saved Losses
{'MSE - mean': 220823227.5397389, 'MSE - std': 241317141.4345925, 'R2 - mean': 0.3149623467878209, 'R2 - std': 0.1451685897498619} 
 

Saving model.....
Results After CV: {'MSE - mean': 220823227.5397389, 'MSE - std': 241317141.4345925, 'R2 - mean': 0.3149623467878209, 'R2 - std': 0.1451685897498619}
Train time: 4.0751633465999975
Inference time: 0.02606053899999807
Finished cross validation
Hyperparam was saved!!! Hurrah!!!
Trial 9 finished with value: 220823227.5397389 and parameters: {'num_leaves': 357, 'lambda_l1': 2.529785623959798e-07, 'lambda_l2': 0.0003529835257657698, 'learning_rate': 0.028297861018367034}. Best is trial 3 with value: 48745669.870724514.
Training until validation scores don't improve for 20 rounds
Early stopping, best iteration is:
[1]	train's l2: 3.20191e+08	eval's l2: 1.94987e+07
Saved Losses
{'MSE - mean': 19498721.094942633, 'MSE - std': 0.0, 'R2 - mean': 0.0493418951734339, 'R2 - std': 0.0} 
 

Training until validation scores don't improve for 20 rounds
[100]	train's l2: 1.48689e+08	eval's l2: 5.26389e+08
Did not meet early stopping. Best iteration is:
[100]	train's l2: 1.48689e+08	eval's l2: 5.26389e+08
Saved Losses
{'MSE - mean': 272943729.54289967, 'MSE - std': 253445008.447957, 'R2 - mean': 0.10312484853597415, 'R2 - std': 0.05378295336254024} 
 

Training until validation scores don't improve for 20 rounds
Early stopping, best iteration is:
[1]	train's l2: 3.19352e+08	eval's l2: 2.22698e+07
Saved Losses
{'MSE - mean': 189385759.59919024, 'MSE - std': 238299776.65470934, 'R2 - mean': 0.10855020236808115, 'R2 - std': 0.044578840010389476} 
 

Training until validation scores don't improve for 20 rounds
[100]	train's l2: 1.49745e+08	eval's l2: 5.35201e+08
Did not meet early stopping. Best iteration is:
[100]	train's l2: 1.49745e+08	eval's l2: 5.35201e+08
Saved Losses
{'MSE - mean': 275839511.2133171, 'MSE - std': 254976158.04175633, 'R2 - mean': 0.11647227984507569, 'R2 - std': 0.04097234026948472} 
 

Training until validation scores don't improve for 20 rounds
Early stopping, best iteration is:
[27]	train's l2: 2.6253e+08	eval's l2: 5.15967e+07
Saved Losses
{'MSE - mean': 230990953.4381636, 'MSE - std': 245062941.86154068, 'R2 - mean': 0.13592276884125445, 'R2 - std': 0.05344410372051005} 
 

Saving model.....
Results After CV: {'MSE - mean': 230990953.4381636, 'MSE - std': 245062941.86154068, 'R2 - mean': 0.13592276884125445, 'R2 - std': 0.05344410372051005}
Train time: 0.14463315440000316
Inference time: 0.01832007499999975
Finished cross validation
Hyperparam was saved!!! Hurrah!!!
Trial 10 finished with value: 230990953.4381636 and parameters: {'num_leaves': 2, 'lambda_l1': 2.0550712826136654e-05, 'lambda_l2': 0.4346050842263896, 'learning_rate': 0.17764113808616128}. Best is trial 3 with value: 48745669.870724514.
Training until validation scores don't improve for 20 rounds
Early stopping, best iteration is:
[19]	train's l2: 2.96876e+08	eval's l2: 1.0933e+07
Saved Losses
{'MSE - mean': 10933007.758046562, 'MSE - std': 0.0, 'R2 - mean': 0.4669623518019109, 'R2 - std': 0.0} 
 

Training until validation scores don't improve for 20 rounds
[100]	train's l2: 1.46732e+08	eval's l2: 5.27044e+08
Did not meet early stopping. Best iteration is:
[100]	train's l2: 1.46732e+08	eval's l2: 5.27044e+08
Saved Losses
{'MSE - mean': 268988591.53822553, 'MSE - std': 258055583.780179, 'R2 - mean': 0.31141018520899966, 'R2 - std': 0.15555216659291127} 
 

Training until validation scores don't improve for 20 rounds
Early stopping, best iteration is:
[21]	train's l2: 2.94078e+08	eval's l2: 1.24108e+07
Saved Losses
{'MSE - mean': 183462668.23636878, 'MSE - std': 242949562.65314856, 'R2 - mean': 0.3773561283780114, 'R2 - std': 0.15757131463372473} 
 

Training until validation scores don't improve for 20 rounds
[100]	train's l2: 1.47364e+08	eval's l2: 5.31606e+08
Did not meet early stopping. Best iteration is:
[100]	train's l2: 1.47364e+08	eval's l2: 5.31606e+08
Saved Losses
{'MSE - mean': 270498470.5470423, 'MSE - std': 258832108.02874717, 'R2 - mean': 0.3195204567548644, 'R2 - std': 0.16928211403704674} 
 

Training until validation scores don't improve for 20 rounds
Early stopping, best iteration is:
[70]	train's l2: 2.61061e+08	eval's l2: 4.89847e+07
Saved Losses
{'MSE - mean': 226195712.39719552, 'MSE - std': 247883411.37724262, 'R2 - mean': 0.30632222096051975, 'R2 - std': 0.15369424523583775} 
 

Saving model.....
Results After CV: {'MSE - mean': 226195712.39719552, 'MSE - std': 247883411.37724262, 'R2 - mean': 0.30632222096051975, 'R2 - std': 0.15369424523583775}
Train time: 6.258961453199999
Inference time: 0.03090392320000319
Finished cross validation
Hyperparam was saved!!! Hurrah!!!
Trial 11 finished with value: 226195712.39719552 and parameters: {'num_leaves': 3893, 'lambda_l1': 2.3138124143299836, 'lambda_l2': 0.002746791956160396, 'learning_rate': 0.022594137992485327}. Best is trial 3 with value: 48745669.870724514.
Training until validation scores don't improve for 20 rounds
Early stopping, best iteration is:
[1]	train's l2: 3.0551e+08	eval's l2: 1.18325e+07
Saved Losses
{'MSE - mean': 11832539.241368352, 'MSE - std': 0.0, 'R2 - mean': 0.42310578854308667, 'R2 - std': 0.0} 
 

Training until validation scores don't improve for 20 rounds
[100]	train's l2: 7.23902e+07	eval's l2: 2.51571e+08
Did not meet early stopping. Best iteration is:
[100]	train's l2: 7.23902e+07	eval's l2: 2.51571e+08
Saved Losses
{'MSE - mean': 131701895.59811819, 'MSE - std': 119869356.35674983, 'R2 - mean': 0.5100879459528196, 'R2 - std': 0.08698215740973286} 
 

Training until validation scores don't improve for 20 rounds
Early stopping, best iteration is:
[2]	train's l2: 2.89187e+08	eval's l2: 1.32791e+07
Saved Losses
{'MSE - mean': 92227616.03464258, 'MSE - std': 112674513.0439822, 'R2 - mean': 0.4983639727246925, 'R2 - std': 0.07293033366354068} 
 

Training until validation scores don't improve for 20 rounds
[100]	train's l2: 7.25855e+07	eval's l2: 2.53297e+08
Did not meet early stopping. Best iteration is:
[100]	train's l2: 7.25855e+07	eval's l2: 2.53297e+08
Saved Losses
{'MSE - mean': 132494875.58127178, 'MSE - std': 119941719.14501096, 'R2 - mean': 0.5220472711361733, 'R2 - std': 0.07531149345981845} 
 

Training until validation scores don't improve for 20 rounds
Early stopping, best iteration is:
[7]	train's l2: 2.59471e+08	eval's l2: 4.89928e+07
Saved Losses
{'MSE - mean': 115794462.93557675, 'MSE - std': 112358479.53454389, 'R2 - mean': 0.46831888629070323, 'R2 - std': 0.12682434383875346} 
 

Saving model.....
Results After CV: {'MSE - mean': 115794462.93557675, 'MSE - std': 112358479.53454389, 'R2 - mean': 0.46831888629070323, 'R2 - std': 0.12682434383875346}
Train time: 0.4099017396000022
Inference time: 0.018811664200003974
Finished cross validation
Hyperparam was saved!!! Hurrah!!!
Trial 12 finished with value: 115794462.93557675 and parameters: {'num_leaves': 22, 'lambda_l1': 1.9036056312092016e-08, 'lambda_l2': 3.301233180449329e-06, 'learning_rate': 0.2589082799990533}. Best is trial 3 with value: 48745669.870724514.
Training until validation scores don't improve for 20 rounds
Early stopping, best iteration is:
[1]	train's l2: 3.0418e+08	eval's l2: 1.17158e+07
Saved Losses
{'MSE - mean': 11715812.043886034, 'MSE - std': 0.0, 'R2 - mean': 0.4287968108311606, 'R2 - std': 0.0} 
 

Training until validation scores don't improve for 20 rounds
[100]	train's l2: 6.93867e+07	eval's l2: 2.39816e+08
Did not meet early stopping. Best iteration is:
[100]	train's l2: 6.93867e+07	eval's l2: 2.39816e+08
Saved Losses
{'MSE - mean': 125766061.48938203, 'MSE - std': 114050249.445496, 'R2 - mean': 0.5223471264516792, 'R2 - std': 0.09355031562051863} 
 

Training until validation scores don't improve for 20 rounds
Early stopping, best iteration is:
[1]	train's l2: 3.03576e+08	eval's l2: 1.3653e+07
Saved Losses
{'MSE - mean': 88395055.69085924, 'MSE - std': 107073917.21535029, 'R2 - mean': 0.5016073263768982, 'R2 - std': 0.08182126648626392} 
 

Training until validation scores don't improve for 20 rounds
[100]	train's l2: 6.94514e+07	eval's l2: 2.43713e+08
Did not meet early stopping. Best iteration is:
[100]	train's l2: 6.94514e+07	eval's l2: 2.43713e+08
Saved Losses
{'MSE - mean': 127224554.93802646, 'MSE - std': 114550459.8255155, 'R2 - mean': 0.5283286278016536, 'R2 - std': 0.08463523844451595} 
 

Training until validation scores don't improve for 20 rounds
Early stopping, best iteration is:
[5]	train's l2: 2.61274e+08	eval's l2: 4.9224e+07
Saved Losses
{'MSE - mean': 111624453.67661858, 'MSE - std': 107102282.48947056, 'R2 - mean': 0.47263921612689536, 'R2 - std': 0.13466900593666992} 
 

Saving model.....
Results After CV: {'MSE - mean': 111624453.67661858, 'MSE - std': 107102282.48947056, 'R2 - mean': 0.47263921612689536, 'R2 - std': 0.13466900593666992}
Train time: 0.37141529259999684
Inference time: 0.01320172380000031
Finished cross validation
Hyperparam was saved!!! Hurrah!!!
