Trial 103 finished with value: 104569708.52609989 and parameters: {'num_leaves': 644, 'lambda_l1': 0.0012165084136720739, 'lambda_l2': 0.3156953450623588, 'learning_rate': 0.29376284041052547}. Best is trial 3 with value: 48745669.870724514.
Training until validation scores don't improve for 20 rounds
Early stopping, best iteration is:
[1]	train's l2: 3.04073e+08	eval's l2: 1.09117e+07
Saved Losses
{'MSE - mean': 10911680.43261832, 'MSE - std': 0.0, 'R2 - mean': 0.4680021633194925, 'R2 - std': 0.0} 
 

Training until validation scores don't improve for 20 rounds
[100]	train's l2: 6.7705e+07	eval's l2: 2.37234e+08
Did not meet early stopping. Best iteration is:
[100]	train's l2: 6.7705e+07	eval's l2: 2.37234e+08
Saved Losses
{'MSE - mean': 124072641.33403002, 'MSE - std': 113160960.9014117, 'R2 - mean': 0.544018104501441, 'R2 - std': 0.07601594118194849} 
 

Training until validation scores don't improve for 20 rounds
Early stopping, best iteration is:
[2]	train's l2: 2.87763e+08	eval's l2: 1.2392e+07
Saved Losses
{'MSE - mean': 86845762.17755564, 'MSE - std': 106341978.75195874, 'R2 - mean': 0.5326761069569065, 'R2 - std': 0.06410588136657525} 
 

Training until validation scores don't improve for 20 rounds
[100]	train's l2: 6.94286e+07	eval's l2: 2.45645e+08
Did not meet early stopping. Best iteration is:
[100]	train's l2: 6.94286e+07	eval's l2: 2.45645e+08
Saved Losses
{'MSE - mean': 126545575.26945075, 'MSE - std': 114933405.98910205, 'R2 - mean': 0.5508543238353598, 'R2 - std': 0.06382409988381596} 
 

Training until validation scores don't improve for 20 rounds
Early stopping, best iteration is:
[5]	train's l2: 2.61217e+08	eval's l2: 4.8835e+07
Saved Losses
{'MSE - mean': 111003455.07820365, 'MSE - std': 107396369.81742582, 'R2 - mean': 0.4918455828363867, 'R2 - std': 0.13109896505281426} 
 

Saving model.....
Results After CV: {'MSE - mean': 111003455.07820365, 'MSE - std': 107396369.81742582, 'R2 - mean': 0.4918455828363867, 'R2 - std': 0.13109896505281426}
Train time: 3.8570329363999916
Inference time: 0.02653152439997939
Finished cross validation
Hyperparam was saved!!! Hurrah!!!
Trial 104 finished with value: 111003455.07820365 and parameters: {'num_leaves': 1138, 'lambda_l1': 0.002627814351749041, 'lambda_l2': 3.2296665223707715, 'learning_rate': 0.2991513650595094}. Best is trial 3 with value: 48745669.870724514.
Best parameters: {'num_leaves': 597, 'lambda_l1': 2.7323296764144983e-07, 'lambda_l2': 3.908118260140544e-08, 'learning_rate': 0.17447920689018478}
Training until validation scores don't improve for 20 rounds
Early stopping, best iteration is:
[2]	train's l2: 2.99783e+08	eval's l2: 1.10449e+07
Saved Losses
{'MSE - mean': 11044882.430674031, 'MSE - std': 0.0, 'R2 - mean': 0.4615079138549162, 'R2 - std': 0.0} 
 

Training until validation scores don't improve for 20 rounds
[100]	train's l2: 9.10276e+07	eval's l2: 3.2002e+08
Did not meet early stopping. Best iteration is:
[100]	train's l2: 9.10276e+07	eval's l2: 3.2002e+08
Saved Losses
{'MSE - mean': 165532264.19839174, 'MSE - std': 154487381.76771772, 'R2 - mean': 0.47447371451285597, 'R2 - std': 0.012965800657939786} 
 

Training until validation scores don't improve for 20 rounds
Early stopping, best iteration is:
[2]	train's l2: 2.99261e+08	eval's l2: 1.27145e+07
Saved Losses
{'MSE - mean': 114593022.40402691, 'MSE - std': 145260157.8529567, 'R2 - mean': 0.48206192624285893, 'R2 - std': 0.015074368057058429} 
 

Training until validation scores don't improve for 20 rounds
[100]	train's l2: 9.21746e+07	eval's l2: 3.30504e+08
Did not meet early stopping. Best iteration is:
[100]	train's l2: 9.21746e+07	eval's l2: 3.30504e+08
Saved Losses
{'MSE - mean': 168570746.08066157, 'MSE - std': 156735985.19335884, 'R2 - mean': 0.4788137593537387, 'R2 - std': 0.014215456153724996} 
 

Training until validation scores don't improve for 20 rounds
Early stopping, best iteration is:
[9]	train's l2: 2.60472e+08	eval's l2: 4.9048e+07
Saved Losses
{'MSE - mean': 144666190.84157616, 'MSE - std': 148117002.0231985, 'R2 - mean': 0.43356396927175067, 'R2 - std': 0.09138838747227529} 
 

Saving model.....
Results After CV: {'MSE - mean': 144666190.84157616, 'MSE - std': 148117002.0231985, 'R2 - mean': 0.43356396927175067, 'R2 - std': 0.09138838747227529}
Train time: 3.652368710800033
Inference time: 0.03210556520000409
Finished cross validation


----------------------------------------------------------------------------
Training LightGBM Vesion 1 with Dataset: config/abalone.yml 



----------------------------------------------------------------------------
 Panda Version: 2.0.3
Namespace(batch_size=128, cat_dims=None, cat_idx=None, config='config/abalone.yml', data_parallel=False, dataset='Abalone', direction='minimize', dropna_idx=None, early_stopping_rounds=20, epochs=100, gpu_ids=[0, 1], logging_period=100, miss_cat_idx=None, miss_num_idx=None, model_name='LightGBM', n_trials=100, nominal_idx=[0], num_classes=1, num_features=8, num_idx=None, num_splits=5, objective='regression', one_hot_encode=True, optimize_hyperparameters=True, ordinal_encode=False, ordinal_idx=None, scale=True, seed=221, shuffle=True, target_encode=False, use_gpu=True, val_batch_size=256)
Start hyperparameter optimization
 Panda Version: 2.0.3
Loading dataset Abalone...
Dataset loaded! 

X b4 encoding : ['M' 0.455 0.365 0.095 0.514 0.2245 0.101 0.15] 

(4177, 8)
Data Type of X: <class 'numpy.ndarray'>
Nominal Idx: [0]
Ordinal Idx: None
Cat Dims: None 
 

Normonal Idx: [0]
Cat Idx Part II: [0] 
ENDE 
 

No one Hot for this Baby!!! 

X after Nominal Encoding: [2 0.455 0.365 0.095 0.514 0.2245 0.101 0.15] 
 

Scaling the data...
X after Scaling: [2 -0.5745581331424137 -0.4321487936470637 -1.0644241467266957
 -0.6418982280024725 -0.6076853645006243 -0.7262115735818162
 -0.6382168891980078] 
 

Using an existing study with name 'LightGBM_Abalone' instead of creating a new one.
Training until validation scores don't improve for 20 rounds
[100]	train's l2: 3.71038	eval's l2: 4.83313
Did not meet early stopping. Best iteration is:
[100]	train's l2: 3.71038	eval's l2: 4.83313
Saved Losses
{'MSE - mean': 4.833125491514573, 'MSE - std': 0.0, 'R2 - mean': 0.559234925478659, 'R2 - std': 0.0} 
 

Training until validation scores don't improve for 20 rounds
[100]	train's l2: 3.83524	eval's l2: 4.20075
Did not meet early stopping. Best iteration is:
[100]	train's l2: 3.83524	eval's l2: 4.20075
Saved Losses
{'MSE - mean': 4.516939318560505, 'MSE - std': 0.31618617295406803, 'R2 - mean': 0.5557245374231066, 'R2 - std': 0.003510388055552538} 
 

Training until validation scores don't improve for 20 rounds
[100]	train's l2: 3.69667	eval's l2: 4.8265
Did not meet early stopping. Best iteration is:
[100]	train's l2: 3.69667	eval's l2: 4.8265
Saved Losses
{'MSE - mean': 4.620125553576674, 'MSE - std': 0.2965534165011715, 'R2 - mean': 0.5455093250736184, 'R2 - std': 0.014728080081621197} 
 

Training until validation scores don't improve for 20 rounds
[100]	train's l2: 3.76461	eval's l2: 4.45112
Did not meet early stopping. Best iteration is:
[100]	train's l2: 3.76461	eval's l2: 4.45112
Saved Losses
{'MSE - mean': 4.577873449350537, 'MSE - std': 0.26704618994379425, 'R2 - mean': 0.5401530670014157, 'R2 - std': 0.015771992860006405} 
 

Training until validation scores don't improve for 20 rounds
[100]	train's l2: 3.60083	eval's l2: 5.53305
Did not meet early stopping. Best iteration is:
[100]	train's l2: 3.60083	eval's l2: 5.53305
Saved Losses
{'MSE - mean': 4.768909644560739, 'MSE - std': 0.45058877657167673, 'R2 - mean': 0.5406060820525382, 'R2 - std': 0.01413596468469868} 
 

Saving model.....
Results After CV: {'MSE - mean': 4.768909644560739, 'MSE - std': 0.45058877657167673, 'R2 - mean': 0.5406060820525382, 'R2 - std': 0.01413596468469868}
Train time: 0.7547858632000001
Inference time: 0.007094402600000116
Finished cross validation
Hyperparam was saved!!! Hurrah!!!
Trial 200 finished with value: 4.768909644560739 and parameters: {'num_leaves': 38, 'lambda_l1': 4.013091402266944e-05, 'lambda_l2': 0.41924747135525087, 'learning_rate': 0.018272002016717356}. Best is trial 163 with value: 4.486410577271952.
Training until validation scores don't improve for 20 rounds
[100]	train's l2: 3.46927	eval's l2: 4.61081
Did not meet early stopping. Best iteration is:
[100]	train's l2: 3.46927	eval's l2: 4.61081
Saved Losses
{'MSE - mean': 4.610805330445091, 'MSE - std': 0.0, 'R2 - mean': 0.5795097895461092, 'R2 - std': 0.0} 
 

Training until validation scores don't improve for 20 rounds
[100]	train's l2: 3.54526	eval's l2: 4.03127
Did not meet early stopping. Best iteration is:
[100]	train's l2: 3.54526	eval's l2: 4.03127
Saved Losses
{'MSE - mean': 4.321039422529941, 'MSE - std': 0.2897659079151502, 'R2 - mean': 0.5748949426044969, 'R2 - std': 0.004614846941612294} 
 

Training until validation scores don't improve for 20 rounds
[100]	train's l2: 3.45074	eval's l2: 4.68065
Did not meet early stopping. Best iteration is:
[100]	train's l2: 3.45074	eval's l2: 4.68065
Saved Losses
{'MSE - mean': 4.440910329538275, 'MSE - std': 0.2910571357779468, 'R2 - mean': 0.5630732765436514, 'R2 - std': 0.017137720145086476} 
 

Training until validation scores don't improve for 20 rounds
[100]	train's l2: 3.48258	eval's l2: 4.27844
Did not meet early stopping. Best iteration is:
[100]	train's l2: 3.48258	eval's l2: 4.27844
Saved Losses
{'MSE - mean': 4.400293089290801, 'MSE - std': 0.2616963370615063, 'R2 - mean': 0.5579416758331166, 'R2 - std': 0.017299597289693196} 
 

Training until validation scores don't improve for 20 rounds
[100]	train's l2: 3.35449	eval's l2: 5.30234
Did not meet early stopping. Best iteration is:
[100]	train's l2: 3.35449	eval's l2: 5.30234
Saved Losses
{'MSE - mean': 4.5807031245118965, 'MSE - std': 0.43009196865209603, 'R2 - mean': 0.5586529171668677, 'R2 - std': 0.01553847836976943} 
 

Saving model.....
Results After CV: {'MSE - mean': 4.5807031245118965, 'MSE - std': 0.43009196865209603, 'R2 - mean': 0.5586529171668677, 'R2 - std': 0.01553847836976943}
Train time: 0.5682237394000001
Inference time: 0.018373461399999513
Finished cross validation
Hyperparam was saved!!! Hurrah!!!
Trial 201 finished with value: 4.5807031245118965 and parameters: {'num_leaves': 23, 'lambda_l1': 2.5788647846194196e-08, 'lambda_l2': 0.009002153855604607, 'learning_rate': 0.03207115916215915}. Best is trial 163 with value: 4.486410577271952.
Training until validation scores don't improve for 20 rounds
Early stopping, best iteration is:
[50]	train's l2: 2.55458	eval's l2: 4.60184
Saved Losses
{'MSE - mean': 4.601843207286812, 'MSE - std': 0.0, 'R2 - mean': 0.5803271055642145, 'R2 - std': 0.0} 
 

Training until validation scores don't improve for 20 rounds
Early stopping, best iteration is:
[28]	train's l2: 3.11128	eval's l2: 4.05651
Saved Losses
{'MSE - mean': 4.329175677113102, 'MSE - std': 0.2726675301737105, 'R2 - mean': 0.5739586380664541, 'R2 - std': 0.006368467497760433} 
 

Training until validation scores don't improve for 20 rounds
Early stopping, best iteration is:
[45]	train's l2: 2.6297	eval's l2: 4.62199
Saved Losses
{'MSE - mean': 4.426781048130845, 'MSE - std': 0.26195165885530014, 'R2 - mean': 0.5643731075625356, 'R2 - std': 0.014519057898607808} 
 

Training until validation scores don't improve for 20 rounds
Early stopping, best iteration is:
[24]	train's l2: 3.12421	eval's l2: 4.27507
Saved Losses
{'MSE - mean': 4.388853305822385, 'MSE - std': 0.23617693492937317, 'R2 - mean': 0.5590066640981546, 'R2 - std': 0.015636445506141673} 
 

Training until validation scores don't improve for 20 rounds
Early stopping, best iteration is:
[41]	train's l2: 2.62466	eval's l2: 5.18852
Saved Losses
{'MSE - mean': 4.548786675018739, 'MSE - std': 0.3833254048508855, 'R2 - mean': 0.5613875349055162, 'R2 - std': 0.014774062598304386} 
 

Saving model.....
Results After CV: {'MSE - mean': 4.548786675018739, 'MSE - std': 0.3833254048508855, 'R2 - mean': 0.5613875349055162, 'R2 - std': 0.014774062598304386}
Train time: 0.37118336099999993
Inference time: 0.0010270123999998049
Finished cross validation
Hyperparam was saved!!! Hurrah!!!
Trial 202 finished with value: 4.548786675018739 and parameters: {'num_leaves': 29, 'lambda_l1': 1.2889181602426649e-05, 'lambda_l2': 0.006256731747437662, 'learning_rate': 0.15535347368405036}. Best is trial 163 with value: 4.486410577271952.
Training until validation scores don't improve for 20 rounds
[100]	train's l2: 3.52349	eval's l2: 4.6372
Did not meet early stopping. Best iteration is:
[100]	train's l2: 3.52349	eval's l2: 4.6372
Saved Losses
{'MSE - mean': 4.637200717118344, 'MSE - std': 0.0, 'R2 - mean': 0.577102617500922, 'R2 - std': 0.0} 
 

Training until validation scores don't improve for 20 rounds
[100]	train's l2: 3.61011	eval's l2: 4.00183
Did not meet early stopping. Best iteration is:
[100]	train's l2: 3.61011	eval's l2: 4.00183
Saved Losses
{'MSE - mean': 4.319514480458745, 'MSE - std': 0.31768623665960005, 'R2 - mean': 0.5752607389262429, 'R2 - std': 0.001841878574679101} 
 

Training until validation scores don't improve for 20 rounds
[100]	train's l2: 3.50347	eval's l2: 4.66024
Did not meet early stopping. Best iteration is:
[100]	train's l2: 3.50347	eval's l2: 4.66024
Saved Losses
{'MSE - mean': 4.433091162324819, 'MSE - std': 0.30509401059789426, 'R2 - mean': 0.5639865017244547, 'R2 - std': 0.016014946979419218} 
 

Training until validation scores don't improve for 20 rounds
[100]	train's l2: 3.54289	eval's l2: 4.28045
Did not meet early stopping. Best iteration is:
[100]	train's l2: 3.54289	eval's l2: 4.28045
Saved Losses
{'MSE - mean': 4.394930515773208, 'MSE - std': 0.27236092104547965, 'R2 - mean': 0.5585729418052555, 'R2 - std': 0.016741528844806477} 
 

Training until validation scores don't improve for 20 rounds
[100]	train's l2: 3.39519	eval's l2: 5.31856
Did not meet early stopping. Best iteration is:
[100]	train's l2: 3.39519	eval's l2: 5.31856
Saved Losses
{'MSE - mean': 4.57965689002839, 'MSE - std': 0.44253780678271515, 'R2 - mean': 0.5588896666944365, 'R2 - std': 0.014987471069893569} 
 

Saving model.....
Results After CV: {'MSE - mean': 4.57965689002839, 'MSE - std': 0.44253780678271515, 'R2 - mean': 0.5588896666944365, 'R2 - std': 0.014987471069893569}
Train time: 0.45460379659999967
Inference time: 0.006906812599999768
Finished cross validation
Hyperparam was saved!!! Hurrah!!!
Trial 203 finished with value: 4.57965689002839 and parameters: {'num_leaves': 20, 'lambda_l1': 0.00021442455880034384, 'lambda_l2': 6.957168160113918e-05, 'learning_rate': 0.03474465582338129}. Best is trial 163 with value: 4.486410577271952.
Training until validation scores don't improve for 20 rounds
[100]	train's l2: 3.47341	eval's l2: 4.62093
Did not meet early stopping. Best iteration is:
[100]	train's l2: 3.47341	eval's l2: 4.62093
Saved Losses
{'MSE - mean': 4.620934758845419, 'MSE - std': 0.0, 'R2 - mean': 0.5785860191471061, 'R2 - std': 0.0} 
 

Training until validation scores don't improve for 20 rounds
[100]	train's l2: 3.56563	eval's l2: 4.04417
Did not meet early stopping. Best iteration is:
[100]	train's l2: 3.56563	eval's l2: 4.04417
Saved Losses
{'MSE - mean': 4.332554733969072, 'MSE - std': 0.28838002487634684, 'R2 - mean': 0.5737454459049578, 'R2 - std': 0.004840573242148316} 
 

Training until validation scores don't improve for 20 rounds
[100]	train's l2: 3.44863	eval's l2: 4.67182
Did not meet early stopping. Best iteration is:
[100]	train's l2: 3.44863	eval's l2: 4.67182
Saved Losses
{'MSE - mean': 4.445644456148237, 'MSE - std': 0.28464117122600124, 'R2 - mean': 0.5625965079378645, 'R2 - std': 0.016254796270534676} 
 

Training until validation scores don't improve for 20 rounds
[100]	train's l2: 3.48875	eval's l2: 4.29392
Did not meet early stopping. Best iteration is:
[100]	train's l2: 3.48875	eval's l2: 4.29392
Saved Losses
{'MSE - mean': 4.407712653085742, 'MSE - std': 0.25511156837430554, 'R2 - mean': 0.5571704272636782, 'R2 - std': 0.016926040759604095} 
 

Training until validation scores don't improve for 20 rounds
[100]	train's l2: 3.36168	eval's l2: 5.30339
Did not meet early stopping. Best iteration is:
[100]	train's l2: 3.36168	eval's l2: 5.30339
Saved Losses
{'MSE - mean': 4.58684777937473, 'MSE - std': 0.42476240857331615, 'R2 - mean': 0.5580186337606825, 'R2 - std': 0.015233860367052888} 
 

Saving model.....
Results After CV: {'MSE - mean': 4.58684777937473, 'MSE - std': 0.42476240857331615, 'R2 - mean': 0.5580186337606825, 'R2 - std': 0.015233860367052888}
Train time: 0.5417281983999999
Inference time: 0.012618576600000608
Finished cross validation
Hyperparam was saved!!! Hurrah!!!
Trial 204 finished with value: 4.58684777937473 and parameters: {'num_leaves': 25, 'lambda_l1': 2.4713450439795786e-05, 'lambda_l2': 0.002274623596181692, 'learning_rate': 0.029633321104408045}. Best is trial 163 with value: 4.486410577271952.
Training until validation scores don't improve for 20 rounds
[100]	train's l2: 3.02937	eval's l2: 4.63423
Did not meet early stopping. Best iteration is:
[100]	train's l2: 3.02937	eval's l2: 4.63423
Saved Losses
{'MSE - mean': 4.634232992282893, 'MSE - std': 0.0, 'R2 - mean': 0.577373264199534, 'R2 - std': 0.0} 
 

Training until validation scores don't improve for 20 rounds
[100]	train's l2: 3.12025	eval's l2: 4.13143
Did not meet early stopping. Best iteration is:
[100]	train's l2: 3.12025	eval's l2: 4.13143
Saved Losses
{'MSE - mean': 4.3828291699851825, 'MSE - std': 0.25140382229771063, 'R2 - mean': 0.5684887593000298, 'R2 - std': 0.008884504899504153} 
 

Training until validation scores don't improve for 20 rounds
[100]	train's l2: 3.03061	eval's l2: 4.68522
Did not meet early stopping. Best iteration is:
[100]	train's l2: 3.03061	eval's l2: 4.68522
Saved Losses
{'MSE - mean': 4.4836266139196255, 'MSE - std': 0.2499123259292485, 'R2 - mean': 0.5586526147139258, 'R2 - std': 0.01568828965110704} 
 

Training until validation scores don't improve for 20 rounds
[100]	train's l2: 3.05574	eval's l2: 4.29111
Did not meet early stopping. Best iteration is:
[100]	train's l2: 3.05574	eval's l2: 4.29111
Saved Losses
{'MSE - mean': 4.435496247217719, 'MSE - std': 0.23193043048531875, 'R2 - mean': 0.5542876750502405, 'R2 - std': 0.015548309198611056} 
 

Training until validation scores don't improve for 20 rounds
[100]	train's l2: 2.94771	eval's l2: 5.24203
Did not meet early stopping. Best iteration is:
[100]	train's l2: 2.94771	eval's l2: 5.24203
Saved Losses
{'MSE - mean': 4.596803596568303, 'MSE - std': 0.38355393817053973, 'R2 - mean': 0.55672724462969, 'R2 - std': 0.01473790806323586} 
 

Saving model.....
Results After CV: {'MSE - mean': 4.596803596568303, 'MSE - std': 0.38355393817053973, 'R2 - mean': 0.55672724462969, 'R2 - std': 0.01473790806323586}
Train time: 0.8535407920000011
Inference time: 0.007141635799999335
Finished cross validation
Hyperparam was saved!!! Hurrah!!!
Trial 205 finished with value: 4.596803596568303 and parameters: {'num_leaves': 47, 'lambda_l1': 1.918294782936623e-08, 'lambda_l2': 0.017440450960337518, 'learning_rate': 0.02745328222162372}. Best is trial 163 with value: 4.486410577271952.
Training until validation scores don't improve for 20 rounds
[100]	train's l2: 3.78678	eval's l2: 4.80136
Did not meet early stopping. Best iteration is:
[100]	train's l2: 3.78678	eval's l2: 4.80136
Saved Losses
{'MSE - mean': 4.8013609106371025, 'MSE - std': 0.0, 'R2 - mean': 0.5621317502936112, 'R2 - std': 0.0} 
 

Training until validation scores don't improve for 20 rounds
[100]	train's l2: 3.90947	eval's l2: 4.16669
Did not meet early stopping. Best iteration is:
[100]	train's l2: 3.90947	eval's l2: 4.16669
Saved Losses
{'MSE - mean': 4.484023659776724, 'MSE - std': 0.3173372508603789, 'R2 - mean': 0.5589886483658558, 'R2 - std': 0.003143101927755354} 
 

Training until validation scores don't improve for 20 rounds
[100]	train's l2: 3.77969	eval's l2: 4.75457
Did not meet early stopping. Best iteration is:
[100]	train's l2: 3.77969	eval's l2: 4.75457
Saved Losses
{'MSE - mean': 4.574205870561188, 'MSE - std': 0.2887922254373011, 'R2 - mean': 0.550044597303044, 'R2 - std': 0.012906516131288442} 
 

Training until validation scores don't improve for 20 rounds
[100]	train's l2: 3.83128	eval's l2: 4.42105
Did not meet early stopping. Best iteration is:
[100]	train's l2: 3.83128	eval's l2: 4.42105
Saved Losses
{'MSE - mean': 4.535916082253397, 'MSE - std': 0.25874511738531, 'R2 - mean': 0.5443583073044737, 'R2 - std': 0.01489749310551716} 
 

Training until validation scores don't improve for 20 rounds
[100]	train's l2: 3.69078	eval's l2: 5.50131
Did not meet early stopping. Best iteration is:
[100]	train's l2: 3.69078	eval's l2: 5.50131
Saved Losses
{'MSE - mean': 4.7289948479583765, 'MSE - std': 0.4501964767534536, 'R2 - mean': 0.5444953265665752, 'R2 - std': 0.013327540574910755} 
 

Saving model.....
Results After CV: {'MSE - mean': 4.7289948479583765, 'MSE - std': 0.4501964767534536, 'R2 - mean': 0.5444953265665752, 'R2 - std': 0.013327540574910755}
Train time: 0.6283361727999989
Inference time: 0.012633926600000933
Finished cross validation
Hyperparam was saved!!! Hurrah!!!
