Trial 43 finished with value: 118301622.68201871 and parameters: {'num_leaves': 45, 'lambda_l1': 1.4352865097947602e-05, 'lambda_l2': 6.990559603494646e-05, 'learning_rate': 0.24503227797894037}. Best is trial 3 with value: 48745669.870724514.
Training until validation scores don't improve for 20 rounds
Early stopping, best iteration is:
[1]	train's l2: 3.02111e+08	eval's l2: 1.1641e+07
Saved Losses
{'MSE - mean': 11640987.594997829, 'MSE - std': 0.0, 'R2 - mean': 0.43244486900012447, 'R2 - std': 0.0} 
 

Training until validation scores don't improve for 20 rounds
[100]	train's l2: 6.79872e+07	eval's l2: 2.3494e+08
Did not meet early stopping. Best iteration is:
[100]	train's l2: 6.79872e+07	eval's l2: 2.3494e+08
Saved Losses
{'MSE - mean': 123290443.98199877, 'MSE - std': 111649456.38700095, 'R2 - mean': 0.5280763147902552, 'R2 - std': 0.09563144579013066} 
 

Training until validation scores don't improve for 20 rounds
Early stopping, best iteration is:
[1]	train's l2: 3.01555e+08	eval's l2: 1.33962e+07
Saved Losses
{'MSE - mean': 86659020.70810892, 'MSE - std': 104852863.97209336, 'R2 - mean': 0.5088125248426018, 'R2 - std': 0.08269886832499636} 
 

Training until validation scores don't improve for 20 rounds
[100]	train's l2: 6.63537e+07	eval's l2: 2.31083e+08
Did not meet early stopping. Best iteration is:
[100]	train's l2: 6.63537e+07	eval's l2: 2.31083e+08
Saved Losses
{'MSE - mean': 122764968.81454296, 'MSE - std': 110256567.96017306, 'R2 - mean': 0.538804919214069, 'R2 - std': 0.0884757496553557} 
 

Training until validation scores don't improve for 20 rounds
Early stopping, best iteration is:
[6]	train's l2: 2.59555e+08	eval's l2: 4.89893e+07
Saved Losses
{'MSE - mean': 108009835.57817379, 'MSE - std': 102937186.91501646, 'R2 - mean': 0.48173570158030665, 'R2 - std': 0.13888826094015527} 
 

Saving model.....
Results After CV: {'MSE - mean': 108009835.57817379, 'MSE - std': 102937186.91501646, 'R2 - mean': 0.48173570158030665, 'R2 - std': 0.13888826094015527}
Train time: 0.2936637172000019
Inference time: 0.024343005399998674
Finished cross validation
Hyperparam was saved!!! Hurrah!!!
Trial 44 finished with value: 108009835.57817379 and parameters: {'num_leaves': 13, 'lambda_l1': 2.070530547055809e-06, 'lambda_l2': 0.0002329924114219536, 'learning_rate': 0.29768908978170755}. Best is trial 3 with value: 48745669.870724514.
Training until validation scores don't improve for 20 rounds
Early stopping, best iteration is:
[2]	train's l2: 2.98977e+08	eval's l2: 1.11478e+07
Saved Losses
{'MSE - mean': 11147826.065669205, 'MSE - std': 0.0, 'R2 - mean': 0.45648890771231054, 'R2 - std': 0.0} 
 

Training until validation scores don't improve for 20 rounds
[100]	train's l2: 9.03589e+07	eval's l2: 3.16261e+08
Did not meet early stopping. Best iteration is:
[100]	train's l2: 9.03589e+07	eval's l2: 3.16261e+08
Saved Losses
{'MSE - mean': 163704348.33971238, 'MSE - std': 152556522.2740432, 'R2 - mean': 0.474974338696632, 'R2 - std': 0.018485430984321483} 
 

Training until validation scores don't improve for 20 rounds
Early stopping, best iteration is:
[2]	train's l2: 2.98469e+08	eval's l2: 1.28508e+07
Saved Losses
{'MSE - mean': 113419836.75672221, 'MSE - std': 143431955.53704262, 'R2 - mean': 0.48059947131694675, 'R2 - std': 0.017061408884077117} 
 

Training until validation scores don't improve for 20 rounds
[100]	train's l2: 9.12735e+07	eval's l2: 3.26655e+08
Did not meet early stopping. Best iteration is:
[100]	train's l2: 9.12735e+07	eval's l2: 3.26655e+08
Saved Losses
{'MSE - mean': 166728623.24119407, 'MSE - std': 154774108.14224115, 'R2 - mean': 0.4792626771480304, 'R2 - std': 0.014955928950834025} 
 

Training until validation scores don't improve for 20 rounds
Early stopping, best iteration is:
[9]	train's l2: 2.60271e+08	eval's l2: 4.86435e+07
Saved Losses
{'MSE - mean': 143111596.31410474, 'MSE - std': 146270555.767319, 'R2 - mean': 0.435155870299039, 'R2 - std': 0.0892221132359172} 
 

Saving model.....
Results After CV: {'MSE - mean': 143111596.31410474, 'MSE - std': 146270555.767319, 'R2 - mean': 0.435155870299039, 'R2 - std': 0.0892221132359172}
Train time: 0.45121624679999284
Inference time: 0.02459878199999821
Finished cross validation
Hyperparam was saved!!! Hurrah!!!
Trial 45 finished with value: 143111596.31410474 and parameters: {'num_leaves': 24, 'lambda_l1': 2.3191366923788457e-05, 'lambda_l2': 1.961897979606505e-05, 'learning_rate': 0.18158868430674682}. Best is trial 3 with value: 48745669.870724514.
Training until validation scores don't improve for 20 rounds
Early stopping, best iteration is:
[2]	train's l2: 2.90029e+08	eval's l2: 1.15401e+07
Saved Losses
{'MSE - mean': 11540056.800635692, 'MSE - std': 0.0, 'R2 - mean': 0.437365739308477, 'R2 - std': 0.0} 
 

Training until validation scores don't improve for 20 rounds
[100]	train's l2: 7.13384e+07	eval's l2: 2.4804e+08
Did not meet early stopping. Best iteration is:
[100]	train's l2: 7.13384e+07	eval's l2: 2.4804e+08
Saved Losses
{'MSE - mean': 129790018.78962983, 'MSE - std': 118249961.98899414, 'R2 - mean': 0.5200458571966005, 'R2 - std': 0.08268011788812346} 
 

Training until validation scores don't improve for 20 rounds
Early stopping, best iteration is:
[2]	train's l2: 2.89719e+08	eval's l2: 1.28723e+07
Saved Losses
{'MSE - mean': 90817429.66949554, 'MSE - std': 111174462.35108428, 'R2 - mean': 0.5103645834273686, 'R2 - std': 0.0688824267835101} 
 

Training until validation scores don't improve for 20 rounds
[100]	train's l2: 7.25887e+07	eval's l2: 2.56486e+08
Did not meet early stopping. Best iteration is:
[100]	train's l2: 7.25887e+07	eval's l2: 2.56486e+08
Saved Losses
{'MSE - mean': 132234604.35380977, 'MSE - std': 120066514.42339155, 'R2 - mean': 0.5297668140165748, 'R2 - std': 0.06846846862022993} 
 

Training until validation scores don't improve for 20 rounds
Early stopping, best iteration is:
[6]	train's l2: 2.60423e+08	eval's l2: 4.91928e+07
Saved Losses
{'MSE - mean': 115626241.32669286, 'MSE - std': 112410520.85275652, 'R2 - mean': 0.4738850366674806, 'R2 - std': 0.1274418970155987} 
 

Saving model.....
Results After CV: {'MSE - mean': 115626241.32669286, 'MSE - std': 112410520.85275652, 'R2 - mean': 0.4738850366674806, 'R2 - std': 0.1274418970155987}
Train time: 1.1678342119999912
Inference time: 0.025366262599970924
Finished cross validation
Hyperparam was saved!!! Hurrah!!!
Trial 46 finished with value: 115626241.32669286 and parameters: {'num_leaves': 92, 'lambda_l1': 2.7690348204143625e-07, 'lambda_l2': 3.2429279402625913e-06, 'learning_rate': 0.2515978498499295}. Best is trial 3 with value: 48745669.870724514.
Training until validation scores don't improve for 20 rounds
Early stopping, best iteration is:
[2]	train's l2: 2.96035e+08	eval's l2: 1.1062e+07
Saved Losses
{'MSE - mean': 11062030.505150188, 'MSE - std': 0.0, 'R2 - mean': 0.46067186127979853, 'R2 - std': 0.0} 
 

Training until validation scores don't improve for 20 rounds
[100]	train's l2: 8.2926e+07	eval's l2: 2.90855e+08
Did not meet early stopping. Best iteration is:
[100]	train's l2: 8.2926e+07	eval's l2: 2.90855e+08
Saved Losses
{'MSE - mean': 150958449.16482052, 'MSE - std': 139896418.65967032, 'R2 - mean': 0.4974116181074696, 'R2 - std': 0.036739756827671055} 
 

Training until validation scores don't improve for 20 rounds
Early stopping, best iteration is:
[2]	train's l2: 2.95595e+08	eval's l2: 1.26584e+07
Saved Losses
{'MSE - mean': 104858431.23285377, 'MSE - std': 131520956.28652929, 'R2 - mean': 0.4980938749651789, 'R2 - std': 0.030013398730301285} 
 

Training until validation scores don't improve for 20 rounds
[100]	train's l2: 8.65523e+07	eval's l2: 3.07597e+08
Did not meet early stopping. Best iteration is:
[100]	train's l2: 8.65523e+07	eval's l2: 3.07597e+08
Saved Losses
{'MSE - mean': 155543143.7889185, 'MSE - std': 143805916.8378168, 'R2 - mean': 0.5000371860295184, 'R2 - std': 0.026209396238494144} 
 

Training until validation scores don't improve for 20 rounds
Early stopping, best iteration is:
[10]	train's l2: 2.59121e+08	eval's l2: 4.91262e+07
Saved Losses
{'MSE - mean': 134259747.05802613, 'MSE - std': 135484483.53841224, 'R2 - mean': 0.4503044045458727, 'R2 - std': 0.1021907245171953} 
 

Saving model.....
Results After CV: {'MSE - mean': 134259747.05802613, 'MSE - std': 135484483.53841224, 'R2 - mean': 0.4503044045458727, 'R2 - std': 0.1021907245171953}
Train time: 0.5341659101999994
Inference time: 0.013528515199993763
Finished cross validation
Hyperparam was saved!!! Hurrah!!!
Trial 47 finished with value: 134259747.05802613 and parameters: {'num_leaves': 31, 'lambda_l1': 9.69791638584614e-07, 'lambda_l2': 0.0006248391610993028, 'learning_rate': 0.2027250762415826}. Best is trial 3 with value: 48745669.870724514.
Training until validation scores don't improve for 20 rounds
Early stopping, best iteration is:
[3]	train's l2: 2.95524e+08	eval's l2: 1.096e+07
Saved Losses
{'MSE - mean': 10959951.247835696, 'MSE - std': 0.0, 'R2 - mean': 0.46564872477911123, 'R2 - std': 0.0} 
 

Training until validation scores don't improve for 20 rounds
[100]	train's l2: 1.0128e+08	eval's l2: 3.58583e+08
Did not meet early stopping. Best iteration is:
[100]	train's l2: 1.0128e+08	eval's l2: 3.58583e+08
Saved Losses
{'MSE - mean': 184771551.56744665, 'MSE - std': 173811600.31961095, 'R2 - mean': 0.4456614389572257, 'R2 - std': 0.019987285821885525} 
 

Training until validation scores don't improve for 20 rounds
Early stopping, best iteration is:
[3]	train's l2: 2.95086e+08	eval's l2: 1.24161e+07
Saved Losses
{'MSE - mean': 127319748.69674027, 'MSE - std': 163529001.23005235, 'R2 - mean': 0.4667868251615417, 'R2 - std': 0.03404249717994909} 
 

Training until validation scores don't improve for 20 rounds
[100]	train's l2: 1.02373e+08	eval's l2: 3.67499e+08
Did not meet early stopping. Best iteration is:
[100]	train's l2: 1.02373e+08	eval's l2: 3.67499e+08
Saved Losses
{'MSE - mean': 187364615.7525618, 'MSE - std': 175705602.81825873, 'R2 - mean': 0.452499862318878, 'R2 - std': 0.038490526529109594} 
 

Training until validation scores don't improve for 20 rounds
Early stopping, best iteration is:
[11]	train's l2: 2.60647e+08	eval's l2: 4.89995e+07
Saved Losses
{'MSE - mean': 159691598.53727514, 'MSE - std': 166616777.71632835, 'R2 - mean': 0.4126604863656774, 'R2 - std': 0.08679815672784935} 
 

Saving model.....
Results After CV: {'MSE - mean': 159691598.53727514, 'MSE - std': 166616777.71632835, 'R2 - mean': 0.4126604863656774, 'R2 - std': 0.08679815672784935}
Train time: 3.4854950185999884
Inference time: 0.032049039999992604
Finished cross validation
Hyperparam was saved!!! Hurrah!!!
Trial 48 finished with value: 159691598.53727514 and parameters: {'num_leaves': 472, 'lambda_l1': 6.742800865551051e-06, 'lambda_l2': 5.811182628994399e-06, 'learning_rate': 0.14206400868543362}. Best is trial 3 with value: 48745669.870724514.
Training until validation scores don't improve for 20 rounds
Early stopping, best iteration is:
[1]	train's l2: 3.05165e+08	eval's l2: 1.16376e+07
Saved Losses
{'MSE - mean': 11637575.851345751, 'MSE - std': 0.0, 'R2 - mean': 0.4326112082045598, 'R2 - std': 0.0} 
 

Training until validation scores don't improve for 20 rounds
[100]	train's l2: 7.05952e+07	eval's l2: 2.43093e+08
Did not meet early stopping. Best iteration is:
[100]	train's l2: 7.05952e+07	eval's l2: 2.43093e+08
Saved Losses
{'MSE - mean': 127365478.22258341, 'MSE - std': 115727902.37123767, 'R2 - mean': 0.5216299606120447, 'R2 - std': 0.08901875240748497} 
 

Training until validation scores don't improve for 20 rounds
Early stopping, best iteration is:
[2]	train's l2: 2.88792e+08	eval's l2: 1.30161e+07
Saved Losses
{'MSE - mean': 89249011.61229114, 'MSE - std': 108785852.22906913, 'R2 - mean': 0.5095249044647642, 'R2 - std': 0.07467233058802772} 
 

Training until validation scores don't improve for 20 rounds
[100]	train's l2: 7.00834e+07	eval's l2: 2.46116e+08
Did not meet early stopping. Best iteration is:
[100]	train's l2: 7.00834e+07	eval's l2: 2.46116e+08
Saved Losses
{'MSE - mean': 128465744.32018575, 'MSE - std': 116144856.13556461, 'R2 - mean': 0.5333017940274939, 'R2 - std': 0.07666804515846551} 
 

Training until validation scores don't improve for 20 rounds
Early stopping, best iteration is:
[6]	train's l2: 2.60162e+08	eval's l2: 4.90382e+07
Saved Losses
{'MSE - mean': 112580238.56102729, 'MSE - std': 108632864.5406068, 'R2 - mean': 0.4771841260803814, 'R2 - std': 0.13152627852268114} 
 

Saving model.....
Results After CV: {'MSE - mean': 112580238.56102729, 'MSE - std': 108632864.5406068, 'R2 - mean': 0.4771841260803814, 'R2 - std': 0.13152627852268114}
Train time: 5.026338685799999
Inference time: 0.03855365920001077
Finished cross validation
Hyperparam was saved!!! Hurrah!!!
Trial 49 finished with value: 112580238.56102729 and parameters: {'num_leaves': 3805, 'lambda_l1': 0.0001268754954624339, 'lambda_l2': 0.00017204499843663732, 'learning_rate': 0.2601889058018178}. Best is trial 3 with value: 48745669.870724514.
Training until validation scores don't improve for 20 rounds
Early stopping, best iteration is:
[2]	train's l2: 2.99632e+08	eval's l2: 1.10409e+07
Saved Losses
{'MSE - mean': 11040947.0848244, 'MSE - std': 0.0, 'R2 - mean': 0.4616997812296548, 'R2 - std': 0.0} 
 

Training until validation scores don't improve for 20 rounds
[100]	train's l2: 9.19944e+07	eval's l2: 3.2086e+08
Did not meet early stopping. Best iteration is:
[100]	train's l2: 9.19944e+07	eval's l2: 3.2086e+08
Saved Losses
{'MSE - mean': 165950722.2610489, 'MSE - std': 154909775.1762245, 'R2 - mean': 0.47389627198229334, 'R2 - std': 0.012196490752638511} 
 

Training until validation scores don't improve for 20 rounds
Early stopping, best iteration is:
[2]	train's l2: 2.99113e+08	eval's l2: 1.27068e+07
Saved Losses
{'MSE - mean': 114869421.20893711, 'MSE - std': 145659274.55693272, 'R2 - mean': 0.4817787161670837, 'R2 - std': 0.014947757148553576} 
 

Training until validation scores don't improve for 20 rounds
[100]	train's l2: 9.30614e+07	eval's l2: 3.34278e+08
Did not meet early stopping. Best iteration is:
[100]	train's l2: 9.30614e+07	eval's l2: 3.34278e+08
Saved Losses
{'MSE - mean': 169721585.29716906, 'MSE - std': 157920068.11620206, 'R2 - mean': 0.4770856225555088, 'R2 - std': 0.015285678453052579} 
 

Training until validation scores don't improve for 20 rounds
Early stopping, best iteration is:
[10]	train's l2: 2.59772e+08	eval's l2: 4.90496e+07
Saved Losses
{'MSE - mean': 145587188.15888754, 'MSE - std': 149267795.69610414, 'R2 - mean': 0.4321764928162802, 'R2 - std': 0.09085285525703403} 
 

Saving model.....
Results After CV: {'MSE - mean': 145587188.15888754, 'MSE - std': 149267795.69610414, 'R2 - mean': 0.4321764928162802, 'R2 - std': 0.09085285525703403}
Train time: 1.8973158850000005
Inference time: 0.020274519800011603
Finished cross validation
Hyperparam was saved!!! Hurrah!!!
Trial 50 finished with value: 145587188.15888754 and parameters: {'num_leaves': 156, 'lambda_l1': 2.71326687827542e-08, 'lambda_l2': 0.002038409672985037, 'learning_rate': 0.17556718428520335}. Best is trial 3 with value: 48745669.870724514.
Training until validation scores don't improve for 20 rounds
Early stopping, best iteration is:
[4]	train's l2: 2.95831e+08	eval's l2: 1.09836e+07
Saved Losses
{'MSE - mean': 10983595.718364172, 'MSE - std': 0.0, 'R2 - mean': 0.46449594109484904, 'R2 - std': 0.0} 
 

Training until validation scores don't improve for 20 rounds
[100]	train's l2: 1.11689e+08	eval's l2: 3.96137e+08
Did not meet early stopping. Best iteration is:
[100]	train's l2: 1.11689e+08	eval's l2: 3.96137e+08
Saved Losses
{'MSE - mean': 203560496.95483747, 'MSE - std': 192576901.2364733, 'R2 - mean': 0.41501060803652967, 'R2 - std': 0.04948533305831937} 
 

Training until validation scores don't improve for 20 rounds
Early stopping, best iteration is:
[4]	train's l2: 2.95392e+08	eval's l2: 1.24836e+07
Saved Losses
{'MSE - mean': 139868214.19908643, 'MSE - std': 181210712.59311727, 'R2 - mean': 0.44546316138591796, 'R2 - std': 0.05905292656809272} 
 

Training until validation scores don't improve for 20 rounds
[100]	train's l2: 1.12974e+08	eval's l2: 4.07305e+08
Did not meet early stopping. Best iteration is:
[100]	train's l2: 1.12974e+08	eval's l2: 4.07305e+08
Saved Losses
{'MSE - mean': 206727299.91702372, 'MSE - std': 195034365.6846005, 'R2 - mean': 0.42052101140306275, 'R2 - std': 0.06694601287227006} 
 

Training until validation scores don't improve for 20 rounds
Early stopping, best iteration is:
[16]	train's l2: 2.60127e+08	eval's l2: 4.90013e+07
Saved Losses
{'MSE - mean': 175182103.2350493, 'MSE - std': 185502347.08276168, 'R2 - mean': 0.3870719597791383, 'R2 - std': 0.08978179731858332} 
 

Saving model.....
Results After CV: {'MSE - mean': 175182103.2350493, 'MSE - std': 185502347.08276168, 'R2 - mean': 0.3870719597791383, 'R2 - std': 0.08978179731858332}
Train time: 0.9537992817999907
Inference time: 0.0250213389999999
Finished cross validation
Hyperparam was saved!!! Hurrah!!!
Trial 51 finished with value: 175182103.2350493 and parameters: {'num_leaves': 57, 'lambda_l1': 5.355143561255853e-07, 'lambda_l2': 1.008295873069157e-08, 'learning_rate': 0.10748888746839919}. Best is trial 3 with value: 48745669.870724514.
Training until validation scores don't improve for 20 rounds
Early stopping, best iteration is:
[2]	train's l2: 2.94582e+08	eval's l2: 1.1396e+07
Saved Losses
{'MSE - mean': 11395954.994525848, 'MSE - std': 0.0, 'R2 - mean': 0.4443914077731641, 'R2 - std': 0.0} 
 

Training until validation scores don't improve for 20 rounds
[100]	train's l2: 8.34522e+07	eval's l2: 2.90804e+08
Did not meet early stopping. Best iteration is:
[100]	train's l2: 8.34522e+07	eval's l2: 2.90804e+08
Saved Losses
{'MSE - mean': 151100154.74730554, 'MSE - std': 139704199.7527797, 'R2 - mean': 0.48931184376758075, 'R2 - std': 0.04492043599441664} 
 

Training until validation scores don't improve for 20 rounds
Early stopping, best iteration is:
[2]	train's l2: 2.94163e+08	eval's l2: 1.28632e+07
Saved Losses
{'MSE - mean': 105021179.3438565, 'MSE - std': 131369908.65810823, 'R2 - mean': 0.48999416967068926, 'R2 - std': 0.03669007382424335} 
 

Training until validation scores don't improve for 20 rounds
[100]	train's l2: 8.23039e+07	eval's l2: 2.90591e+08
Did not meet early stopping. Best iteration is:
[100]	train's l2: 8.23039e+07	eval's l2: 2.90591e+08
Saved Losses
{'MSE - mean': 151413688.31667373, 'MSE - std': 139285082.98453414, 'R2 - mean': 0.500792162228427, 'R2 - std': 0.036870192130665704} 
 

Training until validation scores don't improve for 20 rounds
Early stopping, best iteration is:
[9]	train's l2: 2.59339e+08	eval's l2: 4.91903e+07
Saved Losses
{'MSE - mean': 130969014.89582555, 'MSE - std': 131119053.37801744, 'R2 - mean': 0.4507128371563621, 'R2 - std': 0.10544801587937044} 
 

Saving model.....
Results After CV: {'MSE - mean': 130969014.89582555, 'MSE - std': 131119053.37801744, 'R2 - mean': 0.4507128371563621, 'R2 - std': 0.10544801587937044}
Train time: 0.32286618680000173
Inference time: 0.013090069400004723
Finished cross validation
Hyperparam was saved!!! Hurrah!!!
Trial 52 finished with value: 130969014.89582555 and parameters: {'num_leaves': 15, 'lambda_l1': 4.079019162189924e-05, 'lambda_l2': 1.5954166245498933e-06, 'learning_rate': 0.2158655968749313}. Best is trial 3 with value: 48745669.870724514.
Training until validation scores don't improve for 20 rounds
Early stopping, best iteration is:
[1]	train's l2: 3.02368e+08	eval's l2: 1.16356e+07
Saved Losses
{'MSE - mean': 11635560.199776152, 'MSE - std': 0.0, 'R2 - mean': 0.4327094810857306, 'R2 - std': 0.0} 
 

Training until validation scores don't improve for 20 rounds
[100]	train's l2: 6.76613e+07	eval's l2: 2.33751e+08
Did not meet early stopping. Best iteration is:
[100]	train's l2: 6.76613e+07	eval's l2: 2.33751e+08
Saved Losses
{'MSE - mean': 122693070.65291995, 'MSE - std': 111057510.4531438, 'R2 - mean': 0.5291610593250559, 'R2 - std': 0.09645157823932526} 
 

Training until validation scores don't improve for 20 rounds
Early stopping, best iteration is:
[1]	train's l2: 3.01807e+08	eval's l2: 1.33971e+07
Saved Losses
{'MSE - mean': 86261065.04237199, 'MSE - std': 104293316.26546077, 'R2 - mean': 0.5095240932706758, 'R2 - std': 0.08350544194769305} 
 

Training until validation scores don't improve for 20 rounds
[100]	train's l2: 6.83818e+07	eval's l2: 2.39496e+08
Did not meet early stopping. Best iteration is:
[100]	train's l2: 6.83818e+07	eval's l2: 2.39496e+08
Saved Losses
{'MSE - mean': 124569708.79106376, 'MSE - std': 112073540.23509791, 'R2 - mean': 0.5359599453943346, 'R2 - std': 0.08559457902619476} 
 

Training until validation scores don't improve for 20 rounds
Early stopping, best iteration is:
[6]	train's l2: 2.59568e+08	eval's l2: 4.90543e+07
Saved Losses
{'MSE - mean': 109466621.94244051, 'MSE - std': 104693818.66228166, 'R2 - mean': 0.47926170292859227, 'R2 - std': 0.13682071612790803} 
 

Saving model.....
Results After CV: {'MSE - mean': 109466621.94244051, 'MSE - std': 104693818.66228166, 'R2 - mean': 0.47926170292859227, 'R2 - std': 0.13682071612790803}
Train time: 0.31289476800000104
Inference time: 0.013065618999996786
Finished cross validation
Hyperparam was saved!!! Hurrah!!!
