Trial 296 finished with value: 4.565927390811714 and parameters: {'num_leaves': 19, 'lambda_l1': 7.715883126922125e-05, 'lambda_l2': 2.2942912456701245, 'learning_rate': 0.04087710314875881}. Best is trial 163 with value: 4.486410577271952.
Training until validation scores don't improve for 20 rounds
[100]	train's l2: 3.48076	eval's l2: 4.67331
Did not meet early stopping. Best iteration is:
[100]	train's l2: 3.48076	eval's l2: 4.67331
Saved Losses
{'MSE - mean': 4.673309240392229, 'MSE - std': 0.0, 'R2 - mean': 0.5738096394932928, 'R2 - std': 0.0} 
 

Training until validation scores don't improve for 20 rounds
[100]	train's l2: 3.56559	eval's l2: 4.09895
Did not meet early stopping. Best iteration is:
[100]	train's l2: 3.56559	eval's l2: 4.09895
Saved Losses
{'MSE - mean': 4.386128618609332, 'MSE - std': 0.2871806217828978, 'R2 - mean': 0.5684379339482293, 'R2 - std': 0.005371705545063443} 
 

Training until validation scores don't improve for 20 rounds
[100]	train's l2: 3.45379	eval's l2: 4.64947
Did not meet early stopping. Best iteration is:
[100]	train's l2: 3.45379	eval's l2: 4.64947
Saved Losses
{'MSE - mean': 4.473909856114367, 'MSE - std': 0.26531659892960324, 'R2 - mean': 0.5597912883748837, 'R2 - std': 0.012990988145019032} 
 

Training until validation scores don't improve for 20 rounds
[100]	train's l2: 3.48101	eval's l2: 4.29489
Did not meet early stopping. Best iteration is:
[100]	train's l2: 3.48101	eval's l2: 4.29489
Saved Losses
{'MSE - mean': 4.4291543131281985, 'MSE - std': 0.24249504971161598, 'R2 - mean': 0.5550405725996432, 'R2 - std': 0.01393851609280471} 
 

Training until validation scores don't improve for 20 rounds
[100]	train's l2: 3.35518	eval's l2: 5.33468
Did not meet early stopping. Best iteration is:
[100]	train's l2: 3.35518	eval's l2: 5.33468
Saved Losses
{'MSE - mean': 4.610260107711551, 'MSE - std': 0.422185166288894, 'R2 - mean': 0.5557971326763618, 'R2 - std': 0.012558475914466613} 
 

Saving model.....
Results After CV: {'MSE - mean': 4.610260107711551, 'MSE - std': 0.422185166288894, 'R2 - mean': 0.5557971326763618, 'R2 - std': 0.012558475914466613}
Train time: 0.5486594963999891
Inference time: 0.006895434600005501
Finished cross validation
Hyperparam was saved!!! Hurrah!!!
Trial 297 finished with value: 4.610260107711551 and parameters: {'num_leaves': 28, 'lambda_l1': 5.691178110883107e-08, 'lambda_l2': 0.002344225989149887, 'learning_rate': 0.026837030293323873}. Best is trial 163 with value: 4.486410577271952.
Training until validation scores don't improve for 20 rounds
[100]	train's l2: 2.76617	eval's l2: 4.54681
Did not meet early stopping. Best iteration is:
[100]	train's l2: 2.76617	eval's l2: 4.54681
Saved Losses
{'MSE - mean': 4.546805819503417, 'MSE - std': 0.0, 'R2 - mean': 0.5853463334676486, 'R2 - std': 0.0} 
 

Training until validation scores don't improve for 20 rounds
[100]	train's l2: 2.83567	eval's l2: 4.11909
Did not meet early stopping. Best iteration is:
[100]	train's l2: 2.83567	eval's l2: 4.11909
Saved Losses
{'MSE - mean': 4.332946763935387, 'MSE - std': 0.21385905556803042, 'R2 - mean': 0.5731328689124613, 'R2 - std': 0.012213464555187292} 
 

Training until validation scores don't improve for 20 rounds
[100]	train's l2: 2.76816	eval's l2: 4.62936
Did not meet early stopping. Best iteration is:
[100]	train's l2: 2.76816	eval's l2: 4.62936
Saved Losses
{'MSE - mean': 4.431752317342303, 'MSE - std': 0.22364154026863453, 'R2 - mean': 0.5635808084087278, 'R2 - std': 0.016790757299613185} 
 

Training until validation scores don't improve for 20 rounds
[100]	train's l2: 2.79257	eval's l2: 4.27249
Did not meet early stopping. Best iteration is:
[100]	train's l2: 2.79257	eval's l2: 4.27249
Saved Losses
{'MSE - mean': 4.391935725490086, 'MSE - std': 0.20559118867420745, 'R2 - mean': 0.5584815138284399, 'R2 - std': 0.017013393655310138} 
 

Training until validation scores don't improve for 20 rounds
[100]	train's l2: 2.71492	eval's l2: 5.18321
Did not meet early stopping. Best iteration is:
[100]	train's l2: 2.71492	eval's l2: 5.18321
Saved Losses
{'MSE - mean': 4.550191052486538, 'MSE - std': 0.3660507937150166, 'R2 - mean': 0.5610552052239193, 'R2 - std': 0.01606424603064505} 
 

Saving model.....
Results After CV: {'MSE - mean': 4.550191052486538, 'MSE - std': 0.3660507937150166, 'R2 - mean': 0.5610552052239193, 'R2 - std': 0.01606424603064505}
Train time: 0.7662269042000048
Inference time: 0.0015301256000043394
Finished cross validation
Hyperparam was saved!!! Hurrah!!!
Trial 298 finished with value: 4.550191052486538 and parameters: {'num_leaves': 44, 'lambda_l1': 2.6614053357310123e-05, 'lambda_l2': 0.005094453334686572, 'learning_rate': 0.036593657461907854}. Best is trial 163 with value: 4.486410577271952.
Training until validation scores don't improve for 20 rounds
[100]	train's l2: 4.05404	eval's l2: 4.94919
Did not meet early stopping. Best iteration is:
[100]	train's l2: 4.05404	eval's l2: 4.94919
Saved Losses
{'MSE - mean': 4.949186328208719, 'MSE - std': 0.0, 'R2 - mean': 0.5486505606769758, 'R2 - std': 0.0} 
 

Training until validation scores don't improve for 20 rounds
[100]	train's l2: 4.18802	eval's l2: 4.21342
Did not meet early stopping. Best iteration is:
[100]	train's l2: 4.18802	eval's l2: 4.21342
Saved Losses
{'MSE - mean': 4.581304775373535, 'MSE - std': 0.367881552835184, 'R2 - mean': 0.5497570616903453, 'R2 - std': 0.0011065010133695652} 
 

Training until validation scores don't improve for 20 rounds
[100]	train's l2: 4.04537	eval's l2: 4.9269
Did not meet early stopping. Best iteration is:
[100]	train's l2: 4.04537	eval's l2: 4.9269
Saved Losses
{'MSE - mean': 4.696502359592345, 'MSE - std': 0.341709708325625, 'R2 - mean': 0.5382379478979628, 'R2 - std': 0.01631552005868777} 
 

Training until validation scores don't improve for 20 rounds
[100]	train's l2: 4.10293	eval's l2: 4.50745
Did not meet early stopping. Best iteration is:
[100]	train's l2: 4.10293	eval's l2: 4.50745
Saved Losses
{'MSE - mean': 4.649238156521196, 'MSE - std': 0.30704373996035167, 'R2 - mean': 0.5331938685439976, 'R2 - std': 0.016612506002297578} 
 

Training until validation scores don't improve for 20 rounds
[100]	train's l2: 3.94658	eval's l2: 5.68536
Did not meet early stopping. Best iteration is:
[100]	train's l2: 3.94658	eval's l2: 5.68536
Saved Losses
{'MSE - mean': 4.856463255798087, 'MSE - std': 0.4971817109270422, 'R2 - mean': 0.5325195382609598, 'R2 - std': 0.014919757701235846} 
 

Saving model.....
Results After CV: {'MSE - mean': 4.856463255798087, 'MSE - std': 0.4971817109270422, 'R2 - mean': 0.5325195382609598, 'R2 - std': 0.014919757701235846}
Train time: 0.504545085399991
Inference time: 0.006835522599999422
Finished cross validation
Hyperparam was saved!!! Hurrah!!!
Trial 299 finished with value: 4.856463255798087 and parameters: {'num_leaves': 24, 'lambda_l1': 1.4107776260672738e-05, 'lambda_l2': 0.00106974117347743, 'learning_rate': 0.01769184619077196}. Best is trial 163 with value: 4.486410577271952.
Best parameters: {'num_leaves': 25, 'lambda_l1': 4.343374100613648e-05, 'lambda_l2': 0.0013637612568171335, 'learning_rate': 0.01886990438928455}
Training until validation scores don't improve for 20 rounds
[100]	train's l2: 3.94558	eval's l2: 4.87367
Did not meet early stopping. Best iteration is:
[100]	train's l2: 3.94558	eval's l2: 4.87367
Saved Losses
{'MSE - mean': 4.8736729058089745, 'MSE - std': 0.0, 'R2 - mean': 0.5555371352775775, 'R2 - std': 0.0} 
 

Training until validation scores don't improve for 20 rounds
[100]	train's l2: 4.072	eval's l2: 4.18161
Did not meet early stopping. Best iteration is:
[100]	train's l2: 4.072	eval's l2: 4.18161
Saved Losses
{'MSE - mean': 4.527642194583866, 'MSE - std': 0.3460307112251084, 'R2 - mean': 0.5548958600329377, 'R2 - std': 0.0006412752446399161} 
 

Training until validation scores don't improve for 20 rounds
[100]	train's l2: 3.93456	eval's l2: 4.87514
Did not meet early stopping. Best iteration is:
[100]	train's l2: 3.93456	eval's l2: 4.87514
Saved Losses
{'MSE - mean': 4.643474680506178, 'MSE - std': 0.32658714763013597, 'R2 - mean': 0.5433614492411335, 'R2 - std': 0.01632052145575538} 
 

Training until validation scores don't improve for 20 rounds
[100]	train's l2: 3.9835	eval's l2: 4.45009
Did not meet early stopping. Best iteration is:
[100]	train's l2: 3.9835	eval's l2: 4.45009
Saved Losses
{'MSE - mean': 4.59512913011832, 'MSE - std': 0.294968219431867, 'R2 - mean': 0.5385695493580724, 'R2 - std': 0.016390743696021486} 
 

Training until validation scores don't improve for 20 rounds
[100]	train's l2: 3.83557	eval's l2: 5.59276
Did not meet early stopping. Best iteration is:
[100]	train's l2: 3.83557	eval's l2: 5.59276
Saved Losses
{'MSE - mean': 4.794655487285565, 'MSE - std': 0.47838067393820344, 'R2 - mean': 0.5383517263463286, 'R2 - std': 0.014666798239040284} 
 

Saving model.....
Results After CV: {'MSE - mean': 4.794655487285565, 'MSE - std': 0.47838067393820344, 'R2 - mean': 0.5383517263463286, 'R2 - std': 0.014666798239040284}
Train time: 0.5051243302000102
Inference time: 0.012450771800001804
Finished cross validation


----------------------------------------------------------------------------
Training LightGBM Vesion 1 with Dataset: config/nyc_taxi.yml 



----------------------------------------------------------------------------
 Panda Version: 2.0.3
Namespace(batch_size=128, cat_dims=None, cat_idx=None, config='config/nyc_taxi.yml', data_parallel=False, dataset='NYC_Taxi', direction='minimize', dropna_idx=None, early_stopping_rounds=20, epochs=100, gpu_ids=[0, 1], logging_period=100, miss_cat_idx=None, miss_num_idx=None, model_name='LightGBM', n_trials=100, nominal_idx=[0, 1, 3, 4, 11], num_classes=1, num_features=18, num_idx=None, num_splits=5, objective='regression', one_hot_encode=True, optimize_hyperparameters=True, ordinal_encode=False, ordinal_idx=None, scale=True, seed=221, shuffle=True, target_encode=False, use_gpu=True, val_batch_size=256)
Start hyperparameter optimization
 Panda Version: 2.0.3
Loading dataset NYC_Taxi...
Dataset loaded! 

X b4 encoding : [2 'N' 1 92 171 1 0.5 0.5 0.0 0.3 6.36 1 1 0 52 1 0 54] 

(581835, 18)
Data Type of X: <class 'numpy.ndarray'>
Nominal Idx: [0, 1, 3, 4, 11]
Ordinal Idx: None
Cat Dims: None 
 

Normonal Idx: [0, 1, 3, 4, 11]
Cat Idx Part II: [0, 1, 3, 4, 11] 
ENDE 
 

No one Hot for this Baby!!! 

X after Nominal Encoding: [1 0 1 81 165 1 0.5 0.5 0.0 0.3 6.36 0 1 0 52 1 0 54] 
 

Scaling the data...
X after Scaling: [1 0 -0.14073508385505343 81 165 -0.347835457351962 0.33180809701690556
 0.1363588376955135 -0.1360802276790195 0.1332194141960181
 -0.8225372232599254 0 -1.5972114976072425 -2.0951684149246117
 1.2970141122325294 -1.5978649391480084 -2.0642839709505796
 1.4020844818462213] 
 

Using an existing study with name 'LightGBM_NYC_Taxi' instead of creating a new one.
Training until validation scores don't improve for 20 rounds
[100]	train's l2: 1.06203	eval's l2: 3.34378
Did not meet early stopping. Best iteration is:
[100]	train's l2: 1.06203	eval's l2: 3.34378
Saved Losses
{'MSE - mean': 3.3437813605730025, 'MSE - std': 0.0, 'R2 - mean': 0.5695337129843825, 'R2 - std': 0.0} 
 

Training until validation scores don't improve for 20 rounds
[100]	train's l2: 1.05355	eval's l2: 3.37853
Did not meet early stopping. Best iteration is:
[100]	train's l2: 1.05355	eval's l2: 3.37853
Saved Losses
{'MSE - mean': 3.361156486064246, 'MSE - std': 0.017375125491243315, 'R2 - mean': 0.5578662472248582, 'R2 - std': 0.011667465759524265} 
 

Training until validation scores don't improve for 20 rounds
[100]	train's l2: 1.06923	eval's l2: 3.11049
Did not meet early stopping. Best iteration is:
[100]	train's l2: 1.06923	eval's l2: 3.11049
Saved Losses
{'MSE - mean': 3.2776026277211012, 'MSE - std': 0.11901158688104091, 'R2 - mean': 0.5613740494853708, 'R2 - std': 0.010740694805155583} 
 

Training until validation scores don't improve for 20 rounds
[100]	train's l2: 1.10615	eval's l2: 2.79395
Did not meet early stopping. Best iteration is:
[100]	train's l2: 1.10615	eval's l2: 2.79395
Saved Losses
{'MSE - mean': 3.156690096510656, 'MSE - std': 0.2334145217635528, 'R2 - mean': 0.5685381697121059, 'R2 - std': 0.015507925378414309} 
 

Training until validation scores don't improve for 20 rounds
[100]	train's l2: 1.07934	eval's l2: 3.18479
Did not meet early stopping. Best iteration is:
[100]	train's l2: 1.07934	eval's l2: 3.18479
Saved Losses
{'MSE - mean': 3.1623103147569553, 'MSE - std': 0.20907467227914192, 'R2 - mean': 0.570868380557144, 'R2 - std': 0.014632707540414515} 
 

Saving model.....
Results After CV: {'MSE - mean': 3.1623103147569553, 'MSE - std': 0.20907467227914192, 'R2 - mean': 0.570868380557144, 'R2 - std': 0.014632707540414515}
Train time: 100.33000519279999
Inference time: 5.2735208589999845
Finished cross validation
Hyperparam was saved!!! Hurrah!!!
Trial 200 finished with value: 3.1623103147569553 and parameters: {'num_leaves': 2370, 'lambda_l1': 0.0343074320876473, 'lambda_l2': 0.000581339915043327, 'learning_rate': 0.051794328570140824}. Best is trial 175 with value: 3.0347291833074177.
Training until validation scores don't improve for 20 rounds
[100]	train's l2: 1.19691	eval's l2: 3.35289
Did not meet early stopping. Best iteration is:
[100]	train's l2: 1.19691	eval's l2: 3.35289
Saved Losses
{'MSE - mean': 3.35288828576388, 'MSE - std': 0.0, 'R2 - mean': 0.5683613204591802, 'R2 - std': 0.0} 
 

Training until validation scores don't improve for 20 rounds
[100]	train's l2: 1.1833	eval's l2: 3.42674
Did not meet early stopping. Best iteration is:
[100]	train's l2: 1.1833	eval's l2: 3.42674
Saved Losses
{'MSE - mean': 3.389812052742841, 'MSE - std': 0.036923766978960604, 'R2 - mean': 0.5540426787959656, 'R2 - std': 0.014318641663214615} 
 

Training until validation scores don't improve for 20 rounds
[100]	train's l2: 1.20677	eval's l2: 3.10916
Did not meet early stopping. Best iteration is:
[100]	train's l2: 1.20677	eval's l2: 3.10916
Saved Losses
{'MSE - mean': 3.296262961435698, 'MSE - std': 0.1356899947701694, 'R2 - mean': 0.5588865266399509, 'R2 - std': 0.013550205038709118} 
 

Training until validation scores don't improve for 20 rounds
[100]	train's l2: 1.23691	eval's l2: 2.79669
Did not meet early stopping. Best iteration is:
[100]	train's l2: 1.23691	eval's l2: 2.79669
Saved Losses
{'MSE - mean': 3.171368584114731, 'MSE - std': 0.24618011184846503, 'R2 - mean': 0.566572273031609, 'R2 - std': 0.017745932920924405} 
 

Training until validation scores don't improve for 20 rounds
[100]	train's l2: 1.20678	eval's l2: 3.21223
Did not meet early stopping. Best iteration is:
[100]	train's l2: 1.20678	eval's l2: 3.21223
Saved Losses
{'MSE - mean': 3.1795415930088433, 'MSE - std': 0.22079608301170367, 'R2 - mean': 0.5685721851755202, 'R2 - std': 0.016368662209252628} 
 

Saving model.....
Results After CV: {'MSE - mean': 3.1795415930088433, 'MSE - std': 0.22079608301170367, 'R2 - mean': 0.5685721851755202, 'R2 - std': 0.016368662209252628}
Train time: 89.81463099540001
Inference time: 4.891858874199988
Finished cross validation
Hyperparam was saved!!! Hurrah!!!
Trial 201 finished with value: 3.1795415930088433 and parameters: {'num_leaves': 2026, 'lambda_l1': 0.08100426620887531, 'lambda_l2': 6.198440368223582e-08, 'learning_rate': 0.04737770453361337}. Best is trial 175 with value: 3.0347291833074177.
Training until validation scores don't improve for 20 rounds
[100]	train's l2: 1.19228	eval's l2: 3.35045
Did not meet early stopping. Best iteration is:
[100]	train's l2: 1.19228	eval's l2: 3.35045
Saved Losses
{'MSE - mean': 3.350446092584855, 'MSE - std': 0.0, 'R2 - mean': 0.568675719553076, 'R2 - std': 0.0} 
 

Training until validation scores don't improve for 20 rounds
[100]	train's l2: 1.17064	eval's l2: 3.38019
Did not meet early stopping. Best iteration is:
[100]	train's l2: 1.17064	eval's l2: 3.38019
Saved Losses
{'MSE - mean': 3.365316115064342, 'MSE - std': 0.014870022479486877, 'R2 - mean': 0.5573261333145282, 'R2 - std': 0.01134958623854787} 
 

Training until validation scores don't improve for 20 rounds
[100]	train's l2: 1.20519	eval's l2: 3.09448
Did not meet early stopping. Best iteration is:
[100]	train's l2: 1.20519	eval's l2: 3.09448
Saved Losses
{'MSE - mean': 3.2750359555543755, 'MSE - std': 0.12825141759314138, 'R2 - mean': 0.5617549150788322, 'R2 - std': 0.011184973000525681} 
 

Training until validation scores don't improve for 20 rounds
[100]	train's l2: 1.23084	eval's l2: 2.77794
Did not meet early stopping. Best iteration is:
[100]	train's l2: 1.23084	eval's l2: 2.77794
Saved Losses
{'MSE - mean': 3.1507628022303957, 'MSE - std': 0.24221430489804632, 'R2 - mean': 0.5694110933044794, 'R2 - std': 0.016421903386498293} 
 

Training until validation scores don't improve for 20 rounds
[100]	train's l2: 1.20113	eval's l2: 3.21686
Did not meet early stopping. Best iteration is:
[100]	train's l2: 1.20113	eval's l2: 3.21686
Saved Losses
{'MSE - mean': 3.16398250060498, 'MSE - std': 0.21825044627275095, 'R2 - mean': 0.5707212400607334, 'R2 - std': 0.0149200893683677} 
 

Saving model.....
Results After CV: {'MSE - mean': 3.16398250060498, 'MSE - std': 0.21825044627275095, 'R2 - mean': 0.5707212400607334, 'R2 - std': 0.0149200893683677}
Train time: 92.84759659680003
Inference time: 5.045862312599911
Finished cross validation
Hyperparam was saved!!! Hurrah!!!
Trial 202 finished with value: 3.16398250060498 and parameters: {'num_leaves': 2260, 'lambda_l1': 0.11103590364162372, 'lambda_l2': 1.519213177775678e-07, 'learning_rate': 0.0463930246565195}. Best is trial 175 with value: 3.0347291833074177.
Training until validation scores don't improve for 20 rounds
[100]	train's l2: 1.39047	eval's l2: 3.35808
Did not meet early stopping. Best iteration is:
[100]	train's l2: 1.39047	eval's l2: 3.35808
Saved Losses
{'MSE - mean': 3.3580809336075195, 'MSE - std': 0.0, 'R2 - mean': 0.5676928378055632, 'R2 - std': 0.0} 
 

Training until validation scores don't improve for 20 rounds
[100]	train's l2: 1.37701	eval's l2: 3.42549
Did not meet early stopping. Best iteration is:
[100]	train's l2: 1.37701	eval's l2: 3.42549
Saved Losses
{'MSE - mean': 3.3917870729583437, 'MSE - std': 0.03370613935082423, 'R2 - mean': 0.5537918904041665, 'R2 - std': 0.013900947401396635} 
 

Training until validation scores don't improve for 20 rounds
[100]	train's l2: 1.396	eval's l2: 3.11299
Did not meet early stopping. Best iteration is:
[100]	train's l2: 1.396	eval's l2: 3.11299
Saved Losses
{'MSE - mean': 3.2988547244304285, 'MSE - std': 0.13427674913818635, 'R2 - mean': 0.5585424046726252, 'R2 - std': 0.01318935166718163} 
 

Training until validation scores don't improve for 20 rounds
[100]	train's l2: 1.43034	eval's l2: 2.82428
Did not meet early stopping. Best iteration is:
[100]	train's l2: 1.43034	eval's l2: 2.82428
Saved Losses
{'MSE - mean': 3.1802107140185436, 'MSE - std': 0.23611837632676097, 'R2 - mean': 0.5653019612235464, 'R2 - std': 0.01635677420354474} 
 

Training until validation scores don't improve for 20 rounds
[100]	train's l2: 1.40589	eval's l2: 3.2297
Did not meet early stopping. Best iteration is:
[100]	train's l2: 1.40589	eval's l2: 3.2297
Saved Losses
{'MSE - mean': 3.190109122983232, 'MSE - std': 0.21211653427179514, 'R2 - mean': 0.5670953887922142, 'R2 - std': 0.015063226070560997} 
 

Saving model.....
Results After CV: {'MSE - mean': 3.190109122983232, 'MSE - std': 0.21211653427179514, 'R2 - mean': 0.5670953887922142, 'R2 - std': 0.015063226070560997}
Train time: 65.23563578980001
Inference time: 4.065546011999959
Finished cross validation
Hyperparam was saved!!! Hurrah!!!
Trial 203 finished with value: 3.190109122983232 and parameters: {'num_leaves': 1496, 'lambda_l1': 0.18270509017956066, 'lambda_l2': 6.128354640206999e-08, 'learning_rate': 0.0426249552713619}. Best is trial 175 with value: 3.0347291833074177.
Training until validation scores don't improve for 20 rounds
[100]	train's l2: 1.9579	eval's l2: 3.44132
Did not meet early stopping. Best iteration is:
[100]	train's l2: 1.9579	eval's l2: 3.44132
Saved Losses
{'MSE - mean': 3.4413224171488106, 'MSE - std': 0.0, 'R2 - mean': 0.5569766310678264, 'R2 - std': 0.0} 
 

Training until validation scores don't improve for 20 rounds
[100]	train's l2: 1.93393	eval's l2: 3.48467
Did not meet early stopping. Best iteration is:
[100]	train's l2: 1.93393	eval's l2: 3.48467
Saved Losses
{'MSE - mean': 3.4629957601199672, 'MSE - std': 0.02167334297115686, 'R2 - mean': 0.544459561775295, 'R2 - std': 0.01251706929253138} 
 

Training until validation scores don't improve for 20 rounds
[100]	train's l2: 1.97488	eval's l2: 3.20779
Did not meet early stopping. Best iteration is:
[100]	train's l2: 1.97488	eval's l2: 3.20779
Saved Losses
{'MSE - mean': 3.3779279331916583, 'MSE - std': 0.12159862754285657, 'R2 - mean': 0.5479359516786103, 'R2 - std': 0.011341160550656466} 
 

Training until validation scores don't improve for 20 rounds
[100]	train's l2: 2.00126	eval's l2: 2.88143
Did not meet early stopping. Best iteration is:
[100]	train's l2: 2.00126	eval's l2: 2.88143
Saved Losses
{'MSE - mean': 3.253803215578233, 'MSE - std': 0.23939612827501477, 'R2 - mean': 0.5552506371127935, 'R2 - std': 0.016030605446457208} 
 

Training until validation scores don't improve for 20 rounds
[100]	train's l2: 1.98113	eval's l2: 3.35582
Did not meet early stopping. Best iteration is:
[100]	train's l2: 1.98113	eval's l2: 3.35582
Saved Losses
{'MSE - mean': 3.274207379895825, 'MSE - std': 0.21797643146095189, 'R2 - mean': 0.5557293346383226, 'R2 - std': 0.014370137579987799} 
 

Saving model.....
Results After CV: {'MSE - mean': 3.274207379895825, 'MSE - std': 0.21797643146095189, 'R2 - mean': 0.5557293346383226, 'R2 - std': 0.014370137579987799}
Train time: 20.313851131399996
Inference time: 1.8393767247999677
Finished cross validation
Hyperparam was saved!!! Hurrah!!!
