Trial 287 finished with value: 4.694835863475252 and parameters: {'num_leaves': 28, 'lambda_l1': 5.7192347364387157e-05, 'lambda_l2': 0.9609824481690421, 'learning_rate': 0.02205803761058771}. Best is trial 163 with value: 4.486410577271952.
Training until validation scores don't improve for 20 rounds
[100]	train's l2: 4.05989	eval's l2: 4.9198
Did not meet early stopping. Best iteration is:
[100]	train's l2: 4.05989	eval's l2: 4.9198
Saved Losses
{'MSE - mean': 4.9197997177135315, 'MSE - std': 0.0, 'R2 - mean': 0.5513305224506938, 'R2 - std': 0.0} 
 

Training until validation scores don't improve for 20 rounds
[100]	train's l2: 4.19384	eval's l2: 4.20945
Did not meet early stopping. Best iteration is:
[100]	train's l2: 4.19384	eval's l2: 4.20945
Saved Losses
{'MSE - mean': 4.564625793058154, 'MSE - std': 0.3551739246553773, 'R2 - mean': 0.551308708929418, 'R2 - std': 2.1813521275781955e-05} 
 

Training until validation scores don't improve for 20 rounds
[100]	train's l2: 4.05723	eval's l2: 4.90911
Did not meet early stopping. Best iteration is:
[100]	train's l2: 4.05723	eval's l2: 4.90911
Saved Losses
{'MSE - mean': 4.67945405474568, 'MSE - std': 0.33237038155411325, 'R2 - mean': 0.5398557836013881, 'R2 - std': 0.01619689212036267} 
 

Training until validation scores don't improve for 20 rounds
[100]	train's l2: 4.1126	eval's l2: 4.48903
Did not meet early stopping. Best iteration is:
[100]	train's l2: 4.1126	eval's l2: 4.48903
Saved Losses
{'MSE - mean': 4.631849024648011, 'MSE - std': 0.2994182185048533, 'R2 - mean': 0.5348993900759244, 'R2 - std': 0.016445424777328656} 
 

Training until validation scores don't improve for 20 rounds
[100]	train's l2: 3.94226	eval's l2: 5.67177
Did not meet early stopping. Best iteration is:
[100]	train's l2: 3.94226	eval's l2: 5.67177
Saved Losses
{'MSE - mean': 4.83983228697752, 'MSE - std': 0.4947213006279371, 'R2 - mean': 0.5341088707863781, 'R2 - std': 0.014793960925796691} 
 

Saving model.....
Results After CV: {'MSE - mean': 4.83983228697752, 'MSE - std': 0.4947213006279371, 'R2 - mean': 0.5341088707863781, 'R2 - std': 0.014793960925796691}
Train time: 0.475312389599992
Inference time: 0.0011956665999946381
Finished cross validation
Hyperparam was saved!!! Hurrah!!!
Trial 288 finished with value: 4.83983228697752 and parameters: {'num_leaves': 22, 'lambda_l1': 1.623451413934701e-05, 'lambda_l2': 0.0007207449094900385, 'learning_rate': 0.01850054573363259}. Best is trial 163 with value: 4.486410577271952.
Training until validation scores don't improve for 20 rounds
[100]	train's l2: 3.35661	eval's l2: 4.6471
Did not meet early stopping. Best iteration is:
[100]	train's l2: 3.35661	eval's l2: 4.6471
Saved Losses
{'MSE - mean': 4.6470988305587735, 'MSE - std': 0.0, 'R2 - mean': 0.5761999422619175, 'R2 - std': 0.0} 
 

Training until validation scores don't improve for 20 rounds
[100]	train's l2: 3.45634	eval's l2: 4.1113
Did not meet early stopping. Best iteration is:
[100]	train's l2: 3.45634	eval's l2: 4.1113
Saved Losses
{'MSE - mean': 4.379197039349844, 'MSE - std': 0.26790179120892965, 'R2 - mean': 0.5689749980513823, 'R2 - std': 0.007224944210535156} 
 

Training until validation scores don't improve for 20 rounds
[100]	train's l2: 3.35304	eval's l2: 4.63117
Did not meet early stopping. Best iteration is:
[100]	train's l2: 3.35304	eval's l2: 4.63117
Saved Losses
{'MSE - mean': 4.463189166911163, 'MSE - std': 0.24891149994832004, 'R2 - mean': 0.5607495273592182, 'R2 - std': 0.013042876041944535} 
 

Training until validation scores don't improve for 20 rounds
[100]	train's l2: 3.37622	eval's l2: 4.3282
Did not meet early stopping. Best iteration is:
[100]	train's l2: 3.37622	eval's l2: 4.3282
Saved Losses
{'MSE - mean': 4.4294418149938934, 'MSE - std': 0.22334805212756179, 'R2 - mean': 0.5548688158372177, 'R2 - std': 0.015209726019857032} 
 

Training until validation scores don't improve for 20 rounds
[100]	train's l2: 3.27171	eval's l2: 5.29689
Did not meet early stopping. Best iteration is:
[100]	train's l2: 3.27171	eval's l2: 5.29689
Saved Losses
{'MSE - mean': 4.602931391348572, 'MSE - std': 0.40037733992603103, 'R2 - mean': 0.5562848308516332, 'R2 - std': 0.013895647036518036} 
 

Saving model.....
Results After CV: {'MSE - mean': 4.602931391348572, 'MSE - std': 0.40037733992603103, 'R2 - mean': 0.5562848308516332, 'R2 - std': 0.013895647036518036}
Train time: 0.6294565491999947
Inference time: 0.018222750000018096
Finished cross validation
Hyperparam was saved!!! Hurrah!!!
Trial 289 finished with value: 4.602931391348572 and parameters: {'num_leaves': 34, 'lambda_l1': 3.6809361111862105e-05, 'lambda_l2': 4.808056700953191, 'learning_rate': 0.029204420842476014}. Best is trial 163 with value: 4.486410577271952.
Training until validation scores don't improve for 20 rounds
[100]	train's l2: 4.17948	eval's l2: 4.96284
Did not meet early stopping. Best iteration is:
[100]	train's l2: 4.17948	eval's l2: 4.96284
Saved Losses
{'MSE - mean': 4.962840116986235, 'MSE - std': 0.0, 'R2 - mean': 0.5474053802572689, 'R2 - std': 0.0} 
 

Training until validation scores don't improve for 20 rounds
[100]	train's l2: 4.31708	eval's l2: 4.21856
Did not meet early stopping. Best iteration is:
[100]	train's l2: 4.31708	eval's l2: 4.21856
Saved Losses
{'MSE - mean': 4.590700087380069, 'MSE - std': 0.3721400296061659, 'R2 - mean': 0.5488606869880711, 'R2 - std': 0.001455306730802186} 
 

Training until validation scores don't improve for 20 rounds
[100]	train's l2: 4.17511	eval's l2: 4.95407
Did not meet early stopping. Best iteration is:
[100]	train's l2: 4.17511	eval's l2: 4.95407
Saved Losses
{'MSE - mean': 4.711823851034766, 'MSE - std': 0.3488085434742239, 'R2 - mean': 0.536749074307166, 'R2 - std': 0.017169573919727874} 
 

Training until validation scores don't improve for 20 rounds
[100]	train's l2: 4.2471	eval's l2: 4.50816
Did not meet early stopping. Best iteration is:
[100]	train's l2: 4.2471	eval's l2: 4.50816
Saved Losses
{'MSE - mean': 4.6609076773011395, 'MSE - std': 0.31468701950267264, 'R2 - mean': 0.5320581384971761, 'R2 - std': 0.016944330549156835} 
 

Training until validation scores don't improve for 20 rounds
[100]	train's l2: 4.04415	eval's l2: 5.69013
Did not meet early stopping. Best iteration is:
[100]	train's l2: 4.04415	eval's l2: 5.69013
Saved Losses
{'MSE - mean': 4.866752950137491, 'MSE - std': 0.49870977691546176, 'R2 - mean': 0.5315320522970254, 'R2 - std': 0.015191949742124199} 
 

Saving model.....
Results After CV: {'MSE - mean': 4.866752950137491, 'MSE - std': 0.49870977691546176, 'R2 - mean': 0.5315320522970254, 'R2 - std': 0.015191949742124199}
Train time: 0.4052227878000167
Inference time: 0.0012129950000030476
Finished cross validation
Hyperparam was saved!!! Hurrah!!!
Trial 290 finished with value: 4.866752950137491 and parameters: {'num_leaves': 17, 'lambda_l1': 9.135293892782033e-06, 'lambda_l2': 0.006271349648537824, 'learning_rate': 0.019571042102726935}. Best is trial 163 with value: 4.486410577271952.
Training until validation scores don't improve for 20 rounds
[100]	train's l2: 3.61762	eval's l2: 4.71409
Did not meet early stopping. Best iteration is:
[100]	train's l2: 3.61762	eval's l2: 4.71409
Saved Losses
{'MSE - mean': 4.714091859403967, 'MSE - std': 0.0, 'R2 - mean': 0.5700903993991873, 'R2 - std': 0.0} 
 

Training until validation scores don't improve for 20 rounds
[100]	train's l2: 3.72609	eval's l2: 4.09333
Did not meet early stopping. Best iteration is:
[100]	train's l2: 3.72609	eval's l2: 4.09333
Saved Losses
{'MSE - mean': 4.403712991296684, 'MSE - std': 0.31037886810728255, 'R2 - mean': 0.5668775237207931, 'R2 - std': 0.0032128756783941226} 
 

Training until validation scores don't improve for 20 rounds
[100]	train's l2: 3.59313	eval's l2: 4.69765
Did not meet early stopping. Best iteration is:
[100]	train's l2: 3.59313	eval's l2: 4.69765
Saved Losses
{'MSE - mean': 4.501692580209304, 'MSE - std': 0.28883102476247857, 'R2 - mean': 0.5571707506696751, 'R2 - std': 0.01397585773927193} 
 

Training until validation scores don't improve for 20 rounds
[100]	train's l2: 3.63591	eval's l2: 4.36559
Did not meet early stopping. Best iteration is:
[100]	train's l2: 3.63591	eval's l2: 4.36559
Saved Losses
{'MSE - mean': 4.467667647217572, 'MSE - std': 0.2569836742757857, 'R2 - mean': 0.551185211298391, 'R2 - std': 0.015936545872831137} 
 

Training until validation scores don't improve for 20 rounds
[100]	train's l2: 3.50187	eval's l2: 5.3964
Did not meet early stopping. Best iteration is:
[100]	train's l2: 3.50187	eval's l2: 5.3964
Saved Losses
{'MSE - mean': 4.653413362338673, 'MSE - std': 0.43685051198187397, 'R2 - mean': 0.5516921155496911, 'R2 - std': 0.014290087584246134} 
 

Saving model.....
Results After CV: {'MSE - mean': 4.653413362338673, 'MSE - std': 0.43685051198187397, 'R2 - mean': 0.5516921155496911, 'R2 - std': 0.014290087584246134}
Train time: 0.5770790187999978
Inference time: 0.012519908199999463
Finished cross validation
Hyperparam was saved!!! Hurrah!!!
Trial 291 finished with value: 4.653413362338673 and parameters: {'num_leaves': 26, 'lambda_l1': 0.002542407386594589, 'lambda_l2': 0.0003359869286533545, 'learning_rate': 0.024672278661498067}. Best is trial 163 with value: 4.486410577271952.
Training until validation scores don't improve for 20 rounds
[100]	train's l2: 3.69135	eval's l2: 4.94751
Did not meet early stopping. Best iteration is:
[100]	train's l2: 3.69135	eval's l2: 4.94751
Saved Losses
{'MSE - mean': 4.947510311236373, 'MSE - std': 0.0, 'R2 - mean': 0.5488034078867187, 'R2 - std': 0.0} 
 

Training until validation scores don't improve for 20 rounds
[100]	train's l2: 3.80625	eval's l2: 4.29799
Did not meet early stopping. Best iteration is:
[100]	train's l2: 3.80625	eval's l2: 4.29799
Saved Losses
{'MSE - mean': 4.622749004973114, 'MSE - std': 0.3247613062632593, 'R2 - mean': 0.5453263440061187, 'R2 - std': 0.00347706388060004} 
 

Training until validation scores don't improve for 20 rounds
[100]	train's l2: 3.67913	eval's l2: 4.87526
Did not meet early stopping. Best iteration is:
[100]	train's l2: 3.67913	eval's l2: 4.87526
Saved Losses
{'MSE - mean': 4.7069195973386835, 'MSE - std': 0.29065898908438037, 'R2 - mean': 0.5369777988878895, 'R2 - std': 0.01214316241081351} 
 

Training until validation scores don't improve for 20 rounds
[100]	train's l2: 3.75031	eval's l2: 4.4439
Did not meet early stopping. Best iteration is:
[100]	train's l2: 3.75031	eval's l2: 4.4439
Saved Losses
{'MSE - mean': 4.641164343472805, 'MSE - std': 0.27628471941923194, 'R2 - mean': 0.5339473752493258, 'R2 - std': 0.011753412155159173} 
 

Training until validation scores don't improve for 20 rounds
[100]	train's l2: 3.58976	eval's l2: 5.58848
Did not meet early stopping. Best iteration is:
[100]	train's l2: 3.58976	eval's l2: 5.58848
Saved Losses
{'MSE - mean': 4.8306278608085895, 'MSE - std': 0.45238511751895627, 'R2 - mean': 0.5347247612148834, 'R2 - std': 0.010626922112682404} 
 

Saving model.....
Results After CV: {'MSE - mean': 4.8306278608085895, 'MSE - std': 0.45238511751895627, 'R2 - mean': 0.5347247612148834, 'R2 - std': 0.010626922112682404}
Train time: 0.8409892939999963
Inference time: 0.012605362200008585
Finished cross validation
Hyperparam was saved!!! Hurrah!!!
Trial 292 finished with value: 4.8306278608085895 and parameters: {'num_leaves': 51, 'lambda_l1': 1.0159600316728697e-06, 'lambda_l2': 0.0013740225591240146, 'learning_rate': 0.01620005058065094}. Best is trial 163 with value: 4.486410577271952.
Training until validation scores don't improve for 20 rounds
[100]	train's l2: 3.59475	eval's l2: 4.75844
Did not meet early stopping. Best iteration is:
[100]	train's l2: 3.59475	eval's l2: 4.75844
Saved Losses
{'MSE - mean': 4.758438500541971, 'MSE - std': 0.0, 'R2 - mean': 0.5660461322639183, 'R2 - std': 0.0} 
 

Training until validation scores don't improve for 20 rounds
[100]	train's l2: 3.71579	eval's l2: 4.14875
Did not meet early stopping. Best iteration is:
[100]	train's l2: 3.71579	eval's l2: 4.14875
Saved Losses
{'MSE - mean': 4.453595927497405, 'MSE - std': 0.3048425730445663, 'R2 - mean': 0.5619016403430027, 'R2 - std': 0.004144491920915594} 
 

Training until validation scores don't improve for 20 rounds
[100]	train's l2: 3.58119	eval's l2: 4.73616
Did not meet early stopping. Best iteration is:
[100]	train's l2: 3.58119	eval's l2: 4.73616
Saved Losses
{'MSE - mean': 4.5477825036335995, 'MSE - std': 0.28230282524647105, 'R2 - mean': 0.5525905840029532, 'R2 - std': 0.01359568862508163} 
 

Training until validation scores don't improve for 20 rounds
[100]	train's l2: 3.62243	eval's l2: 4.39382
Did not meet early stopping. Best iteration is:
[100]	train's l2: 3.62243	eval's l2: 4.39382
Saved Losses
{'MSE - mean': 4.509292438966251, 'MSE - std': 0.25340800912933803, 'R2 - mean': 0.5469955109359962, 'R2 - std': 0.015249478344074438} 
 

Training until validation scores don't improve for 20 rounds
[100]	train's l2: 3.4881	eval's l2: 5.43812
Did not meet early stopping. Best iteration is:
[100]	train's l2: 3.4881	eval's l2: 5.43812
Saved Losses
{'MSE - mean': 4.695057284936301, 'MSE - std': 0.4352089236973667, 'R2 - mean': 0.5476503017119233, 'R2 - std': 0.013702272645589611} 
 

Saving model.....
Results After CV: {'MSE - mean': 4.695057284936301, 'MSE - std': 0.4352089236973667, 'R2 - mean': 0.5476503017119233, 'R2 - std': 0.013702272645589611}
Train time: 0.6093904900000098
Inference time: 0.0012938486000052762
Finished cross validation
Hyperparam was saved!!! Hurrah!!!
Trial 293 finished with value: 4.695057284936301 and parameters: {'num_leaves': 32, 'lambda_l1': 3.1733750138746754e-07, 'lambda_l2': 0.0031124455354385977, 'learning_rate': 0.021744542084869433}. Best is trial 163 with value: 4.486410577271952.
Training until validation scores don't improve for 20 rounds
[100]	train's l2: 2.43888	eval's l2: 4.60357
Did not meet early stopping. Best iteration is:
[100]	train's l2: 2.43888	eval's l2: 4.60357
Saved Losses
{'MSE - mean': 4.603573420652147, 'MSE - std': 0.0, 'R2 - mean': 0.5801693158225146, 'R2 - std': 0.0} 
 

Training until validation scores don't improve for 20 rounds
[100]	train's l2: 2.49132	eval's l2: 4.15225
Did not meet early stopping. Best iteration is:
[100]	train's l2: 2.49132	eval's l2: 4.15225
Saved Losses
{'MSE - mean': 4.3779116305461665, 'MSE - std': 0.2256617901059803, 'R2 - mean': 0.5687768754265132, 'R2 - std': 0.011392440396001347} 
 

Training until validation scores don't improve for 20 rounds
[100]	train's l2: 2.42284	eval's l2: 4.71572
Did not meet early stopping. Best iteration is:
[100]	train's l2: 2.42284	eval's l2: 4.71572
Saved Losses
{'MSE - mean': 4.490514188643412, 'MSE - std': 0.24353131459693425, 'R2 - mean': 0.557844377473519, 'R2 - std': 0.01804339644030683} 
 

Training until validation scores don't improve for 20 rounds
[100]	train's l2: 2.42924	eval's l2: 4.30072
Did not meet early stopping. Best iteration is:
[100]	train's l2: 2.42924	eval's l2: 4.30072
Saved Losses
{'MSE - mean': 4.443064444375948, 'MSE - std': 0.22635163040085768, 'R2 - mean': 0.553424618875431, 'R2 - std': 0.01740045730786044} 
 

Training until validation scores don't improve for 20 rounds
[100]	train's l2: 2.36054	eval's l2: 5.18006
Did not meet early stopping. Best iteration is:
[100]	train's l2: 2.36054	eval's l2: 5.18006
Saved Losses
{'MSE - mean': 4.590463897220485, 'MSE - std': 0.35762332595005064, 'R2 - mean': 0.5570618008449751, 'R2 - std': 0.017179554777014633} 
 

Saving model.....
Results After CV: {'MSE - mean': 4.590463897220485, 'MSE - std': 0.35762332595005064, 'R2 - mean': 0.5570618008449751, 'R2 - std': 0.017179554777014633}
Train time: 1.2613005221999969
Inference time: 0.024220017400011784
Finished cross validation
Hyperparam was saved!!! Hurrah!!!
Trial 294 finished with value: 4.590463897220485 and parameters: {'num_leaves': 85, 'lambda_l1': 0.00016912082389668122, 'lambda_l2': 0.015874125326852315, 'learning_rate': 0.03220700302319399}. Best is trial 163 with value: 4.486410577271952.
Training until validation scores don't improve for 20 rounds
Early stopping, best iteration is:
[37]	train's l2: 3.05519	eval's l2: 4.52553
Saved Losses
{'MSE - mean': 4.525526320289254, 'MSE - std': 0.0, 'R2 - mean': 0.5872869534812142, 'R2 - std': 0.0} 
 

Training until validation scores don't improve for 20 rounds
Early stopping, best iteration is:
[22]	train's l2: 3.54079	eval's l2: 4.02756
Saved Losses
{'MSE - mean': 4.2765447411765, 'MSE - std': 0.24898157911275387, 'R2 - mean': 0.5789812799882363, 'R2 - std': 0.008305673492977839} 
 

Training until validation scores don't improve for 20 rounds
Early stopping, best iteration is:
[56]	train's l2: 2.70429	eval's l2: 4.5552
Saved Losses
{'MSE - mean': 4.369428712635317, 'MSE - std': 0.24203873408935675, 'R2 - mean': 0.5699123868360679, 'R2 - std': 0.014507898565684787} 
 

Training until validation scores don't improve for 20 rounds
Early stopping, best iteration is:
[31]	train's l2: 3.20837	eval's l2: 4.34192
Saved Losses
{'MSE - mean': 4.362552775512693, 'MSE - std': 0.20994974906778666, 'R2 - mean': 0.5613740839733202, 'R2 - std': 0.019405339160194098} 
 

Training until validation scores don't improve for 20 rounds
Early stopping, best iteration is:
[25]	train's l2: 3.24137	eval's l2: 5.22218
Saved Losses
{'MSE - mean': 4.534477541895455, 'MSE - std': 0.39178516930834634, 'R2 - mean': 0.5627247951504077, 'R2 - std': 0.01756563215695261} 
 

Saving model.....
Results After CV: {'MSE - mean': 4.534477541895455, 'MSE - std': 0.39178516930834634, 'R2 - mean': 0.5627247951504077, 'R2 - std': 0.01756563215695261}
Train time: 0.24057160759997487
Inference time: 0.006649414599985448
Finished cross validation
Hyperparam was saved!!! Hurrah!!!
Trial 295 finished with value: 4.534477541895455 and parameters: {'num_leaves': 23, 'lambda_l1': 4.71953251557114e-06, 'lambda_l2': 5.775237951078961e-06, 'learning_rate': 0.14690711911331372}. Best is trial 163 with value: 4.486410577271952.
Training until validation scores don't improve for 20 rounds
[100]	train's l2: 3.47722	eval's l2: 4.57502
Did not meet early stopping. Best iteration is:
[100]	train's l2: 3.47722	eval's l2: 4.57502
Saved Losses
{'MSE - mean': 4.575022420889744, 'MSE - std': 0.0, 'R2 - mean': 0.5827730726585472, 'R2 - std': 0.0} 
 

Training until validation scores don't improve for 20 rounds
[100]	train's l2: 3.56346	eval's l2: 4.03373
Did not meet early stopping. Best iteration is:
[100]	train's l2: 3.56346	eval's l2: 4.03373
Saved Losses
{'MSE - mean': 4.304373721472608, 'MSE - std': 0.27064869941713576, 'R2 - mean': 0.5763959230260803, 'R2 - std': 0.0063771496324668275} 
 

Training until validation scores don't improve for 20 rounds
[100]	train's l2: 3.4648	eval's l2: 4.68019
Did not meet early stopping. Best iteration is:
[100]	train's l2: 3.4648	eval's l2: 4.68019
Saved Losses
{'MSE - mean': 4.429646882123066, 'MSE - std': 0.2832323108148195, 'R2 - mean': 0.5640889831944649, 'R2 - std': 0.018166825837074272} 
 

Training until validation scores don't improve for 20 rounds
[100]	train's l2: 3.50326	eval's l2: 4.26725
Did not meet early stopping. Best iteration is:
[100]	train's l2: 3.50326	eval's l2: 4.26725
Saved Losses
{'MSE - mean': 4.389047042600848, 'MSE - std': 0.25516748876927187, 'R2 - mean': 0.5590026687078375, 'R2 - std': 0.018031554450922072} 
 

Training until validation scores don't improve for 20 rounds
[100]	train's l2: 3.35834	eval's l2: 5.27345
Did not meet early stopping. Best iteration is:
[100]	train's l2: 3.35834	eval's l2: 5.27345
Saved Losses
{'MSE - mean': 4.565927390811714, 'MSE - std': 0.4209928600257283, 'R2 - mean': 0.5599796243739499, 'R2 - std': 0.016245840520805625} 
 

Saving model.....
Results After CV: {'MSE - mean': 4.565927390811714, 'MSE - std': 0.4209928600257283, 'R2 - mean': 0.5599796243739499, 'R2 - std': 0.016245840520805625}
Train time: 0.41866519940000446
Inference time: 0.012587258600012774
Finished cross validation
Hyperparam was saved!!! Hurrah!!!
