Trial 224 finished with value: 4.682717434244897 and parameters: {'num_leaves': 27, 'lambda_l1': 1.7973578207778375e-05, 'lambda_l2': 1.1703782814256392, 'learning_rate': 0.023156431989325123}. Best is trial 163 with value: 4.486410577271952.
Training until validation scores don't improve for 20 rounds
[100]	train's l2: 4.14145	eval's l2: 4.93825
Did not meet early stopping. Best iteration is:
[100]	train's l2: 4.14145	eval's l2: 4.93825
Saved Losses
{'MSE - mean': 4.938248178739298, 'MSE - std': 0.0, 'R2 - mean': 0.5496480837651885, 'R2 - std': 0.0} 
 

Training until validation scores don't improve for 20 rounds
[100]	train's l2: 4.26831	eval's l2: 4.20392
Did not meet early stopping. Best iteration is:
[100]	train's l2: 4.26831	eval's l2: 4.20392
Saved Losses
{'MSE - mean': 4.5710825692361565, 'MSE - std': 0.36716560950314125, 'R2 - mean': 0.5507624907091967, 'R2 - std': 0.0011144069440082172} 
 

Training until validation scores don't improve for 20 rounds
[100]	train's l2: 4.14247	eval's l2: 4.91474
Did not meet early stopping. Best iteration is:
[100]	train's l2: 4.14247	eval's l2: 4.91474
Saved Losses
{'MSE - mean': 4.685635673098956, 'MSE - std': 0.3407617208701871, 'R2 - mean': 0.5393069338450179, 'R2 - std': 0.016226136365796968} 
 

Training until validation scores don't improve for 20 rounds
[100]	train's l2: 4.19826	eval's l2: 4.49076
Did not meet early stopping. Best iteration is:
[100]	train's l2: 4.19826	eval's l2: 4.49076
Saved Losses
{'MSE - mean': 4.636916331045762, 'MSE - std': 0.3069358820309168, 'R2 - mean': 0.5344416601151796, 'R2 - std': 0.01638530718112557} 
 

Training until validation scores don't improve for 20 rounds
[100]	train's l2: 4.01297	eval's l2: 5.6849
Did not meet early stopping. Best iteration is:
[100]	train's l2: 4.01297	eval's l2: 5.6849
Saved Losses
{'MSE - mean': 4.846512279454366, 'MSE - std': 0.5010883703496685, 'R2 - mean': 0.5335255052586133, 'R2 - std': 0.014769563027412705} 
 

Saving model.....
Results After CV: {'MSE - mean': 4.846512279454366, 'MSE - std': 0.5010883703496685, 'R2 - mean': 0.5335255052586133, 'R2 - std': 0.014769563027412705}
Train time: 0.43267521559999694
Inference time: 0.006775365400000055
Finished cross validation
Hyperparam was saved!!! Hurrah!!!
Trial 225 finished with value: 4.846512279454366 and parameters: {'num_leaves': 18, 'lambda_l1': 3.761120393184345e-05, 'lambda_l2': 0.0010066428618165134, 'learning_rate': 0.01955329470135251}. Best is trial 163 with value: 4.486410577271952.
Training until validation scores don't improve for 20 rounds
[100]	train's l2: 3.90536	eval's l2: 4.75945
Did not meet early stopping. Best iteration is:
[100]	train's l2: 3.90536	eval's l2: 4.75945
Saved Losses
{'MSE - mean': 4.759446439430407, 'MSE - std': 0.0, 'R2 - mean': 0.5659542115678687, 'R2 - std': 0.0} 
 

Training until validation scores don't improve for 20 rounds
[100]	train's l2: 4.00894	eval's l2: 4.06327
Did not meet early stopping. Best iteration is:
[100]	train's l2: 4.00894	eval's l2: 4.06327
Saved Losses
{'MSE - mean': 4.4113563652083885, 'MSE - std': 0.34809007422201876, 'R2 - mean': 0.5664119936017938, 'R2 - std': 0.00045778203392510264} 
 

Training until validation scores don't improve for 20 rounds
[100]	train's l2: 3.89915	eval's l2: 4.74988
Did not meet early stopping. Best iteration is:
[100]	train's l2: 3.89915	eval's l2: 4.74988
Saved Losses
{'MSE - mean': 4.524197817591186, 'MSE - std': 0.3259512027890755, 'R2 - mean': 0.5551473099732352, 'R2 - std': 0.01593505268572265} 
 

Training until validation scores don't improve for 20 rounds
[100]	train's l2: 3.95987	eval's l2: 4.34257
Did not meet early stopping. Best iteration is:
[100]	train's l2: 3.95987	eval's l2: 4.34257
Saved Losses
{'MSE - mean': 4.4787904110108325, 'MSE - std': 0.29303350946059786, 'R2 - mean': 0.5502830827833911, 'R2 - std': 0.01616869031603434} 
 

Training until validation scores don't improve for 20 rounds
[100]	train's l2: 3.77567	eval's l2: 5.4279
Did not meet early stopping. Best iteration is:
[100]	train's l2: 3.77567	eval's l2: 5.4279
Saved Losses
{'MSE - mean': 4.668612519673047, 'MSE - std': 0.46132921203985633, 'R2 - mean': 0.5504493264638695, 'R2 - std': 0.014465537842536454} 
 

Saving model.....
Results After CV: {'MSE - mean': 4.668612519673047, 'MSE - std': 0.46132921203985633, 'R2 - mean': 0.5504493264638695, 'R2 - std': 0.014465537842536454}
Train time: 0.3790467212000038
Inference time: 0.01249639800000466
Finished cross validation
Hyperparam was saved!!! Hurrah!!!
Trial 226 finished with value: 4.668612519673047 and parameters: {'num_leaves': 13, 'lambda_l1': 9.265870549685793e-05, 'lambda_l2': 0.008495905962159005, 'learning_rate': 0.032520151834179285}. Best is trial 163 with value: 4.486410577271952.
Training until validation scores don't improve for 20 rounds
Early stopping, best iteration is:
[26]	train's l2: 2.92479	eval's l2: 4.55051
Saved Losses
{'MSE - mean': 4.550511102233513, 'MSE - std': 0.0, 'R2 - mean': 0.5850084239261892, 'R2 - std': 0.0} 
 

Training until validation scores don't improve for 20 rounds
Early stopping, best iteration is:
[14]	train's l2: 3.62244	eval's l2: 4.14883
Saved Losses
{'MSE - mean': 4.349672819216544, 'MSE - std': 0.20083828301696904, 'R2 - mean': 0.5713784593265161, 'R2 - std': 0.013629964599673194} 
 

Training until validation scores don't improve for 20 rounds
Early stopping, best iteration is:
[43]	train's l2: 2.49557	eval's l2: 4.61004
Saved Losses
{'MSE - mean': 4.43646144623117, 'MSE - std': 0.20482970693148267, 'R2 - mean': 0.5630450445458557, 'R2 - std': 0.016209325314109194} 
 

Training until validation scores don't improve for 20 rounds
Early stopping, best iteration is:
[18]	train's l2: 3.27122	eval's l2: 4.32793
Saved Losses
{'MSE - mean': 4.409328661858616, 'MSE - std': 0.1835074129147111, 'R2 - mean': 0.5565976561733383, 'R2 - std': 0.01793775685062603} 
 

Training until validation scores don't improve for 20 rounds
Early stopping, best iteration is:
[23]	train's l2: 2.94538	eval's l2: 5.28225
Saved Losses
{'MSE - mean': 4.583913517556934, 'MSE - std': 0.3858230991432855, 'R2 - mean': 0.5579099941493804, 'R2 - std': 0.0162572882277209} 
 

Saving model.....
Results After CV: {'MSE - mean': 4.583913517556934, 'MSE - std': 0.3858230991432855, 'R2 - mean': 0.5579099941493804, 'R2 - std': 0.0162572882277209}
Train time: 0.25814891799999773
Inference time: 0.00622016359999975
Finished cross validation
Hyperparam was saved!!! Hurrah!!!
Trial 227 finished with value: 4.583913517556934 and parameters: {'num_leaves': 31, 'lambda_l1': 0.0003201699351424892, 'lambda_l2': 2.8056460488015817, 'learning_rate': 0.18223769736610448}. Best is trial 163 with value: 4.486410577271952.
Training until validation scores don't improve for 20 rounds
[100]	train's l2: 3.99846	eval's l2: 4.86572
Did not meet early stopping. Best iteration is:
[100]	train's l2: 3.99846	eval's l2: 4.86572
Saved Losses
{'MSE - mean': 4.8657246677677675, 'MSE - std': 0.0, 'R2 - mean': 0.5562619883232303, 'R2 - std': 0.0} 
 

Training until validation scores don't improve for 20 rounds
[100]	train's l2: 4.11358	eval's l2: 4.18282
Did not meet early stopping. Best iteration is:
[100]	train's l2: 4.11358	eval's l2: 4.18282
Saved Losses
{'MSE - mean': 4.524271119815216, 'MSE - std': 0.3414535479525509, 'R2 - mean': 0.5551940041106951, 'R2 - std': 0.0010679842125351224} 
 

Training until validation scores don't improve for 20 rounds
[100]	train's l2: 3.99252	eval's l2: 4.80816
Did not meet early stopping. Best iteration is:
[100]	train's l2: 3.99252	eval's l2: 4.80816
Saved Losses
{'MSE - mean': 4.618899897553117, 'MSE - std': 0.3092510761370573, 'R2 - mean': 0.545757198926287, 'R2 - std': 0.013374115959410411} 
 

Training until validation scores don't improve for 20 rounds
[100]	train's l2: 4.02556	eval's l2: 4.43641
Did not meet early stopping. Best iteration is:
[100]	train's l2: 4.02556	eval's l2: 4.43641
Saved Losses
{'MSE - mean': 4.57327794027517, 'MSE - std': 0.27923334332876243, 'R2 - mean': 0.5407320407337524, 'R2 - std': 0.014488163370552292} 
 

Training until validation scores don't improve for 20 rounds
[100]	train's l2: 3.88218	eval's l2: 5.59807
Did not meet early stopping. Best iteration is:
[100]	train's l2: 3.88218	eval's l2: 5.59807
Saved Losses
{'MSE - mean': 4.778236310611403, 'MSE - std': 0.48000910648109985, 'R2 - mean': 0.5399939109723246, 'R2 - std': 0.01304242479220302} 
 

Saving model.....
Results After CV: {'MSE - mean': 4.778236310611403, 'MSE - std': 0.48000910648109985, 'R2 - mean': 0.5399939109723246, 'R2 - std': 0.01304242479220302}
Train time: 0.49229494440000393
Inference time: 0.012458248999999455
Finished cross validation
Hyperparam was saved!!! Hurrah!!!
Trial 228 finished with value: 4.778236310611403 and parameters: {'num_leaves': 23, 'lambda_l1': 1.0213045095573965e-08, 'lambda_l2': 6.377131087304059, 'learning_rate': 0.021612574865689526}. Best is trial 163 with value: 4.486410577271952.
Training until validation scores don't improve for 20 rounds
[100]	train's l2: 3.56931	eval's l2: 4.71025
Did not meet early stopping. Best iteration is:
[100]	train's l2: 3.56931	eval's l2: 4.71025
Saved Losses
{'MSE - mean': 4.710249573045918, 'MSE - std': 0.0, 'R2 - mean': 0.570440803218809, 'R2 - std': 0.0} 
 

Training until validation scores don't improve for 20 rounds
[100]	train's l2: 3.67294	eval's l2: 4.09015
Did not meet early stopping. Best iteration is:
[100]	train's l2: 3.67294	eval's l2: 4.09015
Saved Losses
{'MSE - mean': 4.4002004708629, 'MSE - std': 0.31004910218301873, 'R2 - mean': 0.5672223609776478, 'R2 - std': 0.00321844224116119} 
 

Training until validation scores don't improve for 20 rounds
[100]	train's l2: 3.54799	eval's l2: 4.70756
Did not meet early stopping. Best iteration is:
[100]	train's l2: 3.54799	eval's l2: 4.70756
Saved Losses
{'MSE - mean': 4.5026525430151665, 'MSE - std': 0.2916844493962337, 'R2 - mean': 0.5570757648073418, 'R2 - std': 0.014588091307398552} 
 

Training until validation scores don't improve for 20 rounds
[100]	train's l2: 3.59284	eval's l2: 4.33795
Did not meet early stopping. Best iteration is:
[100]	train's l2: 3.59284	eval's l2: 4.33795
Saved Losses
{'MSE - mean': 4.461476057146712, 'MSE - std': 0.26248118500211254, 'R2 - mean': 0.55185295964328, 'R2 - std': 0.015538416500403213} 
 

Training until validation scores don't improve for 20 rounds
[100]	train's l2: 3.45835	eval's l2: 5.39888
Did not meet early stopping. Best iteration is:
[100]	train's l2: 3.45835	eval's l2: 5.39888
Saved Losses
{'MSE - mean': 4.648957595245353, 'MSE - std': 0.44239620985652645, 'R2 - mean': 0.5521851707218752, 'R2 - std': 0.013913855205332845} 
 

Saving model.....
Results After CV: {'MSE - mean': 4.648957595245353, 'MSE - std': 0.44239620985652645, 'R2 - mean': 0.5521851707218752, 'R2 - std': 0.013913855205332845}
Train time: 0.554604549800007
Inference time: 0.01246049840000012
Finished cross validation
Hyperparam was saved!!! Hurrah!!!
Trial 229 finished with value: 4.648957595245353 and parameters: {'num_leaves': 28, 'lambda_l1': 6.334400179386685e-07, 'lambda_l2': 0.00508433801969665, 'learning_rate': 0.02441515639881129}. Best is trial 163 with value: 4.486410577271952.
Training until validation scores don't improve for 20 rounds
[100]	train's l2: 3.05061	eval's l2: 4.58032
Did not meet early stopping. Best iteration is:
[100]	train's l2: 3.05061	eval's l2: 4.58032
Saved Losses
{'MSE - mean': 4.580315109200901, 'MSE - std': 0.0, 'R2 - mean': 0.5822903969734277, 'R2 - std': 0.0} 
 

Training until validation scores don't improve for 20 rounds
[100]	train's l2: 3.13048	eval's l2: 4.13226
Did not meet early stopping. Best iteration is:
[100]	train's l2: 3.13048	eval's l2: 4.13226
Saved Losses
{'MSE - mean': 4.35628857271276, 'MSE - std': 0.22402653648814175, 'R2 - mean': 0.5709027316254675, 'R2 - std': 0.011387665347960207} 
 

Training until validation scores don't improve for 20 rounds
[100]	train's l2: 3.05017	eval's l2: 4.64226
Did not meet early stopping. Best iteration is:
[100]	train's l2: 3.05017	eval's l2: 4.64226
Saved Losses
{'MSE - mean': 4.451612815052248, 'MSE - std': 0.22722679211698724, 'R2 - mean': 0.5616710055156301, 'R2 - std': 0.016028167351640463} 
 

Training until validation scores don't improve for 20 rounds
[100]	train's l2: 3.06852	eval's l2: 4.28358
Did not meet early stopping. Best iteration is:
[100]	train's l2: 3.06852	eval's l2: 4.28358
Saved Losses
{'MSE - mean': 4.409605092975327, 'MSE - std': 0.20980456962160707, 'R2 - mean': 0.5567525647881475, 'R2 - std': 0.016286490998935994} 
 

Training until validation scores don't improve for 20 rounds
[100]	train's l2: 2.96102	eval's l2: 5.21399
Did not meet early stopping. Best iteration is:
[100]	train's l2: 2.96102	eval's l2: 5.21399
Saved Losses
{'MSE - mean': 4.570482326788912, 'MSE - std': 0.372478594533068, 'R2 - mean': 0.5591629648991355, 'R2 - std': 0.015344052464291897} 
 

Saving model.....
Results After CV: {'MSE - mean': 4.570482326788912, 'MSE - std': 0.372478594533068, 'R2 - mean': 0.5591629648991355, 'R2 - std': 0.015344052464291897}
Train time: 0.7253305719999986
Inference time: 0.0014445462000054476
Finished cross validation
Hyperparam was saved!!! Hurrah!!!
Trial 230 finished with value: 4.570482326788912 and parameters: {'num_leaves': 40, 'lambda_l1': 6.810277332301065e-06, 'lambda_l2': 0.00043212986812112653, 'learning_rate': 0.030184338076723275}. Best is trial 163 with value: 4.486410577271952.
Training until validation scores don't improve for 20 rounds
[100]	train's l2: 3.40856	eval's l2: 4.56556
Did not meet early stopping. Best iteration is:
[100]	train's l2: 3.40856	eval's l2: 4.56556
Saved Losses
{'MSE - mean': 4.565558728399413, 'MSE - std': 0.0, 'R2 - mean': 0.5836361301423786, 'R2 - std': 0.0} 
 

Training until validation scores don't improve for 20 rounds
[100]	train's l2: 3.48369	eval's l2: 4.01043
Did not meet early stopping. Best iteration is:
[100]	train's l2: 3.48369	eval's l2: 4.01043
Saved Losses
{'MSE - mean': 4.287992345410219, 'MSE - std': 0.2775663829891939, 'R2 - mean': 0.578069251616228, 'R2 - std': 0.00556687852615062} 
 

Training until validation scores don't improve for 20 rounds
[100]	train's l2: 3.39076	eval's l2: 4.65954
Did not meet early stopping. Best iteration is:
[100]	train's l2: 3.39076	eval's l2: 4.65954
Saved Losses
{'MSE - mean': 4.4118403187565045, 'MSE - std': 0.28642399628482124, 'R2 - mean': 0.5658820741572657, 'R2 - std': 0.01782455272507815} 
 

Training until validation scores don't improve for 20 rounds
[100]	train's l2: 3.43378	eval's l2: 4.27441
Did not meet early stopping. Best iteration is:
[100]	train's l2: 3.43378	eval's l2: 4.27441
Saved Losses
{'MSE - mean': 4.377482222945441, 'MSE - std': 0.25508913242063486, 'R2 - mean': 0.5601560882210357, 'R2 - std': 0.018347935979628065} 
 

Training until validation scores don't improve for 20 rounds
[100]	train's l2: 3.2974	eval's l2: 5.25352
Did not meet early stopping. Best iteration is:
[100]	train's l2: 3.2974	eval's l2: 5.25352
Saved Losses
{'MSE - mean': 4.552690301140352, 'MSE - std': 0.4181481257189919, 'R2 - mean': 0.561231937576345, 'R2 - std': 0.016551350733740828} 
 

Saving model.....
Results After CV: {'MSE - mean': 4.552690301140352, 'MSE - std': 0.4181481257189919, 'R2 - mean': 0.561231937576345, 'R2 - std': 0.016551350733740828}
Train time: 0.45789257440000314
Inference time: 0.0069221534000007525
Finished cross validation
Hyperparam was saved!!! Hurrah!!!
Trial 231 finished with value: 4.552690301140352 and parameters: {'num_leaves': 20, 'lambda_l1': 2.096937095361368e-05, 'lambda_l2': 0.001559419567480207, 'learning_rate': 0.040016492096665}. Best is trial 163 with value: 4.486410577271952.
Training until validation scores don't improve for 20 rounds
[100]	train's l2: 3.29753	eval's l2: 4.54355
Did not meet early stopping. Best iteration is:
[100]	train's l2: 3.29753	eval's l2: 4.54355
Saved Losses
{'MSE - mean': 4.543551437170089, 'MSE - std': 0.0, 'R2 - mean': 0.5856431223828523, 'R2 - std': 0.0} 
 

Training until validation scores don't improve for 20 rounds
[100]	train's l2: 3.37751	eval's l2: 4.01979
Did not meet early stopping. Best iteration is:
[100]	train's l2: 3.37751	eval's l2: 4.01979
Saved Losses
{'MSE - mean': 4.2816685232398175, 'MSE - std': 0.26188291393027185, 'R2 - mean': 0.5785738946381842, 'R2 - std': 0.007069227744668116} 
 

Training until validation scores don't improve for 20 rounds
[100]	train's l2: 3.26332	eval's l2: 4.65445
Did not meet early stopping. Best iteration is:
[100]	train's l2: 3.26332	eval's l2: 4.65445
Saved Losses
{'MSE - mean': 4.405929095438815, 'MSE - std': 0.2767727467535739, 'R2 - mean': 0.5663853222636606, 'R2 - std': 0.018177969642637726} 
 

Training until validation scores don't improve for 20 rounds
[100]	train's l2: 3.32017	eval's l2: 4.25435
Did not meet early stopping. Best iteration is:
[100]	train's l2: 3.32017	eval's l2: 4.25435
Saved Losses
{'MSE - mean': 4.368034522724991, 'MSE - std': 0.24851631924810935, 'R2 - mean': 0.5610696539598341, 'R2 - std': 0.018237267443216625} 
 

Training until validation scores don't improve for 20 rounds
[100]	train's l2: 3.17942	eval's l2: 5.27406
Did not meet early stopping. Best iteration is:
[100]	train's l2: 3.17942	eval's l2: 5.27406
Saved Losses
{'MSE - mean': 4.5492393893225, 'MSE - std': 0.4251459790008435, 'R2 - mean': 0.5616231220221601, 'R2 - std': 0.01634942343388253} 
 

Saving model.....
Results After CV: {'MSE - mean': 4.5492393893225, 'MSE - std': 0.4251459790008435, 'R2 - mean': 0.5616231220221601, 'R2 - std': 0.01634942343388253}
Train time: 0.5293286714000033
Inference time: 0.018283961799997427
Finished cross validation
Hyperparam was saved!!! Hurrah!!!
Trial 232 finished with value: 4.5492393893225 and parameters: {'num_leaves': 25, 'lambda_l1': 1.1003363440041762e-05, 'lambda_l2': 3.751562442080634e-06, 'learning_rate': 0.036290253945913904}. Best is trial 163 with value: 4.486410577271952.
Training until validation scores don't improve for 20 rounds
[100]	train's l2: 4.31251	eval's l2: 5.05633
Did not meet early stopping. Best iteration is:
[100]	train's l2: 4.31251	eval's l2: 5.05633
Saved Losses
{'MSE - mean': 5.056329349340016, 'MSE - std': 0.0, 'R2 - mean': 0.5388794711871023, 'R2 - std': 0.0} 
 

Training until validation scores don't improve for 20 rounds
[100]	train's l2: 4.45558	eval's l2: 4.26813
Did not meet early stopping. Best iteration is:
[100]	train's l2: 4.45558	eval's l2: 4.26813
Saved Losses
{'MSE - mean': 4.662228412679427, 'MSE - std': 0.394100936660589, 'R2 - mean': 0.5419558742226753, 'R2 - std': 0.0030764030355729943} 
 

Training until validation scores don't improve for 20 rounds
[100]	train's l2: 4.31527	eval's l2: 5.02616
Did not meet early stopping. Best iteration is:
[100]	train's l2: 4.31527	eval's l2: 5.02616
Saved Losses
{'MSE - mean': 4.7835380648554136, 'MSE - std': 0.3646584186239044, 'R2 - mean': 0.5297814766904262, 'R2 - std': 0.01739946592009818} 
 

Training until validation scores don't improve for 20 rounds
[100]	train's l2: 4.38568	eval's l2: 4.55634
Did not meet early stopping. Best iteration is:
[100]	train's l2: 4.38568	eval's l2: 4.55634
Saved Losses
{'MSE - mean': 4.726738679816654, 'MSE - std': 0.3307723267253607, 'R2 - mean': 0.5255445461780496, 'R2 - std': 0.016760393826775563} 
 

Training until validation scores don't improve for 20 rounds
[100]	train's l2: 4.1807	eval's l2: 5.77885
Did not meet early stopping. Best iteration is:
[100]	train's l2: 4.1807	eval's l2: 5.77885
Saved Losses
{'MSE - mean': 4.937161040727403, 'MSE - std': 0.5144303116913526, 'R2 - mean': 0.5248538140665449, 'R2 - std': 0.01505447057794953} 
 

Saving model.....
Results After CV: {'MSE - mean': 4.937161040727403, 'MSE - std': 0.5144303116913526, 'R2 - mean': 0.5248538140665449, 'R2 - std': 0.01505447057794953}
Train time: 0.37288264160000323
Inference time: 0.006667834999998945
Finished cross validation
Hyperparam was saved!!! Hurrah!!!
