Trial 258 finished with value: 3.246846679671498 and parameters: {'num_leaves': 446, 'lambda_l1': 0.396051263461448, 'lambda_l2': 1.3876155519623204e-08, 'learning_rate': 0.045585527432719514}. Best is trial 175 with value: 3.0347291833074177.
Training until validation scores don't improve for 20 rounds
[100]	train's l2: 1.25104	eval's l2: 3.32328
Did not meet early stopping. Best iteration is:
[100]	train's l2: 1.25104	eval's l2: 3.32328
Saved Losses
{'MSE - mean': 3.323280430464788, 'MSE - std': 0.0, 'R2 - mean': 0.5721729283852774, 'R2 - std': 0.0} 
 

Training until validation scores don't improve for 20 rounds
[100]	train's l2: 1.22757	eval's l2: 3.37025
Did not meet early stopping. Best iteration is:
[100]	train's l2: 1.22757	eval's l2: 3.37025
Saved Losses
{'MSE - mean': 3.3467649087679554, 'MSE - std': 0.023484478303167577, 'R2 - mean': 0.559742085263706, 'R2 - std': 0.0124308431215715} 
 

Training until validation scores don't improve for 20 rounds
[100]	train's l2: 1.25865	eval's l2: 3.09536
Did not meet early stopping. Best iteration is:
[100]	train's l2: 1.25865	eval's l2: 3.09536
Saved Losses
{'MSE - mean': 3.262961899396197, 'MSE - std': 0.1200565251883768, 'R2 - mean': 0.5633248356688582, 'R2 - std': 0.011344136873585865} 
 

Training until validation scores don't improve for 20 rounds
[100]	train's l2: 1.28506	eval's l2: 2.78474
Did not meet early stopping. Best iteration is:
[100]	train's l2: 1.28506	eval's l2: 2.78474
Saved Losses
{'MSE - mean': 3.143406274761047, 'MSE - std': 0.2317127943725444, 'R2 - mean': 0.5703392295323046, 'R2 - std': 0.015624411824758537} 
 

Training until validation scores don't improve for 20 rounds
[100]	train's l2: 1.25347	eval's l2: 3.23619
Did not meet early stopping. Best iteration is:
[100]	train's l2: 1.25347	eval's l2: 3.23619
Saved Losses
{'MSE - mean': 3.1619626643940406, 'MSE - std': 0.21054693929286247, 'R2 - mean': 0.5709542240845478, 'R2 - std': 0.014028922592019615} 
 

Saving model.....
Results After CV: {'MSE - mean': 3.1619626643940406, 'MSE - std': 0.21054693929286247, 'R2 - mean': 0.5709542240845478, 'R2 - std': 0.014028922592019615}
Train time: 127.5561009609999
Inference time: 5.715634143200441
Finished cross validation
Hyperparam was saved!!! Hurrah!!!
Trial 259 finished with value: 3.1619626643940406 and parameters: {'num_leaves': 3665, 'lambda_l1': 0.07931600717390003, 'lambda_l2': 1.4601863340656065e-07, 'learning_rate': 0.0402852830592631}. Best is trial 175 with value: 3.0347291833074177.
Training until validation scores don't improve for 20 rounds
[100]	train's l2: 1.55494	eval's l2: 3.40648
Did not meet early stopping. Best iteration is:
[100]	train's l2: 1.55494	eval's l2: 3.40648
Saved Losses
{'MSE - mean': 3.4064827162641933, 'MSE - std': 0.0, 'R2 - mean': 0.5614617678226906, 'R2 - std': 0.0} 
 

Training until validation scores don't improve for 20 rounds
[100]	train's l2: 1.53241	eval's l2: 3.44161
Did not meet early stopping. Best iteration is:
[100]	train's l2: 1.53241	eval's l2: 3.44161
Saved Losses
{'MSE - mean': 3.4240452555046783, 'MSE - std': 0.01756253924048523, 'R2 - mean': 0.5495941075627145, 'R2 - std': 0.011867660259976098} 
 

Training until validation scores don't improve for 20 rounds
[100]	train's l2: 1.56593	eval's l2: 3.13304
Did not meet early stopping. Best iteration is:
[100]	train's l2: 1.56593	eval's l2: 3.13304
Saved Losses
{'MSE - mean': 3.327042380661338, 'MSE - std': 0.1379302141620704, 'R2 - mean': 0.5548166646813875, 'R2 - std': 0.012183777975095155} 
 

Training until validation scores don't improve for 20 rounds
[100]	train's l2: 1.60718	eval's l2: 2.80902
Did not meet early stopping. Best iteration is:
[100]	train's l2: 1.60718	eval's l2: 2.80902
Saved Losses
{'MSE - mean': 3.1975377092986714, 'MSE - std': 0.25413173296216435, 'R2 - mean': 0.5630672648094881, 'R2 - std': 0.017763742334633525} 
 

Training until validation scores don't improve for 20 rounds
[100]	train's l2: 1.57804	eval's l2: 3.26788
Did not meet early stopping. Best iteration is:
[100]	train's l2: 1.57804	eval's l2: 3.26788
Saved Losses
{'MSE - mean': 3.2116056631830476, 'MSE - std': 0.22903707006651566, 'R2 - mean': 0.5643012134794629, 'R2 - std': 0.01607889768191625} 
 

Saving model.....
Results After CV: {'MSE - mean': 3.2116056631830476, 'MSE - std': 0.22903707006651566, 'R2 - mean': 0.5643012134794629, 'R2 - std': 0.01607889768191625}
Train time: 69.7517755590001
Inference time: 4.136615871600952
Finished cross validation
Hyperparam was saved!!! Hurrah!!!
Trial 260 finished with value: 3.2116056631830476 and parameters: {'num_leaves': 1755, 'lambda_l1': 0.6912030812050001, 'lambda_l2': 1.9534155618865387e-08, 'learning_rate': 0.03563857282154111}. Best is trial 175 with value: 3.0347291833074177.
Training until validation scores don't improve for 20 rounds
[100]	train's l2: 1.57472	eval's l2: 3.35027
Did not meet early stopping. Best iteration is:
[100]	train's l2: 1.57472	eval's l2: 3.35027
Saved Losses
{'MSE - mean': 3.3502707407289654, 'MSE - std': 0.0, 'R2 - mean': 0.5686982937151359, 'R2 - std': 0.0} 
 

Training until validation scores don't improve for 20 rounds
[100]	train's l2: 1.54991	eval's l2: 3.4191
Did not meet early stopping. Best iteration is:
[100]	train's l2: 1.54991	eval's l2: 3.4191
Saved Losses
{'MSE - mean': 3.3846869448376955, 'MSE - std': 0.03441620410873014, 'R2 - mean': 0.5547237720378186, 'R2 - std': 0.013974521677317275} 
 

Training until validation scores don't improve for 20 rounds
[100]	train's l2: 1.59316	eval's l2: 3.1371
Did not meet early stopping. Best iteration is:
[100]	train's l2: 1.59316	eval's l2: 3.1371
Saved Losses
{'MSE - mean': 3.3021586124150466, 'MSE - std': 0.12004791283106785, 'R2 - mean': 0.5580484073944295, 'R2 - std': 0.012340903718207254} 
 

Training until validation scores don't improve for 20 rounds
[100]	train's l2: 1.63382	eval's l2: 2.80143
Did not meet early stopping. Best iteration is:
[100]	train's l2: 1.63382	eval's l2: 2.80143
Saved Losses
{'MSE - mean': 3.1769775615468543, 'MSE - std': 0.24045688287241146, 'R2 - mean': 0.5657694745428613, 'R2 - std': 0.017119230770344905} 
 

Training until validation scores don't improve for 20 rounds
[100]	train's l2: 1.59721	eval's l2: 3.29957
Did not meet early stopping. Best iteration is:
[100]	train's l2: 1.59721	eval's l2: 3.29957
Saved Losses
{'MSE - mean': 3.201495615388693, 'MSE - std': 0.2205904573487676, 'R2 - mean': 0.5656275135386115, 'R2 - std': 0.015314537584973614} 
 

Saving model.....
Results After CV: {'MSE - mean': 3.201495615388693, 'MSE - std': 0.2205904573487676, 'R2 - mean': 0.5656275135386115, 'R2 - std': 0.015314537584973614}
Train time: 94.65194953580067
Inference time: 4.600992650199624
Finished cross validation
Hyperparam was saved!!! Hurrah!!!
Trial 261 finished with value: 3.201495615388693 and parameters: {'num_leaves': 2645, 'lambda_l1': 0.1410286519736216, 'lambda_l2': 3.60240820989238e-08, 'learning_rate': 0.03215299484456525}. Best is trial 175 with value: 3.0347291833074177.
Training until validation scores don't improve for 20 rounds
[100]	train's l2: 1.18446	eval's l2: 3.34508
Did not meet early stopping. Best iteration is:
[100]	train's l2: 1.18446	eval's l2: 3.34508
Saved Losses
{'MSE - mean': 3.3450760092633773, 'MSE - std': 0.0, 'R2 - mean': 0.569367044606687, 'R2 - std': 0.0} 
 

Training until validation scores don't improve for 20 rounds
[100]	train's l2: 1.17724	eval's l2: 3.43535
Did not meet early stopping. Best iteration is:
[100]	train's l2: 1.17724	eval's l2: 3.43535
Saved Losses
{'MSE - mean': 3.3902133022480543, 'MSE - std': 0.045137292984676725, 'R2 - mean': 0.5539669765592814, 'R2 - std': 0.015400068047405568} 
 

Training until validation scores don't improve for 20 rounds
[100]	train's l2: 1.1953	eval's l2: 3.09911
Did not meet early stopping. Best iteration is:
[100]	train's l2: 1.1953	eval's l2: 3.09911
Saved Losses
{'MSE - mean': 3.2931772536290596, 'MSE - std': 0.14209236294924074, 'R2 - mean': 0.5593013474733465, 'R2 - std': 0.014663529248017398} 
 

Training until validation scores don't improve for 20 rounds
[100]	train's l2: 1.233	eval's l2: 2.77594
Did not meet early stopping. Best iteration is:
[100]	train's l2: 1.233	eval's l2: 2.77594
Saved Losses
{'MSE - mean': 3.1638669483531103, 'MSE - std': 0.255550669844655, 'R2 - mean': 0.5676445530420742, 'R2 - std': 0.019237763773155832} 
 

Training until validation scores don't improve for 20 rounds
[100]	train's l2: 1.19765	eval's l2: 3.19165
Did not meet early stopping. Best iteration is:
[100]	train's l2: 1.19765	eval's l2: 3.19165
Saved Losses
{'MSE - mean': 3.1694244656027504, 'MSE - std': 0.2288415606448306, 'R2 - mean': 0.5699725455642576, 'R2 - std': 0.017825583881790945} 
 

Saving model.....
Results After CV: {'MSE - mean': 3.1694244656027504, 'MSE - std': 0.2288415606448306, 'R2 - mean': 0.5699725455642576, 'R2 - std': 0.017825583881790945}
Train time: 75.1352587362002
Inference time: 4.637459922799462
Finished cross validation
Hyperparam was saved!!! Hurrah!!!
Trial 262 finished with value: 3.1694244656027504 and parameters: {'num_leaves': 1932, 'lambda_l1': 0.04088148567858158, 'lambda_l2': 4.875216790677156e-08, 'learning_rate': 0.048205714678533754}. Best is trial 175 with value: 3.0347291833074177.
Training until validation scores don't improve for 20 rounds
[100]	train's l2: 1.29449	eval's l2: 3.35472
Did not meet early stopping. Best iteration is:
[100]	train's l2: 1.29449	eval's l2: 3.35472
Saved Losses
{'MSE - mean': 3.3547173234858527, 'MSE - std': 0.0, 'R2 - mean': 0.5681258567753782, 'R2 - std': 0.0} 
 

Training until validation scores don't improve for 20 rounds
[100]	train's l2: 1.27846	eval's l2: 3.39773
Did not meet early stopping. Best iteration is:
[100]	train's l2: 1.27846	eval's l2: 3.39773
Saved Losses
{'MSE - mean': 3.3762239397729363, 'MSE - std': 0.021506616287083835, 'R2 - mean': 0.5558729269505541, 'R2 - std': 0.012252929824824066} 
 

Training until validation scores don't improve for 20 rounds
[100]	train's l2: 1.30085	eval's l2: 3.10575
Did not meet early stopping. Best iteration is:
[100]	train's l2: 1.30085	eval's l2: 3.10575
Saved Losses
{'MSE - mean': 3.286066896102456, 'MSE - std': 0.12870486163913308, 'R2 - mean': 0.5602645063599434, 'R2 - std': 0.011775460314257465} 
 

Training until validation scores don't improve for 20 rounds
[100]	train's l2: 1.34706	eval's l2: 2.81089
Did not meet early stopping. Best iteration is:
[100]	train's l2: 1.34706	eval's l2: 2.81089
Saved Losses
{'MSE - mean': 3.167272583521171, 'MSE - std': 0.23400848737202148, 'R2 - mean': 0.5670846961964644, 'R2 - std': 0.015605802364122205} 
 

Training until validation scores don't improve for 20 rounds
[100]	train's l2: 1.30749	eval's l2: 3.22523
Did not meet early stopping. Best iteration is:
[100]	train's l2: 1.30749	eval's l2: 3.22523
Saved Losses
{'MSE - mean': 3.178864329713159, 'MSE - std': 0.2105835987175428, 'R2 - mean': 0.5686394595714359, 'R2 - std': 0.014300419943171057} 
 

Saving model.....
Results After CV: {'MSE - mean': 3.178864329713159, 'MSE - std': 0.2105835987175428, 'R2 - mean': 0.5686394595714359, 'R2 - std': 0.014300419943171057}
Train time: 83.37865986260003
Inference time: 4.869908941799077
Finished cross validation
Hyperparam was saved!!! Hurrah!!!
Trial 263 finished with value: 3.178864329713159 and parameters: {'num_leaves': 2208, 'lambda_l1': 0.23811298891876614, 'lambda_l2': 2.5655348558499e-08, 'learning_rate': 0.04245213023316437}. Best is trial 175 with value: 3.0347291833074177.
Training until validation scores don't improve for 20 rounds
[100]	train's l2: 1.34735	eval's l2: 3.34973
Did not meet early stopping. Best iteration is:
[100]	train's l2: 1.34735	eval's l2: 3.34973
Saved Losses
{'MSE - mean': 3.349731542921476, 'MSE - std': 0.0, 'R2 - mean': 0.5687677080856128, 'R2 - std': 0.0} 
 

Training until validation scores don't improve for 20 rounds
[100]	train's l2: 1.3347	eval's l2: 3.41182
Did not meet early stopping. Best iteration is:
[100]	train's l2: 1.3347	eval's l2: 3.41182
Saved Losses
{'MSE - mean': 3.3807732830058006, 'MSE - std': 0.03104174008432481, 'R2 - mean': 0.5552479463606608, 'R2 - std': 0.013519761724952062} 
 

Training until validation scores don't improve for 20 rounds
[100]	train's l2: 1.35615	eval's l2: 3.09551
Did not meet early stopping. Best iteration is:
[100]	train's l2: 1.35615	eval's l2: 3.09551
Saved Losses
{'MSE - mean': 3.285684157936796, 'MSE - std': 0.13684398597582928, 'R2 - mean': 0.5603218038422254, 'R2 - std': 0.01316601803455056} 
 

Training until validation scores don't improve for 20 rounds
[100]	train's l2: 1.38811	eval's l2: 2.80011
Did not meet early stopping. Best iteration is:
[100]	train's l2: 1.38811	eval's l2: 2.80011
Saved Losses
{'MSE - mean': 3.1642894444784053, 'MSE - std': 0.2413601805191758, 'R2 - mean': 0.5675232782914742, 'R2 - std': 0.01689945933733189} 
 

Training until validation scores don't improve for 20 rounds
[100]	train's l2: 1.35084	eval's l2: 3.25419
Did not meet early stopping. Best iteration is:
[100]	train's l2: 1.35084	eval's l2: 3.25419
Saved Losses
{'MSE - mean': 3.182270522578485, 'MSE - std': 0.2188539834473294, 'R2 - mean': 0.5682267462684234, 'R2 - std': 0.015180673552042397} 
 

Saving model.....
Results After CV: {'MSE - mean': 3.182270522578485, 'MSE - std': 0.2188539834473294, 'R2 - mean': 0.5682267462684234, 'R2 - std': 0.015180673552042397}
Train time: 101.51611761960012
Inference time: 5.007794219000789
Finished cross validation
Hyperparam was saved!!! Hurrah!!!
Trial 264 finished with value: 3.182270522578485 and parameters: {'num_leaves': 2804, 'lambda_l1': 0.09545750315402186, 'lambda_l2': 1.0020427152551618e-08, 'learning_rate': 0.038587883254557344}. Best is trial 175 with value: 3.0347291833074177.
Training until validation scores don't improve for 20 rounds
[100]	train's l2: 1.3187	eval's l2: 3.36831
Did not meet early stopping. Best iteration is:
[100]	train's l2: 1.3187	eval's l2: 3.36831
Saved Losses
{'MSE - mean': 3.3683074306039478, 'MSE - std': 0.0, 'R2 - mean': 0.5663763156659475, 'R2 - std': 0.0} 
 

Training until validation scores don't improve for 20 rounds
[100]	train's l2: 1.29074	eval's l2: 3.40722
Did not meet early stopping. Best iteration is:
[100]	train's l2: 1.29074	eval's l2: 3.40722
Saved Losses
{'MSE - mean': 3.3877625536200706, 'MSE - std': 0.019455123016122844, 'R2 - mean': 0.5543610057971693, 'R2 - std': 0.012015309868778135} 
 

Training until validation scores don't improve for 20 rounds
[100]	train's l2: 1.32116	eval's l2: 3.12185
Did not meet early stopping. Best iteration is:
[100]	train's l2: 1.32116	eval's l2: 3.12185
Saved Losses
{'MSE - mean': 3.2991234237906597, 'MSE - std': 0.1263571336129413, 'R2 - mean': 0.5585122371719313, 'R2 - std': 0.01143287181837768} 
 

Training until validation scores don't improve for 20 rounds
[100]	train's l2: 1.35871	eval's l2: 2.82835
Did not meet early stopping. Best iteration is:
[100]	train's l2: 1.35871	eval's l2: 2.82835
Saved Losses
{'MSE - mean': 3.181428911998736, 'MSE - std': 0.2313667828988787, 'R2 - mean': 0.5651301544366646, 'R2 - std': 0.015146729194124874} 
 

Training until validation scores don't improve for 20 rounds
[100]	train's l2: 1.33167	eval's l2: 3.24741
Did not meet early stopping. Best iteration is:
[100]	train's l2: 1.33167	eval's l2: 3.24741
Saved Losses
{'MSE - mean': 3.194624309193685, 'MSE - std': 0.20861674096704552, 'R2 - mean': 0.5664912271392939, 'R2 - std': 0.013818422479845343} 
 

Saving model.....
Results After CV: {'MSE - mean': 3.194624309193685, 'MSE - std': 0.20861674096704552, 'R2 - mean': 0.5664912271392939, 'R2 - std': 0.013818422479845343}
Train time: 63.5986966536002
Inference time: 4.244034344999818
Finished cross validation
Hyperparam was saved!!! Hurrah!!!
Trial 265 finished with value: 3.194624309193685 and parameters: {'num_leaves': 1558, 'lambda_l1': 0.00038300477109597835, 'lambda_l2': 9.47186288776814e-08, 'learning_rate': 0.044980630216308125}. Best is trial 175 with value: 3.0347291833074177.
Training until validation scores don't improve for 20 rounds
[100]	train's l2: 0.898487	eval's l2: 3.30305
Did not meet early stopping. Best iteration is:
[100]	train's l2: 0.898487	eval's l2: 3.30305
Saved Losses
{'MSE - mean': 3.3030509699128303, 'MSE - std': 0.0, 'R2 - mean': 0.5747771957799128, 'R2 - std': 0.0} 
 

Training until validation scores don't improve for 20 rounds
[100]	train's l2: 0.883319	eval's l2: 3.3448
Did not meet early stopping. Best iteration is:
[100]	train's l2: 0.883319	eval's l2: 3.3448
Saved Losses
{'MSE - mean': 3.32392595552258, 'MSE - std': 0.020874985609750096, 'R2 - mean': 0.5627533247360501, 'R2 - std': 0.012023871043862766} 
 

Training until validation scores don't improve for 20 rounds
[100]	train's l2: 0.908793	eval's l2: 3.05646
Did not meet early stopping. Best iteration is:
[100]	train's l2: 0.908793	eval's l2: 3.05646
Saved Losses
{'MSE - mean': 3.234771501856064, 'MSE - std': 0.12723027640183796, 'R2 - mean': 0.5671312647429478, 'R2 - std': 0.011606680576042663} 
 

Training until validation scores don't improve for 20 rounds
[100]	train's l2: 0.936169	eval's l2: 2.7892
Did not meet early stopping. Best iteration is:
[100]	train's l2: 0.936169	eval's l2: 2.7892
Saved Losses
{'MSE - mean': 3.1233786660246707, 'MSE - std': 0.22218404319087656, 'R2 - mean': 0.5730304144778913, 'R2 - std': 0.01433304497591368} 
 

Training until validation scores don't improve for 20 rounds
[100]	train's l2: 0.916011	eval's l2: 3.16422
Did not meet early stopping. Best iteration is:
[100]	train's l2: 0.916011	eval's l2: 3.16422
Saved Losses
{'MSE - mean': 3.1315474046041976, 'MSE - std': 0.19939787460963285, 'R2 - mean': 0.575004442124764, 'R2 - std': 0.013414025616037955} 
 

Saving model.....
Results After CV: {'MSE - mean': 3.1315474046041976, 'MSE - std': 0.19939787460963285, 'R2 - mean': 0.575004442124764, 'R2 - std': 0.013414025616037955}
Train time: 89.82690123860156
Inference time: 5.382256510200387
Finished cross validation
Hyperparam was saved!!! Hurrah!!!
Trial 266 finished with value: 3.1315474046041976 and parameters: {'num_leaves': 2404, 'lambda_l1': 0.058445954390040064, 'lambda_l2': 2.110114963418487e-07, 'learning_rate': 0.06138963699372646}. Best is trial 175 with value: 3.0347291833074177.
Training until validation scores don't improve for 20 rounds
[100]	train's l2: 1.39786	eval's l2: 3.34263
Did not meet early stopping. Best iteration is:
[100]	train's l2: 1.39786	eval's l2: 3.34263
Saved Losses
{'MSE - mean': 3.3426299265804524, 'MSE - std': 0.0, 'R2 - mean': 0.5696819444212105, 'R2 - std': 0.0} 
 

Training until validation scores don't improve for 20 rounds
[100]	train's l2: 1.38144	eval's l2: 3.38106
Did not meet early stopping. Best iteration is:
[100]	train's l2: 1.38144	eval's l2: 3.38106
Saved Losses
{'MSE - mean': 3.36184315535637, 'MSE - std': 0.01921322877591769, 'R2 - mean': 0.5577708003930869, 'R2 - std': 0.011911144028123544} 
 

Training until validation scores don't improve for 20 rounds
[100]	train's l2: 1.42075	eval's l2: 3.11363
Did not meet early stopping. Best iteration is:
[100]	train's l2: 1.42075	eval's l2: 3.11363
Saved Losses
{'MSE - mean': 3.279104689524626, 'MSE - std': 0.11805679239125466, 'R2 - mean': 0.5611655143028881, 'R2 - std': 0.010845816386880706} 
 

Training until validation scores don't improve for 20 rounds
[100]	train's l2: 1.46007	eval's l2: 2.7993
Did not meet early stopping. Best iteration is:
[100]	train's l2: 1.46007	eval's l2: 2.7993
Saved Losses
{'MSE - mean': 3.1591543452862796, 'MSE - std': 0.2315541187735116, 'R2 - mean': 0.5681854811112427, 'R2 - std': 0.015364361418381453} 
 

Training until validation scores don't improve for 20 rounds
[100]	train's l2: 1.40753	eval's l2: 3.26518
Did not meet early stopping. Best iteration is:
[100]	train's l2: 1.40753	eval's l2: 3.26518
Saved Losses
{'MSE - mean': 3.180359042676214, 'MSE - std': 0.21140578209305613, 'R2 - mean': 0.5684669585769913, 'R2 - std': 0.013753828546648953} 
 

Saving model.....
Results After CV: {'MSE - mean': 3.180359042676214, 'MSE - std': 0.21140578209305613, 'R2 - mean': 0.5684669585769913, 'R2 - std': 0.013753828546648953}
Train time: 111.97245017240057
Inference time: 5.117740445199888
Finished cross validation
Hyperparam was saved!!! Hurrah!!!
