Trial 215 finished with value: 4.973909831079828 and parameters: {'num_leaves': 16, 'lambda_l1': 3.106665844426432e-05, 'lambda_l2': 0.8512240879396606, 'learning_rate': 0.017550352379787356}. Best is trial 163 with value: 4.486410577271952.
Training until validation scores don't improve for 20 rounds
[100]	train's l2: 2.77448	eval's l2: 4.49961
Did not meet early stopping. Best iteration is:
[100]	train's l2: 2.77448	eval's l2: 4.49961
Saved Losses
{'MSE - mean': 4.499614490095234, 'MSE - std': 0.0, 'R2 - mean': 0.589650026773332, 'R2 - std': 0.0} 
 

Training until validation scores don't improve for 20 rounds
Early stopping, best iteration is:
[53]	train's l2: 3.3323	eval's l2: 4.00705
Saved Losses
{'MSE - mean': 4.253333944313059, 'MSE - std': 0.24628054578217418, 'R2 - mean': 0.5812559517926225, 'R2 - std': 0.008394074980709543} 
 

Training until validation scores don't improve for 20 rounds
[100]	train's l2: 2.72507	eval's l2: 4.56496
Did not meet early stopping. Best iteration is:
[100]	train's l2: 2.72507	eval's l2: 4.56496
Saved Losses
{'MSE - mean': 4.357207869847538, 'MSE - std': 0.24902942858036206, 'R2 - mean': 0.57110874161186, 'R2 - std': 0.0159030000972454} 
 

Training until validation scores don't improve for 20 rounds
Early stopping, best iteration is:
[54]	train's l2: 3.23501	eval's l2: 4.26828
Saved Losses
{'MSE - mean': 4.334975933918872, 'MSE - std': 0.21907651437273032, 'R2 - mean': 0.5642398859355415, 'R2 - std': 0.018199521806245827} 
 

Training until validation scores don't improve for 20 rounds
Early stopping, best iteration is:
[60]	train's l2: 3.03484	eval's l2: 5.24981
Saved Losses
{'MSE - mean': 4.517942724568853, 'MSE - std': 0.41509396676268256, 'R2 - mean': 0.5645603840144695, 'R2 - std': 0.016290762758545102} 
 

Saving model.....
Results After CV: {'MSE - mean': 4.517942724568853, 'MSE - std': 0.41509396676268256, 'R2 - mean': 0.5645603840144695, 'R2 - std': 0.016290762758545102}
Train time: 0.4204991542000016
Inference time: 0.012299735599998484
Finished cross validation
Hyperparam was saved!!! Hurrah!!!
Trial 216 finished with value: 4.517942724568853 and parameters: {'num_leaves': 25, 'lambda_l1': 1.174102294785498e-05, 'lambda_l2': 0.0008253513989364497, 'learning_rate': 0.07186570812269423}. Best is trial 163 with value: 4.486410577271952.
Training until validation scores don't improve for 20 rounds
[100]	train's l2: 5.23696	eval's l2: 5.78113
Did not meet early stopping. Best iteration is:
[100]	train's l2: 5.23696	eval's l2: 5.78113
Saved Losses
{'MSE - mean': 5.781130176644318, 'MSE - std': 0.0, 'R2 - mean': 0.47278003072755037, 'R2 - std': 0.0} 
 

Training until validation scores don't improve for 20 rounds
[100]	train's l2: 5.40627	eval's l2: 4.77624
Did not meet early stopping. Best iteration is:
[100]	train's l2: 5.40627	eval's l2: 4.77624
Saved Losses
{'MSE - mean': 5.2786865461770125, 'MSE - std': 0.5024436304673054, 'R2 - mean': 0.4818244740542168, 'R2 - std': 0.00904444332666643} 
 

Training until validation scores don't improve for 20 rounds
[100]	train's l2: 5.22777	eval's l2: 5.58108
Did not meet early stopping. Best iteration is:
[100]	train's l2: 5.22777	eval's l2: 5.58108
Saved Losses
{'MSE - mean': 5.379483992737296, 'MSE - std': 0.43430402369491217, 'R2 - mean': 0.4714926925032985, 'R2 - std': 0.01637150135931273} 
 

Training until validation scores don't improve for 20 rounds
[100]	train's l2: 5.33655	eval's l2: 4.98975
Did not meet early stopping. Best iteration is:
[100]	train's l2: 5.33655	eval's l2: 4.98975
Saved Losses
{'MSE - mean': 5.282051159856628, 'MSE - std': 0.4122432043316784, 'R2 - mean': 0.47024279654164847, 'R2 - std': 0.01434246360683308} 
 

Training until validation scores don't improve for 20 rounds
[100]	train's l2: 5.03066	eval's l2: 6.55067
Did not meet early stopping. Best iteration is:
[100]	train's l2: 5.03066	eval's l2: 6.55067
Saved Losses
{'MSE - mean': 5.535774658565861, 'MSE - std': 0.6272623237554904, 'R2 - mean': 0.46784659047525634, 'R2 - std': 0.013694240537580804} 
 

Saving model.....
Results After CV: {'MSE - mean': 5.535774658565861, 'MSE - std': 0.6272623237554904, 'R2 - mean': 0.46784659047525634, 'R2 - std': 0.013694240537580804}
Train time: 0.24167243700000113
Inference time: 0.01218323819999938
Finished cross validation
Hyperparam was saved!!! Hurrah!!!
Trial 217 finished with value: 5.535774658565861 and parameters: {'num_leaves': 7, 'lambda_l1': 4.236984025284269e-06, 'lambda_l2': 1.4405023667757795, 'learning_rate': 0.015612576176177588}. Best is trial 163 with value: 4.486410577271952.
Training until validation scores don't improve for 20 rounds
[100]	train's l2: 3.32018	eval's l2: 4.65761
Did not meet early stopping. Best iteration is:
[100]	train's l2: 3.32018	eval's l2: 4.65761
Saved Losses
{'MSE - mean': 4.657612454677891, 'MSE - std': 0.0, 'R2 - mean': 0.5752411344828751, 'R2 - std': 0.0} 
 

Training until validation scores don't improve for 20 rounds
[100]	train's l2: 3.42826	eval's l2: 4.12226
Did not meet early stopping. Best iteration is:
[100]	train's l2: 3.42826	eval's l2: 4.12226
Saved Losses
{'MSE - mean': 4.389937654226523, 'MSE - std': 0.2676748004513674, 'R2 - mean': 0.5679110396250793, 'R2 - std': 0.007330094857795844} 
 

Training until validation scores don't improve for 20 rounds
[100]	train's l2: 3.30695	eval's l2: 4.68963
Did not meet early stopping. Best iteration is:
[100]	train's l2: 3.30695	eval's l2: 4.68963
Saved Losses
{'MSE - mean': 4.489835711962361, 'MSE - std': 0.2602417653066183, 'R2 - mean': 0.5581228115035061, 'R2 - std': 0.015081081303057672} 
 

Training until validation scores don't improve for 20 rounds
[100]	train's l2: 3.34023	eval's l2: 4.32397
Did not meet early stopping. Best iteration is:
[100]	train's l2: 3.34023	eval's l2: 4.32397
Saved Losses
{'MSE - mean': 4.448369701255024, 'MSE - std': 0.23654306677510475, 'R2 - mean': 0.5530117963314427, 'R2 - std': 0.015778044499216718} 
 

Training until validation scores don't improve for 20 rounds
[100]	train's l2: 3.21332	eval's l2: 5.28477
Did not meet early stopping. Best iteration is:
[100]	train's l2: 3.21332	eval's l2: 5.28477
Saved Losses
{'MSE - mean': 4.615650199573395, 'MSE - std': 0.39584486661073026, 'R2 - mean': 0.5549996379983113, 'R2 - std': 0.014661630487280978} 
 

Saving model.....
Results After CV: {'MSE - mean': 4.615650199573395, 'MSE - std': 0.39584486661073026, 'R2 - mean': 0.5549996379983113, 'R2 - std': 0.014661630487280978}
Train time: 0.6887335106000009
Inference time: 0.018296255200000645
Finished cross validation
Hyperparam was saved!!! Hurrah!!!
Trial 218 finished with value: 4.615650199573395 and parameters: {'num_leaves': 37, 'lambda_l1': 8.229399184414767e-05, 'lambda_l2': 0.0035576227664409605, 'learning_rate': 0.0251286790754091}. Best is trial 163 with value: 4.486410577271952.
Training until validation scores don't improve for 20 rounds
[100]	train's l2: 3.66579	eval's l2: 4.77177
Did not meet early stopping. Best iteration is:
[100]	train's l2: 3.66579	eval's l2: 4.77177
Saved Losses
{'MSE - mean': 4.771770781244442, 'MSE - std': 0.0, 'R2 - mean': 0.5648302723182825, 'R2 - std': 0.0} 
 

Training until validation scores don't improve for 20 rounds
[100]	train's l2: 3.78729	eval's l2: 4.12999
Did not meet early stopping. Best iteration is:
[100]	train's l2: 3.78729	eval's l2: 4.12999
Saved Losses
{'MSE - mean': 4.450880952874039, 'MSE - std': 0.32088982837040225, 'R2 - mean': 0.5622937049909532, 'R2 - std': 0.00253656732732932} 
 

Training until validation scores don't improve for 20 rounds
[100]	train's l2: 3.65547	eval's l2: 4.76673
Did not meet early stopping. Best iteration is:
[100]	train's l2: 3.65547	eval's l2: 4.76673
Saved Losses
{'MSE - mean': 4.556162905091009, 'MSE - std': 0.30135599141152547, 'R2 - mean': 0.5518492399101206, 'R2 - std': 0.014915198652834333} 
 

Training until validation scores don't improve for 20 rounds
[100]	train's l2: 3.68116	eval's l2: 4.38238
Did not meet early stopping. Best iteration is:
[100]	train's l2: 3.68116	eval's l2: 4.38238
Saved Losses
{'MSE - mean': 4.512717255468329, 'MSE - std': 0.27161396978640034, 'R2 - mean': 0.5467453473331187, 'R2 - std': 0.015652364723991643} 
 

Training until validation scores don't improve for 20 rounds
[100]	train's l2: 3.55976	eval's l2: 5.46542
Did not meet early stopping. Best iteration is:
[100]	train's l2: 3.55976	eval's l2: 5.46542
Saved Losses
{'MSE - mean': 4.703258302296386, 'MSE - std': 0.45193238539833674, 'R2 - mean': 0.5469985342743078, 'R2 - std': 0.01400905534542001} 
 

Saving model.....
Results After CV: {'MSE - mean': 4.703258302296386, 'MSE - std': 0.45193238539833674, 'R2 - mean': 0.5469985342743078, 'R2 - std': 0.01400905534542001}
Train time: 0.5954221003999975
Inference time: 0.0012332694000036781
Finished cross validation
Hyperparam was saved!!! Hurrah!!!
Trial 219 finished with value: 4.703258302296386 and parameters: {'num_leaves': 29, 'lambda_l1': 2.399327543974726e-05, 'lambda_l2': 2.0534563283677844e-08, 'learning_rate': 0.02177032350388362}. Best is trial 163 with value: 4.486410577271952.
Training until validation scores don't improve for 20 rounds
Early stopping, best iteration is:
[26]	train's l2: 3.14058	eval's l2: 4.4527
Saved Losses
{'MSE - mean': 4.452698558664413, 'MSE - std': 0.0, 'R2 - mean': 0.5939286046934893, 'R2 - std': 0.0} 
 

Training until validation scores don't improve for 20 rounds
Early stopping, best iteration is:
[15]	train's l2: 3.63528	eval's l2: 4.10041
Saved Losses
{'MSE - mean': 4.276552245638921, 'MSE - std': 0.17614631302549144, 'R2 - mean': 0.5784197110757707, 'R2 - std': 0.015508893617718511} 
 

Training until validation scores don't improve for 20 rounds
Early stopping, best iteration is:
[48]	train's l2: 2.58817	eval's l2: 4.66414
Saved Losses
{'MSE - mean': 4.405748400979257, 'MSE - std': 0.23252593153832174, 'R2 - mean': 0.5659646899665061, 'R2 - std': 0.021693446533341147} 
 

Training until validation scores don't improve for 20 rounds
Early stopping, best iteration is:
[18]	train's l2: 3.45186	eval's l2: 4.30055
Saved Losses
{'MSE - mean': 4.379447956774092, 'MSE - std': 0.206461550232701, 'R2 - mean': 0.5595193596082008, 'R2 - std': 0.021853628237761217} 
 

Training until validation scores don't improve for 20 rounds
Early stopping, best iteration is:
[25]	train's l2: 3.02621	eval's l2: 5.28251
Saved Losses
{'MSE - mean': 4.5600595536316515, 'MSE - std': 0.40568866518223373, 'R2 - mean': 0.5602431722814409, 'R2 - std': 0.01960001206293486} 
 

Saving model.....
Results After CV: {'MSE - mean': 4.5600595536316515, 'MSE - std': 0.40568866518223373, 'R2 - mean': 0.5602431722814409, 'R2 - std': 0.01960001206293486}
Train time: 0.21989312359999644
Inference time: 0.017509830800000258
Finished cross validation
Hyperparam was saved!!! Hurrah!!!
Trial 220 finished with value: 4.5600595536316515 and parameters: {'num_leaves': 20, 'lambda_l1': 6.039973761161457e-05, 'lambda_l2': 0.001970412737469758, 'learning_rate': 0.2311153316652832}. Best is trial 163 with value: 4.486410577271952.
Training until validation scores don't improve for 20 rounds
[100]	train's l2: 3.73392	eval's l2: 4.72691
Did not meet early stopping. Best iteration is:
[100]	train's l2: 3.73392	eval's l2: 4.72691
Saved Losses
{'MSE - mean': 4.72690716430274, 'MSE - std': 0.0, 'R2 - mean': 0.5689216859385833, 'R2 - std': 0.0} 
 

Training until validation scores don't improve for 20 rounds
[100]	train's l2: 3.82804	eval's l2: 4.11644
Did not meet early stopping. Best iteration is:
[100]	train's l2: 3.82804	eval's l2: 4.11644
Saved Losses
{'MSE - mean': 4.421674549799374, 'MSE - std': 0.3052326145033657, 'R2 - mean': 0.5650615603069095, 'R2 - std': 0.0038601256316738164} 
 

Training until validation scores don't improve for 20 rounds
[100]	train's l2: 3.72029	eval's l2: 4.75766
Did not meet early stopping. Best iteration is:
[100]	train's l2: 3.72029	eval's l2: 4.75766
Saved Losses
{'MSE - mean': 4.533671095211056, 'MSE - std': 0.2952926542816043, 'R2 - mean': 0.5539917268910929, 'R2 - std': 0.01596922468278904} 
 

Training until validation scores don't improve for 20 rounds
[100]	train's l2: 3.75329	eval's l2: 4.34795
Did not meet early stopping. Best iteration is:
[100]	train's l2: 3.75329	eval's l2: 4.34795
Saved Losses
{'MSE - mean': 4.487240547939292, 'MSE - std': 0.26807778892398515, 'R2 - mean': 0.5492725682798376, 'R2 - std': 0.016064665471823572} 
 

Training until validation scores don't improve for 20 rounds
[100]	train's l2: 3.61419	eval's l2: 5.44156
Did not meet early stopping. Best iteration is:
[100]	train's l2: 3.61419	eval's l2: 5.44156
Saved Losses
{'MSE - mean': 4.6781044663780165, 'MSE - std': 0.4507867590986174, 'R2 - mean': 0.5494149927884021, 'R2 - std': 0.014371496802345942} 
 

Saving model.....
Results After CV: {'MSE - mean': 4.6781044663780165, 'MSE - std': 0.4507867590986174, 'R2 - mean': 0.5494149927884021, 'R2 - std': 0.014371496802345942}
Train time: 0.4817069438000033
Inference time: 0.006896775799998522
Finished cross validation
Hyperparam was saved!!! Hurrah!!!
Trial 221 finished with value: 4.6781044663780165 and parameters: {'num_leaves': 23, 'lambda_l1': 0.00011372447748235374, 'lambda_l2': 1.066246388440841, 'learning_rate': 0.024849650819385193}. Best is trial 163 with value: 4.486410577271952.
Training until validation scores don't improve for 20 rounds
[100]	train's l2: 3.69668	eval's l2: 4.70026
Did not meet early stopping. Best iteration is:
[100]	train's l2: 3.69668	eval's l2: 4.70026
Saved Losses
{'MSE - mean': 4.700262394018442, 'MSE - std': 0.0, 'R2 - mean': 0.5713516009450488, 'R2 - std': 0.0} 
 

Training until validation scores don't improve for 20 rounds
[100]	train's l2: 3.79286	eval's l2: 4.11326
Did not meet early stopping. Best iteration is:
[100]	train's l2: 3.79286	eval's l2: 4.11326
Saved Losses
{'MSE - mean': 4.406762528476657, 'MSE - std': 0.2934998655417851, 'R2 - mean': 0.5664459675646598, 'R2 - std': 0.004905633380389018} 
 

Training until validation scores don't improve for 20 rounds
[100]	train's l2: 3.68218	eval's l2: 4.72191
Did not meet early stopping. Best iteration is:
[100]	train's l2: 3.68218	eval's l2: 4.72191
Saved Losses
{'MSE - mean': 4.5118129719695395, 'MSE - std': 0.28195621185708925, 'R2 - mean': 0.556087260221661, 'R2 - std': 0.015187136932647454} 
 

Training until validation scores don't improve for 20 rounds
[100]	train's l2: 3.71326	eval's l2: 4.32178
Did not meet early stopping. Best iteration is:
[100]	train's l2: 3.71326	eval's l2: 4.32178
Saved Losses
{'MSE - mean': 4.464304842403456, 'MSE - std': 0.2576733322992569, 'R2 - mean': 0.5515437043369495, 'R2 - std': 0.01532705276270453} 
 

Training until validation scores don't improve for 20 rounds
[100]	train's l2: 3.57812	eval's l2: 5.40634
Did not meet early stopping. Best iteration is:
[100]	train's l2: 3.57812	eval's l2: 5.40634
Saved Losses
{'MSE - mean': 4.652712435697759, 'MSE - std': 0.4417081862342704, 'R2 - mean': 0.5518143940739917, 'R2 - std': 0.013719618392927069} 
 

Saving model.....
Results After CV: {'MSE - mean': 4.652712435697759, 'MSE - std': 0.4417081862342704, 'R2 - mean': 0.5518143940739917, 'R2 - std': 0.013719618392927069}
Train time: 0.5260695151999955
Inference time: 0.012489341999997804
Finished cross validation
Hyperparam was saved!!! Hurrah!!!
Trial 222 finished with value: 4.652712435697759 and parameters: {'num_leaves': 23, 'lambda_l1': 0.00017042016855138112, 'lambda_l2': 1.7844809362558698, 'learning_rate': 0.02622719232876272}. Best is trial 163 with value: 4.486410577271952.
Training until validation scores don't improve for 20 rounds
[100]	train's l2: 3.67505	eval's l2: 4.68789
Did not meet early stopping. Best iteration is:
[100]	train's l2: 3.67505	eval's l2: 4.68789
Saved Losses
{'MSE - mean': 4.687893306240821, 'MSE - std': 0.0, 'R2 - mean': 0.5724796208786582, 'R2 - std': 0.0} 
 

Training until validation scores don't improve for 20 rounds
[100]	train's l2: 3.76228	eval's l2: 4.08527
Did not meet early stopping. Best iteration is:
[100]	train's l2: 3.76228	eval's l2: 4.08527
Saved Losses
{'MSE - mean': 4.386580018912545, 'MSE - std': 0.3013132873282762, 'R2 - mean': 0.5685021125724379, 'R2 - std': 0.003977508306220345} 
 

Training until validation scores don't improve for 20 rounds
[100]	train's l2: 3.64544	eval's l2: 4.70857
Did not meet early stopping. Best iteration is:
[100]	train's l2: 3.64544	eval's l2: 4.70857
Saved Losses
{'MSE - mean': 4.493909274886629, 'MSE - std': 0.28907715773293013, 'R2 - mean': 0.5578957689134459, 'R2 - std': 0.015347185404582976} 
 

Training until validation scores don't improve for 20 rounds
[100]	train's l2: 3.69358	eval's l2: 4.31019
Did not meet early stopping. Best iteration is:
[100]	train's l2: 3.69358	eval's l2: 4.31019
Saved Losses
{'MSE - mean': 4.447980653539065, 'MSE - std': 0.2626833019414746, 'R2 - mean': 0.5532097721326374, 'R2 - std': 0.015573303193967093} 
 

Training until validation scores don't improve for 20 rounds
[100]	train's l2: 3.54068	eval's l2: 5.37971
Did not meet early stopping. Best iteration is:
[100]	train's l2: 3.54068	eval's l2: 5.37971
Saved Losses
{'MSE - mean': 4.634325872395506, 'MSE - std': 0.44056801524590855, 'R2 - mean': 0.553587807081985, 'R2 - std': 0.01394969030440079} 
 

Saving model.....
Results After CV: {'MSE - mean': 4.634325872395506, 'MSE - std': 0.44056801524590855, 'R2 - mean': 0.553587807081985, 'R2 - std': 0.01394969030440079}
Train time: 0.4721076069999981
Inference time: 0.0068478769999956056
Finished cross validation
Hyperparam was saved!!! Hurrah!!!
Trial 223 finished with value: 4.634325872395506 and parameters: {'num_leaves': 21, 'lambda_l1': 0.00015034503101468737, 'lambda_l2': 0.5618221316869355, 'learning_rate': 0.028340135033070576}. Best is trial 163 with value: 4.486410577271952.
Training until validation scores don't improve for 20 rounds
[100]	train's l2: 3.68876	eval's l2: 4.74984
Did not meet early stopping. Best iteration is:
[100]	train's l2: 3.68876	eval's l2: 4.74984
Saved Losses
{'MSE - mean': 4.749837915062087, 'MSE - std': 0.0, 'R2 - mean': 0.5668304772403985, 'R2 - std': 0.0} 
 

Training until validation scores don't improve for 20 rounds
[100]	train's l2: 3.79682	eval's l2: 4.12632
Did not meet early stopping. Best iteration is:
[100]	train's l2: 3.79682	eval's l2: 4.12632
Saved Losses
{'MSE - mean': 4.43807977734256, 'MSE - std': 0.31175813771952665, 'R2 - mean': 0.5634893846915786, 'R2 - std': 0.0033410925488198684} 
 

Training until validation scores don't improve for 20 rounds
[100]	train's l2: 3.67347	eval's l2: 4.73647
Did not meet early stopping. Best iteration is:
[100]	train's l2: 3.67347	eval's l2: 4.73647
Saved Losses
{'MSE - mean': 4.537544309086459, 'MSE - std': 0.29082952126569084, 'R2 - mean': 0.5536386592669853, 'R2 - std': 0.014195616074266657} 
 

Training until validation scores don't improve for 20 rounds
[100]	train's l2: 3.71137	eval's l2: 4.36189
Did not meet early stopping. Best iteration is:
[100]	train's l2: 3.71137	eval's l2: 4.36189
Saved Losses
{'MSE - mean': 4.493630839144238, 'MSE - std': 0.26309986004713515, 'R2 - mean': 0.548635108874814, 'R2 - std': 0.01504138246229304} 
 

Training until validation scores don't improve for 20 rounds
[100]	train's l2: 3.57399	eval's l2: 5.43906
Did not meet early stopping. Best iteration is:
[100]	train's l2: 3.57399	eval's l2: 5.43906
Saved Losses
{'MSE - mean': 4.682717434244897, 'MSE - std': 0.44541238293574575, 'R2 - mean': 0.5489463143306137, 'R2 - std': 0.013467811419991708} 
 

Saving model.....
Results After CV: {'MSE - mean': 4.682717434244897, 'MSE - std': 0.44541238293574575, 'R2 - mean': 0.5489463143306137, 'R2 - std': 0.013467811419991708}
Train time: 0.5612022461999999
Inference time: 0.0012011997999962886
Finished cross validation
Hyperparam was saved!!! Hurrah!!!
