Trial 267 finished with value: 3.180359042676214 and parameters: {'num_leaves': 3265, 'lambda_l1': 0.1692374148383269, 'lambda_l2': 6.336888974464383e-08, 'learning_rate': 0.03595157687740014}. Best is trial 175 with value: 3.0347291833074177.
Training until validation scores don't improve for 20 rounds
[100]	train's l2: 1.36841	eval's l2: 3.36004
Did not meet early stopping. Best iteration is:
[100]	train's l2: 1.36841	eval's l2: 3.36004
Saved Losses
{'MSE - mean': 3.360037404013835, 'MSE - std': 0.0, 'R2 - mean': 0.5674409689000801, 'R2 - std': 0.0} 
 

Training until validation scores don't improve for 20 rounds
[100]	train's l2: 1.35895	eval's l2: 3.41221
Did not meet early stopping. Best iteration is:
[100]	train's l2: 1.35895	eval's l2: 3.41221
Saved Losses
{'MSE - mean': 3.3861217053429353, 'MSE - std': 0.026084301329100334, 'R2 - mean': 0.5545583184926586, 'R2 - std': 0.012882650407421536} 
 

Training until validation scores don't improve for 20 rounds
[100]	train's l2: 1.37862	eval's l2: 3.08369
Did not meet early stopping. Best iteration is:
[100]	train's l2: 1.37862	eval's l2: 3.08369
Saved Losses
{'MSE - mean': 3.2853106029005317, 'MSE - std': 0.14415044433458105, 'R2 - mean': 0.5604086487079215, 'R2 - std': 0.01338261988308455} 
 

Training until validation scores don't improve for 20 rounds
[100]	train's l2: 1.42318	eval's l2: 2.79444
Did not meet early stopping. Best iteration is:
[100]	train's l2: 1.42318	eval's l2: 2.79444
Saved Losses
{'MSE - mean': 3.162592510428138, 'MSE - std': 0.24650294848456017, 'R2 - mean': 0.5677963007763238, 'R2 - std': 0.01726421430163135} 
 

Training until validation scores don't improve for 20 rounds
[100]	train's l2: 1.3931	eval's l2: 3.2522
Did not meet early stopping. Best iteration is:
[100]	train's l2: 1.3931	eval's l2: 3.2522
Saved Losses
{'MSE - mean': 3.1805137410715756, 'MSE - std': 0.22337333081719152, 'R2 - mean': 0.5684977902645568, 'R2 - std': 0.015505187079507538} 
 

Saving model.....
Results After CV: {'MSE - mean': 3.1805137410715756, 'MSE - std': 0.22337333081719152, 'R2 - mean': 0.5684977902645568, 'R2 - std': 0.015505187079507538}
Train time: 73.54283093599952
Inference time: 4.3471974774001865
Finished cross validation
Hyperparam was saved!!! Hurrah!!!
Trial 268 finished with value: 3.1805137410715756 and parameters: {'num_leaves': 1856, 'lambda_l1': 0.3631263942674061, 'lambda_l2': 3.366690765960892e-08, 'learning_rate': 0.041105803897856515}. Best is trial 175 with value: 3.0347291833074177.
Training until validation scores don't improve for 20 rounds
[100]	train's l2: 1.07399	eval's l2: 3.36634
Did not meet early stopping. Best iteration is:
[100]	train's l2: 1.07399	eval's l2: 3.36634
Saved Losses
{'MSE - mean': 3.366344991574009, 'MSE - std': 0.0, 'R2 - mean': 0.5666289529503923, 'R2 - std': 0.0} 
 

Training until validation scores don't improve for 20 rounds
[100]	train's l2: 1.04904	eval's l2: 3.37334
Did not meet early stopping. Best iteration is:
[100]	train's l2: 1.04904	eval's l2: 3.37334
Saved Losses
{'MSE - mean': 3.369843453403111, 'MSE - std': 0.003498461829102295, 'R2 - mean': 0.5567624047955051, 'R2 - std': 0.00986654815488719} 
 

Training until validation scores don't improve for 20 rounds
[100]	train's l2: 1.07607	eval's l2: 3.07746
Did not meet early stopping. Best iteration is:
[100]	train's l2: 1.07607	eval's l2: 3.07746
Saved Losses
{'MSE - mean': 3.2723820268948938, 'MSE - std': 0.13786086755909505, 'R2 - mean': 0.5621661606699726, 'R2 - std': 0.01110406847797191} 
 

Training until validation scores don't improve for 20 rounds
[100]	train's l2: 1.10968	eval's l2: 2.79189
Did not meet early stopping. Best iteration is:
[100]	train's l2: 1.10968	eval's l2: 2.79189
Saved Losses
{'MSE - mean': 3.1522600455413876, 'MSE - std': 0.2398793140643559, 'R2 - mean': 0.5692077627708803, 'R2 - std': 0.015531507750863744} 
 

Training until validation scores don't improve for 20 rounds
[100]	train's l2: 1.07815	eval's l2: 3.17564
Did not meet early stopping. Best iteration is:
[100]	train's l2: 1.07815	eval's l2: 3.17564
Saved Losses
{'MSE - mean': 3.156936116278682, 'MSE - std': 0.21475830787876277, 'R2 - mean': 0.571645301566422, 'R2 - std': 0.014722383228648654} 
 

Saving model.....
Results After CV: {'MSE - mean': 3.156936116278682, 'MSE - std': 0.21475830787876277, 'R2 - mean': 0.571645301566422, 'R2 - std': 0.014722383228648654}
Train time: 94.60646586499934
Inference time: 5.296130681599607
Finished cross validation
Hyperparam was saved!!! Hurrah!!!
Trial 269 finished with value: 3.156936116278682 and parameters: {'num_leaves': 2564, 'lambda_l1': 0.12142641062027414, 'lambda_l2': 1.9351498208831287e-08, 'learning_rate': 0.05080379441539545}. Best is trial 175 with value: 3.0347291833074177.
Training until validation scores don't improve for 20 rounds
[100]	train's l2: 1.05139	eval's l2: 3.32652
Did not meet early stopping. Best iteration is:
[100]	train's l2: 1.05139	eval's l2: 3.32652
Saved Losses
{'MSE - mean': 3.326518389904216, 'MSE - std': 0.0, 'R2 - mean': 0.5717560852286545, 'R2 - std': 0.0} 
 

Training until validation scores don't improve for 20 rounds
[100]	train's l2: 1.03216	eval's l2: 3.38257
Did not meet early stopping. Best iteration is:
[100]	train's l2: 1.03216	eval's l2: 3.38257
Saved Losses
{'MSE - mean': 3.3545460605299096, 'MSE - std': 0.028027670625693446, 'R2 - mean': 0.5587059664775234, 'R2 - std': 0.013050118751131157} 
 

Training until validation scores don't improve for 20 rounds
[100]	train's l2: 1.05328	eval's l2: 3.10903
Did not meet early stopping. Best iteration is:
[100]	train's l2: 1.05328	eval's l2: 3.10903
Saved Losses
{'MSE - mean': 3.2727076939241706, 'MSE - std': 0.11797769582082976, 'R2 - mean': 0.5620015746002649, 'R2 - std': 0.011630095961618006} 
 

Training until validation scores don't improve for 20 rounds
[100]	train's l2: 1.08807	eval's l2: 2.77608
Did not meet early stopping. Best iteration is:
[100]	train's l2: 1.08807	eval's l2: 2.77608
Saved Losses
{'MSE - mean': 3.1485497593743106, 'MSE - std': 0.23808534324577005, 'R2 - mean': 0.5696645904940041, 'R2 - std': 0.01666162617574972} 
 

Training until validation scores don't improve for 20 rounds
[100]	train's l2: 1.07295	eval's l2: 3.18717
Did not meet early stopping. Best iteration is:
[100]	train's l2: 1.07295	eval's l2: 3.18717
Saved Losses
{'MSE - mean': 3.1562741947092685, 'MSE - std': 0.21350965350480222, 'R2 - mean': 0.5717067523899064, 'R2 - std': 0.015452169112867106} 
 

Saving model.....
Results After CV: {'MSE - mean': 3.1562741947092685, 'MSE - std': 0.21350965350480222, 'R2 - mean': 0.5717067523899064, 'R2 - std': 0.015452169112867106}
Train time: 78.75962193680024
Inference time: 4.831986518800113
Finished cross validation
Hyperparam was saved!!! Hurrah!!!
Trial 270 finished with value: 3.1562741947092685 and parameters: {'num_leaves': 2052, 'lambda_l1': 0.02619714140806749, 'lambda_l2': 4.6019277636470624e-08, 'learning_rate': 0.05427126777301607}. Best is trial 175 with value: 3.0347291833074177.
Training until validation scores don't improve for 20 rounds
[100]	train's l2: 1.52067	eval's l2: 3.35593
Did not meet early stopping. Best iteration is:
[100]	train's l2: 1.52067	eval's l2: 3.35593
Saved Losses
{'MSE - mean': 3.355931083650251, 'MSE - std': 0.0, 'R2 - mean': 0.5679696016931959, 'R2 - std': 0.0} 
 

Training until validation scores don't improve for 20 rounds
[100]	train's l2: 1.50417	eval's l2: 3.4412
Did not meet early stopping. Best iteration is:
[100]	train's l2: 1.50417	eval's l2: 3.4412
Saved Losses
{'MSE - mean': 3.3985661368209437, 'MSE - std': 0.042635053170692494, 'R2 - mean': 0.5528753318838122, 'R2 - std': 0.015094269809383665} 
 

Training until validation scores don't improve for 20 rounds
[100]	train's l2: 1.529	eval's l2: 3.14606
Did not meet early stopping. Best iteration is:
[100]	train's l2: 1.529	eval's l2: 3.14606
Saved Losses
{'MSE - mean': 3.314397081492521, 'MSE - std': 0.12401891625475168, 'R2 - mean': 0.5564018236261307, 'R2 - std': 0.013295247599659837} 
 

Training until validation scores don't improve for 20 rounds
[100]	train's l2: 1.5636	eval's l2: 2.81196
Did not meet early stopping. Best iteration is:
[100]	train's l2: 1.5636	eval's l2: 2.81196
Saved Losses
{'MSE - mean': 3.188787943144098, 'MSE - std': 0.24262828689510332, 'R2 - mean': 0.5641484002770242, 'R2 - std': 0.017680527593279077} 
 

Training until validation scores don't improve for 20 rounds
[100]	train's l2: 1.53491	eval's l2: 3.26468
Did not meet early stopping. Best iteration is:
[100]	train's l2: 1.53491	eval's l2: 3.26468
Saved Losses
{'MSE - mean': 3.2039664174344358, 'MSE - std': 0.21912629419686697, 'R2 - mean': 0.5652504102022904, 'R2 - std': 0.015966795178836108} 
 

Saving model.....
Results After CV: {'MSE - mean': 3.2039664174344358, 'MSE - std': 0.21912629419686697, 'R2 - mean': 0.5652504102022904, 'R2 - std': 0.015966795178836108}
Train time: 56.410695745400155
Inference time: 3.749036504599644
Finished cross validation
Hyperparam was saved!!! Hurrah!!!
Trial 271 finished with value: 3.2039664174344358 and parameters: {'num_leaves': 1352, 'lambda_l1': 0.05925514840724028, 'lambda_l2': 1.4843595220973181e-08, 'learning_rate': 0.03859336958311446}. Best is trial 175 with value: 3.0347291833074177.
Training until validation scores don't improve for 20 rounds
[100]	train's l2: 1.06805	eval's l2: 3.36407
Did not meet early stopping. Best iteration is:
[100]	train's l2: 1.06805	eval's l2: 3.36407
Saved Losses
{'MSE - mean': 3.364072568631513, 'MSE - std': 0.0, 'R2 - mean': 0.5669214964396645, 'R2 - std': 0.0} 
 

Training until validation scores don't improve for 20 rounds
[100]	train's l2: 1.05018	eval's l2: 3.35453
Did not meet early stopping. Best iteration is:
[100]	train's l2: 1.05018	eval's l2: 3.35453
Saved Losses
{'MSE - mean': 3.359302501091027, 'MSE - std': 0.004770067540486256, 'R2 - mean': 0.5581719125681768, 'R2 - std': 0.008749583871487665} 
 

Training until validation scores don't improve for 20 rounds
[100]	train's l2: 1.07334	eval's l2: 3.046
Did not meet early stopping. Best iteration is:
[100]	train's l2: 1.07334	eval's l2: 3.046
Saved Losses
{'MSE - mean': 3.254866860112138, 'MSE - std': 0.14774564373579052, 'R2 - mean': 0.5645611221990116, 'R2 - std': 0.011518715699372436} 
 

Training until validation scores don't improve for 20 rounds
[100]	train's l2: 1.11204	eval's l2: 2.77849
Did not meet early stopping. Best iteration is:
[100]	train's l2: 1.11204	eval's l2: 2.77849
Saved Losses
{'MSE - mean': 3.1357729447842115, 'MSE - std': 0.24273784920482322, 'R2 - mean': 0.5714956512686113, 'R2 - std': 0.015613253625481056} 
 

Training until validation scores don't improve for 20 rounds
[100]	train's l2: 1.06998	eval's l2: 3.19228
Did not meet early stopping. Best iteration is:
[100]	train's l2: 1.06998	eval's l2: 3.19228
Saved Losses
{'MSE - mean': 3.1470750369475327, 'MSE - std': 0.21828485952612375, 'R2 - mean': 0.5730368449221234, 'R2 - std': 0.014301051098761274} 
 

Saving model.....
Results After CV: {'MSE - mean': 3.1470750369475327, 'MSE - std': 0.21828485952612375, 'R2 - mean': 0.5730368449221234, 'R2 - std': 0.014301051098761274}
Train time: 139.0285360733993
Inference time: 6.080895800200233
Finished cross validation
Hyperparam was saved!!! Hurrah!!!
Trial 272 finished with value: 3.1470750369475327 and parameters: {'num_leaves': 3946, 'lambda_l1': 0.014906338549746297, 'lambda_l2': 1.0199743621273442e-07, 'learning_rate': 0.046842579125740844}. Best is trial 175 with value: 3.0347291833074177.
Training until validation scores don't improve for 20 rounds
[100]	train's l2: 1.75908	eval's l2: 3.41338
Did not meet early stopping. Best iteration is:
[100]	train's l2: 1.75908	eval's l2: 3.41338
Saved Losses
{'MSE - mean': 3.413382111802146, 'MSE - std': 0.0, 'R2 - mean': 0.5605735646599798, 'R2 - std': 0.0} 
 

Training until validation scores don't improve for 20 rounds
[100]	train's l2: 1.74229	eval's l2: 3.45943
Did not meet early stopping. Best iteration is:
[100]	train's l2: 1.74229	eval's l2: 3.45943
Saved Losses
{'MSE - mean': 3.436407266668179, 'MSE - std': 0.02302515486603296, 'R2 - mean': 0.5479529123491538, 'R2 - std': 0.012620652310826042} 
 

Training until validation scores don't improve for 20 rounds
[100]	train's l2: 1.76509	eval's l2: 3.18375
Did not meet early stopping. Best iteration is:
[100]	train's l2: 1.76509	eval's l2: 3.18375
Saved Losses
{'MSE - mean': 3.3521885467194767, 'MSE - std': 0.12057787559912932, 'R2 - mean': 0.5513768314603028, 'R2 - std': 0.011385679045474422} 
 

Training until validation scores don't improve for 20 rounds
[100]	train's l2: 1.81236	eval's l2: 2.85591
Did not meet early stopping. Best iteration is:
[100]	train's l2: 1.81236	eval's l2: 2.85591
Saved Losses
{'MSE - mean': 3.2281185905767735, 'MSE - std': 0.23892327244275807, 'R2 - mean': 0.5587674761150311, 'R2 - std': 0.01615828427563735} 
 

Training until validation scores don't improve for 20 rounds
[100]	train's l2: 1.76335	eval's l2: 3.30708
Did not meet early stopping. Best iteration is:
[100]	train's l2: 1.76335	eval's l2: 3.30708
Saved Losses
{'MSE - mean': 3.2439116621160657, 'MSE - std': 0.2160211761063853, 'R2 - mean': 0.5598277638381297, 'R2 - std': 0.014607154439139167} 
 

Saving model.....
Results After CV: {'MSE - mean': 3.2439116621160657, 'MSE - std': 0.2160211761063853, 'R2 - mean': 0.5598277638381297, 'R2 - std': 0.014607154439139167}
Train time: 46.68369280020052
Inference time: 3.325446442999964
Finished cross validation
Hyperparam was saved!!! Hurrah!!!
Trial 273 finished with value: 3.2439116621160657 and parameters: {'num_leaves': 1030, 'lambda_l1': 0.23278331135738733, 'lambda_l2': 2.6853530001260953e-08, 'learning_rate': 0.033258303402692736}. Best is trial 175 with value: 3.0347291833074177.
Training until validation scores don't improve for 20 rounds
[100]	train's l2: 1.21263	eval's l2: 3.38519
Did not meet early stopping. Best iteration is:
[100]	train's l2: 1.21263	eval's l2: 3.38519
Saved Losses
{'MSE - mean': 3.385194477279966, 'MSE - std': 0.0, 'R2 - mean': 0.5642023385133147, 'R2 - std': 0.0} 
 

Training until validation scores don't improve for 20 rounds
[100]	train's l2: 1.19766	eval's l2: 3.40456
Did not meet early stopping. Best iteration is:
[100]	train's l2: 1.19766	eval's l2: 3.40456
Saved Losses
{'MSE - mean': 3.394875249112853, 'MSE - std': 0.00968077183288707, 'R2 - mean': 0.5534527727771894, 'R2 - std': 0.010749565736125344} 
 

Training until validation scores don't improve for 20 rounds
[100]	train's l2: 1.21545	eval's l2: 3.11852
Did not meet early stopping. Best iteration is:
[100]	train's l2: 1.21545	eval's l2: 3.11852
Saved Losses
{'MSE - mean': 3.302757834299392, 'MSE - std': 0.1305132730900735, 'R2 - mean': 0.5580604087544554, 'R2 - std': 0.010931425384711372} 
 

Training until validation scores don't improve for 20 rounds
[100]	train's l2: 1.25806	eval's l2: 2.77668
Did not meet early stopping. Best iteration is:
[100]	train's l2: 1.25806	eval's l2: 2.77668
Saved Losses
{'MSE - mean': 3.171239128182828, 'MSE - std': 0.2542966692963919, 'R2 - mean': 0.5666864471510131, 'R2 - std': 0.017687500133223934} 
 

Training until validation scores don't improve for 20 rounds
[100]	train's l2: 1.21952	eval's l2: 3.23215
Did not meet early stopping. Best iteration is:
[100]	train's l2: 1.21952	eval's l2: 3.23215
Saved Losses
{'MSE - mean': 3.1834219641284762, 'MSE - std': 0.22875122465006634, 'R2 - mean': 0.5681383725509516, 'R2 - std': 0.016084479420801386} 
 

Saving model.....
Results After CV: {'MSE - mean': 3.1834219641284762, 'MSE - std': 0.22875122465006634, 'R2 - mean': 0.5681383725509516, 'R2 - std': 0.016084479420801386}
Train time: 111.03748603139903
Inference time: 5.436811758999829
Finished cross validation
Hyperparam was saved!!! Hurrah!!!
Trial 274 finished with value: 3.1834219641284762 and parameters: {'num_leaves': 3150, 'lambda_l1': 0.5345137529696586, 'lambda_l2': 7.60927362572139e-08, 'learning_rate': 0.0429031748453527}. Best is trial 175 with value: 3.0347291833074177.
Training until validation scores don't improve for 20 rounds
[100]	train's l2: 1.52713	eval's l2: 3.36371
Did not meet early stopping. Best iteration is:
[100]	train's l2: 1.52713	eval's l2: 3.36371
Saved Losses
{'MSE - mean': 3.3637064604091202, 'MSE - std': 0.0, 'R2 - mean': 0.56696862788462, 'R2 - std': 0.0} 
 

Training until validation scores don't improve for 20 rounds
[100]	train's l2: 1.5088	eval's l2: 3.4188
Did not meet early stopping. Best iteration is:
[100]	train's l2: 1.5088	eval's l2: 3.4188
Saved Losses
{'MSE - mean': 3.3912534956786664, 'MSE - std': 0.02754703526954616, 'R2 - mean': 0.5538792628063571, 'R2 - std': 0.013089365078262805} 
 

Training until validation scores don't improve for 20 rounds
[100]	train's l2: 1.5341	eval's l2: 3.0988
Did not meet early stopping. Best iteration is:
[100]	train's l2: 1.5341	eval's l2: 3.0988
Saved Losses
{'MSE - mean': 3.2937705610234196, 'MSE - std': 0.13968442241743648, 'R2 - mean': 0.5592567690689015, 'R2 - std': 0.013117016910948368} 
 

Training until validation scores don't improve for 20 rounds
[100]	train's l2: 1.56717	eval's l2: 2.82097
Did not meet early stopping. Best iteration is:
[100]	train's l2: 1.56717	eval's l2: 2.82097
Saved Losses
{'MSE - mean': 3.1755701250583845, 'MSE - std': 0.23779788179574374, 'R2 - mean': 0.5659591524628219, 'R2 - std': 0.01624216515612609} 
 

Training until validation scores don't improve for 20 rounds
[100]	train's l2: 1.53255	eval's l2: 3.26797
Did not meet early stopping. Best iteration is:
[100]	train's l2: 1.53255	eval's l2: 3.26797
Saved Losses
{'MSE - mean': 3.1940499872239725, 'MSE - std': 0.21588026146887676, 'R2 - mean': 0.5666122992919098, 'R2 - std': 0.014586046287068043} 
 

Saving model.....
Results After CV: {'MSE - mean': 3.1940499872239725, 'MSE - std': 0.21588026146887676, 'R2 - mean': 0.5666122992919098, 'R2 - std': 0.014586046287068043}
Train time: 69.18282267960167
Inference time: 4.1938979604005
Finished cross validation
Hyperparam was saved!!! Hurrah!!!
Trial 275 finished with value: 3.1940499872239725 and parameters: {'num_leaves': 1682, 'lambda_l1': 0.08667232906319389, 'lambda_l2': 3.565920970784507e-08, 'learning_rate': 0.036532986214663006}. Best is trial 175 with value: 3.0347291833074177.
Training until validation scores don't improve for 20 rounds
[100]	train's l2: 1.34521	eval's l2: 3.35559
Did not meet early stopping. Best iteration is:
[100]	train's l2: 1.34521	eval's l2: 3.35559
Saved Losses
{'MSE - mean': 3.3555867896731693, 'MSE - std': 0.0, 'R2 - mean': 0.5680139248513139, 'R2 - std': 0.0} 
 

Training until validation scores don't improve for 20 rounds
[100]	train's l2: 1.33639	eval's l2: 3.40735
Did not meet early stopping. Best iteration is:
[100]	train's l2: 1.33639	eval's l2: 3.40735
Saved Losses
{'MSE - mean': 3.3814666212385545, 'MSE - std': 0.02587983156538498, 'R2 - mean': 0.5551711618424123, 'R2 - std': 0.012842763008901525} 
 

Training until validation scores don't improve for 20 rounds
[100]	train's l2: 1.35546	eval's l2: 3.09893
Did not meet early stopping. Best iteration is:
[100]	train's l2: 1.35546	eval's l2: 3.09893
Saved Losses
{'MSE - mean': 3.2872878233415164, 'MSE - std': 0.13485474556436933, 'R2 - mean': 0.5601122286680746, 'R2 - std': 0.012601031328950586} 
 

Training until validation scores don't improve for 20 rounds
[100]	train's l2: 1.39502	eval's l2: 2.80684
Did not meet early stopping. Best iteration is:
[100]	train's l2: 1.39502	eval's l2: 2.80684
Saved Losses
{'MSE - mean': 3.167175487324534, 'MSE - std': 0.23857969651940725, 'R2 - mean': 0.5671190994895985, 'R2 - std': 0.016321097053919653} 
 

Training until validation scores don't improve for 20 rounds
[100]	train's l2: 1.36168	eval's l2: 3.24075
Did not meet early stopping. Best iteration is:
[100]	train's l2: 1.36168	eval's l2: 3.24075
Saved Losses
{'MSE - mean': 3.1818900202073435, 'MSE - std': 0.21541190121455941, 'R2 - mean': 0.5682579044920779, 'R2 - std': 0.014774642959119547} 
 

Saving model.....
Results After CV: {'MSE - mean': 3.1818900202073435, 'MSE - std': 0.21541190121455941, 'R2 - mean': 0.5682579044920779, 'R2 - std': 0.014774642959119547}
Train time: 84.03187604239938
Inference time: 4.7418383359996366
Finished cross validation
Hyperparam was saved!!! Hurrah!!!
