[I 2024-12-09 18:38:32,718] Trial 54 finished with value: 11806248.202476569 and parameters: {'num_leaves': 197, 'lambda_l1': 0.003921081375716693, 'lambda_l2': 2.9379542580227266e-05, 'learning_rate': 0.08719932378540422}. Best is trial 12 with value: 11805214.96191578.
/home/mburu/.local/lib/python3.8/site-packages/lightgbm/basic.py:1780: UserWarning: Overriding the parameters from Reference Dataset.
  _log_warning('Overriding the parameters from Reference Dataset.')
/home/mburu/.local/lib/python3.8/site-packages/lightgbm/basic.py:1513: UserWarning: categorical_column in param dict is overridden.
  _log_warning(f'{cat_alias} in param dict is overridden.')
/home/mburu/.local/lib/python3.8/site-packages/lightgbm/basic.py:1780: UserWarning: Overriding the parameters from Reference Dataset.
  _log_warning('Overriding the parameters from Reference Dataset.')
/home/mburu/.local/lib/python3.8/site-packages/lightgbm/basic.py:1513: UserWarning: categorical_column in param dict is overridden.
  _log_warning(f'{cat_alias} in param dict is overridden.')
/home/mburu/.local/lib/python3.8/site-packages/lightgbm/basic.py:1780: UserWarning: Overriding the parameters from Reference Dataset.
  _log_warning('Overriding the parameters from Reference Dataset.')
/home/mburu/.local/lib/python3.8/site-packages/lightgbm/basic.py:1513: UserWarning: categorical_column in param dict is overridden.
  _log_warning(f'{cat_alias} in param dict is overridden.')
/home/mburu/.local/lib/python3.8/site-packages/lightgbm/basic.py:1780: UserWarning: Overriding the parameters from Reference Dataset.
  _log_warning('Overriding the parameters from Reference Dataset.')
/home/mburu/.local/lib/python3.8/site-packages/lightgbm/basic.py:1513: UserWarning: categorical_column in param dict is overridden.
  _log_warning(f'{cat_alias} in param dict is overridden.')
/home/mburu/.local/lib/python3.8/site-packages/lightgbm/basic.py:1780: UserWarning: Overriding the parameters from Reference Dataset.
  _log_warning('Overriding the parameters from Reference Dataset.')
/home/mburu/.local/lib/python3.8/site-packages/lightgbm/basic.py:1513: UserWarning: categorical_column in param dict is overridden.
  _log_warning(f'{cat_alias} in param dict is overridden.')
[I 2024-12-09 18:38:42,346] Trial 55 finished with value: 11815376.997769978 and parameters: {'num_leaves': 238, 'lambda_l1': 0.004194038209383045, 'lambda_l2': 1.0391327194173089e-08, 'learning_rate': 0.09052345565927797}. Best is trial 12 with value: 11805214.96191578.
/home/mburu/.local/lib/python3.8/site-packages/lightgbm/basic.py:1780: UserWarning: Overriding the parameters from Reference Dataset.
  _log_warning('Overriding the parameters from Reference Dataset.')
/home/mburu/.local/lib/python3.8/site-packages/lightgbm/basic.py:1513: UserWarning: categorical_column in param dict is overridden.
  _log_warning(f'{cat_alias} in param dict is overridden.')
/home/mburu/.local/lib/python3.8/site-packages/lightgbm/basic.py:1780: UserWarning: Overriding the parameters from Reference Dataset.
  _log_warning('Overriding the parameters from Reference Dataset.')
/home/mburu/.local/lib/python3.8/site-packages/lightgbm/basic.py:1513: UserWarning: categorical_column in param dict is overridden.
  _log_warning(f'{cat_alias} in param dict is overridden.')
/home/mburu/.local/lib/python3.8/site-packages/lightgbm/basic.py:1780: UserWarning: Overriding the parameters from Reference Dataset.
  _log_warning('Overriding the parameters from Reference Dataset.')
/home/mburu/.local/lib/python3.8/site-packages/lightgbm/basic.py:1513: UserWarning: categorical_column in param dict is overridden.
  _log_warning(f'{cat_alias} in param dict is overridden.')
/home/mburu/.local/lib/python3.8/site-packages/lightgbm/basic.py:1780: UserWarning: Overriding the parameters from Reference Dataset.
  _log_warning('Overriding the parameters from Reference Dataset.')
/home/mburu/.local/lib/python3.8/site-packages/lightgbm/basic.py:1513: UserWarning: categorical_column in param dict is overridden.
  _log_warning(f'{cat_alias} in param dict is overridden.')
/home/mburu/.local/lib/python3.8/site-packages/lightgbm/basic.py:1780: UserWarning: Overriding the parameters from Reference Dataset.
  _log_warning('Overriding the parameters from Reference Dataset.')
/home/mburu/.local/lib/python3.8/site-packages/lightgbm/basic.py:1513: UserWarning: categorical_column in param dict is overridden.
  _log_warning(f'{cat_alias} in param dict is overridden.')
[I 2024-12-09 18:38:50,044] Trial 56 finished with value: 11821725.044989545 and parameters: {'num_leaves': 150, 'lambda_l1': 0.02182944173518756, 'lambda_l2': 0.0005578595580013236, 'learning_rate': 0.11809743847809023}. Best is trial 12 with value: 11805214.96191578.
/home/mburu/.local/lib/python3.8/site-packages/lightgbm/basic.py:1780: UserWarning: Overriding the parameters from Reference Dataset.
  _log_warning('Overriding the parameters from Reference Dataset.')
/home/mburu/.local/lib/python3.8/site-packages/lightgbm/basic.py:1513: UserWarning: categorical_column in param dict is overridden.
  _log_warning(f'{cat_alias} in param dict is overridden.')
/home/mburu/.local/lib/python3.8/site-packages/lightgbm/basic.py:1780: UserWarning: Overriding the parameters from Reference Dataset.
  _log_warning('Overriding the parameters from Reference Dataset.')
/home/mburu/.local/lib/python3.8/site-packages/lightgbm/basic.py:1513: UserWarning: categorical_column in param dict is overridden.
  _log_warning(f'{cat_alias} in param dict is overridden.')
/home/mburu/.local/lib/python3.8/site-packages/lightgbm/basic.py:1780: UserWarning: Overriding the parameters from Reference Dataset.
  _log_warning('Overriding the parameters from Reference Dataset.')
/home/mburu/.local/lib/python3.8/site-packages/lightgbm/basic.py:1513: UserWarning: categorical_column in param dict is overridden.
  _log_warning(f'{cat_alias} in param dict is overridden.')
/home/mburu/.local/lib/python3.8/site-packages/lightgbm/basic.py:1780: UserWarning: Overriding the parameters from Reference Dataset.
  _log_warning('Overriding the parameters from Reference Dataset.')
/home/mburu/.local/lib/python3.8/site-packages/lightgbm/basic.py:1513: UserWarning: categorical_column in param dict is overridden.
  _log_warning(f'{cat_alias} in param dict is overridden.')
/home/mburu/.local/lib/python3.8/site-packages/lightgbm/basic.py:1780: UserWarning: Overriding the parameters from Reference Dataset.
  _log_warning('Overriding the parameters from Reference Dataset.')
/home/mburu/.local/lib/python3.8/site-packages/lightgbm/basic.py:1513: UserWarning: categorical_column in param dict is overridden.
  _log_warning(f'{cat_alias} in param dict is overridden.')
[I 2024-12-09 18:39:03,556] Trial 57 finished with value: 11853589.923280139 and parameters: {'num_leaves': 398, 'lambda_l1': 0.12756323272234002, 'lambda_l2': 0.00014695543907196918, 'learning_rate': 0.06364732297954358}. Best is trial 12 with value: 11805214.96191578.
/home/mburu/.local/lib/python3.8/site-packages/lightgbm/basic.py:1780: UserWarning: Overriding the parameters from Reference Dataset.
  _log_warning('Overriding the parameters from Reference Dataset.')
/home/mburu/.local/lib/python3.8/site-packages/lightgbm/basic.py:1513: UserWarning: categorical_column in param dict is overridden.
  _log_warning(f'{cat_alias} in param dict is overridden.')
/home/mburu/.local/lib/python3.8/site-packages/lightgbm/basic.py:1780: UserWarning: Overriding the parameters from Reference Dataset.
  _log_warning('Overriding the parameters from Reference Dataset.')
/home/mburu/.local/lib/python3.8/site-packages/lightgbm/basic.py:1513: UserWarning: categorical_column in param dict is overridden.
  _log_warning(f'{cat_alias} in param dict is overridden.')
/home/mburu/.local/lib/python3.8/site-packages/lightgbm/basic.py:1780: UserWarning: Overriding the parameters from Reference Dataset.
  _log_warning('Overriding the parameters from Reference Dataset.')
/home/mburu/.local/lib/python3.8/site-packages/lightgbm/basic.py:1513: UserWarning: categorical_column in param dict is overridden.
  _log_warning(f'{cat_alias} in param dict is overridden.')
/home/mburu/.local/lib/python3.8/site-packages/lightgbm/basic.py:1780: UserWarning: Overriding the parameters from Reference Dataset.
  _log_warning('Overriding the parameters from Reference Dataset.')
/home/mburu/.local/lib/python3.8/site-packages/lightgbm/basic.py:1513: UserWarning: categorical_column in param dict is overridden.
  _log_warning(f'{cat_alias} in param dict is overridden.')
/home/mburu/.local/lib/python3.8/site-packages/lightgbm/basic.py:1780: UserWarning: Overriding the parameters from Reference Dataset.
  _log_warning('Overriding the parameters from Reference Dataset.')
/home/mburu/.local/lib/python3.8/site-packages/lightgbm/basic.py:1513: UserWarning: categorical_column in param dict is overridden.
  _log_warning(f'{cat_alias} in param dict is overridden.')
[I 2024-12-09 18:39:14,101] Trial 58 finished with value: 11977465.010259995 and parameters: {'num_leaves': 755, 'lambda_l1': 0.0034973572189172437, 'lambda_l2': 2.3952455843560672e-08, 'learning_rate': 0.14300270642344867}. Best is trial 12 with value: 11805214.96191578.
/home/mburu/.local/lib/python3.8/site-packages/lightgbm/basic.py:1780: UserWarning: Overriding the parameters from Reference Dataset.
  _log_warning('Overriding the parameters from Reference Dataset.')
/home/mburu/.local/lib/python3.8/site-packages/lightgbm/basic.py:1513: UserWarning: categorical_column in param dict is overridden.
  _log_warning(f'{cat_alias} in param dict is overridden.')
/home/mburu/.local/lib/python3.8/site-packages/lightgbm/basic.py:1780: UserWarning: Overriding the parameters from Reference Dataset.
  _log_warning('Overriding the parameters from Reference Dataset.')
/home/mburu/.local/lib/python3.8/site-packages/lightgbm/basic.py:1513: UserWarning: categorical_column in param dict is overridden.
  _log_warning(f'{cat_alias} in param dict is overridden.')
/home/mburu/.local/lib/python3.8/site-packages/lightgbm/basic.py:1780: UserWarning: Overriding the parameters from Reference Dataset.
  _log_warning('Overriding the parameters from Reference Dataset.')
/home/mburu/.local/lib/python3.8/site-packages/lightgbm/basic.py:1513: UserWarning: categorical_column in param dict is overridden.
  _log_warning(f'{cat_alias} in param dict is overridden.')
/home/mburu/.local/lib/python3.8/site-packages/lightgbm/basic.py:1780: UserWarning: Overriding the parameters from Reference Dataset.
  _log_warning('Overriding the parameters from Reference Dataset.')
/home/mburu/.local/lib/python3.8/site-packages/lightgbm/basic.py:1513: UserWarning: categorical_column in param dict is overridden.
  _log_warning(f'{cat_alias} in param dict is overridden.')
/home/mburu/.local/lib/python3.8/site-packages/lightgbm/basic.py:1780: UserWarning: Overriding the parameters from Reference Dataset.
  _log_warning('Overriding the parameters from Reference Dataset.')
/home/mburu/.local/lib/python3.8/site-packages/lightgbm/basic.py:1513: UserWarning: categorical_column in param dict is overridden.
  _log_warning(f'{cat_alias} in param dict is overridden.')
[I 2024-12-09 18:39:23,592] Trial 59 finished with value: 11824560.372421559 and parameters: {'num_leaves': 201, 'lambda_l1': 0.0012752874357458937, 'lambda_l2': 0.0011721870465056874, 'learning_rate': 0.09395430235499355}. Best is trial 12 with value: 11805214.96191578.
/home/mburu/.local/lib/python3.8/site-packages/lightgbm/basic.py:1780: UserWarning: Overriding the parameters from Reference Dataset.
  _log_warning('Overriding the parameters from Reference Dataset.')
/home/mburu/.local/lib/python3.8/site-packages/lightgbm/basic.py:1513: UserWarning: categorical_column in param dict is overridden.
  _log_warning(f'{cat_alias} in param dict is overridden.')
/home/mburu/.local/lib/python3.8/site-packages/lightgbm/basic.py:1780: UserWarning: Overriding the parameters from Reference Dataset.
  _log_warning('Overriding the parameters from Reference Dataset.')
/home/mburu/.local/lib/python3.8/site-packages/lightgbm/basic.py:1513: UserWarning: categorical_column in param dict is overridden.
  _log_warning(f'{cat_alias} in param dict is overridden.')
/home/mburu/.local/lib/python3.8/site-packages/lightgbm/basic.py:1780: UserWarning: Overriding the parameters from Reference Dataset.
  _log_warning('Overriding the parameters from Reference Dataset.')
/home/mburu/.local/lib/python3.8/site-packages/lightgbm/basic.py:1513: UserWarning: categorical_column in param dict is overridden.
  _log_warning(f'{cat_alias} in param dict is overridden.')
/home/mburu/.local/lib/python3.8/site-packages/lightgbm/basic.py:1780: UserWarning: Overriding the parameters from Reference Dataset.
  _log_warning('Overriding the parameters from Reference Dataset.')
/home/mburu/.local/lib/python3.8/site-packages/lightgbm/basic.py:1513: UserWarning: categorical_column in param dict is overridden.
  _log_warning(f'{cat_alias} in param dict is overridden.')
/home/mburu/.local/lib/python3.8/site-packages/lightgbm/basic.py:1780: UserWarning: Overriding the parameters from Reference Dataset.
  _log_warning('Overriding the parameters from Reference Dataset.')
/home/mburu/.local/lib/python3.8/site-packages/lightgbm/basic.py:1513: UserWarning: categorical_column in param dict is overridden.
  _log_warning(f'{cat_alias} in param dict is overridden.')
[I 2024-12-09 18:39:29,515] Trial 60 finished with value: 11851674.156205373 and parameters: {'num_leaves': 52, 'lambda_l1': 0.007274621016077082, 'lambda_l2': 0.0002914581788964885, 'learning_rate': 0.19735112829834828}. Best is trial 12 with value: 11805214.96191578.
/home/mburu/.local/lib/python3.8/site-packages/lightgbm/basic.py:1780: UserWarning: Overriding the parameters from Reference Dataset.
  _log_warning('Overriding the parameters from Reference Dataset.')
/home/mburu/.local/lib/python3.8/site-packages/lightgbm/basic.py:1513: UserWarning: categorical_column in param dict is overridden.
  _log_warning(f'{cat_alias} in param dict is overridden.')
/home/mburu/.local/lib/python3.8/site-packages/lightgbm/basic.py:1780: UserWarning: Overriding the parameters from Reference Dataset.
  _log_warning('Overriding the parameters from Reference Dataset.')
/home/mburu/.local/lib/python3.8/site-packages/lightgbm/basic.py:1513: UserWarning: categorical_column in param dict is overridden.
  _log_warning(f'{cat_alias} in param dict is overridden.')
/home/mburu/.local/lib/python3.8/site-packages/lightgbm/basic.py:1780: UserWarning: Overriding the parameters from Reference Dataset.
  _log_warning('Overriding the parameters from Reference Dataset.')
/home/mburu/.local/lib/python3.8/site-packages/lightgbm/basic.py:1513: UserWarning: categorical_column in param dict is overridden.
  _log_warning(f'{cat_alias} in param dict is overridden.')
/home/mburu/.local/lib/python3.8/site-packages/lightgbm/basic.py:1780: UserWarning: Overriding the parameters from Reference Dataset.
  _log_warning('Overriding the parameters from Reference Dataset.')
/home/mburu/.local/lib/python3.8/site-packages/lightgbm/basic.py:1513: UserWarning: categorical_column in param dict is overridden.
  _log_warning(f'{cat_alias} in param dict is overridden.')
/home/mburu/.local/lib/python3.8/site-packages/lightgbm/basic.py:1780: UserWarning: Overriding the parameters from Reference Dataset.
  _log_warning('Overriding the parameters from Reference Dataset.')
/home/mburu/.local/lib/python3.8/site-packages/lightgbm/basic.py:1513: UserWarning: categorical_column in param dict is overridden.
  _log_warning(f'{cat_alias} in param dict is overridden.')
[I 2024-12-09 18:39:42,650] Trial 61 finished with value: 11815890.262875415 and parameters: {'num_leaves': 92, 'lambda_l1': 0.0003674853084480668, 'lambda_l2': 2.392263586182865e-05, 'learning_rate': 0.04940982221049571}. Best is trial 12 with value: 11805214.96191578.
/home/mburu/.local/lib/python3.8/site-packages/lightgbm/basic.py:1780: UserWarning: Overriding the parameters from Reference Dataset.
  _log_warning('Overriding the parameters from Reference Dataset.')
/home/mburu/.local/lib/python3.8/site-packages/lightgbm/basic.py:1513: UserWarning: categorical_column in param dict is overridden.
  _log_warning(f'{cat_alias} in param dict is overridden.')
/home/mburu/.local/lib/python3.8/site-packages/lightgbm/basic.py:1780: UserWarning: Overriding the parameters from Reference Dataset.
  _log_warning('Overriding the parameters from Reference Dataset.')
/home/mburu/.local/lib/python3.8/site-packages/lightgbm/basic.py:1513: UserWarning: categorical_column in param dict is overridden.
  _log_warning(f'{cat_alias} in param dict is overridden.')
/home/mburu/.local/lib/python3.8/site-packages/lightgbm/basic.py:1780: UserWarning: Overriding the parameters from Reference Dataset.
  _log_warning('Overriding the parameters from Reference Dataset.')
/home/mburu/.local/lib/python3.8/site-packages/lightgbm/basic.py:1513: UserWarning: categorical_column in param dict is overridden.
  _log_warning(f'{cat_alias} in param dict is overridden.')
/home/mburu/.local/lib/python3.8/site-packages/lightgbm/basic.py:1780: UserWarning: Overriding the parameters from Reference Dataset.
  _log_warning('Overriding the parameters from Reference Dataset.')
/home/mburu/.local/lib/python3.8/site-packages/lightgbm/basic.py:1513: UserWarning: categorical_column in param dict is overridden.
  _log_warning(f'{cat_alias} in param dict is overridden.')
/home/mburu/.local/lib/python3.8/site-packages/lightgbm/basic.py:1780: UserWarning: Overriding the parameters from Reference Dataset.
  _log_warning('Overriding the parameters from Reference Dataset.')
/home/mburu/.local/lib/python3.8/site-packages/lightgbm/basic.py:1513: UserWarning: categorical_column in param dict is overridden.
  _log_warning(f'{cat_alias} in param dict is overridden.')
[I 2024-12-09 18:39:57,893] Trial 62 finished with value: 11797945.487151664 and parameters: {'num_leaves': 108, 'lambda_l1': 6.8983152256554146, 'lambda_l2': 0.00441130350129941, 'learning_rate': 0.04307249107453798}. Best is trial 62 with value: 11797945.487151664.
/home/mburu/.local/lib/python3.8/site-packages/lightgbm/basic.py:1780: UserWarning: Overriding the parameters from Reference Dataset.
  _log_warning('Overriding the parameters from Reference Dataset.')
/home/mburu/.local/lib/python3.8/site-packages/lightgbm/basic.py:1513: UserWarning: categorical_column in param dict is overridden.
  _log_warning(f'{cat_alias} in param dict is overridden.')
/home/mburu/.local/lib/python3.8/site-packages/lightgbm/basic.py:1780: UserWarning: Overriding the parameters from Reference Dataset.
  _log_warning('Overriding the parameters from Reference Dataset.')
/home/mburu/.local/lib/python3.8/site-packages/lightgbm/basic.py:1513: UserWarning: categorical_column in param dict is overridden.
  _log_warning(f'{cat_alias} in param dict is overridden.')
/home/mburu/.local/lib/python3.8/site-packages/lightgbm/basic.py:1780: UserWarning: Overriding the parameters from Reference Dataset.
  _log_warning('Overriding the parameters from Reference Dataset.')
/home/mburu/.local/lib/python3.8/site-packages/lightgbm/basic.py:1513: UserWarning: categorical_column in param dict is overridden.
  _log_warning(f'{cat_alias} in param dict is overridden.')
/home/mburu/.local/lib/python3.8/site-packages/lightgbm/basic.py:1780: UserWarning: Overriding the parameters from Reference Dataset.
  _log_warning('Overriding the parameters from Reference Dataset.')
/home/mburu/.local/lib/python3.8/site-packages/lightgbm/basic.py:1513: UserWarning: categorical_column in param dict is overridden.
  _log_warning(f'{cat_alias} in param dict is overridden.')
/home/mburu/.local/lib/python3.8/site-packages/lightgbm/basic.py:1780: UserWarning: Overriding the parameters from Reference Dataset.
  _log_warning('Overriding the parameters from Reference Dataset.')
/home/mburu/.local/lib/python3.8/site-packages/lightgbm/basic.py:1513: UserWarning: categorical_column in param dict is overridden.
  _log_warning(f'{cat_alias} in param dict is overridden.')
