Trial 260 finished with value: 4.54458210572351 and parameters: {'num_leaves': 27, 'lambda_l1': 7.186578612044338e-05, 'lambda_l2': 0.003998951118028596, 'learning_rate': 0.036535978494803334}. Best is trial 163 with value: 4.486410577271952.
Training until validation scores don't improve for 20 rounds
[100]	train's l2: 3.72329	eval's l2: 4.66831
Did not meet early stopping. Best iteration is:
[100]	train's l2: 3.72329	eval's l2: 4.66831
Saved Losses
{'MSE - mean': 4.668306607307108, 'MSE - std': 0.0, 'R2 - mean': 0.5742658631002397, 'R2 - std': 0.0} 
 

Training until validation scores don't improve for 20 rounds
[100]	train's l2: 3.81156	eval's l2: 4.05642
Did not meet early stopping. Best iteration is:
[100]	train's l2: 3.81156	eval's l2: 4.05642
Saved Losses
{'MSE - mean': 4.362364061383371, 'MSE - std': 0.30594254592373726, 'R2 - mean': 0.5709326341434957, 'R2 - std': 0.0033332289567440943} 
 

Training until validation scores don't improve for 20 rounds
[100]	train's l2: 3.70344	eval's l2: 4.72638
Did not meet early stopping. Best iteration is:
[100]	train's l2: 3.70344	eval's l2: 4.72638
Saved Losses
{'MSE - mean': 4.483701574796154, 'MSE - std': 0.3030612896097533, 'R2 - mean': 0.5589319952583084, 'R2 - std': 0.01718829865996222} 
 

Training until validation scores don't improve for 20 rounds
[100]	train's l2: 3.76557	eval's l2: 4.3275
Did not meet early stopping. Best iteration is:
[100]	train's l2: 3.76557	eval's l2: 4.3275
Saved Losses
{'MSE - mean': 4.4446518272139155, 'MSE - std': 0.271033682968842, 'R2 - mean': 0.5535243023318794, 'R2 - std': 0.01758714406825881} 
 

Training until validation scores don't improve for 20 rounds
[100]	train's l2: 3.58251	eval's l2: 5.38229
Did not meet early stopping. Best iteration is:
[100]	train's l2: 3.58251	eval's l2: 5.38229
Saved Losses
{'MSE - mean': 4.63217992829322, 'MSE - std': 0.4465809675977726, 'R2 - mean': 0.5537966658318879, 'R2 - std': 0.015739848686906126} 
 

Saving model.....
Results After CV: {'MSE - mean': 4.63217992829322, 'MSE - std': 0.4465809675977726, 'R2 - mean': 0.5537966658318879, 'R2 - std': 0.015739848686906126}
Train time: 0.4446663983999997
Inference time: 0.012589152999998987
Finished cross validation
Hyperparam was saved!!! Hurrah!!!
Trial 261 finished with value: 4.63217992829322 and parameters: {'num_leaves': 17, 'lambda_l1': 3.192974088829201e-08, 'lambda_l2': 0.00010558146090282786, 'learning_rate': 0.03179666927423966}. Best is trial 163 with value: 4.486410577271952.
Training until validation scores don't improve for 20 rounds
[100]	train's l2: 3.76839	eval's l2: 4.73407
Did not meet early stopping. Best iteration is:
[100]	train's l2: 3.76839	eval's l2: 4.73407
Saved Losses
{'MSE - mean': 4.734073009531866, 'MSE - std': 0.0, 'R2 - mean': 0.568268184532098, 'R2 - std': 0.0} 
 

Training until validation scores don't improve for 20 rounds
[100]	train's l2: 3.87406	eval's l2: 4.12018
Did not meet early stopping. Best iteration is:
[100]	train's l2: 3.87406	eval's l2: 4.12018
Saved Losses
{'MSE - mean': 4.427125084733065, 'MSE - std': 0.3069479247988016, 'R2 - mean': 0.5645357285479645, 'R2 - std': 0.0037324559841335203} 
 

Training until validation scores don't improve for 20 rounds
[100]	train's l2: 3.75321	eval's l2: 4.76906
Did not meet early stopping. Best iteration is:
[100]	train's l2: 3.75321	eval's l2: 4.76906
Saved Losses
{'MSE - mean': 4.541102622084061, 'MSE - std': 0.2979817282989945, 'R2 - mean': 0.5532674701944112, 'R2 - std': 0.01622451163396012} 
 

Training until validation scores don't improve for 20 rounds
[100]	train's l2: 3.79229	eval's l2: 4.37366
Did not meet early stopping. Best iteration is:
[100]	train's l2: 3.79229	eval's l2: 4.37366
Saved Losses
{'MSE - mean': 4.4992424943707165, 'MSE - std': 0.268051569061952, 'R2 - mean': 0.5480420585166559, 'R2 - std': 0.016713493498561164} 
 

Training until validation scores don't improve for 20 rounds
[100]	train's l2: 3.64245	eval's l2: 5.45861
Did not meet early stopping. Best iteration is:
[100]	train's l2: 3.64245	eval's l2: 5.45861
Saved Losses
{'MSE - mean': 4.691116680470172, 'MSE - std': 0.4524866054443757, 'R2 - mean': 0.5481485247228962, 'R2 - std': 0.014950519460990037} 
 

Saving model.....
Results After CV: {'MSE - mean': 4.691116680470172, 'MSE - std': 0.4524866054443757, 'R2 - mean': 0.5481485247228962, 'R2 - std': 0.014950519460990037}
Train time: 0.5149340651999978
Inference time: 0.007037633200002347
Finished cross validation
Hyperparam was saved!!! Hurrah!!!
Trial 262 finished with value: 4.691116680470172 and parameters: {'num_leaves': 22, 'lambda_l1': 1.2416052097492815e-05, 'lambda_l2': 8.950129528736083e-07, 'learning_rate': 0.024227154113971826}. Best is trial 163 with value: 4.486410577271952.
Training until validation scores don't improve for 20 rounds
[100]	train's l2: 3.08444	eval's l2: 4.60376
Did not meet early stopping. Best iteration is:
[100]	train's l2: 3.08444	eval's l2: 4.60376
Saved Losses
{'MSE - mean': 4.603759888560065, 'MSE - std': 0.0, 'R2 - mean': 0.5801523105654665, 'R2 - std': 0.0} 
 

Training until validation scores don't improve for 20 rounds
[100]	train's l2: 3.16018	eval's l2: 4.12619
Did not meet early stopping. Best iteration is:
[100]	train's l2: 3.16018	eval's l2: 4.12619
Saved Losses
{'MSE - mean': 4.364976816235097, 'MSE - std': 0.23878307232496798, 'R2 - mean': 0.5701571179758719, 'R2 - std': 0.009995192589594581} 
 

Training until validation scores don't improve for 20 rounds
[100]	train's l2: 3.07288	eval's l2: 4.64706
Did not meet early stopping. Best iteration is:
[100]	train's l2: 3.07288	eval's l2: 4.64706
Saved Losses
{'MSE - mean': 4.459004950419533, 'MSE - std': 0.2359960814414367, 'R2 - mean': 0.5610164944945482, 'R2 - std': 0.015287399338127377} 
 

Training until validation scores don't improve for 20 rounds
[100]	train's l2: 3.10882	eval's l2: 4.30143
Did not meet early stopping. Best iteration is:
[100]	train's l2: 3.10882	eval's l2: 4.30143
Saved Losses
{'MSE - mean': 4.419611192427242, 'MSE - std': 0.21546743918293187, 'R2 - mean': 0.555784602435546, 'R2 - std': 0.0160435818146599} 
 

Training until validation scores don't improve for 20 rounds
[100]	train's l2: 2.99613	eval's l2: 5.25833
Did not meet early stopping. Best iteration is:
[100]	train's l2: 2.99613	eval's l2: 5.25833
Saved Losses
{'MSE - mean': 4.587354350712693, 'MSE - std': 0.38690055890984704, 'R2 - mean': 0.5576552849719685, 'R2 - std': 0.014829532243575801} 
 

Saving model.....
Results After CV: {'MSE - mean': 4.587354350712693, 'MSE - std': 0.38690055890984704, 'R2 - mean': 0.5576552849719685, 'R2 - std': 0.014829532243575801}
Train time: 0.7699326503999998
Inference time: 0.012680072199998449
Finished cross validation
Hyperparam was saved!!! Hurrah!!!
Trial 263 finished with value: 4.587354350712693 and parameters: {'num_leaves': 44, 'lambda_l1': 1.7691254480801883e-06, 'lambda_l2': 2.178516625688759e-05, 'learning_rate': 0.027452293443590188}. Best is trial 163 with value: 4.486410577271952.
Training until validation scores don't improve for 20 rounds
[100]	train's l2: 5.03724	eval's l2: 5.58096
Did not meet early stopping. Best iteration is:
[100]	train's l2: 5.03724	eval's l2: 5.58096
Saved Losses
{'MSE - mean': 5.580962123493004, 'MSE - std': 0.0, 'R2 - mean': 0.4910346957510283, 'R2 - std': 0.0} 
 

Training until validation scores don't improve for 20 rounds
[100]	train's l2: 5.20347	eval's l2: 4.6224
Did not meet early stopping. Best iteration is:
[100]	train's l2: 5.20347	eval's l2: 4.6224
Saved Losses
{'MSE - mean': 5.101680382172387, 'MSE - std': 0.47928174132061674, 'R2 - mean': 0.4991514420949138, 'R2 - std': 0.008116746343885484} 
 

Training until validation scores don't improve for 20 rounds
[100]	train's l2: 5.04687	eval's l2: 5.41108
Did not meet early stopping. Best iteration is:
[100]	train's l2: 5.04687	eval's l2: 5.41108
Saved Losses
{'MSE - mean': 5.204812786278352, 'MSE - std': 0.41762811678441936, 'R2 - mean': 0.4886199728508072, 'R2 - std': 0.016301678942768814} 
 

Training until validation scores don't improve for 20 rounds
[100]	train's l2: 5.15492	eval's l2: 4.88738
Did not meet early stopping. Best iteration is:
[100]	train's l2: 5.15492	eval's l2: 4.88738
Saved Losses
{'MSE - mean': 5.125453523714666, 'MSE - std': 0.3869155083614919, 'R2 - mean': 0.485824805024825, 'R2 - std': 0.01492472585312885} 
 

Training until validation scores don't improve for 20 rounds
[100]	train's l2: 4.87641	eval's l2: 6.35182
Did not meet early stopping. Best iteration is:
[100]	train's l2: 4.87641	eval's l2: 6.35182
Saved Losses
{'MSE - mean': 5.370726860477473, 'MSE - std': 0.600332347450602, 'R2 - mean': 0.4836011380267628, 'R2 - std': 0.01407042050210033} 
 

Saving model.....
Results After CV: {'MSE - mean': 5.370726860477473, 'MSE - std': 0.600332347450602, 'R2 - mean': 0.4836011380267628, 'R2 - std': 0.01407042050210033}
Train time: 0.2712234083999931
Inference time: 0.012204836000000796
Finished cross validation
Hyperparam was saved!!! Hurrah!!!
Trial 264 finished with value: 5.370726860477473 and parameters: {'num_leaves': 9, 'lambda_l1': 2.1418532192366996e-07, 'lambda_l2': 8.498890815066797, 'learning_rate': 0.01569681733157365}. Best is trial 163 with value: 4.486410577271952.
Training until validation scores don't improve for 20 rounds
[100]	train's l2: 3.88505	eval's l2: 4.90717
Did not meet early stopping. Best iteration is:
[100]	train's l2: 3.88505	eval's l2: 4.90717
Saved Losses
{'MSE - mean': 4.907174046781258, 'MSE - std': 0.0, 'R2 - mean': 0.5524819419201686, 'R2 - std': 0.0} 
 

Training until validation scores don't improve for 20 rounds
[100]	train's l2: 4.02788	eval's l2: 4.24866
Did not meet early stopping. Best iteration is:
[100]	train's l2: 4.02788	eval's l2: 4.24866
Saved Losses
{'MSE - mean': 4.577915910807048, 'MSE - std': 0.32925813597420994, 'R2 - mean': 0.5497948112113868, 'R2 - std': 0.0026871307087818486} 
 

Training until validation scores don't improve for 20 rounds
[100]	train's l2: 3.87115	eval's l2: 4.84178
Did not meet early stopping. Best iteration is:
[100]	train's l2: 3.87115	eval's l2: 4.84178
Saved Losses
{'MSE - mean': 4.665869728932346, 'MSE - std': 0.29621899834825505, 'R2 - mean': 0.541055018516416, 'R2 - std': 0.012553156322860897} 
 

Training until validation scores don't improve for 20 rounds
[100]	train's l2: 3.94148	eval's l2: 4.48504
Did not meet early stopping. Best iteration is:
[100]	train's l2: 3.94148	eval's l2: 4.48504
Saved Losses
{'MSE - mean': 4.620662418894106, 'MSE - std': 0.26821702757191473, 'R2 - mean': 0.5359055615700017, 'R2 - std': 0.014061899614865732} 
 

Training until validation scores don't improve for 20 rounds
[100]	train's l2: 3.77413	eval's l2: 5.58528
Did not meet early stopping. Best iteration is:
[100]	train's l2: 3.77413	eval's l2: 5.58528
Saved Losses
{'MSE - mean': 4.81358604163611, 'MSE - std': 0.454346119110977, 'R2 - mean': 0.5363442611851358, 'R2 - std': 0.012607912040941752} 
 

Saving model.....
Results After CV: {'MSE - mean': 4.81358604163611, 'MSE - std': 0.454346119110977, 'R2 - mean': 0.5363442611851358, 'R2 - std': 0.012607912040941752}
Train time: 0.6709139807999861
Inference time: 0.006961683200000834
Finished cross validation
Hyperparam was saved!!! Hurrah!!!
Trial 265 finished with value: 4.81358604163611 and parameters: {'num_leaves': 33, 'lambda_l1': 0.00021670271576180303, 'lambda_l2': 1.7117179296249645, 'learning_rate': 0.017835641384308102}. Best is trial 163 with value: 4.486410577271952.
Training until validation scores don't improve for 20 rounds
Early stopping, best iteration is:
[32]	train's l2: 2.84001	eval's l2: 4.51499
Saved Losses
{'MSE - mean': 4.5149914272914815, 'MSE - std': 0.0, 'R2 - mean': 0.5882477009117103, 'R2 - std': 0.0} 
 

Training until validation scores don't improve for 20 rounds
Early stopping, best iteration is:
[18]	train's l2: 3.37467	eval's l2: 4.06185
Saved Losses
{'MSE - mean': 4.288419213165614, 'MSE - std': 0.2265722141258668, 'R2 - mean': 0.5776343840959737, 'R2 - std': 0.010613316815736573} 
 

Training until validation scores don't improve for 20 rounds
Early stopping, best iteration is:
[23]	train's l2: 3.06255	eval's l2: 4.62415
Saved Losses
{'MSE - mean': 4.400328550597226, 'MSE - std': 0.2434557695996597, 'R2 - mean': 0.5667529075766053, 'R2 - std': 0.017660918956005484} 
 

Training until validation scores don't improve for 20 rounds
Early stopping, best iteration is:
[20]	train's l2: 3.1989	eval's l2: 4.2606
Saved Losses
{'MSE - mean': 4.365396768756512, 'MSE - std': 0.21934840314263404, 'R2 - mean': 0.5611782631135469, 'R2 - std': 0.01808759316344969} 
 

Training until validation scores don't improve for 20 rounds
Early stopping, best iteration is:
[19]	train's l2: 3.10879	eval's l2: 5.2596
Saved Losses
{'MSE - mean': 4.54423726674343, 'MSE - std': 0.4079542528884989, 'R2 - mean': 0.5619491701687401, 'R2 - std': 0.01625133877279545} 
 

Saving model.....
Results After CV: {'MSE - mean': 4.54423726674343, 'MSE - std': 0.4079542528884989, 'R2 - mean': 0.5619491701687401, 'R2 - std': 0.01625133877279545}
Train time: 0.2302398480000079
Inference time: 0.006228161000001365
Finished cross validation
Hyperparam was saved!!! Hurrah!!!
Trial 266 finished with value: 4.54423726674343 and parameters: {'num_leaves': 26, 'lambda_l1': 9.342868551856073e-05, 'lambda_l2': 0.0010812103974943757, 'learning_rate': 0.19661770739233017}. Best is trial 163 with value: 4.486410577271952.
Training until validation scores don't improve for 20 rounds
[100]	train's l2: 3.80642	eval's l2: 4.77174
Did not meet early stopping. Best iteration is:
[100]	train's l2: 3.80642	eval's l2: 4.77174
Saved Losses
{'MSE - mean': 4.771738765559173, 'MSE - std': 0.0, 'R2 - mean': 0.5648331920429881, 'R2 - std': 0.0} 
 

Training until validation scores don't improve for 20 rounds
[100]	train's l2: 3.92132	eval's l2: 4.12697
Did not meet early stopping. Best iteration is:
[100]	train's l2: 3.92132	eval's l2: 4.12697
Saved Losses
{'MSE - mean': 4.449352637653247, 'MSE - std': 0.3223861279059266, 'R2 - mean': 0.562456371623205, 'R2 - std': 0.0023768204197830434} 
 

Training until validation scores don't improve for 20 rounds
[100]	train's l2: 3.79097	eval's l2: 4.78776
Did not meet early stopping. Best iteration is:
[100]	train's l2: 3.79097	eval's l2: 4.78776
Saved Losses
{'MSE - mean': 4.562153780905497, 'MSE - std': 0.3077933389177661, 'R2 - mean': 0.5512679338313475, 'R2 - std': 0.015941407214644807} 
 

Training until validation scores don't improve for 20 rounds
[100]	train's l2: 3.8263	eval's l2: 4.38566
Did not meet early stopping. Best iteration is:
[100]	train's l2: 3.8263	eval's l2: 4.38566
Saved Losses
{'MSE - mean': 4.518030922896867, 'MSE - std': 0.27729593290951693, 'R2 - mean': 0.5462216383669933, 'R2 - std': 0.016339878877397903} 
 

Training until validation scores don't improve for 20 rounds
[100]	train's l2: 3.6921	eval's l2: 5.49501
Did not meet early stopping. Best iteration is:
[100]	train's l2: 3.6921	eval's l2: 5.49501
Saved Losses
{'MSE - mean': 4.713426064226149, 'MSE - std': 0.4628514584041919, 'R2 - mean': 0.5460902472910372, 'R2 - std': 0.014617194253405507} 
 

Saving model.....
Results After CV: {'MSE - mean': 4.713426064226149, 'MSE - std': 0.4628514584041919, 'R2 - mean': 0.5460902472910372, 'R2 - std': 0.014617194253405507}
Train time: 0.47726861040000584
Inference time: 0.012441826799999944
Finished cross validation
Hyperparam was saved!!! Hurrah!!!
Trial 267 finished with value: 4.713426064226149 and parameters: {'num_leaves': 23, 'lambda_l1': 2.3959363841874166e-05, 'lambda_l2': 1.3246116435286957e-08, 'learning_rate': 0.022465706901850725}. Best is trial 163 with value: 4.486410577271952.
Training until validation scores don't improve for 20 rounds
[100]	train's l2: 3.6142	eval's l2: 4.77826
Did not meet early stopping. Best iteration is:
[100]	train's l2: 3.6142	eval's l2: 4.77826
Saved Losses
{'MSE - mean': 4.778255609085604, 'MSE - std': 0.0, 'R2 - mean': 0.5642388774472644, 'R2 - std': 0.0} 
 

Training until validation scores don't improve for 20 rounds
[100]	train's l2: 3.73989	eval's l2: 4.17819
Did not meet early stopping. Best iteration is:
[100]	train's l2: 3.73989	eval's l2: 4.17819
Saved Losses
{'MSE - mean': 4.478221024667567, 'MSE - std': 0.3000345844180363, 'R2 - mean': 0.5594292800309113, 'R2 - std': 0.0048095974163531174} 
 

Training until validation scores don't improve for 20 rounds
[100]	train's l2: 3.621	eval's l2: 4.79676
Did not meet early stopping. Best iteration is:
[100]	train's l2: 3.621	eval's l2: 4.79676
Saved Losses
{'MSE - mean': 4.5844019093410475, 'MSE - std': 0.2873370757571821, 'R2 - mean': 0.5489544270427628, 'R2 - std': 0.015325357259073588} 
 

Training until validation scores don't improve for 20 rounds
[100]	train's l2: 3.65905	eval's l2: 4.42792
Did not meet early stopping. Best iteration is:
[100]	train's l2: 3.65905	eval's l2: 4.42792
Saved Losses
{'MSE - mean': 4.54528165855474, 'MSE - std': 0.25790139277108876, 'R2 - mean': 0.5433569316671654, 'R2 - std': 0.01643611252024595} 
 

Training until validation scores don't improve for 20 rounds
[100]	train's l2: 3.51395	eval's l2: 5.45559
Did not meet early stopping. Best iteration is:
[100]	train's l2: 3.51395	eval's l2: 5.45559
Saved Losses
{'MSE - mean': 4.727344008293114, 'MSE - std': 0.4310421087128796, 'R2 - mean': 0.5444503741444648, 'R2 - std': 0.01486267478037515} 
 

Saving model.....
Results After CV: {'MSE - mean': 4.727344008293114, 'MSE - std': 0.4310421087128796, 'R2 - mean': 0.5444503741444648, 'R2 - std': 0.01486267478037515}
Train time: 0.6681385117999981
Inference time: 0.012557642399997349
Finished cross validation
Hyperparam was saved!!! Hurrah!!!
Trial 268 finished with value: 4.727344008293114 and parameters: {'num_leaves': 36, 'lambda_l1': 1.754436134184167e-05, 'lambda_l2': 0.033502973122701465, 'learning_rate': 0.01981251518204252}. Best is trial 163 with value: 4.486410577271952.
Training until validation scores don't improve for 20 rounds
[100]	train's l2: 3.40092	eval's l2: 4.63776
Did not meet early stopping. Best iteration is:
[100]	train's l2: 3.40092	eval's l2: 4.63776
Saved Losses
{'MSE - mean': 4.63776160838005, 'MSE - std': 0.0, 'R2 - mean': 0.5770514660712316, 'R2 - std': 0.0} 
 

Training until validation scores don't improve for 20 rounds
[100]	train's l2: 3.52117	eval's l2: 4.06925
Did not meet early stopping. Best iteration is:
[100]	train's l2: 3.52117	eval's l2: 4.06925
Saved Losses
{'MSE - mean': 4.353508225350728, 'MSE - std': 0.2842533830293217, 'R2 - mean': 0.5716414413562916, 'R2 - std': 0.005410024714940065} 
 

Training until validation scores don't improve for 20 rounds
[100]	train's l2: 3.39614	eval's l2: 4.64769
Did not meet early stopping. Best iteration is:
[100]	train's l2: 3.39614	eval's l2: 4.64769
Saved Losses
{'MSE - mean': 4.451567880846376, 'MSE - std': 0.2703665091086419, 'R2 - mean': 0.5619855117714266, 'R2 - std': 0.014352219244420554} 
 

Training until validation scores don't improve for 20 rounds
[100]	train's l2: 3.43377	eval's l2: 4.29697
Did not meet early stopping. Best iteration is:
[100]	train's l2: 3.43377	eval's l2: 4.29697
Saved Losses
{'MSE - mean': 4.412918100839319, 'MSE - std': 0.24352608365322337, 'R2 - mean': 0.5566306127037307, 'R2 - std': 0.015508529266360706} 
 

Training until validation scores don't improve for 20 rounds
[100]	train's l2: 3.30225	eval's l2: 5.33416
Did not meet early stopping. Best iteration is:
[100]	train's l2: 3.30225	eval's l2: 5.33416
Saved Losses
{'MSE - mean': 4.597166829292813, 'MSE - std': 0.42805880259901147, 'R2 - mean': 0.5570777910469656, 'R2 - std': 0.013900052441882615} 
 

Saving model.....
Results After CV: {'MSE - mean': 4.597166829292813, 'MSE - std': 0.42805880259901147, 'R2 - mean': 0.5570777910469656, 'R2 - std': 0.013900052441882615}
Train time: 0.5791538430000059
Inference time: 0.006970945799997708
Finished cross validation
Hyperparam was saved!!! Hurrah!!!
