[I 2024-12-09 18:21:20,998] Trial 13 finished with value: 0.5644009892723977 and parameters: {'num_leaves': 2, 'lambda_l1': 9.506125607863133e-05, 'lambda_l2': 4.1276583253974277e-07, 'learning_rate': 0.14653849199788618}. Best is trial 10 with value: 0.48482845224135246.
/home/mburu/.local/lib/python3.8/site-packages/lightgbm/basic.py:1780: UserWarning: Overriding the parameters from Reference Dataset.
  _log_warning('Overriding the parameters from Reference Dataset.')
/home/mburu/.local/lib/python3.8/site-packages/lightgbm/basic.py:1513: UserWarning: categorical_column in param dict is overridden.
  _log_warning(f'{cat_alias} in param dict is overridden.')
/home/mburu/.local/lib/python3.8/site-packages/lightgbm/basic.py:1780: UserWarning: Overriding the parameters from Reference Dataset.
  _log_warning('Overriding the parameters from Reference Dataset.')
/home/mburu/.local/lib/python3.8/site-packages/lightgbm/basic.py:1513: UserWarning: categorical_column in param dict is overridden.
  _log_warning(f'{cat_alias} in param dict is overridden.')
/home/mburu/.local/lib/python3.8/site-packages/lightgbm/basic.py:1780: UserWarning: Overriding the parameters from Reference Dataset.
  _log_warning('Overriding the parameters from Reference Dataset.')
/home/mburu/.local/lib/python3.8/site-packages/lightgbm/basic.py:1513: UserWarning: categorical_column in param dict is overridden.
  _log_warning(f'{cat_alias} in param dict is overridden.')
/home/mburu/.local/lib/python3.8/site-packages/lightgbm/basic.py:1780: UserWarning: Overriding the parameters from Reference Dataset.
  _log_warning('Overriding the parameters from Reference Dataset.')
/home/mburu/.local/lib/python3.8/site-packages/lightgbm/basic.py:1513: UserWarning: categorical_column in param dict is overridden.
  _log_warning(f'{cat_alias} in param dict is overridden.')
/home/mburu/.local/lib/python3.8/site-packages/lightgbm/basic.py:1780: UserWarning: Overriding the parameters from Reference Dataset.
  _log_warning('Overriding the parameters from Reference Dataset.')
/home/mburu/.local/lib/python3.8/site-packages/lightgbm/basic.py:1513: UserWarning: categorical_column in param dict is overridden.
  _log_warning(f'{cat_alias} in param dict is overridden.')
[I 2024-12-09 18:21:21,284] Trial 14 finished with value: 0.49211397535607465 and parameters: {'num_leaves': 21, 'lambda_l1': 0.026650687367205723, 'lambda_l2': 0.004592785211355836, 'learning_rate': 0.1358793335227855}. Best is trial 10 with value: 0.48482845224135246.
/home/mburu/.local/lib/python3.8/site-packages/lightgbm/basic.py:1780: UserWarning: Overriding the parameters from Reference Dataset.
  _log_warning('Overriding the parameters from Reference Dataset.')
/home/mburu/.local/lib/python3.8/site-packages/lightgbm/basic.py:1513: UserWarning: categorical_column in param dict is overridden.
  _log_warning(f'{cat_alias} in param dict is overridden.')
/home/mburu/.local/lib/python3.8/site-packages/lightgbm/basic.py:1780: UserWarning: Overriding the parameters from Reference Dataset.
  _log_warning('Overriding the parameters from Reference Dataset.')
/home/mburu/.local/lib/python3.8/site-packages/lightgbm/basic.py:1513: UserWarning: categorical_column in param dict is overridden.
  _log_warning(f'{cat_alias} in param dict is overridden.')
/home/mburu/.local/lib/python3.8/site-packages/lightgbm/basic.py:1780: UserWarning: Overriding the parameters from Reference Dataset.
  _log_warning('Overriding the parameters from Reference Dataset.')
/home/mburu/.local/lib/python3.8/site-packages/lightgbm/basic.py:1513: UserWarning: categorical_column in param dict is overridden.
  _log_warning(f'{cat_alias} in param dict is overridden.')
/home/mburu/.local/lib/python3.8/site-packages/lightgbm/basic.py:1780: UserWarning: Overriding the parameters from Reference Dataset.
  _log_warning('Overriding the parameters from Reference Dataset.')
/home/mburu/.local/lib/python3.8/site-packages/lightgbm/basic.py:1513: UserWarning: categorical_column in param dict is overridden.
  _log_warning(f'{cat_alias} in param dict is overridden.')
/home/mburu/.local/lib/python3.8/site-packages/lightgbm/basic.py:1780: UserWarning: Overriding the parameters from Reference Dataset.
  _log_warning('Overriding the parameters from Reference Dataset.')
/home/mburu/.local/lib/python3.8/site-packages/lightgbm/basic.py:1513: UserWarning: categorical_column in param dict is overridden.
  _log_warning(f'{cat_alias} in param dict is overridden.')
[I 2024-12-09 18:21:21,557] Trial 15 finished with value: 0.4976024624948015 and parameters: {'num_leaves': 6, 'lambda_l1': 0.0001036322867396353, 'lambda_l2': 4.795463050604628e-06, 'learning_rate': 0.08505614602986546}. Best is trial 10 with value: 0.48482845224135246.
/home/mburu/.local/lib/python3.8/site-packages/lightgbm/basic.py:1780: UserWarning: Overriding the parameters from Reference Dataset.
  _log_warning('Overriding the parameters from Reference Dataset.')
/home/mburu/.local/lib/python3.8/site-packages/lightgbm/basic.py:1513: UserWarning: categorical_column in param dict is overridden.
  _log_warning(f'{cat_alias} in param dict is overridden.')
/home/mburu/.local/lib/python3.8/site-packages/lightgbm/basic.py:1780: UserWarning: Overriding the parameters from Reference Dataset.
  _log_warning('Overriding the parameters from Reference Dataset.')
/home/mburu/.local/lib/python3.8/site-packages/lightgbm/basic.py:1513: UserWarning: categorical_column in param dict is overridden.
  _log_warning(f'{cat_alias} in param dict is overridden.')
/home/mburu/.local/lib/python3.8/site-packages/lightgbm/basic.py:1780: UserWarning: Overriding the parameters from Reference Dataset.
  _log_warning('Overriding the parameters from Reference Dataset.')
/home/mburu/.local/lib/python3.8/site-packages/lightgbm/basic.py:1513: UserWarning: categorical_column in param dict is overridden.
  _log_warning(f'{cat_alias} in param dict is overridden.')
/home/mburu/.local/lib/python3.8/site-packages/lightgbm/basic.py:1780: UserWarning: Overriding the parameters from Reference Dataset.
  _log_warning('Overriding the parameters from Reference Dataset.')
/home/mburu/.local/lib/python3.8/site-packages/lightgbm/basic.py:1513: UserWarning: categorical_column in param dict is overridden.
  _log_warning(f'{cat_alias} in param dict is overridden.')
/home/mburu/.local/lib/python3.8/site-packages/lightgbm/basic.py:1780: UserWarning: Overriding the parameters from Reference Dataset.
  _log_warning('Overriding the parameters from Reference Dataset.')
/home/mburu/.local/lib/python3.8/site-packages/lightgbm/basic.py:1513: UserWarning: categorical_column in param dict is overridden.
  _log_warning(f'{cat_alias} in param dict is overridden.')
[I 2024-12-09 18:21:21,814] Trial 16 finished with value: 0.49194396812227803 and parameters: {'num_leaves': 51, 'lambda_l1': 0.0016015662175904116, 'lambda_l2': 1.0375999286067833e-07, 'learning_rate': 0.20129862622650896}. Best is trial 10 with value: 0.48482845224135246.
/home/mburu/.local/lib/python3.8/site-packages/lightgbm/basic.py:1780: UserWarning: Overriding the parameters from Reference Dataset.
  _log_warning('Overriding the parameters from Reference Dataset.')
/home/mburu/.local/lib/python3.8/site-packages/lightgbm/basic.py:1513: UserWarning: categorical_column in param dict is overridden.
  _log_warning(f'{cat_alias} in param dict is overridden.')
/home/mburu/.local/lib/python3.8/site-packages/lightgbm/basic.py:1780: UserWarning: Overriding the parameters from Reference Dataset.
  _log_warning('Overriding the parameters from Reference Dataset.')
/home/mburu/.local/lib/python3.8/site-packages/lightgbm/basic.py:1513: UserWarning: categorical_column in param dict is overridden.
  _log_warning(f'{cat_alias} in param dict is overridden.')
/home/mburu/.local/lib/python3.8/site-packages/lightgbm/basic.py:1780: UserWarning: Overriding the parameters from Reference Dataset.
  _log_warning('Overriding the parameters from Reference Dataset.')
/home/mburu/.local/lib/python3.8/site-packages/lightgbm/basic.py:1513: UserWarning: categorical_column in param dict is overridden.
  _log_warning(f'{cat_alias} in param dict is overridden.')
/home/mburu/.local/lib/python3.8/site-packages/lightgbm/basic.py:1780: UserWarning: Overriding the parameters from Reference Dataset.
  _log_warning('Overriding the parameters from Reference Dataset.')
/home/mburu/.local/lib/python3.8/site-packages/lightgbm/basic.py:1513: UserWarning: categorical_column in param dict is overridden.
  _log_warning(f'{cat_alias} in param dict is overridden.')
/home/mburu/.local/lib/python3.8/site-packages/lightgbm/basic.py:1780: UserWarning: Overriding the parameters from Reference Dataset.
  _log_warning('Overriding the parameters from Reference Dataset.')
/home/mburu/.local/lib/python3.8/site-packages/lightgbm/basic.py:1513: UserWarning: categorical_column in param dict is overridden.
  _log_warning(f'{cat_alias} in param dict is overridden.')
[I 2024-12-09 18:21:22,125] Trial 17 finished with value: 0.49971958445292824 and parameters: {'num_leaves': 7, 'lambda_l1': 0.19507054289724587, 'lambda_l2': 5.5071716956938325e-06, 'learning_rate': 0.07910286498821224}. Best is trial 10 with value: 0.48482845224135246.
/home/mburu/.local/lib/python3.8/site-packages/lightgbm/basic.py:1780: UserWarning: Overriding the parameters from Reference Dataset.
  _log_warning('Overriding the parameters from Reference Dataset.')
/home/mburu/.local/lib/python3.8/site-packages/lightgbm/basic.py:1513: UserWarning: categorical_column in param dict is overridden.
  _log_warning(f'{cat_alias} in param dict is overridden.')
/home/mburu/.local/lib/python3.8/site-packages/lightgbm/basic.py:1780: UserWarning: Overriding the parameters from Reference Dataset.
  _log_warning('Overriding the parameters from Reference Dataset.')
/home/mburu/.local/lib/python3.8/site-packages/lightgbm/basic.py:1513: UserWarning: categorical_column in param dict is overridden.
  _log_warning(f'{cat_alias} in param dict is overridden.')
/home/mburu/.local/lib/python3.8/site-packages/lightgbm/basic.py:1780: UserWarning: Overriding the parameters from Reference Dataset.
  _log_warning('Overriding the parameters from Reference Dataset.')
/home/mburu/.local/lib/python3.8/site-packages/lightgbm/basic.py:1513: UserWarning: categorical_column in param dict is overridden.
  _log_warning(f'{cat_alias} in param dict is overridden.')
/home/mburu/.local/lib/python3.8/site-packages/lightgbm/basic.py:1780: UserWarning: Overriding the parameters from Reference Dataset.
  _log_warning('Overriding the parameters from Reference Dataset.')
/home/mburu/.local/lib/python3.8/site-packages/lightgbm/basic.py:1513: UserWarning: categorical_column in param dict is overridden.
  _log_warning(f'{cat_alias} in param dict is overridden.')
/home/mburu/.local/lib/python3.8/site-packages/lightgbm/basic.py:1780: UserWarning: Overriding the parameters from Reference Dataset.
  _log_warning('Overriding the parameters from Reference Dataset.')
/home/mburu/.local/lib/python3.8/site-packages/lightgbm/basic.py:1513: UserWarning: categorical_column in param dict is overridden.
  _log_warning(f'{cat_alias} in param dict is overridden.')
[I 2024-12-09 18:21:22,498] Trial 18 finished with value: 0.4920317388730461 and parameters: {'num_leaves': 297, 'lambda_l1': 9.94170096779005e-06, 'lambda_l2': 4.3250473077405466e-08, 'learning_rate': 0.032852650941009275}. Best is trial 10 with value: 0.48482845224135246.
/home/mburu/.local/lib/python3.8/site-packages/lightgbm/basic.py:1780: UserWarning: Overriding the parameters from Reference Dataset.
  _log_warning('Overriding the parameters from Reference Dataset.')
/home/mburu/.local/lib/python3.8/site-packages/lightgbm/basic.py:1513: UserWarning: categorical_column in param dict is overridden.
  _log_warning(f'{cat_alias} in param dict is overridden.')
/home/mburu/.local/lib/python3.8/site-packages/lightgbm/basic.py:1780: UserWarning: Overriding the parameters from Reference Dataset.
  _log_warning('Overriding the parameters from Reference Dataset.')
/home/mburu/.local/lib/python3.8/site-packages/lightgbm/basic.py:1513: UserWarning: categorical_column in param dict is overridden.
  _log_warning(f'{cat_alias} in param dict is overridden.')
/home/mburu/.local/lib/python3.8/site-packages/lightgbm/basic.py:1780: UserWarning: Overriding the parameters from Reference Dataset.
  _log_warning('Overriding the parameters from Reference Dataset.')
/home/mburu/.local/lib/python3.8/site-packages/lightgbm/basic.py:1513: UserWarning: categorical_column in param dict is overridden.
  _log_warning(f'{cat_alias} in param dict is overridden.')
/home/mburu/.local/lib/python3.8/site-packages/lightgbm/basic.py:1780: UserWarning: Overriding the parameters from Reference Dataset.
  _log_warning('Overriding the parameters from Reference Dataset.')
/home/mburu/.local/lib/python3.8/site-packages/lightgbm/basic.py:1513: UserWarning: categorical_column in param dict is overridden.
  _log_warning(f'{cat_alias} in param dict is overridden.')
/home/mburu/.local/lib/python3.8/site-packages/lightgbm/basic.py:1780: UserWarning: Overriding the parameters from Reference Dataset.
  _log_warning('Overriding the parameters from Reference Dataset.')
/home/mburu/.local/lib/python3.8/site-packages/lightgbm/basic.py:1513: UserWarning: categorical_column in param dict is overridden.
  _log_warning(f'{cat_alias} in param dict is overridden.')
[I 2024-12-09 18:21:22,858] Trial 19 finished with value: 0.48278304488653906 and parameters: {'num_leaves': 3286, 'lambda_l1': 0.0004753433451812978, 'lambda_l2': 1.1136852048551688e-06, 'learning_rate': 0.19228979763393728}. Best is trial 19 with value: 0.48278304488653906.
/home/mburu/.local/lib/python3.8/site-packages/lightgbm/basic.py:1780: UserWarning: Overriding the parameters from Reference Dataset.
  _log_warning('Overriding the parameters from Reference Dataset.')
/home/mburu/.local/lib/python3.8/site-packages/lightgbm/basic.py:1513: UserWarning: categorical_column in param dict is overridden.
  _log_warning(f'{cat_alias} in param dict is overridden.')
/home/mburu/.local/lib/python3.8/site-packages/lightgbm/basic.py:1780: UserWarning: Overriding the parameters from Reference Dataset.
  _log_warning('Overriding the parameters from Reference Dataset.')
/home/mburu/.local/lib/python3.8/site-packages/lightgbm/basic.py:1513: UserWarning: categorical_column in param dict is overridden.
  _log_warning(f'{cat_alias} in param dict is overridden.')
/home/mburu/.local/lib/python3.8/site-packages/lightgbm/basic.py:1780: UserWarning: Overriding the parameters from Reference Dataset.
  _log_warning('Overriding the parameters from Reference Dataset.')
/home/mburu/.local/lib/python3.8/site-packages/lightgbm/basic.py:1513: UserWarning: categorical_column in param dict is overridden.
  _log_warning(f'{cat_alias} in param dict is overridden.')
/home/mburu/.local/lib/python3.8/site-packages/lightgbm/basic.py:1780: UserWarning: Overriding the parameters from Reference Dataset.
  _log_warning('Overriding the parameters from Reference Dataset.')
/home/mburu/.local/lib/python3.8/site-packages/lightgbm/basic.py:1513: UserWarning: categorical_column in param dict is overridden.
  _log_warning(f'{cat_alias} in param dict is overridden.')
/home/mburu/.local/lib/python3.8/site-packages/lightgbm/basic.py:1780: UserWarning: Overriding the parameters from Reference Dataset.
  _log_warning('Overriding the parameters from Reference Dataset.')
/home/mburu/.local/lib/python3.8/site-packages/lightgbm/basic.py:1513: UserWarning: categorical_column in param dict is overridden.
  _log_warning(f'{cat_alias} in param dict is overridden.')
[I 2024-12-09 18:21:23,220] Trial 20 finished with value: 0.49720915492750717 and parameters: {'num_leaves': 3315, 'lambda_l1': 0.014267373941265253, 'lambda_l2': 1.6069079323457932e-06, 'learning_rate': 0.20688216630604353}. Best is trial 19 with value: 0.48278304488653906.
/home/mburu/.local/lib/python3.8/site-packages/lightgbm/basic.py:1780: UserWarning: Overriding the parameters from Reference Dataset.
  _log_warning('Overriding the parameters from Reference Dataset.')
/home/mburu/.local/lib/python3.8/site-packages/lightgbm/basic.py:1513: UserWarning: categorical_column in param dict is overridden.
  _log_warning(f'{cat_alias} in param dict is overridden.')
/home/mburu/.local/lib/python3.8/site-packages/lightgbm/basic.py:1780: UserWarning: Overriding the parameters from Reference Dataset.
  _log_warning('Overriding the parameters from Reference Dataset.')
/home/mburu/.local/lib/python3.8/site-packages/lightgbm/basic.py:1513: UserWarning: categorical_column in param dict is overridden.
  _log_warning(f'{cat_alias} in param dict is overridden.')
/home/mburu/.local/lib/python3.8/site-packages/lightgbm/basic.py:1780: UserWarning: Overriding the parameters from Reference Dataset.
  _log_warning('Overriding the parameters from Reference Dataset.')
/home/mburu/.local/lib/python3.8/site-packages/lightgbm/basic.py:1513: UserWarning: categorical_column in param dict is overridden.
  _log_warning(f'{cat_alias} in param dict is overridden.')
/home/mburu/.local/lib/python3.8/site-packages/lightgbm/basic.py:1780: UserWarning: Overriding the parameters from Reference Dataset.
  _log_warning('Overriding the parameters from Reference Dataset.')
/home/mburu/.local/lib/python3.8/site-packages/lightgbm/basic.py:1513: UserWarning: categorical_column in param dict is overridden.
  _log_warning(f'{cat_alias} in param dict is overridden.')
/home/mburu/.local/lib/python3.8/site-packages/lightgbm/basic.py:1780: UserWarning: Overriding the parameters from Reference Dataset.
  _log_warning('Overriding the parameters from Reference Dataset.')
/home/mburu/.local/lib/python3.8/site-packages/lightgbm/basic.py:1513: UserWarning: categorical_column in param dict is overridden.
  _log_warning(f'{cat_alias} in param dict is overridden.')
[I 2024-12-09 18:21:23,502] Trial 21 finished with value: 0.4802937401087073 and parameters: {'num_leaves': 44, 'lambda_l1': 0.0003241183976053531, 'lambda_l2': 9.655428399702062e-08, 'learning_rate': 0.19640451548273857}. Best is trial 21 with value: 0.4802937401087073.
/home/mburu/.local/lib/python3.8/site-packages/lightgbm/basic.py:1780: UserWarning: Overriding the parameters from Reference Dataset.
  _log_warning('Overriding the parameters from Reference Dataset.')
/home/mburu/.local/lib/python3.8/site-packages/lightgbm/basic.py:1513: UserWarning: categorical_column in param dict is overridden.
  _log_warning(f'{cat_alias} in param dict is overridden.')
/home/mburu/.local/lib/python3.8/site-packages/lightgbm/basic.py:1780: UserWarning: Overriding the parameters from Reference Dataset.
  _log_warning('Overriding the parameters from Reference Dataset.')
/home/mburu/.local/lib/python3.8/site-packages/lightgbm/basic.py:1513: UserWarning: categorical_column in param dict is overridden.
  _log_warning(f'{cat_alias} in param dict is overridden.')
/home/mburu/.local/lib/python3.8/site-packages/lightgbm/basic.py:1780: UserWarning: Overriding the parameters from Reference Dataset.
  _log_warning('Overriding the parameters from Reference Dataset.')
/home/mburu/.local/lib/python3.8/site-packages/lightgbm/basic.py:1513: UserWarning: categorical_column in param dict is overridden.
  _log_warning(f'{cat_alias} in param dict is overridden.')
/home/mburu/.local/lib/python3.8/site-packages/lightgbm/basic.py:1780: UserWarning: Overriding the parameters from Reference Dataset.
  _log_warning('Overriding the parameters from Reference Dataset.')
/home/mburu/.local/lib/python3.8/site-packages/lightgbm/basic.py:1513: UserWarning: categorical_column in param dict is overridden.
  _log_warning(f'{cat_alias} in param dict is overridden.')
/home/mburu/.local/lib/python3.8/site-packages/lightgbm/basic.py:1780: UserWarning: Overriding the parameters from Reference Dataset.
  _log_warning('Overriding the parameters from Reference Dataset.')
/home/mburu/.local/lib/python3.8/site-packages/lightgbm/basic.py:1513: UserWarning: categorical_column in param dict is overridden.
  _log_warning(f'{cat_alias} in param dict is overridden.')
