Trial 278 finished with value: 4.562003190240268 and parameters: {'num_leaves': 17, 'lambda_l1': 1.9119470153585474e-05, 'lambda_l2': 0.0013718548842946304, 'learning_rate': 0.04366831767935984}. Best is trial 163 with value: 4.486410577271952.
Training until validation scores don't improve for 20 rounds
[100]	train's l2: 3.97219	eval's l2: 4.94313
Did not meet early stopping. Best iteration is:
[100]	train's l2: 3.97219	eval's l2: 4.94313
Saved Losses
{'MSE - mean': 4.943132295419689, 'MSE - std': 0.0, 'R2 - mean': 0.549202668462734, 'R2 - std': 0.0} 
 

Training until validation scores don't improve for 20 rounds
[100]	train's l2: 4.10569	eval's l2: 4.23668
Did not meet early stopping. Best iteration is:
[100]	train's l2: 4.10569	eval's l2: 4.23668
Saved Losses
{'MSE - mean': 4.5899057368973075, 'MSE - std': 0.3532265585223815, 'R2 - mean': 0.5487936130933623, 'R2 - std': 0.0004090553693717469} 
 

Training until validation scores don't improve for 20 rounds
[100]	train's l2: 3.9667	eval's l2: 4.87425
Did not meet early stopping. Best iteration is:
[100]	train's l2: 3.9667	eval's l2: 4.87425
Saved Losses
{'MSE - mean': 4.684688793898128, 'MSE - std': 0.31803614608911723, 'R2 - mean': 0.5393223038474328, 'R2 - std': 0.013398617411044039} 
 

Training until validation scores don't improve for 20 rounds
[100]	train's l2: 4.02126	eval's l2: 4.50233
Did not meet early stopping. Best iteration is:
[100]	train's l2: 4.02126	eval's l2: 4.50233
Saved Losses
{'MSE - mean': 4.639098247098049, 'MSE - std': 0.2865235357470729, 'R2 - mean': 0.5341439654392253, 'R2 - std': 0.014665871177853734} 
 

Training until validation scores don't improve for 20 rounds
[100]	train's l2: 3.85711	eval's l2: 5.65909
Did not meet early stopping. Best iteration is:
[100]	train's l2: 3.85711	eval's l2: 5.65909
Saved Losses
{'MSE - mean': 4.843097100480885, 'MSE - std': 0.4818077603730047, 'R2 - mean': 0.5337141387590482, 'R2 - std': 0.013145692291556547} 
 

Saving model.....
Results After CV: {'MSE - mean': 4.843097100480885, 'MSE - std': 0.4818077603730047, 'R2 - mean': 0.5337141387590482, 'R2 - std': 0.013145692291556547}
Train time: 0.5681480191999981
Inference time: 0.006873924000001352
Finished cross validation
Hyperparam was saved!!! Hurrah!!!
Trial 279 finished with value: 4.843097100480885 and parameters: {'num_leaves': 29, 'lambda_l1': 3.029803852306453e-05, 'lambda_l2': 0.6073372780871297, 'learning_rate': 0.017361216094896947}. Best is trial 163 with value: 4.486410577271952.
Training until validation scores don't improve for 20 rounds
[100]	train's l2: 3.47556	eval's l2: 4.61369
Did not meet early stopping. Best iteration is:
[100]	train's l2: 3.47556	eval's l2: 4.61369
Saved Losses
{'MSE - mean': 4.613688188937948, 'MSE - std': 0.0, 'R2 - mean': 0.5792468823775142, 'R2 - std': 0.0} 
 

Training until validation scores don't improve for 20 rounds
[100]	train's l2: 3.56334	eval's l2: 4.00208
Did not meet early stopping. Best iteration is:
[100]	train's l2: 3.56334	eval's l2: 4.00208
Saved Losses
{'MSE - mean': 4.307885205533969, 'MSE - std': 0.30580298340397905, 'R2 - mean': 0.5763193347558668, 'R2 - std': 0.0029275476216473195} 
 

Training until validation scores don't improve for 20 rounds
[100]	train's l2: 3.45279	eval's l2: 4.66612
Did not meet early stopping. Best iteration is:
[100]	train's l2: 3.45279	eval's l2: 4.66612
Saved Losses
{'MSE - mean': 4.427296333682154, 'MSE - std': 0.30143270916921777, 'R2 - mean': 0.5644995655390969, 'R2 - std': 0.01688572114914701} 
 

Training until validation scores don't improve for 20 rounds
[100]	train's l2: 3.49974	eval's l2: 4.27184
Did not meet early stopping. Best iteration is:
[100]	train's l2: 3.49974	eval's l2: 4.27184
Saved Losses
{'MSE - mean': 4.38843202987204, 'MSE - std': 0.269587761127532, 'R2 - mean': 0.5591878715642036, 'R2 - std': 0.017276804180571505} 
 

Training until validation scores don't improve for 20 rounds
[100]	train's l2: 3.36363	eval's l2: 5.28698
Did not meet early stopping. Best iteration is:
[100]	train's l2: 3.36363	eval's l2: 5.28698
Saved Losses
{'MSE - mean': 4.568142443959751, 'MSE - std': 0.43281102167818086, 'R2 - mean': 0.5599039133744463, 'R2 - std': 0.015519060334025166} 
 

Saving model.....
Results After CV: {'MSE - mean': 4.568142443959751, 'MSE - std': 0.43281102167818086, 'R2 - mean': 0.5599039133744463, 'R2 - std': 0.015519060334025166}
Train time: 0.44501259520000075
Inference time: 0.006848236400014684
Finished cross validation
Hyperparam was saved!!! Hurrah!!!
Trial 280 finished with value: 4.568142443959751 and parameters: {'num_leaves': 21, 'lambda_l1': 0.0002314508675129068, 'lambda_l2': 4.950437481708255e-08, 'learning_rate': 0.03463293106835213}. Best is trial 163 with value: 4.486410577271952.
Training until validation scores don't improve for 20 rounds
[100]	train's l2: 4.13512	eval's l2: 4.8416
Did not meet early stopping. Best iteration is:
[100]	train's l2: 4.13512	eval's l2: 4.8416
Saved Losses
{'MSE - mean': 4.84160160668017, 'MSE - std': 0.0, 'R2 - mean': 0.5584619317835491, 'R2 - std': 0.0} 
 

Training until validation scores don't improve for 20 rounds
[100]	train's l2: 4.27972	eval's l2: 4.15369
Did not meet early stopping. Best iteration is:
[100]	train's l2: 4.27972	eval's l2: 4.15369
Saved Losses
{'MSE - mean': 4.497643761730105, 'MSE - std': 0.3439578449500651, 'R2 - mean': 0.5578466430054496, 'R2 - std': 0.0006152887780995209} 
 

Training until validation scores don't improve for 20 rounds
[100]	train's l2: 4.14161	eval's l2: 4.84347
Did not meet early stopping. Best iteration is:
[100]	train's l2: 4.14161	eval's l2: 4.84347
Saved Losses
{'MSE - mean': 4.612918829535321, 'MSE - std': 0.32472760161421915, 'R2 - mean': 0.5463674226370453, 'R2 - std': 0.016241840640346613} 
 

Training until validation scores don't improve for 20 rounds
[100]	train's l2: 4.21852	eval's l2: 4.41529
Did not meet early stopping. Best iteration is:
[100]	train's l2: 4.21852	eval's l2: 4.41529
Saved Losses
{'MSE - mean': 4.5635124282148825, 'MSE - std': 0.29395405918595685, 'R2 - mean': 0.541754217906182, 'R2 - std': 0.016176928454017154} 
 

Training until validation scores don't improve for 20 rounds
[100]	train's l2: 3.99915	eval's l2: 5.56774
Did not meet early stopping. Best iteration is:
[100]	train's l2: 3.99915	eval's l2: 5.56774
Saved Losses
{'MSE - mean': 4.764357285733025, 'MSE - std': 0.48008521982607777, 'R2 - mean': 0.5413133598784607, 'R2 - std': 0.014495924757239084} 
 

Saving model.....
Results After CV: {'MSE - mean': 4.764357285733025, 'MSE - std': 0.48008521982607777, 'R2 - mean': 0.5413133598784607, 'R2 - std': 0.014495924757239084}
Train time: 0.32646948379999685
Inference time: 0.012364211999999953
Finished cross validation
Hyperparam was saved!!! Hurrah!!!
Trial 281 finished with value: 4.764357285733025 and parameters: {'num_leaves': 11, 'lambda_l1': 1.2039128502507186e-05, 'lambda_l2': 0.0028748841041371237, 'learning_rate': 0.028432388273571876}. Best is trial 163 with value: 4.486410577271952.
Training until validation scores don't improve for 20 rounds
[100]	train's l2: 3.82275	eval's l2: 4.83293
Did not meet early stopping. Best iteration is:
[100]	train's l2: 3.82275	eval's l2: 4.83293
Saved Losses
{'MSE - mean': 4.832929831342678, 'MSE - std': 0.0, 'R2 - mean': 0.5592527690398075, 'R2 - std': 0.0} 
 

Training until validation scores don't improve for 20 rounds
[100]	train's l2: 3.95523	eval's l2: 4.14503
Did not meet early stopping. Best iteration is:
[100]	train's l2: 3.95523	eval's l2: 4.14503
Saved Losses
{'MSE - mean': 4.488981151626859, 'MSE - std': 0.3439486797158193, 'R2 - mean': 0.5587032753775498, 'R2 - std': 0.0005494936622577051} 
 

Training until validation scores don't improve for 20 rounds
[100]	train's l2: 3.81432	eval's l2: 4.81819
Did not meet early stopping. Best iteration is:
[100]	train's l2: 3.81432	eval's l2: 4.81819
Saved Losses
{'MSE - mean': 4.598717515660469, 'MSE - std': 0.3208602011803126, 'R2 - mean': 0.547767641938605, 'R2 - std': 0.015471827718313506} 
 

Training until validation scores don't improve for 20 rounds
[100]	train's l2: 3.8504	eval's l2: 4.41972
Did not meet early stopping. Best iteration is:
[100]	train's l2: 3.8504	eval's l2: 4.41972
Saved Losses
{'MSE - mean': 4.553968000311652, 'MSE - std': 0.2884805173628975, 'R2 - mean': 0.5426860686915634, 'R2 - std': 0.016031227329934172} 
 

Training until validation scores don't improve for 20 rounds
[100]	train's l2: 3.71605	eval's l2: 5.54297
Did not meet early stopping. Best iteration is:
[100]	train's l2: 3.71605	eval's l2: 5.54297
Saved Losses
{'MSE - mean': 4.751769265096633, 'MSE - std': 0.4723115163962498, 'R2 - mean': 0.5424684089029956, 'R2 - std': 0.014345372177028385} 
 

Saving model.....
Results After CV: {'MSE - mean': 4.751769265096633, 'MSE - std': 0.4723115163962498, 'R2 - mean': 0.5424684089029956, 'R2 - std': 0.014345372177028385}
Train time: 0.5434932387999993
Inference time: 0.012535265200006052
Finished cross validation
Hyperparam was saved!!! Hurrah!!!
Trial 282 finished with value: 4.751769265096633 and parameters: {'num_leaves': 26, 'lambda_l1': 0.007494271021405489, 'lambda_l2': 0.0009563893748875452, 'learning_rate': 0.02039994141809063}. Best is trial 163 with value: 4.486410577271952.
Training until validation scores don't improve for 20 rounds
Early stopping, best iteration is:
[22]	train's l2: 2.76581	eval's l2: 4.58333
Saved Losses
{'MSE - mean': 4.583329597846095, 'MSE - std': 0.0, 'R2 - mean': 0.5820154855698907, 'R2 - std': 0.0} 
 

Training until validation scores don't improve for 20 rounds
Early stopping, best iteration is:
[13]	train's l2: 3.2566	eval's l2: 4.16023
Saved Losses
{'MSE - mean': 4.371782088256095, 'MSE - std': 0.21154750959000035, 'R2 - mean': 0.5692743874713974, 'R2 - std': 0.01274109809849333} 
 

Training until validation scores don't improve for 20 rounds
Early stopping, best iteration is:
[17]	train's l2: 2.93561	eval's l2: 4.60866
Saved Losses
{'MSE - mean': 4.4507398377923115, 'MSE - std': 0.20567827214560544, 'R2 - mean': 0.5616877036926926, 'R2 - std': 0.014944539538565412} 
 

Training until validation scores don't improve for 20 rounds
Early stopping, best iteration is:
[14]	train's l2: 3.10257	eval's l2: 4.33555
Saved Losses
{'MSE - mean': 4.421943135778517, 'MSE - std': 0.1849740897131678, 'R2 - mean': 0.5553758942323843, 'R2 - std': 0.016941701877453818} 
 

Training until validation scores don't improve for 20 rounds
Early stopping, best iteration is:
[14]	train's l2: 3.01978	eval's l2: 5.26193
Saved Losses
{'MSE - mean': 4.589940136884116, 'MSE - std': 0.3745187586945022, 'R2 - mean': 0.5572687554920982, 'R2 - std': 0.015618857352499262} 
 

Saving model.....
Results After CV: {'MSE - mean': 4.589940136884116, 'MSE - std': 0.3745187586945022, 'R2 - mean': 0.5572687554920982, 'R2 - std': 0.015618857352499262}
Train time: 0.2517741933999901
Inference time: 0.0062368421999963175
Finished cross validation
Hyperparam was saved!!! Hurrah!!!
Trial 283 finished with value: 4.589940136884116 and parameters: {'num_leaves': 33, 'lambda_l1': 0.00010346185806329547, 'lambda_l2': 1.9497243529927504, 'learning_rate': 0.25237721322315776}. Best is trial 163 with value: 4.486410577271952.
Training until validation scores don't improve for 20 rounds
[100]	train's l2: 3.66836	eval's l2: 4.69068
Did not meet early stopping. Best iteration is:
[100]	train's l2: 3.66836	eval's l2: 4.69068
Saved Losses
{'MSE - mean': 4.690675252202238, 'MSE - std': 0.0, 'R2 - mean': 0.572225916599481, 'R2 - std': 0.0} 
 

Training until validation scores don't improve for 20 rounds
[100]	train's l2: 3.75893	eval's l2: 4.07266
Did not meet early stopping. Best iteration is:
[100]	train's l2: 3.75893	eval's l2: 4.07266
Saved Losses
{'MSE - mean': 4.381667875591765, 'MSE - std': 0.3090073766104737, 'R2 - mean': 0.5690471509717279, 'R2 - std': 0.0031787656277530996} 
 

Training until validation scores don't improve for 20 rounds
[100]	train's l2: 3.64069	eval's l2: 4.70281
Did not meet early stopping. Best iteration is:
[100]	train's l2: 3.64069	eval's l2: 4.70281
Saved Losses
{'MSE - mean': 4.488716266343316, 'MSE - std': 0.2942375827877623, 'R2 - mean': 0.558447880778905, 'R2 - std': 0.015212673154918838} 
 

Training until validation scores don't improve for 20 rounds
[100]	train's l2: 3.68879	eval's l2: 4.33153
Did not meet early stopping. Best iteration is:
[100]	train's l2: 3.68879	eval's l2: 4.33153
Saved Losses
{'MSE - mean': 4.449420942923657, 'MSE - std': 0.2637502297090103, 'R2 - mean': 0.5530534302232883, 'R2 - std': 0.016151450671062485} 
 

Training until validation scores don't improve for 20 rounds
[100]	train's l2: 3.54374	eval's l2: 5.40174
Did not meet early stopping. Best iteration is:
[100]	train's l2: 3.54374	eval's l2: 5.40174
Saved Losses
{'MSE - mean': 4.639884511269935, 'MSE - std': 0.4480589586271368, 'R2 - mean': 0.5530983250535526, 'R2 - std': 0.014446575691386165} 
 

Saving model.....
Results After CV: {'MSE - mean': 4.639884511269935, 'MSE - std': 0.4480589586271368, 'R2 - mean': 0.5530983250535526, 'R2 - std': 0.014446575691386165}
Train time: 0.4749530016000108
Inference time: 0.012198743399994782
Finished cross validation
Hyperparam was saved!!! Hurrah!!!
Trial 284 finished with value: 4.639884511269935 and parameters: {'num_leaves': 23, 'lambda_l1': 2.3203514951730575e-08, 'lambda_l2': 0.008149775876245028, 'learning_rate': 0.026010835085881583}. Best is trial 163 with value: 4.486410577271952.
Training until validation scores don't improve for 20 rounds
Early stopping, best iteration is:
[44]	train's l2: 3.04118	eval's l2: 4.49213
Saved Losses
{'MSE - mean': 4.492132059165831, 'MSE - std': 0.0, 'R2 - mean': 0.5903323997495746, 'R2 - std': 0.0} 
 

Training until validation scores don't improve for 20 rounds
Early stopping, best iteration is:
[24]	train's l2: 3.54885	eval's l2: 4.01583
Saved Losses
{'MSE - mean': 4.253981474789658, 'MSE - std': 0.23815058437617287, 'R2 - mean': 0.581129313044074, 'R2 - std': 0.00920308670550063} 
 

Training until validation scores don't improve for 20 rounds
Early stopping, best iteration is:
[24]	train's l2: 3.44474	eval's l2: 4.66973
Saved Losses
{'MSE - mean': 4.392563850604904, 'MSE - std': 0.27608081606479684, 'R2 - mean': 0.5675878109013894, 'R2 - std': 0.020572046499233772} 
 

Training until validation scores don't improve for 20 rounds
Early stopping, best iteration is:
[29]	train's l2: 3.38956	eval's l2: 4.28455
Saved Losses
{'MSE - mean': 4.365560431554611, 'MSE - std': 0.24362474560370567, 'R2 - mean': 0.5611642874444724, 'R2 - std': 0.021004565781745282} 
 

Training until validation scores don't improve for 20 rounds
Early stopping, best iteration is:
[22]	train's l2: 3.39573	eval's l2: 5.334
Saved Losses
{'MSE - mean': 4.559247741472861, 'MSE - std': 0.4444564201694563, 'R2 - mean': 0.560707455992011, 'R2 - std': 0.01880925854061143} 
 

Saving model.....
Results After CV: {'MSE - mean': 4.559247741472861, 'MSE - std': 0.4444564201694563, 'R2 - mean': 0.560707455992011, 'R2 - std': 0.01880925854061143}
Train time: 0.20549557559997994
Inference time: 0.011873418399989077
Finished cross validation
Hyperparam was saved!!! Hurrah!!!
Trial 285 finished with value: 4.559247741472861 and parameters: {'num_leaves': 19, 'lambda_l1': 6.960209341844067e-06, 'lambda_l2': 0.0018564893966849295, 'learning_rate': 0.16175615588110615}. Best is trial 163 with value: 4.486410577271952.
Training until validation scores don't improve for 20 rounds
[100]	train's l2: 4.08832	eval's l2: 5.09834
Did not meet early stopping. Best iteration is:
[100]	train's l2: 4.08832	eval's l2: 5.09834
Saved Losses
{'MSE - mean': 5.098339373197575, 'MSE - std': 0.0, 'R2 - mean': 0.5350482958268246, 'R2 - std': 0.0} 
 

Training until validation scores don't improve for 20 rounds
[100]	train's l2: 4.24041	eval's l2: 4.42157
Did not meet early stopping. Best iteration is:
[100]	train's l2: 4.24041	eval's l2: 4.42157
Saved Losses
{'MSE - mean': 4.759952553279362, 'MSE - std': 0.3383868199182136, 'R2 - mean': 0.5318622910495798, 'R2 - std': 0.0031860047772447886} 
 

Training until validation scores don't improve for 20 rounds
[100]	train's l2: 4.07774	eval's l2: 5.01895
Did not meet early stopping. Best iteration is:
[100]	train's l2: 4.07774	eval's l2: 5.01895
Saved Losses
{'MSE - mean': 4.8462836305512775, 'MSE - std': 0.3020648987697293, 'R2 - mean': 0.5232889580598947, 'R2 - std': 0.012400450048195677} 
 

Training until validation scores don't improve for 20 rounds
[100]	train's l2: 4.16781	eval's l2: 4.62928
Did not meet early stopping. Best iteration is:
[100]	train's l2: 4.16781	eval's l2: 4.62928
Saved Losses
{'MSE - mean': 4.792033769130016, 'MSE - std': 0.27795960982533685, 'R2 - mean': 0.5187253638977201, 'R2 - std': 0.013334449597919273} 
 

Training until validation scores don't improve for 20 rounds
[100]	train's l2: 3.97538	eval's l2: 5.81251
Did not meet early stopping. Best iteration is:
[100]	train's l2: 3.97538	eval's l2: 5.81251
Saved Losses
{'MSE - mean': 4.99613000007818, 'MSE - std': 0.4779438478570359, 'R2 - mean': 0.5188416605341999, 'R2 - std': 0.011928962087884496} 
 

Saving model.....
Results After CV: {'MSE - mean': 4.99613000007818, 'MSE - std': 0.4779438478570359, 'R2 - mean': 0.5188416605341999, 'R2 - std': 0.011928962087884496}
Train time: 0.7165087527999958
Inference time: 0.006908074400007536
Finished cross validation
Hyperparam was saved!!! Hurrah!!!
Trial 286 finished with value: 4.99613000007818 and parameters: {'num_leaves': 40, 'lambda_l1': 2.12948586596534e-05, 'lambda_l2': 0.004139618403616779, 'learning_rate': 0.013838378611580368}. Best is trial 163 with value: 4.486410577271952.
Training until validation scores don't improve for 20 rounds
[100]	train's l2: 3.71409	eval's l2: 4.77309
Did not meet early stopping. Best iteration is:
[100]	train's l2: 3.71409	eval's l2: 4.77309
Saved Losses
{'MSE - mean': 4.773086057843227, 'MSE - std': 0.0, 'R2 - mean': 0.5647103234385983, 'R2 - std': 0.0} 
 

Training until validation scores don't improve for 20 rounds
[100]	train's l2: 3.82325	eval's l2: 4.11045
Did not meet early stopping. Best iteration is:
[100]	train's l2: 3.82325	eval's l2: 4.11045
Saved Losses
{'MSE - mean': 4.441768708437173, 'MSE - std': 0.3313173494060546, 'R2 - mean': 0.5632751664793829, 'R2 - std': 0.0014351569592154223} 
 

Training until validation scores don't improve for 20 rounds
[100]	train's l2: 3.69568	eval's l2: 4.76351
Did not meet early stopping. Best iteration is:
[100]	train's l2: 3.69568	eval's l2: 4.76351
Saved Losses
{'MSE - mean': 4.54901425680567, 'MSE - std': 0.31013546389928043, 'R2 - mean': 0.5526092099223313, 'R2 - std': 0.015129387811547967} 
 

Training until validation scores don't improve for 20 rounds
[100]	train's l2: 3.72489	eval's l2: 4.37493
Did not meet early stopping. Best iteration is:
[100]	train's l2: 3.72489	eval's l2: 4.37493
Saved Losses
{'MSE - mean': 4.505492787596677, 'MSE - std': 0.27896300708578614, 'R2 - mean': 0.5475145157882583, 'R2 - std': 0.01579688281349948} 
 

Training until validation scores don't improve for 20 rounds
[100]	train's l2: 3.60279	eval's l2: 5.45221
Did not meet early stopping. Best iteration is:
[100]	train's l2: 3.60279	eval's l2: 5.45221
Saved Losses
{'MSE - mean': 4.694835863475252, 'MSE - std': 0.453496955877891, 'R2 - mean': 0.5478324331018809, 'R2 - std': 0.014143461067643677} 
 

Saving model.....
Results After CV: {'MSE - mean': 4.694835863475252, 'MSE - std': 0.453496955877891, 'R2 - mean': 0.5478324331018809, 'R2 - std': 0.014143461067643677}
Train time: 0.5663809932000163
Inference time: 0.018168127800004187
Finished cross validation
Hyperparam was saved!!! Hurrah!!!
