[I 2024-12-09 18:40:13,626] Trial 63 finished with value: 11809836.455243122 and parameters: {'num_leaves': 137, 'lambda_l1': 4.56204791004516, 'lambda_l2': 0.002573725305247901, 'learning_rate': 0.04088751752809828}. Best is trial 62 with value: 11797945.487151664.
/home/mburu/.local/lib/python3.8/site-packages/lightgbm/basic.py:1780: UserWarning: Overriding the parameters from Reference Dataset.
  _log_warning('Overriding the parameters from Reference Dataset.')
/home/mburu/.local/lib/python3.8/site-packages/lightgbm/basic.py:1513: UserWarning: categorical_column in param dict is overridden.
  _log_warning(f'{cat_alias} in param dict is overridden.')
/home/mburu/.local/lib/python3.8/site-packages/lightgbm/basic.py:1780: UserWarning: Overriding the parameters from Reference Dataset.
  _log_warning('Overriding the parameters from Reference Dataset.')
/home/mburu/.local/lib/python3.8/site-packages/lightgbm/basic.py:1513: UserWarning: categorical_column in param dict is overridden.
  _log_warning(f'{cat_alias} in param dict is overridden.')
/home/mburu/.local/lib/python3.8/site-packages/lightgbm/basic.py:1780: UserWarning: Overriding the parameters from Reference Dataset.
  _log_warning('Overriding the parameters from Reference Dataset.')
/home/mburu/.local/lib/python3.8/site-packages/lightgbm/basic.py:1513: UserWarning: categorical_column in param dict is overridden.
  _log_warning(f'{cat_alias} in param dict is overridden.')
/home/mburu/.local/lib/python3.8/site-packages/lightgbm/basic.py:1780: UserWarning: Overriding the parameters from Reference Dataset.
  _log_warning('Overriding the parameters from Reference Dataset.')
/home/mburu/.local/lib/python3.8/site-packages/lightgbm/basic.py:1513: UserWarning: categorical_column in param dict is overridden.
  _log_warning(f'{cat_alias} in param dict is overridden.')
/home/mburu/.local/lib/python3.8/site-packages/lightgbm/basic.py:1780: UserWarning: Overriding the parameters from Reference Dataset.
  _log_warning('Overriding the parameters from Reference Dataset.')
/home/mburu/.local/lib/python3.8/site-packages/lightgbm/basic.py:1513: UserWarning: categorical_column in param dict is overridden.
  _log_warning(f'{cat_alias} in param dict is overridden.')
[I 2024-12-09 18:40:31,358] Trial 64 finished with value: 11831636.78785283 and parameters: {'num_leaves': 289, 'lambda_l1': 2.293785942151533, 'lambda_l2': 0.0033431195794692407, 'learning_rate': 0.04132943586075877}. Best is trial 62 with value: 11797945.487151664.
/home/mburu/.local/lib/python3.8/site-packages/lightgbm/basic.py:1780: UserWarning: Overriding the parameters from Reference Dataset.
  _log_warning('Overriding the parameters from Reference Dataset.')
/home/mburu/.local/lib/python3.8/site-packages/lightgbm/basic.py:1513: UserWarning: categorical_column in param dict is overridden.
  _log_warning(f'{cat_alias} in param dict is overridden.')
/home/mburu/.local/lib/python3.8/site-packages/lightgbm/basic.py:1780: UserWarning: Overriding the parameters from Reference Dataset.
  _log_warning('Overriding the parameters from Reference Dataset.')
/home/mburu/.local/lib/python3.8/site-packages/lightgbm/basic.py:1513: UserWarning: categorical_column in param dict is overridden.
  _log_warning(f'{cat_alias} in param dict is overridden.')
/home/mburu/.local/lib/python3.8/site-packages/lightgbm/basic.py:1780: UserWarning: Overriding the parameters from Reference Dataset.
  _log_warning('Overriding the parameters from Reference Dataset.')
/home/mburu/.local/lib/python3.8/site-packages/lightgbm/basic.py:1513: UserWarning: categorical_column in param dict is overridden.
  _log_warning(f'{cat_alias} in param dict is overridden.')
/home/mburu/.local/lib/python3.8/site-packages/lightgbm/basic.py:1780: UserWarning: Overriding the parameters from Reference Dataset.
  _log_warning('Overriding the parameters from Reference Dataset.')
/home/mburu/.local/lib/python3.8/site-packages/lightgbm/basic.py:1513: UserWarning: categorical_column in param dict is overridden.
  _log_warning(f'{cat_alias} in param dict is overridden.')
/home/mburu/.local/lib/python3.8/site-packages/lightgbm/basic.py:1780: UserWarning: Overriding the parameters from Reference Dataset.
  _log_warning('Overriding the parameters from Reference Dataset.')
/home/mburu/.local/lib/python3.8/site-packages/lightgbm/basic.py:1513: UserWarning: categorical_column in param dict is overridden.
  _log_warning(f'{cat_alias} in param dict is overridden.')
[I 2024-12-09 18:40:48,168] Trial 65 finished with value: 11844923.394573495 and parameters: {'num_leaves': 75, 'lambda_l1': 2.4502722967054504, 'lambda_l2': 0.1373255769328127, 'learning_rate': 0.03457581257200155}. Best is trial 62 with value: 11797945.487151664.
/home/mburu/.local/lib/python3.8/site-packages/lightgbm/basic.py:1780: UserWarning: Overriding the parameters from Reference Dataset.
  _log_warning('Overriding the parameters from Reference Dataset.')
/home/mburu/.local/lib/python3.8/site-packages/lightgbm/basic.py:1513: UserWarning: categorical_column in param dict is overridden.
  _log_warning(f'{cat_alias} in param dict is overridden.')
/home/mburu/.local/lib/python3.8/site-packages/lightgbm/basic.py:1780: UserWarning: Overriding the parameters from Reference Dataset.
  _log_warning('Overriding the parameters from Reference Dataset.')
/home/mburu/.local/lib/python3.8/site-packages/lightgbm/basic.py:1513: UserWarning: categorical_column in param dict is overridden.
  _log_warning(f'{cat_alias} in param dict is overridden.')
/home/mburu/.local/lib/python3.8/site-packages/lightgbm/basic.py:1780: UserWarning: Overriding the parameters from Reference Dataset.
  _log_warning('Overriding the parameters from Reference Dataset.')
/home/mburu/.local/lib/python3.8/site-packages/lightgbm/basic.py:1513: UserWarning: categorical_column in param dict is overridden.
  _log_warning(f'{cat_alias} in param dict is overridden.')
/home/mburu/.local/lib/python3.8/site-packages/lightgbm/basic.py:1780: UserWarning: Overriding the parameters from Reference Dataset.
  _log_warning('Overriding the parameters from Reference Dataset.')
/home/mburu/.local/lib/python3.8/site-packages/lightgbm/basic.py:1513: UserWarning: categorical_column in param dict is overridden.
  _log_warning(f'{cat_alias} in param dict is overridden.')
/home/mburu/.local/lib/python3.8/site-packages/lightgbm/basic.py:1780: UserWarning: Overriding the parameters from Reference Dataset.
  _log_warning('Overriding the parameters from Reference Dataset.')
/home/mburu/.local/lib/python3.8/site-packages/lightgbm/basic.py:1513: UserWarning: categorical_column in param dict is overridden.
  _log_warning(f'{cat_alias} in param dict is overridden.')
[I 2024-12-09 18:41:01,483] Trial 66 finished with value: 11920551.578864152 and parameters: {'num_leaves': 31, 'lambda_l1': 4.8587873366683345, 'lambda_l2': 0.018685019899565312, 'learning_rate': 0.043714635514391385}. Best is trial 62 with value: 11797945.487151664.
/home/mburu/.local/lib/python3.8/site-packages/lightgbm/basic.py:1780: UserWarning: Overriding the parameters from Reference Dataset.
  _log_warning('Overriding the parameters from Reference Dataset.')
/home/mburu/.local/lib/python3.8/site-packages/lightgbm/basic.py:1513: UserWarning: categorical_column in param dict is overridden.
  _log_warning(f'{cat_alias} in param dict is overridden.')
/home/mburu/.local/lib/python3.8/site-packages/lightgbm/basic.py:1780: UserWarning: Overriding the parameters from Reference Dataset.
  _log_warning('Overriding the parameters from Reference Dataset.')
/home/mburu/.local/lib/python3.8/site-packages/lightgbm/basic.py:1513: UserWarning: categorical_column in param dict is overridden.
  _log_warning(f'{cat_alias} in param dict is overridden.')
/home/mburu/.local/lib/python3.8/site-packages/lightgbm/basic.py:1780: UserWarning: Overriding the parameters from Reference Dataset.
  _log_warning('Overriding the parameters from Reference Dataset.')
/home/mburu/.local/lib/python3.8/site-packages/lightgbm/basic.py:1513: UserWarning: categorical_column in param dict is overridden.
  _log_warning(f'{cat_alias} in param dict is overridden.')
/home/mburu/.local/lib/python3.8/site-packages/lightgbm/basic.py:1780: UserWarning: Overriding the parameters from Reference Dataset.
  _log_warning('Overriding the parameters from Reference Dataset.')
/home/mburu/.local/lib/python3.8/site-packages/lightgbm/basic.py:1513: UserWarning: categorical_column in param dict is overridden.
  _log_warning(f'{cat_alias} in param dict is overridden.')
/home/mburu/.local/lib/python3.8/site-packages/lightgbm/basic.py:1780: UserWarning: Overriding the parameters from Reference Dataset.
  _log_warning('Overriding the parameters from Reference Dataset.')
/home/mburu/.local/lib/python3.8/site-packages/lightgbm/basic.py:1513: UserWarning: categorical_column in param dict is overridden.
  _log_warning(f'{cat_alias} in param dict is overridden.')
[I 2024-12-09 18:41:14,042] Trial 67 finished with value: 11866743.176043129 and parameters: {'num_leaves': 445, 'lambda_l1': 0.6925295851608083, 'lambda_l2': 0.008378641502763419, 'learning_rate': 0.0781269015937429}. Best is trial 62 with value: 11797945.487151664.
/home/mburu/.local/lib/python3.8/site-packages/lightgbm/basic.py:1780: UserWarning: Overriding the parameters from Reference Dataset.
  _log_warning('Overriding the parameters from Reference Dataset.')
/home/mburu/.local/lib/python3.8/site-packages/lightgbm/basic.py:1513: UserWarning: categorical_column in param dict is overridden.
  _log_warning(f'{cat_alias} in param dict is overridden.')
/home/mburu/.local/lib/python3.8/site-packages/lightgbm/basic.py:1780: UserWarning: Overriding the parameters from Reference Dataset.
  _log_warning('Overriding the parameters from Reference Dataset.')
/home/mburu/.local/lib/python3.8/site-packages/lightgbm/basic.py:1513: UserWarning: categorical_column in param dict is overridden.
  _log_warning(f'{cat_alias} in param dict is overridden.')
/home/mburu/.local/lib/python3.8/site-packages/lightgbm/basic.py:1780: UserWarning: Overriding the parameters from Reference Dataset.
  _log_warning('Overriding the parameters from Reference Dataset.')
/home/mburu/.local/lib/python3.8/site-packages/lightgbm/basic.py:1513: UserWarning: categorical_column in param dict is overridden.
  _log_warning(f'{cat_alias} in param dict is overridden.')
/home/mburu/.local/lib/python3.8/site-packages/lightgbm/basic.py:1780: UserWarning: Overriding the parameters from Reference Dataset.
  _log_warning('Overriding the parameters from Reference Dataset.')
/home/mburu/.local/lib/python3.8/site-packages/lightgbm/basic.py:1513: UserWarning: categorical_column in param dict is overridden.
  _log_warning(f'{cat_alias} in param dict is overridden.')
/home/mburu/.local/lib/python3.8/site-packages/lightgbm/basic.py:1780: UserWarning: Overriding the parameters from Reference Dataset.
  _log_warning('Overriding the parameters from Reference Dataset.')
/home/mburu/.local/lib/python3.8/site-packages/lightgbm/basic.py:1513: UserWarning: categorical_column in param dict is overridden.
  _log_warning(f'{cat_alias} in param dict is overridden.')
[I 2024-12-09 18:41:37,583] Trial 68 finished with value: 11802804.64487466 and parameters: {'num_leaves': 209, 'lambda_l1': 9.002143626655169, 'lambda_l2': 2.082839659401379, 'learning_rate': 0.028802778289955814}. Best is trial 62 with value: 11797945.487151664.
/home/mburu/.local/lib/python3.8/site-packages/lightgbm/basic.py:1780: UserWarning: Overriding the parameters from Reference Dataset.
  _log_warning('Overriding the parameters from Reference Dataset.')
/home/mburu/.local/lib/python3.8/site-packages/lightgbm/basic.py:1513: UserWarning: categorical_column in param dict is overridden.
  _log_warning(f'{cat_alias} in param dict is overridden.')
/home/mburu/.local/lib/python3.8/site-packages/lightgbm/basic.py:1780: UserWarning: Overriding the parameters from Reference Dataset.
  _log_warning('Overriding the parameters from Reference Dataset.')
/home/mburu/.local/lib/python3.8/site-packages/lightgbm/basic.py:1513: UserWarning: categorical_column in param dict is overridden.
  _log_warning(f'{cat_alias} in param dict is overridden.')
/home/mburu/.local/lib/python3.8/site-packages/lightgbm/basic.py:1780: UserWarning: Overriding the parameters from Reference Dataset.
  _log_warning('Overriding the parameters from Reference Dataset.')
/home/mburu/.local/lib/python3.8/site-packages/lightgbm/basic.py:1513: UserWarning: categorical_column in param dict is overridden.
  _log_warning(f'{cat_alias} in param dict is overridden.')
/home/mburu/.local/lib/python3.8/site-packages/lightgbm/basic.py:1780: UserWarning: Overriding the parameters from Reference Dataset.
  _log_warning('Overriding the parameters from Reference Dataset.')
/home/mburu/.local/lib/python3.8/site-packages/lightgbm/basic.py:1513: UserWarning: categorical_column in param dict is overridden.
  _log_warning(f'{cat_alias} in param dict is overridden.')
/home/mburu/.local/lib/python3.8/site-packages/lightgbm/basic.py:1780: UserWarning: Overriding the parameters from Reference Dataset.
  _log_warning('Overriding the parameters from Reference Dataset.')
/home/mburu/.local/lib/python3.8/site-packages/lightgbm/basic.py:1513: UserWarning: categorical_column in param dict is overridden.
  _log_warning(f'{cat_alias} in param dict is overridden.')
[I 2024-12-09 18:42:00,893] Trial 69 finished with value: 11803610.201745028 and parameters: {'num_leaves': 210, 'lambda_l1': 7.033834986046877, 'lambda_l2': 0.8749399963967096, 'learning_rate': 0.029275039447110376}. Best is trial 62 with value: 11797945.487151664.
/home/mburu/.local/lib/python3.8/site-packages/lightgbm/basic.py:1780: UserWarning: Overriding the parameters from Reference Dataset.
  _log_warning('Overriding the parameters from Reference Dataset.')
/home/mburu/.local/lib/python3.8/site-packages/lightgbm/basic.py:1513: UserWarning: categorical_column in param dict is overridden.
  _log_warning(f'{cat_alias} in param dict is overridden.')
/home/mburu/.local/lib/python3.8/site-packages/lightgbm/basic.py:1780: UserWarning: Overriding the parameters from Reference Dataset.
  _log_warning('Overriding the parameters from Reference Dataset.')
/home/mburu/.local/lib/python3.8/site-packages/lightgbm/basic.py:1513: UserWarning: categorical_column in param dict is overridden.
  _log_warning(f'{cat_alias} in param dict is overridden.')
/home/mburu/.local/lib/python3.8/site-packages/lightgbm/basic.py:1780: UserWarning: Overriding the parameters from Reference Dataset.
  _log_warning('Overriding the parameters from Reference Dataset.')
/home/mburu/.local/lib/python3.8/site-packages/lightgbm/basic.py:1513: UserWarning: categorical_column in param dict is overridden.
  _log_warning(f'{cat_alias} in param dict is overridden.')
/home/mburu/.local/lib/python3.8/site-packages/lightgbm/basic.py:1780: UserWarning: Overriding the parameters from Reference Dataset.
  _log_warning('Overriding the parameters from Reference Dataset.')
/home/mburu/.local/lib/python3.8/site-packages/lightgbm/basic.py:1513: UserWarning: categorical_column in param dict is overridden.
  _log_warning(f'{cat_alias} in param dict is overridden.')
/home/mburu/.local/lib/python3.8/site-packages/lightgbm/basic.py:1780: UserWarning: Overriding the parameters from Reference Dataset.
  _log_warning('Overriding the parameters from Reference Dataset.')
/home/mburu/.local/lib/python3.8/site-packages/lightgbm/basic.py:1513: UserWarning: categorical_column in param dict is overridden.
  _log_warning(f'{cat_alias} in param dict is overridden.')
[I 2024-12-09 18:42:25,995] Trial 70 finished with value: 11809026.682261523 and parameters: {'num_leaves': 212, 'lambda_l1': 0.3392053479588409, 'lambda_l2': 3.0007816008368615, 'learning_rate': 0.02820241539386345}. Best is trial 62 with value: 11797945.487151664.
/home/mburu/.local/lib/python3.8/site-packages/lightgbm/basic.py:1780: UserWarning: Overriding the parameters from Reference Dataset.
  _log_warning('Overriding the parameters from Reference Dataset.')
/home/mburu/.local/lib/python3.8/site-packages/lightgbm/basic.py:1513: UserWarning: categorical_column in param dict is overridden.
  _log_warning(f'{cat_alias} in param dict is overridden.')
/home/mburu/.local/lib/python3.8/site-packages/lightgbm/basic.py:1780: UserWarning: Overriding the parameters from Reference Dataset.
  _log_warning('Overriding the parameters from Reference Dataset.')
/home/mburu/.local/lib/python3.8/site-packages/lightgbm/basic.py:1513: UserWarning: categorical_column in param dict is overridden.
  _log_warning(f'{cat_alias} in param dict is overridden.')
/home/mburu/.local/lib/python3.8/site-packages/lightgbm/basic.py:1780: UserWarning: Overriding the parameters from Reference Dataset.
  _log_warning('Overriding the parameters from Reference Dataset.')
/home/mburu/.local/lib/python3.8/site-packages/lightgbm/basic.py:1513: UserWarning: categorical_column in param dict is overridden.
  _log_warning(f'{cat_alias} in param dict is overridden.')
/home/mburu/.local/lib/python3.8/site-packages/lightgbm/basic.py:1780: UserWarning: Overriding the parameters from Reference Dataset.
  _log_warning('Overriding the parameters from Reference Dataset.')
/home/mburu/.local/lib/python3.8/site-packages/lightgbm/basic.py:1513: UserWarning: categorical_column in param dict is overridden.
  _log_warning(f'{cat_alias} in param dict is overridden.')
/home/mburu/.local/lib/python3.8/site-packages/lightgbm/basic.py:1780: UserWarning: Overriding the parameters from Reference Dataset.
  _log_warning('Overriding the parameters from Reference Dataset.')
/home/mburu/.local/lib/python3.8/site-packages/lightgbm/basic.py:1513: UserWarning: categorical_column in param dict is overridden.
  _log_warning(f'{cat_alias} in param dict is overridden.')
[I 2024-12-09 18:42:51,735] Trial 71 finished with value: 11807300.544983692 and parameters: {'num_leaves': 212, 'lambda_l1': 8.041677903676726, 'lambda_l2': 0.9452248072089999, 'learning_rate': 0.027692751200342966}. Best is trial 62 with value: 11797945.487151664.
/home/mburu/.local/lib/python3.8/site-packages/lightgbm/basic.py:1780: UserWarning: Overriding the parameters from Reference Dataset.
  _log_warning('Overriding the parameters from Reference Dataset.')
/home/mburu/.local/lib/python3.8/site-packages/lightgbm/basic.py:1513: UserWarning: categorical_column in param dict is overridden.
  _log_warning(f'{cat_alias} in param dict is overridden.')
/home/mburu/.local/lib/python3.8/site-packages/lightgbm/basic.py:1780: UserWarning: Overriding the parameters from Reference Dataset.
  _log_warning('Overriding the parameters from Reference Dataset.')
/home/mburu/.local/lib/python3.8/site-packages/lightgbm/basic.py:1513: UserWarning: categorical_column in param dict is overridden.
  _log_warning(f'{cat_alias} in param dict is overridden.')
/home/mburu/.local/lib/python3.8/site-packages/lightgbm/basic.py:1780: UserWarning: Overriding the parameters from Reference Dataset.
  _log_warning('Overriding the parameters from Reference Dataset.')
/home/mburu/.local/lib/python3.8/site-packages/lightgbm/basic.py:1513: UserWarning: categorical_column in param dict is overridden.
  _log_warning(f'{cat_alias} in param dict is overridden.')
/home/mburu/.local/lib/python3.8/site-packages/lightgbm/basic.py:1780: UserWarning: Overriding the parameters from Reference Dataset.
  _log_warning('Overriding the parameters from Reference Dataset.')
/home/mburu/.local/lib/python3.8/site-packages/lightgbm/basic.py:1513: UserWarning: categorical_column in param dict is overridden.
  _log_warning(f'{cat_alias} in param dict is overridden.')
/home/mburu/.local/lib/python3.8/site-packages/lightgbm/basic.py:1780: UserWarning: Overriding the parameters from Reference Dataset.
  _log_warning('Overriding the parameters from Reference Dataset.')
/home/mburu/.local/lib/python3.8/site-packages/lightgbm/basic.py:1513: UserWarning: categorical_column in param dict is overridden.
  _log_warning(f'{cat_alias} in param dict is overridden.')
