Trial 231 finished with value: 3.2175828485154305 and parameters: {'num_leaves': 1378, 'lambda_l1': 0.0450751858293429, 'lambda_l2': 3.4391221907784474e-08, 'learning_rate': 0.03563706213908039}. Best is trial 175 with value: 3.0347291833074177.
Training until validation scores don't improve for 20 rounds
[100]	train's l2: 0.419824	eval's l2: 3.31029
Did not meet early stopping. Best iteration is:
[100]	train's l2: 0.419824	eval's l2: 3.31029
Saved Losses
{'MSE - mean': 3.3102859823144075, 'MSE - std': 0.0, 'R2 - mean': 0.5738457865192054, 'R2 - std': 0.0} 
 

Training until validation scores don't improve for 20 rounds
[100]	train's l2: 0.411765	eval's l2: 3.3981
Did not meet early stopping. Best iteration is:
[100]	train's l2: 0.411765	eval's l2: 3.3981
Saved Losses
{'MSE - mean': 3.3541921076272896, 'MSE - std': 0.04390612531288185, 'R2 - mean': 0.5587081988144655, 'R2 - std': 0.015137587704739774} 
 

Training until validation scores don't improve for 20 rounds
Early stopping, best iteration is:
[62]	train's l2: 0.726038	eval's l2: 3.13809
Saved Losses
{'MSE - mean': 3.282156862948993, 'MSE - std': 0.10799684337231585, 'R2 - mean': 0.5606591591306065, 'R2 - std': 0.012663998841444434} 
 

Training until validation scores don't improve for 20 rounds
[100]	train's l2: 0.429948	eval's l2: 2.78874
Did not meet early stopping. Best iteration is:
[100]	train's l2: 0.429948	eval's l2: 2.78874
Saved Losses
{'MSE - mean': 3.1588031826248173, 'MSE - std': 0.23322924341159504, 'R2 - mean': 0.5681931369981237, 'R2 - std': 0.01704597071207136} 
 

Training until validation scores don't improve for 20 rounds
[100]	train's l2: 0.426452	eval's l2: 3.16575
Did not meet early stopping. Best iteration is:
[100]	train's l2: 0.426452	eval's l2: 3.16575
Saved Losses
{'MSE - mean': 3.1601932611978474, 'MSE - std': 0.20862510218004168, 'R2 - mean': 0.5710942519549247, 'R2 - std': 0.01631312250869636} 
 

Saving model.....
Results After CV: {'MSE - mean': 3.1601932611978474, 'MSE - std': 0.20862510218004168, 'R2 - mean': 0.5710942519549247, 'R2 - std': 0.01631312250869636}
Train time: 70.51209837179958
Inference time: 4.724143671600177
Finished cross validation
Hyperparam was saved!!! Hurrah!!!
Trial 232 finished with value: 3.1601932611978474 and parameters: {'num_leaves': 1864, 'lambda_l1': 0.1389593722001176, 'lambda_l2': 1.7236329070240275e-08, 'learning_rate': 0.13235376866075882}. Best is trial 175 with value: 3.0347291833074177.
Training until validation scores don't improve for 20 rounds
[100]	train's l2: 1.51641	eval's l2: 3.38666
Did not meet early stopping. Best iteration is:
[100]	train's l2: 1.51641	eval's l2: 3.38666
Saved Losses
{'MSE - mean': 3.3866645943076, 'MSE - std': 0.0, 'R2 - mean': 0.5640130809781703, 'R2 - std': 0.0} 
 

Training until validation scores don't improve for 20 rounds
[100]	train's l2: 1.50523	eval's l2: 3.43451
Did not meet early stopping. Best iteration is:
[100]	train's l2: 1.50523	eval's l2: 3.43451
Saved Losses
{'MSE - mean': 3.410588219295559, 'MSE - std': 0.023923624987959302, 'R2 - mean': 0.5513463248680708, 'R2 - std': 0.01266675611009943} 
 

Training until validation scores don't improve for 20 rounds
[100]	train's l2: 1.5312	eval's l2: 3.11981
Did not meet early stopping. Best iteration is:
[100]	train's l2: 1.5312	eval's l2: 3.11981
Saved Losses
{'MSE - mean': 3.3136616259311666, 'MSE - std': 0.13845970132435262, 'R2 - mean': 0.5565966547821537, 'R2 - std': 0.012731708525642647} 
 

Training until validation scores don't improve for 20 rounds
[100]	train's l2: 1.55558	eval's l2: 2.83165
Did not meet early stopping. Best iteration is:
[100]	train's l2: 1.55558	eval's l2: 2.83165
Saved Losses
{'MSE - mean': 3.193159541888239, 'MSE - std': 0.24070848228549896, 'R2 - mean': 0.5635721213264647, 'R2 - std': 0.016356763188933407} 
 

Training until validation scores don't improve for 20 rounds
[100]	train's l2: 1.53232	eval's l2: 3.29861
Did not meet early stopping. Best iteration is:
[100]	train's l2: 1.53232	eval's l2: 3.29861
Saved Losses
{'MSE - mean': 3.2142504833881373, 'MSE - std': 0.21938953942419248, 'R2 - mean': 0.563894770681769, 'R2 - std': 0.014644158290628744} 
 

Saving model.....
Results After CV: {'MSE - mean': 3.2142504833881373, 'MSE - std': 0.21938953942419248, 'R2 - mean': 0.563894770681769, 'R2 - std': 0.014644158290628744}
Train time: 66.3129835764008
Inference time: 4.092198813600407
Finished cross validation
Hyperparam was saved!!! Hurrah!!!
Trial 233 finished with value: 3.2142504833881373 and parameters: {'num_leaves': 1596, 'lambda_l1': 0.07100207105305298, 'lambda_l2': 4.423009737166187e-08, 'learning_rate': 0.0372584896599028}. Best is trial 175 with value: 3.0347291833074177.
Training until validation scores don't improve for 20 rounds
[100]	train's l2: 1.42786	eval's l2: 3.37485
Did not meet early stopping. Best iteration is:
[100]	train's l2: 1.42786	eval's l2: 3.37485
Saved Losses
{'MSE - mean': 3.374854661800761, 'MSE - std': 0.0, 'R2 - mean': 0.5655334488634833, 'R2 - std': 0.0} 
 

Training until validation scores don't improve for 20 rounds
[100]	train's l2: 1.40373	eval's l2: 3.42812
Did not meet early stopping. Best iteration is:
[100]	train's l2: 1.40373	eval's l2: 3.42812
Saved Losses
{'MSE - mean': 3.4014873626248354, 'MSE - std': 0.02663270082407454, 'R2 - mean': 0.5525357778342036, 'R2 - std': 0.012997671029279734} 
 

Training until validation scores don't improve for 20 rounds
[100]	train's l2: 1.43523	eval's l2: 3.11701
Did not meet early stopping. Best iteration is:
[100]	train's l2: 1.43523	eval's l2: 3.11701
Saved Losses
{'MSE - mean': 3.3066620756665355, 'MSE - std': 0.1358548389356727, 'R2 - mean': 0.5575189905287025, 'R2 - std': 0.0127393531615285} 
 

Training until validation scores don't improve for 20 rounds
[100]	train's l2: 1.47221	eval's l2: 2.81796
Did not meet early stopping. Best iteration is:
[100]	train's l2: 1.47221	eval's l2: 2.81796
Saved Losses
{'MSE - mean': 3.184485951699172, 'MSE - std': 0.2421227348882051, 'R2 - mean': 0.5647662817263029, 'R2 - std': 0.0167119127672168} 
 

Training until validation scores don't improve for 20 rounds
[100]	train's l2: 1.43666	eval's l2: 3.25268
Did not meet early stopping. Best iteration is:
[100]	train's l2: 1.43666	eval's l2: 3.25268
Saved Losses
{'MSE - mean': 3.1981250913006796, 'MSE - std': 0.21827239751299957, 'R2 - mean': 0.5660610418347449, 'R2 - std': 0.015170235252787016} 
 

Saving model.....
Results After CV: {'MSE - mean': 3.1981250913006796, 'MSE - std': 0.21827239751299957, 'R2 - mean': 0.5660610418347449, 'R2 - std': 0.015170235252787016}
Train time: 78.3882931219996
Inference time: 4.441766626200115
Finished cross validation
Hyperparam was saved!!! Hurrah!!!
Trial 234 finished with value: 3.1981250913006796 and parameters: {'num_leaves': 2017, 'lambda_l1': 0.19999416308658652, 'lambda_l2': 2.8751326152145526e-08, 'learning_rate': 0.038675066995885764}. Best is trial 175 with value: 3.0347291833074177.
Training until validation scores don't improve for 20 rounds
[100]	train's l2: 1.18453	eval's l2: 3.33125
Did not meet early stopping. Best iteration is:
[100]	train's l2: 1.18453	eval's l2: 3.33125
Saved Losses
{'MSE - mean': 3.3312539292778136, 'MSE - std': 0.0, 'R2 - mean': 0.5711464490618869, 'R2 - std': 0.0} 
 

Training until validation scores don't improve for 20 rounds
[100]	train's l2: 1.16999	eval's l2: 3.38179
Did not meet early stopping. Best iteration is:
[100]	train's l2: 1.16999	eval's l2: 3.38179
Saved Losses
{'MSE - mean': 3.3565234460215883, 'MSE - std': 0.025269516743774645, 'R2 - mean': 0.5584535844355358, 'R2 - std': 0.012692864626351108} 
 

Training until validation scores don't improve for 20 rounds
[100]	train's l2: 1.19569	eval's l2: 3.11473
Did not meet early stopping. Best iteration is:
[100]	train's l2: 1.19569	eval's l2: 3.11473
Saved Losses
{'MSE - mean': 3.2759242303788536, 'MSE - std': 0.11583680809119917, 'R2 - mean': 0.5615699158242444, 'R2 - std': 0.011261834557348277} 
 

Training until validation scores don't improve for 20 rounds
[100]	train's l2: 1.22466	eval's l2: 2.76351
Did not meet early stopping. Best iteration is:
[100]	train's l2: 1.22466	eval's l2: 2.76351
Saved Losses
{'MSE - mean': 3.1478216319390997, 'MSE - std': 0.24350452103116782, 'R2 - mean': 0.5698016707550362, 'R2 - std': 0.017274462536347016} 
 

Training until validation scores don't improve for 20 rounds
[100]	train's l2: 1.19871	eval's l2: 3.21577
Did not meet early stopping. Best iteration is:
[100]	train's l2: 1.19871	eval's l2: 3.21577
Saved Losses
{'MSE - mean': 3.1614108962917964, 'MSE - std': 0.21948629531860217, 'R2 - mean': 0.5710625262708753, 'R2 - std': 0.015655180333136162} 
 

Saving model.....
Results After CV: {'MSE - mean': 3.1614108962917964, 'MSE - std': 0.21948629531860217, 'R2 - mean': 0.5710625262708753, 'R2 - std': 0.015655180333136162}
Train time: 90.88057784139964
Inference time: 5.082828066200454
Finished cross validation
Hyperparam was saved!!! Hurrah!!!
Trial 235 finished with value: 3.1614108962917964 and parameters: {'num_leaves': 2510, 'lambda_l1': 0.0975831165597085, 'lambda_l2': 6.934139644878883e-08, 'learning_rate': 0.04571361587081741}. Best is trial 175 with value: 3.0347291833074177.
Training until validation scores don't improve for 20 rounds
[100]	train's l2: 1.45261	eval's l2: 3.3358
Did not meet early stopping. Best iteration is:
[100]	train's l2: 1.45261	eval's l2: 3.3358
Saved Losses
{'MSE - mean': 3.3358026178266726, 'MSE - std': 0.0, 'R2 - mean': 0.5705608673927307, 'R2 - std': 0.0} 
 

Training until validation scores don't improve for 20 rounds
[100]	train's l2: 1.43453	eval's l2: 3.4042
Did not meet early stopping. Best iteration is:
[100]	train's l2: 1.43453	eval's l2: 3.4042
Saved Losses
{'MSE - mean': 3.3700027865746573, 'MSE - std': 0.034200168747984705, 'R2 - mean': 0.556655748939682, 'R2 - std': 0.01390511845304876} 
 

Training until validation scores don't improve for 20 rounds
[100]	train's l2: 1.47191	eval's l2: 3.10008
Did not meet early stopping. Best iteration is:
[100]	train's l2: 1.47191	eval's l2: 3.10008
Saved Losses
{'MSE - mean': 3.2800284025657596, 'MSE - std': 0.13027105300291522, 'R2 - mean': 0.5610487897319215, 'R2 - std': 0.012942146689534872} 
 

Training until validation scores don't improve for 20 rounds
[100]	train's l2: 1.50813	eval's l2: 2.79113
Did not meet early stopping. Best iteration is:
[100]	train's l2: 1.50813	eval's l2: 2.79113
Saved Losses
{'MSE - mean': 3.157805053312351, 'MSE - std': 0.23988237064450602, 'R2 - mean': 0.5683975809744451, 'R2 - std': 0.016959910638875933} 
 

Training until validation scores don't improve for 20 rounds
[100]	train's l2: 1.46462	eval's l2: 3.2646
Did not meet early stopping. Best iteration is:
[100]	train's l2: 1.46462	eval's l2: 3.2646
Saved Losses
{'MSE - mean': 3.179163745543009, 'MSE - std': 0.2187684079844217, 'R2 - mean': 0.568651911295717, 'R2 - std': 0.015177931043202123} 
 

Saving model.....
Results After CV: {'MSE - mean': 3.179163745543009, 'MSE - std': 0.2187684079844217, 'R2 - mean': 0.568651911295717, 'R2 - std': 0.015177931043202123}
Train time: 111.51822538019988
Inference time: 5.018897140599438
Finished cross validation
Hyperparam was saved!!! Hurrah!!!
Trial 236 finished with value: 3.179163745543009 and parameters: {'num_leaves': 3107, 'lambda_l1': 0.022485355029503443, 'lambda_l2': 1.4825697522440366e-08, 'learning_rate': 0.0346212523173165}. Best is trial 175 with value: 3.0347291833074177.
Training until validation scores don't improve for 20 rounds
[100]	train's l2: 1.71444	eval's l2: 3.42558
Did not meet early stopping. Best iteration is:
[100]	train's l2: 1.71444	eval's l2: 3.42558
Saved Losses
{'MSE - mean': 3.4255826309776776, 'MSE - std': 0.0, 'R2 - mean': 0.559002914063299, 'R2 - std': 0.0} 
 

Training until validation scores don't improve for 20 rounds
[100]	train's l2: 1.70201	eval's l2: 3.45332
Did not meet early stopping. Best iteration is:
[100]	train's l2: 1.70201	eval's l2: 3.45332
Saved Losses
{'MSE - mean': 3.4394497924344845, 'MSE - std': 0.013867161456806887, 'R2 - mean': 0.5475782990090461, 'R2 - std': 0.011424615054252962} 
 

Training until validation scores don't improve for 20 rounds
[100]	train's l2: 1.73328	eval's l2: 3.12942
Did not meet early stopping. Best iteration is:
[100]	train's l2: 1.73328	eval's l2: 3.12942
Saved Losses
{'MSE - mean': 3.336106181701517, 'MSE - std': 0.14658786626650538, 'R2 - mean': 0.5536401208954581, 'R2 - std': 0.012669093176851385} 
 

Training until validation scores don't improve for 20 rounds
[100]	train's l2: 1.77528	eval's l2: 2.83699
Did not meet early stopping. Best iteration is:
[100]	train's l2: 1.77528	eval's l2: 2.83699
Saved Losses
{'MSE - mean': 3.2113277401856606, 'MSE - std': 0.25064911789951144, 'R2 - mean': 0.561158862302324, 'R2 - std': 0.017028618806960504} 
 

Training until validation scores don't improve for 20 rounds
[100]	train's l2: 1.73527	eval's l2: 3.3013
Did not meet early stopping. Best iteration is:
[100]	train's l2: 1.73527	eval's l2: 3.3013
Saved Losses
{'MSE - mean': 3.229322072417399, 'MSE - std': 0.22705763191953546, 'R2 - mean': 0.5618933735324232, 'R2 - std': 0.015301539588119296} 
 

Saving model.....
Results After CV: {'MSE - mean': 3.229322072417399, 'MSE - std': 0.22705763191953546, 'R2 - mean': 0.5618933735324232, 'R2 - std': 0.015301539588119296}
Train time: 66.29881890740035
Inference time: 3.9365489696003353
Finished cross validation
Hyperparam was saved!!! Hurrah!!!
Trial 237 finished with value: 3.229322072417399 and parameters: {'num_leaves': 1645, 'lambda_l1': 0.5703753338098247, 'lambda_l2': 1.2096546801791533e-07, 'learning_rate': 0.03133945611743157}. Best is trial 175 with value: 3.0347291833074177.
Training until validation scores don't improve for 20 rounds
[100]	train's l2: 1.43052	eval's l2: 3.37286
Did not meet early stopping. Best iteration is:
[100]	train's l2: 1.43052	eval's l2: 3.37286
Saved Losses
{'MSE - mean': 3.372858889321745, 'MSE - std': 0.0, 'R2 - mean': 0.5657903773752875, 'R2 - std': 0.0} 
 

Training until validation scores don't improve for 20 rounds
[100]	train's l2: 1.41175	eval's l2: 3.44598
Did not meet early stopping. Best iteration is:
[100]	train's l2: 1.41175	eval's l2: 3.44598
Saved Losses
{'MSE - mean': 3.409421630778266, 'MSE - std': 0.036562741456521275, 'R2 - mean': 0.5514644834334775, 'R2 - std': 0.014325893941809942} 
 

Training until validation scores don't improve for 20 rounds
[100]	train's l2: 1.43893	eval's l2: 3.11454
Did not meet early stopping. Best iteration is:
[100]	train's l2: 1.43893	eval's l2: 3.11454
Saved Losses
{'MSE - mean': 3.311126254606585, 'MSE - std': 0.14218011345476173, 'R2 - mean': 0.5569193169796084, 'R2 - std': 0.014011825107862088} 
 

Training until validation scores don't improve for 20 rounds
[100]	train's l2: 1.47761	eval's l2: 2.80609
Did not meet early stopping. Best iteration is:
[100]	train's l2: 1.47761	eval's l2: 2.80609
Saved Losses
{'MSE - mean': 3.1848661217564884, 'MSE - std': 0.25097061967186307, 'R2 - mean': 0.5647520295611159, 'R2 - std': 0.01820171945980669} 
 

Training until validation scores don't improve for 20 rounds
[100]	train's l2: 1.4503	eval's l2: 3.24299
Did not meet early stopping. Best iteration is:
[100]	train's l2: 1.4503	eval's l2: 3.24299
Saved Losses
{'MSE - mean': 3.196490426024495, 'MSE - std': 0.22567565076818533, 'R2 - mean': 0.5663052077802405, 'R2 - std': 0.01657382042126245} 
 

Saving model.....
Results After CV: {'MSE - mean': 3.196490426024495, 'MSE - std': 0.22567565076818533, 'R2 - mean': 0.5663052077802405, 'R2 - std': 0.01657382042126245}
Train time: 52.571764694600276
Inference time: 3.6896077741996125
Finished cross validation
Hyperparam was saved!!! Hurrah!!!
Trial 238 finished with value: 3.196490426024495 and parameters: {'num_leaves': 1234, 'lambda_l1': 0.038095066042824366, 'lambda_l2': 2.345707639311715e-08, 'learning_rate': 0.042881009169336036}. Best is trial 175 with value: 3.0347291833074177.
Training until validation scores don't improve for 20 rounds
[100]	train's l2: 1.36286	eval's l2: 3.36228
Did not meet early stopping. Best iteration is:
[100]	train's l2: 1.36286	eval's l2: 3.36228
Saved Losses
{'MSE - mean': 3.362283793569844, 'MSE - std': 0.0, 'R2 - mean': 0.5671517768545808, 'R2 - std': 0.0} 
 

Training until validation scores don't improve for 20 rounds
[100]	train's l2: 1.35102	eval's l2: 3.39642
Did not meet early stopping. Best iteration is:
[100]	train's l2: 1.35102	eval's l2: 3.39642
Saved Losses
{'MSE - mean': 3.379354194417439, 'MSE - std': 0.01707040084759437, 'R2 - mean': 0.555473594708813, 'R2 - std': 0.011678182145767824} 
 

Training until validation scores don't improve for 20 rounds
[100]	train's l2: 1.37021	eval's l2: 3.11098
Did not meet early stopping. Best iteration is:
[100]	train's l2: 1.37021	eval's l2: 3.11098
Saved Losses
{'MSE - mean': 3.2898959785308666, 'MSE - std': 0.12727847619537017, 'R2 - mean': 0.5597565318904949, 'R2 - std': 0.011296329519993938} 
 

Training until validation scores don't improve for 20 rounds
[100]	train's l2: 1.40114	eval's l2: 2.79286
Did not meet early stopping. Best iteration is:
[100]	train's l2: 1.40114	eval's l2: 2.79286
Saved Losses
{'MSE - mean': 3.1656376405578515, 'MSE - std': 0.2418062479432856, 'R2 - mean': 0.5673650121512498, 'R2 - std': 0.016412562600127578} 
 

Training until validation scores don't improve for 20 rounds
[100]	train's l2: 1.37214	eval's l2: 3.25757
Did not meet early stopping. Best iteration is:
[100]	train's l2: 1.37214	eval's l2: 3.25757
Saved Losses
{'MSE - mean': 3.184024685413754, 'MSE - std': 0.21938218457673272, 'R2 - mean': 0.5680110767586282, 'R2 - std': 0.014736599566728853} 
 

Saving model.....
Results After CV: {'MSE - mean': 3.184024685413754, 'MSE - std': 0.21938218457673272, 'R2 - mean': 0.5680110767586282, 'R2 - std': 0.014736599566728853}
Train time: 81.98450938259994
Inference time: 4.657479653399787
Finished cross validation
Hyperparam was saved!!! Hurrah!!!
Trial 239 finished with value: 3.184024685413754 and parameters: {'num_leaves': 2211, 'lambda_l1': 0.06413983091201442, 'lambda_l2': 0.008667795053264614, 'learning_rate': 0.03998101228894587}. Best is trial 175 with value: 3.0347291833074177.
Training until validation scores don't improve for 20 rounds
[100]	train's l2: 1.12299	eval's l2: 3.31538
Did not meet early stopping. Best iteration is:
[100]	train's l2: 1.12299	eval's l2: 3.31538
Saved Losses
{'MSE - mean': 3.315383369258124, 'MSE - std': 0.0, 'R2 - mean': 0.5731895674084058, 'R2 - std': 0.0} 
 

Training until validation scores don't improve for 20 rounds
[100]	train's l2: 1.10588	eval's l2: 3.39271
Did not meet early stopping. Best iteration is:
[100]	train's l2: 1.10588	eval's l2: 3.39271
Saved Losses
{'MSE - mean': 3.354047224037444, 'MSE - std': 0.03866385477932055, 'R2 - mean': 0.5587418880205861, 'R2 - std': 0.014447679387819712} 
 

Training until validation scores don't improve for 20 rounds
[100]	train's l2: 1.13552	eval's l2: 3.08642
Did not meet early stopping. Best iteration is:
[100]	train's l2: 1.13552	eval's l2: 3.08642
Saved Losses
{'MSE - mean': 3.26483659777324, 'MSE - std': 0.13005255650889974, 'R2 - mean': 0.5630715652240834, 'R2 - std': 0.013290943125619637} 
 

Training until validation scores don't improve for 20 rounds
Early stopping, best iteration is:
[65]	train's l2: 1.67523	eval's l2: 2.80614
Saved Losses
{'MSE - mean': 3.1501619462136943, 'MSE - std': 0.22833326021800956, 'R2 - mean': 0.5693642983515461, 'R2 - std': 0.01585188782185711} 
 

Training until validation scores don't improve for 20 rounds
[100]	train's l2: 1.1303	eval's l2: 3.18699
Did not meet early stopping. Best iteration is:
[100]	train's l2: 1.1303	eval's l2: 3.18699
Saved Losses
{'MSE - mean': 3.1575279200512876, 'MSE - std': 0.2047581316083263, 'R2 - mean': 0.5714712672816933, 'R2 - std': 0.01479132010010657} 
 

Saving model.....
Results After CV: {'MSE - mean': 3.1575279200512876, 'MSE - std': 0.2047581316083263, 'R2 - mean': 0.5714712672816933, 'R2 - std': 0.01479132010010657}
Train time: 95.69500350680028
Inference time: 4.69760327460026
Finished cross validation
Hyperparam was saved!!! Hurrah!!!
