Trial 206 finished with value: 4.7289948479583765 and parameters: {'num_leaves': 31, 'lambda_l1': 4.2124924589996346e-07, 'lambda_l2': 4.509309304258364, 'learning_rate': 0.02102193350355222}. Best is trial 163 with value: 4.486410577271952.
Training until validation scores don't improve for 20 rounds
[100]	train's l2: 3.83463	eval's l2: 4.77137
Did not meet early stopping. Best iteration is:
[100]	train's l2: 3.83463	eval's l2: 4.77137
Saved Losses
{'MSE - mean': 4.771373191039989, 'MSE - std': 0.0, 'R2 - mean': 0.564866531231154, 'R2 - std': 0.0} 
 

Training until validation scores don't improve for 20 rounds
[100]	train's l2: 3.93373	eval's l2: 4.11978
Did not meet early stopping. Best iteration is:
[100]	train's l2: 3.93373	eval's l2: 4.11978
Saved Losses
{'MSE - mean': 4.445577459874682, 'MSE - std': 0.32579573116530725, 'R2 - mean': 0.5628559777023858, 'R2 - std': 0.0020105535287681664} 
 

Training until validation scores don't improve for 20 rounds
[100]	train's l2: 3.81285	eval's l2: 4.78268
Did not meet early stopping. Best iteration is:
[100]	train's l2: 3.81285	eval's l2: 4.78268
Saved Losses
{'MSE - mean': 4.5579440281423516, 'MSE - std': 0.3098618998180708, 'R2 - mean': 0.5517009236818647, 'R2 - std': 0.015860811582729548} 
 

Training until validation scores don't improve for 20 rounds
[100]	train's l2: 3.85523	eval's l2: 4.38265
Did not meet early stopping. Best iteration is:
[100]	train's l2: 3.85523	eval's l2: 4.38265
Saved Losses
{'MSE - mean': 4.514120314249476, 'MSE - std': 0.27887694672963187, 'R2 - mean': 0.5466269233403607, 'R2 - std': 0.01630676075877385} 
 

Training until validation scores don't improve for 20 rounds
[100]	train's l2: 3.70694	eval's l2: 5.4881
Did not meet early stopping. Best iteration is:
[100]	train's l2: 3.70694	eval's l2: 5.4881
Saved Losses
{'MSE - mean': 4.708917206707483, 'MSE - std': 0.4626026355080335, 'R2 - mean': 0.5465286314835154, 'R2 - std': 0.014586534965905978} 
 

Saving model.....
Results After CV: {'MSE - mean': 4.708917206707483, 'MSE - std': 0.4626026355080335, 'R2 - mean': 0.5465286314835154, 'R2 - std': 0.014586534965905978}
Train time: 0.4740720722000013
Inference time: 0.006918091999999376
Finished cross validation
Hyperparam was saved!!! Hurrah!!!
Trial 207 finished with value: 4.708917206707483 and parameters: {'num_leaves': 21, 'lambda_l1': 0.00428656567166678, 'lambda_l2': 0.004011358666436701, 'learning_rate': 0.023615340410878316}. Best is trial 163 with value: 4.486410577271952.
Training until validation scores don't improve for 20 rounds
[100]	train's l2: 3.33145	eval's l2: 4.58664
Did not meet early stopping. Best iteration is:
[100]	train's l2: 3.33145	eval's l2: 4.58664
Saved Losses
{'MSE - mean': 4.586638080842536, 'MSE - std': 0.0, 'R2 - mean': 0.5817137628529782, 'R2 - std': 0.0} 
 

Training until validation scores don't improve for 20 rounds
[100]	train's l2: 3.42314	eval's l2: 4.02872
Did not meet early stopping. Best iteration is:
[100]	train's l2: 3.42314	eval's l2: 4.02872
Saved Losses
{'MSE - mean': 4.307679670263111, 'MSE - std': 0.2789584105794254, 'R2 - mean': 0.5761329600607115, 'R2 - std': 0.005580802792266637} 
 

Training until validation scores don't improve for 20 rounds
[100]	train's l2: 3.30279	eval's l2: 4.62921
Did not meet early stopping. Best iteration is:
[100]	train's l2: 3.30279	eval's l2: 4.62921
Saved Losses
{'MSE - mean': 4.414856632525309, 'MSE - std': 0.27359154293978355, 'R2 - mean': 0.5655858831487445, 'R2 - std': 0.015596321232201173} 
 

Training until validation scores don't improve for 20 rounds
[100]	train's l2: 3.33838	eval's l2: 4.26523
Did not meet early stopping. Best iteration is:
[100]	train's l2: 3.33838	eval's l2: 4.26523
Saved Losses
{'MSE - mean': 4.377450553881912, 'MSE - std': 0.24563569250936718, 'R2 - mean': 0.5601792103882659, 'R2 - std': 0.0164356398719432} 
 

Training until validation scores don't improve for 20 rounds
[100]	train's l2: 3.21215	eval's l2: 5.28432
Did not meet early stopping. Best iteration is:
[100]	train's l2: 3.21215	eval's l2: 5.28432
Saved Losses
{'MSE - mean': 4.558823580172761, 'MSE - std': 0.42409222276675623, 'R2 - mean': 0.5607411198492319, 'R2 - std': 0.014743377339316112} 
 

Saving model.....
Results After CV: {'MSE - mean': 4.558823580172761, 'MSE - std': 0.42409222276675623, 'R2 - mean': 0.5607411198492319, 'R2 - std': 0.014743377339316112}
Train time: 0.5340162815999989
Inference time: 0.006991864799999803
Finished cross validation
Hyperparam was saved!!! Hurrah!!!
Trial 208 finished with value: 4.558823580172761 and parameters: {'num_leaves': 26, 'lambda_l1': 7.363720827418915e-05, 'lambda_l2': 0.0011707060591962981, 'learning_rate': 0.03339237690735432}. Best is trial 163 with value: 4.486410577271952.
Training until validation scores don't improve for 20 rounds
[100]	train's l2: 3.55978	eval's l2: 4.60286
Did not meet early stopping. Best iteration is:
[100]	train's l2: 3.55978	eval's l2: 4.60286
Saved Losses
{'MSE - mean': 4.602863365673072, 'MSE - std': 0.0, 'R2 - mean': 0.580234070490341, 'R2 - std': 0.0} 
 

Training until validation scores don't improve for 20 rounds
[100]	train's l2: 3.65888	eval's l2: 4.02138
Did not meet early stopping. Best iteration is:
[100]	train's l2: 3.65888	eval's l2: 4.02138
Saved Losses
{'MSE - mean': 4.312119488520751, 'MSE - std': 0.2907438771523214, 'R2 - mean': 0.5757846243139841, 'R2 - std': 0.004449446176356842} 
 

Training until validation scores don't improve for 20 rounds
[100]	train's l2: 3.55452	eval's l2: 4.70696
Did not meet early stopping. Best iteration is:
[100]	train's l2: 3.55452	eval's l2: 4.70696
Saved Losses
{'MSE - mean': 4.443732001134355, 'MSE - std': 0.30165936919088265, 'R2 - mean': 0.5628036089831707, 'R2 - std': 0.01871394931297211} 
 

Training until validation scores don't improve for 20 rounds
[100]	train's l2: 3.59693	eval's l2: 4.27874
Did not meet early stopping. Best iteration is:
[100]	train's l2: 3.59693	eval's l2: 4.27874
Saved Losses
{'MSE - mean': 4.402482884198014, 'MSE - std': 0.2708380516278399, 'R2 - mean': 0.5577315620991778, 'R2 - std': 0.018434638671442176} 
 

Training until validation scores don't improve for 20 rounds
[100]	train's l2: 3.44722	eval's l2: 5.33821
Did not meet early stopping. Best iteration is:
[100]	train's l2: 3.44722	eval's l2: 5.33821
Saved Losses
{'MSE - mean': 4.589629295241852, 'MSE - std': 0.4458449470769047, 'R2 - mean': 0.5578915109517484, 'R2 - std': 0.016491545012492295} 
 

Saving model.....
Results After CV: {'MSE - mean': 4.589629295241852, 'MSE - std': 0.4458449470769047, 'R2 - mean': 0.5578915109517484, 'R2 - std': 0.016491545012492295}
Train time: 0.41388351239999965
Inference time: 0.018162439199998916
Finished cross validation
Hyperparam was saved!!! Hurrah!!!
Trial 209 finished with value: 4.589629295241852 and parameters: {'num_leaves': 18, 'lambda_l1': 0.0001353844586542531, 'lambda_l2': 0.0017281838896742604, 'learning_rate': 0.03635462465459423}. Best is trial 163 with value: 4.486410577271952.
Training until validation scores don't improve for 20 rounds
[100]	train's l2: 3.29004	eval's l2: 4.62228
Did not meet early stopping. Best iteration is:
[100]	train's l2: 3.29004	eval's l2: 4.62228
Saved Losses
{'MSE - mean': 4.6222805175221815, 'MSE - std': 0.0, 'R2 - mean': 0.5784632904026337, 'R2 - std': 0.0} 
 

Training until validation scores don't improve for 20 rounds
[100]	train's l2: 3.39699	eval's l2: 4.09597
Did not meet early stopping. Best iteration is:
[100]	train's l2: 3.39699	eval's l2: 4.09597
Saved Losses
{'MSE - mean': 4.359127021401974, 'MSE - std': 0.26315349612020755, 'R2 - mean': 0.5709232936257693, 'R2 - std': 0.007539996776864344} 
 

Training until validation scores don't improve for 20 rounds
[100]	train's l2: 3.2883	eval's l2: 4.62555
Did not meet early stopping. Best iteration is:
[100]	train's l2: 3.2883	eval's l2: 4.62555
Saved Losses
{'MSE - mean': 4.447934721470097, 'MSE - std': 0.24887772807070954, 'R2 - mean': 0.5622328328805192, 'R2 - std': 0.013745881208306781} 
 

Training until validation scores don't improve for 20 rounds
[100]	train's l2: 3.31181	eval's l2: 4.28055
Did not meet early stopping. Best iteration is:
[100]	train's l2: 3.31181	eval's l2: 4.28055
Saved Losses
{'MSE - mean': 4.406089316059774, 'MSE - std': 0.22739438539482762, 'R2 - mean': 0.5572548962402389, 'R2 - std': 0.014698690323583086} 
 

Training until validation scores don't improve for 20 rounds
[100]	train's l2: 3.20096	eval's l2: 5.26938
Did not meet early stopping. Best iteration is:
[100]	train's l2: 3.20096	eval's l2: 5.26938
Saved Losses
{'MSE - mean': 4.578746993674616, 'MSE - std': 0.40076085108787335, 'R2 - mean': 0.5586487417986256, 'R2 - std': 0.013439212013559895} 
 

Saving model.....
Results After CV: {'MSE - mean': 4.578746993674616, 'MSE - std': 0.40076085108787335, 'R2 - mean': 0.5586487417986256, 'R2 - std': 0.013439212013559895}
Train time: 0.6581604611999993
Inference time: 0.0014400886000004221
Finished cross validation
Hyperparam was saved!!! Hurrah!!!
Trial 210 finished with value: 4.578746993674616 and parameters: {'num_leaves': 33, 'lambda_l1': 4.3143386592834504e-08, 'lambda_l2': 3.0773829313124295, 'learning_rate': 0.030485661862618352}. Best is trial 163 with value: 4.486410577271952.
Training until validation scores don't improve for 20 rounds
[100]	train's l2: 4.14179	eval's l2: 5.01436
Did not meet early stopping. Best iteration is:
[100]	train's l2: 4.14179	eval's l2: 5.01436
Saved Losses
{'MSE - mean': 5.0143569059472135, 'MSE - std': 0.0, 'R2 - mean': 0.5427072193331728, 'R2 - std': 0.0} 
 

Training until validation scores don't improve for 20 rounds
[100]	train's l2: 4.28701	eval's l2: 4.27992
Did not meet early stopping. Best iteration is:
[100]	train's l2: 4.28701	eval's l2: 4.27992
Saved Losses
{'MSE - mean': 4.647140647134479, 'MSE - std': 0.3672162588127348, 'R2 - mean': 0.5432409931383267, 'R2 - std': 0.0005337738051539587} 
 

Training until validation scores don't improve for 20 rounds
[100]	train's l2: 4.13614	eval's l2: 4.97167
Did not meet early stopping. Best iteration is:
[100]	train's l2: 4.13614	eval's l2: 4.97167
Saved Losses
{'MSE - mean': 4.755317393206037, 'MSE - std': 0.336605016706835, 'R2 - mean': 0.5324253555755861, 'R2 - std': 0.01530182913120223} 
 

Training until validation scores don't improve for 20 rounds
[100]	train's l2: 4.19797	eval's l2: 4.55501
Did not meet early stopping. Best iteration is:
[100]	train's l2: 4.19797	eval's l2: 4.55501
Saved Losses
{'MSE - mean': 4.705240497262019, 'MSE - std': 0.30413860241067847, 'R2 - mean': 0.5275630255302327, 'R2 - std': 0.01570147258954467} 
 

Training until validation scores don't improve for 20 rounds
[100]	train's l2: 4.02783	eval's l2: 5.74338
Did not meet early stopping. Best iteration is:
[100]	train's l2: 4.02783	eval's l2: 5.74338
Saved Losses
{'MSE - mean': 4.912867694166795, 'MSE - std': 0.4964236529006199, 'R2 - mean': 0.5270553353157594, 'R2 - std': 0.014080482612455642} 
 

Saving model.....
Results After CV: {'MSE - mean': 4.912867694166795, 'MSE - std': 0.4964236529006199, 'R2 - mean': 0.5270553353157594, 'R2 - std': 0.014080482612455642}
Train time: 0.5284991009999999
Inference time: 0.012505557200000794
Finished cross validation
Hyperparam was saved!!! Hurrah!!!
Trial 211 finished with value: 4.912867694166795 and parameters: {'num_leaves': 24, 'lambda_l1': 2.8314924919820878e-05, 'lambda_l2': 0.002280003683913761, 'learning_rate': 0.016591106570466196}. Best is trial 163 with value: 4.486410577271952.
Training until validation scores don't improve for 20 rounds
[100]	train's l2: 3.96171	eval's l2: 4.90549
Did not meet early stopping. Best iteration is:
[100]	train's l2: 3.96171	eval's l2: 4.90549
Saved Losses
{'MSE - mean': 4.905486526527211, 'MSE - std': 0.0, 'R2 - mean': 0.552635838191192, 'R2 - std': 0.0} 
 

Training until validation scores don't improve for 20 rounds
[100]	train's l2: 4.09747	eval's l2: 4.19935
Did not meet early stopping. Best iteration is:
[100]	train's l2: 4.09747	eval's l2: 4.19935
Saved Losses
{'MSE - mean': 4.552418329453552, 'MSE - std': 0.35306819707365955, 'R2 - mean': 0.5524997719738206, 'R2 - std': 0.0001360662173713889} 
 

Training until validation scores don't improve for 20 rounds
[100]	train's l2: 3.95038	eval's l2: 4.88393
Did not meet early stopping. Best iteration is:
[100]	train's l2: 3.95038	eval's l2: 4.88393
Saved Losses
{'MSE - mean': 4.66292333263593, 'MSE - std': 0.32791382909727584, 'R2 - mean': 0.5414756281093039, 'R2 - std': 0.015590889601563069} 
 

Training until validation scores don't improve for 20 rounds
[100]	train's l2: 4.00164	eval's l2: 4.48765
Did not meet early stopping. Best iteration is:
[100]	train's l2: 4.00164	eval's l2: 4.48765
Saved Losses
{'MSE - mean': 4.619105173633707, 'MSE - std': 0.2939484693955052, 'R2 - mean': 0.5361512475771404, 'R2 - std': 0.016350962145388972} 
 

Training until validation scores don't improve for 20 rounds
[100]	train's l2: 3.85319	eval's l2: 5.62491
Did not meet early stopping. Best iteration is:
[100]	train's l2: 3.85319	eval's l2: 5.62491
Saved Losses
{'MSE - mean': 4.820266568287876, 'MSE - std': 0.4806123062561028, 'R2 - mean': 0.5358853055875757, 'R2 - std': 0.014634413928518247} 
 

Saving model.....
Results After CV: {'MSE - mean': 4.820266568287876, 'MSE - std': 0.4806123062561028, 'R2 - mean': 0.5358853055875757, 'R2 - std': 0.014634413928518247}
Train time: 0.5369330738000017
Inference time: 0.011802957599998365
Finished cross validation
Hyperparam was saved!!! Hurrah!!!
Trial 212 finished with value: 4.820266568287876 and parameters: {'num_leaves': 26, 'lambda_l1': 1.6832012215095252e-05, 'lambda_l2': 0.003064111822708779, 'learning_rate': 0.018225540979417084}. Best is trial 163 with value: 4.486410577271952.
Training until validation scores don't improve for 20 rounds
[100]	train's l2: 4.03224	eval's l2: 4.91136
Did not meet early stopping. Best iteration is:
[100]	train's l2: 4.03224	eval's l2: 4.91136
Saved Losses
{'MSE - mean': 4.911355399007062, 'MSE - std': 0.0, 'R2 - mean': 0.5521006164137976, 'R2 - std': 0.0} 
 

Training until validation scores don't improve for 20 rounds
[100]	train's l2: 4.16414	eval's l2: 4.18008
Did not meet early stopping. Best iteration is:
[100]	train's l2: 4.16414	eval's l2: 4.18008
Saved Losses
{'MSE - mean': 4.545719261064518, 'MSE - std': 0.36563613794254524, 'R2 - mean': 0.5532590595757815, 'R2 - std': 0.0011584431619838798} 
 

Training until validation scores don't improve for 20 rounds
[100]	train's l2: 4.02988	eval's l2: 4.9008
Did not meet early stopping. Best iteration is:
[100]	train's l2: 4.02988	eval's l2: 4.9008
Saved Losses
{'MSE - mean': 4.66407849827684, 'MSE - std': 0.3422635558260022, 'R2 - mean': 0.5414287000027617, 'R2 - std': 0.016757370785028085} 
 

Training until validation scores don't improve for 20 rounds
[100]	train's l2: 4.0786	eval's l2: 4.48903
Did not meet early stopping. Best iteration is:
[100]	train's l2: 4.0786	eval's l2: 4.48903
Saved Losses
{'MSE - mean': 4.62031562427796, 'MSE - std': 0.3059474197585589, 'R2 - mean': 0.5360792626721652, 'R2 - std': 0.017217913519997755} 
 

Training until validation scores don't improve for 20 rounds
[100]	train's l2: 3.92079	eval's l2: 5.63764
Did not meet early stopping. Best iteration is:
[100]	train's l2: 3.92079	eval's l2: 5.63764
Saved Losses
{'MSE - mean': 4.823781147143755, 'MSE - std': 0.49038345700659897, 'R2 - mean': 0.5356171462090467, 'R2 - std': 0.015427878768244118} 
 

Saving model.....
Results After CV: {'MSE - mean': 4.823781147143755, 'MSE - std': 0.49038345700659897, 'R2 - mean': 0.5356171462090467, 'R2 - std': 0.015427878768244118}
Train time: 0.4781715784000028
Inference time: 0.006837437800000146
Finished cross validation
Hyperparam was saved!!! Hurrah!!!
Trial 213 finished with value: 4.823781147143755 and parameters: {'num_leaves': 22, 'lambda_l1': 4.4853275586024804e-05, 'lambda_l2': 0.0015581508674828363, 'learning_rate': 0.018900382539807487}. Best is trial 163 with value: 4.486410577271952.
Training until validation scores don't improve for 20 rounds
[100]	train's l2: 3.70726	eval's l2: 4.81108
Did not meet early stopping. Best iteration is:
[100]	train's l2: 3.70726	eval's l2: 4.81108
Saved Losses
{'MSE - mean': 4.811083975797968, 'MSE - std': 0.0, 'R2 - mean': 0.5612450388792833, 'R2 - std': 0.0} 
 

Training until validation scores don't improve for 20 rounds
[100]	train's l2: 3.83761	eval's l2: 4.15143
Did not meet early stopping. Best iteration is:
[100]	train's l2: 3.83761	eval's l2: 4.15143
Saved Losses
{'MSE - mean': 4.481259191708969, 'MSE - std': 0.3298247840889985, 'R2 - mean': 0.5593581981232141, 'R2 - std': 0.0018868407560692635} 
 

Training until validation scores don't improve for 20 rounds
[100]	train's l2: 3.69904	eval's l2: 4.78125
Did not meet early stopping. Best iteration is:
[100]	train's l2: 3.69904	eval's l2: 4.78125
Saved Losses
{'MSE - mean': 4.581256318383054, 'MSE - std': 0.3041739241821726, 'R2 - mean': 0.5494158622564389, 'R2 - std': 0.01414473507474439} 
 

Training until validation scores don't improve for 20 rounds
[100]	train's l2: 3.74089	eval's l2: 4.40698
Did not meet early stopping. Best iteration is:
[100]	train's l2: 3.74089	eval's l2: 4.40698
Saved Losses
{'MSE - mean': 4.537687084697294, 'MSE - std': 0.27401855135406356, 'R2 - mean': 0.5442627776370232, 'R2 - std': 0.015156450476137338} 
 

Training until validation scores don't improve for 20 rounds
[100]	train's l2: 3.60068	eval's l2: 5.50721
Did not meet early stopping. Best iteration is:
[100]	train's l2: 3.60068	eval's l2: 5.50721
Saved Losses
{'MSE - mean': 4.7315920014923085, 'MSE - std': 0.4587650817336371, 'R2 - mean': 0.544321288128927, 'R2 - std': 0.013556846489472921} 
 

Saving model.....
Results After CV: {'MSE - mean': 4.7315920014923085, 'MSE - std': 0.4587650817336371, 'R2 - mean': 0.544321288128927, 'R2 - std': 0.013556846489472921}
Train time: 0.6097755204000009
Inference time: 0.012564923999998711
Finished cross validation
Hyperparam was saved!!! Hurrah!!!
Trial 214 finished with value: 4.7315920014923085 and parameters: {'num_leaves': 31, 'lambda_l1': 7.521828161273944e-06, 'lambda_l2': 0.005833401551022295, 'learning_rate': 0.020176669031540074}. Best is trial 163 with value: 4.486410577271952.
Training until validation scores don't improve for 20 rounds
[100]	train's l2: 4.36806	eval's l2: 5.08266
Did not meet early stopping. Best iteration is:
[100]	train's l2: 4.36806	eval's l2: 5.08266
Saved Losses
{'MSE - mean': 5.082662943243586, 'MSE - std': 0.0, 'R2 - mean': 0.5364779344383256, 'R2 - std': 0.0} 
 

Training until validation scores don't improve for 20 rounds
[100]	train's l2: 4.51419	eval's l2: 4.29965
Did not meet early stopping. Best iteration is:
[100]	train's l2: 4.51419	eval's l2: 4.29965
Saved Losses
{'MSE - mean': 4.691153980064989, 'MSE - std': 0.3915089631785973, 'R2 - mean': 0.5390752750705631, 'R2 - std': 0.002597340632237488} 
 

Training until validation scores don't improve for 20 rounds
[100]	train's l2: 4.37248	eval's l2: 5.06312
Did not meet early stopping. Best iteration is:
[100]	train's l2: 4.37248	eval's l2: 5.06312
Saved Losses
{'MSE - mean': 4.815142513346683, 'MSE - std': 0.3645990833826636, 'R2 - mean': 0.5266487328418787, 'R2 - std': 0.01770128118985924} 
 

Training until validation scores don't improve for 20 rounds
[100]	train's l2: 4.44878	eval's l2: 4.58086
Did not meet early stopping. Best iteration is:
[100]	train's l2: 4.44878	eval's l2: 4.58086
Saved Losses
{'MSE - mean': 4.756572945264603, 'MSE - std': 0.3316482347587173, 'R2 - mean': 0.5225394662374753, 'R2 - std': 0.016901471323528178} 
 

Training until validation scores don't improve for 20 rounds
[100]	train's l2: 4.23459	eval's l2: 5.84326
Did not meet early stopping. Best iteration is:
[100]	train's l2: 4.23459	eval's l2: 5.84326
Saved Losses
{'MSE - mean': 4.973909831079828, 'MSE - std': 0.5262449325535585, 'R2 - mean': 0.5213844642123684, 'R2 - std': 0.015292609490601681} 
 

Saving model.....
Results After CV: {'MSE - mean': 4.973909831079828, 'MSE - std': 0.5262449325535585, 'R2 - mean': 0.5213844642123684, 'R2 - std': 0.015292609490601681}
Train time: 0.3800673862000011
Inference time: 0.0066983031999996
Finished cross validation
Hyperparam was saved!!! Hurrah!!!
