Trial 249 finished with value: 3.1877164407152683 and parameters: {'num_leaves': 2153, 'lambda_l1': 0.38359201641659996, 'lambda_l2': 8.038612862040132e-08, 'learning_rate': 0.041513410831420995}. Best is trial 175 with value: 3.0347291833074177.
Training until validation scores don't improve for 20 rounds
[100]	train's l2: 1.18297	eval's l2: 3.32368
Did not meet early stopping. Best iteration is:
[100]	train's l2: 1.18297	eval's l2: 3.32368
Saved Losses
{'MSE - mean': 3.3236770764051085, 'MSE - std': 0.0, 'R2 - mean': 0.5721218656252529, 'R2 - std': 0.0} 
 

Training until validation scores don't improve for 20 rounds
[100]	train's l2: 1.17282	eval's l2: 3.39692
Did not meet early stopping. Best iteration is:
[100]	train's l2: 1.17282	eval's l2: 3.39692
Saved Losses
{'MSE - mean': 3.3603005248888715, 'MSE - std': 0.036623448483762866, 'R2 - mean': 0.5579251010930595, 'R2 - std': 0.014196764532193429} 
 

Training until validation scores don't improve for 20 rounds
[100]	train's l2: 1.19157	eval's l2: 3.09291
Did not meet early stopping. Best iteration is:
[100]	train's l2: 1.19157	eval's l2: 3.09291
Saved Losses
{'MSE - mean': 3.2711713353531597, 'MSE - std': 0.12954616747379094, 'R2 - mean': 0.5622265057789625, 'R2 - std': 0.013090820447888118} 
 

Training until validation scores don't improve for 20 rounds
[100]	train's l2: 1.23461	eval's l2: 2.79653
Did not meet early stopping. Best iteration is:
[100]	train's l2: 1.23461	eval's l2: 2.79653
Saved Losses
{'MSE - mean': 3.152510377403463, 'MSE - std': 0.23415363750106394, 'R2 - mean': 0.5690830515164638, 'R2 - std': 0.016418399536814725} 
 

Training until validation scores don't improve for 20 rounds
[100]	train's l2: 1.20513	eval's l2: 3.22594
Did not meet early stopping. Best iteration is:
[100]	train's l2: 1.20513	eval's l2: 3.22594
Saved Losses
{'MSE - mean': 3.167196098932782, 'MSE - std': 0.21148291285900753, 'R2 - mean': 0.5702194871737815, 'R2 - std': 0.01485991314554952} 
 

Saving model.....
Results After CV: {'MSE - mean': 3.167196098932782, 'MSE - std': 0.21148291285900753, 'R2 - mean': 0.5702194871737815, 'R2 - std': 0.01485991314554952}
Train time: 102.60272471960124
Inference time: 5.188859217199206
Finished cross validation
Hyperparam was saved!!! Hurrah!!!
Trial 250 finished with value: 3.167196098932782 and parameters: {'num_leaves': 2829, 'lambda_l1': 0.10889585229768907, 'lambda_l2': 4.7926537654754156e-08, 'learning_rate': 0.04435311675906139}. Best is trial 175 with value: 3.0347291833074177.
Training until validation scores don't improve for 20 rounds
[100]	train's l2: 1.5085	eval's l2: 3.34704
Did not meet early stopping. Best iteration is:
[100]	train's l2: 1.5085	eval's l2: 3.34704
Saved Losses
{'MSE - mean': 3.3470361225006857, 'MSE - std': 0.0, 'R2 - mean': 0.5691147067363515, 'R2 - std': 0.0} 
 

Training until validation scores don't improve for 20 rounds
[100]	train's l2: 1.49208	eval's l2: 3.41233
Did not meet early stopping. Best iteration is:
[100]	train's l2: 1.49208	eval's l2: 3.41233
Saved Losses
{'MSE - mean': 3.379682939742988, 'MSE - std': 0.03264681724230267, 'R2 - mean': 0.5553868763974006, 'R2 - std': 0.013727830338950864} 
 

Training until validation scores don't improve for 20 rounds
[100]	train's l2: 1.51716	eval's l2: 3.14172
Did not meet early stopping. Best iteration is:
[100]	train's l2: 1.51716	eval's l2: 3.14172
Saved Losses
{'MSE - mean': 3.3003606005501207, 'MSE - std': 0.11530225543078054, 'R2 - mean': 0.5582770662158026, 'R2 - std': 0.01193071435062196} 
 

Training until validation scores don't improve for 20 rounds
[100]	train's l2: 1.5597	eval's l2: 2.813
Did not meet early stopping. Best iteration is:
[100]	train's l2: 1.5597	eval's l2: 2.813
Saved Losses
{'MSE - mean': 3.1785210149663823, 'MSE - std': 0.23346436864373982, 'R2 - mean': 0.565516617759402, 'R2 - std': 0.016247762256519926} 
 

Training until validation scores don't improve for 20 rounds
[100]	train's l2: 1.52404	eval's l2: 3.29183
Did not meet early stopping. Best iteration is:
[100]	train's l2: 1.52404	eval's l2: 3.29183
Saved Losses
{'MSE - mean': 3.201182099208431, 'MSE - std': 0.21367870295627733, 'R2 - mean': 0.5656293181557189, 'R2 - std': 0.014534188253660223} 
 

Saving model.....
Results After CV: {'MSE - mean': 3.201182099208431, 'MSE - std': 0.21367870295627733, 'R2 - mean': 0.5656293181557189, 'R2 - std': 0.014534188253660223}
Train time: 64.38216330919968
Inference time: 4.024463567398925
Finished cross validation
Hyperparam was saved!!! Hurrah!!!
Trial 251 finished with value: 3.201182099208431 and parameters: {'num_leaves': 1588, 'lambda_l1': 0.16335326521921478, 'lambda_l2': 1.4946982067983532e-08, 'learning_rate': 0.037622476356965875}. Best is trial 175 with value: 3.0347291833074177.
Training until validation scores don't improve for 20 rounds
[100]	train's l2: 1.37289	eval's l2: 3.3615
Did not meet early stopping. Best iteration is:
[100]	train's l2: 1.37289	eval's l2: 3.3615
Saved Losses
{'MSE - mean': 3.3614959512016944, 'MSE - std': 0.0, 'R2 - mean': 0.5672532008241531, 'R2 - std': 0.0} 
 

Training until validation scores don't improve for 20 rounds
[100]	train's l2: 1.35746	eval's l2: 3.40438
Did not meet early stopping. Best iteration is:
[100]	train's l2: 1.35746	eval's l2: 3.40438
Saved Losses
{'MSE - mean': 3.3829383695118604, 'MSE - std': 0.0214424183101658, 'R2 - mean': 0.5549899725075713, 'R2 - std': 0.012263228316581831} 
 

Training until validation scores don't improve for 20 rounds
[100]	train's l2: 1.38814	eval's l2: 3.0973
Did not meet early stopping. Best iteration is:
[100]	train's l2: 1.38814	eval's l2: 3.0973
Saved Losses
{'MSE - mean': 3.28772607742064, 'MSE - std': 0.13578394357404666, 'R2 - mean': 0.5600667698326048, 'R2 - std': 0.012320941035029747} 
 

Training until validation scores don't improve for 20 rounds
[100]	train's l2: 1.42734	eval's l2: 2.79743
Did not meet early stopping. Best iteration is:
[100]	train's l2: 1.42734	eval's l2: 2.79743
Saved Losses
{'MSE - mean': 3.1651515007582938, 'MSE - std': 0.24269639476360141, 'R2 - mean': 0.5674302244718892, 'R2 - std': 0.016628757730687633} 
 

Training until validation scores don't improve for 20 rounds
[100]	train's l2: 1.39547	eval's l2: 3.27699
Did not meet early stopping. Best iteration is:
[100]	train's l2: 1.39547	eval's l2: 3.27699
Saved Losses
{'MSE - mean': 3.187519357134562, 'MSE - std': 0.22163599892724398, 'R2 - mean': 0.567551322871224, 'R2 - std': 0.014875184913876155} 
 

Saving model.....
Results After CV: {'MSE - mean': 3.187519357134562, 'MSE - std': 0.22163599892724398, 'R2 - mean': 0.567551322871224, 'R2 - std': 0.014875184913876155}
Train time: 79.05106183000025
Inference time: 4.510903956799302
Finished cross validation
Hyperparam was saved!!! Hurrah!!!
Trial 252 finished with value: 3.187519357134562 and parameters: {'num_leaves': 1934, 'lambda_l1': 0.08222042246484726, 'lambda_l2': 2.177081355676569e-08, 'learning_rate': 0.04069581339015899}. Best is trial 175 with value: 3.0347291833074177.
Training until validation scores don't improve for 20 rounds
[100]	train's l2: 1.10268	eval's l2: 3.30623
Did not meet early stopping. Best iteration is:
[100]	train's l2: 1.10268	eval's l2: 3.30623
Saved Losses
{'MSE - mean': 3.306228174872014, 'MSE - std': 0.0, 'R2 - mean': 0.5743681739347666, 'R2 - std': 0.0} 
 

Training until validation scores don't improve for 20 rounds
[100]	train's l2: 1.0804	eval's l2: 3.36796
Did not meet early stopping. Best iteration is:
[100]	train's l2: 1.0804	eval's l2: 3.36796
Saved Losses
{'MSE - mean': 3.3370961185154115, 'MSE - std': 0.030867943643397622, 'R2 - mean': 0.5609931893950268, 'R2 - std': 0.013374984539739676} 
 

Training until validation scores don't improve for 20 rounds
[100]	train's l2: 1.10207	eval's l2: 3.07448
Did not meet early stopping. Best iteration is:
[100]	train's l2: 1.10207	eval's l2: 3.07448
Saved Losses
{'MSE - mean': 3.2495567217776316, 'MSE - std': 0.12633887733239593, 'R2 - mean': 0.5651245756657958, 'R2 - std': 0.012385348036912188} 
 

Training until validation scores don't improve for 20 rounds
[100]	train's l2: 1.13894	eval's l2: 2.77434
Did not meet early stopping. Best iteration is:
[100]	train's l2: 1.13894	eval's l2: 2.77434
Saved Losses
{'MSE - mean': 3.130751899212576, 'MSE - std': 0.2330555546181012, 'R2 - mean': 0.5720706167015066, 'R2 - std': 0.016118005233462376} 
 

Training until validation scores don't improve for 20 rounds
[100]	train's l2: 1.09721	eval's l2: 3.20236
Did not meet early stopping. Best iteration is:
[100]	train's l2: 1.09721	eval's l2: 3.20236
Saved Losses
{'MSE - mean': 3.1450743477464185, 'MSE - std': 0.21041017883814184, 'R2 - mean': 0.5732310540537154, 'R2 - std': 0.014602004436321132} 
 

Saving model.....
Results After CV: {'MSE - mean': 3.1450743477464185, 'MSE - std': 0.21041017883814184, 'R2 - mean': 0.5732310540537154, 'R2 - std': 0.014602004436321132}
Train time: 88.67447283600049
Inference time: 4.933666859000368
Finished cross validation
Hyperparam was saved!!! Hurrah!!!
Trial 253 finished with value: 3.1450743477464185 and parameters: {'num_leaves': 2403, 'lambda_l1': 0.030088720214080177, 'lambda_l2': 4.486766006663371e-08, 'learning_rate': 0.05000201349887815}. Best is trial 175 with value: 3.0347291833074177.
Training until validation scores don't improve for 20 rounds
[100]	train's l2: 2.22383	eval's l2: 3.50188
Did not meet early stopping. Best iteration is:
[100]	train's l2: 2.22383	eval's l2: 3.50188
Saved Losses
{'MSE - mean': 3.501878492311522, 'MSE - std': 0.0, 'R2 - mean': 0.5491808615420749, 'R2 - std': 0.0} 
 

Training until validation scores don't improve for 20 rounds
[100]	train's l2: 2.19224	eval's l2: 3.58986
Did not meet early stopping. Best iteration is:
[100]	train's l2: 2.19224	eval's l2: 3.58986
Saved Losses
{'MSE - mean': 3.545870843981925, 'MSE - std': 0.04399235167040305, 'R2 - mean': 0.5334968907568092, 'R2 - std': 0.015683970785265677} 
 

Training until validation scores don't improve for 20 rounds
[100]	train's l2: 2.23788	eval's l2: 3.29073
Did not meet early stopping. Best iteration is:
[100]	train's l2: 2.23788	eval's l2: 3.29073
Saved Losses
{'MSE - mean': 3.460825096643737, 'MSE - std': 0.12552201513791653, 'R2 - mean': 0.5367912088256043, 'R2 - std': 0.013627045025933662} 
 

Training until validation scores don't improve for 20 rounds
[100]	train's l2: 2.25937	eval's l2: 2.94326
Did not meet early stopping. Best iteration is:
[100]	train's l2: 2.25937	eval's l2: 2.94326
Saved Losses
{'MSE - mean': 3.331433025162992, 'MSE - std': 0.24908584202930412, 'R2 - mean': 0.5446240126900928, 'R2 - std': 0.01798139917366711} 
 

Training until validation scores don't improve for 20 rounds
[100]	train's l2: 2.23776	eval's l2: 3.40774
Did not meet early stopping. Best iteration is:
[100]	train's l2: 2.23776	eval's l2: 3.40774
Saved Losses
{'MSE - mean': 3.3466940496959703, 'MSE - std': 0.22487018663829722, 'R2 - mean': 0.5458593988662154, 'R2 - std': 0.016271732821393815} 
 

Saving model.....
Results After CV: {'MSE - mean': 3.3466940496959703, 'MSE - std': 0.22487018663829722, 'R2 - mean': 0.5458593988662154, 'R2 - std': 0.016271732821393815}
Train time: 12.415648122999846
Inference time: 1.3305949928006158
Finished cross validation
Hyperparam was saved!!! Hurrah!!!
Trial 254 finished with value: 3.3466940496959703 and parameters: {'num_leaves': 103, 'lambda_l1': 0.2722719615856876, 'lambda_l2': 6.37847415418313e-05, 'learning_rate': 0.04324229853442925}. Best is trial 175 with value: 3.0347291833074177.
Training until validation scores don't improve for 20 rounds
[100]	train's l2: 1.61552	eval's l2: 3.3797
Did not meet early stopping. Best iteration is:
[100]	train's l2: 1.61552	eval's l2: 3.3797
Saved Losses
{'MSE - mean': 3.3797039718867805, 'MSE - std': 0.0, 'R2 - mean': 0.5649091662677581, 'R2 - std': 0.0} 
 

Training until validation scores don't improve for 20 rounds
[100]	train's l2: 1.59741	eval's l2: 3.4269
Did not meet early stopping. Best iteration is:
[100]	train's l2: 1.59741	eval's l2: 3.4269
Saved Losses
{'MSE - mean': 3.4033003495737777, 'MSE - std': 0.023596377686997183, 'R2 - mean': 0.55230579522489, 'R2 - std': 0.012603371042868183} 
 

Training until validation scores don't improve for 20 rounds
[100]	train's l2: 1.64014	eval's l2: 3.13763
Did not meet early stopping. Best iteration is:
[100]	train's l2: 1.64014	eval's l2: 3.13763
Saved Losses
{'MSE - mean': 3.3147444311335508, 'MSE - std': 0.12671027612187805, 'R2 - mean': 0.5564118787841803, 'R2 - std': 0.011815942005946357} 
 

Training until validation scores don't improve for 20 rounds
[100]	train's l2: 1.67895	eval's l2: 2.81328
Did not meet early stopping. Best iteration is:
[100]	train's l2: 1.67895	eval's l2: 2.81328
Saved Losses
{'MSE - mean': 3.189379116167676, 'MSE - std': 0.24329202030819008, 'R2 - mean': 0.5641074222703368, 'R2 - std': 0.016804062983632777} 
 

Training until validation scores don't improve for 20 rounds
[100]	train's l2: 1.63607	eval's l2: 3.28958
Did not meet early stopping. Best iteration is:
[100]	train's l2: 1.63607	eval's l2: 3.28958
Saved Losses
{'MSE - mean': 3.2094189195930185, 'MSE - std': 0.22126721537954513, 'R2 - mean': 0.5645612348358977, 'R2 - std': 0.015057390530399405} 
 

Saving model.....
Results After CV: {'MSE - mean': 3.2094189195930185, 'MSE - std': 0.22126721537954513, 'R2 - mean': 0.5645612348358977, 'R2 - std': 0.015057390530399405}
Train time: 110.98363605039995
Inference time: 4.853465569199761
Finished cross validation
Hyperparam was saved!!! Hurrah!!!
Trial 255 finished with value: 3.2094189195930185 and parameters: {'num_leaves': 3101, 'lambda_l1': 0.05185558971011231, 'lambda_l2': 9.321909610020355e-08, 'learning_rate': 0.030217185506966227}. Best is trial 175 with value: 3.0347291833074177.
Training until validation scores don't improve for 20 rounds
[100]	train's l2: 1.65179	eval's l2: 3.38477
Did not meet early stopping. Best iteration is:
[100]	train's l2: 1.65179	eval's l2: 3.38477
Saved Losses
{'MSE - mean': 3.3847689048252443, 'MSE - std': 0.0, 'R2 - mean': 0.5642571251679089, 'R2 - std': 0.0} 
 

Training until validation scores don't improve for 20 rounds
[100]	train's l2: 1.63087	eval's l2: 3.46574
Did not meet early stopping. Best iteration is:
[100]	train's l2: 1.63087	eval's l2: 3.46574
Saved Losses
{'MSE - mean': 3.4252552753021908, 'MSE - std': 0.040486370476946254, 'R2 - mean': 0.5493709680417493, 'R2 - std': 0.01488615712615965} 
 

Training until validation scores don't improve for 20 rounds
[100]	train's l2: 1.66913	eval's l2: 3.13513
Did not meet early stopping. Best iteration is:
[100]	train's l2: 1.66913	eval's l2: 3.13513
Saved Losses
{'MSE - mean': 3.3285466562265906, 'MSE - std': 0.14070493287947222, 'R2 - mean': 0.5545711070537428, 'R2 - std': 0.014206149166631609} 
 

Training until validation scores don't improve for 20 rounds
[100]	train's l2: 1.7046	eval's l2: 2.82544
Did not meet early stopping. Best iteration is:
[100]	train's l2: 1.7046	eval's l2: 2.82544
Saved Losses
{'MSE - mean': 3.202769735812341, 'MSE - std': 0.24961552381440602, 'R2 - mean': 0.5622809242750428, 'R2 - std': 0.0181572258444402} 
 

Training until validation scores don't improve for 20 rounds
[100]	train's l2: 1.66541	eval's l2: 3.30853
Did not meet early stopping. Best iteration is:
[100]	train's l2: 1.66541	eval's l2: 3.30853
Saved Losses
{'MSE - mean': 3.223922716942038, 'MSE - std': 0.22723582953840166, 'R2 - mean': 0.5626002770560381, 'R2 - std': 0.016252871287490204} 
 

Saving model.....
Results After CV: {'MSE - mean': 3.223922716942038, 'MSE - std': 0.22723582953840166, 'R2 - mean': 0.5626002770560381, 'R2 - std': 0.016252871287490204}
Train time: 60.56070021540072
Inference time: 3.8444393284007674
Finished cross validation
Hyperparam was saved!!! Hurrah!!!
Trial 256 finished with value: 3.223922716942038 and parameters: {'num_leaves': 1426, 'lambda_l1': 0.1904344359563319, 'lambda_l2': 2.8781696550910098e-08, 'learning_rate': 0.034012068069441743}. Best is trial 175 with value: 3.0347291833074177.
Training until validation scores don't improve for 20 rounds
[100]	train's l2: 1.424	eval's l2: 3.34682
Did not meet early stopping. Best iteration is:
[100]	train's l2: 1.424	eval's l2: 3.34682
Saved Losses
{'MSE - mean': 3.346824266855912, 'MSE - std': 0.0, 'R2 - mean': 0.5691419802638209, 'R2 - std': 0.0} 
 

Training until validation scores don't improve for 20 rounds
[100]	train's l2: 1.40093	eval's l2: 3.43965
Did not meet early stopping. Best iteration is:
[100]	train's l2: 1.40093	eval's l2: 3.43965
Saved Losses
{'MSE - mean': 3.3932358020354076, 'MSE - std': 0.04641153517949603, 'R2 - mean': 0.5535658771978049, 'R2 - std': 0.015576103066016034} 
 

Training until validation scores don't improve for 20 rounds
[100]	train's l2: 1.42429	eval's l2: 3.1247
Did not meet early stopping. Best iteration is:
[100]	train's l2: 1.42429	eval's l2: 3.1247
Saved Losses
{'MSE - mean': 3.303722367289159, 'MSE - std': 0.1321413273681639, 'R2 - mean': 0.5578503145947832, 'R2 - std': 0.014087445904043618} 
 

Training until validation scores don't improve for 20 rounds
[100]	train's l2: 1.47024	eval's l2: 2.7862
Did not meet early stopping. Best iteration is:
[100]	train's l2: 1.47024	eval's l2: 2.7862
Saved Losses
{'MSE - mean': 3.1743428555495226, 'MSE - std': 0.2516210880926427, 'R2 - mean': 0.5661796001378165, 'R2 - std': 0.018893731554318945} 
 

Training until validation scores don't improve for 20 rounds
[100]	train's l2: 1.43893	eval's l2: 3.26336
Did not meet early stopping. Best iteration is:
[100]	train's l2: 1.43893	eval's l2: 3.26336
Saved Losses
{'MSE - mean': 3.1921463062557263, 'MSE - std': 0.22785607081342657, 'R2 - mean': 0.566910175292851, 'R2 - std': 0.016962117611487925} 
 

Saving model.....
Results After CV: {'MSE - mean': 3.1921463062557263, 'MSE - std': 0.22785607081342657, 'R2 - mean': 0.566910175292851, 'R2 - std': 0.016962117611487925}
Train time: 82.92574265139993
Inference time: 4.633258660000138
Finished cross validation
Hyperparam was saved!!! Hurrah!!!
Trial 257 finished with value: 3.1921463062557263 and parameters: {'num_leaves': 2220, 'lambda_l1': 0.11044746930456123, 'lambda_l2': 6.220971086460489e-08, 'learning_rate': 0.037866782739359166}. Best is trial 175 with value: 3.0347291833074177.
Training until validation scores don't improve for 20 rounds
[100]	train's l2: 1.67045	eval's l2: 3.43083
Did not meet early stopping. Best iteration is:
[100]	train's l2: 1.67045	eval's l2: 3.43083
Saved Losses
{'MSE - mean': 3.4308297682103173, 'MSE - std': 0.0, 'R2 - mean': 0.5583274166433335, 'R2 - std': 0.0} 
 

Training until validation scores don't improve for 20 rounds
[100]	train's l2: 1.64015	eval's l2: 3.46072
Did not meet early stopping. Best iteration is:
[100]	train's l2: 1.64015	eval's l2: 3.46072
Saved Losses
{'MSE - mean': 3.4457744357589406, 'MSE - std': 0.014944667548623336, 'R2 - mean': 0.5467434253922856, 'R2 - std': 0.011583991251047865} 
 

Training until validation scores don't improve for 20 rounds
[100]	train's l2: 1.65601	eval's l2: 3.15987
Did not meet early stopping. Best iteration is:
[100]	train's l2: 1.65601	eval's l2: 3.15987
Saved Losses
{'MSE - mean': 3.350472479831842, 'MSE - std': 0.1353285668259066, 'R2 - mean': 0.5516751489183349, 'R2 - std': 0.011751724529234531} 
 

Training until validation scores don't improve for 20 rounds
[100]	train's l2: 1.70093	eval's l2: 2.87752
Did not meet early stopping. Best iteration is:
[100]	train's l2: 1.70093	eval's l2: 2.87752
Saved Losses
{'MSE - mean': 3.2322349048533505, 'MSE - std': 0.23595706846744122, 'R2 - mean': 0.5581983537529014, 'R2 - std': 0.015206376162629638} 
 

Training until validation scores don't improve for 20 rounds
[100]	train's l2: 1.67265	eval's l2: 3.30529
Did not meet early stopping. Best iteration is:
[100]	train's l2: 1.67265	eval's l2: 3.30529
Saved Losses
{'MSE - mean': 3.246846679671498, 'MSE - std': 0.21306010039691614, 'R2 - mean': 0.5594196610284831, 'R2 - std': 0.01381859134083747} 
 

Saving model.....
Results After CV: {'MSE - mean': 3.246846679671498, 'MSE - std': 0.21306010039691614, 'R2 - mean': 0.5594196610284831, 'R2 - std': 0.01381859134083747}
Train time: 25.03343842940012
Inference time: 2.286293344400474
Finished cross validation
Hyperparam was saved!!! Hurrah!!!
