Trial 294 finished with value: 3.173239285420629 and parameters: {'num_leaves': 3248, 'lambda_l1': 4.947429379827415e-05, 'lambda_l2': 1.5398812182520533e-08, 'learning_rate': 0.0381911334699349}. Best is trial 175 with value: 3.0347291833074177.
Training until validation scores don't improve for 20 rounds
[100]	train's l2: 1.67793	eval's l2: 3.37963
Did not meet early stopping. Best iteration is:
[100]	train's l2: 1.67793	eval's l2: 3.37963
Saved Losses
{'MSE - mean': 3.3796272512691217, 'MSE - std': 0.0, 'R2 - mean': 0.5649190430018685, 'R2 - std': 0.0} 
 

Training until validation scores don't improve for 20 rounds
[100]	train's l2: 1.66605	eval's l2: 3.41664
Did not meet early stopping. Best iteration is:
[100]	train's l2: 1.66605	eval's l2: 3.41664
Saved Losses
{'MSE - mean': 3.398135269418375, 'MSE - std': 0.018508018149253402, 'R2 - mean': 0.552999349825549, 'R2 - std': 0.011919693176319524} 
 

Training until validation scores don't improve for 20 rounds
[100]	train's l2: 1.70778	eval's l2: 3.13345
Did not meet early stopping. Best iteration is:
[100]	train's l2: 1.70778	eval's l2: 3.13345
Saved Losses
{'MSE - mean': 3.309906521420308, 'MSE - std': 0.12568607097508772, 'R2 - mean': 0.5570677516572051, 'R2 - std': 0.011305891261021621} 
 

Training until validation scores don't improve for 20 rounds
[100]	train's l2: 1.73944	eval's l2: 2.8132
Did not meet early stopping. Best iteration is:
[100]	train's l2: 1.73944	eval's l2: 2.8132
Saved Losses
{'MSE - mean': 3.1857302092742565, 'MSE - std': 0.24105395832146587, 'R2 - mean': 0.5646023312583479, 'R2 - std': 0.016314933410909283} 
 

Training until validation scores don't improve for 20 rounds
[100]	train's l2: 1.69774	eval's l2: 3.29675
Did not meet early stopping. Best iteration is:
[100]	train's l2: 1.69774	eval's l2: 3.29675
Saved Losses
{'MSE - mean': 3.2079350197094234, 'MSE - std': 0.22013137687254944, 'R2 - mean': 0.5647679743683046, 'R2 - std': 0.014596280085056867} 
 

Saving model.....
Results After CV: {'MSE - mean': 3.2079350197094234, 'MSE - std': 0.22013137687254944, 'R2 - mean': 0.5647679743683046, 'R2 - std': 0.014596280085056867}
Train time: 76.06550368460012
Inference time: 4.1769463235992585
Finished cross validation
Hyperparam was saved!!! Hurrah!!!
Trial 295 finished with value: 3.2079350197094234 and parameters: {'num_leaves': 1900, 'lambda_l1': 0.14562587069870658, 'lambda_l2': 5.592446874893556e-08, 'learning_rate': 0.031257117881314675}. Best is trial 175 with value: 3.0347291833074177.
Training until validation scores don't improve for 20 rounds
[100]	train's l2: 2.02906	eval's l2: 3.42981
Did not meet early stopping. Best iteration is:
[100]	train's l2: 2.02906	eval's l2: 3.42981
Saved Losses
{'MSE - mean': 3.4298124640718637, 'MSE - std': 0.0, 'R2 - mean': 0.5584583806891319, 'R2 - std': 0.0} 
 

Training until validation scores don't improve for 20 rounds
[100]	train's l2: 1.99803	eval's l2: 3.48577
Did not meet early stopping. Best iteration is:
[100]	train's l2: 1.99803	eval's l2: 3.48577
Saved Losses
{'MSE - mean': 3.457792149450796, 'MSE - std': 0.027979685378932473, 'R2 - mean': 0.5451263776360501, 'R2 - std': 0.013332003053081798} 
 

Training until validation scores don't improve for 20 rounds
[100]	train's l2: 2.03169	eval's l2: 3.21089
Did not meet early stopping. Best iteration is:
[100]	train's l2: 2.03169	eval's l2: 3.21089
Saved Losses
{'MSE - mean': 3.3754906097818966, 'MSE - std': 0.11861279607619236, 'R2 - mean': 0.548237330543954, 'R2 - std': 0.011740993410354176} 
 

Training until validation scores don't improve for 20 rounds
[100]	train's l2: 2.08091	eval's l2: 2.85713
Did not meet early stopping. Best iteration is:
[100]	train's l2: 2.08091	eval's l2: 2.85713
Saved Losses
{'MSE - mean': 3.2459001377848393, 'MSE - std': 0.24684573693304737, 'R2 - mean': 0.5563680963914295, 'R2 - std': 0.017369981418985585} 
 

Training until validation scores don't improve for 20 rounds
[100]	train's l2: 2.02243	eval's l2: 3.3413
Did not meet early stopping. Best iteration is:
[100]	train's l2: 2.02243	eval's l2: 3.3413
Saved Losses
{'MSE - mean': 3.264981006515652, 'MSE - std': 0.22405930571994867, 'R2 - mean': 0.5570060879708019, 'R2 - std': 0.015588493725120585} 
 

Saving model.....
Results After CV: {'MSE - mean': 3.264981006515652, 'MSE - std': 0.22405930571994867, 'R2 - mean': 0.5570060879708019, 'R2 - std': 0.015588493725120585}
Train time: 95.76129790220003
Inference time: 4.100830000999849
Finished cross validation
Hyperparam was saved!!! Hurrah!!!
Trial 296 finished with value: 3.264981006515652 and parameters: {'num_leaves': 2513, 'lambda_l1': 0.022750422650111898, 'lambda_l2': 3.659692558331962e-08, 'learning_rate': 0.022744890898154648}. Best is trial 175 with value: 3.0347291833074177.
Training until validation scores don't improve for 20 rounds
[100]	train's l2: 2.15916	eval's l2: 3.47133
Did not meet early stopping. Best iteration is:
[100]	train's l2: 2.15916	eval's l2: 3.47133
Saved Losses
{'MSE - mean': 3.471326661826911, 'MSE - std': 0.0, 'R2 - mean': 0.5531139934104776, 'R2 - std': 0.0} 
 

Training until validation scores don't improve for 20 rounds
[100]	train's l2: 2.13533	eval's l2: 3.52333
Did not meet early stopping. Best iteration is:
[100]	train's l2: 2.13533	eval's l2: 3.52333
Saved Losses
{'MSE - mean': 3.497330141839563, 'MSE - std': 0.02600348001265229, 'R2 - mean': 0.5399315518770702, 'R2 - std': 0.013182441533407419} 
 

Training until validation scores don't improve for 20 rounds
[100]	train's l2: 2.16471	eval's l2: 3.22595
Did not meet early stopping. Best iteration is:
[100]	train's l2: 2.16471	eval's l2: 3.22595
Saved Losses
{'MSE - mean': 3.406868813593047, 'MSE - std': 0.12968149880158994, 'R2 - mean': 0.5440776048041173, 'R2 - std': 0.012256862823287492} 
 

Training until validation scores don't improve for 20 rounds
[100]	train's l2: 2.22086	eval's l2: 2.88485
Did not meet early stopping. Best iteration is:
[100]	train's l2: 2.22086	eval's l2: 2.88485
Saved Losses
{'MSE - mean': 3.276363758868013, 'MSE - std': 0.25240379607866975, 'R2 - mean': 0.5522314360537199, 'R2 - std': 0.01766714201116471} 
 

Training until validation scores don't improve for 20 rounds
[100]	train's l2: 2.15031	eval's l2: 3.38728
Did not meet early stopping. Best iteration is:
[100]	train's l2: 2.15031	eval's l2: 3.38728
Saved Losses
{'MSE - mean': 3.2985460986030475, 'MSE - std': 0.23007469614110151, 'R2 - mean': 0.5524848051317457, 'R2 - std': 0.015810095162045273} 
 

Saving model.....
Results After CV: {'MSE - mean': 3.2985460986030475, 'MSE - std': 0.23007469614110151, 'R2 - mean': 0.5524848051317457, 'R2 - std': 0.015810095162045273}
Train time: 86.11195750300104
Inference time: 3.8961173825970037
Finished cross validation
Hyperparam was saved!!! Hurrah!!!
Trial 297 finished with value: 3.2985460986030475 and parameters: {'num_leaves': 2178, 'lambda_l1': 0.3318504688935131, 'lambda_l2': 1.0587534807574493e-07, 'learning_rate': 0.02095744678578199}. Best is trial 175 with value: 3.0347291833074177.
Training until validation scores don't improve for 20 rounds
[100]	train's l2: 1.31682	eval's l2: 3.37084
Did not meet early stopping. Best iteration is:
[100]	train's l2: 1.31682	eval's l2: 3.37084
Saved Losses
{'MSE - mean': 3.3708417687900627, 'MSE - std': 0.0, 'R2 - mean': 0.5660500541579786, 'R2 - std': 0.0} 
 

Training until validation scores don't improve for 20 rounds
[100]	train's l2: 1.29736	eval's l2: 3.39692
Did not meet early stopping. Best iteration is:
[100]	train's l2: 1.29736	eval's l2: 3.39692
Saved Losses
{'MSE - mean': 3.3838813102118053, 'MSE - std': 0.013039541421742351, 'R2 - mean': 0.5548894050139652, 'R2 - std': 0.011160649144013324} 
 

Training until validation scores don't improve for 20 rounds
[100]	train's l2: 1.32502	eval's l2: 3.10285
Did not meet early stopping. Best iteration is:
[100]	train's l2: 1.32502	eval's l2: 3.10285
Saved Losses
{'MSE - mean': 3.290203042913723, 'MSE - std': 0.13290819621679306, 'R2 - mean': 0.5597432505516499, 'R2 - std': 0.011408755083322933} 
 

Training until validation scores don't improve for 20 rounds
[100]	train's l2: 1.36017	eval's l2: 2.79633
Did not meet early stopping. Best iteration is:
[100]	train's l2: 1.36017	eval's l2: 2.79633
Saved Losses
{'MSE - mean': 3.1667357552193285, 'MSE - std': 0.24285994906124828, 'R2 - mean': 0.5672277124689044, 'R2 - std': 0.016299425756324395} 
 

Training until validation scores don't improve for 20 rounds
[100]	train's l2: 1.32809	eval's l2: 3.24282
Did not meet early stopping. Best iteration is:
[100]	train's l2: 1.32809	eval's l2: 3.24282
Saved Losses
{'MSE - mean': 3.1819523590548826, 'MSE - std': 0.2193420707834648, 'R2 - mean': 0.5682902060718014, 'R2 - std': 0.014732704932005278} 
 

Saving model.....
Results After CV: {'MSE - mean': 3.1819523590548826, 'MSE - std': 0.2193420707834648, 'R2 - mean': 0.5682902060718014, 'R2 - std': 0.014732704932005278}
Train time: 101.91629600460291
Inference time: 5.121930335601792
Finished cross validation
Hyperparam was saved!!! Hurrah!!!
Trial 298 finished with value: 3.1819523590548826 and parameters: {'num_leaves': 2793, 'lambda_l1': 0.1929484136256285, 'lambda_l2': 2.336962443497902e-08, 'learning_rate': 0.0398160251679854}. Best is trial 175 with value: 3.0347291833074177.
Training until validation scores don't improve for 20 rounds
[100]	train's l2: 1.32672	eval's l2: 3.35431
Did not meet early stopping. Best iteration is:
[100]	train's l2: 1.32672	eval's l2: 3.35431
Saved Losses
{'MSE - mean': 3.354312428548984, 'MSE - std': 0.0, 'R2 - mean': 0.5681779814813056, 'R2 - std': 0.0} 
 

Training until validation scores don't improve for 20 rounds
[100]	train's l2: 1.31296	eval's l2: 3.43565
Did not meet early stopping. Best iteration is:
[100]	train's l2: 1.31296	eval's l2: 3.43565
Saved Losses
{'MSE - mean': 3.3949802011802617, 'MSE - std': 0.04066777263127763, 'R2 - mean': 0.5533524731897608, 'R2 - std': 0.014825508291544776} 
 

Training until validation scores don't improve for 20 rounds
[100]	train's l2: 1.32218	eval's l2: 3.12454
Did not meet early stopping. Best iteration is:
[100]	train's l2: 1.32218	eval's l2: 3.12454
Saved Losses
{'MSE - mean': 3.304834645260879, 'MSE - std': 0.13173845676651086, 'R2 - mean': 0.5577150740835624, 'R2 - std': 0.013586575623962021} 
 

Training until validation scores don't improve for 20 rounds
[100]	train's l2: 1.36371	eval's l2: 2.81347
Did not meet early stopping. Best iteration is:
[100]	train's l2: 1.36371	eval's l2: 2.81347
Saved Losses
{'MSE - mean': 3.181992391804188, 'MSE - std': 0.24142684905861286, 'R2 - mean': 0.5650781254406201, 'R2 - std': 0.017351940921673137} 
 

Training until validation scores don't improve for 20 rounds
[100]	train's l2: 1.3305	eval's l2: 3.22233
Did not meet early stopping. Best iteration is:
[100]	train's l2: 1.3305	eval's l2: 3.22233
Saved Losses
{'MSE - mean': 3.190060405677165, 'MSE - std': 0.21654078172139862, 'R2 - mean': 0.5671106268066216, 'R2 - std': 0.016043569746492868} 
 

Saving model.....
Results After CV: {'MSE - mean': 3.190060405677165, 'MSE - std': 0.21654078172139862, 'R2 - mean': 0.5671106268066216, 'R2 - std': 0.016043569746492868}
Train time: 70.00604078339965
Inference time: 4.274531264799589
Finished cross validation
Hyperparam was saved!!! Hurrah!!!
Trial 299 finished with value: 3.190060405677165 and parameters: {'num_leaves': 1720, 'lambda_l1': 0.08191210655862428, 'lambda_l2': 2.0905800023136656e-07, 'learning_rate': 0.04388010927944651}. Best is trial 175 with value: 3.0347291833074177.
Best parameters: {'num_leaves': 2108, 'lambda_l1': 0.06790784991135729, 'lambda_l2': 4.427944636105121e-08, 'learning_rate': 0.038020748637939895}
Training until validation scores don't improve for 20 rounds
[100]	train's l2: 1.4344	eval's l2: 3.35743
Did not meet early stopping. Best iteration is:
[100]	train's l2: 1.4344	eval's l2: 3.35743
Saved Losses
{'MSE - mean': 3.3574318631912266, 'MSE - std': 0.0, 'R2 - mean': 0.5677763967772734, 'R2 - std': 0.0} 
 

Training until validation scores don't improve for 20 rounds
[100]	train's l2: 1.41275	eval's l2: 3.411
Did not meet early stopping. Best iteration is:
[100]	train's l2: 1.41275	eval's l2: 3.411
Saved Losses
{'MSE - mean': 3.384214911375004, 'MSE - std': 0.026783048183777414, 'R2 - mean': 0.5548071643126571, 'R2 - std': 0.012969232464616343} 
 

Training until validation scores don't improve for 20 rounds
[100]	train's l2: 1.43087	eval's l2: 3.08491
Did not meet early stopping. Best iteration is:
[100]	train's l2: 1.43087	eval's l2: 3.08491
Saved Losses
{'MSE - mean': 3.2844479742496144, 'MSE - std': 0.142776414719329, 'R2 - mean': 0.5605178533720887, 'R2 - std': 0.013317579843244652} 
 

Training until validation scores don't improve for 20 rounds
[100]	train's l2: 1.47389	eval's l2: 2.80878
Did not meet early stopping. Best iteration is:
[100]	train's l2: 1.47389	eval's l2: 2.80878
Saved Losses
{'MSE - mean': 3.165532114170108, 'MSE - std': 0.2402327491942469, 'R2 - mean': 0.5673519296354564, 'R2 - std': 0.016526713066471393} 
 

Training until validation scores don't improve for 20 rounds
[100]	train's l2: 1.4462	eval's l2: 3.25939
Did not meet early stopping. Best iteration is:
[100]	train's l2: 1.4462	eval's l2: 3.25939
Saved Losses
{'MSE - mean': 3.184303097829388, 'MSE - std': 0.21812569389801048, 'R2 - mean': 0.567952782987412, 'R2 - std': 0.014830707832986456} 
 

Saving model.....
Results After CV: {'MSE - mean': 3.184303097829388, 'MSE - std': 0.21812569389801048, 'R2 - mean': 0.567952782987412, 'R2 - std': 0.014830707832986456}
Train time: 82.22048057619978
Inference time: 4.689255475801474
Finished cross validation


----------------------------------------------------------------------------
Training LightGBM Vesion 1 with Dataset: config/house_sales.yml 



----------------------------------------------------------------------------
 Panda Version: 2.0.3
Namespace(batch_size=128, cat_dims=None, cat_idx=None, config='config/house_sales.yml', data_parallel=False, dataset='House_Sales', direction='minimize', dropna_idx=[0], early_stopping_rounds=20, epochs=100, gpu_ids=[0, 1], logging_period=100, miss_cat_idx=None, miss_num_idx=None, model_name='LightGBM', n_trials=100, nominal_idx=[14], num_classes=1, num_features=21, num_idx=None, num_splits=5, objective='regression', one_hot_encode=True, optimize_hyperparameters=True, ordinal_encode=False, ordinal_idx=None, scale=True, seed=221, shuffle=True, target_encode=False, use_gpu=True, val_batch_size=256)
Start hyperparameter optimization
 Panda Version: 2.0.3
Loading dataset House_Sales...
Dataset loaded! 

X b4 encoding : [ 3.00000e+00  1.00000e+00  1.18000e+03  5.65000e+03  1.00000e+00
  0.00000e+00  0.00000e+00  3.00000e+00  7.00000e+00  1.18000e+03
  0.00000e+00  1.95500e+03  0.00000e+00  9.81780e+04  4.75112e+01
 -1.22257e+02  1.34000e+03  5.65000e+03  2.01400e+03  1.00000e+01
  1.30000e+01] 

(21613, 21)
Data Type of X: <class 'numpy.ndarray'>
Nominal Idx: [13]
Ordinal Idx: None
Cat Dims: None 
 

Normonal Idx: [13]
Cat Idx Part II: [13] 
ENDE 
 

No one Hot for this Baby!!! 

X after Nominal Encoding: [ 3.00000e+00  1.00000e+00  1.18000e+03  5.65000e+03  1.00000e+00
  0.00000e+00  0.00000e+00  3.00000e+00  7.00000e+00  1.18000e+03
  0.00000e+00  1.95500e+03  0.00000e+00  6.60000e+01  4.75112e+01
 -1.22257e+02  1.34000e+03  5.65000e+03  2.01400e+03  1.00000e+01
  1.30000e+01] 
 

Scaling the data...
X after Scaling: [-0.39873715 -1.44746357 -0.97983502 -0.22832133 -0.915427   -0.08717263
 -0.30575946 -0.62918687 -0.55883575 -0.73470764 -0.65868104 -0.54489777
 -0.21012839 66.         -0.35257175 -0.30607896 -0.9433552  -0.26071541
 -0.69065478  1.09962055 -0.31131901] 
 



----------------------------------------------------------------------------
Training LightGBM Vesion 1 with Dataset: config/mip_2016.yml 



----------------------------------------------------------------------------
 Panda Version: 2.0.3
Namespace(batch_size=128, cat_dims=None, cat_idx=None, config='config/mip_2016.yml', data_parallel=False, dataset='MIP', direction='minimize', dropna_idx=[0], early_stopping_rounds=20, epochs=100, gpu_ids=[0, 1], logging_period=100, miss_cat_idx=None, miss_num_idx=None, model_name='LightGBM', n_trials=100, nominal_idx=[145, 146], num_classes=1, num_features=147, num_idx=None, num_splits=5, objective='regression', one_hot_encode=True, optimize_hyperparameters=True, ordinal_encode=False, ordinal_idx=None, scale=True, seed=221, shuffle=True, target_encode=False, use_gpu=True, val_batch_size=256)
Start hyperparameter optimization
 Panda Version: 2.0.3
Loading dataset MIP...
Dataset loaded! 

X b4 encoding : [1 1 10976.0 12526.0 46640.0 0 0 0 0.145149 0.21666 0.5 3.0 10975.0 0.0
 1.0 0.0 0.0 0.999909 0.0 9.11079e-05 0.0 0.0 10975.0 0.999909 0.0 0.0 2.0
 2.0 0.0 0.0 -512.0 -512.0 -512.0 -512.0 0.491218 2.25098 3.72346 2.0
 1.10847 10.0 4.24966 4.0 0.241941 2.0 2.0554 2.35038 2.34588 0.539713
 0.336965 0.121625 0.0266184 3.99997 2.34743 1.12395 0.53529 0.182751
 1.11475 0.457047 0.0 0.0 0.0 0.0 0.0 0.0 0.0 0.0 0.0 0.0 0.0 0.0 -512.0
 -512.0 0.0 0.0 6152.0 0.0 0.0 0.0 0.0 0.0 3.72346 2.0 1.10847 10.0
 4.24927 4.0 0.24214 2.0 2.0554 2.35038 2.34566 0.539822 0.336965 0.121625
 0.0266184 3.99997 2.90771 58.7068 0.535241 0.182814 1.11465 0.45715 1.0
 0.0 0.0 0.0 -512.0 0.0 0.0 -512.0 -512.0 -512.0 -512.0 -512.0 -512.0 0.0
 -512.0 -512.0 -512.0 -512.0 -512.0 -512.0 -512.0 -512.0 -512.0 -512.0
 -512.0 -512.0 0.0 -512.0 -512.0 -512.0 -512.0 0.05 -512.0 12507.0 10961.0
 46592.0 26439.0 0.0 0.0 0.0 0.0 0.0 'SCIP.cpx' 'ok'] 

(1090, 146)
Data Type of X: <class 'numpy.ndarray'>
Nominal Idx: [144, 145]
Ordinal Idx: None
Cat Dims: None 
 

Normonal Idx: [144, 145]
Cat Idx Part II: [144, 145] 
ENDE 
 

No one Hot for this Baby!!! 

X after Nominal Encoding: [1 1 10976.0 12526.0 46640.0 0 0 0 0.145149 0.21666 0.5 3.0 10975.0 0.0
 1.0 0.0 0.0 0.999909 0.0 9.11079e-05 0.0 0.0 10975.0 0.999909 0.0 0.0 2.0
 2.0 0.0 0.0 -512.0 -512.0 -512.0 -512.0 0.491218 2.25098 3.72346 2.0
 1.10847 10.0 4.24966 4.0 0.241941 2.0 2.0554 2.35038 2.34588 0.539713
 0.336965 0.121625 0.0266184 3.99997 2.34743 1.12395 0.53529 0.182751
 1.11475 0.457047 0.0 0.0 0.0 0.0 0.0 0.0 0.0 0.0 0.0 0.0 0.0 0.0 -512.0
 -512.0 0.0 0.0 6152.0 0.0 0.0 0.0 0.0 0.0 3.72346 2.0 1.10847 10.0
 4.24927 4.0 0.24214 2.0 2.0554 2.35038 2.34566 0.539822 0.336965 0.121625
 0.0266184 3.99997 2.90771 58.7068 0.535241 0.182814 1.11465 0.45715 1.0
 0.0 0.0 0.0 -512.0 0.0 0.0 -512.0 -512.0 -512.0 -512.0 -512.0 -512.0 0.0
 -512.0 -512.0 -512.0 -512.0 -512.0 -512.0 -512.0 -512.0 -512.0 -512.0
 -512.0 -512.0 0.0 -512.0 -512.0 -512.0 -512.0 0.05 -512.0 12507.0 10961.0
 46592.0 26439.0 0.0 0.0 0.0 0.0 0.0 3 0] 
 

Scaling the data...
X after Scaling: [0.0 0.0 -0.12452019071982177 -0.2028331415219982 -0.14569292474928675 0.0
 0.0 0.0 0.035031587788429144 -0.07529833649648142 -0.0768172489039729
 0.01980772690551219 -0.04761912038062148 -0.14499280280589955
 -0.21757155827054642 0.06788442333021306 0.06788442333021306
 0.07529578322884743 0.06677665873663251 0.061566005462884384
 0.06788442333021306 0.06788442333021306 -0.057080908261829225
 0.07418991679545252 -0.0930570549118609 0.06701363994881064
 -0.09627131351287309 0.017492292289079364 0.14577821314559097
 -0.0663620195188069 -0.08838472050668857 -0.06788549067107702
 -0.8331608971044686 -0.1374971815272066 0.07217630389155688
 0.8891296674013367 -0.14743757725157988 -0.12639822763000993
 0.032453338059970575 -0.16229047813620065 -0.23183867143327896
 -0.25934608642433743 0.03975061954381409 -0.16288052542345685
 0.08767490490583128 -0.06799975247667452 0.006477986766367122
 -0.06788442308494813 0.34136762037187085 0.003854001967349166
 0.06153883869667491 -0.21866966324654605 -0.11210798512191031
 -0.14143616791735045 -0.12245888940840985 -0.1641908875340249
 -0.11399161339750392 -0.14993478290893186 -0.035661013381971696
 0.03184034902087321 -0.006691509680434039 -0.08883714388165145
 0.08471617394720339 0.08682081988886937 0.9006021403052087
 0.6293856454509196 -0.06840778544524141 -0.08479877599031538
 -0.0059100602508817745 -0.0803668133875555 -0.8953501233518251
 -0.17108893033891545 0.06670751440713617 -0.21602491268351123
 0.16761188740086075 -0.07260369846265874 -0.0676274504206091
 -0.07007203805843235 -0.07000919978871234 -0.07073206604316049
 -0.15183874126182612 -0.12792944421548388 0.04645817771863706
 -0.16991373389898748 -0.21187734900919744 -0.1721911428934156
 0.019455566322761193 -0.10698071563034438 0.08764690685897371
 -0.06788443015287997 0.033881815849113525 -0.0678844231121683
 0.16556014283390175 -0.10955694674396334 0.055799369740781854
 -0.03804464935824289 -0.11176091618748113 -0.14631125609523035
 -0.1161616305544125 -0.13271884378141136 -0.11239948523233421
 -0.1651048420469999 0.08258752943726781 -0.2736143956321989
 -0.16331250384967166 -0.14770054789293147 0.0 0.06788442333021306
 0.06788442333021306 0.0 0.0 0.0 0.0 0.0 0.0 0.06788442333021306 0.0 0.0
 0.0 0.0 0.0 0.0 0.0 0.0 0.0 0.0 0.0 0.0 0.06788442333021306 0.0 0.0 0.0
 0.0 0.05863811713444273 0.0 0.099332256289945 0.03418600714639239
 -0.20029560900322227 0.5362490768959591 -0.16331250384967166
 -0.20672196257995384 -0.17368099903168321 -0.3091867302624543
 -0.10550033189591926 3 0] 
 

