Trial 269 finished with value: 4.597166829292813 and parameters: {'num_leaves': 30, 'lambda_l1': 7.187332011461227e-06, 'lambda_l2': 0.0018772577784515552, 'learning_rate': 0.026962678243265283}. Best is trial 163 with value: 4.486410577271952.
Training until validation scores don't improve for 20 rounds
[100]	train's l2: 3.35518	eval's l2: 4.55603
Did not meet early stopping. Best iteration is:
[100]	train's l2: 3.35518	eval's l2: 4.55603
Saved Losses
{'MSE - mean': 4.556031038209188, 'MSE - std': 0.0, 'R2 - mean': 0.5845050240049698, 'R2 - std': 0.0} 
 

Training until validation scores don't improve for 20 rounds
[100]	train's l2: 3.43642	eval's l2: 4.01837
Did not meet early stopping. Best iteration is:
[100]	train's l2: 3.43642	eval's l2: 4.01837
Saved Losses
{'MSE - mean': 4.287202836232508, 'MSE - std': 0.2688282019766799, 'R2 - mean': 0.5780800479953996, 'R2 - std': 0.00642497600957026} 
 

Training until validation scores don't improve for 20 rounds
[100]	train's l2: 3.33477	eval's l2: 4.6252
Did not meet early stopping. Best iteration is:
[100]	train's l2: 3.33477	eval's l2: 4.6252
Saved Losses
{'MSE - mean': 4.3998672868703, 'MSE - std': 0.27122983794875466, 'R2 - mean': 0.5670156113236358, 'R2 - std': 0.016503445969735478} 
 

Training until validation scores don't improve for 20 rounds
[100]	train's l2: 3.37142	eval's l2: 4.26967
Did not meet early stopping. Best iteration is:
[100]	train's l2: 3.37142	eval's l2: 4.26967
Saved Losses
{'MSE - mean': 4.367317976913809, 'MSE - std': 0.24156281063361543, 'R2 - mean': 0.5611328854567499, 'R2 - std': 0.01755255501434952} 
 

Training until validation scores don't improve for 20 rounds
[100]	train's l2: 3.24135	eval's l2: 5.27532
Did not meet early stopping. Best iteration is:
[100]	train's l2: 3.24135	eval's l2: 5.27532
Saved Losses
{'MSE - mean': 4.5489176628011485, 'MSE - std': 0.42260603029593713, 'R2 - mean': 0.5616529074113813, 'R2 - std': 0.01573389466593086} 
 

Saving model.....
Results After CV: {'MSE - mean': 4.5489176628011485, 'MSE - std': 0.42260603029593713, 'R2 - mean': 0.5616529074113813, 'R2 - std': 0.01573389466593086}
Train time: 0.5112674175999985
Inference time: 0.007546251799999482
Finished cross validation
Hyperparam was saved!!! Hurrah!!!
Trial 270 finished with value: 4.5489176628011485 and parameters: {'num_leaves': 25, 'lambda_l1': 3.802737400734458e-05, 'lambda_l2': 0.0005223682110367415, 'learning_rate': 0.03384530691077559}. Best is trial 163 with value: 4.486410577271952.
Training until validation scores don't improve for 20 rounds
[100]	train's l2: 3.68724	eval's l2: 4.66246
Did not meet early stopping. Best iteration is:
[100]	train's l2: 3.68724	eval's l2: 4.66246
Saved Losses
{'MSE - mean': 4.662458457547729, 'MSE - std': 0.0, 'R2 - mean': 0.5747991950340019, 'R2 - std': 0.0} 
 

Training until validation scores don't improve for 20 rounds
[100]	train's l2: 3.78306	eval's l2: 4.08431
Did not meet early stopping. Best iteration is:
[100]	train's l2: 3.78306	eval's l2: 4.08431
Saved Losses
{'MSE - mean': 4.373383523208249, 'MSE - std': 0.28907493433947984, 'R2 - mean': 0.5697129670106539, 'R2 - std': 0.005086228023348016} 
 

Training until validation scores don't improve for 20 rounds
[100]	train's l2: 3.67699	eval's l2: 4.72031
Did not meet early stopping. Best iteration is:
[100]	train's l2: 3.67699	eval's l2: 4.72031
Saved Losses
{'MSE - mean': 4.489026397285406, 'MSE - std': 0.28715169119921075, 'R2 - mean': 0.55831779535808, 'R2 - std': 0.01664170517065203} 
 

Training until validation scores don't improve for 20 rounds
[100]	train's l2: 3.70923	eval's l2: 4.33132
Did not meet early stopping. Best iteration is:
[100]	train's l2: 3.70923	eval's l2: 4.33132
Saved Losses
{'MSE - mean': 4.449599177740907, 'MSE - std': 0.2578867721345074, 'R2 - mean': 0.552961678718894, 'R2 - std': 0.01713982845882287} 
 

Training until validation scores don't improve for 20 rounds
[100]	train's l2: 3.55768	eval's l2: 5.41089
Did not meet early stopping. Best iteration is:
[100]	train's l2: 3.55768	eval's l2: 5.41089
Saved Losses
{'MSE - mean': 4.641858188303764, 'MSE - std': 0.4483955601519694, 'R2 - mean': 0.5528734933517496, 'R2 - std': 0.015331343134709794} 
 

Saving model.....
Results After CV: {'MSE - mean': 4.641858188303764, 'MSE - std': 0.4483955601519694, 'R2 - mean': 0.5528734933517496, 'R2 - std': 0.015331343134709794}
Train time: 0.4229264437999973
Inference time: 0.001221095999994759
Finished cross validation
Hyperparam was saved!!! Hurrah!!!
Trial 271 finished with value: 4.641858188303764 and parameters: {'num_leaves': 19, 'lambda_l1': 0.0006846728798153841, 'lambda_l2': 0.0034871206355191224, 'learning_rate': 0.02976785713628012}. Best is trial 163 with value: 4.486410577271952.
Training until validation scores don't improve for 20 rounds
[100]	train's l2: 3.0846	eval's l2: 4.52364
Did not meet early stopping. Best iteration is:
[100]	train's l2: 3.0846	eval's l2: 4.52364
Saved Losses
{'MSE - mean': 4.523635771434942, 'MSE - std': 0.0, 'R2 - mean': 0.5874593652897054, 'R2 - std': 0.0} 
 

Training until validation scores don't improve for 20 rounds
[100]	train's l2: 3.15493	eval's l2: 4.02604
Did not meet early stopping. Best iteration is:
[100]	train's l2: 3.15493	eval's l2: 4.02604
Saved Losses
{'MSE - mean': 4.274836984341729, 'MSE - std': 0.24879878709321313, 'R2 - mean': 0.5791487638970805, 'R2 - std': 0.008310601392624906} 
 

Training until validation scores don't improve for 20 rounds
[100]	train's l2: 3.06638	eval's l2: 4.60366
Did not meet early stopping. Best iteration is:
[100]	train's l2: 3.06638	eval's l2: 4.60366
Saved Losses
{'MSE - mean': 4.384444864199693, 'MSE - std': 0.25552886130523883, 'R2 - mean': 0.5684344457193213, 'R2 - std': 0.016602327900024142} 
 

Training until validation scores don't improve for 20 rounds
[100]	train's l2: 3.10654	eval's l2: 4.2475
Did not meet early stopping. Best iteration is:
[100]	train's l2: 3.10654	eval's l2: 4.2475
Saved Losses
{'MSE - mean': 4.350209053171338, 'MSE - std': 0.22910155278887076, 'R2 - mean': 0.562789576123728, 'R2 - std': 0.017387398512391152} 
 

Training until validation scores don't improve for 20 rounds
[100]	train's l2: 2.95909	eval's l2: 5.20145
Did not meet early stopping. Best iteration is:
[100]	train's l2: 2.95909	eval's l2: 5.20145
Saved Losses
{'MSE - mean': 4.5204581406961815, 'MSE - std': 0.39740284901392536, 'R2 - mean': 0.5641999313740726, 'R2 - std': 0.01580549617543406} 
 

Saving model.....
Results After CV: {'MSE - mean': 4.5204581406961815, 'MSE - std': 0.39740284901392536, 'R2 - mean': 0.5641999313740726, 'R2 - std': 0.01580549617543406}
Train time: 0.5770500935999963
Inference time: 0.0182098137999958
Finished cross validation
Hyperparam was saved!!! Hurrah!!!
Trial 272 finished with value: 4.5204581406961815 and parameters: {'num_leaves': 30, 'lambda_l1': 0.00038331605307170597, 'lambda_l2': 0.1848091112677267, 'learning_rate': 0.03863796267982603}. Best is trial 163 with value: 4.486410577271952.
Training until validation scores don't improve for 20 rounds
[100]	train's l2: 4.23039	eval's l2: 4.94054
Did not meet early stopping. Best iteration is:
[100]	train's l2: 4.23039	eval's l2: 4.94054
Saved Losses
{'MSE - mean': 4.940539194407728, 'MSE - std': 0.0, 'R2 - mean': 0.5494391507065293, 'R2 - std': 0.0} 
 

Training until validation scores don't improve for 20 rounds
[100]	train's l2: 4.36498	eval's l2: 4.19526
Did not meet early stopping. Best iteration is:
[100]	train's l2: 4.36498	eval's l2: 4.19526
Saved Losses
{'MSE - mean': 4.567899970934235, 'MSE - std': 0.37263922347349343, 'R2 - mean': 0.5511193854216779, 'R2 - std': 0.0016802347151486652} 
 

Training until validation scores don't improve for 20 rounds
[100]	train's l2: 4.23573	eval's l2: 4.92345
Did not meet early stopping. Best iteration is:
[100]	train's l2: 4.23573	eval's l2: 4.92345
Saved Losses
{'MSE - mean': 4.686415081892114, 'MSE - std': 0.3473686662582018, 'R2 - mean': 0.5392593951698735, 'R2 - std': 0.016828572825538398} 
 

Training until validation scores don't improve for 20 rounds
[100]	train's l2: 4.29741	eval's l2: 4.4903
Did not meet early stopping. Best iteration is:
[100]	train's l2: 4.29741	eval's l2: 4.4903
Saved Losses
{'MSE - mean': 4.637386230064279, 'MSE - std': 0.31258635232231236, 'R2 - mean': 0.534418265355177, 'R2 - std': 0.016813990042716487} 
 

Training until validation scores don't improve for 20 rounds
[100]	train's l2: 4.09153	eval's l2: 5.68288
Did not meet early stopping. Best iteration is:
[100]	train's l2: 4.09153	eval's l2: 5.68288
Saved Losses
{'MSE - mean': 4.8464856167712815, 'MSE - std': 0.5030490992055489, 'R2 - mean': 0.5335400828467304, 'R2 - std': 0.015141103889671383} 
 

Saving model.....
Results After CV: {'MSE - mean': 4.8464856167712815, 'MSE - std': 0.5030490992055489, 'R2 - mean': 0.5335400828467304, 'R2 - std': 0.015141103889671383}
Train time: 0.3708942793999995
Inference time: 0.0124077600000021
Finished cross validation
Hyperparam was saved!!! Hurrah!!!
Trial 273 finished with value: 4.8464856167712815 and parameters: {'num_leaves': 15, 'lambda_l1': 1.0529200555103922e-05, 'lambda_l2': 3.250886550620664, 'learning_rate': 0.021316999678027863}. Best is trial 163 with value: 4.486410577271952.
Training until validation scores don't improve for 20 rounds
[100]	train's l2: 3.77327	eval's l2: 4.73614
Did not meet early stopping. Best iteration is:
[100]	train's l2: 3.77327	eval's l2: 4.73614
Saved Losses
{'MSE - mean': 4.736140720134773, 'MSE - std': 0.0, 'R2 - mean': 0.5680796161575382, 'R2 - std': 0.0} 
 

Training until validation scores don't improve for 20 rounds
[100]	train's l2: 3.86511	eval's l2: 4.10732
Did not meet early stopping. Best iteration is:
[100]	train's l2: 3.86511	eval's l2: 4.10732
Saved Losses
{'MSE - mean': 4.421730130933426, 'MSE - std': 0.3144105892013469, 'R2 - mean': 0.5651267333200934, 'R2 - std': 0.00295288283744477} 
 

Training until validation scores don't improve for 20 rounds
[100]	train's l2: 3.74538	eval's l2: 4.75832
Did not meet early stopping. Best iteration is:
[100]	train's l2: 3.74538	eval's l2: 4.75832
Saved Losses
{'MSE - mean': 4.533927912782175, 'MSE - std': 0.30179357775061705, 'R2 - mean': 0.554013551127069, 'R2 - std': 0.01590027195611751} 
 

Training until validation scores don't improve for 20 rounds
[100]	train's l2: 3.79341	eval's l2: 4.35815
Did not meet early stopping. Best iteration is:
[100]	train's l2: 3.79341	eval's l2: 4.35815
Saved Losses
{'MSE - mean': 4.489982572455018, 'MSE - std': 0.2722188485172314, 'R2 - mean': 0.5490163521004976, 'R2 - std': 0.016264377656165382} 
 

Training until validation scores don't improve for 20 rounds
[100]	train's l2: 3.64498	eval's l2: 5.44761
Did not meet early stopping. Best iteration is:
[100]	train's l2: 3.64498	eval's l2: 5.44761
Saved Losses
{'MSE - mean': 4.681508816476287, 'MSE - std': 0.45388510637166357, 'R2 - mean': 0.5491098928152149, 'R2 - std': 0.014548504524353583} 
 

Saving model.....
Results After CV: {'MSE - mean': 4.681508816476287, 'MSE - std': 0.45388510637166357, 'R2 - mean': 0.5491098928152149, 'R2 - std': 0.014548504524353583}
Train time: 0.45924431899999263
Inference time: 0.0011831980000067688
Finished cross validation
Hyperparam was saved!!! Hurrah!!!
Trial 274 finished with value: 4.681508816476287 and parameters: {'num_leaves': 21, 'lambda_l1': 3.880683482457566e-06, 'lambda_l2': 0.01218298959067618, 'learning_rate': 0.025040382949530707}. Best is trial 163 with value: 4.486410577271952.
Training until validation scores don't improve for 20 rounds
[100]	train's l2: 3.98884	eval's l2: 4.90595
Did not meet early stopping. Best iteration is:
[100]	train's l2: 3.98884	eval's l2: 4.90595
Saved Losses
{'MSE - mean': 4.90594786035461, 'MSE - std': 0.0, 'R2 - mean': 0.5525937660705383, 'R2 - std': 0.0} 
 

Training until validation scores don't improve for 20 rounds
[100]	train's l2: 4.11935	eval's l2: 4.2106
Did not meet early stopping. Best iteration is:
[100]	train's l2: 4.11935	eval's l2: 4.2106
Saved Losses
{'MSE - mean': 4.558272173129, 'MSE - std': 0.3476756872256104, 'R2 - mean': 0.5518793245931333, 'R2 - std': 0.0007144414774050145} 
 

Training until validation scores don't improve for 20 rounds
[100]	train's l2: 3.97332	eval's l2: 4.86977
Did not meet early stopping. Best iteration is:
[100]	train's l2: 3.97332	eval's l2: 4.86977
Saved Losses
{'MSE - mean': 4.662103588025297, 'MSE - std': 0.31960524781455174, 'R2 - mean': 0.5415266653672041, 'R2 - std': 0.014652487519628228} 
 

Training until validation scores don't improve for 20 rounds
[100]	train's l2: 4.02299	eval's l2: 4.46412
Did not meet early stopping. Best iteration is:
[100]	train's l2: 4.02299	eval's l2: 4.46412
Saved Losses
{'MSE - mean': 4.61260795183994, 'MSE - std': 0.28975867515422293, 'R2 - mean': 0.5368184761450662, 'R2 - std': 0.015083854949548248} 
 

Training until validation scores don't improve for 20 rounds
[100]	train's l2: 3.86978	eval's l2: 5.59466
Did not meet early stopping. Best iteration is:
[100]	train's l2: 3.86978	eval's l2: 5.59466
Saved Losses
{'MSE - mean': 4.809018839045628, 'MSE - std': 0.47061344892959206, 'R2 - mean': 0.5369194175502839, 'R2 - std': 0.01349292039479809} 
 

Saving model.....
Results After CV: {'MSE - mean': 4.809018839045628, 'MSE - std': 0.47061344892959206, 'R2 - mean': 0.5369194175502839, 'R2 - std': 0.01349292039479809}
Train time: 0.5405927149999968
Inference time: 0.01244106659999602
Finished cross validation
Hyperparam was saved!!! Hurrah!!!
Trial 275 finished with value: 4.809018839045628 and parameters: {'num_leaves': 25, 'lambda_l1': 0.00014214677732989574, 'lambda_l2': 1.2096381320856568, 'learning_rate': 0.018842014627769663}. Best is trial 163 with value: 4.486410577271952.
Training until validation scores don't improve for 20 rounds
[100]	train's l2: 2.74035	eval's l2: 4.69554
Did not meet early stopping. Best iteration is:
[100]	train's l2: 2.74035	eval's l2: 4.69554
Saved Losses
{'MSE - mean': 4.695544116861957, 'MSE - std': 0.0, 'R2 - mean': 0.5717818922309137, 'R2 - std': 0.0} 
 

Training until validation scores don't improve for 20 rounds
[100]	train's l2: 2.81939	eval's l2: 4.16281
Did not meet early stopping. Best iteration is:
[100]	train's l2: 2.81939	eval's l2: 4.16281
Saved Losses
{'MSE - mean': 4.429176175731541, 'MSE - std': 0.2663679411304156, 'R2 - mean': 0.5640204193623888, 'R2 - std': 0.007761472868524966} 
 

Training until validation scores don't improve for 20 rounds
[100]	train's l2: 2.71632	eval's l2: 4.71078
Did not meet early stopping. Best iteration is:
[100]	train's l2: 2.71632	eval's l2: 4.71078
Saved Losses
{'MSE - mean': 4.523044828130181, 'MSE - std': 0.2548016899099719, 'R2 - mean': 0.5548353438526002, 'R2 - std': 0.014453080351039297} 
 

Training until validation scores don't improve for 20 rounds
[100]	train's l2: 2.74495	eval's l2: 4.30813
Did not meet early stopping. Best iteration is:
[100]	train's l2: 2.74495	eval's l2: 4.30813
Saved Losses
{'MSE - mean': 4.469316242687087, 'MSE - std': 0.23948529927091666, 'R2 - mean': 0.5509696324222717, 'R2 - std': 0.014195063343040031} 
 

Training until validation scores don't improve for 20 rounds
[100]	train's l2: 2.64961	eval's l2: 5.31536
Did not meet early stopping. Best iteration is:
[100]	train's l2: 2.64961	eval's l2: 5.31536
Saved Losses
{'MSE - mean': 4.638525851657503, 'MSE - std': 0.4005123392920488, 'R2 - mean': 0.552859915552426, 'R2 - std': 0.013247359733128699} 
 

Saving model.....
Results After CV: {'MSE - mean': 4.638525851657503, 'MSE - std': 0.4005123392920488, 'R2 - mean': 0.552859915552426, 'R2 - std': 0.013247359733128699}
Train time: 1.8695099394000068
Inference time: 0.013142383799981871
Finished cross validation
Hyperparam was saved!!! Hurrah!!!
Trial 276 finished with value: 4.638525851657503 and parameters: {'num_leaves': 187, 'lambda_l1': 4.868870732192514e-05, 'lambda_l2': 0.0021918886431751728, 'learning_rate': 0.023396900051015617}. Best is trial 163 with value: 4.486410577271952.
Training until validation scores don't improve for 20 rounds
[100]	train's l2: 3.07643	eval's l2: 4.56833
Did not meet early stopping. Best iteration is:
[100]	train's l2: 3.07643	eval's l2: 4.56833
Saved Losses
{'MSE - mean': 4.56833265540182, 'MSE - std': 0.0, 'R2 - mean': 0.5833831571657656, 'R2 - std': 0.0} 
 

Training until validation scores don't improve for 20 rounds
[100]	train's l2: 3.17643	eval's l2: 4.14241
Did not meet early stopping. Best iteration is:
[100]	train's l2: 3.17643	eval's l2: 4.14241
Saved Losses
{'MSE - mean': 4.355370754080377, 'MSE - std': 0.21296190132144188, 'R2 - mean': 0.5709083038336769, 'R2 - std': 0.012474853332088809} 
 

Training until validation scores don't improve for 20 rounds
[100]	train's l2: 3.05538	eval's l2: 4.65612
Did not meet early stopping. Best iteration is:
[100]	train's l2: 3.05538	eval's l2: 4.65612
Saved Losses
{'MSE - mean': 4.455620384239394, 'MSE - std': 0.2243549813064141, 'R2 - mean': 0.5612201726461875, 'R2 - std': 0.01707242656791227} 
 

Training until validation scores don't improve for 20 rounds
[100]	train's l2: 3.08431	eval's l2: 4.29003
Did not meet early stopping. Best iteration is:
[100]	train's l2: 3.08431	eval's l2: 4.29003
Saved Losses
{'MSE - mean': 4.414221540988538, 'MSE - std': 0.2071061585160563, 'R2 - mean': 0.5562422156686891, 'R2 - std': 0.017115518651126014} 
 

Training until validation scores don't improve for 20 rounds
[100]	train's l2: 2.97656	eval's l2: 5.21347
Did not meet early stopping. Best iteration is:
[100]	train's l2: 2.97656	eval's l2: 5.21347
Saved Losses
{'MSE - mean': 4.574070686443855, 'MSE - std': 0.3694879780553113, 'R2 - mean': 0.5587633524276413, 'R2 - std': 0.016117608544290733} 
 

Saving model.....
Results After CV: {'MSE - mean': 4.574070686443855, 'MSE - std': 0.3694879780553113, 'R2 - mean': 0.5587633524276413, 'R2 - std': 0.016117608544290733}
Train time: 0.6887500860000045
Inference time: 0.023817406000000575
Finished cross validation
Hyperparam was saved!!! Hurrah!!!
Trial 277 finished with value: 4.574070686443855 and parameters: {'num_leaves': 38, 'lambda_l1': 6.957320418058929e-05, 'lambda_l2': 0.005599857364980287, 'learning_rate': 0.031036412900567186}. Best is trial 163 with value: 4.486410577271952.
Training until validation scores don't improve for 20 rounds
[100]	train's l2: 3.46585	eval's l2: 4.59802
Did not meet early stopping. Best iteration is:
[100]	train's l2: 3.46585	eval's l2: 4.59802
Saved Losses
{'MSE - mean': 4.598018971707685, 'MSE - std': 0.0, 'R2 - mean': 0.5806758632124447, 'R2 - std': 0.0} 
 

Training until validation scores don't improve for 20 rounds
[100]	train's l2: 3.55406	eval's l2: 3.99486
Did not meet early stopping. Best iteration is:
[100]	train's l2: 3.55406	eval's l2: 3.99486
Saved Losses
{'MSE - mean': 4.296438681681314, 'MSE - std': 0.30158029002637066, 'R2 - mean': 0.5774188429263364, 'R2 - std': 0.003257020286108303} 
 

Training until validation scores don't improve for 20 rounds
[100]	train's l2: 3.45746	eval's l2: 4.65499
Did not meet early stopping. Best iteration is:
[100]	train's l2: 3.45746	eval's l2: 4.65499
Saved Losses
{'MSE - mean': 4.415955977407037, 'MSE - std': 0.29866795751040986, 'R2 - mean': 0.5655975652325006, 'R2 - std': 0.016928004412579363} 
 

Training until validation scores don't improve for 20 rounds
[100]	train's l2: 3.51902	eval's l2: 4.27353
Did not meet early stopping. Best iteration is:
[100]	train's l2: 3.51902	eval's l2: 4.27353
Saved Losses
{'MSE - mean': 4.380348640453749, 'MSE - std': 0.26590516912481216, 'R2 - mean': 0.5599662639466744, 'R2 - std': 0.017608312314343823} 
 

Training until validation scores don't improve for 20 rounds
[100]	train's l2: 3.35745	eval's l2: 5.28862
Did not meet early stopping. Best iteration is:
[100]	train's l2: 3.35745	eval's l2: 5.28862
Saved Losses
{'MSE - mean': 4.562003190240268, 'MSE - std': 0.43423259781643225, 'R2 - mean': 0.5604995466222785, 'R2 - std': 0.01578542656046951} 
 

Saving model.....
Results After CV: {'MSE - mean': 4.562003190240268, 'MSE - std': 0.43423259781643225, 'R2 - mean': 0.5604995466222785, 'R2 - std': 0.01578542656046951}
Train time: 0.3863329433999979
Inference time: 0.006805613200003791
Finished cross validation
Hyperparam was saved!!! Hurrah!!!
