Trial 93 finished with value: 105068630.86750051 and parameters: {'num_leaves': 1196, 'lambda_l1': 0.001159807046499733, 'lambda_l2': 0.8904440445330346, 'learning_rate': 0.29552570995245514}. Best is trial 3 with value: 48745669.870724514.
Training until validation scores don't improve for 20 rounds
Early stopping, best iteration is:
[8]	train's l2: 2.97726e+08	eval's l2: 1.08191e+07
Saved Losses
{'MSE - mean': 10819076.35556061, 'MSE - std': 0.0, 'R2 - mean': 0.47251706539774885, 'R2 - std': 0.0} 
 

Training until validation scores don't improve for 20 rounds
[100]	train's l2: 1.33032e+08	eval's l2: 4.7438e+08
Did not meet early stopping. Best iteration is:
[100]	train's l2: 1.33032e+08	eval's l2: 4.7438e+08
Saved Losses
{'MSE - mean': 242599292.02706903, 'MSE - std': 231780215.67150843, 'R2 - mean': 0.35636280828954886, 'R2 - std': 0.11615425710819999} 
 

Training until validation scores don't improve for 20 rounds
Early stopping, best iteration is:
[9]	train's l2: 2.94537e+08	eval's l2: 1.22843e+07
Saved Losses
{'MSE - mean': 165827642.60284722, 'MSE - std': 218179936.20355013, 'R2 - mean': 0.40899161764845804, 'R2 - std': 0.12055755518414439} 
 

Training until validation scores don't improve for 20 rounds
[100]	train's l2: 1.33636e+08	eval's l2: 4.80463e+08
Did not meet early stopping. Best iteration is:
[100]	train's l2: 1.33636e+08	eval's l2: 4.80463e+08
Saved Losses
{'MSE - mean': 244486404.69092274, 'MSE - std': 232945199.52345937, 'R2 - mean': 0.36378653521519977, 'R2 - std': 0.1305032241646793} 
 

Training until validation scores don't improve for 20 rounds
Early stopping, best iteration is:
[31]	train's l2: 2.60944e+08	eval's l2: 4.89722e+07
Saved Losses
{'MSE - mean': 205383566.70150343, 'MSE - std': 222546400.86985573, 'R2 - mean': 0.34177307437356486, 'R2 - std': 0.12475272761268988} 
 

Saving model.....
Results After CV: {'MSE - mean': 205383566.70150343, 'MSE - std': 222546400.86985573, 'R2 - mean': 0.34177307437356486, 'R2 - std': 0.12475272761268988}
Train time: 2.362397540999973
Inference time: 0.03117356459997609
Finished cross validation
Hyperparam was saved!!! Hurrah!!!
Trial 94 finished with value: 205383566.70150343 and parameters: {'num_leaves': 802, 'lambda_l1': 0.003343384106441348, 'lambda_l2': 0.8530568839846127, 'learning_rate': 0.05249711187258522}. Best is trial 3 with value: 48745669.870724514.
Training until validation scores don't improve for 20 rounds
Early stopping, best iteration is:
[2]	train's l2: 2.90497e+08	eval's l2: 1.11859e+07
Saved Losses
{'MSE - mean': 11185887.426140854, 'MSE - std': 0.0, 'R2 - mean': 0.4546332300687915, 'R2 - std': 0.0} 
 

Training until validation scores don't improve for 20 rounds
[100]	train's l2: 7.32544e+07	eval's l2: 2.54711e+08
Did not meet early stopping. Best iteration is:
[100]	train's l2: 7.32544e+07	eval's l2: 2.54711e+08
Saved Losses
{'MSE - mean': 132948290.91715413, 'MSE - std': 121762403.49101329, 'R2 - mean': 0.5233375177153838, 'R2 - std': 0.06870428764659225} 
 

Training until validation scores don't improve for 20 rounds
Early stopping, best iteration is:
[2]	train's l2: 2.90209e+08	eval's l2: 1.25471e+07
Saved Losses
{'MSE - mean': 92814552.53284122, 'MSE - std': 114479208.5169755, 'R2 - mean': 0.5168450844358142, 'R2 - std': 0.056843259410972534} 
 

Training until validation scores don't improve for 20 rounds
[100]	train's l2: 7.4182e+07	eval's l2: 2.62086e+08
Did not meet early stopping. Best iteration is:
[100]	train's l2: 7.4182e+07	eval's l2: 2.62086e+08
Saved Losses
{'MSE - mean': 135132431.90796345, 'MSE - std': 123294467.15658839, 'R2 - mean': 0.5323782140382907, 'R2 - std': 0.0560999238064485} 
 

Training until validation scores don't improve for 20 rounds
Early stopping, best iteration is:
[6]	train's l2: 2.60581e+08	eval's l2: 4.90715e+07
Saved Losses
{'MSE - mean': 117920251.72579083, 'MSE - std': 115526001.79888485, 'R2 - mean': 0.47634372411806486, 'R2 - std': 0.12278932121056382} 
 

Saving model.....
Results After CV: {'MSE - mean': 117920251.72579083, 'MSE - std': 115526001.79888485, 'R2 - mean': 0.47634372411806486, 'R2 - std': 0.12278932121056382}
Train time: 3.9155414343999837
Inference time: 0.0329054498000005
Finished cross validation
Hyperparam was saved!!! Hurrah!!!
Trial 95 finished with value: 117920251.72579083 and parameters: {'num_leaves': 1154, 'lambda_l1': 0.0009697451982267579, 'lambda_l2': 1.0691404022965805, 'learning_rate': 0.2560892579459291}. Best is trial 3 with value: 48745669.870724514.
Training until validation scores don't improve for 20 rounds
Early stopping, best iteration is:
[19]	train's l2: 2.95558e+08	eval's l2: 9.96088e+06
Saved Losses
{'MSE - mean': 9960882.704481583, 'MSE - std': 0.0, 'R2 - mean': 0.5143582069750077, 'R2 - std': 0.0} 
 

Training until validation scores don't improve for 20 rounds
[100]	train's l2: 1.46693e+08	eval's l2: 5.26969e+08
Did not meet early stopping. Best iteration is:
[100]	train's l2: 1.46693e+08	eval's l2: 5.26969e+08
Saved Losses
{'MSE - mean': 268464846.9899024, 'MSE - std': 258503964.28542078, 'R2 - mean': 0.3351684663253194, 'R2 - std': 0.1791897406496883} 
 

Training until validation scores don't improve for 20 rounds
Early stopping, best iteration is:
[20]	train's l2: 2.94046e+08	eval's l2: 1.14259e+07
Saved Losses
{'MSE - mean': 182785202.60695365, 'MSE - std': 243375298.5768328, 'R2 - mean': 0.4061768104213795, 'R2 - std': 0.1774551923686577} 
 

Training until validation scores don't improve for 20 rounds
[100]	train's l2: 1.4676e+08	eval's l2: 5.30636e+08
Did not meet early stopping. Best iteration is:
[100]	train's l2: 1.4676e+08	eval's l2: 5.30636e+08
Saved Losses
{'MSE - mean': 269748024.1879304, 'MSE - std': 259058389.13263607, 'R2 - mean': 0.34152528151022415, 'R2 - std': 0.19015051813128947} 
 

Training until validation scores don't improve for 20 rounds
Early stopping, best iteration is:
[62]	train's l2: 2.61747e+08	eval's l2: 4.86943e+07
Saved Losses
{'MSE - mean': 225537279.24317652, 'MSE - std': 248006772.20244882, 'R2 - mean': 0.32481109386796553, 'R2 - std': 0.17332983560437829} 
 

Saving model.....
Results After CV: {'MSE - mean': 225537279.24317652, 'MSE - std': 248006772.20244882, 'R2 - mean': 0.32481109386796553, 'R2 - std': 0.17332983560437829}
Train time: 2.175947926799972
Inference time: 0.017808630600029574
Finished cross validation
Hyperparam was saved!!! Hurrah!!!
Trial 96 finished with value: 225537279.24317652 and parameters: {'num_leaves': 2591, 'lambda_l1': 0.000321280863780385, 'lambda_l2': 5.0740921391694975, 'learning_rate': 0.027600516227937053}. Best is trial 3 with value: 48745669.870724514.
Training until validation scores don't improve for 20 rounds
Early stopping, best iteration is:
[2]	train's l2: 2.92353e+08	eval's l2: 1.10788e+07
Saved Losses
{'MSE - mean': 11078849.936211927, 'MSE - std': 0.0, 'R2 - mean': 0.45985183167993104, 'R2 - std': 0.0} 
 

Training until validation scores don't improve for 20 rounds
[100]	train's l2: 7.64957e+07	eval's l2: 2.66111e+08
Did not meet early stopping. Best iteration is:
[100]	train's l2: 7.64957e+07	eval's l2: 2.66111e+08
Saved Losses
{'MSE - mean': 138594919.63166583, 'MSE - std': 127516069.69545391, 'R2 - mean': 0.5168171591945494, 'R2 - std': 0.05696532751461836} 
 

Training until validation scores don't improve for 20 rounds
Early stopping, best iteration is:
[2]	train's l2: 2.91986e+08	eval's l2: 1.25272e+07
Saved Losses
{'MSE - mean': 96572349.9280042, 'MSE - std': 119883379.78795102, 'R2 - mean': 0.5127600176565882, 'R2 - std': 0.04686455470270956} 
 

Training until validation scores don't improve for 20 rounds
[100]	train's l2: 7.87338e+07	eval's l2: 2.81537e+08
Did not meet early stopping. Best iteration is:
[100]	train's l2: 7.87338e+07	eval's l2: 2.81537e+08
Saved Losses
{'MSE - mean': 142813563.6913159, 'MSE - std': 131125009.48693746, 'R2 - mean': 0.5215027020779752, 'R2 - std': 0.04331880028680771} 
 

Training until validation scores don't improve for 20 rounds
Early stopping, best iteration is:
[6]	train's l2: 2.61207e+08	eval's l2: 4.89586e+07
Saved Losses
{'MSE - mean': 124042577.97836962, 'MSE - std': 123143875.64512531, 'R2 - mean': 0.4679873954434598, 'R2 - std': 0.11382779512656618} 
 

Saving model.....
Results After CV: {'MSE - mean': 124042577.97836962, 'MSE - std': 123143875.64512531, 'R2 - mean': 0.4679873954434598, 'R2 - std': 0.11382779512656618}
Train time: 4.297419924199994
Inference time: 0.03806261139995968
Finished cross validation
Hyperparam was saved!!! Hurrah!!!
Trial 97 finished with value: 124042577.97836962 and parameters: {'num_leaves': 2452, 'lambda_l1': 9.362711208891238e-06, 'lambda_l2': 0.3637923704898165, 'learning_rate': 0.23391553202583246}. Best is trial 3 with value: 48745669.870724514.
Training until validation scores don't improve for 20 rounds
Early stopping, best iteration is:
[1]	train's l2: 3.04066e+08	eval's l2: 1.12798e+07
Saved Losses
{'MSE - mean': 11279765.761939924, 'MSE - std': 0.0, 'R2 - mean': 0.450056201639057, 'R2 - std': 0.0} 
 

Training until validation scores don't improve for 20 rounds
[100]	train's l2: 6.69029e+07	eval's l2: 2.32909e+08
Did not meet early stopping. Best iteration is:
[100]	train's l2: 6.69029e+07	eval's l2: 2.32909e+08
Saved Losses
{'MSE - mean': 122094540.52334018, 'MSE - std': 110814774.76140025, 'R2 - mean': 0.538508127642277, 'R2 - std': 0.08845192600321994} 
 

Training until validation scores don't improve for 20 rounds
Early stopping, best iteration is:
[2]	train's l2: 2.87662e+08	eval's l2: 1.29323e+07
Saved Losses
{'MSE - mean': 85707136.90950392, 'MSE - std': 104089844.94396669, 'R2 - mean': 0.5218808870163815, 'R2 - std': 0.07595234736848007} 
 

Training until validation scores don't improve for 20 rounds
[100]	train's l2: 6.74612e+07	eval's l2: 2.37485e+08
Did not meet early stopping. Best iteration is:
[100]	train's l2: 6.74612e+07	eval's l2: 2.37485e+08
Saved Losses
{'MSE - mean': 123651639.97950047, 'MSE - std': 111558853.54839033, 'R2 - mean': 0.5460349678934928, 'R2 - std': 0.07795401318816639} 
 

Training until validation scores don't improve for 20 rounds
Early stopping, best iteration is:
[5]	train's l2: 2.61164e+08	eval's l2: 4.90357e+07
Saved Losses
{'MSE - mean': 108728444.05623615, 'MSE - std': 104149456.7930217, 'R2 - mean': 0.4873784527224516, 'R2 - std': 0.13646907937608072} 
 

Saving model.....
Results After CV: {'MSE - mean': 108728444.05623615, 'MSE - std': 104149456.7930217, 'R2 - mean': 0.4873784527224516, 'R2 - std': 0.13646907937608072}
Train time: 2.7531101831999876
Inference time: 0.03212087179997525
Finished cross validation
Hyperparam was saved!!! Hurrah!!!
Trial 98 finished with value: 108728444.05623615 and parameters: {'num_leaves': 293, 'lambda_l1': 0.0018453118492155853, 'lambda_l2': 1.2766094071480951, 'learning_rate': 0.2833256667362674}. Best is trial 3 with value: 48745669.870724514.
Training until validation scores don't improve for 20 rounds
Early stopping, best iteration is:
[12]	train's l2: 2.95954e+08	eval's l2: 1.09216e+07
Saved Losses
{'MSE - mean': 10921632.216852454, 'MSE - std': 0.0, 'R2 - mean': 0.46751696512143637, 'R2 - std': 0.0} 
 

Training until validation scores don't improve for 20 rounds
[100]	train's l2: 1.38882e+08	eval's l2: 4.96449e+08
Did not meet early stopping. Best iteration is:
[100]	train's l2: 1.38882e+08	eval's l2: 4.96449e+08
Saved Losses
{'MSE - mean': 253685274.8822507, 'MSE - std': 242763642.66539824, 'R2 - mean': 0.33618898787709445, 'R2 - std': 0.13132797724434192} 
 

Training until validation scores don't improve for 20 rounds
Early stopping, best iteration is:
[12]	train's l2: 2.95509e+08	eval's l2: 1.24087e+07
Saved Losses
{'MSE - mean': 173259752.62567, 'MSE - std': 228530056.5073873, 'R2 - mean': 0.3939031879472687, 'R2 - std': 0.1347586095612217} 
 

Training until validation scores don't improve for 20 rounds
[100]	train's l2: 1.39845e+08	eval's l2: 5.0243e+08
Did not meet early stopping. Best iteration is:
[100]	train's l2: 1.39845e+08	eval's l2: 5.0243e+08
Saved Losses
{'MSE - mean': 255552402.2408139, 'MSE - std': 243896967.15517962, 'R2 - mean': 0.34364784694415157, 'R2 - std': 0.14559089956509677} 
 

Training until validation scores don't improve for 20 rounds
Early stopping, best iteration is:
[42]	train's l2: 2.61168e+08	eval's l2: 4.89978e+07
Saved Losses
{'MSE - mean': 214241479.78579408, 'MSE - std': 233270130.37749705, 'R2 - mean': 0.3255841763069003, 'R2 - std': 0.13513901293299302} 
 

Saving model.....
Results After CV: {'MSE - mean': 214241479.78579408, 'MSE - std': 233270130.37749705, 'R2 - mean': 0.3255841763069003, 'R2 - std': 0.13513901293299302}
Train time: 3.0322152303999927
Inference time: 0.02024347700000817
Finished cross validation
Hyperparam was saved!!! Hurrah!!!
Trial 99 finished with value: 214241479.78579408 and parameters: {'num_leaves': 571, 'lambda_l1': 1.5938353623637342e-06, 'lambda_l2': 0.15448023702056596, 'learning_rate': 0.037126408373017165}. Best is trial 3 with value: 48745669.870724514.
Training until validation scores don't improve for 20 rounds
Early stopping, best iteration is:
[1]	train's l2: 3.02121e+08	eval's l2: 1.11537e+07
Saved Losses
{'MSE - mean': 11153692.671477554, 'MSE - std': 0.0, 'R2 - mean': 0.45620288196055114, 'R2 - std': 0.0} 
 

Training until validation scores don't improve for 20 rounds
[100]	train's l2: 6.44004e+07	eval's l2: 2.26048e+08
Did not meet early stopping. Best iteration is:
[100]	train's l2: 6.44004e+07	eval's l2: 2.26048e+08
Saved Losses
{'MSE - mean': 118600629.39353739, 'MSE - std': 107446936.72205983, 'R2 - mean': 0.547076539004504, 'R2 - std': 0.09087365704395295} 
 

Training until validation scores don't improve for 20 rounds
Early stopping, best iteration is:
[1]	train's l2: 3.01559e+08	eval's l2: 1.29935e+07
Saved Losses
{'MSE - mean': 83398244.41797595, 'MSE - std': 100871099.0484299, 'R2 - mean': 0.5267872268476311, 'R2 - std': 0.07955287595027213} 
 

Training until validation scores don't improve for 20 rounds
[100]	train's l2: 6.43318e+07	eval's l2: 2.22237e+08
Did not meet early stopping. Best iteration is:
[100]	train's l2: 6.43318e+07	eval's l2: 2.22237e+08
Saved Losses
{'MSE - mean': 118107824.8675319, 'MSE - std': 106044796.63039201, 'R2 - mean': 0.555838660368616, 'R2 - std': 0.08531384660676215} 
 

Training until validation scores don't improve for 20 rounds
Early stopping, best iteration is:
[5]	train's l2: 2.60458e+08	eval's l2: 4.89951e+07
Saved Losses
{'MSE - mean': 104285287.26229765, 'MSE - std': 98795998.38706738, 'R2 - mean': 0.4953449131650739, 'R2 - std': 0.14304102817435957} 
 

Saving model.....
Results After CV: {'MSE - mean': 104285287.26229765, 'MSE - std': 98795998.38706738, 'R2 - mean': 0.4953449131650739, 'R2 - std': 0.14304102817435957}
Train time: 3.5212223287999906
Inference time: 0.02669083280002269
Finished cross validation
Hyperparam was saved!!! Hurrah!!!
Trial 100 finished with value: 104285287.26229765 and parameters: {'num_leaves': 867, 'lambda_l1': 0.006763738917974186, 'lambda_l2': 0.62270865998118, 'learning_rate': 0.2990517057406455}. Best is trial 3 with value: 48745669.870724514.
Training until validation scores don't improve for 20 rounds
Early stopping, best iteration is:
[2]	train's l2: 2.90064e+08	eval's l2: 1.14987e+07
Saved Losses
{'MSE - mean': 11498729.616521373, 'MSE - std': 0.0, 'R2 - mean': 0.43938064184165526, 'R2 - std': 0.0} 
 

Training until validation scores don't improve for 20 rounds
[100]	train's l2: 7.17119e+07	eval's l2: 2.5038e+08
Did not meet early stopping. Best iteration is:
[100]	train's l2: 7.17119e+07	eval's l2: 2.5038e+08
Saved Losses
{'MSE - mean': 130939492.84967273, 'MSE - std': 119440763.23315138, 'R2 - mean': 0.5191791537672593, 'R2 - std': 0.07979851192560405} 
 

Training until validation scores don't improve for 20 rounds
Early stopping, best iteration is:
[2]	train's l2: 2.89752e+08	eval's l2: 1.28323e+07
Saved Losses
{'MSE - mean': 91570416.18152915, 'MSE - std': 112296834.37160112, 'R2 - mean': 0.5103138608559304, 'R2 - std': 0.06635049741462253} 
 

Training until validation scores don't improve for 20 rounds
[100]	train's l2: 7.225e+07	eval's l2: 2.55338e+08
Did not meet early stopping. Best iteration is:
[100]	train's l2: 7.225e+07	eval's l2: 2.55338e+08
Saved Losses
{'MSE - mean': 132512314.0007078, 'MSE - std': 120360505.3517154, 'R2 - mean': 0.5301898654932111, 'R2 - std': 0.06698475991895074} 
 

Training until validation scores don't improve for 20 rounds
Early stopping, best iteration is:
[6]	train's l2: 2.60446e+08	eval's l2: 4.89937e+07
Saved Losses
{'MSE - mean': 115808583.34805807, 'MSE - std': 112718141.70612168, 'R2 - mean': 0.47483037609315903, 'R2 - std': 0.12588986740662447} 
 

Saving model.....
Results After CV: {'MSE - mean': 115808583.34805807, 'MSE - std': 112718141.70612168, 'R2 - mean': 0.47483037609315903, 'R2 - std': 0.12588986740662447}
Train time: 4.643795228200065
Inference time: 0.03256721159998506
Finished cross validation
Hyperparam was saved!!! Hurrah!!!
Trial 101 finished with value: 115808583.34805807 and parameters: {'num_leaves': 1186, 'lambda_l1': 0.030860721789428638, 'lambda_l2': 1.2529809505189365e-05, 'learning_rate': 0.2510405999401782}. Best is trial 3 with value: 48745669.870724514.
Training until validation scores don't improve for 20 rounds
Early stopping, best iteration is:
[1]	train's l2: 3.04856e+08	eval's l2: 1.14948e+07
Saved Losses
{'MSE - mean': 11494759.529172126, 'MSE - std': 0.0, 'R2 - mean': 0.43957420303456907, 'R2 - std': 0.0} 
 

Training until validation scores don't improve for 20 rounds
[100]	train's l2: 6.77894e+07	eval's l2: 2.35822e+08
Did not meet early stopping. Best iteration is:
[100]	train's l2: 6.77894e+07	eval's l2: 2.35822e+08
Saved Losses
{'MSE - mean': 123658222.8459329, 'MSE - std': 112163463.31676078, 'R2 - mean': 0.5309348242955427, 'R2 - std': 0.09136062126097366} 
 

Training until validation scores don't improve for 20 rounds
Early stopping, best iteration is:
[2]	train's l2: 2.88462e+08	eval's l2: 1.29647e+07
Saved Losses
{'MSE - mean': 86760384.95305404, 'MSE - std': 105403965.22180066, 'R2 - mean': 0.5164052320645617, 'R2 - std': 0.07737394164440127} 
 

Training until validation scores don't improve for 20 rounds
[100]	train's l2: 7.08018e+07	eval's l2: 2.50217e+08
Did not meet early stopping. Best iteration is:
[100]	train's l2: 7.08018e+07	eval's l2: 2.50217e+08
Saved Losses
{'MSE - mean': 127624436.92951769, 'MSE - std': 115508047.96707584, 'R2 - mean': 0.5368151898323706, 'R2 - std': 0.07576109992895193} 
 

Training until validation scores don't improve for 20 rounds
Early stopping, best iteration is:
[5]	train's l2: 2.61483e+08	eval's l2: 4.88896e+07
Saved Losses
{'MSE - mean': 111877469.9985553, 'MSE - std': 108007199.6962736, 'R2 - mean': 0.4804477820525925, 'R2 - std': 0.13153301505402692} 
 

Saving model.....
Results After CV: {'MSE - mean': 111877469.9985553, 'MSE - std': 108007199.6962736, 'R2 - mean': 0.4804477820525925, 'R2 - std': 0.13153301505402692}
Train time: 3.630525111199995
Inference time: 0.03215809459995853
Finished cross validation
Hyperparam was saved!!! Hurrah!!!
Trial 102 finished with value: 111877469.9985553 and parameters: {'num_leaves': 912, 'lambda_l1': 0.0066737241792100685, 'lambda_l2': 0.5234575526055321, 'learning_rate': 0.268255369398844}. Best is trial 3 with value: 48745669.870724514.
Training until validation scores don't improve for 20 rounds
Early stopping, best iteration is:
[1]	train's l2: 3.02323e+08	eval's l2: 1.12027e+07
Saved Losses
{'MSE - mean': 11202678.76971788, 'MSE - std': 0.0, 'R2 - mean': 0.45381456987129953, 'R2 - std': 0.0} 
 

Training until validation scores don't improve for 20 rounds
[100]	train's l2: 6.32676e+07	eval's l2: 2.20124e+08
Did not meet early stopping. Best iteration is:
[100]	train's l2: 6.32676e+07	eval's l2: 2.20124e+08
Saved Losses
{'MSE - mean': 115663183.34773684, 'MSE - std': 104460504.57801896, 'R2 - mean': 0.5506263821413783, 'R2 - std': 0.09681181227007873} 
 

Training until validation scores don't improve for 20 rounds
Early stopping, best iteration is:
[1]	train's l2: 3.01754e+08	eval's l2: 1.30942e+07
Saved Losses
{'MSE - mean': 81473523.81273958, 'MSE - std': 98043512.36075884, 'R2 - mean': 0.5278260878853062, 'R2 - std': 0.08537012455384065} 
 

Training until validation scores don't improve for 20 rounds
[100]	train's l2: 6.48842e+07	eval's l2: 2.29415e+08
Did not meet early stopping. Best iteration is:
[100]	train's l2: 6.48842e+07	eval's l2: 2.29415e+08
Saved Losses
{'MSE - mean': 118458958.92383298, 'MSE - std': 106363362.90328737, 'R2 - mean': 0.5537347907912222, 'R2 - std': 0.08648598894361315} 
 

Training until validation scores don't improve for 20 rounds
Early stopping, best iteration is:
[5]	train's l2: 2.6052e+08	eval's l2: 4.90127e+07
Saved Losses
{'MSE - mean': 104569708.52609989, 'MSE - std': 99106897.24192177, 'R2 - mean': 0.49360826786001494, 'R2 - std': 0.14298481061298718} 
 

Saving model.....
Results After CV: {'MSE - mean': 104569708.52609989, 'MSE - std': 99106897.24192177, 'R2 - mean': 0.49360826786001494, 'R2 - std': 0.14298481061298718}
Train time: 3.6030700973999954
Inference time: 0.04377819499998168
Finished cross validation
Hyperparam was saved!!! Hurrah!!!
