Trial 33 finished with value: 103268841.95378083 and parameters: {'num_leaves': 38, 'lambda_l1': 6.758782623916958e-06, 'lambda_l2': 1.1184808659619877e-06, 'learning_rate': 0.29228455411229187}. Best is trial 3 with value: 48745669.870724514.
Training until validation scores don't improve for 20 rounds
Early stopping, best iteration is:
[2]	train's l2: 2.91131e+08	eval's l2: 1.13808e+07
Saved Losses
{'MSE - mean': 11380844.73492286, 'MSE - std': 0.0, 'R2 - mean': 0.44512810689756677, 'R2 - std': 0.0} 
 

Training until validation scores don't improve for 20 rounds
[100]	train's l2: 7.38683e+07	eval's l2: 2.56309e+08
Did not meet early stopping. Best iteration is:
[100]	train's l2: 7.38683e+07	eval's l2: 2.56309e+08
Saved Losses
{'MSE - mean': 133844857.6465457, 'MSE - std': 122464012.91162284, 'R2 - mean': 0.5173050941703375, 'R2 - std': 0.07217698727277078} 
 

Training until validation scores don't improve for 20 rounds
Early stopping, best iteration is:
[2]	train's l2: 2.90796e+08	eval's l2: 1.27372e+07
Saved Losses
{'MSE - mean': 93475623.69485307, 'MSE - std': 115141824.4541852, 'R2 - mean': 0.510318070533745, 'R2 - std': 0.05975490490143114} 
 

Training until validation scores don't improve for 20 rounds
[100]	train's l2: 7.55601e+07	eval's l2: 2.64874e+08
Did not meet early stopping. Best iteration is:
[100]	train's l2: 7.55601e+07	eval's l2: 2.64874e+08
Saved Losses
{'MSE - mean': 136325247.52845174, 'MSE - std': 124304065.06635866, 'R2 - mean': 0.5263632536296914, 'R2 - std': 0.05873951137506704} 
 

Training until validation scores don't improve for 20 rounds
Early stopping, best iteration is:
[6]	train's l2: 2.60778e+08	eval's l2: 4.86211e+07
Saved Losses
{'MSE - mean': 118784413.0972913, 'MSE - std': 116584407.03534395, 'R2 - mean': 0.4729046419127173, 'R2 - std': 0.11912832083132073} 
 

Saving model.....
Results After CV: {'MSE - mean': 118784413.0972913, 'MSE - std': 116584407.03534395, 'R2 - mean': 0.4729046419127173, 'R2 - std': 0.11912832083132073}
Train time: 0.8868952351999837
Inference time: 0.036238408999986406
Finished cross validation
Hyperparam was saved!!! Hurrah!!!
Trial 34 finished with value: 118784413.0972913 and parameters: {'num_leaves': 67, 'lambda_l1': 0.0001692978690548832, 'lambda_l2': 1.4669890718042086e-06, 'learning_rate': 0.24187796922543256}. Best is trial 3 with value: 48745669.870724514.
Training until validation scores don't improve for 20 rounds
Early stopping, best iteration is:
[1]	train's l2: 3.03384e+08	eval's l2: 1.14935e+07
Saved Losses
{'MSE - mean': 11493450.290545925, 'MSE - std': 0.0, 'R2 - mean': 0.4396380348266692, 'R2 - std': 0.0} 
 

Training until validation scores don't improve for 20 rounds
[100]	train's l2: 6.46663e+07	eval's l2: 2.27157e+08
Did not meet early stopping. Best iteration is:
[100]	train's l2: 6.46663e+07	eval's l2: 2.27157e+08
Saved Losses
{'MSE - mean': 119325219.97866145, 'MSE - std': 107831769.68811552, 'R2 - mean': 0.5379056595561174, 'R2 - std': 0.09826762472944811} 
 

Training until validation scores don't improve for 20 rounds
Early stopping, best iteration is:
[1]	train's l2: 3.02787e+08	eval's l2: 1.34247e+07
Saved Losses
{'MSE - mean': 84025058.24272513, 'MSE - std': 101212630.3377221, 'R2 - mean': 0.51498897095287, 'R2 - std': 0.08653342290538096} 
 

Training until validation scores don't improve for 20 rounds
[100]	train's l2: 6.77688e+07	eval's l2: 2.36082e+08
Did not meet early stopping. Best iteration is:
[100]	train's l2: 6.77688e+07	eval's l2: 2.36082e+08
Saved Losses
{'MSE - mean': 122039250.21436381, 'MSE - std': 109627705.34258246, 'R2 - mean': 0.5414296152045363, 'R2 - std': 0.08782566803116647} 
 

Training until validation scores don't improve for 20 rounds
Early stopping, best iteration is:
[7]	train's l2: 2.59067e+08	eval's l2: 4.85428e+07
Saved Losses
{'MSE - mean': 107339966.16597044, 'MSE - std': 102366316.86783242, 'R2 - mean': 0.4851962053268707, 'R2 - std': 0.1371840512522307} 
 

Saving model.....
Results After CV: {'MSE - mean': 107339966.16597044, 'MSE - std': 102366316.86783242, 'R2 - mean': 0.4851962053268707, 'R2 - std': 0.1371840512522307}
Train time: 0.5116992159999996
Inference time: 0.01897922519999611
Finished cross validation
Hyperparam was saved!!! Hurrah!!!
Trial 35 finished with value: 107339966.16597044 and parameters: {'num_leaves': 32, 'lambda_l1': 1.713246618538832e-05, 'lambda_l2': 0.0001205696346055732, 'learning_rate': 0.28054776857257324}. Best is trial 3 with value: 48745669.870724514.
Training until validation scores don't improve for 20 rounds
Early stopping, best iteration is:
[42]	train's l2: 2.96352e+08	eval's l2: 1.09382e+07
Saved Losses
{'MSE - mean': 10938160.319465002, 'MSE - std': 0.0, 'R2 - mean': 0.4667111392095975, 'R2 - std': 0.0} 
 

Training until validation scores don't improve for 20 rounds
[100]	train's l2: 1.51226e+08	eval's l2: 5.48632e+08
Did not meet early stopping. Best iteration is:
[100]	train's l2: 1.51226e+08	eval's l2: 5.48632e+08
Saved Losses
{'MSE - mean': 279785315.9737858, 'MSE - std': 268847155.6543208, 'R2 - mean': 0.2939960971545867, 'R2 - std': 0.17271504205501081} 
 

Training until validation scores don't improve for 20 rounds
Early stopping, best iteration is:
[44]	train's l2: 2.94819e+08	eval's l2: 1.24176e+07
Saved Losses
{'MSE - mean': 190662754.27366292, 'MSE - std': 253123535.20945093, 'R2 - mean': 0.3656569854098201, 'R2 - std': 0.17365931104445337} 
 

Training until validation scores don't improve for 20 rounds
[100]	train's l2: 1.52618e+08	eval's l2: 5.52038e+08
Did not meet early stopping. Best iteration is:
[100]	train's l2: 1.52618e+08	eval's l2: 5.52038e+08
Saved Losses
{'MSE - mean': 281006521.1778734, 'MSE - std': 269331824.54553074, 'R2 - mean': 0.30254048771049813, 'R2 - std': 0.18592806157170355} 
 

Training until validation scores don't improve for 20 rounds
[100]	train's l2: 2.66291e+08	eval's l2: 4.96574e+07
Did not meet early stopping. Best iteration is:
[100]	train's l2: 2.66291e+08	eval's l2: 4.96574e+07
Saved Losses
{'MSE - mean': 234736692.82982928, 'MSE - std': 258060639.05960068, 'R2 - mean': 0.29068801047571036, 'R2 - std': 0.1679801182588392} 
 

Saving model.....
Results After CV: {'MSE - mean': 234736692.82982928, 'MSE - std': 258060639.05960068, 'R2 - mean': 0.29068801047571036, 'R2 - std': 0.1679801182588392}
Train time: 2.4778360664000045
Inference time: 0.025581819999990783
Finished cross validation
Hyperparam was saved!!! Hurrah!!!
Trial 36 finished with value: 234736692.82982928 and parameters: {'num_leaves': 134, 'lambda_l1': 1.3675301401580996e-06, 'lambda_l2': 1.231721730262269e-05, 'learning_rate': 0.010516122534474742}. Best is trial 3 with value: 48745669.870724514.
Training until validation scores don't improve for 20 rounds
Early stopping, best iteration is:
[1]	train's l2: 3.01959e+08	eval's l2: 1.16006e+07
Saved Losses
{'MSE - mean': 11600643.241235582, 'MSE - std': 0.0, 'R2 - mean': 0.4344118537424222, 'R2 - std': 0.0} 
 

Training until validation scores don't improve for 20 rounds
[100]	train's l2: 6.53418e+07	eval's l2: 2.26937e+08
Did not meet early stopping. Best iteration is:
[100]	train's l2: 6.53418e+07	eval's l2: 2.26937e+08
Saved Losses
{'MSE - mean': 119268786.9235184, 'MSE - std': 107668143.68228282, 'R2 - mean': 0.5354687981618079, 'R2 - std': 0.10105694441938573} 
 

Training until validation scores don't improve for 20 rounds
Early stopping, best iteration is:
[1]	train's l2: 3.01407e+08	eval's l2: 1.33375e+07
Saved Losses
{'MSE - mean': 83958350.9532447, 'MSE - std': 101103609.65933609, 'R2 - mean': 0.514514493431093, 'R2 - std': 0.08767270451562371} 
 

Training until validation scores don't improve for 20 rounds
[100]	train's l2: 6.74759e+07	eval's l2: 2.37533e+08
Did not meet early stopping. Best iteration is:
[100]	train's l2: 6.74759e+07	eval's l2: 2.37533e+08
Saved Losses
{'MSE - mean': 122351911.776164, 'MSE - std': 109948403.59277691, 'R2 - mean': 0.5404911184383379, 'R2 - std': 0.08825662852224735} 
 

Training until validation scores don't improve for 20 rounds
Early stopping, best iteration is:
[6]	train's l2: 2.59489e+08	eval's l2: 4.90743e+07
Saved Losses
{'MSE - mean': 107696385.7438323, 'MSE - std': 102616075.4229937, 'R2 - mean': 0.4828256643828913, 'R2 - std': 0.13975909397307357} 
 

Saving model.....
Results After CV: {'MSE - mean': 107696385.7438323, 'MSE - std': 102616075.4229937, 'R2 - mean': 0.4828256643828913, 'R2 - std': 0.13975909397307357}
Train time: 0.3135581335999859
Inference time: 0.013282584999979008
Finished cross validation
Hyperparam was saved!!! Hurrah!!!
Trial 37 finished with value: 107696385.7438323 and parameters: {'num_leaves': 14, 'lambda_l1': 6.539417129772994e-08, 'lambda_l2': 1.1848618705845028e-06, 'learning_rate': 0.29892358974528116}. Best is trial 3 with value: 48745669.870724514.
Training until validation scores don't improve for 20 rounds
Early stopping, best iteration is:
[30]	train's l2: 2.96757e+08	eval's l2: 1.09622e+07
Saved Losses
{'MSE - mean': 10962185.377646701, 'MSE - std': 0.0, 'R2 - mean': 0.4655398000141625, 'R2 - std': 0.0} 
 

Training until validation scores don't improve for 20 rounds
[100]	train's l2: 1.48774e+08	eval's l2: 5.38256e+08
Did not meet early stopping. Best iteration is:
[100]	train's l2: 1.48774e+08	eval's l2: 5.38256e+08
Saved Losses
{'MSE - mean': 274608942.21503407, 'MSE - std': 263646756.83738738, 'R2 - mean': 0.3017204229733988, 'R2 - std': 0.16381937704076371} 
 

Training until validation scores don't improve for 20 rounds
Early stopping, best iteration is:
[32]	train's l2: 2.94799e+08	eval's l2: 1.24488e+07
Saved Losses
{'MSE - mean': 187222213.86134228, 'MSE - std': 248218899.720869, 'R2 - mean': 0.37039626808833415, 'R2 - std': 0.16529953297126138} 
 

Training until validation scores don't improve for 20 rounds
[100]	train's l2: 1.50225e+08	eval's l2: 5.43346e+08
Did not meet early stopping. Best iteration is:
[100]	train's l2: 1.50225e+08	eval's l2: 5.43346e+08
Saved Losses
{'MSE - mean': 276253261.28856456, 'MSE - std': 264554434.57244116, 'R2 - mean': 0.30958548412226766, 'R2 - std': 0.17772677356012143} 
 

Training until validation scores don't improve for 20 rounds
[100]	train's l2: 2.61959e+08	eval's l2: 4.90809e+07
Did not meet early stopping. Best iteration is:
[100]	train's l2: 2.61959e+08	eval's l2: 4.90809e+07
Saved Losses
{'MSE - mean': 230818795.76527262, 'MSE - std': 253472684.3490321, 'R2 - mean': 0.2980808829739291, 'R2 - std': 0.16062026093367532} 
 

Saving model.....
Results After CV: {'MSE - mean': 230818795.76527262, 'MSE - std': 253472684.3490321, 'R2 - mean': 0.2980808829739291, 'R2 - std': 0.16062026093367532}
Train time: 1.4590572844000236
Inference time: 0.02029946040000823
Finished cross validation
Hyperparam was saved!!! Hurrah!!!
Trial 38 finished with value: 230818795.76527262 and parameters: {'num_leaves': 69, 'lambda_l1': 3.7652456221074203e-07, 'lambda_l2': 2.5476070183409674e-08, 'learning_rate': 0.01446282783807609}. Best is trial 3 with value: 48745669.870724514.
Training until validation scores don't improve for 20 rounds
Early stopping, best iteration is:
[3]	train's l2: 3.018e+08	eval's l2: 1.41709e+07
Saved Losses
{'MSE - mean': 14170885.532951994, 'MSE - std': 0.0, 'R2 - mean': 0.3090999599986852, 'R2 - std': 0.0} 
 

Training until validation scores don't improve for 20 rounds
[100]	train's l2: 1.25134e+08	eval's l2: 4.34593e+08
Did not meet early stopping. Best iteration is:
[100]	train's l2: 1.25134e+08	eval's l2: 4.34593e+08
Saved Losses
{'MSE - mean': 224382030.51769045, 'MSE - std': 210211144.98473847, 'R2 - mean': 0.30651620840617844, 'R2 - std': 0.002583751592506789} 
 

Training until validation scores don't improve for 20 rounds
Early stopping, best iteration is:
[3]	train's l2: 3.01282e+08	eval's l2: 1.59225e+07
Saved Losses
{'MSE - mean': 154895506.40129033, 'MSE - std': 197777411.209558, 'R2 - mean': 0.3278074575349545, 'R2 - std': 0.03018418615415038} 
 

Training until validation scores don't improve for 20 rounds
[100]	train's l2: 1.23434e+08	eval's l2: 4.28681e+08
Did not meet early stopping. Best iteration is:
[100]	train's l2: 1.23434e+08	eval's l2: 4.28681e+08
Saved Losses
{'MSE - mean': 223341992.69501227, 'MSE - std': 208306727.5592316, 'R2 - mean': 0.3236941231280034, 'R2 - std': 0.027093770135799222} 
 

Training until validation scores don't improve for 20 rounds
Early stopping, best iteration is:
[11]	train's l2: 2.64906e+08	eval's l2: 5.26209e+07
Saved Losses
{'MSE - mean': 189197779.4517986, 'MSE - std': 198435539.6322467, 'R2 - mean': 0.29857870257652747, 'R2 - std': 0.05577091806710035} 
 

Saving model.....
Results After CV: {'MSE - mean': 189197779.4517986, 'MSE - std': 198435539.6322467, 'R2 - mean': 0.29857870257652747, 'R2 - std': 0.05577091806710035}
Train time: 0.23549792259998412
Inference time: 0.01919489799998928
Finished cross validation
Hyperparam was saved!!! Hurrah!!!
Trial 39 finished with value: 189197779.4517986 and parameters: {'num_leaves': 3, 'lambda_l1': 0.0008866675884550724, 'lambda_l2': 4.5435210746620107e-08, 'learning_rate': 0.1292086169851088}. Best is trial 3 with value: 48745669.870724514.
Training until validation scores don't improve for 20 rounds
Early stopping, best iteration is:
[2]	train's l2: 2.99247e+08	eval's l2: 1.10141e+07
Saved Losses
{'MSE - mean': 11014098.552982656, 'MSE - std': 0.0, 'R2 - mean': 0.46300877858767475, 'R2 - std': 0.0} 
 

Training until validation scores don't improve for 20 rounds
[100]	train's l2: 9.13796e+07	eval's l2: 3.2073e+08
Did not meet early stopping. Best iteration is:
[100]	train's l2: 9.13796e+07	eval's l2: 3.2073e+08
Saved Losses
{'MSE - mean': 165872285.5375632, 'MSE - std': 154858186.98458055, 'R2 - mean': 0.4746548980709464, 'R2 - std': 0.011646119483271655} 
 

Training until validation scores don't improve for 20 rounds
Early stopping, best iteration is:
[2]	train's l2: 2.98735e+08	eval's l2: 1.26564e+07
Saved Losses
{'MSE - mean': 114800314.92541791, 'MSE - std': 145616154.37575328, 'R2 - mean': 0.4829493753813503, 'R2 - std': 0.015100268443023444} 
 

Training until validation scores don't improve for 20 rounds
[100]	train's l2: 9.31188e+07	eval's l2: 3.32759e+08
Did not meet early stopping. Best iteration is:
[100]	train's l2: 9.31188e+07	eval's l2: 3.32759e+08
Saved Losses
{'MSE - mean': 169289954.02737972, 'MSE - std': 157513207.76294774, 'R2 - mean': 0.47857374081603365, 'R2 - std': 0.015114632441316903} 
 

Training until validation scores don't improve for 20 rounds
Early stopping, best iteration is:
[8]	train's l2: 2.61234e+08	eval's l2: 4.90286e+07
Saved Losses
{'MSE - mean': 145237688.49384505, 'MSE - std': 148870327.48335537, 'R2 - mean': 0.43343090910059756, 'R2 - std': 0.09129218319342375} 
 

Saving model.....
Results After CV: {'MSE - mean': 145237688.49384505, 'MSE - std': 148870327.48335537, 'R2 - mean': 0.43343090910059756, 'R2 - std': 0.09129218319342375}
Train time: 4.582945734399994
Inference time: 0.04382190439999931
Finished cross validation
Hyperparam was saved!!! Hurrah!!!
Trial 40 finished with value: 145237688.49384505 and parameters: {'num_leaves': 1595, 'lambda_l1': 4.925767271460757e-05, 'lambda_l2': 0.0002403825400644399, 'learning_rate': 0.17817970706491476}. Best is trial 3 with value: 48745669.870724514.
Training until validation scores don't improve for 20 rounds
Early stopping, best iteration is:
[2]	train's l2: 2.93013e+08	eval's l2: 1.26504e+07
Saved Losses
{'MSE - mean': 12650420.95500814, 'MSE - std': 0.0, 'R2 - mean': 0.38323005125369225, 'R2 - std': 0.0} 
 

Training until validation scores don't improve for 20 rounds
[100]	train's l2: 8.50502e+07	eval's l2: 2.94023e+08
Did not meet early stopping. Best iteration is:
[100]	train's l2: 8.50502e+07	eval's l2: 2.94023e+08
Saved Losses
{'MSE - mean': 153336897.25577673, 'MSE - std': 140686476.30076858, 'R2 - mean': 0.45615328944765393, 'R2 - std': 0.07292323819396168} 
 

Training until validation scores don't improve for 20 rounds
Early stopping, best iteration is:
[2]	train's l2: 2.92672e+08	eval's l2: 1.39922e+07
Saved Losses
{'MSE - mean': 106888662.96771204, 'MSE - std': 132325356.65135781, 'R2 - mean': 0.4530078448390891, 'R2 - std': 0.05970751004717312} 
 

Training until validation scores don't improve for 20 rounds
[100]	train's l2: 8.56278e+07	eval's l2: 2.92343e+08
Did not meet early stopping. Best iteration is:
[100]	train's l2: 8.56278e+07	eval's l2: 2.92343e+08
Saved Losses
{'MSE - mean': 153252153.8797834, 'MSE - std': 139932912.06268436, 'R2 - mean': 0.4723490395412343, 'R2 - std': 0.06161156956728032} 
 

Training until validation scores don't improve for 20 rounds
Early stopping, best iteration is:
[8]	train's l2: 2.59816e+08	eval's l2: 4.89892e+07
Saved Losses
{'MSE - mean': 132399562.88978831, 'MSE - std': 131925350.50799924, 'R2 - mean': 0.4285713139048191, 'R2 - std': 0.10345407411612188} 
 

Saving model.....
Results After CV: {'MSE - mean': 132399562.88978831, 'MSE - std': 131925350.50799924, 'R2 - mean': 0.4285713139048191, 'R2 - std': 0.10345407411612188}
Train time: 0.2208321058000024
Inference time: 0.01313606980000941
Finished cross validation
Hyperparam was saved!!! Hurrah!!!
Trial 41 finished with value: 132399562.88978831 and parameters: {'num_leaves': 6, 'lambda_l1': 1.0681267865185853e-05, 'lambda_l2': 2.8712639074471765e-07, 'learning_rate': 0.23715919904412264}. Best is trial 3 with value: 48745669.870724514.
Training until validation scores don't improve for 20 rounds
Early stopping, best iteration is:
[8]	train's l2: 2.95453e+08	eval's l2: 9.36458e+06
Saved Losses
{'MSE - mean': 9364584.926639091, 'MSE - std': 0.0, 'R2 - mean': 0.5434306426817304, 'R2 - std': 0.0} 
 

Training until validation scores don't improve for 20 rounds
[100]	train's l2: 1.31894e+08	eval's l2: 4.70347e+08
Did not meet early stopping. Best iteration is:
[100]	train's l2: 1.31894e+08	eval's l2: 4.70347e+08
Saved Losses
{'MSE - mean': 239855670.32273284, 'MSE - std': 230491085.39609376, 'R2 - mean': 0.39504913195539243, 'R2 - std': 0.14838151072633793} 
 

Training until validation scores don't improve for 20 rounds
Early stopping, best iteration is:
[9]	train's l2: 2.92457e+08	eval's l2: 1.07957e+07
Saved Losses
{'MSE - mean': 163502331.79915395, 'MSE - std': 216972559.4910688, 'R2 - mean': 0.4544045446011981, 'R2 - std': 0.14739124297029305} 
 

Training until validation scores don't improve for 20 rounds
[100]	train's l2: 1.33563e+08	eval's l2: 4.79602e+08
Did not meet early stopping. Best iteration is:
[100]	train's l2: 1.33563e+08	eval's l2: 4.79602e+08
Saved Losses
{'MSE - mean': 242527304.15279633, 'MSE - std': 232470766.86233234, 'R2 - mean': 0.3981918010977874, 'R2 - std': 0.1605389406804053} 
 

Training until validation scores don't improve for 20 rounds
Early stopping, best iteration is:
[26]	train's l2: 2.61835e+08	eval's l2: 4.82854e+07
Saved Losses
{'MSE - mean': 203678930.89127815, 'MSE - std': 221970516.90869594, 'R2 - mean': 0.37139042660665206, 'R2 - std': 0.15326922678178315} 
 

Saving model.....
Results After CV: {'MSE - mean': 203678930.89127815, 'MSE - std': 221970516.90869594, 'R2 - mean': 0.37139042660665206, 'R2 - std': 0.15326922678178315}
Train time: 0.631290080000008
Inference time: 0.019250847799992244
Finished cross validation
Hyperparam was saved!!! Hurrah!!!
Trial 42 finished with value: 203678930.89127815 and parameters: {'num_leaves': 29, 'lambda_l1': 0.000316782614216667, 'lambda_l2': 8.225031430259563, 'learning_rate': 0.06981221644226207}. Best is trial 3 with value: 48745669.870724514.
Training until validation scores don't improve for 20 rounds
Early stopping, best iteration is:
[2]	train's l2: 2.90825e+08	eval's l2: 1.14509e+07
Saved Losses
{'MSE - mean': 11450917.971561296, 'MSE - std': 0.0, 'R2 - mean': 0.4417116935842321, 'R2 - std': 0.0} 
 

Training until validation scores don't improve for 20 rounds
[100]	train's l2: 7.19593e+07	eval's l2: 2.53635e+08
Did not meet early stopping. Best iteration is:
[100]	train's l2: 7.19593e+07	eval's l2: 2.53635e+08
Saved Losses
{'MSE - mean': 132542979.57438911, 'MSE - std': 121092061.60282782, 'R2 - mean': 0.5177381611840939, 'R2 - std': 0.07602646759986181} 
 

Training until validation scores don't improve for 20 rounds
Early stopping, best iteration is:
[2]	train's l2: 2.90479e+08	eval's l2: 1.28039e+07
Saved Losses
{'MSE - mean': 92629945.69611418, 'MSE - std': 113849134.68659015, 'R2 - mean': 0.5097273336116631, 'R2 - std': 0.0631006806666853} 
 

Training until validation scores don't improve for 20 rounds
[100]	train's l2: 7.48588e+07	eval's l2: 2.64893e+08
Did not meet early stopping. Best iteration is:
[100]	train's l2: 7.48588e+07	eval's l2: 2.64893e+08
Saved Losses
{'MSE - mean': 135695621.30852002, 'MSE - std': 123633233.19206251, 'R2 - mean': 0.5259127595153172, 'R2 - std': 0.06141804262997379} 
 

Training until validation scores don't improve for 20 rounds
Early stopping, best iteration is:
[7]	train's l2: 2.59701e+08	eval's l2: 4.87256e+07
Saved Losses
{'MSE - mean': 118301622.68201871, 'MSE - std': 115923879.47482279, 'R2 - mean': 0.4722255934955507, 'R2 - std': 0.12061089482021807} 
 

Saving model.....
Results After CV: {'MSE - mean': 118301622.68201871, 'MSE - std': 115923879.47482279, 'R2 - mean': 0.4722255934955507, 'R2 - std': 0.12061089482021807}
Train time: 0.6962154811999994
Inference time: 0.013686931400002322
Finished cross validation
Hyperparam was saved!!! Hurrah!!!
