Trial 222 finished with value: 3.1899513894777614 and parameters: {'num_leaves': 1804, 'lambda_l1': 0.22800439523695168, 'lambda_l2': 4.0994450990721056e-08, 'learning_rate': 0.04244776190341932}. Best is trial 175 with value: 3.0347291833074177.
Training until validation scores don't improve for 20 rounds
[100]	train's l2: 1.35789	eval's l2: 3.35742
Did not meet early stopping. Best iteration is:
[100]	train's l2: 1.35789	eval's l2: 3.35742
Saved Losses
{'MSE - mean': 3.357416672560107, 'MSE - std': 0.0, 'R2 - mean': 0.567778352364039, 'R2 - std': 0.0} 
 

Training until validation scores don't improve for 20 rounds
[100]	train's l2: 1.33089	eval's l2: 3.42122
Did not meet early stopping. Best iteration is:
[100]	train's l2: 1.33089	eval's l2: 3.42122
Saved Losses
{'MSE - mean': 3.3893202093981096, 'MSE - std': 0.03190353683800273, 'R2 - mean': 0.554121383036097, 'R2 - std': 0.013656969327941915} 
 

Training until validation scores don't improve for 20 rounds
[100]	train's l2: 1.3565	eval's l2: 3.0647
Did not meet early stopping. Best iteration is:
[100]	train's l2: 1.3565	eval's l2: 3.0647
Saved Losses
{'MSE - mean': 3.281112265412068, 'MSE - std': 0.15523039454916163, 'R2 - mean': 0.560995798738206, 'R2 - std': 0.01479381819005394} 
 

Training until validation scores don't improve for 20 rounds
[100]	train's l2: 1.39571	eval's l2: 2.80155
Did not meet early stopping. Best iteration is:
[100]	train's l2: 1.39571	eval's l2: 2.80155
Saved Losses
{'MSE - mean': 3.161222743200625, 'MSE - std': 0.2473718843203098, 'R2 - mean': 0.5679756245374501, 'R2 - std': 0.017615240476463925} 
 

Training until validation scores don't improve for 20 rounds
[100]	train's l2: 1.36847	eval's l2: 3.25672
Did not meet early stopping. Best iteration is:
[100]	train's l2: 1.36847	eval's l2: 3.25672
Saved Losses
{'MSE - mean': 3.180323050549574, 'MSE - std': 0.22452965569171898, 'R2 - mean': 0.5685219383121366, 'R2 - std': 0.015793390788446014} 
 

Saving model.....
Results After CV: {'MSE - mean': 3.180323050549574, 'MSE - std': 0.22452965569171898, 'R2 - mean': 0.5685219383121366, 'R2 - std': 0.015793390788446014}
Train time: 97.30563899660046
Inference time: 4.869466505199307
Finished cross validation
Hyperparam was saved!!! Hurrah!!!
Trial 223 finished with value: 3.180323050549574 and parameters: {'num_leaves': 2626, 'lambda_l1': 0.13503392654218296, 'lambda_l2': 1.0254758981379867e-08, 'learning_rate': 0.03890857761211156}. Best is trial 175 with value: 3.0347291833074177.
Training until validation scores don't improve for 20 rounds
[100]	train's l2: 1.247	eval's l2: 3.34256
Did not meet early stopping. Best iteration is:
[100]	train's l2: 1.247	eval's l2: 3.34256
Saved Losses
{'MSE - mean': 3.3425613274878314, 'MSE - std': 0.0, 'R2 - mean': 0.5696907756196379, 'R2 - std': 0.0} 
 

Training until validation scores don't improve for 20 rounds
[100]	train's l2: 1.23281	eval's l2: 3.40156
Did not meet early stopping. Best iteration is:
[100]	train's l2: 1.23281	eval's l2: 3.40156
Saved Losses
{'MSE - mean': 3.372060613351808, 'MSE - std': 0.02949928586397621, 'R2 - mean': 0.5563982094701017, 'R2 - std': 0.013292566149536222} 
 

Training until validation scores don't improve for 20 rounds
[100]	train's l2: 1.2428	eval's l2: 3.08383
Did not meet early stopping. Best iteration is:
[100]	train's l2: 1.2428	eval's l2: 3.08383
Saved Losses
{'MSE - mean': 3.2759827918085143, 'MSE - std': 0.1379928772171459, 'R2 - mean': 0.5616288250388849, 'R2 - std': 0.013134441557091802} 
 

Training until validation scores don't improve for 20 rounds
[100]	train's l2: 1.28025	eval's l2: 2.80305
Did not meet early stopping. Best iteration is:
[100]	train's l2: 1.28025	eval's l2: 2.80305
Saved Losses
{'MSE - mean': 3.157748981332558, 'MSE - std': 0.23710594138695187, 'R2 - mean': 0.5683956118825467, 'R2 - std': 0.016332586409542063} 
 

Training until validation scores don't improve for 20 rounds
[100]	train's l2: 1.25026	eval's l2: 3.19395
Did not meet early stopping. Best iteration is:
[100]	train's l2: 1.25026	eval's l2: 3.19395
Saved Losses
{'MSE - mean': 3.1649888755212054, 'MSE - std': 0.2125677450231934, 'R2 - mean': 0.5705129170008794, 'R2 - std': 0.01520968858710121} 
 

Saving model.....
Results After CV: {'MSE - mean': 3.1649888755212054, 'MSE - std': 0.2125677450231934, 'R2 - mean': 0.5705129170008794, 'R2 - std': 0.01520968858710121}
Train time: 59.15224951960008
Inference time: 4.099212021199856
Finished cross validation
Hyperparam was saved!!! Hurrah!!!
Trial 224 finished with value: 3.1649888755212054 and parameters: {'num_leaves': 1449, 'lambda_l1': 0.11152308030495153, 'lambda_l2': 2.7192019887091083e-08, 'learning_rate': 0.049422527503120935}. Best is trial 175 with value: 3.0347291833074177.
Training until validation scores don't improve for 20 rounds
[100]	train's l2: 1.23988	eval's l2: 3.36823
Did not meet early stopping. Best iteration is:
[100]	train's l2: 1.23988	eval's l2: 3.36823
Saved Losses
{'MSE - mean': 3.3682344028092692, 'MSE - std': 0.0, 'R2 - mean': 0.5663857169994182, 'R2 - std': 0.0} 
 

Training until validation scores don't improve for 20 rounds
[100]	train's l2: 1.22647	eval's l2: 3.3891
Did not meet early stopping. Best iteration is:
[100]	train's l2: 1.22647	eval's l2: 3.3891
Saved Losses
{'MSE - mean': 3.378667563573031, 'MSE - std': 0.010433160763761995, 'R2 - mean': 0.5555824325412163, 'R2 - std': 0.01080328445820189} 
 

Training until validation scores don't improve for 20 rounds
[100]	train's l2: 1.24536	eval's l2: 3.1307
Did not meet early stopping. Best iteration is:
[100]	train's l2: 1.24536	eval's l2: 3.1307
Saved Losses
{'MSE - mean': 3.296013109127506, 'MSE - std': 0.11720104482635645, 'R2 - mean': 0.5589167635482585, 'R2 - std': 0.010002141266695347} 
 

Training until validation scores don't improve for 20 rounds
[100]	train's l2: 1.28421	eval's l2: 2.79937
Did not meet early stopping. Best iteration is:
[100]	train's l2: 1.28421	eval's l2: 2.79937
Saved Losses
{'MSE - mean': 3.1718526828088516, 'MSE - std': 0.23780138366330533, 'R2 - mean': 0.5664964202087295, 'R2 - std': 0.01572849985570981} 
 

Training until validation scores don't improve for 20 rounds
[100]	train's l2: 1.24703	eval's l2: 3.22109
Did not meet early stopping. Best iteration is:
[100]	train's l2: 1.24703	eval's l2: 3.22109
Saved Losses
{'MSE - mean': 3.181700294436018, 'MSE - std': 0.2136059462580198, 'R2 - mean': 0.5682779986782209, 'R2 - std': 0.014512224279574533} 
 

Saving model.....
Results After CV: {'MSE - mean': 3.181700294436018, 'MSE - std': 0.2136059462580198, 'R2 - mean': 0.5682779986782209, 'R2 - std': 0.014512224279574533}
Train time: 83.64328660940009
Inference time: 4.694512189599846
Finished cross validation
Hyperparam was saved!!! Hurrah!!!
Trial 225 finished with value: 3.181700294436018 and parameters: {'num_leaves': 2276, 'lambda_l1': 0.3534697988698793, 'lambda_l2': 7.196417721159816e-08, 'learning_rate': 0.044559531904896844}. Best is trial 175 with value: 3.0347291833074177.
Training until validation scores don't improve for 20 rounds
[100]	train's l2: 1.39559	eval's l2: 3.35889
Did not meet early stopping. Best iteration is:
[100]	train's l2: 1.39559	eval's l2: 3.35889
Saved Losses
{'MSE - mean': 3.35889405798702, 'MSE - std': 0.0, 'R2 - mean': 0.5675881591215283, 'R2 - std': 0.0} 
 

Training until validation scores don't improve for 20 rounds
[100]	train's l2: 1.36575	eval's l2: 3.40412
Did not meet early stopping. Best iteration is:
[100]	train's l2: 1.36575	eval's l2: 3.40412
Saved Losses
{'MSE - mean': 3.3815059620190064, 'MSE - std': 0.02261190403198654, 'R2 - mean': 0.5551751093599291, 'R2 - std': 0.012413049761599237} 
 

Training until validation scores don't improve for 20 rounds
[100]	train's l2: 1.40054	eval's l2: 3.11536
Did not meet early stopping. Best iteration is:
[100]	train's l2: 1.40054	eval's l2: 3.11536
Saved Losses
{'MSE - mean': 3.2927917561656472, 'MSE - std': 0.1268120109046675, 'R2 - mean': 0.5593547773072475, 'R2 - std': 0.011732935888158668} 
 

Training until validation scores don't improve for 20 rounds
[100]	train's l2: 1.43914	eval's l2: 2.79919
Did not meet early stopping. Best iteration is:
[100]	train's l2: 1.43914	eval's l2: 2.79919
Saved Losses
{'MSE - mean': 3.1693921256391624, 'MSE - std': 0.2402985039996776, 'R2 - mean': 0.5668314664457736, 'R2 - std': 0.016460527933185896} 
 

Training until validation scores don't improve for 20 rounds
[100]	train's l2: 1.39712	eval's l2: 3.25001
Did not meet early stopping. Best iteration is:
[100]	train's l2: 1.39712	eval's l2: 3.25001
Saved Losses
{'MSE - mean': 3.1855147832933572, 'MSE - std': 0.21733489636715936, 'R2 - mean': 0.5677837444794138, 'R2 - std': 0.014845420764827399} 
 

Saving model.....
Results After CV: {'MSE - mean': 3.1855147832933572, 'MSE - std': 0.21733489636715936, 'R2 - mean': 0.5677837444794138, 'R2 - std': 0.014845420764827399}
Train time: 124.51327351400032
Inference time: 5.409927330400388
Finished cross validation
Hyperparam was saved!!! Hurrah!!!
Trial 226 finished with value: 3.1855147832933572 and parameters: {'num_leaves': 3598, 'lambda_l1': 0.4795241251055284, 'lambda_l2': 1.7463990562745298e-08, 'learning_rate': 0.03601552981530753}. Best is trial 175 with value: 3.0347291833074177.
Training until validation scores don't improve for 20 rounds
[100]	train's l2: 1.34524	eval's l2: 3.37511
Did not meet early stopping. Best iteration is:
[100]	train's l2: 1.34524	eval's l2: 3.37511
Saved Losses
{'MSE - mean': 3.3751051730648203, 'MSE - std': 0.0, 'R2 - mean': 0.5655011989517618, 'R2 - std': 0.0} 
 

Training until validation scores don't improve for 20 rounds
[100]	train's l2: 1.33657	eval's l2: 3.40457
Did not meet early stopping. Best iteration is:
[100]	train's l2: 1.33657	eval's l2: 3.40457
Saved Losses
{'MSE - mean': 3.3898353136069677, 'MSE - std': 0.014730140542147163, 'R2 - mean': 0.5541015694668683, 'R2 - std': 0.011399629484893425} 
 

Training until validation scores don't improve for 20 rounds
[100]	train's l2: 1.35787	eval's l2: 3.12507
Did not meet early stopping. Best iteration is:
[100]	train's l2: 1.35787	eval's l2: 3.12507
Saved Losses
{'MSE - mean': 3.301579905112615, 'MSE - std': 0.12539013365201807, 'R2 - mean': 0.5581901630534053, 'R2 - std': 0.010957534544487823} 
 

Training until validation scores don't improve for 20 rounds
[100]	train's l2: 1.39062	eval's l2: 2.80688
Did not meet early stopping. Best iteration is:
[100]	train's l2: 1.39062	eval's l2: 2.80688
Saved Losses
{'MSE - mean': 3.177904095315803, 'MSE - std': 0.24016480175005872, 'R2 - mean': 0.5656761494529419, 'R2 - std': 0.01606768961588351} 
 

Training until validation scores don't improve for 20 rounds
[100]	train's l2: 1.35838	eval's l2: 3.26052
Did not meet early stopping. Best iteration is:
[100]	train's l2: 1.35838	eval's l2: 3.26052
Saved Losses
{'MSE - mean': 3.194427401190051, 'MSE - std': 0.21733702893840215, 'R2 - mean': 0.5665822734139555, 'R2 - std': 0.014485191134561821} 
 

Saving model.....
Results After CV: {'MSE - mean': 3.194427401190051, 'MSE - std': 0.21733702893840215, 'R2 - mean': 0.5665822734139555, 'R2 - std': 0.014485191134561821}
Train time: 75.96408249359993
Inference time: 4.533659695999813
Finished cross validation
Hyperparam was saved!!! Hurrah!!!
Trial 227 finished with value: 3.194427401190051 and parameters: {'num_leaves': 1937, 'lambda_l1': 0.20532979918595357, 'lambda_l2': 4.1466471462761294e-08, 'learning_rate': 0.04169823276610332}. Best is trial 175 with value: 3.0347291833074177.
Training until validation scores don't improve for 20 rounds
[100]	train's l2: 1.54701	eval's l2: 3.35656
Did not meet early stopping. Best iteration is:
[100]	train's l2: 1.54701	eval's l2: 3.35656
Saved Losses
{'MSE - mean': 3.35655862509769, 'MSE - std': 0.0, 'R2 - mean': 0.5678888142828669, 'R2 - std': 0.0} 
 

Training until validation scores don't improve for 20 rounds
[100]	train's l2: 1.53205	eval's l2: 3.42087
Did not meet early stopping. Best iteration is:
[100]	train's l2: 1.53205	eval's l2: 3.42087
Saved Losses
{'MSE - mean': 3.3887166991237994, 'MSE - std': 0.03215807402610915, 'R2 - mean': 0.5542000508654242, 'R2 - std': 0.013688763417442629} 
 

Training until validation scores don't improve for 20 rounds
[100]	train's l2: 1.56602	eval's l2: 3.10282
Did not meet early stopping. Best iteration is:
[100]	train's l2: 1.56602	eval's l2: 3.10282
Saved Losses
{'MSE - mean': 3.2934175703994257, 'MSE - std': 0.1373072310111956, 'R2 - mean': 0.5592849389900402, 'R2 - std': 0.013290360055777118} 
 

Training until validation scores don't improve for 20 rounds
[100]	train's l2: 1.60359	eval's l2: 2.80895
Did not meet early stopping. Best iteration is:
[100]	train's l2: 1.60359	eval's l2: 2.80895
Saved Losses
{'MSE - mean': 3.172301402575264, 'MSE - std': 0.24113758539722346, 'R2 - mean': 0.5664210676004099, 'R2 - std': 0.016889293870389004} 
 

Training until validation scores don't improve for 20 rounds
[100]	train's l2: 1.56445	eval's l2: 3.27047
Did not meet early stopping. Best iteration is:
[100]	train's l2: 1.56445	eval's l2: 3.27047
Saved Losses
{'MSE - mean': 3.1919355792345465, 'MSE - std': 0.2192256181319014, 'R2 - mean': 0.5669158475849713, 'R2 - std': 0.01513862037587236} 
 

Saving model.....
Results After CV: {'MSE - mean': 3.1919355792345465, 'MSE - std': 0.2192256181319014, 'R2 - mean': 0.5669158475849713, 'R2 - std': 0.01513862037587236}
Train time: 101.53462784879994
Inference time: 4.670955212199624
Finished cross validation
Hyperparam was saved!!! Hurrah!!!
Trial 228 finished with value: 3.1919355792345465 and parameters: {'num_leaves': 2760, 'lambda_l1': 0.05034238982803655, 'lambda_l2': 2.606654869506951e-08, 'learning_rate': 0.03258200139598277}. Best is trial 175 with value: 3.0347291833074177.
Training until validation scores don't improve for 20 rounds
[100]	train's l2: 1.34397	eval's l2: 3.37651
Did not meet early stopping. Best iteration is:
[100]	train's l2: 1.34397	eval's l2: 3.37651
Saved Losses
{'MSE - mean': 3.376507556710335, 'MSE - std': 0.0, 'R2 - mean': 0.565320661166614, 'R2 - std': 0.0} 
 

Training until validation scores don't improve for 20 rounds
[100]	train's l2: 1.32127	eval's l2: 3.397
Did not meet early stopping. Best iteration is:
[100]	train's l2: 1.32127	eval's l2: 3.397
Saved Losses
{'MSE - mean': 3.386756015376842, 'MSE - std': 0.010248458666507254, 'R2 - mean': 0.554519092476193, 'R2 - std': 0.010801568690420926} 
 

Training until validation scores don't improve for 20 rounds
[100]	train's l2: 1.34779	eval's l2: 3.10206
Did not meet early stopping. Best iteration is:
[100]	train's l2: 1.34779	eval's l2: 3.10206
Saved Losses
{'MSE - mean': 3.2918587862534903, 'MSE - std': 0.13446556731721057, 'R2 - mean': 0.5595325538115128, 'R2 - std': 0.011316014311765443} 
 

Training until validation scores don't improve for 20 rounds
[100]	train's l2: 1.37375	eval's l2: 2.80331
Did not meet early stopping. Best iteration is:
[100]	train's l2: 1.37375	eval's l2: 2.80331
Saved Losses
{'MSE - mean': 3.1697209260883743, 'MSE - std': 0.24148232285737772, 'R2 - mean': 0.5668138782086898, 'R2 - std': 0.015971605738272995} 
 

Training until validation scores don't improve for 20 rounds
[100]	train's l2: 1.35019	eval's l2: 3.24298
Did not meet early stopping. Best iteration is:
[100]	train's l2: 1.35019	eval's l2: 3.24298
Saved Losses
{'MSE - mean': 3.184373518526824, 'MSE - std': 0.21796734540463877, 'R2 - mean': 0.5679547856882856, 'R2 - std': 0.014466527966138211} 
 

Saving model.....
Results After CV: {'MSE - mean': 3.184373518526824, 'MSE - std': 0.21796734540463877, 'R2 - mean': 0.5679547856882856, 'R2 - std': 0.014466527966138211}
Train time: 90.62899846459986
Inference time: 4.822290576599698
Finished cross validation
Hyperparam was saved!!! Hurrah!!!
Trial 229 finished with value: 3.184373518526824 and parameters: {'num_leaves': 2370, 'lambda_l1': 0.08453874488444756, 'lambda_l2': 1.0152591737942225e-07, 'learning_rate': 0.040162441961214324}. Best is trial 175 with value: 3.0347291833074177.
Training until validation scores don't improve for 20 rounds
[100]	train's l2: 1.15659	eval's l2: 3.36674
Did not meet early stopping. Best iteration is:
[100]	train's l2: 1.15659	eval's l2: 3.36674
Saved Losses
{'MSE - mean': 3.366742436314921, 'MSE - std': 0.0, 'R2 - mean': 0.5665777873556761, 'R2 - std': 0.0} 
 

Training until validation scores don't improve for 20 rounds
[100]	train's l2: 1.14633	eval's l2: 3.39157
Did not meet early stopping. Best iteration is:
[100]	train's l2: 1.14633	eval's l2: 3.39157
Saved Losses
{'MSE - mean': 3.379158068885145, 'MSE - std': 0.012415632570224266, 'R2 - mean': 0.5555123837280072, 'R2 - std': 0.011065403627668946} 
 

Training until validation scores don't improve for 20 rounds
[100]	train's l2: 1.15838	eval's l2: 3.07185
Did not meet early stopping. Best iteration is:
[100]	train's l2: 1.15838	eval's l2: 3.07185
Saved Losses
{'MSE - mean': 3.276723696062073, 'MSE - std': 0.14521834167690886, 'R2 - mean': 0.5615920261497089, 'R2 - std': 0.012472083850757707} 
 

Training until validation scores don't improve for 20 rounds
[100]	train's l2: 1.19012	eval's l2: 2.78421
Did not meet early stopping. Best iteration is:
[100]	train's l2: 1.19012	eval's l2: 2.78421
Saved Losses
{'MSE - mean': 3.153594729249581, 'MSE - std': 0.24758534382002279, 'R2 - mean': 0.569059122394151, 'R2 - std': 0.016850437254164477} 
 

Training until validation scores don't improve for 20 rounds
[100]	train's l2: 1.17744	eval's l2: 3.24155
Did not meet early stopping. Best iteration is:
[100]	train's l2: 1.17744	eval's l2: 3.24155
Saved Losses
{'MSE - mean': 3.1711850269951958, 'MSE - std': 0.2242241652425104, 'R2 - mean': 0.5697888830182938, 'R2 - std': 0.015141994280788251} 
 

Saving model.....
Results After CV: {'MSE - mean': 3.1711850269951958, 'MSE - std': 0.2242241652425104, 'R2 - mean': 0.5697888830182938, 'R2 - std': 0.015141994280788251}
Train time: 66.18396810580016
Inference time: 4.280382987800112
Finished cross validation
Hyperparam was saved!!! Hurrah!!!
Trial 230 finished with value: 3.1711850269951958 and parameters: {'num_leaves': 1646, 'lambda_l1': 0.03492935636020559, 'lambda_l2': 5.780221583213131e-08, 'learning_rate': 0.05181634876996784}. Best is trial 175 with value: 3.0347291833074177.
Training until validation scores don't improve for 20 rounds
[100]	train's l2: 1.60563	eval's l2: 3.37448
Did not meet early stopping. Best iteration is:
[100]	train's l2: 1.60563	eval's l2: 3.37448
Saved Losses
{'MSE - mean': 3.3744804415760687, 'MSE - std': 0.0, 'R2 - mean': 0.5655816246181989, 'R2 - std': 0.0} 
 

Training until validation scores don't improve for 20 rounds
[100]	train's l2: 1.58443	eval's l2: 3.44353
Did not meet early stopping. Best iteration is:
[100]	train's l2: 1.58443	eval's l2: 3.44353
Saved Losses
{'MSE - mean': 3.409007187218679, 'MSE - std': 0.03452674564261038, 'R2 - mean': 0.5515246774218103, 'R2 - std': 0.014056947196388614} 
 

Training until validation scores don't improve for 20 rounds
[100]	train's l2: 1.61631	eval's l2: 3.13027
Did not meet early stopping. Best iteration is:
[100]	train's l2: 1.61631	eval's l2: 3.13027
Saved Losses
{'MSE - mean': 3.3160940951062514, 'MSE - std': 0.13438904772425184, 'R2 - mean': 0.5562317732154877, 'R2 - std': 0.013268208040641645} 
 

Training until validation scores don't improve for 20 rounds
[100]	train's l2: 1.65158	eval's l2: 2.82852
Did not meet early stopping. Best iteration is:
[100]	train's l2: 1.65158	eval's l2: 2.82852
Saved Losses
{'MSE - mean': 3.19420152453471, 'MSE - std': 0.24107822048618996, 'R2 - mean': 0.5634132607788613, 'R2 - std': 0.016933850693979294} 
 

Training until validation scores don't improve for 20 rounds
[100]	train's l2: 1.62901	eval's l2: 3.31111
Did not meet early stopping. Best iteration is:
[100]	train's l2: 1.62901	eval's l2: 3.31111
Saved Losses
{'MSE - mean': 3.2175828485154305, 'MSE - std': 0.2206393255034019, 'R2 - mean': 0.5634382997838617, 'R2 - std': 0.015146179296042686} 
 

Saving model.....
Results After CV: {'MSE - mean': 3.2175828485154305, 'MSE - std': 0.2206393255034019, 'R2 - mean': 0.5634382997838617, 'R2 - std': 0.015146179296042686}
Train time: 57.17354548920048
Inference time: 3.8327359382001305
Finished cross validation
Hyperparam was saved!!! Hurrah!!!
