Trial 213 finished with value: 3.1363225279488818 and parameters: {'num_leaves': 3029, 'lambda_l1': 0.003919830293861803, 'lambda_l2': 5.338931769241521e-08, 'learning_rate': 0.05515551472454082}. Best is trial 175 with value: 3.0347291833074177.
Training until validation scores don't improve for 20 rounds
[100]	train's l2: 1.46914	eval's l2: 3.34675
Did not meet early stopping. Best iteration is:
[100]	train's l2: 1.46914	eval's l2: 3.34675
Saved Losses
{'MSE - mean': 3.3467526370369205, 'MSE - std': 0.0, 'R2 - mean': 0.5691512016269711, 'R2 - std': 0.0} 
 

Training until validation scores don't improve for 20 rounds
[100]	train's l2: 1.44773	eval's l2: 3.3918
Did not meet early stopping. Best iteration is:
[100]	train's l2: 1.44773	eval's l2: 3.3918
Saved Losses
{'MSE - mean': 3.3692767570678877, 'MSE - std': 0.022524120030966932, 'R2 - mean': 0.5567838338532596, 'R2 - std': 0.012367367773711502} 
 

Training until validation scores don't improve for 20 rounds
[100]	train's l2: 1.48379	eval's l2: 3.12524
Did not meet early stopping. Best iteration is:
[100]	train's l2: 1.48379	eval's l2: 3.12524
Saved Losses
{'MSE - mean': 3.2879326494215726, 'MSE - std': 0.11649871967678471, 'R2 - mean': 0.559970229010006, 'R2 - std': 0.01105776131457148} 
 

Training until validation scores don't improve for 20 rounds
[100]	train's l2: 1.51981	eval's l2: 2.78759
Did not meet early stopping. Best iteration is:
[100]	train's l2: 1.51981	eval's l2: 2.78759
Saved Losses
{'MSE - mean': 3.1628471202631028, 'MSE - std': 0.23899400113666217, 'R2 - mean': 0.5677186846207656, 'R2 - std': 0.016487002669474417} 
 

Training until validation scores don't improve for 20 rounds
[100]	train's l2: 1.48672	eval's l2: 3.28335
Did not meet early stopping. Best iteration is:
[100]	train's l2: 1.48672	eval's l2: 3.28335
Saved Losses
{'MSE - mean': 3.186947494802683, 'MSE - std': 0.2191296836926499, 'R2 - mean': 0.5676144664867371, 'R2 - std': 0.01474789650412718} 
 

Saving model.....
Results After CV: {'MSE - mean': 3.186947494802683, 'MSE - std': 0.2191296836926499, 'R2 - mean': 0.5676144664867371, 'R2 - std': 0.01474789650412718}
Train time: 75.04876323040007
Inference time: 4.302000807600052
Finished cross validation
Hyperparam was saved!!! Hurrah!!!
Trial 214 finished with value: 3.186947494802683 and parameters: {'num_leaves': 1927, 'lambda_l1': 1.812763819016073e-05, 'lambda_l2': 2.2045177030871138e-08, 'learning_rate': 0.03737738041586674}. Best is trial 175 with value: 3.0347291833074177.
Training until validation scores don't improve for 20 rounds
[100]	train's l2: 1.30755	eval's l2: 3.3396
Did not meet early stopping. Best iteration is:
[100]	train's l2: 1.30755	eval's l2: 3.3396
Saved Losses
{'MSE - mean': 3.339604970577249, 'MSE - std': 0.0, 'R2 - mean': 0.5700713662878547, 'R2 - std': 0.0} 
 

Training until validation scores don't improve for 20 rounds
[100]	train's l2: 1.28891	eval's l2: 3.41292
Did not meet early stopping. Best iteration is:
[100]	train's l2: 1.28891	eval's l2: 3.41292
Saved Losses
{'MSE - mean': 3.3762622717517217, 'MSE - std': 0.036657301174472856, 'R2 - mean': 0.5558255944093052, 'R2 - std': 0.014245771878549474} 
 

Training until validation scores don't improve for 20 rounds
[100]	train's l2: 1.31321	eval's l2: 3.13321
Did not meet early stopping. Best iteration is:
[100]	train's l2: 1.31321	eval's l2: 3.13321
Saved Losses
{'MSE - mean': 3.29524525730478, 'MSE - std': 0.11842023368519304, 'R2 - mean': 0.5589629135684351, 'R2 - std': 0.01244910521374664} 
 

Training until validation scores don't improve for 20 rounds
[100]	train's l2: 1.35328	eval's l2: 2.79435
Did not meet early stopping. Best iteration is:
[100]	train's l2: 1.35328	eval's l2: 2.79435
Saved Losses
{'MSE - mean': 3.170020359048415, 'MSE - std': 0.23991944322937422, 'R2 - mean': 0.5667153951803853, 'R2 - std': 0.01722028103423632} 
 

Training until validation scores don't improve for 20 rounds
[100]	train's l2: 1.31314	eval's l2: 3.23969
Did not meet early stopping. Best iteration is:
[100]	train's l2: 1.31314	eval's l2: 3.23969
Saved Losses
{'MSE - mean': 3.1839535286249188, 'MSE - std': 0.21639224627833775, 'R2 - mean': 0.5679629375975457, 'R2 - std': 0.015603073782076461} 
 

Saving model.....
Results After CV: {'MSE - mean': 3.1839535286249188, 'MSE - std': 0.21639224627833775, 'R2 - mean': 0.5679629375975457, 'R2 - std': 0.015603073782076461}
Train time: 91.64739054479996
Inference time: 5.013203110999894
Finished cross validation
Hyperparam was saved!!! Hurrah!!!
Trial 215 finished with value: 3.1839535286249188 and parameters: {'num_leaves': 2473, 'lambda_l1': 0.10715681923057514, 'lambda_l2': 8.967058570568484e-08, 'learning_rate': 0.04108513629776499}. Best is trial 175 with value: 3.0347291833074177.
Training until validation scores don't improve for 20 rounds
[100]	train's l2: 1.17874	eval's l2: 3.34777
Did not meet early stopping. Best iteration is:
[100]	train's l2: 1.17874	eval's l2: 3.34777
Saved Losses
{'MSE - mean': 3.34777183854669, 'MSE - std': 0.0, 'R2 - mean': 0.5690199933204698, 'R2 - std': 0.0} 
 

Training until validation scores don't improve for 20 rounds
[100]	train's l2: 1.16138	eval's l2: 3.40488
Did not meet early stopping. Best iteration is:
[100]	train's l2: 1.16138	eval's l2: 3.40488
Saved Losses
{'MSE - mean': 3.376323729625999, 'MSE - std': 0.028551891079309, 'R2 - mean': 0.5558401360097881, 'R2 - std': 0.01317985731068172} 
 

Training until validation scores don't improve for 20 rounds
[100]	train's l2: 1.19136	eval's l2: 3.12389
Did not meet early stopping. Best iteration is:
[100]	train's l2: 1.19136	eval's l2: 3.12389
Saved Losses
{'MSE - mean': 3.2921807692693057, 'MSE - std': 0.12125819234720846, 'R2 - mean': 0.5594035196669084, 'R2 - std': 0.011882809656346017} 
 

Training until validation scores don't improve for 20 rounds
[100]	train's l2: 1.22795	eval's l2: 2.79172
Did not meet early stopping. Best iteration is:
[100]	train's l2: 1.22795	eval's l2: 2.79172
Saved Losses
{'MSE - mean': 3.167066512031523, 'MSE - std': 0.24080779472635533, 'R2 - mean': 0.5671420314873401, 'R2 - std': 0.016898359967215646} 
 

Training until validation scores don't improve for 20 rounds
[100]	train's l2: 1.18399	eval's l2: 3.21211
Did not meet early stopping. Best iteration is:
[100]	train's l2: 1.18399	eval's l2: 3.21211
Saved Losses
{'MSE - mean': 3.176075154205456, 'MSE - std': 0.2161373122254652, 'R2 - mean': 0.569031258524213, 'R2 - std': 0.01557948557728025} 
 

Saving model.....
Results After CV: {'MSE - mean': 3.176075154205456, 'MSE - std': 0.2161373122254652, 'R2 - mean': 0.569031258524213, 'R2 - std': 0.01557948557728025}
Train time: 108.15451355559962
Inference time: 5.36444900660008
Finished cross validation
Hyperparam was saved!!! Hurrah!!!
Trial 216 finished with value: 3.176075154205456 and parameters: {'num_leaves': 3107, 'lambda_l1': 0.4426660175847923, 'lambda_l2': 1.4203515179821925e-08, 'learning_rate': 0.04434897859601342}. Best is trial 175 with value: 3.0347291833074177.
Training until validation scores don't improve for 20 rounds
[100]	train's l2: 2.09961	eval's l2: 3.47505
Did not meet early stopping. Best iteration is:
[100]	train's l2: 2.09961	eval's l2: 3.47505
Saved Losses
{'MSE - mean': 3.475051998506471, 'MSE - std': 0.0, 'R2 - mean': 0.5526344070753058, 'R2 - std': 0.0} 
 

Training until validation scores don't improve for 20 rounds
[100]	train's l2: 2.06681	eval's l2: 3.53694
Did not meet early stopping. Best iteration is:
[100]	train's l2: 2.06681	eval's l2: 3.53694
Saved Losses
{'MSE - mean': 3.505996221350185, 'MSE - std': 0.03094422284371423, 'R2 - mean': 0.5387779308592547, 'R2 - std': 0.013856476216051017} 
 

Training until validation scores don't improve for 20 rounds
[100]	train's l2: 2.11486	eval's l2: 3.2604
Did not meet early stopping. Best iteration is:
[100]	train's l2: 2.11486	eval's l2: 3.2604
Saved Losses
{'MSE - mean': 3.424131167341437, 'MSE - std': 0.11849952498067093, 'R2 - mean': 0.5417148771663401, 'R2 - std': 0.012052078491781575} 
 

Training until validation scores don't improve for 20 rounds
[100]	train's l2: 2.15074	eval's l2: 2.88677
Did not meet early stopping. Best iteration is:
[100]	train's l2: 2.15074	eval's l2: 2.88677
Saved Losses
{'MSE - mean': 3.2897910716198666, 'MSE - std': 0.25430962825053594, 'R2 - mean': 0.5503888773946466, 'R2 - std': 0.018293558616655863} 
 

Training until validation scores don't improve for 20 rounds
[100]	train's l2: 2.10591	eval's l2: 3.36171
Did not meet early stopping. Best iteration is:
[100]	train's l2: 2.10591	eval's l2: 3.36171
Saved Losses
{'MSE - mean': 3.30417530190946, 'MSE - std': 0.22927349157902402, 'R2 - mean': 0.5516846938361277, 'R2 - std': 0.016566230424839266} 
 

Saving model.....
Results After CV: {'MSE - mean': 3.30417530190946, 'MSE - std': 0.22927349157902402, 'R2 - mean': 0.5516846938361277, 'R2 - std': 0.016566230424839266}
Train time: 15.135608791800042
Inference time: 1.4913443908000772
Finished cross validation
Hyperparam was saved!!! Hurrah!!!
Trial 217 finished with value: 3.30417530190946 and parameters: {'num_leaves': 170, 'lambda_l1': 0.15186681205329236, 'lambda_l2': 3.187611659586318e-08, 'learning_rate': 0.039645554201872504}. Best is trial 175 with value: 3.0347291833074177.
Training until validation scores don't improve for 20 rounds
[100]	train's l2: 1.46792	eval's l2: 3.37592
Did not meet early stopping. Best iteration is:
[100]	train's l2: 1.46792	eval's l2: 3.37592
Saved Losses
{'MSE - mean': 3.3759229800684554, 'MSE - std': 0.0, 'R2 - mean': 0.565395917443676, 'R2 - std': 0.0} 
 

Training until validation scores don't improve for 20 rounds
[100]	train's l2: 1.45138	eval's l2: 3.42928
Did not meet early stopping. Best iteration is:
[100]	train's l2: 1.45138	eval's l2: 3.42928
Saved Losses
{'MSE - mean': 3.4026020431101927, 'MSE - std': 0.026679063041737505, 'R2 - mean': 0.5523890370371941, 'R2 - std': 0.013006880406481902} 
 

Training until validation scores don't improve for 20 rounds
[100]	train's l2: 1.47854	eval's l2: 3.1296
Did not meet early stopping. Best iteration is:
[100]	train's l2: 1.47854	eval's l2: 3.1296
Saved Losses
{'MSE - mean': 3.3116022817879447, 'MSE - std': 0.13052366857369394, 'R2 - mean': 0.5568387783067107, 'R2 - std': 0.012344486758750212} 
 

Training until validation scores don't improve for 20 rounds
[100]	train's l2: 1.51577	eval's l2: 2.80229
Did not meet early stopping. Best iteration is:
[100]	train's l2: 1.51577	eval's l2: 2.80229
Saved Losses
{'MSE - mean': 3.184274027155481, 'MSE - std': 0.24782004423916232, 'R2 - mean': 0.5648308935530988, 'R2 - std': 0.017490325421139707} 
 

Training until validation scores don't improve for 20 rounds
[100]	train's l2: 1.49211	eval's l2: 3.26614
Did not meet early stopping. Best iteration is:
[100]	train's l2: 1.49211	eval's l2: 3.26614
Saved Losses
{'MSE - mean': 3.2006477070815285, 'MSE - std': 0.22406295775661558, 'R2 - mean': 0.5657578584684939, 'R2 - std': 0.015753293068034576} 
 

Saving model.....
Results After CV: {'MSE - mean': 3.2006477070815285, 'MSE - std': 0.22406295775661558, 'R2 - mean': 0.5657578584684939, 'R2 - std': 0.015753293068034576}
Train time: 80.5705133296
Inference time: 4.428880662799747
Finished cross validation
Hyperparam was saved!!! Hurrah!!!
Trial 218 finished with value: 3.2006477070815285 and parameters: {'num_leaves': 2177, 'lambda_l1': 0.30695222132194117, 'lambda_l2': 5.458351839923157e-08, 'learning_rate': 0.03659756779471942}. Best is trial 175 with value: 3.0347291833074177.
Training until validation scores don't improve for 20 rounds
Early stopping, best iteration is:
[74]	train's l2: 0.421072	eval's l2: 3.42626
Saved Losses
{'MSE - mean': 3.4262561683873827, 'MSE - std': 0.0, 'R2 - mean': 0.55891620529958, 'R2 - std': 0.0} 
 

Training until validation scores don't improve for 20 rounds
Early stopping, best iteration is:
[50]	train's l2: 0.640429	eval's l2: 3.43498
Saved Losses
{'MSE - mean': 3.430620356686507, 'MSE - std': 0.004364188299124772, 'R2 - mean': 0.548766140669812, 'R2 - std': 0.010150064629767974} 
 

Training until validation scores don't improve for 20 rounds
Early stopping, best iteration is:
[41]	train's l2: 0.812917	eval's l2: 3.1548
Saved Losses
{'MSE - mean': 3.3386813123701615, 'MSE - std': 0.13007026241976283, 'R2 - mean': 0.5532579137791205, 'R2 - std': 0.010441963065279353} 
 

Training until validation scores don't improve for 20 rounds
Early stopping, best iteration is:
[61]	train's l2: 0.544166	eval's l2: 2.81221
Saved Losses
{'MSE - mean': 3.207063634830022, 'MSE - std': 0.2542800503335642, 'R2 - mean': 0.5617812942613584, 'R2 - std': 0.017312422968131187} 
 

Training until validation scores don't improve for 20 rounds
Early stopping, best iteration is:
[75]	train's l2: 0.418214	eval's l2: 3.2785
Saved Losses
{'MSE - mean': 3.2213513529240836, 'MSE - std': 0.22922310256920747, 'R2 - mean': 0.5629923318256287, 'R2 - std': 0.015672984372807765} 
 

Saving model.....
Results After CV: {'MSE - mean': 3.2213513529240836, 'MSE - std': 0.22922310256920747, 'R2 - mean': 0.5629923318256287, 'R2 - std': 0.015672984372807765}
Train time: 55.7130039585998
Inference time: 2.57404922780006
Finished cross validation
Hyperparam was saved!!! Hurrah!!!
Trial 219 finished with value: 3.2213513529240836 and parameters: {'num_leaves': 1721, 'lambda_l1': 0.059115075672760274, 'lambda_l2': 2.0945211198645317e-08, 'learning_rate': 0.1878048023940137}. Best is trial 175 with value: 3.0347291833074177.
Training until validation scores don't improve for 20 rounds
[100]	train's l2: 2.40393	eval's l2: 3.52995
Did not meet early stopping. Best iteration is:
[100]	train's l2: 2.40393	eval's l2: 3.52995
Saved Losses
{'MSE - mean': 3.529953222890672, 'MSE - std': 0.0, 'R2 - mean': 0.5455666225329491, 'R2 - std': 0.0} 
 

Training until validation scores don't improve for 20 rounds
[100]	train's l2: 2.36832	eval's l2: 3.65102
Did not meet early stopping. Best iteration is:
[100]	train's l2: 2.36832	eval's l2: 3.65102
Saved Losses
{'MSE - mean': 3.590486861691787, 'MSE - std': 0.060533638801115064, 'R2 - mean': 0.5275824751470353, 'R2 - std': 0.017984147385913862} 
 

Training until validation scores don't improve for 20 rounds
[100]	train's l2: 2.42194	eval's l2: 3.35115
Did not meet early stopping. Best iteration is:
[100]	train's l2: 2.42194	eval's l2: 3.35115
Saved Losses
{'MSE - mean': 3.510708858731194, 'MSE - std': 0.12317443104704591, 'R2 - mean': 0.5300536858192471, 'R2 - std': 0.015094153476487356} 
 

Training until validation scores don't improve for 20 rounds
[100]	train's l2: 2.44445	eval's l2: 2.97942
Did not meet early stopping. Best iteration is:
[100]	train's l2: 2.44445	eval's l2: 2.97942
Saved Losses
{'MSE - mean': 3.377886932393462, 'MSE - std': 0.25358223063933333, 'R2 - mean': 0.5382442304545494, 'R2 - std': 0.01929067562703426} 
 

Training until validation scores don't improve for 20 rounds
[100]	train's l2: 2.42062	eval's l2: 3.45418
Did not meet early stopping. Best iteration is:
[100]	train's l2: 2.42062	eval's l2: 3.45418
Saved Losses
{'MSE - mean': 3.393146230150594, 'MSE - std': 0.22885485100600167, 'R2 - mean': 0.5395311143864182, 'R2 - std': 0.01744501114744191} 
 

Saving model.....
Results After CV: {'MSE - mean': 3.393146230150594, 'MSE - std': 0.22885485100600167, 'R2 - mean': 0.5395311143864182, 'R2 - std': 0.01744501114744191}
Train time: 10.144723391799925
Inference time: 1.1499198419995083
Finished cross validation
Hyperparam was saved!!! Hurrah!!!
Trial 220 finished with value: 3.393146230150594 and parameters: {'num_leaves': 62, 'lambda_l1': 0.08600073939993426, 'lambda_l2': 1.576871721684971e-07, 'learning_rate': 0.046503142216428886}. Best is trial 175 with value: 3.0347291833074177.
Training until validation scores don't improve for 20 rounds
[100]	train's l2: 1.34641	eval's l2: 3.37077
Did not meet early stopping. Best iteration is:
[100]	train's l2: 1.34641	eval's l2: 3.37077
Saved Losses
{'MSE - mean': 3.3707691619499838, 'MSE - std': 0.0, 'R2 - mean': 0.5660594012992808, 'R2 - std': 0.0} 
 

Training until validation scores don't improve for 20 rounds
[100]	train's l2: 1.32414	eval's l2: 3.37416
Did not meet early stopping. Best iteration is:
[100]	train's l2: 1.32414	eval's l2: 3.37416
Saved Losses
{'MSE - mean': 3.37246528459598, 'MSE - std': 0.0016961226459963896, 'R2 - mean': 0.5564225922683039, 'R2 - std': 0.009636809030976912} 
 

Training until validation scores don't improve for 20 rounds
[100]	train's l2: 1.34831	eval's l2: 3.1226
Did not meet early stopping. Best iteration is:
[100]	train's l2: 1.34831	eval's l2: 3.1226
Saved Losses
{'MSE - mean': 3.289175959963995, 'MSE - std': 0.11779703342327662, 'R2 - mean': 0.5598518390221454, 'R2 - std': 0.0092429175839564} 
 

Training until validation scores don't improve for 20 rounds
[100]	train's l2: 1.38807	eval's l2: 2.8147
Did not meet early stopping. Best iteration is:
[100]	train's l2: 1.38807	eval's l2: 2.8147
Saved Losses
{'MSE - mean': 3.170555912370435, 'MSE - std': 0.2293888682691225, 'R2 - mean': 0.5666355731906719, 'R2 - std': 0.014217270902165412} 
 

Training until validation scores don't improve for 20 rounds
[100]	train's l2: 1.35753	eval's l2: 3.22415
Did not meet early stopping. Best iteration is:
[100]	train's l2: 1.35753	eval's l2: 3.22415
Saved Losses
{'MSE - mean': 3.1812740708120257, 'MSE - std': 0.20628843397085359, 'R2 - mean': 0.5683087552502533, 'R2 - std': 0.013149250409908048} 
 

Saving model.....
Results After CV: {'MSE - mean': 3.1812740708120257, 'MSE - std': 0.20628843397085359, 'R2 - mean': 0.5683087552502533, 'R2 - std': 0.013149250409908048}
Train time: 80.36794653180004
Inference time: 4.417289160199653
Finished cross validation
Hyperparam was saved!!! Hurrah!!!
Trial 221 finished with value: 3.1812740708120257 and parameters: {'num_leaves': 2034, 'lambda_l1': 0.3028688060631747, 'lambda_l2': 3.448289741968607e-08, 'learning_rate': 0.04163567247155338}. Best is trial 175 with value: 3.0347291833074177.
Training until validation scores don't improve for 20 rounds
[100]	train's l2: 1.35499	eval's l2: 3.35643
Did not meet early stopping. Best iteration is:
[100]	train's l2: 1.35499	eval's l2: 3.35643
Saved Losses
{'MSE - mean': 3.3564270442937603, 'MSE - std': 0.0, 'R2 - mean': 0.5679057535184215, 'R2 - std': 0.0} 
 

Training until validation scores don't improve for 20 rounds
[100]	train's l2: 1.32741	eval's l2: 3.41104
Did not meet early stopping. Best iteration is:
[100]	train's l2: 1.32741	eval's l2: 3.41104
Saved Losses
{'MSE - mean': 3.383735864460954, 'MSE - std': 0.027308820167193604, 'R2 - mean': 0.5548687046493377, 'R2 - std': 0.013037048869083856} 
 

Training until validation scores don't improve for 20 rounds
[100]	train's l2: 1.35273	eval's l2: 3.11744
Did not meet early stopping. Best iteration is:
[100]	train's l2: 1.35273	eval's l2: 3.11744
Saved Losses
{'MSE - mean': 3.294972055734148, 'MSE - std': 0.12749591595548176, 'R2 - mean': 0.5590542504039067, 'R2 - std': 0.01217979263659421} 
 

Training until validation scores don't improve for 20 rounds
[100]	train's l2: 1.38727	eval's l2: 2.82485
Did not meet early stopping. Best iteration is:
[100]	train's l2: 1.38727	eval's l2: 2.82485
Saved Losses
{'MSE - mean': 3.177441618311584, 'MSE - std': 0.23158501160742967, 'R2 - mean': 0.5656648762960734, 'R2 - std': 0.01556796825412297} 
 

Training until validation scores don't improve for 20 rounds
[100]	train's l2: 1.36095	eval's l2: 3.23999
Did not meet early stopping. Best iteration is:
[100]	train's l2: 1.36095	eval's l2: 3.23999
Saved Losses
{'MSE - mean': 3.1899513894777614, 'MSE - std': 0.20864149055135492, 'R2 - mean': 0.5671145009498021, 'R2 - std': 0.014223043098995965} 
 

Saving model.....
Results After CV: {'MSE - mean': 3.1899513894777614, 'MSE - std': 0.20864149055135492, 'R2 - mean': 0.5671145009498021, 'R2 - std': 0.014223043098995965}
Train time: 71.42693836159961
Inference time: 4.281270309400133
Finished cross validation
Hyperparam was saved!!! Hurrah!!!
