Trial 251 finished with value: 4.572524387540552 and parameters: {'num_leaves': 25, 'lambda_l1': 1.6040306798217176e-08, 'lambda_l2': 0.0015353986525808003, 'learning_rate': 0.030796008361519182}. Best is trial 163 with value: 4.486410577271952.
Training until validation scores don't improve for 20 rounds
[100]	train's l2: 3.51819	eval's l2: 4.75932
Did not meet early stopping. Best iteration is:
[100]	train's l2: 3.51819	eval's l2: 4.75932
Saved Losses
{'MSE - mean': 4.759324072948473, 'MSE - std': 0.0, 'R2 - mean': 0.5659653709866803, 'R2 - std': 0.0} 
 

Training until validation scores don't improve for 20 rounds
[100]	train's l2: 3.63102	eval's l2: 4.17493
Did not meet early stopping. Best iteration is:
[100]	train's l2: 3.63102	eval's l2: 4.17493
Saved Losses
{'MSE - mean': 4.467126233378023, 'MSE - std': 0.29219783957045076, 'R2 - mean': 0.5604661750783023, 'R2 - std': 0.005499195908377996} 
 

Training until validation scores don't improve for 20 rounds
[100]	train's l2: 3.50705	eval's l2: 4.74826
Did not meet early stopping. Best iteration is:
[100]	train's l2: 3.50705	eval's l2: 4.74826
Saved Losses
{'MSE - mean': 4.560836771645388, 'MSE - std': 0.2729158263356629, 'R2 - mean': 0.5512366605237983, 'R2 - std': 0.01380321151940445} 
 

Training until validation scores don't improve for 20 rounds
[100]	train's l2: 3.5446	eval's l2: 4.37291
Did not meet early stopping. Best iteration is:
[100]	train's l2: 3.5446	eval's l2: 4.37291
Saved Losses
{'MSE - mean': 4.513855763417448, 'MSE - std': 0.24996786113558597, 'R2 - mean': 0.5465389820857882, 'R2 - std': 0.014460326217201877} 
 

Training until validation scores don't improve for 20 rounds
[100]	train's l2: 3.40868	eval's l2: 5.41665
Did not meet early stopping. Best iteration is:
[100]	train's l2: 3.40868	eval's l2: 5.41665
Saved Losses
{'MSE - mean': 4.694414900528889, 'MSE - std': 0.4247276224338054, 'R2 - mean': 0.5476401120153795, 'R2 - std': 0.013119861886989659} 
 

Saving model.....
Results After CV: {'MSE - mean': 4.694414900528889, 'MSE - std': 0.4247276224338054, 'R2 - mean': 0.5476401120153795, 'R2 - std': 0.013119861886989659}
Train time: 0.6750786692000019
Inference time: 0.01829048419999708
Finished cross validation
Hyperparam was saved!!! Hurrah!!!
Trial 252 finished with value: 4.694414900528889 and parameters: {'num_leaves': 37, 'lambda_l1': 2.7046823843677704e-05, 'lambda_l2': 0.005201824322352605, 'learning_rate': 0.021213566164289727}. Best is trial 163 with value: 4.486410577271952.
Training until validation scores don't improve for 20 rounds
[100]	train's l2: 3.52883	eval's l2: 4.72336
Did not meet early stopping. Best iteration is:
[100]	train's l2: 3.52883	eval's l2: 4.72336
Saved Losses
{'MSE - mean': 4.723363655250358, 'MSE - std': 0.0, 'R2 - mean': 0.569244842255191, 'R2 - std': 0.0} 
 

Training until validation scores don't improve for 20 rounds
[100]	train's l2: 3.63994	eval's l2: 4.11101
Did not meet early stopping. Best iteration is:
[100]	train's l2: 3.63994	eval's l2: 4.11101
Saved Losses
{'MSE - mean': 4.417184839012537, 'MSE - std': 0.3061788162378214, 'R2 - mean': 0.5655128632631173, 'R2 - std': 0.00373197899207367} 
 

Training until validation scores don't improve for 20 rounds
[100]	train's l2: 3.50483	eval's l2: 4.71295
Did not meet early stopping. Best iteration is:
[100]	train's l2: 3.50483	eval's l2: 4.71295
Saved Losses
{'MSE - mean': 4.515771890276958, 'MSE - std': 0.2862442867480318, 'R2 - mean': 0.5557593327914491, 'R2 - std': 0.014126139769532734} 
 

Training until validation scores don't improve for 20 rounds
[100]	train's l2: 3.54546	eval's l2: 4.37356
Did not meet early stopping. Best iteration is:
[100]	train's l2: 3.54546	eval's l2: 4.37356
Saved Losses
{'MSE - mean': 4.480218068763285, 'MSE - std': 0.2554291808791538, 'R2 - mean': 0.5499137756801793, 'R2 - std': 0.015879939622512104} 
 

Training until validation scores don't improve for 20 rounds
[100]	train's l2: 3.41151	eval's l2: 5.38438
Did not meet early stopping. Best iteration is:
[100]	train's l2: 3.41151	eval's l2: 5.38438
Saved Losses
{'MSE - mean': 4.661050774931054, 'MSE - std': 0.42778163078317283, 'R2 - mean': 0.5508736881661337, 'R2 - std': 0.014332610154974166} 
 

Saving model.....
Results After CV: {'MSE - mean': 4.661050774931054, 'MSE - std': 0.42778163078317283, 'R2 - mean': 0.5508736881661337, 'R2 - std': 0.014332610154974166}
Train time: 0.6281788473999939
Inference time: 0.01255414860000883
Finished cross validation
Hyperparam was saved!!! Hurrah!!!
Trial 253 finished with value: 4.661050774931054 and parameters: {'num_leaves': 33, 'lambda_l1': 9.7778446509202e-06, 'lambda_l2': 0.0025863841243997446, 'learning_rate': 0.022669850222815868}. Best is trial 163 with value: 4.486410577271952.
Training until validation scores don't improve for 20 rounds
[100]	train's l2: 3.69869	eval's l2: 4.67738
Did not meet early stopping. Best iteration is:
[100]	train's l2: 3.69869	eval's l2: 4.67738
Saved Losses
{'MSE - mean': 4.677383567117372, 'MSE - std': 0.0, 'R2 - mean': 0.5734380743589331, 'R2 - std': 0.0} 
 

Training until validation scores don't improve for 20 rounds
[100]	train's l2: 3.79923	eval's l2: 4.09097
Did not meet early stopping. Best iteration is:
[100]	train's l2: 3.79923	eval's l2: 4.09097
Saved Losses
{'MSE - mean': 4.384176857111979, 'MSE - std': 0.2932067100053928, 'R2 - mean': 0.5686773570643157, 'R2 - std': 0.004760717294617467} 
 

Training until validation scores don't improve for 20 rounds
[100]	train's l2: 3.68823	eval's l2: 4.73315
Did not meet early stopping. Best iteration is:
[100]	train's l2: 3.68823	eval's l2: 4.73315
Saved Losses
{'MSE - mean': 4.500502423857195, 'MSE - std': 0.29047671992545143, 'R2 - mean': 0.5572061960091127, 'R2 - std': 0.01668186714214944} 
 

Training until validation scores don't improve for 20 rounds
[100]	train's l2: 3.73226	eval's l2: 4.32787
Did not meet early stopping. Best iteration is:
[100]	train's l2: 3.73226	eval's l2: 4.32787
Saved Losses
{'MSE - mean': 4.457344135042663, 'MSE - std': 0.26243181456176845, 'R2 - mean': 0.5522201513815319, 'R2 - std': 0.016831382640648474} 
 

Training until validation scores don't improve for 20 rounds
[100]	train's l2: 3.57671	eval's l2: 5.40725
Did not meet early stopping. Best iteration is:
[100]	train's l2: 3.57671	eval's l2: 5.40725
Saved Losses
{'MSE - mean': 4.647326035604117, 'MSE - std': 0.44661936366341554, 'R2 - mean': 0.5523404866558047, 'R2 - std': 0.015056369934007184} 
 

Saving model.....
Results After CV: {'MSE - mean': 4.647326035604117, 'MSE - std': 0.44661936366341554, 'R2 - mean': 0.5523404866558047, 'R2 - std': 0.015056369934007184}
Train time: 0.4450411423999981
Inference time: 0.006847324400007437
Finished cross validation
Hyperparam was saved!!! Hurrah!!!
Trial 254 finished with value: 4.647326035604117 and parameters: {'num_leaves': 20, 'lambda_l1': 8.648685925091248e-08, 'lambda_l2': 0.7833310281060278, 'learning_rate': 0.02851052142455985}. Best is trial 163 with value: 4.486410577271952.
Training until validation scores don't improve for 20 rounds
[100]	train's l2: 2.63201	eval's l2: 4.67896
Did not meet early stopping. Best iteration is:
[100]	train's l2: 2.63201	eval's l2: 4.67896
Saved Losses
{'MSE - mean': 4.678962575273332, 'MSE - std': 0.0, 'R2 - mean': 0.5732940740326942, 'R2 - std': 0.0} 
 

Training until validation scores don't improve for 20 rounds
[100]	train's l2: 2.7101	eval's l2: 4.14482
Did not meet early stopping. Best iteration is:
[100]	train's l2: 2.7101	eval's l2: 4.14482
Saved Losses
{'MSE - mean': 4.411889128068024, 'MSE - std': 0.26707344720530823, 'R2 - mean': 0.5657354824643985, 'R2 - std': 0.007558591568295636} 
 

Training until validation scores don't improve for 20 rounds
[100]	train's l2: 2.62882	eval's l2: 4.71401
Did not meet early stopping. Best iteration is:
[100]	train's l2: 2.62882	eval's l2: 4.71401
Saved Losses
{'MSE - mean': 4.512596381732796, 'MSE - std': 0.26045355187215113, 'R2 - mean': 0.5558728174588566, 'R2 - std': 0.015252295773225523} 
 

Training until validation scores don't improve for 20 rounds
[100]	train's l2: 2.62967	eval's l2: 4.30672
Did not meet early stopping. Best iteration is:
[100]	train's l2: 2.62967	eval's l2: 4.30672
Saved Losses
{'MSE - mean': 4.461127400758117, 'MSE - std': 0.2425370229878939, 'R2 - mean': 0.551785427868619, 'R2 - std': 0.014986482434267779} 
 

Training until validation scores don't improve for 20 rounds
[100]	train's l2: 2.55673	eval's l2: 5.29041
Did not meet early stopping. Best iteration is:
[100]	train's l2: 2.55673	eval's l2: 5.29041
Saved Losses
{'MSE - mean': 4.626984579226518, 'MSE - std': 0.3963505779153847, 'R2 - mean': 0.5539252397853194, 'R2 - std': 0.014070924090389632} 
 

Saving model.....
Results After CV: {'MSE - mean': 4.626984579226518, 'MSE - std': 0.3963505779153847, 'R2 - mean': 0.5539252397853194, 'R2 - std': 0.014070924090389632}
Train time: 2.195831437200013
Inference time: 0.013133032399997547
Finished cross validation
Hyperparam was saved!!! Hurrah!!!
Trial 255 finished with value: 4.626984579226518 and parameters: {'num_leaves': 856, 'lambda_l1': 1.657037611344483e-05, 'lambda_l2': 0.335227239114474, 'learning_rate': 0.02547110859601068}. Best is trial 163 with value: 4.486410577271952.
Training until validation scores don't improve for 20 rounds
[100]	train's l2: 3.8227	eval's l2: 4.84693
Did not meet early stopping. Best iteration is:
[100]	train's l2: 3.8227	eval's l2: 4.84693
Saved Losses
{'MSE - mean': 4.846926451906519, 'MSE - std': 0.0, 'R2 - mean': 0.5579763234940214, 'R2 - std': 0.0} 
 

Training until validation scores don't improve for 20 rounds
[100]	train's l2: 3.94588	eval's l2: 4.17745
Did not meet early stopping. Best iteration is:
[100]	train's l2: 3.94588	eval's l2: 4.17745
Saved Losses
{'MSE - mean': 4.512188128725213, 'MSE - std': 0.33473832318130636, 'R2 - mean': 0.5563372644184821, 'R2 - std': 0.0016390590755392953} 
 

Training until validation scores don't improve for 20 rounds
[100]	train's l2: 3.81221	eval's l2: 4.82476
Did not meet early stopping. Best iteration is:
[100]	train's l2: 3.81221	eval's l2: 4.82476
Saved Losses
{'MSE - mean': 4.616380298537809, 'MSE - std': 0.31050257085033744, 'R2 - mean': 0.5459746640249326, 'R2 - std': 0.014715909200641463} 
 

Training until validation scores don't improve for 20 rounds
[100]	train's l2: 3.853	eval's l2: 4.43541
Did not meet early stopping. Best iteration is:
[100]	train's l2: 3.853	eval's l2: 4.43541
Saved Losses
{'MSE - mean': 4.571138200347346, 'MSE - std': 0.28008824899400553, 'R2 - mean': 0.5409218740329034, 'R2 - std': 0.015459965970589776} 
 

Training until validation scores don't improve for 20 rounds
[100]	train's l2: 3.7098	eval's l2: 5.56456
Did not meet early stopping. Best iteration is:
[100]	train's l2: 3.7098	eval's l2: 5.56456
Saved Losses
{'MSE - mean': 4.769822822272121, 'MSE - std': 0.46974658885103754, 'R2 - mean': 0.5407000057922504, 'R2 - std': 0.013834931886867994} 
 

Saving model.....
Results After CV: {'MSE - mean': 4.769822822272121, 'MSE - std': 0.46974658885103754, 'R2 - mean': 0.5407000057922504, 'R2 - std': 0.013834931886867994}
Train time: 0.5830616593999991
Inference time: 0.01252409899998952
Finished cross validation
Hyperparam was saved!!! Hurrah!!!
Trial 256 finished with value: 4.769822822272121 and parameters: {'num_leaves': 29, 'lambda_l1': 5.188538532043981e-05, 'lambda_l2': 1.9328070835059475e-06, 'learning_rate': 0.01919151427756114}. Best is trial 163 with value: 4.486410577271952.
Training until validation scores don't improve for 20 rounds
[100]	train's l2: 3.87693	eval's l2: 4.82553
Did not meet early stopping. Best iteration is:
[100]	train's l2: 3.87693	eval's l2: 4.82553
Saved Losses
{'MSE - mean': 4.825532224620051, 'MSE - std': 0.0, 'R2 - mean': 0.5599274063286803, 'R2 - std': 0.0} 
 

Training until validation scores don't improve for 20 rounds
[100]	train's l2: 3.9961	eval's l2: 4.153
Did not meet early stopping. Best iteration is:
[100]	train's l2: 3.9961	eval's l2: 4.153
Saved Losses
{'MSE - mean': 4.489264447495082, 'MSE - std': 0.33626777712496914, 'R2 - mean': 0.558616115927465, 'R2 - std': 0.0013112904012153592} 
 

Training until validation scores don't improve for 20 rounds
[100]	train's l2: 3.86853	eval's l2: 4.83221
Did not meet early stopping. Best iteration is:
[100]	train's l2: 3.86853	eval's l2: 4.83221
Saved Losses
{'MSE - mean': 4.603579646079528, 'MSE - std': 0.3186219408795448, 'R2 - mean': 0.5472496923199667, 'R2 - std': 0.016110167377396595} 
 

Training until validation scores don't improve for 20 rounds
[100]	train's l2: 3.91151	eval's l2: 4.43251
Did not meet early stopping. Best iteration is:
[100]	train's l2: 3.91151	eval's l2: 4.43251
Saved Losses
{'MSE - mean': 4.560812997494638, 'MSE - std': 0.2857042432322917, 'R2 - mean': 0.5419556319910076, 'R2 - std': 0.016695338990142583} 
 

Training until validation scores don't improve for 20 rounds
[100]	train's l2: 3.76063	eval's l2: 5.54364
Did not meet early stopping. Best iteration is:
[100]	train's l2: 3.76063	eval's l2: 5.54364
Saved Losses
{'MSE - mean': 4.75737838983921, 'MSE - std': 0.46888521575226766, 'R2 - mean': 0.5418730499819091, 'R2 - std': 0.014933678527058463} 
 

Saving model.....
Results After CV: {'MSE - mean': 4.75737838983921, 'MSE - std': 0.46888521575226766, 'R2 - mean': 0.5418730499819091, 'R2 - std': 0.014933678527058463}
Train time: 0.5075377444000025
Inference time: 0.012437468000001672
Finished cross validation
Hyperparam was saved!!! Hurrah!!!
Trial 257 finished with value: 4.75737838983921 and parameters: {'num_leaves': 24, 'lambda_l1': 5.592666977332772e-06, 'lambda_l2': 0.009409072338734564, 'learning_rate': 0.02051599731366812}. Best is trial 163 with value: 4.486410577271952.
Training until validation scores don't improve for 20 rounds
[100]	train's l2: 3.17551	eval's l2: 4.52294
Did not meet early stopping. Best iteration is:
[100]	train's l2: 3.17551	eval's l2: 4.52294
Saved Losses
{'MSE - mean': 4.522936603852173, 'MSE - std': 0.0, 'R2 - mean': 0.5875231270629644, 'R2 - std': 0.0} 
 

Training until validation scores don't improve for 20 rounds
Early stopping, best iteration is:
[75]	train's l2: 3.47787	eval's l2: 3.98263
Saved Losses
{'MSE - mean': 4.252780933066752, 'MSE - std': 0.27015567078542047, 'R2 - mean': 0.581494479629381, 'R2 - std': 0.006028647433583445} 
 

Training until validation scores don't improve for 20 rounds
[100]	train's l2: 3.18193	eval's l2: 4.60253
Did not meet early stopping. Best iteration is:
[100]	train's l2: 3.18193	eval's l2: 4.60253
Saved Losses
{'MSE - mean': 4.36936493338504, 'MSE - std': 0.27539011583347767, 'R2 - mean': 0.57003524394493, 'R2 - std': 0.016936879627877877} 
 

Training until validation scores don't improve for 20 rounds
Early stopping, best iteration is:
[64]	train's l2: 3.54163	eval's l2: 4.25072
Saved Losses
{'MSE - mean': 4.3397027217324755, 'MSE - std': 0.24396583228896404, 'R2 - mean': 0.5639042516897894, 'R2 - std': 0.018108302425812874} 
 

Training until validation scores don't improve for 20 rounds
Early stopping, best iteration is:
[56]	train's l2: 3.4657	eval's l2: 5.32695
Saved Losses
{'MSE - mean': 4.537152918371544, 'MSE - std': 0.4511782158646228, 'R2 - mean': 0.5630159227331017, 'R2 - std': 0.01629371064972371} 
 

Saving model.....
Results After CV: {'MSE - mean': 4.537152918371544, 'MSE - std': 0.4511782158646228, 'R2 - mean': 0.5630159227331017, 'R2 - std': 0.01629371064972371}
Train time: 0.3033486391999986
Inference time: 0.006653564599997708
Finished cross validation
Hyperparam was saved!!! Hurrah!!!
Trial 258 finished with value: 4.537152918371544 and parameters: {'num_leaves': 14, 'lambda_l1': 0.00013388154867853018, 'lambda_l2': 5.134089747451225e-07, 'learning_rate': 0.08426816155933914}. Best is trial 163 with value: 4.486410577271952.
Training until validation scores don't improve for 20 rounds
[100]	train's l2: 4.26524	eval's l2: 5.05199
Did not meet early stopping. Best iteration is:
[100]	train's l2: 4.26524	eval's l2: 5.05199
Saved Losses
{'MSE - mean': 5.051989263360118, 'MSE - std': 0.0, 'R2 - mean': 0.5392752726873358, 'R2 - std': 0.0} 
 

Training until validation scores don't improve for 20 rounds
[100]	train's l2: 4.40378	eval's l2: 4.29288
Did not meet early stopping. Best iteration is:
[100]	train's l2: 4.40378	eval's l2: 4.29288
Saved Losses
{'MSE - mean': 4.672434585099679, 'MSE - std': 0.37955467826043954, 'R2 - mean': 0.5408345129373965, 'R2 - std': 0.0015592402500607117} 
 

Training until validation scores don't improve for 20 rounds
[100]	train's l2: 4.26368	eval's l2: 5.00723
Did not meet early stopping. Best iteration is:
[100]	train's l2: 4.26368	eval's l2: 5.00723
Saved Losses
{'MSE - mean': 4.7840338171582095, 'MSE - std': 0.34777858816354873, 'R2 - mean': 0.5296546371424359, 'R2 - std': 0.015861906117690686} 
 

Training until validation scores don't improve for 20 rounds
[100]	train's l2: 4.33288	eval's l2: 4.5891
Did not meet early stopping. Best iteration is:
[100]	train's l2: 4.33288	eval's l2: 4.5891
Saved Losses
{'MSE - mean': 4.73530154037528, 'MSE - std': 0.31278900906220714, 'R2 - mean': 0.5245736256789355, 'R2 - std': 0.016314106832477516} 
 

Training until validation scores don't improve for 20 rounds
[100]	train's l2: 4.14475	eval's l2: 5.81359
Did not meet early stopping. Best iteration is:
[100]	train's l2: 4.14475	eval's l2: 5.81359
Saved Losses
{'MSE - mean': 4.950960229254816, 'MSE - std': 0.5141052924343974, 'R2 - mean': 0.5235024058199077, 'R2 - std': 0.014748224074060364} 
 

Saving model.....
Results After CV: {'MSE - mean': 4.950960229254816, 'MSE - std': 0.5141052924343974, 'R2 - mean': 0.5235024058199077, 'R2 - std': 0.014748224074060364}
Train time: 0.4399955969999951
Inference time: 0.006819139199996016
Finished cross validation
Hyperparam was saved!!! Hurrah!!!
Trial 259 finished with value: 4.950960229254816 and parameters: {'num_leaves': 20, 'lambda_l1': 3.108400111968959e-05, 'lambda_l2': 7.829317969626824e-08, 'learning_rate': 0.016634462887356767}. Best is trial 163 with value: 4.486410577271952.
Training until validation scores don't improve for 20 rounds
[100]	train's l2: 3.22296	eval's l2: 4.54903
Did not meet early stopping. Best iteration is:
[100]	train's l2: 3.22296	eval's l2: 4.54903
Saved Losses
{'MSE - mean': 4.54902809870105, 'MSE - std': 0.0, 'R2 - mean': 0.5851436689479974, 'R2 - std': 0.0} 
 

Training until validation scores don't improve for 20 rounds
[100]	train's l2: 3.30927	eval's l2: 4.04756
Did not meet early stopping. Best iteration is:
[100]	train's l2: 3.30927	eval's l2: 4.04756
Saved Losses
{'MSE - mean': 4.298295092824205, 'MSE - std': 0.25073300587684555, 'R2 - mean': 0.57684372938563, 'R2 - std': 0.008299939562367409} 
 

Training until validation scores don't improve for 20 rounds
[100]	train's l2: 3.2017	eval's l2: 4.62502
Did not meet early stopping. Best iteration is:
[100]	train's l2: 3.2017	eval's l2: 4.62502
Saved Losses
{'MSE - mean': 4.407204594456995, 'MSE - std': 0.25619117714933914, 'R2 - mean': 0.5661970598078433, 'R2 - std': 0.016511485215543274} 
 

Training until validation scores don't improve for 20 rounds
[100]	train's l2: 3.23597	eval's l2: 4.25716
Did not meet early stopping. Best iteration is:
[100]	train's l2: 3.23597	eval's l2: 4.25716
Saved Losses
{'MSE - mean': 4.369693321887322, 'MSE - std': 0.2311854799641663, 'R2 - mean': 0.5608533802208148, 'R2 - std': 0.017033396390732126} 
 

Training until validation scores don't improve for 20 rounds
[100]	train's l2: 3.11106	eval's l2: 5.24414
Did not meet early stopping. Best iteration is:
[100]	train's l2: 3.11106	eval's l2: 5.24414
Saved Losses
{'MSE - mean': 4.54458210572351, 'MSE - std': 0.4063271191587066, 'R2 - mean': 0.5619450046517471, 'R2 - std': 0.015390771575066606} 
 

Saving model.....
Results After CV: {'MSE - mean': 4.54458210572351, 'MSE - std': 0.4063271191587066, 'R2 - mean': 0.5619450046517471, 'R2 - std': 0.015390771575066606}
Train time: 0.5338929510000014
Inference time: 0.0012727627999993274
Finished cross validation
Hyperparam was saved!!! Hurrah!!!
