Trial 83 finished with value: 112861393.5109171 and parameters: {'num_leaves': 17, 'lambda_l1': 0.00024044960036967485, 'lambda_l2': 0.031669477739939264, 'learning_rate': 0.2764991466230525}. Best is trial 3 with value: 48745669.870724514.
Training until validation scores don't improve for 20 rounds
Early stopping, best iteration is:
[2]	train's l2: 2.90148e+08	eval's l2: 1.15008e+07
Saved Losses
{'MSE - mean': 11500773.360713022, 'MSE - std': 0.0, 'R2 - mean': 0.43928099930763864, 'R2 - std': 0.0} 
 

Training until validation scores don't improve for 20 rounds
[100]	train's l2: 7.17033e+07	eval's l2: 2.50154e+08
Did not meet early stopping. Best iteration is:
[100]	train's l2: 7.17033e+07	eval's l2: 2.50154e+08
Saved Losses
{'MSE - mean': 130827514.64813957, 'MSE - std': 119326741.28742655, 'R2 - mean': 0.5193103194279447, 'R2 - std': 0.080029320120306} 
 

Training until validation scores don't improve for 20 rounds
Early stopping, best iteration is:
[2]	train's l2: 2.89826e+08	eval's l2: 1.28455e+07
Saved Losses
{'MSE - mean': 91500169.03679328, 'MSE - std': 112186723.88709597, 'R2 - mean': 0.5102271213673277, 'R2 - std': 0.0665943217796813} 
 

Training until validation scores don't improve for 20 rounds
[100]	train's l2: 7.46161e+07	eval's l2: 2.64318e+08
Did not meet early stopping. Best iteration is:
[100]	train's l2: 7.46161e+07	eval's l2: 2.64318e+08
Saved Losses
{'MSE - mean': 134704534.50571883, 'MSE - std': 122634609.09998894, 'R2 - mean': 0.5265185312757761, 'R2 - std': 0.06420539603792719} 
 

Training until validation scores don't improve for 20 rounds
Early stopping, best iteration is:
[7]	train's l2: 2.59563e+08	eval's l2: 4.91765e+07
Saved Losses
{'MSE - mean': 117598935.7096037, 'MSE - std': 114899103.21660607, 'R2 - mean': 0.47133593278961516, 'R2 - std': 0.12441198900045385} 
 

Saving model.....
Results After CV: {'MSE - mean': 117598935.7096037, 'MSE - std': 114899103.21660607, 'R2 - mean': 0.47133593278961516, 'R2 - std': 0.12441198900045385}
Train time: 0.7403245472000208
Inference time: 0.019222404600009214
Finished cross validation
Hyperparam was saved!!! Hurrah!!!
Trial 84 finished with value: 117598935.7096037 and parameters: {'num_leaves': 51, 'lambda_l1': 0.0016417847774306705, 'lambda_l2': 0.2046667972017859, 'learning_rate': 0.2526548583205296}. Best is trial 3 with value: 48745669.870724514.
Training until validation scores don't improve for 20 rounds
Early stopping, best iteration is:
[1]	train's l2: 3.03267e+08	eval's l2: 1.13645e+07
Saved Losses
{'MSE - mean': 11364461.968395924, 'MSE - std': 0.0, 'R2 - mean': 0.44592684696377305, 'R2 - std': 0.0} 
 

Training until validation scores don't improve for 20 rounds
[100]	train's l2: 6.5826e+07	eval's l2: 2.2824e+08
Did not meet early stopping. Best iteration is:
[100]	train's l2: 6.5826e+07	eval's l2: 2.2824e+08
Saved Losses
{'MSE - mean': 119802412.218126, 'MSE - std': 108437950.24973008, 'R2 - mean': 0.5401824718766424, 'R2 - std': 0.09425562491286937} 
 

Training until validation scores don't improve for 20 rounds
Early stopping, best iteration is:
[1]	train's l2: 3.02676e+08	eval's l2: 1.32496e+07
Saved Losses
{'MSE - mean': 84284800.77648415, 'MSE - std': 101794863.07249261, 'R2 - mean': 0.5188155456649247, 'R2 - std': 0.08267913656590954} 
 

Training until validation scores don't improve for 20 rounds
[100]	train's l2: 6.64517e+07	eval's l2: 2.34535e+08
Did not meet early stopping. Best iteration is:
[100]	train's l2: 6.64517e+07	eval's l2: 2.34535e+08
Saved Losses
{'MSE - mean': 121847292.85941866, 'MSE - std': 109564903.34683909, 'R2 - mean': 0.5449208551614984, 'R2 - std': 0.08468377217152605} 
 

Training until validation scores don't improve for 20 rounds
Early stopping, best iteration is:
[5]	train's l2: 2.60847e+08	eval's l2: 4.90612e+07
Saved Losses
{'MSE - mean': 107290077.1606497, 'MSE - std': 102231230.80509053, 'R2 - mean': 0.4864092797592118, 'R2 - std': 0.1393968824600788} 
 

Saving model.....
Results After CV: {'MSE - mean': 107290077.1606497, 'MSE - std': 102231230.80509053, 'R2 - mean': 0.4864092797592118, 'R2 - std': 0.1393968824600788}
Train time: 3.2443087279999645
Inference time: 0.032489617599981105
Finished cross validation
Hyperparam was saved!!! Hurrah!!!
Trial 85 finished with value: 107290077.1606497 and parameters: {'num_leaves': 379, 'lambda_l1': 8.45594225210269e-05, 'lambda_l2': 0.09689528611410068, 'learning_rate': 0.2812484943369319}. Best is trial 3 with value: 48745669.870724514.
Training until validation scores don't improve for 20 rounds
Early stopping, best iteration is:
[1]	train's l2: 3.02735e+08	eval's l2: 1.1076e+07
Saved Losses
{'MSE - mean': 11075997.807289919, 'MSE - std': 0.0, 'R2 - mean': 0.4599908869268118, 'R2 - std': 0.0} 
 

Training until validation scores don't improve for 20 rounds
[100]	train's l2: 6.38228e+07	eval's l2: 2.24118e+08
Did not meet early stopping. Best iteration is:
[100]	train's l2: 6.38228e+07	eval's l2: 2.24118e+08
Saved Losses
{'MSE - mean': 117597055.20705275, 'MSE - std': 106521057.39976284, 'R2 - mean': 0.5505156991652684, 'R2 - std': 0.09052481223845671} 
 

Training until validation scores don't improve for 20 rounds
Early stopping, best iteration is:
[1]	train's l2: 3.0219e+08	eval's l2: 1.29112e+07
Saved Losses
{'MSE - mean': 82701773.01134144, 'MSE - std': 99999259.42431955, 'R2 - mean': 0.5301643262336478, 'R2 - std': 0.07931908879714278} 
 

Training until validation scores don't improve for 20 rounds
[100]	train's l2: 6.64257e+07	eval's l2: 2.32603e+08
Did not meet early stopping. Best iteration is:
[100]	train's l2: 6.64257e+07	eval's l2: 2.32603e+08
Saved Losses
{'MSE - mean': 120177079.31962904, 'MSE - std': 108227005.23787588, 'R2 - mean': 0.5542082532816504, 'R2 - std': 0.08033037824743368} 
 

Training until validation scores don't improve for 20 rounds
Early stopping, best iteration is:
[5]	train's l2: 2.60676e+08	eval's l2: 4.88969e+07
Saved Losses
{'MSE - mean': 105921040.99711177, 'MSE - std': 100912864.61507122, 'R2 - mean': 0.49434002847400427, 'R2 - std': 0.13963951124941693} 
 

Saving model.....
Results After CV: {'MSE - mean': 105921040.99711177, 'MSE - std': 100912864.61507122, 'R2 - mean': 0.49434002847400427, 'R2 - std': 0.13963951124941693}
Train time: 3.1306633311999805
Inference time: 0.02660164760002317
Finished cross validation
Hyperparam was saved!!! Hurrah!!!
Trial 86 finished with value: 105921040.99711177 and parameters: {'num_leaves': 722, 'lambda_l1': 9.713564225533846e-05, 'lambda_l2': 1.4675537010937167, 'learning_rate': 0.2998429018191822}. Best is trial 3 with value: 48745669.870724514.
Training until validation scores don't improve for 20 rounds
Early stopping, best iteration is:
[1]	train's l2: 3.02971e+08	eval's l2: 1.10469e+07
Saved Losses
{'MSE - mean': 11046857.23683853, 'MSE - std': 0.0, 'R2 - mean': 0.4614116323871932, 'R2 - std': 0.0} 
 

Training until validation scores don't improve for 20 rounds
[100]	train's l2: 6.58697e+07	eval's l2: 2.29952e+08
Did not meet early stopping. Best iteration is:
[100]	train's l2: 6.58697e+07	eval's l2: 2.29952e+08
Saved Losses
{'MSE - mean': 120499551.92337997, 'MSE - std': 109452694.68654145, 'R2 - mean': 0.546553942245164, 'R2 - std': 0.08514230985797072} 
 

Training until validation scores don't improve for 20 rounds
Early stopping, best iteration is:
[1]	train's l2: 3.02426e+08	eval's l2: 1.29122e+07
Saved Losses
{'MSE - mean': 84637108.06962536, 'MSE - std': 102756141.7844415, 'R2 - mean': 0.5275098194278938, 'R2 - std': 0.07455310755691101} 
 

Training until validation scores don't improve for 20 rounds
[100]	train's l2: 6.57296e+07	eval's l2: 2.32973e+08
Did not meet early stopping. Best iteration is:
[100]	train's l2: 6.57296e+07	eval's l2: 2.32973e+08
Saved Losses
{'MSE - mean': 121720991.141214, 'MSE - std': 109748629.40747803, 'R2 - mean': 0.5520689223193322, 'R2 - std': 0.0773179991288642} 
 

Training until validation scores don't improve for 20 rounds
Early stopping, best iteration is:
[4]	train's l2: 2.62981e+08	eval's l2: 4.90121e+07
Saved Losses
{'MSE - mean': 107179221.37101148, 'MSE - std': 102379986.31399725, 'R2 - mean': 0.4922772939917236, 'R2 - std': 0.13813983373270872} 
 

Saving model.....
Results After CV: {'MSE - mean': 107179221.37101148, 'MSE - std': 102379986.31399725, 'R2 - mean': 0.4922772939917236, 'R2 - std': 0.13813983373270872}
Train time: 2.8599482781999996
Inference time: 0.04324952720000965
Finished cross validation
Hyperparam was saved!!! Hurrah!!!
Trial 87 finished with value: 107179221.37101148 and parameters: {'num_leaves': 427, 'lambda_l1': 7.876661132089477e-05, 'lambda_l2': 1.7154948595758757, 'learning_rate': 0.29932866697191574}. Best is trial 3 with value: 48745669.870724514.
Training until validation scores don't improve for 20 rounds
Early stopping, best iteration is:
[2]	train's l2: 2.94974e+08	eval's l2: 1.05109e+07
Saved Losses
{'MSE - mean': 10510922.380625919, 'MSE - std': 0.0, 'R2 - mean': 0.48754108017183406, 'R2 - std': 0.0} 
 

Training until validation scores don't improve for 20 rounds
[100]	train's l2: 8.27071e+07	eval's l2: 2.89707e+08
Did not meet early stopping. Best iteration is:
[100]	train's l2: 8.27071e+07	eval's l2: 2.89707e+08
Saved Losses
{'MSE - mean': 150108765.39468116, 'MSE - std': 139597843.01405525, 'R2 - mean': 0.5117657842280035, 'R2 - std': 0.024224704056169333} 
 

Training until validation scores don't improve for 20 rounds
Early stopping, best iteration is:
[2]	train's l2: 2.94622e+08	eval's l2: 1.20279e+07
Saved Losses
{'MSE - mean': 104081800.1250207, 'MSE - std': 131258021.646883, 'R2 - mean': 0.5159741247022697, 'R2 - std': 0.020655373396948132} 
 

Training until validation scores don't improve for 20 rounds
[100]	train's l2: 8.45635e+07	eval's l2: 3.01962e+08
Did not meet early stopping. Best iteration is:
[100]	train's l2: 8.45635e+07	eval's l2: 3.01962e+08
Saved Losses
{'MSE - mean': 153551806.95932037, 'MSE - std': 142349379.74416035, 'R2 - mean': 0.515710611082516, 'R2 - std': 0.017893899963644072} 
 

Training until validation scores don't improve for 20 rounds
Early stopping, best iteration is:
[7]	train's l2: 2.60857e+08	eval's l2: 4.89338e+07
Saved Losses
{'MSE - mean': 132628208.11254565, 'MSE - std': 134021881.36883001, 'R2 - mean': 0.46342937567077624, 'R2 - std': 0.10578026105771401} 
 

Saving model.....
Results After CV: {'MSE - mean': 132628208.11254565, 'MSE - std': 134021881.36883001, 'R2 - mean': 0.46342937567077624, 'R2 - std': 0.10578026105771401}
Train time: 2.8748157839999977
Inference time: 0.031876871999952525
Finished cross validation
Hyperparam was saved!!! Hurrah!!!
Trial 88 finished with value: 132628208.11254565 and parameters: {'num_leaves': 689, 'lambda_l1': 5.102048589867552e-05, 'lambda_l2': 2.1650570116813173, 'learning_rate': 0.224316925019481}. Best is trial 3 with value: 48745669.870724514.
Training until validation scores don't improve for 20 rounds
Early stopping, best iteration is:
[2]	train's l2: 2.92583e+08	eval's l2: 1.04106e+07
Saved Losses
{'MSE - mean': 10410621.336988743, 'MSE - std': 0.0, 'R2 - mean': 0.49243124704954666, 'R2 - std': 0.0} 
 

Training until validation scores don't improve for 20 rounds
[100]	train's l2: 7.73075e+07	eval's l2: 2.70017e+08
Did not meet early stopping. Best iteration is:
[100]	train's l2: 7.73075e+07	eval's l2: 2.70017e+08
Saved Losses
{'MSE - mean': 140213655.62837172, 'MSE - std': 129803034.29138297, 'R2 - mean': 0.5299790779848425, 'R2 - std': 0.03754783093529579} 
 

Training until validation scores don't improve for 20 rounds
Early stopping, best iteration is:
[2]	train's l2: 2.923e+08	eval's l2: 1.17971e+07
Saved Losses
{'MSE - mean': 97408136.14805849, 'MSE - std': 122053991.34587494, 'R2 - mean': 0.5311580749045053, 'R2 - std': 0.030702982582101898} 
 

Training until validation scores don't improve for 20 rounds
[100]	train's l2: 8.17327e+07	eval's l2: 2.89585e+08
Did not meet early stopping. Best iteration is:
[100]	train's l2: 8.17327e+07	eval's l2: 2.89585e+08
Saved Losses
{'MSE - mean': 145452267.28938305, 'MSE - std': 134527314.00711367, 'R2 - mean': 0.5320693304916215, 'R2 - std': 0.026636366396578775} 
 

Training until validation scores don't improve for 20 rounds
Early stopping, best iteration is:
[6]	train's l2: 2.6134e+08	eval's l2: 4.87891e+07
Saved Losses
{'MSE - mean': 126119631.61133349, 'MSE - std': 126384658.0096478, 'R2 - mean': 0.47695743644999933, 'R2 - std': 0.11276914591886471} 
 

Saving model.....
Results After CV: {'MSE - mean': 126119631.61133349, 'MSE - std': 126384658.0096478, 'R2 - mean': 0.47695743644999933, 'R2 - std': 0.11276914591886471}
Train time: 2.7661308544000347
Inference time: 0.032024222399968494
Finished cross validation
Hyperparam was saved!!! Hurrah!!!
Trial 89 finished with value: 126119631.61133349 and parameters: {'num_leaves': 433, 'lambda_l1': 4.072730568115384e-06, 'lambda_l2': 3.169437117299075, 'learning_rate': 0.2519591685559318}. Best is trial 3 with value: 48745669.870724514.
Training until validation scores don't improve for 20 rounds
Early stopping, best iteration is:
[1]	train's l2: 3.02256e+08	eval's l2: 1.11676e+07
Saved Losses
{'MSE - mean': 11167575.473204875, 'MSE - std': 0.0, 'R2 - mean': 0.45552602741632153, 'R2 - std': 0.0} 
 

Training until validation scores don't improve for 20 rounds
[100]	train's l2: 6.28207e+07	eval's l2: 2.1815e+08
Did not meet early stopping. Best iteration is:
[100]	train's l2: 6.28207e+07	eval's l2: 2.1815e+08
Saved Losses
{'MSE - mean': 114658936.26520385, 'MSE - std': 103491360.79199897, 'R2 - mean': 0.5530624547976053, 'R2 - std': 0.09753642738128376} 
 

Training until validation scores don't improve for 20 rounds
Early stopping, best iteration is:
[1]	train's l2: 3.01691e+08	eval's l2: 1.30154e+07
Saved Losses
{'MSE - mean': 80777768.81682236, 'MSE - std': 97139975.57331206, 'R2 - mean': 0.5304883952111393, 'R2 - std': 0.08579867584426693} 
 

Training until validation scores don't improve for 20 rounds
[100]	train's l2: 6.54319e+07	eval's l2: 2.26547e+08
Did not meet early stopping. Best iteration is:
[100]	train's l2: 6.54319e+07	eval's l2: 2.26547e+08
Saved Losses
{'MSE - mean': 117220051.74842304, 'MSE - std': 105172482.60162088, 'R2 - mean': 0.5568834762202661, 'R2 - std': 0.08724196517105337} 
 

Training until validation scores don't improve for 20 rounds
Early stopping, best iteration is:
[5]	train's l2: 2.60501e+08	eval's l2: 4.89998e+07
Saved Losses
{'MSE - mean': 103576001.45015147, 'MSE - std': 97947135.28959207, 'R2 - mean': 0.4961665528177354, 'R2 - std': 0.1443437131966646} 
 

Saving model.....
Results After CV: {'MSE - mean': 103576001.45015147, 'MSE - std': 97947135.28959207, 'R2 - mean': 0.4961665528177354, 'R2 - std': 0.1443437131966646}
Train time: 3.971517995800036
Inference time: 0.026483471599999576
Finished cross validation
Hyperparam was saved!!! Hurrah!!!
Trial 90 finished with value: 103576001.45015147 and parameters: {'num_leaves': 1167, 'lambda_l1': 0.0004015989287302599, 'lambda_l2': 0.6259966313717568, 'learning_rate': 0.2975772373357442}. Best is trial 3 with value: 48745669.870724514.
Training until validation scores don't improve for 20 rounds
Early stopping, best iteration is:
[7]	train's l2: 2.95275e+08	eval's l2: 9.61473e+06
Saved Losses
{'MSE - mean': 9614733.259062033, 'MSE - std': 0.0, 'R2 - mean': 0.5312346869332069, 'R2 - std': 0.0} 
 

Training until validation scores don't improve for 20 rounds
[100]	train's l2: 1.28775e+08	eval's l2: 4.58778e+08
Did not meet early stopping. Best iteration is:
[100]	train's l2: 1.28775e+08	eval's l2: 4.58778e+08
Saved Losses
{'MSE - mean': 234196252.94065806, 'MSE - std': 224581519.68159604, 'R2 - mean': 0.3982159033859094, 'R2 - std': 0.13301878354729746} 
 

Training until validation scores don't improve for 20 rounds
Early stopping, best iteration is:
[7]	train's l2: 2.94983e+08	eval's l2: 1.10948e+07
Saved Losses
{'MSE - mean': 159829116.85988167, 'MSE - std': 211389485.34094632, 'R2 - mean': 0.4525721762749079, 'R2 - std': 0.1330609133280759} 
 

Training until validation scores don't improve for 20 rounds
[100]	train's l2: 1.29938e+08	eval's l2: 4.67157e+08
Did not meet early stopping. Best iteration is:
[100]	train's l2: 1.29938e+08	eval's l2: 4.67157e+08
Saved Losses
{'MSE - mean': 236661106.93922576, 'MSE - std': 226326313.0596836, 'R2 - mean': 0.40181558176477117, 'R2 - std': 0.1449399898253606} 
 

Training until validation scores don't improve for 20 rounds
Early stopping, best iteration is:
[22]	train's l2: 2.62058e+08	eval's l2: 4.8519e+07
Saved Losses
{'MSE - mean': 199032680.1996401, 'MSE - std': 215968687.50385413, 'R2 - mean': 0.3735776884564628, 'R2 - std': 0.14140578133310583} 
 

Saving model.....
Results After CV: {'MSE - mean': 199032680.1996401, 'MSE - std': 215968687.50385413, 'R2 - mean': 0.3735776884564628, 'R2 - std': 0.14140578133310583}
Train time: 2.5428911758000368
Inference time: 0.03153848499998731
Finished cross validation
Hyperparam was saved!!! Hurrah!!!
Trial 91 finished with value: 199032680.1996401 and parameters: {'num_leaves': 1466, 'lambda_l1': 0.027688412542140762, 'lambda_l2': 6.707857763990761, 'learning_rate': 0.07725094727697418}. Best is trial 3 with value: 48745669.870724514.
Training until validation scores don't improve for 20 rounds
Early stopping, best iteration is:
[2]	train's l2: 2.94965e+08	eval's l2: 1.08938e+07
Saved Losses
{'MSE - mean': 10893759.729992256, 'MSE - std': 0.0, 'R2 - mean': 0.46887588529913937, 'R2 - std': 0.0} 
 

Training until validation scores don't improve for 20 rounds
[100]	train's l2: 8.20991e+07	eval's l2: 2.88462e+08
Did not meet early stopping. Best iteration is:
[100]	train's l2: 8.20991e+07	eval's l2: 2.88462e+08
Saved Losses
{'MSE - mean': 149677854.35156697, 'MSE - std': 138784094.6215747, 'R2 - mean': 0.5034299431655183, 'R2 - std': 0.034554057866378884} 
 

Training until validation scores don't improve for 20 rounds
Early stopping, best iteration is:
[2]	train's l2: 2.94546e+08	eval's l2: 1.24145e+07
Saved Losses
{'MSE - mean': 103923412.29231746, 'MSE - std': 130489927.64294074, 'R2 - mean': 0.5053204453393074, 'R2 - std': 0.028339664905574363} 
 

Training until validation scores don't improve for 20 rounds
[100]	train's l2: 8.40628e+07	eval's l2: 3.00216e+08
Did not meet early stopping. Best iteration is:
[100]	train's l2: 8.40628e+07	eval's l2: 3.00216e+08
Saved Losses
{'MSE - mean': 152996620.5324449, 'MSE - std': 141404579.8873985, 'R2 - mean': 0.5084213895877396, 'R2 - std': 0.025123694412164745} 
 

Training until validation scores don't improve for 20 rounds
Early stopping, best iteration is:
[6]	train's l2: 2.62297e+08	eval's l2: 4.89898e+07
Saved Losses
{'MSE - mean': 132195252.58760631, 'MSE - std': 133142749.72378919, 'R2 - mean': 0.4574274205090886, 'R2 - std': 0.10443418763178246} 
 

Saving model.....
Results After CV: {'MSE - mean': 132195252.58760631, 'MSE - std': 133142749.72378919, 'R2 - mean': 0.4574274205090886, 'R2 - std': 0.10443418763178246}
Train time: 3.8958603089999997
Inference time: 0.03784267080000063
Finished cross validation
Hyperparam was saved!!! Hurrah!!!
Trial 92 finished with value: 132195252.58760631 and parameters: {'num_leaves': 1433, 'lambda_l1': 0.000507511792269888, 'lambda_l2': 0.3936826016666697, 'learning_rate': 0.21262091022242682}. Best is trial 3 with value: 48745669.870724514.
Training until validation scores don't improve for 20 rounds
Early stopping, best iteration is:
[1]	train's l2: 3.02661e+08	eval's l2: 1.11593e+07
Saved Losses
{'MSE - mean': 11159322.32902339, 'MSE - std': 0.0, 'R2 - mean': 0.4559284085965142, 'R2 - std': 0.0} 
 

Training until validation scores don't improve for 20 rounds
[100]	train's l2: 6.50532e+07	eval's l2: 2.25155e+08
Did not meet early stopping. Best iteration is:
[100]	train's l2: 6.50532e+07	eval's l2: 2.25155e+08
Saved Losses
{'MSE - mean': 118156983.70560557, 'MSE - std': 106997661.37658218, 'R2 - mean': 0.5476543772304914, 'R2 - std': 0.09172596863397725} 
 

Training until validation scores don't improve for 20 rounds
Early stopping, best iteration is:
[1]	train's l2: 3.02104e+08	eval's l2: 1.30161e+07
Saved Losses
{'MSE - mean': 83110021.98918732, 'MSE - std': 100443576.58809912, 'R2 - mean': 0.5268742497585005, 'R2 - std': 0.0804532759436513} 
 

Training until validation scores don't improve for 20 rounds
[100]	train's l2: 6.53935e+07	eval's l2: 2.27076e+08
Did not meet early stopping. Best iteration is:
[100]	train's l2: 6.53935e+07	eval's l2: 2.27076e+08
Saved Losses
{'MSE - mean': 119101486.20065936, 'MSE - std': 107017944.97472852, 'R2 - mean': 0.5539604257480295, 'R2 - std': 0.0839972023150544} 
 

Training until validation scores don't improve for 20 rounds
Early stopping, best iteration is:
[5]	train's l2: 2.60634e+08	eval's l2: 4.89372e+07
Saved Losses
{'MSE - mean': 105068630.86750051, 'MSE - std': 99749468.93340674, 'R2 - mean': 0.4940188747019335, 'R2 - std': 0.1414792640801183} 
 

Saving model.....
Results After CV: {'MSE - mean': 105068630.86750051, 'MSE - std': 99749468.93340674, 'R2 - mean': 0.4940188747019335, 'R2 - std': 0.1414792640801183}
Train time: 3.805716934799989
Inference time: 0.04366937680001683
Finished cross validation
Hyperparam was saved!!! Hurrah!!!
