Trial 276 finished with value: 3.1818900202073435 and parameters: {'num_leaves': 2275, 'lambda_l1': 0.1317247676539526, 'lambda_l2': 1.8340431394966946e-08, 'learning_rate': 0.040210822604999565}. Best is trial 175 with value: 3.0347291833074177.
Training until validation scores don't improve for 20 rounds
[100]	train's l2: 1.20154	eval's l2: 3.34764
Did not meet early stopping. Best iteration is:
[100]	train's l2: 1.20154	eval's l2: 3.34764
Saved Losses
{'MSE - mean': 3.3476430335457383, 'MSE - std': 0.0, 'R2 - mean': 0.5690365752092148, 'R2 - std': 0.0} 
 

Training until validation scores don't improve for 20 rounds
[100]	train's l2: 1.19	eval's l2: 3.40655
Did not meet early stopping. Best iteration is:
[100]	train's l2: 1.19	eval's l2: 3.40655
Saved Losses
{'MSE - mean': 3.3770954357393914, 'MSE - std': 0.029452402193653082, 'R2 - mean': 0.5557361216240867, 'R2 - std': 0.013300453585128102} 
 

Training until validation scores don't improve for 20 rounds
[100]	train's l2: 1.21958	eval's l2: 3.1063
Did not meet early stopping. Best iteration is:
[100]	train's l2: 1.21958	eval's l2: 3.1063
Saved Losses
{'MSE - mean': 3.2868302256294726, 'MSE - std': 0.12989962397569452, 'R2 - mean': 0.5601480025036747, 'R2 - std': 0.01252453975886724} 
 

Training until validation scores don't improve for 20 rounds
[100]	train's l2: 1.24177	eval's l2: 2.78077
Did not meet early stopping. Best iteration is:
[100]	train's l2: 1.24177	eval's l2: 2.78077
Saved Losses
{'MSE - mean': 3.1603142183753845, 'MSE - std': 0.2463216078753942, 'R2 - mean': 0.5681023562803802, 'R2 - std': 0.017534631565663268} 
 

Training until validation scores don't improve for 20 rounds
[100]	train's l2: 1.21477	eval's l2: 3.21952
Did not meet early stopping. Best iteration is:
[100]	train's l2: 1.21477	eval's l2: 3.21952
Saved Losses
{'MSE - mean': 3.17215614752621, 'MSE - std': 0.2215860842857878, 'R2 - mean': 0.5696040558495248, 'R2 - std': 0.015968439175408446} 
 

Saving model.....
Results After CV: {'MSE - mean': 3.17215614752621, 'MSE - std': 0.2215860842857878, 'R2 - mean': 0.5696040558495248, 'R2 - std': 0.015968439175408446}
Train time: 100.85120207539876
Inference time: 5.223280207398057
Finished cross validation
Hyperparam was saved!!! Hurrah!!!
Trial 277 finished with value: 3.17215614752621 and parameters: {'num_leaves': 2844, 'lambda_l1': 0.2746398060538791, 'lambda_l2': 1.343171723418129e-07, 'learning_rate': 0.04388780032652402}. Best is trial 175 with value: 3.0347291833074177.
Training until validation scores don't improve for 20 rounds
[100]	train's l2: 1.74337	eval's l2: 3.38551
Did not meet early stopping. Best iteration is:
[100]	train's l2: 1.74337	eval's l2: 3.38551
Saved Losses
{'MSE - mean': 3.38551100701934, 'MSE - std': 0.0, 'R2 - mean': 0.5641615896224796, 'R2 - std': 0.0} 
 

Training until validation scores don't improve for 20 rounds
[100]	train's l2: 1.7238	eval's l2: 3.44921
Did not meet early stopping. Best iteration is:
[100]	train's l2: 1.7238	eval's l2: 3.44921
Saved Losses
{'MSE - mean': 3.4173590719208358, 'MSE - std': 0.03184806490149561, 'R2 - mean': 0.5504336501885806, 'R2 - std': 0.01372793943389905} 
 

Training until validation scores don't improve for 20 rounds
[100]	train's l2: 1.76794	eval's l2: 3.12377
Did not meet early stopping. Best iteration is:
[100]	train's l2: 1.76794	eval's l2: 3.12377
Saved Losses
{'MSE - mean': 3.319495239022342, 'MSE - std': 0.14082208303795424, 'R2 - mean': 0.5558050826680982, 'R2 - std': 0.013540388516012683} 
 

Training until validation scores don't improve for 20 rounds
[100]	train's l2: 1.79222	eval's l2: 2.83075
Did not meet early stopping. Best iteration is:
[100]	train's l2: 1.79222	eval's l2: 2.83075
Saved Losses
{'MSE - mean': 3.197308349631859, 'MSE - std': 0.24425816694662958, 'R2 - mean': 0.5630116632561022, 'R2 - std': 0.017126324830144143} 
 

Training until validation scores don't improve for 20 rounds
[100]	train's l2: 1.75757	eval's l2: 3.30519
Did not meet early stopping. Best iteration is:
[100]	train's l2: 1.75757	eval's l2: 3.30519
Saved Losses
{'MSE - mean': 3.218884787263407, 'MSE - std': 0.22269219191425288, 'R2 - mean': 0.5632730304263912, 'R2 - std': 0.015327167153160069} 
 

Saving model.....
Results After CV: {'MSE - mean': 3.218884787263407, 'MSE - std': 0.22269219191425288, 'R2 - mean': 0.5632730304263912, 'R2 - std': 0.015327167153160069}
Train time: 78.51394909780065
Inference time: 4.210859656000684
Finished cross validation
Hyperparam was saved!!! Hurrah!!!
Trial 278 finished with value: 3.218884787263407 and parameters: {'num_leaves': 1942, 'lambda_l1': 0.03859457448792485, 'lambda_l2': 5.477224585428086e-08, 'learning_rate': 0.029514161366018463}. Best is trial 175 with value: 3.0347291833074177.
Training until validation scores don't improve for 20 rounds
[100]	train's l2: 1.37942	eval's l2: 3.35306
Did not meet early stopping. Best iteration is:
[100]	train's l2: 1.37942	eval's l2: 3.35306
Saved Losses
{'MSE - mean': 3.3530582985142248, 'MSE - std': 0.0, 'R2 - mean': 0.5683394336342075, 'R2 - std': 0.0} 
 

Training until validation scores don't improve for 20 rounds
[100]	train's l2: 1.3692	eval's l2: 3.41008
Did not meet early stopping. Best iteration is:
[100]	train's l2: 1.3692	eval's l2: 3.41008
Saved Losses
{'MSE - mean': 3.381571437649473, 'MSE - std': 0.028513139135248222, 'R2 - mean': 0.5551500251027641, 'R2 - std': 0.013189408531443292} 
 

Training until validation scores don't improve for 20 rounds
[100]	train's l2: 1.39958	eval's l2: 3.0762
Did not meet early stopping. Best iteration is:
[100]	train's l2: 1.39958	eval's l2: 3.0762
Saved Losses
{'MSE - mean': 3.279781658267703, 'MSE - std': 0.14582289866618917, 'R2 - mean': 0.5611493844951627, 'R2 - std': 0.013709788152187525} 
 

Training until validation scores don't improve for 20 rounds
[100]	train's l2: 1.43958	eval's l2: 2.78866
Did not meet early stopping. Best iteration is:
[100]	train's l2: 1.43958	eval's l2: 2.78866
Saved Losses
{'MSE - mean': 3.1570008345408267, 'MSE - std': 0.24733303531212272, 'R2 - mean': 0.5685638793148358, 'R2 - std': 0.017489794700803907} 
 

Training until validation scores don't improve for 20 rounds
[100]	train's l2: 1.4035	eval's l2: 3.24587
Did not meet early stopping. Best iteration is:
[100]	train's l2: 1.4035	eval's l2: 3.24587
Saved Losses
{'MSE - mean': 3.1747752780001948, 'MSE - std': 0.22405942882754842, 'R2 - mean': 0.5692786181889314, 'R2 - std': 0.015708524487474593} 
 

Saving model.....
Results After CV: {'MSE - mean': 3.1747752780001948, 'MSE - std': 0.22405942882754842, 'R2 - mean': 0.5692786181889314, 'R2 - std': 0.015708524487474593}
Train time: 91.20928563080233
Inference time: 4.784050821399433
Finished cross validation
Hyperparam was saved!!! Hurrah!!!
Trial 279 finished with value: 3.1747752780001948 and parameters: {'num_leaves': 2457, 'lambda_l1': 0.18904275096372902, 'lambda_l2': 0.0001436280658819093, 'learning_rate': 0.03840786964697054}. Best is trial 175 with value: 3.0347291833074177.
Training until validation scores don't improve for 20 rounds
[100]	train's l2: 1.07523	eval's l2: 3.31425
Did not meet early stopping. Best iteration is:
[100]	train's l2: 1.07523	eval's l2: 3.31425
Saved Losses
{'MSE - mean': 3.314250862052953, 'MSE - std': 0.0, 'R2 - mean': 0.5733353622792596, 'R2 - std': 0.0} 
 

Training until validation scores don't improve for 20 rounds
[100]	train's l2: 1.0545	eval's l2: 3.36073
Did not meet early stopping. Best iteration is:
[100]	train's l2: 1.0545	eval's l2: 3.36073
Saved Losses
{'MSE - mean': 3.337490722289231, 'MSE - std': 0.02323986023627822, 'R2 - mean': 0.5609625806899954, 'R2 - std': 0.012372781589264303} 
 

Training until validation scores don't improve for 20 rounds
[100]	train's l2: 1.07607	eval's l2: 3.07768
Did not meet early stopping. Best iteration is:
[100]	train's l2: 1.07607	eval's l2: 3.07768
Saved Losses
{'MSE - mean': 3.2508855673898, 'MSE - std': 0.12393936600683705, 'R2 - mean': 0.5649562833856273, 'R2 - std': 0.011573956624506367} 
 

Training until validation scores don't improve for 20 rounds
[100]	train's l2: 1.1219	eval's l2: 2.78011
Did not meet early stopping. Best iteration is:
[100]	train's l2: 1.1219	eval's l2: 2.78011
Saved Losses
{'MSE - mean': 3.1331922494252717, 'MSE - std': 0.23038202211789668, 'R2 - mean': 0.571732554418301, 'R2 - std': 0.015434406411787293} 
 

Training until validation scores don't improve for 20 rounds
[100]	train's l2: 1.07729	eval's l2: 3.19594
Did not meet early stopping. Best iteration is:
[100]	train's l2: 1.07729	eval's l2: 3.19594
Saved Losses
{'MSE - mean': 3.1457411597120952, 'MSE - std': 0.20758275817045066, 'R2 - mean': 0.5731300512560813, 'R2 - std': 0.014085052739475289} 
 

Saving model.....
Results After CV: {'MSE - mean': 3.1457411597120952, 'MSE - std': 0.20758275817045066, 'R2 - mean': 0.5731300512560813, 'R2 - std': 0.014085052739475289}
Train time: 125.19817092739977
Inference time: 5.894242475200736
Finished cross validation
Hyperparam was saved!!! Hurrah!!!
Trial 280 finished with value: 3.1457411597120952 and parameters: {'num_leaves': 3563, 'lambda_l1': 0.06860883841699497, 'lambda_l2': 2.8249302288888333e-08, 'learning_rate': 0.04729722481121115}. Best is trial 175 with value: 3.0347291833074177.
Training until validation scores don't improve for 20 rounds
[100]	train's l2: 2.05497	eval's l2: 3.41647
Did not meet early stopping. Best iteration is:
[100]	train's l2: 2.05497	eval's l2: 3.41647
Saved Losses
{'MSE - mean': 3.416474889567658, 'MSE - std': 0.0, 'R2 - mean': 0.5601754116655937, 'R2 - std': 0.0} 
 

Training until validation scores don't improve for 20 rounds
[100]	train's l2: 2.02887	eval's l2: 3.49832
Did not meet early stopping. Best iteration is:
[100]	train's l2: 2.02887	eval's l2: 3.49832
Saved Losses
{'MSE - mean': 3.457398677562969, 'MSE - std': 0.04092378799531082, 'R2 - mean': 0.5451419986108015, 'R2 - std': 0.015033413054792277} 
 

Training until validation scores don't improve for 20 rounds
[100]	train's l2: 2.06005	eval's l2: 3.22168
Did not meet early stopping. Best iteration is:
[100]	train's l2: 2.06005	eval's l2: 3.22168
Saved Losses
{'MSE - mean': 3.3788270538960155, 'MSE - std': 0.11603234193065681, 'R2 - mean': 0.5477483829995603, 'R2 - std': 0.012816219588784018} 
 

Training until validation scores don't improve for 20 rounds
[100]	train's l2: 2.10274	eval's l2: 2.87752
Did not meet early stopping. Best iteration is:
[100]	train's l2: 2.10274	eval's l2: 2.87752
Saved Losses
{'MSE - mean': 3.253499811344557, 'MSE - std': 0.23920364014180664, 'R2 - mean': 0.5552534295783913, 'R2 - std': 0.017092945499890103} 
 

Training until validation scores don't improve for 20 rounds
[100]	train's l2: 2.05402	eval's l2: 3.36647
Did not meet early stopping. Best iteration is:
[100]	train's l2: 2.05402	eval's l2: 3.36647
Saved Losses
{'MSE - mean': 3.2760929749418652, 'MSE - std': 0.21866986379245684, 'R2 - mean': 0.5554510192873485, 'R2 - std': 0.015293501739696954} 
 

Saving model.....
Results After CV: {'MSE - mean': 3.2760929749418652, 'MSE - std': 0.21866986379245684, 'R2 - mean': 0.5554510192873485, 'R2 - std': 0.015293501739696954}
Train time: 67.06038528919744
Inference time: 3.7190738268007406
Finished cross validation
Hyperparam was saved!!! Hurrah!!!
Trial 281 finished with value: 3.2760929749418652 and parameters: {'num_leaves': 1545, 'lambda_l1': 0.12251178757912415, 'lambda_l2': 1.2618888376013029e-08, 'learning_rate': 0.02409506534351511}. Best is trial 175 with value: 3.0347291833074177.
Training until validation scores don't improve for 20 rounds
[100]	train's l2: 1.90384	eval's l2: 3.37464
Did not meet early stopping. Best iteration is:
[100]	train's l2: 1.90384	eval's l2: 3.37464
Saved Losses
{'MSE - mean': 3.374637464994586, 'MSE - std': 0.0, 'R2 - mean': 0.5655614099927033, 'R2 - std': 0.0} 
 

Training until validation scores don't improve for 20 rounds
[100]	train's l2: 1.86945	eval's l2: 3.45599
Did not meet early stopping. Best iteration is:
[100]	train's l2: 1.86945	eval's l2: 3.45599
Saved Losses
{'MSE - mean': 3.4153118971803353, 'MSE - std': 0.04067443218574951, 'R2 - mean': 0.5506782729602916, 'R2 - std': 0.01488313703241173} 
 

Training until validation scores don't improve for 20 rounds
[100]	train's l2: 1.92135	eval's l2: 3.17858
Did not meet early stopping. Best iteration is:
[100]	train's l2: 1.92135	eval's l2: 3.17858
Saved Losses
{'MSE - mean': 3.336402832415136, 'MSE - std': 0.1164311840816662, 'R2 - mean': 0.5534327008704766, 'R2 - std': 0.012761096798806465} 
 

Training until validation scores don't improve for 20 rounds
[100]	train's l2: 1.97138	eval's l2: 2.84836
Did not meet early stopping. Best iteration is:
[100]	train's l2: 1.97138	eval's l2: 2.84836
Saved Losses
{'MSE - mean': 3.214392503620799, 'MSE - std': 0.23415107616131292, 'R2 - mean': 0.5605862371735878, 'R2 - std': 0.016602814175650266} 
 

Training until validation scores don't improve for 20 rounds
[100]	train's l2: 1.90649	eval's l2: 3.32321
Did not meet early stopping. Best iteration is:
[100]	train's l2: 1.90649	eval's l2: 3.32321
Saved Losses
{'MSE - mean': 3.236155318951016, 'MSE - std': 0.21390619836365038, 'R2 - mean': 0.5608577241180501, 'R2 - std': 0.014859931745637078} 
 

Saving model.....
Results After CV: {'MSE - mean': 3.236155318951016, 'MSE - std': 0.21390619836365038, 'R2 - mean': 0.5608577241180501, 'R2 - std': 0.014859931745637078}
Train time: 83.07685716779815
Inference time: 4.051775530801388
Finished cross validation
Hyperparam was saved!!! Hurrah!!!
Trial 282 finished with value: 3.236155318951016 and parameters: {'num_leaves': 2144, 'lambda_l1': 0.09115760316135374, 'lambda_l2': 2.9816655867570575e-07, 'learning_rate': 0.025621348264521077}. Best is trial 175 with value: 3.0347291833074177.
Training until validation scores don't improve for 20 rounds
[100]	train's l2: 1.57154	eval's l2: 3.37398
Did not meet early stopping. Best iteration is:
[100]	train's l2: 1.57154	eval's l2: 3.37398
Saved Losses
{'MSE - mean': 3.373983636212949, 'MSE - std': 0.0, 'R2 - mean': 0.5656455815391129, 'R2 - std': 0.0} 
 

Training until validation scores don't improve for 20 rounds
[100]	train's l2: 1.55305	eval's l2: 3.41655
Did not meet early stopping. Best iteration is:
[100]	train's l2: 1.55305	eval's l2: 3.41655
Saved Losses
{'MSE - mean': 3.395265294535611, 'MSE - std': 0.021281658322662045, 'R2 - mean': 0.5533690888883775, 'R2 - std': 0.012276492650735438} 
 

Training until validation scores don't improve for 20 rounds
[100]	train's l2: 1.59175	eval's l2: 3.10302
Did not meet early stopping. Best iteration is:
[100]	train's l2: 1.59175	eval's l2: 3.10302
Saved Losses
{'MSE - mean': 3.2978518133593955, 'MSE - std': 0.13885500333217932, 'R2 - mean': 0.5587214575609093, 'R2 - std': 0.012560674690574538} 
 

Training until validation scores don't improve for 20 rounds
[100]	train's l2: 1.62641	eval's l2: 2.82145
Did not meet early stopping. Best iteration is:
[100]	train's l2: 1.62641	eval's l2: 2.82145
Saved Losses
{'MSE - mean': 3.178750318846874, 'MSE - std': 0.2387803005864028, 'R2 - mean': 0.5655401700665372, 'R2 - std': 0.016056538612510912} 
 

Training until validation scores don't improve for 20 rounds
[100]	train's l2: 1.59426	eval's l2: 3.28099
Did not meet early stopping. Best iteration is:
[100]	train's l2: 1.59426	eval's l2: 3.28099
Saved Losses
{'MSE - mean': 3.199198820770755, 'MSE - std': 0.2174520417982552, 'R2 - mean': 0.5659337715214505, 'R2 - std': 0.014382963331430784} 
 

Saving model.....
Results After CV: {'MSE - mean': 3.199198820770755, 'MSE - std': 0.2174520417982552, 'R2 - mean': 0.5659337715214505, 'R2 - std': 0.014382963331430784}
Train time: 72.67826741020107
Inference time: 4.160426601799554
Finished cross validation
Hyperparam was saved!!! Hurrah!!!
Trial 283 finished with value: 3.199198820770755 and parameters: {'num_leaves': 1772, 'lambda_l1': 0.04701682967612347, 'lambda_l2': 4.9576151579391326e-08, 'learning_rate': 0.03461886686524772}. Best is trial 175 with value: 3.0347291833074177.
Training until validation scores don't improve for 20 rounds
[100]	train's l2: 1.28115	eval's l2: 3.34916
Did not meet early stopping. Best iteration is:
[100]	train's l2: 1.28115	eval's l2: 3.34916
Saved Losses
{'MSE - mean': 3.3491567701370193, 'MSE - std': 0.0, 'R2 - mean': 0.5688417022496213, 'R2 - std': 0.0} 
 

Training until validation scores don't improve for 20 rounds
[100]	train's l2: 1.26176	eval's l2: 3.40258
Did not meet early stopping. Best iteration is:
[100]	train's l2: 1.26176	eval's l2: 3.40258
Saved Losses
{'MSE - mean': 3.375866988467922, 'MSE - std': 0.026710218330902924, 'R2 - mean': 0.5559053508816916, 'R2 - std': 0.0129363513679297} 
 

Training until validation scores don't improve for 20 rounds
[100]	train's l2: 1.28944	eval's l2: 3.10888
Did not meet early stopping. Best iteration is:
[100]	train's l2: 1.28944	eval's l2: 3.10888
Saved Losses
{'MSE - mean': 3.2868727645946194, 'MSE - std': 0.1277324062554706, 'R2 - mean': 0.560141280273635, 'R2 - std': 0.012142994692554946} 
 

Training until validation scores don't improve for 20 rounds
[100]	train's l2: 1.33663	eval's l2: 2.79583
Did not meet early stopping. Best iteration is:
[100]	train's l2: 1.33663	eval's l2: 2.79583
Saved Losses
{'MSE - mean': 3.1641112945025345, 'MSE - std': 0.23968273054888423, 'R2 - mean': 0.5675448336595943, 'R2 - std': 0.016583939468467986} 
 

Training until validation scores don't improve for 20 rounds
[100]	train's l2: 1.3008	eval's l2: 3.22308
Did not meet early stopping. Best iteration is:
[100]	train's l2: 1.3008	eval's l2: 3.22308
Saved Losses
{'MSE - mean': 3.17590569849085, 'MSE - std': 0.21567262441129043, 'R2 - mean': 0.5690641982820586, 'R2 - std': 0.015141186018903284} 
 

Saving model.....
Results After CV: {'MSE - mean': 3.17590569849085, 'MSE - std': 0.21567262441129043, 'R2 - mean': 0.5690641982820586, 'R2 - std': 0.015141186018903284}
Train time: 104.64996250999829
Inference time: 5.280302803798986
Finished cross validation
Hyperparam was saved!!! Hurrah!!!
Trial 284 finished with value: 3.17590569849085 and parameters: {'num_leaves': 2804, 'lambda_l1': 0.17655763616599335, 'lambda_l2': 1.017364275087637e-08, 'learning_rate': 0.04099535703582939}. Best is trial 175 with value: 3.0347291833074177.
Training until validation scores don't improve for 20 rounds
[100]	train's l2: 1.25751	eval's l2: 3.38037
Did not meet early stopping. Best iteration is:
[100]	train's l2: 1.25751	eval's l2: 3.38037
Saved Losses
{'MSE - mean': 3.38036634543399, 'MSE - std': 0.0, 'R2 - mean': 0.5648238946992141, 'R2 - std': 0.0} 
 

Training until validation scores don't improve for 20 rounds
[100]	train's l2: 1.23432	eval's l2: 3.42255
Did not meet early stopping. Best iteration is:
[100]	train's l2: 1.23432	eval's l2: 3.42255
Saved Losses
{'MSE - mean': 3.4014562017844887, 'MSE - std': 0.02108985635049887, 'R2 - mean': 0.5525553483525065, 'R2 - std': 0.012268546346707543} 
 

Training until validation scores don't improve for 20 rounds
[100]	train's l2: 1.26434	eval's l2: 3.10589
Did not meet early stopping. Best iteration is:
[100]	train's l2: 1.26434	eval's l2: 3.10589
Saved Losses
{'MSE - mean': 3.302934097745314, 'MSE - std': 0.1403913506210467, 'R2 - mean': 0.5580464468740846, 'R2 - std': 0.012674744399325269} 
 

Training until validation scores don't improve for 20 rounds
[100]	train's l2: 1.2941	eval's l2: 2.78851
Did not meet early stopping. Best iteration is:
[100]	train's l2: 1.2941	eval's l2: 2.78851
Saved Losses
{'MSE - mean': 3.1743271901142593, 'MSE - std': 0.2537745230872658, 'R2 - mean': 0.5662422482033775, 'R2 - std': 0.017944367848405456} 
 

Training until validation scores don't improve for 20 rounds
[100]	train's l2: 1.25984	eval's l2: 3.2393
Did not meet early stopping. Best iteration is:
[100]	train's l2: 1.25984	eval's l2: 3.2393
Saved Losses
{'MSE - mean': 3.1873208369894312, 'MSE - std': 0.22846563481408322, 'R2 - mean': 0.5675947223981103, 'R2 - std': 0.016276271556249666} 
 

Saving model.....
Results After CV: {'MSE - mean': 3.1873208369894312, 'MSE - std': 0.22846563481408322, 'R2 - mean': 0.5675947223981103, 'R2 - std': 0.016276271556249666}
Train time: 88.78990200940025
Inference time: 4.925246927999251
Finished cross validation
Hyperparam was saved!!! Hurrah!!!
