Trial 23 finished with value: 108657336.55100067 and parameters: {'num_leaves': 39, 'lambda_l1': 5.139945678406761e-06, 'lambda_l2': 1.3676078839618663e-07, 'learning_rate': 0.2787658046706361}. Best is trial 3 with value: 48745669.870724514.
Training until validation scores don't improve for 20 rounds
Early stopping, best iteration is:
[2]	train's l2: 2.96968e+08	eval's l2: 1.10023e+07
Saved Losses
{'MSE - mean': 11002260.80412435, 'MSE - std': 0.0, 'R2 - mean': 0.4635859267934599, 'R2 - std': 0.0} 
 

Training until validation scores don't improve for 20 rounds
[100]	train's l2: 8.57398e+07	eval's l2: 2.98996e+08
Did not meet early stopping. Best iteration is:
[100]	train's l2: 8.57398e+07	eval's l2: 2.98996e+08
Saved Losses
{'MSE - mean': 154999162.40716255, 'MSE - std': 143996901.6030382, 'R2 - mean': 0.4923489644690484, 'R2 - std': 0.02876303767558852} 
 

Training until validation scores don't improve for 20 rounds
Early stopping, best iteration is:
[2]	train's l2: 2.96511e+08	eval's l2: 1.25643e+07
Saved Losses
{'MSE - mean': 107520879.74899767, 'MSE - std': 135394903.0152929, 'R2 - mean': 0.49595883027868454, 'R2 - std': 0.024033389687655584} 
 

Training until validation scores don't improve for 20 rounds
[100]	train's l2: 8.6792e+07	eval's l2: 3.12697e+08
Did not meet early stopping. Best iteration is:
[100]	train's l2: 8.6792e+07	eval's l2: 3.12697e+08
Saved Losses
{'MSE - mean': 158814939.19314268, 'MSE - std': 147112461.82655254, 'R2 - mean': 0.49638777267092304, 'R2 - std': 0.020826781787799342} 
 

Training until validation scores don't improve for 20 rounds
Early stopping, best iteration is:
[9]	train's l2: 2.59728e+08	eval's l2: 4.88329e+07
Saved Losses
{'MSE - mean': 136818536.50055164, 'MSE - std': 138740866.60171044, 'R2 - mean': 0.4482785855192022, 'R2 - std': 0.0980049969404953} 
 

Saving model.....
Results After CV: {'MSE - mean': 136818536.50055164, 'MSE - std': 138740866.60171044, 'R2 - mean': 0.4482785855192022, 'R2 - std': 0.0980049969404953}
Train time: 0.7732788803999995
Inference time: 0.02004197820000968
Finished cross validation
Hyperparam was saved!!! Hurrah!!!
Trial 24 finished with value: 136818536.50055164 and parameters: {'num_leaves': 52, 'lambda_l1': 3.5410207083580067e-06, 'lambda_l2': 9.107489891111741e-08, 'learning_rate': 0.19500656511345077}. Best is trial 3 with value: 48745669.870724514.
Training until validation scores don't improve for 20 rounds
Early stopping, best iteration is:
[3]	train's l2: 2.97705e+08	eval's l2: 1.0954e+07
Saved Losses
{'MSE - mean': 10953965.158608034, 'MSE - std': 0.0, 'R2 - mean': 0.4659405759324654, 'R2 - std': 0.0} 
 

Training until validation scores don't improve for 20 rounds
[100]	train's l2: 1.05558e+08	eval's l2: 3.73342e+08
Did not meet early stopping. Best iteration is:
[100]	train's l2: 1.05558e+08	eval's l2: 3.73342e+08
Saved Losses
{'MSE - mean': 192147827.52369916, 'MSE - std': 181193862.36509115, 'R2 - mean': 0.43398833484480137, 'R2 - std': 0.031952241087664035} 
 

Training until validation scores don't improve for 20 rounds
Early stopping, best iteration is:
[3]	train's l2: 2.97215e+08	eval's l2: 1.2519e+07
Saved Losses
{'MSE - mean': 132271535.42401151, 'MSE - std': 170463538.28233755, 'R2 - mean': 0.4576496651782696, 'R2 - std': 0.04243050294283363} 
 

Training until validation scores don't improve for 20 rounds
[100]	train's l2: 1.05978e+08	eval's l2: 3.79753e+08
Did not meet early stopping. Best iteration is:
[100]	train's l2: 1.05978e+08	eval's l2: 3.79753e+08
Saved Losses
{'MSE - mean': 194141838.76269943, 'MSE - std': 182420302.3746651, 'R2 - mean': 0.44072588821082376, 'R2 - std': 0.047005354647294315} 
 

Training until validation scores don't improve for 20 rounds
Early stopping, best iteration is:
[12]	train's l2: 2.6068e+08	eval's l2: 4.89271e+07
Saved Losses
{'MSE - mean': 165098889.38843304, 'MSE - std': 173192681.73972076, 'R2 - mean': 0.4034620809445709, 'R2 - std': 0.08556849899536675} 
 

Saving model.....
Results After CV: {'MSE - mean': 165098889.38843304, 'MSE - std': 173192681.73972076, 'R2 - mean': 0.4034620809445709, 'R2 - std': 0.08556849899536675}
Train time: 2.3830341669999995
Inference time: 0.025951310800007833
Finished cross validation
Hyperparam was saved!!! Hurrah!!!
Trial 25 finished with value: 165098889.38843304 and parameters: {'num_leaves': 213, 'lambda_l1': 7.37215592574084e-08, 'lambda_l2': 5.981012958484307e-07, 'learning_rate': 0.13042422917200122}. Best is trial 3 with value: 48745669.870724514.
Training until validation scores don't improve for 20 rounds
Early stopping, best iteration is:
[1]	train's l2: 3.02027e+08	eval's l2: 1.13542e+07
Saved Losses
{'MSE - mean': 11354241.564750064, 'MSE - std': 0.0, 'R2 - mean': 0.44642514167311464, 'R2 - std': 0.0} 
 

Training until validation scores don't improve for 20 rounds
[100]	train's l2: 6.1248e+07	eval's l2: 2.14305e+08
Did not meet early stopping. Best iteration is:
[100]	train's l2: 6.1248e+07	eval's l2: 2.14305e+08
Saved Losses
{'MSE - mean': 112829854.31779249, 'MSE - std': 101475612.75304243, 'R2 - mean': 0.5515910540203539, 'R2 - std': 0.10516591234723932} 
 

Training until validation scores don't improve for 20 rounds
Early stopping, best iteration is:
[1]	train's l2: 3.01457e+08	eval's l2: 1.32024e+07
Saved Losses
{'MSE - mean': 79620699.78795555, 'MSE - std': 95239500.96945137, 'R2 - mean': 0.5270432295380585, 'R2 - std': 0.09261985453190899} 
 

Training until validation scores don't improve for 20 rounds
[100]	train's l2: 6.45182e+07	eval's l2: 2.25057e+08
Did not meet early stopping. Best iteration is:
[100]	train's l2: 6.45182e+07	eval's l2: 2.25057e+08
Saved Losses
{'MSE - mean': 115979732.38966718, 'MSE - std': 103773116.28682828, 'R2 - mean': 0.5548980246419657, 'R2 - std': 0.09360286812366352} 
 

Training until validation scores don't improve for 20 rounds
Early stopping, best iteration is:
[6]	train's l2: 2.59433e+08	eval's l2: 4.84712e+07
Saved Losses
{'MSE - mean': 102478022.17749241, 'MSE - std': 96665777.01398695, 'R2 - mean': 0.4961893016196843, 'R2 - std': 0.1442083706738572} 
 

Saving model.....
Results After CV: {'MSE - mean': 102478022.17749241, 'MSE - std': 96665777.01398695, 'R2 - mean': 0.4961893016196843, 'R2 - std': 0.1442083706738572}
Train time: 0.517575155999998
Inference time: 0.018966186999995215
Finished cross validation
Hyperparam was saved!!! Hurrah!!!
Trial 26 finished with value: 102478022.17749241 and parameters: {'num_leaves': 31, 'lambda_l1': 4.6288770891950565e-06, 'lambda_l2': 1.8071475600149765e-05, 'learning_rate': 0.29538670686500074}. Best is trial 3 with value: 48745669.870724514.
Training until validation scores don't improve for 20 rounds
Early stopping, best iteration is:
[5]	train's l2: 2.94809e+08	eval's l2: 1.09772e+07
Saved Losses
{'MSE - mean': 10977215.129616182, 'MSE - std': 0.0, 'R2 - mean': 0.46480702603099977, 'R2 - std': 0.0} 
 

Training until validation scores don't improve for 20 rounds
[100]	train's l2: 1.18584e+08	eval's l2: 4.21008e+08
Did not meet early stopping. Best iteration is:
[100]	train's l2: 1.18584e+08	eval's l2: 4.21008e+08
Saved Losses
{'MSE - mean': 215992826.42158064, 'MSE - std': 205015611.29196447, 'R2 - mean': 0.39524876068743, 'R2 - std': 0.06955826534356979} 
 

Training until validation scores don't improve for 20 rounds
Early stopping, best iteration is:
[5]	train's l2: 2.9438e+08	eval's l2: 1.24131e+07
Saved Losses
{'MSE - mean': 148132903.47060454, 'MSE - std': 192953031.07605422, 'R2 - mean': 0.4332190407064816, 'R2 - std': 0.07816042805999311} 
 

Training until validation scores don't improve for 20 rounds
[100]	train's l2: 1.201e+08	eval's l2: 4.30518e+08
Did not meet early stopping. Best iteration is:
[100]	train's l2: 1.201e+08	eval's l2: 4.30518e+08
Saved Losses
{'MSE - mean': 218729264.19731322, 'MSE - std': 207062050.10731512, 'R2 - mean': 0.4020151007034829, 'R2 - std': 0.08661897598692361} 
 

Training until validation scores don't improve for 20 rounds
Early stopping, best iteration is:
[18]	train's l2: 2.60554e+08	eval's l2: 4.89702e+07
Saved Losses
{'MSE - mean': 184777441.4545398, 'MSE - std': 197257849.38993493, 'R2 - mean': 0.37236221815955456, 'R2 - std': 0.09756767586385688} 
 

Saving model.....
Results After CV: {'MSE - mean': 184777441.4545398, 'MSE - std': 197257849.38993493, 'R2 - mean': 0.37236221815955456, 'R2 - std': 0.09756767586385688}
Train time: 3.5770059565999928
Inference time: 0.03743215999998597
Finished cross validation
Hyperparam was saved!!! Hurrah!!!
Trial 27 finished with value: 184777441.4545398 and parameters: {'num_leaves': 606, 'lambda_l1': 3.118640990463757e-05, 'lambda_l2': 3.029376243038568e-05, 'learning_rate': 0.09037933381367537}. Best is trial 3 with value: 48745669.870724514.
Training until validation scores don't improve for 20 rounds
Early stopping, best iteration is:
[2]	train's l2: 2.95094e+08	eval's l2: 1.09766e+07
Saved Losses
{'MSE - mean': 10976573.897799283, 'MSE - std': 0.0, 'R2 - mean': 0.4648382892210746, 'R2 - std': 0.0} 
 

Training until validation scores don't improve for 20 rounds
[100]	train's l2: 8.32661e+07	eval's l2: 2.93323e+08
Did not meet early stopping. Best iteration is:
[100]	train's l2: 8.32661e+07	eval's l2: 2.93323e+08
Saved Losses
{'MSE - mean': 152149836.75870234, 'MSE - std': 141173262.86090305, 'R2 - mean': 0.4975182064216491, 'R2 - std': 0.032679917200574504} 
 

Training until validation scores don't improve for 20 rounds
Early stopping, best iteration is:
[2]	train's l2: 2.94666e+08	eval's l2: 1.24348e+07
Saved Losses
{'MSE - mean': 105578144.65499978, 'MSE - std': 132757065.50688705, 'R2 - mean': 0.5011126108731618, 'R2 - std': 0.027162918575631356} 
 

Training until validation scores don't improve for 20 rounds
[100]	train's l2: 8.53723e+07	eval's l2: 3.03488e+08
Did not meet early stopping. Best iteration is:
[100]	train's l2: 8.53723e+07	eval's l2: 3.03488e+08
Saved Losses
{'MSE - mean': 155055514.98334008, 'MSE - std': 143395813.59064537, 'R2 - mean': 0.5039517043560798, 'R2 - std': 0.024032258832120342} 
 

Training until validation scores don't improve for 20 rounds
Early stopping, best iteration is:
[7]	train's l2: 2.60871e+08	eval's l2: 4.9005e+07
Saved Losses
{'MSE - mean': 133845402.73584518, 'MSE - std': 135090202.94034588, 'R2 - mean': 0.4538054286665793, 'R2 - std': 0.1025701488434563} 
 

Saving model.....
Results After CV: {'MSE - mean': 133845402.73584518, 'MSE - std': 135090202.94034588, 'R2 - mean': 0.4538054286665793, 'R2 - std': 0.1025701488434563}
Train time: 4.896472625600007
Inference time: 0.03264506400000755
Finished cross validation
Hyperparam was saved!!! Hurrah!!!
Trial 28 finished with value: 133845402.73584518 and parameters: {'num_leaves': 1887, 'lambda_l1': 0.002796500336931865, 'lambda_l2': 0.0008390382903257176, 'learning_rate': 0.2086654372239424}. Best is trial 3 with value: 48745669.870724514.
Training until validation scores don't improve for 20 rounds
Early stopping, best iteration is:
[6]	train's l2: 2.97812e+08	eval's l2: 1.09564e+07
Saved Losses
{'MSE - mean': 10956356.10291877, 'MSE - std': 0.0, 'R2 - mean': 0.46582400569300597, 'R2 - std': 0.0} 
 

Training until validation scores don't improve for 20 rounds
[100]	train's l2: 1.26874e+08	eval's l2: 4.51801e+08
Did not meet early stopping. Best iteration is:
[100]	train's l2: 1.26874e+08	eval's l2: 4.51801e+08
Saved Losses
{'MSE - mean': 231378456.16229534, 'MSE - std': 220422100.0593766, 'R2 - mean': 0.3710981031967164, 'R2 - std': 0.0947259024962896} 
 

Training until validation scores don't improve for 20 rounds
Early stopping, best iteration is:
[7]	train's l2: 2.93754e+08	eval's l2: 1.2431e+07
Saved Losses
{'MSE - mean': 158395965.5539135, 'MSE - std': 207469249.1283041, 'R2 - mean': 0.4168823140418903, 'R2 - std': 0.10086815979909156} 
 

Training until validation scores don't improve for 20 rounds
[100]	train's l2: 1.27823e+08	eval's l2: 4.59078e+08
Did not meet early stopping. Best iteration is:
[100]	train's l2: 1.27823e+08	eval's l2: 4.59078e+08
Saved Losses
{'MSE - mean': 233566573.5994492, 'MSE - std': 221888435.800975, 'R2 - mean': 0.3782926392723146, 'R2 - std': 0.10999217355069495} 
 

Training until validation scores don't improve for 20 rounds
Early stopping, best iteration is:
[24]	train's l2: 2.60715e+08	eval's l2: 4.90496e+07
Saved Losses
{'MSE - mean': 196663171.77467772, 'MSE - std': 211742831.3278277, 'R2 - mean': 0.35314221325847794, 'R2 - std': 0.1104934310655382} 
 

Saving model.....
Results After CV: {'MSE - mean': 196663171.77467772, 'MSE - std': 211742831.3278277, 'R2 - mean': 0.35314221325847794, 'R2 - std': 0.1104934310655382}
Train time: 1.5677664157999858
Inference time: 0.019928160199992818
Finished cross validation
Hyperparam was saved!!! Hurrah!!!
Trial 29 finished with value: 196663171.77467772 and parameters: {'num_leaves': 110, 'lambda_l1': 1.6107000676804705e-06, 'lambda_l2': 0.03703907351337544, 'learning_rate': 0.06730731105272007}. Best is trial 3 with value: 48745669.870724514.
Training until validation scores don't improve for 20 rounds
Early stopping, best iteration is:
[2]	train's l2: 3.01526e+08	eval's l2: 1.13484e+07
Saved Losses
{'MSE - mean': 11348351.95816108, 'MSE - std': 0.0, 'R2 - mean': 0.44671228882552494, 'R2 - std': 0.0} 
 

Training until validation scores don't improve for 20 rounds
[100]	train's l2: 9.67444e+07	eval's l2: 3.40511e+08
Did not meet early stopping. Best iteration is:
[100]	train's l2: 9.67444e+07	eval's l2: 3.40511e+08
Saved Losses
{'MSE - mean': 175929443.90761217, 'MSE - std': 164581091.94945112, 'R2 - mean': 0.4506662524821406, 'R2 - std': 0.0039539636566156555} 
 

Training until validation scores don't improve for 20 rounds
Early stopping, best iteration is:
[3]	train's l2: 2.91625e+08	eval's l2: 1.2888e+07
Saved Losses
{'MSE - mean': 121582292.87264527, 'MSE - std': 154806921.25811902, 'R2 - mean': 0.46390405679729424, 'R2 - std': 0.018997407153902825} 
 

Training until validation scores don't improve for 20 rounds
[100]	train's l2: 9.8105e+07	eval's l2: 3.50321e+08
Did not meet early stopping. Best iteration is:
[100]	train's l2: 9.8105e+07	eval's l2: 3.50321e+08
Saved Losses
{'MSE - mean': 178767011.11466068, 'MSE - std': 166685821.69254577, 'R2 - mean': 0.45723661153738493, 'R2 - std': 0.020100760876395462} 
 

Training until validation scores don't improve for 20 rounds
Early stopping, best iteration is:
[12]	train's l2: 2.5934e+08	eval's l2: 4.90551e+07
Saved Losses
{'MSE - mean': 152824633.0369187, 'MSE - std': 157858666.0401302, 'R2 - mean': 0.41628045688525317, 'R2 - std': 0.08386214214891817} 
 

Saving model.....
Results After CV: {'MSE - mean': 152824633.0369187, 'MSE - std': 157858666.0401302, 'R2 - mean': 0.41628045688525317, 'R2 - std': 0.08386214214891817}
Train time: 0.4199125373999891
Inference time: 0.024547614400012206
Finished cross validation
Hyperparam was saved!!! Hurrah!!!
Trial 30 finished with value: 152824633.0369187 and parameters: {'num_leaves': 21, 'lambda_l1': 1.28883083476642e-07, 'lambda_l2': 1.0625720575727307e-05, 'learning_rate': 0.16439778409920092}. Best is trial 3 with value: 48745669.870724514.
Training until validation scores don't improve for 20 rounds
Early stopping, best iteration is:
[2]	train's l2: 2.9322e+08	eval's l2: 1.10869e+07
Saved Losses
{'MSE - mean': 11086857.270905443, 'MSE - std': 0.0, 'R2 - mean': 0.4594614349155799, 'R2 - std': 0.0} 
 

Training until validation scores don't improve for 20 rounds
[100]	train's l2: 7.75039e+07	eval's l2: 2.71261e+08
Did not meet early stopping. Best iteration is:
[100]	train's l2: 7.75039e+07	eval's l2: 2.71261e+08
Saved Losses
{'MSE - mean': 141174098.93982774, 'MSE - std': 130087241.6689223, 'R2 - mean': 0.5124974225485063, 'R2 - std': 0.053035987632926385} 
 

Training until validation scores don't improve for 20 rounds
Early stopping, best iteration is:
[2]	train's l2: 2.92831e+08	eval's l2: 1.24931e+07
Saved Losses
{'MSE - mean': 98280437.74828632, 'MSE - std': 122317316.7251823, 'R2 - mean': 0.5103295931054063, 'R2 - std': 0.04341209077114374} 
 

Training until validation scores don't improve for 20 rounds
[100]	train's l2: 8.08507e+07	eval's l2: 2.8675e+08
Did not meet early stopping. Best iteration is:
[100]	train's l2: 8.08507e+07	eval's l2: 2.8675e+08
Saved Losses
{'MSE - mean': 145397745.72805303, 'MSE - std': 133720853.31733786, 'R2 - mean': 0.5175865213800674, 'R2 - std': 0.039641471249087706} 
 

Training until validation scores don't improve for 20 rounds
Early stopping, best iteration is:
[6]	train's l2: 2.61547e+08	eval's l2: 4.89923e+07
Saved Losses
{'MSE - mean': 126116653.88641524, 'MSE - std': 125666444.6061727, 'R2 - mean': 0.46475188910480264, 'R2 - std': 0.11145918744044213} 
 

Saving model.....
Results After CV: {'MSE - mean': 126116653.88641524, 'MSE - std': 125666444.6061727, 'R2 - mean': 0.46475188910480264, 'R2 - std': 0.11145918744044213}
Train time: 2.6549624137999785
Inference time: 0.02618873960000201
Finished cross validation
Hyperparam was saved!!! Hurrah!!!
Trial 31 finished with value: 126116653.88641524 and parameters: {'num_leaves': 246, 'lambda_l1': 8.581227397874891e-06, 'lambda_l2': 9.795218997275217e-05, 'learning_rate': 0.22364901865090078}. Best is trial 3 with value: 48745669.870724514.
Training until validation scores don't improve for 20 rounds
Early stopping, best iteration is:
[10]	train's l2: 2.97639e+08	eval's l2: 1.09408e+07
Saved Losses
{'MSE - mean': 10940847.00376341, 'MSE - std': 0.0, 'R2 - mean': 0.4665801501980128, 'R2 - std': 0.0} 
 

Training until validation scores don't improve for 20 rounds
[100]	train's l2: 1.3728e+08	eval's l2: 4.88878e+08
Did not meet early stopping. Best iteration is:
[100]	train's l2: 1.3728e+08	eval's l2: 4.88878e+08
Saved Losses
{'MSE - mean': 249909337.26805037, 'MSE - std': 238968490.26428697, 'R2 - mean': 0.3417837106291831, 'R2 - std': 0.12479643956882969} 
 

Training until validation scores don't improve for 20 rounds
Early stopping, best iteration is:
[11]	train's l2: 2.94942e+08	eval's l2: 1.24078e+07
Saved Losses
{'MSE - mean': 170742157.996917, 'MSE - std': 224956686.4390208, 'R2 - mean': 0.3976449799116293, 'R2 - std': 0.12893304605257838} 
 

Training until validation scores don't improve for 20 rounds
[100]	train's l2: 1.38203e+08	eval's l2: 4.96009e+08
Did not meet early stopping. Best iteration is:
[100]	train's l2: 1.38203e+08	eval's l2: 4.96009e+08
Saved Losses
{'MSE - mean': 252058991.15018678, 'MSE - std': 240398450.79044935, 'R2 - mean': 0.34903285340524515, 'R2 - std': 0.13984711045894124} 
 

Training until validation scores don't improve for 20 rounds
Early stopping, best iteration is:
[39]	train's l2: 2.60857e+08	eval's l2: 4.89789e+07
Saved Losses
{'MSE - mean': 211442964.78211576, 'MSE - std': 229851644.55727926, 'R2 - mean': 0.32994987780216684, 'R2 - std': 0.1307761877194888} 
 

Saving model.....
Results After CV: {'MSE - mean': 211442964.78211576, 'MSE - std': 229851644.55727926, 'R2 - mean': 0.32994987780216684, 'R2 - std': 0.1307761877194888}
Train time: 3.682556779799995
Inference time: 0.031839769199996225
Finished cross validation
Hyperparam was saved!!! Hurrah!!!
Trial 32 finished with value: 211442964.78211576 and parameters: {'num_leaves': 511, 'lambda_l1': 0.11801605805831632, 'lambda_l2': 0.0010749942544055855, 'learning_rate': 0.04116582992982205}. Best is trial 3 with value: 48745669.870724514.
Training until validation scores don't improve for 20 rounds
Early stopping, best iteration is:
[1]	train's l2: 3.02268e+08	eval's l2: 1.13368e+07
Saved Losses
{'MSE - mean': 11336752.727683948, 'MSE - std': 0.0, 'R2 - mean': 0.44727780809261664, 'R2 - std': 0.0} 
 

Training until validation scores don't improve for 20 rounds
[100]	train's l2: 6.27948e+07	eval's l2: 2.19117e+08
Did not meet early stopping. Best iteration is:
[100]	train's l2: 6.27948e+07	eval's l2: 2.19117e+08
Saved Losses
{'MSE - mean': 115226961.30650768, 'MSE - std': 103890208.57882372, 'R2 - mean': 0.5481640476640185, 'R2 - std': 0.10088623957140186} 
 

Training until validation scores don't improve for 20 rounds
Early stopping, best iteration is:
[1]	train's l2: 3.01693e+08	eval's l2: 1.32024e+07
Saved Losses
{'MSE - mean': 81218783.10833539, 'MSE - std': 97511859.07921635, 'R2 - mean': 0.5247580843413925, 'R2 - std': 0.08877518681868495} 
 

Training until validation scores don't improve for 20 rounds
[100]	train's l2: 6.42269e+07	eval's l2: 2.23966e+08
Did not meet early stopping. Best iteration is:
[100]	train's l2: 6.42269e+07	eval's l2: 2.23966e+08
Saved Losses
{'MSE - mean': 116905649.44907802, 'MSE - std': 104652182.41145186, 'R2 - mean': 0.5536221509943696, 'R2 - std': 0.09170702468874357} 
 

Training until validation scores don't improve for 20 rounds
Early stopping, best iteration is:
[6]	train's l2: 2.59464e+08	eval's l2: 4.87216e+07
Saved Losses
{'MSE - mean': 103268841.95378083, 'MSE - std': 97496223.01114546, 'R2 - mean': 0.4944053471518588, 'R2 - std': 0.1440647844932935} 
 

Saving model.....
Results After CV: {'MSE - mean': 103268841.95378083, 'MSE - std': 97496223.01114546, 'R2 - mean': 0.4944053471518588, 'R2 - std': 0.1440647844932935}
Train time: 0.5824347957999976
Inference time: 0.019066385800010723
Finished cross validation
Hyperparam was saved!!! Hurrah!!!
