Trial 63 finished with value: 105752627.996443 and parameters: {'num_leaves': 20, 'lambda_l1': 8.860753482914682e-07, 'lambda_l2': 3.379596868519889e-05, 'learning_rate': 0.29409151636175596}. Best is trial 3 with value: 48745669.870724514.
Training until validation scores don't improve for 20 rounds
Early stopping, best iteration is:
[2]	train's l2: 2.94145e+08	eval's l2: 1.12159e+07
Saved Losses
{'MSE - mean': 11215945.569160633, 'MSE - std': 0.0, 'R2 - mean': 0.45316774845393837, 'R2 - std': 0.0} 
 

Training until validation scores don't improve for 20 rounds
[100]	train's l2: 8.15821e+07	eval's l2: 2.81596e+08
Did not meet early stopping. Best iteration is:
[100]	train's l2: 8.15821e+07	eval's l2: 2.81596e+08
Saved Losses
{'MSE - mean': 146405775.3929138, 'MSE - std': 135189829.82375315, 'R2 - mean': 0.5010746254121117, 'R2 - std': 0.04790687695817325} 
 

Training until validation scores don't improve for 20 rounds
Early stopping, best iteration is:
[2]	train's l2: 2.93734e+08	eval's l2: 1.27003e+07
Saved Losses
{'MSE - mean': 101837269.39860868, 'MSE - std': 127109782.64861852, 'R2 - mean': 0.4999841065418355, 'R2 - std': 0.03914619227208726} 
 

Training until validation scores don't improve for 20 rounds
[100]	train's l2: 8.2194e+07	eval's l2: 2.90702e+08
Did not meet early stopping. Best iteration is:
[100]	train's l2: 8.2194e+07	eval's l2: 2.90702e+08
Saved Losses
{'MSE - mean': 149053525.83544552, 'MSE - std': 137134230.77212226, 'R2 - mean': 0.5082400044124783, 'R2 - std': 0.03679399171065667} 
 

Training until validation scores don't improve for 20 rounds
Early stopping, best iteration is:
[9]	train's l2: 2.59237e+08	eval's l2: 4.90447e+07
Saved Losses
{'MSE - mean': 129051752.98146245, 'MSE - std': 129015198.5960518, 'R2 - mean': 0.4571150483235069, 'R2 - std': 0.10741546816543736} 
 

Saving model.....
Results After CV: {'MSE - mean': 129051752.98146245, 'MSE - std': 129015198.5960518, 'R2 - mean': 0.4571150483235069, 'R2 - std': 0.10741546816543736}
Train time: 0.564524990200016
Inference time: 0.025244131199974616
Finished cross validation
Hyperparam was saved!!! Hurrah!!!
Trial 64 finished with value: 129051752.98146245 and parameters: {'num_leaves': 24, 'lambda_l1': 2.633545225346356e-06, 'lambda_l2': 0.00010431696386900225, 'learning_rate': 0.2180619649411985}. Best is trial 3 with value: 48745669.870724514.
Training until validation scores don't improve for 20 rounds
Early stopping, best iteration is:
[1]	train's l2: 3.05282e+08	eval's l2: 1.18774e+07
Saved Losses
{'MSE - mean': 11877417.188643457, 'MSE - std': 0.0, 'R2 - mean': 0.4209177689238859, 'R2 - std': 0.0} 
 

Training until validation scores don't improve for 20 rounds
[100]	train's l2: 7.17699e+07	eval's l2: 2.49757e+08
Did not meet early stopping. Best iteration is:
[100]	train's l2: 7.17699e+07	eval's l2: 2.49757e+08
Saved Losses
{'MSE - mean': 130817250.27241538, 'MSE - std': 118939833.08377193, 'R2 - mean': 0.5104467705992015, 'R2 - std': 0.08952900167531563} 
 

Training until validation scores don't improve for 20 rounds
Early stopping, best iteration is:
[2]	train's l2: 2.88931e+08	eval's l2: 1.34608e+07
Saved Losses
{'MSE - mean': 91698427.85139166, 'MSE - std': 111766216.41270764, 'R2 - mean': 0.49620790199403464, 'R2 - std': 0.07582294410200778} 
 

Training until validation scores don't improve for 20 rounds
[100]	train's l2: 7.33722e+07	eval's l2: 2.58569e+08
Did not meet early stopping. Best iteration is:
[100]	train's l2: 7.33722e+07	eval's l2: 2.58569e+08
Saved Losses
{'MSE - mean': 133415953.82885918, 'MSE - std': 120788332.5054667, 'R2 - mean': 0.5183129951858377, 'R2 - std': 0.076011476595821} 
 

Training until validation scores don't improve for 20 rounds
Early stopping, best iteration is:
[6]	train's l2: 2.60269e+08	eval's l2: 4.90895e+07
Saved Losses
{'MSE - mean': 116550659.15461579, 'MSE - std': 113179546.17932162, 'R2 - mean': 0.465036843169577, 'R2 - std': 0.12639457723360012} 
 

Saving model.....
Results After CV: {'MSE - mean': 116550659.15461579, 'MSE - std': 113179546.17932162, 'R2 - mean': 0.465036843169577, 'R2 - std': 0.12639457723360012}
Train time: 0.36007144860002427
Inference time: 0.013260653600013939
Finished cross validation
Hyperparam was saved!!! Hurrah!!!
Trial 65 finished with value: 116550659.15461579 and parameters: {'num_leaves': 17, 'lambda_l1': 1.2561816564594714e-08, 'lambda_l2': 0.00040589480229705487, 'learning_rate': 0.26210824621267487}. Best is trial 3 with value: 48745669.870724514.
Training until validation scores don't improve for 20 rounds
Early stopping, best iteration is:
[2]	train's l2: 2.97843e+08	eval's l2: 1.1029e+07
Saved Losses
{'MSE - mean': 11029038.404353227, 'MSE - std': 0.0, 'R2 - mean': 0.4622803876987963, 'R2 - std': 0.0} 
 

Training until validation scores don't improve for 20 rounds
[100]	train's l2: 8.74013e+07	eval's l2: 3.0588e+08
Did not meet early stopping. Best iteration is:
[100]	train's l2: 8.74013e+07	eval's l2: 3.0588e+08
Saved Losses
{'MSE - mean': 158454689.161556, 'MSE - std': 147425650.7572028, 'R2 - mean': 0.4861830837082847, 'R2 - std': 0.02390269600948841} 
 

Training until validation scores don't improve for 20 rounds
Early stopping, best iteration is:
[2]	train's l2: 2.97365e+08	eval's l2: 1.26204e+07
Saved Losses
{'MSE - mean': 109843260.53993487, 'MSE - std': 138620670.6064903, 'R2 - mean': 0.49110894954885903, 'R2 - std': 0.02072247313683099} 
 

Training until validation scores don't improve for 20 rounds
[100]	train's l2: 8.94992e+07	eval's l2: 3.21298e+08
Did not meet early stopping. Best iteration is:
[100]	train's l2: 8.94992e+07	eval's l2: 3.21298e+08
Saved Losses
{'MSE - mean': 162707025.14335978, 'MSE - std': 150981788.847807, 'R2 - mean': 0.4892960594557445, 'R2 - std': 0.018218819422485908} 
 

Training until validation scores don't improve for 20 rounds
Early stopping, best iteration is:
[9]	train's l2: 2.59935e+08	eval's l2: 4.88435e+07
Saved Losses
{'MSE - mean': 139934311.43386996, 'MSE - std': 142515916.33822715, 'R2 - mean': 0.4425731192674537, 'R2 - std': 0.09485606392990245} 
 

Saving model.....
Results After CV: {'MSE - mean': 139934311.43386996, 'MSE - std': 142515916.33822715, 'R2 - mean': 0.4425731192674537, 'R2 - std': 0.09485606392990245}
Train time: 0.7236933945999908
Inference time: 0.024805457800016483
Finished cross validation
Hyperparam was saved!!! Hurrah!!!
Trial 66 finished with value: 139934311.43386996 and parameters: {'num_leaves': 48, 'lambda_l1': 2.78799869286888e-07, 'lambda_l2': 1.3456465631523791e-05, 'learning_rate': 0.18870278932307885}. Best is trial 3 with value: 48745669.870724514.
Training until validation scores don't improve for 20 rounds
Early stopping, best iteration is:
[2]	train's l2: 2.92289e+08	eval's l2: 1.13422e+07
Saved Losses
{'MSE - mean': 11342245.846744219, 'MSE - std': 0.0, 'R2 - mean': 0.44700999164814337, 'R2 - std': 0.0} 
 

Training until validation scores don't improve for 20 rounds
[100]	train's l2: 7.70209e+07	eval's l2: 2.67887e+08
Did not meet early stopping. Best iteration is:
[100]	train's l2: 7.70209e+07	eval's l2: 2.67887e+08
Saved Losses
{'MSE - mean': 139614677.4585055, 'MSE - std': 128272431.61176127, 'R2 - mean': 0.5089738752579752, 'R2 - std': 0.06196388360983185} 
 

Training until validation scores don't improve for 20 rounds
Early stopping, best iteration is:
[2]	train's l2: 2.91927e+08	eval's l2: 1.28033e+07
Saved Losses
{'MSE - mean': 97344221.55063306, 'MSE - std': 120593507.39729492, 'R2 - mean': 0.5038919656940185, 'R2 - std': 0.051101208638423226} 
 

Training until validation scores don't improve for 20 rounds
[100]	train's l2: 8.00436e+07	eval's l2: 2.81851e+08
Did not meet early stopping. Best iteration is:
[100]	train's l2: 8.00436e+07	eval's l2: 2.81851e+08
Saved Losses
{'MSE - mean': 143470998.54555243, 'MSE - std': 131491954.83984236, 'R2 - mean': 0.5147255084895195, 'R2 - std': 0.04806867058424433} 
 

Training until validation scores don't improve for 20 rounds
Early stopping, best iteration is:
[8]	train's l2: 2.59383e+08	eval's l2: 4.85702e+07
Saved Losses
{'MSE - mean': 124490834.07182577, 'MSE - std': 123584359.54392196, 'R2 - mean': 0.46374957495342495, 'R2 - std': 0.11064655834184177} 
 

Saving model.....
Results After CV: {'MSE - mean': 124490834.07182577, 'MSE - std': 123584359.54392196, 'R2 - mean': 0.46374957495342495, 'R2 - std': 0.11064655834184177}
Train time: 0.5030871659999775
Inference time: 0.013356368800009477
Finished cross validation
Hyperparam was saved!!! Hurrah!!!
Trial 67 finished with value: 124490834.07182577 and parameters: {'num_leaves': 29, 'lambda_l1': 1.13201386637246e-06, 'lambda_l2': 5.210903881445431e-07, 'learning_rate': 0.23309373641041853}. Best is trial 3 with value: 48745669.870724514.
Training until validation scores don't improve for 20 rounds
Early stopping, best iteration is:
[3]	train's l2: 2.95554e+08	eval's l2: 1.09684e+07
Saved Losses
{'MSE - mean': 10968406.068835719, 'MSE - std': 0.0, 'R2 - mean': 0.4652365108667529, 'R2 - std': 0.0} 
 

Training until validation scores don't improve for 20 rounds
[100]	train's l2: 1.01307e+08	eval's l2: 3.57647e+08
Did not meet early stopping. Best iteration is:
[100]	train's l2: 1.01307e+08	eval's l2: 3.57647e+08
Saved Losses
{'MSE - mean': 184307514.0039573, 'MSE - std': 173339107.93512157, 'R2 - mean': 0.4462053300874826, 'R2 - std': 0.019031180779270296} 
 

Training until validation scores don't improve for 20 rounds
Early stopping, best iteration is:
[3]	train's l2: 2.95128e+08	eval's l2: 1.24349e+07
Saved Losses
{'MSE - mean': 127016634.63952933, 'MSE - std': 163081126.87614927, 'R2 - mean': 0.46690250475987066, 'R2 - std': 0.033139150664144384} 
 

Training until validation scores don't improve for 20 rounds
[100]	train's l2: 1.01736e+08	eval's l2: 3.66674e+08
Did not meet early stopping. Best iteration is:
[100]	train's l2: 1.01736e+08	eval's l2: 3.66674e+08
Saved Losses
{'MSE - mean': 186931032.33544713, 'MSE - std': 175259224.04024795, 'R2 - mean': 0.4529179443744189, 'R2 - std': 0.03755471032478725} 
 

Training until validation scores don't improve for 20 rounds
Early stopping, best iteration is:
[11]	train's l2: 2.60657e+08	eval's l2: 4.90796e+07
Saved Losses
{'MSE - mean': 159360751.83751518, 'MSE - std': 166171952.9760978, 'R2 - mean': 0.4127508249412313, 'R2 - std': 0.08707396251637331} 
 

Saving model.....
Results After CV: {'MSE - mean': 159360751.83751518, 'MSE - std': 166171952.9760978, 'R2 - mean': 0.4127508249412313, 'R2 - std': 0.08707396251637331}
Train time: 1.2509840537999708
Inference time: 0.025399331600010556
Finished cross validation
Hyperparam was saved!!! Hurrah!!!
Trial 68 finished with value: 159360751.83751518 and parameters: {'num_leaves': 94, 'lambda_l1': 6.41209969298349e-06, 'lambda_l2': 3.463366212831975e-08, 'learning_rate': 0.1420044291774949}. Best is trial 3 with value: 48745669.870724514.
Training until validation scores don't improve for 20 rounds
Early stopping, best iteration is:
[1]	train's l2: 3.05227e+08	eval's l2: 1.23158e+07
Saved Losses
{'MSE - mean': 12315776.381753383, 'MSE - std': 0.0, 'R2 - mean': 0.39954561237443553, 'R2 - std': 0.0} 
 

Training until validation scores don't improve for 20 rounds
[100]	train's l2: 7.56937e+07	eval's l2: 2.60403e+08
Did not meet early stopping. Best iteration is:
[100]	train's l2: 7.56937e+07	eval's l2: 2.60403e+08
Saved Losses
{'MSE - mean': 136359567.60663432, 'MSE - std': 124043791.22488095, 'R2 - mean': 0.4912348718193233, 'R2 - std': 0.09168925944488776} 
 

Training until validation scores don't improve for 20 rounds
Early stopping, best iteration is:
[2]	train's l2: 2.88975e+08	eval's l2: 1.41669e+07
Saved Losses
{'MSE - mean': 95628686.20039572, 'MSE - std': 116515739.25677471, 'R2 - mean': 0.4740925063871506, 'R2 - std': 0.07869139036083674} 
 

Training until validation scores don't improve for 20 rounds
[100]	train's l2: 7.55488e+07	eval's l2: 2.6152e+08
Did not meet early stopping. Best iteration is:
[100]	train's l2: 7.55488e+07	eval's l2: 2.6152e+08
Saved Losses
{'MSE - mean': 137101569.6887453, 'MSE - std': 123862578.34967424, 'R2 - mean': 0.50054102977212, 'R2 - std': 0.08211470243158042} 
 

Training until validation scores don't improve for 20 rounds
Early stopping, best iteration is:
[6]	train's l2: 2.60443e+08	eval's l2: 4.86374e+07
Saved Losses
{'MSE - mean': 119408738.3506743, 'MSE - std': 116300024.82963218, 'R2 - mean': 0.4521970694654037, 'R2 - std': 0.12141998796281872} 
 

Saving model.....
Results After CV: {'MSE - mean': 119408738.3506743, 'MSE - std': 116300024.82963218, 'R2 - mean': 0.4521970694654037, 'R2 - std': 0.12141998796281872}
Train time: 0.22946379719996912
Inference time: 0.007346937399961462
Finished cross validation
Hyperparam was saved!!! Hurrah!!!
Trial 69 finished with value: 119408738.3506743 and parameters: {'num_leaves': 8, 'lambda_l1': 7.412220824984046e-05, 'lambda_l2': 3.5048323910671214e-05, 'learning_rate': 0.2677420093237302}. Best is trial 3 with value: 48745669.870724514.
Training until validation scores don't improve for 20 rounds
Early stopping, best iteration is:
[2]	train's l2: 2.95714e+08	eval's l2: 1.10003e+07
Saved Losses
{'MSE - mean': 11000313.999435596, 'MSE - std': 0.0, 'R2 - mean': 0.4636808430521656, 'R2 - std': 0.0} 
 

Training until validation scores don't improve for 20 rounds
[100]	train's l2: 8.35819e+07	eval's l2: 2.91374e+08
Did not meet early stopping. Best iteration is:
[100]	train's l2: 8.35819e+07	eval's l2: 2.91374e+08
Saved Losses
{'MSE - mean': 151187258.27236068, 'MSE - std': 140186944.27292508, 'R2 - mean': 0.49850021193915256, 'R2 - std': 0.034819368886986946} 
 

Training until validation scores don't improve for 20 rounds
Early stopping, best iteration is:
[2]	train's l2: 2.95286e+08	eval's l2: 1.24833e+07
Saved Losses
{'MSE - mean': 104952590.87115045, 'MSE - std': 131821375.9946436, 'R2 - mean': 0.5011280723337946, 'R2 - std': 0.028671767768419384} 
 

Training until validation scores don't improve for 20 rounds
[100]	train's l2: 8.48513e+07	eval's l2: 3.02321e+08
Did not meet early stopping. Best iteration is:
[100]	train's l2: 8.48513e+07	eval's l2: 3.02321e+08
Saved Losses
{'MSE - mean': 154294769.7927441, 'MSE - std': 142606480.35426924, 'R2 - mean': 0.504431702486557, 'R2 - std': 0.025481260109801313} 
 

Training until validation scores don't improve for 20 rounds
Early stopping, best iteration is:
[8]	train's l2: 2.60099e+08	eval's l2: 4.91499e+07
Saved Losses
{'MSE - mean': 133265799.88304591, 'MSE - std': 134306205.71320608, 'R2 - mean': 0.45374760230981953, 'R2 - std': 0.10389873789574605} 
 

Saving model.....
Results After CV: {'MSE - mean': 133265799.88304591, 'MSE - std': 134306205.71320608, 'R2 - mean': 0.45374760230981953, 'R2 - std': 0.10389873789574605}
Train time: 0.9507935876000146
Inference time: 0.019504342200002613
Finished cross validation
Hyperparam was saved!!! Hurrah!!!
Trial 70 finished with value: 133265799.88304591 and parameters: {'num_leaves': 69, 'lambda_l1': 1.537344569764747e-07, 'lambda_l2': 0.003303799044374911, 'learning_rate': 0.2042439290121871}. Best is trial 3 with value: 48745669.870724514.
Training until validation scores don't improve for 20 rounds
Early stopping, best iteration is:
[1]	train's l2: 3.01596e+08	eval's l2: 1.12862e+07
Saved Losses
{'MSE - mean': 11286181.36743166, 'MSE - std': 0.0, 'R2 - mean': 0.4497434094652324, 'R2 - std': 0.0} 
 

Training until validation scores don't improve for 20 rounds
[100]	train's l2: 6.0334e+07	eval's l2: 2.10938e+08
Did not meet early stopping. Best iteration is:
[100]	train's l2: 6.0334e+07	eval's l2: 2.10938e+08
Saved Losses
{'MSE - mean': 111112185.36658657, 'MSE - std': 99826003.99915491, 'R2 - mean': 0.555946793444906, 'R2 - std': 0.1062033839796736} 
 

Training until validation scores don't improve for 20 rounds
Early stopping, best iteration is:
[1]	train's l2: 3.01036e+08	eval's l2: 1.31144e+07
Saved Losses
{'MSE - mean': 78446241.1070617, 'MSE - std': 93688927.90342036, 'R2 - mean': 0.5311074649488928, 'R2 - std': 0.09355973310896998} 
 

Training until validation scores don't improve for 20 rounds
[100]	train's l2: 6.35428e+07	eval's l2: 2.24783e+08
Did not meet early stopping. Best iteration is:
[100]	train's l2: 6.35428e+07	eval's l2: 2.24783e+08
Saved Losses
{'MSE - mean': 115030448.79969376, 'MSE - std': 102948648.20026603, 'R2 - mean': 0.5580561444555066, 'R2 - std': 0.09350808374689754} 
 

Training until validation scores don't improve for 20 rounds
Early stopping, best iteration is:
[5]	train's l2: 2.6031e+08	eval's l2: 4.84001e+07
Saved Losses
{'MSE - mean': 101704375.17653532, 'MSE - std': 95859669.7566243, 'R2 - mean': 0.498932496038157, 'R2 - std': 0.1448358815678176} 
 

Saving model.....
Results After CV: {'MSE - mean': 101704375.17653532, 'MSE - std': 95859669.7566243, 'R2 - mean': 0.498932496038157, 'R2 - std': 0.1448358815678176}
Train time: 0.54832737979998
Inference time: 0.030316599999991922
Finished cross validation
Hyperparam was saved!!! Hurrah!!!
Trial 71 finished with value: 101704375.17653532 and parameters: {'num_leaves': 36, 'lambda_l1': 0.0008115136096517824, 'lambda_l2': 0.00014323825980703544, 'learning_rate': 0.2997808834307552}. Best is trial 3 with value: 48745669.870724514.
Training until validation scores don't improve for 20 rounds
Early stopping, best iteration is:
[27]	train's l2: 2.9647e+08	eval's l2: 1.09405e+07
Saved Losses
{'MSE - mean': 10940510.958434416, 'MSE - std': 0.0, 'R2 - mean': 0.46659653405283297, 'R2 - std': 0.0} 
 

Training until validation scores don't improve for 20 rounds
[100]	train's l2: 1.48138e+08	eval's l2: 5.34948e+08
Did not meet early stopping. Best iteration is:
[100]	train's l2: 1.48138e+08	eval's l2: 5.34948e+08
Saved Losses
{'MSE - mean': 272944214.5953762, 'MSE - std': 262003703.6369418, 'R2 - mean': 0.304897748833593, 'R2 - std': 0.16169878521923997} 
 

Training until validation scores don't improve for 20 rounds
Early stopping, best iteration is:
[29]	train's l2: 2.94355e+08	eval's l2: 1.24224e+07
Saved Losses
{'MSE - mean': 186103603.73263934, 'MSE - std': 246670922.2216437, 'R2 - mean': 0.37286212966751703, 'R2 - std': 0.16330741629984005} 
 

Training until validation scores don't improve for 20 rounds
[100]	train's l2: 1.49556e+08	eval's l2: 5.40665e+08
Did not meet early stopping. Best iteration is:
[100]	train's l2: 1.49556e+08	eval's l2: 5.40665e+08
Saved Losses
{'MSE - mean': 274744054.6542931, 'MSE - std': 263070896.37783855, 'R2 - mean': 0.31251158711722876, 'R2 - std': 0.1758651418622787} 
 

Training until validation scores don't improve for 20 rounds
[100]	train's l2: 2.60872e+08	eval's l2: 4.90505e+07
Did not meet early stopping. Best iteration is:
[100]	train's l2: 2.60872e+08	eval's l2: 4.90505e+07
Saved Losses
{'MSE - mean': 229605334.76797685, 'MSE - std': 252021930.29324427, 'R2 - mean': 0.30051465674011596, 'R2 - std': 0.15911801862669323} 
 

Saving model.....
Results After CV: {'MSE - mean': 229605334.76797685, 'MSE - std': 252021930.29324427, 'R2 - mean': 0.30051465674011596, 'R2 - std': 0.15911801862669323}
Train time: 2.1323281053999836
Inference time: 0.025756686799991258
Finished cross validation
Hyperparam was saved!!! Hurrah!!!
Trial 72 finished with value: 229605334.76797685 and parameters: {'num_leaves': 120, 'lambda_l1': 0.0016326661591115172, 'lambda_l2': 0.0001502976936612068, 'learning_rate': 0.016232383387499907}. Best is trial 3 with value: 48745669.870724514.
Training until validation scores don't improve for 20 rounds
Early stopping, best iteration is:
[1]	train's l2: 3.03686e+08	eval's l2: 1.15298e+07
Saved Losses
{'MSE - mean': 11529755.549099462, 'MSE - std': 0.0, 'R2 - mean': 0.437867975748246, 'R2 - std': 0.0} 
 

Training until validation scores don't improve for 20 rounds
[100]	train's l2: 6.55606e+07	eval's l2: 2.27632e+08
Did not meet early stopping. Best iteration is:
[100]	train's l2: 6.55606e+07	eval's l2: 2.27632e+08
Saved Losses
{'MSE - mean': 119580854.5457056, 'MSE - std': 108051098.99660614, 'R2 - mean': 0.5366402663151937, 'R2 - std': 0.0987722905669477} 
 

Training until validation scores don't improve for 20 rounds
Early stopping, best iteration is:
[1]	train's l2: 3.03083e+08	eval's l2: 1.34796e+07
Saved Losses
{'MSE - mean': 84213773.36703853, 'MSE - std': 101415091.86726813, 'R2 - mean': 0.5134220652178371, 'R2 - std': 0.0870755226625463} 
 

Training until validation scores don't improve for 20 rounds
[100]	train's l2: 7.08287e+07	eval's l2: 2.46903e+08
Did not meet early stopping. Best iteration is:
[100]	train's l2: 7.08287e+07	eval's l2: 2.46903e+08
Saved Losses
{'MSE - mean': 124886078.27193159, 'MSE - std': 112589852.1300414, 'R2 - mean': 0.5359085795881009, 'R2 - std': 0.08487367065697682} 
 

Training until validation scores don't improve for 20 rounds
Early stopping, best iteration is:
[7]	train's l2: 2.59118e+08	eval's l2: 4.87862e+07
Saved Losses
{'MSE - mean': 109666106.08249156, 'MSE - std': 105203469.79031149, 'R2 - mean': 0.4800375876317699, 'R2 - std': 0.13508924067211564} 
 

Saving model.....
Results After CV: {'MSE - mean': 109666106.08249156, 'MSE - std': 105203469.79031149, 'R2 - mean': 0.4800375876317699, 'R2 - std': 0.13508924067211564}
Train time: 0.5326342844000009
Inference time: 0.0134188512000037
Finished cross validation
Hyperparam was saved!!! Hurrah!!!
