Trial 240 finished with value: 3.1575279200512876 and parameters: {'num_leaves': 2721, 'lambda_l1': 0.15897889182256852, 'lambda_l2': 1.0004787896702057e-08, 'learning_rate': 0.047640707780600755}. Best is trial 175 with value: 3.0347291833074177.
Training until validation scores don't improve for 20 rounds
[100]	train's l2: 1.16421	eval's l2: 3.33261
Did not meet early stopping. Best iteration is:
[100]	train's l2: 1.16421	eval's l2: 3.33261
Saved Losses
{'MSE - mean': 3.3326122125175828, 'MSE - std': 0.0, 'R2 - mean': 0.5709715886030564, 'R2 - std': 0.0} 
 

Training until validation scores don't improve for 20 rounds
[100]	train's l2: 1.14402	eval's l2: 3.35125
Did not meet early stopping. Best iteration is:
[100]	train's l2: 1.14402	eval's l2: 3.35125
Saved Losses
{'MSE - mean': 3.34193195665066, 'MSE - std': 0.009319744133077235, 'R2 - mean': 0.5604172911342826, 'R2 - std': 0.010554297468773788} 
 

Training until validation scores don't improve for 20 rounds
[100]	train's l2: 1.18025	eval's l2: 3.10511
Did not meet early stopping. Best iteration is:
[100]	train's l2: 1.18025	eval's l2: 3.10511
Saved Losses
{'MSE - mean': 3.2629925664932613, 'MSE - std': 0.11189620066821496, 'R2 - mean': 0.5633236392749491, 'R2 - std': 0.009547557230469328} 
 

Training until validation scores don't improve for 20 rounds
[100]	train's l2: 1.20547	eval's l2: 2.78202
Did not meet early stopping. Best iteration is:
[100]	train's l2: 1.20547	eval's l2: 2.78202
Saved Losses
{'MSE - mean': 3.1427485542063343, 'MSE - std': 0.22970946272533474, 'R2 - mean': 0.5704382175344276, 'R2 - std': 0.014839762741787629} 
 

Training until validation scores don't improve for 20 rounds
[100]	train's l2: 1.1755	eval's l2: 3.18011
Did not meet early stopping. Best iteration is:
[100]	train's l2: 1.1755	eval's l2: 3.18011
Saved Losses
{'MSE - mean': 3.150219971300385, 'MSE - std': 0.20600106336138813, 'R2 - mean': 0.5725119461330405, 'R2 - std': 0.013905978850439071} 
 

Saving model.....
Results After CV: {'MSE - mean': 3.150219971300385, 'MSE - std': 0.20600106336138813, 'R2 - mean': 0.5725119461330405, 'R2 - std': 0.013905978850439071}
Train time: 139.0121090741988
Inference time: 5.8592752388001825
Finished cross validation
Hyperparam was saved!!! Hurrah!!!
Trial 241 finished with value: 3.150219971300385 and parameters: {'num_leaves': 4061, 'lambda_l1': 0.1542717378547575, 'lambda_l2': 1.301715738104155e-08, 'learning_rate': 0.04256914326582198}. Best is trial 175 with value: 3.0347291833074177.
Training until validation scores don't improve for 20 rounds
[100]	train's l2: 1.4027	eval's l2: 3.36651
Did not meet early stopping. Best iteration is:
[100]	train's l2: 1.4027	eval's l2: 3.36651
Saved Losses
{'MSE - mean': 3.366509449089036, 'MSE - std': 0.0, 'R2 - mean': 0.5666077812862697, 'R2 - std': 0.0} 
 

Training until validation scores don't improve for 20 rounds
[100]	train's l2: 1.39007	eval's l2: 3.43345
Did not meet early stopping. Best iteration is:
[100]	train's l2: 1.39007	eval's l2: 3.43345
Saved Losses
{'MSE - mean': 3.399979164620394, 'MSE - std': 0.033469715531358135, 'R2 - mean': 0.5527150631980673, 'R2 - std': 0.013892718088202416} 
 

Training until validation scores don't improve for 20 rounds
[100]	train's l2: 1.41544	eval's l2: 3.14234
Did not meet early stopping. Best iteration is:
[100]	train's l2: 1.41544	eval's l2: 3.14234
Saved Losses
{'MSE - mean': 3.314099969357983, 'MSE - std': 0.1244880995504064, 'R2 - mean': 0.5564669188390531, 'R2 - std': 0.0125229623260808} 
 

Training until validation scores don't improve for 20 rounds
[100]	train's l2: 1.43573	eval's l2: 2.81034
Did not meet early stopping. Best iteration is:
[100]	train's l2: 1.43573	eval's l2: 2.81034
Saved Losses
{'MSE - mean': 3.1881591566550527, 'MSE - std': 0.24332330367245464, 'R2 - mean': 0.5642567889431676, 'R2 - std': 0.01731082516179557} 
 

Training until validation scores don't improve for 20 rounds
[100]	train's l2: 1.41668	eval's l2: 3.25355
Did not meet early stopping. Best iteration is:
[100]	train's l2: 1.41668	eval's l2: 3.25355
Saved Losses
{'MSE - mean': 3.20123716702194, 'MSE - std': 0.21920109832910906, 'R2 - mean': 0.5656305757460385, 'R2 - std': 0.015725167564918763} 
 

Saving model.....
Results After CV: {'MSE - mean': 3.20123716702194, 'MSE - std': 0.21920109832910906, 'R2 - mean': 0.5656305757460385, 'R2 - std': 0.015725167564918763}
Train time: 94.37149423159936
Inference time: 4.908485434600152
Finished cross validation
Hyperparam was saved!!! Hurrah!!!
Trial 242 finished with value: 3.20123716702194 and parameters: {'num_leaves': 2506, 'lambda_l1': 0.2762545452613646, 'lambda_l2': 4.1435931464118815e-08, 'learning_rate': 0.03768422307714071}. Best is trial 175 with value: 3.0347291833074177.
Training until validation scores don't improve for 20 rounds
[100]	train's l2: 1.34897	eval's l2: 3.40113
Did not meet early stopping. Best iteration is:
[100]	train's l2: 1.34897	eval's l2: 3.40113
Saved Losses
{'MSE - mean': 3.4011290398498173, 'MSE - std': 0.0, 'R2 - mean': 0.5621509807105765, 'R2 - std': 0.0} 
 

Training until validation scores don't improve for 20 rounds
[100]	train's l2: 1.32975	eval's l2: 3.4207
Did not meet early stopping. Best iteration is:
[100]	train's l2: 1.32975	eval's l2: 3.4207
Saved Losses
{'MSE - mean': 3.4109147129921142, 'MSE - std': 0.009785673142296725, 'R2 - mean': 0.551342845830008, 'R2 - std': 0.01080813488056842} 
 

Training until validation scores don't improve for 20 rounds
[100]	train's l2: 1.35514	eval's l2: 3.10436
Did not meet early stopping. Best iteration is:
[100]	train's l2: 1.35514	eval's l2: 3.10436
Saved Losses
{'MSE - mean': 3.308731302196387, 'MSE - std': 0.14472988109899287, 'R2 - mean': 0.5573086667977557, 'R2 - std': 0.012208981367671215} 
 

Training until validation scores don't improve for 20 rounds
[100]	train's l2: 1.39631	eval's l2: 2.80894
Did not meet early stopping. Best iteration is:
[100]	train's l2: 1.39631	eval's l2: 2.80894
Saved Losses
{'MSE - mean': 3.1837824068327394, 'MSE - std': 0.25009344897454544, 'R2 - mean': 0.5649394936211272, 'R2 - std': 0.016925807914305275} 
 

Training until validation scores don't improve for 20 rounds
[100]	train's l2: 1.36002	eval's l2: 3.24611
Did not meet early stopping. Best iteration is:
[100]	train's l2: 1.36002	eval's l2: 3.24611
Saved Losses
{'MSE - mean': 3.196248401679173, 'MSE - std': 0.22507552218318203, 'R2 - mean': 0.5663728000844399, 'R2 - std': 0.015407915125436804} 
 

Saving model.....
Results After CV: {'MSE - mean': 3.196248401679173, 'MSE - std': 0.22507552218318203, 'R2 - mean': 0.5663728000844399, 'R2 - std': 0.015407915125436804}
Train time: 76.84050146660084
Inference time: 4.4245371923985655
Finished cross validation
Hyperparam was saved!!! Hurrah!!!
Trial 243 finished with value: 3.196248401679173 and parameters: {'num_leaves': 1977, 'lambda_l1': 0.10494501985839143, 'lambda_l2': 2.254491986654048e-08, 'learning_rate': 0.041473731349578956}. Best is trial 175 with value: 3.0347291833074177.
Training until validation scores don't improve for 20 rounds
[100]	train's l2: 1.18289	eval's l2: 3.3349
Did not meet early stopping. Best iteration is:
[100]	train's l2: 1.18289	eval's l2: 3.3349
Saved Losses
{'MSE - mean': 3.3348972403175683, 'MSE - std': 0.0, 'R2 - mean': 0.5706774224101392, 'R2 - std': 0.0} 
 

Training until validation scores don't improve for 20 rounds
[100]	train's l2: 1.16075	eval's l2: 3.38432
Did not meet early stopping. Best iteration is:
[100]	train's l2: 1.16075	eval's l2: 3.38432
Saved Losses
{'MSE - mean': 3.359606933828802, 'MSE - std': 0.024709693511233644, 'R2 - mean': 0.5580495829723833, 'R2 - std': 0.012627839437755861} 
 

Training until validation scores don't improve for 20 rounds
[100]	train's l2: 1.18113	eval's l2: 3.10911
Did not meet early stopping. Best iteration is:
[100]	train's l2: 1.18113	eval's l2: 3.10911
Saved Losses
{'MSE - mean': 3.276109324951289, 'MSE - std': 0.11979460482622056, 'R2 - mean': 0.5615601398119959, 'R2 - std': 0.011443611226013003} 
 

Training until validation scores don't improve for 20 rounds
[100]	train's l2: 1.22327	eval's l2: 2.78001
Did not meet early stopping. Best iteration is:
[100]	train's l2: 1.22327	eval's l2: 2.78001
Saved Losses
{'MSE - mean': 3.152084107779409, 'MSE - std': 0.2385578001086927, 'R2 - mean': 0.5691892559411285, 'R2 - std': 0.016517488221714168} 
 

Training until validation scores don't improve for 20 rounds
[100]	train's l2: 1.19114	eval's l2: 3.20259
Did not meet early stopping. Best iteration is:
[100]	train's l2: 1.19114	eval's l2: 3.20259
Saved Losses
{'MSE - mean': 3.16218439797417, 'MSE - std': 0.21432667272701447, 'R2 - mean': 0.57092012812779, 'R2 - std': 0.015173846177874825} 
 

Saving model.....
Results After CV: {'MSE - mean': 3.16218439797417, 'MSE - std': 0.21432667272701447, 'R2 - mean': 0.57092012812779, 'R2 - std': 0.015173846177874825}
Train time: 106.40073256339966
Inference time: 5.28777371279939
Finished cross validation
Hyperparam was saved!!! Hurrah!!!
Trial 244 finished with value: 3.16218439797417 and parameters: {'num_leaves': 2961, 'lambda_l1': 0.14284126230272576, 'lambda_l2': 4.575508412276562e-06, 'learning_rate': 0.04446104531724597}. Best is trial 175 with value: 3.0347291833074177.
Training until validation scores don't improve for 20 rounds
[100]	train's l2: 1.47011	eval's l2: 3.35595
Did not meet early stopping. Best iteration is:
[100]	train's l2: 1.47011	eval's l2: 3.35595
Saved Losses
{'MSE - mean': 3.355949729812073, 'MSE - std': 0.0, 'R2 - mean': 0.5679672012539384, 'R2 - std': 0.0} 
 

Training until validation scores don't improve for 20 rounds
[100]	train's l2: 1.45733	eval's l2: 3.42981
Did not meet early stopping. Best iteration is:
[100]	train's l2: 1.45733	eval's l2: 3.42981
Saved Losses
{'MSE - mean': 3.3928805519427296, 'MSE - std': 0.03693082213065679, 'R2 - mean': 0.5536390663957262, 'R2 - std': 0.014328134858212216} 
 

Training until validation scores don't improve for 20 rounds
[100]	train's l2: 1.47535	eval's l2: 3.11642
Did not meet early stopping. Best iteration is:
[100]	train's l2: 1.47535	eval's l2: 3.11642
Saved Losses
{'MSE - mean': 3.3007286902882718, 'MSE - std': 0.1337654226432557, 'R2 - mean': 0.5582816453034628, 'R2 - std': 0.013415316253168656} 
 

Training until validation scores don't improve for 20 rounds
[100]	train's l2: 1.51515	eval's l2: 2.80981
Did not meet early stopping. Best iteration is:
[100]	train's l2: 1.51515	eval's l2: 2.80981
Saved Losses
{'MSE - mean': 3.177999719264476, 'MSE - std': 0.24208901711328276, 'R2 - mean': 0.5656370528073071, 'R2 - std': 0.017241928293326932} 
 

Training until validation scores don't improve for 20 rounds
[100]	train's l2: 1.48111	eval's l2: 3.27426
Did not meet early stopping. Best iteration is:
[100]	train's l2: 1.48111	eval's l2: 3.27426
Saved Losses
{'MSE - mean': 3.197250836865171, 'MSE - std': 0.2199274786855961, 'R2 - mean': 0.5661889021695659, 'R2 - std': 0.015461093877610457} 
 

Saving model.....
Results After CV: {'MSE - mean': 3.197250836865171, 'MSE - std': 0.2199274786855961, 'R2 - mean': 0.5661889021695659, 'R2 - std': 0.015461093877610457}
Train time: 83.66506359420018
Inference time: 4.60932064600056
Finished cross validation
Hyperparam was saved!!! Hurrah!!!
Trial 245 finished with value: 3.197250836865171 and parameters: {'num_leaves': 2191, 'lambda_l1': 0.07588538669920174, 'lambda_l2': 1.629865328670636e-08, 'learning_rate': 0.036378597867527916}. Best is trial 175 with value: 3.0347291833074177.
Training until validation scores don't improve for 20 rounds
[100]	train's l2: 1.35224	eval's l2: 3.3594
Did not meet early stopping. Best iteration is:
[100]	train's l2: 1.35224	eval's l2: 3.3594
Saved Losses
{'MSE - mean': 3.359402783480667, 'MSE - std': 0.0, 'R2 - mean': 0.5675226676462355, 'R2 - std': 0.0} 
 

Training until validation scores don't improve for 20 rounds
[100]	train's l2: 1.32335	eval's l2: 3.3846
Did not meet early stopping. Best iteration is:
[100]	train's l2: 1.32335	eval's l2: 3.3846
Saved Losses
{'MSE - mean': 3.3720009184997606, 'MSE - std': 0.012598135019094014, 'R2 - mean': 0.5564532379798198, 'R2 - std': 0.011069429666415664} 
 

Training until validation scores don't improve for 20 rounds
[100]	train's l2: 1.36152	eval's l2: 3.10273
Did not meet early stopping. Best iteration is:
[100]	train's l2: 1.36152	eval's l2: 3.10273
Saved Losses
{'MSE - mean': 3.282242373048652, 'MSE - std': 0.12735384420439336, 'R2 - mean': 0.5607914129516762, 'R2 - std': 0.010923722180009494} 
 

Training until validation scores don't improve for 20 rounds
[100]	train's l2: 1.39123	eval's l2: 2.80017
Did not meet early stopping. Best iteration is:
[100]	train's l2: 1.39123	eval's l2: 2.80017
Saved Losses
{'MSE - mean': 3.1617247389673904, 'MSE - std': 0.23608844020591646, 'R2 - mean': 0.5678730444644015, 'R2 - std': 0.015490135388226644} 
 

Training until validation scores don't improve for 20 rounds
[100]	train's l2: 1.35772	eval's l2: 3.23371
Did not meet early stopping. Best iteration is:
[100]	train's l2: 1.35772	eval's l2: 3.23371
Saved Losses
{'MSE - mean': 3.1761222277721357, 'MSE - std': 0.2131181644408123, 'R2 - mean': 0.5690465530412038, 'R2 - std': 0.014052185772889103} 
 

Saving model.....
Results After CV: {'MSE - mean': 3.1761222277721357, 'MSE - std': 0.2131181644408123, 'R2 - mean': 0.5690465530412038, 'R2 - std': 0.014052185772889103}
Train time: 93.25685088440078
Inference time: 4.880944291999913
Finished cross validation
Hyperparam was saved!!! Hurrah!!!
Trial 246 finished with value: 3.1761222277721357 and parameters: {'num_leaves': 2566, 'lambda_l1': 0.23095159399733844, 'lambda_l2': 3.412281687795922e-08, 'learning_rate': 0.039360174310356974}. Best is trial 175 with value: 3.0347291833074177.
Training until validation scores don't improve for 20 rounds
[100]	train's l2: 1.57998	eval's l2: 3.37172
Did not meet early stopping. Best iteration is:
[100]	train's l2: 1.57998	eval's l2: 3.37172
Saved Losses
{'MSE - mean': 3.371722748918203, 'MSE - std': 0.0, 'R2 - mean': 0.5659366399709247, 'R2 - std': 0.0} 
 

Training until validation scores don't improve for 20 rounds
[100]	train's l2: 1.56496	eval's l2: 3.43491
Did not meet early stopping. Best iteration is:
[100]	train's l2: 1.56496	eval's l2: 3.43491
Saved Losses
{'MSE - mean': 3.403314799822679, 'MSE - std': 0.03159205090447581, 'R2 - mean': 0.5522815759156927, 'R2 - std': 0.01365506405523198} 
 

Training until validation scores don't improve for 20 rounds
[100]	train's l2: 1.6079	eval's l2: 3.12551
Did not meet early stopping. Best iteration is:
[100]	train's l2: 1.6079	eval's l2: 3.12551
Saved Losses
{'MSE - mean': 3.3107141301444827, 'MSE - std': 0.13347336751802455, 'R2 - mean': 0.556956311383729, 'R2 - std': 0.012962001631456915} 
 

Training until validation scores don't improve for 20 rounds
[100]	train's l2: 1.63341	eval's l2: 2.82631
Did not meet early stopping. Best iteration is:
[100]	train's l2: 1.63341	eval's l2: 2.82631
Saved Losses
{'MSE - mean': 3.189612142276357, 'MSE - std': 0.23949619887231235, 'R2 - mean': 0.5640380153133475, 'R2 - std': 0.016627137647855717} 
 

Training until validation scores don't improve for 20 rounds
[100]	train's l2: 1.5947	eval's l2: 3.29348
Did not meet early stopping. Best iteration is:
[100]	train's l2: 1.5947	eval's l2: 3.29348
Saved Losses
{'MSE - mean': 3.2103847828377505, 'MSE - std': 0.21820346881523292, 'R2 - mean': 0.5644029652340949, 'R2 - std': 0.014889664833944619} 
 

Saving model.....
Results After CV: {'MSE - mean': 3.2103847828377505, 'MSE - std': 0.21820346881523292, 'R2 - mean': 0.5644029652340949, 'R2 - std': 0.014889664833944619}
Train time: 71.91990605079991
Inference time: 4.147005593400536
Finished cross validation
Hyperparam was saved!!! Hurrah!!!
Trial 247 finished with value: 3.2103847828377505 and parameters: {'num_leaves': 1813, 'lambda_l1': 2.658460822641698e-06, 'lambda_l2': 6.269569916159812e-08, 'learning_rate': 0.03412571617520143}. Best is trial 175 with value: 3.0347291833074177.
Training until validation scores don't improve for 20 rounds
[100]	train's l2: 1.09237	eval's l2: 3.29397
Did not meet early stopping. Best iteration is:
[100]	train's l2: 1.09237	eval's l2: 3.29397
Saved Losses
{'MSE - mean': 3.2939667853236556, 'MSE - std': 0.0, 'R2 - mean': 0.5759466607625146, 'R2 - std': 0.0} 
 

Training until validation scores don't improve for 20 rounds
[100]	train's l2: 1.06832	eval's l2: 3.36498
Did not meet early stopping. Best iteration is:
[100]	train's l2: 1.06832	eval's l2: 3.36498
Saved Losses
{'MSE - mean': 3.329474831893793, 'MSE - std': 0.035508046570137175, 'R2 - mean': 0.5619826477171742, 'R2 - std': 0.01396401304534034} 
 

Training until validation scores don't improve for 20 rounds
[100]	train's l2: 1.0869	eval's l2: 3.03974
Did not meet early stopping. Best iteration is:
[100]	train's l2: 1.0869	eval's l2: 3.03974
Saved Losses
{'MSE - mean': 3.2328973050785037, 'MSE - std': 0.13962444253186437, 'R2 - mean': 0.5673908482110165, 'R2 - std': 0.013729276700424356} 
 

Training until validation scores don't improve for 20 rounds
[100]	train's l2: 1.12727	eval's l2: 2.80302
Did not meet early stopping. Best iteration is:
[100]	train's l2: 1.12727	eval's l2: 2.80302
Saved Losses
{'MSE - mean': 3.125427840752761, 'MSE - std': 0.22196913299293802, 'R2 - mean': 0.5727181601502318, 'R2 - std': 0.015050266992008192} 
 

Training until validation scores don't improve for 20 rounds
[100]	train's l2: 1.09107	eval's l2: 3.18079
Did not meet early stopping. Best iteration is:
[100]	train's l2: 1.09107	eval's l2: 3.18079
Saved Losses
{'MSE - mean': 3.136499668104009, 'MSE - std': 0.19976630908362064, 'R2 - mean': 0.5743179377944082, 'R2 - std': 0.013836386206947646} 
 

Saving model.....
Results After CV: {'MSE - mean': 3.136499668104009, 'MSE - std': 0.19976630908362064, 'R2 - mean': 0.5743179377944082, 'R2 - std': 0.013836386206947646}
Train time: 120.32421971920049
Inference time: 5.727092525199259
Finished cross validation
Hyperparam was saved!!! Hurrah!!!
Trial 248 finished with value: 3.136499668104009 and parameters: {'num_leaves': 3399, 'lambda_l1': 0.05278840297613822, 'lambda_l2': 2.917273813823604e-08, 'learning_rate': 0.047198590639981636}. Best is trial 175 with value: 3.0347291833074177.
Training until validation scores don't improve for 20 rounds
[100]	train's l2: 1.32529	eval's l2: 3.36957
Did not meet early stopping. Best iteration is:
[100]	train's l2: 1.32529	eval's l2: 3.36957
Saved Losses
{'MSE - mean': 3.369574197264273, 'MSE - std': 0.0, 'R2 - mean': 0.5662132367196937, 'R2 - std': 0.0} 
 

Training until validation scores don't improve for 20 rounds
[100]	train's l2: 1.30845	eval's l2: 3.39644
Did not meet early stopping. Best iteration is:
[100]	train's l2: 1.30845	eval's l2: 3.39644
Saved Losses
{'MSE - mean': 3.3830093910890797, 'MSE - std': 0.013435193824806735, 'R2 - mean': 0.5550029821458639, 'R2 - std': 0.011210254573829848} 
 

Training until validation scores don't improve for 20 rounds
[100]	train's l2: 1.33849	eval's l2: 3.11033
Did not meet early stopping. Best iteration is:
[100]	train's l2: 1.33849	eval's l2: 3.11033
Saved Losses
{'MSE - mean': 3.2921160517430956, 'MSE - std': 0.12900982351615137, 'R2 - mean': 0.5594728627487136, 'R2 - std': 0.011123827441466026} 
 

Training until validation scores don't improve for 20 rounds
[100]	train's l2: 1.36912	eval's l2: 2.81316
Did not meet early stopping. Best iteration is:
[100]	train's l2: 1.36912	eval's l2: 2.81316
Saved Losses
{'MSE - mean': 3.1723772582323546, 'MSE - std': 0.23557331541788626, 'R2 - mean': 0.5664076464178884, 'R2 - std': 0.015397348028975511} 
 

Training until validation scores don't improve for 20 rounds
[100]	train's l2: 1.33744	eval's l2: 3.24907
Did not meet early stopping. Best iteration is:
[100]	train's l2: 1.33744	eval's l2: 3.24907
Saved Losses
{'MSE - mean': 3.1877164407152683, 'MSE - std': 0.21292484971594194, 'R2 - mean': 0.5674692656268311, 'R2 - std': 0.013934518378455054} 
 

Saving model.....
Results After CV: {'MSE - mean': 3.1877164407152683, 'MSE - std': 0.21292484971594194, 'R2 - mean': 0.5674692656268311, 'R2 - std': 0.013934518378455054}
Train time: 81.78518569879961
Inference time: 4.702164374799759
Finished cross validation
Hyperparam was saved!!! Hurrah!!!
