Trial 73 finished with value: 109666106.08249156 and parameters: {'num_leaves': 32, 'lambda_l1': 0.010572626089371907, 'lambda_l2': 5.548344353432442e-05, 'learning_rate': 0.2773040795026652}. Best is trial 3 with value: 48745669.870724514.
Training until validation scores don't improve for 20 rounds
Early stopping, best iteration is:
[2]	train's l2: 2.9278e+08	eval's l2: 1.12188e+07
Saved Losses
{'MSE - mean': 11218750.335710606, 'MSE - std': 0.0, 'R2 - mean': 0.45303100235454574, 'R2 - std': 0.0} 
 

Training until validation scores don't improve for 20 rounds
[100]	train's l2: 7.63428e+07	eval's l2: 2.66522e+08
Did not meet early stopping. Best iteration is:
[100]	train's l2: 7.63428e+07	eval's l2: 2.66522e+08
Saved Losses
{'MSE - mean': 138870491.70494553, 'MSE - std': 127651741.36923493, 'R2 - mean': 0.5130774096034649, 'R2 - std': 0.06004640724891924} 
 

Training until validation scores don't improve for 20 rounds
Early stopping, best iteration is:
[2]	train's l2: 2.92406e+08	eval's l2: 1.2649e+07
Saved Losses
{'MSE - mean': 96796645.89095503, 'MSE - std': 120015533.93717106, 'R2 - mean': 0.5086621768637257, 'R2 - std': 0.04942370459567795} 
 

Training until validation scores don't improve for 20 rounds
[100]	train's l2: 7.92426e+07	eval's l2: 2.80744e+08
Did not meet early stopping. Best iteration is:
[100]	train's l2: 7.92426e+07	eval's l2: 2.80744e+08
Saved Losses
{'MSE - mean': 142783425.07577842, 'MSE - std': 130947118.59773514, 'R2 - mean': 0.518747973482441, 'R2 - std': 0.04622982600305665} 
 

Training until validation scores don't improve for 20 rounds
Early stopping, best iteration is:
[7]	train's l2: 2.60178e+08	eval's l2: 4.88529e+07
Saved Losses
{'MSE - mean': 123997310.19326048, 'MSE - std': 123001588.38306153, 'R2 - mean': 0.4661060195118825, 'R2 - std': 0.11311259311487781} 
 

Saving model.....
Results After CV: {'MSE - mean': 123997310.19326048, 'MSE - std': 123001588.38306153, 'R2 - mean': 0.4661060195118825, 'R2 - std': 0.11311259311487781}
Train time: 0.6472785924000164
Inference time: 0.0192238492000115
Finished cross validation
Hyperparam was saved!!! Hurrah!!!
Trial 74 finished with value: 123997310.19326048 and parameters: {'num_leaves': 42, 'lambda_l1': 0.15372133674458704, 'lambda_l2': 0.0004302129041671095, 'learning_rate': 0.22823015658967635}. Best is trial 3 with value: 48745669.870724514.
Training until validation scores don't improve for 20 rounds
Early stopping, best iteration is:
[1]	train's l2: 3.02396e+08	eval's l2: 1.13449e+07
Saved Losses
{'MSE - mean': 11344884.183746748, 'MSE - std': 0.0, 'R2 - mean': 0.44688135980390575, 'R2 - std': 0.0} 
 

Training until validation scores don't improve for 20 rounds
[100]	train's l2: 6.48402e+07	eval's l2: 2.2548e+08
Did not meet early stopping. Best iteration is:
[100]	train's l2: 6.48402e+07	eval's l2: 2.2548e+08
Saved Losses
{'MSE - mean': 118412447.82785831, 'MSE - std': 107067563.64411156, 'R2 - mean': 0.5428702907771448, 'R2 - std': 0.09598893097323902} 
 

Training until validation scores don't improve for 20 rounds
Early stopping, best iteration is:
[1]	train's l2: 3.01839e+08	eval's l2: 1.31587e+07
Saved Losses
{'MSE - mean': 83327881.39400874, 'MSE - std': 100519462.75967157, 'R2 - mean': 0.5218046245330256, 'R2 - std': 0.0838457383226725} 
 

Training until validation scores don't improve for 20 rounds
[100]	train's l2: 6.50653e+07	eval's l2: 2.29801e+08
Did not meet early stopping. Best iteration is:
[100]	train's l2: 6.50653e+07	eval's l2: 2.29801e+08
Saved Losses
{'MSE - mean': 119946125.92270496, 'MSE - std': 107707053.12192848, 'R2 - mean': 0.5490638355262993, 'R2 - std': 0.08661278559244587} 
 

Training until validation scores don't improve for 20 rounds
Early stopping, best iteration is:
[6]	train's l2: 2.59521e+08	eval's l2: 4.85665e+07
Saved Losses
{'MSE - mean': 105670195.3536227, 'MSE - std': 100478137.96155345, 'R2 - mean': 0.49123152278687543, 'R2 - std': 0.13921108177738048} 
 

Saving model.....
Results After CV: {'MSE - mean': 105670195.3536227, 'MSE - std': 100478137.96155345, 'R2 - mean': 0.49123152278687543, 'R2 - std': 0.13921108177738048}
Train time: 0.4059896719999642
Inference time: 0.01904747439998573
Finished cross validation
Hyperparam was saved!!! Hurrah!!!
Trial 75 finished with value: 105670195.3536227 and parameters: {'num_leaves': 21, 'lambda_l1': 0.0001933379988904489, 'lambda_l2': 0.6351003898442374, 'learning_rate': 0.2980213031354246}. Best is trial 3 with value: 48745669.870724514.
Training until validation scores don't improve for 20 rounds
Early stopping, best iteration is:
[2]	train's l2: 2.91991e+08	eval's l2: 1.11219e+07
Saved Losses
{'MSE - mean': 11121872.79888336, 'MSE - std': 0.0, 'R2 - mean': 0.45775425651629387, 'R2 - std': 0.0} 
 

Training until validation scores don't improve for 20 rounds
[100]	train's l2: 7.57875e+07	eval's l2: 2.6297e+08
Did not meet early stopping. Best iteration is:
[100]	train's l2: 7.57875e+07	eval's l2: 2.6297e+08
Saved Losses
{'MSE - mean': 137045824.79793322, 'MSE - std': 125923951.99904986, 'R2 - mean': 0.5182839381376199, 'R2 - std': 0.06052968162132605} 
 

Training until validation scores don't improve for 20 rounds
Early stopping, best iteration is:
[2]	train's l2: 2.91638e+08	eval's l2: 1.24795e+07
Saved Losses
{'MSE - mean': 95523710.97738433, 'MSE - std': 118403545.82370374, 'R2 - mean': 0.5143669505935157, 'R2 - std': 0.04973175197290023} 
 

Training until validation scores don't improve for 20 rounds
[100]	train's l2: 7.65811e+07	eval's l2: 2.74136e+08
Did not meet early stopping. Best iteration is:
[100]	train's l2: 7.65811e+07	eval's l2: 2.74136e+08
Saved Losses
{'MSE - mean': 140176782.47350723, 'MSE - std': 128437689.67804202, 'R2 - mean': 0.5256802787003584, 'R2 - std': 0.047317116821291874} 
 

Training until validation scores don't improve for 20 rounds
Early stopping, best iteration is:
[6]	train's l2: 2.61077e+08	eval's l2: 4.88538e+07
Saved Losses
{'MSE - mean': 121912192.62605628, 'MSE - std': 120546144.99455738, 'R2 - mean': 0.4716488690273657, 'R2 - std': 0.11605473088343661} 
 

Saving model.....
Results After CV: {'MSE - mean': 121912192.62605628, 'MSE - std': 120546144.99455738, 'R2 - mean': 0.4716488690273657, 'R2 - std': 0.11605473088343661}
Train time: 0.8557582362000176
Inference time: 0.01949435760000142
Finished cross validation
Hyperparam was saved!!! Hurrah!!!
Trial 76 finished with value: 121912192.62605628 and parameters: {'num_leaves': 63, 'lambda_l1': 0.0005489419801502203, 'lambda_l2': 0.6304760356564193, 'learning_rate': 0.2393147694992138}. Best is trial 3 with value: 48745669.870724514.
Training until validation scores don't improve for 20 rounds
Early stopping, best iteration is:
[1]	train's l2: 3.04452e+08	eval's l2: 1.15992e+07
Saved Losses
{'MSE - mean': 11599174.06372735, 'MSE - std': 0.0, 'R2 - mean': 0.4344834833379647, 'R2 - std': 0.0} 
 

Training until validation scores don't improve for 20 rounds
[100]	train's l2: 6.76587e+07	eval's l2: 2.34387e+08
Did not meet early stopping. Best iteration is:
[100]	train's l2: 6.76587e+07	eval's l2: 2.34387e+08
Saved Losses
{'MSE - mean': 122992952.52443083, 'MSE - std': 111393778.46070348, 'R2 - mean': 0.5295386147115901, 'R2 - std': 0.09505513137362542} 
 

Training until validation scores don't improve for 20 rounds
Early stopping, best iteration is:
[2]	train's l2: 2.88053e+08	eval's l2: 1.34144e+07
Saved Losses
{'MSE - mean': 86466782.45223604, 'MSE - std': 104597824.00598647, 'R2 - mean': 0.5095466034862692, 'R2 - std': 0.08260153162000995} 
 

Training until validation scores don't improve for 20 rounds
[100]	train's l2: 6.87014e+07	eval's l2: 2.39212e+08
Did not meet early stopping. Best iteration is:
[100]	train's l2: 6.87014e+07	eval's l2: 2.39212e+08
Saved Losses
{'MSE - mean': 124653191.07996386, 'MSE - std': 112161196.50637606, 'R2 - mean': 0.5360905724239831, 'R2 - std': 0.0850353257792171} 
 

Training until validation scores don't improve for 20 rounds
Early stopping, best iteration is:
[6]	train's l2: 2.59995e+08	eval's l2: 4.84481e+07
Saved Losses
{'MSE - mean': 109412166.3299685, 'MSE - std': 104848760.33179128, 'R2 - mean': 0.48121378604788, 'R2 - std': 0.13353146459234191} 
 

Saving model.....
Results After CV: {'MSE - mean': 109412166.3299685, 'MSE - std': 104848760.33179128, 'R2 - mean': 0.48121378604788, 'R2 - std': 0.13353146459234191}
Train time: 0.4716100713999822
Inference time: 0.018939738800008855
Finished cross validation
Hyperparam was saved!!! Hurrah!!!
Trial 77 finished with value: 109412166.3299685 and parameters: {'num_leaves': 26, 'lambda_l1': 0.00017273615516319858, 'lambda_l2': 0.2209687292641796, 'learning_rate': 0.2714599471345605}. Best is trial 3 with value: 48745669.870724514.
Training until validation scores don't improve for 20 rounds
Early stopping, best iteration is:
[2]	train's l2: 3.00253e+08	eval's l2: 1.1242e+07
Saved Losses
{'MSE - mean': 11241964.487610219, 'MSE - std': 0.0, 'R2 - mean': 0.4518991988099652, 'R2 - std': 0.0} 
 

Training until validation scores don't improve for 20 rounds
[100]	train's l2: 9.32048e+07	eval's l2: 3.2837e+08
Did not meet early stopping. Best iteration is:
[100]	train's l2: 9.32048e+07	eval's l2: 3.2837e+08
Saved Losses
{'MSE - mean': 169806110.7989041, 'MSE - std': 158564146.31129387, 'R2 - mean': 0.462981965527721, 'R2 - std': 0.011082766717755765} 
 

Training until validation scores don't improve for 20 rounds
Early stopping, best iteration is:
[2]	train's l2: 2.99722e+08	eval's l2: 1.3007e+07
Saved Losses
{'MSE - mean': 117539743.77166243, 'MSE - std': 149081427.10637122, 'R2 - mean': 0.4705457730492715, 'R2 - std': 0.014010978333420946} 
 

Training until validation scores don't improve for 20 rounds
[100]	train's l2: 9.43444e+07	eval's l2: 3.3887e+08
Did not meet early stopping. Best iteration is:
[100]	train's l2: 9.43444e+07	eval's l2: 3.3887e+08
Saved Losses
{'MSE - mean': 172872309.46229762, 'MSE - std': 160791891.61391062, 'R2 - mean': 0.46681676441656517, 'R2 - std': 0.01374580487069011} 
 

Training until validation scores don't improve for 20 rounds
Early stopping, best iteration is:
[11]	train's l2: 2.59477e+08	eval's l2: 4.88248e+07
Saved Losses
{'MSE - mean': 148062807.61038002, 'MSE - std': 152135700.79236785, 'R2 - mean': 0.4246465436723289, 'R2 - std': 0.08523184728553604} 
 

Saving model.....
Results After CV: {'MSE - mean': 148062807.61038002, 'MSE - std': 152135700.79236785, 'R2 - mean': 0.4246465436723289, 'R2 - std': 0.08523184728553604}
Train time: 0.4211086166000314
Inference time: 0.018944656400003625
Finished cross validation
Hyperparam was saved!!! Hurrah!!!
Trial 78 finished with value: 148062807.61038002 and parameters: {'num_leaves': 21, 'lambda_l1': 0.004756196094266118, 'lambda_l2': 0.0012682321793871059, 'learning_rate': 0.172993643247361}. Best is trial 3 with value: 48745669.870724514.
Training until validation scores don't improve for 20 rounds
Early stopping, best iteration is:
[2]	train's l2: 2.95355e+08	eval's l2: 1.10935e+07
Saved Losses
{'MSE - mean': 11093522.077827025, 'MSE - std': 0.0, 'R2 - mean': 0.45913649295214265, 'R2 - std': 0.0} 
 

Training until validation scores don't improve for 20 rounds
[100]	train's l2: 8.35714e+07	eval's l2: 2.9053e+08
Did not meet early stopping. Best iteration is:
[100]	train's l2: 8.35714e+07	eval's l2: 2.9053e+08
Saved Losses
{'MSE - mean': 150811755.19718328, 'MSE - std': 139718233.11935624, 'R2 - mean': 0.4969041060927669, 'R2 - std': 0.03776761314062427} 
 

Training until validation scores don't improve for 20 rounds
Early stopping, best iteration is:
[2]	train's l2: 2.94932e+08	eval's l2: 1.26036e+07
Saved Losses
{'MSE - mean': 104742374.25646915, 'MSE - std': 131373128.26900506, 'R2 - mean': 0.4984776148240215, 'R2 - std': 0.03091731328907109} 
 

Training until validation scores don't improve for 20 rounds
[100]	train's l2: 8.43079e+07	eval's l2: 3.01775e+08
Did not meet early stopping. Best iteration is:
[100]	train's l2: 8.43079e+07	eval's l2: 3.01775e+08
Saved Losses
{'MSE - mean': 154000411.19322324, 'MSE - std': 142208427.0779205, 'R2 - mean': 0.502663451856453, 'R2 - std': 0.02773939240046821} 
 

Training until validation scores don't improve for 20 rounds
Early stopping, best iteration is:
[7]	train's l2: 2.6097e+08	eval's l2: 4.89543e+07
Saved Losses
{'MSE - mean': 132991185.42024192, 'MSE - std': 133955737.67443259, 'R2 - mean': 0.4529292616037175, 'R2 - std': 0.10251603695509735} 
 

Saving model.....
Results After CV: {'MSE - mean': 132991185.42024192, 'MSE - std': 133955737.67443259, 'R2 - mean': 0.4529292616037175, 'R2 - std': 0.10251603695509735}
Train time: 0.5916235574000211
Inference time: 0.02475662080003076
Finished cross validation
Hyperparam was saved!!! Hurrah!!!
Trial 79 finished with value: 132991185.42024192 and parameters: {'num_leaves': 37, 'lambda_l1': 1.8281719987175748e-05, 'lambda_l2': 2.336276477660241e-05, 'learning_rate': 0.2076358105821027}. Best is trial 3 with value: 48745669.870724514.
Training until validation scores don't improve for 20 rounds
Early stopping, best iteration is:
[2]	train's l2: 2.92943e+08	eval's l2: 1.06396e+07
Saved Losses
{'MSE - mean': 10639643.024157317, 'MSE - std': 0.0, 'R2 - mean': 0.48126531867774547, 'R2 - std': 0.0} 
 

Training until validation scores don't improve for 20 rounds
[100]	train's l2: 7.87789e+07	eval's l2: 2.73271e+08
Did not meet early stopping. Best iteration is:
[100]	train's l2: 7.87789e+07	eval's l2: 2.73271e+08
Saved Losses
{'MSE - mean': 141955185.74481967, 'MSE - std': 131315542.72066234, 'R2 - mean': 0.5217901932005116, 'R2 - std': 0.0405248745227661} 
 

Training until validation scores don't improve for 20 rounds
Early stopping, best iteration is:
[2]	train's l2: 2.92634e+08	eval's l2: 1.20535e+07
Saved Losses
{'MSE - mean': 98654616.64142366, 'MSE - std': 123473585.8771854, 'R2 - mean': 0.5223195200623257, 'R2 - std': 0.03309688823102912} 
 

Training until validation scores don't improve for 20 rounds
[100]	train's l2: 8.16151e+07	eval's l2: 2.90572e+08
Did not meet early stopping. Best iteration is:
[100]	train's l2: 8.16151e+07	eval's l2: 2.90572e+08
Saved Losses
{'MSE - mean': 146633874.74761927, 'MSE - std': 135426446.57632723, 'R2 - mean': 0.525044032932478, 'R2 - std': 0.029048613031809306} 
 

Training until validation scores don't improve for 20 rounds
Early stopping, best iteration is:
[6]	train's l2: 2.61461e+08	eval's l2: 4.89582e+07
Saved Losses
{'MSE - mean': 127098742.62141974, 'MSE - std': 127274284.49842076, 'R2 - mean': 0.4708217432695153, 'R2 - std': 0.1115136059879438} 
 

Saving model.....
Results After CV: {'MSE - mean': 127098742.62141974, 'MSE - std': 127274284.49842076, 'R2 - mean': 0.4708217432695153, 'R2 - std': 0.1115136059879438}
Train time: 1.0549204725999743
Inference time: 0.01965379639996172
Finished cross validation
Hyperparam was saved!!! Hurrah!!!
Trial 80 finished with value: 127098742.62141974 and parameters: {'num_leaves': 84, 'lambda_l1': 2.967989241323437e-05, 'lambda_l2': 2.0611596253375915, 'learning_rate': 0.2410961165530751}. Best is trial 3 with value: 48745669.870724514.
Training until validation scores don't improve for 20 rounds
Early stopping, best iteration is:
[1]	train's l2: 3.03501e+08	eval's l2: 1.14338e+07
Saved Losses
{'MSE - mean': 11433791.586181909, 'MSE - std': 0.0, 'R2 - mean': 0.4425466887097085, 'R2 - std': 0.0} 
 

Training until validation scores don't improve for 20 rounds
[100]	train's l2: 6.4694e+07	eval's l2: 2.24212e+08
Did not meet early stopping. Best iteration is:
[100]	train's l2: 6.4694e+07	eval's l2: 2.24212e+08
Saved Losses
{'MSE - mean': 117823032.5295286, 'MSE - std': 106389240.9433467, 'R2 - mean': 0.5417181935312615, 'R2 - std': 0.09917150482155301} 
 

Training until validation scores don't improve for 20 rounds
Early stopping, best iteration is:
[1]	train's l2: 3.02902e+08	eval's l2: 1.33581e+07
Saved Losses
{'MSE - mean': 83001396.7890606, 'MSE - std': 99854258.91577183, 'R2 - mean': 0.5184086232560218, 'R2 - std': 0.08742614242059916} 
 

Training until validation scores don't improve for 20 rounds
[100]	train's l2: 6.82548e+07	eval's l2: 2.40299e+08
Did not meet early stopping. Best iteration is:
[100]	train's l2: 6.82548e+07	eval's l2: 2.40299e+08
Saved Losses
{'MSE - mean': 122325802.45896742, 'MSE - std': 110078978.06387782, 'R2 - mean': 0.5423007000831638, 'R2 - std': 0.08628436584487563} 
 

Training until validation scores don't improve for 20 rounds
Early stopping, best iteration is:
[6]	train's l2: 2.59726e+08	eval's l2: 4.88161e+07
Saved Losses
{'MSE - mean': 107623854.91362873, 'MSE - std': 102754533.60204463, 'R2 - mean': 0.4850603159294005, 'R2 - std': 0.1380646216222079} 
 

Saving model.....
Results After CV: {'MSE - mean': 107623854.91362873, 'MSE - std': 102754533.60204463, 'R2 - mean': 0.4850603159294005, 'R2 - std': 0.1380646216222079}
Train time: 0.7449060306000093
Inference time: 0.013949749799985511
Finished cross validation
Hyperparam was saved!!! Hurrah!!!
Trial 81 finished with value: 107623854.91362873 and parameters: {'num_leaves': 51, 'lambda_l1': 0.00023566164857339214, 'lambda_l2': 0.07222881328138539, 'learning_rate': 0.2791464047016469}. Best is trial 3 with value: 48745669.870724514.
Training until validation scores don't improve for 20 rounds
Early stopping, best iteration is:
[2]	train's l2: 2.97792e+08	eval's l2: 1.15141e+07
Saved Losses
{'MSE - mean': 11514056.929439554, 'MSE - std': 0.0, 'R2 - mean': 0.43863336030560307, 'R2 - std': 0.0} 
 

Training until validation scores don't improve for 20 rounds
[100]	train's l2: 8.92518e+07	eval's l2: 3.11922e+08
Did not meet early stopping. Best iteration is:
[100]	train's l2: 8.92518e+07	eval's l2: 3.11922e+08
Saved Losses
{'MSE - mean': 161717828.6195081, 'MSE - std': 150203771.69006854, 'R2 - mean': 0.4695215680422325, 'R2 - std': 0.030888207736629425} 
 

Training until validation scores don't improve for 20 rounds
Early stopping, best iteration is:
[2]	train's l2: 2.97367e+08	eval's l2: 1.30725e+07
Saved Losses
{'MSE - mean': 112169379.8292023, 'MSE - std': 141247582.54568207, 'R2 - mean': 0.47404253068530605, 'R2 - std': 0.026017925703142635} 
 

Training until validation scores don't improve for 20 rounds
[100]	train's l2: 9.14406e+07	eval's l2: 3.27846e+08
Did not meet early stopping. Best iteration is:
[100]	train's l2: 9.14406e+07	eval's l2: 3.27846e+08
Saved Losses
{'MSE - mean': 166088443.66721725, 'MSE - std': 153899174.84104082, 'R2 - mean': 0.4738667973058144, 'R2 - std': 0.022534240392848622} 
 

Training until validation scores don't improve for 20 rounds
Early stopping, best iteration is:
[10]	train's l2: 2.595e+08	eval's l2: 4.87987e+07
Saved Losses
{'MSE - mean': 142630488.63760063, 'MSE - std': 145427189.4457452, 'R2 - mean': 0.4303662134020046, 'R2 - std': 0.08930530102942232} 
 

Saving model.....
Results After CV: {'MSE - mean': 142630488.63760063, 'MSE - std': 145427189.4457452, 'R2 - mean': 0.4303662134020046, 'R2 - std': 0.08930530102942232}
Train time: 0.2855055713999718
Inference time: 0.018783155599953714
Finished cross validation
Hyperparam was saved!!! Hurrah!!!
Trial 82 finished with value: 142630488.63760063 and parameters: {'num_leaves': 11, 'lambda_l1': 0.0007498748989043936, 'lambda_l2': 0.005734497715447977, 'learning_rate': 0.19271954058668264}. Best is trial 3 with value: 48745669.870724514.
Training until validation scores don't improve for 20 rounds
Early stopping, best iteration is:
[1]	train's l2: 3.03955e+08	eval's l2: 1.16981e+07
Saved Losses
{'MSE - mean': 11698062.058458107, 'MSE - std': 0.0, 'R2 - mean': 0.429662209511692, 'R2 - std': 0.0} 
 

Training until validation scores don't improve for 20 rounds
[100]	train's l2: 6.75968e+07	eval's l2: 2.34185e+08
Did not meet early stopping. Best iteration is:
[100]	train's l2: 6.75968e+07	eval's l2: 2.34185e+08
Saved Losses
{'MSE - mean': 122941657.44922496, 'MSE - std': 111243595.39076686, 'R2 - mean': 0.5272893268547671, 'R2 - std': 0.09762711734307516} 
 

Training until validation scores don't improve for 20 rounds
Early stopping, best iteration is:
[1]	train's l2: 3.03358e+08	eval's l2: 1.363e+07
Saved Losses
{'MSE - mean': 86504430.92991112, 'MSE - std': 104429089.00213581, 'R2 - mean': 0.5052061566021601, 'R2 - std': 0.08561173309749645} 
 

Training until validation scores don't improve for 20 rounds
[100]	train's l2: 7.27641e+07	eval's l2: 2.55511e+08
Did not meet early stopping. Best iteration is:
[100]	train's l2: 7.27641e+07	eval's l2: 2.55511e+08
Saved Losses
{'MSE - mean': 128756003.18612838, 'MSE - std': 116338566.46327153, 'R2 - mean': 0.5262897247559717, 'R2 - std': 0.08264730589230954} 
 

Training until validation scores don't improve for 20 rounds
Early stopping, best iteration is:
[7]	train's l2: 2.59209e+08	eval's l2: 4.9283e+07
Saved Losses
{'MSE - mean': 112861393.5109171, 'MSE - std': 108803879.08660479, 'R2 - mean': 0.4708285610763733, 'R2 - std': 0.13329750351670658} 
 

Saving model.....
Results After CV: {'MSE - mean': 112861393.5109171, 'MSE - std': 108803879.08660479, 'R2 - mean': 0.4708285610763733, 'R2 - std': 0.13329750351670658}
Train time: 0.40410029399999986
Inference time: 0.024752373800015447
Finished cross validation
Hyperparam was saved!!! Hurrah!!!
