Trial 53 finished with value: 109466621.94244051 and parameters: {'num_leaves': 14, 'lambda_l1': 4.9809677216346714e-08, 'lambda_l2': 1.07033209357465e-06, 'learning_rate': 0.2943843400004411}. Best is trial 3 with value: 48745669.870724514.
Training until validation scores don't improve for 20 rounds
Early stopping, best iteration is:
[1]	train's l2: 3.0246e+08	eval's l2: 1.19472e+07
Saved Losses
{'MSE - mean': 11947192.312229484, 'MSE - std': 0.0, 'R2 - mean': 0.41751589008119927, 'R2 - std': 0.0} 
 

Training until validation scores don't improve for 20 rounds
[100]	train's l2: 6.9048e+07	eval's l2: 2.36134e+08
Did not meet early stopping. Best iteration is:
[100]	train's l2: 6.9048e+07	eval's l2: 2.36134e+08
Saved Losses
{'MSE - mean': 124040410.06327909, 'MSE - std': 112093217.75104961, 'R2 - mean': 0.5196558566491126, 'R2 - std': 0.10213996656791335} 
 

Training until validation scores don't improve for 20 rounds
Early stopping, best iteration is:
[1]	train's l2: 3.019e+08	eval's l2: 1.37139e+07
Saved Losses
{'MSE - mean': 87264899.15358014, 'MSE - std': 105268558.37584294, 'R2 - mean': 0.49901131849192404, 'R2 - std': 0.08835973305250645} 
 

Training until validation scores don't improve for 20 rounds
[100]	train's l2: 6.86943e+07	eval's l2: 2.29872e+08
Did not meet early stopping. Best iteration is:
[100]	train's l2: 6.86943e+07	eval's l2: 2.29872e+08
Saved Losses
{'MSE - mean': 122916565.23233747, 'MSE - std': 110110062.7530011, 'R2 - mean': 0.5319404607905638, 'R2 - std': 0.09543881315484203} 
 

Training until validation scores don't improve for 20 rounds
Early stopping, best iteration is:
[6]	train's l2: 2.59678e+08	eval's l2: 4.86072e+07
Saved Losses
{'MSE - mean': 108054689.68916282, 'MSE - std': 102873136.01820022, 'R2 - mean': 0.4774087346631675, 'R2 - std': 0.1384979792735522} 
 

Saving model.....
Results After CV: {'MSE - mean': 108054689.68916282, 'MSE - std': 102873136.01820022, 'R2 - mean': 0.4774087346631675, 'R2 - std': 0.1384979792735522}
Train time: 0.23378519420001567
Inference time: 0.024169311800005745
Finished cross validation
Hyperparam was saved!!! Hurrah!!!
Trial 54 finished with value: 108054689.68916282 and parameters: {'num_leaves': 9, 'lambda_l1': 1.4448733184304985e-07, 'lambda_l2': 8.937062489452619e-05, 'learning_rate': 0.29717946951366797}. Best is trial 3 with value: 48745669.870724514.
Training until validation scores don't improve for 20 rounds
Early stopping, best iteration is:
[2]	train's l2: 2.90565e+08	eval's l2: 1.15874e+07
Saved Losses
{'MSE - mean': 11587432.674813654, 'MSE - std': 0.0, 'R2 - mean': 0.4350559335247425, 'R2 - std': 0.0} 
 

Training until validation scores don't improve for 20 rounds
[100]	train's l2: 7.27467e+07	eval's l2: 2.52078e+08
Did not meet early stopping. Best iteration is:
[100]	train's l2: 7.27467e+07	eval's l2: 2.52078e+08
Saved Losses
{'MSE - mean': 131832516.69373722, 'MSE - std': 120245084.01892357, 'R2 - mean': 0.5156575208936401, 'R2 - std': 0.08060158736889766} 
 

Training until validation scores don't improve for 20 rounds
Early stopping, best iteration is:
[2]	train's l2: 2.9022e+08	eval's l2: 1.29748e+07
Saved Losses
{'MSE - mean': 92213277.41211765, 'MSE - std': 113042566.00791483, 'R2 - mean': 0.5060873735124077, 'R2 - std': 0.06718818868958826} 
 

Training until validation scores don't improve for 20 rounds
[100]	train's l2: 7.46835e+07	eval's l2: 2.64448e+08
Did not meet early stopping. Best iteration is:
[100]	train's l2: 7.46835e+07	eval's l2: 2.64448e+08
Saved Losses
{'MSE - mean': 135271895.26855072, 'MSE - std': 123069492.61437356, 'R2 - mean': 0.5233614641154543, 'R2 - std': 0.06542837414323827} 
 

Training until validation scores don't improve for 20 rounds
Early stopping, best iteration is:
[7]	train's l2: 2.5966e+08	eval's l2: 4.86987e+07
Saved Losses
{'MSE - mean': 117957261.76423924, 'MSE - std': 115395260.4895105, 'R2 - mean': 0.4702665435549185, 'R2 - std': 0.12124759821019336} 
 

Saving model.....
Results After CV: {'MSE - mean': 117957261.76423924, 'MSE - std': 115395260.4895105, 'R2 - mean': 0.4702665435549185, 'R2 - std': 0.12124759821019336}
Train time: 0.5040550652000093
Inference time: 0.013458562199991775
Finished cross validation
Hyperparam was saved!!! Hurrah!!!
Trial 55 finished with value: 117957261.76423924 and parameters: {'num_leaves': 30, 'lambda_l1': 2.2090347425861523e-06, 'lambda_l2': 7.230489174911151e-06, 'learning_rate': 0.24819603751912836}. Best is trial 3 with value: 48745669.870724514.
Training until validation scores don't improve for 20 rounds
Early stopping, best iteration is:
[11]	train's l2: 2.95964e+08	eval's l2: 1.10142e+07
Saved Losses
{'MSE - mean': 11014221.902647264, 'MSE - std': 0.0, 'R2 - mean': 0.46300276468769563, 'R2 - std': 0.0} 
 

Training until validation scores don't improve for 20 rounds
[100]	train's l2: 1.37819e+08	eval's l2: 4.91968e+08
Did not meet early stopping. Best iteration is:
[100]	train's l2: 1.37819e+08	eval's l2: 4.91968e+08
Saved Losses
{'MSE - mean': 251491005.97064438, 'MSE - std': 240476784.06799713, 'R2 - mean': 0.33752049373105514, 'R2 - std': 0.1254822709566405} 
 

Training until validation scores don't improve for 20 rounds
Early stopping, best iteration is:
[11]	train's l2: 2.95521e+08	eval's l2: 1.25184e+07
Saved Losses
{'MSE - mean': 171833461.84393016, 'MSE - std': 226369987.24004084, 'R2 - mean': 0.39334538475625064, 'R2 - std': 0.1293446447760416} 
 

Training until validation scores don't improve for 20 rounds
[100]	train's l2: 1.38759e+08	eval's l2: 4.98123e+08
Did not meet early stopping. Best iteration is:
[100]	train's l2: 1.38759e+08	eval's l2: 4.98123e+08
Saved Losses
{'MSE - mean': 253405771.58085144, 'MSE - std': 241649857.2102638, 'R2 - mean': 0.3449594770456816, 'R2 - std': 0.13989680498177004} 
 

Training until validation scores don't improve for 20 rounds
Early stopping, best iteration is:
[44]	train's l2: 2.60164e+08	eval's l2: 4.88624e+07
Saved Losses
{'MSE - mean': 212497104.29305026, 'MSE - std': 231105601.4657558, 'R2 - mean': 0.3270460110550434, 'R2 - std': 0.13015552961928636} 
 

Saving model.....
Results After CV: {'MSE - mean': 212497104.29305026, 'MSE - std': 231105601.4657558, 'R2 - mean': 0.3270460110550434, 'R2 - std': 0.13015552961928636}
Train time: 0.8038564965999854
Inference time: 0.01930201139999781
Finished cross validation
Hyperparam was saved!!! Hurrah!!!
Trial 56 finished with value: 212497104.29305026 and parameters: {'num_leaves': 39, 'lambda_l1': 5.658995899156986e-07, 'lambda_l2': 1.9076739266975588e-07, 'learning_rate': 0.04036077012623519}. Best is trial 3 with value: 48745669.870724514.
Training until validation scores don't improve for 20 rounds
Early stopping, best iteration is:
[1]	train's l2: 3.0574e+08	eval's l2: 1.2688e+07
Saved Losses
{'MSE - mean': 12687982.149928879, 'MSE - std': 0.0, 'R2 - mean': 0.38139875912922405, 'R2 - std': 0.0} 
 

Training until validation scores don't improve for 20 rounds
[100]	train's l2: 7.97194e+07	eval's l2: 2.68076e+08
Did not meet early stopping. Best iteration is:
[100]	train's l2: 7.97194e+07	eval's l2: 2.68076e+08
Saved Losses
{'MSE - mean': 140382118.3349974, 'MSE - std': 127694136.1850685, 'R2 - mean': 0.4760167862925828, 'R2 - std': 0.09461802716335876} 
 

Training until validation scores don't improve for 20 rounds
Early stopping, best iteration is:
[1]	train's l2: 3.05116e+08	eval's l2: 1.4542e+07
Saved Losses
{'MSE - mean': 98435418.11746138, 'MSE - std': 119956573.79088019, 'R2 - mean': 0.4590030901654308, 'R2 - std': 0.08091546466120182} 
 

Training until validation scores don't improve for 20 rounds
[100]	train's l2: 8.14529e+07	eval's l2: 2.77988e+08
Did not meet early stopping. Best iteration is:
[100]	train's l2: 8.14529e+07	eval's l2: 2.77988e+08
Saved Losses
{'MSE - mean': 143323442.1371282, 'MSE - std': 129757422.90098752, 'R2 - mean': 0.48261058711267146, 'R2 - std': 0.08113215177933826} 
 

Training until validation scores don't improve for 20 rounds
Early stopping, best iteration is:
[7]	train's l2: 2.59865e+08	eval's l2: 4.92823e+07
Saved Losses
{'MSE - mean': 124515214.59193628, 'MSE - std': 122002412.81176141, 'R2 - mean': 0.43588723322941825, 'R2 - std': 0.11831410750318547} 
 

Saving model.....
Results After CV: {'MSE - mean': 124515214.59193628, 'MSE - std': 122002412.81176141, 'R2 - mean': 0.43588723322941825, 'R2 - std': 0.11831410750318547}
Train time: 0.19579462379999768
Inference time: 0.012893389999999273
Finished cross validation
Hyperparam was saved!!! Hurrah!!!
Trial 57 finished with value: 124515214.59193628 and parameters: {'num_leaves': 6, 'lambda_l1': 3.2875820198855673e-08, 'lambda_l2': 6.764148503680504e-07, 'learning_rate': 0.26582626408020876}. Best is trial 3 with value: 48745669.870724514.
Training until validation scores don't improve for 20 rounds
Early stopping, best iteration is:
[2]	train's l2: 2.96835e+08	eval's l2: 1.09461e+07
Saved Losses
{'MSE - mean': 10946137.101556635, 'MSE - std': 0.0, 'R2 - mean': 0.46632223203415146, 'R2 - std': 0.0} 
 

Training until validation scores don't improve for 20 rounds
[100]	train's l2: 8.5615e+07	eval's l2: 3.00265e+08
Did not meet early stopping. Best iteration is:
[100]	train's l2: 8.5615e+07	eval's l2: 3.00265e+08
Saved Losses
{'MSE - mean': 155605607.70241597, 'MSE - std': 144659470.6008593, 'R2 - mean': 0.49270085669802066, 'R2 - std': 0.0263786246638692} 
 

Training until validation scores don't improve for 20 rounds
Early stopping, best iteration is:
[2]	train's l2: 2.96373e+08	eval's l2: 1.24759e+07
Saved Losses
{'MSE - mean': 107895694.71604192, 'MSE - std': 136027129.2206645, 'R2 - mean': 0.49735920603055644, 'R2 - std': 0.022523062175898695} 
 

Training until validation scores don't improve for 20 rounds
[100]	train's l2: 8.81455e+07	eval's l2: 3.14819e+08
Did not meet early stopping. Best iteration is:
[100]	train's l2: 8.81455e+07	eval's l2: 3.14819e+08
Saved Losses
{'MSE - mean': 159626421.65504688, 'MSE - std': 148005875.7006802, 'R2 - mean': 0.4965860512883371, 'R2 - std': 0.019551459078564887} 
 

Training until validation scores don't improve for 20 rounds
Early stopping, best iteration is:
[7]	train's l2: 2.61521e+08	eval's l2: 4.90073e+07
Saved Losses
{'MSE - mean': 137502605.78905085, 'MSE - std': 139579526.82048377, 'R2 - mean': 0.44790562636714093, 'R2 - std': 0.09891886940171485} 
 

Saving model.....
Results After CV: {'MSE - mean': 137502605.78905085, 'MSE - std': 139579526.82048377, 'R2 - mean': 0.44790562636714093, 'R2 - std': 0.09891886940171485}
Train time: 2.589084823999997
Inference time: 0.025993391399993016
Finished cross validation
Hyperparam was saved!!! Hurrah!!!
Trial 58 finished with value: 137502605.78905085 and parameters: {'num_leaves': 246, 'lambda_l1': 2.1156494441799928e-07, 'lambda_l2': 2.0678015818594316e-05, 'learning_rate': 0.1954558585767021}. Best is trial 3 with value: 48745669.870724514.
Training until validation scores don't improve for 20 rounds
Early stopping, best iteration is:
[2]	train's l2: 3.02183e+08	eval's l2: 1.17088e+07
Saved Losses
{'MSE - mean': 11708776.169709656, 'MSE - std': 0.0, 'R2 - mean': 0.4291398441397426, 'R2 - std': 0.0} 
 

Training until validation scores don't improve for 20 rounds
[100]	train's l2: 9.85353e+07	eval's l2: 3.44332e+08
Did not meet early stopping. Best iteration is:
[100]	train's l2: 9.85353e+07	eval's l2: 3.44332e+08
Saved Losses
{'MSE - mean': 178020310.1989946, 'MSE - std': 166311534.02928492, 'R2 - mean': 0.43881982477979486, 'R2 - std': 0.009679980640052266} 
 

Training until validation scores don't improve for 20 rounds
Early stopping, best iteration is:
[3]	train's l2: 2.92388e+08	eval's l2: 1.31979e+07
Saved Losses
{'MSE - mean': 123079516.76918875, 'MSE - std': 156450202.2993553, 'R2 - mean': 0.45192120700129035, 'R2 - std': 0.020143496444807202} 
 

Training until validation scores don't improve for 20 rounds
[100]	train's l2: 9.95196e+07	eval's l2: 3.56281e+08
Did not meet early stopping. Best iteration is:
[100]	train's l2: 9.95196e+07	eval's l2: 3.56281e+08
Saved Losses
{'MSE - mean': 181379796.1855775, 'MSE - std': 168980078.97299287, 'R2 - mean': 0.44585610991036895, 'R2 - std': 0.020363608347573864} 
 

Training until validation scores don't improve for 20 rounds
Early stopping, best iteration is:
[12]	train's l2: 2.59529e+08	eval's l2: 4.89371e+07
Saved Losses
{'MSE - mean': 154891260.44639984, 'MSE - std': 160156123.1242749, 'R2 - mean': 0.407535702564532, 'R2 - std': 0.07877534965044718} 
 

Saving model.....
Results After CV: {'MSE - mean': 154891260.44639984, 'MSE - std': 160156123.1242749, 'R2 - mean': 0.407535702564532, 'R2 - std': 0.07877534965044718}
Train time: 0.28765130440000347
Inference time: 0.018696491399998648
Finished cross validation
Hyperparam was saved!!! Hurrah!!!
Trial 59 finished with value: 154891260.44639984 and parameters: {'num_leaves': 11, 'lambda_l1': 4.044143747918922e-06, 'lambda_l2': 4.529646906001342e-06, 'learning_rate': 0.16192761786876914}. Best is trial 3 with value: 48745669.870724514.
Training until validation scores don't improve for 20 rounds
Early stopping, best iteration is:
[2]	train's l2: 2.9635e+08	eval's l2: 1.33453e+07
Saved Losses
{'MSE - mean': 13345270.675149264, 'MSE - std': 0.0, 'R2 - mean': 0.3493527259218293, 'R2 - std': 0.0} 
 

Training until validation scores don't improve for 20 rounds
[100]	train's l2: 9.32116e+07	eval's l2: 3.09451e+08
Did not meet early stopping. Best iteration is:
[100]	train's l2: 9.32116e+07	eval's l2: 3.09451e+08
Saved Losses
{'MSE - mean': 161398342.71002695, 'MSE - std': 148053072.0348777, 'R2 - mean': 0.4268594411374201, 'R2 - std': 0.07750671521559077} 
 

Training until validation scores don't improve for 20 rounds
Early stopping, best iteration is:
[2]	train's l2: 2.95932e+08	eval's l2: 1.49116e+07
Saved Losses
{'MSE - mean': 112569428.77872382, 'MSE - std': 139218055.9316846, 'R2 - mean': 0.4213601407976724, 'R2 - std': 0.06376005968311163} 
 

Training until validation scores don't improve for 20 rounds
[100]	train's l2: 9.40266e+07	eval's l2: 3.1407e+08
Did not meet early stopping. Best iteration is:
[100]	train's l2: 9.40266e+07	eval's l2: 3.1407e+08
Saved Losses
{'MSE - mean': 162944490.06746006, 'MSE - std': 148826041.81587324, 'R2 - mean': 0.4398875273042227, 'R2 - std': 0.06386549193723298} 
 

Training until validation scores don't improve for 20 rounds
Early stopping, best iteration is:
[8]	train's l2: 2.60908e+08	eval's l2: 5.07121e+07
Saved Losses
{'MSE - mean': 140498004.5447188, 'MSE - std': 140480359.57867768, 'R2 - mean': 0.3973512085931436, 'R2 - std': 0.10247143253741407} 
 

Saving model.....
Results After CV: {'MSE - mean': 140498004.5447188, 'MSE - std': 140480359.57867768, 'R2 - mean': 0.3973512085931436, 'R2 - std': 0.10247143253741407}
Train time: 0.1705366476000222
Inference time: 0.01278378879999309
Finished cross validation
Hyperparam was saved!!! Hurrah!!!
Trial 60 finished with value: 140498004.5447188 and parameters: {'num_leaves': 4, 'lambda_l1': 7.107123504964444e-08, 'lambda_l2': 7.923211048141955e-08, 'learning_rate': 0.22251504863234295}. Best is trial 3 with value: 48745669.870724514.
Training until validation scores don't improve for 20 rounds
Early stopping, best iteration is:
[1]	train's l2: 3.01838e+08	eval's l2: 1.14456e+07
Saved Losses
{'MSE - mean': 11445647.262187652, 'MSE - std': 0.0, 'R2 - mean': 0.4419686664677276, 'R2 - std': 0.0} 
 

Training until validation scores don't improve for 20 rounds
[100]	train's l2: 6.51056e+07	eval's l2: 2.24745e+08
Did not meet early stopping. Best iteration is:
[100]	train's l2: 6.51056e+07	eval's l2: 2.24745e+08
Saved Losses
{'MSE - mean': 118095130.13014854, 'MSE - std': 106649482.8679609, 'R2 - mean': 0.5410028707625533, 'R2 - std': 0.09903420429482568} 
 

Training until validation scores don't improve for 20 rounds
Early stopping, best iteration is:
[1]	train's l2: 3.0128e+08	eval's l2: 1.32499e+07
Saved Losses
{'MSE - mean': 83146717.16725604, 'MSE - std': 100127541.67187002, 'R2 - mean': 0.5193583480888536, 'R2 - std': 0.08646089561424546} 
 

Training until validation scores don't improve for 20 rounds
[100]	train's l2: 6.83325e+07	eval's l2: 2.40904e+08
Did not meet early stopping. Best iteration is:
[100]	train's l2: 6.83325e+07	eval's l2: 2.40904e+08
Saved Losses
{'MSE - mean': 122586115.57467224, 'MSE - std': 110388141.9861561, 'R2 - mean': 0.5427699044757303, 'R2 - std': 0.08515232099115567} 
 

Training until validation scores don't improve for 20 rounds
Early stopping, best iteration is:
[6]	train's l2: 2.59429e+08	eval's l2: 4.91183e+07
Saved Losses
{'MSE - mean': 107892559.20223002, 'MSE - std': 103014736.3652655, 'R2 - mean': 0.48451443245408693, 'R2 - std': 0.1391960283126014} 
 

Saving model.....
Results After CV: {'MSE - mean': 107892559.20223002, 'MSE - std': 103014736.3652655, 'R2 - mean': 0.48451443245408693, 'R2 - std': 0.1391960283126014}
Train time: 0.3696370601999888
Inference time: 0.024352571600013563
Finished cross validation
Hyperparam was saved!!! Hurrah!!!
Trial 61 finished with value: 107892559.20223002 and parameters: {'num_leaves': 19, 'lambda_l1': 9.458722182656679e-07, 'lambda_l2': 4.160366459091903e-05, 'learning_rate': 0.2989688537037304}. Best is trial 3 with value: 48745669.870724514.
Training until validation scores don't improve for 20 rounds
Early stopping, best iteration is:
[1]	train's l2: 3.04673e+08	eval's l2: 1.15654e+07
Saved Losses
{'MSE - mean': 11565350.344317323, 'MSE - std': 0.0, 'R2 - mean': 0.4361325552353449, 'R2 - std': 0.0} 
 

Training until validation scores don't improve for 20 rounds
[100]	train's l2: 6.74489e+07	eval's l2: 2.37609e+08
Did not meet early stopping. Best iteration is:
[100]	train's l2: 6.74489e+07	eval's l2: 2.37609e+08
Saved Losses
{'MSE - mean': 124587007.36389843, 'MSE - std': 113021657.01958111, 'R2 - mean': 0.5277829407176098, 'R2 - std': 0.09165038548226495} 
 

Training until validation scores don't improve for 20 rounds
Early stopping, best iteration is:
[2]	train's l2: 2.88254e+08	eval's l2: 1.31121e+07
Saved Losses
{'MSE - mean': 87428709.00312956, 'MSE - std': 106195142.28267251, 'R2 - mean': 0.5123610920599871, 'R2 - std': 0.07794567940603941} 
 

Training until validation scores don't improve for 20 rounds
[100]	train's l2: 7.0117e+07	eval's l2: 2.46197e+08
Did not meet early stopping. Best iteration is:
[100]	train's l2: 7.0117e+07	eval's l2: 2.46197e+08
Saved Losses
{'MSE - mean': 127120853.55418164, 'MSE - std': 114823582.94580705, 'R2 - mean': 0.5353962660978115, 'R2 - std': 0.07841239973633234} 
 

Training until validation scores don't improve for 20 rounds
Early stopping, best iteration is:
[6]	train's l2: 2.60012e+08	eval's l2: 4.90498e+07
Saved Losses
{'MSE - mean': 111506638.20470023, 'MSE - std': 107344208.2477207, 'R2 - mean': 0.4788244675818037, 'R2 - std': 0.13311753113422542} 
 

Saving model.....
Results After CV: {'MSE - mean': 111506638.20470023, 'MSE - std': 107344208.2477207, 'R2 - mean': 0.4788244675818037, 'R2 - std': 0.13311753113422542}
Train time: 3.7685282007999943
Inference time: 0.03237748399999418
Finished cross validation
Hyperparam was saved!!! Hurrah!!!
Trial 62 finished with value: 111506638.20470023 and parameters: {'num_leaves': 950, 'lambda_l1': 1.3908672528589587e-05, 'lambda_l2': 2.3786632732176314e-06, 'learning_rate': 0.26533121302669505}. Best is trial 3 with value: 48745669.870724514.
Training until validation scores don't improve for 20 rounds
Early stopping, best iteration is:
[1]	train's l2: 3.02262e+08	eval's l2: 1.14709e+07
Saved Losses
{'MSE - mean': 11470908.943210434, 'MSE - std': 0.0, 'R2 - mean': 0.44073703585519064, 'R2 - std': 0.0} 
 

Training until validation scores don't improve for 20 rounds
[100]	train's l2: 6.45876e+07	eval's l2: 2.24405e+08
Did not meet early stopping. Best iteration is:
[100]	train's l2: 6.45876e+07	eval's l2: 2.24405e+08
Saved Losses
{'MSE - mean': 117937975.12410347, 'MSE - std': 106467066.18089305, 'R2 - mean': 0.5406589934979802, 'R2 - std': 0.09992195764278959} 
 

Training until validation scores don't improve for 20 rounds
Early stopping, best iteration is:
[1]	train's l2: 3.01695e+08	eval's l2: 1.33173e+07
Saved Losses
{'MSE - mean': 83064401.52663408, 'MSE - std': 99945767.25251551, 'R2 - mean': 0.5182412002136135, 'R2 - std': 0.08752930932508353} 
 

Training until validation scores don't improve for 20 rounds
[100]	train's l2: 6.5552e+07	eval's l2: 2.30277e+08
Did not meet early stopping. Best iteration is:
[100]	train's l2: 6.5552e+07	eval's l2: 2.30277e+08
Saved Losses
{'MSE - mean': 119867471.14056614, 'MSE - std': 107495418.93864262, 'R2 - mean': 0.5462001744556986, 'R2 - std': 0.08995080719595214} 
 

Training until validation scores don't improve for 20 rounds
Early stopping, best iteration is:
[6]	train's l2: 2.59499e+08	eval's l2: 4.92933e+07
Saved Losses
{'MSE - mean': 105752627.996443, 'MSE - std': 100205425.31304494, 'R2 - mean': 0.48672552692390686, 'R2 - std': 0.14360310918739227} 
 

Saving model.....
Results After CV: {'MSE - mean': 105752627.996443, 'MSE - std': 100205425.31304494, 'R2 - mean': 0.48672552692390686, 'R2 - std': 0.14360310918739227}
Train time: 0.4013627050000196
Inference time: 0.018921480400013024
Finished cross validation
Hyperparam was saved!!! Hurrah!!!
