Trial 36 finished with value: 764481.5208747264 and parameters: {'max_depth': 6, 'alpha': 2.631439754405047e-08, 'lambda': 0.11873798819793448, 'eta': 0.08292506328274397}. Best is trial 15 with value: 729096.643634782.
[0]	train-rmse:28173.70898	eval-rmse:30717.86328
[92]	train-rmse:124.95963	eval-rmse:991.80939
Saved Losses
{'MSE - mean': 983685.8202935301, 'MSE - std': 0.0, 'R2 - mean': 0.9989113208244486, 'R2 - std': 0.0} 
 

[0]	train-rmse:29074.81641	eval-rmse:27151.66406
[86]	train-rmse:150.38535	eval-rmse:897.91242
Saved Losses
{'MSE - mean': 895208.9155509658, 'MSE - std': 88476.90474256437, 'R2 - mean': 0.9989197971191499, 'R2 - std': 8.476294701298404e-06} 
 

[0]	train-rmse:29474.75586	eval-rmse:25369.22656
[100]	train-rmse:131.00262	eval-rmse:861.64722
[136]	train-rmse:84.01820	eval-rmse:860.85217
Saved Losses
{'MSE - mean': 843704.7492128867, 'MSE - std': 102587.1990824274, 'R2 - mean': 0.9989148018225477, 'R2 - std': 9.889608562956048e-06} 
 

[0]	train-rmse:28252.44727	eval-rmse:30427.67773
[100]	train-rmse:124.84927	eval-rmse:898.24847
[110]	train-rmse:109.77100	eval-rmse:899.14441
Saved Losses
{'MSE - mean': 834924.9197545978, 'MSE - std': 90135.21108663973, 'R2 - mean': 0.9989598540123183, 'R2 - std': 7.850129092920323e-05} 
 

[0]	train-rmse:28504.17578	eval-rmse:29472.01172
[100]	train-rmse:120.54546	eval-rmse:752.06787
[101]	train-rmse:116.80919	eval-rmse:752.24493
Saved Losses
{'MSE - mean': 781114.4219124655, 'MSE - std': 134468.4488427639, 'R2 - mean': 0.9990350360239001, 'R2 - std': 0.0001659496960042011} 
 

Results After CV: {'MSE - mean': 781114.4219124655, 'MSE - std': 134468.4488427639, 'R2 - mean': 0.9990350360239001, 'R2 - std': 0.0001659496960042011}
Train time: 0.7791905643999939
Inference time: 0.013012822199993935
Finished cross validation
Trial 37 finished with value: 781114.4219124655 and parameters: {'max_depth': 6, 'alpha': 1.7512194184921511e-06, 'lambda': 1.511426993341404e-06, 'eta': 0.11010801550592682}. Best is trial 15 with value: 729096.643634782.
[0]	train-rmse:29311.93555	eval-rmse:31959.49219
[100]	train-rmse:86.56715	eval-rmse:981.35651
[105]	train-rmse:77.51892	eval-rmse:981.93817
Saved Losses
{'MSE - mean': 964202.5468306799, 'MSE - std': 0.0, 'R2 - mean': 0.9989328836381569, 'R2 - std': 0.0} 
 

[0]	train-rmse:30249.56445	eval-rmse:28248.66016
[100]	train-rmse:76.70168	eval-rmse:902.60907
[104]	train-rmse:71.78519	eval-rmse:902.65356
Saved Losses
{'MSE - mean': 889492.9837660285, 'MSE - std': 74709.56306465133, 'R2 - mean': 0.998925230461267, 'R2 - std': 7.65317688983247e-06} 
 

[0]	train-rmse:30665.77148	eval-rmse:26394.94336
[100]	train-rmse:86.38694	eval-rmse:814.02551
[106]	train-rmse:73.90196	eval-rmse:814.86121
Saved Losses
{'MSE - mean': 814282.0102439063, 'MSE - std': 122614.81810327069, 'R2 - mean': 0.9989562939567818, 'R2 - std': 4.437261450709581e-05} 
 

[0]	train-rmse:29393.80859	eval-rmse:31657.04492
[100]	train-rmse:84.65703	eval-rmse:967.83490
[111]	train-rmse:72.26467	eval-rmse:969.63776
Saved Losses
{'MSE - mean': 845760.8493237002, 'MSE - std': 119367.27836098259, 'R2 - mean': 0.9989541472551285, 'R2 - std': 3.860727486640492e-05} 
 

[0]	train-rmse:29655.85156	eval-rmse:30663.14062
[100]	train-rmse:81.60113	eval-rmse:763.25250
[200]	train-rmse:16.90445	eval-rmse:761.26630
[210]	train-rmse:14.46919	eval-rmse:761.33331
Saved Losses
{'MSE - mean': 792534.3565953108, 'MSE - std': 150768.28521710983, 'R2 - mean': 0.9990272411978204, 'R2 - std': 0.00015021090230398382} 
 

Results After CV: {'MSE - mean': 792534.3565953108, 'MSE - std': 150768.28521710983, 'R2 - mean': 0.9990272411978204, 'R2 - std': 0.00015021090230398382}
Train time: 1.524283688600002
Inference time: 0.009097964599999387
Finished cross validation
Trial 38 finished with value: 792534.3565953108 and parameters: {'max_depth': 8, 'alpha': 6.995588496057437e-06, 'lambda': 0.0010589250433718422, 'eta': 0.07412208388959686}. Best is trial 15 with value: 729096.643634782.
[0]	train-rmse:29747.42773	eval-rmse:32434.38672
[100]	train-rmse:371.49918	eval-rmse:979.43817
[114]	train-rmse:345.32019	eval-rmse:986.24609
Saved Losses
{'MSE - mean': 972681.3367472187, 'MSE - std': 0.0, 'R2 - mean': 0.9989234998676221, 'R2 - std': 0.0} 
 

[0]	train-rmse:30699.08398	eval-rmse:28667.76172
[100]	train-rmse:396.35757	eval-rmse:882.93921
[147]	train-rmse:301.39816	eval-rmse:879.11194
Saved Losses
{'MSE - mean': 872759.5125240381, 'MSE - std': 99921.82422318065, 'R2 - mean': 0.9989484005896466, 'R2 - std': 2.490072202454563e-05} 
 

[0]	train-rmse:31121.40625	eval-rmse:26785.00391
[100]	train-rmse:392.18292	eval-rmse:860.99506
[135]	train-rmse:303.92920	eval-rmse:857.65588
Saved Losses
{'MSE - mean': 827094.2402592237, 'MSE - std': 104052.30168572944, 'R2 - mean': 0.9989363019655505, 'R2 - std': 2.6572869276717305e-05} 
 

[0]	train-rmse:29830.73633	eval-rmse:32126.65625
[100]	train-rmse:392.54941	eval-rmse:863.91522
[143]	train-rmse:298.54654	eval-rmse:862.17712
Saved Losses
{'MSE - mean': 806158.047518524, 'MSE - std': 97134.6159409751, 'R2 - mean': 0.9989942325573309, 'R2 - std': 0.00010294390913633004} 
 

[0]	train-rmse:30096.55273	eval-rmse:31118.44531
[100]	train-rmse:369.62720	eval-rmse:773.16431
[187]	train-rmse:212.75337	eval-rmse:756.73755
Saved Losses
{'MSE - mean': 759456.7753759052, 'MSE - std': 127562.30701173581, 'R2 - mean': 0.9990609473260792, 'R2 - std': 0.00016211539167861942} 
 

Results After CV: {'MSE - mean': 759456.7753759052, 'MSE - std': 127562.30701173581, 'R2 - mean': 0.9990609473260792, 'R2 - std': 0.00016211539167861942}
Train time: 0.7111584476000076
Inference time: 0.013343052599987004
Finished cross validation
Trial 39 finished with value: 759456.7753759052 and parameters: {'max_depth': 5, 'alpha': 4.030661219625346e-06, 'lambda': 3.0669864215390447e-07, 'eta': 0.060369975662782516}. Best is trial 15 with value: 729096.643634782.
[0]	train-rmse:28988.82812	eval-rmse:31607.31641
[100]	train-rmse:5.09574	eval-rmse:975.52179
[104]	train-rmse:3.85749	eval-rmse:975.55188
Saved Losses
{'MSE - mean': 951717.2752251959, 'MSE - std': 0.0, 'R2 - mean': 0.9989467015207751, 'R2 - std': 0.0} 
 

[0]	train-rmse:29916.13477	eval-rmse:27937.08789
[100]	train-rmse:5.79625	eval-rmse:997.89703
Saved Losses
{'MSE - mean': 973757.866059256, 'MSE - std': 22040.5908340601, 'R2 - mean': 0.9988119020597037, 'R2 - std': 0.00013479946107142204} 
 

[0]	train-rmse:30327.61914	eval-rmse:26102.64258
[100]	train-rmse:5.68771	eval-rmse:849.09363
[110]	train-rmse:2.84995	eval-rmse:849.09265
Saved Losses
{'MSE - mean': 889489.3095988525, 'MSE - std': 120524.84244081535, 'R2 - mean': 0.9988526030067543, 'R2 - std': 0.00012420573249679963} 
 

[0]	train-rmse:29069.74609	eval-rmse:31308.52148
[100]	train-rmse:4.98030	eval-rmse:1099.44568
[162]	train-rmse:0.17673	eval-rmse:1099.37488
Saved Losses
{'MSE - mean': 969273.2919394441, 'MSE - std': 173179.4726531092, 'R2 - mean': 0.998801271213958, 'R2 - std': 0.00013955341931980365} 
 

[0]	train-rmse:29328.89844	eval-rmse:30325.71094
[100]	train-rmse:7.01686	eval-rmse:776.57556
[126]	train-rmse:2.65558	eval-rmse:776.58203
Saved Losses
{'MSE - mean': 896032.4460121157, 'MSE - std': 213189.5631763663, 'R2 - mean': 0.9988994373084388, 'R2 - std': 0.00023265092713660066} 
 

Results After CV: {'MSE - mean': 896032.4460121157, 'MSE - std': 213189.5631763663, 'R2 - mean': 0.9988994373084388, 'R2 - std': 0.00023265092713660066}
Train time: 4.759144074400001
Inference time: 0.02530439379999052
Finished cross validation
Trial 40 finished with value: 896032.4460121157 and parameters: {'max_depth': 12, 'alpha': 3.0630566254690734e-07, 'lambda': 1.7103180752215176e-05, 'eta': 0.08431155369235498}. Best is trial 15 with value: 729096.643634782.
[0]	train-rmse:30125.24414	eval-rmse:32844.60547
[100]	train-rmse:735.57721	eval-rmse:977.58313
[151]	train-rmse:619.33258	eval-rmse:948.64532
Saved Losses
{'MSE - mean': 899670.8701314377, 'MSE - std': 0.0, 'R2 - mean': 0.9990043030803574, 'R2 - std': 0.0} 
 

[0]	train-rmse:31088.92969	eval-rmse:29031.91992
[100]	train-rmse:751.63000	eval-rmse:909.26044
[200]	train-rmse:585.66815	eval-rmse:824.04749
[300]	train-rmse:517.72876	eval-rmse:813.81000
[314]	train-rmse:507.97299	eval-rmse:814.00024
Saved Losses
{'MSE - mean': 781050.8055398229, 'MSE - std': 118620.06459161476, 'R2 - mean': 0.9990621388550213, 'R2 - std': 5.783577466389467e-05} 
 

[0]	train-rmse:31516.59961	eval-rmse:27125.75781
[100]	train-rmse:739.40924	eval-rmse:973.32428
[200]	train-rmse:573.20032	eval-rmse:896.76685
[284]	train-rmse:515.37640	eval-rmse:893.15662
Saved Losses
{'MSE - mean': 786610.5251972835, 'MSE - std': 97171.50189819894, 'R2 - mean': 0.9989815865055212, 'R2 - std': 0.0001233180707519401} 
 

[0]	train-rmse:30209.62891	eval-rmse:32534.23438
[100]	train-rmse:741.36816	eval-rmse:884.15460
[141]	train-rmse:646.55444	eval-rmse:857.03162
Saved Losses
{'MSE - mean': 773583.6976886503, 'MSE - std': 87125.3137192791, 'R2 - mean': 0.9990306712005683, 'R2 - std': 0.00013650432884754283} 
 

[0]	train-rmse:30478.89258	eval-rmse:31513.24609
[100]	train-rmse:759.77081	eval-rmse:854.93201
[200]	train-rmse:579.47162	eval-rmse:781.76562
[300]	train-rmse:504.06717	eval-rmse:765.03284
[400]	train-rmse:456.28580	eval-rmse:758.74658
[475]	train-rmse:425.06677	eval-rmse:756.20233
Saved Losses
{'MSE - mean': 733235.3467138316, 'MSE - std': 112181.16570126578, 'R2 - mean': 0.9990902883404242, 'R2 - std': 0.00017065625946242736} 
 

Results After CV: {'MSE - mean': 733235.3467138316, 'MSE - std': 112181.16570126578, 'R2 - mean': 0.9990902883404242, 'R2 - std': 0.00017065625946242736}
Train time: 0.611841549999997
Inference time: 0.008314818400003787
Finished cross validation
Trial 41 finished with value: 733235.3467138316 and parameters: {'max_depth': 3, 'alpha': 0.23745733820169326, 'lambda': 0.052603026584734126, 'eta': 0.04845221240167418}. Best is trial 15 with value: 729096.643634782.
[0]	train-rmse:30026.88086	eval-rmse:32737.28906
[100]	train-rmse:720.71118	eval-rmse:958.87921
[160]	train-rmse:590.20618	eval-rmse:948.33600
Saved Losses
{'MSE - mean': 899456.3937645481, 'MSE - std': 0.0, 'R2 - mean': 0.9990045404487828, 'R2 - std': 0.0} 
 

[0]	train-rmse:30987.40625	eval-rmse:28937.16406
[100]	train-rmse:724.26349	eval-rmse:890.90649
[200]	train-rmse:563.12048	eval-rmse:808.83978
[300]	train-rmse:493.48972	eval-rmse:794.57538
[364]	train-rmse:461.35919	eval-rmse:794.29742
Saved Losses
{'MSE - mean': 765182.404466969, 'MSE - std': 134273.9892975791, 'R2 - mean': 0.9990831959141477, 'R2 - std': 7.865546536489632e-05} 
 

[0]	train-rmse:31413.67773	eval-rmse:27037.31055
[100]	train-rmse:719.89972	eval-rmse:959.77460
[200]	train-rmse:564.32001	eval-rmse:908.32867
[300]	train-rmse:491.84479	eval-rmse:892.07263
[322]	train-rmse:481.44827	eval-rmse:892.69269
Saved Losses
{'MSE - mean': 775631.9330641454, 'MSE - std': 110625.7418674816, 'R2 - mean': 0.9989962154767112, 'R2 - std': 0.00013876472107299213} 
 

[0]	train-rmse:30110.99414	eval-rmse:32428.01172
[100]	train-rmse:716.95911	eval-rmse:864.43396
[133]	train-rmse:643.23389	eval-rmse:850.50513
Saved Losses
{'MSE - mean': 762563.6937523445, 'MSE - std': 98442.25570825521, 'R2 - mean': 0.9990447611581215, 'R2 - std': 0.00014666896540030492} 
 

[0]	train-rmse:30379.38281	eval-rmse:31410.32422
[100]	train-rmse:739.82404	eval-rmse:838.11163
[200]	train-rmse:569.84235	eval-rmse:776.08020
[300]	train-rmse:493.08606	eval-rmse:758.34497
[400]	train-rmse:444.90366	eval-rmse:753.06201
[418]	train-rmse:439.33588	eval-rmse:753.46460
Saved Losses
{'MSE - mean': 723592.7397740243, 'MSE - std': 117590.99958357765, 'R2 - mean': 0.9991025305957191, 'R2 - std': 0.00017481035441481384} 
 

Results After CV: {'MSE - mean': 723592.7397740243, 'MSE - std': 117590.99958357765, 'R2 - mean': 0.9991025305957191, 'R2 - std': 0.00017481035441481384}
Train time: 0.5981240425999885
Inference time: 0.013833457599992017
Finished cross validation
Trial 42 finished with value: 723592.7397740243 and parameters: {'max_depth': 3, 'alpha': 0.9593598183594774, 'lambda': 0.05406525121726712, 'eta': 0.05156328446943491}. Best is trial 42 with value: 723592.7397740243.
[0]	train-rmse:29633.37305	eval-rmse:32307.86914
[100]	train-rmse:537.27863	eval-rmse:942.74634
[116]	train-rmse:493.03583	eval-rmse:950.34637
Saved Losses
{'MSE - mean': 904136.2191418689, 'MSE - std': 0.0, 'R2 - mean': 0.9989993611239126, 'R2 - std': 0.0} 
 

[0]	train-rmse:30581.07617	eval-rmse:28557.89062
[100]	train-rmse:543.74847	eval-rmse:843.69220
[188]	train-rmse:398.50092	eval-rmse:819.95087
Saved Losses
{'MSE - mean': 788227.8021909292, 'MSE - std': 115908.41695093963, 'R2 - mean': 0.9990530994483453, 'R2 - std': 5.373832443267279e-05} 
 

[0]	train-rmse:31001.58203	eval-rmse:26683.16406
[100]	train-rmse:567.79132	eval-rmse:875.58264
[200]	train-rmse:396.12045	eval-rmse:854.75793
[269]	train-rmse:327.67694	eval-rmse:851.83539
Saved Losses
{'MSE - mean': 767359.7152257875, 'MSE - std': 99133.55395904729, 'R2 - mean': 0.9990110989262061, 'R2 - std': 7.38464131051226e-05} 
 

[0]	train-rmse:29716.34766	eval-rmse:32003.24609
[100]	train-rmse:537.57758	eval-rmse:844.32971
[118]	train-rmse:495.32223	eval-rmse:844.81793
Saved Losses
{'MSE - mean': 753949.1300371508, 'MSE - std': 88938.89770914946, 'R2 - mean': 0.9990586215267185, 'R2 - std': 0.00010423608887892258} 
 

[0]	train-rmse:29981.05664	eval-rmse:30998.52734
[100]	train-rmse:531.16260	eval-rmse:775.63269
[200]	train-rmse:372.95108	eval-rmse:753.12506
[214]	train-rmse:363.28339	eval-rmse:754.33350
Saved Losses
{'MSE - mean': 717020.3043778803, 'MSE - std': 108549.7797273953, 'R2 - mean': 0.9991132441869647, 'R2 - std': 0.00014361987964526144} 
 

Results After CV: {'MSE - mean': 717020.3043778803, 'MSE - std': 108549.7797273953, 'R2 - mean': 0.9991132441869647, 'R2 - std': 0.00014361987964526144}
Train time: 0.5631802368000194
Inference time: 0.009265310799980853
Finished cross validation
Trial 43 finished with value: 717020.3043778803 and parameters: {'max_depth': 4, 'alpha': 0.4198008232593341, 'lambda': 0.4207985228481829, 'eta': 0.06414163364234918}. Best is trial 43 with value: 717020.3043778803.
[0]	train-rmse:30323.95312	eval-rmse:33061.33594
[100]	train-rmse:749.37329	eval-rmse:1038.61804
[168]	train-rmse:521.26398	eval-rmse:953.12213
Saved Losses
{'MSE - mean': 909968.2678593152, 'MSE - std': 0.0, 'R2 - mean': 0.998992906593555, 'R2 - std': 0.0} 
 

[0]	train-rmse:31293.83594	eval-rmse:29223.15820
[100]	train-rmse:737.72913	eval-rmse:939.78967
[200]	train-rmse:481.46942	eval-rmse:814.19983
[256]	train-rmse:429.61172	eval-rmse:809.30481
Saved Losses
{'MSE - mean': 782471.2865054342, 'MSE - std': 127496.9813538809, 'R2 - mean': 0.999061393471042, 'R2 - std': 6.848687748689519e-05} 
 

[0]	train-rmse:31724.19336	eval-rmse:27304.13867
[100]	train-rmse:766.74371	eval-rmse:971.09662
[196]	train-rmse:501.04746	eval-rmse:870.25702
Saved Losses
{'MSE - mean': 774096.6002502256, 'MSE - std': 104772.40846702403, 'R2 - mean': 0.9990009927977589, 'R2 - std': 0.00010209530314698139} 
 

[0]	train-rmse:30408.87305	eval-rmse:32748.96680
[100]	train-rmse:734.29480	eval-rmse:952.12695
[200]	train-rmse:479.70682	eval-rmse:837.64410
[206]	train-rmse:473.87140	eval-rmse:840.35785
Saved Losses
{'MSE - mean': 757122.7735401444, 'MSE - std': 95379.6391350759, 'R2 - mean': 0.9990531449777434, 'R2 - std': 0.00012640070341943046} 
 

[0]	train-rmse:30679.77930	eval-rmse:31721.12500
[100]	train-rmse:734.03668	eval-rmse:908.46619
[200]	train-rmse:482.17541	eval-rmse:768.77759
[300]	train-rmse:396.56024	eval-rmse:761.42999
[314]	train-rmse:387.11401	eval-rmse:761.83447
Saved Losses
{'MSE - mean': 721776.5738050898, 'MSE - std': 110793.66314041316, 'R2 - mean': 0.9991062601586552, 'R2 - std': 0.00015513413561537976} 
 

Results After CV: {'MSE - mean': 721776.5738050898, 'MSE - std': 110793.66314041316, 'R2 - mean': 0.9991062601586552, 'R2 - std': 0.00015513413561537976}
Train time: 0.6365114012000049
Inference time: 0.015529890000016167
Finished cross validation
Trial 44 finished with value: 721776.5738050898 and parameters: {'max_depth': 4, 'alpha': 0.9934674019163017, 'lambda': 0.5823912420858474, 'eta': 0.04229721147205692}. Best is trial 43 with value: 717020.3043778803.
[0]	train-rmse:29563.20898	eval-rmse:32231.31055
[100]	train-rmse:545.26917	eval-rmse:947.83313
[109]	train-rmse:517.54303	eval-rmse:955.70532
Saved Losses
{'MSE - mean': 914263.7325468244, 'MSE - std': 0.0, 'R2 - mean': 0.9989881526539758, 'R2 - std': 0.0} 
 

[0]	train-rmse:30508.53320	eval-rmse:28490.22266
[100]	train-rmse:534.54590	eval-rmse:821.44232
[151]	train-rmse:440.05310	eval-rmse:800.58875
Saved Losses
{'MSE - mean': 777667.2050600632, 'MSE - std': 136596.52748676128, 'R2 - mean': 0.9990682518403239, 'R2 - std': 8.009918634810376e-05} 
 

[0]	train-rmse:30927.98828	eval-rmse:26619.90430
[100]	train-rmse:548.29480	eval-rmse:872.80438
[200]	train-rmse:387.06049	eval-rmse:864.05810
[203]	train-rmse:382.34177	eval-rmse:866.07678
Saved Losses
{'MSE - mean': 768474.4844294176, 'MSE - std': 112285.73569016032, 'R2 - mean': 0.9990091423450115, 'R2 - std': 0.00010613726006725567} 
 

[0]	train-rmse:29645.98633	eval-rmse:31927.46875
[100]	train-rmse:532.38196	eval-rmse:850.24915
[115]	train-rmse:501.79456	eval-rmse:855.76849
Saved Losses
{'MSE - mean': 759440.77594388, 'MSE - std': 98493.0885728305, 'R2 - mean': 0.9990519434593648, 'R2 - std': 0.00011808744493204113} 
 

[0]	train-rmse:29910.02148	eval-rmse:30925.05859
[100]	train-rmse:532.61151	eval-rmse:769.51910
[181]	train-rmse:389.22180	eval-rmse:754.16510
Saved Losses
{'MSE - mean': 721305.6302784489, 'MSE - std': 116524.10968115958, 'R2 - mean': 0.9991080284955498, 'R2 - std': 0.00015407089555133537} 
 

Results After CV: {'MSE - mean': 721305.6302784489, 'MSE - std': 116524.10968115958, 'R2 - mean': 0.9991080284955498, 'R2 - std': 0.00015407089555133537}
Train time: 0.5466348074000053
Inference time: 0.04032262359999095
Finished cross validation
Trial 45 finished with value: 721305.6302784489 and parameters: {'max_depth': 4, 'alpha': 0.9704128794194163, 'lambda': 0.5791898685492403, 'eta': 0.06642799829673295}. Best is trial 43 with value: 717020.3043778803.
[0]	train-rmse:28553.78125	eval-rmse:31129.96875
[78]	train-rmse:492.88065	eval-rmse:954.76923
Saved Losses
{'MSE - mean': 910038.7828208304, 'MSE - std': 0.0, 'R2 - mean': 0.9989928285522042, 'R2 - std': 0.0} 
 

[0]	train-rmse:29466.32227	eval-rmse:27517.47461
[100]	train-rmse:451.38318	eval-rmse:813.14252
[151]	train-rmse:373.77252	eval-rmse:808.42145
Saved Losses
{'MSE - mean': 781211.8561905783, 'MSE - std': 128826.9266302521, 'R2 - mean': 0.9990630744159965, 'R2 - std': 7.024586379239528e-05} 
 

[0]	train-rmse:29871.23047	eval-rmse:25711.76953
[100]	train-rmse:457.24060	eval-rmse:874.20660
[136]	train-rmse:398.65405	eval-rmse:872.23749
Saved Losses
{'MSE - mean': 774407.3103829976, 'MSE - std': 105626.01496455549, 'R2 - mean': 0.9990004125569728, 'R2 - std': 0.00010555885280686725} 
 

[0]	train-rmse:28633.70508	eval-rmse:30837.40039
[82]	train-rmse:491.56537	eval-rmse:849.56641
Saved Losses
{'MSE - mean': 761246.2844065756, 'MSE - std': 94272.36653561602, 'R2 - mean': 0.9990483554747444, 'R2 - std': 0.00012350131030787272} 
 

[0]	train-rmse:28888.57422	eval-rmse:29868.68945
[100]	train-rmse:430.35773	eval-rmse:738.87561
[200]	train-rmse:288.42068	eval-rmse:732.74927
[204]	train-rmse:284.99640	eval-rmse:732.71002
Saved Losses
{'MSE - mean': 716235.1800545412, 'MSE - std': 123344.32023299392, 'R2 - mean': 0.9991128054181999, 'R2 - std': 0.00016975641302722672} 
 

Results After CV: {'MSE - mean': 716235.1800545412, 'MSE - std': 123344.32023299392, 'R2 - mean': 0.9991128054181999, 'R2 - std': 0.00016975641302722672}
Train time: 0.4656268284000021
Inference time: 0.010895106199996007
Finished cross validation
Trial 46 finished with value: 716235.1800545412 and parameters: {'max_depth': 4, 'alpha': 0.9877247397230108, 'lambda': 0.7414010936469697, 'eta': 0.0985441693758716}. Best is trial 46 with value: 716235.1800545412.
[0]	train-rmse:26416.49609	eval-rmse:28798.50586
[52]	train-rmse:199.87978	eval-rmse:1019.99817
Saved Losses
{'MSE - mean': 1037481.5560777034, 'MSE - std': 0.0, 'R2 - mean': 0.9988517832199884, 'R2 - std': 0.0} 
 

[0]	train-rmse:27260.00000	eval-rmse:25458.67578
[91]	train-rmse:126.11175	eval-rmse:843.34576
Saved Losses
{'MSE - mean': 874704.2969561911, 'MSE - std': 162777.25912151224, 'R2 - mean': 0.9989530015277716, 'R2 - std': 0.00010121830778320184} 
 

[0]	train-rmse:27634.38867	eval-rmse:23790.05469
[100]	train-rmse:106.36479	eval-rmse:826.64703
[110]	train-rmse:89.83145	eval-rmse:828.43195
Saved Losses
{'MSE - mean': 811820.5720353496, 'MSE - std': 159915.6541573758, 'R2 - mean': 0.998963869831555, 'R2 - std': 8.406150887646174e-05} 
 

[0]	train-rmse:26490.60352	eval-rmse:28530.36719
[49]	train-rmse:234.56088	eval-rmse:818.39288
Saved Losses
{'MSE - mean': 776624.0622575474, 'MSE - std': 151314.72246629818, 'R2 - mean': 0.9990351426366956, 'R2 - std': 0.00014331500693836813} 
 

[0]	train-rmse:26725.98438	eval-rmse:27632.61328
[100]	train-rmse:91.60243	eval-rmse:756.97528
[133]	train-rmse:56.45874	eval-rmse:756.68188
Saved Losses
{'MSE - mean': 735812.7347555443, 'MSE - std': 158048.01168614952, 'R2 - mean': 0.9990936951713744, 'R2 - std': 0.0001736230118396636} 
 

Results After CV: {'MSE - mean': 735812.7347555443, 'MSE - std': 158048.01168614952, 'R2 - mean': 0.9990936951713744, 'R2 - std': 0.0001736230118396636}
Train time: 0.6167838090000032
Inference time: 0.01562718639999048
Finished cross validation
