Trial 5 finished with value: 3.8739370084166906 and parameters: {'max_depth': 2, 'alpha': 0.2797349802180601, 'lambda': 2.372659359016513e-06, 'eta': 0.2768821220833782}. Best is trial 3 with value: 3.745481114910421.
[0]	eval-rmse:3.33243
[100]	eval-rmse:2.12416
[200]	eval-rmse:2.03392
[300]	eval-rmse:2.01716
[400]	eval-rmse:2.00881
[500]	eval-rmse:2.00217
[600]	eval-rmse:1.99793
[700]	eval-rmse:1.99543
[800]	eval-rmse:1.99267
[900]	eval-rmse:1.99006
[920]	eval-rmse:1.98972
{'MSE - mean': 3.9588068319799206, 'MSE - std': 0.0, 'R2 - mean': 0.49035756402373454, 'R2 - std': 0.0}
[0]	eval-rmse:3.28065
[100]	eval-rmse:2.07911
[200]	eval-rmse:1.99539
[300]	eval-rmse:1.98495
[400]	eval-rmse:1.98134
[500]	eval-rmse:1.97925
[600]	eval-rmse:1.97734
[700]	eval-rmse:1.97564
[800]	eval-rmse:1.97380
[900]	eval-rmse:1.97282
[999]	eval-rmse:1.97202
{'MSE - mean': 3.9238289027379825, 'MSE - std': 0.03497792924193788, 'R2 - mean': 0.48400536211011846, 'R2 - std': 0.0063522019136160734}
[0]	eval-rmse:3.23325
[100]	eval-rmse:2.01973
[200]	eval-rmse:1.94085
[300]	eval-rmse:1.93098
[400]	eval-rmse:1.92489
[500]	eval-rmse:1.92215
[600]	eval-rmse:1.92016
[669]	eval-rmse:1.91920
{'MSE - mean': 3.8436627952282643, 'MSE - std': 0.11691384267580121, 'R2 - mean': 0.48563801860377637, 'R2 - std': 0.005677274629620439}
[0]	eval-rmse:3.18064
[100]	eval-rmse:2.00397
[200]	eval-rmse:1.94420
[215]	eval-rmse:1.94462
{'MSE - mean': 3.8280250912406784, 'MSE - std': 0.10481053532411048, 'R2 - mean': 0.47552353676779224, 'R2 - std': 0.01819565370758793}
[0]	eval-rmse:3.29927
[100]	eval-rmse:2.08335
[200]	eval-rmse:1.99204
[300]	eval-rmse:1.97317
[400]	eval-rmse:1.96316
[500]	eval-rmse:1.95586
[600]	eval-rmse:1.95186
[700]	eval-rmse:1.94882
[800]	eval-rmse:1.94514
[900]	eval-rmse:1.94071
[999]	eval-rmse:1.93890
{'MSE - mean': 3.814287658981043, 'MSE - std': 0.09768862181591866, 'R2 - mean': 0.48130962690667545, 'R2 - std': 0.019969496925518544}
Trial 6 finished with value: 3.814287658981043 and parameters: {'max_depth': 5, 'alpha': 0.01507229765000666, 'lambda': 0.03501412426696045, 'eta': 0.01570179096383132}. Best is trial 3 with value: 3.745481114910421.
[0]	eval-rmse:3.12601
[100]	eval-rmse:1.98071
[200]	eval-rmse:1.96926
[225]	eval-rmse:1.96991
{'MSE - mean': 3.88056239079854, 'MSE - std': 0.0, 'R2 - mean': 0.5004304696485177, 'R2 - std': 0.0}
[0]	eval-rmse:3.07605
[100]	eval-rmse:1.96069
[200]	eval-rmse:1.95207
[252]	eval-rmse:1.95036
{'MSE - mean': 3.8422331657030417, 'MSE - std': 0.038329225095498076, 'R2 - mean': 0.4947468180818497, 'R2 - std': 0.005683651566667947}
[0]	eval-rmse:3.02634
[100]	eval-rmse:1.90784
[123]	eval-rmse:1.90696
{'MSE - mean': 3.7736494369852913, 'MSE - std': 0.10191602108570004, 'R2 - mean': 0.49496588351527526, 'R2 - std': 0.004651011655088444}
[0]	eval-rmse:2.97009
[48]	eval-rmse:1.95888
{'MSE - mean': 3.789541233188297, 'MSE - std': 0.09245433508023951, 'R2 - mean': 0.48046131254913904, 'R2 - std': 0.025443499539113575}
[0]	eval-rmse:3.09171
[100]	eval-rmse:1.93332
[168]	eval-rmse:1.93064
{'MSE - mean': 3.777002442034746, 'MSE - std': 0.08641254766799093, 'R2 - mean': 0.486116413959249, 'R2 - std': 0.02541294990496004}
Trial 7 finished with value: 3.777002442034746 and parameters: {'max_depth': 6, 'alpha': 1.4522521966254237e-05, 'lambda': 8.469401852934802e-06, 'eta': 0.11633138183430244}. Best is trial 3 with value: 3.745481114910421.
[0]	eval-rmse:3.33156
[100]	eval-rmse:2.14673
[200]	eval-rmse:2.06309
[300]	eval-rmse:2.05082
[400]	eval-rmse:2.04550
[500]	eval-rmse:2.04208
[600]	eval-rmse:2.03600
[700]	eval-rmse:2.03023
[800]	eval-rmse:2.02683
[900]	eval-rmse:2.02286
[999]	eval-rmse:2.01854
{'MSE - mean': 4.074519517850227, 'MSE - std': 0.0, 'R2 - mean': 0.47546113244644395, 'R2 - std': 0.0}
[0]	eval-rmse:3.27990
[100]	eval-rmse:2.09467
[200]	eval-rmse:2.02134
[300]	eval-rmse:2.01189
[400]	eval-rmse:2.00804
[500]	eval-rmse:2.00564
[600]	eval-rmse:2.00351
[700]	eval-rmse:2.00224
[800]	eval-rmse:2.00106
[900]	eval-rmse:1.99951
[999]	eval-rmse:1.99835
{'MSE - mean': 4.033960446687538, 'MSE - std': 0.04055907116268931, 'R2 - mean': 0.46953559002217954, 'R2 - std': 0.005925542424264407}
[0]	eval-rmse:3.23321
[100]	eval-rmse:2.04009
[200]	eval-rmse:1.96538
[300]	eval-rmse:1.95447
[400]	eval-rmse:1.94955
[500]	eval-rmse:1.94717
[600]	eval-rmse:1.94523
[700]	eval-rmse:1.94273
[800]	eval-rmse:1.94121
[900]	eval-rmse:1.93973
[999]	eval-rmse:1.93816
{'MSE - mean': 3.9414638979489127, 'MSE - std': 0.13493670822340023, 'R2 - mean': 0.47260854000118147, 'R2 - std': 0.006503389769553574}
[0]	eval-rmse:3.17990
[100]	eval-rmse:1.98679
[194]	eval-rmse:1.92838
{'MSE - mean': 3.8856191643717346, 'MSE - std': 0.15169653662672497, 'R2 - mean': 0.4680634886101261, 'R2 - std': 0.009679516274745026}
[0]	eval-rmse:3.29906
[100]	eval-rmse:2.09750
[200]	eval-rmse:2.00928
[300]	eval-rmse:1.99440
[336]	eval-rmse:1.99284
{'MSE - mean': 3.90277756884705, 'MSE - std': 0.13995397370631782, 'R2 - mean': 0.4697506008856977, 'R2 - std': 0.009291922275394968}
Trial 8 finished with value: 3.90277756884705 and parameters: {'max_depth': 3, 'alpha': 0.00038994370743646625, 'lambda': 0.014204734398168857, 'eta': 0.016462643144554565}. Best is trial 3 with value: 3.745481114910421.
[0]	eval-rmse:3.32248
[100]	eval-rmse:2.10371
[200]	eval-rmse:2.05701
[300]	eval-rmse:2.04820
[400]	eval-rmse:2.04040
[500]	eval-rmse:2.03512
[600]	eval-rmse:2.02757
[700]	eval-rmse:2.02251
[800]	eval-rmse:2.01820
[900]	eval-rmse:2.01139
[999]	eval-rmse:2.00911
{'MSE - mean': 4.0365227278102465, 'MSE - std': 0.0, 'R2 - mean': 0.48035270141081543, 'R2 - std': 0.0}
[0]	eval-rmse:3.27093
[100]	eval-rmse:2.05273
[200]	eval-rmse:2.01402
[300]	eval-rmse:2.00743
[400]	eval-rmse:2.00484
[500]	eval-rmse:2.00266
[600]	eval-rmse:2.00113
[700]	eval-rmse:1.99874
[800]	eval-rmse:1.99710
[900]	eval-rmse:1.99579
[999]	eval-rmse:1.99446
{'MSE - mean': 4.007201870489899, 'MSE - std': 0.029320857320347393, 'R2 - mean': 0.47302371481055683, 'R2 - std': 0.007328986600258602}
[0]	eval-rmse:3.22423
[100]	eval-rmse:1.99683
[200]	eval-rmse:1.95819
[300]	eval-rmse:1.95100
[400]	eval-rmse:1.94700
[500]	eval-rmse:1.94519
[600]	eval-rmse:1.94245
[700]	eval-rmse:1.94049
[800]	eval-rmse:1.93921
[900]	eval-rmse:1.93837
[910]	eval-rmse:1.93829
{'MSE - mean': 3.9237860919100136, 'MSE - std': 0.12037244707508313, 'R2 - mean': 0.47491158230387276, 'R2 - std': 0.006552667426512995}
[0]	eval-rmse:3.17066
[100]	eval-rmse:1.94483
[153]	eval-rmse:1.93219
{'MSE - mean': 3.875922211332262, 'MSE - std': 0.13319158270332443, 'R2 - mean': 0.46926818955658783, 'R2 - std': 0.011302510026635116}
[0]	eval-rmse:3.29003
[100]	eval-rmse:2.04856
[200]	eval-rmse:1.98642
[292]	eval-rmse:1.98108
{'MSE - mean': 3.8856726887459887, 'MSE - std': 0.12071572143509555, 'R2 - mean': 0.4719465004091491, 'R2 - std': 0.01144075095496529}
Trial 9 finished with value: 3.8856726887459887 and parameters: {'max_depth': 3, 'alpha': 0.00018766554050171112, 'lambda': 0.005097003680369269, 'eta': 0.020978706763996664}. Best is trial 3 with value: 3.745481114910421.
[0]	eval-rmse:3.26658
[100]	eval-rmse:1.97788
[200]	eval-rmse:1.97090
[227]	eval-rmse:1.97025
{'MSE - mean': 3.8818661469811695, 'MSE - std': 0.0, 'R2 - mean': 0.5002626288052952, 'R2 - std': 0.0}
[0]	eval-rmse:3.21498
[100]	eval-rmse:1.94182
[113]	eval-rmse:1.94127
{'MSE - mean': 3.825017384184005, 'MSE - std': 0.056848762797164554, 'R2 - mean': 0.49706286505311637, 'R2 - std': 0.003199763752178786}
[0]	eval-rmse:3.16709
[89]	eval-rmse:1.90177
{'MSE - mean': 3.7553775200571575, 'MSE - std': 0.10887581261353259, 'R2 - mean': 0.49745274724869065, 'R2 - std': 0.002670145120779616}
[0]	eval-rmse:3.11270
[76]	eval-rmse:1.91065
{'MSE - mean': 3.7291773262619956, 'MSE - std': 0.10464132737071381, 'R2 - mean': 0.489173091713729, 'R2 - std': 0.014526022977999783}
[0]	eval-rmse:3.23429
[100]	eval-rmse:1.93779
[200]	eval-rmse:1.92813
[231]	eval-rmse:1.92669
{'MSE - mean': 3.725764876393928, 'MSE - std': 0.0938425552269983, 'R2 - mean': 0.4934742292551008, 'R2 - std': 0.015582150411451343}
Trial 10 finished with value: 3.725764876393928 and parameters: {'max_depth': 10, 'alpha': 1.3465455334079879e-06, 'lambda': 4.589848875293374e-08, 'eta': 0.04624709754728712}. Best is trial 10 with value: 3.725764876393928.
[0]	eval-rmse:3.26539
[100]	eval-rmse:1.96911
[160]	eval-rmse:1.96536
{'MSE - mean': 3.862232406819296, 'MSE - std': 0.0, 'R2 - mean': 0.5027902053171347, 'R2 - std': 0.0}
[0]	eval-rmse:3.21433
[100]	eval-rmse:1.94026
[121]	eval-rmse:1.94074
{'MSE - mean': 3.8142459344016695, 'MSE - std': 0.04798647241762666, 'R2 - mean': 0.4984548715652163, 'R2 - std': 0.004335333751918413}
[0]	eval-rmse:3.16641
[96]	eval-rmse:1.89955
{'MSE - mean': 3.7466653522174553, 'MSE - std': 0.10329280968895976, 'R2 - mean': 0.49859322013596924, 'R2 - std': 0.003545188262195312}
[0]	eval-rmse:3.11140
[76]	eval-rmse:1.91296
{'MSE - mean': 3.724851187376781, 'MSE - std': 0.09710626531366592, 'R2 - mean': 0.48970445831706866, 'R2 - std': 0.015698934036431817}
[0]	eval-rmse:3.23224
[100]	eval-rmse:1.94242
[138]	eval-rmse:1.94349
{'MSE - mean': 3.735066898811027, 'MSE - std': 0.08922524559207212, 'R2 - mean': 0.4922169462963716, 'R2 - std': 0.014913604771776544}
Trial 11 finished with value: 3.735066898811027 and parameters: {'max_depth': 12, 'alpha': 4.3540656694784104e-08, 'lambda': 1.4036723004032853e-08, 'eta': 0.04628791500136252}. Best is trial 10 with value: 3.725764876393928.
[0]	eval-rmse:3.25803
[100]	eval-rmse:1.96541
[106]	eval-rmse:1.96551
{'MSE - mean': 3.8631003447237293, 'MSE - std': 0.0, 'R2 - mean': 0.5026784701386667, 'R2 - std': 0.0}
[0]	eval-rmse:3.20705
[100]	eval-rmse:1.95044
[114]	eval-rmse:1.95028
{'MSE - mean': 3.8331635806033386, 'MSE - std': 0.029936764120390924, 'R2 - mean': 0.4959162936677188, 'R2 - std': 0.006762176470947956}
[0]	eval-rmse:3.15903
[73]	eval-rmse:1.90643
{'MSE - mean': 3.7686753304823077, 'MSE - std': 0.09441897075276763, 'R2 - mean': 0.49559674450317887, 'R2 - std': 0.005539757252799471}
[0]	eval-rmse:3.10383
[73]	eval-rmse:1.91151
{'MSE - mean': 3.739970093762592, 'MSE - std': 0.09569837184567849, 'R2 - mean': 0.48766085391248243, 'R2 - std': 0.014558563157725158}
[0]	eval-rmse:3.22485
[100]	eval-rmse:1.94729
[121]	eval-rmse:1.94768
{'MSE - mean': 3.7508262306131415, 'MSE - std': 0.08830608998479338, 'R2 - mean': 0.49009905670889575, 'R2 - std': 0.013904702099639862}
Trial 12 finished with value: 3.7508262306131415 and parameters: {'max_depth': 12, 'alpha': 2.358404775417857e-08, 'lambda': 1.1829332798601264e-08, 'eta': 0.04975165961681609}. Best is trial 10 with value: 3.725764876393928.
[0]	eval-rmse:3.24709
[100]	eval-rmse:1.97435
[178]	eval-rmse:1.97203
{'MSE - mean': 3.8889230069474916, 'MSE - std': 0.0, 'R2 - mean': 0.4993541542430794, 'R2 - std': 0.0}
[0]	eval-rmse:3.19563
[100]	eval-rmse:1.93675
[200]	eval-rmse:1.93190
[237]	eval-rmse:1.93170
{'MSE - mean': 3.8101667371140477, 'MSE - std': 0.07875626983344386, 'R2 - mean': 0.49907728827934866, 'R2 - std': 0.00027686596373072137}
[0]	eval-rmse:3.14737
[100]	eval-rmse:1.91806
{'MSE - mean': 3.766423571104563, 'MSE - std': 0.08922982967475368, 'R2 - mean': 0.49588917514702996, 'R2 - std': 0.004514336480980163}
[0]	eval-rmse:3.09328
[95]	eval-rmse:1.90349
{'MSE - mean': 3.7306330095162794, 'MSE - std': 0.09906747586495407, 'R2 - mean': 0.4890024418675125, 'R2 - std': 0.01255251812136794}
[0]	eval-rmse:3.21495
[85]	eval-rmse:1.93461
{'MSE - mean': 3.733339283638678, 'MSE - std': 0.08877379961399001, 'R2 - mean': 0.49249277845121336, 'R2 - std': 0.01322052823528235}
Trial 13 finished with value: 3.733339283638678 and parameters: {'max_depth': 9, 'alpha': 2.6561696617856526e-08, 'lambda': 3.517270180019488e-08, 'eta': 0.05576406557469372}. Best is trial 10 with value: 3.725764876393928.
[0]	eval-rmse:3.17483
[100]	eval-rmse:1.97017
[128]	eval-rmse:1.97251
{'MSE - mean': 3.8904428331860035, 'MSE - std': 0.0, 'R2 - mean': 0.4991584973243839, 'R2 - std': 0.0}
[0]	eval-rmse:3.12359
[100]	eval-rmse:1.95040
[200]	eval-rmse:1.94449
[201]	eval-rmse:1.94427
{'MSE - mean': 3.835306768460994, 'MSE - std': 0.055136064725009426, 'R2 - mean': 0.4957047450528209, 'R2 - std': 0.003453752271562971}
[0]	eval-rmse:3.07367
[100]	eval-rmse:1.90069
[140]	eval-rmse:1.89940
{'MSE - mean': 3.759718321615377, 'MSE - std': 0.11599087758083555, 'R2 - mean': 0.49689683937133244, 'R2 - std': 0.003285490460190993}
[0]	eval-rmse:3.01871
[45]	eval-rmse:1.92334
{'MSE - mean': 3.7445960068213484, 'MSE - std': 0.10380975857629353, 'R2 - mean': 0.4869714163616091, 'R2 - std': 0.01742520879182912}
[0]	eval-rmse:3.14231
[100]	eval-rmse:1.92285
[171]	eval-rmse:1.91383
{'MSE - mean': 3.7282221418276436, 'MSE - std': 0.09845601352818943, 'R2 - mean': 0.49301493857352574, 'R2 - std': 0.019723259468322814}
Trial 14 finished with value: 3.7282221418276436 and parameters: {'max_depth': 8, 'alpha': 6.871170950377396e-07, 'lambda': 1.0918425534357769e-07, 'eta': 0.09125308766257667}. Best is trial 10 with value: 3.725764876393928.
[0]	eval-rmse:3.16210
[100]	eval-rmse:1.95875
[107]	eval-rmse:1.96202
{'MSE - mean': 3.849505325860189, 'MSE - std': 0.0, 'R2 - mean': 0.504428643568395, 'R2 - std': 0.0}
[0]	eval-rmse:3.11091
[100]	eval-rmse:1.93740
[179]	eval-rmse:1.93285
{'MSE - mean': 3.7927049005759903, 'MSE - std': 0.056800425284198486, 'R2 - mean': 0.5013127174573435, 'R2 - std': 0.0031159261110514924}
[0]	eval-rmse:3.06079
[91]	eval-rmse:1.92256
{'MSE - mean': 3.760551188204364, 'MSE - std': 0.06495060672181399, 'R2 - mean': 0.4965789804003958, 'R2 - std': 0.00716164762711732}
[0]	eval-rmse:3.00567
[58]	eval-rmse:1.89949
{'MSE - mean': 3.722425667756218, 'MSE - std': 0.08674446330155505, 'R2 - mean': 0.49007783545547606, 'R2 - std': 0.012855409535904038}
[0]	eval-rmse:3.12958
[97]	eval-rmse:1.92674
{'MSE - mean': 3.7204095622042486, 'MSE - std': 0.07769131391067208, 'R2 - mean': 0.4941919589869321, 'R2 - std': 0.014139069742984183}
Trial 15 finished with value: 3.7204095622042486 and parameters: {'max_depth': 8, 'alpha': 6.117927121202497e-07, 'lambda': 2.1212430050254383e-07, 'eta': 0.09750303144844161}. Best is trial 15 with value: 3.7204095622042486.
[0]	eval-rmse:3.15611
[99]	eval-rmse:1.97721
{'MSE - mean': 3.909008877207994, 'MSE - std': 0.0, 'R2 - mean': 0.4967683721418734, 'R2 - std': 0.0}
[0]	eval-rmse:3.10496
[100]	eval-rmse:1.94512
[151]	eval-rmse:1.94275
{'MSE - mean': 3.8416514447614567, 'MSE - std': 0.06735743244653714, 'R2 - mean': 0.4949043583199638, 'R2 - std': 0.0018640138219095936}
[0]	eval-rmse:3.05475
[100]	eval-rmse:1.92769
[111]	eval-rmse:1.92777
{'MSE - mean': 3.7998610004185664, 'MSE - std': 0.08073143716842225, 'R2 - mean': 0.49137999721954334, 'R2 - std': 0.0052113920742121855}
[0]	eval-rmse:2.99954
[59]	eval-rmse:1.90632
{'MSE - mean': 3.758408711524938, 'MSE - std': 0.1002150211995276, 'R2 - mean': 0.48522472279167433, 'R2 - std': 0.011577182963074589}
[0]	eval-rmse:3.12361
[100]	eval-rmse:1.89550
[128]	eval-rmse:1.89117
{'MSE - mean': 3.722029434935007, 'MSE - std': 0.11544802917349559, 'R2 - mean': 0.4938904934578769, 'R2 - std': 0.020189285704186512}
Trial 16 finished with value: 3.722029434935007 and parameters: {'max_depth': 8, 'alpha': 5.864977838051922e-07, 'lambda': 6.32516624865183e-05, 'eta': 0.10044530799471696}. Best is trial 15 with value: 3.7204095622042486.
[0]	eval-rmse:3.12009
[100]	eval-rmse:1.98008
[108]	eval-rmse:1.97991
{'MSE - mean': 3.9200297812359657, 'MSE - std': 0.0, 'R2 - mean': 0.4953495809217251, 'R2 - std': 0.0}
[0]	eval-rmse:3.07004
[100]	eval-rmse:1.94686
[200]	eval-rmse:1.94346
[237]	eval-rmse:1.94219
{'MSE - mean': 3.8460718182154805, 'MSE - std': 0.07395796302048518, 'R2 - mean': 0.49434138104651776, 'R2 - std': 0.0010081998752073384}
[0]	eval-rmse:3.01980
[100]	eval-rmse:1.89895
[112]	eval-rmse:1.89640
{'MSE - mean': 3.762826760633372, 'MSE - std': 0.1323102392855148, 'R2 - mean': 0.49655243938347066, 'R2 - std': 0.00323345057140666}
[0]	eval-rmse:2.96327
[53]	eval-rmse:1.94071
{'MSE - mean': 3.7637080606601656, 'MSE - std': 0.11459419546405622, 'R2 - mean': 0.4842508036625736, 'R2 - std': 0.02149027980686266}
[0]	eval-rmse:3.07794
[100]	eval-rmse:1.90593
[193]	eval-rmse:1.89582
{'MSE - mean': 3.7297951918521264, 'MSE - std': 0.1229056320532487, 'R2 - mean': 0.4926465335389925, 'R2 - std': 0.025522907780520823}
Trial 17 finished with value: 3.7297951918521264 and parameters: {'max_depth': 7, 'alpha': 4.8385622209419e-07, 'lambda': 0.00017852661067572579, 'eta': 0.11884715751850365}. Best is trial 15 with value: 3.7204095622042486.
[0]	eval-rmse:3.19236
[100]	eval-rmse:2.00540
[163]	eval-rmse:1.99984
{'MSE - mean': 3.9999008638935316, 'MSE - std': 0.0, 'R2 - mean': 0.48506726737188577, 'R2 - std': 0.0}
[0]	eval-rmse:3.14174
[100]	eval-rmse:1.97620
[200]	eval-rmse:1.96917
[249]	eval-rmse:1.96726
{'MSE - mean': 3.935009194192415, 'MSE - std': 0.06489166970111682, 'R2 - mean': 0.4826183434930645, 'R2 - std': 0.0024489238788212853}
[0]	eval-rmse:3.09121
[100]	eval-rmse:1.92256
[200]	eval-rmse:1.91551
[215]	eval-rmse:1.91458
{'MSE - mean': 3.8456562113161215, 'MSE - std': 0.1370226147837711, 'R2 - mean': 0.4854709812200643, 'R2 - std': 0.004502581050077035}
[0]	eval-rmse:3.03768
[58]	eval-rmse:1.95647
{'MSE - mean': 3.8411870383438944, 'MSE - std': 0.1189172747871534, 'R2 - mean': 0.47368632315995246, 'R2 - std': 0.02078074647036679}
[0]	eval-rmse:3.15713
[100]	eval-rmse:1.93097
[200]	eval-rmse:1.91954
[300]	eval-rmse:1.91489
[310]	eval-rmse:1.91501
{'MSE - mean': 3.806405252830256, 'MSE - std': 0.1270910894134977, 'R2 - mean': 0.48226687254050427, 'R2 - std': 0.025297724201613192}
Trial 18 finished with value: 3.806405252830256 and parameters: {'max_depth': 5, 'alpha': 7.218673135602645e-06, 'lambda': 2.1575149971140893e-05, 'eta': 0.08480943772856832}. Best is trial 15 with value: 3.7204095622042486.
[0]	eval-rmse:3.01137
[100]	eval-rmse:2.00165
[200]	eval-rmse:1.98394
[218]	eval-rmse:1.98473
{'MSE - mean': 3.93780376122407, 'MSE - std': 0.0, 'R2 - mean': 0.493061423190725, 'R2 - std': 0.0}
[0]	eval-rmse:2.96295
[100]	eval-rmse:1.98895
[172]	eval-rmse:1.98623
{'MSE - mean': 3.9416063306493445, 'MSE - std': 0.003802569425274571, 'R2 - mean': 0.4815588876900273, 'R2 - std': 0.011502535500697686}
[0]	eval-rmse:2.91123
[100]	eval-rmse:1.92204
[110]	eval-rmse:1.92200
{'MSE - mean': 3.859099129767975, 'MSE - std': 0.11672410241268308, 'R2 - mean': 0.483509622696086, 'R2 - std': 0.009788579200149493}
[0]	eval-rmse:2.85405
[35]	eval-rmse:1.96434
{'MSE - mean': 3.8589858578775837, 'MSE - std': 0.10108622831324925, 'R2 - mean': 0.4710830076406499, 'R2 - std': 0.02313275809920142}
[0]	eval-rmse:2.97790
[100]	eval-rmse:1.91777
[145]	eval-rmse:1.90930
{'MSE - mean': 3.816272995043762, 'MSE - std': 0.1243876804571981, 'R2 - mean': 0.48076043513205385, 'R2 - std': 0.028332137392481704}
Trial 19 finished with value: 3.816272995043762 and parameters: {'max_depth': 4, 'alpha': 1.8066747809497479e-07, 'lambda': 0.0013012407697205032, 'eta': 0.17930308182824314}. Best is trial 15 with value: 3.7204095622042486.
[0]	eval-rmse:3.01155
[100]	eval-rmse:1.98512
[160]	eval-rmse:1.98195
{'MSE - mean': 3.928115663404215, 'MSE - std': 0.0, 'R2 - mean': 0.49430863377271195, 'R2 - std': 0.0}
[0]	eval-rmse:2.96253
[79]	eval-rmse:1.95447
{'MSE - mean': 3.873767366230802, 'MSE - std': 0.054348297173413274, 'R2 - mean': 0.49064391134440744, 'R2 - std': 0.003664722428304512}
[0]	eval-rmse:2.91066
[68]	eval-rmse:1.90873
{'MSE - mean': 3.7966655439932313, 'MSE - std': 0.11772230143494902, 'R2 - mean': 0.4919540223608167, 'R2 - std': 0.003519409335145982}
[0]	eval-rmse:2.85277
[34]	eval-rmse:1.94016
{'MSE - mean': 3.78857442366807, 'MSE - std': 0.10290920209439225, 'R2 - mean': 0.48087722531564536, 'R2 - std': 0.019426167400982196}
[0]	eval-rmse:2.96476
[100]	eval-rmse:1.88669
[136]	eval-rmse:1.88495
{'MSE - mean': 3.741467075675903, 'MSE - std': 0.13171428183755993, 'R2 - mean': 0.49103136863381086, 'R2 - std': 0.026726901990619216}
Trial 20 finished with value: 3.741467075675903 and parameters: {'max_depth': 7, 'alpha': 0.00212770582395144, 'lambda': 3.582442097945748e-07, 'eta': 0.1737110251334219}. Best is trial 15 with value: 3.7204095622042486.
[0]	eval-rmse:3.29387
[100]	eval-rmse:1.98109
[200]	eval-rmse:1.96694
[300]	eval-rmse:1.96530
[330]	eval-rmse:1.96531
{'MSE - mean': 3.8624434013117828, 'MSE - std': 0.0, 'R2 - mean': 0.502763042651288, 'R2 - std': 0.0}
[0]	eval-rmse:3.24216
[100]	eval-rmse:1.95129
[200]	eval-rmse:1.93618
[300]	eval-rmse:1.93262
[318]	eval-rmse:1.93210
{'MSE - mean': 3.797736106695634, 'MSE - std': 0.06470729461614844, 'R2 - mean': 0.5006730452006065, 'R2 - std': 0.0020899974506815022}
[0]	eval-rmse:3.19449
[100]	eval-rmse:1.91335
[141]	eval-rmse:1.91473
{'MSE - mean': 3.7537541341729743, 'MSE - std': 0.08160994913813328, 'R2 - mean': 0.49756110526244174, 'R2 - std': 0.00472021185118421}
[0]	eval-rmse:3.14111
[100]	eval-rmse:1.90061
[145]	eval-rmse:1.90173
{'MSE - mean': 3.719465008332486, 'MSE - std': 0.09231668484873752, 'R2 - mean': 0.4905008380504202, 'R2 - std': 0.012893890772590007}
[0]	eval-rmse:3.26150
[100]	eval-rmse:1.94450
[200]	eval-rmse:1.92534
[300]	eval-rmse:1.91809
[305]	eval-rmse:1.91764
{'MSE - mean': 3.711147831178033, 'MSE - std': 0.0842294365672898, 'R2 - mean': 0.4954390049691725, 'R2 - std': 0.015183672331627186}
