Trial 47 finished with value: 722950.7638537337 and parameters: {'max_depth': 3, 'alpha': 0.014217552364209388, 'lambda': 0.16814835271600617, 'eta': 0.08097053855175369}. Best is trial 46 with value: 705711.1594260335.
[0]	eval-rmse:33453.75000
[100]	eval-rmse:1728.49121
[200]	eval-rmse:965.41498
[221]	eval-rmse:968.08112
{'MSE - mean': 937598.4229343449, 'MSE - std': 0.0, 'R2 - mean': 0.9989623273437306, 'R2 - std': 0.0}
[0]	eval-rmse:29569.59961
[100]	eval-rmse:1563.00781
[200]	eval-rmse:838.38660
[300]	eval-rmse:823.63586
[346]	eval-rmse:823.65814
{'MSE - mean': 808005.5430579705, 'MSE - std': 129592.87987637438, 'R2 - mean': 0.9990305351621678, 'R2 - std': 6.820781843713819e-05}
[0]	eval-rmse:27627.54688
[100]	eval-rmse:1518.97644
[200]	eval-rmse:855.65686
[300]	eval-rmse:836.42371
[400]	eval-rmse:827.11835
[500]	eval-rmse:820.10761
[600]	eval-rmse:816.39325
[638]	eval-rmse:815.91724
{'MSE - mean': 760577.3559292239, 'MSE - std': 125279.98860581737, 'R2 - mean': 0.9990255799101776, 'R2 - std': 5.613062184354038e-05}
[0]	eval-rmse:33137.41406
[100]	eval-rmse:1681.83484
[200]	eval-rmse:835.68195
[255]	eval-rmse:832.34845
{'MSE - mean': 743634.0045815604, 'MSE - std': 112394.56447478419, 'R2 - mean': 0.9990753339739373, 'R2 - std': 9.894132409276486e-05}
[0]	eval-rmse:32097.46484
[100]	eval-rmse:1612.24304
[200]	eval-rmse:787.18903
[300]	eval-rmse:772.80231
[400]	eval-rmse:766.88812
[424]	eval-rmse:767.21924
{'MSE - mean': 712632.2779040227, 'MSE - std': 118112.06003933786, 'R2 - mean': 0.9991220783932613, 'R2 - std': 0.00012873100420007192}
Trial 48 finished with value: 712632.2779040227 and parameters: {'max_depth': 5, 'alpha': 0.001526533856066887, 'lambda': 0.9210436817510158, 'eta': 0.03094836850329159}. Best is trial 46 with value: 705711.1594260335.
[0]	eval-rmse:33745.07031
[100]	eval-rmse:3627.10083
[200]	eval-rmse:1018.92279
[298]	eval-rmse:967.35541
{'MSE - mean': 935776.5855732217, 'MSE - std': 0.0, 'R2 - mean': 0.9989643436342528, 'R2 - std': 0.0}
[0]	eval-rmse:29826.86719
[100]	eval-rmse:3236.75073
[200]	eval-rmse:911.36328
[300]	eval-rmse:834.55627
[400]	eval-rmse:822.32123
[500]	eval-rmse:818.64417
[508]	eval-rmse:818.94727
{'MSE - mean': 803225.6135263599, 'MSE - std': 132550.97204686183, 'R2 - mean': 0.9990366832073406, 'R2 - std': 7.233957308783179e-05}
[0]	eval-rmse:27867.72656
[100]	eval-rmse:3067.49194
[200]	eval-rmse:930.02045
[300]	eval-rmse:855.02948
[400]	eval-rmse:838.76935
[420]	eval-rmse:839.60290
{'MSE - mean': 770461.395449167, 'MSE - std': 117729.18683486411, 'R2 - mean': 0.9990103524176196, 'R2 - std': 6.98233260762667e-05}
[0]	eval-rmse:33425.72266
[100]	eval-rmse:3594.01929
[200]	eval-rmse:924.05981
[300]	eval-rmse:837.45837
[324]	eval-rmse:837.28052
{'MSE - mean': 753065.0129614684, 'MSE - std': 106315.67826794725, 'R2 - mean': 0.9990616547812929, 'R2 - std': 0.00010748148772547203}
[0]	eval-rmse:32376.87109
[100]	eval-rmse:3468.30420
[200]	eval-rmse:865.56732
[300]	eval-rmse:784.38593
[400]	eval-rmse:772.62762
[500]	eval-rmse:767.14044
[520]	eval-rmse:767.88940
{'MSE - mean': 720409.5563702714, 'MSE - std': 115360.01966529463, 'R2 - mean': 0.9991108621576821, 'R2 - std': 0.000137576450482368}
Trial 49 finished with value: 720409.5563702714 and parameters: {'max_depth': 5, 'alpha': 0.0012234310064491217, 'lambda': 0.9175775612470279, 'eta': 0.022461894115156686}. Best is trial 46 with value: 705711.1594260335.
[0]	eval-rmse:33444.17188
[100]	eval-rmse:1721.36829
[200]	eval-rmse:995.42487
[242]	eval-rmse:994.99335
{'MSE - mean': 990014.167175845, 'MSE - std': 0.0, 'R2 - mean': 0.9989043170237184, 'R2 - std': 0.0}
[0]	eval-rmse:29560.22656
[100]	eval-rmse:1585.20056
[200]	eval-rmse:981.01233
[242]	eval-rmse:980.49487
{'MSE - mean': 975692.1641004507, 'MSE - std': 14322.003075394314, 'R2 - mean': 0.9988135784463004, 'R2 - std': 9.073857741798141e-05}
[0]	eval-rmse:27618.41406
[100]	eval-rmse:1458.81482
[200]	eval-rmse:861.48114
[300]	eval-rmse:859.38910
[321]	eval-rmse:859.38257
{'MSE - mean': 896640.5360228509, 'MSE - std': 112405.81087366465, 'R2 - mean': 0.9988450535356638, 'R2 - std': 8.643121806052557e-05}
[0]	eval-rmse:33127.03516
[100]	eval-rmse:1780.92554
[200]	eval-rmse:1099.24329
[300]	eval-rmse:1097.60828
[301]	eval-rmse:1097.61169
{'MSE - mean': 973668.3003354957, 'MSE - std': 165154.86418400638, 'R2 - mean': 0.9987966929813796, 'R2 - std': 0.00011233430563982265}
[0]	eval-rmse:32087.69922
[100]	eval-rmse:1581.90784
[200]	eval-rmse:790.38342
[300]	eval-rmse:787.47858
[340]	eval-rmse:787.43860
{'MSE - mean': 902948.9229181006, 'MSE - std': 204513.6296194608, 'R2 - mean': 0.9988917831611056, 'R2 - std': 0.00021509013482770903}
Trial 50 finished with value: 902948.9229181006 and parameters: {'max_depth': 11, 'alpha': 0.0044859828075076, 'lambda': 5.429369144553088e-06, 'eta': 0.03107988218742231}. Best is trial 46 with value: 705711.1594260335.
[0]	eval-rmse:33886.09766
[100]	eval-rmse:5429.90137
[200]	eval-rmse:1265.43542
[300]	eval-rmse:971.34045
[336]	eval-rmse:971.24017
{'MSE - mean': 943307.5296265915, 'MSE - std': 0.0, 'R2 - mean': 0.9989560088775714, 'R2 - std': 0.0}
[0]	eval-rmse:29951.42773
[100]	eval-rmse:4829.18848
[200]	eval-rmse:1147.20215
[300]	eval-rmse:854.35175
[400]	eval-rmse:838.57233
[500]	eval-rmse:829.86548
[600]	eval-rmse:825.43793
[619]	eval-rmse:825.48969
{'MSE - mean': 812370.3451977225, 'MSE - std': 130937.18442886887, 'R2 - mean': 0.9990253695951853, 'R2 - std': 6.936071761387552e-05}
[0]	eval-rmse:27984.02930
[100]	eval-rmse:4543.96728
[200]	eval-rmse:1144.49475
[300]	eval-rmse:877.00177
[400]	eval-rmse:848.45569
[500]	eval-rmse:841.37689
[578]	eval-rmse:838.63348
{'MSE - mean': 776009.1790362966, 'MSE - std': 118633.74865530783, 'R2 - mean': 0.9990036213198694, 'R2 - std': 6.444569592849037e-05}
[0]	eval-rmse:33565.30078
[100]	eval-rmse:5386.24121
[200]	eval-rmse:1195.02515
[300]	eval-rmse:843.89270
[400]	eval-rmse:826.71637
[412]	eval-rmse:827.76959
{'MSE - mean': 753448.6533002264, 'MSE - std': 109920.00138496955, 'R2 - mean': 0.999060833993503, 'R2 - std': 0.00011373128798042671}
[0]	eval-rmse:32512.13867
[100]	eval-rmse:5207.37988
[200]	eval-rmse:1135.26013
[300]	eval-rmse:799.39996
[400]	eval-rmse:783.64020
[500]	eval-rmse:776.40527
[522]	eval-rmse:776.23352
{'MSE - mean': 723243.9948604146, 'MSE - std': 115391.55484453854, 'R2 - mean': 0.9991072386507522, 'R2 - std': 0.00013770044862013088}
Trial 51 finished with value: 723243.9948604146 and parameters: {'max_depth': 5, 'alpha': 0.001206487494813583, 'lambda': 0.7960597300926673, 'eta': 0.01834075291148289}. Best is trial 46 with value: 705711.1594260335.
[0]	eval-rmse:33723.75781
[100]	eval-rmse:3421.02344
[200]	eval-rmse:1035.17615
[300]	eval-rmse:989.14117
[308]	eval-rmse:988.73181
{'MSE - mean': 977352.5293590319, 'MSE - std': 0.0, 'R2 - mean': 0.9989183300969325, 'R2 - std': 0.0}
[0]	eval-rmse:29808.18164
[100]	eval-rmse:3059.84448
[200]	eval-rmse:925.33868
[300]	eval-rmse:869.05371
[364]	eval-rmse:865.49475
{'MSE - mean': 863216.9205471859, 'MSE - std': 114135.608811846, 'R2 - mean': 0.9989615956287469, 'R2 - std': 4.326553181432935e-05}
[0]	eval-rmse:27850.39062
[100]	eval-rmse:2895.08667
[200]	eval-rmse:907.54437
[300]	eval-rmse:848.18945
[359]	eval-rmse:843.02356
{'MSE - mean': 812374.1711532021, 'MSE - std': 117705.54418171108, 'R2 - mean': 0.9989574572455989, 'R2 - std': 3.580767970157761e-05}
[0]	eval-rmse:33404.67578
[100]	eval-rmse:3385.14111
[200]	eval-rmse:894.48224
[300]	eval-rmse:826.65460
[346]	eval-rmse:826.05231
{'MSE - mean': 779871.2301267679, 'MSE - std': 116448.57180076581, 'R2 - mean': 0.9990271635858874, 'R2 - std': 0.0001246537768117709}
[0]	eval-rmse:32356.50781
[100]	eval-rmse:3266.15430
[200]	eval-rmse:847.00092
[300]	eval-rmse:777.64258
[400]	eval-rmse:766.67529
[500]	eval-rmse:764.64764
[519]	eval-rmse:764.93024
{'MSE - mean': 740948.1286132049, 'MSE - std': 130031.7162283533, 'R2 - mean': 0.9990843331592455, 'R2 - std': 0.0001597006315908613}
Trial 52 finished with value: 740948.1286132049 and parameters: {'max_depth': 6, 'alpha': 0.00013656078115509016, 'lambda': 0.33398723213917414, 'eta': 0.023002259797606506}. Best is trial 46 with value: 705711.1594260335.
[0]	eval-rmse:33128.85938
[100]	eval-rmse:1123.77600
[164]	eval-rmse:1002.20056
{'MSE - mean': 1004405.9544796455, 'MSE - std': 0.0, 'R2 - mean': 0.9988883891341287, 'R2 - std': 0.0}
[0]	eval-rmse:29282.48047
[100]	eval-rmse:971.41516
[192]	eval-rmse:822.74988
{'MSE - mean': 840661.66966151, 'MSE - std': 163744.28481813543, 'R2 - mean': 0.99899455928035, 'R2 - std': 0.00010617014622127385}
[0]	eval-rmse:27359.58398
[100]	eval-rmse:980.93719
[200]	eval-rmse:829.83655
[300]	eval-rmse:825.56000
[382]	eval-rmse:823.46027
{'MSE - mean': 786470.0601871209, 'MSE - std': 154104.6882758098, 'R2 - mean': 0.9989955012965318, 'R2 - std': 8.669779748108718e-05}
[0]	eval-rmse:32815.84766
[100]	eval-rmse:1016.53516
[200]	eval-rmse:849.89477
[201]	eval-rmse:849.74091
{'MSE - mean': 770486.4301101255, 'MSE - std': 136299.74505754985, 'R2 - mean': 0.9990444559256078, 'R2 - std': 0.00011325655914758351}
[0]	eval-rmse:31785.89258
[100]	eval-rmse:920.02563
[200]	eval-rmse:740.42499
[280]	eval-rmse:737.30347
{'MSE - mean': 725103.080718668, 'MSE - std': 151989.11148549724, 'R2 - mean': 0.9991079534647298, 'R2 - std': 0.00016244811002327328}
Trial 53 finished with value: 725103.080718668 and parameters: {'max_depth': 7, 'alpha': 0.001591045893881631, 'lambda': 0.9769834362384704, 'eta': 0.04042625645389043}. Best is trial 46 with value: 705711.1594260335.
[0]	eval-rmse:33904.56250
[100]	eval-rmse:5730.47949
[200]	eval-rmse:1341.28027
[300]	eval-rmse:982.42963
[338]	eval-rmse:980.83002
{'MSE - mean': 962027.5203177081, 'MSE - std': 0.0, 'R2 - mean': 0.9989352908153492, 'R2 - std': 0.0}
[0]	eval-rmse:29967.86914
[100]	eval-rmse:5097.75342
[200]	eval-rmse:1219.67065
[300]	eval-rmse:887.78052
[400]	eval-rmse:870.59705
[451]	eval-rmse:871.88251
{'MSE - mean': 861124.4932685436, 'MSE - std': 100903.02704916452, 'R2 - mean': 0.9989626762569574, 'R2 - std': 2.738544160835188e-05}
[0]	eval-rmse:27999.42969
[100]	eval-rmse:4793.48926
[200]	eval-rmse:1185.74841
[300]	eval-rmse:873.94513
[400]	eval-rmse:856.51239
[424]	eval-rmse:856.70953
{'MSE - mean': 818515.815579465, 'MSE - std': 102071.6059470664, 'R2 - mean': 0.9989470341040159, 'R2 - std': 3.1453598183389275e-05}
[0]	eval-rmse:33583.59375
[100]	eval-rmse:5687.67627
[200]	eval-rmse:1274.12854
[300]	eval-rmse:859.64819
[400]	eval-rmse:843.16327
[410]	eval-rmse:844.06519
{'MSE - mean': 791998.3947198768, 'MSE - std': 99616.66719276177, 'R2 - mean': 0.999010928611778, 'R2 - std': 0.00011397157977097344}
[0]	eval-rmse:32529.88086
[100]	eval-rmse:5495.94043
[200]	eval-rmse:1206.39356
[300]	eval-rmse:802.46606
[400]	eval-rmse:780.60724
[500]	eval-rmse:773.48724
[571]	eval-rmse:769.19574
{'MSE - mean': 751931.1346253289, 'MSE - std': 119834.57611228644, 'R2 - mean': 0.9990698411864691, 'R2 - std': 0.0001558023832404335}
Trial 54 finished with value: 751931.1346253289 and parameters: {'max_depth': 5, 'alpha': 0.0005743219859439532, 'lambda': 0.19995560716167599, 'eta': 0.01773987316884914}. Best is trial 46 with value: 705711.1594260335.
[0]	eval-rmse:32767.65625
[100]	eval-rmse:955.00214
[144]	eval-rmse:949.21881
{'MSE - mean': 903138.3232593652, 'MSE - std': 0.0, 'R2 - mean': 0.9990004655298563, 'R2 - std': 0.0}
[0]	eval-rmse:28963.84766
[100]	eval-rmse:862.21551
[200]	eval-rmse:813.83234
[211]	eval-rmse:814.35120
{'MSE - mean': 783670.0663694354, 'MSE - std': 119468.25688992976, 'R2 - mean': 0.9990590436660389, 'R2 - std': 5.857813618254104e-05}
[0]	eval-rmse:27062.11328
[100]	eval-rmse:928.25763
[200]	eval-rmse:881.58087
[224]	eval-rmse:881.03381
{'MSE - mean': 780833.6092872354, 'MSE - std': 97627.86784743975, 'R2 - mean': 0.9989906466364881, 'R2 - std': 0.00010790693209975404}
[0]	eval-rmse:32458.30859
[100]	eval-rmse:856.74835
[145]	eval-rmse:842.98145
{'MSE - mean': 763279.6376294424, 'MSE - std': 89848.90760724737, 'R2 - mean': 0.9990441496117535, 'R2 - std': 0.0001316078819187662}
[0]	eval-rmse:31439.48242
[100]	eval-rmse:808.96039
[200]	eval-rmse:763.12360
[300]	eval-rmse:752.95068
[391]	eval-rmse:745.04132
{'MSE - mean': 721641.0150318958, 'MSE - std': 115729.6873142592, 'R2 - mean': 0.9991050046594072, 'R2 - std': 0.00016932174983225006}
Trial 55 finished with value: 721641.0150318958 and parameters: {'max_depth': 4, 'alpha': 0.014405348263434549, 'lambda': 0.4843518314623857, 'eta': 0.050805888163891186}. Best is trial 46 with value: 705711.1594260335.
[0]	eval-rmse:33380.15234
[100]	eval-rmse:1509.02380
[193]	eval-rmse:996.49390
{'MSE - mean': 993308.8699845255, 'MSE - std': 0.0, 'R2 - mean': 0.9989006706619803, 'R2 - std': 0.0}
[0]	eval-rmse:29504.80078
[100]	eval-rmse:1367.42712
[200]	eval-rmse:863.69812
[272]	eval-rmse:858.17291
{'MSE - mean': 864884.8034308398, 'MSE - std': 128424.0665536857, 'R2 - mean': 0.9989611489960044, 'R2 - std': 6.047833402411662e-05}
[0]	eval-rmse:27567.18945
[100]	eval-rmse:1328.53589
[200]	eval-rmse:849.10992
[276]	eval-rmse:838.89001
{'MSE - mean': 811147.5481890645, 'MSE - std': 129501.14201026599, 'R2 - mean': 0.9989606172472757, 'R2 - std': 4.9386078716336866e-05}
[0]	eval-rmse:33064.62891
[100]	eval-rmse:1441.04895
[200]	eval-rmse:834.30646
[223]	eval-rmse:835.64587
{'MSE - mean': 783144.9186138934, 'MSE - std': 122189.81596616405, 'R2 - mean': 0.9990248399408155, 'R2 - std': 0.00011917592741306847}
[0]	eval-rmse:32026.96875
[100]	eval-rmse:1376.33630
[200]	eval-rmse:784.84106
[300]	eval-rmse:776.42786
[387]	eval-rmse:772.19684
{'MSE - mean': 745773.5282578849, 'MSE - std': 132403.79212560607, 'R2 - mean': 0.9990798842555378, 'R2 - std': 0.00015323781410860664}
Trial 56 finished with value: 745773.5282578849 and parameters: {'max_depth': 5, 'alpha': 0.008377937866959362, 'lambda': 0.3550931797222918, 'eta': 0.03298046658105825}. Best is trial 46 with value: 705711.1594260335.
[0]	eval-rmse:33765.91797
[100]	eval-rmse:3849.70435
[200]	eval-rmse:1074.78076
[300]	eval-rmse:1010.54858
[303]	eval-rmse:1010.50336
{'MSE - mean': 1021117.0806102613, 'MSE - std': 0.0, 'R2 - mean': 0.9988698943519094, 'R2 - std': 0.0}
[0]	eval-rmse:29845.17188
[100]	eval-rmse:3422.15918
[200]	eval-rmse:913.19788
[300]	eval-rmse:825.70953
[364]	eval-rmse:820.66376
{'MSE - mean': 847303.061158757, 'MSE - std': 173814.01945150428, 'R2 - mean': 0.9989875891302795, 'R2 - std': 0.00011769477837014763}
[0]	eval-rmse:27884.86328
[100]	eval-rmse:3240.91553
[200]	eval-rmse:918.90375
[300]	eval-rmse:826.79657
[400]	eval-rmse:814.21741
[427]	eval-rmse:814.40088
{'MSE - mean': 785959.2174926096, 'MSE - std': 166334.0310441574, 'R2 - mean': 0.9989981564697962, 'R2 - std': 9.725247845678124e-05}
[0]	eval-rmse:33446.33594
[100]	eval-rmse:3810.48804
[200]	eval-rmse:950.09302
[300]	eval-rmse:850.02637
[343]	eval-rmse:849.67505
{'MSE - mean': 769976.4966567431, 'MSE - std': 146685.37591900825, 'R2 - mean': 0.9990465892249504, 'R2 - std': 0.00011887274178699603}
[0]	eval-rmse:32396.88672
[100]	eval-rmse:3673.50342
[200]	eval-rmse:858.60761
[300]	eval-rmse:750.38751
[400]	eval-rmse:742.92932
[500]	eval-rmse:738.87476
[541]	eval-rmse:738.35333
{'MSE - mean': 725028.8096955178, 'MSE - std': 159042.31468215576, 'R2 - mean': 0.9991092684268519, 'R2 - std': 0.00016437552249658246}
Trial 57 finished with value: 725028.8096955178 and parameters: {'max_depth': 7, 'alpha': 0.0022509052325651747, 'lambda': 0.9601110110723012, 'eta': 0.021860359478371984}. Best is trial 46 with value: 705711.1594260335.
[0]	eval-rmse:32216.92188
[98]	eval-rmse:997.27997
{'MSE - mean': 994567.3322301309, 'MSE - std': 0.0, 'R2 - mean': 0.9988992778782156, 'R2 - std': 0.0}
[0]	eval-rmse:28475.14258
[100]	eval-rmse:884.46735
[121]	eval-rmse:884.15717
{'MSE - mean': 887986.1204072204, 'MSE - std': 106581.21182291041, 'R2 - mean': 0.9989305989085543, 'R2 - std': 3.132103033864908e-05}
[0]	eval-rmse:26606.12305
[100]	eval-rmse:825.20447
[147]	eval-rmse:821.95178
{'MSE - mean': 817192.3215344148, 'MSE - std': 132652.02747582324, 'R2 - mean': 0.9989540843960915, 'R2 - std': 4.191826424567282e-05}
[0]	eval-rmse:31911.95898
[100]	eval-rmse:972.89099
[125]	eval-rmse:972.19055
{'MSE - mean': 849340.5732526225, 'MSE - std': 127663.42687197712, 'R2 - mean': 0.9989509265372901, 'R2 - std': 3.671201267508091e-05}
[0]	eval-rmse:30910.15430
[100]	eval-rmse:758.35248
[180]	eval-rmse:753.50586
{'MSE - mean': 793026.6673624667, 'MSE - std': 160385.11288451502, 'R2 - mean': 0.9990274483154501, 'R2 - std': 0.00015652650775756723}
Trial 58 finished with value: 793026.6673624667 and parameters: {'max_depth': 8, 'alpha': 1.3150080294580538e-07, 'lambda': 0.00022117360836967147, 'eta': 0.06665832134903121}. Best is trial 46 with value: 705711.1594260335.
[0]	eval-rmse:33018.09766
[100]	eval-rmse:1056.40894
[167]	eval-rmse:999.94147
{'MSE - mean': 1000467.1411238782, 'MSE - std': 0.0, 'R2 - mean': 0.9988927483553234, 'R2 - std': 0.0}
[0]	eval-rmse:29185.09961
[100]	eval-rmse:945.20819
[200]	eval-rmse:870.09631
[251]	eval-rmse:868.59992
{'MSE - mean': 877244.6192773413, 'MSE - std': 123222.52184653684, 'R2 - mean': 0.9989455228927656, 'R2 - std': 5.277453744223504e-05}
[0]	eval-rmse:27268.87695
[100]	eval-rmse:922.60797
[193]	eval-rmse:836.95032
{'MSE - mean': 818325.0462148018, 'MSE - std': 130635.21260833171, 'R2 - mean': 0.9989517706719084, 'R2 - std': 4.398678615896283e-05}
[0]	eval-rmse:32706.32031
[100]	eval-rmse:953.54913
[197]	eval-rmse:870.15356
{'MSE - mean': 803054.4492148309, 'MSE - std': 116184.08874766194, 'R2 - mean': 0.9990019466843368, 'R2 - std': 9.488953939764662e-05}
[0]	eval-rmse:31679.71484
[100]	eval-rmse:880.77545
[200]	eval-rmse:772.68738
[234]	eval-rmse:772.55005
{'MSE - mean': 761709.6577710811, 'MSE - std': 132802.7149594779, 'R2 - mean': 0.9990615596669242, 'R2 - std': 0.0001463490707915146}
Trial 59 finished with value: 761709.6577710811 and parameters: {'max_depth': 6, 'alpha': 0.004587472188863585, 'lambda': 0.20747863662869104, 'eta': 0.043453962259801894}. Best is trial 46 with value: 705711.1594260335.
[0]	eval-rmse:33999.01172
[100]	eval-rmse:7557.07227
[200]	eval-rmse:1901.34302
[300]	eval-rmse:1008.86041
[400]	eval-rmse:948.69043
[455]	eval-rmse:952.06177
{'MSE - mean': 906421.5859716693, 'MSE - std': 0.0, 'R2 - mean': 0.9989968318292692, 'R2 - std': 0.0}
[0]	eval-rmse:30050.71094
[100]	eval-rmse:6687.23291
[200]	eval-rmse:1699.78650
[300]	eval-rmse:910.29858
[400]	eval-rmse:845.63464
[500]	eval-rmse:828.10809
[600]	eval-rmse:821.30945
[602]	eval-rmse:821.50995
{'MSE - mean': 790587.951936788, 'MSE - std': 115833.63403488125, 'R2 - mean': 0.9990502174224924, 'R2 - std': 5.338559322326519e-05}
[0]	eval-rmse:28076.69336
[100]	eval-rmse:6272.45508
[200]	eval-rmse:1660.90601
[300]	eval-rmse:962.80859
[400]	eval-rmse:900.66199
[500]	eval-rmse:891.49469
[506]	eval-rmse:891.89648
{'MSE - mean': 792285.3307618896, 'MSE - std': 94608.22394962821, 'R2 - mean': 0.9989746491948686, 'R2 - std': 0.00011541719294928788}
[0]	eval-rmse:33676.71484
[100]	eval-rmse:7487.45898
[200]	eval-rmse:1857.79114
[300]	eval-rmse:934.49323
[400]	eval-rmse:863.07996
[461]	eval-rmse:862.27478
{'MSE - mean': 779981.0637386981, 'MSE - std': 84659.44714035906, 'R2 - mean': 0.9990230716627251, 'R2 - std': 0.00013048008469176728}
[0]	eval-rmse:32620.19141
[100]	eval-rmse:7243.51025
[200]	eval-rmse:1781.01721
[300]	eval-rmse:874.74005
[400]	eval-rmse:794.51624
[500]	eval-rmse:777.60290
[600]	eval-rmse:768.85632
[700]	eval-rmse:764.00055
[800]	eval-rmse:761.66565
[812]	eval-rmse:761.63129
{'MSE - mean': 739990.8892476838, 'MSE - std': 110139.15659462838, 'R2 - mean': 0.9990822863939026, 'R2 - std': 0.0001662695990090179}
Trial 60 finished with value: 739990.8892476838 and parameters: {'max_depth': 4, 'alpha': 2.8816711365556582e-05, 'lambda': 0.0005984817119711147, 'eta': 0.01499508484687839}. Best is trial 46 with value: 705711.1594260335.
[0]	eval-rmse:32020.49805
[100]	eval-rmse:950.02936
[123]	eval-rmse:955.39526
{'MSE - mean': 915207.064837152, 'MSE - std': 0.0, 'R2 - mean': 0.9989871086354498, 'R2 - std': 0.0}
[0]	eval-rmse:28303.89844
[100]	eval-rmse:826.93909
[200]	eval-rmse:788.58649
[233]	eval-rmse:788.14819
{'MSE - mean': 768192.2842962809, 'MSE - std': 147014.78054087103, 'R2 - mean': 0.999080943663522, 'R2 - std': 9.383502807214228e-05}
[0]	eval-rmse:26445.90625
[100]	eval-rmse:931.11438
[200]	eval-rmse:911.12933
[249]	eval-rmse:906.83044
{'MSE - mean': 786192.9369798405, 'MSE - std': 122706.74034347878, 'R2 - mean': 0.9989820654719593, 'R2 - std': 0.00015944843010282745}
[0]	eval-rmse:31718.58984
[100]	eval-rmse:853.12000
[103]	eval-rmse:851.83319
{'MSE - mean': 771049.6509906173, 'MSE - std': 109456.2260720954, 'R2 - mean': 0.9990335160635013, 'R2 - std': 0.00016434519009315247}
[0]	eval-rmse:30722.57812
[100]	eval-rmse:801.10071
[200]	eval-rmse:763.12366
[300]	eval-rmse:753.79657
[343]	eval-rmse:751.87256
{'MSE - mean': 729825.0306851104, 'MSE - std': 127993.7874198955, 'R2 - mean': 0.9990941877248604, 'R2 - std': 0.00019060869647963424}
