[I 2024-12-10 01:54:09,107] Trial 74 finished with value: 4.534089599407953 and parameters: {'max_depth': 4, 'alpha': 0.28532769359601085, 'lambda': 0.45087626021939803, 'eta': 0.012228596255767901}. Best is trial 44 with value: 4.51743824446182.
[I 2024-12-10 01:54:13,749] Trial 75 finished with value: 4.547053581846045 and parameters: {'max_depth': 4, 'alpha': 0.5920708476772147, 'lambda': 0.3789601826263146, 'eta': 0.012064435555375846}. Best is trial 44 with value: 4.51743824446182.
[I 2024-12-10 01:54:15,054] Trial 76 finished with value: 4.610533360563189 and parameters: {'max_depth': 4, 'alpha': 0.2513562402491524, 'lambda': 0.6214375319883231, 'eta': 0.2087597311635715}. Best is trial 44 with value: 4.51743824446182.
[I 2024-12-10 01:54:19,818] Trial 77 finished with value: 4.610698650041117 and parameters: {'max_depth': 3, 'alpha': 0.30543355506513997, 'lambda': 0.053364132976902054, 'eta': 0.010983115820071011}. Best is trial 44 with value: 4.51743824446182.
[I 2024-12-10 01:54:51,495] Trial 78 finished with value: 5.030196601963757 and parameters: {'max_depth': 10, 'alpha': 7.658299327988131e-07, 'lambda': 0.1198786625540834, 'eta': 0.014231955481815486}. Best is trial 44 with value: 4.51743824446182.
[I 2024-12-10 01:54:55,443] Trial 79 finished with value: 4.57134351717807 and parameters: {'max_depth': 5, 'alpha': 0.0028624512363728365, 'lambda': 0.5274457799545842, 'eta': 0.018325210875112186}. Best is trial 44 with value: 4.51743824446182.
[I 2024-12-10 01:54:58,999] Trial 80 finished with value: 4.566476390252908 and parameters: {'max_depth': 4, 'alpha': 0.17128686910739932, 'lambda': 0.10584661585051855, 'eta': 0.01620217513943898}. Best is trial 44 with value: 4.51743824446182.
[I 2024-12-10 01:55:03,422] Trial 81 finished with value: 4.55050016260414 and parameters: {'max_depth': 4, 'alpha': 0.5569250286765011, 'lambda': 0.5575416106710909, 'eta': 0.012359919435145651}. Best is trial 44 with value: 4.51743824446182.
[I 2024-12-10 01:55:08,218] Trial 82 finished with value: 4.53779247849954 and parameters: {'max_depth': 4, 'alpha': 0.6175145489676008, 'lambda': 0.355346373577096, 'eta': 0.011684067855162343}. Best is trial 44 with value: 4.51743824446182.
[I 2024-12-10 01:55:13,154] Trial 83 finished with value: 4.554050927829832 and parameters: {'max_depth': 4, 'alpha': 0.2874070320453301, 'lambda': 0.1827263675151428, 'eta': 0.01112542112827372}. Best is trial 44 with value: 4.51743824446182.
[I 2024-12-10 01:55:19,464] Trial 84 finished with value: 4.563510360971909 and parameters: {'max_depth': 5, 'alpha': 0.661676964872598, 'lambda': 0.29556192028893236, 'eta': 0.010111769314249093}. Best is trial 44 with value: 4.51743824446182.
[I 2024-12-10 01:55:23,782] Trial 85 finished with value: 4.551748005362105 and parameters: {'max_depth': 4, 'alpha': 0.09590694936672337, 'lambda': 0.6478292664340146, 'eta': 0.014457976873547886}. Best is trial 44 with value: 4.51743824446182.
[I 2024-12-10 01:55:27,890] Trial 86 finished with value: 4.576306464859959 and parameters: {'max_depth': 4, 'alpha': 0.03225388730581166, 'lambda': 0.00018658623749179091, 'eta': 0.01334443298646838}. Best is trial 44 with value: 4.51743824446182.
[I 2024-12-10 01:55:33,832] Trial 87 finished with value: 4.569582412863221 and parameters: {'max_depth': 5, 'alpha': 0.17094551878347233, 'lambda': 0.07607246001745702, 'eta': 0.011859245341594046}. Best is trial 44 with value: 4.51743824446182.
[I 2024-12-10 01:55:38,032] Trial 88 finished with value: 4.591059925379869 and parameters: {'max_depth': 3, 'alpha': 0.3230058017589725, 'lambda': 0.34759827894356327, 'eta': 0.015364193115322687}. Best is trial 44 with value: 4.51743824446182.
[I 2024-12-10 01:55:43,144] Trial 89 finished with value: 4.7518646869948284 and parameters: {'max_depth': 2, 'alpha': 0.6816309914993084, 'lambda': 0.6331097582647245, 'eta': 0.010773633600984054}. Best is trial 44 with value: 4.51743824446182.
[I 2024-12-10 01:55:47,607] Trial 90 finished with value: 4.562407457061539 and parameters: {'max_depth': 4, 'alpha': 1.588394255163437e-05, 'lambda': 0.19329978718494917, 'eta': 0.012559540042653123}. Best is trial 44 with value: 4.51743824446182.
[I 2024-12-10 01:55:52,283] Trial 91 finished with value: 4.539813389200161 and parameters: {'max_depth': 4, 'alpha': 0.658771313864937, 'lambda': 0.4178663935319101, 'eta': 0.012084149315514504}. Best is trial 44 with value: 4.51743824446182.
[I 2024-12-10 01:55:56,536] Trial 92 finished with value: 4.549307950500355 and parameters: {'max_depth': 4, 'alpha': 0.11370100237205986, 'lambda': 0.673494299304483, 'eta': 0.013952017729780306}. Best is trial 44 with value: 4.51743824446182.
[I 2024-12-10 01:56:01,457] Trial 93 finished with value: 4.531041489743438 and parameters: {'max_depth': 4, 'alpha': 0.6280105894870608, 'lambda': 0.38069098976204097, 'eta': 0.01207849494272789}. Best is trial 44 with value: 4.51743824446182.
[I 2024-12-10 01:56:06,011] Trial 94 finished with value: 4.5686495253375305 and parameters: {'max_depth': 5, 'alpha': 0.6685407971820237, 'lambda': 0.1400116280769522, 'eta': 0.015724605841976613}. Best is trial 44 with value: 4.51743824446182.
[I 2024-12-10 01:56:10,280] Trial 95 finished with value: 4.546899659594961 and parameters: {'max_depth': 4, 'alpha': 0.30464830711859775, 'lambda': 0.35464594247722464, 'eta': 0.01280123969719962}. Best is trial 44 with value: 4.51743824446182.
[I 2024-12-10 01:56:16,312] Trial 96 finished with value: 4.579562369692291 and parameters: {'max_depth': 5, 'alpha': 0.17084949140457772, 'lambda': 0.2252758385188305, 'eta': 0.010699203671368233}. Best is trial 44 with value: 4.51743824446182.
[I 2024-12-10 01:56:17,656] Trial 97 finished with value: 4.627045891073934 and parameters: {'max_depth': 4, 'alpha': 0.5071582692656685, 'lambda': 0.046069324448088304, 'eta': 0.14421756121465756}. Best is trial 44 with value: 4.51743824446182.
[I 2024-12-10 01:56:21,863] Trial 98 finished with value: 4.5248610329308905 and parameters: {'max_depth': 4, 'alpha': 0.7848973007929471, 'lambda': 0.6832237241537906, 'eta': 0.017042505648291628}. Best is trial 44 with value: 4.51743824446182.
[I 2024-12-10 01:56:26,110] Trial 99 finished with value: 4.568331770466403 and parameters: {'max_depth': 5, 'alpha': 1.6939579651499964e-08, 'lambda': 0.7533032743025758, 'eta': 0.017552336588773254}. Best is trial 44 with value: 4.51743824446182.
/home/mburu/.local/lib/python3.8/site-packages/sklearn/preprocessing/_encoders.py:975: FutureWarning: `sparse` was renamed to `sparse_output` in version 1.2 and will be removed in 1.4. `sparse_output` is ignored unless you leave `sparse` to its default value.
  warnings.warn(
[I 2024-12-10 01:56:45,918] A new study created in RDB with name: XGBoost_NYC Taxi
[I 2024-12-10 01:58:40,784] Trial 0 finished with value: 3.8396797051359086 and parameters: {'max_depth': 2, 'alpha': 0.00019681943453128383, 'lambda': 0.6678873856471542, 'eta': 0.18224496848674732}. Best is trial 0 with value: 3.8396797051359086.
[I 2024-12-10 02:01:20,736] Trial 1 finished with value: 3.875052981330815 and parameters: {'max_depth': 3, 'alpha': 0.036149863167034724, 'lambda': 0.6474319471237964, 'eta': 0.014947680496559613}. Best is trial 0 with value: 3.8396797051359086.
[I 2024-12-10 02:03:39,806] Trial 2 finished with value: 3.8803735194714206 and parameters: {'max_depth': 2, 'alpha': 0.16767001539998022, 'lambda': 8.842516559978825e-07, 'eta': 0.05606659288255455}. Best is trial 0 with value: 3.8396797051359086.
[I 2024-12-10 02:15:48,185] Trial 3 finished with value: 3.745481114910421 and parameters: {'max_depth': 12, 'alpha': 0.31586457842443133, 'lambda': 0.0001705793718511904, 'eta': 0.010591828456773152}. Best is trial 3 with value: 3.745481114910421.
[I 2024-12-10 02:18:24,705] Trial 4 finished with value: 3.7643340075564082 and parameters: {'max_depth': 6, 'alpha': 2.0242850134985063e-05, 'lambda': 0.07798306833708113, 'eta': 0.02910327433325599}. Best is trial 3 with value: 3.745481114910421.
[I 2024-12-10 02:20:09,849] Trial 5 finished with value: 3.8739370084166906 and parameters: {'max_depth': 2, 'alpha': 0.2797349802180601, 'lambda': 2.372659359016513e-06, 'eta': 0.2768821220833782}. Best is trial 3 with value: 3.745481114910421.
[I 2024-12-10 02:23:19,908] Trial 6 finished with value: 3.814287658981043 and parameters: {'max_depth': 5, 'alpha': 0.01507229765000666, 'lambda': 0.03501412426696045, 'eta': 0.01570179096383132}. Best is trial 3 with value: 3.745481114910421.
[I 2024-12-10 02:25:17,148] Trial 7 finished with value: 3.777002442034746 and parameters: {'max_depth': 6, 'alpha': 1.4522521966254237e-05, 'lambda': 8.469401852934802e-06, 'eta': 0.11633138183430244}. Best is trial 3 with value: 3.745481114910421.
[I 2024-12-10 02:27:54,287] Trial 8 finished with value: 3.90277756884705 and parameters: {'max_depth': 3, 'alpha': 0.00038994370743646625, 'lambda': 0.014204734398168857, 'eta': 0.016462643144554565}. Best is trial 3 with value: 3.745481114910421.
[I 2024-12-10 02:30:28,601] Trial 9 finished with value: 3.8856726887459887 and parameters: {'max_depth': 3, 'alpha': 0.00018766554050171112, 'lambda': 0.005097003680369269, 'eta': 0.020978706763996664}. Best is trial 3 with value: 3.745481114910421.
[I 2024-12-10 02:33:33,107] Trial 10 finished with value: 3.725764876393928 and parameters: {'max_depth': 10, 'alpha': 1.3465455334079879e-06, 'lambda': 4.589848875293374e-08, 'eta': 0.04624709754728712}. Best is trial 10 with value: 3.725764876393928.
[I 2024-12-10 02:38:04,599] Trial 11 finished with value: 3.735066898811027 and parameters: {'max_depth': 12, 'alpha': 4.3540656694784104e-08, 'lambda': 1.4036723004032853e-08, 'eta': 0.04628791500136252}. Best is trial 10 with value: 3.725764876393928.
[I 2024-12-10 02:42:14,989] Trial 12 finished with value: 3.7508262306131415 and parameters: {'max_depth': 12, 'alpha': 2.358404775417857e-08, 'lambda': 1.1829332798601264e-08, 'eta': 0.04975165961681609}. Best is trial 10 with value: 3.725764876393928.
[I 2024-12-10 02:44:44,394] Trial 13 finished with value: 3.733339283638678 and parameters: {'max_depth': 9, 'alpha': 2.6561696617856526e-08, 'lambda': 3.517270180019488e-08, 'eta': 0.05576406557469372}. Best is trial 10 with value: 3.725764876393928.
[I 2024-12-10 02:46:54,386] Trial 14 finished with value: 3.7282221418276436 and parameters: {'max_depth': 8, 'alpha': 6.871170950377396e-07, 'lambda': 1.0918425534357769e-07, 'eta': 0.09125308766257667}. Best is trial 10 with value: 3.725764876393928.
[I 2024-12-10 02:48:56,892] Trial 15 finished with value: 3.7204095622042486 and parameters: {'max_depth': 8, 'alpha': 6.117927121202497e-07, 'lambda': 2.1212430050254383e-07, 'eta': 0.09750303144844161}. Best is trial 15 with value: 3.7204095622042486.
[I 2024-12-10 02:50:59,212] Trial 16 finished with value: 3.722029434935007 and parameters: {'max_depth': 8, 'alpha': 5.864977838051922e-07, 'lambda': 6.32516624865183e-05, 'eta': 0.10044530799471696}. Best is trial 15 with value: 3.7204095622042486.
[I 2024-12-10 02:52:59,437] Trial 17 finished with value: 3.7297951918521264 and parameters: {'max_depth': 7, 'alpha': 4.8385622209419e-07, 'lambda': 0.00017852661067572579, 'eta': 0.11884715751850365}. Best is trial 15 with value: 3.7204095622042486.
[I 2024-12-10 02:54:56,420] Trial 18 finished with value: 3.806405252830256 and parameters: {'max_depth': 5, 'alpha': 7.218673135602645e-06, 'lambda': 2.1575149971140893e-05, 'eta': 0.08480943772856832}. Best is trial 15 with value: 3.7204095622042486.
[I 2024-12-10 02:56:42,569] Trial 19 finished with value: 3.816272995043762 and parameters: {'max_depth': 4, 'alpha': 1.8066747809497479e-07, 'lambda': 0.0013012407697205032, 'eta': 0.17930308182824314}. Best is trial 15 with value: 3.7204095622042486.
[I 2024-12-10 02:58:33,373] Trial 20 finished with value: 3.741467075675903 and parameters: {'max_depth': 7, 'alpha': 0.00212770582395144, 'lambda': 3.582442097945748e-07, 'eta': 0.1737110251334219}. Best is trial 15 with value: 3.7204095622042486.
[I 2024-12-10 03:01:46,125] Trial 21 finished with value: 3.711147831178033 and parameters: {'max_depth': 9, 'alpha': 2.8415954547117477e-06, 'lambda': 2.0798274586367576e-07, 'eta': 0.033459459516628855}. Best is trial 21 with value: 3.711147831178033.
[I 2024-12-10 03:04:43,194] Trial 22 finished with value: 3.7300626750044565 and parameters: {'max_depth': 9, 'alpha': 3.7686735838172365e-06, 'lambda': 4.8759213865677955e-06, 'eta': 0.03199452084944109}. Best is trial 21 with value: 3.711147831178033.
[I 2024-12-10 03:06:45,878] Trial 23 finished with value: 3.721176221654047 and parameters: {'max_depth': 7, 'alpha': 1.9227134561938995e-07, 'lambda': 2.650152423810066e-07, 'eta': 0.07039186277083775}. Best is trial 21 with value: 3.711147831178033.
[I 2024-12-10 03:09:28,679] Trial 24 finished with value: 3.7314729162574998 and parameters: {'max_depth': 10, 'alpha': 1.5632895689250538e-07, 'lambda': 1.8509418885675124e-07, 'eta': 0.07527770495185529}. Best is trial 21 with value: 3.711147831178033.
[I 2024-12-10 03:11:50,742] Trial 25 finished with value: 3.7709691853156473 and parameters: {'max_depth': 6, 'alpha': 1.2071539546775357e-07, 'lambda': 8.372555862446514e-07, 'eta': 0.032823321755047694}. Best is trial 21 with value: 3.711147831178033.
[I 2024-12-10 03:13:53,458] Trial 26 finished with value: 3.847087233334187 and parameters: {'max_depth': 4, 'alpha': 4.015192769856544e-05, 'lambda': 9.940525096143034e-07, 'eta': 0.0636569923230626}. Best is trial 21 with value: 3.711147831178033.
[I 2024-12-10 03:16:08,759] Trial 27 finished with value: 3.7480952833412524 and parameters: {'max_depth': 7, 'alpha': 4.082220781374628e-06, 'lambda': 1.0590929260325476e-07, 'eta': 0.0398228449396411}. Best is trial 21 with value: 3.711147831178033.
[I 2024-12-10 03:17:55,593] Trial 28 finished with value: 3.8074253148018693 and parameters: {'max_depth': 5, 'alpha': 1.1891624140763096e-08, 'lambda': 3.015357046881189e-05, 'eta': 0.1374230632053283}. Best is trial 21 with value: 3.711147831178033.
[I 2024-12-10 03:21:53,231] Trial 29 finished with value: 3.7430052270475542 and parameters: {'max_depth': 10, 'alpha': 7.277060335189443e-05, 'lambda': 2.292790287709229e-06, 'eta': 0.02449989809414956}. Best is trial 21 with value: 3.711147831178033.
[I 2024-12-10 03:23:40,107] Trial 30 finished with value: 3.835726856288958 and parameters: {'max_depth': 8, 'alpha': 2.5109862077702086e-06, 'lambda': 3.0271837238614117e-07, 'eta': 0.27216533701423584}. Best is trial 21 with value: 3.711147831178033.
[I 2024-12-10 03:26:03,883] Trial 31 finished with value: 3.7249098604016795 and parameters: {'max_depth': 9, 'alpha': 4.707827500740393e-07, 'lambda': 0.0008310172774359254, 'eta': 0.07139977303837251}. Best is trial 21 with value: 3.711147831178033.
[I 2024-12-10 03:28:05,562] Trial 32 finished with value: 3.7366851212860333 and parameters: {'max_depth': 8, 'alpha': 6.551282853011872e-08, 'lambda': 2.2254695054393734e-05, 'eta': 0.09903664637440805}. Best is trial 21 with value: 3.711147831178033.
[I 2024-12-10 03:29:55,672] Trial 33 finished with value: 3.7646115923534396 and parameters: {'max_depth': 7, 'alpha': 1.0867101229310387e-06, 'lambda': 5.749543061871758e-08, 'eta': 0.1478519790993618}. Best is trial 21 with value: 3.711147831178033.
[I 2024-12-10 03:32:00,663] Trial 34 finished with value: 3.779915427959353 and parameters: {'max_depth': 11, 'alpha': 2.82360795206467e-07, 'lambda': 5.801100850149572e-07, 'eta': 0.21743363625892242}. Best is trial 21 with value: 3.711147831178033.
[I 2024-12-10 03:33:54,776] Trial 35 finished with value: 3.756008699648194 and parameters: {'max_depth': 6, 'alpha': 2.129467953851594e-06, 'lambda': 0.2329476140257821, 'eta': 0.11269847778609046}. Best is trial 21 with value: 3.711147831178033.
[I 2024-12-10 03:36:03,809] Trial 36 finished with value: 3.7394462032461697 and parameters: {'max_depth': 8, 'alpha': 2.0224595523910192e-05, 'lambda': 2.259995494720916e-06, 'eta': 0.0687755342191865}. Best is trial 21 with value: 3.711147831178033.
[I 2024-12-10 03:38:53,721] Trial 37 finished with value: 3.727028353075408 and parameters: {'max_depth': 9, 'alpha': 8.432224721331463e-06, 'lambda': 0.0001095004884754954, 'eta': 0.039633355012727904}. Best is trial 21 with value: 3.711147831178033.
[I 2024-12-10 03:42:04,939] Trial 38 finished with value: 3.728889614610039 and parameters: {'max_depth': 11, 'alpha': 6.614789826610439e-08, 'lambda': 1.0368827666332271e-05, 'eta': 0.05928907046794744}. Best is trial 21 with value: 3.711147831178033.
[I 2024-12-10 03:45:13,645] Trial 39 finished with value: 3.801806749272452 and parameters: {'max_depth': 6, 'alpha': 0.0006401615601244393, 'lambda': 0.0003411295608521936, 'eta': 0.012188758804794317}. Best is trial 21 with value: 3.711147831178033.
[I 2024-12-10 03:47:09,242] Trial 40 finished with value: 3.732270155489579 and parameters: {'max_depth': 7, 'alpha': 3.4143998257826336e-07, 'lambda': 1.5082478140413183e-06, 'eta': 0.08762443269281905}. Best is trial 21 with value: 3.711147831178033.
[I 2024-12-10 03:49:26,107] Trial 41 finished with value: 3.7538886634263493 and parameters: {'max_depth': 9, 'alpha': 7.75471147446496e-07, 'lambda': 0.000700412655385827, 'eta': 0.0745652466399193}. Best is trial 21 with value: 3.711147831178033.
[I 2024-12-10 03:51:31,752] Trial 42 finished with value: 3.722934488699027 and parameters: {'max_depth': 8, 'alpha': 1.0906960183396956e-07, 'lambda': 0.001271725303148448, 'eta': 0.09919335129182386}. Best is trial 21 with value: 3.711147831178033.
[I 2024-12-10 03:53:36,245] Trial 43 finished with value: 3.732788189369579 and parameters: {'max_depth': 8, 'alpha': 9.965611822565718e-08, 'lambda': 0.003171530071602684, 'eta': 0.10303163194328359}. Best is trial 21 with value: 3.711147831178033.
[I 2024-12-10 03:55:56,482] Trial 44 finished with value: 3.758274148778887 and parameters: {'max_depth': 11, 'alpha': 1.3498212618821057e-06, 'lambda': 0.02639713290797049, 'eta': 0.1398487523637107}. Best is trial 21 with value: 3.711147831178033.
[I 2024-12-10 03:58:10,550] Trial 45 finished with value: 3.756346896941705 and parameters: {'max_depth': 10, 'alpha': 1.9806721107380968e-08, 'lambda': 4.753045045096052e-05, 'eta': 0.12519505935135317}. Best is trial 21 with value: 3.711147831178033.
[I 2024-12-10 04:00:06,020] Trial 46 finished with value: 3.8231525429937365 and parameters: {'max_depth': 5, 'alpha': 0.8076537032309569, 'lambda': 0.006927363320967466, 'eta': 0.08050719365553691}. Best is trial 21 with value: 3.711147831178033.
[I 2024-12-10 04:03:04,178] Trial 47 finished with value: 3.76892246189884 and parameters: {'max_depth': 6, 'alpha': 2.1205992195063827e-07, 'lambda': 2.5174466610754e-08, 'eta': 0.022662945816538466}. Best is trial 21 with value: 3.711147831178033.
[I 2024-12-10 04:05:22,873] Trial 48 finished with value: 3.8779212023617893 and parameters: {'max_depth': 2, 'alpha': 3.9360074819564556e-08, 'lambda': 6.480393080289314e-06, 'eta': 0.05378217828622317}. Best is trial 21 with value: 3.711147831178033.
[I 2024-12-10 04:07:53,273] Trial 49 finished with value: 3.7415844210834117 and parameters: {'max_depth': 8, 'alpha': 7.365905013674737e-06, 'lambda': 8.258646600219218e-08, 'eta': 0.03948737969246772}. Best is trial 21 with value: 3.711147831178033.
[I 2024-12-10 04:09:54,235] Trial 50 finished with value: 3.709136022132756 and parameters: {'max_depth': 7, 'alpha': 7.943221794771283e-07, 'lambda': 0.7877273317387914, 'eta': 0.0966374680400894}. Best is trial 50 with value: 3.709136022132756.
[I 2024-12-10 04:11:48,620] Trial 51 finished with value: 3.733437155711209 and parameters: {'max_depth': 7, 'alpha': 6.847372003450423e-07, 'lambda': 0.3523248906968939, 'eta': 0.10128201030604991}. Best is trial 50 with value: 3.709136022132756.
[I 2024-12-10 04:13:53,228] Trial 52 finished with value: 3.774332245196443 and parameters: {'max_depth': 10, 'alpha': 3.877473592123209e-07, 'lambda': 2.0376081221924307e-07, 'eta': 0.16386364350639926}. Best is trial 50 with value: 3.709136022132756.
[I 2024-12-10 04:15:48,898] Trial 53 finished with value: 3.762322366928198 and parameters: {'max_depth': 9, 'alpha': 0.028838617741954783, 'lambda': 0.08113200718856312, 'eta': 0.2043189521334048}. Best is trial 50 with value: 3.709136022132756.
[I 2024-12-10 04:17:45,045] Trial 54 finished with value: 3.721695718683475 and parameters: {'max_depth': 7, 'alpha': 1.6165886342061409e-06, 'lambda': 0.08674015534020901, 'eta': 0.08653366438914618}. Best is trial 50 with value: 3.709136022132756.
[I 2024-12-10 04:19:52,138] Trial 55 finished with value: 3.7114856989339926 and parameters: {'max_depth': 7, 'alpha': 1.915316611404547e-06, 'lambda': 0.47278937979048885, 'eta': 0.06327302518081672}. Best is trial 50 with value: 3.709136022132756.
[I 2024-12-10 04:22:05,760] Trial 56 finished with value: 3.7762143608875407 and parameters: {'max_depth': 4, 'alpha': 2.347777745782604e-06, 'lambda': 0.8760131327311463, 'eta': 0.06524897452721663}. Best is trial 50 with value: 3.709136022132756.
[I 2024-12-10 04:24:21,815] Trial 57 finished with value: 3.7459240766051196 and parameters: {'max_depth': 6, 'alpha': 1.3689194597245846e-05, 'lambda': 0.2303339806665074, 'eta': 0.04881646420463411}. Best is trial 50 with value: 3.709136022132756.
[I 2024-12-10 04:26:33,645] Trial 58 finished with value: 3.72623585443491 and parameters: {'max_depth': 7, 'alpha': 3.72674300350444e-05, 'lambda': 0.07763132133866629, 'eta': 0.058412129124720005}. Best is trial 50 with value: 3.709136022132756.
[I 2024-12-10 04:29:30,186] Trial 59 finished with value: 3.78541906339717 and parameters: {'max_depth': 5, 'alpha': 1.5360264638283188e-06, 'lambda': 0.45491856486973986, 'eta': 0.01901840070315966}. Best is trial 50 with value: 3.709136022132756.
