Trial 27 finished with value: 18717790.903945476 and parameters: {'max_depth': 5, 'alpha': 3.6325149634432207e-06, 'lambda': 0.1440676233700186, 'eta': 0.058620473637703736}. Best is trial 23 with value: 17666259.25938276.
[0]	eval-rmse:6744.21240
[100]	eval-rmse:1766.35657
[200]	eval-rmse:866.42456
[256]	eval-rmse:850.34070
{'MSE - mean': 722299.7610296765, 'MSE - std': 0.0, 'R2 - mean': 0.9647843507995377, 'R2 - std': 0.0}
[0]	eval-rmse:24934.36719
[100]	eval-rmse:5371.76221
[200]	eval-rmse:4904.63477
[210]	eval-rmse:4905.40918
{'MSE - mean': 12392669.216064194, 'MSE - std': 11670369.455034517, 'R2 - mean': 0.9631218541504472, 'R2 - std': 0.0016624966490905724}
[0]	eval-rmse:7128.17188
[100]	eval-rmse:2707.24536
[142]	eval-rmse:2731.40405
{'MSE - mean': 10748635.63125091, 'MSE - std': 9808365.901990157, 'R2 - mean': 0.8770786469014354, 'R2 - std': 0.12169104167576018}
[0]	eval-rmse:24900.58789
[100]	eval-rmse:4907.28516
[200]	eval-rmse:4206.21973
[300]	eval-rmse:4124.40381
[340]	eval-rmse:4128.86230
{'MSE - mean': 12323352.783995746, 'MSE - std': 8921447.953327911, 'R2 - mean': 0.9009625882074692, 'R2 - std': 0.11321598904319527}
[0]	eval-rmse:9602.06152
[100]	eval-rmse:6905.44922
[200]	eval-rmse:6674.95752
[300]	eval-rmse:6434.76611
[400]	eval-rmse:6374.45166
[500]	eval-rmse:6350.15527
[502]	eval-rmse:6349.59131
{'MSE - mean': 17922143.555449754, 'MSE - std': 13749895.246045526, 'R2 - mean': 0.7978921049221507, 'R2 - std': 0.22967016836911944}
Trial 28 finished with value: 17922143.555449754 and parameters: {'max_depth': 2, 'alpha': 3.31965095529931e-08, 'lambda': 0.00037987331021107, 'eta': 0.02903060457232992}. Best is trial 23 with value: 17666259.25938276.
[0]	eval-rmse:6660.70020
[100]	eval-rmse:1251.72192
[147]	eval-rmse:1247.24170
{'MSE - mean': 1555596.5742217277, 'MSE - std': 0.0, 'R2 - mean': 0.9241570519459406, 'R2 - std': 0.0}
[0]	eval-rmse:24713.11914
[100]	eval-rmse:6194.41211
[129]	eval-rmse:6193.13965
{'MSE - mean': 19955287.350635592, 'MSE - std': 18399690.77641386, 'R2 - mean': 0.9313628395577432, 'R2 - std': 0.007205787611802683}
[0]	eval-rmse:7042.67236
[100]	eval-rmse:1954.04504
[200]	eval-rmse:1948.98230
[229]	eval-rmse:1948.81787
{'MSE - mean': 14569498.248468682, 'MSE - std': 16843768.252714094, 'R2 - mean': 0.9041824407106219, 'R2 - std': 0.03888654968471042}
[0]	eval-rmse:24680.29688
[100]	eval-rmse:4418.63916
[200]	eval-rmse:4372.06152
[279]	eval-rmse:4371.43115
{'MSE - mean': 15704475.374891017, 'MSE - std': 14718998.46952435, 'R2 - mean': 0.920462359090428, 'R2 - std': 0.043923001231080734}
[0]	eval-rmse:9544.94922
[100]	eval-rmse:6748.85547
[200]	eval-rmse:6739.24170
[300]	eval-rmse:6738.87549
[335]	eval-rmse:6738.87305
{'MSE - mean': 21646060.207531296, 'MSE - std': 17734961.349000234, 'R2 - mean': 0.7979632392316743, 'R2 - std': 0.24812803447896314}
Trial 29 finished with value: 21646060.207531296 and parameters: {'max_depth': 9, 'alpha': 0.003391641914689723, 'lambda': 1.352750329486944e-05, 'eta': 0.03756536305311278}. Best is trial 23 with value: 17666259.25938276.
[0]	eval-rmse:6582.67139
[100]	eval-rmse:952.35596
[158]	eval-rmse:903.50317
{'MSE - mean': 816317.9811965004, 'MSE - std': 0.0, 'R2 - mean': 0.9602005023221039, 'R2 - std': 0.0}
[0]	eval-rmse:24510.55273
[100]	eval-rmse:4814.04053
[158]	eval-rmse:4773.45752
{'MSE - mean': 11802457.145822307, 'MSE - std': 10986139.164625807, 'R2 - mean': 0.9618505372439612, 'R2 - std': 0.0016500349218573351}
[0]	eval-rmse:6975.39844
[83]	eval-rmse:2692.17651
{'MSE - mean': 10294381.203149468, 'MSE - std': 9220200.03004746, 'R2 - mean': 0.8786344698171008, 'R2 - std': 0.11769300248023434}
[0]	eval-rmse:24476.12695
[100]	eval-rmse:4257.69629
[200]	eval-rmse:4099.16943
[232]	eval-rmse:4127.71289
{'MSE - mean': 11979918.54745757, 'MSE - std': 8501892.42832071, 'R2 - mean': 0.9021338624935888, 'R2 - std': 0.10975152159811116}
[0]	eval-rmse:9489.02832
[100]	eval-rmse:6757.10107
[200]	eval-rmse:6424.41260
[300]	eval-rmse:6350.39551
[313]	eval-rmse:6348.48877
{'MSE - mean': 17644581.0491234, 'MSE - std': 13644755.216613656, 'R2 - mean': 0.7988720235289181, 'R2 - std': 0.22866645302698616}
Trial 30 finished with value: 17644581.0491234 and parameters: {'max_depth': 2, 'alpha': 0.00015766896108251457, 'lambda': 0.21916161999356032, 'eta': 0.05575102072327393}. Best is trial 30 with value: 17644581.0491234.
[0]	eval-rmse:6310.66699
[100]	eval-rmse:896.78265
[106]	eval-rmse:894.36859
{'MSE - mean': 798798.1963258992, 'MSE - std': 0.0, 'R2 - mean': 0.9610546775985723, 'R2 - std': 0.0}
[0]	eval-rmse:23586.91797
[89]	eval-rmse:4758.32080
{'MSE - mean': 11717782.326341726, 'MSE - std': 10918984.130015828, 'R2 - mean': 0.9623992142667929, 'R2 - std': 0.0013445366682205417}
[0]	eval-rmse:6718.89648
[55]	eval-rmse:2855.35303
{'MSE - mean': 10750765.526507782, 'MSE - std': 9019592.707176259, 'R2 - mean': 0.8587216290623396, 'R2 - std': 0.146626356885639}
[0]	eval-rmse:23550.88867
[100]	eval-rmse:4106.71924
[139]	eval-rmse:4156.85986
{'MSE - mean': 12389842.629360233, 'MSE - std': 8311107.669847378, 'R2 - mean': 0.8870905798224009, 'R2 - std': 0.13615747684885474}
[0]	eval-rmse:9301.84570
[100]	eval-rmse:6399.49121
[153]	eval-rmse:6326.25439
{'MSE - mean': 17916171.695600674, 'MSE - std': 13319942.205330042, 'R2 - mean': 0.7876960861601287, 'R2 - std': 0.23312689309257098}
Trial 31 finished with value: 17916171.695600674 and parameters: {'max_depth': 2, 'alpha': 0.0003084252534065384, 'lambda': 0.2155188760060231, 'eta': 0.1010179958277789}. Best is trial 30 with value: 17644581.0491234.
[0]	eval-rmse:6556.07471
[100]	eval-rmse:868.89313
[152]	eval-rmse:830.95660
{'MSE - mean': 689988.9275068381, 'MSE - std': 0.0, 'R2 - mean': 0.9663596621039368, 'R2 - std': 0.0}
[0]	eval-rmse:24322.49023
[100]	eval-rmse:4856.11963
[120]	eval-rmse:4881.47754
{'MSE - mean': 12259407.297291735, 'MSE - std': 11569418.369784897, 'R2 - mean': 0.9640970738044323, 'R2 - std': 0.002262588299504431}
[0]	eval-rmse:6950.27588
[70]	eval-rmse:2744.91138
{'MSE - mean': 10671383.945718832, 'MSE - std': 9709682.312363563, 'R2 - mean': 0.877270514565842, 'R2 - std': 0.12280519390061208}
[0]	eval-rmse:24287.72852
[100]	eval-rmse:4214.61670
[200]	eval-rmse:4098.21875
[219]	eval-rmse:4099.16895
{'MSE - mean': 12204334.64384361, 'MSE - std': 8818064.497604512, 'R2 - mean': 0.9012046085746392, 'R2 - std': 0.11414621896843993}
[0]	eval-rmse:9470.54981
[100]	eval-rmse:6725.28467
[200]	eval-rmse:6402.14795
[264]	eval-rmse:6382.39209
{'MSE - mean': 17910453.08560892, 'MSE - std': 13872482.109303547, 'R2 - mean': 0.7968129099528302, 'R2 - std': 0.232409109994465}
Trial 32 finished with value: 17910453.08560892 and parameters: {'max_depth': 2, 'alpha': 0.0013762363457162055, 'lambda': 0.12101093680922402, 'eta': 0.06015808665536528}. Best is trial 30 with value: 17644581.0491234.
[0]	eval-rmse:6399.74853
[93]	eval-rmse:846.47082
{'MSE - mean': 716512.8234349061, 'MSE - std': 0.0, 'R2 - mean': 0.965066492335888, 'R2 - std': 0.0}
[0]	eval-rmse:23579.19531
[84]	eval-rmse:4935.77051
{'MSE - mean': 12552087.86377415, 'MSE - std': 11835575.040339243, 'R2 - mean': 0.9630029572004546, 'R2 - std': 0.0020635351354334475}
[0]	eval-rmse:6802.79590
[54]	eval-rmse:2892.22998
{'MSE - mean': 11144707.555080459, 'MSE - std': 9866542.607397912, 'R2 - mean': 0.8655403178665667, 'R2 - std': 0.13784328390129044}
[0]	eval-rmse:23543.09570
[100]	eval-rmse:4131.94873
[148]	eval-rmse:4123.54736
{'MSE - mean': 12609441.118600305, 'MSE - std': 8913351.249894924, 'R2 - mean': 0.892326456891302, 'R2 - std': 0.12807447020806348}
[0]	eval-rmse:9362.70410
[100]	eval-rmse:6428.71240
[200]	eval-rmse:6356.33691
[206]	eval-rmse:6354.11230
{'MSE - mean': 18163006.388974406, 'MSE - std': 13672110.782626953, 'R2 - mean': 0.7908004529219422, 'R2 - std': 0.23313638468331532}
Trial 33 finished with value: 18163006.388974406 and parameters: {'max_depth': 2, 'alpha': 0.00023175763747078265, 'lambda': 0.019794961636595294, 'eta': 0.08614270802034814}. Best is trial 30 with value: 17644581.0491234.
[0]	eval-rmse:6693.86084
[100]	eval-rmse:899.22900
[146]	eval-rmse:877.15625
{'MSE - mean': 768560.4217124286, 'MSE - std': 0.0, 'R2 - mean': 0.9625289171329627, 'R2 - std': 0.0}
[0]	eval-rmse:24984.21094
[100]	eval-rmse:5518.41748
[155]	eval-rmse:5408.62207
{'MSE - mean': 14995855.522829663, 'MSE - std': 14227295.101117235, 'R2 - mean': 0.9578617824482263, 'R2 - std': 0.004667134684736507}
[0]	eval-rmse:7061.93506
[100]	eval-rmse:2238.87207
[120]	eval-rmse:2251.87671
{'MSE - mean': 11687553.360484267, 'MSE - std': 12523325.316821465, 'R2 - mean': 0.9050689198208649, 'R2 - std': 0.07475756897839761}
[0]	eval-rmse:24947.28320
[100]	eval-rmse:4479.25342
[172]	eval-rmse:4197.92578
{'MSE - mean': 13171309.808628388, 'MSE - std': 11145844.8461942, 'R2 - mean': 0.921724338789608, 'R2 - std': 0.07087827264220685}
[0]	eval-rmse:9571.55469
[100]	eval-rmse:6779.19092
[200]	eval-rmse:6588.96436
[300]	eval-rmse:6568.80762
[346]	eval-rmse:6568.67285
{'MSE - mean': 19166540.237430234, 'MSE - std': 15593429.303590445, 'R2 - mean': 0.8058758367584625, 'R2 - std': 0.2402134161899282}
Trial 34 finished with value: 19166540.237430234 and parameters: {'max_depth': 4, 'alpha': 6.282508937867796e-07, 'lambda': 0.2811628906340548, 'eta': 0.033614548129610344}. Best is trial 30 with value: 17644581.0491234.
[0]	eval-rmse:5094.23145
[33]	eval-rmse:743.52148
{'MSE - mean': 552824.1798521604, 'MSE - std': 0.0, 'R2 - mean': 0.9730471150101805, 'R2 - std': 0.0}
[0]	eval-rmse:19273.71094
[33]	eval-rmse:5511.18018
{'MSE - mean': 15462964.74564926, 'MSE - std': 14910140.5657971, 'R2 - mean': 0.9621999670936252, 'R2 - std': 0.010847147916555333}
[0]	eval-rmse:5529.66113
[54]	eval-rmse:1748.06250
{'MSE - mean': 11327217.360426517, 'MSE - std': 13506184.04028215, 'R2 - mean': 0.9345232482885528, 'R2 - std': 0.04013031197958955}
[0]	eval-rmse:19213.71680
[36]	eval-rmse:4310.88672
{'MSE - mean': 13141266.97344182, 'MSE - std': 12111361.752211109, 'R2 - mean': 0.9434292064159017, 'R2 - std': 0.03802341022557897}
[0]	eval-rmse:8521.40137
[100]	eval-rmse:6601.71143
[139]	eval-rmse:6601.46436
{'MSE - mean': 19228880.949004613, 'MSE - std': 16296755.580673335, 'R2 - mean': 0.8219234745572841, 'R2 - std': 0.24537969614077532}
Trial 35 finished with value: 19228880.949004613 and parameters: {'max_depth': 6, 'alpha': 5.83547120697708e-05, 'lambda': 0.0594588617225041, 'eta': 0.2739041271644243}. Best is trial 30 with value: 17644581.0491234.
[0]	eval-rmse:6588.43115
[100]	eval-rmse:834.45642
[101]	eval-rmse:834.75958
{'MSE - mean': 696962.3131281593, 'MSE - std': 0.0, 'R2 - mean': 0.9660196754183121, 'R2 - std': 0.0}
[0]	eval-rmse:24694.63867
[100]	eval-rmse:6081.96533
[113]	eval-rmse:6085.52734
{'MSE - mean': 18865303.851244014, 'MSE - std': 18168341.538115855, 'R2 - mean': 0.9533523096869962, 'R2 - std': 0.012667365731315883}
[0]	eval-rmse:6974.42236
[55]	eval-rmse:3036.51880
{'MSE - mean': 15650351.175486354, 'MSE - std': 15515506.144235406, 'R2 - mean': 0.8473691055107243, 'R2 - std': 0.1502393220986191}
[0]	eval-rmse:24661.90820
[100]	eval-rmse:4467.86816
[200]	eval-rmse:4427.80957
[235]	eval-rmse:4427.40820
{'MSE - mean': 16638239.984399278, 'MSE - std': 13545330.231492372, 'R2 - mean': 0.8776545663827169, 'R2 - std': 0.14028726902030864}
[0]	eval-rmse:9492.13574
[100]	eval-rmse:6729.96826
[200]	eval-rmse:6709.73096
[261]	eval-rmse:6709.62988
{'MSE - mean': 22314444.982218064, 'MSE - std': 16602951.23082631, 'R2 - mean': 0.7649151896553654, 'R2 - std': 0.25804085439873253}
Trial 36 finished with value: 22314444.982218064 and parameters: {'max_depth': 12, 'alpha': 0.001130548643604806, 'lambda': 0.29720690626044094, 'eta': 0.048618427698847215}. Best is trial 30 with value: 17644581.0491234.
[0]	eval-rmse:6767.46533
[100]	eval-rmse:1241.91553
[194]	eval-rmse:947.93384
{'MSE - mean': 897593.3457943622, 'MSE - std': 0.0, 'R2 - mean': 0.9562379304333387, 'R2 - std': 0.0}
[0]	eval-rmse:25050.22266
[100]	eval-rmse:5268.24609
[179]	eval-rmse:4892.45752
{'MSE - mean': 12416865.440239355, 'MSE - std': 11519272.094444992, 'R2 - mean': 0.9589502697719284, 'R2 - std': 0.00271233933858972}
[0]	eval-rmse:7146.99853
[100]	eval-rmse:2503.61450
[121]	eval-rmse:2557.83374
{'MSE - mean': 10458748.23163136, 'MSE - std': 9804634.910551215, 'R2 - mean': 0.8863982437203181, 'R2 - std': 0.10262795667610371}
[0]	eval-rmse:25015.86914
[100]	eval-rmse:4826.93506
[198]	eval-rmse:4244.91357
{'MSE - mean': 12348884.436721046, 'MSE - std': 9100329.330209553, 'R2 - mean': 0.9075620086369637, 'R2 - std': 0.09614097958194147}
[0]	eval-rmse:9620.33691
[100]	eval-rmse:6894.05664
[200]	eval-rmse:6604.11768
[300]	eval-rmse:6464.72852
[400]	eval-rmse:6407.26465
[500]	eval-rmse:6388.07812
[600]	eval-rmse:6379.00537
[699]	eval-rmse:6369.97314
{'MSE - mean': 17994373.332360342, 'MSE - std': 13919014.85801938, 'R2 - mean': 0.8023822003855317, 'R2 - std': 0.22725676803829686}
Trial 37 finished with value: 17994373.332360342 and parameters: {'max_depth': 3, 'alpha': 6.9456193484066575e-06, 'lambda': 0.0034234862534220653, 'eta': 0.02428727751187681}. Best is trial 30 with value: 17644581.0491234.
[0]	eval-rmse:6782.58789
[100]	eval-rmse:2285.49756
[200]	eval-rmse:1488.24500
[300]	eval-rmse:1078.40271
[400]	eval-rmse:1013.13373
[448]	eval-rmse:1008.33722
{'MSE - mean': 1015836.3262203318, 'MSE - std': 0.0, 'R2 - mean': 0.9504730063065994, 'R2 - std': 0.0}
[0]	eval-rmse:25340.58398
[100]	eval-rmse:9108.46875
[200]	eval-rmse:5542.99707
[300]	eval-rmse:4866.26709
[400]	eval-rmse:4727.00244
[433]	eval-rmse:4734.28564
{'MSE - mean': 11709521.719293544, 'MSE - std': 10693685.393073212, 'R2 - mean': 0.9572954191542569, 'R2 - std': 0.006822412847657555}
[0]	eval-rmse:7164.50879
[100]	eval-rmse:3103.44995
[200]	eval-rmse:2108.58911
[250]	eval-rmse:2165.01489
{'MSE - mean': 9368777.53560916, 'MSE - std': 9337814.065628856, 'R2 - mean': 0.9097482708794488, 'R2 - std': 0.06747216336763698}
[0]	eval-rmse:25307.50391
[100]	eval-rmse:8976.17090
[200]	eval-rmse:5205.14404
[300]	eval-rmse:4404.61963
[400]	eval-rmse:4223.78418
[500]	eval-rmse:4157.72705
[592]	eval-rmse:4143.48535
{'MSE - mean': 11318700.741681404, 'MSE - std': 8763713.834438529, 'R2 - mean': 0.9254162253518408, 'R2 - std': 0.06442688890656341}
[0]	eval-rmse:9629.11035
[100]	eval-rmse:7008.47559
[200]	eval-rmse:6824.09473
[300]	eval-rmse:6767.67188
[400]	eval-rmse:6611.10254
[500]	eval-rmse:6506.26758
[548]	eval-rmse:6504.60254
{'MSE - mean': 17517033.509033244, 'MSE - std': 14666951.302736824, 'R2 - mean': 0.811380628099147, 'R2 - std': 0.23523845130942608}
Trial 38 finished with value: 17517033.509033244 and parameters: {'max_depth': 2, 'alpha': 0.026696197250095616, 'lambda': 0.9439574781468173, 'eta': 0.02271255215063766}. Best is trial 38 with value: 17517033.509033244.
[0]	eval-rmse:6830.21045
[100]	eval-rmse:1913.67249
[200]	eval-rmse:697.90607
[280]	eval-rmse:588.25281
{'MSE - mean': 346041.35869733506, 'MSE - std': 0.0, 'R2 - mean': 0.9831287897986221, 'R2 - std': 0.0}
[0]	eval-rmse:25447.54688
[100]	eval-rmse:12570.26367
[200]	eval-rmse:7669.94238
[300]	eval-rmse:6124.17334
[400]	eval-rmse:5840.08545
[500]	eval-rmse:5813.99805
{'MSE - mean': 17074308.701859068, 'MSE - std': 16728267.343161736, 'R2 - mean': 0.9644943931283154, 'R2 - std': 0.018634396670306586}
[0]	eval-rmse:7207.78369
[100]	eval-rmse:3125.74902
[139]	eval-rmse:3087.60938
{'MSE - mean': 14566456.915742448, 'MSE - std': 14111529.330011832, 'R2 - mean': 0.8504434587602031, 'R2 - std': 0.1620084105429606}
[0]	eval-rmse:25414.86523
[100]	eval-rmse:12321.40527
[200]	eval-rmse:6918.00830
[300]	eval-rmse:4996.89746
[400]	eval-rmse:4450.18750
[500]	eval-rmse:4319.52197
[600]	eval-rmse:4292.65527
[700]	eval-rmse:4282.93945
[800]	eval-rmse:4281.25537
[900]	eval-rmse:4279.61182
[986]	eval-rmse:4279.24414
{'MSE - mean': 15502812.500446536, 'MSE - std': 12328087.052209591, 'R2 - mean': 0.8804784152509828, 'R2 - std': 0.14963736047258194}
[0]	eval-rmse:9662.70117
[100]	eval-rmse:6999.63232
[200]	eval-rmse:6656.16748
[300]	eval-rmse:6558.46484
[400]	eval-rmse:6515.88037
[500]	eval-rmse:6500.85107
[600]	eval-rmse:6492.44971
[700]	eval-rmse:6488.39844
[800]	eval-rmse:6486.26123
[900]	eval-rmse:6485.04395
[999]	eval-rmse:6483.44482
{'MSE - mean': 20809260.712943535, 'MSE - std': 15304213.629622944, 'R2 - mean': 0.7762694652729916, 'R2 - std': 0.24769152739127556}
Trial 39 finished with value: 20809260.712943535 and parameters: {'max_depth': 7, 'alpha': 0.04795079720669614, 'lambda': 0.7880105730392347, 'eta': 0.013380999566188587}. Best is trial 38 with value: 17517033.509033244.
[0]	eval-rmse:6785.32080
[100]	eval-rmse:1110.24121
[200]	eval-rmse:517.22595
[218]	eval-rmse:522.74573
{'MSE - mean': 274734.19149435475, 'MSE - std': 0.0, 'R2 - mean': 0.9866053632673979, 'R2 - std': 0.0}
[0]	eval-rmse:25286.76367
[100]	eval-rmse:7595.30029
[200]	eval-rmse:5044.58252
[300]	eval-rmse:4861.42822
[397]	eval-rmse:4842.25244
{'MSE - mean': 11860873.17069105, 'MSE - std': 11586138.979196696, 'R2 - mean': 0.9745256908038681, 'R2 - std': 0.012079672463529811}
[0]	eval-rmse:7160.72803
[100]	eval-rmse:2779.94287
[154]	eval-rmse:2741.42920
{'MSE - mean': 10412393.429618442, 'MSE - std': 9679287.064867066, 'R2 - mean': 0.8839580361619936, 'R2 - std': 0.1284611969657652}
[0]	eval-rmse:25253.43555
[100]	eval-rmse:7338.21680
[200]	eval-rmse:4476.19238
[300]	eval-rmse:4194.14209
[400]	eval-rmse:4165.41211
[423]	eval-rmse:4166.47217
{'MSE - mean': 12147824.210587123, 'MSE - std': 8905145.060563466, 'R2 - mean': 0.9059989925036145, 'R2 - std': 0.1176185385633045}
[0]	eval-rmse:9631.30957
[100]	eval-rmse:6753.33057
[200]	eval-rmse:6564.79443
[300]	eval-rmse:6508.82178
[400]	eval-rmse:6482.50098
[500]	eval-rmse:6471.13330
[556]	eval-rmse:6468.25439
{'MSE - mean': 18085506.88232211, 'MSE - std': 14299146.438883333, 'R2 - mean': 0.7972918729299859, 'R2 - std': 0.24152897936892528}
Trial 40 finished with value: 18085506.88232211 and parameters: {'max_depth': 5, 'alpha': 1.002214862124066e-07, 'lambda': 0.44794282625858, 'eta': 0.020248839317514634}. Best is trial 38 with value: 17517033.509033244.
[0]	eval-rmse:6776.33643
[100]	eval-rmse:2176.89062
[200]	eval-rmse:1021.44031
[300]	eval-rmse:849.73212
[322]	eval-rmse:851.35565
{'MSE - mean': 725934.5493924918, 'MSE - std': 0.0, 'R2 - mean': 0.9646071370735905, 'R2 - std': 0.0}
[0]	eval-rmse:25107.95117
[100]	eval-rmse:6005.63818
[200]	eval-rmse:4911.99072
[281]	eval-rmse:4856.03320
{'MSE - mean': 12150686.838270206, 'MSE - std': 11424752.288877714, 'R2 - mean': 0.9634237299684594, 'R2 - std': 0.0011834071051311512}
[0]	eval-rmse:7158.58887
[100]	eval-rmse:2931.44678
[169]	eval-rmse:2650.32959
{'MSE - mean': 10441873.700901745, 'MSE - std': 9636219.586454213, 'R2 - mean': 0.8830309379690661, 'R2 - std': 0.11369668265095981}
[0]	eval-rmse:25074.46094
[100]	eval-rmse:5683.65039
[200]	eval-rmse:4325.68848
[300]	eval-rmse:4147.40576
[400]	eval-rmse:4091.17139
[460]	eval-rmse:4076.90186
{'MSE - mean': 11991517.767879585, 'MSE - std': 8766227.01860565, 'R2 - mean': 0.9055902823521623, 'R2 - std': 0.10593381797783091}
[0]	eval-rmse:9624.69922
[100]	eval-rmse:6992.24219
[200]	eval-rmse:6786.83057
[300]	eval-rmse:6565.49365
[400]	eval-rmse:6421.60059
[500]	eval-rmse:6358.65088
[600]	eval-rmse:6348.35693
[604]	eval-rmse:6346.98779
{'MSE - mean': 17648620.808963023, 'MSE - std': 13765487.575205153, 'R2 - mean': 0.8017170052028175, 'R2 - std': 0.2283335495630603}
Trial 41 finished with value: 17648620.808963023 and parameters: {'max_depth': 2, 'alpha': 0.9664768468237601, 'lambda': 0.08922600749650121, 'eta': 0.02373299571408524}. Best is trial 38 with value: 17517033.509033244.
[0]	eval-rmse:6817.59570
[100]	eval-rmse:2728.26343
[200]	eval-rmse:1539.65173
[300]	eval-rmse:971.63824
[400]	eval-rmse:852.77338
[467]	eval-rmse:848.18610
{'MSE - mean': 719569.157300643, 'MSE - std': 0.0, 'R2 - mean': 0.9649174810983627, 'R2 - std': 0.0}
[0]	eval-rmse:25269.61133
[100]	eval-rmse:7573.51611
[200]	eval-rmse:5272.13818
[300]	eval-rmse:4882.06348
[400]	eval-rmse:4841.88965
[418]	eval-rmse:4844.57178
{'MSE - mean': 12094724.722481702, 'MSE - std': 11375155.565181058, 'R2 - mean': 0.9636634363065135, 'R2 - std': 0.0012540447918492625}
[0]	eval-rmse:7197.67334
[100]	eval-rmse:3458.78394
[200]	eval-rmse:2598.33228
[221]	eval-rmse:2607.00220
{'MSE - mean': 10328636.587630058, 'MSE - std': 9617739.37514289, 'R2 - mean': 0.8861931481833022, 'R2 - std': 0.10956431673989517}
[0]	eval-rmse:25236.37695
[100]	eval-rmse:7417.77295
[200]	eval-rmse:4774.13623
[300]	eval-rmse:4294.11133
[400]	eval-rmse:4187.73047
[500]	eval-rmse:4148.37793
[600]	eval-rmse:4102.11963
[664]	eval-rmse:4089.21802
{'MSE - mean': 11926741.729252204, 'MSE - std': 8777101.067389384, 'R2 - mean': 0.9079295676032901, 'R2 - std': 0.10208168501065672}
[0]	eval-rmse:9653.85156
[100]	eval-rmse:7146.72412
[200]	eval-rmse:6862.87988
[300]	eval-rmse:6781.78906
[400]	eval-rmse:6613.69727
[500]	eval-rmse:6477.12109
[600]	eval-rmse:6410.72461
[700]	eval-rmse:6368.81592
[793]	eval-rmse:6350.57422
{'MSE - mean': 17607714.920443404, 'MSE - std': 13810279.798536552, 'R2 - mean': 0.8034221021149028, 'R2 - std': 0.22808721512377184}
