Trial 47 finished with value: 735812.7347555443 and parameters: {'max_depth': 6, 'alpha': 0.9116782126573258, 'lambda': 0.7889035698994794, 'eta': 0.1664343045839736}. Best is trial 46 with value: 716235.1800545412.
[0]	train-rmse:28286.52734	eval-rmse:30838.43555
[69]	train-rmse:342.83295	eval-rmse:1029.94226
Saved Losses
{'MSE - mean': 1060182.916960555, 'MSE - std': 0.0, 'R2 - mean': 0.9988266588374468, 'R2 - std': 0.0} 
 

[0]	train-rmse:29191.10352	eval-rmse:27260.72461
[89]	train-rmse:298.32852	eval-rmse:852.64789
Saved Losses
{'MSE - mean': 893595.6457890505, 'MSE - std': 166587.27117150434, 'R2 - mean': 0.9989304217164185, 'R2 - std': 0.00010376287897173597} 
 

[0]	train-rmse:29592.53125	eval-rmse:25472.52734
[100]	train-rmse:277.62579	eval-rmse:864.61328
[103]	train-rmse:270.41702	eval-rmse:865.75226
Saved Losses
{'MSE - mean': 845572.7675052726, 'MSE - std': 152030.5000810561, 'R2 - mean': 0.9989175326014411, 'R2 - std': 8.666072892690308e-05} 
 

[0]	train-rmse:28365.81641	eval-rmse:30549.29492
[100]	train-rmse:256.79037	eval-rmse:839.62067
[110]	train-rmse:227.98186	eval-rmse:837.62219
Saved Losses
{'MSE - mean': 809582.3033953507, 'MSE - std': 145673.93465103745, 'R2 - mean': 0.998991834248727, 'R2 - std': 0.0001489790784700346} 
 

[0]	train-rmse:28618.48828	eval-rmse:29589.32227
[100]	train-rmse:221.40846	eval-rmse:776.77020
[155]	train-rmse:138.26250	eval-rmse:771.84766
Saved Losses
{'MSE - mean': 766810.9098040975, 'MSE - std': 155866.2395399445, 'R2 - mean': 0.9990536117881703, 'R2 - std': 0.00018171865665394315} 
 

Results After CV: {'MSE - mean': 766810.9098040975, 'MSE - std': 155866.2395399445, 'R2 - mean': 0.9990536117881703, 'R2 - std': 0.00018171865665394315}
Train time: 0.5321271979999892
Inference time: 0.02349739400000317
Finished cross validation
Trial 48 finished with value: 766810.9098040975 and parameters: {'max_depth': 5, 'alpha': 0.3301930817091448, 'lambda': 0.2926955513622339, 'eta': 0.1067330264437468}. Best is trial 46 with value: 716235.1800545412.
[0]	train-rmse:29565.60742	eval-rmse:32234.23633
[100]	train-rmse:171.11748	eval-rmse:1059.74548
[107]	train-rmse:156.08389	eval-rmse:1060.13110
Saved Losses
{'MSE - mean': 1125172.938232891, 'MSE - std': 0.0, 'R2 - mean': 0.9987547321294287, 'R2 - std': 0.0} 
 

[0]	train-rmse:30511.37500	eval-rmse:28493.05469
[100]	train-rmse:180.38205	eval-rmse:871.94330
[135]	train-rmse:123.82549	eval-rmse:870.99365
Saved Losses
{'MSE - mean': 941744.7982199269, 'MSE - std': 183428.1400129642, 'R2 - mean': 0.9988736621627794, 'R2 - std': 0.00011893003335072816} 
 

[0]	train-rmse:30931.12891	eval-rmse:26622.89258
[100]	train-rmse:205.11926	eval-rmse:823.84522
[170]	train-rmse:94.57658	eval-rmse:815.70099
Saved Losses
{'MSE - mean': 849391.7494091328, 'MSE - std': 198717.78887417592, 'R2 - mean': 0.9989215081878675, 'R2 - std': 0.00011835562001300051} 
 

[0]	train-rmse:29648.44141	eval-rmse:31930.62305
[100]	train-rmse:165.38162	eval-rmse:842.55420
[120]	train-rmse:134.55891	eval-rmse:844.16870
Saved Losses
{'MSE - mean': 815199.0140963767, 'MSE - std': 181999.99768073004, 'R2 - mean': 0.9989917352992044, 'R2 - std': 0.00015906470724734583} 
 

[0]	train-rmse:29912.64648	eval-rmse:30927.99609
[100]	train-rmse:173.46419	eval-rmse:763.68811
[159]	train-rmse:89.99372	eval-rmse:757.51501
Saved Losses
{'MSE - mean': 766925.0070171437, 'MSE - std': 189263.62133958013, 'R2 - mean': 0.999058673132345, 'R2 - std': 0.00019535597993296258} 
 

Results After CV: {'MSE - mean': 766925.0070171437, 'MSE - std': 189263.62133958013, 'R2 - mean': 0.999058673132345, 'R2 - std': 0.00019535597993296258}
Train time: 1.0911996842000122
Inference time: 0.013856130399994981
Finished cross validation
Trial 49 finished with value: 766925.0070171437 and parameters: {'max_depth': 7, 'alpha': 0.8396628709630176, 'lambda': 0.24144313627987934, 'eta': 0.06620243691306758}. Best is trial 46 with value: 716235.1800545412.
[0]	train-rmse:28817.33203	eval-rmse:31417.51758
[87]	train-rmse:472.21686	eval-rmse:957.97613
Saved Losses
{'MSE - mean': 917718.3191287233, 'MSE - std': 0.0, 'R2 - mean': 0.9989843293433269, 'R2 - std': 0.0} 
 

[0]	train-rmse:29738.71094	eval-rmse:27771.68750
[100]	train-rmse:450.49606	eval-rmse:808.21661
[163]	train-rmse:344.71927	eval-rmse:799.10107
Saved Losses
{'MSE - mean': 778140.405776721, 'MSE - std': 139577.91335200245, 'R2 - mean': 0.999068006220728, 'R2 - std': 8.367687740107321e-05} 
 

[0]	train-rmse:30147.53516	eval-rmse:25949.24023
[100]	train-rmse:461.36639	eval-rmse:874.20453
[107]	train-rmse:445.92288	eval-rmse:872.93768
Saved Losses
{'MSE - mean': 772565.8080552216, 'MSE - std': 114237.24528357275, 'R2 - mean': 0.9990033956424589, 'R2 - std': 0.00011409177675426842} 
 

[0]	train-rmse:28898.01172	eval-rmse:31122.04297
[88]	train-rmse:478.18887	eval-rmse:851.75195
Saved Losses
{'MSE - mean': 760794.7249662996, 'MSE - std': 101011.31792399939, 'R2 - mean': 0.9990495523934442, 'R2 - std': 0.00012709853314171157} 
 

[0]	train-rmse:29155.35938	eval-rmse:30144.61133
[100]	train-rmse:449.48624	eval-rmse:766.85004
[180]	train-rmse:319.45535	eval-rmse:763.19208
Saved Losses
{'MSE - mean': 725229.3331222052, 'MSE - std': 114987.90139440997, 'R2 - mean': 0.9991027813380576, 'R2 - std': 0.00015574502200723094} 
 

Results After CV: {'MSE - mean': 725229.3331222052, 'MSE - std': 114987.90139440997, 'R2 - mean': 0.9991027813380576, 'R2 - std': 0.00015574502200723094}
Train time: 0.45185393720000777
Inference time: 0.009365879000006317
Finished cross validation
Trial 50 finished with value: 725229.3331222052 and parameters: {'max_depth': 4, 'alpha': 0.1899290842557011, 'lambda': 0.4414996740334814, 'eta': 0.09001442609178589}. Best is trial 46 with value: 716235.1800545412.
[0]	train-rmse:28635.60938	eval-rmse:31219.24609
[81]	train-rmse:466.93723	eval-rmse:949.90967
Saved Losses
{'MSE - mean': 901633.0096815621, 'MSE - std': 0.0, 'R2 - mean': 0.9990021315125421, 'R2 - std': 0.0} 
 

[0]	train-rmse:29551.07812	eval-rmse:27596.56250
[100]	train-rmse:448.11865	eval-rmse:804.85803
[125]	train-rmse:406.94861	eval-rmse:803.70624
Saved Losses
{'MSE - mean': 773788.4043242838, 'MSE - std': 127844.60535727825, 'R2 - mean': 0.9990720043497345, 'R2 - std': 6.987283719245285e-05} 
 

[0]	train-rmse:29957.27734	eval-rmse:25785.74023
[100]	train-rmse:452.09207	eval-rmse:857.60712
[149]	train-rmse:351.13892	eval-rmse:856.58997
Saved Losses
{'MSE - mean': 760441.0744938283, 'MSE - std': 106077.63433689218, 'R2 - mean': 0.9990196987182927, 'R2 - std': 9.341609646790491e-05} 
 

[0]	train-rmse:28715.77539	eval-rmse:30925.80078
[94]	train-rmse:449.30310	eval-rmse:854.27374
Saved Losses
{'MSE - mean': 752776.7259186291, 'MSE - std': 92820.12226414075, 'R2 - mean': 0.9990605759160961, 'R2 - std': 0.00010750702865519176} 
 

[0]	train-rmse:28971.46680	eval-rmse:29954.43164
[100]	train-rmse:427.34158	eval-rmse:763.33923
[200]	train-rmse:286.23318	eval-rmse:740.94495
[265]	train-rmse:217.49068	eval-rmse:739.39685
Saved Losses
{'MSE - mean': 711562.9201157682, 'MSE - std': 116990.47496581826, 'R2 - mean': 0.999120112760519, 'R2 - std': 0.00015305146958978868} 
 

Results After CV: {'MSE - mean': 711562.9201157682, 'MSE - std': 116990.47496581826, 'R2 - mean': 0.999120112760519, 'R2 - std': 0.00015305146958978868}
Train time: 0.5231114112000114
Inference time: 0.011410478399989188
Finished cross validation
Trial 51 finished with value: 711562.9201157682 and parameters: {'max_depth': 4, 'alpha': 0.20367977381120567, 'lambda': 0.48861838837428473, 'eta': 0.09580129997125021}. Best is trial 51 with value: 711562.9201157682.
[0]	train-rmse:28807.25977	eval-rmse:31406.54688
[87]	train-rmse:459.73105	eval-rmse:972.26483
Saved Losses
{'MSE - mean': 945298.9115871798, 'MSE - std': 0.0, 'R2 - mean': 0.9989538049461674, 'R2 - std': 0.0} 
 

[0]	train-rmse:29728.62305	eval-rmse:27762.32422
[100]	train-rmse:436.87393	eval-rmse:818.69470
[146]	train-rmse:374.53308	eval-rmse:814.72662
Saved Losses
{'MSE - mean': 804539.1598635677, 'MSE - std': 140759.75172361208, 'R2 - mean': 0.9990359939498623, 'R2 - std': 8.218900369499904e-05} 
 

[0]	train-rmse:30137.45117	eval-rmse:25940.61328
[100]	train-rmse:440.83679	eval-rmse:858.39905
[115]	train-rmse:413.92178	eval-rmse:859.53143
Saved Losses
{'MSE - mean': 782624.224351169, 'MSE - std': 119035.29140785857, 'R2 - mean': 0.9989932038356725, 'R2 - std': 9.036228544224891e-05} 
 

[0]	train-rmse:28887.91797	eval-rmse:31111.20508
[92]	train-rmse:456.71527	eval-rmse:864.30042
Saved Losses
{'MSE - mean': 773721.9804826754, 'MSE - std': 104234.35272547026, 'R2 - mean': 0.9990358832514438, 'R2 - std': 0.00010765038116276167} 
 

[0]	train-rmse:29145.27344	eval-rmse:30134.19922
[100]	train-rmse:419.61969	eval-rmse:764.61279
[128]	train-rmse:371.59360	eval-rmse:763.62396
Saved Losses
{'MSE - mean': 735601.9043607379, 'MSE - std': 120434.21874470492, 'R2 - mean': 0.9990918099095489, 'R2 - std': 0.00014758742493474282} 
 

Results After CV: {'MSE - mean': 735601.9043607379, 'MSE - std': 120434.21874470492, 'R2 - mean': 0.9990918099095489, 'R2 - std': 0.00014758742493474282}
Train time: 0.45207014279999386
Inference time: 0.04291515740000022
Finished cross validation
Trial 52 finished with value: 735601.9043607379 and parameters: {'max_depth': 4, 'alpha': 0.4146182124841388, 'lambda': 0.13323338148067612, 'eta': 0.09016713387189547}. Best is trial 51 with value: 711562.9201157682.
[0]	train-rmse:27383.93164	eval-rmse:29853.65430
[60]	train-rmse:300.92947	eval-rmse:1003.16852
Saved Losses
{'MSE - mean': 1005970.2476205311, 'MSE - std': 0.0, 'R2 - mean': 0.9988866578767172, 'R2 - std': 0.0} 
 

[0]	train-rmse:28259.20898	eval-rmse:26390.99414
[100]	train-rmse:248.36572	eval-rmse:836.80670
[103]	train-rmse:244.08557	eval-rmse:835.63208
Saved Losses
{'MSE - mean': 852125.5986619839, 'MSE - std': 153844.64895854733, 'R2 - mean': 0.9989795031273259, 'R2 - std': 9.284525060876403e-05} 
 

[0]	train-rmse:28647.64062	eval-rmse:24660.61133
[100]	train-rmse:227.13013	eval-rmse:835.80890
[140]	train-rmse:162.23111	eval-rmse:831.36615
Saved Losses
{'MSE - mean': 798473.6096184044, 'MSE - std': 146750.99953816502, 'R2 - mean': 0.9989790158190887, 'R2 - std': 7.58109621297536e-05} 
 

[0]	train-rmse:27460.72852	eval-rmse:29574.70117
[64]	train-rmse:306.23926	eval-rmse:833.31476
Saved Losses
{'MSE - mean': 772458.5946421678, 'MSE - std': 134841.51775966233, 'R2 - mean': 0.9990399605295179, 'R2 - std': 0.00012431110035789793} 
 

[0]	train-rmse:27705.17383	eval-rmse:28644.87305
[100]	train-rmse:208.20599	eval-rmse:760.83350
[136]	train-rmse:144.20232	eval-rmse:754.87824
Saved Losses
{'MSE - mean': 731968.0218980265, 'MSE - std': 145271.24235022516, 'R2 - mean': 0.9990981508823389, 'R2 - std': 0.00016095672829509458} 
 

Results After CV: {'MSE - mean': 731968.0218980265, 'MSE - std': 145271.24235022516, 'R2 - mean': 0.9990981508823389, 'R2 - std': 0.00016095672829509458}
Train time: 0.5651211619999913
Inference time: 0.035172482999996646
Finished cross validation
Trial 53 finished with value: 731968.0218980265 and parameters: {'max_depth': 5, 'alpha': 0.9979909164307527, 'lambda': 0.47098717616149816, 'eta': 0.1354591160258189}. Best is trial 51 with value: 711562.9201157682.
[0]	train-rmse:28526.22266	eval-rmse:31099.89648
[81]	train-rmse:480.54025	eval-rmse:950.04852
Saved Losses
{'MSE - mean': 902174.6000923897, 'MSE - std': 0.0, 'R2 - mean': 0.9990015321156719, 'R2 - std': 0.0} 
 

[0]	train-rmse:29437.64258	eval-rmse:27490.68945
[100]	train-rmse:453.13287	eval-rmse:802.85797
[168]	train-rmse:352.47604	eval-rmse:795.26208
Saved Losses
{'MSE - mean': 767269.8077797834, 'MSE - std': 134904.79231260635, 'R2 - mean': 0.9990807242160926, 'R2 - std': 7.919210042067748e-05} 
 

[0]	train-rmse:29842.07422	eval-rmse:25686.68555
[100]	train-rmse:485.54285	eval-rmse:863.99957
[150]	train-rmse:401.31735	eval-rmse:857.04993
Saved Losses
{'MSE - mean': 756358.0595587363, 'MSE - std': 111225.00239492327, 'R2 - mean': 0.9990251235122699, 'R2 - std': 0.00010180276212948066} 
 

[0]	train-rmse:28606.06250	eval-rmse:30807.61719
[93]	train-rmse:464.16315	eval-rmse:840.37970
Saved Losses
{'MSE - mean': 743828.045614298, 'MSE - std': 98738.3138232392, 'R2 - mean': 0.9990712327418311, 'R2 - std': 0.00011895812261067299} 
 

[0]	train-rmse:28860.61523	eval-rmse:29839.76367
[100]	train-rmse:445.77911	eval-rmse:767.74323
[200]	train-rmse:299.82529	eval-rmse:752.46545
[245]	train-rmse:262.77142	eval-rmse:751.81146
Saved Losses
{'MSE - mean': 708106.5345282722, 'MSE - std': 113593.61386275823, 'R2 - mean': 0.9991242920604556, 'R2 - std': 0.00015027306185619603} 
 

Results After CV: {'MSE - mean': 708106.5345282722, 'MSE - std': 113593.61386275823, 'R2 - mean': 0.9991242920604556, 'R2 - std': 0.00015027306185619603}
Train time: 0.5204690093999943
Inference time: 0.010888418600006843
Finished cross validation
Trial 54 finished with value: 708106.5345282722 and parameters: {'max_depth': 4, 'alpha': 0.17286436261354315, 'lambda': 0.9433155371352998, 'eta': 0.09953868067184972}. Best is trial 54 with value: 708106.5345282722.
[0]	train-rmse:28541.08594	eval-rmse:31116.28125
[75]	train-rmse:241.88611	eval-rmse:993.05328
Saved Losses
{'MSE - mean': 986539.0812717585, 'MSE - std': 0.0, 'R2 - mean': 0.9989081630216773, 'R2 - std': 0.0} 
 

[0]	train-rmse:29453.10938	eval-rmse:27505.17383
[100]	train-rmse:227.65053	eval-rmse:828.43170
[137]	train-rmse:159.89009	eval-rmse:830.38501
Saved Losses
{'MSE - mean': 838145.8575353841, 'MSE - std': 148393.22373637446, 'R2 - mean': 0.9989959205443686, 'R2 - std': 8.775752269130077e-05} 
 

[0]	train-rmse:29857.94141	eval-rmse:25700.56836
[96]	train-rmse:226.55322	eval-rmse:827.79102
Saved Losses
{'MSE - mean': 787176.568389376, 'MSE - std': 140982.63287611425, 'R2 - mean': 0.9989928842589094, 'R2 - std': 7.178226279094688e-05} 
 

[0]	train-rmse:28621.06055	eval-rmse:30824.09180
[87]	train-rmse:237.82246	eval-rmse:818.34656
Saved Losses
{'MSE - mean': 758694.1469048864, 'MSE - std': 131684.5552081612, 'R2 - mean': 0.9990562844277204, 'R2 - std': 0.00012618741678283656} 
 

[0]	train-rmse:28875.73242	eval-rmse:29855.66016
[100]	train-rmse:184.46051	eval-rmse:748.57855
[120]	train-rmse:143.25520	eval-rmse:748.90894
Saved Losses
{'MSE - mean': 719198.7304002263, 'MSE - std': 141817.52135685954, 'R2 - mean': 0.99911327327445, 'R2 - std': 0.00016040425782918582} 
 

Results After CV: {'MSE - mean': 719198.7304002263, 'MSE - std': 141817.52135685954, 'R2 - mean': 0.99911327327445, 'R2 - std': 0.00016040425782918582}
Train time: 0.6685740473999886
Inference time: 0.009296743999993851
Finished cross validation
Trial 55 finished with value: 719198.7304002263 and parameters: {'max_depth': 6, 'alpha': 0.020767711666179845, 'lambda': 0.9013552141466825, 'eta': 0.09902790335738704}. Best is trial 54 with value: 708106.5345282722.
[0]	train-rmse:26366.58203	eval-rmse:28744.21680
[68]	train-rmse:85.05493	eval-rmse:962.86157
Saved Losses
{'MSE - mean': 927102.3735158608, 'MSE - std': 0.0, 'R2 - mean': 0.9989739436852411, 'R2 - std': 0.0} 
 

[0]	train-rmse:27207.90430	eval-rmse:25409.74219
[83]	train-rmse:78.81236	eval-rmse:842.18420
Saved Losses
{'MSE - mean': 818377.0261455616, 'MSE - std': 108725.3473702991, 'R2 - mean': 0.999015593143834, 'R2 - std': 4.1649458592918354e-05} 
 

[0]	train-rmse:27581.70703	eval-rmse:23744.49609
[100]	train-rmse:70.66823	eval-rmse:816.50397
[108]	train-rmse:60.87848	eval-rmse:816.04895
Saved Losses
{'MSE - mean': 767378.9377352296, 'MSE - std': 114378.36690947095, 'R2 - mean': 0.9990157852616054, 'R2 - std': 3.400772587513384e-05} 
 

[0]	train-rmse:26440.41211	eval-rmse:28476.44531
[57]	train-rmse:128.01112	eval-rmse:842.69904
Saved Losses
{'MSE - mean': 753645.4972378158, 'MSE - std': 101870.65463786018, 'R2 - mean': 0.9990624922475757, 'R2 - std': 8.609309890867834e-05} 
 

[0]	train-rmse:26675.03320	eval-rmse:27580.69141
[66]	train-rmse:94.40874	eval-rmse:748.06921
Saved Losses
{'MSE - mean': 714852.5388359079, 'MSE - std': 119673.21633250084, 'R2 - mean': 0.9991186002140839, 'R2 - std': 0.0001360956757819422} 
 

Results After CV: {'MSE - mean': 714852.5388359079, 'MSE - std': 119673.21633250084, 'R2 - mean': 0.9991186002140839, 'R2 - std': 0.0001360956757819422}
Train time: 0.759059590400011
Inference time: 0.016284931799987135
Finished cross validation
Trial 56 finished with value: 714852.5388359079 and parameters: {'max_depth': 7, 'alpha': 0.02172029032970278, 'lambda': 0.9758945556068297, 'eta': 0.1682016872231373}. Best is trial 54 with value: 708106.5345282722.
[0]	train-rmse:25777.08789	eval-rmse:28101.71875
[53]	train-rmse:50.77822	eval-rmse:1067.03406
Saved Losses
{'MSE - mean': 1138561.6335548025, 'MSE - std': 0.0, 'R2 - mean': 0.9987399143964858, 'R2 - std': 0.0} 
 

[0]	train-rmse:26600.97266	eval-rmse:24844.69336
[48]	train-rmse:73.79825	eval-rmse:902.02222
Saved Losses
{'MSE - mean': 976102.8685776698, 'MSE - std': 162458.76497713273, 'R2 - mean': 0.998829502619889, 'R2 - std': 8.958822340326966e-05} 
 

[0]	train-rmse:26967.26758	eval-rmse:23217.33008
[100]	train-rmse:6.74254	eval-rmse:878.50915
[200]	train-rmse:0.10382	eval-rmse:878.12744
[211]	train-rmse:0.06492	eval-rmse:878.12543
Saved Losses
{'MSE - mean': 907770.0117972866, 'MSE - std': 164115.78893208367, 'R2 - mean': 0.9988396185261624, 'R2 - std': 7.45343073210855e-05} 
 

[0]	train-rmse:25849.14062	eval-rmse:27840.74219
[67]	train-rmse:25.87515	eval-rmse:939.78296
Saved Losses
{'MSE - mean': 901602.5847344798, 'MSE - std': 142529.31488758832, 'R2 - mean': 0.9988826168041188, 'R2 - std': 9.85549488738484e-05} 
 

[0]	train-rmse:26079.40039	eval-rmse:26965.18555
[79]	train-rmse:11.56468	eval-rmse:772.03912
Saved Losses
{'MSE - mean': 840489.9361909309, 'MSE - std': 176608.9118076704, 'R2 - mean': 0.9989661641146492, 'R2 - std': 0.0001889208160724063} 
 

Results After CV: {'MSE - mean': 840489.9361909309, 'MSE - std': 176608.9118076704, 'R2 - mean': 0.9989661641146492, 'R2 - std': 0.0001889208160724063}
Train time: 1.2711335829999826
Inference time: 0.01469581520000247
Finished cross validation
Trial 57 finished with value: 840489.9361909309 and parameters: {'max_depth': 8, 'alpha': 0.01920225754651766, 'lambda': 0.194331738006327, 'eta': 0.18604888033270292}. Best is trial 54 with value: 708106.5345282722.
[0]	train-rmse:24847.31641	eval-rmse:27086.87109
[52]	train-rmse:89.13299	eval-rmse:993.23352
Saved Losses
{'MSE - mean': 986512.9053538884, 'MSE - std': 0.0, 'R2 - mean': 0.9989081919914724, 'R2 - std': 0.0} 
 

[0]	train-rmse:25639.44922	eval-rmse:23946.06445
[46]	train-rmse:137.06340	eval-rmse:832.82306
Saved Losses
{'MSE - mean': 840728.8847217518, 'MSE - std': 145784.02063213667, 'R2 - mean': 0.9989924861446493, 'R2 - std': 8.429415317695588e-05} 
 

[0]	train-rmse:25991.59961	eval-rmse:22378.25586
[100]	train-rmse:25.39131	eval-rmse:837.38654
[117]	train-rmse:15.34664	eval-rmse:837.52710
Saved Losses
{'MSE - mean': 794303.1169472807, 'MSE - std': 135938.8009657743, 'R2 - mean': 0.9989826035565214, 'R2 - std': 7.023057693122566e-05} 
 

[0]	train-rmse:24916.89258	eval-rmse:26836.21484
[52]	train-rmse:89.82512	eval-rmse:858.36743
Saved Losses
{'MSE - mean': 779670.5459128493, 'MSE - std': 120423.6463957239, 'R2 - mean': 0.9990310787417132, 'R2 - std': 0.00010367632897722442} 
 

[0]	train-rmse:25137.63281	eval-rmse:25991.28320
[100]	train-rmse:17.71517	eval-rmse:748.37030
[119]	train-rmse:10.16266	eval-rmse:748.87305
Saved Losses
{'MSE - mean': 735898.6128958155, 'MSE - std': 138799.89974486516, 'R2 - mean': 0.9990932040834302, 'R2 - std': 0.00015503953459025598} 
 

Results After CV: {'MSE - mean': 735898.6128958155, 'MSE - std': 138799.89974486516, 'R2 - mean': 0.9990932040834302, 'R2 - std': 0.00015503953459025598}
Train time: 0.7821700339999893
Inference time: 0.006164979400023185
Finished cross validation
Trial 58 finished with value: 735898.6128958155 and parameters: {'max_depth': 7, 'alpha': 0.05837268393192962, 'lambda': 0.9348748201452839, 'eta': 0.21645194869170223}. Best is trial 54 with value: 708106.5345282722.
[0]	train-rmse:27540.83008	eval-rmse:30025.54883
[59]	train-rmse:70.18378	eval-rmse:1028.57410
Saved Losses
{'MSE - mean': 1058391.994683365, 'MSE - std': 0.0, 'R2 - mean': 0.9988286409131746, 'R2 - std': 0.0} 
 

[0]	train-rmse:28421.58008	eval-rmse:26543.43164
[63]	train-rmse:79.81414	eval-rmse:907.24481
Saved Losses
{'MSE - mean': 940192.1685401814, 'MSE - std': 118199.82614318375, 'R2 - mean': 0.9988683206480047, 'R2 - std': 3.9679734830100344e-05} 
 

[0]	train-rmse:28812.86328	eval-rmse:24802.85742
[65]	train-rmse:72.17718	eval-rmse:862.62653
Saved Losses
{'MSE - mean': 874761.5351347513, 'MSE - std': 133702.91012486402, 'R2 - mean': 0.998878905110505, 'R2 - std': 3.56891570410283e-05} 
 

[0]	train-rmse:27617.95312	eval-rmse:29744.86914
[69]	train-rmse:73.18428	eval-rmse:914.46039
Saved Losses
{'MSE - mean': 865176.1567310211, 'MSE - std': 116974.31157874448, 'R2 - mean': 0.9989251431826518, 'R2 - std': 8.584384017096584e-05} 
 

[0]	train-rmse:27864.05078	eval-rmse:28810.34180
[100]	train-rmse:23.56561	eval-rmse:767.62787
[129]	train-rmse:10.52769	eval-rmse:767.56842
Saved Losses
{'MSE - mean': 809973.173580788, 'MSE - std': 152104.7962761091, 'R2 - mean': 0.9990017999566255, 'R2 - std': 0.0001714653781393432} 
 

Results After CV: {'MSE - mean': 809973.173580788, 'MSE - std': 152104.7962761091, 'R2 - mean': 0.9990017999566255, 'R2 - std': 0.0001714653781393432}
Train time: 0.9719053224000049
Inference time: 0.005829293400006463
Finished cross validation
