Trial 29 finished with value: 4.633667526606297 and parameters: {'max_depth': 3, 'alpha': 0.016077208909393903, 'lambda': 5.280722352552966e-08, 'eta': 0.016535927420829773}. Best is trial 11 with value: 4.560533655791191.
[0]	train-rmse:9.75749	eval-rmse:9.87320
[100]	train-rmse:2.19673	eval-rmse:2.55173
[200]	train-rmse:1.58815	eval-rmse:2.15039
[264]	train-rmse:1.49585	eval-rmse:2.14501
Saved Losses
{'MSE - mean': 4.600592914608551, 'MSE - std': 0.0, 'R2 - mean': 0.5804411281250761, 'R2 - std': 0.0} 
 

[0]	train-rmse:9.80315	eval-rmse:9.68776
[100]	train-rmse:2.20621	eval-rmse:2.40509
[200]	train-rmse:1.59838	eval-rmse:2.05781
[253]	train-rmse:1.51639	eval-rmse:2.05730
Saved Losses
{'MSE - mean': 4.4165345662411255, 'MSE - std': 0.18405834836742585, 'R2 - mean': 0.5646368534981117, 'R2 - std': 0.015804274626964432} 
 

[0]	train-rmse:9.78163	eval-rmse:9.77454
[100]	train-rmse:2.18393	eval-rmse:2.51633
[200]	train-rmse:1.55261	eval-rmse:2.17096
[292]	train-rmse:1.44244	eval-rmse:2.16581
Saved Losses
{'MSE - mean': 4.50799771544864, 'MSE - std': 0.19828262420530463, 'R2 - mean': 0.5558976376000565, 'R2 - std': 0.017867974703790982} 
 

[0]	train-rmse:9.80565	eval-rmse:9.67547
[100]	train-rmse:2.19407	eval-rmse:2.41829
[200]	train-rmse:1.57358	eval-rmse:2.06860
[235]	train-rmse:1.51699	eval-rmse:2.06667
Saved Losses
{'MSE - mean': 4.44878361281617, 'MSE - std': 0.20001482232077888, 'R2 - mean': 0.5527550782540841, 'R2 - std': 0.016403518760935435} 
 

[0]	train-rmse:9.75233	eval-rmse:9.89485
[100]	train-rmse:2.15401	eval-rmse:2.67622
[200]	train-rmse:1.53507	eval-rmse:2.32452
[284]	train-rmse:1.42857	eval-rmse:2.31216
Saved Losses
{'MSE - mean': 4.6283598741074625, 'MSE - std': 0.4012421685165273, 'R2 - mean': 0.5537705617413126, 'R2 - std': 0.014811656525980604} 
 

Results After CV: {'MSE - mean': 4.6283598741074625, 'MSE - std': 0.4012421685165273, 'R2 - mean': 0.5537705617413126, 'R2 - std': 0.014811656525980604}
Train time: 0.9012113525999951
Inference time: 0.030851314199998113
Finished cross validation
Trial 30 finished with value: 4.6283598741074625 and parameters: {'max_depth': 6, 'alpha': 9.428656492407854e-05, 'lambda': 1.2223719841388441e-06, 'eta': 0.01982594461379305}. Best is trial 11 with value: 4.560533655791191.
[0]	train-rmse:9.74669	eval-rmse:9.86233
[100]	train-rmse:2.34434	eval-rmse:2.50405
[200]	train-rmse:1.91847	eval-rmse:2.16476
[300]	train-rmse:1.82638	eval-rmse:2.13307
[376]	train-rmse:1.77895	eval-rmse:2.12449
Saved Losses
{'MSE - mean': 4.513445667111945, 'MSE - std': 0.0, 'R2 - mean': 0.5883886691323621, 'R2 - std': 0.0} 
 

[0]	train-rmse:9.79239	eval-rmse:9.67534
[100]	train-rmse:2.37434	eval-rmse:2.31047
[200]	train-rmse:1.93932	eval-rmse:2.02282
[300]	train-rmse:1.85701	eval-rmse:2.01418
[306]	train-rmse:1.85251	eval-rmse:2.01540
Saved Losses
{'MSE - mean': 4.287656973673975, 'MSE - std': 0.22578869343797026, 'R2 - mean': 0.5777037339551025, 'R2 - std': 0.010684935177259547} 
 

[0]	train-rmse:9.77078	eval-rmse:9.76414
[100]	train-rmse:2.33918	eval-rmse:2.47697
[200]	train-rmse:1.91889	eval-rmse:2.17875
[300]	train-rmse:1.83477	eval-rmse:2.15563
[400]	train-rmse:1.77008	eval-rmse:2.14437
[447]	train-rmse:1.74026	eval-rmse:2.14509
Saved Losses
{'MSE - mean': 4.3923592609505056, 'MSE - std': 0.2364575239759242, 'R2 - mean': 0.5675333062585232, 'R2 - std': 0.016822220193071693} 
 

[0]	train-rmse:9.79502	eval-rmse:9.66306
[100]	train-rmse:2.36381	eval-rmse:2.36312
[200]	train-rmse:1.93006	eval-rmse:2.07982
[272]	train-rmse:1.86043	eval-rmse:2.07543
Saved Losses
{'MSE - mean': 4.371119594411834, 'MSE - std': 0.20805646057654767, 'R2 - mean': 0.5605126143209356, 'R2 - std': 0.01897658201614988} 
 

[0]	train-rmse:9.74173	eval-rmse:9.88471
[100]	train-rmse:2.31063	eval-rmse:2.64402
[200]	train-rmse:1.88981	eval-rmse:2.32779
[300]	train-rmse:1.79918	eval-rmse:2.30746
[353]	train-rmse:1.76173	eval-rmse:2.30599
Saved Losses
{'MSE - mean': 4.5604180857032315, 'MSE - std': 0.4218597727336788, 'R2 - mean': 0.5604571232075202, 'R2 - std': 0.016973533782545187} 
 

Results After CV: {'MSE - mean': 4.5604180857032315, 'MSE - std': 0.4218597727336788, 'R2 - mean': 0.5604571232075202, 'R2 - std': 0.016973533782545187}
Train time: 0.651905547199999
Inference time: 0.051042438000001765
Finished cross validation
Trial 31 finished with value: 4.5604180857032315 and parameters: {'max_depth': 4, 'alpha': 0.0393319929540219, 'lambda': 0.005874796163070822, 'eta': 0.02117896312184281}. Best is trial 31 with value: 4.5604180857032315.
[0]	train-rmse:9.67901	eval-rmse:9.79465
[100]	train-rmse:2.06893	eval-rmse:2.25698
[200]	train-rmse:1.85417	eval-rmse:2.13650
[300]	train-rmse:1.76500	eval-rmse:2.12570
[312]	train-rmse:1.75293	eval-rmse:2.12464
Saved Losses
{'MSE - mean': 4.5151092686229415, 'MSE - std': 0.0, 'R2 - mean': 0.5882369541716693, 'R2 - std': 0.0} 
 

[0]	train-rmse:9.72442	eval-rmse:9.60731
[100]	train-rmse:2.09786	eval-rmse:2.09119
[180]	train-rmse:1.90625	eval-rmse:2.01714
Saved Losses
{'MSE - mean': 4.291757737547949, 'MSE - std': 0.22335153107499206, 'R2 - mean': 0.5772794162391852, 'R2 - std': 0.010957537932484052} 
 

[0]	train-rmse:9.70283	eval-rmse:9.69673
[100]	train-rmse:2.06553	eval-rmse:2.24996
[200]	train-rmse:1.86155	eval-rmse:2.14961
[300]	train-rmse:1.77163	eval-rmse:2.13381
[384]	train-rmse:1.70267	eval-rmse:2.12883
Saved Losses
{'MSE - mean': 4.371805717990216, 'MSE - std': 0.21464535704614318, 'R2 - mean': 0.5695418760933242, 'R2 - std': 0.014134501997317563} 
 

[0]	train-rmse:9.72697	eval-rmse:9.59488
[100]	train-rmse:2.08866	eval-rmse:2.14734
[178]	train-rmse:1.88511	eval-rmse:2.07977
Saved Losses
{'MSE - mean': 4.36083531487385, 'MSE - std': 0.18685695387035078, 'R2 - mean': 0.5614704456466972, 'R2 - std': 0.018581767364767555} 
 

[0]	train-rmse:9.67397	eval-rmse:9.81828
[100]	train-rmse:2.04141	eval-rmse:2.41415
[200]	train-rmse:1.82593	eval-rmse:2.31243
[300]	train-rmse:1.72930	eval-rmse:2.30043
[319]	train-rmse:1.71623	eval-rmse:2.30071
Saved Losses
{'MSE - mean': 4.547322277017564, 'MSE - std': 0.40870767691117327, 'R2 - mean': 0.5616260021783736, 'R2 - std': 0.016622949619633128} 
 

Results After CV: {'MSE - mean': 4.547322277017564, 'MSE - std': 0.40870767691117327, 'R2 - mean': 0.5616260021783736, 'R2 - std': 0.016622949619633128}
Train time: 0.5362840530000028
Inference time: 0.016537719199993715
Finished cross validation
Trial 32 finished with value: 4.547322277017564 and parameters: {'max_depth': 4, 'alpha': 0.029871955138646204, 'lambda': 0.030525118400987573, 'eta': 0.028377600069628865}. Best is trial 32 with value: 4.547322277017564.
[0]	train-rmse:9.66859	eval-rmse:9.78424
[100]	train-rmse:2.04630	eval-rmse:2.23820
[200]	train-rmse:1.84430	eval-rmse:2.14231
[221]	train-rmse:1.82551	eval-rmse:2.14245
Saved Losses
{'MSE - mean': 4.590804833678986, 'MSE - std': 0.0, 'R2 - mean': 0.5813337687626748, 'R2 - std': 0.0} 
 

[0]	train-rmse:9.71397	eval-rmse:9.59685
[100]	train-rmse:2.07123	eval-rmse:2.08017
[169]	train-rmse:1.90531	eval-rmse:2.01603
Saved Losses
{'MSE - mean': 4.327592720370471, 'MSE - std': 0.2632121133085148, 'R2 - mean': 0.5740423810668827, 'R2 - std': 0.007291387695792129} 
 

[0]	train-rmse:9.69238	eval-rmse:9.68636
[100]	train-rmse:2.04337	eval-rmse:2.23733
[200]	train-rmse:1.85113	eval-rmse:2.14874
[300]	train-rmse:1.76025	eval-rmse:2.13645
[355]	train-rmse:1.71383	eval-rmse:2.13438
Saved Losses
{'MSE - mean': 4.4035044603023925, 'MSE - std': 0.24023376583487682, 'R2 - mean': 0.5666154814770249, 'R2 - std': 0.012073134005822996} 
 

[0]	train-rmse:9.71650	eval-rmse:9.58439
[100]	train-rmse:2.06513	eval-rmse:2.13696
[185]	train-rmse:1.87194	eval-rmse:2.08084
Saved Losses
{'MSE - mean': 4.384388044293324, 'MSE - std': 0.21066681933446504, 'R2 - mean': 0.5592993141134797, 'R2 - std': 0.01642861339907097} 
 

[0]	train-rmse:9.66354	eval-rmse:9.80806
[100]	train-rmse:2.01855	eval-rmse:2.39377
[200]	train-rmse:1.81381	eval-rmse:2.30824
[223]	train-rmse:1.78746	eval-rmse:2.30902
Saved Losses
{'MSE - mean': 4.573777200080893, 'MSE - std': 0.4230572258389076, 'R2 - mean': 0.5592595257913154, 'R2 - std': 0.014694414007207975} 
 

Results After CV: {'MSE - mean': 4.573777200080893, 'MSE - std': 0.4230572258389076, 'R2 - mean': 0.5592595257913154, 'R2 - std': 0.014694414007207975}
Train time: 0.5111104397999953
Inference time: 0.0384879529999921
Finished cross validation
Trial 33 finished with value: 4.573777200080893 and parameters: {'max_depth': 4, 'alpha': 0.03817152963663118, 'lambda': 0.033674310995262934, 'eta': 0.02948543032692902}. Best is trial 32 with value: 4.547322277017564.
[0]	train-rmse:9.32605	eval-rmse:9.43932
[100]	train-rmse:1.97030	eval-rmse:2.16668
[200]	train-rmse:1.84352	eval-rmse:2.12112
[270]	train-rmse:1.77469	eval-rmse:2.11953
Saved Losses
{'MSE - mean': 4.494995962055667, 'MSE - std': 0.0, 'R2 - mean': 0.5900712212693393, 'R2 - std': 0.0} 
 

[0]	train-rmse:9.37074	eval-rmse:9.25106
[100]	train-rmse:2.01031	eval-rmse:2.01779
[190]	train-rmse:1.87674	eval-rmse:1.99600
Saved Losses
{'MSE - mean': 4.241835242358556, 'MSE - std': 0.25316071969711107, 'R2 - mean': 0.5824461115475867, 'R2 - std': 0.007625109721752565} 
 

[0]	train-rmse:9.34946	eval-rmse:9.34223
[100]	train-rmse:1.97845	eval-rmse:2.17196
[200]	train-rmse:1.84658	eval-rmse:2.15191
[217]	train-rmse:1.82878	eval-rmse:2.15559
Saved Losses
{'MSE - mean': 4.37697075716889, 'MSE - std': 0.2815139689686478, 'R2 - mean': 0.5692032343238919, 'R2 - std': 0.019735985572118926} 
 

[0]	train-rmse:9.37243	eval-rmse:9.23955
[100]	train-rmse:1.98921	eval-rmse:2.08584
[168]	train-rmse:1.88788	eval-rmse:2.08226
Saved Losses
{'MSE - mean': 4.366683116903744, 'MSE - std': 0.24444854810375893, 'R2 - mean': 0.5610054008147252, 'R2 - std': 0.022220379555921484} 
 

[0]	train-rmse:9.32029	eval-rmse:9.47202
[100]	train-rmse:1.94241	eval-rmse:2.33422
[144]	train-rmse:1.87447	eval-rmse:2.32553
Saved Losses
{'MSE - mean': 4.574962274971471, 'MSE - std': 0.4704518093042396, 'R2 - mean': 0.5593550362986099, 'R2 - std': 0.020146737359472863} 
 

Results After CV: {'MSE - mean': 4.574962274971471, 'MSE - std': 0.4704518093042396, 'R2 - mean': 0.5593550362986099, 'R2 - std': 0.020146737359472863}
Train time: 0.49638739979998264
Inference time: 0.10227191819999462
Finished cross validation
Trial 34 finished with value: 4.574962274971471 and parameters: {'max_depth': 3, 'alpha': 0.012035380135820981, 'lambda': 0.0024514717640645566, 'eta': 0.06642148253544007}. Best is trial 32 with value: 4.547322277017564.
[0]	train-rmse:9.70763	eval-rmse:9.82328
[100]	train-rmse:2.14936	eval-rmse:2.32652
[200]	train-rmse:1.87560	eval-rmse:2.14442
[291]	train-rmse:1.79372	eval-rmse:2.12827
Saved Losses
{'MSE - mean': 4.52927437650251, 'MSE - std': 0.0, 'R2 - mean': 0.5869451431394288, 'R2 - std': 0.0} 
 

[0]	train-rmse:9.75317	eval-rmse:9.63609
[100]	train-rmse:2.17706	eval-rmse:2.15119
[196]	train-rmse:1.90488	eval-rmse:2.02103
Saved Losses
{'MSE - mean': 4.307955748069916, 'MSE - std': 0.2213186284325941, 'R2 - mean': 0.5756618343740691, 'R2 - std': 0.011283308765359656} 
 

[0]	train-rmse:9.73157	eval-rmse:9.72525
[100]	train-rmse:2.14596	eval-rmse:2.31312
[200]	train-rmse:1.88291	eval-rmse:2.16227
[300]	train-rmse:1.80157	eval-rmse:2.14768
[400]	train-rmse:1.72009	eval-rmse:2.14072
[425]	train-rmse:1.69988	eval-rmse:2.14200
Saved Losses
{'MSE - mean': 4.401361788776848, 'MSE - std': 0.2238392289314211, 'R2 - mean': 0.5666177848149261, 'R2 - std': 0.015762773740243173} 
 

[0]	train-rmse:9.75575	eval-rmse:9.62372
[100]	train-rmse:2.17088	eval-rmse:2.20653
[200]	train-rmse:1.88694	eval-rmse:2.07935
[277]	train-rmse:1.80958	eval-rmse:2.07805
Saved Losses
{'MSE - mean': 4.380590920007341, 'MSE - std': 0.19716056216895944, 'R2 - mean': 0.5595352104293938, 'R2 - std': 0.01835312934541055} 
 

[0]	train-rmse:9.70263	eval-rmse:9.84638
[100]	train-rmse:2.12102	eval-rmse:2.48348
[200]	train-rmse:1.84831	eval-rmse:2.31692
[300]	train-rmse:1.75701	eval-rmse:2.29991
[328]	train-rmse:1.73826	eval-rmse:2.30085
Saved Losses
{'MSE - mean': 4.563254092696001, 'MSE - std': 0.40566139629815967, 'R2 - mean': 0.5600672837236728, 'R2 - std': 0.016449993719677685} 
 

Results After CV: {'MSE - mean': 4.563254092696001, 'MSE - std': 0.40566139629815967, 'R2 - mean': 0.5600672837236728, 'R2 - std': 0.016449993719677685}
Train time: 0.593072595000001
Inference time: 0.014509048400009305
Finished cross validation
Trial 35 finished with value: 4.563254092696001 and parameters: {'max_depth': 4, 'alpha': 0.26071597577000355, 'lambda': 0.00019028676775437192, 'eta': 0.025332166734310647}. Best is trial 32 with value: 4.547322277017564.
[0]	train-rmse:9.65720	eval-rmse:9.77284
[100]	train-rmse:2.02559	eval-rmse:2.22124
[200]	train-rmse:1.83524	eval-rmse:2.13987
[258]	train-rmse:1.78121	eval-rmse:2.13392
Saved Losses
{'MSE - mean': 4.553598593822491, 'MSE - std': 0.0, 'R2 - mean': 0.5847268548954059, 'R2 - std': 0.0} 
 

[0]	train-rmse:9.70253	eval-rmse:9.58540
[100]	train-rmse:2.05427	eval-rmse:2.06451
[200]	train-rmse:1.86568	eval-rmse:2.01095
[229]	train-rmse:1.83142	eval-rmse:2.00992
Saved Losses
{'MSE - mean': 4.296933407793217, 'MSE - std': 0.2566651860292737, 'R2 - mean': 0.5770240728419673, 'R2 - std': 0.0077027820534385505} 
 

[0]	train-rmse:9.68093	eval-rmse:9.67502
[100]	train-rmse:2.01999	eval-rmse:2.21709
[200]	train-rmse:1.84135	eval-rmse:2.15245
[300]	train-rmse:1.74740	eval-rmse:2.13691
[388]	train-rmse:1.66886	eval-rmse:2.13324
Saved Losses
{'MSE - mean': 4.381528568198337, 'MSE - std': 0.24131036890464744, 'R2 - mean': 0.5687544508644525, 'R2 - std': 0.013278875311706193} 
 

[0]	train-rmse:9.70505	eval-rmse:9.57291
[100]	train-rmse:2.04437	eval-rmse:2.12242
[200]	train-rmse:1.84899	eval-rmse:2.07781
[206]	train-rmse:1.84110	eval-rmse:2.07899
Saved Losses
{'MSE - mean': 4.367417390304476, 'MSE - std': 0.2104053151190086, 'R2 - mean': 0.5609557969391881, 'R2 - std': 0.0177398818005084} 
 

[0]	train-rmse:9.65213	eval-rmse:9.79688
[100]	train-rmse:1.99335	eval-rmse:2.37880
[200]	train-rmse:1.79989	eval-rmse:2.30914
[260]	train-rmse:1.74075	eval-rmse:2.30496
Saved Losses
{'MSE - mean': 4.556436720777205, 'MSE - std': 0.42229083162400893, 'R2 - mean': 0.5608959900365273, 'R2 - std': 0.015867483496107088} 
 

Results After CV: {'MSE - mean': 4.556436720777205, 'MSE - std': 0.42229083162400893, 'R2 - mean': 0.5608959900365273, 'R2 - std': 0.015867483496107088}
Train time: 0.5303960544000119
Inference time: 0.012377260000005209
Finished cross validation
Trial 36 finished with value: 4.556436720777205 and parameters: {'max_depth': 4, 'alpha': 0.16148374172302332, 'lambda': 0.01849674256927079, 'eta': 0.030696721195092105}. Best is trial 32 with value: 4.547322277017564.
[0]	train-rmse:9.50564	eval-rmse:9.61957
[100]	train-rmse:2.03323	eval-rmse:2.19773
[200]	train-rmse:1.91080	eval-rmse:2.14310
[300]	train-rmse:1.83588	eval-rmse:2.11943
[345]	train-rmse:1.80414	eval-rmse:2.11880
Saved Losses
{'MSE - mean': 4.489305465241946, 'MSE - std': 0.0, 'R2 - mean': 0.5905901757753969, 'R2 - std': 0.0} 
 

[0]	train-rmse:9.55086	eval-rmse:9.43202
[100]	train-rmse:2.06651	eval-rmse:2.02582
[200]	train-rmse:1.94544	eval-rmse:2.00467
[245]	train-rmse:1.89671	eval-rmse:2.00561
Saved Losses
{'MSE - mean': 4.255884723157717, 'MSE - std': 0.23342074208422936, 'R2 - mean': 0.5809046687211684, 'R2 - std': 0.009685507054228437} 
 

[0]	train-rmse:9.52948	eval-rmse:9.52195
[100]	train-rmse:2.03036	eval-rmse:2.19730
[200]	train-rmse:1.91532	eval-rmse:2.16019
[293]	train-rmse:1.83687	eval-rmse:2.15587
Saved Losses
{'MSE - mean': 4.386413655847668, 'MSE - std': 0.26532828677280257, 'R2 - mean': 0.5681680705834301, 'R2 - std': 0.019671838471348204} 
 

[0]	train-rmse:9.55290	eval-rmse:9.42041
[100]	train-rmse:2.05468	eval-rmse:2.09207
[150]	train-rmse:1.98723	eval-rmse:2.08891
Saved Losses
{'MSE - mean': 4.3810765906616576, 'MSE - std': 0.22996690547933654, 'R2 - mean': 0.5594473001231458, 'R2 - std': 0.022768211038529468} 
 

[0]	train-rmse:9.50019	eval-rmse:9.64824
[100]	train-rmse:2.00339	eval-rmse:2.35035
[200]	train-rmse:1.88262	eval-rmse:2.32093
[278]	train-rmse:1.81193	eval-rmse:2.31840
Saved Losses
{'MSE - mean': 4.579910727548367, 'MSE - std': 0.4477140583659675, 'R2 - mean': 0.5586515888722815, 'R2 - std': 0.0204265947405587} 
 

Results After CV: {'MSE - mean': 4.579910727548367, 'MSE - std': 0.4477140583659675, 'R2 - mean': 0.5586515888722815, 'R2 - std': 0.0204265947405587}
Train time: 0.4738744605999841
Inference time: 0.011652844799994
Finished cross validation
Trial 37 finished with value: 4.579910727548367 and parameters: {'max_depth': 3, 'alpha': 0.5472770927184675, 'lambda': 0.01482854712077676, 'eta': 0.047158884104834035}. Best is trial 32 with value: 4.547322277017564.
[0]	train-rmse:9.65985	eval-rmse:9.77496
[100]	train-rmse:2.03703	eval-rmse:2.22826
[200]	train-rmse:1.85322	eval-rmse:2.14802
[300]	train-rmse:1.77232	eval-rmse:2.13428
[332]	train-rmse:1.74529	eval-rmse:2.13417
Saved Losses
{'MSE - mean': 4.557261722833891, 'MSE - std': 0.0, 'R2 - mean': 0.5843927896338013, 'R2 - std': 0.0} 
 

[0]	train-rmse:9.70519	eval-rmse:9.58779
[100]	train-rmse:2.06518	eval-rmse:2.06659
[174]	train-rmse:1.90719	eval-rmse:2.01657
Saved Losses
{'MSE - mean': 4.311907243158991, 'MSE - std': 0.2453544796749001, 'R2 - mean': 0.5754561192971439, 'R2 - std': 0.008936670336657349} 
 

[0]	train-rmse:9.68376	eval-rmse:9.67762
[100]	train-rmse:2.03464	eval-rmse:2.22005
[200]	train-rmse:1.86084	eval-rmse:2.14928
[300]	train-rmse:1.77349	eval-rmse:2.14005
[369]	train-rmse:1.71653	eval-rmse:2.13763
Saved Losses
{'MSE - mean': 4.398335398527975, 'MSE - std': 0.23467466674525747, 'R2 - mean': 0.567037648912819, 'R2 - std': 0.013963667320140928} 
 

[0]	train-rmse:9.70783	eval-rmse:9.57562
[100]	train-rmse:2.05898	eval-rmse:2.12938
[200]	train-rmse:1.85879	eval-rmse:2.07450
[300]	train-rmse:1.76013	eval-rmse:2.06998
Saved Losses
{'MSE - mean': 4.369857391670792, 'MSE - std': 0.20913426317242104, 'R2 - mean': 0.5607550554214904, 'R2 - std': 0.01626809597655889} 
 

[0]	train-rmse:9.65460	eval-rmse:9.79791
[100]	train-rmse:2.01419	eval-rmse:2.38903
[200]	train-rmse:1.82384	eval-rmse:2.30215
[291]	train-rmse:1.74244	eval-rmse:2.29336
Saved Losses
{'MSE - mean': 4.547844338516325, 'MSE - std': 0.40212824448888757, 'R2 - mean': 0.5616074140036382, 'R2 - std': 0.014650147370325987} 
 

Results After CV: {'MSE - mean': 4.547844338516325, 'MSE - std': 0.40212824448888757, 'R2 - mean': 0.5616074140036382, 'R2 - std': 0.014650147370325987}
Train time: 0.6332055751999974
Inference time: 0.07990260800000897
Finished cross validation
Trial 38 finished with value: 4.547844338516325 and parameters: {'max_depth': 4, 'alpha': 0.003244398934840345, 'lambda': 0.6095374728036421, 'eta': 0.030495190963717077}. Best is trial 32 with value: 4.547322277017564.
[0]	train-rmse:9.65975	eval-rmse:9.77275
[100]	train-rmse:1.76591	eval-rmse:2.22310
[200]	train-rmse:1.50887	eval-rmse:2.14231
[244]	train-rmse:1.44527	eval-rmse:2.14297
Saved Losses
{'MSE - mean': 4.594490822994417, 'MSE - std': 0.0, 'R2 - mean': 0.5809976187168808, 'R2 - std': 0.0} 
 

[0]	train-rmse:9.70517	eval-rmse:9.59037
[100]	train-rmse:1.76592	eval-rmse:2.08433
[178]	train-rmse:1.53234	eval-rmse:2.04606
Saved Losses
{'MSE - mean': 4.39043528161437, 'MSE - std': 0.2040555413800469, 'R2 - mean': 0.5673719618534985, 'R2 - std': 0.013625656863382296} 
 

[0]	train-rmse:9.68379	eval-rmse:9.67754
[100]	train-rmse:1.74567	eval-rmse:2.18164
[180]	train-rmse:1.52448	eval-rmse:2.13392
Saved Losses
{'MSE - mean': 4.4452228969100105, 'MSE - std': 0.18374567992609311, 'R2 - mean': 0.5621859129594426, 'R2 - std': 0.01332526008134552} 
 

[0]	train-rmse:9.70767	eval-rmse:9.57610
[100]	train-rmse:1.75544	eval-rmse:2.09373
[179]	train-rmse:1.52778	eval-rmse:2.05388
Saved Losses
{'MSE - mean': 4.388523865902723, 'MSE - std': 0.186992503914255, 'R2 - mean': 0.558880350915056, 'R2 - std': 0.012882241205026979} 
 

[0]	train-rmse:9.65453	eval-rmse:9.79629
[100]	train-rmse:1.72858	eval-rmse:2.36265
[200]	train-rmse:1.46781	eval-rmse:2.29701
[212]	train-rmse:1.44882	eval-rmse:2.29922
Saved Losses
{'MSE - mean': 4.56810347361728, 'MSE - std': 0.39619225035802424, 'R2 - mean': 0.5596671955388156, 'R2 - std': 0.011629196387513361} 
 

Results After CV: {'MSE - mean': 4.56810347361728, 'MSE - std': 0.39619225035802424, 'R2 - mean': 0.5596671955388156, 'R2 - std': 0.011629196387513361}
Train time: 0.7521852260000059
Inference time: 0.04797909539998955
Finished cross validation
