Trial 68 finished with value: 17831290.23961418 and parameters: {'max_depth': 2, 'alpha': 0.6258870565186152, 'lambda': 0.011656434463197399, 'eta': 0.03216079588834224}. Best is trial 52 with value: 17402991.3123193.
[0]	eval-rmse:6806.38672
[100]	eval-rmse:2545.25806
[200]	eval-rmse:1289.69373
[300]	eval-rmse:885.33771
[400]	eval-rmse:862.13904
[404]	eval-rmse:860.54163
{'MSE - mean': 740531.9473634624, 'MSE - std': 0.0, 'R2 - mean': 0.9638954424643434, 'R2 - std': 0.0}
[0]	eval-rmse:25186.53906
[100]	eval-rmse:6525.75000
[200]	eval-rmse:5042.60449
[300]	eval-rmse:4892.96240
[318]	eval-rmse:4891.65137
{'MSE - mean': 12380486.453684125, 'MSE - std': 11639954.506320663, 'R2 - mean': 0.9627115133626474, 'R2 - std': 0.0011839291016960685}
[0]	eval-rmse:7187.05371
[100]	eval-rmse:3300.40137
[200]	eval-rmse:2656.82764
[201]	eval-rmse:2652.34961
{'MSE - mean': 10611416.919566253, 'MSE - std': 9827762.103987077, 'R2 - mean': 0.8819098688934393, 'R2 - std': 0.11427487018851461}
[0]	eval-rmse:25153.16016
[100]	eval-rmse:6350.52295
[200]	eval-rmse:4497.32275
[300]	eval-rmse:4225.36475
[400]	eval-rmse:4142.41357
[500]	eval-rmse:4109.25244
[600]	eval-rmse:4093.64844
[609]	eval-rmse:4094.92847
{'MSE - mean': 12150672.370125264, 'MSE - std': 8918890.233972512, 'R2 - mean': 0.904698079366828, 'R2 - std': 0.10654561031403309}
[0]	eval-rmse:9645.92285
[100]	eval-rmse:7093.61719
[200]	eval-rmse:6832.09277
[300]	eval-rmse:6701.14697
[400]	eval-rmse:6504.24219
[500]	eval-rmse:6409.56641
[600]	eval-rmse:6376.60645
[700]	eval-rmse:6349.82764
[764]	eval-rmse:6347.21777
{'MSE - mean': 17778536.156403948, 'MSE - std': 13795966.27975541, 'R2 - mean': 0.8009637487822673, 'R2 - std': 0.2283086048073082}
Trial 69 finished with value: 17778536.156403948 and parameters: {'max_depth': 2, 'alpha': 0.004186636383391989, 'lambda': 0.004565489872635807, 'eta': 0.018779153116399758}. Best is trial 52 with value: 17402991.3123193.
[0]	eval-rmse:6640.50439
[100]	eval-rmse:943.79547
[126]	eval-rmse:945.65515
{'MSE - mean': 894648.9764204075, 'MSE - std': 0.0, 'R2 - mean': 0.9563814828537935, 'R2 - std': 0.0}
[0]	eval-rmse:24811.62500
[100]	eval-rmse:6123.40967
[125]	eval-rmse:6131.10693
{'MSE - mean': 19247030.68177452, 'MSE - std': 18352381.70535411, 'R2 - mean': 0.948080132148114, 'R2 - std': 0.008301350705679555}
[0]	eval-rmse:7024.03857
[63]	eval-rmse:2900.67871
{'MSE - mean': 15653387.844340727, 'MSE - std': 15823036.387666639, 'R2 - mean': 0.8537971391256236, 'R2 - std': 0.13350845352355187}
[0]	eval-rmse:24779.05859
[100]	eval-rmse:4555.36475
[200]	eval-rmse:4463.48047
[222]	eval-rmse:4463.75928
{'MSE - mean': 16721328.37544322, 'MSE - std': 13827431.118178869, 'R2 - mean': 0.8823457747197311, 'R2 - std': 0.12575155726488332}
[0]	eval-rmse:9529.71094
[100]	eval-rmse:6772.74561
[200]	eval-rmse:6748.22168
[300]	eval-rmse:6747.54346
[345]	eval-rmse:6747.52441
{'MSE - mean': 22482881.815138955, 'MSE - std': 16903853.797766473, 'R2 - mean': 0.767114308803339, 'R2 - std': 0.2564447821122457}
Trial 70 finished with value: 22482881.815138955 and parameters: {'max_depth': 12, 'alpha': 0.29603515932309143, 'lambda': 0.23791508369859862, 'eta': 0.040840657311244796}. Best is trial 52 with value: 17402991.3123193.
[0]	eval-rmse:6755.42041
[100]	eval-rmse:1951.81946
[200]	eval-rmse:920.56036
[294]	eval-rmse:854.61688
{'MSE - mean': 730369.9934708417, 'MSE - std': 0.0, 'R2 - mean': 0.9643908874620875, 'R2 - std': 0.0}
[0]	eval-rmse:25051.37891
[100]	eval-rmse:5723.86133
[200]	eval-rmse:4852.16650
[261]	eval-rmse:4849.21973
{'MSE - mean': 12122651.590801796, 'MSE - std': 11392281.597330954, 'R2 - mean': 0.963364059927638, 'R2 - std': 0.0010268275344494926}
[0]	eval-rmse:7138.78272
[100]	eval-rmse:2728.80981
[150]	eval-rmse:2671.02100
{'MSE - mean': 10459885.427726896, 'MSE - std': 9594389.121845677, 'R2 - mean': 0.8815398820473419, 'R2 - std': 0.1157198992744823}
[0]	eval-rmse:25017.80664
[100]	eval-rmse:5339.83740
[200]	eval-rmse:4260.01660
[300]	eval-rmse:4144.47412
[400]	eval-rmse:4100.04639
[448]	eval-rmse:4098.18994
{'MSE - mean': 12043703.797110185, 'MSE - std': 8750123.933272649, 'R2 - mean': 0.904409858219643, 'R2 - std': 0.10776097970247447}
[0]	eval-rmse:9609.95312
[100]	eval-rmse:6938.25781
[200]	eval-rmse:6761.14258
[300]	eval-rmse:6494.96387
[400]	eval-rmse:6391.29346
[500]	eval-rmse:6350.42920
[537]	eval-rmse:6354.00488
{'MSE - mean': 17709639.451909192, 'MSE - std': 13771820.593349127, 'R2 - mean': 0.8004790157967184, 'R2 - std': 0.22912097901350037}
Trial 71 finished with value: 17709639.451909192 and parameters: {'max_depth': 2, 'alpha': 0.10209087249744307, 'lambda': 0.13144497170238204, 'eta': 0.027183301037304902}. Best is trial 52 with value: 17402991.3123193.
[0]	eval-rmse:6786.22412
[100]	eval-rmse:2324.15576
[200]	eval-rmse:1383.22778
[300]	eval-rmse:992.46375
[400]	eval-rmse:943.40832
[420]	eval-rmse:951.36310
{'MSE - mean': 904673.9916517602, 'MSE - std': 0.0, 'R2 - mean': 0.9558927142861378, 'R2 - std': 0.0}
[0]	eval-rmse:25294.63867
[100]	eval-rmse:8028.85645
[200]	eval-rmse:5254.93994
[300]	eval-rmse:4798.74414
[400]	eval-rmse:4716.58838
[414]	eval-rmse:4715.80322
{'MSE - mean': 11568154.741996575, 'MSE - std': 10663480.750344817, 'R2 - mean': 0.9601426722597548, 'R2 - std': 0.004249957973617102}
[0]	eval-rmse:7167.95215
[100]	eval-rmse:3137.05762
[200]	eval-rmse:2266.74683
[217]	eval-rmse:2291.38647
{'MSE - mean': 9461193.61088649, 'MSE - std': 9202451.750738332, 'R2 - mean': 0.9042654518811261, 'R2 - std': 0.07909847623691632}
[0]	eval-rmse:25261.47266
[100]	eval-rmse:7878.02539
[200]	eval-rmse:4840.96143
[300]	eval-rmse:4284.45166
[400]	eval-rmse:4159.39014
[500]	eval-rmse:4113.86719
[568]	eval-rmse:4099.56201
{'MSE - mean': 11297497.537812568, 'MSE - std': 8580785.220749479, 'R2 - mean': 0.9214495173502792, 'R2 - std': 0.0746880380341855}
[0]	eval-rmse:9631.67773
[100]	eval-rmse:7019.74414
[200]	eval-rmse:6823.25537
[272]	eval-rmse:6794.64795
{'MSE - mean': 18271446.3751138, 'MSE - std': 15920042.385147313, 'R2 - mean': 0.7964523788223985, 'R2 - std': 0.2587658806352753}
Trial 72 finished with value: 18271446.3751138 and parameters: {'max_depth': 2, 'alpha': 0.5568903919082693, 'lambda': 0.6097907822326196, 'eta': 0.02210903023641705}. Best is trial 52 with value: 17402991.3123193.
[0]	eval-rmse:6736.02148
[100]	eval-rmse:1783.07446
[200]	eval-rmse:887.68060
[254]	eval-rmse:862.07007
{'MSE - mean': 743164.8429826689, 'MSE - std': 0.0, 'R2 - mean': 0.9637670759141799, 'R2 - std': 0.0}
[0]	eval-rmse:25016.47656
[100]	eval-rmse:5559.93506
[200]	eval-rmse:4824.04639
[223]	eval-rmse:4824.62353
{'MSE - mean': 12010079.476300554, 'MSE - std': 11266914.633317886, 'R2 - mean': 0.9632427020950065, 'R2 - std': 0.0005243738191733072}
[0]	eval-rmse:7120.41748
[100]	eval-rmse:2634.09546
[136]	eval-rmse:2593.94605
{'MSE - mean': 10274934.27117987, 'MSE - std': 9521048.681842864, 'R2 - mean': 0.8858047934362601, 'R2 - std': 0.10951457759958498}
[0]	eval-rmse:24982.85938
[100]	eval-rmse:5139.68359
[200]	eval-rmse:4217.65918
[300]	eval-rmse:4129.58691
[400]	eval-rmse:4096.44873
[451]	eval-rmse:4096.79932
{'MSE - mean': 11912809.703341808, 'MSE - std': 8719844.252929939, 'R2 - mean': 0.9075959806613377, 'R2 - std': 0.10207668466474996}
[0]	eval-rmse:9596.29688
[100]	eval-rmse:6897.21924
[172]	eval-rmse:6791.64697
{'MSE - mean': 18754981.541823227, 'MSE - std': 15750866.925522448, 'R2 - mean': 0.7855023495260618, 'R2 - std': 0.26069740830492505}
Trial 73 finished with value: 18754981.541823227 and parameters: {'max_depth': 2, 'alpha': 0.2674700803028198, 'lambda': 0.199548033760504, 'eta': 0.030385629491332975}. Best is trial 52 with value: 17402991.3123193.
[0]	eval-rmse:6818.75635
[100]	eval-rmse:2748.47363
[200]	eval-rmse:1533.73315
[300]	eval-rmse:967.81952
[400]	eval-rmse:849.58624
[423]	eval-rmse:851.24988
{'MSE - mean': 723337.4581479317, 'MSE - std': 0.0, 'R2 - mean': 0.9647337579852182, 'R2 - std': 0.0}
[0]	eval-rmse:25260.68945
[100]	eval-rmse:7439.80762
[200]	eval-rmse:5232.29834
[300]	eval-rmse:4889.69092
[377]	eval-rmse:4868.67236
{'MSE - mean': 12213653.115912914, 'MSE - std': 11490315.657764982, 'R2 - mean': 0.9633841104654867, 'R2 - std': 0.001349647519731545}
[0]	eval-rmse:7198.77344
[100]	eval-rmse:3476.99927
[200]	eval-rmse:2616.22998
[229]	eval-rmse:2644.99976
{'MSE - mean': 10467261.111764204, 'MSE - std': 9701443.50123708, 'R2 - mean': 0.883660535380019, 'R2 - std': 0.11275154639487106}
[0]	eval-rmse:25227.43359
[100]	eval-rmse:7281.85400
[200]	eval-rmse:4743.52588
[300]	eval-rmse:4279.98438
[400]	eval-rmse:4163.67480
[500]	eval-rmse:4123.30225
[600]	eval-rmse:4080.87720
[699]	eval-rmse:4076.44385
{'MSE - mean': 12002227.053096745, 'MSE - std': 8812313.307464961, 'R2 - mean': 0.9060758640003548, 'R2 - std': 0.10508103673974198}
[0]	eval-rmse:9654.67285
[100]	eval-rmse:7153.71436
[200]	eval-rmse:6862.94775
[300]	eval-rmse:6790.75098
[400]	eval-rmse:6611.02686
[500]	eval-rmse:6479.07422
[600]	eval-rmse:6405.76074
[700]	eval-rmse:6370.35400
[800]	eval-rmse:6349.39062
[849]	eval-rmse:6347.17627
{'MSE - mean': 17659111.051063918, 'MSE - std': 13788648.91600941, 'R2 - mean': 0.8020761690273774, 'R2 - std': 0.22824847347513294}
Trial 74 finished with value: 17659111.051063918 and parameters: {'max_depth': 2, 'alpha': 0.12918361573054027, 'lambda': 0.07386273543966747, 'eta': 0.016742142105666463}. Best is trial 52 with value: 17402991.3123193.
[0]	eval-rmse:6755.62744
[100]	eval-rmse:1182.73157
[192]	eval-rmse:979.16681
{'MSE - mean': 958009.7338580178, 'MSE - std': 0.0, 'R2 - mean': 0.953292335760878, 'R2 - std': 0.0}
[0]	eval-rmse:25016.80859
[100]	eval-rmse:5177.90820
[151]	eval-rmse:4931.06397
{'MSE - mean': 12636701.380808046, 'MSE - std': 11678691.646950027, 'R2 - mean': 0.9571737545517269, 'R2 - std': 0.0038814187908489672}
[0]	eval-rmse:7135.52197
[100]	eval-rmse:2486.46924
[111]	eval-rmse:2562.65625
{'MSE - mean': 10663190.9088606, 'MSE - std': 9935662.008918483, 'R2 - mean': 0.8829249811242214, 'R2 - std': 0.10505143653879631}
[0]	eval-rmse:24982.34375
[100]	eval-rmse:4682.49121
[198]	eval-rmse:4231.44092
{'MSE - mean': 12473666.06349735, 'MSE - std': 9158138.212719351, 'R2 - mean': 0.9050029258211213, 'R2 - std': 0.09868718338906363}
[0]	eval-rmse:9612.12109
[100]	eval-rmse:6871.68164
[200]	eval-rmse:6589.33594
[300]	eval-rmse:6451.81641
[400]	eval-rmse:6407.16943
[451]	eval-rmse:6401.67578
{'MSE - mean': 18175224.040041745, 'MSE - std': 14040236.816314906, 'R2 - mean': 0.7991001992365853, 'R2 - std': 0.22946214965516498}
Trial 75 finished with value: 18175224.040041745 and parameters: {'max_depth': 3, 'alpha': 0.9482402802296463, 'lambda': 0.025148445317386598, 'eta': 0.02617247727399316}. Best is trial 52 with value: 17402991.3123193.
[0]	eval-rmse:6700.88428
[100]	eval-rmse:1687.35315
[200]	eval-rmse:981.98846
[267]	eval-rmse:977.45929
{'MSE - mean': 954697.0301640329, 'MSE - std': 0.0, 'R2 - mean': 0.9534538462825292, 'R2 - std': 0.0}
[0]	eval-rmse:25084.80664
[100]	eval-rmse:5752.58984
[200]	eval-rmse:4758.12842
[270]	eval-rmse:4725.52197
{'MSE - mean': 11642625.588025752, 'MSE - std': 10687928.55786172, 'R2 - mean': 0.9588440215697576, 'R2 - std': 0.00539017528722846}
[0]	eval-rmse:7087.16406
[100]	eval-rmse:2310.20093
[138]	eval-rmse:2329.49316
{'MSE - mean': 9594213.200075917, 'MSE - std': 9194918.770396149, 'R2 - mean': 0.9001029529453722, 'R2 - std': 0.083188915203214}
[0]	eval-rmse:25051.34375
[100]	eval-rmse:5473.23438
[200]	eval-rmse:4235.27197
[300]	eval-rmse:4119.48340
[343]	eval-rmse:4104.06494
{'MSE - mean': 11406349.758273996, 'MSE - std': 8559288.236314483, 'R2 - mean': 0.9183130446882635, 'R2 - std': 0.0786455277391486}
[0]	eval-rmse:9571.61133
[100]	eval-rmse:6861.70752
[190]	eval-rmse:6780.47852
{'MSE - mean': 18320056.924387433, 'MSE - std': 15805268.716631249, 'R2 - mean': 0.7945294583715763, 'R2 - std': 0.2573666648817952}
Trial 76 finished with value: 18320056.924387433 and parameters: {'max_depth': 2, 'alpha': 0.03222914801506309, 'lambda': 0.649705689790892, 'eta': 0.03619683960637724}. Best is trial 52 with value: 17402991.3123193.
[0]	eval-rmse:6799.31006
[100]	eval-rmse:2470.43335
[200]	eval-rmse:1357.55750
[300]	eval-rmse:928.41779
[400]	eval-rmse:852.91431
[451]	eval-rmse:854.37860
{'MSE - mean': 729342.6329622539, 'MSE - std': 0.0, 'R2 - mean': 0.9644409763160852, 'R2 - std': 0.0}
[0]	eval-rmse:25260.27539
[100]	eval-rmse:7409.55859
[200]	eval-rmse:5170.16650
[300]	eval-rmse:4801.12402
[397]	eval-rmse:4781.68311
{'MSE - mean': 11800676.301643629, 'MSE - std': 11071333.668681376, 'R2 - mean': 0.9639039743639961, 'R2 - std': 0.0005370019520890001}
[0]	eval-rmse:7180.34863
[100]	eval-rmse:3253.04712
[200]	eval-rmse:2473.63916
[219]	eval-rmse:2527.49316
{'MSE - mean': 9996524.881461607, 'MSE - std': 9392880.858895643, 'R2 - mean': 0.8917343954588398, 'R2 - std': 0.1020641390797615}
[0]	eval-rmse:25227.03906
[100]	eval-rmse:7246.81787
[200]	eval-rmse:4693.88428
[300]	eval-rmse:4250.16211
[400]	eval-rmse:4156.74414
[500]	eval-rmse:4111.04053
[534]	eval-rmse:4111.13330
{'MSE - mean': 11722351.123436261, 'MSE - std': 8666319.10181717, 'R2 - mean': 0.9120137066948343, 'R2 - std': 0.09511344677377996}
[0]	eval-rmse:9640.92090
[100]	eval-rmse:7065.45312
[200]	eval-rmse:6831.73730
[300]	eval-rmse:6765.12305
[400]	eval-rmse:6561.87891
[500]	eval-rmse:6458.44727
[600]	eval-rmse:6430.82764
[623]	eval-rmse:6430.48291
{'MSE - mean': 17649797.666264772, 'MSE - std': 14164129.323469747, 'R2 - mean': 0.8035563762669437, 'R2 - std': 0.23300048132982373}
Trial 77 finished with value: 17649797.666264772 and parameters: {'max_depth': 2, 'alpha': 0.008786393301317062, 'lambda': 0.29649783493497883, 'eta': 0.019948277580670477}. Best is trial 52 with value: 17402991.3123193.
[0]	eval-rmse:6825.21973
[100]	eval-rmse:2859.39673
[200]	eval-rmse:1702.94214
[300]	eval-rmse:1050.03589
[400]	eval-rmse:866.72382
[449]	eval-rmse:850.29987
{'MSE - mean': 721752.7890821092, 'MSE - std': 0.0, 'R2 - mean': 0.9648110183595554, 'R2 - std': 0.0}
[0]	eval-rmse:25298.75195
[100]	eval-rmse:8099.36279
[200]	eval-rmse:5418.27539
[300]	eval-rmse:4905.92383
[399]	eval-rmse:4841.80811
{'MSE - mean': 12077296.781290691, 'MSE - std': 11355543.992208581, 'R2 - mean': 0.9636398671650024, 'R2 - std': 0.0011711511945530773}
[0]	eval-rmse:7204.89746
[100]	eval-rmse:3571.00269
[200]	eval-rmse:2638.91797
[238]	eval-rmse:2626.38306
{'MSE - mean': 10343070.18109628, 'MSE - std': 9590655.349920914, 'R2 - mean': 0.885147271624977, 'R2 - std': 0.11100941179002376}
[0]	eval-rmse:25265.56250
[100]	eval-rmse:7955.96143
[200]	eval-rmse:4957.16211
[300]	eval-rmse:4342.07324
[400]	eval-rmse:4199.20752
[500]	eval-rmse:4143.20166
[600]	eval-rmse:4096.15478
[700]	eval-rmse:4074.65796
[726]	eval-rmse:4079.83423
{'MSE - mean': 11918564.820284305, 'MSE - std': 8742542.685343642, 'R2 - mean': 0.9071756856962778, 'R2 - std': 0.10343147591021484}
[0]	eval-rmse:9659.24707
[100]	eval-rmse:7192.43359
[200]	eval-rmse:6889.08691
[300]	eval-rmse:6789.63770
[400]	eval-rmse:6676.03760
[500]	eval-rmse:6522.60205
[600]	eval-rmse:6437.62549
[700]	eval-rmse:6388.74902
[800]	eval-rmse:6358.98877
[900]	eval-rmse:6343.50635
[930]	eval-rmse:6344.13672
{'MSE - mean': 17588273.683078058, 'MSE - std': 13774180.064142207, 'R2 - mean': 0.8030155734786885, 'R2 - std': 0.22793808825182232}
Trial 78 finished with value: 17588273.683078058 and parameters: {'max_depth': 2, 'alpha': 0.06688183582706592, 'lambda': 0.11993957353887826, 'eta': 0.01567810136788827}. Best is trial 52 with value: 17402991.3123193.
[0]	eval-rmse:6829.07422
[100]	eval-rmse:2930.17383
[200]	eval-rmse:1705.97266
[300]	eval-rmse:1046.05530
[400]	eval-rmse:867.08490
[491]	eval-rmse:850.20856
{'MSE - mean': 721961.252159637, 'MSE - std': 0.0, 'R2 - mean': 0.9648008547640434, 'R2 - std': 0.0}
[0]	eval-rmse:25275.92188
[100]	eval-rmse:7706.01367
[200]	eval-rmse:5318.10254
[300]	eval-rmse:4931.05566
[400]	eval-rmse:4884.82861
[406]	eval-rmse:4880.55713
{'MSE - mean': 12270899.991862806, 'MSE - std': 11548938.73970317, 'R2 - mean': 0.9633248671114221, 'R2 - std': 0.0014759876526213023}
[0]	eval-rmse:7208.55029
[100]	eval-rmse:3631.55493
[200]	eval-rmse:2681.65576
[253]	eval-rmse:2635.29346
{'MSE - mean': 10495523.593956944, 'MSE - std': 9758205.78030409, 'R2 - mean': 0.8840125913330024, 'R2 - std': 0.11217097012152774}
[0]	eval-rmse:25242.68555
[100]	eval-rmse:7563.03516
[200]	eval-rmse:4858.52832
[300]	eval-rmse:4318.54834
[400]	eval-rmse:4193.80176
[500]	eval-rmse:4148.70068
[600]	eval-rmse:4119.81250
[700]	eval-rmse:4089.64966
[758]	eval-rmse:4087.69067
{'MSE - mean': 12048946.273072688, 'MSE - std': 8868838.768296756, 'R2 - mean': 0.9062989061344475, 'R2 - std': 0.10453126032814702}
[0]	eval-rmse:9661.97656
[100]	eval-rmse:7216.40723
[200]	eval-rmse:6898.34082
[300]	eval-rmse:6791.63184
[400]	eval-rmse:6648.21143
[500]	eval-rmse:6507.15186
[600]	eval-rmse:6421.33643
[700]	eval-rmse:6374.97217
[800]	eval-rmse:6344.55176
[876]	eval-rmse:6337.41992
{'MSE - mean': 17671736.088566124, 'MSE - std': 13761834.983580556, 'R2 - mean': 0.8026317697002305, 'R2 - std': 0.22743994419299987}
Trial 79 finished with value: 17671736.088566124 and parameters: {'max_depth': 2, 'alpha': 0.016463248320634994, 'lambda': 2.761249685992053e-06, 'eta': 0.015042378465499443}. Best is trial 52 with value: 17402991.3123193.
[0]	eval-rmse:6829.19629
[100]	eval-rmse:1886.03943
[200]	eval-rmse:696.33154
[300]	eval-rmse:525.49310
[328]	eval-rmse:526.85718
{'MSE - mean': 277591.73209973355, 'MSE - std': 0.0, 'R2 - mean': 0.9864660441744612, 'R2 - std': 0.0}
[0]	eval-rmse:25462.80664
[100]	eval-rmse:13273.94531
[200]	eval-rmse:8208.01074
[300]	eval-rmse:6388.34180
[400]	eval-rmse:5955.52881
[500]	eval-rmse:5887.59961
[536]	eval-rmse:5887.81348
{'MSE - mean': 17471970.438722342, 'MSE - std': 17194378.706622608, 'R2 - mean': 0.9654712878481424, 'R2 - std': 0.02099475632631881}
[0]	eval-rmse:7207.39209
[100]	eval-rmse:3161.12573
[139]	eval-rmse:3157.68091
{'MSE - mean': 14979036.651927574, 'MSE - std': 14475054.765648514, 'R2 - mean': 0.8452633486473392, 'R2 - std': 0.17086178768020543}
[0]	eval-rmse:25430.06641
[100]	eval-rmse:13054.97656
[200]	eval-rmse:7526.97754
[300]	eval-rmse:5291.36279
[400]	eval-rmse:4547.93408
[500]	eval-rmse:4329.87451
[600]	eval-rmse:4269.28174
[700]	eval-rmse:4252.09570
[800]	eval-rmse:4248.48682
[900]	eval-rmse:4246.94629
[999]	eval-rmse:4246.14600
{'MSE - mean': 15741716.093650486, 'MSE - std': 12605175.430904292, 'R2 - mean': 0.8767066359741229, 'R2 - std': 0.15767483572434987}
[0]	eval-rmse:9662.20508
[100]	eval-rmse:7016.26416
[200]	eval-rmse:6680.87598
[300]	eval-rmse:6584.54980
[400]	eval-rmse:6544.16455
[500]	eval-rmse:6522.90625
[600]	eval-rmse:6511.96582
[700]	eval-rmse:6506.33252
[800]	eval-rmse:6504.00147
[900]	eval-rmse:6503.24414
[980]	eval-rmse:6503.21533
{'MSE - mean': 21051733.652720533, 'MSE - std': 15488624.988217236, 'R2 - mean': 0.7724695253499306, 'R2 - std': 0.2516954190717045}
Trial 80 finished with value: 21051733.652720533 and parameters: {'max_depth': 8, 'alpha': 0.07257498630308067, 'lambda': 0.9831495988313927, 'eta': 0.013506326121770735}. Best is trial 52 with value: 17402991.3123193.
[0]	eval-rmse:6844.90527
[100]	eval-rmse:2470.84863
[200]	eval-rmse:1272.56616
[300]	eval-rmse:1063.79309
[400]	eval-rmse:1046.75122
[415]	eval-rmse:1047.01685
{'MSE - mean': 1096244.396289, 'MSE - std': 0.0, 'R2 - mean': 0.9465527192717708, 'R2 - std': 0.0}
[0]	eval-rmse:25407.63477
[100]	eval-rmse:10983.14062
[200]	eval-rmse:6874.63623
[300]	eval-rmse:6198.15478
[396]	eval-rmse:6153.85010
{'MSE - mean': 19483058.988464426, 'MSE - std': 18386814.592175428, 'R2 - mean': 0.9429491578412664, 'R2 - std': 0.0036035614305043318}
[0]	eval-rmse:7221.78418
[100]	eval-rmse:3082.63574
[194]	eval-rmse:2638.54199
{'MSE - mean': 15310691.668209603, 'MSE - std': 16130734.598118927, 'R2 - mean': 0.8701495346589235, 'R2 - std': 0.10299624932153852}
[0]	eval-rmse:25375.09375
[100]	eval-rmse:10609.94434
[200]	eval-rmse:5812.96436
[300]	eval-rmse:4677.05811
[400]	eval-rmse:4475.71826
[500]	eval-rmse:4445.41309
[600]	eval-rmse:4439.92188
[700]	eval-rmse:4438.08496
[800]	eval-rmse:4437.73975
[861]	eval-rmse:4437.47705
{'MSE - mean': 16405819.106368471, 'MSE - std': 14097814.061890533, 'R2 - mean': 0.8947040267432571, 'R2 - std': 0.09881770982616013}
[0]	eval-rmse:9673.25000
[100]	eval-rmse:7207.16650
[200]	eval-rmse:6867.03906
[300]	eval-rmse:6815.26123
[400]	eval-rmse:6796.85156
[500]	eval-rmse:6790.90820
[600]	eval-rmse:6788.43994
[700]	eval-rmse:6786.95459
[800]	eval-rmse:6786.56152
[900]	eval-rmse:6786.41113
[999]	eval-rmse:6786.29688
{'MSE - mean': 22335419.91575613, 'MSE - std': 17310093.936593004, 'R2 - mean': 0.7754016603024598, 'R2 - std': 0.2544487578545567}
