Trial 59 finished with value: 809973.173580788 and parameters: {'max_depth': 8, 'alpha': 0.01130093421343104, 'lambda': 0.09863573567032106, 'eta': 0.13016414496209278}. Best is trial 54 with value: 708106.5345282722.
[0]	train-rmse:28459.36133	eval-rmse:31027.39648
[75]	train-rmse:209.82103	eval-rmse:999.47205
Saved Losses
{'MSE - mean': 998944.3823605025, 'MSE - std': 0.0, 'R2 - mean': 0.9988944336452004, 'R2 - std': 0.0} 
 

[0]	train-rmse:29369.60547	eval-rmse:27427.53320
[95]	train-rmse:173.45703	eval-rmse:866.37506
Saved Losses
{'MSE - mean': 874775.0428919154, 'MSE - std': 124169.33946858702, 'R2 - mean': 0.9989486348416599, 'R2 - std': 5.4201196459435774e-05} 
 

[0]	train-rmse:29773.47266	eval-rmse:25628.18555
[100]	train-rmse:177.98358	eval-rmse:811.75763
[111]	train-rmse:160.03290	eval-rmse:810.90363
Saved Losses
{'MSE - mean': 802780.098127726, 'MSE - std': 143684.4716241373, 'R2 - mean': 0.9989743956280854, 'R2 - std': 5.732145642147372e-05} 
 

[0]	train-rmse:28539.16406	eval-rmse:30736.21484
[85]	train-rmse:211.17404	eval-rmse:881.93219
Saved Losses
{'MSE - mean': 796731.8564876477, 'MSE - std': 124874.59397427873, 'R2 - mean': 0.999012943081856, 'R2 - std': 8.319874158467865e-05} 
 

[0]	train-rmse:28793.39648	eval-rmse:29770.35938
[100]	train-rmse:159.00557	eval-rmse:757.69727
[110]	train-rmse:144.03059	eval-rmse:758.13238
Saved Losses
{'MSE - mean': 752338.4230326371, 'MSE - std': 142681.60046723127, 'R2 - mean': 0.9990754196861484, 'R2 - std': 0.0001454335890249112} 
 

Results After CV: {'MSE - mean': 752338.4230326371, 'MSE - std': 142681.60046723127, 'R2 - mean': 0.9990754196861484, 'R2 - std': 0.0001454335890249112}
Train time: 0.6304225112000154
Inference time: 0.011934195400010594
Finished cross validation
Trial 60 finished with value: 752338.4230326371 and parameters: {'max_depth': 6, 'alpha': 8.243680469098276e-05, 'lambda': 0.2986997706285364, 'eta': 0.1012557116228244}. Best is trial 54 with value: 708106.5345282722.
[0]	train-rmse:27977.91797	eval-rmse:30502.46680
[71]	train-rmse:49.26763	eval-rmse:1047.95557
Saved Losses
{'MSE - mean': 1098210.8549476005, 'MSE - std': 0.0, 'R2 - mean': 0.998784572001059, 'R2 - std': 0.0} 
 

[0]	train-rmse:28871.57031	eval-rmse:26963.10547
[82]	train-rmse:48.49069	eval-rmse:861.16382
Saved Losses
{'MSE - mean': 919687.279287365, 'MSE - std': 178523.57566023542, 'R2 - mean': 0.9988999757691122, 'R2 - std': 0.00011540376805313501} 
 

[0]	train-rmse:29268.48828	eval-rmse:25194.13672
[100]	train-rmse:30.13151	eval-rmse:869.52063
[102]	train-rmse:27.91265	eval-rmse:869.76837
Saved Losses
{'MSE - mean': 865290.5281615345, 'MSE - std': 164818.4590504605, 'R2 - mean': 0.9988938000307201, 'R2 - std': 9.463068182826034e-05} 
 

[0]	train-rmse:28056.19336	eval-rmse:30216.37305
[84]	train-rmse:48.85114	eval-rmse:901.40875
Saved Losses
{'MSE - mean': 852181.1539898948, 'MSE - std': 144531.69343207186, 'R2 - mean': 0.9989429085667554, 'R2 - std': 0.00011811506843771867} 
 

[0]	train-rmse:28305.76562	eval-rmse:29267.11523
[100]	train-rmse:20.15774	eval-rmse:781.63238
[177]	train-rmse:1.34298	eval-rmse:781.05066
Saved Losses
{'MSE - mean': 803751.6695000913, 'MSE - std': 161533.8608368734, 'R2 - mean': 0.9990111121283208, 'R2 - std': 0.00017253358732291285} 
 

Results After CV: {'MSE - mean': 803751.6695000913, 'MSE - std': 161533.8608368734, 'R2 - mean': 0.9990111121283208, 'R2 - std': 0.00017253358732291285}
Train time: 1.9219003911999948
Inference time: 0.021096423799986042
Finished cross validation
Trial 61 finished with value: 803751.6695000913 and parameters: {'max_depth': 10, 'alpha': 0.1780204435178794, 'lambda': 0.9739825610533123, 'eta': 0.11695423327727476}. Best is trial 54 with value: 708106.5345282722.
[0]	train-rmse:26792.13281	eval-rmse:29208.52930
[61]	train-rmse:36.51353	eval-rmse:1004.51489
Saved Losses
{'MSE - mean': 1009050.1575104411, 'MSE - std': 0.0, 'R2 - mean': 0.9988832492337434, 'R2 - std': 0.0} 
 

[0]	train-rmse:27648.11719	eval-rmse:25822.08984
[56]	train-rmse:63.55776	eval-rmse:897.46771
Saved Losses
{'MSE - mean': 907249.2123163918, 'MSE - std': 101800.94519404933, 'R2 - mean': 0.9989066140371021, 'R2 - std': 2.3364803358738584e-05} 
 

[0]	train-rmse:28028.54883	eval-rmse:24128.70703
[100]	train-rmse:7.45994	eval-rmse:847.31226
[102]	train-rmse:6.62993	eval-rmse:847.30151
Saved Losses
{'MSE - mean': 844139.4379412429, 'MSE - std': 121961.64235105074, 'R2 - mean': 0.9989172388415474, 'R2 - std': 2.4284061226713014e-05} 
 

[0]	train-rmse:26867.13281	eval-rmse:28936.49609
[74]	train-rmse:18.67757	eval-rmse:887.59979
Saved Losses
{'MSE - mean': 830062.9297244294, 'MSE - std': 108399.38147636394, 'R2 - mean': 0.9989674883257241, 'R2 - std': 8.95394812489695e-05} 
 

[0]	train-rmse:27106.16992	eval-rmse:28027.04883
[100]	train-rmse:6.22417	eval-rmse:850.79150
[161]	train-rmse:0.38560	eval-rmse:850.61645
Saved Losses
{'MSE - mean': 808759.2472960902, 'MSE - std': 105904.33543343126, 'R2 - mean': 0.999004127546765, 'R2 - std': 0.00010855222262038216} 
 

Results After CV: {'MSE - mean': 808759.2472960902, 'MSE - std': 105904.33543343126, 'R2 - mean': 0.999004127546765, 'R2 - std': 0.00010855222262038216}
Train time: 1.5229170270000167
Inference time: 0.016303672400010783
Finished cross validation
Trial 62 finished with value: 808759.2472960902 and parameters: {'max_depth': 9, 'alpha': 0.1341064890777051, 'lambda': 0.43550662724280004, 'eta': 0.1541537672941096}. Best is trial 54 with value: 708106.5345282722.
[0]	train-rmse:28626.67383	eval-rmse:31210.17383
[85]	train-rmse:41.39443	eval-rmse:1053.88281
Saved Losses
{'MSE - mean': 1110668.8311237649, 'MSE - std': 0.0, 'R2 - mean': 0.9987707843272381, 'R2 - std': 0.0} 
 

[0]	train-rmse:29542.19922	eval-rmse:27589.16992
[100]	train-rmse:41.86422	eval-rmse:914.50696
[121]	train-rmse:20.29341	eval-rmse:914.48511
Saved Losses
{'MSE - mean': 973475.9231674806, 'MSE - std': 137192.90795628424, 'R2 - mean': 0.9988298999252185, 'R2 - std': 5.9115597980441414e-05} 
 

[0]	train-rmse:29948.77539	eval-rmse:25778.99023
[100]	train-rmse:41.69922	eval-rmse:873.32636
[105]	train-rmse:37.56271	eval-rmse:873.76337
Saved Losses
{'MSE - mean': 903509.1748854807, 'MSE - std': 149461.10216144688, 'R2 - mean': 0.9988435939854104, 'R2 - std': 5.2007921051839444e-05} 
 

[0]	train-rmse:28706.73047	eval-rmse:30917.11719
[91]	train-rmse:36.84589	eval-rmse:920.43274
Saved Losses
{'MSE - mean': 889518.7437644583, 'MSE - std': 131685.84693634338, 'R2 - mean': 0.9988955463133453, 'R2 - std': 0.00010062679077997601} 
 

[0]	train-rmse:28962.55273	eval-rmse:29946.17188
[100]	train-rmse:36.27124	eval-rmse:808.51727
[200]	train-rmse:2.76738	eval-rmse:807.01508
[218]	train-rmse:1.84990	eval-rmse:807.02356
Saved Losses
{'MSE - mean': 841872.3229538018, 'MSE - std': 151504.63851294562, 'R2 - mean': 0.9989635375760504, 'R2 - std': 0.00016307007093573366} 
 

Results After CV: {'MSE - mean': 841872.3229538018, 'MSE - std': 151504.63851294562, 'R2 - mean': 0.9989635375760504, 'R2 - std': 0.00016307007093573366}
Train time: 1.8567542559999992
Inference time: 0.02087143680000736
Finished cross validation
Trial 63 finished with value: 841872.3229538018 and parameters: {'max_depth': 9, 'alpha': 0.4364518827420837, 'lambda': 0.17999684399381297, 'eta': 0.09587385774689862}. Best is trial 54 with value: 708106.5345282722.
[0]	train-rmse:29466.94922	eval-rmse:32126.49023
[100]	train-rmse:227.56999	eval-rmse:1003.00617
[117]	train-rmse:194.46123	eval-rmse:1007.72864
Saved Losses
{'MSE - mean': 1016360.8789280229, 'MSE - std': 0.0, 'R2 - mean': 0.9988751582050822, 'R2 - std': 0.0} 
 

[0]	train-rmse:30409.47461	eval-rmse:28397.86523
[100]	train-rmse:295.77966	eval-rmse:871.76770
[130]	train-rmse:231.84329	eval-rmse:871.09973
Saved Losses
{'MSE - mean': 887587.8163590063, 'MSE - std': 128773.06256901659, 'R2 - mean': 0.9989335443458294, 'R2 - std': 5.838614074715753e-05} 
 

[0]	train-rmse:30827.68164	eval-rmse:26533.96680
[100]	train-rmse:292.31125	eval-rmse:838.40723
[138]	train-rmse:203.74499	eval-rmse:831.87707
Saved Losses
{'MSE - mean': 822408.252768604, 'MSE - std': 139827.57995214392, 'R2 - mean': 0.9989479431600797, 'R2 - std': 5.183897495646575e-05} 
 

[0]	train-rmse:29549.54297	eval-rmse:31823.99219
[100]	train-rmse:283.04578	eval-rmse:828.63892
[122]	train-rmse:232.80681	eval-rmse:830.23175
Saved Losses
{'MSE - mean': 788898.3291033739, 'MSE - std': 134285.36420103098, 'R2 - mean': 0.9990183474624207, 'R2 - std': 0.00012994520713638117} 
 

[0]	train-rmse:29812.74609	eval-rmse:30824.70312
[100]	train-rmse:230.51769	eval-rmse:760.03546
[200]	train-rmse:90.79890	eval-rmse:745.40137
[229]	train-rmse:77.10925	eval-rmse:745.50537
Saved Losses
{'MSE - mean': 742274.3114658622, 'MSE - std': 152056.71084675894, 'R2 - mean': 0.9990842005489929, 'R2 - std': 0.0001756562595824441} 
 

Results After CV: {'MSE - mean': 742274.3114658622, 'MSE - std': 152056.71084675894, 'R2 - mean': 0.9990842005489929, 'R2 - std': 0.0001756562595824441}
Train time: 0.8635925413999985
Inference time: 0.011595029599982353
Finished cross validation
Trial 64 finished with value: 742274.3114658622 and parameters: {'max_depth': 6, 'alpha': 0.07178432313050943, 'lambda': 0.37413941727467387, 'eta': 0.06938473399790757}. Best is trial 54 with value: 708106.5345282722.
[0]	train-rmse:29157.35352	eval-rmse:31788.89258
[100]	train-rmse:116.86988	eval-rmse:1008.71002
[104]	train-rmse:111.61723	eval-rmse:1009.69403
Saved Losses
{'MSE - mean': 1020156.1368401506, 'MSE - std': 0.0, 'R2 - mean': 0.9988709578616702, 'R2 - std': 0.0} 
 

[0]	train-rmse:30090.10547	eval-rmse:28099.92383
[100]	train-rmse:145.12448	eval-rmse:872.48438
[112]	train-rmse:125.82127	eval-rmse:871.52032
Saved Losses
{'MSE - mean': 889851.8654849792, 'MSE - std': 130304.27135517134, 'R2 - mean': 0.9989309573925993, 'R2 - std': 5.999953092900023e-05} 
 

[0]	train-rmse:30504.17578	eval-rmse:26256.03125
[100]	train-rmse:139.69528	eval-rmse:835.11993
[125]	train-rmse:95.79664	eval-rmse:836.62549
Saved Losses
{'MSE - mean': 826512.5252394519, 'MSE - std': 139079.879210038, 'R2 - mean': 0.9989423817133539, 'R2 - std': 5.158481059262271e-05} 
 

[0]	train-rmse:29239.08398	eval-rmse:31489.98438
[100]	train-rmse:122.00987	eval-rmse:928.86114
[121]	train-rmse:93.02344	eval-rmse:930.15198
Saved Losses
{'MSE - mean': 836180.0722253349, 'MSE - std': 121605.07388666741, 'R2 - mean': 0.9989647026504357, 'R2 - std': 5.9079752957555566e-05} 
 

[0]	train-rmse:29499.61523	eval-rmse:30501.10938
[100]	train-rmse:122.12961	eval-rmse:754.88971
[133]	train-rmse:78.86297	eval-rmse:755.16187
Saved Losses
{'MSE - mean': 782997.9506506, 'MSE - std': 152130.1660314121, 'R2 - mean': 0.9990378826636268, 'R2 - std': 0.00015560716914804053} 
 

Results After CV: {'MSE - mean': 782997.9506506, 'MSE - std': 152130.1660314121, 'R2 - mean': 0.9990378826636268, 'R2 - std': 0.00015560716914804053}
Train time: 0.969416048000005
Inference time: 0.013567177599998103
Finished cross validation
Trial 65 finished with value: 782997.9506506 and parameters: {'max_depth': 7, 'alpha': 0.023874244614323345, 'lambda': 0.07674830665351068, 'eta': 0.0790428096204094}. Best is trial 54 with value: 708106.5345282722.
[0]	train-rmse:25784.34375	eval-rmse:28108.61523
[45]	train-rmse:283.39108	eval-rmse:987.58209
Saved Losses
{'MSE - mean': 981540.2680325264, 'MSE - std': 0.0, 'R2 - mean': 0.998913695381465, 'R2 - std': 0.0} 
 

[0]	train-rmse:26608.92383	eval-rmse:24851.39258
[73]	train-rmse:211.34792	eval-rmse:870.29352
Saved Losses
{'MSE - mean': 869475.5438362034, 'MSE - std': 112064.72419632296, 'R2 - mean': 0.9989537454825832, 'R2 - std': 4.005010111818308e-05} 
 

[0]	train-rmse:26975.02930	eval-rmse:23223.67578
[52]	train-rmse:244.13554	eval-rmse:828.35864
Saved Losses
{'MSE - mean': 808665.5539410616, 'MSE - std': 125570.87513257127, 'R2 - mean': 0.9989638766571526, 'R2 - std': 3.570184583509555e-05} 
 

[0]	train-rmse:25856.81641	eval-rmse:27847.82031
[55]	train-rmse:253.45525	eval-rmse:878.15283
Saved Losses
{'MSE - mean': 798897.8981226686, 'MSE - std': 110055.68959272213, 'R2 - mean': 0.9990075699287506, 'R2 - std': 8.1751283144934e-05} 
 

[0]	train-rmse:26087.08008	eval-rmse:26972.17578
[100]	train-rmse:126.13405	eval-rmse:757.72412
[110]	train-rmse:110.08580	eval-rmse:758.05505
Saved Losses
{'MSE - mean': 754047.82666132, 'MSE - std': 133176.27224748398, 'R2 - mean': 0.9990711486660373, 'R2 - std': 0.0001466821092587147} 
 

Results After CV: {'MSE - mean': 754047.82666132, 'MSE - std': 133176.27224748398, 'R2 - mean': 0.9990711486660373, 'R2 - std': 0.0001466821092587147}
Train time: 0.48255049700001107
Inference time: 0.04872110019999809
Finished cross validation
Trial 66 finished with value: 754047.82666132 and parameters: {'max_depth': 5, 'alpha': 0.1076870180835515, 'lambda': 0.03099360971116059, 'eta': 0.18567252780412488}. Best is trial 54 with value: 708106.5345282722.
[0]	train-rmse:27145.07227	eval-rmse:29593.11914
[58]	train-rmse:287.80951	eval-rmse:1023.64618
Saved Losses
{'MSE - mean': 1047851.5682446387, 'MSE - std': 0.0, 'R2 - mean': 0.9988403063682707, 'R2 - std': 0.0} 
 

[0]	train-rmse:28013.07812	eval-rmse:26161.58984
[71]	train-rmse:284.04675	eval-rmse:842.03931
Saved Losses
{'MSE - mean': 878130.5272815072, 'MSE - std': 169721.04096313159, 'R2 - mean': 0.9989495995986847, 'R2 - std': 0.00010929323041397598} 
 

[0]	train-rmse:28398.39453	eval-rmse:24446.50391
[80]	train-rmse:228.83626	eval-rmse:844.64746
Saved Losses
{'MSE - mean': 823230.1419077461, 'MSE - std': 158844.5543881846, 'R2 - mean': 0.9989481090992509, 'R2 - std': 8.926244070159361e-05} 
 

[0]	train-rmse:27221.16797	eval-rmse:29316.90430
[65]	train-rmse:279.42047	eval-rmse:850.52808
Saved Losses
{'MSE - mean': 798079.4402951202, 'MSE - std': 144296.11123972718, 'R2 - mean': 0.9990088860926596, 'R2 - std': 0.00013060385244469057} 
 

[0]	train-rmse:27463.66406	eval-rmse:28395.10742
[100]	train-rmse:168.00110	eval-rmse:755.68018
[149]	train-rmse:100.07833	eval-rmse:747.51038
Saved Losses
{'MSE - mean': 750217.901947693, 'MSE - std': 160686.03420040957, 'R2 - mean': 0.9990759286815963, 'R2 - std': 0.00017783342752166845} 
 

Results After CV: {'MSE - mean': 750217.901947693, 'MSE - std': 160686.03420040957, 'R2 - mean': 0.9990759286815963, 'R2 - std': 0.00017783342752166845}
Train time: 0.4987012347999894
Inference time: 0.04101765179998438
Finished cross validation
Trial 67 finished with value: 750217.901947693 and parameters: {'max_depth': 5, 'alpha': 0.26889390268315283, 'lambda': 0.17854853162201678, 'eta': 0.14277915949056763}. Best is trial 54 with value: 708106.5345282722.
[0]	train-rmse:27890.80078	eval-rmse:30407.40625
[68]	train-rmse:45.20831	eval-rmse:997.07916
Saved Losses
{'MSE - mean': 993033.0265731531, 'MSE - std': 0.0, 'R2 - mean': 0.9989009759474398, 'R2 - std': 0.0} 
 

[0]	train-rmse:28781.97461	eval-rmse:26879.84375
[67]	train-rmse:65.49586	eval-rmse:888.39532
Saved Losses
{'MSE - mean': 891139.6380355656, 'MSE - std': 101893.38853758742, 'R2 - mean': 0.9989262394145498, 'R2 - std': 2.5263467110070437e-05} 
 

[0]	train-rmse:29177.76562	eval-rmse:25116.03125
[100]	train-rmse:16.55545	eval-rmse:877.73633
[140]	train-rmse:2.99493	eval-rmse:877.24634
Saved Losses
{'MSE - mean': 850613.4941108563, 'MSE - std': 101025.96251093244, 'R2 - mean': 0.9989048702577631, 'R2 - std': 3.658930040103382e-05} 
 

[0]	train-rmse:27968.86914	eval-rmse:30122.53320
[83]	train-rmse:26.47873	eval-rmse:914.88123
Saved Losses
{'MSE - mean': 847212.0327256352, 'MSE - std': 87689.18772922178, 'R2 - mean': 0.9989444526213034, 'R2 - std': 7.55273009461292e-05} 
 

[0]	train-rmse:28217.63477	eval-rmse:29176.14453
[92]	train-rmse:23.94371	eval-rmse:802.91461
Saved Losses
{'MSE - mean': 806703.9878137091, 'MSE - std': 112761.34854654333, 'R2 - mean': 0.9990042155550369, 'R2 - std': 0.0001372950528765236} 
 

Results After CV: {'MSE - mean': 806703.9878137091, 'MSE - std': 112761.34854654333, 'R2 - mean': 0.9990042155550369, 'R2 - std': 0.0001372950528765236}
Train time: 1.6640853730000003
Inference time: 0.050412396399997304
Finished cross validation
Trial 68 finished with value: 806703.9878137091 and parameters: {'max_depth': 10, 'alpha': 0.4417995958848245, 'lambda': 0.6830339630805657, 'eta': 0.11951644654141254}. Best is trial 54 with value: 708106.5345282722.
[0]	train-rmse:28571.86133	eval-rmse:31149.69141
[83]	train-rmse:475.66409	eval-rmse:942.03467
Saved Losses
{'MSE - mean': 887429.3346986454, 'MSE - std': 0.0, 'R2 - mean': 0.9990178512117095, 'R2 - std': 0.0} 
 

[0]	train-rmse:29484.71289	eval-rmse:27534.61914
[100]	train-rmse:477.38794	eval-rmse:811.37189
[105]	train-rmse:469.66452	eval-rmse:810.39722
Saved Losses
{'MSE - mean': 771932.8267982346, 'MSE - std': 115496.50790041086, 'R2 - mean': 0.9990728946527929, 'R2 - std': 5.5043441083424405e-05} 
 

[0]	train-rmse:29889.78320	eval-rmse:25727.68164
[100]	train-rmse:472.12351	eval-rmse:866.99780
[162]	train-rmse:363.50455	eval-rmse:857.72730
Saved Losses
{'MSE - mean': 759853.9245221694, 'MSE - std': 95837.16390410652, 'R2 - mean': 0.9990193313133369, 'R2 - std': 8.807903423382749e-05} 
 

[0]	train-rmse:28651.82617	eval-rmse:30856.89453
[100]	train-rmse:458.48145	eval-rmse:835.48480
[101]	train-rmse:455.98822	eval-rmse:835.45264
Saved Losses
{'MSE - mean': 744288.4039680501, 'MSE - std': 87266.41839361265, 'R2 - mean': 0.9990693078436903, 'R2 - std': 0.00011537503179699158} 
 

[0]	train-rmse:28906.78516	eval-rmse:29887.48047
[100]	train-rmse:445.78470	eval-rmse:748.50958
[154]	train-rmse:354.93573	eval-rmse:739.60815
Saved Losses
{'MSE - mean': 704821.4517472989, 'MSE - std': 111008.57396516483, 'R2 - mean': 0.9991270405630281, 'R2 - std': 0.00015485924544023075} 
 

Results After CV: {'MSE - mean': 704821.4517472989, 'MSE - std': 111008.57396516483, 'R2 - mean': 0.9991270405630281, 'R2 - std': 0.00015485924544023075}
Train time: 0.4619321467999953
Inference time: 0.008862973800012242
Finished cross validation
Trial 69 finished with value: 704821.4517472989 and parameters: {'max_depth': 4, 'alpha': 0.042946134614512715, 'lambda': 0.9851950976619857, 'eta': 0.09811220810071773}. Best is trial 69 with value: 704821.4517472989.
[0]	train-rmse:23025.11914	eval-rmse:25100.09180
[37]	train-rmse:40.87888	eval-rmse:1100.90308
Saved Losses
{'MSE - mean': 1211987.5550935012, 'MSE - std': 0.0, 'R2 - mean': 0.9986586513853944, 'R2 - std': 0.0} 
 

[0]	train-rmse:23760.28125	eval-rmse:22194.48828
[57]	train-rmse:14.45430	eval-rmse:946.66071
Saved Losses
{'MSE - mean': 1054327.2631395455, 'MSE - std': 157660.29195395566, 'R2 - mean': 0.9987337240436576, 'R2 - std': 7.507265826306453e-05} 
 

[0]	train-rmse:24087.39844	eval-rmse:20743.14844
[69]	train-rmse:7.73973	eval-rmse:869.48407
Saved Losses
{'MSE - mean': 954885.6978946944, 'MSE - std': 190652.63763197616, 'R2 - mean': 0.9987832092480972, 'R2 - std': 9.303139396273015e-05} 
 

[0]	train-rmse:23089.41016	eval-rmse:24869.89453
[53]	train-rmse:16.66118	eval-rmse:912.46765
Saved Losses
{'MSE - mean': 924313.5772842907, 'MSE - std': 173393.43947472016, 'R2 - mean': 0.9988544409313357, 'R2 - std': 0.0001473532771538241} 
 

[0]	train-rmse:23294.93359	eval-rmse:24086.11523
[44]	train-rmse:25.98099	eval-rmse:790.21405
Saved Losses
{'MSE - mean': 864302.3139544837, 'MSE - std': 196106.18243200926, 'R2 - mean': 0.9989369988295376, 'R2 - std': 0.00021126669603257432} 
 

Results After CV: {'MSE - mean': 864302.3139544837, 'MSE - std': 196106.18243200926, 'R2 - mean': 0.9989369988295376, 'R2 - std': 0.00021126669603257432}
Train time: 0.7638886139999954
Inference time: 0.012284316000000217
Finished cross validation
Trial 70 finished with value: 864302.3139544837 and parameters: {'max_depth': 8, 'alpha': 0.009049230808916564, 'lambda': 0.28592973365813423, 'eta': 0.2732823698183172}. Best is trial 69 with value: 704821.4517472989.
[0]	train-rmse:28567.92773	eval-rmse:31145.39648
[83]	train-rmse:465.99954	eval-rmse:954.09033
Saved Losses
{'MSE - mean': 910288.3033429283, 'MSE - std': 0.0, 'R2 - mean': 0.9989925523991982, 'R2 - std': 0.0} 
 

[0]	train-rmse:29481.09570	eval-rmse:27531.30859
[100]	train-rmse:443.41870	eval-rmse:798.34045
[173]	train-rmse:323.61145	eval-rmse:785.96649
Saved Losses
{'MSE - mean': 764034.7479459393, 'MSE - std': 146253.555396989, 'R2 - mean': 0.9990859215095614, 'R2 - std': 9.336911036328388e-05} 
 

[0]	train-rmse:29886.27930	eval-rmse:25724.71094
[100]	train-rmse:450.33435	eval-rmse:868.36755
[146]	train-rmse:378.49164	eval-rmse:855.93939
Saved Losses
{'MSE - mean': 754029.4086603177, 'MSE - std': 120250.91242598076, 'R2 - mean': 0.999028842610338, 'R2 - std': 0.00011103090554647292} 
 

[0]	train-rmse:28647.90039	eval-rmse:30852.69727
[80]	train-rmse:497.89673	eval-rmse:869.45911
Saved Losses
{'MSE - mean': 754511.8494850355, 'MSE - std': 104143.69737007005, 'R2 - mean': 0.9990601097657895, 'R2 - std': 0.00011035760744025797} 
 

[0]	train-rmse:28902.94336	eval-rmse:29883.56055
[100]	train-rmse:425.40182	eval-rmse:763.33179
[148]	train-rmse:351.16312	eval-rmse:760.68970
Saved Losses
{'MSE - mean': 719339.2437599901, 'MSE - std': 116726.93149177259, 'R2 - mean': 0.9991122411741351, 'R2 - std': 0.00014357498445184574} 
 

Results After CV: {'MSE - mean': 719339.2437599901, 'MSE - std': 116726.93149177259, 'R2 - mean': 0.9991122411741351, 'R2 - std': 0.00014357498445184574}
Train time: 0.4796384708000005
Inference time: 0.009544946200014693
Finished cross validation
