Trial 81 finished with value: 4.57446173906219 and parameters: {'max_depth': 4, 'alpha': 0.00040125875740917416, 'lambda': 0.04088491424948425, 'eta': 0.03348273823923436}. Best is trial 32 with value: 4.547322277017564.
[0]	train-rmse:9.65109	eval-rmse:9.76667
[100]	train-rmse:2.01829	eval-rmse:2.21623
[200]	train-rmse:1.84087	eval-rmse:2.13666
[290]	train-rmse:1.75901	eval-rmse:2.13002
Saved Losses
{'MSE - mean': 4.53751616537747, 'MSE - std': 0.0, 'R2 - mean': 0.5861935192277306, 'R2 - std': 0.0} 
 

[0]	train-rmse:9.69638	eval-rmse:9.57923
[100]	train-rmse:2.04733	eval-rmse:2.06179
[191]	train-rmse:1.87799	eval-rmse:2.01465
Saved Losses
{'MSE - mean': 4.297557312013417, 'MSE - std': 0.23995885336405332, 'R2 - mean': 0.5768337331573432, 'R2 - std': 0.0093597860703874} 
 

[0]	train-rmse:9.67488	eval-rmse:9.66818
[100]	train-rmse:2.01316	eval-rmse:2.20823
[200]	train-rmse:1.84472	eval-rmse:2.14938
[300]	train-rmse:1.75125	eval-rmse:2.13487
[398]	train-rmse:1.66856	eval-rmse:2.13343
Saved Losses
{'MSE - mean': 4.382214973622967, 'MSE - std': 0.22960982893506224, 'R2 - mean': 0.5686009439178038, 'R2 - std': 0.01392700138272046} 
 

[0]	train-rmse:9.69891	eval-rmse:9.56673
[100]	train-rmse:2.03840	eval-rmse:2.11466
[164]	train-rmse:1.88752	eval-rmse:2.07628
Saved Losses
{'MSE - mean': 4.364399442061829, 'MSE - std': 0.2012279420262236, 'R2 - mean': 0.5612183904023691, 'R2 - std': 0.017577750563154856} 
 

[0]	train-rmse:9.64599	eval-rmse:9.79084
[100]	train-rmse:1.99283	eval-rmse:2.37013
[200]	train-rmse:1.81336	eval-rmse:2.30258
[253]	train-rmse:1.75777	eval-rmse:2.29927
Saved Losses
{'MSE - mean': 4.549232330582785, 'MSE - std': 0.41115317636823556, 'R2 - mean': 0.5615021989112752, 'R2 - std': 0.015732261152399635} 
 

Results After CV: {'MSE - mean': 4.549232330582785, 'MSE - std': 0.41115317636823556, 'R2 - mean': 0.5615021989112752, 'R2 - std': 0.015732261152399635}
Train time: 0.5419852031999881
Inference time: 0.01768790620000118
Finished cross validation
Trial 82 finished with value: 4.549232330582785 and parameters: {'max_depth': 4, 'alpha': 0.001292698501944984, 'lambda': 0.2899983205785688, 'eta': 0.031388198044221556}. Best is trial 32 with value: 4.547322277017564.
[0]	train-rmse:9.70051	eval-rmse:9.81610
[100]	train-rmse:2.13026	eval-rmse:2.30596
[200]	train-rmse:1.87760	eval-rmse:2.15868
[300]	train-rmse:1.79735	eval-rmse:2.14022
[400]	train-rmse:1.72741	eval-rmse:2.13255
[424]	train-rmse:1.71399	eval-rmse:2.13266
Saved Losses
{'MSE - mean': 4.551445302060401, 'MSE - std': 0.0, 'R2 - mean': 0.5849232279888938, 'R2 - std': 0.0} 
 

[0]	train-rmse:9.74601	eval-rmse:9.62889
[100]	train-rmse:2.16035	eval-rmse:2.13208
[189]	train-rmse:1.91926	eval-rmse:2.01370
Saved Losses
{'MSE - mean': 4.303174128930804, 'MSE - std': 0.2482711731295968, 'R2 - mean': 0.5763422532085684, 'R2 - std': 0.00858097478032549} 
 

[0]	train-rmse:9.72449	eval-rmse:9.71754
[100]	train-rmse:2.12735	eval-rmse:2.29221
[200]	train-rmse:1.88323	eval-rmse:2.15640
[300]	train-rmse:1.80224	eval-rmse:2.14788
[333]	train-rmse:1.77783	eval-rmse:2.14706
Saved Losses
{'MSE - mean': 4.405068348397947, 'MSE - std': 0.24871117290222544, 'R2 - mean': 0.5663930066965389, 'R2 - std': 0.01571826213150317} 
 

[0]	train-rmse:9.74861	eval-rmse:9.61652
[100]	train-rmse:2.14963	eval-rmse:2.18845
[200]	train-rmse:1.89086	eval-rmse:2.07677
[287]	train-rmse:1.80886	eval-rmse:2.07724
Saved Losses
{'MSE - mean': 4.382529282094524, 'MSE - std': 0.21889943849697494, 'R2 - mean': 0.5594566066101083, 'R2 - std': 0.01815595664797334} 
 

[0]	train-rmse:9.69548	eval-rmse:9.83935
[100]	train-rmse:2.10046	eval-rmse:2.46242
[200]	train-rmse:1.85128	eval-rmse:2.30880
[300]	train-rmse:1.76224	eval-rmse:2.29433
[330]	train-rmse:1.73814	eval-rmse:2.29362
Saved Losses
{'MSE - mean': 4.558085177964317, 'MSE - std': 0.40201127053605795, 'R2 - mean': 0.5605601098351718, 'R2 - std': 0.01638846810758625} 
 

Results After CV: {'MSE - mean': 4.558085177964317, 'MSE - std': 0.40201127053605795, 'R2 - mean': 0.5605601098351718, 'R2 - std': 0.01638846810758625}
Train time: 0.6408845370000108
Inference time: 0.03309984440001017
Finished cross validation
Trial 83 finished with value: 4.558085177964317 and parameters: {'max_depth': 4, 'alpha': 1.1397601473328223e-05, 'lambda': 0.311774109782864, 'eta': 0.02612761591394449}. Best is trial 32 with value: 4.547322277017564.
[0]	train-rmse:9.60909	eval-rmse:9.72411
[100]	train-rmse:1.96708	eval-rmse:2.18451
[200]	train-rmse:1.81519	eval-rmse:2.13868
[300]	train-rmse:1.73113	eval-rmse:2.12839
[400]	train-rmse:1.65309	eval-rmse:2.11902
[438]	train-rmse:1.61620	eval-rmse:2.11552
Saved Losses
{'MSE - mean': 4.4761603953466835, 'MSE - std': 0.0, 'R2 - mean': 0.591788962714024, 'R2 - std': 0.0} 
 

[0]	train-rmse:9.65426	eval-rmse:9.53703
[100]	train-rmse:2.00161	eval-rmse:2.03448
[190]	train-rmse:1.85288	eval-rmse:2.01330
Saved Losses
{'MSE - mean': 4.264772167268541, 'MSE - std': 0.21138822807814206, 'R2 - mean': 0.579856081546656, 'R2 - std': 0.011932881167368015} 
 

[0]	train-rmse:9.63280	eval-rmse:9.62628
[100]	train-rmse:1.96846	eval-rmse:2.18534
[200]	train-rmse:1.82722	eval-rmse:2.14674
[268]	train-rmse:1.75612	eval-rmse:2.14329
Saved Losses
{'MSE - mean': 4.37430473952443, 'MSE - std': 0.23191541004569047, 'R2 - mean': 0.5692435226054104, 'R2 - std': 0.01789362781921282} 
 

[0]	train-rmse:9.65678	eval-rmse:9.52446
[100]	train-rmse:1.98978	eval-rmse:2.09470
[200]	train-rmse:1.81994	eval-rmse:2.07355
[206]	train-rmse:1.81337	eval-rmse:2.07389
Saved Losses
{'MSE - mean': 4.355988458439731, 'MSE - std': 0.20333476466363715, 'R2 - mean': 0.5619653063745669, 'R2 - std': 0.019976329290140423} 
 

[0]	train-rmse:9.60372	eval-rmse:9.74779
[100]	train-rmse:1.94500	eval-rmse:2.34252
[200]	train-rmse:1.78721	eval-rmse:2.30348
[216]	train-rmse:1.76998	eval-rmse:2.30405
Saved Losses
{'MSE - mean': 4.547026295444175, 'MSE - std': 0.42315226796745437, 'R2 - mean': 0.5617257015434916, 'R2 - std': 0.01787379723021374} 
 

Results After CV: {'MSE - mean': 4.547026295444175, 'MSE - std': 0.42315226796745437, 'R2 - mean': 0.5617257015434916, 'R2 - std': 0.01787379723021374}
Train time: 0.5222696069999984
Inference time: 0.016870029799986242
Finished cross validation
Trial 84 finished with value: 4.547026295444175 and parameters: {'max_depth': 4, 'alpha': 2.3259181306165186e-05, 'lambda': 0.5470942980860554, 'eta': 0.03590100817319336}. Best is trial 84 with value: 4.547026295444175.
[0]	train-rmse:9.60611	eval-rmse:9.72157
[100]	train-rmse:1.83489	eval-rmse:2.16964
[184]	train-rmse:1.67054	eval-rmse:2.12339
Saved Losses
{'MSE - mean': 4.508376144040532, 'MSE - std': 0.0, 'R2 - mean': 0.5888509928850314, 'R2 - std': 0.0} 
 

[0]	train-rmse:9.65149	eval-rmse:9.53571
[100]	train-rmse:1.85739	eval-rmse:2.03337
[159]	train-rmse:1.72755	eval-rmse:2.01354
Saved Losses
{'MSE - mean': 4.281351558479979, 'MSE - std': 0.22702458556055305, 'R2 - mean': 0.5783368345546358, 'R2 - std': 0.010514158330395595} 
 

[0]	train-rmse:9.63001	eval-rmse:9.62260
[100]	train-rmse:1.82796	eval-rmse:2.17044
[180]	train-rmse:1.67911	eval-rmse:2.16241
Saved Losses
{'MSE - mean': 4.413477086039729, 'MSE - std': 0.2632003388394071, 'R2 - mean': 0.5654637771822378, 'R2 - std': 0.020127830546050395} 
 

[0]	train-rmse:9.65399	eval-rmse:9.52264
[100]	train-rmse:1.85292	eval-rmse:2.07874
[159]	train-rmse:1.72025	eval-rmse:2.06572
Saved Losses
{'MSE - mean': 4.37740424888148, 'MSE - std': 0.23634627671241326, 'R2 - mean': 0.5599819555088708, 'R2 - std': 0.01984938987585461} 
 

[0]	train-rmse:9.60080	eval-rmse:9.74480
[100]	train-rmse:1.80485	eval-rmse:2.34311
[171]	train-rmse:1.66086	eval-rmse:2.33042
Saved Losses
{'MSE - mean': 4.588098612604909, 'MSE - std': 0.47144046244667853, 'R2 - mean': 0.5581592164597775, 'R2 - std': 0.018124241592941234} 
 

Results After CV: {'MSE - mean': 4.588098612604909, 'MSE - std': 0.47144046244667853, 'R2 - mean': 0.5581592164597775, 'R2 - std': 0.018124241592941234}
Train time: 0.5235513603999948
Inference time: 0.011157762999994247
Finished cross validation
Trial 85 finished with value: 4.588098612604909 and parameters: {'max_depth': 5, 'alpha': 1.0297439730354466e-05, 'lambda': 0.7768977853320064, 'eta': 0.03615926415816214}. Best is trial 84 with value: 4.547026295444175.
[0]	train-rmse:9.65743	eval-rmse:9.77307
[100]	train-rmse:2.02700	eval-rmse:2.22679
[200]	train-rmse:1.83896	eval-rmse:2.13597
[284]	train-rmse:1.76227	eval-rmse:2.13172
Saved Losses
{'MSE - mean': 4.544456291181948, 'MSE - std': 0.0, 'R2 - mean': 0.5855606026869189, 'R2 - std': 0.0} 
 

[0]	train-rmse:9.70276	eval-rmse:9.58563
[100]	train-rmse:2.05092	eval-rmse:2.06921
[169]	train-rmse:1.89756	eval-rmse:2.01345
Saved Losses
{'MSE - mean': 4.2984334864670934, 'MSE - std': 0.24602280471485427, 'R2 - mean': 0.5767937744823967, 'R2 - std': 0.008766828204522237} 
 

[0]	train-rmse:9.68118	eval-rmse:9.67559
[100]	train-rmse:2.02262	eval-rmse:2.21638
[200]	train-rmse:1.85069	eval-rmse:2.14965
[300]	train-rmse:1.75605	eval-rmse:2.13757
[351]	train-rmse:1.71255	eval-rmse:2.13632
Saved Losses
{'MSE - mean': 4.386905198827338, 'MSE - std': 0.23665580083548146, 'R2 - mean': 0.5681702690499216, 'R2 - std': 0.014140999837337943} 
 

[0]	train-rmse:9.70528	eval-rmse:9.57314
[100]	train-rmse:2.04758	eval-rmse:2.12272
[200]	train-rmse:1.84899	eval-rmse:2.08047
[212]	train-rmse:1.83451	eval-rmse:2.08173
Saved Losses
{'MSE - mean': 4.373731244920294, 'MSE - std': 0.2062162341728872, 'R2 - mean': 0.5602737340930446, 'R2 - std': 0.0183586954949211} 
 

[0]	train-rmse:9.65236	eval-rmse:9.79713
[100]	train-rmse:1.99884	eval-rmse:2.38454
[200]	train-rmse:1.81033	eval-rmse:2.31298
[250]	train-rmse:1.75709	eval-rmse:2.31345
Saved Losses
{'MSE - mean': 4.569395835817231, 'MSE - std': 0.4326183499490296, 'R2 - mean': 0.5596963480586801, 'R2 - std': 0.016461071008622298} 
 

Results After CV: {'MSE - mean': 4.569395835817231, 'MSE - std': 0.4326183499490296, 'R2 - mean': 0.5596963480586801, 'R2 - std': 0.016461071008622298}
Train time: 0.5255450018000033
Inference time: 0.012597947000017484
Finished cross validation
Trial 86 finished with value: 4.569395835817231 and parameters: {'max_depth': 4, 'alpha': 6.063881168193481e-07, 'lambda': 0.06915888879935993, 'eta': 0.030677613798917844}. Best is trial 84 with value: 4.547026295444175.
[0]	train-rmse:9.56862	eval-rmse:9.68434
[100]	train-rmse:1.92768	eval-rmse:2.16721
[200]	train-rmse:1.78328	eval-rmse:2.12739
[262]	train-rmse:1.72192	eval-rmse:2.12979
Saved Losses
{'MSE - mean': 4.53599428018947, 'MSE - std': 0.0, 'R2 - mean': 0.5863323101280453, 'R2 - std': 0.0} 
 

[0]	train-rmse:9.61356	eval-rmse:9.49634
[100]	train-rmse:1.96200	eval-rmse:2.01758
[140]	train-rmse:1.88628	eval-rmse:2.01088
Saved Losses
{'MSE - mean': 4.289818138941344, 'MSE - std': 0.2461761412481258, 'R2 - mean': 0.5776469839977657, 'R2 - std': 0.008685326130279614} 
 

[0]	train-rmse:9.59207	eval-rmse:9.58628
[100]	train-rmse:1.93030	eval-rmse:2.17008
[200]	train-rmse:1.79133	eval-rmse:2.14116
[227]	train-rmse:1.75320	eval-rmse:2.14135
Saved Losses
{'MSE - mean': 4.3881016842254335, 'MSE - std': 0.24437902029517777, 'R2 - mean': 0.5680561834999273, 'R2 - std': 0.015305451154350867} 
 

[0]	train-rmse:9.61599	eval-rmse:9.48366
[100]	train-rmse:1.94838	eval-rmse:2.08547
[131]	train-rmse:1.88036	eval-rmse:2.08493
Saved Losses
{'MSE - mean': 4.377810109360949, 'MSE - std': 0.2123878026391748, 'R2 - mean': 0.5598480022911423, 'R2 - std': 0.019437472637856473} 
 

[0]	train-rmse:9.56342	eval-rmse:9.70998
[100]	train-rmse:1.90647	eval-rmse:2.32810
[200]	train-rmse:1.75327	eval-rmse:2.29715
[224]	train-rmse:1.72328	eval-rmse:2.29616
Saved Losses
{'MSE - mean': 4.556796844460091, 'MSE - std': 0.4052553125299149, 'R2 - mean': 0.560667551876298, 'R2 - std': 0.01746250039736723} 
 

Results After CV: {'MSE - mean': 4.556796844460091, 'MSE - std': 0.4052553125299149, 'R2 - mean': 0.560667551876298, 'R2 - std': 0.01746250039736723}
Train time: 0.4431400789999998
Inference time: 0.00804660880000938
Finished cross validation
Trial 87 finished with value: 4.556796844460091 and parameters: {'max_depth': 4, 'alpha': 1.7921171510413638e-06, 'lambda': 0.17346013673067812, 'eta': 0.04015025776106106}. Best is trial 84 with value: 4.547026295444175.
[0]	train-rmse:9.78172	eval-rmse:9.89672
[100]	train-rmse:2.73882	eval-rmse:2.85729
[200]	train-rmse:2.10389	eval-rmse:2.24181
[300]	train-rmse:2.02096	eval-rmse:2.19175
[400]	train-rmse:1.97124	eval-rmse:2.16613
[499]	train-rmse:1.93669	eval-rmse:2.15232
Saved Losses
{'MSE - mean': 4.632489080601893, 'MSE - std': 0.0, 'R2 - mean': 0.5775323031823587, 'R2 - std': 0.0} 
 

[0]	train-rmse:9.82777	eval-rmse:9.71019
[100]	train-rmse:2.77773	eval-rmse:2.64355
[200]	train-rmse:2.13999	eval-rmse:2.06557
[300]	train-rmse:2.05450	eval-rmse:2.02535
[380]	train-rmse:2.01715	eval-rmse:2.01965
Saved Losses
{'MSE - mean': 4.355732894049094, 'MSE - std': 0.2767561865527992, 'R2 - mean': 0.5713637012012409, 'R2 - std': 0.006168601981117738} 
 

[0]	train-rmse:9.80624	eval-rmse:9.79821
[100]	train-rmse:2.74412	eval-rmse:2.80533
[200]	train-rmse:2.10285	eval-rmse:2.23047
[300]	train-rmse:2.01857	eval-rmse:2.18330
[400]	train-rmse:1.98039	eval-rmse:2.16877
[499]	train-rmse:1.94607	eval-rmse:2.15502
Saved Losses
{'MSE - mean': 4.45185879711423, 'MSE - std': 0.2637101369755712, 'R2 - mean': 0.5619176622162919, 'R2 - std': 0.014276661792753045} 
 

[0]	train-rmse:9.83036	eval-rmse:9.69844
[100]	train-rmse:2.75740	eval-rmse:2.66609
[200]	train-rmse:2.12580	eval-rmse:2.11776
[300]	train-rmse:2.04375	eval-rmse:2.08506
[400]	train-rmse:1.99506	eval-rmse:2.07767
[421]	train-rmse:1.98604	eval-rmse:2.07791
Saved Losses
{'MSE - mean': 4.418114026016646, 'MSE - std': 0.23574012383775697, 'R2 - mean': 0.5560475032622412, 'R2 - std': 0.01600761076475672} 
 

[0]	train-rmse:9.77676	eval-rmse:9.91892
[100]	train-rmse:2.70372	eval-rmse:3.00976
[200]	train-rmse:2.06969	eval-rmse:2.40720
[300]	train-rmse:1.99061	eval-rmse:2.34890
[400]	train-rmse:1.94313	eval-rmse:2.32918
[499]	train-rmse:1.90566	eval-rmse:2.32206
Saved Losses
{'MSE - mean': 4.612882275572266, 'MSE - std': 0.4429417669733513, 'R2 - mean': 0.5556554021378679, 'R2 - std': 0.014339102310943439} 
 

Results After CV: {'MSE - mean': 4.612882275572266, 'MSE - std': 0.4429417669733513, 'R2 - mean': 0.5556554021378679, 'R2 - std': 0.014339102310943439}
Train time: 0.6653676674000166
Inference time: 0.017242972999997618
Finished cross validation
Trial 88 finished with value: 4.612882275572266 and parameters: {'max_depth': 3, 'alpha': 2.3328220032050977e-05, 'lambda': 0.5461236038748551, 'eta': 0.017598345990798604}. Best is trial 84 with value: 4.547026295444175.
[0]	train-rmse:9.68966	eval-rmse:9.80652
[100]	train-rmse:1.96254	eval-rmse:2.25775
[200]	train-rmse:1.69537	eval-rmse:2.12168
[295]	train-rmse:1.59196	eval-rmse:2.11137
Saved Losses
{'MSE - mean': 4.457881135947209, 'MSE - std': 0.0, 'R2 - mean': 0.5934559707703118, 'R2 - std': 0.0} 
 

[0]	train-rmse:9.73517	eval-rmse:9.61876
[100]	train-rmse:1.98817	eval-rmse:2.12350
[194]	train-rmse:1.72177	eval-rmse:2.04385
Saved Losses
{'MSE - mean': 4.317597779180655, 'MSE - std': 0.14028335676655335, 'R2 - mean': 0.5740843037448432, 'R2 - std': 0.019371667025468553} 
 

[0]	train-rmse:9.71346	eval-rmse:9.70690
[100]	train-rmse:1.95683	eval-rmse:2.24469
[193]	train-rmse:1.70473	eval-rmse:2.15013
Saved Losses
{'MSE - mean': 4.419384959788901, 'MSE - std': 0.18395889141185726, 'R2 - mean': 0.5644251500913053, 'R2 - std': 0.0208991105273819} 
 

[0]	train-rmse:9.73761	eval-rmse:9.60660
[100]	train-rmse:1.98153	eval-rmse:2.14886
[200]	train-rmse:1.70663	eval-rmse:2.05796
[223]	train-rmse:1.67837	eval-rmse:2.05902
Saved Losses
{'MSE - mean': 4.374424425956936, 'MSE - std': 0.1773273924256362, 'R2 - mean': 0.5599953440213478, 'R2 - std': 0.019658310229495612} 
 

[0]	train-rmse:9.68453	eval-rmse:9.82889
[100]	train-rmse:1.93391	eval-rmse:2.41775
[200]	train-rmse:1.67292	eval-rmse:2.31660
[213]	train-rmse:1.65715	eval-rmse:2.31717
Saved Losses
{'MSE - mean': 4.572833137552583, 'MSE - std': 0.4273406962035779, 'R2 - mean': 0.5592352329134314, 'R2 - std': 0.017648524143643998} 
 

Results After CV: {'MSE - mean': 4.572833137552583, 'MSE - std': 0.4273406962035779, 'R2 - mean': 0.5592352329134314, 'R2 - std': 0.017648524143643998}
Train time: 0.6129850009999928
Inference time: 0.01592904260000978
Finished cross validation
Trial 89 finished with value: 4.572833137552583 and parameters: {'max_depth': 5, 'alpha': 2.2690155845688068e-05, 'lambda': 0.10596789610894325, 'eta': 0.027130810453939735}. Best is trial 84 with value: 4.547026295444175.
[0]	train-rmse:9.63966	eval-rmse:9.75535
[100]	train-rmse:2.00140	eval-rmse:2.20246
[200]	train-rmse:1.82981	eval-rmse:2.14050
[300]	train-rmse:1.73864	eval-rmse:2.13258
[400]	train-rmse:1.65946	eval-rmse:2.12498
[496]	train-rmse:1.58454	eval-rmse:2.12147
Saved Losses
{'MSE - mean': 4.5027748721048155, 'MSE - std': 0.0, 'R2 - mean': 0.5893618103770446, 'R2 - std': 0.0} 
 

[0]	train-rmse:9.68491	eval-rmse:9.56775
[100]	train-rmse:2.03014	eval-rmse:2.05459
[200]	train-rmse:1.86038	eval-rmse:2.01488
[211]	train-rmse:1.84923	eval-rmse:2.01621
Saved Losses
{'MSE - mean': 4.284047246913586, 'MSE - std': 0.2187276251912298, 'R2 - mean': 0.5780063540059962, 'R2 - std': 0.0113554563710484} 
 

[0]	train-rmse:9.66341	eval-rmse:9.65677
[100]	train-rmse:1.99986	eval-rmse:2.19676
[200]	train-rmse:1.83977	eval-rmse:2.14498
[255]	train-rmse:1.78430	eval-rmse:2.14034
Saved Losses
{'MSE - mean': 4.383259177663398, 'MSE - std': 0.22711347476700078, 'R2 - mean': 0.5683936943337937, 'R2 - std': 0.01645511201857035} 
 

[0]	train-rmse:9.68742	eval-rmse:9.55522
[100]	train-rmse:2.02230	eval-rmse:2.11028
[159]	train-rmse:1.88902	eval-rmse:2.08170
Saved Losses
{'MSE - mean': 4.3708166585453485, 'MSE - std': 0.19786320188848885, 'R2 - mean': 0.5604605562855698, 'R2 - std': 0.019796011505712603} 
 

[0]	train-rmse:9.63456	eval-rmse:9.77969
[100]	train-rmse:1.97526	eval-rmse:2.36375
[200]	train-rmse:1.80168	eval-rmse:2.29698
[254]	train-rmse:1.75197	eval-rmse:2.29281
Saved Losses
{'MSE - mean': 4.548387359992332, 'MSE - std': 0.3967937668093423, 'R2 - mean': 0.5613903718445599, 'R2 - std': 0.017803479579071187} 
 

Results After CV: {'MSE - mean': 4.548387359992332, 'MSE - std': 0.3967937668093423, 'R2 - mean': 0.5613903718445599, 'R2 - std': 0.017803479579071187}
Train time: 0.5984338419999972
Inference time: 0.014502101799996581
Finished cross validation
Trial 90 finished with value: 4.548387359992332 and parameters: {'max_depth': 4, 'alpha': 6.539662104183552e-05, 'lambda': 0.242125927026242, 'eta': 0.0325972525180061}. Best is trial 84 with value: 4.547026295444175.
[0]	train-rmse:9.64277	eval-rmse:9.75800
[100]	train-rmse:2.01183	eval-rmse:2.21681
[200]	train-rmse:1.84675	eval-rmse:2.14617
[300]	train-rmse:1.76960	eval-rmse:2.13086
[347]	train-rmse:1.73611	eval-rmse:2.12829
Saved Losses
{'MSE - mean': 4.528986612898092, 'MSE - std': 0.0, 'R2 - mean': 0.5869713862292821, 'R2 - std': 0.0} 
 

[0]	train-rmse:9.68816	eval-rmse:9.57118
[100]	train-rmse:2.04247	eval-rmse:2.05121
[200]	train-rmse:1.86694	eval-rmse:2.00684
[203]	train-rmse:1.86325	eval-rmse:2.00719
Saved Losses
{'MSE - mean': 4.278899178808633, 'MSE - std': 0.25008743408945966, 'R2 - mean': 0.5787569490519351, 'R2 - std': 0.0082144371773471} 
 

[0]	train-rmse:9.66667	eval-rmse:9.66062
[100]	train-rmse:2.01487	eval-rmse:2.19709
[200]	train-rmse:1.85901	eval-rmse:2.13908
[223]	train-rmse:1.83712	eval-rmse:2.13853
Saved Losses
{'MSE - mean': 4.377337023040517, 'MSE - std': 0.24713525611226483, 'R2 - mean': 0.5691391145249248, 'R2 - std': 0.015165425614588623} 
 

[0]	train-rmse:9.69076	eval-rmse:9.55821
[100]	train-rmse:2.03542	eval-rmse:2.11033
[200]	train-rmse:1.84872	eval-rmse:2.06730
[217]	train-rmse:1.83232	eval-rmse:2.06725
Saved Losses
{'MSE - mean': 4.35138191439626, 'MSE - std': 0.21869585982469267, 'R2 - mean': 0.5626226943166843, 'R2 - std': 0.017317153274854707} 
 

[0]	train-rmse:9.63758	eval-rmse:9.78106
[100]	train-rmse:1.98660	eval-rmse:2.36768
[200]	train-rmse:1.81766	eval-rmse:2.29903
[249]	train-rmse:1.77049	eval-rmse:2.29552
Saved Losses
{'MSE - mean': 4.534989022559373, 'MSE - std': 0.4160631970694528, 'R2 - mean': 0.5629423227794592, 'R2 - std': 0.01550211880527021} 
 

Results After CV: {'MSE - mean': 4.534989022559373, 'MSE - std': 0.4160631970694528, 'R2 - mean': 0.5629423227794592, 'R2 - std': 0.01550211880527021}
Train time: 0.5408992471999909
Inference time: 0.0167809219999981
Finished cross validation
