Trial 27 finished with value: 15933194580.475185 and parameters: {'max_depth': 8, 'alpha': 1.762475672094548e-05, 'lambda': 0.8381309048906291, 'eta': 0.08452832607954384}. Best is trial 14 with value: 14237358117.93266.
[0]	eval-rmse:640428.31250
[100]	eval-rmse:273319.21875
[200]	eval-rmse:165956.01562
[300]	eval-rmse:135620.75000
[400]	eval-rmse:124638.84375
[500]	eval-rmse:119794.78125
[600]	eval-rmse:116765.37500
[700]	eval-rmse:114376.03125
[800]	eval-rmse:112794.68750
[900]	eval-rmse:111466.74219
[999]	eval-rmse:110349.19531
{'MSE - mean': 12176944181.565588, 'MSE - std': 0.0, 'R2 - mean': 0.9051768144697548, 'R2 - std': 0.0}
[0]	eval-rmse:645505.56250
[100]	eval-rmse:290052.96875
[200]	eval-rmse:189569.53125
[300]	eval-rmse:159821.32812
[400]	eval-rmse:150035.95312
[500]	eval-rmse:145918.06250
[600]	eval-rmse:143909.26562
[700]	eval-rmse:142609.31250
[800]	eval-rmse:141537.18750
[900]	eval-rmse:140873.54688
[999]	eval-rmse:140320.18750
{'MSE - mean': 15933350184.86243, 'MSE - std': 3756406003.2968416, 'R2 - mean': 0.8823025139370404, 'R2 - std': 0.022874300532714387}
[0]	eval-rmse:662571.00000
[100]	eval-rmse:295266.90625
[200]	eval-rmse:184815.23438
[300]	eval-rmse:151747.85938
[400]	eval-rmse:139677.32812
[500]	eval-rmse:133743.85938
[600]	eval-rmse:130789.23438
[700]	eval-rmse:128724.25781
[800]	eval-rmse:127050.53125
[900]	eval-rmse:125903.26562
[999]	eval-rmse:124920.65625
{'MSE - mean': 15823956828.520563, 'MSE - std': 3070991889.8014874, 'R2 - mean': 0.8869074800877402, 'R2 - std': 0.01977963202570113}
[0]	eval-rmse:634774.37500
[100]	eval-rmse:272203.18750
[200]	eval-rmse:169522.75000
[300]	eval-rmse:143171.00000
[400]	eval-rmse:134408.71875
[500]	eval-rmse:130329.35156
[600]	eval-rmse:127717.10156
[700]	eval-rmse:125811.87500
[800]	eval-rmse:124468.40625
[900]	eval-rmse:123286.44531
[999]	eval-rmse:122299.82031
{'MSE - mean': 15607279192.522427, 'MSE - std': 2685905989.4652133, 'R2 - mean': 0.8843181228864101, 'R2 - std': 0.017707052110736782}
[0]	eval-rmse:650764.00000
[100]	eval-rmse:284838.12500
[200]	eval-rmse:179743.54688
[300]	eval-rmse:151924.26562
[400]	eval-rmse:142975.92188
[500]	eval-rmse:139629.00000
[600]	eval-rmse:138146.35938
[700]	eval-rmse:136827.60938
[800]	eval-rmse:135601.93750
[900]	eval-rmse:134697.98438
[999]	eval-rmse:133955.78125
{'MSE - mean': 16074653737.653156, 'MSE - std': 2577795307.8436437, 'R2 - mean': 0.880652979760781, 'R2 - std': 0.017451786501308707}
Trial 28 finished with value: 16074653737.653156 and parameters: {'max_depth': 4, 'alpha': 1.839807989207833e-07, 'lambda': 6.834470353099925e-06, 'eta': 0.01059184990100295}. Best is trial 14 with value: 14237358117.93266.
[0]	eval-rmse:622120.25000
[100]	eval-rmse:117109.30469
[200]	eval-rmse:111558.42969
[300]	eval-rmse:109857.10938
[400]	eval-rmse:109156.85156
[500]	eval-rmse:108830.97656
[600]	eval-rmse:108439.53125
[629]	eval-rmse:108464.67188
{'MSE - mean': 11763803850.02525, 'MSE - std': 0.0, 'R2 - mean': 0.9083939830568445, 'R2 - std': 0.0}
[0]	eval-rmse:627443.87500
[100]	eval-rmse:143918.73438
[200]	eval-rmse:139776.73438
[300]	eval-rmse:138528.54688
[400]	eval-rmse:138086.21875
[406]	eval-rmse:138097.28125
{'MSE - mean': 15417330956.059034, 'MSE - std': 3653527106.033785, 'R2 - mean': 0.8861203590886297, 'R2 - std': 0.022273623968214806}
[0]	eval-rmse:643942.50000
[100]	eval-rmse:125721.71094
[200]	eval-rmse:118752.50781
[300]	eval-rmse:116715.66406
[400]	eval-rmse:115710.52344
[500]	eval-rmse:115319.60156
[535]	eval-rmse:115285.23438
{'MSE - mean': 14708448938.830957, 'MSE - std': 3147041092.5790434, 'R2 - mean': 0.8945885019588564, 'R2 - std': 0.021775255921789586}
[0]	eval-rmse:616336.81250
[100]	eval-rmse:121023.07031
[200]	eval-rmse:116404.24219
[300]	eval-rmse:115214.98438
[400]	eval-rmse:114576.19531
[500]	eval-rmse:114268.42969
[548]	eval-rmse:114236.18750
{'MSE - mean': 14294076639.448383, 'MSE - std': 2818335312.9591637, 'R2 - mean': 0.8940122833705457, 'R2 - std': 0.01888431654651867}
[0]	eval-rmse:632169.43750
[100]	eval-rmse:135719.32812
[200]	eval-rmse:131116.89062
[300]	eval-rmse:129860.64844
[400]	eval-rmse:129131.29688
[500]	eval-rmse:128788.21875
[506]	eval-rmse:128804.89844
{'MSE - mean': 14753448674.851406, 'MSE - std': 2683002388.493042, 'R2 - mean': 0.8904294802722352, 'R2 - std': 0.018347747581333975}
Trial 29 finished with value: 14753448674.851406 and parameters: {'max_depth': 7, 'alpha': 5.482254756073118e-05, 'lambda': 0.0005289327488740655, 'eta': 0.0403401797427567}. Best is trial 14 with value: 14237358117.93266.
[0]	eval-rmse:614117.87500
[100]	eval-rmse:115835.14062
[200]	eval-rmse:113300.68750
[300]	eval-rmse:112689.99219
[400]	eval-rmse:112408.76562
[437]	eval-rmse:112405.97656
{'MSE - mean': 12636556567.16828, 'MSE - std': 0.0, 'R2 - mean': 0.9015977629555022, 'R2 - std': 0.0}
[0]	eval-rmse:619450.68750
[100]	eval-rmse:144943.68750
[200]	eval-rmse:142839.76562
[220]	eval-rmse:142855.60938
{'MSE - mean': 16523094079.769314, 'MSE - std': 3886537512.601033, 'R2 - mean': 0.8779432719597334, 'R2 - std': 0.023654490995768773}
[0]	eval-rmse:635737.87500
[100]	eval-rmse:124990.88281
[200]	eval-rmse:121792.71094
[300]	eval-rmse:120729.00781
[400]	eval-rmse:120156.93750
[415]	eval-rmse:120138.79688
{'MSE - mean': 15826883079.6102, 'MSE - std': 3322579631.05804, 'R2 - mean': 0.8865990963683045, 'R2 - std': 0.02286634838716715}
[0]	eval-rmse:608376.31250
[100]	eval-rmse:118734.12500
[200]	eval-rmse:116568.27344
[300]	eval-rmse:115859.02344
[400]	eval-rmse:115457.07031
[497]	eval-rmse:115333.08594
{'MSE - mean': 15195592519.957165, 'MSE - std': 3078186944.560461, 'R2 - mean': 0.8875028136669634, 'R2 - std': 0.019864604987015526}
[0]	eval-rmse:624085.81250
[100]	eval-rmse:135808.98438
[200]	eval-rmse:133206.28125
[300]	eval-rmse:132666.93750
[388]	eval-rmse:132403.12500
{'MSE - mean': 15662591355.759424, 'MSE - std': 2907325152.626146, 'R2 - mean': 0.883818436467539, 'R2 - std': 0.01923487890324973}
Trial 30 finished with value: 15662591355.759424 and parameters: {'max_depth': 8, 'alpha': 3.9637629489240736e-08, 'lambda': 3.546369218079529e-05, 'eta': 0.053241663698990936}. Best is trial 14 with value: 14237358117.93266.
[0]	eval-rmse:559308.50000
[100]	eval-rmse:108806.04688
[200]	eval-rmse:106511.74219
[300]	eval-rmse:105326.38281
[348]	eval-rmse:105056.96094
{'MSE - mean': 11036964828.48296, 'MSE - std': 0.0, 'R2 - mean': 0.9140539573790283, 'R2 - std': 0.0}
[0]	eval-rmse:565222.37500
[100]	eval-rmse:138211.43750
[157]	eval-rmse:136804.46875
{'MSE - mean': 14876213983.610128, 'MSE - std': 3839249155.1271687, 'R2 - mean': 0.8902189881477143, 'R2 - std': 0.023834969231314007}
[0]	eval-rmse:580924.43750
[100]	eval-rmse:120992.30469
[200]	eval-rmse:118438.35938
[300]	eval-rmse:117204.24219
[350]	eval-rmse:116946.73438
{'MSE - mean': 14476379209.89686, 'MSE - std': 3185324432.8697715, 'R2 - mean': 0.8964643408851601, 'R2 - std': 0.02137161748211949}
[0]	eval-rmse:553694.31250
[100]	eval-rmse:118526.51562
[200]	eval-rmse:115706.76562
[300]	eval-rmse:114393.55469
[400]	eval-rmse:113835.46875
[500]	eval-rmse:113235.17188
[562]	eval-rmse:113105.29688
{'MSE - mean': 14055486253.525734, 'MSE - std': 2853273812.508419, 'R2 - mean': 0.8959518290503495, 'R2 - std': 0.018529639243492827}
[0]	eval-rmse:569419.18750
[100]	eval-rmse:132596.04688
[155]	eval-rmse:131873.34375
{'MSE - mean': 14722505028.777508, 'MSE - std': 2879686327.618091, 'R2 - mean': 0.8907867636255924, 'R2 - std': 0.01952919936308901}
Trial 31 finished with value: 14722505028.777508 and parameters: {'max_depth': 5, 'alpha': 1.397086106474643e-06, 'lambda': 0.001779618200153675, 'eta': 0.1480269391198797}. Best is trial 14 with value: 14237358117.93266.
[0]	eval-rmse:581774.12500
[100]	eval-rmse:107707.62500
[200]	eval-rmse:103524.69531
[300]	eval-rmse:101897.76562
[384]	eval-rmse:101433.17969
{'MSE - mean': 10283799255.352985, 'MSE - std': 0.0, 'R2 - mean': 0.9199189394148345, 'R2 - std': 0.0}
[0]	eval-rmse:587424.18750
[100]	eval-rmse:139264.42188
[132]	eval-rmse:138575.04688
{'MSE - mean': 14736690070.037102, 'MSE - std': 4452890814.684116, 'R2 - mean': 0.8914590362025665, 'R2 - std': 0.02845990321226799}
[0]	eval-rmse:603518.81250
[100]	eval-rmse:123816.43750
[200]	eval-rmse:120703.22656
[300]	eval-rmse:118864.96875
[400]	eval-rmse:117869.82812
[435]	eval-rmse:117976.19531
{'MSE - mean': 14462721311.070581, 'MSE - std': 3656356405.874309, 'R2 - mean': 0.8967627583296127, 'R2 - std': 0.024417950993131002}
[0]	eval-rmse:576114.37500
[100]	eval-rmse:118742.33594
[200]	eval-rmse:115374.72656
[298]	eval-rmse:114566.53125
{'MSE - mean': 14128413811.624222, 'MSE - std': 3219004681.208433, 'R2 - mean': 0.8954891886719814, 'R2 - std': 0.021261307275088428}
[0]	eval-rmse:591941.00000
[100]	eval-rmse:129486.58594
[183]	eval-rmse:127924.89062
{'MSE - mean': 14575686617.408619, 'MSE - std': 3014930307.8662415, 'R2 - mean': 0.8919487972391454, 'R2 - std': 0.020292166853921087}
Trial 32 finished with value: 14575686617.408619 and parameters: {'max_depth': 5, 'alpha': 4.7882047237271495e-06, 'lambda': 9.329239962297254e-07, 'eta': 0.10972218638980091}. Best is trial 14 with value: 14237358117.93266.
[0]	eval-rmse:600556.25000
[100]	eval-rmse:109662.71875
[200]	eval-rmse:105907.42188
[300]	eval-rmse:104412.83594
[400]	eval-rmse:103813.50781
[476]	eval-rmse:103670.85156
{'MSE - mean': 10747645122.3462, 'MSE - std': 0.0, 'R2 - mean': 0.9163069213216646, 'R2 - std': 0.0}
[0]	eval-rmse:606324.12500
[100]	eval-rmse:140406.10938
[200]	eval-rmse:138479.15625
[300]	eval-rmse:137710.31250
[341]	eval-rmse:137684.40625
{'MSE - mean': 14851995414.598019, 'MSE - std': 4104350292.2518167, 'R2 - mean': 0.8904855993152564, 'R2 - std': 0.025821322006408187}
[0]	eval-rmse:621381.37500
[100]	eval-rmse:122625.91406
[200]	eval-rmse:118759.46094
[300]	eval-rmse:117632.25781
[398]	eval-rmse:117176.95312
{'MSE - mean': 14478142996.080221, 'MSE - std': 3392637932.7402835, 'R2 - mean': 0.8965228593115458, 'R2 - std': 0.022746225986552973}
[0]	eval-rmse:595104.75000
[100]	eval-rmse:118926.25781
[200]	eval-rmse:115932.81250
[300]	eval-rmse:114963.90625
[400]	eval-rmse:114228.00000
[500]	eval-rmse:113843.42969
[600]	eval-rmse:113489.89062
[700]	eval-rmse:113266.32812
[714]	eval-rmse:113278.07812
{'MSE - mean': 14066587617.40992, 'MSE - std': 3023347084.960402, 'R2 - mean': 0.8959150106133469, 'R2 - std': 0.01972692417973997}
[0]	eval-rmse:610184.31250
[100]	eval-rmse:128295.65625
[200]	eval-rmse:125411.27344
[300]	eval-rmse:124353.55469
[400]	eval-rmse:123691.01562
[445]	eval-rmse:123688.77344
{'MSE - mean': 14313023603.469696, 'MSE - std': 2748713309.498076, 'R2 - mean': 0.8938816556812235, 'R2 - std': 0.018106887065272474}
Trial 33 finished with value: 14313023603.469696 and parameters: {'max_depth': 6, 'alpha': 2.1090128548976953e-07, 'lambda': 1.5033208323281384e-07, 'eta': 0.07669404492401521}. Best is trial 14 with value: 14237358117.93266.
[0]	eval-rmse:603271.93750
[100]	eval-rmse:109769.71094
[200]	eval-rmse:106187.50000
[300]	eval-rmse:105026.28906
[382]	eval-rmse:104674.64062
{'MSE - mean': 10959493139.500158, 'MSE - std': 0.0, 'R2 - mean': 0.9146572378267517, 'R2 - std': 0.0}
[0]	eval-rmse:608991.18750
[100]	eval-rmse:137018.57812
[200]	eval-rmse:135236.15625
[300]	eval-rmse:134213.70312
[400]	eval-rmse:133849.51562
[421]	eval-rmse:133880.84375
{'MSE - mean': 14441787216.400593, 'MSE - std': 3482294076.9004354, 'R2 - mean': 0.893345598849353, 'R2 - std': 0.021311638977398628}
[0]	eval-rmse:624175.75000
[100]	eval-rmse:125413.42188
[200]	eval-rmse:120794.60938
[300]	eval-rmse:119168.22656
[400]	eval-rmse:118339.48438
[454]	eval-rmse:118043.95312
{'MSE - mean': 14271176119.446676, 'MSE - std': 2853500362.3885427, 'R2 - mean': 0.8979868045707188, 'R2 - std': 0.01859764012891758}
[0]	eval-rmse:597805.56250
[100]	eval-rmse:118649.54688
[200]	eval-rmse:116273.45312
[300]	eval-rmse:114645.12500
[400]	eval-rmse:114056.53125
[421]	eval-rmse:114048.28906
{'MSE - mean': 13953355183.268232, 'MSE - std': 2531773821.0657134, 'R2 - mean': 0.8966663817270916, 'R2 - std': 0.016267597033104226}
[0]	eval-rmse:612941.62500
[100]	eval-rmse:127789.13281
[200]	eval-rmse:124476.29688
[300]	eval-rmse:123296.64062
[397]	eval-rmse:122625.21094
{'MSE - mean': 14170072634.42287, 'MSE - std': 2305595098.747132, 'R2 - mean': 0.8948738164986934, 'R2 - std': 0.014985357218879315}
Trial 34 finished with value: 14170072634.42287 and parameters: {'max_depth': 6, 'alpha': 2.5906268467475654e-07, 'lambda': 2.723460170036671e-07, 'eta': 0.07215784785084516}. Best is trial 34 with value: 14170072634.42287.
[0]	eval-rmse:628947.25000
[100]	eval-rmse:127414.14844
[200]	eval-rmse:116291.66406
[300]	eval-rmse:115090.08594
[400]	eval-rmse:114588.89062
[500]	eval-rmse:114181.95312
[528]	eval-rmse:114169.52344
{'MSE - mean': 13034582594.324219, 'MSE - std': 0.0, 'R2 - mean': 0.8984982910965434, 'R2 - std': 0.0}
[0]	eval-rmse:634221.12500
[100]	eval-rmse:153041.67188
[200]	eval-rmse:144526.34375
[300]	eval-rmse:143700.32812
[400]	eval-rmse:143457.71875
[444]	eval-rmse:143429.84375
{'MSE - mean': 16803444924.104876, 'MSE - std': 3768862329.780657, 'R2 - mean': 0.8758128379211385, 'R2 - std': 0.02268545317540499}
[0]	eval-rmse:650768.81250
[100]	eval-rmse:137843.62500
[200]	eval-rmse:126160.66406
[300]	eval-rmse:124638.78906
[400]	eval-rmse:123916.46875
[500]	eval-rmse:123553.85156
[600]	eval-rmse:123429.12500
[631]	eval-rmse:123422.82031
{'MSE - mean': 16280027257.103355, 'MSE - std': 3165040433.9942346, 'R2 - mean': 0.8834064408373572, 'R2 - std': 0.021410561280531752}
[0]	eval-rmse:623254.81250
[100]	eval-rmse:125637.84375
[200]	eval-rmse:117279.39062
[300]	eval-rmse:116434.67969
[400]	eval-rmse:115711.25000
[500]	eval-rmse:115529.42188
[592]	eval-rmse:115472.95312
{'MSE - mean': 15543673233.900726, 'MSE - std': 3023204004.7065806, 'R2 - mean': 0.8850404567739276, 'R2 - std': 0.01875684208504866}
[0]	eval-rmse:639037.50000
[100]	eval-rmse:144322.46875
[200]	eval-rmse:136616.50000
[300]	eval-rmse:135793.67188
[400]	eval-rmse:135366.45312
[500]	eval-rmse:135257.68750
[507]	eval-rmse:135255.25000
{'MSE - mean': 16093735390.52384, 'MSE - std': 2919260774.212303, 'R2 - mean': 0.8807083350503074, 'R2 - std': 0.018881854106941126}
Trial 35 finished with value: 16093735390.52384 and parameters: {'max_depth': 9, 'alpha': 7.088563647995462e-07, 'lambda': 6.251532437128243e-06, 'eta': 0.028720940444191916}. Best is trial 34 with value: 14170072634.42287.
[0]	eval-rmse:634624.25000
[100]	eval-rmse:156851.73438
[200]	eval-rmse:118408.27344
[300]	eval-rmse:112957.92188
[400]	eval-rmse:110816.80469
[500]	eval-rmse:109550.64062
[600]	eval-rmse:108811.56250
[700]	eval-rmse:108178.89844
[800]	eval-rmse:107773.83594
[900]	eval-rmse:107437.71094
[999]	eval-rmse:107095.92969
{'MSE - mean': 11469538631.26145, 'MSE - std': 0.0, 'R2 - mean': 0.9106854582428916, 'R2 - std': 0.0}
[0]	eval-rmse:639793.18750
[100]	eval-rmse:179263.71875
[200]	eval-rmse:145036.73438
[300]	eval-rmse:141258.14062
[400]	eval-rmse:139729.43750
[500]	eval-rmse:139002.54688
[597]	eval-rmse:138491.15625
{'MSE - mean': 15324668053.174492, 'MSE - std': 3855129421.913041, 'R2 - mean': 0.8868772191412457, 'R2 - std': 0.023808239101645867}
[0]	eval-rmse:656435.50000
[100]	eval-rmse:172654.68750
[200]	eval-rmse:131285.89062
[300]	eval-rmse:125227.47656
[400]	eval-rmse:122863.03906
[500]	eval-rmse:121193.09375
[600]	eval-rmse:119999.13281
[700]	eval-rmse:119149.28906
[800]	eval-rmse:118436.16406
[900]	eval-rmse:117787.84375
[999]	eval-rmse:117130.42969
{'MSE - mean': 14789624562.652613, 'MSE - std': 3237369041.876349, 'R2 - mean': 0.8941414606704104, 'R2 - std': 0.021986963775583956}
[0]	eval-rmse:628985.12500
[100]	eval-rmse:157978.51562
[200]	eval-rmse:124704.36719
[300]	eval-rmse:120239.65625
[400]	eval-rmse:119017.49219
[500]	eval-rmse:118248.89062
[600]	eval-rmse:117580.55469
[700]	eval-rmse:117173.56250
[800]	eval-rmse:116657.08594
[900]	eval-rmse:116258.44531
[999]	eval-rmse:115880.36719
{'MSE - mean': 14449283432.499691, 'MSE - std': 2864945896.451772, 'R2 - mean': 0.8928984884001714, 'R2 - std': 0.019162590436717596}
[0]	eval-rmse:644787.18750
[100]	eval-rmse:167767.10938
[200]	eval-rmse:131810.70312
[300]	eval-rmse:127345.81250
[400]	eval-rmse:125667.87500
[500]	eval-rmse:124543.88281
[600]	eval-rmse:123793.41406
[700]	eval-rmse:123304.35156
[800]	eval-rmse:123090.15625
[822]	eval-rmse:123093.76562
{'MSE - mean': 14589841602.231052, 'MSE - std': 2577859264.58168, 'R2 - mean': 0.8916875400628687, 'R2 - std': 0.017309808817510642}
Trial 36 finished with value: 14589841602.231052 and parameters: {'max_depth': 6, 'alpha': 7.232823652181103e-08, 'lambda': 1.4987143319905804e-05, 'eta': 0.0199267137631993}. Best is trial 34 with value: 14170072634.42287.
[0]	eval-rmse:610131.31250
[100]	eval-rmse:112808.60938
[200]	eval-rmse:110272.64844
[300]	eval-rmse:109798.76562
[400]	eval-rmse:109194.25781
[462]	eval-rmse:109133.16406
{'MSE - mean': 11911226097.702457, 'MSE - std': 0.0, 'R2 - mean': 0.9072459900189899, 'R2 - std': 0.0}
[0]	eval-rmse:615633.81250
[100]	eval-rmse:141127.17188
[200]	eval-rmse:138998.03125
[255]	eval-rmse:138897.12500
{'MSE - mean': 15598485675.316313, 'MSE - std': 3687259577.6138554, 'R2 - mean': 0.8847792866332644, 'R2 - std': 0.022466703385725373}
[0]	eval-rmse:631792.12500
[100]	eval-rmse:124742.50781
[200]	eval-rmse:120906.46094
[300]	eval-rmse:120126.32812
[400]	eval-rmse:119407.60156
[477]	eval-rmse:119264.60938
{'MSE - mean': 15140370373.779486, 'MSE - std': 3079555387.953662, 'R2 - mean': 0.8916231378410844, 'R2 - std': 0.0207407434628318}
[0]	eval-rmse:604311.93750
[100]	eval-rmse:119329.82812
[200]	eval-rmse:116595.12500
[300]	eval-rmse:115625.27344
[400]	eval-rmse:114949.71094
[500]	eval-rmse:114689.64844
[600]	eval-rmse:114432.48438
[635]	eval-rmse:114411.17188
{'MSE - mean': 14627911293.97967, 'MSE - std': 2810798634.910306, 'R2 - mean': 0.8917066034241968, 'R2 - std': 0.01796259249256473}
[0]	eval-rmse:620039.56250
[100]	eval-rmse:132341.29688
[200]	eval-rmse:129781.33594
[294]	eval-rmse:129220.24219
{'MSE - mean': 15041903202.361048, 'MSE - std': 2646890321.420957, 'R2 - mean': 0.8884252188697129, 'R2 - std': 0.01735493363919253}
Trial 37 finished with value: 15041903202.361048 and parameters: {'max_depth': 7, 'alpha': 2.1403595495594435e-08, 'lambda': 2.3908477414232525e-07, 'eta': 0.060122316064093455}. Best is trial 34 with value: 14170072634.42287.
[0]	eval-rmse:624964.00000
[100]	eval-rmse:124136.03125
[200]	eval-rmse:119281.16406
[300]	eval-rmse:118719.84375
[400]	eval-rmse:118492.21094
[449]	eval-rmse:118435.28906
{'MSE - mean': 14025892758.256842, 'MSE - std': 0.0, 'R2 - mean': 0.8907788512936654, 'R2 - std': 0.0}
[0]	eval-rmse:630151.68750
[100]	eval-rmse:149328.78125
[200]	eval-rmse:146161.73438
[300]	eval-rmse:145819.31250
[400]	eval-rmse:145621.51562
[448]	eval-rmse:145629.93750
{'MSE - mean': 17616985316.369316, 'MSE - std': 3591092558.1124754, 'R2 - mean': 0.8696836279572475, 'R2 - std': 0.02109522333641789}
[0]	eval-rmse:646554.37500
[100]	eval-rmse:136154.56250
[200]	eval-rmse:131218.89062
[300]	eval-rmse:130552.89062
[400]	eval-rmse:130359.79688
[481]	eval-rmse:130294.64062
{'MSE - mean': 17403554675.155743, 'MSE - std': 2947609616.4810467, 'R2 - mean': 0.8754515094539695, 'R2 - std': 0.019058048492155616}
[0]	eval-rmse:619143.00000
[100]	eval-rmse:123308.95312
[200]	eval-rmse:119944.75000
[300]	eval-rmse:119407.96094
[400]	eval-rmse:119046.89062
[500]	eval-rmse:118936.54688
[578]	eval-rmse:118876.71875
{'MSE - mean': 16585856891.497187, 'MSE - std': 2919279163.522906, 'R2 - mean': 0.8774273663546879, 'R2 - std': 0.016855828093670314}
[0]	eval-rmse:634982.75000
[100]	eval-rmse:141913.62500
[200]	eval-rmse:138856.34375
[300]	eval-rmse:138540.23438
[400]	eval-rmse:138353.07812
[439]	eval-rmse:138333.95312
{'MSE - mean': 17095977753.8664, 'MSE - std': 2803327637.7477593, 'R2 - mean': 0.8733595325336475, 'R2 - std': 0.017131381746989673}
