Trial 72 finished with value: 3.6897595480241825 and parameters: {'max_depth': 11, 'alpha': 5.134994312046726e-06, 'lambda': 0.8541761353251863, 'eta': 0.07896058296273632}. Best is trial 64 with value: 3.67675698881243.
[0]	eval-rmse:3.20494
[67]	eval-rmse:1.97650
{'MSE - mean': 3.90635779557322, 'MSE - std': 0.0, 'R2 - mean': 0.4971096627780832, 'R2 - std': 0.0}
[0]	eval-rmse:3.15087
[78]	eval-rmse:1.91518
{'MSE - mean': 3.7871277667935246, 'MSE - std': 0.11923002877969524, 'R2 - mean': 0.5022205278593375, 'R2 - std': 0.00511086508125419}
[0]	eval-rmse:3.10557
[100]	eval-rmse:1.87300
[176]	eval-rmse:1.87020
{'MSE - mean': 3.6906339206174246, 'MSE - std': 0.16762853140675377, 'R2 - mean': 0.5063699442998942, 'R2 - std': 0.007200644057780492}
[0]	eval-rmse:3.04910
[51]	eval-rmse:1.90189
{'MSE - mean': 3.6722763548833095, 'MSE - std': 0.14861189072626682, 'R2 - mean': 0.497085236052729, 'R2 - std': 0.017248315217437186}
[0]	eval-rmse:3.17227
[91]	eval-rmse:1.93980
{'MSE - mean': 3.6903874894050035, 'MSE - std': 0.13776954680494627, 'R2 - mean': 0.4984668697896252, 'R2 - std': 0.01567287942286864}
Trial 73 finished with value: 3.6903874894050035 and parameters: {'max_depth': 11, 'alpha': 5.268806894714117e-06, 'lambda': 0.8847878705236641, 'eta': 0.07512992790306416}. Best is trial 64 with value: 3.67675698881243.
[0]	eval-rmse:3.21778
[70]	eval-rmse:1.98643
{'MSE - mean': 3.9459106474324566, 'MSE - std': 0.0, 'R2 - mean': 0.4920177720577502, 'R2 - std': 0.0}
[0]	eval-rmse:3.16685
[81]	eval-rmse:1.93721
{'MSE - mean': 3.849215831942265, 'MSE - std': 0.09669481549019165, 'R2 - mean': 0.49399132253790135, 'R2 - std': 0.0019735504801511317}
[0]	eval-rmse:3.11805
[88]	eval-rmse:1.90017
{'MSE - mean': 3.7696972947869565, 'MSE - std': 0.13740325225807135, 'R2 - mean': 0.49565655691427574, 'R2 - std': 0.0028535262492201167}
[0]	eval-rmse:3.06309
[65]	eval-rmse:1.91298
{'MSE - mean': 3.7421416105149694, 'MSE - std': 0.1282095452975859, 'R2 - mean': 0.4874995447381012, 'R2 - std': 0.014342855432863438}
[0]	eval-rmse:3.18506
[100]	eval-rmse:1.92928
[200]	eval-rmse:1.91850
[234]	eval-rmse:1.91880
{'MSE - mean': 3.7300724482321783, 'MSE - std': 0.11718706719243553, 'R2 - mean': 0.4929347131246538, 'R2 - std': 0.016814821531468568}
Trial 74 finished with value: 3.7300724482321783 and parameters: {'max_depth': 10, 'alpha': 1.1884691881324348e-05, 'lambda': 0.15717619670314503, 'eta': 0.06952894736352043}. Best is trial 64 with value: 3.67675698881243.
[0]	eval-rmse:3.13123
[52]	eval-rmse:1.97873
{'MSE - mean': 3.9133041827092474, 'MSE - std': 0.0, 'R2 - mean': 0.49621541008743886, 'R2 - std': 0.0}
[0]	eval-rmse:3.07978
[65]	eval-rmse:1.91559
{'MSE - mean': 3.791396432729303, 'MSE - std': 0.12190774997994436, 'R2 - mean': 0.5016665544066601, 'R2 - std': 0.005451144319221279}
[0]	eval-rmse:3.03297
[100]	eval-rmse:1.89142
[104]	eval-rmse:1.89061
{'MSE - mean': 3.719071326008869, 'MSE - std': 0.14272178691785678, 'R2 - mean': 0.5024495502109921, 'R2 - std': 0.004586518045880652}
[0]	eval-rmse:2.97553
[46]	eval-rmse:1.90452
{'MSE - mean': 3.6962524633694587, 'MSE - std': 0.12976606961081308, 'R2 - mean': 0.49375637930822547, 'R2 - std': 0.015572115202278067}
[0]	eval-rmse:3.09831
[63]	eval-rmse:1.95189
{'MSE - mean': 3.719413890859619, 'MSE - std': 0.12496876870369823, 'R2 - mean': 0.49450597461344686, 'R2 - std': 0.014008575587291364}
Trial 75 finished with value: 3.719413890859619 and parameters: {'max_depth': 12, 'alpha': 2.61861449453759e-05, 'lambda': 0.44985786785699616, 'eta': 0.10996232204558096}. Best is trial 64 with value: 3.67675698881243.
[0]	eval-rmse:3.17027
[57]	eval-rmse:1.99308
{'MSE - mean': 3.972365509297492, 'MSE - std': 0.0, 'R2 - mean': 0.48861206907285126, 'R2 - std': 0.0}
[0]	eval-rmse:3.11561
[69]	eval-rmse:1.90423
{'MSE - mean': 3.7984888620308883, 'MSE - std': 0.173876647266604, 'R2 - mean': 0.5008787665851914, 'R2 - std': 0.012266697512340108}
[0]	eval-rmse:3.07134
[80]	eval-rmse:1.87277
{'MSE - mean': 3.7014159006722855, 'MSE - std': 0.19748851096618467, 'R2 - mean': 0.5050303082697182, 'R2 - std': 0.01160970177435932}
[0]	eval-rmse:3.01398
[45]	eval-rmse:1.90576
{'MSE - mean': 3.684040327933781, 'MSE - std': 0.1736577540932273, 'R2 - mean': 0.4955408943419022, 'R2 - std': 0.019267480674635604}
[0]	eval-rmse:3.13828
[61]	eval-rmse:1.94996
{'MSE - mean': 3.7079510416257717, 'MSE - std': 0.16251923382296782, 'R2 - mean': 0.49615677200707065, 'R2 - std': 0.017277322432361405}
Trial 76 finished with value: 3.7079510416257717 and parameters: {'max_depth': 12, 'alpha': 6.831407113926574e-05, 'lambda': 0.9848431164461146, 'eta': 0.0908759683801319}. Best is trial 64 with value: 3.67675698881243.
[0]	eval-rmse:3.23070
[100]	eval-rmse:1.96408
[117]	eval-rmse:1.96396
{'MSE - mean': 3.8571560025003433, 'MSE - std': 0.0, 'R2 - mean': 0.5034437232009101, 'R2 - std': 0.0}
[0]	eval-rmse:3.17930
[100]	eval-rmse:1.93391
[170]	eval-rmse:1.93040
{'MSE - mean': 3.791798147745779, 'MSE - std': 0.06535785475456413, 'R2 - mean': 0.5014558673483664, 'R2 - std': 0.001987855852543685}
[0]	eval-rmse:3.13122
[100]	eval-rmse:1.90314
[104]	eval-rmse:1.90323
{'MSE - mean': 3.735299269772877, 'MSE - std': 0.09608336246790951, 'R2 - mean': 0.5000944739045323, 'R2 - std': 0.002518166954649896}
[0]	eval-rmse:3.07580
[90]	eval-rmse:1.91131
{'MSE - mean': 3.7147521130569086, 'MSE - std': 0.09050174779906987, 'R2 - mean': 0.4910614340846056, 'R2 - std': 0.01579693953820682}
[0]	eval-rmse:3.19819
[100]	eval-rmse:1.92559
[182]	eval-rmse:1.92498
{'MSE - mean': 3.713638026180579, 'MSE - std': 0.08097788489471183, 'R2 - mean': 0.4950622377160938, 'R2 - std': 0.016237621679603437}
Trial 77 finished with value: 3.713638026180579 and parameters: {'max_depth': 11, 'alpha': 5.247436372891376e-06, 'lambda': 0.04060494077151951, 'eta': 0.06298597341998687}. Best is trial 64 with value: 3.67675698881243.
[0]	eval-rmse:3.20702
[100]	eval-rmse:1.96581
[139]	eval-rmse:1.96267
{'MSE - mean': 3.8518826323883313, 'MSE - std': 0.0, 'R2 - mean': 0.5041225977466395, 'R2 - std': 0.0}
[0]	eval-rmse:3.15613
[76]	eval-rmse:1.93319
{'MSE - mean': 3.79517144414838, 'MSE - std': 0.05671118823995114, 'R2 - mean': 0.5009880495107688, 'R2 - std': 0.003134548235870671}
[0]	eval-rmse:3.10719
[83]	eval-rmse:1.89257
{'MSE - mean': 3.7240607947721487, 'MSE - std': 0.11071384206055745, 'R2 - mean': 0.5016540901837657, 'R2 - std': 0.002727174750208029}
[0]	eval-rmse:3.05203
[61]	eval-rmse:1.91119
{'MSE - mean': 3.7062519972888786, 'MSE - std': 0.10072053376178047, 'R2 - mean': 0.49224160252997495, 'R2 - std': 0.016473095734770574}
[0]	eval-rmse:3.17298
[100]	eval-rmse:1.92993
[153]	eval-rmse:1.92959
{'MSE - mean': 3.7096625791871984, 'MSE - std': 0.09034505527446952, 'R2 - mean': 0.4956340351352237, 'R2 - std': 0.01622111902410411}
Trial 78 finished with value: 3.7096625791871984 and parameters: {'max_depth': 10, 'alpha': 0.0003211335350288256, 'lambda': 0.169235300404916, 'eta': 0.07472096201135617}. Best is trial 64 with value: 3.67675698881243.
[0]	eval-rmse:3.26966
[100]	eval-rmse:1.97274
[105]	eval-rmse:1.97308
{'MSE - mean': 3.8952085842763093, 'MSE - std': 0.0, 'R2 - mean': 0.4985449718107622, 'R2 - std': 0.0}
[0]	eval-rmse:3.21769
[100]	eval-rmse:1.91606
[126]	eval-rmse:1.91778
{'MSE - mean': 3.7866161086525487, 'MSE - std': 0.1085924756237604, 'R2 - mean': 0.5022581319832481, 'R2 - std': 0.0037131601724859076}
[0]	eval-rmse:3.17097
[100]	eval-rmse:1.88169
[136]	eval-rmse:1.88078
{'MSE - mean': 3.703702970343869, 'MSE - std': 0.14700587578887167, 'R2 - mean': 0.5045342288982131, 'R2 - std': 0.004421870642271595}
[0]	eval-rmse:3.11654
[78]	eval-rmse:1.89215
{'MSE - mean': 3.67283384040198, 'MSE - std': 0.13808242171778282, 'R2 - mean': 0.497064908314623, 'R2 - std': 0.013492107134323592}
[0]	eval-rmse:3.23672
[100]	eval-rmse:1.94145
[144]	eval-rmse:1.94119
{'MSE - mean': 3.6916476361580295, 'MSE - std': 0.12910941016424574, 'R2 - mean': 0.49834328739395184, 'R2 - std': 0.012335581713932875}
Trial 79 finished with value: 3.6916476361580295 and parameters: {'max_depth': 11, 'alpha': 2.052551803592869e-05, 'lambda': 0.5315856391230173, 'eta': 0.04438032394189615}. Best is trial 64 with value: 3.67675698881243.
[0]	eval-rmse:3.10064
[43]	eval-rmse:1.97335
{'MSE - mean': 3.8940947560344767, 'MSE - std': 0.0, 'R2 - mean': 0.4986883620196102, 'R2 - std': 0.0}
[0]	eval-rmse:3.04644
[53]	eval-rmse:1.92969
{'MSE - mean': 3.808892739741904, 'MSE - std': 0.08520201629257285, 'R2 - mean': 0.4992628465673635, 'R2 - std': 0.0005744845477533289}
[0]	eval-rmse:3.00042
[44]	eval-rmse:1.90519
{'MSE - mean': 3.7491738318109005, 'MSE - std': 0.10941793720633679, 'R2 - mean': 0.49828859108167195, 'R2 - std': 0.00145546183960222}
[0]	eval-rmse:2.94366
[58]	eval-rmse:1.89616
{'MSE - mean': 3.7107333096640387, 'MSE - std': 0.11581120397283455, 'R2 - mean': 0.4918236280368776, 'R2 - std': 0.011268363607311122}
[0]	eval-rmse:3.06601
[75]	eval-rmse:1.94266
{'MSE - mean': 3.723371363653759, 'MSE - std': 0.10662396356869469, 'R2 - mean': 0.4939651715465221, 'R2 - std': 0.010951056986613639}
Trial 80 finished with value: 3.723371363653759 and parameters: {'max_depth': 11, 'alpha': 9.343893304558893e-06, 'lambda': 0.3140034322048758, 'eta': 0.1259639003958321}. Best is trial 64 with value: 3.67675698881243.
[0]	eval-rmse:3.26483
[94]	eval-rmse:1.97296
{'MSE - mean': 3.892586205228873, 'MSE - std': 0.0, 'R2 - mean': 0.4988825673799604, 'R2 - std': 0.0}
[0]	eval-rmse:3.21085
[100]	eval-rmse:1.90747
[112]	eval-rmse:1.90918
{'MSE - mean': 3.7687809128462715, 'MSE - std': 0.12380529238260163, 'R2 - mean': 0.504646418897519, 'R2 - std': 0.005763851517558649}
[0]	eval-rmse:3.16649
[100]	eval-rmse:1.88024
[172]	eval-rmse:1.87803
{'MSE - mean': 3.6881811865202874, 'MSE - std': 0.15235200047567932, 'R2 - mean': 0.5066303461334962, 'R2 - std': 0.00547904408629944}
[0]	eval-rmse:3.11212
[79]	eval-rmse:1.90038
{'MSE - mean': 3.668995665523362, 'MSE - std': 0.13606102191471456, 'R2 - mean': 0.49749200233421187, 'R2 - std': 0.01652401056815403}
[0]	eval-rmse:3.23243
[83]	eval-rmse:1.95487
{'MSE - mean': 3.6994998927607066, 'MSE - std': 0.13613270314282047, 'R2 - mean': 0.49724514837771105, 'R2 - std': 0.014787768178752781}
Trial 81 finished with value: 3.6994998927607066 and parameters: {'max_depth': 12, 'alpha': 2.2663241635903286e-05, 'lambda': 0.5883130503603207, 'eta': 0.04634916647639879}. Best is trial 64 with value: 3.67675698881243.
[0]	eval-rmse:3.27556
[100]	eval-rmse:1.98047
[102]	eval-rmse:1.98035
{'MSE - mean': 3.929095515595295, 'MSE - std': 0.0, 'R2 - mean': 0.4941824911548087, 'R2 - std': 0.0}
[0]	eval-rmse:3.22336
[100]	eval-rmse:1.91984
[125]	eval-rmse:1.91950
{'MSE - mean': 3.8066992208155295, 'MSE - std': 0.12239629477976588, 'R2 - mean': 0.49965517726190073, 'R2 - std': 0.005472686107092006}
[0]	eval-rmse:3.17636
[100]	eval-rmse:1.88041
[107]	eval-rmse:1.88045
{'MSE - mean': 3.716503242899862, 'MSE - std': 0.16204278503388322, 'R2 - mean': 0.5028805813285401, 'R2 - std': 0.0063853993561373435}
[0]	eval-rmse:3.12187
[86]	eval-rmse:1.88755
{'MSE - mean': 3.6780909315783417, 'MSE - std': 0.15530587599745582, 'R2 - mean': 0.4964619575696902, 'R2 - std': 0.012416770376230487}
[0]	eval-rmse:3.24229
[100]	eval-rmse:1.93365
[122]	eval-rmse:1.93317
{'MSE - mean': 3.6900435112439043, 'MSE - std': 0.14095172484973778, 'R2 - mean': 0.4986267590308227, 'R2 - std': 0.011920000449887322}
Trial 82 finished with value: 3.6900435112439043 and parameters: {'max_depth': 10, 'alpha': 1.8322891280839692e-05, 'lambda': 0.5320065417663618, 'eta': 0.04202059729745781}. Best is trial 64 with value: 3.67675698881243.
[0]	eval-rmse:3.27269
[100]	eval-rmse:1.96923
[110]	eval-rmse:1.97375
{'MSE - mean': 3.8957879882077093, 'MSE - std': 0.0, 'R2 - mean': 0.4984703814496898, 'R2 - std': 0.0}
[0]	eval-rmse:3.22076
[100]	eval-rmse:1.91368
[119]	eval-rmse:1.91560
{'MSE - mean': 3.782703961093309, 'MSE - std': 0.11308402711440024, 'R2 - mean': 0.5027852253163476, 'R2 - std': 0.004314843866657814}
[0]	eval-rmse:3.17390
[100]	eval-rmse:1.88787
[131]	eval-rmse:1.88649
{'MSE - mean': 3.7080220921175653, 'MSE - std': 0.14028576038344234, 'R2 - mean': 0.5039244076795207, 'R2 - std': 0.0038739374425622508}
[0]	eval-rmse:3.11964
[100]	eval-rmse:1.89034
[112]	eval-rmse:1.89253
{'MSE - mean': 3.676760489050099, 'MSE - std': 0.13301103113581958, 'R2 - mean': 0.49650669064443936, 'R2 - std': 0.01327867167751625}
[0]	eval-rmse:3.23971
[100]	eval-rmse:1.93996
[200]	eval-rmse:1.93249
[229]	eval-rmse:1.93251
{'MSE - mean': 3.688328133885193, 'MSE - std': 0.1211973149503514, 'R2 - mean': 0.4987483616700382, 'R2 - std': 0.012694835688714375}
Trial 83 finished with value: 3.688328133885193 and parameters: {'max_depth': 11, 'alpha': 2.5042289104518095e-05, 'lambda': 0.5055884799695085, 'eta': 0.04294745367655589}. Best is trial 64 with value: 3.67675698881243.
[0]	eval-rmse:3.28921
[100]	eval-rmse:1.98022
[200]	eval-rmse:1.97105
[300]	eval-rmse:1.96797
[371]	eval-rmse:1.96621
{'MSE - mean': 3.865992574390713, 'MSE - std': 0.0, 'R2 - mean': 0.5023061349792501, 'R2 - std': 0.0}
[0]	eval-rmse:3.23755
[100]	eval-rmse:1.94335
[200]	eval-rmse:1.92908
[226]	eval-rmse:1.92907
{'MSE - mean': 3.7934263599401006, 'MSE - std': 0.07256621445061251, 'R2 - mean': 0.5012618333444459, 'R2 - std': 0.00104430163480429}
[0]	eval-rmse:3.18987
[100]	eval-rmse:1.89889
[123]	eval-rmse:1.89852
{'MSE - mean': 3.730411743291708, 'MSE - std': 0.10701520519291938, 'R2 - mean': 0.5007939278571465, 'R2 - std': 0.00107931229326501}
[0]	eval-rmse:3.13607
[94]	eval-rmse:1.90831
{'MSE - mean': 3.7082163341787866, 'MSE - std': 0.10033493491268045, 'R2 - mean': 0.49200717248180326, 'R2 - std': 0.015247783325722002}
[0]	eval-rmse:3.25657
[100]	eval-rmse:1.93828
[145]	eval-rmse:1.93445
{'MSE - mean': 3.7149012817191647, 'MSE - std': 0.09073275828285993, 'R2 - mean': 0.4949630861104909, 'R2 - std': 0.014864239590358453}
Trial 84 finished with value: 3.7149012817191647 and parameters: {'max_depth': 10, 'alpha': 5.6937184135533075e-05, 'lambda': 0.053515015115837984, 'eta': 0.035514177140360016}. Best is trial 64 with value: 3.67675698881243.
[0]	eval-rmse:3.28465
[100]	eval-rmse:1.96943
[128]	eval-rmse:1.97244
{'MSE - mean': 3.896208144092236, 'MSE - std': 0.0, 'R2 - mean': 0.49841629210470073, 'R2 - std': 0.0}
[0]	eval-rmse:3.23337
[100]	eval-rmse:1.94376
[140]	eval-rmse:1.94169
{'MSE - mean': 3.8331874920467346, 'MSE - std': 0.06302065204550145, 'R2 - mean': 0.49600549727147314, 'R2 - std': 0.002410794833227592}
[0]	eval-rmse:3.18548
[100]	eval-rmse:1.89792
[146]	eval-rmse:1.89670
{'MSE - mean': 3.7543946158210386, 'MSE - std': 0.12273699419488693, 'R2 - mean': 0.4976400086457091, 'R2 - std': 0.0030360955217117523}
[0]	eval-rmse:3.13165
[100]	eval-rmse:1.90468
[135]	eval-rmse:1.90674
{'MSE - mean': 3.7244811224218286, 'MSE - std': 0.11824858802552586, 'R2 - mean': 0.48989446376133816, 'R2 - std': 0.0136709108577349}
[0]	eval-rmse:3.25157
[100]	eval-rmse:1.95162
[200]	eval-rmse:1.94107
[218]	eval-rmse:1.94181
{'MSE - mean': 3.733713847342109, 'MSE - std': 0.10736459236563373, 'R2 - mean': 0.4925082815392191, 'R2 - std': 0.013298241103543456}
Trial 85 finished with value: 3.733713847342109 and parameters: {'max_depth': 11, 'alpha': 0.00012254490219039705, 'lambda': 0.12819569213793017, 'eta': 0.03742619067291868}. Best is trial 64 with value: 3.67675698881243.
[0]	eval-rmse:3.27504
[100]	eval-rmse:1.96887
[120]	eval-rmse:1.96952
{'MSE - mean': 3.879009268829016, 'MSE - std': 0.0, 'R2 - mean': 0.5006304129388854, 'R2 - std': 0.0}
[0]	eval-rmse:3.22359
[100]	eval-rmse:1.93670
[122]	eval-rmse:1.93701
{'MSE - mean': 3.8155109297989, 'MSE - std': 0.06349833903011581, 'R2 - mean': 0.4983317886105273, 'R2 - std': 0.0022986243283581453}
[0]	eval-rmse:3.17579
[100]	eval-rmse:1.89361
[127]	eval-rmse:1.89561
{'MSE - mean': 3.7414483950054724, 'MSE - std': 0.11686977436350986, 'R2 - mean': 0.4993520865670034, 'R2 - std': 0.0023673751375575033}
[0]	eval-rmse:3.12182
[100]	eval-rmse:1.90379
[105]	eval-rmse:1.90563
{'MSE - mean': 3.714768465501488, 'MSE - std': 0.11126259045539987, 'R2 - mean': 0.4911789611307538, 'R2 - std': 0.014303960534462314}
[0]	eval-rmse:3.24186
[100]	eval-rmse:1.93483
[200]	eval-rmse:1.92274
[238]	eval-rmse:1.92231
{'MSE - mean': 3.7108856311774425, 'MSE - std': 0.09981882005628387, 'R2 - mean': 0.49552079723314907, 'R2 - std': 0.015462496322955557}
Trial 86 finished with value: 3.7108856311774425 and parameters: {'max_depth': 9, 'alpha': 1.98568669183798e-05, 'lambda': 0.3329748709642516, 'eta': 0.042354109754542235}. Best is trial 64 with value: 3.67675698881243.
[0]	eval-rmse:3.24660
[100]	eval-rmse:1.97269
[187]	eval-rmse:1.97035
{'MSE - mean': 3.8824442033473585, 'MSE - std': 0.0, 'R2 - mean': 0.5001882119248815, 'R2 - std': 0.0}
[0]	eval-rmse:3.19524
[100]	eval-rmse:1.94322
[165]	eval-rmse:1.93865
{'MSE - mean': 3.820610362109175, 'MSE - std': 0.06183384123818336, 'R2 - mean': 0.4976564257085892, 'R2 - std': 0.0025317862162922977}
[0]	eval-rmse:3.14713
[100]	eval-rmse:1.90321
[101]	eval-rmse:1.90317
{'MSE - mean': 3.754270307166626, 'MSE - std': 0.1065408609927363, 'R2 - mean': 0.49759441342567784, 'R2 - std': 0.002069054214643865}
[0]	eval-rmse:3.09288
[77]	eval-rmse:1.91123
{'MSE - mean': 3.7289007773936866, 'MSE - std': 0.10219616146658965, 'R2 - mean': 0.4891980708101914, 'R2 - std': 0.014652864803759425}
[0]	eval-rmse:3.21412
[100]	eval-rmse:1.93192
[155]	eval-rmse:1.92134
{'MSE - mean': 3.721433319475872, 'MSE - std': 0.09261909115199485, 'R2 - mean': 0.49403602378883005, 'R2 - std': 0.016290743189304593}
Trial 87 finished with value: 3.721433319475872 and parameters: {'max_depth': 9, 'alpha': 3.0488279030288092e-05, 'lambda': 0.21278248030156838, 'eta': 0.055941682645429876}. Best is trial 64 with value: 3.67675698881243.
[0]	eval-rmse:3.26968
[100]	eval-rmse:1.97266
[200]	eval-rmse:1.96160
[263]	eval-rmse:1.96067
{'MSE - mean': 3.8441674545084568, 'MSE - std': 0.0, 'R2 - mean': 0.505115821769829, 'R2 - std': 0.0}
[0]	eval-rmse:3.21746
[100]	eval-rmse:1.92824
[116]	eval-rmse:1.92971
{'MSE - mean': 3.7839781842957305, 'MSE - std': 0.06018927021272624, 'R2 - mean': 0.5024699820052541, 'R2 - std': 0.002645839764575053}
[0]	eval-rmse:3.17030
[100]	eval-rmse:1.87882
[200]	eval-rmse:1.87572
[283]	eval-rmse:1.87321
{'MSE - mean': 3.6922867482409405, 'MSE - std': 0.13867157023247295, 'R2 - mean': 0.5060155456503391, 'R2 - std': 0.005459763898671428}
[0]	eval-rmse:3.11584
[74]	eval-rmse:1.89226
{'MSE - mean': 3.6652062477055463, 'MSE - std': 0.12892794041943445, 'R2 - mean': 0.49803876156529925, 'R2 - std': 0.01460287709288692}
[0]	eval-rmse:3.23630
[100]	eval-rmse:1.92810
[123]	eval-rmse:1.92800
{'MSE - mean': 3.67557069253982, 'MSE - std': 0.11716491763121155, 'R2 - mean': 0.5004372309830846, 'R2 - std': 0.013914231480903812}
Trial 88 finished with value: 3.67557069253982 and parameters: {'max_depth': 10, 'alpha': 8.514935253693425e-06, 'lambda': 0.48507947284134745, 'eta': 0.04482100987494179}. Best is trial 88 with value: 3.67557069253982.
[0]	eval-rmse:3.27198
[100]	eval-rmse:1.98920
[110]	eval-rmse:1.98968
{'MSE - mean': 3.9588345065898687, 'MSE - std': 0.0, 'R2 - mean': 0.49035400129480455, 'R2 - std': 0.0}
[0]	eval-rmse:3.22035
[100]	eval-rmse:1.94392
[200]	eval-rmse:1.93913
[242]	eval-rmse:1.93892
{'MSE - mean': 3.860407935178497, 'MSE - std': 0.09842657141137212, 'R2 - mean': 0.4925240846375047, 'R2 - std': 0.0021700833427001354}
[0]	eval-rmse:3.17241
[100]	eval-rmse:1.89395
[127]	eval-rmse:1.89474
{'MSE - mean': 3.770202940771392, 'MSE - std': 0.15077270532771095, 'R2 - mean': 0.49564357472945814, 'R2 - std': 0.004754150258153545}
[0]	eval-rmse:3.11824
[100]	eval-rmse:1.89919
[114]	eval-rmse:1.90301
{'MSE - mean': 3.7328990500807904, 'MSE - std': 0.14568475310013276, 'R2 - mean': 0.48890165821397225, 'R2 - std': 0.012381913156421837}
[0]	eval-rmse:3.23959
[100]	eval-rmse:1.94400
[171]	eval-rmse:1.93902
{'MSE - mean': 3.73845105981746, 'MSE - std': 0.13077666870333418, 'R2 - mean': 0.49197729346559116, 'R2 - std': 0.012668367990177015}
Trial 89 finished with value: 3.73845105981746 and parameters: {'max_depth': 10, 'alpha': 8.784112228266271e-06, 'lambda': 0.011998717689902797, 'eta': 0.04368575572471515}. Best is trial 88 with value: 3.67557069253982.
[0]	eval-rmse:3.29956
[100]	eval-rmse:1.97781
[144]	eval-rmse:1.97827
{'MSE - mean': 3.913668291009961, 'MSE - std': 0.0, 'R2 - mean': 0.4961685361051481, 'R2 - std': 0.0}
[0]	eval-rmse:3.24739
[100]	eval-rmse:1.93207
[160]	eval-rmse:1.92483
{'MSE - mean': 3.8093251927932315, 'MSE - std': 0.10434309821672949, 'R2 - mean': 0.4992593964105048, 'R2 - std': 0.003090860305356713}
[0]	eval-rmse:3.20039
[100]	eval-rmse:1.88969
[200]	eval-rmse:1.87935
[233]	eval-rmse:1.87938
{'MSE - mean': 3.716910270810842, 'MSE - std': 0.1560107593736181, 'R2 - mean': 0.5028031673163335, 'R2 - std': 0.005611200354423423}
[0]	eval-rmse:3.14658
[100]	eval-rmse:1.89190
[108]	eval-rmse:1.89024
{'MSE - mean': 3.6809360494256538, 'MSE - std': 0.1487849172230213, 'R2 - mean': 0.4960312136698277, 'R2 - std': 0.01269615081961372}
[0]	eval-rmse:3.26640
[100]	eval-rmse:1.94375
[200]	eval-rmse:1.93149
[251]	eval-rmse:1.93133
{'MSE - mean': 3.690755133957848, 'MSE - std': 0.1345184706969663, 'R2 - mean': 0.49848838842696985, 'R2 - std': 0.012373545476380166}
