Trial 55 finished with value: 4.566597599866681 and parameters: {'max_depth': 4, 'alpha': 0.12648228247341034, 'lambda': 0.03112370439284027, 'eta': 0.017253838851397644}. Best is trial 44 with value: 4.51743824446182.
[0]	eval-rmse:9.95281
[100]	eval-rmse:3.82811
[200]	eval-rmse:2.42004
[300]	eval-rmse:2.19828
[400]	eval-rmse:2.16263
[500]	eval-rmse:2.14657
[600]	eval-rmse:2.13391
[700]	eval-rmse:2.12780
[793]	eval-rmse:2.12367
{'MSE - mean': 4.5105075590262205, 'MSE - std': 0.0, 'R2 - mean': 0.588656614881263, 'R2 - std': 0.0}
[0]	eval-rmse:9.76647
[100]	eval-rmse:3.63037
[200]	eval-rmse:2.22838
[300]	eval-rmse:2.04347
[400]	eval-rmse:2.01368
[412]	eval-rmse:2.01379
{'MSE - mean': 4.282379509228676, 'MSE - std': 0.22812804979754464, 'R2 - mean': 0.5782436702919374, 'R2 - std': 0.010412944589325568}
[0]	eval-rmse:9.85419
[100]	eval-rmse:3.75547
[200]	eval-rmse:2.39141
[300]	eval-rmse:2.18891
[400]	eval-rmse:2.15821
[500]	eval-rmse:2.14695
[600]	eval-rmse:2.14067
[696]	eval-rmse:2.13903
{'MSE - mean': 4.380073275887656, 'MSE - std': 0.23191179822867822, 'R2 - mean': 0.568755991623876, 'R2 - std': 0.015884532404103553}
[0]	eval-rmse:9.75441
[100]	eval-rmse:3.63810
[200]	eval-rmse:2.28607
[300]	eval-rmse:2.10045
[400]	eval-rmse:2.07952
[408]	eval-rmse:2.07929
{'MSE - mean': 4.365920047546439, 'MSE - std': 0.2023320370966503, 'R2 - mean': 0.561000348712399, 'R2 - std': 0.01922729227384327}
[0]	eval-rmse:9.97312
[100]	eval-rmse:3.93840
[200]	eval-rmse:2.56810
[300]	eval-rmse:2.35236
[400]	eval-rmse:2.31427
[500]	eval-rmse:2.30821
[600]	eval-rmse:2.29882
[700]	eval-rmse:2.29550
[708]	eval-rmse:2.29546
{'MSE - mean': 4.546541529702482, 'MSE - std': 0.404038465809293, 'R2 - mean': 0.5616508968199374, 'R2 - std': 0.017246560987858456}
Trial 56 finished with value: 4.546541529702482 and parameters: {'max_depth': 4, 'alpha': 0.049585470557197885, 'lambda': 0.4676796261600562, 'eta': 0.01156928260196654}. Best is trial 44 with value: 4.51743824446182.
[0]	eval-rmse:9.94833
[100]	eval-rmse:3.68524
[200]	eval-rmse:2.35900
[300]	eval-rmse:2.17343
[400]	eval-rmse:2.14097
[500]	eval-rmse:2.13037
[594]	eval-rmse:2.12796
{'MSE - mean': 4.528197411175087, 'MSE - std': 0.0, 'R2 - mean': 0.587043358818627, 'R2 - std': 0.0}
[0]	eval-rmse:9.76189
[100]	eval-rmse:3.50463
[200]	eval-rmse:2.20182
[300]	eval-rmse:2.04937
[400]	eval-rmse:2.02860
[458]	eval-rmse:2.02738
{'MSE - mean': 4.319491100030016, 'MSE - std': 0.2087063111450722, 'R2 - mean': 0.5744239129310567, 'R2 - std': 0.012619445887570413}
[0]	eval-rmse:9.84901
[100]	eval-rmse:3.61268
[200]	eval-rmse:2.32397
[300]	eval-rmse:2.16386
[400]	eval-rmse:2.14544
[434]	eval-rmse:2.14529
{'MSE - mean': 4.413744487166845, 'MSE - std': 0.21634760190039684, 'R2 - mean': 0.5653307715507044, 'R2 - std': 0.016478391406091808}
[0]	eval-rmse:9.74975
[100]	eval-rmse:3.50757
[200]	eval-rmse:2.23504
[300]	eval-rmse:2.08319
[400]	eval-rmse:2.06461
[463]	eval-rmse:2.06414
{'MSE - mean': 4.375478472771531, 'MSE - std': 0.1987399738581714, 'R2 - mean': 0.5601095492443113, 'R2 - std': 0.016894866812662297}
[0]	eval-rmse:9.96891
[100]	eval-rmse:3.78373
[200]	eval-rmse:2.50050
[300]	eval-rmse:2.33269
[400]	eval-rmse:2.31252
[491]	eval-rmse:2.30818
{'MSE - mean': 4.5659222818250464, 'MSE - std': 0.42032539703730126, 'R2 - mean': 0.5599678581547274, 'R2 - std': 0.015113885177331081}
Trial 57 finished with value: 4.5659222818250464 and parameters: {'max_depth': 5, 'alpha': 0.04443142948548184, 'lambda': 0.17181181792247555, 'eta': 0.012031125926303574}. Best is trial 44 with value: 4.51743824446182.
[0]	eval-rmse:9.95784
[100]	eval-rmse:3.95278
[200]	eval-rmse:2.46573
[300]	eval-rmse:2.20595
[400]	eval-rmse:2.15828
[500]	eval-rmse:2.14239
[600]	eval-rmse:2.13174
[684]	eval-rmse:2.13021
{'MSE - mean': 4.5377853283157386, 'MSE - std': 0.0, 'R2 - mean': 0.5861689724571673, 'R2 - std': 0.0}
[0]	eval-rmse:9.77131
[100]	eval-rmse:3.76494
[200]	eval-rmse:2.27454
[300]	eval-rmse:2.05300
[400]	eval-rmse:2.01760
[431]	eval-rmse:2.01834
{'MSE - mean': 4.305121601754378, 'MSE - std': 0.23266372656136136, 'R2 - mean': 0.5760294784003567, 'R2 - std': 0.010139494056810583}
[0]	eval-rmse:9.85924
[100]	eval-rmse:3.88929
[200]	eval-rmse:2.44236
[300]	eval-rmse:2.20722
[400]	eval-rmse:2.17107
[500]	eval-rmse:2.15981
[600]	eval-rmse:2.15458
[700]	eval-rmse:2.14729
[771]	eval-rmse:2.14501
{'MSE - mean': 4.404096958903091, 'MSE - std': 0.23596719210597364, 'R2 - mean': 0.5664078261358455, 'R2 - std': 0.01592770995520319}
[0]	eval-rmse:9.75925
[100]	eval-rmse:3.77078
[200]	eval-rmse:2.33033
[300]	eval-rmse:2.10790
[400]	eval-rmse:2.08113
[410]	eval-rmse:2.08055
{'MSE - mean': 4.385494618121744, 'MSE - std': 0.20687805118092936, 'R2 - mean': 0.5590727698599859, 'R2 - std': 0.018753082680532558}
[0]	eval-rmse:9.97844
[100]	eval-rmse:4.07005
[200]	eval-rmse:2.61395
[300]	eval-rmse:2.36646
[400]	eval-rmse:2.32564
[500]	eval-rmse:2.31462
[600]	eval-rmse:2.30636
[700]	eval-rmse:2.30114
[800]	eval-rmse:2.29675
[828]	eval-rmse:2.29702
{'MSE - mean': 4.5636516767758115, 'MSE - std': 0.4014954204488657, 'R2 - mean': 0.5599888786212945, 'R2 - std': 0.016873040895715802}
Trial 58 finished with value: 4.5636516767758115 and parameters: {'max_depth': 4, 'alpha': 0.38879054226785015, 'lambda': 1.1249097415809622e-07, 'eta': 0.011034564793509827}. Best is trial 44 with value: 4.51743824446182.
[0]	eval-rmse:9.82851
[100]	eval-rmse:2.40535
[200]	eval-rmse:2.19616
[300]	eval-rmse:2.16410
[400]	eval-rmse:2.15077
[500]	eval-rmse:2.14080
[600]	eval-rmse:2.12626
[700]	eval-rmse:2.11886
[704]	eval-rmse:2.11879
{'MSE - mean': 4.489219709614925, 'MSE - std': 0.0, 'R2 - mean': 0.5905979964052152, 'R2 - std': 0.0}
[0]	eval-rmse:9.64174
[100]	eval-rmse:2.20131
[200]	eval-rmse:2.03133
[300]	eval-rmse:2.01707
[306]	eval-rmse:2.01790
{'MSE - mean': 4.281788900261903, 'MSE - std': 0.20743080935302238, 'R2 - mean': 0.5781427121414995, 'R2 - std': 0.012455284263715671}
[0]	eval-rmse:9.73019
[100]	eval-rmse:2.37172
[200]	eval-rmse:2.19102
[300]	eval-rmse:2.16891
[400]	eval-rmse:2.15326
[500]	eval-rmse:2.14823
[581]	eval-rmse:2.14548
{'MSE - mean': 4.388742862744899, 'MSE - std': 0.22707559819186887, 'R2 - mean': 0.5677968667366601, 'R2 - std': 0.017818411031149315}
[0]	eval-rmse:9.63002
[100]	eval-rmse:2.24443
[200]	eval-rmse:2.08605
[300]	eval-rmse:2.07761
[320]	eval-rmse:2.07830
{'MSE - mean': 4.371740570645592, 'MSE - std': 0.1988459938760066, 'R2 - mean': 0.5603538892338696, 'R2 - std': 0.020107599833828246}
[0]	eval-rmse:9.85247
[100]	eval-rmse:2.57617
[200]	eval-rmse:2.35472
[300]	eval-rmse:2.33170
[400]	eval-rmse:2.32248
[489]	eval-rmse:2.31875
{'MSE - mean': 4.572625380433764, 'MSE - std': 0.43937525037142183, 'R2 - mean': 0.5593616873407787, 'R2 - std': 0.018093930342756043}
Trial 59 finished with value: 4.572625380433764 and parameters: {'max_depth': 3, 'alpha': 0.06778751363946246, 'lambda': 0.3988706539091284, 'eta': 0.024872374745430338}. Best is trial 44 with value: 4.51743824446182.
[0]	eval-rmse:9.86883
[100]	eval-rmse:2.51992
[200]	eval-rmse:2.14829
[300]	eval-rmse:2.12827
[386]	eval-rmse:2.12526
{'MSE - mean': 4.51672853067679, 'MSE - std': 0.0, 'R2 - mean': 0.5880892828229557, 'R2 - std': 0.0}
[0]	eval-rmse:9.68149
[100]	eval-rmse:2.35824
[200]	eval-rmse:2.05054
[255]	eval-rmse:2.04480
{'MSE - mean': 4.348649953653957, 'MSE - std': 0.16807857702283346, 'R2 - mean': 0.5712273697071947, 'R2 - std': 0.016861913115761018}
[0]	eval-rmse:9.76914
[100]	eval-rmse:2.48279
[200]	eval-rmse:2.14558
[300]	eval-rmse:2.13024
[309]	eval-rmse:2.13056
{'MSE - mean': 4.412050254358303, 'MSE - std': 0.1639292579991447, 'R2 - mean': 0.5652792484296688, 'R2 - std': 0.016134116112964735}
[0]	eval-rmse:9.67007
[100]	eval-rmse:2.38302
[200]	eval-rmse:2.07403
[260]	eval-rmse:2.07353
{'MSE - mean': 4.383923842009828, 'MSE - std': 0.15009292600220034, 'R2 - mean': 0.5590320625559911, 'R2 - std': 0.017672415541764616}
[0]	eval-rmse:9.89040
[100]	eval-rmse:2.65029
[200]	eval-rmse:2.31536
[263]	eval-rmse:2.31378
{'MSE - mean': 4.577598372015172, 'MSE - std': 0.4099531722524948, 'R2 - mean': 0.5586990033241785, 'R2 - std': 0.01582071839937192}
Trial 60 finished with value: 4.577598372015172 and parameters: {'max_depth': 5, 'alpha': 0.020231500020560886, 'lambda': 3.3890323270524014e-06, 'eta': 0.020475570811326088}. Best is trial 44 with value: 4.51743824446182.
[0]	eval-rmse:9.92499
[100]	eval-rmse:3.21883
[200]	eval-rmse:2.25401
[300]	eval-rmse:2.16454
[400]	eval-rmse:2.14404
[500]	eval-rmse:2.13392
[600]	eval-rmse:2.12451
[700]	eval-rmse:2.11918
[776]	eval-rmse:2.11780
{'MSE - mean': 4.485065397835527, 'MSE - std': 0.0, 'R2 - mean': 0.5909768559122248, 'R2 - std': 0.0}
[0]	eval-rmse:9.73856
[100]	eval-rmse:3.01343
[200]	eval-rmse:2.08222
[300]	eval-rmse:2.01327
[333]	eval-rmse:2.01112
{'MSE - mean': 4.264837051140711, 'MSE - std': 0.2202283466948156, 'R2 - mean': 0.5799177330808437, 'R2 - std': 0.011059122831381107}
[0]	eval-rmse:9.82646
[100]	eval-rmse:3.15314
[200]	eval-rmse:2.23992
[300]	eval-rmse:2.16064
[400]	eval-rmse:2.14632
[500]	eval-rmse:2.13817
[600]	eval-rmse:2.13558
[602]	eval-rmse:2.13568
{'MSE - mean': 4.363365187774378, 'MSE - std': 0.22748466001533607, 'R2 - mean': 0.5703653175532057, 'R2 - std': 0.016249105104334246}
[0]	eval-rmse:9.72644
[100]	eval-rmse:3.03617
[200]	eval-rmse:2.14313
[300]	eval-rmse:2.07931
[374]	eval-rmse:2.07689
{'MSE - mean': 4.3508941530836225, 'MSE - std': 0.1981881253392692, 'R2 - mean': 0.5624740914779356, 'R2 - std': 0.019617324216922312}
[0]	eval-rmse:9.94571
[100]	eval-rmse:3.34290
[200]	eval-rmse:2.41025
[300]	eval-rmse:2.32322
[400]	eval-rmse:2.30705
[500]	eval-rmse:2.29802
[544]	eval-rmse:2.29670
{'MSE - mean': 4.535771244357145, 'MSE - std': 0.41004997491943274, 'R2 - mean': 0.5627264808467252, 'R2 - std': 0.017553527540622407}
Trial 61 finished with value: 4.535771244357145 and parameters: {'max_depth': 4, 'alpha': 0.16019908905461022, 'lambda': 0.47611938510837765, 'eta': 0.014527176348900097}. Best is trial 44 with value: 4.51743824446182.
[0]	eval-rmse:9.92093
[100]	eval-rmse:3.18536
[200]	eval-rmse:2.29274
[300]	eval-rmse:2.20347
[400]	eval-rmse:2.17913
[500]	eval-rmse:2.16328
[600]	eval-rmse:2.15310
[700]	eval-rmse:2.14773
[800]	eval-rmse:2.13753
[900]	eval-rmse:2.13378
[999]	eval-rmse:2.12665
{'MSE - mean': 4.522655553443669, 'MSE - std': 0.0, 'R2 - mean': 0.587548757931533, 'R2 - std': 0.0}
[0]	eval-rmse:9.73448
[100]	eval-rmse:2.97452
[200]	eval-rmse:2.10773
[300]	eval-rmse:2.03346
[400]	eval-rmse:2.01910
[433]	eval-rmse:2.01847
{'MSE - mean': 4.298436587876589, 'MSE - std': 0.22421896556708054, 'R2 - mean': 0.5766255796396649, 'R2 - std': 0.010923178291868174}
[0]	eval-rmse:9.82235
[100]	eval-rmse:3.12832
[200]	eval-rmse:2.27607
[300]	eval-rmse:2.19571
[400]	eval-rmse:2.17850
[500]	eval-rmse:2.16694
[600]	eval-rmse:2.15623
[700]	eval-rmse:2.15107
[727]	eval-rmse:2.15114
{'MSE - mean': 4.408088053872522, 'MSE - std': 0.23992287164162213, 'R2 - mean': 0.5659739773438254, 'R2 - std': 0.017505917445293326}
[0]	eval-rmse:9.72272
[100]	eval-rmse:2.98870
[200]	eval-rmse:2.15808
[300]	eval-rmse:2.09376
[400]	eval-rmse:2.07830
[454]	eval-rmse:2.07704
{'MSE - mean': 4.3845914986355785, 'MSE - std': 0.21172742518762147, 'R2 - mean': 0.5591639926879932, 'R2 - std': 0.019208605681805192}
[0]	eval-rmse:9.94261
[100]	eval-rmse:3.32795
[200]	eval-rmse:2.46655
[300]	eval-rmse:2.36324
[400]	eval-rmse:2.34216
[500]	eval-rmse:2.32926
[600]	eval-rmse:2.32328
[700]	eval-rmse:2.31671
[786]	eval-rmse:2.31522
{'MSE - mean': 4.579721691346161, 'MSE - std': 0.43378101674732145, 'R2 - mean': 0.5586731215841566, 'R2 - std': 0.01720872579692029}
Trial 62 finished with value: 4.579721691346161 and parameters: {'max_depth': 3, 'alpha': 0.4171034233305756, 'lambda': 0.4524056890926823, 'eta': 0.015013313595993455}. Best is trial 44 with value: 4.51743824446182.
[0]	eval-rmse:9.94375
[100]	eval-rmse:3.58933
[200]	eval-rmse:2.34190
[300]	eval-rmse:2.17960
[400]	eval-rmse:2.14989
[500]	eval-rmse:2.13658
[600]	eval-rmse:2.13109
[620]	eval-rmse:2.13126
{'MSE - mean': 4.542276121557695, 'MSE - std': 0.0, 'R2 - mean': 0.5857594269526224, 'R2 - std': 0.0}
[0]	eval-rmse:9.75714
[100]	eval-rmse:3.39495
[200]	eval-rmse:2.16146
[300]	eval-rmse:2.03249
[400]	eval-rmse:2.01417
[421]	eval-rmse:2.01475
{'MSE - mean': 4.300384089650924, 'MSE - std': 0.2418920319067701, 'R2 - mean': 0.5765690597233357, 'R2 - std': 0.009190367229286622}
[0]	eval-rmse:9.84506
[100]	eval-rmse:3.52809
[200]	eval-rmse:2.32755
[300]	eval-rmse:2.18137
[400]	eval-rmse:2.15936
[500]	eval-rmse:2.15012
[600]	eval-rmse:2.14498
[700]	eval-rmse:2.13876
[739]	eval-rmse:2.13837
{'MSE - mean': 4.391138439773024, 'MSE - std': 0.2355430764541667, 'R2 - mean': 0.5677318717021528, 'R2 - std': 0.014577391768862864}
[0]	eval-rmse:9.74505
[100]	eval-rmse:3.40810
[200]	eval-rmse:2.22018
[300]	eval-rmse:2.08988
[400]	eval-rmse:2.07831
[429]	eval-rmse:2.07852
{'MSE - mean': 4.373412974008179, 'MSE - std': 0.2062837416251271, 'R2 - mean': 0.5603184309755307, 'R2 - std': 0.01800701455846017}
[0]	eval-rmse:9.96462
[100]	eval-rmse:3.71403
[200]	eval-rmse:2.49893
[300]	eval-rmse:2.33830
[400]	eval-rmse:2.31603
[500]	eval-rmse:2.30979
[582]	eval-rmse:2.30439
{'MSE - mean': 4.560770020405064, 'MSE - std': 0.41767575580268895, 'R2 - mean': 0.5604244010582895, 'R2 - std': 0.016107357861568635}
Trial 63 finished with value: 4.560770020405064 and parameters: {'max_depth': 4, 'alpha': 0.2186193323992253, 'lambda': 0.15487321196467654, 'eta': 0.012540267918763245}. Best is trial 44 with value: 4.51743824446182.
[0]	eval-rmse:9.93527
[100]	eval-rmse:3.38225
[200]	eval-rmse:2.27499
[300]	eval-rmse:2.16421
[400]	eval-rmse:2.13543
[500]	eval-rmse:2.12686
[600]	eval-rmse:2.12266
[603]	eval-rmse:2.12276
{'MSE - mean': 4.5061178122726115, 'MSE - std': 0.0, 'R2 - mean': 0.5890569452799628, 'R2 - std': 0.0}
[0]	eval-rmse:9.74858
[100]	eval-rmse:3.20194
[200]	eval-rmse:2.13162
[300]	eval-rmse:2.04444
[399]	eval-rmse:2.03413
{'MSE - mean': 4.322404806612678, 'MSE - std': 0.18371300565993343, 'R2 - mean': 0.5739433103657515, 'R2 - std': 0.01511363491421125}
[0]	eval-rmse:9.83619
[100]	eval-rmse:3.31535
[200]	eval-rmse:2.24801
[300]	eval-rmse:2.14764
[400]	eval-rmse:2.13970
[417]	eval-rmse:2.14037
{'MSE - mean': 4.408463842618995, 'MSE - std': 0.19316476815336833, 'R2 - mean': 0.5657211149787146, 'R2 - std': 0.01695553894293154}
[0]	eval-rmse:9.73651
[100]	eval-rmse:3.20993
[200]	eval-rmse:2.16405
[300]	eval-rmse:2.07079
[364]	eval-rmse:2.06468
{'MSE - mean': 4.3720745470636615, 'MSE - std': 0.1787652461605686, 'R2 - mean': 0.5603427993827566, 'R2 - std': 0.017389553231268645}
[0]	eval-rmse:9.95587
[100]	eval-rmse:3.48942
[200]	eval-rmse:2.42683
[300]	eval-rmse:2.32321
[391]	eval-rmse:2.31349
{'MSE - mean': 4.568062176064647, 'MSE - std': 0.42333227313020916, 'R2 - mean': 0.5597522868191781, 'R2 - std': 0.015598463694142332}
Trial 64 finished with value: 4.568062176064647 and parameters: {'max_depth': 5, 'alpha': 0.5485556683437626, 'lambda': 0.06102100616762203, 'eta': 0.013430142204816111}. Best is trial 44 with value: 4.51743824446182.
[0]	eval-rmse:9.95486
[100]	eval-rmse:3.87323
[200]	eval-rmse:2.43668
[300]	eval-rmse:2.20253
[400]	eval-rmse:2.15882
[500]	eval-rmse:2.14523
[600]	eval-rmse:2.13395
[700]	eval-rmse:2.12973
[799]	eval-rmse:2.12804
{'MSE - mean': 4.5285717648140915, 'MSE - std': 0.0, 'R2 - mean': 0.5870092190037426, 'R2 - std': 0.0}
[0]	eval-rmse:9.76833
[100]	eval-rmse:3.68041
[200]	eval-rmse:2.24425
[300]	eval-rmse:2.04244
[400]	eval-rmse:2.01133
[455]	eval-rmse:2.01122
{'MSE - mean': 4.286782410792219, 'MSE - std': 0.24178935402187252, 'R2 - mean': 0.5779134293080679, 'R2 - std': 0.009095789695674705}
[0]	eval-rmse:9.85603
[100]	eval-rmse:3.80595
[200]	eval-rmse:2.40933
[300]	eval-rmse:2.19380
[400]	eval-rmse:2.16202
[500]	eval-rmse:2.15122
[600]	eval-rmse:2.14340
[684]	eval-rmse:2.14093
{'MSE - mean': 4.385878386025547, 'MSE - std': 0.24210483767801533, 'R2 - mean': 0.5682534422224587, 'R2 - std': 0.015549478912391357}
[0]	eval-rmse:9.75626
[100]	eval-rmse:3.68703
[200]	eval-rmse:2.30103
[300]	eval-rmse:2.10278
[400]	eval-rmse:2.07728
[418]	eval-rmse:2.07743
{'MSE - mean': 4.368334482316767, 'MSE - std': 0.2118594581139874, 'R2 - mean': 0.560830798063646, 'R2 - std': 0.01861791233624878}
[0]	eval-rmse:9.97553
[100]	eval-rmse:3.98820
[200]	eval-rmse:2.58468
[300]	eval-rmse:2.35743
[400]	eval-rmse:2.31992
[500]	eval-rmse:2.31162
[600]	eval-rmse:2.30369
[658]	eval-rmse:2.30195
{'MSE - mean': 4.554461529327965, 'MSE - std': 0.41770881545679356, 'R2 - mean': 0.561020013223027, 'R2 - std': 0.01665666645263553}
Trial 65 finished with value: 4.554461529327965 and parameters: {'max_depth': 4, 'alpha': 0.0606427918982172, 'lambda': 0.25583043422074153, 'eta': 0.011362192128606133}. Best is trial 44 with value: 4.51743824446182.
[0]	eval-rmse:9.95790
[100]	eval-rmse:3.95583
[200]	eval-rmse:2.46800
[300]	eval-rmse:2.20854
[400]	eval-rmse:2.16268
[500]	eval-rmse:2.14640
[600]	eval-rmse:2.13528
[700]	eval-rmse:2.12767
[754]	eval-rmse:2.12579
{'MSE - mean': 4.518971966046312, 'MSE - std': 0.0, 'R2 - mean': 0.5878846889303355, 'R2 - std': 0.0}
[0]	eval-rmse:9.77140
[100]	eval-rmse:3.76865
[200]	eval-rmse:2.27759
[300]	eval-rmse:2.05273
[400]	eval-rmse:2.01407
[419]	eval-rmse:2.01454
{'MSE - mean': 4.288668942038093, 'MSE - std': 0.23030302400821867, 'R2 - mean': 0.5776384137422419, 'R2 - std': 0.010246275188093623}
[0]	eval-rmse:9.85933
[100]	eval-rmse:3.89102
[200]	eval-rmse:2.44164
[300]	eval-rmse:2.20647
[400]	eval-rmse:2.17320
[500]	eval-rmse:2.16290
[600]	eval-rmse:2.15568
[700]	eval-rmse:2.15034
[800]	eval-rmse:2.14624
[837]	eval-rmse:2.14678
{'MSE - mean': 4.395328150620425, 'MSE - std': 0.24106436649929305, 'R2 - mean': 0.5672640088285825, 'R2 - std': 0.016889266555376127}
[0]	eval-rmse:9.75934
[100]	eval-rmse:3.77429
[200]	eval-rmse:2.33059
[300]	eval-rmse:2.10853
[400]	eval-rmse:2.08166
[410]	eval-rmse:2.08186
{'MSE - mean': 4.380463344090432, 'MSE - std': 0.21034949255061547, 'R2 - mean': 0.5595496791771277, 'R2 - std': 0.01981080865330482}
[0]	eval-rmse:9.97853
[100]	eval-rmse:4.07166
[200]	eval-rmse:2.61436
[300]	eval-rmse:2.36636
[400]	eval-rmse:2.32474
[500]	eval-rmse:2.31492
[600]	eval-rmse:2.30588
[627]	eval-rmse:2.30666
{'MSE - mean': 4.568506839950311, 'MSE - std': 0.4205222378826815, 'R2 - mean': 0.5596360177883453, 'R2 - std': 0.017720167296654783}
Trial 66 finished with value: 4.568506839950311 and parameters: {'max_depth': 4, 'alpha': 0.06611338291135557, 'lambda': 0.015992798377950843, 'eta': 0.011024472986022577}. Best is trial 44 with value: 4.51743824446182.
[0]	eval-rmse:9.96653
[100]	eval-rmse:4.21785
[200]	eval-rmse:2.58206
[300]	eval-rmse:2.23682
[400]	eval-rmse:2.17086
[500]	eval-rmse:2.15151
[600]	eval-rmse:2.14069
[700]	eval-rmse:2.13502
[727]	eval-rmse:2.13481
{'MSE - mean': 4.5576578452808585, 'MSE - std': 0.0, 'R2 - mean': 0.5843566645755622, 'R2 - std': 0.0}
[0]	eval-rmse:9.78007
[100]	eval-rmse:4.03204
[200]	eval-rmse:2.38444
[300]	eval-rmse:2.07383
[400]	eval-rmse:2.02255
[468]	eval-rmse:2.01725
{'MSE - mean': 4.312325622340081, 'MSE - std': 0.24533222294077683, 'R2 - mean': 0.5754145716308032, 'R2 - std': 0.008942092944759006}
[0]	eval-rmse:9.86793
[100]	eval-rmse:4.15102
[200]	eval-rmse:2.54462
[300]	eval-rmse:2.23028
[400]	eval-rmse:2.17678
[500]	eval-rmse:2.16477
[600]	eval-rmse:2.15667
[700]	eval-rmse:2.14884
[800]	eval-rmse:2.14401
[847]	eval-rmse:2.14266
{'MSE - mean': 4.4055527248286594, 'MSE - std': 0.23980794750287232, 'R2 - mean': 0.5663272203000248, 'R2 - std': 0.014780637984870794}
[0]	eval-rmse:9.76803
[100]	eval-rmse:4.03423
[200]	eval-rmse:2.43287
[300]	eval-rmse:2.13079
[400]	eval-rmse:2.08575
[453]	eval-rmse:2.08288
{'MSE - mean': 4.3887644695368815, 'MSE - std': 0.2097055681458673, 'R2 - mean': 0.5587794397320693, 'R2 - std': 0.018296377207957768}
[0]	eval-rmse:9.98700
[100]	eval-rmse:4.32825
[200]	eval-rmse:2.72091
[300]	eval-rmse:2.39269
[400]	eval-rmse:2.33304
[500]	eval-rmse:2.31868
[600]	eval-rmse:2.31034
[700]	eval-rmse:2.30681
[800]	eval-rmse:2.30444
[869]	eval-rmse:2.30391
{'MSE - mean': 4.572579577177347, 'MSE - std': 0.4127143266675005, 'R2 - mean': 0.5592322125140374, 'R2 - std': 0.01638981232098359}
Trial 67 finished with value: 4.572579577177347 and parameters: {'max_depth': 4, 'alpha': 0.006157533098897403, 'lambda': 0.0337690529157012, 'eta': 0.010108411513458312}. Best is trial 44 with value: 4.51743824446182.
[0]	eval-rmse:9.90584
[100]	eval-rmse:2.96446
[200]	eval-rmse:2.25969
[300]	eval-rmse:2.19830
[400]	eval-rmse:2.17091
[500]	eval-rmse:2.15546
[600]	eval-rmse:2.14673
[700]	eval-rmse:2.13899
[781]	eval-rmse:2.13567
{'MSE - mean': 4.559987928385537, 'MSE - std': 0.0, 'R2 - mean': 0.5841441686958095, 'R2 - std': 0.0}
[0]	eval-rmse:9.71933
[100]	eval-rmse:2.75255
[200]	eval-rmse:2.07894
[300]	eval-rmse:2.02970
[400]	eval-rmse:2.01921
[439]	eval-rmse:2.01902
{'MSE - mean': 4.318857350015246, 'MSE - std': 0.24113057837029128, 'R2 - mean': 0.574736253391319, 'R2 - std': 0.009407915304490644}
[0]	eval-rmse:9.80735
[100]	eval-rmse:2.91273
[200]	eval-rmse:2.24593
[300]	eval-rmse:2.19276
[400]	eval-rmse:2.17918
[500]	eval-rmse:2.16548
[600]	eval-rmse:2.15671
[700]	eval-rmse:2.15377
[705]	eval-rmse:2.15383
{'MSE - mean': 4.425737937459631, 'MSE - std': 0.24821272562402605, 'R2 - mean': 0.5643172852360735, 'R2 - std': 0.016616729775270206}
[0]	eval-rmse:9.70758
[100]	eval-rmse:2.77192
[200]	eval-rmse:2.12866
[300]	eval-rmse:2.08820
[396]	eval-rmse:2.08211
{'MSE - mean': 4.403095422462632, 'MSE - std': 0.21850679240574872, 'R2 - mean': 0.5573583755589298, 'R2 - std': 0.01877141584969535}
[0]	eval-rmse:9.92806
[100]	eval-rmse:3.11370
[200]	eval-rmse:2.42294
[300]	eval-rmse:2.34751
[400]	eval-rmse:2.33127
[500]	eval-rmse:2.32515
[600]	eval-rmse:2.31821
[689]	eval-rmse:2.31693
{'MSE - mean': 4.596136112959696, 'MSE - std': 0.4327297163499309, 'R2 - mean': 0.5570953753215132, 'R2 - std': 0.016797902217279385}
