Trial 38 finished with value: 17095977753.8664 and parameters: {'max_depth': 10, 'alpha': 1.5160103769660364e-07, 'lambda': 1.1032850441931411e-06, 'eta': 0.03519904305382672}. Best is trial 34 with value: 14170072634.42287.
[0]	eval-rmse:621376.43750
[100]	eval-rmse:124351.35156
[200]	eval-rmse:112888.60156
[300]	eval-rmse:108735.65625
[400]	eval-rmse:106292.24219
[500]	eval-rmse:104946.96094
[600]	eval-rmse:103913.02344
[700]	eval-rmse:103166.71875
[800]	eval-rmse:102441.03906
[824]	eval-rmse:102514.13281
{'MSE - mean': 10510335219.6108, 'MSE - std': 0.0, 'R2 - mean': 0.9181548792821937, 'R2 - std': 0.0}
[0]	eval-rmse:626812.37500
[100]	eval-rmse:151435.51562
[200]	eval-rmse:143843.65625
[300]	eval-rmse:141461.84375
[400]	eval-rmse:140101.43750
[500]	eval-rmse:139222.79688
[544]	eval-rmse:138807.95312
{'MSE - mean': 14888990618.073795, 'MSE - std': 4378655398.4629965, 'R2 - mean': 0.8902983395304925, 'R2 - std': 0.027856539751701215}
[0]	eval-rmse:643470.37500
[100]	eval-rmse:138129.17188
[200]	eval-rmse:126575.75781
[300]	eval-rmse:122554.06250
[400]	eval-rmse:120173.43750
[500]	eval-rmse:118718.22656
[600]	eval-rmse:117526.79688
[700]	eval-rmse:116646.58594
[800]	eval-rmse:115919.18750
[900]	eval-rmse:115346.25000
[999]	eval-rmse:114822.52344
{'MSE - mean': 14320730898.708275, 'MSE - std': 3664367196.3427544, 'R2 - mean': 0.897610084484341, 'R2 - std': 0.024984950800411746}
[0]	eval-rmse:615884.87500
[100]	eval-rmse:133997.39062
[200]	eval-rmse:124234.50000
[300]	eval-rmse:120741.76562
[400]	eval-rmse:118860.94531
[500]	eval-rmse:117982.46094
[600]	eval-rmse:117204.68750
[648]	eval-rmse:116934.75781
{'MSE - mean': 14158982947.649326, 'MSE - std': 3185777363.727721, 'R2 - mean': 0.8949934396221711, 'R2 - std': 0.022107155309501154}
[0]	eval-rmse:631648.18750
[100]	eval-rmse:143995.54688
[200]	eval-rmse:138302.76562
[300]	eval-rmse:134954.54688
[400]	eval-rmse:133669.60938
[500]	eval-rmse:132609.82812
[562]	eval-rmse:132358.37500
{'MSE - mean': 14830934278.460012, 'MSE - std': 3150462869.6280446, 'R2 - mean': 0.8898286321441514, 'R2 - std': 0.022308787457922558}
Trial 39 finished with value: 14830934278.460012 and parameters: {'max_depth': 4, 'alpha': 0.029006602459118257, 'lambda': 3.6656639770644825e-08, 'eta': 0.04324384058612212}. Best is trial 34 with value: 14170072634.42287.
[0]	eval-rmse:591138.81250
[100]	eval-rmse:108519.83594
[200]	eval-rmse:104532.43750
[300]	eval-rmse:103265.32031
[365]	eval-rmse:103084.04688
{'MSE - mean': 10626319977.20568, 'MSE - std': 0.0, 'R2 - mean': 0.9172516933905519, 'R2 - std': 0.0}
[0]	eval-rmse:596683.31250
[100]	eval-rmse:140425.51562
[200]	eval-rmse:137984.25000
[256]	eval-rmse:137494.50000
{'MSE - mean': 14765528674.061241, 'MSE - std': 4139208696.8555603, 'R2 - mean': 0.8911422099768618, 'R2 - std': 0.026109483413690182}
[0]	eval-rmse:612939.43750
[100]	eval-rmse:122447.12500
[200]	eval-rmse:117848.46094
[300]	eval-rmse:115666.25781
[400]	eval-rmse:114790.57812
[410]	eval-rmse:114844.72656
{'MSE - mean': 14240122566.408155, 'MSE - std': 3460366393.895518, 'R2 - mean': 0.8981613504546804, 'R2 - std': 0.023516095527274027}
[0]	eval-rmse:585464.87500
[100]	eval-rmse:119026.27344
[200]	eval-rmse:115909.95312
[234]	eval-rmse:115756.91406
{'MSE - mean': 14030007979.028738, 'MSE - std': 3018782222.103802, 'R2 - mean': 0.8959724098003716, 'R2 - std': 0.02071543977810185}
[0]	eval-rmse:601330.56250
[100]	eval-rmse:128865.38281
[200]	eval-rmse:126863.66406
[300]	eval-rmse:125302.68750
[339]	eval-rmse:125115.46094
{'MSE - mean': 14354782195.858303, 'MSE - std': 2777111818.285502, 'R2 - mean': 0.8933971778344786, 'R2 - std': 0.019230986320851066}
Trial 40 finished with value: 14354782195.858303 and parameters: {'max_depth': 5, 'alpha': 0.0001332887108903978, 'lambda': 6.900903390472991e-05, 'eta': 0.09380504794652979}. Best is trial 34 with value: 14170072634.42287.
[0]	eval-rmse:601794.75000
[100]	eval-rmse:110436.60938
[200]	eval-rmse:107551.76562
[300]	eval-rmse:106600.40625
[400]	eval-rmse:106047.00781
{'MSE - mean': 11245967060.306442, 'MSE - std': 0.0, 'R2 - mean': 0.9124264343232491, 'R2 - std': 0.0}
[0]	eval-rmse:607540.37500
[100]	eval-rmse:140022.17188
[200]	eval-rmse:138087.15625
[208]	eval-rmse:137994.15625
{'MSE - mean': 15144177246.825611, 'MSE - std': 3898210186.519169, 'R2 - mean': 0.8882382154152334, 'R2 - std': 0.024188218908015702}
[0]	eval-rmse:622655.75000
[100]	eval-rmse:122597.77344
[200]	eval-rmse:117923.57812
[300]	eval-rmse:116184.75781
[400]	eval-rmse:115438.63281
[466]	eval-rmse:115141.14062
{'MSE - mean': 14515278774.310095, 'MSE - std': 3304802820.590952, 'R2 - mean': 0.8960740830698265, 'R2 - std': 0.022646153457677017}
[0]	eval-rmse:596336.43750
[100]	eval-rmse:118631.27344
[200]	eval-rmse:115689.07031
[300]	eval-rmse:114397.27344
[339]	eval-rmse:114066.39062
{'MSE - mean': 14139244172.495468, 'MSE - std': 2935216742.8530874, 'R2 - mean': 0.8952086317157675, 'R2 - std': 0.019669347166599613}
[0]	eval-rmse:611441.75000
[100]	eval-rmse:126683.80469
[189]	eval-rmse:124855.08594
{'MSE - mean': 14428241057.988354, 'MSE - std': 2688210308.238257, 'R2 - mean': 0.8928901858158416, 'R2 - std': 0.018193607117108743}
Trial 41 finished with value: 14428241057.988354 and parameters: {'max_depth': 6, 'alpha': 2.5738678884932714e-07, 'lambda': 6.370271932490762e-08, 'eta': 0.07462507747662309}. Best is trial 34 with value: 14170072634.42287.
[0]	eval-rmse:605182.68750
[100]	eval-rmse:111468.54688
[200]	eval-rmse:109653.72656
[300]	eval-rmse:108948.16406
[310]	eval-rmse:108898.42969
{'MSE - mean': 11860022328.84466, 'MSE - std': 0.0, 'R2 - mean': 0.9076447193226522, 'R2 - std': 0.0}
[0]	eval-rmse:610760.18750
[100]	eval-rmse:143623.48438
[200]	eval-rmse:141920.35938
[226]	eval-rmse:141951.71875
{'MSE - mean': 16005975139.34977, 'MSE - std': 4145952810.505109, 'R2 - mean': 0.8818866665987086, 'R2 - std': 0.025758052723943603}
[0]	eval-rmse:626777.12500
[100]	eval-rmse:121867.57031
[200]	eval-rmse:118223.11719
[270]	eval-rmse:117556.26562
{'MSE - mean': 15277141865.450325, 'MSE - std': 3538598454.2248883, 'R2 - mean': 0.8905926660042098, 'R2 - std': 0.024370208001782568}
[0]	eval-rmse:599348.62500
[100]	eval-rmse:118308.16406
[200]	eval-rmse:116495.00781
[300]	eval-rmse:115665.64062
[400]	eval-rmse:115112.85156
[500]	eval-rmse:114729.79688
[552]	eval-rmse:114597.57031
{'MSE - mean': 14741039278.066385, 'MSE - std': 3202105122.849864, 'R2 - mean': 0.8908466801365265, 'R2 - std': 0.021109804548499735}
[0]	eval-rmse:615034.68750
[100]	eval-rmse:132789.59375
[200]	eval-rmse:130789.36719
[300]	eval-rmse:129978.07031
[400]	eval-rmse:129543.13281
[401]	eval-rmse:129529.90625
{'MSE - mean': 15148430875.859188, 'MSE - std': 2977692635.251961, 'R2 - mean': 0.8876176028070455, 'R2 - std': 0.019955120647587116}
Trial 42 finished with value: 15148430875.859188 and parameters: {'max_depth': 7, 'alpha': 5.693900683429466e-07, 'lambda': 1.521805600556877e-07, 'eta': 0.0682978150643261}. Best is trial 34 with value: 14170072634.42287.
[0]	eval-rmse:595646.68750
[100]	eval-rmse:110238.77344
[200]	eval-rmse:107247.34375
[233]	eval-rmse:107146.61719
{'MSE - mean': 11480397311.77176, 'MSE - std': 0.0, 'R2 - mean': 0.9106009005195999, 'R2 - std': 0.0}
[0]	eval-rmse:601502.93750
[100]	eval-rmse:139369.87500
[200]	eval-rmse:137310.31250
[241]	eval-rmse:137204.68750
{'MSE - mean': 15152763025.653309, 'MSE - std': 3672365713.881547, 'R2 - mean': 0.8881009899282046, 'R2 - std': 0.022499910591395167}
[0]	eval-rmse:616329.68750
[100]	eval-rmse:122174.92969
[200]	eval-rmse:118790.06250
[300]	eval-rmse:117726.63281
[400]	eval-rmse:117085.55469
[449]	eval-rmse:116967.45312
{'MSE - mean': 14662303874.304924, 'MSE - std': 3077652836.5966225, 'R2 - mean': 0.8950419663326378, 'R2 - std': 0.020829105229005374}
[0]	eval-rmse:590222.06250
[100]	eval-rmse:119688.05469
[200]	eval-rmse:116370.75000
[249]	eval-rmse:115918.97656
{'MSE - mean': 14357100116.138533, 'MSE - std': 2717242764.0818357, 'R2 - mean': 0.8935465716024872, 'R2 - std': 0.018223537929766005}
[0]	eval-rmse:605200.00000
[100]	eval-rmse:128672.25000
[200]	eval-rmse:126427.40625
[300]	eval-rmse:125723.25781
[325]	eval-rmse:125687.88281
{'MSE - mean': 14643878077.229706, 'MSE - std': 2497136958.0050106, 'R2 - mean': 0.8912517174799287, 'R2 - std': 0.016933496080768197}
Trial 43 finished with value: 14643878077.229706 and parameters: {'max_depth': 6, 'alpha': 1.4705142662324882e-07, 'lambda': 2.841473766933685e-06, 'eta': 0.08489996698556343}. Best is trial 34 with value: 14170072634.42287.
[0]	eval-rmse:610340.00000
[100]	eval-rmse:116447.80469
[200]	eval-rmse:115010.58594
[272]	eval-rmse:114733.28906
{'MSE - mean': 13163885798.882309, 'MSE - std': 0.0, 'R2 - mean': 0.8974913930133586, 'R2 - std': 0.0}
[0]	eval-rmse:615941.50000
[100]	eval-rmse:145975.76562
[199]	eval-rmse:144829.40625
{'MSE - mean': 17069721943.271164, 'MSE - std': 3905836144.388855, 'R2 - mean': 0.8738699172678059, 'R2 - std': 0.023621475745552623}
[0]	eval-rmse:631801.12500
[100]	eval-rmse:127556.19531
[200]	eval-rmse:125344.21875
[300]	eval-rmse:124995.40625
[342]	eval-rmse:124892.11719
{'MSE - mean': 16579161739.177267, 'MSE - std': 3263689520.39828, 'R2 - mean': 0.8813015675916742, 'R2 - std': 0.02196455320141197}
[0]	eval-rmse:604654.87500
[100]	eval-rmse:118347.15625
[200]	eval-rmse:116907.42188
[228]	eval-rmse:116850.17188
{'MSE - mean': 15847862064.044651, 'MSE - std': 3097281002.5432596, 'R2 - mean': 0.88280285747648, 'R2 - std': 0.01919877110540941}
[0]	eval-rmse:620156.75000
[100]	eval-rmse:135644.54688
[200]	eval-rmse:134610.15625
[300]	eval-rmse:134505.10938
[313]	eval-rmse:134502.81250
{'MSE - mean': 16296392776.902363, 'MSE - std': 2911913269.3950353, 'R2 - mean': 0.8792221575085304, 'R2 - std': 0.018605372842494264}
Trial 44 finished with value: 16296392776.902363 and parameters: {'max_depth': 9, 'alpha': 9.019121551144207e-06, 'lambda': 6.381647511564978e-07, 'eta': 0.05902989566200266}. Best is trial 34 with value: 14170072634.42287.
[0]	eval-rmse:617743.43750
[100]	eval-rmse:115656.21094
[200]	eval-rmse:108350.10156
[300]	eval-rmse:105866.67188
[400]	eval-rmse:104639.47656
[500]	eval-rmse:103777.57812
[600]	eval-rmse:103165.50000
[637]	eval-rmse:103038.20312
{'MSE - mean': 10617744854.874928, 'MSE - std': 0.0, 'R2 - mean': 0.9173184687985352, 'R2 - std': 0.0}
[0]	eval-rmse:623000.37500
[100]	eval-rmse:142403.50000
[200]	eval-rmse:137543.84375
[300]	eval-rmse:136039.48438
[400]	eval-rmse:135363.79688
[500]	eval-rmse:134746.84375
[552]	eval-rmse:134611.06250
{'MSE - mean': 14368521343.213943, 'MSE - std': 3750776488.339016, 'R2 - mean': 0.8939793560985847, 'R2 - std': 0.02333911269995048}
[0]	eval-rmse:639710.25000
[100]	eval-rmse:129508.52344
[200]	eval-rmse:121332.52344
[300]	eval-rmse:118670.75000
[400]	eval-rmse:117080.25000
[500]	eval-rmse:115784.53125
[600]	eval-rmse:114897.25781
[650]	eval-rmse:114697.95312
{'MSE - mean': 13963331476.128777, 'MSE - std': 3115644475.935623, 'R2 - mean': 0.9001334601563663, 'R2 - std': 0.020949672581101034}
[0]	eval-rmse:612043.93750
[100]	eval-rmse:125800.97656
[200]	eval-rmse:119258.78125
[300]	eval-rmse:117428.05469
[387]	eval-rmse:116535.50000
{'MSE - mean': 13865392309.68761, 'MSE - std': 2703554441.1553273, 'R2 - mean': 0.8970967751463834, 'R2 - std': 0.018889969652994894}
[0]	eval-rmse:628011.00000
[100]	eval-rmse:134875.23438
[200]	eval-rmse:130073.14844
[300]	eval-rmse:128272.54688
[366]	eval-rmse:127762.42969
{'MSE - mean': 14355976259.89682, 'MSE - std': 2609608350.2786484, 'R2 - mean': 0.8933042680524244, 'R2 - std': 0.01852018366603781}
Trial 45 finished with value: 14355976259.89682 and parameters: {'max_depth': 5, 'alpha': 3.604443784664521e-08, 'lambda': 1.475044065815507e-07, 'eta': 0.04872504608276039}. Best is trial 34 with value: 14170072634.42287.
[0]	eval-rmse:547879.68750
[100]	eval-rmse:109056.61719
[165]	eval-rmse:108359.63281
{'MSE - mean': 11741816061.405596, 'MSE - std': 0.0, 'R2 - mean': 0.9085652043524827, 'R2 - std': 0.0}
[0]	eval-rmse:554364.37500
[89]	eval-rmse:143158.34375
{'MSE - mean': 16116722895.96207, 'MSE - std': 4374906834.556474, 'R2 - mean': 0.8811342865254799, 'R2 - std': 0.027430917827002854}
[0]	eval-rmse:568729.31250
[100]	eval-rmse:124488.67969
[170]	eval-rmse:123741.07031
{'MSE - mean': 15848432308.44042, 'MSE - std': 3592190541.4484053, 'R2 - mean': 0.8867795301829527, 'R2 - std': 0.02377760263621339}
[0]	eval-rmse:541891.81250
[100]	eval-rmse:118846.62500
[200]	eval-rmse:117945.58594
[218]	eval-rmse:118064.61719
{'MSE - mean': 15371543459.502386, 'MSE - std': 3218717693.007243, 'R2 - mean': 0.8863193169872523, 'R2 - std': 0.020607430186724805}
[0]	eval-rmse:557177.93750
[100]	eval-rmse:132874.68750
[109]	eval-rmse:132781.51562
{'MSE - mean': 15825757182.444351, 'MSE - std': 3018833432.678507, 'R2 - mean': 0.8827043171914676, 'R2 - std': 0.019799137284606198}
Trial 46 finished with value: 15825757182.444351 and parameters: {'max_depth': 7, 'alpha': 1.1444405195819867e-06, 'lambda': 4.116534630104198e-06, 'eta': 0.1634296490238778}. Best is trial 34 with value: 14170072634.42287.
[0]	eval-rmse:592911.31250
[100]	eval-rmse:120361.64062
[200]	eval-rmse:111796.28906
[300]	eval-rmse:108245.04688
[400]	eval-rmse:105912.17188
[500]	eval-rmse:104741.01562
[581]	eval-rmse:104061.75000
{'MSE - mean': 10830337811.42554, 'MSE - std': 0.0, 'R2 - mean': 0.9156629843797152, 'R2 - std': 0.0}
[0]	eval-rmse:599175.75000
[100]	eval-rmse:148583.62500
[200]	eval-rmse:144687.34375
[300]	eval-rmse:141558.15625
[400]	eval-rmse:140561.17188
[500]	eval-rmse:139854.28125
{'MSE - mean': 15194777865.4732, 'MSE - std': 4364440054.047659, 'R2 - mean': 0.8880115771770296, 'R2 - std': 0.027651407202685552}
[0]	eval-rmse:615629.43750
[100]	eval-rmse:135093.06250
[200]	eval-rmse:126990.44531
[300]	eval-rmse:123520.67188
[400]	eval-rmse:120901.60156
[420]	eval-rmse:121177.86719
{'MSE - mean': 15022807500.898409, 'MSE - std': 3571839713.1125107, 'R2 - mean': 0.8927689689913906, 'R2 - std': 0.023558418890278942}
[0]	eval-rmse:587428.62500
[100]	eval-rmse:127662.54688
[200]	eval-rmse:119451.42188
[300]	eval-rmse:116154.75000
[400]	eval-rmse:114697.85156
[466]	eval-rmse:114098.92188
{'MSE - mean': 14521746412.791748, 'MSE - std': 3212742729.222127, 'R2 - mean': 0.8927144801360596, 'R2 - std': 0.020402407518806565}
[0]	eval-rmse:602937.50000
[100]	eval-rmse:137534.25000
[200]	eval-rmse:131122.87500
[300]	eval-rmse:128457.81250
[400]	eval-rmse:126642.74219
[421]	eval-rmse:126884.39062
{'MSE - mean': 14837326821.408726, 'MSE - std': 2942063332.5180383, 'R2 - mean': 0.890125029628055, 'R2 - std': 0.0189691223250942}
Trial 47 finished with value: 14837326821.408726 and parameters: {'max_depth': 3, 'alpha': 9.2349947645441e-08, 'lambda': 1.2640414983701214e-05, 'eta': 0.09440526245661933}. Best is trial 34 with value: 14170072634.42287.
[0]	eval-rmse:532268.43750
[100]	eval-rmse:107583.11719
[200]	eval-rmse:104513.80469
[293]	eval-rmse:103282.97656
{'MSE - mean': 10664712329.164148, 'MSE - std': 0.0, 'R2 - mean': 0.9169527279803128, 'R2 - std': 0.0}
[0]	eval-rmse:539593.75000
[100]	eval-rmse:143668.62500
[148]	eval-rmse:142936.82812
{'MSE - mean': 15547823247.57486, 'MSE - std': 4883110918.410712, 'R2 - mean': 0.8855447113560239, 'R2 - std': 0.03140801662428894}
[0]	eval-rmse:554103.50000
[100]	eval-rmse:123461.28125
[200]	eval-rmse:120321.28906
[285]	eval-rmse:119484.78906
{'MSE - mean': 15124086924.940832, 'MSE - std': 4031825860.563271, 'R2 - mean': 0.8920169812085303, 'R2 - std': 0.02722908174975915}
[0]	eval-rmse:527615.93750
[100]	eval-rmse:117239.08594
[164]	eval-rmse:116300.50000
{'MSE - mean': 14724517122.287346, 'MSE - std': 3559590272.6307855, 'R2 - mean': 0.89110385085941, 'R2 - std': 0.023634055741762857}
[0]	eval-rmse:542311.93750
[100]	eval-rmse:135953.76562
[124]	eval-rmse:136179.54688
{'MSE - mean': 15483625558.655682, 'MSE - std': 3527255136.7697363, 'R2 - mean': 0.8852213825911516, 'R2 - std': 0.024192325319242702}
Trial 48 finished with value: 15483625558.655682 and parameters: {'max_depth': 4, 'alpha': 0.0005271939534214925, 'lambda': 0.0002189959963667938, 'eta': 0.19784938453313344}. Best is trial 34 with value: 14170072634.42287.
[0]	eval-rmse:599922.31250
[100]	eval-rmse:111707.46094
[200]	eval-rmse:110213.80469
[294]	eval-rmse:110027.46094
{'MSE - mean': 12105941569.153873, 'MSE - std': 0.0, 'R2 - mean': 0.9057297195163297, 'R2 - std': 0.0}
[0]	eval-rmse:605420.37500
[100]	eval-rmse:142734.40625
[200]	eval-rmse:141639.09375
[274]	eval-rmse:141357.78125
{'MSE - mean': 16043981239.72581, 'MSE - std': 3938039670.5719357, 'R2 - mean': 0.8815356784237143, 'R2 - std': 0.024194041092615526}
[0]	eval-rmse:621304.75000
[100]	eval-rmse:123305.50000
[200]	eval-rmse:120894.10938
[271]	eval-rmse:120579.15625
{'MSE - mean': 15540540930.840698, 'MSE - std': 3293277281.6582294, 'R2 - mean': 0.8887739130933943, 'R2 - std': 0.022249011180892883}
[0]	eval-rmse:594160.81250
[100]	eval-rmse:118163.35156
[200]	eval-rmse:116618.57812
[300]	eval-rmse:115992.98438
[400]	eval-rmse:115700.52344
[481]	eval-rmse:115522.38281
{'MSE - mean': 14991964788.637077, 'MSE - std': 3006170951.858806, 'R2 - mean': 0.8890420737620826, 'R2 - std': 0.019273806171286365}
[0]	eval-rmse:609731.87500
[100]	eval-rmse:131157.28125
[200]	eval-rmse:129733.43750
[212]	eval-rmse:129732.33594
{'MSE - mean': 15359667708.997232, 'MSE - std': 2787556776.821826, 'R2 - mean': 0.8860955300182658, 'R2 - std': 0.01821845667447039}
Trial 49 finished with value: 15359667708.997232 and parameters: {'max_depth': 8, 'alpha': 2.715139422084602e-07, 'lambda': 3.515208484784676e-08, 'eta': 0.07656872881863594}. Best is trial 34 with value: 14170072634.42287.
[0]	eval-rmse:577589.00000
[100]	eval-rmse:108541.54688
[200]	eval-rmse:106083.12500
[300]	eval-rmse:104989.85156
[319]	eval-rmse:105067.75781
{'MSE - mean': 11039234935.249838, 'MSE - std': 0.0, 'R2 - mean': 0.9140362798113298, 'R2 - std': 0.0}
[0]	eval-rmse:583775.06250
[100]	eval-rmse:140409.40625
[197]	eval-rmse:138532.09375
{'MSE - mean': 15115574475.357601, 'MSE - std': 4076339540.1077642, 'R2 - mean': 0.8885093778985734, 'R2 - std': 0.025526901912756417}
[0]	eval-rmse:597748.68750
[100]	eval-rmse:121515.41406
[200]	eval-rmse:118614.42969
[300]	eval-rmse:117778.26562
[400]	eval-rmse:117509.51562
[434]	eval-rmse:117601.47656
{'MSE - mean': 14687085730.026138, 'MSE - std': 3383031368.5483494, 'R2 - mean': 0.8949842126514116, 'R2 - std': 0.02276537101964546}
[0]	eval-rmse:572262.75000
[100]	eval-rmse:116243.49219
[199]	eval-rmse:114963.49219
{'MSE - mean': 14320165623.964851, 'MSE - std': 2997927121.0509214, 'R2 - mean': 0.8939614991322391, 'R2 - std': 0.01979480783118339}
[0]	eval-rmse:586873.00000
[100]	eval-rmse:126985.12500
[172]	eval-rmse:126068.69531
{'MSE - mean': 14634795902.949741, 'MSE - std': 2754273491.925333, 'R2 - mean': 0.8914308229913861, 'R2 - std': 0.018414255906180815}
Trial 50 finished with value: 14634795902.949741 and parameters: {'max_depth': 6, 'alpha': 8.303916488953647e-07, 'lambda': 1.418818206622842e-06, 'eta': 0.11514229768028887}. Best is trial 34 with value: 14170072634.42287.
[0]	eval-rmse:571324.87500
[100]	eval-rmse:108473.14062
[200]	eval-rmse:104677.48438
[300]	eval-rmse:102798.04688
[400]	eval-rmse:102693.75000
[401]	eval-rmse:102677.19531
{'MSE - mean': 10542736734.303225, 'MSE - std': 0.0, 'R2 - mean': 0.9179025651717462, 'R2 - std': 0.0}
[0]	eval-rmse:577095.68750
[100]	eval-rmse:140401.04688
[200]	eval-rmse:137547.70312
[276]	eval-rmse:137677.51562
{'MSE - mean': 14748918065.340542, 'MSE - std': 4206181331.037318, 'R2 - mean': 0.8912878701549516, 'R2 - std': 0.026614695016794532}
[0]	eval-rmse:593008.75000
[100]	eval-rmse:121830.73438
[200]	eval-rmse:117105.71094
[300]	eval-rmse:115676.44531
[400]	eval-rmse:115075.71875
[478]	eval-rmse:114863.83594
{'MSE - mean': 14230313042.544134, 'MSE - std': 3511772097.6335063, 'R2 - mean': 0.8982500414423648, 'R2 - std': 0.0238573186247299}
[0]	eval-rmse:565684.43750
[100]	eval-rmse:120278.38281
[200]	eval-rmse:117262.35156
[300]	eval-rmse:115403.28125
[400]	eval-rmse:114526.92969
[480]	eval-rmse:113981.39062
{'MSE - mean': 13920674103.162603, 'MSE - std': 3088209233.1368814, 'R2 - mean': 0.896880595164603, 'R2 - std': 0.020796751868848183}
[0]	eval-rmse:581465.12500
[100]	eval-rmse:126878.19531
[200]	eval-rmse:125369.56250
[286]	eval-rmse:124657.01562
{'MSE - mean': 14242960078.906757, 'MSE - std': 2836388904.002931, 'R2 - mean': 0.8943056102915176, 'R2 - std': 0.019300935185167196}
Trial 51 finished with value: 14242960078.906757 and parameters: {'max_depth': 5, 'alpha': 3.071420691908157e-06, 'lambda': 2.4810494313932563e-08, 'eta': 0.12751595088763315}. Best is trial 34 with value: 14170072634.42287.
[0]	eval-rmse:568031.93750
[100]	eval-rmse:108678.70312
[188]	eval-rmse:106509.58594
{'MSE - mean': 11360633903.222881, 'MSE - std': 0.0, 'R2 - mean': 0.9115335111762011, 'R2 - std': 0.0}
[0]	eval-rmse:573841.43750
[100]	eval-rmse:141165.53125
[200]	eval-rmse:139564.32812
[282]	eval-rmse:138926.71875
{'MSE - mean': 15330633940.29047, 'MSE - std': 3970000037.067589, 'R2 - mean': 0.8868698994081858, 'R2 - std': 0.024663611768015237}
[0]	eval-rmse:589697.00000
[100]	eval-rmse:121815.18750
[200]	eval-rmse:118719.21875
[252]	eval-rmse:118215.44531
{'MSE - mean': 14878719570.065336, 'MSE - std': 3303894680.3597913, 'R2 - mean': 0.89356995760832, 'R2 - std': 0.022255577354885446}
[0]	eval-rmse:562398.37500
[100]	eval-rmse:118235.60156
[200]	eval-rmse:115343.35156
[300]	eval-rmse:114551.57812
[400]	eval-rmse:113605.21875
[415]	eval-rmse:113579.82812
{'MSE - mean': 14384134145.334686, 'MSE - std': 2986743087.587261, 'R2 - mean': 0.893559082770591, 'R2 - std': 0.019273904569021665}
[0]	eval-rmse:578164.06250
[100]	eval-rmse:127282.49219
[173]	eval-rmse:125614.15625
{'MSE - mean': 14663090450.86292, 'MSE - std': 2729060992.0952806, 'R2 - mean': 0.8912797606018051, 'R2 - std': 0.01783165601017134}
