Trial 71 finished with value: 719339.2437599901 and parameters: {'max_depth': 4, 'alpha': 0.03703993641844174, 'lambda': 0.5958500031701285, 'eta': 0.09800985156681141}. Best is trial 69 with value: 704821.4517472989.
[0]	train-rmse:28584.71289	eval-rmse:31163.71484
[79]	train-rmse:491.34701	eval-rmse:954.29791
Saved Losses
{'MSE - mean': 910684.5528178267, 'MSE - std': 0.0, 'R2 - mean': 0.9989921138561768, 'R2 - std': 0.0} 
 

[0]	train-rmse:29498.15820	eval-rmse:27547.17969
[100]	train-rmse:454.24237	eval-rmse:795.54224
[109]	train-rmse:439.73767	eval-rmse:794.27905
Saved Losses
{'MSE - mean': 770781.8991122813, 'MSE - std': 139902.65370554547, 'R2 - mean': 0.9990770019935542, 'R2 - std': 8.488813737739243e-05} 
 

[0]	train-rmse:29903.49023	eval-rmse:25739.46094
[100]	train-rmse:469.85745	eval-rmse:862.75696
[165]	train-rmse:363.26062	eval-rmse:859.39777
Saved Losses
{'MSE - mean': 759957.1484351043, 'MSE - std': 115251.25652394688, 'R2 - mean': 0.9990207824116677, 'R2 - std': 0.00010547644296211093} 
 

[0]	train-rmse:28664.72266	eval-rmse:30870.79297
[87]	train-rmse:485.45783	eval-rmse:841.75562
Saved Losses
{'MSE - mean': 747471.9761672338, 'MSE - std': 102126.28299040685, 'R2 - mean': 0.9990669196804376, 'R2 - std': 0.00012136681063455731} 
 

[0]	train-rmse:28919.83984	eval-rmse:29901.02148
[100]	train-rmse:447.79025	eval-rmse:751.03644
[172]	train-rmse:351.63733	eval-rmse:746.09094
Saved Losses
{'MSE - mean': 709392.0819760645, 'MSE - std': 118929.11968223733, 'R2 - mean': 0.9991227544751178, 'R2 - std': 0.00015573701989838687} 
 

Results After CV: {'MSE - mean': 709392.0819760645, 'MSE - std': 118929.11968223733, 'R2 - mean': 0.9991227544751178, 'R2 - std': 0.00015573701989838687}
Train time: 0.4501852276000136
Inference time: 0.02408454400000437
Finished cross validation
Trial 72 finished with value: 709392.0819760645 and parameters: {'max_depth': 4, 'alpha': 0.03985050654000651, 'lambda': 0.8264723851228767, 'eta': 0.09761140469468223}. Best is trial 69 with value: 704821.4517472989.
[0]	train-rmse:28229.83594	eval-rmse:30779.63867
[71]	train-rmse:441.85001	eval-rmse:957.93634
Saved Losses
{'MSE - mean': 917642.0226020137, 'MSE - std': 0.0, 'R2 - mean': 0.9989844137833362, 'R2 - std': 0.0} 
 

[0]	train-rmse:29132.68750	eval-rmse:27205.15234
[100]	train-rmse:394.56647	eval-rmse:826.06372
[102]	train-rmse:389.95017	eval-rmse:825.07703
Saved Losses
{'MSE - mean': 799220.4725339814, 'MSE - std': 118421.55006803223, 'R2 - mean': 0.999039993334221, 'R2 - std': 5.5579550884754525e-05} 
 

[0]	train-rmse:29533.32422	eval-rmse:25419.04492
[100]	train-rmse:393.11050	eval-rmse:885.11676
[188]	train-rmse:241.05653	eval-rmse:864.22931
Saved Losses
{'MSE - mean': 781703.4106374565, 'MSE - std': 99813.84637739573, 'R2 - mean': 0.9989919888172238, 'R2 - std': 8.165940416536456e-05} 
 

[0]	train-rmse:28308.78711	eval-rmse:30487.65820
[78]	train-rmse:436.66135	eval-rmse:878.91773
Saved Losses
{'MSE - mean': 779401.6548509066, 'MSE - std': 86533.21434911864, 'R2 - mean': 0.9990278422027018, 'R2 - std': 9.411476752974946e-05} 
 

[0]	train-rmse:28561.04492	eval-rmse:29530.99805
[100]	train-rmse:376.74524	eval-rmse:764.05847
[200]	train-rmse:218.90512	eval-rmse:741.36737
[300]	train-rmse:144.26582	eval-rmse:732.98602
[326]	train-rmse:125.89900	eval-rmse:733.39648
Saved Losses
{'MSE - mean': 731095.4089654946, 'MSE - std': 123791.64476910359, 'R2 - mean': 0.9990960004741041, 'R2 - std': 0.0001602132061220964} 
 

Results After CV: {'MSE - mean': 731095.4089654946, 'MSE - std': 123791.64476910359, 'R2 - mean': 0.9990960004741041, 'R2 - std': 0.0001602132061220964}
Train time: 0.5550981263999916
Inference time: 0.009437243799993666
Finished cross validation
Trial 73 finished with value: 731095.4089654946 and parameters: {'max_depth': 4, 'alpha': 0.002127772857341044, 'lambda': 1.4012887021685008e-08, 'eta': 0.10835233409524643}. Best is trial 69 with value: 704821.4517472989.
[0]	train-rmse:27630.41602	eval-rmse:30122.47656
[67]	train-rmse:310.81949	eval-rmse:967.29297
Saved Losses
{'MSE - mean': 935655.7493471449, 'MSE - std': 0.0, 'R2 - mean': 0.9989644773678904, 'R2 - std': 0.0} 
 

[0]	train-rmse:28512.90039	eval-rmse:26627.76953
[100]	train-rmse:264.62585	eval-rmse:804.80225
[109]	train-rmse:240.67668	eval-rmse:805.10242
Saved Losses
{'MSE - mean': 792053.8237274609, 'MSE - std': 143601.92561968393, 'R2 - mean': 0.9990515112988099, 'R2 - std': 8.703393091952227e-05} 
 

[0]	train-rmse:28904.55859	eval-rmse:24881.16797
[92]	train-rmse:298.13882	eval-rmse:862.56372
Saved Losses
{'MSE - mean': 776041.2850151955, 'MSE - std': 119417.24395222167, 'R2 - mean': 0.9990009750687001, 'R2 - std': 0.00010078570266466944} 
 

[0]	train-rmse:27707.86523	eval-rmse:29840.60547
[67]	train-rmse:353.59634	eval-rmse:834.06982
Saved Losses
{'MSE - mean': 755949.0997472096, 'MSE - std': 109116.66390330825, 'R2 - mean': 0.9990560776921209, 'R2 - std': 0.0001293337377475883} 
 

[0]	train-rmse:27954.28320	eval-rmse:28902.44922
[96]	train-rmse:277.06995	eval-rmse:759.21216
Saved Losses
{'MSE - mean': 720039.9099187099, 'MSE - std': 121173.58098887281, 'R2 - mean': 0.9991095427205524, 'R2 - std': 0.0001575303451291064} 
 

Results After CV: {'MSE - mean': 720039.9099187099, 'MSE - std': 121173.58098887281, 'R2 - mean': 0.9991095427205524, 'R2 - std': 0.0001575303451291064}
Train time: 0.4603605266000045
Inference time: 0.007347320599990326
Finished cross validation
Trial 74 finished with value: 720039.9099187099 and parameters: {'max_depth': 5, 'alpha': 0.060640545357102615, 'lambda': 0.9349243498553474, 'eta': 0.12800138104790018}. Best is trial 69 with value: 704821.4517472989.
[0]	train-rmse:28842.09961	eval-rmse:31444.96094
[83]	train-rmse:134.44495	eval-rmse:1018.13892
Saved Losses
{'MSE - mean': 1036606.8825232368, 'MSE - std': 0.0, 'R2 - mean': 0.9988527512515128, 'R2 - std': 0.0} 
 

[0]	train-rmse:29764.67578	eval-rmse:27796.19727
[100]	train-rmse:121.18400	eval-rmse:883.01965
[135]	train-rmse:63.39572	eval-rmse:880.85620
Saved Losses
{'MSE - mean': 906257.2097619099, 'MSE - std': 130349.67276132695, 'R2 - mean': 0.9989109871667292, 'R2 - std': 5.823591521642024e-05} 
 

[0]	train-rmse:30174.25391	eval-rmse:25972.50977
[100]	train-rmse:124.28542	eval-rmse:855.33270
[128]	train-rmse:80.74883	eval-rmse:855.23315
Saved Losses
{'MSE - mean': 848148.1973579928, 'MSE - std': 134464.39220517527, 'R2 - mean': 0.9989132490908555, 'R2 - std': 4.765690382552995e-05} 
 

[0]	train-rmse:28922.90430	eval-rmse:31149.59766
[83]	train-rmse:145.66823	eval-rmse:917.94983
Saved Losses
{'MSE - mean': 846643.9397833983, 'MSE - std': 116478.72316815023, 'R2 - mean': 0.9989493031530113, 'R2 - std': 7.485366761534901e-05} 
 

[0]	train-rmse:29180.65234	eval-rmse:30171.27539
[100]	train-rmse:101.87157	eval-rmse:764.21478
[155]	train-rmse:42.25476	eval-rmse:763.46875
Saved Losses
{'MSE - mean': 793892.0671483909, 'MSE - std': 148272.97335221356, 'R2 - mean': 0.9990226014756305, 'R2 - std': 0.0001611615141386492} 
 

Results After CV: {'MSE - mean': 793892.0671483909, 'MSE - std': 148272.97335221356, 'R2 - mean': 0.9990226014756305, 'R2 - std': 0.0001611615141386492}
Train time: 0.980070411600002
Inference time: 0.01459693659999175
Finished cross validation
Trial 75 finished with value: 793892.0671483909 and parameters: {'max_depth': 7, 'alpha': 0.017856464635761075, 'lambda': 0.1427413257449452, 'eta': 0.0890470415837718}. Best is trial 69 with value: 704821.4517472989.
[0]	train-rmse:27021.86328	eval-rmse:29458.57812
[60]	train-rmse:431.42612	eval-rmse:965.95685
Saved Losses
{'MSE - mean': 936742.5139267335, 'MSE - std': 0.0, 'R2 - mean': 0.9989632746078809, 'R2 - std': 0.0} 
 

[0]	train-rmse:27885.43945	eval-rmse:26042.03125
[85]	train-rmse:396.94855	eval-rmse:808.61090
Saved Losses
{'MSE - mean': 794380.4471776241, 'MSE - std': 142362.06674910942, 'R2 - mean': 0.9990485409202586, 'R2 - std': 8.526631237770754e-05} 
 

[0]	train-rmse:28268.60742	eval-rmse:24334.66211
[100]	train-rmse:336.77206	eval-rmse:885.41626
[107]	train-rmse:325.85330	eval-rmse:880.57214
Saved Losses
{'MSE - mean': 788056.0886717648, 'MSE - std': 116581.73264741433, 'R2 - mean': 0.9989835232278748, 'R2 - std': 0.00011533211462342024} 
 

[0]	train-rmse:27097.48828	eval-rmse:29183.20508
[63]	train-rmse:431.12933	eval-rmse:842.50482
Saved Losses
{'MSE - mean': 768495.664420493, 'MSE - std': 106495.56742406757, 'R2 - mean': 0.9990390318324218, 'R2 - std': 0.00013863526980498076} 
 

[0]	train-rmse:27338.67383	eval-rmse:28265.85156
[86]	train-rmse:349.84259	eval-rmse:760.51459
Saved Losses
{'MSE - mean': 730433.2384276434, 'MSE - std': 121934.56357663276, 'R2 - mean': 0.9990954880605226, 'R2 - std': 0.00016770513764516096} 
 

Results After CV: {'MSE - mean': 730433.2384276434, 'MSE - std': 121934.56357663276, 'R2 - mean': 0.9990954880605226, 'R2 - std': 0.00016770513764516096}
Train time: 0.39689037779999126
Inference time: 0.010842375599986553
Finished cross validation
Trial 76 finished with value: 730433.2384276434 and parameters: {'max_depth': 4, 'alpha': 0.025732752198738995, 'lambda': 0.3868865873852335, 'eta': 0.1468771306431511}. Best is trial 69 with value: 704821.4517472989.
[0]	train-rmse:26164.03320	eval-rmse:28523.72656
[49]	train-rmse:164.63680	eval-rmse:976.71503
Saved Losses
{'MSE - mean': 948059.1164534836, 'MSE - std': 0.0, 'R2 - mean': 0.9989507501318189, 'R2 - std': 0.0} 
 

[0]	train-rmse:27000.91992	eval-rmse:25217.06055
[58]	train-rmse:150.63281	eval-rmse:904.37665
Saved Losses
{'MSE - mean': 883131.9966727076, 'MSE - std': 64927.119780775916, 'R2 - mean': 0.9989318910416403, 'R2 - std': 1.8859090178569016e-05} 
 

[0]	train-rmse:27372.54492	eval-rmse:23565.68750
[82]	train-rmse:90.93053	eval-rmse:837.00269
Saved Losses
{'MSE - mean': 822489.4362532784, 'MSE - std': 100823.57953607081, 'R2 - mean': 0.9989423286897924, 'R2 - std': 2.13307099304334e-05} 
 

[0]	train-rmse:26237.64453	eval-rmse:28258.59961
[62]	train-rmse:123.38454	eval-rmse:907.87360
Saved Losses
{'MSE - mean': 822897.6072272949, 'MSE - std': 87318.6432182835, 'R2 - mean': 0.9989761518982616, 'R2 - std': 6.142701102164858e-05} 
 

[0]	train-rmse:26471.35352	eval-rmse:27369.57227
[100]	train-rmse:50.65561	eval-rmse:736.36029
[102]	train-rmse:49.35050	eval-rmse:736.34076
Saved Losses
{'MSE - mean': 766764.9106850585, 'MSE - std': 136759.4780890769, 'R2 - mean': 0.999053623785618, 'R2 - std': 0.00016439645819977066} 
 

Results After CV: {'MSE - mean': 766764.9106850585, 'MSE - std': 136759.4780890769, 'R2 - mean': 0.999053623785618, 'R2 - std': 0.00016439645819977066}
Train time: 0.5649794017999966
Inference time: 0.008339440599991121
Finished cross validation
Trial 77 finished with value: 766764.9106850585 and parameters: {'max_depth': 6, 'alpha': 0.14119671926202715, 'lambda': 0.021336372496203362, 'eta': 0.17363714639836744}. Best is trial 69 with value: 704821.4517472989.
[0]	train-rmse:29816.15430	eval-rmse:32507.33789
[100]	train-rmse:372.83008	eval-rmse:977.46271
[117]	train-rmse:336.18329	eval-rmse:982.62866
Saved Losses
{'MSE - mean': 968366.1758804767, 'MSE - std': 0.0, 'R2 - mean': 0.9989282756056452, 'R2 - std': 0.0} 
 

[0]	train-rmse:30770.00586	eval-rmse:28734.40430
[100]	train-rmse:428.01862	eval-rmse:867.27246
[178]	train-rmse:281.01858	eval-rmse:851.47980
Saved Losses
{'MSE - mean': 846691.9853982341, 'MSE - std': 121674.19048224256, 'R2 - mean': 0.9989825523222465, 'R2 - std': 5.427671660129807e-05} 
 

[0]	train-rmse:31193.31641	eval-rmse:26848.07617
[100]	train-rmse:409.57599	eval-rmse:870.28845
[193]	train-rmse:234.03215	eval-rmse:855.57245
Saved Losses
{'MSE - mean': 808462.7306029088, 'MSE - std': 113104.7785495873, 'R2 - mean': 0.9989609226986801, 'R2 - std': 5.3848452852430214e-05} 
 

[0]	train-rmse:29899.72070	eval-rmse:32200.86133
[100]	train-rmse:417.48459	eval-rmse:860.73383
[143]	train-rmse:318.53027	eval-rmse:856.38928
Saved Losses
{'MSE - mean': 789493.6377047261, 'MSE - std': 103315.04079369587, 'R2 - mean': 0.9990157096939999, 'R2 - std': 0.00010573356361377722} 
 

[0]	train-rmse:30166.16797	eval-rmse:31190.14648
[100]	train-rmse:358.30481	eval-rmse:779.89117
[197]	train-rmse:206.17619	eval-rmse:762.44629
Saved Losses
{'MSE - mean': 747859.7782599189, 'MSE - std': 124389.35297059096, 'R2 - mean': 0.9990760929976551, 'R2 - std': 0.00015338918677926277} 
 

Results After CV: {'MSE - mean': 747859.7782599189, 'MSE - std': 124389.35297059096, 'R2 - mean': 0.9990760929976551, 'R2 - std': 0.00015338918677926277}
Train time: 0.705847078599993
Inference time: 0.012763527200002045
Finished cross validation
Trial 78 finished with value: 747859.7782599189 and parameters: {'max_depth': 5, 'alpha': 0.007853655437758752, 'lambda': 0.09549490907152415, 'eta': 0.058229217578163635}. Best is trial 69 with value: 704821.4517472989.
[0]	train-rmse:29307.79492	eval-rmse:31952.65039
[100]	train-rmse:480.30447	eval-rmse:944.63306
[104]	train-rmse:466.49490	eval-rmse:949.14148
Saved Losses
{'MSE - mean': 900869.5311768238, 'MSE - std': 0.0, 'R2 - mean': 0.9990029764806528, 'R2 - std': 0.0} 
 

[0]	train-rmse:30245.10156	eval-rmse:28244.32227
[100]	train-rmse:502.51914	eval-rmse:825.76257
[143]	train-rmse:428.73428	eval-rmse:819.29724
Saved Losses
{'MSE - mean': 786058.7240484075, 'MSE - std': 114810.80712841632, 'R2 - mean': 0.9990556188383305, 'R2 - std': 5.2642357677656904e-05} 
 

[0]	train-rmse:30660.99805	eval-rmse:26390.49219
[100]	train-rmse:507.54208	eval-rmse:885.25885
[143]	train-rmse:417.68585	eval-rmse:883.50525
Saved Losses
{'MSE - mean': 784233.0074358758, 'MSE - std': 93778.18209984039, 'R2 - mean': 0.9989856916594869, 'R2 - std': 0.00010782902777049664} 
 

[0]	train-rmse:29389.85742	eval-rmse:31651.68555
[100]	train-rmse:490.86606	eval-rmse:833.30780
[109]	train-rmse:469.66504	eval-rmse:834.30493
Saved Losses
{'MSE - mean': 761964.2889531527, 'MSE - std': 89907.99768124873, 'R2 - mean': 0.9990447590705286, 'R2 - std': 0.00013851787452862506} 
 

[0]	train-rmse:29651.66211	eval-rmse:30657.88281
[100]	train-rmse:484.84521	eval-rmse:779.77063
[195]	train-rmse:337.62274	eval-rmse:767.67761
Saved Losses
{'MSE - mean': 727386.7708576905, 'MSE - std': 106062.1396550589, 'R2 - mean': 0.9990975125145696, 'R2 - std': 0.00016273126523155742} 
 

Results After CV: {'MSE - mean': 727386.7708576905, 'MSE - std': 106062.1396550589, 'R2 - mean': 0.9990975125145696, 'R2 - std': 0.00016273126523155742}
Train time: 0.49545445640000024
Inference time: 0.039584666799999016
Finished cross validation
Trial 79 finished with value: 727386.7708576905 and parameters: {'max_depth': 4, 'alpha': 0.0005069346406080591, 'lambda': 0.3062082749506497, 'eta': 0.07440858713949684}. Best is trial 69 with value: 704821.4517472989.
[0]	train-rmse:28095.91211	eval-rmse:30631.00781
[70]	train-rmse:127.33139	eval-rmse:977.48828
Saved Losses
{'MSE - mean': 955483.3039414329, 'MSE - std': 0.0, 'R2 - mean': 0.9989425335263268, 'R2 - std': 0.0} 
 

[0]	train-rmse:28994.63281	eval-rmse:27077.64453
[81]	train-rmse:99.48686	eval-rmse:864.55090
Saved Losses
{'MSE - mean': 851873.6502485381, 'MSE - std': 103609.65369289473, 'R2 - mean': 0.9989742402364962, 'R2 - std': 3.1706710169387975e-05} 
 

[0]	train-rmse:29393.69922	eval-rmse:25301.92188
[100]	train-rmse:65.88178	eval-rmse:839.83710
Saved Losses
{'MSE - mean': 803024.5379252299, 'MSE - std': 109220.4732416261, 'R2 - mean': 0.9989685299001995, 'R2 - std': 2.7118742493322414e-05} 
 

[0]	train-rmse:28174.69922	eval-rmse:30344.18750
[80]	train-rmse:113.69678	eval-rmse:894.56628
Saved Losses
{'MSE - mean': 802330.6161411925, 'MSE - std': 94595.34033804548, 'R2 - mean': 0.9990024826989127, 'R2 - std': 6.332414442517568e-05} 
 

[0]	train-rmse:28425.71484	eval-rmse:29390.74414
[98]	train-rmse:63.36798	eval-rmse:745.67932
Saved Losses
{'MSE - mean': 753099.535830675, 'MSE - std': 129820.72178623478, 'R2 - mean': 0.9990714155425605, 'R2 - std': 0.0001490466556058683} 
 

Results After CV: {'MSE - mean': 753099.535830675, 'MSE - std': 129820.72178623478, 'R2 - mean': 0.9990714155425605, 'R2 - std': 0.0001490466556058683}
Train time: 0.7955190162000008
Inference time: 0.012050265000004856
Finished cross validation
Trial 80 finished with value: 753099.535830675 and parameters: {'max_depth': 7, 'alpha': 0.0027178195570145124, 'lambda': 0.06023019793384114, 'eta': 0.11259152418970474}. Best is trial 69 with value: 704821.4517472989.
[0]	train-rmse:28514.82617	eval-rmse:31087.45703
[81]	train-rmse:465.69867	eval-rmse:940.83185
Saved Losses
{'MSE - mean': 886376.1640314905, 'MSE - std': 0.0, 'R2 - mean': 0.9990190167921722, 'R2 - std': 0.0} 
 

[0]	train-rmse:29426.20703	eval-rmse:27480.04102
[100]	train-rmse:430.86877	eval-rmse:797.57568
[121]	train-rmse:402.28915	eval-rmse:798.80377
Saved Losses
{'MSE - mean': 762231.8416129505, 'MSE - std': 124144.3224185399, 'R2 - mean': 0.9990856654411467, 'R2 - std': 6.664864897454326e-05} 
 

[0]	train-rmse:29830.59766	eval-rmse:25676.85742
[100]	train-rmse:463.30453	eval-rmse:875.05810
[133]	train-rmse:404.67969	eval-rmse:870.46222
Saved Losses
{'MSE - mean': 760637.8343253806, 'MSE - std': 101388.478525116, 'R2 - mean': 0.9990171235472086, 'R2 - std': 0.0001111635914138472} 
 

[0]	train-rmse:28594.64648	eval-rmse:30795.34766
[100]	train-rmse:436.94464	eval-rmse:840.37079
[101]	train-rmse:429.53531	eval-rmse:840.13208
Saved Losses
{'MSE - mean': 746613.7664811094, 'MSE - std': 91102.91499140186, 'R2 - mean': 0.9990657074429867, 'R2 - std': 0.00012786396219801224} 
 

[0]	train-rmse:28849.18945	eval-rmse:29827.96484
[100]	train-rmse:432.71722	eval-rmse:756.46338
[116]	train-rmse:404.49374	eval-rmse:756.59943
Saved Losses
{'MSE - mean': 711779.5514487351, 'MSE - std': 107207.66317587219, 'R2 - mean': 0.9991181762994825, 'R2 - std': 0.00015521365233478015} 
 

Results After CV: {'MSE - mean': 711779.5514487351, 'MSE - std': 107207.66317587219, 'R2 - mean': 0.9991181762994825, 'R2 - std': 0.00015521365233478015}
Train time: 0.4260047465999833
Inference time: 0.008196413000007396
Finished cross validation
Trial 81 finished with value: 711779.5514487351 and parameters: {'max_depth': 4, 'alpha': 0.033922840174028274, 'lambda': 0.6583318453547581, 'eta': 0.09973166402448284}. Best is trial 69 with value: 704821.4517472989.
[0]	train-rmse:28615.38672	eval-rmse:31197.17773
[83]	train-rmse:501.34796	eval-rmse:944.36389
Saved Losses
{'MSE - mean': 891823.1531895091, 'MSE - std': 0.0, 'R2 - mean': 0.9990129884205687, 'R2 - std': 0.0} 
 

[0]	train-rmse:29529.65820	eval-rmse:27576.56836
[100]	train-rmse:454.63959	eval-rmse:794.75684
[143]	train-rmse:380.90848	eval-rmse:799.59113
Saved Losses
{'MSE - mean': 765584.5413347373, 'MSE - std': 126238.61185477168, 'R2 - mean': 0.9990818153694863, 'R2 - std': 6.882694891746644e-05} 
 

[0]	train-rmse:29935.36133	eval-rmse:25766.84961
[100]	train-rmse:486.96701	eval-rmse:873.01733
[136]	train-rmse:429.53635	eval-rmse:874.04883
Saved Losses
{'MSE - mean': 764634.622754929, 'MSE - std': 103082.14898466333, 'R2 - mean': 0.9990119520610437, 'R2 - std': 0.00011366557525454744} 
 

[0]	train-rmse:28695.47461	eval-rmse:30903.89844
[100]	train-rmse:459.11710	eval-rmse:841.91357
[110]	train-rmse:440.06342	eval-rmse:842.77887
Saved Losses
{'MSE - mean': 751045.0153281251, 'MSE - std': 92322.69152010341, 'R2 - mean': 0.9990602242423302, 'R2 - std': 0.00012915303986724353} 
 

[0]	train-rmse:28950.82812	eval-rmse:29933.05859
[100]	train-rmse:459.30527	eval-rmse:753.94208
[200]	train-rmse:318.79303	eval-rmse:745.68158
[212]	train-rmse:301.85922	eval-rmse:744.96454
Saved Losses
{'MSE - mean': 711813.3142293959, 'MSE - std': 113909.12597335233, 'R2 - mean': 0.9991179113203958, 'R2 - std': 0.00016326543439631577} 
 

Results After CV: {'MSE - mean': 711813.3142293959, 'MSE - std': 113909.12597335233, 'R2 - mean': 0.9991179113203958, 'R2 - std': 0.00016326543439631577}
Train time: 0.4959380929999838
Inference time: 0.008265399200013235
Finished cross validation
Trial 82 finished with value: 711813.3142293959 and parameters: {'max_depth': 4, 'alpha': 0.042550599690637333, 'lambda': 0.9749437176434949, 'eta': 0.09672229281829083}. Best is trial 69 with value: 704821.4517472989.
[0]	train-rmse:28986.70312	eval-rmse:31602.30859
[94]	train-rmse:469.67276	eval-rmse:948.51685
Saved Losses
{'MSE - mean': 899684.2494432181, 'MSE - std': 0.0, 'R2 - mean': 0.9990042882730096, 'R2 - std': 0.0} 
 

[0]	train-rmse:29913.45508	eval-rmse:27934.83594
[100]	train-rmse:481.23328	eval-rmse:810.54944
[165]	train-rmse:384.39700	eval-rmse:803.37683
Saved Losses
{'MSE - mean': 772549.3211794521, 'MSE - std': 127134.92826376605, 'R2 - mean': 0.9990734343823959, 'R2 - std': 6.914610938629773e-05} 
 

[0]	train-rmse:30324.66406	eval-rmse:26101.51953
[100]	train-rmse:477.08814	eval-rmse:851.35364
[147]	train-rmse:397.81168	eval-rmse:844.07629
Saved Losses
{'MSE - mean': 752521.171316831, 'MSE - std': 107600.09400674877, 'R2 - mean': 0.9990311409892637, 'R2 - std': 8.224912462024496e-05} 
 

[0]	train-rmse:29067.85938	eval-rmse:31304.92773
[92]	train-rmse:489.94205	eval-rmse:851.28467
Saved Losses
{'MSE - mean': 745562.2811855926, 'MSE - std': 93960.70257438382, 'R2 - mean': 0.9990705840916188, 'R2 - std': 9.869632133872407e-05} 
 

[0]	train-rmse:29326.70117	eval-rmse:30321.80273
[100]	train-rmse:467.20718	eval-rmse:760.21820
[165]	train-rmse:367.27637	eval-rmse:755.64368
Saved Losses
{'MSE - mean': 710649.3038211185, 'MSE - std': 109263.69413682926, 'R2 - mean': 0.9991224169238979, 'R2 - std': 0.00013615924898790455} 
 

Results After CV: {'MSE - mean': 710649.3038211185, 'MSE - std': 109263.69413682926, 'R2 - mean': 0.9991224169238979, 'R2 - std': 0.00013615924898790455}
Train time: 0.4886135012000068
Inference time: 0.020362517399996706
Finished cross validation
