[I 2024-12-10 01:46:51,941] Trial 87 finished with value: 17705994.1925124 and parameters: {'max_depth': 2, 'alpha': 0.661458495239042, 'lambda': 0.01649713520363441, 'eta': 0.017579270459112596}. Best is trial 52 with value: 17402991.3123193.
[I 2024-12-10 01:46:53,405] Trial 88 finished with value: 18914117.97297401 and parameters: {'max_depth': 2, 'alpha': 0.03242166197633004, 'lambda': 0.46202498776327505, 'eta': 0.17870672801144707}. Best is trial 52 with value: 17402991.3123193.
[I 2024-12-10 01:46:56,785] Trial 89 finished with value: 18609478.835958503 and parameters: {'max_depth': 5, 'alpha': 0.18417116456092802, 'lambda': 0.1950946131065478, 'eta': 0.0140672802879688}. Best is trial 52 with value: 17402991.3123193.
[I 2024-12-10 01:46:59,230] Trial 90 finished with value: 19095243.75235907 and parameters: {'max_depth': 6, 'alpha': 0.4458696175349328, 'lambda': 0.6324634843476298, 'eta': 0.04926652662796613}. Best is trial 52 with value: 17402991.3123193.
[I 2024-12-10 01:47:02,359] Trial 91 finished with value: 17609089.6410365 and parameters: {'max_depth': 2, 'alpha': 0.6337155040486835, 'lambda': 0.09717996399408863, 'eta': 0.016564789420359476}. Best is trial 52 with value: 17402991.3123193.
[I 2024-12-10 01:47:05,852] Trial 92 finished with value: 18536494.195849776 and parameters: {'max_depth': 2, 'alpha': 0.32085383116553556, 'lambda': 0.32047233029917044, 'eta': 0.01255589088935125}. Best is trial 52 with value: 17402991.3123193.
[I 2024-12-10 01:47:08,452] Trial 93 finished with value: 17574483.947503604 and parameters: {'max_depth': 2, 'alpha': 0.13459553996642395, 'lambda': 0.15076682874498443, 'eta': 0.02233840207747825}. Best is trial 52 with value: 17402991.3123193.
[I 2024-12-10 01:47:11,059] Trial 94 finished with value: 17715141.0369808 and parameters: {'max_depth': 2, 'alpha': 0.05722027768788309, 'lambda': 0.03502308749099547, 'eta': 0.02245719894424066}. Best is trial 52 with value: 17402991.3123193.
[I 2024-12-10 01:47:13,860] Trial 95 finished with value: 17601413.33580152 and parameters: {'max_depth': 2, 'alpha': 0.1441885856249505, 'lambda': 0.15515277333003905, 'eta': 0.020727736927094162}. Best is trial 52 with value: 17402991.3123193.
[I 2024-12-10 01:47:16,838] Trial 96 finished with value: 19472160.55736578 and parameters: {'max_depth': 4, 'alpha': 0.0004832752408137944, 'lambda': 0.17496065537523484, 'eta': 0.015523231772360627}. Best is trial 52 with value: 17402991.3123193.
[I 2024-12-10 01:47:22,371] Trial 97 finished with value: 20728352.255372137 and parameters: {'max_depth': 7, 'alpha': 0.13370198087271828, 'lambda': 0.6956370403595494, 'eta': 0.02096851688298958}. Best is trial 52 with value: 17402991.3123193.
[I 2024-12-10 01:47:25,375] Trial 98 finished with value: 17512054.048709765 and parameters: {'max_depth': 2, 'alpha': 0.09338687842972647, 'lambda': 0.2553684465835976, 'eta': 0.019900084410264883}. Best is trial 52 with value: 17402991.3123193.
[I 2024-12-10 01:47:28,114] Trial 99 finished with value: 18493753.013395507 and parameters: {'max_depth': 2, 'alpha': 0.04040377045285971, 'lambda': 0.3858302410479454, 'eta': 0.019322337797658084}. Best is trial 52 with value: 17402991.3123193.
/home/mburu/.local/lib/python3.8/site-packages/sklearn/preprocessing/_encoders.py:975: FutureWarning: `sparse` was renamed to `sparse_output` in version 1.2 and will be removed in 1.4. `sparse_output` is ignored unless you leave `sparse` to its default value.
  warnings.warn(
[I 2024-12-10 01:47:34,246] A new study created in RDB with name: XGBoost_Abalone
[I 2024-12-10 01:47:37,493] Trial 0 finished with value: 4.6457237802301705 and parameters: {'max_depth': 2, 'alpha': 8.436140992502098e-07, 'lambda': 1.61439312313326e-07, 'eta': 0.034645960495188095}. Best is trial 0 with value: 4.6457237802301705.
[I 2024-12-10 01:47:42,492] Trial 1 finished with value: 4.622198544967749 and parameters: {'max_depth': 6, 'alpha': 0.0002490471994419518, 'lambda': 6.647142521652831e-07, 'eta': 0.018876881519688565}. Best is trial 1 with value: 4.622198544967749.
[I 2024-12-10 01:47:44,109] Trial 2 finished with value: 4.6186615799417385 and parameters: {'max_depth': 3, 'alpha': 3.152689118266087e-05, 'lambda': 2.5227539619621268e-08, 'eta': 0.06084759422061756}. Best is trial 2 with value: 4.6186615799417385.
[I 2024-12-10 01:47:45,726] Trial 3 finished with value: 4.847660549970461 and parameters: {'max_depth': 6, 'alpha': 7.830139550152584e-08, 'lambda': 0.00011011626154230713, 'eta': 0.17233979827242948}. Best is trial 2 with value: 4.6186615799417385.
[I 2024-12-10 01:47:47,367] Trial 4 finished with value: 4.6377121072587135 and parameters: {'max_depth': 2, 'alpha': 2.508341921865408e-07, 'lambda': 7.771781133350747e-07, 'eta': 0.12026157532044529}. Best is trial 2 with value: 4.6186615799417385.
[I 2024-12-10 01:47:52,123] Trial 5 finished with value: 4.7295583942666735 and parameters: {'max_depth': 2, 'alpha': 0.07882533595602247, 'lambda': 0.021024379422534444, 'eta': 0.012107398681130794}. Best is trial 2 with value: 4.6186615799417385.
[I 2024-12-10 01:48:11,205] Trial 6 finished with value: 5.291198753747396 and parameters: {'max_depth': 11, 'alpha': 0.03298613192933355, 'lambda': 2.5790971073378767e-05, 'eta': 0.039961644044577076}. Best is trial 2 with value: 4.6186615799417385.
[I 2024-12-10 01:48:12,981] Trial 7 finished with value: 4.638414917912476 and parameters: {'max_depth': 2, 'alpha': 0.0035708186659268123, 'lambda': 0.0002798140020126397, 'eta': 0.10396820808661779}. Best is trial 2 with value: 4.6186615799417385.
[I 2024-12-10 01:48:14,850] Trial 8 finished with value: 4.562182644613903 and parameters: {'max_depth': 3, 'alpha': 0.004059479813435622, 'lambda': 0.6080409773906478, 'eta': 0.08705970925304725}. Best is trial 8 with value: 4.562182644613903.
[I 2024-12-10 01:48:16,263] Trial 9 finished with value: 4.6520710881706435 and parameters: {'max_depth': 2, 'alpha': 0.002147540054642188, 'lambda': 0.000634881809602166, 'eta': 0.21165744773163916}. Best is trial 8 with value: 4.562182644613903.
[I 2024-12-10 01:48:17,463] Trial 10 finished with value: 4.722593117190302 and parameters: {'max_depth': 4, 'alpha': 0.6419591667531513, 'lambda': 0.8536894102991686, 'eta': 0.29135147588823096}. Best is trial 8 with value: 4.562182644613903.
[I 2024-12-10 01:48:19,199] Trial 11 finished with value: 4.592304687915633 and parameters: {'max_depth': 3, 'alpha': 7.600062813765216e-06, 'lambda': 2.900643109862731e-08, 'eta': 0.06711705280692776}. Best is trial 8 with value: 4.562182644613903.
[I 2024-12-10 01:48:20,926] Trial 12 finished with value: 4.571786337246633 and parameters: {'max_depth': 3, 'alpha': 9.68188976344745e-06, 'lambda': 0.3970957670649874, 'eta': 0.08145631169607707}. Best is trial 8 with value: 4.562182644613903.
[I 2024-12-10 01:48:22,763] Trial 13 finished with value: 4.568510101503977 and parameters: {'max_depth': 3, 'alpha': 0.00030656530248859354, 'lambda': 0.33008269858258144, 'eta': 0.08854769093208449}. Best is trial 8 with value: 4.562182644613903.
[I 2024-12-10 01:48:24,834] Trial 14 finished with value: 4.581766134900995 and parameters: {'max_depth': 4, 'alpha': 0.00047823319461984547, 'lambda': 0.025107781543756657, 'eta': 0.036877034666458836}. Best is trial 8 with value: 4.562182644613903.
[I 2024-12-10 01:48:26,524] Trial 15 finished with value: 4.7538854613718735 and parameters: {'max_depth': 6, 'alpha': 0.009240063649932195, 'lambda': 0.019048260673864642, 'eta': 0.14037498110978736}. Best is trial 8 with value: 4.562182644613903.
[I 2024-12-10 01:48:28,259] Trial 16 finished with value: 4.560298757212785 and parameters: {'max_depth': 3, 'alpha': 0.0002621010865576634, 'lambda': 0.11265530081203172, 'eta': 0.09249254534211748}. Best is trial 16 with value: 4.560298757212785.
[I 2024-12-10 01:48:31,514] Trial 17 finished with value: 4.556566489097642 and parameters: {'max_depth': 5, 'alpha': 0.459501013839019, 'lambda': 0.08251022210807975, 'eta': 0.024175729231874835}. Best is trial 17 with value: 4.556566489097642.
[I 2024-12-10 01:48:43,089] Trial 18 finished with value: 4.878708988652562 and parameters: {'max_depth': 9, 'alpha': 0.9238003054799017, 'lambda': 0.003718428027155904, 'eta': 0.023482609131862182}. Best is trial 17 with value: 4.556566489097642.
[I 2024-12-10 01:48:46,627] Trial 19 finished with value: 4.576511704133274 and parameters: {'max_depth': 5, 'alpha': 0.07061433358571353, 'lambda': 1.9740918746915017e-05, 'eta': 0.01969835779375458}. Best is trial 17 with value: 4.556566489097642.
[I 2024-12-10 01:49:03,051] Trial 20 finished with value: 4.834736323183 and parameters: {'max_depth': 8, 'alpha': 1.695761448595006e-08, 'lambda': 0.002729305335143582, 'eta': 0.011966550381185973}. Best is trial 17 with value: 4.556566489097642.
[I 2024-12-10 01:49:05,495] Trial 21 finished with value: 4.5566280775653585 and parameters: {'max_depth': 4, 'alpha': 0.0012557783582172431, 'lambda': 0.09906776127033826, 'eta': 0.049502797233997385}. Best is trial 17 with value: 4.556566489097642.
[I 2024-12-10 01:49:07,781] Trial 22 finished with value: 4.57202032030406 and parameters: {'max_depth': 5, 'alpha': 4.127379563065073e-05, 'lambda': 0.06334095222277221, 'eta': 0.04395752003406945}. Best is trial 17 with value: 4.556566489097642.
[I 2024-12-10 01:49:10,282] Trial 23 finished with value: 4.57284056265889 and parameters: {'max_depth': 4, 'alpha': 0.0007028208242216856, 'lambda': 0.0825210571658175, 'eta': 0.026975072090178243}. Best is trial 17 with value: 4.556566489097642.
[I 2024-12-10 01:49:12,241] Trial 24 finished with value: 4.557988849768096 and parameters: {'max_depth': 5, 'alpha': 0.23508284701151533, 'lambda': 0.0033760621374966846, 'eta': 0.05396391614964603}. Best is trial 17 with value: 4.556566489097642.
[I 2024-12-10 01:49:15,355] Trial 25 finished with value: 4.79245345810857 and parameters: {'max_depth': 7, 'alpha': 0.19224292846925894, 'lambda': 0.004433200193789117, 'eta': 0.054211955918442634}. Best is trial 17 with value: 4.556566489097642.
[I 2024-12-10 01:49:19,336] Trial 26 finished with value: 4.5938794925418 and parameters: {'max_depth': 5, 'alpha': 0.018368256553667674, 'lambda': 0.0006815390552328459, 'eta': 0.015630014429652134}. Best is trial 17 with value: 4.556566489097642.
[I 2024-12-10 01:49:24,375] Trial 27 finished with value: 4.748789051283762 and parameters: {'max_depth': 7, 'alpha': 0.18820116453617167, 'lambda': 0.004927859922159553, 'eta': 0.029475358794455224}. Best is trial 17 with value: 4.556566489097642.
[I 2024-12-10 01:49:26,501] Trial 28 finished with value: 4.586330977627679 and parameters: {'max_depth': 5, 'alpha': 0.39933921974769215, 'lambda': 0.012791639816054226, 'eta': 0.051295497061479525}. Best is trial 17 with value: 4.556566489097642.
[I 2024-12-10 01:49:54,581] Trial 29 finished with value: 5.232258423528163 and parameters: {'max_depth': 12, 'alpha': 1.9095848986854398e-06, 'lambda': 0.1384626577363136, 'eta': 0.033457612383389464}. Best is trial 17 with value: 4.556566489097642.
[I 2024-12-10 01:49:57,592] Trial 30 finished with value: 4.576173735290235 and parameters: {'max_depth': 4, 'alpha': 0.03838422140025142, 'lambda': 0.000923807896858127, 'eta': 0.04507367773002243}. Best is trial 17 with value: 4.556566489097642.
[I 2024-12-10 01:49:59,483] Trial 31 finished with value: 4.588745552627798 and parameters: {'max_depth': 4, 'alpha': 8.863573093479814e-05, 'lambda': 0.11089963236769336, 'eta': 0.06863444556055658}. Best is trial 17 with value: 4.556566489097642.
[I 2024-12-10 01:50:01,256] Trial 32 finished with value: 4.608052973081754 and parameters: {'max_depth': 5, 'alpha': 0.0012215414556796152, 'lambda': 0.054631863512032516, 'eta': 0.07149735542812805}. Best is trial 17 with value: 4.556566489097642.
[I 2024-12-10 01:50:03,139] Trial 33 finished with value: 4.68411222804653 and parameters: {'max_depth': 6, 'alpha': 0.008628468521035737, 'lambda': 0.1763417532707782, 'eta': 0.11297792355052731}. Best is trial 17 with value: 4.556566489097642.
[I 2024-12-10 01:50:06,398] Trial 34 finished with value: 4.771472879358376 and parameters: {'max_depth': 7, 'alpha': 0.00012188155133567763, 'lambda': 0.00945215639041966, 'eta': 0.05400291024854092}. Best is trial 17 with value: 4.556566489097642.
[I 2024-12-10 01:50:10,970] Trial 35 finished with value: 4.554693797852973 and parameters: {'max_depth': 6, 'alpha': 0.18490053589475178, 'lambda': 0.9805724190054984, 'eta': 0.0222943995238851}. Best is trial 35 with value: 4.554693797852973.
[I 2024-12-10 01:50:16,809] Trial 36 finished with value: 4.6276942102638285 and parameters: {'max_depth': 6, 'alpha': 0.22548981511134036, 'lambda': 0.04005535703607656, 'eta': 0.015648222866666586}. Best is trial 35 with value: 4.554693797852973.
[I 2024-12-10 01:50:30,684] Trial 37 finished with value: 4.840530284324428 and parameters: {'max_depth': 9, 'alpha': 0.09281707717794278, 'lambda': 0.3039726149805524, 'eta': 0.021916618226864904}. Best is trial 35 with value: 4.554693797852973.
[I 2024-12-10 01:50:34,154] Trial 38 finished with value: 4.634275393414559 and parameters: {'max_depth': 6, 'alpha': 0.013607438480857723, 'lambda': 2.1087710003294135e-06, 'eta': 0.030091875761742853}. Best is trial 35 with value: 4.554693797852973.
[I 2024-12-10 01:50:53,654] Trial 39 finished with value: 4.849212856742655 and parameters: {'max_depth': 8, 'alpha': 0.038559352036539325, 'lambda': 0.0016342763202829317, 'eta': 0.010153801458225257}. Best is trial 35 with value: 4.554693797852973.
[I 2024-12-10 01:50:58,350] Trial 40 finished with value: 4.548795189031564 and parameters: {'max_depth': 5, 'alpha': 0.4494085782255392, 'lambda': 0.9859000550336783, 'eta': 0.014982042518178994}. Best is trial 40 with value: 4.548795189031564.
[I 2024-12-10 01:51:03,171] Trial 41 finished with value: 4.545803895621836 and parameters: {'max_depth': 5, 'alpha': 0.9452714758543538, 'lambda': 0.6078387777352066, 'eta': 0.015462338916262077}. Best is trial 41 with value: 4.545803895621836.
[I 2024-12-10 01:51:08,997] Trial 42 finished with value: 4.559686179250865 and parameters: {'max_depth': 6, 'alpha': 0.4328166574225987, 'lambda': 0.9745939621278088, 'eta': 0.015858458446461665}. Best is trial 41 with value: 4.545803895621836.
[I 2024-12-10 01:51:16,555] Trial 43 finished with value: 4.601223803441473 and parameters: {'max_depth': 7, 'alpha': 0.07939984940747662, 'lambda': 0.9671621983959606, 'eta': 0.017581428897251637}. Best is trial 41 with value: 4.545803895621836.
[I 2024-12-10 01:51:21,579] Trial 44 finished with value: 4.51743824446182 and parameters: {'max_depth': 4, 'alpha': 0.9800025219430535, 'lambda': 0.49770791146992654, 'eta': 0.0125178727180663}. Best is trial 44 with value: 4.51743824446182.
[I 2024-12-10 01:51:34,607] Trial 45 finished with value: 4.687269452755445 and parameters: {'max_depth': 8, 'alpha': 0.8839113547633263, 'lambda': 0.30486027241313973, 'eta': 0.013487067921797883}. Best is trial 44 with value: 4.51743824446182.
[I 2024-12-10 01:51:41,150] Trial 46 finished with value: 4.5631295014356414 and parameters: {'max_depth': 5, 'alpha': 0.32130920156208853, 'lambda': 0.4853028353183982, 'eta': 0.010060693383706529}. Best is trial 44 with value: 4.51743824446182.
[I 2024-12-10 01:51:45,744] Trial 47 finished with value: 4.547843892256118 and parameters: {'max_depth': 4, 'alpha': 0.1239013853612584, 'lambda': 0.26697682003175743, 'eta': 0.013155551424598186}. Best is trial 44 with value: 4.51743824446182.
[I 2024-12-10 01:51:49,820] Trial 48 finished with value: 4.564598643235345 and parameters: {'max_depth': 4, 'alpha': 0.12080531005466251, 'lambda': 0.23851192673844776, 'eta': 0.0128134696276282}. Best is trial 44 with value: 4.51743824446182.
[I 2024-12-10 01:51:53,477] Trial 49 finished with value: 4.589658161594094 and parameters: {'max_depth': 3, 'alpha': 0.027389461550257132, 'lambda': 8.138517466713878e-05, 'eta': 0.018559726652271593}. Best is trial 44 with value: 4.51743824446182.
[I 2024-12-10 01:52:17,549] Trial 50 finished with value: 4.822900523083602 and parameters: {'max_depth': 9, 'alpha': 0.00512774165397286, 'lambda': 0.5738345783155827, 'eta': 0.011369359286016961}. Best is trial 44 with value: 4.51743824446182.
[I 2024-12-10 01:52:24,114] Trial 51 finished with value: 4.555692834473118 and parameters: {'max_depth': 6, 'alpha': 0.9834466505243886, 'lambda': 0.9916846649933843, 'eta': 0.014251347777253422}. Best is trial 44 with value: 4.51743824446182.
[I 2024-12-10 01:52:30,682] Trial 52 finished with value: 4.575894104570308 and parameters: {'max_depth': 6, 'alpha': 0.8864283465158973, 'lambda': 0.9877416103119314, 'eta': 0.014301852219007148}. Best is trial 44 with value: 4.51743824446182.
[I 2024-12-10 01:52:37,431] Trial 53 finished with value: 4.610854332603624 and parameters: {'max_depth': 7, 'alpha': 0.9796952347870235, 'lambda': 0.2461769212535215, 'eta': 0.021159378753119504}. Best is trial 44 with value: 4.51743824446182.
[I 2024-12-10 01:52:40,871] Trial 54 finished with value: 4.5549231719811845 and parameters: {'max_depth': 4, 'alpha': 0.13390007364071024, 'lambda': 0.5220661750828801, 'eta': 0.017218632181881178}. Best is trial 44 with value: 4.51743824446182.
[I 2024-12-10 01:52:44,446] Trial 55 finished with value: 4.566597599866681 and parameters: {'max_depth': 4, 'alpha': 0.12648228247341034, 'lambda': 0.03112370439284027, 'eta': 0.017253838851397644}. Best is trial 44 with value: 4.51743824446182.
[I 2024-12-10 01:52:49,056] Trial 56 finished with value: 4.546541529702482 and parameters: {'max_depth': 4, 'alpha': 0.049585470557197885, 'lambda': 0.4676796261600562, 'eta': 0.01156928260196654}. Best is trial 44 with value: 4.51743824446182.
[I 2024-12-10 01:52:54,394] Trial 57 finished with value: 4.5659222818250464 and parameters: {'max_depth': 5, 'alpha': 0.04443142948548184, 'lambda': 0.17181181792247555, 'eta': 0.012031125926303574}. Best is trial 44 with value: 4.51743824446182.
[I 2024-12-10 01:52:59,310] Trial 58 finished with value: 4.5636516767758115 and parameters: {'max_depth': 4, 'alpha': 0.38879054226785015, 'lambda': 1.1249097415809622e-07, 'eta': 0.011034564793509827}. Best is trial 44 with value: 4.51743824446182.
[I 2024-12-10 01:53:02,611] Trial 59 finished with value: 4.572625380433764 and parameters: {'max_depth': 3, 'alpha': 0.06778751363946246, 'lambda': 0.3988706539091284, 'eta': 0.024872374745430338}. Best is trial 44 with value: 4.51743824446182.
[I 2024-12-10 01:53:06,294] Trial 60 finished with value: 4.577598372015172 and parameters: {'max_depth': 5, 'alpha': 0.020231500020560886, 'lambda': 3.3890323270524014e-06, 'eta': 0.020475570811326088}. Best is trial 44 with value: 4.51743824446182.
[I 2024-12-10 01:53:10,440] Trial 61 finished with value: 4.535771244357145 and parameters: {'max_depth': 4, 'alpha': 0.16019908905461022, 'lambda': 0.47611938510837765, 'eta': 0.014527176348900097}. Best is trial 44 with value: 4.51743824446182.
[I 2024-12-10 01:53:14,700] Trial 62 finished with value: 4.579721691346161 and parameters: {'max_depth': 3, 'alpha': 0.4171034233305756, 'lambda': 0.4524056890926823, 'eta': 0.015013313595993455}. Best is trial 44 with value: 4.51743824446182.
[I 2024-12-10 01:53:19,184] Trial 63 finished with value: 4.560770020405064 and parameters: {'max_depth': 4, 'alpha': 0.2186193323992253, 'lambda': 0.15487321196467654, 'eta': 0.012540267918763245}. Best is trial 44 with value: 4.51743824446182.
[I 2024-12-10 01:53:24,084] Trial 64 finished with value: 4.568062176064647 and parameters: {'max_depth': 5, 'alpha': 0.5485556683437626, 'lambda': 0.06102100616762203, 'eta': 0.013430142204816111}. Best is trial 44 with value: 4.51743824446182.
[I 2024-12-10 01:53:28,804] Trial 65 finished with value: 4.554461529327965 and parameters: {'max_depth': 4, 'alpha': 0.0606427918982172, 'lambda': 0.25583043422074153, 'eta': 0.011362192128606133}. Best is trial 44 with value: 4.51743824446182.
[I 2024-12-10 01:53:33,468] Trial 66 finished with value: 4.568506839950311 and parameters: {'max_depth': 4, 'alpha': 0.06611338291135557, 'lambda': 0.015992798377950843, 'eta': 0.011024472986022577}. Best is trial 44 with value: 4.51743824446182.
[I 2024-12-10 01:53:38,560] Trial 67 finished with value: 4.572579577177347 and parameters: {'max_depth': 4, 'alpha': 0.006157533098897403, 'lambda': 0.0337690529157012, 'eta': 0.010108411513458312}. Best is trial 44 with value: 4.51743824446182.
[I 2024-12-10 01:53:42,584] Trial 68 finished with value: 4.596136112959696 and parameters: {'max_depth': 3, 'alpha': 1.1506747407930472e-07, 'lambda': 0.09110163099901662, 'eta': 0.016608271927194967}. Best is trial 44 with value: 4.51743824446182.
[I 2024-12-10 01:53:46,499] Trial 69 finished with value: 4.58358529231891 and parameters: {'max_depth': 5, 'alpha': 0.015273938868419944, 'lambda': 0.008575645559245292, 'eta': 0.019141045085951342}. Best is trial 44 with value: 4.51743824446182.
[I 2024-12-10 01:53:50,869] Trial 70 finished with value: 4.604639903559727 and parameters: {'max_depth': 3, 'alpha': 0.05334404741156177, 'lambda': 0.18489647562122502, 'eta': 0.013355784194133233}. Best is trial 44 with value: 4.51743824446182.
[I 2024-12-10 01:53:55,509] Trial 71 finished with value: 4.537102249380202 and parameters: {'max_depth': 4, 'alpha': 0.1470031996504129, 'lambda': 0.5791656320083801, 'eta': 0.011827866861226555}. Best is trial 44 with value: 4.51743824446182.
[I 2024-12-10 01:54:00,544] Trial 72 finished with value: 4.54208674161899 and parameters: {'max_depth': 4, 'alpha': 0.24552809290756308, 'lambda': 0.5928815321081462, 'eta': 0.011329342435137167}. Best is trial 44 with value: 4.51743824446182.
[I 2024-12-10 01:54:04,542] Trial 73 finished with value: 4.546333240872376 and parameters: {'max_depth': 4, 'alpha': 0.2762184769388292, 'lambda': 0.5128740064707152, 'eta': 0.014802835465599745}. Best is trial 44 with value: 4.51743824446182.
