[I 2024-12-10 15:38:00,010] Trial 185 finished with value: 11991462.983863637 and parameters: {'max_depth': 7, 'alpha': 2.1863556605741078e-08, 'lambda': 0.47090443842077057, 'eta': 0.04492243304967105}. Best is trial 118 with value: 11952233.59608575.
[I 2024-12-10 15:38:41,587] Trial 186 finished with value: 11990536.5961853 and parameters: {'max_depth': 9, 'alpha': 4.51563927694985e-08, 'lambda': 0.9580431485876415, 'eta': 0.05596742713830842}. Best is trial 118 with value: 11952233.59608575.
[I 2024-12-10 15:39:17,576] Trial 187 finished with value: 11970269.264649056 and parameters: {'max_depth': 8, 'alpha': 1.9023730733082262e-08, 'lambda': 0.9885133272557765, 'eta': 0.05311250860852385}. Best is trial 118 with value: 11952233.59608575.
[I 2024-12-10 15:39:51,038] Trial 188 finished with value: 12025662.550748613 and parameters: {'max_depth': 9, 'alpha': 1.1258629068305722e-08, 'lambda': 0.36845415871465037, 'eta': 0.06948836013030124}. Best is trial 118 with value: 11952233.59608575.
[I 2024-12-10 15:40:17,845] Trial 189 finished with value: 11981447.17039394 and parameters: {'max_depth': 7, 'alpha': 4.005291800834826e-08, 'lambda': 0.6736715795285645, 'eta': 0.060121985159986895}. Best is trial 118 with value: 11952233.59608575.
[I 2024-12-10 15:40:45,467] Trial 190 finished with value: 12010351.01482826 and parameters: {'max_depth': 8, 'alpha': 1.5973855657799958e-08, 'lambda': 0.2909104231684579, 'eta': 0.06498624816023787}. Best is trial 118 with value: 11952233.59608575.
[I 2024-12-10 15:41:23,520] Trial 191 finished with value: 11971799.498912003 and parameters: {'max_depth': 8, 'alpha': 6.036351822644611e-08, 'lambda': 0.681360456839111, 'eta': 0.05125894181124302}. Best is trial 118 with value: 11952233.59608575.
[I 2024-12-10 15:41:51,796] Trial 192 finished with value: 11961871.006483208 and parameters: {'max_depth': 8, 'alpha': 2.5723565227469324e-08, 'lambda': 0.994398287759678, 'eta': 0.07116116546789451}. Best is trial 118 with value: 11952233.59608575.
[I 2024-12-10 15:42:22,552] Trial 193 finished with value: 11979097.062910933 and parameters: {'max_depth': 8, 'alpha': 2.976722167382913e-08, 'lambda': 0.4792242565795874, 'eta': 0.07179779691104546}. Best is trial 118 with value: 11952233.59608575.
[I 2024-12-10 15:42:54,407] Trial 194 finished with value: 11972946.192640938 and parameters: {'max_depth': 8, 'alpha': 1.554405562515792e-08, 'lambda': 0.9853031557238214, 'eta': 0.058228685761386643}. Best is trial 118 with value: 11952233.59608575.
[I 2024-12-10 15:43:20,789] Trial 195 finished with value: 11997945.590558015 and parameters: {'max_depth': 7, 'alpha': 2.8794181703389148e-06, 'lambda': 1.8803359024958655e-08, 'eta': 0.06563205207485115}. Best is trial 118 with value: 11952233.59608575.
[I 2024-12-10 15:43:34,063] Trial 196 finished with value: 12572408.728309114 and parameters: {'max_depth': 2, 'alpha': 1.0403814861514506e-08, 'lambda': 0.6600033859204074, 'eta': 0.06953924207669522}. Best is trial 118 with value: 11952233.59608575.
[I 2024-12-10 15:44:10,383] Trial 197 finished with value: 11986111.24364715 and parameters: {'max_depth': 9, 'alpha': 2.541848527300975e-08, 'lambda': 0.9830600642582933, 'eta': 0.06283989982165665}. Best is trial 118 with value: 11952233.59608575.
[I 2024-12-10 15:44:47,078] Trial 198 finished with value: 11982701.240335915 and parameters: {'max_depth': 8, 'alpha': 1.799455238541724e-08, 'lambda': 0.4795515731060656, 'eta': 0.055557099883723045}. Best is trial 118 with value: 11952233.59608575.
[I 2024-12-10 15:45:16,473] Trial 199 finished with value: 11974928.242341768 and parameters: {'max_depth': 8, 'alpha': 2.0527555831618375e-06, 'lambda': 0.6472213819985672, 'eta': 0.07270161942666398}. Best is trial 118 with value: 11952233.59608575.
