Trial 99 finished with value: 4.572601578850003 and parameters: {'max_depth': 4, 'alpha': 7.026271562560236e-06, 'lambda': 0.22977835717219075, 'eta': 0.03354716775917574}. Best is trial 91 with value: 4.534989022559373.
Best parameters: {'max_depth': 4, 'alpha': 6.733954814306036e-05, 'lambda': 0.9788191208134558, 'eta': 0.03236164091103508}
[0]	train-rmse:9.64277	eval-rmse:9.75800
[100]	train-rmse:2.01183	eval-rmse:2.21681
[200]	train-rmse:1.84675	eval-rmse:2.14617
[300]	train-rmse:1.76960	eval-rmse:2.13086
[347]	train-rmse:1.73611	eval-rmse:2.12829
Saved Losses
{'MSE - mean': 4.528986612898092, 'MSE - std': 0.0, 'R2 - mean': 0.5869713862292821, 'R2 - std': 0.0} 
 

[0]	train-rmse:9.68816	eval-rmse:9.57118
[100]	train-rmse:2.04247	eval-rmse:2.05121
[200]	train-rmse:1.86694	eval-rmse:2.00684
[203]	train-rmse:1.86325	eval-rmse:2.00719
Saved Losses
{'MSE - mean': 4.278899178808633, 'MSE - std': 0.25008743408945966, 'R2 - mean': 0.5787569490519351, 'R2 - std': 0.0082144371773471} 
 

[0]	train-rmse:9.66667	eval-rmse:9.66062
[100]	train-rmse:2.01487	eval-rmse:2.19709
[200]	train-rmse:1.85901	eval-rmse:2.13908
[223]	train-rmse:1.83712	eval-rmse:2.13853
Saved Losses
{'MSE - mean': 4.377337023040517, 'MSE - std': 0.24713525611226483, 'R2 - mean': 0.5691391145249248, 'R2 - std': 0.015165425614588623} 
 

[0]	train-rmse:9.69076	eval-rmse:9.55821
[100]	train-rmse:2.03542	eval-rmse:2.11033
[200]	train-rmse:1.84872	eval-rmse:2.06730
[216]	train-rmse:1.83386	eval-rmse:2.06772
Saved Losses
{'MSE - mean': 4.35138191439626, 'MSE - std': 0.21869585982469267, 'R2 - mean': 0.5626226943166843, 'R2 - std': 0.017317153274854707} 
 

[0]	train-rmse:9.63758	eval-rmse:9.78106
[100]	train-rmse:1.98660	eval-rmse:2.36768
[200]	train-rmse:1.81766	eval-rmse:2.29903
[249]	train-rmse:1.77049	eval-rmse:2.29552
Saved Losses
{'MSE - mean': 4.534989022559373, 'MSE - std': 0.4160631970694528, 'R2 - mean': 0.5629423227794592, 'R2 - std': 0.01550211880527021} 
 

Results After CV: {'MSE - mean': 4.534989022559373, 'MSE - std': 0.4160631970694528, 'R2 - mean': 0.5629423227794592, 'R2 - std': 0.01550211880527021}
Train time: 0.5373774783999806
Inference time: 0.05580537599998934
Finished cross validation


----------------------------------------------------------------------------
Training XGBoost Vesion 1 with Dataset: config/nyc_taxi.yml 



----------------------------------------------------------------------------
Namespace(batch_size=128, cat_dims=None, cat_idx=None, config='config/nyc_taxi.yml', data_parallel=False, dataset='NYC Taxi', direction='minimize', dropna_idx=None, early_stopping_rounds=20, epochs=500, gpu_ids=[0, 1], logging_period=100, miss_cat_idx=None, miss_num_idx=None, model_name='XGBoost', n_trials=100, nominal_idx=[0, 1, 3, 4, 11], num_classes=1, num_features=18, num_splits=5, objective='regression', one_hot_encode=True, optimize_hyperparameters=True, ordinal_encode=False, ordinal_idx=None, scale=True, seed=221, shuffle=True, target_encode=False, use_gpu=True, val_batch_size=256)
Start hyperparameter optimization
Loading dataset NYC Taxi...
Dataset loaded!


----------------------------------------------------------------------------
Training XGBoost Vesion 1 with Dataset: config/house_sales.yml 



----------------------------------------------------------------------------
Namespace(batch_size=128, cat_dims=None, cat_idx=None, config='config/house_sales.yml', data_parallel=False, dataset='House Sales', direction='minimize', dropna_idx=[0], early_stopping_rounds=20, epochs=500, gpu_ids=[0, 1], logging_period=100, miss_cat_idx=None, miss_num_idx=None, model_name='XGBoost', n_trials=100, nominal_idx=[14], num_classes=1, num_features=21, num_splits=5, objective='regression', one_hot_encode=True, optimize_hyperparameters=True, ordinal_encode=False, ordinal_idx=None, scale=True, seed=221, shuffle=True, target_encode=False, use_gpu=True, val_batch_size=256)
Start hyperparameter optimization
Loading dataset House Sales...
Dataset loaded!


----------------------------------------------------------------------------
Training XGBoost Vesion 1 with Dataset: config/mip_2016.yml 



----------------------------------------------------------------------------
Namespace(batch_size=128, cat_dims=None, cat_idx=None, config='config/mip_2016.yml', data_parallel=False, dataset='MIP', direction='minimize', dropna_idx=[0], early_stopping_rounds=20, epochs=500, gpu_ids=[0, 1], logging_period=100, miss_cat_idx=None, miss_num_idx=None, model_name='XGBoost', n_trials=100, nominal_idx=[145, 146], num_classes=1, num_features=147, num_splits=5, objective='regression', one_hot_encode=True, optimize_hyperparameters=True, ordinal_encode=False, ordinal_idx=None, scale=True, seed=221, shuffle=True, target_encode=False, use_gpu=True, val_batch_size=256)
Start hyperparameter optimization
Loading dataset MIP...
Dataset loaded!
(1090, 146)
Scaling the data...
args.num_features: 151
New Shape: (1090, 151)
A new study created in RDB with name: XGBoost_MIP
[0]	train-rmse:30931.74023	eval-rmse:33724.57422
[100]	train-rmse:3136.12622	eval-rmse:3445.23096
[200]	train-rmse:775.80585	eval-rmse:994.42462
[300]	train-rmse:642.71753	eval-rmse:937.74738
Saved Losses
{'MSE - mean': 879370.2335670325, 'MSE - std': 0.0, 'R2 - mean': 0.9990267704981266, 'R2 - std': 0.0} 
 

[0]	train-rmse:31921.41992	eval-rmse:29808.84570
[100]	train-rmse:3234.40112	eval-rmse:3065.36157
[200]	train-rmse:798.54083	eval-rmse:939.87634
[300]	train-rmse:669.42920	eval-rmse:856.93939
[400]	train-rmse:603.90564	eval-rmse:834.84827
[499]	train-rmse:561.63593	eval-rmse:820.63776
Saved Losses
{'MSE - mean': 776408.2334920077, 'MSE - std': 102962.00007502473, 'R2 - mean': 0.9990660556383468, 'R2 - std': 3.9285140220279846e-05} 
 

[0]	train-rmse:32360.51172	eval-rmse:27850.99219
[100]	train-rmse:3272.94336	eval-rmse:2910.24194
[200]	train-rmse:781.20514	eval-rmse:1000.15979
[300]	train-rmse:654.33447	eval-rmse:932.53662
[400]	train-rmse:589.80206	eval-rmse:911.96716
[499]	train-rmse:548.56464	eval-rmse:903.94122
Saved Losses
{'MSE - mean': 789975.3984112929, 'MSE - std': 86229.83764834782, 'R2 - mean': 0.9989746460980289, 'R2 - std': 0.00013319267854140375} 
 

[0]	train-rmse:31018.38281	eval-rmse:33405.22266
[100]	train-rmse:3145.95068	eval-rmse:3397.78320
[200]	train-rmse:778.73077	eval-rmse:918.53943
[286]	train-rmse:660.79596	eval-rmse:854.46429
Saved Losses
{'MSE - mean': 775224.3137390767, 'MSE - std': 78927.00534459665, 'R2 - mean': 0.9990264542145421, 'R2 - std': 0.0001461419174046256} 
 

[0]	train-rmse:31294.85156	eval-rmse:32357.16211
[100]	train-rmse:3174.99609	eval-rmse:3285.62622
[200]	train-rmse:794.83460	eval-rmse:883.60620
[300]	train-rmse:661.45105	eval-rmse:805.33380
[400]	train-rmse:597.20471	eval-rmse:783.20660
[499]	train-rmse:551.91242	eval-rmse:770.93310
Saved Losses
{'MSE - mean': 739047.0216700856, 'MSE - std': 101087.90028442159, 'R2 - mean': 0.9990816334933996, 'R2 - std': 0.0001710701004826411} 
 

Results After CV: {'MSE - mean': 739047.0216700856, 'MSE - std': 101087.90028442159, 'R2 - mean': 0.9990816334933996, 'R2 - std': 0.0001710701004826411}
Train time: 0.8969060517999999
Inference time: 0.009132199199999746
Finished cross validation
Trial 0 finished with value: 739047.0216700856 and parameters: {'max_depth': 3, 'alpha': 7.292688377723419e-05, 'lambda': 0.0025074822038510525, 'eta': 0.022940432116468883}. Best is trial 0 with value: 739047.0216700856.
[0]	train-rmse:30448.05664	eval-rmse:33197.92578
[100]	train-rmse:625.61328	eval-rmse:1172.70801
[178]	train-rmse:41.52074	eval-rmse:976.28449
Saved Losses
{'MSE - mean': 953131.3536140717, 'MSE - std': 0.0, 'R2 - mean': 0.9989451365112336, 'R2 - std': 0.0} 
 

[0]	train-rmse:31422.18164	eval-rmse:29342.53711
[100]	train-rmse:644.43042	eval-rmse:1140.68872
[200]	train-rmse:24.65642	eval-rmse:981.64014
[202]	train-rmse:23.52845	eval-rmse:981.72272
Saved Losses
{'MSE - mean': 958455.4258416095, 'MSE - std': 5324.072227537748, 'R2 - mean': 0.9988323878131482, 'R2 - std': 0.00011274869808547416} 
 

[0]	train-rmse:31854.46289	eval-rmse:27415.63281
[100]	train-rmse:655.51410	eval-rmse:1012.18280
[200]	train-rmse:30.84734	eval-rmse:841.24347
[242]	train-rmse:18.25221	eval-rmse:841.01782
Saved Losses
{'MSE - mean': 874721.9893381797, 'MSE - std': 118496.72544309888, 'R2 - mean': 0.9988730109795337, 'R2 - std': 0.00010851418912294738} 
 

[0]	train-rmse:30533.16602	eval-rmse:32883.55469
[100]	train-rmse:627.72687	eval-rmse:1274.71960
[200]	train-rmse:21.76028	eval-rmse:1093.84351
[210]	train-rmse:18.03731	eval-rmse:1093.79346
Saved Losses
{'MSE - mean': 955169.1186197335, 'MSE - std': 173050.07161073913, 'R2 - mean': 0.998819966972869, 'R2 - std': 0.00013142487154216363} 
 

[0]	train-rmse:30805.40039	eval-rmse:31851.70312
[100]	train-rmse:635.15320	eval-rmse:1024.63660
[200]	train-rmse:30.01384	eval-rmse:788.64795
[251]	train-rmse:15.31762	eval-rmse:787.81732
Saved Losses
{'MSE - mean': 888256.1576924433, 'MSE - std': 204612.90083426752, 'R2 - mean': 0.9989102772477197, 'R2 - std': 0.00021550355092765685} 
 

Results After CV: {'MSE - mean': 888256.1576924433, 'MSE - std': 204612.90083426752, 'R2 - mean': 0.9989102772477197, 'R2 - std': 0.00021550355092765685}
Train time: 4.1133451128
Inference time: 0.033092792800000125
Finished cross validation
Trial 1 finished with value: 888256.1576924433 and parameters: {'max_depth': 10, 'alpha': 0.5498874293994545, 'lambda': 0.0005151774733440141, 'eta': 0.038211990032477196}. Best is trial 0 with value: 739047.0216700856.
[0]	train-rmse:28929.70898	eval-rmse:31543.17578
[83]	train-rmse:230.44655	eval-rmse:979.59729
Saved Losses
{'MSE - mean': 959785.8863425723, 'MSE - std': 0.0, 'R2 - mean': 0.9989377717093273, 'R2 - std': 0.0} 
 

[0]	train-rmse:29855.08789	eval-rmse:27879.93945
[88]	train-rmse:232.70375	eval-rmse:908.49005
Saved Losses
{'MSE - mean': 892570.002448193, 'MSE - std': 67215.88389437931, 'R2 - mean': 0.9989206530214609, 'R2 - std': 1.7118687866357618e-05} 
 

[0]	train-rmse:30265.77539	eval-rmse:26049.57031
[100]	train-rmse:192.20261	eval-rmse:839.55298
[200]	train-rmse:69.20396	eval-rmse:825.42731
[224]	train-rmse:54.68195	eval-rmse:826.87921
Saved Losses
{'MSE - mean': 822956.3993228972, 'MSE - std': 112712.42542553811, 'R2 - mean': 0.9989434495427032, 'R2 - std': 3.513871195232331e-05} 
 

[0]	train-rmse:29010.60742	eval-rmse:31243.94531
[98]	train-rmse:178.86668	eval-rmse:894.37274
Saved Losses
{'MSE - mean': 816375.0240052068, 'MSE - std': 98275.18322138875, 'R2 - mean': 0.9989846847570135, 'R2 - std': 7.763424183891441e-05} 
 

[0]	train-rmse:29269.10742	eval-rmse:30262.88477
[100]	train-rmse:164.89531	eval-rmse:739.91272
[125]	train-rmse:116.76827	eval-rmse:739.84906
Saved Losses
{'MSE - mean': 762575.3416166326, 'MSE - std': 138938.9528181491, 'R2 - mean': 0.9990592427952147, 'R2 - std': 0.0001644909257266349} 
 

Results After CV: {'MSE - mean': 762575.3416166326, 'MSE - std': 138938.9528181491, 'R2 - mean': 0.9990592427952147, 'R2 - std': 0.0001644909257266349}
Train time: 0.8973435172000002
Inference time: 0.011714940799999596
Finished cross validation
Trial 2 finished with value: 762575.3416166326 and parameters: {'max_depth': 6, 'alpha': 8.043464021870775e-08, 'lambda': 3.08711808582476e-07, 'eta': 0.0862124397340755}. Best is trial 0 with value: 739047.0216700856.
[0]	train-rmse:29314.62500	eval-rmse:31960.44141
[98]	train-rmse:481.73657	eval-rmse:958.41266
Saved Losses
{'MSE - mean': 921818.1644847235, 'MSE - std': 0.0, 'R2 - mean': 0.9989797919024388, 'R2 - std': 0.0} 
 

[0]	train-rmse:30252.31250	eval-rmse:28251.20703
[100]	train-rmse:463.84296	eval-rmse:833.07221
[135]	train-rmse:390.74615	eval-rmse:833.02087
Saved Losses
{'MSE - mean': 807773.8999200118, 'MSE - std': 114044.26456471172, 'R2 - mean': 0.999029093303098, 'R2 - std': 4.93014006591741e-05} 
 

[0]	train-rmse:30668.40039	eval-rmse:26396.89648
[100]	train-rmse:484.60077	eval-rmse:875.36755
[102]	train-rmse:480.03604	eval-rmse:873.24542
Saved Losses
{'MSE - mean': 792701.8042082661, 'MSE - std': 95525.20954365234, 'R2 - mean': 0.9989768913389626, 'R2 - std': 8.408631789505981e-05} 
 

[0]	train-rmse:29396.64844	eval-rmse:31659.03711
[100]	train-rmse:473.78946	eval-rmse:864.84949
[106]	train-rmse:460.01740	eval-rmse:863.32172
Saved Losses
{'MSE - mean': 781302.6707393723, 'MSE - std': 85050.69062208715, 'R2 - mean': 0.9990236236903347, 'R2 - std': 0.00010887892191389669} 
 

[0]	train-rmse:29658.62109	eval-rmse:30665.20898
[100]	train-rmse:477.14252	eval-rmse:770.24487
[200]	train-rmse:311.99982	eval-rmse:758.69794
[211]	train-rmse:298.72192	eval-rmse:760.06061
Saved Losses
{'MSE - mean': 740821.2629029121, 'MSE - std': 111093.98499433919, 'R2 - mean': 0.9990829943711947, 'R2 - std': 0.00015356824767142748} 
 

Results After CV: {'MSE - mean': 740821.2629029121, 'MSE - std': 111093.98499433919, 'R2 - mean': 0.9990829943711947, 'R2 - std': 0.00015356824767142748}
Train time: 0.5400243279999998
Inference time: 0.009301729399999204
Finished cross validation
Trial 3 finished with value: 740821.2629029121 and parameters: {'max_depth': 4, 'alpha': 0.0001511922760096238, 'lambda': 0.0023708147442993983, 'eta': 0.07406038778328825}. Best is trial 0 with value: 739047.0216700856.
[0]	train-rmse:28620.63086	eval-rmse:31205.14648
[93]	train-rmse:159.45619	eval-rmse:964.69952
Saved Losses
{'MSE - mean': 930645.1125096425, 'MSE - std': 0.0, 'R2 - mean': 0.9989700228132641, 'R2 - std': 0.0} 
 

[0]	train-rmse:29536.08594	eval-rmse:27582.20703
[100]	train-rmse:158.83649	eval-rmse:907.36066
[119]	train-rmse:130.45389	eval-rmse:908.50275
Saved Losses
{'MSE - mean': 878022.9615710516, 'MSE - std': 52622.15093859087, 'R2 - mean': 0.9989367475587049, 'R2 - std': 3.3275254559206324e-05} 
 

[0]	train-rmse:29942.37891	eval-rmse:25771.27734
[100]	train-rmse:152.85190	eval-rmse:826.25354
[154]	train-rmse:81.99775	eval-rmse:827.65924
Saved Losses
{'MSE - mean': 813688.5836234754, 'MSE - std': 100617.51778263593, 'R2 - mean': 0.9989535431262738, 'R2 - std': 3.608800203086426e-05} 
 

[0]	train-rmse:28700.64453	eval-rmse:30910.25781
[98]	train-rmse:160.01129	eval-rmse:900.06470
Saved Losses
{'MSE - mean': 812795.5572014672, 'MSE - std': 87151.0536489692, 'R2 - mean': 0.9989884815935335, 'R2 - std': 6.81090845725822e-05} 
 

[0]	train-rmse:28956.37891	eval-rmse:29939.62305
[100]	train-rmse:140.27644	eval-rmse:748.00110
[124]	train-rmse:99.57647	eval-rmse:747.06549
Saved Losses
{'MSE - mean': 761857.8048738732, 'MSE - std': 128276.51137464587, 'R2 - mean': 0.9990597611901555, 'R2 - std': 0.00015502967941450667} 
 

Results After CV: {'MSE - mean': 761857.8048738732, 'MSE - std': 128276.51137464587, 'R2 - mean': 0.9990597611901555, 'R2 - std': 0.00015502967941450667}
Train time: 0.8212424920000003
Inference time: 0.0143884970000002
Finished cross validation
Trial 4 finished with value: 761857.8048738732 and parameters: {'max_depth': 6, 'alpha': 0.00038421265743509246, 'lambda': 1.290163291263802e-06, 'eta': 0.0959817152807717}. Best is trial 0 with value: 739047.0216700856.
[0]	train-rmse:31180.43359	eval-rmse:33996.38672
[100]	train-rmse:6844.80957	eval-rmse:7496.12695
[200]	train-rmse:1529.39575	eval-rmse:1882.56677
[300]	train-rmse:398.80310	eval-rmse:1038.30835
[400]	train-rmse:180.29668	eval-rmse:990.18665
[403]	train-rmse:177.84535	eval-rmse:990.26227
Saved Losses
{'MSE - mean': 980619.3139474601, 'MSE - std': 0.0, 'R2 - mean': 0.998914714633256, 'R2 - std': 0.0} 
 

[0]	train-rmse:32178.05664	eval-rmse:30048.18164
[100]	train-rmse:7062.17578	eval-rmse:6630.65918
[200]	train-rmse:1575.03137	eval-rmse:1677.00964
[300]	train-rmse:415.03274	eval-rmse:915.69488
[400]	train-rmse:205.21081	eval-rmse:859.56165
[450]	train-rmse:175.39787	eval-rmse:859.77960
Saved Losses
{'MSE - mean': 859920.1485915384, 'MSE - std': 120699.16535592172, 'R2 - mean': 0.9989663375168938, 'R2 - std': 5.1622883637747474e-05} 
 

[0]	train-rmse:32620.75977	eval-rmse:28074.39062
[100]	train-rmse:7159.62256	eval-rmse:6213.00098
[200]	train-rmse:1600.11206	eval-rmse:1598.25818
[300]	train-rmse:423.53000	eval-rmse:898.54968
[400]	train-rmse:203.44058	eval-rmse:837.25763
[499]	train-rmse:148.91867	eval-rmse:834.43719
Saved Losses
{'MSE - mean': 805375.2487858798, 'MSE - std': 125149.84832070758, 'R2 - mean': 0.9989677173408763, 'R2 - std': 4.219505387873352e-05} 
 

[0]	train-rmse:31267.74023	eval-rmse:33673.95312
[100]	train-rmse:6864.40625	eval-rmse:7430.81006
[200]	train-rmse:1534.58801	eval-rmse:1864.21765
[300]	train-rmse:403.27322	eval-rmse:1017.16473
[400]	train-rmse:191.70342	eval-rmse:960.54346
[465]	train-rmse:157.71150	eval-rmse:958.30902
Saved Losses
{'MSE - mean': 833620.4760016566, 'MSE - std': 118912.74945284324, 'R2 - mean': 0.9989688261025876, 'R2 - std': 3.6592417062414936e-05} 
 

[0]	train-rmse:31546.41602	eval-rmse:32617.53125
[100]	train-rmse:6924.47363	eval-rmse:7184.21338
[200]	train-rmse:1543.15515	eval-rmse:1750.81165
[300]	train-rmse:397.03470	eval-rmse:846.51422
[400]	train-rmse:182.97725	eval-rmse:770.33099
[499]	train-rmse:136.20589	eval-rmse:763.27350
Saved Losses
{'MSE - mean': 783413.669727525, 'MSE - std': 146270.59571540853, 'R2 - mean': 0.9990382898263214, 'R2 - std': 0.00014273065420237325} 
 

Results After CV: {'MSE - mean': 783413.669727525, 'MSE - std': 146270.59571540853, 'R2 - mean': 0.9990382898263214, 'R2 - std': 0.00014273065420237325}
Train time: 3.607893576800001
Inference time: 0.0431475775999985
Finished cross validation
Trial 5 finished with value: 783413.669727525 and parameters: {'max_depth': 7, 'alpha': 2.4142740381329762e-05, 'lambda': 6.812210357322593e-06, 'eta': 0.01507304104613516}. Best is trial 0 with value: 739047.0216700856.
[0]	train-rmse:28501.59375	eval-rmse:31074.15625
[77]	train-rmse:19.80555	eval-rmse:1048.12854
Saved Losses
{'MSE - mean': 1098921.424793437, 'MSE - std': 0.0, 'R2 - mean': 0.998783785588794, 'R2 - std': 0.0} 
 

[0]	train-rmse:29413.19141	eval-rmse:27468.85156
[96]	train-rmse:11.33971	eval-rmse:933.18805
Saved Losses
{'MSE - mean': 984880.6850069527, 'MSE - std': 114040.73978648416, 'R2 - mean': 0.9988134464769898, 'R2 - std': 2.966088819583712e-05} 
 

[0]	train-rmse:29817.79102	eval-rmse:25666.12891
[100]	train-rmse:7.49011	eval-rmse:814.40503
[182]	train-rmse:0.26711	eval-rmse:814.23859
Saved Losses
{'MSE - mean': 877581.9633897669, 'MSE - std': 178034.33622590074, 'R2 - mean': 0.9988822028246279, 'R2 - std': 0.00010020670074140385} 
 

[0]	train-rmse:28581.37109	eval-rmse:30782.41406
[94]	train-rmse:6.38003	eval-rmse:943.87353
Saved Losses
{'MSE - mean': 880910.7822032069, 'MSE - std': 154290.024825411, 'R2 - mean': 0.9989123733958594, 'R2 - std': 0.00010130067749221444} 
 

[0]	train-rmse:28836.01367	eval-rmse:29815.61719
[100]	train-rmse:11.51187	eval-rmse:814.30377
[112]	train-rmse:7.22258	eval-rmse:814.28796
Saved Losses
{'MSE - mean': 837341.6114100798, 'MSE - std': 163209.7423038941, 'R2 - mean': 0.9989742341091418, 'R2 - std': 0.00015335075219737244} 
 

Results After CV: {'MSE - mean': 837341.6114100798, 'MSE - std': 163209.7423038941, 'R2 - mean': 0.9989742341091418, 'R2 - std': 0.00015335075219737244}
Train time: 2.8054447644000007
Inference time: 0.015557458400002134
Finished cross validation
Trial 6 finished with value: 837341.6114100798 and parameters: {'max_depth': 11, 'alpha': 1.6855659151743017e-06, 'lambda': 0.2162917804460993, 'eta': 0.09984132925324093}. Best is trial 0 with value: 739047.0216700856.
[0]	train-rmse:27301.84180	eval-rmse:29769.53320
[68]	train-rmse:5.09383	eval-rmse:998.04840
Saved Losses
{'MSE - mean': 996176.331509192, 'MSE - std': 0.0, 'R2 - mean': 0.9988974971429723, 'R2 - std': 0.0} 
 

[0]	train-rmse:28174.98828	eval-rmse:26312.05664
[82]	train-rmse:2.82187	eval-rmse:956.07159
Saved Losses
{'MSE - mean': 955124.6147760311, 'MSE - std': 41051.716733160836, 'R2 - mean': 0.9988415852177418, 'R2 - std': 5.5911925230467396e-05} 
 

[0]	train-rmse:28562.42188	eval-rmse:24584.53516
[100]	train-rmse:0.82097	eval-rmse:858.91223
[109]	train-rmse:0.45424	eval-rmse:858.88635
Saved Losses
{'MSE - mean': 882642.6528534825, 'MSE - std': 107846.02560800908, 'R2 - mean': 0.9988641478658121, 'R2 - std': 5.569777162989053e-05} 
 

[0]	train-rmse:27377.72461	eval-rmse:29487.47461
[100]	train-rmse:0.50440	eval-rmse:1093.64404
[133]	train-rmse:0.07124	eval-rmse:1093.62195
Saved Losses
{'MSE - mean': 960984.2115995304, 'MSE - std': 164727.87684500727, 'R2 - mean': 0.998813459993665, 'R2 - std': 0.00010017216415646238} 
 

[0]	train-rmse:27621.94336	eval-rmse:28561.53516
[90]	train-rmse:1.65766	eval-rmse:778.34528
Saved Losses
{'MSE - mean': 889947.8990748788, 'MSE - std': 204677.4279599268, 'R2 - mean': 0.9989085465810295, 'R2 - std': 0.00021022227846723574} 
 

Results After CV: {'MSE - mean': 889947.8990748788, 'MSE - std': 204677.4279599268, 'R2 - mean': 0.9989085465810295, 'R2 - std': 0.00021022227846723574}
Train time: 3.0204812411999966
Inference time: 0.01721219460000043
Finished cross validation
