Trial 70 finished with value: 4.833293262659195 and parameters: {'max_depth': 8, 'alpha': 0.0005307237635010563, 'lambda': 0.168214322189085, 'eta': 0.058154612068959555}. Best is trial 32 with value: 4.547322277017564.
[0]	train-rmse:9.48948	eval-rmse:9.60514
[100]	train-rmse:1.88311	eval-rmse:2.15017
[142]	train-rmse:1.80967	eval-rmse:2.14003
Saved Losses
{'MSE - mean': 4.579735141764718, 'MSE - std': 0.0, 'R2 - mean': 0.5823432880871963, 'R2 - std': 0.0} 
 

[0]	train-rmse:9.53410	eval-rmse:9.41681
[100]	train-rmse:1.91609	eval-rmse:2.01758
[138]	train-rmse:1.84132	eval-rmse:2.01603
Saved Losses
{'MSE - mean': 4.322363903122323, 'MSE - std': 0.25737123864239475, 'R2 - mean': 0.5745145191203458, 'R2 - std': 0.007828768966850475} 
 

[0]	train-rmse:9.51253	eval-rmse:9.50798
[100]	train-rmse:1.88974	eval-rmse:2.15522
[200]	train-rmse:1.73324	eval-rmse:2.12858
[207]	train-rmse:1.72215	eval-rmse:2.12955
Saved Losses
{'MSE - mean': 4.393467359924034, 'MSE - std': 0.2329621703020743, 'R2 - mean': 0.5675748718858077, 'R2 - std': 0.011712265216595708} 
 

[0]	train-rmse:9.53641	eval-rmse:9.40395
[100]	train-rmse:1.89646	eval-rmse:2.07782
[136]	train-rmse:1.82569	eval-rmse:2.07920
Saved Losses
{'MSE - mean': 4.376944924190475, 'MSE - std': 0.20377070996980476, 'R2 - mean': 0.5600098001990584, 'R2 - std': 0.01657026844245067} 
 

[0]	train-rmse:9.48419	eval-rmse:9.63228
[100]	train-rmse:1.85029	eval-rmse:2.31617
[200]	train-rmse:1.68952	eval-rmse:2.30466
[224]	train-rmse:1.65622	eval-rmse:2.30531
Saved Losses
{'MSE - mean': 4.563716053712666, 'MSE - std': 0.41563423954873857, 'R2 - mean': 0.5601675333445899, 'R2 - std': 0.014824255663765997} 
 

Results After CV: {'MSE - mean': 4.563716053712666, 'MSE - std': 0.41563423954873857, 'R2 - mean': 0.5601675333445899, 'R2 - std': 0.014824255663765997}
Train time: 0.4554596722000156
Inference time: 0.006248292600002969
Finished cross validation
Trial 71 finished with value: 4.563716053712666 and parameters: {'max_depth': 4, 'alpha': 0.0012981848379710432, 'lambda': 0.021545877341821323, 'eta': 0.04854251603554144}. Best is trial 32 with value: 4.547322277017564.
[0]	train-rmse:9.53057	eval-rmse:9.64545
[100]	train-rmse:1.91361	eval-rmse:2.16242
[200]	train-rmse:1.78020	eval-rmse:2.12501
[239]	train-rmse:1.73535	eval-rmse:2.12522
Saved Losses
{'MSE - mean': 4.515313894810959, 'MSE - std': 0.0, 'R2 - mean': 0.5882182929394772, 'R2 - std': 0.0} 
 

[0]	train-rmse:9.57540	eval-rmse:9.45809
[100]	train-rmse:1.94107	eval-rmse:2.01415
[128]	train-rmse:1.89415	eval-rmse:2.01487
Saved Losses
{'MSE - mean': 4.285613532268284, 'MSE - std': 0.22970036254267434, 'R2 - mean': 0.5779359430173453, 'R2 - std': 0.01028234992213195} 
 

[0]	train-rmse:9.55397	eval-rmse:9.54786
[100]	train-rmse:1.91392	eval-rmse:2.16134
[200]	train-rmse:1.76660	eval-rmse:2.14170
[222]	train-rmse:1.73824	eval-rmse:2.14197
Saved Losses
{'MSE - mean': 4.386417354304601, 'MSE - std': 0.23557941076365124, 'R2 - mean': 0.5681387401744246, 'R2 - std': 0.016200458235436258} 
 

[0]	train-rmse:9.57782	eval-rmse:9.44535
[100]	train-rmse:1.92491	eval-rmse:2.07362
[130]	train-rmse:1.86681	eval-rmse:2.07469
Saved Losses
{'MSE - mean': 4.36590044339143, 'MSE - std': 0.2070895337337661, 'R2 - mean': 0.5610482402787977, 'R2 - std': 0.018645822631040847} 
 

[0]	train-rmse:9.52502	eval-rmse:9.67028
[100]	train-rmse:1.88852	eval-rmse:2.32253
[198]	train-rmse:1.74409	eval-rmse:2.30791
Saved Losses
{'MSE - mean': 4.558738410566309, 'MSE - std': 0.4278490228132041, 'R2 - mean': 0.5606792348623988, 'R2 - std': 0.016693652124682455} 
 

Results After CV: {'MSE - mean': 4.558738410566309, 'MSE - std': 0.4278490228132041, 'R2 - mean': 0.5606792348623988, 'R2 - std': 0.016693652124682455}
Train time: 0.4240273257999888
Inference time: 0.03997592160000067
Finished cross validation
Trial 72 finished with value: 4.558738410566309 and parameters: {'max_depth': 4, 'alpha': 0.0029677740694505693, 'lambda': 0.4884301382917174, 'eta': 0.04426722429991586}. Best is trial 32 with value: 4.547322277017564.
[0]	train-rmse:9.68413	eval-rmse:9.79875
[100]	train-rmse:2.19829	eval-rmse:2.32553
[200]	train-rmse:2.00717	eval-rmse:2.18344
[300]	train-rmse:1.93878	eval-rmse:2.15110
[400]	train-rmse:1.89382	eval-rmse:2.13767
[499]	train-rmse:1.84972	eval-rmse:2.12722
Saved Losses
{'MSE - mean': 4.525056997876398, 'MSE - std': 0.0, 'R2 - mean': 0.5873297541344644, 'R2 - std': 0.0} 
 

[0]	train-rmse:9.72989	eval-rmse:9.61187
[100]	train-rmse:2.23454	eval-rmse:2.13214
[200]	train-rmse:2.04438	eval-rmse:2.01843
[276]	train-rmse:1.99036	eval-rmse:2.01658
Saved Losses
{'MSE - mean': 4.295824349720552, 'MSE - std': 0.22923264815584599, 'R2 - mean': 0.5769225262146784, 'R2 - std': 0.010407227919785933} 
 

[0]	train-rmse:9.70842	eval-rmse:9.70051
[100]	train-rmse:2.19338	eval-rmse:2.29813
[200]	train-rmse:2.01083	eval-rmse:2.18881
[300]	train-rmse:1.94874	eval-rmse:2.17027
[400]	train-rmse:1.89295	eval-rmse:2.15711
[433]	train-rmse:1.87635	eval-rmse:2.15655
Saved Losses
{'MSE - mean': 4.414125118340258, 'MSE - std': 0.25104159356380457, 'R2 - mean': 0.5654065419233165, 'R2 - std': 0.018369613960216226} 
 

[0]	train-rmse:9.73229	eval-rmse:9.60016
[100]	train-rmse:2.21562	eval-rmse:2.17851
[200]	train-rmse:2.03260	eval-rmse:2.08179
[248]	train-rmse:1.99582	eval-rmse:2.08170
Saved Losses
{'MSE - mean': 4.393961422532319, 'MSE - std': 0.2201956747081922, 'R2 - mean': 0.5582206935974876, 'R2 - std': 0.02019879417863807} 
 

[0]	train-rmse:9.67900	eval-rmse:9.82338
[100]	train-rmse:2.15856	eval-rmse:2.49729
[200]	train-rmse:1.97639	eval-rmse:2.34137
[300]	train-rmse:1.90609	eval-rmse:2.32323
[400]	train-rmse:1.85298	eval-rmse:2.31276
[408]	train-rmse:1.84929	eval-rmse:2.31227
Saved Losses
{'MSE - mean': 4.584659795536184, 'MSE - std': 0.4292462999181708, 'R2 - mean': 0.5581300144543772, 'R2 - std': 0.018067260994538367} 
 

Results After CV: {'MSE - mean': 4.584659795536184, 'MSE - std': 0.4292462999181708, 'R2 - mean': 0.5581300144543772, 'R2 - std': 0.018067260994538367}
Train time: 0.5695950068000002
Inference time: 0.023842217600008552
Finished cross validation
Trial 73 finished with value: 4.584659795536184 and parameters: {'max_depth': 3, 'alpha': 0.0001509209032793202, 'lambda': 0.27754959775953697, 'eta': 0.02804143668331821}. Best is trial 32 with value: 4.547322277017564.
[0]	train-rmse:9.59074	eval-rmse:9.70804
[100]	train-rmse:1.79523	eval-rmse:2.16588
[175]	train-rmse:1.65322	eval-rmse:2.12869
Saved Losses
{'MSE - mean': 4.532293857909867, 'MSE - std': 0.0, 'R2 - mean': 0.5866697764124804, 'R2 - std': 0.0} 
 

[0]	train-rmse:9.63583	eval-rmse:9.51955
[100]	train-rmse:1.81755	eval-rmse:2.05062
[142]	train-rmse:1.72196	eval-rmse:2.04370
Saved Losses
{'MSE - mean': 4.354510224510657, 'MSE - std': 0.17778363339920977, 'R2 - mean': 0.5707225369644018, 'R2 - std': 0.015947239448078687} 
 

[0]	train-rmse:9.61406	eval-rmse:9.60818
[100]	train-rmse:1.79513	eval-rmse:2.15192
[180]	train-rmse:1.64289	eval-rmse:2.13730
Saved Losses
{'MSE - mean': 4.42568842488124, 'MSE - std': 0.1766465943225041, 'R2 - mean': 0.5639851437706808, 'R2 - std': 0.016134679981430266} 
 

[0]	train-rmse:9.63811	eval-rmse:9.50839
[100]	train-rmse:1.81827	eval-rmse:2.08118
[133]	train-rmse:1.73335	eval-rmse:2.07538
Saved Losses
{'MSE - mean': 4.396063223186222, 'MSE - std': 0.16135666143892505, 'R2 - mean': 0.5578571853491713, 'R2 - std': 0.017547123605440973} 
 

[0]	train-rmse:9.58544	eval-rmse:9.73189
[100]	train-rmse:1.76365	eval-rmse:2.32180
[179]	train-rmse:1.59964	eval-rmse:2.30722
Saved Losses
{'MSE - mean': 4.581500605434863, 'MSE - std': 0.39796591398446135, 'R2 - mean': 0.558239526483282, 'R2 - std': 0.015713242072565144} 
 

Results After CV: {'MSE - mean': 4.581500605434863, 'MSE - std': 0.39796591398446135, 'R2 - mean': 0.558239526483282, 'R2 - std': 0.015713242072565144}
Train time: 0.5202128841999979
Inference time: 0.011367262600003869
Finished cross validation
Trial 74 finished with value: 4.581500605434863 and parameters: {'max_depth': 5, 'alpha': 4.037277156580077e-05, 'lambda': 0.06678073718818266, 'eta': 0.037593631527074414}. Best is trial 32 with value: 4.547322277017564.
[0]	train-rmse:9.59431	eval-rmse:9.70996
[100]	train-rmse:1.94844	eval-rmse:2.17362
[200]	train-rmse:1.79563	eval-rmse:2.13637
[240]	train-rmse:1.75195	eval-rmse:2.13337
Saved Losses
{'MSE - mean': 4.551255856647028, 'MSE - std': 0.0, 'R2 - mean': 0.5849405047846007, 'R2 - std': 0.0} 
 

[0]	train-rmse:9.63938	eval-rmse:9.52219
[100]	train-rmse:1.97174	eval-rmse:2.02597
[166]	train-rmse:1.86074	eval-rmse:2.01285
Saved Losses
{'MSE - mean': 4.301417429995196, 'MSE - std': 0.2498384266518321, 'R2 - mean': 0.576528052561518, 'R2 - std': 0.00841245222308279} 
 

[0]	train-rmse:9.61779	eval-rmse:9.61238
[100]	train-rmse:1.94859	eval-rmse:2.18124
[200]	train-rmse:1.80298	eval-rmse:2.14296
[284]	train-rmse:1.70719	eval-rmse:2.13656
Saved Losses
{'MSE - mean': 4.389244420725709, 'MSE - std': 0.23883045636908162, 'R2 - mean': 0.5679586888204972, 'R2 - std': 0.013930095409661617} 
 

[0]	train-rmse:9.64181	eval-rmse:9.50956
[100]	train-rmse:1.97074	eval-rmse:2.08835
[174]	train-rmse:1.83434	eval-rmse:2.07613
Saved Losses
{'MSE - mean': 4.369511797176153, 'MSE - std': 0.2096380677824124, 'R2 - mean': 0.5607537775149418, 'R2 - std': 0.01735707087484703} 
 

[0]	train-rmse:9.58916	eval-rmse:9.73516
[100]	train-rmse:1.91870	eval-rmse:2.33211
[200]	train-rmse:1.75834	eval-rmse:2.29340
[219]	train-rmse:1.74009	eval-rmse:2.29505
Saved Losses
{'MSE - mean': 4.549315649028293, 'MSE - std': 0.4055566497227004, 'R2 - mean': 0.5614618503179496, 'R2 - std': 0.015589092207726777} 
 

Results After CV: {'MSE - mean': 4.549315649028293, 'MSE - std': 0.4055566497227004, 'R2 - mean': 0.5614618503179496, 'R2 - std': 0.015589092207726777}
Train time: 0.5045809713999801
Inference time: 0.035837613800015336
Finished cross validation
Trial 75 finished with value: 4.549315649028293 and parameters: {'max_depth': 4, 'alpha': 0.0005750114180357832, 'lambda': 0.032876981377111404, 'eta': 0.037386715998895474}. Best is trial 32 with value: 4.547322277017564.
[0]	train-rmse:9.59577	eval-rmse:9.71029
[100]	train-rmse:1.81905	eval-rmse:2.16417
[200]	train-rmse:1.63431	eval-rmse:2.12862
[257]	train-rmse:1.55587	eval-rmse:2.12642
Saved Losses
{'MSE - mean': 4.521651001988044, 'MSE - std': 0.0, 'R2 - mean': 0.5876403697049034, 'R2 - std': 0.0} 
 

[0]	train-rmse:9.64109	eval-rmse:9.52553
[100]	train-rmse:1.84159	eval-rmse:2.03561
[144]	train-rmse:1.73818	eval-rmse:2.02332
Saved Losses
{'MSE - mean': 4.306966095686692, 'MSE - std': 0.2146849063013514, 'R2 - mean': 0.5757086284363544, 'R2 - std': 0.011931741268548957} 
 

[0]	train-rmse:9.61960	eval-rmse:9.61250
[100]	train-rmse:1.81713	eval-rmse:2.16212
[197]	train-rmse:1.64815	eval-rmse:2.13832
Saved Losses
{'MSE - mean': 4.395479600648542, 'MSE - std': 0.2153965810244203, 'R2 - mean': 0.5671628601487593, 'R2 - std': 0.015523249586247392} 
 

[0]	train-rmse:9.64353	eval-rmse:9.51197
[100]	train-rmse:1.83127	eval-rmse:2.07446
[180]	train-rmse:1.66733	eval-rmse:2.06513
Saved Losses
{'MSE - mean': 4.362797000217011, 'MSE - std': 0.19493902239074334, 'R2 - mean': 0.5613748569713353, 'R2 - std': 0.01676995529610347} 
 

[0]	train-rmse:9.59038	eval-rmse:9.73454
[100]	train-rmse:1.78807	eval-rmse:2.33705
[147]	train-rmse:1.68410	eval-rmse:2.32733
Saved Losses
{'MSE - mean': 4.57353395554607, 'MSE - std': 0.45611537501598715, 'R2 - mean': 0.5595116182898641, 'R2 - std': 0.015455476506506336} 
 

Results After CV: {'MSE - mean': 4.57353395554607, 'MSE - std': 0.45611537501598715, 'R2 - mean': 0.5595116182898641, 'R2 - std': 0.015455476506506336}
Train time: 0.5695576738000113
Inference time: 0.011049920800007839
Finished cross validation
Trial 76 finished with value: 4.57353395554607 and parameters: {'max_depth': 5, 'alpha': 0.0002084291105833263, 'lambda': 0.6520697452240788, 'eta': 0.0372311915002931}. Best is trial 32 with value: 4.547322277017564.
[0]	train-rmse:9.54725	eval-rmse:9.66290
[100]	train-rmse:1.91589	eval-rmse:2.16548
[200]	train-rmse:1.76635	eval-rmse:2.13381
[202]	train-rmse:1.76368	eval-rmse:2.13390
Saved Losses
{'MSE - mean': 4.557952471970627, 'MSE - std': 0.0, 'R2 - mean': 0.5843297955950031, 'R2 - std': 0.0} 
 

[0]	train-rmse:9.59211	eval-rmse:9.47488
[100]	train-rmse:1.94037	eval-rmse:2.02158
[162]	train-rmse:1.83951	eval-rmse:2.01778
Saved Losses
{'MSE - mean': 4.315188423796998, 'MSE - std': 0.2427640481736284, 'R2 - mean': 0.5751116754387808, 'R2 - std': 0.009218120156222254} 
 

[0]	train-rmse:9.57054	eval-rmse:9.56551
[100]	train-rmse:1.91365	eval-rmse:2.17101
[189]	train-rmse:1.77782	eval-rmse:2.15071
Saved Losses
{'MSE - mean': 4.418179133111495, 'MSE - std': 0.24597512299818267, 'R2 - mean': 0.5650706647089618, 'R2 - std': 0.016071495027813933} 
 

[0]	train-rmse:9.59449	eval-rmse:9.46215
[100]	train-rmse:1.92948	eval-rmse:2.08034
[131]	train-rmse:1.87007	eval-rmse:2.08313
Saved Losses
{'MSE - mean': 4.398491514021514, 'MSE - std': 0.21573276961735496, 'R2 - mean': 0.5578095189918949, 'R2 - std': 0.01875879595537049} 
 

[0]	train-rmse:9.54204	eval-rmse:9.68897
[100]	train-rmse:1.88661	eval-rmse:2.32205
[197]	train-rmse:1.72880	eval-rmse:2.29996
Saved Losses
{'MSE - mean': 4.576760975984444, 'MSE - std': 0.4054041274871636, 'R2 - mean': 0.5587540143693678, 'R2 - std': 0.01688437818305578} 
 

Results After CV: {'MSE - mean': 4.576760975984444, 'MSE - std': 0.4054041274871636, 'R2 - mean': 0.5587540143693678, 'R2 - std': 0.01688437818305578}
Train time: 0.49422738779999237
Inference time: 0.04476347539999779
Finished cross validation
Trial 77 finished with value: 4.576760975984444 and parameters: {'max_depth': 4, 'alpha': 6.355487503724863e-05, 'lambda': 0.03134092399843115, 'eta': 0.042395048690184824}. Best is trial 32 with value: 4.547322277017564.
[0]	train-rmse:9.46448	eval-rmse:9.58150
[100]	train-rmse:1.71199	eval-rmse:2.13635
[176]	train-rmse:1.54975	eval-rmse:2.13253
Saved Losses
{'MSE - mean': 4.547699124341679, 'MSE - std': 0.0, 'R2 - mean': 0.5852648670181848, 'R2 - std': 0.0} 
 

[0]	train-rmse:9.50917	eval-rmse:9.39348
[100]	train-rmse:1.73948	eval-rmse:2.03757
[118]	train-rmse:1.69841	eval-rmse:2.04210
Saved Losses
{'MSE - mean': 4.358184620787929, 'MSE - std': 0.18951450355374977, 'R2 - mean': 0.5704494784830259, 'R2 - std': 0.014815388535159013} 
 

[0]	train-rmse:9.48744	eval-rmse:9.48085
[100]	train-rmse:1.71339	eval-rmse:2.14271
[131]	train-rmse:1.64956	eval-rmse:2.14104
Saved Losses
{'MSE - mean': 4.433613608850678, 'MSE - std': 0.18794386356522352, 'R2 - mean': 0.5632643142302355, 'R2 - std': 0.015798217061142233} 
 

[0]	train-rmse:9.51120	eval-rmse:9.38025
[97]	train-rmse:1.72933	eval-rmse:2.06578
Saved Losses
{'MSE - mean': 4.3907197804028755, 'MSE - std': 0.17891845473733564, 'R2 - mean': 0.5585234103372572, 'R2 - std': 0.015956699404970864} 
 

[0]	train-rmse:9.45899	eval-rmse:9.60804
[100]	train-rmse:1.68431	eval-rmse:2.32374
[141]	train-rmse:1.59452	eval-rmse:2.32573
Saved Losses
{'MSE - mean': 4.5943483848367705, 'MSE - std': 0.4375704342517446, 'R2 - mean': 0.5573564783372724, 'R2 - std': 0.014461670923196657} 
 

Results After CV: {'MSE - mean': 4.5943483848367705, 'MSE - std': 0.4375704342517446, 'R2 - mean': 0.5573564783372724, 'R2 - std': 0.014461670923196657}
Train time: 0.4931676079999988
Inference time: 0.007263798199983284
Finished cross validation
Trial 78 finished with value: 4.5943483848367705 and parameters: {'max_depth': 5, 'alpha': 0.0007133897806867394, 'lambda': 0.19305544960429913, 'eta': 0.05103233597107848}. Best is trial 32 with value: 4.547322277017564.
[0]	train-rmse:9.65221	eval-rmse:9.76784
[100]	train-rmse:2.02012	eval-rmse:2.22135
[200]	train-rmse:1.83202	eval-rmse:2.14088
[300]	train-rmse:1.74494	eval-rmse:2.12887
[317]	train-rmse:1.72965	eval-rmse:2.12836
Saved Losses
{'MSE - mean': 4.529906495644671, 'MSE - std': 0.0, 'R2 - mean': 0.5868874959624024, 'R2 - std': 0.0} 
 

[0]	train-rmse:9.69751	eval-rmse:9.58037
[100]	train-rmse:2.04934	eval-rmse:2.06051
[161]	train-rmse:1.90858	eval-rmse:2.01773
Saved Losses
{'MSE - mean': 4.300573128959227, 'MSE - std': 0.22933336668544335, 'R2 - mean': 0.5764536634787206, 'R2 - std': 0.010433832483681793} 
 

[0]	train-rmse:9.67593	eval-rmse:9.67039
[100]	train-rmse:2.01207	eval-rmse:2.20947
[200]	train-rmse:1.84421	eval-rmse:2.13867
[287]	train-rmse:1.75819	eval-rmse:2.13392
Saved Losses
{'MSE - mean': 4.3849253007566515, 'MSE - std': 0.22202050916691862, 'R2 - mean': 0.5682787064480231, 'R2 - std': 0.014360933759306464} 
 

[0]	train-rmse:9.70003	eval-rmse:9.56787
[100]	train-rmse:2.03846	eval-rmse:2.11771
[195]	train-rmse:1.84964	eval-rmse:2.07522
Saved Losses
{'MSE - mean': 4.365325603217697, 'MSE - std': 0.19524926196764225, 'R2 - mean': 0.5610950288446894, 'R2 - std': 0.017592412726948708} 
 

[0]	train-rmse:9.64712	eval-rmse:9.79199
[100]	train-rmse:1.99203	eval-rmse:2.37760
[200]	train-rmse:1.80689	eval-rmse:2.30109
[240]	train-rmse:1.76497	eval-rmse:2.29890
Saved Losses
{'MSE - mean': 4.549247997096847, 'MSE - std': 0.40719480266830266, 'R2 - mean': 0.5614634886379904, 'R2 - std': 0.01575237883373058} 
 

Results After CV: {'MSE - mean': 4.549247997096847, 'MSE - std': 0.40719480266830266, 'R2 - mean': 0.5614634886379904, 'R2 - std': 0.01575237883373058}
Train time: 0.4912805027999866
Inference time: 0.013549720199989679
Finished cross validation
Trial 79 finished with value: 4.549247997096847 and parameters: {'max_depth': 4, 'alpha': 1.5864397811200057e-05, 'lambda': 0.08620384647224459, 'eta': 0.031236560368935424}. Best is trial 32 with value: 4.547322277017564.
[0]	train-rmse:9.71863	eval-rmse:9.83433
[100]	train-rmse:2.19309	eval-rmse:2.36461
[200]	train-rmse:1.88879	eval-rmse:2.15591
[300]	train-rmse:1.80388	eval-rmse:2.13505
[400]	train-rmse:1.73944	eval-rmse:2.12927
[405]	train-rmse:1.73503	eval-rmse:2.12805
Saved Losses
{'MSE - mean': 4.5286150240434555, 'MSE - std': 0.0, 'R2 - mean': 0.5870052739049679, 'R2 - std': 0.0} 
 

[0]	train-rmse:9.76421	eval-rmse:9.64714
[100]	train-rmse:2.22329	eval-rmse:2.18293
[196]	train-rmse:1.91910	eval-rmse:2.02328
Saved Losses
{'MSE - mean': 4.310511038757865, 'MSE - std': 0.21810398528559016, 'R2 - mean': 0.575384372196801, 'R2 - std': 0.01162090170816682} 
 

[0]	train-rmse:9.74266	eval-rmse:9.73652
[100]	train-rmse:2.19005	eval-rmse:2.34756
[200]	train-rmse:1.89078	eval-rmse:2.16057
[300]	train-rmse:1.81010	eval-rmse:2.13871
[385]	train-rmse:1.74679	eval-rmse:2.13489
Saved Losses
{'MSE - mean': 4.392920181798022, 'MSE - std': 0.21282723661426398, 'R2 - mean': 0.5674310779711448, 'R2 - std': 0.014715298697397646} 
 

[0]	train-rmse:9.76681	eval-rmse:9.63479
[100]	train-rmse:2.21187	eval-rmse:2.23825
[200]	train-rmse:1.90403	eval-rmse:2.07473
[220]	train-rmse:1.88428	eval-rmse:2.07615
Saved Losses
{'MSE - mean': 4.372291574467649, 'MSE - std': 0.1877450207191126, 'R2 - mean': 0.5603556148586384, 'R2 - std': 0.017680258668485084} 
 

[0]	train-rmse:9.71363	eval-rmse:9.85719
[100]	train-rmse:2.16372	eval-rmse:2.51571
[200]	train-rmse:1.86384	eval-rmse:2.31608
[300]	train-rmse:1.77277	eval-rmse:2.30158
[324]	train-rmse:1.75720	eval-rmse:2.30185
Saved Losses
{'MSE - mean': 4.557540067497476, 'MSE - std': 0.40677582391674205, 'R2 - mean': 0.5606470727416519, 'R2 - std': 0.01582444400470097} 
 

Results After CV: {'MSE - mean': 4.557540067497476, 'MSE - std': 0.40677582391674205, 'R2 - mean': 0.5606470727416519, 'R2 - std': 0.01582444400470097}
Train time: 0.6394702707999841
Inference time: 0.042628408999985365
Finished cross validation
Trial 80 finished with value: 4.557540067497476 and parameters: {'max_depth': 4, 'alpha': 4.275352969863282e-06, 'lambda': 0.10051250332247873, 'eta': 0.024172464237327246}. Best is trial 32 with value: 4.547322277017564.
[0]	train-rmse:9.63102	eval-rmse:9.74666
[100]	train-rmse:1.98516	eval-rmse:2.20334
[200]	train-rmse:1.81754	eval-rmse:2.13672
[225]	train-rmse:1.79395	eval-rmse:2.13593
Saved Losses
{'MSE - mean': 4.561226083608835, 'MSE - std': 0.0, 'R2 - mean': 0.5840312530307344, 'R2 - std': 0.0} 
 

[0]	train-rmse:9.67624	eval-rmse:9.55908
[100]	train-rmse:2.01751	eval-rmse:2.04619
[152]	train-rmse:1.90150	eval-rmse:2.01253
Saved Losses
{'MSE - mean': 4.307324989958451, 'MSE - std': 0.25390109365038427, 'R2 - mean': 0.5759750970592902, 'R2 - std': 0.008056155971444268} 
 

[0]	train-rmse:9.65465	eval-rmse:9.64894
[100]	train-rmse:1.98497	eval-rmse:2.19423
[200]	train-rmse:1.82547	eval-rmse:2.14301
[252]	train-rmse:1.77242	eval-rmse:2.14160
Saved Losses
{'MSE - mean': 4.400359337916988, 'MSE - std': 0.24553605988675936, 'R2 - mean': 0.5668838892772504, 'R2 - std': 0.014441879513989763} 
 

[0]	train-rmse:9.67872	eval-rmse:9.54654
[100]	train-rmse:2.00938	eval-rmse:2.10505
[160]	train-rmse:1.87728	eval-rmse:2.08364
Saved Losses
{'MSE - mean': 4.3870256298666455, 'MSE - std': 0.21389093211179136, 'R2 - mean': 0.5589663994098639, 'R2 - std': 0.018560330016542087} 
 

[0]	train-rmse:9.62591	eval-rmse:9.77121
[100]	train-rmse:1.95869	eval-rmse:2.35054
[200]	train-rmse:1.78690	eval-rmse:2.30447
[251]	train-rmse:1.73076	eval-rmse:2.30762
Saved Losses
{'MSE - mean': 4.57446173906219, 'MSE - std': 0.42086654035831406, 'R2 - mean': 0.559111084867075, 'R2 - std': 0.016603385672340324} 
 

Results After CV: {'MSE - mean': 4.57446173906219, 'MSE - std': 0.42086654035831406, 'R2 - mean': 0.559111084867075, 'R2 - std': 0.016603385672340324}
Train time: 0.45463555440001074
Inference time: 0.007114375400010431
Finished cross validation
