Trial 1 finished with value: 777379.3269379502 and parameters: {'max_depth': 2, 'alpha': 1.154911129239463e-05, 'lambda': 0.00010064359144547208, 'eta': 0.2559525514826587}. Best is trial 0 with value: 777174.1380722029.
[0]	eval-rmse:31655.25781
[100]	eval-rmse:971.62238
{'MSE - mean': 944050.0030729412, 'MSE - std': 0.0, 'R2 - mean': 0.9989551871564865, 'R2 - std': 0.0}
[0]	eval-rmse:27978.80273
[100]	eval-rmse:1003.74243
[148]	eval-rmse:1003.75018
{'MSE - mean': 975782.1971742694, 'MSE - std': 31732.194101328147, 'R2 - mean': 0.9988083626907918, 'R2 - std': 0.00014682446569475038}
[0]	eval-rmse:26142.14844
[100]	eval-rmse:857.06580
[200]	eval-rmse:856.94513
[300]	eval-rmse:856.94190
[309]	eval-rmse:856.94183
{'MSE - mean': 895304.5758743528, 'MSE - std': 116724.38971858071, 'R2 - mean': 0.9988436404552715, 'R2 - std': 0.00012984859318096272}
[0]	eval-rmse:31355.96875
[100]	eval-rmse:1134.57690
[106]	eval-rmse:1134.56226
{'MSE - mean': 993286.3100762204, 'MSE - std': 197534.04283312184, 'R2 - mean': 0.9987725547642172, 'R2 - std': 0.0001667483711504327}
[0]	eval-rmse:30371.57227
[100]	eval-rmse:783.38342
[200]	eval-rmse:783.08453
[209]	eval-rmse:783.08722
{'MSE - mean': 917274.1770872131, 'MSE - std': 233081.82234690082, 'R2 - mean': 0.9988740797358796, 'R2 - std': 0.0002519390698348097}
Trial 2 finished with value: 917274.1770872131 and parameters: {'max_depth': 12, 'alpha': 2.1582827717662026e-07, 'lambda': 0.00017860279349273623, 'eta': 0.08293200352757493}. Best is trial 0 with value: 777174.1380722029.
[0]	eval-rmse:29640.74023
[63]	eval-rmse:967.03198
{'MSE - mean': 935150.8744327606, 'MSE - std': 0.0, 'R2 - mean': 0.9989650361304487, 'R2 - std': 0.0}
[0]	eval-rmse:26199.53906
[93]	eval-rmse:829.47498
{'MSE - mean': 811526.9955332887, 'MSE - std': 123623.87889947189, 'R2 - mean': 0.99902558562117, 'R2 - std': 6.0549490721262256e-05}
[0]	eval-rmse:24480.19531
[77]	eval-rmse:897.18982
{'MSE - mean': 809334.5366930654, 'MSE - std': 100986.08505284118, 'R2 - mean': 0.998953659371991, 'R2 - std': 0.0001130969990451252}
[0]	eval-rmse:29360.77734
[70]	eval-rmse:846.57300
{'MSE - mean': 786044.6131460826, 'MSE - std': 96311.49280951713, 'R2 - mean': 0.9990148542458467, 'R2 - std': 0.0001443178303377662}
[0]	eval-rmse:28439.15234
[100]	eval-rmse:745.81867
[134]	eval-rmse:740.41229
{'MSE - mean': 738477.7574641772, 'MSE - std': 128339.962426405, 'R2 - mean': 0.9990831826571643, 'R2 - std': 0.00018798190363837367}
Trial 3 finished with value: 738477.7574641772 and parameters: {'max_depth': 4, 'alpha': 4.013819183562601e-06, 'lambda': 1.718643124847853e-05, 'eta': 0.14134828012108835}. Best is trial 3 with value: 738477.7574641772.
[0]	eval-rmse:25109.32617
[43]	eval-rmse:1024.55505
{'MSE - mean': 1049713.0584391712, 'MSE - std': 0.0, 'R2 - mean': 0.998838246192584, 'R2 - std': 0.0}
[0]	eval-rmse:22203.30273
[44]	eval-rmse:921.96930
{'MSE - mean': 949914.8794315258, 'MSE - std': 99798.17900764535, 'R2 - mean': 0.998854441977304, 'R2 - std': 1.6195784720007822e-05}
[0]	eval-rmse:20749.91797
[49]	eval-rmse:841.25696
{'MSE - mean': 869185.4580481186, 'MSE - std': 140264.97534771156, 'R2 - mean': 0.9988874813705723, 'R2 - std': 4.8559983287301374e-05}
[0]	eval-rmse:24879.92578
[41]	eval-rmse:1081.22473
{'MSE - mean': 944150.8534071078, 'MSE - std': 177806.4368518735, 'R2 - mean': 0.9988385042191583, 'R2 - std': 9.468282877344631e-05}
[0]	eval-rmse:24096.05859
[51]	eval-rmse:798.83502
{'MSE - mean': 882948.1721887052, 'MSE - std': 200686.7607542986, 'R2 - mean': 0.9989209908742183, 'R2 - std': 0.00018544018848005005}
Trial 4 finished with value: 882948.1721887052 and parameters: {'max_depth': 11, 'alpha': 1.4371686516678448e-08, 'lambda': 0.06341557417171088, 'eta': 0.27262885344774473}. Best is trial 3 with value: 738477.7574641772.
[0]	eval-rmse:33563.87109
[100]	eval-rmse:2267.19312
[200]	eval-rmse:989.09851
[300]	eval-rmse:962.46020
[358]	eval-rmse:959.72601
{'MSE - mean': 918821.68768027, 'MSE - std': 0.0, 'R2 - mean': 0.9989831082071264, 'R2 - std': 0.0}
[0]	eval-rmse:29666.93164
[100]	eval-rmse:2040.45789
[200]	eval-rmse:936.25012
[300]	eval-rmse:888.53015
[400]	eval-rmse:866.58746
[500]	eval-rmse:853.40625
[600]	eval-rmse:845.87707
[700]	eval-rmse:835.71112
[800]	eval-rmse:829.83014
[900]	eval-rmse:823.22534
[937]	eval-rmse:823.37323
{'MSE - mean': 798382.5729608219, 'MSE - std': 120439.11471944809, 'R2 - mean': 0.9990412372583355, 'R2 - std': 5.812905120899936e-05}
[0]	eval-rmse:27718.50586
[100]	eval-rmse:1977.39746
[200]	eval-rmse:1004.16602
[300]	eval-rmse:973.49115
[400]	eval-rmse:949.62109
[500]	eval-rmse:941.55322
[509]	eval-rmse:941.96521
{'MSE - mean': 828021.1980261592, 'MSE - std': 106898.47096410462, 'R2 - mean': 0.9989235069873176, 'R2 - std': 0.00017312853940790722}
[0]	eval-rmse:33246.19141
[100]	eval-rmse:2217.48755
[200]	eval-rmse:893.27051
[252]	eval-rmse:890.07050
{'MSE - mean': 819072.2571220146, 'MSE - std': 93865.39804829705, 'R2 - mean': 0.9989709605172654, 'R2 - std': 0.0001709843001028219}
[0]	eval-rmse:32203.03516
[100]	eval-rmse:2146.42725
[200]	eval-rmse:876.76697
[300]	eval-rmse:835.60535
[400]	eval-rmse:816.82636
[500]	eval-rmse:800.86578
[600]	eval-rmse:793.62323
[700]	eval-rmse:787.72375
[800]	eval-rmse:783.57239
[900]	eval-rmse:779.73871
[999]	eval-rmse:778.00885
{'MSE - mean': 776317.3752807935, 'MSE - std': 119835.26211278263, 'R2 - mean': 0.99903466550966, 'R2 - std': 0.00019905227687540226}
Trial 5 finished with value: 776317.3752807935 and parameters: {'max_depth': 2, 'alpha': 0.0018226420816501883, 'lambda': 0.04156534155711185, 'eta': 0.02760364113361793}. Best is trial 3 with value: 738477.7574641772.
[0]	eval-rmse:32104.99609
[100]	eval-rmse:946.14179
[122]	eval-rmse:947.52795
{'MSE - mean': 896585.3460963037, 'MSE - std': 0.0, 'R2 - mean': 0.9990077179367002, 'R2 - std': 0.0}
[0]	eval-rmse:28378.19141
[100]	eval-rmse:851.34998
[200]	eval-rmse:805.93091
[300]	eval-rmse:794.25617
[329]	eval-rmse:791.63013
{'MSE - mean': 761572.295034183, 'MSE - std': 135013.05106212065, 'R2 - mean': 0.9990876735495458, 'R2 - std': 7.995561284562802e-05}
[0]	eval-rmse:26515.10938
[100]	eval-rmse:944.93622
[180]	eval-rmse:919.54468
{'MSE - mean': 789569.0042466732, 'MSE - std': 117132.32157774673, 'R2 - mean': 0.9989750347175637, 'R2 - std': 0.00017215384483338866}
[0]	eval-rmse:31802.18945
[100]	eval-rmse:856.86169
[200]	eval-rmse:837.23450
[300]	eval-rmse:818.25549
[346]	eval-rmse:816.03632
{'MSE - mean': 758609.8532298738, 'MSE - std': 114740.54498601393, 'R2 - mean': 0.9990449998717199, 'R2 - std': 0.00019212776505883768}
[0]	eval-rmse:30803.50391
[100]	eval-rmse:794.66272
[200]	eval-rmse:761.77319
[300]	eval-rmse:750.82660
[400]	eval-rmse:746.04279
[500]	eval-rmse:740.50842
[600]	eval-rmse:735.37976
[653]	eval-rmse:734.27625
{'MSE - mean': 714720.1939267967, 'MSE - std': 135046.37316829627, 'R2 - mean': 0.9991094234965507, 'R2 - std': 0.00021478378949669853}
Trial 6 finished with value: 714720.1939267967 and parameters: {'max_depth': 3, 'alpha': 0.008310003384425129, 'lambda': 0.9406962025527317, 'eta': 0.07026059872054606}. Best is trial 6 with value: 714720.1939267967.
[0]	eval-rmse:24504.20117
[36]	eval-rmse:1041.31348
{'MSE - mean': 1084333.857194763, 'MSE - std': 0.0, 'R2 - mean': 0.9987999301552186, 'R2 - std': 0.0}
[0]	eval-rmse:21666.40430
[49]	eval-rmse:906.84784
{'MSE - mean': 953353.4179182142, 'MSE - std': 130980.43927654868, 'R2 - mean': 0.9988537124353858, 'R2 - std': 5.378228016716946e-05}
[0]	eval-rmse:20251.90430
[100]	eval-rmse:850.97351
[106]	eval-rmse:850.92071
{'MSE - mean': 876931.793450575, 'MSE - std': 152045.3211642201, 'R2 - mean': 0.9988789307962261, 'R2 - std': 5.6571081130452594e-05}
[0]	eval-rmse:24279.26758
[42]	eval-rmse:933.74060
{'MSE - mean': 875318.632748891, 'MSE - std': 131704.75173013503, 'R2 - mean': 0.9989156324856485, 'R2 - std': 8.025744473000701e-05}
[0]	eval-rmse:23512.88477
[48]	eval-rmse:787.25836
{'MSE - mean': 824213.4462380791, 'MSE - std': 155961.12866947555, 'R2 - mean': 0.9989870001966622, 'R2 - std': 0.00015976985525742703}
Trial 7 finished with value: 824213.4462380791 and parameters: {'max_depth': 7, 'alpha': 0.014261413945019097, 'lambda': 0.004437753238592557, 'eta': 0.2901565756159136}. Best is trial 6 with value: 714720.1939267967.
[0]	eval-rmse:33182.91797
[100]	eval-rmse:1180.29614
[200]	eval-rmse:960.83167
[300]	eval-rmse:951.39117
[371]	eval-rmse:942.78314
{'MSE - mean': 889119.7696758691, 'MSE - std': 0.0, 'R2 - mean': 0.9990159803487577, 'R2 - std': 0.0}
[0]	eval-rmse:29330.55078
[100]	eval-rmse:1097.98230
[200]	eval-rmse:891.54657
[300]	eval-rmse:862.51404
[400]	eval-rmse:845.86682
[500]	eval-rmse:833.15765
[600]	eval-rmse:826.40546
[634]	eval-rmse:825.61902
{'MSE - mean': 785383.3189770926, 'MSE - std': 103736.45069877646, 'R2 - mean': 0.9990552133778023, 'R2 - std': 3.9233029044682954e-05}
[0]	eval-rmse:27404.50977
[100]	eval-rmse:1140.41223
[200]	eval-rmse:978.77911
[300]	eval-rmse:954.26465
[400]	eval-rmse:940.40900
[500]	eval-rmse:936.51910
[502]	eval-rmse:936.20789
{'MSE - mean': 815931.8232230727, 'MSE - std': 95082.01560961171, 'R2 - mean': 0.9989378859290383, 'R2 - std': 0.00016898998248108}
[0]	eval-rmse:32869.08984
[100]	eval-rmse:1093.35925
[175]	eval-rmse:888.68860
{'MSE - mean': 809357.5918622282, 'MSE - std': 83127.03425028207, 'R2 - mean': 0.9989824695722074, 'R2 - std': 0.00016547300187304072}
[0]	eval-rmse:31837.64844
[100]	eval-rmse:1072.00513
[200]	eval-rmse:836.75641
[300]	eval-rmse:809.50891
[400]	eval-rmse:792.89294
[500]	eval-rmse:783.32965
[587]	eval-rmse:779.95752
{'MSE - mean': 769226.8677222509, 'MSE - std': 109407.41811501588, 'R2 - mean': 0.9990430731142179, 'R2 - std': 0.00019130135570883042}
Trial 8 finished with value: 769226.8677222509 and parameters: {'max_depth': 2, 'alpha': 1.251538848491918e-05, 'lambda': 0.013173014363619426, 'eta': 0.03863950196036502}. Best is trial 6 with value: 714720.1939267967.
[0]	eval-rmse:25959.64453
[56]	eval-rmse:948.77405
{'MSE - mean': 900172.2230042791, 'MSE - std': 0.0, 'R2 - mean': 0.9990037482157644, 'R2 - std': 0.0}
[0]	eval-rmse:22952.41406
[99]	eval-rmse:821.41553
{'MSE - mean': 787355.0255301348, 'MSE - std': 112817.19747414434, 'R2 - mean': 0.9990538194168539, 'R2 - std': 5.007120108951879e-05}
[0]	eval-rmse:21451.13672
[67]	eval-rmse:926.66992
{'MSE - mean': 811098.0723650841, 'MSE - std': 98043.9250708234, 'R2 - mean': 0.998946047341536, 'R2 - std': 0.00015780068828228483}
[0]	eval-rmse:25718.18945
[100]	eval-rmse:847.13306
[105]	eval-rmse:845.70251
{'MSE - mean': 787091.4467972512, 'MSE - std': 94543.17873824794, 'R2 - mean': 0.9990094539256542, 'R2 - std': 0.00017531964420852318}
[0]	eval-rmse:24909.16406
[100]	eval-rmse:774.20697
[107]	eval-rmse:772.93561
{'MSE - mean': 749159.0837452232, 'MSE - std': 113605.39944733822, 'R2 - mean': 0.9990673074202026, 'R2 - std': 0.00019487865312064733}
Trial 9 finished with value: 749159.0837452232 and parameters: {'max_depth': 3, 'alpha': 1.8380316625938903e-08, 'lambda': 0.010007252844820047, 'eta': 0.24800584866808192}. Best is trial 6 with value: 714720.1939267967.
[0]	eval-rmse:34086.35547
[100]	eval-rmse:9767.09375
[200]	eval-rmse:2928.82446
[300]	eval-rmse:1229.66077
[400]	eval-rmse:969.55676
[488]	eval-rmse:951.12293
{'MSE - mean': 904873.1305414242, 'MSE - std': 0.0, 'R2 - mean': 0.9989985455585376, 'R2 - std': 0.0}
[0]	eval-rmse:30128.01562
[100]	eval-rmse:8638.17871
[200]	eval-rmse:2603.41113
[300]	eval-rmse:1107.41382
[400]	eval-rmse:872.78961
[500]	eval-rmse:846.00311
[600]	eval-rmse:831.44635
[700]	eval-rmse:825.63019
[734]	eval-rmse:825.39813
{'MSE - mean': 793042.9176468689, 'MSE - std': 111830.21289455536, 'R2 - mean': 0.9990467843712696, 'R2 - std': 4.823881273197106e-05}
[0]	eval-rmse:28148.77344
[100]	eval-rmse:8089.08203
[200]	eval-rmse:2481.34326
[300]	eval-rmse:1130.49402
[400]	eval-rmse:923.46399
[500]	eval-rmse:898.70618
[600]	eval-rmse:888.26697
[617]	eval-rmse:888.47327
{'MSE - mean': 791812.9330239523, 'MSE - std': 91325.55357094533, 'R2 - mean': 0.9989754789087844, 'R2 - std': 0.0001082601496226428}
[0]	eval-rmse:33763.13672
[100]	eval-rmse:9674.90918
[200]	eval-rmse:2886.17212
[300]	eval-rmse:1161.48120
[400]	eval-rmse:878.90503
[500]	eval-rmse:853.70673
[557]	eval-rmse:855.04175
{'MSE - mean': 776633.8085296017, 'MSE - std': 83345.57584254058, 'R2 - mean': 0.9990270437417943, 'R2 - std': 0.00012948741640508832}
[0]	eval-rmse:32704.06055
[100]	eval-rmse:9365.84375
[200]	eval-rmse:2782.60815
[300]	eval-rmse:1103.51086
[400]	eval-rmse:822.19904
[500]	eval-rmse:786.39496
[600]	eval-rmse:773.72797
[700]	eval-rmse:765.41705
[789]	eval-rmse:764.13727
{'MSE - mean': 738088.1971558594, 'MSE - std': 107239.1935568429, 'R2 - mean': 0.9990845542102342, 'R2 - std': 0.0001632280880441639}
Trial 10 finished with value: 738088.1971558594 and parameters: {'max_depth': 4, 'alpha': 0.763631680840136, 'lambda': 1.0196057655564474e-08, 'eta': 0.012461150755349641}. Best is trial 6 with value: 714720.1939267967.
[0]	eval-rmse:34133.58203
[100]	eval-rmse:11220.74707
[200]	eval-rmse:3783.16187
[300]	eval-rmse:1528.11658
[400]	eval-rmse:1021.43805
[500]	eval-rmse:953.15521
[600]	eval-rmse:944.19898
[605]	eval-rmse:943.70154
{'MSE - mean': 890725.8794759033, 'MSE - std': 0.0, 'R2 - mean': 0.9990142028114009, 'R2 - std': 0.0}
[0]	eval-rmse:30169.61133
[100]	eval-rmse:9921.42090
[200]	eval-rmse:3362.17578
[300]	eval-rmse:1393.08313
[400]	eval-rmse:957.31024
[500]	eval-rmse:889.62543
[600]	eval-rmse:860.99262
[700]	eval-rmse:842.51556
[800]	eval-rmse:833.39313
[900]	eval-rmse:825.16065
[999]	eval-rmse:820.33728
{'MSE - mean': 781839.5587720678, 'MSE - std': 108886.32070383558, 'R2 - mean': 0.9990600992619836, 'R2 - std': 4.589645058272751e-05}
[0]	eval-rmse:28187.71484
[100]	eval-rmse:9287.33203
[200]	eval-rmse:3182.77441
[300]	eval-rmse:1389.43140
[400]	eval-rmse:1014.47919
[500]	eval-rmse:951.73749
[600]	eval-rmse:934.61945
[700]	eval-rmse:919.83130
[800]	eval-rmse:913.05499
[866]	eval-rmse:910.96124
{'MSE - mean': 797842.833329693, 'MSE - std': 91740.74059042228, 'R2 - mean': 0.9989643962579399, 'R2 - std': 0.00014043665030916128}
[0]	eval-rmse:33809.79688
[100]	eval-rmse:11110.49316
[200]	eval-rmse:3732.87793
[300]	eval-rmse:1471.53906
[400]	eval-rmse:944.59705
[500]	eval-rmse:861.23608
[568]	eval-rmse:852.27075
{'MSE - mean': 779973.4769111698, 'MSE - std': 85265.55171636438, 'R2 - mean': 0.9990200555252629, 'R2 - std': 0.0001551956883399545}
[0]	eval-rmse:32749.29883
[100]	eval-rmse:10762.23926
[200]	eval-rmse:3616.99194
[300]	eval-rmse:1425.27307
[400]	eval-rmse:909.91473
[500]	eval-rmse:826.38287
[600]	eval-rmse:806.15552
[700]	eval-rmse:793.27399
[800]	eval-rmse:783.19238
[900]	eval-rmse:775.19665
[999]	eval-rmse:770.04749
{'MSE - mean': 742573.3988480063, 'MSE - std': 106823.38135501841, 'R2 - mean': 0.999076834941803, 'R2 - std': 0.00017934372002954585}
Trial 11 finished with value: 742573.3988480063 and parameters: {'max_depth': 3, 'alpha': 0.8557381354885254, 'lambda': 7.047933407567997e-08, 'eta': 0.01109515241802203}. Best is trial 6 with value: 714720.1939267967.
[0]	eval-rmse:34159.67578
[100]	eval-rmse:12111.40430
[200]	eval-rmse:4364.43311
[300]	eval-rmse:1772.58838
[400]	eval-rmse:1091.36255
[500]	eval-rmse:979.89124
[600]	eval-rmse:969.82404
[604]	eval-rmse:969.84448
{'MSE - mean': 940598.383616479, 'MSE - std': 0.0, 'R2 - mean': 0.9989590071833149, 'R2 - std': 0.0}
[0]	eval-rmse:30193.01953
[100]	eval-rmse:10725.83496
[200]	eval-rmse:3889.34961
[300]	eval-rmse:1602.73731
[400]	eval-rmse:984.48083
[500]	eval-rmse:868.92969
[600]	eval-rmse:847.97882
[700]	eval-rmse:840.26434
[776]	eval-rmse:835.20996
{'MSE - mean': 819132.6319827569, 'MSE - std': 121465.7516337221, 'R2 - mean': 0.9990160856697652, 'R2 - std': 5.707848645031266e-05}
[0]	eval-rmse:28209.57031
[100]	eval-rmse:10042.02734
[200]	eval-rmse:3668.91235
[300]	eval-rmse:1552.08166
[400]	eval-rmse:991.69336
[500]	eval-rmse:884.27655
[600]	eval-rmse:865.84509
[700]	eval-rmse:853.19965
[800]	eval-rmse:845.17328
[834]	eval-rmse:844.58215
{'MSE - mean': 783801.9245420833, 'MSE - std': 111051.6561026759, 'R2 - mean': 0.9989925755161987, 'R2 - std': 5.724878792084557e-05}
[0]	eval-rmse:33836.04297
[100]	eval-rmse:12009.07324
[200]	eval-rmse:4326.74902
[300]	eval-rmse:1725.57629
[400]	eval-rmse:997.85004
[500]	eval-rmse:855.05560
[600]	eval-rmse:833.36731
[697]	eval-rmse:829.91748
{'MSE - mean': 760025.0460186249, 'MSE - std': 104620.13477012025, 'R2 - mean': 0.9990517305539492, 'R2 - std': 0.00011382452838728554}
[0]	eval-rmse:32774.51953
[100]	eval-rmse:11624.41211
[200]	eval-rmse:4180.60352
[300]	eval-rmse:1653.89319
[400]	eval-rmse:945.99750
[500]	eval-rmse:812.77429
[600]	eval-rmse:789.20660
[700]	eval-rmse:782.45624
[800]	eval-rmse:778.17731
[900]	eval-rmse:773.18781
[975]	eval-rmse:771.64648
{'MSE - mean': 727096.3651857598, 'MSE - std': 114426.78954259475, 'R2 - mean': 0.9991016095196604, 'R2 - std': 0.00014253583230810978}
Trial 12 finished with value: 727096.3651857598 and parameters: {'max_depth': 5, 'alpha': 0.2977315066478352, 'lambda': 0.7547304908918294, 'eta': 0.01037504934679732}. Best is trial 6 with value: 714720.1939267967.
[0]	eval-rmse:32128.68555
[100]	eval-rmse:1006.91309
[105]	eval-rmse:1008.24396
{'MSE - mean': 1017453.6607618061, 'MSE - std': 0.0, 'R2 - mean': 0.9988739487855691, 'R2 - std': 0.0}
[0]	eval-rmse:28399.72852
[100]	eval-rmse:850.09387
[174]	eval-rmse:842.55347
{'MSE - mean': 863643.5303583276, 'MSE - std': 153810.13040347846, 'R2 - mean': 0.9989654749876068, 'R2 - std': 9.152620203767281e-05}
[0]	eval-rmse:26535.68164
[100]	eval-rmse:843.52234
[125]	eval-rmse:842.77338
{'MSE - mean': 812517.9979068935, 'MSE - std': 144911.504995435, 'R2 - mean': 0.9989602513451724, 'R2 - std': 7.509507298658173e-05}
[0]	eval-rmse:31826.13672
[100]	eval-rmse:779.32770
[113]	eval-rmse:784.17590
{'MSE - mean': 763121.4756069753, 'MSE - std': 151886.65990142274, 'R2 - mean': 0.9990481266435522, 'R2 - std': 0.00016551633359345418}
[0]	eval-rmse:30826.72070
[100]	eval-rmse:769.07141
[167]	eval-rmse:763.13092
{'MSE - mean': 726980.2652668759, 'MSE - std': 153884.35366923307, 'R2 - mean': 0.9991017704088172, 'R2 - std': 0.00018283090427006723}
Trial 13 finished with value: 726980.2652668759 and parameters: {'max_depth': 6, 'alpha': 0.02945759587442567, 'lambda': 0.46897218031836757, 'eta': 0.06936036809933271}. Best is trial 6 with value: 714720.1939267967.
[0]	eval-rmse:32093.02539
[98]	eval-rmse:1040.36560
{'MSE - mean': 1082360.5959919475, 'MSE - std': 0.0, 'R2 - mean': 0.9988021140317522, 'R2 - std': 0.0}
[0]	eval-rmse:28368.01172
[100]	eval-rmse:842.16693
[118]	eval-rmse:843.48090
{'MSE - mean': 896910.3051310098, 'MSE - std': 185450.29086093768, 'R2 - mean': 0.9989284771491673, 'R2 - std': 0.00012636311741509587}
[0]	eval-rmse:26506.06055
[100]	eval-rmse:816.27490
[176]	eval-rmse:804.84198
{'MSE - mean': 813863.7537956516, 'MSE - std': 191628.1111015035, 'R2 - mean': 0.9989663883144325, 'R2 - std': 0.00011627383425392498}
[0]	eval-rmse:31790.84375
[100]	eval-rmse:873.22296
[124]	eval-rmse:873.70142
{'MSE - mean': 801295.0921791048, 'MSE - std': 167376.56194264893, 'R2 - mean': 0.9990111341393392, 'R2 - std': 0.0001270679736944392}
[0]	eval-rmse:30792.63672
[100]	eval-rmse:760.23187
[163]	eval-rmse:754.61230
{'MSE - mean': 754924.0258611233, 'MSE - std': 176105.17867473295, 'R2 - mean': 0.9990752226403657, 'R2 - std': 0.00017130779260260466}
Trial 14 finished with value: 754924.0258611233 and parameters: {'max_depth': 7, 'alpha': 0.02230537598828602, 'lambda': 0.5607009593734831, 'eta': 0.07043421158416023}. Best is trial 6 with value: 714720.1939267967.
[0]	eval-rmse:30892.95703
[74]	eval-rmse:997.99310
{'MSE - mean': 995990.1503673432, 'MSE - std': 0.0, 'R2 - mean': 0.998897703196092, 'R2 - std': 0.0}
[0]	eval-rmse:27304.57031
[71]	eval-rmse:881.68665
{'MSE - mean': 886511.3814492691, 'MSE - std': 109478.76891807403, 'R2 - mean': 0.9989327158193753, 'R2 - std': 3.501262328331478e-05}
[0]	eval-rmse:25513.63867
[100]	eval-rmse:892.44641
[105]	eval-rmse:892.44855
{'MSE - mean': 856495.7445014109, 'MSE - std': 98955.93708977739, 'R2 - mean': 0.998895928198701, 'R2 - std': 5.93625633645656e-05}
[0]	eval-rmse:30600.95312
[88]	eval-rmse:931.65680
{'MSE - mean': 859274.3219874819, 'MSE - std': 85833.38273961529, 'R2 - mean': 0.9989291833288978, 'R2 - std': 7.720522326982605e-05}
[0]	eval-rmse:29639.52734
[100]	eval-rmse:745.53131
[132]	eval-rmse:745.19147
{'MSE - mean': 798434.6713986585, 'MSE - std': 143874.06996780456, 'R2 - mean': 0.9990130340877339, 'R2 - std': 0.00018136238923670303}
