[I 2024-12-10 04:32:05,123] Trial 60 finished with value: 3.773392392625788 and parameters: {'max_depth': 6, 'alpha': 5.8553789963385365e-06, 'lambda': 0.10413187537854325, 'eta': 0.028249381470390817}. Best is trial 50 with value: 3.709136022132756.
[I 2024-12-10 04:34:10,535] Trial 61 finished with value: 3.7004852301850613 and parameters: {'max_depth': 7, 'alpha': 8.858082456456959e-07, 'lambda': 0.8784260842673719, 'eta': 0.08389251686148182}. Best is trial 61 with value: 3.7004852301850613.
[I 2024-12-10 04:36:14,466] Trial 62 finished with value: 3.707004285776668 and parameters: {'max_depth': 7, 'alpha': 3.2007868054822982e-06, 'lambda': 0.6246259677384848, 'eta': 0.0834790442356297}. Best is trial 61 with value: 3.7004852301850613.
[I 2024-12-10 04:38:35,450] Trial 63 finished with value: 3.6774664720407357 and parameters: {'max_depth': 8, 'alpha': 3.2431528738251894e-06, 'lambda': 0.9271161062713731, 'eta': 0.08055569912096042}. Best is trial 63 with value: 3.6774664720407357.
[I 2024-12-10 04:41:04,648] Trial 64 finished with value: 3.67675698881243 and parameters: {'max_depth': 9, 'alpha': 4.2527395073348484e-06, 'lambda': 0.9686600935455971, 'eta': 0.07763913032439469}. Best is trial 64 with value: 3.67675698881243.
[I 2024-12-10 04:44:30,101] Trial 65 finished with value: 3.692387847021526 and parameters: {'max_depth': 12, 'alpha': 3.814828974551594e-06, 'lambda': 0.8364400999413529, 'eta': 0.07616418387038733}. Best is trial 64 with value: 3.67675698881243.
[I 2024-12-10 04:47:36,426] Trial 66 finished with value: 3.7013682335538705 and parameters: {'max_depth': 12, 'alpha': 4.156809516652938e-06, 'lambda': 0.9708885480296915, 'eta': 0.07756231860721474}. Best is trial 64 with value: 3.67675698881243.
[I 2024-12-10 04:50:45,435] Trial 67 finished with value: 3.6905464824299172 and parameters: {'max_depth': 12, 'alpha': 1.2784291853235642e-05, 'lambda': 0.8343076621143581, 'eta': 0.07778488641390491}. Best is trial 64 with value: 3.67675698881243.
[I 2024-12-10 04:53:22,227] Trial 68 finished with value: 3.745576932502435 and parameters: {'max_depth': 12, 'alpha': 0.00012646876806358278, 'lambda': 0.27546454191443215, 'eta': 0.11587438267340021}. Best is trial 64 with value: 3.67675698881243.
[I 2024-12-10 04:56:38,015] Trial 69 finished with value: 3.731081256917926 and parameters: {'max_depth': 12, 'alpha': 4.1989144255619955e-05, 'lambda': 0.16976461407189775, 'eta': 0.08009027050029358}. Best is trial 64 with value: 3.67675698881243.
[I 2024-12-10 05:00:07,727] Trial 70 finished with value: 3.7291516428124765 and parameters: {'max_depth': 11, 'alpha': 1.3007653142000502e-05, 'lambda': 0.028258254453428305, 'eta': 0.05176189446805125}. Best is trial 64 with value: 3.67675698881243.
[I 2024-12-10 05:02:46,923] Trial 71 finished with value: 3.705240606246909 and parameters: {'max_depth': 11, 'alpha': 4.371493534076628e-06, 'lambda': 0.8311100314415826, 'eta': 0.07854530086991175}. Best is trial 64 with value: 3.67675698881243.
[I 2024-12-10 05:05:23,077] Trial 72 finished with value: 3.6897595480241825 and parameters: {'max_depth': 11, 'alpha': 5.134994312046726e-06, 'lambda': 0.8541761353251863, 'eta': 0.07896058296273632}. Best is trial 64 with value: 3.67675698881243.
[I 2024-12-10 05:08:09,705] Trial 73 finished with value: 3.6903874894050035 and parameters: {'max_depth': 11, 'alpha': 5.268806894714117e-06, 'lambda': 0.8847878705236641, 'eta': 0.07512992790306416}. Best is trial 64 with value: 3.67675698881243.
[I 2024-12-10 05:10:42,639] Trial 74 finished with value: 3.7300724482321783 and parameters: {'max_depth': 10, 'alpha': 1.1884691881324348e-05, 'lambda': 0.15717619670314503, 'eta': 0.06952894736352043}. Best is trial 64 with value: 3.67675698881243.
[I 2024-12-10 05:13:29,605] Trial 75 finished with value: 3.719413890859619 and parameters: {'max_depth': 12, 'alpha': 2.61861449453759e-05, 'lambda': 0.44985786785699616, 'eta': 0.10996232204558096}. Best is trial 64 with value: 3.67675698881243.
[I 2024-12-10 05:16:21,136] Trial 76 finished with value: 3.7079510416257717 and parameters: {'max_depth': 12, 'alpha': 6.831407113926574e-05, 'lambda': 0.9848431164461146, 'eta': 0.0908759683801319}. Best is trial 64 with value: 3.67675698881243.
[I 2024-12-10 05:19:37,413] Trial 77 finished with value: 3.713638026180579 and parameters: {'max_depth': 11, 'alpha': 5.247436372891376e-06, 'lambda': 0.04060494077151951, 'eta': 0.06298597341998687}. Best is trial 64 with value: 3.67675698881243.
[I 2024-12-10 05:22:07,564] Trial 78 finished with value: 3.7096625791871984 and parameters: {'max_depth': 10, 'alpha': 0.0003211335350288256, 'lambda': 0.169235300404916, 'eta': 0.07472096201135617}. Best is trial 64 with value: 3.67675698881243.
[I 2024-12-10 05:25:30,239] Trial 79 finished with value: 3.6916476361580295 and parameters: {'max_depth': 11, 'alpha': 2.052551803592869e-05, 'lambda': 0.5315856391230173, 'eta': 0.04438032394189615}. Best is trial 64 with value: 3.67675698881243.
[I 2024-12-10 05:27:47,950] Trial 80 finished with value: 3.723371363653759 and parameters: {'max_depth': 11, 'alpha': 9.343893304558893e-06, 'lambda': 0.3140034322048758, 'eta': 0.1259639003958321}. Best is trial 64 with value: 3.67675698881243.
[I 2024-12-10 05:31:49,763] Trial 81 finished with value: 3.6994998927607066 and parameters: {'max_depth': 12, 'alpha': 2.2663241635903286e-05, 'lambda': 0.5883130503603207, 'eta': 0.04634916647639879}. Best is trial 64 with value: 3.67675698881243.
[I 2024-12-10 05:34:38,670] Trial 82 finished with value: 3.6900435112439043 and parameters: {'max_depth': 10, 'alpha': 1.8322891280839692e-05, 'lambda': 0.5320065417663618, 'eta': 0.04202059729745781}. Best is trial 64 with value: 3.67675698881243.
[I 2024-12-10 05:38:14,738] Trial 83 finished with value: 3.688328133885193 and parameters: {'max_depth': 11, 'alpha': 2.5042289104518095e-05, 'lambda': 0.5055884799695085, 'eta': 0.04294745367655589}. Best is trial 64 with value: 3.67675698881243.
[I 2024-12-10 05:41:41,448] Trial 84 finished with value: 3.7149012817191647 and parameters: {'max_depth': 10, 'alpha': 5.6937184135533075e-05, 'lambda': 0.053515015115837984, 'eta': 0.035514177140360016}. Best is trial 64 with value: 3.67675698881243.
[I 2024-12-10 05:45:36,957] Trial 85 finished with value: 3.733713847342109 and parameters: {'max_depth': 11, 'alpha': 0.00012254490219039705, 'lambda': 0.12819569213793017, 'eta': 0.03742619067291868}. Best is trial 64 with value: 3.67675698881243.
[I 2024-12-10 05:48:11,016] Trial 86 finished with value: 3.7108856311774425 and parameters: {'max_depth': 9, 'alpha': 1.98568669183798e-05, 'lambda': 0.3329748709642516, 'eta': 0.042354109754542235}. Best is trial 64 with value: 3.67675698881243.
[I 2024-12-10 05:50:37,649] Trial 87 finished with value: 3.721433319475872 and parameters: {'max_depth': 9, 'alpha': 3.0488279030288092e-05, 'lambda': 0.21278248030156838, 'eta': 0.055941682645429876}. Best is trial 64 with value: 3.67675698881243.
[I 2024-12-10 05:53:44,829] Trial 88 finished with value: 3.67557069253982 and parameters: {'max_depth': 10, 'alpha': 8.514935253693425e-06, 'lambda': 0.48507947284134745, 'eta': 0.04482100987494179}. Best is trial 88 with value: 3.67557069253982.
[I 2024-12-10 05:56:51,474] Trial 89 finished with value: 3.73845105981746 and parameters: {'max_depth': 10, 'alpha': 8.784112228266271e-06, 'lambda': 0.011998717689902797, 'eta': 0.04368575572471515}. Best is trial 88 with value: 3.67557069253982.
[I 2024-12-10 06:00:19,209] Trial 90 finished with value: 3.690755133957848 and parameters: {'max_depth': 10, 'alpha': 1.812522895627639e-05, 'lambda': 0.49581530172634314, 'eta': 0.030657724563494644}. Best is trial 88 with value: 3.67557069253982.
[I 2024-12-10 06:04:03,830] Trial 91 finished with value: 3.6985522519823952 and parameters: {'max_depth': 10, 'alpha': 1.7623122099458982e-05, 'lambda': 0.44937911715148743, 'eta': 0.026184498803386854}. Best is trial 88 with value: 3.67557069253982.
[I 2024-12-10 06:08:06,603] Trial 92 finished with value: 3.700260136966816 and parameters: {'max_depth': 11, 'alpha': 0.00018568620691758637, 'lambda': 0.4943089718471628, 'eta': 0.03197340183038854}. Best is trial 88 with value: 3.67557069253982.
[I 2024-12-10 06:11:40,606] Trial 93 finished with value: 3.717970066662127 and parameters: {'max_depth': 11, 'alpha': 1.0987848867862424e-05, 'lambda': 0.21230516059280907, 'eta': 0.048713583310852376}. Best is trial 88 with value: 3.67557069253982.
[I 2024-12-10 06:14:34,942] Trial 94 finished with value: 3.718909028655257 and parameters: {'max_depth': 9, 'alpha': 4.94394032597688e-05, 'lambda': 0.3300752298146714, 'eta': 0.030086093848500983}. Best is trial 88 with value: 3.67557069253982.
[I 2024-12-10 06:17:28,933] Trial 95 finished with value: 3.6836844641820683 and parameters: {'max_depth': 10, 'alpha': 6.7417117192719366e-06, 'lambda': 0.6181256165784093, 'eta': 0.044701329422667}. Best is trial 88 with value: 3.67557069253982.
[I 2024-12-10 06:21:00,561] Trial 96 finished with value: 3.6987035988629047 and parameters: {'max_depth': 10, 'alpha': 6.163467658978433e-06, 'lambda': 0.12654748592428994, 'eta': 0.041375188353033616}. Best is trial 88 with value: 3.67557069253982.
[I 2024-12-10 06:23:12,381] Trial 97 finished with value: 3.8572682596993237 and parameters: {'max_depth': 3, 'alpha': 6.738994601865377e-06, 'lambda': 0.5921705379903756, 'eta': 0.03736232283323889}. Best is trial 88 with value: 3.67557069253982.
[I 2024-12-10 06:25:51,701] Trial 98 finished with value: 3.68370646749947 and parameters: {'max_depth': 9, 'alpha': 2.4452462831703457e-06, 'lambda': 0.32794324715774337, 'eta': 0.05252613917104085}. Best is trial 88 with value: 3.67557069253982.
[I 2024-12-10 06:28:22,370] Trial 99 finished with value: 3.699994445994691 and parameters: {'max_depth': 9, 'alpha': 2.4414525821077087e-06, 'lambda': 0.30761021390663257, 'eta': 0.05142357253675845}. Best is trial 88 with value: 3.67557069253982.
/home/mburu/.local/lib/python3.8/site-packages/sklearn/preprocessing/_encoders.py:975: FutureWarning: `sparse` was renamed to `sparse_output` in version 1.2 and will be removed in 1.4. `sparse_output` is ignored unless you leave `sparse` to its default value.
  warnings.warn(
[I 2024-12-10 06:31:35,292] A new study created in RDB with name: XGBoost_House Sales
[I 2024-12-10 06:31:56,193] Trial 0 finished with value: 14836834220.730595 and parameters: {'max_depth': 7, 'alpha': 0.00010847370530529166, 'lambda': 0.00047461204930899657, 'eta': 0.043072519745692886}. Best is trial 0 with value: 14836834220.730595.
[I 2024-12-10 06:31:58,243] Trial 1 finished with value: 16951730674.868427 and parameters: {'max_depth': 3, 'alpha': 0.12599065764560066, 'lambda': 4.450590488056433e-07, 'eta': 0.29856101134214613}. Best is trial 0 with value: 14836834220.730595.
[I 2024-12-10 06:33:23,484] Trial 2 finished with value: 16427110371.575964 and parameters: {'max_depth': 10, 'alpha': 0.0018995717583980161, 'lambda': 0.1149836667839265, 'eta': 0.03218858571225366}. Best is trial 0 with value: 14836834220.730595.
[I 2024-12-10 06:33:39,863] Trial 3 finished with value: 14864342773.688477 and parameters: {'max_depth': 5, 'alpha': 0.09240699476786284, 'lambda': 0.009892794810964781, 'eta': 0.012977025469117394}. Best is trial 0 with value: 14836834220.730595.
[I 2024-12-10 06:34:15,687] Trial 4 finished with value: 14983988312.387989 and parameters: {'max_depth': 7, 'alpha': 0.008807301694766184, 'lambda': 8.164955353648847e-08, 'eta': 0.024833800646479637}. Best is trial 0 with value: 14836834220.730595.
[I 2024-12-10 06:34:21,253] Trial 5 finished with value: 14940419537.382671 and parameters: {'max_depth': 3, 'alpha': 0.0054686463903241365, 'lambda': 0.011787576115127449, 'eta': 0.06160035452761355}. Best is trial 0 with value: 14836834220.730595.
[I 2024-12-10 06:34:24,298] Trial 6 finished with value: 16541905826.822412 and parameters: {'max_depth': 2, 'alpha': 0.302545135328946, 'lambda': 0.059523039682484104, 'eta': 0.18562877559747182}. Best is trial 0 with value: 14836834220.730595.
[I 2024-12-10 06:34:33,227] Trial 7 finished with value: 16616500346.757025 and parameters: {'max_depth': 8, 'alpha': 0.001036894212595682, 'lambda': 7.049154851040896e-08, 'eta': 0.21318729266379324}. Best is trial 0 with value: 14836834220.730595.
[I 2024-12-10 06:34:36,852] Trial 8 finished with value: 16682910257.46716 and parameters: {'max_depth': 2, 'alpha': 0.00588738465712799, 'lambda': 0.00013679232532330164, 'eta': 0.1396635423586535}. Best is trial 0 with value: 14836834220.730595.
[I 2024-12-10 06:34:40,407] Trial 9 finished with value: 14820759462.900955 and parameters: {'max_depth': 5, 'alpha': 0.00026915224147533266, 'lambda': 0.007567412162548859, 'eta': 0.17509731990706334}. Best is trial 9 with value: 14820759462.900955.
[I 2024-12-10 06:34:45,260] Trial 10 finished with value: 14293767356.961292 and parameters: {'max_depth': 4, 'alpha': 9.107547327868023e-08, 'lambda': 5.279553909366066e-06, 'eta': 0.09502367280722557}. Best is trial 10 with value: 14293767356.961292.
[I 2024-12-10 06:34:50,525] Trial 11 finished with value: 14529050168.622005 and parameters: {'max_depth': 4, 'alpha': 8.449624198960304e-08, 'lambda': 3.5276655884875194e-06, 'eta': 0.09169472837223874}. Best is trial 10 with value: 14293767356.961292.
[I 2024-12-10 06:34:55,538] Trial 12 finished with value: 14691524023.767645 and parameters: {'max_depth': 3, 'alpha': 4.438558768103088e-08, 'lambda': 2.2581707971864477e-06, 'eta': 0.08058511433744503}. Best is trial 10 with value: 14293767356.961292.
[I 2024-12-10 06:35:00,148] Trial 13 finished with value: 14532433329.561886 and parameters: {'max_depth': 4, 'alpha': 8.432894978417952e-08, 'lambda': 9.398187385772257e-06, 'eta': 0.10223401477266447}. Best is trial 10 with value: 14293767356.961292.
[I 2024-12-10 06:35:05,143] Trial 14 finished with value: 14237358117.93266 and parameters: {'max_depth': 4, 'alpha': 1.037163829721643e-06, 'lambda': 8.68122826816566e-06, 'eta': 0.09703479410311072}. Best is trial 14 with value: 14237358117.93266.
[I 2024-12-10 06:37:09,261] Trial 15 finished with value: 19705118084.517597 and parameters: {'max_depth': 12, 'alpha': 2.804667684680365e-06, 'lambda': 2.0637956570645596e-05, 'eta': 0.05357723507256971}. Best is trial 14 with value: 14237358117.93266.
[I 2024-12-10 06:37:15,882] Trial 16 finished with value: 14323801895.438736 and parameters: {'max_depth': 5, 'alpha': 1.745660714567795e-06, 'lambda': 1.4807819419213931e-08, 'eta': 0.12068891505207247}. Best is trial 14 with value: 14237358117.93266.
[I 2024-12-10 06:37:21,691] Trial 17 finished with value: 14977307186.533808 and parameters: {'max_depth': 3, 'alpha': 4.14567785684655e-06, 'lambda': 0.000612646521002212, 'eta': 0.06992541624243595}. Best is trial 14 with value: 14237358117.93266.
[I 2024-12-10 06:37:30,114] Trial 18 finished with value: 14665346565.002483 and parameters: {'max_depth': 4, 'alpha': 5.562944196153919e-07, 'lambda': 5.787634746952718e-05, 'eta': 0.037199509885684316}. Best is trial 14 with value: 14237358117.93266.
[I 2024-12-10 06:37:51,972] Trial 19 finished with value: 14529792455.29832 and parameters: {'max_depth': 6, 'alpha': 4.738189520250734e-07, 'lambda': 3.3317999255731035e-07, 'eta': 0.022599950903702478}. Best is trial 14 with value: 14237358117.93266.
[I 2024-12-10 06:37:54,553] Trial 20 finished with value: 17455162256.90191 and parameters: {'max_depth': 2, 'alpha': 1.0236224737376628e-08, 'lambda': 1.6535793300171225e-06, 'eta': 0.29491099155671946}. Best is trial 14 with value: 14237358117.93266.
[I 2024-12-10 06:38:00,659] Trial 21 finished with value: 14678478602.942627 and parameters: {'max_depth': 5, 'alpha': 1.3041129743321466e-05, 'lambda': 1.1635946233591605e-08, 'eta': 0.12115304605422882}. Best is trial 14 with value: 14237358117.93266.
[I 2024-12-10 06:38:08,068] Trial 22 finished with value: 14817385404.082554 and parameters: {'max_depth': 6, 'alpha': 1.934374527157403e-05, 'lambda': 1.44964841803226e-08, 'eta': 0.13528931454036705}. Best is trial 14 with value: 14237358117.93266.
[I 2024-12-10 06:38:13,503] Trial 23 finished with value: 14560458092.908697 and parameters: {'max_depth': 4, 'alpha': 1.7527587879247189e-06, 'lambda': 5.173474579078392e-07, 'eta': 0.10523031007641036}. Best is trial 14 with value: 14237358117.93266.
[I 2024-12-10 06:38:23,075] Trial 24 finished with value: 14303352304.4025 and parameters: {'max_depth': 5, 'alpha': 4.346225584172719e-07, 'lambda': 1.6390242919870933e-05, 'eta': 0.055484476939023517}. Best is trial 14 with value: 14237358117.93266.
[I 2024-12-10 06:38:38,632] Trial 25 finished with value: 14430985436.389383 and parameters: {'max_depth': 6, 'alpha': 3.5951480530048947e-07, 'lambda': 2.447056255277086e-05, 'eta': 0.048491331741071474}. Best is trial 14 with value: 14237358117.93266.
[I 2024-12-10 06:38:43,873] Trial 26 finished with value: 15258898200.805761 and parameters: {'max_depth': 3, 'alpha': 1.7673728262232453e-08, 'lambda': 0.00021241448816023488, 'eta': 0.06810190173608836}. Best is trial 14 with value: 14237358117.93266.
[I 2024-12-10 06:39:05,449] Trial 27 finished with value: 15933194580.475185 and parameters: {'max_depth': 8, 'alpha': 1.762475672094548e-05, 'lambda': 0.8381309048906291, 'eta': 0.08452832607954384}. Best is trial 14 with value: 14237358117.93266.
[I 2024-12-10 06:39:16,324] Trial 28 finished with value: 16074653737.653156 and parameters: {'max_depth': 4, 'alpha': 1.839807989207833e-07, 'lambda': 6.834470353099925e-06, 'eta': 0.01059184990100295}. Best is trial 14 with value: 14237358117.93266.
[I 2024-12-10 06:39:39,722] Trial 29 finished with value: 14753448674.851406 and parameters: {'max_depth': 7, 'alpha': 5.482254756073118e-05, 'lambda': 0.0005289327488740655, 'eta': 0.0403401797427567}. Best is trial 14 with value: 14237358117.93266.
[I 2024-12-10 06:40:08,884] Trial 30 finished with value: 15662591355.759424 and parameters: {'max_depth': 8, 'alpha': 3.9637629489240736e-08, 'lambda': 3.546369218079529e-05, 'eta': 0.053241663698990936}. Best is trial 14 with value: 14237358117.93266.
[I 2024-12-10 06:40:14,715] Trial 31 finished with value: 14722505028.777508 and parameters: {'max_depth': 5, 'alpha': 1.397086106474643e-06, 'lambda': 0.001779618200153675, 'eta': 0.1480269391198797}. Best is trial 14 with value: 14237358117.93266.
[I 2024-12-10 06:40:20,139] Trial 32 finished with value: 14575686617.408619 and parameters: {'max_depth': 5, 'alpha': 4.7882047237271495e-06, 'lambda': 9.329239962297254e-07, 'eta': 0.10972218638980091}. Best is trial 14 with value: 14237358117.93266.
[I 2024-12-10 06:40:33,066] Trial 33 finished with value: 14313023603.469696 and parameters: {'max_depth': 6, 'alpha': 2.1090128548976953e-07, 'lambda': 1.5033208323281384e-07, 'eta': 0.07669404492401521}. Best is trial 14 with value: 14237358117.93266.
[I 2024-12-10 06:40:44,616] Trial 34 finished with value: 14170072634.42287 and parameters: {'max_depth': 6, 'alpha': 2.5906268467475654e-07, 'lambda': 2.723460170036671e-07, 'eta': 0.07215784785084516}. Best is trial 34 with value: 14170072634.42287.
[I 2024-12-10 06:41:51,775] Trial 35 finished with value: 16093735390.52384 and parameters: {'max_depth': 9, 'alpha': 7.088563647995462e-07, 'lambda': 6.251532437128243e-06, 'eta': 0.028720940444191916}. Best is trial 34 with value: 14170072634.42287.
[I 2024-12-10 06:42:15,135] Trial 36 finished with value: 14589841602.231052 and parameters: {'max_depth': 6, 'alpha': 7.232823652181103e-08, 'lambda': 1.4987143319905804e-05, 'eta': 0.0199267137631993}. Best is trial 34 with value: 14170072634.42287.
[I 2024-12-10 06:42:34,287] Trial 37 finished with value: 15041903202.361048 and parameters: {'max_depth': 7, 'alpha': 2.1403595495594435e-08, 'lambda': 2.3908477414232525e-07, 'eta': 0.060122316064093455}. Best is trial 34 with value: 14170072634.42287.
[I 2024-12-10 06:44:07,646] Trial 38 finished with value: 17095977753.8664 and parameters: {'max_depth': 10, 'alpha': 1.5160103769660364e-07, 'lambda': 1.1032850441931411e-06, 'eta': 0.03519904305382672}. Best is trial 34 with value: 14170072634.42287.
[I 2024-12-10 06:44:15,841] Trial 39 finished with value: 14830934278.460012 and parameters: {'max_depth': 4, 'alpha': 0.029006602459118257, 'lambda': 3.6656639770644825e-08, 'eta': 0.04324384058612212}. Best is trial 34 with value: 14170072634.42287.
[I 2024-12-10 06:44:21,781] Trial 40 finished with value: 14354782195.858303 and parameters: {'max_depth': 5, 'alpha': 0.0001332887108903978, 'lambda': 6.900903390472991e-05, 'eta': 0.09380504794652979}. Best is trial 34 with value: 14170072634.42287.
[I 2024-12-10 06:44:30,993] Trial 41 finished with value: 14428241057.988354 and parameters: {'max_depth': 6, 'alpha': 2.5738678884932714e-07, 'lambda': 6.370271932490762e-08, 'eta': 0.07462507747662309}. Best is trial 34 with value: 14170072634.42287.
[I 2024-12-10 06:44:47,037] Trial 42 finished with value: 15148430875.859188 and parameters: {'max_depth': 7, 'alpha': 5.693900683429466e-07, 'lambda': 1.521805600556877e-07, 'eta': 0.0682978150643261}. Best is trial 34 with value: 14170072634.42287.
[I 2024-12-10 06:44:55,673] Trial 43 finished with value: 14643878077.229706 and parameters: {'max_depth': 6, 'alpha': 1.4705142662324882e-07, 'lambda': 2.841473766933685e-06, 'eta': 0.08489996698556343}. Best is trial 34 with value: 14170072634.42287.
[I 2024-12-10 06:45:29,552] Trial 44 finished with value: 16296392776.902363 and parameters: {'max_depth': 9, 'alpha': 9.019121551144207e-06, 'lambda': 6.381647511564978e-07, 'eta': 0.05902989566200266}. Best is trial 34 with value: 14170072634.42287.
[I 2024-12-10 06:45:38,572] Trial 45 finished with value: 14355976259.89682 and parameters: {'max_depth': 5, 'alpha': 3.604443784664521e-08, 'lambda': 1.475044065815507e-07, 'eta': 0.04872504608276039}. Best is trial 34 with value: 14170072634.42287.
