Trial 55 finished with value: 3.7114856989339926 and parameters: {'max_depth': 7, 'alpha': 1.915316611404547e-06, 'lambda': 0.47278937979048885, 'eta': 0.06327302518081672}. Best is trial 50 with value: 3.709136022132756.
[0]	eval-rmse:3.23109
[100]	eval-rmse:2.00621
[200]	eval-rmse:1.98426
[300]	eval-rmse:1.96857
[400]	eval-rmse:1.96116
[500]	eval-rmse:1.95658
[600]	eval-rmse:1.95293
[630]	eval-rmse:1.95283
{'MSE - mean': 3.813739370581596, 'MSE - std': 0.0, 'R2 - mean': 0.5090330229551214, 'R2 - std': 0.0}
[0]	eval-rmse:3.18178
[100]	eval-rmse:1.99061
[200]	eval-rmse:1.98090
[300]	eval-rmse:1.97642
[326]	eval-rmse:1.97600
{'MSE - mean': 3.859109146949163, 'MSE - std': 0.04536977636756734, 'R2 - mean': 0.4922935257455605, 'R2 - std': 0.016739497209560916}
[0]	eval-rmse:3.13336
[100]	eval-rmse:1.93477
[200]	eval-rmse:1.92334
[244]	eval-rmse:1.92235
{'MSE - mean': 3.804553123915983, 'MSE - std': 0.08558619653204917, 'R2 - mean': 0.490603312645191, 'R2 - std': 0.013875187153161321}
[0]	eval-rmse:3.07873
[79]	eval-rmse:1.92798
{'MSE - mean': 3.7826878512986126, 'MSE - std': 0.08323471762139092, 'R2 - mean': 0.48159599239387285, 'R2 - std': 0.019692284484814318}
[0]	eval-rmse:3.19785
[100]	eval-rmse:1.98724
[200]	eval-rmse:1.96906
[300]	eval-rmse:1.95903
[400]	eval-rmse:1.95210
[500]	eval-rmse:1.94754
[600]	eval-rmse:1.94254
[700]	eval-rmse:1.93855
[775]	eval-rmse:1.93657
{'MSE - mean': 3.7762143608875407, 'MSE - std': 0.07556479925480579, 'R2 - mean': 0.48640532483104293, 'R2 - std': 0.02006857166191836}
Trial 56 finished with value: 3.7762143608875407 and parameters: {'max_depth': 4, 'alpha': 2.347777745782604e-06, 'lambda': 0.8760131327311463, 'eta': 0.06524897452721663}. Best is trial 50 with value: 3.709136022132756.
[0]	eval-rmse:3.26309
[100]	eval-rmse:1.99774
[200]	eval-rmse:1.97697
[300]	eval-rmse:1.96993
[400]	eval-rmse:1.96425
[430]	eval-rmse:1.96343
{'MSE - mean': 3.855060852829161, 'MSE - std': 0.0, 'R2 - mean': 0.5037134451720684, 'R2 - std': 0.0}
[0]	eval-rmse:3.21188
[100]	eval-rmse:1.96454
[200]	eval-rmse:1.96044
[201]	eval-rmse:1.96035
{'MSE - mean': 3.8490091365915715, 'MSE - std': 0.006051716237589488, 'R2 - mean': 0.49376549233548195, 'R2 - std': 0.009947952836586449}
[0]	eval-rmse:3.16402
[100]	eval-rmse:1.91686
[115]	eval-rmse:1.91545
{'MSE - mean': 3.7887272505548997, 'MSE - std': 0.08539453777158944, 'R2 - mean': 0.4928462979657586, 'R2 - std': 0.008225834122119642}
[0]	eval-rmse:3.10983
[89]	eval-rmse:1.94573
{'MSE - mean': 3.786942241054499, 'MSE - std': 0.07401843748463709, 'R2 - mean': 0.4809123129995536, 'R2 - std': 0.021863399821946496}
[0]	eval-rmse:3.22987
[100]	eval-rmse:1.93520
[200]	eval-rmse:1.91048
[300]	eval-rmse:1.90276
[400]	eval-rmse:1.89742
[500]	eval-rmse:1.89450
[587]	eval-rmse:1.89258
{'MSE - mean': 3.7459240766051196, 'MSE - std': 0.10541794216033176, 'R2 - mean': 0.4902998086651353, 'R2 - std': 0.027109166363145414}
Trial 57 finished with value: 3.7459240766051196 and parameters: {'max_depth': 6, 'alpha': 1.3689194597245846e-05, 'lambda': 0.2303339806665074, 'eta': 0.04881646420463411}. Best is trial 50 with value: 3.709136022132756.
[0]	eval-rmse:3.24302
[100]	eval-rmse:1.97888
[200]	eval-rmse:1.96985
[206]	eval-rmse:1.97069
{'MSE - mean': 3.883894793584618, 'MSE - std': 0.0, 'R2 - mean': 0.5000014681979211, 'R2 - std': 0.0}
[0]	eval-rmse:3.19191
[100]	eval-rmse:1.95942
[200]	eval-rmse:1.95115
[300]	eval-rmse:1.94736
[400]	eval-rmse:1.94554
[404]	eval-rmse:1.94569
{'MSE - mean': 3.834887164084255, 'MSE - std': 0.049007629500363636, 'R2 - mean': 0.49574282806909314, 'R2 - std': 0.004258640128827984}
[0]	eval-rmse:3.14350
[100]	eval-rmse:1.90491
[148]	eval-rmse:1.90288
{'MSE - mean': 3.763513970995253, 'MSE - std': 0.10857914417420642, 'R2 - mean': 0.4963567300645784, 'R2 - std': 0.003583912454943295}
[0]	eval-rmse:3.08881
[72]	eval-rmse:1.92766
{'MSE - mean': 3.751602210926619, 'MSE - std': 0.09626911756113926, 'R2 - mean': 0.48595599669436745, 'R2 - std': 0.018280018743923227}
[0]	eval-rmse:3.20588
[100]	eval-rmse:1.92010
[177]	eval-rmse:1.90388
{'MSE - mean': 3.72623585443491, 'MSE - std': 0.09993999481417942, 'R2 - mean': 0.4932032614858134, 'R2 - std': 0.021849912037623206}
Trial 58 finished with value: 3.72623585443491 and parameters: {'max_depth': 7, 'alpha': 3.72674300350444e-05, 'lambda': 0.07763132133866629, 'eta': 0.058412129124720005}. Best is trial 50 with value: 3.709136022132756.
[0]	eval-rmse:3.32515
[100]	eval-rmse:2.08400
[200]	eval-rmse:2.02311
[300]	eval-rmse:2.01536
[400]	eval-rmse:2.00465
[500]	eval-rmse:1.99831
[600]	eval-rmse:1.99421
[700]	eval-rmse:1.99050
[800]	eval-rmse:1.98649
[900]	eval-rmse:1.98359
[999]	eval-rmse:1.98069
{'MSE - mean': 3.9231330078703928, 'MSE - std': 0.0, 'R2 - mean': 0.494950082777845, 'R2 - std': 0.0}
[0]	eval-rmse:3.27355
[100]	eval-rmse:2.03456
[200]	eval-rmse:1.98388
[300]	eval-rmse:1.97622
[400]	eval-rmse:1.97446
[500]	eval-rmse:1.97285
[600]	eval-rmse:1.97115
[615]	eval-rmse:1.97114
{'MSE - mean': 3.904341267055715, 'MSE - std': 0.01879174081467805, 'R2 - mean': 0.4865233451469622, 'R2 - std': 0.008426737630882808}
[0]	eval-rmse:3.22635
[100]	eval-rmse:1.97945
[200]	eval-rmse:1.92901
[300]	eval-rmse:1.91772
[400]	eval-rmse:1.91504
[500]	eval-rmse:1.91171
[547]	eval-rmse:1.91091
{'MSE - mean': 3.8200443170381675, 'MSE - std': 0.12019721813094934, 'R2 - mean': 0.4887912311907865, 'R2 - std': 0.007591215468028606}
[0]	eval-rmse:3.17325
[100]	eval-rmse:1.95871
[195]	eval-rmse:1.92982
{'MSE - mean': 3.7960887095946503, 'MSE - std': 0.11205865347565953, 'R2 - mean': 0.4799753822623316, 'R2 - std': 0.016624604993789927}
[0]	eval-rmse:3.29223
[100]	eval-rmse:2.03740
[200]	eval-rmse:1.97723
[300]	eval-rmse:1.96437
[400]	eval-rmse:1.95450
[500]	eval-rmse:1.95085
[600]	eval-rmse:1.94531
[700]	eval-rmse:1.94261
[800]	eval-rmse:1.93907
[900]	eval-rmse:1.93691
[999]	eval-rmse:1.93462
{'MSE - mean': 3.78541906339717, 'MSE - std': 0.1024747717974526, 'R2 - mean': 0.4853086697558021, 'R2 - std': 0.018299667071061006}
Trial 59 finished with value: 3.78541906339717 and parameters: {'max_depth': 5, 'alpha': 1.5360264638283188e-06, 'lambda': 0.45491856486973986, 'eta': 0.01901840070315966}. Best is trial 50 with value: 3.709136022132756.
[0]	eval-rmse:3.30575
[100]	eval-rmse:2.01807
[200]	eval-rmse:1.98842
[300]	eval-rmse:1.97820
[400]	eval-rmse:1.97263
[500]	eval-rmse:1.96833
[600]	eval-rmse:1.96545
[700]	eval-rmse:1.96262
[765]	eval-rmse:1.96136
{'MSE - mean': 3.8469193036160725, 'MSE - std': 0.0, 'R2 - mean': 0.5047615586945724, 'R2 - std': 0.0}
[0]	eval-rmse:3.25421
[100]	eval-rmse:1.98205
[200]	eval-rmse:1.96790
[300]	eval-rmse:1.96544
[400]	eval-rmse:1.96318
[445]	eval-rmse:1.96215
{'MSE - mean': 3.8484564130207324, 'MSE - std': 0.0015371094046598976, 'R2 - mean': 0.4938170077591275, 'R2 - std': 0.010944550935444886}
[0]	eval-rmse:3.20679
[100]	eval-rmse:1.93375
[161]	eval-rmse:1.92368
{'MSE - mean': 3.799146138924087, 'MSE - std': 0.06974655116816769, 'R2 - mean': 0.4913837927022195, 'R2 - std': 0.009575830746138565}
[0]	eval-rmse:3.15337
[100]	eval-rmse:1.94595
[144]	eval-rmse:1.94233
{'MSE - mean': 3.792516201737647, 'MSE - std': 0.06148417886886666, 'R2 - mean': 0.48014414969689756, 'R2 - std': 0.021160366856939544}
[0]	eval-rmse:3.27271
[100]	eval-rmse:1.97896
[200]	eval-rmse:1.95044
[300]	eval-rmse:1.93501
[400]	eval-rmse:1.92704
[475]	eval-rmse:1.92272
{'MSE - mean': 3.773392392625788, 'MSE - std': 0.0669859963031848, 'R2 - mean': 0.48665227287817014, 'R2 - std': 0.02297023225365125}
Trial 60 finished with value: 3.773392392625788 and parameters: {'max_depth': 6, 'alpha': 5.8553789963385365e-06, 'lambda': 0.10413187537854325, 'eta': 0.028249381470390817}. Best is trial 50 with value: 3.709136022132756.
[0]	eval-rmse:3.19000
[100]	eval-rmse:1.96996
[200]	eval-rmse:1.96026
[215]	eval-rmse:1.96075
{'MSE - mean': 3.844554491414732, 'MSE - std': 0.0, 'R2 - mean': 0.5050659960420028, 'R2 - std': 0.0}
[0]	eval-rmse:3.13904
[100]	eval-rmse:1.94409
[136]	eval-rmse:1.94317
{'MSE - mean': 3.810236139686495, 'MSE - std': 0.03431835172823683, 'R2 - mean': 0.49894411825419804, 'R2 - std': 0.006121877787804708}
[0]	eval-rmse:3.09029
[100]	eval-rmse:1.89303
[162]	eval-rmse:1.89135
{'MSE - mean': 3.7325544314736825, 'MSE - std': 0.11337575472126511, 'R2 - mean': 0.5005064761255617, 'R2 - std': 0.005465057120985517}
[0]	eval-rmse:3.03472
[57]	eval-rmse:1.92429
{'MSE - mean': 3.7241933192937626, 'MSE - std': 0.0992485310199499, 'R2 - mean': 0.4896830122044221, 'R2 - std': 0.019335000666106765}
[0]	eval-rmse:3.15761
[100]	eval-rmse:1.91679
[200]	eval-rmse:1.90528
[296]	eval-rmse:1.89886
{'MSE - mean': 3.7004852301850613, 'MSE - std': 0.10064050220680996, 'R2 - mean': 0.49668887902382597, 'R2 - std': 0.02225763869262807}
Trial 61 finished with value: 3.7004852301850613 and parameters: {'max_depth': 7, 'alpha': 8.858082456456959e-07, 'lambda': 0.8784260842673719, 'eta': 0.08389251686148182}. Best is trial 61 with value: 3.7004852301850613.
[0]	eval-rmse:3.19122
[100]	eval-rmse:1.96241
[112]	eval-rmse:1.96353
{'MSE - mean': 3.8510493432352435, 'MSE - std': 0.0, 'R2 - mean': 0.5042298723705038, 'R2 - std': 0.0}
[0]	eval-rmse:3.13985
[100]	eval-rmse:1.95220
[186]	eval-rmse:1.94905
{'MSE - mean': 3.8250364734927116, 'MSE - std': 0.026012869742531697, 'R2 - mean': 0.4969742805928578, 'R2 - std': 0.007255591777645953}
[0]	eval-rmse:3.09159
[100]	eval-rmse:1.89276
[180]	eval-rmse:1.88856
{'MSE - mean': 3.7388759689451567, 'MSE - std': 0.12368661211279033, 'R2 - mean': 0.4996852018270442, 'R2 - std': 0.007056481363858852}
[0]	eval-rmse:3.03550
[57]	eval-rmse:1.92856
{'MSE - mean': 3.7334738985893012, 'MSE - std': 0.10752362812118886, 'R2 - mean': 0.4884009656481695, 'R2 - std': 0.020477973663200616}
[0]	eval-rmse:3.15381
[100]	eval-rmse:1.91888
[200]	eval-rmse:1.90142
[298]	eval-rmse:1.89766
{'MSE - mean': 3.707004285776668, 'MSE - std': 0.1097798984025668, 'R2 - mean': 0.4957825902533649, 'R2 - std': 0.023525123836628314}
Trial 62 finished with value: 3.707004285776668 and parameters: {'max_depth': 7, 'alpha': 3.2007868054822982e-06, 'lambda': 0.6246259677384848, 'eta': 0.0834790442356297}. Best is trial 61 with value: 3.7004852301850613.
[0]	eval-rmse:3.19602
[100]	eval-rmse:1.96615
[200]	eval-rmse:1.95717
[300]	eval-rmse:1.95463
[301]	eval-rmse:1.95454
{'MSE - mean': 3.8202427353914126, 'MSE - std': 0.0, 'R2 - mean': 0.5081958033522493, 'R2 - std': 0.0}
[0]	eval-rmse:3.14487
[100]	eval-rmse:1.93253
[200]	eval-rmse:1.92607
[264]	eval-rmse:1.92622
{'MSE - mean': 3.7649808496439583, 'MSE - std': 0.055261885747454276, 'R2 - mean': 0.5049549040970205, 'R2 - std': 0.0032408992552288574}
[0]	eval-rmse:3.09640
[100]	eval-rmse:1.88537
[197]	eval-rmse:1.88250
{'MSE - mean': 3.6912585679367624, 'MSE - std': 0.11360399193898715, 'R2 - mean': 0.5060574577853505, 'R2 - std': 0.003071405963560585}
[0]	eval-rmse:3.04075
[50]	eval-rmse:1.90833
{'MSE - mean': 3.6788726902443387, 'MSE - std': 0.10069573048044361, 'R2 - mean': 0.49595170364014485, 'R2 - std': 0.017704630791823082}
[0]	eval-rmse:3.16348
[100]	eval-rmse:1.92397
[200]	eval-rmse:1.91647
[206]	eval-rmse:1.91630
{'MSE - mean': 3.6774664720407357, 'MSE - std': 0.09010890027148642, 'R2 - mean': 0.499958867521933, 'R2 - std': 0.01774803117762213}
Trial 63 finished with value: 3.6774664720407357 and parameters: {'max_depth': 8, 'alpha': 3.2431528738251894e-06, 'lambda': 0.9271161062713731, 'eta': 0.08055569912096042}. Best is trial 63 with value: 3.6774664720407357.
[0]	eval-rmse:3.20106
[100]	eval-rmse:1.96503
[200]	eval-rmse:1.96011
[222]	eval-rmse:1.95856
{'MSE - mean': 3.8380864381147437, 'MSE - std': 0.0, 'R2 - mean': 0.5058986697691474, 'R2 - std': 0.0}
[0]	eval-rmse:3.14956
[100]	eval-rmse:1.92494
[200]	eval-rmse:1.92024
[260]	eval-rmse:1.91867
{'MSE - mean': 3.759691047519684, 'MSE - std': 0.07839539059505984, 'R2 - mean': 0.5057152333617485, 'R2 - std': 0.0001834364073989847}
[0]	eval-rmse:3.10235
[100]	eval-rmse:1.87721
[118]	eval-rmse:1.87799
{'MSE - mean': 3.682079380554937, 'MSE - std': 0.1270604837959526, 'R2 - mean': 0.507348702537623, 'R2 - std': 0.0023149245576124487}
[0]	eval-rmse:3.04624
[50]	eval-rmse:1.90521
{'MSE - mean': 3.6690682157261354, 'MSE - std': 0.11232161918995343, 'R2 - mean': 0.49734861452456447, 'R2 - std': 0.017436296555958318}
[0]	eval-rmse:3.16774
[100]	eval-rmse:1.93193
[196]	eval-rmse:1.92548
{'MSE - mean': 3.67675698881243, 'MSE - std': 0.10163358616251057, 'R2 - mean': 0.5001359984564694, 'R2 - std': 0.016561931856073596}
Trial 64 finished with value: 3.67675698881243 and parameters: {'max_depth': 9, 'alpha': 4.2527395073348484e-06, 'lambda': 0.9686600935455971, 'eta': 0.07763913032439469}. Best is trial 64 with value: 3.67675698881243.
[0]	eval-rmse:3.20139
[66]	eval-rmse:1.98525
{'MSE - mean': 3.9403720920067395, 'MSE - std': 0.0, 'R2 - mean': 0.49273078559914096, 'R2 - std': 0.0}
[0]	eval-rmse:3.14632
[100]	eval-rmse:1.90441
[200]	eval-rmse:1.90218
[253]	eval-rmse:1.90125
{'MSE - mean': 3.777693867539215, 'MSE - std': 0.16267822446752467, 'R2 - mean': 0.5035826261330008, 'R2 - std': 0.010851840533859736}
[0]	eval-rmse:3.10220
[100]	eval-rmse:1.87532
[101]	eval-rmse:1.87672
{'MSE - mean': 3.692552984444832, 'MSE - std': 0.17927839549739485, 'R2 - mean': 0.5061390270327553, 'R2 - std': 0.009569674311877717}
[0]	eval-rmse:3.04548
[50]	eval-rmse:1.89725
{'MSE - mean': 3.671017629458021, 'MSE - std': 0.15967739934729064, 'R2 - mean': 0.4973079414393038, 'R2 - std': 0.017396787579986056}
[0]	eval-rmse:3.16992
[67]	eval-rmse:1.94367
{'MSE - mean': 3.692387847021526, 'MSE - std': 0.1490779738415351, 'R2 - mean': 0.49824861473978654, 'R2 - std': 0.015673482048207732}
Trial 65 finished with value: 3.692387847021526 and parameters: {'max_depth': 12, 'alpha': 3.814828974551594e-06, 'lambda': 0.8364400999413529, 'eta': 0.07616418387038733}. Best is trial 64 with value: 3.67675698881243.
[0]	eval-rmse:3.19825
[68]	eval-rmse:1.99107
{'MSE - mean': 3.965058779129067, 'MSE - std': 0.0, 'R2 - mean': 0.48955271101879716, 'R2 - std': 0.0}
[0]	eval-rmse:3.14400
[91]	eval-rmse:1.90614
{'MSE - mean': 3.799209936949831, 'MSE - std': 0.16584884217923634, 'R2 - mean': 0.5007615168522845, 'R2 - std': 0.011208805833487379}
[0]	eval-rmse:3.09940
[94]	eval-rmse:1.87136
{'MSE - mean': 3.7000729137095374, 'MSE - std': 0.19491927659594968, 'R2 - mean': 0.505205197758915, 'R2 - std': 0.011101838532803986}
[0]	eval-rmse:3.04282
[50]	eval-rmse:1.89949
{'MSE - mean': 3.6770694926241863, 'MSE - std': 0.1734434070133719, 'R2 - mean': 0.49654712712740784, 'R2 - std': 0.017813609271757336}
[0]	eval-rmse:3.16614
[73]	eval-rmse:1.94899
{'MSE - mean': 3.7013682335538705, 'MSE - std': 0.1625663175205633, 'R2 - mean': 0.4970943849339104, 'R2 - std': 0.015970526123349316}
Trial 66 finished with value: 3.7013682335538705 and parameters: {'max_depth': 12, 'alpha': 4.156809516652938e-06, 'lambda': 0.9708885480296915, 'eta': 0.07756231860721474}. Best is trial 64 with value: 3.67675698881243.
[0]	eval-rmse:3.19797
[66]	eval-rmse:1.99118
{'MSE - mean': 3.9648109899873805, 'MSE - std': 0.0, 'R2 - mean': 0.48958461049435564, 'R2 - std': 0.0}
[0]	eval-rmse:3.14277
[84]	eval-rmse:1.90522
{'MSE - mean': 3.7973415982058203, 'MSE - std': 0.16746939178155995, 'R2 - mean': 0.5010117787062331, 'R2 - std': 0.011427168211877559}
[0]	eval-rmse:3.09877
[100]	eval-rmse:1.86994
[110]	eval-rmse:1.87030
{'MSE - mean': 3.6974473551718154, 'MSE - std': 0.19660887833072044, 'R2 - mean': 0.5055635268528492, 'R2 - std': 0.011335354924989074}
[0]	eval-rmse:3.04195
[49]	eval-rmse:1.89698
{'MSE - mean': 3.672565260321427, 'MSE - std': 0.17563782112995813, 'R2 - mean': 0.4971878554315202, 'R2 - std': 0.0175163728759925}
[0]	eval-rmse:3.16654
[75]	eval-rmse:1.93952
{'MSE - mean': 3.6905464824299172, 'MSE - std': 0.16115896736788415, 'R2 - mean': 0.49855847345378557, 'R2 - std': 0.015905125904452293}
Trial 67 finished with value: 3.6905464824299172 and parameters: {'max_depth': 12, 'alpha': 1.2784291853235642e-05, 'lambda': 0.8343076621143581, 'eta': 0.07778488641390491}. Best is trial 64 with value: 3.67675698881243.
[0]	eval-rmse:3.12058
[48]	eval-rmse:1.98086
{'MSE - mean': 3.923808571035196, 'MSE - std': 0.0, 'R2 - mean': 0.4948631132257606, 'R2 - std': 0.0}
[0]	eval-rmse:3.06611
[53]	eval-rmse:1.92407
{'MSE - mean': 3.812933357215701, 'MSE - std': 0.11087521381949506, 'R2 - mean': 0.49880305617006454, 'R2 - std': 0.003939942944303942}
[0]	eval-rmse:3.02040
[46]	eval-rmse:1.90761
{'MSE - mean': 3.7549951773008132, 'MSE - std': 0.1221032653537396, 'R2 - mean': 0.4975480802421987, 'R2 - std': 0.0036740571709341224}
[0]	eval-rmse:2.96416
[54]	eval-rmse:1.89756
{'MSE - mean': 3.716427934428901, 'MSE - std': 0.12507678531908928, 'R2 - mean': 0.49107329103753905, 'R2 - std': 0.0116573027671842}
[0]	eval-rmse:3.08572
[42]	eval-rmse:1.96524
{'MSE - mean': 3.745576932502435, 'MSE - std': 0.12615077540534445, 'R2 - mean': 0.49103834275338815, 'R2 - std': 0.010426842847904665}
Trial 68 finished with value: 3.745576932502435 and parameters: {'max_depth': 12, 'alpha': 0.00012646876806358278, 'lambda': 0.27546454191443215, 'eta': 0.11587438267340021}. Best is trial 64 with value: 3.67675698881243.
[0]	eval-rmse:3.19482
[67]	eval-rmse:1.97796
{'MSE - mean': 3.912495204259867, 'MSE - std': 0.0, 'R2 - mean': 0.49631955503946434, 'R2 - std': 0.0}
[0]	eval-rmse:3.14140
[80]	eval-rmse:1.93199
{'MSE - mean': 3.822328243936507, 'MSE - std': 0.09016696032335991, 'R2 - mean': 0.49750956420238773, 'R2 - std': 0.0011900091629233889}
[0]	eval-rmse:3.09475
[76]	eval-rmse:1.89870
{'MSE - mean': 3.7499352712829768, 'MSE - std': 0.12610130372785938, 'R2 - mean': 0.49825694745902255, 'R2 - std': 0.0014357035452431351}
[0]	eval-rmse:3.03873
[100]	eval-rmse:1.89907
[119]	eval-rmse:1.90036
{'MSE - mean': 3.715200791809944, 'MSE - std': 0.12468202073349222, 'R2 - mean': 0.49122815829794286, 'R2 - std': 0.012237547332496787}
[0]	eval-rmse:3.16038
[100]	eval-rmse:1.94952
[103]	eval-rmse:1.94777
{'MSE - mean': 3.731081256917926, 'MSE - std': 0.11595361884621345, 'R2 - mean': 0.49294361132887293, 'R2 - std': 0.011470709140126772}
Trial 69 finished with value: 3.731081256917926 and parameters: {'max_depth': 12, 'alpha': 4.1989144255619955e-05, 'lambda': 0.16976461407189775, 'eta': 0.08009027050029358}. Best is trial 64 with value: 3.67675698881243.
[0]	eval-rmse:3.25436
[100]	eval-rmse:1.96792
[200]	eval-rmse:1.96240
[207]	eval-rmse:1.96386
{'MSE - mean': 3.8563270046146423, 'MSE - std': 0.0, 'R2 - mean': 0.5035504453825723, 'R2 - std': 0.0}
[0]	eval-rmse:3.20278
[100]	eval-rmse:1.94196
[200]	eval-rmse:1.93927
[204]	eval-rmse:1.93911
{'MSE - mean': 3.808243107170435, 'MSE - std': 0.04808389744420749, 'R2 - mean': 0.49924468169799174, 'R2 - std': 0.004305763684580577}
[0]	eval-rmse:3.15484
[73]	eval-rmse:1.90131
{'MSE - mean': 3.743817741395144, 'MSE - std': 0.09921002791809974, 'R2 - mean': 0.4989595938798632, 'R2 - std': 0.003538683945535756}
[0]	eval-rmse:3.10012
[100]	eval-rmse:1.90728
[104]	eval-rmse:1.90636
{'MSE - mean': 3.7163119675911545, 'MSE - std': 0.09824293871470492, 'R2 - mean': 0.4909188552719498, 'R2 - std': 0.014260159365594879}
[0]	eval-rmse:3.22183
[100]	eval-rmse:1.94461
[103]	eval-rmse:1.94440
{'MSE - mean': 3.7291516428124765, 'MSE - std': 0.09154654032238017, 'R2 - mean': 0.4930677033601034, 'R2 - std': 0.01345926849905215}
Trial 70 finished with value: 3.7291516428124765 and parameters: {'max_depth': 11, 'alpha': 1.3007653142000502e-05, 'lambda': 0.028258254453428305, 'eta': 0.05176189446805125}. Best is trial 64 with value: 3.67675698881243.
[0]	eval-rmse:3.19779
[64]	eval-rmse:1.98398
{'MSE - mean': 3.939496156011067, 'MSE - std': 0.0, 'R2 - mean': 0.4928435504228721, 'R2 - std': 0.0}
[0]	eval-rmse:3.14362
[73]	eval-rmse:1.91704
{'MSE - mean': 3.806806875181606, 'MSE - std': 0.13268928082946063, 'R2 - mean': 0.4996697490273419, 'R2 - std': 0.006826198604469813}
[0]	eval-rmse:3.09836
[79]	eval-rmse:1.87958
{'MSE - mean': 3.715252607276176, 'MSE - std': 0.16882534794304865, 'R2 - mean': 0.5030737919649177, 'R2 - std': 0.0073647589845265305}
[0]	eval-rmse:3.04177
[72]	eval-rmse:1.89826
{'MSE - mean': 3.687290301048196, 'MSE - std': 0.1540200321056667, 'R2 - mean': 0.495119366229972, 'R2 - std': 0.015182174498187814}
[0]	eval-rmse:3.16519
[87]	eval-rmse:1.94346
{'MSE - mean': 3.705240606246909, 'MSE - std': 0.14236077429816182, 'R2 - mean': 0.4965195542703421, 'R2 - std': 0.01386509445291743}
Trial 71 finished with value: 3.705240606246909 and parameters: {'max_depth': 11, 'alpha': 4.371493534076628e-06, 'lambda': 0.8311100314415826, 'eta': 0.07854530086991175}. Best is trial 64 with value: 3.67675698881243.
[0]	eval-rmse:3.19690
[66]	eval-rmse:1.97415
{'MSE - mean': 3.897973219307417, 'MSE - std': 0.0, 'R2 - mean': 0.49818906272207986, 'R2 - std': 0.0}
[0]	eval-rmse:3.14272
[72]	eval-rmse:1.91728
{'MSE - mean': 3.7863262764502617, 'MSE - std': 0.1116469428571556, 'R2 - mean': 0.5023047790311885, 'R2 - std': 0.004115716309108619}
[0]	eval-rmse:3.09749
[94]	eval-rmse:1.86892
{'MSE - mean': 3.688685668450448, 'MSE - std': 0.16546118344608582, 'R2 - mean': 0.5066223071421235, 'R2 - std': 0.006969565634634001}
[0]	eval-rmse:3.04087
[52]	eval-rmse:1.89780
{'MSE - mean': 3.6691275132117216, 'MSE - std': 0.14724339282141247, 'R2 - mean': 0.497522145185602, 'R2 - std': 0.016878091620688946}
[0]	eval-rmse:3.16424
[73]	eval-rmse:1.94224
{'MSE - mean': 3.6897595480241825, 'MSE - std': 0.13801165467328855, 'R2 - mean': 0.49856711306834606, 'R2 - std': 0.015240203834232737}
