Trial 16 finished with value: 764086.1348268194 and parameters: {'max_depth': 2, 'alpha': 0.6524463129263947, 'lambda': 0.0001384469410387011, 'eta': 0.04974084602856314}. Best is trial 15 with value: 729096.643634782.
[0]	train-rmse:29926.27344	eval-rmse:32628.77148
[100]	train-rmse:704.63678	eval-rmse:936.77002
[134]	train-rmse:616.12805	eval-rmse:931.92157
Saved Losses
{'MSE - mean': 868477.8604172023, 'MSE - std': 0.0, 'R2 - mean': 0.9990388254648405, 'R2 - std': 0.0} 
 

[0]	train-rmse:30883.73438	eval-rmse:28839.49219
[100]	train-rmse:712.99560	eval-rmse:892.70429
[200]	train-rmse:554.75238	eval-rmse:819.78509
[300]	train-rmse:481.76157	eval-rmse:806.01788
[357]	train-rmse:442.13596	eval-rmse:803.02399
Saved Losses
{'MSE - mean': 756662.6825278848, 'MSE - std': 111815.1778893175, 'R2 - mean': 0.9990910795279151, 'R2 - std': 5.225406307457492e-05} 
 

[0]	train-rmse:31308.45508	eval-rmse:26945.97070
[100]	train-rmse:701.32208	eval-rmse:958.38220
[200]	train-rmse:555.94977	eval-rmse:913.79871
[237]	train-rmse:528.33777	eval-rmse:912.85645
Saved Losses
{'MSE - mean': 782089.003922012, 'MSE - std': 98122.80559017892, 'R2 - mean': 0.9989835257014695, 'R2 - std': 0.00015797460525252227} 
 

[0]	train-rmse:30010.09766	eval-rmse:32319.63281
[100]	train-rmse:698.61627	eval-rmse:858.94898
[157]	train-rmse:594.39111	eval-rmse:858.47119
Saved Losses
{'MSE - mean': 770809.9484633815, 'MSE - std': 87193.54912367441, 'R2 - mean': 0.9990314345969724, 'R2 - std': 0.00016000865205798676} 
 

[0]	train-rmse:30277.59961	eval-rmse:31305.28516
[100]	train-rmse:714.27918	eval-rmse:828.70715
[200]	train-rmse:557.12250	eval-rmse:771.24231
[300]	train-rmse:479.95935	eval-rmse:751.57727
[339]	train-rmse:455.34949	eval-rmse:751.13361
Saved Losses
{'MSE - mean': 729461.6547661076, 'MSE - std': 113670.12612700928, 'R2 - mean': 0.9990927239965398, 'R2 - std': 0.00018843507365672865} 
 

Results After CV: {'MSE - mean': 729461.6547661076, 'MSE - std': 113670.12612700928, 'R2 - mean': 0.9990927239965398, 'R2 - std': 0.00018843507365672865}
Train time: 0.5739026567999929
Inference time: 0.008926694799998813
Finished cross validation
Trial 17 finished with value: 729461.6547661076 and parameters: {'max_depth': 3, 'alpha': 0.09342559712314323, 'lambda': 8.246096469422684e-05, 'eta': 0.054727132303917216}. Best is trial 15 with value: 729096.643634782.
[0]	train-rmse:29899.11523	eval-rmse:32599.53125
[100]	train-rmse:399.33279	eval-rmse:967.87488
[121]	train-rmse:350.13635	eval-rmse:978.86029
Saved Losses
{'MSE - mean': 958167.5019510409, 'MSE - std': 0.0, 'R2 - mean': 0.9989395628313997, 'R2 - std': 0.0} 
 

[0]	train-rmse:30855.63672	eval-rmse:28813.65039
[100]	train-rmse:424.08362	eval-rmse:884.00677
[200]	train-rmse:251.12645	eval-rmse:863.79401
[221]	train-rmse:226.74701	eval-rmse:864.89435
Saved Losses
{'MSE - mean': 853104.8665091723, 'MSE - std': 105062.63544186868, 'R2 - mean': 0.9989729021944368, 'R2 - std': 3.333936303706597e-05} 
 

[0]	train-rmse:31280.11523	eval-rmse:26921.75391
[100]	train-rmse:430.72525	eval-rmse:882.73224
[173]	train-rmse:260.25491	eval-rmse:865.92981
Saved Losses
{'MSE - mean': 818681.3801910984, 'MSE - std': 98634.29625596043, 'R2 - mean': 0.9989457014152587, 'R2 - std': 4.71250838471695e-05} 
 

[0]	train-rmse:29982.84570	eval-rmse:32290.65820
[100]	train-rmse:412.48978	eval-rmse:845.98315
[148]	train-rmse:304.16806	eval-rmse:840.53821
Saved Losses
{'MSE - mean': 790637.1584926483, 'MSE - std': 98264.83811845868, 'R2 - mean': 0.9990115916035804, 'R2 - std': 0.00012120285020119293} 
 

[0]	train-rmse:30250.02539	eval-rmse:31277.12305
[100]	train-rmse:378.34689	eval-rmse:783.93640
[200]	train-rmse:204.44756	eval-rmse:748.64575
[220]	train-rmse:187.31580	eval-rmse:749.10730
Saved Losses
{'MSE - mean': 744742.0772741747, 'MSE - std': 127083.50266088301, 'R2 - mean': 0.9990775320004694, 'R2 - std': 0.0001707180379603829} 
 

Results After CV: {'MSE - mean': 744742.0772741747, 'MSE - std': 127083.50266088301, 'R2 - mean': 0.9990775320004694, 'R2 - std': 0.0001707180379603829}
Train time: 0.7759758153999996
Inference time: 0.014750742799998306
Finished cross validation
Trial 18 finished with value: 744742.0772741747 and parameters: {'max_depth': 5, 'alpha': 0.1096640401054232, 'lambda': 6.164000563772645e-05, 'eta': 0.05557546449320483}. Best is trial 15 with value: 729096.643634782.
[0]	train-rmse:26665.13477	eval-rmse:29072.59180
[56]	train-rmse:408.35620	eval-rmse:973.21606
Saved Losses
{'MSE - mean': 947149.5254734969, 'MSE - std': 0.0, 'R2 - mean': 0.9989517568076678, 'R2 - std': 0.0} 
 

[0]	train-rmse:27517.71289	eval-rmse:25697.53516
[83]	train-rmse:341.65167	eval-rmse:824.40625
Saved Losses
{'MSE - mean': 812941.2162968416, 'MSE - std': 134208.3091766552, 'R2 - mean': 0.9990250371754525, 'R2 - std': 7.3280367784756e-05} 
 

[0]	train-rmse:27896.05469	eval-rmse:24012.00195
[66]	train-rmse:410.26855	eval-rmse:878.94177
Saved Losses
{'MSE - mean': 799473.7137407162, 'MSE - std': 111223.47212513015, 'R2 - mean': 0.9989692679266655, 'R2 - std': 9.899710310068125e-05} 
 

[0]	train-rmse:26739.63867	eval-rmse:28797.25586
[62]	train-rmse:404.18420	eval-rmse:866.01575
Saved Losses
{'MSE - mean': 786560.6795903511, 'MSE - std': 98884.95798948742, 'R2 - mean': 0.9990177057039042, 'R2 - std': 0.0001199540520709595} 
 

[0]	train-rmse:26977.89062	eval-rmse:27893.69336
[100]	train-rmse:301.05725	eval-rmse:756.01300
[126]	train-rmse:251.17418	eval-rmse:761.09265
Saved Losses
{'MSE - mean': 745100.9580606929, 'MSE - std': 121236.22383814729, 'R2 - mean': 0.9990781739545798, 'R2 - std': 0.00016166884995440282} 
 

Results After CV: {'MSE - mean': 745100.9580606929, 'MSE - std': 121236.22383814729, 'R2 - mean': 0.9990781739545798, 'R2 - std': 0.00016166884995440282}
Train time: 0.41816388060000237
Inference time: 0.010389656400002422
Finished cross validation
Trial 19 finished with value: 745100.9580606929 and parameters: {'max_depth': 4, 'alpha': 0.10561725443396036, 'lambda': 4.417030265625003e-05, 'eta': 0.15782006629718984}. Best is trial 15 with value: 729096.643634782.
[0]	train-rmse:29862.93359	eval-rmse:32559.91211
[100]	train-rmse:690.49793	eval-rmse:948.70367
[129]	train-rmse:617.48639	eval-rmse:947.48840
Saved Losses
{'MSE - mean': 899675.6411789213, 'MSE - std': 0.0, 'R2 - mean': 0.9990042978000739, 'R2 - std': 0.0} 
 

[0]	train-rmse:30818.36328	eval-rmse:28778.52734
[100]	train-rmse:709.44665	eval-rmse:882.91089
[200]	train-rmse:554.67535	eval-rmse:812.86395
[242]	train-rmse:522.89508	eval-rmse:812.88916
Saved Losses
{'MSE - mean': 780211.9648585131, 'MSE - std': 119463.6763204083, 'R2 - mean': 0.9990632537662806, 'R2 - std': 5.8955966206641897e-05} 
 

[0]	train-rmse:31242.17773	eval-rmse:26888.83008
[100]	train-rmse:697.46893	eval-rmse:952.26080
[200]	train-rmse:538.97668	eval-rmse:904.75397
[222]	train-rmse:518.46533	eval-rmse:904.78625
Saved Losses
{'MSE - mean': 792994.3791202313, 'MSE - std': 99202.62195144447, 'R2 - mean': 0.9989720637864702, 'R2 - std': 0.00013765329201719447} 
 

[0]	train-rmse:29946.58008	eval-rmse:32250.62500
[100]	train-rmse:692.52179	eval-rmse:858.14264
[123]	train-rmse:637.20953	eval-rmse:857.20398
Saved Losses
{'MSE - mean': 778445.4409108046, 'MSE - std': 89531.47469240113, 'R2 - mean': 0.9990234465033669, 'R2 - std': 0.0001487678472972363} 
 

[0]	train-rmse:30213.51562	eval-rmse:31239.24609
[100]	train-rmse:705.42102	eval-rmse:819.90448
[200]	train-rmse:546.97375	eval-rmse:767.41046
[300]	train-rmse:473.39984	eval-rmse:757.80225
[305]	train-rmse:470.94406	eval-rmse:757.50885
Saved Losses
{'MSE - mean': 737520.2800203216, 'MSE - std': 114508.44136623507, 'R2 - mean': 0.9990840442889087, 'R2 - std': 0.0001799829557537645} 
 

Results After CV: {'MSE - mean': 737520.2800203216, 'MSE - std': 114508.44136623507, 'R2 - mean': 0.9990840442889087, 'R2 - std': 0.0001799829557537645}
Train time: 0.4874857120000001
Inference time: 0.008640093400009619
Finished cross validation
Trial 20 finished with value: 737520.2800203216 and parameters: {'max_depth': 3, 'alpha': 0.09999010995528085, 'lambda': 1.1248724760948738e-07, 'eta': 0.05672958718417745}. Best is trial 15 with value: 729096.643634782.
[0]	train-rmse:30375.08203	eval-rmse:33118.10547
[100]	train-rmse:869.15137	eval-rmse:1090.34668
[177]	train-rmse:620.36560	eval-rmse:947.13165
Saved Losses
{'MSE - mean': 902277.9880762463, 'MSE - std': 0.0, 'R2 - mean': 0.9990014176926084, 'R2 - std': 0.0} 
 

[0]	train-rmse:31346.92578	eval-rmse:29272.01953
[100]	train-rmse:894.56555	eval-rmse:1014.07849
[200]	train-rmse:622.58710	eval-rmse:835.37531
[300]	train-rmse:544.16180	eval-rmse:811.27508
[400]	train-rmse:494.92731	eval-rmse:802.92822
[416]	train-rmse:487.29486	eval-rmse:803.24573
Saved Losses
{'MSE - mean': 773764.651728505, 'MSE - std': 128513.33634774137, 'R2 - mean': 0.9990721074147407, 'R2 - std': 7.068972213231106e-05} 
 

[0]	train-rmse:31778.06055	eval-rmse:27349.77539
[100]	train-rmse:884.59485	eval-rmse:1059.20813
[200]	train-rmse:607.46887	eval-rmse:913.31030
[283]	train-rmse:539.72919	eval-rmse:904.49817
Saved Losses
{'MSE - mean': 788548.761842464, 'MSE - std': 106993.41834839714, 'R2 - mean': 0.998978184176036, 'R2 - std': 0.00014482578297502575} 
 

[0]	train-rmse:30460.16406	eval-rmse:32804.25781
[100]	train-rmse:877.75256	eval-rmse:1006.04828
[167]	train-rmse:647.89508	eval-rmse:852.02972
Saved Losses
{'MSE - mean': 772831.4888244461, 'MSE - std': 96575.31615674411, 'R2 - mean': 0.9990305883376636, 'R2 - std': 0.00015482076420293274} 
 

[0]	train-rmse:30731.66797	eval-rmse:31774.85156
[100]	train-rmse:894.80420	eval-rmse:974.91376
[200]	train-rmse:619.06940	eval-rmse:792.00256
[300]	train-rmse:539.06903	eval-rmse:768.04804
[315]	train-rmse:530.04620	eval-rmse:767.68286
Saved Losses
{'MSE - mean': 736134.9473071409, 'MSE - std': 113348.92143265094, 'R2 - mean': 0.9990861120526983, 'R2 - std': 0.00017750241392085265} 
 

Results After CV: {'MSE - mean': 736134.9473071409, 'MSE - std': 113348.92143265094, 'R2 - mean': 0.9990861120526983, 'R2 - std': 0.00017750241392085265}
Train time: 0.6757033401999933
Inference time: 0.04580441560000281
Finished cross validation
Trial 21 finished with value: 736134.9473071409 and parameters: {'max_depth': 3, 'alpha': 0.0038532697697963234, 'lambda': 0.0004552556808109265, 'eta': 0.040538424506737274}. Best is trial 15 with value: 729096.643634782.
[0]	train-rmse:29422.37695	eval-rmse:32077.80469
[100]	train-rmse:773.56018	eval-rmse:970.20477
[200]	train-rmse:654.98279	eval-rmse:941.86084
[227]	train-rmse:633.07764	eval-rmse:948.85364
Saved Losses
{'MSE - mean': 901268.4238858701, 'MSE - std': 0.0, 'R2 - mean': 0.9990025350122727, 'R2 - std': 0.0} 
 

[0]	train-rmse:30363.72656	eval-rmse:28354.71289
[100]	train-rmse:780.37555	eval-rmse:897.35706
[200]	train-rmse:669.79724	eval-rmse:848.68951
[300]	train-rmse:621.20502	eval-rmse:828.45605
[400]	train-rmse:587.36352	eval-rmse:815.87482
[457]	train-rmse:573.18286	eval-rmse:813.64130
Saved Losses
{'MSE - mean': 781640.2976384296, 'MSE - std': 119628.12624744058, 'R2 - mean': 0.9990615328514256, 'R2 - std': 5.8997839152918896e-05} 
 

[0]	train-rmse:30781.33008	eval-rmse:26493.60938
[100]	train-rmse:770.97876	eval-rmse:981.85718
[200]	train-rmse:672.38696	eval-rmse:937.23566
[268]	train-rmse:637.06598	eval-rmse:931.60260
Saved Losses
{'MSE - mean': 810176.4680093918, 'MSE - std': 105684.52314252808, 'R2 - mean': 0.9989469191369819, 'R2 - std': 0.00016909495486351752} 
 

[0]	train-rmse:29504.92578	eval-rmse:31775.15430
[100]	train-rmse:793.77112	eval-rmse:892.40131
[188]	train-rmse:691.29742	eval-rmse:871.65729
Saved Losses
{'MSE - mean': 797578.9551434441, 'MSE - std': 94090.41298198674, 'R2 - mean': 0.9989975962733566, 'R2 - std': 0.0001707317904599246} 
 

[0]	train-rmse:29767.84375	eval-rmse:30777.67773
[100]	train-rmse:781.39581	eval-rmse:847.56171
[200]	train-rmse:677.77887	eval-rmse:798.76880
[300]	train-rmse:620.96783	eval-rmse:782.76733
[400]	train-rmse:586.87744	eval-rmse:777.28229
[499]	train-rmse:561.11719	eval-rmse:774.42188
Saved Losses
{'MSE - mean': 758009.0342422917, 'MSE - std': 115522.80819210754, 'R2 - mean': 0.9990572814042213, 'R2 - std': 0.00019382655856273241} 
 

Results After CV: {'MSE - mean': 758009.0342422917, 'MSE - std': 115522.80819210754, 'R2 - mean': 0.9990572814042213, 'R2 - std': 0.00019382655856273241}
Train time: 0.5694127833999971
Inference time: 0.0124066981999988
Finished cross validation
Trial 22 finished with value: 758009.0342422917 and parameters: {'max_depth': 2, 'alpha': 0.0012088427000844664, 'lambda': 0.02534103723636069, 'eta': 0.07067266896330622}. Best is trial 15 with value: 729096.643634782.
[0]	train-rmse:30638.88086	eval-rmse:33405.80859
[100]	train-rmse:1265.92529	eval-rmse:1579.46143
[197]	train-rmse:356.03449	eval-rmse:985.49335
Saved Losses
{'MSE - mean': 971197.2000671374, 'MSE - std': 0.0, 'R2 - mean': 0.9989251424131015, 'R2 - std': 0.0} 
 

[0]	train-rmse:31619.13672	eval-rmse:29526.38867
[100]	train-rmse:1305.93420	eval-rmse:1430.82361
[200]	train-rmse:395.77173	eval-rmse:877.38989
[263]	train-rmse:318.35483	eval-rmse:873.97656
Saved Losses
{'MSE - mean': 867516.1223598644, 'MSE - std': 103681.0777072729, 'R2 - mean': 0.9989552017741874, 'R2 - std': 3.005936108591012e-05} 
 

[0]	train-rmse:32054.12500	eval-rmse:27587.24414
[100]	train-rmse:1320.83838	eval-rmse:1381.20679
[200]	train-rmse:386.58459	eval-rmse:876.72717
[299]	train-rmse:267.84137	eval-rmse:867.70520
Saved Losses
{'MSE - mean': 829314.8446034434, 'MSE - std': 100425.02590228282, 'R2 - mean': 0.9989323841567371, 'R2 - std': 4.05421277785485e-05} 
 

[0]	train-rmse:30724.69336	eval-rmse:33089.30469
[100]	train-rmse:1270.55676	eval-rmse:1518.37903
[200]	train-rmse:379.75333	eval-rmse:851.07098
[229]	train-rmse:348.44250	eval-rmse:854.26489
Saved Losses
{'MSE - mean': 804428.2556934229, 'MSE - std': 97066.55599811248, 'R2 - mean': 0.9989950942455323, 'R2 - std': 0.00011415083794573442} 
 

[0]	train-rmse:30998.50391	eval-rmse:32050.99805
[100]	train-rmse:1263.02942	eval-rmse:1444.77759
[200]	train-rmse:341.73682	eval-rmse:776.68372
[300]	train-rmse:228.75385	eval-rmse:754.83209
[382]	train-rmse:181.75078	eval-rmse:752.88855
Saved Losses
{'MSE - mean': 756910.8360189606, 'MSE - std': 128721.22484168518, 'R2 - mean': 0.9990630007870814, 'R2 - std': 0.00016991034278001382} 
 

Results After CV: {'MSE - mean': 756910.8360189606, 'MSE - std': 128721.22484168518, 'R2 - mean': 0.9990630007870814, 'R2 - std': 0.00016991034278001382}
Train time: 1.0810539026000072
Inference time: 0.017476885599995738
Finished cross validation
Trial 23 finished with value: 756910.8360189606 and parameters: {'max_depth': 5, 'alpha': 0.06511067658902142, 'lambda': 0.0008047096257000537, 'eta': 0.03219283258228722}. Best is trial 15 with value: 729096.643634782.
[0]	train-rmse:31056.10156	eval-rmse:33860.62891
[100]	train-rmse:4624.34912	eval-rmse:5052.96777
[200]	train-rmse:995.22613	eval-rmse:1193.48413
[300]	train-rmse:696.57373	eval-rmse:946.19556
[374]	train-rmse:632.36499	eval-rmse:943.85962
Saved Losses
{'MSE - mean': 891157.0693549764, 'MSE - std': 0.0, 'R2 - mean': 0.9990137255986238, 'R2 - std': 0.0} 
 

[0]	train-rmse:32049.76562	eval-rmse:29928.36328
[100]	train-rmse:4771.53809	eval-rmse:4482.93652
[200]	train-rmse:1024.07788	eval-rmse:1108.76172
[300]	train-rmse:722.96143	eval-rmse:889.15710
[400]	train-rmse:644.82294	eval-rmse:847.79565
[499]	train-rmse:594.88660	eval-rmse:830.97357
Saved Losses
{'MSE - mean': 790837.0274032045, 'MSE - std': 100320.041951772, 'R2 - mean': 0.9990481941202582, 'R2 - std': 3.446852163441205e-05} 
 

[0]	train-rmse:32490.63672	eval-rmse:27962.50000
[100]	train-rmse:4832.74463	eval-rmse:4220.43262
[200]	train-rmse:1017.93250	eval-rmse:1142.76294
[300]	train-rmse:699.67914	eval-rmse:951.04956
[400]	train-rmse:629.43066	eval-rmse:918.01141
[499]	train-rmse:580.02972	eval-rmse:905.96149
Saved Losses
{'MSE - mean': 800813.4048633269, 'MSE - std': 83117.16685453059, 'R2 - mean': 0.9989609362942278, 'R2 - std': 0.00012656977942180353} 
 

[0]	train-rmse:31143.08789	eval-rmse:33539.62109
[100]	train-rmse:4638.64990	eval-rmse:4997.83350
[200]	train-rmse:999.13727	eval-rmse:1125.57129
[300]	train-rmse:699.61621	eval-rmse:858.04260
[342]	train-rmse:665.77997	eval-rmse:852.79932
Saved Losses
{'MSE - mean': 782466.4975746601, 'MSE - std': 78684.01737722674, 'R2 - mean': 0.9990171638547426, 'R2 - std': 0.00014662723990280916} 
 

[0]	train-rmse:31420.67188	eval-rmse:32487.37305
[100]	train-rmse:4680.91406	eval-rmse:4841.14160
[200]	train-rmse:1014.50177	eval-rmse:1089.10059
[300]	train-rmse:718.83691	eval-rmse:824.35840
[400]	train-rmse:637.71954	eval-rmse:797.14001
[499]	train-rmse:593.45819	eval-rmse:779.64752
Saved Losses
{'MSE - mean': 747543.2472152337, 'MSE - std': 99153.78628758705, 'R2 - mean': 0.9990710289653046, 'R2 - std': 0.00016972165014704784} 
 

Results After CV: {'MSE - mean': 747543.2472152337, 'MSE - std': 99153.78628758705, 'R2 - mean': 0.9990710289653046, 'R2 - std': 0.00016972165014704784}
Train time: 0.8624732693999988
Inference time: 0.021130265599998664
Finished cross validation
Trial 24 finished with value: 747543.2472152337 and parameters: {'max_depth': 3, 'alpha': 0.6679912194555239, 'lambda': 0.0001151215849056433, 'eta': 0.019008408429877274}. Best is trial 15 with value: 729096.643634782.
[0]	train-rmse:30192.21875	eval-rmse:32918.94922
[100]	train-rmse:639.67560	eval-rmse:991.16058
[158]	train-rmse:477.32693	eval-rmse:966.76526
Saved Losses
{'MSE - mean': 934635.0567898543, 'MSE - std': 0.0, 'R2 - mean': 0.9989656070037038, 'R2 - std': 0.0} 
 

[0]	train-rmse:31158.10156	eval-rmse:29095.83984
[100]	train-rmse:631.04462	eval-rmse:888.67590
[200]	train-rmse:410.38391	eval-rmse:818.50757
[210]	train-rmse:399.54114	eval-rmse:818.02087
Saved Losses
{'MSE - mean': 801804.753510322, 'MSE - std': 132830.3032795323, 'R2 - mean': 0.999038444226305, 'R2 - std': 7.2837222601152e-05} 
 

[0]	train-rmse:31586.69336	eval-rmse:27185.10938
[100]	train-rmse:648.05029	eval-rmse:933.83447
[197]	train-rmse:442.18124	eval-rmse:884.77911
Saved Losses
{'MSE - mean': 795542.6365373082, 'MSE - std': 108816.45646464708, 'R2 - mean': 0.9989730408920847, 'R2 - std': 0.00010996378002959558} 
 

[0]	train-rmse:30276.73828	eval-rmse:32606.77930
[100]	train-rmse:621.02393	eval-rmse:901.52692
[164]	train-rmse:467.19272	eval-rmse:857.63599
Saved Losses
{'MSE - mean': 780541.8663275908, 'MSE - std': 97753.95244590398, 'R2 - mean': 0.9990239720158074, 'R2 - std': 0.00012981125829350976} 
 

[0]	train-rmse:30546.56836	eval-rmse:31583.67773
[100]	train-rmse:632.43591	eval-rmse:839.92285
[200]	train-rmse:427.25574	eval-rmse:764.01398
[300]	train-rmse:342.24246	eval-rmse:755.24890
[320]	train-rmse:324.37158	eval-rmse:756.32080
Saved Losses
{'MSE - mean': 738927.9336750468, 'MSE - std': 120712.65773844399, 'R2 - mean': 0.9990847810294066, 'R2 - std': 0.0001681419482562497} 
 

Results After CV: {'MSE - mean': 738927.9336750468, 'MSE - std': 120712.65773844399, 'R2 - mean': 0.9990847810294066, 'R2 - std': 0.0001681419482562497}
Train time: 0.6682082486000013
Inference time: 0.00856436599999597
Finished cross validation
Trial 25 finished with value: 738927.9336750468 and parameters: {'max_depth': 4, 'alpha': 0.02849600893467339, 'lambda': 1.8584916888569484e-05, 'eta': 0.046315730161434615}. Best is trial 15 with value: 729096.643634782.
[0]	train-rmse:29650.72461	eval-rmse:32326.89453
[100]	train-rmse:361.75510	eval-rmse:995.42529
[105]	train-rmse:349.98196	eval-rmse:996.82788
Saved Losses
{'MSE - mean': 993665.8651648867, 'MSE - std': 0.0, 'R2 - mean': 0.9989002755630466, 'R2 - std': 0.0} 
 

[0]	train-rmse:30599.32617	eval-rmse:28575.14062
[100]	train-rmse:399.68091	eval-rmse:869.61157
[177]	train-rmse:250.69972	eval-rmse:859.76788
Saved Losses
{'MSE - mean': 866433.3449893522, 'MSE - std': 127232.52017553453, 'R2 - mean': 0.9989591313718097, 'R2 - std': 5.885580876308083e-05} 
 

[0]	train-rmse:31020.30859	eval-rmse:26699.43750
[100]	train-rmse:389.71701	eval-rmse:882.68512
[130]	train-rmse:309.98972	eval-rmse:878.17895
Saved Losses
{'MSE - mean': 834926.5388435664, 'MSE - std': 113037.31151185483, 'R2 - mean': 0.9989256391499688, 'R2 - std': 6.747440500755096e-05} 
 

[0]	train-rmse:29733.85938	eval-rmse:32022.26953
[100]	train-rmse:377.00882	eval-rmse:844.31543
[115]	train-rmse:340.19415	eval-rmse:856.37152
Saved Losses
{'MSE - mean': 809537.9491685864, 'MSE - std': 107316.43304929855, 'R2 - mean': 0.9989890271547074, 'R2 - std': 0.000124373284641705} 
 

[0]	train-rmse:29998.81055	eval-rmse:31017.11719
[100]	train-rmse:346.94980	eval-rmse:777.75855
[200]	train-rmse:179.44937	eval-rmse:750.80109
[250]	train-rmse:143.37039	eval-rmse:749.93939
Saved Losses
{'MSE - mean': 760105.3833179559, 'MSE - std': 137796.10919125174, 'R2 - mean': 0.9990591955848359, 'R2 - std': 0.0001790793273742493} 
 

Results After CV: {'MSE - mean': 760105.3833179559, 'MSE - std': 137796.10919125174, 'R2 - mean': 0.9990591955848359, 'R2 - std': 0.0001790793273742493}
Train time: 0.7083027900000047
Inference time: 0.009000260400006255
Finished cross validation
