[I 2024-12-10 06:59:47,405] Trial 32 finished with value: 712076.8230498622 and parameters: {'max_depth': 4, 'alpha': 0.1896659063073489, 'lambda': 0.6330374562966692, 'eta': 0.05748936120176694}. Best is trial 32 with value: 712076.8230498622.
[I 2024-12-10 06:59:50,178] Trial 33 finished with value: 724344.1258568715 and parameters: {'max_depth': 4, 'alpha': 0.034948905223381364, 'lambda': 0.09555949815692899, 'eta': 0.05953827226300698}. Best is trial 32 with value: 712076.8230498622.
[I 2024-12-10 06:59:53,335] Trial 34 finished with value: 735689.1590539748 and parameters: {'max_depth': 4, 'alpha': 0.20937149447443296, 'lambda': 0.0003159850302842435, 'eta': 0.04708996910758836}. Best is trial 32 with value: 712076.8230498622.
[I 2024-12-10 06:59:55,912] Trial 35 finished with value: 720298.4094513479 and parameters: {'max_depth': 3, 'alpha': 0.007357220796766573, 'lambda': 0.0046521753909854946, 'eta': 0.05705134742902002}. Best is trial 32 with value: 712076.8230498622.
[I 2024-12-10 06:59:58,321] Trial 36 finished with value: 753161.2580872759 and parameters: {'max_depth': 2, 'alpha': 0.007075635172945979, 'lambda': 0.004722441243721026, 'eta': 0.0861056678959104}. Best is trial 32 with value: 712076.8230498622.
[I 2024-12-10 07:00:02,735] Trial 37 finished with value: 729026.9063480833 and parameters: {'max_depth': 4, 'alpha': 0.1136315233097413, 'lambda': 5.1654176645891664e-05, 'eta': 0.03272773397196654}. Best is trial 32 with value: 712076.8230498622.
[I 2024-12-10 07:00:05,233] Trial 38 finished with value: 725988.005139112 and parameters: {'max_depth': 3, 'alpha': 0.027504650020071044, 'lambda': 0.07867557455394854, 'eta': 0.0614681075059309}. Best is trial 32 with value: 712076.8230498622.
[I 2024-12-10 07:00:08,061] Trial 39 finished with value: 760186.7302705643 and parameters: {'max_depth': 2, 'alpha': 0.007509413370666827, 'lambda': 0.02402607429397116, 'eta': 0.055398458710777664}. Best is trial 32 with value: 712076.8230498622.
[I 2024-12-10 07:00:10,057] Trial 40 finished with value: 737250.276061065 and parameters: {'max_depth': 4, 'alpha': 0.3284253013587234, 'lambda': 0.004177992553750359, 'eta': 0.09743790412741993}. Best is trial 32 with value: 712076.8230498622.
[I 2024-12-10 07:00:12,498] Trial 41 finished with value: 720624.477014762 and parameters: {'max_depth': 3, 'alpha': 0.03007444030948921, 'lambda': 0.07928404698556799, 'eta': 0.061143444022609905}. Best is trial 32 with value: 712076.8230498622.
[I 2024-12-10 07:00:14,462] Trial 42 finished with value: 739030.5886078936 and parameters: {'max_depth': 3, 'alpha': 0.039125597056657996, 'lambda': 0.08213066622436672, 'eta': 0.07740959131491879}. Best is trial 32 with value: 712076.8230498622.
[I 2024-12-10 07:00:16,978] Trial 43 finished with value: 742461.1580391813 and parameters: {'max_depth': 4, 'alpha': 0.0030203153436591437, 'lambda': 0.007725879121799436, 'eta': 0.05825701831548702}. Best is trial 32 with value: 712076.8230498622.
[I 2024-12-10 07:00:20,183] Trial 44 finished with value: 730342.0667390089 and parameters: {'max_depth': 3, 'alpha': 0.10943754721257418, 'lambda': 0.01979953596146277, 'eta': 0.040586717414014845}. Best is trial 32 with value: 712076.8230498622.
[I 2024-12-10 07:00:22,177] Trial 45 finished with value: 750933.0334209676 and parameters: {'max_depth': 2, 'alpha': 0.5778294860287, 'lambda': 0.04730400097705503, 'eta': 0.12840180695990547}. Best is trial 32 with value: 712076.8230498622.
[I 2024-12-10 07:00:24,903] Trial 46 finished with value: 705711.1594260335 and parameters: {'max_depth': 4, 'alpha': 0.016843280600643218, 'lambda': 0.9614835415831297, 'eta': 0.06524652832936552}. Best is trial 46 with value: 705711.1594260335.
[I 2024-12-10 07:00:27,068] Trial 47 finished with value: 722950.7638537337 and parameters: {'max_depth': 3, 'alpha': 0.014217552364209388, 'lambda': 0.16814835271600617, 'eta': 0.08097053855175369}. Best is trial 46 with value: 705711.1594260335.
[I 2024-12-10 07:00:33,400] Trial 48 finished with value: 712632.2779040227 and parameters: {'max_depth': 5, 'alpha': 0.001526533856066887, 'lambda': 0.9210436817510158, 'eta': 0.03094836850329159}. Best is trial 46 with value: 705711.1594260335.
[I 2024-12-10 07:00:39,987] Trial 49 finished with value: 720409.5563702714 and parameters: {'max_depth': 5, 'alpha': 0.0012234310064491217, 'lambda': 0.9175775612470279, 'eta': 0.022461894115156686}. Best is trial 46 with value: 705711.1594260335.
[I 2024-12-10 07:01:20,991] Trial 50 finished with value: 902948.9229181006 and parameters: {'max_depth': 11, 'alpha': 0.0044859828075076, 'lambda': 5.429369144553088e-06, 'eta': 0.03107988218742231}. Best is trial 46 with value: 705711.1594260335.
[I 2024-12-10 07:01:28,685] Trial 51 finished with value: 723243.9948604146 and parameters: {'max_depth': 5, 'alpha': 0.001206487494813583, 'lambda': 0.7960597300926673, 'eta': 0.01834075291148289}. Best is trial 46 with value: 705711.1594260335.
[I 2024-12-10 07:01:37,395] Trial 52 finished with value: 740948.1286132049 and parameters: {'max_depth': 6, 'alpha': 0.00013656078115509016, 'lambda': 0.33398723213917414, 'eta': 0.023002259797606506}. Best is trial 46 with value: 705711.1594260335.
[I 2024-12-10 07:01:45,506] Trial 53 finished with value: 725103.080718668 and parameters: {'max_depth': 7, 'alpha': 0.001591045893881631, 'lambda': 0.9769834362384704, 'eta': 0.04042625645389043}. Best is trial 46 with value: 705711.1594260335.
[I 2024-12-10 07:01:52,448] Trial 54 finished with value: 751931.1346253289 and parameters: {'max_depth': 5, 'alpha': 0.0005743219859439532, 'lambda': 0.19995560716167599, 'eta': 0.01773987316884914}. Best is trial 46 with value: 705711.1594260335.
[I 2024-12-10 07:01:55,553] Trial 55 finished with value: 721641.0150318958 and parameters: {'max_depth': 4, 'alpha': 0.014405348263434549, 'lambda': 0.4843518314623857, 'eta': 0.050805888163891186}. Best is trial 46 with value: 705711.1594260335.
[I 2024-12-10 07:02:00,303] Trial 56 finished with value: 745773.5282578849 and parameters: {'max_depth': 5, 'alpha': 0.008377937866959362, 'lambda': 0.3550931797222918, 'eta': 0.03298046658105825}. Best is trial 46 with value: 705711.1594260335.
[I 2024-12-10 07:02:12,332] Trial 57 finished with value: 725028.8096955178 and parameters: {'max_depth': 7, 'alpha': 0.0022509052325651747, 'lambda': 0.9601110110723012, 'eta': 0.021860359478371984}. Best is trial 46 with value: 705711.1594260335.
[I 2024-12-10 07:02:20,648] Trial 58 finished with value: 793026.6673624667 and parameters: {'max_depth': 8, 'alpha': 1.3150080294580538e-07, 'lambda': 0.00022117360836967147, 'eta': 0.06665832134903121}. Best is trial 46 with value: 705711.1594260335.
[I 2024-12-10 07:02:25,956] Trial 59 finished with value: 761709.6577710811 and parameters: {'max_depth': 6, 'alpha': 0.004587472188863585, 'lambda': 0.20747863662869104, 'eta': 0.043453962259801894}. Best is trial 46 with value: 705711.1594260335.
[I 2024-12-10 07:02:33,101] Trial 60 finished with value: 739990.8892476838 and parameters: {'max_depth': 4, 'alpha': 2.8816711365556582e-05, 'lambda': 0.0005984817119711147, 'eta': 0.01499508484687839}. Best is trial 46 with value: 705711.1594260335.
[I 2024-12-10 07:02:35,546] Trial 61 finished with value: 729825.0306851104 and parameters: {'max_depth': 3, 'alpha': 0.020036954224982594, 'lambda': 0.5186656968753555, 'eta': 0.07254107025527166}. Best is trial 46 with value: 705711.1594260335.
[I 2024-12-10 07:02:39,712] Trial 62 finished with value: 747909.1536646219 and parameters: {'max_depth': 5, 'alpha': 0.13089091781904655, 'lambda': 0.49774742754488416, 'eta': 0.05340036906827068}. Best is trial 46 with value: 705711.1594260335.
[I 2024-12-10 07:02:41,945] Trial 63 finished with value: 737363.773790516 and parameters: {'max_depth': 3, 'alpha': 0.0002581139548155175, 'lambda': 0.05335971802999528, 'eta': 0.06600706513692906}. Best is trial 46 with value: 705711.1594260335.
[I 2024-12-10 07:02:44,243] Trial 64 finished with value: 723156.401187354 and parameters: {'max_depth': 3, 'alpha': 0.0007540172386481281, 'lambda': 0.1509217154324424, 'eta': 0.09008575364179809}. Best is trial 46 with value: 705711.1594260335.
[I 2024-12-10 07:02:47,783] Trial 65 finished with value: 758285.91525139 and parameters: {'max_depth': 5, 'alpha': 0.06930800976386477, 'lambda': 0.26050906967252185, 'eta': 0.048457494271370596}. Best is trial 46 with value: 705711.1594260335.
[I 2024-12-10 07:02:53,435] Trial 66 finished with value: 723262.929787746 and parameters: {'max_depth': 6, 'alpha': 0.013724407436702033, 'lambda': 0.5340171489290461, 'eta': 0.036363965250125745}. Best is trial 46 with value: 705711.1594260335.
[I 2024-12-10 07:02:55,678] Trial 67 finished with value: 705242.7778670788 and parameters: {'max_depth': 4, 'alpha': 0.04819342960619537, 'lambda': 0.9859138870346479, 'eta': 0.10113051764067468}. Best is trial 67 with value: 705242.7778670788.
[I 2024-12-10 07:02:57,852] Trial 68 finished with value: 712279.6283338557 and parameters: {'max_depth': 4, 'alpha': 0.18160437866044962, 'lambda': 0.9188039395460069, 'eta': 0.12184191574517739}. Best is trial 67 with value: 705242.7778670788.
[I 2024-12-10 07:02:59,866] Trial 69 finished with value: 741353.4259680698 and parameters: {'max_depth': 4, 'alpha': 0.454459948053913, 'lambda': 2.3707020447264845e-07, 'eta': 0.11904021704529358}. Best is trial 67 with value: 705242.7778670788.
[I 2024-12-10 07:03:12,256] Trial 70 finished with value: 866438.3955083896 and parameters: {'max_depth': 12, 'alpha': 0.1821310950339685, 'lambda': 0.2727751240794278, 'eta': 0.1564129728903405}. Best is trial 67 with value: 705242.7778670788.
[I 2024-12-10 07:03:14,039] Trial 71 finished with value: 724366.2233885011 and parameters: {'max_depth': 4, 'alpha': 0.8520881224670013, 'lambda': 0.6755107238652739, 'eta': 0.10929821631643535}. Best is trial 67 with value: 705242.7778670788.
[I 2024-12-10 07:03:16,115] Trial 72 finished with value: 725791.9666940941 and parameters: {'max_depth': 4, 'alpha': 0.05011382634144367, 'lambda': 0.1299919599851998, 'eta': 0.09898731504950568}. Best is trial 67 with value: 705242.7778670788.
[I 2024-12-10 07:03:18,330] Trial 73 finished with value: 746433.6986053847 and parameters: {'max_depth': 5, 'alpha': 0.009402414369741723, 'lambda': 0.9622778656129551, 'eta': 0.21134129346364436}. Best is trial 67 with value: 705242.7778670788.
[I 2024-12-10 07:03:20,571] Trial 74 finished with value: 721450.2760409757 and parameters: {'max_depth': 4, 'alpha': 0.020568828210295383, 'lambda': 0.4678987210943242, 'eta': 0.07690342762974132}. Best is trial 67 with value: 705242.7778670788.
[I 2024-12-10 07:03:23,404] Trial 75 finished with value: 761449.1167206189 and parameters: {'max_depth': 5, 'alpha': 0.09139402465176678, 'lambda': 0.0020919816083627475, 'eta': 0.08923230661617783}. Best is trial 67 with value: 705242.7778670788.
[I 2024-12-10 07:03:26,533] Trial 76 finished with value: 751271.3605869926 and parameters: {'max_depth': 6, 'alpha': 0.004079998862330594, 'lambda': 0.27780779141044615, 'eta': 0.13694245825468634}. Best is trial 67 with value: 705242.7778670788.
[I 2024-12-10 07:03:31,379] Trial 77 finished with value: 737143.7891472697 and parameters: {'max_depth': 4, 'alpha': 0.0016151869455477367, 'lambda': 8.409634829984319e-05, 'eta': 0.024414818198312104}. Best is trial 67 with value: 705242.7778670788.
[I 2024-12-10 07:03:33,711] Trial 78 finished with value: 715556.5564602717 and parameters: {'max_depth': 4, 'alpha': 0.15753631457067066, 'lambda': 0.9839555369564853, 'eta': 0.11737320195856524}. Best is trial 67 with value: 705242.7778670788.
[I 2024-12-10 07:03:41,764] Trial 79 finished with value: 829437.5991579298 and parameters: {'max_depth': 8, 'alpha': 0.41180411331177663, 'lambda': 2.734654724590596e-05, 'eta': 0.11624797209569915}. Best is trial 67 with value: 705242.7778670788.
[I 2024-12-10 07:03:43,871] Trial 80 finished with value: 741691.0911246218 and parameters: {'max_depth': 4, 'alpha': 0.1785804380274915, 'lambda': 0.05421272439642146, 'eta': 0.08359561645334479}. Best is trial 67 with value: 705242.7778670788.
[I 2024-12-10 07:03:45,969] Trial 81 finished with value: 716960.6644165211 and parameters: {'max_depth': 4, 'alpha': 0.046592836683746974, 'lambda': 0.9801883064274313, 'eta': 0.10010218100588551}. Best is trial 67 with value: 705242.7778670788.
[I 2024-12-10 07:03:47,754] Trial 82 finished with value: 722821.9340354046 and parameters: {'max_depth': 4, 'alpha': 0.04563537390654782, 'lambda': 0.4294890464257895, 'eta': 0.15940230300609926}. Best is trial 67 with value: 705242.7778670788.
[I 2024-12-10 07:03:50,079] Trial 83 finished with value: 720471.1427566691 and parameters: {'max_depth': 4, 'alpha': 0.14563232198136272, 'lambda': 0.6369772948184831, 'eta': 0.09656522417887876}. Best is trial 67 with value: 705242.7778670788.
[I 2024-12-10 07:03:52,598] Trial 84 finished with value: 739556.2550067606 and parameters: {'max_depth': 4, 'alpha': 0.24437534020770302, 'lambda': 0.34103794598773485, 'eta': 0.14681608614461475}. Best is trial 67 with value: 705242.7778670788.
[I 2024-12-10 07:03:54,671] Trial 85 finished with value: 724501.4057374425 and parameters: {'max_depth': 3, 'alpha': 0.0637397231761443, 'lambda': 0.11925986795675324, 'eta': 0.10372963508820372}. Best is trial 67 with value: 705242.7778670788.
[I 2024-12-10 07:03:56,609] Trial 86 finished with value: 737771.9989505887 and parameters: {'max_depth': 4, 'alpha': 0.025995120536616824, 'lambda': 0.20862742588570787, 'eta': 0.12442098345256468}. Best is trial 67 with value: 705242.7778670788.
[I 2024-12-10 07:04:00,431] Trial 87 finished with value: 739118.2535355731 and parameters: {'max_depth': 5, 'alpha': 0.041321173498993564, 'lambda': 0.5829227486724955, 'eta': 0.05682638323124759}. Best is trial 67 with value: 705242.7778670788.
[I 2024-12-10 07:04:07,219] Trial 88 finished with value: 808751.1262691569 and parameters: {'max_depth': 10, 'alpha': 0.6330448886486172, 'lambda': 0.9498335937228811, 'eta': 0.13939239513705803}. Best is trial 67 with value: 705242.7778670788.
[I 2024-12-10 07:04:09,780] Trial 89 finished with value: 735312.1264788623 and parameters: {'max_depth': 3, 'alpha': 0.08737889852344467, 'lambda': 0.18590899261354796, 'eta': 0.06646328480413853}. Best is trial 67 with value: 705242.7778670788.
[I 2024-12-10 07:04:11,659] Trial 90 finished with value: 715716.3801135317 and parameters: {'max_depth': 4, 'alpha': 0.00560162823046642, 'lambda': 0.6474823194642062, 'eta': 0.11496927775055836}. Best is trial 67 with value: 705242.7778670788.
[I 2024-12-10 07:04:13,756] Trial 91 finished with value: 752408.150721688 and parameters: {'max_depth': 4, 'alpha': 0.005489310745802689, 'lambda': 1.4366934617049729e-08, 'eta': 0.11260114910199777}. Best is trial 67 with value: 705242.7778670788.
[I 2024-12-10 07:04:16,635] Trial 92 finished with value: 706029.910600414 and parameters: {'max_depth': 4, 'alpha': 0.01818195377138497, 'lambda': 0.6588446982725767, 'eta': 0.07370657544167813}. Best is trial 67 with value: 705242.7778670788.
[I 2024-12-10 07:04:19,058] Trial 93 finished with value: 714588.4957183681 and parameters: {'max_depth': 4, 'alpha': 0.016397390356290703, 'lambda': 0.6930699043116658, 'eta': 0.07681431096756237}. Best is trial 67 with value: 705242.7778670788.
[I 2024-12-10 07:04:22,215] Trial 94 finished with value: 751124.1477415427 and parameters: {'max_depth': 5, 'alpha': 0.016265706881732463, 'lambda': 0.38781700202135566, 'eta': 0.07586789918680176}. Best is trial 67 with value: 705242.7778670788.
[I 2024-12-10 07:04:24,419] Trial 95 finished with value: 725581.2960235638 and parameters: {'max_depth': 4, 'alpha': 0.008932707717683779, 'lambda': 0.614824603180165, 'eta': 0.09262687240830256}. Best is trial 67 with value: 705242.7778670788.
[I 2024-12-10 07:04:27,240] Trial 96 finished with value: 752861.8206023878 and parameters: {'max_depth': 5, 'alpha': 0.0028206906516724875, 'lambda': 0.0827705911753145, 'eta': 0.0788990752987597}. Best is trial 67 with value: 705242.7778670788.
[I 2024-12-10 07:04:29,727] Trial 97 finished with value: 719732.4605223086 and parameters: {'max_depth': 4, 'alpha': 0.027187875556320663, 'lambda': 0.2500240788696943, 'eta': 0.07020375887814335}. Best is trial 67 with value: 705242.7778670788.
[I 2024-12-10 07:04:31,305] Trial 98 finished with value: 716465.2856342961 and parameters: {'max_depth': 4, 'alpha': 0.011871022217917457, 'lambda': 0.6377390607268913, 'eta': 0.19417970413631605}. Best is trial 67 with value: 705242.7778670788.
[I 2024-12-10 07:04:34,191] Trial 99 finished with value: 753331.4569604205 and parameters: {'max_depth': 5, 'alpha': 0.332925146248757, 'lambda': 0.3711544095190861, 'eta': 0.08423549007890477}. Best is trial 67 with value: 705242.7778670788.
