Trial 55 finished with value: 19297251.070524905 and parameters: {'max_depth': 6, 'alpha': 0.014484911656331397, 'lambda': 0.4740057602902613, 'eta': 0.017830127817724854}. Best is trial 52 with value: 17402991.3123193.
[0]	eval-rmse:6799.22949
[100]	eval-rmse:2457.03052
[200]	eval-rmse:1299.31421
[300]	eval-rmse:903.01050
[400]	eval-rmse:851.66974
[405]	eval-rmse:851.89093
{'MSE - mean': 724771.183925074, 'MSE - std': 0.0, 'R2 - mean': 0.9646638568351118, 'R2 - std': 0.0}
[0]	eval-rmse:25235.12305
[100]	eval-rmse:7051.56641
[200]	eval-rmse:5081.64209
[300]	eval-rmse:4821.60596
[366]	eval-rmse:4809.83008
{'MSE - mean': 11929619.590502469, 'MSE - std': 11204848.406577395, 'R2 - mean': 0.9638052312564311, 'R2 - std': 0.0008586255786807162}
[0]	eval-rmse:7180.27246
[100]	eval-rmse:3235.64356
[200]	eval-rmse:2562.58520
[206]	eval-rmse:2576.45776
{'MSE - mean': 10165791.430683544, 'MSE - std': 9482682.361248165, 'R2 - mean': 0.8883745238586337, 'R2 - std': 0.1066774330821058}
[0]	eval-rmse:25201.83984
[100]	eval-rmse:6880.46777
[200]	eval-rmse:4581.99268
[300]	eval-rmse:4218.57959
[400]	eval-rmse:4133.76123
[500]	eval-rmse:4089.87769
[553]	eval-rmse:4080.17627
{'MSE - mean': 11786303.701423977, 'MSE - std': 8678659.379887326, 'R2 - mean': 0.909595003674829, 'R2 - std': 0.09942827735422667}
[0]	eval-rmse:9640.86426
[100]	eval-rmse:7064.86084
[200]	eval-rmse:6828.17334
[300]	eval-rmse:6747.53711
[400]	eval-rmse:6539.68457
[500]	eval-rmse:6432.89111
[600]	eval-rmse:6386.01074
[700]	eval-rmse:6345.54590
[767]	eval-rmse:6336.59961
{'MSE - mean': 17459542.18093778, 'MSE - std': 13747648.609396059, 'R2 - mean': 0.8053003422821163, 'R2 - std': 0.2267560174508839}
Trial 56 finished with value: 17459542.18093778 and parameters: {'max_depth': 2, 'alpha': 0.0844152937632413, 'lambda': 0.21077581294421216, 'eta': 0.019960637727524173}. Best is trial 52 with value: 17402991.3123193.
[0]	eval-rmse:6822.80859
[100]	eval-rmse:1807.62378
[200]	eval-rmse:859.17419
[300]	eval-rmse:794.76758
[326]	eval-rmse:795.91718
{'MSE - mean': 633484.1753265125, 'MSE - std': 0.0, 'R2 - mean': 0.9691145453785828, 'R2 - std': 0.0}
[0]	eval-rmse:25351.56836
[100]	eval-rmse:9373.69824
[200]	eval-rmse:6283.79834
[300]	eval-rmse:5999.06006
[372]	eval-rmse:5991.67773
{'MSE - mean': 18266845.275574088, 'MSE - std': 17633361.100247577, 'R2 - mean': 0.9558074327694505, 'R2 - std': 0.01330711260913231}
[0]	eval-rmse:7200.32861
[100]	eval-rmse:2682.06860
[162]	eval-rmse:2532.07007
{'MSE - mean': 14315022.97841449, 'MSE - std': 15444224.85584191, 'R2 - mean': 0.8860314829865522, 'R2 - std': 0.0992744638206245}
[0]	eval-rmse:25318.92969
[100]	eval-rmse:8860.98828
[200]	eval-rmse:4991.31397
[300]	eval-rmse:4424.15088
[400]	eval-rmse:4355.29834
[500]	eval-rmse:4346.37793
[600]	eval-rmse:4344.32910
[700]	eval-rmse:4343.46631
[735]	eval-rmse:4343.50635
{'MSE - mean': 15452776.031999327, 'MSE - std': 13519486.19886047, 'R2 - mean': 0.9069468805190715, 'R2 - std': 0.09329483338848026}
[0]	eval-rmse:9657.53906
[100]	eval-rmse:6976.58789
[200]	eval-rmse:6705.86084
[300]	eval-rmse:6668.28223
[400]	eval-rmse:6659.13428
[500]	eval-rmse:6655.83301
[600]	eval-rmse:6654.20361
[697]	eval-rmse:6653.74316
{'MSE - mean': 21216680.915224545, 'MSE - std': 16706633.523137243, 'R2 - mean': 0.7906256186659802, 'R2 - std': 0.24715518320676408}
Trial 57 finished with value: 21216680.915224545 and parameters: {'max_depth': 8, 'alpha': 0.08041020942948761, 'lambda': 0.23615019779014157, 'eta': 0.014314029023339824}. Best is trial 52 with value: 17402991.3123193.
[0]	eval-rmse:6801.04688
[100]	eval-rmse:2480.88843
[200]	eval-rmse:1244.66357
[300]	eval-rmse:869.37116
[349]	eval-rmse:854.57776
{'MSE - mean': 729289.4413687114, 'MSE - std': 0.0, 'R2 - mean': 0.9644435696666575, 'R2 - std': 0.0}
[0]	eval-rmse:25183.47266
[100]	eval-rmse:6488.92529
[200]	eval-rmse:5016.62207
[300]	eval-rmse:4858.48242
[309]	eval-rmse:4863.03516
{'MSE - mean': 12188383.69701165, 'MSE - std': 11459094.25564294, 'R2 - mean': 0.9632842556578791, 'R2 - std': 0.0011593140087783893}
[0]	eval-rmse:7181.99463
[100]	eval-rmse:3237.15015
[200]	eval-rmse:2628.42700
[202]	eval-rmse:2629.73560
{'MSE - mean': 10437636.401672877, 'MSE - std': 9678367.267127827, 'R2 - mean': 0.8840992535932451, 'R2 - std': 0.11198850436510346}
[0]	eval-rmse:25150.09570
[100]	eval-rmse:6302.42480
[200]	eval-rmse:4468.97070
[300]	eval-rmse:4194.84570
[400]	eval-rmse:4129.45508
[500]	eval-rmse:4095.53955
[560]	eval-rmse:4087.90381
{'MSE - mean': 12005785.471583, 'MSE - std': 8810809.794476243, 'R2 - mean': 0.9063634938447543, 'R2 - std': 0.10437029277711335}
[0]	eval-rmse:9642.14844
[100]	eval-rmse:7072.11279
[200]	eval-rmse:6825.33252
[300]	eval-rmse:6689.69873
[400]	eval-rmse:6497.50586
[500]	eval-rmse:6403.58984
[600]	eval-rmse:6359.31494
[700]	eval-rmse:6343.60303
[721]	eval-rmse:6346.68018
{'MSE - mean': 17660749.65602672, 'MSE - std': 13784729.779611776, 'R2 - mean': 0.8023246834252813, 'R2 - std': 0.2280588141368374}
Trial 58 finished with value: 17660749.65602672 and parameters: {'max_depth': 2, 'alpha': 0.0242820246922429, 'lambda': 0.04756855641403747, 'eta': 0.019659479990130426}. Best is trial 52 with value: 17402991.3123193.
[0]	eval-rmse:6785.76025
[100]	eval-rmse:1410.36304
[200]	eval-rmse:992.15210
[214]	eval-rmse:986.70904
{'MSE - mean': 971304.6134498991, 'MSE - std': 0.0, 'R2 - mean': 0.9526441452987869, 'R2 - std': 0.0}
[0]	eval-rmse:25119.60156
[100]	eval-rmse:5619.61133
[200]	eval-rmse:4861.02930
[253]	eval-rmse:4827.93555
{'MSE - mean': 12137996.283357406, 'MSE - std': 11166691.669907508, 'R2 - mean': 0.9576590588208865, 'R2 - std': 0.0050149135220995955}
[0]	eval-rmse:7164.71924
[100]	eval-rmse:2520.73926
[132]	eval-rmse:2567.30762
{'MSE - mean': 10297172.686279086, 'MSE - std': 9481944.153581684, 'R2 - mean': 0.8845750874083008, 'R2 - std': 0.1034374206624182}
[0]	eval-rmse:25085.44727
[100]	eval-rmse:5236.21924
[200]	eval-rmse:4234.51172
[240]	eval-rmse:4225.34033
{'MSE - mean': 12183766.539624084, 'MSE - std': 8837881.974838136, 'R2 - mean': 0.9062652218053247, 'R2 - std': 0.09713835898064892}
[0]	eval-rmse:9633.03027
[100]	eval-rmse:6936.71973
[200]	eval-rmse:6708.14307
[300]	eval-rmse:6497.52197
[400]	eval-rmse:6424.72119
[500]	eval-rmse:6400.88525
[567]	eval-rmse:6398.63770
{'MSE - mean': 17935526.96063719, 'MSE - std': 13957704.61085441, 'R2 - mean': 0.8002285556597923, 'R2 - std': 0.22918068613519557}
Trial 59 finished with value: 17935526.96063719 and parameters: {'max_depth': 3, 'alpha': 0.20208010418513664, 'lambda': 3.0219060785551457e-07, 'eta': 0.02137869439262701}. Best is trial 52 with value: 17402991.3123193.
[0]	eval-rmse:6846.44092
[100]	eval-rmse:3259.46240
[200]	eval-rmse:2200.22461
[300]	eval-rmse:1643.38464
[400]	eval-rmse:1221.19519
[500]	eval-rmse:1013.83527
[600]	eval-rmse:949.89905
[700]	eval-rmse:925.92358
[784]	eval-rmse:919.73962
{'MSE - mean': 845920.9269002567, 'MSE - std': 0.0, 'R2 - mean': 0.9587572138047192, 'R2 - std': 0.0}
[0]	eval-rmse:25443.64648
[100]	eval-rmse:12337.44043
[200]	eval-rmse:7212.47217
[300]	eval-rmse:5611.11230
[400]	eval-rmse:5059.94775
[500]	eval-rmse:4842.52637
[600]	eval-rmse:4761.72754
[700]	eval-rmse:4740.00977
[765]	eval-rmse:4738.25098
{'MSE - mean': 11648472.287708249, 'MSE - std': 10802551.360807993, 'R2 - mean': 0.9613992301496366, 'R2 - std': 0.0026420163449173972}
[0]	eval-rmse:7225.00879
[100]	eval-rmse:3918.01660
[200]	eval-rmse:3026.53345
[300]	eval-rmse:2348.13208
[374]	eval-rmse:2324.60352
{'MSE - mean': 9566908.782761358, 'MSE - std': 9298524.462812185, 'R2 - mean': 0.9030402316375952, 'R2 - std': 0.08256027443572038}
[0]	eval-rmse:25410.69141
[100]	eval-rmse:12247.97266
[200]	eval-rmse:7042.51318
[300]	eval-rmse:5276.54297
[400]	eval-rmse:4588.87061
[500]	eval-rmse:4324.44434
[600]	eval-rmse:4206.07812
[700]	eval-rmse:4161.91553
[800]	eval-rmse:4136.39844
[883]	eval-rmse:4121.27148
{'MSE - mean': 11421316.072892502, 'MSE - std': 8669682.640224617, 'R2 - mean': 0.9204590644657595, 'R2 - std': 0.07760410039078289}
[0]	eval-rmse:9674.28223
[100]	eval-rmse:7351.41211
[200]	eval-rmse:6986.79248
[300]	eval-rmse:6859.40723
[400]	eval-rmse:6803.57861
[438]	eval-rmse:6792.78955
{'MSE - mean': 18365451.742622346, 'MSE - std': 15906438.899522008, 'R2 - mean': 0.795736964541863, 'R2 - std': 0.25892146677260236}
Trial 60 finished with value: 18365451.742622346 and parameters: {'max_depth': 2, 'alpha': 0.007809560979517882, 'lambda': 0.5419275771618576, 'eta': 0.012186922875428696}. Best is trial 52 with value: 17402991.3123193.
[0]	eval-rmse:6747.58936
[100]	eval-rmse:1892.19849
[200]	eval-rmse:904.92822
[275]	eval-rmse:867.68768
{'MSE - mean': 753105.5434058175, 'MSE - std': 0.0, 'R2 - mean': 0.9632824181061674, 'R2 - std': 0.0}
[0]	eval-rmse:25040.90820
[100]	eval-rmse:5676.45654
[200]	eval-rmse:4838.09668
[248]	eval-rmse:4828.74219
{'MSE - mean': 12034926.495183319, 'MSE - std': 11281820.951777501, 'R2 - mean': 0.9629685376613405, 'R2 - std': 0.00031388044482694166}
[0]	eval-rmse:7131.36865
[100]	eval-rmse:2676.89258
[138]	eval-rmse:2626.45874
{'MSE - mean': 10313072.340144267, 'MSE - std': 9527987.866688384, 'R2 - mean': 0.8847689564761905, 'R2 - std': 0.11059120523661983}
[0]	eval-rmse:25007.32227
[100]	eval-rmse:5273.33008
[200]	eval-rmse:4247.05127
[300]	eval-rmse:4134.94287
[371]	eval-rmse:4102.34180
{'MSE - mean': 11942106.05044599, 'MSE - std': 8720560.020934377, 'R2 - mean': 0.9068179900153984, 'R2 - std': 0.10310815024432102}
[0]	eval-rmse:9604.43848
[100]	eval-rmse:6920.71680
[200]	eval-rmse:6741.71289
[300]	eval-rmse:6487.52246
[400]	eval-rmse:6404.31445
[500]	eval-rmse:6363.57080
[568]	eval-rmse:6350.11475
{'MSE - mean': 17618181.76660923, 'MSE - std': 13773520.820961036, 'R2 - mean': 0.8025606450346231, 'R2 - std': 0.22799870273141007}
Trial 61 finished with value: 17618181.76660923 and parameters: {'max_depth': 2, 'alpha': 0.4364990431504312, 'lambda': 0.1673374979981716, 'eta': 0.02847596374659876}. Best is trial 52 with value: 17402991.3123193.
[0]	eval-rmse:6811.92578
[100]	eval-rmse:1496.18982
[200]	eval-rmse:608.50037
[262]	eval-rmse:588.86487
{'MSE - mean': 346761.85004875984, 'MSE - std': 0.0, 'R2 - mean': 0.9830936623182426, 'R2 - std': 0.0}
[0]	eval-rmse:25269.84961
[100]	eval-rmse:7219.52930
[200]	eval-rmse:4971.08203
[300]	eval-rmse:4866.77295
[332]	eval-rmse:4868.39502
{'MSE - mean': 12023480.46336504, 'MSE - std': 11676718.61331628, 'R2 - mean': 0.9725670815055971, 'R2 - std': 0.010526580812645514}
[0]	eval-rmse:7186.83691
[100]	eval-rmse:3000.33008
[180]	eval-rmse:2944.81982
{'MSE - mean': 10906308.148642428, 'MSE - std': 9664021.92039853, 'R2 - mean': 0.8674083640854984, 'R2 - std': 0.14896504389045032}
[0]	eval-rmse:25236.67969
[100]	eval-rmse:6977.52441
[200]	eval-rmse:4400.31836
[300]	eval-rmse:4203.73975
[341]	eval-rmse:4196.98730
{'MSE - mean': 12583406.777904801, 'MSE - std': 8859061.417287875, 'R2 - mean': 0.8934820852405145, 'R2 - std': 0.13668377749598326}
[0]	eval-rmse:9650.24414
[100]	eval-rmse:6865.35400
[200]	eval-rmse:6623.31689
[300]	eval-rmse:6571.47266
[400]	eval-rmse:6559.35156
[449]	eval-rmse:6558.76074
{'MSE - mean': 18670194.63477654, 'MSE - std': 14525230.49780856, 'R2 - mean': 0.7836785975103365, 'R2 - std': 0.2513427693316492}
Trial 62 finished with value: 18670194.63477654 and parameters: {'max_depth': 5, 'alpha': 0.026419435951696574, 'lambda': 0.07684370972827487, 'eta': 0.016196695484836935}. Best is trial 52 with value: 17402991.3123193.
[0]	eval-rmse:6758.15478
[100]	eval-rmse:2044.09827
[200]	eval-rmse:1048.08093
[300]	eval-rmse:908.79626
[372]	eval-rmse:895.92279
{'MSE - mean': 802677.6317451354, 'MSE - std': 0.0, 'R2 - mean': 0.960865536131012, 'R2 - std': 0.0}
[0]	eval-rmse:25179.72852
[100]	eval-rmse:6380.87598
[200]	eval-rmse:4880.34912
[300]	eval-rmse:4747.98438
[321]	eval-rmse:4748.53564
{'MSE - mean': 11675635.789238423, 'MSE - std': 10872958.157493288, 'R2 - mean': 0.9623752544233941, 'R2 - std': 0.0015097182923821117}
[0]	eval-rmse:7141.37158
[100]	eval-rmse:2806.06665
[171]	eval-rmse:2410.96826
{'MSE - mean': 9741607.3402618, 'MSE - std': 9289514.419277703, 'R2 - mean': 0.8974990089069413, 'R2 - std': 0.0917571466653706}
[0]	eval-rmse:25146.38281
[100]	eval-rmse:6194.93994
[200]	eval-rmse:4407.95557
[300]	eval-rmse:4165.40039
[400]	eval-rmse:4103.16064
[456]	eval-rmse:4097.13281
{'MSE - mean': 11502829.569211712, 'MSE - std': 8603895.619352791, 'R2 - mean': 0.9163826823448651, 'R2 - std': 0.08593200707919126}
[0]	eval-rmse:9611.87988
[100]	eval-rmse:6952.70215
[200]	eval-rmse:6784.54004
[224]	eval-rmse:6784.89453
{'MSE - mean': 18409222.21921051, 'MSE - std': 15811851.681786168, 'R2 - mean': 0.792802584906638, 'R2 - std': 0.2588351015683408}
Trial 63 finished with value: 18409222.21921051 and parameters: {'max_depth': 2, 'alpha': 0.19535636081683982, 'lambda': 0.4498859284666035, 'eta': 0.02673667982566522}. Best is trial 52 with value: 17402991.3123193.
[0]	eval-rmse:6808.96728
[100]	eval-rmse:2577.14526
[200]	eval-rmse:1345.32165
[300]	eval-rmse:892.98547
[373]	eval-rmse:853.61230
{'MSE - mean': 728653.9711988061, 'MSE - std': 0.0, 'R2 - mean': 0.9644745519482366, 'R2 - std': 0.0}
[0]	eval-rmse:25209.26758
[100]	eval-rmse:6764.27539
[200]	eval-rmse:5083.61328
[300]	eval-rmse:4881.78272
[347]	eval-rmse:4881.11035
{'MSE - mean': 12276945.244835446, 'MSE - std': 11548291.273636641, 'R2 - mean': 0.963157393012227, 'R2 - std': 0.0013171589360095881}
[0]	eval-rmse:7189.49805
[100]	eval-rmse:3348.05371
[200]	eval-rmse:2643.94849
[211]	eval-rmse:2668.69605
{'MSE - mean': 10573320.57558517, 'MSE - std': 9732078.996178446, 'R2 - mean': 0.8809840351412719, 'R2 - std': 0.11621565338922542}
[0]	eval-rmse:25175.92969
[100]	eval-rmse:6587.11523
[200]	eval-rmse:4550.45508
[300]	eval-rmse:4218.50684
[400]	eval-rmse:4148.32617
[492]	eval-rmse:4116.80029
{'MSE - mean': 12167002.10554681, 'MSE - std': 8868736.30500512, 'R2 - mean': 0.9039315722339494, 'R2 - std': 0.10820964349526735}
[0]	eval-rmse:9647.74805
[100]	eval-rmse:7106.47022
[200]	eval-rmse:6838.15576
[300]	eval-rmse:6733.64209
[400]	eval-rmse:6523.57959
[500]	eval-rmse:6417.01709
[600]	eval-rmse:6376.20361
[700]	eval-rmse:6352.97461
[800]	eval-rmse:6341.86426
[808]	eval-rmse:6342.12793
{'MSE - mean': 17778175.939428907, 'MSE - std': 13742804.447940934, 'R2 - mean': 0.8005551096257889, 'R2 - std': 0.22828542143948635}
Trial 64 finished with value: 17778175.939428907 and parameters: {'max_depth': 2, 'alpha': 0.09099090489299211, 'lambda': 0.03529473145627822, 'eta': 0.018354360839336805}. Best is trial 52 with value: 17402991.3123193.
[0]	eval-rmse:6720.66357
[100]	eval-rmse:1614.08337
[200]	eval-rmse:865.86127
[239]	eval-rmse:859.80890
{'MSE - mean': 739271.3370654419, 'MSE - std': 0.0, 'R2 - mean': 0.9639569033873961, 'R2 - std': 0.0}
[0]	eval-rmse:24950.38672
[100]	eval-rmse:5349.92627
[200]	eval-rmse:4824.45020
[251]	eval-rmse:4826.47119
{'MSE - mean': 12012251.238312665, 'MSE - std': 11272979.901247222, 'R2 - mean': 0.9633310193989995, 'R2 - std': 0.0006258839883966916}
[0]	eval-rmse:7105.88184
[100]	eval-rmse:2589.91992
[130]	eval-rmse:2649.84839
{'MSE - mean': 10348732.782773087, 'MSE - std': 9500244.095449554, 'R2 - mean': 0.8830027623362472, 'R2 - std': 0.11360246000559945}
[0]	eval-rmse:24916.66016
[100]	eval-rmse:4881.89746
[200]	eval-rmse:4179.27978
[300]	eval-rmse:4091.71118
[360]	eval-rmse:4080.39526
{'MSE - mean': 11923707.768612202, 'MSE - std': 8667907.303547947, 'R2 - mean': 0.905565864374963, 'R2 - std': 0.10586037932258405}
[0]	eval-rmse:9585.50000
[100]	eval-rmse:6868.83691
[200]	eval-rmse:6634.19189
[300]	eval-rmse:6420.07227
[400]	eval-rmse:6351.50391
[450]	eval-rmse:6349.37744
{'MSE - mean': 17601865.86684854, 'MSE - std': 13750345.856471665, 'R2 - mean': 0.8015832851630729, 'R2 - std': 0.22850523636557032}
Trial 65 finished with value: 17601865.86684854 and parameters: {'max_depth': 2, 'alpha': 0.5363159907015681, 'lambda': 0.17372184735055318, 'eta': 0.03292065391330834}. Best is trial 52 with value: 17402991.3123193.
[0]	eval-rmse:6788.03125
[100]	eval-rmse:2282.54321
[200]	eval-rmse:1077.93897
[300]	eval-rmse:848.68597
[340]	eval-rmse:858.73023
{'MSE - mean': 737417.6191860146, 'MSE - std': 0.0, 'R2 - mean': 0.9640472812084624, 'R2 - std': 0.0}
[0]	eval-rmse:25110.68555
[100]	eval-rmse:6031.73535
[200]	eval-rmse:4931.85010
[277]	eval-rmse:4903.24561
{'MSE - mean': 12389617.477861125, 'MSE - std': 11652199.858675111, 'R2 - mean': 0.9627703139639423, 'R2 - std': 0.001276967244520033}
[0]	eval-rmse:7169.66553
[100]	eval-rmse:3073.97119
[178]	eval-rmse:2664.10034
{'MSE - mean': 10625555.148981536, 'MSE - std': 9835632.81295869, 'R2 - mean': 0.8816307192734469, 'R2 - std': 0.114753452017669}
[0]	eval-rmse:25077.18750
[100]	eval-rmse:5714.72998
[200]	eval-rmse:4336.22900
[300]	eval-rmse:4187.23730
[400]	eval-rmse:4132.63867
[500]	eval-rmse:4101.81055
[516]	eval-rmse:4101.34863
{'MSE - mean': 12174431.38455704, 'MSE - std': 8930386.744307542, 'R2 - mean': 0.9044675840417092, 'R2 - std': 0.10696183076130612}
[0]	eval-rmse:9632.95312
[100]	eval-rmse:7027.88916
[200]	eval-rmse:6796.33643
[300]	eval-rmse:6597.05908
[400]	eval-rmse:6437.95312
[500]	eval-rmse:6383.50684
[600]	eval-rmse:6349.03272
[657]	eval-rmse:6344.64648
{'MSE - mean': 17790536.39994485, 'MSE - std': 13782742.401197938, 'R2 - mean': 0.8008861307330021, 'R2 - std': 0.22818662640484386}
Trial 66 finished with value: 17790536.39994485 and parameters: {'max_depth': 2, 'alpha': 0.16320632719491335, 'lambda': 2.955977608692043e-05, 'eta': 0.021803935253431092}. Best is trial 52 with value: 17402991.3123193.
[0]	eval-rmse:6832.27441
[100]	eval-rmse:2994.13232
[200]	eval-rmse:1785.46643
[300]	eval-rmse:1090.66345
[400]	eval-rmse:875.21448
[484]	eval-rmse:853.96936
{'MSE - mean': 728447.2700943695, 'MSE - std': 0.0, 'R2 - mean': 0.964484629638935, 'R2 - std': 0.0}
[0]	eval-rmse:25288.85352
[100]	eval-rmse:7939.35986
[200]	eval-rmse:5386.11768
[300]	eval-rmse:4944.56934
[398]	eval-rmse:4888.23730
{'MSE - mean': 12307401.001199258, 'MSE - std': 11578953.731104888, 'R2 - mean': 0.9631134867666911, 'R2 - std': 0.00137114287224388}
[0]	eval-rmse:7211.58301
[100]	eval-rmse:3684.70190
[200]	eval-rmse:2707.07202
[261]	eval-rmse:2636.19385
{'MSE - mean': 10516953.444457212, 'MSE - std': 9787382.24679778, 'R2 - mean': 0.8839865079954784, 'R2 - std': 0.11190804660123392}
[0]	eval-rmse:25255.63477
[100]	eval-rmse:7794.24023
[200]	eval-rmse:4936.96875
[300]	eval-rmse:4343.42920
[400]	eval-rmse:4209.32861
[500]	eval-rmse:4153.84424
[600]	eval-rmse:4127.59912
[700]	eval-rmse:4096.70459
[778]	eval-rmse:4091.24854
{'MSE - mean': 12072293.604447274, 'MSE - std': 8893924.188654466, 'R2 - mean': 0.9062676569584842, 'R2 - std': 0.10431637919288089}
[0]	eval-rmse:9664.24414
[100]	eval-rmse:7237.34570
[200]	eval-rmse:6911.43213
[300]	eval-rmse:6797.98193
[400]	eval-rmse:6680.11475
[500]	eval-rmse:6527.12647
[600]	eval-rmse:6436.18750
[700]	eval-rmse:6385.65283
[800]	eval-rmse:6354.83105
[900]	eval-rmse:6339.78760
[963]	eval-rmse:6336.16553
{'MSE - mean': 17690621.077749386, 'MSE - std': 13767495.210381284, 'R2 - mean': 0.8026036140243586, 'R2 - std': 0.22735536229463166}
Trial 67 finished with value: 17690621.077749386 and parameters: {'max_depth': 2, 'alpha': 0.04304477714709239, 'lambda': 0.0001604304520850696, 'eta': 0.014515443697178405}. Best is trial 52 with value: 17402991.3123193.
[0]	eval-rmse:6725.24902
[100]	eval-rmse:1553.96118
[200]	eval-rmse:846.57629
[248]	eval-rmse:856.88452
{'MSE - mean': 734251.145726709, 'MSE - std': 0.0, 'R2 - mean': 0.9642016622903369, 'R2 - std': 0.0}
[0]	eval-rmse:24866.11914
[100]	eval-rmse:5201.72119
[191]	eval-rmse:4878.36621
{'MSE - mean': 12266353.528797092, 'MSE - std': 11532102.383070383, 'R2 - mean': 0.9630423948051929, 'R2 - std': 0.001159267485144}
[0]	eval-rmse:7110.22168
[100]	eval-rmse:2646.93188
[125]	eval-rmse:2699.12476
{'MSE - mean': 10598196.017862588, 'MSE - std': 9706960.863815863, 'R2 - mean': 0.8796445247435054, 'R2 - std': 0.11794619703797274}
[0]	eval-rmse:24832.23633
[100]	eval-rmse:4714.68555
[200]	eval-rmse:4190.85986
[300]	eval-rmse:4119.23340
{'MSE - mean': 12190215.898601532, 'MSE - std': 8847168.971526638, 'R2 - mean': 0.9029196186037876, 'R2 - std': 0.10981197124815242}
[0]	eval-rmse:9588.72266
[100]	eval-rmse:6869.05127
[200]	eval-rmse:6594.04297
[300]	eval-rmse:6405.17529
[400]	eval-rmse:6354.69824
[429]	eval-rmse:6352.59473
{'MSE - mean': 17831290.23961418, 'MSE - std': 13780594.977428235, 'R2 - mean': 0.7992191466996073, 'R2 - std': 0.2294822143786373}
