/home/mburu/.local/lib/python3.8/site-packages/sklearn/preprocessing/_encoders.py:975: FutureWarning: `sparse` was renamed to `sparse_output` in version 1.2 and will be removed in 1.4. `sparse_output` is ignored unless you leave `sparse` to its default value.
  warnings.warn(
[I 2024-12-10 01:40:35,837] A new study created in RDB with name: XGBoost_Brazillian Houses
[I 2024-12-10 01:40:40,261] Trial 0 finished with value: 18423966.445353843 and parameters: {'max_depth': 2, 'alpha': 0.0017803864893923128, 'lambda': 6.868453121125667e-05, 'eta': 0.0763770112042253}. Best is trial 0 with value: 18423966.445353843.
[I 2024-12-10 01:40:41,575] Trial 1 finished with value: 19037424.996664934 and parameters: {'max_depth': 5, 'alpha': 1.370538613137545e-07, 'lambda': 0.13695325735037514, 'eta': 0.2849237429531866}. Best is trial 0 with value: 18423966.445353843.
[I 2024-12-10 01:40:42,897] Trial 2 finished with value: 18140458.41792337 and parameters: {'max_depth': 2, 'alpha': 0.0007045825298222068, 'lambda': 0.35970927530675373, 'eta': 0.163917746422898}. Best is trial 2 with value: 18140458.41792337.
[I 2024-12-10 01:40:49,649] Trial 3 finished with value: 20841866.48789788 and parameters: {'max_depth': 8, 'alpha': 0.0008013816658623302, 'lambda': 1.7970495794203526e-08, 'eta': 0.025071417806240098}. Best is trial 2 with value: 18140458.41792337.
[I 2024-12-10 01:40:52,973] Trial 4 finished with value: 17833441.604112 and parameters: {'max_depth': 3, 'alpha': 3.392271644468769e-05, 'lambda': 0.8793771299899364, 'eta': 0.013207968069021235}. Best is trial 4 with value: 17833441.604112.
[I 2024-12-10 01:40:55,039] Trial 5 finished with value: 19168152.494912863 and parameters: {'max_depth': 4, 'alpha': 6.95367320608607e-06, 'lambda': 0.6486159258015812, 'eta': 0.024751370588550675}. Best is trial 4 with value: 17833441.604112.
[I 2024-12-10 01:40:57,490] Trial 6 finished with value: 18911751.812605448 and parameters: {'max_depth': 5, 'alpha': 0.7293582752600131, 'lambda': 1.0543035111442094e-06, 'eta': 0.01715139682480211}. Best is trial 4 with value: 17833441.604112.
[I 2024-12-10 01:40:58,589] Trial 7 finished with value: 18446214.47997489 and parameters: {'max_depth': 2, 'alpha': 4.431771480269464e-07, 'lambda': 4.670448699445632e-07, 'eta': 0.13923929694936804}. Best is trial 4 with value: 17833441.604112.
[I 2024-12-10 01:41:01,270] Trial 8 finished with value: 18026002.06173239 and parameters: {'max_depth': 3, 'alpha': 0.0003665497503368193, 'lambda': 7.553535793437549e-05, 'eta': 0.01531543709087327}. Best is trial 4 with value: 17833441.604112.
[I 2024-12-10 01:41:14,455] Trial 9 finished with value: 22074882.685471136 and parameters: {'max_depth': 10, 'alpha': 2.310131395593344e-07, 'lambda': 7.4944351599727e-05, 'eta': 0.04156952710304566}. Best is trial 4 with value: 17833441.604112.
[I 2024-12-10 01:41:17,580] Trial 10 finished with value: 18080228.752546668 and parameters: {'max_depth': 3, 'alpha': 0.17350953258247634, 'lambda': 0.0070970973231146185, 'eta': 0.010650723510246329}. Best is trial 4 with value: 17833441.604112.
[I 2024-12-10 01:41:20,989] Trial 11 finished with value: 18017731.105149426 and parameters: {'max_depth': 3, 'alpha': 1.8623867152098765e-05, 'lambda': 0.0019076227571548266, 'eta': 0.01006649132312689}. Best is trial 4 with value: 17833441.604112.
[I 2024-12-10 01:41:24,174] Trial 12 finished with value: 18039627.620848067 and parameters: {'max_depth': 3, 'alpha': 1.037176860806089e-05, 'lambda': 0.008104583804187724, 'eta': 0.01102341962296156}. Best is trial 4 with value: 17833441.604112.
[I 2024-12-10 01:41:26,087] Trial 13 finished with value: 19552100.76346677 and parameters: {'max_depth': 4, 'alpha': 2.010379451450778e-05, 'lambda': 0.004356725197986294, 'eta': 0.03836610052926002}. Best is trial 4 with value: 17833441.604112.
[I 2024-12-10 01:41:34,355] Trial 14 finished with value: 20128491.622459512 and parameters: {'max_depth': 7, 'alpha': 0.012851822547549964, 'lambda': 0.0018432243456069706, 'eta': 0.01905491382807554}. Best is trial 4 with value: 17833441.604112.
[I 2024-12-10 01:41:37,743] Trial 15 finished with value: 18059687.30490125 and parameters: {'max_depth': 3, 'alpha': 1.2019964853832644e-08, 'lambda': 0.08405741538462873, 'eta': 0.010107630544327149}. Best is trial 4 with value: 17833441.604112.
[I 2024-12-10 01:41:40,623] Trial 16 finished with value: 19020643.27960966 and parameters: {'max_depth': 6, 'alpha': 3.342629203617166e-05, 'lambda': 6.403350769403277e-06, 'eta': 0.07307575501024974}. Best is trial 4 with value: 17833441.604112.
[I 2024-12-10 01:41:42,595] Trial 17 finished with value: 19496342.399271686 and parameters: {'max_depth': 4, 'alpha': 1.6635587040032257e-06, 'lambda': 0.0009179537804071783, 'eta': 0.028956858483921454}. Best is trial 4 with value: 17833441.604112.
[I 2024-12-10 01:41:45,739] Trial 18 finished with value: 17940294.10924874 and parameters: {'max_depth': 3, 'alpha': 0.00010953564962348294, 'lambda': 0.027712588679343206, 'eta': 0.014547277921871049}. Best is trial 4 with value: 17833441.604112.
[I 2024-12-10 01:42:00,588] Trial 19 finished with value: 22375961.82473844 and parameters: {'max_depth': 11, 'alpha': 0.005711421836845307, 'lambda': 0.03620200267439603, 'eta': 0.04677460104927815}. Best is trial 4 with value: 17833441.604112.
[I 2024-12-10 01:42:03,885] Trial 20 finished with value: 17678488.991284065 and parameters: {'max_depth': 2, 'alpha': 8.955988310549029e-05, 'lambda': 0.019414948226857028, 'eta': 0.015002832470746545}. Best is trial 20 with value: 17678488.991284065.
[I 2024-12-10 01:42:07,155] Trial 21 finished with value: 18214599.42811394 and parameters: {'max_depth': 2, 'alpha': 7.54508523809088e-05, 'lambda': 0.8398108408183074, 'eta': 0.015138932589345348}. Best is trial 20 with value: 17678488.991284065.
[I 2024-12-10 01:42:09,930] Trial 22 finished with value: 17715549.740997426 and parameters: {'max_depth': 2, 'alpha': 0.00012737341071222935, 'lambda': 0.043895781737627544, 'eta': 0.018956183491068562}. Best is trial 20 with value: 17678488.991284065.
[I 2024-12-10 01:42:12,605] Trial 23 finished with value: 17666259.25938276 and parameters: {'max_depth': 2, 'alpha': 2.605398493928724e-06, 'lambda': 0.13954957005247223, 'eta': 0.020658433914155287}. Best is trial 23 with value: 17666259.25938276.
[I 2024-12-10 01:42:15,218] Trial 24 finished with value: 17744161.289107602 and parameters: {'max_depth': 2, 'alpha': 1.7461341060468174e-06, 'lambda': 0.0005056766657535412, 'eta': 0.02141049667320557}. Best is trial 23 with value: 17666259.25938276.
[I 2024-12-10 01:42:17,374] Trial 25 finished with value: 17695782.886193816 and parameters: {'max_depth': 2, 'alpha': 0.00020828253542641223, 'lambda': 0.02661337307428782, 'eta': 0.033744658582682725}. Best is trial 23 with value: 17666259.25938276.
[I 2024-12-10 01:42:19,606] Trial 26 finished with value: 17799027.144955926 and parameters: {'max_depth': 2, 'alpha': 0.019429675016196465, 'lambda': 0.01425541126990119, 'eta': 0.02941783218720038}. Best is trial 23 with value: 17666259.25938276.
[I 2024-12-10 01:42:21,588] Trial 27 finished with value: 18717790.903945476 and parameters: {'max_depth': 5, 'alpha': 3.6325149634432207e-06, 'lambda': 0.1440676233700186, 'eta': 0.058620473637703736}. Best is trial 23 with value: 17666259.25938276.
[I 2024-12-10 01:42:23,771] Trial 28 finished with value: 17922143.555449754 and parameters: {'max_depth': 2, 'alpha': 3.31965095529931e-08, 'lambda': 0.00037987331021107, 'eta': 0.02903060457232992}. Best is trial 23 with value: 17666259.25938276.
[I 2024-12-10 01:42:33,169] Trial 29 finished with value: 21646060.207531296 and parameters: {'max_depth': 9, 'alpha': 0.003391641914689723, 'lambda': 1.352750329486944e-05, 'eta': 0.03756536305311278}. Best is trial 23 with value: 17666259.25938276.
[I 2024-12-10 01:42:34,875] Trial 30 finished with value: 17644581.0491234 and parameters: {'max_depth': 2, 'alpha': 0.00015766896108251457, 'lambda': 0.21916161999356032, 'eta': 0.05575102072327393}. Best is trial 30 with value: 17644581.0491234.
[I 2024-12-10 01:42:36,466] Trial 31 finished with value: 17916171.695600674 and parameters: {'max_depth': 2, 'alpha': 0.0003084252534065384, 'lambda': 0.2155188760060231, 'eta': 0.1010179958277789}. Best is trial 30 with value: 17644581.0491234.
[I 2024-12-10 01:42:38,264] Trial 32 finished with value: 17910453.08560892 and parameters: {'max_depth': 2, 'alpha': 0.0013762363457162055, 'lambda': 0.12101093680922402, 'eta': 0.06015808665536528}. Best is trial 30 with value: 17644581.0491234.
[I 2024-12-10 01:42:39,830] Trial 33 finished with value: 18163006.388974406 and parameters: {'max_depth': 2, 'alpha': 0.00023175763747078265, 'lambda': 0.019794961636595294, 'eta': 0.08614270802034814}. Best is trial 30 with value: 17644581.0491234.
[I 2024-12-10 01:42:41,905] Trial 34 finished with value: 19166540.237430234 and parameters: {'max_depth': 4, 'alpha': 6.282508937867796e-07, 'lambda': 0.2811628906340548, 'eta': 0.033614548129610344}. Best is trial 30 with value: 17644581.0491234.
[I 2024-12-10 01:42:43,526] Trial 35 finished with value: 19228880.949004613 and parameters: {'max_depth': 6, 'alpha': 5.83547120697708e-05, 'lambda': 0.0594588617225041, 'eta': 0.2739041271644243}. Best is trial 30 with value: 17644581.0491234.
[I 2024-12-10 01:42:54,945] Trial 36 finished with value: 22314444.982218064 and parameters: {'max_depth': 12, 'alpha': 0.001130548643604806, 'lambda': 0.29720690626044094, 'eta': 0.048618427698847215}. Best is trial 30 with value: 17644581.0491234.
[I 2024-12-10 01:42:57,214] Trial 37 finished with value: 17994373.332360342 and parameters: {'max_depth': 3, 'alpha': 6.9456193484066575e-06, 'lambda': 0.0034234862534220653, 'eta': 0.02428727751187681}. Best is trial 30 with value: 17644581.0491234.
[I 2024-12-10 01:43:00,059] Trial 38 finished with value: 17517033.509033244 and parameters: {'max_depth': 2, 'alpha': 0.026696197250095616, 'lambda': 0.9439574781468173, 'eta': 0.02271255215063766}. Best is trial 38 with value: 17517033.509033244.
[I 2024-12-10 01:43:07,506] Trial 39 finished with value: 20809260.712943535 and parameters: {'max_depth': 7, 'alpha': 0.04795079720669614, 'lambda': 0.7880105730392347, 'eta': 0.013380999566188587}. Best is trial 38 with value: 17517033.509033244.
[I 2024-12-10 01:43:10,814] Trial 40 finished with value: 18085506.88232211 and parameters: {'max_depth': 5, 'alpha': 1.002214862124066e-07, 'lambda': 0.44794282625858, 'eta': 0.020248839317514634}. Best is trial 38 with value: 17517033.509033244.
[I 2024-12-10 01:43:13,270] Trial 41 finished with value: 17648620.808963023 and parameters: {'max_depth': 2, 'alpha': 0.9664768468237601, 'lambda': 0.08922600749650121, 'eta': 0.02373299571408524}. Best is trial 38 with value: 17517033.509033244.
[I 2024-12-10 01:43:16,458] Trial 42 finished with value: 17607714.920443404 and parameters: {'max_depth': 2, 'alpha': 0.47017982331829977, 'lambda': 0.11502949553074533, 'eta': 0.01693374996520386}. Best is trial 38 with value: 17517033.509033244.
[I 2024-12-10 01:43:18,955] Trial 43 finished with value: 17606885.854392476 and parameters: {'max_depth': 2, 'alpha': 0.4545265427173867, 'lambda': 0.10763571596529306, 'eta': 0.025731047432219455}. Best is trial 38 with value: 17517033.509033244.
[I 2024-12-10 01:43:21,867] Trial 44 finished with value: 17932168.217917703 and parameters: {'max_depth': 3, 'alpha': 0.837029044116679, 'lambda': 2.0057104411586328e-08, 'eta': 0.024951535100053244}. Best is trial 38 with value: 17517033.509033244.
[I 2024-12-10 01:43:24,876] Trial 45 finished with value: 17601681.74273777 and parameters: {'max_depth': 2, 'alpha': 0.20813704320480145, 'lambda': 0.3632395197108815, 'eta': 0.01732361044296226}. Best is trial 38 with value: 17517033.509033244.
[I 2024-12-10 01:43:28,795] Trial 46 finished with value: 17760951.70350247 and parameters: {'max_depth': 3, 'alpha': 0.3289133434449313, 'lambda': 0.9903722666709291, 'eta': 0.011649292776501069}. Best is trial 38 with value: 17517033.509033244.
[I 2024-12-10 01:43:31,941] Trial 47 finished with value: 17411327.546082366 and parameters: {'max_depth': 2, 'alpha': 0.10072981494499898, 'lambda': 0.3292280936615201, 'eta': 0.017202514126326472}. Best is trial 47 with value: 17411327.546082366.
[I 2024-12-10 01:43:34,505] Trial 48 finished with value: 18015033.133152664 and parameters: {'max_depth': 3, 'alpha': 0.1113734851634665, 'lambda': 0.41807615620636296, 'eta': 0.01742472130932204}. Best is trial 47 with value: 17411327.546082366.
[I 2024-12-10 01:43:54,391] Trial 49 finished with value: 21700501.96610648 and parameters: {'max_depth': 9, 'alpha': 0.29485196197499497, 'lambda': 0.009596148806338719, 'eta': 0.012532992964201706}. Best is trial 47 with value: 17411327.546082366.
[I 2024-12-10 01:43:57,200] Trial 50 finished with value: 19413455.28080321 and parameters: {'max_depth': 4, 'alpha': 0.06051893742789476, 'lambda': 0.06684037412341481, 'eta': 0.016286631557451914}. Best is trial 47 with value: 17411327.546082366.
[I 2024-12-10 01:44:00,271] Trial 51 finished with value: 17450705.733235817 and parameters: {'max_depth': 2, 'alpha': 0.3288785344677564, 'lambda': 0.24965327717531133, 'eta': 0.017658376654054415}. Best is trial 47 with value: 17411327.546082366.
[I 2024-12-10 01:44:03,365] Trial 52 finished with value: 17402991.3123193 and parameters: {'max_depth': 2, 'alpha': 0.34980397801746543, 'lambda': 0.3275405880640304, 'eta': 0.017925787553683785}. Best is trial 52 with value: 17402991.3123193.
[I 2024-12-10 01:44:07,053] Trial 53 finished with value: 18193789.165592305 and parameters: {'max_depth': 2, 'alpha': 0.1504750786961187, 'lambda': 0.9433940557730781, 'eta': 0.013272096506824075}. Best is trial 52 with value: 17402991.3123193.
[I 2024-12-10 01:44:11,245] Trial 54 finished with value: 20694259.166452087 and parameters: {'max_depth': 7, 'alpha': 0.045245636410765906, 'lambda': 0.3458187247317334, 'eta': 0.022980926385313565}. Best is trial 52 with value: 17402991.3123193.
[I 2024-12-10 01:44:16,417] Trial 55 finished with value: 19297251.070524905 and parameters: {'max_depth': 6, 'alpha': 0.014484911656331397, 'lambda': 0.4740057602902613, 'eta': 0.017830127817724854}. Best is trial 52 with value: 17402991.3123193.
[I 2024-12-10 01:44:19,299] Trial 56 finished with value: 17459542.18093778 and parameters: {'max_depth': 2, 'alpha': 0.0844152937632413, 'lambda': 0.21077581294421216, 'eta': 0.019960637727524173}. Best is trial 52 with value: 17402991.3123193.
[I 2024-12-10 01:44:28,167] Trial 57 finished with value: 21216680.915224545 and parameters: {'max_depth': 8, 'alpha': 0.08041020942948761, 'lambda': 0.23615019779014157, 'eta': 0.014314029023339824}. Best is trial 52 with value: 17402991.3123193.
[I 2024-12-10 01:44:30,928] Trial 58 finished with value: 17660749.65602672 and parameters: {'max_depth': 2, 'alpha': 0.0242820246922429, 'lambda': 0.04756855641403747, 'eta': 0.019659479990130426}. Best is trial 52 with value: 17402991.3123193.
[I 2024-12-10 01:44:33,306] Trial 59 finished with value: 17935526.96063719 and parameters: {'max_depth': 3, 'alpha': 0.20208010418513664, 'lambda': 3.0219060785551457e-07, 'eta': 0.02137869439262701}. Best is trial 52 with value: 17402991.3123193.
[I 2024-12-10 01:44:37,039] Trial 60 finished with value: 18365451.742622346 and parameters: {'max_depth': 2, 'alpha': 0.007809560979517882, 'lambda': 0.5419275771618576, 'eta': 0.012186922875428696}. Best is trial 52 with value: 17402991.3123193.
[I 2024-12-10 01:44:39,425] Trial 61 finished with value: 17618181.76660923 and parameters: {'max_depth': 2, 'alpha': 0.4364990431504312, 'lambda': 0.1673374979981716, 'eta': 0.02847596374659876}. Best is trial 52 with value: 17402991.3123193.
[I 2024-12-10 01:44:42,592] Trial 62 finished with value: 18670194.63477654 and parameters: {'max_depth': 5, 'alpha': 0.026419435951696574, 'lambda': 0.07684370972827487, 'eta': 0.016196695484836935}. Best is trial 52 with value: 17402991.3123193.
[I 2024-12-10 01:44:44,792] Trial 63 finished with value: 18409222.21921051 and parameters: {'max_depth': 2, 'alpha': 0.19535636081683982, 'lambda': 0.4498859284666035, 'eta': 0.02673667982566522}. Best is trial 52 with value: 17402991.3123193.
[I 2024-12-10 01:44:47,665] Trial 64 finished with value: 17778175.939428907 and parameters: {'max_depth': 2, 'alpha': 0.09099090489299211, 'lambda': 0.03529473145627822, 'eta': 0.018354360839336805}. Best is trial 52 with value: 17402991.3123193.
[I 2024-12-10 01:44:49,916] Trial 65 finished with value: 17601865.86684854 and parameters: {'max_depth': 2, 'alpha': 0.5363159907015681, 'lambda': 0.17372184735055318, 'eta': 0.03292065391330834}. Best is trial 52 with value: 17402991.3123193.
[I 2024-12-10 01:44:52,571] Trial 66 finished with value: 17790536.39994485 and parameters: {'max_depth': 2, 'alpha': 0.16320632719491335, 'lambda': 2.955977608692043e-05, 'eta': 0.021803935253431092}. Best is trial 52 with value: 17402991.3123193.
[I 2024-12-10 01:44:55,917] Trial 67 finished with value: 17690621.077749386 and parameters: {'max_depth': 2, 'alpha': 0.04304477714709239, 'lambda': 0.0001604304520850696, 'eta': 0.014515443697178405}. Best is trial 52 with value: 17402991.3123193.
[I 2024-12-10 01:44:58,006] Trial 68 finished with value: 17831290.23961418 and parameters: {'max_depth': 2, 'alpha': 0.6258870565186152, 'lambda': 0.011656434463197399, 'eta': 0.03216079588834224}. Best is trial 52 with value: 17402991.3123193.
[I 2024-12-10 01:45:01,656] Trial 69 finished with value: 17778536.156403948 and parameters: {'max_depth': 2, 'alpha': 0.004186636383391989, 'lambda': 0.004565489872635807, 'eta': 0.018779153116399758}. Best is trial 52 with value: 17402991.3123193.
[I 2024-12-10 01:45:15,749] Trial 70 finished with value: 22482881.815138955 and parameters: {'max_depth': 12, 'alpha': 0.29603515932309143, 'lambda': 0.23791508369859862, 'eta': 0.040840657311244796}. Best is trial 52 with value: 17402991.3123193.
[I 2024-12-10 01:45:18,091] Trial 71 finished with value: 17709639.451909192 and parameters: {'max_depth': 2, 'alpha': 0.10209087249744307, 'lambda': 0.13144497170238204, 'eta': 0.027183301037304902}. Best is trial 52 with value: 17402991.3123193.
[I 2024-12-10 01:45:20,701] Trial 72 finished with value: 18271446.3751138 and parameters: {'max_depth': 2, 'alpha': 0.5568903919082693, 'lambda': 0.6097907822326196, 'eta': 0.02210903023641705}. Best is trial 52 with value: 17402991.3123193.
[I 2024-12-10 01:45:22,762] Trial 73 finished with value: 18754981.541823227 and parameters: {'max_depth': 2, 'alpha': 0.2674700803028198, 'lambda': 0.199548033760504, 'eta': 0.030385629491332975}. Best is trial 52 with value: 17402991.3123193.
[I 2024-12-10 01:45:25,833] Trial 74 finished with value: 17659111.051063918 and parameters: {'max_depth': 2, 'alpha': 0.12918361573054027, 'lambda': 0.07386273543966747, 'eta': 0.016742142105666463}. Best is trial 52 with value: 17402991.3123193.
[I 2024-12-10 01:45:27,897] Trial 75 finished with value: 18175224.040041745 and parameters: {'max_depth': 3, 'alpha': 0.9482402802296463, 'lambda': 0.025148445317386598, 'eta': 0.02617247727399316}. Best is trial 52 with value: 17402991.3123193.
[I 2024-12-10 01:45:29,906] Trial 76 finished with value: 18320056.924387433 and parameters: {'max_depth': 2, 'alpha': 0.03222914801506309, 'lambda': 0.649705689790892, 'eta': 0.03619683960637724}. Best is trial 52 with value: 17402991.3123193.
[I 2024-12-10 01:45:32,774] Trial 77 finished with value: 17649797.666264772 and parameters: {'max_depth': 2, 'alpha': 0.008786393301317062, 'lambda': 0.29649783493497883, 'eta': 0.019948277580670477}. Best is trial 52 with value: 17402991.3123193.
[I 2024-12-10 01:45:36,002] Trial 78 finished with value: 17588273.683078058 and parameters: {'max_depth': 2, 'alpha': 0.06688183582706592, 'lambda': 0.11993957353887826, 'eta': 0.01567810136788827}. Best is trial 52 with value: 17402991.3123193.
[I 2024-12-10 01:45:39,229] Trial 79 finished with value: 17671736.088566124 and parameters: {'max_depth': 2, 'alpha': 0.016463248320634994, 'lambda': 2.761249685992053e-06, 'eta': 0.015042378465499443}. Best is trial 52 with value: 17402991.3123193.
[I 2024-12-10 01:45:48,876] Trial 80 finished with value: 21051733.652720533 and parameters: {'max_depth': 8, 'alpha': 0.07257498630308067, 'lambda': 0.9831495988313927, 'eta': 0.013506326121770735}. Best is trial 52 with value: 17402991.3123193.
[I 2024-12-10 01:46:12,875] Trial 81 finished with value: 22335419.91575613 and parameters: {'max_depth': 10, 'alpha': 0.46910050800432046, 'lambda': 0.16898051842466147, 'eta': 0.010996268788012496}. Best is trial 52 with value: 17402991.3123193.
[I 2024-12-10 01:46:16,176] Trial 82 finished with value: 17674047.006244183 and parameters: {'max_depth': 2, 'alpha': 0.2339656143355586, 'lambda': 0.10327132398717984, 'eta': 0.01590068389346426}. Best is trial 52 with value: 17402991.3123193.
[I 2024-12-10 01:46:18,690] Trial 83 finished with value: 17710494.350409932 and parameters: {'max_depth': 2, 'alpha': 0.36777655620427074, 'lambda': 0.04360191346875271, 'eta': 0.02348672378446508}. Best is trial 52 with value: 17402991.3123193.
[I 2024-12-10 01:46:21,349] Trial 84 finished with value: 18523918.573135037 and parameters: {'max_depth': 2, 'alpha': 0.002507744141933054, 'lambda': 0.33104166396546636, 'eta': 0.018431877939279088}. Best is trial 52 with value: 17402991.3123193.
[I 2024-12-10 01:46:46,560] Trial 85 finished with value: 22626252.907144547 and parameters: {'max_depth': 11, 'alpha': 0.06331619645531, 'lambda': 0.11905372748749646, 'eta': 0.020209936669127453}. Best is trial 52 with value: 17402991.3123193.
[I 2024-12-10 01:46:49,029] Trial 86 finished with value: 17692192.868734777 and parameters: {'max_depth': 2, 'alpha': 0.12050207008065446, 'lambda': 0.05753831978034155, 'eta': 0.024961041138497148}. Best is trial 52 with value: 17402991.3123193.
