Trial 59 finished with value: 4.57748261650544 and parameters: {'max_depth': 5, 'alpha': 0.08849944343280503, 'lambda': 0.046875884972889845, 'eta': 0.025544154853723272}. Best is trial 32 with value: 4.547322277017564.
[0]	train-rmse:9.62056	eval-rmse:9.73634
[100]	train-rmse:1.64396	eval-rmse:2.16411
[187]	train-rmse:1.43262	eval-rmse:2.14083
Saved Losses
{'MSE - mean': 4.582955055342915, 'MSE - std': 0.0, 'R2 - mean': 0.5820496426085637, 'R2 - std': 0.0} 
 

[0]	train-rmse:9.66560	eval-rmse:9.55103
[100]	train-rmse:1.65182	eval-rmse:2.06687
[153]	train-rmse:1.49649	eval-rmse:2.05928
Saved Losses
{'MSE - mean': 4.411799479468332, 'MSE - std': 0.17115557587458285, 'R2 - mean': 0.5650057871239371, 'R2 - std': 0.017043855484626613} 
 

[0]	train-rmse:9.64417	eval-rmse:9.63795
[100]	train-rmse:1.62282	eval-rmse:2.17376
[160]	train-rmse:1.47331	eval-rmse:2.16200
Saved Losses
{'MSE - mean': 4.499284950046901, 'MSE - std': 0.18664646409727137, 'R2 - mean': 0.5566903005147854, 'R2 - std': 0.01821967731916569} 
 

[0]	train-rmse:9.66781	eval-rmse:9.53866
[100]	train-rmse:1.62604	eval-rmse:2.08215
[148]	train-rmse:1.49218	eval-rmse:2.07117
Saved Losses
{'MSE - mean': 4.44690207461974, 'MSE - std': 0.18536335623327202, 'R2 - mean': 0.5528520704809092, 'R2 - std': 0.017122018297786527} 
 

[0]	train-rmse:9.61507	eval-rmse:9.76017
[100]	train-rmse:1.59871	eval-rmse:2.33777
[172]	train-rmse:1.40014	eval-rmse:2.31114
Saved Losses
{'MSE - mean': 4.627476275286012, 'MSE - std': 0.39738624391428284, 'R2 - mean': 0.5537967467740815, 'R2 - std': 0.015430504258361623} 
 

Results After CV: {'MSE - mean': 4.627476275286012, 'MSE - std': 0.39738624391428284, 'R2 - mean': 0.5537967467740815, 'R2 - std': 0.015430504258361623}
Train time: 0.7415790694000066
Inference time: 0.012477255199996762
Finished cross validation
Trial 60 finished with value: 4.627476275286012 and parameters: {'max_depth': 6, 'alpha': 0.0018157281881569808, 'lambda': 0.002847340163432416, 'eta': 0.034235216216268224}. Best is trial 32 with value: 4.547322277017564.
[0]	train-rmse:9.57068	eval-rmse:9.68633
[100]	train-rmse:1.93005	eval-rmse:2.16948
[200]	train-rmse:1.77808	eval-rmse:2.14800
[219]	train-rmse:1.75919	eval-rmse:2.15049
Saved Losses
{'MSE - mean': 4.624624704640822, 'MSE - std': 0.0, 'R2 - mean': 0.5782495082834122, 'R2 - std': 0.0} 
 

[0]	train-rmse:9.61564	eval-rmse:9.49843
[100]	train-rmse:1.95239	eval-rmse:2.02437
[149]	train-rmse:1.86805	eval-rmse:2.01868
Saved Losses
{'MSE - mean': 4.349852221036905, 'MSE - std': 0.27477248360391693, 'R2 - mean': 0.5719300055607293, 'R2 - std': 0.00631950272268289} 
 

[0]	train-rmse:9.59405	eval-rmse:9.58885
[100]	train-rmse:1.92340	eval-rmse:2.16164
[200]	train-rmse:1.78210	eval-rmse:2.13212
[208]	train-rmse:1.77230	eval-rmse:2.13143
Saved Losses
{'MSE - mean': 4.414233685097262, 'MSE - std': 0.24212233339027894, 'R2 - mean': 0.5656116932931328, 'R2 - std': 0.01031824676304321} 
 

[0]	train-rmse:9.61805	eval-rmse:9.48575
[100]	train-rmse:1.94406	eval-rmse:2.08515
[147]	train-rmse:1.85409	eval-rmse:2.08072
Saved Losses
{'MSE - mean': 4.393024448531258, 'MSE - std': 0.21287769585351862, 'R2 - mean': 0.5584834448710447, 'R2 - std': 0.01524091332231399} 
 

[0]	train-rmse:9.56550	eval-rmse:9.71197
[100]	train-rmse:1.90268	eval-rmse:2.32470
[168]	train-rmse:1.78912	eval-rmse:2.30457
Saved Losses
{'MSE - mean': 4.5772500229789825, 'MSE - std': 0.41474061753811814, 'R2 - mean': 0.5588910113654403, 'R2 - std': 0.013656236410814142} 
 

Results After CV: {'MSE - mean': 4.5772500229789825, 'MSE - std': 0.41474061753811814, 'R2 - mean': 0.5588910113654403, 'R2 - std': 0.013656236410814142}
Train time: 0.49432534459999716
Inference time: 0.010347883799988722
Finished cross validation
Trial 61 finished with value: 4.5772500229789825 and parameters: {'max_depth': 4, 'alpha': 0.0045729849067528494, 'lambda': 0.0012135578135749302, 'eta': 0.039895577345445445}. Best is trial 32 with value: 4.547322277017564.
[0]	train-rmse:9.46143	eval-rmse:9.57519
[100]	train-rmse:2.01459	eval-rmse:2.19240
[200]	train-rmse:1.89599	eval-rmse:2.14528
[300]	train-rmse:1.80754	eval-rmse:2.11668
[371]	train-rmse:1.75412	eval-rmse:2.11415
Saved Losses
{'MSE - mean': 4.469628945728749, 'MSE - std': 0.0, 'R2 - mean': 0.5923846093370293, 'R2 - std': 0.0} 
 

[0]	train-rmse:9.50651	eval-rmse:9.38747
[100]	train-rmse:2.04989	eval-rmse:2.02220
[149]	train-rmse:1.98162	eval-rmse:2.02044
Saved Losses
{'MSE - mean': 4.27590338411963, 'MSE - std': 0.19372556160911936, 'R2 - mean': 0.5786192403481776, 'R2 - std': 0.013765368988851723} 
 

[0]	train-rmse:9.48516	eval-rmse:9.47771
[100]	train-rmse:2.01539	eval-rmse:2.18722
[200]	train-rmse:1.89618	eval-rmse:2.14810
[257]	train-rmse:1.84542	eval-rmse:2.14855
Saved Losses
{'MSE - mean': 4.389347189380202, 'MSE - std': 0.22529696562058452, 'R2 - mean': 0.5676690025238426, 'R2 - std': 0.01913475909834831} 
 

[0]	train-rmse:9.50847	eval-rmse:9.37588
[100]	train-rmse:2.03909	eval-rmse:2.09138
[199]	train-rmse:1.90215	eval-rmse:2.08432
Saved Losses
{'MSE - mean': 4.377402736077781, 'MSE - std': 0.19620665618796748, 'R2 - mean': 0.5597010506508999, 'R2 - std': 0.021565459083044285} 
 

[0]	train-rmse:9.45590	eval-rmse:9.60483
[100]	train-rmse:1.98703	eval-rmse:2.34896
[199]	train-rmse:1.86310	eval-rmse:2.32310
Saved Losses
{'MSE - mean': 4.582653860881959, 'MSE - std': 0.4464411926329067, 'R2 - mean': 0.5583846717387602, 'R2 - std': 0.019467579051625057} 
 

Results After CV: {'MSE - mean': 4.582653860881959, 'MSE - std': 0.4464411926329067, 'R2 - mean': 0.5583846717387602, 'R2 - std': 0.019467579051625057}
Train time: 0.4190550816000155
Inference time: 0.007087536399990313
Finished cross validation
Trial 62 finished with value: 4.582653860881959 and parameters: {'max_depth': 3, 'alpha': 0.0002767637171870154, 'lambda': 0.0006780900590596343, 'eta': 0.05189317904541132}. Best is trial 32 with value: 4.547322277017564.
[0]	train-rmse:9.65359	eval-rmse:9.76924
[100]	train-rmse:2.01883	eval-rmse:2.21825
[200]	train-rmse:1.83149	eval-rmse:2.14253
[260]	train-rmse:1.77630	eval-rmse:2.14260
Saved Losses
{'MSE - mean': 4.58821913897439, 'MSE - std': 0.0, 'R2 - mean': 0.5815695755757117, 'R2 - std': 0.0} 
 

[0]	train-rmse:9.69890	eval-rmse:9.58177
[100]	train-rmse:2.04679	eval-rmse:2.06307
[200]	train-rmse:1.86374	eval-rmse:2.00854
Saved Losses
{'MSE - mean': 4.311464495098292, 'MSE - std': 0.2767546438760973, 'R2 - mean': 0.5757416847821184, 'R2 - std': 0.005827890793593193} 
 

[0]	train-rmse:9.67731	eval-rmse:9.67142
[100]	train-rmse:2.01538	eval-rmse:2.21559
[200]	train-rmse:1.83937	eval-rmse:2.15304
[287]	train-rmse:1.75646	eval-rmse:2.14222
Saved Losses
{'MSE - mean': 4.4040146789319286, 'MSE - std': 0.26113820413707534, 'R2 - mean': 0.5666401482439811, 'R2 - std': 0.013722930036188602} 
 

[0]	train-rmse:9.70142	eval-rmse:9.56928
[100]	train-rmse:2.04273	eval-rmse:2.11514
[157]	train-rmse:1.89568	eval-rmse:2.07996
Saved Losses
{'MSE - mean': 4.383657246102212, 'MSE - std': 0.2288845701640938, 'R2 - mean': 0.5594368661292808, 'R2 - std': 0.01723081327899184} 
 

[0]	train-rmse:9.64852	eval-rmse:9.79334
[100]	train-rmse:1.98872	eval-rmse:2.37345
[200]	train-rmse:1.80079	eval-rmse:2.30298
[255]	train-rmse:1.74875	eval-rmse:2.29832
Saved Losses
{'MSE - mean': 4.563411544914576, 'MSE - std': 0.413711190244427, 'R2 - mean': 0.560178454396291, 'R2 - std': 0.015482911665299068} 
 

Results After CV: {'MSE - mean': 4.563411544914576, 'MSE - std': 0.413711190244427, 'R2 - mean': 0.560178454396291, 'R2 - std': 0.015482911665299068}
Train time: 0.5543098494000105
Inference time: 0.01782038479999528
Finished cross validation
Trial 63 finished with value: 4.563411544914576 and parameters: {'max_depth': 4, 'alpha': 0.0010644260879939325, 'lambda': 0.006069198863164331, 'eta': 0.03107632327713509}. Best is trial 32 with value: 4.547322277017564.
[0]	train-rmse:9.60272	eval-rmse:9.71837
[100]	train-rmse:1.95796	eval-rmse:2.18165
[200]	train-rmse:1.79805	eval-rmse:2.12575
[272]	train-rmse:1.72226	eval-rmse:2.12318
Saved Losses
{'MSE - mean': 4.5079129506851165, 'MSE - std': 0.0, 'R2 - mean': 0.5888932345884955, 'R2 - std': 0.0} 
 

[0]	train-rmse:9.64782	eval-rmse:9.53064
[100]	train-rmse:1.98712	eval-rmse:2.03093
[157]	train-rmse:1.88322	eval-rmse:2.01237
Saved Losses
{'MSE - mean': 4.277834000215403, 'MSE - std': 0.23007895046971383, 'R2 - mean': 0.5787082276202589, 'R2 - std': 0.01018500696823671} 
 

[0]	train-rmse:9.62623	eval-rmse:9.62076
[100]	train-rmse:1.95458	eval-rmse:2.17940
[200]	train-rmse:1.80002	eval-rmse:2.13701
[226]	train-rmse:1.77360	eval-rmse:2.13537
Saved Losses
{'MSE - mean': 4.3722207590064, 'MSE - std': 0.23045303810025294, 'R2 - mean': 0.5695401924790156, 'R2 - std': 0.015403310726296176} 
 

[0]	train-rmse:9.65027	eval-rmse:9.51803
[100]	train-rmse:1.97591	eval-rmse:2.09283
[182]	train-rmse:1.82320	eval-rmse:2.07997
Saved Losses
{'MSE - mean': 4.3607286301485395, 'MSE - std': 0.20056834035880267, 'R2 - mean': 0.5615138720183788, 'R2 - std': 0.0192668613533349} 
 

[0]	train-rmse:9.59758	eval-rmse:9.74341
[100]	train-rmse:1.92975	eval-rmse:2.33916
[200]	train-rmse:1.76292	eval-rmse:2.30312
[260]	train-rmse:1.70257	eval-rmse:2.30354
Saved Losses
{'MSE - mean': 4.549840008142157, 'MSE - std': 0.41861029666027905, 'R2 - mean': 0.5614454694704113, 'R2 - std': 0.01723334769454785} 
 

Results After CV: {'MSE - mean': 4.549840008142157, 'MSE - std': 0.41861029666027905, 'R2 - mean': 0.5614454694704113, 'R2 - std': 0.01723334769454785}
Train time: 0.48115949919999823
Inference time: 0.013822199799994906
Finished cross validation
Trial 64 finished with value: 4.549840008142157 and parameters: {'max_depth': 4, 'alpha': 0.0005919952346026744, 'lambda': 0.02438620582697218, 'eta': 0.036490438625765224}. Best is trial 32 with value: 4.547322277017564.
[0]	train-rmse:9.67888	eval-rmse:9.79526
[100]	train-rmse:1.93376	eval-rmse:2.23839
[200]	train-rmse:1.68105	eval-rmse:2.12402
[240]	train-rmse:1.63517	eval-rmse:2.12081
Saved Losses
{'MSE - mean': 4.494605808272954, 'MSE - std': 0.0, 'R2 - mean': 0.5901068020051208, 'R2 - std': 0.0} 
 

[0]	train-rmse:9.72436	eval-rmse:9.60825
[100]	train-rmse:1.96482	eval-rmse:2.10407
[200]	train-rmse:1.71385	eval-rmse:2.03865
[220]	train-rmse:1.68933	eval-rmse:2.04101
Saved Losses
{'MSE - mean': 4.329418652758834, 'MSE - std': 0.16518715551412022, 'R2 - mean': 0.5731070167959069, 'R2 - std': 0.016999785209213858} 
 

[0]	train-rmse:9.70267	eval-rmse:9.69644
[100]	train-rmse:1.92652	eval-rmse:2.22475
[200]	train-rmse:1.69193	eval-rmse:2.13738
[208]	train-rmse:1.68145	eval-rmse:2.13792
Saved Losses
{'MSE - mean': 4.4094871276551695, 'MSE - std': 0.17610541987404696, 'R2 - mean': 0.5655229982195826, 'R2 - std': 0.017541279133470703} 
 

[0]	train-rmse:9.72678	eval-rmse:9.59582
[100]	train-rmse:1.94916	eval-rmse:2.12594
[194]	train-rmse:1.70222	eval-rmse:2.06175
Saved Losses
{'MSE - mean': 4.3698146875130846, 'MSE - std': 0.16727685644536378, 'R2 - mean': 0.560517894762707, 'R2 - std': 0.017490727173872313} 
 

[0]	train-rmse:9.67373	eval-rmse:9.81831
[100]	train-rmse:1.90146	eval-rmse:2.40165
[200]	train-rmse:1.65953	eval-rmse:2.31542
[289]	train-rmse:1.55339	eval-rmse:2.31784
Saved Losses
{'MSE - mean': 4.570681154805301, 'MSE - std': 0.4286893841601561, 'R2 - mean': 0.5595262626681436, 'R2 - std': 0.015769393345989584} 
 

Results After CV: {'MSE - mean': 4.570681154805301, 'MSE - std': 0.4286893841601561, 'R2 - mean': 0.5595262626681436, 'R2 - std': 0.015769393345989584}
Train time: 0.642134729999998
Inference time: 0.016965513000002375
Finished cross validation
Trial 65 finished with value: 4.570681154805301 and parameters: {'max_depth': 5, 'alpha': 0.00012164292096447215, 'lambda': 0.1317404831052017, 'eta': 0.0282795920924829}. Best is trial 32 with value: 4.547322277017564.
[0]	train-rmse:9.74442	eval-rmse:9.85979
[100]	train-rmse:2.33685	eval-rmse:2.49790
[200]	train-rmse:1.92445	eval-rmse:2.16624
[300]	train-rmse:1.84279	eval-rmse:2.14144
[400]	train-rmse:1.79116	eval-rmse:2.13516
[499]	train-rmse:1.74463	eval-rmse:2.13027
Saved Losses
{'MSE - mean': 4.538029527774138, 'MSE - std': 0.0, 'R2 - mean': 0.58614670227348, 'R2 - std': 0.0} 
 

[0]	train-rmse:9.79020	eval-rmse:9.67326
[100]	train-rmse:2.36754	eval-rmse:2.29600
[200]	train-rmse:1.95793	eval-rmse:2.01145
[273]	train-rmse:1.89739	eval-rmse:2.00293
Saved Losses
{'MSE - mean': 4.275012212067215, 'MSE - std': 0.2630173157069233, 'R2 - mean': 0.5792409161984126, 'R2 - std': 0.006905786075067422} 
 

[0]	train-rmse:9.76866	eval-rmse:9.76187
[100]	train-rmse:2.33439	eval-rmse:2.45679
[200]	train-rmse:1.93442	eval-rmse:2.16676
[300]	train-rmse:1.86194	eval-rmse:2.14518
[349]	train-rmse:1.82852	eval-rmse:2.14435
Saved Losses
{'MSE - mean': 4.382753539519068, 'MSE - std': 0.2633156398506518, 'R2 - mean': 0.5686737995118732, 'R2 - std': 0.015972512774876883} 
 

[0]	train-rmse:9.79289	eval-rmse:9.66067
[100]	train-rmse:2.35811	eval-rmse:2.35307
[200]	train-rmse:1.94691	eval-rmse:2.08066
[269]	train-rmse:1.88051	eval-rmse:2.07588
Saved Losses
{'MSE - mean': 4.364383755239629, 'MSE - std': 0.2302470229251356, 'R2 - mean': 0.5613178971454909, 'R2 - std': 0.018806083380889224} 
 

[0]	train-rmse:9.73940	eval-rmse:9.88139
[100]	train-rmse:2.30709	eval-rmse:2.63954
[200]	train-rmse:1.90841	eval-rmse:2.32648
[300]	train-rmse:1.82317	eval-rmse:2.30672
[400]	train-rmse:1.76563	eval-rmse:2.29929
[428]	train-rmse:1.75054	eval-rmse:2.29830
Saved Losses
{'MSE - mean': 4.548049039884527, 'MSE - std': 0.42112076698671125, 'R2 - mean': 0.5616786242375096, 'R2 - std': 0.016836137141364445} 
 

Results After CV: {'MSE - mean': 4.548049039884527, 'MSE - std': 0.42112076698671125, 'R2 - mean': 0.5616786242375096, 'R2 - std': 0.016836137141364445}
Train time: 0.6479883287999997
Inference time: 0.016716270199981408
Finished cross validation
Trial 66 finished with value: 4.548049039884527 and parameters: {'max_depth': 4, 'alpha': 0.0004427188301566027, 'lambda': 0.994437407264682, 'eta': 0.021509982039778372}. Best is trial 32 with value: 4.547322277017564.
[0]	train-rmse:9.61571	eval-rmse:9.72980
[100]	train-rmse:0.95701	eval-rmse:2.26900
[164]	train-rmse:0.61441	eval-rmse:2.22953
Saved Losses
{'MSE - mean': 4.970804059949028, 'MSE - std': 0.0, 'R2 - mean': 0.546679094974662, 'R2 - std': 0.0} 
 

[0]	train-rmse:9.66103	eval-rmse:9.54676
[100]	train-rmse:0.87329	eval-rmse:2.17103
[143]	train-rmse:0.62046	eval-rmse:2.16046
Saved Losses
{'MSE - mean': 4.818828296845831, 'MSE - std': 0.15197576310319727, 'R2 - mean': 0.524604325592205, 'R2 - std': 0.022074769382457005} 
 

[0]	train-rmse:9.63972	eval-rmse:9.63267
[100]	train-rmse:0.97331	eval-rmse:2.21564
[143]	train-rmse:0.71178	eval-rmse:2.20771
Saved Losses
{'MSE - mean': 4.837216566565753, 'MSE - std': 0.1267833268761496, 'R2 - mean': 0.5232046991681073, 'R2 - std': 0.018132334022766417} 
 

[0]	train-rmse:9.66360	eval-rmse:9.53211
[100]	train-rmse:0.89017	eval-rmse:2.12948
[169]	train-rmse:0.53832	eval-rmse:2.11006
Saved Losses
{'MSE - mean': 4.7409973520068585, 'MSE - std': 0.19957434888113773, 'R2 - mean': 0.523391918076473, 'R2 - std': 0.015706409697758054} 
 

[0]	train-rmse:9.61058	eval-rmse:9.75319
[100]	train-rmse:0.93915	eval-rmse:2.41527
[161]	train-rmse:0.64900	eval-rmse:2.39101
Saved Losses
{'MSE - mean': 4.93618441694319, 'MSE - std': 0.42925039063337406, 'R2 - mean': 0.5241558282227914, 'R2 - std': 0.014131074952800134} 
 

Results After CV: {'MSE - mean': 4.93618441694319, 'MSE - std': 0.42925039063337406, 'R2 - mean': 0.5241558282227914, 'R2 - std': 0.014131074952800134}
Train time: 2.778571115800003
Inference time: 0.031625087599991275
Finished cross validation
Trial 67 finished with value: 4.93618441694319 and parameters: {'max_depth': 11, 'alpha': 0.0005066007052531724, 'lambda': 0.9277069734525782, 'eta': 0.03513549653644056}. Best is trial 32 with value: 4.547322277017564.
[0]	train-rmse:9.53532	eval-rmse:9.64989
[100]	train-rmse:1.91206	eval-rmse:2.15696
[200]	train-rmse:1.77173	eval-rmse:2.12274
[223]	train-rmse:1.74339	eval-rmse:2.12413
Saved Losses
{'MSE - mean': 4.510296370553372, 'MSE - std': 0.0, 'R2 - mean': 0.5886758745721477, 'R2 - std': 0.0} 
 

[0]	train-rmse:9.58013	eval-rmse:9.46283
[100]	train-rmse:1.93787	eval-rmse:2.01580
[141]	train-rmse:1.86621	eval-rmse:2.01336
Saved Losses
{'MSE - mean': 4.281962673840718, 'MSE - std': 0.22833369671265435, 'R2 - mean': 0.5782864773746418, 'R2 - std': 0.010389397197505867} 
 

[0]	train-rmse:9.55869	eval-rmse:9.55261
[100]	train-rmse:1.92258	eval-rmse:2.17041
[200]	train-rmse:1.78071	eval-rmse:2.14600
[205]	train-rmse:1.77203	eval-rmse:2.14650
Saved Losses
{'MSE - mean': 4.390456852924945, 'MSE - std': 0.2414528770311745, 'R2 - mean': 0.5677354552264726, 'R2 - std': 0.01716414439543495} 
 

[0]	train-rmse:9.58254	eval-rmse:9.45010
[100]	train-rmse:1.93267	eval-rmse:2.08173
[134]	train-rmse:1.87343	eval-rmse:2.08061
Saved Losses
{'MSE - mean': 4.3750775624013105, 'MSE - std': 0.21079418066209676, 'R2 - mean': 0.5600884832722568, 'R2 - std': 0.019909405561849298} 
 

[0]	train-rmse:9.53005	eval-rmse:9.67604
[100]	train-rmse:1.88928	eval-rmse:2.31419
[192]	train-rmse:1.74975	eval-rmse:2.29286
Saved Losses
{'MSE - mean': 4.551500979558571, 'MSE - std': 0.40006029266422233, 'R2 - mean': 0.561117118401917, 'R2 - std': 0.017925956174799734} 
 

Results After CV: {'MSE - mean': 4.551500979558571, 'MSE - std': 0.40006029266422233, 'R2 - mean': 0.561117118401917, 'R2 - std': 0.017925956174799734}
Train time: 0.4544236675999855
Inference time: 0.009444592199974977
Finished cross validation
Trial 68 finished with value: 4.551500979558571 and parameters: {'max_depth': 4, 'alpha': 0.0005834199120194486, 'lambda': 0.3837762465420979, 'eta': 0.04374211076741416}. Best is trial 32 with value: 4.547322277017564.
[0]	train-rmse:9.14969	eval-rmse:9.26390
[100]	train-rmse:1.10547	eval-rmse:2.14558
[114]	train-rmse:1.03690	eval-rmse:2.15089
Saved Losses
{'MSE - mean': 4.625852535587905, 'MSE - std': 0.0, 'R2 - mean': 0.5781375341582129, 'R2 - std': 0.0} 
 

[0]	train-rmse:9.19314	eval-rmse:9.08769
[69]	train-rmse:1.24035	eval-rmse:2.06326
Saved Losses
{'MSE - mean': 4.442211258815874, 'MSE - std': 0.18364127677203124, 'R2 - mean': 0.5620943037162979, 'R2 - std': 0.016043230441915024} 
 

[0]	train-rmse:9.17224	eval-rmse:9.17290
[71]	train-rmse:1.22933	eval-rmse:2.15972
Saved Losses
{'MSE - mean': 4.516251543947875, 'MSE - std': 0.1828843168084603, 'R2 - mean': 0.5550748071398437, 'R2 - std': 0.016435839692025535} 
 

[0]	train-rmse:9.19490	eval-rmse:9.06592
[76]	train-rmse:1.25073	eval-rmse:2.07106
Saved Losses
{'MSE - mean': 4.459365398256114, 'MSE - std': 0.18652910152538066, 'R2 - mean': 0.5516684231844304, 'R2 - std': 0.015408211276509794} 
 

[0]	train-rmse:9.14388	eval-rmse:9.29378
[77]	train-rmse:1.18554	eval-rmse:2.32017
Saved Losses
{'MSE - mean': 4.644133741794405, 'MSE - std': 0.4054526454078549, 'R2 - mean': 0.5522968320551748, 'R2 - std': 0.013838712751862858} 
 

Results After CV: {'MSE - mean': 4.644133741794405, 'MSE - std': 0.4054526454078549, 'R2 - mean': 0.5522968320551748, 'R2 - std': 0.013838712751862858}
Train time: 0.5475509622000232
Inference time: 0.01301857219999647
Finished cross validation
Trial 69 finished with value: 4.644133741794405 and parameters: {'max_depth': 7, 'alpha': 0.00010254135949461686, 'lambda': 0.3693035169697913, 'eta': 0.08426309882140645}. Best is trial 32 with value: 4.547322277017564.
[0]	train-rmse:9.39180	eval-rmse:9.51419
[100]	train-rmse:0.96019	eval-rmse:2.20719
[103]	train-rmse:0.94649	eval-rmse:2.20696
Saved Losses
{'MSE - mean': 4.872191988280099, 'MSE - std': 0.0, 'R2 - mean': 0.5556721900627515, 'R2 - std': 0.0} 
 

[0]	train-rmse:9.43578	eval-rmse:9.32678
[84]	train-rmse:1.02442	eval-rmse:2.14543
Saved Losses
{'MSE - mean': 4.74072081598829, 'MSE - std': 0.1314711722918087, 'R2 - mean': 0.5321710082077644, 'R2 - std': 0.023501181854987063} 
 

[0]	train-rmse:9.41546	eval-rmse:9.41246
[95]	train-rmse:0.97665	eval-rmse:2.19569
Saved Losses
{'MSE - mean': 4.76758762642056, 'MSE - std': 0.11387169871451222, 'R2 - mean': 0.5299767682723007, 'R2 - std': 0.019437928820810187} 
 

[0]	train-rmse:9.43870	eval-rmse:9.31343
[85]	train-rmse:1.01406	eval-rmse:2.09007
Saved Losses
{'MSE - mean': 4.667785203094865, 'MSE - std': 0.1990141802262842, 'R2 - mean': 0.5307152788276541, 'R2 - std': 0.016882268839029543} 
 

[0]	train-rmse:9.38683	eval-rmse:9.53566
[92]	train-rmse:0.96915	eval-rmse:2.34409
Saved Losses
{'MSE - mean': 4.833293262659195, 'MSE - std': 0.375841703736975, 'R2 - mean': 0.533679885547145, 'R2 - std': 0.016222341783097078} 
 

Results After CV: {'MSE - mean': 4.833293262659195, 'MSE - std': 0.375841703736975, 'R2 - mean': 0.533679885547145, 'R2 - std': 0.016222341783097078}
Train time: 0.827270340400014
Inference time: 0.010529316600002402
Finished cross validation
