Trial 68 finished with value: 4.596136112959696 and parameters: {'max_depth': 3, 'alpha': 1.1506747407930472e-07, 'lambda': 0.09110163099901662, 'eta': 0.016608271927194967}. Best is trial 44 with value: 4.51743824446182.
[0]	eval-rmse:9.88156
[100]	eval-rmse:2.61954
[200]	eval-rmse:2.16614
[300]	eval-rmse:2.13499
[400]	eval-rmse:2.12635
[409]	eval-rmse:2.12682
{'MSE - mean': 4.521507586463549, 'MSE - std': 0.0, 'R2 - mean': 0.5876534487268432, 'R2 - std': 0.0}
[0]	eval-rmse:9.69416
[100]	eval-rmse:2.45197
[200]	eval-rmse:2.05288
[268]	eval-rmse:2.04609
{'MSE - mean': 4.353997604534552, 'MSE - std': 0.16750998192899713, 'R2 - mean': 0.5706941269134466, 'R2 - std': 0.016959321813396655}
[0]	eval-rmse:9.78176
[100]	eval-rmse:2.57842
[200]	eval-rmse:2.15744
[300]	eval-rmse:2.14011
[326]	eval-rmse:2.13978
{'MSE - mean': 4.429689897868182, 'MSE - std': 0.17368086414679396, 'R2 - mean': 0.5635388365988497, 'R2 - std': 0.017150571124189773}
[0]	eval-rmse:9.68271
[100]	eval-rmse:2.47352
[200]	eval-rmse:2.07102
[253]	eval-rmse:2.06448
{'MSE - mean': 4.388500758515868, 'MSE - std': 0.16647347395256618, 'R2 - mean': 0.5586519171822276, 'R2 - std': 0.017095394454884456}
[0]	eval-rmse:9.90279
[100]	eval-rmse:2.74978
[200]	eval-rmse:2.33070
[300]	eval-rmse:2.31456
[308]	eval-rmse:2.31602
{'MSE - mean': 4.58358529231891, 'MSE - std': 0.41761541559246684, 'R2 - mean': 0.558202578244722, 'R2 - std': 0.015316971997673377}
Trial 69 finished with value: 4.58358529231891 and parameters: {'max_depth': 5, 'alpha': 0.015273938868419944, 'lambda': 0.008575645559245292, 'eta': 0.019141045085951342}. Best is trial 44 with value: 4.51743824446182.
[0]	eval-rmse:9.93638
[100]	eval-rmse:3.47385
[200]	eval-rmse:2.35908
[300]	eval-rmse:2.22046
[400]	eval-rmse:2.19111
[500]	eval-rmse:2.17023
[600]	eval-rmse:2.15561
[700]	eval-rmse:2.14638
[800]	eval-rmse:2.14061
[900]	eval-rmse:2.13364
[999]	eval-rmse:2.13002
{'MSE - mean': 4.537008199996865, 'MSE - std': 0.0, 'R2 - mean': 0.5862398439919498, 'R2 - std': 0.0}
[0]	eval-rmse:9.74998
[100]	eval-rmse:3.26384
[200]	eval-rmse:2.16393
[300]	eval-rmse:2.04684
[400]	eval-rmse:2.02528
[451]	eval-rmse:2.02295
{'MSE - mean': 4.314427736821032, 'MSE - std': 0.22258046317583347, 'R2 - mean': 0.5750314925433134, 'R2 - std': 0.011208351448636411}
[0]	eval-rmse:9.83787
[100]	eval-rmse:3.40740
[200]	eval-rmse:2.33283
[300]	eval-rmse:2.20855
[400]	eval-rmse:2.18425
[500]	eval-rmse:2.17358
[600]	eval-rmse:2.16580
[700]	eval-rmse:2.15896
[800]	eval-rmse:2.15367
[858]	eval-rmse:2.15340
{'MSE - mean': 4.421931807191089, 'MSE - std': 0.23694364734532555, 'R2 - mean': 0.5645980508157574, 'R2 - std': 0.017362742890896638}
[0]	eval-rmse:9.73821
[100]	eval-rmse:3.27135
[200]	eval-rmse:2.20833
[300]	eval-rmse:2.10068
[400]	eval-rmse:2.08359
[461]	eval-rmse:2.08261
{'MSE - mean': 4.400405022593094, 'MSE - std': 0.20855916757209442, 'R2 - mean': 0.5575513936280307, 'R2 - std': 0.01936658883452517}
[0]	eval-rmse:9.95792
[100]	eval-rmse:3.60546
[200]	eval-rmse:2.53227
[300]	eval-rmse:2.37732
[400]	eval-rmse:2.34664
[500]	eval-rmse:2.33524
[600]	eval-rmse:2.32900
[632]	eval-rmse:2.32876
{'MSE - mean': 4.604639903559727, 'MSE - std': 0.4490490925461396, 'R2 - mean': 0.5563685327961047, 'R2 - std': 0.01748280439343938}
Trial 70 finished with value: 4.604639903559727 and parameters: {'max_depth': 3, 'alpha': 0.05334404741156177, 'lambda': 0.18489647562122502, 'eta': 0.013355784194133233}. Best is trial 44 with value: 4.51743824446182.
[0]	eval-rmse:9.95042
[100]	eval-rmse:3.76856
[200]	eval-rmse:2.40109
[300]	eval-rmse:2.19151
[400]	eval-rmse:2.15748
[500]	eval-rmse:2.14136
[600]	eval-rmse:2.13075
[700]	eval-rmse:2.12620
[758]	eval-rmse:2.12455
{'MSE - mean': 4.513701664739256, 'MSE - std': 0.0, 'R2 - mean': 0.5883653229946553, 'R2 - std': 0.0}
[0]	eval-rmse:9.76398
[100]	eval-rmse:3.56713
[200]	eval-rmse:2.20744
[300]	eval-rmse:2.03866
[400]	eval-rmse:2.00830
[418]	eval-rmse:2.00872
{'MSE - mean': 4.274367006103224, 'MSE - std': 0.23933465863603098, 'R2 - mean': 0.579122369995815, 'R2 - std': 0.00924295299884026}
[0]	eval-rmse:9.85208
[100]	eval-rmse:3.69435
[200]	eval-rmse:2.37025
[300]	eval-rmse:2.18074
[400]	eval-rmse:2.15302
[500]	eval-rmse:2.14454
[600]	eval-rmse:2.13970
[611]	eval-rmse:2.13978
{'MSE - mean': 4.375803269595238, 'MSE - std': 0.2424170311372384, 'R2 - mean': 0.5692363412407498, 'R2 - std': 0.01588779140885014}
[0]	eval-rmse:9.75202
[100]	eval-rmse:3.57675
[200]	eval-rmse:2.26866
[300]	eval-rmse:2.09795
[400]	eval-rmse:2.07915
[442]	eval-rmse:2.07903
{'MSE - mean': 4.362309983481847, 'MSE - std': 0.21123616889505012, 'R2 - mean': 0.561404187377456, 'R2 - std': 0.019322120466017}
[0]	eval-rmse:9.97078
[100]	eval-rmse:3.87829
[200]	eval-rmse:2.55034
[300]	eval-rmse:2.34870
[400]	eval-rmse:2.31444
[500]	eval-rmse:2.29884
[600]	eval-rmse:2.28880
[660]	eval-rmse:2.28829
{'MSE - mean': 4.537102249380202, 'MSE - std': 0.39737377884189945, 'R2 - mean': 0.5625157523320994, 'R2 - std': 0.017424631360123063}
Trial 71 finished with value: 4.537102249380202 and parameters: {'max_depth': 4, 'alpha': 0.1470031996504129, 'lambda': 0.5791656320083801, 'eta': 0.011827866861226555}. Best is trial 44 with value: 4.51743824446182.
[0]	eval-rmse:9.95513
[100]	eval-rmse:3.89271
[200]	eval-rmse:2.44522
[300]	eval-rmse:2.20525
[400]	eval-rmse:2.16513
[500]	eval-rmse:2.14764
[600]	eval-rmse:2.13478
[700]	eval-rmse:2.12781
[800]	eval-rmse:2.12343
[833]	eval-rmse:2.12376
{'MSE - mean': 4.510831947632928, 'MSE - std': 0.0, 'R2 - mean': 0.5886270317122224, 'R2 - std': 0.0}
[0]	eval-rmse:9.76870
[100]	eval-rmse:3.69378
[200]	eval-rmse:2.24784
[300]	eval-rmse:2.04299
[400]	eval-rmse:2.00622
[437]	eval-rmse:2.00461
{'MSE - mean': 4.264655239333652, 'MSE - std': 0.2461767082992763, 'R2 - mean': 0.580135514329235, 'R2 - std': 0.008491517382987313}
[0]	eval-rmse:9.85675
[100]	eval-rmse:3.81809
[200]	eval-rmse:2.41266
[300]	eval-rmse:2.18964
[400]	eval-rmse:2.15714
[500]	eval-rmse:2.14726
[600]	eval-rmse:2.14280
[700]	eval-rmse:2.13921
[757]	eval-rmse:2.13786
{'MSE - mean': 4.366579207251153, 'MSE - std': 0.24734383277428487, 'R2 - mean': 0.5701823230386042, 'R2 - std': 0.015690844848068788}
[0]	eval-rmse:9.75675
[100]	eval-rmse:3.70222
[200]	eval-rmse:2.30825
[300]	eval-rmse:2.10568
[400]	eval-rmse:2.08067
[466]	eval-rmse:2.07828
{'MSE - mean': 4.354748294193035, 'MSE - std': 0.21518396831541914, 'R2 - mean': 0.5621824923124643, 'R2 - std': 0.019407313929941477}
[0]	eval-rmse:9.97541
[100]	eval-rmse:4.00066
[200]	eval-rmse:2.59156
[300]	eval-rmse:2.36174
[400]	eval-rmse:2.32183
[500]	eval-rmse:2.31106
[600]	eval-rmse:2.30298
[695]	eval-rmse:2.30028
{'MSE - mean': 4.54208674161899, 'MSE - std': 0.4212197617774419, 'R2 - mean': 0.5622259008849205, 'R2 - std': 0.01735864638722994}
Trial 72 finished with value: 4.54208674161899 and parameters: {'max_depth': 4, 'alpha': 0.24552809290756308, 'lambda': 0.5928815321081462, 'eta': 0.011329342435137167}. Best is trial 44 with value: 4.51743824446182.
[0]	eval-rmse:9.92242
[100]	eval-rmse:3.17602
[200]	eval-rmse:2.24532
[300]	eval-rmse:2.16470
[400]	eval-rmse:2.14010
[500]	eval-rmse:2.12750
[600]	eval-rmse:2.12256
[700]	eval-rmse:2.11935
[710]	eval-rmse:2.11920
{'MSE - mean': 4.491015463361122, 'MSE - std': 0.0, 'R2 - mean': 0.5904342295973486, 'R2 - std': 0.0}
[0]	eval-rmse:9.73599
[100]	eval-rmse:2.96742
[200]	eval-rmse:2.07404
[300]	eval-rmse:2.00848
[346]	eval-rmse:2.00641
{'MSE - mean': 4.258121407910983, 'MSE - std': 0.23289405545013864, 'R2 - mean': 0.5806794126849667, 'R2 - std': 0.009754816912381892}
[0]	eval-rmse:9.82395
[100]	eval-rmse:3.10796
[200]	eval-rmse:2.23300
[300]	eval-rmse:2.16255
[400]	eval-rmse:2.14657
[489]	eval-rmse:2.14401
{'MSE - mean': 4.371005148954192, 'MSE - std': 0.24828459213805798, 'R2 - mean': 0.5696808014111212, 'R2 - std': 0.01747502604392099}
[0]	eval-rmse:9.72386
[100]	eval-rmse:2.99396
[200]	eval-rmse:2.13977
[300]	eval-rmse:2.08182
[333]	eval-rmse:2.08068
{'MSE - mean': 4.36020624818009, 'MSE - std': 0.21583275421876566, 'R2 - mean': 0.5615777018295038, 'R2 - std': 0.02064008405786203}
[0]	eval-rmse:9.94318
[100]	eval-rmse:3.29732
[200]	eval-rmse:2.40567
[300]	eval-rmse:2.32386
[400]	eval-rmse:2.31003
[500]	eval-rmse:2.30110
[542]	eval-rmse:2.30025
{'MSE - mean': 4.546333240872376, 'MSE - std': 0.41933286523908886, 'R2 - mean': 0.5617519812083165, 'R2 - std': 0.018464342640343457}
Trial 73 finished with value: 4.546333240872376 and parameters: {'max_depth': 4, 'alpha': 0.2762184769388292, 'lambda': 0.5128740064707152, 'eta': 0.014802835465599745}. Best is trial 44 with value: 4.51743824446182.
[0]	eval-rmse:9.94661
[100]	eval-rmse:3.66913
[200]	eval-rmse:2.36697
[300]	eval-rmse:2.18756
[400]	eval-rmse:2.15712
[500]	eval-rmse:2.13762
[600]	eval-rmse:2.12939
[660]	eval-rmse:2.12808
{'MSE - mean': 4.528997804355965, 'MSE - std': 0.0, 'R2 - mean': 0.5869703656053045, 'R2 - std': 0.0}
[0]	eval-rmse:9.76025
[100]	eval-rmse:3.47019
[200]	eval-rmse:2.17805
[300]	eval-rmse:2.03219
[394]	eval-rmse:2.00989
{'MSE - mean': 4.284332796780543, 'MSE - std': 0.24466500757542198, 'R2 - mean': 0.5781778302206944, 'R2 - std': 0.008792535384610167}
[0]	eval-rmse:9.84801
[100]	eval-rmse:3.59925
[200]	eval-rmse:2.34527
[300]	eval-rmse:2.17983
[400]	eval-rmse:2.15441
[500]	eval-rmse:2.14382
[600]	eval-rmse:2.13795
[700]	eval-rmse:2.13381
[761]	eval-rmse:2.13304
{'MSE - mean': 4.37280127490157, 'MSE - std': 0.23571307529145558, 'R2 - mean': 0.5695557876011592, 'R2 - std': 0.014149853598509118}
[0]	eval-rmse:9.74817
[100]	eval-rmse:3.48226
[200]	eval-rmse:2.23892
[300]	eval-rmse:2.09173
[400]	eval-rmse:2.07525
[430]	eval-rmse:2.07575
{'MSE - mean': 4.356692855884409, 'MSE - std': 0.20603139053846586, 'R2 - mean': 0.5620036271870937, 'R2 - std': 0.01792398249284363}
[0]	eval-rmse:9.96701
[100]	eval-rmse:3.78517
[200]	eval-rmse:2.52073
[300]	eval-rmse:2.34127
[400]	eval-rmse:2.30822
[500]	eval-rmse:2.29798
[600]	eval-rmse:2.28925
[638]	eval-rmse:2.28991
{'MSE - mean': 4.534089599407953, 'MSE - std': 0.3997969053917288, 'R2 - mean': 0.5628728216372867, 'R2 - std': 0.01612567253456415}
Trial 74 finished with value: 4.534089599407953 and parameters: {'max_depth': 4, 'alpha': 0.28532769359601085, 'lambda': 0.45087626021939803, 'eta': 0.012228596255767901}. Best is trial 44 with value: 4.51743824446182.
[0]	eval-rmse:9.94805
[100]	eval-rmse:3.70739
[200]	eval-rmse:2.37891
[300]	eval-rmse:2.19028
[400]	eval-rmse:2.16047
[500]	eval-rmse:2.14653
[600]	eval-rmse:2.13918
[700]	eval-rmse:2.13366
[747]	eval-rmse:2.13283
{'MSE - mean': 4.548953168119834, 'MSE - std': 0.0, 'R2 - mean': 0.5851505023694079, 'R2 - std': 0.0}
[0]	eval-rmse:9.76180
[100]	eval-rmse:3.50806
[200]	eval-rmse:2.18976
[300]	eval-rmse:2.03391
[400]	eval-rmse:2.00832
[419]	eval-rmse:2.00876
{'MSE - mean': 4.292040467941968, 'MSE - std': 0.25691270017786527, 'R2 - mean': 0.5775098739453084, 'R2 - std': 0.007640628424099516}
[0]	eval-rmse:9.84952
[100]	eval-rmse:3.63708
[200]	eval-rmse:2.35445
[300]	eval-rmse:2.17980
[400]	eval-rmse:2.15330
[500]	eval-rmse:2.14481
[573]	eval-rmse:2.14388
{'MSE - mean': 4.393290896348784, 'MSE - std': 0.2539804234849253, 'R2 - mean': 0.5675999479519095, 'R2 - std': 0.015340558492638384}
[0]	eval-rmse:9.74970
[100]	eval-rmse:3.51925
[200]	eval-rmse:2.25051
[300]	eval-rmse:2.09457
[400]	eval-rmse:2.07936
[407]	eval-rmse:2.07918
{'MSE - mean': 4.375563090840655, 'MSE - std': 0.2220863951249348, 'R2 - mean': 0.5601622028915407, 'R2 - std': 0.018505666859064154}
[0]	eval-rmse:9.96883
[100]	eval-rmse:3.82154
[200]	eval-rmse:2.53064
[300]	eval-rmse:2.34592
[400]	eval-rmse:2.31416
[500]	eval-rmse:2.30050
[600]	eval-rmse:2.29382
[700]	eval-rmse:2.28916
[748]	eval-rmse:2.28769
{'MSE - mean': 4.547053581846045, 'MSE - std': 0.39635066234428157, 'R2 - mean': 0.5615760149261491, 'R2 - std': 0.016791760556765487}
Trial 75 finished with value: 4.547053581846045 and parameters: {'max_depth': 4, 'alpha': 0.5920708476772147, 'lambda': 0.3789601826263146, 'eta': 0.012064435555375846}. Best is trial 44 with value: 4.51743824446182.
[0]	eval-rmse:8.11198
[72]	eval-rmse:2.11500
{'MSE - mean': 4.473214704195568, 'MSE - std': 0.0, 'R2 - mean': 0.5920576000134316, 'R2 - std': 0.0}
[0]	eval-rmse:7.91671
[39]	eval-rmse:2.02214
{'MSE - mean': 4.2863855044984795, 'MSE - std': 0.18682919969708855, 'R2 - mean': 0.5775294924383718, 'R2 - std': 0.014528107575059679}
[0]	eval-rmse:8.02412
[55]	eval-rmse:2.16581
{'MSE - mean': 4.421174059055378, 'MSE - std': 0.24414341847647444, 'R2 - mean': 0.5644983994904008, 'R2 - std': 0.02191641789417975}
[0]	eval-rmse:7.90287
[64]	eval-rmse:2.09194
{'MSE - mean': 4.409929551615869, 'MSE - std': 0.21232951615756504, 'R2 - mean': 0.5563975235366633, 'R2 - std': 0.023603381190790754}
[0]	eval-rmse:8.16045
[54]	eval-rmse:2.32657
{'MSE - mean': 4.610533360563189, 'MSE - std': 0.4438858089667384, 'R2 - mean': 0.5555881901251272, 'R2 - std': 0.021173468426177462}
Trial 76 finished with value: 4.610533360563189 and parameters: {'max_depth': 4, 'alpha': 0.2513562402491524, 'lambda': 0.6214375319883231, 'eta': 0.2087597311635715}. Best is trial 44 with value: 4.51743824446182.
[0]	eval-rmse:9.95861
[100]	eval-rmse:4.01933
[200]	eval-rmse:2.53650
[300]	eval-rmse:2.26326
[400]	eval-rmse:2.21196
[500]	eval-rmse:2.18914
[600]	eval-rmse:2.17291
[700]	eval-rmse:2.15996
[800]	eval-rmse:2.15022
[900]	eval-rmse:2.14416
[999]	eval-rmse:2.13857
{'MSE - mean': 4.573493082811907, 'MSE - std': 0.0, 'R2 - mean': 0.5829125432377882, 'R2 - std': 0.0}
[0]	eval-rmse:9.77229
[100]	eval-rmse:3.81316
[200]	eval-rmse:2.32575
[300]	eval-rmse:2.08312
[400]	eval-rmse:2.03820
[500]	eval-rmse:2.02296
[600]	eval-rmse:2.01902
[604]	eval-rmse:2.01923
{'MSE - mean': 4.324313616640124, 'MSE - std': 0.24917946617178277, 'R2 - mean': 0.5742586229166203, 'R2 - std': 0.008653920321167852}
[0]	eval-rmse:9.85996
[100]	eval-rmse:3.94636
[200]	eval-rmse:2.49751
[300]	eval-rmse:2.24742
[400]	eval-rmse:2.20107
[500]	eval-rmse:2.18642
[600]	eval-rmse:2.17812
[700]	eval-rmse:2.16945
[800]	eval-rmse:2.16264
[900]	eval-rmse:2.15705
[999]	eval-rmse:2.15359
{'MSE - mean': 4.428854350407924, 'MSE - std': 0.25149778184811733, 'R2 - mean': 0.5640501402952646, 'R2 - std': 0.016073366982199418}
[0]	eval-rmse:9.76051
[100]	eval-rmse:3.81623
[200]	eval-rmse:2.36349
[300]	eval-rmse:2.13084
[400]	eval-rmse:2.09352
[500]	eval-rmse:2.08264
[540]	eval-rmse:2.08263
{'MSE - mean': 4.405982056985888, 'MSE - std': 0.22137699999106408, 'R2 - mean': 0.5570992827651419, 'R2 - std': 0.018404024174634655}
[0]	eval-rmse:9.97965
[100]	eval-rmse:4.13914
[200]	eval-rmse:2.70107
[300]	eval-rmse:2.42897
[400]	eval-rmse:2.36265
[500]	eval-rmse:2.34350
[600]	eval-rmse:2.33367
[671]	eval-rmse:2.33014
{'MSE - mean': 4.610698650041117, 'MSE - std': 0.4547985870565086, 'R2 - mean': 0.5558747628703963, 'R2 - std': 0.016642243855530425}
Trial 77 finished with value: 4.610698650041117 and parameters: {'max_depth': 3, 'alpha': 0.30543355506513997, 'lambda': 0.053364132976902054, 'eta': 0.010983115820071011}. Best is trial 44 with value: 4.51743824446182.
[0]	eval-rmse:9.92759
[100]	eval-rmse:3.28584
[200]	eval-rmse:2.33692
[300]	eval-rmse:2.27835
[362]	eval-rmse:2.27384
{'MSE - mean': 5.1703244123003556, 'MSE - std': 0.0, 'R2 - mean': 0.5284834981239173, 'R2 - std': 0.0}
[0]	eval-rmse:9.74227
[100]	eval-rmse:3.11290
[200]	eval-rmse:2.23459
[299]	eval-rmse:2.19348
{'MSE - mean': 4.9910463733914305, 'MSE - std': 0.17927803890892502, 'R2 - mean': 0.507782763968291, 'R2 - std': 0.020700734155626233}
[0]	eval-rmse:9.82807
[100]	eval-rmse:3.14671
[200]	eval-rmse:2.26259
[296]	eval-rmse:2.21938
{'MSE - mean': 4.969232071299213, 'MSE - std': 0.14959546909881474, 'R2 - mean': 0.5102975273843742, 'R2 - std': 0.017272183797434167}
[0]	eval-rmse:9.72946
[100]	eval-rmse:3.08638
[200]	eval-rmse:2.18304
[300]	eval-rmse:2.14710
[342]	eval-rmse:2.14648
{'MSE - mean': 4.878764891802524, 'MSE - std': 0.20331511252100606, 'R2 - mean': 0.5095677375046673, 'R2 - std': 0.015011463274938526}
[0]	eval-rmse:9.94767
[100]	eval-rmse:3.35854
[200]	eval-rmse:2.43637
[300]	eval-rmse:2.37581
[355]	eval-rmse:2.37400
{'MSE - mean': 5.030196601963757, 'MSE - std': 0.3532646024624707, 'R2 - mean': 0.514436371392492, 'R2 - std': 0.01658582549825491}
Trial 78 finished with value: 5.030196601963757 and parameters: {'max_depth': 10, 'alpha': 7.658299327988131e-07, 'lambda': 0.1198786625540834, 'eta': 0.014231955481815486}. Best is trial 44 with value: 4.51743824446182.
[0]	eval-rmse:9.88866
[100]	eval-rmse:2.70878
[200]	eval-rmse:2.17485
[300]	eval-rmse:2.13854
[369]	eval-rmse:2.13334
{'MSE - mean': 4.547675396892167, 'MSE - std': 0.0, 'R2 - mean': 0.5852670308831767, 'R2 - std': 0.0}
[0]	eval-rmse:9.70351
[100]	eval-rmse:2.52565
[200]	eval-rmse:2.04256
[282]	eval-rmse:2.02497
{'MSE - mean': 4.323967773588696, 'MSE - std': 0.22370762330347116, 'R2 - mean': 0.5740966941182382, 'R2 - std': 0.011170336764938504}
[0]	eval-rmse:9.78979
[100]	eval-rmse:2.65106
[200]	eval-rmse:2.16515
[288]	eval-rmse:2.14698
{'MSE - mean': 4.419153958418391, 'MSE - std': 0.2269013443053855, 'R2 - mean': 0.56487400665812, 'R2 - std': 0.015915407951692488}
[0]	eval-rmse:9.69042
[100]	eval-rmse:2.55696
[200]	eval-rmse:2.07944
[300]	eval-rmse:2.05906
[306]	eval-rmse:2.05906
{'MSE - mean': 4.374028299447465, 'MSE - std': 0.2114760987165553, 'R2 - mean': 0.5603558164062608, 'R2 - std': 0.01584983555616858}
[0]	eval-rmse:9.90984
[100]	eval-rmse:2.83005
[200]	eval-rmse:2.33908
[300]	eval-rmse:2.32201
[400]	eval-rmse:2.31525
[401]	eval-rmse:2.31545
{'MSE - mean': 4.57134351717807, 'MSE - std': 0.4376195754933772, 'R2 - mean': 0.5596205943269918, 'R2 - std': 0.014252579968182846}
Trial 79 finished with value: 4.57134351717807 and parameters: {'max_depth': 5, 'alpha': 0.0028624512363728365, 'lambda': 0.5274457799545842, 'eta': 0.018325210875112186}. Best is trial 44 with value: 4.51743824446182.
[0]	eval-rmse:9.90928
[100]	eval-rmse:2.95994
[200]	eval-rmse:2.20909
[300]	eval-rmse:2.15027
[400]	eval-rmse:2.13539
[500]	eval-rmse:2.12858
[594]	eval-rmse:2.12263
{'MSE - mean': 4.505563640378426, 'MSE - std': 0.0, 'R2 - mean': 0.5891074839255385, 'R2 - std': 0.0}
[0]	eval-rmse:9.72249
[100]	eval-rmse:2.75880
[200]	eval-rmse:2.05791
[300]	eval-rmse:2.01290
[329]	eval-rmse:2.01247
{'MSE - mean': 4.277852734950363, 'MSE - std': 0.22771090542806371, 'R2 - mean': 0.5786881410274307, 'R2 - std': 0.010419342898107697}
[0]	eval-rmse:9.81108
[100]	eval-rmse:2.90874
[200]	eval-rmse:2.20957
[300]	eval-rmse:2.16608
[400]	eval-rmse:2.15531
[480]	eval-rmse:2.15276
{'MSE - mean': 4.396699461438716, 'MSE - std': 0.25063371632970793, 'R2 - mean': 0.5671193580619064, 'R2 - std': 0.018440407159976496}
[0]	eval-rmse:9.71032
[100]	eval-rmse:2.79085
[200]	eval-rmse:2.11130
[280]	eval-rmse:2.07942
{'MSE - mean': 4.37852006808795, 'MSE - std': 0.2193271890321306, 'R2 - mean': 0.5597589330976764, 'R2 - std': 0.02043438350260313}
[0]	eval-rmse:9.93079
[100]	eval-rmse:3.09162
[200]	eval-rmse:2.36742
[300]	eval-rmse:2.31461
[400]	eval-rmse:2.30626
[427]	eval-rmse:2.30590
{'MSE - mean': 4.566476390252908, 'MSE - std': 0.4240210476451596, 'R2 - mean': 0.5598427718245211, 'R2 - std': 0.018277837372994734}
Trial 80 finished with value: 4.566476390252908 and parameters: {'max_depth': 4, 'alpha': 0.17128686910739932, 'lambda': 0.10584661585051855, 'eta': 0.01620217513943898}. Best is trial 44 with value: 4.51743824446182.
[0]	eval-rmse:9.94544
[100]	eval-rmse:3.64534
[200]	eval-rmse:2.36214
[300]	eval-rmse:2.18786
[400]	eval-rmse:2.16108
[500]	eval-rmse:2.14317
[600]	eval-rmse:2.13331
[700]	eval-rmse:2.12705
[718]	eval-rmse:2.12740
{'MSE - mean': 4.525821640559426, 'MSE - std': 0.0, 'R2 - mean': 0.587260021248414, 'R2 - std': 0.0}
[0]	eval-rmse:9.75899
[100]	eval-rmse:3.44068
[200]	eval-rmse:2.17148
[300]	eval-rmse:2.02916
[400]	eval-rmse:2.00564
[428]	eval-rmse:2.00518
{'MSE - mean': 4.273276909986302, 'MSE - std': 0.25254473057312277, 'R2 - mean': 0.5793318935107503, 'R2 - std': 0.007928127737663715}
[0]	eval-rmse:9.84711
[100]	eval-rmse:3.57192
[200]	eval-rmse:2.33522
[300]	eval-rmse:2.17625
[400]	eval-rmse:2.15212
[484]	eval-rmse:2.14723
{'MSE - mean': 4.38538072704927, 'MSE - std': 0.26010336194227723, 'R2 - mean': 0.5683621049278819, 'R2 - std': 0.01680999690825291}
[0]	eval-rmse:9.74700
[100]	eval-rmse:3.45453
[200]	eval-rmse:2.23300
[300]	eval-rmse:2.09536
[400]	eval-rmse:2.07947
[459]	eval-rmse:2.07872
{'MSE - mean': 4.369419269988976, 'MSE - std': 0.22694630092759685, 'R2 - mean': 0.5607564015802251, 'R2 - std': 0.01963344511998013}
[0]	eval-rmse:9.96586
[100]	eval-rmse:3.75756
[200]	eval-rmse:2.51267
[300]	eval-rmse:2.34328
[400]	eval-rmse:2.31582
[500]	eval-rmse:2.30748
[600]	eval-rmse:2.29868
[700]	eval-rmse:2.29625
[723]	eval-rmse:2.29669
{'MSE - mean': 4.55050016260414, 'MSE - std': 0.41516846879910735, 'R2 - mean': 0.5613598690952628, 'R2 - std': 0.01760211424773286}
