Trial 13 finished with value: 19552100.76346677 and parameters: {'max_depth': 4, 'alpha': 2.010379451450778e-05, 'lambda': 0.004356725197986294, 'eta': 0.03836610052926002}. Best is trial 4 with value: 17833441.604112.
[0]	eval-rmse:6789.63281
[100]	eval-rmse:1303.19702
[200]	eval-rmse:876.04871
[217]	eval-rmse:878.74597
{'MSE - mean': 772194.5174840286, 'MSE - std': 0.0, 'R2 - mean': 0.9623517371742277, 'R2 - std': 0.0}
[0]	eval-rmse:25172.24414
[100]	eval-rmse:6630.96533
[200]	eval-rmse:5705.52881
[256]	eval-rmse:5698.39893
{'MSE - mean': 16623065.6256153, 'MSE - std': 15850871.108131273, 'R2 - mean': 0.9551698765076077, 'R2 - std': 0.007181860666620077}
[0]	eval-rmse:7169.21582
[100]	eval-rmse:2248.83960
[180]	eval-rmse:2128.75146
{'MSE - mean': 12593696.46040594, 'MSE - std': 14141135.326774172, 'R2 - mean': 0.9103390804909818, 'R2 - std': 0.06367092448461191}
[0]	eval-rmse:25139.73828
[100]	eval-rmse:5704.38477
[200]	eval-rmse:4355.71631
[300]	eval-rmse:4305.35889
[400]	eval-rmse:4299.29004
[500]	eval-rmse:4297.97998
[556]	eval-rmse:4297.79102
{'MSE - mean': 14063023.89636474, 'MSE - std': 12508219.321301855, 'R2 - mean': 0.9253362250528167, 'R2 - std': 0.06095271120770256}
[0]	eval-rmse:9635.10449
[100]	eval-rmse:6806.19141
[200]	eval-rmse:6679.39404
[300]	eval-rmse:6668.06738
[400]	eval-rmse:6665.19531
[500]	eval-rmse:6664.38135
[600]	eval-rmse:6663.59375
[700]	eval-rmse:6663.13525
[800]	eval-rmse:6662.87793
[900]	eval-rmse:6662.70703
[999]	eval-rmse:6662.60889
{'MSE - mean': 20128491.622459512, 'MSE - std': 16502243.344982537, 'R2 - mean': 0.8049772679736977, 'R2 - std': 0.24681430387955325}
Trial 14 finished with value: 20128491.622459512 and parameters: {'max_depth': 7, 'alpha': 0.012851822547549964, 'lambda': 0.0018432243456069706, 'eta': 0.01905491382807554}. Best is trial 4 with value: 17833441.604112.
[0]	eval-rmse:6856.77686
[100]	eval-rmse:2938.74561
[200]	eval-rmse:1516.97253
[300]	eval-rmse:1091.76611
[400]	eval-rmse:1000.19434
[459]	eval-rmse:979.01099
{'MSE - mean': 958462.5170458717, 'MSE - std': 0.0, 'R2 - mean': 0.9532702603639754, 'R2 - std': 0.0}
[0]	eval-rmse:25413.78906
[100]	eval-rmse:10959.04004
[200]	eval-rmse:6159.63135
[300]	eval-rmse:5059.18115
[391]	eval-rmse:4911.61768
{'MSE - mean': 12541223.677246504, 'MSE - std': 11582761.160200631, 'R2 - mean': 0.9573160016219808, 'R2 - std': 0.004045741258005442}
[0]	eval-rmse:7233.48828
[100]	eval-rmse:3545.66699
[200]	eval-rmse:2545.26196
[269]	eval-rmse:2494.21411
{'MSE - mean': 10434516.888778903, 'MSE - std': 9915476.003769014, 'R2 - mean': 0.8895451646005604, 'R2 - std': 0.095899346796797}
[0]	eval-rmse:25380.45117
[100]	eval-rmse:10822.46582
[200]	eval-rmse:5838.30469
[300]	eval-rmse:4503.76758
[400]	eval-rmse:4237.06299
[435]	eval-rmse:4237.31689
{'MSE - mean': 12314147.887597999, 'MSE - std': 9183492.601464564, 'R2 - mean': 0.9099488066312906, 'R2 - std': 0.09025762771862433}
[0]	eval-rmse:9682.41309
[100]	eval-rmse:7375.17041
[200]	eval-rmse:6955.78369
[300]	eval-rmse:6836.77686
[400]	eval-rmse:6758.17236
[500]	eval-rmse:6624.23193
[600]	eval-rmse:6537.91016
[700]	eval-rmse:6481.32129
[800]	eval-rmse:6445.37061
[900]	eval-rmse:6416.10400
[994]	eval-rmse:6406.06885
{'MSE - mean': 18059687.30490125, 'MSE - std': 14124946.791831287, 'R2 - mean': 0.8028728518853905, 'R2 - std': 0.22886282316728337}
Trial 15 finished with value: 18059687.30490125 and parameters: {'max_depth': 3, 'alpha': 1.2019964853832644e-08, 'lambda': 0.08405741538462873, 'eta': 0.010107630544327149}. Best is trial 4 with value: 17833441.604112.
[0]	eval-rmse:6426.20117
[73]	eval-rmse:716.22833
{'MSE - mean': 512983.05293294037, 'MSE - std': 0.0, 'R2 - mean': 0.9749895649804509, 'R2 - std': 0.0}
[0]	eval-rmse:23836.31055
[79]	eval-rmse:5375.77197
{'MSE - mean': 14705941.84734562, 'MSE - std': 14192958.79441268, 'R2 - mean': 0.9643517743801244, 'R2 - std': 0.010637790600326436}
[0]	eval-rmse:6818.22949
[85]	eval-rmse:2186.27881
{'MSE - mean': 11397232.98450423, 'MSE - std': 12497539.554035738, 'R2 - mean': 0.913232943996905, 'R2 - std': 0.07281285164997292}
[0]	eval-rmse:23802.44531
[100]	eval-rmse:4262.17676
[157]	eval-rmse:4260.86035
{'MSE - mean': 13086657.698848952, 'MSE - std': 11211772.329780519, 'R2 - mean': 0.9276335603574493, 'R2 - std': 0.06781162716482657}
[0]	eval-rmse:9384.74121
[100]	eval-rmse:6545.63281
[200]	eval-rmse:6540.03320
[300]	eval-rmse:6539.26025
[378]	eval-rmse:6538.85205
{'MSE - mean': 19020643.27960966, 'MSE - std': 15537432.558520405, 'R2 - mean': 0.8117945160789131, 'R2 - std': 0.2394858453864275}
Trial 16 finished with value: 19020643.27960966 and parameters: {'max_depth': 6, 'alpha': 3.342629203617166e-05, 'lambda': 6.403350769403277e-06, 'eta': 0.07307575501024974}. Best is trial 4 with value: 17833441.604112.
[0]	eval-rmse:6727.34228
[100]	eval-rmse:882.49383
[163]	eval-rmse:822.59168
{'MSE - mean': 676657.1005733166, 'MSE - std': 0.0, 'R2 - mean': 0.9670096539297999, 'R2 - std': 0.0}
[0]	eval-rmse:24930.87305
[100]	eval-rmse:5438.37012
[121]	eval-rmse:5437.10645
{'MSE - mean': 15119391.319200829, 'MSE - std': 14442734.218627512, 'R2 - mean': 0.9598306907216273, 'R2 - std': 0.007178963208172573}
[0]	eval-rmse:7093.37061
[100]	eval-rmse:2708.09668
[158]	eval-rmse:2651.14185
{'MSE - mean': 12422445.095198087, 'MSE - std': 12393899.803677667, 'R2 - mean': 0.880578832409045, 'R2 - std': 0.11223222546944697}
[0]	eval-rmse:24894.20898
[100]	eval-rmse:4366.36963
[162]	eval-rmse:4185.33789
{'MSE - mean': 13698203.59190948, 'MSE - std': 10958523.782129368, 'R2 - mean': 0.9033957692985789, 'R2 - std': 0.10492326792676406}
[0]	eval-rmse:9592.87305
[100]	eval-rmse:6759.49463
[200]	eval-rmse:6564.87451
[300]	eval-rmse:6533.49658
[304]	eval-rmse:6533.55225
{'MSE - mean': 19496342.399271686, 'MSE - std': 15183709.998039166, 'R2 - mean': 0.7926105807558385, 'R2 - std': 0.24062532228289574}
Trial 17 finished with value: 19496342.399271686 and parameters: {'max_depth': 4, 'alpha': 1.6635587040032257e-06, 'lambda': 0.0009179537804071783, 'eta': 0.028956858483921454}. Best is trial 4 with value: 17833441.604112.
[0]	eval-rmse:6828.78369
[100]	eval-rmse:2128.93335
[200]	eval-rmse:1104.59814
[300]	eval-rmse:975.88580
[310]	eval-rmse:979.28918
{'MSE - mean': 957817.6767214065, 'MSE - std': 0.0, 'R2 - mean': 0.9533016994864587, 'R2 - std': 0.0}
[0]	eval-rmse:25295.99805
[100]	eval-rmse:7747.19482
[200]	eval-rmse:5056.85986
[260]	eval-rmse:4907.67432
{'MSE - mean': 12521542.102463199, 'MSE - std': 11563724.425741792, 'R2 - mean': 0.9573627278348564, 'R2 - std': 0.004061028348397666}
[0]	eval-rmse:7206.38232
[100]	eval-rmse:2909.51758
[190]	eval-rmse:2534.84839
{'MSE - mean': 10489513.344275855, 'MSE - std': 9869385.162099293, 'R2 - mean': 0.8868827950304153, 'R2 - std': 0.09972881474479361}
[0]	eval-rmse:25262.33789
[100]	eval-rmse:7525.16309
[200]	eval-rmse:4498.73535
[300]	eval-rmse:4246.41992
[367]	eval-rmse:4228.28223
{'MSE - mean': 12336727.356923157, 'MSE - std': 9126344.910968516, 'R2 - mean': 0.9079820180461449, 'R2 - std': 0.09378117616773363}
[0]	eval-rmse:9662.92383
[100]	eval-rmse:7098.21582
[200]	eval-rmse:6845.24951
[300]	eval-rmse:6711.91357
[400]	eval-rmse:6528.24121
[500]	eval-rmse:6452.00781
[600]	eval-rmse:6403.50635
[700]	eval-rmse:6381.62353
[800]	eval-rmse:6368.80127
[900]	eval-rmse:6360.50537
[999]	eval-rmse:6352.52441
{'MSE - mean': 17940294.10924874, 'MSE - std': 13864774.738099549, 'R2 - mean': 0.8033941056335575, 'R2 - std': 0.2253673731799148}
Trial 18 finished with value: 17940294.10924874 and parameters: {'max_depth': 3, 'alpha': 0.00010953564962348294, 'lambda': 0.027712588679343206, 'eta': 0.014547277921871049}. Best is trial 4 with value: 17833441.604112.
[0]	eval-rmse:6596.87207
[81]	eval-rmse:1750.16907
{'MSE - mean': 3063091.7785664354, 'MSE - std': 0.0, 'R2 - mean': 0.8506592811424399, 'R2 - std': 0.0}
[0]	eval-rmse:24522.39062
[95]	eval-rmse:6244.62891
{'MSE - mean': 21035089.32969406, 'MSE - std': 17971997.551127624, 'R2 - mean': 0.8940917281251726, 'R2 - std': 0.043432446982732575}
[0]	eval-rmse:6982.28857
[86]	eval-rmse:2041.20496
{'MSE - mean': 15412232.032780923, 'MSE - std': 16690162.142653283, 'R2 - mean': 0.8744766412587129, 'R2 - std': 0.04502319660829768}
[0]	eval-rmse:24490.04688
[100]	eval-rmse:4391.46533
[200]	eval-rmse:4380.90674
[209]	eval-rmse:4380.89160
{'MSE - mean': 16357222.733085565, 'MSE - std': 14546482.617183764, 'R2 - mean': 0.8981497612294436, 'R2 - std': 0.05658238243541788}
[0]	eval-rmse:9499.86816
[100]	eval-rmse:6818.59814
[200]	eval-rmse:6815.62891
[300]	eval-rmse:6815.50195
[366]	eval-rmse:6815.49072
{'MSE - mean': 22375961.82473844, 'MSE - std': 17725151.79735241, 'R2 - mean': 0.7769479926807581, 'R2 - std': 0.2476302235167808}
Trial 19 finished with value: 22375961.82473844 and parameters: {'max_depth': 11, 'alpha': 0.005711421836845307, 'lambda': 0.03620200267439603, 'eta': 0.04677460104927815}. Best is trial 4 with value: 17833441.604112.
[0]	eval-rmse:6829.31543
[100]	eval-rmse:2934.87402
[200]	eval-rmse:1722.70312
[300]	eval-rmse:1058.16064
[400]	eval-rmse:866.40405
[500]	eval-rmse:844.80316
[506]	eval-rmse:844.29291
{'MSE - mean': 713118.7635032879, 'MSE - std': 0.0, 'R2 - mean': 0.9652319693723844, 'R2 - std': 0.0}
[0]	eval-rmse:25283.41602
[100]	eval-rmse:7829.68457
[200]	eval-rmse:5345.44385
[300]	eval-rmse:4925.56299
[390]	eval-rmse:4874.49316
{'MSE - mean': 12236901.02578602, 'MSE - std': 11523782.262282733, 'R2 - mean': 0.9635877976677998, 'R2 - std': 0.001644171704584585}
[0]	eval-rmse:7208.77832
[100]	eval-rmse:3635.67310
[200]	eval-rmse:2685.39868
[256]	eval-rmse:2631.43579
{'MSE - mean': 10460733.046605552, 'MSE - std': 9738647.260590155, 'R2 - mean': 0.8846673113169364, 'R2 - std': 0.111618495475032}
[0]	eval-rmse:25250.19336
[100]	eval-rmse:7689.05811
[200]	eval-rmse:4896.46191
[300]	eval-rmse:4324.71143
[400]	eval-rmse:4205.36377
[500]	eval-rmse:4156.52051
[600]	eval-rmse:4119.52295
[700]	eval-rmse:4096.22119
[763]	eval-rmse:4096.52637
{'MSE - mean': 12040737.148284946, 'MSE - std': 8866801.945099553, 'R2 - mean': 0.9067612171085458, 'R2 - std': 0.10396363988658651}
[0]	eval-rmse:9662.14746
[100]	eval-rmse:7217.20654
[200]	eval-rmse:6899.74658
[300]	eval-rmse:6790.55664
[400]	eval-rmse:6663.69727
[500]	eval-rmse:6514.61816
[600]	eval-rmse:6428.98145
[700]	eval-rmse:6380.57275
[800]	eval-rmse:6352.00439
[864]	eval-rmse:6342.72607
{'MSE - mean': 17678488.991284065, 'MSE - std': 13785250.261052817, 'R2 - mean': 0.8027986337655696, 'R2 - std': 0.22777099393064817}
Trial 20 finished with value: 17678488.991284065 and parameters: {'max_depth': 2, 'alpha': 8.955988310549029e-05, 'lambda': 0.019414948226857028, 'eta': 0.015002832470746545}. Best is trial 20 with value: 17678488.991284065.
[0]	eval-rmse:6828.52881
[100]	eval-rmse:2868.78516
[200]	eval-rmse:1924.78503
[300]	eval-rmse:1443.83289
[400]	eval-rmse:1106.05005
[500]	eval-rmse:1010.13550
[600]	eval-rmse:986.57843
[662]	eval-rmse:987.17719
{'MSE - mean': 974518.7258318727, 'MSE - std': 0.0, 'R2 - mean': 0.9524874415862271, 'R2 - std': 0.0}
[0]	eval-rmse:25431.54883
[100]	eval-rmse:11923.57422
[200]	eval-rmse:6910.83838
[300]	eval-rmse:5435.99365
[400]	eval-rmse:4945.47119
[500]	eval-rmse:4785.17383
[600]	eval-rmse:4735.94678
[641]	eval-rmse:4736.58301
{'MSE - mean': 11701829.399743224, 'MSE - std': 10727310.673911352, 'R2 - mean': 0.9582818689890653, 'R2 - std': 0.005794427402838143}
[0]	eval-rmse:7208.03223
[100]	eval-rmse:3592.37915
[200]	eval-rmse:2708.66406
[300]	eval-rmse:2137.19360
[333]	eval-rmse:2163.71899
{'MSE - mean': 9357920.874476923, 'MSE - std': 9365073.974402998, 'R2 - mean': 0.910632419909604, 'R2 - std': 0.06755237662562433}
[0]	eval-rmse:25398.58984
[100]	eval-rmse:11827.16894
[200]	eval-rmse:6731.25439
[300]	eval-rmse:5072.40918
[400]	eval-rmse:4492.71191
[500]	eval-rmse:4298.03272
[600]	eval-rmse:4201.25293
[700]	eval-rmse:4160.46045
[800]	eval-rmse:4139.82373
[830]	eval-rmse:4144.59863
{'MSE - mean': 11311088.232289733, 'MSE - std': 8787664.427617082, 'R2 - mean': 0.9260784857393806, 'R2 - std': 0.06432911890956557}
[0]	eval-rmse:9661.58984
[100]	eval-rmse:7207.80127
[200]	eval-rmse:6917.83594
[300]	eval-rmse:6823.10938
[400]	eval-rmse:6775.84717
[471]	eval-rmse:6770.80518
{'MSE - mean': 18214599.42811394, 'MSE - std': 15887488.920449514, 'R2 - mean': 0.801187521614494, 'R2 - std': 0.2563232336561001}
Trial 21 finished with value: 18214599.42811394 and parameters: {'max_depth': 2, 'alpha': 7.54508523809088e-05, 'lambda': 0.8398108408183074, 'eta': 0.015138932589345348}. Best is trial 20 with value: 17678488.991284065.
[0]	eval-rmse:6805.31445
[100]	eval-rmse:2531.67017
[200]	eval-rmse:1290.89941
[300]	eval-rmse:880.44873
[377]	eval-rmse:845.47437
{'MSE - mean': 714826.9301443463, 'MSE - std': 0.0, 'R2 - mean': 0.9651486878867008, 'R2 - std': 0.0}
[0]	eval-rmse:25198.47656
[100]	eval-rmse:6642.12305
[200]	eval-rmse:5045.88086
[300]	eval-rmse:4871.45068
[337]	eval-rmse:4873.72022
{'MSE - mean': 12232441.1554294, 'MSE - std': 11517614.225285053, 'R2 - mean': 0.9635546680357834, 'R2 - std': 0.0015940198509173942}
[0]	eval-rmse:7186.03760
[100]	eval-rmse:3303.49048
[200]	eval-rmse:2626.45190
[213]	eval-rmse:2655.60254
{'MSE - mean': 10499779.834301595, 'MSE - std': 9718085.655233603, 'R2 - mean': 0.8829836575947122, 'R2 - std': 0.11395204859872936}
[0]	eval-rmse:25165.12305
[100]	eval-rmse:6462.07959
[200]	eval-rmse:4510.74707
[300]	eval-rmse:4224.98340
[400]	eval-rmse:4142.84863
[500]	eval-rmse:4110.02344
[508]	eval-rmse:4107.63428
{'MSE - mean': 12092924.477815967, 'MSE - std': 8856930.685475552, 'R2 - mean': 0.9054616860196358, 'R2 - std': 0.1060876398102079}
[0]	eval-rmse:9645.16504
[100]	eval-rmse:7092.39062
[200]	eval-rmse:6832.24072
[300]	eval-rmse:6724.87061
[400]	eval-rmse:6506.63672
[500]	eval-rmse:6413.42822
[600]	eval-rmse:6379.95020
[700]	eval-rmse:6346.34424
[777]	eval-rmse:6338.89209
{'MSE - mean': 17715549.740997426, 'MSE - std': 13755429.34024672, 'R2 - mean': 0.8018304656491348, 'R2 - std': 0.22795040951557347}
Trial 22 finished with value: 17715549.740997426 and parameters: {'max_depth': 2, 'alpha': 0.00012737341071222935, 'lambda': 0.043895781737627544, 'eta': 0.018956183491068562}. Best is trial 20 with value: 17678488.991284065.
[0]	eval-rmse:6794.99121
[100]	eval-rmse:2400.54736
[200]	eval-rmse:1212.28784
[300]	eval-rmse:867.81714
[384]	eval-rmse:852.15008
{'MSE - mean': 726159.7292480691, 'MSE - std': 0.0, 'R2 - mean': 0.9645961584533156, 'R2 - std': 0.0}
[0]	eval-rmse:25196.46875
[100]	eval-rmse:6593.10986
[200]	eval-rmse:4999.47656
[300]	eval-rmse:4843.29590
[333]	eval-rmse:4835.47754
{'MSE - mean': 12054000.237606091, 'MSE - std': 11327840.508358022, 'R2 - mean': 0.9635732793901193, 'R2 - std': 0.001022879063196258}
[0]	eval-rmse:7176.25781
[100]	eval-rmse:3190.04785
[185]	eval-rmse:2634.54102
{'MSE - mean': 10349602.159459034, 'MSE - std': 9558064.27435915, 'R2 - mean': 0.8842304585087213, 'R2 - std': 0.11221080149382763}
[0]	eval-rmse:25163.12305
[100]	eval-rmse:6409.73779
[200]	eval-rmse:4477.61133
[300]	eval-rmse:4203.85938
[400]	eval-rmse:4127.35303
[435]	eval-rmse:4112.62207
{'MSE - mean': 11990073.188943155, 'MSE - std': 8751621.56976155, 'R2 - mean': 0.9063810726791977, 'R2 - std': 0.1044767778183426}
[0]	eval-rmse:9637.86816
[100]	eval-rmse:7050.93457
[200]	eval-rmse:6821.11133
[300]	eval-rmse:6688.53516
[400]	eval-rmse:6497.37500
[500]	eval-rmse:6407.51514
[600]	eval-rmse:6361.89258
[698]	eval-rmse:6354.11572
{'MSE - mean': 17666259.25938276, 'MSE - std': 13789454.56880956, 'R2 - mean': 0.802063236581821, 'R2 - std': 0.2286070020686137}
Trial 23 finished with value: 17666259.25938276 and parameters: {'max_depth': 2, 'alpha': 2.605398493928724e-06, 'lambda': 0.13954957005247223, 'eta': 0.020658433914155287}. Best is trial 23 with value: 17666259.25938276.
[0]	eval-rmse:6790.41846
[100]	eval-rmse:2319.69922
[200]	eval-rmse:1103.15173
[300]	eval-rmse:856.22797
[340]	eval-rmse:856.05164
{'MSE - mean': 732824.4395606576, 'MSE - std': 0.0, 'R2 - mean': 0.9642712212000397, 'R2 - std': 0.0}
[0]	eval-rmse:25120.53125
[100]	eval-rmse:6073.12158
[200]	eval-rmse:4949.09814
[269]	eval-rmse:4894.64893
{'MSE - mean': 12394146.856222965, 'MSE - std': 11661322.416662306, 'R2 - mean': 0.962871351126072, 'R2 - std': 0.0013998700739676906}
[0]	eval-rmse:7171.92627
[100]	eval-rmse:3126.98193
[179]	eval-rmse:2632.04492
{'MSE - mean': 10589507.297243599, 'MSE - std': 9857538.98694972, 'R2 - mean': 0.8832428923010082, 'R2 - std': 0.11261744684487893}
[0]	eval-rmse:25087.05273
[100]	eval-rmse:5791.61279
[200]	eval-rmse:4358.28906
[300]	eval-rmse:4183.29688
[400]	eval-rmse:4129.55078
[500]	eval-rmse:4091.39087
[520]	eval-rmse:4092.54981
{'MSE - mean': 12129211.014780192, 'MSE - std': 8943733.491826179, 'R2 - mean': 0.9057059258714928, 'R2 - std': 0.10500371722925105}
[0]	eval-rmse:9634.63965
[100]	eval-rmse:7034.44336
[200]	eval-rmse:6803.62158
[300]	eval-rmse:6600.52930
[400]	eval-rmse:6440.87305
[500]	eval-rmse:6369.85791
[600]	eval-rmse:6338.22949
[616]	eval-rmse:6340.65918
{'MSE - mean': 17744161.289107602, 'MSE - std': 13787783.046992308, 'R2 - mean': 0.8020322225203129, 'R2 - std': 0.2276259466136543}
Trial 24 finished with value: 17744161.289107602 and parameters: {'max_depth': 2, 'alpha': 1.7461341060468174e-06, 'lambda': 0.0005056766657535412, 'eta': 0.02141049667320557}. Best is trial 23 with value: 17666259.25938276.
[0]	eval-rmse:6715.65820
[100]	eval-rmse:1468.52405
[200]	eval-rmse:849.73492
[269]	eval-rmse:850.29096
{'MSE - mean': 722389.896941508, 'MSE - std': 0.0, 'R2 - mean': 0.9647799562325966, 'R2 - std': 0.0}
[0]	eval-rmse:24838.94922
[100]	eval-rmse:5161.24561
[194]	eval-rmse:4878.98047
{'MSE - mean': 12263420.666653533, 'MSE - std': 11541030.769712023, 'R2 - mean': 0.9633267404008724, 'R2 - std': 0.0014532158317241972}
[0]	eval-rmse:7101.14502
[100]	eval-rmse:2604.86353
[120]	eval-rmse:2637.29565
{'MSE - mean': 10494056.66317361, 'MSE - std': 9749780.789257819, 'R2 - mean': 0.8838746796556776, 'R2 - std': 0.1123684466571999}
[0]	eval-rmse:24805.02344
[100]	eval-rmse:4646.96191
[200]	eval-rmse:4177.45117
[300]	eval-rmse:4096.42725
[346]	eval-rmse:4090.88989
{'MSE - mean': 12054387.478465214, 'MSE - std': 8865526.822382374, 'R2 - mean': 0.9061849640828481, 'R2 - std': 0.10470552624755643}
[0]	eval-rmse:9581.98340
[100]	eval-rmse:6853.29053
[200]	eval-rmse:6554.10059
[300]	eval-rmse:6380.33936
[400]	eval-rmse:6349.55371
[460]	eval-rmse:6345.18457
{'MSE - mean': 17695782.886193816, 'MSE - std': 13790555.509335743, 'R2 - mean': 0.8022405044722764, 'R2 - std': 0.22800965005095147}
Trial 25 finished with value: 17695782.886193816 and parameters: {'max_depth': 2, 'alpha': 0.00020828253542641223, 'lambda': 0.02661337307428782, 'eta': 0.033744658582682725}. Best is trial 23 with value: 17666259.25938276.
[0]	eval-rmse:6741.86719
[100]	eval-rmse:1747.98144
[200]	eval-rmse:858.80939
[285]	eval-rmse:838.08868
{'MSE - mean': 702392.6244460153, 'MSE - std': 0.0, 'R2 - mean': 0.9657549211587422, 'R2 - std': 0.0}
[0]	eval-rmse:24934.09766
[100]	eval-rmse:5382.20996
[200]	eval-rmse:4882.21094
[216]	eval-rmse:4886.76025
{'MSE - mean': 12357657.744848793, 'MSE - std': 11655265.120402778, 'R2 - mean': 0.9636472734000454, 'R2 - std': 0.0021076477586967624}
[0]	eval-rmse:7125.95166
[100]	eval-rmse:2694.90332
[134]	eval-rmse:2673.71899
{'MSE - mean': 10622241.214780102, 'MSE - std': 9827858.926724054, 'R2 - mean': 0.8815038925587405, 'R2 - std': 0.11618102893672361}
[0]	eval-rmse:24900.32422
[100]	eval-rmse:4896.67969
[200]	eval-rmse:4204.81543
[300]	eval-rmse:4133.50293
[400]	eval-rmse:4120.13672
[408]	eval-rmse:4116.53613
{'MSE - mean': 12202791.176937835, 'MSE - std': 8940610.877413396, 'R2 - mean': 0.9043229133440954, 'R2 - std': 0.10810016994623199}
[0]	eval-rmse:9600.41113
[100]	eval-rmse:6902.40430
[200]	eval-rmse:6678.51367
[300]	eval-rmse:6433.94482
[400]	eval-rmse:6349.50684
[454]	eval-rmse:6339.01270
{'MSE - mean': 17799027.144955926, 'MSE - std': 13755691.415847324, 'R2 - mean': 0.8009867416379034, 'R2 - std': 0.22817093356843196}
Trial 26 finished with value: 17799027.144955926 and parameters: {'max_depth': 2, 'alpha': 0.019429675016196465, 'lambda': 0.01425541126990119, 'eta': 0.02941783218720038}. Best is trial 23 with value: 17666259.25938276.
[0]	eval-rmse:6527.90576
[100]	eval-rmse:598.20904
{'MSE - mean': 357854.05025211646, 'MSE - std': 0.0, 'R2 - mean': 0.982552863259046, 'R2 - std': 0.0}
[0]	eval-rmse:24364.89844
[100]	eval-rmse:4894.03174
[123]	eval-rmse:4897.39160
{'MSE - mean': 12171150.362278733, 'MSE - std': 11813296.312026616, 'R2 - mean': 0.9720690489411425, 'R2 - std': 0.010483814317903406}
[0]	eval-rmse:6905.69482
[79]	eval-rmse:2978.08081
{'MSE - mean': 11070422.513524737, 'MSE - std': 9770321.562323643, 'R2 - mean': 0.8644796902528661, 'R2 - std': 0.15239492701862087}
[0]	eval-rmse:24330.15625
[100]	eval-rmse:4203.75537
[120]	eval-rmse:4215.21582
{'MSE - mean': 12744828.170002352, 'MSE - std': 8944567.651973875, 'R2 - mean': 0.8912239964557958, 'R2 - std': 0.1398711338289151}
[0]	eval-rmse:9452.51562
[100]	eval-rmse:6549.95361
[200]	eval-rmse:6525.86084
[217]	eval-rmse:6527.28076
{'MSE - mean': 18717790.903945476, 'MSE - std': 14377390.850529285, 'R2 - mean': 0.7831147160706149, 'R2 - std': 0.2498031490683728}
