Trial 90 finished with value: 17516948133.61841 and parameters: {'max_depth': 2, 'alpha': 6.07530345824005e-07, 'lambda': 3.315744629966594e-05, 'eta': 0.06259136093405931}. Best is trial 64 with value: 14105467680.672068.
[0]	eval-rmse:603300.50000
[100]	eval-rmse:110395.46094
[200]	eval-rmse:105789.68750
[300]	eval-rmse:103557.38281
[400]	eval-rmse:102728.36719
[500]	eval-rmse:101951.68750
[600]	eval-rmse:101564.02344
[611]	eval-rmse:101570.53906
{'MSE - mean': 10315945365.602652, 'MSE - std': 0.0, 'R2 - mean': 0.9196686141664938, 'R2 - std': 0.0}
[0]	eval-rmse:608711.37500
[100]	eval-rmse:141394.23438
[200]	eval-rmse:139750.75000
[257]	eval-rmse:139313.64062
{'MSE - mean': 14862184431.19563, 'MSE - std': 4546239065.5929785, 'R2 - mean': 0.8905526781012252, 'R2 - std': 0.029115936065268577}
[0]	eval-rmse:625175.81250
[100]	eval-rmse:123011.39062
[200]	eval-rmse:118024.00781
[300]	eval-rmse:115352.26562
[400]	eval-rmse:114233.22656
[500]	eval-rmse:113352.00000
[600]	eval-rmse:112805.00000
[686]	eval-rmse:112583.95312
{'MSE - mean': 14133171454.303057, 'MSE - std': 3852503030.7543373, 'R2 - mean': 0.8989092496970743, 'R2 - std': 0.02654850403150759}
[0]	eval-rmse:597612.31250
[100]	eval-rmse:121773.19531
[200]	eval-rmse:117888.24219
[300]	eval-rmse:116079.64844
[400]	eval-rmse:115389.33594
[500]	eval-rmse:114691.28906
[554]	eval-rmse:114460.13281
{'MSE - mean': 13875159241.25839, 'MSE - std': 3366161851.087843, 'R2 - mean': 0.8971493391158846, 'R2 - std': 0.023192868634444114}
[0]	eval-rmse:613526.00000
[100]	eval-rmse:127923.96875
[200]	eval-rmse:124017.80469
[300]	eval-rmse:123114.17969
[400]	eval-rmse:122010.09375
[467]	eval-rmse:121725.24219
{'MSE - mean': 14063534183.98081, 'MSE - std': 3034267121.127935, 'R2 - mean': 0.8955886393546043, 'R2 - std': 0.020977856405626993}
Trial 91 finished with value: 14063534183.98081 and parameters: {'max_depth': 5, 'alpha': 2.874996481188489e-06, 'lambda': 0.00019152159657508756, 'eta': 0.07317314603436285}. Best is trial 91 with value: 14063534183.98081.
[0]	eval-rmse:603811.87500
[100]	eval-rmse:114480.35938
[200]	eval-rmse:107497.60156
[300]	eval-rmse:104868.18750
[400]	eval-rmse:103301.51562
[426]	eval-rmse:103315.70312
{'MSE - mean': 10674134389.171444, 'MSE - std': 0.0, 'R2 - mean': 0.9168793573767503, 'R2 - std': 0.0}
[0]	eval-rmse:609591.00000
[100]	eval-rmse:141780.07812
[200]	eval-rmse:137415.12500
[300]	eval-rmse:135995.87500
[400]	eval-rmse:134797.64062
[402]	eval-rmse:134813.12500
{'MSE - mean': 14418845611.193563, 'MSE - std': 3744711222.0221195, 'R2 - mean': 0.8936018104441599, 'R2 - std': 0.023277546932590487}
[0]	eval-rmse:625859.25000
[100]	eval-rmse:126622.26562
[200]	eval-rmse:119790.00000
[300]	eval-rmse:117017.53906
[400]	eval-rmse:115323.94531
[500]	eval-rmse:114221.87500
[600]	eval-rmse:113642.56250
[612]	eval-rmse:113526.78906
{'MSE - mean': 13908988544.415915, 'MSE - std': 3141414206.1570215, 'R2 - mean': 0.9004668572507336, 'R2 - std': 0.021342146005315372}
[0]	eval-rmse:598474.37500
[100]	eval-rmse:126414.20312
[200]	eval-rmse:120399.60938
[300]	eval-rmse:118272.54688
[362]	eval-rmse:117608.73438
{'MSE - mean': 13889722403.657877, 'MSE - std': 2720749154.832725, 'R2 - mean': 0.8968096236191029, 'R2 - std': 0.01953820540871501}
[0]	eval-rmse:614028.62500
[100]	eval-rmse:135294.40625
[200]	eval-rmse:130932.46875
[300]	eval-rmse:129447.56250
[399]	eval-rmse:128771.96094
{'MSE - mean': 14429171116.658978, 'MSE - std': 2661954249.541597, 'R2 - mean': 0.8926732833588407, 'R2 - std': 0.019334694708455554}
Trial 92 finished with value: 14429171116.658978 and parameters: {'max_depth': 4, 'alpha': 2.8989544645621313e-07, 'lambda': 0.0016045815683434076, 'eta': 0.07345669835697331}. Best is trial 91 with value: 14063534183.98081.
[0]	eval-rmse:600420.50000
[100]	eval-rmse:109019.57031
[200]	eval-rmse:104447.66406
[300]	eval-rmse:102996.55469
[400]	eval-rmse:102308.63281
[482]	eval-rmse:101985.04688
{'MSE - mean': 10400237045.298777, 'MSE - std': 0.0, 'R2 - mean': 0.9190122257111225, 'R2 - std': 0.0}
[0]	eval-rmse:605862.68750
[100]	eval-rmse:142222.07812
[200]	eval-rmse:139408.03125
[300]	eval-rmse:138135.85938
[400]	eval-rmse:137436.79688
[475]	eval-rmse:137173.87500
{'MSE - mean': 14608238101.68129, 'MSE - std': 4208001056.382514, 'R2 - mean': 0.892338385378795, 'R2 - std': 0.026673840332327503}
[0]	eval-rmse:622277.93750
[100]	eval-rmse:125630.13281
[200]	eval-rmse:120796.09375
[300]	eval-rmse:118005.39062
[400]	eval-rmse:116364.82031
[500]	eval-rmse:115443.03906
[552]	eval-rmse:115401.46875
{'MSE - mean': 14177991832.601288, 'MSE - std': 3489279624.4772487, 'R2 - mean': 0.8986743522772734, 'R2 - std': 0.023550331741334345}
[0]	eval-rmse:594735.25000
[100]	eval-rmse:119991.42188
[200]	eval-rmse:116561.02344
[253]	eval-rmse:116227.54688
{'MSE - mean': 14010704780.580864, 'MSE - std': 3035664523.0764747, 'R2 - mean': 0.8961318825295173, 'R2 - std': 0.02086518754049297}
[0]	eval-rmse:610637.81250
[100]	eval-rmse:129770.17188
[200]	eval-rmse:126760.02344
[300]	eval-rmse:125488.60156
[332]	eval-rmse:125373.14844
{'MSE - mean': 14352628489.921228, 'MSE - std': 2799974030.12392, 'R2 - mean': 0.8934255143715479, 'R2 - std': 0.019431483610518226}
Trial 93 finished with value: 14352628489.921228 and parameters: {'max_depth': 5, 'alpha': 5.2197292339931044e-06, 'lambda': 0.00019077937965812, 'eta': 0.07805511228972052}. Best is trial 91 with value: 14063534183.98081.
[0]	eval-rmse:605504.56250
[100]	eval-rmse:111577.28125
[200]	eval-rmse:108700.14062
[300]	eval-rmse:107372.92188
[400]	eval-rmse:106699.82031
[488]	eval-rmse:106362.28906
{'MSE - mean': 11319411353.55735, 'MSE - std': 0.0, 'R2 - mean': 0.9118545156430591, 'R2 - std': 0.0}
[0]	eval-rmse:611184.37500
[100]	eval-rmse:135620.32812
[200]	eval-rmse:133565.68750
[272]	eval-rmse:133286.04688
{'MSE - mean': 14542291304.912289, 'MSE - std': 3222879951.3549385, 'R2 - mean': 0.8925114938372762, 'R2 - std': 0.01934302180578279}
[0]	eval-rmse:626473.25000
[100]	eval-rmse:126673.78125
[200]	eval-rmse:121753.64844
[300]	eval-rmse:119675.69531
[400]	eval-rmse:118598.89062
[500]	eval-rmse:118218.21875
[600]	eval-rmse:118021.14844
[700]	eval-rmse:117815.00781
[800]	eval-rmse:117536.93750
[841]	eval-rmse:117536.48438
{'MSE - mean': 14299764595.973871, 'MSE - std': 2653728546.088956, 'R2 - mean': 0.8976864556841243, 'R2 - std': 0.017406764641521553}
[0]	eval-rmse:600025.56250
[100]	eval-rmse:121440.63281
[200]	eval-rmse:118738.83594
[300]	eval-rmse:117720.37500
[328]	eval-rmse:117642.57031
{'MSE - mean': 14184767231.742981, 'MSE - std': 2306811561.1349163, 'R2 - mean': 0.8947081225201614, 'R2 - std': 0.015932921790138718}
[0]	eval-rmse:615208.81250
[100]	eval-rmse:127699.60156
[200]	eval-rmse:125525.89844
[300]	eval-rmse:124691.01562
[397]	eval-rmse:124011.14844
{'MSE - mean': 14424369483.071774, 'MSE - std': 2118192771.7362921, 'R2 - mean': 0.8927906658418593, 'R2 - std': 0.014757810063461444}
Trial 94 finished with value: 14424369483.071774 and parameters: {'max_depth': 6, 'alpha': 9.506947168734872e-07, 'lambda': 0.0008336858542259713, 'eta': 0.06843134513640073}. Best is trial 91 with value: 14063534183.98081.
[0]	eval-rmse:612249.81250
[100]	eval-rmse:113689.15625
[200]	eval-rmse:107243.00781
[300]	eval-rmse:104809.92188
[400]	eval-rmse:103872.18750
[500]	eval-rmse:103067.67188
[600]	eval-rmse:102275.93750
[700]	eval-rmse:101690.77344
[800]	eval-rmse:101409.06250
[900]	eval-rmse:101138.03125
[942]	eval-rmse:101138.78125
{'MSE - mean': 10225957866.587042, 'MSE - std': 0.0, 'R2 - mean': 0.9203693565848978, 'R2 - std': 0.0}
[0]	eval-rmse:617564.62500
[100]	eval-rmse:142014.25000
[200]	eval-rmse:137869.12500
[271]	eval-rmse:137149.18750
{'MSE - mean': 14515214931.333672, 'MSE - std': 4289257064.7466288, 'R2 - mean': 0.8930589556776873, 'R2 - std': 0.02731040090721043}
[0]	eval-rmse:634181.43750
[100]	eval-rmse:125716.41406
[200]	eval-rmse:118957.59375
[300]	eval-rmse:116222.66406
[400]	eval-rmse:114691.57812
[500]	eval-rmse:113546.88281
[600]	eval-rmse:112866.75000
[632]	eval-rmse:112829.07812
{'MSE - mean': 13919730705.07608, 'MSE - std': 3601993018.5610366, 'R2 - mean': 0.9004611270213966, 'R2 - std': 0.02463377653436375}
[0]	eval-rmse:606553.87500
[100]	eval-rmse:123459.41406
[200]	eval-rmse:118194.13281
[300]	eval-rmse:116415.91406
[323]	eval-rmse:116438.70312
{'MSE - mean': 13829290721.055178, 'MSE - std': 3123348115.636638, 'R2 - mean': 0.8973705956059896, 'R2 - std': 0.021994803091811947}
[0]	eval-rmse:622501.12500
[100]	eval-rmse:133285.53125
[200]	eval-rmse:128900.89062
[300]	eval-rmse:127501.42969
[400]	eval-rmse:126785.24219
[500]	eval-rmse:126203.21875
[508]	eval-rmse:126195.46094
{'MSE - mean': 14248491375.930243, 'MSE - std': 2916703536.0748415, 'R2 - mean': 0.8941103391207811, 'R2 - std': 0.020725206388247156}
Trial 95 finished with value: 14248491375.930243 and parameters: {'max_depth': 5, 'alpha': 4.493159612745546e-07, 'lambda': 1.0043761249860693e-05, 'eta': 0.058017660465273825}. Best is trial 91 with value: 14063534183.98081.
[0]	eval-rmse:608643.68750
[100]	eval-rmse:112265.57812
[200]	eval-rmse:106610.73438
[300]	eval-rmse:104400.56250
[400]	eval-rmse:103104.29688
[489]	eval-rmse:102559.85938
{'MSE - mean': 10518524601.519075, 'MSE - std': 0.0, 'R2 - mean': 0.9180911076767327, 'R2 - std': 0.0}
[0]	eval-rmse:613997.00000
[100]	eval-rmse:141278.65625
[200]	eval-rmse:137620.29688
[300]	eval-rmse:136140.29688
[321]	eval-rmse:136274.75000
{'MSE - mean': 14541477993.651955, 'MSE - std': 4022953392.1328783, 'R2 - mean': 0.8927766965174738, 'R2 - std': 0.02531441115925892}
[0]	eval-rmse:630552.50000
[100]	eval-rmse:125181.39844
[200]	eval-rmse:119556.02344
[300]	eval-rmse:117055.85938
[400]	eval-rmse:115710.19531
[432]	eval-rmse:115688.01562
{'MSE - mean': 14155557481.276442, 'MSE - std': 3329760544.032155, 'R2 - mean': 0.8988196252770436, 'R2 - std': 0.02236620033770783}
[0]	eval-rmse:602950.62500
[100]	eval-rmse:122458.36719
[200]	eval-rmse:118424.53125
[300]	eval-rmse:116861.04688
[359]	eval-rmse:116617.70312
{'MSE - mean': 14017472844.017456, 'MSE - std': 2893558546.424423, 'R2 - mean': 0.8960461051295104, 'R2 - std': 0.019956513477713964}
[0]	eval-rmse:618884.50000
[100]	eval-rmse:130319.06250
[200]	eval-rmse:126384.90625
[300]	eval-rmse:125420.05469
[307]	eval-rmse:125412.00000
{'MSE - mean': 14359612097.885052, 'MSE - std': 2677009885.192239, 'R2 - mean': 0.8933451739272055, 'R2 - std': 0.01864913031718314}
Trial 96 finished with value: 14359612097.885052 and parameters: {'max_depth': 5, 'alpha': 1.3008832528514137e-06, 'lambda': 8.899642107873617e-05, 'eta': 0.06412187882446209}. Best is trial 91 with value: 14063534183.98081.
[0]	eval-rmse:594618.68750
[100]	eval-rmse:111307.49219
[200]	eval-rmse:105186.69531
[300]	eval-rmse:102813.41406
[400]	eval-rmse:101519.92969
[500]	eval-rmse:100509.16406
[600]	eval-rmse:99879.60156
[614]	eval-rmse:99913.03906
{'MSE - mean': 9982615421.229687, 'MSE - std': 0.0, 'R2 - mean': 0.92226429060935, 'R2 - std': 0.0}
[0]	eval-rmse:600582.75000
[100]	eval-rmse:143300.90625
[200]	eval-rmse:139509.03125
[300]	eval-rmse:138335.50000
[327]	eval-rmse:138183.81250
{'MSE - mean': 14538690131.971859, 'MSE - std': 4556074710.742172, 'R2 - mean': 0.8929701735942597, 'R2 - std': 0.02929411701509027}
[0]	eval-rmse:616641.18750
[100]	eval-rmse:126232.35156
[200]	eval-rmse:120686.98438
[300]	eval-rmse:118266.21094
[400]	eval-rmse:117394.57812
[500]	eval-rmse:116594.85938
[600]	eval-rmse:115878.00781
[633]	eval-rmse:115830.61719
{'MSE - mean': 14164703926.860725, 'MSE - std': 3757429424.0171385, 'R2 - mean': 0.8988753503027773, 'R2 - std': 0.025334543316326768}
[0]	eval-rmse:589364.12500
[100]	eval-rmse:124132.30469
[200]	eval-rmse:118625.70312
[300]	eval-rmse:117017.34375
[397]	eval-rmse:115682.17188
{'MSE - mean': 13968829334.334972, 'MSE - std': 3271667384.5829306, 'R2 - mean': 0.8965459969219461, 'R2 - std': 0.022308226628387492}
[0]	eval-rmse:604808.81250
[100]	eval-rmse:133616.51562
[200]	eval-rmse:129240.41406
[300]	eval-rmse:127442.66406
[323]	eval-rmse:127358.78125
{'MSE - mean': 14419115204.871876, 'MSE - std': 3061711194.9195457, 'R2 - mean': 0.8930100987199442, 'R2 - std': 0.02116922021762916}
Trial 97 finished with value: 14419115204.871876 and parameters: {'max_depth': 4, 'alpha': 2.1014907930121564e-07, 'lambda': 1.8946699445392346e-05, 'eta': 0.08931400304869408}. Best is trial 91 with value: 14063534183.98081.
[0]	eval-rmse:615406.18750
[100]	eval-rmse:114312.95312
[200]	eval-rmse:108818.39062
[300]	eval-rmse:107125.08594
[400]	eval-rmse:106353.08594
[435]	eval-rmse:106357.34375
{'MSE - mean': 11311884387.127375, 'MSE - std': 0.0, 'R2 - mean': 0.911913128947319, 'R2 - std': 0.0}
[0]	eval-rmse:620910.18750
[100]	eval-rmse:142320.48438
[200]	eval-rmse:139176.01562
[300]	eval-rmse:137852.53125
[346]	eval-rmse:137657.62500
{'MSE - mean': 15130752151.688953, 'MSE - std': 3818867764.5615797, 'R2 - mean': 0.8883127119678015, 'R2 - std': 0.023600416979517536}
[0]	eval-rmse:636661.37500
[100]	eval-rmse:125291.28906
[200]	eval-rmse:119500.72656
[300]	eval-rmse:116851.83594
[400]	eval-rmse:115667.32031
[500]	eval-rmse:115172.32031
[600]	eval-rmse:114720.74219
[700]	eval-rmse:114474.83594
[723]	eval-rmse:114507.50000
{'MSE - mean': 14457277329.973572, 'MSE - std': 3260312460.451325, 'R2 - mean': 0.8964502792438318, 'R2 - std': 0.022444593782955963}
[0]	eval-rmse:609873.06250
[100]	eval-rmse:120373.32812
[200]	eval-rmse:116992.85938
[250]	eval-rmse:116357.17188
{'MSE - mean': 14227706083.464363, 'MSE - std': 2851374559.138452, 'R2 - mean': 0.8944016194810154, 'R2 - std': 0.01975881734904138}
[0]	eval-rmse:625264.12500
[100]	eval-rmse:129066.17969
[200]	eval-rmse:125067.75000
[300]	eval-rmse:123791.75781
[399]	eval-rmse:123177.17188
{'MSE - mean': 14417141782.728664, 'MSE - std': 2578335322.9990516, 'R2 - mean': 0.8928559752961343, 'R2 - std': 0.017941146959189903}
Trial 98 finished with value: 14417141782.728664 and parameters: {'max_depth': 6, 'alpha': 1.282020479985985e-05, 'lambda': 0.000345595790494805, 'eta': 0.05191385604067244}. Best is trial 91 with value: 14063534183.98081.
[0]	eval-rmse:598727.00000
[100]	eval-rmse:112454.71875
[200]	eval-rmse:106162.48438
[300]	eval-rmse:103770.83594
[400]	eval-rmse:102063.52344
[500]	eval-rmse:101057.60938
[600]	eval-rmse:100426.96875
[648]	eval-rmse:100288.69531
{'MSE - mean': 10057822173.55706, 'MSE - std': 0.0, 'R2 - mean': 0.9216786474691062, 'R2 - std': 0.0}
[0]	eval-rmse:604608.00000
[100]	eval-rmse:143788.15625
[200]	eval-rmse:140249.12500
[300]	eval-rmse:138535.62500
[395]	eval-rmse:137569.93750
{'MSE - mean': 14491654099.568947, 'MSE - std': 4433831926.011887, 'R2 - mean': 0.8932816212067985, 'R2 - std': 0.028397026262307667}
[0]	eval-rmse:620760.75000
[100]	eval-rmse:127936.58594
[200]	eval-rmse:122126.57812
[300]	eval-rmse:119062.78125
[400]	eval-rmse:117520.79688
[500]	eval-rmse:116082.36719
[565]	eval-rmse:115584.52344
{'MSE - mean': 14115843184.921705, 'MSE - std': 3659013262.1447062, 'R2 - mean': 0.8991995009366324, 'R2 - std': 0.02465028738213169}
[0]	eval-rmse:593435.25000
[100]	eval-rmse:124457.94531
[200]	eval-rmse:118423.72656
[300]	eval-rmse:116310.01562
[400]	eval-rmse:115482.90625
[414]	eval-rmse:115488.28125
{'MSE - mean': 13920332263.382256, 'MSE - std': 3186841241.8469715, 'R2 - mean': 0.8968869266230386, 'R2 - std': 0.02172030158363232}
[0]	eval-rmse:608929.00000
[100]	eval-rmse:134829.20312
[200]	eval-rmse:130725.20312
[300]	eval-rmse:128982.83594
[317]	eval-rmse:128959.74219
{'MSE - mean': 14457597328.031076, 'MSE - std': 3046207589.6691275, 'R2 - mean': 0.8927057142151806, 'R2 - std': 0.021150587450604184}
Trial 99 finished with value: 14457597328.031076 and parameters: {'max_depth': 4, 'alpha': 7.39224500105171e-07, 'lambda': 2.9062756781657484e-06, 'eta': 0.08222324124027704}. Best is trial 91 with value: 14063534183.98081.
Best parameters: {'max_depth': 5, 'alpha': 2.874996481188489e-06, 'lambda': 0.00019152159657508756, 'eta': 0.07317314603436285}
[0]	eval-rmse:603300.50000
[100]	eval-rmse:110395.46094
[200]	eval-rmse:105789.68750
[300]	eval-rmse:103557.38281
[400]	eval-rmse:102728.36719
[500]	eval-rmse:101951.68750
[600]	eval-rmse:101564.02344
[611]	eval-rmse:101570.53906
{'MSE - mean': 10315945365.602652, 'MSE - std': 0.0, 'R2 - mean': 0.9196686141664938, 'R2 - std': 0.0}
[0]	eval-rmse:608711.37500
[100]	eval-rmse:141394.23438
[200]	eval-rmse:139750.75000
[257]	eval-rmse:139313.64062
{'MSE - mean': 14862184431.19563, 'MSE - std': 4546239065.5929785, 'R2 - mean': 0.8905526781012252, 'R2 - std': 0.029115936065268577}
[0]	eval-rmse:625175.81250
[100]	eval-rmse:123011.39062
[200]	eval-rmse:118024.00781
[300]	eval-rmse:115352.26562
[400]	eval-rmse:114233.22656
[500]	eval-rmse:113352.00000
[600]	eval-rmse:112805.00000
[686]	eval-rmse:112583.95312
{'MSE - mean': 14133171454.303057, 'MSE - std': 3852503030.7543373, 'R2 - mean': 0.8989092496970743, 'R2 - std': 0.02654850403150759}
[0]	eval-rmse:597612.31250
[100]	eval-rmse:121773.19531
[200]	eval-rmse:117888.24219
[300]	eval-rmse:116079.64844
[400]	eval-rmse:115389.33594
[500]	eval-rmse:114691.28906
[554]	eval-rmse:114460.13281
{'MSE - mean': 13875159241.25839, 'MSE - std': 3366161851.087843, 'R2 - mean': 0.8971493391158846, 'R2 - std': 0.023192868634444114}
[0]	eval-rmse:613526.00000
[100]	eval-rmse:127923.96875
[200]	eval-rmse:124017.80469
[300]	eval-rmse:123114.17969
[400]	eval-rmse:122010.09375
[467]	eval-rmse:121725.24219
{'MSE - mean': 14063534183.98081, 'MSE - std': 3034267121.127935, 'R2 - mean': 0.8955886393546043, 'R2 - std': 0.020977856405626993}
Results: {'MSE - mean': 14063534183.98081, 'MSE - std': 3034267121.127935, 'R2 - mean': 0.8955886393546043, 'R2 - std': 0.020977856405626993}
Train time: 1.7944704628001091
Inference time: 0.1588270458000352


----------------------------------------------------------------------------
Training XGBoost Vesion 1 with Dataset: config/mip_2016.yml 



----------------------------------------------------------------------------
Namespace(batch_size=128, cat_dims=None, cat_idx=None, config='config/mip_2016.yml', data_parallel=False, dataset='MIP', direction='minimize', dropna_idx=[0], early_stopping_rounds=20, epochs=1000, gpu_ids=[0, 1], logging_period=100, miss_cat_idx=None, miss_num_idx=None, model_name='XGBoost', n_trials=100, nominal_idx=[145, 146], num_classes=1, num_features=147, num_splits=5, objective='regression', one_hot_encode=True, optimize_hyperparameters=True, ordinal_encode=False, ordinal_idx=None, scale=True, seed=221, shuffle=True, target_encode=False, use_gpu=True, val_batch_size=256)
Start hyperparameter optimization
Loading dataset MIP...
Dataset loaded!
(1090, 146)
Scaling the data...
args.num_features: 151
New Shape: (1090, 151)
A new study created in RDB with name: XGBoost_MIP
[0]	eval-rmse:25141.54688
[38]	eval-rmse:1031.20727
{'MSE - mean': 1063388.3164712242, 'MSE - std': 0.0, 'R2 - mean': 0.9988231113107623, 'R2 - std': 0.0}
[0]	eval-rmse:22224.63867
[41]	eval-rmse:901.74200
{'MSE - mean': 938263.507885497, 'MSE - std': 125124.80858572724, 'R2 - mean': 0.9988714367865434, 'R2 - std': 4.8325475781096916e-05}
[0]	eval-rmse:20767.68359
[72]	eval-rmse:783.38300
{'MSE - mean': 830071.9902892774, 'MSE - std': 183979.040768116, 'R2 - mean': 0.9989451590619981, 'R2 - std': 0.00011147577705218284}
[0]	eval-rmse:24905.47266
[39]	eval-rmse:884.83893
{'MSE - mean': 819111.8797191149, 'MSE - std': 160457.43252525773, 'R2 - mean': 0.9989888767008732, 'R2 - std': 0.00012269406056739595}
[0]	eval-rmse:24122.10742
[39]	eval-rmse:780.11395
{'MSE - mean': 777174.1380722029, 'MSE - std': 166229.86139635267, 'R2 - mean': 0.999048029973903, 'R2 - std': 0.00016136760777603232}
Trial 0 finished with value: 777174.1380722029 and parameters: {'max_depth': 5, 'alpha': 0.000500023727298116, 'lambda': 1.3923300561145254e-06, 'eta': 0.2718009686544326}. Best is trial 0 with value: 777174.1380722029.
[0]	eval-rmse:25689.93750
[61]	eval-rmse:962.98450
{'MSE - mean': 927339.1121536761, 'MSE - std': 0.0, 'R2 - mean': 0.9989736816783891, 'R2 - std': 0.0}
[0]	eval-rmse:22706.56055
[100]	eval-rmse:824.11292
[152]	eval-rmse:828.76959
{'MSE - mean': 807099.0507401773, 'MSE - std': 120240.06141349877, 'R2 - mean': 0.9990306019457738, 'R2 - std': 5.6920267384630296e-05}
[0]	eval-rmse:21220.38672
[100]	eval-rmse:927.62512
[110]	eval-rmse:937.24048
{'MSE - mean': 830926.7242634179, 'MSE - std': 103797.70853383472, 'R2 - mean': 0.9989207127711249, 'R2 - std': 0.00016220729320661582}
[0]	eval-rmse:25447.96875
[54]	eval-rmse:892.64716
{'MSE - mean': 822399.7733135871, 'MSE - std': 91096.65142121658, 'R2 - mean': 0.9989675795684612, 'R2 - std': 0.00016224331898334526}
[0]	eval-rmse:24646.86719
[100]	eval-rmse:771.75897
[115]	eval-rmse:773.23285
{'MSE - mean': 777379.3269379502, 'MSE - std': 121434.1067722462, 'R2 - mean': 0.9990338389446146, 'R2 - std': 0.00019651853692913588}
