Trial 41 finished with value: 4.545803895621836 and parameters: {'max_depth': 5, 'alpha': 0.9452714758543538, 'lambda': 0.6078387777352066, 'eta': 0.015462338916262077}. Best is trial 41 with value: 4.545803895621836.
[0]	eval-rmse:9.91205
[100]	eval-rmse:3.01084
[200]	eval-rmse:2.20943
[300]	eval-rmse:2.14415
[379]	eval-rmse:2.13804
{'MSE - mean': 4.570622777214467, 'MSE - std': 0.0, 'R2 - mean': 0.5831743056238003, 'R2 - std': 0.0}
[0]	eval-rmse:9.72729
[100]	eval-rmse:2.83885
[200]	eval-rmse:2.08544
[300]	eval-rmse:2.04831
[331]	eval-rmse:2.04948
{'MSE - mean': 4.38548716858932, 'MSE - std': 0.18513560862514788, 'R2 - mean': 0.5677156313204427, 'R2 - std': 0.015458674303357678}
[0]	eval-rmse:9.81392
[100]	eval-rmse:2.91223
[200]	eval-rmse:2.18458
[300]	eval-rmse:2.15109
{'MSE - mean': 4.466120835043879, 'MSE - std': 0.1893507469903741, 'R2 - mean': 0.5600341042239437, 'R2 - std': 0.0166530915412131}
[0]	eval-rmse:9.71409
[100]	eval-rmse:2.83048
[200]	eval-rmse:2.08332
[300]	eval-rmse:2.03686
[328]	eval-rmse:2.03778
{'MSE - mean': 4.387732579118023, 'MSE - std': 0.21289536171709283, 'R2 - mean': 0.5590269127761336, 'R2 - std': 0.014527126255651642}
[0]	eval-rmse:9.93275
[100]	eval-rmse:3.11704
[200]	eval-rmse:2.35360
[300]	eval-rmse:2.30063
[400]	eval-rmse:2.29087
[422]	eval-rmse:2.29074
{'MSE - mean': 4.559686179250865, 'MSE - std': 0.3931052154666782, 'R2 - mean': 0.560428201285603, 'R2 - std': 0.013292266764747023}
Trial 42 finished with value: 4.559686179250865 and parameters: {'max_depth': 6, 'alpha': 0.4328166574225987, 'lambda': 0.9745939621278088, 'eta': 0.015858458446461665}. Best is trial 41 with value: 4.545803895621836.
[0]	eval-rmse:9.89563
[100]	eval-rmse:2.81989
[200]	eval-rmse:2.18143
[300]	eval-rmse:2.14087
[373]	eval-rmse:2.13609
{'MSE - mean': 4.562882187062207, 'MSE - std': 0.0, 'R2 - mean': 0.5838802218681209, 'R2 - std': 0.0}
[0]	eval-rmse:9.71109
[100]	eval-rmse:2.64528
[200]	eval-rmse:2.09363
[300]	eval-rmse:2.07569
[317]	eval-rmse:2.07644
{'MSE - mean': 4.43696700169009, 'MSE - std': 0.12591518537211677, 'R2 - mean': 0.5621684559738628, 'R2 - std': 0.02171176589425816}
[0]	eval-rmse:9.79763
[100]	eval-rmse:2.70592
[200]	eval-rmse:2.15343
[271]	eval-rmse:2.14103
{'MSE - mean': 4.485982276880224, 'MSE - std': 0.1239949609545712, 'R2 - mean': 0.557758679610743, 'R2 - std': 0.01879253683363446}
[0]	eval-rmse:9.69803
[100]	eval-rmse:2.63067
[200]	eval-rmse:2.07055
[295]	eval-rmse:2.05716
{'MSE - mean': 4.422180165751676, 'MSE - std': 0.1540882568853744, 'R2 - mean': 0.5552298874341715, 'R2 - std': 0.016853900145055396}
[0]	eval-rmse:9.91666
[100]	eval-rmse:2.91141
[200]	eval-rmse:2.32855
[291]	eval-rmse:2.30646
{'MSE - mean': 4.601223803441473, 'MSE - std': 0.38369395293222924, 'R2 - mean': 0.5562344762275349, 'R2 - std': 0.015207891196829502}
Trial 43 finished with value: 4.601223803441473 and parameters: {'max_depth': 7, 'alpha': 0.07939984940747662, 'lambda': 0.9671621983959606, 'eta': 0.017581428897251637}. Best is trial 41 with value: 4.545803895621836.
[0]	eval-rmse:9.94395
[100]	eval-rmse:3.61215
[200]	eval-rmse:2.35046
[300]	eval-rmse:2.18419
[400]	eval-rmse:2.15513
[500]	eval-rmse:2.13819
[600]	eval-rmse:2.12868
[700]	eval-rmse:2.12259
[800]	eval-rmse:2.11722
[900]	eval-rmse:2.11269
[999]	eval-rmse:2.10889
{'MSE - mean': 4.447424004692811, 'MSE - std': 0.0, 'R2 - mean': 0.5944096265867636, 'R2 - std': 0.0}
[0]	eval-rmse:9.75749
[100]	eval-rmse:3.40666
[200]	eval-rmse:2.16317
[300]	eval-rmse:2.02624
[400]	eval-rmse:2.00425
[478]	eval-rmse:2.00380
{'MSE - mean': 4.231327285877905, 'MSE - std': 0.21609671881490655, 'R2 - mean': 0.5831999226658295, 'R2 - std': 0.011209703920934011}
[0]	eval-rmse:9.84563
[100]	eval-rmse:3.53698
[200]	eval-rmse:2.32583
[300]	eval-rmse:2.17591
[400]	eval-rmse:2.15587
[500]	eval-rmse:2.14660
[600]	eval-rmse:2.14270
[700]	eval-rmse:2.13919
[702]	eval-rmse:2.13920
{'MSE - mean': 4.346402264665181, 'MSE - std': 0.24003408662277484, 'R2 - mean': 0.5720243620009348, 'R2 - std': 0.01826356902906683}
[0]	eval-rmse:9.74550
[100]	eval-rmse:3.42030
[200]	eval-rmse:2.22536
[300]	eval-rmse:2.09275
[400]	eval-rmse:2.07836
[432]	eval-rmse:2.07867
{'MSE - mean': 4.3400159438228005, 'MSE - std': 0.20816970802047008, 'R2 - mean': 0.563521215206286, 'R2 - std': 0.02161201012154247}
[0]	eval-rmse:9.96437
[100]	eval-rmse:3.72317
[200]	eval-rmse:2.50334
[300]	eval-rmse:2.33969
[400]	eval-rmse:2.31016
[500]	eval-rmse:2.29813
[600]	eval-rmse:2.28972
[700]	eval-rmse:2.28704
[748]	eval-rmse:2.28629
{'MSE - mean': 4.51743824446182, 'MSE - std': 0.4007273298965689, 'R2 - mean': 0.5643606135618998, 'R2 - std': 0.01940313231394747}
Trial 44 finished with value: 4.51743824446182 and parameters: {'max_depth': 4, 'alpha': 0.9800025219430535, 'lambda': 0.49770791146992654, 'eta': 0.0125178727180663}. Best is trial 44 with value: 4.51743824446182.
[0]	eval-rmse:9.93385
[100]	eval-rmse:3.41037
[200]	eval-rmse:2.31914
[300]	eval-rmse:2.18822
[400]	eval-rmse:2.17274
[418]	eval-rmse:2.17291
{'MSE - mean': 4.7215347246697155, 'MSE - std': 0.0, 'R2 - mean': 0.5694116346807314, 'R2 - std': 0.0}
[0]	eval-rmse:9.74918
[100]	eval-rmse:3.24101
[200]	eval-rmse:2.18454
[300]	eval-rmse:2.10784
[333]	eval-rmse:2.10692
{'MSE - mean': 4.580519744529695, 'MSE - std': 0.1410149801400209, 'R2 - mean': 0.5480878409438927, 'R2 - std': 0.02132379373683868}
[0]	eval-rmse:9.83655
[100]	eval-rmse:3.29888
[200]	eval-rmse:2.24088
[300]	eval-rmse:2.14563
[385]	eval-rmse:2.13816
{'MSE - mean': 4.5778303962240825, 'MSE - std': 0.11520104862606412, 'R2 - mean': 0.5487508028760053, 'R2 - std': 0.01743603041408856}
[0]	eval-rmse:9.73598
[100]	eval-rmse:3.21844
[200]	eval-rmse:2.15080
[300]	eval-rmse:2.05526
[342]	eval-rmse:2.05302
{'MSE - mean': 4.486904065845458, 'MSE - std': 0.18643029225900226, 'R2 - mean': 0.5489190032913456, 'R2 - std': 0.01510285541180633}
[0]	eval-rmse:9.95405
[100]	eval-rmse:3.48678
[200]	eval-rmse:2.43947
[300]	eval-rmse:2.34915
[372]	eval-rmse:2.34280
{'MSE - mean': 4.687269452755445, 'MSE - std': 0.4340393486583646, 'R2 - mean': 0.5483519377411865, 'R2 - std': 0.013555930312031384}
Trial 45 finished with value: 4.687269452755445 and parameters: {'max_depth': 8, 'alpha': 0.8839113547633263, 'lambda': 0.30486027241313973, 'eta': 0.013487067921797883}. Best is trial 44 with value: 4.51743824446182.
[0]	eval-rmse:9.96666
[100]	eval-rmse:4.23029
[200]	eval-rmse:2.57607
[300]	eval-rmse:2.22281
[400]	eval-rmse:2.16472
[500]	eval-rmse:2.14558
[600]	eval-rmse:2.13493
[700]	eval-rmse:2.13138
[772]	eval-rmse:2.13071
{'MSE - mean': 4.53993964043874, 'MSE - std': 0.0, 'R2 - mean': 0.5859725063101358, 'R2 - std': 0.0}
[0]	eval-rmse:9.78112
[100]	eval-rmse:4.05148
[200]	eval-rmse:2.39992
[300]	eval-rmse:2.08301
[400]	eval-rmse:2.03276
[492]	eval-rmse:2.01943
{'MSE - mean': 4.309024335039927, 'MSE - std': 0.230915305398812, 'R2 - mean': 0.5756300485040469, 'R2 - std': 0.01034245780608889}
[0]	eval-rmse:9.86775
[100]	eval-rmse:4.14616
[200]	eval-rmse:2.52495
[300]	eval-rmse:2.20864
[400]	eval-rmse:2.15329
[500]	eval-rmse:2.14465
[600]	eval-rmse:2.14149
[627]	eval-rmse:2.14134
{'MSE - mean': 4.401160673469887, 'MSE - std': 0.22918579485542104, 'R2 - mean': 0.5666864820928378, 'R2 - std': 0.015208080613626709}
[0]	eval-rmse:9.76864
[100]	eval-rmse:4.04419
[200]	eval-rmse:2.43212
[300]	eval-rmse:2.11808
[400]	eval-rmse:2.07002
[500]	eval-rmse:2.06137
[531]	eval-rmse:2.06156
{'MSE - mean': 4.363355526015713, 'MSE - std': 0.2090030716155357, 'R2 - mean': 0.5614134229627908, 'R2 - std': 0.016027468444200398}
[0]	eval-rmse:9.98675
[100]	eval-rmse:4.32059
[200]	eval-rmse:2.70269
[300]	eval-rmse:2.38262
[400]	eval-rmse:2.32818
[500]	eval-rmse:2.31902
[600]	eval-rmse:2.31541
[625]	eval-rmse:2.31565
{'MSE - mean': 4.5631295014356414, 'MSE - std': 0.44111720911353147, 'R2 - mean': 0.5604398680860131, 'R2 - std': 0.014467032597470115}
Trial 46 finished with value: 4.5631295014356414 and parameters: {'max_depth': 5, 'alpha': 0.32130920156208853, 'lambda': 0.4853028353183982, 'eta': 0.010060693383706529}. Best is trial 44 with value: 4.51743824446182.
[0]	eval-rmse:9.93798
[100]	eval-rmse:3.46384
[200]	eval-rmse:2.30714
[300]	eval-rmse:2.17291
[400]	eval-rmse:2.15010
[500]	eval-rmse:2.13272
[600]	eval-rmse:2.12571
[700]	eval-rmse:2.12113
[717]	eval-rmse:2.12149
{'MSE - mean': 4.500058584173831, 'MSE - std': 0.0, 'R2 - mean': 0.589609526860803, 'R2 - std': 0.0}
[0]	eval-rmse:9.75138
[100]	eval-rmse:3.26559
[200]	eval-rmse:2.12934
[300]	eval-rmse:2.02622
[360]	eval-rmse:2.01508
{'MSE - mean': 4.280881721305388, 'MSE - std': 0.21917686286844296, 'R2 - mean': 0.5783228729204366, 'R2 - std': 0.011286653940366431}
[0]	eval-rmse:9.83920
[100]	eval-rmse:3.40057
[200]	eval-rmse:2.29466
[300]	eval-rmse:2.17328
[400]	eval-rmse:2.15443
[500]	eval-rmse:2.14382
[600]	eval-rmse:2.13906
[700]	eval-rmse:2.13483
[800]	eval-rmse:2.13382
[841]	eval-rmse:2.13348
{'MSE - mean': 4.371170042423403, 'MSE - std': 0.21984000243780558, 'R2 - mean': 0.5695866063336945, 'R2 - std': 0.015413319322228338}
[0]	eval-rmse:9.73928
[100]	eval-rmse:3.28063
[200]	eval-rmse:2.18962
[300]	eval-rmse:2.08550
[379]	eval-rmse:2.07744
{'MSE - mean': 4.35732169016209, 'MSE - std': 0.19189202845598097, 'R2 - mean': 0.5618286968014071, 'R2 - std': 0.01894025581480356}
[0]	eval-rmse:9.95898
[100]	eval-rmse:3.58716
[200]	eval-rmse:2.46717
[300]	eval-rmse:2.33194
[400]	eval-rmse:2.31631
[500]	eval-rmse:2.30751
[570]	eval-rmse:2.30433
{'MSE - mean': 4.547843892256118, 'MSE - std': 0.4179149176937717, 'R2 - mean': 0.5616370051609213, 'R2 - std': 0.016945017409382878}
Trial 47 finished with value: 4.547843892256118 and parameters: {'max_depth': 4, 'alpha': 0.1239013853612584, 'lambda': 0.26697682003175743, 'eta': 0.013155551424598186}. Best is trial 44 with value: 4.51743824446182.
[0]	eval-rmse:9.94122
[100]	eval-rmse:3.53316
[200]	eval-rmse:2.32843
[300]	eval-rmse:2.17412
[400]	eval-rmse:2.14740
[500]	eval-rmse:2.13387
[563]	eval-rmse:2.13112
{'MSE - mean': 4.5416772350786925, 'MSE - std': 0.0, 'R2 - mean': 0.585814043420581, 'R2 - std': 0.0}
[0]	eval-rmse:9.75460
[100]	eval-rmse:3.33670
[200]	eval-rmse:2.14810
[300]	eval-rmse:2.03006
[369]	eval-rmse:2.01584
{'MSE - mean': 4.302185859513015, 'MSE - std': 0.2394913755656769, 'R2 - mean': 0.5763723858609044, 'R2 - std': 0.00944165755967652}
[0]	eval-rmse:9.84240
[100]	eval-rmse:3.47085
[200]	eval-rmse:2.31357
[300]	eval-rmse:2.17988
[400]	eval-rmse:2.16070
[500]	eval-rmse:2.15023
[578]	eval-rmse:2.14575
{'MSE - mean': 4.40287442735763, 'MSE - std': 0.2418962340262709, 'R2 - mean': 0.56656414448239, 'R2 - std': 0.015869251070163064}
[0]	eval-rmse:9.74251
[100]	eval-rmse:3.35012
[200]	eval-rmse:2.20538
[300]	eval-rmse:2.08692
[369]	eval-rmse:2.07932
{'MSE - mean': 4.382714986708013, 'MSE - std': 0.21237831850023112, 'R2 - mean': 0.5593891729530391, 'R2 - std': 0.018528774824226473}
[0]	eval-rmse:9.96214
[100]	eval-rmse:3.65726
[200]	eval-rmse:2.48504
[300]	eval-rmse:2.33727
[400]	eval-rmse:2.31469
[500]	eval-rmse:2.30507
[600]	eval-rmse:2.30020
[645]	eval-rmse:2.30046
{'MSE - mean': 4.564598643235345, 'MSE - std': 0.41037823794908834, 'R2 - mean': 0.5599797875541495, 'R2 - std': 0.016614683253607022}
Trial 48 finished with value: 4.564598643235345 and parameters: {'max_depth': 4, 'alpha': 0.12080531005466251, 'lambda': 0.23851192673844776, 'eta': 0.0128134696276282}. Best is trial 44 with value: 4.51743824446182.
[0]	eval-rmse:9.88751
[100]	eval-rmse:2.76148
[200]	eval-rmse:2.23331
[300]	eval-rmse:2.18652
[400]	eval-rmse:2.16079
[500]	eval-rmse:2.14738
[600]	eval-rmse:2.14081
[700]	eval-rmse:2.13483
[701]	eval-rmse:2.13473
{'MSE - mean': 4.557060864576528, 'MSE - std': 0.0, 'R2 - mean': 0.5844111072431681, 'R2 - std': 0.0}
[0]	eval-rmse:9.70093
[100]	eval-rmse:2.54700
[200]	eval-rmse:2.05896
[300]	eval-rmse:2.02105
[369]	eval-rmse:2.01605
{'MSE - mean': 4.311571137669877, 'MSE - std': 0.2454897269066505, 'R2 - mean': 0.5754904003920148, 'R2 - std': 0.008920706851153315}
[0]	eval-rmse:9.78907
[100]	eval-rmse:2.71370
[200]	eval-rmse:2.22335
[300]	eval-rmse:2.18563
[400]	eval-rmse:2.17378
[500]	eval-rmse:2.15925
[600]	eval-rmse:2.15300
[627]	eval-rmse:2.15303
{'MSE - mean': 4.419748321554441, 'MSE - std': 0.2521535449632314, 'R2 - mean': 0.564931451099258, 'R2 - std': 0.016614315939880366}
[0]	eval-rmse:9.68918
[100]	eval-rmse:2.57475
[200]	eval-rmse:2.11018
[300]	eval-rmse:2.08336
[362]	eval-rmse:2.08243
{'MSE - mean': 4.398823335016562, 'MSE - std': 0.22135858434443995, 'R2 - mean': 0.5577954641347029, 'R2 - std': 0.01896822475846183}
[0]	eval-rmse:9.91013
[100]	eval-rmse:2.91499
[200]	eval-rmse:2.39075
[300]	eval-rmse:2.34403
[400]	eval-rmse:2.33294
[500]	eval-rmse:2.32388
[600]	eval-rmse:2.31697
[700]	eval-rmse:2.31259
[724]	eval-rmse:2.31365
{'MSE - mean': 4.589658161594094, 'MSE - std': 0.42996676898323843, 'R2 - mean': 0.5576981304904663, 'R2 - std': 0.016966812775038833}
Trial 49 finished with value: 4.589658161594094 and parameters: {'max_depth': 3, 'alpha': 0.027389461550257132, 'lambda': 8.138517466713878e-05, 'eta': 0.018559726652271593}. Best is trial 44 with value: 4.51743824446182.
[0]	eval-rmse:9.95336
[100]	eval-rmse:3.91159
[200]	eval-rmse:2.50008
[300]	eval-rmse:2.25846
[400]	eval-rmse:2.21875
[446]	eval-rmse:2.21590
{'MSE - mean': 4.909810894250744, 'MSE - std': 0.0, 'R2 - mean': 0.5522414701440003, 'R2 - std': 0.0}
[0]	eval-rmse:9.76914
[100]	eval-rmse:3.74182
[200]	eval-rmse:2.33945
[300]	eval-rmse:2.14240
[359]	eval-rmse:2.13640
{'MSE - mean': 4.7370187160013035, 'MSE - std': 0.17279217824944082, 'R2 - mean': 0.5328553024407106, 'R2 - std': 0.01938616770328977}
[0]	eval-rmse:9.85612
[100]	eval-rmse:3.81067
[200]	eval-rmse:2.38742
[300]	eval-rmse:2.18867
[400]	eval-rmse:2.16376
[500]	eval-rmse:2.15993
[514]	eval-rmse:2.16105
{'MSE - mean': 4.714751088810783, 'MSE - std': 0.14455605262613425, 'R2 - mean': 0.5353891561620314, 'R2 - std': 0.016229289207340136}
[0]	eval-rmse:9.75609
[100]	eval-rmse:3.71973
[200]	eval-rmse:2.32041
[300]	eval-rmse:2.11531
[400]	eval-rmse:2.09298
[481]	eval-rmse:2.08991
{'MSE - mean': 4.6280337198366315, 'MSE - std': 0.19553016521379674, 'R2 - mean': 0.5347878364470773, 'R2 - std': 0.014093513661624379}
[0]	eval-rmse:9.97413
[100]	eval-rmse:3.98966
[200]	eval-rmse:2.60843
[300]	eval-rmse:2.39569
[400]	eval-rmse:2.36829
[488]	eval-rmse:2.36693
{'MSE - mean': 4.822900523083602, 'MSE - std': 0.4271743443110798, 'R2 - mean': 0.5351674598181411, 'R2 - std': 0.012628466157049547}
Trial 50 finished with value: 4.822900523083602 and parameters: {'max_depth': 9, 'alpha': 0.00512774165397286, 'lambda': 0.5738345783155827, 'eta': 0.011369359286016961}. Best is trial 44 with value: 4.51743824446182.
[0]	eval-rmse:9.92724
[100]	eval-rmse:3.26744
[200]	eval-rmse:2.26837
[300]	eval-rmse:2.15535
[400]	eval-rmse:2.13769
[500]	eval-rmse:2.12891
[600]	eval-rmse:2.12519
[617]	eval-rmse:2.12620
{'MSE - mean': 4.520721022565126, 'MSE - std': 0.0, 'R2 - mean': 0.5877251807553023, 'R2 - std': 0.0}
[0]	eval-rmse:9.74239
[100]	eval-rmse:3.08354
[200]	eval-rmse:2.11690
[300]	eval-rmse:2.05002
[311]	eval-rmse:2.05152
{'MSE - mean': 4.364544215495581, 'MSE - std': 0.1561768070695444, 'R2 - mean': 0.5695638379352639, 'R2 - std': 0.018161342820038395}
[0]	eval-rmse:9.82904
[100]	eval-rmse:3.16591
[200]	eval-rmse:2.22273
[300]	eval-rmse:2.13986
[358]	eval-rmse:2.13988
{'MSE - mean': 4.435784507714514, 'MSE - std': 0.1625150921663473, 'R2 - mean': 0.5628774574600536, 'R2 - std': 0.017587067684424317}
[0]	eval-rmse:9.72918
[100]	eval-rmse:3.08235
[200]	eval-rmse:2.13582
[300]	eval-rmse:2.05679
[347]	eval-rmse:2.05633
{'MSE - mean': 4.383957232442383, 'MSE - std': 0.1669328181418407, 'R2 - mean': 0.5591304080333175, 'R2 - std': 0.016555961177823597}
[0]	eval-rmse:9.94807
[100]	eval-rmse:3.36630
[200]	eval-rmse:2.39360
[300]	eval-rmse:2.30296
[400]	eval-rmse:2.28968
{'MSE - mean': 4.555692834473118, 'MSE - std': 0.3745206544873817, 'R2 - mean': 0.560591469861836, 'R2 - std': 0.015093663805858972}
Trial 51 finished with value: 4.555692834473118 and parameters: {'max_depth': 6, 'alpha': 0.9834466505243886, 'lambda': 0.9916846649933843, 'eta': 0.014251347777253422}. Best is trial 44 with value: 4.51743824446182.
[0]	eval-rmse:9.92676
[100]	eval-rmse:3.25724
[200]	eval-rmse:2.26438
[300]	eval-rmse:2.16499
[400]	eval-rmse:2.15113
[500]	eval-rmse:2.14489
[540]	eval-rmse:2.14405
{'MSE - mean': 4.59693510055195, 'MSE - std': 0.0, 'R2 - mean': 0.5807747086803655, 'R2 - std': 0.0}
[0]	eval-rmse:9.74191
[100]	eval-rmse:3.07795
[200]	eval-rmse:2.11564
[300]	eval-rmse:2.04788
[354]	eval-rmse:2.04588
{'MSE - mean': 4.391279524764479, 'MSE - std': 0.20565557578747118, 'R2 - mean': 0.5673007892107254, 'R2 - std': 0.013473919469640216}
[0]	eval-rmse:9.82855
[100]	eval-rmse:3.15375
[200]	eval-rmse:2.21885
[300]	eval-rmse:2.14369
[340]	eval-rmse:2.14402
{'MSE - mean': 4.4598302952162, 'MSE - std': 0.19389316687469915, 'R2 - mean': 0.5607564972377027, 'R2 - std': 0.01437659621651004}
[0]	eval-rmse:9.72884
[100]	eval-rmse:3.07431
[200]	eval-rmse:2.13546
[300]	eval-rmse:2.05835
[334]	eval-rmse:2.05897
{'MSE - mean': 4.404988381605536, 'MSE - std': 0.1929218146969477, 'R2 - mean': 0.5572192675742031, 'R2 - std': 0.013876270037602013}
[0]	eval-rmse:9.94717
[100]	eval-rmse:3.35462
[200]	eval-rmse:2.39580
[300]	eval-rmse:2.30331
[400]	eval-rmse:2.29359
[461]	eval-rmse:2.29336
{'MSE - mean': 4.575894104570308, 'MSE - std': 0.38289701727385705, 'R2 - mean': 0.5587833343498902, 'R2 - std': 0.012799449817878667}
Trial 52 finished with value: 4.575894104570308 and parameters: {'max_depth': 6, 'alpha': 0.8864283465158973, 'lambda': 0.9877416103119314, 'eta': 0.014301852219007148}. Best is trial 44 with value: 4.51743824446182.
[0]	eval-rmse:9.86075
[100]	eval-rmse:2.49921
[200]	eval-rmse:2.16184
[300]	eval-rmse:2.14458
[320]	eval-rmse:2.14623
{'MSE - mean': 4.606305466089422, 'MSE - std': 0.0, 'R2 - mean': 0.5799201623062507, 'R2 - std': 0.0}
[0]	eval-rmse:9.67743
[100]	eval-rmse:2.34358
[200]	eval-rmse:2.06869
[253]	eval-rmse:2.06695
{'MSE - mean': 4.439293239609309, 'MSE - std': 0.16701222648011305, 'R2 - mean': 0.5622548433904898, 'R2 - std': 0.01766531891576084}
[0]	eval-rmse:9.76403
[100]	eval-rmse:2.42159
[200]	eval-rmse:2.14502
[209]	eval-rmse:2.14462
{'MSE - mean': 4.492663484343285, 'MSE - std': 0.1558594085765286, 'R2 - mean': 0.5573114483178907, 'R2 - std': 0.016028619340145496}
[0]	eval-rmse:9.66307
[100]	eval-rmse:2.34630
[200]	eval-rmse:2.05777
[299]	eval-rmse:2.04566
{'MSE - mean': 4.415680362096988, 'MSE - std': 0.1897322317470959, 'R2 - mean': 0.5561251948498358, 'R2 - std': 0.014032429238548878}
[0]	eval-rmse:9.88271
[100]	eval-rmse:2.62094
[200]	eval-rmse:2.32130
[243]	eval-rmse:2.32203
{'MSE - mean': 4.610854332603624, 'MSE - std': 0.42564089425745766, 'R2 - mean': 0.5557242550610022, 'R2 - std': 0.012576576128858952}
Trial 53 finished with value: 4.610854332603624 and parameters: {'max_depth': 7, 'alpha': 0.9796952347870235, 'lambda': 0.2461769212535215, 'eta': 0.021159378753119504}. Best is trial 44 with value: 4.51743824446182.
[0]	eval-rmse:9.89969
[100]	eval-rmse:2.84987
[200]	eval-rmse:2.20234
[300]	eval-rmse:2.15645
[400]	eval-rmse:2.13575
[500]	eval-rmse:2.12527
[520]	eval-rmse:2.12552
{'MSE - mean': 4.516083798231412, 'MSE - std': 0.0, 'R2 - mean': 0.588148080291557, 'R2 - std': 0.0}
[0]	eval-rmse:9.71319
[100]	eval-rmse:2.63842
[200]	eval-rmse:2.04206
[287]	eval-rmse:2.01031
{'MSE - mean': 4.278878036543119, 'MSE - std': 0.23720576168829277, 'R2 - mean': 0.5786598519226127, 'R2 - std': 0.009488228368944251}
[0]	eval-rmse:9.80126
[100]	eval-rmse:2.78823
[200]	eval-rmse:2.18957
[300]	eval-rmse:2.15473
[400]	eval-rmse:2.14496
[458]	eval-rmse:2.14414
{'MSE - mean': 4.385026602432897, 'MSE - std': 0.24504302683337387, 'R2 - mean': 0.5683163516255239, 'R2 - std': 0.016552753502441227}
[0]	eval-rmse:9.70101
[100]	eval-rmse:2.67771
[200]	eval-rmse:2.10339
[300]	eval-rmse:2.07947
[323]	eval-rmse:2.07917
{'MSE - mean': 4.3695039565555245, 'MSE - std': 0.2139098439877162, 'R2 - mean': 0.5606846344846907, 'R2 - std': 0.019499347577226597}
[0]	eval-rmse:9.92079
[100]	eval-rmse:2.97664
[200]	eval-rmse:2.35995
[300]	eval-rmse:2.31589
[400]	eval-rmse:2.30528
[483]	eval-rmse:2.30144
{'MSE - mean': 4.5549231719811845, 'MSE - std': 0.41728536863895405, 'R2 - mean': 0.56094227677876, 'R2 - std': 0.0174483570274329}
Trial 54 finished with value: 4.5549231719811845 and parameters: {'max_depth': 4, 'alpha': 0.13390007364071024, 'lambda': 0.5220661750828801, 'eta': 0.017218632181881178}. Best is trial 44 with value: 4.51743824446182.
[0]	eval-rmse:9.89929
[100]	eval-rmse:2.83283
[200]	eval-rmse:2.19484
[300]	eval-rmse:2.15192
[400]	eval-rmse:2.13824
[500]	eval-rmse:2.12789
[511]	eval-rmse:2.12890
{'MSE - mean': 4.532231654646237, 'MSE - std': 0.0, 'R2 - mean': 0.5866754491445826, 'R2 - std': 0.0}
[0]	eval-rmse:9.71249
[100]	eval-rmse:2.63127
[200]	eval-rmse:2.04900
[267]	eval-rmse:2.01902
{'MSE - mean': 4.305264698665473, 'MSE - std': 0.22696695598076388, 'R2 - mean': 0.575971461840276, 'R2 - std': 0.010703987304306606}
[0]	eval-rmse:9.80096
[100]	eval-rmse:2.78674
[200]	eval-rmse:2.19610
[300]	eval-rmse:2.16087
[400]	eval-rmse:2.14798
[488]	eval-rmse:2.14172
{'MSE - mean': 4.399299885265392, 'MSE - std': 0.22809624878373624, 'R2 - mean': 0.5668505612403493, 'R2 - std': 0.015580924822187482}
[0]	eval-rmse:9.70029
[100]	eval-rmse:2.66816
[200]	eval-rmse:2.10006
[300]	eval-rmse:2.07947
[309]	eval-rmse:2.07949
{'MSE - mean': 4.380540017367283, 'MSE - std': 0.20019171302172475, 'R2 - mean': 0.5595498904558228, 'R2 - std': 0.018492519986419046}
[0]	eval-rmse:9.92101
[100]	eval-rmse:2.96922
[200]	eval-rmse:2.34970
[300]	eval-rmse:2.31573
[400]	eval-rmse:2.30423
[403]	eval-rmse:2.30452
{'MSE - mean': 4.566597599866681, 'MSE - std': 0.4129540816993336, 'R2 - mean': 0.5597991530493658, 'R2 - std': 0.016547723822950555}
