Trial 31 finished with value: 754076.0604629053 and parameters: {'max_depth': 5, 'alpha': 0.266683023188934, 'lambda': 0.3481659904763386, 'eta': 0.014832833160448027}. Best is trial 6 with value: 714720.1939267967.
[0]	eval-rmse:32539.39453
[100]	eval-rmse:943.04596
[126]	eval-rmse:948.66095
{'MSE - mean': 901299.5286146514, 'MSE - std': 0.0, 'R2 - mean': 0.9990025005875918, 'R2 - std': 0.0}
[0]	eval-rmse:28762.23438
[100]	eval-rmse:835.74042
[200]	eval-rmse:799.11682
[232]	eval-rmse:800.60523
{'MSE - mean': 771609.2771669355, 'MSE - std': 129690.25144771591, 'R2 - mean': 0.9990748623007567, 'R2 - std': 7.236171316493678e-05}
[0]	eval-rmse:26873.82812
[100]	eval-rmse:890.60242
[154]	eval-rmse:880.02216
{'MSE - mean': 772552.5164273796, 'MSE - std': 105900.0485409996, 'R2 - mean': 0.999001548093318, 'R2 - std': 0.00011933464590326248}
[0]	eval-rmse:32232.38477
[100]	eval-rmse:830.64209
[131]	eval-rmse:825.75549
{'MSE - mean': 749754.8258640629, 'MSE - std': 99851.48619726086, 'R2 - mean': 0.999060511710725, 'R2 - std': 0.0001452951919983119}
[0]	eval-rmse:31220.52734
[100]	eval-rmse:781.71332
[200]	eval-rmse:747.27179
[219]	eval-rmse:749.24280
{'MSE - mean': 712076.8230498622, 'MSE - std': 116853.6821024871, 'R2 - mean': 0.9991166204148948, 'R2 - std': 0.00017170119681795263}
Trial 32 finished with value: 712076.8230498622 and parameters: {'max_depth': 4, 'alpha': 0.1896659063073489, 'lambda': 0.6330374562966692, 'eta': 0.05748936120176694}. Best is trial 32 with value: 712076.8230498622.
[0]	eval-rmse:32462.37109
[100]	eval-rmse:938.78217
[120]	eval-rmse:946.16736
{'MSE - mean': 895232.6334884095, 'MSE - std': 0.0, 'R2 - mean': 0.9990092150306059, 'R2 - std': 0.0}
[0]	eval-rmse:28694.53711
[100]	eval-rmse:843.17883
[200]	eval-rmse:814.03003
[220]	eval-rmse:816.32111
{'MSE - mean': 780806.3805319995, 'MSE - std': 114426.25295640988, 'R2 - mean': 0.9990619714914216, 'R2 - std': 5.275646081570606e-05}
[0]	eval-rmse:26810.81055
[100]	eval-rmse:908.22095
[200]	eval-rmse:874.79413
[228]	eval-rmse:877.83972
{'MSE - mean': 778006.9679446629, 'MSE - std': 93512.48579074604, 'R2 - mean': 0.9989939551552468, 'R2 - std': 0.00010539421273727631}
[0]	eval-rmse:32156.20312
[100]	eval-rmse:845.12457
[127]	eval-rmse:844.43585
{'MSE - mean': 761738.3796795079, 'MSE - std': 85746.36809507894, 'R2 - mean': 0.9990459832792307, 'R2 - std': 0.00012826430569233595}
[0]	eval-rmse:31146.91992
[100]	eval-rmse:793.17249
[200]	eval-rmse:757.22546
[242]	eval-rmse:757.84442
{'MSE - mean': 724344.1258568715, 'MSE - std': 107122.69875710033, 'R2 - mean': 0.9991018512755984, 'R2 - std': 0.000160144677602368}
Trial 33 finished with value: 724344.1258568715 and parameters: {'max_depth': 4, 'alpha': 0.034948905223381364, 'lambda': 0.09555949815692899, 'eta': 0.05953827226300698}. Best is trial 32 with value: 712076.8230498622.
[0]	eval-rmse:32892.06641
[100]	eval-rmse:983.34680
[147]	eval-rmse:957.74969
{'MSE - mean': 916897.8188934874, 'MSE - std': 0.0, 'R2 - mean': 0.9989852374193622, 'R2 - std': 0.0}
[0]	eval-rmse:29072.27148
[100]	eval-rmse:877.40942
[200]	eval-rmse:821.81085
[269]	eval-rmse:817.03613
{'MSE - mean': 792222.9191596989, 'MSE - std': 124674.89973378857, 'R2 - mean': 0.9990492069258641, 'R2 - std': 6.396950650183753e-05}
[0]	eval-rmse:27163.21680
[100]	eval-rmse:917.08331
[173]	eval-rmse:883.94928
{'MSE - mean': 788604.0790692606, 'MSE - std': 101925.19686656067, 'R2 - mean': 0.998981030239002, 'R2 - std': 0.00010965485140989455}
[0]	eval-rmse:32580.51367
[100]	eval-rmse:901.37750
[159]	eval-rmse:862.80395
{'MSE - mean': 777656.3837946738, 'MSE - std': 90283.5279145149, 'R2 - mean': 0.9990273691738314, 'R2 - std': 0.00012433837087433768}
[0]	eval-rmse:31558.02539
[100]	eval-rmse:838.58313
[200]	eval-rmse:767.78571
[300]	eval-rmse:753.05438
[312]	eval-rmse:753.24103
{'MSE - mean': 735689.1590539748, 'MSE - std': 116472.67550759783, 'R2 - mean': 0.9990885908704084, 'R2 - std': 0.0001654098210639253}
Trial 34 finished with value: 735689.1590539748 and parameters: {'max_depth': 4, 'alpha': 0.20937149447443296, 'lambda': 0.0003159850302842435, 'eta': 0.04708996910758836}. Best is trial 32 with value: 712076.8230498622.
[0]	eval-rmse:32547.53125
[100]	eval-rmse:935.16760
[137]	eval-rmse:936.92047
{'MSE - mean': 877819.9811460412, 'MSE - std': 0.0, 'R2 - mean': 0.9990284862161869, 'R2 - std': 0.0}
[0]	eval-rmse:28769.51562
[100]	eval-rmse:876.76819
[200]	eval-rmse:811.57654
[290]	eval-rmse:805.33875
{'MSE - mean': 762917.8149339163, 'MSE - std': 114902.16621212481, 'R2 - mean': 0.9990838054970461, 'R2 - std': 5.5319280859167375e-05}
[0]	eval-rmse:26880.83008
[100]	eval-rmse:941.65381
[200]	eval-rmse:896.15594
[259]	eval-rmse:892.28320
{'MSE - mean': 773393.4051167002, 'MSE - std': 94979.72334230668, 'R2 - mean': 0.9989976994664729, 'R2 - std': 0.00012987935000865366}
[0]	eval-rmse:32240.02734
[100]	eval-rmse:856.64972
[181]	eval-rmse:842.95117
{'MSE - mean': 757686.731242449, 'MSE - std': 86636.94187361472, 'R2 - mean': 0.9990494535080147, 'R2 - std': 0.00014382950537606475}
[0]	eval-rmse:31228.19531
[100]	eval-rmse:818.30933
[200]	eval-rmse:770.31836
[300]	eval-rmse:759.45648
[355]	eval-rmse:755.57935
{'MSE - mean': 720298.4094513479, 'MSE - std': 107686.18380827413, 'R2 - mean': 0.9991055716817332, 'R2 - std': 0.00017072357476159464}
Trial 35 finished with value: 720298.4094513479 and parameters: {'max_depth': 3, 'alpha': 0.007357220796766573, 'lambda': 0.0046521753909854946, 'eta': 0.05705134742902002}. Best is trial 32 with value: 712076.8230498622.
[0]	eval-rmse:31544.95703
[100]	eval-rmse:955.78290
[177]	eval-rmse:955.88147
{'MSE - mean': 913709.3786566077, 'MSE - std': 0.0, 'R2 - mean': 0.9989887661766308, 'R2 - std': 0.0}
[0]	eval-rmse:27884.24805
[100]	eval-rmse:874.54315
[200]	eval-rmse:834.29590
[300]	eval-rmse:811.71594
[365]	eval-rmse:804.88580
{'MSE - mean': 780752.216765706, 'MSE - std': 132957.16189090174, 'R2 - mean': 0.9990640920044216, 'R2 - std': 7.532582779085084e-05}
[0]	eval-rmse:26054.46484
[100]	eval-rmse:970.41351
[200]	eval-rmse:936.88092
[300]	eval-rmse:925.61548
[355]	eval-rmse:918.80481
{'MSE - mean': 801846.3341267087, 'MSE - std': 112583.2795750261, 'R2 - mean': 0.9989600667122976, 'R2 - std': 0.00015945274020177233}
[0]	eval-rmse:31247.72266
[100]	eval-rmse:869.93646
[139]	eval-rmse:867.88654
{'MSE - mean': 790055.2671122387, 'MSE - std': 99615.93202856928, 'R2 - mean': 0.9990088851846228, 'R2 - std': 0.00016192162298124226}
[0]	eval-rmse:30266.63281
[100]	eval-rmse:822.73065
[200]	eval-rmse:787.60523
[300]	eval-rmse:777.49023
[323]	eval-rmse:778.19354
{'MSE - mean': 753161.2580872759, 'MSE - std': 115686.38095675987, 'R2 - mean': 0.9990649377780985, 'R2 - std': 0.00018314601424130396}
Trial 36 finished with value: 753161.2580872759 and parameters: {'max_depth': 2, 'alpha': 0.007075635172945979, 'lambda': 0.004722441243721026, 'eta': 0.0861056678959104}. Best is trial 32 with value: 712076.8230498622.
[0]	eval-rmse:33387.41016
[100]	eval-rmse:1519.65369
[200]	eval-rmse:949.47162
[210]	eval-rmse:951.79364
{'MSE - mean': 905911.1389520362, 'MSE - std': 0.0, 'R2 - mean': 0.9989973967586695, 'R2 - std': 0.0}
[0]	eval-rmse:29510.24609
[100]	eval-rmse:1363.46338
[200]	eval-rmse:836.06683
[280]	eval-rmse:812.29602
{'MSE - mean': 781985.1199470125, 'MSE - std': 123926.01900502364, 'R2 - mean': 0.9990615895102879, 'R2 - std': 6.419275161834159e-05}
[0]	eval-rmse:27571.85938
[100]	eval-rmse:1353.81323
[200]	eval-rmse:898.33893
[242]	eval-rmse:896.30279
{'MSE - mean': 789130.5605464764, 'MSE - std': 101688.51180775824, 'R2 - mean': 0.9989784151489672, 'R2 - std': 0.00012877534055778572}
[0]	eval-rmse:33071.04688
[100]	eval-rmse:1469.43262
[200]	eval-rmse:853.04645
[222]	eval-rmse:859.56702
{'MSE - mean': 776448.7847913187, 'MSE - std': 90762.86346391766, 'R2 - mean': 0.9990272013704942, 'R2 - std': 0.00013991998600797106}
[0]	eval-rmse:32033.33203
[100]	eval-rmse:1406.17090
[200]	eval-rmse:781.76508
[300]	eval-rmse:756.44891
[400]	eval-rmse:750.22955
[500]	eval-rmse:743.61273
[600]	eval-rmse:736.46252
[677]	eval-rmse:734.39728
{'MSE - mean': 729026.9063480833, 'MSE - std': 124842.52531760084, 'R2 - mean': 0.9990951429458889, 'R2 - std': 0.00018473308489817686}
Trial 37 finished with value: 729026.9063480833 and parameters: {'max_depth': 4, 'alpha': 0.1136315233097413, 'lambda': 5.1654176645891664e-05, 'eta': 0.03272773397196654}. Best is trial 32 with value: 712076.8230498622.
[0]	eval-rmse:32395.89844
[100]	eval-rmse:934.70807
[123]	eval-rmse:943.27704
{'MSE - mean': 892284.691149346, 'MSE - std': 0.0, 'R2 - mean': 0.9990124776205194, 'R2 - std': 0.0}
[0]	eval-rmse:28635.71680
[100]	eval-rmse:863.75732
[200]	eval-rmse:807.45557
[276]	eval-rmse:793.78967
{'MSE - mean': 761193.3383397418, 'MSE - std': 131091.3528096042, 'R2 - mean': 0.9990877001624618, 'R2 - std': 7.52225419425323e-05}
[0]	eval-rmse:26755.91797
[100]	eval-rmse:939.11334
[200]	eval-rmse:897.33801
[230]	eval-rmse:898.60449
{'MSE - mean': 776868.6228442857, 'MSE - std': 109307.17089726943, 'R2 - mean': 0.9989934576100027, 'R2 - std': 0.00014675014343747177}
[0]	eval-rmse:32090.21289
[100]	eval-rmse:858.38208
[156]	eval-rmse:857.96246
{'MSE - mean': 766521.79777609, 'MSE - std': 96344.24515324814, 'R2 - mean': 0.9990393008482457, 'R2 - std': 0.00014985496630748392}
[0]	eval-rmse:31082.89062
[100]	eval-rmse:812.65027
[200]	eval-rmse:767.16339
[300]	eval-rmse:752.45819
[330]	eval-rmse:750.88422
{'MSE - mean': 725988.005139112, 'MSE - std': 118311.97843612226, 'R2 - mean': 0.9990990676236026, 'R2 - std': 0.00017959253461047583}
Trial 38 finished with value: 725988.005139112 and parameters: {'max_depth': 3, 'alpha': 0.027504650020071044, 'lambda': 0.07867557455394854, 'eta': 0.0614681075059309}. Best is trial 32 with value: 712076.8230498622.
[0]	eval-rmse:32604.77734
[100]	eval-rmse:987.93921
[177]	eval-rmse:956.42602
{'MSE - mean': 914750.7037651703, 'MSE - std': 0.0, 'R2 - mean': 0.998987613706058, 'R2 - std': 0.0}
[0]	eval-rmse:28820.03711
[100]	eval-rmse:933.70306
[200]	eval-rmse:863.06470
[300]	eval-rmse:842.00971
[400]	eval-rmse:821.96289
[500]	eval-rmse:811.05359
[600]	eval-rmse:806.97302
[621]	eval-rmse:807.86609
{'MSE - mean': 784118.872805824, 'MSE - std': 130631.83095934626, 'R2 - mean': 0.9990597349263747, 'R2 - std': 7.212122031663437e-05}
[0]	eval-rmse:26927.97070
[100]	eval-rmse:1000.58203
[200]	eval-rmse:954.28259
[300]	eval-rmse:937.73682
[346]	eval-rmse:935.69012
{'MSE - mean': 814584.6216823097, 'MSE - std': 115033.7945231936, 'R2 - mean': 0.9989416458568418, 'R2 - std': 0.00017708106514505823}
[0]	eval-rmse:32296.79492
[100]	eval-rmse:891.00592
[200]	eval-rmse:870.88776
[202]	eval-rmse:870.80957
{'MSE - mean': 800515.7688782277, 'MSE - std': 102559.14522592329, 'R2 - mean': 0.9989940546449227, 'R2 - std': 0.00017820864437237473}
[0]	eval-rmse:31283.12500
[100]	eval-rmse:874.43451
[200]	eval-rmse:813.38983
[300]	eval-rmse:789.73682
[400]	eval-rmse:779.82776
[500]	eval-rmse:773.74554
[502]	eval-rmse:773.85608
{'MSE - mean': 760186.7302705643, 'MSE - std': 122149.20399106674, 'R2 - mean': 0.9990546497119593, 'R2 - std': 0.00020023412631198234}
Trial 39 finished with value: 760186.7302705643 and parameters: {'max_depth': 2, 'alpha': 0.007509413370666827, 'lambda': 0.02402607429397116, 'eta': 0.055398458710777664}. Best is trial 32 with value: 712076.8230498622.
[0]	eval-rmse:31153.78125
[80]	eval-rmse:954.96881
{'MSE - mean': 911965.4562695158, 'MSE - std': 0.0, 'R2 - mean': 0.998990696235952, 'R2 - std': 0.0}
[0]	eval-rmse:27538.78906
[100]	eval-rmse:822.48419
[121]	eval-rmse:828.69263
{'MSE - mean': 798779.1831804279, 'MSE - std': 113186.27308908786, 'R2 - mean': 0.9990399502044336, 'R2 - std': 4.9253968481544064e-05}
[0]	eval-rmse:25732.01953
[100]	eval-rmse:886.26129
[116]	eval-rmse:888.77270
{'MSE - mean': 795825.0893953765, 'MSE - std': 92510.58471357106, 'R2 - mean': 0.9989706448525514, 'R2 - std': 0.00010594227613736007}
[0]	eval-rmse:30860.55273
[85]	eval-rmse:828.12262
{'MSE - mean': 769589.7510758147, 'MSE - std': 92106.10806705874, 'R2 - mean': 0.9990346699689451, 'R2 - std': 0.00014392870107290801}
[0]	eval-rmse:29891.53125
[100]	eval-rmse:778.27173
[119]	eval-rmse:780.10205
{'MSE - mean': 737250.276061065, 'MSE - std': 104738.69720178425, 'R2 - mean': 0.9990850239659537, 'R2 - std': 0.00016344563883135472}
Trial 40 finished with value: 737250.276061065 and parameters: {'max_depth': 4, 'alpha': 0.3284253013587234, 'lambda': 0.004177992553750359, 'eta': 0.09743790412741993}. Best is trial 32 with value: 712076.8230498622.
[0]	eval-rmse:32407.10352
[100]	eval-rmse:945.98383
[131]	eval-rmse:944.30750
{'MSE - mean': 890687.4506747504, 'MSE - std': 0.0, 'R2 - mean': 0.9990142453418864, 'R2 - std': 0.0}
[0]	eval-rmse:28645.61133
[100]	eval-rmse:865.30988
[200]	eval-rmse:808.87592
[300]	eval-rmse:798.47595
[303]	eval-rmse:798.69525
{'MSE - mean': 764300.7722640783, 'MSE - std': 126386.67841067218, 'R2 - mean': 0.9990833949119711, 'R2 - std': 6.914957008469225e-05}
[0]	eval-rmse:26765.15430
[100]	eval-rmse:935.73230
[200]	eval-rmse:892.65155
[240]	eval-rmse:891.47412
{'MSE - mean': 774338.4424671343, 'MSE - std': 104166.07556845184, 'R2 - mean': 0.9989973916381563, 'R2 - std': 0.00013409288413513857}
[0]	eval-rmse:32101.30469
[100]	eval-rmse:849.64679
[147]	eval-rmse:843.14667
{'MSE - mean': 758176.4368199309, 'MSE - std': 94454.00867152233, 'R2 - mean': 0.999049467828229, 'R2 - std': 0.00014704239150404834}
[0]	eval-rmse:31093.63867
[100]	eval-rmse:808.71381
[200]	eval-rmse:757.69940
[232]	eval-rmse:755.37683
{'MSE - mean': 720624.477014762, 'MSE - std': 113039.13722305247, 'R2 - mean': 0.9991056602546508, 'R2 - std': 0.00017299574291868534}
Trial 41 finished with value: 720624.477014762 and parameters: {'max_depth': 3, 'alpha': 0.03007444030948921, 'lambda': 0.07928404698556799, 'eta': 0.061143444022609905}. Best is trial 32 with value: 712076.8230498622.
[0]	eval-rmse:31846.08398
[100]	eval-rmse:962.28668
[107]	eval-rmse:962.35022
{'MSE - mean': 926117.9416468934, 'MSE - std': 0.0, 'R2 - mean': 0.9989750331900945, 'R2 - std': 0.0}
[0]	eval-rmse:28150.25391
[100]	eval-rmse:839.58734
[200]	eval-rmse:807.60156
[215]	eval-rmse:806.82190
{'MSE - mean': 788539.743259271, 'MSE - std': 137578.19838762237, 'R2 - mean': 0.9990551222033208, 'R2 - std': 8.008901322631434e-05}
[0]	eval-rmse:26302.75977
[100]	eval-rmse:920.02472
[198]	eval-rmse:898.10706
{'MSE - mean': 794558.626724252, 'MSE - std': 112654.16561636486, 'R2 - mean': 0.9989725387900988, 'R2 - std': 0.00013385143619640592}
[0]	eval-rmse:31546.00586
[95]	eval-rmse:852.92212
{'MSE - mean': 777788.001167354, 'MSE - std': 101793.82308248649, 'R2 - mean': 0.9990258516387343, 'R2 - std': 0.00014820234383358476}
[0]	eval-rmse:30555.56445
[100]	eval-rmse:789.71594
[179]	eval-rmse:764.19952
{'MSE - mean': 739030.5886078936, 'MSE - std': 119574.80523678793, 'R2 - mean': 0.999083578181254, 'R2 - std': 0.00017578555862014883}
Trial 42 finished with value: 739030.5886078936 and parameters: {'max_depth': 3, 'alpha': 0.039125597056657996, 'lambda': 0.08213066622436672, 'eta': 0.07740959131491879}. Best is trial 32 with value: 712076.8230498622.
[0]	eval-rmse:32505.85352
[100]	eval-rmse:955.55743
[123]	eval-rmse:962.80035
{'MSE - mean': 926984.5538706337, 'MSE - std': 0.0, 'R2 - mean': 0.9989740740803241, 'R2 - std': 0.0}
[0]	eval-rmse:28732.67578
[100]	eval-rmse:850.35675
[200]	eval-rmse:820.24414
[207]	eval-rmse:819.52087
{'MSE - mean': 799463.0704914363, 'MSE - std': 127521.48337919742, 'R2 - mean': 0.9990407068750025, 'R2 - std': 6.663279467833405e-05}
[0]	eval-rmse:26846.43945
[100]	eval-rmse:904.92566
[141]	eval-rmse:896.70398
{'MSE - mean': 800490.8131359448, 'MSE - std': 104130.99918871725, 'R2 - mean': 0.9989649247191316, 'R2 - std': 0.00012019077827067917}
[0]	eval-rmse:32198.91797
[100]	eval-rmse:851.37018
[127]	eval-rmse:850.03412
{'MSE - mean': 780645.1228315957, 'MSE - std': 96509.08255184526, 'R2 - mean': 0.9990219229127825, 'R2 - std': 0.00014345992340849704}
[0]	eval-rmse:31188.31641
[100]	eval-rmse:794.85321
[192]	eval-rmse:767.96539
{'MSE - mean': 742461.1580391813, 'MSE - std': 115253.03935720096, 'R2 - mean': 0.9990790913195353, 'R2 - std': 0.00017186479168842798}
Trial 43 finished with value: 742461.1580391813 and parameters: {'max_depth': 4, 'alpha': 0.0030203153436591437, 'lambda': 0.007725879121799436, 'eta': 0.05825701831548702}. Best is trial 32 with value: 712076.8230498622.
[0]	eval-rmse:33115.70312
[100]	eval-rmse:1086.01721
[188]	eval-rmse:941.31281
{'MSE - mean': 886069.7543288636, 'MSE - std': 0.0, 'R2 - mean': 0.9990193559064052, 'R2 - std': 0.0}
[0]	eval-rmse:29271.28320
[100]	eval-rmse:1010.61267
[200]	eval-rmse:832.34338
[300]	eval-rmse:812.80487
[325]	eval-rmse:813.31982
{'MSE - mean': 773376.5892539197, 'MSE - std': 112693.16507494386, 'R2 - mean': 0.9990708259049177, 'R2 - std': 5.14699985125211e-05}
[0]	eval-rmse:27349.20117
[100]	eval-rmse:1057.07385
[200]	eval-rmse:919.08148
[300]	eval-rmse:904.55713
[385]	eval-rmse:899.45099
{'MSE - mean': 785255.1152035324, 'MSE - std': 93534.47703321457, 'R2 - mean': 0.998981817275672, 'R2 - std': 0.00013270711859188658}
[0]	eval-rmse:32802.56641
[100]	eval-rmse:1004.70904
[169]	eval-rmse:855.25781
{'MSE - mean': 771569.0317502257, 'MSE - std': 84400.5357582541, 'R2 - mean': 0.9990319613865838, 'R2 - std': 0.00014405443440284224}
[0]	eval-rmse:31773.24219
[100]	eval-rmse:973.48212
[200]	eval-rmse:789.50891
[300]	eval-rmse:765.02264
[400]	eval-rmse:756.75360
[495]	eval-rmse:752.17871
{'MSE - mean': 730342.0667390089, 'MSE - std': 111791.81958072179, 'R2 - mean': 0.9990928248030466, 'R2 - std': 0.00017725339463879868}
Trial 44 finished with value: 730342.0667390089 and parameters: {'max_depth': 3, 'alpha': 0.10943754721257418, 'lambda': 0.01979953596146277, 'eta': 0.040586717414014845}. Best is trial 32 with value: 712076.8230498622.
[0]	eval-rmse:30086.72656
[100]	eval-rmse:944.73157
[104]	eval-rmse:940.17895
{'MSE - mean': 883537.9237412399, 'MSE - std': 0.0, 'R2 - mean': 0.9990221579710278, 'R2 - std': 0.0}
[0]	eval-rmse:26596.53125
[100]	eval-rmse:852.17743
[200]	eval-rmse:818.40356
[300]	eval-rmse:811.25305
[311]	eval-rmse:811.38837
{'MSE - mean': 770944.5525996017, 'MSE - std': 112593.3711416382, 'R2 - mean': 0.9990737761050419, 'R2 - std': 5.161813401405313e-05}
[0]	eval-rmse:24852.45117
[100]	eval-rmse:947.72223
[200]	eval-rmse:924.75775
[206]	eval-rmse:924.27338
{'MSE - mean': 799311.0683426851, 'MSE - std': 100303.68843748623, 'R2 - mean': 0.9989606037086328, 'R2 - std': 0.0001655061039881272}
[0]	eval-rmse:29804.18359
[100]	eval-rmse:871.69220
[102]	eval-rmse:872.19312
{'MSE - mean': 789663.4998041233, 'MSE - std': 88458.17752894288, 'R2 - mean': 0.9990075982572781, 'R2 - std': 0.0001648322348636053}
[0]	eval-rmse:28867.91016
[100]	eval-rmse:804.24237
[200]	eval-rmse:778.93005
[270]	eval-rmse:772.01758
{'MSE - mean': 750933.0334209676, 'MSE - std': 110725.22495990054, 'R2 - mean': 0.9990661558914832, 'R2 - std': 0.00018828626772776026}
Trial 45 finished with value: 750933.0334209676 and parameters: {'max_depth': 2, 'alpha': 0.5778294860287, 'lambda': 0.04730400097705503, 'eta': 0.12840180695990547}. Best is trial 32 with value: 712076.8230498622.
[0]	eval-rmse:32277.05273
[100]	eval-rmse:935.53796
[110]	eval-rmse:939.79480
{'MSE - mean': 883214.2823506184, 'MSE - std': 0.0, 'R2 - mean': 0.9990225161561668, 'R2 - std': 0.0}
[0]	eval-rmse:28530.29688
[100]	eval-rmse:827.27661
[171]	eval-rmse:795.60950
{'MSE - mean': 758104.553377826, 'MSE - std': 125109.72897279245, 'R2 - mean': 0.999090797892346, 'R2 - std': 6.828173617928757e-05}
[0]	eval-rmse:26657.23828
[100]	eval-rmse:881.16559
[157]	eval-rmse:873.84082
{'MSE - mean': 759935.6478683805, 'MSE - std': 102184.48350816478, 'R2 - mean': 0.9990175150423449, 'R2 - std': 0.00011768184172738362}
[0]	eval-rmse:31972.70508
[100]	eval-rmse:836.03345
[150]	eval-rmse:834.07263
{'MSE - mean': 743759.378976738, 'MSE - std': 92823.84676437928, 'R2 - mean': 0.9990686063388352, 'R2 - std': 0.0001349730478112271}
[0]	eval-rmse:30968.81641
[100]	eval-rmse:777.91254
[200]	eval-rmse:749.92352
[300]	eval-rmse:743.12347
[322]	eval-rmse:743.98810
{'MSE - mean': 705711.1594260335, 'MSE - std': 112621.8507503051, 'R2 - mean': 0.9991249382101399, 'R2 - std': 0.00016512812542734997}
Trial 46 finished with value: 705711.1594260335 and parameters: {'max_depth': 4, 'alpha': 0.016843280600643218, 'lambda': 0.9614835415831297, 'eta': 0.06524652832936552}. Best is trial 46 with value: 705711.1594260335.
[0]	eval-rmse:31724.68945
[100]	eval-rmse:940.39661
[101]	eval-rmse:940.90576
{'MSE - mean': 885303.6871014925, 'MSE - std': 0.0, 'R2 - mean': 0.9990202037395449, 'R2 - std': 0.0}
[0]	eval-rmse:28042.98828
[100]	eval-rmse:832.43817
[200]	eval-rmse:799.66742
[264]	eval-rmse:792.07355
{'MSE - mean': 756540.0835519821, 'MSE - std': 128763.60354951047, 'R2 - mean': 0.9990931079146774, 'R2 - std': 7.290417513244885e-05}
[0]	eval-rmse:26202.60547
[100]	eval-rmse:909.12103
[183]	eval-rmse:888.31976
{'MSE - mean': 767581.1417046346, 'MSE - std': 106288.22604737326, 'R2 - mean': 0.9990062083380639, 'R2 - std': 0.00013655189001148682}
[0]	eval-rmse:31425.83203
[90]	eval-rmse:856.66455
{'MSE - mean': 759154.3954939975, 'MSE - std': 93198.2854043925, 'R2 - mean': 0.9990493135894952, 'R2 - std': 0.00013985350228775366}
[0]	eval-rmse:30438.95898
[100]	eval-rmse:787.67163
[200]	eval-rmse:760.44299
[205]	eval-rmse:760.50281
{'MSE - mean': 722950.7638537337, 'MSE - std': 110415.34357882757, 'R2 - mean': 0.999103724569912, 'R2 - std': 0.00016579933908610374}
