Trial 65 finished with value: 14349923809.400486 and parameters: {'max_depth': 5, 'alpha': 0.0006012827386759588, 'lambda': 5.913744868923898e-07, 'eta': 0.10212733548229601}. Best is trial 64 with value: 14105467680.672068.
[0]	eval-rmse:575720.62500
[100]	eval-rmse:109529.14844
[200]	eval-rmse:104917.86719
[300]	eval-rmse:103215.86719
[400]	eval-rmse:102393.03906
[461]	eval-rmse:102141.00000
{'MSE - mean': 10432784099.831312, 'MSE - std': 0.0, 'R2 - mean': 0.918758778266149, 'R2 - std': 0.0}
[0]	eval-rmse:582076.43750
[100]	eval-rmse:143596.93750
[200]	eval-rmse:140784.07812
[214]	eval-rmse:140984.43750
{'MSE - mean': 15147038338.697075, 'MSE - std': 4714254238.865764, 'R2 - mean': 0.8884811678690048, 'R2 - std': 0.030277610397144272}
[0]	eval-rmse:597689.87500
[100]	eval-rmse:126825.21875
[200]	eval-rmse:120375.68750
[300]	eval-rmse:117780.45312
[400]	eval-rmse:116574.67188
[471]	eval-rmse:115967.95312
{'MSE - mean': 14580880939.502197, 'MSE - std': 3931564203.6093087, 'R2 - mean': 0.8958120394878661, 'R2 - std': 0.026807445824346868}
[0]	eval-rmse:570640.43750
[100]	eval-rmse:120645.06250
[200]	eval-rmse:116553.35156
[247]	eval-rmse:115895.62500
{'MSE - mean': 14293609696.25631, 'MSE - std': 3440998709.228861, 'R2 - mean': 0.8941441265563881, 'R2 - std': 0.02339498160631771}
[0]	eval-rmse:585859.37500
[100]	eval-rmse:134187.40625
[200]	eval-rmse:131131.28125
[264]	eval-rmse:130965.22656
{'MSE - mean': 14865405470.671917, 'MSE - std': 3283318340.351713, 'R2 - mean': 0.8896960675937992, 'R2 - std': 0.022737656995095668}
Trial 66 finished with value: 14865405470.671917 and parameters: {'max_depth': 4, 'alpha': 0.0031105584202007117, 'lambda': 4.241200517919472e-06, 'eta': 0.12201978628986745}. Best is trial 64 with value: 14105467680.672068.
[0]	eval-rmse:587019.81250
[100]	eval-rmse:109232.88281
[200]	eval-rmse:107071.90625
[280]	eval-rmse:106525.15625
{'MSE - mean': 11347609645.650253, 'MSE - std': 0.0, 'R2 - mean': 0.9116349324830403, 'R2 - std': 0.0}
[0]	eval-rmse:593032.68750
[100]	eval-rmse:138605.12500
[200]	eval-rmse:136804.18750
[300]	eval-rmse:136039.35938
[369]	eval-rmse:135954.40625
{'MSE - mean': 14915604212.727928, 'MSE - std': 3567994567.077675, 'R2 - mean': 0.8898371544904431, 'R2 - std': 0.021797777992597134}
[0]	eval-rmse:607452.87500
[100]	eval-rmse:122789.27344
[200]	eval-rmse:119193.25781
[300]	eval-rmse:117890.46094
[350]	eval-rmse:117701.21875
{'MSE - mean': 14564111194.197649, 'MSE - std': 2955359792.7519627, 'R2 - mean': 0.8958005711877631, 'R2 - std': 0.019694840974769253}
[0]	eval-rmse:581642.31250
[100]	eval-rmse:120478.88281
[200]	eval-rmse:118136.93750
[300]	eval-rmse:117447.77344
[400]	eval-rmse:116995.48438
[410]	eval-rmse:116996.10938
{'MSE - mean': 14343412429.587133, 'MSE - std': 2587805530.2829494, 'R2 - mean': 0.8936206703320961, 'R2 - std': 0.01746914348179958}
[0]	eval-rmse:596443.37500
[100]	eval-rmse:127510.59375
[200]	eval-rmse:125836.03125
[212]	eval-rmse:125887.49219
{'MSE - mean': 14644262176.081518, 'MSE - std': 2391533451.556419, 'R2 - mean': 0.8912263518780484, 'R2 - std': 0.016342209845297325}
Trial 67 finished with value: 14644262176.081518 and parameters: {'max_depth': 6, 'alpha': 0.000557971660150352, 'lambda': 1.0808840187615682e-08, 'eta': 0.09933569939817435}. Best is trial 64 with value: 14105467680.672068.
[0]	eval-rmse:542208.75000
[100]	eval-rmse:109164.28125
[200]	eval-rmse:107325.78906
[229]	eval-rmse:107208.67188
{'MSE - mean': 11492090011.894026, 'MSE - std': 0.0, 'R2 - mean': 0.9105098481950995, 'R2 - std': 0.0}
[0]	eval-rmse:548333.18750
[100]	eval-rmse:142481.67188
[159]	eval-rmse:141685.64062
{'MSE - mean': 15783455056.558678, 'MSE - std': 4291365044.664653, 'R2 - mean': 0.8835944804575027, 'R2 - std': 0.02691536773759684}
[0]	eval-rmse:563732.75000
[100]	eval-rmse:120208.08594
[200]	eval-rmse:117504.65625
[259]	eval-rmse:117194.06250
{'MSE - mean': 15100452772.55867, 'MSE - std': 3634582993.6337337, 'R2 - mean': 0.8919198818702608, 'R2 - std': 0.024931558936426127}
[0]	eval-rmse:536643.18750
[100]	eval-rmse:120676.63281
[180]	eval-rmse:119405.48438
{'MSE - mean': 14890036352.442158, 'MSE - std': 3168670125.2690554, 'R2 - mean': 0.8895186111544916, 'R2 - std': 0.021988298624532086}
[0]	eval-rmse:552281.56250
[100]	eval-rmse:127101.73438
[131]	eval-rmse:126818.00781
{'MSE - mean': 15127550063.757421, 'MSE - std': 2873678364.478025, 'R2 - mean': 0.8876012588480711, 'R2 - std': 0.02003729474228058}
Trial 68 finished with value: 15127550063.757421 and parameters: {'max_depth': 5, 'alpha': 8.839706132865891e-05, 'lambda': 9.270327173216393e-08, 'eta': 0.17729996836821124}. Best is trial 64 with value: 14105467680.672068.
[0]	eval-rmse:607893.25000
[100]	eval-rmse:113120.03125
[200]	eval-rmse:110626.49219
[300]	eval-rmse:109690.00000
[372]	eval-rmse:109403.61719
{'MSE - mean': 11967358401.282816, 'MSE - std': 0.0, 'R2 - mean': 0.906808881680701, 'R2 - std': 0.0}
[0]	eval-rmse:613429.68750
[100]	eval-rmse:143216.65625
[200]	eval-rmse:141398.14062
[269]	eval-rmse:141041.04688
{'MSE - mean': 15929968290.09518, 'MSE - std': 3962609888.8123636, 'R2 - mean': 0.8823945403651793, 'R2 - std': 0.02441434131552167}
[0]	eval-rmse:629524.06250
[100]	eval-rmse:124688.07812
[200]	eval-rmse:120826.57031
[300]	eval-rmse:119769.14062
[400]	eval-rmse:119284.60938
[422]	eval-rmse:119283.31250
{'MSE - mean': 15362815111.642496, 'MSE - std': 3333393197.5691557, 'R2 - mean': 0.8900236123162379, 'R2 - std': 0.022666690368233912}
[0]	eval-rmse:602067.25000
[100]	eval-rmse:117621.94531
[200]	eval-rmse:115377.50000
[300]	eval-rmse:114510.35156
[400]	eval-rmse:114087.78906
[500]	eval-rmse:113727.50781
[600]	eval-rmse:113431.70312
[674]	eval-rmse:113297.66406
{'MSE - mean': 14731068758.717226, 'MSE - std': 3087222541.460751, 'R2 - mean': 0.8910325112257558, 'R2 - std': 0.019707556170563606}
[0]	eval-rmse:617776.00000
[100]	eval-rmse:132992.14062
[200]	eval-rmse:131057.52344
[300]	eval-rmse:130129.71875
[400]	eval-rmse:129934.57031
[455]	eval-rmse:129900.10156
{'MSE - mean': 15159703687.044125, 'MSE - std': 2891308704.294636, 'R2 - mean': 0.8876225137390297, 'R2 - std': 0.018900331944456655}
Trial 69 finished with value: 15159703687.044125 and parameters: {'max_depth': 7, 'alpha': 0.0016539614718193824, 'lambda': 8.804335798575275e-06, 'eta': 0.063819016103552}. Best is trial 64 with value: 14105467680.672068.
[0]	eval-rmse:559187.31250
[100]	eval-rmse:111996.14062
[200]	eval-rmse:106615.88281
[300]	eval-rmse:104631.45312
[334]	eval-rmse:104676.14062
{'MSE - mean': 10957094125.806377, 'MSE - std': 0.0, 'R2 - mean': 0.9146759192066761, 'R2 - std': 0.0}
[0]	eval-rmse:565900.12500
[100]	eval-rmse:140854.32812
[146]	eval-rmse:139496.98438
{'MSE - mean': 15208252203.598427, 'MSE - std': 4251158077.7920494, 'R2 - mean': 0.8878743247260742, 'R2 - std': 0.02680159448060193}
[0]	eval-rmse:581107.81250
[100]	eval-rmse:124214.82812
[200]	eval-rmse:118756.89062
[236]	eval-rmse:118193.78125
{'MSE - mean': 14795424504.111132, 'MSE - std': 3519812980.9000278, 'R2 - mean': 0.8942509394808621, 'R2 - std': 0.023668672880632298}
[0]	eval-rmse:554265.25000
[100]	eval-rmse:118852.28906
[200]	eval-rmse:114828.21094
[299]	eval-rmse:113536.57812
{'MSE - mean': 14319467666.395744, 'MSE - std': 3157755104.41965, 'R2 - mean': 0.8940879371352324, 'R2 - std': 0.02049961624620877}
[0]	eval-rmse:569285.93750
[100]	eval-rmse:129151.88281
[170]	eval-rmse:127524.57031
{'MSE - mean': 14706845293.368343, 'MSE - std': 2928716364.4003444, 'R2 - mean': 0.8909897359727083, 'R2 - std': 0.01935414205712371}
Trial 70 finished with value: 14706845293.368343 and parameters: {'max_depth': 4, 'alpha': 0.0003796749367006832, 'lambda': 2.3157942051266317e-07, 'eta': 0.15076135149582864}. Best is trial 64 with value: 14105467680.672068.
[0]	eval-rmse:595190.75000
[100]	eval-rmse:109010.35938
[200]	eval-rmse:104923.62500
[300]	eval-rmse:103847.35938
[400]	eval-rmse:103041.67188
[426]	eval-rmse:103043.41406
{'MSE - mean': 10617945088.052969, 'MSE - std': 0.0, 'R2 - mean': 0.9173169095610526, 'R2 - std': 0.0}
[0]	eval-rmse:600690.25000
[100]	eval-rmse:140814.85938
[200]	eval-rmse:137783.29688
[248]	eval-rmse:137519.04688
{'MSE - mean': 14764717581.642445, 'MSE - std': 4146772493.5894766, 'R2 - mean': 0.891150713149363, 'R2 - std': 0.026166196411689546}
[0]	eval-rmse:617016.00000
[100]	eval-rmse:125242.17188
[200]	eval-rmse:119966.42188
[300]	eval-rmse:117667.08594
[400]	eval-rmse:116359.07031
[494]	eval-rmse:115721.09375
{'MSE - mean': 14306935804.870584, 'MSE - std': 3447164494.5784535, 'R2 - mean': 0.897718648324718, 'R2 - std': 0.0232963967465373}
[0]	eval-rmse:589511.56250
[100]	eval-rmse:120067.46875
[200]	eval-rmse:116059.75000
[262]	eval-rmse:115352.81250
{'MSE - mean': 14056769512.700008, 'MSE - std': 3016613467.2388616, 'R2 - mean': 0.8958330896765535, 'R2 - std': 0.020437895446353067}
[0]	eval-rmse:605393.56250
[100]	eval-rmse:128549.64844
[200]	eval-rmse:125474.14844
[250]	eval-rmse:125287.28125
{'MSE - mean': 14383962687.95049, 'MSE - std': 2776362178.1575017, 'R2 - mean': 0.8932276856387198, 'R2 - std': 0.019008381757064204}
Trial 71 finished with value: 14383962687.95049 and parameters: {'max_depth': 5, 'alpha': 2.6523105236717642e-05, 'lambda': 2.0446023391172632e-05, 'eta': 0.0869261651249387}. Best is trial 64 with value: 14105467680.672068.
[0]	eval-rmse:601658.31250
[100]	eval-rmse:110721.91406
[200]	eval-rmse:108162.78906
[300]	eval-rmse:107107.55469
[400]	eval-rmse:106454.74219
[463]	eval-rmse:106205.16406
{'MSE - mean': 11280152597.790733, 'MSE - std': 0.0, 'R2 - mean': 0.9121602278337564, 'R2 - std': 0.0}
[0]	eval-rmse:607406.50000
[100]	eval-rmse:139980.06250
[200]	eval-rmse:138246.21875
[263]	eval-rmse:137899.62500
{'MSE - mean': 15148228986.769764, 'MSE - std': 3868076388.9790306, 'R2 - mean': 0.8881982164577957, 'R2 - std': 0.023962011375960712}
[0]	eval-rmse:622515.43750
[100]	eval-rmse:123938.19531
[200]	eval-rmse:119661.47656
[300]	eval-rmse:118172.96094
[400]	eval-rmse:117615.16406
[500]	eval-rmse:117061.85156
[558]	eval-rmse:117094.92188
{'MSE - mean': 14669110560.799578, 'MSE - std': 3230137081.641118, 'R2 - mean': 0.8950413504911534, 'R2 - std': 0.021827558107083634}
[0]	eval-rmse:596200.75000
[100]	eval-rmse:117834.31250
[200]	eval-rmse:115479.07812
[300]	eval-rmse:114134.91406
[400]	eval-rmse:113439.39062
[470]	eval-rmse:113380.53906
{'MSE - mean': 14215619600.762022, 'MSE - std': 2905563857.0081544, 'R2 - mean': 0.8947559564971479, 'R2 - std': 0.01890968188214777}
[0]	eval-rmse:611303.31250
[100]	eval-rmse:128588.14062
[200]	eval-rmse:126376.78125
[300]	eval-rmse:125011.94531
[400]	eval-rmse:124491.49219
[500]	eval-rmse:124377.82812
[511]	eval-rmse:124358.09375
{'MSE - mean': 14465916970.150034, 'MSE - std': 2646589532.62721, 'R2 - mean': 0.8927029801572426, 'R2 - std': 0.0174045885477384}
Trial 72 finished with value: 14465916970.150034 and parameters: {'max_depth': 6, 'alpha': 0.0009723085499427194, 'lambda': 6.0009914666361966e-05, 'eta': 0.07485301379582247}. Best is trial 64 with value: 14105467680.672068.
[0]	eval-rmse:614010.06250
[100]	eval-rmse:115545.80469
[200]	eval-rmse:108683.66406
[300]	eval-rmse:106059.94531
[400]	eval-rmse:104705.18750
[500]	eval-rmse:103598.00000
[600]	eval-rmse:103094.45312
[700]	eval-rmse:102656.47656
[800]	eval-rmse:102273.89062
[829]	eval-rmse:102268.28906
{'MSE - mean': 10458802264.628128, 'MSE - std': 0.0, 'R2 - mean': 0.9185561719939268, 'R2 - std': 0.0}
[0]	eval-rmse:619306.25000
[100]	eval-rmse:141717.84375
[200]	eval-rmse:137625.39062
[300]	eval-rmse:136513.23438
[332]	eval-rmse:136454.43750
{'MSE - mean': 14539307322.10689, 'MSE - std': 4080505057.4787617, 'R2 - mean': 0.8928115369127084, 'R2 - std': 0.02574463508121838}
[0]	eval-rmse:635952.93750
[100]	eval-rmse:127563.60938
[200]	eval-rmse:120908.10156
[300]	eval-rmse:118324.33594
[400]	eval-rmse:116717.81250
[500]	eval-rmse:115280.48438
[600]	eval-rmse:114725.96094
[652]	eval-rmse:114414.57812
{'MSE - mean': 14056437150.426035, 'MSE - std': 3400981459.5404706, 'R2 - mean': 0.8994930563634913, 'R2 - std': 0.023046537584905148}
[0]	eval-rmse:608312.93750
[100]	eval-rmse:124792.12500
[200]	eval-rmse:118127.73438
[300]	eval-rmse:115845.60938
[400]	eval-rmse:114756.60156
[500]	eval-rmse:113697.58594
[556]	eval-rmse:113385.80469
{'MSE - mean': 13756089908.713848, 'MSE - std': 2990924867.4809403, 'R2 - mean': 0.8980949392208537, 'R2 - std': 0.020105257163810307}
[0]	eval-rmse:624266.56250
[100]	eval-rmse:133021.29688
[200]	eval-rmse:128112.71875
[300]	eval-rmse:126286.33594
[400]	eval-rmse:125604.28125
[500]	eval-rmse:125183.50000
[563]	eval-rmse:125031.58594
{'MSE - mean': 14132379215.620779, 'MSE - std': 2779006984.572493, 'R2 - mean': 0.89511961082934, 'R2 - std': 0.01894168441949514}
Trial 73 finished with value: 14132379215.620779 and parameters: {'max_depth': 5, 'alpha': 4.170988136908564e-07, 'lambda': 6.2656344721811154e-06, 'eta': 0.055039269649596066}. Best is trial 64 with value: 14105467680.672068.
[0]	eval-rmse:618956.18750
[100]	eval-rmse:116793.90625
[200]	eval-rmse:108566.64844
[300]	eval-rmse:105481.88281
[400]	eval-rmse:103787.79688
[500]	eval-rmse:103142.18750
[600]	eval-rmse:102464.14844
[654]	eval-rmse:102329.64844
{'MSE - mean': 10471357210.531208, 'MSE - std': 0.0, 'R2 - mean': 0.9184584052679783, 'R2 - std': 0.0}
[0]	eval-rmse:624200.37500
[100]	eval-rmse:144302.71875
[200]	eval-rmse:140214.78125
[300]	eval-rmse:138663.73438
[400]	eval-rmse:138028.81250
[409]	eval-rmse:138124.06250
{'MSE - mean': 14777904822.776634, 'MSE - std': 4306547612.245426, 'R2 - mean': 0.8911040427956842, 'R2 - std': 0.027354362472294114}
[0]	eval-rmse:640930.81250
[100]	eval-rmse:130087.72656
[200]	eval-rmse:122188.12500
[300]	eval-rmse:119049.72656
[400]	eval-rmse:117388.73438
[500]	eval-rmse:116124.14844
[600]	eval-rmse:115222.21875
[700]	eval-rmse:114595.03906
[800]	eval-rmse:114112.11719
[900]	eval-rmse:113611.12500
[987]	eval-rmse:113411.07031
{'MSE - mean': 14139742586.956053, 'MSE - std': 3630253017.2812433, 'R2 - mean': 0.8988590533694442, 'R2 - std': 0.024882145047711624}
[0]	eval-rmse:613256.00000
[100]	eval-rmse:125849.15625
[200]	eval-rmse:119455.59375
[300]	eval-rmse:117393.16406
[400]	eval-rmse:116314.22656
[453]	eval-rmse:116132.85938
{'MSE - mean': 13972530188.07583, 'MSE - std': 3157203301.3614297, 'R2 - mean': 0.8963487149369528, 'R2 - std': 0.021982862729145392}
[0]	eval-rmse:629227.37500
[100]	eval-rmse:132869.35938
[200]	eval-rmse:128295.59375
[300]	eval-rmse:126712.35156
[400]	eval-rmse:125607.14844
[500]	eval-rmse:124850.18750
[600]	eval-rmse:124343.34375
[619]	eval-rmse:124363.80469
{'MSE - mean': 14271313110.978704, 'MSE - std': 2886421848.755921, 'R2 - mean': 0.8939781751471386, 'R2 - std': 0.020225598596707323}
Trial 74 finished with value: 14271313110.978704 and parameters: {'max_depth': 5, 'alpha': 0.01336501007764275, 'lambda': 9.223174682914906e-07, 'eta': 0.04667473600928722}. Best is trial 64 with value: 14105467680.672068.
[0]	eval-rmse:617777.81250
[100]	eval-rmse:113815.27344
[200]	eval-rmse:108276.17188
[300]	eval-rmse:106393.61719
[400]	eval-rmse:105469.71094
[500]	eval-rmse:104914.33594
[600]	eval-rmse:104559.68750
[643]	eval-rmse:104507.03125
{'MSE - mean': 10921719546.578556, 'MSE - std': 0.0, 'R2 - mean': 0.9149513848932358, 'R2 - std': 0.0}
[0]	eval-rmse:623239.93750
[100]	eval-rmse:141457.84375
[200]	eval-rmse:138396.79688
[300]	eval-rmse:137204.68750
[400]	eval-rmse:136628.65625
[449]	eval-rmse:136553.46875
{'MSE - mean': 14784284410.94615, 'MSE - std': 3862564864.367594, 'R2 - mean': 0.8909126306198948, 'R2 - std': 0.024038754273341012}
[0]	eval-rmse:639101.62500
[100]	eval-rmse:127688.29688
[200]	eval-rmse:121942.13281
[300]	eval-rmse:119219.23438
[400]	eval-rmse:117738.21094
[500]	eval-rmse:116737.05469
[600]	eval-rmse:116026.05469
[678]	eval-rmse:115701.07031
{'MSE - mean': 14318037460.383196, 'MSE - std': 3221962754.6134887, 'R2 - mean': 0.8975728603778883, 'R2 - std': 0.021770587012478703}
[0]	eval-rmse:612231.75000
[100]	eval-rmse:123076.89844
[200]	eval-rmse:118513.94531
[270]	eval-rmse:117474.07812
{'MSE - mean': 14188465801.516457, 'MSE - std': 2799312315.271706, 'R2 - mean': 0.8947055114213981, 'R2 - std': 0.01949702321550105}
[0]	eval-rmse:627672.87500
[100]	eval-rmse:130322.89062
[200]	eval-rmse:125977.32031
[300]	eval-rmse:124701.49219
[356]	eval-rmse:124447.35938
{'MSE - mean': 14448201991.26677, 'MSE - std': 2557102091.002531, 'R2 - mean': 0.892632691751922, 'R2 - std': 0.017924660580923076}
Trial 75 finished with value: 14448201991.26677 and parameters: {'max_depth': 6, 'alpha': 0.01095517371710739, 'lambda': 1.0453956435655422e-06, 'eta': 0.04796115146329571}. Best is trial 64 with value: 14105467680.672068.
[0]	eval-rmse:623495.37500
[100]	eval-rmse:121416.08594
[200]	eval-rmse:110430.28125
[300]	eval-rmse:107409.84375
[400]	eval-rmse:105909.89844
[500]	eval-rmse:104822.19531
[537]	eval-rmse:104687.20312
{'MSE - mean': 10959410495.185413, 'MSE - std': 0.0, 'R2 - mean': 0.9146578813869974, 'R2 - std': 0.0}
[0]	eval-rmse:628692.31250
[100]	eval-rmse:148539.43750
[200]	eval-rmse:142184.50000
[300]	eval-rmse:140560.71875
[394]	eval-rmse:140006.12500
{'MSE - mean': 15280561635.052078, 'MSE - std': 4321151139.866665, 'R2 - mean': 0.8873573331536704, 'R2 - std': 0.027300548233327004}
[0]	eval-rmse:645499.37500
[100]	eval-rmse:134564.09375
[200]	eval-rmse:123179.53125
[300]	eval-rmse:120215.19531
[400]	eval-rmse:118423.67188
[500]	eval-rmse:117222.03125
[600]	eval-rmse:116393.64062
[700]	eval-rmse:115535.03125
[800]	eval-rmse:114955.96875
[900]	eval-rmse:114449.28906
[999]	eval-rmse:113895.85156
{'MSE - mean': 14511129281.579039, 'MSE - std': 3692192267.7712007, 'R2 - mean': 0.8961197190426189, 'R2 - std': 0.02550370108096393}
[0]	eval-rmse:617792.93750
[100]	eval-rmse:129051.78906
[200]	eval-rmse:120667.88281
[300]	eval-rmse:117974.47656
[400]	eval-rmse:116986.12500
[500]	eval-rmse:116006.57812
[600]	eval-rmse:115387.53125
[697]	eval-rmse:114987.78906
{'MSE - mean': 14188894677.755846, 'MSE - std': 3245877112.0215487, 'R2 - mean': 0.8948073812550008, 'R2 - std': 0.02220350801172647}
[0]	eval-rmse:633780.18750
[100]	eval-rmse:137103.75000
[200]	eval-rmse:129974.56250
[300]	eval-rmse:127701.98438
[400]	eval-rmse:126331.49219
[500]	eval-rmse:126036.31250
[600]	eval-rmse:125529.50781
[621]	eval-rmse:125524.83594
{'MSE - mean': 14502412526.332523, 'MSE - std': 2970142815.8559775, 'R2 - mean': 0.8923119036211886, 'R2 - std': 0.02047696874307491}
Trial 76 finished with value: 14502412526.332523 and parameters: {'max_depth': 5, 'alpha': 0.039566104482188454, 'lambda': 7.033976141837745e-07, 'eta': 0.03900411385405256}. Best is trial 64 with value: 14105467680.672068.
[0]	eval-rmse:619889.25000
[100]	eval-rmse:116745.83594
[200]	eval-rmse:108492.34375
[300]	eval-rmse:105738.90625
[400]	eval-rmse:103993.72656
[500]	eval-rmse:103146.67969
[600]	eval-rmse:102713.25781
[608]	eval-rmse:102699.55469
{'MSE - mean': 10547198072.892136, 'MSE - std': 0.0, 'R2 - mean': 0.9178678242441027, 'R2 - std': 0.0}
[0]	eval-rmse:625123.68750
[100]	eval-rmse:144958.45312
[200]	eval-rmse:140429.92188
[300]	eval-rmse:138666.75000
[400]	eval-rmse:137907.35938
[500]	eval-rmse:137373.23438
[542]	eval-rmse:137393.37500
{'MSE - mean': 14712069156.41075, 'MSE - std': 4164871083.518614, 'R2 - mean': 0.8915495019336104, 'R2 - std': 0.026318322310492415}
[0]	eval-rmse:641869.93750
[100]	eval-rmse:131784.10938
[200]	eval-rmse:123448.57031
[300]	eval-rmse:120028.76562
[400]	eval-rmse:118175.98438
[500]	eval-rmse:116833.98438
[600]	eval-rmse:115861.10938
[700]	eval-rmse:115208.67969
[800]	eval-rmse:114751.80469
[900]	eval-rmse:114487.52344
[999]	eval-rmse:114147.54688
{'MSE - mean': 14151266895.477762, 'MSE - std': 3491861840.5212007, 'R2 - mean': 0.8987871337759515, 'R2 - std': 0.023802017187551903}
[0]	eval-rmse:614188.56250
[100]	eval-rmse:126377.63281
[200]	eval-rmse:119044.65625
[291]	eval-rmse:117171.23438
{'MSE - mean': 14045724537.127256, 'MSE - std': 3029561338.409348, 'R2 - mean': 0.895762001226268, 'R2 - std': 0.021268669386608336}
[0]	eval-rmse:630163.25000
[100]	eval-rmse:134064.54688
[200]	eval-rmse:128276.58594
[300]	eval-rmse:126144.68750
[372]	eval-rmse:125521.17188
{'MSE - mean': 14387071535.336887, 'MSE - std': 2794398793.1744123, 'R2 - mean': 0.8930816104606694, 'R2 - std': 0.019764185199666263}
Trial 77 finished with value: 14387071535.336887 and parameters: {'max_depth': 5, 'alpha': 0.059745012180465525, 'lambda': 2.27630291926489e-06, 'eta': 0.04509753973593106}. Best is trial 64 with value: 14105467680.672068.
[0]	eval-rmse:613235.93750
[100]	eval-rmse:112368.67188
[200]	eval-rmse:109384.17969
[300]	eval-rmse:108378.74219
[400]	eval-rmse:107793.21094
[426]	eval-rmse:107792.78906
{'MSE - mean': 11619286370.30684, 'MSE - std': 0.0, 'R2 - mean': 0.909519356351439, 'R2 - std': 0.0}
[0]	eval-rmse:618691.56250
[100]	eval-rmse:143933.14062
[200]	eval-rmse:141675.17188
[283]	eval-rmse:141033.20312
{'MSE - mean': 15754211160.93689, 'MSE - std': 4134924790.6300497, 'R2 - mean': 0.8837620653094581, 'R2 - std': 0.02575729104198088}
[0]	eval-rmse:634938.43750
[100]	eval-rmse:123319.07031
[200]	eval-rmse:118925.32812
[300]	eval-rmse:117662.37500
[357]	eval-rmse:117391.25000
{'MSE - mean': 15096110088.801062, 'MSE - std': 3502084530.448111, 'R2 - mean': 0.8919307309419287, 'R2 - std': 0.02399471242401298}
[0]	eval-rmse:607425.81250
[100]	eval-rmse:120039.03906
[200]	eval-rmse:117764.67188
[268]	eval-rmse:117067.21094
{'MSE - mean': 14748265778.414349, 'MSE - std': 3092156858.344705, 'R2 - mean': 0.8906699725667523, 'R2 - std': 0.02089445388793505}
[0]	eval-rmse:623180.06250
[100]	eval-rmse:134445.60938
[200]	eval-rmse:131419.68750
[300]	eval-rmse:130767.89062
[400]	eval-rmse:130004.28906
[500]	eval-rmse:129702.11719
[509]	eval-rmse:129724.14844
{'MSE - mean': 15164283804.563778, 'MSE - std': 2888153600.7649646, 'R2 - mean': 0.8874010207094039, 'R2 - std': 0.019799160275190582}
