Trial 93 finished with value: 4.531041489743438 and parameters: {'max_depth': 4, 'alpha': 0.6280105894870608, 'lambda': 0.38069098976204097, 'eta': 0.01207849494272789}. Best is trial 44 with value: 4.51743824446182.
[0]	eval-rmse:9.91343
[100]	eval-rmse:3.00622
[200]	eval-rmse:2.20451
[300]	eval-rmse:2.14416
[400]	eval-rmse:2.12541
[451]	eval-rmse:2.12308
{'MSE - mean': 4.510063069919317, 'MSE - std': 0.0, 'R2 - mean': 0.5886971508190681, 'R2 - std': 0.0}
[0]	eval-rmse:9.72698
[100]	eval-rmse:2.82367
[200]	eval-rmse:2.07582
[300]	eval-rmse:2.03880
[360]	eval-rmse:2.03700
{'MSE - mean': 4.329436737030445, 'MSE - std': 0.18062633288887175, 'R2 - mean': 0.5732241089701855, 'R2 - std': 0.015473041848882652}
[0]	eval-rmse:9.81403
[100]	eval-rmse:2.94063
[200]	eval-rmse:2.19603
[300]	eval-rmse:2.14495
[372]	eval-rmse:2.14434
{'MSE - mean': 4.41897425047841, 'MSE - std': 0.19438239130849785, 'R2 - mean': 0.5646687254908404, 'R2 - std': 0.017492832503499398}
[0]	eval-rmse:9.71476
[100]	eval-rmse:2.84096
[200]	eval-rmse:2.10581
[300]	eval-rmse:2.06092
[348]	eval-rmse:2.06070
{'MSE - mean': 4.375975454670644, 'MSE - std': 0.18407899081878257, 'R2 - mean': 0.5599792538561688, 'R2 - std': 0.01718932297630668}
[0]	eval-rmse:9.93474
[100]	eval-rmse:3.11891
[200]	eval-rmse:2.36728
[300]	eval-rmse:2.31498
[400]	eval-rmse:2.30993
[409]	eval-rmse:2.31070
{'MSE - mean': 4.5686495253375305, 'MSE - std': 0.419048028175868, 'R2 - mean': 0.5596709598621556, 'R2 - std': 0.015386956822387138}
Trial 94 finished with value: 4.5686495253375305 and parameters: {'max_depth': 5, 'alpha': 0.6685407971820237, 'lambda': 0.1400116280769522, 'eta': 0.015724605841976613}. Best is trial 44 with value: 4.51743824446182.
[0]	eval-rmse:9.94108
[100]	eval-rmse:3.53998
[200]	eval-rmse:2.32853
[300]	eval-rmse:2.17834
[400]	eval-rmse:2.15121
[500]	eval-rmse:2.13778
[600]	eval-rmse:2.13196
[700]	eval-rmse:2.12637
[736]	eval-rmse:2.12646
{'MSE - mean': 4.5218400548454865, 'MSE - std': 0.0, 'R2 - mean': 0.5876231287090001, 'R2 - std': 0.0}
[0]	eval-rmse:9.75479
[100]	eval-rmse:3.34003
[200]	eval-rmse:2.14632
[300]	eval-rmse:2.02508
[382]	eval-rmse:2.01005
{'MSE - mean': 4.28104817726981, 'MSE - std': 0.24079187757567633, 'R2 - mean': 0.578472845174602, 'R2 - std': 0.009150283534398174}
[0]	eval-rmse:9.84258
[100]	eval-rmse:3.47447
[200]	eval-rmse:2.31154
[300]	eval-rmse:2.17640
[400]	eval-rmse:2.15458
[500]	eval-rmse:2.14687
[584]	eval-rmse:2.14460
{'MSE - mean': 4.3871290092707085, 'MSE - std': 0.24730569080988052, 'R2 - mean': 0.568127165715626, 'R2 - std': 0.01642816563433066}
[0]	eval-rmse:9.74270
[100]	eval-rmse:3.35439
[200]	eval-rmse:2.20669
[300]	eval-rmse:2.08700
[400]	eval-rmse:2.07696
[435]	eval-rmse:2.07707
{'MSE - mean': 4.368905008574226, 'MSE - std': 0.2164865379980253, 'R2 - mean': 0.5607753776809119, 'R2 - std': 0.019093449963373553}
[0]	eval-rmse:9.96199
[100]	eval-rmse:3.66074
[200]	eval-rmse:2.48655
[300]	eval-rmse:2.33428
[400]	eval-rmse:2.30832
[500]	eval-rmse:2.29629
[570]	eval-rmse:2.29321
{'MSE - mean': 4.546899659594961, 'MSE - std': 0.40524254475001653, 'R2 - mean': 0.5616387870347193, 'R2 - std': 0.017164782784878114}
Trial 95 finished with value: 4.546899659594961 and parameters: {'max_depth': 4, 'alpha': 0.30464830711859775, 'lambda': 0.35464594247722464, 'eta': 0.01280123969719962}. Best is trial 44 with value: 4.51743824446182.
[0]	eval-rmse:9.96084
[100]	eval-rmse:4.03171
[200]	eval-rmse:2.48933
[300]	eval-rmse:2.20042
[400]	eval-rmse:2.15635
[500]	eval-rmse:2.13895
[600]	eval-rmse:2.13092
[696]	eval-rmse:2.12662
{'MSE - mean': 4.5225241243182, 'MSE - std': 0.0, 'R2 - mean': 0.5875607438334889, 'R2 - std': 0.0}
[0]	eval-rmse:9.77486
[100]	eval-rmse:3.85525
[200]	eval-rmse:2.32129
[300]	eval-rmse:2.07189
[400]	eval-rmse:2.04217
[453]	eval-rmse:2.03719
{'MSE - mean': 4.336330105461482, 'MSE - std': 0.18619401885671838, 'R2 - mean': 0.5725852488797727, 'R2 - std': 0.01497549495371625}
[0]	eval-rmse:9.86158
[100]	eval-rmse:3.95434
[200]	eval-rmse:2.44273
[300]	eval-rmse:2.18735
[400]	eval-rmse:2.14885
[500]	eval-rmse:2.14492
[511]	eval-rmse:2.14500
{'MSE - mean': 4.424641011365407, 'MSE - std': 0.19674799611471114, 'R2 - mean': 0.5641374158612106, 'R2 - std': 0.017095088909533887}
[0]	eval-rmse:9.76245
[100]	eval-rmse:3.85000
[200]	eval-rmse:2.34778
[300]	eval-rmse:2.10041
[400]	eval-rmse:2.07042
[500]	eval-rmse:2.06570
[545]	eval-rmse:2.06581
{'MSE - mean': 4.385372077307546, 'MSE - std': 0.18346247035153404, 'R2 - mean': 0.5590304996806135, 'R2 - std': 0.017245965535324054}
[0]	eval-rmse:9.98132
[100]	eval-rmse:4.12599
[200]	eval-rmse:2.61899
[300]	eval-rmse:2.36388
[400]	eval-rmse:2.32531
[500]	eval-rmse:2.31778
[600]	eval-rmse:2.31437
{'MSE - mean': 4.579562369692291, 'MSE - std': 0.42162336397296624, 'R2 - mean': 0.558631145917027, 'R2 - std': 0.015445924883619974}
Trial 96 finished with value: 4.579562369692291 and parameters: {'max_depth': 5, 'alpha': 0.17084949140457772, 'lambda': 0.2252758385188305, 'eta': 0.010699203671368233}. Best is trial 44 with value: 4.51743824446182.
[0]	eval-rmse:8.71067
[69]	eval-rmse:2.12695
{'MSE - mean': 4.523928298144008, 'MSE - std': 0.0, 'R2 - mean': 0.5874326878204472, 'R2 - std': 0.0}
[0]	eval-rmse:8.51686
[54]	eval-rmse:2.02441
{'MSE - mean': 4.311074086861919, 'MSE - std': 0.2128542112820888, 'R2 - mean': 0.5752882657232601, 'R2 - std': 0.012144422097187135}
[0]	eval-rmse:8.61832
[100]	eval-rmse:2.16666
[102]	eval-rmse:2.16825
{'MSE - mean': 4.441147005180565, 'MSE - std': 0.25306627261162, 'R2 - mean': 0.5626584860422719, 'R2 - std': 0.020429080456472758}
[0]	eval-rmse:8.50217
[50]	eval-rmse:2.10482
{'MSE - mean': 4.436363135372967, 'MSE - std': 0.2193183986380583, 'R2 - mean': 0.5537929344018501, 'R2 - std': 0.02342657708436581}
[0]	eval-rmse:8.75456
[67]	eval-rmse:2.31673
{'MSE - mean': 4.627045891073934, 'MSE - std': 0.4288590692427852, 'R2 - mean': 0.553887776985319, 'R2 - std': 0.02095422610296889}
Trial 97 finished with value: 4.627045891073934 and parameters: {'max_depth': 4, 'alpha': 0.5071582692656685, 'lambda': 0.046069324448088304, 'eta': 0.14421756121465756}. Best is trial 44 with value: 4.51743824446182.
[0]	eval-rmse:9.90150
[100]	eval-rmse:2.87600
[200]	eval-rmse:2.20363
[300]	eval-rmse:2.15767
[400]	eval-rmse:2.13782
[500]	eval-rmse:2.12833
[600]	eval-rmse:2.12175
[700]	eval-rmse:2.11713
[800]	eval-rmse:2.11375
[900]	eval-rmse:2.11184
[904]	eval-rmse:2.11176
{'MSE - mean': 4.459208224676051, 'MSE - std': 0.0, 'R2 - mean': 0.5933349446633978, 'R2 - std': 0.0}
[0]	eval-rmse:9.71492
[100]	eval-rmse:2.66192
[200]	eval-rmse:2.04148
[300]	eval-rmse:2.00252
[341]	eval-rmse:2.00208
{'MSE - mean': 4.234022742506057, 'MSE - std': 0.22518548216999434, 'R2 - mean': 0.5830033339683054, 'R2 - std': 0.010331610695092364}
[0]	eval-rmse:9.80342
[100]	eval-rmse:2.81294
[200]	eval-rmse:2.18990
[300]	eval-rmse:2.15493
[400]	eval-rmse:2.14741
[481]	eval-rmse:2.14512
{'MSE - mean': 4.35652078293382, 'MSE - std': 0.25262067889236384, 'R2 - mean': 0.5710744734986607, 'R2 - std': 0.018861518423635287}
[0]	eval-rmse:9.70270
[100]	eval-rmse:2.70090
[200]	eval-rmse:2.10434
[300]	eval-rmse:2.07578
[345]	eval-rmse:2.07576
{'MSE - mean': 4.344590200635045, 'MSE - std': 0.21974968017039884, 'R2 - mean': 0.563131124803826, 'R2 - std': 0.021356685683809908}
[0]	eval-rmse:9.92255
[100]	eval-rmse:2.99888
[200]	eval-rmse:2.35970
[300]	eval-rmse:2.30866
[400]	eval-rmse:2.29394
[453]	eval-rmse:2.29015
{'MSE - mean': 4.5248610329308905, 'MSE - std': 0.4106363713244863, 'R2 - mean': 0.5637373106499249, 'R2 - std': 0.019140435309513832}
Trial 98 finished with value: 4.5248610329308905 and parameters: {'max_depth': 4, 'alpha': 0.7848973007929471, 'lambda': 0.6832237241537906, 'eta': 0.017042505648291628}. Best is trial 44 with value: 4.51743824446182.
[0]	eval-rmse:9.89606
[100]	eval-rmse:2.79208
[200]	eval-rmse:2.17771
[300]	eval-rmse:2.14532
[400]	eval-rmse:2.13554
[431]	eval-rmse:2.13495
{'MSE - mean': 4.558024999779553, 'MSE - std': 0.0, 'R2 - mean': 0.5843231812984857, 'R2 - std': 0.0}
[0]	eval-rmse:9.71057
[100]	eval-rmse:2.61031
[200]	eval-rmse:2.04992
[300]	eval-rmse:2.01220
[306]	eval-rmse:2.01292
{'MSE - mean': 4.3050948794393955, 'MSE - std': 0.2529301203401575, 'R2 - mean': 0.5761881710430636, 'R2 - std': 0.008135010255422126}
[0]	eval-rmse:9.79751
[100]	eval-rmse:2.72777
[200]	eval-rmse:2.17460
[300]	eval-rmse:2.15015
[322]	eval-rmse:2.14987
{'MSE - mean': 4.411125770254543, 'MSE - std': 0.25521402155373824, 'R2 - mean': 0.565820242416669, 'R2 - std': 0.016096795206124465}
[0]	eval-rmse:9.69812
[100]	eval-rmse:2.63468
[200]	eval-rmse:2.08286
[300]	eval-rmse:2.06250
[301]	eval-rmse:2.06201
{'MSE - mean': 4.371310711235909, 'MSE - std': 0.23153048259828768, 'R2 - mean': 0.5607122756683562, 'R2 - std': 0.01651072635702431}
[0]	eval-rmse:9.91739
[100]	eval-rmse:2.91567
[200]	eval-rmse:2.34107
[300]	eval-rmse:2.32043
[400]	eval-rmse:2.31433
[426]	eval-rmse:2.31468
{'MSE - mean': 4.568331770466403, 'MSE - std': 0.4451452376685397, 'R2 - mean': 0.5599750372897292, 'R2 - std': 0.014841069691127803}
Trial 99 finished with value: 4.568331770466403 and parameters: {'max_depth': 5, 'alpha': 1.6939579651499964e-08, 'lambda': 0.7533032743025758, 'eta': 0.017552336588773254}. Best is trial 44 with value: 4.51743824446182.
Best parameters: {'max_depth': 4, 'alpha': 0.9800025219430535, 'lambda': 0.49770791146992654, 'eta': 0.0125178727180663}
[0]	eval-rmse:9.94395
[100]	eval-rmse:3.61215
[200]	eval-rmse:2.35046
[300]	eval-rmse:2.18419
[400]	eval-rmse:2.15513
[500]	eval-rmse:2.13819
[600]	eval-rmse:2.12868
[700]	eval-rmse:2.12259
[800]	eval-rmse:2.11722
[900]	eval-rmse:2.11269
[999]	eval-rmse:2.10889
{'MSE - mean': 4.447424004692811, 'MSE - std': 0.0, 'R2 - mean': 0.5944096265867636, 'R2 - std': 0.0}
[0]	eval-rmse:9.75749
[100]	eval-rmse:3.40666
[200]	eval-rmse:2.16317
[300]	eval-rmse:2.02624
[400]	eval-rmse:2.00425
[478]	eval-rmse:2.00380
{'MSE - mean': 4.231327285877905, 'MSE - std': 0.21609671881490655, 'R2 - mean': 0.5831999226658295, 'R2 - std': 0.011209703920934011}
[0]	eval-rmse:9.84563
[100]	eval-rmse:3.53698
[200]	eval-rmse:2.32583
[300]	eval-rmse:2.17591
[400]	eval-rmse:2.15587
[500]	eval-rmse:2.14660
[600]	eval-rmse:2.14270
[700]	eval-rmse:2.13919
[702]	eval-rmse:2.13920
{'MSE - mean': 4.346402264665181, 'MSE - std': 0.24003408662277484, 'R2 - mean': 0.5720243620009348, 'R2 - std': 0.01826356902906683}
[0]	eval-rmse:9.74550
[100]	eval-rmse:3.42030
[200]	eval-rmse:2.22536
[300]	eval-rmse:2.09275
[400]	eval-rmse:2.07836
[432]	eval-rmse:2.07867
{'MSE - mean': 4.3400159438228005, 'MSE - std': 0.20816970802047008, 'R2 - mean': 0.563521215206286, 'R2 - std': 0.02161201012154247}
[0]	eval-rmse:9.96437
[100]	eval-rmse:3.72317
[200]	eval-rmse:2.50334
[300]	eval-rmse:2.33969
[400]	eval-rmse:2.31016
[500]	eval-rmse:2.29813
[600]	eval-rmse:2.28972
[700]	eval-rmse:2.28704
[747]	eval-rmse:2.28628
{'MSE - mean': 4.51743824446182, 'MSE - std': 0.4007273298965689, 'R2 - mean': 0.5643606135618998, 'R2 - std': 0.01940313231394747}
Results: {'MSE - mean': 4.51743824446182, 'MSE - std': 0.4007273298965689, 'R2 - mean': 0.5643606135618998, 'R2 - std': 0.01940313231394747}
Train time: 1.0019862529999954
Inference time: 0.04277396740001223


----------------------------------------------------------------------------
Training XGBoost Vesion 1 with Dataset: config/nyc_taxi.yml 



----------------------------------------------------------------------------
Namespace(batch_size=128, cat_dims=None, cat_idx=None, config='config/nyc_taxi.yml', data_parallel=False, dataset='NYC Taxi', direction='minimize', dropna_idx=None, early_stopping_rounds=20, epochs=1000, gpu_ids=[0, 1], logging_period=100, miss_cat_idx=None, miss_num_idx=None, model_name='XGBoost', n_trials=100, nominal_idx=[0, 1, 3, 4, 11], num_classes=1, num_features=18, num_splits=5, objective='regression', one_hot_encode=True, optimize_hyperparameters=True, ordinal_encode=False, ordinal_idx=None, scale=True, seed=221, shuffle=True, target_encode=False, use_gpu=True, val_batch_size=256)
Start hyperparameter optimization
Loading dataset NYC Taxi...
Dataset loaded!
(581835, 18)
Scaling the data...
args.num_features: 511
New Shape: (581835, 511)
A new study created in RDB with name: XGBoost_NYC Taxi
[0]	eval-rmse:3.02923
[100]	eval-rmse:2.01763
[200]	eval-rmse:2.00037
[300]	eval-rmse:1.99457
[400]	eval-rmse:1.98049
[500]	eval-rmse:1.97520
[600]	eval-rmse:1.96852
[612]	eval-rmse:1.96840
{'MSE - mean': 3.8745905304038994, 'MSE - std': 0.0, 'R2 - mean': 0.501199265300341, 'R2 - std': 0.0}
[0]	eval-rmse:2.97786
[100]	eval-rmse:2.00460
[187]	eval-rmse:2.00014
{'MSE - mean': 3.9375685990417972, 'MSE - std': 0.06297806863789801, 'R2 - mean': 0.4819247819563802, 'R2 - std': 0.019274483343960758}
[0]	eval-rmse:2.92879
[100]	eval-rmse:1.94842
[161]	eval-rmse:1.94540
{'MSE - mean': 3.8865903040662455, 'MSE - std': 0.08855354992019594, 'R2 - mean': 0.47956537847664693, 'R2 - std': 0.016087387658600814}
[0]	eval-rmse:2.86726
[44]	eval-rmse:1.93351
{'MSE - mean': 3.8493713712286297, 'MSE - std': 0.10018505520941892, 'R2 - mean': 0.4725610318162865, 'R2 - std': 0.018473918037982186}
[0]	eval-rmse:2.99513
[100]	eval-rmse:1.98702
[200]	eval-rmse:1.97659
[300]	eval-rmse:1.97137
[400]	eval-rmse:1.96800
[500]	eval-rmse:1.94966
[503]	eval-rmse:1.94960
{'MSE - mean': 3.8396797051359086, 'MSE - std': 0.09168069478610331, 'R2 - mean': 0.4778435586504883, 'R2 - std': 0.019612467390808207}
Trial 0 finished with value: 3.8396797051359086 and parameters: {'max_depth': 2, 'alpha': 0.00019681943453128383, 'lambda': 0.6678873856471542, 'eta': 0.18224496848674732}. Best is trial 0 with value: 3.8396797051359086.
[0]	eval-rmse:3.33462
[100]	eval-rmse:2.16685
[200]	eval-rmse:2.06023
[300]	eval-rmse:2.04331
[400]	eval-rmse:2.03600
[500]	eval-rmse:2.02421
[600]	eval-rmse:2.01565
[700]	eval-rmse:2.00792
[800]	eval-rmse:2.00283
[900]	eval-rmse:1.99858
[999]	eval-rmse:1.99577
{'MSE - mean': 3.9831021758835634, 'MSE - std': 0.0, 'R2 - mean': 0.4872298695502608, 'R2 - std': 0.0}
[0]	eval-rmse:3.28294
[100]	eval-rmse:2.11723
[200]	eval-rmse:2.02372
[300]	eval-rmse:2.01192
[400]	eval-rmse:2.00713
[500]	eval-rmse:2.00466
[600]	eval-rmse:2.00245
[700]	eval-rmse:2.00061
[800]	eval-rmse:1.99924
[900]	eval-rmse:1.99816
[999]	eval-rmse:1.99640
{'MSE - mean': 3.984359494889049, 'MSE - std': 0.0012573190054854244, 'R2 - mean': 0.47594276610702807, 'R2 - std': 0.011287103443232749}
[0]	eval-rmse:3.23571
[100]	eval-rmse:2.06264
[200]	eval-rmse:1.96826
[300]	eval-rmse:1.95465
[400]	eval-rmse:1.94916
[500]	eval-rmse:1.94573
[600]	eval-rmse:1.94327
[700]	eval-rmse:1.94125
[800]	eval-rmse:1.93957
[900]	eval-rmse:1.93802
[999]	eval-rmse:1.93697
{'MSE - mean': 3.906853429853104, 'MSE - std': 0.1096149357315565, 'R2 - mean': 0.4770941196065727, 'R2 - std': 0.00935861630730304}
[0]	eval-rmse:3.18300
[100]	eval-rmse:2.00499
[200]	eval-rmse:1.92277
[211]	eval-rmse:1.92385
{'MSE - mean': 3.8560483944615864, 'MSE - std': 0.12944122397820193, 'R2 - mean': 0.4719578134716502, 'R2 - std': 0.012034645675108794}
[0]	eval-rmse:3.30180
[100]	eval-rmse:2.12138
[200]	eval-rmse:2.00685
[300]	eval-rmse:1.99132
[394]	eval-rmse:1.98792
{'MSE - mean': 3.875052981330815, 'MSE - std': 0.12185533086517077, 'R2 - mean': 0.47340229006240725, 'R2 - std': 0.011145053059780023}
Trial 1 finished with value: 3.875052981330815 and parameters: {'max_depth': 3, 'alpha': 0.036149863167034724, 'lambda': 0.6474319471237964, 'eta': 0.014947680496559613}. Best is trial 0 with value: 3.8396797051359086.
[0]	eval-rmse:3.25827
[100]	eval-rmse:2.04730
[200]	eval-rmse:2.02978
[300]	eval-rmse:2.02407
[400]	eval-rmse:2.01227
[500]	eval-rmse:2.00906
[600]	eval-rmse:2.00643
[700]	eval-rmse:2.00462
[800]	eval-rmse:2.00320
[900]	eval-rmse:2.00067
[999]	eval-rmse:1.99915
{'MSE - mean': 3.9966102314289373, 'MSE - std': 0.0, 'R2 - mean': 0.4854908914627637, 'R2 - std': 0.0}
[0]	eval-rmse:3.20647
[100]	eval-rmse:2.01958
[200]	eval-rmse:2.00937
[300]	eval-rmse:2.00566
[400]	eval-rmse:2.00367
[476]	eval-rmse:2.00276
{'MSE - mean': 4.003771223575133, 'MSE - std': 0.007160992146195921, 'R2 - mean': 0.4733731064688411, 'R2 - std': 0.012117784993922576}
[0]	eval-rmse:3.15902
[100]	eval-rmse:1.96400
[200]	eval-rmse:1.95664
[300]	eval-rmse:1.95207
[357]	eval-rmse:1.95130
{'MSE - mean': 3.9383751730959133, 'MSE - std': 0.09266862131041617, 'R2 - mean': 0.47280278191984176, 'R2 - std': 0.009926950637280621}
[0]	eval-rmse:3.10396
[100]	eval-rmse:1.91342
[109]	eval-rmse:1.91928
{'MSE - mean': 3.8746201749378324, 'MSE - std': 0.136508990187792, 'R2 - mean': 0.46948318515619925, 'R2 - std': 0.010342505969822448}
[0]	eval-rmse:3.22514
[100]	eval-rmse:2.01004
[200]	eval-rmse:1.99769
[300]	eval-rmse:1.99261
[400]	eval-rmse:1.98790
[500]	eval-rmse:1.98512
[600]	eval-rmse:1.98267
[700]	eval-rmse:1.98000
[800]	eval-rmse:1.97843
[900]	eval-rmse:1.97670
[998]	eval-rmse:1.97570
{'MSE - mean': 3.8803735194714206, 'MSE - std': 0.1226383602913919, 'R2 - mean': 0.47267971460545255, 'R2 - std': 0.011244783051194213}
Trial 2 finished with value: 3.8803735194714206 and parameters: {'max_depth': 2, 'alpha': 0.16767001539998022, 'lambda': 8.842516559978825e-07, 'eta': 0.05606659288255455}. Best is trial 0 with value: 3.8396797051359086.
[0]	eval-rmse:3.34191
[100]	eval-rmse:2.19235
[200]	eval-rmse:1.99979
[300]	eval-rmse:1.97546
[400]	eval-rmse:1.96966
[444]	eval-rmse:1.96987
{'MSE - mean': 3.88040186654465, 'MSE - std': 0.0, 'R2 - mean': 0.5004511349588645, 'R2 - std': 0.0}
[0]	eval-rmse:3.29005
[100]	eval-rmse:2.15532
[200]	eval-rmse:1.97596
[300]	eval-rmse:1.95538
[400]	eval-rmse:1.94590
[479]	eval-rmse:1.94365
{'MSE - mean': 3.829148764853295, 'MSE - std': 0.051253101691354885, 'R2 - mean': 0.49650385453527013, 'R2 - std': 0.003947280423594379}
[0]	eval-rmse:3.24307
[100]	eval-rmse:2.11293
[200]	eval-rmse:1.92276
[300]	eval-rmse:1.90077
[359]	eval-rmse:1.89962
{'MSE - mean': 3.7556176897070443, 'MSE - std': 0.11209322747747394, 'R2 - mean': 0.49742892632574476, 'R2 - std': 0.0034783421525287042}
[0]	eval-rmse:3.19014
[100]	eval-rmse:2.05709
[200]	eval-rmse:1.92111
[298]	eval-rmse:1.91326
{'MSE - mean': 3.7318573591159656, 'MSE - std': 0.10543874365777317, 'R2 - mean': 0.48878840340065116, 'R2 - std': 0.015265977117588873}
[0]	eval-rmse:3.30908
[100]	eval-rmse:2.15135
[200]	eval-rmse:1.97052
[300]	eval-rmse:1.95531
[400]	eval-rmse:1.94993
[469]	eval-rmse:1.94935
{'MSE - mean': 3.745481114910421, 'MSE - std': 0.09816460573491602, 'R2 - mean': 0.49085015592602765, 'R2 - std': 0.014263356540007769}
Trial 3 finished with value: 3.745481114910421 and parameters: {'max_depth': 12, 'alpha': 0.31586457842443133, 'lambda': 0.0001705793718511904, 'eta': 0.010591828456773152}. Best is trial 3 with value: 3.745481114910421.
[0]	eval-rmse:3.30397
[100]	eval-rmse:2.01586
[200]	eval-rmse:1.98625
[300]	eval-rmse:1.97816
[318]	eval-rmse:1.97812
{'MSE - mean': 3.9129125598445005, 'MSE - std': 0.0, 'R2 - mean': 0.496265826194929, 'R2 - std': 0.0}
[0]	eval-rmse:3.25247
[100]	eval-rmse:1.98392
[200]	eval-rmse:1.96598
[300]	eval-rmse:1.96378
[400]	eval-rmse:1.96101
[500]	eval-rmse:1.95732
[600]	eval-rmse:1.95593
[647]	eval-rmse:1.95583
{'MSE - mean': 3.8690824239427264, 'MSE - std': 0.04383013590177409, 'R2 - mean': 0.49123075128577043, 'R2 - std': 0.0050350749091585545}
[0]	eval-rmse:3.20500
[100]	eval-rmse:1.92894
[200]	eval-rmse:1.91578
[300]	eval-rmse:1.90983
[400]	eval-rmse:1.90829
[435]	eval-rmse:1.90754
{'MSE - mean': 3.792403298799913, 'MSE - std': 0.1141932441410021, 'R2 - mean': 0.4925032890309084, 'R2 - std': 0.004487763829142555}
[0]	eval-rmse:3.15156
[100]	eval-rmse:1.94446
[184]	eval-rmse:1.93755
{'MSE - mean': 3.7828283031735754, 'MSE - std': 0.10027519323999348, 'R2 - mean': 0.4816632658474629, 'R2 - std': 0.019173505834680558}
[0]	eval-rmse:3.27092
[100]	eval-rmse:1.97476
[200]	eval-rmse:1.94603
[300]	eval-rmse:1.93121
[400]	eval-rmse:1.92226
[431]	eval-rmse:1.92103
{'MSE - mean': 3.7643340075564082, 'MSE - std': 0.09701673765363965, 'R2 - mean': 0.4880399916381202, 'R2 - std': 0.02137169127680257}
Trial 4 finished with value: 3.7643340075564082 and parameters: {'max_depth': 6, 'alpha': 2.0242850134985063e-05, 'lambda': 0.07798306833708113, 'eta': 0.02910327433325599}. Best is trial 3 with value: 3.745481114910421.
[0]	eval-rmse:2.86890
[100]	eval-rmse:2.02372
[200]	eval-rmse:2.01409
[233]	eval-rmse:2.00935
{'MSE - mean': 4.037492680812478, 'MSE - std': 0.0, 'R2 - mean': 0.48022783317858775, 'R2 - std': 0.0}
[0]	eval-rmse:2.81770
[100]	eval-rmse:1.99950
[125]	eval-rmse:1.99903
{'MSE - mean': 4.016801885052491, 'MSE - std': 0.020690795759987335, 'R2 - mean': 0.4717369572738363, 'R2 - std': 0.00849087590475145}
[0]	eval-rmse:2.76753
[78]	eval-rmse:1.95539
{'MSE - mean': 3.9523836437983704, 'MSE - std': 0.09265433412421925, 'R2 - mean': 0.4709736267510389, 'R2 - std': 0.007016314041384379}
[0]	eval-rmse:2.70092
[42]	eval-rmse:1.93760
{'MSE - mean': 3.9028649189503484, 'MSE - std': 0.11745182653209012, 'R2 - mean': 0.4655084832852227, 'R2 - std': 0.011248327713547227}
[0]	eval-rmse:2.83402
[100]	eval-rmse:1.98428
[200]	eval-rmse:1.95660
[300]	eval-rmse:1.93841
[322]	eval-rmse:1.93861
{'MSE - mean': 3.8739370084166906, 'MSE - std': 0.11993015165483831, 'R2 - mean': 0.4733269151621968, 'R2 - std': 0.01859385406903654}
