Trial 8 finished with value: 4.562182644613903 and parameters: {'max_depth': 3, 'alpha': 0.004059479813435622, 'lambda': 0.6080409773906478, 'eta': 0.08705970925304725}. Best is trial 8 with value: 4.562182644613903.
[0]	eval-rmse:8.10518
[100]	eval-rmse:2.16164
[156]	eval-rmse:2.15893
{'MSE - mean': 4.6544268698047, 'MSE - std': 0.0, 'R2 - mean': 0.5755316492970448, 'R2 - std': 0.0}
[0]	eval-rmse:7.90002
[100]	eval-rmse:2.01698
[104]	eval-rmse:2.01591
{'MSE - mean': 4.359164756682301, 'MSE - std': 0.2952621131223996, 'R2 - mean': 0.5711667959675346, 'R2 - std': 0.004364853329510199}
[0]	eval-rmse:8.00268
[100]	eval-rmse:2.18765
[133]	eval-rmse:2.17833
{'MSE - mean': 4.4880462447757905, 'MSE - std': 0.30222621700207897, 'R2 - mean': 0.5584507216896251, 'R2 - std': 0.018332986294510634}
[0]	eval-rmse:7.89256
[79]	eval-rmse:2.07255
{'MSE - mean': 4.43990156062276, 'MSE - std': 0.2746984647192736, 'R2 - mean': 0.5540196488166442, 'R2 - std': 0.017634540262593642}
[0]	eval-rmse:8.16175
[100]	eval-rmse:2.33928
[107]	eval-rmse:2.34529
{'MSE - mean': 4.6520710881706435, 'MSE - std': 0.4903376702792368, 'R2 - mean': 0.5522336739243426, 'R2 - std': 0.016172211768405564}
Trial 9 finished with value: 4.6520710881706435 and parameters: {'max_depth': 2, 'alpha': 0.002147540054642188, 'lambda': 0.000634881809602166, 'eta': 0.21165744773163916}. Best is trial 8 with value: 4.562182644613903.
[0]	eval-rmse:7.35549
[76]	eval-rmse:2.13829
{'MSE - mean': 4.572280014384784, 'MSE - std': 0.0, 'R2 - mean': 0.5830231710699476, 'R2 - std': 0.0}
[0]	eval-rmse:7.15989
[33]	eval-rmse:2.04306
{'MSE - mean': 4.373180740433261, 'MSE - std': 0.1990992739515236, 'R2 - mean': 0.569040214891291, 'R2 - std': 0.013982956178656636}
[0]	eval-rmse:7.27106
[51]	eval-rmse:2.18647
{'MSE - mean': 4.509006349760178, 'MSE - std': 0.2516430134603492, 'R2 - mean': 0.5558899903523719, 'R2 - std': 0.021822133714284948}
[0]	eval-rmse:7.13867
[46]	eval-rmse:2.12912
{'MSE - mean': 4.515046606343123, 'MSE - std': 0.21818022084120636, 'R2 - mean': 0.5457453526321375, 'R2 - std': 0.025804944551529367}
[0]	eval-rmse:7.41529
[37]	eval-rmse:2.35643
{'MSE - mean': 4.722593117190302, 'MSE - std': 0.458676687517913, 'R2 - mean': 0.5447536646801708, 'R2 - std': 0.023165705485098182}
Trial 10 finished with value: 4.722593117190302 and parameters: {'max_depth': 4, 'alpha': 0.6419591667531513, 'lambda': 0.8536894102991686, 'eta': 0.29135147588823096}. Best is trial 8 with value: 4.562182644613903.
[0]	eval-rmse:9.43282
[100]	eval-rmse:2.17441
[200]	eval-rmse:2.14154
[295]	eval-rmse:2.12392
{'MSE - mean': 4.511053212431783, 'MSE - std': 0.0, 'R2 - mean': 0.5886068530937016, 'R2 - std': 0.0}
[0]	eval-rmse:9.24453
[100]	eval-rmse:2.01464
[110]	eval-rmse:2.01536
{'MSE - mean': 4.284474022949157, 'MSE - std': 0.22657918948262656, 'R2 - mean': 0.5780246038217774, 'R2 - std': 0.010582249271924193}
[0]	eval-rmse:9.33574
[100]	eval-rmse:2.17195
[200]	eval-rmse:2.14505
[204]	eval-rmse:2.14502
{'MSE - mean': 4.390015946640078, 'MSE - std': 0.2377048899731837, 'R2 - mean': 0.5677689997743774, 'R2 - std': 0.016882263726255824}
[0]	eval-rmse:9.23303
[100]	eval-rmse:2.08700
[131]	eval-rmse:2.08630
{'MSE - mean': 4.380496525285688, 'MSE - std': 0.20651772124115594, 'R2 - mean': 0.5594988869734676, 'R2 - std': 0.02046808292467714}
[0]	eval-rmse:9.46566
[100]	eval-rmse:2.33856
[139]	eval-rmse:2.33373
{'MSE - mean': 4.592304687915633, 'MSE - std': 0.46213682646593524, 'R2 - mean': 0.5576295047559224, 'R2 - std': 0.01868508213496168}
Trial 11 finished with value: 4.592304687915633 and parameters: {'max_depth': 3, 'alpha': 7.600062813765216e-06, 'lambda': 2.900643109862731e-08, 'eta': 0.06711705280692776}. Best is trial 8 with value: 4.562182644613903.
[0]	eval-rmse:9.29955
[100]	eval-rmse:2.15687
[200]	eval-rmse:2.12474
[238]	eval-rmse:2.12451
{'MSE - mean': 4.513522869239829, 'MSE - std': 0.0, 'R2 - mean': 0.5883816285534014, 'R2 - std': 0.0}
[0]	eval-rmse:9.11073
[100]	eval-rmse:2.01295
[124]	eval-rmse:2.01467
{'MSE - mean': 4.286211165156104, 'MSE - std': 0.22731170408372492, 'R2 - mean': 0.5778584466262935, 'R2 - std': 0.010523181927107828}
[0]	eval-rmse:9.20262
[100]	eval-rmse:2.16580
[200]	eval-rmse:2.14047
[223]	eval-rmse:2.14117
{'MSE - mean': 4.385672748802345, 'MSE - std': 0.2328782667370824, 'R2 - mean': 0.5681995483192024, 'R2 - std': 0.016137333678795763}
[0]	eval-rmse:9.09932
[100]	eval-rmse:2.07050
[104]	eval-rmse:2.07264
{'MSE - mean': 4.364322295536615, 'MSE - std': 0.20504082740470764, 'R2 - mean': 0.5612028725592078, 'R2 - std': 0.01849785308534713}
[0]	eval-rmse:9.33546
[100]	eval-rmse:2.32400
[157]	eval-rmse:2.32414
{'MSE - mean': 4.571786337246633, 'MSE - std': 0.4536504239311022, 'R2 - mean': 0.5596194713968218, 'R2 - std': 0.01684532849124203}
Trial 12 finished with value: 4.571786337246633 and parameters: {'max_depth': 3, 'alpha': 9.68188976344745e-06, 'lambda': 0.3970957670649874, 'eta': 0.08145631169607707}. Best is trial 8 with value: 4.562182644613903.
[0]	eval-rmse:9.23330
[100]	eval-rmse:2.14097
[200]	eval-rmse:2.11471
[224]	eval-rmse:2.11520
{'MSE - mean': 4.472793183860248, 'MSE - std': 0.0, 'R2 - mean': 0.592096041275165, 'R2 - std': 0.0}
[0]	eval-rmse:9.04419
[100]	eval-rmse:2.01465
[121]	eval-rmse:2.02022
{'MSE - mean': 4.277042243222902, 'MSE - std': 0.1957509406373461, 'R2 - mean': 0.5785222063061092, 'R2 - std': 0.013573834969055842}
[0]	eval-rmse:9.13654
[100]	eval-rmse:2.16445
[150]	eval-rmse:2.15178
{'MSE - mean': 4.394751083511235, 'MSE - std': 0.2307734011340683, 'R2 - mean': 0.5671472852054612, 'R2 - std': 0.019534848961195266}
[0]	eval-rmse:9.03283
[100]	eval-rmse:2.06584
[141]	eval-rmse:2.06359
{'MSE - mean': 4.36066136502159, 'MSE - std': 0.20839529438869023, 'R2 - mean': 0.5615330988976939, 'R2 - std': 0.019513200830399424}
[0]	eval-rmse:9.27072
[100]	eval-rmse:2.33187
[138]	eval-rmse:2.32154
{'MSE - mean': 4.568510101503977, 'MSE - std': 0.4555735593819922, 'R2 - mean': 0.559912389891174, 'R2 - std': 0.01775158573348474}
Trial 13 finished with value: 4.568510101503977 and parameters: {'max_depth': 3, 'alpha': 0.00030656530248859354, 'lambda': 0.33008269858258144, 'eta': 0.08854769093208449}. Best is trial 8 with value: 4.562182644613903.
[0]	eval-rmse:9.71474
[100]	eval-rmse:2.18052
[187]	eval-rmse:2.13840
{'MSE - mean': 4.572733745812942, 'MSE - std': 0.0, 'R2 - mean': 0.5829817922629839, 'R2 - std': 0.0}
[0]	eval-rmse:9.52699
[100]	eval-rmse:2.03665
[146]	eval-rmse:2.01780
{'MSE - mean': 4.322124982995693, 'MSE - std': 0.2506087628172482, 'R2 - mean': 0.5744860768976772, 'R2 - std': 0.008495715365306633}
[0]	eval-rmse:9.61714
[100]	eval-rmse:2.18441
[200]	eval-rmse:2.15082
[263]	eval-rmse:2.14444
{'MSE - mean': 4.414291552136081, 'MSE - std': 0.24260912514044955, 'R2 - mean': 0.5654911641453024, 'R2 - std': 0.014489134914061395}
[0]	eval-rmse:9.51437
[100]	eval-rmse:2.09107
[167]	eval-rmse:2.08043
{'MSE - mean': 4.392602126593099, 'MSE - std': 0.21343777604307637, 'R2 - mean': 0.5584428432664176, 'R2 - std': 0.017506791669337288}
[0]	eval-rmse:9.73985
[100]	eval-rmse:2.34096
[200]	eval-rmse:2.30876
[214]	eval-rmse:2.31005
{'MSE - mean': 4.581766134900995, 'MSE - std': 0.42376483519779146, 'R2 - mean': 0.5584571083356455, 'R2 - std': 0.015658576487397}
Trial 14 finished with value: 4.581766134900995 and parameters: {'max_depth': 4, 'alpha': 0.00047823319461984547, 'lambda': 0.025107781543756657, 'eta': 0.036877034666458836}. Best is trial 8 with value: 4.562182644613903.
[0]	eval-rmse:8.73280
[49]	eval-rmse:2.16438
{'MSE - mean': 4.690082755138076, 'MSE - std': 0.0, 'R2 - mean': 0.5722799503739189, 'R2 - std': 0.0}
[0]	eval-rmse:8.54930
[48]	eval-rmse:2.09525
{'MSE - mean': 4.540076037796897, 'MSE - std': 0.15000671734117832, 'R2 - mean': 0.5521568230167697, 'R2 - std': 0.020123127357149218}
[0]	eval-rmse:8.63610
[64]	eval-rmse:2.20494
{'MSE - mean': 4.646720878046694, 'MSE - std': 0.1942873835382189, 'R2 - mean': 0.5420316522516743, 'R2 - std': 0.02179445653828941}
[0]	eval-rmse:8.53527
[46]	eval-rmse:2.12693
{'MSE - mean': 4.615655762926622, 'MSE - std': 0.17665167614224714, 'R2 - mean': 0.5356377974188654, 'R2 - std': 0.021883621517441672}
[0]	eval-rmse:8.77338
[60]	eval-rmse:2.30365
{'MSE - mean': 4.7538854613718735, 'MSE - std': 0.31842495171728147, 'R2 - mean': 0.5407360299459875, 'R2 - std': 0.022069939106787992}
Trial 15 finished with value: 4.7538854613718735 and parameters: {'max_depth': 6, 'alpha': 0.009240063649932195, 'lambda': 0.019048260673864642, 'eta': 0.14037498110978736}. Best is trial 8 with value: 4.562182644613903.
[0]	eval-rmse:9.19611
[100]	eval-rmse:2.13320
[193]	eval-rmse:2.11278
{'MSE - mean': 4.460925133006774, 'MSE - std': 0.0, 'R2 - mean': 0.5931783682968901, 'R2 - std': 0.0}
[0]	eval-rmse:9.00681
[100]	eval-rmse:1.99555
[124]	eval-rmse:1.99522
{'MSE - mean': 4.22091957952238, 'MSE - std': 0.24000555348439434, 'R2 - mean': 0.5844133061980267, 'R2 - std': 0.008765062098863408}
[0]	eval-rmse:9.10018
[100]	eval-rmse:2.15704
[154]	eval-rmse:2.14911
{'MSE - mean': 4.353501731734965, 'MSE - std': 0.27121547025604764, 'R2 - mean': 0.5714519695999368, 'R2 - std': 0.019677653193811626}
[0]	eval-rmse:8.99549
[99]	eval-rmse:2.07249
{'MSE - mean': 4.3389330942413125, 'MSE - std': 0.23623105019222415, 'R2 - mean': 0.5637770087046843, 'R2 - std': 0.02161301923940548}
[0]	eval-rmse:9.23439
[100]	eval-rmse:2.33478
[142]	eval-rmse:2.33362
{'MSE - mean': 4.560298757212785, 'MSE - std': 0.49056611606503703, 'R2 - mean': 0.5609490564043151, 'R2 - std': 0.020141681592334346}
Trial 16 finished with value: 4.560298757212785 and parameters: {'max_depth': 3, 'alpha': 0.0002621010865576634, 'lambda': 0.11265530081203172, 'eta': 0.09249254534211748}. Best is trial 16 with value: 4.560298757212785.
[0]	eval-rmse:9.83371
[100]	eval-rmse:2.34429
[200]	eval-rmse:2.13631
[281]	eval-rmse:2.12195
{'MSE - mean': 4.503334161702659, 'MSE - std': 0.0, 'R2 - mean': 0.5893108050138061, 'R2 - std': 0.0}
[0]	eval-rmse:9.64695
[100]	eval-rmse:2.18988
[200]	eval-rmse:2.03505
[232]	eval-rmse:2.03637
{'MSE - mean': 4.325068608673968, 'MSE - std': 0.17826555302869052, 'R2 - mean': 0.573637924293567, 'R2 - std': 0.01567288072023909}
[0]	eval-rmse:9.73504
[100]	eval-rmse:2.30823
[200]	eval-rmse:2.13515
[265]	eval-rmse:2.13381
{'MSE - mean': 4.401097925327913, 'MSE - std': 0.18096036098037607, 'R2 - mean': 0.5664170639966976, 'R2 - std': 0.01637196099741986}
[0]	eval-rmse:9.63467
[100]	eval-rmse:2.22343
[200]	eval-rmse:2.06341
[242]	eval-rmse:2.06184
{'MSE - mean': 4.3645780271784975, 'MSE - std': 0.16900029013922457, 'R2 - mean': 0.5610756171474065, 'R2 - std': 0.016929973228188636}
[0]	eval-rmse:9.85631
[100]	eval-rmse:2.48603
[200]	eval-rmse:2.31415
[300]	eval-rmse:2.30764
[301]	eval-rmse:2.30749
{'MSE - mean': 4.556566489097642, 'MSE - std': 0.41265864403163555, 'R2 - mean': 0.560793262855125, 'R2 - std': 0.015153154476584278}
Trial 17 finished with value: 4.556566489097642 and parameters: {'max_depth': 5, 'alpha': 0.459501013839019, 'lambda': 0.08251022210807975, 'eta': 0.024175729231874835}. Best is trial 17 with value: 4.556566489097642.
[0]	eval-rmse:9.83972
[100]	eval-rmse:2.43438
[200]	eval-rmse:2.23388
[238]	eval-rmse:2.23464
{'MSE - mean': 4.993603653434167, 'MSE - std': 0.0, 'R2 - mean': 0.5445998473864964, 'R2 - std': 0.0}
[0]	eval-rmse:9.65453
[100]	eval-rmse:2.30856
[195]	eval-rmse:2.15480
{'MSE - mean': 4.8176096999943745, 'MSE - std': 0.17599395343979252, 'R2 - mean': 0.5249097791957373, 'R2 - std': 0.019690068190759025}
[0]	eval-rmse:9.73934
[100]	eval-rmse:2.32547
[200]	eval-rmse:2.17552
[201]	eval-rmse:2.17548
{'MSE - mean': 4.789304607342484, 'MSE - std': 0.1491697164473274, 'R2 - mean': 0.5280428702015706, 'R2 - std': 0.01667628182198177}
[0]	eval-rmse:9.64166
[100]	eval-rmse:2.27190
[200]	eval-rmse:2.08814
[217]	eval-rmse:2.09165
{'MSE - mean': 4.686248700952545, 'MSE - std': 0.22034124161011745, 'R2 - mean': 0.5290322216776282, 'R2 - std': 0.014543391302724125}
[0]	eval-rmse:9.86035
[100]	eval-rmse:2.55253
[200]	eval-rmse:2.37769
[233]	eval-rmse:2.37676
{'MSE - mean': 4.878708988652562, 'MSE - std': 0.4324396600333102, 'R2 - mean': 0.5297991139606925, 'R2 - std': 0.013098117405284455}
Trial 18 finished with value: 4.878708988652562 and parameters: {'max_depth': 9, 'alpha': 0.9238003054799017, 'lambda': 0.003718428027155904, 'eta': 0.023482609131862182}. Best is trial 17 with value: 4.556566489097642.
[0]	eval-rmse:9.87631
[100]	eval-rmse:2.58034
[200]	eval-rmse:2.16382
[300]	eval-rmse:2.13213
[359]	eval-rmse:2.13112
{'MSE - mean': 4.541667438865743, 'MSE - std': 0.0, 'R2 - mean': 0.5858149368028319, 'R2 - std': 0.0}
[0]	eval-rmse:9.68887
[100]	eval-rmse:2.40941
[200]	eval-rmse:2.05504
[234]	eval-rmse:2.04893
{'MSE - mean': 4.3697559916877164, 'MSE - std': 0.17191144717802676, 'R2 - mean': 0.5691695665263607, 'R2 - std': 0.016645370276471116}
[0]	eval-rmse:9.77649
[100]	eval-rmse:2.53514
[200]	eval-rmse:2.14871
[300]	eval-rmse:2.12875
[342]	eval-rmse:2.12694
{'MSE - mean': 4.421126847430339, 'MSE - std': 0.15805155304526788, 'R2 - mean': 0.5643987924543014, 'R2 - std': 0.01517342429778091}
[0]	eval-rmse:9.67743
[100]	eval-rmse:2.43371
[200]	eval-rmse:2.07367
[255]	eval-rmse:2.06810
{'MSE - mean': 4.385141463631506, 'MSE - std': 0.15039967954242475, 'R2 - mean': 0.5589693873110064, 'R2 - std': 0.016158896135580497}
[0]	eval-rmse:9.89761
[100]	eval-rmse:2.70583
[200]	eval-rmse:2.32277
[286]	eval-rmse:2.31090
{'MSE - mean': 4.576511704133274, 'MSE - std': 0.40569240402550094, 'R2 - mean': 0.5588192877592515, 'R2 - std': 0.014456073428083116}
Trial 19 finished with value: 4.576511704133274 and parameters: {'max_depth': 5, 'alpha': 0.07061433358571353, 'lambda': 1.9740918746915017e-05, 'eta': 0.01969835779375458}. Best is trial 17 with value: 4.556566489097642.
[0]	eval-rmse:9.94765
[100]	eval-rmse:3.65603
[200]	eval-rmse:2.35322
[300]	eval-rmse:2.18935
[382]	eval-rmse:2.18454
{'MSE - mean': 4.774835705525166, 'MSE - std': 0.0, 'R2 - mean': 0.5645507613514418, 'R2 - std': 0.0}
[0]	eval-rmse:9.76203
[100]	eval-rmse:3.53384
[200]	eval-rmse:2.28355
[300]	eval-rmse:2.15659
[338]	eval-rmse:2.15653
{'MSE - mean': 4.713514133998656, 'MSE - std': 0.06132157152650963, 'R2 - mean': 0.5343215100619083, 'R2 - std': 0.030229251289533465}
[0]	eval-rmse:9.84891
[100]	eval-rmse:3.55729
[200]	eval-rmse:2.32808
[300]	eval-rmse:2.20666
[362]	eval-rmse:2.20258
{'MSE - mean': 4.759549308085645, 'MSE - std': 0.08213016861113036, 'R2 - mean': 0.5304166615558193, 'R2 - std': 0.025292306591692734}
[0]	eval-rmse:9.75063
[100]	eval-rmse:3.48949
[200]	eval-rmse:2.24591
[300]	eval-rmse:2.11896
[364]	eval-rmse:2.11284
{'MSE - mean': 4.686056829352775, 'MSE - std': 0.14581651737019952, 'R2 - mean': 0.5284469914091372, 'R2 - std': 0.02216786821068572}
[0]	eval-rmse:9.96770
[100]	eval-rmse:3.75078
[200]	eval-rmse:2.49866
[300]	eval-rmse:2.34693
[397]	eval-rmse:2.33014
{'MSE - mean': 4.834736323183, 'MSE - std': 0.3247034538356913, 'R2 - mean': 0.5329547611495752, 'R2 - std': 0.02178098842881786}
Trial 20 finished with value: 4.834736323183 and parameters: {'max_depth': 8, 'alpha': 1.695761448595006e-08, 'lambda': 0.002729305335143582, 'eta': 0.011966550381185973}. Best is trial 17 with value: 4.556566489097642.
[0]	eval-rmse:9.59642
[100]	eval-rmse:2.13857
[189]	eval-rmse:2.12191
{'MSE - mean': 4.502899922952847, 'MSE - std': 0.0, 'R2 - mean': 0.589350406152915, 'R2 - std': 0.0}
[0]	eval-rmse:9.40792
[100]	eval-rmse:2.01662
[158]	eval-rmse:2.01249
{'MSE - mean': 4.278380085199078, 'MSE - std': 0.22451983775376805, 'R2 - mean': 0.5786114168544634, 'R2 - std': 0.010738989298451573}
[0]	eval-rmse:9.49973
[100]	eval-rmse:2.15689
[184]	eval-rmse:2.13871
{'MSE - mean': 4.376943926713419, 'MSE - std': 0.23029495595456145, 'R2 - mean': 0.569046721136293, 'R2 - std': 0.016119886345666825}
[0]	eval-rmse:9.39504
[100]	eval-rmse:2.07925
[136]	eval-rmse:2.07953
{'MSE - mean': 4.363906949809823, 'MSE - std': 0.20071550352162565, 'R2 - mean': 0.5611826935766655, 'R2 - std': 0.019504277485301768}
[0]	eval-rmse:9.62363
[100]	eval-rmse:2.31739
[171]	eval-rmse:2.30862
{'MSE - mean': 4.5566280775653585, 'MSE - std': 0.4252000741023138, 'R2 - mean': 0.5608294323420877, 'R2 - std': 0.017459457213165056}
Trial 21 finished with value: 4.5566280775653585 and parameters: {'max_depth': 4, 'alpha': 0.0012557783582172431, 'lambda': 0.09906776127033826, 'eta': 0.049502797233997385}. Best is trial 17 with value: 4.556566489097642.
[0]	eval-rmse:9.64823
[100]	eval-rmse:2.14094
[161]	eval-rmse:2.12045
{'MSE - mean': 4.496303698417612, 'MSE - std': 0.0, 'R2 - mean': 0.5899519600343396, 'R2 - std': 0.0}
[0]	eval-rmse:9.45931
[100]	eval-rmse:2.04894
[120]	eval-rmse:2.05331
{'MSE - mean': 4.356196491979098, 'MSE - std': 0.14010720643851382, 'R2 - mean': 0.5702656647915905, 'R2 - std': 0.019686295242749063}
[0]	eval-rmse:9.54823
[100]	eval-rmse:2.13884
[171]	eval-rmse:2.13276
{'MSE - mean': 4.420355601612081, 'MSE - std': 0.14601187929456408, 'R2 - mean': 0.5643159228415778, 'R2 - std': 0.018142923472617895}
[0]	eval-rmse:9.44826
[100]	eval-rmse:2.06069
[133]	eval-rmse:2.05978
{'MSE - mean': 4.375940820187964, 'MSE - std': 0.14801222955622276, 'R2 - mean': 0.5598291260798398, 'R2 - std': 0.017529069845356363}
[0]	eval-rmse:9.67296
[100]	eval-rmse:2.31442
[130]	eval-rmse:2.31441
{'MSE - mean': 4.57202032030406, 'MSE - std': 0.41390189361934016, 'R2 - mean': 0.5592698025507147, 'R2 - std': 0.015718333338991048}
Trial 22 finished with value: 4.57202032030406 and parameters: {'max_depth': 5, 'alpha': 4.127379563065073e-05, 'lambda': 0.06334095222277221, 'eta': 0.04395752003406945}. Best is trial 17 with value: 4.556566489097642.
[0]	eval-rmse:9.80789
[100]	eval-rmse:2.28465
[200]	eval-rmse:2.14214
[264]	eval-rmse:2.13289
{'MSE - mean': 4.547239254371446, 'MSE - std': 0.0, 'R2 - mean': 0.5853068056399018, 'R2 - std': 0.0}
[0]	eval-rmse:9.62063
[100]	eval-rmse:2.11148
[200]	eval-rmse:2.01277
[239]	eval-rmse:2.01251
{'MSE - mean': 4.298722161294966, 'MSE - std': 0.24851709307647996, 'R2 - mean': 0.5767844313707565, 'R2 - std': 0.00852237426914526}
[0]	eval-rmse:9.71024
[100]	eval-rmse:2.28111
[200]	eval-rmse:2.16377
[299]	eval-rmse:2.14791
{'MSE - mean': 4.403603162867943, 'MSE - std': 0.2513441452458304, 'R2 - mean': 0.5665399192806625, 'R2 - std': 0.016072356124220234}
[0]	eval-rmse:9.60823
[100]	eval-rmse:2.16929
[200]	eval-rmse:2.08458
[206]	eval-rmse:2.08350
{'MSE - mean': 4.38794669952074, 'MSE - std': 0.21935310356966606, 'R2 - mean': 0.5588700642364277, 'R2 - std': 0.01924111490367803}
[0]	eval-rmse:9.83131
[100]	eval-rmse:2.44023
[200]	eval-rmse:2.31174
[291]	eval-rmse:2.30487
{'MSE - mean': 4.57284056265889, 'MSE - std': 0.41861150216054904, 'R2 - mean': 0.5592290252422748, 'R2 - std': 0.017224744242052118}
Trial 23 finished with value: 4.57284056265889 and parameters: {'max_depth': 4, 'alpha': 0.0007028208242216856, 'lambda': 0.0825210571658175, 'eta': 0.026975072090178243}. Best is trial 17 with value: 4.556566489097642.
[0]	eval-rmse:9.55442
[100]	eval-rmse:2.12208
[161]	eval-rmse:2.11407
{'MSE - mean': 4.469306372897953, 'MSE - std': 0.0, 'R2 - mean': 0.5924140269133067, 'R2 - std': 0.0}
[0]	eval-rmse:9.36441
[100]	eval-rmse:2.04177
[106]	eval-rmse:2.04014
{'MSE - mean': 4.3157483481024554, 'MSE - std': 0.15355802479549752, 'R2 - mean': 0.5743694203139265, 'R2 - std': 0.01804460659938023}
[0]	eval-rmse:9.45314
[100]	eval-rmse:2.12436
[135]	eval-rmse:2.12309
{'MSE - mean': 4.379663314319701, 'MSE - std': 0.154564842269622, 'R2 - mean': 0.5684024647533688, 'R2 - std': 0.016978839836914814}
[0]	eval-rmse:9.35361
[100]	eval-rmse:2.06841
[104]	eval-rmse:2.06886
{'MSE - mean': 4.354789193866908, 'MSE - std': 0.1406196410686469, 'R2 - mean': 0.561892445119442, 'R2 - std': 0.018529754951375862}
[0]	eval-rmse:9.58028
[100]	eval-rmse:2.31695
[125]	eval-rmse:2.31793
{'MSE - mean': 4.557988849768096, 'MSE - std': 0.42541686308474647, 'R2 - mean': 0.5606814697087862, 'R2 - std': 0.016749546281236483}
Trial 24 finished with value: 4.557988849768096 and parameters: {'max_depth': 5, 'alpha': 0.23508284701151533, 'lambda': 0.0033760621374966846, 'eta': 0.05396391614964603}. Best is trial 17 with value: 4.556566489097642.
[0]	eval-rmse:9.54791
[97]	eval-rmse:2.18213
{'MSE - mean': 4.762538056212105, 'MSE - std': 0.0, 'R2 - mean': 0.5656722663331404, 'R2 - std': 0.0}
[0]	eval-rmse:9.36422
[93]	eval-rmse:2.09861
{'MSE - mean': 4.583725830838958, 'MSE - std': 0.17881222537314745, 'R2 - mean': 0.5480618061094169, 'R2 - std': 0.01761046022372348}
[0]	eval-rmse:9.44799
[100]	eval-rmse:2.18866
[101]	eval-rmse:2.18900
{'MSE - mean': 4.652725608331647, 'MSE - std': 0.1756069851021855, 'R2 - mean': 0.5415741717694623, 'R2 - std': 0.017056699705750494}
[0]	eval-rmse:9.35091
[86]	eval-rmse:2.11968
{'MSE - mean': 4.612562979704615, 'MSE - std': 0.1672347754721127, 'R2 - mean': 0.5361068906228528, 'R2 - std': 0.017546274335235066}
[0]	eval-rmse:9.57027
[100]	eval-rmse:2.34302
[110]	eval-rmse:2.34779
{'MSE - mean': 4.79245345810857, 'MSE - std': 0.38963612895030963, 'R2 - mean': 0.5377171255718001, 'R2 - std': 0.01602088701667631}
