Trial 7 finished with value: 889947.8990748788 and parameters: {'max_depth': 11, 'alpha': 3.16009893656048e-05, 'lambda': 5.379722973388861e-06, 'eta': 0.1376200431318972}. Best is trial 0 with value: 739047.0216700856.
[0]	train-rmse:31177.72266	eval-rmse:33993.30469
[100]	train-rmse:6802.66016	eval-rmse:7432.11328
[200]	train-rmse:1606.51856	eval-rmse:1855.77051
[300]	train-rmse:673.94196	eval-rmse:1003.94574
[400]	train-rmse:547.47418	eval-rmse:948.44598
[449]	train-rmse:513.49676	eval-rmse:950.61462
Saved Losses
{'MSE - mean': 903668.103048201, 'MSE - std': 0.0, 'R2 - mean': 0.9989998792042106, 'R2 - std': 0.0} 
 

[0]	train-rmse:32175.25391	eval-rmse:30045.64258
[100]	train-rmse:7017.18457	eval-rmse:6576.29541
[200]	train-rmse:1641.55701	eval-rmse:1656.89270
[300]	train-rmse:665.20227	eval-rmse:902.96478
[400]	train-rmse:540.91504	eval-rmse:842.32501
[499]	train-rmse:481.36853	eval-rmse:829.45880
Saved Losses
{'MSE - mean': 795835.0128523132, 'MSE - std': 107833.09019588778, 'R2 - mean': 0.9990429415271848, 'R2 - std': 4.306232297413004e-05} 
 

[0]	train-rmse:32617.88477	eval-rmse:28071.83789
[100]	train-rmse:7113.19922	eval-rmse:6164.91797
[200]	train-rmse:1669.66699	eval-rmse:1621.31128
[300]	train-rmse:684.14575	eval-rmse:959.08057
[400]	train-rmse:557.02930	eval-rmse:906.22333
[499]	train-rmse:494.54330	eval-rmse:892.10761
Saved Losses
{'MSE - mean': 795841.973775718, 'MSE - std': 88045.35000614866, 'R2 - mean': 0.9989697119488747, 'R2 - std': 0.00010936811564112017} 
 

[0]	train-rmse:31265.03516	eval-rmse:33670.92188
[100]	train-rmse:6821.17920	eval-rmse:7359.06592
[200]	train-rmse:1601.16455	eval-rmse:1808.18994
[300]	train-rmse:652.49445	eval-rmse:923.98242
[400]	train-rmse:534.00787	eval-rmse:855.67822
[465]	train-rmse:500.52878	eval-rmse:855.60754
Saved Losses
{'MSE - mean': 779897.5534491404, 'MSE - std': 81096.6174506105, 'R2 - mean': 0.9990224477091897, 'R2 - std': 0.0001315835087963418} 
 

[0]	train-rmse:31543.68750	eval-rmse:32614.69531
[100]	train-rmse:6880.05859	eval-rmse:7124.15478
[200]	train-rmse:1614.93103	eval-rmse:1735.73352
[300]	train-rmse:664.93347	eval-rmse:865.62561
[400]	train-rmse:543.07056	eval-rmse:792.18457
[499]	train-rmse:487.30850	eval-rmse:773.83551
Saved Losses
{'MSE - mean': 743682.3159740758, 'MSE - std': 102506.11099366621, 'R2 - mean': 0.9990773757161163, 'R2 - std': 0.00016099602358269163} 
 

Results After CV: {'MSE - mean': 743682.3159740758, 'MSE - std': 102506.11099366621, 'R2 - mean': 0.9990773757161163, 'R2 - std': 0.00016099602358269163}
Train time: 1.2984334659999945
Inference time: 0.019974044599999276
Finished cross validation
Trial 8 finished with value: 743682.3159740758 and parameters: {'max_depth': 4, 'alpha': 0.00022452025823938774, 'lambda': 7.184737062203654e-06, 'eta': 0.015162320234822394}. Best is trial 0 with value: 739047.0216700856.
[0]	train-rmse:24417.16602	eval-rmse:26619.55469
[46]	train-rmse:65.31450	eval-rmse:984.71942
Saved Losses
{'MSE - mean': 969672.2311637639, 'MSE - std': 0.0, 'R2 - mean': 0.998926830149017, 'R2 - std': 0.0} 
 

[0]	train-rmse:25197.28516	eval-rmse:23534.41211
[67]	train-rmse:36.90597	eval-rmse:875.19818
Saved Losses
{'MSE - mean': 867822.0549771453, 'MSE - std': 101850.17618661857, 'R2 - mean': 0.998954626272438, 'R2 - std': 2.7796123421075514e-05} 
 

[0]	train-rmse:25544.38281	eval-rmse:21995.12891
[72]	train-rmse:26.72747	eval-rmse:882.41626
Saved Losses
{'MSE - mean': 838033.6295094156, 'MSE - std': 93221.99048430832, 'R2 - mean': 0.9989194105184342, 'R2 - std': 5.473007989165125e-05} 
 

[0]	train-rmse:24485.04688	eval-rmse:26372.83789
[58]	train-rmse:41.46394	eval-rmse:976.88971
Saved Losses
{'MSE - mean': 867107.901006135, 'MSE - std': 95150.90341971116, 'R2 - mean': 0.9989225300753034, 'R2 - std': 4.770462387327345e-05} 
 

[0]	train-rmse:24703.16406	eval-rmse:25542.02344
[69]	train-rmse:24.58174	eval-rmse:772.52563
Saved Losses
{'MSE - mean': 813045.4857368456, 'MSE - std': 137600.63414194767, 'R2 - mean': 0.9989979171357556, 'R2 - std': 0.00015669531086036294} 
 

Results After CV: {'MSE - mean': 813045.4857368456, 'MSE - std': 137600.63414194767, 'R2 - mean': 0.9989979171357556, 'R2 - std': 0.00015669531086036294}
Train time: 0.6954021882000007
Inference time: 0.0074315165999962575
Finished cross validation
Trial 9 finished with value: 813045.4857368456 and parameters: {'max_depth': 7, 'alpha': 2.345373696694902e-05, 'lambda': 0.004100866365609696, 'eta': 0.22884035314772685}. Best is trial 0 with value: 739047.0216700856.
[0]	train-rmse:30556.49414	eval-rmse:33315.82812
[100]	train-rmse:1233.84399	eval-rmse:1381.62036
[200]	train-rmse:780.20880	eval-rmse:970.73773
[291]	train-rmse:714.82379	eval-rmse:954.75897
Saved Losses
{'MSE - mean': 911564.7121289099, 'MSE - std': 0.0, 'R2 - mean': 0.9989911397533756, 'R2 - std': 0.0} 
 

[0]	train-rmse:31534.18164	eval-rmse:29446.85547
[100]	train-rmse:1252.62000	eval-rmse:1269.17358
[200]	train-rmse:788.35266	eval-rmse:903.57751
[300]	train-rmse:725.35761	eval-rmse:869.95929
[400]	train-rmse:679.44196	eval-rmse:853.61615
[499]	train-rmse:648.37366	eval-rmse:842.99573
Saved Losses
{'MSE - mean': 811103.2872194329, 'MSE - std': 100461.42490947695, 'R2 - mean': 0.9990235334588539, 'R2 - std': 3.239370547825082e-05} 
 

[0]	train-rmse:31967.95703	eval-rmse:27512.91602
[100]	train-rmse:1255.70435	eval-rmse:1284.86731
[200]	train-rmse:778.02661	eval-rmse:982.86371
[300]	train-rmse:713.93543	eval-rmse:960.27692
[400]	train-rmse:676.82165	eval-rmse:945.00012
[499]	train-rmse:648.34717	eval-rmse:937.02148
Saved Losses
{'MSE - mean': 833405.303584929, 'MSE - std': 87881.12310290926, 'R2 - mean': 0.998916282727223, 'R2 - std': 0.00015396430421953065} 
 

[0]	train-rmse:30642.15234	eval-rmse:33000.14453
[100]	train-rmse:1250.14356	eval-rmse:1303.40906
[187]	train-rmse:817.79401	eval-rmse:889.69403
Saved Losses
{'MSE - mean': 823020.7905393902, 'MSE - std': 78203.79263149851, 'R2 - mean': 0.9989656425440815, 'R2 - std': 0.00015839169735580314} 
 

[0]	train-rmse:30915.23438	eval-rmse:31964.60547
[100]	train-rmse:1248.42847	eval-rmse:1274.56714
[200]	train-rmse:789.09235	eval-rmse:850.79938
[300]	train-rmse:723.05170	eval-rmse:816.92975
[400]	train-rmse:680.47913	eval-rmse:797.72882
[499]	train-rmse:649.92273	eval-rmse:789.77393
Saved Losses
{'MSE - mean': 783165.2173320194, 'MSE - std': 106049.6742489703, 'R2 - mean': 0.9990260808679882, 'R2 - std': 0.0001862297178744358} 
 

Results After CV: {'MSE - mean': 783165.2173320194, 'MSE - std': 106049.6742489703, 'R2 - mean': 0.9990260808679882, 'R2 - std': 0.0001862297178744358}
Train time: 0.6417813272000075
Inference time: 0.014622486999994067
Finished cross validation
Trial 10 finished with value: 783165.2173320194 and parameters: {'max_depth': 2, 'alpha': 0.01444474041729638, 'lambda': 1.8463534210682425e-08, 'eta': 0.034804707419921116}. Best is trial 0 with value: 739047.0216700856.
[0]	train-rmse:30721.00586	eval-rmse:33494.61328
[100]	train-rmse:1704.48071	eval-rmse:1909.07056
[200]	train-rmse:691.81641	eval-rmse:947.03088
[245]	train-rmse:629.61731	eval-rmse:948.11414
Saved Losses
{'MSE - mean': 898920.3696815365, 'MSE - std': 0.0, 'R2 - mean': 0.9990051336852053, 'R2 - std': 0.0} 
 

[0]	train-rmse:31703.85742	eval-rmse:29605.84375
[100]	train-rmse:1750.15979	eval-rmse:1725.00305
[200]	train-rmse:711.81366	eval-rmse:881.85101
[300]	train-rmse:609.41919	eval-rmse:836.46063
[400]	train-rmse:556.35431	eval-rmse:819.30170
[499]	train-rmse:517.12921	eval-rmse:814.24664
Saved Losses
{'MSE - mean': 780958.9546308961, 'MSE - std': 117961.41505064035, 'R2 - mean': 0.9990621776673874, 'R2 - std': 5.704398218203677e-05} 
 

[0]	train-rmse:32140.00781	eval-rmse:27661.49609
[100]	train-rmse:1764.48755	eval-rmse:1686.15478
[200]	train-rmse:686.60541	eval-rmse:942.08460
[300]	train-rmse:592.68579	eval-rmse:907.73651
[400]	train-rmse:537.60193	eval-rmse:898.50073
[456]	train-rmse:515.61572	eval-rmse:895.74872
Saved Losses
{'MSE - mean': 788146.6814047332, 'MSE - std': 96850.00667449794, 'R2 - mean': 0.9989792504900379, 'R2 - std': 0.00012618707311672748} 
 

[0]	train-rmse:30807.06055	eval-rmse:33177.64062
[100]	train-rmse:1706.98438	eval-rmse:1863.77966
[200]	train-rmse:689.87244	eval-rmse:852.27075
[224]	train-rmse:656.29602	eval-rmse:851.82288
Saved Losses
{'MSE - mean': 772510.5649666208, 'MSE - std': 88138.56849550233, 'R2 - mean': 0.9990314097453206, 'R2 - std': 0.00014178909267374725} 
 

[0]	train-rmse:31081.64844	eval-rmse:32136.65430
[100]	train-rmse:1725.90039	eval-rmse:1799.17786
[200]	train-rmse:710.49689	eval-rmse:819.14331
[300]	train-rmse:604.32153	eval-rmse:782.79144
[400]	train-rmse:541.05737	eval-rmse:767.95691
[499]	train-rmse:503.22873	eval-rmse:760.10388
Saved Losses
{'MSE - mean': 733560.0243175435, 'MSE - std': 110830.06935200738, 'R2 - mean': 0.9990894903240101, 'R2 - std': 0.00017197887057620242} 
 

Results After CV: {'MSE - mean': 733560.0243175435, 'MSE - std': 110830.06935200738, 'R2 - mean': 0.9990894903240101, 'R2 - std': 0.00017197887057620242}
Train time: 0.7564017554000031
Inference time: 0.010895627799999374
Finished cross validation
Trial 11 finished with value: 733560.0243175435 and parameters: {'max_depth': 3, 'alpha': 0.004532931895279697, 'lambda': 0.013186669858402235, 'eta': 0.02960455674718116}. Best is trial 11 with value: 733560.0243175435.
[0]	train-rmse:30897.82227	eval-rmse:33687.52344
[100]	train-rmse:2857.35400	eval-rmse:3111.67578
[200]	train-rmse:877.96240	eval-rmse:1018.15729
[300]	train-rmse:775.88013	eval-rmse:967.32159
[400]	train-rmse:726.99383	eval-rmse:955.35022
[499]	train-rmse:687.83460	eval-rmse:943.92926
Saved Losses
{'MSE - mean': 891002.4486986549, 'MSE - std': 0.0, 'R2 - mean': 0.9990138967226607, 'R2 - std': 0.0} 
 

[0]	train-rmse:31886.40625	eval-rmse:29776.10156
[100]	train-rmse:2939.74414	eval-rmse:2793.20117
[200]	train-rmse:876.42175	eval-rmse:962.18372
[300]	train-rmse:785.08008	eval-rmse:899.60016
[400]	train-rmse:741.46155	eval-rmse:872.98932
[499]	train-rmse:707.44855	eval-rmse:859.15637
Saved Losses
{'MSE - mean': 814576.0409689574, 'MSE - std': 76426.40772969747, 'R2 - mean': 0.9990166401946159, 'R2 - std': 2.743471955224397e-06} 
 

[0]	train-rmse:32325.03711	eval-rmse:27820.40625
[100]	train-rmse:2973.42310	eval-rmse:2666.97754
[200]	train-rmse:869.34418	eval-rmse:1025.53210
[300]	train-rmse:776.38629	eval-rmse:981.17151
[400]	train-rmse:730.91242	eval-rmse:964.14423
[499]	train-rmse:701.19360	eval-rmse:947.06219
Saved Losses
{'MSE - mean': 842026.293213189, 'MSE - std': 73491.69950083602, 'R2 - mean': 0.9989023634737443, 'R2 - std': 0.0001616272118959441} 
 

[0]	train-rmse:30984.41016	eval-rmse:33368.58594
[100]	train-rmse:2871.60034	eval-rmse:3072.51880
[200]	train-rmse:895.95429	eval-rmse:922.21991
[266]	train-rmse:824.72449	eval-rmse:890.43744
Saved Losses
{'MSE - mean': 829739.4392239151, 'MSE - std': 67109.40891188127, 'R2 - mean': 0.9989549200446144, 'R2 - std': 0.00016697034510294542} 
 

[0]	train-rmse:31260.54492	eval-rmse:32321.62891
[100]	train-rmse:2892.22021	eval-rmse:2971.97168
[200]	train-rmse:884.98914	eval-rmse:907.29797
[300]	train-rmse:786.68982	eval-rmse:848.21014
[400]	train-rmse:739.80389	eval-rmse:823.61438
[499]	train-rmse:707.05157	eval-rmse:809.39117
Saved Losses
{'MSE - mean': 794814.3659761485, 'MSE - std': 92097.67194152689, 'R2 - mean': 0.9990101380127137, 'R2 - std': 0.00018574006815721207} 
 

Results After CV: {'MSE - mean': 794814.3659761485, 'MSE - std': 92097.67194152689, 'R2 - mean': 0.9990101380127137, 'R2 - std': 0.00018574006815721207}
Train time: 0.6690631026000006
Inference time: 0.010299780999997666
Finished cross validation
Trial 12 finished with value: 794814.3659761485 and parameters: {'max_depth': 2, 'alpha': 0.011036927463649334, 'lambda': 0.09128640859104833, 'eta': 0.0240266760921924}. Best is trial 11 with value: 733560.0243175435.
[0]	train-rmse:31321.48242	eval-rmse:34149.73828
[100]	train-rmse:10798.82031	eval-rmse:11762.14648
[200]	train-rmse:3785.92017	eval-rmse:4139.85938
[300]	train-rmse:1482.25293	eval-rmse:1678.31787
[400]	train-rmse:848.19537	eval-rmse:1055.23547
[499]	train-rmse:717.72315	eval-rmse:954.80945
Saved Losses
{'MSE - mean': 911661.1513719631, 'MSE - std': 0.0, 'R2 - mean': 0.9989910330207243, 'R2 - std': 0.0} 
 

[0]	train-rmse:32323.62500	eval-rmse:30184.28906
[100]	train-rmse:11143.50195	eval-rmse:10421.62109
[200]	train-rmse:3905.67432	eval-rmse:3684.81592
[300]	train-rmse:1525.60889	eval-rmse:1526.85461
[400]	train-rmse:874.23804	eval-rmse:991.99652
[499]	train-rmse:741.93939	eval-rmse:899.92206
Saved Losses
{'MSE - mean': 860760.4401247556, 'MSE - std': 50900.71124720748, 'R2 - mean': 0.9989575756633022, 'R2 - std': 3.345735742216194e-05} 
 

[0]	train-rmse:32768.30859	eval-rmse:28201.44727
[100]	train-rmse:11294.71094	eval-rmse:9758.07422
[200]	train-rmse:3953.95532	eval-rmse:3487.74219
[300]	train-rmse:1532.55603	eval-rmse:1511.12317
[400]	train-rmse:858.95868	eval-rmse:1043.70727
[499]	train-rmse:717.81757	eval-rmse:960.67273
Saved Losses
{'MSE - mean': 881470.9730925221, 'MSE - std': 50843.950363823555, 'R2 - mean': 0.9988501897754443, 'R2 - std': 0.00015430398892839038} 
 

[0]	train-rmse:31409.21680	eval-rmse:33826.12891
[100]	train-rmse:10829.54102	eval-rmse:11663.54004
[200]	train-rmse:3797.38110	eval-rmse:4098.75147
[300]	train-rmse:1485.75684	eval-rmse:1629.72754
[400]	train-rmse:851.01837	eval-rmse:981.91443
[499]	train-rmse:718.54590	eval-rmse:866.80872
Saved Losses
{'MSE - mean': 848942.5420737735, 'MSE - std': 71506.13218510493, 'R2 - mean': 0.9989274077869736, 'R2 - std': 0.00018906389042618578} 
 

[0]	train-rmse:31689.16406	eval-rmse:32764.98633
[100]	train-rmse:10927.27637	eval-rmse:11291.58008
[200]	train-rmse:3833.19922	eval-rmse:3961.61645
[300]	train-rmse:1504.75159	eval-rmse:1573.81213
[400]	train-rmse:870.50220	eval-rmse:949.24506
[499]	train-rmse:741.13379	eval-rmse:837.35419
Saved Losses
{'MSE - mean': 819386.4230353828, 'MSE - std': 87090.51752346545, 'R2 - mean': 0.9989773177657026, 'R2 - std': 0.00019636737925988722} 
 

Results After CV: {'MSE - mean': 819386.4230353828, 'MSE - std': 87090.51752346545, 'R2 - mean': 0.9989773177657026, 'R2 - std': 0.00019636737925988722}
Train time: 0.925696775800003
Inference time: 0.014486364000001117
Finished cross validation
Trial 13 finished with value: 819386.4230353828 and parameters: {'max_depth': 3, 'alpha': 0.0156411820053197, 'lambda': 0.013716411997772635, 'eta': 0.010619631391163451}. Best is trial 11 with value: 733560.0243175435.
[0]	train-rmse:30782.23242	eval-rmse:33561.39062
[100]	train-rmse:2020.57703	eval-rmse:2224.79175
[200]	train-rmse:724.80829	eval-rmse:954.22668
[300]	train-rmse:617.38953	eval-rmse:939.93964
[311]	train-rmse:608.27136	eval-rmse:940.33234
Saved Losses
{'MSE - mean': 884224.9534820594, 'MSE - std': 0.0, 'R2 - mean': 0.9990213976114125, 'R2 - std': 0.0} 
 

[0]	train-rmse:31766.74805	eval-rmse:29664.52344
[100]	train-rmse:2073.21460	eval-rmse:2014.17908
[200]	train-rmse:736.79816	eval-rmse:878.05145
[300]	train-rmse:646.06604	eval-rmse:830.89679
[400]	train-rmse:597.31360	eval-rmse:810.95361
[499]	train-rmse:561.90173	eval-rmse:801.58630
Saved Losses
{'MSE - mean': 763382.7599298225, 'MSE - std': 120842.19355223689, 'R2 - mean': 0.9990838979607912, 'R2 - std': 6.250034937871352e-05} 
 

[0]	train-rmse:32203.63477	eval-rmse:27716.09375
[100]	train-rmse:2095.79028	eval-rmse:1957.48816
[200]	train-rmse:729.86359	eval-rmse:964.66565
[300]	train-rmse:646.58728	eval-rmse:932.23779
[373]	train-rmse:609.13483	eval-rmse:925.34882
Saved Losses
{'MSE - mean': 794345.3013734212, 'MSE - std': 107947.12489750392, 'R2 - mean': 0.9989672400849163, 'R2 - std': 0.00017269138886737175} 
 

[0]	train-rmse:30868.42969	eval-rmse:33243.77344
[100]	train-rmse:2024.37720	eval-rmse:2195.14941
[200]	train-rmse:723.50189	eval-rmse:868.20691
[239]	train-rmse:683.63318	eval-rmse:863.87976
Saved Losses
{'MSE - mean': 782331.0283629011, 'MSE - std': 95772.98469893231, 'R2 - mean': 0.999016613868673, 'R2 - std': 0.00017227898423504245} 
 

[0]	train-rmse:31143.43945	eval-rmse:32200.55273
[100]	train-rmse:2042.15027	eval-rmse:2111.33643
[200]	train-rmse:739.50281	eval-rmse:822.95489
[300]	train-rmse:646.42304	eval-rmse:788.32404
[400]	train-rmse:594.85870	eval-rmse:774.87335
[499]	train-rmse:561.35663	eval-rmse:767.41260
Saved Losses
{'MSE - mean': 743649.2460614974, 'MSE - std': 115425.70253875988, 'R2 - mean': 0.9990750326434787, 'R2 - std': 0.0001933780021781632} 
 

Results After CV: {'MSE - mean': 743649.2460614974, 'MSE - std': 115425.70253875988, 'R2 - mean': 0.9990750326434787, 'R2 - std': 0.0001933780021781632}
Train time: 0.7368183074000001
Inference time: 0.016970068400004833
Finished cross validation
Trial 14 finished with value: 743649.2460614974 and parameters: {'max_depth': 3, 'alpha': 0.003046508971977784, 'lambda': 0.9617854897406317, 'eta': 0.027825361978161406}. Best is trial 11 with value: 733560.0243175435.
[0]	train-rmse:30123.41797	eval-rmse:32843.71875
[100]	train-rmse:741.25971	eval-rmse:973.59168
[150]	train-rmse:621.52014	eval-rmse:947.07159
Saved Losses
{'MSE - mean': 903260.0540650676, 'MSE - std': 0.0, 'R2 - mean': 0.9990003308061565, 'R2 - std': 0.0} 
 

[0]	train-rmse:31087.20117	eval-rmse:29029.47266
[100]	train-rmse:746.36176	eval-rmse:911.75549
[200]	train-rmse:573.68964	eval-rmse:808.11414
[300]	train-rmse:505.59836	eval-rmse:786.50458
[343]	train-rmse:482.51462	eval-rmse:786.49390
Saved Losses
{'MSE - mean': 760916.3567376921, 'MSE - std': 142343.6973273754, 'R2 - mean': 0.9990892849894633, 'R2 - std': 8.89541833067331e-05} 
 

[0]	train-rmse:31514.73633	eval-rmse:27123.34766
[100]	train-rmse:740.96137	eval-rmse:979.09113
[200]	train-rmse:568.62592	eval-rmse:911.12543
[257]	train-rmse:522.68280	eval-rmse:901.42090
Saved Losses
{'MSE - mean': 778176.7249578076, 'MSE - std': 118758.82873035692, 'R2 - mean': 0.9989923069815316, 'R2 - std': 0.0001551924585687422} 
 

[0]	train-rmse:30207.79492	eval-rmse:32532.50977
[100]	train-rmse:740.26361	eval-rmse:888.57812
[141]	train-rmse:644.84076	eval-rmse:857.21661
Saved Losses
{'MSE - mean': 767064.5019574896, 'MSE - std': 104633.5942758399, 'R2 - mean': 0.9990389285144569, 'R2 - std': 0.00015679357893218365} 
 

[0]	train-rmse:30477.05469	eval-rmse:31511.54883
[100]	train-rmse:754.65320	eval-rmse:856.22790
[200]	train-rmse:583.46942	eval-rmse:782.18957
[300]	train-rmse:503.55966	eval-rmse:765.27631
[361]	train-rmse:473.58801	eval-rmse:759.87604
Saved Losses
{'MSE - mean': 729096.643634782, 'MSE - std': 120518.81306799212, 'R2 - mean': 0.9990956303873559, 'R2 - std': 0.00018035462477184713} 
 

Results After CV: {'MSE - mean': 729096.643634782, 'MSE - std': 120518.81306799212, 'R2 - mean': 0.9990956303873559, 'R2 - std': 0.00018035462477184713}
Train time: 0.5908765726000069
Inference time: 0.01078699619999952
Finished cross validation
Trial 15 finished with value: 729096.643634782 and parameters: {'max_depth': 3, 'alpha': 0.43207324779504425, 'lambda': 0.00015543327142867968, 'eta': 0.048494450660382805}. Best is trial 15 with value: 729096.643634782.
[0]	train-rmse:30084.07227	eval-rmse:32800.71094
[100]	train-rmse:860.45331	eval-rmse:1002.28021
[200]	train-rmse:717.30023	eval-rmse:953.33624
[249]	train-rmse:678.65741	eval-rmse:952.92017
Saved Losses
{'MSE - mean': 904771.9245773138, 'MSE - std': 0.0, 'R2 - mean': 0.9989986575666843, 'R2 - std': 0.0} 
 

[0]	train-rmse:31046.63477	eval-rmse:28991.54883
[100]	train-rmse:857.83832	eval-rmse:949.69885
[200]	train-rmse:731.16223	eval-rmse:870.80237
[300]	train-rmse:670.61249	eval-rmse:846.95770
[400]	train-rmse:635.77020	eval-rmse:832.15125
[499]	train-rmse:607.13184	eval-rmse:822.08704
Saved Losses
{'MSE - mean': 790299.5046464977, 'MSE - std': 114472.41993081616, 'R2 - mean': 0.999050417717074, 'R2 - std': 5.176015038971249e-05} 
 

[0]	train-rmse:31473.68359	eval-rmse:27087.84375
[100]	train-rmse:850.24133	eval-rmse:1014.93811
[200]	train-rmse:720.55554	eval-rmse:960.98059
[300]	train-rmse:665.88251	eval-rmse:941.23694
[377]	train-rmse:638.29083	eval-rmse:935.20209
Saved Losses
{'MSE - mean': 818400.7020741072, 'MSE - std': 101564.32055734795, 'R2 - mean': 0.9989358843802996, 'R2 - std': 0.00016739726972367182} 
 

[0]	train-rmse:30168.43750	eval-rmse:32490.02344
[100]	train-rmse:878.74860	eval-rmse:905.66095
[200]	train-rmse:738.04059	eval-rmse:870.24707
[238]	train-rmse:708.46692	eval-rmse:871.09033
Saved Losses
{'MSE - mean': 803656.8166977772, 'MSE - std': 91589.46378092775, 'R2 - mean': 0.9989894212875685, 'R2 - std': 0.00017209005128992054} 
 

[0]	train-rmse:30437.28906	eval-rmse:31470.31445
[100]	train-rmse:866.56067	eval-rmse:891.30725
[200]	train-rmse:731.25574	eval-rmse:820.19043
[300]	train-rmse:670.89642	eval-rmse:796.55432
[400]	train-rmse:632.66553	eval-rmse:783.46216
[499]	train-rmse:603.34363	eval-rmse:778.33368
Saved Losses
{'MSE - mean': 764086.1348268194, 'MSE - std': 113904.60638390573, 'R2 - mean': 0.9990493154381141, 'R2 - std': 0.00019504159987223407} 
 

Results After CV: {'MSE - mean': 764086.1348268194, 'MSE - std': 113904.60638390573, 'R2 - mean': 0.9990493154381141, 'R2 - std': 0.00019504159987223407}
Train time: 0.6129065510000032
Inference time: 0.02238603059999491
Finished cross validation
