Trial 83 finished with value: 710649.3038211185 and parameters: {'max_depth': 4, 'alpha': 0.04790713732489181, 'lambda': 0.5361691399729982, 'eta': 0.08469391804902526}. Best is trial 69 with value: 704821.4517472989.
[0]	train-rmse:29111.36914	eval-rmse:31738.34180
[95]	train-rmse:456.42117	eval-rmse:962.02185
Saved Losses
{'MSE - mean': 925465.8319993995, 'MSE - std': 0.0, 'R2 - mean': 0.9989757549024326, 'R2 - std': 0.0} 
 

[0]	train-rmse:30042.44727	eval-rmse:28055.21094
[100]	train-rmse:470.82324	eval-rmse:809.58856
[125]	train-rmse:417.85614	eval-rmse:812.27563
Saved Losses
{'MSE - mean': 792628.7788890474, 'MSE - std': 132837.05311035196, 'R2 - mean': 0.9990496177042593, 'R2 - std': 7.386280182664073e-05} 
 

[0]	train-rmse:30455.58594	eval-rmse:26213.98438
[100]	train-rmse:479.35306	eval-rmse:882.74231
[172]	train-rmse:358.62100	eval-rmse:871.95856
Saved Losses
{'MSE - mean': 781856.4568330963, 'MSE - std': 109525.67871348362, 'R2 - mean': 0.9989916811480578, 'R2 - std': 0.00010173707002901964} 
 

[0]	train-rmse:29192.88281	eval-rmse:31439.58594
[99]	train-rmse:468.15485	eval-rmse:847.55383
Saved Losses
{'MSE - mean': 765979.2395288732, 'MSE - std': 98758.10757205455, 'R2 - mean': 0.9990427626299738, 'R2 - std': 0.0001248630327509262} 
 

[0]	train-rmse:29452.94727	eval-rmse:30452.38281
[100]	train-rmse:475.74014	eval-rmse:779.23273
[200]	train-rmse:308.25800	eval-rmse:751.62549
[254]	train-rmse:253.00247	eval-rmse:751.56085
Saved Losses
{'MSE - mean': 725825.6592202444, 'MSE - std': 119380.78193485265, 'R2 - mean': 0.999101518119588, 'R2 - std': 0.00016211555075747766} 
 

Results After CV: {'MSE - mean': 725825.6592202444, 'MSE - std': 119380.78193485265, 'R2 - mean': 0.999101518119588, 'R2 - std': 0.00016211555075747766}
Train time: 0.5210741421999956
Inference time: 0.021353704000000563
Finished cross validation
Trial 84 finished with value: 725825.6592202444 and parameters: {'max_depth': 4, 'alpha': 0.00017815812449622955, 'lambda': 0.19832405682005616, 'eta': 0.08057732795157771}. Best is trial 69 with value: 704821.4517472989.
[0]	train-rmse:27811.68555	eval-rmse:30320.29492
[67]	train-rmse:454.70111	eval-rmse:953.05518
Saved Losses
{'MSE - mean': 909759.4084118238, 'MSE - std': 0.0, 'R2 - mean': 0.9989931377455411, 'R2 - std': 0.0} 
 

[0]	train-rmse:28700.46680	eval-rmse:26802.75391
[97]	train-rmse:399.74600	eval-rmse:806.94647
Saved Losses
{'MSE - mean': 780461.0293184448, 'MSE - std': 129298.37909337902, 'R2 - mean': 0.9990640408989183, 'R2 - std': 7.090315337721087e-05} 
 

[0]	train-rmse:29094.82422	eval-rmse:25044.71094
[100]	train-rmse:404.37707	eval-rmse:854.50610
[126]	train-rmse:346.00278	eval-rmse:856.25006
Saved Losses
{'MSE - mean': 764695.4086900246, 'MSE - std': 107900.37138512838, 'R2 - mean': 0.9990146767201197, 'R2 - std': 9.06926075791044e-05} 
 

[0]	train-rmse:27889.52734	eval-rmse:30036.06445
[90]	train-rmse:408.42615	eval-rmse:833.26123
Saved Losses
{'MSE - mean': 747423.6202751601, 'MSE - std': 98116.3168587673, 'R2 - mean': 0.9990663719191328, 'R2 - std': 0.00011910517455247662} 
 

[0]	train-rmse:28137.75195	eval-rmse:29092.21875
[100]	train-rmse:390.83093	eval-rmse:753.02777
[162]	train-rmse:290.53171	eval-rmse:744.60962
Saved Losses
{'MSE - mean': 708668.997100904, 'MSE - std': 117086.00504184238, 'R2 - mean': 0.9991231196329693, 'R2 - std': 0.00015566003400609518} 
 

Results After CV: {'MSE - mean': 708668.997100904, 'MSE - std': 117086.00504184238, 'R2 - mean': 0.9991231196329693, 'R2 - std': 0.00015566003400609518}
Train time: 0.4341608003999795
Inference time: 0.007150939599989669
Finished cross validation
Trial 85 finished with value: 708668.997100904 and parameters: {'max_depth': 4, 'alpha': 0.04449329447632643, 'lambda': 0.5688215532917184, 'eta': 0.12198253663120569}. Best is trial 69 with value: 704821.4517472989.
[0]	train-rmse:27661.69922	eval-rmse:30156.65820
[64]	train-rmse:458.20718	eval-rmse:956.01764
Saved Losses
{'MSE - mean': 914960.2488068837, 'MSE - std': 0.0, 'R2 - mean': 0.9989873817953011, 'R2 - std': 0.0} 
 

[0]	train-rmse:28545.73047	eval-rmse:26658.26172
[91]	train-rmse:409.80301	eval-rmse:800.14111
Saved Losses
{'MSE - mean': 775641.9809860212, 'MSE - std': 139318.26782086247, 'R2 - mean': 0.9990710195324021, 'R2 - std': 8.363773710096112e-05} 
 

[0]	train-rmse:28937.97266	eval-rmse:24909.82812
[92]	train-rmse:399.23660	eval-rmse:886.80676
Saved Losses
{'MSE - mean': 779236.7534352202, 'MSE - std': 113866.43320279577, 'R2 - mean': 0.9989930781321942, 'R2 - std': 0.00012966586974859} 
 

[0]	train-rmse:27739.11914	eval-rmse:29874.11133
[68]	train-rmse:470.03159	eval-rmse:841.86877
Saved Losses
{'MSE - mean': 761740.7356378704, 'MSE - std': 103162.51923077783, 'R2 - mean': 0.9990463551805355, 'R2 - std': 0.00014534531286951492} 
 

[0]	train-rmse:27986.02148	eval-rmse:28935.30859
[100]	train-rmse:360.00018	eval-rmse:751.25305
[117]	train-rmse:335.00320	eval-rmse:752.83221
Saved Losses
{'MSE - mean': 722767.5321286231, 'MSE - std': 120787.60973843838, 'R2 - mean': 0.9991040016561812, 'R2 - std': 0.00017376038845477802} 
 

Results After CV: {'MSE - mean': 722767.5321286231, 'MSE - std': 120787.60973843838, 'R2 - mean': 0.9991040016561812, 'R2 - std': 0.00017376038845477802}
Train time: 0.3803912443999934
Inference time: 0.011479692599993995
Finished cross validation
Trial 86 finished with value: 722767.5321286231 and parameters: {'max_depth': 4, 'alpha': 0.012533026919802327, 'lambda': 0.502502881939348, 'eta': 0.12669012216170678}. Best is trial 69 with value: 704821.4517472989.
[0]	train-rmse:24823.95312	eval-rmse:27060.80469
[46]	train-rmse:264.03348	eval-rmse:1001.38593
Saved Losses
{'MSE - mean': 1002773.7012231131, 'MSE - std': 0.0, 'R2 - mean': 0.9988901956053544, 'R2 - std': 0.0} 
 

[0]	train-rmse:25617.33008	eval-rmse:23925.60156
[54]	train-rmse:236.68529	eval-rmse:840.54846
Saved Losses
{'MSE - mean': 856867.1279641753, 'MSE - std': 145906.57325893774, 'R2 - mean': 0.9989728496967558, 'R2 - std': 8.26540914014573e-05} 
 

[0]	train-rmse:25969.47656	eval-rmse:22359.61523
[57]	train-rmse:215.97221	eval-rmse:867.04047
Saved Losses
{'MSE - mean': 822162.0180217228, 'MSE - std': 128846.32212709557, 'R2 - mean': 0.9989442285387332, 'R2 - std': 7.869439152005606e-05} 
 

[0]	train-rmse:24893.59180	eval-rmse:26810.76953
[48]	train-rmse:234.12259	eval-rmse:924.28552
Saved Losses
{'MSE - mean': 830197.4609145238, 'MSE - std': 112448.81534151373, 'R2 - mean': 0.9989691317615921, 'R2 - std': 8.065430533336157e-05} 
 

[0]	train-rmse:25115.22266	eval-rmse:25966.29492
[69]	train-rmse:161.85439	eval-rmse:764.61475
Saved Losses
{'MSE - mean': 781085.1193287603, 'MSE - std': 140584.05756526845, 'R2 - mean': 0.9990380532471248, 'R2 - std': 0.0001555788489709695} 
 

Results After CV: {'MSE - mean': 781085.1193287603, 'MSE - std': 140584.05756526845, 'R2 - mean': 0.9990380532471248, 'R2 - std': 0.0001555788489709695}
Train time: 0.36995122499998845
Inference time: 0.00753242420001925
Finished cross validation
Trial 87 finished with value: 781085.1193287603 and parameters: {'max_depth': 5, 'alpha': 0.04039793320502094, 'lambda': 0.2417167932187997, 'eta': 0.2163139200490964}. Best is trial 69 with value: 704821.4517472989.
[0]	train-rmse:28301.01562	eval-rmse:30855.04492
[76]	train-rmse:31.11088	eval-rmse:1035.60754
Saved Losses
{'MSE - mean': 1072482.9351575235, 'MSE - std': 0.0, 'R2 - mean': 0.9988130459811936, 'R2 - std': 0.0} 
 

[0]	train-rmse:29205.65234	eval-rmse:27275.28320
[84]	train-rmse:27.32178	eval-rmse:866.97876
Saved Losses
{'MSE - mean': 912125.3914457214, 'MSE - std': 160357.5437118021, 'R2 - mean': 0.9989071690674638, 'R2 - std': 9.41230862701592e-05} 
 

[0]	train-rmse:29607.27148	eval-rmse:25485.22852
[100]	train-rmse:11.30263	eval-rmse:860.89026
[190]	train-rmse:0.24621	eval-rmse:860.32281
Saved Losses
{'MSE - mean': 854802.0369323259, 'MSE - std': 153996.6292775868, 'R2 - mean': 0.9989066498047682, 'R2 - std': 7.685468656393467e-05} 
 

[0]	train-rmse:28380.31445	eval-rmse:30565.60938
[100]	train-rmse:9.93228	eval-rmse:926.50354
[110]	train-rmse:5.98467	eval-rmse:926.46228
Saved Losses
{'MSE - mean': 855684.6159967787, 'MSE - std': 133373.75382382737, 'R2 - mean': 0.9989398204933608, 'R2 - std': 8.792534265082412e-05} 
 

[0]	train-rmse:28632.83398	eval-rmse:29605.38672
[100]	train-rmse:13.87354	eval-rmse:801.44134
[144]	train-rmse:2.16846	eval-rmse:800.98462
Saved Losses
{'MSE - mean': 812862.9520926459, 'MSE - std': 146852.3958446752, 'R2 - mean': 0.9990012365712768, 'R2 - std': 0.00014585071549571085} 
 

Results After CV: {'MSE - mean': 812862.9520926459, 'MSE - std': 146852.3958446752, 'R2 - mean': 0.9990012365712768, 'R2 - std': 0.00014585071549571085}
Train time: 2.931454909799993
Inference time: 0.024191231399993286
Finished cross validation
Trial 88 finished with value: 812862.9520926459 and parameters: {'max_depth': 11, 'alpha': 0.07884348361080679, 'lambda': 0.5960347496887353, 'eta': 0.10643894019781401}. Best is trial 69 with value: 704821.4517472989.
[0]	train-rmse:28910.42188	eval-rmse:31519.08203
[87]	train-rmse:500.66305	eval-rmse:945.21375
Saved Losses
{'MSE - mean': 893429.0928771411, 'MSE - std': 0.0, 'R2 - mean': 0.9990112110714812, 'R2 - std': 0.0} 
 

[0]	train-rmse:29834.24805	eval-rmse:27860.84766
[100]	train-rmse:476.99203	eval-rmse:800.33960
[129]	train-rmse:424.14066	eval-rmse:799.14233
Saved Losses
{'MSE - mean': 765810.7989549278, 'MSE - std': 127618.29392221326, 'R2 - mean': 0.9990816928450572, 'R2 - std': 7.048177357599217e-05} 
 

[0]	train-rmse:30244.18750	eval-rmse:26032.24023
[100]	train-rmse:505.27832	eval-rmse:871.66736
[171]	train-rmse:387.62439	eval-rmse:862.75592
Saved Losses
{'MSE - mean': 758656.4454293717, 'MSE - std': 104689.96534759933, 'R2 - mean': 0.9990209326997962, 'R2 - std': 0.00010341845793617426} 
 

[0]	train-rmse:28991.34180	eval-rmse:31222.49805
[100]	train-rmse:475.02176	eval-rmse:834.28565
[116]	train-rmse:449.35867	eval-rmse:833.82898
Saved Losses
{'MSE - mean': 742976.244197779, 'MSE - std': 94644.58656125497, 'R2 - mean': 0.9990709722993495, 'R2 - std': 0.00012463313223941522} 
 

[0]	train-rmse:29249.36719	eval-rmse:30241.77734
[100]	train-rmse:476.56464	eval-rmse:760.36676
[157]	train-rmse:386.34537	eval-rmse:752.85858
Saved Losses
{'MSE - mean': 707815.5510993442, 'MSE - std': 110050.78631672746, 'R2 - mean': 0.9991236253769561, 'R2 - std': 0.00015334966725492365} 
 

Results After CV: {'MSE - mean': 707815.5510993442, 'MSE - std': 110050.78631672746, 'R2 - mean': 0.9991236253769561, 'R2 - std': 0.00015334966725492365}
Train time: 0.5004628019999927
Inference time: 0.03376433680000446
Finished cross validation
Trial 89 finished with value: 707815.5510993442 and parameters: {'max_depth': 4, 'alpha': 0.04917970114295495, 'lambda': 0.9913010471507042, 'eta': 0.08734955646904356}. Best is trial 69 with value: 704821.4517472989.
[0]	train-rmse:28853.39453	eval-rmse:31457.27734
[84]	train-rmse:465.69418	eval-rmse:947.68903
Saved Losses
{'MSE - mean': 899580.6205089513, 'MSE - std': 0.0, 'R2 - mean': 0.9990044029627412, 'R2 - std': 0.0} 
 

[0]	train-rmse:29776.23438	eval-rmse:27806.77148
[100]	train-rmse:422.39475	eval-rmse:837.83734
[102]	train-rmse:418.98868	eval-rmse:837.56079
Saved Losses
{'MSE - mean': 801633.7500414827, 'MSE - std': 97946.87046746851, 'R2 - mean': 0.9990347848380122, 'R2 - std': 3.0381875271046077e-05} 
 

[0]	train-rmse:30185.77148	eval-rmse:25982.16211
[91]	train-rmse:467.41492	eval-rmse:896.24921
Saved Losses
{'MSE - mean': 802176.7033209618, 'MSE - std': 79976.97097357525, 'R2 - mean': 0.9989606236500282, 'R2 - std': 0.0001077735395928905} 
 

[0]	train-rmse:28934.10742	eval-rmse:31160.97266
[97]	train-rmse:429.57974	eval-rmse:865.12506
Saved Losses
{'MSE - mean': 788742.8878303913, 'MSE - std': 73065.99147678177, 'R2 - mean': 0.999011049054469, 'R2 - std': 0.00012782611672241997} 
 

[0]	train-rmse:29191.94922	eval-rmse:30182.61523
[100]	train-rmse:422.09842	eval-rmse:766.56598
[124]	train-rmse:375.57138	eval-rmse:767.72046
Saved Losses
{'MSE - mean': 748873.2569633864, 'MSE - std': 103098.30818336936, 'R2 - mean': 0.9990704698381492, 'R2 - std': 0.0001649088567230717} 
 

Results After CV: {'MSE - mean': 748873.2569633864, 'MSE - std': 103098.30818336936, 'R2 - mean': 0.9990704698381492, 'R2 - std': 0.0001649088567230717}
Train time: 0.43703922399998874
Inference time: 0.008030938399997467
Finished cross validation
Trial 90 finished with value: 748873.2569633864 and parameters: {'max_depth': 4, 'alpha': 0.053398449749278216, 'lambda': 0.007331194186287319, 'eta': 0.08864438629678362}. Best is trial 69 with value: 704821.4517472989.
[0]	train-rmse:27983.30078	eval-rmse:30507.52930
[72]	train-rmse:466.58105	eval-rmse:956.18567
Saved Losses
{'MSE - mean': 915186.8249111769, 'MSE - std': 0.0, 'R2 - mean': 0.998987131035677, 'R2 - std': 0.0} 
 

[0]	train-rmse:28877.48242	eval-rmse:26967.91016
[100]	train-rmse:409.83060	eval-rmse:806.18811
[108]	train-rmse:396.11578	eval-rmse:806.85480
Saved Losses
{'MSE - mean': 783043.4087883716, 'MSE - std': 132143.41612280527, 'R2 - mean': 0.9990612120115206, 'R2 - std': 7.408097584360451e-05} 
 

[0]	train-rmse:29274.24023	eval-rmse:25198.75977
[100]	train-rmse:416.84793	eval-rmse:849.70727
[182]	train-rmse:285.07080	eval-rmse:835.70404
Saved Losses
{'MSE - mean': 754829.3811211353, 'MSE - std': 115036.15807280657, 'R2 - mean': 0.9990299241636221, 'R2 - std': 7.494344205381573e-05} 
 

[0]	train-rmse:28061.62109	eval-rmse:30221.36719
[75]	train-rmse:471.60879	eval-rmse:848.72864
Saved Losses
{'MSE - mean': 746207.1249264554, 'MSE - std': 100737.37218020874, 'R2 - mean': 0.9990708873022629, 'R2 - std': 9.615781721777446e-05} 
 

[0]	train-rmse:28311.35547	eval-rmse:29271.74609
[100]	train-rmse:399.95645	eval-rmse:756.80664
[200]	train-rmse:257.71350	eval-rmse:743.08252
[207]	train-rmse:251.74548	eval-rmse:743.45844
Saved Losses
{'MSE - mean': 707539.1792338687, 'MSE - std': 118740.28221020219, 'R2 - mean': 0.9991269157860094, 'R2 - std': 0.0001412580072539425} 
 

Results After CV: {'MSE - mean': 707539.1792338687, 'MSE - std': 118740.28221020219, 'R2 - mean': 0.9991269157860094, 'R2 - std': 0.0001412580072539425}
Train time: 0.4894557358000043
Inference time: 0.00983261459999767
Finished cross validation
Trial 91 finished with value: 707539.1792338687 and parameters: {'max_depth': 4, 'alpha': 0.03252984192640552, 'lambda': 0.6708077966317395, 'eta': 0.1166097207718962}. Best is trial 69 with value: 704821.4517472989.
[0]	train-rmse:28005.45703	eval-rmse:30531.74219
[70]	train-rmse:449.34845	eval-rmse:973.67651
Saved Losses
{'MSE - mean': 947473.2827239789, 'MSE - std': 0.0, 'R2 - mean': 0.9989513984943026, 'R2 - std': 0.0} 
 

[0]	train-rmse:28901.05664	eval-rmse:26989.96289
[84]	train-rmse:423.38568	eval-rmse:818.88684
Saved Losses
{'MSE - mean': 808257.7123121407, 'MSE - std': 139215.57041183818, 'R2 - mean': 0.9990312950081215, 'R2 - std': 7.989651381890006e-05} 
 

[0]	train-rmse:29298.45117	eval-rmse:25219.65039
[100]	train-rmse:405.42847	eval-rmse:855.51898
[131]	train-rmse:325.97452	eval-rmse:851.13458
Saved Losses
{'MSE - mean': 779001.5808169926, 'MSE - std': 120964.83989236345, 'R2 - mean': 0.9989990931088913, 'R2 - std': 7.955853133588497e-05} 
 

[0]	train-rmse:28083.86133	eval-rmse:30245.38672
[71]	train-rmse:453.84170	eval-rmse:870.41339
Saved Losses
{'MSE - mean': 773656.0812851617, 'MSE - std': 105166.97420470581, 'R2 - mean': 0.9990373330462049, 'R2 - std': 9.557221535815526e-05} 
 

[0]	train-rmse:28334.01367	eval-rmse:29295.22070
[100]	train-rmse:382.26852	eval-rmse:762.70172
[147]	train-rmse:291.54776	eval-rmse:759.45727
Saved Losses
{'MSE - mean': 734279.9421505423, 'MSE - std': 122678.42232150765, 'R2 - mean': 0.9990944596159729, 'R2 - std': 0.0001426920410273109} 
 

Results After CV: {'MSE - mean': 734279.9421505423, 'MSE - std': 122678.42232150765, 'R2 - mean': 0.9990944596159729, 'R2 - std': 0.0001426920410273109}
Train time: 0.434109696400003
Inference time: 0.01195021540003154
Finished cross validation
Trial 92 finished with value: 734279.9421505423 and parameters: {'max_depth': 4, 'alpha': 0.03369523146326974, 'lambda': 0.13155524296933693, 'eta': 0.11553333053509995}. Best is trial 69 with value: 704821.4517472989.
[0]	train-rmse:28969.21680	eval-rmse:31583.23828
[92]	train-rmse:466.02817	eval-rmse:958.15759
Saved Losses
{'MSE - mean': 918065.9060491394, 'MSE - std': 0.0, 'R2 - mean': 0.9989839446568405, 'R2 - std': 0.0} 
 

[0]	train-rmse:29895.59570	eval-rmse:27918.11914
[100]	train-rmse:454.07214	eval-rmse:805.35754
[134]	train-rmse:387.54169	eval-rmse:802.77905
Saved Losses
{'MSE - mean': 781260.0794515264, 'MSE - std': 136805.82659761305, 'R2 - mean': 0.9990639003372963, 'R2 - std': 7.995568045587875e-05} 
 

[0]	train-rmse:30306.64062	eval-rmse:26085.97461
[100]	train-rmse:470.64066	eval-rmse:893.59296
[200]	train-rmse:313.96780	eval-rmse:863.41223
[251]	train-rmse:263.07944	eval-rmse:857.41235
Saved Losses
{'MSE - mean': 765898.7430727485, 'MSE - std': 113794.39399514098, 'R2 - mean': 0.9990135914169871, 'R2 - std': 9.656042400220306e-05} 
 

[0]	train-rmse:29050.32617	eval-rmse:31286.06836
[93]	train-rmse:479.09204	eval-rmse:840.26050
Saved Losses
{'MSE - mean': 750933.5024050251, 'MSE - std': 101900.67891466517, 'R2 - mean': 0.9990626396941459, 'R2 - std': 0.00011920627957178044} 
 

[0]	train-rmse:29309.07422	eval-rmse:30303.58594
[100]	train-rmse:448.25729	eval-rmse:768.87647
[182]	train-rmse:317.59344	eval-rmse:760.47327
Saved Losses
{'MSE - mean': 716410.7198720162, 'MSE - std': 114342.85612097246, 'R2 - mean': 0.9991143424088482, 'R2 - std': 0.00014852875984769083} 
 

Results After CV: {'MSE - mean': 716410.7198720162, 'MSE - std': 114342.85612097246, 'R2 - mean': 0.9991143424088482, 'R2 - std': 0.00014852875984769083}
Train time: 0.5259359571999994
Inference time: 0.012267234599994481
Finished cross validation
Trial 93 finished with value: 716410.7198720162 and parameters: {'max_depth': 4, 'alpha': 0.09395494001388399, 'lambda': 0.3347617288650442, 'eta': 0.08514596170708669}. Best is trial 69 with value: 704821.4517472989.
[0]	train-rmse:28629.60352	eval-rmse:31212.68555
[81]	train-rmse:481.18417	eval-rmse:953.68353
Saved Losses
{'MSE - mean': 912348.333591149, 'MSE - std': 0.0, 'R2 - mean': 0.998990272492356, 'R2 - std': 0.0} 
 

[0]	train-rmse:29544.70508	eval-rmse:27590.63672
[100]	train-rmse:452.71695	eval-rmse:794.12494
[136]	train-rmse:403.34387	eval-rmse:793.57068
Saved Losses
{'MSE - mean': 771051.3473751885, 'MSE - std': 141296.98621596053, 'R2 - mean': 0.9990768285042295, 'R2 - std': 8.655601187357309e-05} 
 

[0]	train-rmse:29950.74609	eval-rmse:25780.10547
[100]	train-rmse:466.23291	eval-rmse:868.13989
[147]	train-rmse:383.94159	eval-rmse:863.04767
Saved Losses
{'MSE - mean': 761946.5551714649, 'MSE - std': 116084.82541352336, 'R2 - mean': 0.9990179908315483, 'R2 - std': 0.00010917129772689021} 
 

[0]	train-rmse:28709.74805	eval-rmse:30919.29297
[84]	train-rmse:498.39838	eval-rmse:830.89954
Saved Losses
{'MSE - mean': 744552.0554535358, 'MSE - std': 104949.8493556673, 'R2 - mean': 0.999069763991047, 'R2 - std': 0.00013030794035261066} 
 

[0]	train-rmse:28965.33203	eval-rmse:29948.07617
[100]	train-rmse:440.58637	eval-rmse:759.87720
[200]	train-rmse:288.94308	eval-rmse:749.14215
[300]	train-rmse:205.86478	eval-rmse:738.20886
[316]	train-rmse:195.02502	eval-rmse:737.94373
Saved Losses
{'MSE - mean': 704553.8406917746, 'MSE - std': 123332.9049375456, 'R2 - mean': 0.9991279671946369, 'R2 - std': 0.00016472576934929172} 
 

Results After CV: {'MSE - mean': 704553.8406917746, 'MSE - std': 123332.9049375456, 'R2 - mean': 0.9991279671946369, 'R2 - std': 0.00016472576934929172}
Train time: 0.5583303264000279
Inference time: 0.04526308419999623
Finished cross validation
Trial 94 finished with value: 704553.8406917746 and parameters: {'max_depth': 4, 'alpha': 0.17695906610120446, 'lambda': 0.6471367384027412, 'eta': 0.09608257745771329}. Best is trial 94 with value: 704553.8406917746.
[0]	train-rmse:29251.77930	eval-rmse:31891.53711
[94]	train-rmse:370.76044	eval-rmse:992.83173
Saved Losses
{'MSE - mean': 982971.7867509744, 'MSE - std': 0.0, 'R2 - mean': 0.9989121110701067, 'R2 - std': 0.0} 
 

[0]	train-rmse:30187.11523	eval-rmse:28190.30664
[100]	train-rmse:383.45847	eval-rmse:844.45746
[173]	train-rmse:253.29738	eval-rmse:839.25537
Saved Losses
{'MSE - mean': 843660.6968211033, 'MSE - std': 139311.08992987103, 'R2 - mean': 0.9989881986820122, 'R2 - std': 7.608761190541768e-05} 
 

[0]	train-rmse:30602.17578	eval-rmse:26339.99023
[100]	train-rmse:390.43353	eval-rmse:861.94586
[200]	train-rmse:228.97189	eval-rmse:851.22424
[214]	train-rmse:213.58449	eval-rmse:851.46008
Saved Losses
{'MSE - mean': 804326.5539082122, 'MSE - std': 126620.44114471629, 'R2 - mean': 0.9989678146330524, 'R2 - std': 6.848772659612597e-05} 
 

[0]	train-rmse:29333.76172	eval-rmse:31591.43750
[100]	train-rmse:360.21228	eval-rmse:841.58716
[112]	train-rmse:324.02777	eval-rmse:843.31403
Saved Losses
{'MSE - mean': 781335.6645733765, 'MSE - std': 116663.16926940526, 'R2 - mean': 0.9990265372704181, 'R2 - std': 0.00011774111829895806} 
 

[0]	train-rmse:29594.99805	eval-rmse:30599.26758
[100]	train-rmse:328.84418	eval-rmse:764.70117
[156]	train-rmse:228.67868	eval-rmse:754.82605
Saved Losses
{'MSE - mean': 739073.8775931702, 'MSE - std': 134285.03493028134, 'R2 - mean': 0.9990874073452819, 'R2 - std': 0.00016096906785571596} 
 

Results After CV: {'MSE - mean': 739073.8775931702, 'MSE - std': 134285.03493028134, 'R2 - mean': 0.9990874073452819, 'R2 - std': 0.00016096906785571596}
Train time: 0.6634454575999825
Inference time: 0.014689543600002252
Finished cross validation
