Trial 3 finished with value: 14864342773.688477 and parameters: {'max_depth': 5, 'alpha': 0.09240699476786284, 'lambda': 0.009892794810964781, 'eta': 0.012977025469117394}. Best is trial 0 with value: 14836834220.730595.
[0]	eval-rmse:631529.56250
[100]	eval-rmse:134728.48438
[200]	eval-rmse:114707.42969
[300]	eval-rmse:111985.56250
[400]	eval-rmse:110836.71875
[500]	eval-rmse:110303.78906
[600]	eval-rmse:109764.96875
[700]	eval-rmse:109501.25000
[782]	eval-rmse:109343.76562
{'MSE - mean': 11956083826.892797, 'MSE - std': 0.0, 'R2 - mean': 0.906896678014758, 'R2 - std': 0.0}
[0]	eval-rmse:636713.00000
[100]	eval-rmse:159885.54688
[200]	eval-rmse:143220.20312
[300]	eval-rmse:141316.59375
[400]	eval-rmse:140681.04688
[500]	eval-rmse:140043.71875
[600]	eval-rmse:139744.18750
[684]	eval-rmse:139593.78125
{'MSE - mean': 15720579154.593071, 'MSE - std': 3764495327.700273, 'R2 - mean': 0.8838930914524875, 'R2 - std': 0.023003586562270528}
[0]	eval-rmse:653480.25000
[100]	eval-rmse:146097.25000
[200]	eval-rmse:124984.27344
[300]	eval-rmse:121576.00781
[400]	eval-rmse:120103.77344
[500]	eval-rmse:119058.08594
[600]	eval-rmse:118486.89062
[700]	eval-rmse:118019.52344
[800]	eval-rmse:117698.78125
[900]	eval-rmse:117345.50781
[985]	eval-rmse:117211.65625
{'MSE - mean': 15059910533.73696, 'MSE - std': 3212566383.441639, 'R2 - mean': 0.8921098023885742, 'R2 - std': 0.02208631568112537}
[0]	eval-rmse:625775.75000
[100]	eval-rmse:135899.71875
[200]	eval-rmse:119118.97656
[300]	eval-rmse:116978.89062
[400]	eval-rmse:115704.07812
[500]	eval-rmse:114965.17188
[600]	eval-rmse:114460.69531
[691]	eval-rmse:114181.74219
{'MSE - mean': 14554300673.358904, 'MSE - std': 2916738087.101586, 'R2 - mean': 0.8921810909054789, 'R2 - std': 0.019127708995921876}
[0]	eval-rmse:641694.12500
[100]	eval-rmse:150471.76562
[200]	eval-rmse:134146.95312
[300]	eval-rmse:131720.40625
[400]	eval-rmse:130881.00781
[500]	eval-rmse:130298.35938
[600]	eval-rmse:130000.57031
[700]	eval-rmse:129737.77344
[800]	eval-rmse:129409.42188
[900]	eval-rmse:129245.07812
[907]	eval-rmse:129239.07812
{'MSE - mean': 14983988312.387989, 'MSE - std': 2746709799.6579056, 'R2 - mean': 0.8887975379250733, 'R2 - std': 0.018398073927207187}
Trial 4 finished with value: 14983988312.387989 and parameters: {'max_depth': 7, 'alpha': 0.008807301694766184, 'lambda': 8.164955353648847e-08, 'eta': 0.024833800646479637}. Best is trial 0 with value: 14836834220.730595.
[0]	eval-rmse:611497.00000
[100]	eval-rmse:126417.57812
[200]	eval-rmse:115679.07031
[300]	eval-rmse:111293.05469
[400]	eval-rmse:108775.08594
[500]	eval-rmse:107021.47656
[600]	eval-rmse:105426.14844
[700]	eval-rmse:104457.61719
[800]	eval-rmse:103829.27344
[900]	eval-rmse:103382.91406
[953]	eval-rmse:103111.72656
{'MSE - mean': 10630641502.811415, 'MSE - std': 0.0, 'R2 - mean': 0.9172180412017781, 'R2 - std': 0.0}
[0]	eval-rmse:617295.06250
[100]	eval-rmse:153989.06250
[200]	eval-rmse:145237.20312
[300]	eval-rmse:143032.46875
[400]	eval-rmse:141321.01562
[500]	eval-rmse:139574.10938
[562]	eval-rmse:139307.07812
{'MSE - mean': 15018552963.243107, 'MSE - std': 4387911460.431693, 'R2 - mean': 0.8893343848595415, 'R2 - std': 0.02788365634223655}
[0]	eval-rmse:634016.81250
[100]	eval-rmse:142674.26562
[200]	eval-rmse:131889.35938
[300]	eval-rmse:128163.78906
[400]	eval-rmse:125246.43750
[500]	eval-rmse:123536.30469
[600]	eval-rmse:122284.04688
[700]	eval-rmse:121173.13281
[756]	eval-rmse:120817.95312
{'MSE - mean': 14876886443.308542, 'MSE - std': 3588312063.0921445, 'R2 - mean': 0.8938401492672821, 'R2 - std': 0.023641827759377863}
[0]	eval-rmse:605928.18750
[100]	eval-rmse:135203.53125
[200]	eval-rmse:124693.60938
[300]	eval-rmse:120574.68750
[400]	eval-rmse:117978.25000
[500]	eval-rmse:116659.89844
[600]	eval-rmse:115875.51562
[613]	eval-rmse:115789.87500
{'MSE - mean': 14509488376.635777, 'MSE - std': 3172054793.786531, 'R2 - mean': 0.8927157654013071, 'R2 - std': 0.02056683573346327}
[0]	eval-rmse:621627.87500
[100]	eval-rmse:142398.90625
[200]	eval-rmse:134024.07812
[300]	eval-rmse:131331.43750
[400]	eval-rmse:129477.13281
[466]	eval-rmse:129089.67969
{'MSE - mean': 14940419537.382671, 'MSE - std': 2965190036.5807853, 'R2 - mean': 0.8892829228345158, 'R2 - std': 0.01963500491528604}
Trial 5 finished with value: 14940419537.382671 and parameters: {'max_depth': 3, 'alpha': 0.0054686463903241365, 'lambda': 0.011787576115127449, 'eta': 0.06160035452761355}. Best is trial 0 with value: 14836834220.730595.
[0]	eval-rmse:545344.37500
[100]	eval-rmse:125933.71094
[200]	eval-rmse:118852.01562
[300]	eval-rmse:114550.41406
[400]	eval-rmse:110804.96094
[500]	eval-rmse:108244.71094
[518]	eval-rmse:108257.13281
{'MSE - mean': 11719607295.611311, 'MSE - std': 0.0, 'R2 - mean': 0.9087381464213555, 'R2 - std': 0.0}
[0]	eval-rmse:553488.75000
[100]	eval-rmse:151009.87500
[181]	eval-rmse:148572.60938
{'MSE - mean': 16891463531.090408, 'MSE - std': 5171856235.479098, 'R2 - mean': 0.8756103458760183, 'R2 - std': 0.033127800545337316}
[0]	eval-rmse:570478.56250
[100]	eval-rmse:142464.62500
[200]	eval-rmse:133044.95312
[300]	eval-rmse:128865.32031
[400]	eval-rmse:126425.92188
[500]	eval-rmse:123232.04688
[600]	eval-rmse:121121.79688
[700]	eval-rmse:119733.78906
[718]	eval-rmse:119744.37500
{'MSE - mean': 16039841689.824331, 'MSE - std': 4391193930.434585, 'R2 - mean': 0.8852609683164646, 'R2 - std': 0.03029691633852957}
[0]	eval-rmse:540169.12500
[100]	eval-rmse:131858.26562
[200]	eval-rmse:122919.53125
[300]	eval-rmse:118622.33594
[400]	eval-rmse:116659.00000
[472]	eval-rmse:116061.11719
{'MSE - mean': 15397427011.601171, 'MSE - std': 3962326079.136326, 'R2 - mean': 0.8861516161771504, 'R2 - std': 0.026283209765040637}
[0]	eval-rmse:554162.00000
[98]	eval-rmse:145326.60938
{'MSE - mean': 16541905826.822412, 'MSE - std': 4218927517.7329044, 'R2 - mean': 0.8773765713409964, 'R2 - std': 0.029336859749273556}
Trial 6 finished with value: 16541905826.822412 and parameters: {'max_depth': 2, 'alpha': 0.302545135328946, 'lambda': 0.059523039682484104, 'eta': 0.18562877559747182}. Best is trial 0 with value: 14836834220.730595.
[0]	eval-rmse:517502.09375
[81]	eval-rmse:117152.53906
{'MSE - mean': 13724718173.330091, 'MSE - std': 0.0, 'R2 - mean': 0.893124130463684, 'R2 - std': 0.0}
[0]	eval-rmse:524004.81250
[74]	eval-rmse:144345.40625
{'MSE - mean': 17280158468.437294, 'MSE - std': 3555440295.1072035, 'R2 - mean': 0.872185894318578, 'R2 - std': 0.020938236145106037}
[0]	eval-rmse:537449.75000
[100]	eval-rmse:126743.80469
[133]	eval-rmse:126563.84375
{'MSE - mean': 16859574780.490854, 'MSE - std': 2963312066.789668, 'R2 - mean': 0.8792461025554218, 'R2 - std': 0.019798137183600843}
[0]	eval-rmse:511547.21875
[100]	eval-rmse:115817.46875
[129]	eval-rmse:115886.27344
{'MSE - mean': 16002088348.420681, 'MSE - std': 2965090681.1494393, 'R2 - mean': 0.8817241450253296, 'R2 - std': 0.017674749231700815}
[0]	eval-rmse:526558.75000
[100]	eval-rmse:138142.25000
[142]	eval-rmse:138095.28125
{'MSE - mean': 16616500346.757025, 'MSE - std': 2922912693.3163843, 'R2 - mean': 0.8768900264253983, 'R2 - std': 0.018530845066418614}
Trial 7 finished with value: 16616500346.757025 and parameters: {'max_depth': 8, 'alpha': 0.001036894212595682, 'lambda': 7.049154851040896e-08, 'eta': 0.21318729266379324}. Best is trial 0 with value: 14836834220.730595.
[0]	eval-rmse:570062.50000
[100]	eval-rmse:130868.18750
[200]	eval-rmse:122085.23438
[300]	eval-rmse:117921.55469
[400]	eval-rmse:115323.74219
[500]	eval-rmse:113116.58594
[600]	eval-rmse:111069.57812
[700]	eval-rmse:109106.04688
[757]	eval-rmse:109003.89844
{'MSE - mean': 11881850232.610174, 'MSE - std': 0.0, 'R2 - mean': 0.9074747430677206, 'R2 - std': 0.0}
[0]	eval-rmse:577384.87500
[100]	eval-rmse:155897.82812
[194]	eval-rmse:150664.10938
{'MSE - mean': 17290762088.936333, 'MSE - std': 5408911856.326158, 'R2 - mean': 0.872707071028064, 'R2 - std': 0.03476767203965664}
[0]	eval-rmse:594444.93750
[100]	eval-rmse:147140.48438
[200]	eval-rmse:139410.93750
[300]	eval-rmse:134992.46875
[400]	eval-rmse:131717.54688
[500]	eval-rmse:130629.46875
[514]	eval-rmse:130551.20312
{'MSE - mean': 17208380153.819805, 'MSE - std': 4417894507.508172, 'R2 - mean': 0.8773186377452064, 'R2 - std': 0.029127199909100884}
[0]	eval-rmse:564730.68750
[100]	eval-rmse:133742.76562
[200]	eval-rmse:126042.64844
[300]	eval-rmse:121398.26562
[400]	eval-rmse:118952.89062
[500]	eval-rmse:117453.99219
[600]	eval-rmse:116122.91406
[700]	eval-rmse:115453.78125
[704]	eval-rmse:115439.43750
{'MSE - mean': 16237851046.898796, 'MSE - std': 4179009948.7493253, 'R2 - mean': 0.8804918283941816, 'R2 - std': 0.025816714500353773}
[0]	eval-rmse:579238.25000
[100]	eval-rmse:144641.31250
[200]	eval-rmse:140035.96875
[300]	eval-rmse:136172.39062
[337]	eval-rmse:135873.95312
{'MSE - mean': 16682910257.46716, 'MSE - std': 3842344352.7413845, 'R2 - mean': 0.8768167691100419, 'R2 - std': 0.024232755539599377}
Trial 8 finished with value: 16682910257.46716 and parameters: {'max_depth': 2, 'alpha': 0.00588738465712799, 'lambda': 0.00013679232532330164, 'eta': 0.1396635423586535}. Best is trial 0 with value: 14836834220.730595.
[0]	eval-rmse:543500.68750
[100]	eval-rmse:104260.84375
[170]	eval-rmse:102744.27344
{'MSE - mean': 10556371485.781462, 'MSE - std': 0.0, 'R2 - mean': 0.9177963898826259, 'R2 - std': 0.0}
[0]	eval-rmse:549610.87500
[91]	eval-rmse:143302.57812
{'MSE - mean': 15546000994.054508, 'MSE - std': 4989629508.273046, 'R2 - mean': 0.8855928111418736, 'R2 - std': 0.03220357874075225}
[0]	eval-rmse:565030.62500
[100]	eval-rmse:115851.89844
[166]	eval-rmse:115095.29688
{'MSE - mean': 14779643286.150896, 'MSE - std': 4215709907.731551, 'R2 - mean': 0.894333899223631, 'R2 - std': 0.02905500927861901}
[0]	eval-rmse:537927.81250
[100]	eval-rmse:117338.60938
[200]	eval-rmse:114957.92969
[300]	eval-rmse:114386.72656
[309]	eval-rmse:114333.68750
{'MSE - mean': 14352780577.438934, 'MSE - std': 3725022528.237408, 'R2 - mean': 0.8937775201637999, 'R2 - std': 0.02518082298317776}
[0]	eval-rmse:553574.31250
[96]	eval-rmse:129192.37500
{'MSE - mean': 14820759462.900955, 'MSE - std': 3460729867.766924, 'R2 - mean': 0.8900897127933638, 'R2 - std': 0.02369934112362365}
Trial 9 finished with value: 14820759462.900955 and parameters: {'max_depth': 5, 'alpha': 0.00026915224147533266, 'lambda': 0.007567412162548859, 'eta': 0.17509731990706334}. Best is trial 9 with value: 14820759462.900955.
[0]	eval-rmse:591313.43750
[100]	eval-rmse:110709.57812
[200]	eval-rmse:105544.81250
[300]	eval-rmse:103135.75781
[400]	eval-rmse:101794.48438
[408]	eval-rmse:101694.76562
{'MSE - mean': 10341825419.349693, 'MSE - std': 0.0, 'R2 - mean': 0.9194670833800012, 'R2 - std': 0.0}
[0]	eval-rmse:597344.75000
[100]	eval-rmse:141868.00000
[200]	eval-rmse:138431.26562
[300]	eval-rmse:136608.96875
[400]	eval-rmse:135980.32812
[404]	eval-rmse:135998.73438
{'MSE - mean': 14418165656.389082, 'MSE - std': 4076340237.0393887, 'R2 - mean': 0.8937142951640611, 'R2 - std': 0.025752788215940126}
[0]	eval-rmse:613326.75000
[100]	eval-rmse:123116.00781
[200]	eval-rmse:118512.52344
[300]	eval-rmse:116039.94531
[400]	eval-rmse:114448.46875
[490]	eval-rmse:113745.02344
{'MSE - mean': 13925752768.096148, 'MSE - std': 3400388319.5675664, 'R2 - mean': 0.9004272311237959, 'R2 - std': 0.023070856485958895}
[0]	eval-rmse:586088.87500
[100]	eval-rmse:122038.35156
[200]	eval-rmse:116738.90625
[300]	eval-rmse:114990.04688
[400]	eval-rmse:114274.88281
[449]	eval-rmse:114214.06250
{'MSE - mean': 13705527821.93696, 'MSE - std': 2969423786.4644895, 'R2 - mean': 0.8984039308080171, 'R2 - std': 0.02028495863319113}
[0]	eval-rmse:601494.12500
[100]	eval-rmse:132592.50000
[200]	eval-rmse:128897.60156
[219]	eval-rmse:129014.99219
{'MSE - mean': 14293767356.961292, 'MSE - std': 2904838222.889435, 'R2 - mean': 0.8938594718346196, 'R2 - std': 0.020292660418086944}
Trial 10 finished with value: 14293767356.961292 and parameters: {'max_depth': 4, 'alpha': 9.107547327868023e-08, 'lambda': 5.279553909366066e-06, 'eta': 0.09502367280722557}. Best is trial 10 with value: 14293767356.961292.
[0]	eval-rmse:593240.18750
[100]	eval-rmse:112816.66406
[200]	eval-rmse:105659.21094
[300]	eval-rmse:103284.41406
[389]	eval-rmse:102470.19531
{'MSE - mean': 10495762547.47117, 'MSE - std': 0.0, 'R2 - mean': 0.9182683582612678, 'R2 - std': 0.0}
[0]	eval-rmse:599232.25000
[100]	eval-rmse:144433.04688
[199]	eval-rmse:142182.50000
{'MSE - mean': 15353409709.156574, 'MSE - std': 4857647161.685405, 'R2 - mean': 0.8869874154487767, 'R2 - std': 0.03128094281249122}
[0]	eval-rmse:615258.87500
[100]	eval-rmse:126576.58594
[200]	eval-rmse:120769.03125
[300]	eval-rmse:118190.69531
[400]	eval-rmse:116838.00781
[500]	eval-rmse:115990.85156
[584]	eval-rmse:115549.42969
{'MSE - mean': 14686163546.111372, 'MSE - std': 4076958692.7615466, 'R2 - mean': 0.8950312122394494, 'R2 - std': 0.02795955869545936}
[0]	eval-rmse:587998.12500
[100]	eval-rmse:123718.95312
[200]	eval-rmse:118344.55469
[300]	eval-rmse:116461.71094
[400]	eval-rmse:115613.39062
[445]	eval-rmse:115473.69531
{'MSE - mean': 14347828091.506039, 'MSE - std': 3579051099.9973087, 'R2 - mean': 0.8937627276137136, 'R2 - std': 0.024313162105551223}
[0]	eval-rmse:603426.37500
[100]	eval-rmse:130448.03906
[200]	eval-rmse:127379.07812
[300]	eval-rmse:125441.96094
[400]	eval-rmse:124491.75781
[500]	eval-rmse:123963.75000
[548]	eval-rmse:123506.83594
{'MSE - mean': 14529050168.622005, 'MSE - std': 3221653486.3405867, 'R2 - mean': 0.892226786314275, 'R2 - std': 0.021962248153545964}
Trial 11 finished with value: 14529050168.622005 and parameters: {'max_depth': 4, 'alpha': 8.449624198960304e-08, 'lambda': 3.5276655884875194e-06, 'eta': 0.09169472837223874}. Best is trial 10 with value: 14293767356.961292.
[0]	eval-rmse:600729.87500
[100]	eval-rmse:122014.17969
[200]	eval-rmse:113175.32031
[300]	eval-rmse:109486.97656
[400]	eval-rmse:107059.68750
[500]	eval-rmse:105562.30469
[600]	eval-rmse:104982.00000
[606]	eval-rmse:104827.52344
{'MSE - mean': 10988809411.306099, 'MSE - std': 0.0, 'R2 - mean': 0.9144289488374076, 'R2 - std': 0.0}
[0]	eval-rmse:606795.87500
[100]	eval-rmse:149133.75000
[200]	eval-rmse:144900.84375
[300]	eval-rmse:141749.04688
[400]	eval-rmse:139744.32812
[500]	eval-rmse:138700.10938
[522]	eval-rmse:138788.64062
{'MSE - mean': 15125547818.641317, 'MSE - std': 4136738407.3352184, 'R2 - mean': 0.888454506981141, 'R2 - std': 0.025974441856266517}
[0]	eval-rmse:623363.93750
[100]	eval-rmse:134134.60938
[200]	eval-rmse:125230.84375
[300]	eval-rmse:121690.88281
[400]	eval-rmse:119071.14062
[500]	eval-rmse:117699.39062
[600]	eval-rmse:116703.97656
[700]	eval-rmse:115615.61719
[735]	eval-rmse:115539.85938
{'MSE - mean': 14533518446.039274, 'MSE - std': 3479856413.205678, 'R2 - mean': 0.8960141805734497, 'R2 - std': 0.0237503350742864}
[0]	eval-rmse:595209.75000
[100]	eval-rmse:129437.02344
[200]	eval-rmse:120934.17969
[300]	eval-rmse:118028.85156
[400]	eval-rmse:116612.32812
[500]	eval-rmse:115654.92188
[528]	eval-rmse:115589.16406
{'MSE - mean': 14240352683.414373, 'MSE - std': 3056123195.409968, 'R2 - mean': 0.8944421097465105, 'R2 - std': 0.020747844036439055}
[0]	eval-rmse:610798.62500
[100]	eval-rmse:139666.25000
[200]	eval-rmse:133573.10938
[300]	eval-rmse:131163.50000
[400]	eval-rmse:129209.99219
[500]	eval-rmse:128299.92188
[516]	eval-rmse:128437.57031
{'MSE - mean': 14691524023.767645, 'MSE - std': 2878564486.309614, 'R2 - mean': 0.8909148269677646, 'R2 - std': 0.01985309348522966}
Trial 12 finished with value: 14691524023.767645 and parameters: {'max_depth': 3, 'alpha': 4.438558768103088e-08, 'lambda': 2.2581707971864477e-06, 'eta': 0.08058511433744503}. Best is trial 10 with value: 14293767356.961292.
[0]	eval-rmse:587143.00000
[100]	eval-rmse:111299.58594
[200]	eval-rmse:105022.94531
[300]	eval-rmse:102339.78906
[400]	eval-rmse:101500.34375
[500]	eval-rmse:100752.34375
[600]	eval-rmse:100298.23438
[647]	eval-rmse:100389.17969
{'MSE - mean': 10077988125.494778, 'MSE - std': 0.0, 'R2 - mean': 0.9215216130133781, 'R2 - std': 0.0}
[0]	eval-rmse:593260.06250
[100]	eval-rmse:141351.20312
[200]	eval-rmse:139028.81250
[248]	eval-rmse:138154.15625
{'MSE - mean': 14575502800.94887, 'MSE - std': 4497514675.454092, 'R2 - mean': 0.8926764656746575, 'R2 - std': 0.028845147338720567}
[0]	eval-rmse:609144.75000
[100]	eval-rmse:123845.07031
[200]	eval-rmse:118789.37500
[300]	eval-rmse:116857.15625
[400]	eval-rmse:114941.96875
[410]	eval-rmse:115021.35938
{'MSE - mean': 14126972938.104828, 'MSE - std': 3726586943.349425, 'R2 - mean': 0.8990940907304706, 'R2 - std': 0.025240183029757706}
[0]	eval-rmse:581956.68750
[100]	eval-rmse:122015.61719
[173]	eval-rmse:118341.24219
{'MSE - mean': 14096392337.455761, 'MSE - std': 3227753584.79624, 'R2 - mean': 0.8954236481615278, 'R2 - std': 0.02276437074657405}
[0]	eval-rmse:597312.12500
[100]	eval-rmse:132339.71875
[200]	eval-rmse:129136.81250
[300]	eval-rmse:127848.84375
[364]	eval-rmse:127579.77344
{'MSE - mean': 14532433329.561886, 'MSE - std': 3015831817.3465114, 'R2 - mean': 0.89202807194393, 'R2 - std': 0.021463760429804593}
Trial 13 finished with value: 14532433329.561886 and parameters: {'max_depth': 4, 'alpha': 8.432894978417952e-08, 'lambda': 9.398187385772257e-06, 'eta': 0.10223401477266447}. Best is trial 10 with value: 14293767356.961292.
[0]	eval-rmse:590149.81250
[100]	eval-rmse:111129.51562
[200]	eval-rmse:105570.94531
[300]	eval-rmse:103615.84375
[382]	eval-rmse:102213.17969
{'MSE - mean': 10449146845.020306, 'MSE - std': 0.0, 'R2 - mean': 0.918631359794018, 'R2 - std': 0.0}
[0]	eval-rmse:596205.00000
[100]	eval-rmse:141709.32812
[200]	eval-rmse:137864.10938
[218]	eval-rmse:137975.85938
{'MSE - mean': 14740244101.57862, 'MSE - std': 4291097256.5583153, 'R2 - mean': 0.8913801089722084, 'R2 - std': 0.027251250821809514}
[0]	eval-rmse:612159.87500
[100]	eval-rmse:124372.99219
[200]	eval-rmse:119709.97656
[300]	eval-rmse:117116.28906
[400]	eval-rmse:115547.76562
[500]	eval-rmse:114805.73438
[600]	eval-rmse:114267.17188
[613]	eval-rmse:114263.74219
{'MSE - mean': 14175436609.88423, 'MSE - std': 3593562593.7932057, 'R2 - mean': 0.8986383481083401, 'R2 - std': 0.024504105471328644}
[0]	eval-rmse:584935.87500
[100]	eval-rmse:123581.69531
[200]	eval-rmse:118617.78125
[300]	eval-rmse:116808.71094
[400]	eval-rmse:115618.64844
[500]	eval-rmse:115048.99219
[509]	eval-rmse:115019.96875
{'MSE - mean': 13937393941.950636, 'MSE - std': 3139309163.1604466, 'R2 - mean': 0.8966941347721978, 'R2 - std': 0.021486700193417314}
[0]	eval-rmse:600327.25000
[100]	eval-rmse:129968.41406
[200]	eval-rmse:125402.71094
[272]	eval-rmse:124246.58594
{'MSE - mean': 14237358117.93266, 'MSE - std': 2871258198.9456844, 'R2 - mean': 0.8942981691315979, 'R2 - std': 0.019806696684838282}
Trial 14 finished with value: 14237358117.93266 and parameters: {'max_depth': 4, 'alpha': 1.037163829721643e-06, 'lambda': 8.68122826816566e-06, 'eta': 0.09703479410311072}. Best is trial 14 with value: 14237358117.93266.
[0]	eval-rmse:613534.56250
[100]	eval-rmse:125394.60156
[200]	eval-rmse:124669.08594
[247]	eval-rmse:124616.66406
{'MSE - mean': 15529313582.657135, 'MSE - std': 0.0, 'R2 - mean': 0.8790715502141417, 'R2 - std': 0.0}
[0]	eval-rmse:618855.81250
[100]	eval-rmse:155942.07812
[200]	eval-rmse:155473.18750
[211]	eval-rmse:155474.56250
{'MSE - mean': 19850826802.765587, 'MSE - std': 4321513220.108454, 'R2 - mean': 0.8532485455765975, 'R2 - std': 0.025823004637544278}
[0]	eval-rmse:634857.18750
[100]	eval-rmse:140687.85938
[200]	eval-rmse:140038.78125
[274]	eval-rmse:139968.34375
{'MSE - mean': 19764262811.33518, 'MSE - std': 3530623786.755841, 'R2 - mean': 0.8586933998335814, 'R2 - std': 0.022446482755657145}
[0]	eval-rmse:607663.62500
[100]	eval-rmse:124337.05469
[200]	eval-rmse:123921.93750
[292]	eval-rmse:123878.09375
{'MSE - mean': 18659634556.094215, 'MSE - std': 3606880783.937098, 'R2 - mean': 0.8623559322191542, 'R2 - std': 0.02044812635673791}
[0]	eval-rmse:623212.81250
[100]	eval-rmse:155098.70312
[200]	eval-rmse:154582.50000
[265]	eval-rmse:154561.29688
{'MSE - mean': 19705118084.517597, 'MSE - std': 3844452421.925151, 'R2 - mean': 0.8542068672400216, 'R2 - std': 0.024497545537000166}
Trial 15 finished with value: 19705118084.517597 and parameters: {'max_depth': 12, 'alpha': 2.804667684680365e-06, 'lambda': 2.0637956570645596e-05, 'eta': 0.05357723507256971}. Best is trial 14 with value: 14237358117.93266.
[0]	eval-rmse:575331.50000
[100]	eval-rmse:107441.48438
[200]	eval-rmse:104568.74219
[300]	eval-rmse:103502.42188
[400]	eval-rmse:102891.07031
[431]	eval-rmse:103024.05469
{'MSE - mean': 10619600796.782305, 'MSE - std': 0.0, 'R2 - mean': 0.9173040163775342, 'R2 - std': 0.0}
[0]	eval-rmse:581055.62500
[100]	eval-rmse:142468.71875
[143]	eval-rmse:141654.54688
{'MSE - mean': 15342805202.20142, 'MSE - std': 4723204405.419114, 'R2 - mean': 0.8870230150861137, 'R2 - std': 0.03028100129142053}
[0]	eval-rmse:597038.43750
[100]	eval-rmse:123744.78906
[200]	eval-rmse:120160.39844
[300]	eval-rmse:118586.66406
[328]	eval-rmse:118592.14844
{'MSE - mean': 14916569091.202715, 'MSE - std': 3903305566.8521457, 'R2 - mean': 0.8934740884874474, 'R2 - std': 0.026353849602404018}
[0]	eval-rmse:569683.18750
[100]	eval-rmse:118107.45312
[200]	eval-rmse:115446.81250
[300]	eval-rmse:113264.50000
[400]	eval-rmse:112070.58594
[446]	eval-rmse:111892.14844
{'MSE - mean': 14316491671.15611, 'MSE - std': 3536541317.631335, 'R2 - mean': 0.8942797633896694, 'R2 - std': 0.022865724956664054}
[0]	eval-rmse:585481.81250
[100]	eval-rmse:124661.90625
[200]	eval-rmse:121361.89844
[300]	eval-rmse:119937.34375
[348]	eval-rmse:119812.32812
{'MSE - mean': 14323801895.438736, 'MSE - std': 3163212504.8069587, 'R2 - mean': 0.8939859994189874, 'R2 - std': 0.02046016352126568}
