Trial 49 finished with value: 4.966575654320999 and parameters: {'max_depth': 6, 'alpha': 0.07906536796882664, 'lambda': 0.012576246831387538, 'eta': 0.2822906292488535}. Best is trial 32 with value: 4.547322277017564.
[0]	train-rmse:9.67919	eval-rmse:9.79887
[100]	train-rmse:0.92806	eval-rmse:2.33986
[200]	train-rmse:0.39018	eval-rmse:2.26387
[225]	train-rmse:0.35102	eval-rmse:2.26693
Saved Losses
{'MSE - mean': 5.140088160742062, 'MSE - std': 0.0, 'R2 - mean': 0.5312409443550847, 'R2 - std': 0.0} 
 

[0]	train-rmse:9.72466	eval-rmse:9.61439
[100]	train-rmse:0.94112	eval-rmse:2.25735
[184]	train-rmse:0.42712	eval-rmse:2.19493
Saved Losses
{'MSE - mean': 4.9789063427022455, 'MSE - std': 0.1611818180398168, 'R2 - mean': 0.5088440323806587, 'R2 - std': 0.02239691197442606} 
 

[0]	train-rmse:9.70332	eval-rmse:9.70019
[100]	train-rmse:0.90042	eval-rmse:2.26004
[160]	train-rmse:0.44405	eval-rmse:2.21929
Saved Losses
{'MSE - mean': 4.961011539991801, 'MSE - std': 0.13401554725418463, 'R2 - mean': 0.5110175537605653, 'R2 - std': 0.018543538884778225} 
 

[0]	train-rmse:9.72753	eval-rmse:9.59957
[100]	train-rmse:0.92814	eval-rmse:2.20382
[175]	train-rmse:0.42887	eval-rmse:2.13156
Saved Losses
{'MSE - mean': 4.856649621977374, 'MSE - std': 0.2148123715578979, 'R2 - mean': 0.5118131256399399, 'R2 - std': 0.016118186300704447} 
 

[0]	train-rmse:9.67450	eval-rmse:9.81860
[100]	train-rmse:0.92686	eval-rmse:2.47718
[200]	train-rmse:0.38882	eval-rmse:2.40101
[204]	train-rmse:0.38288	eval-rmse:2.40128
Saved Losses
{'MSE - mean': 5.0385495414579, 'MSE - std': 0.4114192591597415, 'R2 - mean': 0.5140787557586691, 'R2 - std': 0.015111884827477537} 
 

Results After CV: {'MSE - mean': 5.0385495414579, 'MSE - std': 0.4114192591597415, 'R2 - mean': 0.5140787557586691, 'R2 - std': 0.015111884827477537}
Train time: 4.242501115600009
Inference time: 0.062414737600011
Finished cross validation
Trial 50 finished with value: 5.0385495414579 and parameters: {'max_depth': 11, 'alpha': 0.024730741860142357, 'lambda': 0.2312640217857727, 'eta': 0.028013075671918127}. Best is trial 32 with value: 4.547322277017564.
[0]	train-rmse:9.42279	eval-rmse:9.53848
[100]	train-rmse:1.84892	eval-rmse:2.14207
[147]	train-rmse:1.76613	eval-rmse:2.13845
Saved Losses
{'MSE - mean': 4.572960800910128, 'MSE - std': 0.0, 'R2 - mean': 0.5829610855883886, 'R2 - std': 0.0} 
 

[0]	train-rmse:9.46715	eval-rmse:9.34979
[100]	train-rmse:1.87933	eval-rmse:2.02286
[129]	train-rmse:1.82166	eval-rmse:2.02720
Saved Losses
{'MSE - mean': 4.341247554389695, 'MSE - std': 0.23171324652043257, 'R2 - mean': 0.5724494248056127, 'R2 - std': 0.010511660782775933} 
 

[0]	train-rmse:9.44556	eval-rmse:9.44158
[100]	train-rmse:1.86435	eval-rmse:2.16818
[200]	train-rmse:1.69113	eval-rmse:2.14495
[214]	train-rmse:1.67026	eval-rmse:2.14705
Saved Losses
{'MSE - mean': 4.430886817081493, 'MSE - std': 0.22773759880006125, 'R2 - mean': 0.5637548677227603, 'R2 - std': 0.01499513212152722} 
 

[0]	train-rmse:9.46936	eval-rmse:9.33678
[100]	train-rmse:1.86047	eval-rmse:2.08271
[129]	train-rmse:1.80482	eval-rmse:2.08635
Saved Losses
{'MSE - mean': 4.411282828153448, 'MSE - std': 0.20012810791112287, 'R2 - mean': 0.556474051465137, 'R2 - std': 0.018101694579192244} 
 

[0]	train-rmse:9.41742	eval-rmse:9.56685
[100]	train-rmse:1.82179	eval-rmse:2.31746
[166]	train-rmse:1.70695	eval-rmse:2.30673
Saved Losses
{'MSE - mean': 4.593230186624027, 'MSE - std': 0.40553714093601134, 'R2 - mean': 0.5571699119357938, 'R2 - std': 0.016250352749684453} 
 

Results After CV: {'MSE - mean': 4.593230186624027, 'MSE - std': 0.40553714093601134, 'R2 - mean': 0.5571699119357938, 'R2 - std': 0.016250352749684453}
Train time: 0.48110039900000173
Inference time: 0.08008014619999812
Finished cross validation
Trial 51 finished with value: 4.593230186624027 and parameters: {'max_depth': 4, 'alpha': 0.0003241839594593642, 'lambda': 0.002438529310162044, 'eta': 0.055638198151842615}. Best is trial 32 with value: 4.547322277017564.
[0]	train-rmse:9.58482	eval-rmse:9.70048
[100]	train-rmse:1.94007	eval-rmse:2.17490
[200]	train-rmse:1.78649	eval-rmse:2.13535
[237]	train-rmse:1.74483	eval-rmse:2.13952
Saved Losses
{'MSE - mean': 4.577562865749369, 'MSE - std': 0.0, 'R2 - mean': 0.5825413924818508, 'R2 - std': 0.0} 
 

[0]	train-rmse:9.62985	eval-rmse:9.51265
[100]	train-rmse:1.96621	eval-rmse:2.03091
[166]	train-rmse:1.85640	eval-rmse:2.00983
Saved Losses
{'MSE - mean': 4.311670043858903, 'MSE - std': 0.2658928218904668, 'R2 - mean': 0.5756377213893438, 'R2 - std': 0.006903671092507002} 
 

[0]	train-rmse:9.60826	eval-rmse:9.60294
[100]	train-rmse:1.93584	eval-rmse:2.17731
[200]	train-rmse:1.79400	eval-rmse:2.13919
[240]	train-rmse:1.74553	eval-rmse:2.13955
Saved Losses
{'MSE - mean': 4.4003416888484645, 'MSE - std': 0.25071494385502174, 'R2 - mean': 0.5669457405605175, 'R2 - std': 0.013523122586630779} 
 

[0]	train-rmse:9.63227	eval-rmse:9.50000
[100]	train-rmse:1.96243	eval-rmse:2.08721
[138]	train-rmse:1.87926	eval-rmse:2.08098
Saved Losses
{'MSE - mean': 4.3828713974848785, 'MSE - std': 0.2192239050495082, 'R2 - mean': 0.5594555452250634, 'R2 - std': 0.017477563098428833} 
 

[0]	train-rmse:9.57966	eval-rmse:9.72585
[100]	train-rmse:1.91134	eval-rmse:2.33031
[191]	train-rmse:1.76277	eval-rmse:2.30749
Saved Losses
{'MSE - mean': 4.571196958443947, 'MSE - std': 0.4246332112286048, 'R2 - mean': 0.5594975548804495, 'R2 - std': 0.01563263345480318} 
 

Results After CV: {'MSE - mean': 4.571196958443947, 'MSE - std': 0.4246332112286048, 'R2 - mean': 0.5594975548804495, 'R2 - std': 0.01563263345480318}
Train time: 0.4469210914000087
Inference time: 0.039006296399998065
Finished cross validation
Trial 52 finished with value: 4.571196958443947 and parameters: {'max_depth': 4, 'alpha': 0.002305843961433307, 'lambda': 0.0006109099602999991, 'eta': 0.03839018630407779}. Best is trial 32 with value: 4.547322277017564.
[0]	train-rmse:9.74158	eval-rmse:9.85723
[100]	train-rmse:2.31048	eval-rmse:2.47299
[200]	train-rmse:1.90854	eval-rmse:2.16028
[300]	train-rmse:1.82111	eval-rmse:2.13503
[381]	train-rmse:1.77083	eval-rmse:2.13214
Saved Losses
{'MSE - mean': 4.546010661439086, 'MSE - std': 0.0, 'R2 - mean': 0.5854188492556407, 'R2 - std': 0.0} 
 

[0]	train-rmse:9.78726	eval-rmse:9.67021
[100]	train-rmse:2.34279	eval-rmse:2.28084
[200]	train-rmse:1.93223	eval-rmse:2.01567
[244]	train-rmse:1.89350	eval-rmse:2.01488
Saved Losses
{'MSE - mean': 4.302868361926945, 'MSE - std': 0.24314229951213973, 'R2 - mean': 0.5763330005460516, 'R2 - std': 0.009085848709589062} 
 

[0]	train-rmse:9.76565	eval-rmse:9.75906
[100]	train-rmse:2.30567	eval-rmse:2.44731
[200]	train-rmse:1.91194	eval-rmse:2.16989
[300]	train-rmse:1.83405	eval-rmse:2.15467
[400]	train-rmse:1.76435	eval-rmse:2.13952
[482]	train-rmse:1.71055	eval-rmse:2.13797
Saved Losses
{'MSE - mean': 4.392466789099488, 'MSE - std': 0.2355161880740981, 'R2 - mean': 0.5676067571765616, 'R2 - std': 0.014398949424738012} 
 

[0]	train-rmse:9.78988	eval-rmse:9.65792
[100]	train-rmse:2.33118	eval-rmse:2.33522
[200]	train-rmse:1.92515	eval-rmse:2.08093
[225]	train-rmse:1.89745	eval-rmse:2.08244
Saved Losses
{'MSE - mean': 4.3784895860320425, 'MSE - std': 0.2053947242518202, 'R2 - mean': 0.559788321981772, 'R2 - std': 0.018408723342141324} 
 

[0]	train-rmse:9.73662	eval-rmse:9.87970
[100]	train-rmse:2.27643	eval-rmse:2.61588
[200]	train-rmse:1.87528	eval-rmse:2.31920
[300]	train-rmse:1.79215	eval-rmse:2.29975
[383]	train-rmse:1.73829	eval-rmse:2.29592
Saved Losses
{'MSE - mean': 4.557495405761725, 'MSE - std': 0.40239523877497296, 'R2 - mean': 0.5606069908345439, 'R2 - std': 0.01654647245886551} 
 

Results After CV: {'MSE - mean': 4.557495405761725, 'MSE - std': 0.40239523877497296, 'R2 - mean': 0.5606069908345439, 'R2 - std': 0.01654647245886551}
Train time: 0.709213082000008
Inference time: 0.05050796820000869
Finished cross validation
Trial 53 finished with value: 4.557495405761725 and parameters: {'max_depth': 4, 'alpha': 0.006382039022983476, 'lambda': 0.00401499851052192, 'eta': 0.02172092628374264}. Best is trial 32 with value: 4.547322277017564.
[0]	train-rmse:9.72924	eval-rmse:9.84548
[100]	train-rmse:2.12610	eval-rmse:2.38879
[200]	train-rmse:1.73370	eval-rmse:2.14152
[300]	train-rmse:1.63356	eval-rmse:2.12161
[369]	train-rmse:1.56907	eval-rmse:2.11842
Saved Losses
{'MSE - mean': 4.4875250692397755, 'MSE - std': 0.0, 'R2 - mean': 0.5907525420077555, 'R2 - std': 0.0} 
 

[0]	train-rmse:9.77492	eval-rmse:9.65865
[100]	train-rmse:2.15289	eval-rmse:2.23327
[200]	train-rmse:1.76523	eval-rmse:2.03764
[263]	train-rmse:1.69909	eval-rmse:2.03224
Saved Losses
{'MSE - mean': 4.309406928867901, 'MSE - std': 0.178118140371875, 'R2 - mean': 0.5751856765744213, 'R2 - std': 0.015566865433334187} 
 

[0]	train-rmse:9.75322	eval-rmse:9.74655
[100]	train-rmse:2.12329	eval-rmse:2.35798
[200]	train-rmse:1.74211	eval-rmse:2.13859
[247]	train-rmse:1.68633	eval-rmse:2.13566
Saved Losses
{'MSE - mean': 4.393013872961487, 'MSE - std': 0.18743253938691135, 'R2 - mean': 0.5672169664877257, 'R2 - std': 0.016986824713228998} 
 

[0]	train-rmse:9.77743	eval-rmse:9.64632
[100]	train-rmse:2.14935	eval-rmse:2.26116
[200]	train-rmse:1.75436	eval-rmse:2.06006
[211]	train-rmse:1.73823	eval-rmse:2.06001
Saved Losses
{'MSE - mean': 4.355667577428562, 'MSE - std': 0.174735385614555, 'R2 - mean': 0.5619799905913094, 'R2 - std': 0.01728270551729118} 
 

[0]	train-rmse:9.72418	eval-rmse:9.86771
[100]	train-rmse:2.10144	eval-rmse:2.53051
[200]	train-rmse:1.71537	eval-rmse:2.32366
[257]	train-rmse:1.65053	eval-rmse:2.32134
Saved Losses
{'MSE - mean': 4.562261459178287, 'MSE - std': 0.44175795623210984, 'R2 - mean': 0.5604562762692258, 'R2 - std': 0.015755644999149252} 
 

Results After CV: {'MSE - mean': 4.562261459178287, 'MSE - std': 0.44175795623210984, 'R2 - mean': 0.5604562762692258, 'R2 - std': 0.015755644999149252}
Train time: 0.71776372019998
Inference time: 0.07265551860000415
Finished cross validation
Trial 54 finished with value: 4.562261459178287 and parameters: {'max_depth': 5, 'alpha': 0.005962890789872135, 'lambda': 0.12016173075590277, 'eta': 0.0229433483573313}. Best is trial 32 with value: 4.547322277017564.
[0]	train-rmse:9.76788	eval-rmse:9.88353
[100]	train-rmse:2.51751	eval-rmse:2.67114
[200]	train-rmse:1.94538	eval-rmse:2.17772
[300]	train-rmse:1.85240	eval-rmse:2.14160
[400]	train-rmse:1.78959	eval-rmse:2.13242
[458]	train-rmse:1.75694	eval-rmse:2.12984
Saved Losses
{'MSE - mean': 4.538061012804109, 'MSE - std': 0.0, 'R2 - mean': 0.586143830942784, 'R2 - std': 0.0} 
 

[0]	train-rmse:9.81368	eval-rmse:9.69665
[100]	train-rmse:2.54560	eval-rmse:2.46744
[200]	train-rmse:1.97140	eval-rmse:2.03411
[259]	train-rmse:1.90944	eval-rmse:2.02109
Saved Losses
{'MSE - mean': 4.31144130947088, 'MSE - std': 0.22661970333322845, 'R2 - mean': 0.5753579420260322, 'R2 - std': 0.010785888916751807} 
 

[0]	train-rmse:9.79206	eval-rmse:9.78526
[100]	train-rmse:2.51405	eval-rmse:2.62932
[200]	train-rmse:1.94332	eval-rmse:2.18204
[300]	train-rmse:1.85257	eval-rmse:2.15619
[400]	train-rmse:1.79543	eval-rmse:2.14768
[497]	train-rmse:1.73683	eval-rmse:2.14337
Saved Losses
{'MSE - mean': 4.405605648663919, 'MSE - std': 0.22797259815721296, 'R2 - mean': 0.5662262494399602, 'R2 - std': 0.015631140461358346} 
 

[0]	train-rmse:9.81633	eval-rmse:9.68442
[100]	train-rmse:2.53487	eval-rmse:2.51351
[200]	train-rmse:1.96552	eval-rmse:2.08893
[252]	train-rmse:1.90159	eval-rmse:2.08124
Saved Losses
{'MSE - mean': 4.387638406037896, 'MSE - std': 0.19986769262604634, 'R2 - mean': 0.5588283548513562, 'R2 - std': 0.018639633771196443} 
 

[0]	train-rmse:9.76296	eval-rmse:9.90553
[100]	train-rmse:2.48340	eval-rmse:2.80509
[200]	train-rmse:1.92291	eval-rmse:2.33765
[300]	train-rmse:1.82634	eval-rmse:2.31520
[368]	train-rmse:1.77646	eval-rmse:2.31139
Saved Losses
{'MSE - mean': 4.578618594244153, 'MSE - std': 0.42172432321804515, 'R2 - mean': 0.5586974197234158, 'R2 - std': 0.016673851796461924} 
 

Results After CV: {'MSE - mean': 4.578618594244153, 'MSE - std': 0.42172432321804515, 'R2 - mean': 0.5586974197234158, 'R2 - std': 0.016673851796461924}
Train time: 0.6319942844000025
Inference time: 0.013702333000003364
Finished cross validation
Trial 55 finished with value: 4.578618594244153 and parameters: {'max_depth': 4, 'alpha': 0.00892151679254585, 'lambda': 0.005155285173640432, 'eta': 0.01892541782978232}. Best is trial 32 with value: 4.547322277017564.
[0]	train-rmse:9.81766	eval-rmse:9.93280
[100]	train-rmse:3.28676	eval-rmse:3.40140
[200]	train-rmse:2.21497	eval-rmse:2.34249
[300]	train-rmse:2.06119	eval-rmse:2.21726
[400]	train-rmse:2.00782	eval-rmse:2.18965
[499]	train-rmse:1.96989	eval-rmse:2.17003
Saved Losses
{'MSE - mean': 4.709028995740212, 'MSE - std': 0.0, 'R2 - mean': 0.5705521158358833, 'R2 - std': 0.0} 
 

[0]	train-rmse:9.86381	eval-rmse:9.74639
[100]	train-rmse:3.32739	eval-rmse:3.18951
[200]	train-rmse:2.25072	eval-rmse:2.14612
[300]	train-rmse:2.09646	eval-rmse:2.04352
[400]	train-rmse:2.04042	eval-rmse:2.02059
[499]	train-rmse:2.00118	eval-rmse:2.01485
Saved Losses
{'MSE - mean': 4.384320293633094, 'MSE - std': 0.324708702107118, 'R2 - mean': 0.5689057349378743, 'R2 - std': 0.0016463808980089478} 
 

[0]	train-rmse:9.84225	eval-rmse:9.83423
[100]	train-rmse:3.29527	eval-rmse:3.33767
[200]	train-rmse:2.21350	eval-rmse:2.31871
[300]	train-rmse:2.06034	eval-rmse:2.20994
[400]	train-rmse:2.01086	eval-rmse:2.18736
[499]	train-rmse:1.97746	eval-rmse:2.17765
Saved Losses
{'MSE - mean': 4.503594636697039, 'MSE - std': 0.3142343583634103, 'R2 - mean': 0.5570635875322543, 'R2 - std': 0.016801189156140716} 
 

[0]	train-rmse:9.86645	eval-rmse:9.73462
[100]	train-rmse:3.30966	eval-rmse:3.20030
[200]	train-rmse:2.23332	eval-rmse:2.19453
[300]	train-rmse:2.08593	eval-rmse:2.09952
[400]	train-rmse:2.03269	eval-rmse:2.08538
[495]	train-rmse:1.99607	eval-rmse:2.08349
Saved Losses
{'MSE - mean': 4.46292376139199, 'MSE - std': 0.28110457889597695, 'R2 - mean': 0.5517645842646135, 'R2 - std': 0.017203147232024665} 
 

[0]	train-rmse:9.81275	eval-rmse:9.95441
[100]	train-rmse:3.25906	eval-rmse:3.53491
[200]	train-rmse:2.17677	eval-rmse:2.51465
[300]	train-rmse:2.02971	eval-rmse:2.37252
[400]	train-rmse:1.97772	eval-rmse:2.34470
[499]	train-rmse:1.93912	eval-rmse:2.33383
Saved Losses
{'MSE - mean': 4.659694793275122, 'MSE - std': 0.46700233765414595, 'R2 - mean': 0.5513222872727074, 'R2 - std': 0.015412369261913342} 
 

Results After CV: {'MSE - mean': 4.659694793275122, 'MSE - std': 0.46700233765414595, 'R2 - mean': 0.5513222872727074, 'R2 - std': 0.015412369261913342}
Train time: 0.672716094000009
Inference time: 0.041039442600003896
Finished cross validation
Trial 56 finished with value: 4.659694793275122 and parameters: {'max_depth': 3, 'alpha': 0.025591638608775856, 'lambda': 0.023708504681860604, 'eta': 0.013732386030657845}. Best is trial 32 with value: 4.547322277017564.
[0]	train-rmse:9.73850	eval-rmse:9.85428
[100]	train-rmse:2.18940	eval-rmse:2.44472
[200]	train-rmse:1.75588	eval-rmse:2.15332
[300]	train-rmse:1.65926	eval-rmse:2.12964
[328]	train-rmse:1.63474	eval-rmse:2.12871
Saved Losses
{'MSE - mean': 4.531611827917526, 'MSE - std': 0.0, 'R2 - mean': 0.5867319752941209, 'R2 - std': 0.0} 
 

[0]	train-rmse:9.78430	eval-rmse:9.66868
[100]	train-rmse:2.21949	eval-rmse:2.27471
[200]	train-rmse:1.78379	eval-rmse:2.03020
[280]	train-rmse:1.70723	eval-rmse:2.02543
Saved Losses
{'MSE - mean': 4.316143564257635, 'MSE - std': 0.21546826365989213, 'R2 - mean': 0.5748070395253259, 'R2 - std': 0.011924935768795053} 
 

[0]	train-rmse:9.76266	eval-rmse:9.75495
[100]	train-rmse:2.18531	eval-rmse:2.39908
[200]	train-rmse:1.75380	eval-rmse:2.15500
[300]	train-rmse:1.66135	eval-rmse:2.14373
[342]	train-rmse:1.62344	eval-rmse:2.14350
Saved Losses
{'MSE - mean': 4.409728760355532, 'MSE - std': 0.22015318822834062, 'R2 - mean': 0.5657617361209099, 'R2 - std': 0.016075999380519707} 
 

[0]	train-rmse:9.78683	eval-rmse:9.65541
[100]	train-rmse:2.21188	eval-rmse:2.30764
[200]	train-rmse:1.77598	eval-rmse:2.06260
[240]	train-rmse:1.72268	eval-rmse:2.06168
Saved Losses
{'MSE - mean': 4.369922242390443, 'MSE - std': 0.20274182186426723, 'R2 - mean': 0.5607048249849113, 'R2 - std': 0.016448263366508134} 
 

[0]	train-rmse:9.73349	eval-rmse:9.87572
[100]	train-rmse:2.15979	eval-rmse:2.57712
[200]	train-rmse:1.73061	eval-rmse:2.32689
[300]	train-rmse:1.63221	eval-rmse:2.31922
[338]	train-rmse:1.59935	eval-rmse:2.31930
Saved Losses
{'MSE - mean': 4.571773258483991, 'MSE - std': 0.44255929304248537, 'R2 - mean': 0.5595926060193335, 'R2 - std': 0.014878992517263207} 
 

Results After CV: {'MSE - mean': 4.571773258483991, 'MSE - std': 0.44255929304248537, 'R2 - mean': 0.5595926060193335, 'R2 - std': 0.014878992517263207}
Train time: 0.8206830253999783
Inference time: 0.044413322599996266
Finished cross validation
Trial 57 finished with value: 4.571773258483991 and parameters: {'max_depth': 5, 'alpha': 6.58414197183472e-06, 'lambda': 0.39559680818650994, 'eta': 0.02201434587969792}. Best is trial 32 with value: 4.547322277017564.
[0]	train-rmse:9.77394	eval-rmse:9.88959
[100]	train-rmse:2.57806	eval-rmse:2.72542
[200]	train-rmse:1.96079	eval-rmse:2.18447
[300]	train-rmse:1.85998	eval-rmse:2.14058
[400]	train-rmse:1.79753	eval-rmse:2.12774
[456]	train-rmse:1.76988	eval-rmse:2.12752
Saved Losses
{'MSE - mean': 4.525031526720373, 'MSE - std': 0.0, 'R2 - mean': 0.5873320770197284, 'R2 - std': 0.0} 
 

[0]	train-rmse:9.81976	eval-rmse:9.70274
[100]	train-rmse:2.60579	eval-rmse:2.52506
[200]	train-rmse:1.98652	eval-rmse:2.03731
[282]	train-rmse:1.90090	eval-rmse:2.01344
Saved Losses
{'MSE - mean': 4.289482480563428, 'MSE - std': 0.2355490461569456, 'R2 - mean': 0.5775983515485827, 'R2 - std': 0.009733725471145704} 
 

[0]	train-rmse:9.79815	eval-rmse:9.79129
[100]	train-rmse:2.57512	eval-rmse:2.68307
[200]	train-rmse:1.96031	eval-rmse:2.18688
[300]	train-rmse:1.87130	eval-rmse:2.16198
[400]	train-rmse:1.81414	eval-rmse:2.14712
[448]	train-rmse:1.78615	eval-rmse:2.14408
Saved Losses
{'MSE - mean': 4.392015213516946, 'MSE - std': 0.24086266782297283, 'R2 - mean': 0.5676166568007139, 'R2 - std': 0.016199755176473624} 
 

[0]	train-rmse:9.82242	eval-rmse:9.69052
[100]	train-rmse:2.59584	eval-rmse:2.56787
[200]	train-rmse:1.97731	eval-rmse:2.09225
[269]	train-rmse:1.89672	eval-rmse:2.08083
Saved Losses
{'MSE - mean': 4.376474578914288, 'MSE - std': 0.2103227342316085, 'R2 - mean': 0.5599749802672017, 'R2 - std': 0.019287553280853353} 
 

[0]	train-rmse:9.76902	eval-rmse:9.91147
[100]	train-rmse:2.54601	eval-rmse:2.86241
[200]	train-rmse:1.93547	eval-rmse:2.34496
[300]	train-rmse:1.83326	eval-rmse:2.31755
[378]	train-rmse:1.77940	eval-rmse:2.31349
Saved Losses
{'MSE - mean': 4.57156982957485, 'MSE - std': 0.4331710393700817, 'R2 - mean': 0.5594590546847801, 'R2 - std': 0.017282143561369753} 
 

Results After CV: {'MSE - mean': 4.57156982957485, 'MSE - std': 0.4331710393700817, 'R2 - mean': 0.5594590546847801, 'R2 - std': 0.017282143561369753}
Train time: 0.7473503272000016
Inference time: 0.0244811254000183
Finished cross validation
Trial 58 finished with value: 4.57156982957485 and parameters: {'max_depth': 4, 'alpha': 0.23660706639710757, 'lambda': 0.01186119991940116, 'eta': 0.018284200800483163}. Best is trial 32 with value: 4.547322277017564.
[0]	train-rmse:9.70452	eval-rmse:9.82129
[100]	train-rmse:2.01639	eval-rmse:2.29757
[200]	train-rmse:1.69900	eval-rmse:2.13377
[300]	train-rmse:1.59002	eval-rmse:2.12597
[304]	train-rmse:1.58613	eval-rmse:2.12639
Saved Losses
{'MSE - mean': 4.522685984846093, 'MSE - std': 0.0, 'R2 - mean': 0.5875459826881877, 'R2 - std': 0.0} 
 

[0]	train-rmse:9.75007	eval-rmse:9.63359
[100]	train-rmse:2.04010	eval-rmse:2.15270
[200]	train-rmse:1.73203	eval-rmse:2.04331
[220]	train-rmse:1.71118	eval-rmse:2.04406
Saved Losses
{'MSE - mean': 4.350435241971098, 'MSE - std': 0.17225074287499487, 'R2 - mean': 0.5710829361115155, 'R2 - std': 0.016463046576672136} 
 

[0]	train-rmse:9.72843	eval-rmse:9.72138
[100]	train-rmse:2.00856	eval-rmse:2.26882
[200]	train-rmse:1.71071	eval-rmse:2.13347
[208]	train-rmse:1.69860	eval-rmse:2.13340
Saved Losses
{'MSE - mean': 4.41741441371225, 'MSE - std': 0.16956600831216082, 'R2 - mean': 0.5647722464524144, 'R2 - std': 0.016134978865932507} 
 

[0]	train-rmse:9.75254	eval-rmse:9.62223
[100]	train-rmse:2.03642	eval-rmse:2.18257
[200]	train-rmse:1.72138	eval-rmse:2.06346
[211]	train-rmse:1.70735	eval-rmse:2.06502
Saved Losses
{'MSE - mean': 4.37914239349522, 'MSE - std': 0.1611170877829785, 'R2 - mean': 0.5595931999630958, 'R2 - std': 0.016604840404792747} 
 

[0]	train-rmse:9.69941	eval-rmse:9.84349
[100]	train-rmse:1.98243	eval-rmse:2.44743
[200]	train-rmse:1.67759	eval-rmse:2.31679
[232]	train-rmse:1.63968	eval-rmse:2.31751
Saved Losses
{'MSE - mean': 4.57748261650544, 'MSE - std': 0.4220454347999879, 'R2 - mean': 0.5588411467654708, 'R2 - std': 0.014927790055568907} 
 

Results After CV: {'MSE - mean': 4.57748261650544, 'MSE - std': 0.4220454347999879, 'R2 - mean': 0.5588411467654708, 'R2 - std': 0.014927790055568907}
Train time: 0.6150658681999971
Inference time: 0.016119853600014267
Finished cross validation
