Trial 96 finished with value: 752861.8206023878 and parameters: {'max_depth': 5, 'alpha': 0.0028206906516724875, 'lambda': 0.0827705911753145, 'eta': 0.0788990752987597}. Best is trial 67 with value: 705242.7778670788.
[0]	eval-rmse:32096.70117
[100]	eval-rmse:950.67621
[105]	eval-rmse:953.48187
{'MSE - mean': 908808.0604096095, 'MSE - std': 0.0, 'R2 - mean': 0.9989941906353331, 'R2 - std': 0.0}
[0]	eval-rmse:28371.55664
[100]	eval-rmse:809.42181
[186]	eval-rmse:791.21002
{'MSE - mean': 767205.8435366882, 'MSE - std': 141602.21687292127, 'R2 - mean': 0.9990815446576556, 'R2 - std': 8.735402232251666e-05}
[0]	eval-rmse:26509.28125
[100]	eval-rmse:884.13306
[200]	eval-rmse:866.72247
[205]	eval-rmse:868.32221
{'MSE - mean': 762798.3871528086, 'MSE - std': 115785.6204044159, 'R2 - mean': 0.999016084796577, 'R2 - std': 0.00011686375387090529}
[0]	eval-rmse:31794.25781
[100]	eval-rmse:848.71356
[102]	eval-rmse:847.48529
{'MSE - mean': 751604.077817226, 'MSE - std': 102130.65212671833, 'R2 - mean': 0.9990611567057407, 'R2 - std': 0.00012781738423851485}
[0]	eval-rmse:30796.04883
[100]	eval-rmse:777.84503
[151]	eval-rmse:769.90167
{'MSE - mean': 719732.4605223086, 'MSE - std': 111390.01768128826, 'R2 - mean': 0.9991098865828884, 'R2 - std': 0.00015022726343167004}
Trial 97 finished with value: 719732.4605223086 and parameters: {'max_depth': 4, 'alpha': 0.027187875556320663, 'lambda': 0.2500240788696943, 'eta': 0.07020375887814335}. Best is trial 67 with value: 705242.7778670788.
[0]	eval-rmse:27839.91992
[50]	eval-rmse:965.42218
{'MSE - mean': 932862.1893885502, 'MSE - std': 0.0, 'R2 - mean': 0.9989675690974751, 'R2 - std': 0.0}
[0]	eval-rmse:24612.32617
[66]	eval-rmse:788.07904
{'MSE - mean': 776965.3745729949, 'MSE - std': 155896.8148155553, 'R2 - mean': 0.9990712462594448, 'R2 - std': 0.00010367716196968413}
[0]	eval-rmse:22999.81641
[53]	eval-rmse:881.31378
{'MSE - mean': 777988.627232375, 'MSE - std': 127297.4417330014, 'R2 - mean': 0.9989963792618917, 'R2 - std': 0.00013555848893108893}
[0]	eval-rmse:27581.08984
[57]	eval-rmse:830.30890
{'MSE - mean': 754439.4526736205, 'MSE - std': 117546.4583516714, 'R2 - mean': 0.999055955108759, 'R2 - std': 0.00015630074385880732}
[0]	eval-rmse:26713.21680
[91]	eval-rmse:751.48492
{'MSE - mean': 716465.2856342961, 'MSE - std': 129699.21104671004, 'R2 - mean': 0.9991122229910608, 'R2 - std': 0.00017946653264486732}
Trial 98 finished with value: 716465.2856342961 and parameters: {'max_depth': 4, 'alpha': 0.011871022217917457, 'lambda': 0.6377390607268913, 'eta': 0.19417970413631605}. Best is trial 67 with value: 705242.7778670788.
[0]	eval-rmse:31614.97266
[87]	eval-rmse:1003.73804
{'MSE - mean': 1007100.5467728894, 'MSE - std': 0.0, 'R2 - mean': 0.9988854069354879, 'R2 - std': 0.0}
[0]	eval-rmse:27946.25977
[100]	eval-rmse:841.11676
[185]	eval-rmse:837.29846
{'MSE - mean': 854084.6483297952, 'MSE - std': 153015.89844309422, 'R2 - mean': 0.998977025889623, 'R2 - std': 9.161895413511978e-05}
[0]	eval-rmse:26112.38477
[100]	eval-rmse:867.36182
[116]	eval-rmse:868.74109
{'MSE - mean': 822256.8312510239, 'MSE - std': 132797.8287883415, 'R2 - mean': 0.9989441297065781, 'R2 - std': 8.809278946500008e-05}
[0]	eval-rmse:31317.77148
[100]	eval-rmse:846.30810
[102]	eval-rmse:843.69165
{'MSE - mean': 794646.525685595, 'MSE - std': 124552.93821673703, 'R2 - mean': 0.9990089267380942, 'R2 - std': 0.00013570637621964434}
[0]	eval-rmse:30334.11523
[100]	eval-rmse:778.04706
[151]	eval-rmse:766.85797
{'MSE - mean': 753331.4569604205, 'MSE - std': 138702.87361767757, 'R2 - mean': 0.9990690827089408, 'R2 - std': 0.00017090330526735827}
Trial 99 finished with value: 753331.4569604205 and parameters: {'max_depth': 5, 'alpha': 0.332925146248757, 'lambda': 0.3711544095190861, 'eta': 0.08423549007890477}. Best is trial 67 with value: 705242.7778670788.
Best parameters: {'max_depth': 4, 'alpha': 0.04819342960619537, 'lambda': 0.9859138870346479, 'eta': 0.10113051764067468}
[0]	eval-rmse:31046.14453
[79]	eval-rmse:929.93610
{'MSE - mean': 865895.180249588, 'MSE - std': 0.0, 'R2 - mean': 0.9990416838064548, 'R2 - std': 0.0}
[0]	eval-rmse:27443.16602
[100]	eval-rmse:810.98401
[123]	eval-rmse:810.73108
{'MSE - mean': 761589.9787764817, 'MSE - std': 104305.20147310622, 'R2 - mean': 0.9990842473705516, 'R2 - std': 4.256356409682027e-05}
[0]	eval-rmse:25642.30469
[100]	eval-rmse:868.41498
[174]	eval-rmse:863.84705
{'MSE - mean': 756415.4979520523, 'MSE - std': 85478.65546342528, 'R2 - mean': 0.999021788582418, 'R2 - std': 9.492087102416219e-05}
[0]	eval-rmse:30754.41211
[100]	eval-rmse:836.52032
[105]	eval-rmse:837.14856
{'MSE - mean': 742516.0577666614, 'MSE - std': 77843.00686174704, 'R2 - mean': 0.9990702481695569, 'R2 - std': 0.00011748392900320259}
[0]	eval-rmse:29788.16016
[100]	eval-rmse:755.65045
[176]	eval-rmse:745.81165
{'MSE - mean': 705242.7778670788, 'MSE - std': 102004.00262594078, 'R2 - mean': 0.9991256339188119, 'R2 - std': 0.00015268367215058232}
Results: {'MSE - mean': 705242.7778670788, 'MSE - std': 102004.00262594078, 'R2 - mean': 0.9991256339188119, 'R2 - std': 0.00015268367215058232}
Train time: 0.4529963188000011
Inference time: 0.008460066799966626
