Trial 81 finished with value: 22335419.91575613 and parameters: {'max_depth': 10, 'alpha': 0.46910050800432046, 'lambda': 0.16898051842466147, 'eta': 0.010996268788012496}. Best is trial 52 with value: 17402991.3123193.
[0]	eval-rmse:6823.86719
[100]	eval-rmse:2834.92041
[200]	eval-rmse:1660.03577
[300]	eval-rmse:1020.66943
[400]	eval-rmse:856.59454
[422]	eval-rmse:859.71600
{'MSE - mean': 737406.8482953659, 'MSE - std': 0.0, 'R2 - mean': 0.9640478063421078, 'R2 - std': 0.0}
[0]	eval-rmse:25288.95508
[100]	eval-rmse:7910.59228
[200]	eval-rmse:5354.16895
[300]	eval-rmse:4897.77441
[400]	eval-rmse:4840.27246
[426]	eval-rmse:4846.12647
{'MSE - mean': 12115078.654577896, 'MSE - std': 11377671.80628253, 'R2 - mean': 0.9632102838855283, 'R2 - std': 0.0008375224565795314}
[0]	eval-rmse:7203.61621
[100]	eval-rmse:3550.54614
[200]	eval-rmse:2637.99072
[240]	eval-rmse:2631.02637
{'MSE - mean': 10391285.165274797, 'MSE - std': 9604367.329944838, 'R2 - mean': 0.883950340344461, 'R2 - std': 0.11209257303456771}
[0]	eval-rmse:25255.74805
[100]	eval-rmse:7770.37988
[200]	eval-rmse:4902.43994
[300]	eval-rmse:4326.73975
[400]	eval-rmse:4191.19141
[500]	eval-rmse:4141.14893
[600]	eval-rmse:4107.93408
[631]	eval-rmse:4104.12256
{'MSE - mean': 12004189.487071581, 'MSE - std': 8774239.847998006, 'R2 - mean': 0.9061985277999105, 'R2 - std': 0.10444378503429921}
[0]	eval-rmse:9658.29004
[100]	eval-rmse:7183.02637
[200]	eval-rmse:6882.91162
[300]	eval-rmse:6789.43066
[400]	eval-rmse:6658.10986
[500]	eval-rmse:6509.23438
[600]	eval-rmse:6430.10742
[700]	eval-rmse:6398.27148
[800]	eval-rmse:6371.52002
[900]	eval-rmse:6354.17188
[943]	eval-rmse:6352.43848
{'MSE - mean': 17674047.006244183, 'MSE - std': 13790538.969852818, 'R2 - mean': 0.8019706173301664, 'R2 - std': 0.22843080499220914}
Trial 82 finished with value: 17674047.006244183 and parameters: {'max_depth': 2, 'alpha': 0.2339656143355586, 'lambda': 0.10327132398717984, 'eta': 0.01590068389346426}. Best is trial 52 with value: 17402991.3123193.
[0]	eval-rmse:6777.82666
[100]	eval-rmse:2185.34961
[200]	eval-rmse:1016.73151
[300]	eval-rmse:847.10004
[319]	eval-rmse:858.15271
{'MSE - mean': 738178.7635346553, 'MSE - std': 0.0, 'R2 - mean': 0.9640101716954612, 'R2 - std': 0.0}
[0]	eval-rmse:25091.96875
[100]	eval-rmse:5936.00195
[200]	eval-rmse:4914.05664
[241]	eval-rmse:4881.85059
{'MSE - mean': 12274009.664504072, 'MSE - std': 11535830.900969418, 'R2 - mean': 0.962937532374408, 'R2 - std': 0.001072639321053226}
[0]	eval-rmse:7160.00049
[100]	eval-rmse:2928.20190
[168]	eval-rmse:2639.42895
{'MSE - mean': 10516809.59264727, 'MSE - std': 9741274.757558223, 'R2 - mean': 0.8829946472598982, 'R2 - std': 0.11305970457066246}
[0]	eval-rmse:25058.44922
[100]	eval-rmse:5601.80615
[200]	eval-rmse:4307.36377
[300]	eval-rmse:4166.94775
[400]	eval-rmse:4117.59082
[474]	eval-rmse:4097.72559
{'MSE - mean': 12085391.276299, 'MSE - std': 8862881.637568215, 'R2 - mean': 0.9055025476245295, 'R2 - std': 0.1053882789245399}
[0]	eval-rmse:9625.75000
[100]	eval-rmse:6997.01074
[200]	eval-rmse:6787.85645
[300]	eval-rmse:6558.25391
[400]	eval-rmse:6419.41162
[500]	eval-rmse:6359.97217
[600]	eval-rmse:6340.29688
[631]	eval-rmse:6341.20703
{'MSE - mean': 17710494.350409932, 'MSE - std': 13762546.098550372, 'R2 - mean': 0.8018483553989579, 'R2 - std': 0.22773255746924773}
Trial 83 finished with value: 17710494.350409932 and parameters: {'max_depth': 2, 'alpha': 0.36777655620427074, 'lambda': 0.04360191346875271, 'eta': 0.02348672378446508}. Best is trial 52 with value: 17402991.3123193.
[0]	eval-rmse:6808.51416
[100]	eval-rmse:2589.97900
[200]	eval-rmse:1502.20190
[300]	eval-rmse:986.06317
[400]	eval-rmse:897.51794
[479]	eval-rmse:882.35724
{'MSE - mean': 778554.2319948109, 'MSE - std': 0.0, 'R2 - mean': 0.9620416699593257, 'R2 - std': 0.0}
[0]	eval-rmse:25297.84961
[100]	eval-rmse:8067.65674
[200]	eval-rmse:5342.35547
[300]	eval-rmse:4840.97949
[400]	eval-rmse:4781.70020
[408]	eval-rmse:4778.77539
{'MSE - mean': 11807622.277174888, 'MSE - std': 11029068.045180077, 'R2 - mean': 0.9627326060989267, 'R2 - std': 0.0006909361396010838}
[0]	eval-rmse:7189.06885
[100]	eval-rmse:3358.49097
[200]	eval-rmse:2452.67090
[223]	eval-rmse:2461.58252
{'MSE - mean': 9891544.693794107, 'MSE - std': 9404055.928580862, 'R2 - mean': 0.8952877439749273, 'R2 - std': 0.09538310707710922}
[0]	eval-rmse:25264.66797
[100]	eval-rmse:7920.35938
[200]	eval-rmse:4899.94678
[300]	eval-rmse:4315.04297
[400]	eval-rmse:4169.54736
[500]	eval-rmse:4117.04980
[554]	eval-rmse:4102.18213
{'MSE - mean': 11625533.293717124, 'MSE - std': 8680285.152280228, 'R2 - mean': 0.9147077666194874, 'R2 - std': 0.08919004807324721}
[0]	eval-rmse:9647.42676
[100]	eval-rmse:7104.29639
[200]	eval-rmse:6848.35498
[291]	eval-rmse:6790.98389
{'MSE - mean': 18523918.573135037, 'MSE - std': 15831258.892238362, 'R2 - mean': 0.7912107025346782, 'R2 - std': 0.25955729828019947}
Trial 84 finished with value: 18523918.573135037 and parameters: {'max_depth': 2, 'alpha': 0.002507744141933054, 'lambda': 0.33104166396546636, 'eta': 0.018431877939279088}. Best is trial 52 with value: 17402991.3123193.
[0]	eval-rmse:6781.33252
[100]	eval-rmse:1585.82947
[200]	eval-rmse:1335.32214
[260]	eval-rmse:1333.40369
{'MSE - mean': 1777965.2173125723, 'MSE - std': 0.0, 'R2 - mean': 0.9133154920413565, 'R2 - std': 0.0}
[0]	eval-rmse:25192.21484
[100]	eval-rmse:7036.26953
[200]	eval-rmse:6192.06445
[215]	eval-rmse:6195.64502
{'MSE - mean': 20081991.06675874, 'MSE - std': 18304025.849446166, 'R2 - mean': 0.9259172029177156, 'R2 - std': 0.01260171087635914}
[0]	eval-rmse:7160.05908
[100]	eval-rmse:2609.42163
[115]	eval-rmse:2641.29688
{'MSE - mean': 15713477.30933083, 'MSE - std': 16171767.572814548, 'R2 - mean': 0.8586565954586347, 'R2 - std': 0.09567574079255085}
[0]	eval-rmse:25159.66992
[100]	eval-rmse:5976.23047
[200]	eval-rmse:4483.53174
[300]	eval-rmse:4432.00830
[400]	eval-rmse:4428.92627
[500]	eval-rmse:4428.52441
[554]	eval-rmse:4428.42627
{'MSE - mean': 16687847.682788871, 'MSE - std': 14106478.74899581, 'R2 - mean': 0.8861165483396817, 'R2 - std': 0.09553812102423036}
[0]	eval-rmse:9628.41309
[100]	eval-rmse:6890.23291
[200]	eval-rmse:6819.91992
[300]	eval-rmse:6812.29053
[400]	eval-rmse:6810.66846
[500]	eval-rmse:6810.45850
[600]	eval-rmse:6810.38281
[700]	eval-rmse:6810.27686
[711]	eval-rmse:6810.27686
{'MSE - mean': 22626252.907144547, 'MSE - std': 17327804.840524822, 'R2 - mean': 0.7675379494746887, 'R2 - std': 0.25208245176967814}
Trial 85 finished with value: 22626252.907144547 and parameters: {'max_depth': 11, 'alpha': 0.06331619645531, 'lambda': 0.11905372748749646, 'eta': 0.020209936669127453}. Best is trial 52 with value: 17402991.3123193.
[0]	eval-rmse:6768.88672
[100]	eval-rmse:2062.87378
[200]	eval-rmse:957.19446
[283]	eval-rmse:844.98975
{'MSE - mean': 712153.2427737736, 'MSE - std': 0.0, 'R2 - mean': 0.96527904323443, 'R2 - std': 0.0}
[0]	eval-rmse:25064.55469
[100]	eval-rmse:5802.33936
[200]	eval-rmse:4896.99463
[245]	eval-rmse:4879.82861
{'MSE - mean': 12259497.048380466, 'MSE - std': 11547343.805606693, 'R2 - mean': 0.9635743703926186, 'R2 - std': 0.0017046728418114165}
[0]	eval-rmse:7151.53418
[100]	eval-rmse:2824.84546
[158]	eval-rmse:2655.87183
{'MSE - mean': 10524216.562587, 'MSE - std': 9742509.740240108, 'R2 - mean': 0.8827437431127508, 'R2 - std': 0.11432024267780501}
[0]	eval-rmse:25030.99219
[100]	eval-rmse:5421.32471
[200]	eval-rmse:4275.23389
[300]	eval-rmse:4158.01172
[400]	eval-rmse:4108.30518
[445]	eval-rmse:4101.46191
{'MSE - mean': 12098659.826302435, 'MSE - std': 8867016.792641241, 'R2 - mean': 0.9053019786169761, 'R2 - std': 0.10643524031835722}
[0]	eval-rmse:9619.44531
[100]	eval-rmse:6972.69824
[200]	eval-rmse:6780.05664
[300]	eval-rmse:6517.04541
[400]	eval-rmse:6393.55811
[500]	eval-rmse:6335.58008
[570]	eval-rmse:6329.79639
{'MSE - mean': 17692192.868734777, 'MSE - std': 13713119.157504434, 'R2 - mean': 0.8021285519970274, 'R2 - std': 0.2272483050482642}
Trial 86 finished with value: 17692192.868734777 and parameters: {'max_depth': 2, 'alpha': 0.12050207008065446, 'lambda': 0.05753831978034155, 'eta': 0.024961041138497148}. Best is trial 52 with value: 17402991.3123193.
[0]	eval-rmse:6813.67090
[100]	eval-rmse:2647.37842
[200]	eval-rmse:1413.34314
[300]	eval-rmse:912.86462
[400]	eval-rmse:859.05084
[407]	eval-rmse:860.21301
{'MSE - mean': 739966.4266242405, 'MSE - std': 0.0, 'R2 - mean': 0.9639230143687556, 'R2 - std': 0.0}
[0]	eval-rmse:25220.43164
[100]	eval-rmse:6902.19287
[200]	eval-rmse:5129.32568
[300]	eval-rmse:4876.40186
[358]	eval-rmse:4866.56152
{'MSE - mean': 12207218.367610827, 'MSE - std': 11467251.940986587, 'R2 - mean': 0.9630023618125115, 'R2 - std': 0.0009206525562440726}
[0]	eval-rmse:7193.95508
[100]	eval-rmse:3406.56665
[200]	eval-rmse:2630.17041
[217]	eval-rmse:2639.01660
{'MSE - mean': 10459615.043027366, 'MSE - std': 9683670.764689257, 'R2 - mean': 0.8835387494691203, 'R2 - std': 0.11238103238866014}
[0]	eval-rmse:25187.11133
[100]	eval-rmse:6729.90332
[200]	eval-rmse:4590.13574
[300]	eval-rmse:4235.09082
[400]	eval-rmse:4162.01074
[500]	eval-rmse:4121.78613
[527]	eval-rmse:4115.42285
{'MSE - mean': 12078886.917566255, 'MSE - std': 8842863.440096263, 'R2 - mean': 0.905852163871546, 'R2 - std': 0.1047176571426183}
[0]	eval-rmse:9651.07422
[100]	eval-rmse:7128.29443
[200]	eval-rmse:6847.15381
[300]	eval-rmse:6761.64160
[400]	eval-rmse:6546.65430
[500]	eval-rmse:6431.44824
[600]	eval-rmse:6374.58398
[700]	eval-rmse:6344.18262
[791]	eval-rmse:6341.52588
{'MSE - mean': 17705994.1925124, 'MSE - std': 13755520.06254799, 'R2 - mean': 0.8021173304624142, 'R2 - std': 0.22763192399932053}
Trial 87 finished with value: 17705994.1925124 and parameters: {'max_depth': 2, 'alpha': 0.661458495239042, 'lambda': 0.01649713520363441, 'eta': 0.017579270459112596}. Best is trial 52 with value: 17402991.3123193.
[0]	eval-rmse:5849.72022
[100]	eval-rmse:996.22736
[200]	eval-rmse:913.88379
[215]	eval-rmse:923.29596
{'MSE - mean': 901071.2373699867, 'MSE - std': 0.0, 'R2 - mean': 0.9560683661938187, 'R2 - std': 0.0}
[0]	eval-rmse:22576.57031
[72]	eval-rmse:4876.57275
{'MSE - mean': 12338400.29856323, 'MSE - std': 11437329.061193245, 'R2 - mean': 0.9589939467842061, 'R2 - std': 0.0029255805903873333}
[0]	eval-rmse:6286.60303
[41]	eval-rmse:2760.98291
{'MSE - mean': 10766608.825366348, 'MSE - std': 9599447.253519645, 'R2 - mean': 0.8721853972961752, 'R2 - std': 0.1227890652418165}
[0]	eval-rmse:22538.62500
[100]	eval-rmse:4099.69922
[110]	eval-rmse:4142.92480
{'MSE - mean': 12365165.656545382, 'MSE - std': 8762316.61761642, 'R2 - mean': 0.8972471361164567, 'R2 - std': 0.11485703359092696}
[0]	eval-rmse:8994.24121
[78]	eval-rmse:6716.39258
{'MSE - mean': 18914117.97297401, 'MSE - std': 15263605.72660697, 'R2 - mean': 0.7803129275125167, 'R2 - std': 0.2554371685944801}
Trial 88 finished with value: 18914117.97297401 and parameters: {'max_depth': 2, 'alpha': 0.03242166197633004, 'lambda': 0.46202498776327505, 'eta': 0.17870672801144707}. Best is trial 52 with value: 17402991.3123193.
[0]	eval-rmse:6826.25830
[100]	eval-rmse:1805.26025
[200]	eval-rmse:689.32617
[300]	eval-rmse:540.15631
[302]	eval-rmse:543.22693
{'MSE - mean': 295335.60134602385, 'MSE - std': 0.0, 'R2 - mean': 0.9856009436877249, 'R2 - std': 0.0}
[0]	eval-rmse:25348.59961
[100]	eval-rmse:8909.93066
[200]	eval-rmse:5343.05957
[300]	eval-rmse:4933.09424
[381]	eval-rmse:4910.79150
{'MSE - mean': 12205604.816985372, 'MSE - std': 11910269.21563935, 'R2 - mean': 0.9734878386320389, 'R2 - std': 0.012113105055685913}
[0]	eval-rmse:7201.29492
[100]	eval-rmse:3044.41406
[200]	eval-rmse:2720.77979
[300]	eval-rmse:2666.94214
[333]	eval-rmse:2665.12476
{'MSE - mean': 10504700.170784155, 'MSE - std': 10017775.622542595, 'R2 - mean': 0.8887037636953372, 'R2 - std': 0.12031000347077501}
[0]	eval-rmse:25315.51758
[100]	eval-rmse:8725.49805
[200]	eval-rmse:4843.43311
[300]	eval-rmse:4273.58350
[394]	eval-rmse:4224.29346
{'MSE - mean': 12339689.30163782, 'MSE - std': 9239503.593200222, 'R2 - mean': 0.909361283801279, 'R2 - std': 0.11016384212678673}
[0]	eval-rmse:9660.32910
[100]	eval-rmse:6994.88574
[200]	eval-rmse:6694.78320
[300]	eval-rmse:6618.13037
[349]	eval-rmse:6609.73779
{'MSE - mean': 18609478.835958503, 'MSE - std': 15017848.865190933, 'R2 - mean': 0.7943360145942839, 'R2 - std': 0.2502640763559069}
Trial 89 finished with value: 18609478.835958503 and parameters: {'max_depth': 5, 'alpha': 0.18417116456092802, 'lambda': 0.1950946131065478, 'eta': 0.0140672802879688}. Best is trial 52 with value: 17402991.3123193.
[0]	eval-rmse:6588.31152
[92]	eval-rmse:590.10492
{'MSE - mean': 347443.0685715315, 'MSE - std': 0.0, 'R2 - mean': 0.9830604495805108, 'R2 - std': 0.0}
[0]	eval-rmse:24862.71680
[100]	eval-rmse:5490.02441
[172]	eval-rmse:5382.89795
{'MSE - mean': 14661516.995115042, 'MSE - std': 14314073.92654351, 'R2 - mean': 0.9683258010646714, 'R2 - std': 0.014734648515839444}
[0]	eval-rmse:6974.43603
[63]	eval-rmse:2466.07178
{'MSE - mean': 11804170.972010538, 'MSE - std': 12366244.141797358, 'R2 - mean': 0.8986199396356541, 'R2 - std': 0.09931039294242874}
[0]	eval-rmse:24828.39453
[100]	eval-rmse:4453.66309
[200]	eval-rmse:4316.04248
[201]	eval-rmse:4316.36035
{'MSE - mean': 13510869.776312094, 'MSE - std': 11109971.10962563, 'R2 - mean': 0.9164826283622691, 'R2 - std': 0.09140099865656022}
[0]	eval-rmse:9492.93164
[100]	eval-rmse:6468.99365
[200]	eval-rmse:6440.74414
[300]	eval-rmse:6436.97559
[328]	eval-rmse:6436.82861
{'MSE - mean': 19095243.75235907, 'MSE - std': 14949451.403405271, 'R2 - mean': 0.8069085513308718, 'R2 - std': 0.23390003735242018}
Trial 90 finished with value: 19095243.75235907 and parameters: {'max_depth': 6, 'alpha': 0.4458696175349328, 'lambda': 0.6324634843476298, 'eta': 0.04926652662796613}. Best is trial 52 with value: 17402991.3123193.
[0]	eval-rmse:6819.83447
[100]	eval-rmse:2766.74902
[200]	eval-rmse:1572.66406
[300]	eval-rmse:988.57782
[400]	eval-rmse:863.69763
[403]	eval-rmse:861.09808
{'MSE - mean': 741489.9378157711, 'MSE - std': 0.0, 'R2 - mean': 0.9638487357401743, 'R2 - std': 0.0}
[0]	eval-rmse:25272.24023
[100]	eval-rmse:7620.22461
[200]	eval-rmse:5287.30811
[300]	eval-rmse:4882.56592
[356]	eval-rmse:4848.64600
{'MSE - mean': 12125428.125803994, 'MSE - std': 11383938.187988224, 'R2 - mean': 0.963097442167687, 'R2 - std': 0.0007512935724873215}
[0]	eval-rmse:7199.79492
[100]	eval-rmse:3491.40063
[200]	eval-rmse:2616.43896
[236]	eval-rmse:2620.44092
{'MSE - mean': 10366180.037896214, 'MSE - std': 9622158.807404159, 'R2 - mean': 0.8851406537890041, 'R2 - std': 0.11024925398081177}
[0]	eval-rmse:25239.00195
[100]	eval-rmse:7466.47998
[200]	eval-rmse:4805.56934
[300]	eval-rmse:4303.38623
[400]	eval-rmse:4170.03174
[500]	eval-rmse:4121.69043
[600]	eval-rmse:4086.48828
[682]	eval-rmse:4070.62866
{'MSE - mean': 11917139.197864262, 'MSE - std': 8755334.261685584, 'R2 - mean': 0.9072008557195531, 'R2 - std': 0.10284031811572714}
[0]	eval-rmse:9655.43555
[100]	eval-rmse:7159.87744
[200]	eval-rmse:6869.36719
[300]	eval-rmse:6787.79736
[400]	eval-rmse:6632.47949
[500]	eval-rmse:6492.93408
[600]	eval-rmse:6419.12598
[700]	eval-rmse:6377.90674
[800]	eval-rmse:6358.12402
[895]	eval-rmse:6354.09473
{'MSE - mean': 17609089.6410365, 'MSE - std': 13817304.433831908, 'R2 - mean': 0.8027011181198306, 'R2 - std': 0.2283455396055694}
Trial 91 finished with value: 17609089.6410365 and parameters: {'max_depth': 2, 'alpha': 0.6337155040486835, 'lambda': 0.09717996399408863, 'eta': 0.016564789420359476}. Best is trial 52 with value: 17402991.3123193.
[0]	eval-rmse:6844.19092
[100]	eval-rmse:3234.56763
[200]	eval-rmse:2133.69238
[300]	eval-rmse:1463.99414
[400]	eval-rmse:1063.41773
[500]	eval-rmse:915.11090
[600]	eval-rmse:878.87781
[700]	eval-rmse:860.32550
[775]	eval-rmse:860.65772
{'MSE - mean': 740731.6741976286, 'MSE - std': 0.0, 'R2 - mean': 0.9638857048034617, 'R2 - std': 0.0}
[0]	eval-rmse:25406.36328
[100]	eval-rmse:10914.04199
[200]	eval-rmse:6334.87061
[300]	eval-rmse:5299.03174
[400]	eval-rmse:4905.47754
[500]	eval-rmse:4802.46533
[600]	eval-rmse:4783.39697
{'MSE - mean': 11826593.714761622, 'MSE - std': 11085862.040563993, 'R2 - mean': 0.9635939485475264, 'R2 - std': 0.00029175625593530485}
[0]	eval-rmse:7222.87695
[100]	eval-rmse:3912.20996
[200]	eval-rmse:2931.03296
[300]	eval-rmse:2470.59473
[308]	eval-rmse:2472.27051
{'MSE - mean': 9915198.573280966, 'MSE - std': 9446573.676666943, 'R2 - mean': 0.8954267600558617, 'R2 - std': 0.09640325679936804}
[0]	eval-rmse:25373.34375
[100]	eval-rmse:10812.44238
[200]	eval-rmse:6150.23975
[300]	eval-rmse:4845.16895
[400]	eval-rmse:4385.84961
[500]	eval-rmse:4232.94189
[600]	eval-rmse:4173.89160
[700]	eval-rmse:4145.82373
[800]	eval-rmse:4115.11377
[874]	eval-rmse:4110.45312
{'MSE - mean': 11660144.408310212, 'MSE - std': 8721400.321799267, 'R2 - mean': 0.9147849271075995, 'R2 - std': 0.0899689215004417}
[0]	eval-rmse:9672.68750
[100]	eval-rmse:7330.71191
[200]	eval-rmse:6975.71240
[300]	eval-rmse:6844.13916
[400]	eval-rmse:6787.89209
[438]	eval-rmse:6785.02344
{'MSE - mean': 18536494.195849776, 'MSE - std': 15810977.340469688, 'R2 - mean': 0.7915027399287582, 'R2 - std': 0.25936367550441125}
Trial 92 finished with value: 18536494.195849776 and parameters: {'max_depth': 2, 'alpha': 0.32085383116553556, 'lambda': 0.32047233029917044, 'eta': 0.01255589088935125}. Best is trial 52 with value: 17402991.3123193.
[0]	eval-rmse:6784.79932
[100]	eval-rmse:2275.01294
[200]	eval-rmse:1116.83850
[300]	eval-rmse:861.95538
[346]	eval-rmse:863.92993
{'MSE - mean': 745532.3720669351, 'MSE - std': 0.0, 'R2 - mean': 0.9636516472816345, 'R2 - std': 0.0}
[0]	eval-rmse:25164.48242
[100]	eval-rmse:6280.66602
[200]	eval-rmse:4936.51660
[300]	eval-rmse:4816.75732
[322]	eval-rmse:4825.61328
{'MSE - mean': 12016038.659139447, 'MSE - std': 11270506.287072513, 'R2 - mean': 0.9631773392148151, 'R2 - std': 0.00047430806681947324}
[0]	eval-rmse:7166.60498
[100]	eval-rmse:3090.05908
[177]	eval-rmse:2616.62231
{'MSE - mean': 10314115.961742485, 'MSE - std': 9511885.006688068, 'R2 - mean': 0.8843689784851186, 'R2 - std': 0.11145252541134018}
[0]	eval-rmse:25131.08594
[100]	eval-rmse:6085.99463
[200]	eval-rmse:4398.04736
[300]	eval-rmse:4175.47607
[400]	eval-rmse:4102.90234
[444]	eval-rmse:4091.77979
{'MSE - mean': 11921252.367363831, 'MSE - std': 8695149.7723825, 'R2 - mean': 0.9065527638393752, 'R2 - std': 0.10388748752065986}
[0]	eval-rmse:9630.67188
[100]	eval-rmse:7017.04346
[200]	eval-rmse:6797.22656
[300]	eval-rmse:6626.16602
[400]	eval-rmse:6455.59424
[500]	eval-rmse:6380.59424
[600]	eval-rmse:6346.18945
[671]	eval-rmse:6337.40478
{'MSE - mean': 17574483.947503604, 'MSE - std': 13722995.767910488, 'R2 - mean': 0.8027601399804969, 'R2 - std': 0.2274328980616625}
Trial 93 finished with value: 17574483.947503604 and parameters: {'max_depth': 2, 'alpha': 0.13459553996642395, 'lambda': 0.15076682874498443, 'eta': 0.02233840207747825}. Best is trial 52 with value: 17402991.3123193.
[0]	eval-rmse:6784.07080
[100]	eval-rmse:2249.91455
[200]	eval-rmse:1065.32190
[300]	eval-rmse:856.22913
{'MSE - mean': 731671.4365891784, 'MSE - std': 0.0, 'R2 - mean': 0.9643274357391568, 'R2 - std': 0.0}
[0]	eval-rmse:25112.06641
[100]	eval-rmse:6026.72803
[200]	eval-rmse:4921.54443
[268]	eval-rmse:4873.01221
{'MSE - mean': 12238960.78567724, 'MSE - std': 11507289.349088062, 'R2 - mean': 0.9631470893041562, 'R2 - std': 0.0011803464350006454}
[0]	eval-rmse:7165.91406
[100]	eval-rmse:3035.54785
[171]	eval-rmse:2643.45264
{'MSE - mean': 10488587.720471935, 'MSE - std': 9716279.321009807, 'R2 - mean': 0.8833263672534781, 'R2 - std': 0.11288766163397844}
[0]	eval-rmse:25078.57812
[100]	eval-rmse:5725.10352
[200]	eval-rmse:4329.33105
[300]	eval-rmse:4168.63623
[400]	eval-rmse:4112.74902
[451]	eval-rmse:4103.03516
{'MSE - mean': 12075164.5299683, 'MSE - std': 8851906.054641966, 'R2 - mean': 0.9057337638472864, 'R2 - std': 0.10518551410829978}
[0]	eval-rmse:9630.15723
[100]	eval-rmse:7014.43359
[200]	eval-rmse:6793.85449
[300]	eval-rmse:6583.76221
[400]	eval-rmse:6436.63525
[500]	eval-rmse:6381.98926
[600]	eval-rmse:6348.87061
[646]	eval-rmse:6345.72266
{'MSE - mean': 17715141.0369808, 'MSE - std': 13781231.1728226, 'R2 - mean': 0.8018378429948865, 'R2 - std': 0.22809788114240456}
Trial 94 finished with value: 17715141.0369808 and parameters: {'max_depth': 2, 'alpha': 0.05722027768788309, 'lambda': 0.03502308749099547, 'eta': 0.02245719894424066}. Best is trial 52 with value: 17402991.3123193.
[0]	eval-rmse:6794.57129
[100]	eval-rmse:2394.72266
[200]	eval-rmse:1218.02234
[300]	eval-rmse:883.75195
[400]	eval-rmse:849.94244
[402]	eval-rmse:849.01367
{'MSE - mean': 720042.7604968991, 'MSE - std': 0.0, 'R2 - mean': 0.9648943906241311, 'R2 - std': 0.0}
[0]	eval-rmse:25200.58398
[100]	eval-rmse:6633.57812
[200]	eval-rmse:5004.35889
[300]	eval-rmse:4807.70508
[324]	eval-rmse:4807.89746
{'MSE - mean': 11912723.432052717, 'MSE - std': 11192680.671555817, 'R2 - mean': 0.9639437732896963, 'R2 - std': 0.0009506173344348556}
[0]	eval-rmse:7175.85986
[100]	eval-rmse:3184.80176
[192]	eval-rmse:2653.05249
{'MSE - mean': 10288045.04788814, 'MSE - std': 9423192.670969998, 'R2 - mean': 0.8831872921708581, 'R2 - std': 0.11420954834983021}
[0]	eval-rmse:25167.24414
[100]	eval-rmse:6451.40820
[200]	eval-rmse:4482.76025
[300]	eval-rmse:4207.84863
[400]	eval-rmse:4132.12256
[500]	eval-rmse:4088.44482
[577]	eval-rmse:4081.45288
{'MSE - mean': 11884582.311872654, 'MSE - std': 8616508.213397147, 'R2 - mean': 0.90569399612281, 'R2 - std': 0.10631331463672164}
[0]	eval-rmse:9637.57227
[100]	eval-rmse:7048.71240
[200]	eval-rmse:6821.79346
[300]	eval-rmse:6684.78564
[400]	eval-rmse:6511.97998
[500]	eval-rmse:6423.91650
[600]	eval-rmse:6378.12939
[700]	eval-rmse:6362.86768
[707]	eval-rmse:6359.44287
{'MSE - mean': 17601413.33580152, 'MSE - std': 13788545.929787327, 'R2 - mean': 0.8012157047043621, 'R2 - std': 0.22957541289543568}
