

----------------------------------------------------------------------------
Training XGBoost Vesion 1 with Dataset: config/brazillian_houses.yml 



----------------------------------------------------------------------------
Namespace(batch_size=128, cat_dims=None, cat_idx=None, config='config/brazillian_houses.yml', data_parallel=False, dataset='Brazillian Houses', direction='minimize', dropna_idx=None, early_stopping_rounds=20, epochs=1000, gpu_ids=[0, 1], logging_period=100, miss_cat_idx=None, miss_num_idx=None, model_name='XGBoost', n_trials=100, nominal_idx=[0, 6], num_classes=1, num_features=12, num_splits=5, objective='regression', one_hot_encode=True, optimize_hyperparameters=True, ordinal_encode=True, ordinal_idx=[7], scale=True, seed=221, shuffle=True, target_encode=False, use_gpu=True, val_batch_size=256)
Start hyperparameter optimization
Loading dataset Brazillian Houses...
Dataset loaded!
(10692, 12)
Scaling the data...
args.num_features: 17
New Shape: (10692, 17)
A new study created in RDB with name: XGBoost_Brazillian Houses
[0]	eval-rmse:6458.40283
[100]	eval-rmse:853.18445
[103]	eval-rmse:870.90967
{'MSE - mean': 755978.1601082712, 'MSE - std': 0.0, 'R2 - mean': 0.9631423639796968, 'R2 - std': 0.0}
[0]	eval-rmse:23779.12305
[78]	eval-rmse:4902.96387
{'MSE - mean': 12376454.650815869, 'MSE - std': 11620476.490707597, 'R2 - mean': 0.9623538014081343, 'R2 - std': 0.0007885625715625122}
[0]	eval-rmse:6858.09375
[61]	eval-rmse:2957.03223
{'MSE - mean': 11165649.641006272, 'MSE - std': 9641356.065977026, 'R2 - mean': 0.8596494932672273, 'R2 - std': 0.14524725255700227}
[0]	eval-rmse:23743.38086
[100]	eval-rmse:4185.89697
[155]	eval-rmse:4187.82227
{'MSE - mean': 12758184.38773508, 'MSE - std': 8793481.156619929, 'R2 - mean': 0.8876946245564652, 'R2 - std': 0.13484124535397163}
[0]	eval-rmse:9403.01269
[100]	eval-rmse:6512.45898
[200]	eval-rmse:6409.98682
[202]	eval-rmse:6409.91211
{'MSE - mean': 18423966.445353843, 'MSE - std': 13793643.245321468, 'R2 - mean': 0.7849315954433899, 'R2 - std': 0.23829957987555708}
Trial 0 finished with value: 18423966.445353843 and parameters: {'max_depth': 2, 'alpha': 0.0017803864893923128, 'lambda': 6.868453121125667e-05, 'eta': 0.0763770112042253}. Best is trial 0 with value: 18423966.445353843.
[0]	eval-rmse:5023.08350
[31]	eval-rmse:1027.88391
{'MSE - mean': 1042544.2482483505, 'MSE - std': 0.0, 'R2 - mean': 0.949170864365321, 'R2 - std': 0.0}
[0]	eval-rmse:19430.19336
[33]	eval-rmse:4983.27832
{'MSE - mean': 12937802.545993231, 'MSE - std': 11895258.297744881, 'R2 - mean': 0.9546984567011498, 'R2 - std': 0.005527592335828725}
[0]	eval-rmse:5480.51221
[28]	eval-rmse:2930.99536
{'MSE - mean': 11488779.863534145, 'MSE - std': 9926267.179321446, 'R2 - mean': 0.856566607340921, 'R2 - std': 0.13885276099429208}
[0]	eval-rmse:19376.21875
[41]	eval-rmse:4270.06348
{'MSE - mean': 13175253.895062655, 'MSE - std': 9079133.7176801, 'R2 - mean': 0.885101782057826, 'R2 - std': 0.13001090537018953}
[0]	eval-rmse:8485.10254
[100]	eval-rmse:6518.13672
{'MSE - mean': 19037424.996664934, 'MSE - std': 14262003.202518784, 'R2 - mean': 0.7785934432762459, 'R2 - std': 0.24268987068311784}
Trial 1 finished with value: 19037424.996664934 and parameters: {'max_depth': 5, 'alpha': 1.370538613137545e-07, 'lambda': 0.13695325735037514, 'eta': 0.2849237429531866}. Best is trial 0 with value: 18423966.445353843.
[0]	eval-rmse:5936.81006
[68]	eval-rmse:951.43109
{'MSE - mean': 902579.6445333697, 'MSE - std': 0.0, 'R2 - mean': 0.9559948239605479, 'R2 - std': 0.0}
[0]	eval-rmse:22636.99414
[100]	eval-rmse:4799.68652
[107]	eval-rmse:4838.60840
{'MSE - mean': 12157355.415885178, 'MSE - std': 11254775.771351809, 'R2 - mean': 0.9592483547528843, 'R2 - std': 0.0032535307923363677}
[0]	eval-rmse:6368.02978
[51]	eval-rmse:2872.78784
{'MSE - mean': 10855847.69758416, 'MSE - std': 9372005.999635264, 'R2 - mean': 0.8640536792027579, 'R2 - std': 0.1346518083104175}
[0]	eval-rmse:22599.16016
[80]	eval-rmse:4192.90576
{'MSE - mean': 12534726.158786317, 'MSE - std': 8621587.499142203, 'R2 - mean': 0.8909834776767922, 'R2 - std': 0.12559448335219725}
[0]	eval-rmse:9051.38965
[100]	eval-rmse:6338.58447
[129]	eval-rmse:6369.03272
{'MSE - mean': 18140458.41792337, 'MSE - std': 13607437.43137595, 'R2 - mean': 0.7891588182405391, 'R2 - std': 0.23257735159735568}
Trial 2 finished with value: 18140458.41792337 and parameters: {'max_depth': 2, 'alpha': 0.0007045825298222068, 'lambda': 0.35970927530675373, 'eta': 0.163917746422898}. Best is trial 2 with value: 18140458.41792337.
[0]	eval-rmse:6748.31299
[100]	eval-rmse:1200.69702
[200]	eval-rmse:1088.59998
[203]	eval-rmse:1088.58350
{'MSE - mean': 1184959.6392532606, 'MSE - std': 0.0, 'R2 - mean': 0.9422274168924518, 'R2 - std': 0.0}
[0]	eval-rmse:25022.27539
[100]	eval-rmse:6200.73828
[186]	eval-rmse:5962.67920
{'MSE - mean': 18369251.333480153, 'MSE - std': 17184291.694226895, 'R2 - mean': 0.9426414857539863, 'R2 - std': 0.00041406886153450007}
[0]	eval-rmse:7127.41357
[100]	eval-rmse:1944.33569
[181]	eval-rmse:1882.74487
{'MSE - mean': 13427743.733534269, 'MSE - std': 15674934.834808601, 'R2 - mean': 0.915038793357101, 'R2 - std': 0.03903756597341676}
[0]	eval-rmse:24989.72266
[100]	eval-rmse:4801.80322
[200]	eval-rmse:4347.76562
[300]	eval-rmse:4340.12598
[400]	eval-rmse:4339.46826
[442]	eval-rmse:4339.36035
{'MSE - mean': 14778449.368806075, 'MSE - std': 13775010.116006708, 'R2 - mean': 0.9287166078626468, 'R2 - std': 0.04128191488764779}
[0]	eval-rmse:9605.21777
[100]	eval-rmse:6763.39307
[200]	eval-rmse:6717.06836
[283]	eval-rmse:6715.31152
{'MSE - mean': 20841866.48789788, 'MSE - std': 17287591.839155965, 'R2 - mean': 0.8055323692830957, 'R2 - std': 0.24912001873620657}
Trial 3 finished with value: 20841866.48789788 and parameters: {'max_depth': 8, 'alpha': 0.0008013816658623302, 'lambda': 1.7970495794203526e-08, 'eta': 0.025071417806240098}. Best is trial 2 with value: 18140458.41792337.
[0]	eval-rmse:6837.70020
[100]	eval-rmse:2358.14160
[200]	eval-rmse:1242.98975
[300]	eval-rmse:1007.47620
[381]	eval-rmse:969.46881
{'MSE - mean': 939869.8557254458, 'MSE - std': 0.0, 'R2 - mean': 0.9541767436193898, 'R2 - std': 0.0}
[0]	eval-rmse:25461.18555
[100]	eval-rmse:13016.20996
[200]	eval-rmse:7616.13623
[300]	eval-rmse:5603.80029
[400]	eval-rmse:5018.46973
[500]	eval-rmse:4891.24658
[546]	eval-rmse:4892.38037
{'MSE - mean': 12435506.612608768, 'MSE - std': 11495636.756883323, 'R2 - mean': 0.9579236758252442, 'R2 - std': 0.003746932205854425}
[0]	eval-rmse:7214.64404
[100]	eval-rmse:3065.87915
[200]	eval-rmse:2405.17432
[218]	eval-rmse:2429.85083
{'MSE - mean': 10253763.054753147, 'MSE - std': 9880272.577310825, 'R2 - mean': 0.8943108351724648, 'R2 - std': 0.09001414699443264}
[0]	eval-rmse:25427.85156
[100]	eval-rmse:12889.42871
[200]	eval-rmse:7322.36133
[300]	eval-rmse:5114.55322
[400]	eval-rmse:4422.12402
[500]	eval-rmse:4217.32373
[600]	eval-rmse:4142.65820
[681]	eval-rmse:4125.43603
{'MSE - mean': 11945127.183313198, 'MSE - std': 9044168.1484595, 'R2 - mean': 0.9138980887333938, 'R2 - std': 0.08501700712523275}
[0]	eval-rmse:9665.23633
[100]	eval-rmse:7155.98145
[200]	eval-rmse:6849.03125
[300]	eval-rmse:6754.36816
[400]	eval-rmse:6703.09912
[500]	eval-rmse:6593.28174
[600]	eval-rmse:6548.46240
[700]	eval-rmse:6484.38965
[800]	eval-rmse:6439.52832
[851]	eval-rmse:6433.25000
{'MSE - mean': 17833441.604112, 'MSE - std': 14287286.96677, 'R2 - mean': 0.8049812401844004, 'R2 - std': 0.23072458211426677}
Trial 4 finished with value: 17833441.604112 and parameters: {'max_depth': 3, 'alpha': 3.392271644468769e-05, 'lambda': 0.8793771299899364, 'eta': 0.013207968069021235}. Best is trial 4 with value: 17833441.604112.
[0]	eval-rmse:6753.88281
[100]	eval-rmse:1124.33618
[147]	eval-rmse:1036.41797
{'MSE - mean': 1074162.2770508595, 'MSE - std': 0.0, 'R2 - mean': 0.9476293306825022, 'R2 - std': 0.0}
[0]	eval-rmse:25256.57617
[100]	eval-rmse:7118.84131
[200]	eval-rmse:5088.27832
[225]	eval-rmse:5109.59375
{'MSE - mean': 13591053.950133702, 'MSE - std': 12516891.673082842, 'R2 - mean': 0.9529067282267474, 'R2 - std': 0.00527739754424511}
[0]	eval-rmse:7124.09522
[100]	eval-rmse:2814.57202
[102]	eval-rmse:2841.79688
{'MSE - mean': 11752639.15187564, 'MSE - std': 10545516.711445145, 'R2 - mean': 0.8621592210377594, 'R2 - std': 0.1284086734035419}
[0]	eval-rmse:25221.02930
[100]	eval-rmse:6761.37988
[200]	eval-rmse:4291.38623
[279]	eval-rmse:4155.16504
{'MSE - mean': 13133905.209068634, 'MSE - std': 9440848.997616, 'R2 - mean': 0.8896805692252427, 'R2 - std': 0.12099117476953924}
[0]	eval-rmse:9612.32031
[100]	eval-rmse:6865.64502
[200]	eval-rmse:6622.61621
[254]	eval-rmse:6580.66455
{'MSE - mean': 19168152.494912863, 'MSE - std': 14729299.544224888, 'R2 - mean': 0.7797602493473363, 'R2 - std': 0.2450326475919804}
Trial 5 finished with value: 19168152.494912863 and parameters: {'max_depth': 4, 'alpha': 6.95367320608607e-06, 'lambda': 0.6486159258015812, 'eta': 0.024751370588550675}. Best is trial 4 with value: 17833441.604112.
[0]	eval-rmse:6805.48047
[100]	eval-rmse:1377.91016
[200]	eval-rmse:706.38983
{'MSE - mean': 497808.1692170258, 'MSE - std': 0.0, 'R2 - mean': 0.9757294148467108, 'R2 - std': 0.0}
[0]	eval-rmse:25219.79688
[100]	eval-rmse:6514.43555
[200]	eval-rmse:4937.86523
[292]	eval-rmse:4893.63184
{'MSE - mean': 12222719.263252731, 'MSE - std': 11724911.094035707, 'R2 - mean': 0.9686868082206573, 'R2 - std': 0.007042606626053494}
[0]	eval-rmse:7180.51172
[100]	eval-rmse:3039.03516
[163]	eval-rmse:2974.20654
{'MSE - mean': 11093784.945688142, 'MSE - std': 9705566.040273547, 'R2 - mean': 0.862660493709772, 'R2 - std': 0.15005407117518854}
[0]	eval-rmse:25186.60938
[100]	eval-rmse:6204.19971
[200]	eval-rmse:4309.74365
[267]	eval-rmse:4234.41016
{'MSE - mean': 12802896.71594228, 'MSE - std': 8911324.158128636, 'R2 - mean': 0.8897944636598828, 'R2 - std': 0.13818800665378653}
[0]	eval-rmse:9645.71484
[100]	eval-rmse:6831.87598
[200]	eval-rmse:6607.50195
[275]	eval-rmse:6584.45801
{'MSE - mean': 18911751.812605448, 'MSE - std': 14587727.75209038, 'R2 - mean': 0.7797232653205255, 'R2 - std': 0.25246666108974897}
Trial 6 finished with value: 18911751.812605448 and parameters: {'max_depth': 5, 'alpha': 0.7293582752600131, 'lambda': 1.0543035111442094e-06, 'eta': 0.01715139682480211}. Best is trial 4 with value: 17833441.604112.
[0]	eval-rmse:6082.74756
[62]	eval-rmse:858.53668
{'MSE - mean': 737085.18401169, 'MSE - std': 0.0, 'R2 - mean': 0.9640634890505697, 'R2 - std': 0.0}
[0]	eval-rmse:22250.27539
[55]	eval-rmse:4884.33740
{'MSE - mean': 12296919.365274724, 'MSE - std': 11559834.181263033, 'R2 - mean': 0.9629266218892214, 'R2 - std': 0.001136867161348254}
[0]	eval-rmse:6504.74853
[40]	eval-rmse:3077.33130
{'MSE - mean': 11723214.852385039, 'MSE - std': 9473372.39855752, 'R2 - mean': 0.8358873126387074, 'R2 - std': 0.17966311205788418}
[0]	eval-rmse:22211.55078
[97]	eval-rmse:4102.62793
{'MSE - mean': 13000599.351149205, 'MSE - std': 8497277.324199941, 'R2 - mean': 0.8701553331729786, 'R2 - std': 0.16652932795683337}
[0]	eval-rmse:9148.18457
[100]	eval-rmse:6357.06885
[155]	eval-rmse:6342.74561
{'MSE - mean': 18446214.47997489, 'MSE - std': 13280883.78326799, 'R2 - mean': 0.7735164299596665, 'R2 - std': 0.2440121392736256}
Trial 7 finished with value: 18446214.47997489 and parameters: {'max_depth': 2, 'alpha': 4.431771480269464e-07, 'lambda': 4.670448699445632e-07, 'eta': 0.13923929694936804}. Best is trial 4 with value: 17833441.604112.
[0]	eval-rmse:6823.93311
[100]	eval-rmse:2009.64502
[200]	eval-rmse:1085.47375
[297]	eval-rmse:978.71252
{'MSE - mean': 957878.3021338808, 'MSE - std': 0.0, 'R2 - mean': 0.953298743700823, 'R2 - std': 0.0}
[0]	eval-rmse:25268.23047
[100]	eval-rmse:7244.19873
[200]	eval-rmse:4976.29492
[239]	eval-rmse:4916.04932
{'MSE - mean': 12553708.058044415, 'MSE - std': 11595829.755910534, 'R2 - mean': 0.9573097797873155, 'R2 - std': 0.004011036086492448}
[0]	eval-rmse:7201.69238
[100]	eval-rmse:2839.28174
[179]	eval-rmse:2528.66162
{'MSE - mean': 10500515.279334761, 'MSE - std': 9903200.475526301, 'R2 - mean': 0.8872603980495702, 'R2 - std': 0.09911890521324444}
[0]	eval-rmse:25234.50000
[100]	eval-rmse:7001.91992
[200]	eval-rmse:4397.61914
[300]	eval-rmse:4199.38135
[341]	eval-rmse:4196.11816
{'MSE - mean': 12277237.996472277, 'MSE - std': 9111820.102736108, 'R2 - mean': 0.9083740410461665, 'R2 - std': 0.09330474687692612}
[0]	eval-rmse:9659.55664
[100]	eval-rmse:7069.44922
[200]	eval-rmse:6833.38721
[300]	eval-rmse:6630.52344
[400]	eval-rmse:6507.13379
[500]	eval-rmse:6434.42725
[600]	eval-rmse:6404.14062
[611]	eval-rmse:6404.76855
{'MSE - mean': 18026002.06173239, 'MSE - std': 14093025.423229909, 'R2 - mean': 0.8016763923950114, 'R2 - std': 0.22913352775740878}
Trial 8 finished with value: 18026002.06173239 and parameters: {'max_depth': 3, 'alpha': 0.0003665497503368193, 'lambda': 7.553535793437549e-05, 'eta': 0.01531543709087327}. Best is trial 4 with value: 17833441.604112.
[0]	eval-rmse:6632.83545
[100]	eval-rmse:1472.79675
[106]	eval-rmse:1472.35217
{'MSE - mean': 2167820.668937145, 'MSE - std': 0.0, 'R2 - mean': 0.8943081303280876, 'R2 - std': 0.0}
[0]	eval-rmse:24614.08008
[100]	eval-rmse:6254.78613
[103]	eval-rmse:6255.70459
{'MSE - mean': 20655944.502947617, 'MSE - std': 18488123.834010474, 'R2 - mean': 0.9158064543253275, 'R2 - std': 0.021498323997239888}
[0]	eval-rmse:7015.72070
[100]	eval-rmse:1929.68091
[143]	eval-rmse:1926.49048
{'MSE - mean': 15007751.604323061, 'MSE - std': 17078582.532164365, 'R2 - mean': 0.8949523673860068, 'R2 - std': 0.03432061344545522}
[0]	eval-rmse:24581.03320
[100]	eval-rmse:4403.12402
[200]	eval-rmse:4383.72266
[300]	eval-rmse:4383.39062
[350]	eval-rmse:4383.31689
{'MSE - mean': 16059180.014433928, 'MSE - std': 14902180.749330854, 'R2 - mean': 0.9134980134791414, 'R2 - std': 0.04376358471937217}
[0]	eval-rmse:9525.78613
[100]	eval-rmse:6799.58350
[200]	eval-rmse:6792.58984
[269]	eval-rmse:6792.47314
{'MSE - mean': 22074882.685471136, 'MSE - std': 17955910.095951095, 'R2 - mean': 0.7901812323789701, 'R2 - std': 0.2497204738935558}
Trial 9 finished with value: 22074882.685471136 and parameters: {'max_depth': 10, 'alpha': 2.310131395593344e-07, 'lambda': 7.4944351599727e-05, 'eta': 0.04156952710304566}. Best is trial 4 with value: 17833441.604112.
[0]	eval-rmse:6853.33008
[100]	eval-rmse:2825.78906
[200]	eval-rmse:1428.58936
[300]	eval-rmse:1074.45972
[400]	eval-rmse:966.47028
[483]	eval-rmse:958.12213
{'MSE - mean': 918403.616460425, 'MSE - std': 0.0, 'R2 - mean': 0.9552233278665345, 'R2 - std': 0.0}
[0]	eval-rmse:25384.27148
[100]	eval-rmse:9970.72266
[200]	eval-rmse:5676.16309
[300]	eval-rmse:4957.85742
[340]	eval-rmse:4914.22119
{'MSE - mean': 12527034.763366649, 'MSE - std': 11608631.146906223, 'R2 - mean': 0.9582831808595198, 'R2 - std': 0.0030598529929853346}
[0]	eval-rmse:7230.16553
[100]	eval-rmse:3453.91797
[200]	eval-rmse:2526.93579
[250]	eval-rmse:2504.25537
{'MSE - mean': 10441787.98081346, 'MSE - std': 9926566.35960178, 'R2 - mean': 0.8895283941326784, 'R2 - std': 0.0972660433858224}
[0]	eval-rmse:25350.86719
[100]	eval-rmse:9816.28027
[200]	eval-rmse:5308.27783
[300]	eval-rmse:4358.57178
[379]	eval-rmse:4253.63672
{'MSE - mean': 12352604.600039674, 'MSE - std': 9211742.518417273, 'R2 - mean': 0.9098832112056244, 'R2 - std': 0.09131521303248871}
[0]	eval-rmse:9680.02441
[100]	eval-rmse:7325.86426
[200]	eval-rmse:6939.58887
[300]	eval-rmse:6825.02734
[400]	eval-rmse:6725.86426
[500]	eval-rmse:6585.32666
[600]	eval-rmse:6511.11475
[700]	eval-rmse:6473.80859
[800]	eval-rmse:6427.43701
[900]	eval-rmse:6408.81006
[999]	eval-rmse:6402.39941
{'MSE - mean': 18080228.752546668, 'MSE - std': 14110551.864119956, 'R2 - mean': 0.8029761764748745, 'R2 - std': 0.22888256990129702}
Trial 10 finished with value: 18080228.752546668 and parameters: {'max_depth': 3, 'alpha': 0.17350953258247634, 'lambda': 0.0070970973231146185, 'eta': 0.010650723510246329}. Best is trial 4 with value: 17833441.604112.
[0]	eval-rmse:6857.01221
[100]	eval-rmse:2952.53711
[200]	eval-rmse:1510.64526
[300]	eval-rmse:1091.54956
[400]	eval-rmse:990.08490
[485]	eval-rmse:977.10620
{'MSE - mean': 953013.0353584158, 'MSE - std': 0.0, 'R2 - mean': 0.9535359492729074, 'R2 - std': 0.0}
[0]	eval-rmse:25397.31836
[100]	eval-rmse:10393.86914
[200]	eval-rmse:5872.99756
[300]	eval-rmse:4989.88086
[356]	eval-rmse:4906.12793
{'MSE - mean': 12511551.500485025, 'MSE - std': 11558538.46512661, 'R2 - mean': 0.9574920065229788, 'R2 - std': 0.003956057250071476}
[0]	eval-rmse:7233.73340
[100]	eval-rmse:3555.91724
[200]	eval-rmse:2554.17871
[256]	eval-rmse:2499.66357
{'MSE - mean': 10430943.222831463, 'MSE - std': 9885565.364541473, 'R2 - mean': 0.889021608679153, 'R2 - std': 0.09688562511759663}
[0]	eval-rmse:25363.95117
[100]	eval-rmse:10248.05957
[200]	eval-rmse:5530.41748
[300]	eval-rmse:4420.69727
[400]	eval-rmse:4238.01904
[500]	eval-rmse:4201.64111
[519]	eval-rmse:4204.09668
{'MSE - mean': 12241954.60997121, 'MSE - std': 9117707.42377249, 'R2 - mean': 0.9096678073639434, 'R2 - std': 0.09120808531164394}
[0]	eval-rmse:9682.59180
[100]	eval-rmse:7371.69629
[200]	eval-rmse:6954.71289
[300]	eval-rmse:6836.46240
[400]	eval-rmse:6747.34375
[500]	eval-rmse:6604.03809
[600]	eval-rmse:6536.34375
[700]	eval-rmse:6489.30273
[800]	eval-rmse:6447.14893
[900]	eval-rmse:6423.75293
[999]	eval-rmse:6412.55322
{'MSE - mean': 18017731.105149426, 'MSE - std': 14140171.407073725, 'R2 - mean': 0.8024073025107112, 'R2 - std': 0.22950903133962702}
Trial 11 finished with value: 18017731.105149426 and parameters: {'max_depth': 3, 'alpha': 1.8623867152098765e-05, 'lambda': 0.0019076227571548266, 'eta': 0.01006649132312689}. Best is trial 4 with value: 17833441.604112.
[0]	eval-rmse:6850.98145
[100]	eval-rmse:2748.40796
[200]	eval-rmse:1376.47144
[300]	eval-rmse:1055.09790
[400]	eval-rmse:968.48407
{'MSE - mean': 937371.0990434545, 'MSE - std': 0.0, 'R2 - mean': 0.9542985702397182, 'R2 - std': 0.0}
[0]	eval-rmse:25375.44336
[100]	eval-rmse:9699.93359
[200]	eval-rmse:5577.32764
[300]	eval-rmse:4930.48145
[329]	eval-rmse:4914.71338
{'MSE - mean': 12539077.47784306, 'MSE - std': 11601706.378799604, 'R2 - mean': 0.957816703458563, 'R2 - std': 0.0035181332188447545}
[0]	eval-rmse:7227.88965
[100]	eval-rmse:3387.41455
[200]	eval-rmse:2506.19409
[240]	eval-rmse:2513.84155
{'MSE - mean': 10465851.284308238, 'MSE - std': 9916127.989242444, 'R2 - mean': 0.8885833558294944, 'R2 - std': 0.09795286803059197}
[0]	eval-rmse:25342.01562
[100]	eval-rmse:9540.70117
[200]	eval-rmse:5179.58496
[300]	eval-rmse:4321.60791
[400]	eval-rmse:4230.63574
[452]	eval-rmse:4218.63770
{'MSE - mean': 12298614.310233833, 'MSE - std': 9155558.784251122, 'R2 - mean': 0.9092901559637458, 'R2 - std': 0.09209988046660773}
[0]	eval-rmse:9678.38769
[100]	eval-rmse:7289.97510
[200]	eval-rmse:6919.80469
[300]	eval-rmse:6812.72168
[400]	eval-rmse:6665.64502
[500]	eval-rmse:6567.24463
[600]	eval-rmse:6493.11475
[700]	eval-rmse:6439.46973
[800]	eval-rmse:6417.27344
[900]	eval-rmse:6406.55371
[957]	eval-rmse:6403.41211
{'MSE - mean': 18039627.620848067, 'MSE - std': 14103061.392906912, 'R2 - mean': 0.8024622468666388, 'R2 - std': 0.2289862856893614}
Trial 12 finished with value: 18039627.620848067 and parameters: {'max_depth': 3, 'alpha': 1.037176860806089e-05, 'lambda': 0.008104583804187724, 'eta': 0.01102341962296156}. Best is trial 4 with value: 17833441.604112.
[0]	eval-rmse:6664.65381
[100]	eval-rmse:825.03320
[122]	eval-rmse:856.35980
{'MSE - mean': 732969.2756721462, 'MSE - std': 0.0, 'R2 - mean': 0.9642641597305932, 'R2 - std': 0.0}
[0]	eval-rmse:24702.40625
[96]	eval-rmse:5471.64941
{'MSE - mean': 15335959.610105937, 'MSE - std': 14602990.33443379, 'R2 - mean': 0.958156172616659, 'R2 - std': 0.006107987113934177}
[0]	eval-rmse:7028.11572
[100]	eval-rmse:2537.30908
[129]	eval-rmse:2627.74854
{'MSE - mean': 12529466.754603552, 'MSE - std': 12566530.498418529, 'R2 - mean': 0.880939675317287, 'R2 - std': 0.1093144390344837}
[0]	eval-rmse:24664.41992
[100]	eval-rmse:4155.01514
[132]	eval-rmse:4185.21045
{'MSE - mean': 13776096.33062163, 'MSE - std': 11095067.484029617, 'R2 - mean': 0.9036702143459654, 'R2 - std': 0.10252934774819705}
[0]	eval-rmse:9549.74512
[100]	eval-rmse:6680.18506
[200]	eval-rmse:6530.99951
[274]	eval-rmse:6531.16553
{'MSE - mean': 19552100.76346677, 'MSE - std': 15229226.074004024, 'R2 - mean': 0.792930040126124, 'R2 - std': 0.2397151611073023}
