Trial 90 finished with value: 3.690755133957848 and parameters: {'max_depth': 10, 'alpha': 1.812522895627639e-05, 'lambda': 0.49581530172634314, 'eta': 0.030657724563494644}. Best is trial 88 with value: 3.67557069253982.
[0]	eval-rmse:3.30903
[100]	eval-rmse:1.98350
[169]	eval-rmse:1.97484
{'MSE - mean': 3.9007042278422412, 'MSE - std': 0.0, 'R2 - mean': 0.49783748258659155, 'R2 - std': 0.0}
[0]	eval-rmse:3.25687
[100]	eval-rmse:1.94479
[170]	eval-rmse:1.93361
{'MSE - mean': 3.8198916609068037, 'MSE - std': 0.08081256693543759, 'R2 - mean': 0.497803931054701, 'R2 - std': 3.3551531890552155e-05}
[0]	eval-rmse:3.20991
[100]	eval-rmse:1.90075
[200]	eval-rmse:1.88124
[255]	eval-rmse:1.88076
{'MSE - mean': 3.725676607666554, 'MSE - std': 0.14868333182950455, 'R2 - mean': 0.5015939099879566, 'R2 - std': 0.005359909616704189}
[0]	eval-rmse:3.15633
[100]	eval-rmse:1.89269
[121]	eval-rmse:1.89449
{'MSE - mean': 3.69125790798654, 'MSE - std': 0.14189429352842525, 'R2 - mean': 0.49457444063003686, 'R2 - std': 0.013014043319612586}
[0]	eval-rmse:3.27582
[100]	eval-rmse:1.95048
[200]	eval-rmse:1.93416
[289]	eval-rmse:1.93073
{'MSE - mean': 3.6985522519823952, 'MSE - std': 0.12774984245025203, 'R2 - mean': 0.4973836545995439, 'R2 - std': 0.012925130224709437}
Trial 91 finished with value: 3.6985522519823952 and parameters: {'max_depth': 10, 'alpha': 1.7623122099458982e-05, 'lambda': 0.44937911715148743, 'eta': 0.026184498803386854}. Best is trial 88 with value: 3.67557069253982.
[0]	eval-rmse:3.29637
[100]	eval-rmse:1.97164
[131]	eval-rmse:1.97753
{'MSE - mean': 3.91061611720464, 'MSE - std': 0.0, 'R2 - mean': 0.4965614618929388, 'R2 - std': 0.0}
[0]	eval-rmse:3.24411
[100]	eval-rmse:1.92169
[159]	eval-rmse:1.91409
{'MSE - mean': 3.7874793830712585, 'MSE - std': 0.12313673413338111, 'R2 - mean': 0.5021851855430985, 'R2 - std': 0.005623723650159784}
[0]	eval-rmse:3.19730
[100]	eval-rmse:1.89403
[173]	eval-rmse:1.88612
{'MSE - mean': 3.7107367250497316, 'MSE - std': 0.14794359730127327, 'R2 - mean': 0.5035894567767895, 'R2 - std': 0.005002812594709839}
[0]	eval-rmse:3.14353
[100]	eval-rmse:1.89318
[107]	eval-rmse:1.89486
{'MSE - mean': 3.680678260658537, 'MSE - std': 0.13829683594175693, 'R2 - mean': 0.4959793527730644, 'R2 - std': 0.01387487474667349}
[0]	eval-rmse:3.26316
[100]	eval-rmse:1.94901
[184]	eval-rmse:1.94387
{'MSE - mean': 3.700260136966816, 'MSE - std': 0.1297482615845469, 'R2 - mean': 0.4971667904492499, 'R2 - std': 0.012635258300802628}
Trial 92 finished with value: 3.700260136966816 and parameters: {'max_depth': 11, 'alpha': 0.00018568620691758637, 'lambda': 0.4943089718471628, 'eta': 0.03197340183038854}. Best is trial 88 with value: 3.67557069253982.
[0]	eval-rmse:3.26080
[100]	eval-rmse:1.96755
[200]	eval-rmse:1.96034
[288]	eval-rmse:1.95635
{'MSE - mean': 3.827284691441272, 'MSE - std': 0.0, 'R2 - mean': 0.5072892474661939, 'R2 - std': 0.0}
[0]	eval-rmse:3.20773
[100]	eval-rmse:1.94443
[103]	eval-rmse:1.94478
{'MSE - mean': 3.804909491285302, 'MSE - std': 0.022375200155969832, 'R2 - mean': 0.499611382695379, 'R2 - std': 0.007677864770814835}
[0]	eval-rmse:3.16151
[100]	eval-rmse:1.89013
[122]	eval-rmse:1.89316
{'MSE - mean': 3.7314274162351495, 'MSE - std': 0.1055130186060735, 'R2 - mean': 0.5006149547351771, 'R2 - std': 0.006427600794288787}
[0]	eval-rmse:3.10693
[77]	eval-rmse:1.90687
{'MSE - mean': 3.7076113019898145, 'MSE - std': 0.1002565195623942, 'R2 - mean': 0.49207349755257657, 'R2 - std': 0.015806802693291655}
[0]	eval-rmse:3.22731
[100]	eval-rmse:1.94233
[169]	eval-rmse:1.93892
{'MSE - mean': 3.717970066662127, 'MSE - std': 0.0920342968352406, 'R2 - mean': 0.49454782403018227, 'R2 - std': 0.01497909126679066}
Trial 93 finished with value: 3.717970066662127 and parameters: {'max_depth': 11, 'alpha': 1.0987848867862424e-05, 'lambda': 0.21230516059280907, 'eta': 0.048713583310852376}. Best is trial 88 with value: 3.67557069253982.
[0]	eval-rmse:3.30089
[100]	eval-rmse:1.98052
[146]	eval-rmse:1.98069
{'MSE - mean': 3.923121394583752, 'MSE - std': 0.0, 'R2 - mean': 0.4949515778302547, 'R2 - std': 0.0}
[0]	eval-rmse:3.24926
[100]	eval-rmse:1.94843
[182]	eval-rmse:1.93765
{'MSE - mean': 3.838675769793792, 'MSE - std': 0.08444562478995987, 'R2 - mean': 0.49534344114675216, 'R2 - std': 0.0003918633164974872}
[0]	eval-rmse:3.20178
[100]	eval-rmse:1.90644
[165]	eval-rmse:1.89738
{'MSE - mean': 3.7590057268706256, 'MSE - std': 0.132093428462091, 'R2 - mean': 0.4970665029969788, 'R2 - std': 0.002457693129465965}
[0]	eval-rmse:3.14828
[100]	eval-rmse:1.89432
[141]	eval-rmse:1.89517
{'MSE - mean': 3.717701608550794, 'MSE - std': 0.1349244082910428, 'R2 - mean': 0.49096658081031475, 'R2 - std': 0.010777631636358576}
[0]	eval-rmse:3.26784
[100]	eval-rmse:1.94759
[200]	eval-rmse:1.93371
[284]	eval-rmse:1.92970
{'MSE - mean': 3.718909028655257, 'MSE - std': 0.12070421788564417, 'R2 - mean': 0.49460258122464024, 'R2 - std': 0.012075093001841836}
Trial 94 finished with value: 3.718909028655257 and parameters: {'max_depth': 9, 'alpha': 4.94394032597688e-05, 'lambda': 0.3300752298146714, 'eta': 0.030086093848500983}. Best is trial 88 with value: 3.67557069253982.
[0]	eval-rmse:3.26980
[100]	eval-rmse:1.97375
[104]	eval-rmse:1.97489
{'MSE - mean': 3.9001857100563444, 'MSE - std': 0.0, 'R2 - mean': 0.49790423468607936, 'R2 - std': 0.0}
[0]	eval-rmse:3.21771
[100]	eval-rmse:1.92347
[120]	eval-rmse:1.92359
{'MSE - mean': 3.8003765467290345, 'MSE - std': 0.0998091633273097, 'R2 - mean': 0.5004237356470376, 'R2 - std': 0.0025195009609582097}
[0]	eval-rmse:3.17079
[100]	eval-rmse:1.87697
[137]	eval-rmse:1.87518
{'MSE - mean': 3.70540756033004, 'MSE - std': 0.15709698536690567, 'R2 - mean': 0.5043476967300012, 'R2 - std': 0.005918349816973685}
[0]	eval-rmse:3.11610
[96]	eval-rmse:1.89348
{'MSE - mean': 3.675016751998156, 'MSE - std': 0.14587803399320706, 'R2 - mean': 0.4967922922866893, 'R2 - std': 0.014054271853180643}
[0]	eval-rmse:3.23650
[100]	eval-rmse:1.93415
[200]	eval-rmse:1.92827
[206]	eval-rmse:1.92827
{'MSE - mean': 3.6836844641820683, 'MSE - std': 0.1316238488245621, 'R2 - mean': 0.4994050754227738, 'R2 - std': 0.013613397398273254}
Trial 95 finished with value: 3.6836844641820683 and parameters: {'max_depth': 10, 'alpha': 6.7417117192719366e-06, 'lambda': 0.6181256165784093, 'eta': 0.044701329422667}. Best is trial 88 with value: 3.67557069253982.
[0]	eval-rmse:3.27682
[100]	eval-rmse:1.97534
[200]	eval-rmse:1.96902
[300]	eval-rmse:1.96416
[337]	eval-rmse:1.96341
{'MSE - mean': 3.854988101276818, 'MSE - std': 0.0, 'R2 - mean': 0.5037228109431027, 'R2 - std': 0.0}
[0]	eval-rmse:3.22544
[100]	eval-rmse:1.93237
[200]	eval-rmse:1.92678
[300]	eval-rmse:1.92305
[368]	eval-rmse:1.92283
{'MSE - mean': 3.776138973260604, 'MSE - std': 0.07884912801621424, 'R2 - mean': 0.5035531417114751, 'R2 - std': 0.00016966923162747838}
[0]	eval-rmse:3.17742
[100]	eval-rmse:1.89400
[135]	eval-rmse:1.89424
{'MSE - mean': 3.71273270275058, 'MSE - std': 0.11038795347587686, 'R2 - mean': 0.5031754081026131, 'R2 - std': 0.0005518669440804603}
[0]	eval-rmse:3.12354
[100]	eval-rmse:1.90448
{'MSE - mean': 3.6913155379268616, 'MSE - std': 0.10254369825446694, 'R2 - mean': 0.4943276189935416, 'R2 - std': 0.01533227100591379}
[0]	eval-rmse:3.24425
[100]	eval-rmse:1.94013
[200]	eval-rmse:1.93114
[227]	eval-rmse:1.93087
{'MSE - mean': 3.6987035988629047, 'MSE - std': 0.0929004941802856, 'R2 - mean': 0.49717232444507153, 'R2 - std': 0.014846960085582648}
Trial 96 finished with value: 3.6987035988629047 and parameters: {'max_depth': 10, 'alpha': 6.163467658978433e-06, 'lambda': 0.12654748592428994, 'eta': 0.041375188353033616}. Best is trial 88 with value: 3.67557069253982.
[0]	eval-rmse:3.28968
[100]	eval-rmse:2.05147
[200]	eval-rmse:2.02097
[300]	eval-rmse:2.00710
[400]	eval-rmse:1.99848
[500]	eval-rmse:1.99200
[600]	eval-rmse:1.98765
[700]	eval-rmse:1.98492
[800]	eval-rmse:1.98288
[900]	eval-rmse:1.98045
[945]	eval-rmse:1.98034
{'MSE - mean': 3.92170558368425, 'MSE - std': 0.0, 'R2 - mean': 0.4951338441913903, 'R2 - std': 0.0}
[0]	eval-rmse:3.23858
[100]	eval-rmse:2.01605
[200]	eval-rmse:2.00487
[300]	eval-rmse:1.99952
[400]	eval-rmse:1.99533
[500]	eval-rmse:1.99320
[549]	eval-rmse:1.99273
{'MSE - mean': 3.9463025545537587, 'MSE - std': 0.024596970869508405, 'R2 - mean': 0.48088315966581535, 'R2 - std': 0.01425068452557493}
[0]	eval-rmse:3.19182
[100]	eval-rmse:1.95977
[200]	eval-rmse:1.94728
[300]	eval-rmse:1.94110
[400]	eval-rmse:1.93802
[432]	eval-rmse:1.93816
{'MSE - mean': 3.8829949936970394, 'MSE - std': 0.09175530052204799, 'R2 - mean': 0.4801777921571542, 'R2 - std': 0.01167831721365954}
[0]	eval-rmse:3.13725
[98]	eval-rmse:1.92232
{'MSE - mean': 3.8360731402648582, 'MSE - std': 0.11366291114058143, 'R2 - mean': 0.47457598522972877, 'R2 - std': 0.014015278886401071}
[0]	eval-rmse:3.25671
[100]	eval-rmse:1.99513
[158]	eval-rmse:1.98553
{'MSE - mean': 3.8572682596993237, 'MSE - std': 0.1101468939486103, 'R2 - mean': 0.4757346943092421, 'R2 - std': 0.012748053213517208}
Trial 97 finished with value: 3.8572682596993237 and parameters: {'max_depth': 3, 'alpha': 6.738994601865377e-06, 'lambda': 0.5921705379903756, 'eta': 0.03736232283323889}. Best is trial 88 with value: 3.67557069253982.
[0]	eval-rmse:3.25370
[100]	eval-rmse:1.96392
[200]	eval-rmse:1.95612
[300]	eval-rmse:1.94976
[380]	eval-rmse:1.94793
{'MSE - mean': 3.7944149244085055, 'MSE - std': 0.0, 'R2 - mean': 0.5115207820804184, 'R2 - std': 0.0}
[0]	eval-rmse:3.20239
[96]	eval-rmse:1.93183
{'MSE - mean': 3.763190674457318, 'MSE - std': 0.031224249951187666, 'R2 - mean': 0.5051232643697241, 'R2 - std': 0.0063975177106943}
[0]	eval-rmse:3.15435
[100]	eval-rmse:1.89478
[112]	eval-rmse:1.89454
{'MSE - mean': 3.7052158793363046, 'MSE - std': 0.08586106759560108, 'R2 - mean': 0.5040673876884161, 'R2 - std': 0.005432792992990951}
[0]	eval-rmse:3.09999
[77]	eval-rmse:1.90437
{'MSE - mean': 3.685570277523978, 'MSE - std': 0.08177371954483782, 'R2 - mean': 0.49501239861099994, 'R2 - std': 0.016374214831707062}
[0]	eval-rmse:3.22040
[100]	eval-rmse:1.93424
[200]	eval-rmse:1.91933
[259]	eval-rmse:1.91735
{'MSE - mean': 3.68370646749947, 'MSE - std': 0.07323556593478374, 'R2 - mean': 0.4990911703870493, 'R2 - std': 0.0167641714942405}
Trial 98 finished with value: 3.68370646749947 and parameters: {'max_depth': 9, 'alpha': 2.4452462831703457e-06, 'lambda': 0.32794324715774337, 'eta': 0.05252613917104085}. Best is trial 88 with value: 3.67557069253982.
[0]	eval-rmse:3.25616
[100]	eval-rmse:1.97150
[164]	eval-rmse:1.96765
{'MSE - mean': 3.8716451098852525, 'MSE - std': 0.0, 'R2 - mean': 0.501578448057118, 'R2 - std': 0.0}
[0]	eval-rmse:3.20468
[100]	eval-rmse:1.93021
[170]	eval-rmse:1.92697
{'MSE - mean': 3.792387820138363, 'MSE - std': 0.0792572897468895, 'R2 - mean': 0.5014171072328055, 'R2 - std': 0.00016134082431257246}
[0]	eval-rmse:3.15665
[100]	eval-rmse:1.89927
[111]	eval-rmse:1.89902
{'MSE - mean': 3.73034832405162, 'MSE - std': 0.1090211453560375, 'R2 - mean': 0.5008101723710275, 'R2 - std': 0.0008683857210994742}
[0]	eval-rmse:3.10234
[84]	eval-rmse:1.89347
{'MSE - mean': 3.6940683199010658, 'MSE - std': 0.11341483017907904, 'R2 - mean': 0.49408837956726454, 'R2 - std': 0.011666750439201824}
[0]	eval-rmse:3.22359
[100]	eval-rmse:1.94387
[200]	eval-rmse:1.93048
[232]	eval-rmse:1.92969
{'MSE - mean': 3.699994445994691, 'MSE - std': 0.10213136073483821, 'R2 - mean': 0.49710106840770135, 'R2 - std': 0.012049714886488526}
Trial 99 finished with value: 3.699994445994691 and parameters: {'max_depth': 9, 'alpha': 2.4414525821077087e-06, 'lambda': 0.30761021390663257, 'eta': 0.05142357253675845}. Best is trial 88 with value: 3.67557069253982.
Best parameters: {'max_depth': 10, 'alpha': 8.514935253693425e-06, 'lambda': 0.48507947284134745, 'eta': 0.04482100987494179}
[0]	eval-rmse:3.26968
[100]	eval-rmse:1.97266
[200]	eval-rmse:1.96160
[263]	eval-rmse:1.96067
{'MSE - mean': 3.8441674545084568, 'MSE - std': 0.0, 'R2 - mean': 0.505115821769829, 'R2 - std': 0.0}
[0]	eval-rmse:3.21746
[100]	eval-rmse:1.92824
[115]	eval-rmse:1.92995
{'MSE - mean': 3.7839781842957305, 'MSE - std': 0.06018927021272624, 'R2 - mean': 0.5024699820052541, 'R2 - std': 0.002645839764575053}
[0]	eval-rmse:3.17030
[100]	eval-rmse:1.87882
[200]	eval-rmse:1.87572
[283]	eval-rmse:1.87321
{'MSE - mean': 3.6922867482409405, 'MSE - std': 0.13867157023247295, 'R2 - mean': 0.5060155456503391, 'R2 - std': 0.005459763898671428}
[0]	eval-rmse:3.11584
[74]	eval-rmse:1.89226
{'MSE - mean': 3.6652062477055463, 'MSE - std': 0.12892794041943445, 'R2 - mean': 0.49803876156529925, 'R2 - std': 0.01460287709288692}
[0]	eval-rmse:3.23630
[100]	eval-rmse:1.92810
[124]	eval-rmse:1.92796
{'MSE - mean': 3.67557069253982, 'MSE - std': 0.11716491763121155, 'R2 - mean': 0.5004372309830846, 'R2 - std': 0.013914231480903812}
Results: {'MSE - mean': 3.67557069253982, 'MSE - std': 0.11716491763121155, 'R2 - mean': 0.5004372309830846, 'R2 - std': 0.013914231480903812}
Train time: 34.014925937399674
Inference time: 5.165656173599563


----------------------------------------------------------------------------
Training XGBoost Vesion 1 with Dataset: config/house_sales.yml 



----------------------------------------------------------------------------
Namespace(batch_size=128, cat_dims=None, cat_idx=None, config='config/house_sales.yml', data_parallel=False, dataset='House Sales', direction='minimize', dropna_idx=[0], early_stopping_rounds=20, epochs=1000, gpu_ids=[0, 1], logging_period=100, miss_cat_idx=None, miss_num_idx=None, model_name='XGBoost', n_trials=100, nominal_idx=[14], num_classes=1, num_features=21, num_splits=5, objective='regression', one_hot_encode=True, optimize_hyperparameters=True, ordinal_encode=False, ordinal_idx=None, scale=True, seed=221, shuffle=True, target_encode=False, use_gpu=True, val_batch_size=256)
Start hyperparameter optimization
Loading dataset House Sales...
Dataset loaded!
(21613, 21)
Scaling the data...
args.num_features: 90
New Shape: (21613, 90)
A new study created in RDB with name: XGBoost_House Sales
[0]	eval-rmse:620463.31250
[100]	eval-rmse:116323.85938
[200]	eval-rmse:111462.68750
[300]	eval-rmse:110339.14062
[400]	eval-rmse:109692.54688
[500]	eval-rmse:109423.77344
[544]	eval-rmse:109365.99219
{'MSE - mean': 11960919985.61552, 'MSE - std': 0.0, 'R2 - mean': 0.9068590183220651, 'R2 - std': 0.0}
[0]	eval-rmse:625811.62500
[100]	eval-rmse:144384.20312
[200]	eval-rmse:140469.51562
[300]	eval-rmse:139585.12500
[306]	eval-rmse:139592.70312
{'MSE - mean': 15723521807.495457, 'MSE - std': 3762601821.879936, 'R2 - mean': 0.8838705164993373, 'R2 - std': 0.022988501822727714}
[0]	eval-rmse:642263.06250
[100]	eval-rmse:125685.40625
[200]	eval-rmse:119940.28906
[300]	eval-rmse:117801.15625
[400]	eval-rmse:116605.96875
[500]	eval-rmse:116031.37500
[536]	eval-rmse:115982.67188
{'MSE - mean': 14966341571.309153, 'MSE - std': 3253422628.579289, 'R2 - mean': 0.8927306941917985, 'R2 - std': 0.022568111164199794}
[0]	eval-rmse:614674.75000
[100]	eval-rmse:118745.07812
[200]	eval-rmse:114833.75000
[300]	eval-rmse:113454.18750
[400]	eval-rmse:112763.78906
[500]	eval-rmse:112168.26562
[525]	eval-rmse:112184.44531
{'MSE - mean': 14371093627.237116, 'MSE - std': 3000254896.651248, 'R2 - mean': 0.893579657931334, 'R2 - std': 0.019599794627314284}
[0]	eval-rmse:630492.56250
[100]	eval-rmse:135233.67188
[200]	eval-rmse:130757.19531
[300]	eval-rmse:129697.32812
[378]	eval-rmse:129243.56250
{'MSE - mean': 14836834220.730595, 'MSE - std': 2840577539.447649, 'R2 - mean': 0.8899207861477525, 'R2 - std': 0.01899660312953536}
Trial 0 finished with value: 14836834220.730595 and parameters: {'max_depth': 7, 'alpha': 0.00010847370530529166, 'lambda': 0.00047461204930899657, 'eta': 0.043072519745692886}. Best is trial 0 with value: 14836834220.730595.
[0]	eval-rmse:479808.68750
[100]	eval-rmse:115435.99219
[175]	eval-rmse:113160.17969
{'MSE - mean': 12805226807.260847, 'MSE - std': 0.0, 'R2 - mean': 0.9002843094953196, 'R2 - std': 0.0}
[0]	eval-rmse:489399.62500
[100]	eval-rmse:138355.87500
[179]	eval-rmse:136286.17188
{'MSE - mean': 15689574217.080975, 'MSE - std': 2884347409.8201284, 'R2 - mean': 0.8838394204164023, 'R2 - std': 0.01644488907891728}
[0]	eval-rmse:503840.46875
[100]	eval-rmse:144279.82812
[131]	eval-rmse:143301.34375
{'MSE - mean': 17312265219.087048, 'MSE - std': 3288245554.953837, 'R2 - mean': 0.8769426466511735, 'R2 - std': 0.016595799507187297}
[0]	eval-rmse:475140.53125
[100]	eval-rmse:125887.30469
[200]	eval-rmse:122579.02344
[203]	eval-rmse:122552.76562
{'MSE - mean': 16737448527.31, 'MSE - std': 3016730317.6936083, 'R2 - mean': 0.8767294598855302, 'R2 - std': 0.014377126512387827}
[0]	eval-rmse:489513.56250
[100]	eval-rmse:132276.14062
[127]	eval-rmse:133449.84375
{'MSE - mean': 16951730674.868427, 'MSE - std': 2732068228.065037, 'R2 - mean': 0.874784123471317, 'R2 - std': 0.013434982264983483}
Trial 1 finished with value: 16951730674.868427 and parameters: {'max_depth': 3, 'alpha': 0.12599065764560066, 'lambda': 4.450590488056433e-07, 'eta': 0.29856101134214613}. Best is trial 0 with value: 14836834220.730595.
[0]	eval-rmse:627001.75000
[100]	eval-rmse:122973.93750
[200]	eval-rmse:116062.17188
[300]	eval-rmse:115276.26562
[400]	eval-rmse:115076.57812
[473]	eval-rmse:114950.01562
{'MSE - mean': 13213506219.184721, 'MSE - std': 0.0, 'R2 - mean': 0.897104993416689, 'R2 - std': 0.0}
[0]	eval-rmse:632238.81250
[100]	eval-rmse:151830.87500
[200]	eval-rmse:145922.48438
[300]	eval-rmse:145199.73438
[400]	eval-rmse:144957.68750
[466]	eval-rmse:144922.75000
{'MSE - mean': 17107985018.720932, 'MSE - std': 3894478799.536212, 'R2 - mean': 0.8735806729429785, 'R2 - std': 0.023524320473710614}
[0]	eval-rmse:648343.00000
[100]	eval-rmse:137886.68750
[200]	eval-rmse:131201.00000
[300]	eval-rmse:130417.69531
[400]	eval-rmse:130176.62500
[500]	eval-rmse:130004.24219
[600]	eval-rmse:129872.67969
[646]	eval-rmse:129851.65625
{'MSE - mean': 17025808111.768679, 'MSE - std': 3181951628.8116565, 'R2 - mean': 0.8783052524609247, 'R2 - std': 0.02033647967920429}
[0]	eval-rmse:621170.50000
[100]	eval-rmse:122402.96875
[200]	eval-rmse:117791.17188
[300]	eval-rmse:117239.47656
[374]	eval-rmse:117055.45312
{'MSE - mean': 16194688531.428152, 'MSE - std': 3109001672.0080914, 'R2 - mean': 0.8804578855064252, 'R2 - std': 0.01800224406547027}
[0]	eval-rmse:637129.12500
[100]	eval-rmse:137450.96875
[200]	eval-rmse:132570.89062
[300]	eval-rmse:132023.82812
[400]	eval-rmse:131818.98438
[485]	eval-rmse:131745.20312
{'MSE - mean': 16427110371.575964, 'MSE - std': 2819360346.6655455, 'R2 - mean': 0.8784420664303838, 'R2 - std': 0.01659875716141237}
Trial 2 finished with value: 16427110371.575964 and parameters: {'max_depth': 10, 'alpha': 0.0018995717583980161, 'lambda': 0.1149836667839265, 'eta': 0.03218858571225366}. Best is trial 0 with value: 14836834220.730595.
[0]	eval-rmse:638920.50000
[100]	eval-rmse:227986.20312
[200]	eval-rmse:140138.59375
[300]	eval-rmse:121348.18750
[400]	eval-rmse:115207.71094
[500]	eval-rmse:112088.10938
[600]	eval-rmse:110211.78906
[700]	eval-rmse:108861.25781
[800]	eval-rmse:107904.00781
[900]	eval-rmse:107055.26562
[999]	eval-rmse:106355.71094
{'MSE - mean': 11311537669.3863, 'MSE - std': 0.0, 'R2 - mean': 0.9119158288759873, 'R2 - std': 0.0}
[0]	eval-rmse:643960.62500
[100]	eval-rmse:243842.32812
[200]	eval-rmse:163502.82812
[300]	eval-rmse:147404.48438
[400]	eval-rmse:142993.23438
[500]	eval-rmse:141163.28125
[600]	eval-rmse:140152.81250
[700]	eval-rmse:139481.48438
[800]	eval-rmse:138762.81250
[900]	eval-rmse:138219.40625
[999]	eval-rmse:137862.18750
{'MSE - mean': 15158758681.019012, 'MSE - std': 3847221011.6327133, 'R2 - mean': 0.8881128762398107, 'R2 - std': 0.023802952636176655}
[0]	eval-rmse:661026.50000
[100]	eval-rmse:247129.68750
[200]	eval-rmse:152984.79688
[300]	eval-rmse:133218.50000
[400]	eval-rmse:127448.39844
[500]	eval-rmse:124275.64062
[600]	eval-rmse:122369.89062
[700]	eval-rmse:121049.50000
[800]	eval-rmse:120037.78906
[900]	eval-rmse:119282.45312
[999]	eval-rmse:118483.36719
{'MSE - mean': 14785275570.916006, 'MSE - std': 3185339166.9694963, 'R2 - mean': 0.8942578845261778, 'R2 - std': 0.02128949560571492}
[0]	eval-rmse:633214.12500
[100]	eval-rmse:225500.42188
[200]	eval-rmse:142974.40625
[300]	eval-rmse:129172.91406
[400]	eval-rmse:125193.59375
[500]	eval-rmse:122602.80469
[600]	eval-rmse:120955.11719
[700]	eval-rmse:119743.00781
[800]	eval-rmse:118831.71094
[900]	eval-rmse:118237.83594
[999]	eval-rmse:117759.18750
{'MSE - mean': 14555763046.42396, 'MSE - std': 2787080408.450495, 'R2 - mean': 0.8920800536737776, 'R2 - std': 0.018819160688625703}
[0]	eval-rmse:649253.00000
[100]	eval-rmse:238557.48438
[200]	eval-rmse:152804.90625
[300]	eval-rmse:137161.82812
[400]	eval-rmse:132689.70312
[500]	eval-rmse:130972.23438
[600]	eval-rmse:129577.33594
[700]	eval-rmse:128668.46094
[800]	eval-rmse:128074.79688
[900]	eval-rmse:127485.92969
[999]	eval-rmse:126880.50000
{'MSE - mean': 14864342773.688477, 'MSE - std': 2568100378.6552896, 'R2 - mean': 0.8896189623099037, 'R2 - std': 0.01753728970008743}
