Trial 42 finished with value: 17607714.920443404 and parameters: {'max_depth': 2, 'alpha': 0.47017982331829977, 'lambda': 0.11502949553074533, 'eta': 0.01693374996520386}. Best is trial 38 with value: 17517033.509033244.
[0]	eval-rmse:6764.22217
[100]	eval-rmse:2041.05603
[200]	eval-rmse:952.43121
[300]	eval-rmse:843.66583
[310]	eval-rmse:856.51172
{'MSE - mean': 733606.4042436724, 'MSE - std': 0.0, 'R2 - mean': 0.9642330965938167, 'R2 - std': 0.0}
[0]	eval-rmse:25071.83984
[100]	eval-rmse:5824.79541
[200]	eval-rmse:4879.84619
[264]	eval-rmse:4859.19629
{'MSE - mean': 12172697.541120747, 'MSE - std': 11439091.136877073, 'R2 - mean': 0.9632076000416488, 'R2 - std': 0.0010254965521678816}
[0]	eval-rmse:7147.11670
[100]	eval-rmse:2801.61768
[159]	eval-rmse:2629.44434
{'MSE - mean': 10419790.76338276, 'MSE - std': 9663362.166868525, 'R2 - mean': 0.8843402960445838, 'R2 - std': 0.11153835382944877}
[0]	eval-rmse:25038.29688
[100]	eval-rmse:5454.76318
[200]	eval-rmse:4282.46045
[300]	eval-rmse:4145.26904
[400]	eval-rmse:4093.38110
[472]	eval-rmse:4081.48413
{'MSE - mean': 11979083.039171636, 'MSE - std': 8793725.2333726, 'R2 - mean': 0.9065656704183703, 'R2 - std': 0.10398319613958015}
[0]	eval-rmse:9616.15625
[100]	eval-rmse:6964.04248
[200]	eval-rmse:6782.23047
[300]	eval-rmse:6522.80322
[400]	eval-rmse:6402.90283
[500]	eval-rmse:6345.23486
[563]	eval-rmse:6333.88477
{'MSE - mean': 17606885.854392476, 'MSE - std': 13731436.228307422, 'R2 - mean': 0.8029817159426198, 'R2 - std': 0.2270870902602335}
Trial 43 finished with value: 17606885.854392476 and parameters: {'max_depth': 2, 'alpha': 0.4545265427173867, 'lambda': 0.10763571596529306, 'eta': 0.025731047432219455}. Best is trial 38 with value: 17517033.509033244.
[0]	eval-rmse:6763.28564
[100]	eval-rmse:1216.14453
[185]	eval-rmse:969.99664
{'MSE - mean': 939040.3445854028, 'MSE - std': 0.0, 'R2 - mean': 0.9542171863481455, 'R2 - std': 0.0}
[0]	eval-rmse:25032.05664
[100]	eval-rmse:5197.10107
[200]	eval-rmse:4812.09326
[213]	eval-rmse:4827.58984
{'MSE - mean': 12122333.015823394, 'MSE - std': 11183292.671237992, 'R2 - mean': 0.9584448283834055, 'R2 - std': 0.0042276420352600486}
[0]	eval-rmse:7142.95215
[100]	eval-rmse:2501.13916
[115]	eval-rmse:2604.60571
{'MSE - mean': 10342879.227135047, 'MSE - std': 9471550.465430578, 'R2 - mean': 0.8828786863057472, 'R2 - std': 0.10692239691377665}
[0]	eval-rmse:24997.65039
[100]	eval-rmse:4747.05469
[200]	eval-rmse:4226.37744
[220]	eval-rmse:4250.48633
{'MSE - mean': 12273817.785138678, 'MSE - std': 8858231.895178296, 'R2 - mean': 0.9049033283373251, 'R2 - std': 0.10014765993870178}
[0]	eval-rmse:9617.44043
[100]	eval-rmse:6887.95654
[200]	eval-rmse:6596.48975
[300]	eval-rmse:6452.61133
[400]	eval-rmse:6396.92041
[500]	eval-rmse:6384.35986
[600]	eval-rmse:6375.51367
[700]	eval-rmse:6368.23633
{'MSE - mean': 17932168.217917703, 'MSE - std': 13814569.71199341, 'R2 - mean': 0.8002880470227508, 'R2 - std': 0.2275984871897624}
Trial 44 finished with value: 17932168.217917703 and parameters: {'max_depth': 3, 'alpha': 0.837029044116679, 'lambda': 2.0057104411586328e-08, 'eta': 0.024951535100053244}. Best is trial 38 with value: 17517033.509033244.
[0]	eval-rmse:6815.24268
[100]	eval-rmse:2693.51221
[200]	eval-rmse:1643.08227
[300]	eval-rmse:1041.57117
[400]	eval-rmse:897.33691
[500]	eval-rmse:880.05957
[506]	eval-rmse:878.82306
{'MSE - mean': 773737.7659604809, 'MSE - std': 0.0, 'R2 - mean': 0.9622764962563871, 'R2 - std': 0.0}
[0]	eval-rmse:25325.66602
[100]	eval-rmse:8653.56738
[200]	eval-rmse:5512.86572
[300]	eval-rmse:4887.92041
[400]	eval-rmse:4777.77344
[442]	eval-rmse:4773.82422
{'MSE - mean': 11784637.579449417, 'MSE - std': 11010899.813488936, 'R2 - mean': 0.9628829756076682, 'R2 - std': 0.0006064793512811084}
[0]	eval-rmse:7195.44336
[100]	eval-rmse:3444.07739
[200]	eval-rmse:2456.51587
[232]	eval-rmse:2431.31909
{'MSE - mean': 9826862.716446856, 'MSE - std': 9407038.568550847, 'R2 - mean': 0.8973397508140998, 'R2 - std': 0.09269344013547846}
[0]	eval-rmse:25292.53320
[100]	eval-rmse:8517.73144
[200]	eval-rmse:5114.90186
[300]	eval-rmse:4384.84814
[400]	eval-rmse:4204.62012
[500]	eval-rmse:4146.85205
[598]	eval-rmse:4114.51611
{'MSE - mean': 11608691.815178432, 'MSE - std': 8711717.728663625, 'R2 - mean': 0.9161958961674256, 'R2 - std': 0.08666439889521765}
[0]	eval-rmse:9652.18652
[100]	eval-rmse:7136.45020
[200]	eval-rmse:6867.60205
[300]	eval-rmse:6784.06494
[400]	eval-rmse:6688.76367
[500]	eval-rmse:6541.35889
[600]	eval-rmse:6466.77002
[700]	eval-rmse:6450.36377
[708]	eval-rmse:6449.48877
{'MSE - mean': 17601681.74273777, 'MSE - std': 14296116.03598825, 'R2 - mean': 0.8062497289994166, 'R2 - std': 0.23315491229746507}
Trial 45 finished with value: 17601681.74273777 and parameters: {'max_depth': 2, 'alpha': 0.20813704320480145, 'lambda': 0.3632395197108815, 'eta': 0.01732361044296226}. Best is trial 38 with value: 17517033.509033244.
[0]	eval-rmse:6847.47852
[100]	eval-rmse:2625.28638
[200]	eval-rmse:1397.58374
[300]	eval-rmse:1052.19946
[400]	eval-rmse:996.60175
[410]	eval-rmse:999.30194
{'MSE - mean': 996834.165983557, 'MSE - std': 0.0, 'R2 - mean': 0.9513994546387922, 'R2 - std': 0.0}
[0]	eval-rmse:25490.63086
[100]	eval-rmse:14457.76660
[200]	eval-rmse:8911.75098
[300]	eval-rmse:6340.25000
[400]	eval-rmse:5317.62353
[500]	eval-rmse:4987.86963
[600]	eval-rmse:4894.16992
[675]	eval-rmse:4879.40478
{'MSE - mean': 12402712.92743506, 'MSE - std': 11405878.761451501, 'R2 - mean': 0.9566331739796543, 'R2 - std': 0.005233719340862086}
[0]	eval-rmse:7224.15820
[100]	eval-rmse:3285.93115
[200]	eval-rmse:2406.89136
[236]	eval-rmse:2396.53857
{'MSE - mean': 10182941.056838369, 'MSE - std': 9827723.771501632, 'R2 - mean': 0.8953864717088345, 'R2 - std': 0.08672126780780776}
[0]	eval-rmse:25457.39258
[100]	eval-rmse:14350.81836
[200]	eval-rmse:8714.63769
[300]	eval-rmse:5959.39111
[400]	eval-rmse:4801.24365
[500]	eval-rmse:4374.04395
[600]	eval-rmse:4217.70215
[700]	eval-rmse:4149.37451
[800]	eval-rmse:4125.51611
[837]	eval-rmse:4127.36865
{'MSE - mean': 11896165.997286208, 'MSE - std': 9013519.56709593, 'R2 - mean': 0.9146981409255343, 'R2 - std': 0.08221469103177867}
[0]	eval-rmse:9672.50391
[100]	eval-rmse:7252.59619
[200]	eval-rmse:6888.91455
[300]	eval-rmse:6773.82568
[400]	eval-rmse:6740.38965
[500]	eval-rmse:6676.94531
[600]	eval-rmse:6589.95264
[700]	eval-rmse:6548.99853
[800]	eval-rmse:6505.95459
[900]	eval-rmse:6449.70459
[999]	eval-rmse:6420.28809
{'MSE - mean': 17760951.70350247, 'MSE - std': 14232978.37799563, 'R2 - mean': 0.8061290552878368, 'R2 - std': 0.22925180427203484}
Trial 46 finished with value: 17760951.70350247 and parameters: {'max_depth': 3, 'alpha': 0.3289133434449313, 'lambda': 0.9903722666709291, 'eta': 0.011649292776501069}. Best is trial 38 with value: 17517033.509033244.
[0]	eval-rmse:6815.97559
[100]	eval-rmse:2704.75073
[200]	eval-rmse:1639.63831
[300]	eval-rmse:1041.09607
[400]	eval-rmse:898.51898
[471]	eval-rmse:884.08319
{'MSE - mean': 780648.4614987957, 'MSE - std': 0.0, 'R2 - mean': 0.9619395660191937, 'R2 - std': 0.0}
[0]	eval-rmse:25320.50781
[100]	eval-rmse:8536.98828
[200]	eval-rmse:5480.60059
[300]	eval-rmse:4877.81592
[400]	eval-rmse:4782.15576
[436]	eval-rmse:4774.93945
{'MSE - mean': 11787117.25039803, 'MSE - std': 11006468.788899235, 'R2 - mean': 0.9627160731849574, 'R2 - std': 0.0007765071657637179}
[0]	eval-rmse:7196.13818
[100]	eval-rmse:3453.58765
[200]	eval-rmse:2473.24414
[243]	eval-rmse:2476.80444
{'MSE - mean': 9914367.439280108, 'MSE - std': 9368882.208892003, 'R2 - mean': 0.8938337155508144, 'R2 - std': 0.09741642757800976}
[0]	eval-rmse:25287.36328
[100]	eval-rmse:8399.50488
[200]	eval-rmse:5067.27246
[300]	eval-rmse:4371.06982
[400]	eval-rmse:4195.78955
[500]	eval-rmse:4144.04541
[597]	eval-rmse:4117.68652
{'MSE - mean': 11674361.238290522, 'MSE - std': 8667450.599843945, 'R2 - mean': 0.9135663040475998, 'R2 - std': 0.09102524604688866}
[0]	eval-rmse:9652.70508
[100]	eval-rmse:7137.57812
[200]	eval-rmse:6867.65527
[300]	eval-rmse:6780.38574
[400]	eval-rmse:6685.91113
[500]	eval-rmse:6532.19238
[600]	eval-rmse:6446.29346
[700]	eval-rmse:6404.19238
[800]	eval-rmse:6374.08789
[900]	eval-rmse:6348.72656
[923]	eval-rmse:6352.88867
{'MSE - mean': 17411327.546082366, 'MSE - std': 13847414.54523346, 'R2 - mean': 0.8078474181941819, 'R2 - std': 0.22657097704399215}
Trial 47 finished with value: 17411327.546082366 and parameters: {'max_depth': 2, 'alpha': 0.10072981494499898, 'lambda': 0.3292280936615201, 'eta': 0.017202514126326472}. Best is trial 47 with value: 17411327.546082366.
[0]	eval-rmse:6811.22168
[100]	eval-rmse:1805.13904
[200]	eval-rmse:1053.27637
[257]	eval-rmse:1041.65063
{'MSE - mean': 1082958.5703801794, 'MSE - std': 0.0, 'R2 - mean': 0.9472004683224924, 'R2 - std': 0.0}
[0]	eval-rmse:25333.93945
[100]	eval-rmse:8588.39453
[200]	eval-rmse:5245.91748
[300]	eval-rmse:4921.00098
[349]	eval-rmse:4901.13477
{'MSE - mean': 12549414.704397142, 'MSE - std': 11466456.134016963, 'R2 - mean': 0.9543676861666198, 'R2 - std': 0.007167217844127438}
[0]	eval-rmse:7188.88232
[100]	eval-rmse:2679.38379
[162]	eval-rmse:2469.17603
{'MSE - mean': 10392377.311428329, 'MSE - std': 9846760.794539908, 'R2 - mean': 0.8894618430941216, 'R2 - std': 0.09197707832744872}
[0]	eval-rmse:25300.27539
[100]	eval-rmse:8376.79492
[200]	eval-rmse:4686.92627
[300]	eval-rmse:4221.32373
[376]	eval-rmse:4207.51416
{'MSE - mean': 12220076.595422542, 'MSE - std': 9096179.287305469, 'R2 - mean': 0.9099866636104943, 'R2 - std': 0.08722752991417429}
[0]	eval-rmse:9650.33594
[100]	eval-rmse:7004.31006
[200]	eval-rmse:6787.57031
[300]	eval-rmse:6674.30127
[400]	eval-rmse:6508.48193
[500]	eval-rmse:6449.84131
[600]	eval-rmse:6418.32910
{'MSE - mean': 18015033.133152664, 'MSE - std': 14160454.342928702, 'R2 - mean': 0.8024367847113771, 'R2 - std': 0.2288117553466205}
Trial 48 finished with value: 18015033.133152664 and parameters: {'max_depth': 3, 'alpha': 0.1113734851634665, 'lambda': 0.41807615620636296, 'eta': 0.01742472130932204}. Best is trial 47 with value: 17411327.546082366.
[0]	eval-rmse:6833.84131
[100]	eval-rmse:2249.30176
[200]	eval-rmse:1342.92786
[300]	eval-rmse:1244.44861
[400]	eval-rmse:1239.22839
[407]	eval-rmse:1239.19250
{'MSE - mean': 1535597.9930285392, 'MSE - std': 0.0, 'R2 - mean': 0.9251320806775053, 'R2 - std': 0.0}
[0]	eval-rmse:25335.70117
[100]	eval-rmse:9037.31934
[200]	eval-rmse:6376.66211
[300]	eval-rmse:6189.84717
[366]	eval-rmse:6184.94971
{'MSE - mean': 19894599.28302577, 'MSE - std': 18359001.28999723, 'R2 - mean': 0.93193153976461, 'R2 - std': 0.00679945908710472}
[0]	eval-rmse:7211.15283
[100]	eval-rmse:2752.56372
[200]	eval-rmse:2055.25879
[300]	eval-rmse:2015.46045
[306]	eval-rmse:2015.72913
{'MSE - mean': 14617454.203486456, 'MSE - std': 16745102.944595236, 'R2 - mean': 0.9010654580886843, 'R2 - std': 0.0440028608005733}
[0]	eval-rmse:25303.13086
[100]	eval-rmse:8416.49609
[200]	eval-rmse:4864.25586
[300]	eval-rmse:4427.24902
[400]	eval-rmse:4381.57227
[500]	eval-rmse:4374.30176
[600]	eval-rmse:4372.82031
[700]	eval-rmse:4372.47412
[743]	eval-rmse:4372.46289
{'MSE - mean': 15742707.225826515, 'MSE - std': 14632068.806620456, 'R2 - mean': 0.9181209837498565, 'R2 - std': 0.048216819531286766}
[0]	eval-rmse:9665.91406
[100]	eval-rmse:7092.00391
[200]	eval-rmse:6799.74805
[300]	eval-rmse:6758.91504
[400]	eval-rmse:6750.22168
[500]	eval-rmse:6748.34570
[600]	eval-rmse:6748.04248
[700]	eval-rmse:6747.85645
[800]	eval-rmse:6747.70947
[818]	eval-rmse:6747.71387
{'MSE - mean': 21700501.96610648, 'MSE - std': 17699130.563916713, 'R2 - mean': 0.7957265964595568, 'R2 - std': 0.2485587123985835}
Trial 49 finished with value: 21700501.96610648 and parameters: {'max_depth': 9, 'alpha': 0.29485196197499497, 'lambda': 0.009596148806338719, 'eta': 0.012532992964201706}. Best is trial 47 with value: 17411327.546082366.
[0]	eval-rmse:6811.85840
[100]	eval-rmse:1630.50696
[200]	eval-rmse:837.19940
[272]	eval-rmse:808.70172
{'MSE - mean': 653392.5032271356, 'MSE - std': 0.0, 'R2 - mean': 0.9681439169368445, 'R2 - std': 0.0}
[0]	eval-rmse:25265.68164
[100]	eval-rmse:7201.58105
[200]	eval-rmse:5492.87793
[263]	eval-rmse:5467.65576
{'MSE - mean': 15274326.485225704, 'MSE - std': 14620933.981998568, 'R2 - mean': 0.9601310389150044, 'R2 - std': 0.008012878021840197}
[0]	eval-rmse:7181.62939
[100]	eval-rmse:3088.75659
[200]	eval-rmse:2586.11133
[267]	eval-rmse:2524.33130
{'MSE - mean': 12306966.980273262, 'MSE - std': 12654047.515870309, 'R2 - mean': 0.8894296554667478, 'R2 - std': 0.10020067557551736}
[0]	eval-rmse:25230.83594
[100]	eval-rmse:6823.53272
[200]	eval-rmse:4293.41602
[300]	eval-rmse:4125.87451
[312]	eval-rmse:4145.74365
{'MSE - mean': 13524564.516000055, 'MSE - std': 11159808.250030622, 'R2 - mean': 0.9101736948060087, 'R2 - std': 0.09392058902961044}
[0]	eval-rmse:9651.29883
[100]	eval-rmse:7010.15283
[200]	eval-rmse:6756.68701
[300]	eval-rmse:6619.55566
[400]	eval-rmse:6574.85596
[500]	eval-rmse:6552.16406
[528]	eval-rmse:6555.07568
{'MSE - mean': 19413455.28080321, 'MSE - std': 15438561.911690377, 'R2 - mean': 0.797179177050229, 'R2 - std': 0.2410972953112085}
Trial 50 finished with value: 19413455.28080321 and parameters: {'max_depth': 4, 'alpha': 0.06051893742789476, 'lambda': 0.06684037412341481, 'eta': 0.016286631557451914}. Best is trial 47 with value: 17411327.546082366.
[0]	eval-rmse:6813.20410
[100]	eval-rmse:2659.63867
[200]	eval-rmse:1537.07751
[300]	eval-rmse:980.81232
[400]	eval-rmse:873.12457
[500]	eval-rmse:855.46277
[510]	eval-rmse:855.42889
{'MSE - mean': 731585.0818669973, 'MSE - std': 0.0, 'R2 - mean': 0.9643316459545925, 'R2 - std': 0.0}
[0]	eval-rmse:25292.60742
[100]	eval-rmse:7969.31885
[200]	eval-rmse:5339.96924
[300]	eval-rmse:4855.36279
[400]	eval-rmse:4790.24365
[451]	eval-rmse:4792.34082
{'MSE - mean': 11849057.411108293, 'MSE - std': 11117472.329241294, 'R2 - mean': 0.9637736152379555, 'R2 - std': 0.0005580307166370146}
[0]	eval-rmse:7193.51221
[100]	eval-rmse:3417.24609
[200]	eval-rmse:2494.31763
[229]	eval-rmse:2518.10156
{'MSE - mean': 10036597.82514501, 'MSE - std': 9432328.105817653, 'R2 - mean': 0.8913383135252442, 'R2 - std': 0.10243999935219086}
[0]	eval-rmse:25259.41602
[100]	eval-rmse:7821.00147
[200]	eval-rmse:4874.20752
[300]	eval-rmse:4314.32324
[400]	eval-rmse:4171.26416
[500]	eval-rmse:4122.09180
[582]	eval-rmse:4099.08203
{'MSE - mean': 11727771.184400085, 'MSE - std': 8677949.764489911, 'R2 - mean': 0.9117562190306344, 'R2 - std': 0.09550464751067765}
[0]	eval-rmse:9650.74414
[100]	eval-rmse:7125.89941
[200]	eval-rmse:6855.96436
[300]	eval-rmse:6780.59912
[400]	eval-rmse:6631.27393
[500]	eval-rmse:6499.72510
[600]	eval-rmse:6432.53174
[700]	eval-rmse:6403.71191
[800]	eval-rmse:6363.69092
[898]	eval-rmse:6351.57031
{'MSE - mean': 17450705.733235817, 'MSE - std': 13829438.495218774, 'R2 - mean': 0.8064503968556735, 'R2 - std': 0.22727554838277012}
Trial 51 finished with value: 17450705.733235817 and parameters: {'max_depth': 2, 'alpha': 0.3288785344677564, 'lambda': 0.24965327717531133, 'eta': 0.017658376654054415}. Best is trial 47 with value: 17411327.546082366.
[0]	eval-rmse:6811.58594
[100]	eval-rmse:2634.17529
[200]	eval-rmse:1550.56616
[300]	eval-rmse:999.50220
[400]	eval-rmse:887.36255
[467]	eval-rmse:872.95770
{'MSE - mean': 761248.9921591727, 'MSE - std': 0.0, 'R2 - mean': 0.9628853851150846, 'R2 - std': 0.0}
[0]	eval-rmse:25306.53125
[100]	eval-rmse:8240.51660
[200]	eval-rmse:5389.49072
[300]	eval-rmse:4852.06738
[400]	eval-rmse:4782.54443
[447]	eval-rmse:4777.95898
{'MSE - mean': 11794716.479470005, 'MSE - std': 11033467.487310832, 'R2 - mean': 0.9631612757925501, 'R2 - std': 0.00027589067746541796}
[0]	eval-rmse:7191.97852
[100]	eval-rmse:3396.10742
[200]	eval-rmse:2463.38647
[222]	eval-rmse:2464.36206
{'MSE - mean': 9887504.232810521, 'MSE - std': 9403892.118159337, 'R2 - mean': 0.8953930764389825, 'R2 - std': 0.09583897135835212}
[0]	eval-rmse:25273.36523
[100]	eval-rmse:8097.32764
[200]	eval-rmse:4964.92773
[300]	eval-rmse:4343.60059
[400]	eval-rmse:4177.07373
[500]	eval-rmse:4121.83545
[562]	eval-rmse:4109.25342
{'MSE - mean': 11637179.115798803, 'MSE - std': 8689590.14085041, 'R2 - mean': 0.9147631897608438, 'R2 - std': 0.0895233779164724}
[0]	eval-rmse:9649.59863
[100]	eval-rmse:7117.04834
[200]	eval-rmse:6854.74316
[300]	eval-rmse:6781.37939
[400]	eval-rmse:6647.96924
[500]	eval-rmse:6508.18115
[600]	eval-rmse:6431.87549
[700]	eval-rmse:6387.68799
[800]	eval-rmse:6363.57227
[859]	eval-rmse:6362.46045
{'MSE - mean': 17402991.3123193, 'MSE - std': 13906313.048214827, 'R2 - mean': 0.8084786709171888, 'R2 - std': 0.22715004718945012}
Trial 52 finished with value: 17402991.3123193 and parameters: {'max_depth': 2, 'alpha': 0.34980397801746543, 'lambda': 0.3275405880640304, 'eta': 0.017925787553683785}. Best is trial 52 with value: 17402991.3123193.
[0]	eval-rmse:6839.86719
[100]	eval-rmse:3057.00659
[200]	eval-rmse:2103.03613
[300]	eval-rmse:1682.18726
[400]	eval-rmse:1292.00867
[500]	eval-rmse:1081.24731
[600]	eval-rmse:1024.94153
[673]	eval-rmse:1013.93152
{'MSE - mean': 1027342.2077745114, 'MSE - std': 0.0, 'R2 - mean': 0.9499120382564695, 'R2 - std': 0.0}
[0]	eval-rmse:25466.50000
[100]	eval-rmse:13407.45215
[200]	eval-rmse:8046.27490
[300]	eval-rmse:5960.25537
[400]	eval-rmse:5201.66113
[500]	eval-rmse:4900.72510
[600]	eval-rmse:4776.86279
[700]	eval-rmse:4752.77344
[715]	eval-rmse:4752.63770
{'MSE - mean': 11806079.34764001, 'MSE - std': 10778737.139865499, 'R2 - mean': 0.9568694975122456, 'R2 - std': 0.006957459255776122}
[0]	eval-rmse:7218.77783
[100]	eval-rmse:3752.14673
[200]	eval-rmse:2938.53223
[300]	eval-rmse:2239.23144
[390]	eval-rmse:2113.69531
{'MSE - mean': 9362328.18742103, 'MSE - std': 9455049.216495587, 'R2 - mean': 0.9122647497666727, 'R2 - std': 0.06333591294904946}
[0]	eval-rmse:25433.59180
[100]	eval-rmse:13323.53906
[200]	eval-rmse:7893.31348
[300]	eval-rmse:5690.60693
[400]	eval-rmse:4795.69189
[500]	eval-rmse:4450.22705
[600]	eval-rmse:4301.95508
[700]	eval-rmse:4214.51758
[800]	eval-rmse:4169.18408
[900]	eval-rmse:4143.76025
[998]	eval-rmse:4137.06055
{'MSE - mean': 11300494.564828692, 'MSE - std': 8849742.001002401, 'R2 - mean': 0.9273250611191824, 'R2 - std': 0.060737281268762565}
[0]	eval-rmse:9669.62207
[100]	eval-rmse:7292.50391
[200]	eval-rmse:6957.28027
[300]	eval-rmse:6851.20850
[400]	eval-rmse:6796.75635
[500]	eval-rmse:6766.76709
[542]	eval-rmse:6766.35254
{'MSE - mean': 18193789.165592305, 'MSE - std': 15897307.589623844, 'R2 - mean': 0.8023727582744451, 'R2 - std': 0.25574113046897323}
Trial 53 finished with value: 18193789.165592305 and parameters: {'max_depth': 2, 'alpha': 0.1504750786961187, 'lambda': 0.9433940557730781, 'eta': 0.013272096506824075}. Best is trial 52 with value: 17402991.3123193.
[0]	eval-rmse:6764.37256
[100]	eval-rmse:910.79700
[200]	eval-rmse:642.06397
[202]	eval-rmse:642.07428
{'MSE - mean': 412259.3572450278, 'MSE - std': 0.0, 'R2 - mean': 0.9799003382146315, 'R2 - std': 0.0}
[0]	eval-rmse:25209.64648
[100]	eval-rmse:7080.36133
[200]	eval-rmse:5932.17480
[265]	eval-rmse:5912.82275
{'MSE - mean': 17686867.045652352, 'MSE - std': 17274607.688407324, 'R2 - mean': 0.9619520904488397, 'R2 - std': 0.017948247765791847}
[0]	eval-rmse:7144.21436
[100]	eval-rmse:2568.80225
[108]	eval-rmse:2594.38599
{'MSE - mean': 14041812.544407986, 'MSE - std': 15017131.056219468, 'R2 - mean': 0.8856421790288729, 'R2 - std': 0.1089089752672135}
[0]	eval-rmse:25177.21094
[100]	eval-rmse:6149.49756
[200]	eval-rmse:4377.50000
[300]	eval-rmse:4296.01172
[400]	eval-rmse:4291.18506
[471]	eval-rmse:4290.41211
{'MSE - mean': 15133269.228724888, 'MSE - std': 13141898.719400235, 'R2 - mean': 0.9068389975556546, 'R2 - std': 0.10121160515122676}
[0]	eval-rmse:9615.09863
[100]	eval-rmse:6682.85498
[200]	eval-rmse:6572.95312
[300]	eval-rmse:6552.82227
[328]	eval-rmse:6552.72607
{'MSE - mean': 20694259.166452087, 'MSE - std': 16182275.424389228, 'R2 - mean': 0.7946052888735422, 'R2 - std': 0.24203440390158443}
Trial 54 finished with value: 20694259.166452087 and parameters: {'max_depth': 7, 'alpha': 0.045245636410765906, 'lambda': 0.3458187247317334, 'eta': 0.022980926385313565}. Best is trial 52 with value: 17402991.3123193.
[0]	eval-rmse:6799.97949
[100]	eval-rmse:1331.33777
[200]	eval-rmse:599.39520
[300]	eval-rmse:570.56366
[334]	eval-rmse:569.55408
{'MSE - mean': 324452.70499618654, 'MSE - std': 0.0, 'R2 - mean': 0.9841813423487795, 'R2 - std': 0.0}
[0]	eval-rmse:25333.71289
[100]	eval-rmse:8884.56738
[200]	eval-rmse:5790.28320
[300]	eval-rmse:5477.68262
[387]	eval-rmse:5458.48584
{'MSE - mean': 15060615.131500646, 'MSE - std': 14736162.42650446, 'R2 - mean': 0.9682286193535206, 'R2 - std': 0.01595272299525896}
[0]	eval-rmse:7178.67236
[100]	eval-rmse:2553.89795
[137]	eval-rmse:2554.03564
{'MSE - mean': 12219602.184904939, 'MSE - std': 12685123.747878723, 'R2 - mean': 0.8926488903834175, 'R2 - std': 0.10767660118628734}
[0]	eval-rmse:25300.67188
[100]	eval-rmse:8429.91309
[200]	eval-rmse:4805.71533
[300]	eval-rmse:4313.80371
[400]	eval-rmse:4266.87988
[481]	eval-rmse:4265.83057
{'MSE - mean': 13714491.95805734, 'MSE - std': 11286645.191369953, 'R2 - mean': 0.9121777572965534, 'R2 - std': 0.09919585556365748}
[0]	eval-rmse:9641.60449
[100]	eval-rmse:6746.66113
[200]	eval-rmse:6527.74561
[300]	eval-rmse:6474.78857
[400]	eval-rmse:6461.56738
[500]	eval-rmse:6458.19531
[600]	eval-rmse:6455.16650
[700]	eval-rmse:6453.82715
[800]	eval-rmse:6452.74658
[900]	eval-rmse:6452.00195
{'MSE - mean': 19297251.070524905, 'MSE - std': 15052557.422978265, 'R2 - mean': 0.8028686691385676, 'R2 - std': 0.2359359260997062}
