[I 2024-12-10 06:45:46,094] Trial 46 finished with value: 15825757182.444351 and parameters: {'max_depth': 7, 'alpha': 1.1444405195819867e-06, 'lambda': 4.116534630104198e-06, 'eta': 0.1634296490238778}. Best is trial 34 with value: 14170072634.42287.
[I 2024-12-10 06:45:50,462] Trial 47 finished with value: 14837326821.408726 and parameters: {'max_depth': 3, 'alpha': 9.2349947645441e-08, 'lambda': 1.2640414983701214e-05, 'eta': 0.09440526245661933}. Best is trial 34 with value: 14170072634.42287.
[I 2024-12-10 06:45:53,573] Trial 48 finished with value: 15483625558.655682 and parameters: {'max_depth': 4, 'alpha': 0.0005271939534214925, 'lambda': 0.0002189959963667938, 'eta': 0.19784938453313344}. Best is trial 34 with value: 14170072634.42287.
[I 2024-12-10 06:46:16,515] Trial 49 finished with value: 15359667708.997232 and parameters: {'max_depth': 8, 'alpha': 2.715139422084602e-07, 'lambda': 3.515208484784676e-08, 'eta': 0.07656872881863594}. Best is trial 34 with value: 14170072634.42287.
[I 2024-12-10 06:46:26,120] Trial 50 finished with value: 14634795902.949741 and parameters: {'max_depth': 6, 'alpha': 8.303916488953647e-07, 'lambda': 1.418818206622842e-06, 'eta': 0.11514229768028887}. Best is trial 34 with value: 14170072634.42287.
[I 2024-12-10 06:46:33,112] Trial 51 finished with value: 14242960078.906757 and parameters: {'max_depth': 5, 'alpha': 3.071420691908157e-06, 'lambda': 2.4810494313932563e-08, 'eta': 0.12751595088763315}. Best is trial 34 with value: 14170072634.42287.
[I 2024-12-10 06:46:38,514] Trial 52 finished with value: 14663090450.86292 and parameters: {'max_depth': 5, 'alpha': 3.5112923308303228e-06, 'lambda': 3.092449153064749e-08, 'eta': 0.13313094334731554}. Best is trial 34 with value: 14170072634.42287.
[I 2024-12-10 06:46:43,121] Trial 53 finished with value: 14235886251.296494 and parameters: {'max_depth': 4, 'alpha': 3.903470321397289e-05, 'lambda': 1.2727290711736246e-07, 'eta': 0.09532044138212045}. Best is trial 34 with value: 14170072634.42287.
[I 2024-12-10 06:46:45,951] Trial 54 finished with value: 15819396819.825516 and parameters: {'max_depth': 4, 'alpha': 4.7473504978218066e-05, 'lambda': 4.224680944412607e-07, 'eta': 0.2282429754710196}. Best is trial 34 with value: 14170072634.42287.
[I 2024-12-10 06:46:49,625] Trial 55 finished with value: 14862887518.988876 and parameters: {'max_depth': 3, 'alpha': 3.61055259834969e-05, 'lambda': 3.5564110167853085e-05, 'eta': 0.15954041855824197}. Best is trial 34 with value: 14170072634.42287.
[I 2024-12-10 06:46:54,475] Trial 56 finished with value: 14808621254.539774 and parameters: {'max_depth': 4, 'alpha': 7.545687681850931e-06, 'lambda': 7.483464784688812e-08, 'eta': 0.08990578317811983}. Best is trial 34 with value: 14170072634.42287.
[I 2024-12-10 06:48:06,468] Trial 57 finished with value: 19808281020.32373 and parameters: {'max_depth': 12, 'alpha': 0.0001992309338121864, 'lambda': 2.648484201220894e-07, 'eta': 0.12558890670845574}. Best is trial 34 with value: 14170072634.42287.
[I 2024-12-10 06:48:13,163] Trial 58 finished with value: 14250840661.456684 and parameters: {'max_depth': 5, 'alpha': 0.0019702676195481445, 'lambda': 2.0581626962096667e-08, 'eta': 0.09921725428216611}. Best is trial 34 with value: 14170072634.42287.
[I 2024-12-10 06:48:17,668] Trial 59 finished with value: 14895331817.422749 and parameters: {'max_depth': 4, 'alpha': 0.0015991613402959427, 'lambda': 1.964660820467906e-08, 'eta': 0.1115653803430656}. Best is trial 34 with value: 14170072634.42287.
[I 2024-12-10 06:48:21,432] Trial 60 finished with value: 15117063958.714636 and parameters: {'max_depth': 3, 'alpha': 0.01863139518196792, 'lambda': 4.9763539968897546e-08, 'eta': 0.1431852044761755}. Best is trial 34 with value: 14170072634.42287.
[I 2024-12-10 06:48:28,437] Trial 61 finished with value: 14377239955.590668 and parameters: {'max_depth': 5, 'alpha': 0.5436611700900912, 'lambda': 1.093263658912653e-07, 'eta': 0.10016457557683257}. Best is trial 34 with value: 14170072634.42287.
[I 2024-12-10 06:48:35,203] Trial 62 finished with value: 14347276476.770401 and parameters: {'max_depth': 5, 'alpha': 0.004513004128156796, 'lambda': 2.1381399888751437e-08, 'eta': 0.0665886628747703}. Best is trial 34 with value: 14170072634.42287.
[I 2024-12-10 06:48:40,768] Trial 63 finished with value: 14332159775.298452 and parameters: {'max_depth': 4, 'alpha': 2.037350196152794e-06, 'lambda': 2.2768334163848452e-06, 'eta': 0.08345116692358856}. Best is trial 34 with value: 14170072634.42287.
[I 2024-12-10 06:48:48,363] Trial 64 finished with value: 14105467680.672068 and parameters: {'max_depth': 5, 'alpha': 0.00036878968469005894, 'lambda': 4.805116650776781e-06, 'eta': 0.1049691466952568}. Best is trial 64 with value: 14105467680.672068.
[I 2024-12-10 06:48:54,244] Trial 65 finished with value: 14349923809.400486 and parameters: {'max_depth': 5, 'alpha': 0.0006012827386759588, 'lambda': 5.913744868923898e-07, 'eta': 0.10212733548229601}. Best is trial 64 with value: 14105467680.672068.
[I 2024-12-10 06:48:58,638] Trial 66 finished with value: 14865405470.671917 and parameters: {'max_depth': 4, 'alpha': 0.0031105584202007117, 'lambda': 4.241200517919472e-06, 'eta': 0.12201978628986745}. Best is trial 64 with value: 14105467680.672068.
[I 2024-12-10 06:49:08,006] Trial 67 finished with value: 14644262176.081518 and parameters: {'max_depth': 6, 'alpha': 0.000557971660150352, 'lambda': 1.0808840187615682e-08, 'eta': 0.09933569939817435}. Best is trial 64 with value: 14105467680.672068.
[I 2024-12-10 06:49:12,079] Trial 68 finished with value: 15127550063.757421 and parameters: {'max_depth': 5, 'alpha': 8.839706132865891e-05, 'lambda': 9.270327173216393e-08, 'eta': 0.17729996836821124}. Best is trial 64 with value: 14105467680.672068.
[I 2024-12-10 06:49:31,891] Trial 69 finished with value: 15159703687.044125 and parameters: {'max_depth': 7, 'alpha': 0.0016539614718193824, 'lambda': 8.804335798575275e-06, 'eta': 0.063819016103552}. Best is trial 64 with value: 14105467680.672068.
[I 2024-12-10 06:49:35,328] Trial 70 finished with value: 14706845293.368343 and parameters: {'max_depth': 4, 'alpha': 0.0003796749367006832, 'lambda': 2.3157942051266317e-07, 'eta': 0.15076135149582864}. Best is trial 64 with value: 14105467680.672068.
[I 2024-12-10 06:49:41,555] Trial 71 finished with value: 14383962687.95049 and parameters: {'max_depth': 5, 'alpha': 2.6523105236717642e-05, 'lambda': 2.0446023391172632e-05, 'eta': 0.0869261651249387}. Best is trial 64 with value: 14105467680.672068.
[I 2024-12-10 06:49:54,103] Trial 72 finished with value: 14465916970.150034 and parameters: {'max_depth': 6, 'alpha': 0.0009723085499427194, 'lambda': 6.0009914666361966e-05, 'eta': 0.07485301379582247}. Best is trial 64 with value: 14105467680.672068.
[I 2024-12-10 06:50:04,146] Trial 73 finished with value: 14132379215.620779 and parameters: {'max_depth': 5, 'alpha': 4.170988136908564e-07, 'lambda': 6.2656344721811154e-06, 'eta': 0.055039269649596066}. Best is trial 64 with value: 14105467680.672068.
[I 2024-12-10 06:50:14,866] Trial 74 finished with value: 14271313110.978704 and parameters: {'max_depth': 5, 'alpha': 0.01336501007764275, 'lambda': 9.223174682914906e-07, 'eta': 0.04667473600928722}. Best is trial 64 with value: 14105467680.672068.
[I 2024-12-10 06:50:28,079] Trial 75 finished with value: 14448201991.26677 and parameters: {'max_depth': 6, 'alpha': 0.01095517371710739, 'lambda': 1.0453956435655422e-06, 'eta': 0.04796115146329571}. Best is trial 64 with value: 14105467680.672068.
[I 2024-12-10 06:50:39,139] Trial 76 finished with value: 14502412526.332523 and parameters: {'max_depth': 5, 'alpha': 0.039566104482188454, 'lambda': 7.033976141837745e-07, 'eta': 0.03900411385405256}. Best is trial 64 with value: 14105467680.672068.
[I 2024-12-10 06:50:48,852] Trial 77 finished with value: 14387071535.336887 and parameters: {'max_depth': 5, 'alpha': 0.059745012180465525, 'lambda': 2.27630291926489e-06, 'eta': 0.04509753973593106}. Best is trial 64 with value: 14105467680.672068.
[I 2024-12-10 06:51:05,871] Trial 78 finished with value: 15164283804.563778 and parameters: {'max_depth': 7, 'alpha': 0.008979451408152138, 'lambda': 1.5351111652852e-06, 'eta': 0.054996207343760366}. Best is trial 64 with value: 14105467680.672068.
[I 2024-12-10 06:53:36,261] Trial 79 finished with value: 18273548021.656853 and parameters: {'max_depth': 11, 'alpha': 0.0027768183642470773, 'lambda': 3.45885668381361e-07, 'eta': 0.033111342961379124}. Best is trial 64 with value: 14105467680.672068.
[I 2024-12-10 06:53:45,588] Trial 80 finished with value: 14520959627.053925 and parameters: {'max_depth': 6, 'alpha': 0.1696936734388344, 'lambda': 4.853343991986743e-08, 'eta': 0.10910063251797261}. Best is trial 64 with value: 14105467680.672068.
[I 2024-12-10 06:53:50,134] Trial 81 finished with value: 14654789681.847921 and parameters: {'max_depth': 4, 'alpha': 5.998417464726639e-08, 'lambda': 4.276567851389574e-06, 'eta': 0.13067134450282064}. Best is trial 64 with value: 14105467680.672068.
[I 2024-12-10 06:53:58,469] Trial 82 finished with value: 14173528599.782543 and parameters: {'max_depth': 5, 'alpha': 4.1968846365657574e-07, 'lambda': 7.827012478728228e-06, 'eta': 0.07123040770077092}. Best is trial 64 with value: 14105467680.672068.
[I 2024-12-10 06:54:05,915] Trial 83 finished with value: 14123536650.414185 and parameters: {'max_depth': 5, 'alpha': 9.26900358057614e-07, 'lambda': 8.132151909487083e-06, 'eta': 0.0711902944248667}. Best is trial 64 with value: 14105467680.672068.
[I 2024-12-10 06:54:13,403] Trial 84 finished with value: 14204126768.770498 and parameters: {'max_depth': 5, 'alpha': 8.625912030125381e-07, 'lambda': 1.039439166845708e-05, 'eta': 0.07318524099034258}. Best is trial 64 with value: 14105467680.672068.
[I 2024-12-10 06:54:24,535] Trial 85 finished with value: 14315226175.89599 and parameters: {'max_depth': 6, 'alpha': 1.0437946881373956e-06, 'lambda': 1.2461519452889899e-05, 'eta': 0.07103112472583736}. Best is trial 64 with value: 14105467680.672068.
[I 2024-12-10 06:54:34,326] Trial 86 finished with value: 14141091195.236689 and parameters: {'max_depth': 5, 'alpha': 3.8165184888030727e-07, 'lambda': 2.799065169301277e-05, 'eta': 0.06045800596366763}. Best is trial 64 with value: 14105467680.672068.
[I 2024-12-10 06:54:52,869] Trial 87 finished with value: 15007737868.026337 and parameters: {'max_depth': 7, 'alpha': 3.8711448389275344e-07, 'lambda': 3.42927689087992e-05, 'eta': 0.05941324911350382}. Best is trial 64 with value: 14105467680.672068.
[I 2024-12-10 06:55:06,648] Trial 88 finished with value: 14441106239.302698 and parameters: {'max_depth': 6, 'alpha': 1.1685541894788484e-07, 'lambda': 0.00010390062485305973, 'eta': 0.05238662184134195}. Best is trial 64 with value: 14105467680.672068.
[I 2024-12-10 06:55:13,776] Trial 89 finished with value: 14428160384.30058 and parameters: {'max_depth': 5, 'alpha': 1.8604071859259744e-06, 'lambda': 7.4122903895018695e-06, 'eta': 0.08154541240987669}. Best is trial 64 with value: 14105467680.672068.
[I 2024-12-10 06:55:18,701] Trial 90 finished with value: 17516948133.61841 and parameters: {'max_depth': 2, 'alpha': 6.07530345824005e-07, 'lambda': 3.315744629966594e-05, 'eta': 0.06259136093405931}. Best is trial 64 with value: 14105467680.672068.
[I 2024-12-10 06:55:27,597] Trial 91 finished with value: 14063534183.98081 and parameters: {'max_depth': 5, 'alpha': 2.874996481188489e-06, 'lambda': 0.00019152159657508756, 'eta': 0.07317314603436285}. Best is trial 91 with value: 14063534183.98081.
[I 2024-12-10 06:55:33,033] Trial 92 finished with value: 14429171116.658978 and parameters: {'max_depth': 4, 'alpha': 2.8989544645621313e-07, 'lambda': 0.0016045815683434076, 'eta': 0.07345669835697331}. Best is trial 91 with value: 14063534183.98081.
[I 2024-12-10 06:55:40,663] Trial 93 finished with value: 14352628489.921228 and parameters: {'max_depth': 5, 'alpha': 5.2197292339931044e-06, 'lambda': 0.00019077937965812, 'eta': 0.07805511228972052}. Best is trial 91 with value: 14063534183.98081.
[I 2024-12-10 06:55:53,527] Trial 94 finished with value: 14424369483.071774 and parameters: {'max_depth': 6, 'alpha': 9.506947168734872e-07, 'lambda': 0.0008336858542259713, 'eta': 0.06843134513640073}. Best is trial 91 with value: 14063534183.98081.
[I 2024-12-10 06:56:02,835] Trial 95 finished with value: 14248491375.930243 and parameters: {'max_depth': 5, 'alpha': 4.493159612745546e-07, 'lambda': 1.0043761249860693e-05, 'eta': 0.058017660465273825}. Best is trial 91 with value: 14063534183.98081.
[I 2024-12-10 06:56:09,782] Trial 96 finished with value: 14359612097.885052 and parameters: {'max_depth': 5, 'alpha': 1.3008832528514137e-06, 'lambda': 8.899642107873617e-05, 'eta': 0.06412187882446209}. Best is trial 91 with value: 14063534183.98081.
[I 2024-12-10 06:56:15,358] Trial 97 finished with value: 14419115204.871876 and parameters: {'max_depth': 4, 'alpha': 2.1014907930121564e-07, 'lambda': 1.8946699445392346e-05, 'eta': 0.08931400304869408}. Best is trial 91 with value: 14063534183.98081.
[I 2024-12-10 06:56:27,406] Trial 98 finished with value: 14417141782.728664 and parameters: {'max_depth': 6, 'alpha': 1.282020479985985e-05, 'lambda': 0.000345595790494805, 'eta': 0.05191385604067244}. Best is trial 91 with value: 14063534183.98081.
[I 2024-12-10 06:56:33,078] Trial 99 finished with value: 14457597328.031076 and parameters: {'max_depth': 4, 'alpha': 7.39224500105171e-07, 'lambda': 2.9062756781657484e-06, 'eta': 0.08222324124027704}. Best is trial 91 with value: 14063534183.98081.
/home/mburu/.local/lib/python3.8/site-packages/sklearn/preprocessing/_encoders.py:975: FutureWarning: `sparse` was renamed to `sparse_output` in version 1.2 and will be removed in 1.4. `sparse_output` is ignored unless you leave `sparse` to its default value.
  warnings.warn(
[I 2024-12-10 06:56:45,237] A new study created in RDB with name: XGBoost_MIP
[I 2024-12-10 06:56:47,310] Trial 0 finished with value: 777174.1380722029 and parameters: {'max_depth': 5, 'alpha': 0.000500023727298116, 'lambda': 1.3923300561145254e-06, 'eta': 0.2718009686544326}. Best is trial 0 with value: 777174.1380722029.
[I 2024-12-10 06:56:48,644] Trial 1 finished with value: 777379.3269379502 and parameters: {'max_depth': 2, 'alpha': 1.154911129239463e-05, 'lambda': 0.00010064359144547208, 'eta': 0.2559525514826587}. Best is trial 0 with value: 777174.1380722029.
[I 2024-12-10 06:57:20,666] Trial 2 finished with value: 917274.1770872131 and parameters: {'max_depth': 12, 'alpha': 2.1582827717662026e-07, 'lambda': 0.00017860279349273623, 'eta': 0.08293200352757493}. Best is trial 0 with value: 777174.1380722029.
[I 2024-12-10 06:57:22,553] Trial 3 finished with value: 738477.7574641772 and parameters: {'max_depth': 4, 'alpha': 4.013819183562601e-06, 'lambda': 1.718643124847853e-05, 'eta': 0.14134828012108835}. Best is trial 3 with value: 738477.7574641772.
[I 2024-12-10 06:57:29,778] Trial 4 finished with value: 882948.1721887052 and parameters: {'max_depth': 11, 'alpha': 1.4371686516678448e-08, 'lambda': 0.06341557417171088, 'eta': 0.27262885344774473}. Best is trial 3 with value: 738477.7574641772.
[I 2024-12-10 06:57:33,679] Trial 5 finished with value: 776317.3752807935 and parameters: {'max_depth': 2, 'alpha': 0.0018226420816501883, 'lambda': 0.04156534155711185, 'eta': 0.02760364113361793}. Best is trial 3 with value: 738477.7574641772.
[I 2024-12-10 06:57:36,834] Trial 6 finished with value: 714720.1939267967 and parameters: {'max_depth': 3, 'alpha': 0.008310003384425129, 'lambda': 0.9406962025527317, 'eta': 0.07026059872054606}. Best is trial 6 with value: 714720.1939267967.
[I 2024-12-10 06:57:40,070] Trial 7 finished with value: 824213.4462380791 and parameters: {'max_depth': 7, 'alpha': 0.014261413945019097, 'lambda': 0.004437753238592557, 'eta': 0.2901565756159136}. Best is trial 6 with value: 714720.1939267967.
[I 2024-12-10 06:57:43,250] Trial 8 finished with value: 769226.8677222509 and parameters: {'max_depth': 2, 'alpha': 1.251538848491918e-05, 'lambda': 0.013173014363619426, 'eta': 0.03863950196036502}. Best is trial 6 with value: 714720.1939267967.
[I 2024-12-10 06:57:44,933] Trial 9 finished with value: 749159.0837452232 and parameters: {'max_depth': 3, 'alpha': 1.8380316625938903e-08, 'lambda': 0.010007252844820047, 'eta': 0.24800584866808192}. Best is trial 6 with value: 714720.1939267967.
[I 2024-12-10 06:57:52,371] Trial 10 finished with value: 738088.1971558594 and parameters: {'max_depth': 4, 'alpha': 0.763631680840136, 'lambda': 1.0196057655564474e-08, 'eta': 0.012461150755349641}. Best is trial 6 with value: 714720.1939267967.
[I 2024-12-10 06:57:58,857] Trial 11 finished with value: 742573.3988480063 and parameters: {'max_depth': 3, 'alpha': 0.8557381354885254, 'lambda': 7.047933407567997e-08, 'eta': 0.01109515241802203}. Best is trial 6 with value: 714720.1939267967.
[I 2024-12-10 06:58:10,137] Trial 12 finished with value: 727096.3651857598 and parameters: {'max_depth': 5, 'alpha': 0.2977315066478352, 'lambda': 0.7547304908918294, 'eta': 0.01037504934679732}. Best is trial 6 with value: 714720.1939267967.
[I 2024-12-10 06:58:13,908] Trial 13 finished with value: 726980.2652668759 and parameters: {'max_depth': 6, 'alpha': 0.02945759587442567, 'lambda': 0.46897218031836757, 'eta': 0.06936036809933271}. Best is trial 6 with value: 714720.1939267967.
[I 2024-12-10 06:58:18,901] Trial 14 finished with value: 754924.0258611233 and parameters: {'max_depth': 7, 'alpha': 0.02230537598828602, 'lambda': 0.5607009593734831, 'eta': 0.07043421158416023}. Best is trial 6 with value: 714720.1939267967.
[I 2024-12-10 06:58:23,355] Trial 15 finished with value: 798434.6713986585 and parameters: {'max_depth': 7, 'alpha': 0.012665363823941423, 'lambda': 0.0008876949094902284, 'eta': 0.10505023262736789}. Best is trial 6 with value: 714720.1939267967.
[I 2024-12-10 06:58:26,348] Trial 16 finished with value: 726416.0345372639 and parameters: {'max_depth': 3, 'alpha': 0.0005159699705462528, 'lambda': 0.27366203364323743, 'eta': 0.046485014317348645}. Best is trial 6 with value: 714720.1939267967.
[I 2024-12-10 06:58:29,583] Trial 17 finished with value: 727836.3589130925 and parameters: {'max_depth': 3, 'alpha': 0.00010040323487773427, 'lambda': 0.1038170480286326, 'eta': 0.03828305716376976}. Best is trial 6 with value: 714720.1939267967.
[I 2024-12-10 06:58:34,870] Trial 18 finished with value: 729640.6748141497 and parameters: {'max_depth': 3, 'alpha': 0.0008684003148880876, 'lambda': 7.3695152131403605e-06, 'eta': 0.020196847964758312}. Best is trial 6 with value: 714720.1939267967.
[I 2024-12-10 06:58:37,917] Trial 19 finished with value: 737323.6394903468 and parameters: {'max_depth': 4, 'alpha': 9.887938652630409e-05, 'lambda': 0.0012229796894252338, 'eta': 0.04667470723107839}. Best is trial 6 with value: 714720.1939267967.
[I 2024-12-10 06:58:39,660] Trial 20 finished with value: 747242.570046475 and parameters: {'max_depth': 3, 'alpha': 0.002547587345147783, 'lambda': 0.129216706896854, 'eta': 0.12866724832422521}. Best is trial 6 with value: 714720.1939267967.
[I 2024-12-10 06:58:51,071] Trial 21 finished with value: 789174.4494482361 and parameters: {'max_depth': 9, 'alpha': 0.054459961048947514, 'lambda': 0.6499086302862854, 'eta': 0.06177894356883924}. Best is trial 6 with value: 714720.1939267967.
[I 2024-12-10 06:58:54,491] Trial 22 finished with value: 755558.2588903473 and parameters: {'max_depth': 5, 'alpha': 0.07567138040555672, 'lambda': 0.32116928224706887, 'eta': 0.0513062596796002}. Best is trial 6 with value: 714720.1939267967.
[I 2024-12-10 06:58:58,203] Trial 23 finished with value: 749544.5049180852 and parameters: {'max_depth': 6, 'alpha': 0.0069867541550727484, 'lambda': 0.013503005902810053, 'eta': 0.0898989287615745}. Best is trial 6 with value: 714720.1939267967.
[I 2024-12-10 06:59:13,887] Trial 24 finished with value: 754412.1092646709 and parameters: {'max_depth': 9, 'alpha': 0.0002398211259561728, 'lambda': 0.9656168643474806, 'eta': 0.026094606823526243}. Best is trial 6 with value: 714720.1939267967.
[I 2024-12-10 06:59:16,291] Trial 25 finished with value: 779529.5335093546 and parameters: {'max_depth': 6, 'alpha': 0.07114750534941701, 'lambda': 0.1265069776258224, 'eta': 0.1675499029436113}. Best is trial 6 with value: 714720.1939267967.
[I 2024-12-10 06:59:18,721] Trial 26 finished with value: 732034.8089880388 and parameters: {'max_depth': 4, 'alpha': 0.003678362276041912, 'lambda': 0.001598169107086553, 'eta': 0.07170948642535659}. Best is trial 6 with value: 714720.1939267967.
[I 2024-12-10 06:59:24,585] Trial 27 finished with value: 766480.5227007295 and parameters: {'max_depth': 6, 'alpha': 3.0188648321086892e-05, 'lambda': 0.03417732212718921, 'eta': 0.037693455299963624}. Best is trial 6 with value: 714720.1939267967.
[I 2024-12-10 06:59:26,951] Trial 28 finished with value: 757411.7003607305 and parameters: {'max_depth': 5, 'alpha': 0.0010595170418033742, 'lambda': 0.20817720118966182, 'eta': 0.10812037491139209}. Best is trial 6 with value: 714720.1939267967.
[I 2024-12-10 06:59:32,941] Trial 29 finished with value: 760430.2855383413 and parameters: {'max_depth': 5, 'alpha': 1.3837166847248969e-06, 'lambda': 4.5522218554291795e-07, 'eta': 0.02710621997630969}. Best is trial 6 with value: 714720.1939267967.
[I 2024-12-10 06:59:37,091] Trial 30 finished with value: 826642.86310632 and parameters: {'max_depth': 8, 'alpha': 0.0003775989496058069, 'lambda': 0.03142802722301778, 'eta': 0.18853133994044657}. Best is trial 6 with value: 714720.1939267967.
[I 2024-12-10 06:59:44,871] Trial 31 finished with value: 754076.0604629053 and parameters: {'max_depth': 5, 'alpha': 0.266683023188934, 'lambda': 0.3481659904763386, 'eta': 0.014832833160448027}. Best is trial 6 with value: 714720.1939267967.
