Trial 52 finished with value: 14663090450.86292 and parameters: {'max_depth': 5, 'alpha': 3.5112923308303228e-06, 'lambda': 3.092449153064749e-08, 'eta': 0.13313094334731554}. Best is trial 34 with value: 14170072634.42287.
[0]	eval-rmse:591141.68750
[100]	eval-rmse:111929.60156
[200]	eval-rmse:105463.62500
[300]	eval-rmse:103087.98438
[400]	eval-rmse:101694.82812
[449]	eval-rmse:101341.25000
{'MSE - mean': 10270050225.464962, 'MSE - std': 0.0, 'R2 - mean': 0.9200260046023309, 'R2 - std': 0.0}
[0]	eval-rmse:597176.56250
[100]	eval-rmse:141513.71875
[200]	eval-rmse:138808.87500
[270]	eval-rmse:138409.42188
{'MSE - mean': 14713608225.902931, 'MSE - std': 4443558000.437969, 'R2 - mean': 0.8916282783662268, 'R2 - std': 0.028397726236104093}
[0]	eval-rmse:613154.56250
[100]	eval-rmse:123337.76562
[200]	eval-rmse:117540.07031
[300]	eval-rmse:114980.15625
[400]	eval-rmse:113486.96875
[430]	eval-rmse:113336.37500
{'MSE - mean': 14090783567.286072, 'MSE - std': 3733536247.7058225, 'R2 - mean': 0.899249115244614, 'R2 - std': 0.025569021876242794}
[0]	eval-rmse:585918.68750
[100]	eval-rmse:123275.29688
[200]	eval-rmse:118387.35938
[300]	eval-rmse:116114.10938
[344]	eval-rmse:115777.85156
{'MSE - mean': 13919327120.595228, 'MSE - std': 3246946507.726221, 'R2 - mean': 0.8967773107579582, 'R2 - std': 0.022553505537756036}
[0]	eval-rmse:601321.93750
[100]	eval-rmse:129351.59375
[200]	eval-rmse:125382.72656
[300]	eval-rmse:124542.67969
[305]	eval-rmse:124507.52344
{'MSE - mean': 14235886251.296494, 'MSE - std': 2972367412.038722, 'R2 - mean': 0.8942677629207687, 'R2 - std': 0.020787491696254375}
Trial 53 finished with value: 14235886251.296494 and parameters: {'max_depth': 4, 'alpha': 3.903470321397289e-05, 'lambda': 1.2727290711736246e-07, 'eta': 0.09532044138212045}. Best is trial 34 with value: 14170072634.42287.
[0]	eval-rmse:515016.75000
[100]	eval-rmse:108444.73438
[200]	eval-rmse:105426.44531
[246]	eval-rmse:105111.77344
{'MSE - mean': 11048484621.642027, 'MSE - std': 0.0, 'R2 - mean': 0.9139642514998105, 'R2 - std': 0.0}
[0]	eval-rmse:522757.34375
[92]	eval-rmse:143610.10938
{'MSE - mean': 15836172808.178902, 'MSE - std': 4787688186.536874, 'R2 - mean': 0.8833617883820036, 'R2 - std': 0.0306024631178069}
[0]	eval-rmse:536792.25000
[100]	eval-rmse:125190.90625
[159]	eval-rmse:123560.70312
{'MSE - mean': 15641822208.419352, 'MSE - std': 3918781667.6772923, 'R2 - mean': 0.8883948522749451, 'R2 - std': 0.025980838392015287}
[0]	eval-rmse:510546.21875
[100]	eval-rmse:120367.81250
[151]	eval-rmse:118807.39062
{'MSE - mean': 15252464646.569553, 'MSE - std': 3460120699.0655074, 'R2 - mean': 0.8872346824341693, 'R2 - std': 0.022589620511251376}
[0]	eval-rmse:525032.62500
[100]	eval-rmse:137559.85938
[200]	eval-rmse:134717.17188
[250]	eval-rmse:134491.21875
{'MSE - mean': 15819396819.825516, 'MSE - std': 3295997050.661936, 'R2 - mean': 0.8827726809763414, 'R2 - std': 0.02208779282573315}
Trial 54 finished with value: 15819396819.825516 and parameters: {'max_depth': 4, 'alpha': 4.7473504978218066e-05, 'lambda': 4.224680944412607e-07, 'eta': 0.2282429754710196}. Best is trial 34 with value: 14170072634.42287.
[0]	eval-rmse:556300.37500
[100]	eval-rmse:116232.58594
[200]	eval-rmse:110020.51562
[300]	eval-rmse:107677.85938
[400]	eval-rmse:105908.33594
[494]	eval-rmse:104970.75000
{'MSE - mean': 11021874070.01547, 'MSE - std': 0.0, 'R2 - mean': 0.9141714707525495, 'R2 - std': 0.0}
[0]	eval-rmse:563541.00000
[100]	eval-rmse:145923.75000
[200]	eval-rmse:141661.90625
[300]	eval-rmse:140317.01562
[400]	eval-rmse:138891.17188
[431]	eval-rmse:139052.65625
{'MSE - mean': 15179599786.242702, 'MSE - std': 4157725716.227231, 'R2 - mean': 0.8880579026319829, 'R2 - std': 0.026113568120566533}
[0]	eval-rmse:579423.56250
[100]	eval-rmse:126935.52344
[200]	eval-rmse:120550.09375
[300]	eval-rmse:117902.68750
[400]	eval-rmse:116250.28906
[419]	eval-rmse:116269.84375
{'MSE - mean': 14627944375.456566, 'MSE - std': 3483260370.029407, 'R2 - mean': 0.8953610707475793, 'R2 - std': 0.023691450406724993}
[0]	eval-rmse:551020.00000
[100]	eval-rmse:123813.11719
[200]	eval-rmse:118106.89062
[300]	eval-rmse:115186.50781
[368]	eval-rmse:115084.54688
{'MSE - mean': 14282071557.79532, 'MSE - std': 3075501767.525722, 'R2 - mean': 0.894192459569532, 'R2 - std': 0.020616997187687263}
[0]	eval-rmse:566157.00000
[100]	eval-rmse:134128.35938
[176]	eval-rmse:131095.96875
{'MSE - mean': 14862887518.988876, 'MSE - std': 2986027062.963738, 'R2 - mean': 0.8896846043638431, 'R2 - std': 0.020526360920813638}
Trial 55 finished with value: 14862887518.988876 and parameters: {'max_depth': 3, 'alpha': 3.61055259834969e-05, 'lambda': 3.5564110167853085e-05, 'eta': 0.15954041855824197}. Best is trial 34 with value: 14170072634.42287.
[0]	eval-rmse:594276.00000
[100]	eval-rmse:114532.16406
[200]	eval-rmse:107664.55469
[300]	eval-rmse:104874.36719
[400]	eval-rmse:103790.23438
[500]	eval-rmse:102747.93750
[600]	eval-rmse:101981.31250
[672]	eval-rmse:101842.35156
{'MSE - mean': 10371864743.531622, 'MSE - std': 0.0, 'R2 - mean': 0.9192331639033546, 'R2 - std': 0.0}
[0]	eval-rmse:600247.00000
[100]	eval-rmse:145520.90625
[190]	eval-rmse:143177.39062
{'MSE - mean': 15435814122.138073, 'MSE - std': 5063949378.606452, 'R2 - mean': 0.8864392314413294, 'R2 - std': 0.03279393246202522}
[0]	eval-rmse:616297.56250
[100]	eval-rmse:125615.86719
[200]	eval-rmse:120094.48438
[300]	eval-rmse:117373.07031
[339]	eval-rmse:116938.93750
{'MSE - mean': 14847588366.29658, 'MSE - std': 4217551574.756343, 'R2 - mean': 0.8939568690189468, 'R2 - std': 0.02880956589478668}
[0]	eval-rmse:589024.50000
[100]	eval-rmse:124416.39844
[200]	eval-rmse:119491.39062
[300]	eval-rmse:117688.69531
[303]	eval-rmse:117620.55469
{'MSE - mean': 14590418361.938934, 'MSE - std': 3679567256.8552427, 'R2 - mean': 0.8919539886448646, 'R2 - std': 0.025189837329033942}
[0]	eval-rmse:604465.12500
[100]	eval-rmse:132448.39062
[200]	eval-rmse:128035.78125
[300]	eval-rmse:126274.75000
[400]	eval-rmse:125353.29688
[443]	eval-rmse:125236.90625
{'MSE - mean': 14808621254.539774, 'MSE - std': 3319912975.8977823, 'R2 - mean': 0.8901412864068995, 'R2 - std': 0.022820295382502166}
Trial 56 finished with value: 14808621254.539774 and parameters: {'max_depth': 4, 'alpha': 7.545687681850931e-06, 'lambda': 7.483464784688812e-08, 'eta': 0.08990578317811983}. Best is trial 34 with value: 14170072634.42287.
[0]	eval-rmse:569318.50000
[100]	eval-rmse:124754.26562
[111]	eval-rmse:124744.83594
{'MSE - mean': 15561274863.262047, 'MSE - std': 0.0, 'R2 - mean': 0.8788226642542987, 'R2 - std': 0.0}
[0]	eval-rmse:575133.18750
[100]	eval-rmse:156818.42188
[116]	eval-rmse:156842.79688
{'MSE - mean': 20079071592.282143, 'MSE - std': 4517796729.020094, 'R2 - mean': 0.8516086774994784, 'R2 - std': 0.027213986754820285}
[0]	eval-rmse:589499.93750
[100]	eval-rmse:139441.46875
[200]	eval-rmse:139351.51562
[202]	eval-rmse:139353.03125
{'MSE - mean': 19859130565.67503, 'MSE - std': 3701856241.6081324, 'R2 - mean': 0.8579815664029043, 'R2 - std': 0.023978354322426784}
[0]	eval-rmse:563194.18750
[100]	eval-rmse:125249.21875
[179]	eval-rmse:125132.96875
{'MSE - mean': 18808977893.55525, 'MSE - std': 3685955321.1387105, 'R2 - mean': 0.8611766935136236, 'R2 - std': 0.021490640259653547}
[0]	eval-rmse:578134.31250
[100]	eval-rmse:154350.09375
[200]	eval-rmse:154287.54688
[210]	eval-rmse:154290.28125
{'MSE - mean': 19808281020.32373, 'MSE - std': 3855313250.5960765, 'R2 - mean': 0.8533852929119338, 'R2 - std': 0.024744732537651856}
Trial 57 finished with value: 19808281020.32373 and parameters: {'max_depth': 12, 'alpha': 0.0001992309338121864, 'lambda': 2.648484201220894e-07, 'eta': 0.12558890670845574}. Best is trial 34 with value: 14170072634.42287.
[0]	eval-rmse:587952.75000
[100]	eval-rmse:108832.71875
[200]	eval-rmse:104764.37500
[300]	eval-rmse:103671.97656
[304]	eval-rmse:103690.04688
{'MSE - mean': 10751625951.903767, 'MSE - std': 0.0, 'R2 - mean': 0.916275922169983, 'R2 - std': 0.0}
[0]	eval-rmse:593532.87500
[100]	eval-rmse:137636.45312
[200]	eval-rmse:135211.57812
[300]	eval-rmse:134508.26562
[350]	eval-rmse:134456.54688
{'MSE - mean': 14415093980.237999, 'MSE - std': 3663468028.3342323, 'R2 - mean': 0.8936034961495154, 'R2 - std': 0.02267242602046754}
[0]	eval-rmse:609734.18750
[100]	eval-rmse:121620.53125
[200]	eval-rmse:117036.81250
[300]	eval-rmse:115162.82031
[369]	eval-rmse:114789.69531
{'MSE - mean': 14001737785.899025, 'MSE - std': 3047795708.904203, 'R2 - mean': 0.8998339059015366, 'R2 - std': 0.020501917287379313}
[0]	eval-rmse:582283.37500
[100]	eval-rmse:119300.14062
[200]	eval-rmse:115740.03125
[300]	eval-rmse:114328.91406
[369]	eval-rmse:114014.82031
{'MSE - mean': 13749715185.35104, 'MSE - std': 2675320576.299607, 'R2 - mean': 0.8980645935166002, 'R2 - std': 0.01801770957392684}
[0]	eval-rmse:598135.93750
[100]	eval-rmse:132061.04688
[200]	eval-rmse:129033.85938
[300]	eval-rmse:128030.57031
[400]	eval-rmse:127484.53906
[418]	eval-rmse:127494.62500
{'MSE - mean': 14250840661.456684, 'MSE - std': 2594297423.1930456, 'R2 - mean': 0.8941725744536889, 'R2 - std': 0.01789697002781634}
Trial 58 finished with value: 14250840661.456684 and parameters: {'max_depth': 5, 'alpha': 0.0019702676195481445, 'lambda': 2.0581626962096667e-08, 'eta': 0.09921725428216611}. Best is trial 34 with value: 14170072634.42287.
[0]	eval-rmse:581751.93750
[100]	eval-rmse:110242.86719
[200]	eval-rmse:105139.47656
[300]	eval-rmse:103058.06250
[400]	eval-rmse:102420.76562
[500]	eval-rmse:101567.55469
[600]	eval-rmse:101202.69531
[612]	eval-rmse:101232.32031
{'MSE - mean': 10247982277.64469, 'MSE - std': 0.0, 'R2 - mean': 0.9201978501063615, 'R2 - std': 0.0}
[0]	eval-rmse:587980.93750
[100]	eval-rmse:142043.75000
[200]	eval-rmse:137492.48438
[300]	eval-rmse:135169.98438
[316]	eval-rmse:135362.07812
{'MSE - mean': 14285437675.748722, 'MSE - std': 4037455398.1040335, 'R2 - mean': 0.8946922793238165, 'R2 - std': 0.025505570782545006}
[0]	eval-rmse:603738.50000
[100]	eval-rmse:126421.27344
[200]	eval-rmse:121631.11719
[206]	eval-rmse:121453.06250
{'MSE - mean': 14440574300.057737, 'MSE - std': 3303861196.4674897, 'R2 - mean': 0.8970630466620181, 'R2 - std': 0.021093375804725457}
[0]	eval-rmse:576615.43750
[100]	eval-rmse:122582.65625
[200]	eval-rmse:118617.55469
[300]	eval-rmse:116865.78906
[376]	eval-rmse:116120.15625
{'MSE - mean': 14201234271.41074, 'MSE - std': 2891102739.800322, 'R2 - mean': 0.8949762865974604, 'R2 - std': 0.018621535377906735}
[0]	eval-rmse:591906.50000
[100]	eval-rmse:136817.84375
[200]	eval-rmse:133200.84375
[249]	eval-rmse:132941.46875
{'MSE - mean': 14895331817.422749, 'MSE - std': 2934938782.1868305, 'R2 - mean': 0.8895864140761265, 'R2 - std': 0.019839661465091345}
Trial 59 finished with value: 14895331817.422749 and parameters: {'max_depth': 4, 'alpha': 0.0015991613402959427, 'lambda': 1.964660820467906e-08, 'eta': 0.1115653803430656}. Best is trial 34 with value: 14170072634.42287.
[0]	eval-rmse:565454.00000
[100]	eval-rmse:117036.00781
[200]	eval-rmse:111210.02344
[300]	eval-rmse:108035.57031
[400]	eval-rmse:106396.77344
[500]	eval-rmse:105286.38281
[600]	eval-rmse:103980.70312
[637]	eval-rmse:103849.28906
{'MSE - mean': 10815315738.463985, 'MSE - std': 0.0, 'R2 - mean': 0.9157799628917493, 'R2 - std': 0.0}
[0]	eval-rmse:572442.87500
[100]	eval-rmse:144217.34375
[119]	eval-rmse:144304.68750
{'MSE - mean': 15810684237.647995, 'MSE - std': 4995368499.18401, 'R2 - mean': 0.8836192800397515, 'R2 - std': 0.0321606828519978}
[0]	eval-rmse:588474.12500
[100]	eval-rmse:132141.42188
[200]	eval-rmse:125890.90625
[300]	eval-rmse:123554.31250
[400]	eval-rmse:121988.55469
[436]	eval-rmse:121885.73438
{'MSE - mean': 15492377419.920553, 'MSE - std': 4103467162.7194505, 'R2 - mean': 0.8894482403200438, 'R2 - std': 0.027522595024869537}
[0]	eval-rmse:560118.50000
[100]	eval-rmse:124469.14062
[200]	eval-rmse:118180.41406
[300]	eval-rmse:116122.94531
[400]	eval-rmse:114633.29688
[500]	eval-rmse:113701.76562
[513]	eval-rmse:113697.55469
{'MSE - mean': 14851066652.293869, 'MSE - std': 3723260744.1138716, 'R2 - mean': 0.8904125860144838, 'R2 - std': 0.02389371916492668}
[0]	eval-rmse:575348.12500
[100]	eval-rmse:132785.26562
[200]	eval-rmse:128316.96094
[270]	eval-rmse:127064.11719
{'MSE - mean': 15117063958.714636, 'MSE - std': 3372410817.652547, 'R2 - mean': 0.8881619276238087, 'R2 - std': 0.021840093983130516}
Trial 60 finished with value: 15117063958.714636 and parameters: {'max_depth': 3, 'alpha': 0.01863139518196792, 'lambda': 4.9763539968897546e-08, 'eta': 0.1431852044761755}. Best is trial 34 with value: 14170072634.42287.
[0]	eval-rmse:587395.31250
[100]	eval-rmse:108588.96875
[200]	eval-rmse:104518.82031
[300]	eval-rmse:102807.77344
[400]	eval-rmse:101779.37500
[417]	eval-rmse:101908.09375
{'MSE - mean': 10385259568.99277, 'MSE - std': 0.0, 'R2 - mean': 0.9191288569441611, 'R2 - std': 0.0}
[0]	eval-rmse:592981.68750
[100]	eval-rmse:140735.81250
[200]	eval-rmse:139418.70312
[215]	eval-rmse:139588.78125
{'MSE - mean': 14935143290.30096, 'MSE - std': 4549883721.308192, 'R2 - mean': 0.890009350371773, 'R2 - std': 0.0291195065723881}
[0]	eval-rmse:609173.37500
[100]	eval-rmse:122981.34375
[200]	eval-rmse:118368.07812
[300]	eval-rmse:116567.88281
[400]	eval-rmse:115356.46094
[500]	eval-rmse:114834.97656
[600]	eval-rmse:114527.18750
[609]	eval-rmse:114609.95312
{'MSE - mean': 14335924101.727425, 'MSE - std': 3810392174.504655, 'R2 - mean': 0.8975211084241649, 'R2 - std': 0.026041315764663613}
[0]	eval-rmse:581726.75000
[100]	eval-rmse:118705.14844
[200]	eval-rmse:116386.31250
[271]	eval-rmse:115266.44531
{'MSE - mean': 14073531301.869648, 'MSE - std': 3331045832.301973, 'R2 - mean': 0.8957260326106771, 'R2 - std': 0.022765752493486682}
[0]	eval-rmse:597577.00000
[100]	eval-rmse:128953.22656
[200]	eval-rmse:126737.03906
[300]	eval-rmse:125499.76562
[400]	eval-rmse:125034.21875
[424]	eval-rmse:124868.22656
{'MSE - mean': 14377239955.590668, 'MSE - std': 3040665857.159778, 'R2 - mean': 0.8932923877319483, 'R2 - std': 0.020935952303604562}
Trial 61 finished with value: 14377239955.590668 and parameters: {'max_depth': 5, 'alpha': 0.5436611700900912, 'lambda': 1.093263658912653e-07, 'eta': 0.10016457557683257}. Best is trial 34 with value: 14170072634.42287.
[0]	eval-rmse:607186.93750
[100]	eval-rmse:110809.19531
[200]	eval-rmse:105254.43750
[300]	eval-rmse:103273.62500
[400]	eval-rmse:102755.89844
[486]	eval-rmse:102143.61719
{'MSE - mean': 10433318871.897688, 'MSE - std': 0.0, 'R2 - mean': 0.9187546139380458, 'R2 - std': 0.0}
[0]	eval-rmse:612555.87500
[100]	eval-rmse:140819.59375
[200]	eval-rmse:136978.98438
[297]	eval-rmse:135808.37500
{'MSE - mean': 14438615988.339817, 'MSE - std': 4005297116.44213, 'R2 - mean': 0.8935386599035575, 'R2 - std': 0.025215954034488286}
[0]	eval-rmse:629086.62500
[100]	eval-rmse:125332.33594
[200]	eval-rmse:119549.48438
[300]	eval-rmse:117839.25000
[400]	eval-rmse:116406.35156
[484]	eval-rmse:115944.45312
{'MSE - mean': 14106782523.174828, 'MSE - std': 3303810460.341196, 'R2 - mean': 0.899195795490939, 'R2 - std': 0.022088517183240678}
[0]	eval-rmse:601495.18750
[100]	eval-rmse:121615.61719
[200]	eval-rmse:117895.13281
[295]	eval-rmse:116765.60938
{'MSE - mean': 13988638476.411846, 'MSE - std': 2868492063.0448904, 'R2 - mean': 0.896264293991516, 'R2 - std': 0.019791615564149767}
[0]	eval-rmse:617423.62500
[100]	eval-rmse:129890.79688
[200]	eval-rmse:126438.66406
[289]	eval-rmse:125625.75000
{'MSE - mean': 14347276476.770401, 'MSE - std': 2664034953.563102, 'R2 - mean': 0.8934395789910266, 'R2 - std': 0.018581778619046075}
Trial 62 finished with value: 14347276476.770401 and parameters: {'max_depth': 5, 'alpha': 0.004513004128156796, 'lambda': 2.1381399888751437e-08, 'eta': 0.0665886628747703}. Best is trial 34 with value: 14170072634.42287.
[0]	eval-rmse:598015.31250
[100]	eval-rmse:112987.71094
[200]	eval-rmse:106658.00000
[300]	eval-rmse:103636.00781
[400]	eval-rmse:101954.18750
[457]	eval-rmse:101570.30469
{'MSE - mean': 10316526462.719456, 'MSE - std': 0.0, 'R2 - mean': 0.9196640891001968, 'R2 - std': 0.0}
[0]	eval-rmse:603910.56250
[100]	eval-rmse:142852.68750
[200]	eval-rmse:139351.35938
[300]	eval-rmse:137673.42188
[322]	eval-rmse:137742.14062
{'MSE - mean': 14644725028.333357, 'MSE - std': 4328198565.613901, 'R2 - mean': 0.8921050056508495, 'R2 - std': 0.02755908344934732}
[0]	eval-rmse:620047.06250
[100]	eval-rmse:126251.00781
[200]	eval-rmse:120593.09375
[300]	eval-rmse:117707.19531
[400]	eval-rmse:116208.64062
[500]	eval-rmse:115049.85156
[502]	eval-rmse:115023.60156
{'MSE - mean': 14173630316.355886, 'MSE - std': 3596210367.0708365, 'R2 - mean': 0.8987097274929865, 'R2 - std': 0.024363499097407895}
[0]	eval-rmse:592730.00000
[100]	eval-rmse:125466.36719
[200]	eval-rmse:119704.39844
[300]	eval-rmse:117702.64844
[400]	eval-rmse:116303.49219
[497]	eval-rmse:115488.35938
{'MSE - mean': 13964612823.77621, 'MSE - std': 3135380629.1714735, 'R2 - mean': 0.896511836482166, 'R2 - std': 0.02144008490860944}
[0]	eval-rmse:608215.18750
[100]	eval-rmse:134201.82812
[200]	eval-rmse:128889.75781
[300]	eval-rmse:127117.13281
[400]	eval-rmse:126094.65625
[491]	eval-rmse:125711.38281
{'MSE - mean': 14332159775.298452, 'MSE - std': 2899112346.584751, 'R2 - mean': 0.8936069654986692, 'R2 - std': 0.020037337508605122}
Trial 63 finished with value: 14332159775.298452 and parameters: {'max_depth': 4, 'alpha': 2.037350196152794e-06, 'lambda': 2.2768334163848452e-06, 'eta': 0.08345116692358856}. Best is trial 34 with value: 14170072634.42287.
[0]	eval-rmse:584568.81250
[100]	eval-rmse:109067.63281
[200]	eval-rmse:105128.35938
[300]	eval-rmse:103895.89062
[400]	eval-rmse:103405.14062
[478]	eval-rmse:103179.43750
{'MSE - mean': 10642992395.374952, 'MSE - std': 0.0, 'R2 - mean': 0.9171218634613242, 'R2 - std': 0.0}
[0]	eval-rmse:590187.12500
[100]	eval-rmse:138927.46875
[200]	eval-rmse:136843.95312
[278]	eval-rmse:136272.95312
{'MSE - mean': 14606654145.869583, 'MSE - std': 3963661750.494632, 'R2 - mean': 0.8922710686604478, 'R2 - std': 0.02485079480087632}
[0]	eval-rmse:606330.06250
[100]	eval-rmse:123178.08594
[200]	eval-rmse:119973.86719
[300]	eval-rmse:118307.28125
[391]	eval-rmse:117076.62500
{'MSE - mean': 14306747735.031424, 'MSE - std': 3263989995.7076716, 'R2 - mean': 0.8977653253934993, 'R2 - std': 0.0217274415334051}
[0]	eval-rmse:578904.56250
[100]	eval-rmse:117474.43750
[200]	eval-rmse:115376.84375
[300]	eval-rmse:113917.75000
[400]	eval-rmse:113089.93750
[500]	eval-rmse:112340.44531
[501]	eval-rmse:112337.66406
{'MSE - mean': 13885002891.013456, 'MSE - std': 2919559754.385418, 'R2 - mean': 0.8972846127461612, 'R2 - std': 0.018834928739939128}
[0]	eval-rmse:594743.00000
[100]	eval-rmse:127471.08594
[200]	eval-rmse:125046.03906
[300]	eval-rmse:123634.75000
[400]	eval-rmse:122604.67188
[471]	eval-rmse:122403.42188
{'MSE - mean': 14105467680.672068, 'MSE - std': 2648297985.774731, 'R2 - mean': 0.8954425075421313, 'R2 - std': 0.017244623476368712}
Trial 64 finished with value: 14105467680.672068 and parameters: {'max_depth': 5, 'alpha': 0.00036878968469005894, 'lambda': 4.805116650776781e-06, 'eta': 0.1049691466952568}. Best is trial 64 with value: 14105467680.672068.
[0]	eval-rmse:586240.43750
[100]	eval-rmse:108841.39062
[200]	eval-rmse:104616.93750
[300]	eval-rmse:103485.23438
[384]	eval-rmse:103140.15625
{'MSE - mean': 10637892200.647865, 'MSE - std': 0.0, 'R2 - mean': 0.9171615792310309, 'R2 - std': 0.0}
[0]	eval-rmse:591839.87500
[100]	eval-rmse:140657.01562
[123]	eval-rmse:140860.12500
{'MSE - mean': 15239733146.499657, 'MSE - std': 4601840945.851791, 'R2 - mean': 0.8877529567978195, 'R2 - std': 0.029408622433211462}
[0]	eval-rmse:608011.62500
[100]	eval-rmse:121015.62500
[200]	eval-rmse:116566.70312
[300]	eval-rmse:114563.02344
[400]	eval-rmse:113628.02344
[426]	eval-rmse:113623.60156
{'MSE - mean': 14463892748.082869, 'MSE - std': 3914309224.913524, 'R2 - mean': 0.8965167235889656, 'R2 - std': 0.027021940450036412}
[0]	eval-rmse:580573.62500
[100]	eval-rmse:119091.26562
[200]	eval-rmse:116572.51562
[300]	eval-rmse:114937.03125
[385]	eval-rmse:114033.97656
{'MSE - mean': 14099547727.19914, 'MSE - std': 3448130567.99052, 'R2 - mean': 0.8955501608152567, 'R2 - std': 0.02346149355967229}
[0]	eval-rmse:596419.06250
[100]	eval-rmse:126914.16406
[200]	eval-rmse:123982.57812
[225]	eval-rmse:123900.88281
{'MSE - mean': 14349923809.400486, 'MSE - std': 3124489760.150044, 'R2 - mean': 0.8935111215937563, 'R2 - std': 0.021377185685391386}
