[I 2025-01-01 20:49:32,929] Using an existing study with name 'XGBoost_Mercedes_Benz' instead of creating a new one.
[I 2025-01-01 20:49:37,757] Trial 300 finished with value: 69.11441777839886 and parameters: {'max_depth': 2, 'alpha': 8.371113137990552e-07, 'lambda': 0.00035596553974667083, 'eta': 0.04611576339211321}. Best is trial 229 with value: 69.03373822018818.
[I 2025-01-01 20:49:41,765] Trial 301 finished with value: 69.15482649146654 and parameters: {'max_depth': 2, 'alpha': 1.2724238152342982e-06, 'lambda': 2.8614102613822398e-05, 'eta': 0.05066662709357598}. Best is trial 229 with value: 69.03373822018818.
[I 2025-01-01 20:49:46,523] Trial 302 finished with value: 69.06241800322582 and parameters: {'max_depth': 2, 'alpha': 0.4842902576328863, 'lambda': 4.8919244422635205e-05, 'eta': 0.042184760321638815}. Best is trial 229 with value: 69.03373822018818.
[I 2025-01-01 20:49:51,051] Trial 303 finished with value: 69.08172026803626 and parameters: {'max_depth': 2, 'alpha': 2.37516974458832e-06, 'lambda': 5.843854605101263e-05, 'eta': 0.04287566277080365}. Best is trial 229 with value: 69.03373822018818.
[I 2025-01-01 20:49:55,135] Trial 304 finished with value: 69.23959581661464 and parameters: {'max_depth': 2, 'alpha': 8.422823887389624e-07, 'lambda': 5.396503013590633e-05, 'eta': 0.046792413892829336}. Best is trial 229 with value: 69.03373822018818.
[I 2025-01-01 20:50:28,978] Trial 305 finished with value: 84.37265732691701 and parameters: {'max_depth': 11, 'alpha': 0.004044259590636792, 'lambda': 2.1993132990911494e-05, 'eta': 0.044864681788343894}. Best is trial 229 with value: 69.03373822018818.
[I 2025-01-01 20:50:35,818] Trial 306 finished with value: 72.94200217051062 and parameters: {'max_depth': 5, 'alpha': 0.45925255089335376, 'lambda': 0.00012214637670460127, 'eta': 0.04049620076657807}. Best is trial 229 with value: 69.03373822018818.
[I 2025-01-01 20:50:39,806] Trial 307 finished with value: 69.18894022679432 and parameters: {'max_depth': 2, 'alpha': 0.0003663817099002226, 'lambda': 0.00022930726216938935, 'eta': 0.04983780589089241}. Best is trial 229 with value: 69.03373822018818.
[I 2025-01-01 20:50:44,332] Trial 308 finished with value: 69.80498582923452 and parameters: {'max_depth': 3, 'alpha': 1.3849100652441916e-06, 'lambda': 0.0005212094375555673, 'eta': 0.05220724871213324}. Best is trial 229 with value: 69.03373822018818.
[I 2025-01-01 20:50:48,432] Trial 309 finished with value: 69.22606352056961 and parameters: {'max_depth': 2, 'alpha': 0.12487748940551648, 'lambda': 1.1067282363789106e-07, 'eta': 0.04688571180855456}. Best is trial 229 with value: 69.03373822018818.
[I 2025-01-01 20:50:52,227] Trial 310 finished with value: 69.28027950421392 and parameters: {'max_depth': 2, 'alpha': 9.415489901783834e-07, 'lambda': 4.61593420383191e-05, 'eta': 0.056460623001919376}. Best is trial 229 with value: 69.03373822018818.
[I 2025-01-01 20:50:56,400] Trial 311 finished with value: 69.1971499750199 and parameters: {'max_depth': 2, 'alpha': 0.02716911031696681, 'lambda': 7.098400745634579e-05, 'eta': 0.05042017146588419}. Best is trial 229 with value: 69.03373822018818.
[I 2025-01-01 20:51:00,394] Trial 312 finished with value: 69.2204030129525 and parameters: {'max_depth': 2, 'alpha': 5.822594772622836e-07, 'lambda': 2.1824140500275307e-06, 'eta': 0.055958615659269795}. Best is trial 229 with value: 69.03373822018818.
[I 2025-01-01 20:51:04,916] Trial 313 finished with value: 69.16770442166535 and parameters: {'max_depth': 2, 'alpha': 1.9768850208210375e-06, 'lambda': 9.974158174946489e-05, 'eta': 0.04371778737279448}. Best is trial 229 with value: 69.03373822018818.
[I 2025-01-01 20:51:08,877] Trial 314 finished with value: 69.24746425385123 and parameters: {'max_depth': 2, 'alpha': 6.501402638578616e-07, 'lambda': 0.0007413668420022995, 'eta': 0.052175268048315515}. Best is trial 229 with value: 69.03373822018818.
[I 2025-01-01 20:51:12,659] Trial 315 finished with value: 69.22053004209238 and parameters: {'max_depth': 2, 'alpha': 3.5388143886326773e-07, 'lambda': 8.557557476508393e-08, 'eta': 0.06014415792121008}. Best is trial 229 with value: 69.03373822018818.
[I 2025-01-01 20:51:17,118] Trial 316 finished with value: 69.14419988900445 and parameters: {'max_depth': 2, 'alpha': 9.13233775770093e-07, 'lambda': 0.0003133326771515815, 'eta': 0.04728419795993212}. Best is trial 229 with value: 69.03373822018818.
[I 2025-01-01 20:51:21,054] Trial 317 finished with value: 69.2267143473502 and parameters: {'max_depth': 2, 'alpha': 5.484629484416445e-07, 'lambda': 4.4586070560778604e-05, 'eta': 0.05565374308290323}. Best is trial 229 with value: 69.03373822018818.
[I 2025-01-01 20:51:25,553] Trial 318 finished with value: 69.1400372152441 and parameters: {'max_depth': 2, 'alpha': 3.2290943796412773e-07, 'lambda': 1.2608431184958673e-05, 'eta': 0.041053080102646584}. Best is trial 229 with value: 69.03373822018818.
[I 2025-01-01 20:51:28,890] Trial 319 finished with value: 69.14071891537577 and parameters: {'max_depth': 2, 'alpha': 2.063713514717181e-07, 'lambda': 5.798665841062708e-06, 'eta': 0.07951490541900037}. Best is trial 229 with value: 69.03373822018818.
[I 2025-01-01 20:51:32,606] Trial 320 finished with value: 69.35395965879643 and parameters: {'max_depth': 2, 'alpha': 0.18871601703617177, 'lambda': 1.4612245940343785e-08, 'eta': 0.07080403930683012}. Best is trial 229 with value: 69.03373822018818.
[I 2025-01-01 20:51:42,963] Trial 321 finished with value: 77.95508579314529 and parameters: {'max_depth': 7, 'alpha': 5.19210598019873e-07, 'lambda': 6.839098360396736e-08, 'eta': 0.05156274371405195}. Best is trial 229 with value: 69.03373822018818.
[I 2025-01-01 20:51:47,128] Trial 322 finished with value: 69.20682890448109 and parameters: {'max_depth': 2, 'alpha': 1.2813721272032033e-06, 'lambda': 2.9270283726509414e-08, 'eta': 0.05827698077488813}. Best is trial 229 with value: 69.03373822018818.
[I 2025-01-01 20:51:52,361] Trial 323 finished with value: 69.08076262513016 and parameters: {'max_depth': 2, 'alpha': 7.832983687481127e-07, 'lambda': 1.0585195328881824e-07, 'eta': 0.03903968833375062}. Best is trial 229 with value: 69.03373822018818.
[I 2025-01-01 20:51:56,899] Trial 324 finished with value: 69.17126393929898 and parameters: {'max_depth': 2, 'alpha': 3.8186001238149654e-07, 'lambda': 6.761998257800817e-08, 'eta': 0.04747662588279439}. Best is trial 229 with value: 69.03373822018818.
[I 2025-01-01 20:52:01,057] Trial 325 finished with value: 69.15995421138335 and parameters: {'max_depth': 2, 'alpha': 2.584315952350121e-07, 'lambda': 3.668795477545678e-08, 'eta': 0.053920684138587194}. Best is trial 229 with value: 69.03373822018818.
[I 2025-01-01 20:52:09,100] Trial 326 finished with value: 69.41672353540413 and parameters: {'max_depth': 2, 'alpha': 1.508455977266864e-07, 'lambda': 1.0095269479059015e-08, 'eta': 0.012285350729937191}. Best is trial 229 with value: 69.03373822018818.
[I 2025-01-01 20:52:12,696] Trial 327 finished with value: 69.16349422548626 and parameters: {'max_depth': 2, 'alpha': 4.881807557751606e-07, 'lambda': 2.1823817678181236e-08, 'eta': 0.07267743918551647}. Best is trial 229 with value: 69.03373822018818.
[I 2025-01-01 20:52:16,819] Trial 328 finished with value: 69.25598538285746 and parameters: {'max_depth': 2, 'alpha': 0.0013654994604780685, 'lambda': 2.465822186190657e-07, 'eta': 0.05837145017200106}. Best is trial 229 with value: 69.03373822018818.
[I 2025-01-01 20:52:21,075] Trial 329 finished with value: 69.11204615702 and parameters: {'max_depth': 2, 'alpha': 2.1452675567245581e-07, 'lambda': 1.3022798323092213e-07, 'eta': 0.051437241744254375}. Best is trial 229 with value: 69.03373822018818.
[I 2025-01-01 20:52:25,432] Trial 330 finished with value: 69.15889560024773 and parameters: {'max_depth': 2, 'alpha': 3.518541456414259e-07, 'lambda': 2.510142424882527e-05, 'eta': 0.045804084989484586}. Best is trial 229 with value: 69.03373822018818.
[I 2025-01-01 20:52:28,815] Trial 331 finished with value: 69.16106760397747 and parameters: {'max_depth': 2, 'alpha': 7.084371498794676e-07, 'lambda': 9.232579809362186e-08, 'eta': 0.09419855051582342}. Best is trial 229 with value: 69.03373822018818.
[I 2025-01-01 20:52:32,448] Trial 332 finished with value: 69.39195532782804 and parameters: {'max_depth': 2, 'alpha': 1.5301831648768401e-06, 'lambda': 0.00021028510689785054, 'eta': 0.07710855898299668}. Best is trial 229 with value: 69.03373822018818.
[I 2025-01-01 20:52:36,208] Trial 333 finished with value: 70.0012008470551 and parameters: {'max_depth': 3, 'alpha': 1.0779072314634866e-06, 'lambda': 6.209489443888406e-08, 'eta': 0.06755497365973981}. Best is trial 229 with value: 69.03373822018818.
[I 2025-01-01 20:52:39,988] Trial 334 finished with value: 69.16031957954715 and parameters: {'max_depth': 2, 'alpha': 2.5160838074288174e-07, 'lambda': 3.627550672841148e-08, 'eta': 0.0591922508523757}. Best is trial 229 with value: 69.03373822018818.
[I 2025-01-01 20:52:44,269] Trial 335 finished with value: 69.14309097078021 and parameters: {'max_depth': 2, 'alpha': 1.4495699628394586e-07, 'lambda': 5.9379122075748454e-08, 'eta': 0.048764056635938496}. Best is trial 229 with value: 69.03373822018818.
[I 2025-01-01 20:52:48,211] Trial 336 finished with value: 69.24420893678145 and parameters: {'max_depth': 2, 'alpha': 4.900638257184465e-07, 'lambda': 1.896765453736531e-08, 'eta': 0.054816203486892236}. Best is trial 229 with value: 69.03373822018818.
[I 2025-01-01 20:52:52,538] Trial 337 finished with value: 71.42130991380743 and parameters: {'max_depth': 4, 'alpha': 3.3972123429186765e-07, 'lambda': 4.108819636287131e-08, 'eta': 0.06096946007475851}. Best is trial 229 with value: 69.03373822018818.
[I 2025-01-01 20:52:55,771] Trial 338 finished with value: 69.51752310441623 and parameters: {'max_depth': 2, 'alpha': 6.752784910021149e-07, 'lambda': 6.237754802010716e-05, 'eta': 0.09823375556783612}. Best is trial 229 with value: 69.03373822018818.
[I 2025-01-01 20:52:59,409] Trial 339 finished with value: 69.15382292567364 and parameters: {'max_depth': 2, 'alpha': 1.678583131088394e-07, 'lambda': 2.6929741822914882e-08, 'eta': 0.07948276656732993}. Best is trial 229 with value: 69.03373822018818.
[I 2025-01-01 20:53:02,334] Trial 340 finished with value: 69.39823622436205 and parameters: {'max_depth': 2, 'alpha': 3.8741781308088886e-07, 'lambda': 8.195277867422514e-08, 'eta': 0.11908744419953438}. Best is trial 229 with value: 69.03373822018818.
[I 2025-01-01 20:53:06,744] Trial 341 finished with value: 69.12081495725363 and parameters: {'max_depth': 2, 'alpha': 1.004009741179452e-06, 'lambda': 1.4365799440869822e-07, 'eta': 0.04434679947975187}. Best is trial 229 with value: 69.03373822018818.
[I 2025-01-01 20:53:10,703] Trial 342 finished with value: 69.0761157464422 and parameters: {'max_depth': 2, 'alpha': 3.0224554837002238e-06, 'lambda': 0.0001387758178170769, 'eta': 0.06477636264804086}. Best is trial 229 with value: 69.03373822018818.
[I 2025-01-01 20:53:14,354] Trial 343 finished with value: 69.02697360417967 and parameters: {'max_depth': 2, 'alpha': 3.2631843023046095e-06, 'lambda': 0.0002892691553501132, 'eta': 0.06601842347222732}. Best is trial 343 with value: 69.02697360417967.
[I 2025-01-01 20:53:17,779] Trial 344 finished with value: 69.32221872875087 and parameters: {'max_depth': 2, 'alpha': 5.230512020625311e-06, 'lambda': 0.0002821032647743967, 'eta': 0.07120067654868165}. Best is trial 343 with value: 69.02697360417967.
[I 2025-01-01 20:53:21,499] Trial 345 finished with value: 69.2039866441792 and parameters: {'max_depth': 2, 'alpha': 2.5041380956792265e-06, 'lambda': 0.00017886481712229538, 'eta': 0.06671408623650438}. Best is trial 343 with value: 69.02697360417967.
[I 2025-01-01 20:53:25,285] Trial 346 finished with value: 69.20506732313073 and parameters: {'max_depth': 2, 'alpha': 2.1585320685849817e-06, 'lambda': 0.00015996720008125984, 'eta': 0.06396844116695741}. Best is trial 343 with value: 69.02697360417967.
[I 2025-01-01 20:53:29,077] Trial 347 finished with value: 69.25391947277697 and parameters: {'max_depth': 2, 'alpha': 4.151432744162312e-06, 'lambda': 0.00012196212797601976, 'eta': 0.07182713098743973}. Best is trial 343 with value: 69.02697360417967.
[I 2025-01-01 20:53:33,204] Trial 348 finished with value: 69.008191215538 and parameters: {'max_depth': 2, 'alpha': 3.952391635312114e-06, 'lambda': 4.9217081324604326e-08, 'eta': 0.06529357211595001}. Best is trial 348 with value: 69.008191215538.
[I 2025-01-01 20:53:37,065] Trial 349 finished with value: 69.09105150186124 and parameters: {'max_depth': 2, 'alpha': 0.0009244148818888971, 'lambda': 9.701969371157553e-08, 'eta': 0.06596200924995302}. Best is trial 348 with value: 69.008191215538.
