Trial 91 finished with value: 4.534989022559373 and parameters: {'max_depth': 4, 'alpha': 6.733954814306036e-05, 'lambda': 0.9788191208134558, 'eta': 0.03236164091103508}. Best is trial 91 with value: 4.534989022559373.
[0]	train-rmse:9.64663	eval-rmse:9.76171
[100]	train-rmse:2.01862	eval-rmse:2.21829
[200]	train-rmse:1.83888	eval-rmse:2.14226
[296]	train-rmse:1.75800	eval-rmse:2.12508
Saved Losses
{'MSE - mean': 4.515964602511372, 'MSE - std': 0.0, 'R2 - mean': 0.588158950547361, 'R2 - std': 0.0} 
 

[0]	train-rmse:9.69192	eval-rmse:9.57449
[100]	train-rmse:2.04530	eval-rmse:2.05291
[200]	train-rmse:1.87490	eval-rmse:2.00808
[205]	train-rmse:1.86930	eval-rmse:2.00818
Saved Losses
{'MSE - mean': 4.274380997539772, 'MSE - std': 0.24158360497159892, 'R2 - mean': 0.5791383030283933, 'R2 - std': 0.009020647518967695} 
 

[0]	train-rmse:9.67050	eval-rmse:9.66445
[100]	train-rmse:2.01587	eval-rmse:2.20626
[200]	train-rmse:1.85861	eval-rmse:2.14718
[300]	train-rmse:1.77104	eval-rmse:2.14059
[312]	train-rmse:1.75996	eval-rmse:2.14103
Saved Losses
{'MSE - mean': 4.377593273524863, 'MSE - std': 0.24538535671217426, 'R2 - mean': 0.5690717470405134, 'R2 - std': 0.01602869780597326} 
 

[0]	train-rmse:9.69455	eval-rmse:9.56231
[100]	train-rmse:2.03916	eval-rmse:2.11216
[183]	train-rmse:1.87218	eval-rmse:2.07597
Saved Losses
{'MSE - mean': 4.3606049203918325, 'MSE - std': 0.21453739159663626, 'R2 - mean': 0.561606589037372, 'R2 - std': 0.01897037472091705} 
 

[0]	train-rmse:9.64136	eval-rmse:9.78486
[100]	train-rmse:1.98789	eval-rmse:2.37513
[200]	train-rmse:1.81668	eval-rmse:2.30893
[274]	train-rmse:1.75257	eval-rmse:2.30441
Saved Losses
{'MSE - mean': 4.55023170195742, 'MSE - std': 0.42503446808719225, 'R2 - mean': 0.5614790655241673, 'R2 - std': 0.016969535722207822} 
 

Results After CV: {'MSE - mean': 4.55023170195742, 'MSE - std': 0.42503446808719225, 'R2 - mean': 0.5614790655241673, 'R2 - std': 0.016969535722207822}
Train time: 0.5624034725999991
Inference time: 0.043627384000001254
Finished cross validation
Trial 92 finished with value: 4.55023170195742 and parameters: {'max_depth': 4, 'alpha': 6.645137384935399e-05, 'lambda': 0.63247979435434, 'eta': 0.031908094296759684}. Best is trial 91 with value: 4.534989022559373.
[0]	train-rmse:9.75652	eval-rmse:9.87191
[100]	train-rmse:2.42446	eval-rmse:2.58453
[200]	train-rmse:1.93834	eval-rmse:2.17591
[300]	train-rmse:1.85374	eval-rmse:2.14853
[400]	train-rmse:1.80056	eval-rmse:2.13780
[499]	train-rmse:1.75893	eval-rmse:2.13051
Saved Losses
{'MSE - mean': 4.5390886382769144, 'MSE - std': 0.0, 'R2 - mean': 0.5860501148952912, 'R2 - std': 0.0} 
 

[0]	train-rmse:9.80234	eval-rmse:9.68540
[100]	train-rmse:2.45439	eval-rmse:2.37669
[200]	train-rmse:1.97330	eval-rmse:2.01410
[280]	train-rmse:1.90055	eval-rmse:2.00326
Saved Losses
{'MSE - mean': 4.276078026555309, 'MSE - std': 0.2630106117216058, 'R2 - mean': 0.5791354591173872, 'R2 - std': 0.006914655777904066} 
 

[0]	train-rmse:9.78080	eval-rmse:9.77393
[100]	train-rmse:2.42186	eval-rmse:2.53456
[200]	train-rmse:1.94362	eval-rmse:2.16942
[300]	train-rmse:1.87021	eval-rmse:2.14932
[363]	train-rmse:1.83377	eval-rmse:2.14729
Saved Losses
{'MSE - mean': 4.3876640856062155, 'MSE - std': 0.26649443721737814, 'R2 - mean': 0.5681902199740052, 'R2 - std': 0.01647639208573613} 
 

[0]	train-rmse:9.80504	eval-rmse:9.67286
[100]	train-rmse:2.44589	eval-rmse:2.42806
[200]	train-rmse:1.96172	eval-rmse:2.08585
[294]	train-rmse:1.87169	eval-rmse:2.07794
Saved Losses
{'MSE - mean': 4.370023641319422, 'MSE - std': 0.2328046812775932, 'R2 - mean': 0.5607459715682337, 'R2 - std': 0.019231591850459993} 
 

[0]	train-rmse:9.75151	eval-rmse:9.89333
[100]	train-rmse:2.39370	eval-rmse:2.71793
[200]	train-rmse:1.92024	eval-rmse:2.32992
[300]	train-rmse:1.83314	eval-rmse:2.30415
[400]	train-rmse:1.76845	eval-rmse:2.29240
[418]	train-rmse:1.76095	eval-rmse:2.29277
Saved Losses
{'MSE - mean': 4.547029669299418, 'MSE - std': 0.4107103011428239, 'R2 - mean': 0.561678518843453, 'R2 - std': 0.01730207726731732} 
 

Results After CV: {'MSE - mean': 4.547029669299418, 'MSE - std': 0.4107103011428239, 'R2 - mean': 0.561678518843453, 'R2 - std': 0.01730207726731732}
Train time: 0.6705638160000035
Inference time: 0.01984012559998973
Finished cross validation
Trial 93 finished with value: 4.547029669299418 and parameters: {'max_depth': 4, 'alpha': 5.0503769136763035e-05, 'lambda': 0.962013640465812, 'eta': 0.02021598345699168}. Best is trial 91 with value: 4.534989022559373.
[0]	train-rmse:9.75599	eval-rmse:9.87166
[100]	train-rmse:2.41425	eval-rmse:2.56908
[200]	train-rmse:1.93381	eval-rmse:2.16674
[300]	train-rmse:1.84180	eval-rmse:2.13872
[400]	train-rmse:1.78730	eval-rmse:2.13117
[457]	train-rmse:1.75430	eval-rmse:2.12621
Saved Losses
{'MSE - mean': 4.520750485910108, 'MSE - std': 0.0, 'R2 - mean': 0.5877224937955969, 'R2 - std': 0.0} 
 

[0]	train-rmse:9.80173	eval-rmse:9.68468
[100]	train-rmse:2.44424	eval-rmse:2.37299
[200]	train-rmse:1.96292	eval-rmse:2.02236
[255]	train-rmse:1.91012	eval-rmse:2.01516
Saved Losses
{'MSE - mean': 4.290825686523885, 'MSE - std': 0.22992479938622346, 'R2 - mean': 0.5774222066767765, 'R2 - std': 0.010300287118820417} 
 

[0]	train-rmse:9.78018	eval-rmse:9.77293
[100]	train-rmse:2.41133	eval-rmse:2.53435
[200]	train-rmse:1.93175	eval-rmse:2.17191
[300]	train-rmse:1.85008	eval-rmse:2.14731
[400]	train-rmse:1.79102	eval-rmse:2.13776
[427]	train-rmse:1.77328	eval-rmse:2.13747
Saved Losses
{'MSE - mean': 4.38400071853471, 'MSE - std': 0.22936168401813184, 'R2 - mean': 0.5683759558624202, 'R2 - std': 0.015310124670053342} 
 

[0]	train-rmse:9.80438	eval-rmse:9.67242
[100]	train-rmse:2.43534	eval-rmse:2.41911
[200]	train-rmse:1.95481	eval-rmse:2.08405
[248]	train-rmse:1.90125	eval-rmse:2.07929
Saved Losses
{'MSE - mean': 4.369274300946182, 'MSE - std': 0.20026404743912515, 'R2 - mean': 0.560671626535904, 'R2 - std': 0.01881143293780894} 
 

[0]	train-rmse:9.75104	eval-rmse:9.89386
[100]	train-rmse:2.38112	eval-rmse:2.71202
[200]	train-rmse:1.90316	eval-rmse:2.33297
[300]	train-rmse:1.81751	eval-rmse:2.31539
[391]	train-rmse:1.75722	eval-rmse:2.30609
Saved Losses
{'MSE - mean': 4.558990140365445, 'MSE - std': 0.4195866416648459, 'R2 - mean': 0.5605803394584563, 'R2 - std': 0.016826447654243074} 
 

Results After CV: {'MSE - mean': 4.558990140365445, 'MSE - std': 0.4195866416648459, 'R2 - mean': 0.5605803394584563, 'R2 - std': 0.016826447654243074}
Train time: 0.6886284752000279
Inference time: 0.055526069600000484
Finished cross validation
Trial 94 finished with value: 4.558990140365445 and parameters: {'max_depth': 4, 'alpha': 3.7935726448485834e-05, 'lambda': 0.24820175098415398, 'eta': 0.020214410037602583}. Best is trial 91 with value: 4.534989022559373.
[0]	train-rmse:9.80496	eval-rmse:9.91994
[100]	train-rmse:2.77550	eval-rmse:3.17797
[200]	train-rmse:1.39691	eval-rmse:2.27615
[300]	train-rmse:1.09737	eval-rmse:2.19715
[400]	train-rmse:0.96303	eval-rmse:2.18067
[435]	train-rmse:0.92397	eval-rmse:2.18003
Saved Losses
{'MSE - mean': 4.75231480832952, 'MSE - std': 0.0, 'R2 - mean': 0.5666045927589138, 'R2 - std': 0.0} 
 

[0]	train-rmse:9.85098	eval-rmse:9.73521
[100]	train-rmse:2.79005	eval-rmse:3.01561
[200]	train-rmse:1.39545	eval-rmse:2.15264
[283]	train-rmse:1.09888	eval-rmse:2.11542
Saved Losses
{'MSE - mean': 4.613654249384821, 'MSE - std': 0.13866055894469875, 'R2 - mean': 0.5447928211982775, 'R2 - std': 0.021811771560636295} 
 

[0]	train-rmse:9.82948	eval-rmse:9.82174
[100]	train-rmse:2.77941	eval-rmse:3.07191
[200]	train-rmse:1.41786	eval-rmse:2.20880
[296]	train-rmse:1.10472	eval-rmse:2.15464
Saved Losses
{'MSE - mean': 4.623025673926627, 'MSE - std': 0.11398895092854265, 'R2 - mean': 0.5442805614260116, 'R2 - std': 0.017823965305850217} 
 

[0]	train-rmse:9.85372	eval-rmse:9.72218
[100]	train-rmse:2.78206	eval-rmse:2.99380
[200]	train-rmse:1.33736	eval-rmse:2.12931
[300]	train-rmse:0.99766	eval-rmse:2.08082
[365]	train-rmse:0.90800	eval-rmse:2.07671
Saved Losses
{'MSE - mean': 4.5454050734224545, 'MSE - std': 0.16679323597864243, 'R2 - mean': 0.5429355912836531, 'R2 - std': 0.015610801980347512} 
 

[0]	train-rmse:9.80008	eval-rmse:9.94065
[100]	train-rmse:2.75233	eval-rmse:3.28303
[200]	train-rmse:1.34035	eval-rmse:2.41846
[300]	train-rmse:1.05737	eval-rmse:2.36022
[349]	train-rmse:0.98816	eval-rmse:2.35827
Saved Losses
{'MSE - mean': 4.748610405355673, 'MSE - std': 0.4329268004627798, 'R2 - mean': 0.5423627425972894, 'R2 - std': 0.014009651431979719} 
 

Results After CV: {'MSE - mean': 4.748610405355673, 'MSE - std': 0.4329268004627798, 'R2 - mean': 0.5423627425972894, 'R2 - std': 0.014009651431979719}
Train time: 3.363702342800002
Inference time: 0.06233621820001645
Finished cross validation
Trial 95 finished with value: 4.748610405355673 and parameters: {'max_depth': 9, 'alpha': 1.844880544762039e-05, 'lambda': 0.9271992951379536, 'eta': 0.014999589264720553}. Best is trial 91 with value: 4.534989022559373.
[0]	train-rmse:9.72128	eval-rmse:9.83662
[100]	train-rmse:2.21304	eval-rmse:2.38219
[200]	train-rmse:1.90132	eval-rmse:2.16052
[300]	train-rmse:1.82557	eval-rmse:2.13875
[400]	train-rmse:1.77229	eval-rmse:2.13044
[451]	train-rmse:1.74552	eval-rmse:2.12896
Saved Losses
{'MSE - mean': 4.531465038255752, 'MSE - std': 0.0, 'R2 - mean': 0.5867453620262313, 'R2 - std': 0.0} 
 

[0]	train-rmse:9.76697	eval-rmse:9.65002
[100]	train-rmse:2.24252	eval-rmse:2.18953
[200]	train-rmse:1.93487	eval-rmse:2.01234
[241]	train-rmse:1.89613	eval-rmse:2.00931
Saved Losses
{'MSE - mean': 4.2843931197876595, 'MSE - std': 0.24707191846809273, 'R2 - mean': 0.578190397533768, 'R2 - std': 0.00855496449246329} 
 

[0]	train-rmse:9.74544	eval-rmse:9.73882
[100]	train-rmse:2.20946	eval-rmse:2.35090
[200]	train-rmse:1.91130	eval-rmse:2.15475
[273]	train-rmse:1.85614	eval-rmse:2.14730
Saved Losses
{'MSE - mean': 4.393232575200458, 'MSE - std': 0.2537487130465459, 'R2 - mean': 0.5675577096910137, 'R2 - std': 0.01658009991428825} 
 

[0]	train-rmse:9.76964	eval-rmse:9.63734
[100]	train-rmse:2.23385	eval-rmse:2.25031
[200]	train-rmse:1.91878	eval-rmse:2.07622
[283]	train-rmse:1.84159	eval-rmse:2.07371
Saved Losses
{'MSE - mean': 4.370076944094012, 'MSE - std': 0.22338275847835068, 'R2 - mean': 0.5607124290000722, 'R2 - std': 0.018621181167937862} 
 

[0]	train-rmse:9.71622	eval-rmse:9.85855
[100]	train-rmse:2.18545	eval-rmse:2.53301
[200]	train-rmse:1.88344	eval-rmse:2.32030
[300]	train-rmse:1.79955	eval-rmse:2.30295
[369]	train-rmse:1.76176	eval-rmse:2.30338
Saved Losses
{'MSE - mean': 4.557170276351044, 'MSE - std': 0.4241881013518397, 'R2 - mean': 0.5608165862787743, 'R2 - std': 0.01665659345202846} 
 

Results After CV: {'MSE - mean': 4.557170276351044, 'MSE - std': 0.4241881013518397, 'R2 - mean': 0.5608165862787743, 'R2 - std': 0.01665659345202846}
Train time: 0.6382997008000075
Inference time: 0.019783771599986722
Finished cross validation
Trial 96 finished with value: 4.557170276351044 and parameters: {'max_depth': 4, 'alpha': 5.640385817492817e-05, 'lambda': 0.9939774242727787, 'eta': 0.023980533738616448}. Best is trial 91 with value: 4.534989022559373.
[0]	train-rmse:9.67084	eval-rmse:9.78580
[100]	train-rmse:1.92941	eval-rmse:2.22699
[200]	train-rmse:1.69424	eval-rmse:2.13564
[248]	train-rmse:1.63795	eval-rmse:2.12875
Saved Losses
{'MSE - mean': 4.532162142216263, 'MSE - std': 0.0, 'R2 - mean': 0.5866817884485033, 'R2 - std': 0.0} 
 

[0]	train-rmse:9.71641	eval-rmse:9.60104
[100]	train-rmse:1.95899	eval-rmse:2.08361
[186]	train-rmse:1.73982	eval-rmse:2.01968
Saved Losses
{'MSE - mean': 4.3059020865638225, 'MSE - std': 0.22626005565244034, 'R2 - mean': 0.575902983239386, 'R2 - std': 0.010778805209117226} 
 

[0]	train-rmse:9.69486	eval-rmse:9.68705
[100]	train-rmse:1.92478	eval-rmse:2.21385
[200]	train-rmse:1.68503	eval-rmse:2.15289
[201]	train-rmse:1.68458	eval-rmse:2.15284
Saved Losses
{'MSE - mean': 4.415489334942791, 'MSE - std': 0.2411385601760482, 'R2 - mean': 0.5652537002342378, 'R2 - std': 0.01744332398191949} 
 

[0]	train-rmse:9.71892	eval-rmse:9.58736
[100]	train-rmse:1.94811	eval-rmse:2.12715
[198]	train-rmse:1.71028	eval-rmse:2.06918
Saved Losses
{'MSE - mean': 4.381992538620282, 'MSE - std': 0.21674168956259474, 'R2 - mean': 0.5594951785331087, 'R2 - std': 0.018102040774475633} 
 

[0]	train-rmse:9.66557	eval-rmse:9.80850
[100]	train-rmse:1.89708	eval-rmse:2.38577
[200]	train-rmse:1.66840	eval-rmse:2.31757
[202]	train-rmse:1.66623	eval-rmse:2.31753
Saved Losses
{'MSE - mean': 4.57978268913522, 'MSE - std': 0.44052848098442504, 'R2 - mean': 0.5587610792227601, 'R2 - std': 0.01625738943835818} 
 

Results After CV: {'MSE - mean': 4.57978268913522, 'MSE - std': 0.44052848098442504, 'R2 - mean': 0.5587610792227601, 'R2 - std': 0.01625738943835818}
Train time: 0.5564393627999834
Inference time: 0.013033388199983165
Finished cross validation
Trial 97 finished with value: 4.57978268913522 and parameters: {'max_depth': 5, 'alpha': 1.3884354734029319e-05, 'lambda': 0.5670065496524803, 'eta': 0.029229322066339533}. Best is trial 91 with value: 4.534989022559373.
[0]	train-rmse:9.70316	eval-rmse:9.81785
[100]	train-rmse:2.24298	eval-rmse:2.36872
[200]	train-rmse:2.01963	eval-rmse:2.18871
[300]	train-rmse:1.95334	eval-rmse:2.15890
[400]	train-rmse:1.90948	eval-rmse:2.14317
[499]	train-rmse:1.86868	eval-rmse:2.13232
Saved Losses
{'MSE - mean': 4.54681092050373, 'MSE - std': 0.0, 'R2 - mean': 0.5853458682732755, 'R2 - std': 0.0} 
 

[0]	train-rmse:9.74897	eval-rmse:9.63104
[100]	train-rmse:2.28352	eval-rmse:2.17075
[200]	train-rmse:2.05570	eval-rmse:2.02097
[279]	train-rmse:2.00455	eval-rmse:2.01590
Saved Losses
{'MSE - mean': 4.304333177719522, 'MSE - std': 0.24247774278420753, 'R2 - mean': 0.5761830181580163, 'R2 - std': 0.009162850115259136} 
 

[0]	train-rmse:9.72749	eval-rmse:9.71955
[100]	train-rmse:2.24657	eval-rmse:2.34200
[200]	train-rmse:2.02099	eval-rmse:2.18322
[300]	train-rmse:1.96080	eval-rmse:2.16293
[400]	train-rmse:1.90860	eval-rmse:2.14904
[499]	train-rmse:1.86235	eval-rmse:2.14446
Saved Losses
{'MSE - mean': 4.402460126813685, 'MSE - std': 0.2417742061804905, 'R2 - mean': 0.5666195281833746, 'R2 - std': 0.015456149665422855} 
 

[0]	train-rmse:9.75141	eval-rmse:9.61932
[100]	train-rmse:2.26341	eval-rmse:2.21925
[200]	train-rmse:2.04401	eval-rmse:2.08644
[287]	train-rmse:1.98435	eval-rmse:2.07854
Saved Losses
{'MSE - mean': 4.3820581393228535, 'MSE - std': 0.21234358563748257, 'R2 - mean': 0.5594677182665494, 'R2 - std': 0.018237724011486746} 
 

[0]	train-rmse:9.69806	eval-rmse:9.84205
[100]	train-rmse:2.20858	eval-rmse:2.54407
[200]	train-rmse:1.99190	eval-rmse:2.35103
[300]	train-rmse:1.92493	eval-rmse:2.33085
[400]	train-rmse:1.87462	eval-rmse:2.32320
[499]	train-rmse:1.83010	eval-rmse:2.31725
Saved Losses
{'MSE - mean': 4.579572113115624, 'MSE - std': 0.4383137210523431, 'R2 - mean': 0.558760865705937, 'R2 - std': 0.016373460961724172} 
 

Results After CV: {'MSE - mean': 4.579572113115624, 'MSE - std': 0.4383137210523431, 'R2 - mean': 0.558760865705937, 'R2 - std': 0.016373460961724172}
Train time: 0.6585002710000254
Inference time: 0.011193361999994522
Finished cross validation
Trial 98 finished with value: 4.579572113115624 and parameters: {'max_depth': 3, 'alpha': 0.00020243950506467742, 'lambda': 0.3899854656709988, 'eta': 0.02600952253104541}. Best is trial 91 with value: 4.534989022559373.
[0]	train-rmse:9.63072	eval-rmse:9.74641
[100]	train-rmse:1.98935	eval-rmse:2.19906
[200]	train-rmse:1.82483	eval-rmse:2.13472
[269]	train-rmse:1.76183	eval-rmse:2.13406
Saved Losses
{'MSE - mean': 4.5540532826387565, 'MSE - std': 0.0, 'R2 - mean': 0.5846853887778103, 'R2 - std': 0.0} 
 

[0]	train-rmse:9.67593	eval-rmse:9.55876
[100]	train-rmse:2.01829	eval-rmse:2.04914
[153]	train-rmse:1.91087	eval-rmse:2.01827
Saved Losses
{'MSE - mean': 4.3133078221990795, 'MSE - std': 0.24074546043967704, 'R2 - mean': 0.5752821176062088, 'R2 - std': 0.00940327117160139} 
 

[0]	train-rmse:9.65443	eval-rmse:9.64785
[100]	train-rmse:1.99138	eval-rmse:2.19858
[200]	train-rmse:1.83243	eval-rmse:2.15136
[274]	train-rmse:1.75973	eval-rmse:2.14616
Saved Losses
{'MSE - mean': 4.410775659641817, 'MSE - std': 0.2400809790183358, 'R2 - mean': 0.5657894191104397, 'R2 - std': 0.015465132458133203} 
 

[0]	train-rmse:9.67843	eval-rmse:9.54622
[100]	train-rmse:2.01405	eval-rmse:2.10355
[170]	train-rmse:1.87058	eval-rmse:2.07821
Saved Losses
{'MSE - mean': 4.3869423033642665, 'MSE - std': 0.21197463050836995, 'R2 - mean': 0.5589897449076362, 'R2 - std': 0.017834922182435046} 
 

[0]	train-rmse:9.62561	eval-rmse:9.77091
[100]	train-rmse:1.95917	eval-rmse:2.35643
[200]	train-rmse:1.80063	eval-rmse:2.30793
[228]	train-rmse:1.77293	eval-rmse:2.30548
Saved Losses
{'MSE - mean': 4.572601578850003, 'MSE - std': 0.41692212879491514, 'R2 - mean': 0.5592780830683853, 'R2 - std': 0.01596245955304469} 
 

Results After CV: {'MSE - mean': 4.572601578850003, 'MSE - std': 0.41692212879491514, 'R2 - mean': 0.5592780830683853, 'R2 - std': 0.01596245955304469}
Train time: 0.4948391266000044
Inference time: 0.01296150140001373
Finished cross validation
