Trial 39 finished with value: 4.56810347361728 and parameters: {'max_depth': 6, 'alpha': 2.539259075793872e-08, 'lambda': 0.6535383756198461, 'eta': 0.03038586891100933}. Best is trial 32 with value: 4.547322277017564.
[0]	train-rmse:9.82421	eval-rmse:9.93938
[100]	train-rmse:3.42448	eval-rmse:3.53797
[200]	train-rmse:2.25136	eval-rmse:2.37711
[300]	train-rmse:2.07322	eval-rmse:2.22347
[400]	train-rmse:2.01722	eval-rmse:2.19307
[499]	train-rmse:1.98044	eval-rmse:2.17418
Saved Losses
{'MSE - mean': 4.727050427352034, 'MSE - std': 0.0, 'R2 - mean': 0.5689086208218779, 'R2 - std': 0.0} 
 

[0]	train-rmse:9.87038	eval-rmse:9.75298
[100]	train-rmse:3.46557	eval-rmse:3.32710
[200]	train-rmse:2.28789	eval-rmse:2.17638
[300]	train-rmse:2.11178	eval-rmse:2.04866
[400]	train-rmse:2.05394	eval-rmse:2.02373
[499]	train-rmse:2.01572	eval-rmse:2.01682
Saved Losses
{'MSE - mean': 4.397301236099579, 'MSE - std': 0.3297491912524553, 'R2 - mean': 0.5676607749114052, 'R2 - std': 0.001247845910472667} 
 

[0]	train-rmse:9.84882	eval-rmse:9.84085
[100]	train-rmse:3.43417	eval-rmse:3.47189
[200]	train-rmse:2.25122	eval-rmse:2.34911
[300]	train-rmse:2.07524	eval-rmse:2.21050
[400]	train-rmse:2.02023	eval-rmse:2.18468
[499]	train-rmse:1.98907	eval-rmse:2.17502
Saved Losses
{'MSE - mean': 4.508433671172331, 'MSE - std': 0.31175394518460353, 'R2 - mean': 0.5566089980304435, 'R2 - std': 0.015662746376800478} 
 

[0]	train-rmse:9.87303	eval-rmse:9.74122
[100]	train-rmse:3.44678	eval-rmse:3.33474
[200]	train-rmse:2.26865	eval-rmse:2.22291
[300]	train-rmse:2.09820	eval-rmse:2.10351
[400]	train-rmse:2.04239	eval-rmse:2.08469
[499]	train-rmse:2.00471	eval-rmse:2.08316
Saved Losses
{'MSE - mean': 4.466216843497648, 'MSE - std': 0.279713555928856, 'R2 - mean': 0.5514595881450142, 'R2 - std': 0.016233930040272262} 
 

[0]	train-rmse:9.81931	eval-rmse:9.96085
[100]	train-rmse:3.39793	eval-rmse:3.66726
[200]	train-rmse:2.21298	eval-rmse:2.54746
[300]	train-rmse:2.04216	eval-rmse:2.38094
[400]	train-rmse:1.99044	eval-rmse:2.34931
[499]	train-rmse:1.95568	eval-rmse:2.33905
Saved Losses
{'MSE - mean': 4.667201560826343, 'MSE - std': 0.4734671742529505, 'R2 - mean': 0.550675352547714, 'R2 - std': 0.014604536607857646} 
 

Results After CV: {'MSE - mean': 4.667201560826343, 'MSE - std': 0.4734671742529505, 'R2 - mean': 0.550675352547714, 'R2 - std': 0.014604536607857646}
Train time: 0.7204321660000005
Inference time: 0.08198451419999628
Finished cross validation
Trial 40 finished with value: 4.667201560826343 and parameters: {'max_depth': 3, 'alpha': 0.10785044239209678, 'lambda': 0.10648332629627445, 'eta': 0.013034122830748597}. Best is trial 32 with value: 4.547322277017564.
[0]	train-rmse:9.72211	eval-rmse:9.83775
[100]	train-rmse:2.20740	eval-rmse:2.37605
[200]	train-rmse:1.89142	eval-rmse:2.15187
[300]	train-rmse:1.80493	eval-rmse:2.13302
[314]	train-rmse:1.79603	eval-rmse:2.13383
Saved Losses
{'MSE - mean': 4.553697849000165, 'MSE - std': 0.0, 'R2 - mean': 0.5847178031511752, 'R2 - std': 0.0} 
 

[0]	train-rmse:9.76771	eval-rmse:9.65064
[100]	train-rmse:2.23785	eval-rmse:2.18998
[200]	train-rmse:1.91595	eval-rmse:2.02099
[202]	train-rmse:1.91341	eval-rmse:2.01918
Saved Losses
{'MSE - mean': 4.316431584161053, 'MSE - std': 0.23726626483911195, 'R2 - mean': 0.5749463984993977, 'R2 - std': 0.00977140465177756} 
 

[0]	train-rmse:9.74611	eval-rmse:9.73966
[100]	train-rmse:2.20221	eval-rmse:2.35578
[200]	train-rmse:1.89572	eval-rmse:2.15854
[300]	train-rmse:1.81792	eval-rmse:2.14020
[391]	train-rmse:1.74809	eval-rmse:2.13674
Saved Losses
{'MSE - mean': 4.399503535151234, 'MSE - std': 0.2265658514349245, 'R2 - mean': 0.566879684759101, 'R2 - std': 0.013921110122698555} 
 

[0]	train-rmse:9.77031	eval-rmse:9.63830
[100]	train-rmse:2.22835	eval-rmse:2.25100
[200]	train-rmse:1.90054	eval-rmse:2.08778
[201]	train-rmse:1.89908	eval-rmse:2.08742
Saved Losses
{'MSE - mean': 4.3889557707460884, 'MSE - std': 0.19706047239150626, 'R2 - mean': 0.5586882472270267, 'R2 - std': 0.018618456617342256} 
 

[0]	train-rmse:9.71712	eval-rmse:9.86061
[100]	train-rmse:2.17765	eval-rmse:2.52960
[200]	train-rmse:1.86190	eval-rmse:2.31777
[300]	train-rmse:1.77526	eval-rmse:2.30234
[317]	train-rmse:1.76481	eval-rmse:2.30487
Saved Losses
{'MSE - mean': 4.574494136754956, 'MSE - std': 0.4108092073801342, 'R2 - mean': 0.5590135814759181, 'R2 - std': 0.016665560624938222} 
 

Results After CV: {'MSE - mean': 4.574494136754956, 'MSE - std': 0.4108092073801342, 'R2 - mean': 0.5590135814759181, 'R2 - std': 0.016665560624938222}
Train time: 0.5440351431999944
Inference time: 0.018832684000005883
Finished cross validation
Trial 41 finished with value: 4.574494136754956 and parameters: {'max_depth': 4, 'alpha': 0.002557751068842697, 'lambda': 0.042693052670304085, 'eta': 0.023795396850545558}. Best is trial 32 with value: 4.547322277017564.
[0]	train-rmse:9.54077	eval-rmse:9.65633
[100]	train-rmse:1.92072	eval-rmse:2.16234
[200]	train-rmse:1.77139	eval-rmse:2.12741
[239]	train-rmse:1.73064	eval-rmse:2.12683
Saved Losses
{'MSE - mean': 4.523409218288616, 'MSE - std': 0.0, 'R2 - mean': 0.5874800261880411, 'R2 - std': 0.0} 
 

[0]	train-rmse:9.58560	eval-rmse:9.46834
[100]	train-rmse:1.93947	eval-rmse:2.00997
[117]	train-rmse:1.91225	eval-rmse:2.01118
Saved Losses
{'MSE - mean': 4.284127542713373, 'MSE - std': 0.23928167557524338, 'R2 - mean': 0.5781566778547267, 'R2 - std': 0.00932334833331433} 
 

[0]	train-rmse:9.56415	eval-rmse:9.55804
[100]	train-rmse:1.91866	eval-rmse:2.16757
[200]	train-rmse:1.78246	eval-rmse:2.13769
[209]	train-rmse:1.76668	eval-rmse:2.13668
Saved Losses
{'MSE - mean': 4.377853710842764, 'MSE - std': 0.23609250170607965, 'R2 - mean': 0.5690310684402954, 'R2 - std': 0.01498343675971539} 
 

[0]	train-rmse:9.58800	eval-rmse:9.45559
[100]	train-rmse:1.93159	eval-rmse:2.08144
[153]	train-rmse:1.83783	eval-rmse:2.07346
Saved Losses
{'MSE - mean': 4.358240659584485, 'MSE - std': 0.20726496896570828, 'R2 - mean': 0.5618497526225557, 'R2 - std': 0.017974744044676968} 
 

[0]	train-rmse:9.53553	eval-rmse:9.68255
[100]	train-rmse:1.89044	eval-rmse:2.32201
[200]	train-rmse:1.74123	eval-rmse:2.30089
[213]	train-rmse:1.72310	eval-rmse:2.30408
Saved Losses
{'MSE - mean': 4.548345995158995, 'MSE - std': 0.42299783491629495, 'R2 - mean': 0.5616731248513263, 'R2 - std': 0.016080980326323335} 
 

Results After CV: {'MSE - mean': 4.548345995158995, 'MSE - std': 0.42299783491629495, 'R2 - mean': 0.5616731248513263, 'R2 - std': 0.016080980326323335}
Train time: 0.4794878434000111
Inference time: 0.052198469799975555
Finished cross validation
Trial 42 finished with value: 4.548345995158995 and parameters: {'max_depth': 4, 'alpha': 0.008301647856913466, 'lambda': 0.3011426399790546, 'eta': 0.043144062388537206}. Best is trial 32 with value: 4.547322277017564.
[0]	train-rmse:9.64113	eval-rmse:9.75607
[100]	train-rmse:1.87173	eval-rmse:2.18569
[200]	train-rmse:1.67104	eval-rmse:2.13041
[293]	train-rmse:1.56093	eval-rmse:2.12561
Saved Losses
{'MSE - mean': 4.518826011403479, 'MSE - std': 0.0, 'R2 - mean': 0.5878979995114776, 'R2 - std': 0.0} 
 

[0]	train-rmse:9.68665	eval-rmse:9.57156
[100]	train-rmse:1.89972	eval-rmse:2.06280
[156]	train-rmse:1.76054	eval-rmse:2.02500
Saved Losses
{'MSE - mean': 4.308870560737033, 'MSE - std': 0.20995545066644672, 'R2 - mean': 0.5754838667649055, 'R2 - std': 0.012414132746572104} 
 

[0]	train-rmse:9.66505	eval-rmse:9.65715
[100]	train-rmse:1.87252	eval-rmse:2.18135
[180]	train-rmse:1.69589	eval-rmse:2.15147
Saved Losses
{'MSE - mean': 4.4152866550539995, 'MSE - std': 0.2281146592594512, 'R2 - mean': 0.565188962007693, 'R2 - std': 0.017740084248761778} 
 

[0]	train-rmse:9.68905	eval-rmse:9.55750
[100]	train-rmse:1.89703	eval-rmse:2.10202
[163]	train-rmse:1.73103	eval-rmse:2.07555
Saved Losses
{'MSE - mean': 4.388438089030432, 'MSE - std': 0.2029526048597483, 'R2 - mean': 0.5587412103588438, 'R2 - std': 0.01899351062443652} 
 

[0]	train-rmse:9.63579	eval-rmse:9.77914
[100]	train-rmse:1.84233	eval-rmse:2.35764
[200]	train-rmse:1.64236	eval-rmse:2.31616
[229]	train-rmse:1.60368	eval-rmse:2.31876
Saved Losses
{'MSE - mean': 4.5869551287617165, 'MSE - std': 0.4365637045268141, 'R2 - mean': 0.5579911821765308, 'R2 - std': 0.017054410742371653} 
 

Results After CV: {'MSE - mean': 4.5869551287617165, 'MSE - std': 0.4365637045268141, 'R2 - mean': 0.5579911821765308, 'R2 - std': 0.017054410742371653}
Train time: 0.6137714416000222
Inference time: 0.03908347800000911
Finished cross validation
Trial 43 finished with value: 4.5869551287617165 and parameters: {'max_depth': 5, 'alpha': 0.008533796802270158, 'lambda': 0.5128509959552958, 'eta': 0.03237434186418312}. Best is trial 32 with value: 4.547322277017564.
[0]	train-rmse:9.69793	eval-rmse:9.81362
[100]	train-rmse:2.12137	eval-rmse:2.30101
[200]	train-rmse:1.87085	eval-rmse:2.14562
[300]	train-rmse:1.78733	eval-rmse:2.12570
[394]	train-rmse:1.72532	eval-rmse:2.11864
Saved Losses
{'MSE - mean': 4.487610998545322, 'MSE - std': 0.0, 'R2 - mean': 0.5907447055390297, 'R2 - std': 0.0} 
 

[0]	train-rmse:9.74342	eval-rmse:9.62632
[100]	train-rmse:2.15051	eval-rmse:2.12581
[200]	train-rmse:1.90324	eval-rmse:2.01442
[244]	train-rmse:1.86177	eval-rmse:2.00528
Saved Losses
{'MSE - mean': 4.254370760305312, 'MSE - std': 0.23324023824001028, 'R2 - mean': 0.5810530046770955, 'R2 - std': 0.00969170086193416} 
 

[0]	train-rmse:9.72188	eval-rmse:9.71525
[100]	train-rmse:2.11779	eval-rmse:2.28602
[200]	train-rmse:1.87829	eval-rmse:2.15923
[275]	train-rmse:1.81703	eval-rmse:2.15229
Saved Losses
{'MSE - mean': 4.379945886866358, 'MSE - std': 0.2603950152706782, 'R2 - mean': 0.5688040665937911, 'R2 - std': 0.01904448333250494} 
 

[0]	train-rmse:9.74600	eval-rmse:9.61393
[100]	train-rmse:2.14113	eval-rmse:2.18251
[186]	train-rmse:1.89926	eval-rmse:2.07993
Saved Losses
{'MSE - mean': 4.3674221797873125, 'MSE - std': 0.2265495590381225, 'R2 - mean': 0.5608655808227607, 'R2 - std': 0.02147272521274616} 
 

[0]	train-rmse:9.69291	eval-rmse:9.83688
[100]	train-rmse:2.09126	eval-rmse:2.45722
[200]	train-rmse:1.84592	eval-rmse:2.31947
[300]	train-rmse:1.75808	eval-rmse:2.31066
[302]	train-rmse:1.75722	eval-rmse:2.31114
Saved Losses
{'MSE - mean': 4.562214364050801, 'MSE - std': 0.43913066661400285, 'R2 - mean': 0.5603463247359339, 'R2 - std': 0.019233846468777654} 
 

Results After CV: {'MSE - mean': 4.562214364050801, 'MSE - std': 0.43913066661400285, 'R2 - mean': 0.5603463247359339, 'R2 - std': 0.019233846468777654}
Train time: 0.6104092294000111
Inference time: 0.07136399399998936
Finished cross validation
Trial 44 finished with value: 4.562214364050801 and parameters: {'max_depth': 4, 'alpha': 0.03696676464473926, 'lambda': 0.18250979153544025, 'eta': 0.026385889687289683}. Best is trial 32 with value: 4.547322277017564.
[0]	train-rmse:9.34399	eval-rmse:9.45982
[100]	train-rmse:1.83195	eval-rmse:2.12985
[140]	train-rmse:1.75732	eval-rmse:2.12418
Saved Losses
{'MSE - mean': 4.5121352339167995, 'MSE - std': 0.0, 'R2 - mean': 0.5885081763096385, 'R2 - std': 0.0} 
 

[0]	train-rmse:9.38800	eval-rmse:9.27056
[94]	train-rmse:1.87090	eval-rmse:2.02675
Saved Losses
{'MSE - mean': 4.306660243624336, 'MSE - std': 0.2054749902924642, 'R2 - mean': 0.5756679604285091, 'R2 - std': 0.01284021588112938} 
 

[0]	train-rmse:9.36656	eval-rmse:9.36395
[100]	train-rmse:1.83452	eval-rmse:2.14561
[193]	train-rmse:1.66138	eval-rmse:2.13592
Saved Losses
{'MSE - mean': 4.391821573460824, 'MSE - std': 0.20652252166813165, 'R2 - mean': 0.5674756296106387, 'R2 - std': 0.01562506525985934} 
 

[0]	train-rmse:9.39013	eval-rmse:9.25738
[100]	train-rmse:1.83648	eval-rmse:2.08061
[110]	train-rmse:1.81212	eval-rmse:2.08065
Saved Losses
{'MSE - mean': 4.376138277811863, 'MSE - std': 0.1809048403287238, 'R2 - mean': 0.5598896392895573, 'R2 - std': 0.018861302864218332} 
 

[0]	train-rmse:9.33849	eval-rmse:9.48961
[100]	train-rmse:1.80548	eval-rmse:2.31129
[120]	train-rmse:1.76266	eval-rmse:2.31592
Saved Losses
{'MSE - mean': 4.572512081892058, 'MSE - std': 0.4247728012940512, 'R2 - mean': 0.5592906083367236, 'R2 - std': 0.016912550041860267} 
 

Results After CV: {'MSE - mean': 4.572512081892058, 'MSE - std': 0.4247728012940512, 'R2 - mean': 0.5592906083367236, 'R2 - std': 0.016912550041860267}
Train time: 0.4376549003999912
Inference time: 0.10688072300000613
Finished cross validation
Trial 45 finished with value: 4.572512081892058 and parameters: {'max_depth': 4, 'alpha': 0.3659625052250676, 'lambda': 0.07905334929090783, 'eta': 0.0640698185278307}. Best is trial 32 with value: 4.547322277017564.
[0]	train-rmse:9.51523	eval-rmse:9.62922
[100]	train-rmse:2.04217	eval-rmse:2.20211
[200]	train-rmse:1.93056	eval-rmse:2.15274
[294]	train-rmse:1.86238	eval-rmse:2.13832
Saved Losses
{'MSE - mean': 4.572405420146168, 'MSE - std': 0.0, 'R2 - mean': 0.583011734478893, 'R2 - std': 0.0} 
 

[0]	train-rmse:9.56052	eval-rmse:9.44146
[100]	train-rmse:2.07703	eval-rmse:2.03421
[173]	train-rmse:1.98863	eval-rmse:2.01498
Saved Losses
{'MSE - mean': 4.316276828614105, 'MSE - std': 0.2561285915320637, 'R2 - mean': 0.5751069419732555, 'R2 - std': 0.00790479250563747} 
 

[0]	train-rmse:9.53916	eval-rmse:9.53143
[100]	train-rmse:2.04014	eval-rmse:2.19138
[200]	train-rmse:1.93381	eval-rmse:2.16047
[300]	train-rmse:1.85462	eval-rmse:2.14668
[329]	train-rmse:1.83772	eval-rmse:2.14652
Saved Losses
{'MSE - mean': 4.413366172128254, 'MSE - std': 0.2501744421694913, 'R2 - mean': 0.5656124965458076, 'R2 - std': 0.014897857261623073} 
 

[0]	train-rmse:9.56264	eval-rmse:9.43012
[100]	train-rmse:2.06533	eval-rmse:2.08711
[152]	train-rmse:1.99768	eval-rmse:2.07169
Saved Losses
{'MSE - mean': 4.383001896183783, 'MSE - std': 0.2229493359420654, 'R2 - mean': 0.5594860975072711, 'R2 - std': 0.016705026452505718} 
 

[0]	train-rmse:9.50983	eval-rmse:9.65704
[100]	train-rmse:2.01012	eval-rmse:2.36116
[200]	train-rmse:1.89738	eval-rmse:2.32756
[300]	train-rmse:1.81793	eval-rmse:2.31415
[312]	train-rmse:1.80881	eval-rmse:2.31581
Saved Losses
{'MSE - mean': 4.578993555766828, 'MSE - std': 0.4397909135283159, 'R2 - mean': 0.558885854325028, 'R2 - std': 0.014989579531609596} 
 

Results After CV: {'MSE - mean': 4.578993555766828, 'MSE - std': 0.4397909135283159, 'R2 - mean': 0.558885854325028, 'R2 - std': 0.014989579531609596}
Train time: 0.5641729904000045
Inference time: 0.12400067500001341
Finished cross validation
Trial 46 finished with value: 4.578993555766828 and parameters: {'max_depth': 3, 'alpha': 0.021303137012966322, 'lambda': 0.9472130221273514, 'eta': 0.046219058419390564}. Best is trial 32 with value: 4.547322277017564.
[0]	train-rmse:9.54912	eval-rmse:9.66371
[100]	train-rmse:2.20275	eval-rmse:2.31074
[200]	train-rmse:2.09070	eval-rmse:2.22032
[300]	train-rmse:2.03288	eval-rmse:2.18256
[400]	train-rmse:1.99089	eval-rmse:2.16158
[434]	train-rmse:1.98079	eval-rmse:2.16053
Saved Losses
{'MSE - mean': 4.667878043223744, 'MSE - std': 0.0, 'R2 - mean': 0.5743049467285198, 'R2 - std': 0.0} 
 

[0]	train-rmse:9.59483	eval-rmse:9.47414
[100]	train-rmse:2.24788	eval-rmse:2.11298
[200]	train-rmse:2.12710	eval-rmse:2.04039
[300]	train-rmse:2.07182	eval-rmse:2.02390
[305]	train-rmse:2.07040	eval-rmse:2.02428
Saved Losses
{'MSE - mean': 4.3828002712940926, 'MSE - std': 0.28507777192965067, 'R2 - mean': 0.568750904475031, 'R2 - std': 0.005554042253488933} 
 

[0]	train-rmse:9.57315	eval-rmse:9.56406
[100]	train-rmse:2.20980	eval-rmse:2.28810
[200]	train-rmse:2.08460	eval-rmse:2.21652
[300]	train-rmse:2.02904	eval-rmse:2.19442
[400]	train-rmse:1.98803	eval-rmse:2.17777
[499]	train-rmse:1.95421	eval-rmse:2.16942
Saved Losses
{'MSE - mean': 4.490666096839515, 'MSE - std': 0.27829773625880205, 'R2 - mean': 0.5581328065128432, 'R2 - std': 0.01568607446872089} 
 

[0]	train-rmse:9.59724	eval-rmse:9.46317
[100]	train-rmse:2.23692	eval-rmse:2.17989
[200]	train-rmse:2.11660	eval-rmse:2.10254
[300]	train-rmse:2.05023	eval-rmse:2.08586
[382]	train-rmse:2.01162	eval-rmse:2.07727
Saved Losses
{'MSE - mean': 4.446761362645498, 'MSE - std': 0.25272534411693326, 'R2 - mean': 0.5532578458501874, 'R2 - std': 0.015994856159591363} 
 

[0]	train-rmse:9.54370	eval-rmse:9.68989
[100]	train-rmse:2.17044	eval-rmse:2.47989
[200]	train-rmse:2.05534	eval-rmse:2.37114
[300]	train-rmse:1.99552	eval-rmse:2.34389
[397]	train-rmse:1.95265	eval-rmse:2.32423
Saved Losses
{'MSE - mean': 4.638213305418503, 'MSE - std': 0.44464757416795886, 'R2 - mean': 0.5532241085915934, 'R2 - std': 0.014306393384193096} 
 

Results After CV: {'MSE - mean': 4.638213305418503, 'MSE - std': 0.44464757416795886, 'R2 - mean': 0.5532241085915934, 'R2 - std': 0.014306393384193096}
Train time: 0.5895318213999985
Inference time: 0.03844614179998871
Finished cross validation
Trial 47 finished with value: 4.638213305418503 and parameters: {'max_depth': 2, 'alpha': 0.0038141620040937916, 'lambda': 0.3039658041015101, 'eta': 0.04274258105272583}. Best is trial 32 with value: 4.547322277017564.
[0]	train-rmse:9.63674	eval-rmse:9.75387
[100]	train-rmse:1.85458	eval-rmse:2.18473
[170]	train-rmse:1.68735	eval-rmse:2.13732
Saved Losses
{'MSE - mean': 4.5681212936176525, 'MSE - std': 0.0, 'R2 - mean': 0.5834024326620697, 'R2 - std': 0.0} 
 

[0]	train-rmse:9.68202	eval-rmse:9.56570
[100]	train-rmse:1.87254	eval-rmse:2.06451
[172]	train-rmse:1.71034	eval-rmse:2.03769
Saved Losses
{'MSE - mean': 4.360140135740245, 'MSE - std': 0.2079811578774069, 'R2 - mean': 0.5703982766655518, 'R2 - std': 0.013004155996517941} 
 

[0]	train-rmse:9.66026	eval-rmse:9.65407
[100]	train-rmse:1.84993	eval-rmse:2.17076
[200]	train-rmse:1.64398	eval-rmse:2.12950
[215]	train-rmse:1.62105	eval-rmse:2.12999
Saved Losses
{'MSE - mean': 4.419356746565813, 'MSE - std': 0.18934269288783753, 'R2 - mean': 0.5647613163848596, 'R2 - std': 0.013277400267624629} 
 

[0]	train-rmse:9.68438	eval-rmse:9.55441
[100]	train-rmse:1.87614	eval-rmse:2.09099
[160]	train-rmse:1.72035	eval-rmse:2.06763
Saved Losses
{'MSE - mean': 4.383289714528496, 'MSE - std': 0.17547217418284838, 'R2 - mean': 0.5592973251511839, 'R2 - std': 0.014892367810563032} 
 

[0]	train-rmse:9.63152	eval-rmse:9.77698
[100]	train-rmse:1.82165	eval-rmse:2.34997
[194]	train-rmse:1.62213	eval-rmse:2.31561
Saved Losses
{'MSE - mean': 4.5790428568131585, 'MSE - std': 0.4217932645114685, 'R2 - mean': 0.558749801248302, 'R2 - std': 0.013365074818383295} 
 

Results After CV: {'MSE - mean': 4.5790428568131585, 'MSE - std': 0.4217932645114685, 'R2 - mean': 0.558749801248302, 'R2 - std': 0.013365074818383295}
Train time: 0.6094257673999891
Inference time: 0.11118909620001886
Finished cross validation
Trial 48 finished with value: 4.5790428568131585 and parameters: {'max_depth': 5, 'alpha': 0.16746540808902144, 'lambda': 0.06256383020484088, 'eta': 0.0327262943649283}. Best is trial 32 with value: 4.547322277017564.
[0]	train-rmse:7.28355	eval-rmse:7.40479
[29]	train-rmse:1.32243	eval-rmse:2.24095
Saved Losses
{'MSE - mean': 5.102472739022958, 'MSE - std': 0.0, 'R2 - mean': 0.5346713465216085, 'R2 - std': 0.0} 
 

[0]	train-rmse:7.31784	eval-rmse:7.22339
[29]	train-rmse:1.32203	eval-rmse:2.10138
Saved Losses
{'MSE - mean': 4.763497101474676, 'MSE - std': 0.3389756375482822, 'R2 - mean': 0.5315162810361064, 'R2 - std': 0.003155065485502151} 
 

[0]	train-rmse:7.29737	eval-rmse:7.31224
[39]	train-rmse:1.18735	eval-rmse:2.24631
Saved Losses
{'MSE - mean': 4.867215465954117, 'MSE - std': 0.3132379077124765, 'R2 - mean': 0.5212311387359944, 'R2 - std': 0.014771749944143877} 
 

[0]	train-rmse:7.31455	eval-rmse:7.20718
[33]	train-rmse:1.23523	eval-rmse:2.14844
Saved Losses
{'MSE - mean': 4.806709955802729, 'MSE - std': 0.2908113484668479, 'R2 - mean': 0.5172913459266408, 'R2 - std': 0.014498943045999507} 
 

[0]	train-rmse:7.27087	eval-rmse:7.47016
[34]	train-rmse:1.23605	eval-rmse:2.36771
Saved Losses
{'MSE - mean': 4.966575654320999, 'MSE - std': 0.4121712733423112, 'R2 - mean': 0.5211095540512742, 'R2 - std': 0.015049595765102019} 
 

Results After CV: {'MSE - mean': 4.966575654320999, 'MSE - std': 0.4121712733423112, 'R2 - mean': 0.5211095540512742, 'R2 - std': 0.015049595765102019}
Train time: 0.3880958449999866
Inference time: 0.05410254400002259
Finished cross validation
