Trial 21 finished with value: 3.711147831178033 and parameters: {'max_depth': 9, 'alpha': 2.8415954547117477e-06, 'lambda': 2.0798274586367576e-07, 'eta': 0.033459459516628855}. Best is trial 21 with value: 3.711147831178033.
[0]	eval-rmse:3.29696
[100]	eval-rmse:1.98064
[146]	eval-rmse:1.97385
{'MSE - mean': 3.89575646821531, 'MSE - std': 0.0, 'R2 - mean': 0.4984744392192123, 'R2 - std': 0.0}
[0]	eval-rmse:3.24523
[100]	eval-rmse:1.95469
[200]	eval-rmse:1.93522
[276]	eval-rmse:1.93353
{'MSE - mean': 3.8171502906678105, 'MSE - std': 0.07860617754749954, 'R2 - mean': 0.49815833843576707, 'R2 - std': 0.00031610078344523895}
[0]	eval-rmse:3.19760
[100]	eval-rmse:1.91889
[135]	eval-rmse:1.91934
{'MSE - mean': 3.772722630078142, 'MSE - std': 0.08981604246102681, 'R2 - mean': 0.4950485107740887, 'R2 - std': 0.0044055271316318055}
[0]	eval-rmse:3.14424
[100]	eval-rmse:1.90111
[119]	eval-rmse:1.90358
{'MSE - mean': 3.7354497525179937, 'MSE - std': 0.1010840903276186, 'R2 - mean': 0.4883583781553982, 'R2 - std': 0.01219959529442091}
[0]	eval-rmse:3.26457
[100]	eval-rmse:1.94326
[200]	eval-rmse:1.92835
[242]	eval-rmse:1.92568
{'MSE - mean': 3.7300626750044565, 'MSE - std': 0.09105205692589907, 'R2 - mean': 0.49291738567983084, 'R2 - std': 0.014219785466365516}
Trial 22 finished with value: 3.7300626750044565 and parameters: {'max_depth': 9, 'alpha': 3.7686735838172365e-06, 'lambda': 4.8759213865677955e-06, 'eta': 0.03199452084944109}. Best is trial 21 with value: 3.711147831178033.
[0]	eval-rmse:3.21839
[100]	eval-rmse:1.96967
[146]	eval-rmse:1.96600
{'MSE - mean': 3.86452805886204, 'MSE - std': 0.0, 'R2 - mean': 0.5024946713977307, 'R2 - std': 0.0}
[0]	eval-rmse:3.16748
[100]	eval-rmse:1.95742
[171]	eval-rmse:1.95605
{'MSE - mean': 3.8453321141712373, 'MSE - std': 0.01919594469080277, 'R2 - mean': 0.49428581282141937, 'R2 - std': 0.008208858576311373}
[0]	eval-rmse:3.11869
[100]	eval-rmse:1.90052
[128]	eval-rmse:1.90013
{'MSE - mean': 3.7669336849826762, 'MSE - std': 0.11197447742015076, 'R2 - mean': 0.49587709237299266, 'R2 - std': 0.007070213149056938}
[0]	eval-rmse:3.06369
[100]	eval-rmse:1.91795
{'MSE - mean': 3.7447550993618526, 'MSE - std': 0.10430427448363498, 'R2 - mean': 0.4869773192630852, 'R2 - std': 0.016586404664764364}
[0]	eval-rmse:3.18018
[100]	eval-rmse:1.91215
[172]	eval-rmse:1.90446
{'MSE - mean': 3.721176221654047, 'MSE - std': 0.10453400995027658, 'R2 - mean': 0.49396521243920316, 'R2 - std': 0.020381601014787823}
Trial 23 finished with value: 3.721176221654047 and parameters: {'max_depth': 7, 'alpha': 1.9227134561938995e-07, 'lambda': 2.650152423810066e-07, 'eta': 0.07039186277083775}. Best is trial 21 with value: 3.711147831178033.
[0]	eval-rmse:3.20584
[100]	eval-rmse:1.96720
[132]	eval-rmse:1.96790
{'MSE - mean': 3.872560855335293, 'MSE - std': 0.0, 'R2 - mean': 0.50146055830859, 'R2 - std': 0.0}
[0]	eval-rmse:3.15456
[100]	eval-rmse:1.95500
[183]	eval-rmse:1.95242
{'MSE - mean': 3.8422564978952396, 'MSE - std': 0.030304357440053442, 'R2 - mean': 0.4947213490590763, 'R2 - std': 0.006739209249513767}
[0]	eval-rmse:3.10604
[100]	eval-rmse:1.90377
[105]	eval-rmse:1.90568
{'MSE - mean': 3.772048689910592, 'MSE - std': 0.10232550345468469, 'R2 - mean': 0.4951731812123994, 'R2 - std': 0.005539518522583091}
[0]	eval-rmse:3.05035
[53]	eval-rmse:1.90475
{'MSE - mean': 3.736478222694772, 'MSE - std': 0.10792893915348283, 'R2 - mean': 0.48822680108674166, 'R2 - std': 0.012952655698617577}
[0]	eval-rmse:3.17381
[100]	eval-rmse:1.93256
[172]	eval-rmse:1.92651
{'MSE - mean': 3.7314729162574998, 'MSE - std': 0.09705223900333747, 'R2 - mean': 0.49273468592303926, 'R2 - std': 0.014679956897308387}
Trial 24 finished with value: 3.7314729162574998 and parameters: {'max_depth': 10, 'alpha': 1.5632895689250538e-07, 'lambda': 1.8509418885675124e-07, 'eta': 0.07527770495185529}. Best is trial 21 with value: 3.711147831178033.
[0]	eval-rmse:3.29627
[100]	eval-rmse:2.00588
[200]	eval-rmse:1.98278
[300]	eval-rmse:1.97592
[396]	eval-rmse:1.97139
{'MSE - mean': 3.8863756437919394, 'MSE - std': 0.0, 'R2 - mean': 0.49968209253838203, 'R2 - std': 0.0}
[0]	eval-rmse:3.24481
[100]	eval-rmse:1.97931
[200]	eval-rmse:1.96416
[282]	eval-rmse:1.96160
{'MSE - mean': 3.8669675203018627, 'MSE - std': 0.0194081234900767, 'R2 - mean': 0.4914407494233942, 'R2 - std': 0.00824134311498781}
[0]	eval-rmse:3.19727
[100]	eval-rmse:1.92424
[200]	eval-rmse:1.91054
[300]	eval-rmse:1.90637
[321]	eval-rmse:1.90701
{'MSE - mean': 3.790202619631728, 'MSE - std': 0.1097124276828387, 'R2 - mean': 0.49275301085446727, 'R2 - std': 0.006980249591020007}
[0]	eval-rmse:3.14367
[100]	eval-rmse:1.94039
[134]	eval-rmse:1.94379
{'MSE - mean': 3.7872338564538635, 'MSE - std': 0.09515278900518533, 'R2 - mean': 0.4809619233558923, 'R2 - std': 0.021298641892427233}
[0]	eval-rmse:3.26313
[100]	eval-rmse:1.96909
[200]	eval-rmse:1.94379
[300]	eval-rmse:1.93090
[400]	eval-rmse:1.92478
[408]	eval-rmse:1.92510
{'MSE - mean': 3.7709691853156473, 'MSE - std': 0.09111202288013111, 'R2 - mean': 0.4870688687423862, 'R2 - std': 0.022629291747289927}
Trial 25 finished with value: 3.7709691853156473 and parameters: {'max_depth': 6, 'alpha': 1.2071539546775357e-07, 'lambda': 8.372555862446514e-07, 'eta': 0.032823321755047694}. Best is trial 21 with value: 3.711147831178033.
[0]	eval-rmse:3.23596
[100]	eval-rmse:2.03582
[200]	eval-rmse:2.00833
[300]	eval-rmse:1.99749
[350]	eval-rmse:1.99589
{'MSE - mean': 3.9837387215713664, 'MSE - std': 0.0, 'R2 - mean': 0.48714792296667875, 'R2 - std': 0.0}
[0]	eval-rmse:3.18525
[100]	eval-rmse:1.99892
[200]	eval-rmse:1.99226
[300]	eval-rmse:1.98779
[380]	eval-rmse:1.98776
{'MSE - mean': 3.9674566664940007, 'MSE - std': 0.016282055077365465, 'R2 - mean': 0.478214915090019, 'R2 - std': 0.008933007876659738}
[0]	eval-rmse:3.13676
[100]	eval-rmse:1.94018
[151]	eval-rmse:1.94012
{'MSE - mean': 3.899697777579972, 'MSE - std': 0.09674332500017234, 'R2 - mean': 0.47803818214173327, 'R2 - std': 0.0072980514901579115}
[0]	eval-rmse:3.08215
[69]	eval-rmse:1.95062
{'MSE - mean': 3.876002244763063, 'MSE - std': 0.09329463020720119, 'R2 - mean': 0.4689504541020249, 'R2 - std': 0.01696191526437547}
[0]	eval-rmse:3.20301
[100]	eval-rmse:1.97490
[200]	eval-rmse:1.95603
[300]	eval-rmse:1.94669
[400]	eval-rmse:1.93580
[459]	eval-rmse:1.93169
{'MSE - mean': 3.847087233334187, 'MSE - std': 0.10152547445900921, 'R2 - mean': 0.4767869848645418, 'R2 - std': 0.02181307206965998}
Trial 26 finished with value: 3.847087233334187 and parameters: {'max_depth': 4, 'alpha': 4.015192769856544e-05, 'lambda': 9.940525096143034e-07, 'eta': 0.0636569923230626}. Best is trial 21 with value: 3.711147831178033.
[0]	eval-rmse:3.28147
[100]	eval-rmse:1.98498
[200]	eval-rmse:1.97468
[214]	eval-rmse:1.97449
{'MSE - mean': 3.898596499385928, 'MSE - std': 0.0, 'R2 - mean': 0.49810882390493383, 'R2 - std': 0.0}
[0]	eval-rmse:3.23005
[100]	eval-rmse:1.96570
[200]	eval-rmse:1.95521
[226]	eval-rmse:1.95549
{'MSE - mean': 3.8610191821545286, 'MSE - std': 0.03757731723139979, 'R2 - mean': 0.49227383731404684, 'R2 - std': 0.0058349865908869925}
[0]	eval-rmse:3.18218
[100]	eval-rmse:1.91660
[126]	eval-rmse:1.91659
{'MSE - mean': 3.7984515766665603, 'MSE - std': 0.09365244449489234, 'R2 - mean': 0.4916135241396655, 'R2 - std': 0.0048549019200951745}
[0]	eval-rmse:3.12828
[100]	eval-rmse:1.91135
[116]	eval-rmse:1.90996
{'MSE - mean': 3.7609979616633518, 'MSE - std': 0.10385761936578082, 'R2 - mean': 0.4848648270190319, 'R2 - std': 0.012422249915713893}
[0]	eval-rmse:3.24569
[100]	eval-rmse:1.94806
[200]	eval-rmse:1.92676
[288]	eval-rmse:1.92266
{'MSE - mean': 3.7480952833412524, 'MSE - std': 0.09641079043237971, 'R2 - mean': 0.4904396919388921, 'R2 - std': 0.015740594330377503}
Trial 27 finished with value: 3.7480952833412524 and parameters: {'max_depth': 7, 'alpha': 4.082220781374628e-06, 'lambda': 1.0590929260325476e-07, 'eta': 0.0398228449396411}. Best is trial 21 with value: 3.711147831178033.
[0]	eval-rmse:3.08862
[100]	eval-rmse:1.98291
[122]	eval-rmse:1.98158
{'MSE - mean': 3.9266407354585127, 'MSE - std': 0.0, 'R2 - mean': 0.494498510648003, 'R2 - std': 0.0}
[0]	eval-rmse:3.03885
[100]	eval-rmse:1.97794
[108]	eval-rmse:1.97758
{'MSE - mean': 3.9183998614937203, 'MSE - std': 0.008240873964792339, 'R2 - mean': 0.4846447991253592, 'R2 - std': 0.009853711522643804}
[0]	eval-rmse:2.98591
[94]	eval-rmse:1.91925
{'MSE - mean': 3.840111398019458, 'MSE - std': 0.11092088034025632, 'R2 - mean': 0.48605487935738495, 'R2 - std': 0.008288972978350332}
[0]	eval-rmse:2.93216
[42]	eval-rmse:1.96001
{'MSE - mean': 3.840496772436711, 'MSE - std': 0.09606261922265869, 'R2 - mean': 0.47361532072522095, 'R2 - std': 0.022710309589831747}
[0]	eval-rmse:3.05178
[100]	eval-rmse:1.93375
[200]	eval-rmse:1.91756
[202]	eval-rmse:1.91717
{'MSE - mean': 3.8074253148018693, 'MSE - std': 0.10843111495279628, 'R2 - mean': 0.48200281748820695, 'R2 - std': 0.026344011409221744}
Trial 28 finished with value: 3.8074253148018693 and parameters: {'max_depth': 5, 'alpha': 1.1891624140763096e-08, 'lambda': 3.015357046881189e-05, 'eta': 0.1374230632053283}. Best is trial 21 with value: 3.711147831178033.
[0]	eval-rmse:3.31256
[100]	eval-rmse:1.99851
[189]	eval-rmse:1.98918
{'MSE - mean': 3.956849161119822, 'MSE - std': 0.0, 'R2 - mean': 0.4906095874712846, 'R2 - std': 0.0}
[0]	eval-rmse:3.26073
[100]	eval-rmse:1.96210
[200]	eval-rmse:1.94003
[206]	eval-rmse:1.94041
{'MSE - mean': 3.8609884401141956, 'MSE - std': 0.09586072100562659, 'R2 - mean': 0.4924405699666272, 'R2 - std': 0.0018309824953426368}
[0]	eval-rmse:3.21338
[100]	eval-rmse:1.91436
[200]	eval-rmse:1.89809
[206]	eval-rmse:1.89871
{'MSE - mean': 3.775621469425753, 'MSE - std': 0.1438792013815354, 'R2 - mean': 0.4948897269412143, 'R2 - std': 0.0037724975420144555}
[0]	eval-rmse:3.15996
[100]	eval-rmse:1.90730
[134]	eval-rmse:1.90733
{'MSE - mean': 3.741195797018563, 'MSE - std': 0.13813507593910687, 'R2 - mean': 0.48771516680607063, 'R2 - std': 0.012848997730436391}
[0]	eval-rmse:3.28007
[100]	eval-rmse:1.95500
[200]	eval-rmse:1.93687
[223]	eval-rmse:1.93655
{'MSE - mean': 3.7430052270475542, 'MSE - std': 0.12360475521549132, 'R2 - mean': 0.49130270626658296, 'R2 - std': 0.01354840033599318}
Trial 29 finished with value: 3.7430052270475542 and parameters: {'max_depth': 10, 'alpha': 7.277060335189443e-05, 'lambda': 2.292790287709229e-06, 'eta': 0.02449989809414956}. Best is trial 21 with value: 3.711147831178033.
[0]	eval-rmse:2.82330
[51]	eval-rmse:1.98007
{'MSE - mean': 3.91756803105558, 'MSE - std': 0.0, 'R2 - mean': 0.4956664977130578, 'R2 - std': 0.0}
[0]	eval-rmse:2.77386
[30]	eval-rmse:1.96729
{'MSE - mean': 3.893897603968866, 'MSE - std': 0.023670427086714074, 'R2 - mean': 0.4879105944601583, 'R2 - std': 0.007755903252899543}
[0]	eval-rmse:2.71997
[85]	eval-rmse:1.93054
{'MSE - mean': 3.8381305705922073, 'MSE - std': 0.08120006220591844, 'R2 - mean': 0.48624032258813293, 'R2 - std': 0.006758868724265161}
[0]	eval-rmse:2.66078
[28]	eval-rmse:1.95592
{'MSE - mean': 3.8350051403423957, 'MSE - std': 0.07052937345123007, 'R2 - mean': 0.47434222359905687, 'R2 - std': 0.02142325858699949}
[0]	eval-rmse:2.79110
[72]	eval-rmse:1.95849
{'MSE - mean': 3.835726856288958, 'MSE - std': 0.06309990103929286, 'R2 - mean': 0.4782745912507355, 'R2 - std': 0.020712770654362785}
Trial 30 finished with value: 3.835726856288958 and parameters: {'max_depth': 8, 'alpha': 2.5109862077702086e-06, 'lambda': 3.0271837238614117e-07, 'eta': 0.27216533701423584}. Best is trial 21 with value: 3.711147831178033.
[0]	eval-rmse:3.21456
[100]	eval-rmse:1.97761
[176]	eval-rmse:1.97434
{'MSE - mean': 3.897425379770715, 'MSE - std': 0.0, 'R2 - mean': 0.49825958959743877, 'R2 - std': 0.0}
[0]	eval-rmse:3.16327
[100]	eval-rmse:1.93855
[105]	eval-rmse:1.93891
{'MSE - mean': 3.8283978774975447, 'MSE - std': 0.06902750227317012, 'R2 - mean': 0.49665223156311983, 'R2 - std': 0.0016073580343189398}
[0]	eval-rmse:3.11464
[77]	eval-rmse:1.91636
{'MSE - mean': 3.7762814812418983, 'MSE - std': 0.09278344804291756, 'R2 - mean': 0.4945910876621393, 'R2 - std': 0.003196721486370835}
[0]	eval-rmse:3.05998
[73]	eval-rmse:1.91362
{'MSE - mean': 3.7477005668991223, 'MSE - std': 0.09437786905337972, 'R2 - mean': 0.4866093475393002, 'R2 - std': 0.014099248113345841}
[0]	eval-rmse:3.18257
[100]	eval-rmse:1.91928
[200]	eval-rmse:1.90662
[211]	eval-rmse:1.90624
{'MSE - mean': 3.7249098604016795, 'MSE - std': 0.09593440959455511, 'R2 - mean': 0.4934892876569245, 'R2 - std': 0.018664547730329176}
Trial 31 finished with value: 3.7249098604016795 and parameters: {'max_depth': 9, 'alpha': 4.707827500740393e-07, 'lambda': 0.0008310172774359254, 'eta': 0.07139977303837251}. Best is trial 21 with value: 3.711147831178033.
[0]	eval-rmse:3.15898
[100]	eval-rmse:1.97554
[119]	eval-rmse:1.97663
{'MSE - mean': 3.907501515575627, 'MSE - std': 0.0, 'R2 - mean': 0.4969624244123735, 'R2 - std': 0.0}
[0]	eval-rmse:3.10781
[100]	eval-rmse:1.95153
[137]	eval-rmse:1.94933
{'MSE - mean': 3.8536968178553197, 'MSE - std': 0.05380469772030705, 'R2 - mean': 0.49328222745795375, 'R2 - std': 0.0036801969544197344}
[0]	eval-rmse:3.05764
[95]	eval-rmse:1.91030
{'MSE - mean': 3.785551273316622, 'MSE - std': 0.1059131443469933, 'R2 - mean': 0.4933984578450547, 'R2 - std': 0.003009360744075857}
[0]	eval-rmse:3.00248
[54]	eval-rmse:1.90626
{'MSE - mean': 3.7472203804490123, 'MSE - std': 0.11322971188334291, 'R2 - mean': 0.4868054844786529, 'R2 - std': 0.01171298776983223}
[0]	eval-rmse:3.12647
[100]	eval-rmse:1.92023
[109]	eval-rmse:1.92215
{'MSE - mean': 3.7366851212860333, 'MSE - std': 0.10344438537239431, 'R2 - mean': 0.4920433758407551, 'R2 - std': 0.014815440920935468}
Trial 32 finished with value: 3.7366851212860333 and parameters: {'max_depth': 8, 'alpha': 6.551282853011872e-08, 'lambda': 2.2254695054393734e-05, 'eta': 0.09903664637440805}. Best is trial 21 with value: 3.711147831178033.
[0]	eval-rmse:3.06233
[88]	eval-rmse:1.97087
{'MSE - mean': 3.884331312683076, 'MSE - std': 0.0, 'R2 - mean': 0.4999452723121075, 'R2 - std': 0.0}
[0]	eval-rmse:3.01281
[100]	eval-rmse:1.95570
[136]	eval-rmse:1.95343
{'MSE - mean': 3.850111087067747, 'MSE - std': 0.03422022561532878, 'R2 - mean': 0.4936991833933692, 'R2 - std': 0.006246088918738291}
[0]	eval-rmse:2.96171
[56]	eval-rmse:1.92416
{'MSE - mean': 3.8008859991394672, 'MSE - std': 0.07501267308841691, 'R2 - mean': 0.4912168888967196, 'R2 - std': 0.006191337210709587}
[0]	eval-rmse:2.90441
[41]	eval-rmse:1.94004
{'MSE - mean': 3.7914068557237366, 'MSE - std': 0.06700550964353792, 'R2 - mean': 0.4803732245271624, 'R2 - std': 0.019532144357989726}
[0]	eval-rmse:3.01775
[100]	eval-rmse:1.91271
[102]	eval-rmse:1.91262
{'MSE - mean': 3.7646115923534396, 'MSE - std': 0.08039735825514789, 'R2 - mean': 0.48787600982631857, 'R2 - std': 0.023029782447040566}
Trial 33 finished with value: 3.7646115923534396 and parameters: {'max_depth': 7, 'alpha': 1.0867101229310387e-06, 'lambda': 5.749543061871758e-08, 'eta': 0.1478519790993618}. Best is trial 21 with value: 3.711147831178033.
[0]	eval-rmse:2.91753
[36]	eval-rmse:1.98289
{'MSE - mean': 3.931869835476554, 'MSE - std': 0.0, 'R2 - mean': 0.4938253352736376, 'R2 - std': 0.0}
[0]	eval-rmse:2.87094
[58]	eval-rmse:1.96612
{'MSE - mean': 3.9008346689649525, 'MSE - std': 0.03103516651160132, 'R2 - mean': 0.48701873565586995, 'R2 - std': 0.006806599617767639}
[0]	eval-rmse:2.81895
[37]	eval-rmse:1.91555
{'MSE - mean': 3.823673442225927, 'MSE - std': 0.11202602761863455, 'R2 - mean': 0.4882935341165024, 'R2 - std': 0.005842666725750435}
[0]	eval-rmse:2.75596
[44]	eval-rmse:1.91017
{'MSE - mean': 3.7796394164788323, 'MSE - std': 0.1234072907833881, 'R2 - mean': 0.48241517834819336, 'R2 - std': 0.011369598298426289}
[0]	eval-rmse:2.88795
[33]	eval-rmse:1.94343
{'MSE - mean': 3.779915427959353, 'MSE - std': 0.11038021681508911, 'R2 - mean': 0.4862513393814517, 'R2 - std': 0.012738867228541966}
Trial 34 finished with value: 3.779915427959353 and parameters: {'max_depth': 11, 'alpha': 2.82360795206467e-07, 'lambda': 5.801100850149572e-07, 'eta': 0.21743363625892242}. Best is trial 21 with value: 3.711147831178033.
[0]	eval-rmse:3.13306
[100]	eval-rmse:1.96835
[164]	eval-rmse:1.95939
{'MSE - mean': 3.8392021739059023, 'MSE - std': 0.0, 'R2 - mean': 0.5057550339893164, 'R2 - std': 0.0}
[0]	eval-rmse:3.08296
[78]	eval-rmse:1.96029
{'MSE - mean': 3.8398913941534447, 'MSE - std': 0.0006892202475421438, 'R2 - mean': 0.4949459119247615, 'R2 - std': 0.010809122064554921}
[0]	eval-rmse:3.03351
[100]	eval-rmse:1.89644
[143]	eval-rmse:1.89936
{'MSE - mean': 3.7626494039501117, 'MSE - std': 0.1092381196477529, 'R2 - mean': 0.4964083419975665, 'R2 - std': 0.00906470168510733}
[0]	eval-rmse:2.97726
[40]	eval-rmse:1.96128
{'MSE - mean': 3.7829789990615663, 'MSE - std': 0.10094356046979751, 'R2 - mean': 0.48129549914512565, 'R2 - std': 0.02732801986474158}
[0]	eval-rmse:3.09911
[100]	eval-rmse:1.92342
[200]	eval-rmse:1.91225
[279]	eval-rmse:1.91005
{'MSE - mean': 3.756008699648194, 'MSE - std': 0.10517257305040832, 'R2 - mean': 0.48885908987850063, 'R2 - std': 0.028745228385075518}
Trial 35 finished with value: 3.756008699648194 and parameters: {'max_depth': 6, 'alpha': 2.129467953851594e-06, 'lambda': 0.2329476140257821, 'eta': 0.11269847778609046}. Best is trial 21 with value: 3.711147831178033.
[0]	eval-rmse:3.22094
[100]	eval-rmse:1.97058
[119]	eval-rmse:1.97120
{'MSE - mean': 3.8856336478685987, 'MSE - std': 0.0, 'R2 - mean': 0.4997776144028997, 'R2 - std': 0.0}
[0]	eval-rmse:3.16949
[100]	eval-rmse:1.95055
[135]	eval-rmse:1.94923
{'MSE - mean': 3.8425591011879447, 'MSE - std': 0.04307454668065369, 'R2 - mean': 0.4947171943709252, 'R2 - std': 0.0050604200319744885}
[0]	eval-rmse:3.12030
[100]	eval-rmse:1.91777
[151]	eval-rmse:1.91587
{'MSE - mean': 3.785035582344058, 'MSE - std': 0.0886276188415807, 'R2 - mean': 0.4933963509723065, 'R2 - std': 0.004534440998332123}
[0]	eval-rmse:3.06598
[59]	eval-rmse:1.91935
{'MSE - mean': 3.7597488994789536, 'MSE - std': 0.08837075368642869, 'R2 - mean': 0.48490878496823436, 'R2 - std': 0.015216346355020937}
[0]	eval-rmse:3.18837
[100]	eval-rmse:1.92398
[181]	eval-rmse:1.91263
{'MSE - mean': 3.7394462032461697, 'MSE - std': 0.08886118378104581, 'R2 - mean': 0.4914832387620406, 'R2 - std': 0.018924151972131823}
Trial 36 finished with value: 3.7394462032461697 and parameters: {'max_depth': 8, 'alpha': 2.0224595523910192e-05, 'lambda': 2.259995494720916e-06, 'eta': 0.0687755342191865}. Best is trial 21 with value: 3.711147831178033.
[0]	eval-rmse:3.28088
[100]	eval-rmse:1.98024
[200]	eval-rmse:1.96919
[220]	eval-rmse:1.97025
{'MSE - mean': 3.8818679817606165, 'MSE - std': 0.0, 'R2 - mean': 0.5002623926024425, 'R2 - std': 0.0}
[0]	eval-rmse:3.22924
[100]	eval-rmse:1.94110
[200]	eval-rmse:1.93288
[300]	eval-rmse:1.92911
[322]	eval-rmse:1.92910
{'MSE - mean': 3.8016547649977035, 'MSE - std': 0.08021321676291282, 'R2 - mean': 0.5002009154184927, 'R2 - std': 6.147718394988733e-05}
[0]	eval-rmse:3.18140
[100]	eval-rmse:1.91052
[118]	eval-rmse:1.91135
{'MSE - mean': 3.75218273663264, 'MSE - std': 0.09583529243834636, 'R2 - mean': 0.4978268986212821, 'R2 - std': 0.003357741969881967}
[0]	eval-rmse:3.12779
[100]	eval-rmse:1.90206
[122]	eval-rmse:1.90793
{'MSE - mean': 3.724182588583032, 'MSE - std': 0.09612662133851053, 'R2 - mean': 0.48983501709669575, 'R2 - std': 0.014144480699598058}
[0]	eval-rmse:3.24857
[100]	eval-rmse:1.93671
[131]	eval-rmse:1.93350
{'MSE - mean': 3.727028353075408, 'MSE - std': 0.08616643990644021, 'R2 - mean': 0.4933105068773537, 'R2 - std': 0.014434998589223116}
Trial 37 finished with value: 3.727028353075408 and parameters: {'max_depth': 9, 'alpha': 8.432224721331463e-06, 'lambda': 0.0001095004884754954, 'eta': 0.039633355012727904}. Best is trial 21 with value: 3.711147831178033.
[0]	eval-rmse:3.23848
[83]	eval-rmse:1.97739
{'MSE - mean': 3.9106893059637367, 'MSE - std': 0.0, 'R2 - mean': 0.4965520398374924, 'R2 - std': 0.0}
[0]	eval-rmse:3.18701
[100]	eval-rmse:1.93286
[191]	eval-rmse:1.92910
{'MSE - mean': 3.815976461130039, 'MSE - std': 0.0947128448336978, 'R2 - mean': 0.4983576888621208, 'R2 - std': 0.0018056490246283752}
[0]	eval-rmse:3.13890
[72]	eval-rmse:1.89648
{'MSE - mean': 3.7428630738460065, 'MSE - std': 0.12911809885250214, 'R2 - mean': 0.49921611800161125, 'R2 - std': 0.0019098115374246805}
[0]	eval-rmse:3.08369
[65]	eval-rmse:1.90787
{'MSE - mean': 3.7171425126810234, 'MSE - std': 0.12036716490965586, 'R2 - mean': 0.49088431660944465, 'R2 - std': 0.014525573255362037}
[0]	eval-rmse:3.20643
[96]	eval-rmse:1.94316
{'MSE - mean': 3.728889614610039, 'MSE - std': 0.11019338058900524, 'R2 - mean': 0.4931621965076524, 'R2 - std': 0.013767671191604894}
