Trial 95 finished with value: 739073.8775931702 and parameters: {'max_depth': 5, 'alpha': 0.2245292536535264, 'lambda': 0.5923690335727051, 'eta': 0.07630621395225373}. Best is trial 94 with value: 704553.8406917746.
[0]	train-rmse:27295.32617	eval-rmse:29757.09766
[69]	train-rmse:555.20221	eval-rmse:953.04675
Saved Losses
{'MSE - mean': 908298.1250690165, 'MSE - std': 0.0, 'R2 - mean': 0.9989947549984405, 'R2 - std': 0.0} 
 

[0]	train-rmse:28167.76172	eval-rmse:26305.57422
[100]	train-rmse:518.17841	eval-rmse:811.78687
[106]	train-rmse:505.75574	eval-rmse:810.15814
Saved Losses
{'MSE - mean': 781380.3490822219, 'MSE - std': 126917.77598679462, 'R2 - mean': 0.9990626575861459, 'R2 - std': 6.790258770544844e-05} 
 

[0]	train-rmse:28555.06445	eval-rmse:24580.79102
[100]	train-rmse:508.69547	eval-rmse:919.29413
[200]	train-rmse:389.95990	eval-rmse:898.80487
[291]	train-rmse:317.02118	eval-rmse:881.64252
Saved Losses
{'MSE - mean': 780018.0929071837, 'MSE - std': 103645.83634375116, 'R2 - mean': 0.998992004693177, 'R2 - std': 0.000114269433859068} 
 

[0]	train-rmse:27371.77344	eval-rmse:29478.27930
[72]	train-rmse:565.47259	eval-rmse:851.76056
Saved Losses
{'MSE - mean': 766387.5715516075, 'MSE - std': 92812.81097359992, 'R2 - mean': 0.9990410051153966, 'R2 - std': 0.00013036967350179022} 
 

[0]	train-rmse:27615.42578	eval-rmse:28551.67773
[100]	train-rmse:509.84836	eval-rmse:767.72711
[186]	train-rmse:409.20938	eval-rmse:754.56433
Saved Losses
{'MSE - mean': 726983.5228780645, 'MSE - std': 114464.36350290297, 'R2 - mean': 0.9990991364258239, 'R2 - std': 0.0001646632880247697} 
 

Results After CV: {'MSE - mean': 726983.5228780645, 'MSE - std': 114464.36350290297, 'R2 - mean': 0.9990991364258239, 'R2 - std': 0.0001646632880247697}
Train time: 0.4496860657999832
Inference time: 0.02871601379997628
Finished cross validation
Trial 96 finished with value: 726983.5228780645 and parameters: {'max_depth': 3, 'alpha': 0.1476454807571611, 'lambda': 0.21623093641416816, 'eta': 0.13808644847618665}. Best is trial 94 with value: 704553.8406917746.
[0]	train-rmse:28376.98633	eval-rmse:30940.05273
[75]	train-rmse:452.94870	eval-rmse:959.16785
Saved Losses
{'MSE - mean': 919482.9928123726, 'MSE - std': 0.0, 'R2 - mean': 0.9989823763178269, 'R2 - std': 0.0} 
 

[0]	train-rmse:29284.56445	eval-rmse:27346.94141
[100]	train-rmse:387.05859	eval-rmse:827.62195
[102]	train-rmse:383.07034	eval-rmse:829.79980
Saved Losses
{'MSE - mean': 804226.4257415064, 'MSE - std': 115256.56707086624, 'R2 - mean': 0.9990335471426282, 'R2 - std': 5.1170824801161086e-05} 
 

[0]	train-rmse:29687.29883	eval-rmse:25551.46094
[100]	train-rmse:405.23959	eval-rmse:867.09875
[134]	train-rmse:327.74655	eval-rmse:862.42621
Saved Losses
{'MSE - mean': 784077.3088017603, 'MSE - std': 98326.11383661267, 'R2 - mean': 0.9989891158388385, 'R2 - std': 7.5458048301342e-05} 
 

[0]	train-rmse:28456.35352	eval-rmse:30646.55859
[80]	train-rmse:436.99017	eval-rmse:873.75183
Saved Losses
{'MSE - mean': 779497.0034344865, 'MSE - std': 85521.67028554993, 'R2 - mean': 0.9990275734478347, 'R2 - std': 9.331345486673857e-05} 
 

[0]	train-rmse:28709.93164	eval-rmse:29684.92969
[100]	train-rmse:399.09506	eval-rmse:765.69843
[163]	train-rmse:281.98132	eval-rmse:758.04797
Saved Losses
{'MSE - mean': 738502.8150440014, 'MSE - std': 112130.54355492337, 'R2 - mean': 0.9990871800004315, 'R2 - std': 0.0001455255480569651} 
 

Results After CV: {'MSE - mean': 738502.8150440014, 'MSE - std': 112130.54355492337, 'R2 - mean': 0.9990871800004315, 'R2 - std': 0.0001455255480569651}
Train time: 0.46989770160000716
Inference time: 0.008242000199993526
Finished cross validation
Trial 97 finished with value: 738502.8150440014 and parameters: {'max_depth': 4, 'alpha': 0.01330217270640626, 'lambda': 3.417572900772819e-08, 'eta': 0.10370035611065935}. Best is trial 94 with value: 704553.8406917746.
[0]	train-rmse:28707.50195	eval-rmse:31297.70898
[85]	train-rmse:443.81824	eval-rmse:966.26977
Saved Losses
{'MSE - mean': 933677.2741200486, 'MSE - std': 0.0, 'R2 - mean': 0.9989666670149654, 'R2 - std': 0.0} 
 

[0]	train-rmse:29625.71484	eval-rmse:27666.28711
[100]	train-rmse:422.34644	eval-rmse:815.74255
[160]	train-rmse:319.92032	eval-rmse:817.01093
Saved Losses
{'MSE - mean': 800592.0209094477, 'MSE - std': 133085.25321060087, 'R2 - mean': 0.9990399491246935, 'R2 - std': 7.328210972806781e-05} 
 

[0]	train-rmse:30033.14453	eval-rmse:25850.99219
[100]	train-rmse:436.16834	eval-rmse:882.36005
[111]	train-rmse:410.93039	eval-rmse:884.86377
Saved Losses
{'MSE - mean': 794722.6735142642, 'MSE - std': 108980.21942433955, 'R2 - mean': 0.9989740611239771, 'R2 - std': 0.00011073678558140336} 
 

[0]	train-rmse:28787.91406	eval-rmse:31003.53906
[88]	train-rmse:448.53546	eval-rmse:859.10968
Saved Losses
{'MSE - mean': 780559.3737185298, 'MSE - std': 97515.70823536298, 'R2 - mean': 0.999024029302377, 'R2 - std': 0.00012917984873219186} 
 

[0]	train-rmse:29044.45508	eval-rmse:30030.06055
[100]	train-rmse:420.59885	eval-rmse:763.10559
[168]	train-rmse:297.25311	eval-rmse:750.83252
Saved Losses
{'MSE - mean': 737197.4055722766, 'MSE - std': 122997.93416225447, 'R2 - mean': 0.9990868746385351, 'R2 - std': 0.00017072812235258044} 
 

Results After CV: {'MSE - mean': 737197.4055722766, 'MSE - std': 122997.93416225447, 'R2 - mean': 0.9990868746385351, 'R2 - std': 0.00017072812235258044}
Train time: 0.48163460579999084
Inference time: 0.00917541160001747
Finished cross validation
Trial 98 finished with value: 737197.4055722766 and parameters: {'max_depth': 4, 'alpha': 0.08699841512244487, 'lambda': 0.07695326567415849, 'eta': 0.09329178283569983}. Best is trial 94 with value: 704553.8406917746.
[0]	train-rmse:27831.05078	eval-rmse:30341.43555
[74]	train-rmse:434.62546	eval-rmse:951.38721
Saved Losses
{'MSE - mean': 905137.6131390702, 'MSE - std': 0.0, 'R2 - mean': 0.9989982528464842, 'R2 - std': 0.0} 
 

[0]	train-rmse:28720.64062	eval-rmse:26821.51562
[100]	train-rmse:403.06906	eval-rmse:807.97223
[127]	train-rmse:352.98236	eval-rmse:809.69708
Saved Losses
{'MSE - mean': 780373.5090163286, 'MSE - std': 124764.10412274161, 'R2 - mean': 0.9990636447391512, 'R2 - std': 6.539189266702161e-05} 
 

[0]	train-rmse:29115.35352	eval-rmse:25062.26172
[100]	train-rmse:379.07553	eval-rmse:884.85248
[137]	train-rmse:324.62543	eval-rmse:883.43726
Saved Losses
{'MSE - mean': 780402.7848747056, 'MSE - std': 101869.47285220095, 'R2 - mean': 0.9989911015208809, 'R2 - std': 0.0001156536645265107} 
 

[0]	train-rmse:27908.95312	eval-rmse:30057.00000
[100]	train-rmse:393.62808	eval-rmse:839.69653
[102]	train-rmse:388.41986	eval-rmse:841.59113
Saved Losses
{'MSE - mean': 762371.0035881052, 'MSE - std': 93586.73802143312, 'R2 - mean': 0.9990451460991748, 'R2 - std': 0.00013709222048571395} 
 

[0]	train-rmse:28157.41211	eval-rmse:29112.56250
[99]	train-rmse:394.76349	eval-rmse:764.04419
Saved Losses
{'MSE - mean': 726649.5102766505, 'MSE - std': 110049.45417581627, 'R2 - mean': 0.9990990694831927, 'R2 - std': 0.00016329833713152556} 
 

Results After CV: {'MSE - mean': 726649.5102766505, 'MSE - std': 110049.45417581627, 'R2 - mean': 0.9990990694831927, 'R2 - std': 0.00016329833713152556}
Train time: 0.4943980681999619
Inference time: 0.007971440200003599
Finished cross validation
Trial 99 finished with value: 726649.5102766505 and parameters: {'max_depth': 4, 'alpha': 0.005741336311886542, 'lambda': 0.4340040180500992, 'eta': 0.12127054460113375}. Best is trial 94 with value: 704553.8406917746.
Best parameters: {'max_depth': 4, 'alpha': 0.17695906610120446, 'lambda': 0.6471367384027412, 'eta': 0.09608257745771329}
[0]	train-rmse:28629.60352	eval-rmse:31212.68555
[82]	train-rmse:477.22269	eval-rmse:955.16925
Saved Losses
{'MSE - mean': 912348.333591149, 'MSE - std': 0.0, 'R2 - mean': 0.998990272492356, 'R2 - std': 0.0} 
 

[0]	train-rmse:29544.70508	eval-rmse:27590.63672
[100]	train-rmse:452.71695	eval-rmse:794.12494
[136]	train-rmse:403.34387	eval-rmse:793.57068
Saved Losses
{'MSE - mean': 771051.3473751885, 'MSE - std': 141296.98621596053, 'R2 - mean': 0.9990768285042295, 'R2 - std': 8.655601187357309e-05} 
 

[0]	train-rmse:29950.74609	eval-rmse:25780.10547
[100]	train-rmse:466.23291	eval-rmse:868.13989
[147]	train-rmse:383.94159	eval-rmse:863.04767
Saved Losses
{'MSE - mean': 761946.5551714649, 'MSE - std': 116084.82541352336, 'R2 - mean': 0.9990179908315483, 'R2 - std': 0.00010917129772689021} 
 

[0]	train-rmse:28709.74805	eval-rmse:30919.29297
[85]	train-rmse:493.80826	eval-rmse:832.08685
Saved Losses
{'MSE - mean': 744552.0554535358, 'MSE - std': 104949.8493556673, 'R2 - mean': 0.999069763991047, 'R2 - std': 0.00013030794035261066} 
 

[0]	train-rmse:28965.33203	eval-rmse:29948.07617
[100]	train-rmse:440.58637	eval-rmse:759.87720
[200]	train-rmse:288.94308	eval-rmse:749.14215
[300]	train-rmse:205.86478	eval-rmse:738.20886
[315]	train-rmse:195.16476	eval-rmse:738.07294
Saved Losses
{'MSE - mean': 704553.8406917746, 'MSE - std': 123332.9049375456, 'R2 - mean': 0.9991279671946369, 'R2 - std': 0.00016472576934929172} 
 

Results After CV: {'MSE - mean': 704553.8406917746, 'MSE - std': 123332.9049375456, 'R2 - mean': 0.9991279671946369, 'R2 - std': 0.00016472576934929172}
Train time: 0.5493408931999738
Inference time: 0.008213371000010738
Finished cross validation
