Trial 8 finished with value: 4.5677079185602745 and parameters: {'max_depth': 5, 'alpha': 0.0008849080987207539, 'lambda': 8.533797838960754e-08, 'eta': 0.015112546809301904}. Best is trial 8 with value: 4.5677079185602745.
[0]	train-rmse:8.55821	eval-rmse:8.69292
[62]	train-rmse:0.78726	eval-rmse:2.22557
Saved Losses
{'MSE - mean': 4.9510667449011585, 'MSE - std': 0.0, 'R2 - mean': 0.5484790728881672, 'R2 - std': 0.0} 
 

[0]	train-rmse:8.59842	eval-rmse:8.50372
[44]	train-rmse:0.93951	eval-rmse:2.18974
Saved Losses
{'MSE - mean': 4.873015075497339, 'MSE - std': 0.07805166940382025, 'R2 - mean': 0.5186762251608792, 'R2 - std': 0.029802847727288084} 
 

[0]	train-rmse:8.58001	eval-rmse:8.58529
[55]	train-rmse:0.83958	eval-rmse:2.20304
Saved Losses
{'MSE - mean': 4.866471160195297, 'MSE - std': 0.06439736836840539, 'R2 - mean': 0.5199286239046131, 'R2 - std': 0.0243982955756591} 
 

[0]	train-rmse:8.60137	eval-rmse:8.48657
[47]	train-rmse:0.91270	eval-rmse:2.14816
Saved Losses
{'MSE - mean': 4.808171873763544, 'MSE - std': 0.11535461059245337, 'R2 - mean': 0.5160984646288853, 'R2 - std': 0.022146511700045432} 
 

[0]	train-rmse:8.55296	eval-rmse:8.71680
[56]	train-rmse:0.80677	eval-rmse:2.36758
Saved Losses
{'MSE - mean': 4.968574842886307, 'MSE - std': 0.33698931579731256, 'R2 - mean': 0.5200866368723963, 'R2 - std': 0.021354073516775315} 
 

Results After CV: {'MSE - mean': 4.968574842886307, 'MSE - std': 0.33698931579731256, 'R2 - mean': 0.5200866368723963, 'R2 - std': 0.021354073516775315}
Train time: 0.5739445467999985
Inference time: 0.0343673315999979
Finished cross validation
Trial 9 finished with value: 4.968574842886307 and parameters: {'max_depth': 8, 'alpha': 7.932850458052098e-07, 'lambda': 0.17687497511906575, 'eta': 0.14593581452410295}. Best is trial 8 with value: 4.5677079185602745.
[0]	train-rmse:7.24396	eval-rmse:7.35449
[91]	train-rmse:1.90550	eval-rmse:2.16199
Saved Losses
{'MSE - mean': 4.674191621727814, 'MSE - std': 0.0, 'R2 - mean': 0.5737291692311781, 'R2 - std': 0.0} 
 

[0]	train-rmse:7.28590	eval-rmse:7.14077
[82]	train-rmse:1.96882	eval-rmse:2.03114
Saved Losses
{'MSE - mean': 4.399859989360192, 'MSE - std': 0.2743316323676215, 'R2 - mean': 0.5669810112882274, 'R2 - std': 0.006748157942950694} 
 

[0]	train-rmse:7.26296	eval-rmse:7.25057
[92]	train-rmse:1.90237	eval-rmse:2.18005
Saved Losses
{'MSE - mean': 4.517453319654385, 'MSE - std': 0.27897720158526845, 'R2 - mean': 0.5554361526405355, 'R2 - std': 0.017231539285248117} 
 

[0]	train-rmse:7.28517	eval-rmse:7.13514
[52]	train-rmse:2.01947	eval-rmse:2.09490
Saved Losses
{'MSE - mean': 4.482987421901449, 'MSE - std': 0.24886724086751166, 'R2 - mean': 0.5495101243844225, 'R2 - std': 0.018112092432434092} 
 

[0]	train-rmse:7.23337	eval-rmse:7.42661
[82]	train-rmse:1.89108	eval-rmse:2.33918
Saved Losses
{'MSE - mean': 4.681473665397737, 'MSE - std': 0.45512094907911915, 'R2 - mean': 0.5490450202279593, 'R2 - std': 0.016226632470425464} 
 

Results After CV: {'MSE - mean': 4.681473665397737, 'MSE - std': 0.45512094907911915, 'R2 - mean': 0.5490450202279593, 'R2 - std': 0.016226632470425464}
Train time: 0.23792367479999826
Inference time: 0.00426374439999222
Finished cross validation
Trial 10 finished with value: 4.681473665397737 and parameters: {'max_depth': 2, 'alpha': 0.00033201224757875667, 'lambda': 1.0290989083783318e-08, 'eta': 0.2943119241088317}. Best is trial 8 with value: 4.5677079185602745.
[0]	train-rmse:9.56709	eval-rmse:9.68275
[100]	train-rmse:1.92388	eval-rmse:2.15870
[200]	train-rmse:1.77895	eval-rmse:2.12830
[221]	train-rmse:1.75170	eval-rmse:2.13236
Saved Losses
{'MSE - mean': 4.546064150793812, 'MSE - std': 0.0, 'R2 - mean': 0.5854139712032367, 'R2 - std': 0.0} 
 

[0]	train-rmse:9.61205	eval-rmse:9.49483
[100]	train-rmse:1.94893	eval-rmse:2.02646
[158]	train-rmse:1.85360	eval-rmse:2.01179
Saved Losses
{'MSE - mean': 4.296675812065763, 'MSE - std': 0.24938833872805022, 'R2 - mean': 0.5769935169468282, 'R2 - std': 0.008420454256408472} 
 

[0]	train-rmse:9.59046	eval-rmse:9.58528
[100]	train-rmse:1.92860	eval-rmse:2.16430
[200]	train-rmse:1.78035	eval-rmse:2.13372
[218]	train-rmse:1.75988	eval-rmse:2.13863
Saved Losses
{'MSE - mean': 4.3894952352467556, 'MSE - std': 0.2422682802906641, 'R2 - mean': 0.5679332725833558, 'R2 - std': 0.014541163036056605} 
 

[0]	train-rmse:9.61445	eval-rmse:9.48214
[100]	train-rmse:1.94465	eval-rmse:2.08670
[145]	train-rmse:1.85525	eval-rmse:2.07976
Saved Losses
{'MSE - mean': 4.373466140224925, 'MSE - std': 0.2116393994224693, 'R2 - mean': 0.5603320278799894, 'R2 - std': 0.01821869451833069} 
 

[0]	train-rmse:9.56191	eval-rmse:9.70845
[100]	train-rmse:1.89872	eval-rmse:2.32981
[200]	train-rmse:1.74630	eval-rmse:2.30111
[214]	train-rmse:1.73033	eval-rmse:2.30319
Saved Losses
{'MSE - mean': 4.560533655791191, 'MSE - std': 0.4192970424780781, 'R2 - mean': 0.5604583433244545, 'R2 - std': 0.016297253950523196} 
 

Results After CV: {'MSE - mean': 4.560533655791191, 'MSE - std': 0.4192970424780781, 'R2 - mean': 0.5604583433244545, 'R2 - std': 0.016297253950523196}
Train time: 0.4310350244000006
Inference time: 0.011778100399993718
Finished cross validation
Trial 11 finished with value: 4.560533655791191 and parameters: {'max_depth': 4, 'alpha': 0.001126839343059781, 'lambda': 0.000547433809251505, 'eta': 0.040276493174804036}. Best is trial 11 with value: 4.560533655791191.
[0]	train-rmse:9.42656	eval-rmse:9.54621
[100]	train-rmse:1.22589	eval-rmse:2.16358
[102]	train-rmse:1.21854	eval-rmse:2.16416
Saved Losses
{'MSE - mean': 4.683566240725594, 'MSE - std': 0.0, 'R2 - mean': 0.572874234955538, 'R2 - std': 0.0} 
 

[0]	train-rmse:9.47050	eval-rmse:9.36270
[92]	train-rmse:1.25283	eval-rmse:2.10035
Saved Losses
{'MSE - mean': 4.549739877869973, 'MSE - std': 0.13382636285562066, 'R2 - mean': 0.5510765141407031, 'R2 - std': 0.021797720814834887} 
 

[0]	train-rmse:9.44968	eval-rmse:9.44714
[100]	train-rmse:1.20847	eval-rmse:2.19205
[101]	train-rmse:1.20469	eval-rmse:2.19158
Saved Losses
{'MSE - mean': 4.63444066216995, 'MSE - std': 0.16213608271707625, 'R2 - mean': 0.5431537430237522, 'R2 - std': 0.02103095400017572} 
 

[0]	train-rmse:9.47276	eval-rmse:9.35068
[89]	train-rmse:1.27974	eval-rmse:2.10822
Saved Losses
{'MSE - mean': 4.586416580050598, 'MSE - std': 0.16320238778690685, 'R2 - mean': 0.5386208786026907, 'R2 - std': 0.01983346538548687} 
 

[0]	train-rmse:9.42097	eval-rmse:9.56876
[100]	train-rmse:1.20573	eval-rmse:2.32565
[109]	train-rmse:1.17790	eval-rmse:2.33334
Saved Losses
{'MSE - mean': 4.759939500711335, 'MSE - std': 0.3764954601080978, 'R2 - mean': 0.5406873707776256, 'R2 - std': 0.018214681962475065} 
 

Results After CV: {'MSE - mean': 4.759939500711335, 'MSE - std': 0.3764954601080978, 'R2 - mean': 0.5406873707776256, 'R2 - std': 0.018214681962475065}
Train time: 0.634291300600006
Inference time: 0.032027617200003536
Finished cross validation
Trial 12 finished with value: 4.759939500711335 and parameters: {'max_depth': 7, 'alpha': 0.00018865653948316695, 'lambda': 0.0010825530830129665, 'eta': 0.054331499710745336}. Best is trial 11 with value: 4.560533655791191.
[0]	train-rmse:9.51157	eval-rmse:9.62724
[100]	train-rmse:1.89585	eval-rmse:2.15406
[200]	train-rmse:1.74536	eval-rmse:2.12121
[227]	train-rmse:1.71164	eval-rmse:2.12780
Saved Losses
{'MSE - mean': 4.528665486172753, 'MSE - std': 0.0, 'R2 - mean': 0.5870006719255203, 'R2 - std': 0.0} 
 

[0]	train-rmse:9.55629	eval-rmse:9.43902
[100]	train-rmse:1.92074	eval-rmse:2.02246
[137]	train-rmse:1.85836	eval-rmse:2.02222
Saved Losses
{'MSE - mean': 4.309020021035485, 'MSE - std': 0.21964546513726813, 'R2 - mean': 0.5755436981176184, 'R2 - std': 0.011456973807901893} 
 

[0]	train-rmse:9.53470	eval-rmse:9.52999
[100]	train-rmse:1.89575	eval-rmse:2.16192
[179]	train-rmse:1.77067	eval-rmse:2.14202
Saved Losses
{'MSE - mean': 4.4020999134491445, 'MSE - std': 0.22246457316552967, 'R2 - mean': 0.5665362121867915, 'R2 - std': 0.01580435925553625} 
 

[0]	train-rmse:9.55862	eval-rmse:9.42621
[100]	train-rmse:1.90766	eval-rmse:2.08112
[113]	train-rmse:1.88009	eval-rmse:2.08222
Saved Losses
{'MSE - mean': 4.3854890474579165, 'MSE - std': 0.1947963740479442, 'R2 - mean': 0.5590095111799738, 'R2 - std': 0.01890203726444942} 
 

[0]	train-rmse:9.50631	eval-rmse:9.65396
[100]	train-rmse:1.86952	eval-rmse:2.32432
[152]	train-rmse:1.77164	eval-rmse:2.30959
Saved Losses
{'MSE - mean': 4.575235242301363, 'MSE - std': 0.4175775086185212, 'R2 - mean': 0.5589799459041117, 'R2 - std': 0.016906599498996092} 
 

Results After CV: {'MSE - mean': 4.575235242301363, 'MSE - std': 0.4175775086185212, 'R2 - mean': 0.5589799459041117, 'R2 - std': 0.016906599498996092}
Train time: 0.5636952882000003
Inference time: 0.1334716501999992
Finished cross validation
Trial 13 finished with value: 4.575235242301363 and parameters: {'max_depth': 4, 'alpha': 0.004592821358509914, 'lambda': 4.221735091163719e-07, 'eta': 0.0461853746308473}. Best is trial 11 with value: 4.560533655791191.
[0]	train-rmse:9.16062	eval-rmse:9.27425
[100]	train-rmse:2.08635	eval-rmse:2.21450
[200]	train-rmse:1.98321	eval-rmse:2.16513
[265]	train-rmse:1.94270	eval-rmse:2.15932
Saved Losses
{'MSE - mean': 4.6626812404762505, 'MSE - std': 0.0, 'R2 - mean': 0.5747788779670719, 'R2 - std': 0.0} 
 

[0]	train-rmse:9.20554	eval-rmse:9.08101
[100]	train-rmse:2.12462	eval-rmse:2.04147
[200]	train-rmse:2.02287	eval-rmse:2.00996
[247]	train-rmse:1.99004	eval-rmse:2.00619
Saved Losses
{'MSE - mean': 4.343748358870323, 'MSE - std': 0.31893288160592714, 'R2 - mean': 0.5728736891101534, 'R2 - std': 0.0019051888569186493} 
 

[0]	train-rmse:9.18377	eval-rmse:9.17390
[100]	train-rmse:2.08356	eval-rmse:2.21755
[200]	train-rmse:1.98057	eval-rmse:2.17433
[261]	train-rmse:1.93776	eval-rmse:2.16765
Saved Losses
{'MSE - mean': 4.461911459228294, 'MSE - std': 0.30941421840642036, 'R2 - mean': 0.5611489769351073, 'R2 - std': 0.016654055989328627} 
 

[0]	train-rmse:9.20747	eval-rmse:9.07089
[100]	train-rmse:2.11455	eval-rmse:2.10507
[190]	train-rmse:2.00701	eval-rmse:2.08298
Saved Losses
{'MSE - mean': 4.43113261637584, 'MSE - std': 0.2732121527605429, 'R2 - mean': 0.5548851618094858, 'R2 - std': 0.01804783437024142} 
 

[0]	train-rmse:9.15446	eval-rmse:9.30782
[100]	train-rmse:2.05206	eval-rmse:2.36967
[200]	train-rmse:1.94996	eval-rmse:2.32745
[234]	train-rmse:1.92702	eval-rmse:2.32954
Saved Losses
{'MSE - mean': 4.630258972950356, 'MSE - std': 0.4672484648058303, 'R2 - mean': 0.5541497882340444, 'R2 - std': 0.016209335506008987} 
 

Results After CV: {'MSE - mean': 4.630258972950356, 'MSE - std': 0.4672484648058303, 'R2 - mean': 0.5541497882340444, 'R2 - std': 0.016209335506008987}
Train time: 0.3976159613999982
Inference time: 0.009311800199998287
Finished cross validation
Trial 14 finished with value: 4.630258972950356 and parameters: {'max_depth': 2, 'alpha': 4.047211056545819e-05, 'lambda': 0.003951487255109446, 'eta': 0.0846813488501268}. Best is trial 11 with value: 4.560533655791191.
[0]	train-rmse:9.76643	eval-rmse:9.88304
[100]	train-rmse:2.40301	eval-rmse:2.63544
[200]	train-rmse:1.79042	eval-rmse:2.16579
[300]	train-rmse:1.67699	eval-rmse:2.12623
[400]	train-rmse:1.59784	eval-rmse:2.12145
Saved Losses
{'MSE - mean': 4.500561022686056, 'MSE - std': 0.0, 'R2 - mean': 0.5895637061287174, 'R2 - std': 0.0} 
 

[0]	train-rmse:9.81223	eval-rmse:9.69565
[100]	train-rmse:2.42857	eval-rmse:2.46247
[200]	train-rmse:1.81656	eval-rmse:2.05447
[280]	train-rmse:1.72226	eval-rmse:2.04202
Saved Losses
{'MSE - mean': 4.335207249304016, 'MSE - std': 0.16535377338203938, 'R2 - mean': 0.5725358270533696, 'R2 - std': 0.017027879075347807} 
 

[0]	train-rmse:9.79059	eval-rmse:9.78325
[100]	train-rmse:2.40182	eval-rmse:2.58993
[200]	train-rmse:1.78982	eval-rmse:2.15338
[300]	train-rmse:1.67784	eval-rmse:2.13391
[389]	train-rmse:1.60314	eval-rmse:2.13141
Saved Losses
{'MSE - mean': 4.404202969476611, 'MSE - std': 0.16657950769944405, 'R2 - mean': 0.566041886210257, 'R2 - std': 0.016662582209373698} 
 

[0]	train-rmse:9.81481	eval-rmse:9.68419
[100]	train-rmse:2.42651	eval-rmse:2.49084
[200]	train-rmse:1.81134	eval-rmse:2.08226
[297]	train-rmse:1.69694	eval-rmse:2.06908
Saved Losses
{'MSE - mean': 4.3731749903869215, 'MSE - std': 0.15394724988843547, 'R2 - mean': 0.5601240368048526, 'R2 - std': 0.017700114665398108} 
 

[0]	train-rmse:9.76144	eval-rmse:9.90424
[100]	train-rmse:2.37514	eval-rmse:2.76093
[200]	train-rmse:1.76281	eval-rmse:2.32401
[300]	train-rmse:1.65397	eval-rmse:2.30907
[366]	train-rmse:1.59765	eval-rmse:2.30807
Saved Losses
{'MSE - mean': 4.56397252939033, 'MSE - std': 0.4056779611435645, 'R2 - mean': 0.559988294301245, 'R2 - std': 0.01583379144247314} 
 

Results After CV: {'MSE - mean': 4.56397252939033, 'MSE - std': 0.4056779611435645, 'R2 - mean': 0.559988294301245, 'R2 - std': 0.01583379144247314}
Train time: 0.8383347092000009
Inference time: 0.04660753919998797
Finished cross validation
Trial 15 finished with value: 4.56397252939033 and parameters: {'max_depth': 5, 'alpha': 0.055948684072585665, 'lambda': 3.995288073915035e-05, 'eta': 0.01898318147298646}. Best is trial 11 with value: 4.560533655791191.
[0]	train-rmse:9.58090	eval-rmse:9.70278
[100]	train-rmse:0.83176	eval-rmse:2.24213
[150]	train-rmse:0.66398	eval-rmse:2.23725
Saved Losses
{'MSE - mean': 5.005305631773602, 'MSE - std': 0.0, 'R2 - mean': 0.5435326656292909, 'R2 - std': 0.0} 
 

[0]	train-rmse:9.62613	eval-rmse:9.51926
[100]	train-rmse:0.87069	eval-rmse:2.18136
[118]	train-rmse:0.78374	eval-rmse:2.18293
Saved Losses
{'MSE - mean': 4.885242442478772, 'MSE - std': 0.12006318929483006, 'R2 - mean': 0.5177904657091512, 'R2 - std': 0.025742199920139763} 
 

[0]	train-rmse:9.60527	eval-rmse:9.60371
[100]	train-rmse:0.84773	eval-rmse:2.21742
[122]	train-rmse:0.75301	eval-rmse:2.21989
Saved Losses
{'MSE - mean': 4.8995650084779205, 'MSE - std': 0.10010187182414435, 'R2 - mean': 0.5168838307939126, 'R2 - std': 0.02105748983674665} 
 

[0]	train-rmse:9.62921	eval-rmse:9.50812
[100]	train-rmse:0.84641	eval-rmse:2.15076
[131]	train-rmse:0.71829	eval-rmse:2.14816
Saved Losses
{'MSE - mean': 4.828365311882299, 'MSE - std': 0.15074308920460888, 'R2 - mean': 0.5143095854383415, 'R2 - std': 0.01877348199244226} 
 

[0]	train-rmse:9.57684	eval-rmse:9.72602
[100]	train-rmse:0.85167	eval-rmse:2.37934
[181]	train-rmse:0.62827	eval-rmse:2.36932
Saved Losses
{'MSE - mean': 4.985425325529438, 'MSE - std': 0.3418335482390751, 'R2 - mean': 0.5185979966905077, 'R2 - std': 0.018855152748446936} 
 

Results After CV: {'MSE - mean': 4.985425325529438, 'MSE - std': 0.3418335482390751, 'R2 - mean': 0.5185979966905077, 'R2 - std': 0.018855152748446936}
Train time: 1.831851301200004
Inference time: 0.028905408399998576
Finished cross validation
Trial 16 finished with value: 4.985425325529438 and parameters: {'max_depth': 9, 'alpha': 0.04295585218882733, 'lambda': 3.32977351859981e-05, 'eta': 0.03764555269222087}. Best is trial 11 with value: 4.560533655791191.
[0]	train-rmse:9.74869	eval-rmse:9.86433
[100]	train-rmse:2.35692	eval-rmse:2.51573
[200]	train-rmse:1.91966	eval-rmse:2.16493
[300]	train-rmse:1.82810	eval-rmse:2.13660
[351]	train-rmse:1.79649	eval-rmse:2.13504
Saved Losses
{'MSE - mean': 4.558391916831741, 'MSE - std': 0.0, 'R2 - mean': 0.584289719675746, 'R2 - std': 0.0} 
 

[0]	train-rmse:9.79439	eval-rmse:9.67735
[100]	train-rmse:2.38783	eval-rmse:2.32374
[200]	train-rmse:1.93949	eval-rmse:2.01639
[300]	train-rmse:1.85409	eval-rmse:2.00728
[307]	train-rmse:1.84940	eval-rmse:2.00961
Saved Losses
{'MSE - mean': 4.298465342101015, 'MSE - std': 0.25992657473072533, 'R2 - mean': 0.576897682179931, 'R2 - std': 0.007392037495815129} 
 

[0]	train-rmse:9.77279	eval-rmse:9.76614
[100]	train-rmse:2.35269	eval-rmse:2.48928
[200]	train-rmse:1.91970	eval-rmse:2.17403
[300]	train-rmse:1.83945	eval-rmse:2.15589
[400]	train-rmse:1.77328	eval-rmse:2.14835
[438]	train-rmse:1.74962	eval-rmse:2.14683
Saved Losses
{'MSE - mean': 4.401930678410955, 'MSE - std': 0.25778162813310807, 'R2 - mean': 0.5667631429901208, 'R2 - std': 0.015551395909669617} 
 

[0]	train-rmse:9.79703	eval-rmse:9.66507
[100]	train-rmse:2.37915	eval-rmse:2.37600
[200]	train-rmse:1.93396	eval-rmse:2.08302
[236]	train-rmse:1.89446	eval-rmse:2.08114
Saved Losses
{'MSE - mean': 4.384229955922787, 'MSE - std': 0.22534079209505417, 'R2 - mean': 0.5593007609672909, 'R2 - std': 0.018666704915930747} 
 

[0]	train-rmse:9.74373	eval-rmse:9.88668
[100]	train-rmse:2.32738	eval-rmse:2.66008
[200]	train-rmse:1.89398	eval-rmse:2.32904
[300]	train-rmse:1.80183	eval-rmse:2.31277
[352]	train-rmse:1.76319	eval-rmse:2.30937
Saved Losses
{'MSE - mean': 4.574018745625416, 'MSE - std': 0.42976960903811756, 'R2 - mean': 0.5592302484471844, 'R2 - std': 0.01669660402587046} 
 

Results After CV: {'MSE - mean': 4.574018745625416, 'MSE - std': 0.42976960903811756, 'R2 - mean': 0.5592302484471844, 'R2 - std': 0.01669660402587046}
Train time: 0.674728822000003
Inference time: 0.08193961480000098
Finished cross validation
Trial 17 finished with value: 4.574018745625416 and parameters: {'max_depth': 4, 'alpha': 0.05299462865061329, 'lambda': 0.008176655801960992, 'eta': 0.020966797172083253}. Best is trial 11 with value: 4.560533655791191.
[0]	train-rmse:9.26828	eval-rmse:9.38432
[100]	train-rmse:1.39623	eval-rmse:2.14888
[104]	train-rmse:1.37763	eval-rmse:2.15067
Saved Losses
{'MSE - mean': 4.625369807617004, 'MSE - std': 0.0, 'R2 - mean': 0.5781815573540603, 'R2 - std': 0.0} 
 

[0]	train-rmse:9.31168	eval-rmse:9.20027
[72]	train-rmse:1.50244	eval-rmse:2.05252
Saved Losses
{'MSE - mean': 4.420917954797504, 'MSE - std': 0.20445185281949962, 'R2 - mean': 0.5643603797827474, 'R2 - std': 0.013821177571312848} 
 

[0]	train-rmse:9.29046	eval-rmse:9.28658
[81]	train-rmse:1.44566	eval-rmse:2.16372
Saved Losses
{'MSE - mean': 4.5069021477114495, 'MSE - std': 0.20652748713672311, 'R2 - mean': 0.5561086706950961, 'R2 - std': 0.01623364937528319} 
 

[0]	train-rmse:9.31316	eval-rmse:9.18674
[84]	train-rmse:1.44982	eval-rmse:2.07655
Saved Losses
{'MSE - mean': 4.45818714345257, 'MSE - std': 0.19776161692068728, 'R2 - mean': 0.5518200688043468, 'R2 - std': 0.01590046689760206} 
 

[0]	train-rmse:9.26189	eval-rmse:9.41376
[82]	train-rmse:1.42229	eval-rmse:2.30445
Saved Losses
{'MSE - mean': 4.62681709939412, 'MSE - std': 0.38083063672065953, 'R2 - mean': 0.5537722763810233, 'R2 - std': 0.014748028198343132} 
 

Results After CV: {'MSE - mean': 4.62681709939412, 'MSE - std': 0.38083063672065953, 'R2 - mean': 0.5537722763810233, 'R2 - std': 0.014748028198343132}
Train time: 0.43525316800000835
Inference time: 0.011276493600001913
Finished cross validation
Trial 18 finished with value: 4.62681709939412 and parameters: {'max_depth': 6, 'alpha': 2.4110240633246162e-05, 'lambda': 0.00011308108174530055, 'eta': 0.07134736848678591}. Best is trial 11 with value: 4.560533655791191.
[0]	train-rmse:8.79417	eval-rmse:8.90564
[100]	train-rmse:1.85808	eval-rmse:2.13065
[125]	train-rmse:1.81353	eval-rmse:2.13078
Saved Losses
{'MSE - mean': 4.53583832476611, 'MSE - std': 0.0, 'R2 - mean': 0.5863465327473256, 'R2 - std': 0.0} 
 

[0]	train-rmse:8.83734	eval-rmse:8.71497
[76]	train-rmse:1.93716	eval-rmse:2.01064
Saved Losses
{'MSE - mean': 4.289256153699775, 'MSE - std': 0.24658217106633495, 'R2 - mean': 0.5777056888469383, 'R2 - std': 0.008640843900387274} 
 

[0]	train-rmse:8.81630	eval-rmse:8.81000
[100]	train-rmse:1.85893	eval-rmse:2.17442
[120]	train-rmse:1.82095	eval-rmse:2.17697
Saved Losses
{'MSE - mean': 4.439230174962089, 'MSE - std': 0.2924373303217339, 'R2 - mean': 0.5630274776354042, 'R2 - std': 0.021924321903950612} 
 

[0]	train-rmse:8.83795	eval-rmse:8.70392
[63]	train-rmse:1.95508	eval-rmse:2.08367
Saved Losses
{'MSE - mean': 4.414844208580124, 'MSE - std': 0.2567561492806435, 'R2 - mean': 0.5562167813435698, 'R2 - std': 0.022353157945799493} 
 

[0]	train-rmse:8.78742	eval-rmse:8.95047
[100]	train-rmse:1.81980	eval-rmse:2.32847
[120]	train-rmse:1.77826	eval-rmse:2.33100
Saved Losses
{'MSE - mean': 4.61859130726379, 'MSE - std': 0.46775046450301216, 'R2 - mean': 0.5551023591832704, 'R2 - std': 0.020117124126607974} 
 

Results After CV: {'MSE - mean': 4.61859130726379, 'MSE - std': 0.46775046450301216, 'R2 - mean': 0.5551023591832704, 'R2 - std': 0.020117124126607974}
Train time: 0.2861686832000032
Inference time: 0.0071276631999921845
Finished cross validation
