Trial 61 finished with value: 729825.0306851104 and parameters: {'max_depth': 3, 'alpha': 0.020036954224982594, 'lambda': 0.5186656968753555, 'eta': 0.07254107025527166}. Best is trial 46 with value: 705711.1594260335.
[0]	eval-rmse:32678.35742
[100]	eval-rmse:993.39221
[127]	eval-rmse:994.29340
{'MSE - mean': 988619.2900508328, 'MSE - std': 0.0, 'R2 - mean': 0.9989058607825559, 'R2 - std': 0.0}
[0]	eval-rmse:28885.07812
[100]	eval-rmse:866.84930
[198]	eval-rmse:846.63715
{'MSE - mean': 852977.7130048753, 'MSE - std': 135641.57704595744, 'R2 - mean': 0.9989764473722503, 'R2 - std': 7.058658969438802e-05}
[0]	eval-rmse:26988.68164
[100]	eval-rmse:885.11597
[200]	eval-rmse:859.28424
[254]	eval-rmse:858.56549
{'MSE - mean': 814363.3808770761, 'MSE - std': 123482.35328861745, 'R2 - mean': 0.9989543240931775, 'R2 - std': 6.55783758846029e-05}
[0]	eval-rmse:32370.11133
[100]	eval-rmse:860.69781
[167]	eval-rmse:857.17963
{'MSE - mean': 794478.6145788328, 'MSE - std': 112348.25531568547, 'R2 - mean': 0.9990101345453393, 'R2 - std': 0.00011211517403655564}
[0]	eval-rmse:31353.89648
[100]	eval-rmse:790.52118
[200]	eval-rmse:759.24451
[300]	eval-rmse:749.97925
[311]	eval-rmse:749.28827
{'MSE - mean': 747909.1536646219, 'MSE - std': 137013.00353376535, 'R2 - mean': 0.9990762561180647, 'R2 - std': 0.0001659641507016077}
Trial 62 finished with value: 747909.1536646219 and parameters: {'max_depth': 5, 'alpha': 0.13089091781904655, 'lambda': 0.49774742754488416, 'eta': 0.05340036906827068}. Best is trial 46 with value: 705711.1594260335.
[0]	eval-rmse:32238.99414
[100]	eval-rmse:959.42773
[115]	eval-rmse:959.02765
{'MSE - mean': 918776.4691249352, 'MSE - std': 0.0, 'R2 - mean': 0.9989831582520682, 'R2 - std': 0.0}
[0]	eval-rmse:28497.19336
[100]	eval-rmse:859.74957
[200]	eval-rmse:807.94617
[220]	eval-rmse:809.65924
{'MSE - mean': 787162.2845116477, 'MSE - std': 131614.18461328762, 'R2 - mean': 0.9990561381631445, 'R2 - std': 7.297991107635404e-05}
[0]	eval-rmse:26626.62109
[100]	eval-rmse:929.09650
[200]	eval-rmse:894.53717
[267]	eval-rmse:891.10852
{'MSE - mean': 789342.3846881861, 'MSE - std': 107506.75049118166, 'R2 - mean': 0.9989795709963921, 'R2 - std': 0.00012359520080809462}
[0]	eval-rmse:31934.76367
[100]	eval-rmse:858.85339
[127]	eval-rmse:859.15979
{'MSE - mean': 776434.4108184885, 'MSE - std': 95750.3181150971, 'R2 - mean': 0.9990282621530121, 'R2 - std': 0.00013626927917211084}
[0]	eval-rmse:30932.41016
[100]	eval-rmse:805.23682
[200]	eval-rmse:761.98846
[222]	eval-rmse:762.08380
{'MSE - mean': 737363.773790516, 'MSE - std': 115933.41816059826, 'R2 - mean': 0.9990861920397736, 'R2 - std': 0.00016816343323571635}
Trial 63 finished with value: 737363.773790516 and parameters: {'max_depth': 3, 'alpha': 0.0002581139548155175, 'lambda': 0.05335971802999528, 'eta': 0.06600706513692906}. Best is trial 46 with value: 705711.1594260335.
[0]	eval-rmse:31410.13281
[92]	eval-rmse:952.24481
{'MSE - mean': 906770.0758071027, 'MSE - std': 0.0, 'R2 - mean': 0.9989964461434955, 'R2 - std': 0.0}
[0]	eval-rmse:27765.25977
[100]	eval-rmse:825.14471
[178]	eval-rmse:804.02826
{'MSE - mean': 776802.2055057948, 'MSE - std': 129967.87030130788, 'R2 - mean': 0.9990685701358379, 'R2 - std': 7.212399234240996e-05}
[0]	eval-rmse:25943.36523
[100]	eval-rmse:911.54303
[200]	eval-rmse:891.55066
[211]	eval-rmse:894.80261
{'MSE - mean': 784758.7233130581, 'MSE - std': 106713.21641830336, 'R2 - mean': 0.9989844241202124, 'R2 - std': 0.00013277431003621675}
[0]	eval-rmse:31114.48438
[100]	eval-rmse:847.54511
[122]	eval-rmse:848.62647
{'MSE - mean': 769142.5734048934, 'MSE - std': 96293.17386303948, 'R2 - mean': 0.9990362155931585, 'R2 - std': 0.00014583837994158988}
[0]	eval-rmse:30137.25586
[100]	eval-rmse:779.20715
[200]	eval-rmse:746.70306
[300]	eval-rmse:737.66992
[335]	eval-rmse:734.43811
{'MSE - mean': 723156.401187354, 'MSE - std': 126003.22379597608, 'R2 - mean': 0.9991023842989086, 'R2 - std': 0.00018581780575017222}
Trial 64 finished with value: 723156.401187354 and parameters: {'max_depth': 3, 'alpha': 0.0007540172386481281, 'lambda': 0.1509217154324424, 'eta': 0.09008575364179809}. Best is trial 46 with value: 705711.1594260335.
[0]	eval-rmse:32846.09766
[100]	eval-rmse:1013.37250
[135]	eval-rmse:1005.48242
{'MSE - mean': 1012037.8735472981, 'MSE - std': 0.0, 'R2 - mean': 0.9988799426249008, 'R2 - std': 0.0}
[0]	eval-rmse:29033.31641
[100]	eval-rmse:891.77734
[180]	eval-rmse:862.57843
{'MSE - mean': 878174.0374902089, 'MSE - std': 133863.83605708933, 'R2 - mean': 0.9989455710528039, 'R2 - std': 6.56284279030861e-05}
[0]	eval-rmse:27127.10938
[100]	eval-rmse:896.67450
[193]	eval-rmse:859.49292
{'MSE - mean': 831749.9569521402, 'MSE - std': 127501.92773793537, 'R2 - mean': 0.9989328689496882, 'R2 - std': 5.651619720461242e-05}
[0]	eval-rmse:32536.12695
[100]	eval-rmse:870.85107
[154]	eval-rmse:842.94641
{'MSE - mean': 801452.1520300626, 'MSE - std': 122255.58118939216, 'R2 - mean': 0.9990008328511422, 'R2 - std': 0.00012748661150230358}
[0]	eval-rmse:31514.77539
[100]	eval-rmse:815.94061
[200]	eval-rmse:766.22022
[239]	eval-rmse:766.22870
{'MSE - mean': 758285.91525139, 'MSE - std': 139321.34687869833, 'R2 - mean': 0.9990631828244776, 'R2 - std': 0.00016897439329571702}
Trial 65 finished with value: 758285.91525139 and parameters: {'max_depth': 5, 'alpha': 0.06930800976386477, 'lambda': 0.26050906967252185, 'eta': 0.048457494271370596}. Best is trial 46 with value: 705711.1594260335.
[0]	eval-rmse:33264.94922
[100]	eval-rmse:1261.46423
[188]	eval-rmse:985.09497
{'MSE - mean': 968564.9574137917, 'MSE - std': 0.0, 'R2 - mean': 0.9989280556072359, 'R2 - std': 0.0}
[0]	eval-rmse:29403.02734
[100]	eval-rmse:1135.23059
[200]	eval-rmse:839.93591
[295]	eval-rmse:837.05847
{'MSE - mean': 834600.7631364586, 'MSE - std': 133964.1942773331, 'R2 - mean': 0.9989986372972204, 'R2 - std': 7.058168998452796e-05}
[0]	eval-rmse:27472.15430
[100]	eval-rmse:1130.21143
[200]	eval-rmse:833.95612
[227]	eval-rmse:831.86768
{'MSE - mean': 787068.4728526837, 'MSE - std': 128385.77597028452, 'R2 - mean': 0.9989913607548936, 'R2 - std': 5.854126274561199e-05}
[0]	eval-rmse:32950.60938
[100]	eval-rmse:1156.36389
[198]	eval-rmse:804.85321
{'MSE - mean': 752352.1129621428, 'MSE - std': 126403.5503289672, 'R2 - mean': 0.9990621492282393, 'R2 - std': 0.00013267755446483504}
[0]	eval-rmse:31916.44336
[100]	eval-rmse:1121.55102
[200]	eval-rmse:784.96753
[275]	eval-rmse:779.04181
{'MSE - mean': 723262.929787746, 'MSE - std': 127149.55107914703, 'R2 - mean': 0.9991072388939337, 'R2 - std': 0.00014904690059414045}
Trial 66 finished with value: 723262.929787746 and parameters: {'max_depth': 6, 'alpha': 0.013724407436702033, 'lambda': 0.5340171489290461, 'eta': 0.036363965250125745}. Best is trial 46 with value: 705711.1594260335.
[0]	eval-rmse:31046.14453
[80]	eval-rmse:930.53491
{'MSE - mean': 865895.180249588, 'MSE - std': 0.0, 'R2 - mean': 0.9990416838064548, 'R2 - std': 0.0}
[0]	eval-rmse:27443.16602
[100]	eval-rmse:810.98401
[123]	eval-rmse:810.73108
{'MSE - mean': 761589.9787764817, 'MSE - std': 104305.20147310622, 'R2 - mean': 0.9990842473705516, 'R2 - std': 4.256356409682027e-05}
[0]	eval-rmse:25642.30469
[100]	eval-rmse:868.41498
[174]	eval-rmse:863.84705
{'MSE - mean': 756415.4979520523, 'MSE - std': 85478.65546342528, 'R2 - mean': 0.999021788582418, 'R2 - std': 9.492087102416219e-05}
[0]	eval-rmse:30754.41211
[100]	eval-rmse:836.52032
[104]	eval-rmse:835.87994
{'MSE - mean': 742516.0577666614, 'MSE - std': 77843.00686174704, 'R2 - mean': 0.9990702481695569, 'R2 - std': 0.00011748392900320259}
[0]	eval-rmse:29788.16016
[100]	eval-rmse:755.65045
[177]	eval-rmse:745.75446
{'MSE - mean': 705242.7778670788, 'MSE - std': 102004.00262594078, 'R2 - mean': 0.9991256339188119, 'R2 - std': 0.00015268367215058232}
Trial 67 finished with value: 705242.7778670788 and parameters: {'max_depth': 4, 'alpha': 0.04819342960619537, 'lambda': 0.9859138870346479, 'eta': 0.10113051764067468}. Best is trial 67 with value: 705242.7778670788.
[0]	eval-rmse:30333.85938
[71]	eval-rmse:955.37372
{'MSE - mean': 912165.6015264422, 'MSE - std': 0.0, 'R2 - mean': 0.9989904747282624, 'R2 - std': 0.0}
[0]	eval-rmse:26814.19141
[100]	eval-rmse:809.69617
[105]	eval-rmse:808.73486
{'MSE - mean': 782288.3393650461, 'MSE - std': 129877.2621613961, 'R2 - mean': 0.9990618801357274, 'R2 - std': 7.140540746491952e-05}
[0]	eval-rmse:25055.14453
[100]	eval-rmse:865.55810
[149]	eval-rmse:856.47058
{'MSE - mean': 766960.7874064959, 'MSE - std': 108237.1001510609, 'R2 - mean': 0.999011687869778, 'R2 - std': 9.185685566359076e-05}
[0]	eval-rmse:30049.43164
[69]	eval-rmse:837.01691
{'MSE - mean': 750319.9820344066, 'MSE - std': 98067.33195681604, 'R2 - mean': 0.9990627902016812, 'R2 - std': 0.00011900674950238488}
[0]	eval-rmse:29105.03711
[100]	eval-rmse:758.04938
[186]	eval-rmse:748.41046
{'MSE - mean': 712279.6283338557, 'MSE - std': 116112.16696089506, 'R2 - mean': 0.9991187358656196, 'R2 - std': 0.00015443365693955767}
Trial 68 finished with value: 712279.6283338557 and parameters: {'max_depth': 4, 'alpha': 0.18160437866044962, 'lambda': 0.9188039395460069, 'eta': 0.12184191574517739}. Best is trial 67 with value: 705242.7778670788.
[0]	eval-rmse:30410.14844
[71]	eval-rmse:972.04980
{'MSE - mean': 944880.8534773389, 'MSE - std': 0.0, 'R2 - mean': 0.9989542676255605, 'R2 - std': 0.0}
[0]	eval-rmse:26879.21680
[100]	eval-rmse:820.24213
[137]	eval-rmse:825.09491
{'MSE - mean': 812831.2443291763, 'MSE - std': 132049.60914816265, 'R2 - mean': 0.9990249317382311, 'R2 - std': 7.066411267070416e-05}
[0]	eval-rmse:25114.82422
[100]	eval-rmse:874.88831
[129]	eval-rmse:865.23883
{'MSE - mean': 791449.2587442072, 'MSE - std': 111978.17406039442, 'R2 - mean': 0.9989809541381626, 'R2 - std': 8.483515286694921e-05}
[0]	eval-rmse:30122.71484
[70]	eval-rmse:858.62433
{'MSE - mean': 778437.7049427439, 'MSE - std': 99560.20890099677, 'R2 - mean': 0.9990288259218567, 'R2 - std': 0.0001107830104017029}
[0]	eval-rmse:29177.09766
[97]	eval-rmse:770.07550
{'MSE - mean': 741353.4259680698, 'MSE - std': 115891.16940221936, 'R2 - mean': 0.9990838411117082, 'R2 - std': 0.0001480708775300254}
Trial 69 finished with value: 741353.4259680698 and parameters: {'max_depth': 4, 'alpha': 0.454459948053913, 'lambda': 2.3707020447264845e-07, 'eta': 0.11904021704529358}. Best is trial 67 with value: 705242.7778670788.
[0]	eval-rmse:29125.86914
[57]	eval-rmse:1073.73731
{'MSE - mean': 1152907.1543804887, 'MSE - std': 0.0, 'R2 - mean': 0.9987240377116102, 'R2 - std': 0.0}
[0]	eval-rmse:25748.55273
[62]	eval-rmse:935.67047
{'MSE - mean': 1014193.2053060061, 'MSE - std': 138713.9490744825, 'R2 - mean': 0.9987804909246245, 'R2 - std': 5.645321301428474e-05}
[0]	eval-rmse:24059.91016
[94]	eval-rmse:863.77039
{'MSE - mean': 924828.5836872673, 'MSE - std': 169704.97234714773, 'R2 - mean': 0.9988192681171361, 'R2 - std': 7.163787283670979e-05}
[0]	eval-rmse:28854.17188
[89]	eval-rmse:913.54089
{'MSE - mean': 902262.1839794184, 'MSE - std': 152077.48162312806, 'R2 - mean': 0.9988809350483134, 'R2 - std': 0.00012352092867594852}
[0]	eval-rmse:27946.94336
[77]	eval-rmse:850.37830
{'MSE - mean': 866438.3955083896, 'MSE - std': 153738.16577263537, 'R2 - mean': 0.9989349791304896, 'R2 - std': 0.00015456062606573843}
Trial 70 finished with value: 866438.3955083896 and parameters: {'max_depth': 12, 'alpha': 0.1821310950339685, 'lambda': 0.2727751240794278, 'eta': 0.1564129728903405}. Best is trial 67 with value: 705242.7778670788.
[0]	eval-rmse:30758.96680
[77]	eval-rmse:970.59338
{'MSE - mean': 942051.5302415176, 'MSE - std': 0.0, 'R2 - mean': 0.998957398935603, 'R2 - std': 0.0}
[0]	eval-rmse:27189.93945
[100]	eval-rmse:793.64789
[130]	eval-rmse:795.65686
{'MSE - mean': 788498.2991201655, 'MSE - std': 153553.23112135206, 'R2 - mean': 0.9990569438531727, 'R2 - std': 9.954491756969386e-05}
[0]	eval-rmse:25406.02930
[96]	eval-rmse:871.64380
{'MSE - mean': 779363.3360220268, 'MSE - std': 126039.51084275235, 'R2 - mean': 0.9989961800259152, 'R2 - std': 0.00011828191950553137}
[0]	eval-rmse:30470.22461
[74]	eval-rmse:835.26190
{'MSE - mean': 758938.1230341038, 'MSE - std': 114743.35142794233, 'R2 - mean': 0.9990519246121082, 'R2 - std': 0.0001407669564597316}
[0]	eval-rmse:29512.89844
[100]	eval-rmse:766.82031
[108]	eval-rmse:765.55774
{'MSE - mean': 724366.2233885011, 'MSE - std': 123748.51246764757, 'R2 - mean': 0.9991039487913655, 'R2 - std': 0.0001633350229874618}
Trial 71 finished with value: 724366.2233885011 and parameters: {'max_depth': 4, 'alpha': 0.8520881224670013, 'lambda': 0.6755107238652739, 'eta': 0.10929821631643535}. Best is trial 67 with value: 705242.7778670788.
[0]	eval-rmse:31102.31055
[75]	eval-rmse:941.60938
{'MSE - mean': 886628.1639536751, 'MSE - std': 0.0, 'R2 - mean': 0.9990187378951282, 'R2 - std': 0.0}
[0]	eval-rmse:27493.71680
[100]	eval-rmse:817.47046
[137]	eval-rmse:814.66809
{'MSE - mean': 776116.1609242766, 'MSE - std': 110512.0030293985, 'R2 - mean': 0.9990672483534201, 'R2 - std': 4.8510458291906033e-05}
[0]	eval-rmse:25689.88086
[94]	eval-rmse:879.96716
{'MSE - mean': 775830.2034694953, 'MSE - std': 90233.57885165817, 'R2 - mean': 0.9989960683277408, 'R2 - std': 0.00010817594535685795}
[0]	eval-rmse:30810.09375
[82]	eval-rmse:848.50507
{'MSE - mean': 761737.2106352396, 'MSE - std': 81868.25639625506, 'R2 - mean': 0.9990457422493253, 'R2 - std': 0.00012719678385133716}
[0]	eval-rmse:29842.42188
[100]	eval-rmse:768.14453
[140]	eval-rmse:762.89648
{'MSE - mean': 725791.9666940941, 'MSE - std': 102616.62327441978, 'R2 - mean': 0.999099957840247, 'R2 - std': 0.0001571640501312834}
Trial 72 finished with value: 725791.9666940941 and parameters: {'max_depth': 4, 'alpha': 0.05011382634144367, 'lambda': 0.1299919599851998, 'eta': 0.09898731504950568}. Best is trial 67 with value: 705242.7778670788.
[0]	eval-rmse:27263.28906
[44]	eval-rmse:993.09430
{'MSE - mean': 989203.6365160786, 'MSE - std': 0.0, 'R2 - mean': 0.9989052140660791, 'R2 - std': 0.0}
[0]	eval-rmse:24102.85352
[51]	eval-rmse:847.26739
{'MSE - mean': 854326.1874536516, 'MSE - std': 134877.44906242698, 'R2 - mean': 0.9989747207399615, 'R2 - std': 6.95066738824468e-05}
[0]	eval-rmse:22524.08594
[88]	eval-rmse:858.54804
{'MSE - mean': 815423.7342860134, 'MSE - std': 123104.64072749508, 'R2 - mean': 0.9989529344037263, 'R2 - std': 6.457611041171731e-05}
[0]	eval-rmse:27010.97070
[49]	eval-rmse:864.84869
{'MSE - mean': 797813.108369374, 'MSE - std': 110889.43530387226, 'R2 - mean': 0.9990062503087498, 'R2 - std': 0.00010795977358423778}
[0]	eval-rmse:26160.15430
[100]	eval-rmse:739.34595
[151]	eval-rmse:735.45746
{'MSE - mean': 746433.6986053847, 'MSE - std': 142816.48532432443, 'R2 - mean': 0.9990780119498677, 'R2 - std': 0.0001729831862164005}
Trial 73 finished with value: 746433.6986053847 and parameters: {'max_depth': 5, 'alpha': 0.009402414369741723, 'lambda': 0.9622778656129551, 'eta': 0.21134129346364436}. Best is trial 67 with value: 705242.7778670788.
[0]	eval-rmse:31869.25391
[100]	eval-rmse:958.76617
{'MSE - mean': 919232.5723723881, 'MSE - std': 0.0, 'R2 - mean': 0.9989826534668033, 'R2 - std': 0.0}
[0]	eval-rmse:28170.55273
[100]	eval-rmse:823.11151
[141]	eval-rmse:816.70789
{'MSE - mean': 793410.485364815, 'MSE - std': 125822.0870075731, 'R2 - mean': 0.999047888128302, 'R2 - std': 6.523466149882529e-05}
[0]	eval-rmse:26321.57031
[100]	eval-rmse:872.73145
[144]	eval-rmse:869.29993
{'MSE - mean': 780057.2480475191, 'MSE - std': 104454.53371203301, 'R2 - mean': 0.9989939589461508, 'R2 - std': 9.302555607062444e-05}
[0]	eval-rmse:31569.13477
[95]	eval-rmse:837.52307
{'MSE - mean': 760678.9329888145, 'MSE - std': 96486.36946891485, 'R2 - mean': 0.9990488929264414, 'R2 - std': 0.0001246737427584198}
[0]	eval-rmse:30577.85156
[100]	eval-rmse:762.90418
[187]	eval-rmse:751.35583
{'MSE - mean': 721450.2760409757, 'MSE - std': 116632.95288364461, 'R2 - mean': 0.9991065809852359, 'R2 - std': 0.00016045710397668642}
Trial 74 finished with value: 721450.2760409757 and parameters: {'max_depth': 4, 'alpha': 0.020568828210295383, 'lambda': 0.4678987210943242, 'eta': 0.07690342762974132}. Best is trial 67 with value: 705242.7778670788.
[0]	eval-rmse:31436.74219
[83]	eval-rmse:974.88715
{'MSE - mean': 942729.3680123052, 'MSE - std': 0.0, 'R2 - mean': 0.9989566487490594, 'R2 - std': 0.0}
[0]	eval-rmse:27788.83398
[100]	eval-rmse:869.81671
[144]	eval-rmse:869.97955
{'MSE - mean': 850715.2143052721, 'MSE - std': 92014.15370703308, 'R2 - mean': 0.9989743651373304, 'R2 - std': 1.7716388271027395e-05}
[0]	eval-rmse:25965.44531
[100]	eval-rmse:856.43683
[119]	eval-rmse:858.66589
{'MSE - mean': 812992.5501175622, 'MSE - std': 92143.37618688862, 'R2 - mean': 0.9989527326274593, 'R2 - std': 3.3840477373801534e-05}
[0]	eval-rmse:31140.74414
[95]	eval-rmse:893.60944
{'MSE - mean': 809701.0429328164, 'MSE - std': 80001.89616490695, 'R2 - mean': 0.998990752914817, 'R2 - std': 7.207988751321727e-05}
[0]	eval-rmse:30162.94336
[100]	eval-rmse:753.39044
[142]	eval-rmse:753.95056
{'MSE - mean': 761449.1167206189, 'MSE - std': 120138.40453715815, 'R2 - mean': 0.9990591520383401, 'R2 - std': 0.00015122886147180887}
Trial 75 finished with value: 761449.1167206189 and parameters: {'max_depth': 5, 'alpha': 0.09139402465176678, 'lambda': 0.0020919816083627475, 'eta': 0.08923230661617783}. Best is trial 67 with value: 705242.7778670788.
[0]	eval-rmse:29797.32031
[68]	eval-rmse:999.76501
{'MSE - mean': 1001697.9302365788, 'MSE - std': 0.0, 'R2 - mean': 0.9988913861983736, 'R2 - std': 0.0}
[0]	eval-rmse:26341.50781
[95]	eval-rmse:863.65106
{'MSE - mean': 873795.5578038911, 'MSE - std': 127902.37243268767, 'R2 - mean': 0.9989502413590305, 'R2 - std': 5.8855160656900996e-05}
[0]	eval-rmse:24614.49023
[62]	eval-rmse:849.11963
{'MSE - mean': 822650.6593254799, 'MSE - std': 127033.9030731847, 'R2 - mean': 0.998945120653958, 'R2 - std': 4.8597632296703666e-05}
[0]	eval-rmse:29518.85742
[76]	eval-rmse:852.50793
{'MSE - mean': 798680.4435918434, 'MSE - std': 117587.93783571802, 'R2 - mean': 0.9990054856717322, 'R2 - std': 0.00011270804545930993}
[0]	eval-rmse:28590.56641
[100]	eval-rmse:751.82776
[157]	eval-rmse:749.42310
{'MSE - mean': 751271.3605869926, 'MSE - std': 141605.166237001, 'R2 - mean': 0.9990725361461903, 'R2 - std': 0.00016776634736817653}
Trial 76 finished with value: 751271.3605869926 and parameters: {'max_depth': 6, 'alpha': 0.004079998862330594, 'lambda': 0.27780779141044615, 'eta': 0.13694245825468634}. Best is trial 67 with value: 705242.7778670788.
[0]	eval-rmse:33674.12500
[100]	eval-rmse:2994.57471
[200]	eval-rmse:974.98956
[284]	eval-rmse:951.22705
{'MSE - mean': 904832.8983892981, 'MSE - std': 0.0, 'R2 - mean': 0.9989985900848541, 'R2 - std': 0.0}
[0]	eval-rmse:29763.55273
[100]	eval-rmse:2659.69678
[200]	eval-rmse:875.80127
[300]	eval-rmse:833.76569
[378]	eval-rmse:823.17767
{'MSE - mean': 791227.182090097, 'MSE - std': 113605.71629920113, 'R2 - mean': 0.9990491920773138, 'R2 - std': 5.0601992459653466e-05}
[0]	eval-rmse:27808.58398
[100]	eval-rmse:2534.48999
[200]	eval-rmse:927.27185
[300]	eval-rmse:887.88434
[326]	eval-rmse:887.26917
{'MSE - mean': 789900.3310516868, 'MSE - std': 92777.65670996785, 'R2 - mean': 0.9989781221836677, 'R2 - std': 0.00010866876579625494}
[0]	eval-rmse:33354.97656
[100]	eval-rmse:2948.25073
[200]	eval-rmse:889.50092
[293]	eval-rmse:861.78192
{'MSE - mean': 778092.2787964242, 'MSE - std': 82909.95406242558, 'R2 - mean': 0.999025788366224, 'R2 - std': 0.00012519133505665804}
[0]	eval-rmse:32308.44531
[100]	eval-rmse:2845.84253
[200]	eval-rmse:828.99872
[300]	eval-rmse:775.04431
[400]	eval-rmse:761.30481
[500]	eval-rmse:757.00800
[542]	eval-rmse:757.17102
{'MSE - mean': 737143.7891472697, 'MSE - std': 110482.41309952663, 'R2 - mean': 0.9990860280732987, 'R2 - std': 0.00016447974201201293}
Trial 77 finished with value: 737143.7891472697 and parameters: {'max_depth': 4, 'alpha': 0.0016151869455477367, 'lambda': 8.409634829984319e-05, 'eta': 0.024414818198312104}. Best is trial 67 with value: 705242.7778670788.
[0]	eval-rmse:30488.80078
[69]	eval-rmse:966.70068
{'MSE - mean': 937160.0775388862, 'MSE - std': 0.0, 'R2 - mean': 0.9989628124757656, 'R2 - std': 0.0}
[0]	eval-rmse:26950.93945
[100]	eval-rmse:805.97656
[145]	eval-rmse:807.56372
{'MSE - mean': 794659.5786399557, 'MSE - std': 142500.49889893056, 'R2 - mean': 0.9990482163961555, 'R2 - std': 8.540392038991484e-05}
[0]	eval-rmse:25182.77539
[100]	eval-rmse:879.49139
[200]	eval-rmse:853.84552
[259]	eval-rmse:851.91162
{'MSE - mean': 771690.8759919414, 'MSE - std': 120800.32033744174, 'R2 - mean': 0.9990077795204986, 'R2 - std': 9.018223164479721e-05}
[0]	eval-rmse:30202.77734
[80]	eval-rmse:831.53375
{'MSE - mean': 751723.5897430986, 'MSE - std': 110184.46172510477, 'R2 - mean': 0.9990622585129629, 'R2 - std': 0.00012248880780751483}
[0]	eval-rmse:29253.58398
[100]	eval-rmse:752.01849
[125]	eval-rmse:755.57153
{'MSE - mean': 715556.5564602717, 'MSE - std': 122248.55692581943, 'R2 - mean': 0.9991157820435859, 'R2 - std': 0.00015317271216478618}
