Trial 38 finished with value: 3.728889614610039 and parameters: {'max_depth': 11, 'alpha': 6.614789826610439e-08, 'lambda': 1.0368827666332271e-05, 'eta': 0.05928907046794744}. Best is trial 21 with value: 3.711147831178033.
[0]	eval-rmse:3.33926
[100]	eval-rmse:2.18575
[200]	eval-rmse:2.03131
[300]	eval-rmse:2.00229
[400]	eval-rmse:1.98883
[500]	eval-rmse:1.98434
[600]	eval-rmse:1.98122
[700]	eval-rmse:1.97796
[780]	eval-rmse:1.97640
{'MSE - mean': 3.9060870105869125, 'MSE - std': 0.0, 'R2 - mean': 0.49714452265528986, 'R2 - std': 0.0}
[0]	eval-rmse:3.28742
[100]	eval-rmse:2.14396
[200]	eval-rmse:1.99550
[300]	eval-rmse:1.97646
[355]	eval-rmse:1.97446
{'MSE - mean': 3.902286801027185, 'MSE - std': 0.0038002095597271524, 'R2 - mean': 0.48675171781133436, 'R2 - std': 0.010392804843955494}
[0]	eval-rmse:3.24042
[100]	eval-rmse:2.08496
[200]	eval-rmse:1.94139
[300]	eval-rmse:1.92272
[345]	eval-rmse:1.92279
{'MSE - mean': 3.833898837174527, 'MSE - std': 0.09676494679526337, 'R2 - mean': 0.48683098405132447, 'R2 - std': 0.008486430028186224}
[0]	eval-rmse:3.18761
[100]	eval-rmse:2.06604
[200]	eval-rmse:1.94992
[262]	eval-rmse:1.94531
{'MSE - mean': 3.8214809274935595, 'MSE - std': 0.08651707715099732, 'R2 - mean': 0.47630398325293555, 'R2 - std': 0.01965878578130702}
[0]	eval-rmse:3.30639
[100]	eval-rmse:2.14266
[200]	eval-rmse:1.99146
[300]	eval-rmse:1.96701
[400]	eval-rmse:1.95884
[500]	eval-rmse:1.94981
[600]	eval-rmse:1.94396
[700]	eval-rmse:1.93923
[800]	eval-rmse:1.93616
[900]	eval-rmse:1.93272
[999]	eval-rmse:1.92954
{'MSE - mean': 3.801806749272452, 'MSE - std': 0.0868127690245215, 'R2 - mean': 0.48288907717384416, 'R2 - std': 0.021968799113856973}
Trial 39 finished with value: 3.801806749272452 and parameters: {'max_depth': 6, 'alpha': 0.0006401615601244393, 'lambda': 0.0003411295608521936, 'eta': 0.012188758804794317}. Best is trial 21 with value: 3.711147831178033.
[0]	eval-rmse:3.18318
[100]	eval-rmse:1.97126
[136]	eval-rmse:1.96996
{'MSE - mean': 3.8807636785853967, 'MSE - std': 0.0, 'R2 - mean': 0.5004045565887549, 'R2 - std': 0.0}
[0]	eval-rmse:3.13257
[100]	eval-rmse:1.95609
[156]	eval-rmse:1.95474
{'MSE - mean': 3.85093986397944, 'MSE - std': 0.029823814605956844, 'R2 - mean': 0.4935779043448759, 'R2 - std': 0.006826652243879017}
[0]	eval-rmse:3.08327
[70]	eval-rmse:1.90839
{'MSE - mean': 3.781280372619635, 'MSE - std': 0.10147838563678034, 'R2 - mean': 0.49393316782925917, 'R2 - std': 0.005596535671816201}
[0]	eval-rmse:3.02769
[52]	eval-rmse:1.92430
{'MSE - mean': 3.762890862636421, 'MSE - std': 0.09347683828549977, 'R2 - mean': 0.484437098577262, 'R2 - std': 0.01714692107524291}
[0]	eval-rmse:3.14359
[100]	eval-rmse:1.89921
[152]	eval-rmse:1.89994
{'MSE - mean': 3.732270155489579, 'MSE - std': 0.10363805411803802, 'R2 - mean': 0.49238314957971313, 'R2 - std': 0.022085570584042112}
Trial 40 finished with value: 3.732270155489579 and parameters: {'max_depth': 7, 'alpha': 3.4143998257826336e-07, 'lambda': 1.5082478140413183e-06, 'eta': 0.08762443269281905}. Best is trial 21 with value: 3.711147831178033.
[0]	eval-rmse:3.20799
[65]	eval-rmse:1.99637
{'MSE - mean': 3.9855068310921697, 'MSE - std': 0.0, 'R2 - mean': 0.48692030295855515, 'R2 - std': 0.0}
[0]	eval-rmse:3.15675
[100]	eval-rmse:1.94233
[195]	eval-rmse:1.94023
{'MSE - mean': 3.87499439717638, 'MSE - std': 0.11051243391579013, 'R2 - mean': 0.4906392963722112, 'R2 - std': 0.0037189934136560576}
[0]	eval-rmse:3.10804
[66]	eval-rmse:1.93183
{'MSE - mean': 3.827297596663747, 'MSE - std': 0.11265863596847961, 'R2 - mean': 0.4878139691053125, 'R2 - std': 0.005018521329771763}
[0]	eval-rmse:3.05328
[75]	eval-rmse:1.90007
{'MSE - mean': 3.772662466280061, 'MSE - std': 0.13591897810767936, 'R2 - mean': 0.48347810610964087, 'R2 - std': 0.008676882562575924}
[0]	eval-rmse:3.17604
[100]	eval-rmse:1.91777
[134]	eval-rmse:1.91802
{'MSE - mean': 3.7538886634263493, 'MSE - std': 0.12723599169350167, 'R2 - mean': 0.48979671451711343, 'R2 - std': 0.014830033096110052}
Trial 41 finished with value: 3.7538886634263493 and parameters: {'max_depth': 9, 'alpha': 7.75471147446496e-07, 'lambda': 0.000700412655385827, 'eta': 0.0745652466399193}. Best is trial 21 with value: 3.711147831178033.
[0]	eval-rmse:3.15866
[88]	eval-rmse:1.97689
{'MSE - mean': 3.9080907176748383, 'MSE - std': 0.0, 'R2 - mean': 0.49688657267070757, 'R2 - std': 0.0}
[0]	eval-rmse:3.10749
[100]	eval-rmse:1.93939
[132]	eval-rmse:1.93877
{'MSE - mean': 3.8334600486051515, 'MSE - std': 0.07463066906968696, 'R2 - mean': 0.4960020561182185, 'R2 - std': 0.0008845165524890564}
[0]	eval-rmse:3.05732
[100]	eval-rmse:1.91656
[103]	eval-rmse:1.91673
{'MSE - mean': 3.780719867982007, 'MSE - std': 0.0963130891840938, 'R2 - mean': 0.494010052055957, 'R2 - std': 0.0029082193961054714}
[0]	eval-rmse:3.00219
[90]	eval-rmse:1.89629
{'MSE - mean': 3.7345225350744142, 'MSE - std': 0.11558433745305756, 'R2 - mean': 0.4885956925436016, 'R2 - std': 0.009710261161730589}
[0]	eval-rmse:3.12615
[100]	eval-rmse:1.92186
[200]	eval-rmse:1.91588
[217]	eval-rmse:1.91744
{'MSE - mean': 3.722934488699027, 'MSE - std': 0.10594773488264066, 'R2 - mean': 0.4939490772254535, 'R2 - std': 0.013786451598245158}
Trial 42 finished with value: 3.722934488699027 and parameters: {'max_depth': 8, 'alpha': 1.0906960183396956e-07, 'lambda': 0.001271725303148448, 'eta': 0.09919335129182386}. Best is trial 21 with value: 3.711147831178033.
[0]	eval-rmse:3.15086
[100]	eval-rmse:1.97001
[111]	eval-rmse:1.97058
{'MSE - mean': 3.8831818042134314, 'MSE - std': 0.0, 'R2 - mean': 0.500093255864099, 'R2 - std': 0.0}
[0]	eval-rmse:3.09973
[100]	eval-rmse:1.95600
[193]	eval-rmse:1.95295
{'MSE - mean': 3.848604347359686, 'MSE - std': 0.03457745685374558, 'R2 - mean': 0.49389835858986814, 'R2 - std': 0.006194897274230893}
[0]	eval-rmse:3.04944
[61]	eval-rmse:1.91514
{'MSE - mean': 3.78831770623013, 'MSE - std': 0.08981105284066859, 'R2 - mean': 0.4929542580500678, 'R2 - std': 0.005231362456443331}
[0]	eval-rmse:2.99421
[43]	eval-rmse:1.93105
{'MSE - mean': 3.7734790451420257, 'MSE - std': 0.08191505660087713, 'R2 - mean': 0.482923728830814, 'R2 - std': 0.017954384258947072}
[0]	eval-rmse:3.11836
[100]	eval-rmse:1.89849
[200]	eval-rmse:1.88897
[206]	eval-rmse:1.88932
{'MSE - mean': 3.732788189369579, 'MSE - std': 0.10950362629756215, 'R2 - mean': 0.492220732960002, 'R2 - std': 0.024568782517798832}
Trial 43 finished with value: 3.732788189369579 and parameters: {'max_depth': 8, 'alpha': 9.965611822565718e-08, 'lambda': 0.003171530071602684, 'eta': 0.10303163194328359}. Best is trial 21 with value: 3.711147831178033.
[0]	eval-rmse:3.07177
[42]	eval-rmse:1.97347
{'MSE - mean': 3.895959339563073, 'MSE - std': 0.0, 'R2 - mean': 0.498448322297561, 'R2 - std': 0.0}
[0]	eval-rmse:3.02210
[63]	eval-rmse:1.95519
{'MSE - mean': 3.8604538259985457, 'MSE - std': 0.03550551356452769, 'R2 - mean': 0.4923424141972523, 'R2 - std': 0.006105908100308699}
[0]	eval-rmse:2.97198
[55]	eval-rmse:1.89346
{'MSE - mean': 3.7687001015245998, 'MSE - std': 0.13295833773029095, 'R2 - mean': 0.49573523933289104, 'R2 - std': 0.006919340090523163}
[0]	eval-rmse:2.91322
[39]	eval-rmse:1.92566
{'MSE - mean': 3.7535627587534637, 'MSE - std': 0.11809257858779357, 'R2 - mean': 0.4857729370130213, 'R2 - std': 0.01826609846145817}
[0]	eval-rmse:3.03986
[96]	eval-rmse:1.94348
{'MSE - mean': 3.758274148778887, 'MSE - std': 0.10604468151632129, 'R2 - mean': 0.4890403576610577, 'R2 - std': 0.017596148248062896}
Trial 44 finished with value: 3.758274148778887 and parameters: {'max_depth': 11, 'alpha': 1.3498212618821057e-06, 'lambda': 0.02639713290797049, 'eta': 0.1398487523637107}. Best is trial 21 with value: 3.711147831178033.
[0]	eval-rmse:3.10319
[78]	eval-rmse:1.98046
{'MSE - mean': 3.9201959642171214, 'MSE - std': 0.0, 'R2 - mean': 0.49532818712735005, 'R2 - std': 0.0}
[0]	eval-rmse:3.05254
[86]	eval-rmse:1.93810
{'MSE - mean': 3.837819077050414, 'MSE - std': 0.08237688716670721, 'R2 - mean': 0.495450345425754, 'R2 - std': 0.00012215829840395154}
[0]	eval-rmse:3.00320
[77]	eval-rmse:1.91121
{'MSE - mean': 3.776114298996704, 'MSE - std': 0.11017679865636987, 'R2 - mean': 0.49468454821579816, 'R2 - std': 0.0010875840964257504}
[0]	eval-rmse:2.94527
[39]	eval-rmse:1.92524
{'MSE - mean': 3.7587232975556715, 'MSE - std': 0.10005766344958636, 'R2 - mean': 0.48504362854879607, 'R2 - std': 0.016725104646962936}
[0]	eval-rmse:3.07163
[100]	eval-rmse:1.93414
[107]	eval-rmse:1.93574
{'MSE - mean': 3.756346896941705, 'MSE - std': 0.08962041023954746, 'R2 - mean': 0.48925515503792366, 'R2 - std': 0.017167734906969587}
Trial 45 finished with value: 3.756346896941705 and parameters: {'max_depth': 10, 'alpha': 1.9806721107380968e-08, 'lambda': 4.753045045096052e-05, 'eta': 0.12519505935135317}. Best is trial 21 with value: 3.711147831178033.
[0]	eval-rmse:3.20096
[100]	eval-rmse:2.01108
[200]	eval-rmse:1.99928
[236]	eval-rmse:1.99706
{'MSE - mean': 3.987702271214816, 'MSE - std': 0.0, 'R2 - mean': 0.48663766995835245, 'R2 - std': 0.0}
[0]	eval-rmse:3.15027
[100]	eval-rmse:1.97746
[200]	eval-rmse:1.96924
[217]	eval-rmse:1.96937
{'MSE - mean': 3.9329945333439067, 'MSE - std': 0.0547077378709091, 'R2 - mean': 0.4828549003525214, 'R2 - std': 0.003782769605831071}
[0]	eval-rmse:3.09994
[85]	eval-rmse:1.93664
{'MSE - mean': 3.871851235192651, 'MSE - std': 0.09732572564809383, 'R2 - mean': 0.48180751178829756, 'R2 - std': 0.0034254356709962175}
[0]	eval-rmse:3.04646
[71]	eval-rmse:1.94962
{'MSE - mean': 3.8538335562038775, 'MSE - std': 0.08987843413813759, 'R2 - mean': 0.4719658265259541, 'R2 - std': 0.01730250021127534}
[0]	eval-rmse:3.16587
[100]	eval-rmse:1.95590
[200]	eval-rmse:1.93411
[300]	eval-rmse:1.92383
[305]	eval-rmse:1.92365
{'MSE - mean': 3.8231525429937365, 'MSE - std': 0.10113260910755874, 'R2 - mean': 0.48001651611493124, 'R2 - std': 0.022332837309245013}
Trial 46 finished with value: 3.8231525429937365 and parameters: {'max_depth': 5, 'alpha': 0.8076537032309569, 'lambda': 0.006927363320967466, 'eta': 0.08050719365553691}. Best is trial 21 with value: 3.711147831178033.
[0]	eval-rmse:3.31740
[100]	eval-rmse:2.03870
[200]	eval-rmse:1.99158
[300]	eval-rmse:1.98012
[400]	eval-rmse:1.97284
[500]	eval-rmse:1.96804
[600]	eval-rmse:1.96521
[700]	eval-rmse:1.96254
[754]	eval-rmse:1.96263
{'MSE - mean': 3.851929925941389, 'MSE - std': 0.0, 'R2 - mean': 0.5041165093461164, 'R2 - std': 0.0}
[0]	eval-rmse:3.26575
[100]	eval-rmse:2.00094
[200]	eval-rmse:1.97081
[300]	eval-rmse:1.96688
[400]	eval-rmse:1.96500
[500]	eval-rmse:1.96243
[600]	eval-rmse:1.96056
[700]	eval-rmse:1.95932
[800]	eval-rmse:1.95818
[851]	eval-rmse:1.95749
{'MSE - mean': 3.8418392145969995, 'MSE - std': 0.010090711344389547, 'R2 - mean': 0.49471981007377225, 'R2 - std': 0.009396699272344156}
[0]	eval-rmse:3.21848
[100]	eval-rmse:1.94656
[197]	eval-rmse:1.92254
{'MSE - mean': 3.793277154942244, 'MSE - std': 0.06916956637699292, 'R2 - mean': 0.4921879052570927, 'R2 - std': 0.008466781490706234}
[0]	eval-rmse:3.16526
[100]	eval-rmse:1.94696
[144]	eval-rmse:1.94095
{'MSE - mean': 3.7867782109090555, 'MSE - std': 0.06095105007483852, 'R2 - mean': 0.4809433086234165, 'R2 - std': 0.020810758082558466}
[0]	eval-rmse:3.28439
[100]	eval-rmse:2.00194
[200]	eval-rmse:1.96552
[300]	eval-rmse:1.94754
[400]	eval-rmse:1.94125
[500]	eval-rmse:1.93564
[600]	eval-rmse:1.92965
[700]	eval-rmse:1.92526
[797]	eval-rmse:1.92288
{'MSE - mean': 3.76892246189884, 'MSE - std': 0.06517158502786051, 'R2 - mean': 0.4872757210446502, 'R2 - std': 0.02251372714294543}
Trial 47 finished with value: 3.76892246189884 and parameters: {'max_depth': 6, 'alpha': 2.1205992195063827e-07, 'lambda': 2.5174466610754e-08, 'eta': 0.022662945816538466}. Best is trial 21 with value: 3.711147831178033.
[0]	eval-rmse:3.26255
[100]	eval-rmse:2.05165
[200]	eval-rmse:2.03890
[300]	eval-rmse:2.02335
[400]	eval-rmse:2.01516
[500]	eval-rmse:2.01168
[600]	eval-rmse:2.00897
[700]	eval-rmse:2.00699
[800]	eval-rmse:2.00607
[900]	eval-rmse:2.00400
[999]	eval-rmse:1.99945
{'MSE - mean': 3.9978202169829875, 'MSE - std': 0.0, 'R2 - mean': 0.4853351223102299, 'R2 - std': 0.0}
[0]	eval-rmse:3.21074
[100]	eval-rmse:2.01935
[200]	eval-rmse:2.01024
[300]	eval-rmse:2.00607
[400]	eval-rmse:2.00361
[500]	eval-rmse:2.00178
[600]	eval-rmse:1.99986
[662]	eval-rmse:1.99959
{'MSE - mean': 3.9980468361722243, 'MSE - std': 0.00022661918923660984, 'R2 - mean': 0.4741453783417249, 'R2 - std': 0.011189743968505028}
[0]	eval-rmse:3.16333
[100]	eval-rmse:1.96468
[200]	eval-rmse:1.95895
[202]	eval-rmse:1.95882
{'MSE - mean': 3.944351419619345, 'MSE - std': 0.07593701176026758, 'R2 - mean': 0.47195882793947597, 'R2 - std': 0.009645495600379823}
[0]	eval-rmse:3.10838
[100]	eval-rmse:1.90742
[103]	eval-rmse:1.91088
{'MSE - mean': 3.871127781776993, 'MSE - std': 0.14286331136059127, 'R2 - mean': 0.47002036609665465, 'R2 - std': 0.0090027546884791}
[0]	eval-rmse:3.22945
[100]	eval-rmse:2.01189
[200]	eval-rmse:1.99795
[300]	eval-rmse:1.99167
[400]	eval-rmse:1.98766
[500]	eval-rmse:1.98477
[600]	eval-rmse:1.98206
[700]	eval-rmse:1.98021
[800]	eval-rmse:1.97865
[900]	eval-rmse:1.97706
[969]	eval-rmse:1.97606
{'MSE - mean': 3.8779212023617893, 'MSE - std': 0.12850113944747082, 'R2 - mean': 0.47306443088683264, 'R2 - std': 0.010094800412685246}
Trial 48 finished with value: 3.8779212023617893 and parameters: {'max_depth': 2, 'alpha': 3.9360074819564556e-08, 'lambda': 6.480393080289314e-06, 'eta': 0.05378217828622317}. Best is trial 21 with value: 3.711147831178033.
[0]	eval-rmse:3.28171
[100]	eval-rmse:1.98131
[200]	eval-rmse:1.96939
[212]	eval-rmse:1.96950
{'MSE - mean': 3.878891886455018, 'MSE - std': 0.0, 'R2 - mean': 0.5006455243200576, 'R2 - std': 0.0}
[0]	eval-rmse:3.23000
[100]	eval-rmse:1.95460
[200]	eval-rmse:1.94923
[300]	eval-rmse:1.94579
[307]	eval-rmse:1.94555
{'MSE - mean': 3.832023492960545, 'MSE - std': 0.04686839349447336, 'R2 - mean': 0.49611350885522265, 'R2 - std': 0.004532015464834949}
[0]	eval-rmse:3.18183
[100]	eval-rmse:1.92141
[139]	eval-rmse:1.92082
{'MSE - mean': 3.7845353594704254, 'MSE - std': 0.07729603170443228, 'R2 - mean': 0.4934220282659206, 'R2 - std': 0.005308569641706535}
[0]	eval-rmse:3.12834
[100]	eval-rmse:1.90267
[124]	eval-rmse:1.90249
{'MSE - mean': 3.7432682848296914, 'MSE - std': 0.09792814578123724, 'R2 - mean': 0.4872912691422264, 'R2 - std': 0.011571270717985692}
[0]	eval-rmse:3.24908
[100]	eval-rmse:1.94819
[200]	eval-rmse:1.93243
[203]	eval-rmse:1.93260
{'MSE - mean': 3.7415844210834117, 'MSE - std': 0.08765431522398165, 'R2 - mean': 0.49136942693351493, 'R2 - std': 0.013177288366948571}
Trial 49 finished with value: 3.7415844210834117 and parameters: {'max_depth': 8, 'alpha': 7.365905013674737e-06, 'lambda': 8.258646600219218e-08, 'eta': 0.03948737969246772}. Best is trial 21 with value: 3.711147831178033.
[0]	eval-rmse:3.16398
[100]	eval-rmse:1.96727
[200]	eval-rmse:1.96277
[254]	eval-rmse:1.96280
{'MSE - mean': 3.8525068217366254, 'MSE - std': 0.0, 'R2 - mean': 0.5040422418733987, 'R2 - std': 0.0}
[0]	eval-rmse:3.11316
[100]	eval-rmse:1.94540
[200]	eval-rmse:1.94105
[215]	eval-rmse:1.94096
{'MSE - mean': 3.80991283276599, 'MSE - std': 0.04259398897063549, 'R2 - mean': 0.49900974225437467, 'R2 - std': 0.005032499619024078}
[0]	eval-rmse:3.06407
[80]	eval-rmse:1.88860
{'MSE - mean': 3.7286063359968256, 'MSE - std': 0.12012906156034359, 'R2 - mean': 0.5010681528284439, 'R2 - std': 0.005035686956764825}
[0]	eval-rmse:3.00804
[47]	eval-rmse:1.92342
{'MSE - mean': 3.7213441815852226, 'MSE - std': 0.10479246267561662, 'R2 - mean': 0.49008784515700754, 'R2 - std': 0.019512049534149617}
[0]	eval-rmse:3.13242
[100]	eval-rmse:1.92083
[163]	eval-rmse:1.91321
{'MSE - mean': 3.709136022132756, 'MSE - std': 0.09685723935650763, 'R2 - mean': 0.49557196814787474, 'R2 - std': 0.02061258066168136}
Trial 50 finished with value: 3.709136022132756 and parameters: {'max_depth': 7, 'alpha': 7.943221794771283e-07, 'lambda': 0.7877273317387914, 'eta': 0.0966374680400894}. Best is trial 50 with value: 3.709136022132756.
[0]	eval-rmse:3.15508
[100]	eval-rmse:1.96795
[200]	eval-rmse:1.95917
[204]	eval-rmse:1.95908
{'MSE - mean': 3.8379861368236377, 'MSE - std': 0.0, 'R2 - mean': 0.5059115821936482, 'R2 - std': 0.0}
[0]	eval-rmse:3.10385
[83]	eval-rmse:1.95145
{'MSE - mean': 3.8230709756601273, 'MSE - std': 0.014915161163510327, 'R2 - mean': 0.49720182048460393, 'R2 - std': 0.00870976170904425}
[0]	eval-rmse:3.05543
[65]	eval-rmse:1.90884
{'MSE - mean': 3.762954083820688, 'MSE - std': 0.08588590915021303, 'R2 - mean': 0.4963140099508168, 'R2 - std': 0.007221475918399848}
[0]	eval-rmse:2.99856
[58]	eval-rmse:1.92035
{'MSE - mean': 3.744149258352856, 'MSE - std': 0.08119825383310794, 'R2 - mean': 0.486955946424445, 'R2 - std': 0.017373322788714132}
[0]	eval-rmse:3.11563
[100]	eval-rmse:1.92460
[126]	eval-rmse:1.92135
{'MSE - mean': 3.733437155711209, 'MSE - std': 0.07572002187306455, 'R2 - mean': 0.492268021881641, 'R2 - std': 0.018823880004623313}
Trial 51 finished with value: 3.733437155711209 and parameters: {'max_depth': 7, 'alpha': 6.847372003450423e-07, 'lambda': 0.3523248906968939, 'eta': 0.10128201030604991}. Best is trial 50 with value: 3.709136022132756.
[0]	eval-rmse:3.02536
[35]	eval-rmse:1.99973
{'MSE - mean': 3.998104763121577, 'MSE - std': 0.0, 'R2 - mean': 0.4852984908721797, 'R2 - std': 0.0}
[0]	eval-rmse:2.97527
[72]	eval-rmse:1.94645
{'MSE - mean': 3.892568549684402, 'MSE - std': 0.10553621343717556, 'R2 - mean': 0.48831391778350314, 'R2 - std': 0.003015426911323449}
[0]	eval-rmse:2.92553
[44]	eval-rmse:1.90776
{'MSE - mean': 3.808231364305413, 'MSE - std': 0.14714205122852486, 'R2 - mean': 0.4905350543042301, 'R2 - std': 0.003991085214880392}
[0]	eval-rmse:2.86587
[72]	eval-rmse:1.91287
{'MSE - mean': 3.7709435783309355, 'MSE - std': 0.1428608567048324, 'R2 - mean': 0.4836728835105747, 'R2 - std': 0.012377993977144217}
[0]	eval-rmse:2.99417
[78]	eval-rmse:1.94625
{'MSE - mean': 3.774332245196443, 'MSE - std': 0.1279582422325834, 'R2 - mean': 0.4870764539773309, 'R2 - std': 0.012996497820846772}
Trial 52 finished with value: 3.774332245196443 and parameters: {'max_depth': 10, 'alpha': 3.877473592123209e-07, 'lambda': 2.0376081221924307e-07, 'eta': 0.16386364350639926}. Best is trial 50 with value: 3.709136022132756.
[0]	eval-rmse:2.94719
[42]	eval-rmse:2.00045
{'MSE - mean': 4.000155103513588, 'MSE - std': 0.0, 'R2 - mean': 0.4850345374851329, 'R2 - std': 0.0}
[0]	eval-rmse:2.89766
[100]	eval-rmse:1.93911
{'MSE - mean': 3.880148590167643, 'MSE - std': 0.12000651334594514, 'R2 - mean': 0.4899878783871595, 'R2 - std': 0.004953340902026593}
[0]	eval-rmse:2.84715
[50]	eval-rmse:1.93726
{'MSE - mean': 3.8377548041776026, 'MSE - std': 0.11487170384725913, 'R2 - mean': 0.48640544989857953, 'R2 - std': 0.0064826418338543}
[0]	eval-rmse:2.78878
[100]	eval-rmse:1.90528
[101]	eval-rmse:1.90522
{'MSE - mean': 3.7858120097309333, 'MSE - std': 0.13412976158692783, 'R2 - mean': 0.4816430493906799, 'R2 - std': 0.009977968713744165}
[0]	eval-rmse:2.91678
[49]	eval-rmse:1.91530
{'MSE - mean': 3.762322366928198, 'MSE - std': 0.12883977503353986, 'R2 - mean': 0.48860363109987814, 'R2 - std': 0.01653622322792183}
Trial 53 finished with value: 3.762322366928198 and parameters: {'max_depth': 9, 'alpha': 0.028838617741954783, 'lambda': 0.08113200718856312, 'eta': 0.2043189521334048}. Best is trial 50 with value: 3.709136022132756.
[0]	eval-rmse:3.18541
[100]	eval-rmse:1.96694
[108]	eval-rmse:1.96729
{'MSE - mean': 3.8699577080750984, 'MSE - std': 0.0, 'R2 - mean': 0.5017956780472379, 'R2 - std': 0.0}
[0]	eval-rmse:3.13482
[100]	eval-rmse:1.94257
[136]	eval-rmse:1.94115
{'MSE - mean': 3.819004408052984, 'MSE - std': 0.05095330002211451, 'R2 - mean': 0.49783728181633546, 'R2 - std': 0.003958396230902439}
[0]	eval-rmse:3.08554
[100]	eval-rmse:1.90871
[105]	eval-rmse:1.90872
{'MSE - mean': 3.760388288226602, 'MSE - std': 0.09274979710182966, 'R2 - mean': 0.49671749611118626, 'R2 - std': 0.0035991351551163875}
[0]	eval-rmse:3.02982
[57]	eval-rmse:1.92667
{'MSE - mean': 3.7481643334181793, 'MSE - std': 0.0830672550425135, 'R2 - mean': 0.4863870424392418, 'R2 - std': 0.018162327758389652}
[0]	eval-rmse:3.14610
[100]	eval-rmse:1.90670
[184]	eval-rmse:1.90184
{'MSE - mean': 3.721695718683475, 'MSE - std': 0.09122765672829272, 'R2 - mean': 0.4937840292461392, 'R2 - std': 0.021971749474454436}
Trial 54 finished with value: 3.721695718683475 and parameters: {'max_depth': 7, 'alpha': 1.6165886342061409e-06, 'lambda': 0.08674015534020901, 'eta': 0.08653366438914618}. Best is trial 50 with value: 3.709136022132756.
[0]	eval-rmse:3.23282
[100]	eval-rmse:1.96950
[147]	eval-rmse:1.96422
{'MSE - mean': 3.857952518526347, 'MSE - std': 0.0, 'R2 - mean': 0.5033411826160786, 'R2 - std': 0.0}
[0]	eval-rmse:3.18122
[100]	eval-rmse:1.94738
[200]	eval-rmse:1.94335
[259]	eval-rmse:1.94223
{'MSE - mean': 3.815205092971121, 'MSE - std': 0.04274742555522537, 'R2 - mean': 0.4983140916250911, 'R2 - std': 0.005027090990987526}
[0]	eval-rmse:3.13340
[86]	eval-rmse:1.90233
{'MSE - mean': 3.7497617542109123, 'MSE - std': 0.09891354526672907, 'R2 - mean': 0.49815844018681243, 'R2 - std': 0.0041105008569421}
[0]	eval-rmse:3.07820
[75]	eval-rmse:1.91883
{'MSE - mean': 3.7327986395170547, 'MSE - std': 0.09056024987971188, 'R2 - mean': 0.4885529691924275, 'R2 - std': 0.017013740977312994}
[0]	eval-rmse:3.19621
[100]	eval-rmse:1.92340
[200]	eval-rmse:1.90750
[300]	eval-rmse:1.90406
[318]	eval-rmse:1.90427
{'MSE - mean': 3.7114856989339926, 'MSE - std': 0.09153082995258577, 'R2 - mean': 0.4952422563276805, 'R2 - std': 0.020262284055503742}
