Trial 78 finished with value: 715556.5564602717 and parameters: {'max_depth': 4, 'alpha': 0.15753631457067066, 'lambda': 0.9839555369564853, 'eta': 0.11737320195856524}. Best is trial 67 with value: 705242.7778670788.
[0]	eval-rmse:30506.95117
[72]	eval-rmse:999.04364
{'MSE - mean': 998088.2255394073, 'MSE - std': 0.0, 'R2 - mean': 0.9988953811836145, 'R2 - std': 0.0}
[0]	eval-rmse:26963.29688
[91]	eval-rmse:910.69843
{'MSE - mean': 913703.0441772294, 'MSE - std': 84385.18136217794, 'R2 - mean': 0.9988968248829726, 'R2 - std': 1.4436993581168345e-06}
[0]	eval-rmse:25194.17969
[95]	eval-rmse:860.29883
{'MSE - mean': 855694.0037666243, 'MSE - std': 107132.33293954826, 'R2 - mean': 0.9988999899634305, 'R2 - std': 4.6287126181966735e-06}
[0]	eval-rmse:30217.08008
[86]	eval-rmse:999.89838
{'MSE - mean': 891719.7061443198, 'MSE - std': 111810.35849250089, 'R2 - mean': 0.9988952429552611, 'R2 - std': 9.147185089446662e-06}
[0]	eval-rmse:29268.90234
[100]	eval-rmse:763.39484
[200]	eval-rmse:761.82642
[278]	eval-rmse:761.78027
{'MSE - mean': 829437.5991579298, 'MSE - std': 159741.94319474715, 'R2 - mean': 0.998979957933137, 'R2 - std': 0.0001696273760397182}
Trial 79 finished with value: 829437.5991579298 and parameters: {'max_depth': 8, 'alpha': 0.41180411331177663, 'lambda': 2.734654724590596e-05, 'eta': 0.11624797209569915}. Best is trial 67 with value: 705242.7778670788.
[0]	eval-rmse:31631.81250
[85]	eval-rmse:973.97461
{'MSE - mean': 954876.3811268287, 'MSE - std': 0.0, 'R2 - mean': 0.9989432052288316, 'R2 - std': 0.0}
[0]	eval-rmse:27961.27930
[100]	eval-rmse:813.70844
[126]	eval-rmse:814.95727
{'MSE - mean': 810462.4154028471, 'MSE - std': 144413.96572398167, 'R2 - mean': 0.9990291869041052, 'R2 - std': 8.598167527362754e-05}
[0]	eval-rmse:26126.36328
[98]	eval-rmse:890.07043
{'MSE - mean': 804383.4183630794, 'MSE - std': 118226.49480596095, 'R2 - mean': 0.9989623315303735, 'R2 - std': 0.00011776182594050746}
[0]	eval-rmse:31334.20508
[100]	eval-rmse:828.20892
[115]	eval-rmse:834.15887
{'MSE - mean': 777242.8396388514, 'MSE - std': 112663.04228111362, 'R2 - mean': 0.999027053470475, 'R2 - std': 0.00015155089682399817}
[0]	eval-rmse:30350.46289
[100]	eval-rmse:774.14343
[134]	eval-rmse:774.26355
{'MSE - mean': 741691.0911246218, 'MSE - std': 123329.13754058641, 'R2 - mean': 0.9990809047389332, 'R2 - std': 0.0001731299394117645}
Trial 80 finished with value: 741691.0911246218 and parameters: {'max_depth': 4, 'alpha': 0.1785804380274915, 'lambda': 0.05421272439642146, 'eta': 0.08359561645334479}. Best is trial 67 with value: 705242.7778670788.
[0]	eval-rmse:31081.31055
[81]	eval-rmse:945.12054
{'MSE - mean': 893252.8665184125, 'MSE - std': 0.0, 'R2 - mean': 0.9990114061072976, 'R2 - std': 0.0}
[0]	eval-rmse:27474.23047
[100]	eval-rmse:812.59644
[117]	eval-rmse:813.01117
{'MSE - mean': 777120.0048221953, 'MSE - std': 116132.86169621727, 'R2 - mean': 0.9990666492632327, 'R2 - std': 5.52431559351918e-05}
[0]	eval-rmse:25671.30859
[100]	eval-rmse:872.96289
[131]	eval-rmse:873.54163
{'MSE - mean': 772438.3580114157, 'MSE - std': 95052.95021315005, 'R2 - mean': 0.9990016736122241, 'R2 - std': 0.00010236311819404474}
[0]	eval-rmse:30789.21875
[80]	eval-rmse:840.86365
{'MSE - mean': 756091.6913245912, 'MSE - std': 87051.3529100961, 'R2 - mean': 0.9990534176418555, 'R2 - std': 0.00012605946922891048}
[0]	eval-rmse:29821.89453
[100]	eval-rmse:757.47052
[171]	eval-rmse:748.55487
{'MSE - mean': 716960.6644165211, 'MSE - std': 110396.10274961196, 'R2 - mean': 0.9991111630818239, 'R2 - std': 0.00016140302095801943}
Trial 81 finished with value: 716960.6644165211 and parameters: {'max_depth': 4, 'alpha': 0.046592836683746974, 'lambda': 0.9801883064274313, 'eta': 0.10010218100588551}. Best is trial 67 with value: 705242.7778670788.
[0]	eval-rmse:29028.71484
[54]	eval-rmse:960.76477
{'MSE - mean': 923068.9158206081, 'MSE - std': 0.0, 'R2 - mean': 0.9989784076526051, 'R2 - std': 0.0}
[0]	eval-rmse:25662.40039
[69]	eval-rmse:799.06201
{'MSE - mean': 780566.8876227983, 'MSE - std': 142502.02819780976, 'R2 - mean': 0.9990653759228778, 'R2 - std': 8.696827027265819e-05}
[0]	eval-rmse:23980.25781
[99]	eval-rmse:859.45276
{'MSE - mean': 766704.0275585629, 'MSE - std': 117992.5554373978, 'R2 - mean': 0.9990127011532467, 'R2 - std': 0.00010291541543513097}
[0]	eval-rmse:28757.74414
[56]	eval-rmse:859.35449
{'MSE - mean': 760362.9571074254, 'MSE - std': 102773.09899669472, 'R2 - mean': 0.9990520942815526, 'R2 - std': 0.0001122459029266709}
[0]	eval-rmse:27853.54883
[100]	eval-rmse:757.29767
[109]	eval-rmse:757.35974
{'MSE - mean': 722821.9340354046, 'MSE - std': 118689.34895382791, 'R2 - mean': 0.99910723526049, 'R2 - std': 0.00014913559069427965}
Trial 82 finished with value: 722821.9340354046 and parameters: {'max_depth': 4, 'alpha': 0.04563537390654782, 'lambda': 0.4294890464257895, 'eta': 0.15940230300609926}. Best is trial 67 with value: 705242.7778670788.
[0]	eval-rmse:31195.89258
[80]	eval-rmse:952.48077
{'MSE - mean': 907219.6428822026, 'MSE - std': 0.0, 'R2 - mean': 0.9989959485920389, 'R2 - std': 0.0}
[0]	eval-rmse:27575.81836
[100]	eval-rmse:814.47266
[134]	eval-rmse:810.64429
{'MSE - mean': 782362.8425385555, 'MSE - std': 124856.80034364713, 'R2 - mean': 0.9990612327904558, 'R2 - std': 6.52841984168373e-05}
[0]	eval-rmse:25766.27734
[100]	eval-rmse:870.57172
[153]	eval-rmse:864.41681
{'MSE - mean': 770647.3488079965, 'MSE - std': 103282.71546941971, 'R2 - mean': 0.999005878821146, 'R2 - std': 9.470731164291461e-05}
[0]	eval-rmse:30902.66992
[100]	eval-rmse:842.24091
[101]	eval-rmse:841.45972
{'MSE - mean': 754999.1298060208, 'MSE - std': 93461.70210227405, 'R2 - mean': 0.9990562909638852, 'R2 - std': 0.00011979673854339722}
[0]	eval-rmse:29931.97266
[100]	eval-rmse:771.44012
[151]	eval-rmse:763.12463
{'MSE - mean': 720471.1427566691, 'MSE - std': 108428.77554691913, 'R2 - mean': 0.9991083150657806, 'R2 - std': 0.00014935540018573397}
Trial 83 finished with value: 720471.1427566691 and parameters: {'max_depth': 4, 'alpha': 0.14563232198136272, 'lambda': 0.6369772948184831, 'eta': 0.09656522417887876}. Best is trial 67 with value: 705242.7778670788.
[0]	eval-rmse:29459.29688
[69]	eval-rmse:962.30298
{'MSE - mean': 927684.2631747057, 'MSE - std': 0.0, 'R2 - mean': 0.9989732996877969, 'R2 - std': 0.0}
[0]	eval-rmse:26042.74219
[100]	eval-rmse:806.21893
[102]	eval-rmse:805.84802
{'MSE - mean': 788537.6729652047, 'MSE - std': 139146.59020950098, 'R2 - mean': 0.9990552986151925, 'R2 - std': 8.199892739557679e-05}
[0]	eval-rmse:24335.35547
[80]	eval-rmse:901.81415
{'MSE - mean': 796781.3866027711, 'MSE - std': 114209.31080125179, 'R2 - mean': 0.9989693677993653, 'R2 - std': 0.00013874710668513744}
[0]	eval-rmse:29183.92383
[61]	eval-rmse:866.91974
{'MSE - mean': 784949.1189742824, 'MSE - std': 101009.07225080945, 'R2 - mean': 0.9990173243172827, 'R2 - std': 0.00014607379142900063}
[0]	eval-rmse:28266.56836
[100]	eval-rmse:771.06958
[200]	eval-rmse:746.59882
[221]	eval-rmse:746.67450
{'MSE - mean': 739556.2550067606, 'MSE - std': 128079.32908268672, 'R2 - mean': 0.9990828640096773, 'R2 - std': 0.00018507254564245032}
Trial 84 finished with value: 739556.2550067606 and parameters: {'max_depth': 4, 'alpha': 0.24437534020770302, 'lambda': 0.34103794598773485, 'eta': 0.14681608614461475}. Best is trial 67 with value: 705242.7778670788.
[0]	eval-rmse:30939.05859
[73]	eval-rmse:945.79474
{'MSE - mean': 894604.6443427901, 'MSE - std': 0.0, 'R2 - mean': 0.999009910047949, 'R2 - std': 0.0}
[0]	eval-rmse:27349.34961
[100]	eval-rmse:806.19751
[200]	eval-rmse:781.26373
[227]	eval-rmse:783.58893
{'MSE - mean': 754308.1148669955, 'MSE - std': 140296.52947579458, 'R2 - mean': 0.99909710425603, 'R2 - std': 8.719420808100953e-05}
[0]	eval-rmse:25555.14648
[100]	eval-rmse:902.79010
[107]	eval-rmse:901.81329
{'MSE - mean': 773961.1497573144, 'MSE - std': 117875.192538981, 'R2 - mean': 0.9989972390123837, 'R2 - std': 0.00015816032074763322}
[0]	eval-rmse:30648.21680
[100]	eval-rmse:856.31836
[130]	eval-rmse:859.72852
{'MSE - mean': 766068.6456291983, 'MSE - std': 102994.15335985519, 'R2 - mean': 0.9990402034909878, 'R2 - std': 0.0001558808986355479}
[0]	eval-rmse:29685.56836
[100]	eval-rmse:767.93622
[186]	eval-rmse:746.93793
{'MSE - mean': 724501.4057374425, 'MSE - std': 124086.9784865671, 'R2 - mean': 0.999101109209722, 'R2 - std': 0.00018514078412286392}
Trial 85 finished with value: 724501.4057374425 and parameters: {'max_depth': 3, 'alpha': 0.0637397231761443, 'lambda': 0.11925986795675324, 'eta': 0.10372963508820372}. Best is trial 67 with value: 705242.7778670788.
[0]	eval-rmse:30227.22656
[69]	eval-rmse:964.55676
{'MSE - mean': 930369.7500119078, 'MSE - std': 0.0, 'R2 - mean': 0.9989703275664797, 'R2 - std': 0.0}
[0]	eval-rmse:26721.00391
[92]	eval-rmse:822.19812
{'MSE - mean': 804391.2113321513, 'MSE - std': 125978.53867975646, 'R2 - mean': 0.9990345352672514, 'R2 - std': 6.420770077170124e-05}
[0]	eval-rmse:24968.54297
[95]	eval-rmse:884.29791
{'MSE - mean': 797711.0690790961, 'MSE - std': 103293.96597236469, 'R2 - mean': 0.9989697782356849, 'R2 - std': 0.0001055242412917348}
[0]	eval-rmse:29943.98828
[67]	eval-rmse:833.77100
{'MSE - mean': 772076.8363862608, 'MSE - std': 99867.78365407092, 'R2 - mean': 0.9990328195244312, 'R2 - std': 0.00014238727606619644}
[0]	eval-rmse:29003.13867
[100]	eval-rmse:774.59424
[116]	eval-rmse:774.44183
{'MSE - mean': 737771.9989505887, 'MSE - std': 112632.7965360561, 'R2 - mean': 0.9990852667231815, 'R2 - std': 0.00016499134442582336}
Trial 86 finished with value: 737771.9989505887 and parameters: {'max_depth': 4, 'alpha': 0.025995120536616824, 'lambda': 0.20862742588570787, 'eta': 0.12442098345256468}. Best is trial 67 with value: 705242.7778670788.
[0]	eval-rmse:32561.44531
[100]	eval-rmse:989.14362
[119]	eval-rmse:994.48962
{'MSE - mean': 989866.4535550452, 'MSE - std': 0.0, 'R2 - mean': 0.9989044805034998, 'R2 - std': 0.0}
[0]	eval-rmse:28781.83398
[100]	eval-rmse:856.03265
[200]	eval-rmse:821.26501
[244]	eval-rmse:821.32983
{'MSE - mean': 832196.559142302, 'MSE - std': 157669.89441274316, 'R2 - mean': 0.9990041929758444, 'R2 - std': 9.971247234458191e-05}
[0]	eval-rmse:26892.19336
[100]	eval-rmse:867.72131
[200]	eval-rmse:850.22900
[243]	eval-rmse:846.05359
{'MSE - mean': 793173.8792510728, 'MSE - std': 140066.8988776568, 'R2 - mean': 0.9989836672342469, 'R2 - std': 8.643492868608618e-05}
[0]	eval-rmse:32254.40234
[100]	eval-rmse:855.97748
[136]	eval-rmse:853.95148
{'MSE - mean': 777117.5191390106, 'MSE - std': 124448.67303851603, 'R2 - mean': 0.9990337860089235, 'R2 - std': 0.00011462513859521295}
[0]	eval-rmse:31241.75000
[100]	eval-rmse:785.84351
[183]	eval-rmse:766.10455
{'MSE - mean': 739118.2535355731, 'MSE - std': 134780.39368706534, 'R2 - mean': 0.9990891931504698, 'R2 - std': 0.0001509666958495101}
Trial 87 finished with value: 739118.2535355731 and parameters: {'max_depth': 5, 'alpha': 0.041321173498993564, 'lambda': 0.5829227486724955, 'eta': 0.05682638323124759}. Best is trial 67 with value: 705242.7778670788.
[0]	eval-rmse:29731.64648
[58]	eval-rmse:1002.99268
{'MSE - mean': 1005000.1098864648, 'MSE - std': 0.0, 'R2 - mean': 0.9988877315617564, 'R2 - std': 0.0}
[0]	eval-rmse:26282.54883
[61]	eval-rmse:875.71790
{'MSE - mean': 885940.9556302811, 'MSE - std': 119059.15425618365, 'R2 - mean': 0.9989344725722569, 'R2 - std': 4.6741010500561675e-05}
[0]	eval-rmse:24558.77344
[73]	eval-rmse:842.43732
{'MSE - mean': 827106.9821961835, 'MSE - std': 127956.74139419165, 'R2 - mean': 0.9989399911095957, 'R2 - std': 3.89536889626196e-05}
[0]	eval-rmse:29453.60742
[61]	eval-rmse:942.10687
{'MSE - mean': 842221.5605797506, 'MSE - std': 113864.16113204366, 'R2 - mean': 0.9989566469084376, 'R2 - std': 4.438794113295e-05}
[0]	eval-rmse:28528.00977
[100]	eval-rmse:821.65875
[124]	eval-rmse:821.51270
{'MSE - mean': 808751.1262691569, 'MSE - std': 121873.3672465082, 'R2 - mean': 0.9990068816419464, 'R2 - std': 0.00010802937219696686}
Trial 88 finished with value: 808751.1262691569 and parameters: {'max_depth': 10, 'alpha': 0.6330448886486172, 'lambda': 0.9498335937228811, 'eta': 0.13939239513705803}. Best is trial 67 with value: 705242.7778670788.
[0]	eval-rmse:32225.06250
[100]	eval-rmse:952.35999
[129]	eval-rmse:954.90192
{'MSE - mean': 911837.688005404, 'MSE - std': 0.0, 'R2 - mean': 0.9989908376415162, 'R2 - std': 0.0}
[0]	eval-rmse:28484.79492
[100]	eval-rmse:862.90668
[200]	eval-rmse:807.92023
[300]	eval-rmse:796.53308
[314]	eval-rmse:796.92456
{'MSE - mean': 773512.1726983275, 'MSE - std': 138325.5153070765, 'R2 - mean': 0.9990735027329044, 'R2 - std': 8.26650913882121e-05}
[0]	eval-rmse:26615.00781
[100]	eval-rmse:930.50079
[200]	eval-rmse:905.63104
[252]	eval-rmse:904.89264
{'MSE - mean': 788648.947177601, 'MSE - std': 114953.07451268227, 'R2 - mean': 0.9989787173789072, 'R2 - std': 0.00015008066127099044}
[0]	eval-rmse:31921.10352
[100]	eval-rmse:856.53625
[113]	eval-rmse:862.33807
{'MSE - mean': 777282.8037011272, 'MSE - std': 101480.16878938506, 'R2 - mean': 0.9990260903122679, 'R2 - std': 0.00015370666254661762}
[0]	eval-rmse:30918.89062
[100]	eval-rmse:809.30054
[200]	eval-rmse:763.83197
[300]	eval-rmse:755.11151
[400]	eval-rmse:752.80902
[405]	eval-rmse:753.16223
{'MSE - mean': 735312.1264788623, 'MSE - std': 123631.43092272234, 'R2 - mean': 0.9990876595373974, 'R2 - std': 0.0001845634536444622}
Trial 89 finished with value: 735312.1264788623 and parameters: {'max_depth': 3, 'alpha': 0.08737889852344467, 'lambda': 0.18590899261354796, 'eta': 0.06646328480413853}. Best is trial 67 with value: 705242.7778670788.
[0]	eval-rmse:30563.37109
[75]	eval-rmse:941.31732
{'MSE - mean': 883962.9779910907, 'MSE - std': 0.0, 'R2 - mean': 0.9990216875487641, 'R2 - std': 0.0}
[0]	eval-rmse:27017.25391
[100]	eval-rmse:791.85370
[130]	eval-rmse:795.78870
{'MSE - mean': 759431.3995545008, 'MSE - std': 124531.57843658992, 'R2 - mean': 0.9990891182145203, 'R2 - std': 6.743066575615186e-05}
[0]	eval-rmse:25244.83594
[92]	eval-rmse:868.11255
{'MSE - mean': 757494.0745034568, 'MSE - std': 101716.5136149444, 'R2 - mean': 0.9990213132617777, 'R2 - std': 0.00011057253888610466}
[0]	eval-rmse:30276.63867
[97]	eval-rmse:846.15338
{'MSE - mean': 747114.450886422, 'MSE - std': 89904.93098700595, 'R2 - mean': 0.999065650418095, 'R2 - std': 0.00012274797374186016}
[0]	eval-rmse:29325.31641
[100]	eval-rmse:767.97430
[103]	eval-rmse:768.19537
{'MSE - mean': 715716.3801135317, 'MSE - std': 102027.80349326515, 'R2 - mean': 0.9991139796998351, 'R2 - std': 0.0001462755274821668}
Trial 90 finished with value: 715716.3801135317 and parameters: {'max_depth': 4, 'alpha': 0.00560162823046642, 'lambda': 0.6474823194642062, 'eta': 0.11496927775055836}. Best is trial 67 with value: 705242.7778670788.
[0]	eval-rmse:30633.12500
[73]	eval-rmse:979.87012
{'MSE - mean': 966030.7270433198, 'MSE - std': 0.0, 'R2 - mean': 0.9989308603277812, 'R2 - std': 0.0}
[0]	eval-rmse:27075.65234
[90]	eval-rmse:842.99860
{'MSE - mean': 838202.3378449072, 'MSE - std': 127828.38919841265, 'R2 - mean': 0.998993571704903, 'R2 - std': 6.271137712182684e-05}
[0]	eval-rmse:25298.10547
[76]	eval-rmse:895.88373
{'MSE - mean': 826012.5273927021, 'MSE - std': 105785.54255865316, 'R2 - mean': 0.9989339514508027, 'R2 - std': 9.864563148787153e-05}
[0]	eval-rmse:30342.53125
[73]	eval-rmse:846.41125
{'MSE - mean': 798448.9561318948, 'MSE - std': 103306.27833181419, 'R2 - mean': 0.9990001898723329, 'R2 - std': 0.00014304127348123468}
[0]	eval-rmse:29390.41211
[100]	eval-rmse:771.54169
[200]	eval-rmse:753.99853
[225]	eval-rmse:753.82074
{'MSE - mean': 752408.150721688, 'MSE - std': 130448.35286617586, 'R2 - mean': 0.9990667477316855, 'R2 - std': 0.00018463054812712802}
Trial 91 finished with value: 752408.150721688 and parameters: {'max_depth': 4, 'alpha': 0.005489310745802689, 'lambda': 1.4366934617049729e-08, 'eta': 0.11260114910199777}. Best is trial 67 with value: 705242.7778670788.
[0]	eval-rmse:31982.16797
[100]	eval-rmse:951.30926
{'MSE - mean': 904989.3714179901, 'MSE - std': 0.0, 'R2 - mean': 0.9989984169107325, 'R2 - std': 0.0}
[0]	eval-rmse:28270.12500
[100]	eval-rmse:815.36707
[200]	eval-rmse:799.10034
[218]	eval-rmse:800.32733
{'MSE - mean': 772042.5864520816, 'MSE - std': 132946.78496590856, 'R2 - mean': 0.9990746957594696, 'R2 - std': 7.62788487370103e-05}
[0]	eval-rmse:26414.43359
[100]	eval-rmse:880.91107
[155]	eval-rmse:875.02277
{'MSE - mean': 769916.6925607777, 'MSE - std': 108592.22165908194, 'R2 - mean': 0.9990057615028197, 'R2 - std': 0.00011568421956425099}
[0]	eval-rmse:31680.87500
[100]	eval-rmse:838.08954
[200]	eval-rmse:811.79730
[263]	eval-rmse:810.07367
{'MSE - mean': 741769.5169436391, 'MSE - std': 105929.19068560615, 'R2 - mean': 0.9990703965681426, 'R2 - std': 0.0001502338310768106}
[0]	eval-rmse:30686.08008
[100]	eval-rmse:767.04211
[200]	eval-rmse:750.10266
[209]	eval-rmse:750.05164
{'MSE - mean': 706029.910600414, 'MSE - std': 118684.76143853003, 'R2 - mean': 0.9991241276332034, 'R2 - std': 0.0001720589219141485}
Trial 92 finished with value: 706029.910600414 and parameters: {'max_depth': 4, 'alpha': 0.01818195377138497, 'lambda': 0.6588446982725767, 'eta': 0.07370657544167813}. Best is trial 67 with value: 705242.7778670788.
[0]	eval-rmse:31875.87500
[100]	eval-rmse:959.22412
[101]	eval-rmse:959.76465
{'MSE - mean': 921148.1639243788, 'MSE - std': 0.0, 'R2 - mean': 0.99898053341527, 'R2 - std': 0.0}
[0]	eval-rmse:28176.22461
[100]	eval-rmse:813.85523
[143]	eval-rmse:803.67572
{'MSE - mean': 783280.1721085319, 'MSE - std': 137867.99181584694, 'R2 - mean': 0.9990615584232378, 'R2 - std': 8.102500796774992e-05}
[0]	eval-rmse:26326.75977
[100]	eval-rmse:873.16492
[200]	eval-rmse:857.85492
[201]	eval-rmse:857.63373
{'MSE - mean': 767365.3356544687, 'MSE - std': 114796.71663543102, 'R2 - mean': 0.9990118529106263, 'R2 - std': 9.65296702853248e-05}
[0]	eval-rmse:31575.66211
[100]	eval-rmse:842.76575
[105]	eval-rmse:842.36322
{'MSE - mean': 752917.9510588034, 'MSE - std': 102517.7807878799, 'R2 - mean': 0.999060345854717, 'R2 - std': 0.00011850392320003894}
[0]	eval-rmse:30584.11523
[100]	eval-rmse:767.81854
[200]	eval-rmse:748.38471
[231]	eval-rmse:749.11810
{'MSE - mean': 714588.4957183681, 'MSE - std': 119517.80155656782, 'R2 - mean': 0.9991165098302878, 'R2 - std': 0.00015444129130087836}
Trial 93 finished with value: 714588.4957183681 and parameters: {'max_depth': 4, 'alpha': 0.016397390356290703, 'lambda': 0.6930699043116658, 'eta': 0.07681431096756237}. Best is trial 67 with value: 705242.7778670788.
[0]	eval-rmse:31903.41992
[87]	eval-rmse:996.52051
{'MSE - mean': 995397.6515649144, 'MSE - std': 0.0, 'R2 - mean': 0.9988983589350428, 'R2 - std': 0.0}
[0]	eval-rmse:28200.91992
[100]	eval-rmse:856.85571
[180]	eval-rmse:850.76434
{'MSE - mean': 859414.9733050347, 'MSE - std': 135982.6782598797, 'R2 - mean': 0.998968647138637, 'R2 - std': 7.0288203594282e-05}
[0]	eval-rmse:26350.08789
[100]	eval-rmse:852.09930
[163]	eval-rmse:851.99091
{'MSE - mean': 814906.1452572499, 'MSE - std': 127630.7071444584, 'R2 - mean': 0.9989546668030193, 'R2 - std': 6.0700252149238356e-05}
[0]	eval-rmse:31603.21875
[100]	eval-rmse:860.86310
[111]	eval-rmse:862.53943
{'MSE - mean': 797178.5121140879, 'MSE - std': 114717.06492593631, 'R2 - mean': 0.9990078253903963, 'R2 - std': 0.00010602309509734947}
[0]	eval-rmse:30610.73633
[100]	eval-rmse:771.91187
[200]	eval-rmse:752.93207
{'MSE - mean': 751124.1477415427, 'MSE - std': 137884.08863684698, 'R2 - mean': 0.9990731703181176, 'R2 - std': 0.00016146998380742468}
Trial 94 finished with value: 751124.1477415427 and parameters: {'max_depth': 5, 'alpha': 0.016265706881732463, 'lambda': 0.38781700202135566, 'eta': 0.07586789918680176}. Best is trial 67 with value: 705242.7778670788.
[0]	eval-rmse:31330.88086
[84]	eval-rmse:943.24744
{'MSE - mean': 889715.7898586964, 'MSE - std': 0.0, 'R2 - mean': 0.9990153207125733, 'R2 - std': 0.0}
[0]	eval-rmse:27695.07617
[100]	eval-rmse:812.22351
[177]	eval-rmse:803.50336
{'MSE - mean': 767666.7240289166, 'MSE - std': 122049.06582977984, 'R2 - mean': 0.9990788155853411, 'R2 - std': 6.349487276779975e-05}
[0]	eval-rmse:25877.58789
[100]	eval-rmse:868.00671
[159]	eval-rmse:865.35803
{'MSE - mean': 761392.6763101801, 'MSE - std': 100046.8739949859, 'R2 - mean': 0.9990167981929003, 'R2 - std': 0.00010188251326323641}
[0]	eval-rmse:31036.27930
[81]	eval-rmse:870.77850
{'MSE - mean': 760608.3265680058, 'MSE - std': 86653.78445677133, 'R2 - mean': 0.9990504339877986, 'R2 - std': 0.00010573142852020938}
[0]	eval-rmse:30061.45117
[100]	eval-rmse:760.44824
[121]	eval-rmse:765.16217
{'MSE - mean': 725581.2960235638, 'MSE - std': 104473.31795051569, 'R2 - mean': 0.9991028984307674, 'R2 - std': 0.0001412564302453282}
Trial 95 finished with value: 725581.2960235638 and parameters: {'max_depth': 4, 'alpha': 0.008932707717683779, 'lambda': 0.614824603180165, 'eta': 0.09262687240830256}. Best is trial 67 with value: 705242.7778670788.
[0]	eval-rmse:31794.02344
[85]	eval-rmse:987.28272
{'MSE - mean': 974727.223891445, 'MSE - std': 0.0, 'R2 - mean': 0.998921235613443, 'R2 - std': 0.0}
[0]	eval-rmse:28104.73242
[100]	eval-rmse:870.01581
[112]	eval-rmse:867.17017
{'MSE - mean': 863163.7942805518, 'MSE - std': 111563.42961089313, 'R2 - mean': 0.9989613751324606, 'R2 - std': 4.0139519017601266e-05}
[0]	eval-rmse:26260.32617
[100]	eval-rmse:868.74359
[175]	eval-rmse:856.43811
{'MSE - mean': 819937.9330979544, 'MSE - std': 109702.09372500982, 'R2 - mean': 0.9989460741521244, 'R2 - std': 3.9272899771644344e-05}
[0]	eval-rmse:31494.99023
[100]	eval-rmse:859.83319
[107]	eval-rmse:862.49390
{'MSE - mean': 800343.8927826569, 'MSE - std': 100884.54427398992, 'R2 - mean': 0.9990020619063986, 'R2 - std': 0.0001027650542663304}
[0]	eval-rmse:30506.18555
[100]	eval-rmse:762.83179
[148]	eval-rmse:750.28900
{'MSE - mean': 752861.8206023878, 'MSE - std': 130997.48750577506, 'R2 - mean': 0.9990694922904607, 'R2 - std': 0.0001632052446515029}
