Trial 78 finished with value: 15164283804.563778 and parameters: {'max_depth': 7, 'alpha': 0.008979451408152138, 'lambda': 1.5351111652852e-06, 'eta': 0.054996207343760366}. Best is trial 64 with value: 14105467680.672068.
[0]	eval-rmse:626125.43750
[100]	eval-rmse:127346.77344
[200]	eval-rmse:122130.79688
[300]	eval-rmse:121751.29688
[400]	eval-rmse:121615.54688
[497]	eval-rmse:121536.35156
{'MSE - mean': 14771084180.465714, 'MSE - std': 0.0, 'R2 - mean': 0.8849759648362707, 'R2 - std': 0.0}
[0]	eval-rmse:631352.06250
[100]	eval-rmse:154846.18750
[200]	eval-rmse:151236.90625
[300]	eval-rmse:150955.39062
[400]	eval-rmse:150821.87500
[466]	eval-rmse:150777.71875
{'MSE - mean': 18752501506.20734, 'MSE - std': 3981417325.7416267, 'R2 - mean': 0.8613354390349443, 'R2 - std': 0.023640525801326473}
[0]	eval-rmse:647809.43750
[100]	eval-rmse:139884.51562
[200]	eval-rmse:134788.96875
[300]	eval-rmse:134304.57812
[400]	eval-rmse:134187.15625
[500]	eval-rmse:134126.60938
[532]	eval-rmse:134126.53125
{'MSE - mean': 18498189074.243534, 'MSE - std': 3270648086.732418, 'R2 - mean': 0.8676385121093976, 'R2 - std': 0.02126124252732941}
[0]	eval-rmse:620406.81250
[100]	eval-rmse:125021.30469
[200]	eval-rmse:122230.53906
[300]	eval-rmse:121883.39062
[400]	eval-rmse:121747.41406
[500]	eval-rmse:121637.12500
[566]	eval-rmse:121630.06250
{'MSE - mean': 17572164005.693035, 'MSE - std': 3255060900.073407, 'R2 - mean': 0.8702030528403437, 'R2 - std': 0.018940985529704735}
[0]	eval-rmse:636254.12500
[100]	eval-rmse:148446.67188
[200]	eval-rmse:145618.06250
[300]	eval-rmse:145257.43750
[400]	eval-rmse:145183.78125
[404]	eval-rmse:145186.37500
{'MSE - mean': 18273548021.656853, 'MSE - std': 3231732557.305366, 'R2 - mean': 0.8646785657605204, 'R2 - std': 0.02022593820443749}
Trial 79 finished with value: 18273548021.656853 and parameters: {'max_depth': 11, 'alpha': 0.0027768183642470773, 'lambda': 3.45885668381361e-07, 'eta': 0.033111342961379124}. Best is trial 64 with value: 14105467680.672068.
[0]	eval-rmse:581191.75000
[100]	eval-rmse:107434.28906
[200]	eval-rmse:105577.91406
[292]	eval-rmse:104993.96875
{'MSE - mean': 11018498708.160126, 'MSE - std': 0.0, 'R2 - mean': 0.914197755061541, 'R2 - std': 0.0}
[0]	eval-rmse:587311.37500
[100]	eval-rmse:135610.79688
[181]	eval-rmse:134418.25000
{'MSE - mean': 14543382851.66318, 'MSE - std': 3524884143.5030537, 'R2 - mean': 0.8926011623755781, 'R2 - std': 0.021596592685962868}
[0]	eval-rmse:601455.87500
[100]	eval-rmse:123491.95312
[200]	eval-rmse:120731.60156
[300]	eval-rmse:119677.23438
[380]	eval-rmse:119444.80469
{'MSE - mean': 14451516284.034332, 'MSE - std': 2880986708.73516, 'R2 - mean': 0.8967408779734239, 'R2 - std': 0.018579999126955984}
[0]	eval-rmse:575845.93750
[100]	eval-rmse:118319.23438
[200]	eval-rmse:116741.66406
[300]	eval-rmse:115600.71875
[400]	eval-rmse:114919.53125
[500]	eval-rmse:114432.37500
[537]	eval-rmse:114444.13281
{'MSE - mean': 14113002157.061348, 'MSE - std': 2562974591.0586653, 'R2 - mean': 0.8955306181260846, 'R2 - std': 0.01622672062871945}
[0]	eval-rmse:590528.75000
[100]	eval-rmse:128785.74219
[200]	eval-rmse:127163.88281
[209]	eval-rmse:127094.18750
{'MSE - mean': 14520959627.053925, 'MSE - std': 2433266979.355295, 'R2 - mean': 0.8922985681514847, 'R2 - std': 0.015888038206249722}
Trial 80 finished with value: 14520959627.053925 and parameters: {'max_depth': 6, 'alpha': 0.1696936734388344, 'lambda': 4.853343991986743e-08, 'eta': 0.10910063251797261}. Best is trial 64 with value: 14105467680.672068.
[0]	eval-rmse:570736.31250
[100]	eval-rmse:110331.02344
[200]	eval-rmse:106269.82031
[300]	eval-rmse:104632.41406
[400]	eval-rmse:103469.92969
[479]	eval-rmse:103287.38281
{'MSE - mean': 10668049660.661816, 'MSE - std': 0.0, 'R2 - mean': 0.9169267398178428, 'R2 - std': 0.0}
[0]	eval-rmse:577198.25000
[100]	eval-rmse:143013.50000
[176]	eval-rmse:140799.07812
{'MSE - mean': 15246216411.343607, 'MSE - std': 4578166750.681791, 'R2 - mean': 0.8876969030057162, 'R2 - std': 0.029229836812126597}
[0]	eval-rmse:592691.06250
[100]	eval-rmse:123444.72656
[200]	eval-rmse:118930.00000
[300]	eval-rmse:117342.46094
[400]	eval-rmse:116387.82031
[463]	eval-rmse:115987.18750
{'MSE - mean': 14646808695.993378, 'MSE - std': 3832969225.436282, 'R2 - mean': 0.8952904674445151, 'R2 - std': 0.026170849212079773}
[0]	eval-rmse:565703.18750
[100]	eval-rmse:120371.18750
[200]	eval-rmse:116367.91406
[256]	eval-rmse:116158.71094
{'MSE - mean': 14358318026.722475, 'MSE - std': 3356846795.8972044, 'R2 - mean': 0.8936269780490543, 'R2 - std': 0.02284702611429972}
[0]	eval-rmse:580862.43750
[100]	eval-rmse:130055.85938
[200]	eval-rmse:127237.26562
[300]	eval-rmse:126314.16406
[366]	eval-rmse:125859.75000
{'MSE - mean': 14654789681.847921, 'MSE - std': 3060444101.445337, 'R2 - mean': 0.8912418306899426, 'R2 - std': 0.020984398812277302}
Trial 81 finished with value: 14654789681.847921 and parameters: {'max_depth': 4, 'alpha': 5.998417464726639e-08, 'lambda': 4.276567851389574e-06, 'eta': 0.13067134450282064}. Best is trial 64 with value: 14105467680.672068.
[0]	eval-rmse:604446.87500
[100]	eval-rmse:111055.47656
[200]	eval-rmse:105338.09375
[300]	eval-rmse:103523.45312
[400]	eval-rmse:102883.10156
[500]	eval-rmse:102114.10938
[541]	eval-rmse:102033.95312
{'MSE - mean': 10412518808.086521, 'MSE - std': 0.0, 'R2 - mean': 0.9189165862917332, 'R2 - std': 0.0}
[0]	eval-rmse:609845.31250
[100]	eval-rmse:140726.70312
[200]	eval-rmse:138107.75000
[245]	eval-rmse:137937.40625
{'MSE - mean': 14719624113.351608, 'MSE - std': 4307105305.265087, 'R2 - mean': 0.8915391853141545, 'R2 - std': 0.027377400977578625}
[0]	eval-rmse:626329.37500
[100]	eval-rmse:122611.25000
[200]	eval-rmse:117679.67188
[300]	eval-rmse:115564.55469
[400]	eval-rmse:114266.89062
[500]	eval-rmse:113775.43750
[533]	eval-rmse:113799.96094
{'MSE - mean': 14129893557.593912, 'MSE - std': 3614277474.6667795, 'R2 - mean': 0.8989560654959394, 'R2 - std': 0.024692136658998463}
[0]	eval-rmse:598757.62500
[100]	eval-rmse:122738.29688
[200]	eval-rmse:117252.16406
[300]	eval-rmse:116119.53906
[400]	eval-rmse:115224.21094
[500]	eval-rmse:114471.25000
[504]	eval-rmse:114431.49219
{'MSE - mean': 13871061516.219692, 'MSE - std': 3161998311.9601107, 'R2 - mean': 0.8971979809829627, 'R2 - std': 0.021599740578402738}
[0]	eval-rmse:614675.68750
[100]	eval-rmse:130387.34375
[200]	eval-rmse:126886.75781
[300]	eval-rmse:125777.03906
[400]	eval-rmse:124887.78906
[500]	eval-rmse:124073.00000
[526]	eval-rmse:124029.82812
{'MSE - mean': 14173528599.782543, 'MSE - std': 2892150066.373966, 'R2 - mean': 0.8947816288970897, 'R2 - std': 0.01991466956931621}
Trial 82 finished with value: 14173528599.782543 and parameters: {'max_depth': 5, 'alpha': 4.1968846365657574e-07, 'lambda': 7.827012478728228e-06, 'eta': 0.07123040770077092}. Best is trial 64 with value: 14105467680.672068.
[0]	eval-rmse:604470.56250
[100]	eval-rmse:110769.91406
[200]	eval-rmse:105525.03906
[300]	eval-rmse:103172.05469
[400]	eval-rmse:102360.55469
{'MSE - mean': 10477683945.178862, 'MSE - std': 0.0, 'R2 - mean': 0.9184091382988315, 'R2 - std': 0.0}
[0]	eval-rmse:609868.75000
[100]	eval-rmse:141017.82812
[200]	eval-rmse:137833.87500
[286]	eval-rmse:137258.17188
{'MSE - mean': 14658744432.887684, 'MSE - std': 4181060487.7088213, 'R2 - mean': 0.891952719723397, 'R2 - std': 0.02645641857543457}
[0]	eval-rmse:626353.18750
[100]	eval-rmse:123656.85938
[200]	eval-rmse:118688.44531
[300]	eval-rmse:116810.18750
[400]	eval-rmse:115345.64062
[500]	eval-rmse:114408.22656
[551]	eval-rmse:114206.83594
{'MSE - mean': 14120230319.770388, 'MSE - std': 3497738236.05669, 'R2 - mean': 0.8990259012951455, 'R2 - std': 0.02380520638402957}
[0]	eval-rmse:598781.25000
[100]	eval-rmse:121437.16406
[200]	eval-rmse:116938.10938
[300]	eval-rmse:114966.86719
[348]	eval-rmse:114516.45312
{'MSE - mean': 13868677086.506428, 'MSE - std': 3060304995.172275, 'R2 - mean': 0.8972102209700681, 'R2 - std': 0.020854399376829362}
[0]	eval-rmse:614699.37500
[100]	eval-rmse:129110.22656
[200]	eval-rmse:125581.82812
[300]	eval-rmse:124265.07812
[400]	eval-rmse:123643.60938
[486]	eval-rmse:123056.79688
{'MSE - mean': 14123536650.414185, 'MSE - std': 2784274936.144438, 'R2 - mean': 0.8951505170130192, 'R2 - std': 0.019102206685547417}
Trial 83 finished with value: 14123536650.414185 and parameters: {'max_depth': 5, 'alpha': 9.26900358057614e-07, 'lambda': 8.132151909487083e-06, 'eta': 0.0711902944248667}. Best is trial 64 with value: 14105467680.672068.
[0]	eval-rmse:603293.25000
[100]	eval-rmse:111019.32812
[200]	eval-rmse:105635.03906
[300]	eval-rmse:104109.08594
[400]	eval-rmse:103309.69531
[500]	eval-rmse:102589.57812
[600]	eval-rmse:102003.74219
[635]	eval-rmse:101919.85938
{'MSE - mean': 10387772705.25172, 'MSE - std': 0.0, 'R2 - mean': 0.9191092868794395, 'R2 - std': 0.0}
[0]	eval-rmse:608704.18750
[100]	eval-rmse:141101.34375
[200]	eval-rmse:139292.73438
[246]	eval-rmse:139062.26562
{'MSE - mean': 14863043753.03495, 'MSE - std': 4475271047.78323, 'R2 - mean': 0.8905232792287363, 'R2 - std': 0.028586007650703182}
[0]	eval-rmse:625168.56250
[100]	eval-rmse:122691.71094
[200]	eval-rmse:117091.32812
[300]	eval-rmse:115097.64062
[400]	eval-rmse:113826.14844
[500]	eval-rmse:112980.07031
[580]	eval-rmse:112683.20312
{'MSE - mean': 14141197281.207994, 'MSE - std': 3793963445.421676, 'R2 - mean': 0.8988400366812161, 'R2 - std': 0.02613637563468705}
[0]	eval-rmse:597605.06250
[100]	eval-rmse:121623.44531
[200]	eval-rmse:117847.92188
[300]	eval-rmse:116531.19531
[347]	eval-rmse:116196.51562
{'MSE - mean': 13981305360.694113, 'MSE - std': 3297319403.3386865, 'R2 - mean': 0.8962710311102298, 'R2 - std': 0.02306798576727871}
[0]	eval-rmse:613518.81250
[100]	eval-rmse:127692.93750
[200]	eval-rmse:123690.64062
[274]	eval-rmse:122863.39062
{'MSE - mean': 14204126768.770498, 'MSE - std': 2982691690.0168557, 'R2 - mean': 0.8944702048357434, 'R2 - std': 0.020944628785705917}
Trial 84 finished with value: 14204126768.770498 and parameters: {'max_depth': 5, 'alpha': 8.625912030125381e-07, 'lambda': 1.039439166845708e-05, 'eta': 0.07318524099034258}. Best is trial 64 with value: 14105467680.672068.
[0]	eval-rmse:603946.68750
[100]	eval-rmse:111831.00781
[200]	eval-rmse:108083.21094
[300]	eval-rmse:106656.86719
[397]	eval-rmse:106149.82812
{'MSE - mean': 11268039694.951933, 'MSE - std': 0.0, 'R2 - mean': 0.912254552322402, 'R2 - std': 0.0}
[0]	eval-rmse:609653.87500
[100]	eval-rmse:138562.81250
[200]	eval-rmse:136595.46875
[244]	eval-rmse:136258.59375
{'MSE - mean': 14932060254.114239, 'MSE - std': 3664020559.162307, 'R2 - mean': 0.8897454408906396, 'R2 - std': 0.02250911143176254}
[0]	eval-rmse:624870.06250
[100]	eval-rmse:125072.75000
[200]	eval-rmse:120499.11719
[300]	eval-rmse:118548.97656
[400]	eval-rmse:118118.95312
[500]	eval-rmse:117657.50000
[557]	eval-rmse:117525.99219
{'MSE - mean': 14557913023.288582, 'MSE - std': 3038092066.7383323, 'R2 - mean': 0.8958537207902632, 'R2 - std': 0.02030752483594754}
[0]	eval-rmse:598476.56250
[100]	eval-rmse:117325.64844
[200]	eval-rmse:114504.38281
[300]	eval-rmse:113018.17188
[389]	eval-rmse:112463.83594
{'MSE - mean': 14081576738.114317, 'MSE - std': 2757388497.1480985, 'R2 - mean': 0.8957832314031435, 'R2 - std': 0.0175872561811972}
[0]	eval-rmse:613626.75000
[100]	eval-rmse:127712.33594
[200]	eval-rmse:125067.60938
[300]	eval-rmse:123997.51562
[390]	eval-rmse:123490.17969
{'MSE - mean': 14315226175.89599, 'MSE - std': 2510163599.940547, 'R2 - mean': 0.8938493348683458, 'R2 - std': 0.016199045873620407}
Trial 85 finished with value: 14315226175.89599 and parameters: {'max_depth': 6, 'alpha': 1.0437946881373956e-06, 'lambda': 1.2461519452889899e-05, 'eta': 0.07103112472583736}. Best is trial 64 with value: 14105467680.672068.
[0]	eval-rmse:610807.87500
[100]	eval-rmse:113297.56250
[200]	eval-rmse:107035.14844
[300]	eval-rmse:104789.77344
[400]	eval-rmse:103805.85156
[500]	eval-rmse:103147.33594
[600]	eval-rmse:102645.72656
[700]	eval-rmse:102255.46094
[771]	eval-rmse:102189.85938
{'MSE - mean': 10442767301.773935, 'MSE - std': 0.0, 'R2 - mean': 0.9186810379894527, 'R2 - std': 0.0}
[0]	eval-rmse:616138.06250
[100]	eval-rmse:143509.37500
[200]	eval-rmse:140098.31250
[281]	eval-rmse:139046.71875
{'MSE - mean': 14888378874.07999, 'MSE - std': 4445611572.306054, 'R2 - mean': 0.8903245912935348, 'R2 - std': 0.02835644669591786}
[0]	eval-rmse:632730.37500
[100]	eval-rmse:124728.47656
[200]	eval-rmse:118751.41406
[300]	eval-rmse:116010.62500
[400]	eval-rmse:114501.14844
[500]	eval-rmse:113460.72656
[582]	eval-rmse:112982.75000
{'MSE - mean': 14178810487.914583, 'MSE - std': 3765981424.6096716, 'R2 - mean': 0.8985696255755061, 'R2 - std': 0.02592334649373127}
[0]	eval-rmse:605113.06250
[100]	eval-rmse:122367.39062
[200]	eval-rmse:117342.73438
[300]	eval-rmse:115771.46875
[400]	eval-rmse:114622.83594
[500]	eval-rmse:113730.82812
[527]	eval-rmse:113737.26562
{'MSE - mean': 13868149379.244886, 'MSE - std': 3305524624.2008963, 'R2 - mean': 0.8972349891164272, 'R2 - std': 0.022568976128952888}
[0]	eval-rmse:621055.00000
[100]	eval-rmse:130883.32812
[200]	eval-rmse:126825.32812
[300]	eval-rmse:125460.02344
[400]	eval-rmse:124642.70312
[500]	eval-rmse:123948.91406
[600]	eval-rmse:123406.56250
[615]	eval-rmse:123421.46875
{'MSE - mean': 14141091195.236689, 'MSE - std': 3006523469.4953556, 'R2 - mean': 0.895036080787683, 'R2 - std': 0.020659809731947615}
Trial 86 finished with value: 14141091195.236689 and parameters: {'max_depth': 5, 'alpha': 3.8165184888030727e-07, 'lambda': 2.799065169301277e-05, 'eta': 0.06045800596366763}. Best is trial 64 with value: 14105467680.672068.
[0]	eval-rmse:610561.25000
[100]	eval-rmse:113842.31250
[200]	eval-rmse:111222.10938
[300]	eval-rmse:110461.11719
[400]	eval-rmse:110038.18750
[497]	eval-rmse:109892.19531
{'MSE - mean': 12075668798.013235, 'MSE - std': 0.0, 'R2 - mean': 0.9059654568697726, 'R2 - std': 0.0}
[0]	eval-rmse:616056.75000
[100]	eval-rmse:141026.70312
[200]	eval-rmse:138551.39062
[275]	eval-rmse:138267.64062
{'MSE - mean': 15594850107.045319, 'MSE - std': 3519181309.0320845, 'R2 - mean': 0.8847519814533761, 'R2 - std': 0.02121347541639651}
[0]	eval-rmse:632227.31250
[100]	eval-rmse:123456.14844
[200]	eval-rmse:119274.23438
[300]	eval-rmse:118063.00781
[400]	eval-rmse:117295.72656
[486]	eval-rmse:117097.02344
{'MSE - mean': 14966502393.820139, 'MSE - std': 3007667937.3435616, 'R2 - mean': 0.8927462275641059, 'R2 - std': 0.020683897954347864}
[0]	eval-rmse:604742.62500
[100]	eval-rmse:117707.89062
[200]	eval-rmse:114979.55469
[300]	eval-rmse:114099.34375
[400]	eval-rmse:113574.95312
[419]	eval-rmse:113553.30469
{'MSE - mean': 14448465002.71664, 'MSE - std': 2754929768.930111, 'R2 - mean': 0.8929537171897974, 'R2 - std': 0.017916385845747902}
[0]	eval-rmse:620473.93750
[100]	eval-rmse:133924.28125
[200]	eval-rmse:132017.62500
[300]	eval-rmse:131286.40625
[356]	eval-rmse:131319.57812
{'MSE - mean': 15007737868.026337, 'MSE - std': 2706077415.1669636, 'R2 - mean': 0.8886059686150716, 'R2 - std': 0.018232091928659638}
Trial 87 finished with value: 15007737868.026337 and parameters: {'max_depth': 7, 'alpha': 3.8711448389275344e-07, 'lambda': 3.42927689087992e-05, 'eta': 0.05941324911350382}. Best is trial 64 with value: 14105467680.672068.
[0]	eval-rmse:615122.37500
[100]	eval-rmse:113685.68750
[200]	eval-rmse:108801.11719
[300]	eval-rmse:107361.61719
[400]	eval-rmse:106606.99219
[433]	eval-rmse:106533.67188
{'MSE - mean': 11347095883.77777, 'MSE - std': 0.0, 'R2 - mean': 0.911638933202484, 'R2 - std': 0.0}
[0]	eval-rmse:620631.25000
[100]	eval-rmse:142363.68750
[200]	eval-rmse:139142.20312
[300]	eval-rmse:138391.82812
[356]	eval-rmse:138126.57812
{'MSE - mean': 15213024789.100231, 'MSE - std': 3865928905.322463, 'R2 - mean': 0.8877139354414918, 'R2 - std': 0.023924997760992217}
[0]	eval-rmse:636369.31250
[100]	eval-rmse:125643.45312
[200]	eval-rmse:120352.21094
[300]	eval-rmse:117971.68750
[400]	eval-rmse:116697.07031
[500]	eval-rmse:115751.75781
[600]	eval-rmse:115371.39844
[700]	eval-rmse:115025.03125
[707]	eval-rmse:115028.28906
{'MSE - mean': 14552519185.759497, 'MSE - std': 3291829203.461328, 'R2 - mean': 0.8957821984895539, 'R2 - std': 0.022622940034423167}
[0]	eval-rmse:609590.93750
[100]	eval-rmse:121428.96875
[200]	eval-rmse:117827.60156
[300]	eval-rmse:116203.40625
[400]	eval-rmse:115544.13281
[497]	eval-rmse:115027.52344
{'MSE - mean': 14222221797.210505, 'MSE - std': 2907644015.903165, 'R2 - mean': 0.894535384092052, 'R2 - std': 0.019710700146780266}
[0]	eval-rmse:624975.87500
[100]	eval-rmse:129713.75000
[200]	eval-rmse:126078.42188
[300]	eval-rmse:124821.84375
[400]	eval-rmse:124093.85938
[500]	eval-rmse:123720.20312
[521]	eval-rmse:123760.42969
{'MSE - mean': 14441106239.302698, 'MSE - std': 2637263084.0577936, 'R2 - mean': 0.8927512540508464, 'R2 - std': 0.017987268837618305}
Trial 88 finished with value: 14441106239.302698 and parameters: {'max_depth': 6, 'alpha': 1.1685541894788484e-07, 'lambda': 0.00010390062485305973, 'eta': 0.05238662184134195}. Best is trial 64 with value: 14105467680.672068.
[0]	eval-rmse:598362.25000
[100]	eval-rmse:110275.59375
[200]	eval-rmse:105463.63281
[300]	eval-rmse:103348.46875
[400]	eval-rmse:102637.22656
[500]	eval-rmse:102097.02344
[543]	eval-rmse:102015.96875
{'MSE - mean': 10405069872.490755, 'MSE - std': 0.0, 'R2 - mean': 0.9189745919614207, 'R2 - std': 0.0}
[0]	eval-rmse:603826.87500
[100]	eval-rmse:142874.68750
[154]	eval-rmse:141715.59375
{'MSE - mean': 15237120757.103512, 'MSE - std': 4832050884.612758, 'R2 - mean': 0.8878470154660172, 'R2 - std': 0.031127576495403486}
[0]	eval-rmse:620206.93750
[100]	eval-rmse:124543.04688
[200]	eval-rmse:118963.07031
[300]	eval-rmse:116977.48438
[400]	eval-rmse:115480.96875
[500]	eval-rmse:114623.39844
[600]	eval-rmse:114022.06250
[700]	eval-rmse:113803.68750
[703]	eval-rmse:113808.57031
{'MSE - mean': 14475483698.63222, 'MSE - std': 4089742353.5798554, 'R2 - mean': 0.896490675505687, 'R2 - std': 0.028202418278359866}
[0]	eval-rmse:592679.31250
[100]	eval-rmse:120271.09375
[200]	eval-rmse:115987.73438
[287]	eval-rmse:115437.18750
{'MSE - mean': 14188048860.594141, 'MSE - std': 3576639588.6855307, 'R2 - mean': 0.894871928392287, 'R2 - std': 0.02458441222018734}
[0]	eval-rmse:608573.87500
[100]	eval-rmse:127638.41406
[200]	eval-rmse:124519.28125
[292]	eval-rmse:124057.84375
{'MSE - mean': 14428160384.30058, 'MSE - std': 3234887134.530135, 'R2 - mean': 0.892913005809316, 'R2 - std': 0.022335267406368195}
Trial 89 finished with value: 14428160384.30058 and parameters: {'max_depth': 5, 'alpha': 1.8604071859259744e-06, 'lambda': 7.4122903895018695e-06, 'eta': 0.08154541240987669}. Best is trial 64 with value: 14105467680.672068.
[0]	eval-rmse:612072.50000
[100]	eval-rmse:149606.20312
[200]	eval-rmse:132149.04688
[300]	eval-rmse:126598.94531
[400]	eval-rmse:123418.39844
[500]	eval-rmse:121356.71875
[600]	eval-rmse:119162.99219
[700]	eval-rmse:117203.30469
[800]	eval-rmse:115499.25000
[900]	eval-rmse:114361.54688
[999]	eval-rmse:113156.10156
{'MSE - mean': 12804303715.506466, 'MSE - std': 0.0, 'R2 - mean': 0.9002914977109656, 'R2 - std': 0.0}
[0]	eval-rmse:618068.62500
[100]	eval-rmse:173992.84375
[200]	eval-rmse:157835.01562
[300]	eval-rmse:153016.26562
[400]	eval-rmse:151254.87500
[500]	eval-rmse:150471.64062
[503]	eval-rmse:150404.31250
{'MSE - mean': 17712880887.27706, 'MSE - std': 4908577171.770596, 'R2 - mean': 0.8693946530986003, 'R2 - std': 0.03089684461236525}
[0]	eval-rmse:635215.31250
[100]	eval-rmse:166219.01562
[200]	eval-rmse:149840.84375
[300]	eval-rmse:144260.64062
[400]	eval-rmse:141054.20312
[500]	eval-rmse:138484.93750
[600]	eval-rmse:136695.48438
[700]	eval-rmse:134986.35938
[800]	eval-rmse:133796.06250
[900]	eval-rmse:132820.39062
[979]	eval-rmse:132374.35938
{'MSE - mean': 17649577721.024403, 'MSE - std': 4008836217.1416826, 'R2 - mean': 0.8740466806926, 'R2 - std': 0.026070917247725776}
[0]	eval-rmse:606517.31250
[100]	eval-rmse:148268.31250
[200]	eval-rmse:133622.42188
[300]	eval-rmse:128935.10156
[400]	eval-rmse:126196.47656
[500]	eval-rmse:124135.17188
[600]	eval-rmse:122715.38281
[700]	eval-rmse:121204.91406
[800]	eval-rmse:119390.61719
[900]	eval-rmse:118276.10938
[999]	eval-rmse:117313.90625
{'MSE - mean': 16677821300.033455, 'MSE - std': 3858238910.061369, 'R2 - mean': 0.8771376319031131, 'R2 - std': 0.023204126416666502}
[0]	eval-rmse:621884.93750
[100]	eval-rmse:157560.78125
[200]	eval-rmse:145643.64062
[252]	eval-rmse:144476.48438
{'MSE - mean': 17516948133.61841, 'MSE - std': 3837361249.746819, 'R2 - mean': 0.870533357440799, 'R2 - std': 0.024601035565658833}
