Trial 25 finished with value: 4.79245345810857 and parameters: {'max_depth': 7, 'alpha': 0.19224292846925894, 'lambda': 0.004433200193789117, 'eta': 0.054211955918442634}. Best is trial 17 with value: 4.556566489097642.
[0]	eval-rmse:9.91446
[100]	eval-rmse:3.00477
[200]	eval-rmse:2.20187
[300]	eval-rmse:2.13482
[390]	eval-rmse:2.12528
{'MSE - mean': 4.516831222901993, 'MSE - std': 0.0, 'R2 - mean': 0.5880799176313476, 'R2 - std': 0.0}
[0]	eval-rmse:9.72744
[100]	eval-rmse:2.83078
[200]	eval-rmse:2.08205
[300]	eval-rmse:2.05188
[336]	eval-rmse:2.05075
{'MSE - mean': 4.361599662718804, 'MSE - std': 0.1552315601831884, 'R2 - mean': 0.569847765942224, 'R2 - std': 0.01823215168912362}
[0]	eval-rmse:9.81493
[100]	eval-rmse:2.95176
[200]	eval-rmse:2.19062
[300]	eval-rmse:2.14365
[325]	eval-rmse:2.14341
{'MSE - mean': 4.439588255856825, 'MSE - std': 0.16801487881702643, 'R2 - mean': 0.5624992988530627, 'R2 - std': 0.018155095903477043}
[0]	eval-rmse:9.71592
[100]	eval-rmse:2.84476
[200]	eval-rmse:2.10508
[300]	eval-rmse:2.07070
[330]	eval-rmse:2.07210
{'MSE - mean': 4.40308998195661, 'MSE - std': 0.15864463943357943, 'R2 - mean': 0.5571061297867723, 'R2 - std': 0.018288369205074356}
[0]	eval-rmse:9.93535
[100]	eval-rmse:3.12712
[200]	eval-rmse:2.36243
[300]	eval-rmse:2.31464
[301]	eval-rmse:2.31448
{'MSE - mean': 4.5938794925418, 'MSE - std': 0.40710815110257, 'R2 - mean': 0.5570798405588719, 'R2 - std': 0.016357699197592064}
Trial 26 finished with value: 4.5938794925418 and parameters: {'max_depth': 5, 'alpha': 0.018368256553667674, 'lambda': 0.0006815390552328459, 'eta': 0.015630014429652134}. Best is trial 17 with value: 4.556566489097642.
[0]	eval-rmse:9.78215
[100]	eval-rmse:2.21039
[187]	eval-rmse:2.15819
{'MSE - mean': 4.6578031242522835, 'MSE - std': 0.0, 'R2 - mean': 0.5752237460477282, 'R2 - std': 0.0}
[0]	eval-rmse:9.59741
[100]	eval-rmse:2.13699
[166]	eval-rmse:2.09556
{'MSE - mean': 4.52459597871799, 'MSE - std': 0.13320714553429402, 'R2 - mean': 0.5535583930923376, 'R2 - std': 0.02166535295539057}
[0]	eval-rmse:9.68263
[100]	eval-rmse:2.22155
[144]	eval-rmse:2.19223
{'MSE - mean': 4.618356623932199, 'MSE - std': 0.1714979482760632, 'R2 - mean': 0.5447415594562843, 'R2 - std': 0.021642507322076017}
[0]	eval-rmse:9.58478
[100]	eval-rmse:2.14086
[175]	eval-rmse:2.09790
{'MSE - mean': 4.564066905983358, 'MSE - std': 0.17578617727815882, 'R2 - mean': 0.5409115942818372, 'R2 - std': 0.0198822657688207}
[0]	eval-rmse:9.80280
[100]	eval-rmse:2.38814
[199]	eval-rmse:2.34297
{'MSE - mean': 4.748789051283762, 'MSE - std': 0.40150928750800824, 'R2 - mean': 0.5419634331724369, 'R2 - std': 0.01790723468011539}
Trial 27 finished with value: 4.748789051283762 and parameters: {'max_depth': 7, 'alpha': 0.18820116453617167, 'lambda': 0.004927859922159553, 'eta': 0.029475358794455224}. Best is trial 17 with value: 4.556566489097642.
[0]	eval-rmse:9.57937
[100]	eval-rmse:2.12962
[174]	eval-rmse:2.12059
{'MSE - mean': 4.496917644059075, 'MSE - std': 0.0, 'R2 - mean': 0.5898959702205251, 'R2 - std': 0.0}
[0]	eval-rmse:9.38979
[100]	eval-rmse:2.03461
[128]	eval-rmse:2.04077
{'MSE - mean': 4.331395509529855, 'MSE - std': 0.16552213452921993, 'R2 - mean': 0.5729140916401406, 'R2 - std': 0.01698187858038447}
[0]	eval-rmse:9.47845
[100]	eval-rmse:2.13897
[145]	eval-rmse:2.13997
{'MSE - mean': 4.414650812937769, 'MSE - std': 0.17924269144698787, 'R2 - mean': 0.5650159616460179, 'R2 - std': 0.01780497257006419}
[0]	eval-rmse:9.37892
[100]	eval-rmse:2.06446
[116]	eval-rmse:2.06744
{'MSE - mean': 4.379561665086291, 'MSE - std': 0.16670243465138304, 'R2 - mean': 0.5595095434267487, 'R2 - std': 0.018130766971698936}
[0]	eval-rmse:9.60498
[100]	eval-rmse:2.32202
[126]	eval-rmse:2.32667
{'MSE - mean': 4.586330977627679, 'MSE - std': 0.439597492952714, 'R2 - mean': 0.5580702037621277, 'R2 - std': 0.016470171931896937}
Trial 28 finished with value: 4.586330977627679 and parameters: {'max_depth': 5, 'alpha': 0.39933921974769215, 'lambda': 0.012791639816054226, 'eta': 0.051295497061479525}. Best is trial 17 with value: 4.556566489097642.
[0]	eval-rmse:9.74766
[100]	eval-rmse:2.34408
[200]	eval-rmse:2.32005
[204]	eval-rmse:2.32023
{'MSE - mean': 5.383445561026107, 'MSE - std': 0.0, 'R2 - mean': 0.5090475535855223, 'R2 - std': 0.0}
[0]	eval-rmse:9.56354
[100]	eval-rmse:2.24318
[152]	eval-rmse:2.23837
{'MSE - mean': 5.1970198678840305, 'MSE - std': 0.18642569314207647, 'R2 - mean': 0.4874677160173904, 'R2 - std': 0.02157983756813192}
[0]	eval-rmse:9.64711
[100]	eval-rmse:2.26035
[132]	eval-rmse:2.26379
{'MSE - mean': 5.1734966428796545, 'MSE - std': 0.15580878325118727, 'R2 - mean': 0.4901664769488052, 'R2 - std': 0.018028483411197792}
[0]	eval-rmse:9.55212
[100]	eval-rmse:2.22309
[150]	eval-rmse:2.21060
{'MSE - mean': 5.101939244651834, 'MSE - std': 0.183217538535661, 'R2 - mean': 0.486987588290394, 'R2 - std': 0.01655553260661227}
[0]	eval-rmse:9.76896
[100]	eval-rmse:2.42311
[163]	eval-rmse:2.39852
{'MSE - mean': 5.232258423528163, 'MSE - std': 0.3078754401923853, 'R2 - mean': 0.4944269619731285, 'R2 - std': 0.02099156142539982}
Trial 29 finished with value: 5.232258423528163 and parameters: {'max_depth': 12, 'alpha': 1.9095848986854398e-06, 'lambda': 0.1384626577363136, 'eta': 0.033457612383389464}. Best is trial 17 with value: 4.556566489097642.
[0]	eval-rmse:9.63769
[100]	eval-rmse:2.15551
[200]	eval-rmse:2.13180
[208]	eval-rmse:2.13236
{'MSE - mean': 4.5469771792736156, 'MSE - std': 0.0, 'R2 - mean': 0.585330706022838, 'R2 - std': 0.0}
[0]	eval-rmse:9.44953
[100]	eval-rmse:2.02151
[141]	eval-rmse:2.02469
{'MSE - mean': 4.321582225453097, 'MSE - std': 0.22539495382051822, 'R2 - mean': 0.5743456091226122, 'R2 - std': 0.0109850969002257}
[0]	eval-rmse:9.54040
[100]	eval-rmse:2.16975
[200]	eval-rmse:2.14861
[251]	eval-rmse:2.14711
{'MSE - mean': 4.417756441068584, 'MSE - std': 0.22883957183365497, 'R2 - mean': 0.5650209739958544, 'R2 - std': 0.015948224867757717}
[0]	eval-rmse:9.43674
[100]	eval-rmse:2.08232
[116]	eval-rmse:2.08339
{'MSE - mean': 4.398058520230087, 'MSE - std': 0.20109621200767774, 'R2 - mean': 0.5577846510372846, 'R2 - std': 0.0186508047334853}
[0]	eval-rmse:9.66422
[100]	eval-rmse:2.31810
[200]	eval-rmse:2.29792
[214]	eval-rmse:2.29970
{'MSE - mean': 4.576173735290235, 'MSE - std': 0.39906373993481353, 'R2 - mean': 0.5587540378659691, 'R2 - std': 0.01679407208093935}
Trial 30 finished with value: 4.576173735290235 and parameters: {'max_depth': 4, 'alpha': 0.03838422140025142, 'lambda': 0.000923807896858127, 'eta': 0.04507367773002243}. Best is trial 17 with value: 4.556566489097642.
[0]	eval-rmse:9.41703
[100]	eval-rmse:2.14158
[168]	eval-rmse:2.13673
{'MSE - mean': 4.565637339483248, 'MSE - std': 0.0, 'R2 - mean': 0.5836289610712908, 'R2 - std': 0.0}
[0]	eval-rmse:9.22752
[100]	eval-rmse:2.01584
[109]	eval-rmse:2.02053
{'MSE - mean': 4.324095600717264, 'MSE - std': 0.24154173876598373, 'R2 - mean': 0.5742213739591914, 'R2 - std': 0.009407587112099436}
[0]	eval-rmse:9.32137
[100]	eval-rmse:2.14495
[160]	eval-rmse:2.14079
{'MSE - mean': 4.410774281277748, 'MSE - std': 0.23220966468145934, 'R2 - mean': 0.5657900611828397, 'R2 - std': 0.014183647877509094}
[0]	eval-rmse:9.21425
[79]	eval-rmse:2.08930
{'MSE - mean': 4.399292853583617, 'MSE - std': 0.20208034497271998, 'R2 - mean': 0.5576695888218837, 'R2 - std': 0.018673727919995674}
[0]	eval-rmse:9.44756
[100]	eval-rmse:2.31170
[160]	eval-rmse:2.31226
{'MSE - mean': 4.588745552627798, 'MSE - std': 0.4198076623406664, 'R2 - mean': 0.5577039659442536, 'R2 - std': 0.016702431520296396}
Trial 31 finished with value: 4.588745552627798 and parameters: {'max_depth': 4, 'alpha': 8.863573093479814e-05, 'lambda': 0.11089963236769336, 'eta': 0.06863444556055658}. Best is trial 17 with value: 4.556566489097642.
[0]	eval-rmse:9.38972
[100]	eval-rmse:2.12843
[101]	eval-rmse:2.12883
{'MSE - mean': 4.531927299278828, 'MSE - std': 0.0, 'R2 - mean': 0.5867032053483958, 'R2 - std': 0.0}
[0]	eval-rmse:9.19887
[81]	eval-rmse:2.05277
{'MSE - mean': 4.376002515222778, 'MSE - std': 0.15592478405605004, 'R2 - mean': 0.5684287101493227, 'R2 - std': 0.018274495199073093}
[0]	eval-rmse:9.28815
[85]	eval-rmse:2.15398
{'MSE - mean': 4.462956625736247, 'MSE - std': 0.1770039364693931, 'R2 - mean': 0.5601986591720343, 'R2 - std': 0.018923678149296554}
[0]	eval-rmse:9.18833
[78]	eval-rmse:2.07612
{'MSE - mean': 4.424780691857424, 'MSE - std': 0.16694310685621747, 'R2 - mean': 0.554935386786826, 'R2 - std': 0.018753274504104942}
[0]	eval-rmse:9.41826
[89]	eval-rmse:2.31300
{'MSE - mean': 4.608052973081754, 'MSE - std': 0.395791506985843, 'R2 - mean': 0.5556061556836989, 'R2 - std': 0.016827001139629674}
Trial 32 finished with value: 4.608052973081754 and parameters: {'max_depth': 5, 'alpha': 0.0012215414556796152, 'lambda': 0.054631863512032516, 'eta': 0.07149735542812805}. Best is trial 17 with value: 4.556566489097642.
[0]	eval-rmse:8.99327
[71]	eval-rmse:2.13989
{'MSE - mean': 4.578722610407883, 'MSE - std': 0.0, 'R2 - mean': 0.5824356276011886, 'R2 - std': 0.0}
[0]	eval-rmse:8.81092
[59]	eval-rmse:2.09251
{'MSE - mean': 4.47866083492895, 'MSE - std': 0.10006177547893369, 'R2 - mean': 0.5578460068348695, 'R2 - std': 0.024589620766319098}
[0]	eval-rmse:8.89730
[61]	eval-rmse:2.16594
{'MSE - mean': 4.553059576741064, 'MSE - std': 0.13321130397898828, 'R2 - mean': 0.5510118073273759, 'R2 - std': 0.022282553686027835}
[0]	eval-rmse:8.79097
[54]	eval-rmse:2.08539
{'MSE - mean': 4.503004468352175, 'MSE - std': 0.14431036088343518, 'R2 - mean': 0.5469069119488429, 'R2 - std': 0.020565374960941987}
[0]	eval-rmse:9.02898
[67]	eval-rmse:2.32690
{'MSE - mean': 4.68411222804653, 'MSE - std': 0.3845262886886666, 'R2 - mean': 0.5480685647276851, 'R2 - std': 0.018540373959056975}
Trial 33 finished with value: 4.68411222804653 and parameters: {'max_depth': 6, 'alpha': 0.008628468521035737, 'lambda': 0.1763417532707782, 'eta': 0.11297792355052731}. Best is trial 17 with value: 4.556566489097642.
[0]	eval-rmse:9.54976
[100]	eval-rmse:2.15310
[119]	eval-rmse:2.15749
{'MSE - mean': 4.65325230739402, 'MSE - std': 0.0, 'R2 - mean': 0.5756387655077417, 'R2 - std': 0.0}
[0]	eval-rmse:9.36592
[100]	eval-rmse:2.10130
[102]	eval-rmse:2.10261
{'MSE - mean': 4.537107501258224, 'MSE - std': 0.1161448061357957, 'R2 - mean': 0.5521896667920777, 'R2 - std': 0.02344909871566403}
[0]	eval-rmse:9.45052
[100]	eval-rmse:2.19443
[102]	eval-rmse:2.19499
{'MSE - mean': 4.630732469586785, 'MSE - std': 0.16286296914050916, 'R2 - mean': 0.5434320531939106, 'R2 - std': 0.022802742793815493}
[0]	eval-rmse:9.35449
[88]	eval-rmse:2.10907
{'MSE - mean': 4.585091843089849, 'MSE - std': 0.16168630244719304, 'R2 - mean': 0.5386738914024665, 'R2 - std': 0.021398460694436773}
[0]	eval-rmse:9.57200
[99]	eval-rmse:2.34944
{'MSE - mean': 4.771472879358376, 'MSE - std': 0.399831878470635, 'R2 - mean': 0.5396883299736018, 'R2 - std': 0.01924660070068252}
Trial 34 finished with value: 4.771472879358376 and parameters: {'max_depth': 7, 'alpha': 0.00012188155133567763, 'lambda': 0.00945215639041966, 'eta': 0.05400291024854092}. Best is trial 17 with value: 4.556566489097642.
[0]	eval-rmse:9.85125
[100]	eval-rmse:2.45091
[200]	eval-rmse:2.14944
[282]	eval-rmse:2.13538
{'MSE - mean': 4.559907191880284, 'MSE - std': 0.0, 'R2 - mean': 0.5841515315983076, 'R2 - std': 0.0}
[0]	eval-rmse:9.66705
[100]	eval-rmse:2.28133
[200]	eval-rmse:2.04311
[256]	eval-rmse:2.04291
{'MSE - mean': 4.366650242261796, 'MSE - std': 0.19325694961848772, 'R2 - mean': 0.5696410736387028, 'R2 - std': 0.014510457959604872}
[0]	eval-rmse:9.75353
[100]	eval-rmse:2.37854
[200]	eval-rmse:2.14202
[241]	eval-rmse:2.14310
{'MSE - mean': 4.44196691578401, 'MSE - std': 0.19037866215728716, 'R2 - mean': 0.5624587605738823, 'R2 - std': 0.015605773570076163}
[0]	eval-rmse:9.65328
[100]	eval-rmse:2.29615
[200]	eval-rmse:2.05408
[263]	eval-rmse:2.04734
{'MSE - mean': 4.379084275475802, 'MSE - std': 0.19759986237341698, 'R2 - mean': 0.5598331740654428, 'R2 - std': 0.014259601680280726}
[0]	eval-rmse:9.87283
[100]	eval-rmse:2.56458
[200]	eval-rmse:2.30376
[280]	eval-rmse:2.29284
{'MSE - mean': 4.554693797852973, 'MSE - std': 0.3931811057084863, 'R2 - mean': 0.5609139090965723, 'R2 - std': 0.012936032811270037}
Trial 35 finished with value: 4.554693797852973 and parameters: {'max_depth': 6, 'alpha': 0.18490053589475178, 'lambda': 0.9805724190054984, 'eta': 0.0222943995238851}. Best is trial 35 with value: 4.554693797852973.
[0]	eval-rmse:9.91311
[100]	eval-rmse:2.98826
[200]	eval-rmse:2.18919
[300]	eval-rmse:2.14222
[333]	eval-rmse:2.14242
{'MSE - mean': 4.589975308073878, 'MSE - std': 0.0, 'R2 - mean': 0.5814094187568235, 'R2 - std': 0.0}
[0]	eval-rmse:9.72742
[100]	eval-rmse:2.83367
[200]	eval-rmse:2.08257
[300]	eval-rmse:2.05098
[359]	eval-rmse:2.05137
{'MSE - mean': 4.399550896502461, 'MSE - std': 0.19042441157141665, 'R2 - mean': 0.5663654994624825, 'R2 - std': 0.015043919294341013}
[0]	eval-rmse:9.81454
[100]	eval-rmse:2.93166
[200]	eval-rmse:2.19990
[300]	eval-rmse:2.16350
[366]	eval-rmse:2.16194
{'MSE - mean': 4.491030731938188, 'MSE - std': 0.20226572851303443, 'R2 - mean': 0.5576054833108636, 'R2 - std': 0.01744578567380514}
[0]	eval-rmse:9.71517
[100]	eval-rmse:2.83897
[200]	eval-rmse:2.10721
[300]	eval-rmse:2.07229
[319]	eval-rmse:2.07263
{'MSE - mean': 4.44222320713899, 'MSE - std': 0.19449959416218424, 'R2 - mean': 0.5533768155702701, 'R2 - std': 0.01679021950164046}
[0]	eval-rmse:9.93403
[100]	eval-rmse:3.10120
[200]	eval-rmse:2.36314
[300]	eval-rmse:2.31906
[385]	eval-rmse:2.31724
{'MSE - mean': 4.6276942102638285, 'MSE - std': 0.4097097090672127, 'R2 - mean': 0.5538889669983356, 'R2 - std': 0.015052520488997578}
Trial 36 finished with value: 4.6276942102638285 and parameters: {'max_depth': 6, 'alpha': 0.22548981511134036, 'lambda': 0.04005535703607656, 'eta': 0.015648222866666586}. Best is trial 35 with value: 4.554693797852973.
[0]	eval-rmse:9.85477
[100]	eval-rmse:2.50676
[200]	eval-rmse:2.21745
[273]	eval-rmse:2.21257
{'MSE - mean': 4.8954957623662425, 'MSE - std': 0.0, 'R2 - mean': 0.5535469628697598, 'R2 - std': 0.0}
[0]	eval-rmse:9.67054
[100]	eval-rmse:2.35969
[197]	eval-rmse:2.14837
{'MSE - mean': 4.756408843904353, 'MSE - std': 0.13908691846188903, 'R2 - mean': 0.5306781558632537, 'R2 - std': 0.022868807006506064}
[0]	eval-rmse:9.75720
[100]	eval-rmse:2.40405
[200]	eval-rmse:2.18414
[233]	eval-rmse:2.18319
{'MSE - mean': 4.7597197793178045, 'MSE - std': 0.11366048204238298, 'R2 - mean': 0.530784840218254, 'R2 - std': 0.018672912262698006}
[0]	eval-rmse:9.65713
[100]	eval-rmse:2.31909
[200]	eval-rmse:2.08663
[267]	eval-rmse:2.08494
{'MSE - mean': 4.656538617330591, 'MSE - std': 0.20402961905241768, 'R2 - mean': 0.5318928977956365, 'R2 - std': 0.016284704911732287}
[0]	eval-rmse:9.87580
[100]	eval-rmse:2.60965
[200]	eval-rmse:2.36231
[238]	eval-rmse:2.36141
{'MSE - mean': 4.840530284324428, 'MSE - std': 0.41074834443150693, 'R2 - mean': 0.5332794100304087, 'R2 - std': 0.014827102075538863}
Trial 37 finished with value: 4.840530284324428 and parameters: {'max_depth': 9, 'alpha': 0.09281707717794278, 'lambda': 0.3039726149805524, 'eta': 0.021916618226864904}. Best is trial 35 with value: 4.554693797852973.
[0]	eval-rmse:9.77567
[100]	eval-rmse:2.19795
[184]	eval-rmse:2.13514
{'MSE - mean': 4.558806594705072, 'MSE - std': 0.0, 'R2 - mean': 0.5842519024239361, 'R2 - std': 0.0}
[0]	eval-rmse:9.59028
[100]	eval-rmse:2.10073
[181]	eval-rmse:2.04414
{'MSE - mean': 4.368654610688239, 'MSE - std': 0.19015198401683397, 'R2 - mean': 0.5694189403262034, 'R2 - std': 0.01483296209773266}
[0]	eval-rmse:9.67721
[100]	eval-rmse:2.21251
[159]	eval-rmse:2.17006
{'MSE - mean': 4.4808403462920685, 'MSE - std': 0.2219830246429597, 'R2 - mean': 0.5586170617486039, 'R2 - std': 0.01949458911268087}
[0]	eval-rmse:9.57798
[100]	eval-rmse:2.11880
[169]	eval-rmse:2.07915
{'MSE - mean': 4.441183882346361, 'MSE - std': 0.2041451758437098, 'R2 - mean': 0.5534294536232184, 'R2 - std': 0.019124933665032387}
[0]	eval-rmse:9.79886
[100]	eval-rmse:2.36969
[167]	eval-rmse:2.32524
{'MSE - mean': 4.634275393414559, 'MSE - std': 0.42717388595583394, 'R2 - mean': 0.5533180542012672, 'R2 - std': 0.017107311579507622}
Trial 38 finished with value: 4.634275393414559 and parameters: {'max_depth': 6, 'alpha': 0.013607438480857723, 'lambda': 2.1087710003294135e-06, 'eta': 0.030091875761742853}. Best is trial 35 with value: 4.554693797852973.
[0]	eval-rmse:9.96498
[100]	eval-rmse:4.13897
[200]	eval-rmse:2.53701
[300]	eval-rmse:2.23623
[400]	eval-rmse:2.19478
[500]	eval-rmse:2.19207
{'MSE - mean': 4.805153359457246, 'MSE - std': 0.0, 'R2 - mean': 0.561785891492766, 'R2 - std': 0.0}
[0]	eval-rmse:9.77927
[100]	eval-rmse:4.01782
[200]	eval-rmse:2.44117
[300]	eval-rmse:2.17359
[400]	eval-rmse:2.14723
[408]	eval-rmse:2.14713
{'MSE - mean': 4.707891974383059, 'MSE - std': 0.09726138507418725, 'R2 - mean': 0.535154256894244, 'R2 - std': 0.026631634598522025}
[0]	eval-rmse:9.86617
[100]	eval-rmse:4.04567
[200]	eval-rmse:2.47194
[300]	eval-rmse:2.22568
[400]	eval-rmse:2.20120
[426]	eval-rmse:2.20173
{'MSE - mean': 4.7545187045154025, 'MSE - std': 0.10322122816246823, 'R2 - mean': 0.5310980221556353, 'R2 - std': 0.022488561272393334}
[0]	eval-rmse:9.76780
[100]	eval-rmse:3.98245
[200]	eval-rmse:2.40886
[300]	eval-rmse:2.14750
[400]	eval-rmse:2.11760
[470]	eval-rmse:2.11593
{'MSE - mean': 4.685174260241753, 'MSE - std': 0.1497228182756045, 'R2 - mean': 0.5286489705785715, 'R2 - std': 0.01993226284088181}
[0]	eval-rmse:9.98477
[100]	eval-rmse:4.23071
[200]	eval-rmse:2.66945
[300]	eval-rmse:2.39030
[400]	eval-rmse:2.34958
[498]	eval-rmse:2.34635
{'MSE - mean': 4.849212856742655, 'MSE - std': 0.354356010839175, 'R2 - mean': 0.531860749170763, 'R2 - std': 0.018949885711197188}
Trial 39 finished with value: 4.849212856742655 and parameters: {'max_depth': 8, 'alpha': 0.038559352036539325, 'lambda': 0.0016342763202829317, 'eta': 0.010153801458225257}. Best is trial 35 with value: 4.554693797852973.
[0]	eval-rmse:9.92096
[100]	eval-rmse:3.14099
[200]	eval-rmse:2.22261
[300]	eval-rmse:2.15094
[400]	eval-rmse:2.13518
[499]	eval-rmse:2.12984
{'MSE - mean': 4.536210806383704, 'MSE - std': 0.0, 'R2 - mean': 0.586312563654608, 'R2 - std': 0.0}
[0]	eval-rmse:9.73521
[100]	eval-rmse:2.94811
[200]	eval-rmse:2.08221
[300]	eval-rmse:2.00703
[365]	eval-rmse:2.00547
{'MSE - mean': 4.279061052506436, 'MSE - std': 0.25714975387726824, 'R2 - mean': 0.5787953196854885, 'R2 - std': 0.007517243969119569}
[0]	eval-rmse:9.82202
[100]	eval-rmse:3.05954
[200]	eval-rmse:2.20702
[300]	eval-rmse:2.15182
[400]	eval-rmse:2.14626
[403]	eval-rmse:2.14618
{'MSE - mean': 4.387920281695954, 'MSE - std': 0.2603548748130105, 'R2 - mean': 0.5681339348963798, 'R2 - std': 0.016278909336020962}
[0]	eval-rmse:9.72247
[100]	eval-rmse:2.96331
[200]	eval-rmse:2.11957
[300]	eval-rmse:2.05645
[375]	eval-rmse:2.05200
{'MSE - mean': 4.343185480156953, 'MSE - std': 0.23841581959965452, 'R2 - mean': 0.563593852058237, 'R2 - std': 0.01614277619895002}
[0]	eval-rmse:9.94143
[100]	eval-rmse:3.25297
[200]	eval-rmse:2.38934
[300]	eval-rmse:2.32244
[400]	eval-rmse:2.31683
[417]	eval-rmse:2.31788
{'MSE - mean': 4.548795189031564, 'MSE - std': 0.4632225080480317, 'R2 - mean': 0.5620352093318208, 'R2 - std': 0.014771216853121823}
Trial 40 finished with value: 4.548795189031564 and parameters: {'max_depth': 5, 'alpha': 0.4494085782255392, 'lambda': 0.9859000550336783, 'eta': 0.014982042518178994}. Best is trial 40 with value: 4.548795189031564.
[0]	eval-rmse:9.91575
[100]	eval-rmse:3.05970
[200]	eval-rmse:2.20883
[300]	eval-rmse:2.14924
[400]	eval-rmse:2.13150
[500]	eval-rmse:2.11939
[542]	eval-rmse:2.11917
{'MSE - mean': 4.491779802566204, 'MSE - std': 0.0, 'R2 - mean': 0.590364524387484, 'R2 - std': 0.0}
[0]	eval-rmse:9.73023
[100]	eval-rmse:2.87071
[200]	eval-rmse:2.07147
[300]	eval-rmse:2.01191
[359]	eval-rmse:2.01219
{'MSE - mean': 4.2703374025803535, 'MSE - std': 0.22144239998585036, 'R2 - mean': 0.5793831149914725, 'R2 - std': 0.010981409396011443}
[0]	eval-rmse:9.81722
[100]	eval-rmse:2.98391
[200]	eval-rmse:2.19809
[300]	eval-rmse:2.15140
[400]	eval-rmse:2.14670
[493]	eval-rmse:2.14424
{'MSE - mean': 4.379482651785724, 'MSE - std': 0.23773205194616404, 'R2 - mean': 0.5687837863562112, 'R2 - std': 0.01746670460958259}
[0]	eval-rmse:9.71767
[100]	eval-rmse:2.89059
[200]	eval-rmse:2.11486
[300]	eval-rmse:2.07140
[323]	eval-rmse:2.07167
{'MSE - mean': 4.357562890993291, 'MSE - std': 0.2093533475526309, 'R2 - mean': 0.5618673838171778, 'R2 - std': 0.01929570417695748}
[0]	eval-rmse:9.93670
[100]	eval-rmse:3.17469
[200]	eval-rmse:2.37347
[300]	eval-rmse:2.31442
[400]	eval-rmse:2.30273
[435]	eval-rmse:2.30194
{'MSE - mean': 4.545803895621836, 'MSE - std': 0.4204780167850038, 'R2 - mean': 0.5618526196386723, 'R2 - std': 0.017258627745901218}
