Trial 26 finished with value: 760105.3833179559 and parameters: {'max_depth': 5, 'alpha': 0.0012510587457692489, 'lambda': 0.013362951471578313, 'eta': 0.06342931490117476}. Best is trial 15 with value: 729096.643634782.
[0]	train-rmse:27807.05273	eval-rmse:30318.62891
[69]	train-rmse:568.26263	eval-rmse:946.04273
Saved Losses
{'MSE - mean': 894996.8415038944, 'MSE - std': 0.0, 'R2 - mean': 0.9990094759897639, 'R2 - std': 0.0} 
 

[0]	train-rmse:28696.59961	eval-rmse:26797.28320
[100]	train-rmse:523.84717	eval-rmse:813.37988
[200]	train-rmse:397.74674	eval-rmse:801.48407
[205]	train-rmse:394.66852	eval-rmse:801.70544
Saved Losses
{'MSE - mean': 768973.8288831061, 'MSE - std': 126023.01262078824, 'R2 - mean': 0.9990776646457755, 'R2 - std': 6.818865601171398e-05} 
 

[0]	train-rmse:29091.01758	eval-rmse:25039.01758
[100]	train-rmse:522.92505	eval-rmse:907.04462
[131]	train-rmse:474.89853	eval-rmse:906.16791
Saved Losses
{'MSE - mean': 786362.661515629, 'MSE - std': 105795.12972717611, 'R2 - mean': 0.9989803988976323, 'R2 - std': 0.00014839490129212057} 
 

[0]	train-rmse:27884.94336	eval-rmse:30029.97266
[83]	train-rmse:565.30139	eval-rmse:863.75903
Saved Losses
{'MSE - mean': 777496.4564260574, 'MSE - std': 92899.33198663789, 'R2 - mean': 0.9990251931738606, 'R2 - std': 0.0001501178423624315} 
 

[0]	train-rmse:28133.53906	eval-rmse:29088.66602
[100]	train-rmse:519.26141	eval-rmse:767.75360
[114]	train-rmse:492.08170	eval-rmse:765.00317
Saved Losses
{'MSE - mean': 738945.4071040086, 'MSE - std': 113353.26339446518, 'R2 - mean': 0.9990828776193398, 'R2 - std': 0.00017702619658518153} 
 

Results After CV: {'MSE - mean': 738945.4071040086, 'MSE - std': 113353.26339446518, 'R2 - mean': 0.9990828776193398, 'R2 - std': 0.00017702619658518153}
Train time: 0.4242614506000052
Inference time: 0.012634030800006713
Finished cross validation
Trial 27 finished with value: 738945.4071040086 and parameters: {'max_depth': 3, 'alpha': 0.28198618919025187, 'lambda': 1.6322331324086544e-06, 'eta': 0.12172801870601721}. Best is trial 15 with value: 729096.643634782.
[0]	train-rmse:30727.78125	eval-rmse:33502.67969
[100]	train-rmse:1686.87378	eval-rmse:1934.36279
[200]	train-rmse:546.37048	eval-rmse:949.53516
[214]	train-rmse:531.86914	eval-rmse:950.38348
Saved Losses
{'MSE - mean': 903589.1984583768, 'MSE - std': 0.0, 'R2 - mean': 0.9989999665306537, 'R2 - std': 0.0} 
 

[0]	train-rmse:31710.86523	eval-rmse:29611.99609
[100]	train-rmse:1729.89990	eval-rmse:1728.77722
[200]	train-rmse:546.70020	eval-rmse:838.34686
[300]	train-rmse:434.96124	eval-rmse:818.10821
[356]	train-rmse:394.20898	eval-rmse:819.45819
Saved Losses
{'MSE - mean': 787550.4826682047, 'MSE - std': 116038.71579017211, 'R2 - mean': 0.9990539386037584, 'R2 - std': 5.397207310464669e-05} 
 

[0]	train-rmse:32147.08398	eval-rmse:27667.10156
[100]	train-rmse:1755.07935	eval-rmse:1687.99194
[200]	train-rmse:565.40607	eval-rmse:906.58185
[283]	train-rmse:469.14438	eval-rmse:894.73938
Saved Losses
{'MSE - mean': 791796.9794265901, 'MSE - std': 94935.35262268134, 'R2 - mean': 0.9989748579342274, 'R2 - std': 0.00012020604964145873} 
 

[0]	train-rmse:30813.81836	eval-rmse:33185.19531
[100]	train-rmse:1685.49292	eval-rmse:1890.10742
[200]	train-rmse:544.63977	eval-rmse:843.18976
[244]	train-rmse:499.69778	eval-rmse:843.66986
Saved Losses
{'MSE - mean': 771792.4605181357, 'MSE - std': 89219.29843632913, 'R2 - mean': 0.999031983179179, 'R2 - std': 0.00014362103470632286} 
 

[0]	train-rmse:31088.44336	eval-rmse:32143.93359
[100]	train-rmse:1697.09802	eval-rmse:1818.09766
[200]	train-rmse:543.04504	eval-rmse:794.96491
[300]	train-rmse:439.55859	eval-rmse:764.25299
[400]	train-rmse:374.67127	eval-rmse:757.96551
[455]	train-rmse:345.56082	eval-rmse:756.97253
Saved Losses
{'MSE - mean': 732035.4610085367, 'MSE - std': 112652.30850187496, 'R2 - mean': 0.9990910642996752, 'R2 - std': 0.00017453915458848262} 
 

Results After CV: {'MSE - mean': 732035.4610085367, 'MSE - std': 112652.30850187496, 'R2 - mean': 0.9990910642996752, 'R2 - std': 0.00017453915458848262}
Train time: 0.8570919566000044
Inference time: 0.017302837599999066
Finished cross validation
Trial 28 finished with value: 732035.4610085367 and parameters: {'max_depth': 4, 'alpha': 0.004531588104405807, 'lambda': 0.0002308510550159056, 'eta': 0.02938569694868801}. Best is trial 15 with value: 729096.643634782.
[0]	train-rmse:31025.49805	eval-rmse:33827.39062
[100]	train-rmse:4137.97559	eval-rmse:4584.10498
[200]	train-rmse:561.63062	eval-rmse:1125.08728
[300]	train-rmse:90.56789	eval-rmse:968.43024
[337]	train-rmse:55.69362	eval-rmse:967.94360
Saved Losses
{'MSE - mean': 936914.9120526063, 'MSE - std': 0.0, 'R2 - mean': 0.9989630838089026, 'R2 - std': 0.0} 
 

[0]	train-rmse:32018.16406	eval-rmse:29898.95703
[100]	train-rmse:4269.82422	eval-rmse:4074.34912
[200]	train-rmse:581.28674	eval-rmse:1054.66113
[300]	train-rmse:108.02049	eval-rmse:915.01862
[354]	train-rmse:63.64544	eval-rmse:912.55939
Saved Losses
{'MSE - mean': 884827.2140787881, 'MSE - std': 52087.697973818285, 'R2 - mean': 0.9989284033982377, 'R2 - std': 3.468041066490013e-05} 
 

[0]	train-rmse:32458.67383	eval-rmse:27935.12305
[100]	train-rmse:4329.38721	eval-rmse:3821.13647
[200]	train-rmse:587.70740	eval-rmse:984.44250
[300]	train-rmse:103.14033	eval-rmse:854.86890
[369]	train-rmse:53.14774	eval-rmse:851.20618
Saved Losses
{'MSE - mean': 831410.1222966177, 'MSE - std': 86692.11945579265, 'R2 - mean': 0.9989284845521836, 'R2 - std': 2.831666931655772e-05} 
 

[0]	train-rmse:31112.34570	eval-rmse:33506.82422
[100]	train-rmse:4150.79053	eval-rmse:4565.70361
[200]	train-rmse:565.93347	eval-rmse:1163.51050
[300]	train-rmse:95.92716	eval-rmse:1006.86774
[341]	train-rmse:58.72989	eval-rmse:1005.53925
Saved Losses
{'MSE - mean': 876330.8197379989, 'MSE - std': 108121.45882138009, 'R2 - mean': 0.998913453176427, 'R2 - std': 3.5765934802651106e-05} 
 

[0]	train-rmse:31389.67383	eval-rmse:32455.58008
[100]	train-rmse:4187.93945	eval-rmse:4389.92725
[200]	train-rmse:566.74512	eval-rmse:969.08032
[300]	train-rmse:93.90603	eval-rmse:779.59320
[400]	train-rmse:37.35245	eval-rmse:774.75189
[499]	train-rmse:24.00246	eval-rmse:774.07117
Saved Losses
{'MSE - mean': 820901.8757375448, 'MSE - std': 147111.08462027126, 'R2 - mean': 0.9989900944631147, 'R2 - std': 0.00015658514927799184} 
 

Results After CV: {'MSE - mean': 820901.8757375448, 'MSE - std': 147111.08462027126, 'R2 - mean': 0.9989900944631147, 'R2 - std': 0.00015658514927799184}
Train time: 5.551347866399993
Inference time: 0.04173636059998671
Finished cross validation
Trial 29 finished with value: 820901.8757375448 and parameters: {'max_depth': 9, 'alpha': 0.042616761078454225, 'lambda': 0.00026797453238883005, 'eta': 0.019966763000119188}. Best is trial 15 with value: 729096.643634782.
[0]	train-rmse:22335.11719	eval-rmse:24346.55859
[39]	train-rmse:344.13614	eval-rmse:998.32526
Saved Losses
{'MSE - mean': 996653.3244348677, 'MSE - std': 0.0, 'R2 - mean': 0.9988969692383768, 'R2 - std': 0.0} 
 

[0]	train-rmse:23048.44727	eval-rmse:21528.63477
[63]	train-rmse:243.91332	eval-rmse:845.16077
Saved Losses
{'MSE - mean': 855605.9225301459, 'MSE - std': 141047.4019047218, 'R2 - mean': 0.9989738466020691, 'R2 - std': 7.687736369232923e-05} 
 

[0]	train-rmse:23365.03711	eval-rmse:20121.74609
[56]	train-rmse:276.65637	eval-rmse:880.49365
Saved Losses
{'MSE - mean': 828827.0029669338, 'MSE - std': 121231.7372720281, 'R2 - mean': 0.9989337951334679, 'R2 - std': 8.454777528963092e-05} 
 

[0]	train-rmse:22397.27344	eval-rmse:24122.23438
[48]	train-rmse:315.42795	eval-rmse:895.68188
Saved Losses
{'MSE - mean': 822781.8383683707, 'MSE - std': 105510.58068538293, 'R2 - mean': 0.9989752011770902, 'R2 - std': 0.00010249207810930659} 
 

[0]	train-rmse:22596.74414	eval-rmse:23362.52930
[68]	train-rmse:238.93133	eval-rmse:773.27533
Saved Losses
{'MSE - mean': 777816.4238981372, 'MSE - std': 130359.27317675909, 'R2 - mean': 0.9990397819380206, 'R2 - std': 0.00015838686684696373} 
 

Results After CV: {'MSE - mean': 777816.4238981372, 'MSE - std': 130359.27317675909, 'R2 - mean': 0.9990397819380206, 'R2 - std': 0.00015838686684696373}
Train time: 0.3820155915999976
Inference time: 0.01898922940000034
Finished cross validation
Trial 30 finished with value: 777816.4238981372 and parameters: {'max_depth': 4, 'alpha': 0.197365231222476, 'lambda': 0.002366940688074333, 'eta': 0.2947370806734489}. Best is trial 15 with value: 729096.643634782.
[0]	train-rmse:30748.70508	eval-rmse:33525.62891
[100]	train-rmse:1748.77747	eval-rmse:2047.88452
[200]	train-rmse:382.97388	eval-rmse:981.11877
[210]	train-rmse:367.19498	eval-rmse:981.16296
Saved Losses
{'MSE - mean': 962452.7990472248, 'MSE - std': 0.0, 'R2 - mean': 0.9989348201446461, 'R2 - std': 0.0} 
 

[0]	train-rmse:31732.48828	eval-rmse:29632.35938
[100]	train-rmse:1806.09729	eval-rmse:1835.31116
[200]	train-rmse:423.62753	eval-rmse:878.43414
[300]	train-rmse:315.65472	eval-rmse:866.62054
[337]	train-rmse:284.95596	eval-rmse:867.06964
Saved Losses
{'MSE - mean': 856990.2094328937, 'MSE - std': 105462.58961433114, 'R2 - mean': 0.9989682157180679, 'R2 - std': 3.339557342191268e-05} 
 

[0]	train-rmse:32169.03906	eval-rmse:27685.91406
[100]	train-rmse:1827.32336	eval-rmse:1748.19885
[200]	train-rmse:425.63480	eval-rmse:868.23663
[267]	train-rmse:339.62888	eval-rmse:860.13043
Saved Losses
{'MSE - mean': 817934.9179104157, 'MSE - std': 102301.20623556712, 'R2 - mean': 0.9989475107065364, 'R2 - std': 4.0011305333498475e-05} 
 

[0]	train-rmse:30834.82812	eval-rmse:33207.76953
[100]	train-rmse:1754.76709	eval-rmse:1992.31323
[200]	train-rmse:412.25269	eval-rmse:838.95093
[239]	train-rmse:374.78006	eval-rmse:834.82971
Saved Losses
{'MSE - mean': 787686.3731850529, 'MSE - std': 102927.52776563635, 'R2 - mean': 0.99901562457144, 'R2 - std': 0.000122960051204359} 
 

[0]	train-rmse:31109.62305	eval-rmse:32165.82227
[100]	train-rmse:1756.76697	eval-rmse:1912.57776
[200]	train-rmse:368.09137	eval-rmse:777.34637
[300]	train-rmse:265.11432	eval-rmse:754.50903
[400]	train-rmse:203.92563	eval-rmse:746.94324
[425]	train-rmse:193.33022	eval-rmse:747.56311
Saved Losses
{'MSE - mean': 741919.2124526439, 'MSE - std': 129822.1582919545, 'R2 - mean': 0.9990813009601966, 'R2 - std': 0.00017131518179719387} 
 

Results After CV: {'MSE - mean': 741919.2124526439, 'MSE - std': 129822.1582919545, 'R2 - mean': 0.9990813009601966, 'R2 - std': 0.00017131518179719387}
Train time: 1.1923074410000083
Inference time: 0.016629434599997238
Finished cross validation
Trial 31 finished with value: 741919.2124526439 and parameters: {'max_depth': 5, 'alpha': 0.005153523718561976, 'lambda': 2.3796776435873353e-05, 'eta': 0.02872109021057431}. Best is trial 15 with value: 729096.643634782.
[0]	train-rmse:30302.92383	eval-rmse:33039.42188
[100]	train-rmse:809.42401	eval-rmse:1047.91003
[170]	train-rmse:616.64691	eval-rmse:956.65253
Saved Losses
{'MSE - mean': 915183.9748093409, 'MSE - std': 0.0, 'R2 - mean': 0.9989871341899835, 'R2 - std': 0.0} 
 

[0]	train-rmse:31272.45117	eval-rmse:29203.09961
[100]	train-rmse:829.86743	eval-rmse:965.78668
[200]	train-rmse:603.94867	eval-rmse:830.98822
[293]	train-rmse:534.59668	eval-rmse:812.51764
Saved Losses
{'MSE - mean': 787752.6068255366, 'MSE - std': 127431.36798380426, 'R2 - mean': 0.9990549556245256, 'R2 - std': 6.782143454214795e-05} 
 

[0]	train-rmse:31702.55469	eval-rmse:27285.56250
[100]	train-rmse:822.48523	eval-rmse:1018.81482
[200]	train-rmse:595.09778	eval-rmse:910.99390
[226]	train-rmse:565.45300	eval-rmse:911.86054
Saved Losses
{'MSE - mean': 802386.9319163376, 'MSE - std': 106085.63823255712, 'R2 - mean': 0.9989600769547232, 'R2 - std': 0.00014515654293170634} 
 

[0]	train-rmse:30387.80273	eval-rmse:32726.11914
[100]	train-rmse:818.75031	eval-rmse:953.57031
[160]	train-rmse:643.30219	eval-rmse:857.66797
Saved Losses
{'MSE - mean': 785401.0781210082, 'MSE - std': 96468.54236939449, 'R2 - mean': 0.9990145557414702, 'R2 - std': 0.0001571834313253433} 
 

[0]	train-rmse:30658.66602	eval-rmse:31699.35547
[100]	train-rmse:832.15997	eval-rmse:916.98596
[200]	train-rmse:607.85315	eval-rmse:783.69452
[300]	train-rmse:536.52124	eval-rmse:761.94788
[400]	train-rmse:487.67688	eval-rmse:752.72784
[432]	train-rmse:476.37866	eval-rmse:753.26227
Saved Losses
{'MSE - mean': 741801.6730797283, 'MSE - std': 122672.63840528943, 'R2 - mean': 0.9990784378355038, 'R2 - std': 0.00018997103099942602} 
 

Results After CV: {'MSE - mean': 741801.6730797283, 'MSE - std': 122672.63840528943, 'R2 - mean': 0.9990784378355038, 'R2 - std': 0.00018997103099942602}
Train time: 0.571754402199997
Inference time: 0.008550803399998586
Finished cross validation
Trial 32 finished with value: 741801.6730797283 and parameters: {'max_depth': 3, 'alpha': 0.0008115586773143364, 'lambda': 0.0012160158760549976, 'eta': 0.042820072544476305}. Best is trial 15 with value: 729096.643634782.
[0]	train-rmse:30889.75781	eval-rmse:33679.28125
[100]	train-rmse:2733.05176	eval-rmse:3031.58325
[200]	train-rmse:620.28278	eval-rmse:974.65076
[287]	train-rmse:504.32938	eval-rmse:953.68732
Saved Losses
{'MSE - mean': 909519.516725113, 'MSE - std': 0.0, 'R2 - mean': 0.9989934032419815, 'R2 - std': 0.0} 
 

[0]	train-rmse:31878.04102	eval-rmse:29768.09180
[100]	train-rmse:2812.63257	eval-rmse:2696.23462
[200]	train-rmse:619.48767	eval-rmse:875.02508
[300]	train-rmse:495.95361	eval-rmse:827.89832
[399]	train-rmse:411.35565	eval-rmse:817.89197
Saved Losses
{'MSE - mean': 789233.3575297522, 'MSE - std': 120286.1591953609, 'R2 - mean': 0.9990523604472308, 'R2 - std': 5.895720524923265e-05} 
 

[0]	train-rmse:32316.57031	eval-rmse:27812.83594
[100]	train-rmse:2852.15918	eval-rmse:2569.54224
[200]	train-rmse:634.33844	eval-rmse:934.60809
[300]	train-rmse:509.43799	eval-rmse:894.56818
[400]	train-rmse:438.36990	eval-rmse:881.70770
[434]	train-rmse:417.29517	eval-rmse:880.89075
Saved Losses
{'MSE - mean': 784811.7563345721, 'MSE - std': 98412.09873235221, 'R2 - mean': 0.9989857929923981, 'R2 - std': 0.00010573435323020222} 
 

[0]	train-rmse:30976.25586	eval-rmse:33360.08203
[100]	train-rmse:2736.06641	eval-rmse:2990.89624
[200]	train-rmse:603.90656	eval-rmse:895.71094
[291]	train-rmse:494.29916	eval-rmse:863.87085
Saved Losses
{'MSE - mean': 775082.6252168394, 'MSE - std': 86877.34951987075, 'R2 - mean': 0.9990306385068831, 'R2 - std': 0.00012007570777655991} 
 

[0]	train-rmse:31252.32812	eval-rmse:32313.39062
[100]	train-rmse:2759.29346	eval-rmse:2887.43848
[200]	train-rmse:619.33911	eval-rmse:829.77661
[300]	train-rmse:495.49469	eval-rmse:775.24542
[400]	train-rmse:417.18930	eval-rmse:762.50067
[499]	train-rmse:377.16705	eval-rmse:759.72595
Saved Losses
{'MSE - mean': 735502.8060494729, 'MSE - std': 110925.14335786963, 'R2 - mean': 0.9990890081665393, 'R2 - std': 0.0001586272648440965} 
 

Results After CV: {'MSE - mean': 735502.8060494729, 'MSE - std': 110925.14335786963, 'R2 - mean': 0.9990890081665393, 'R2 - std': 0.0001586272648440965}
Train time: 0.995239239
Inference time: 0.01872221820000277
Finished cross validation
Trial 33 finished with value: 735502.8060494729 and parameters: {'max_depth': 4, 'alpha': 0.0063660077610476085, 'lambda': 0.00019206138271673842, 'eta': 0.02426539153449068}. Best is trial 15 with value: 729096.643634782.
[0]	train-rmse:30491.20703	eval-rmse:33244.00000
[100]	train-rmse:945.35974	eval-rmse:1222.04895
[187]	train-rmse:504.90344	eval-rmse:961.86609
Saved Losses
{'MSE - mean': 925186.3184885916, 'MSE - std': 0.0, 'R2 - mean': 0.9989760642497184, 'R2 - std': 0.0} 
 

[0]	train-rmse:31466.67969	eval-rmse:29384.47656
[100]	train-rmse:951.79126	eval-rmse:1100.72888
[200]	train-rmse:478.19968	eval-rmse:831.79596
[269]	train-rmse:402.81500	eval-rmse:824.64581
Saved Losses
{'MSE - mean': 802516.8390906418, 'MSE - std': 122669.47939794976, 'R2 - mean': 0.9990364506330229, 'R2 - std': 6.038638330457813e-05} 
 

[0]	train-rmse:31899.53711	eval-rmse:27454.85938
[100]	train-rmse:972.39905	eval-rmse:1116.59094
[184]	train-rmse:520.10083	eval-rmse:889.14722
Saved Losses
{'MSE - mean': 798538.8275841102, 'MSE - std': 100317.08030839784, 'R2 - mean': 0.9989679836051613, 'R2 - std': 0.00010865761823651615} 
 

[0]	train-rmse:30576.57227	eval-rmse:32929.58203
[100]	train-rmse:936.38269	eval-rmse:1157.24390
[199]	train-rmse:488.47672	eval-rmse:851.14661
Saved Losses
{'MSE - mean': 780083.3049188529, 'MSE - std': 92571.35843091337, 'R2 - mean': 0.9990232073442522, 'R2 - std': 0.00013417839832915234} 
 

[0]	train-rmse:30849.07812	eval-rmse:31896.28125
[100]	train-rmse:941.53088	eval-rmse:1095.43848
[200]	train-rmse:486.08276	eval-rmse:775.70465
[245]	train-rmse:431.46094	eval-rmse:771.66571
Saved Losses
{'MSE - mean': 743160.2355272548, 'MSE - std': 110945.10955685608, 'R2 - mean': 0.99907877068788, 'R2 - std': 0.00016356104268113765} 
 

Results After CV: {'MSE - mean': 743160.2355272548, 'MSE - std': 110945.10955685608, 'R2 - mean': 0.99907877068788, 'R2 - std': 0.00016356104268113765}
Train time: 0.6404370420000077
Inference time: 0.009867630799999461
Finished cross validation
Trial 34 finished with value: 743160.2355272548 and parameters: {'max_depth': 4, 'alpha': 0.03989341642395017, 'lambda': 0.006726733502758873, 'eta': 0.03686597476105751}. Best is trial 15 with value: 729096.643634782.
[0]	train-rmse:29196.77539	eval-rmse:31831.65430
[100]	train-rmse:594.15808	eval-rmse:964.74274
[101]	train-rmse:591.80335	eval-rmse:965.11407
Saved Losses
{'MSE - mean': 931404.8460027357, 'MSE - std': 0.0, 'R2 - mean': 0.9989691819898875, 'R2 - std': 0.0} 
 

[0]	train-rmse:30130.61914	eval-rmse:28137.51562
[100]	train-rmse:618.24817	eval-rmse:835.30920
[195]	train-rmse:496.71722	eval-rmse:806.10883
Saved Losses
{'MSE - mean': 790441.8803342374, 'MSE - std': 140962.96566849825, 'R2 - mean': 0.9990531814248109, 'R2 - std': 8.399943492348738e-05} 
 

[0]	train-rmse:30545.08789	eval-rmse:26290.88281
[100]	train-rmse:610.48102	eval-rmse:915.93121
[200]	train-rmse:487.66260	eval-rmse:893.92920
[290]	train-rmse:419.61075	eval-rmse:884.27734
Saved Losses
{'MSE - mean': 787610.0892071441, 'MSE - std': 115165.43119362589, 'R2 - mean': 0.9989833939903309, 'R2 - std': 0.00012018530997698267} 
 

[0]	train-rmse:29278.56250	eval-rmse:31531.52148
[96]	train-rmse:624.26392	eval-rmse:848.69257
Saved Losses
{'MSE - mean': 770777.3430867782, 'MSE - std': 103910.20850892575, 'R2 - mean': 0.999036006810887, 'R2 - std': 0.00013833910586430608} 
 

[0]	train-rmse:29539.53906	eval-rmse:30541.70508
[100]	train-rmse:624.20471	eval-rmse:787.03217
[200]	train-rmse:492.13339	eval-rmse:759.95367
[205]	train-rmse:489.24835	eval-rmse:760.33539
Saved Losses
{'MSE - mean': 732243.874761258, 'MSE - std': 120735.98415828719, 'R2 - mean': 0.9990930853062876, 'R2 - std': 0.0001683507799739656} 
 

Results After CV: {'MSE - mean': 732243.874761258, 'MSE - std': 120735.98415828719, 'R2 - mean': 0.9990930853062876, 'R2 - std': 0.0001683507799739656}
Train time: 0.5004466831999992
Inference time: 0.009395194799998308
Finished cross validation
Trial 35 finished with value: 732243.874761258 and parameters: {'max_depth': 3, 'alpha': 3.0352633886607274e-06, 'lambda': 0.04396812788263619, 'eta': 0.07781122369400566}. Best is trial 15 with value: 729096.643634782.
[0]	train-rmse:29035.40039	eval-rmse:31655.84766
[94]	train-rmse:205.03371	eval-rmse:995.78577
Saved Losses
{'MSE - mean': 991589.296651467, 'MSE - std': 0.0, 'R2 - mean': 0.9989025737733599, 'R2 - std': 0.0} 
 

[0]	train-rmse:29964.22266	eval-rmse:27982.35547
[100]	train-rmse:198.77982	eval-rmse:886.94788
[106]	train-rmse:181.74536	eval-rmse:886.69861
Saved Losses
{'MSE - mean': 888582.9681061113, 'MSE - std': 103006.32854535576, 'R2 - mean': 0.9989294758274962, 'R2 - std': 2.6902054136301867e-05} 
 

[0]	train-rmse:30376.48047	eval-rmse:26146.34766
[100]	train-rmse:215.28459	eval-rmse:848.31927
[133]	train-rmse:143.80131	eval-rmse:847.55743
Saved Losses
{'MSE - mean': 832359.6917115077, 'MSE - std': 115739.57590506293, 'R2 - mean': 0.9989314976332335, 'R2 - std': 2.2150750357057203e-05} 
 

[0]	train-rmse:29116.79688	eval-rmse:31358.20508
[100]	train-rmse:208.21687	eval-rmse:864.43677
[111]	train-rmse:178.28600	eval-rmse:868.74860
Saved Losses
{'MSE - mean': 813087.6224661247, 'MSE - std': 105645.51591056467, 'R2 - mean': 0.998987293471815, 'R2 - std': 9.852674060926608e-05} 
 

[0]	train-rmse:29376.26172	eval-rmse:30373.25000
[100]	train-rmse:190.02855	eval-rmse:759.13391
[137]	train-rmse:122.68796	eval-rmse:755.02130
Saved Losses
{'MSE - mean': 764481.5208747264, 'MSE - std': 135569.1427768902, 'R2 - mean': 0.9990560051730955, 'R2 - std': 0.00016325197231110272} 
 

Results After CV: {'MSE - mean': 764481.5208747264, 'MSE - std': 135569.1427768902, 'R2 - mean': 0.9990560051730955, 'R2 - std': 0.00016325197231110272}
Train time: 0.7260419093999986
Inference time: 0.009693197800010012
Finished cross validation
