Trial 15 finished with value: 798434.6713986585 and parameters: {'max_depth': 7, 'alpha': 0.012665363823941423, 'lambda': 0.0008876949094902284, 'eta': 0.10505023262736789}. Best is trial 6 with value: 714720.1939267967.
[0]	eval-rmse:32914.57812
[100]	eval-rmse:993.36292
[161]	eval-rmse:954.18408
{'MSE - mean': 910467.2258595196, 'MSE - std': 0.0, 'R2 - mean': 0.9989923543794506, 'R2 - std': 0.0}
[0]	eval-rmse:29093.58984
[100]	eval-rmse:918.16510
[200]	eval-rmse:821.69598
[300]	eval-rmse:801.89258
[392]	eval-rmse:793.23077
{'MSE - mean': 769841.116374722, 'MSE - std': 140626.10948479752, 'R2 - mean': 0.9990782277082041, 'R2 - std': 8.587332875353848e-05}
[0]	eval-rmse:27183.27930
[100]	eval-rmse:985.24768
[200]	eval-rmse:907.41357
[276]	eval-rmse:899.49292
{'MSE - mean': 782923.2407658637, 'MSE - std': 116301.70134779102, 'R2 - mean': 0.9989867146874416, 'R2 - std': 0.00014719177399674115}
[0]	eval-rmse:32603.58203
[100]	eval-rmse:907.28552
[145]	eval-rmse:855.40686
{'MSE - mean': 770171.2147045654, 'MSE - std': 103113.5626787145, 'R2 - mean': 0.9990352414978995, 'R2 - std': 0.00015268797512857656}
[0]	eval-rmse:31580.23047
[100]	eval-rmse:865.73920
[200]	eval-rmse:780.47504
[300]	eval-rmse:762.77338
[400]	eval-rmse:754.11371
[500]	eval-rmse:747.00867
[591]	eval-rmse:742.57336
{'MSE - mean': 726416.0345372639, 'MSE - std': 127137.67581849903, 'R2 - mean': 0.9990987447363657, 'R2 - std': 0.00018649809484800204}
Trial 16 finished with value: 726416.0345372639 and parameters: {'max_depth': 3, 'alpha': 0.0005159699705462528, 'lambda': 0.27366203364323743, 'eta': 0.046485014317348645}. Best is trial 6 with value: 714720.1939267967.
[0]	eval-rmse:33195.83594
[100]	eval-rmse:1157.15027
[200]	eval-rmse:939.63483
{'MSE - mean': 882913.5402638073, 'MSE - std': 0.0, 'R2 - mean': 0.999022848997853, 'R2 - std': 0.0}
[0]	eval-rmse:29342.01562
[100]	eval-rmse:1081.24695
[200]	eval-rmse:844.40021
[300]	eval-rmse:821.44092
[383]	eval-rmse:815.37994
{'MSE - mean': 773878.9848511822, 'MSE - std': 109034.55541262514, 'R2 - mean': 0.9990698085464566, 'R2 - std': 4.695954860356455e-05}
[0]	eval-rmse:27415.21289
[100]	eval-rmse:1118.46057
[200]	eval-rmse:910.82703
[300]	eval-rmse:896.01129
[400]	eval-rmse:887.20514
[425]	eval-rmse:888.47430
{'MSE - mean': 778984.5547050765, 'MSE - std': 89318.66100141226, 'R2 - mean': 0.9989909058713865, 'R2 - std': 0.0001179889701192345}
[0]	eval-rmse:32881.98828
[100]	eval-rmse:1092.33044
[178]	eval-rmse:857.54633
{'MSE - mean': 768084.8371190375, 'MSE - std': 79622.72874424819, 'R2 - mean': 0.9990374138044642, 'R2 - std': 0.0001301153769537431}
[0]	eval-rmse:31850.08203
[100]	eval-rmse:1050.49951
[200]	eval-rmse:796.05591
[300]	eval-rmse:771.29620
[400]	eval-rmse:758.61176
[500]	eval-rmse:753.68628
[534]	eval-rmse:752.99115
{'MSE - mean': 727836.3589130925, 'MSE - std': 107478.2914719146, 'R2 - mean': 0.999096856131669, 'R2 - std': 0.0001663657720504175}
Trial 17 finished with value: 727836.3589130925 and parameters: {'max_depth': 3, 'alpha': 0.00010040323487773427, 'lambda': 0.1038170480286326, 'eta': 0.03828305716376976}. Best is trial 6 with value: 714720.1939267967.
[0]	eval-rmse:33819.66406
[100]	eval-rmse:4495.38086
[200]	eval-rmse:1104.17859
[300]	eval-rmse:947.30658
[341]	eval-rmse:947.65088
{'MSE - mean': 898042.2080765656, 'MSE - std': 0.0, 'R2 - mean': 0.9990061055770759, 'R2 - std': 0.0}
[0]	eval-rmse:29892.09570
[100]	eval-rmse:3988.81201
[200]	eval-rmse:1033.34949
[300]	eval-rmse:884.71027
[400]	eval-rmse:846.13776
[500]	eval-rmse:830.57501
[600]	eval-rmse:821.40784
[700]	eval-rmse:813.56867
[800]	eval-rmse:809.14136
[830]	eval-rmse:807.67725
{'MSE - mean': 775218.5045133287, 'MSE - std': 122823.70356323698, 'R2 - mean': 0.9990697063714651, 'R2 - std': 6.360079438921806e-05}
[0]	eval-rmse:27928.63672
[100]	eval-rmse:3761.61499
[200]	eval-rmse:1074.97388
[300]	eval-rmse:939.91272
[400]	eval-rmse:913.26880
[500]	eval-rmse:903.23877
[596]	eval-rmse:898.72876
{'MSE - mean': 786075.8657581577, 'MSE - std': 101453.79584353349, 'R2 - mean': 0.9989816729928136, 'R2 - std': 0.00013489425072339028}
[0]	eval-rmse:33498.80859
[100]	eval-rmse:4439.25879
[200]	eval-rmse:1027.68433
[300]	eval-rmse:847.72522
[328]	eval-rmse:849.91797
{'MSE - mean': 770147.0431033565, 'MSE - std': 92091.45829988983, 'R2 - mean': 0.999034133654068, 'R2 - std': 0.00014799901045753287}
[0]	eval-rmse:32448.14453
[100]	eval-rmse:4302.54346
[200]	eval-rmse:998.01465
[300]	eval-rmse:819.34967
[400]	eval-rmse:793.43726
[500]	eval-rmse:777.84692
[600]	eval-rmse:767.44354
[700]	eval-rmse:761.12964
[800]	eval-rmse:757.50446
[900]	eval-rmse:754.00397
[982]	eval-rmse:753.40845
{'MSE - mean': 729640.6748141497, 'MSE - std': 115532.38871140731, 'R2 - mean': 0.9990940505951933, 'R2 - std': 0.00017855846384977236}
Trial 18 finished with value: 729640.6748141497 and parameters: {'max_depth': 3, 'alpha': 0.0008684003148880876, 'lambda': 7.3695152131403605e-06, 'eta': 0.020196847964758312}. Best is trial 6 with value: 714720.1939267967.
[0]	eval-rmse:32906.39453
[100]	eval-rmse:982.50861
[157]	eval-rmse:964.12488
{'MSE - mean': 929536.8373903654, 'MSE - std': 0.0, 'R2 - mean': 0.998971249379733, 'R2 - std': 0.0}
[0]	eval-rmse:29085.62695
[100]	eval-rmse:887.33148
[200]	eval-rmse:808.78387
[246]	eval-rmse:808.08698
{'MSE - mean': 791270.6929767837, 'MSE - std': 138266.14441358164, 'R2 - mean': 0.9990518732543248, 'R2 - std': 8.062387459167875e-05}
[0]	eval-rmse:27175.82617
[100]	eval-rmse:934.54834
[177]	eval-rmse:889.66962
{'MSE - mean': 791281.9909460492, 'MSE - std': 112893.83530240478, 'R2 - mean': 0.998977909611861, 'R2 - std': 0.00012359091221632518}
[0]	eval-rmse:32594.47852
[100]	eval-rmse:896.23639
[159]	eval-rmse:852.64075
{'MSE - mean': 775210.5629083202, 'MSE - std': 101654.49293799349, 'R2 - mean': 0.9990300140189399, 'R2 - std': 0.00014000229604546987}
[0]	eval-rmse:31571.77930
[100]	eval-rmse:843.32147
[200]	eval-rmse:770.93127
[295]	eval-rmse:765.16492
{'MSE - mean': 737323.6394903468, 'MSE - std': 118357.86670898563, 'R2 - mean': 0.9990864913753408, 'R2 - std': 0.0001686395014892372}
Trial 19 finished with value: 737323.6394903468 and parameters: {'max_depth': 4, 'alpha': 9.887938652630409e-05, 'lambda': 0.0012229796894252338, 'eta': 0.04667470723107839}. Best is trial 6 with value: 714720.1939267967.
[0]	eval-rmse:30079.40430
[75]	eval-rmse:968.89087
{'MSE - mean': 938749.5994504878, 'MSE - std': 0.0, 'R2 - mean': 0.9989610532967995, 'R2 - std': 0.0}
[0]	eval-rmse:26590.29297
[100]	eval-rmse:808.29077
[122]	eval-rmse:808.26727
{'MSE - mean': 796022.7441092154, 'MSE - std': 142726.85534127225, 'R2 - mean': 0.9990465816931768, 'R2 - std': 8.552839637726573e-05}
[0]	eval-rmse:24846.61133
[100]	eval-rmse:917.82819
[141]	eval-rmse:906.28516
{'MSE - mean': 804629.1212934345, 'MSE - std': 117169.86080137275, 'R2 - mean': 0.9989593311607377, 'R2 - std': 0.0001417816932696237}
[0]	eval-rmse:29797.32031
[64]	eval-rmse:871.89392
{'MSE - mean': 793521.6151976875, 'MSE - std': 103279.77674821422, 'R2 - mean': 0.9990067898205786, 'R2 - std': 0.0001477616648236932}
[0]	eval-rmse:28860.87500
[100]	eval-rmse:757.73877
[154]	eval-rmse:749.29456
{'MSE - mean': 747242.570046475, 'MSE - std': 130768.38267930299, 'R2 - mean': 0.9990734641108061, 'R2 - std': 0.00018774624252584487}
Trial 20 finished with value: 747242.570046475 and parameters: {'max_depth': 3, 'alpha': 0.002547587345147783, 'lambda': 0.129216706896854, 'eta': 0.12866724832422521}. Best is trial 6 with value: 714720.1939267967.
[0]	eval-rmse:32391.82227
[100]	eval-rmse:1023.71295
[122]	eval-rmse:1029.39856
{'MSE - mean': 1059661.4023096196, 'MSE - std': 0.0, 'R2 - mean': 0.9988272360157779, 'R2 - std': 0.0}
[0]	eval-rmse:28632.11328
[100]	eval-rmse:890.34051
[200]	eval-rmse:887.02594
[211]	eval-rmse:886.89142
{'MSE - mean': 923100.8318067165, 'MSE - std': 136560.57050290314, 'R2 - mean': 0.9988911668730498, 'R2 - std': 6.393085727190995e-05}
[0]	eval-rmse:26752.13086
[100]	eval-rmse:838.74591
[166]	eval-rmse:836.81403
{'MSE - mean': 848819.7784988767, 'MSE - std': 153192.2845264404, 'R2 - mean': 0.9989156458109981, 'R2 - std': 6.263550495122025e-05}
[0]	eval-rmse:32086.50977
[100]	eval-rmse:906.72186
[131]	eval-rmse:904.51270
{'MSE - mean': 841219.4708979914, 'MSE - std': 133319.91995087088, 'R2 - mean': 0.9989577356349597, 'R2 - std': 9.086839221504175e-05}
[0]	eval-rmse:31079.23438
[100]	eval-rmse:768.72028
[200]	eval-rmse:762.55267
[252]	eval-rmse:762.22986
{'MSE - mean': 789174.4494482361, 'MSE - std': 158284.8630646255, 'R2 - mean': 0.9990297912175181, 'R2 - std': 0.00016544993101945198}
Trial 21 finished with value: 789174.4494482361 and parameters: {'max_depth': 9, 'alpha': 0.054459961048947514, 'lambda': 0.6499086302862854, 'eta': 0.06177894356883924}. Best is trial 6 with value: 714720.1939267967.
[0]	eval-rmse:32748.56055
[100]	eval-rmse:1003.90985
[129]	eval-rmse:1007.35590
{'MSE - mean': 1014765.8796012872, 'MSE - std': 0.0, 'R2 - mean': 0.9988769234460934, 'R2 - std': 0.0}
[0]	eval-rmse:28947.16602
[100]	eval-rmse:882.47607
[200]	eval-rmse:851.46362
[203]	eval-rmse:851.65399
{'MSE - mean': 870412.6886800941, 'MSE - std': 144353.1909211931, 'R2 - mean': 0.9989561843022621, 'R2 - std': 7.926085616871692e-05}
[0]	eval-rmse:27046.67969
[100]	eval-rmse:875.87268
[145]	eval-rmse:857.74506
{'MSE - mean': 825673.0596927811, 'MSE - std': 133772.80973077126, 'R2 - mean': 0.9989412791233475, 'R2 - std': 6.806260057729445e-05}
[0]	eval-rmse:32439.59570
[100]	eval-rmse:854.43518
[146]	eval-rmse:841.94452
{'MSE - mean': 796472.4279624708, 'MSE - std': 126409.66793642196, 'R2 - mean': 0.9990076128517578, 'R2 - std': 0.00012913124630555751}
[0]	eval-rmse:31421.26758
[100]	eval-rmse:814.63617
[200]	eval-rmse:775.36829
[271]	eval-rmse:769.35138
{'MSE - mean': 755558.2588903473, 'MSE - std': 139568.62198103985, 'R2 - mean': 0.9990671323549082, 'R2 - std': 0.00016586195476667892}
Trial 22 finished with value: 755558.2588903473 and parameters: {'max_depth': 5, 'alpha': 0.07567138040555672, 'lambda': 0.32116928224706887, 'eta': 0.0513062596796002}. Best is trial 6 with value: 714720.1939267967.
[0]	eval-rmse:31413.37891
[100]	eval-rmse:949.82483
[103]	eval-rmse:950.52539
{'MSE - mean': 903498.5296540966, 'MSE - std': 0.0, 'R2 - mean': 0.9990000668769605, 'R2 - std': 0.0}
[0]	eval-rmse:27768.33008
[100]	eval-rmse:894.78272
[122]	eval-rmse:895.90832
{'MSE - mean': 853075.0947976803, 'MSE - std': 50423.43485641631, 'R2 - mean': 0.998966880475755, 'R2 - std': 3.3186401205531624e-05}
[0]	eval-rmse:25946.67969
[100]	eval-rmse:843.08258
[138]	eval-rmse:839.66785
{'MSE - mean': 803777.7876680883, 'MSE - std': 80965.82099218258, 'R2 - mean': 0.9989636939415902, 'R2 - std': 2.7468760740439693e-05}
[0]	eval-rmse:31118.19727
[90]	eval-rmse:892.61346
{'MSE - mean': 802023.0516542683, 'MSE - std': 70184.29612198305, 'R2 - mean': 0.9989998322561958, 'R2 - std': 6.696142889799969e-05}
[0]	eval-rmse:30140.83594
[100]	eval-rmse:734.70068
[131]	eval-rmse:734.53418
{'MSE - mean': 749544.5049180852, 'MSE - std': 122297.42355371834, 'R2 - mean': 0.9990731793552745, 'R2 - std': 0.0001584495318424966}
Trial 23 finished with value: 749544.5049180852 and parameters: {'max_depth': 6, 'alpha': 0.0069867541550727484, 'lambda': 0.013503005902810053, 'eta': 0.0898989287615745}. Best is trial 6 with value: 714720.1939267967.
[0]	eval-rmse:33620.55469
[100]	eval-rmse:2578.95728
[200]	eval-rmse:989.09320
[243]	eval-rmse:984.09186
{'MSE - mean': 968436.794818572, 'MSE - std': 0.0, 'R2 - mean': 0.9989281974492199, 'R2 - std': 0.0}
[0]	eval-rmse:29716.90039
[100]	eval-rmse:2310.10010
[200]	eval-rmse:867.96228
[281]	eval-rmse:854.78247
{'MSE - mean': 849544.9250703945, 'MSE - std': 118891.86974817747, 'R2 - mean': 0.9989787700813006, 'R2 - std': 5.057263208069207e-05}
[0]	eval-rmse:27765.05469
[100]	eval-rmse:2211.74829
[200]	eval-rmse:872.77301
[300]	eval-rmse:843.23761
[323]	eval-rmse:842.75537
{'MSE - mean': 803094.6637905487, 'MSE - std': 117212.50505276147, 'R2 - mean': 0.9989691506174446, 'R2 - std': 4.347561285899624e-05}
[0]	eval-rmse:33302.50391
[100]	eval-rmse:2562.36938
[200]	eval-rmse:913.06067
[290]	eval-rmse:896.11517
{'MSE - mean': 803099.4488157647, 'MSE - std': 101509.0073552447, 'R2 - mean': 0.999002146604718, 'R2 - std': 6.843830954610922e-05}
[0]	eval-rmse:32257.52539
[100]	eval-rmse:2446.69458
[200]	eval-rmse:776.39301
[300]	eval-rmse:749.70764
[346]	eval-rmse:748.10608
{'MSE - mean': 754412.1092646709, 'MSE - std': 133135.6112753148, 'R2 - mean': 0.9990703279148127, 'R2 - std': 0.00014947175638131368}
Trial 24 finished with value: 754412.1092646709 and parameters: {'max_depth': 9, 'alpha': 0.0002398211259561728, 'lambda': 0.9656168643474806, 'eta': 0.026094606823526243}. Best is trial 6 with value: 714720.1939267967.
[0]	eval-rmse:28737.50586
[55]	eval-rmse:993.41351
{'MSE - mean': 986482.9792177645, 'MSE - std': 0.0, 'R2 - mean': 0.998908225111764, 'R2 - std': 0.0}
[0]	eval-rmse:25405.58008
[58]	eval-rmse:901.21619
{'MSE - mean': 899336.7331900373, 'MSE - std': 87146.2460277272, 'R2 - mean': 0.9989146235270304, 'R2 - std': 6.398415266395396e-06}
[0]	eval-rmse:23741.46875
[62]	eval-rmse:848.33344
{'MSE - mean': 839447.7196043987, 'MSE - std': 110618.11196335973, 'R2 - mean': 0.9989217160857069, 'R2 - std': 1.1309373211609005e-05}
[0]	eval-rmse:28470.03125
[52]	eval-rmse:895.61877
{'MSE - mean': 829965.1887642223, 'MSE - std': 97195.8342428238, 'R2 - mean': 0.9989670173349827, 'R2 - std': 7.907297894784937e-05}
[0]	eval-rmse:27574.39844
[99]	eval-rmse:760.17627
{'MSE - mean': 779529.5335093546, 'MSE - std': 133163.97951127114, 'R2 - mean': 0.9990379695756287, 'R2 - std': 0.00015855254842005726}
Trial 25 finished with value: 779529.5335093546 and parameters: {'max_depth': 6, 'alpha': 0.07114750534941701, 'lambda': 0.1265069776258224, 'eta': 0.1675499029436113}. Best is trial 6 with value: 714720.1939267967.
[0]	eval-rmse:32041.55664
[100]	eval-rmse:951.07513
[101]	eval-rmse:951.28119
{'MSE - mean': 904935.9663471841, 'MSE - std': 0.0, 'R2 - mean': 0.9989984760159746, 'R2 - std': 0.0}
[0]	eval-rmse:28322.82617
[100]	eval-rmse:830.98792
[132]	eval-rmse:826.81891
{'MSE - mean': 794282.7295896192, 'MSE - std': 110653.23675756488, 'R2 - mean': 0.9990451442738058, 'R2 - std': 4.666825783111728e-05}
[0]	eval-rmse:26463.75391
[100]	eval-rmse:877.49762
[183]	eval-rmse:868.70502
{'MSE - mean': 781071.2793894227, 'MSE - std': 92259.65551674442, 'R2 - mean': 0.9989914901661762, 'R2 - std': 8.490864143533372e-05}
[0]	eval-rmse:31739.32812
[100]	eval-rmse:865.33105
[109]	eval-rmse:865.87512
{'MSE - mean': 773238.3813624887, 'MSE - std': 81042.86459369696, 'R2 - mean': 0.9990338356841005, 'R2 - std': 0.0001038582529588231}
[0]	eval-rmse:30743.00781
[100]	eval-rmse:770.41699
[200]	eval-rmse:752.13873
[201]	eval-rmse:753.00604
{'MSE - mean': 732034.8089880388, 'MSE - std': 109751.05569837573, 'R2 - mean': 0.9990939048768792, 'R2 - std': 0.00015186329724625028}
Trial 26 finished with value: 732034.8089880388 and parameters: {'max_depth': 4, 'alpha': 0.003678362276041912, 'lambda': 0.001598169107086553, 'eta': 0.07170948642535659}. Best is trial 6 with value: 714720.1939267967.
[0]	eval-rmse:33215.35938
[100]	eval-rmse:1178.58325
[184]	eval-rmse:964.14435
{'MSE - mean': 930334.9720798236, 'MSE - std': 0.0, 'R2 - mean': 0.9989703660564221, 'R2 - std': 0.0}
[0]	eval-rmse:29359.31250
[100]	eval-rmse:1105.05054
[180]	eval-rmse:909.90894
{'MSE - mean': 879235.1136072085, 'MSE - std': 51099.85847261507, 'R2 - mean': 0.9989351028541483, 'R2 - std': 3.5263202273760896e-05}
[0]	eval-rmse:27431.51758
[100]	eval-rmse:1055.67310
[200]	eval-rmse:843.37048
[300]	eval-rmse:821.66962
[345]	eval-rmse:819.92444
{'MSE - mean': 810248.77579271, 'MSE - std': 106108.5606068603, 'R2 - mean': 0.998958727586702, 'R2 - std': 4.410500651324065e-05}
[0]	eval-rmse:32901.49219
[100]	eval-rmse:1154.47949
[199]	eval-rmse:918.15027
{'MSE - mean': 818621.5532268628, 'MSE - std': 93029.99613796824, 'R2 - mean': 0.9989829618952204, 'R2 - std': 5.675247860440272e-05}
[0]	eval-rmse:31868.93750
[100]	eval-rmse:1020.02032
[200]	eval-rmse:747.20489
[229]	eval-rmse:746.71429
{'MSE - mean': 766480.5227007295, 'MSE - std': 133410.69073523674, 'R2 - mean': 0.9990553901296281, 'R2 - std': 0.00015349290413528755}
Trial 27 finished with value: 766480.5227007295 and parameters: {'max_depth': 6, 'alpha': 3.0188648321086892e-05, 'lambda': 0.03417732212718921, 'eta': 0.037693455299963624}. Best is trial 6 with value: 714720.1939267967.
[0]	eval-rmse:30788.75000
[69]	eval-rmse:999.65118
{'MSE - mean': 999302.5256980753, 'MSE - std': 0.0, 'R2 - mean': 0.9988940372755614, 'R2 - std': 0.0}
[0]	eval-rmse:27217.08789
[84]	eval-rmse:860.48334
{'MSE - mean': 871036.4769871051, 'MSE - std': 128266.04871097027, 'R2 - mean': 0.9989536411563349, 'R2 - std': 5.960388077352885e-05}
[0]	eval-rmse:25431.71875
[89]	eval-rmse:862.10754
{'MSE - mean': 828403.8353325148, 'MSE - std': 120843.71630407897, 'R2 - mean': 0.9989361608722686, 'R2 - std': 5.45851237143921e-05}
[0]	eval-rmse:30500.13867
[82]	eval-rmse:847.39423
{'MSE - mean': 800822.1376749796, 'MSE - std': 115041.96175592014, 'R2 - mean': 0.9990011981227626, 'R2 - std': 0.0001221645760997213}
[0]	eval-rmse:29541.69727
[100]	eval-rmse:769.33252
[174]	eval-rmse:763.81915
{'MSE - mean': 757411.7003607305, 'MSE - std': 134631.2988980568, 'R2 - mean': 0.9990639095962613, 'R2 - std': 0.0001663438082902271}
Trial 28 finished with value: 757411.7003607305 and parameters: {'max_depth': 5, 'alpha': 0.0010595170418033742, 'lambda': 0.20817720118966182, 'eta': 0.10812037491139209}. Best is trial 6 with value: 714720.1939267967.
[0]	eval-rmse:33581.44922
[100]	eval-rmse:2345.51465
[200]	eval-rmse:984.10358
[223]	eval-rmse:984.95172
{'MSE - mean': 970129.9543908238, 'MSE - std': 0.0, 'R2 - mean': 0.9989263235708645, 'R2 - std': 0.0}
[0]	eval-rmse:29681.63477
[100]	eval-rmse:2100.02100
[200]	eval-rmse:886.69995
[281]	eval-rmse:874.75946
{'MSE - mean': 867666.9902446507, 'MSE - std': 102462.96414617304, 'R2 - mean': 0.9989548830214744, 'R2 - std': 2.855945060986631e-05}
[0]	eval-rmse:27731.86914
[100]	eval-rmse:1997.56555
[200]	eval-rmse:894.94464
[300]	eval-rmse:871.98145
[321]	eval-rmse:875.02588
{'MSE - mean': 833434.5233888142, 'MSE - std': 96658.31360253088, 'R2 - mean': 0.9989262290402431, 'R2 - std': 4.6753211229058825e-05}
[0]	eval-rmse:33262.91797
[100]	eval-rmse:2302.69800
[200]	eval-rmse:864.47913
[281]	eval-rmse:854.25989
{'MSE - mean': 807515.8843558041, 'MSE - std': 94986.57662709152, 'R2 - mean': 0.9989904802925895, 'R2 - std': 0.00011842325512514566}
[0]	eval-rmse:32219.33398
[100]	eval-rmse:2207.16480
[200]	eval-rmse:786.93872
[300]	eval-rmse:760.22943
[390]	eval-rmse:756.36493
{'MSE - mean': 760430.2855383413, 'MSE - std': 126831.28263746157, 'R2 - mean': 0.9990580778741244, 'R2 - std': 0.0001717468660585262}
Trial 29 finished with value: 760430.2855383413 and parameters: {'max_depth': 5, 'alpha': 1.3837166847248969e-06, 'lambda': 4.5522218554291795e-07, 'eta': 0.02710621997630969}. Best is trial 6 with value: 714720.1939267967.
[0]	eval-rmse:28010.02539
[51]	eval-rmse:1033.96106
{'MSE - mean': 1069371.707175126, 'MSE - std': 0.0, 'R2 - mean': 0.9988164892849852, 'R2 - std': 0.0}
[0]	eval-rmse:24763.82812
[56]	eval-rmse:881.29730
{'MSE - mean': 922981.0141335595, 'MSE - std': 146390.69304156647, 'R2 - mean': 0.9988924026512803, 'R2 - std': 7.591336629508838e-05}
[0]	eval-rmse:23141.74609
[73]	eval-rmse:838.16180
{'MSE - mean': 849488.1964761474, 'MSE - std': 158395.74436805857, 'R2 - mean': 0.9989153632370579, 'R2 - std': 6.99733505461772e-05}
[0]	eval-rmse:27749.91016
[50]	eval-rmse:981.01367
{'MSE - mean': 877592.9181982968, 'MSE - std': 145555.95152611213, 'R2 - mean': 0.9989173746982782, 'R2 - std': 6.069876661610692e-05}
[0]	eval-rmse:26877.10938
[72]	eval-rmse:789.21588
{'MSE - mean': 826642.86310632, 'MSE - std': 165326.52683474426, 'R2 - mean': 0.9989876779462243, 'R2 - std': 0.00015072378346508392}
Trial 30 finished with value: 826642.86310632 and parameters: {'max_depth': 8, 'alpha': 0.0003775989496058069, 'lambda': 0.03142802722301778, 'eta': 0.18853133994044657}. Best is trial 6 with value: 714720.1939267967.
[0]	eval-rmse:34005.24219
[100]	eval-rmse:7691.36328
[200]	eval-rmse:1957.59680
[300]	eval-rmse:1051.79150
[400]	eval-rmse:998.94232
[418]	eval-rmse:1000.64423
{'MSE - mean': 1001288.8789899959, 'MSE - std': 0.0, 'R2 - mean': 0.9988918389095591, 'R2 - std': 0.0}
[0]	eval-rmse:30056.71484
[100]	eval-rmse:6827.04443
[200]	eval-rmse:1768.95862
[300]	eval-rmse:938.80237
[400]	eval-rmse:868.88977
[500]	eval-rmse:856.48877
[535]	eval-rmse:856.26465
{'MSE - mean': 867239.0000539823, 'MSE - std': 134049.87893601367, 'R2 - mean': 0.9989589062563137, 'R2 - std': 6.706734675454573e-05}
[0]	eval-rmse:28082.37109
[100]	eval-rmse:6405.12256
[200]	eval-rmse:1701.28064
[300]	eval-rmse:934.02643
[400]	eval-rmse:867.36829
[469]	eval-rmse:865.46057
{'MSE - mean': 827833.337190577, 'MSE - std': 122821.79187715559, 'R2 - mean': 0.9989367711909867, 'R2 - std': 6.307620973489805e-05}
[0]	eval-rmse:33683.22656
[100]	eval-rmse:7631.10107
[200]	eval-rmse:1912.67566
[300]	eval-rmse:929.37884
[400]	eval-rmse:843.89001
[453]	eval-rmse:840.82373
{'MSE - mean': 797621.1561021635, 'MSE - std': 118542.06881227336, 'R2 - mean': 0.9990047595948987, 'R2 - std': 0.00012981226974127582}
[0]	eval-rmse:32626.44141
[100]	eval-rmse:7380.29443
[200]	eval-rmse:1830.16284
[300]	eval-rmse:871.74158
[400]	eval-rmse:785.57715
[500]	eval-rmse:774.22882
[600]	eval-rmse:766.68201
[685]	eval-rmse:761.41034
{'MSE - mean': 754076.0604629053, 'MSE - std': 137209.61729982196, 'R2 - mean': 0.999067668318709, 'R2 - std': 0.00017120458646331272}
