/home/mburu/.local/lib/python3.8/site-packages/sklearn/preprocessing/_encoders.py:975: FutureWarning: `sparse` was renamed to `sparse_output` in version 1.2 and will be removed in 1.4. `sparse_output` is ignored unless you leave `sparse` to its default value.
  warnings.warn(
[I 2024-12-10 14:58:07,700] Using an existing study with name 'XGBoost_Black_Friday' instead of creating a new one.
[I 2024-12-10 14:58:28,128] Trial 100 finished with value: 11993657.915086035 and parameters: {'max_depth': 7, 'alpha': 0.08013758113384696, 'lambda': 9.806475471446607e-05, 'eta': 0.09596316659171547}. Best is trial 19 with value: 11976549.157926766.
[I 2024-12-10 14:58:39,766] Trial 101 finished with value: 11998012.22746252 and parameters: {'max_depth': 6, 'alpha': 0.008993736950691734, 'lambda': 0.00016333323003242796, 'eta': 0.19950811546313346}. Best is trial 19 with value: 11976549.157926766.
[I 2024-12-10 14:58:53,337] Trial 102 finished with value: 11990575.527852332 and parameters: {'max_depth': 6, 'alpha': 0.007131796443165773, 'lambda': 0.00031575788839251846, 'eta': 0.16055597519286136}. Best is trial 19 with value: 11976549.157926766.
[I 2024-12-10 14:59:06,303] Trial 103 finished with value: 11999022.719720181 and parameters: {'max_depth': 7, 'alpha': 0.004252494829046314, 'lambda': 2.3117451161084402e-05, 'eta': 0.18107670389408426}. Best is trial 19 with value: 11976549.157926766.
[I 2024-12-10 14:59:17,207] Trial 104 finished with value: 12015995.263838995 and parameters: {'max_depth': 5, 'alpha': 0.016073866706104795, 'lambda': 0.0003897320347263723, 'eta': 0.21660391730892273}. Best is trial 19 with value: 11976549.157926766.
[I 2024-12-10 14:59:46,049] Trial 105 finished with value: 12010208.63284696 and parameters: {'max_depth': 8, 'alpha': 0.012129859060573024, 'lambda': 9.633447432459095e-06, 'eta': 0.06691356789289858}. Best is trial 19 with value: 11976549.157926766.
[I 2024-12-10 15:00:05,335] Trial 106 finished with value: 11988219.011384033 and parameters: {'max_depth': 7, 'alpha': 0.02260929008297009, 'lambda': 0.0002036339489000736, 'eta': 0.10492096604006235}. Best is trial 19 with value: 11976549.157926766.
[I 2024-12-10 15:00:23,992] Trial 107 finished with value: 11977565.64670885 and parameters: {'max_depth': 7, 'alpha': 0.03537901398545604, 'lambda': 0.08367745322073904, 'eta': 0.1072864452824841}. Best is trial 19 with value: 11976549.157926766.
[I 2024-12-10 15:00:44,102] Trial 108 finished with value: 11958053.090960728 and parameters: {'max_depth': 7, 'alpha': 0.0027679755966643366, 'lambda': 0.5684757047153965, 'eta': 0.10790372901285285}. Best is trial 108 with value: 11958053.090960728.
[I 2024-12-10 15:01:05,082] Trial 109 finished with value: 11972631.085163679 and parameters: {'max_depth': 8, 'alpha': 0.0017175572594037595, 'lambda': 0.6210603111742161, 'eta': 0.10677003461490417}. Best is trial 108 with value: 11958053.090960728.
[I 2024-12-10 15:01:29,333] Trial 110 finished with value: 12001869.332400221 and parameters: {'max_depth': 9, 'alpha': 0.0015310749959358146, 'lambda': 0.512717558367655, 'eta': 0.1072726279402676}. Best is trial 108 with value: 11958053.090960728.
[I 2024-12-10 15:01:54,138] Trial 111 finished with value: 11995216.962108765 and parameters: {'max_depth': 8, 'alpha': 0.0020879306624269765, 'lambda': 0.25904388726491795, 'eta': 0.08739783886262108}. Best is trial 108 with value: 11958053.090960728.
[I 2024-12-10 15:02:16,816] Trial 112 finished with value: 11963760.975190924 and parameters: {'max_depth': 7, 'alpha': 0.0007959153708337473, 'lambda': 0.6548108675294507, 'eta': 0.08166722536557315}. Best is trial 108 with value: 11958053.090960728.
[I 2024-12-10 15:02:44,773] Trial 113 finished with value: 11996201.34049258 and parameters: {'max_depth': 8, 'alpha': 0.0005716056231198062, 'lambda': 0.09542649816591454, 'eta': 0.07746575453205794}. Best is trial 108 with value: 11958053.090960728.
[I 2024-12-10 15:03:07,047] Trial 114 finished with value: 11977668.09360478 and parameters: {'max_depth': 7, 'alpha': 0.0009905654197647495, 'lambda': 0.4555834954500969, 'eta': 0.08246351098157922}. Best is trial 108 with value: 11958053.090960728.
[I 2024-12-10 15:03:38,197] Trial 115 finished with value: 11997928.718144521 and parameters: {'max_depth': 9, 'alpha': 0.0001699415477022896, 'lambda': 0.6004430553613153, 'eta': 0.08201192326236104}. Best is trial 108 with value: 11958053.090960728.
[I 2024-12-10 15:03:57,291] Trial 116 finished with value: 11975439.192682823 and parameters: {'max_depth': 7, 'alpha': 0.00039629369312432566, 'lambda': 0.17535124820236814, 'eta': 0.10452479308273906}. Best is trial 108 with value: 11958053.090960728.
[I 2024-12-10 15:04:25,607] Trial 117 finished with value: 12001829.772194881 and parameters: {'max_depth': 8, 'alpha': 0.0004355837520296605, 'lambda': 0.16602833963397035, 'eta': 0.07380126224573931}. Best is trial 108 with value: 11958053.090960728.
[I 2024-12-10 15:04:52,862] Trial 118 finished with value: 11952233.59608575 and parameters: {'max_depth': 7, 'alpha': 6.688322217925883e-05, 'lambda': 0.8911929373715647, 'eta': 0.06778254168927403}. Best is trial 118 with value: 11952233.59608575.
[I 2024-12-10 15:05:19,094] Trial 119 finished with value: 11973346.794045879 and parameters: {'max_depth': 8, 'alpha': 7.288183635004813e-05, 'lambda': 0.36178816297278843, 'eta': 0.07889977116706233}. Best is trial 118 with value: 11952233.59608575.
[I 2024-12-10 15:05:55,877] Trial 120 finished with value: 12011399.633782636 and parameters: {'max_depth': 9, 'alpha': 9.132641410495122e-05, 'lambda': 0.41077585271940437, 'eta': 0.06761382934106522}. Best is trial 118 with value: 11952233.59608575.
[I 2024-12-10 15:06:42,265] Trial 121 finished with value: 12031669.331331786 and parameters: {'max_depth': 10, 'alpha': 1.1799798552411234e-05, 'lambda': 0.8092492535690493, 'eta': 0.06285684292321367}. Best is trial 118 with value: 11952233.59608575.
[I 2024-12-10 15:07:07,538] Trial 122 finished with value: 12014005.5076453 and parameters: {'max_depth': 8, 'alpha': 5.655911832314578e-05, 'lambda': 0.0572734028356995, 'eta': 0.08020311537347398}. Best is trial 118 with value: 11952233.59608575.
[I 2024-12-10 15:07:28,301] Trial 123 finished with value: 11975678.778849108 and parameters: {'max_depth': 7, 'alpha': 2.1205688511344432e-05, 'lambda': 0.25189349929167026, 'eta': 0.0876913346152228}. Best is trial 118 with value: 11952233.59608575.
[I 2024-12-10 15:07:50,658] Trial 124 finished with value: 11979970.016516112 and parameters: {'max_depth': 7, 'alpha': 1.82894198776024e-05, 'lambda': 0.2309698914131066, 'eta': 0.08644861609372699}. Best is trial 118 with value: 11952233.59608575.
[I 2024-12-10 15:08:10,405] Trial 125 finished with value: 11975734.580999877 and parameters: {'max_depth': 7, 'alpha': 2.4510736296150526e-05, 'lambda': 0.24650859234608188, 'eta': 0.09759123175353365}. Best is trial 118 with value: 11952233.59608575.
[I 2024-12-10 15:08:35,389] Trial 126 finished with value: 11995122.604438359 and parameters: {'max_depth': 8, 'alpha': 1.8414902561741155e-05, 'lambda': 0.23828458057278593, 'eta': 0.08575828532789799}. Best is trial 118 with value: 11952233.59608575.
[I 2024-12-10 15:08:54,318] Trial 127 finished with value: 11982777.614602549 and parameters: {'max_depth': 7, 'alpha': 2.395261040046141e-06, 'lambda': 0.15286355352754818, 'eta': 0.09696568349971176}. Best is trial 118 with value: 11952233.59608575.
[I 2024-12-10 15:09:18,105] Trial 128 finished with value: 11973215.907202765 and parameters: {'max_depth': 8, 'alpha': 2.615403413348576e-05, 'lambda': 0.3683882269449587, 'eta': 0.0891341354622076}. Best is trial 118 with value: 11952233.59608575.
[I 2024-12-10 15:09:40,547] Trial 129 finished with value: 11988869.590125607 and parameters: {'max_depth': 8, 'alpha': 3.733529971708087e-05, 'lambda': 0.3749190352807357, 'eta': 0.1006148974514934}. Best is trial 118 with value: 11952233.59608575.
[I 2024-12-10 15:10:04,800] Trial 130 finished with value: 11961943.307461638 and parameters: {'max_depth': 8, 'alpha': 3.729357423038754e-06, 'lambda': 0.9467745828267372, 'eta': 0.0909721504555214}. Best is trial 118 with value: 11952233.59608575.
[I 2024-12-10 15:10:27,057] Trial 131 finished with value: 11967932.905882094 and parameters: {'max_depth': 8, 'alpha': 1.397193265575951e-06, 'lambda': 0.7350502361076754, 'eta': 0.11309103350438587}. Best is trial 118 with value: 11952233.59608575.
[I 2024-12-10 15:10:51,386] Trial 132 finished with value: 11991455.364261886 and parameters: {'max_depth': 9, 'alpha': 8.135960318688762e-05, 'lambda': 0.7416151420105191, 'eta': 0.11347874948776986}. Best is trial 118 with value: 11952233.59608575.
[I 2024-12-10 15:11:14,686] Trial 133 finished with value: 11964427.028594285 and parameters: {'max_depth': 8, 'alpha': 1.1193983418159115e-06, 'lambda': 0.8707994908742833, 'eta': 0.09224786674356002}. Best is trial 118 with value: 11952233.59608575.
[I 2024-12-10 15:11:39,168] Trial 134 finished with value: 11966896.405275855 and parameters: {'max_depth': 8, 'alpha': 1.2386142459311283e-06, 'lambda': 0.979024992133749, 'eta': 0.09673842620819399}. Best is trial 118 with value: 11952233.59608575.
[I 2024-12-10 15:12:07,484] Trial 135 finished with value: 11995060.005575482 and parameters: {'max_depth': 9, 'alpha': 1.5098405156678893e-06, 'lambda': 0.6335568668898683, 'eta': 0.0941413957844281}. Best is trial 118 with value: 11952233.59608575.
[I 2024-12-10 15:12:29,490] Trial 136 finished with value: 11981803.483141985 and parameters: {'max_depth': 8, 'alpha': 1.0251259153421389e-06, 'lambda': 0.3228760044725561, 'eta': 0.10123267424272787}. Best is trial 118 with value: 11952233.59608575.
[I 2024-12-10 15:12:52,823] Trial 137 finished with value: 11968623.682208974 and parameters: {'max_depth': 8, 'alpha': 4.008150032715114e-06, 'lambda': 0.8524290849387088, 'eta': 0.0919993436019147}. Best is trial 118 with value: 11952233.59608575.
[I 2024-12-10 15:13:47,433] Trial 138 finished with value: 12169814.450790018 and parameters: {'max_depth': 12, 'alpha': 4.905198364982246e-07, 'lambda': 0.8886989895087852, 'eta': 0.09039055014671725}. Best is trial 118 with value: 11952233.59608575.
[I 2024-12-10 15:14:12,884] Trial 139 finished with value: 11978977.75452708 and parameters: {'max_depth': 8, 'alpha': 6.502355493457637e-06, 'lambda': 0.5295824330839518, 'eta': 0.07998403575685817}. Best is trial 118 with value: 11952233.59608575.
[I 2024-12-10 15:14:41,883] Trial 140 finished with value: 12000091.63274661 and parameters: {'max_depth': 8, 'alpha': 4.593083158493715e-06, 'lambda': 0.1253064612939643, 'eta': 0.06967524360031895}. Best is trial 118 with value: 11952233.59608575.
[I 2024-12-10 15:15:06,237] Trial 141 finished with value: 11974982.832872082 and parameters: {'max_depth': 9, 'alpha': 7.492283821001169e-07, 'lambda': 0.9748631185477388, 'eta': 0.11272916379366209}. Best is trial 118 with value: 11952233.59608575.
[I 2024-12-10 15:15:34,264] Trial 142 finished with value: 11965483.737503573 and parameters: {'max_depth': 9, 'alpha': 7.604742332314025e-07, 'lambda': 0.9876496853164318, 'eta': 0.09211856767418164}. Best is trial 118 with value: 11952233.59608575.
[I 2024-12-10 15:16:04,485] Trial 143 finished with value: 12032224.809672628 and parameters: {'max_depth': 10, 'alpha': 5.745553888246233e-07, 'lambda': 0.8507499757150545, 'eta': 0.11289542698847163}. Best is trial 118 with value: 11952233.59608575.
[I 2024-12-10 15:16:35,202] Trial 144 finished with value: 11976670.860234717 and parameters: {'max_depth': 9, 'alpha': 3.550911217932701e-06, 'lambda': 0.9984941248658912, 'eta': 0.08932910673799858}. Best is trial 118 with value: 11952233.59608575.
[I 2024-12-10 15:17:09,457] Trial 145 finished with value: 12018459.068660298 and parameters: {'max_depth': 9, 'alpha': 9.400250261837045e-07, 'lambda': 0.37273187945204495, 'eta': 0.07571541251779776}. Best is trial 118 with value: 11952233.59608575.
[I 2024-12-10 15:17:51,090] Trial 146 finished with value: 12121598.600219635 and parameters: {'max_depth': 11, 'alpha': 1.9672404920125183e-07, 'lambda': 0.5869874279088635, 'eta': 0.10654652862412782}. Best is trial 118 with value: 11952233.59608575.
[I 2024-12-10 15:18:27,975] Trial 147 finished with value: 12078177.46041744 and parameters: {'max_depth': 10, 'alpha': 1.6574533132530077e-07, 'lambda': 0.4275588440638568, 'eta': 0.09055084328823966}. Best is trial 118 with value: 11952233.59608575.
[I 2024-12-10 15:19:02,233] Trial 148 finished with value: 12056160.112450052 and parameters: {'max_depth': 10, 'alpha': 2.618862661911102e-07, 'lambda': 0.6360735685252001, 'eta': 0.0958895421595811}. Best is trial 118 with value: 11952233.59608575.
[I 2024-12-10 15:19:25,134] Trial 149 finished with value: 11987105.870801069 and parameters: {'max_depth': 9, 'alpha': 1.667256343726275e-06, 'lambda': 0.9801211155160277, 'eta': 0.1303383401799287}. Best is trial 118 with value: 11952233.59608575.
[I 2024-12-10 15:19:46,404] Trial 150 finished with value: 11994091.591329807 and parameters: {'max_depth': 8, 'alpha': 7.586720927456075e-07, 'lambda': 0.20071439992370785, 'eta': 0.11685372618144638}. Best is trial 118 with value: 11952233.59608575.
[I 2024-12-10 15:20:08,997] Trial 151 finished with value: 11982609.489584422 and parameters: {'max_depth': 8, 'alpha': 1.0171777936724065e-05, 'lambda': 0.30284545360687626, 'eta': 0.09928612892623331}. Best is trial 118 with value: 11952233.59608575.
[I 2024-12-10 15:20:37,720] Trial 152 finished with value: 12001178.530518834 and parameters: {'max_depth': 9, 'alpha': 3.317878049464624e-07, 'lambda': 0.5190762016901083, 'eta': 0.08668199124800442}. Best is trial 118 with value: 11952233.59608575.
[I 2024-12-10 15:21:02,050] Trial 153 finished with value: 11988934.291673912 and parameters: {'max_depth': 8, 'alpha': 1.5977449684886565e-06, 'lambda': 0.29263305490841157, 'eta': 0.0962859812258374}. Best is trial 118 with value: 11952233.59608575.
[I 2024-12-10 15:21:23,840] Trial 154 finished with value: 11968445.863178918 and parameters: {'max_depth': 8, 'alpha': 9.988899502923206e-08, 'lambda': 0.6879166083343463, 'eta': 0.10574258267629737}. Best is trial 118 with value: 11952233.59608575.
[I 2024-12-10 15:21:50,045] Trial 155 finished with value: 11991807.467091188 and parameters: {'max_depth': 9, 'alpha': 4.677765209748504e-08, 'lambda': 0.6423373638544406, 'eta': 0.10920733921391275}. Best is trial 118 with value: 11952233.59608575.
[I 2024-12-10 15:22:16,869] Trial 156 finished with value: 11974003.986842401 and parameters: {'max_depth': 8, 'alpha': 7.92122595450522e-08, 'lambda': 0.4175615684841326, 'eta': 0.07637143759789158}. Best is trial 118 with value: 11952233.59608575.
[I 2024-12-10 15:22:44,801] Trial 157 finished with value: 11972628.564677581 and parameters: {'max_depth': 8, 'alpha': 8.66660877500828e-08, 'lambda': 0.9815952203841577, 'eta': 0.07847412633125939}. Best is trial 118 with value: 11952233.59608575.
[I 2024-12-10 15:23:12,445] Trial 158 finished with value: 11978822.195657417 and parameters: {'max_depth': 8, 'alpha': 8.43188982923195e-08, 'lambda': 0.4413577927723587, 'eta': 0.07634322341938274}. Best is trial 118 with value: 11952233.59608575.
[I 2024-12-10 15:23:46,784] Trial 159 finished with value: 11985056.297856024 and parameters: {'max_depth': 9, 'alpha': 3.462131439797924e-08, 'lambda': 0.7320741228738711, 'eta': 0.07360835393366486}. Best is trial 118 with value: 11952233.59608575.
[I 2024-12-10 15:24:18,174] Trial 160 finished with value: 11955880.92846394 and parameters: {'max_depth': 8, 'alpha': 7.433838714577591e-08, 'lambda': 0.8877933939490023, 'eta': 0.06608696892943561}. Best is trial 118 with value: 11952233.59608575.
[I 2024-12-10 15:24:49,476] Trial 161 finished with value: 11958637.507540155 and parameters: {'max_depth': 8, 'alpha': 7.792524609312144e-08, 'lambda': 0.9859144062362075, 'eta': 0.06523975245088219}. Best is trial 118 with value: 11952233.59608575.
[I 2024-12-10 15:25:19,056] Trial 162 finished with value: 11979808.376834283 and parameters: {'max_depth': 8, 'alpha': 5.94767916900357e-08, 'lambda': 0.5315731856883409, 'eta': 0.06519253524565109}. Best is trial 118 with value: 11952233.59608575.
[I 2024-12-10 15:25:48,726] Trial 163 finished with value: 11968901.305797936 and parameters: {'max_depth': 8, 'alpha': 9.61145244724378e-08, 'lambda': 0.9967292072655509, 'eta': 0.07087215924613785}. Best is trial 118 with value: 11952233.59608575.
[I 2024-12-10 15:26:26,649] Trial 164 finished with value: 11967268.666555079 and parameters: {'max_depth': 8, 'alpha': 2.914200761351094e-06, 'lambda': 0.9535036869338369, 'eta': 0.056345553818993074}. Best is trial 118 with value: 11952233.59608575.
[I 2024-12-10 15:27:03,151] Trial 165 finished with value: 11964916.659272473 and parameters: {'max_depth': 8, 'alpha': 1.2151329202731995e-08, 'lambda': 0.9682783976107766, 'eta': 0.06047327146429566}. Best is trial 118 with value: 11952233.59608575.
[I 2024-12-10 15:27:37,912] Trial 166 finished with value: 11973678.433382858 and parameters: {'max_depth': 8, 'alpha': 1.1429988900275597e-07, 'lambda': 0.6922097412063041, 'eta': 0.055239470539074575}. Best is trial 118 with value: 11952233.59608575.
[I 2024-12-10 15:28:11,481] Trial 167 finished with value: 11961998.120002065 and parameters: {'max_depth': 8, 'alpha': 3.1511188573887804e-06, 'lambda': 0.9949963312381008, 'eta': 0.06277198037759474}. Best is trial 118 with value: 11952233.59608575.
[I 2024-12-10 15:28:50,193] Trial 168 finished with value: 11981358.222306265 and parameters: {'max_depth': 9, 'alpha': 1.2669721866996722e-08, 'lambda': 0.8605031327321964, 'eta': 0.06256977403031495}. Best is trial 118 with value: 11952233.59608575.
[I 2024-12-10 15:29:26,125] Trial 169 finished with value: 11999009.936646147 and parameters: {'max_depth': 9, 'alpha': 2.7789931036140577e-08, 'lambda': 0.9134934538449856, 'eta': 0.06061545618443233}. Best is trial 118 with value: 11952233.59608575.
[I 2024-12-10 15:29:54,496] Trial 170 finished with value: 11964312.830042481 and parameters: {'max_depth': 8, 'alpha': 3.2771439969926107e-06, 'lambda': 0.9759664396916244, 'eta': 0.06972919840729747}. Best is trial 118 with value: 11952233.59608575.
[I 2024-12-10 15:30:26,634] Trial 171 finished with value: 11982578.306831546 and parameters: {'max_depth': 8, 'alpha': 3.505755357593235e-06, 'lambda': 0.5868767731520671, 'eta': 0.05681137600817927}. Best is trial 118 with value: 11952233.59608575.
[I 2024-12-10 15:30:56,767] Trial 172 finished with value: 11956861.04929431 and parameters: {'max_depth': 8, 'alpha': 2.4471665428479195e-08, 'lambda': 0.9970337581388088, 'eta': 0.06832544993209956}. Best is trial 118 with value: 11952233.59608575.
[I 2024-12-10 15:31:11,751] Trial 173 finished with value: 12305640.339085516 and parameters: {'max_depth': 3, 'alpha': 2.9377368774711465e-08, 'lambda': 0.6884197037327058, 'eta': 0.06643261763961843}. Best is trial 118 with value: 11952233.59608575.
[I 2024-12-10 15:31:48,492] Trial 174 finished with value: 11966811.651399648 and parameters: {'max_depth': 8, 'alpha': 2.0793466273838326e-08, 'lambda': 0.9994171258502155, 'eta': 0.05234182341297993}. Best is trial 118 with value: 11952233.59608575.
[I 2024-12-10 15:32:24,534] Trial 175 finished with value: 11997257.84079371 and parameters: {'max_depth': 8, 'alpha': 2.228375278144037e-08, 'lambda': 0.5406875228123377, 'eta': 0.047832101921983776}. Best is trial 118 with value: 11952233.59608575.
[I 2024-12-10 15:33:01,627] Trial 176 finished with value: 11979546.183978977 and parameters: {'max_depth': 8, 'alpha': 1.685922576745235e-08, 'lambda': 0.46797647843843937, 'eta': 0.05230632699436944}. Best is trial 118 with value: 11952233.59608575.
[I 2024-12-10 15:33:38,828] Trial 177 finished with value: 11995614.106677284 and parameters: {'max_depth': 9, 'alpha': 2.791697268308611e-06, 'lambda': 0.6881970297580244, 'eta': 0.06108519447650669}. Best is trial 118 with value: 11952233.59608575.
[I 2024-12-10 15:34:20,545] Trial 178 finished with value: 11986799.401679352 and parameters: {'max_depth': 9, 'alpha': 5.343753752876391e-06, 'lambda': 0.9851944403258367, 'eta': 0.05735952459675998}. Best is trial 118 with value: 11952233.59608575.
[I 2024-12-10 15:34:54,586] Trial 179 finished with value: 12001170.82364483 and parameters: {'max_depth': 8, 'alpha': 1.2559012367961019e-06, 'lambda': 0.3358108629335639, 'eta': 0.04881670270080488}. Best is trial 118 with value: 11952233.59608575.
[I 2024-12-10 15:35:23,051] Trial 180 finished with value: 11983628.747568907 and parameters: {'max_depth': 8, 'alpha': 1.9670815028891523e-06, 'lambda': 0.4989550690488299, 'eta': 0.06791492167509822}. Best is trial 118 with value: 11952233.59608575.
[I 2024-12-10 15:35:50,128] Trial 181 finished with value: 11959300.844167978 and parameters: {'max_depth': 8, 'alpha': 1.033436040634144e-08, 'lambda': 0.9451314586968159, 'eta': 0.07074318853944019}. Best is trial 118 with value: 11952233.59608575.
[I 2024-12-10 15:36:22,237] Trial 182 finished with value: 11962826.651850682 and parameters: {'max_depth': 8, 'alpha': 1.965059694771668e-08, 'lambda': 0.9982031432086657, 'eta': 0.06328847604959788}. Best is trial 118 with value: 11952233.59608575.
[I 2024-12-10 15:36:52,274] Trial 183 finished with value: 11994779.998331005 and parameters: {'max_depth': 8, 'alpha': 1.0210312475517304e-08, 'lambda': 0.6224043602198429, 'eta': 0.06265366036691852}. Best is trial 118 with value: 11952233.59608575.
[I 2024-12-10 15:37:26,986] Trial 184 finished with value: 11967456.617165215 and parameters: {'max_depth': 8, 'alpha': 1.9429800877345598e-08, 'lambda': 0.9764231884852393, 'eta': 0.05383688075709702}. Best is trial 118 with value: 11952233.59608575.
