

----------------------------------------------------------------------------
Training XGBoost Vesion 1 with Dataset: config/brazillian_houses.yml 



----------------------------------------------------------------------------
Namespace(batch_size=128, cat_dims=None, cat_idx=None, config='config/brazillian_houses.yml', data_parallel=False, dataset='Brazillian Houses', direction='minimize', dropna_idx=None, early_stopping_rounds=20, epochs=500, gpu_ids=[0, 1], logging_period=100, miss_cat_idx=None, miss_num_idx=None, model_name='XGBoost', n_trials=100, nominal_idx=[0, 6], num_classes=1, num_features=12, num_splits=5, objective='regression', one_hot_encode=True, optimize_hyperparameters=True, ordinal_encode=True, ordinal_idx=[7], scale=True, seed=221, shuffle=True, target_encode=False, use_gpu=True, val_batch_size=256)
Start hyperparameter optimization
Loading dataset Brazillian Houses...
Dataset loaded!


----------------------------------------------------------------------------
Training XGBoost Vesion 1 with Dataset: config/abalone.yml 



----------------------------------------------------------------------------
Namespace(batch_size=128, cat_dims=None, cat_idx=None, config='config/abalone.yml', data_parallel=False, dataset='Abalone', direction='minimize', dropna_idx=None, early_stopping_rounds=20, epochs=500, gpu_ids=[0, 1], logging_period=100, miss_cat_idx=None, miss_num_idx=None, model_name='XGBoost', n_trials=100, nominal_idx=[0], num_classes=1, num_features=8, num_splits=5, objective='regression', one_hot_encode=True, optimize_hyperparameters=True, ordinal_encode=False, ordinal_idx=None, scale=True, seed=221, shuffle=True, target_encode=False, use_gpu=True, val_batch_size=256)
Start hyperparameter optimization
Loading dataset Abalone...
Dataset loaded!
(4177, 8)
Scaling the data...
args.num_features: 10
New Shape: (4177, 10)
A new study created in RDB with name: XGBoost_Abalone
[0]	train-rmse:9.78785	eval-rmse:9.90287
[100]	train-rmse:2.80981	eval-rmse:2.92771
[200]	train-rmse:2.11354	eval-rmse:2.25201
[300]	train-rmse:2.02240	eval-rmse:2.19704
[400]	train-rmse:1.97102	eval-rmse:2.16636
[499]	train-rmse:1.93569	eval-rmse:2.15311
Saved Losses
{'MSE - mean': 4.635879802769766, 'MSE - std': 0.0, 'R2 - mean': 0.577223080524758, 'R2 - std': 0.0} 
 

[0]	train-rmse:9.83391	eval-rmse:9.71635
[100]	train-rmse:2.84926	eval-rmse:2.71418
[200]	train-rmse:2.15102	eval-rmse:2.07682
[300]	train-rmse:2.05598	eval-rmse:2.02897
[400]	train-rmse:2.00524	eval-rmse:2.01784
[415]	train-rmse:1.99939	eval-rmse:2.01863
Saved Losses
{'MSE - mean': 4.356081977875254, 'MSE - std': 0.2797978248945121, 'R2 - mean': 0.571352598402022, 'R2 - std': 0.005870482122735998} 
 

[0]	train-rmse:9.81237	eval-rmse:9.80439
[100]	train-rmse:2.81662	eval-rmse:2.87631
[200]	train-rmse:2.11349	eval-rmse:2.24105
[300]	train-rmse:2.02210	eval-rmse:2.19099
[400]	train-rmse:1.97941	eval-rmse:2.17742
[499]	train-rmse:1.94395	eval-rmse:2.16778
Saved Losses
{'MSE - mean': 4.470475447643498, 'MSE - std': 0.27993382621916735, 'R2 - mean': 0.5601013058559615, 'R2 - std': 0.016618008549451706} 
 

[0]	train-rmse:9.83649	eval-rmse:9.70460
[100]	train-rmse:2.82945	eval-rmse:2.73446
[200]	train-rmse:2.13614	eval-rmse:2.12400
[300]	train-rmse:2.04607	eval-rmse:2.08552
[376]	train-rmse:2.00778	eval-rmse:2.08221
Saved Losses
{'MSE - mean': 4.43664037631778, 'MSE - std': 0.2494126028313854, 'R2 - mean': 0.5541972655034558, 'R2 - std': 0.01765479350103772} 
 

[0]	train-rmse:9.78288	eval-rmse:9.92516
[100]	train-rmse:2.77791	eval-rmse:3.07846
[200]	train-rmse:2.08029	eval-rmse:2.41687
[300]	train-rmse:1.99354	eval-rmse:2.35027
[400]	train-rmse:1.94613	eval-rmse:2.33475
[499]	train-rmse:1.90734	eval-rmse:2.32942
Saved Losses
{'MSE - mean': 4.6345539977079016, 'MSE - std': 0.45436166573326736, 'R2 - mean': 0.553608666004501, 'R2 - std': 0.01583474610886157} 
 

Results After CV: {'MSE - mean': 4.6345539977079016, 'MSE - std': 0.45436166573326736, 'R2 - mean': 0.553608666004501, 'R2 - std': 0.01583474610886157}
Train time: 0.7223542340000002
Inference time: 0.01975448540000002
Finished cross validation
Trial 0 finished with value: 4.6345539977079016 and parameters: {'max_depth': 3, 'alpha': 0.019859760168907985, 'lambda': 0.07361917532664378, 'eta': 0.01692454114349687}. Best is trial 0 with value: 4.6345539977079016.
[0]	train-rmse:9.83238	eval-rmse:9.94758
[100]	train-rmse:3.61468	eval-rmse:3.72629
[200]	train-rmse:2.30747	eval-rmse:2.43155
[300]	train-rmse:2.09182	eval-rmse:2.23817
[400]	train-rmse:2.02922	eval-rmse:2.20027
[499]	train-rmse:1.99091	eval-rmse:2.17989
Saved Losses
{'MSE - mean': 4.7519198579547, 'MSE - std': 0.0, 'R2 - mean': 0.5666406109280457, 'R2 - std': 0.0} 
 

[0]	train-rmse:9.87857	eval-rmse:9.76121
[100]	train-rmse:3.65521	eval-rmse:3.51848
[200]	train-rmse:2.34382	eval-rmse:2.22647
[300]	train-rmse:2.12842	eval-rmse:2.06065
[400]	train-rmse:2.06331	eval-rmse:2.03267
[499]	train-rmse:2.02440	eval-rmse:2.02007
Saved Losses
{'MSE - mean': 4.416294621572387, 'MSE - std': 0.3356252363823127, 'R2 - mean': 0.5658276382612079, 'R2 - std': 0.0008129726668378856} 
 

[0]	train-rmse:9.85701	eval-rmse:9.84896
[100]	train-rmse:3.62377	eval-rmse:3.65810
[200]	train-rmse:2.30736	eval-rmse:2.40144
[300]	train-rmse:2.09104	eval-rmse:2.22633
[400]	train-rmse:2.02897	eval-rmse:2.19201
[499]	train-rmse:1.99438	eval-rmse:2.17937
Saved Losses
{'MSE - mean': 4.527412938842929, 'MSE - std': 0.3158967559143268, 'R2 - mean': 0.554765321331818, 'R2 - std': 0.015658554469167366} 
 

[0]	train-rmse:9.88124	eval-rmse:9.74944
[100]	train-rmse:3.63893	eval-rmse:3.52445
[200]	train-rmse:2.32531	eval-rmse:2.26994
[300]	train-rmse:2.11503	eval-rmse:2.11157
[400]	train-rmse:2.05341	eval-rmse:2.08804
[499]	train-rmse:2.01318	eval-rmse:2.08200
Saved Losses
{'MSE - mean': 4.4792446624958835, 'MSE - std': 0.2860133193343152, 'R2 - mean': 0.5502058443017144, 'R2 - std': 0.015692649183998125} 
 

[0]	train-rmse:9.82749	eval-rmse:9.96886
[100]	train-rmse:3.59093	eval-rmse:3.85145
[200]	train-rmse:2.26878	eval-rmse:2.60017
[300]	train-rmse:2.05867	eval-rmse:2.39762
[400]	train-rmse:2.00038	eval-rmse:2.35361
[499]	train-rmse:1.96272	eval-rmse:2.34232
Saved Losses
{'MSE - mean': 4.68068446889823, 'MSE - std': 0.4772367101166531, 'R2 - mean': 0.5494192424447382, 'R2 - std': 0.014123822451985995} 
 

Results After CV: {'MSE - mean': 4.68068446889823, 'MSE - std': 0.4772367101166531, 'R2 - mean': 0.5494192424447382, 'R2 - std': 0.014123822451985995}
Train time: 0.7568174335999999
Inference time: 0.08345370980000019
Finished cross validation
Trial 1 finished with value: 4.68068446889823 and parameters: {'max_depth': 3, 'alpha': 4.848316709274409e-06, 'lambda': 1.8472466186489088e-06, 'eta': 0.012156626751267408}. Best is trial 0 with value: 4.6345539977079016.
[0]	train-rmse:9.81993	eval-rmse:9.93562
[100]	train-rmse:3.14853	eval-rmse:3.38303
[200]	train-rmse:1.82468	eval-rmse:2.26219
[300]	train-rmse:1.58487	eval-rmse:2.14206
[400]	train-rmse:1.48821	eval-rmse:2.13603
[404]	train-rmse:1.48544	eval-rmse:2.13616
Saved Losses
{'MSE - mean': 4.563158650281858, 'MSE - std': 0.0, 'R2 - mean': 0.583855009336018, 'R2 - std': 0.0} 
 

[0]	train-rmse:9.86588	eval-rmse:9.75000
[100]	train-rmse:3.17062	eval-rmse:3.23178
[200]	train-rmse:1.82962	eval-rmse:2.15119
[300]	train-rmse:1.59008	eval-rmse:2.05604
[373]	train-rmse:1.50674	eval-rmse:2.05086
Saved Losses
{'MSE - mean': 4.38510808821105, 'MSE - std': 0.17805056207080838, 'R2 - mean': 0.5676985667009363, 'R2 - std': 0.016156442635081647} 
 

[0]	train-rmse:9.84433	eval-rmse:9.83685
[100]	train-rmse:3.14492	eval-rmse:3.32079
[200]	train-rmse:1.80420	eval-rmse:2.26339
[300]	train-rmse:1.55829	eval-rmse:2.17370
[367]	train-rmse:1.49660	eval-rmse:2.17262
Saved Losses
{'MSE - mean': 4.496775897207599, 'MSE - std': 0.2146487073522692, 'R2 - mean': 0.5569814424027327, 'R2 - std': 0.020093131468076748} 
 

[0]	train-rmse:9.86851	eval-rmse:9.73787
[100]	train-rmse:3.16415	eval-rmse:3.23290
[200]	train-rmse:1.81570	eval-rmse:2.17054
[300]	train-rmse:1.57027	eval-rmse:2.07666
[400]	train-rmse:1.47864	eval-rmse:2.06815
[436]	train-rmse:1.45114	eval-rmse:2.06766
Saved Losses
{'MSE - mean': 4.441383433755678, 'MSE - std': 0.2091901663506616, 'R2 - mean': 0.5534592808798585, 'R2 - std': 0.018439558414579997} 
 

[0]	train-rmse:9.81492	eval-rmse:9.95630
[100]	train-rmse:3.12154	eval-rmse:3.48419
[200]	train-rmse:1.77409	eval-rmse:2.41853
[300]	train-rmse:1.53631	eval-rmse:2.32441
[346]	train-rmse:1.48646	eval-rmse:2.31968
Saved Losses
{'MSE - mean': 4.629292976538762, 'MSE - std': 0.41981949172715266, 'R2 - mean': 0.5537671625833973, 'R2 - std': 0.016504333255035235} 
 

Results After CV: {'MSE - mean': 4.629292976538762, 'MSE - std': 0.41981949172715266, 'R2 - mean': 0.5537671625833973, 'R2 - std': 0.016504333255035235}
Train time: 1.2590211027999991
Inference time: 0.028586616799999475
Finished cross validation
Trial 2 finished with value: 4.629292976538762 and parameters: {'max_depth': 6, 'alpha': 7.195142844103834e-07, 'lambda': 3.2598569339456154e-08, 'eta': 0.013258859225669934}. Best is trial 2 with value: 4.629292976538762.
[0]	train-rmse:9.10917	eval-rmse:9.22463
[100]	train-rmse:1.57422	eval-rmse:2.11884
[112]	train-rmse:1.53255	eval-rmse:2.12364
Saved Losses
{'MSE - mean': 4.503452122754292, 'MSE - std': 0.0, 'R2 - mean': 0.5893000473556809, 'R2 - std': 0.0} 
 

[0]	train-rmse:9.15289	eval-rmse:9.03904
[73]	train-rmse:1.69578	eval-rmse:2.01788
Saved Losses
{'MSE - mean': 4.287646727717938, 'MSE - std': 0.21580539503635388, 'R2 - mean': 0.5776278765061866, 'R2 - std': 0.01167217084949429} 
 

[0]	train-rmse:9.13157	eval-rmse:9.12558
[100]	train-rmse:1.57295	eval-rmse:2.14789
[145]	train-rmse:1.42516	eval-rmse:2.15454
Saved Losses
{'MSE - mean': 4.406655414764561, 'MSE - std': 0.24366804099632505, 'R2 - mean': 0.5660753396429742, 'R2 - std': 0.018914243244487042} 
 

[0]	train-rmse:9.15480	eval-rmse:9.02303
[64]	train-rmse:1.70857	eval-rmse:2.08637
Saved Losses
{'MSE - mean': 4.394115232228828, 'MSE - std': 0.21213758315378387, 'R2 - mean': 0.5581068480983318, 'R2 - std': 0.021419664344354945} 
 

[0]	train-rmse:9.10291	eval-rmse:9.25390
[86]	train-rmse:1.59696	eval-rmse:2.32110
Saved Losses
{'MSE - mean': 4.592706672050466, 'MSE - std': 0.4401773770092985, 'R2 - mean': 0.5573836399133147, 'R2 - std': 0.019212853427207705} 
 

Results After CV: {'MSE - mean': 4.592706672050466, 'MSE - std': 0.4401773770092985, 'R2 - mean': 0.5573836399133147, 'R2 - std': 0.019212853427207705}
Train time: 0.34514731519999986
Inference time: 0.0065126008000000015
Finished cross validation
Trial 3 finished with value: 4.592706672050466 and parameters: {'max_depth': 5, 'alpha': 0.6220216291208428, 'lambda': 0.7278414867690935, 'eta': 0.08915637951010023}. Best is trial 3 with value: 4.592706672050466.
[0]	train-rmse:9.83209	eval-rmse:9.95164
[100]	train-rmse:3.15949	eval-rmse:3.81189
[200]	train-rmse:1.07767	eval-rmse:2.52325
[300]	train-rmse:0.43652	eval-rmse:2.36282
[400]	train-rmse:0.23962	eval-rmse:2.34662
[435]	train-rmse:0.20344	eval-rmse:2.34667
Saved Losses
{'MSE - mean': 5.506843801031529, 'MSE - std': 0.0, 'R2 - mean': 0.4977940418471486, 'R2 - std': 0.0} 
 

[0]	train-rmse:9.87825	eval-rmse:9.76532
[100]	train-rmse:3.19014	eval-rmse:3.65246
[200]	train-rmse:1.11189	eval-rmse:2.40044
[300]	train-rmse:0.47572	eval-rmse:2.26715
[377]	train-rmse:0.29451	eval-rmse:2.26132
Saved Losses
{'MSE - mean': 5.310509620768545, 'MSE - std': 0.19633418026298433, 'R2 - mean': 0.47632025664673106, 'R2 - std': 0.02147378520041754} 
 

[0]	train-rmse:9.85687	eval-rmse:9.85103
[100]	train-rmse:3.17306	eval-rmse:3.69861
[200]	train-rmse:1.08157	eval-rmse:2.39928
[300]	train-rmse:0.43932	eval-rmse:2.27173
[352]	train-rmse:0.31099	eval-rmse:2.26829
Saved Losses
{'MSE - mean': 5.255385635617826, 'MSE - std': 0.1782565034928188, 'R2 - mean': 0.4821218964106488, 'R2 - std': 0.019358039203123248} 
 

[0]	train-rmse:9.88121	eval-rmse:9.75307
[100]	train-rmse:3.18408	eval-rmse:3.62787
[200]	train-rmse:1.09826	eval-rmse:2.36998
[300]	train-rmse:0.46096	eval-rmse:2.22415
[377]	train-rmse:0.28166	eval-rmse:2.21900
Saved Losses
{'MSE - mean': 5.172533153662746, 'MSE - std': 0.21077271425985009, 'R2 - mean': 0.4799729257973041, 'R2 - std': 0.0171727832756749} 
 

[0]	train-rmse:9.82766	eval-rmse:9.97102
[100]	train-rmse:3.17026	eval-rmse:3.88913
[200]	train-rmse:1.09402	eval-rmse:2.62949
[300]	train-rmse:0.44587	eval-rmse:2.47568
[400]	train-rmse:0.23777	eval-rmse:2.45998
[421]	train-rmse:0.21433	eval-rmse:2.46014
Saved Losses
{'MSE - mean': 5.348487649217578, 'MSE - std': 0.3992243074826387, 'R2 - mean': 0.4838735868603612, 'R2 - std': 0.01722742625182407} 
 

Results After CV: {'MSE - mean': 5.348487649217578, 'MSE - std': 0.3992243074826387, 'R2 - mean': 0.4838735868603612, 'R2 - std': 0.01722742625182407}
Train time: 14.847095443800004
Inference time: 0.1307470550000005
Finished cross validation
Trial 4 finished with value: 5.348487649217578 and parameters: {'max_depth': 12, 'alpha': 2.2358467618390627e-06, 'lambda': 0.07820967658557557, 'eta': 0.011759826772731874}. Best is trial 3 with value: 4.592706672050466.
[0]	train-rmse:9.67592	eval-rmse:9.79299
[100]	train-rmse:0.91656	eval-rmse:2.33991
[200]	train-rmse:0.33801	eval-rmse:2.24758
[220]	train-rmse:0.30990	eval-rmse:2.24853
Saved Losses
{'MSE - mean': 5.05588197038653, 'MSE - std': 0.0, 'R2 - mean': 0.5389202706693667, 'R2 - std': 0.0} 
 

[0]	train-rmse:9.72133	eval-rmse:9.60964
[100]	train-rmse:0.93723	eval-rmse:2.27047
[183]	train-rmse:0.38887	eval-rmse:2.21471
Saved Losses
{'MSE - mean': 4.9804124345589535, 'MSE - std': 0.0754695358275761, 'R2 - mean': 0.5080351060504489, 'R2 - std': 0.03088516461891777} 
 

[0]	train-rmse:9.70015	eval-rmse:9.69571
[100]	train-rmse:0.90142	eval-rmse:2.28648
[173]	train-rmse:0.39833	eval-rmse:2.23491
Saved Losses
{'MSE - mean': 4.985220404304162, 'MSE - std': 0.06199462641897438, 'R2 - mean': 0.5081949472353399, 'R2 - std': 0.025218644440847225} 
 

[0]	train-rmse:9.72413	eval-rmse:9.59515
[100]	train-rmse:0.91758	eval-rmse:2.21068
[187]	train-rmse:0.34504	eval-rmse:2.14273
Saved Losses
{'MSE - mean': 4.88673649399229, 'MSE - std': 0.1788288065429375, 'R2 - mean': 0.5084205851540302, 'R2 - std': 0.02184348319262427} 
 

[0]	train-rmse:9.67094	eval-rmse:9.81480
[100]	train-rmse:0.92374	eval-rmse:2.47063
[187]	train-rmse:0.38470	eval-rmse:2.39466
Saved Losses
{'MSE - mean': 5.056417422474561, 'MSE - std': 0.37516698095925166, 'R2 - mean': 0.5118775951084963, 'R2 - std': 0.02072471658890119} 
 

Results After CV: {'MSE - mean': 5.056417422474561, 'MSE - std': 0.37516698095925166, 'R2 - mean': 0.5118775951084963, 'R2 - std': 0.02072471658890119}
Train time: 4.778249403200002
Inference time: 0.06857502619999992
Finished cross validation
Trial 5 finished with value: 5.056417422474561 and parameters: {'max_depth': 12, 'alpha': 0.2866241148446796, 'lambda': 0.26585281963990814, 'eta': 0.028444753590445893}. Best is trial 3 with value: 4.592706672050466.
[0]	train-rmse:9.71064	eval-rmse:9.82535
[100]	train-rmse:2.26778	eval-rmse:2.39221
[200]	train-rmse:2.02230	eval-rmse:2.19561
[300]	train-rmse:1.95394	eval-rmse:2.16141
[400]	train-rmse:1.90655	eval-rmse:2.15021
[499]	train-rmse:1.86469	eval-rmse:2.14034
Saved Losses
{'MSE - mean': 4.5810621261268585, 'MSE - std': 0.0, 'R2 - mean': 0.5822222714981806, 'R2 - std': 0.0} 
 

[0]	train-rmse:9.75646	eval-rmse:9.63856
[100]	train-rmse:2.30401	eval-rmse:2.19180
[200]	train-rmse:2.05614	eval-rmse:2.02778
[300]	train-rmse:1.98308	eval-rmse:2.01327
[318]	train-rmse:1.97235	eval-rmse:2.01439
Saved Losses
{'MSE - mean': 4.319359624287182, 'MSE - std': 0.2617025018396757, 'R2 - mean': 0.5748449826129178, 'R2 - std': 0.007377288885262845} 
 

[0]	train-rmse:9.73497	eval-rmse:9.72711
[100]	train-rmse:2.26955	eval-rmse:2.36607
[200]	train-rmse:2.02106	eval-rmse:2.18887
[300]	train-rmse:1.95770	eval-rmse:2.17086
[400]	train-rmse:1.90333	eval-rmse:2.15057
[499]	train-rmse:1.85686	eval-rmse:2.14428
Saved Losses
{'MSE - mean': 4.4122187239052, 'MSE - std': 0.25080754456322635, 'R2 - mean': 0.5657529930892435, 'R2 - std': 0.014198995546456306} 
 

[0]	train-rmse:9.75890	eval-rmse:9.62684
[100]	train-rmse:2.28635	eval-rmse:2.23668
[200]	train-rmse:2.04456	eval-rmse:2.08694
[245]	train-rmse:2.00936	eval-rmse:2.08379
Saved Losses
{'MSE - mean': 4.394707620939869, 'MSE - std': 0.21931309693806098, 'R2 - mean': 0.5582478735621679, 'R2 - std': 0.017893827517981985} 
 

[0]	train-rmse:9.70554	eval-rmse:9.84937
[100]	train-rmse:2.23288	eval-rmse:2.56435
[200]	train-rmse:1.99527	eval-rmse:2.34812
[300]	train-rmse:1.92263	eval-rmse:2.33196
[400]	train-rmse:1.86980	eval-rmse:2.32301
[410]	train-rmse:1.86513	eval-rmse:2.32371
Saved Losses
{'MSE - mean': 4.595689196171076, 'MSE - std': 0.44727280480767023, 'R2 - mean': 0.5572889987670923, 'R2 - std': 0.016119212576461553} 
 

Results After CV: {'MSE - mean': 4.595689196171076, 'MSE - std': 0.44727280480767023, 'R2 - mean': 0.5572889987670923, 'R2 - std': 0.016119212576461553}
Train time: 0.6120686641999982
Inference time: 0.014130812000007608
Finished cross validation
Trial 6 finished with value: 4.595689196171076 and parameters: {'max_depth': 3, 'alpha': 1.3808510370225658e-08, 'lambda': 1.3261143329861086e-05, 'eta': 0.02518660132434302}. Best is trial 3 with value: 4.592706672050466.
[0]	train-rmse:9.67742	eval-rmse:9.79307
[100]	train-rmse:2.06356	eval-rmse:2.25221
[200]	train-rmse:1.84819	eval-rmse:2.14580
[287]	train-rmse:1.77468	eval-rmse:2.13916
Saved Losses
{'MSE - mean': 4.578280789087418, 'MSE - std': 0.0, 'R2 - mean': 0.5824759202456857, 'R2 - std': 0.0} 
 

[0]	train-rmse:9.72283	eval-rmse:9.60572
[100]	train-rmse:2.09565	eval-rmse:2.09072
[171]	train-rmse:1.90759	eval-rmse:2.02619
Saved Losses
{'MSE - mean': 4.340919750490209, 'MSE - std': 0.23736103859720892, 'R2 - mean': 0.5725253311330809, 'R2 - std': 0.009950589112604769} 
 

[0]	train-rmse:9.70123	eval-rmse:9.69516
[100]	train-rmse:2.06083	eval-rmse:2.24885
[200]	train-rmse:1.85586	eval-rmse:2.15857
[300]	train-rmse:1.76350	eval-rmse:2.14750
[307]	train-rmse:1.75487	eval-rmse:2.14634
Saved Losses
{'MSE - mean': 4.429967707056427, 'MSE - std': 0.23112605269246875, 'R2 - mean': 0.5638744075164214, 'R2 - std': 0.01468626709893122} 
 

[0]	train-rmse:9.72537	eval-rmse:9.59329
[100]	train-rmse:2.08630	eval-rmse:2.14701
[183]	train-rmse:1.88271	eval-rmse:2.08170
Saved Losses
{'MSE - mean': 4.406688202756543, 'MSE - std': 0.2041818922829502, 'R2 - mean': 0.5569812622103731, 'R2 - std': 0.017444517408250267} 
 

[0]	train-rmse:9.67238	eval-rmse:9.81673
[100]	train-rmse:2.03685	eval-rmse:2.41300
[200]	train-rmse:1.82001	eval-rmse:2.30793
[300]	train-rmse:1.72395	eval-rmse:2.29872
[301]	train-rmse:1.72358	eval-rmse:2.29875
Saved Losses
{'MSE - mean': 4.582204865509706, 'MSE - std': 0.3956976013637521, 'R2 - mean': 0.5581834918563148, 'R2 - std': 0.01578703184806191} 
 

Results After CV: {'MSE - mean': 4.582204865509706, 'MSE - std': 0.3956976013637521, 'R2 - mean': 0.5581834918563148, 'R2 - std': 0.01578703184806191}
Train time: 0.571585928199994
Inference time: 0.04032231819999765
Finished cross validation
Trial 7 finished with value: 4.582204865509706 and parameters: {'max_depth': 4, 'alpha': 0.0034777699811258693, 'lambda': 0.000500332561544705, 'eta': 0.02854129830137857}. Best is trial 7 with value: 4.582204865509706.
[0]	train-rmse:9.80304	eval-rmse:9.91933
[100]	train-rmse:2.88759	eval-rmse:3.08030
[200]	train-rmse:1.89430	eval-rmse:2.20952
[300]	train-rmse:1.73317	eval-rmse:2.14005
[400]	train-rmse:1.65783	eval-rmse:2.12394
[421]	train-rmse:1.64558	eval-rmse:2.12380
Saved Losses
{'MSE - mean': 4.510511599778894, 'MSE - std': 0.0, 'R2 - mean': 0.5886562463779712, 'R2 - std': 0.0} 
 

[0]	train-rmse:9.84898	eval-rmse:9.73234
[100]	train-rmse:2.91750	eval-rmse:2.90538
[200]	train-rmse:1.91839	eval-rmse:2.08388
[300]	train-rmse:1.76254	eval-rmse:2.04144
[338]	train-rmse:1.73538	eval-rmse:2.04183
Saved Losses
{'MSE - mean': 4.339796965457513, 'MSE - std': 0.1707146343213819, 'R2 - mean': 0.5721231978701727, 'R2 - std': 0.016533048507798465} 
 

[0]	train-rmse:9.82734	eval-rmse:9.81982
[100]	train-rmse:2.88992	eval-rmse:3.02527
[200]	train-rmse:1.88846	eval-rmse:2.20615
[300]	train-rmse:1.73585	eval-rmse:2.14759
[387]	train-rmse:1.66681	eval-rmse:2.14183
Saved Losses
{'MSE - mean': 4.422339748256973, 'MSE - std': 0.181812026276811, 'R2 - mean': 0.5642832461341102, 'R2 - std': 0.017468757304257752} 
 

[0]	train-rmse:9.85162	eval-rmse:9.72082
[100]	train-rmse:2.91068	eval-rmse:2.91904
[200]	train-rmse:1.91904	eval-rmse:2.11589
[300]	train-rmse:1.75850	eval-rmse:2.06946
[366]	train-rmse:1.70034	eval-rmse:2.06870
Saved Losses
{'MSE - mean': 4.386572188556537, 'MSE - std': 0.16920302791301486, 'R2 - mean': 0.5588270167142633, 'R2 - std': 0.01783758475136992} 
 

[0]	train-rmse:9.79810	eval-rmse:9.94015
[100]	train-rmse:2.86577	eval-rmse:3.19775
[200]	train-rmse:1.86520	eval-rmse:2.37263
[300]	train-rmse:1.71292	eval-rmse:2.30341
[380]	train-rmse:1.65645	eval-rmse:2.30049
Saved Losses
{'MSE - mean': 4.5677079185602745, 'MSE - std': 0.3926122036563481, 'R2 - mean': 0.5595281179754636, 'R2 - std': 0.016015920695472703} 
 

Results After CV: {'MSE - mean': 4.5677079185602745, 'MSE - std': 0.3926122036563481, 'R2 - mean': 0.5595281179754636, 'R2 - std': 0.016015920695472703}
Train time: 0.868560579000001
Inference time: 0.02878717960000472
Finished cross validation
