Trial 19 finished with value: 4.61859130726379 and parameters: {'max_depth': 3, 'alpha': 0.006108207691738602, 'lambda': 4.44633881202384e-06, 'eta': 0.12365579076283542}. Best is trial 11 with value: 4.560533655791191.
[0]	train-rmse:9.61366	eval-rmse:9.73110
[100]	train-rmse:1.81828	eval-rmse:2.16825
[174]	train-rmse:1.65372	eval-rmse:2.12423
Saved Losses
{'MSE - mean': 4.510829915915228, 'MSE - std': 0.0, 'R2 - mean': 0.5886272169981632, 'R2 - std': 0.0} 
 

[0]	train-rmse:9.65883	eval-rmse:9.54250
[100]	train-rmse:1.84064	eval-rmse:2.06201
[161]	train-rmse:1.70604	eval-rmse:2.04898
Saved Losses
{'MSE - mean': 4.354579325432055, 'MSE - std': 0.15625059048317347, 'R2 - mean': 0.5705499001055087, 'R2 - std': 0.01807731689265457} 
 

[0]	train-rmse:9.63719	eval-rmse:9.63062
[100]	train-rmse:1.81551	eval-rmse:2.16573
[200]	train-rmse:1.62330	eval-rmse:2.13827
[209]	train-rmse:1.60838	eval-rmse:2.14117
Saved Losses
{'MSE - mean': 4.43116008950082, 'MSE - std': 0.16734811482337902, 'R2 - mean': 0.5633361808419264, 'R2 - std': 0.017942549482144174} 
 

[0]	train-rmse:9.66115	eval-rmse:9.53135
[100]	train-rmse:1.84405	eval-rmse:2.08052
[173]	train-rmse:1.67289	eval-rmse:2.07259
Saved Losses
{'MSE - mean': 4.397292958373212, 'MSE - std': 0.15634894103782113, 'R2 - mean': 0.5576777541134142, 'R2 - std': 0.018371300731445658} 
 

[0]	train-rmse:9.60842	eval-rmse:9.75445
[100]	train-rmse:1.78880	eval-rmse:2.33921
[162]	train-rmse:1.65425	eval-rmse:2.32041
Saved Losses
{'MSE - mean': 4.594698892887244, 'MSE - std': 0.41884651725465327, 'R2 - mean': 0.5570858462506217, 'R2 - std': 0.016474379263702627} 
 

Results After CV: {'MSE - mean': 4.594698892887244, 'MSE - std': 0.41884651725465327, 'R2 - mean': 0.5570858462506217, 'R2 - std': 0.016474379263702627}
Train time: 0.5471304115999942
Inference time: 0.008885850999996591
Finished cross validation
Trial 20 finished with value: 4.594698892887244 and parameters: {'max_depth': 5, 'alpha': 0.15901324038000997, 'lambda': 9.078025370082815e-05, 'eta': 0.03514613311859443}. Best is trial 11 with value: 4.560533655791191.
[0]	train-rmse:9.79705	eval-rmse:9.91336
[100]	train-rmse:2.78837	eval-rmse:2.98778
[200]	train-rmse:1.87543	eval-rmse:2.20002
[300]	train-rmse:1.71971	eval-rmse:2.13967
[400]	train-rmse:1.64886	eval-rmse:2.12751
[490]	train-rmse:1.58762	eval-rmse:2.12367
Saved Losses
{'MSE - mean': 4.512530994078202, 'MSE - std': 0.0, 'R2 - mean': 0.5884720842906459, 'R2 - std': 0.0} 
 

[0]	train-rmse:9.84297	eval-rmse:9.72634
[100]	train-rmse:2.81941	eval-rmse:2.81351
[200]	train-rmse:1.89314	eval-rmse:2.07716
[300]	train-rmse:1.74535	eval-rmse:2.04519
[302]	train-rmse:1.74336	eval-rmse:2.04548
Saved Losses
{'MSE - mean': 4.348250943114185, 'MSE - std': 0.16428005096401677, 'R2 - mean': 0.5712375821046071, 'R2 - std': 0.017234502186038836} 
 

[0]	train-rmse:9.82133	eval-rmse:9.81383
[100]	train-rmse:2.79230	eval-rmse:2.93645
[200]	train-rmse:1.86756	eval-rmse:2.19025
[300]	train-rmse:1.72982	eval-rmse:2.14406
[400]	train-rmse:1.65840	eval-rmse:2.13947
[401]	train-rmse:1.65769	eval-rmse:2.13939
Saved Losses
{'MSE - mean': 4.424732611347923, 'MSE - std': 0.17231032445791222, 'R2 - mean': 0.56401195459267, 'R2 - std': 0.01739074743312981} 
 

[0]	train-rmse:9.84560	eval-rmse:9.71482
[100]	train-rmse:2.81134	eval-rmse:2.82972
[200]	train-rmse:1.89425	eval-rmse:2.09832
[300]	train-rmse:1.74396	eval-rmse:2.06237
[324]	train-rmse:1.72174	eval-rmse:2.06364
Saved Losses
{'MSE - mean': 4.383065257005709, 'MSE - std': 0.16576079509260275, 'R2 - mean': 0.5591903955662004, 'R2 - std': 0.017221233014780662} 
 

[0]	train-rmse:9.79210	eval-rmse:9.93427
[100]	train-rmse:2.76638	eval-rmse:3.11018
[200]	train-rmse:1.84150	eval-rmse:2.36510
[300]	train-rmse:1.69938	eval-rmse:2.31533
[356]	train-rmse:1.65421	eval-rmse:2.31395
Saved Losses
{'MSE - mean': 4.5774629895047045, 'MSE - std': 0.41610482640169866, 'R2 - mean': 0.5587800620558395, 'R2 - std': 0.015424985821659529} 
 

Results After CV: {'MSE - mean': 4.5774629895047045, 'MSE - std': 0.41610482640169866, 'R2 - mean': 0.5587800620558395, 'R2 - std': 0.015424985821659529}
Train time: 0.8962877821999939
Inference time: 0.0334056235999924
Finished cross validation
Trial 21 finished with value: 4.5774629895047045 and parameters: {'max_depth': 5, 'alpha': 0.0006370805654384362, 'lambda': 2.4018501594750567e-07, 'eta': 0.01574586091136781}. Best is trial 11 with value: 4.560533655791191.
[0]	train-rmse:9.75824	eval-rmse:9.87395
[100]	train-rmse:2.20521	eval-rmse:2.55728
[200]	train-rmse:1.59765	eval-rmse:2.14466
[300]	train-rmse:1.46250	eval-rmse:2.12490
[321]	train-rmse:1.44204	eval-rmse:2.12704
Saved Losses
{'MSE - mean': 4.524306417674828, 'MSE - std': 0.0, 'R2 - mean': 0.5873982045686731, 'R2 - std': 0.0} 
 

[0]	train-rmse:9.80391	eval-rmse:9.68851
[100]	train-rmse:2.21583	eval-rmse:2.41248
[200]	train-rmse:1.59546	eval-rmse:2.06246
[248]	train-rmse:1.51820	eval-rmse:2.06131
Saved Losses
{'MSE - mean': 4.38665302828667, 'MSE - std': 0.13765338938815797, 'R2 - mean': 0.5672347217682978, 'R2 - std': 0.020163482800375332} 
 

[0]	train-rmse:9.78239	eval-rmse:9.77529
[100]	train-rmse:2.19211	eval-rmse:2.52796
[200]	train-rmse:1.56748	eval-rmse:2.18358
[300]	train-rmse:1.44118	eval-rmse:2.17537
[317]	train-rmse:1.42216	eval-rmse:2.17703
Saved Losses
{'MSE - mean': 4.504490752844583, 'MSE - std': 0.20100687151937144, 'R2 - mean': 0.5560144274558461, 'R2 - std': 0.022865564385703696} 
 

[0]	train-rmse:9.80640	eval-rmse:9.67622
[100]	train-rmse:2.20272	eval-rmse:2.43125
[200]	train-rmse:1.57765	eval-rmse:2.07947
[272]	train-rmse:1.47324	eval-rmse:2.07536
Saved Losses
{'MSE - mean': 4.455144766132707, 'MSE - std': 0.19392756640614484, 'R2 - mean': 0.5518813082308588, 'R2 - std': 0.021056437248296513} 
 

[0]	train-rmse:9.75308	eval-rmse:9.89560
[100]	train-rmse:2.16486	eval-rmse:2.68047
[200]	train-rmse:1.54056	eval-rmse:2.31852
[288]	train-rmse:1.43195	eval-rmse:2.30837
Saved Losses
{'MSE - mean': 4.62982800216601, 'MSE - std': 0.3900554481276157, 'R2 - mean': 0.5533709842949491, 'R2 - std': 0.01906765268135684} 
 

Results After CV: {'MSE - mean': 4.62982800216601, 'MSE - std': 0.3900554481276157, 'R2 - mean': 0.5533709842949491, 'R2 - std': 0.01906765268135684}
Train time: 1.009957324600009
Inference time: 0.026948219799999153
Finished cross validation
Trial 22 finished with value: 4.62982800216601 and parameters: {'max_depth': 6, 'alpha': 0.0011128037587307357, 'lambda': 1.4877747290278775e-07, 'eta': 0.019746906484458364}. Best is trial 11 with value: 4.560533655791191.
[0]	train-rmse:9.85108	eval-rmse:9.96673
[100]	train-rmse:4.11204	eval-rmse:4.22418
[200]	train-rmse:2.42764	eval-rmse:2.58534
[300]	train-rmse:2.04003	eval-rmse:2.23602
[400]	train-rmse:1.92881	eval-rmse:2.16796
[499]	train-rmse:1.87957	eval-rmse:2.15062
Saved Losses
{'MSE - mean': 4.625181892112491, 'MSE - std': 0.0, 'R2 - mean': 0.5781986946271345, 'R2 - std': 0.0} 
 

[0]	train-rmse:9.89722	eval-rmse:9.78027
[100]	train-rmse:4.14351	eval-rmse:4.03877
[200]	train-rmse:2.45678	eval-rmse:2.38742
[300]	train-rmse:2.06704	eval-rmse:2.07455
[400]	train-rmse:1.95418	eval-rmse:2.02388
[450]	train-rmse:1.92556	eval-rmse:2.01852
Saved Losses
{'MSE - mean': 4.350226124142704, 'MSE - std': 0.27495576796978627, 'R2 - mean': 0.5718944390812556, 'R2 - std': 0.0063042555458788785} 
 

[0]	train-rmse:9.87560	eval-rmse:9.86813
[100]	train-rmse:4.11619	eval-rmse:4.15756
[200]	train-rmse:2.42415	eval-rmse:2.54954
[300]	train-rmse:2.03550	eval-rmse:2.22997
[400]	train-rmse:1.93036	eval-rmse:2.17334
[499]	train-rmse:1.88372	eval-rmse:2.15812
Saved Losses
{'MSE - mean': 4.452645153001552, 'MSE - std': 0.2671699169155882, 'R2 - mean': 0.561832871768306, 'R2 - std': 0.015131623582567956} 
 

[0]	train-rmse:9.89998	eval-rmse:9.76823
[100]	train-rmse:4.13301	eval-rmse:4.03857
[200]	train-rmse:2.44807	eval-rmse:2.43411
[300]	train-rmse:2.05908	eval-rmse:2.12992
[400]	train-rmse:1.94984	eval-rmse:2.08190
[437]	train-rmse:1.92572	eval-rmse:2.08133
Saved Losses
{'MSE - mean': 4.422468559017194, 'MSE - std': 0.2372060367107091, 'R2 - mean': 0.5555813797224185, 'R2 - std': 0.016999058285175093} 
 

[0]	train-rmse:9.84626	eval-rmse:9.98720
[100]	train-rmse:4.08970	eval-rmse:4.33416
[200]	train-rmse:2.39580	eval-rmse:2.72404
[300]	train-rmse:2.01307	eval-rmse:2.39267
[400]	train-rmse:1.90514	eval-rmse:2.33026
[499]	train-rmse:1.85142	eval-rmse:2.31795
Saved Losses
{'MSE - mean': 4.612550473071432, 'MSE - std': 0.4353595057922751, 'R2 - mean': 0.5555980380740604, 'R2 - std': 0.015204456454242014} 
 

Results After CV: {'MSE - mean': 4.612550473071432, 'MSE - std': 0.4353595057922751, 'R2 - mean': 0.5555980380740604, 'R2 - std': 0.015204456454242014}
Train time: 0.8488058902000034
Inference time: 0.11054336539999099
Finished cross validation
Trial 23 finished with value: 4.612550473071432 and parameters: {'max_depth': 4, 'alpha': 0.013413295144068796, 'lambda': 0.006844186130370235, 'eta': 0.010085852017119782}. Best is trial 11 with value: 4.560533655791191.
[0]	train-rmse:9.72557	eval-rmse:9.84459
[100]	train-rmse:1.41061	eval-rmse:2.42329
[200]	train-rmse:0.75545	eval-rmse:2.23107
[279]	train-rmse:0.63187	eval-rmse:2.22973
Saved Losses
{'MSE - mean': 4.971078565381205, 'MSE - std': 0.0, 'R2 - mean': 0.5466540609863075, 'R2 - std': 0.0} 
 

[0]	train-rmse:9.77119	eval-rmse:9.65958
[100]	train-rmse:1.45188	eval-rmse:2.35582
[200]	train-rmse:0.79618	eval-rmse:2.20667
[215]	train-rmse:0.76274	eval-rmse:2.20891
Saved Losses
{'MSE - mean': 4.925178293659551, 'MSE - std': 0.04590027172165412, 'R2 - mean': 0.5132698950469999, 'R2 - std': 0.0333841659393076} 
 

[0]	train-rmse:9.75015	eval-rmse:9.74592
[100]	train-rmse:1.42175	eval-rmse:2.35855
[188]	train-rmse:0.77687	eval-rmse:2.20623
Saved Losses
{'MSE - mean': 4.906194090642857, 'MSE - std': 0.04610158953628992, 'R2 - mean': 0.5158375810480204, 'R2 - std': 0.02749886748774375} 
 

[0]	train-rmse:9.77432	eval-rmse:9.64899
[100]	train-rmse:1.42466	eval-rmse:2.30496
[192]	train-rmse:0.77040	eval-rmse:2.15262
Saved Losses
{'MSE - mean': 4.83808944969209, 'MSE - std': 0.12453410687610209, 'R2 - mean': 0.513016776997008, 'R2 - std': 0.024310729962590406} 
 

[0]	train-rmse:9.72126	eval-rmse:9.86637
[100]	train-rmse:1.41004	eval-rmse:2.56316
[200]	train-rmse:0.77401	eval-rmse:2.38758
[229]	train-rmse:0.71538	eval-rmse:2.39111
Saved Losses
{'MSE - mean': 5.014183526717756, 'MSE - std': 0.36938258063209695, 'R2 - mean': 0.5158288022662478, 'R2 - std': 0.022459724341820562} 
 

Results After CV: {'MSE - mean': 5.014183526717756, 'MSE - std': 0.36938258063209695, 'R2 - mean': 0.5158288022662478, 'R2 - std': 0.022459724341820562}
Train time: 3.0765390016000085
Inference time: 0.07129198479999559
Finished cross validation
Trial 24 finished with value: 5.014183526717756 and parameters: {'max_depth': 9, 'alpha': 0.0007268664396865652, 'lambda': 0.0002677819131751492, 'eta': 0.022716386282261247}. Best is trial 11 with value: 4.560533655791191.
[0]	train-rmse:9.61454	eval-rmse:9.73169
[100]	train-rmse:1.81558	eval-rmse:2.17492
[200]	train-rmse:1.61842	eval-rmse:2.13425
[217]	train-rmse:1.59011	eval-rmse:2.13876
Saved Losses
{'MSE - mean': 4.578619260056455, 'MSE - std': 0.0, 'R2 - mean': 0.5824450528117338, 'R2 - std': 0.0} 
 

[0]	train-rmse:9.65970	eval-rmse:9.54337
[100]	train-rmse:1.83320	eval-rmse:2.05302
[165]	train-rmse:1.69234	eval-rmse:2.03660
Saved Losses
{'MSE - mean': 4.364398759338055, 'MSE - std': 0.2142205007183997, 'R2 - mean': 0.5700251556729573, 'R2 - std': 0.012419897138776448} 
 

[0]	train-rmse:9.63806	eval-rmse:9.63149
[100]	train-rmse:1.81422	eval-rmse:2.16838
[198]	train-rmse:1.62012	eval-rmse:2.14248
Saved Losses
{'MSE - mean': 4.439668628054325, 'MSE - std': 0.20475527235822347, 'R2 - mean': 0.5627932684545046, 'R2 - std': 0.014402648440687161} 
 

[0]	train-rmse:9.66203	eval-rmse:9.53223
[100]	train-rmse:1.83601	eval-rmse:2.07617
[159]	train-rmse:1.69155	eval-rmse:2.06483
Saved Losses
{'MSE - mean': 4.394869613950478, 'MSE - std': 0.19355721676780202, 'R2 - mean': 0.5582119779914945, 'R2 - std': 0.014783161992582158} 
 

[0]	train-rmse:9.60929	eval-rmse:9.75529
[100]	train-rmse:1.79086	eval-rmse:2.33587
[188]	train-rmse:1.61746	eval-rmse:2.31507
Saved Losses
{'MSE - mean': 4.587803443175948, 'MSE - std': 0.42292477672599105, 'R2 - mean': 0.5579231490155265, 'R2 - std': 0.013235074291766378} 
 

Results After CV: {'MSE - mean': 4.587803443175948, 'MSE - std': 0.42292477672599105, 'R2 - mean': 0.5579231490155265, 'R2 - std': 0.013235074291766378}
Train time: 0.6422998753999991
Inference time: 0.1214503979999904
Finished cross validation
Trial 25 finished with value: 4.587803443175948 and parameters: {'max_depth': 5, 'alpha': 0.001688630681581635, 'lambda': 1.5327152041955395e-06, 'eta': 0.03504867874868467}. Best is trial 11 with value: 4.560533655791191.
[0]	train-rmse:9.79061	eval-rmse:9.90742
[100]	train-rmse:2.48146	eval-rmse:2.87901
[200]	train-rmse:1.44619	eval-rmse:2.18585
[270]	train-rmse:1.30615	eval-rmse:2.16143
Saved Losses
{'MSE - mean': 4.671883678316379, 'MSE - std': 0.0, 'R2 - mean': 0.573939646044064, 'R2 - std': 0.0} 
 

[0]	train-rmse:9.83630	eval-rmse:9.72182
[100]	train-rmse:2.49850	eval-rmse:2.76393
[200]	train-rmse:1.45053	eval-rmse:2.10519
[266]	train-rmse:1.31281	eval-rmse:2.08827
Saved Losses
{'MSE - mean': 4.516290150299856, 'MSE - std': 0.15559352801652349, 'R2 - mean': 0.5545521851989836, 'R2 - std': 0.019387460845080362} 
 

[0]	train-rmse:9.81498	eval-rmse:9.80837
[100]	train-rmse:2.48370	eval-rmse:2.83037
[200]	train-rmse:1.42413	eval-rmse:2.20631
[290]	train-rmse:1.26089	eval-rmse:2.18928
Saved Losses
{'MSE - mean': 4.608506270748444, 'MSE - std': 0.18206369686164678, 'R2 - mean': 0.5458284943012539, 'R2 - std': 0.020069578747562586} 
 

[0]	train-rmse:9.83907	eval-rmse:9.71028
[100]	train-rmse:2.48419	eval-rmse:2.75319
[200]	train-rmse:1.45282	eval-rmse:2.12373
[300]	train-rmse:1.27550	eval-rmse:2.10232
[314]	train-rmse:1.25946	eval-rmse:2.10365
Saved Losses
{'MSE - mean': 4.562663943877709, 'MSE - std': 0.17653597107945784, 'R2 - mean': 0.5410868972594023, 'R2 - std': 0.019223402946678073} 
 

[0]	train-rmse:9.78565	eval-rmse:9.92726
[100]	train-rmse:2.45544	eval-rmse:3.00584
[200]	train-rmse:1.41383	eval-rmse:2.36420
[300]	train-rmse:1.24155	eval-rmse:2.32709
[303]	train-rmse:1.23922	eval-rmse:2.32707
Saved Losses
{'MSE - mean': 4.733180827468324, 'MSE - std': 0.3758137698725196, 'R2 - mean': 0.5433016511272195, 'R2 - std': 0.01775533484506347} 
 

Results After CV: {'MSE - mean': 4.733180827468324, 'MSE - std': 0.3758137698725196, 'R2 - mean': 0.5433016511272195, 'R2 - std': 0.01775533484506347}
Train time: 1.5502962506000018
Inference time: 0.04816113919999339
Finished cross validation
Trial 26 finished with value: 4.733180827468324 and parameters: {'max_depth': 7, 'alpha': 4.303794794010121e-05, 'lambda': 1.5038340920258728e-05, 'eta': 0.01624402606910689}. Best is trial 11 with value: 4.560533655791191.
[0]	train-rmse:9.43699	eval-rmse:9.55682
[100]	train-rmse:1.22413	eval-rmse:2.17013
[116]	train-rmse:1.16703	eval-rmse:2.17131
Saved Losses
{'MSE - mean': 4.714573898035456, 'MSE - std': 0.0, 'R2 - mean': 0.5700464390688165, 'R2 - std': 0.0} 
 

[0]	train-rmse:9.48101	eval-rmse:9.37300
[100]	train-rmse:1.23464	eval-rmse:2.11321
[104]	train-rmse:1.21591	eval-rmse:2.11533
Saved Losses
{'MSE - mean': 4.594604842047937, 'MSE - std': 0.11996905598751972, 'R2 - mean': 0.5465328200417491, 'R2 - std': 0.02351361902706739} 
 

[0]	train-rmse:9.46019	eval-rmse:9.45714
[97]	train-rmse:1.22435	eval-rmse:2.17833
Saved Losses
{'MSE - mean': 4.6447769139802, 'MSE - std': 0.12095256591040235, 'R2 - mean': 0.5420506425230077, 'R2 - std': 0.02021814409020762} 
 

[0]	train-rmse:9.48329	eval-rmse:9.36153
[100]	train-rmse:1.24597	eval-rmse:2.10189
[103]	train-rmse:1.23381	eval-rmse:2.10409
Saved Losses
{'MSE - mean': 4.59065912667687, 'MSE - std': 0.14056438776609842, 'R2 - mean': 0.5381688059588287, 'R2 - std': 0.018755958471171022} 
 

[0]	train-rmse:9.43136	eval-rmse:9.57894
[100]	train-rmse:1.20859	eval-rmse:2.33201
[116]	train-rmse:1.14998	eval-rmse:2.33815
Saved Losses
{'MSE - mean': 4.765921151676854, 'MSE - std': 0.3723892953816289, 'R2 - mean': 0.5401117178277324, 'R2 - std': 0.01722000025142687} 
 

Results After CV: {'MSE - mean': 4.765921151676854, 'MSE - std': 0.3723892953816289, 'R2 - mean': 0.5401117178277324, 'R2 - std': 0.01722000025142687}
Train time: 0.6565305136000006
Inference time: 0.01754342400000155
Finished cross validation
Trial 27 finished with value: 4.765921151676854 and parameters: {'max_depth': 7, 'alpha': 0.1084895046065699, 'lambda': 0.001158307400422535, 'eta': 0.053258808256484866}. Best is trial 11 with value: 4.560533655791191.
[0]	train-rmse:9.55944	eval-rmse:9.67650
[100]	train-rmse:1.76802	eval-rmse:2.14928
[190]	train-rmse:1.59091	eval-rmse:2.12400
Saved Losses
{'MSE - mean': 4.517831607711107, 'MSE - std': 0.0, 'R2 - mean': 0.5879886858423709, 'R2 - std': 0.0} 
 

[0]	train-rmse:9.60440	eval-rmse:9.48850
[100]	train-rmse:1.78540	eval-rmse:2.04822
[136]	train-rmse:1.70706	eval-rmse:2.04057
Saved Losses
{'MSE - mean': 4.344384653510374, 'MSE - std': 0.17344695420073375, 'R2 - mean': 0.5716905296664461, 'R2 - std': 0.016298156175924783} 
 

[0]	train-rmse:9.58265	eval-rmse:9.57736
[100]	train-rmse:1.76470	eval-rmse:2.14620
[174]	train-rmse:1.61718	eval-rmse:2.13904
Saved Losses
{'MSE - mean': 4.421421803044926, 'MSE - std': 0.1786766411644953, 'R2 - mean': 0.564386073614856, 'R2 - std': 0.01684626821907779} 
 

[0]	train-rmse:9.60662	eval-rmse:9.47595
[100]	train-rmse:1.78642	eval-rmse:2.07193
[130]	train-rmse:1.70991	eval-rmse:2.07346
Saved Losses
{'MSE - mean': 4.390876284264464, 'MSE - std': 0.16353315482210995, 'R2 - mean': 0.5583703308469463, 'R2 - std': 0.017928051980926576} 
 

[0]	train-rmse:9.55408	eval-rmse:9.70126
[100]	train-rmse:1.73725	eval-rmse:2.31456
[180]	train-rmse:1.57116	eval-rmse:2.30819
Saved Losses
{'MSE - mean': 4.578253223872798, 'MSE - std': 0.4022871414410349, 'R2 - mean': 0.5585754337418578, 'R2 - std': 0.01604058312701407} 
 

Results After CV: {'MSE - mean': 4.578253223872798, 'MSE - std': 0.4022871414410349, 'R2 - mean': 0.5585754337418578, 'R2 - std': 0.01604058312701407}
Train time: 0.5126740525999992
Inference time: 0.01288948459999233
Finished cross validation
Trial 28 finished with value: 4.578253223872798 and parameters: {'max_depth': 5, 'alpha': 0.9671897526033345, 'lambda': 0.02272955027970111, 'eta': 0.04092825710441802}. Best is trial 11 with value: 4.560533655791191.
[0]	train-rmse:9.79145	eval-rmse:9.90649
[100]	train-rmse:2.85664	eval-rmse:2.97379
[200]	train-rmse:2.12264	eval-rmse:2.26156
[300]	train-rmse:2.02542	eval-rmse:2.19822
[400]	train-rmse:1.97576	eval-rmse:2.17247
[499]	train-rmse:1.93837	eval-rmse:2.15642
Saved Losses
{'MSE - mean': 4.650163921395607, 'MSE - std': 0.0, 'R2 - mean': 0.5759204161057099, 'R2 - std': 0.0} 
 

[0]	train-rmse:9.83752	eval-rmse:9.71998
[100]	train-rmse:2.89642	eval-rmse:2.76142
[200]	train-rmse:2.15887	eval-rmse:2.08038
[300]	train-rmse:2.05858	eval-rmse:2.02920
[400]	train-rmse:2.00833	eval-rmse:2.01777
[433]	train-rmse:1.99353	eval-rmse:2.01793
Saved Losses
{'MSE - mean': 4.3611025379707025, 'MSE - std': 0.2890613834249045, 'R2 - mean': 0.5709274107191539, 'R2 - std': 0.004993005386556004} 
 

[0]	train-rmse:9.81598	eval-rmse:9.80800
[100]	train-rmse:2.86357	eval-rmse:2.92070
[200]	train-rmse:2.12161	eval-rmse:2.24583
[300]	train-rmse:2.02608	eval-rmse:2.18826
[400]	train-rmse:1.98284	eval-rmse:2.17387
[499]	train-rmse:1.94487	eval-rmse:2.16059
Saved Losses
{'MSE - mean': 4.463448176972441, 'MSE - std': 0.27686383278372506, 'R2 - mean': 0.5608386660228047, 'R2 - std': 0.014838652486766163} 
 

[0]	train-rmse:9.84011	eval-rmse:9.70823
[100]	train-rmse:2.87703	eval-rmse:2.78104
[200]	train-rmse:2.14305	eval-rmse:2.12821
[300]	train-rmse:2.04846	eval-rmse:2.08690
[380]	train-rmse:2.00661	eval-rmse:2.08160
Saved Losses
{'MSE - mean': 4.430585994531145, 'MSE - std': 0.24643448527384682, 'R2 - mean': 0.5548341036926551, 'R2 - std': 0.01653189378284333} 
 

[0]	train-rmse:9.78649	eval-rmse:9.92869
[100]	train-rmse:2.82457	eval-rmse:3.12338
[200]	train-rmse:2.08823	eval-rmse:2.42493
[300]	train-rmse:1.99630	eval-rmse:2.35081
[400]	train-rmse:1.94427	eval-rmse:2.33588
[464]	train-rmse:1.91969	eval-rmse:2.33366
Saved Losses
{'MSE - mean': 4.633667526606297, 'MSE - std': 0.46211730015842534, 'R2 - mean': 0.553790891063658, 'R2 - std': 0.014933049922737408} 
 

Results After CV: {'MSE - mean': 4.633667526606297, 'MSE - std': 0.46211730015842534, 'R2 - mean': 0.553790891063658, 'R2 - std': 0.014933049922737408}
Train time: 0.7119969449999985
Inference time: 0.04144714599999588
Finished cross validation
