Trial 16 finished with value: 14323801895.438736 and parameters: {'max_depth': 5, 'alpha': 1.745660714567795e-06, 'lambda': 1.4807819419213931e-08, 'eta': 0.12068891505207247}. Best is trial 14 with value: 14237358117.93266.
[0]	eval-rmse:606771.56250
[100]	eval-rmse:124702.40625
[200]	eval-rmse:114894.21094
[300]	eval-rmse:110850.82812
[400]	eval-rmse:108358.52344
[500]	eval-rmse:106322.90625
[600]	eval-rmse:105633.47656
[700]	eval-rmse:105024.96094
[800]	eval-rmse:104244.00781
[900]	eval-rmse:103481.37500
[965]	eval-rmse:103282.32031
{'MSE - mean': 10666382566.923786, 'MSE - std': 0.0, 'R2 - mean': 0.916939721657659, 'R2 - std': 0.0}
[0]	eval-rmse:612686.50000
[100]	eval-rmse:153012.68750
[200]	eval-rmse:146927.95312
[300]	eval-rmse:144660.48438
[400]	eval-rmse:142800.42188
[500]	eval-rmse:141527.18750
[600]	eval-rmse:140691.23438
[700]	eval-rmse:140111.23438
[760]	eval-rmse:140037.48438
{'MSE - mean': 15138440451.769695, 'MSE - std': 4472057884.845909, 'R2 - mean': 0.8884668917502352, 'R2 - std': 0.02847282990742378}
[0]	eval-rmse:629341.31250
[100]	eval-rmse:142056.42188
[200]	eval-rmse:131731.73438
[300]	eval-rmse:127529.48438
[400]	eval-rmse:124772.17969
[500]	eval-rmse:123155.92188
[522]	eval-rmse:123114.47656
{'MSE - mean': 15144359835.191309, 'MSE - std': 3651429568.6952295, 'R2 - mean': 0.8920133232091633, 'R2 - std': 0.023782816923368682}
[0]	eval-rmse:601223.75000
[100]	eval-rmse:134011.79688
[200]	eval-rmse:125490.14062
[300]	eval-rmse:121317.04688
[400]	eval-rmse:118946.99219
[500]	eval-rmse:117320.53906
[600]	eval-rmse:116611.54688
[628]	eval-rmse:116554.38281
{'MSE - mean': 14753693176.614658, 'MSE - std': 3233815816.6053166, 'R2 - mean': 0.8909857943484122, 'R2 - std': 0.020673273381031913}
[0]	eval-rmse:616874.62500
[100]	eval-rmse:140762.04688
[200]	eval-rmse:133540.04688
[300]	eval-rmse:130715.04688
[400]	eval-rmse:128549.68750
[500]	eval-rmse:126960.41406
[600]	eval-rmse:126037.11719
[601]	eval-rmse:125981.86719
{'MSE - mean': 14977307186.533808, 'MSE - std': 2926784018.3911505, 'R2 - mean': 0.8890824520691163, 'R2 - std': 0.018878512472070664}
Trial 17 finished with value: 14977307186.533808 and parameters: {'max_depth': 3, 'alpha': 4.14567785684655e-06, 'lambda': 0.000612646521002212, 'eta': 0.06992541624243595}. Best is trial 14 with value: 14237358117.93266.
[0]	eval-rmse:624898.06250
[100]	eval-rmse:128147.65625
[200]	eval-rmse:114212.33594
[300]	eval-rmse:109517.49219
[400]	eval-rmse:107086.28906
[500]	eval-rmse:105243.40625
[600]	eval-rmse:103976.77344
[700]	eval-rmse:103217.10938
[800]	eval-rmse:102484.13281
[900]	eval-rmse:101896.34375
[999]	eval-rmse:101594.00000
{'MSE - mean': 10321341150.873066, 'MSE - std': 0.0, 'R2 - mean': 0.9196265966011549, 'R2 - std': 0.0}
[0]	eval-rmse:630266.62500
[100]	eval-rmse:152986.90625
[200]	eval-rmse:142860.68750
[300]	eval-rmse:140732.09375
[400]	eval-rmse:139427.46875
[500]	eval-rmse:138635.68750
[506]	eval-rmse:138559.20312
{'MSE - mean': 14759997428.981844, 'MSE - std': 4438656278.108778, 'R2 - mean': 0.89128047783172, 'R2 - std': 0.028346118769434825}
[0]	eval-rmse:647001.06250
[100]	eval-rmse:143824.62500
[200]	eval-rmse:129159.80469
[300]	eval-rmse:124581.46094
[400]	eval-rmse:122045.40625
[500]	eval-rmse:120082.87500
[600]	eval-rmse:118845.34375
[700]	eval-rmse:117879.67188
[800]	eval-rmse:117093.89844
[900]	eval-rmse:116353.64062
[999]	eval-rmse:115938.82812
{'MSE - mean': 14320601926.867079, 'MSE - std': 3677034563.977747, 'R2 - mean': 0.8976932358108703, 'R2 - std': 0.024857900742532205}
[0]	eval-rmse:619376.06250
[100]	eval-rmse:137980.59375
[200]	eval-rmse:126130.20312
[300]	eval-rmse:122105.02344
[400]	eval-rmse:120063.35938
[500]	eval-rmse:118635.41406
[600]	eval-rmse:117492.33594
[700]	eval-rmse:116946.00000
[728]	eval-rmse:116952.61719
{'MSE - mean': 14159930060.35775, 'MSE - std': 3196542465.6303315, 'R2 - mean': 0.8950471877484222, 'R2 - std': 0.022010023467514635}
[0]	eval-rmse:635181.25000
[100]	eval-rmse:145892.25000
[200]	eval-rmse:136367.20312
[300]	eval-rmse:132188.73438
[400]	eval-rmse:130084.28906
[500]	eval-rmse:129132.73438
[519]	eval-rmse:129155.22656
{'MSE - mean': 14665346565.002483, 'MSE - std': 3032505624.122012, 'R2 - mean': 0.8911139042953635, 'R2 - std': 0.021199900502616876}
Trial 18 finished with value: 14665346565.002483 and parameters: {'max_depth': 4, 'alpha': 5.562944196153919e-07, 'lambda': 5.787634746952718e-05, 'eta': 0.037199509885684316}. Best is trial 14 with value: 14237358117.93266.
[0]	eval-rmse:633016.12500
[100]	eval-rmse:144052.82812
[200]	eval-rmse:115422.49219
[300]	eval-rmse:110804.42188
[400]	eval-rmse:109150.12500
[500]	eval-rmse:107968.71875
[600]	eval-rmse:107290.63281
[700]	eval-rmse:106845.91406
[800]	eval-rmse:106473.42188
[881]	eval-rmse:106233.15625
{'MSE - mean': 11285483274.581081, 'MSE - std': 0.0, 'R2 - mean': 0.9121187172752159, 'R2 - std': 0.0}
[0]	eval-rmse:638212.75000
[100]	eval-rmse:167223.14062
[200]	eval-rmse:143117.51562
[300]	eval-rmse:140132.40625
[379]	eval-rmse:139484.23438
{'MSE - mean': 15370223485.649141, 'MSE - std': 4084740211.06806, 'R2 - mean': 0.8866115965915208, 'R2 - std': 0.025507120683695095}
[0]	eval-rmse:654780.81250
[100]	eval-rmse:159611.51562
[200]	eval-rmse:128907.98438
[300]	eval-rmse:124455.75000
[400]	eval-rmse:122166.87500
[500]	eval-rmse:120893.30469
[600]	eval-rmse:119994.60156
[700]	eval-rmse:118949.52344
[800]	eval-rmse:118327.42969
[900]	eval-rmse:117880.34375
[999]	eval-rmse:117355.91406
{'MSE - mean': 14837619161.71766, 'MSE - std': 3419171896.7734337, 'R2 - mean': 0.893847055097042, 'R2 - std': 0.02320443614093282}
[0]	eval-rmse:627385.87500
[100]	eval-rmse:146338.09375
[200]	eval-rmse:122869.39062
[300]	eval-rmse:119402.78906
[400]	eval-rmse:118282.70312
[500]	eval-rmse:117182.03125
[600]	eval-rmse:116316.46094
[700]	eval-rmse:115617.34375
[800]	eval-rmse:115363.28125
[900]	eval-rmse:114860.35156
[999]	eval-rmse:114440.13281
{'MSE - mean': 14402350222.23662, 'MSE - std': 3055557149.489236, 'R2 - mean': 0.8933621417934413, 'R2 - std': 0.020113175164553174}
[0]	eval-rmse:643153.18750
[100]	eval-rmse:155328.54688
[200]	eval-rmse:129847.63281
[300]	eval-rmse:126382.22656
[400]	eval-rmse:125080.58594
[500]	eval-rmse:124251.50781
[600]	eval-rmse:123581.42969
[700]	eval-rmse:123077.07031
[800]	eval-rmse:122778.53906
[864]	eval-rmse:122635.88281
{'MSE - mean': 14529792455.29832, 'MSE - std': 2744833271.0944104, 'R2 - mean': 0.8922265128708411, 'R2 - std': 0.018132580190347518}
Trial 19 finished with value: 14529792455.29832 and parameters: {'max_depth': 6, 'alpha': 4.738189520250734e-07, 'lambda': 3.3317999255731035e-07, 'eta': 0.022599950903702478}. Best is trial 14 with value: 14237358117.93266.
[0]	eval-rmse:487816.93750
[100]	eval-rmse:124916.02344
[200]	eval-rmse:118021.87500
[300]	eval-rmse:112765.82031
[400]	eval-rmse:110374.66406
[443]	eval-rmse:109709.60156
{'MSE - mean': 12036196544.185694, 'MSE - std': 0.0, 'R2 - mean': 0.9062728315930346, 'R2 - std': 0.0}
[0]	eval-rmse:498019.75000
[100]	eval-rmse:150236.60938
[200]	eval-rmse:143750.46875
[300]	eval-rmse:141162.23438
[310]	eval-rmse:141304.20312
{'MSE - mean': 15998696687.873985, 'MSE - std': 3962500143.6882906, 'R2 - mean': 0.8818815695103039, 'R2 - std': 0.02439126208273068}
[0]	eval-rmse:514766.90625
[96]	eval-rmse:146021.43750
{'MSE - mean': 17837538320.79476, 'MSE - std': 4150937487.8146877, 'R2 - mean': 0.8735125762658612, 'R2 - std': 0.023166841386847735}
[0]	eval-rmse:483106.34375
[100]	eval-rmse:126156.24219
[200]	eval-rmse:117465.10938
[300]	eval-rmse:113347.64844
[400]	eval-rmse:111667.48438
[451]	eval-rmse:111504.70312
{'MSE - mean': 16485552306.317318, 'MSE - std': 4290257576.2810316, 'R2 - mean': 0.8794874523819826, 'R2 - std': 0.022574860767931956}
[0]	eval-rmse:495862.06250
[100]	eval-rmse:145603.09375
[159]	eval-rmse:146063.56250
{'MSE - mean': 17455162256.90191, 'MSE - std': 4299490886.344577, 'R2 - mean': 0.8717259354583613, 'R2 - std': 0.025468883971934263}
Trial 20 finished with value: 17455162256.90191 and parameters: {'max_depth': 2, 'alpha': 1.0236224737376628e-08, 'lambda': 1.6535793300171225e-06, 'eta': 0.29491099155671946}. Best is trial 14 with value: 14237358117.93266.
[0]	eval-rmse:575059.00000
[100]	eval-rmse:107656.05469
[200]	eval-rmse:104398.75000
[300]	eval-rmse:103043.07031
[350]	eval-rmse:102891.75781
{'MSE - mean': 10590709750.333395, 'MSE - std': 0.0, 'R2 - mean': 0.9175289940908866, 'R2 - std': 0.0}
[0]	eval-rmse:580786.31250
[100]	eval-rmse:142556.35938
[200]	eval-rmse:140261.10938
[221]	eval-rmse:140305.31250
{'MSE - mean': 15138145598.458748, 'MSE - std': 4547435848.125352, 'R2 - mean': 0.888493506189165, 'R2 - std': 0.029035487901721613}
[0]	eval-rmse:596764.43750
[100]	eval-rmse:122518.81250
[200]	eval-rmse:119853.59375
[300]	eval-rmse:117936.99219
[400]	eval-rmse:117554.21094
[447]	eval-rmse:117514.94531
{'MSE - mean': 14694183010.00247, 'MSE - std': 3765676666.298895, 'R2 - mean': 0.8950265550386639, 'R2 - std': 0.0254440790689548}
[0]	eval-rmse:569411.25000
[100]	eval-rmse:118901.32812
[200]	eval-rmse:115926.12500
[300]	eval-rmse:114609.11719
[359]	eval-rmse:114201.29688
{'MSE - mean': 14281121286.273228, 'MSE - std': 3338727381.6772585, 'R2 - mean': 0.8943594423528799, 'R2 - std': 0.022065493145565985}
[0]	eval-rmse:585208.62500
[100]	eval-rmse:130957.74219
[200]	eval-rmse:128217.09375
[278]	eval-rmse:127545.71094
{'MSE - mean': 14678478602.942627, 'MSE - std': 3090186365.2168307, 'R2 - mean': 0.8911896858917423, 'R2 - std': 0.02072916337668531}
Trial 21 finished with value: 14678478602.942627 and parameters: {'max_depth': 5, 'alpha': 1.3041129743321466e-05, 'lambda': 1.1635946233591605e-08, 'eta': 0.12115304605422882}. Best is trial 14 with value: 14237358117.93266.
[0]	eval-rmse:565592.81250
[100]	eval-rmse:107310.63281
[192]	eval-rmse:106264.20312
{'MSE - mean': 11292079905.005302, 'MSE - std': 0.0, 'R2 - mean': 0.9120673485983736, 'R2 - std': 0.0}
[0]	eval-rmse:572002.25000
[100]	eval-rmse:140696.90625
[200]	eval-rmse:139433.17188
[215]	eval-rmse:139587.14062
{'MSE - mean': 15388324931.195786, 'MSE - std': 4096245026.190483, 'R2 - mean': 0.8864802277307293, 'R2 - std': 0.025587120867644253}
[0]	eval-rmse:585404.56250
[100]	eval-rmse:120090.11719
[200]	eval-rmse:117602.07812
[300]	eval-rmse:116723.42969
[352]	eval-rmse:116713.71875
{'MSE - mean': 14799343132.466192, 'MSE - std': 3446730043.804274, 'R2 - mean': 0.8940946102761894, 'R2 - std': 0.02350371912331117}
[0]	eval-rmse:560331.50000
[100]	eval-rmse:121948.47656
[200]	eval-rmse:120267.06250
[241]	eval-rmse:119983.84375
{'MSE - mean': 14698537984.6573, 'MSE - std': 2990057863.925308, 'R2 - mean': 0.8908662822000387, 'R2 - std': 0.02110888239515334}
[0]	eval-rmse:574702.93750
[100]	eval-rmse:125782.45312
[200]	eval-rmse:123990.63281
[255]	eval-rmse:123646.32031
{'MSE - mean': 14817385404.082554, 'MSE - std': 2684931220.7416844, 'R2 - mean': 0.8898516233421795, 'R2 - std': 0.018989103801108152}
Trial 22 finished with value: 14817385404.082554 and parameters: {'max_depth': 6, 'alpha': 1.934374527157403e-05, 'lambda': 1.44964841803226e-08, 'eta': 0.13528931454036705}. Best is trial 14 with value: 14237358117.93266.
[0]	eval-rmse:585411.18750
[100]	eval-rmse:110835.45312
[200]	eval-rmse:105000.53125
[300]	eval-rmse:103253.99219
[400]	eval-rmse:102135.93750
[500]	eval-rmse:100931.62500
[523]	eval-rmse:101049.38281
{'MSE - mean': 10210978728.430595, 'MSE - std': 0.0, 'R2 - mean': 0.9204860007589462, 'R2 - std': 0.0}
[0]	eval-rmse:591564.00000
[100]	eval-rmse:142232.12500
[200]	eval-rmse:139287.42188
[300]	eval-rmse:137735.56250
[389]	eval-rmse:137080.39062
{'MSE - mean': 14501006922.986683, 'MSE - std': 4290028194.5560875, 'R2 - mean': 0.8931652429605281, 'R2 - std': 0.027320757798418027}
[0]	eval-rmse:607408.06250
[100]	eval-rmse:124108.69531
[200]	eval-rmse:118655.15625
[300]	eval-rmse:116343.32812
[400]	eval-rmse:114512.50781
[500]	eval-rmse:113564.87500
[571]	eval-rmse:113298.56250
{'MSE - mean': 13946192554.981377, 'MSE - std': 3589595971.593604, 'R2 - mean': 0.9002927759055188, 'R2 - std': 0.024478956736015793}
[0]	eval-rmse:580240.81250
[100]	eval-rmse:123437.92188
[200]	eval-rmse:118897.84375
[300]	eval-rmse:116789.19531
[400]	eval-rmse:115637.18750
[405]	eval-rmse:115640.00781
{'MSE - mean': 13803344999.987783, 'MSE - std': 3118511776.6915226, 'R2 - mean': 0.8976222784055565, 'R2 - std': 0.02169813731302098}
[0]	eval-rmse:595575.56250
[100]	eval-rmse:137704.29688
[200]	eval-rmse:134659.85938
[300]	eval-rmse:132900.59375
[356]	eval-rmse:132622.78125
{'MSE - mean': 14560458092.908697, 'MSE - std': 3173794811.1023283, 'R2 - mean': 0.8918268954489976, 'R2 - std': 0.02260515836565765}
Trial 23 finished with value: 14560458092.908697 and parameters: {'max_depth': 4, 'alpha': 1.7527587879247189e-06, 'lambda': 5.173474579078392e-07, 'eta': 0.10523031007641036}. Best is trial 14 with value: 14237358117.93266.
[0]	eval-rmse:613746.87500
[100]	eval-rmse:113226.58594
[200]	eval-rmse:106301.38281
[300]	eval-rmse:103675.08594
[400]	eval-rmse:102540.58594
[500]	eval-rmse:101821.76562
[600]	eval-rmse:101251.30469
[605]	eval-rmse:101231.51562
{'MSE - mean': 10249246658.495644, 'MSE - std': 0.0, 'R2 - mean': 0.9201880042354909, 'R2 - std': 0.0}
[0]	eval-rmse:619045.87500
[100]	eval-rmse:143952.29688
[200]	eval-rmse:140288.93750
[300]	eval-rmse:139089.40625
[400]	eval-rmse:138282.54688
[421]	eval-rmse:138321.85938
{'MSE - mean': 14691092672.730194, 'MSE - std': 4441846014.23455, 'R2 - mean': 0.8917957624557042, 'R2 - std': 0.02839224177978661}
[0]	eval-rmse:635688.12500
[100]	eval-rmse:127098.15625
[200]	eval-rmse:120498.89844
[300]	eval-rmse:117433.12500
[400]	eval-rmse:115872.26562
[500]	eval-rmse:114828.85938
[536]	eval-rmse:114661.65625
{'MSE - mean': 14176155943.430511, 'MSE - std': 3699141839.194322, 'R2 - mean': 0.8986925299959675, 'R2 - std': 0.025150422140859406}
[0]	eval-rmse:608049.93750
[100]	eval-rmse:126018.56250
[200]	eval-rmse:120081.78906
[300]	eval-rmse:118819.03125
[400]	eval-rmse:118133.19531
[500]	eval-rmse:117517.57031
[600]	eval-rmse:116806.07031
[611]	eval-rmse:116902.41406
{'MSE - mean': 14048660420.685865, 'MSE - std': 3211152921.4315305, 'R2 - mean': 0.895820883727167, 'R2 - std': 0.022341594779176376}
[0]	eval-rmse:624002.62500
[100]	eval-rmse:131702.73438
[200]	eval-rmse:127191.10938
[300]	eval-rmse:125699.74219
[400]	eval-rmse:124601.46094
[500]	eval-rmse:124050.67969
[587]	eval-rmse:123806.00000
{'MSE - mean': 14303352304.4025, 'MSE - std': 2916963196.6103234, 'R2 - mean': 0.8937714750162039, 'R2 - std': 0.020398965416898545}
Trial 24 finished with value: 14303352304.4025 and parameters: {'max_depth': 5, 'alpha': 4.346225584172719e-07, 'lambda': 1.6390242919870933e-05, 'eta': 0.055484476939023517}. Best is trial 14 with value: 14237358117.93266.
[0]	eval-rmse:617459.68750
[100]	eval-rmse:114429.09375
[200]	eval-rmse:109074.51562
[300]	eval-rmse:107087.18750
[400]	eval-rmse:106256.05469
[500]	eval-rmse:105837.41406
[600]	eval-rmse:105360.89062
[659]	eval-rmse:105157.06250
{'MSE - mean': 11058006949.89814, 'MSE - std': 0.0, 'R2 - mean': 0.9138901000965154, 'R2 - std': 0.0}
[0]	eval-rmse:622927.37500
[100]	eval-rmse:143016.62500
[200]	eval-rmse:139006.31250
[300]	eval-rmse:137631.75000
[367]	eval-rmse:137273.01562
{'MSE - mean': 14950944427.385284, 'MSE - std': 3892937477.4871445, 'R2 - mean': 0.8896786471417866, 'R2 - std': 0.024211452954728818}
[0]	eval-rmse:638774.25000
[100]	eval-rmse:128556.70312
[200]	eval-rmse:122460.07812
[300]	eval-rmse:120512.71875
[400]	eval-rmse:119351.53906
[500]	eval-rmse:118615.91406
[600]	eval-rmse:118094.84375
[678]	eval-rmse:118010.79688
{'MSE - mean': 14609478657.944489, 'MSE - std': 3215043682.3080497, 'R2 - mean': 0.8955497297276347, 'R2 - std': 0.021441444080232314}
[0]	eval-rmse:611915.37500
[100]	eval-rmse:121127.47656
[200]	eval-rmse:117284.87500
[300]	eval-rmse:115673.09375
[400]	eval-rmse:114985.57031
[500]	eval-rmse:114527.89062
[600]	eval-rmse:114027.99219
[700]	eval-rmse:113518.74219
[729]	eval-rmse:113525.38281
{'MSE - mean': 14179112193.780893, 'MSE - std': 2882364531.039005, 'R2 - mean': 0.8950694257014982, 'R2 - std': 0.018587461339754443}
[0]	eval-rmse:627349.75000
[100]	eval-rmse:130139.82812
[200]	eval-rmse:126359.78906
[300]	eval-rmse:125116.84375
[400]	eval-rmse:124261.28125
[437]	eval-rmse:124264.89062
{'MSE - mean': 14430985436.389383, 'MSE - std': 2626819512.8713775, 'R2 - mean': 0.8929965145751553, 'R2 - std': 0.01713425858904777}
Trial 25 finished with value: 14430985436.389383 and parameters: {'max_depth': 6, 'alpha': 3.5951480530048947e-07, 'lambda': 2.447056255277086e-05, 'eta': 0.048491331741071474}. Best is trial 14 with value: 14237358117.93266.
[0]	eval-rmse:607806.00000
[100]	eval-rmse:125682.89844
[200]	eval-rmse:115632.39844
[300]	eval-rmse:111077.99219
[400]	eval-rmse:108662.64844
[500]	eval-rmse:107201.27344
[600]	eval-rmse:105685.55469
[700]	eval-rmse:105125.25000
[800]	eval-rmse:104443.57031
[900]	eval-rmse:103865.14062
[999]	eval-rmse:103413.14062
{'MSE - mean': 10694278345.716152, 'MSE - std': 0.0, 'R2 - mean': 0.916722494201534, 'R2 - std': 0.0}
[0]	eval-rmse:613695.25000
[100]	eval-rmse:152767.43750
[200]	eval-rmse:145652.14062
[300]	eval-rmse:143192.39062
[380]	eval-rmse:142107.37500
{'MSE - mean': 15439365154.226366, 'MSE - std': 4745086808.510214, 'R2 - mean': 0.8863094541089693, 'R2 - std': 0.030413040092564625}
[0]	eval-rmse:630364.75000
[100]	eval-rmse:143692.90625
[200]	eval-rmse:133905.12500
[300]	eval-rmse:129707.13281
[400]	eval-rmse:127442.57812
[500]	eval-rmse:125646.91406
[526]	eval-rmse:125591.01562
{'MSE - mean': 15548872397.035036, 'MSE - std': 3877441108.8569155, 'R2 - mean': 0.8892177086095819, 'R2 - std': 0.02517044351871117}
[0]	eval-rmse:602253.56250
[100]	eval-rmse:133363.85938
[200]	eval-rmse:123533.83594
[300]	eval-rmse:120046.67188
[400]	eval-rmse:117631.53125
[500]	eval-rmse:115954.85938
[600]	eval-rmse:115266.86719
[640]	eval-rmse:115269.21094
{'MSE - mean': 14983565753.077658, 'MSE - std': 3497803163.3579993, 'R2 - mean': 0.8894958149663458, 'R2 - std': 0.021803565067059313}
[0]	eval-rmse:617915.06250
[100]	eval-rmse:141790.34375
[200]	eval-rmse:133988.01562
[300]	eval-rmse:130790.97656
[400]	eval-rmse:129227.06250
[500]	eval-rmse:127896.21875
[532]	eval-rmse:127914.17969
{'MSE - mean': 15258898200.805761, 'MSE - std': 3176622955.713438, 'R2 - mean': 0.8871608939626313, 'R2 - std': 0.0200530243125854}
Trial 26 finished with value: 15258898200.805761 and parameters: {'max_depth': 3, 'alpha': 1.7673728262232453e-08, 'lambda': 0.00021241448816023488, 'eta': 0.06810190173608836}. Best is trial 14 with value: 14237358117.93266.
[0]	eval-rmse:596033.50000
[100]	eval-rmse:109319.84375
[200]	eval-rmse:107893.71875
[300]	eval-rmse:107519.53125
[359]	eval-rmse:107407.95312
{'MSE - mean': 11536852267.04354, 'MSE - std': 0.0, 'R2 - mean': 0.9101612796575825, 'R2 - std': 0.0}
[0]	eval-rmse:601946.81250
[100]	eval-rmse:146732.14062
[200]	eval-rmse:145799.57812
[300]	eval-rmse:145504.03125
[359]	eval-rmse:145382.70312
{'MSE - mean': 16336490444.604671, 'MSE - std': 4799638177.561133, 'R2 - mean': 0.8796316770853991, 'R2 - std': 0.0305296025721834}
[0]	eval-rmse:617081.06250
[100]	eval-rmse:124576.17969
[200]	eval-rmse:122402.92969
[300]	eval-rmse:121900.35156
[400]	eval-rmse:121681.81250
[444]	eval-rmse:121702.23438
{'MSE - mean': 15828138431.58209, 'MSE - std': 3984285125.584822, 'R2 - mean': 0.8868882042671582, 'R2 - std': 0.026957104115418774}
[0]	eval-rmse:590481.62500
[100]	eval-rmse:115955.25781
[200]	eval-rmse:114222.89062
[237]	eval-rmse:114076.72656
{'MSE - mean': 15122891377.849632, 'MSE - std': 3660330065.9725046, 'R2 - mean': 0.8883274558114552, 'R2 - std': 0.02347825444406867}
[0]	eval-rmse:606180.50000
[100]	eval-rmse:139332.51562
[200]	eval-rmse:138491.03125
[205]	eval-rmse:138459.12500
{'MSE - mean': 15933194580.475185, 'MSE - std': 3653050516.244025, 'R2 - mean': 0.8820229273914435, 'R2 - std': 0.02449430668108979}
