Trial 95 finished with value: 17601413.33580152 and parameters: {'max_depth': 2, 'alpha': 0.1441885856249505, 'lambda': 0.15515277333003905, 'eta': 0.020727736927094162}. Best is trial 52 with value: 17402991.3123193.
[0]	eval-rmse:6816.99805
[100]	eval-rmse:1722.79126
[200]	eval-rmse:862.16449
[300]	eval-rmse:796.28198
[323]	eval-rmse:795.56665
{'MSE - mean': 633057.027901678, 'MSE - std': 0.0, 'R2 - mean': 0.9691353709065441, 'R2 - std': 0.0}
[0]	eval-rmse:25314.01953
[100]	eval-rmse:8084.81103
[200]	eval-rmse:5513.10449
[253]	eval-rmse:5464.67285
{'MSE - mean': 15238404.819609476, 'MSE - std': 14605347.791707797, 'R2 - mean': 0.9606680147605553, 'R2 - std': 0.008467356145988758}
[0]	eval-rmse:7187.10889
[100]	eval-rmse:3042.96948
[200]	eval-rmse:2525.37988
[204]	eval-rmse:2516.61206
{'MSE - mean': 12270048.654094083, 'MSE - std': 12642510.275331758, 'R2 - mean': 0.8903005242404068, 'R2 - std': 0.09975452299323781}
[0]	eval-rmse:25279.34375
[100]	eval-rmse:7792.99805
[200]	eval-rmse:4494.41699
[300]	eval-rmse:4165.63965
[363]	eval-rmse:4178.40772
{'MSE - mean': 13567009.605176616, 'MSE - std': 11176811.829511156, 'R2 - mean': 0.9107141814329842, 'R2 - std': 0.09334546503786091}
[0]	eval-rmse:9654.84082
[100]	eval-rmse:7063.53662
[200]	eval-rmse:6795.54102
[300]	eval-rmse:6661.63672
[400]	eval-rmse:6599.95703
[500]	eval-rmse:6575.46240
[577]	eval-rmse:6564.63184
{'MSE - mean': 19472160.55736578, 'MSE - std': 15473206.817282662, 'R2 - mean': 0.7972344166557798, 'R2 - std': 0.24182913126847685}
Trial 96 finished with value: 19472160.55736578 and parameters: {'max_depth': 4, 'alpha': 0.0004832752408137944, 'lambda': 0.17496065537523484, 'eta': 0.015523231772360627}. Best is trial 52 with value: 17402991.3123193.
[0]	eval-rmse:6778.84912
[100]	eval-rmse:997.02942
[196]	eval-rmse:578.62585
{'MSE - mean': 334807.8757582082, 'MSE - std': 0.0, 'R2 - mean': 0.9836764770828041, 'R2 - std': 0.0}
[0]	eval-rmse:25321.70312
[100]	eval-rmse:8765.35156
[200]	eval-rmse:5979.08398
[300]	eval-rmse:5818.25488
[309]	eval-rmse:5819.58252
{'MSE - mean': 17101174.577763405, 'MSE - std': 16766366.702005196, 'R2 - mean': 0.9647162108828726, 'R2 - std': 0.018960266199931575}
[0]	eval-rmse:7158.10352
[100]	eval-rmse:3019.78760
[102]	eval-rmse:3019.44312
{'MSE - mean': 14439794.852873886, 'MSE - std': 14197649.535662998, 'R2 - mean': 0.8563080670283783, 'R2 - std': 0.15409189608001778}
[0]	eval-rmse:25288.96680
[100]	eval-rmse:8221.17383
[200]	eval-rmse:4744.19482
[300]	eval-rmse:4329.09522
[400]	eval-rmse:4293.64941
[500]	eval-rmse:4288.15234
[600]	eval-rmse:4286.61377
[627]	eval-rmse:4286.77832
{'MSE - mean': 15423964.049449304, 'MSE - std': 12413126.36991977, 'R2 - mean': 0.8848509306985615, 'R2 - std': 0.14231064446356512}
[0]	eval-rmse:9626.29004
[100]	eval-rmse:6715.78369
[200]	eval-rmse:6540.41699
[300]	eval-rmse:6494.56494
[400]	eval-rmse:6482.18897
[500]	eval-rmse:6479.12647
[600]	eval-rmse:6477.27832
[678]	eval-rmse:6476.56592
{'MSE - mean': 20728352.255372137, 'MSE - std': 15356259.37450299, 'R2 - mean': 0.7800391819002759, 'R2 - std': 0.2452424644443287}
Trial 97 finished with value: 20728352.255372137 and parameters: {'max_depth': 7, 'alpha': 0.13370198087271828, 'lambda': 0.6956370403595494, 'eta': 0.02096851688298958}. Best is trial 52 with value: 17402991.3123193.
[0]	eval-rmse:6799.60010
[100]	eval-rmse:2474.42578
[200]	eval-rmse:1335.47546
[300]	eval-rmse:919.32776
[400]	eval-rmse:859.34015
[468]	eval-rmse:859.66553
{'MSE - mean': 739024.8153717866, 'MSE - std': 0.0, 'R2 - mean': 0.9639689225267514, 'R2 - std': 0.0}
[0]	eval-rmse:25249.70508
[100]	eval-rmse:7251.29688
[200]	eval-rmse:5143.41260
[300]	eval-rmse:4812.93408
[370]	eval-rmse:4795.56006
{'MSE - mean': 11865510.453684393, 'MSE - std': 11126485.638312606, 'R2 - mean': 0.9635718593924374, 'R2 - std': 0.00039706313431392415}
[0]	eval-rmse:7180.62353
[100]	eval-rmse:3255.94629
[200]	eval-rmse:2518.41260
[209]	eval-rmse:2526.71411
{'MSE - mean': 10073531.69921454, 'MSE - std': 9431586.866446555, 'R2 - mean': 0.8901770876650222, 'R2 - std': 0.10379638789441184}
[0]	eval-rmse:25216.45117
[100]	eval-rmse:7085.59619
[200]	eval-rmse:4646.34180
[300]	eval-rmse:4239.25732
[400]	eval-rmse:4143.14990
[500]	eval-rmse:4096.86084
[521]	eval-rmse:4100.80811
{'MSE - mean': 11759120.90410627, 'MSE - std': 8674085.313013582, 'R2 - mean': 0.910879437275088, 'R2 - std': 0.09677824881179437}
[0]	eval-rmse:9641.12598
[100]	eval-rmse:7066.08398
[200]	eval-rmse:6829.48340
[300]	eval-rmse:6752.73145
[400]	eval-rmse:6561.75635
[500]	eval-rmse:6452.94727
[600]	eval-rmse:6400.32324
[700]	eval-rmse:6371.55469
[758]	eval-rmse:6365.82910
{'MSE - mean': 17512054.048709765, 'MSE - std': 13877203.027954163, 'R2 - mean': 0.80519628021916, 'R2 - std': 0.2284043394852513}
Trial 98 finished with value: 17512054.048709765 and parameters: {'max_depth': 2, 'alpha': 0.09338687842972647, 'lambda': 0.2553684465835976, 'eta': 0.019900084410264883}. Best is trial 52 with value: 17402991.3123193.
[0]	eval-rmse:6803.11377
[100]	eval-rmse:2519.37305
[200]	eval-rmse:1447.13769
[300]	eval-rmse:956.36352
[400]	eval-rmse:885.10889
[441]	eval-rmse:881.25476
{'MSE - mean': 775638.527433666, 'MSE - std': 0.0, 'R2 - mean': 0.9621838248298342, 'R2 - std': 0.0}
[0]	eval-rmse:25294.26758
[100]	eval-rmse:7999.27881
[200]	eval-rmse:5310.08252
[300]	eval-rmse:4824.04102
[400]	eval-rmse:4768.40137
[436]	eval-rmse:4771.16064
{'MSE - mean': 11769805.486385297, 'MSE - std': 10994166.958951632, 'R2 - mean': 0.9628619179438024, 'R2 - std': 0.000678093113968159}
[0]	eval-rmse:7183.95264
[100]	eval-rmse:3294.34888
[200]	eval-rmse:2402.75171
[229]	eval-rmse:2431.68896
{'MSE - mean': 9815236.46027881, 'MSE - std': 9392647.030337023, 'R2 - mean': 0.8973944445024844, 'R2 - std': 0.09258664427313563}
[0]	eval-rmse:25261.08789
[100]	eval-rmse:7850.38965
[200]	eval-rmse:4862.96289
[300]	eval-rmse:4301.91748
[400]	eval-rmse:4168.94971
[500]	eval-rmse:4121.84766
[533]	eval-rmse:4119.69775
{'MSE - mean': 11604016.054236349, 'MSE - std': 8704341.502069578, 'R2 - mean': 0.9162304201494942, 'R2 - std': 0.08656556451063184}
[0]	eval-rmse:9643.60938
[100]	eval-rmse:7082.36865
[200]	eval-rmse:6840.70020
[297]	eval-rmse:6786.54736
{'MSE - mean': 18493753.013395507, 'MSE - std': 15826760.57357713, 'R2 - mean': 0.7926261955521499, 'R2 - std': 0.2590499853705428}
Trial 99 finished with value: 18493753.013395507 and parameters: {'max_depth': 2, 'alpha': 0.04040377045285971, 'lambda': 0.3858302410479454, 'eta': 0.019322337797658084}. Best is trial 52 with value: 17402991.3123193.
Best parameters: {'max_depth': 2, 'alpha': 0.34980397801746543, 'lambda': 0.3275405880640304, 'eta': 0.017925787553683785}
[0]	eval-rmse:6811.58594
[100]	eval-rmse:2634.17529
[200]	eval-rmse:1550.56616
[300]	eval-rmse:999.50220
[400]	eval-rmse:887.36255
[468]	eval-rmse:872.49585
{'MSE - mean': 761248.9921591727, 'MSE - std': 0.0, 'R2 - mean': 0.9628853851150846, 'R2 - std': 0.0}
[0]	eval-rmse:25306.53125
[100]	eval-rmse:8240.51660
[200]	eval-rmse:5389.49072
[300]	eval-rmse:4852.06738
[400]	eval-rmse:4782.54443
[448]	eval-rmse:4777.88525
{'MSE - mean': 11794716.479470005, 'MSE - std': 11033467.487310832, 'R2 - mean': 0.9631612757925501, 'R2 - std': 0.00027589067746541796}
[0]	eval-rmse:7191.97852
[100]	eval-rmse:3396.10742
[200]	eval-rmse:2463.38647
[222]	eval-rmse:2464.36206
{'MSE - mean': 9887504.232810521, 'MSE - std': 9403892.118159337, 'R2 - mean': 0.8953930764389825, 'R2 - std': 0.09583897135835212}
[0]	eval-rmse:25273.36523
[100]	eval-rmse:8097.32764
[200]	eval-rmse:4964.92773
[300]	eval-rmse:4343.60059
[400]	eval-rmse:4177.07373
[500]	eval-rmse:4121.83545
[562]	eval-rmse:4109.25342
{'MSE - mean': 11637179.115798803, 'MSE - std': 8689590.14085041, 'R2 - mean': 0.9147631897608438, 'R2 - std': 0.0895233779164724}
[0]	eval-rmse:9649.59863
[100]	eval-rmse:7117.04834
[200]	eval-rmse:6854.74316
[300]	eval-rmse:6781.37939
[400]	eval-rmse:6647.96924
[500]	eval-rmse:6508.18115
[600]	eval-rmse:6431.87549
[700]	eval-rmse:6387.68799
[800]	eval-rmse:6363.57227
[859]	eval-rmse:6362.46045
{'MSE - mean': 17402991.3123193, 'MSE - std': 13906313.048214827, 'R2 - mean': 0.8084786709171888, 'R2 - std': 0.22715004718945012}
Results: {'MSE - mean': 17402991.3123193, 'MSE - std': 13906313.048214827, 'R2 - mean': 0.8084786709171888, 'R2 - std': 0.22715004718945012}
Train time: 0.6186966292000079
Inference time: 0.04432005780000736


----------------------------------------------------------------------------
Training XGBoost Vesion 1 with Dataset: config/abalone.yml 



----------------------------------------------------------------------------
Namespace(batch_size=128, cat_dims=None, cat_idx=None, config='config/abalone.yml', data_parallel=False, dataset='Abalone', direction='minimize', dropna_idx=None, early_stopping_rounds=20, epochs=1000, gpu_ids=[0, 1], logging_period=100, miss_cat_idx=None, miss_num_idx=None, model_name='XGBoost', n_trials=100, nominal_idx=[0], num_classes=1, num_features=8, num_splits=5, objective='regression', one_hot_encode=True, optimize_hyperparameters=True, ordinal_encode=False, ordinal_idx=None, scale=True, seed=221, shuffle=True, target_encode=False, use_gpu=True, val_batch_size=256)
Start hyperparameter optimization
Loading dataset Abalone...
Dataset loaded!
(4177, 8)
Scaling the data...
args.num_features: 10
New Shape: (4177, 10)
A new study created in RDB with name: XGBoost_Abalone
[0]	eval-rmse:9.73891
[100]	eval-rmse:2.36869
[200]	eval-rmse:2.23933
[300]	eval-rmse:2.19926
[400]	eval-rmse:2.17441
[500]	eval-rmse:2.16137
[600]	eval-rmse:2.15606
[614]	eval-rmse:2.15562
{'MSE - mean': 4.646166484227972, 'MSE - std': 0.0, 'R2 - mean': 0.5762849691664944, 'R2 - std': 0.0}
[0]	eval-rmse:9.55001
[100]	eval-rmse:2.15612
[200]	eval-rmse:2.05795
[300]	eval-rmse:2.03283
[400]	eval-rmse:2.02188
[429]	eval-rmse:2.02134
{'MSE - mean': 4.365989013915863, 'MSE - std': 0.2801774703121098, 'R2 - mean': 0.570375749171763, 'R2 - std': 0.005909219994731374}
[0]	eval-rmse:9.63937
[100]	eval-rmse:2.33142
[200]	eval-rmse:2.23427
[300]	eval-rmse:2.20904
[400]	eval-rmse:2.19170
[500]	eval-rmse:2.17672
[600]	eval-rmse:2.16907
[651]	eval-rmse:2.16782
{'MSE - mean': 4.477143451872161, 'MSE - std': 0.2775672196095145, 'R2 - mean': 0.5594438430666725, 'R2 - std': 0.016195443684725662}
[0]	eval-rmse:9.53888
[100]	eval-rmse:2.22375
[200]	eval-rmse:2.11737
[300]	eval-rmse:2.09233
[400]	eval-rmse:2.08398
[491]	eval-rmse:2.08112
{'MSE - mean': 4.440622690155198, 'MSE - std': 0.24856381305507633, 'R2 - mean': 0.5538130871929938, 'R2 - std': 0.01708319443885542}
[0]	eval-rmse:9.76366
[100]	eval-rmse:2.54052
[200]	eval-rmse:2.39304
[300]	eval-rmse:2.36205
[400]	eval-rmse:2.34669
[462]	eval-rmse:2.33798
{'MSE - mean': 4.6457237802301705, 'MSE - std': 0.4665758287011352, 'R2 - mean': 0.5526410547404315, 'R2 - std': 0.015458430258859717}
Trial 0 finished with value: 4.6457237802301705 and parameters: {'max_depth': 2, 'alpha': 8.436140992502098e-07, 'lambda': 1.61439312313326e-07, 'eta': 0.034645960495188095}. Best is trial 0 with value: 4.6457237802301705.
[0]	eval-rmse:9.88222
[100]	eval-rmse:2.62398
[200]	eval-rmse:2.15116
[283]	eval-rmse:2.14116
{'MSE - mean': 4.587300592275337, 'MSE - std': 0.0, 'R2 - mean': 0.5816533439994718, 'R2 - std': 0.0}
[0]	eval-rmse:9.69675
[100]	eval-rmse:2.47725
[200]	eval-rmse:2.05826
[255]	eval-rmse:2.05015
{'MSE - mean': 4.3952009832902075, 'MSE - std': 0.19209960898513012, 'R2 - mean': 0.5668085901283842, 'R2 - std': 0.014844753871087524}
[0]	eval-rmse:9.78354
[100]	eval-rmse:2.58549
[200]	eval-rmse:2.17916
[260]	eval-rmse:2.17081
{'MSE - mean': 4.501264699081596, 'MSE - std': 0.2170265654932126, 'R2 - mean': 0.5566085175741612, 'R2 - std': 0.018841287249502778}
[0]	eval-rmse:9.68449
[100]	eval-rmse:2.49265
[200]	eval-rmse:2.07977
[266]	eval-rmse:2.07285
{'MSE - mean': 4.45012686034528, 'MSE - std': 0.2077754394754087, 'R2 - mean': 0.5526046943761502, 'R2 - std': 0.017729562304707285}
[0]	eval-rmse:9.90373
[100]	eval-rmse:2.74539
[200]	eval-rmse:2.31740
[300]	eval-rmse:2.30355
[367]	eval-rmse:2.30409
{'MSE - mean': 4.622198544967749, 'MSE - std': 0.3911152837650517, 'R2 - mean': 0.554248663535603, 'R2 - std': 0.016195074621690526}
Trial 1 finished with value: 4.622198544967749 and parameters: {'max_depth': 6, 'alpha': 0.0002490471994419518, 'lambda': 6.647142521652831e-07, 'eta': 0.018876881519688565}. Best is trial 1 with value: 4.622198544967749.
[0]	eval-rmse:9.49143
[100]	eval-rmse:2.17268
[200]	eval-rmse:2.13276
[274]	eval-rmse:2.12416
{'MSE - mean': 4.512034876890578, 'MSE - std': 0.0, 'R2 - mean': 0.5885173285388159, 'R2 - std': 0.0}
[0]	eval-rmse:9.30338
[100]	eval-rmse:2.01653
[133]	eval-rmse:2.01625
{'MSE - mean': 4.2908235865784405, 'MSE - std': 0.22121129031213682, 'R2 - mean': 0.5773553209089648, 'R2 - std': 0.01116200762985109}
[0]	eval-rmse:9.39419
[100]	eval-rmse:2.18490
[197]	eval-rmse:2.15900
{'MSE - mean': 4.414167744944478, 'MSE - std': 0.2510986249406644, 'R2 - mean': 0.5653628316109407, 'R2 - std': 0.019253567860157274}
[0]	eval-rmse:9.29184
[100]	eval-rmse:2.08590
[125]	eval-rmse:2.09200
{'MSE - mean': 4.403787803594566, 'MSE - std': 0.21819972303511795, 'R2 - mean': 0.5571406874479128, 'R2 - std': 0.021927970047911475}
[0]	eval-rmse:9.52295
[100]	eval-rmse:2.34793
[152]	eval-rmse:2.34055
{'MSE - mean': 4.6186615799417385, 'MSE - std': 0.4719871336730048, 'R2 - mean': 0.5551041835713085, 'R2 - std': 0.020031427520158886}
Trial 2 finished with value: 4.6186615799417385 and parameters: {'max_depth': 3, 'alpha': 3.152689118266087e-05, 'lambda': 2.5227539619621268e-08, 'eta': 0.06084759422061756}. Best is trial 2 with value: 4.6186615799417385.
[0]	eval-rmse:8.43100
[46]	eval-rmse:2.20260
{'MSE - mean': 4.851462603766034, 'MSE - std': 0.0, 'R2 - mean': 0.5575626414334358, 'R2 - std': 0.0}
[0]	eval-rmse:8.24952
[46]	eval-rmse:2.12252
{'MSE - mean': 4.678275808112734, 'MSE - std': 0.17318679565329997, 'R2 - mean': 0.5386678165789014, 'R2 - std': 0.01889482485453442}
[0]	eval-rmse:8.33550
[54]	eval-rmse:2.22052
{'MSE - mean': 4.76242740304711, 'MSE - std': 0.18482088442355207, 'R2 - mean': 0.5307193949647298, 'R2 - std': 0.01908833194656579}
[0]	eval-rmse:8.23355
[41]	eval-rmse:2.10894
{'MSE - mean': 4.68679993715182, 'MSE - std': 0.20682748918496843, 'R2 - mean': 0.5288253835345322, 'R2 - std': 0.016853342406474455}
[0]	eval-rmse:8.47660
[44]	eval-rmse:2.34331
{'MSE - mean': 4.847660549970461, 'MSE - std': 0.3711153934446821, 'R2 - mean': 0.5322378091911469, 'R2 - std': 0.01654710596036612}
Trial 3 finished with value: 4.847660549970461 and parameters: {'max_depth': 6, 'alpha': 7.830139550152584e-08, 'lambda': 0.00011011626154230713, 'eta': 0.17233979827242948}. Best is trial 2 with value: 4.6186615799417385.
[0]	eval-rmse:8.94507
[100]	eval-rmse:2.17839
[200]	eval-rmse:2.15244
[221]	eval-rmse:2.15244
{'MSE - mean': 4.6327315619794955, 'MSE - std': 0.0, 'R2 - mean': 0.577510189681963, 'R2 - std': 0.0}
[0]	eval-rmse:8.74863
[100]	eval-rmse:2.03064
[159]	eval-rmse:2.01907
{'MSE - mean': 4.355198456223221, 'MSE - std': 0.2775331057562753, 'R2 - mean': 0.5714225375276554, 'R2 - std': 0.006087652154307677}
[0]	eval-rmse:8.84413
[100]	eval-rmse:2.19915
[200]	eval-rmse:2.16651
[221]	eval-rmse:2.16802
{'MSE - mean': 4.469412379386049, 'MSE - std': 0.2782793387029869, 'R2 - mean': 0.5601945782165176, 'R2 - std': 0.016638523965575382}
[0]	eval-rmse:8.73924
[100]	eval-rmse:2.08141
[125]	eval-rmse:2.08298
{'MSE - mean': 4.436558605410148, 'MSE - std': 0.24762401772668916, 'R2 - mean': 0.5541907149119744, 'R2 - std': 0.017769903870130933}
[0]	eval-rmse:8.98499
[100]	eval-rmse:2.34755
[179]	eval-rmse:2.33288
{'MSE - mean': 4.6377121072587135, 'MSE - std': 0.45924399674666505, 'R2 - mean': 0.5533368409238151, 'R2 - std': 0.015985367996814322}
Trial 4 finished with value: 4.6377121072587135 and parameters: {'max_depth': 2, 'alpha': 2.508341921865408e-07, 'lambda': 7.771781133350747e-07, 'eta': 0.12026157532044529}. Best is trial 2 with value: 4.6186615799417385.
[0]	eval-rmse:9.94881
[100]	eval-rmse:3.83751
[200]	eval-rmse:2.57837
[300]	eval-rmse:2.35820
[400]	eval-rmse:2.28956
[500]	eval-rmse:2.25297
[600]	eval-rmse:2.23425
[700]	eval-rmse:2.22138
[800]	eval-rmse:2.20809
[900]	eval-rmse:2.19602
[999]	eval-rmse:2.18575
{'MSE - mean': 4.777491544661935, 'MSE - std': 0.0, 'R2 - mean': 0.564308557597972, 'R2 - std': 0.0}
[0]	eval-rmse:9.76182
[100]	eval-rmse:3.59604
[200]	eval-rmse:2.33581
[300]	eval-rmse:2.14810
[400]	eval-rmse:2.09806
[500]	eval-rmse:2.07293
[600]	eval-rmse:2.05501
[700]	eval-rmse:2.04336
[800]	eval-rmse:2.03502
[900]	eval-rmse:2.02955
[999]	eval-rmse:2.02569
{'MSE - mean': 4.440447605726905, 'MSE - std': 0.3370439389350297, 'R2 - mean': 0.56344991344673, 'R2 - std': 0.0008586441512420384}
[0]	eval-rmse:9.84964
[100]	eval-rmse:3.72763
[200]	eval-rmse:2.51154
[300]	eval-rmse:2.32588
[400]	eval-rmse:2.27275
[500]	eval-rmse:2.24687
[600]	eval-rmse:2.23251
[700]	eval-rmse:2.22214
[800]	eval-rmse:2.21605
[900]	eval-rmse:2.20906
[999]	eval-rmse:2.20275
{'MSE - mean': 4.577672459598008, 'MSE - std': 0.33673985838000337, 'R2 - mean': 0.5498191150011035, 'R2 - std': 0.019289604602381955}
[0]	eval-rmse:9.75024
[100]	eval-rmse:3.60205
[200]	eval-rmse:2.39698
[300]	eval-rmse:2.21567
[400]	eval-rmse:2.16286
[500]	eval-rmse:2.13248
[600]	eval-rmse:2.11409
[700]	eval-rmse:2.10378
[800]	eval-rmse:2.09836
[900]	eval-rmse:2.09148
[949]	eval-rmse:2.09036
{'MSE - mean': 4.52565698464069, 'MSE - std': 0.30522471733371204, 'R2 - mean': 0.5455640906072082, 'R2 - std': 0.018258760419730194}
[0]	eval-rmse:9.96964
[100]	eval-rmse:3.97758
[200]	eval-rmse:2.75426
[300]	eval-rmse:2.52996
[400]	eval-rmse:2.45481
[500]	eval-rmse:2.41325
[600]	eval-rmse:2.38838
[700]	eval-rmse:2.37442
[800]	eval-rmse:2.36507
[900]	eval-rmse:2.36000
[999]	eval-rmse:2.35482
{'MSE - mean': 4.7295583942666735, 'MSE - std': 0.49074722805840293, 'R2 - mean': 0.5447346087943358, 'R2 - std': 0.016415176696083084}
Trial 5 finished with value: 4.7295583942666735 and parameters: {'max_depth': 2, 'alpha': 0.07882533595602247, 'lambda': 0.021024379422534444, 'eta': 0.012107398681130794}. Best is trial 2 with value: 4.6186615799417385.
[0]	eval-rmse:9.67938
[100]	eval-rmse:2.32115
[131]	eval-rmse:2.32094
{'MSE - mean': 5.387726557939736, 'MSE - std': 0.0, 'R2 - mean': 0.5086571408128818, 'R2 - std': 0.0}
[0]	eval-rmse:9.49330
[100]	eval-rmse:2.25340
[122]	eval-rmse:2.25728
{'MSE - mean': 5.241512233295079, 'MSE - std': 0.1462143246446561, 'R2 - mean': 0.4827579461438514, 'R2 - std': 0.0258991946690304}
[0]	eval-rmse:9.57929
[100]	eval-rmse:2.28762
[113]	eval-rmse:2.28884
{'MSE - mean': 5.240608487238437, 'MSE - std': 0.11939033741498954, 'R2 - mean': 0.4833415729818869, 'R2 - std': 0.021162705330566137}
[0]	eval-rmse:9.48483
[100]	eval-rmse:2.22824
[122]	eval-rmse:2.23109
{'MSE - mean': 5.175261155130734, 'MSE - std': 0.15330153600610866, 'R2 - mean': 0.47941101875874537, 'R2 - std': 0.019551031742198317}
[0]	eval-rmse:9.70177
[100]	eval-rmse:2.40157
[158]	eval-rmse:2.39905
{'MSE - mean': 5.291198753747396, 'MSE - std': 0.2693829910099337, 'R2 - mean': 0.4883423187250623, 'R2 - std': 0.024997334859958347}
Trial 6 finished with value: 5.291198753747396 and parameters: {'max_depth': 11, 'alpha': 0.03298613192933355, 'lambda': 2.5790971073378767e-05, 'eta': 0.039961644044577076}. Best is trial 2 with value: 4.6186615799417385.
[0]	eval-rmse:9.09568
[100]	eval-rmse:2.18947
[200]	eval-rmse:2.15368
[218]	eval-rmse:2.15401
{'MSE - mean': 4.6397608505305445, 'MSE - std': 0.0, 'R2 - mean': 0.5768691417932884, 'R2 - std': 0.0}
[0]	eval-rmse:8.90071
[100]	eval-rmse:2.03340
[176]	eval-rmse:2.02421
{'MSE - mean': 4.3685941107987105, 'MSE - std': 0.27116673973183447, 'R2 - mean': 0.5700487318386134, 'R2 - std': 0.006820409954675033}
[0]	eval-rmse:8.99500
[100]	eval-rmse:2.20642
[200]	eval-rmse:2.16507
[236]	eval-rmse:2.16511
{'MSE - mean': 4.474969229656176, 'MSE - std': 0.2676794083384229, 'R2 - mean': 0.559610664223083, 'R2 - std': 0.015777151381855464}
[0]	eval-rmse:8.89099
[100]	eval-rmse:2.08994
[145]	eval-rmse:2.07942
{'MSE - mean': 4.437227790887064, 'MSE - std': 0.2408577336051177, 'R2 - mean': 0.5541268357074922, 'R2 - std': 0.016640492927185488}
[0]	eval-rmse:9.13268
[100]	eval-rmse:2.35684
[180]	eval-rmse:2.33306
{'MSE - mean': 4.638414917912476, 'MSE - std': 0.4564153794438473, 'R2 - mean': 0.5532718884830766, 'R2 - std': 0.014981606820161595}
Trial 7 finished with value: 4.638414917912476 and parameters: {'max_depth': 2, 'alpha': 0.0035708186659268123, 'lambda': 0.0002798140020126397, 'eta': 0.10396820808661779}. Best is trial 2 with value: 4.6186615799417385.
[0]	eval-rmse:9.24768
[100]	eval-rmse:2.14880
[188]	eval-rmse:2.12525
{'MSE - mean': 4.5166762568779975, 'MSE - std': 0.0, 'R2 - mean': 0.588094050020675, 'R2 - std': 0.0}
[0]	eval-rmse:9.05814
[100]	eval-rmse:2.00880
{'MSE - mean': 4.275979797494781, 'MSE - std': 0.2406964593832166, 'R2 - mean': 0.5789733561387088, 'R2 - std': 0.009120693881966235}
[0]	eval-rmse:9.15088
[100]	eval-rmse:2.16563
[200]	eval-rmse:2.15385
[204]	eval-rmse:2.15445
{'MSE - mean': 4.397873940419007, 'MSE - std': 0.26141835155845716, 'R2 - mean': 0.5670710712065028, 'R2 - std': 0.018406162314304673}
[0]	eval-rmse:9.04728
[100]	eval-rmse:2.07404
[136]	eval-rmse:2.07568
{'MSE - mean': 4.37551802265041, 'MSE - std': 0.22968244834223758, 'R2 - mean': 0.5601378800978164, 'R2 - std': 0.019957392745649477}
[0]	eval-rmse:9.28360
[100]	eval-rmse:2.32827
[198]	eval-rmse:2.30409
{'MSE - mean': 4.562182644613903, 'MSE - std': 0.4261196381678288, 'R2 - mean': 0.5603024062667055, 'R2 - std': 0.017853467327224683}
