Trial 81 finished with value: 4.55050016260414 and parameters: {'max_depth': 4, 'alpha': 0.5569250286765011, 'lambda': 0.5575416106710909, 'eta': 0.012359919435145651}. Best is trial 44 with value: 4.51743824446182.
[0]	eval-rmse:9.95162
[100]	eval-rmse:3.79818
[200]	eval-rmse:2.40859
[300]	eval-rmse:2.19542
[400]	eval-rmse:2.16016
[500]	eval-rmse:2.14046
[600]	eval-rmse:2.12694
[700]	eval-rmse:2.11921
[787]	eval-rmse:2.11522
{'MSE - mean': 4.474172863391384, 'MSE - std': 0.0, 'R2 - mean': 0.5919702190608598, 'R2 - std': 0.0}
[0]	eval-rmse:9.76538
[100]	eval-rmse:3.60077
[200]	eval-rmse:2.21891
[300]	eval-rmse:2.03958
[400]	eval-rmse:2.00761
[437]	eval-rmse:2.00740
{'MSE - mean': 4.251920916256957, 'MSE - std': 0.2222519471344282, 'R2 - mean': 0.5812106768798285, 'R2 - std': 0.010759542181031256}
[0]	eval-rmse:9.85308
[100]	eval-rmse:3.72781
[200]	eval-rmse:2.38301
[300]	eval-rmse:2.18719
[400]	eval-rmse:2.16005
[500]	eval-rmse:2.15116
[600]	eval-rmse:2.14640
[700]	eval-rmse:2.14317
[750]	eval-rmse:2.14220
{'MSE - mean': 4.36428541744485, 'MSE - std': 0.24120982758676676, 'R2 - mean': 0.5702894434903014, 'R2 - std': 0.017768657127855893}
[0]	eval-rmse:9.75329
[100]	eval-rmse:3.61012
[200]	eval-rmse:2.27666
[300]	eval-rmse:2.09779
[400]	eval-rmse:2.07820
[424]	eval-rmse:2.07853
{'MSE - mean': 4.353287863169726, 'MSE - std': 0.20976051652642164, 'R2 - mean': 0.5622350427995422, 'R2 - std': 0.020770507782848842}
[0]	eval-rmse:9.97234
[100]	eval-rmse:3.91009
[200]	eval-rmse:2.55762
[300]	eval-rmse:2.35232
[400]	eval-rmse:2.31774
[500]	eval-rmse:2.30673
[600]	eval-rmse:2.29692
[629]	eval-rmse:2.29688
{'MSE - mean': 4.53779247849954, 'MSE - std': 0.41396544752763614, 'R2 - mean': 0.562526453733211, 'R2 - std': 0.018586846859404482}
Trial 82 finished with value: 4.53779247849954 and parameters: {'max_depth': 4, 'alpha': 0.6175145489676008, 'lambda': 0.355346373577096, 'eta': 0.011684067855162343}. Best is trial 44 with value: 4.51743824446182.
[0]	eval-rmse:9.95707
[100]	eval-rmse:3.93324
[200]	eval-rmse:2.45879
[300]	eval-rmse:2.20450
[400]	eval-rmse:2.16015
[500]	eval-rmse:2.14332
[600]	eval-rmse:2.13139
[657]	eval-rmse:2.12828
{'MSE - mean': 4.529557344921334, 'MSE - std': 0.0, 'R2 - mean': 0.5869193373546568, 'R2 - std': 0.0}
[0]	eval-rmse:9.77054
[100]	eval-rmse:3.74201
[200]	eval-rmse:2.26809
[300]	eval-rmse:2.05246
[400]	eval-rmse:2.01677
[451]	eval-rmse:2.01719
{'MSE - mean': 4.298922369605987, 'MSE - std': 0.23063497531534694, 'R2 - mean': 0.5766269403158645, 'R2 - std': 0.010292397038792367}
[0]	eval-rmse:9.85822
[100]	eval-rmse:3.86802
[200]	eval-rmse:2.43336
[300]	eval-rmse:2.20024
[400]	eval-rmse:2.16517
[500]	eval-rmse:2.15301
[600]	eval-rmse:2.14390
[682]	eval-rmse:2.14231
{'MSE - mean': 4.395685675481416, 'MSE - std': 0.23278302333651982, 'R2 - mean': 0.567227129149396, 'R2 - std': 0.015726893880652147}
[0]	eval-rmse:9.75847
[100]	eval-rmse:3.74892
[200]	eval-rmse:2.32168
[300]	eval-rmse:2.10691
[400]	eval-rmse:2.07763
[458]	eval-rmse:2.07621
{'MSE - mean': 4.374384662029431, 'MSE - std': 0.20494426434402324, 'R2 - mean': 0.5602006252490493, 'R2 - std': 0.018265176279870118}
[0]	eval-rmse:9.97770
[100]	eval-rmse:4.04815
[200]	eval-rmse:2.60431
[300]	eval-rmse:2.36292
[400]	eval-rmse:2.31790
[500]	eval-rmse:2.30860
[600]	eval-rmse:2.29948
[700]	eval-rmse:2.29644
[724]	eval-rmse:2.29624
{'MSE - mean': 4.554050927829832, 'MSE - std': 0.4033876416756602, 'R2 - mean': 0.5609501099507416, 'R2 - std': 0.01640549422907053}
Trial 83 finished with value: 4.554050927829832 and parameters: {'max_depth': 4, 'alpha': 0.2874070320453301, 'lambda': 0.1827263675151428, 'eta': 0.01112542112827372}. Best is trial 44 with value: 4.51743824446182.
[0]	eval-rmse:9.96644
[100]	eval-rmse:4.20999
[200]	eval-rmse:2.56742
[300]	eval-rmse:2.22193
[400]	eval-rmse:2.16712
[500]	eval-rmse:2.14289
[600]	eval-rmse:2.12940
[700]	eval-rmse:2.12324
[716]	eval-rmse:2.12416
{'MSE - mean': 4.512944932131327, 'MSE - std': 0.0, 'R2 - mean': 0.5884343345079943, 'R2 - std': 0.0}
[0]	eval-rmse:9.78055
[100]	eval-rmse:4.03221
[200]	eval-rmse:2.39100
[300]	eval-rmse:2.08398
[400]	eval-rmse:2.03583
[490]	eval-rmse:2.02839
{'MSE - mean': 4.313645021161577, 'MSE - std': 0.19929991096975064, 'R2 - mean': 0.5749296417670975, 'R2 - std': 0.013504692740896884}
[0]	eval-rmse:9.86721
[100]	eval-rmse:4.12785
[200]	eval-rmse:2.51679
[300]	eval-rmse:2.20384
[400]	eval-rmse:2.15168
[500]	eval-rmse:2.14554
[522]	eval-rmse:2.14610
{'MSE - mean': 4.410993519203646, 'MSE - std': 0.2131519719600561, 'R2 - mean': 0.5655551180796877, 'R2 - std': 0.017243777798062892}
[0]	eval-rmse:9.76807
[100]	eval-rmse:4.02639
[200]	eval-rmse:2.42391
[300]	eval-rmse:2.11465
[400]	eval-rmse:2.06938
[500]	eval-rmse:2.05963
[538]	eval-rmse:2.05926
{'MSE - mean': 4.368264446769462, 'MSE - std': 0.1988784635301228, 'R2 - mean': 0.5608285352989043, 'R2 - std': 0.017030345237619864}
[0]	eval-rmse:9.98635
[100]	eval-rmse:4.29792
[200]	eval-rmse:2.68921
[300]	eval-rmse:2.37501
[400]	eval-rmse:2.32379
[500]	eval-rmse:2.31341
[588]	eval-rmse:2.31182
{'MSE - mean': 4.563510360971909, 'MSE - std': 0.42909903595309873, 'R2 - mean': 0.5602652339510366, 'R2 - std': 0.015274009321853107}
Trial 84 finished with value: 4.563510360971909 and parameters: {'max_depth': 5, 'alpha': 0.661676964872598, 'lambda': 0.29556192028893236, 'eta': 0.010111769314249093}. Best is trial 44 with value: 4.51743824446182.
[0]	eval-rmse:9.92572
[100]	eval-rmse:3.23525
[200]	eval-rmse:2.25920
[300]	eval-rmse:2.16546
[400]	eval-rmse:2.14469
[500]	eval-rmse:2.13056
[600]	eval-rmse:2.12526
[700]	eval-rmse:2.11959
[780]	eval-rmse:2.11870
{'MSE - mean': 4.48890795824395, 'MSE - std': 0.0, 'R2 - mean': 0.5906264271001145, 'R2 - std': 0.0}
[0]	eval-rmse:9.73918
[100]	eval-rmse:3.02572
[200]	eval-rmse:2.08417
[300]	eval-rmse:2.01408
[343]	eval-rmse:2.01093
{'MSE - mean': 4.26567132551399, 'MSE - std': 0.22323663272996042, 'R2 - mean': 0.5798583897611808, 'R2 - std': 0.010768037338933723}
[0]	eval-rmse:9.82752
[100]	eval-rmse:3.16641
[200]	eval-rmse:2.24183
[300]	eval-rmse:2.16262
[400]	eval-rmse:2.14884
[500]	eval-rmse:2.14405
[569]	eval-rmse:2.14126
{'MSE - mean': 4.372071034152092, 'MSE - std': 0.23635748093009495, 'R2 - mean': 0.5695238391030844, 'R2 - std': 0.01705597529796041}
[0]	eval-rmse:9.72720
[100]	eval-rmse:3.05017
[200]	eval-rmse:2.14547
[300]	eval-rmse:2.08134
[372]	eval-rmse:2.07896
{'MSE - mean': 4.359570747278222, 'MSE - std': 0.20583346571804662, 'R2 - mean': 0.5616134019184387, 'R2 - std': 0.020147078432868424}
[0]	eval-rmse:9.94645
[100]	eval-rmse:3.35377
[200]	eval-rmse:2.41610
[300]	eval-rmse:2.32972
[400]	eval-rmse:2.31847
[500]	eval-rmse:2.30894
[552]	eval-rmse:2.30661
{'MSE - mean': 4.551748005362105, 'MSE - std': 0.426171710213335, 'R2 - mean': 0.5612906973826417, 'R2 - std': 0.018031649075273652}
Trial 85 finished with value: 4.551748005362105 and parameters: {'max_depth': 4, 'alpha': 0.09590694936672337, 'lambda': 0.6478292664340146, 'eta': 0.014457976873547886}. Best is trial 44 with value: 4.51743824446182.
[0]	eval-rmse:9.93605
[100]	eval-rmse:3.41888
[200]	eval-rmse:2.29805
[300]	eval-rmse:2.16884
[400]	eval-rmse:2.14621
[500]	eval-rmse:2.13335
[580]	eval-rmse:2.13153
{'MSE - mean': 4.54340315477045, 'MSE - std': 0.0, 'R2 - mean': 0.5856566452477234, 'R2 - std': 0.0}
[0]	eval-rmse:9.74944
[100]	eval-rmse:3.22531
[200]	eval-rmse:2.12137
[300]	eval-rmse:2.02213
[348]	eval-rmse:2.01758
{'MSE - mean': 4.307010066959803, 'MSE - std': 0.23639308781064772, 'R2 - mean': 0.5758714313919157, 'R2 - std': 0.009785213855807773}
[0]	eval-rmse:9.83757
[100]	eval-rmse:3.36070
[200]	eval-rmse:2.29036
[300]	eval-rmse:2.17624
[400]	eval-rmse:2.15772
[500]	eval-rmse:2.15010
[600]	eval-rmse:2.14396
[697]	eval-rmse:2.14259
{'MSE - mean': 4.401568935030064, 'MSE - std': 0.23481316055797785, 'R2 - mean': 0.5666750973823556, 'R2 - std': 0.015263640628414264}
[0]	eval-rmse:9.73733
[100]	eval-rmse:3.24140
[200]	eval-rmse:2.17995
[300]	eval-rmse:2.08528
[346]	eval-rmse:2.08251
{'MSE - mean': 4.385316149757035, 'MSE - std': 0.20529338607420752, 'R2 - mean': 0.5590895820248374, 'R2 - std': 0.01863744010432933}
[0]	eval-rmse:9.95708
[100]	eval-rmse:3.54728
[200]	eval-rmse:2.45519
[300]	eval-rmse:2.33205
[400]	eval-rmse:2.31787
[490]	eval-rmse:2.31090
{'MSE - mean': 4.576306464859959, 'MSE - std': 0.42382248801250316, 'R2 - mean': 0.5589439739435929, 'R2 - std': 0.016672376728207216}
Trial 86 finished with value: 4.576306464859959 and parameters: {'max_depth': 4, 'alpha': 0.03225388730581166, 'lambda': 0.00018658623749179091, 'eta': 0.01334443298646838}. Best is trial 44 with value: 4.51743824446182.
[0]	eval-rmse:9.95010
[100]	eval-rmse:3.72166
[200]	eval-rmse:2.36839
[300]	eval-rmse:2.17353
[400]	eval-rmse:2.13646
[500]	eval-rmse:2.12627
[600]	eval-rmse:2.12053
[639]	eval-rmse:2.12060
{'MSE - mean': 4.496959476986972, 'MSE - std': 0.0, 'R2 - mean': 0.5898921551957312, 'R2 - std': 0.0}
[0]	eval-rmse:9.76334
[100]	eval-rmse:3.54334
[200]	eval-rmse:2.21663
[300]	eval-rmse:2.05981
[400]	eval-rmse:2.04214
[459]	eval-rmse:2.04011
{'MSE - mean': 4.3295076463643, 'MSE - std': 0.16745183062267133, 'R2 - mean': 0.5731156534772723, 'R2 - std': 0.016776501718458903}
[0]	eval-rmse:9.85083
[100]	eval-rmse:3.65128
[200]	eval-rmse:2.33544
[300]	eval-rmse:2.16521
[400]	eval-rmse:2.13997
[500]	eval-rmse:2.13411
[553]	eval-rmse:2.13381
{'MSE - mean': 4.404020672854142, 'MSE - std': 0.17262037139131187, 'R2 - mean': 0.5660724859205731, 'R2 - std': 0.01693654111882894}
[0]	eval-rmse:9.75138
[100]	eval-rmse:3.54396
[200]	eval-rmse:2.24921
[300]	eval-rmse:2.09099
[400]	eval-rmse:2.07261
[433]	eval-rmse:2.07335
{'MSE - mean': 4.3777161855970075, 'MSE - std': 0.15628218904929045, 'R2 - mean': 0.5596468212513032, 'R2 - std': 0.01841201559113096}
[0]	eval-rmse:9.97041
[100]	eval-rmse:3.82366
[200]	eval-rmse:2.51186
[300]	eval-rmse:2.34105
[400]	eval-rmse:2.31450
[500]	eval-rmse:2.30950
[518]	eval-rmse:2.31023
{'MSE - mean': 4.569582412863221, 'MSE - std': 0.4083991855436448, 'R2 - mean': 0.559443030593145, 'R2 - std': 0.01647325034812043}
Trial 87 finished with value: 4.569582412863221 and parameters: {'max_depth': 5, 'alpha': 0.17094551878347233, 'lambda': 0.07607246001745702, 'eta': 0.011859245341594046}. Best is trial 44 with value: 4.51743824446182.
[0]	eval-rmse:9.91761
[100]	eval-rmse:3.13291
[200]	eval-rmse:2.28310
[300]	eval-rmse:2.20319
[400]	eval-rmse:2.17896
[500]	eval-rmse:2.15990
[600]	eval-rmse:2.14857
[700]	eval-rmse:2.14174
[726]	eval-rmse:2.14145
{'MSE - mean': 4.58568750435534, 'MSE - std': 0.0, 'R2 - mean': 0.5818004522875797, 'R2 - std': 0.0}
[0]	eval-rmse:9.73114
[100]	eval-rmse:2.92029
[200]	eval-rmse:2.10080
[300]	eval-rmse:2.03373
[397]	eval-rmse:2.01929
{'MSE - mean': 4.331230052578338, 'MSE - std': 0.2544574517770015, 'R2 - mean': 0.5736152508538009, 'R2 - std': 0.008185201433778766}
[0]	eval-rmse:9.81903
[100]	eval-rmse:3.07631
[200]	eval-rmse:2.26706
[300]	eval-rmse:2.19543
[400]	eval-rmse:2.17845
[500]	eval-rmse:2.16752
[600]	eval-rmse:2.15699
[700]	eval-rmse:2.15050
[800]	eval-rmse:2.14885
[897]	eval-rmse:2.14737
{'MSE - mean': 4.424548373841026, 'MSE - std': 0.24613481673628057, 'R2 - mean': 0.5644986402283296, 'R2 - std': 0.014522058862317081}
[0]	eval-rmse:9.71938
[100]	eval-rmse:2.93618
[200]	eval-rmse:2.14960
[300]	eval-rmse:2.09038
[400]	eval-rmse:2.08055
[451]	eval-rmse:2.08007
{'MSE - mean': 4.399731734058231, 'MSE - std': 0.21744966736621782, 'R2 - mean': 0.5577586475172711, 'R2 - std': 0.017159549831968775}
[0]	eval-rmse:9.93956
[100]	eval-rmse:3.27676
[200]	eval-rmse:2.45660
[300]	eval-rmse:2.35920
[400]	eval-rmse:2.33841
[500]	eval-rmse:2.32671
[600]	eval-rmse:2.32083
[700]	eval-rmse:2.31561
[738]	eval-rmse:2.31413
{'MSE - mean': 4.591059925379869, 'MSE - std': 0.4292474734320288, 'R2 - mean': 0.5576128512247129, 'R2 - std': 0.015350737656033038}
Trial 88 finished with value: 4.591059925379869 and parameters: {'max_depth': 3, 'alpha': 0.3230058017589725, 'lambda': 0.34759827894356327, 'eta': 0.015364193115322687}. Best is trial 44 with value: 4.51743824446182.
[0]	eval-rmse:9.96132
[100]	eval-rmse:4.16902
[200]	eval-rmse:2.70164
[300]	eval-rmse:2.40283
[400]	eval-rmse:2.31543
[500]	eval-rmse:2.27116
[600]	eval-rmse:2.24489
[700]	eval-rmse:2.22844
[800]	eval-rmse:2.21930
[900]	eval-rmse:2.20873
[999]	eval-rmse:2.19897
{'MSE - mean': 4.835491214238613, 'MSE - std': 0.0, 'R2 - mean': 0.5590191793833861, 'R2 - std': 0.0}
[0]	eval-rmse:9.77444
[100]	eval-rmse:3.93178
[200]	eval-rmse:2.45416
[300]	eval-rmse:2.18302
[400]	eval-rmse:2.11593
[500]	eval-rmse:2.08608
[600]	eval-rmse:2.06706
[700]	eval-rmse:2.05395
[800]	eval-rmse:2.04351
[900]	eval-rmse:2.03743
[999]	eval-rmse:2.03126
{'MSE - mean': 4.480745654677726, 'MSE - std': 0.35474555956088727, 'R2 - mean': 0.5596008735328046, 'R2 - std': 0.0005816941494186101}
[0]	eval-rmse:9.86217
[100]	eval-rmse:4.05573
[200]	eval-rmse:2.62231
[300]	eval-rmse:2.36075
[400]	eval-rmse:2.29266
[500]	eval-rmse:2.25901
[600]	eval-rmse:2.23942
[700]	eval-rmse:2.22802
[800]	eval-rmse:2.21874
[900]	eval-rmse:2.21223
[999]	eval-rmse:2.20724
{'MSE - mean': 4.611136012258346, 'MSE - std': 0.34336506139304357, 'R2 - mean': 0.5466038354418542, 'R2 - std': 0.01838672284550859}
[0]	eval-rmse:9.76284
[100]	eval-rmse:3.93107
[200]	eval-rmse:2.50489
[300]	eval-rmse:2.24968
[400]	eval-rmse:2.18264
[500]	eval-rmse:2.14941
[600]	eval-rmse:2.12651
[700]	eval-rmse:2.11223
[800]	eval-rmse:2.10286
[900]	eval-rmse:2.09727
[999]	eval-rmse:2.09106
{'MSE - mean': 4.551488308057752, 'MSE - std': 0.3147986974056452, 'R2 - mean': 0.5430741877528571, 'R2 - std': 0.01705663862469652}
[0]	eval-rmse:9.98192
[100]	eval-rmse:4.30060
[200]	eval-rmse:2.87279
[300]	eval-rmse:2.57852
[400]	eval-rmse:2.48454
[500]	eval-rmse:2.43536
[600]	eval-rmse:2.40446
[700]	eval-rmse:2.38404
[800]	eval-rmse:2.37239
[900]	eval-rmse:2.36334
[999]	eval-rmse:2.35656
{'MSE - mean': 4.7518646869948284, 'MSE - std': 0.48977683576744624, 'R2 - mean': 0.5426069569765946, 'R2 - std': 0.015284513578519237}
Trial 89 finished with value: 4.7518646869948284 and parameters: {'max_depth': 2, 'alpha': 0.6816309914993084, 'lambda': 0.6331097582647245, 'eta': 0.010773633600984054}. Best is trial 44 with value: 4.51743824446182.
[0]	eval-rmse:9.94357
[100]	eval-rmse:3.58756
[200]	eval-rmse:2.34416
[300]	eval-rmse:2.18210
[400]	eval-rmse:2.15425
[500]	eval-rmse:2.13860
[598]	eval-rmse:2.13519
{'MSE - mean': 4.559038549425667, 'MSE - std': 0.0, 'R2 - mean': 0.5842307489198759, 'R2 - std': 0.0}
[0]	eval-rmse:9.75697
[100]	eval-rmse:3.39255
[200]	eval-rmse:2.16125
[300]	eval-rmse:2.03398
[377]	eval-rmse:2.01394
{'MSE - mean': 4.307500955288365, 'MSE - std': 0.2515375941373015, 'R2 - mean': 0.5759394958908022, 'R2 - std': 0.008291253029073686}
[0]	eval-rmse:9.84488
[100]	eval-rmse:3.52461
[200]	eval-rmse:2.32593
[300]	eval-rmse:2.17848
[400]	eval-rmse:2.15821
[500]	eval-rmse:2.15015
[600]	eval-rmse:2.14346
[700]	eval-rmse:2.13865
[738]	eval-rmse:2.13853
{'MSE - mean': 4.396100682490157, 'MSE - std': 0.24058386790622238, 'R2 - mean': 0.5672907444672975, 'R2 - std': 0.013979689561380173}
[0]	eval-rmse:9.74488
[100]	eval-rmse:3.40468
[200]	eval-rmse:2.21993
[300]	eval-rmse:2.09022
[377]	eval-rmse:2.07972
{'MSE - mean': 4.378200245365486, 'MSE - std': 0.21064597093298978, 'R2 - mean': 0.559873652197604, 'R2 - std': 0.01765257951082128}
[0]	eval-rmse:9.96446
[100]	eval-rmse:3.70987
[200]	eval-rmse:2.49738
[300]	eval-rmse:2.33707
[400]	eval-rmse:2.31909
[500]	eval-rmse:2.30935
[600]	eval-rmse:2.30298
[642]	eval-rmse:2.30201
{'MSE - mean': 4.562407457061539, 'MSE - std': 0.41379532068352304, 'R2 - mean': 0.5602498872067282, 'R2 - std': 0.015806867552967497}
Trial 90 finished with value: 4.562407457061539 and parameters: {'max_depth': 4, 'alpha': 1.588394255163437e-05, 'lambda': 0.19329978718494917, 'eta': 0.012559540042653123}. Best is trial 44 with value: 4.51743824446182.
[0]	eval-rmse:9.94798
[100]	eval-rmse:3.70399
[200]	eval-rmse:2.37721
[300]	eval-rmse:2.18639
[400]	eval-rmse:2.15200
[500]	eval-rmse:2.13711
[600]	eval-rmse:2.12764
[700]	eval-rmse:2.12166
[800]	eval-rmse:2.11712
[821]	eval-rmse:2.11803
{'MSE - mean': 4.486054253927011, 'MSE - std': 0.0, 'R2 - mean': 0.5908866755042014, 'R2 - std': 0.0}
[0]	eval-rmse:9.76164
[100]	eval-rmse:3.50430
[200]	eval-rmse:2.18896
[300]	eval-rmse:2.03378
[400]	eval-rmse:2.00933
[428]	eval-rmse:2.00912
{'MSE - mean': 4.261317521964404, 'MSE - std': 0.22473673196260746, 'R2 - mean': 0.5803005169238842, 'R2 - std': 0.010586158580317251}
[0]	eval-rmse:9.84937
[100]	eval-rmse:3.63266
[200]	eval-rmse:2.35514
[300]	eval-rmse:2.17895
[400]	eval-rmse:2.15342
[500]	eval-rmse:2.14412
[596]	eval-rmse:2.14131
{'MSE - mean': 4.369192378024396, 'MSE - std': 0.23863158830175113, 'R2 - mean': 0.5698162408261981, 'R2 - std': 0.017162495726926484}
[0]	eval-rmse:9.74954
[100]	eval-rmse:3.51446
[200]	eval-rmse:2.24931
[300]	eval-rmse:2.09359
[400]	eval-rmse:2.07770
[433]	eval-rmse:2.07718
{'MSE - mean': 4.355568147018267, 'MSE - std': 0.2080039307635494, 'R2 - mean': 0.5620298227329847, 'R2 - std': 0.020069837190409313}
[0]	eval-rmse:9.96835
[100]	eval-rmse:3.81871
[200]	eval-rmse:2.53061
[300]	eval-rmse:2.34642
[400]	eval-rmse:2.32097
[500]	eval-rmse:2.31144
[600]	eval-rmse:2.30064
[697]	eval-rmse:2.29695
{'MSE - mean': 4.539813389200161, 'MSE - std': 0.4127926177115189, 'R2 - mean': 0.5623460120064101, 'R2 - std': 0.017962143371717823}
Trial 91 finished with value: 4.539813389200161 and parameters: {'max_depth': 4, 'alpha': 0.658771313864937, 'lambda': 0.4178663935319101, 'eta': 0.012084149315514504}. Best is trial 44 with value: 4.51743824446182.
[0]	eval-rmse:9.93049
[100]	eval-rmse:3.32514
[200]	eval-rmse:2.27819
[300]	eval-rmse:2.16904
[400]	eval-rmse:2.14662
[500]	eval-rmse:2.13476
[600]	eval-rmse:2.12970
[700]	eval-rmse:2.12455
[755]	eval-rmse:2.12356
{'MSE - mean': 4.509495891153946, 'MSE - std': 0.0, 'R2 - mean': 0.5887488756483167, 'R2 - std': 0.0}
[0]	eval-rmse:9.74398
[100]	eval-rmse:3.11505
[200]	eval-rmse:2.09890
[300]	eval-rmse:2.01295
[400]	eval-rmse:2.00431
[428]	eval-rmse:2.00549
{'MSE - mean': 4.265640713649278, 'MSE - std': 0.24385517750466823, 'R2 - mean': 0.5800201786066963, 'R2 - std': 0.008728697041620326}
[0]	eval-rmse:9.83226
[100]	eval-rmse:3.25480
[200]	eval-rmse:2.25903
[300]	eval-rmse:2.16485
[400]	eval-rmse:2.14734
[500]	eval-rmse:2.14186
[560]	eval-rmse:2.14031
{'MSE - mean': 4.370672368258196, 'MSE - std': 0.2484086592767313, 'R2 - mean': 0.5697673171183459, 'R2 - std': 0.016156601502013323}
[0]	eval-rmse:9.73200
[100]	eval-rmse:3.13843
[200]	eval-rmse:2.16161
[300]	eval-rmse:2.08304
[355]	eval-rmse:2.08013
{'MSE - mean': 4.359595750148661, 'MSE - std': 0.2159819920942041, 'R2 - mean': 0.5616811775589199, 'R2 - std': 0.019797317696968245}
[0]	eval-rmse:9.95115
[100]	eval-rmse:3.44327
[200]	eval-rmse:2.43696
[300]	eval-rmse:2.32832
[400]	eval-rmse:2.31117
[500]	eval-rmse:2.30402
[505]	eval-rmse:2.30425
{'MSE - mean': 4.549307950500355, 'MSE - std': 0.4257715967233013, 'R2 - mean': 0.561548363846939, 'R2 - std': 0.01770925148966252}
Trial 92 finished with value: 4.549307950500355 and parameters: {'max_depth': 4, 'alpha': 0.11370100237205986, 'lambda': 0.673494299304483, 'eta': 0.013952017729780306}. Best is trial 44 with value: 4.51743824446182.
[0]	eval-rmse:9.94793
[100]	eval-rmse:3.70427
[200]	eval-rmse:2.37823
[300]	eval-rmse:2.18936
[400]	eval-rmse:2.15937
[500]	eval-rmse:2.14260
[600]	eval-rmse:2.13229
[700]	eval-rmse:2.12781
[800]	eval-rmse:2.12195
[900]	eval-rmse:2.11861
[929]	eval-rmse:2.11832
{'MSE - mean': 4.487276587544209, 'MSE - std': 0.0, 'R2 - mean': 0.5907752027173225, 'R2 - std': 0.0}
[0]	eval-rmse:9.76167
[100]	eval-rmse:3.50520
[200]	eval-rmse:2.18951
[300]	eval-rmse:2.03277
[400]	eval-rmse:2.00836
[449]	eval-rmse:2.00845
{'MSE - mean': 4.2604219259094265, 'MSE - std': 0.2268546616347833, 'R2 - mean': 0.5804053962741416, 'R2 - std': 0.010369806443181029}
[0]	eval-rmse:9.84940
[100]	eval-rmse:3.63322
[200]	eval-rmse:2.35569
[300]	eval-rmse:2.18243
[400]	eval-rmse:2.15375
[500]	eval-rmse:2.14601
[600]	eval-rmse:2.14105
[690]	eval-rmse:2.13736
{'MSE - mean': 4.363132378047201, 'MSE - std': 0.23538811700461867, 'R2 - mean': 0.5704237061521716, 'R2 - std': 0.016460767473847854}
[0]	eval-rmse:9.74957
[100]	eval-rmse:3.51606
[200]	eval-rmse:2.24857
[300]	eval-rmse:2.09307
[400]	eval-rmse:2.07699
[401]	eval-rmse:2.07717
{'MSE - mean': 4.351003998225844, 'MSE - std': 0.20493161545137037, 'R2 - mean': 0.5624874691279149, 'R2 - std': 0.019803262955548993}
[0]	eval-rmse:9.96870
[100]	eval-rmse:3.81860
[200]	eval-rmse:2.52846
[300]	eval-rmse:2.34302
[400]	eval-rmse:2.31072
[500]	eval-rmse:2.30267
[600]	eval-rmse:2.29366
[687]	eval-rmse:2.29152
{'MSE - mean': 4.531041489743438, 'MSE - std': 0.40404401618759034, 'R2 - mean': 0.5631355995100343, 'R2 - std': 0.017759945690181612}
