[I 2025-05-03 23:02:06,046] A new study created in memory with name: CatBoost_SAT11_outer1
[I 2025-05-03 23:02:06,396] Trial 0 finished with value: 0.0 and parameters: {'learning_rate': 0.0953921557826109, 'max_depth': 12, 'l2_leaf_reg': 11.587602633331176}. Best is trial 0 with value: 0.0.
[I 2025-05-03 23:02:06,481] Trial 1 finished with value: 0.0 and parameters: {'learning_rate': 0.011687834885492623, 'max_depth': 2, 'l2_leaf_reg': 12.431706428816009}. Best is trial 0 with value: 0.0.
[I 2025-05-03 23:02:06,567] Trial 2 finished with value: 0.0 and parameters: {'learning_rate': 0.09366603767301723, 'max_depth': 2, 'l2_leaf_reg': 4.143338223396546}. Best is trial 0 with value: 0.0.
[I 2025-05-03 23:02:06,648] Trial 3 finished with value: 0.0 and parameters: {'learning_rate': 0.10950101092735172, 'max_depth': 2, 'l2_leaf_reg': 7.109716614333571}. Best is trial 0 with value: 0.0.
[I 2025-05-03 23:02:06,731] Trial 4 finished with value: 0.0 and parameters: {'learning_rate': 0.017641018793701446, 'max_depth': 10, 'l2_leaf_reg': 27.116967081297066}. Best is trial 0 with value: 0.0.
[I 2025-05-03 23:02:06,748] A new study created in memory with name: CatBoost_SAT11_outer2
[I 2025-05-03 23:02:06,836] Trial 0 finished with value: 0.0 and parameters: {'learning_rate': 0.17770878471871948, 'max_depth': 2, 'l2_leaf_reg': 5.0241289356203715}. Best is trial 0 with value: 0.0.
[I 2025-05-03 23:02:06,923] Trial 1 finished with value: 0.0 and parameters: {'learning_rate': 0.10255819519790219, 'max_depth': 4, 'l2_leaf_reg': 20.381578590895828}. Best is trial 0 with value: 0.0.
[I 2025-05-03 23:02:07,008] Trial 2 finished with value: 0.0 and parameters: {'learning_rate': 0.07757384513100019, 'max_depth': 8, 'l2_leaf_reg': 3.2601227002932385}. Best is trial 0 with value: 0.0.
[I 2025-05-03 23:02:07,096] Trial 3 finished with value: 0.0 and parameters: {'learning_rate': 0.020480085744212548, 'max_depth': 2, 'l2_leaf_reg': 1.9693898148337283}. Best is trial 0 with value: 0.0.
[I 2025-05-03 23:02:07,184] Trial 4 finished with value: 0.0 and parameters: {'learning_rate': 0.12371319941930532, 'max_depth': 11, 'l2_leaf_reg': 17.232888694365222}. Best is trial 0 with value: 0.0.
[I 2025-05-03 23:02:07,203] A new study created in memory with name: CatBoost_SAT11_outer3
[I 2025-05-03 23:02:07,285] Trial 0 finished with value: 0.0 and parameters: {'learning_rate': 0.06367384325113028, 'max_depth': 8, 'l2_leaf_reg': 0.7124641402688483}. Best is trial 0 with value: 0.0.
[I 2025-05-03 23:02:07,367] Trial 1 finished with value: 0.0 and parameters: {'learning_rate': 0.038672483953073065, 'max_depth': 5, 'l2_leaf_reg': 6.555971386624032}. Best is trial 0 with value: 0.0.
[I 2025-05-03 23:02:07,451] Trial 2 finished with value: 0.0 and parameters: {'learning_rate': 0.052863874978048155, 'max_depth': 3, 'l2_leaf_reg': 9.999940896902789}. Best is trial 0 with value: 0.0.
[I 2025-05-03 23:02:07,548] Trial 3 finished with value: 0.0 and parameters: {'learning_rate': 0.016860536396059733, 'max_depth': 6, 'l2_leaf_reg': 14.663560660432035}. Best is trial 0 with value: 0.0.
[I 2025-05-03 23:02:07,631] Trial 4 finished with value: 0.0 and parameters: {'learning_rate': 0.04363490979909647, 'max_depth': 5, 'l2_leaf_reg': 1.7461618996147195}. Best is trial 0 with value: 0.0.
[I 2025-05-03 23:02:07,652] A new study created in memory with name: CatBoost_SAT11_outer4
[I 2025-05-03 23:02:07,739] Trial 0 finished with value: 0.0 and parameters: {'learning_rate': 0.029459314654975043, 'max_depth': 3, 'l2_leaf_reg': 17.323240692381223}. Best is trial 0 with value: 0.0.
[I 2025-05-03 23:02:07,826] Trial 1 finished with value: 0.0 and parameters: {'learning_rate': 0.015320669952745232, 'max_depth': 5, 'l2_leaf_reg': 0.6158197690761098}. Best is trial 0 with value: 0.0.
[I 2025-05-03 23:02:07,919] Trial 2 finished with value: 0.0 and parameters: {'learning_rate': 0.010145957920458077, 'max_depth': 2, 'l2_leaf_reg': 6.902119236157159}. Best is trial 0 with value: 0.0.
[I 2025-05-03 23:02:08,005] Trial 3 finished with value: 0.0 and parameters: {'learning_rate': 0.06113848084933413, 'max_depth': 6, 'l2_leaf_reg': 20.60502224531641}. Best is trial 0 with value: 0.0.
[I 2025-05-03 23:02:08,090] Trial 4 finished with value: 0.0 and parameters: {'learning_rate': 0.29089336146943406, 'max_depth': 2, 'l2_leaf_reg': 2.5946604633924544}. Best is trial 0 with value: 0.0.
[I 2025-05-03 23:02:08,111] A new study created in memory with name: CatBoost_SAT11_outer5
[I 2025-05-03 23:02:08,195] Trial 0 finished with value: 0.0 and parameters: {'learning_rate': 0.034409857458336406, 'max_depth': 2, 'l2_leaf_reg': 23.46984167494674}. Best is trial 0 with value: 0.0.
[I 2025-05-03 23:02:08,275] Trial 1 finished with value: 0.0 and parameters: {'learning_rate': 0.01287450768798363, 'max_depth': 4, 'l2_leaf_reg': 4.010605650764984}. Best is trial 0 with value: 0.0.
[I 2025-05-03 23:02:08,358] Trial 2 finished with value: 0.0 and parameters: {'learning_rate': 0.19601018624222954, 'max_depth': 3, 'l2_leaf_reg': 1.9774962990970553}. Best is trial 0 with value: 0.0.
[I 2025-05-03 23:02:08,443] Trial 3 finished with value: 0.0 and parameters: {'learning_rate': 0.05543131660339018, 'max_depth': 3, 'l2_leaf_reg': 21.167650784296477}. Best is trial 0 with value: 0.0.
[I 2025-05-03 23:02:08,524] Trial 4 finished with value: 0.0 and parameters: {'learning_rate': 0.021065403992565592, 'max_depth': 5, 'l2_leaf_reg': 1.884693988761842}. Best is trial 0 with value: 0.0.
Traceback (most recent call last):
  File "train.py", line 1192, in <module>
    main(arguments)
  File "train.py", line 1063, in main
    agg_scorer, avg_train_time, avg_test_time = nested_cross_validation(
  File "train.py", line 705, in nested_cross_validation
    best_hp_idx = best_loss_dict.index(min(best_loss_dict))
ValueError: min() arg is an empty sequence
srun: error: stud-000: task 0: Exited with exit code 1
[I 2025-05-03 23:02:15,023] A new study created in memory with name: CatBoost_Diamonds_outer1
[I 2025-05-03 23:02:15,158] Trial 0 finished with value: 0.0 and parameters: {'learning_rate': 0.010206704375845956, 'max_depth': 2, 'l2_leaf_reg': 3.5471395508262957}. Best is trial 0 with value: 0.0.
[I 2025-05-03 23:02:15,285] Trial 1 finished with value: 0.0 and parameters: {'learning_rate': 0.029944130572939303, 'max_depth': 7, 'l2_leaf_reg': 9.88786929012276}. Best is trial 0 with value: 0.0.
[I 2025-05-03 23:02:15,413] Trial 2 finished with value: 0.0 and parameters: {'learning_rate': 0.04552574683761225, 'max_depth': 2, 'l2_leaf_reg': 4.4333489114186495}. Best is trial 0 with value: 0.0.
[I 2025-05-03 23:02:15,543] Trial 3 finished with value: 0.0 and parameters: {'learning_rate': 0.18658453811158868, 'max_depth': 6, 'l2_leaf_reg': 1.3904954124150892}. Best is trial 0 with value: 0.0.
[I 2025-05-03 23:02:15,668] Trial 4 finished with value: 0.0 and parameters: {'learning_rate': 0.010728413779277086, 'max_depth': 3, 'l2_leaf_reg': 0.9917978802620889}. Best is trial 0 with value: 0.0.
[I 2025-05-03 23:02:15,701] A new study created in memory with name: CatBoost_Diamonds_outer2
[I 2025-05-03 23:02:15,836] Trial 0 finished with value: 0.0 and parameters: {'learning_rate': 0.014827465585701652, 'max_depth': 2, 'l2_leaf_reg': 2.6339416109540625}. Best is trial 0 with value: 0.0.
[I 2025-05-03 23:02:15,969] Trial 1 finished with value: 0.0 and parameters: {'learning_rate': 0.016744954023069154, 'max_depth': 3, 'l2_leaf_reg': 3.863680215437036}. Best is trial 0 with value: 0.0.
[I 2025-05-03 23:02:16,100] Trial 2 finished with value: 0.0 and parameters: {'learning_rate': 0.20224190904188608, 'max_depth': 5, 'l2_leaf_reg': 8.274124969253267}. Best is trial 0 with value: 0.0.
[I 2025-05-03 23:02:16,233] Trial 3 finished with value: 0.0 and parameters: {'learning_rate': 0.01526650030237433, 'max_depth': 2, 'l2_leaf_reg': 1.1271978502137314}. Best is trial 0 with value: 0.0.
[I 2025-05-03 23:02:16,366] Trial 4 finished with value: 0.0 and parameters: {'learning_rate': 0.01022281994363554, 'max_depth': 8, 'l2_leaf_reg': 1.2657650301907395}. Best is trial 0 with value: 0.0.
[I 2025-05-03 23:02:16,397] A new study created in memory with name: CatBoost_Diamonds_outer3
[I 2025-05-03 23:02:16,535] Trial 0 finished with value: 0.0 and parameters: {'learning_rate': 0.013121534749942309, 'max_depth': 6, 'l2_leaf_reg': 3.6027500296465638}. Best is trial 0 with value: 0.0.
[I 2025-05-03 23:02:16,666] Trial 1 finished with value: 0.0 and parameters: {'learning_rate': 0.05846092660176338, 'max_depth': 7, 'l2_leaf_reg': 26.399972918070166}. Best is trial 0 with value: 0.0.
[I 2025-05-03 23:02:16,800] Trial 2 finished with value: 0.0 and parameters: {'learning_rate': 0.02073669542456184, 'max_depth': 2, 'l2_leaf_reg': 1.7892621670424753}. Best is trial 0 with value: 0.0.
[I 2025-05-03 23:02:16,936] Trial 3 finished with value: 0.0 and parameters: {'learning_rate': 0.03979825958060326, 'max_depth': 4, 'l2_leaf_reg': 0.8652674497552751}. Best is trial 0 with value: 0.0.
[I 2025-05-03 23:02:17,072] Trial 4 finished with value: 0.0 and parameters: {'learning_rate': 0.2573575796069614, 'max_depth': 12, 'l2_leaf_reg': 0.6900043620699502}. Best is trial 0 with value: 0.0.
[I 2025-05-03 23:02:17,103] A new study created in memory with name: CatBoost_Diamonds_outer4
[I 2025-05-03 23:02:17,240] Trial 0 finished with value: 0.0 and parameters: {'learning_rate': 0.03516330194301544, 'max_depth': 2, 'l2_leaf_reg': 0.7025585832517576}. Best is trial 0 with value: 0.0.
[I 2025-05-03 23:02:17,374] Trial 1 finished with value: 0.0 and parameters: {'learning_rate': 0.01487645174812791, 'max_depth': 5, 'l2_leaf_reg': 5.387221155482096}. Best is trial 0 with value: 0.0.
[I 2025-05-03 23:02:17,506] Trial 2 finished with value: 0.0 and parameters: {'learning_rate': 0.276302660319106, 'max_depth': 9, 'l2_leaf_reg': 4.792308047698002}. Best is trial 0 with value: 0.0.
[I 2025-05-03 23:02:17,638] Trial 3 finished with value: 0.0 and parameters: {'learning_rate': 0.04204249297403559, 'max_depth': 4, 'l2_leaf_reg': 11.330077306526366}. Best is trial 0 with value: 0.0.
[I 2025-05-03 23:02:17,771] Trial 4 finished with value: 0.0 and parameters: {'learning_rate': 0.05848869175604787, 'max_depth': 4, 'l2_leaf_reg': 12.435877555654512}. Best is trial 0 with value: 0.0.
[I 2025-05-03 23:02:17,805] A new study created in memory with name: CatBoost_Diamonds_outer5
[I 2025-05-03 23:02:17,938] Trial 0 finished with value: 0.0 and parameters: {'learning_rate': 0.013907499636719646, 'max_depth': 9, 'l2_leaf_reg': 12.227631795037972}. Best is trial 0 with value: 0.0.
[I 2025-05-03 23:02:18,073] Trial 1 finished with value: 0.0 and parameters: {'learning_rate': 0.01916748021955327, 'max_depth': 2, 'l2_leaf_reg': 0.9227432877293292}. Best is trial 0 with value: 0.0.
[I 2025-05-03 23:02:18,206] Trial 2 finished with value: 0.0 and parameters: {'learning_rate': 0.030253962235956732, 'max_depth': 2, 'l2_leaf_reg': 4.637270426413703}. Best is trial 0 with value: 0.0.
[I 2025-05-03 23:02:18,340] Trial 3 finished with value: 0.0 and parameters: {'learning_rate': 0.10714694770770045, 'max_depth': 4, 'l2_leaf_reg': 29.398571709516045}. Best is trial 0 with value: 0.0.
[I 2025-05-03 23:02:18,473] Trial 4 finished with value: 0.0 and parameters: {'learning_rate': 0.23936823059613263, 'max_depth': 2, 'l2_leaf_reg': 2.5889865340986065}. Best is trial 0 with value: 0.0.
Traceback (most recent call last):
  File "train.py", line 1192, in <module>
    main(arguments)
  File "train.py", line 1063, in main
    agg_scorer, avg_train_time, avg_test_time = nested_cross_validation(
  File "train.py", line 705, in nested_cross_validation
    best_hp_idx = best_loss_dict.index(min(best_loss_dict))
ValueError: min() arg is an empty sequence
srun: error: stud-000: task 0: Exited with exit code 1
