[I 2025-05-03 22:58:13,315] A new study created in memory with name: CatBoost_Allstate_Claims_outer1
[I 2025-05-03 22:58:22,044] Trial 0 finished with value: 0.0 and parameters: {'learning_rate': 0.05312687128752246, 'max_depth': 11, 'l2_leaf_reg': 0.5390672847150708}. Best is trial 0 with value: 0.0.
[I 2025-05-03 22:58:30,389] Trial 1 finished with value: 0.0 and parameters: {'learning_rate': 0.10900114970184356, 'max_depth': 6, 'l2_leaf_reg': 0.7105548712819683}. Best is trial 0 with value: 0.0.
[I 2025-05-03 22:58:38,595] Trial 2 finished with value: 0.0 and parameters: {'learning_rate': 0.036249700473460836, 'max_depth': 7, 'l2_leaf_reg': 3.336161957380798}. Best is trial 0 with value: 0.0.
[I 2025-05-03 22:58:46,897] Trial 3 finished with value: 0.0 and parameters: {'learning_rate': 0.04357216211619468, 'max_depth': 5, 'l2_leaf_reg': 1.9654213957434186}. Best is trial 0 with value: 0.0.
[I 2025-05-03 22:58:55,432] Trial 4 finished with value: 0.0 and parameters: {'learning_rate': 0.17639079311440145, 'max_depth': 3, 'l2_leaf_reg': 14.429758262222203}. Best is trial 0 with value: 0.0.
[I 2025-05-03 22:58:57,840] A new study created in memory with name: CatBoost_Allstate_Claims_outer2
[I 2025-05-03 22:59:06,384] Trial 0 finished with value: 0.0 and parameters: {'learning_rate': 0.06727825712273022, 'max_depth': 7, 'l2_leaf_reg': 4.510968904896307}. Best is trial 0 with value: 0.0.
[I 2025-05-03 22:59:14,652] Trial 1 finished with value: 0.0 and parameters: {'learning_rate': 0.014244219588997836, 'max_depth': 3, 'l2_leaf_reg': 7.583363372448606}. Best is trial 0 with value: 0.0.
[I 2025-05-03 22:59:22,634] Trial 2 finished with value: 0.0 and parameters: {'learning_rate': 0.1250360024923536, 'max_depth': 3, 'l2_leaf_reg': 3.354170730816838}. Best is trial 0 with value: 0.0.
[I 2025-05-03 22:59:30,446] Trial 3 finished with value: 0.0 and parameters: {'learning_rate': 0.010396376561869453, 'max_depth': 8, 'l2_leaf_reg': 5.403062892126913}. Best is trial 0 with value: 0.0.
[I 2025-05-03 22:59:38,307] Trial 4 finished with value: 0.0 and parameters: {'learning_rate': 0.12512057734785603, 'max_depth': 3, 'l2_leaf_reg': 4.739638239860335}. Best is trial 0 with value: 0.0.
[I 2025-05-03 22:59:40,381] A new study created in memory with name: CatBoost_Allstate_Claims_outer3
[I 2025-05-03 22:59:48,366] Trial 0 finished with value: 0.0 and parameters: {'learning_rate': 0.030884967297389092, 'max_depth': 5, 'l2_leaf_reg': 0.7831241942312386}. Best is trial 0 with value: 0.0.
[I 2025-05-03 22:59:55,889] Trial 1 finished with value: 0.0 and parameters: {'learning_rate': 0.12656355388124765, 'max_depth': 3, 'l2_leaf_reg': 9.829510308786247}. Best is trial 0 with value: 0.0.
[I 2025-05-03 23:00:03,769] Trial 2 finished with value: 0.0 and parameters: {'learning_rate': 0.12880121700670907, 'max_depth': 2, 'l2_leaf_reg': 1.8503520457310996}. Best is trial 0 with value: 0.0.
[I 2025-05-03 23:00:11,828] Trial 3 finished with value: 0.0 and parameters: {'learning_rate': 0.022611357414352547, 'max_depth': 10, 'l2_leaf_reg': 2.1606128829409776}. Best is trial 0 with value: 0.0.
[I 2025-05-03 23:00:19,460] Trial 4 finished with value: 0.0 and parameters: {'learning_rate': 0.02903291795621463, 'max_depth': 2, 'l2_leaf_reg': 0.5551427680892317}. Best is trial 0 with value: 0.0.
[I 2025-05-03 23:00:21,297] A new study created in memory with name: CatBoost_Allstate_Claims_outer4
[I 2025-05-03 23:00:29,238] Trial 0 finished with value: 0.0 and parameters: {'learning_rate': 0.28013676339246096, 'max_depth': 3, 'l2_leaf_reg': 8.863243417968404}. Best is trial 0 with value: 0.0.
[I 2025-05-03 23:00:37,333] Trial 1 finished with value: 0.0 and parameters: {'learning_rate': 0.043426388459853006, 'max_depth': 2, 'l2_leaf_reg': 4.317782354702884}. Best is trial 0 with value: 0.0.
[I 2025-05-03 23:00:45,614] Trial 2 finished with value: 0.0 and parameters: {'learning_rate': 0.1593353974219552, 'max_depth': 7, 'l2_leaf_reg': 1.366550061302031}. Best is trial 0 with value: 0.0.
[I 2025-05-03 23:00:54,008] Trial 3 finished with value: 0.0 and parameters: {'learning_rate': 0.034099141025047776, 'max_depth': 3, 'l2_leaf_reg': 2.4589985789456117}. Best is trial 0 with value: 0.0.
[I 2025-05-03 23:01:02,143] Trial 4 finished with value: 0.0 and parameters: {'learning_rate': 0.011398016152625447, 'max_depth': 6, 'l2_leaf_reg': 0.8985762553416701}. Best is trial 0 with value: 0.0.
[I 2025-05-03 23:01:04,105] A new study created in memory with name: CatBoost_Allstate_Claims_outer5
[I 2025-05-03 23:01:12,325] Trial 0 finished with value: 0.0 and parameters: {'learning_rate': 0.036492181126599424, 'max_depth': 2, 'l2_leaf_reg': 3.2171950960307334}. Best is trial 0 with value: 0.0.
[I 2025-05-03 23:01:20,484] Trial 1 finished with value: 0.0 and parameters: {'learning_rate': 0.15555493067235074, 'max_depth': 7, 'l2_leaf_reg': 4.718899969328518}. Best is trial 0 with value: 0.0.
[I 2025-05-03 23:01:28,074] Trial 2 finished with value: 0.0 and parameters: {'learning_rate': 0.20918055785616915, 'max_depth': 3, 'l2_leaf_reg': 6.828090867929319}. Best is trial 0 with value: 0.0.
[I 2025-05-03 23:01:35,695] Trial 3 finished with value: 0.0 and parameters: {'learning_rate': 0.021001902383664915, 'max_depth': 2, 'l2_leaf_reg': 14.407691255426736}. Best is trial 0 with value: 0.0.
[I 2025-05-03 23:01:43,813] Trial 4 finished with value: 0.0 and parameters: {'learning_rate': 0.10635387503511096, 'max_depth': 2, 'l2_leaf_reg': 2.877307580029543}. Best is trial 0 with value: 0.0.
Traceback (most recent call last):
  File "train.py", line 1192, in <module>
    main(arguments)
  File "train.py", line 1063, in main
    agg_scorer, avg_train_time, avg_test_time = nested_cross_validation(
  File "train.py", line 705, in nested_cross_validation
    best_hp_idx = best_loss_dict.index(min(best_loss_dict))
ValueError: min() arg is an empty sequence
srun: error: stud-000: task 0: Exited with exit code 1
