[I 2025-01-10 06:13:06,440] Trial 86 finished with value: 7.810077492033216 and parameters: {'dim': 128, 'depth': 1, 'heads': 2, 'weight_decay': -4, 'learning_rate': -3, 'dropout': 0.4}. Best is trial 43 with value: 4.974985173669651.
[I 2025-01-10 06:16:57,773] Trial 87 finished with value: 5.26941595109637 and parameters: {'dim': 256, 'depth': 2, 'heads': 2, 'weight_decay': -5, 'learning_rate': -3, 'dropout': 0.3}. Best is trial 43 with value: 4.974985173669651.
[I 2025-01-10 06:22:35,632] Trial 88 finished with value: 6.105110470161267 and parameters: {'dim': 256, 'depth': 2, 'heads': 8, 'weight_decay': -5, 'learning_rate': -3, 'dropout': 0}. Best is trial 43 with value: 4.974985173669651.
[I 2025-01-10 06:30:04,627] Trial 89 finished with value: 6.384185534846835 and parameters: {'dim': 256, 'depth': 12, 'heads': 2, 'weight_decay': -5, 'learning_rate': -3, 'dropout': 0.3}. Best is trial 43 with value: 4.974985173669651.
[I 2025-01-10 06:35:17,487] Trial 90 finished with value: 6.593251858137921 and parameters: {'dim': 256, 'depth': 1, 'heads': 2, 'weight_decay': -6, 'learning_rate': -3, 'dropout': 0.1}. Best is trial 43 with value: 4.974985173669651.
[I 2025-01-10 06:40:44,653] Trial 91 finished with value: 6.553592717650273 and parameters: {'dim': 256, 'depth': 2, 'heads': 2, 'weight_decay': -5, 'learning_rate': -3, 'dropout': 0.3}. Best is trial 43 with value: 4.974985173669651.
[I 2025-01-10 06:48:10,318] Trial 92 finished with value: 7.482916028856439 and parameters: {'dim': 32, 'depth': 2, 'heads': 2, 'weight_decay': -4, 'learning_rate': -3, 'dropout': 0.3}. Best is trial 43 with value: 4.974985173669651.
[I 2025-01-10 06:59:56,700] Trial 93 finished with value: 9.696034646463627 and parameters: {'dim': 256, 'depth': 2, 'heads': 2, 'weight_decay': -5, 'learning_rate': -3, 'dropout': 0.3}. Best is trial 43 with value: 4.974985173669651.
[I 2025-01-10 07:05:16,872] Trial 94 finished with value: 6.207256650327581 and parameters: {'dim': 32, 'depth': 2, 'heads': 2, 'weight_decay': -5, 'learning_rate': -3, 'dropout': 0.3}. Best is trial 43 with value: 4.974985173669651.
[I 2025-01-10 07:08:52,378] Trial 95 finished with value: 5.353549930311882 and parameters: {'dim': 32, 'depth': 2, 'heads': 2, 'weight_decay': -4, 'learning_rate': -3, 'dropout': 0}. Best is trial 43 with value: 4.974985173669651.
[I 2025-01-10 07:14:38,643] Trial 96 finished with value: 6.33177953862011 and parameters: {'dim': 128, 'depth': 2, 'heads': 2, 'weight_decay': -4, 'learning_rate': -3, 'dropout': 0.3}. Best is trial 43 with value: 4.974985173669651.
[I 2025-01-10 07:22:47,772] Trial 97 finished with value: 7.391363178352203 and parameters: {'dim': 256, 'depth': 2, 'heads': 2, 'weight_decay': -5, 'learning_rate': -3, 'dropout': 0.5}. Best is trial 43 with value: 4.974985173669651.
[I 2025-01-10 07:26:18,090] Trial 98 finished with value: 5.406459672207946 and parameters: {'dim': 32, 'depth': 6, 'heads': 4, 'weight_decay': -4, 'learning_rate': -3, 'dropout': 0.3}. Best is trial 43 with value: 4.974985173669651.
[I 2025-01-10 07:32:47,336] Trial 99 finished with value: 8.723457277297493 and parameters: {'dim': 64, 'depth': 12, 'heads': 8, 'weight_decay': -1, 'learning_rate': -3, 'dropout': 0.2}. Best is trial 43 with value: 4.974985173669651.
[I 2025-01-10 07:38:17,838] A new study created in RDB with name: TabTransformer_NYC_Taxi
[I 2025-01-10 09:27:17,420] Trial 0 finished with value: 2.771455695048489 and parameters: {'dim': 256, 'depth': 2, 'heads': 8, 'weight_decay': -5, 'learning_rate': -3, 'dropout': 0}. Best is trial 0 with value: 2.771455695048489.
[I 2025-01-11 07:53:59,106] Trial 1 finished with value: 3.3101836741912782 and parameters: {'dim': 128, 'depth': 2, 'heads': 8, 'weight_decay': -1, 'learning_rate': -6, 'dropout': 0.5}. Best is trial 0 with value: 2.771455695048489.
srun: Job step aborted: Waiting up to 32 seconds for job step to finish.
slurmstepd: error: *** JOB 949199 ON stud-000 CANCELLED AT 2025-01-11T10:20:28 DUE TO TIME LIMIT ***
slurmstepd: error: *** STEP 949199.2 ON stud-000 CANCELLED AT 2025-01-11T10:20:28 DUE TO TIME LIMIT ***
