[I 2025-01-09 18:48:34,346] Trial 93 finished with value: 63794816.58337061 and parameters: {'dim': 256, 'depth': 2, 'heads': 2, 'weight_decay': -6, 'learning_rate': -3, 'dropout': 0}. Best is trial 85 with value: 55565552.52457024.
[I 2025-01-09 19:06:06,240] Trial 94 finished with value: 66907659.49888714 and parameters: {'dim': 256, 'depth': 2, 'heads': 2, 'weight_decay': -6, 'learning_rate': -3, 'dropout': 0.2}. Best is trial 85 with value: 55565552.52457024.
[I 2025-01-09 19:25:48,026] Trial 95 finished with value: 61336136.7375676 and parameters: {'dim': 256, 'depth': 2, 'heads': 2, 'weight_decay': -6, 'learning_rate': -3, 'dropout': 0}. Best is trial 85 with value: 55565552.52457024.
[I 2025-01-09 19:38:23,931] Trial 96 finished with value: 247939682.0569462 and parameters: {'dim': 32, 'depth': 2, 'heads': 2, 'weight_decay': -6, 'learning_rate': -3, 'dropout': 0.4}. Best is trial 85 with value: 55565552.52457024.
[I 2025-01-09 19:55:49,909] Trial 97 finished with value: 70822332.02289139 and parameters: {'dim': 256, 'depth': 2, 'heads': 2, 'weight_decay': -6, 'learning_rate': -3, 'dropout': 0}. Best is trial 85 with value: 55565552.52457024.
[I 2025-01-09 20:08:17,021] Trial 98 finished with value: 159270038.9684432 and parameters: {'dim': 256, 'depth': 2, 'heads': 2, 'weight_decay': -5, 'learning_rate': -3, 'dropout': 0.5}. Best is trial 85 with value: 55565552.52457024.
[I 2025-01-09 21:25:30,571] Trial 99 finished with value: 79072185.37325267 and parameters: {'dim': 256, 'depth': 12, 'heads': 2, 'weight_decay': -6, 'learning_rate': -3, 'dropout': 0}. Best is trial 85 with value: 55565552.52457024.
[I 2025-01-09 21:44:10,486] A new study created in RDB with name: TabTransformer_Abalone
[I 2025-01-09 21:51:04,509] Trial 0 finished with value: 7.367647421593451 and parameters: {'dim': 64, 'depth': 2, 'heads': 4, 'weight_decay': -4, 'learning_rate': -3, 'dropout': 0.4}. Best is trial 0 with value: 7.367647421593451.
[I 2025-01-09 21:59:47,690] Trial 1 finished with value: 25.4147771142195 and parameters: {'dim': 64, 'depth': 2, 'heads': 2, 'weight_decay': -4, 'learning_rate': -4, 'dropout': 0.3}. Best is trial 0 with value: 7.367647421593451.
[I 2025-01-09 22:00:50,462] Trial 2 finished with value: 111.56500961383574 and parameters: {'dim': 256, 'depth': 6, 'heads': 8, 'weight_decay': -3, 'learning_rate': -5, 'dropout': 0.3}. Best is trial 0 with value: 7.367647421593451.
[I 2025-01-09 22:01:48,739] Trial 3 finished with value: 108.60874601370692 and parameters: {'dim': 32, 'depth': 3, 'heads': 2, 'weight_decay': -2, 'learning_rate': -6, 'dropout': 0.3}. Best is trial 0 with value: 7.367647421593451.
[I 2025-01-09 22:10:43,052] Trial 4 finished with value: 28.44525674908944 and parameters: {'dim': 128, 'depth': 6, 'heads': 4, 'weight_decay': -4, 'learning_rate': -4, 'dropout': 0.5}. Best is trial 0 with value: 7.367647421593451.
[I 2025-01-09 22:11:44,310] Trial 5 finished with value: 104.5696795901061 and parameters: {'dim': 64, 'depth': 6, 'heads': 2, 'weight_decay': -4, 'learning_rate': -5, 'dropout': 0}. Best is trial 0 with value: 7.367647421593451.
[I 2025-01-09 22:13:04,602] Trial 6 finished with value: 112.89270636892152 and parameters: {'dim': 32, 'depth': 3, 'heads': 2, 'weight_decay': -4, 'learning_rate': -5, 'dropout': 0.2}. Best is trial 0 with value: 7.367647421593451.
[I 2025-01-09 22:14:02,729] Trial 7 finished with value: 112.94942434895651 and parameters: {'dim': 128, 'depth': 1, 'heads': 8, 'weight_decay': -1, 'learning_rate': -6, 'dropout': 0}. Best is trial 0 with value: 7.367647421593451.
[I 2025-01-09 22:15:05,458] Trial 8 finished with value: 108.76531846050595 and parameters: {'dim': 256, 'depth': 6, 'heads': 8, 'weight_decay': -5, 'learning_rate': -6, 'dropout': 0.4}. Best is trial 0 with value: 7.367647421593451.
[I 2025-01-09 22:18:00,675] Trial 9 finished with value: 5.432023129208146 and parameters: {'dim': 64, 'depth': 1, 'heads': 8, 'weight_decay': -4, 'learning_rate': -3, 'dropout': 0.3}. Best is trial 9 with value: 5.432023129208146.
[I 2025-01-09 22:23:16,391] Trial 10 finished with value: 6.487973379713074 and parameters: {'dim': 64, 'depth': 12, 'heads': 8, 'weight_decay': -6, 'learning_rate': -3, 'dropout': 0.1}. Best is trial 9 with value: 5.432023129208146.
[I 2025-01-09 22:28:19,589] Trial 11 finished with value: 6.18993618055842 and parameters: {'dim': 64, 'depth': 12, 'heads': 8, 'weight_decay': -6, 'learning_rate': -3, 'dropout': 0.1}. Best is trial 9 with value: 5.432023129208146.
[I 2025-01-09 22:35:00,228] Trial 12 finished with value: 7.594604424089773 and parameters: {'dim': 64, 'depth': 12, 'heads': 8, 'weight_decay': -6, 'learning_rate': -3, 'dropout': 0.1}. Best is trial 9 with value: 5.432023129208146.
[I 2025-01-09 22:43:36,840] Trial 13 finished with value: 28.919149402087964 and parameters: {'dim': 64, 'depth': 1, 'heads': 8, 'weight_decay': -5, 'learning_rate': -4, 'dropout': 0.1}. Best is trial 9 with value: 5.432023129208146.
[I 2025-01-09 22:49:23,550] Trial 14 finished with value: 6.491933250496141 and parameters: {'dim': 64, 'depth': 12, 'heads': 8, 'weight_decay': -6, 'learning_rate': -3, 'dropout': 0.2}. Best is trial 9 with value: 5.432023129208146.
[I 2025-01-09 22:57:55,258] Trial 15 finished with value: 27.027293741509784 and parameters: {'dim': 64, 'depth': 1, 'heads': 4, 'weight_decay': -2, 'learning_rate': -4, 'dropout': 0.5}. Best is trial 9 with value: 5.432023129208146.
[I 2025-01-09 23:03:27,594] Trial 16 finished with value: 6.046142492702205 and parameters: {'dim': 256, 'depth': 1, 'heads': 8, 'weight_decay': -5, 'learning_rate': -3, 'dropout': 0.3}. Best is trial 9 with value: 5.432023129208146.
[I 2025-01-09 23:08:22,789] Trial 17 finished with value: 6.280723729837321 and parameters: {'dim': 256, 'depth': 1, 'heads': 8, 'weight_decay': -5, 'learning_rate': -3, 'dropout': 0.3}. Best is trial 9 with value: 5.432023129208146.
[I 2025-01-09 23:16:17,611] Trial 18 finished with value: 41.52479436690193 and parameters: {'dim': 256, 'depth': 1, 'heads': 8, 'weight_decay': -3, 'learning_rate': -4, 'dropout': 0.3}. Best is trial 9 with value: 5.432023129208146.
[I 2025-01-09 23:22:22,026] Trial 19 finished with value: 6.229545207168286 and parameters: {'dim': 256, 'depth': 1, 'heads': 4, 'weight_decay': -5, 'learning_rate': -3, 'dropout': 0.3}. Best is trial 9 with value: 5.432023129208146.
[I 2025-01-09 23:31:45,448] Trial 20 finished with value: 29.053707080455506 and parameters: {'dim': 128, 'depth': 1, 'heads': 8, 'weight_decay': -3, 'learning_rate': -4, 'dropout': 0.3}. Best is trial 9 with value: 5.432023129208146.
[I 2025-01-09 23:40:29,601] Trial 21 finished with value: 7.764310532347521 and parameters: {'dim': 32, 'depth': 12, 'heads': 8, 'weight_decay': -6, 'learning_rate': -3, 'dropout': 0.1}. Best is trial 9 with value: 5.432023129208146.
[I 2025-01-09 23:45:51,088] Trial 22 finished with value: 5.176675165780738 and parameters: {'dim': 256, 'depth': 12, 'heads': 8, 'weight_decay': -5, 'learning_rate': -3, 'dropout': 0.1}. Best is trial 22 with value: 5.176675165780738.
[I 2025-01-09 23:52:46,646] Trial 23 finished with value: 7.2986612537509785 and parameters: {'dim': 256, 'depth': 1, 'heads': 8, 'weight_decay': -5, 'learning_rate': -3, 'dropout': 0.3}. Best is trial 22 with value: 5.176675165780738.
[I 2025-01-09 23:57:37,450] Trial 24 finished with value: 6.6401228874127565 and parameters: {'dim': 256, 'depth': 2, 'heads': 8, 'weight_decay': -5, 'learning_rate': -3, 'dropout': 0}. Best is trial 22 with value: 5.176675165780738.
[I 2025-01-10 00:07:55,481] Trial 25 finished with value: 6.665982375735953 and parameters: {'dim': 256, 'depth': 3, 'heads': 8, 'weight_decay': -5, 'learning_rate': -4, 'dropout': 0.5}. Best is trial 22 with value: 5.176675165780738.
[I 2025-01-10 00:17:21,978] Trial 26 finished with value: 7.957203346627887 and parameters: {'dim': 256, 'depth': 12, 'heads': 8, 'weight_decay': -4, 'learning_rate': -3, 'dropout': 0.4}. Best is trial 22 with value: 5.176675165780738.
[I 2025-01-10 00:23:01,608] Trial 27 finished with value: 63.95790509998801 and parameters: {'dim': 256, 'depth': 1, 'heads': 8, 'weight_decay': -3, 'learning_rate': -4, 'dropout': 0.2}. Best is trial 22 with value: 5.176675165780738.
[I 2025-01-10 00:26:56,639] Trial 28 finished with value: 5.123065971174584 and parameters: {'dim': 128, 'depth': 1, 'heads': 2, 'weight_decay': -5, 'learning_rate': -3, 'dropout': 0.1}. Best is trial 28 with value: 5.123065971174584.
[I 2025-01-10 00:35:20,437] Trial 29 finished with value: 8.610185486792101 and parameters: {'dim': 128, 'depth': 2, 'heads': 2, 'weight_decay': -4, 'learning_rate': -3, 'dropout': 0.1}. Best is trial 28 with value: 5.123065971174584.
[I 2025-01-10 00:36:20,372] Trial 30 finished with value: 110.6465247321913 and parameters: {'dim': 128, 'depth': 12, 'heads': 2, 'weight_decay': -2, 'learning_rate': -5, 'dropout': 0.1}. Best is trial 28 with value: 5.123065971174584.
[I 2025-01-10 00:41:44,084] Trial 31 finished with value: 6.550297502108473 and parameters: {'dim': 128, 'depth': 1, 'heads': 2, 'weight_decay': -5, 'learning_rate': -3, 'dropout': 0.1}. Best is trial 28 with value: 5.123065971174584.
[I 2025-01-10 00:45:50,719] Trial 32 finished with value: 7.045966775685905 and parameters: {'dim': 128, 'depth': 1, 'heads': 4, 'weight_decay': -5, 'learning_rate': -3, 'dropout': 0.4}. Best is trial 28 with value: 5.123065971174584.
[I 2025-01-10 00:50:42,084] Trial 33 finished with value: 6.574334730651254 and parameters: {'dim': 256, 'depth': 1, 'heads': 2, 'weight_decay': -4, 'learning_rate': -3, 'dropout': 0.3}. Best is trial 28 with value: 5.123065971174584.
[I 2025-01-10 00:54:33,687] Trial 34 finished with value: 5.017664287760224 and parameters: {'dim': 32, 'depth': 2, 'heads': 2, 'weight_decay': -4, 'learning_rate': -3, 'dropout': 0.3}. Best is trial 34 with value: 5.017664287760224.
[I 2025-01-10 01:04:11,520] Trial 35 finished with value: 25.217270088112322 and parameters: {'dim': 32, 'depth': 2, 'heads': 2, 'weight_decay': -4, 'learning_rate': -4, 'dropout': 0.1}. Best is trial 34 with value: 5.017664287760224.
[I 2025-01-10 01:07:07,512] Trial 36 finished with value: 5.269651771012488 and parameters: {'dim': 32, 'depth': 2, 'heads': 2, 'weight_decay': -3, 'learning_rate': -3, 'dropout': 0.3}. Best is trial 34 with value: 5.017664287760224.
[I 2025-01-10 01:19:00,476] Trial 37 finished with value: 7.262771002672032 and parameters: {'dim': 32, 'depth': 2, 'heads': 2, 'weight_decay': -3, 'learning_rate': -4, 'dropout': 0.5}. Best is trial 34 with value: 5.017664287760224.
[I 2025-01-10 01:21:47,164] Trial 38 finished with value: 5.283710332344558 and parameters: {'dim': 32, 'depth': 2, 'heads': 2, 'weight_decay': -3, 'learning_rate': -3, 'dropout': 0}. Best is trial 34 with value: 5.017664287760224.
[I 2025-01-10 01:22:35,308] Trial 39 finished with value: 108.56077430177886 and parameters: {'dim': 32, 'depth': 2, 'heads': 2, 'weight_decay': -4, 'learning_rate': -5, 'dropout': 0.3}. Best is trial 34 with value: 5.017664287760224.
[I 2025-01-10 01:25:22,279] Trial 40 finished with value: 5.411851104458066 and parameters: {'dim': 32, 'depth': 2, 'heads': 2, 'weight_decay': -1, 'learning_rate': -3, 'dropout': 0.2}. Best is trial 34 with value: 5.017664287760224.
[I 2025-01-10 01:31:52,194] Trial 41 finished with value: 6.073561842625322 and parameters: {'dim': 32, 'depth': 2, 'heads': 2, 'weight_decay': -3, 'learning_rate': -3, 'dropout': 0}. Best is trial 34 with value: 5.017664287760224.
[I 2025-01-10 01:38:02,689] Trial 42 finished with value: 5.506321856798933 and parameters: {'dim': 32, 'depth': 2, 'heads': 2, 'weight_decay': -3, 'learning_rate': -3, 'dropout': 0}. Best is trial 34 with value: 5.017664287760224.
[I 2025-01-10 01:42:09,065] Trial 43 finished with value: 4.974985173669651 and parameters: {'dim': 32, 'depth': 2, 'heads': 2, 'weight_decay': -2, 'learning_rate': -3, 'dropout': 0}. Best is trial 43 with value: 4.974985173669651.
[I 2025-01-10 01:50:09,395] Trial 44 finished with value: 7.558573468051426 and parameters: {'dim': 32, 'depth': 6, 'heads': 2, 'weight_decay': -2, 'learning_rate': -3, 'dropout': 0}. Best is trial 43 with value: 4.974985173669651.
[I 2025-01-10 01:55:08,302] Trial 45 finished with value: 6.389666006654755 and parameters: {'dim': 32, 'depth': 3, 'heads': 2, 'weight_decay': -2, 'learning_rate': -3, 'dropout': 0.1}. Best is trial 43 with value: 4.974985173669651.
[I 2025-01-10 01:56:16,131] Trial 46 finished with value: 104.14141473309125 and parameters: {'dim': 32, 'depth': 2, 'heads': 2, 'weight_decay': -1, 'learning_rate': -6, 'dropout': 0.4}. Best is trial 43 with value: 4.974985173669651.
[I 2025-01-10 02:03:49,697] Trial 47 finished with value: 7.524610155293205 and parameters: {'dim': 32, 'depth': 2, 'heads': 2, 'weight_decay': -2, 'learning_rate': -3, 'dropout': 0}. Best is trial 43 with value: 4.974985173669651.
[I 2025-01-10 02:12:07,543] Trial 48 finished with value: 33.87745774995307 and parameters: {'dim': 128, 'depth': 6, 'heads': 2, 'weight_decay': -4, 'learning_rate': -4, 'dropout': 0.1}. Best is trial 43 with value: 4.974985173669651.
[I 2025-01-10 02:18:06,108] Trial 49 finished with value: 8.833657033300797 and parameters: {'dim': 32, 'depth': 2, 'heads': 4, 'weight_decay': -1, 'learning_rate': -3, 'dropout': 0.3}. Best is trial 43 with value: 4.974985173669651.
[I 2025-01-10 02:25:55,164] Trial 50 finished with value: 51.39776888719797 and parameters: {'dim': 128, 'depth': 3, 'heads': 2, 'weight_decay': -6, 'learning_rate': -4, 'dropout': 0.1}. Best is trial 43 with value: 4.974985173669651.
[I 2025-01-10 02:28:59,420] Trial 51 finished with value: 5.27900486733256 and parameters: {'dim': 32, 'depth': 2, 'heads': 2, 'weight_decay': -3, 'learning_rate': -3, 'dropout': 0}. Best is trial 43 with value: 4.974985173669651.
[I 2025-01-10 02:34:26,285] Trial 52 finished with value: 5.2981109345726525 and parameters: {'dim': 32, 'depth': 2, 'heads': 2, 'weight_decay': -3, 'learning_rate': -3, 'dropout': 0}. Best is trial 43 with value: 4.974985173669651.
[I 2025-01-10 02:40:52,870] Trial 53 finished with value: 6.3855507360158565 and parameters: {'dim': 32, 'depth': 2, 'heads': 2, 'weight_decay': -2, 'learning_rate': -3, 'dropout': 0}. Best is trial 43 with value: 4.974985173669651.
[I 2025-01-10 02:46:19,144] Trial 54 finished with value: 6.632557852723555 and parameters: {'dim': 32, 'depth': 12, 'heads': 2, 'weight_decay': -3, 'learning_rate': -3, 'dropout': 0}. Best is trial 43 with value: 4.974985173669651.
[I 2025-01-10 02:49:58,912] Trial 55 finished with value: 5.262523533407629 and parameters: {'dim': 32, 'depth': 2, 'heads': 2, 'weight_decay': -4, 'learning_rate': -3, 'dropout': 0.3}. Best is trial 43 with value: 4.974985173669651.
[I 2025-01-10 02:53:34,461] Trial 56 finished with value: 5.410288030783926 and parameters: {'dim': 32, 'depth': 2, 'heads': 4, 'weight_decay': -4, 'learning_rate': -3, 'dropout': 0.3}. Best is trial 43 with value: 4.974985173669651.
[I 2025-01-10 03:01:43,747] Trial 57 finished with value: 7.938548723214547 and parameters: {'dim': 32, 'depth': 12, 'heads': 2, 'weight_decay': -5, 'learning_rate': -3, 'dropout': 0.3}. Best is trial 43 with value: 4.974985173669651.
[I 2025-01-10 03:12:17,862] Trial 58 finished with value: 6.573599431473696 and parameters: {'dim': 128, 'depth': 6, 'heads': 2, 'weight_decay': -4, 'learning_rate': -3, 'dropout': 0.3}. Best is trial 43 with value: 4.974985173669651.
[I 2025-01-10 03:17:19,740] Trial 59 finished with value: 5.087534744540732 and parameters: {'dim': 64, 'depth': 2, 'heads': 2, 'weight_decay': -4, 'learning_rate': -3, 'dropout': 0.3}. Best is trial 43 with value: 4.974985173669651.
[I 2025-01-10 03:30:46,231] Trial 60 finished with value: 27.03509713438054 and parameters: {'dim': 64, 'depth': 12, 'heads': 2, 'weight_decay': -4, 'learning_rate': -4, 'dropout': 0.5}. Best is trial 43 with value: 4.974985173669651.
[I 2025-01-10 03:38:06,003] Trial 61 finished with value: 6.6519567047850385 and parameters: {'dim': 64, 'depth': 2, 'heads': 2, 'weight_decay': -4, 'learning_rate': -3, 'dropout': 0.3}. Best is trial 43 with value: 4.974985173669651.
[I 2025-01-10 03:48:13,362] Trial 62 finished with value: 7.398183823348812 and parameters: {'dim': 64, 'depth': 2, 'heads': 2, 'weight_decay': -5, 'learning_rate': -3, 'dropout': 0.3}. Best is trial 43 with value: 4.974985173669651.
[I 2025-01-10 03:55:08,581] Trial 63 finished with value: 6.465163332289613 and parameters: {'dim': 64, 'depth': 2, 'heads': 2, 'weight_decay': -4, 'learning_rate': -3, 'dropout': 0.3}. Best is trial 43 with value: 4.974985173669651.
[I 2025-01-10 04:02:18,565] Trial 64 finished with value: 7.438338413140317 and parameters: {'dim': 64, 'depth': 2, 'heads': 2, 'weight_decay': -5, 'learning_rate': -3, 'dropout': 0.3}. Best is trial 43 with value: 4.974985173669651.
[I 2025-01-10 04:15:45,440] Trial 65 finished with value: 9.518898364590166 and parameters: {'dim': 256, 'depth': 2, 'heads': 4, 'weight_decay': -5, 'learning_rate': -3, 'dropout': 0.3}. Best is trial 43 with value: 4.974985173669651.
[I 2025-01-10 04:16:53,969] Trial 66 finished with value: 113.80123727872903 and parameters: {'dim': 128, 'depth': 3, 'heads': 2, 'weight_decay': -4, 'learning_rate': -5, 'dropout': 0.2}. Best is trial 43 with value: 4.974985173669651.
[I 2025-01-10 04:22:31,178] Trial 67 finished with value: 6.3237787486092145 and parameters: {'dim': 32, 'depth': 12, 'heads': 2, 'weight_decay': -6, 'learning_rate': -3, 'dropout': 0.1}. Best is trial 43 with value: 4.974985173669651.
[I 2025-01-10 04:23:50,436] Trial 68 finished with value: 102.0427684927406 and parameters: {'dim': 256, 'depth': 2, 'heads': 8, 'weight_decay': -4, 'learning_rate': -6, 'dropout': 0.3}. Best is trial 43 with value: 4.974985173669651.
[I 2025-01-10 04:29:05,438] Trial 69 finished with value: 6.192397361667349 and parameters: {'dim': 64, 'depth': 2, 'heads': 2, 'weight_decay': -5, 'learning_rate': -3, 'dropout': 0.4}. Best is trial 43 with value: 4.974985173669651.
[I 2025-01-10 04:36:06,633] Trial 70 finished with value: 7.732618477470434 and parameters: {'dim': 32, 'depth': 2, 'heads': 2, 'weight_decay': -4, 'learning_rate': -3, 'dropout': 0.1}. Best is trial 43 with value: 4.974985173669651.
[I 2025-01-10 04:40:36,292] Trial 71 finished with value: 7.0315917680656295 and parameters: {'dim': 32, 'depth': 2, 'heads': 2, 'weight_decay': -3, 'learning_rate': -3, 'dropout': 0}. Best is trial 43 with value: 4.974985173669651.
[I 2025-01-10 04:50:26,998] Trial 72 finished with value: 8.64068874204126 and parameters: {'dim': 32, 'depth': 2, 'heads': 2, 'weight_decay': -3, 'learning_rate': -3, 'dropout': 0.3}. Best is trial 43 with value: 4.974985173669651.
[I 2025-01-10 04:55:38,324] Trial 73 finished with value: 6.3367983787382585 and parameters: {'dim': 32, 'depth': 2, 'heads': 2, 'weight_decay': -3, 'learning_rate': -3, 'dropout': 0.3}. Best is trial 43 with value: 4.974985173669651.
[I 2025-01-10 05:00:37,097] Trial 74 finished with value: 6.527383715120226 and parameters: {'dim': 32, 'depth': 2, 'heads': 2, 'weight_decay': -2, 'learning_rate': -3, 'dropout': 0.5}. Best is trial 43 with value: 4.974985173669651.
[I 2025-01-10 05:06:02,261] Trial 75 finished with value: 6.300014336909102 and parameters: {'dim': 32, 'depth': 1, 'heads': 8, 'weight_decay': -3, 'learning_rate': -3, 'dropout': 0}. Best is trial 43 with value: 4.974985173669651.
[I 2025-01-10 05:14:38,217] Trial 76 finished with value: 7.31571508699202 and parameters: {'dim': 128, 'depth': 12, 'heads': 2, 'weight_decay': -4, 'learning_rate': -3, 'dropout': 0.1}. Best is trial 43 with value: 4.974985173669651.
[I 2025-01-10 05:23:16,316] Trial 77 finished with value: 7.333407214211492 and parameters: {'dim': 256, 'depth': 6, 'heads': 2, 'weight_decay': -5, 'learning_rate': -3, 'dropout': 0.2}. Best is trial 43 with value: 4.974985173669651.
[I 2025-01-10 05:30:26,941] Trial 78 finished with value: 6.5798900495205945 and parameters: {'dim': 32, 'depth': 2, 'heads': 4, 'weight_decay': -2, 'learning_rate': -3, 'dropout': 0.3}. Best is trial 43 with value: 4.974985173669651.
[I 2025-01-10 05:33:46,700] Trial 79 finished with value: 5.19814620307562 and parameters: {'dim': 32, 'depth': 1, 'heads': 2, 'weight_decay': -4, 'learning_rate': -3, 'dropout': 0.1}. Best is trial 43 with value: 4.974985173669651.
[I 2025-01-10 05:41:09,405] Trial 80 finished with value: 29.231032288844336 and parameters: {'dim': 64, 'depth': 1, 'heads': 8, 'weight_decay': -4, 'learning_rate': -4, 'dropout': 0.1}. Best is trial 43 with value: 4.974985173669651.
[I 2025-01-10 05:44:22,683] Trial 81 finished with value: 5.471297028389912 and parameters: {'dim': 32, 'depth': 1, 'heads': 2, 'weight_decay': -4, 'learning_rate': -3, 'dropout': 0.1}. Best is trial 43 with value: 4.974985173669651.
[I 2025-01-10 05:51:14,678] Trial 82 finished with value: 7.938110819624344 and parameters: {'dim': 32, 'depth': 1, 'heads': 2, 'weight_decay': -3, 'learning_rate': -3, 'dropout': 0.1}. Best is trial 43 with value: 4.974985173669651.
[I 2025-01-10 06:00:01,747] Trial 83 finished with value: 7.345406364199012 and parameters: {'dim': 32, 'depth': 1, 'heads': 2, 'weight_decay': -4, 'learning_rate': -3, 'dropout': 0.1}. Best is trial 43 with value: 4.974985173669651.
[I 2025-01-10 06:03:09,983] Trial 84 finished with value: 5.164446866698727 and parameters: {'dim': 32, 'depth': 2, 'heads': 2, 'weight_decay': -4, 'learning_rate': -3, 'dropout': 0}. Best is trial 43 with value: 4.974985173669651.
[I 2025-01-10 06:06:25,410] Trial 85 finished with value: 5.304480039368179 and parameters: {'dim': 32, 'depth': 3, 'heads': 2, 'weight_decay': -4, 'learning_rate': -3, 'dropout': 0.1}. Best is trial 43 with value: 4.974985173669651.
