[I 2025-01-08 10:20:31,486] A new study created in RDB with name: TabTransformer_Brazillian_Houses
[I 2025-01-08 12:01:07,594] Trial 0 finished with value: 155952309.70966655 and parameters: {'dim': 32, 'depth': 12, 'heads': 2, 'weight_decay': -5, 'learning_rate': -3, 'dropout': 0}. Best is trial 0 with value: 155952309.70966655.
[I 2025-01-08 12:45:07,604] Trial 1 finished with value: 251637504.60223585 and parameters: {'dim': 32, 'depth': 12, 'heads': 2, 'weight_decay': -1, 'learning_rate': -3, 'dropout': 0.5}. Best is trial 0 with value: 155952309.70966655.
[I 2025-01-08 12:49:54,662] Trial 2 finished with value: 271418984.42110443 and parameters: {'dim': 64, 'depth': 3, 'heads': 8, 'weight_decay': -2, 'learning_rate': -4, 'dropout': 0.2}. Best is trial 0 with value: 155952309.70966655.
[I 2025-01-08 13:25:08,821] Trial 3 finished with value: 159352019.85478804 and parameters: {'dim': 128, 'depth': 6, 'heads': 8, 'weight_decay': -5, 'learning_rate': -3, 'dropout': 0.5}. Best is trial 0 with value: 155952309.70966655.
[I 2025-01-08 13:52:32,543] Trial 4 finished with value: 249009903.78405896 and parameters: {'dim': 32, 'depth': 2, 'heads': 2, 'weight_decay': -1, 'learning_rate': -3, 'dropout': 0}. Best is trial 0 with value: 155952309.70966655.
[I 2025-01-08 13:55:46,650] Trial 5 finished with value: 271460252.46947634 and parameters: {'dim': 256, 'depth': 1, 'heads': 8, 'weight_decay': -1, 'learning_rate': -5, 'dropout': 0.4}. Best is trial 0 with value: 155952309.70966655.
[I 2025-01-08 14:39:07,182] Trial 6 finished with value: 80217373.93652442 and parameters: {'dim': 128, 'depth': 6, 'heads': 4, 'weight_decay': -3, 'learning_rate': -3, 'dropout': 0.5}. Best is trial 6 with value: 80217373.93652442.
[I 2025-01-08 14:41:39,516] Trial 7 finished with value: 271260797.42970604 and parameters: {'dim': 256, 'depth': 2, 'heads': 4, 'weight_decay': -5, 'learning_rate': -4, 'dropout': 0}. Best is trial 6 with value: 80217373.93652442.
[I 2025-01-08 14:44:28,058] Trial 8 finished with value: 271306546.9610281 and parameters: {'dim': 64, 'depth': 1, 'heads': 2, 'weight_decay': -5, 'learning_rate': -4, 'dropout': 0}. Best is trial 6 with value: 80217373.93652442.
[I 2025-01-08 14:48:33,398] Trial 9 finished with value: 271392693.08535075 and parameters: {'dim': 256, 'depth': 3, 'heads': 2, 'weight_decay': -2, 'learning_rate': -4, 'dropout': 0.2}. Best is trial 6 with value: 80217373.93652442.
[I 2025-01-08 14:53:37,895] Trial 10 finished with value: 301846994.37390375 and parameters: {'dim': 128, 'depth': 6, 'heads': 4, 'weight_decay': -3, 'learning_rate': -6, 'dropout': 0.1}. Best is trial 6 with value: 80217373.93652442.
[I 2025-01-08 16:26:55,459] Trial 11 finished with value: 186671269.06680834 and parameters: {'dim': 32, 'depth': 12, 'heads': 4, 'weight_decay': -6, 'learning_rate': -3, 'dropout': 0.3}. Best is trial 6 with value: 80217373.93652442.
[I 2025-01-08 16:41:02,982] Trial 12 finished with value: 271724288.63560706 and parameters: {'dim': 128, 'depth': 12, 'heads': 4, 'weight_decay': -4, 'learning_rate': -5, 'dropout': 0.5}. Best is trial 6 with value: 80217373.93652442.
[I 2025-01-08 17:29:04,067] Trial 13 finished with value: 77587161.54951634 and parameters: {'dim': 128, 'depth': 6, 'heads': 2, 'weight_decay': -4, 'learning_rate': -3, 'dropout': 0.1}. Best is trial 13 with value: 77587161.54951634.
[I 2025-01-08 17:34:35,257] Trial 14 finished with value: 301846758.8340262 and parameters: {'dim': 128, 'depth': 6, 'heads': 4, 'weight_decay': -3, 'learning_rate': -6, 'dropout': 0.1}. Best is trial 13 with value: 77587161.54951634.
[I 2025-01-08 18:22:00,848] Trial 15 finished with value: 75199996.09481882 and parameters: {'dim': 128, 'depth': 6, 'heads': 2, 'weight_decay': -4, 'learning_rate': -3, 'dropout': 0.1}. Best is trial 15 with value: 75199996.09481882.
[I 2025-01-08 18:33:35,887] Trial 16 finished with value: 271568447.8326907 and parameters: {'dim': 128, 'depth': 6, 'heads': 2, 'weight_decay': -4, 'learning_rate': -5, 'dropout': 0.1}. Best is trial 15 with value: 75199996.09481882.
[I 2025-01-08 18:41:33,270] Trial 17 finished with value: 271297273.6181973 and parameters: {'dim': 128, 'depth': 6, 'heads': 2, 'weight_decay': -4, 'learning_rate': -4, 'dropout': 0.1}. Best is trial 15 with value: 75199996.09481882.
[I 2025-01-08 19:20:39,527] Trial 18 finished with value: 103545979.35057594 and parameters: {'dim': 128, 'depth': 6, 'heads': 2, 'weight_decay': -6, 'learning_rate': -3, 'dropout': 0.1}. Best is trial 15 with value: 75199996.09481882.
[I 2025-01-08 19:26:40,707] Trial 19 finished with value: 271355966.8124421 and parameters: {'dim': 64, 'depth': 6, 'heads': 2, 'weight_decay': -4, 'learning_rate': -4, 'dropout': 0.3}. Best is trial 15 with value: 75199996.09481882.
[I 2025-01-08 19:52:13,663] Trial 20 finished with value: 88313665.75664255 and parameters: {'dim': 128, 'depth': 3, 'heads': 2, 'weight_decay': -2, 'learning_rate': -3, 'dropout': 0.4}. Best is trial 15 with value: 75199996.09481882.
[I 2025-01-08 20:14:17,043] Trial 21 finished with value: 246008514.20813784 and parameters: {'dim': 128, 'depth': 6, 'heads': 4, 'weight_decay': -3, 'learning_rate': -3, 'dropout': 0.5}. Best is trial 15 with value: 75199996.09481882.
[I 2025-01-08 21:00:04,650] Trial 22 finished with value: 87192551.91637196 and parameters: {'dim': 128, 'depth': 6, 'heads': 4, 'weight_decay': -3, 'learning_rate': -3, 'dropout': 0.1}. Best is trial 15 with value: 75199996.09481882.
[I 2025-01-08 21:47:50,578] Trial 23 finished with value: 77217802.0981817 and parameters: {'dim': 128, 'depth': 6, 'heads': 8, 'weight_decay': -4, 'learning_rate': -3, 'dropout': 0.1}. Best is trial 15 with value: 75199996.09481882.
[I 2025-01-08 21:55:40,412] Trial 24 finished with value: 271287447.6612578 and parameters: {'dim': 128, 'depth': 6, 'heads': 8, 'weight_decay': -4, 'learning_rate': -4, 'dropout': 0.1}. Best is trial 15 with value: 75199996.09481882.
[I 2025-01-08 22:12:43,605] Trial 25 finished with value: 67489939.3589233 and parameters: {'dim': 128, 'depth': 1, 'heads': 8, 'weight_decay': -5, 'learning_rate': -3, 'dropout': 0.1}. Best is trial 25 with value: 67489939.3589233.
[I 2025-01-08 22:15:25,710] Trial 26 finished with value: 271279491.5096675 and parameters: {'dim': 128, 'depth': 1, 'heads': 8, 'weight_decay': -5, 'learning_rate': -4, 'dropout': 0.1}. Best is trial 25 with value: 67489939.3589233.
[I 2025-01-08 22:33:59,032] Trial 27 finished with value: 137688297.65880015 and parameters: {'dim': 64, 'depth': 1, 'heads': 8, 'weight_decay': -6, 'learning_rate': -3, 'dropout': 0.1}. Best is trial 25 with value: 67489939.3589233.
[I 2025-01-08 22:37:01,158] Trial 28 finished with value: 271434026.074333 and parameters: {'dim': 256, 'depth': 1, 'heads': 8, 'weight_decay': -5, 'learning_rate': -5, 'dropout': 0.1}. Best is trial 25 with value: 67489939.3589233.
[I 2025-01-08 22:57:23,317] Trial 29 finished with value: 185928548.0384187 and parameters: {'dim': 32, 'depth': 2, 'heads': 8, 'weight_decay': -6, 'learning_rate': -3, 'dropout': 0.4}. Best is trial 25 with value: 67489939.3589233.
[I 2025-01-08 23:13:13,518] Trial 30 finished with value: 68402419.33205149 and parameters: {'dim': 128, 'depth': 1, 'heads': 8, 'weight_decay': -5, 'learning_rate': -3, 'dropout': 0.3}. Best is trial 25 with value: 67489939.3589233.
[I 2025-01-08 23:28:10,532] Trial 31 finished with value: 76675111.74868003 and parameters: {'dim': 128, 'depth': 1, 'heads': 8, 'weight_decay': -5, 'learning_rate': -3, 'dropout': 0.3}. Best is trial 25 with value: 67489939.3589233.
[I 2025-01-08 23:45:22,825] Trial 32 finished with value: 72966631.38981484 and parameters: {'dim': 128, 'depth': 1, 'heads': 8, 'weight_decay': -5, 'learning_rate': -3, 'dropout': 0.3}. Best is trial 25 with value: 67489939.3589233.
[I 2025-01-09 00:01:45,804] Trial 33 finished with value: 75449755.72767076 and parameters: {'dim': 128, 'depth': 1, 'heads': 8, 'weight_decay': -5, 'learning_rate': -3, 'dropout': 0.3}. Best is trial 25 with value: 67489939.3589233.
[I 2025-01-09 00:18:51,420] Trial 34 finished with value: 70826103.04172128 and parameters: {'dim': 128, 'depth': 1, 'heads': 8, 'weight_decay': -6, 'learning_rate': -3, 'dropout': 0.3}. Best is trial 25 with value: 67489939.3589233.
[I 2025-01-09 00:22:01,693] Trial 35 finished with value: 271559565.119635 and parameters: {'dim': 32, 'depth': 1, 'heads': 8, 'weight_decay': -6, 'learning_rate': -4, 'dropout': 0.3}. Best is trial 25 with value: 67489939.3589233.
[I 2025-01-09 00:37:40,917] Trial 36 finished with value: 72085870.02779365 and parameters: {'dim': 128, 'depth': 1, 'heads': 8, 'weight_decay': -6, 'learning_rate': -3, 'dropout': 0.3}. Best is trial 25 with value: 67489939.3589233.
[I 2025-01-09 00:46:02,071] Trial 37 finished with value: 247357447.36071056 and parameters: {'dim': 64, 'depth': 1, 'heads': 8, 'weight_decay': -6, 'learning_rate': -3, 'dropout': 0.3}. Best is trial 25 with value: 67489939.3589233.
[I 2025-01-09 01:03:41,602] Trial 38 finished with value: 67035772.10801566 and parameters: {'dim': 128, 'depth': 1, 'heads': 8, 'weight_decay': -6, 'learning_rate': -3, 'dropout': 0.3}. Best is trial 38 with value: 67035772.10801566.
[I 2025-01-09 01:05:46,501] Trial 39 finished with value: 271296894.54095167 and parameters: {'dim': 256, 'depth': 1, 'heads': 8, 'weight_decay': -6, 'learning_rate': -4, 'dropout': 0.2}. Best is trial 38 with value: 67035772.10801566.
[I 2025-01-09 01:22:27,206] Trial 40 finished with value: 126661790.88257189 and parameters: {'dim': 32, 'depth': 1, 'heads': 8, 'weight_decay': -5, 'learning_rate': -3, 'dropout': 0.3}. Best is trial 38 with value: 67035772.10801566.
[I 2025-01-09 01:38:05,631] Trial 41 finished with value: 80817307.67565188 and parameters: {'dim': 128, 'depth': 1, 'heads': 8, 'weight_decay': -6, 'learning_rate': -3, 'dropout': 0.3}. Best is trial 38 with value: 67035772.10801566.
[I 2025-01-09 01:55:24,793] Trial 42 finished with value: 67439181.07935934 and parameters: {'dim': 128, 'depth': 1, 'heads': 8, 'weight_decay': -6, 'learning_rate': -3, 'dropout': 0.3}. Best is trial 38 with value: 67035772.10801566.
[I 2025-01-09 02:09:58,110] Trial 43 finished with value: 90984747.99572167 and parameters: {'dim': 128, 'depth': 1, 'heads': 8, 'weight_decay': -6, 'learning_rate': -3, 'dropout': 0.3}. Best is trial 38 with value: 67035772.10801566.
[I 2025-01-09 02:31:11,310] Trial 44 finished with value: 69667058.89840646 and parameters: {'dim': 128, 'depth': 2, 'heads': 8, 'weight_decay': -6, 'learning_rate': -3, 'dropout': 0}. Best is trial 38 with value: 67035772.10801566.
[I 2025-01-09 02:34:40,572] Trial 45 finished with value: 271262377.74776316 and parameters: {'dim': 128, 'depth': 2, 'heads': 8, 'weight_decay': -5, 'learning_rate': -4, 'dropout': 0}. Best is trial 38 with value: 67035772.10801566.
[I 2025-01-09 02:54:10,150] Trial 46 finished with value: 58183173.340057686 and parameters: {'dim': 256, 'depth': 2, 'heads': 8, 'weight_decay': -5, 'learning_rate': -3, 'dropout': 0}. Best is trial 46 with value: 58183173.340057686.
[I 2025-01-09 04:00:52,932] Trial 47 finished with value: 86616630.83147961 and parameters: {'dim': 256, 'depth': 12, 'heads': 8, 'weight_decay': -5, 'learning_rate': -3, 'dropout': 0}. Best is trial 46 with value: 58183173.340057686.
[I 2025-01-09 04:17:25,402] Trial 48 finished with value: 76211763.03805897 and parameters: {'dim': 256, 'depth': 2, 'heads': 8, 'weight_decay': -5, 'learning_rate': -3, 'dropout': 0.2}. Best is trial 46 with value: 58183173.340057686.
[I 2025-01-09 04:20:57,433] Trial 49 finished with value: 271305471.03843933 and parameters: {'dim': 256, 'depth': 3, 'heads': 8, 'weight_decay': -5, 'learning_rate': -4, 'dropout': 0}. Best is trial 46 with value: 58183173.340057686.
[I 2025-01-09 04:28:46,592] Trial 50 finished with value: 289640527.6390231 and parameters: {'dim': 256, 'depth': 2, 'heads': 8, 'weight_decay': -5, 'learning_rate': -6, 'dropout': 0.4}. Best is trial 46 with value: 58183173.340057686.
[I 2025-01-09 04:50:02,356] Trial 51 finished with value: 64632407.43367666 and parameters: {'dim': 128, 'depth': 2, 'heads': 8, 'weight_decay': -6, 'learning_rate': -3, 'dropout': 0}. Best is trial 46 with value: 58183173.340057686.
[I 2025-01-09 05:10:50,072] Trial 52 finished with value: 67937884.20977537 and parameters: {'dim': 128, 'depth': 2, 'heads': 8, 'weight_decay': -6, 'learning_rate': -3, 'dropout': 0}. Best is trial 46 with value: 58183173.340057686.
[I 2025-01-09 05:34:29,244] Trial 53 finished with value: 95262909.56522526 and parameters: {'dim': 64, 'depth': 2, 'heads': 8, 'weight_decay': -6, 'learning_rate': -3, 'dropout': 0}. Best is trial 46 with value: 58183173.340057686.
[I 2025-01-09 05:53:25,718] Trial 54 finished with value: 57868414.10490608 and parameters: {'dim': 256, 'depth': 2, 'heads': 8, 'weight_decay': -6, 'learning_rate': -3, 'dropout': 0}. Best is trial 54 with value: 57868414.10490608.
[I 2025-01-09 06:12:03,934] Trial 55 finished with value: 57995554.458227314 and parameters: {'dim': 256, 'depth': 2, 'heads': 8, 'weight_decay': -6, 'learning_rate': -3, 'dropout': 0}. Best is trial 54 with value: 57868414.10490608.
[I 2025-01-09 06:30:34,428] Trial 56 finished with value: 60638511.893789455 and parameters: {'dim': 256, 'depth': 2, 'heads': 8, 'weight_decay': -6, 'learning_rate': -3, 'dropout': 0}. Best is trial 54 with value: 57868414.10490608.
[I 2025-01-09 06:49:32,188] Trial 57 finished with value: 57027192.32848482 and parameters: {'dim': 256, 'depth': 2, 'heads': 4, 'weight_decay': -6, 'learning_rate': -3, 'dropout': 0}. Best is trial 57 with value: 57027192.32848482.
[I 2025-01-09 06:53:15,273] Trial 58 finished with value: 271249157.014639 and parameters: {'dim': 256, 'depth': 2, 'heads': 4, 'weight_decay': -6, 'learning_rate': -4, 'dropout': 0}. Best is trial 57 with value: 57027192.32848482.
[I 2025-01-09 07:09:49,465] Trial 59 finished with value: 76303950.75288612 and parameters: {'dim': 256, 'depth': 2, 'heads': 4, 'weight_decay': -6, 'learning_rate': -3, 'dropout': 0}. Best is trial 57 with value: 57027192.32848482.
[I 2025-01-09 07:25:19,357] Trial 60 finished with value: 80933376.87609476 and parameters: {'dim': 256, 'depth': 2, 'heads': 4, 'weight_decay': -6, 'learning_rate': -3, 'dropout': 0}. Best is trial 57 with value: 57027192.32848482.
[I 2025-01-09 07:40:52,166] Trial 61 finished with value: 101945507.39918885 and parameters: {'dim': 256, 'depth': 2, 'heads': 4, 'weight_decay': -6, 'learning_rate': -3, 'dropout': 0}. Best is trial 57 with value: 57027192.32848482.
[I 2025-01-09 07:59:28,700] Trial 62 finished with value: 59470915.30118672 and parameters: {'dim': 256, 'depth': 2, 'heads': 4, 'weight_decay': -6, 'learning_rate': -3, 'dropout': 0}. Best is trial 57 with value: 57027192.32848482.
[I 2025-01-09 08:04:12,077] Trial 63 finished with value: 271381744.4769107 and parameters: {'dim': 256, 'depth': 2, 'heads': 4, 'weight_decay': -1, 'learning_rate': -5, 'dropout': 0}. Best is trial 57 with value: 57027192.32848482.
[I 2025-01-09 08:18:45,246] Trial 64 finished with value: 118880117.82170315 and parameters: {'dim': 256, 'depth': 2, 'heads': 4, 'weight_decay': -6, 'learning_rate': -3, 'dropout': 0}. Best is trial 57 with value: 57027192.32848482.
[I 2025-01-09 08:34:56,921] Trial 65 finished with value: 85455160.20248261 and parameters: {'dim': 256, 'depth': 2, 'heads': 4, 'weight_decay': -6, 'learning_rate': -3, 'dropout': 0}. Best is trial 57 with value: 57027192.32848482.
[I 2025-01-09 08:52:47,247] Trial 66 finished with value: 75087132.08549024 and parameters: {'dim': 256, 'depth': 2, 'heads': 4, 'weight_decay': -6, 'learning_rate': -3, 'dropout': 0}. Best is trial 57 with value: 57027192.32848482.
[I 2025-01-09 09:00:11,413] Trial 67 finished with value: 251428110.60591584 and parameters: {'dim': 256, 'depth': 2, 'heads': 4, 'weight_decay': -6, 'learning_rate': -3, 'dropout': 0.5}. Best is trial 57 with value: 57027192.32848482.
[I 2025-01-09 09:19:00,173] Trial 68 finished with value: 58259865.899287604 and parameters: {'dim': 256, 'depth': 2, 'heads': 2, 'weight_decay': -6, 'learning_rate': -3, 'dropout': 0}. Best is trial 57 with value: 57027192.32848482.
[I 2025-01-09 09:37:37,219] Trial 69 finished with value: 56716836.103527725 and parameters: {'dim': 256, 'depth': 2, 'heads': 2, 'weight_decay': -6, 'learning_rate': -3, 'dropout': 0}. Best is trial 69 with value: 56716836.103527725.
[I 2025-01-09 10:47:34,415] Trial 70 finished with value: 79807689.15435888 and parameters: {'dim': 256, 'depth': 12, 'heads': 2, 'weight_decay': -2, 'learning_rate': -3, 'dropout': 0}. Best is trial 69 with value: 56716836.103527725.
[I 2025-01-09 11:06:53,275] Trial 71 finished with value: 60331947.286796704 and parameters: {'dim': 256, 'depth': 2, 'heads': 2, 'weight_decay': -6, 'learning_rate': -3, 'dropout': 0}. Best is trial 69 with value: 56716836.103527725.
[I 2025-01-09 11:25:07,399] Trial 72 finished with value: 62466361.70199984 and parameters: {'dim': 256, 'depth': 2, 'heads': 2, 'weight_decay': -6, 'learning_rate': -3, 'dropout': 0}. Best is trial 69 with value: 56716836.103527725.
[I 2025-01-09 11:44:06,482] Trial 73 finished with value: 57264755.230990015 and parameters: {'dim': 256, 'depth': 2, 'heads': 2, 'weight_decay': -6, 'learning_rate': -3, 'dropout': 0}. Best is trial 69 with value: 56716836.103527725.
[I 2025-01-09 12:08:26,598] Trial 74 finished with value: 61259693.27115588 and parameters: {'dim': 256, 'depth': 3, 'heads': 2, 'weight_decay': -6, 'learning_rate': -3, 'dropout': 0}. Best is trial 69 with value: 56716836.103527725.
[I 2025-01-09 12:27:54,748] Trial 75 finished with value: 58811793.39027621 and parameters: {'dim': 256, 'depth': 2, 'heads': 2, 'weight_decay': -6, 'learning_rate': -3, 'dropout': 0}. Best is trial 69 with value: 56716836.103527725.
[I 2025-01-09 12:46:45,518] Trial 76 finished with value: 60607096.665933155 and parameters: {'dim': 256, 'depth': 2, 'heads': 2, 'weight_decay': -5, 'learning_rate': -3, 'dropout': 0}. Best is trial 69 with value: 56716836.103527725.
[I 2025-01-09 13:06:06,571] Trial 77 finished with value: 56877094.34782972 and parameters: {'dim': 256, 'depth': 2, 'heads': 2, 'weight_decay': -6, 'learning_rate': -3, 'dropout': 0}. Best is trial 69 with value: 56716836.103527725.
[I 2025-01-09 13:08:36,774] Trial 78 finished with value: 271294913.73465884 and parameters: {'dim': 256, 'depth': 2, 'heads': 2, 'weight_decay': -5, 'learning_rate': -4, 'dropout': 0.2}. Best is trial 69 with value: 56716836.103527725.
[I 2025-01-09 13:20:29,916] Trial 79 finished with value: 173572405.28500152 and parameters: {'dim': 256, 'depth': 2, 'heads': 2, 'weight_decay': -6, 'learning_rate': -3, 'dropout': 0.5}. Best is trial 69 with value: 56716836.103527725.
[I 2025-01-09 13:24:49,145] Trial 80 finished with value: 271360355.53782284 and parameters: {'dim': 256, 'depth': 2, 'heads': 2, 'weight_decay': -6, 'learning_rate': -5, 'dropout': 0}. Best is trial 69 with value: 56716836.103527725.
[I 2025-01-09 13:43:10,452] Trial 81 finished with value: 57926436.877986945 and parameters: {'dim': 256, 'depth': 2, 'heads': 2, 'weight_decay': -6, 'learning_rate': -3, 'dropout': 0}. Best is trial 69 with value: 56716836.103527725.
[I 2025-01-09 14:02:00,067] Trial 82 finished with value: 61433452.68134012 and parameters: {'dim': 256, 'depth': 2, 'heads': 2, 'weight_decay': -6, 'learning_rate': -3, 'dropout': 0}. Best is trial 69 with value: 56716836.103527725.
[I 2025-01-09 14:18:57,652] Trial 83 finished with value: 85564477.98687278 and parameters: {'dim': 256, 'depth': 2, 'heads': 2, 'weight_decay': -6, 'learning_rate': -3, 'dropout': 0.4}. Best is trial 69 with value: 56716836.103527725.
[I 2025-01-09 15:53:25,025] Trial 84 finished with value: 196368057.67707202 and parameters: {'dim': 32, 'depth': 12, 'heads': 2, 'weight_decay': -6, 'learning_rate': -3, 'dropout': 0}. Best is trial 69 with value: 56716836.103527725.
[I 2025-01-09 16:12:27,417] Trial 85 finished with value: 55565552.52457024 and parameters: {'dim': 256, 'depth': 2, 'heads': 2, 'weight_decay': -6, 'learning_rate': -3, 'dropout': 0}. Best is trial 85 with value: 55565552.52457024.
[I 2025-01-09 16:31:13,210] Trial 86 finished with value: 58944159.50214648 and parameters: {'dim': 256, 'depth': 2, 'heads': 2, 'weight_decay': -5, 'learning_rate': -3, 'dropout': 0}. Best is trial 85 with value: 55565552.52457024.
[I 2025-01-09 16:49:05,083] Trial 87 finished with value: 157892177.30674306 and parameters: {'dim': 256, 'depth': 3, 'heads': 2, 'weight_decay': -6, 'learning_rate': -3, 'dropout': 0}. Best is trial 85 with value: 55565552.52457024.
[I 2025-01-09 17:14:38,511] Trial 88 finished with value: 90603702.10335915 and parameters: {'dim': 64, 'depth': 2, 'heads': 2, 'weight_decay': -6, 'learning_rate': -3, 'dropout': 0}. Best is trial 85 with value: 55565552.52457024.
[I 2025-01-09 17:34:05,169] Trial 89 finished with value: 59431657.70501689 and parameters: {'dim': 256, 'depth': 2, 'heads': 2, 'weight_decay': -3, 'learning_rate': -3, 'dropout': 0}. Best is trial 85 with value: 55565552.52457024.
[I 2025-01-09 17:51:49,082] Trial 90 finished with value: 68481851.95538887 and parameters: {'dim': 256, 'depth': 2, 'heads': 2, 'weight_decay': -5, 'learning_rate': -3, 'dropout': 0}. Best is trial 85 with value: 55565552.52457024.
[I 2025-01-09 18:10:58,182] Trial 91 finished with value: 59032783.930610016 and parameters: {'dim': 256, 'depth': 2, 'heads': 2, 'weight_decay': -6, 'learning_rate': -3, 'dropout': 0}. Best is trial 85 with value: 55565552.52457024.
[I 2025-01-09 18:30:25,837] Trial 92 finished with value: 57402090.21508998 and parameters: {'dim': 256, 'depth': 2, 'heads': 2, 'weight_decay': -6, 'learning_rate': -3, 'dropout': 0}. Best is trial 85 with value: 55565552.52457024.
