[I 2025-01-08 11:28:16,309] A new study created in RDB with name: TabTransformer_SAT11
[I 2025-01-08 11:39:01,807] Trial 0 finished with value: 1634373.3126953784 and parameters: {'dim': 32, 'depth': 3, 'heads': 8, 'weight_decay': -5, 'learning_rate': -3, 'dropout': 0.2}. Best is trial 0 with value: 1634373.3126953784.
[I 2025-01-08 11:41:04,001] Trial 1 finished with value: 16221998.597864956 and parameters: {'dim': 64, 'depth': 1, 'heads': 2, 'weight_decay': -5, 'learning_rate': -5, 'dropout': 0.3}. Best is trial 0 with value: 1634373.3126953784.
[I 2025-01-08 11:42:37,327] Trial 2 finished with value: 16230587.175516631 and parameters: {'dim': 256, 'depth': 12, 'heads': 2, 'weight_decay': -4, 'learning_rate': -5, 'dropout': 0.1}. Best is trial 0 with value: 1634373.3126953784.
[I 2025-01-08 11:53:35,252] Trial 3 finished with value: 2830070.7008047258 and parameters: {'dim': 256, 'depth': 2, 'heads': 2, 'weight_decay': -2, 'learning_rate': -4, 'dropout': 0.1}. Best is trial 0 with value: 1634373.3126953784.
[I 2025-01-08 11:54:43,043] Trial 4 finished with value: 16234480.307346905 and parameters: {'dim': 256, 'depth': 2, 'heads': 2, 'weight_decay': -6, 'learning_rate': -6, 'dropout': 0.3}. Best is trial 0 with value: 1634373.3126953784.
[I 2025-01-08 11:55:59,667] Trial 5 finished with value: 16234710.49268579 and parameters: {'dim': 32, 'depth': 1, 'heads': 4, 'weight_decay': -4, 'learning_rate': -6, 'dropout': 0.1}. Best is trial 0 with value: 1634373.3126953784.
[I 2025-01-08 12:06:24,492] Trial 6 finished with value: 1588565.9500220935 and parameters: {'dim': 64, 'depth': 2, 'heads': 2, 'weight_decay': -2, 'learning_rate': -3, 'dropout': 0.4}. Best is trial 6 with value: 1588565.9500220935.
[I 2025-01-08 12:14:46,341] Trial 7 finished with value: 2936128.303159903 and parameters: {'dim': 128, 'depth': 3, 'heads': 2, 'weight_decay': -3, 'learning_rate': -4, 'dropout': 0.3}. Best is trial 6 with value: 1588565.9500220935.
[I 2025-01-08 12:23:31,796] Trial 8 finished with value: 2857396.4174490473 and parameters: {'dim': 256, 'depth': 6, 'heads': 2, 'weight_decay': -4, 'learning_rate': -4, 'dropout': 0}. Best is trial 6 with value: 1588565.9500220935.
[I 2025-01-08 12:25:26,236] Trial 9 finished with value: 16234627.338736951 and parameters: {'dim': 64, 'depth': 6, 'heads': 8, 'weight_decay': -6, 'learning_rate': -6, 'dropout': 0.4}. Best is trial 6 with value: 1588565.9500220935.
[I 2025-01-08 12:33:00,050] Trial 10 finished with value: 1938246.8647749785 and parameters: {'dim': 64, 'depth': 2, 'heads': 4, 'weight_decay': -1, 'learning_rate': -3, 'dropout': 0.5}. Best is trial 6 with value: 1588565.9500220935.
[I 2025-01-08 12:41:59,489] Trial 11 finished with value: 1691564.683053799 and parameters: {'dim': 32, 'depth': 3, 'heads': 8, 'weight_decay': -2, 'learning_rate': -3, 'dropout': 0.2}. Best is trial 6 with value: 1588565.9500220935.
[I 2025-01-08 12:50:03,310] Trial 12 finished with value: 1889981.3994362908 and parameters: {'dim': 32, 'depth': 3, 'heads': 8, 'weight_decay': -1, 'learning_rate': -3, 'dropout': 0.2}. Best is trial 6 with value: 1588565.9500220935.
[I 2025-01-08 12:58:16,347] Trial 13 finished with value: 1699761.7582682022 and parameters: {'dim': 128, 'depth': 12, 'heads': 8, 'weight_decay': -3, 'learning_rate': -3, 'dropout': 0.4}. Best is trial 6 with value: 1588565.9500220935.
[I 2025-01-08 13:05:55,935] Trial 14 finished with value: 2966363.2995599224 and parameters: {'dim': 32, 'depth': 3, 'heads': 8, 'weight_decay': -5, 'learning_rate': -4, 'dropout': 0.4}. Best is trial 6 with value: 1588565.9500220935.
[I 2025-01-08 13:15:24,319] Trial 15 finished with value: 1588026.142384549 and parameters: {'dim': 64, 'depth': 2, 'heads': 4, 'weight_decay': -2, 'learning_rate': -3, 'dropout': 0.2}. Best is trial 15 with value: 1588026.142384549.
[I 2025-01-08 13:24:10,729] Trial 16 finished with value: 1645521.821424855 and parameters: {'dim': 64, 'depth': 2, 'heads': 4, 'weight_decay': -2, 'learning_rate': -3, 'dropout': 0.5}. Best is trial 15 with value: 1588026.142384549.
[I 2025-01-08 13:25:40,949] Trial 17 finished with value: 16225879.019693667 and parameters: {'dim': 64, 'depth': 2, 'heads': 4, 'weight_decay': -1, 'learning_rate': -5, 'dropout': 0}. Best is trial 15 with value: 1588026.142384549.
[I 2025-01-08 13:34:24,007] Trial 18 finished with value: 2871245.6292049573 and parameters: {'dim': 64, 'depth': 2, 'heads': 4, 'weight_decay': -2, 'learning_rate': -4, 'dropout': 0.4}. Best is trial 15 with value: 1588026.142384549.
[I 2025-01-08 13:46:00,978] Trial 19 finished with value: 1496670.8778827009 and parameters: {'dim': 64, 'depth': 2, 'heads': 4, 'weight_decay': -3, 'learning_rate': -3, 'dropout': 0.2}. Best is trial 19 with value: 1496670.8778827009.
[I 2025-01-08 13:56:04,237] Trial 20 finished with value: 2833410.290026751 and parameters: {'dim': 64, 'depth': 2, 'heads': 4, 'weight_decay': -3, 'learning_rate': -4, 'dropout': 0.2}. Best is trial 19 with value: 1496670.8778827009.
[I 2025-01-08 14:04:31,820] Trial 21 finished with value: 1755669.366861031 and parameters: {'dim': 64, 'depth': 2, 'heads': 4, 'weight_decay': -2, 'learning_rate': -3, 'dropout': 0.2}. Best is trial 19 with value: 1496670.8778827009.
[I 2025-01-08 14:15:08,722] Trial 22 finished with value: 1585696.7207938093 and parameters: {'dim': 64, 'depth': 2, 'heads': 4, 'weight_decay': -3, 'learning_rate': -3, 'dropout': 0.2}. Best is trial 19 with value: 1496670.8778827009.
[I 2025-01-08 14:27:22,487] Trial 23 finished with value: 1526990.673384064 and parameters: {'dim': 64, 'depth': 2, 'heads': 4, 'weight_decay': -3, 'learning_rate': -3, 'dropout': 0.2}. Best is trial 19 with value: 1496670.8778827009.
[I 2025-01-08 14:37:05,863] Trial 24 finished with value: 1580869.5102781917 and parameters: {'dim': 128, 'depth': 2, 'heads': 4, 'weight_decay': -3, 'learning_rate': -3, 'dropout': 0.2}. Best is trial 19 with value: 1496670.8778827009.
[I 2025-01-08 14:48:10,888] Trial 25 finished with value: 2696575.399906795 and parameters: {'dim': 128, 'depth': 12, 'heads': 4, 'weight_decay': -3, 'learning_rate': -4, 'dropout': 0.2}. Best is trial 19 with value: 1496670.8778827009.
[I 2025-01-08 14:58:57,324] Trial 26 finished with value: 1541740.8568506117 and parameters: {'dim': 128, 'depth': 1, 'heads': 4, 'weight_decay': -4, 'learning_rate': -3, 'dropout': 0.2}. Best is trial 19 with value: 1496670.8778827009.
[I 2025-01-08 15:08:16,870] Trial 27 finished with value: 2807487.29213282 and parameters: {'dim': 128, 'depth': 1, 'heads': 4, 'weight_decay': -4, 'learning_rate': -4, 'dropout': 0.2}. Best is trial 19 with value: 1496670.8778827009.
[I 2025-01-08 15:17:35,035] Trial 28 finished with value: 1594869.8937289766 and parameters: {'dim': 128, 'depth': 1, 'heads': 4, 'weight_decay': -4, 'learning_rate': -3, 'dropout': 0.2}. Best is trial 19 with value: 1496670.8778827009.
[I 2025-01-08 15:27:27,963] Trial 29 finished with value: 1538184.5546686451 and parameters: {'dim': 128, 'depth': 1, 'heads': 4, 'weight_decay': -5, 'learning_rate': -3, 'dropout': 0.2}. Best is trial 19 with value: 1496670.8778827009.
[I 2025-01-08 15:28:45,486] Trial 30 finished with value: 16229862.635148764 and parameters: {'dim': 128, 'depth': 6, 'heads': 4, 'weight_decay': -5, 'learning_rate': -5, 'dropout': 0}. Best is trial 19 with value: 1496670.8778827009.
[I 2025-01-08 15:39:17,244] Trial 31 finished with value: 1512091.9151397138 and parameters: {'dim': 128, 'depth': 1, 'heads': 4, 'weight_decay': -5, 'learning_rate': -3, 'dropout': 0.2}. Best is trial 19 with value: 1496670.8778827009.
[I 2025-01-08 15:48:47,232] Trial 32 finished with value: 1625927.935787486 and parameters: {'dim': 128, 'depth': 1, 'heads': 4, 'weight_decay': -6, 'learning_rate': -3, 'dropout': 0.2}. Best is trial 19 with value: 1496670.8778827009.
[I 2025-01-08 15:59:01,617] Trial 33 finished with value: 1535051.2460755473 and parameters: {'dim': 128, 'depth': 1, 'heads': 4, 'weight_decay': -5, 'learning_rate': -3, 'dropout': 0.2}. Best is trial 19 with value: 1496670.8778827009.
[I 2025-01-08 16:09:14,908] Trial 34 finished with value: 1507475.6639414835 and parameters: {'dim': 128, 'depth': 1, 'heads': 4, 'weight_decay': -5, 'learning_rate': -3, 'dropout': 0.5}. Best is trial 19 with value: 1496670.8778827009.
[I 2025-01-08 16:19:34,619] Trial 35 finished with value: 2757209.499391311 and parameters: {'dim': 256, 'depth': 1, 'heads': 4, 'weight_decay': -6, 'learning_rate': -4, 'dropout': 0.5}. Best is trial 19 with value: 1496670.8778827009.
[I 2025-01-08 16:29:45,192] Trial 36 finished with value: 1551754.2561923263 and parameters: {'dim': 64, 'depth': 1, 'heads': 4, 'weight_decay': -5, 'learning_rate': -3, 'dropout': 0.5}. Best is trial 19 with value: 1496670.8778827009.
[I 2025-01-08 16:39:50,397] Trial 37 finished with value: 1524563.6696621608 and parameters: {'dim': 128, 'depth': 12, 'heads': 4, 'weight_decay': -4, 'learning_rate': -3, 'dropout': 0.1}. Best is trial 19 with value: 1496670.8778827009.
[I 2025-01-08 16:41:17,639] Trial 38 finished with value: 16228114.002921984 and parameters: {'dim': 128, 'depth': 12, 'heads': 2, 'weight_decay': -4, 'learning_rate': -5, 'dropout': 0.1}. Best is trial 19 with value: 1496670.8778827009.
[I 2025-01-08 16:48:18,845] Trial 39 finished with value: 3049355.475053558 and parameters: {'dim': 128, 'depth': 12, 'heads': 4, 'weight_decay': -5, 'learning_rate': -4, 'dropout': 0.1}. Best is trial 19 with value: 1496670.8778827009.
[I 2025-01-08 16:58:41,566] Trial 40 finished with value: 1558159.8227223635 and parameters: {'dim': 256, 'depth': 12, 'heads': 2, 'weight_decay': -4, 'learning_rate': -3, 'dropout': 0.1}. Best is trial 19 with value: 1496670.8778827009.
[I 2025-01-08 17:07:53,449] Trial 41 finished with value: 1594826.0478351554 and parameters: {'dim': 128, 'depth': 12, 'heads': 4, 'weight_decay': -4, 'learning_rate': -3, 'dropout': 0.3}. Best is trial 19 with value: 1496670.8778827009.
[I 2025-01-08 17:18:14,731] Trial 42 finished with value: 1562274.8196390101 and parameters: {'dim': 128, 'depth': 6, 'heads': 4, 'weight_decay': -3, 'learning_rate': -3, 'dropout': 0.5}. Best is trial 19 with value: 1496670.8778827009.
[I 2025-01-08 17:26:47,173] Trial 43 finished with value: 1657895.5248266966 and parameters: {'dim': 64, 'depth': 1, 'heads': 4, 'weight_decay': -6, 'learning_rate': -3, 'dropout': 0.1}. Best is trial 19 with value: 1496670.8778827009.
[I 2025-01-08 17:35:13,480] Trial 44 finished with value: 1645564.9648493961 and parameters: {'dim': 32, 'depth': 12, 'heads': 4, 'weight_decay': -4, 'learning_rate': -3, 'dropout': 0.3}. Best is trial 19 with value: 1496670.8778827009.
[I 2025-01-08 17:44:27,396] Trial 45 finished with value: 1620026.2151795211 and parameters: {'dim': 256, 'depth': 1, 'heads': 4, 'weight_decay': -3, 'learning_rate': -3, 'dropout': 0.5}. Best is trial 19 with value: 1496670.8778827009.
[I 2025-01-08 17:56:53,108] Trial 46 finished with value: 1451015.8323068037 and parameters: {'dim': 128, 'depth': 2, 'heads': 8, 'weight_decay': -5, 'learning_rate': -3, 'dropout': 0.1}. Best is trial 46 with value: 1451015.8323068037.
[I 2025-01-08 17:58:09,472] Trial 47 finished with value: 16234832.290596869 and parameters: {'dim': 128, 'depth': 3, 'heads': 8, 'weight_decay': -5, 'learning_rate': -6, 'dropout': 0.1}. Best is trial 46 with value: 1451015.8323068037.
[I 2025-01-08 18:07:14,043] Trial 48 finished with value: 2961552.3147518607 and parameters: {'dim': 128, 'depth': 6, 'heads': 8, 'weight_decay': -6, 'learning_rate': -4, 'dropout': 0.1}. Best is trial 46 with value: 1451015.8323068037.
[I 2025-01-08 18:17:40,935] Trial 49 finished with value: 1595009.624250894 and parameters: {'dim': 128, 'depth': 2, 'heads': 8, 'weight_decay': -5, 'learning_rate': -3, 'dropout': 0.1}. Best is trial 46 with value: 1451015.8323068037.
[I 2025-01-08 18:26:56,486] Trial 50 finished with value: 1737858.8096668902 and parameters: {'dim': 32, 'depth': 1, 'heads': 8, 'weight_decay': -5, 'learning_rate': -3, 'dropout': 0.1}. Best is trial 46 with value: 1451015.8323068037.
[I 2025-01-08 18:37:01,176] Trial 51 finished with value: 1569582.927956252 and parameters: {'dim': 64, 'depth': 2, 'heads': 8, 'weight_decay': -4, 'learning_rate': -3, 'dropout': 0}. Best is trial 46 with value: 1451015.8323068037.
[I 2025-01-08 18:44:30,745] Trial 52 finished with value: 1747250.299643642 and parameters: {'dim': 128, 'depth': 2, 'heads': 2, 'weight_decay': -3, 'learning_rate': -3, 'dropout': 0.5}. Best is trial 46 with value: 1451015.8323068037.
[I 2025-01-08 18:53:38,804] Trial 53 finished with value: 1630694.7792436772 and parameters: {'dim': 64, 'depth': 2, 'heads': 8, 'weight_decay': -5, 'learning_rate': -3, 'dropout': 0.1}. Best is trial 46 with value: 1451015.8323068037.
[I 2025-01-08 19:02:28,709] Trial 54 finished with value: 1618716.603893342 and parameters: {'dim': 128, 'depth': 2, 'heads': 4, 'weight_decay': -6, 'learning_rate': -3, 'dropout': 0.3}. Best is trial 46 with value: 1451015.8323068037.
[I 2025-01-08 19:09:46,323] Trial 55 finished with value: 1769872.7317590888 and parameters: {'dim': 64, 'depth': 2, 'heads': 4, 'weight_decay': -4, 'learning_rate': -3, 'dropout': 0.2}. Best is trial 46 with value: 1451015.8323068037.
[I 2025-01-08 19:19:37,944] Trial 56 finished with value: 2798314.9483248005 and parameters: {'dim': 128, 'depth': 3, 'heads': 4, 'weight_decay': -3, 'learning_rate': -4, 'dropout': 0.4}. Best is trial 46 with value: 1451015.8323068037.
[I 2025-01-08 19:29:58,510] Trial 57 finished with value: 1498462.395475209 and parameters: {'dim': 64, 'depth': 2, 'heads': 8, 'weight_decay': -5, 'learning_rate': -3, 'dropout': 0.5}. Best is trial 46 with value: 1451015.8323068037.
[I 2025-01-08 19:37:31,195] Trial 58 finished with value: 1734884.1879933476 and parameters: {'dim': 32, 'depth': 12, 'heads': 8, 'weight_decay': -5, 'learning_rate': -3, 'dropout': 0.5}. Best is trial 46 with value: 1451015.8323068037.
[I 2025-01-08 19:47:10,555] Trial 59 finished with value: 1529762.984802362 and parameters: {'dim': 64, 'depth': 2, 'heads': 8, 'weight_decay': -5, 'learning_rate': -3, 'dropout': 0.5}. Best is trial 46 with value: 1451015.8323068037.
[I 2025-01-08 19:56:52,074] Trial 60 finished with value: 1561765.809501009 and parameters: {'dim': 256, 'depth': 2, 'heads': 8, 'weight_decay': -6, 'learning_rate': -3, 'dropout': 0.5}. Best is trial 46 with value: 1451015.8323068037.
[I 2025-01-08 20:04:31,381] Trial 61 finished with value: 1776944.1997170008 and parameters: {'dim': 64, 'depth': 2, 'heads': 8, 'weight_decay': -5, 'learning_rate': -3, 'dropout': 0.2}. Best is trial 46 with value: 1451015.8323068037.
[I 2025-01-08 20:13:07,204] Trial 62 finished with value: 1683670.6613703792 and parameters: {'dim': 64, 'depth': 2, 'heads': 2, 'weight_decay': -2, 'learning_rate': -3, 'dropout': 0.5}. Best is trial 46 with value: 1451015.8323068037.
[I 2025-01-08 20:21:53,207] Trial 63 finished with value: 1647414.800134717 and parameters: {'dim': 64, 'depth': 2, 'heads': 4, 'weight_decay': -4, 'learning_rate': -3, 'dropout': 0.2}. Best is trial 46 with value: 1451015.8323068037.
[I 2025-01-08 20:28:22,073] Trial 64 finished with value: 1791425.1696901661 and parameters: {'dim': 64, 'depth': 2, 'heads': 8, 'weight_decay': -3, 'learning_rate': -3, 'dropout': 0}. Best is trial 46 with value: 1451015.8323068037.
[I 2025-01-08 20:35:52,005] Trial 65 finished with value: 2939996.3334765034 and parameters: {'dim': 128, 'depth': 1, 'heads': 4, 'weight_decay': -5, 'learning_rate': -4, 'dropout': 0.2}. Best is trial 46 with value: 1451015.8323068037.
[I 2025-01-08 20:45:37,612] Trial 66 finished with value: 1599793.3539738688 and parameters: {'dim': 64, 'depth': 2, 'heads': 4, 'weight_decay': -3, 'learning_rate': -3, 'dropout': 0.4}. Best is trial 46 with value: 1451015.8323068037.
[I 2025-01-08 20:55:52,740] Trial 67 finished with value: 1543533.1595912105 and parameters: {'dim': 128, 'depth': 6, 'heads': 4, 'weight_decay': -4, 'learning_rate': -3, 'dropout': 0.1}. Best is trial 46 with value: 1451015.8323068037.
[I 2025-01-08 21:05:18,272] Trial 68 finished with value: 1584723.914835582 and parameters: {'dim': 64, 'depth': 3, 'heads': 8, 'weight_decay': -6, 'learning_rate': -3, 'dropout': 0.2}. Best is trial 46 with value: 1451015.8323068037.
[I 2025-01-08 21:14:24,706] Trial 69 finished with value: 1595271.5990139372 and parameters: {'dim': 128, 'depth': 1, 'heads': 4, 'weight_decay': -5, 'learning_rate': -3, 'dropout': 0.5}. Best is trial 46 with value: 1451015.8323068037.
[I 2025-01-08 21:16:21,753] Trial 70 finished with value: 16205216.2544218 and parameters: {'dim': 128, 'depth': 12, 'heads': 4, 'weight_decay': -2, 'learning_rate': -5, 'dropout': 0.2}. Best is trial 46 with value: 1451015.8323068037.
[I 2025-01-08 21:25:33,842] Trial 71 finished with value: 1668458.1449365946 and parameters: {'dim': 64, 'depth': 2, 'heads': 8, 'weight_decay': -5, 'learning_rate': -3, 'dropout': 0.5}. Best is trial 46 with value: 1451015.8323068037.
[I 2025-01-08 21:35:35,746] Trial 72 finished with value: 1533150.0582345596 and parameters: {'dim': 64, 'depth': 2, 'heads': 8, 'weight_decay': -5, 'learning_rate': -3, 'dropout': 0.5}. Best is trial 46 with value: 1451015.8323068037.
[I 2025-01-08 21:43:20,109] Trial 73 finished with value: 1713096.6482898958 and parameters: {'dim': 64, 'depth': 2, 'heads': 8, 'weight_decay': -5, 'learning_rate': -3, 'dropout': 0.5}. Best is trial 46 with value: 1451015.8323068037.
[I 2025-01-08 21:55:08,695] Trial 74 finished with value: 1493262.7979845565 and parameters: {'dim': 64, 'depth': 2, 'heads': 8, 'weight_decay': -5, 'learning_rate': -3, 'dropout': 0.5}. Best is trial 46 with value: 1451015.8323068037.
[I 2025-01-08 22:04:14,588] Trial 75 finished with value: 1597949.8729198712 and parameters: {'dim': 64, 'depth': 2, 'heads': 8, 'weight_decay': -5, 'learning_rate': -3, 'dropout': 0.1}. Best is trial 46 with value: 1451015.8323068037.
[I 2025-01-08 22:12:45,608] Trial 76 finished with value: 1659588.5546511037 and parameters: {'dim': 64, 'depth': 1, 'heads': 4, 'weight_decay': -3, 'learning_rate': -3, 'dropout': 0.5}. Best is trial 46 with value: 1451015.8323068037.
[I 2025-01-08 22:21:05,538] Trial 77 finished with value: 1657365.2726880373 and parameters: {'dim': 128, 'depth': 2, 'heads': 2, 'weight_decay': -4, 'learning_rate': -3, 'dropout': 0.3}. Best is trial 46 with value: 1451015.8323068037.
[I 2025-01-08 22:30:19,697] Trial 78 finished with value: 2837004.3449463034 and parameters: {'dim': 256, 'depth': 12, 'heads': 4, 'weight_decay': -5, 'learning_rate': -4, 'dropout': 0.2}. Best is trial 46 with value: 1451015.8323068037.
[I 2025-01-08 22:40:57,295] Trial 79 finished with value: 1482118.9837142935 and parameters: {'dim': 32, 'depth': 2, 'heads': 8, 'weight_decay': -4, 'learning_rate': -3, 'dropout': 0}. Best is trial 46 with value: 1451015.8323068037.
[I 2025-01-08 22:42:17,727] Trial 80 finished with value: 16235222.669072086 and parameters: {'dim': 32, 'depth': 1, 'heads': 8, 'weight_decay': -4, 'learning_rate': -6, 'dropout': 0}. Best is trial 46 with value: 1451015.8323068037.
[I 2025-01-08 22:50:36,691] Trial 81 finished with value: 1683791.3604058386 and parameters: {'dim': 32, 'depth': 2, 'heads': 8, 'weight_decay': -4, 'learning_rate': -3, 'dropout': 0}. Best is trial 46 with value: 1451015.8323068037.
[I 2025-01-08 22:59:15,985] Trial 82 finished with value: 1639286.6864804772 and parameters: {'dim': 32, 'depth': 2, 'heads': 8, 'weight_decay': -3, 'learning_rate': -3, 'dropout': 0}. Best is trial 46 with value: 1451015.8323068037.
[I 2025-01-08 23:10:14,523] Trial 83 finished with value: 1530939.1941172297 and parameters: {'dim': 32, 'depth': 2, 'heads': 8, 'weight_decay': -5, 'learning_rate': -3, 'dropout': 0}. Best is trial 46 with value: 1451015.8323068037.
[I 2025-01-08 23:17:50,591] Trial 84 finished with value: 1755729.7245220628 and parameters: {'dim': 128, 'depth': 2, 'heads': 4, 'weight_decay': -4, 'learning_rate': -3, 'dropout': 0.1}. Best is trial 46 with value: 1451015.8323068037.
[I 2025-01-08 23:27:21,214] Trial 85 finished with value: 1570168.4207473237 and parameters: {'dim': 32, 'depth': 2, 'heads': 8, 'weight_decay': -3, 'learning_rate': -3, 'dropout': 0.2}. Best is trial 46 with value: 1451015.8323068037.
[I 2025-01-08 23:34:39,688] Trial 86 finished with value: 1733834.4708939455 and parameters: {'dim': 128, 'depth': 6, 'heads': 4, 'weight_decay': -5, 'learning_rate': -3, 'dropout': 0.5}. Best is trial 46 with value: 1451015.8323068037.
[I 2025-01-08 23:43:57,844] Trial 87 finished with value: 1606869.0865444252 and parameters: {'dim': 64, 'depth': 12, 'heads': 8, 'weight_decay': -4, 'learning_rate': -3, 'dropout': 0.4}. Best is trial 46 with value: 1451015.8323068037.
[I 2025-01-08 23:56:07,447] Trial 88 finished with value: 1442465.274244375 and parameters: {'dim': 128, 'depth': 1, 'heads': 4, 'weight_decay': -5, 'learning_rate': -3, 'dropout': 0.1}. Best is trial 88 with value: 1442465.274244375.
[I 2025-01-09 00:04:15,146] Trial 89 finished with value: 1665493.9679983545 and parameters: {'dim': 128, 'depth': 1, 'heads': 4, 'weight_decay': -5, 'learning_rate': -3, 'dropout': 0.1}. Best is trial 88 with value: 1442465.274244375.
[I 2025-01-09 00:13:27,769] Trial 90 finished with value: 1606029.8615973906 and parameters: {'dim': 128, 'depth': 1, 'heads': 8, 'weight_decay': -5, 'learning_rate': -3, 'dropout': 0.1}. Best is trial 88 with value: 1442465.274244375.
[I 2025-01-09 00:22:43,736] Trial 91 finished with value: 1580834.6701319646 and parameters: {'dim': 128, 'depth': 1, 'heads': 4, 'weight_decay': -5, 'learning_rate': -3, 'dropout': 0.1}. Best is trial 88 with value: 1442465.274244375.
