[I 2025-01-09 20:10:01,858] Trial 29 finished with value: 123.32091352448765 and parameters: {'dim': 256, 'depth': 3, 'heads': 8, 'weight_decay': -1, 'learning_rate': -3, 'dropout': 0.3}. Best is trial 5 with value: 121.78796224833143.
[I 2025-01-09 20:21:49,090] Trial 30 finished with value: 136.73354855405734 and parameters: {'dim': 128, 'depth': 3, 'heads': 8, 'weight_decay': -3, 'learning_rate': -5, 'dropout': 0.1}. Best is trial 5 with value: 121.78796224833143.
[I 2025-01-09 20:23:20,892] Trial 31 finished with value: 124.56680185639414 and parameters: {'dim': 32, 'depth': 3, 'heads': 2, 'weight_decay': -1, 'learning_rate': -3, 'dropout': 0.1}. Best is trial 5 with value: 121.78796224833143.
[I 2025-01-09 20:24:43,571] Trial 32 finished with value: 122.208286177122 and parameters: {'dim': 32, 'depth': 3, 'heads': 2, 'weight_decay': -1, 'learning_rate': -3, 'dropout': 0.1}. Best is trial 5 with value: 121.78796224833143.
[I 2025-01-09 20:26:13,224] Trial 33 finished with value: 120.22263741192339 and parameters: {'dim': 32, 'depth': 3, 'heads': 2, 'weight_decay': -1, 'learning_rate': -3, 'dropout': 0.1}. Best is trial 33 with value: 120.22263741192339.
[I 2025-01-09 20:30:12,291] Trial 34 finished with value: 123.608262877751 and parameters: {'dim': 32, 'depth': 12, 'heads': 2, 'weight_decay': -2, 'learning_rate': -4, 'dropout': 0.1}. Best is trial 33 with value: 120.22263741192339.
[I 2025-01-09 20:31:58,530] Trial 35 finished with value: 122.1742305124566 and parameters: {'dim': 32, 'depth': 3, 'heads': 4, 'weight_decay': -1, 'learning_rate': -3, 'dropout': 0.3}. Best is trial 33 with value: 120.22263741192339.
[I 2025-01-09 20:35:07,643] Trial 36 finished with value: 126.57179390563962 and parameters: {'dim': 128, 'depth': 2, 'heads': 2, 'weight_decay': -1, 'learning_rate': -4, 'dropout': 0.1}. Best is trial 33 with value: 120.22263741192339.
[I 2025-01-09 20:36:44,699] Trial 37 finished with value: 124.36240283633924 and parameters: {'dim': 256, 'depth': 3, 'heads': 8, 'weight_decay': -2, 'learning_rate': -3, 'dropout': 0.2}. Best is trial 33 with value: 120.22263741192339.
[I 2025-01-09 20:38:13,620] Trial 38 finished with value: 124.05642136189695 and parameters: {'dim': 32, 'depth': 12, 'heads': 2, 'weight_decay': -6, 'learning_rate': -3, 'dropout': 0}. Best is trial 33 with value: 120.22263741192339.
[I 2025-01-09 20:39:48,472] Trial 39 finished with value: 124.09569036453236 and parameters: {'dim': 64, 'depth': 1, 'heads': 4, 'weight_decay': -1, 'learning_rate': -3, 'dropout': 0.1}. Best is trial 33 with value: 120.22263741192339.
[I 2025-01-09 20:43:43,928] Trial 40 finished with value: 122.8578827851517 and parameters: {'dim': 32, 'depth': 2, 'heads': 2, 'weight_decay': -3, 'learning_rate': -4, 'dropout': 0.3}. Best is trial 33 with value: 120.22263741192339.
[I 2025-01-09 20:45:17,098] Trial 41 finished with value: 121.47957491877091 and parameters: {'dim': 32, 'depth': 3, 'heads': 2, 'weight_decay': -1, 'learning_rate': -3, 'dropout': 0.1}. Best is trial 33 with value: 120.22263741192339.
[I 2025-01-09 20:46:50,029] Trial 42 finished with value: 122.18448678442284 and parameters: {'dim': 32, 'depth': 3, 'heads': 2, 'weight_decay': -1, 'learning_rate': -3, 'dropout': 0.1}. Best is trial 33 with value: 120.22263741192339.
[I 2025-01-09 20:48:20,975] Trial 43 finished with value: 125.83812413620794 and parameters: {'dim': 32, 'depth': 3, 'heads': 2, 'weight_decay': -1, 'learning_rate': -3, 'dropout': 0.1}. Best is trial 33 with value: 120.22263741192339.
[I 2025-01-09 20:49:44,426] Trial 44 finished with value: 124.87046374828633 and parameters: {'dim': 32, 'depth': 3, 'heads': 2, 'weight_decay': -2, 'learning_rate': -3, 'dropout': 0.2}. Best is trial 33 with value: 120.22263741192339.
[I 2025-01-09 20:51:04,911] Trial 45 finished with value: 124.4044144907995 and parameters: {'dim': 256, 'depth': 3, 'heads': 8, 'weight_decay': -1, 'learning_rate': -3, 'dropout': 0}. Best is trial 33 with value: 120.22263741192339.
[I 2025-01-09 20:52:32,695] Trial 46 finished with value: 124.18987093795181 and parameters: {'dim': 32, 'depth': 6, 'heads': 2, 'weight_decay': -2, 'learning_rate': -3, 'dropout': 0.4}. Best is trial 33 with value: 120.22263741192339.
[I 2025-01-09 20:56:21,872] Trial 47 finished with value: 122.42677061554616 and parameters: {'dim': 64, 'depth': 2, 'heads': 4, 'weight_decay': -1, 'learning_rate': -4, 'dropout': 0.2}. Best is trial 33 with value: 120.22263741192339.
[I 2025-01-09 20:57:58,187] Trial 48 finished with value: 124.12489569290419 and parameters: {'dim': 32, 'depth': 1, 'heads': 2, 'weight_decay': -1, 'learning_rate': -3, 'dropout': 0.5}. Best is trial 33 with value: 120.22263741192339.
[I 2025-01-09 21:09:29,248] Trial 49 finished with value: 5878.237942200869 and parameters: {'dim': 128, 'depth': 3, 'heads': 4, 'weight_decay': -2, 'learning_rate': -6, 'dropout': 0.1}. Best is trial 33 with value: 120.22263741192339.
[I 2025-01-09 21:12:36,773] Trial 50 finished with value: 127.23978008923409 and parameters: {'dim': 32, 'depth': 2, 'heads': 2, 'weight_decay': -1, 'learning_rate': -4, 'dropout': 0.2}. Best is trial 33 with value: 120.22263741192339.
[I 2025-01-09 21:14:17,153] Trial 51 finished with value: 122.50029310835983 and parameters: {'dim': 32, 'depth': 3, 'heads': 2, 'weight_decay': -1, 'learning_rate': -3, 'dropout': 0.1}. Best is trial 33 with value: 120.22263741192339.
[I 2025-01-09 21:15:53,859] Trial 52 finished with value: 124.24693804165156 and parameters: {'dim': 32, 'depth': 3, 'heads': 2, 'weight_decay': -1, 'learning_rate': -3, 'dropout': 0.1}. Best is trial 33 with value: 120.22263741192339.
[I 2025-01-09 21:17:32,898] Trial 53 finished with value: 124.02384086866854 and parameters: {'dim': 32, 'depth': 3, 'heads': 2, 'weight_decay': -1, 'learning_rate': -3, 'dropout': 0.1}. Best is trial 33 with value: 120.22263741192339.
[I 2025-01-09 21:18:59,177] Trial 54 finished with value: 121.37121079995657 and parameters: {'dim': 32, 'depth': 3, 'heads': 2, 'weight_decay': -1, 'learning_rate': -3, 'dropout': 0.1}. Best is trial 33 with value: 120.22263741192339.
[I 2025-01-09 21:20:24,151] Trial 55 finished with value: 124.98779592732032 and parameters: {'dim': 32, 'depth': 6, 'heads': 2, 'weight_decay': -2, 'learning_rate': -3, 'dropout': 0.1}. Best is trial 33 with value: 120.22263741192339.
[I 2025-01-09 21:21:48,063] Trial 56 finished with value: 125.6038776904874 and parameters: {'dim': 32, 'depth': 3, 'heads': 2, 'weight_decay': -1, 'learning_rate': -3, 'dropout': 0.1}. Best is trial 33 with value: 120.22263741192339.
[I 2025-01-09 21:32:27,001] Trial 57 finished with value: 141.90175188722415 and parameters: {'dim': 64, 'depth': 3, 'heads': 4, 'weight_decay': -5, 'learning_rate': -5, 'dropout': 0}. Best is trial 33 with value: 120.22263741192339.
[I 2025-01-09 21:34:04,680] Trial 58 finished with value: 124.96879737308097 and parameters: {'dim': 256, 'depth': 2, 'heads': 2, 'weight_decay': -2, 'learning_rate': -3, 'dropout': 0.4}. Best is trial 33 with value: 120.22263741192339.
[I 2025-01-09 21:35:27,947] Trial 59 finished with value: 120.9819900907859 and parameters: {'dim': 32, 'depth': 12, 'heads': 2, 'weight_decay': -4, 'learning_rate': -3, 'dropout': 0.1}. Best is trial 33 with value: 120.22263741192339.
[I 2025-01-09 21:39:14,141] Trial 60 finished with value: 123.5231329509667 and parameters: {'dim': 32, 'depth': 12, 'heads': 2, 'weight_decay': -4, 'learning_rate': -4, 'dropout': 0.2}. Best is trial 33 with value: 120.22263741192339.
[I 2025-01-09 21:40:49,444] Trial 61 finished with value: 123.34111594561082 and parameters: {'dim': 32, 'depth': 12, 'heads': 2, 'weight_decay': -4, 'learning_rate': -3, 'dropout': 0.1}. Best is trial 33 with value: 120.22263741192339.
[I 2025-01-09 21:42:15,631] Trial 62 finished with value: 124.81097513884124 and parameters: {'dim': 32, 'depth': 12, 'heads': 2, 'weight_decay': -4, 'learning_rate': -3, 'dropout': 0.1}. Best is trial 33 with value: 120.22263741192339.
[I 2025-01-09 21:43:48,177] Trial 63 finished with value: 125.39968547504093 and parameters: {'dim': 32, 'depth': 3, 'heads': 2, 'weight_decay': -3, 'learning_rate': -3, 'dropout': 0.1}. Best is trial 33 with value: 120.22263741192339.
[I 2025-01-09 21:45:16,862] Trial 64 finished with value: 124.77566584014626 and parameters: {'dim': 32, 'depth': 12, 'heads': 8, 'weight_decay': -1, 'learning_rate': -3, 'dropout': 0.1}. Best is trial 33 with value: 120.22263741192339.
[I 2025-01-09 21:46:44,362] Trial 65 finished with value: 122.05307355980952 and parameters: {'dim': 32, 'depth': 3, 'heads': 2, 'weight_decay': -1, 'learning_rate': -3, 'dropout': 0.5}. Best is trial 33 with value: 120.22263741192339.
[I 2025-01-09 21:48:10,549] Trial 66 finished with value: 124.63586466424711 and parameters: {'dim': 32, 'depth': 1, 'heads': 2, 'weight_decay': -6, 'learning_rate': -3, 'dropout': 0.5}. Best is trial 33 with value: 120.22263741192339.
[I 2025-01-09 21:49:40,126] Trial 67 finished with value: 119.53025804588569 and parameters: {'dim': 32, 'depth': 3, 'heads': 2, 'weight_decay': -5, 'learning_rate': -3, 'dropout': 0.5}. Best is trial 67 with value: 119.53025804588569.
[I 2025-01-09 21:50:58,487] Trial 68 finished with value: 123.17975514139334 and parameters: {'dim': 128, 'depth': 6, 'heads': 2, 'weight_decay': -5, 'learning_rate': -3, 'dropout': 0.5}. Best is trial 67 with value: 119.53025804588569.
[I 2025-01-09 21:52:27,071] Trial 69 finished with value: 125.55661975822723 and parameters: {'dim': 32, 'depth': 12, 'heads': 2, 'weight_decay': -5, 'learning_rate': -3, 'dropout': 0.5}. Best is trial 67 with value: 119.53025804588569.
[I 2025-01-09 21:53:53,578] Trial 70 finished with value: 124.9609070856942 and parameters: {'dim': 32, 'depth': 3, 'heads': 2, 'weight_decay': -4, 'learning_rate': -3, 'dropout': 0.5}. Best is trial 67 with value: 119.53025804588569.
[I 2025-01-09 21:55:34,338] Trial 71 finished with value: 123.55974403276002 and parameters: {'dim': 32, 'depth': 3, 'heads': 2, 'weight_decay': -6, 'learning_rate': -3, 'dropout': 0.5}. Best is trial 67 with value: 119.53025804588569.
[I 2025-01-09 21:56:53,320] Trial 72 finished with value: 124.69452977006283 and parameters: {'dim': 32, 'depth': 3, 'heads': 2, 'weight_decay': -5, 'learning_rate': -3, 'dropout': 0.5}. Best is trial 67 with value: 119.53025804588569.
[I 2025-01-09 21:58:34,798] Trial 73 finished with value: 122.3100013725231 and parameters: {'dim': 32, 'depth': 3, 'heads': 2, 'weight_decay': -1, 'learning_rate': -3, 'dropout': 0.5}. Best is trial 67 with value: 119.53025804588569.
[I 2025-01-09 22:02:33,350] Trial 74 finished with value: 124.69999715224648 and parameters: {'dim': 32, 'depth': 3, 'heads': 2, 'weight_decay': -1, 'learning_rate': -4, 'dropout': 0.5}. Best is trial 67 with value: 119.53025804588569.
[I 2025-01-09 22:17:12,876] Trial 75 finished with value: 4351.692032671849 and parameters: {'dim': 32, 'depth': 2, 'heads': 2, 'weight_decay': -1, 'learning_rate': -6, 'dropout': 0.3}. Best is trial 67 with value: 119.53025804588569.
[I 2025-01-09 22:18:44,195] Trial 76 finished with value: 121.77853423802586 and parameters: {'dim': 64, 'depth': 3, 'heads': 2, 'weight_decay': -3, 'learning_rate': -3, 'dropout': 0.2}. Best is trial 67 with value: 119.53025804588569.
[I 2025-01-09 22:20:10,024] Trial 77 finished with value: 125.14646069000298 and parameters: {'dim': 64, 'depth': 3, 'heads': 2, 'weight_decay': -3, 'learning_rate': -3, 'dropout': 0.2}. Best is trial 67 with value: 119.53025804588569.
[I 2025-01-09 22:21:35,474] Trial 78 finished with value: 125.93470635220918 and parameters: {'dim': 64, 'depth': 3, 'heads': 2, 'weight_decay': -4, 'learning_rate': -3, 'dropout': 0.2}. Best is trial 67 with value: 119.53025804588569.
[I 2025-01-09 22:22:54,350] Trial 79 finished with value: 124.83738759371354 and parameters: {'dim': 64, 'depth': 12, 'heads': 2, 'weight_decay': -3, 'learning_rate': -3, 'dropout': 0.2}. Best is trial 67 with value: 119.53025804588569.
[I 2025-01-09 22:24:26,627] Trial 80 finished with value: 127.04509999822021 and parameters: {'dim': 64, 'depth': 3, 'heads': 2, 'weight_decay': -4, 'learning_rate': -3, 'dropout': 0.2}. Best is trial 67 with value: 119.53025804588569.
[I 2025-01-09 22:25:57,555] Trial 81 finished with value: 123.48365101018108 and parameters: {'dim': 256, 'depth': 3, 'heads': 2, 'weight_decay': -5, 'learning_rate': -3, 'dropout': 0.1}. Best is trial 67 with value: 119.53025804588569.
[I 2025-01-09 22:27:23,118] Trial 82 finished with value: 122.24449517122949 and parameters: {'dim': 32, 'depth': 3, 'heads': 2, 'weight_decay': -1, 'learning_rate': -3, 'dropout': 0.2}. Best is trial 67 with value: 119.53025804588569.
[I 2025-01-09 22:28:53,233] Trial 83 finished with value: 124.1269170478914 and parameters: {'dim': 64, 'depth': 3, 'heads': 8, 'weight_decay': -1, 'learning_rate': -3, 'dropout': 0.4}. Best is trial 67 with value: 119.53025804588569.
[I 2025-01-09 22:30:19,434] Trial 84 finished with value: 121.51428466866955 and parameters: {'dim': 32, 'depth': 2, 'heads': 2, 'weight_decay': -1, 'learning_rate': -3, 'dropout': 0}. Best is trial 67 with value: 119.53025804588569.
[I 2025-01-09 22:31:55,260] Trial 85 finished with value: 120.33101331898597 and parameters: {'dim': 128, 'depth': 2, 'heads': 2, 'weight_decay': -1, 'learning_rate': -3, 'dropout': 0}. Best is trial 67 with value: 119.53025804588569.
[I 2025-01-09 22:33:29,228] Trial 86 finished with value: 124.38714114899915 and parameters: {'dim': 128, 'depth': 2, 'heads': 2, 'weight_decay': -2, 'learning_rate': -3, 'dropout': 0}. Best is trial 67 with value: 119.53025804588569.
[I 2025-01-09 22:34:51,309] Trial 87 finished with value: 121.22014139167781 and parameters: {'dim': 128, 'depth': 2, 'heads': 2, 'weight_decay': -1, 'learning_rate': -3, 'dropout': 0}. Best is trial 67 with value: 119.53025804588569.
[I 2025-01-09 22:36:20,635] Trial 88 finished with value: 123.35191676409889 and parameters: {'dim': 128, 'depth': 2, 'heads': 2, 'weight_decay': -1, 'learning_rate': -3, 'dropout': 0}. Best is trial 67 with value: 119.53025804588569.
[I 2025-01-09 22:37:47,486] Trial 89 finished with value: 126.11419612433056 and parameters: {'dim': 128, 'depth': 2, 'heads': 2, 'weight_decay': -6, 'learning_rate': -3, 'dropout': 0}. Best is trial 67 with value: 119.53025804588569.
[I 2025-01-09 22:39:18,148] Trial 90 finished with value: 122.66104992889912 and parameters: {'dim': 128, 'depth': 2, 'heads': 2, 'weight_decay': -2, 'learning_rate': -3, 'dropout': 0}. Best is trial 67 with value: 119.53025804588569.
[I 2025-01-09 22:40:48,920] Trial 91 finished with value: 122.99430113635917 and parameters: {'dim': 128, 'depth': 2, 'heads': 2, 'weight_decay': -1, 'learning_rate': -3, 'dropout': 0}. Best is trial 67 with value: 119.53025804588569.
[I 2025-01-09 22:42:24,716] Trial 92 finished with value: 121.68706200728347 and parameters: {'dim': 128, 'depth': 2, 'heads': 2, 'weight_decay': -1, 'learning_rate': -3, 'dropout': 0}. Best is trial 67 with value: 119.53025804588569.
[I 2025-01-09 22:44:00,672] Trial 93 finished with value: 123.7155029652292 and parameters: {'dim': 128, 'depth': 2, 'heads': 2, 'weight_decay': -1, 'learning_rate': -3, 'dropout': 0}. Best is trial 67 with value: 119.53025804588569.
[I 2025-01-09 22:45:40,734] Trial 94 finished with value: 123.3395003167788 and parameters: {'dim': 128, 'depth': 2, 'heads': 2, 'weight_decay': -1, 'learning_rate': -3, 'dropout': 0}. Best is trial 67 with value: 119.53025804588569.
[I 2025-01-09 22:47:18,242] Trial 95 finished with value: 122.53407569033452 and parameters: {'dim': 128, 'depth': 2, 'heads': 2, 'weight_decay': -1, 'learning_rate': -3, 'dropout': 0}. Best is trial 67 with value: 119.53025804588569.
[I 2025-01-09 22:49:06,106] Trial 96 finished with value: 123.74447999138863 and parameters: {'dim': 128, 'depth': 2, 'heads': 2, 'weight_decay': -1, 'learning_rate': -3, 'dropout': 0}. Best is trial 67 with value: 119.53025804588569.
[I 2025-01-09 22:50:35,821] Trial 97 finished with value: 123.94133273721204 and parameters: {'dim': 128, 'depth': 2, 'heads': 2, 'weight_decay': -2, 'learning_rate': -3, 'dropout': 0}. Best is trial 67 with value: 119.53025804588569.
[I 2025-01-09 22:52:10,132] Trial 98 finished with value: 124.39554772020415 and parameters: {'dim': 128, 'depth': 2, 'heads': 8, 'weight_decay': -1, 'learning_rate': -3, 'dropout': 0}. Best is trial 67 with value: 119.53025804588569.
[I 2025-01-09 22:53:34,594] Trial 99 finished with value: 120.97427553675007 and parameters: {'dim': 128, 'depth': 1, 'heads': 2, 'weight_decay': -1, 'learning_rate': -3, 'dropout': 0}. Best is trial 67 with value: 119.53025804588569.
[I 2025-01-09 22:55:14,734] A new study created in RDB with name: TabTransformer_Allstate_Claims
srun: error: IO: Node 0 already established stream!
srun: error: IO: Node 0 already established stream!
srun: error: IO: Node 0 already established stream!
srun: error: IO: Node 0 already established stream!
srun: error: IO: Node 0 already established stream!
[I 2025-01-10 01:23:23,254] Trial 0 finished with value: 3577806.9490809576 and parameters: {'dim': 64, 'depth': 6, 'heads': 2, 'weight_decay': -1, 'learning_rate': -4, 'dropout': 0}. Best is trial 0 with value: 3577806.9490809576.
[I 2025-01-10 02:39:04,479] Trial 1 finished with value: 3552409.371169546 and parameters: {'dim': 256, 'depth': 3, 'heads': 2, 'weight_decay': -6, 'learning_rate': -4, 'dropout': 0.3}. Best is trial 1 with value: 3552409.371169546.
[I 2025-01-10 03:11:22,161] Trial 2 finished with value: 3588660.7415467286 and parameters: {'dim': 32, 'depth': 6, 'heads': 8, 'weight_decay': -6, 'learning_rate': -3, 'dropout': 0.4}. Best is trial 1 with value: 3552409.371169546.
[I 2025-01-10 06:26:15,011] Trial 3 finished with value: 3564248.9047012804 and parameters: {'dim': 128, 'depth': 2, 'heads': 2, 'weight_decay': -1, 'learning_rate': -4, 'dropout': 0.4}. Best is trial 1 with value: 3552409.371169546.
[I 2025-01-10 15:11:09,155] Trial 4 finished with value: 3861271.788583166 and parameters: {'dim': 256, 'depth': 12, 'heads': 2, 'weight_decay': -2, 'learning_rate': -6, 'dropout': 0}. Best is trial 1 with value: 3552409.371169546.
[I 2025-01-10 23:39:45,876] Trial 5 finished with value: 3864410.4971537427 and parameters: {'dim': 32, 'depth': 3, 'heads': 8, 'weight_decay': -2, 'learning_rate': -6, 'dropout': 0.1}. Best is trial 1 with value: 3552409.371169546.
[I 2025-01-11 05:32:34,708] Trial 6 finished with value: 3569087.0467714407 and parameters: {'dim': 64, 'depth': 3, 'heads': 2, 'weight_decay': -5, 'learning_rate': -5, 'dropout': 0.3}. Best is trial 1 with value: 3552409.371169546.
[I 2025-01-11 06:51:16,184] Trial 7 finished with value: 3554768.2490767254 and parameters: {'dim': 32, 'depth': 1, 'heads': 8, 'weight_decay': -5, 'learning_rate': -4, 'dropout': 0.1}. Best is trial 1 with value: 3552409.371169546.
srun: Job step aborted: Waiting up to 32 seconds for job step to finish.
slurmstepd: error: *** JOB 949200 ON stud-000 CANCELLED AT 2025-01-11T11:28:28 DUE TO TIME LIMIT ***
slurmstepd: error: *** STEP 949200.4 ON stud-000 CANCELLED AT 2025-01-11T11:28:28 DUE TO TIME LIMIT ***
