[I 2025-01-09 00:33:13,928] Trial 92 finished with value: 1522130.12918238 and parameters: {'dim': 128, 'depth': 1, 'heads': 4, 'weight_decay': -5, 'learning_rate': -3, 'dropout': 0.1}. Best is trial 88 with value: 1442465.274244375.
[I 2025-01-09 00:42:07,949] Trial 93 finished with value: 1619505.5580404934 and parameters: {'dim': 128, 'depth': 1, 'heads': 4, 'weight_decay': -5, 'learning_rate': -3, 'dropout': 0.1}. Best is trial 88 with value: 1442465.274244375.
[I 2025-01-09 00:50:20,045] Trial 94 finished with value: 1675605.7872504406 and parameters: {'dim': 128, 'depth': 1, 'heads': 4, 'weight_decay': -6, 'learning_rate': -3, 'dropout': 0.1}. Best is trial 88 with value: 1442465.274244375.
[I 2025-01-09 01:00:17,012] Trial 95 finished with value: 1544096.0940771285 and parameters: {'dim': 128, 'depth': 1, 'heads': 4, 'weight_decay': -5, 'learning_rate': -3, 'dropout': 0.1}. Best is trial 88 with value: 1442465.274244375.
[I 2025-01-09 01:10:51,091] Trial 96 finished with value: 1524543.4665273696 and parameters: {'dim': 128, 'depth': 1, 'heads': 2, 'weight_decay': -5, 'learning_rate': -3, 'dropout': 0.1}. Best is trial 88 with value: 1442465.274244375.
[I 2025-01-09 01:20:57,470] Trial 97 finished with value: 1560727.8731707167 and parameters: {'dim': 128, 'depth': 1, 'heads': 2, 'weight_decay': -5, 'learning_rate': -3, 'dropout': 0.1}. Best is trial 88 with value: 1442465.274244375.
[I 2025-01-09 01:31:05,479] Trial 98 finished with value: 1585695.3687877837 and parameters: {'dim': 128, 'depth': 1, 'heads': 2, 'weight_decay': -6, 'learning_rate': -3, 'dropout': 0.5}. Best is trial 88 with value: 1442465.274244375.
[I 2025-01-09 01:40:21,084] Trial 99 finished with value: 1593049.1885510895 and parameters: {'dim': 128, 'depth': 1, 'heads': 8, 'weight_decay': -5, 'learning_rate': -3, 'dropout': 0.1}. Best is trial 88 with value: 1442465.274244375.
[I 2025-01-09 01:50:56,811] A new study created in RDB with name: TabTransformer_Diamonds
[I 2025-01-09 03:30:00,307] Trial 0 finished with value: 512890.5766758834 and parameters: {'dim': 32, 'depth': 3, 'heads': 4, 'weight_decay': -6, 'learning_rate': -3, 'dropout': 0.5}. Best is trial 0 with value: 512890.5766758834.
[I 2025-01-09 04:19:38,751] Trial 1 finished with value: 14909054.302343553 and parameters: {'dim': 128, 'depth': 2, 'heads': 2, 'weight_decay': -2, 'learning_rate': -6, 'dropout': 0.2}. Best is trial 0 with value: 512890.5766758834.
[I 2025-01-09 04:50:03,409] Trial 2 finished with value: 14837833.89675408 and parameters: {'dim': 256, 'depth': 1, 'heads': 4, 'weight_decay': -3, 'learning_rate': -6, 'dropout': 0.1}. Best is trial 0 with value: 512890.5766758834.
[I 2025-01-09 10:25:32,792] Trial 3 finished with value: 1324112.6247657822 and parameters: {'dim': 128, 'depth': 6, 'heads': 2, 'weight_decay': -1, 'learning_rate': -4, 'dropout': 0.1}. Best is trial 0 with value: 512890.5766758834.
[W 2025-01-09 10:26:01,544] Trial 4 failed with parameters: {'dim': 128, 'depth': 12, 'heads': 2, 'weight_decay': -6, 'learning_rate': -6, 'dropout': 0.2} because of the following error: OutOfMemoryError('CUDA out of memory. Tried to allocate 20.00 MiB. GPU 0 has a total capacity of 7.79 GiB of which 2.44 MiB is free. Including non-PyTorch memory, this process has 7.78 GiB memory in use. Of the allocated memory 7.64 GiB is allocated by PyTorch, and 5.65 MiB is reserved by PyTorch but unallocated. If reserved but unallocated memory is large try setting PYTORCH_CUDA_ALLOC_CONF=expandable_segments:True to avoid fragmentation.  See documentation for Memory Management  (https://pytorch.org/docs/stable/notes/cuda.html#environment-variables)').
Traceback (most recent call last):
  File "/home/mburu/.local/lib/python3.8/site-packages/optuna/study/_optimize.py", line 197, in _run_trial
    value_or_values = func(trial)
  File "train.py", line 134, in __call__
    sc, time = cross_validation(model, self.X, self.y, self.args, visual=False)
  File "train.py", line 46, in cross_validation
    loss_history, val_loss_history = curr_model.fit(X_train, y_train, X_test, y_test)  # X_val, y_val)
  File "/home/mburu/Master_Thesis/master-thesis-da/DNN_Trial/models/tabtransformer.py", line 126, in fit
    out = self.model(x_categ, x_cont)
  File "/home/mburu/.local/lib/python3.8/site-packages/torch/nn/modules/module.py", line 1553, in _wrapped_call_impl
    return self._call_impl(*args, **kwargs)
  File "/home/mburu/.local/lib/python3.8/site-packages/torch/nn/modules/module.py", line 1562, in _call_impl
    return forward_call(*args, **kwargs)
  File "/home/mburu/Master_Thesis/master-thesis-da/DNN_Trial/models/tabtransformer.py", line 465, in forward
    x = self.transformer(x_categ)
  File "/home/mburu/.local/lib/python3.8/site-packages/torch/nn/modules/module.py", line 1553, in _wrapped_call_impl
    return self._call_impl(*args, **kwargs)
  File "/home/mburu/.local/lib/python3.8/site-packages/torch/nn/modules/module.py", line 1562, in _call_impl
    return forward_call(*args, **kwargs)
  File "/home/mburu/Master_Thesis/master-thesis-da/DNN_Trial/models/tabtransformer.py", line 352, in forward
    x = ff(x)
  File "/home/mburu/.local/lib/python3.8/site-packages/torch/nn/modules/module.py", line 1553, in _wrapped_call_impl
    return self._call_impl(*args, **kwargs)
  File "/home/mburu/.local/lib/python3.8/site-packages/torch/nn/modules/module.py", line 1562, in _call_impl
    return forward_call(*args, **kwargs)
  File "/home/mburu/Master_Thesis/master-thesis-da/DNN_Trial/models/tabtransformer.py", line 266, in forward
    return self.fn(x, **kwargs) + x
  File "/home/mburu/.local/lib/python3.8/site-packages/torch/nn/modules/module.py", line 1553, in _wrapped_call_impl
    return self._call_impl(*args, **kwargs)
  File "/home/mburu/.local/lib/python3.8/site-packages/torch/nn/modules/module.py", line 1562, in _call_impl
    return forward_call(*args, **kwargs)
  File "/home/mburu/Master_Thesis/master-thesis-da/DNN_Trial/models/tabtransformer.py", line 276, in forward
    return self.fn(self.norm(x), **kwargs)
  File "/home/mburu/.local/lib/python3.8/site-packages/torch/nn/modules/module.py", line 1553, in _wrapped_call_impl
    return self._call_impl(*args, **kwargs)
  File "/home/mburu/.local/lib/python3.8/site-packages/torch/nn/modules/module.py", line 1562, in _call_impl
    return forward_call(*args, **kwargs)
  File "/home/mburu/Master_Thesis/master-thesis-da/DNN_Trial/models/tabtransformer.py", line 298, in forward
    return self.net(x)
  File "/home/mburu/.local/lib/python3.8/site-packages/torch/nn/modules/module.py", line 1553, in _wrapped_call_impl
    return self._call_impl(*args, **kwargs)
  File "/home/mburu/.local/lib/python3.8/site-packages/torch/nn/modules/module.py", line 1562, in _call_impl
    return forward_call(*args, **kwargs)
  File "/home/mburu/.local/lib/python3.8/site-packages/torch/nn/modules/container.py", line 219, in forward
    input = module(input)
  File "/home/mburu/.local/lib/python3.8/site-packages/torch/nn/modules/module.py", line 1553, in _wrapped_call_impl
    return self._call_impl(*args, **kwargs)
  File "/home/mburu/.local/lib/python3.8/site-packages/torch/nn/modules/module.py", line 1562, in _call_impl
    return forward_call(*args, **kwargs)
  File "/home/mburu/.local/lib/python3.8/site-packages/torch/nn/modules/linear.py", line 117, in forward
    return F.linear(input, self.weight, self.bias)
torch.OutOfMemoryError: CUDA out of memory. Tried to allocate 20.00 MiB. GPU 0 has a total capacity of 7.79 GiB of which 2.44 MiB is free. Including non-PyTorch memory, this process has 7.78 GiB memory in use. Of the allocated memory 7.64 GiB is allocated by PyTorch, and 5.65 MiB is reserved by PyTorch but unallocated. If reserved but unallocated memory is large try setting PYTORCH_CUDA_ALLOC_CONF=expandable_segments:True to avoid fragmentation.  See documentation for Memory Management  (https://pytorch.org/docs/stable/notes/cuda.html#environment-variables)
[W 2025-01-09 10:26:01,591] Trial 4 failed with value None.
Traceback (most recent call last):
  File "train.py", line 185, in <module>
    main(arguments)
  File "train.py", line 156, in main
    study.optimize(Objective(args, model_name, X, y), n_trials=args.n_trials)
  File "/home/mburu/.local/lib/python3.8/site-packages/optuna/study/study.py", line 475, in optimize
    _optimize(
  File "/home/mburu/.local/lib/python3.8/site-packages/optuna/study/_optimize.py", line 63, in _optimize
    _optimize_sequential(
  File "/home/mburu/.local/lib/python3.8/site-packages/optuna/study/_optimize.py", line 160, in _optimize_sequential
    frozen_trial = _run_trial(study, func, catch)
  File "/home/mburu/.local/lib/python3.8/site-packages/optuna/study/_optimize.py", line 248, in _run_trial
    raise func_err
  File "/home/mburu/.local/lib/python3.8/site-packages/optuna/study/_optimize.py", line 197, in _run_trial
    value_or_values = func(trial)
  File "train.py", line 134, in __call__
    sc, time = cross_validation(model, self.X, self.y, self.args, visual=False)
  File "train.py", line 46, in cross_validation
    loss_history, val_loss_history = curr_model.fit(X_train, y_train, X_test, y_test)  # X_val, y_val)
  File "/home/mburu/Master_Thesis/master-thesis-da/DNN_Trial/models/tabtransformer.py", line 126, in fit
    out = self.model(x_categ, x_cont)
  File "/home/mburu/.local/lib/python3.8/site-packages/torch/nn/modules/module.py", line 1553, in _wrapped_call_impl
    return self._call_impl(*args, **kwargs)
  File "/home/mburu/.local/lib/python3.8/site-packages/torch/nn/modules/module.py", line 1562, in _call_impl
    return forward_call(*args, **kwargs)
  File "/home/mburu/Master_Thesis/master-thesis-da/DNN_Trial/models/tabtransformer.py", line 465, in forward
    x = self.transformer(x_categ)
  File "/home/mburu/.local/lib/python3.8/site-packages/torch/nn/modules/module.py", line 1553, in _wrapped_call_impl
    return self._call_impl(*args, **kwargs)
  File "/home/mburu/.local/lib/python3.8/site-packages/torch/nn/modules/module.py", line 1562, in _call_impl
    return forward_call(*args, **kwargs)
  File "/home/mburu/Master_Thesis/master-thesis-da/DNN_Trial/models/tabtransformer.py", line 352, in forward
    x = ff(x)
  File "/home/mburu/.local/lib/python3.8/site-packages/torch/nn/modules/module.py", line 1553, in _wrapped_call_impl
    return self._call_impl(*args, **kwargs)
  File "/home/mburu/.local/lib/python3.8/site-packages/torch/nn/modules/module.py", line 1562, in _call_impl
    return forward_call(*args, **kwargs)
  File "/home/mburu/Master_Thesis/master-thesis-da/DNN_Trial/models/tabtransformer.py", line 266, in forward
    return self.fn(x, **kwargs) + x
  File "/home/mburu/.local/lib/python3.8/site-packages/torch/nn/modules/module.py", line 1553, in _wrapped_call_impl
    return self._call_impl(*args, **kwargs)
  File "/home/mburu/.local/lib/python3.8/site-packages/torch/nn/modules/module.py", line 1562, in _call_impl
    return forward_call(*args, **kwargs)
  File "/home/mburu/Master_Thesis/master-thesis-da/DNN_Trial/models/tabtransformer.py", line 276, in forward
    return self.fn(self.norm(x), **kwargs)
  File "/home/mburu/.local/lib/python3.8/site-packages/torch/nn/modules/module.py", line 1553, in _wrapped_call_impl
    return self._call_impl(*args, **kwargs)
  File "/home/mburu/.local/lib/python3.8/site-packages/torch/nn/modules/module.py", line 1562, in _call_impl
    return forward_call(*args, **kwargs)
  File "/home/mburu/Master_Thesis/master-thesis-da/DNN_Trial/models/tabtransformer.py", line 298, in forward
    return self.net(x)
  File "/home/mburu/.local/lib/python3.8/site-packages/torch/nn/modules/module.py", line 1553, in _wrapped_call_impl
    return self._call_impl(*args, **kwargs)
  File "/home/mburu/.local/lib/python3.8/site-packages/torch/nn/modules/module.py", line 1562, in _call_impl
    return forward_call(*args, **kwargs)
  File "/home/mburu/.local/lib/python3.8/site-packages/torch/nn/modules/container.py", line 219, in forward
    input = module(input)
  File "/home/mburu/.local/lib/python3.8/site-packages/torch/nn/modules/module.py", line 1553, in _wrapped_call_impl
    return self._call_impl(*args, **kwargs)
  File "/home/mburu/.local/lib/python3.8/site-packages/torch/nn/modules/module.py", line 1562, in _call_impl
    return forward_call(*args, **kwargs)
  File "/home/mburu/.local/lib/python3.8/site-packages/torch/nn/modules/linear.py", line 117, in forward
    return F.linear(input, self.weight, self.bias)
torch.OutOfMemoryError: CUDA out of memory. Tried to allocate 20.00 MiB. GPU 0 has a total capacity of 7.79 GiB of which 2.44 MiB is free. Including non-PyTorch memory, this process has 7.78 GiB memory in use. Of the allocated memory 7.64 GiB is allocated by PyTorch, and 5.65 MiB is reserved by PyTorch but unallocated. If reserved but unallocated memory is large try setting PYTORCH_CUDA_ALLOC_CONF=expandable_segments:True to avoid fragmentation.  See documentation for Memory Management  (https://pytorch.org/docs/stable/notes/cuda.html#environment-variables)
srun: error: stud-000: task 0: Exited with exit code 1
[I 2025-01-09 10:26:07,687] A new study created in RDB with name: TabTransformer_House_Prices_Nominal
[I 2025-01-09 10:27:03,931] Trial 0 finished with value: 39039254794.80752 and parameters: {'dim': 32, 'depth': 1, 'heads': 8, 'weight_decay': -3, 'learning_rate': -6, 'dropout': 0}. Best is trial 0 with value: 39039254794.80752.
[I 2025-01-09 10:30:17,114] Trial 1 finished with value: 39036595995.97533 and parameters: {'dim': 32, 'depth': 12, 'heads': 2, 'weight_decay': -5, 'learning_rate': -5, 'dropout': 0.2}. Best is trial 1 with value: 39036595995.97533.
[I 2025-01-09 10:31:54,981] Trial 2 finished with value: 39038834767.95821 and parameters: {'dim': 256, 'depth': 6, 'heads': 2, 'weight_decay': -6, 'learning_rate': -5, 'dropout': 0.1}. Best is trial 1 with value: 39036595995.97533.
[I 2025-01-09 10:35:53,205] Trial 3 finished with value: 1518863851.407818 and parameters: {'dim': 128, 'depth': 3, 'heads': 4, 'weight_decay': -2, 'learning_rate': -3, 'dropout': 0}. Best is trial 3 with value: 1518863851.407818.
[I 2025-01-09 10:37:19,131] Trial 4 finished with value: 39039219435.86756 and parameters: {'dim': 256, 'depth': 3, 'heads': 8, 'weight_decay': -3, 'learning_rate': -6, 'dropout': 0.1}. Best is trial 3 with value: 1518863851.407818.
[I 2025-01-09 10:41:34,663] Trial 5 finished with value: 5078702995.973251 and parameters: {'dim': 128, 'depth': 6, 'heads': 4, 'weight_decay': -2, 'learning_rate': -4, 'dropout': 0.3}. Best is trial 3 with value: 1518863851.407818.
[I 2025-01-09 10:46:07,053] Trial 6 finished with value: 3631276027.7308755 and parameters: {'dim': 32, 'depth': 3, 'heads': 2, 'weight_decay': -3, 'learning_rate': -4, 'dropout': 0.3}. Best is trial 3 with value: 1518863851.407818.
[I 2025-01-09 10:47:35,573] Trial 7 finished with value: 39036395305.04909 and parameters: {'dim': 256, 'depth': 1, 'heads': 2, 'weight_decay': -5, 'learning_rate': -5, 'dropout': 0.4}. Best is trial 3 with value: 1518863851.407818.
[I 2025-01-09 11:00:11,075] Trial 8 finished with value: 1521838162.8117101 and parameters: {'dim': 32, 'depth': 12, 'heads': 4, 'weight_decay': -1, 'learning_rate': -3, 'dropout': 0.4}. Best is trial 3 with value: 1518863851.407818.
[I 2025-01-09 11:01:38,281] Trial 9 finished with value: 39039202984.637596 and parameters: {'dim': 256, 'depth': 2, 'heads': 4, 'weight_decay': -6, 'learning_rate': -6, 'dropout': 0.3}. Best is trial 3 with value: 1518863851.407818.
[I 2025-01-09 11:05:42,728] Trial 10 finished with value: 1530923717.065641 and parameters: {'dim': 128, 'depth': 3, 'heads': 4, 'weight_decay': -1, 'learning_rate': -3, 'dropout': 0}. Best is trial 3 with value: 1518863851.407818.
[I 2025-01-09 11:13:56,738] Trial 11 finished with value: 2085727437.5239472 and parameters: {'dim': 64, 'depth': 12, 'heads': 4, 'weight_decay': -1, 'learning_rate': -3, 'dropout': 0.5}. Best is trial 3 with value: 1518863851.407818.
[I 2025-01-09 11:22:51,110] Trial 12 finished with value: 1989416591.091664 and parameters: {'dim': 128, 'depth': 12, 'heads': 4, 'weight_decay': -2, 'learning_rate': -3, 'dropout': 0.4}. Best is trial 3 with value: 1518863851.407818.
[I 2025-01-09 11:26:43,003] Trial 13 finished with value: 4421012319.383357 and parameters: {'dim': 64, 'depth': 2, 'heads': 4, 'weight_decay': -2, 'learning_rate': -4, 'dropout': 0.4}. Best is trial 3 with value: 1518863851.407818.
[I 2025-01-09 11:34:10,030] Trial 14 finished with value: 2172477036.8883605 and parameters: {'dim': 32, 'depth': 12, 'heads': 4, 'weight_decay': -1, 'learning_rate': -3, 'dropout': 0}. Best is trial 3 with value: 1518863851.407818.
[I 2025-01-09 11:38:15,694] Trial 15 finished with value: 3227457216.577811 and parameters: {'dim': 128, 'depth': 3, 'heads': 8, 'weight_decay': -2, 'learning_rate': -4, 'dropout': 0.2}. Best is trial 3 with value: 1518863851.407818.
[I 2025-01-09 11:43:12,748] Trial 16 finished with value: 1474244652.463939 and parameters: {'dim': 32, 'depth': 3, 'heads': 4, 'weight_decay': -4, 'learning_rate': -3, 'dropout': 0.5}. Best is trial 16 with value: 1474244652.463939.
[I 2025-01-09 11:48:23,808] Trial 17 finished with value: 1217684762.0068197 and parameters: {'dim': 128, 'depth': 3, 'heads': 4, 'weight_decay': -4, 'learning_rate': -3, 'dropout': 0.5}. Best is trial 17 with value: 1217684762.0068197.
[I 2025-01-09 11:52:09,802] Trial 18 finished with value: 4598388814.221659 and parameters: {'dim': 64, 'depth': 3, 'heads': 4, 'weight_decay': -4, 'learning_rate': -4, 'dropout': 0.5}. Best is trial 17 with value: 1217684762.0068197.
[I 2025-01-09 11:56:21,868] Trial 19 finished with value: 1518426252.7446985 and parameters: {'dim': 32, 'depth': 3, 'heads': 8, 'weight_decay': -4, 'learning_rate': -3, 'dropout': 0.5}. Best is trial 17 with value: 1217684762.0068197.
[I 2025-01-09 12:00:31,050] Trial 20 finished with value: 4334442485.538724 and parameters: {'dim': 128, 'depth': 3, 'heads': 4, 'weight_decay': -5, 'learning_rate': -4, 'dropout': 0.5}. Best is trial 17 with value: 1217684762.0068197.
[I 2025-01-09 12:03:47,401] Trial 21 finished with value: 1590716699.7321153 and parameters: {'dim': 32, 'depth': 3, 'heads': 8, 'weight_decay': -4, 'learning_rate': -3, 'dropout': 0.5}. Best is trial 17 with value: 1217684762.0068197.
[I 2025-01-09 12:08:12,249] Trial 22 finished with value: 1399074088.3075266 and parameters: {'dim': 32, 'depth': 3, 'heads': 8, 'weight_decay': -4, 'learning_rate': -3, 'dropout': 0.5}. Best is trial 17 with value: 1217684762.0068197.
[I 2025-01-09 12:13:31,927] Trial 23 finished with value: 1249216761.1282198 and parameters: {'dim': 32, 'depth': 3, 'heads': 8, 'weight_decay': -4, 'learning_rate': -3, 'dropout': 0.5}. Best is trial 17 with value: 1217684762.0068197.
[I 2025-01-09 12:18:18,017] Trial 24 finished with value: 1470667468.0611863 and parameters: {'dim': 32, 'depth': 3, 'heads': 8, 'weight_decay': -5, 'learning_rate': -3, 'dropout': 0.5}. Best is trial 17 with value: 1217684762.0068197.
[I 2025-01-09 12:22:38,134] Trial 25 finished with value: 3467129482.676013 and parameters: {'dim': 32, 'depth': 2, 'heads': 8, 'weight_decay': -4, 'learning_rate': -4, 'dropout': 0.5}. Best is trial 17 with value: 1217684762.0068197.
[I 2025-01-09 12:26:02,704] Trial 26 finished with value: 1415620902.4763818 and parameters: {'dim': 128, 'depth': 1, 'heads': 8, 'weight_decay': -3, 'learning_rate': -3, 'dropout': 0.5}. Best is trial 17 with value: 1217684762.0068197.
[I 2025-01-09 12:31:37,338] Trial 27 finished with value: 3499835102.3038926 and parameters: {'dim': 64, 'depth': 6, 'heads': 8, 'weight_decay': -5, 'learning_rate': -4, 'dropout': 0.5}. Best is trial 17 with value: 1217684762.0068197.
[I 2025-01-09 12:36:11,881] Trial 28 finished with value: 1460169568.4346132 and parameters: {'dim': 32, 'depth': 3, 'heads': 8, 'weight_decay': -4, 'learning_rate': -3, 'dropout': 0.5}. Best is trial 17 with value: 1217684762.0068197.
[I 2025-01-09 12:37:05,850] Trial 29 finished with value: 39038966878.11822 and parameters: {'dim': 32, 'depth': 1, 'heads': 8, 'weight_decay': -3, 'learning_rate': -5, 'dropout': 0.2}. Best is trial 17 with value: 1217684762.0068197.
[I 2025-01-09 12:41:40,944] Trial 30 finished with value: 1247192829.6959825 and parameters: {'dim': 128, 'depth': 3, 'heads': 8, 'weight_decay': -3, 'learning_rate': -3, 'dropout': 0.1}. Best is trial 17 with value: 1217684762.0068197.
[I 2025-01-09 12:46:18,097] Trial 31 finished with value: 1591367954.9362907 and parameters: {'dim': 128, 'depth': 3, 'heads': 8, 'weight_decay': -3, 'learning_rate': -3, 'dropout': 0.1}. Best is trial 17 with value: 1217684762.0068197.
[I 2025-01-09 12:51:41,203] Trial 32 finished with value: 1376834359.3422694 and parameters: {'dim': 128, 'depth': 3, 'heads': 8, 'weight_decay': -4, 'learning_rate': -3, 'dropout': 0.1}. Best is trial 17 with value: 1217684762.0068197.
[I 2025-01-09 12:55:36,920] Trial 33 finished with value: 1677400995.5488098 and parameters: {'dim': 128, 'depth': 3, 'heads': 8, 'weight_decay': -3, 'learning_rate': -3, 'dropout': 0.1}. Best is trial 17 with value: 1217684762.0068197.
[I 2025-01-09 13:00:42,400] Trial 34 finished with value: 1567104546.9896743 and parameters: {'dim': 128, 'depth': 6, 'heads': 2, 'weight_decay': -4, 'learning_rate': -3, 'dropout': 0.1}. Best is trial 17 with value: 1217684762.0068197.
[I 2025-01-09 13:03:58,252] Trial 35 finished with value: 4501190080.140046 and parameters: {'dim': 128, 'depth': 3, 'heads': 8, 'weight_decay': -5, 'learning_rate': -4, 'dropout': 0.1}. Best is trial 17 with value: 1217684762.0068197.
[I 2025-01-09 13:07:51,531] Trial 36 finished with value: 1722220801.0600479 and parameters: {'dim': 128, 'depth': 3, 'heads': 8, 'weight_decay': -4, 'learning_rate': -3, 'dropout': 0.1}. Best is trial 17 with value: 1217684762.0068197.
