[I 2025-01-09 13:11:34,202] Trial 37 finished with value: 1627013859.9783392 and parameters: {'dim': 128, 'depth': 3, 'heads': 2, 'weight_decay': -6, 'learning_rate': -3, 'dropout': 0.1}. Best is trial 17 with value: 1217684762.0068197.
[I 2025-01-09 13:18:07,885] Trial 38 finished with value: 2610092654.3725586 and parameters: {'dim': 256, 'depth': 6, 'heads': 8, 'weight_decay': -3, 'learning_rate': -4, 'dropout': 0.1}. Best is trial 17 with value: 1217684762.0068197.
[I 2025-01-09 13:19:28,394] Trial 39 finished with value: 39037435413.08881 and parameters: {'dim': 128, 'depth': 1, 'heads': 2, 'weight_decay': -3, 'learning_rate': -5, 'dropout': 0.2}. Best is trial 17 with value: 1217684762.0068197.
[I 2025-01-09 13:20:31,993] Trial 40 finished with value: 39039233005.60453 and parameters: {'dim': 128, 'depth': 2, 'heads': 8, 'weight_decay': -5, 'learning_rate': -6, 'dropout': 0.3}. Best is trial 17 with value: 1217684762.0068197.
[I 2025-01-09 13:23:38,749] Trial 41 finished with value: 1675169962.1091146 and parameters: {'dim': 32, 'depth': 3, 'heads': 8, 'weight_decay': -4, 'learning_rate': -3, 'dropout': 0.1}. Best is trial 17 with value: 1217684762.0068197.
[I 2025-01-09 13:27:23,211] Trial 42 finished with value: 1550927334.526838 and parameters: {'dim': 256, 'depth': 3, 'heads': 8, 'weight_decay': -4, 'learning_rate': -3, 'dropout': 0}. Best is trial 17 with value: 1217684762.0068197.
[I 2025-01-09 13:32:56,025] Trial 43 finished with value: 1311314363.3801503 and parameters: {'dim': 128, 'depth': 3, 'heads': 8, 'weight_decay': -4, 'learning_rate': -3, 'dropout': 0.5}. Best is trial 17 with value: 1217684762.0068197.
[I 2025-01-09 13:36:36,874] Trial 44 finished with value: 1658308529.8194566 and parameters: {'dim': 128, 'depth': 3, 'heads': 8, 'weight_decay': -5, 'learning_rate': -3, 'dropout': 0.1}. Best is trial 17 with value: 1217684762.0068197.
[I 2025-01-09 13:40:43,351] Trial 45 finished with value: 1700674240.8322816 and parameters: {'dim': 128, 'depth': 3, 'heads': 8, 'weight_decay': -3, 'learning_rate': -3, 'dropout': 0.3}. Best is trial 17 with value: 1217684762.0068197.
[I 2025-01-09 13:46:04,424] Trial 46 finished with value: 1277015693.85573 and parameters: {'dim': 128, 'depth': 3, 'heads': 2, 'weight_decay': -4, 'learning_rate': -3, 'dropout': 0.5}. Best is trial 17 with value: 1217684762.0068197.
[I 2025-01-09 13:54:51,239] Trial 47 finished with value: 4391138156.820396 and parameters: {'dim': 128, 'depth': 12, 'heads': 2, 'weight_decay': -3, 'learning_rate': -4, 'dropout': 0.5}. Best is trial 17 with value: 1217684762.0068197.
[I 2025-01-09 13:59:56,834] Trial 48 finished with value: 1249639349.9550729 and parameters: {'dim': 128, 'depth': 3, 'heads': 2, 'weight_decay': -2, 'learning_rate': -3, 'dropout': 0.5}. Best is trial 17 with value: 1217684762.0068197.
[I 2025-01-09 14:04:21,943] Trial 49 finished with value: 1340213783.7012544 and parameters: {'dim': 256, 'depth': 2, 'heads': 2, 'weight_decay': -2, 'learning_rate': -3, 'dropout': 0.4}. Best is trial 17 with value: 1217684762.0068197.
[I 2025-01-09 14:09:03,229] Trial 50 finished with value: 1347199864.723434 and parameters: {'dim': 64, 'depth': 3, 'heads': 2, 'weight_decay': -2, 'learning_rate': -3, 'dropout': 0.5}. Best is trial 17 with value: 1217684762.0068197.
[I 2025-01-09 14:12:52,900] Trial 51 finished with value: 1481365644.038842 and parameters: {'dim': 128, 'depth': 3, 'heads': 2, 'weight_decay': -4, 'learning_rate': -3, 'dropout': 0.5}. Best is trial 17 with value: 1217684762.0068197.
[I 2025-01-09 14:17:24,496] Trial 52 finished with value: 1393330012.349175 and parameters: {'dim': 128, 'depth': 3, 'heads': 2, 'weight_decay': -2, 'learning_rate': -3, 'dropout': 0.5}. Best is trial 17 with value: 1217684762.0068197.
[I 2025-01-09 14:21:44,914] Trial 53 finished with value: 1345143177.1210303 and parameters: {'dim': 128, 'depth': 3, 'heads': 2, 'weight_decay': -3, 'learning_rate': -3, 'dropout': 0.5}. Best is trial 17 with value: 1217684762.0068197.
[I 2025-01-09 14:26:13,348] Trial 54 finished with value: 1609045098.2035606 and parameters: {'dim': 128, 'depth': 3, 'heads': 4, 'weight_decay': -1, 'learning_rate': -3, 'dropout': 0.5}. Best is trial 17 with value: 1217684762.0068197.
[I 2025-01-09 14:33:45,068] Trial 55 finished with value: 4425611205.562922 and parameters: {'dim': 128, 'depth': 12, 'heads': 2, 'weight_decay': -4, 'learning_rate': -4, 'dropout': 0}. Best is trial 17 with value: 1217684762.0068197.
[I 2025-01-09 14:38:44,148] Trial 56 finished with value: 1447897218.4947255 and parameters: {'dim': 128, 'depth': 3, 'heads': 4, 'weight_decay': -4, 'learning_rate': -3, 'dropout': 0.5}. Best is trial 17 with value: 1217684762.0068197.
[I 2025-01-09 14:44:23,769] Trial 57 finished with value: 1221949193.4722528 and parameters: {'dim': 128, 'depth': 3, 'heads': 2, 'weight_decay': -5, 'learning_rate': -3, 'dropout': 0.5}. Best is trial 17 with value: 1217684762.0068197.
[I 2025-01-09 14:47:45,341] Trial 58 finished with value: 1349638532.7501915 and parameters: {'dim': 64, 'depth': 1, 'heads': 2, 'weight_decay': -6, 'learning_rate': -3, 'dropout': 0.5}. Best is trial 17 with value: 1217684762.0068197.
[I 2025-01-09 14:52:27,056] Trial 59 finished with value: 4315258155.661442 and parameters: {'dim': 128, 'depth': 6, 'heads': 2, 'weight_decay': -5, 'learning_rate': -4, 'dropout': 0.4}. Best is trial 17 with value: 1217684762.0068197.
[I 2025-01-09 14:58:06,211] Trial 60 finished with value: 1301955855.7778754 and parameters: {'dim': 256, 'depth': 3, 'heads': 2, 'weight_decay': -2, 'learning_rate': -3, 'dropout': 0.2}. Best is trial 17 with value: 1217684762.0068197.
[I 2025-01-09 15:02:27,243] Trial 61 finished with value: 1488472904.6109948 and parameters: {'dim': 256, 'depth': 3, 'heads': 2, 'weight_decay': -2, 'learning_rate': -3, 'dropout': 0.2}. Best is trial 17 with value: 1217684762.0068197.
[I 2025-01-09 15:08:10,387] Trial 62 finished with value: 1206564305.300672 and parameters: {'dim': 256, 'depth': 3, 'heads': 2, 'weight_decay': -2, 'learning_rate': -3, 'dropout': 0.2}. Best is trial 62 with value: 1206564305.300672.
[I 2025-01-09 15:13:34,057] Trial 63 finished with value: 1479793312.9120154 and parameters: {'dim': 256, 'depth': 3, 'heads': 2, 'weight_decay': -2, 'learning_rate': -3, 'dropout': 0.2}. Best is trial 62 with value: 1206564305.300672.
[I 2025-01-09 15:17:46,352] Trial 64 finished with value: 1388432853.979132 and parameters: {'dim': 256, 'depth': 3, 'heads': 2, 'weight_decay': -1, 'learning_rate': -3, 'dropout': 0.5}. Best is trial 62 with value: 1206564305.300672.
[I 2025-01-09 15:22:42,997] Trial 65 finished with value: 1403211665.0498319 and parameters: {'dim': 32, 'depth': 3, 'heads': 4, 'weight_decay': -5, 'learning_rate': -3, 'dropout': 0.2}. Best is trial 62 with value: 1206564305.300672.
[I 2025-01-09 15:27:04,289] Trial 66 finished with value: 1399686605.3251815 and parameters: {'dim': 128, 'depth': 3, 'heads': 2, 'weight_decay': -3, 'learning_rate': -3, 'dropout': 0.5}. Best is trial 62 with value: 1206564305.300672.
[I 2025-01-09 15:31:27,401] Trial 67 finished with value: 1256702156.4669461 and parameters: {'dim': 128, 'depth': 2, 'heads': 2, 'weight_decay': -2, 'learning_rate': -3, 'dropout': 0.3}. Best is trial 62 with value: 1206564305.300672.
[I 2025-01-09 15:35:05,853] Trial 68 finished with value: 1482008326.938791 and parameters: {'dim': 256, 'depth': 2, 'heads': 4, 'weight_decay': -2, 'learning_rate': -3, 'dropout': 0.3}. Best is trial 62 with value: 1206564305.300672.
[I 2025-01-09 15:38:54,707] Trial 69 finished with value: 1411771933.895364 and parameters: {'dim': 32, 'depth': 2, 'heads': 2, 'weight_decay': -1, 'learning_rate': -3, 'dropout': 0.3}. Best is trial 62 with value: 1206564305.300672.
[I 2025-01-09 15:42:14,415] Trial 70 finished with value: 1469806137.1816955 and parameters: {'dim': 64, 'depth': 2, 'heads': 2, 'weight_decay': -2, 'learning_rate': -3, 'dropout': 0.3}. Best is trial 62 with value: 1206564305.300672.
[I 2025-01-09 15:46:17,461] Trial 71 finished with value: 1347387536.5120137 and parameters: {'dim': 128, 'depth': 2, 'heads': 2, 'weight_decay': -6, 'learning_rate': -3, 'dropout': 0.3}. Best is trial 62 with value: 1206564305.300672.
[I 2025-01-09 15:50:52,413] Trial 72 finished with value: 1314821431.9596643 and parameters: {'dim': 128, 'depth': 3, 'heads': 2, 'weight_decay': -2, 'learning_rate': -3, 'dropout': 0.5}. Best is trial 62 with value: 1206564305.300672.
[I 2025-01-09 15:57:38,581] Trial 73 finished with value: 2236704081.437936 and parameters: {'dim': 128, 'depth': 12, 'heads': 2, 'weight_decay': -3, 'learning_rate': -3, 'dropout': 0}. Best is trial 62 with value: 1206564305.300672.
[I 2025-01-09 15:59:17,992] Trial 74 finished with value: 39039199056.3615 and parameters: {'dim': 128, 'depth': 3, 'heads': 2, 'weight_decay': -2, 'learning_rate': -6, 'dropout': 0.5}. Best is trial 62 with value: 1206564305.300672.
[I 2025-01-09 16:02:43,218] Trial 75 finished with value: 1387797553.3132172 and parameters: {'dim': 128, 'depth': 1, 'heads': 4, 'weight_decay': -1, 'learning_rate': -3, 'dropout': 0.2}. Best is trial 62 with value: 1206564305.300672.
[I 2025-01-09 16:08:24,062] Trial 76 finished with value: 1240545429.3000803 and parameters: {'dim': 128, 'depth': 3, 'heads': 2, 'weight_decay': -5, 'learning_rate': -3, 'dropout': 0.5}. Best is trial 62 with value: 1206564305.300672.
[I 2025-01-09 16:12:42,875] Trial 77 finished with value: 9839954298.41229 and parameters: {'dim': 128, 'depth': 2, 'heads': 2, 'weight_decay': -5, 'learning_rate': -4, 'dropout': 0.4}. Best is trial 62 with value: 1206564305.300672.
[I 2025-01-09 16:14:59,679] Trial 78 finished with value: 38992172510.075905 and parameters: {'dim': 32, 'depth': 6, 'heads': 4, 'weight_decay': -5, 'learning_rate': -5, 'dropout': 0.3}. Best is trial 62 with value: 1206564305.300672.
[I 2025-01-09 16:19:51,582] Trial 79 finished with value: 1358565321.5936806 and parameters: {'dim': 128, 'depth': 3, 'heads': 2, 'weight_decay': -5, 'learning_rate': -3, 'dropout': 0.5}. Best is trial 62 with value: 1206564305.300672.
[I 2025-01-09 16:24:50,075] Trial 80 finished with value: 1372876725.1354527 and parameters: {'dim': 128, 'depth': 3, 'heads': 2, 'weight_decay': -6, 'learning_rate': -3, 'dropout': 0.5}. Best is trial 62 with value: 1206564305.300672.
[I 2025-01-09 16:30:31,538] Trial 81 finished with value: 1176059515.8883579 and parameters: {'dim': 128, 'depth': 3, 'heads': 2, 'weight_decay': -4, 'learning_rate': -3, 'dropout': 0.5}. Best is trial 81 with value: 1176059515.8883579.
[I 2025-01-09 16:35:23,537] Trial 82 finished with value: 1281332188.2309322 and parameters: {'dim': 128, 'depth': 3, 'heads': 2, 'weight_decay': -4, 'learning_rate': -3, 'dropout': 0.5}. Best is trial 81 with value: 1176059515.8883579.
[I 2025-01-09 16:40:09,487] Trial 83 finished with value: 1335712217.0032983 and parameters: {'dim': 128, 'depth': 3, 'heads': 2, 'weight_decay': -5, 'learning_rate': -3, 'dropout': 0.5}. Best is trial 81 with value: 1176059515.8883579.
[I 2025-01-09 16:46:02,948] Trial 84 finished with value: 1271450987.4839792 and parameters: {'dim': 128, 'depth': 3, 'heads': 2, 'weight_decay': -2, 'learning_rate': -3, 'dropout': 0.5}. Best is trial 81 with value: 1176059515.8883579.
[I 2025-01-09 16:50:57,977] Trial 85 finished with value: 1430809803.0765448 and parameters: {'dim': 128, 'depth': 3, 'heads': 2, 'weight_decay': -4, 'learning_rate': -3, 'dropout': 0.5}. Best is trial 81 with value: 1176059515.8883579.
[I 2025-01-09 16:55:45,441] Trial 86 finished with value: 1387030069.436744 and parameters: {'dim': 256, 'depth': 3, 'heads': 8, 'weight_decay': -3, 'learning_rate': -3, 'dropout': 0.2}. Best is trial 81 with value: 1176059515.8883579.
[I 2025-01-09 16:59:19,807] Trial 87 finished with value: 1749671822.4443555 and parameters: {'dim': 32, 'depth': 3, 'heads': 2, 'weight_decay': -4, 'learning_rate': -3, 'dropout': 0.1}. Best is trial 81 with value: 1176059515.8883579.
[I 2025-01-09 17:03:26,167] Trial 88 finished with value: 1391272896.1920419 and parameters: {'dim': 128, 'depth': 3, 'heads': 4, 'weight_decay': -3, 'learning_rate': -3, 'dropout': 0.5}. Best is trial 81 with value: 1176059515.8883579.
[I 2025-01-09 17:07:29,097] Trial 89 finished with value: 1321949160.2524648 and parameters: {'dim': 128, 'depth': 2, 'heads': 2, 'weight_decay': -5, 'learning_rate': -3, 'dropout': 0.5}. Best is trial 81 with value: 1176059515.8883579.
[I 2025-01-09 17:12:22,013] Trial 90 finished with value: 2531139280.300573 and parameters: {'dim': 64, 'depth': 12, 'heads': 8, 'weight_decay': -2, 'learning_rate': -3, 'dropout': 0}. Best is trial 81 with value: 1176059515.8883579.
[I 2025-01-09 17:17:04,873] Trial 91 finished with value: 1393308469.1403337 and parameters: {'dim': 128, 'depth': 3, 'heads': 2, 'weight_decay': -2, 'learning_rate': -3, 'dropout': 0.5}. Best is trial 81 with value: 1176059515.8883579.
[I 2025-01-09 17:21:46,627] Trial 92 finished with value: 1314723276.0019348 and parameters: {'dim': 128, 'depth': 3, 'heads': 2, 'weight_decay': -2, 'learning_rate': -3, 'dropout': 0.5}. Best is trial 81 with value: 1176059515.8883579.
[I 2025-01-09 17:26:20,499] Trial 93 finished with value: 1378431767.2694848 and parameters: {'dim': 128, 'depth': 3, 'heads': 2, 'weight_decay': -2, 'learning_rate': -3, 'dropout': 0.5}. Best is trial 81 with value: 1176059515.8883579.
[I 2025-01-09 17:31:14,768] Trial 94 finished with value: 1284178107.8251786 and parameters: {'dim': 128, 'depth': 3, 'heads': 2, 'weight_decay': -2, 'learning_rate': -3, 'dropout': 0.5}. Best is trial 81 with value: 1176059515.8883579.
[I 2025-01-09 17:36:03,159] Trial 95 finished with value: 1549279198.1099753 and parameters: {'dim': 128, 'depth': 3, 'heads': 2, 'weight_decay': -4, 'learning_rate': -3, 'dropout': 0.5}. Best is trial 81 with value: 1176059515.8883579.
[I 2025-01-09 17:39:20,705] Trial 96 finished with value: 1310972555.8855186 and parameters: {'dim': 128, 'depth': 1, 'heads': 2, 'weight_decay': -2, 'learning_rate': -3, 'dropout': 0.3}. Best is trial 81 with value: 1176059515.8883579.
[I 2025-01-09 17:43:12,545] Trial 97 finished with value: 1595424265.3334365 and parameters: {'dim': 128, 'depth': 3, 'heads': 8, 'weight_decay': -1, 'learning_rate': -3, 'dropout': 0.5}. Best is trial 81 with value: 1176059515.8883579.
[I 2025-01-09 17:49:31,152] Trial 98 finished with value: 1461669249.2503104 and parameters: {'dim': 32, 'depth': 6, 'heads': 2, 'weight_decay': -5, 'learning_rate': -3, 'dropout': 0.1}. Best is trial 81 with value: 1176059515.8883579.
[I 2025-01-09 17:54:58,542] Trial 99 finished with value: 1196609532.2076383 and parameters: {'dim': 256, 'depth': 3, 'heads': 4, 'weight_decay': -3, 'learning_rate': -3, 'dropout': 0.4}. Best is trial 81 with value: 1176059515.8883579.
[I 2025-01-09 17:59:25,639] A new study created in RDB with name: TabTransformer_Mercedes_Benz
[I 2025-01-09 18:00:59,978] Trial 0 finished with value: 124.92623953317215 and parameters: {'dim': 64, 'depth': 6, 'heads': 8, 'weight_decay': -6, 'learning_rate': -3, 'dropout': 0.3}. Best is trial 0 with value: 124.92623953317215.
[I 2025-01-09 18:04:48,615] Trial 1 finished with value: 122.63207308425417 and parameters: {'dim': 64, 'depth': 12, 'heads': 4, 'weight_decay': -4, 'learning_rate': -4, 'dropout': 0.1}. Best is trial 1 with value: 122.63207308425417.
[I 2025-01-09 18:08:35,012] Trial 2 finished with value: 123.08680928563017 and parameters: {'dim': 128, 'depth': 6, 'heads': 8, 'weight_decay': -5, 'learning_rate': -4, 'dropout': 0.3}. Best is trial 1 with value: 122.63207308425417.
[I 2025-01-09 18:10:12,852] Trial 3 finished with value: 122.19041917700483 and parameters: {'dim': 64, 'depth': 6, 'heads': 4, 'weight_decay': -4, 'learning_rate': -3, 'dropout': 0.2}. Best is trial 3 with value: 122.19041917700483.
[I 2025-01-09 18:13:48,536] Trial 4 finished with value: 123.75701695005175 and parameters: {'dim': 256, 'depth': 2, 'heads': 2, 'weight_decay': -1, 'learning_rate': -4, 'dropout': 0.3}. Best is trial 3 with value: 122.19041917700483.
[I 2025-01-09 18:15:15,744] Trial 5 finished with value: 121.78796224833143 and parameters: {'dim': 32, 'depth': 2, 'heads': 2, 'weight_decay': -1, 'learning_rate': -3, 'dropout': 0.2}. Best is trial 5 with value: 121.78796224833143.
[I 2025-01-09 18:16:37,504] Trial 6 finished with value: 125.47718044125807 and parameters: {'dim': 256, 'depth': 3, 'heads': 8, 'weight_decay': -3, 'learning_rate': -3, 'dropout': 0}. Best is trial 5 with value: 121.78796224833143.
[I 2025-01-09 18:18:22,395] Trial 7 finished with value: 123.29828835410983 and parameters: {'dim': 32, 'depth': 12, 'heads': 4, 'weight_decay': -1, 'learning_rate': -3, 'dropout': 0.2}. Best is trial 5 with value: 121.78796224833143.
[I 2025-01-09 18:28:59,972] Trial 8 finished with value: 140.16067779777828 and parameters: {'dim': 64, 'depth': 2, 'heads': 2, 'weight_decay': -6, 'learning_rate': -5, 'dropout': 0}. Best is trial 5 with value: 121.78796224833143.
[I 2025-01-09 18:31:53,712] Trial 9 finished with value: 127.26556985063064 and parameters: {'dim': 256, 'depth': 1, 'heads': 8, 'weight_decay': -3, 'learning_rate': -4, 'dropout': 0}. Best is trial 5 with value: 121.78796224833143.
[I 2025-01-09 18:49:50,048] Trial 10 finished with value: 2961.621643685692 and parameters: {'dim': 32, 'depth': 2, 'heads': 2, 'weight_decay': -2, 'learning_rate': -6, 'dropout': 0.4}. Best is trial 5 with value: 121.78796224833143.
[I 2025-01-09 18:51:12,627] Trial 11 finished with value: 124.37600202649669 and parameters: {'dim': 32, 'depth': 6, 'heads': 4, 'weight_decay': -4, 'learning_rate': -3, 'dropout': 0.2}. Best is trial 5 with value: 121.78796224833143.
[I 2025-01-09 19:01:46,859] Trial 12 finished with value: 140.84369148676942 and parameters: {'dim': 128, 'depth': 1, 'heads': 2, 'weight_decay': -2, 'learning_rate': -5, 'dropout': 0.5}. Best is trial 5 with value: 121.78796224833143.
[I 2025-01-09 19:03:11,800] Trial 13 finished with value: 123.13426807681904 and parameters: {'dim': 32, 'depth': 3, 'heads': 4, 'weight_decay': -5, 'learning_rate': -3, 'dropout': 0.2}. Best is trial 5 with value: 121.78796224833143.
[I 2025-01-09 19:14:59,580] Trial 14 finished with value: 5662.507160989686 and parameters: {'dim': 64, 'depth': 6, 'heads': 2, 'weight_decay': -2, 'learning_rate': -6, 'dropout': 0.2}. Best is trial 5 with value: 121.78796224833143.
[I 2025-01-09 19:16:31,183] Trial 15 finished with value: 122.7736155197108 and parameters: {'dim': 32, 'depth': 2, 'heads': 4, 'weight_decay': -4, 'learning_rate': -3, 'dropout': 0.2}. Best is trial 5 with value: 121.78796224833143.
[I 2025-01-09 19:26:50,386] Trial 16 finished with value: 143.26838429987805 and parameters: {'dim': 64, 'depth': 2, 'heads': 2, 'weight_decay': -5, 'learning_rate': -5, 'dropout': 0.5}. Best is trial 5 with value: 121.78796224833143.
[I 2025-01-09 19:30:37,067] Trial 17 finished with value: 123.22094085701656 and parameters: {'dim': 128, 'depth': 6, 'heads': 4, 'weight_decay': -3, 'learning_rate': -4, 'dropout': 0.4}. Best is trial 5 with value: 121.78796224833143.
[I 2025-01-09 19:32:02,691] Trial 18 finished with value: 122.13650437462016 and parameters: {'dim': 32, 'depth': 3, 'heads': 4, 'weight_decay': -1, 'learning_rate': -3, 'dropout': 0.1}. Best is trial 5 with value: 121.78796224833143.
[I 2025-01-09 19:35:49,552] Trial 19 finished with value: 122.12138141442774 and parameters: {'dim': 32, 'depth': 3, 'heads': 2, 'weight_decay': -1, 'learning_rate': -4, 'dropout': 0.1}. Best is trial 5 with value: 121.78796224833143.
[I 2025-01-09 19:39:46,231] Trial 20 finished with value: 122.62318778864282 and parameters: {'dim': 32, 'depth': 3, 'heads': 2, 'weight_decay': -2, 'learning_rate': -4, 'dropout': 0.1}. Best is trial 5 with value: 121.78796224833143.
[I 2025-01-09 19:41:21,404] Trial 21 finished with value: 122.16305024503401 and parameters: {'dim': 32, 'depth': 3, 'heads': 2, 'weight_decay': -1, 'learning_rate': -3, 'dropout': 0.1}. Best is trial 5 with value: 121.78796224833143.
[I 2025-01-09 19:45:44,431] Trial 22 finished with value: 123.20599992196881 and parameters: {'dim': 32, 'depth': 3, 'heads': 2, 'weight_decay': -1, 'learning_rate': -4, 'dropout': 0.1}. Best is trial 5 with value: 121.78796224833143.
[I 2025-01-09 19:47:12,293] Trial 23 finished with value: 123.24960894293619 and parameters: {'dim': 32, 'depth': 3, 'heads': 2, 'weight_decay': -1, 'learning_rate': -3, 'dropout': 0.1}. Best is trial 5 with value: 121.78796224833143.
[I 2025-01-09 19:57:49,256] Trial 24 finished with value: 141.37005073919286 and parameters: {'dim': 32, 'depth': 3, 'heads': 2, 'weight_decay': -2, 'learning_rate': -5, 'dropout': 0.1}. Best is trial 5 with value: 121.78796224833143.
[I 2025-01-09 20:01:46,463] Trial 25 finished with value: 123.704707206392 and parameters: {'dim': 32, 'depth': 3, 'heads': 4, 'weight_decay': -1, 'learning_rate': -4, 'dropout': 0.1}. Best is trial 5 with value: 121.78796224833143.
[I 2025-01-09 20:03:08,608] Trial 26 finished with value: 125.71534178465421 and parameters: {'dim': 32, 'depth': 1, 'heads': 2, 'weight_decay': -2, 'learning_rate': -3, 'dropout': 0.1}. Best is trial 5 with value: 121.78796224833143.
[I 2025-01-09 20:04:31,464] Trial 27 finished with value: 122.97982536237741 and parameters: {'dim': 32, 'depth': 12, 'heads': 2, 'weight_decay': -1, 'learning_rate': -3, 'dropout': 0.4}. Best is trial 5 with value: 121.78796224833143.
[I 2025-01-09 20:08:35,063] Trial 28 finished with value: 124.7138272267903 and parameters: {'dim': 32, 'depth': 2, 'heads': 4, 'weight_decay': -2, 'learning_rate': -4, 'dropout': 0.5}. Best is trial 5 with value: 121.78796224833143.
