Trial 98 finished with value: 0.509119570441764 and parameters: {'max_depth': 5, 'n_estimators': 53}. Best is trial 89 with value: 0.4782203882368445.
Saved Losses
{'MSE - mean': 0.4369374485383405, 'MSE - std': 0.0, 'R2 - mean': 0.204918312649933, 'R2 - std': 0.0} 
 

Saved Losses
{'MSE - mean': 0.441824121356735, 'MSE - std': 0.004886672818394472, 'R2 - mean': 0.2999939580367172, 'R2 - std': 0.0950756453867842} 
 

Saved Losses
{'MSE - mean': 0.47374574387538687, 'MSE - std': 0.04531997001987792, 'R2 - mean': 0.2732325639368842, 'R2 - std': 0.0863631672578585} 
 

Saved Losses
{'MSE - mean': 0.4881380791687606, 'MSE - std': 0.04649562030495615, 'R2 - mean': 0.28550977352235496, 'R2 - std': 0.07775691043067078} 
 

Saved Losses
{'MSE - mean': 0.4893532555819074, 'MSE - std': 0.04165790178218765, 'R2 - mean': 0.2643726917674087, 'R2 - std': 0.08138804946821011} 
 

Saving model.....
Results After CV: {'MSE - mean': 0.4893532555819074, 'MSE - std': 0.04165790178218765, 'R2 - mean': 0.2643726917674087, 'R2 - std': 0.08138804946821011}
Train time: 0.31799553839999817
Inference time: 0.02377582840000514
Finished cross validation
Hyperparam was saved!!! Hurrah!!!
Trial 99 finished with value: 0.4893532555819074 and parameters: {'max_depth': 8, 'n_estimators': 71}. Best is trial 89 with value: 0.4782203882368445.
Saved Losses
{'MSE - mean': 0.44951598699609757, 'MSE - std': 0.0, 'R2 - mean': 0.18202953162453261, 'R2 - std': 0.0} 
 

Saved Losses
{'MSE - mean': 0.4609466965204051, 'MSE - std': 0.011430709524307525, 'R2 - mean': 0.27117085863730606, 'R2 - std': 0.08914132701277344} 
 

Saved Losses
{'MSE - mean': 0.5028830352591593, 'MSE - std': 0.060036825591541304, 'R2 - mean': 0.23022928006750418, 'R2 - std': 0.09300471224248083} 
 

Saved Losses
{'MSE - mean': 0.5130439385945358, 'MSE - std': 0.05489123053917133, 'R2 - mean': 0.24936354246590933, 'R2 - std': 0.08709631086947979} 
 

Saved Losses
{'MSE - mean': 0.5093273610950063, 'MSE - std': 0.04965571009786891, 'R2 - mean': 0.23537369504045622, 'R2 - std': 0.08277365050309354} 
 

Saving model.....
Results After CV: {'MSE - mean': 0.5093273610950063, 'MSE - std': 0.04965571009786891, 'R2 - mean': 0.23537369504045622, 'R2 - std': 0.08277365050309354}
Train time: 0.19245452199999705
Inference time: 0.014758482799993543
Finished cross validation
Hyperparam was saved!!! Hurrah!!!
Trial 100 finished with value: 0.5093273610950063 and parameters: {'max_depth': 9, 'n_estimators': 41}. Best is trial 89 with value: 0.4782203882368445.
Saved Losses
{'MSE - mean': 0.44202232594903673, 'MSE - std': 0.0, 'R2 - mean': 0.19566551702623658, 'R2 - std': 0.0} 
 

Saved Losses
{'MSE - mean': 0.45243012859605136, 'MSE - std': 0.01040780264701463, 'R2 - mean': 0.28444797248559694, 'R2 - std': 0.08878245545936037} 
 

Saved Losses
{'MSE - mean': 0.48789505079721923, 'MSE - std': 0.05086979769400746, 'R2 - mean': 0.2525942001350278, 'R2 - std': 0.08534757499495402} 
 

Saved Losses
{'MSE - mean': 0.5023222453786789, 'MSE - std': 0.050648139833026726, 'R2 - mean': 0.2654749046062271, 'R2 - std': 0.07720682651917894} 
 

Saved Losses
{'MSE - mean': 0.5022772095357219, 'MSE - std': 0.045301162984467264, 'R2 - mean': 0.24572830616666072, 'R2 - std': 0.07955141638377039} 
 

Saving model.....
Results After CV: {'MSE - mean': 0.5022772095357219, 'MSE - std': 0.045301162984467264, 'R2 - mean': 0.24572830616666072, 'R2 - std': 0.07955141638377039}
Train time: 0.3126495866000084
Inference time: 0.02288080899999727
Finished cross validation
Hyperparam was saved!!! Hurrah!!!
Trial 101 finished with value: 0.5022772095357219 and parameters: {'max_depth': 8, 'n_estimators': 70}. Best is trial 89 with value: 0.4782203882368445.
Saved Losses
{'MSE - mean': 0.4432545935362573, 'MSE - std': 0.0, 'R2 - mean': 0.19342319745442693, 'R2 - std': 0.0} 
 

Saved Losses
{'MSE - mean': 0.4401766658105003, 'MSE - std': 0.0030779277257569904, 'R2 - mean': 0.30075466594149114, 'R2 - std': 0.10733146848706421} 
 

Saved Losses
{'MSE - mean': 0.4876678860355179, 'MSE - std': 0.06720972962534696, 'R2 - mean': 0.25193808958204283, 'R2 - std': 0.1115622950342489} 
 

Saved Losses
{'MSE - mean': 0.4906608842104583, 'MSE - std': 0.058435733344074405, 'R2 - mean': 0.2796388455095607, 'R2 - std': 0.10787309623742772} 
 

Saved Losses
{'MSE - mean': 0.49368245948315026, 'MSE - std': 0.05261470910004151, 'R2 - mean': 0.2558407825542147, 'R2 - std': 0.10758566407837951} 
 

Saving model.....
Results After CV: {'MSE - mean': 0.49368245948315026, 'MSE - std': 0.05261470910004151, 'R2 - mean': 0.2558407825542147, 'R2 - std': 0.10758566407837951}
Train time: 0.31365712279999797
Inference time: 0.0213382222000007
Finished cross validation
Hyperparam was saved!!! Hurrah!!!
Trial 102 finished with value: 0.49368245948315026 and parameters: {'max_depth': 8, 'n_estimators': 64}. Best is trial 89 with value: 0.4782203882368445.
Saved Losses
{'MSE - mean': 0.4255242508169352, 'MSE - std': 0.0, 'R2 - mean': 0.22568655884341204, 'R2 - std': 0.0} 
 

Saved Losses
{'MSE - mean': 0.4478689937143035, 'MSE - std': 0.02234474289736832, 'R2 - mean': 0.29446437983695495, 'R2 - std': 0.0687778209935429} 
 

Saved Losses
{'MSE - mean': 0.48671028138534805, 'MSE - std': 0.05788047695601683, 'R2 - mean': 0.2565779093653981, 'R2 - std': 0.0776167619138902} 
 

Saved Losses
{'MSE - mean': 0.49323245149436934, 'MSE - std': 0.05138315208592238, 'R2 - mean': 0.2789228169674266, 'R2 - std': 0.07756388324940747} 
 

Saved Losses
{'MSE - mean': 0.4945365087511808, 'MSE - std': 0.04603243330461898, 'R2 - mean': 0.2572647447994477, 'R2 - std': 0.08178760999024054} 
 

Saving model.....
Results After CV: {'MSE - mean': 0.4945365087511808, 'MSE - std': 0.04603243330461898, 'R2 - mean': 0.2572647447994477, 'R2 - std': 0.08178760999024054}
Train time: 0.3199400619999949
Inference time: 0.025436648199996626
Finished cross validation
Hyperparam was saved!!! Hurrah!!!
Trial 103 finished with value: 0.4945365087511808 and parameters: {'max_depth': 7, 'n_estimators': 75}. Best is trial 89 with value: 0.4782203882368445.
Saved Losses
{'MSE - mean': 0.42802990344873837, 'MSE - std': 0.0, 'R2 - mean': 0.221127099522469, 'R2 - std': 0.0} 
 

Saved Losses
{'MSE - mean': 0.43537267373232214, 'MSE - std': 0.007342770283583738, 'R2 - mean': 0.3108035790920581, 'R2 - std': 0.08967647956958907} 
 

Saved Losses
{'MSE - mean': 0.4759039681416615, 'MSE - std': 0.05763259352673697, 'R2 - mean': 0.27106370725618073, 'R2 - std': 0.09230255766983851} 
 

Saved Losses
{'MSE - mean': 0.4880071388412047, 'MSE - std': 0.054134989613099656, 'R2 - mean': 0.2861146454079156, 'R2 - std': 0.08407980632730692} 
 

Saved Losses
{'MSE - mean': 0.48722811646684905, 'MSE - std': 0.04844486746568013, 'R2 - mean': 0.26820953395286873, 'R2 - std': 0.08329407620293629} 
 

Saving model.....
Results After CV: {'MSE - mean': 0.48722811646684905, 'MSE - std': 0.04844486746568013, 'R2 - mean': 0.26820953395286873, 'R2 - std': 0.08329407620293629}
Train time: 0.36359855580000155
Inference time: 0.027464543799999318
Finished cross validation
Hyperparam was saved!!! Hurrah!!!
Trial 104 finished with value: 0.48722811646684905 and parameters: {'max_depth': 7, 'n_estimators': 85}. Best is trial 89 with value: 0.4782203882368445.
Saved Losses
{'MSE - mean': 0.45962325320322317, 'MSE - std': 0.0, 'R2 - mean': 0.16363764899387134, 'R2 - std': 0.0} 
 

Saved Losses
{'MSE - mean': 0.4581961991989758, 'MSE - std': 0.0014270540042473356, 'R2 - mean': 0.2725431770875417, 'R2 - std': 0.10890552809367038} 
 

Saved Losses
{'MSE - mean': 0.4882416744958908, 'MSE - std': 0.04250669155622148, 'R2 - mean': 0.249734048519443, 'R2 - std': 0.09459099001303595} 
 

Saved Losses
{'MSE - mean': 0.49640299338171834, 'MSE - std': 0.03943267044165672, 'R2 - mean': 0.2712109926951944, 'R2 - std': 0.08996871087839219} 
 

Saved Losses
{'MSE - mean': 0.4964537347185459, 'MSE - std': 0.035269798656375945, 'R2 - mean': 0.2521228948370201, 'R2 - std': 0.08906692466380955} 
 

Saving model.....
Results After CV: {'MSE - mean': 0.4964537347185459, 'MSE - std': 0.035269798656375945, 'R2 - mean': 0.2521228948370201, 'R2 - std': 0.08906692466380955}
Train time: 0.4459643393999954
Inference time: 0.033197104200007745
Finished cross validation
Hyperparam was saved!!! Hurrah!!!
Trial 105 finished with value: 0.4964537347185459 and parameters: {'max_depth': 8, 'n_estimators': 100}. Best is trial 89 with value: 0.4782203882368445.
Saved Losses
{'MSE - mean': 0.4585671134811205, 'MSE - std': 0.0, 'R2 - mean': 0.16555947408608052, 'R2 - std': 0.0} 
 

Saved Losses
{'MSE - mean': 0.4544329064300813, 'MSE - std': 0.004134207051039229, 'R2 - mean': 0.2778851896701225, 'R2 - std': 0.11232571558404197} 
 

Saved Losses
{'MSE - mean': 0.4887227517801936, 'MSE - std': 0.0486105074398854, 'R2 - mean': 0.24895560590298368, 'R2 - std': 0.10042519216573365} 
 

Saved Losses
{'MSE - mean': 0.4964045600627469, 'MSE - std': 0.04415049955144427, 'R2 - mean': 0.27108535013945373, 'R2 - std': 0.09504257549150347} 
 

Saved Losses
{'MSE - mean': 0.49972434334554644, 'MSE - std': 0.04004369029813166, 'R2 - mean': 0.2465967033414552, 'R2 - std': 0.0981083493533298} 
 

Saving model.....
Results After CV: {'MSE - mean': 0.49972434334554644, 'MSE - std': 0.04004369029813166, 'R2 - mean': 0.2465967033414552, 'R2 - std': 0.0981083493533298}
Train time: 0.4099124639999957
Inference time: 0.02799239239998883
Finished cross validation
Hyperparam was saved!!! Hurrah!!!
Trial 106 finished with value: 0.49972434334554644 and parameters: {'max_depth': 9, 'n_estimators': 84}. Best is trial 89 with value: 0.4782203882368445.
Saved Losses
{'MSE - mean': 0.4641402285185601, 'MSE - std': 0.0, 'R2 - mean': 0.15541824741259092, 'R2 - std': 0.0} 
 

Saved Losses
{'MSE - mean': 0.4667279171848119, 'MSE - std': 0.002587688666251725, 'R2 - mean': 0.25993834307039976, 'R2 - std': 0.10452009565780884} 
 

Saved Losses
{'MSE - mean': 0.5003958234012215, 'MSE - std': 0.04766046481536035, 'R2 - mean': 0.23194518070082518, 'R2 - std': 0.09407550802295502} 
 

Saved Losses
{'MSE - mean': 0.5066172827697559, 'MSE - std': 0.04265864038896608, 'R2 - mean': 0.25646804829260156, 'R2 - std': 0.09187907276471717} 
 

Saved Losses
{'MSE - mean': 0.5050568152501336, 'MSE - std': 0.03828247530381608, 'R2 - mean': 0.2396121936875386, 'R2 - std': 0.08882505585447972} 
 

Saving model.....
Results After CV: {'MSE - mean': 0.5050568152501336, 'MSE - std': 0.03828247530381608, 'R2 - mean': 0.2396121936875386, 'R2 - std': 0.08882505585447972}
Train time: 0.44029540780000503
Inference time: 0.026220093199998473
Finished cross validation
Hyperparam was saved!!! Hurrah!!!
Trial 107 finished with value: 0.5050568152501336 and parameters: {'max_depth': 10, 'n_estimators': 88}. Best is trial 89 with value: 0.4782203882368445.
Saved Losses
{'MSE - mean': 0.4510816642712903, 'MSE - std': 0.0, 'R2 - mean': 0.17918051665918644, 'R2 - std': 0.0} 
 

Saved Losses
{'MSE - mean': 0.4560514943948776, 'MSE - std': 0.004969830123587232, 'R2 - mean': 0.27743548581491495, 'R2 - std': 0.09825496915572851} 
 

Saved Losses
{'MSE - mean': 0.4851746761919397, 'MSE - std': 0.04138581371606707, 'R2 - mean': 0.2553719148634326, 'R2 - std': 0.08607919784782093} 
 

Saved Losses
{'MSE - mean': 0.496766018334196, 'MSE - std': 0.04108122223939176, 'R2 - mean': 0.2720425562661066, 'R2 - std': 0.07994343050509449} 
 

Saved Losses
{'MSE - mean': 0.4999369435660281, 'MSE - std': 0.03728743117793603, 'R2 - mean': 0.24748953444883354, 'R2 - std': 0.08674194594414085} 
 

Saving model.....
Results After CV: {'MSE - mean': 0.4999369435660281, 'MSE - std': 0.03728743117793603, 'R2 - mean': 0.24748953444883354, 'R2 - std': 0.08674194594414085}
Train time: 0.22652380799999036
Inference time: 0.017489455400004773
Finished cross validation
Hyperparam was saved!!! Hurrah!!!
Trial 108 finished with value: 0.4999369435660281 and parameters: {'max_depth': 7, 'n_estimators': 55}. Best is trial 89 with value: 0.4782203882368445.
Saved Losses
{'MSE - mean': 0.44423289609307437, 'MSE - std': 0.0, 'R2 - mean': 0.19164301026695862, 'R2 - std': 0.0} 
 

Saved Losses
{'MSE - mean': 0.4913174454811366, 'MSE - std': 0.047084549388062225, 'R2 - mean': 0.2312727450400351, 'R2 - std': 0.039629734773076464} 
 

Saved Losses
{'MSE - mean': 0.5335011493279298, 'MSE - std': 0.07097111807760839, 'R2 - mean': 0.1885774960674241, 'R2 - std': 0.06850386233726342} 
 

Saved Losses
{'MSE - mean': 0.5491550944031555, 'MSE - std': 0.06717747159683758, 'R2 - mean': 0.2013558148285286, 'R2 - std': 0.0633201441677389} 
 

Saved Losses
{'MSE - mean': 0.5472374357842783, 'MSE - std': 0.06020763913681844, 'R2 - mean': 0.1819964112477274, 'R2 - std': 0.06860538283513871} 
 

Saving model.....
Results After CV: {'MSE - mean': 0.5472374357842783, 'MSE - std': 0.06020763913681844, 'R2 - mean': 0.1819964112477274, 'R2 - std': 0.06860538283513871}
Train time: 0.23979388179999434
Inference time: 0.02249011059999475
Finished cross validation
Hyperparam was saved!!! Hurrah!!!
Trial 109 finished with value: 0.5472374357842783 and parameters: {'max_depth': 3, 'n_estimators': 80}. Best is trial 89 with value: 0.4782203882368445.
Saved Losses
{'MSE - mean': 0.444610149807435, 'MSE - std': 0.0, 'R2 - mean': 0.19095653324198325, 'R2 - std': 0.0} 
 

Saved Losses
{'MSE - mean': 0.45031725413259094, 'MSE - std': 0.005707104325155893, 'R2 - mean': 0.2867069098421825, 'R2 - std': 0.09575037660019925} 
 

Saved Losses
{'MSE - mean': 0.48378645391700204, 'MSE - std': 0.04756142023674705, 'R2 - mean': 0.25801912713618563, 'R2 - std': 0.08807989270671432} 
 

Saved Losses
{'MSE - mean': 0.4956372411520361, 'MSE - std': 0.04602053884378668, 'R2 - mean': 0.27413970706046087, 'R2 - std': 0.08122911987523052} 
 

Saved Losses
{'MSE - mean': 0.5015683812529679, 'MSE - std': 0.04283719981471136, 'R2 - mean': 0.244961178287099, 'R2 - std': 0.09318842255385203} 
 

Saving model.....
Results After CV: {'MSE - mean': 0.5015683812529679, 'MSE - std': 0.04283719981471136, 'R2 - mean': 0.244961178287099, 'R2 - std': 0.09318842255385203}
Train time: 0.35005059440000535
Inference time: 0.024459906600014847
Finished cross validation
Hyperparam was saved!!! Hurrah!!!
Trial 110 finished with value: 0.5015683812529679 and parameters: {'max_depth': 11, 'n_estimators': 70}. Best is trial 89 with value: 0.4782203882368445.
Saved Losses
{'MSE - mean': 0.44984934436172774, 'MSE - std': 0.0, 'R2 - mean': 0.1814229314403587, 'R2 - std': 0.0} 
 

Saved Losses
{'MSE - mean': 0.4417848540103593, 'MSE - std': 0.008064490351368442, 'R2 - mean': 0.2970420099865037, 'R2 - std': 0.115619078546145} 
 

Saved Losses
{'MSE - mean': 0.48254507536189245, 'MSE - std': 0.0580185196783765, 'R2 - mean': 0.25845470272274884, 'R2 - std': 0.10904039670220676} 
 

Saved Losses
{'MSE - mean': 0.4995456594265897, 'MSE - std': 0.0582380549544294, 'R2 - mean': 0.26829397528481624, 'R2 - std': 0.0959572297348299} 
 

Saved Losses
{'MSE - mean': 0.49733324210626384, 'MSE - std': 0.052277299064672635, 'R2 - mean': 0.252502033017159, 'R2 - std': 0.09145366976259844} 
 

Saving model.....
Results After CV: {'MSE - mean': 0.49733324210626384, 'MSE - std': 0.052277299064672635, 'R2 - mean': 0.252502033017159, 'R2 - std': 0.09145366976259844}
Train time: 0.07821929180000212
Inference time: 0.00927311119999672
Finished cross validation
Hyperparam was saved!!! Hurrah!!!
Trial 111 finished with value: 0.49733324210626384 and parameters: {'max_depth': 6, 'n_estimators': 18}. Best is trial 89 with value: 0.4782203882368445.
Saved Losses
{'MSE - mean': 0.44082803686507926, 'MSE - std': 0.0, 'R2 - mean': 0.19783872827931903, 'R2 - std': 0.0} 
 

Saved Losses
{'MSE - mean': 0.4423669777575071, 'MSE - std': 0.0015389408924278425, 'R2 - mean': 0.2983533302391174, 'R2 - std': 0.10051460195979839} 
 

Saved Losses
{'MSE - mean': 0.4795858836878068, 'MSE - std': 0.052650477775710434, 'R2 - mean': 0.26418735895369466, 'R2 - std': 0.09523698857329788} 
 

Saved Losses
{'MSE - mean': 0.4918341500378432, 'MSE - std': 0.05029030416742612, 'R2 - mean': 0.27959831163285775, 'R2 - std': 0.0866894190880356} 
 

Saved Losses
{'MSE - mean': 0.4928456696539465, 'MSE - std': 0.045026486009201706, 'R2 - mean': 0.25875473491639267, 'R2 - std': 0.08803330657653115} 
 

Saving model.....
Results After CV: {'MSE - mean': 0.4928456696539465, 'MSE - std': 0.045026486009201706, 'R2 - mean': 0.25875473491639267, 'R2 - std': 0.08803330657653115}
Train time: 0.38356761200000167
Inference time: 0.029603961400005117
Finished cross validation
Hyperparam was saved!!! Hurrah!!!
Trial 112 finished with value: 0.4928456696539465 and parameters: {'max_depth': 7, 'n_estimators': 92}. Best is trial 89 with value: 0.4782203882368445.
Saved Losses
{'MSE - mean': 0.4259885406681285, 'MSE - std': 0.0, 'R2 - mean': 0.2248417048270278, 'R2 - std': 0.0} 
 

Saved Losses
{'MSE - mean': 0.44612912308386155, 'MSE - std': 0.02014058241573302, 'R2 - mean': 0.2967124326289482, 'R2 - std': 0.07187072780192039} 
 

Saved Losses
{'MSE - mean': 0.48488892042198123, 'MSE - std': 0.05722824902162247, 'R2 - mean': 0.2590366770061042, 'R2 - std': 0.07926238788578313} 
 

Saved Losses
{'MSE - mean': 0.4937598046297602, 'MSE - std': 0.05188816940733307, 'R2 - mean': 0.2783520147665318, 'R2 - std': 0.0763619107828992} 
 

Saved Losses
{'MSE - mean': 0.49397262933862773, 'MSE - std': 0.04641214148239763, 'R2 - mean': 0.2584440299308703, 'R2 - std': 0.07905836183225706} 
 

Saving model.....
Results After CV: {'MSE - mean': 0.49397262933862773, 'MSE - std': 0.04641214148239763, 'R2 - mean': 0.2584440299308703, 'R2 - std': 0.07905836183225706}
Train time: 0.2590073294000092
Inference time: 0.020953078999997387
Finished cross validation
Hyperparam was saved!!! Hurrah!!!
Trial 113 finished with value: 0.49397262933862773 and parameters: {'max_depth': 6, 'n_estimators': 66}. Best is trial 89 with value: 0.4782203882368445.
Saved Losses
{'MSE - mean': 0.4449333101735385, 'MSE - std': 0.0, 'R2 - mean': 0.1903684882254123, 'R2 - std': 0.0} 
 

Saved Losses
{'MSE - mean': 0.45306717079431846, 'MSE - std': 0.008133860620780003, 'R2 - mean': 0.2829077931366322, 'R2 - std': 0.09253930491121992} 
 

Saved Losses
{'MSE - mean': 0.48774487996803506, 'MSE - std': 0.0494893269921834, 'R2 - mean': 0.2524018097681238, 'R2 - std': 0.08700715685999963} 
 

Saved Losses
{'MSE - mean': 0.49587933064510553, 'MSE - std': 0.04511544057257466, 'R2 - mean': 0.27340448977873316, 'R2 - std': 0.0836721083248748} 
 

Saved Losses
{'MSE - mean': 0.49577917276906225, 'MSE - std': 0.04035297397771999, 'R2 - mean': 0.2543019276686847, 'R2 - std': 0.08402647729077252} 
 

Saving model.....
Results After CV: {'MSE - mean': 0.49577917276906225, 'MSE - std': 0.04035297397771999, 'R2 - mean': 0.2543019276686847, 'R2 - std': 0.08402647729077252}
Train time: 0.25967840219999516
Inference time: 0.023681107800001655
Finished cross validation
Hyperparam was saved!!! Hurrah!!!
Trial 114 finished with value: 0.49577917276906225 and parameters: {'max_depth': 7, 'n_estimators': 61}. Best is trial 89 with value: 0.4782203882368445.
Saved Losses
{'MSE - mean': 0.438597870905947, 'MSE - std': 0.0, 'R2 - mean': 0.20189689294290925, 'R2 - std': 0.0} 
 

Saved Losses
{'MSE - mean': 0.44271951289115125, 'MSE - std': 0.004121641985204261, 'R2 - mean': 0.29839498173462276, 'R2 - std': 0.09649808879171351} 
 

Saved Losses
{'MSE - mean': 0.47413504496272457, 'MSE - std': 0.0445555450995298, 'R2 - mean': 0.27246794194972956, 'R2 - std': 0.08690422052073854} 
 

Saved Losses
{'MSE - mean': 0.48317136015626877, 'MSE - std': 0.0416396737039138, 'R2 - mean': 0.2916434378160796, 'R2 - std': 0.08226394461365857} 
 

Saved Losses
{'MSE - mean': 0.4841735201877008, 'MSE - std': 0.037297550051566764, 'R2 - mean': 0.27128164521722303, 'R2 - std': 0.08409694202570428} 
 

Saving model.....
Results After CV: {'MSE - mean': 0.4841735201877008, 'MSE - std': 0.037297550051566764, 'R2 - mean': 0.27128164521722303, 'R2 - std': 0.08409694202570428}
Train time: 0.3155200711999953
Inference time: 0.024281353000003492
Finished cross validation
Hyperparam was saved!!! Hurrah!!!
Trial 115 finished with value: 0.4841735201877008 and parameters: {'max_depth': 7, 'n_estimators': 75}. Best is trial 89 with value: 0.4782203882368445.
Saved Losses
{'MSE - mean': 0.45134466016103925, 'MSE - std': 0.0, 'R2 - mean': 0.17870195109679943, 'R2 - std': 0.0} 
 

Saved Losses
{'MSE - mean': 0.45248472026788, 'MSE - std': 0.001140060106840729, 'R2 - mean': 0.28220435869115623, 'R2 - std': 0.1035024075943568} 
 

Saved Losses
{'MSE - mean': 0.48877566637357117, 'MSE - std': 0.051331589005768855, 'R2 - mean': 0.24987310234842153, 'R2 - std': 0.09608565202612109} 
 

Saved Losses
{'MSE - mean': 0.4993019388265463, 'MSE - std': 0.048047957892668726, 'R2 - mean': 0.2681286670411681, 'R2 - std': 0.08901761803551465} 
 

Saved Losses
{'MSE - mean': 0.49587631721481484, 'MSE - std': 0.043518094395683035, 'R2 - mean': 0.2544640602007514, 'R2 - std': 0.08417954013289734} 
 

Saving model.....
Results After CV: {'MSE - mean': 0.49587631721481484, 'MSE - std': 0.043518094395683035, 'R2 - mean': 0.2544640602007514, 'R2 - std': 0.08417954013289734}
Train time: 0.3389098180000019
Inference time: 0.02551902619999282
Finished cross validation
Hyperparam was saved!!! Hurrah!!!
