Trial 108 finished with value: 12735955.000485178 and parameters: {'max_depth': 9, 'n_estimators': 71}. Best is trial 89 with value: 12514438.98390945.
Saved Losses
{'MSE - mean': 12437937.101104112, 'MSE - std': 0.0, 'R2 - mean': 0.5131049615828672, 'R2 - std': 0.0} 
 

Saved Losses
{'MSE - mean': 12516365.550306741, 'MSE - std': 78428.44920262974, 'R2 - mean': 0.5129165890275666, 'R2 - std': 0.00018837255530052} 
 

Saved Losses
{'MSE - mean': 12572717.536812939, 'MSE - std': 102233.91737876815, 'R2 - mean': 0.5113924416723384, 'R2 - std': 0.002160950362061163} 
 

Saved Losses
{'MSE - mean': 12571174.908573749, 'MSE - std': 88577.47740035065, 'R2 - mean': 0.5120963274033952, 'R2 - std': 0.002233527527841305} 
 

Saved Losses
{'MSE - mean': 12572599.01772634, 'MSE - std': 79277.28520579952, 'R2 - mean': 0.5132180718248562, 'R2 - std': 0.0030040236953818578} 
 

Saving model.....
Results After CV: {'MSE - mean': 12572599.01772634, 'MSE - std': 79277.28520579952, 'R2 - mean': 0.5132180718248562, 'R2 - std': 0.0030040236953818578}
Train time: 63.262518206799726
Inference time: 0.37851004640033353
Finished cross validation
Hyperparam was saved!!! Hurrah!!!
Trial 109 finished with value: 12572599.01772634 and parameters: {'max_depth': 11, 'n_estimators': 77}. Best is trial 89 with value: 12514438.98390945.
Saved Losses
{'MSE - mean': 12406541.237422159, 'MSE - std': 0.0, 'R2 - mean': 0.5143339829333777, 'R2 - std': 0.0} 
 

Saved Losses
{'MSE - mean': 12459195.636159293, 'MSE - std': 52654.39873713348, 'R2 - mean': 0.5151355822204156, 'R2 - std': 0.0008015992870378241} 
 

Saved Losses
{'MSE - mean': 12522636.256846892, 'MSE - std': 99487.42890788631, 'R2 - mean': 0.5133356209707808, 'R2 - std': 0.002628325565518787} 
 

Saved Losses
{'MSE - mean': 12522742.08368037, 'MSE - std': 86158.83576849417, 'R2 - mean': 0.5139739916215427, 'R2 - std': 0.002530538030149375} 
 

Saved Losses
{'MSE - mean': 12524552.540711395, 'MSE - std': 77147.82565588367, 'R2 - mean': 0.5150768053925875, 'R2 - std': 0.0031603308421825557} 
 

Saving model.....
Results After CV: {'MSE - mean': 12524552.540711395, 'MSE - std': 77147.82565588367, 'R2 - mean': 0.5150768053925875, 'R2 - std': 0.0031603308421825557}
Train time: 41.75170865779946
Inference time: 0.3089954936003778
Finished cross validation
Hyperparam was saved!!! Hurrah!!!
Trial 110 finished with value: 12524552.540711395 and parameters: {'max_depth': 12, 'n_estimators': 55}. Best is trial 89 with value: 12514438.98390945.
Saved Losses
{'MSE - mean': 12409185.130522966, 'MSE - std': 0.0, 'R2 - mean': 0.5142304851891437, 'R2 - std': 0.0} 
 

Saved Losses
{'MSE - mean': 12462616.276673969, 'MSE - std': 53431.1461510025, 'R2 - mean': 0.5150026383441493, 'R2 - std': 0.0007721531550055616} 
 

Saved Losses
{'MSE - mean': 12522135.92495957, 'MSE - std': 94807.35897996741, 'R2 - mean': 0.5133547671207455, 'R2 - std': 0.002414216118681484} 
 

Saved Losses
{'MSE - mean': 12524793.445829794, 'MSE - std': 82234.50455310302, 'R2 - mean': 0.5138945443770023, 'R2 - std': 0.0022902855847890882} 
 

Saved Losses
{'MSE - mean': 12526737.743690373, 'MSE - std': 73655.49652237819, 'R2 - mean': 0.514992384430044, 'R2 - std': 0.003002888205738727} 
 

Saving model.....
Results After CV: {'MSE - mean': 12526737.743690373, 'MSE - std': 73655.49652237819, 'R2 - mean': 0.514992384430044, 'R2 - std': 0.003002888205738727}
Train time: 46.70001864279948
Inference time: 0.3362863060003292
Finished cross validation
Hyperparam was saved!!! Hurrah!!!
Trial 111 finished with value: 12526737.743690373 and parameters: {'max_depth': 12, 'n_estimators': 56}. Best is trial 89 with value: 12514438.98390945.
Saved Losses
{'MSE - mean': 12408638.339042742, 'MSE - std': 0.0, 'R2 - mean': 0.5142518898687627, 'R2 - std': 0.0} 
 

Saved Losses
{'MSE - mean': 12463687.935609069, 'MSE - std': 55049.59656632785, 'R2 - mean': 0.5149613027395066, 'R2 - std': 0.0007094128707438863} 
 

Saved Losses
{'MSE - mean': 12518909.162678381, 'MSE - std': 90105.90006296858, 'R2 - mean': 0.5134799613662641, 'R2 - std': 0.002173535278974145} 
 

Saved Losses
{'MSE - mean': 12523452.523926135, 'MSE - std': 78429.78588457976, 'R2 - mean': 0.5139467227653095, 'R2 - std': 0.0020486069212090506} 
 

Saved Losses
{'MSE - mean': 12525459.849179337, 'MSE - std': 70264.51785794433, 'R2 - mean': 0.5150419935626372, 'R2 - std': 0.0028558544661827128} 
 

Saving model.....
Results After CV: {'MSE - mean': 12525459.849179337, 'MSE - std': 70264.51785794433, 'R2 - mean': 0.5150419935626372, 'R2 - std': 0.0028558544661827128}
Train time: 46.8548086251998
Inference time: 0.3381800216000556
Finished cross validation
Hyperparam was saved!!! Hurrah!!!
Trial 112 finished with value: 12525459.849179337 and parameters: {'max_depth': 12, 'n_estimators': 56}. Best is trial 89 with value: 12514438.98390945.
Saved Losses
{'MSE - mean': 12387561.301823918, 'MSE - std': 0.0, 'R2 - mean': 0.5150769708096743, 'R2 - std': 0.0} 
 

Saved Losses
{'MSE - mean': 12454284.021062221, 'MSE - std': 66722.71923830267, 'R2 - mean': 0.515329947252221, 'R2 - std': 0.00025297644254673735} 
 

Saved Losses
{'MSE - mean': 12515849.042249998, 'MSE - std': 102705.65308721704, 'R2 - mean': 0.513601345354452, 'R2 - std': 0.002453323004062854} 
 

Saved Losses
{'MSE - mean': 12518110.039490156, 'MSE - std': 89031.87467201754, 'R2 - mean': 0.514155565569968, 'R2 - std': 0.0023314320628227167} 
 

Saved Losses
{'MSE - mean': 12520685.299397856, 'MSE - std': 79798.91992038437, 'R2 - mean': 0.5152282610776711, 'R2 - std': 0.002991849424658799} 
 

Saving model.....
Results After CV: {'MSE - mean': 12520685.299397856, 'MSE - std': 79798.91992038437, 'R2 - mean': 0.5152282610776711, 'R2 - std': 0.002991849424658799}
Train time: 74.17319723220025
Inference time: 0.4605266449994815
Finished cross validation
Hyperparam was saved!!! Hurrah!!!
Trial 113 finished with value: 12520685.299397856 and parameters: {'max_depth': 12, 'n_estimators': 87}. Best is trial 89 with value: 12514438.98390945.
Saved Losses
{'MSE - mean': 12432151.361137055, 'MSE - std': 0.0, 'R2 - mean': 0.5133314499515278, 'R2 - std': 0.0} 
 

Saved Losses
{'MSE - mean': 12509972.594786862, 'MSE - std': 77821.23364980705, 'R2 - mean': 0.5131652457420157, 'R2 - std': 0.00016620420951207748} 
 

Saved Losses
{'MSE - mean': 12571583.150026098, 'MSE - std': 107838.53967062343, 'R2 - mean': 0.5114369953404397, 'R2 - std': 0.002447879652665653} 
 

Saved Losses
{'MSE - mean': 12571740.66499189, 'MSE - std': 93391.3133627149, 'R2 - mean': 0.5120749824262352, 'R2 - std': 0.0023906418929600854} 
 

Saved Losses
{'MSE - mean': 12574681.72270983, 'MSE - std': 83738.57660177472, 'R2 - mean': 0.5131384922289612, 'R2 - std': 0.003016015140923347} 
 

Saving model.....
Results After CV: {'MSE - mean': 12574681.72270983, 'MSE - std': 83738.57660177472, 'R2 - mean': 0.5131384922289612, 'R2 - std': 0.003016015140923347}
Train time: 66.16954992900028
Inference time: 0.3923374922000221
Finished cross validation
Hyperparam was saved!!! Hurrah!!!
Trial 114 finished with value: 12574681.72270983 and parameters: {'max_depth': 11, 'n_estimators': 84}. Best is trial 89 with value: 12514438.98390945.
Saved Losses
{'MSE - mean': 12388532.444224006, 'MSE - std': 0.0, 'R2 - mean': 0.5150389545042087, 'R2 - std': 0.0} 
 

Saved Losses
{'MSE - mean': 12450710.516838077, 'MSE - std': 62178.07261407282, 'R2 - mean': 0.5154679780253725, 'R2 - std': 0.00042902352116380715} 
 

Saved Losses
{'MSE - mean': 12511064.283166638, 'MSE - std': 99310.43598779246, 'R2 - mean': 0.5137864778958465, 'R2 - std': 0.0024036623776366945} 
 

Saved Losses
{'MSE - mean': 12517250.461808205, 'MSE - std': 86670.22810988915, 'R2 - mean': 0.5141889188248662, 'R2 - std': 0.0021952381928392523} 
 

Saved Losses
{'MSE - mean': 12518200.960821256, 'MSE - std': 77543.51388730989, 'R2 - mean': 0.5153238344127302, 'R2 - std': 0.0030012314380846606} 
 

Saving model.....
Results After CV: {'MSE - mean': 12518200.960821256, 'MSE - std': 77543.51388730989, 'R2 - mean': 0.5153238344127302, 'R2 - std': 0.0030012314380846606}
Train time: 57.43561086839982
Inference time: 0.38492638580028143
Finished cross validation
Hyperparam was saved!!! Hurrah!!!
Trial 115 finished with value: 12518200.960821256 and parameters: {'max_depth': 12, 'n_estimators': 68}. Best is trial 89 with value: 12514438.98390945.
Saved Losses
{'MSE - mean': 12511383.708365154, 'MSE - std': 0.0, 'R2 - mean': 0.5102298233366063, 'R2 - std': 0.0} 
 

Saved Losses
{'MSE - mean': 12588536.901925774, 'MSE - std': 77153.19356062077, 'R2 - mean': 0.5101075934589849, 'R2 - std': 0.0001222298776213382} 
 

Saved Losses
{'MSE - mean': 12646961.684426516, 'MSE - std': 103900.53226485441, 'R2 - mean': 0.5085070465536946, 'R2 - std': 0.002265714211323069} 
 

Saved Losses
{'MSE - mean': 12646745.356720539, 'MSE - std': 89981.2805350044, 'R2 - mean': 0.5091634851719529, 'R2 - std': 0.0022677809956356413} 
 

Saved Losses
{'MSE - mean': 12648285.397806343, 'MSE - std': 80540.62070507774, 'R2 - mean': 0.5102878268234006, 'R2 - std': 0.0030283396625963013} 
 

Saving model.....
Results After CV: {'MSE - mean': 12648285.397806343, 'MSE - std': 80540.62070507774, 'R2 - mean': 0.5102878268234006, 'R2 - std': 0.0030283396625963013}
Train time: 55.88854521859976
Inference time: 0.33565727660061384
Finished cross validation
Hyperparam was saved!!! Hurrah!!!
Trial 116 finished with value: 12648285.397806343 and parameters: {'max_depth': 10, 'n_estimators': 68}. Best is trial 89 with value: 12514438.98390945.
Saved Losses
{'MSE - mean': 12442407.859152485, 'MSE - std': 0.0, 'R2 - mean': 0.5129299494491009, 'R2 - std': 0.0} 
 

Saved Losses
{'MSE - mean': 12511523.34262703, 'MSE - std': 69115.48347454611, 'R2 - mean': 0.5131029031038645, 'R2 - std': 0.0001729536547636079} 
 

Saved Losses
{'MSE - mean': 12569126.93001146, 'MSE - std': 99100.85736120005, 'R2 - mean': 0.5115306994415167, 'R2 - std': 0.0022279117329007526} 
 

Saved Losses
{'MSE - mean': 12571340.048234312, 'MSE - std': 85909.42104390316, 'R2 - mean': 0.5120895337674043, 'R2 - std': 0.002158606130948447} 
 

Saved Losses
{'MSE - mean': 12574292.173558576, 'MSE - std': 77066.22525464415, 'R2 - mean': 0.5131527811358045, 'R2 - std': 0.00287221938725004} 
 

Saving model.....
Results After CV: {'MSE - mean': 12574292.173558576, 'MSE - std': 77066.22525464415, 'R2 - mean': 0.5131527811358045, 'R2 - std': 0.00287221938725004}
Train time: 64.37440660339999
Inference time: 0.39683289939966926
Finished cross validation
Hyperparam was saved!!! Hurrah!!!
Trial 117 finished with value: 12574292.173558576 and parameters: {'max_depth': 11, 'n_estimators': 79}. Best is trial 89 with value: 12514438.98390945.
Saved Losses
{'MSE - mean': 12389570.284125434, 'MSE - std': 0.0, 'R2 - mean': 0.5149983272607542, 'R2 - std': 0.0} 
 

Saved Losses
{'MSE - mean': 12454567.87678273, 'MSE - std': 64997.59265729599, 'R2 - mean': 0.5153185056726561, 'R2 - std': 0.0003201784119019613} 
 

Saved Losses
{'MSE - mean': 12510772.000368804, 'MSE - std': 95573.34905882376, 'R2 - mean': 0.5137978257052497, 'R2 - std': 0.002166397455879612} 
 

Saved Losses
{'MSE - mean': 12515196.848789204, 'MSE - std': 83123.02110950006, 'R2 - mean': 0.5142683431411684, 'R2 - std': 0.002045511775850235} 
 

Saved Losses
{'MSE - mean': 12516042.564350806, 'MSE - std': 74366.72811103672, 'R2 - mean': 0.5154071401344447, 'R2 - std': 0.002921425868936866} 
 

Saving model.....
Results After CV: {'MSE - mean': 12516042.564350806, 'MSE - std': 74366.72811103672, 'R2 - mean': 0.5154071401344447, 'R2 - std': 0.002921425868936866}
Train time: 75.39921019779976
Inference time: 0.45980651440040676
Finished cross validation
Hyperparam was saved!!! Hurrah!!!
Trial 118 finished with value: 12516042.564350806 and parameters: {'max_depth': 12, 'n_estimators': 92}. Best is trial 89 with value: 12514438.98390945.
Saved Losses
{'MSE - mean': 12445160.296796111, 'MSE - std': 0.0, 'R2 - mean': 0.5128222026240976, 'R2 - std': 0.0} 
 

Saved Losses
{'MSE - mean': 12514709.260854896, 'MSE - std': 69548.96405878477, 'R2 - mean': 0.5129790154094881, 'R2 - std': 0.00015681278539048105} 
 

Saved Losses
{'MSE - mean': 12573509.26456529, 'MSE - std': 100695.51367258104, 'R2 - mean': 0.5113605780189819, 'R2 - std': 0.0022923945283809424} 
 

Saved Losses
{'MSE - mean': 12573988.165132731, 'MSE - std': 87208.81774567983, 'R2 - mean': 0.5119866307317986, 'R2 - std': 0.002262107535681843} 
 

Saved Losses
{'MSE - mean': 12572938.890973672, 'MSE - std': 78030.16223950093, 'R2 - mean': 0.5132035785000688, 'R2 - std': 0.0031650516402077743} 
 

Saving model.....
Results After CV: {'MSE - mean': 12572938.890973672, 'MSE - std': 78030.16223950093, 'R2 - mean': 0.5132035785000688, 'R2 - std': 0.0031650516402077743}
Train time: 80.8210203446004
Inference time: 0.4430856811995909
Finished cross validation
Hyperparam was saved!!! Hurrah!!!
Trial 119 finished with value: 12572938.890973672 and parameters: {'max_depth': 11, 'n_estimators': 98}. Best is trial 89 with value: 12514438.98390945.
Saved Losses
{'MSE - mean': 12393604.287956739, 'MSE - std': 0.0, 'R2 - mean': 0.5148404122918608, 'R2 - std': 0.0} 
 

Saved Losses
{'MSE - mean': 12456469.923814312, 'MSE - std': 62865.63585757371, 'R2 - mean': 0.5152439956028625, 'R2 - std': 0.0004035833110017095} 
 

Saved Losses
{'MSE - mean': 12512251.510587202, 'MSE - std': 94116.39758115758, 'R2 - mean': 0.5137399559228314, 'R2 - std': 0.0021524072672620548} 
 

Saved Losses
{'MSE - mean': 12512914.063106932, 'MSE - std': 81515.26941478565, 'R2 - mean': 0.5143560834119701, 'R2 - std': 0.0021479017742297127} 
 

Saved Losses
{'MSE - mean': 12514144.696877208, 'MSE - std': 72951.00517551658, 'R2 - mean': 0.5154800792330664, 'R2 - std': 0.002957068150847849} 
 

Saving model.....
Results After CV: {'MSE - mean': 12514144.696877208, 'MSE - std': 72951.00517551658, 'R2 - mean': 0.5154800792330664, 'R2 - std': 0.002957068150847849}
Train time: 78.5607479305996
Inference time: 0.45132326019956964
Finished cross validation
Hyperparam was saved!!! Hurrah!!!
Trial 120 finished with value: 12514144.696877208 and parameters: {'max_depth': 12, 'n_estimators': 90}. Best is trial 120 with value: 12514144.696877208.
Saved Losses
{'MSE - mean': 12402257.724697933, 'MSE - std': 0.0, 'R2 - mean': 0.5145016651684196, 'R2 - std': 0.0} 
 

Saved Losses
{'MSE - mean': 12458653.789137289, 'MSE - std': 56396.064439355396, 'R2 - mean': 0.5151575254873113, 'R2 - std': 0.0006558603188916989} 
 

Saved Losses
{'MSE - mean': 12516646.177115902, 'MSE - std': 94056.25010114562, 'R2 - mean': 0.5135684101856279, 'R2 - std': 0.0023102691162184656} 
 

Saved Losses
{'MSE - mean': 12514042.9103867, 'MSE - std': 81579.80528480724, 'R2 - mean': 0.514311200936177, 'R2 - std': 0.002378701712976773} 
 

Saved Losses
{'MSE - mean': 12516541.711207746, 'MSE - std': 73138.14139297431, 'R2 - mean': 0.5153868906074057, 'R2 - std': 0.003025724796905321} 
 

Saving model.....
Results After CV: {'MSE - mean': 12516541.711207746, 'MSE - std': 73138.14139297431, 'R2 - mean': 0.5153868906074057, 'R2 - std': 0.003025724796905321}
Train time: 73.43485521420007
Inference time: 0.4406544639998174
Finished cross validation
Hyperparam was saved!!! Hurrah!!!
Trial 121 finished with value: 12516541.711207746 and parameters: {'max_depth': 12, 'n_estimators': 91}. Best is trial 120 with value: 12514144.696877208.
Saved Losses
{'MSE - mean': 12390060.690598218, 'MSE - std': 0.0, 'R2 - mean': 0.5149791298266087, 'R2 - std': 0.0} 
 

Saved Losses
{'MSE - mean': 12453145.407826569, 'MSE - std': 63084.71722835116, 'R2 - mean': 0.5153734264390808, 'R2 - std': 0.00039429661247214476} 
 

Saved Losses
{'MSE - mean': 12511265.924197221, 'MSE - std': 97000.5663810112, 'R2 - mean': 0.5137785419982093, 'R2 - std': 0.0022783676843753558} 
 

Saved Losses
{'MSE - mean': 12515344.87042883, 'MSE - std': 84301.51728028848, 'R2 - mean': 0.5142624786224634, 'R2 - std': 0.002143782509441695} 
 

Saved Losses
{'MSE - mean': 12515980.691081587, 'MSE - std': 75412.2915990285, 'R2 - mean': 0.5154093614781653, 'R2 - std': 0.0029896494605625517} 
 

Saving model.....
Results After CV: {'MSE - mean': 12515980.691081587, 'MSE - std': 75412.2915990285, 'R2 - mean': 0.5154093614781653, 'R2 - std': 0.0029896494605625517}
Train time: 78.1899543735999
Inference time: 0.46049853700023957
Finished cross validation
Hyperparam was saved!!! Hurrah!!!
Trial 122 finished with value: 12515980.691081587 and parameters: {'max_depth': 12, 'n_estimators': 94}. Best is trial 120 with value: 12514144.696877208.
Saved Losses
{'MSE - mean': 12438852.722108299, 'MSE - std': 0.0, 'R2 - mean': 0.5130691187159686, 'R2 - std': 0.0} 
 

Saved Losses
{'MSE - mean': 12516749.751231387, 'MSE - std': 77897.02912308834, 'R2 - mean': 0.512901515427126, 'R2 - std': 0.00016760328884257714} 
 

Saved Losses
{'MSE - mean': 12571486.502411177, 'MSE - std': 100187.43412676742, 'R2 - mean': 0.5114400316064875, 'R2 - std': 0.0020713756679068356} 
 

Saved Losses
{'MSE - mean': 12576756.30897978, 'MSE - std': 87243.647628297, 'R2 - mean': 0.5118805649588543, 'R2 - std': 0.0019493990796754668} 
 

Saved Losses
{'MSE - mean': 12577463.853503145, 'MSE - std': 78045.92057374003, 'R2 - mean': 0.5130301354090665, 'R2 - std': 0.002885511098137874} 
 

Saving model.....
Results After CV: {'MSE - mean': 12577463.853503145, 'MSE - std': 78045.92057374003, 'R2 - mean': 0.5130301354090665, 'R2 - std': 0.002885511098137874}
Train time: 67.74686087819865
Inference time: 0.4035588048005593
Finished cross validation
Hyperparam was saved!!! Hurrah!!!
Trial 123 finished with value: 12577463.853503145 and parameters: {'max_depth': 11, 'n_estimators': 89}. Best is trial 120 with value: 12514144.696877208.
Saved Losses
{'MSE - mean': 12389522.32424333, 'MSE - std': 0.0, 'R2 - mean': 0.5150002046965741, 'R2 - std': 0.0} 
 

Saved Losses
{'MSE - mean': 12455339.558083447, 'MSE - std': 65817.23384011723, 'R2 - mean': 0.5152886615709047, 'R2 - std': 0.0002884568743304894} 
 

Saved Losses
{'MSE - mean': 12508960.504802113, 'MSE - std': 92942.728069074, 'R2 - mean': 0.5138680777508238, 'R2 - std': 0.00202276749989966} 
 

Saved Losses
{'MSE - mean': 12514529.075999523, 'MSE - std': 81066.57746095648, 'R2 - mean': 0.5142943256447714, 'R2 - std': 0.0019009873935069304} 
 

Saved Losses
{'MSE - mean': 12515190.833032455, 'MSE - std': 72520.22941544764, 'R2 - mean': 0.5154401006771079, 'R2 - std': 0.0028534547753767243} 
 

Saving model.....
Results After CV: {'MSE - mean': 12515190.833032455, 'MSE - std': 72520.22941544764, 'R2 - mean': 0.5154401006771079, 'R2 - std': 0.0028534547753767243}
Train time: 73.3704009559995
Inference time: 0.4413039377999667
Finished cross validation
Hyperparam was saved!!! Hurrah!!!
Trial 124 finished with value: 12515190.833032455 and parameters: {'max_depth': 12, 'n_estimators': 92}. Best is trial 120 with value: 12514144.696877208.
Saved Losses
{'MSE - mean': 17527846.97612759, 'MSE - std': 0.0, 'R2 - mean': 0.31385553267883237, 'R2 - std': 0.0} 
 

Saved Losses
{'MSE - mean': 17677434.747084215, 'MSE - std': 149587.77095662244, 'R2 - mean': 0.3120787335686851, 'R2 - std': 0.0017767991101472758} 
 

Saved Losses
{'MSE - mean': 17746894.67396353, 'MSE - std': 156738.7328135821, 'R2 - mean': 0.3103157079674006, 'R2 - std': 0.002884648203874414} 
 

Saved Losses
{'MSE - mean': 17808398.330713525, 'MSE - std': 172549.6222941934, 'R2 - mean': 0.3088462990537302, 'R2 - std': 0.0035662843565550384} 
 

Saved Losses
{'MSE - mean': 17853364.15877049, 'MSE - std': 178623.62804088587, 'R2 - mean': 0.30878589189537137, 'R2 - std': 0.003192068825788579} 
 

Saving model.....
Results After CV: {'MSE - mean': 17853364.15877049, 'MSE - std': 178623.62804088587, 'R2 - mean': 0.30878589189537137, 'R2 - std': 0.003192068825788579}
Train time: 25.4791589708002
Inference time: 0.2088338408000709
Finished cross validation
Hyperparam was saved!!! Hurrah!!!
Trial 125 finished with value: 17853364.15877049 and parameters: {'max_depth': 2, 'n_estimators': 90}. Best is trial 120 with value: 12514144.696877208.
Saved Losses
{'MSE - mean': 12393312.1830525, 'MSE - std': 0.0, 'R2 - mean': 0.5148518470199364, 'R2 - std': 0.0} 
 

Saved Losses
{'MSE - mean': 12447657.512414508, 'MSE - std': 54345.32936200779, 'R2 - mean': 0.5155850000848392, 'R2 - std': 0.0007331530649028473} 
 

Saved Losses
{'MSE - mean': 12506754.20750648, 'MSE - std': 94624.42579604051, 'R2 - mean': 0.5139526559263606, 'R2 - std': 0.002384834833097692} 
 

Saved Losses
{'MSE - mean': 12509374.684739407, 'MSE - std': 82072.75534979708, 'R2 - mean': 0.5144930479048623, 'R2 - std': 0.0022675203101965706} 
 

Saved Losses
{'MSE - mean': 12511461.289126027, 'MSE - std': 73526.63060436779, 'R2 - mean': 0.5155839723597861, 'R2 - std': 0.0029788896171438306} 
 

Saving model.....
Results After CV: {'MSE - mean': 12511461.289126027, 'MSE - std': 73526.63060436779, 'R2 - mean': 0.5155839723597861, 'R2 - std': 0.0029788896171438306}
Train time: 77.84201154720067
Inference time: 0.4728279078000924
Finished cross validation
Hyperparam was saved!!! Hurrah!!!
