Trial 76 finished with value: 619.0586244092017 and parameters: {'max_depth': 11, 'n_estimators': 93}. Best is trial 71 with value: 610.8049975394854.
Saved Losses
{'MSE - mean': 646.7823638199778, 'MSE - std': 0.0, 'R2 - mean': 0.9247979959904462, 'R2 - std': 0.0} 
 

Saved Losses
{'MSE - mean': 628.6842537752472, 'MSE - std': 18.098110044730674, 'R2 - mean': 0.9224416582130991, 'R2 - std': 0.0023563377773471172} 
 

Saved Losses
{'MSE - mean': 595.4968345393935, 'MSE - std': 49.20539248090675, 'R2 - mean': 0.9293466755901028, 'R2 - std': 0.009952893135536614} 
 

Saved Losses
{'MSE - mean': 609.5912631587871, 'MSE - std': 49.110454500254825, 'R2 - mean': 0.9273882687520469, 'R2 - std': 0.009262890118941802} 
 

Saved Losses
{'MSE - mean': 617.8646672149623, 'MSE - std': 46.93896304440717, 'R2 - mean': 0.9255918576467599, 'R2 - std': 0.009030463892916353} 
 

Saving model.....
Results After CV: {'MSE - mean': 617.8646672149623, 'MSE - std': 46.93896304440717, 'R2 - mean': 0.9255918576467599, 'R2 - std': 0.009030463892916353}
Train time: 0.9737936925999975
Inference time: 0.034930352800006406
Finished cross validation
Hyperparam was saved!!! Hurrah!!!
Trial 77 finished with value: 617.8646672149623 and parameters: {'max_depth': 10, 'n_estimators': 82}. Best is trial 71 with value: 610.8049975394854.
Saved Losses
{'MSE - mean': 656.8578311449317, 'MSE - std': 0.0, 'R2 - mean': 0.923626511768622, 'R2 - std': 0.0} 
 

Saved Losses
{'MSE - mean': 629.982847701154, 'MSE - std': 26.874983443777637, 'R2 - mean': 0.9223453018456437, 'R2 - std': 0.0012812099229783103} 
 

Saved Losses
{'MSE - mean': 598.6944888664954, 'MSE - std': 49.39061267624577, 'R2 - mean': 0.9290319205665417, 'R2 - std': 0.009513993505103456} 
 

Saved Losses
{'MSE - mean': 614.0838711332384, 'MSE - std': 50.39914409052031, 'R2 - mean': 0.9269000366344708, 'R2 - std': 0.009028944656538113} 
 

Saved Losses
{'MSE - mean': 619.7716128747306, 'MSE - std': 46.49151110167615, 'R2 - mean': 0.9254127451048981, 'R2 - std': 0.008606138371210206} 
 

Saving model.....
Results After CV: {'MSE - mean': 619.7716128747306, 'MSE - std': 46.49151110167615, 'R2 - mean': 0.9254127451048981, 'R2 - std': 0.008606138371210206}
Train time: 0.6829809099999921
Inference time: 0.028101379599979735
Finished cross validation
Hyperparam was saved!!! Hurrah!!!
Trial 78 finished with value: 619.7716128747306 and parameters: {'max_depth': 9, 'n_estimators': 72}. Best is trial 71 with value: 610.8049975394854.
Saved Losses
{'MSE - mean': 663.5535366027086, 'MSE - std': 0.0, 'R2 - mean': 0.9228479956914232, 'R2 - std': 0.0} 
 

Saved Losses
{'MSE - mean': 638.527849580508, 'MSE - std': 25.025687022200543, 'R2 - mean': 0.9212758310094372, 'R2 - std': 0.0015721646819859547} 
 

Saved Losses
{'MSE - mean': 605.8966577975348, 'MSE - std': 50.468928014932615, 'R2 - mean': 0.9281572048502449, 'R2 - std': 0.00981602837533724} 
 

Saved Losses
{'MSE - mean': 612.7801927345499, 'MSE - std': 45.304345055630804, 'R2 - mean': 0.9270513315009992, 'R2 - std': 0.00871405057322855} 
 

Saved Losses
{'MSE - mean': 624.6892417579825, 'MSE - std': 47.00307159437357, 'R2 - mean': 0.9247866584547317, 'R2 - std': 0.009014583625447553} 
 

Saving model.....
Results After CV: {'MSE - mean': 624.6892417579825, 'MSE - std': 47.00307159437357, 'R2 - mean': 0.9247866584547317, 'R2 - std': 0.009014583625447553}
Train time: 0.690516323199995
Inference time: 0.02676937740000085
Finished cross validation
Hyperparam was saved!!! Hurrah!!!
Trial 79 finished with value: 624.6892417579825 and parameters: {'max_depth': 12, 'n_estimators': 61}. Best is trial 71 with value: 610.8049975394854.
Saved Losses
{'MSE - mean': 698.1614259796169, 'MSE - std': 0.0, 'R2 - mean': 0.9188241032953577, 'R2 - std': 0.0} 
 

Saved Losses
{'MSE - mean': 715.7037583020192, 'MSE - std': 17.542332322402274, 'R2 - mean': 0.9114277279157517, 'R2 - std': 0.007396375379606024} 
 

Saved Losses
{'MSE - mean': 698.5940776316733, 'MSE - std': 28.118285168590038, 'R2 - mean': 0.917160679882041, 'R2 - std': 0.010109618637693014} 
 

Saved Losses
{'MSE - mean': 694.8140960979234, 'MSE - std': 25.215932499177615, 'R2 - mean': 0.9172976087144864, 'R2 - std': 0.008758398270526241} 
 

Saved Losses
{'MSE - mean': 691.3705171210089, 'MSE - std': 23.581932620619867, 'R2 - mean': 0.9168515483968596, 'R2 - std': 0.007884384024130919} 
 

Saving model.....
Results After CV: {'MSE - mean': 691.3705171210089, 'MSE - std': 23.581932620619867, 'R2 - mean': 0.9168515483968596, 'R2 - std': 0.007884384024130919}
Train time: 0.05571368600001279
Inference time: 0.00611662599999363
Finished cross validation
Hyperparam was saved!!! Hurrah!!!
Trial 80 finished with value: 691.3705171210089 and parameters: {'max_depth': 8, 'n_estimators': 5}. Best is trial 71 with value: 610.8049975394854.
Saved Losses
{'MSE - mean': 629.9355861759593, 'MSE - std': 0.0, 'R2 - mean': 0.9267567869389981, 'R2 - std': 0.0} 
 

Saved Losses
{'MSE - mean': 612.0230285989821, 'MSE - std': 17.91255757697718, 'R2 - mean': 0.924499237428216, 'R2 - std': 0.002257549510782053} 
 

Saved Losses
{'MSE - mean': 583.5320597886371, 'MSE - std': 42.864636786086514, 'R2 - mean': 0.9308104934071971, 'R2 - std': 0.009113813175259736} 
 

Saved Losses
{'MSE - mean': 602.8944872637294, 'MSE - std': 50.02742855961084, 'R2 - mean': 0.9282120003855914, 'R2 - std': 0.009085851137629091} 
 

Saved Losses
{'MSE - mean': 611.3223673448072, 'MSE - std': 47.81539017171856, 'R2 - mean': 0.9263993605767877, 'R2 - std': 0.00889858443922197} 
 

Saving model.....
Results After CV: {'MSE - mean': 611.3223673448072, 'MSE - std': 47.81539017171856, 'R2 - mean': 0.9263993605767877, 'R2 - std': 0.00889858443922197}
Train time: 0.9153846631999955
Inference time: 0.030289669599994795
Finished cross validation
Hyperparam was saved!!! Hurrah!!!
Trial 81 finished with value: 611.3223673448072 and parameters: {'max_depth': 11, 'n_estimators': 79}. Best is trial 71 with value: 610.8049975394854.
Saved Losses
{'MSE - mean': 653.208159695439, 'MSE - std': 0.0, 'R2 - mean': 0.9240508625585188, 'R2 - std': 0.0} 
 

Saved Losses
{'MSE - mean': 629.4168446413623, 'MSE - std': 23.79131505407662, 'R2 - mean': 0.9223927188193966, 'R2 - std': 0.0016581437391221532} 
 

Saved Losses
{'MSE - mean': 596.0296455291012, 'MSE - std': 51.056451539367245, 'R2 - mean': 0.9293092776248814, 'R2 - std': 0.009874742116085211} 
 

Saved Losses
{'MSE - mean': 611.8245405174005, 'MSE - std': 51.995259937017494, 'R2 - mean': 0.9271394429833304, 'R2 - std': 0.009341169413377254} 
 

Saved Losses
{'MSE - mean': 620.7007095234324, 'MSE - std': 49.77902318877874, 'R2 - mean': 0.9252612583628836, 'R2 - std': 0.009160582223934377} 
 

Saving model.....
Results After CV: {'MSE - mean': 620.7007095234324, 'MSE - std': 49.77902318877874, 'R2 - mean': 0.9252612583628836, 'R2 - std': 0.009160582223934377}
Train time: 0.907864173400003
Inference time: 0.03475797680000596
Finished cross validation
Hyperparam was saved!!! Hurrah!!!
Trial 82 finished with value: 620.7007095234324 and parameters: {'max_depth': 10, 'n_estimators': 92}. Best is trial 71 with value: 610.8049975394854.
Saved Losses
{'MSE - mean': 635.6012286446481, 'MSE - std': 0.0, 'R2 - mean': 0.9260980372706697, 'R2 - std': 0.0} 
 

Saved Losses
{'MSE - mean': 623.7978991782592, 'MSE - std': 11.80332946638896, 'R2 - mean': 0.9229995101132669, 'R2 - std': 0.0030985271574029416} 
 

Saved Losses
{'MSE - mean': 591.3426855005301, 'MSE - std': 46.899475982099275, 'R2 - mean': 0.929814895886626, 'R2 - std': 0.009964915797077955} 
 

Saved Losses
{'MSE - mean': 603.797104612878, 'MSE - std': 45.98921940873395, 'R2 - mean': 0.928061936166299, 'R2 - std': 0.009148402236205394} 
 

Saved Losses
{'MSE - mean': 614.838869103994, 'MSE - std': 46.6871384191495, 'R2 - mean': 0.9259290466322906, 'R2 - std': 0.009227756056455842} 
 

Saving model.....
Results After CV: {'MSE - mean': 614.838869103994, 'MSE - std': 46.6871384191495, 'R2 - mean': 0.9259290466322906, 'R2 - std': 0.009227756056455842}
Train time: 0.832794069199997
Inference time: 0.03212813019999885
Finished cross validation
Hyperparam was saved!!! Hurrah!!!
Trial 83 finished with value: 614.838869103994 and parameters: {'max_depth': 11, 'n_estimators': 84}. Best is trial 71 with value: 610.8049975394854.
Saved Losses
{'MSE - mean': 666.5177498858617, 'MSE - std': 0.0, 'R2 - mean': 0.9225033437780835, 'R2 - std': 0.0} 
 

Saved Losses
{'MSE - mean': 649.4886120989763, 'MSE - std': 17.029137786885315, 'R2 - mean': 0.9198629204851688, 'R2 - std': 0.0026404232929146954} 
 

Saved Losses
{'MSE - mean': 626.6557415967048, 'MSE - std': 35.156900317341446, 'R2 - mean': 0.9257701332204632, 'R2 - std': 0.008627758382717957} 
 

Saved Losses
{'MSE - mean': 634.8464088291043, 'MSE - std': 33.58968322384605, 'R2 - mean': 0.9244787881094255, 'R2 - std': 0.007799447263769608} 
 

Saved Losses
{'MSE - mean': 635.997205637337, 'MSE - std': 30.131558015443087, 'R2 - mean': 0.9235239332479273, 'R2 - std': 0.0072327099570192715} 
 

Saving model.....
Results After CV: {'MSE - mean': 635.997205637337, 'MSE - std': 30.131558015443087, 'R2 - mean': 0.9235239332479273, 'R2 - std': 0.0072327099570192715}
Train time: 0.2408518279999953
Inference time: 0.012355119599999399
Finished cross validation
Hyperparam was saved!!! Hurrah!!!
Trial 84 finished with value: 635.997205637337 and parameters: {'max_depth': 11, 'n_estimators': 22}. Best is trial 71 with value: 610.8049975394854.
Saved Losses
{'MSE - mean': 668.7902970753913, 'MSE - std': 0.0, 'R2 - mean': 0.9222391125429436, 'R2 - std': 0.0} 
 

Saved Losses
{'MSE - mean': 645.0130097511042, 'MSE - std': 23.7772873242871, 'R2 - mean': 0.9204652978991146, 'R2 - std': 0.0017738146438289193} 
 

Saved Losses
{'MSE - mean': 608.3639394355979, 'MSE - std': 55.346318501320845, 'R2 - mean': 0.927816255543778, 'R2 - std': 0.010496226409891892} 
 

Saved Losses
{'MSE - mean': 614.2722108881153, 'MSE - std': 49.011572545748116, 'R2 - mean': 0.9268387767580407, 'R2 - std': 0.009246322023674236} 
 

Saved Losses
{'MSE - mean': 619.4271918012255, 'MSE - std': 45.03335105878561, 'R2 - mean': 0.925425794179908, 'R2 - std': 0.008739659938282067} 
 

Saving model.....
Results After CV: {'MSE - mean': 619.4271918012255, 'MSE - std': 45.03335105878561, 'R2 - mean': 0.925425794179908, 'R2 - std': 0.008739659938282067}
Train time: 1.0431911451999896
Inference time: 0.0345215770000209
Finished cross validation
Hyperparam was saved!!! Hurrah!!!
Trial 85 finished with value: 619.4271918012255 and parameters: {'max_depth': 11, 'n_estimators': 86}. Best is trial 71 with value: 610.8049975394854.
Saved Losses
{'MSE - mean': 681.5871341677304, 'MSE - std': 0.0, 'R2 - mean': 0.9207512120556082, 'R2 - std': 0.0} 
 

Saved Losses
{'MSE - mean': 651.2234407977179, 'MSE - std': 30.36369337001247, 'R2 - mean': 0.9197459518180919, 'R2 - std': 0.0010052602375162922} 
 

Saved Losses
{'MSE - mean': 613.6831948648726, 'MSE - std': 58.59331059181682, 'R2 - mean': 0.9272100355886583, 'R2 - std': 0.010587671690767898} 
 

Saved Losses
{'MSE - mean': 620.7876090115034, 'MSE - std': 52.21398410083622, 'R2 - mean': 0.9260799817557847, 'R2 - std': 0.009375775107648084} 
 

Saved Losses
{'MSE - mean': 625.6837848373564, 'MSE - std': 47.717190397346, 'R2 - mean': 0.9246878645154709, 'R2 - std': 0.008836067492865193} 
 

Saving model.....
Results After CV: {'MSE - mean': 625.6837848373564, 'MSE - std': 47.717190397346, 'R2 - mean': 0.9246878645154709, 'R2 - std': 0.008836067492865193}
Train time: 0.5153008940000063
Inference time: 0.019290998599990415
Finished cross validation
Hyperparam was saved!!! Hurrah!!!
Trial 86 finished with value: 625.6837848373564 and parameters: {'max_depth': 12, 'n_estimators': 45}. Best is trial 71 with value: 610.8049975394854.
Saved Losses
{'MSE - mean': 667.5190712887554, 'MSE - std': 0.0, 'R2 - mean': 0.9223869191809277, 'R2 - std': 0.0} 
 

Saved Losses
{'MSE - mean': 639.8532155086071, 'MSE - std': 27.665855780148263, 'R2 - mean': 0.9211313347057768, 'R2 - std': 0.0012555844751508949} 
 

Saved Losses
{'MSE - mean': 607.745568236244, 'MSE - std': 50.715563792241824, 'R2 - mean': 0.9279571687629541, 'R2 - std': 0.009707472177060533} 
 

Saved Losses
{'MSE - mean': 618.4244082317082, 'MSE - std': 47.6567327774354, 'R2 - mean': 0.926388689298688, 'R2 - std': 0.008834967206547898} 
 

Saved Losses
{'MSE - mean': 624.0672944506588, 'MSE - std': 44.09421733896633, 'R2 - mean': 0.9249004774598044, 'R2 - std': 0.008444194120352487} 
 

Saving model.....
Results After CV: {'MSE - mean': 624.0672944506588, 'MSE - std': 44.09421733896633, 'R2 - mean': 0.9249004774598044, 'R2 - std': 0.008444194120352487}
Train time: 1.1930715653999981
Inference time: 0.03856394920001094
Finished cross validation
Hyperparam was saved!!! Hurrah!!!
Trial 87 finished with value: 624.0672944506588 and parameters: {'max_depth': 11, 'n_estimators': 95}. Best is trial 71 with value: 610.8049975394854.
Saved Losses
{'MSE - mean': 741.9278747036276, 'MSE - std': 0.0, 'R2 - mean': 0.9137353364449631, 'R2 - std': 0.0} 
 

Saved Losses
{'MSE - mean': 714.2106628994463, 'MSE - std': 27.717211804181204, 'R2 - mean': 0.9119428818262103, 'R2 - std': 0.0017924546187528256} 
 

Saved Losses
{'MSE - mean': 669.2549393411273, 'MSE - std': 67.48478876583395, 'R2 - mean': 0.9205490686154189, 'R2 - std': 0.012258663513682409} 
 

Saved Losses
{'MSE - mean': 680.2313239264967, 'MSE - std': 61.45803927701179, 'R2 - mean': 0.9189453275460944, 'R2 - std': 0.010973699449528402} 
 

Saved Losses
{'MSE - mean': 695.8990231695051, 'MSE - std': 63.273846664299235, 'R2 - mean': 0.9161398102203124, 'R2 - std': 0.01130581149444455} 
 

Saving model.....
Results After CV: {'MSE - mean': 695.8990231695051, 'MSE - std': 63.273846664299235, 'R2 - mean': 0.9161398102203124, 'R2 - std': 0.01130581149444455}
Train time: 0.08500140380000402
Inference time: 0.008809200399980455
Finished cross validation
Hyperparam was saved!!! Hurrah!!!
Trial 88 finished with value: 695.8990231695051 and parameters: {'max_depth': 10, 'n_estimators': 6}. Best is trial 71 with value: 610.8049975394854.
Saved Losses
{'MSE - mean': 651.4121187793692, 'MSE - std': 0.0, 'R2 - mean': 0.9242596899535236, 'R2 - std': 0.0} 
 

Saved Losses
{'MSE - mean': 624.6272855526449, 'MSE - std': 26.784833226724288, 'R2 - mean': 0.9230064645184128, 'R2 - std': 0.0012532254351106942} 
 

Saved Losses
{'MSE - mean': 593.4531039710187, 'MSE - std': 49.213250809350406, 'R2 - mean': 0.9296522113955494, 'R2 - std': 0.009454044237119548} 
 

Saved Losses
{'MSE - mean': 606.8943683909989, 'MSE - std': 48.56398674986951, 'R2 - mean': 0.9277575801088823, 'R2 - std': 0.008820606411427396} 
 

Saved Losses
{'MSE - mean': 610.7236509508818, 'MSE - std': 44.10694125562207, 'R2 - mean': 0.9265119591614844, 'R2 - std': 0.008273376828758377} 
 

Saving model.....
Results After CV: {'MSE - mean': 610.7236509508818, 'MSE - std': 44.10694125562207, 'R2 - mean': 0.9265119591614844, 'R2 - std': 0.008273376828758377}
Train time: 0.9361493010000117
Inference time: 0.029726552199986146
Finished cross validation
Hyperparam was saved!!! Hurrah!!!
Trial 89 finished with value: 610.7236509508818 and parameters: {'max_depth': 12, 'n_estimators': 70}. Best is trial 89 with value: 610.7236509508818.
Saved Losses
{'MSE - mean': 655.5971207654926, 'MSE - std': 0.0, 'R2 - mean': 0.9237730957701547, 'R2 - std': 0.0} 
 

Saved Losses
{'MSE - mean': 627.8053847140877, 'MSE - std': 27.79173605140494, 'R2 - mean': 0.9226210822669971, 'R2 - std': 0.0011520135031575784} 
 

Saved Losses
{'MSE - mean': 602.0674954352693, 'MSE - std': 42.892869852980695, 'R2 - mean': 0.92869746479725, 'R2 - std': 0.008644628739795372} 
 

Saved Losses
{'MSE - mean': 615.6856369101233, 'MSE - std': 44.00238680862636, 'R2 - mean': 0.9267609264892156, 'R2 - std': 0.008203520365801846} 
 

Saved Losses
{'MSE - mean': 623.1563690427101, 'MSE - std': 42.097688657125104, 'R2 - mean': 0.9250378152635481, 'R2 - std': 0.008106457074319623} 
 

Saving model.....
Results After CV: {'MSE - mean': 623.1563690427101, 'MSE - std': 42.097688657125104, 'R2 - mean': 0.9250378152635481, 'R2 - std': 0.008106457074319623}
Train time: 0.9515833596000107
Inference time: 0.03266143960000818
Finished cross validation
Hyperparam was saved!!! Hurrah!!!
Trial 90 finished with value: 623.1563690427101 and parameters: {'max_depth': 12, 'n_estimators': 71}. Best is trial 89 with value: 610.7236509508818.
Saved Losses
{'MSE - mean': 678.842452387258, 'MSE - std': 0.0, 'R2 - mean': 0.9210703388311761, 'R2 - std': 0.0} 
 

Saved Losses
{'MSE - mean': 668.765583288733, 'MSE - std': 10.076869098525094, 'R2 - mean': 0.9174299515297974, 'R2 - std': 0.003640387301378556} 
 

Saved Losses
{'MSE - mean': 625.2946042636984, 'MSE - std': 62.025378370544416, 'R2 - mean': 0.9256749898848392, 'R2 - std': 0.012033131821000563} 
 

Saved Losses
{'MSE - mean': 641.7249632673763, 'MSE - std': 60.78840977091045, 'R2 - mean': 0.9234563267312442, 'R2 - std': 0.011106961539212314} 
 

Saved Losses
{'MSE - mean': 639.4790486511525, 'MSE - std': 54.556036694708375, 'R2 - mean': 0.9229592846592551, 'R2 - std': 0.00998398111938029} 
 

Saving model.....
Results After CV: {'MSE - mean': 639.4790486511525, 'MSE - std': 54.556036694708375, 'R2 - mean': 0.9229592846592551, 'R2 - std': 0.00998398111938029}
Train time: 0.25191331099998704
Inference time: 0.013355847600007565
Finished cross validation
Hyperparam was saved!!! Hurrah!!!
Trial 91 finished with value: 639.4790486511525 and parameters: {'max_depth': 12, 'n_estimators': 19}. Best is trial 89 with value: 610.7236509508818.
Saved Losses
{'MSE - mean': 648.0732398438331, 'MSE - std': 0.0, 'R2 - mean': 0.9246479046005877, 'R2 - std': 0.0} 
 

Saved Losses
{'MSE - mean': 630.408135827437, 'MSE - std': 17.66510401639613, 'R2 - mean': 0.9222254637043776, 'R2 - std': 0.0024224408962100763} 
 

Saved Losses
{'MSE - mean': 599.4006694076344, 'MSE - std': 46.16235711223049, 'R2 - mean': 0.9289066228611916, 'R2 - std': 0.009653389143427707} 
 

Saved Losses
{'MSE - mean': 611.8721862798232, 'MSE - std': 45.440495264661095, 'R2 - mean': 0.9271361235967706, 'R2 - std': 0.008904770878679769} 
 

Saved Losses
{'MSE - mean': 619.1861164736201, 'MSE - std': 43.195430168445945, 'R2 - mean': 0.9254532258642392, 'R2 - std': 0.008646648751629973} 
 

Saving model.....
Results After CV: {'MSE - mean': 619.1861164736201, 'MSE - std': 43.195430168445945, 'R2 - mean': 0.9254532258642392, 'R2 - std': 0.008646648751629973}
Train time: 0.8316659998000091
Inference time: 0.030873038200002156
Finished cross validation
Hyperparam was saved!!! Hurrah!!!
Trial 92 finished with value: 619.1861164736201 and parameters: {'max_depth': 10, 'n_estimators': 77}. Best is trial 89 with value: 610.7236509508818.
Saved Losses
{'MSE - mean': 668.8195077128148, 'MSE - std': 0.0, 'R2 - mean': 0.922235716194194, 'R2 - std': 0.0} 
 

Saved Losses
{'MSE - mean': 642.0649190060876, 'MSE - std': 26.754588706727247, 'R2 - mean': 0.9208513630387458, 'R2 - std': 0.0013843531554481037} 
 

Saved Losses
{'MSE - mean': 606.3949938657969, 'MSE - std': 54.971742410126545, 'R2 - mean': 0.9280740138650154, 'R2 - std': 0.010276720895098753} 
 

Saved Losses
{'MSE - mean': 614.8379585915562, 'MSE - std': 49.80231227348012, 'R2 - mean': 0.926786179755026, 'R2 - std': 0.009175172715070632} 
 

Saved Losses
{'MSE - mean': 621.2392313566402, 'MSE - std': 46.34783078289861, 'R2 - mean': 0.925213318605849, 'R2 - std': 0.008788777176573732} 
 

Saving model.....
Results After CV: {'MSE - mean': 621.2392313566402, 'MSE - std': 46.34783078289861, 'R2 - mean': 0.925213318605849, 'R2 - std': 0.008788777176573732}
Train time: 0.933218346600006
Inference time: 0.03258361619999732
Finished cross validation
Hyperparam was saved!!! Hurrah!!!
Trial 93 finished with value: 621.2392313566402 and parameters: {'max_depth': 11, 'n_estimators': 86}. Best is trial 89 with value: 610.7236509508818.
Saved Losses
{'MSE - mean': 653.4594485455175, 'MSE - std': 0.0, 'R2 - mean': 0.9240216449635931, 'R2 - std': 0.0} 
 

Saved Losses
{'MSE - mean': 635.0810116081806, 'MSE - std': 18.378436937336915, 'R2 - mean': 0.9216532176234895, 'R2 - std': 0.002368427340103507} 
 

Saved Losses
{'MSE - mean': 604.7579016510723, 'MSE - std': 45.433027169467124, 'R2 - mean': 0.9282842705908861, 'R2 - std': 0.009575038326628434} 
 

Saved Losses
{'MSE - mean': 612.4307763029922, 'MSE - std': 41.52997693965622, 'R2 - mean': 0.927085869892431, 'R2 - std': 0.008548070654801307} 
 

Saved Losses
{'MSE - mean': 618.4952337832549, 'MSE - std': 39.07559040892872, 'R2 - mean': 0.9255556337523094, 'R2 - std': 0.008235417421947585} 
 

Saving model.....
Results After CV: {'MSE - mean': 618.4952337832549, 'MSE - std': 39.07559040892872, 'R2 - mean': 0.9255556337523094, 'R2 - std': 0.008235417421947585}
Train time: 0.7032146035999858
Inference time: 0.027915813600009186
Finished cross validation
Hyperparam was saved!!! Hurrah!!!
