[I 2024-12-05 02:08:24,404] Trial 58 finished with value: 622.8623942563875 and parameters: {'max_depth': 8, 'n_estimators': 61}. Best is trial 49 with value: 609.7558121791565.
[I 2024-12-05 02:08:25,564] Trial 59 finished with value: 610.3809113371458 and parameters: {'max_depth': 12, 'n_estimators': 48}. Best is trial 49 with value: 609.7558121791565.
[I 2024-12-05 02:08:26,953] Trial 60 finished with value: 621.7589670937091 and parameters: {'max_depth': 11, 'n_estimators': 47}. Best is trial 49 with value: 609.7558121791565.
[I 2024-12-05 02:08:28,292] Trial 61 finished with value: 624.3936705648341 and parameters: {'max_depth': 12, 'n_estimators': 55}. Best is trial 49 with value: 609.7558121791565.
[I 2024-12-05 02:08:30,295] Trial 62 finished with value: 611.9264176684107 and parameters: {'max_depth': 10, 'n_estimators': 100}. Best is trial 49 with value: 609.7558121791565.
[I 2024-12-05 02:08:32,263] Trial 63 finished with value: 616.2282251587033 and parameters: {'max_depth': 10, 'n_estimators': 93}. Best is trial 49 with value: 609.7558121791565.
[I 2024-12-05 02:08:33,903] Trial 64 finished with value: 615.9012581400674 and parameters: {'max_depth': 10, 'n_estimators': 77}. Best is trial 49 with value: 609.7558121791565.
[I 2024-12-05 02:08:35,312] Trial 65 finished with value: 737.1552410119959 and parameters: {'max_depth': 4, 'n_estimators': 100}. Best is trial 49 with value: 609.7558121791565.
[I 2024-12-05 02:08:37,047] Trial 66 finished with value: 620.6851786687969 and parameters: {'max_depth': 10, 'n_estimators': 82}. Best is trial 49 with value: 609.7558121791565.
[I 2024-12-05 02:08:38,698] Trial 67 finished with value: 624.1313632012946 and parameters: {'max_depth': 10, 'n_estimators': 79}. Best is trial 49 with value: 609.7558121791565.
[I 2024-12-05 02:08:40,167] Trial 68 finished with value: 611.8390082583834 and parameters: {'max_depth': 10, 'n_estimators': 65}. Best is trial 49 with value: 609.7558121791565.
[I 2024-12-05 02:08:41,551] Trial 69 finished with value: 618.4027411478021 and parameters: {'max_depth': 9, 'n_estimators': 65}. Best is trial 49 with value: 609.7558121791565.
[I 2024-12-05 02:08:42,404] Trial 70 finished with value: 626.0164280542283 and parameters: {'max_depth': 8, 'n_estimators': 35}. Best is trial 49 with value: 609.7558121791565.
[I 2024-12-05 02:08:44,359] Trial 71 finished with value: 616.6848372614604 and parameters: {'max_depth': 10, 'n_estimators': 95}. Best is trial 49 with value: 609.7558121791565.
[I 2024-12-05 02:08:46,175] Trial 72 finished with value: 609.674144317741 and parameters: {'max_depth': 10, 'n_estimators': 88}. Best is trial 72 with value: 609.674144317741.
[I 2024-12-05 02:08:47,931] Trial 73 finished with value: 613.6328478452353 and parameters: {'max_depth': 12, 'n_estimators': 76}. Best is trial 72 with value: 609.674144317741.
[I 2024-12-05 02:08:49,568] Trial 74 finished with value: 619.1427647304482 and parameters: {'max_depth': 12, 'n_estimators': 66}. Best is trial 72 with value: 609.674144317741.
[I 2024-12-05 02:08:51,417] Trial 75 finished with value: 623.7167711661216 and parameters: {'max_depth': 11, 'n_estimators': 86}. Best is trial 72 with value: 609.674144317741.
[I 2024-12-05 02:08:52,768] Trial 76 finished with value: 619.4066986971159 and parameters: {'max_depth': 12, 'n_estimators': 49}. Best is trial 72 with value: 609.674144317741.
[I 2024-12-05 02:08:54,160] Trial 77 finished with value: 634.0592652455595 and parameters: {'max_depth': 11, 'n_estimators': 60}. Best is trial 72 with value: 609.674144317741.
[I 2024-12-05 02:08:54,761] Trial 78 finished with value: 642.27538564528 and parameters: {'max_depth': 9, 'n_estimators': 18}. Best is trial 72 with value: 609.674144317741.
[I 2024-12-05 02:08:55,993] Trial 79 finished with value: 629.2145309585916 and parameters: {'max_depth': 7, 'n_estimators': 71}. Best is trial 72 with value: 609.674144317741.
[I 2024-12-05 02:08:56,476] Trial 80 finished with value: 690.0735183052973 and parameters: {'max_depth': 11, 'n_estimators': 6}. Best is trial 72 with value: 609.674144317741.
[I 2024-12-05 02:08:58,203] Trial 81 finished with value: 619.3724192377882 and parameters: {'max_depth': 10, 'n_estimators': 83}. Best is trial 72 with value: 609.674144317741.
[I 2024-12-05 02:09:00,024] Trial 82 finished with value: 620.1837478486071 and parameters: {'max_depth': 12, 'n_estimators': 80}. Best is trial 72 with value: 609.674144317741.
[I 2024-12-05 02:09:01,651] Trial 83 finished with value: 619.324893973349 and parameters: {'max_depth': 10, 'n_estimators': 75}. Best is trial 72 with value: 609.674144317741.
[I 2024-12-05 02:09:03,607] Trial 84 finished with value: 617.1054864756746 and parameters: {'max_depth': 9, 'n_estimators': 100}. Best is trial 72 with value: 609.674144317741.
[I 2024-12-05 02:09:05,174] Trial 85 finished with value: 619.0315188809411 and parameters: {'max_depth': 11, 'n_estimators': 65}. Best is trial 72 with value: 609.674144317741.
[I 2024-12-05 02:09:06,789] Trial 86 finished with value: 620.2072528704231 and parameters: {'max_depth': 10, 'n_estimators': 75}. Best is trial 72 with value: 609.674144317741.
[I 2024-12-05 02:09:08,710] Trial 87 finished with value: 618.1541559788895 and parameters: {'max_depth': 12, 'n_estimators': 89}. Best is trial 72 with value: 609.674144317741.
[I 2024-12-05 02:09:10,057] Trial 88 finished with value: 619.6081754347108 and parameters: {'max_depth': 11, 'n_estimators': 53}. Best is trial 72 with value: 609.674144317741.
[I 2024-12-05 02:09:11,403] Trial 89 finished with value: 623.1865709092821 and parameters: {'max_depth': 10, 'n_estimators': 58}. Best is trial 72 with value: 609.674144317741.
[I 2024-12-05 02:09:12,541] Trial 90 finished with value: 619.829018876803 and parameters: {'max_depth': 12, 'n_estimators': 44}. Best is trial 72 with value: 609.674144317741.
[I 2024-12-05 02:09:14,221] Trial 91 finished with value: 619.4474034699208 and parameters: {'max_depth': 9, 'n_estimators': 92}. Best is trial 72 with value: 609.674144317741.
[I 2024-12-05 02:09:15,757] Trial 92 finished with value: 622.6544918061778 and parameters: {'max_depth': 10, 'n_estimators': 68}. Best is trial 72 with value: 609.674144317741.
[I 2024-12-05 02:09:17,613] Trial 93 finished with value: 615.6893089578095 and parameters: {'max_depth': 10, 'n_estimators': 87}. Best is trial 72 with value: 609.674144317741.
[I 2024-12-05 02:09:19,329] Trial 94 finished with value: 617.0712111329108 and parameters: {'max_depth': 11, 'n_estimators': 77}. Best is trial 72 with value: 609.674144317741.
[I 2024-12-05 02:09:20,986] Trial 95 finished with value: 617.8729214757797 and parameters: {'max_depth': 9, 'n_estimators': 85}. Best is trial 72 with value: 609.674144317741.
[I 2024-12-05 02:09:22,517] Trial 96 finished with value: 617.685848541184 and parameters: {'max_depth': 12, 'n_estimators': 62}. Best is trial 72 with value: 609.674144317741.
[I 2024-12-05 02:09:24,117] Trial 97 finished with value: 617.3423747533727 and parameters: {'max_depth': 11, 'n_estimators': 71}. Best is trial 72 with value: 609.674144317741.
[I 2024-12-05 02:09:25,776] Trial 98 finished with value: 614.7838906098377 and parameters: {'max_depth': 10, 'n_estimators': 78}. Best is trial 72 with value: 609.674144317741.
[I 2024-12-05 02:09:27,383] Trial 99 finished with value: 617.0999982149121 and parameters: {'max_depth': 8, 'n_estimators': 89}. Best is trial 72 with value: 609.674144317741.
/home/mburu/.local/lib/python3.8/site-packages/sklearn/preprocessing/_encoders.py:975: FutureWarning: `sparse` was renamed to `sparse_output` in version 1.2 and will be removed in 1.4. `sparse_output` is ignored unless you leave `sparse` to its default value.
  warnings.warn(
[I 2024-12-05 02:09:32,937] A new study created in RDB with name: RandomForest_Black_Friday
[I 2024-12-05 02:10:00,975] Trial 0 finished with value: 13728224.56097262 and parameters: {'max_depth': 5, 'n_estimators': 81}. Best is trial 0 with value: 13728224.56097262.
[I 2024-12-05 02:10:19,662] Trial 1 finished with value: 13701907.506003324 and parameters: {'max_depth': 5, 'n_estimators': 53}. Best is trial 1 with value: 13701907.506003324.
[I 2024-12-05 02:11:03,671] Trial 2 finished with value: 12636613.824221594 and parameters: {'max_depth': 10, 'n_estimators': 90}. Best is trial 2 with value: 12636613.824221594.
[I 2024-12-05 02:11:08,193] Trial 3 finished with value: 14901536.858256299 and parameters: {'max_depth': 4, 'n_estimators': 7}. Best is trial 2 with value: 12636613.824221594.
[I 2024-12-05 02:11:12,295] Trial 4 finished with value: 16164344.950738866 and parameters: {'max_depth': 3, 'n_estimators': 5}. Best is trial 2 with value: 12636613.824221594.
[I 2024-12-05 02:11:42,969] Trial 5 finished with value: 12858544.753970454 and parameters: {'max_depth': 8, 'n_estimators': 70}. Best is trial 2 with value: 12636613.824221594.
[I 2024-12-05 02:11:49,300] Trial 6 finished with value: 17847843.939380843 and parameters: {'max_depth': 2, 'n_estimators': 24}. Best is trial 2 with value: 12636613.824221594.
[I 2024-12-05 02:11:55,010] Trial 7 finished with value: 12784984.10481239 and parameters: {'max_depth': 9, 'n_estimators': 6}. Best is trial 2 with value: 12636613.824221594.
[I 2024-12-05 02:12:16,869] Trial 8 finished with value: 16040307.622829113 and parameters: {'max_depth': 3, 'n_estimators': 88}. Best is trial 2 with value: 12636613.824221594.
[I 2024-12-05 02:12:31,902] Trial 9 finished with value: 17854690.855477918 and parameters: {'max_depth': 2, 'n_estimators': 77}. Best is trial 2 with value: 12636613.824221594.
[I 2024-12-05 02:12:49,829] Trial 10 finished with value: 12536836.051038895 and parameters: {'max_depth': 12, 'n_estimators': 31}. Best is trial 10 with value: 12536836.051038895.
[I 2024-12-05 02:13:07,421] Trial 11 finished with value: 12528035.063022722 and parameters: {'max_depth': 12, 'n_estimators': 31}. Best is trial 11 with value: 12528035.063022722.
[I 2024-12-05 02:13:24,673] Trial 12 finished with value: 12533294.99523398 and parameters: {'max_depth': 12, 'n_estimators': 27}. Best is trial 11 with value: 12528035.063022722.
[I 2024-12-05 02:13:32,933] Trial 13 finished with value: 13037885.145414539 and parameters: {'max_depth': 7, 'n_estimators': 13}. Best is trial 11 with value: 12528035.063022722.
[I 2024-12-05 02:13:54,237] Trial 14 finished with value: 12524619.640594207 and parameters: {'max_depth': 12, 'n_estimators': 36}. Best is trial 14 with value: 12524619.640594207.
[I 2024-12-05 02:14:12,300] Trial 15 finished with value: 13324783.644326176 and parameters: {'max_depth': 6, 'n_estimators': 43}. Best is trial 14 with value: 12524619.640594207.
[I 2024-12-05 02:14:21,626] Trial 16 finished with value: 12661762.427667432 and parameters: {'max_depth': 10, 'n_estimators': 15}. Best is trial 14 with value: 12524619.640594207.
[I 2024-12-05 02:14:30,206] Trial 17 finished with value: 13036926.874735571 and parameters: {'max_depth': 7, 'n_estimators': 16}. Best is trial 14 with value: 12524619.640594207.
[I 2024-12-05 02:14:51,854] Trial 18 finished with value: 12526394.511886578 and parameters: {'max_depth': 12, 'n_estimators': 38}. Best is trial 14 with value: 12524619.640594207.
[I 2024-12-05 02:15:12,824] Trial 19 finished with value: 12863867.077391464 and parameters: {'max_depth': 8, 'n_estimators': 45}. Best is trial 14 with value: 12524619.640594207.
[I 2024-12-05 02:15:18,432] Trial 20 finished with value: 14834796.517048854 and parameters: {'max_depth': 4, 'n_estimators': 10}. Best is trial 14 with value: 12524619.640594207.
[I 2024-12-05 02:15:40,533] Trial 21 finished with value: 12534003.35119493 and parameters: {'max_depth': 12, 'n_estimators': 38}. Best is trial 14 with value: 12524619.640594207.
[I 2024-12-05 02:15:53,279] Trial 22 finished with value: 12654302.877466273 and parameters: {'max_depth': 10, 'n_estimators': 21}. Best is trial 14 with value: 12524619.640594207.
[I 2024-12-05 02:16:23,410] Trial 23 finished with value: 12522607.184587093 and parameters: {'max_depth': 12, 'n_estimators': 56}. Best is trial 23 with value: 12522607.184587093.
[I 2024-12-05 02:16:52,058] Trial 24 finished with value: 12739372.048980942 and parameters: {'max_depth': 9, 'n_estimators': 60}. Best is trial 23 with value: 12522607.184587093.
[I 2024-12-05 02:17:14,319] Trial 25 finished with value: 13321083.24017987 and parameters: {'max_depth': 6, 'n_estimators': 56}. Best is trial 23 with value: 12522607.184587093.
[I 2024-12-05 02:17:36,421] Trial 26 finished with value: 12649241.252585655 and parameters: {'max_depth': 10, 'n_estimators': 42}. Best is trial 23 with value: 12522607.184587093.
[I 2024-12-05 02:17:52,468] Trial 27 finished with value: 13033938.667386403 and parameters: {'max_depth': 7, 'n_estimators': 34}. Best is trial 23 with value: 12522607.184587093.
[I 2024-12-05 02:18:02,835] Trial 28 finished with value: 12863048.904821534 and parameters: {'max_depth': 8, 'n_estimators': 18}. Best is trial 23 with value: 12522607.184587093.
[I 2024-12-05 02:18:24,064] Trial 29 finished with value: 13704043.222387657 and parameters: {'max_depth': 5, 'n_estimators': 63}. Best is trial 23 with value: 12522607.184587093.
[I 2024-12-05 02:18:50,616] Trial 30 finished with value: 12578745.483468546 and parameters: {'max_depth': 11, 'n_estimators': 49}. Best is trial 23 with value: 12522607.184587093.
[I 2024-12-05 02:19:07,873] Trial 31 finished with value: 12531195.196152115 and parameters: {'max_depth': 12, 'n_estimators': 30}. Best is trial 23 with value: 12522607.184587093.
[I 2024-12-05 02:19:25,844] Trial 32 finished with value: 12730255.365236936 and parameters: {'max_depth': 9, 'n_estimators': 36}. Best is trial 23 with value: 12522607.184587093.
[I 2024-12-05 02:19:39,065] Trial 33 finished with value: 12589208.694491724 and parameters: {'max_depth': 11, 'n_estimators': 24}. Best is trial 23 with value: 12522607.184587093.
[I 2024-12-05 02:20:06,531] Trial 34 finished with value: 12582712.49305591 and parameters: {'max_depth': 11, 'n_estimators': 51}. Best is trial 23 with value: 12522607.184587093.
[I 2024-12-05 02:20:21,573] Trial 35 finished with value: 12744312.360644221 and parameters: {'max_depth': 9, 'n_estimators': 29}. Best is trial 23 with value: 12522607.184587093.
[I 2024-12-05 02:20:32,068] Trial 36 finished with value: 16116334.49197362 and parameters: {'max_depth': 3, 'n_estimators': 37}. Best is trial 23 with value: 12522607.184587093.
[I 2024-12-05 02:21:07,554] Trial 37 finished with value: 12576902.809031323 and parameters: {'max_depth': 11, 'n_estimators': 71}. Best is trial 23 with value: 12522607.184587093.
[I 2024-12-05 02:21:49,114] Trial 38 finished with value: 12855918.783785058 and parameters: {'max_depth': 8, 'n_estimators': 96}. Best is trial 23 with value: 12522607.184587093.
[I 2024-12-05 02:21:59,666] Trial 39 finished with value: 13327591.801376645 and parameters: {'max_depth': 6, 'n_estimators': 23}. Best is trial 23 with value: 12522607.184587093.
[I 2024-12-05 02:22:25,904] Trial 40 finished with value: 12645037.704759276 and parameters: {'max_depth': 10, 'n_estimators': 52}. Best is trial 23 with value: 12522607.184587093.
[I 2024-12-05 02:22:43,450] Trial 41 finished with value: 12537737.762928426 and parameters: {'max_depth': 12, 'n_estimators': 27}. Best is trial 23 with value: 12522607.184587093.
[I 2024-12-05 02:22:56,779] Trial 42 finished with value: 12538986.505549634 and parameters: {'max_depth': 12, 'n_estimators': 20}. Best is trial 23 with value: 12522607.184587093.
[I 2024-12-05 02:23:14,061] Trial 43 finished with value: 12744100.966512013 and parameters: {'max_depth': 9, 'n_estimators': 34}. Best is trial 23 with value: 12522607.184587093.
[I 2024-12-05 02:23:30,453] Trial 44 finished with value: 12584482.636268247 and parameters: {'max_depth': 11, 'n_estimators': 30}. Best is trial 23 with value: 12522607.184587093.
[I 2024-12-05 02:23:46,200] Trial 45 finished with value: 12655119.958874827 and parameters: {'max_depth': 10, 'n_estimators': 26}. Best is trial 23 with value: 12522607.184587093.
[I 2024-12-05 02:24:09,318] Trial 46 finished with value: 12528528.972619232 and parameters: {'max_depth': 12, 'n_estimators': 41}. Best is trial 23 with value: 12522607.184587093.
[I 2024-12-05 02:24:28,854] Trial 47 finished with value: 12862471.482197767 and parameters: {'max_depth': 8, 'n_estimators': 41}. Best is trial 23 with value: 12522607.184587093.
[I 2024-12-05 02:25:01,120] Trial 48 finished with value: 12644073.69067778 and parameters: {'max_depth': 10, 'n_estimators': 65}. Best is trial 23 with value: 12522607.184587093.
[I 2024-12-05 02:25:42,499] Trial 49 finished with value: 12575291.645925596 and parameters: {'max_depth': 11, 'n_estimators': 80}. Best is trial 23 with value: 12522607.184587093.
[I 2024-12-05 02:26:04,795] Trial 50 finished with value: 12736458.301112337 and parameters: {'max_depth': 9, 'n_estimators': 46}. Best is trial 23 with value: 12522607.184587093.
[I 2024-12-05 02:26:24,499] Trial 51 finished with value: 12525783.214646611 and parameters: {'max_depth': 12, 'n_estimators': 33}. Best is trial 23 with value: 12522607.184587093.
[I 2024-12-05 02:26:46,585] Trial 52 finished with value: 12527640.318158314 and parameters: {'max_depth': 12, 'n_estimators': 40}. Best is trial 23 with value: 12522607.184587093.
[I 2024-12-05 02:27:04,560] Trial 53 finished with value: 12588188.054412903 and parameters: {'max_depth': 11, 'n_estimators': 32}. Best is trial 23 with value: 12522607.184587093.
[I 2024-12-05 02:27:35,999] Trial 54 finished with value: 12514074.379927227 and parameters: {'max_depth': 12, 'n_estimators': 57}. Best is trial 54 with value: 12514074.379927227.
[I 2024-12-05 02:28:02,897] Trial 55 finished with value: 12646439.238680065 and parameters: {'max_depth': 10, 'n_estimators': 53}. Best is trial 54 with value: 12514074.379927227.
[I 2024-12-05 02:28:40,092] Trial 56 finished with value: 12523316.011372417 and parameters: {'max_depth': 12, 'n_estimators': 70}. Best is trial 54 with value: 12514074.379927227.
[I 2024-12-05 02:29:11,423] Trial 57 finished with value: 12586074.34818099 and parameters: {'max_depth': 11, 'n_estimators': 59}. Best is trial 54 with value: 12514074.379927227.
[I 2024-12-05 02:29:30,059] Trial 58 finished with value: 16077519.404301276 and parameters: {'max_depth': 3, 'n_estimators': 72}. Best is trial 54 with value: 12514074.379927227.
[I 2024-12-05 02:30:11,371] Trial 59 finished with value: 12732161.139811957 and parameters: {'max_depth': 9, 'n_estimators': 88}. Best is trial 54 with value: 12514074.379927227.
[I 2024-12-05 02:30:30,740] Trial 60 finished with value: 13033848.704265133 and parameters: {'max_depth': 7, 'n_estimators': 46}. Best is trial 54 with value: 12514074.379927227.
[I 2024-12-05 02:31:08,007] Trial 61 finished with value: 12515379.360195799 and parameters: {'max_depth': 12, 'n_estimators': 68}. Best is trial 54 with value: 12514074.379927227.
[I 2024-12-05 02:31:55,755] Trial 62 finished with value: 12639645.729644176 and parameters: {'max_depth': 10, 'n_estimators': 100}. Best is trial 54 with value: 12514074.379927227.
[I 2024-12-05 02:32:30,635] Trial 63 finished with value: 12520352.50465456 and parameters: {'max_depth': 12, 'n_estimators': 66}. Best is trial 54 with value: 12514074.379927227.
[I 2024-12-05 02:33:10,735] Trial 64 finished with value: 12523617.749760782 and parameters: {'max_depth': 12, 'n_estimators': 78}. Best is trial 54 with value: 12514074.379927227.
[I 2024-12-05 02:33:51,820] Trial 65 finished with value: 12566397.802679053 and parameters: {'max_depth': 11, 'n_estimators': 85}. Best is trial 54 with value: 12514074.379927227.
[I 2024-12-05 02:34:28,698] Trial 66 finished with value: 12640626.704244185 and parameters: {'max_depth': 10, 'n_estimators': 77}. Best is trial 54 with value: 12514074.379927227.
[I 2024-12-05 02:35:03,927] Trial 67 finished with value: 12523695.497248705 and parameters: {'max_depth': 12, 'n_estimators': 66}. Best is trial 54 with value: 12514074.379927227.
[I 2024-12-05 02:35:38,855] Trial 68 finished with value: 12577024.76687246 and parameters: {'max_depth': 11, 'n_estimators': 67}. Best is trial 54 with value: 12514074.379927227.
[I 2024-12-05 02:35:57,176] Trial 69 finished with value: 14772478.607569948 and parameters: {'max_depth': 4, 'n_estimators': 60}. Best is trial 54 with value: 12514074.379927227.
[I 2024-12-05 02:36:22,183] Trial 70 finished with value: 13721462.85118101 and parameters: {'max_depth': 5, 'n_estimators': 73}. Best is trial 54 with value: 12514074.379927227.
[I 2024-12-05 02:37:04,133] Trial 71 finished with value: 12514714.360450787 and parameters: {'max_depth': 12, 'n_estimators': 80}. Best is trial 54 with value: 12514074.379927227.
[I 2024-12-05 02:37:46,379] Trial 72 finished with value: 12518857.107562955 and parameters: {'max_depth': 12, 'n_estimators': 81}. Best is trial 54 with value: 12514074.379927227.
[I 2024-12-05 02:38:30,895] Trial 73 finished with value: 12570133.026503483 and parameters: {'max_depth': 11, 'n_estimators': 89}. Best is trial 54 with value: 12514074.379927227.
[I 2024-12-05 02:38:47,002] Trial 74 finished with value: 17851393.528150015 and parameters: {'max_depth': 2, 'n_estimators': 83}. Best is trial 54 with value: 12514074.379927227.
[I 2024-12-05 02:39:17,499] Trial 75 finished with value: 12522840.450994028 and parameters: {'max_depth': 12, 'n_estimators': 56}. Best is trial 54 with value: 12514074.379927227.
[I 2024-12-05 02:39:46,263] Trial 76 finished with value: 12647740.334252404 and parameters: {'max_depth': 10, 'n_estimators': 57}. Best is trial 54 with value: 12514074.379927227.
[I 2024-12-05 02:40:15,144] Trial 77 finished with value: 12577100.04967729 and parameters: {'max_depth': 11, 'n_estimators': 55}. Best is trial 54 with value: 12514074.379927227.
