Trial 130 finished with value: 621.8214310226483 and parameters: {'max_depth': 9, 'n_estimators': 84}. Best is trial 89 with value: 610.7236509508818.
Saved Losses
{'MSE - mean': 660.9001184919451, 'MSE - std': 0.0, 'R2 - mean': 0.9231565111528315, 'R2 - std': 0.0} 
 

Saved Losses
{'MSE - mean': 634.1962450713279, 'MSE - std': 26.703873420617242, 'R2 - mean': 0.9218233751908413, 'R2 - std': 0.0013331359619901395} 
 

Saved Losses
{'MSE - mean': 602.5124106033624, 'MSE - std': 49.831000762207346, 'R2 - mean': 0.9285755741969055, 'R2 - std': 0.009610890549983146} 
 

Saved Losses
{'MSE - mean': 611.6865363014452, 'MSE - std': 45.987392018845824, 'R2 - mean': 0.927191184440525, 'R2 - std': 0.008661784912218194} 
 

Saved Losses
{'MSE - mean': 615.4094276030719, 'MSE - std': 41.80085954057541, 'R2 - mean': 0.9259520441399183, 'R2 - std': 0.008134069647524222} 
 

Saving model.....
Results After CV: {'MSE - mean': 615.4094276030719, 'MSE - std': 41.80085954057541, 'R2 - mean': 0.9259520441399183, 'R2 - std': 0.008134069647524222}
Train time: 0.8370983142000114
Inference time: 0.030296312400014357
Finished cross validation
Hyperparam was saved!!! Hurrah!!!
Trial 131 finished with value: 615.4094276030719 and parameters: {'max_depth': 12, 'n_estimators': 74}. Best is trial 89 with value: 610.7236509508818.
Saved Losses
{'MSE - mean': 664.8433370671439, 'MSE - std': 0.0, 'R2 - mean': 0.9226980293578869, 'R2 - std': 0.0} 
 

Saved Losses
{'MSE - mean': 636.2242987414286, 'MSE - std': 28.619038325715337, 'R2 - mean': 0.9215867467448846, 'R2 - std': 0.0011112826130023623} 
 

Saved Losses
{'MSE - mean': 599.46916428635, 'MSE - std': 56.990461664629926, 'R2 - mean': 0.9288900046763905, 'R2 - std': 0.010368146034474193} 
 

Saved Losses
{'MSE - mean': 610.1746013230616, 'MSE - std': 52.72336945797115, 'R2 - mean': 0.9273342376444772, 'R2 - std': 0.009374703852223951} 
 

Saved Losses
{'MSE - mean': 618.8853620111595, 'MSE - std': 50.272381648999186, 'R2 - mean': 0.925479189082241, 'R2 - std': 0.009169126377498614} 
 

Saving model.....
Results After CV: {'MSE - mean': 618.8853620111595, 'MSE - std': 50.272381648999186, 'R2 - mean': 0.925479189082241, 'R2 - std': 0.009169126377498614}
Train time: 0.7339028470000016
Inference time: 0.026950440199993864
Finished cross validation
Hyperparam was saved!!! Hurrah!!!
Trial 132 finished with value: 618.8853620111595 and parameters: {'max_depth': 11, 'n_estimators': 63}. Best is trial 89 with value: 610.7236509508818.
Saved Losses
{'MSE - mean': 642.1780348770247, 'MSE - std': 0.0, 'R2 - mean': 0.9253333457201208, 'R2 - std': 0.0} 
 

Saved Losses
{'MSE - mean': 615.3042620648664, 'MSE - std': 26.873772812158393, 'R2 - mean': 0.924159220244809, 'R2 - std': 0.0011741254753117603} 
 

Saved Losses
{'MSE - mean': 585.9961207812368, 'MSE - std': 46.89776897083753, 'R2 - mean': 0.9305541033030091, 'R2 - std': 0.009094399691236325} 
 

Saved Losses
{'MSE - mean': 600.2458974370177, 'MSE - std': 47.525981894648474, 'R2 - mean': 0.9285611113945329, 'R2 - std': 0.008599251685450627} 
 

Saved Losses
{'MSE - mean': 607.7927640565291, 'MSE - std': 45.108712541272425, 'R2 - mean': 0.9268554762592899, 'R2 - std': 0.008413944883232998} 
 

Saving model.....
Results After CV: {'MSE - mean': 607.7927640565291, 'MSE - std': 45.108712541272425, 'R2 - mean': 0.9268554762592899, 'R2 - std': 0.008413944883232998}
Train time: 1.2364552864000076
Inference time: 0.038831685800016655
Finished cross validation
Hyperparam was saved!!! Hurrah!!!
Trial 133 finished with value: 607.7927640565291 and parameters: {'max_depth': 12, 'n_estimators': 92}. Best is trial 133 with value: 607.7927640565291.
Saved Losses
{'MSE - mean': 649.5380556415274, 'MSE - std': 0.0, 'R2 - mean': 0.9244775890668726, 'R2 - std': 0.0} 
 

Saved Losses
{'MSE - mean': 634.3844729402117, 'MSE - std': 15.153582701315656, 'R2 - mean': 0.9217157342921889, 'R2 - std': 0.0027618547746837696} 
 

Saved Losses
{'MSE - mean': 598.1380056072712, 'MSE - std': 52.73234460328483, 'R2 - mean': 0.9289872343709856, 'R2 - std': 0.010527803885719802} 
 

Saved Losses
{'MSE - mean': 608.569494492928, 'MSE - std': 49.11184181675973, 'R2 - mean': 0.9274802123181398, 'R2 - std': 0.009483635241584505} 
 

Saved Losses
{'MSE - mean': 617.1501227167784, 'MSE - std': 47.160228245538505, 'R2 - mean': 0.9256525182965619, 'R2 - std': 0.009236521621388919} 
 

Saving model.....
Results After CV: {'MSE - mean': 617.1501227167784, 'MSE - std': 47.160228245538505, 'R2 - mean': 0.9256525182965619, 'R2 - std': 0.009236521621388919}
Train time: 1.0677159757999903
Inference time: 0.03639271499998813
Finished cross validation
Hyperparam was saved!!! Hurrah!!!
Trial 134 finished with value: 617.1501227167784 and parameters: {'max_depth': 10, 'n_estimators': 91}. Best is trial 133 with value: 607.7927640565291.
Saved Losses
{'MSE - mean': 625.3646086556622, 'MSE - std': 0.0, 'R2 - mean': 0.9272882588668638, 'R2 - std': 0.0} 
 

Saved Losses
{'MSE - mean': 612.5964282214965, 'MSE - std': 12.768180434165743, 'R2 - mean': 0.9243907966255185, 'R2 - std': 0.0028974622413454054} 
 

Saved Losses
{'MSE - mean': 589.3450192604508, 'MSE - std': 34.49551166573019, 'R2 - mean': 0.9301547831229446, 'R2 - std': 0.008487870108476557} 
 

Saved Losses
{'MSE - mean': 601.9323321755446, 'MSE - std': 36.98346364360509, 'R2 - mean': 0.9283609816397458, 'R2 - std': 0.007980358733613196} 
 

Saved Losses
{'MSE - mean': 609.320998068179, 'MSE - std': 36.229695018785414, 'R2 - mean': 0.9266729250524726, 'R2 - std': 0.007896014221179675} 
 

Saving model.....
Results After CV: {'MSE - mean': 609.320998068179, 'MSE - std': 36.229695018785414, 'R2 - mean': 0.9266729250524726, 'R2 - std': 0.007896014221179675}
Train time: 1.186269149800023
Inference time: 0.03811384340001496
Finished cross validation
Hyperparam was saved!!! Hurrah!!!
Trial 135 finished with value: 609.320998068179 and parameters: {'max_depth': 12, 'n_estimators': 89}. Best is trial 133 with value: 607.7927640565291.
Saved Losses
{'MSE - mean': 653.3627000391828, 'MSE - std': 0.0, 'R2 - mean': 0.9240328940049527, 'R2 - std': 0.0} 
 

Saved Losses
{'MSE - mean': 630.3674464193828, 'MSE - std': 22.995253619800053, 'R2 - mean': 0.9222694312355777, 'R2 - std': 0.0017634627693750016} 
 

Saved Losses
{'MSE - mean': 597.4148135012296, 'MSE - std': 50.242145241849066, 'R2 - mean': 0.929146359813137, 'R2 - std': 0.009831454314987446} 
 

Saved Losses
{'MSE - mean': 609.6850718937033, 'MSE - std': 48.42398777394845, 'R2 - mean': 0.9273999334388723, 'R2 - std': 0.009035659118345857} 
 

Saved Losses
{'MSE - mean': 615.8947758385682, 'MSE - std': 45.05716109428883, 'R2 - mean': 0.9258575103757828, 'R2 - std': 0.00865047884134507} 
 

Saving model.....
Results After CV: {'MSE - mean': 615.8947758385682, 'MSE - std': 45.05716109428883, 'R2 - mean': 0.9258575103757828, 'R2 - std': 0.00865047884134507}
Train time: 1.141734367199979
Inference time: 0.03416795060002187
Finished cross validation
Hyperparam was saved!!! Hurrah!!!
Trial 136 finished with value: 615.8947758385682 and parameters: {'max_depth': 12, 'n_estimators': 89}. Best is trial 133 with value: 607.7927640565291.
Saved Losses
{'MSE - mean': 658.0199840487473, 'MSE - std': 0.0, 'R2 - mean': 0.9234913871390382, 'R2 - std': 0.0} 
 

Saved Losses
{'MSE - mean': 638.9553390977094, 'MSE - std': 19.064644951037963, 'R2 - mean': 0.9211794551310537, 'R2 - std': 0.002311932007984574} 
 

Saved Losses
{'MSE - mean': 606.057216156652, 'MSE - std': 49.05996443974746, 'R2 - mean': 0.9281063222120088, 'R2 - std': 0.009976288297130924} 
 

Saved Losses
{'MSE - mean': 618.4006531337078, 'MSE - std': 47.563025475064286, 'R2 - mean': 0.9263509539123704, 'R2 - std': 0.009159077450416638} 
 

Saved Losses
{'MSE - mean': 623.6215736314782, 'MSE - std': 43.80439655159568, 'R2 - mean': 0.9249237755809041, 'R2 - std': 0.008675154854722285} 
 

Saving model.....
Results After CV: {'MSE - mean': 623.6215736314782, 'MSE - std': 43.80439655159568, 'R2 - mean': 0.9249237755809041, 'R2 - std': 0.008675154854722285}
Train time: 1.2091721918000302
Inference time: 0.038622325999995155
Finished cross validation
Hyperparam was saved!!! Hurrah!!!
Trial 137 finished with value: 623.6215736314782 and parameters: {'max_depth': 12, 'n_estimators': 96}. Best is trial 133 with value: 607.7927640565291.
Saved Losses
{'MSE - mean': 656.2451119682262, 'MSE - std': 0.0, 'R2 - mean': 0.9236977532132885, 'R2 - std': 0.0} 
 

Saved Losses
{'MSE - mean': 627.2225316482536, 'MSE - std': 29.022580319972633, 'R2 - mean': 0.922702101072505, 'R2 - std': 0.000995652140783454} 
 

Saved Losses
{'MSE - mean': 598.0974937472662, 'MSE - std': 47.51921482678439, 'R2 - mean': 0.9291362287406099, 'R2 - std': 0.009135473705428453} 
 

Saved Losses
{'MSE - mean': 608.4784553078048, 'MSE - std': 44.909352278558956, 'R2 - mean': 0.9275992611091617, 'R2 - std': 0.00834742285782203} 
 

Saved Losses
{'MSE - mean': 615.037002956972, 'MSE - std': 42.255628343800026, 'R2 - mean': 0.9260034954647688, 'R2 - std': 0.008119694985720221} 
 

Saving model.....
Results After CV: {'MSE - mean': 615.037002956972, 'MSE - std': 42.255628343800026, 'R2 - mean': 0.9260034954647688, 'R2 - std': 0.008119694985720221}
Train time: 0.8474503116000051
Inference time: 0.03407867420000912
Finished cross validation
Hyperparam was saved!!! Hurrah!!!
Trial 138 finished with value: 615.037002956972 and parameters: {'max_depth': 11, 'n_estimators': 78}. Best is trial 133 with value: 607.7927640565291.
Saved Losses
{'MSE - mean': 637.3513019286869, 'MSE - std': 0.0, 'R2 - mean': 0.9258945545762036, 'R2 - std': 0.0} 
 

Saved Losses
{'MSE - mean': 625.6526265663907, 'MSE - std': 11.698675362296171, 'R2 - mean': 0.9227695449718132, 'R2 - std': 0.003125009604390383} 
 

Saved Losses
{'MSE - mean': 596.8616372275404, 'MSE - std': 41.8220213648405, 'R2 - mean': 0.9292015227016684, 'R2 - std': 0.009447281710615447} 
 

Saved Losses
{'MSE - mean': 607.8279932341475, 'MSE - std': 40.89735927259632, 'R2 - mean': 0.9276149488372546, 'R2 - std': 0.008630758869967343} 
 

Saved Losses
{'MSE - mean': 614.5290871863224, 'MSE - std': 38.95759023606252, 'R2 - mean': 0.9260144846256994, 'R2 - std': 0.008356909818054287} 
 

Saving model.....
Results After CV: {'MSE - mean': 614.5290871863224, 'MSE - std': 38.95759023606252, 'R2 - mean': 0.9260144846256994, 'R2 - std': 0.008356909818054287}
Train time: 0.8915678678000176
Inference time: 0.03168539199998577
Finished cross validation
Hyperparam was saved!!! Hurrah!!!
Trial 139 finished with value: 614.5290871863224 and parameters: {'max_depth': 12, 'n_estimators': 85}. Best is trial 133 with value: 607.7927640565291.
Saved Losses
{'MSE - mean': 659.4645521718027, 'MSE - std': 0.0, 'R2 - mean': 0.9233234258218179, 'R2 - std': 0.0} 
 

Saved Losses
{'MSE - mean': 630.6442947537632, 'MSE - std': 28.820257418039375, 'R2 - mean': 0.9222777737308437, 'R2 - std': 0.0010456520909741807} 
 

Saved Losses
{'MSE - mean': 599.8011435166542, 'MSE - std': 49.56145795775581, 'R2 - mean': 0.9289153871124807, 'R2 - std': 0.009425749218943206} 
 

Saved Losses
{'MSE - mean': 613.5299578739128, 'MSE - std': 49.06826486785539, 'R2 - mean': 0.9269792612818246, 'R2 - std': 0.00882492554927273} 
 

Saved Losses
{'MSE - mean': 618.8154395010538, 'MSE - std': 45.14311639482798, 'R2 - mean': 0.9255404317117751, 'R2 - std': 0.008401450522782395} 
 

Saving model.....
Results After CV: {'MSE - mean': 618.8154395010538, 'MSE - std': 45.14311639482798, 'R2 - mean': 0.9255404317117751, 'R2 - std': 0.008401450522782395}
Train time: 0.8565572927999938
Inference time: 0.03741465819998666
Finished cross validation
Hyperparam was saved!!! Hurrah!!!
Trial 140 finished with value: 618.8154395010538 and parameters: {'max_depth': 11, 'n_estimators': 94}. Best is trial 133 with value: 607.7927640565291.
Saved Losses
{'MSE - mean': 644.5144335369465, 'MSE - std': 0.0, 'R2 - mean': 0.9250616904134522, 'R2 - std': 0.0} 
 

Saved Losses
{'MSE - mean': 622.5853937248226, 'MSE - std': 21.929039812123904, 'R2 - mean': 0.9232233203439049, 'R2 - std': 0.0018383700695474015} 
 

Saved Losses
{'MSE - mean': 588.628563657496, 'MSE - std': 51.25154769530119, 'R2 - mean': 0.9301688401445874, 'R2 - std': 0.009936476250584064} 
 

Saved Losses
{'MSE - mean': 604.5469684687035, 'MSE - std': 52.251580751908605, 'R2 - mean': 0.9279920201819654, 'R2 - std': 0.009394988326646661} 
 

Saved Losses
{'MSE - mean': 611.9149712148095, 'MSE - std': 49.00338774743114, 'R2 - mean': 0.9263148000380627, 'R2 - std': 0.0090479231965526} 
 

Saving model.....
Results After CV: {'MSE - mean': 611.9149712148095, 'MSE - std': 49.00338774743114, 'R2 - mean': 0.9263148000380627, 'R2 - std': 0.0090479231965526}
Train time: 0.7100962319999781
Inference time: 0.030191180399992846
Finished cross validation
Hyperparam was saved!!! Hurrah!!!
Trial 141 finished with value: 611.9149712148095 and parameters: {'max_depth': 10, 'n_estimators': 81}. Best is trial 133 with value: 607.7927640565291.
Saved Losses
{'MSE - mean': 654.3695348660007, 'MSE - std': 0.0, 'R2 - mean': 0.9239158283567243, 'R2 - std': 0.0} 
 

Saved Losses
{'MSE - mean': 634.9386387765476, 'MSE - std': 19.43089608945303, 'R2 - mean': 0.9216785002650143, 'R2 - std': 0.0022373280917100113} 
 

Saved Losses
{'MSE - mean': 602.5733576578082, 'MSE - std': 48.44305239848964, 'R2 - mean': 0.9285256133732412, 'R2 - std': 0.009854085810482194} 
 

Saved Losses
{'MSE - mean': 612.8059595653361, 'MSE - std': 45.54300626502322, 'R2 - mean': 0.9270244367119436, 'R2 - std': 0.008921202243842212} 
 

Saved Losses
{'MSE - mean': 617.6672773165881, 'MSE - std': 41.87913534015841, 'R2 - mean': 0.925647888284192, 'R2 - std': 0.008440960956917742} 
 

Saving model.....
Results After CV: {'MSE - mean': 617.6672773165881, 'MSE - std': 41.87913534015841, 'R2 - mean': 0.925647888284192, 'R2 - std': 0.008440960956917742}
Train time: 0.9040633826000203
Inference time: 0.03691970419999961
Finished cross validation
Hyperparam was saved!!! Hurrah!!!
Trial 142 finished with value: 617.6672773165881 and parameters: {'max_depth': 11, 'n_estimators': 100}. Best is trial 133 with value: 607.7927640565291.
Saved Losses
{'MSE - mean': 647.3329585484004, 'MSE - std': 0.0, 'R2 - mean': 0.924733977814796, 'R2 - std': 0.0} 
 

Saved Losses
{'MSE - mean': 626.279975047278, 'MSE - std': 21.05298350112247, 'R2 - mean': 0.9227603571571764, 'R2 - std': 0.0019736206576196347} 
 

Saved Losses
{'MSE - mean': 596.7970528434463, 'MSE - std': 45.09956555097553, 'R2 - mean': 0.9292472662291756, 'R2 - std': 0.009314331123787654} 
 

Saved Losses
{'MSE - mean': 609.9853999818032, 'MSE - std': 45.24682983801711, 'R2 - mean': 0.9273836684902645, 'R2 - std': 0.008688300340693381} 
 

Saved Losses
{'MSE - mean': 614.9508171368363, 'MSE - std': 41.670636645081046, 'R2 - mean': 0.9259929335659335, 'R2 - std': 0.008253836972408071} 
 

Saving model.....
Results After CV: {'MSE - mean': 614.9508171368363, 'MSE - std': 41.670636645081046, 'R2 - mean': 0.9259929335659335, 'R2 - std': 0.008253836972408071}
Train time: 0.8647698304000414
Inference time: 0.03480326620001506
Finished cross validation
Hyperparam was saved!!! Hurrah!!!
Trial 143 finished with value: 614.9508171368363 and parameters: {'max_depth': 10, 'n_estimators': 87}. Best is trial 133 with value: 607.7927640565291.
Saved Losses
{'MSE - mean': 651.338193720753, 'MSE - std': 0.0, 'R2 - mean': 0.9242682852907892, 'R2 - std': 0.0} 
 

Saved Losses
{'MSE - mean': 632.275793506998, 'MSE - std': 19.06240021375504, 'R2 - mean': 0.9220048731453295, 'R2 - std': 0.0022634121454596645} 
 

Saved Losses
{'MSE - mean': 598.5907235404547, 'MSE - std': 50.11604478848472, 'R2 - mean': 0.9289803355037397, 'R2 - std': 0.010036409048426505} 
 

Saved Losses
{'MSE - mean': 605.6820839391138, 'MSE - std': 45.10627047143297, 'R2 - mean': 0.927863569045578, 'R2 - std': 0.008904416427073056} 
 

Saved Losses
{'MSE - mean': 613.0850906788864, 'MSE - std': 42.97532482518463, 'R2 - mean': 0.9261791955768068, 'R2 - std': 0.008647506082945691} 
 

Saving model.....
Results After CV: {'MSE - mean': 613.0850906788864, 'MSE - std': 42.97532482518463, 'R2 - mean': 0.9261791955768068, 'R2 - std': 0.008647506082945691}
Train time: 0.8462544836000461
Inference time: 0.03231108499999209
Finished cross validation
Hyperparam was saved!!! Hurrah!!!
Trial 144 finished with value: 613.0850906788864 and parameters: {'max_depth': 12, 'n_estimators': 81}. Best is trial 133 with value: 607.7927640565291.
Saved Losses
{'MSE - mean': 657.1217046772268, 'MSE - std': 0.0, 'R2 - mean': 0.9235958309406593, 'R2 - std': 0.0} 
 

Saved Losses
{'MSE - mean': 640.4761058106012, 'MSE - std': 16.645598866625676, 'R2 - mean': 0.920973851923587, 'R2 - std': 0.0026219790170722845} 
 

Saved Losses
{'MSE - mean': 604.848401505486, 'MSE - std': 52.18605116176018, 'R2 - mean': 0.9282080324739925, 'R2 - std': 0.010452268610962365} 
 

Saved Losses
{'MSE - mean': 613.5216268586421, 'MSE - std': 47.6257542299676, 'R2 - mean': 0.9269055230635999, 'R2 - std': 0.0093288279879772} 
 

Saved Losses
{'MSE - mean': 618.4453153087738, 'MSE - std': 43.72117112560533, 'R2 - mean': 0.9255269986297605, 'R2 - std': 0.008787658605236219} 
 

Saving model.....
Results After CV: {'MSE - mean': 618.4453153087738, 'MSE - std': 43.72117112560533, 'R2 - mean': 0.9255269986297605, 'R2 - std': 0.008787658605236219}
Train time: 0.8658199127999978
Inference time: 0.029914854200001173
Finished cross validation
Hyperparam was saved!!! Hurrah!!!
Trial 145 finished with value: 618.4453153087738 and parameters: {'max_depth': 12, 'n_estimators': 68}. Best is trial 133 with value: 607.7927640565291.
Saved Losses
{'MSE - mean': 655.0723820166091, 'MSE - std': 0.0, 'R2 - mean': 0.9238341076463357, 'R2 - std': 0.0} 
 

Saved Losses
{'MSE - mean': 628.0589218851956, 'MSE - std': 27.01346013141358, 'R2 - mean': 0.9225840653719934, 'R2 - std': 0.0012500422743422224} 
 

Saved Losses
{'MSE - mean': 598.3581819799032, 'MSE - std': 47.44209720657349, 'R2 - mean': 0.929089434644843, 'R2 - std': 0.00925642457309312} 
 

Saved Losses
{'MSE - mean': 607.2511489670977, 'MSE - std': 43.87845742530694, 'R2 - mean': 0.9277354761097215, 'R2 - std': 0.008352284600784734} 
 

Saved Losses
{'MSE - mean': 617.4031564863625, 'MSE - std': 44.187195515266794, 'R2 - mean': 0.9256928155597128, 'R2 - std': 0.008514597755164456} 
 

Saving model.....
Results After CV: {'MSE - mean': 617.4031564863625, 'MSE - std': 44.187195515266794, 'R2 - mean': 0.9256928155597128, 'R2 - std': 0.008514597755164456}
Train time: 0.8887968566000154
Inference time: 0.029915305999998053
Finished cross validation
Hyperparam was saved!!! Hurrah!!!
Trial 146 finished with value: 617.4031564863625 and parameters: {'max_depth': 12, 'n_estimators': 78}. Best is trial 133 with value: 607.7927640565291.
Saved Losses
{'MSE - mean': 640.0631830241933, 'MSE - std': 0.0, 'R2 - mean': 0.9255792415676466, 'R2 - std': 0.0} 
 

Saved Losses
{'MSE - mean': 632.0291157664285, 'MSE - std': 8.034067257764889, 'R2 - mean': 0.9219547894801048, 'R2 - std': 0.003624452087541752} 
 

Saved Losses
{'MSE - mean': 602.6943707381993, 'MSE - std': 42.00101613307262, 'R2 - mean': 0.9284884268254198, 'R2 - std': 0.009702298827775187} 
 

Saved Losses
{'MSE - mean': 617.1573665169983, 'MSE - std': 44.16558340892427, 'R2 - mean': 0.9264835566756549, 'R2 - std': 0.009091725076125122} 
 

Saved Losses
{'MSE - mean': 619.2377632226082, 'MSE - std': 39.721420016048874, 'R2 - mean': 0.9254546716825492, 'R2 - std': 0.008388205362532902} 
 

Saving model.....
Results After CV: {'MSE - mean': 619.2377632226082, 'MSE - std': 39.721420016048874, 'R2 - mean': 0.9254546716825492, 'R2 - std': 0.008388205362532902}
Train time: 0.9521361520000028
Inference time: 0.03693531960002474
Finished cross validation
Hyperparam was saved!!! Hurrah!!!
Trial 147 finished with value: 619.2377632226082 and parameters: {'max_depth': 11, 'n_estimators': 83}. Best is trial 133 with value: 607.7927640565291.
Saved Losses
{'MSE - mean': 657.842972400433, 'MSE - std': 0.0, 'R2 - mean': 0.9235119684526778, 'R2 - std': 0.0} 
 

Saved Losses
{'MSE - mean': 631.1413762040912, 'MSE - std': 26.701596196341825, 'R2 - mean': 0.9222008683502384, 'R2 - std': 0.0013111001024393998} 
 

Saved Losses
{'MSE - mean': 597.1686729946618, 'MSE - std': 52.759889622707476, 'R2 - mean': 0.929182522536237, 'R2 - std': 0.00993141376297908} 
 

Saved Losses
{'MSE - mean': 607.9926041238523, 'MSE - std': 49.388024054608444, 'R2 - mean': 0.9276086050183596, 'R2 - std': 0.009022548617650202} 
 

Saved Losses
{'MSE - mean': 614.4629170891283, 'MSE - std': 46.03043922763871, 'R2 - mean': 0.9260342100069252, 'R2 - std': 0.008662562291516806} 
 

Saving model.....
Results After CV: {'MSE - mean': 614.4629170891283, 'MSE - std': 46.03043922763871, 'R2 - mean': 0.9260342100069252, 'R2 - std': 0.008662562291516806}
Train time: 0.8462502230000382
Inference time: 0.03225589760002094
Finished cross validation
Hyperparam was saved!!! Hurrah!!!
