Trial 148 finished with value: 614.4629170891283 and parameters: {'max_depth': 11, 'n_estimators': 74}. Best is trial 133 with value: 607.7927640565291.
Saved Losses
{'MSE - mean': 655.7459969281929, 'MSE - std': 0.0, 'R2 - mean': 0.9237557857963357, 'R2 - std': 0.0} 
 

Saved Losses
{'MSE - mean': 632.4061675776933, 'MSE - std': 23.3398293504996, 'R2 - mean': 0.9220200106381684, 'R2 - std': 0.0017357751581673075} 
 

Saved Losses
{'MSE - mean': 598.944704676714, 'MSE - std': 51.01474383307434, 'R2 - mean': 0.9289617365076532, 'R2 - std': 0.00991885710959817} 
 

Saved Losses
{'MSE - mean': 611.2957708080876, 'MSE - std': 49.0869083362391, 'R2 - mean': 0.9272056860909446, 'R2 - std': 0.009112570107743361} 
 

Saved Losses
{'MSE - mean': 618.8863251324551, 'MSE - std': 46.455201170729744, 'R2 - mean': 0.9254886527109643, 'R2 - std': 0.008844431111535496} 
 

Saving model.....
Results After CV: {'MSE - mean': 618.8863251324551, 'MSE - std': 46.455201170729744, 'R2 - mean': 0.9254886527109643, 'R2 - std': 0.008844431111535496}
Train time: 0.9664054274000137
Inference time: 0.03571638119999534
Finished cross validation
Hyperparam was saved!!! Hurrah!!!
Trial 149 finished with value: 618.8863251324551 and parameters: {'max_depth': 12, 'n_estimators': 90}. Best is trial 133 with value: 607.7927640565291.
Saved Losses
{'MSE - mean': 713.5327797901301, 'MSE - std': 0.0, 'R2 - mean': 0.9170368612869899, 'R2 - std': 0.0} 
 

Saved Losses
{'MSE - mean': 705.4702590756528, 'MSE - std': 8.06252071447733, 'R2 - mean': 0.9128794028756472, 'R2 - std': 0.00415745841134274} 
 

Saved Losses
{'MSE - mean': 649.4293216219603, 'MSE - std': 79.52678480586441, 'R2 - mean': 0.9226772867947822, 'R2 - std': 0.01426604472913639} 
 

Saved Losses
{'MSE - mean': 674.6290001270069, 'MSE - std': 81.53804950108766, 'R2 - mean': 0.9194257398301855, 'R2 - std': 0.013577838456441593} 
 

Saved Losses
{'MSE - mean': 676.707030827119, 'MSE - std': 73.04817355359332, 'R2 - mean': 0.9183679686164282, 'R2 - std': 0.012327273724631615} 
 

Saving model.....
Results After CV: {'MSE - mean': 676.707030827119, 'MSE - std': 73.04817355359332, 'R2 - mean': 0.9183679686164282, 'R2 - std': 0.012327273724631615}
Train time: 0.1365351855999961
Inference time: 0.0091179762000138
Finished cross validation
Hyperparam was saved!!! Hurrah!!!
Trial 150 finished with value: 676.707030827119 and parameters: {'max_depth': 12, 'n_estimators': 10}. Best is trial 133 with value: 607.7927640565291.
Saved Losses
{'MSE - mean': 630.056434905193, 'MSE - std': 0.0, 'R2 - mean': 0.9267427357416731, 'R2 - std': 0.0} 
 

Saved Losses
{'MSE - mean': 621.3318456702556, 'MSE - std': 8.724589234937412, 'R2 - mean': 0.9232817645450455, 'R2 - std': 0.003460971196627527} 
 

Saved Losses
{'MSE - mean': 591.6957531827112, 'MSE - std': 42.51284034351063, 'R2 - mean': 0.9297885177753829, 'R2 - std': 0.009626069963919088} 
 

Saved Losses
{'MSE - mean': 603.0967990737403, 'MSE - std': 41.77867563461857, 'R2 - mean': 0.9281583532410889, 'R2 - std': 0.008801603628845649} 
 

Saved Losses
{'MSE - mean': 611.6961169102726, 'MSE - std': 41.1358634191742, 'R2 - mean': 0.9263298824295252, 'R2 - std': 0.008680311237876798} 
 

Saving model.....
Results After CV: {'MSE - mean': 611.6961169102726, 'MSE - std': 41.1358634191742, 'R2 - mean': 0.9263298824295252, 'R2 - std': 0.008680311237876798}
Train time: 1.096232317199997
Inference time: 0.0374323898000057
Finished cross validation
Hyperparam was saved!!! Hurrah!!!
Trial 151 finished with value: 611.6961169102726 and parameters: {'max_depth': 10, 'n_estimators': 94}. Best is trial 133 with value: 607.7927640565291.
Saved Losses
{'MSE - mean': 648.0426720883945, 'MSE - std': 0.0, 'R2 - mean': 0.9246514587427468, 'R2 - std': 0.0} 
 

Saved Losses
{'MSE - mean': 626.4804170073733, 'MSE - std': 21.56225508102125, 'R2 - mean': 0.922739307726114, 'R2 - std': 0.0019121510166327793} 
 

Saved Losses
{'MSE - mean': 592.715144763769, 'MSE - std': 50.89342900108797, 'R2 - mean': 0.9296861060317015, 'R2 - std': 0.009947540453329967} 
 

Saved Losses
{'MSE - mean': 608.452862271117, 'MSE - std': 51.823094211363525, 'R2 - mean': 0.927528716636992, 'R2 - std': 0.009390322561243204} 
 

Saved Losses
{'MSE - mean': 614.5059678949523, 'MSE - std': 47.90685572739155, 'R2 - mean': 0.9260110556552062, 'R2 - std': 0.008930604999992653} 
 

Saving model.....
Results After CV: {'MSE - mean': 614.5059678949523, 'MSE - std': 47.90685572739155, 'R2 - mean': 0.9260110556552062, 'R2 - std': 0.008930604999992653}
Train time: 0.9637004830000023
Inference time: 0.0365843631999951
Finished cross validation
Hyperparam was saved!!! Hurrah!!!
Trial 152 finished with value: 614.5059678949523 and parameters: {'max_depth': 10, 'n_estimators': 82}. Best is trial 133 with value: 607.7927640565291.
Saved Losses
{'MSE - mean': 642.2760849567269, 'MSE - std': 0.0, 'R2 - mean': 0.9253219453435809, 'R2 - std': 0.0} 
 

Saved Losses
{'MSE - mean': 622.9219607902801, 'MSE - std': 19.354124166446752, 'R2 - mean': 0.9231629176026206, 'R2 - std': 0.002159027740960384} 
 

Saved Losses
{'MSE - mean': 587.5156931689613, 'MSE - std': 52.50646615968718, 'R2 - mean': 0.9302722315364377, 'R2 - std': 0.01020746245368024} 
 

Saved Losses
{'MSE - mean': 605.6250408168466, 'MSE - std': 55.24076536516924, 'R2 - mean': 0.927839267924499, 'R2 - std': 0.009792964470400293} 
 

Saved Losses
{'MSE - mean': 612.3221997633228, 'MSE - std': 51.192201342794476, 'R2 - mean': 0.926249658547367, 'R2 - std': 0.009318216266125301} 
 

Saving model.....
Results After CV: {'MSE - mean': 612.3221997633228, 'MSE - std': 51.192201342794476, 'R2 - mean': 0.926249658547367, 'R2 - std': 0.009318216266125301}
Train time: 1.0441486756000131
Inference time: 0.03554356159997951
Finished cross validation
Hyperparam was saved!!! Hurrah!!!
Trial 153 finished with value: 612.3221997633228 and parameters: {'max_depth': 11, 'n_estimators': 92}. Best is trial 133 with value: 607.7927640565291.
Saved Losses
{'MSE - mean': 656.9013567477675, 'MSE - std': 0.0, 'R2 - mean': 0.9236214510051534, 'R2 - std': 0.0} 
 

Saved Losses
{'MSE - mean': 634.7115025119263, 'MSE - std': 22.189854235841324, 'R2 - mean': 0.9217267244564014, 'R2 - std': 0.0018947265487520015} 
 

Saved Losses
{'MSE - mean': 595.5221296670862, 'MSE - std': 58.30843542703768, 'R2 - mean': 0.9292990050234916, 'R2 - std': 0.01081999037752936} 
 

Saved Losses
{'MSE - mean': 607.9178352177018, 'MSE - std': 54.871356642190456, 'R2 - mean': 0.9275562839622151, 'R2 - std': 0.009844560626032077} 
 

Saved Losses
{'MSE - mean': 615.0245028717478, 'MSE - std': 51.095122314990284, 'R2 - mean': 0.9259144642182153, 'R2 - std': 0.009397584126936429} 
 

Saving model.....
Results After CV: {'MSE - mean': 615.0245028717478, 'MSE - std': 51.095122314990284, 'R2 - mean': 0.9259144642182153, 'R2 - std': 0.009397584126936429}
Train time: 1.1637813022000045
Inference time: 0.03624731600002633
Finished cross validation
Hyperparam was saved!!! Hurrah!!!
Trial 154 finished with value: 615.0245028717478 and parameters: {'max_depth': 11, 'n_estimators': 91}. Best is trial 133 with value: 607.7927640565291.
Saved Losses
{'MSE - mean': 659.0004835997738, 'MSE - std': 0.0, 'R2 - mean': 0.9233773835185125, 'R2 - std': 0.0} 
 

Saved Losses
{'MSE - mean': 635.2188844290748, 'MSE - std': 23.781599170698996, 'R2 - mean': 0.9216756524635081, 'R2 - std': 0.0017017310550043185} 
 

Saved Losses
{'MSE - mean': 602.8057905871692, 'MSE - std': 49.782128093847334, 'R2 - mean': 0.9285188157876186, 'R2 - std': 0.009776930037079263} 
 

Saved Losses
{'MSE - mean': 607.9561269584872, 'MSE - std': 44.02582313117304, 'R2 - mean': 0.9276242567428792, 'R2 - std': 0.008607669740762163} 
 

Saved Losses
{'MSE - mean': 612.7217503132518, 'MSE - std': 40.51497433961647, 'R2 - mean': 0.9262613186283974, 'R2 - std': 0.008167250694600512} 
 

Saving model.....
Results After CV: {'MSE - mean': 612.7217503132518, 'MSE - std': 40.51497433961647, 'R2 - mean': 0.9262613186283974, 'R2 - std': 0.008167250694600512}
Train time: 1.0629721170000495
Inference time: 0.034091913600036605
Finished cross validation
Hyperparam was saved!!! Hurrah!!!
Trial 155 finished with value: 612.7217503132518 and parameters: {'max_depth': 12, 'n_estimators': 79}. Best is trial 133 with value: 607.7927640565291.
Saved Losses
{'MSE - mean': 657.8953946790932, 'MSE - std': 0.0, 'R2 - mean': 0.9235058732642024, 'R2 - std': 0.0} 
 

Saved Losses
{'MSE - mean': 632.2167745105551, 'MSE - std': 25.67862016853809, 'R2 - mean': 0.9220605011375892, 'R2 - std': 0.0014453721266132202} 
 

Saved Losses
{'MSE - mean': 595.6612032693541, 'MSE - std': 55.787220161799446, 'R2 - mean': 0.9293279106898358, 'R2 - std': 0.010345202604255595} 
 

Saved Losses
{'MSE - mean': 609.5638913610403, 'MSE - std': 53.98161407886902, 'R2 - mean': 0.9273923334278867, 'R2 - std': 0.009565918184013754} 
 

Saved Losses
{'MSE - mean': 616.3234562822336, 'MSE - std': 50.139591128600806, 'R2 - mean': 0.9257855463854237, 'R2 - std': 0.009139611094674914} 
 

Saving model.....
Results After CV: {'MSE - mean': 616.3234562822336, 'MSE - std': 50.139591128600806, 'R2 - mean': 0.9257855463854237, 'R2 - std': 0.009139611094674914}
Train time: 0.8405875630000083
Inference time: 0.027874313600023015
Finished cross validation
Hyperparam was saved!!! Hurrah!!!
Trial 156 finished with value: 616.3234562822336 and parameters: {'max_depth': 11, 'n_estimators': 67}. Best is trial 133 with value: 607.7927640565291.
Saved Losses
{'MSE - mean': 654.7847101416751, 'MSE - std': 0.0, 'R2 - mean': 0.9238675555303573, 'R2 - std': 0.0} 
 

Saved Losses
{'MSE - mean': 635.2707620446367, 'MSE - std': 19.51394809703828, 'R2 - mean': 0.9216380643909142, 'R2 - std': 0.0022294911394430406} 
 

Saved Losses
{'MSE - mean': 605.5156727533973, 'MSE - std': 44.99548263639203, 'R2 - mean': 0.9282063513542407, 'R2 - std': 0.00946565059002524} 
 

Saved Losses
{'MSE - mean': 616.632338293759, 'MSE - std': 43.46476563229322, 'R2 - mean': 0.9265899821311246, 'R2 - std': 0.008662381555648788} 
 

Saved Losses
{'MSE - mean': 621.8965892361551, 'MSE - std': 40.276519625139166, 'R2 - mean': 0.9251538965098953, 'R2 - std': 0.008263101779508819} 
 

Saving model.....
Results After CV: {'MSE - mean': 621.8965892361551, 'MSE - std': 40.276519625139166, 'R2 - mean': 0.9251538965098953, 'R2 - std': 0.008263101779508819}
Train time: 0.979249843599996
Inference time: 0.030606576799982577
Finished cross validation
Hyperparam was saved!!! Hurrah!!!
Trial 157 finished with value: 621.8965892361551 and parameters: {'max_depth': 12, 'n_estimators': 76}. Best is trial 133 with value: 607.7927640565291.
Saved Losses
{'MSE - mean': 672.8898631631724, 'MSE - std': 0.0, 'R2 - mean': 0.9217624520731839, 'R2 - std': 0.0} 
 

Saved Losses
{'MSE - mean': 650.0718091222964, 'MSE - std': 22.818054040876007, 'R2 - mean': 0.9198331418657475, 'R2 - std': 0.0019293102074363078} 
 

Saved Losses
{'MSE - mean': 613.2071719043158, 'MSE - std': 55.363453781065665, 'R2 - mean': 0.9272368217310509, 'R2 - std': 0.010588221900464496} 
 

Saved Losses
{'MSE - mean': 622.3435453789308, 'MSE - std': 50.490137370867664, 'R2 - mean': 0.9258697480646397, 'R2 - std': 0.00947045423875181} 
 

Saved Losses
{'MSE - mean': 628.4101148151774, 'MSE - std': 46.76126854868754, 'R2 - mean': 0.9243339701250685, 'R2 - std': 0.009010330643729381} 
 

Saving model.....
Results After CV: {'MSE - mean': 628.4101148151774, 'MSE - std': 46.76126854868754, 'R2 - mean': 0.9243339701250685, 'R2 - std': 0.009010330643729381}
Train time: 0.43169929939999746
Inference time: 0.018091790600010427
Finished cross validation
Hyperparam was saved!!! Hurrah!!!
Trial 158 finished with value: 628.4101148151774 and parameters: {'max_depth': 11, 'n_estimators': 36}. Best is trial 133 with value: 607.7927640565291.
Saved Losses
{'MSE - mean': 649.9209032515738, 'MSE - std': 0.0, 'R2 - mean': 0.9244330750091057, 'R2 - std': 0.0} 
 

Saved Losses
{'MSE - mean': 632.4895009402305, 'MSE - std': 17.431402311343277, 'R2 - mean': 0.9219665487273618, 'R2 - std': 0.0024665262817438194} 
 

Saved Losses
{'MSE - mean': 599.986741587897, 'MSE - std': 48.118893607999865, 'R2 - mean': 0.9288201180777613, 'R2 - std': 0.009899427270326935} 
 

Saved Losses
{'MSE - mean': 611.2367860459575, 'MSE - std': 46.00284167818895, 'R2 - mean': 0.9272006715865022, 'R2 - std': 0.009020355648450029} 
 

Saved Losses
{'MSE - mean': 615.1992638544192, 'MSE - std': 41.90243519779035, 'R2 - mean': 0.9259408778083115, 'R2 - std': 0.008452323602057063} 
 

Saving model.....
Results After CV: {'MSE - mean': 615.1992638544192, 'MSE - std': 41.90243519779035, 'R2 - mean': 0.9259408778083115, 'R2 - std': 0.008452323602057063}
Train time: 1.069137068200007
Inference time: 0.03398982280002656
Finished cross validation
Hyperparam was saved!!! Hurrah!!!
Trial 159 finished with value: 615.1992638544192 and parameters: {'max_depth': 12, 'n_estimators': 80}. Best is trial 133 with value: 607.7927640565291.
Saved Losses
{'MSE - mean': 736.3688341287892, 'MSE - std': 0.0, 'R2 - mean': 0.9143816914091417, 'R2 - std': 0.0} 
 

Saved Losses
{'MSE - mean': 687.268669733051, 'MSE - std': 49.10016439573826, 'R2 - mean': 0.9154284898636438, 'R2 - std': 0.001046798454502118} 
 

Saved Losses
{'MSE - mean': 639.7149050831412, 'MSE - std': 78.29392373539407, 'R2 - mean': 0.9241167013699481, 'R2 - std': 0.012316678246431524} 
 

Saved Losses
{'MSE - mean': 658.5058382719532, 'MSE - std': 75.2113780004859, 'R2 - mean': 0.9215693346636455, 'R2 - std': 0.01154307817173237} 
 

Saved Losses
{'MSE - mean': 674.872457707978, 'MSE - std': 74.81220509810043, 'R2 - mean': 0.9186960427180374, 'R2 - std': 0.011815978561328145} 
 

Saving model.....
Results After CV: {'MSE - mean': 674.872457707978, 'MSE - std': 74.81220509810043, 'R2 - mean': 0.9186960427180374, 'R2 - std': 0.011815978561328145}
Train time: 0.5086726144000068
Inference time: 0.03075799000000643
Finished cross validation
Hyperparam was saved!!! Hurrah!!!
Trial 160 finished with value: 674.872457707978 and parameters: {'max_depth': 5, 'n_estimators': 86}. Best is trial 133 with value: 607.7927640565291.
Saved Losses
{'MSE - mean': 637.408326705261, 'MSE - std': 0.0, 'R2 - mean': 0.9258879242508941, 'R2 - std': 0.0} 
 

Saved Losses
{'MSE - mean': 624.1834568774736, 'MSE - std': 13.224869827787245, 'R2 - mean': 0.922962249297183, 'R2 - std': 0.002925674953711155} 
 

Saved Losses
{'MSE - mean': 593.5345141716816, 'MSE - std': 44.66893214834883, 'R2 - mean': 0.9295822018780306, 'R2 - std': 0.009661983593886158} 
 

Saved Losses
{'MSE - mean': 606.9493734804338, 'MSE - std': 45.12605096035094, 'R2 - mean': 0.9277058017107574, 'R2 - std': 0.008976529284173404} 
 

Saved Losses
{'MSE - mean': 614.0310054519302, 'MSE - std': 42.77483402352175, 'R2 - mean': 0.926061494687332, 'R2 - std': 0.008676257530804544} 
 

Saving model.....
Results After CV: {'MSE - mean': 614.0310054519302, 'MSE - std': 42.77483402352175, 'R2 - mean': 0.926061494687332, 'R2 - std': 0.008676257530804544}
Train time: 1.2697222460000148
Inference time: 0.04012760840000738
Finished cross validation
Hyperparam was saved!!! Hurrah!!!
Trial 161 finished with value: 614.0310054519302 and parameters: {'max_depth': 12, 'n_estimators': 95}. Best is trial 133 with value: 607.7927640565291.
Saved Losses
{'MSE - mean': 652.0850447681969, 'MSE - std': 0.0, 'R2 - mean': 0.9241814482052312, 'R2 - std': 0.0} 
 

Saved Losses
{'MSE - mean': 631.019675765968, 'MSE - std': 21.065369002228863, 'R2 - mean': 0.9221747323344085, 'R2 - std': 0.0020067158708227395} 
 

Saved Losses
{'MSE - mean': 600.8615687908265, 'MSE - std': 45.98756368245888, 'R2 - mean': 0.9287596565875768, 'R2 - std': 0.009455530686538422} 
 

Saved Losses
{'MSE - mean': 621.6950451652722, 'MSE - std': 53.74237828399416, 'R2 - mean': 0.9259751290801319, 'R2 - std': 0.009503477034338736} 
 

Saved Losses
{'MSE - mean': 626.1787802371861, 'MSE - std': 48.89795598669113, 'R2 - mean': 0.9246329310387956, 'R2 - std': 0.008913968976972672} 
 

Saving model.....
Results After CV: {'MSE - mean': 626.1787802371861, 'MSE - std': 48.89795598669113, 'R2 - mean': 0.9246329310387956, 'R2 - std': 0.008913968976972672}
Train time: 0.8547639887999822
Inference time: 0.02826996760002203
Finished cross validation
Hyperparam was saved!!! Hurrah!!!
Trial 162 finished with value: 626.1787802371861 and parameters: {'max_depth': 11, 'n_estimators': 72}. Best is trial 133 with value: 607.7927640565291.
Saved Losses
{'MSE - mean': 662.5213573278362, 'MSE - std': 0.0, 'R2 - mean': 0.9229680081628657, 'R2 - std': 0.0} 
 

Saved Losses
{'MSE - mean': 635.2620455526414, 'MSE - std': 27.259311775194703, 'R2 - mean': 0.9216957251113682, 'R2 - std': 0.0012722830514974581} 
 

Saved Losses
{'MSE - mean': 602.4335882113578, 'MSE - std': 51.48587452031681, 'R2 - mean': 0.9285752742367376, 'R2 - std': 0.00978445340555578} 
 

Saved Losses
{'MSE - mean': 615.8791155090116, 'MSE - std': 50.30350951253023, 'R2 - mean': 0.9266790470794556, 'R2 - std': 0.009087831349126139} 
 

Saved Losses
{'MSE - mean': 618.5258103616351, 'MSE - std': 45.303139295123806, 'R2 - mean': 0.9255721261153056, 'R2 - std': 0.00842449042895932} 
 

Saving model.....
Results After CV: {'MSE - mean': 618.5258103616351, 'MSE - std': 45.303139295123806, 'R2 - mean': 0.9255721261153056, 'R2 - std': 0.00842449042895932}
Train time: 0.868531824000047
Inference time: 0.03577067740000075
Finished cross validation
Hyperparam was saved!!! Hurrah!!!
Trial 163 finished with value: 618.5258103616351 and parameters: {'max_depth': 12, 'n_estimators': 87}. Best is trial 133 with value: 607.7927640565291.
Saved Losses
{'MSE - mean': 659.5387940117305, 'MSE - std': 0.0, 'R2 - mean': 0.9233147936520864, 'R2 - std': 0.0} 
 

Saved Losses
{'MSE - mean': 640.545706053875, 'MSE - std': 18.993087957855437, 'R2 - mean': 0.9209824004987557, 'R2 - std': 0.002332393153330725} 
 

Saved Losses
{'MSE - mean': 606.3401842518473, 'MSE - std': 50.79888814676829, 'R2 - mean': 0.9280584548553846, 'R2 - std': 0.010186647914324167} 
 

Saved Losses
{'MSE - mean': 611.5288988693753, 'MSE - std': 44.90170994357959, 'R2 - mean': 0.9271679782770481, 'R2 - std': 0.008955707253338602} 
 

Saved Losses
{'MSE - mean': 617.4106562922282, 'MSE - std': 41.84866934815277, 'R2 - mean': 0.9256668298409952, 'R2 - std': 0.008554387203900601} 
 

Saving model.....
Results After CV: {'MSE - mean': 617.4106562922282, 'MSE - std': 41.84866934815277, 'R2 - mean': 0.9256668298409952, 'R2 - std': 0.008554387203900601}
Train time: 0.8960298168000236
Inference time: 0.03183294679997743
Finished cross validation
Hyperparam was saved!!! Hurrah!!!
Trial 164 finished with value: 617.4106562922282 and parameters: {'max_depth': 10, 'n_estimators': 81}. Best is trial 133 with value: 607.7927640565291.
Saved Losses
{'MSE - mean': 839.1296638110908, 'MSE - std': 0.0, 'R2 - mean': 0.9024335914638185, 'R2 - std': 0.0} 
 

Saved Losses
{'MSE - mean': 745.8199814152498, 'MSE - std': 93.30968239584104, 'R2 - mean': 0.9085158992294805, 'R2 - std': 0.006082307765661987} 
 

Saved Losses
{'MSE - mean': 709.076170611549, 'MSE - std': 92.22082095328666, 'R2 - mean': 0.9162502882149993, 'R2 - std': 0.012012681818094801} 
 

Saved Losses
{'MSE - mean': 727.9605926429609, 'MSE - std': 86.3039631149987, 'R2 - mean': 0.9135704610561592, 'R2 - std': 0.011391787135952805} 
 

Saved Losses
{'MSE - mean': 748.1051201716018, 'MSE - std': 87.07414769547118, 'R2 - mean': 0.9100822564277073, 'R2 - std': 0.012348624921038791} 
 

Saving model.....
Results After CV: {'MSE - mean': 748.1051201716018, 'MSE - std': 87.07414769547118, 'R2 - mean': 0.9100822564277073, 'R2 - std': 0.012348624921038791}
Train time: 0.15398205919998417
Inference time: 0.014303026800030238
Finished cross validation
Hyperparam was saved!!! Hurrah!!!
Trial 165 finished with value: 748.1051201716018 and parameters: {'max_depth': 4, 'n_estimators': 29}. Best is trial 133 with value: 607.7927640565291.
Saved Losses
{'MSE - mean': 642.2358585216281, 'MSE - std': 0.0, 'R2 - mean': 0.9253266225096615, 'R2 - std': 0.0} 
 

Saved Losses
{'MSE - mean': 620.1610923151429, 'MSE - std': 22.074766206485094, 'R2 - mean': 0.9235239714634691, 'R2 - std': 0.0018026510461924272} 
 

Saved Losses
{'MSE - mean': 591.3723097999364, 'MSE - std': 44.52472945225363, 'R2 - mean': 0.9299008874690284, 'R2 - std': 0.00913764098004206} 
 

Saved Losses
{'MSE - mean': 608.6720482858193, 'MSE - std': 48.83320084365864, 'R2 - mean': 0.9275421523586707, 'R2 - std': 0.008905799008096392} 
 

Saved Losses
{'MSE - mean': 616.1555022605046, 'MSE - std': 46.17091657390623, 'R2 - mean': 0.9258370237561317, 'R2 - std': 0.008664898094200173} 
 

Saving model.....
Results After CV: {'MSE - mean': 616.1555022605046, 'MSE - std': 46.17091657390623, 'R2 - mean': 0.9258370237561317, 'R2 - std': 0.008664898094200173}
Train time: 1.1857345645999886
Inference time: 0.03922765320000963
Finished cross validation
Hyperparam was saved!!! Hurrah!!!
