Trial 196 finished with value: 11.122265997470038 and parameters: {'max_depth': 12, 'n_estimators': 62}. Best is trial 121 with value: 10.52889642030585.
Saved Losses
{'MSE - mean': 12.000604879189197, 'MSE - std': 0.0, 'R2 - mean': 0.8392810993244254, 'R2 - std': 0.0} 
 

Saved Losses
{'MSE - mean': 11.318480270236279, 'MSE - std': 0.6821246089529183, 'R2 - mean': 0.8536091391322815, 'R2 - std': 0.014328039807856185} 
 

Saved Losses
{'MSE - mean': 10.88462046962232, 'MSE - std': 0.8286523042086764, 'R2 - mean': 0.8674188165659465, 'R2 - std': 0.02276568026952183} 
 

Saved Losses
{'MSE - mean': 10.698351974731416, 'MSE - std': 0.7868203972442053, 'R2 - mean': 0.8669696817218495, 'R2 - std': 0.019730998832424018} 
 

Saved Losses
{'MSE - mean': 11.45966421919029, 'MSE - std': 1.6773951246702898, 'R2 - mean': 0.8617933671243719, 'R2 - std': 0.020460371042293726} 
 

Saving model.....
Results After CV: {'MSE - mean': 11.45966421919029, 'MSE - std': 1.6773951246702898, 'R2 - mean': 0.8617933671243719, 'R2 - std': 0.020460371042293726}
Train time: 0.3852459380000141
Inference time: 0.01828329740001209
Finished cross validation
Hyperparam was saved!!! Hurrah!!!
Trial 197 finished with value: 11.45966421919029 and parameters: {'max_depth': 12, 'n_estimators': 57}. Best is trial 121 with value: 10.52889642030585.
Saved Losses
{'MSE - mean': 12.336748596149363, 'MSE - std': 0.0, 'R2 - mean': 0.8347792721913176, 'R2 - std': 0.0} 
 

Saved Losses
{'MSE - mean': 11.417972381425866, 'MSE - std': 0.918776214723497, 'R2 - mean': 0.8522097235019732, 'R2 - std': 0.017430451310655515} 
 

Saved Losses
{'MSE - mean': 11.606775260956617, 'MSE - std': 0.7962785587548062, 'R2 - mean': 0.8596138100491384, 'R2 - std': 0.017668845004449162} 
 

Saved Losses
{'MSE - mean': 11.260053820942336, 'MSE - std': 0.9144353056647606, 'R2 - mean': 0.8608497336950556, 'R2 - std': 0.015450682335063639} 
 

Saved Losses
{'MSE - mean': 11.427392163935414, 'MSE - std': 0.8837205591925761, 'R2 - mean': 0.8621740549305233, 'R2 - std': 0.014071040282583281} 
 

Saving model.....
Results After CV: {'MSE - mean': 11.427392163935414, 'MSE - std': 0.8837205591925761, 'R2 - mean': 0.8621740549305233, 'R2 - std': 0.014071040282583281}
Train time: 0.1759892468000089
Inference time: 0.010873237000009795
Finished cross validation
Hyperparam was saved!!! Hurrah!!!
Trial 198 finished with value: 11.427392163935414 and parameters: {'max_depth': 12, 'n_estimators': 23}. Best is trial 121 with value: 10.52889642030585.
Saved Losses
{'MSE - mean': 14.737260744003736, 'MSE - std': 0.0, 'R2 - mean': 0.8026302532588999, 'R2 - std': 0.0} 
 

Saved Losses
{'MSE - mean': 12.38150997717607, 'MSE - std': 2.3557507668276667, 'R2 - mean': 0.8390743513700717, 'R2 - std': 0.036444098111171774} 
 

Saved Losses
{'MSE - mean': 11.512959179897814, 'MSE - std': 2.282206992915295, 'R2 - mean': 0.8585708799284992, 'R2 - std': 0.040566950132880766} 
 

Saved Losses
{'MSE - mean': 10.940502023672284, 'MSE - std': 2.2112153120004097, 'R2 - mean': 0.8633700062267067, 'R2 - std': 0.036101979474693145} 
 

Saved Losses
{'MSE - mean': 11.235113971499668, 'MSE - std': 2.0636771365769984, 'R2 - mean': 0.8634960824409937, 'R2 - std': 0.0322915765864748} 
 

Saving model.....
Results After CV: {'MSE - mean': 11.235113971499668, 'MSE - std': 2.0636771365769984, 'R2 - mean': 0.8634960824409937, 'R2 - std': 0.0322915765864748}
Train time: 0.45963854399999493
Inference time: 0.02383115519999137
Finished cross validation
Hyperparam was saved!!! Hurrah!!!
Trial 199 finished with value: 11.235113971499668 and parameters: {'max_depth': 12, 'n_estimators': 65}. Best is trial 121 with value: 10.52889642030585.
Best parameters: {'max_depth': 12, 'n_estimators': 80}
Saved Losses
{'MSE - mean': 11.733510671952075, 'MSE - std': 0.0, 'R2 - mean': 0.8428581762964709, 'R2 - std': 0.0} 
 

Saved Losses
{'MSE - mean': 11.08522960080552, 'MSE - std': 0.6482810711465561, 'R2 - mean': 0.8566356142377816, 'R2 - std': 0.0137774379413107} 
 

Saved Losses
{'MSE - mean': 10.659295316565489, 'MSE - std': 0.8018846096042035, 'R2 - mean': 0.8701681229637178, 'R2 - std': 0.022199161748127492} 
 

Saved Losses
{'MSE - mean': 10.48893026698163, 'MSE - std': 0.7545441973133152, 'R2 - mean': 0.8695674449972839, 'R2 - std': 0.019253169318263486} 
 

Saved Losses
{'MSE - mean': 10.97969411916753, 'MSE - std': 1.1911616980950719, 'R2 - mean': 0.8672945059588122, 'R2 - std': 0.017810464073926148} 
 

Saving model.....
Results After CV: {'MSE - mean': 10.97969411916753, 'MSE - std': 1.1911616980950719, 'R2 - mean': 0.8672945059588122, 'R2 - std': 0.017810464073926148}
Train time: 0.5673633659999837
Inference time: 0.026414322800019364
Finished cross validation


----------------------------------------------------------------------------
Training RandomForest Vesion 1 with Dataset: config/socmob.yml 



----------------------------------------------------------------------------
 Panda Version: 2.0.3
Namespace(batch_size=128, cat_dims=None, cat_idx=None, config='config/socmob.yml', data_parallel=False, dataset='Socmob', direction='minimize', dropna_idx=None, early_stopping_rounds=20, epochs=100, gpu_ids=[0, 1], logging_period=100, miss_cat_idx=None, miss_num_idx=None, model_name='RandomForest', n_trials=200, nominal_idx=[0, 1, 2, 3], num_classes=1, num_features=5, num_idx=None, num_splits=5, objective='regression', one_hot_encode=True, optimize_hyperparameters=True, ordinal_encode=False, ordinal_idx=None, scale=True, seed=221, shuffle=True, target_encode=False, use_gpu=True, val_batch_size=256)
Start hyperparameter optimization
 Panda Version: 2.0.3
Loading dataset Socmob...
Dataset loaded! 

X b4 encoding : ['Professional_Self-Employed' 'Professional_Self-Employed' 'intact'
 'white' 22.9] 

(1156, 5)
Data Type of X: <class 'numpy.ndarray'>
Nominal Idx: [0, 1, 2, 3]
Ordinal Idx: None
Cat Dims: None 
 

Normonal Idx: [0, 1, 2, 3]
Cat Idx Part II: [0, 1, 2, 3] 
ENDE 
 

X after Nominal Encoding: ['Professional_Self-Employed' 'Professional_Self-Employed' 'intact'
 'white' 22.9] 
 

Scaling the data...
X after Scaling: ['Professional_Self-Employed' 'Professional_Self-Employed' 'intact'
 'white' 0.13440189107338416] 
 

One Hot Encoding...
X after One Hot Encoding: [0.0 0.0 0.0 0.0 0.0 0.0 0.0 0.0 0.0 0.0 0.0 0.0 1.0 0.0 0.0 0.0 0.0 0.0
 0.0 0.0 0.0 0.0 0.0 0.0 0.0 0.0 0.0 0.0 0.0 1.0 0.0 0.0 0.0 0.0 1.0 0.0
 0.0 1.0 0.13440189107338416] 
 

args.num_features: 39
args.cat_idx: None
Cat Dims: []
New Shape: (1156, 39)
False 
 

A new study created in RDB with name: RandomForest_Socmob
Saved Losses
{'MSE - mean': 471.0176675345607, 'MSE - std': 0.0, 'R2 - mean': 0.5399043197212494, 'R2 - std': 0.0} 
 

Saved Losses
{'MSE - mean': 362.36681297382563, 'MSE - std': 108.65085456073508, 'R2 - mean': 0.6491438804763754, 'R2 - std': 0.10923956075512603} 
 

Saved Losses
{'MSE - mean': 479.34181878493155, 'MSE - std': 187.71337041760026, 'R2 - mean': 0.6690472114452541, 'R2 - std': 0.09352970788272941} 
 

Saved Losses
{'MSE - mean': 513.3176314455013, 'MSE - std': 172.88811298926765, 'R2 - mean': 0.6625365091239952, 'R2 - std': 0.08178033031615647} 
 

Saved Losses
{'MSE - mean': 537.2626184590774, 'MSE - std': 161.88171392320115, 'R2 - mean': 0.6708408764086198, 'R2 - std': 0.07500845289224072} 
 

Saving model.....
Results After CV: {'MSE - mean': 537.2626184590774, 'MSE - std': 161.88171392320115, 'R2 - mean': 0.6708408764086198, 'R2 - std': 0.07500845289224072}
Train time: 0.07015714979999998
Inference time: 0.013070032999999981
Finished cross validation
Hyperparam was saved!!! Hurrah!!!
Trial 0 finished with value: 537.2626184590774 and parameters: {'max_depth': 2, 'n_estimators': 22}. Best is trial 0 with value: 537.2626184590774.
Saved Losses
{'MSE - mean': 473.3701214165102, 'MSE - std': 0.0, 'R2 - mean': 0.5376064146876542, 'R2 - std': 0.0} 
 

Saved Losses
{'MSE - mean': 293.11922873270635, 'MSE - std': 180.25089268380387, 'R2 - mean': 0.7150603148576145, 'R2 - std': 0.17745390016996015} 
 

Saved Losses
{'MSE - mean': 285.12254305075476, 'MSE - std': 147.6080965687993, 'R2 - mean': 0.7734231654939828, 'R2 - std': 0.16675041966711682} 
 

Saved Losses
{'MSE - mean': 293.0614463157622, 'MSE - std': 128.56979110448697, 'R2 - mean': 0.7841002821418164, 'R2 - std': 0.14558942030279537} 
 

Saved Losses
{'MSE - mean': 292.428668844664, 'MSE - std': 115.00328072291178, 'R2 - mean': 0.8001753301633554, 'R2 - std': 0.1341292366296862} 
 

Saving model.....
Results After CV: {'MSE - mean': 292.428668844664, 'MSE - std': 115.00328072291178, 'R2 - mean': 0.8001753301633554, 'R2 - std': 0.1341292366296862}
Train time: 0.46203578739999995
Inference time: 0.02767404760000005
Finished cross validation
Hyperparam was saved!!! Hurrah!!!
Trial 1 finished with value: 292.428668844664 and parameters: {'max_depth': 12, 'n_estimators': 70}. Best is trial 1 with value: 292.428668844664.
Saved Losses
{'MSE - mean': 509.03130997726464, 'MSE - std': 0.0, 'R2 - mean': 0.5027721400068532, 'R2 - std': 0.0} 
 

Saved Losses
{'MSE - mean': 343.4356537768426, 'MSE - std': 165.595656200422, 'R2 - mean': 0.6667065557652008, 'R2 - std': 0.1639344157583475} 
 

Saved Losses
{'MSE - mean': 354.6352829781881, 'MSE - std': 136.13281856381107, 'R2 - mean': 0.7265059904061596, 'R2 - std': 0.15832963466592018} 
 

Saved Losses
{'MSE - mean': 368.73449817759877, 'MSE - std': 120.39714209778197, 'R2 - mean': 0.7352542015222243, 'R2 - std': 0.13795216019793435} 
 

Saved Losses
{'MSE - mean': 368.21179376689696, 'MSE - std': 107.69155184996951, 'R2 - mean': 0.7539717145211503, 'R2 - std': 0.12894192481144787} 
 

Saving model.....
Results After CV: {'MSE - mean': 368.21179376689696, 'MSE - std': 107.69155184996951, 'R2 - mean': 0.7539717145211503, 'R2 - std': 0.12894192481144787}
Train time: 0.20948958259999984
Inference time: 0.023257495400000217
Finished cross validation
Hyperparam was saved!!! Hurrah!!!
Trial 2 finished with value: 368.21179376689696 and parameters: {'max_depth': 4, 'n_estimators': 58}. Best is trial 1 with value: 292.428668844664.
Saved Losses
{'MSE - mean': 412.98740078014526, 'MSE - std': 0.0, 'R2 - mean': 0.596588977005726, 'R2 - std': 0.0} 
 

Saved Losses
{'MSE - mean': 277.30755511957443, 'MSE - std': 135.67984566057083, 'R2 - mean': 0.7308576587508414, 'R2 - std': 0.13426868174511541} 
 

Saved Losses
{'MSE - mean': 268.8937085134086, 'MSE - std': 111.41932496239177, 'R2 - mean': 0.7862762986247432, 'R2 - std': 0.13476338729786302} 
 

Saved Losses
{'MSE - mean': 281.17930004953405, 'MSE - std': 98.81045875555807, 'R2 - mean': 0.7935721615970618, 'R2 - std': 0.11739065877031236} 
 

Saved Losses
{'MSE - mean': 285.8988968901618, 'MSE - std': 88.88140291950464, 'R2 - mean': 0.8063616064219092, 'R2 - std': 0.10806818684947754} 
 

Saving model.....
Results After CV: {'MSE - mean': 285.8988968901618, 'MSE - std': 88.88140291950464, 'R2 - mean': 0.8063616064219092, 'R2 - std': 0.10806818684947754}
Train time: 0.10779749180000024
Inference time: 0.008230231199999948
Finished cross validation
Hyperparam was saved!!! Hurrah!!!
Trial 3 finished with value: 285.8988968901618 and parameters: {'max_depth': 11, 'n_estimators': 15}. Best is trial 3 with value: 285.8988968901618.
Saved Losses
{'MSE - mean': 527.1359067543609, 'MSE - std': 0.0, 'R2 - mean': 0.48508735375683554, 'R2 - std': 0.0} 
 

Saved Losses
{'MSE - mean': 352.6659960857004, 'MSE - std': 174.46991066866053, 'R2 - mean': 0.6576946094138046, 'R2 - std': 0.1726072556569691} 
 

Saved Losses
{'MSE - mean': 358.7485308492307, 'MSE - std': 142.7135625794527, 'R2 - mean': 0.7213308261511688, 'R2 - std': 0.16721636472419935} 
 

Saved Losses
{'MSE - mean': 373.1488728065741, 'MSE - std': 126.0852102887361, 'R2 - mean': 0.7306014222746725, 'R2 - std': 0.1457011198691956} 
 

Saved Losses
{'MSE - mean': 376.6957797683052, 'MSE - std': 112.99693092657229, 'R2 - mean': 0.7479342487266532, 'R2 - std': 0.13485088266736742} 
 

Saving model.....
Results After CV: {'MSE - mean': 376.6957797683052, 'MSE - std': 112.99693092657229, 'R2 - mean': 0.7479342487266532, 'R2 - std': 0.13485088266736742}
Train time: 0.31247485900000066
Inference time: 0.028557564199999774
Finished cross validation
Hyperparam was saved!!! Hurrah!!!
Trial 4 finished with value: 376.6957797683052 and parameters: {'max_depth': 4, 'n_estimators': 81}. Best is trial 3 with value: 285.8988968901618.
Saved Losses
{'MSE - mean': 526.6387066086629, 'MSE - std': 0.0, 'R2 - mean': 0.48557302479432973, 'R2 - std': 0.0} 
 

Saved Losses
{'MSE - mean': 336.02663228626864, 'MSE - std': 190.6120743223943, 'R2 - mean': 0.6735465534489207, 'R2 - std': 0.18797352865459088} 
 

Saved Losses
{'MSE - mean': 328.0471647690761, 'MSE - std': 156.0426834406957, 'R2 - mean': 0.7399024221738261, 'R2 - std': 0.17989506463040975} 
 

Saved Losses
{'MSE - mean': 349.22984085885673, 'MSE - std': 140.0289491159009, 'R2 - mean': 0.7450482863149444, 'R2 - std': 0.15604843947332836} 
 

Saved Losses
{'MSE - mean': 350.50634266823505, 'MSE - std': 125.27171707883723, 'R2 - mean': 0.7627895198318223, 'R2 - std': 0.14401353351838286} 
 

Saving model.....
Results After CV: {'MSE - mean': 350.50634266823505, 'MSE - std': 125.27171707883723, 'R2 - mean': 0.7627895198318223, 'R2 - std': 0.14401353351838286}
Train time: 0.07040184259999975
Inference time: 0.011101015800000624
Finished cross validation
Hyperparam was saved!!! Hurrah!!!
Trial 5 finished with value: 350.50634266823505 and parameters: {'max_depth': 5, 'n_estimators': 14}. Best is trial 3 with value: 285.8988968901618.
Saved Losses
{'MSE - mean': 563.4304811962334, 'MSE - std': 0.0, 'R2 - mean': 0.44963438018650603, 'R2 - std': 0.0} 
 

Saved Losses
{'MSE - mean': 350.5096186292281, 'MSE - std': 212.92086256700526, 'R2 - mean': 0.6593035306984693, 'R2 - std': 0.20966915051196322} 
 

Saved Losses
{'MSE - mean': 337.8038497839229, 'MSE - std': 174.7752907824378, 'R2 - mean': 0.7303657009856055, 'R2 - std': 0.1985122142575651} 
 

Saved Losses
{'MSE - mean': 340.71035555959367, 'MSE - std': 151.44353742743957, 'R2 - mean': 0.7470851550241167, 'R2 - std': 0.17433859250641764} 
 

Saved Losses
{'MSE - mean': 339.41562067848065, 'MSE - std': 135.47996669795322, 'R2 - mean': 0.7664176010270223, 'R2 - std': 0.16065531346182121} 
 

Saving model.....
Results After CV: {'MSE - mean': 339.41562067848065, 'MSE - std': 135.47996669795322, 'R2 - mean': 0.7664176010270223, 'R2 - std': 0.16065531346182121}
Train time: 0.09381099259999992
Inference time: 0.012532504600000393
Finished cross validation
Hyperparam was saved!!! Hurrah!!!
Trial 6 finished with value: 339.41562067848065 and parameters: {'max_depth': 5, 'n_estimators': 20}. Best is trial 3 with value: 285.8988968901618.
Saved Losses
{'MSE - mean': 517.7884740264645, 'MSE - std': 0.0, 'R2 - mean': 0.49421803762759664, 'R2 - std': 0.0} 
 

Saved Losses
{'MSE - mean': 401.51309729728007, 'MSE - std': 116.27537672918444, 'R2 - mean': 0.6112914752392945, 'R2 - std': 0.11707343761169786} 
 

Saved Losses
{'MSE - mean': 498.29474910798507, 'MSE - std': 166.5733624465796, 'R2 - mean': 0.6467285009969027, 'R2 - std': 0.10793065112332172} 
 

Saved Losses
{'MSE - mean': 513.6708995938438, 'MSE - std': 146.694552792055, 'R2 - mean': 0.6538405628408873, 'R2 - std': 0.09427891259420702} 
 

Saved Losses
{'MSE - mean': 534.3081664551706, 'MSE - std': 137.5464306665617, 'R2 - mean': 0.6653974186023468, 'R2 - std': 0.0874360014428932} 
 

Saving model.....
Results After CV: {'MSE - mean': 534.3081664551706, 'MSE - std': 137.5464306665617, 'R2 - mean': 0.6653974186023468, 'R2 - std': 0.0874360014428932}
Train time: 0.10041819159999932
Inference time: 0.015955105599999797
Finished cross validation
Hyperparam was saved!!! Hurrah!!!
Trial 7 finished with value: 534.3081664551706 and parameters: {'max_depth': 2, 'n_estimators': 30}. Best is trial 3 with value: 285.8988968901618.
Saved Losses
{'MSE - mean': 470.78858379331325, 'MSE - std': 0.0, 'R2 - mean': 0.5401280914543178, 'R2 - std': 0.0} 
 

Saved Losses
{'MSE - mean': 334.6745207626601, 'MSE - std': 136.11406303065314, 'R2 - mean': 0.6755183679448541, 'R2 - std': 0.13539027649053625} 
 

Saved Losses
{'MSE - mean': 397.9901178262292, 'MSE - std': 142.72031541739568, 'R2 - mean': 0.7123002436516691, 'R2 - std': 0.12217268137004177} 
 

Saved Losses
{'MSE - mean': 415.5736395676564, 'MSE - std': 127.29633551333836, 'R2 - mean': 0.7162889700892987, 'R2 - std': 0.1060299621363794} 
 

Saved Losses
{'MSE - mean': 427.9271055855432, 'MSE - std': 116.50715908784258, 'R2 - mean': 0.728400661862415, 'R2 - std': 0.09788081838103689} 
 

Saving model.....
Results After CV: {'MSE - mean': 427.9271055855432, 'MSE - std': 116.50715908784258, 'R2 - mean': 0.728400661862415, 'R2 - std': 0.09788081838103689}
Train time: 0.03944047379999986
Inference time: 0.008776418799999774
Finished cross validation
Hyperparam was saved!!! Hurrah!!!
Trial 8 finished with value: 427.9271055855432 and parameters: {'max_depth': 3, 'n_estimators': 8}. Best is trial 3 with value: 285.8988968901618.
Saved Losses
{'MSE - mean': 480.37722755035134, 'MSE - std': 0.0, 'R2 - mean': 0.5307617897709074, 'R2 - std': 0.0} 
 

Saved Losses
{'MSE - mean': 374.34001873869124, 'MSE - std': 106.0372088116601, 'R2 - mean': 0.6376270041803607, 'R2 - std': 0.10686521440945329} 
 

Saved Losses
{'MSE - mean': 509.66086641668744, 'MSE - std': 210.0461617540963, 'R2 - mean': 0.6522519808003873, 'R2 - std': 0.08967290142210335} 
 

Saved Losses
{'MSE - mean': 527.5128984859533, 'MSE - std': 184.5145731310329, 'R2 - mean': 0.6548977480695366, 'R2 - std': 0.07779410125723675} 
 

Saved Losses
{'MSE - mean': 548.4030636342766, 'MSE - std': 170.2412939268223, 'R2 - mean': 0.6648307373604966, 'R2 - std': 0.0723615564879188} 
 

Saving model.....
Results After CV: {'MSE - mean': 548.4030636342766, 'MSE - std': 170.2412939268223, 'R2 - mean': 0.6648307373604966, 'R2 - std': 0.0723615564879188}
Train time: 0.1599702781999998
Inference time: 0.021898841399999824
Finished cross validation
Hyperparam was saved!!! Hurrah!!!
Trial 9 finished with value: 548.4030636342766 and parameters: {'max_depth': 2, 'n_estimators': 53}. Best is trial 3 with value: 285.8988968901618.
Saved Losses
{'MSE - mean': 503.20210914295745, 'MSE - std': 0.0, 'R2 - mean': 0.5084661729661268, 'R2 - std': 0.0} 
 

Saved Losses
{'MSE - mean': 327.0057781438027, 'MSE - std': 176.1963309991548, 'R2 - mean': 0.6824243207341969, 'R2 - std': 0.17395814776807} 
 

Saved Losses
{'MSE - mean': 329.08461357867765, 'MSE - std': 143.8937379407911, 'R2 - mean': 0.7429427657303687, 'R2 - std': 0.1658289957137808} 
 

Saved Losses
{'MSE - mean': 359.71571495013313, 'MSE - std': 135.43946610059766, 'R2 - mean': 0.7416956058755811, 'R2 - std': 0.14362836797684161} 
 

Saved Losses
{'MSE - mean': 358.51282006766723, 'MSE - std': 121.16462770332355, 'R2 - mean': 0.7602860607372505, 'R2 - std': 0.13373745368447792} 
 

Saving model.....
Results After CV: {'MSE - mean': 358.51282006766723, 'MSE - std': 121.16462770332355, 'R2 - mean': 0.7602860607372505, 'R2 - std': 0.13373745368447792}
Train time: 0.04715071720000026
Inference time: 0.007133774600000464
Finished cross validation
Hyperparam was saved!!! Hurrah!!!
Trial 10 finished with value: 358.51282006766723 and parameters: {'max_depth': 12, 'n_estimators': 5}. Best is trial 3 with value: 285.8988968901618.
Saved Losses
{'MSE - mean': 514.5448003215251, 'MSE - std': 0.0, 'R2 - mean': 0.49738649682295566, 'R2 - std': 0.0} 
 

Saved Losses
{'MSE - mean': 316.6093904659126, 'MSE - std': 197.93540985561253, 'R2 - mean': 0.6921859656418718, 'R2 - std': 0.19479946881891613} 
 

Saved Losses
{'MSE - mean': 301.91434558877023, 'MSE - std': 162.94428394706577, 'R2 - mean': 0.7577116726618134, 'R2 - std': 0.18407912772052046} 
 

Saved Losses
{'MSE - mean': 318.6969383084315, 'MSE - std': 144.0767018238847, 'R2 - mean': 0.7647492583534029, 'R2 - std': 0.1598825405848311} 
 

Saved Losses
{'MSE - mean': 311.6350644439411, 'MSE - std': 129.6377917764367, 'R2 - mean': 0.7853031833784974, 'R2 - std': 0.14879447826729644} 
 

Saving model.....
Results After CV: {'MSE - mean': 311.6350644439411, 'MSE - std': 129.6377917764367, 'R2 - mean': 0.7853031833784974, 'R2 - std': 0.14879447826729644}
Train time: 0.08883772820000005
Inference time: 0.008924038600000017
Finished cross validation
Hyperparam was saved!!! Hurrah!!!
Trial 11 finished with value: 311.6350644439411 and parameters: {'max_depth': 12, 'n_estimators': 12}. Best is trial 3 with value: 285.8988968901618.
Saved Losses
{'MSE - mean': 505.63445731214915, 'MSE - std': 0.0, 'R2 - mean': 0.5060902262390397, 'R2 - std': 0.0} 
 

Saved Losses
{'MSE - mean': 307.41722143183193, 'MSE - std': 198.21723588031722, 'R2 - mean': 0.7010489263373536, 'R2 - std': 0.19495870009831395} 
 

Saved Losses
{'MSE - mean': 304.3936548455163, 'MSE - std': 161.9001718441315, 'R2 - mean': 0.7601069999863782, 'R2 - std': 0.17976366509656533} 
 

Saved Losses
{'MSE - mean': 303.9195582758225, 'MSE - std': 140.21206629617035, 'R2 - mean': 0.7761992834436304, 'R2 - std': 0.15815535472224213} 
 

Saved Losses
{'MSE - mean': 301.56477265102995, 'MSE - std': 125.49788400362873, 'R2 - mean': 0.7936443406290195, 'R2 - std': 0.1456976769295261} 
 

Saving model.....
Results After CV: {'MSE - mean': 301.56477265102995, 'MSE - std': 125.49788400362873, 'R2 - mean': 0.7936443406290195, 'R2 - std': 0.1456976769295261}
Train time: 0.20552136600000032
Inference time: 0.013695841199999847
Finished cross validation
Hyperparam was saved!!! Hurrah!!!
