Trial 34 finished with value: 10.79015591385369 and parameters: {'max_depth': 10, 'n_estimators': 85}. Best is trial 34 with value: 10.79015591385369.
Saved Losses
{'MSE - mean': 12.234339114574032, 'MSE - std': 0.0, 'R2 - mean': 0.836150797998828, 'R2 - std': 0.0} 
 

Saved Losses
{'MSE - mean': 12.221684515968368, 'MSE - std': 0.012654598605664091, 'R2 - mean': 0.8422806914587377, 'R2 - std': 0.00612989345990983} 
 

Saved Losses
{'MSE - mean': 11.856742922781942, 'MSE - std': 0.5162087679600239, 'R2 - mean': 0.8559896266528031, 'R2 - std': 0.02002299188924397} 
 

Saved Losses
{'MSE - mean': 11.436478886403737, 'MSE - std': 0.8542360329018026, 'R2 - mean': 0.8582780489834732, 'R2 - std': 0.01778765817745761} 
 

Saved Losses
{'MSE - mean': 12.022688136423563, 'MSE - std': 1.3994071956230154, 'R2 - mean': 0.8551410981924044, 'R2 - std': 0.017102118810627148} 
 

Saving model.....
Results After CV: {'MSE - mean': 12.022688136423563, 'MSE - std': 1.3994071956230154, 'R2 - mean': 0.8551410981924044, 'R2 - std': 0.017102118810627148}
Train time: 0.24594000359999768
Inference time: 0.016458964799997488
Finished cross validation
Hyperparam was saved!!! Hurrah!!!
Trial 35 finished with value: 12.022688136423563 and parameters: {'max_depth': 8, 'n_estimators': 41}. Best is trial 34 with value: 10.79015591385369.
Saved Losses
{'MSE - mean': 11.412450066702629, 'MSE - std': 0.0, 'R2 - mean': 0.8471580018507151, 'R2 - std': 0.0} 
 

Saved Losses
{'MSE - mean': 11.545812243556359, 'MSE - std': 0.13336217685373075, 'R2 - mean': 0.8510736818702669, 'R2 - std': 0.003915680019551837} 
 

Saved Losses
{'MSE - mean': 10.707239423209083, 'MSE - std': 1.1909096230167135, 'R2 - mean': 0.8691752556339685, 'R2 - std': 0.025798365170215675} 
 

Saved Losses
{'MSE - mean': 10.897002076893328, 'MSE - std': 1.0824642681609478, 'R2 - mean': 0.8638912331423328, 'R2 - std': 0.024143931228534036} 
 

Saved Losses
{'MSE - mean': 11.671578189819353, 'MSE - std': 1.826815735737608, 'R2 - mean': 0.8587500216004905, 'R2 - std': 0.023918021586377864} 
 

Saving model.....
Results After CV: {'MSE - mean': 11.671578189819353, 'MSE - std': 1.826815735737608, 'R2 - mean': 0.8587500216004905, 'R2 - std': 0.023918021586377864}
Train time: 0.20602174179999794
Inference time: 0.01127566200000274
Finished cross validation
Hyperparam was saved!!! Hurrah!!!
Trial 36 finished with value: 11.671578189819353 and parameters: {'max_depth': 12, 'n_estimators': 27}. Best is trial 34 with value: 10.79015591385369.
Saved Losses
{'MSE - mean': 12.081064958478155, 'MSE - std': 0.0, 'R2 - mean': 0.8382035323499459, 'R2 - std': 0.0} 
 

Saved Losses
{'MSE - mean': 11.170126929344075, 'MSE - std': 0.9109380291340807, 'R2 - mean': 0.8554118393290948, 'R2 - std': 0.017208306979148935} 
 

Saved Losses
{'MSE - mean': 10.752101641521108, 'MSE - std': 0.9501029827343642, 'R2 - mean': 0.8689728673523925, 'R2 - std': 0.02377435974931289} 
 

Saved Losses
{'MSE - mean': 10.664747656665213, 'MSE - std': 0.8366085789430824, 'R2 - mean': 0.867263384761404, 'R2 - std': 0.020801012674963478} 
 

Saved Losses
{'MSE - mean': 11.164654426298778, 'MSE - std': 1.2488227435432147, 'R2 - mean': 0.8649658489303549, 'R2 - std': 0.019164038880752955} 
 

Saving model.....
Results After CV: {'MSE - mean': 11.164654426298778, 'MSE - std': 1.2488227435432147, 'R2 - mean': 0.8649658489303549, 'R2 - std': 0.019164038880752955}
Train time: 0.5973493830000024
Inference time: 0.029133633999998666
Finished cross validation
Hyperparam was saved!!! Hurrah!!!
Trial 37 finished with value: 11.164654426298778 and parameters: {'max_depth': 10, 'n_estimators': 89}. Best is trial 34 with value: 10.79015591385369.
Saved Losses
{'MSE - mean': 16.69500052542308, 'MSE - std': 0.0, 'R2 - mean': 0.7764110927543991, 'R2 - std': 0.0} 
 

Saved Losses
{'MSE - mean': 15.036518115989622, 'MSE - std': 1.658482409433458, 'R2 - mean': 0.8051535503783085, 'R2 - std': 0.028742457623909423} 
 

Saved Losses
{'MSE - mean': 13.9322456677142, 'MSE - std': 2.0670134368956563, 'R2 - mean': 0.8291535383115117, 'R2 - std': 0.041264408656403} 
 

Saved Losses
{'MSE - mean': 13.696130611983104, 'MSE - std': 1.8362078776269017, 'R2 - mean': 0.828833913773035, 'R2 - std': 0.03574031401455168} 
 

Saved Losses
{'MSE - mean': 13.641509057698894, 'MSE - std': 1.6459834606267965, 'R2 - mean': 0.8336553321731703, 'R2 - std': 0.03338982387260614} 
 

Saving model.....
Results After CV: {'MSE - mean': 13.641509057698894, 'MSE - std': 1.6459834606267965, 'R2 - mean': 0.8336553321731703, 'R2 - std': 0.03338982387260614}
Train time: 0.06758867660000192
Inference time: 0.007323642000000063
Finished cross validation
Hyperparam was saved!!! Hurrah!!!
Trial 38 finished with value: 13.641509057698894 and parameters: {'max_depth': 7, 'n_estimators': 10}. Best is trial 34 with value: 10.79015591385369.
Saved Losses
{'MSE - mean': 18.930091056630914, 'MSE - std': 0.0, 'R2 - mean': 0.7464774938481431, 'R2 - std': 0.0} 
 

Saved Losses
{'MSE - mean': 17.8741179482554, 'MSE - std': 1.0559731083755146, 'R2 - mean': 0.768830257622017, 'R2 - std': 0.02235276377387385} 
 

Saved Losses
{'MSE - mean': 17.089795416178582, 'MSE - std': 1.4048878267397764, 'R2 - mean': 0.7916741850930021, 'R2 - std': 0.03710508604157923} 
 

Saved Losses
{'MSE - mean': 16.378562219407478, 'MSE - std': 1.7314272537011042, 'R2 - mean': 0.7965594401603244, 'R2 - std': 0.0332293200176161} 
 

Saved Losses
{'MSE - mean': 16.654667943444892, 'MSE - std': 1.6441440786232988, 'R2 - mean': 0.7983347965103198, 'R2 - std': 0.029932552977392186} 
 

Saving model.....
Results After CV: {'MSE - mean': 16.654667943444892, 'MSE - std': 1.6441440786232988, 'R2 - mean': 0.7983347965103198, 'R2 - std': 0.029932552977392186}
Train time: 0.2455803787999969
Inference time: 0.019211749200005103
Finished cross validation
Hyperparam was saved!!! Hurrah!!!
Trial 39 finished with value: 16.654667943444892 and parameters: {'max_depth': 3, 'n_estimators': 64}. Best is trial 34 with value: 10.79015591385369.
Saved Losses
{'MSE - mean': 12.790201748139152, 'MSE - std': 0.0, 'R2 - mean': 0.8287063706309925, 'R2 - std': 0.0} 
 

Saved Losses
{'MSE - mean': 12.20953392060105, 'MSE - std': 0.5806678275381021, 'R2 - mean': 0.8421601846824217, 'R2 - std': 0.013453814051429203} 
 

Saved Losses
{'MSE - mean': 10.884200490380083, 'MSE - std': 1.9333392924715582, 'R2 - mean': 0.8660151689460608, 'R2 - std': 0.035479439446772905} 
 

Saved Losses
{'MSE - mean': 10.488721029236846, 'MSE - std': 1.8090225613350592, 'R2 - mean': 0.8686909756169467, 'R2 - std': 0.031073667173553737} 
 

Saved Losses
{'MSE - mean': 10.995952688788424, 'MSE - std': 1.909760699077557, 'R2 - mean': 0.8664133720980276, 'R2 - std': 0.028163951151211085} 
 

Saving model.....
Results After CV: {'MSE - mean': 10.995952688788424, 'MSE - std': 1.909760699077557, 'R2 - mean': 0.8664133720980276, 'R2 - std': 0.028163951151211085}
Train time: 0.29678783900000383
Inference time: 0.016099375999999666
Finished cross validation
Hyperparam was saved!!! Hurrah!!!
Trial 40 finished with value: 10.995952688788424 and parameters: {'max_depth': 9, 'n_estimators': 45}. Best is trial 34 with value: 10.79015591385369.
Saved Losses
{'MSE - mean': 12.293050163742583, 'MSE - std': 0.0, 'R2 - mean': 0.8353645063597921, 'R2 - std': 0.0} 
 

Saved Losses
{'MSE - mean': 11.951410732896223, 'MSE - std': 0.34163943084636017, 'R2 - mean': 0.8456077946513281, 'R2 - std': 0.010243288291535924} 
 

Saved Losses
{'MSE - mean': 11.03468649962526, 'MSE - std': 1.3261139871337684, 'R2 - mean': 0.8649335539998021, 'R2 - std': 0.028581810978416704} 
 

Saved Losses
{'MSE - mean': 10.963638650502153, 'MSE - std': 1.15502256287439, 'R2 - mean': 0.8630815347144368, 'R2 - std': 0.024959564607671954} 
 

Saved Losses
{'MSE - mean': 12.040443804450666, 'MSE - std': 2.3885767843800756, 'R2 - mean': 0.8546451130902962, 'R2 - std': 0.027983508207598103} 
 

Saving model.....
Results After CV: {'MSE - mean': 12.040443804450666, 'MSE - std': 2.3885767843800756, 'R2 - mean': 0.8546451130902962, 'R2 - std': 0.027983508207598103}
Train time: 0.29469724820000065
Inference time: 0.018239356799998063
Finished cross validation
Hyperparam was saved!!! Hurrah!!!
Trial 41 finished with value: 12.040443804450666 and parameters: {'max_depth': 9, 'n_estimators': 45}. Best is trial 34 with value: 10.79015591385369.
Saved Losses
{'MSE - mean': 11.762052099443482, 'MSE - std': 0.0, 'R2 - mean': 0.8424759333265281, 'R2 - std': 0.0} 
 

Saved Losses
{'MSE - mean': 11.88864390173929, 'MSE - std': 0.1265918022958088, 'R2 - mean': 0.8466463502626425, 'R2 - std': 0.004170416936114363} 
 

Saved Losses
{'MSE - mean': 11.453003209815309, 'MSE - std': 0.6246993526428083, 'R2 - mean': 0.8608041368734044, 'R2 - std': 0.020309622392167204} 
 

Saved Losses
{'MSE - mean': 11.03191455628303, 'MSE - std': 0.9080935652757033, 'R2 - mean': 0.8632375339752619, 'R2 - std': 0.018086592704274103} 
 

Saved Losses
{'MSE - mean': 11.631610658638357, 'MSE - std': 1.4485333269748362, 'R2 - mean': 0.8598473872873322, 'R2 - std': 0.017540588552923893} 
 

Saving model.....
Results After CV: {'MSE - mean': 11.631610658638357, 'MSE - std': 1.4485333269748362, 'R2 - mean': 0.8598473872873322, 'R2 - std': 0.017540588552923893}
Train time: 0.21797877720000258
Inference time: 0.013813116800000103
Finished cross validation
Hyperparam was saved!!! Hurrah!!!
Trial 42 finished with value: 11.631610658638357 and parameters: {'max_depth': 11, 'n_estimators': 30}. Best is trial 34 with value: 10.79015591385369.
Saved Losses
{'MSE - mean': 14.919921580006267, 'MSE - std': 0.0, 'R2 - mean': 0.8001839558385326, 'R2 - std': 0.0} 
 

Saved Losses
{'MSE - mean': 13.834281048261118, 'MSE - std': 1.085640531745149, 'R2 - mean': 0.8209473213797343, 'R2 - std': 0.020763365541201617} 
 

Saved Losses
{'MSE - mean': 12.851293467734893, 'MSE - std': 1.6487185154081119, 'R2 - mean': 0.8426110417430371, 'R2 - std': 0.03501492718385223} 
 

Saved Losses
{'MSE - mean': 12.159623502971838, 'MSE - std': 1.8638472517223943, 'R2 - mean': 0.8485458546892181, 'R2 - std': 0.032018742298633884} 
 

Saved Losses
{'MSE - mean': 12.44392585776861, 'MSE - std': 1.7613780338060465, 'R2 - mean': 0.8490784375202052, 'R2 - std': 0.02865823554576433} 
 

Saving model.....
Results After CV: {'MSE - mean': 12.44392585776861, 'MSE - std': 1.7613780338060465, 'R2 - mean': 0.8490784375202052, 'R2 - std': 0.02865823554576433}
Train time: 0.3147630556000024
Inference time: 0.020355401599999823
Finished cross validation
Hyperparam was saved!!! Hurrah!!!
Trial 43 finished with value: 12.44392585776861 and parameters: {'max_depth': 7, 'n_estimators': 56}. Best is trial 34 with value: 10.79015591385369.
Saved Losses
{'MSE - mean': 12.83565196927048, 'MSE - std': 0.0, 'R2 - mean': 0.8280976755152691, 'R2 - std': 0.0} 
 

Saved Losses
{'MSE - mean': 11.900268270430304, 'MSE - std': 0.9353836988401749, 'R2 - mean': 0.8459778915034157, 'R2 - std': 0.017880215988146597} 
 

Saved Losses
{'MSE - mean': 11.347664725197681, 'MSE - std': 1.0927197562860955, 'R2 - mean': 0.8615434879601183, 'R2 - std': 0.026414207072981265} 
 

Saved Losses
{'MSE - mean': 10.994930870210904, 'MSE - std': 1.1264061730543549, 'R2 - mean': 0.8632351608698403, 'R2 - std': 0.02306226405128545} 
 

Saved Losses
{'MSE - mean': 11.161230314265024, 'MSE - std': 1.0609687618996162, 'R2 - mean': 0.8646747015798842, 'R2 - std': 0.02082747052237658} 
 

Saving model.....
Results After CV: {'MSE - mean': 11.161230314265024, 'MSE - std': 1.0609687618996162, 'R2 - mean': 0.8646747015798842, 'R2 - std': 0.02082747052237658}
Train time: 0.46751970539999094
Inference time: 0.02235315760000276
Finished cross validation
Hyperparam was saved!!! Hurrah!!!
Trial 44 finished with value: 11.161230314265024 and parameters: {'max_depth': 9, 'n_estimators': 70}. Best is trial 34 with value: 10.79015591385369.
Saved Losses
{'MSE - mean': 12.307833325841914, 'MSE - std': 0.0, 'R2 - mean': 0.8351665218760905, 'R2 - std': 0.0} 
 

Saved Losses
{'MSE - mean': 12.21920311455802, 'MSE - std': 0.0886302112838937, 'R2 - mean': 0.8422756212870874, 'R2 - std': 0.007109099410996911} 
 

Saved Losses
{'MSE - mean': 12.722908722808002, 'MSE - std': 0.7160136561545384, 'R2 - mean': 0.8468928171072113, 'R2 - std': 0.00873669602536885} 
 

Saved Losses
{'MSE - mean': 12.114310513613109, 'MSE - std': 1.2229807878930625, 'R2 - mean': 0.8510816154722656, 'R2 - std': 0.010482627929532546} 
 

Saved Losses
{'MSE - mean': 12.112332250627329, 'MSE - std': 1.0938744261304367, 'R2 - mean': 0.8543427462390569, 'R2 - std': 0.011421395981212917} 
 

Saving model.....
Results After CV: {'MSE - mean': 12.112332250627329, 'MSE - std': 1.0938744261304367, 'R2 - mean': 0.8543427462390569, 'R2 - std': 0.011421395981212917}
Train time: 0.15247079979999967
Inference time: 0.01111300599999936
Finished cross validation
Hyperparam was saved!!! Hurrah!!!
Trial 45 finished with value: 12.112332250627329 and parameters: {'max_depth': 12, 'n_estimators': 19}. Best is trial 34 with value: 10.79015591385369.
Saved Losses
{'MSE - mean': 12.235955015979417, 'MSE - std': 0.0, 'R2 - mean': 0.8361291569315578, 'R2 - std': 0.0} 
 

Saved Losses
{'MSE - mean': 11.64571003941305, 'MSE - std': 0.5902449765663667, 'R2 - mean': 0.8494313007331256, 'R2 - std': 0.0133021438015678} 
 

Saved Losses
{'MSE - mean': 10.901629597480328, 'MSE - std': 1.1573983021018086, 'R2 - mean': 0.866741273545974, 'R2 - std': 0.026781243511858992} 
 

Saved Losses
{'MSE - mean': 10.706311547756183, 'MSE - std': 1.057887302090937, 'R2 - mean': 0.8665251019161216, 'R2 - std': 0.02319625925772895} 
 

Saved Losses
{'MSE - mean': 11.357463088388112, 'MSE - std': 1.6097495925172736, 'R2 - mean': 0.8626271534607955, 'R2 - std': 0.0221636902045426} 
 

Saving model.....
Results After CV: {'MSE - mean': 11.357463088388112, 'MSE - std': 1.6097495925172736, 'R2 - mean': 0.8626271534607955, 'R2 - std': 0.0221636902045426}
Train time: 0.5952902616000018
Inference time: 0.026870796600005065
Finished cross validation
Hyperparam was saved!!! Hurrah!!!
Trial 46 finished with value: 11.357463088388112 and parameters: {'max_depth': 11, 'n_estimators': 85}. Best is trial 34 with value: 10.79015591385369.
Saved Losses
{'MSE - mean': 13.932546406016604, 'MSE - std': 0.0, 'R2 - mean': 0.8134074436639808, 'R2 - std': 0.0} 
 

Saved Losses
{'MSE - mean': 12.153389173545644, 'MSE - std': 1.7791572324709604, 'R2 - mean': 0.8422995978962575, 'R2 - std': 0.028892154232276812} 
 

Saved Losses
{'MSE - mean': 11.213006884644898, 'MSE - std': 1.969493506071775, 'R2 - mean': 0.8622705145669909, 'R2 - std': 0.03679917674975715} 
 

Saved Losses
{'MSE - mean': 11.124801516967196, 'MSE - std': 1.7124599450806568, 'R2 - mean': 0.8607208282796062, 'R2 - std': 0.03198185641676895} 
 

Saved Losses
{'MSE - mean': 11.62826524113172, 'MSE - std': 1.8330079478831962, 'R2 - mean': 0.8586847896766289, 'R2 - std': 0.02889382502649168} 
 

Saving model.....
Results After CV: {'MSE - mean': 11.62826524113172, 'MSE - std': 1.8330079478831962, 'R2 - mean': 0.8586847896766289, 'R2 - std': 0.02889382502649168}
Train time: 0.23725912639999933
Inference time: 0.013447346799998173
Finished cross validation
Hyperparam was saved!!! Hurrah!!!
Trial 47 finished with value: 11.62826524113172 and parameters: {'max_depth': 10, 'n_estimators': 34}. Best is trial 34 with value: 10.79015591385369.
Saved Losses
{'MSE - mean': 14.217585190566052, 'MSE - std': 0.0, 'R2 - mean': 0.8095900427442878, 'R2 - std': 0.0} 
 

Saved Losses
{'MSE - mean': 12.596737493820335, 'MSE - std': 1.6208476967457175, 'R2 - mean': 0.8366557537318149, 'R2 - std': 0.027065710987527025} 
 

Saved Losses
{'MSE - mean': 11.49007468191057, 'MSE - std': 2.049594267790248, 'R2 - mean': 0.858701779966319, 'R2 - std': 0.03821548141314519} 
 

Saved Losses
{'MSE - mean': 11.860774481310136, 'MSE - std': 1.88755993831815, 'R2 - mean': 0.851044500137633, 'R2 - std': 0.035654159194310545} 
 

Saved Losses
{'MSE - mean': 12.30138130141899, 'MSE - std': 1.9044273407774428, 'R2 - mean': 0.8500197463399886, 'R2 - std': 0.031955840399929054} 
 

Saving model.....
Results After CV: {'MSE - mean': 12.30138130141899, 'MSE - std': 1.9044273407774428, 'R2 - mean': 0.8500197463399886, 'R2 - std': 0.031955840399929054}
Train time: 0.12767691459999925
Inference time: 0.010123064399999748
Finished cross validation
Hyperparam was saved!!! Hurrah!!!
Trial 48 finished with value: 12.30138130141899 and parameters: {'max_depth': 9, 'n_estimators': 18}. Best is trial 34 with value: 10.79015591385369.
Saved Losses
{'MSE - mean': 13.339255382318525, 'MSE - std': 0.0, 'R2 - mean': 0.8213531332412451, 'R2 - std': 0.0} 
 

Saved Losses
{'MSE - mean': 12.283486355195429, 'MSE - std': 1.0557690271230955, 'R2 - mean': 0.8409739320140517, 'R2 - std': 0.019620798772806536} 
 

Saved Losses
{'MSE - mean': 11.51625629537209, 'MSE - std': 1.3857787540397675, 'R2 - mean': 0.8591179596823859, 'R2 - std': 0.030249991345131552} 
 

Saved Losses
{'MSE - mean': 11.090585349373338, 'MSE - std': 1.408500738076991, 'R2 - mean': 0.8618240587867291, 'R2 - std': 0.026613256083632096} 
 

Saved Losses
{'MSE - mean': 11.399545996205466, 'MSE - std': 1.403184303110055, 'R2 - mean': 0.861773269603526, 'R2 - std': 0.023803836616455472} 
 

Saving model.....
Results After CV: {'MSE - mean': 11.399545996205466, 'MSE - std': 1.403184303110055, 'R2 - mean': 0.861773269603526, 'R2 - std': 0.023803836616455472}
Train time: 0.2664037579999956
Inference time: 0.01519594140000038
Finished cross validation
Hyperparam was saved!!! Hurrah!!!
Trial 49 finished with value: 11.399545996205466 and parameters: {'max_depth': 8, 'n_estimators': 43}. Best is trial 34 with value: 10.79015591385369.
Saved Losses
{'MSE - mean': 12.067467337050317, 'MSE - std': 0.0, 'R2 - mean': 0.8383856394011893, 'R2 - std': 0.0} 
 

Saved Losses
{'MSE - mean': 11.831607844764683, 'MSE - std': 0.23585949228563408, 'R2 - mean': 0.8472054168487488, 'R2 - std': 0.008819777447559518} 
 

Saved Losses
{'MSE - mean': 11.282519955625057, 'MSE - std': 0.8000509275876004, 'R2 - mean': 0.8625648182947251, 'R2 - std': 0.02288408635654116} 
 

Saved Losses
{'MSE - mean': 11.040109493592798, 'MSE - std': 0.8101540664333015, 'R2 - mean': 0.8627548992458526, 'R2 - std': 0.01982093460420496} 
 

Saved Losses
{'MSE - mean': 11.40823231390331, 'MSE - std': 1.0330233939365534, 'R2 - mean': 0.8619803772138456, 'R2 - std': 0.01779592920809679} 
 

Saving model.....
Results After CV: {'MSE - mean': 11.40823231390331, 'MSE - std': 1.0330233939365534, 'R2 - mean': 0.8619803772138456, 'R2 - std': 0.01779592920809679}
Train time: 0.48725413860000233
Inference time: 0.022752534200000694
Finished cross validation
Hyperparam was saved!!! Hurrah!!!
Trial 50 finished with value: 11.40823231390331 and parameters: {'max_depth': 12, 'n_estimators': 68}. Best is trial 34 with value: 10.79015591385369.
Saved Losses
{'MSE - mean': 14.009904973291864, 'MSE - std': 0.0, 'R2 - mean': 0.8123714138958582, 'R2 - std': 0.0} 
 

Saved Losses
{'MSE - mean': 12.188660688678645, 'MSE - std': 1.8212442846132193, 'R2 - mean': 0.841823894451995, 'R2 - std': 0.029452480556136806} 
 

Saved Losses
{'MSE - mean': 11.379130663344247, 'MSE - std': 1.876689874928735, 'R2 - mean': 0.8604590497737781, 'R2 - std': 0.03567684265281481} 
 

Saved Losses
{'MSE - mean': 11.089723503987846, 'MSE - std': 1.7008066252973162, 'R2 - mean': 0.8614783208570808, 'R2 - std': 0.030947448471223774} 
 

Saved Losses
{'MSE - mean': 11.245878545135627, 'MSE - std': 1.5529752505521957, 'R2 - mean': 0.8631726644216006, 'R2 - std': 0.027886893946113087} 
 

Saving model.....
Results After CV: {'MSE - mean': 11.245878545135627, 'MSE - std': 1.5529752505521957, 'R2 - mean': 0.8631726644216006, 'R2 - std': 0.027886893946113087}
Train time: 0.5502541683999993
Inference time: 0.024927521600000092
Finished cross validation
Hyperparam was saved!!! Hurrah!!!
Trial 51 finished with value: 11.245878545135627 and parameters: {'max_depth': 10, 'n_estimators': 84}. Best is trial 34 with value: 10.79015591385369.
Saved Losses
{'MSE - mean': 13.495921201297312, 'MSE - std': 0.0, 'R2 - mean': 0.8192549758189162, 'R2 - std': 0.0} 
 

Saved Losses
{'MSE - mean': 12.473131181039468, 'MSE - std': 1.022790020257844, 'R2 - mean': 0.8385427854067484, 'R2 - std': 0.019287809587832216} 
 

Saved Losses
{'MSE - mean': 11.613837640920329, 'MSE - std': 1.4745068305053715, 'R2 - mean': 0.8577994839171117, 'R2 - std': 0.03145876572333546} 
 

Saved Losses
{'MSE - mean': 11.302007707261106, 'MSE - std': 1.386485310951036, 'R2 - mean': 0.859003178630199, 'R2 - std': 0.02732374605565136} 
 

Saved Losses
{'MSE - mean': 11.282745800757946, 'MSE - std': 1.2407083856228824, 'R2 - mean': 0.8626492254770035, 'R2 - std': 0.025503809700657517} 
 

Saving model.....
Results After CV: {'MSE - mean': 11.282745800757946, 'MSE - std': 1.2407083856228824, 'R2 - mean': 0.8626492254770035, 'R2 - std': 0.025503809700657517}
Train time: 0.35584478060000035
Inference time: 0.0183399301999998
Finished cross validation
Hyperparam was saved!!! Hurrah!!!
