Trial 18 finished with value: 12875829.088577176 and parameters: {'max_depth': 8, 'n_estimators': 7}. Best is trial 16 with value: 12547452.931751702.
Saved Losses
{'MSE - mean': 12422347.715573592, 'MSE - std': 0.0, 'R2 - mean': 0.5137152231081572, 'R2 - std': 0.0} 
 

Saved Losses
{'MSE - mean': 12484814.644748755, 'MSE - std': 62466.92917516269, 'R2 - mean': 0.5141408084373009, 'R2 - std': 0.0004255853291437184} 
 

Saved Losses
{'MSE - mean': 12544273.064400146, 'MSE - std': 98346.42255109566, 'R2 - mean': 0.5124958021376298, 'R2 - std': 0.002352198978297462} 
 

Saved Losses
{'MSE - mean': 12546709.884995531, 'MSE - std': 85275.01630191156, 'R2 - mean': 0.5130449104374984, 'R2 - std': 0.0022481525304306484} 
 

Saved Losses
{'MSE - mean': 12547484.015174624, 'MSE - std': 76288.00583558177, 'R2 - mean': 0.5141894752412421, 'R2 - std': 0.0030468781071682424} 
 

Saving model.....
Results After CV: {'MSE - mean': 12547484.015174624, 'MSE - std': 76288.00583558177, 'R2 - mean': 0.5141894752412421, 'R2 - std': 0.0030468781071682424}
Train time: 10.497167792800019
Inference time: 0.14946160079998663
Finished cross validation
Hyperparam was saved!!! Hurrah!!!
Trial 19 finished with value: 12547484.015174624 and parameters: {'max_depth': 12, 'n_estimators': 16}. Best is trial 16 with value: 12547452.931751702.
Saved Losses
{'MSE - mean': 13136248.267996943, 'MSE - std': 0.0, 'R2 - mean': 0.485768897759131, 'R2 - std': 0.0} 
 

Saved Losses
{'MSE - mean': 13251475.639783919, 'MSE - std': 115227.3717869753, 'R2 - mean': 0.4843166145589962, 'R2 - std': 0.0014522832001347963} 
 

Saved Losses
{'MSE - mean': 13313140.782575523, 'MSE - std': 128283.84339804364, 'R2 - mean': 0.48262284519666715, 'R2 - std': 0.002672787614917903} 
 

Saved Losses
{'MSE - mean': 13309974.331945326, 'MSE - std': 111232.35854062776, 'R2 - mean': 0.4834261644864568, 'R2 - std': 0.0027007056244412533} 
 

Saved Losses
{'MSE - mean': 13328170.106145246, 'MSE - std': 105936.08858243967, 'R2 - mean': 0.4839732380652329, 'R2 - std': 0.0026518308200732094} 
 

Saving model.....
Results After CV: {'MSE - mean': 13328170.106145246, 'MSE - std': 105936.08858243967, 'R2 - mean': 0.4839732380652329, 'R2 - std': 0.0026518308200732094}
Train time: 15.442899568800067
Inference time: 0.16093283160000738
Finished cross validation
Hyperparam was saved!!! Hurrah!!!
Trial 20 finished with value: 13328170.106145246 and parameters: {'max_depth': 6, 'n_estimators': 35}. Best is trial 16 with value: 12547452.931751702.
Saved Losses
{'MSE - mean': 12444256.995361002, 'MSE - std': 0.0, 'R2 - mean': 0.5128575632295882, 'R2 - std': 0.0} 
 

Saved Losses
{'MSE - mean': 12492751.407024585, 'MSE - std': 48494.41166358255, 'R2 - mean': 0.513828735199983, 'R2 - std': 0.0009711719703947574} 
 

Saved Losses
{'MSE - mean': 12546817.529922562, 'MSE - std': 86105.14850365404, 'R2 - mean': 0.5123942090357027, 'R2 - std': 0.002178190524892071} 
 

Saved Losses
{'MSE - mean': 12553251.71666592, 'MSE - std': 75397.40530198948, 'R2 - mean': 0.5127895964933178, 'R2 - std': 0.00200683312633738} 
 

Saved Losses
{'MSE - mean': 12550323.819897918, 'MSE - std': 67691.24979607249, 'R2 - mean': 0.5140770052362955, 'R2 - std': 0.003138724015193844} 
 

Saving model.....
Results After CV: {'MSE - mean': 12550323.819897918, 'MSE - std': 67691.24979607249, 'R2 - mean': 0.5140770052362955, 'R2 - std': 0.003138724015193844}
Train time: 11.183098331399924
Inference time: 0.14546029200000704
Finished cross validation
Hyperparam was saved!!! Hurrah!!!
Trial 21 finished with value: 12550323.819897918 and parameters: {'max_depth': 12, 'n_estimators': 18}. Best is trial 16 with value: 12547452.931751702.
Saved Losses
{'MSE - mean': 12428093.9594282, 'MSE - std': 0.0, 'R2 - mean': 0.5134902808528942, 'R2 - std': 0.0} 
 

Saved Losses
{'MSE - mean': 12499674.177410934, 'MSE - std': 71580.21798273362, 'R2 - mean': 0.5135646028700982, 'R2 - std': 7.432201720397602e-05} 
 

Saved Losses
{'MSE - mean': 12561422.930423172, 'MSE - std': 105079.18633790752, 'R2 - mean': 0.5118309243594514, 'R2 - std': 0.0024525425306643465} 
 

Saved Losses
{'MSE - mean': 12557886.105346482, 'MSE - std': 91207.20336654795, 'R2 - mean': 0.5126114356721101, 'R2 - std': 0.00251770081147509} 
 

Saved Losses
{'MSE - mean': 12554353.738396695, 'MSE - std': 81883.5369401522, 'R2 - mean': 0.5139221143688839, 'R2 - std': 0.003455802147923015} 
 

Saving model.....
Results After CV: {'MSE - mean': 12554353.738396695, 'MSE - std': 81883.5369401522, 'R2 - mean': 0.5139221143688839, 'R2 - std': 0.003455802147923015}
Train time: 9.53468655040001
Inference time: 0.14535489640002197
Finished cross validation
Hyperparam was saved!!! Hurrah!!!
Trial 22 finished with value: 12554353.738396695 and parameters: {'max_depth': 12, 'n_estimators': 15}. Best is trial 16 with value: 12547452.931751702.
Saved Losses
{'MSE - mean': 12717656.072595105, 'MSE - std': 0.0, 'R2 - mean': 0.5021550927852498, 'R2 - std': 0.0} 
 

Saved Losses
{'MSE - mean': 12821541.280740846, 'MSE - std': 103885.20814574046, 'R2 - mean': 0.5010458420891752, 'R2 - std': 0.0011092506960746484} 
 

Saved Losses
{'MSE - mean': 12874741.7635128, 'MSE - std': 113381.39345586675, 'R2 - mean': 0.49965813377523194, 'R2 - std': 0.002161425486494817} 
 

Saved Losses
{'MSE - mean': 12870774.596377246, 'MSE - std': 98431.29853730384, 'R2 - mean': 0.5004704434975691, 'R2 - std': 0.0023416578219848188} 
 

Saved Losses
{'MSE - mean': 12871870.053858127, 'MSE - std': 88066.88670414967, 'R2 - mean': 0.5016324305943174, 'R2 - std': 0.0031285052559086955} 
 

Saving model.....
Results After CV: {'MSE - mean': 12871870.053858127, 'MSE - std': 88066.88670414967, 'R2 - mean': 0.5016324305943174, 'R2 - std': 0.0031285052559086955}
Train time: 4.603116004199956
Inference time: 0.10039821479995226
Finished cross validation
Hyperparam was saved!!! Hurrah!!!
Trial 23 finished with value: 12871870.053858127 and parameters: {'max_depth': 8, 'n_estimators': 9}. Best is trial 16 with value: 12547452.931751702.
Saved Losses
{'MSE - mean': 12598028.70965443, 'MSE - std': 0.0, 'R2 - mean': 0.5068380212324093, 'R2 - std': 0.0} 
 

Saved Losses
{'MSE - mean': 12698580.649641838, 'MSE - std': 100551.93998740893, 'R2 - mean': 0.5058303575267007, 'R2 - std': 0.0010076637057086502} 
 

Saved Losses
{'MSE - mean': 12747627.097076565, 'MSE - std': 107478.22927809885, 'R2 - mean': 0.5045973618826013, 'R2 - std': 0.0019280769208215225} 
 

Saved Losses
{'MSE - mean': 12741004.611189974, 'MSE - std': 93782.99037949758, 'R2 - mean': 0.5055059983505394, 'R2 - std': 0.0022945524949443217} 
 

Saved Losses
{'MSE - mean': 12745270.021934953, 'MSE - std': 84314.73384237329, 'R2 - mean': 0.5065344927903602, 'R2 - std': 0.002905715087996936} 
 

Saving model.....
Results After CV: {'MSE - mean': 12745270.021934953, 'MSE - std': 84314.73384237329, 'R2 - mean': 0.5065344927903602, 'R2 - std': 0.002905715087996936}
Train time: 10.098653597599968
Inference time: 0.13966983380009879
Finished cross validation
Hyperparam was saved!!! Hurrah!!!
Trial 24 finished with value: 12745270.021934953 and parameters: {'max_depth': 9, 'n_estimators': 19}. Best is trial 16 with value: 12547452.931751702.
Saved Losses
{'MSE - mean': 12400681.353261625, 'MSE - std': 0.0, 'R2 - mean': 0.5145633737479693, 'R2 - std': 0.0} 
 

Saved Losses
{'MSE - mean': 12472386.963972116, 'MSE - std': 71705.6107104905, 'R2 - mean': 0.514626572314719, 'R2 - std': 6.319856674968927e-05} 
 

Saved Losses
{'MSE - mean': 12529834.505530829, 'MSE - std': 100141.08281414534, 'R2 - mean': 0.5130581369145383, 'R2 - std': 0.0022187027549839004} 
 

Saved Losses
{'MSE - mean': 12536225.766416015, 'MSE - std': 87428.3821050103, 'R2 - mean': 0.513453332372189, 'R2 - std': 0.002039735224354733} 
 

Saved Losses
{'MSE - mean': 12534009.862715444, 'MSE - std': 78323.80554365677, 'R2 - mean': 0.5147112603406369, 'R2 - std': 0.0031077237527797692} 
 

Saving model.....
Results After CV: {'MSE - mean': 12534009.862715444, 'MSE - std': 78323.80554365677, 'R2 - mean': 0.5147112603406369, 'R2 - std': 0.0031077237527797692}
Train time: 16.9601451904
Inference time: 0.19124297640005353
Finished cross validation
Hyperparam was saved!!! Hurrah!!!
Trial 25 finished with value: 12534009.862715444 and parameters: {'max_depth': 12, 'n_estimators': 27}. Best is trial 25 with value: 12534009.862715444.
Saved Losses
{'MSE - mean': 12500946.903544648, 'MSE - std': 0.0, 'R2 - mean': 0.5106383821227398, 'R2 - std': 0.0} 
 

Saved Losses
{'MSE - mean': 12588546.559054513, 'MSE - std': 87599.65550986398, 'R2 - mean': 0.5101096078609727, 'R2 - std': 0.0005287742617671176} 
 

Saved Losses
{'MSE - mean': 12644534.107011085, 'MSE - std': 106700.56614662477, 'R2 - mean': 0.5086027259648077, 'R2 - std': 0.002174347621222884} 
 

Saved Losses
{'MSE - mean': 12645283.25561017, 'MSE - std': 92414.51067271967, 'R2 - mean': 0.5092213828278549, 'R2 - std': 0.002166575552807801} 
 

Saved Losses
{'MSE - mean': 12647014.921657173, 'MSE - std': 82730.5753364254, 'R2 - mean': 0.510338009783825, 'R2 - std': 0.0029567994074703226} 
 

Saving model.....
Results After CV: {'MSE - mean': 12647014.921657173, 'MSE - std': 82730.5753364254, 'R2 - mean': 0.510338009783825, 'R2 - std': 0.0029567994074703226}
Train time: 16.474092322599972
Inference time: 0.17602850159996705
Finished cross validation
Hyperparam was saved!!! Hurrah!!!
Trial 26 finished with value: 12647014.921657173 and parameters: {'max_depth': 10, 'n_estimators': 29}. Best is trial 25 with value: 12534009.862715444.
Saved Losses
{'MSE - mean': 13137585.178886963, 'MSE - std': 0.0, 'R2 - mean': 0.48571656309351363, 'R2 - std': 0.0} 
 

Saved Losses
{'MSE - mean': 13246968.440595172, 'MSE - std': 109383.26170821022, 'R2 - mean': 0.4844906847580131, 'R2 - std': 0.0012258783355005298} 
 

Saved Losses
{'MSE - mean': 13309528.69791242, 'MSE - std': 125714.10774379394, 'R2 - mean': 0.4827624288824091, 'R2 - std': 0.0026411339494149732} 
 

Saved Losses
{'MSE - mean': 13309613.610925566, 'MSE - std': 108871.71026039352, 'R2 - mean': 0.48344007106617304, 'R2 - std': 0.0025708535920416233} 
 

Saved Losses
{'MSE - mean': 13324095.597839396, 'MSE - std': 101594.0510852279, 'R2 - mean': 0.4841295289158037, 'R2 - std': 0.0026812010478589315} 
 

Saving model.....
Results After CV: {'MSE - mean': 13324095.597839396, 'MSE - std': 101594.0510852279, 'R2 - mean': 0.4841295289158037, 'R2 - std': 0.0026812010478589315}
Train time: 25.78779590060003
Inference time: 0.1978105056000004
Finished cross validation
Hyperparam was saved!!! Hurrah!!!
Trial 27 finished with value: 13324095.597839396 and parameters: {'max_depth': 6, 'n_estimators': 56}. Best is trial 25 with value: 12534009.862715444.
Saved Losses
{'MSE - mean': 15831349.123962035, 'MSE - std': 0.0, 'R2 - mean': 0.38026657658348495, 'R2 - std': 0.0} 
 

Saved Losses
{'MSE - mean': 15922654.830590967, 'MSE - std': 91305.70662893075, 'R2 - mean': 0.3803564426911771, 'R2 - std': 8.9866107692127e-05} 
 

Saved Losses
{'MSE - mean': 15947364.540626483, 'MSE - std': 82334.44549772362, 'R2 - mean': 0.38023891266534565, 'R2 - std': 0.0001816880811124752} 
 

Saved Losses
{'MSE - mean': 15995231.46206332, 'MSE - std': 109352.39910529627, 'R2 - mean': 0.3792072254034744, 'R2 - std': 0.0017938488615365886} 
 

Saved Losses
{'MSE - mean': 16076026.263766577, 'MSE - std': 188885.03826704153, 'R2 - mean': 0.377605433553852, 'R2 - std': 0.003582912712932852} 
 

Saving model.....
Results After CV: {'MSE - mean': 16076026.263766577, 'MSE - std': 188885.03826704153, 'R2 - mean': 0.377605433553852, 'R2 - std': 0.003582912712932852}
Train time: 13.540578469599996
Inference time: 0.1495277768000051
Finished cross validation
Hyperparam was saved!!! Hurrah!!!
Trial 28 finished with value: 16076026.263766577 and parameters: {'max_depth': 3, 'n_estimators': 47}. Best is trial 25 with value: 12534009.862715444.
Saved Losses
{'MSE - mean': 12866645.02819673, 'MSE - std': 0.0, 'R2 - mean': 0.49632277648780354, 'R2 - std': 0.0} 
 

Saved Losses
{'MSE - mean': 12971092.984442467, 'MSE - std': 104447.95624573715, 'R2 - mean': 0.4952258438035863, 'R2 - std': 0.0010969326842172333} 
 

Saved Losses
{'MSE - mean': 13024501.661634283, 'MSE - std': 113920.54529963921, 'R2 - mean': 0.4938379799559109, 'R2 - std': 0.0021574304921607454} 
 

Saved Losses
{'MSE - mean': 13023554.261986114, 'MSE - std': 98671.73191601237, 'R2 - mean': 0.49454125332555987, 'R2 - std': 0.0022303945937325116} 
 

Saved Losses
{'MSE - mean': 13032307.968876734, 'MSE - std': 89974.43014963703, 'R2 - mean': 0.4954238157477099, 'R2 - std': 0.0026637180314301517} 
 

Saving model.....
Results After CV: {'MSE - mean': 13032307.968876734, 'MSE - std': 89974.43014963703, 'R2 - mean': 0.4954238157477099, 'R2 - std': 0.0026637180314301517}
Train time: 49.972570907599994
Inference time: 0.30688225740000236
Finished cross validation
Hyperparam was saved!!! Hurrah!!!
Trial 29 finished with value: 13032307.968876734 and parameters: {'max_depth': 7, 'n_estimators': 98}. Best is trial 25 with value: 12534009.862715444.
Saved Losses
{'MSE - mean': 12700162.10925969, 'MSE - std': 0.0, 'R2 - mean': 0.5028399108447903, 'R2 - std': 0.0} 
 

Saved Losses
{'MSE - mean': 12807204.220105618, 'MSE - std': 107042.11084592808, 'R2 - mean': 0.5016045220439538, 'R2 - std': 0.0012353888008364566} 
 

Saved Losses
{'MSE - mean': 12855828.338081723, 'MSE - std': 111208.29717610861, 'R2 - mean': 0.5003931788766361, 'R2 - std': 0.001988004409158943} 
 

Saved Losses
{'MSE - mean': 12857121.867626213, 'MSE - std': 96335.26704512043, 'R2 - mean': 0.5010011483469514, 'R2 - std': 0.002018167926271856} 
 

Saved Losses
{'MSE - mean': 12862393.615199493, 'MSE - std': 86807.55860654812, 'R2 - mean': 0.502001559681528, 'R2 - std': 0.0026947528228585286} 
 

Saving model.....
Results After CV: {'MSE - mean': 12862393.615199493, 'MSE - std': 86807.55860654812, 'R2 - mean': 0.502001559681528, 'R2 - std': 0.0026947528228585286}
Train time: 10.970190992799962
Inference time: 0.13997942740002145
Finished cross validation
Hyperparam was saved!!! Hurrah!!!
Trial 30 finished with value: 12862393.615199493 and parameters: {'max_depth': 8, 'n_estimators': 21}. Best is trial 25 with value: 12534009.862715444.
Saved Losses
{'MSE - mean': 12450205.995631661, 'MSE - std': 0.0, 'R2 - mean': 0.5126246838789547, 'R2 - std': 0.0} 
 

Saved Losses
{'MSE - mean': 12491525.730147343, 'MSE - std': 41319.734515682794, 'R2 - mean': 0.5138747934380206, 'R2 - std': 0.0012501095590658484} 
 

Saved Losses
{'MSE - mean': 12544418.825977447, 'MSE - std': 82058.35005215865, 'R2 - mean': 0.5124862129265735, 'R2 - std': 0.0022131789233256847} 
 

Saved Losses
{'MSE - mean': 12550134.539015591, 'MSE - std': 71750.8727233696, 'R2 - mean': 0.5129095558590947, 'R2 - std': 0.0020521399624627945} 
 

Saved Losses
{'MSE - mean': 12552507.975378722, 'MSE - std': 64351.2469959322, 'R2 - mean': 0.5139936061048708, 'R2 - std': 0.0028407186558859873} 
 

Saving model.....
Results After CV: {'MSE - mean': 12552507.975378722, 'MSE - std': 64351.2469959322, 'R2 - mean': 0.5139936061048708, 'R2 - std': 0.0028407186558859873}
Train time: 8.67487145959999
Inference time: 0.13749004320002314
Finished cross validation
Hyperparam was saved!!! Hurrah!!!
Trial 31 finished with value: 12552507.975378722 and parameters: {'max_depth': 12, 'n_estimators': 14}. Best is trial 25 with value: 12534009.862715444.
Saved Losses
{'MSE - mean': 12517132.588412443, 'MSE - std': 0.0, 'R2 - mean': 0.5100047778850392, 'R2 - std': 0.0} 
 

Saved Losses
{'MSE - mean': 12592226.68046991, 'MSE - std': 75094.0920574665, 'R2 - mean': 0.509963526632117, 'R2 - std': 4.125125292225862e-05} 
 

Saved Losses
{'MSE - mean': 12649727.178849043, 'MSE - std': 101843.16243938265, 'R2 - mean': 0.5083991560651657, 'R2 - std': 0.002212610445920921} 
 

Saved Losses
{'MSE - mean': 12649945.652369801, 'MSE - std': 88199.57762811948, 'R2 - mean': 0.5090390321371068, 'R2 - std': 0.0022136074406671658} 
 

Saved Losses
{'MSE - mean': 12650578.503334206, 'MSE - std': 78898.25344325145, 'R2 - mean': 0.5101985071131327, 'R2 - std': 0.0030491925490568473} 
 

Saving model.....
Results After CV: {'MSE - mean': 12650578.503334206, 'MSE - std': 78898.25344325145, 'R2 - mean': 0.5101985071131327, 'R2 - std': 0.0030491925490568473}
Train time: 17.2634828054001
Inference time: 0.17750244900003054
Finished cross validation
Hyperparam was saved!!! Hurrah!!!
Trial 32 finished with value: 12650578.503334206 and parameters: {'max_depth': 10, 'n_estimators': 29}. Best is trial 25 with value: 12534009.862715444.
Saved Losses
{'MSE - mean': 12442891.259298548, 'MSE - std': 0.0, 'R2 - mean': 0.512911026284369, 'R2 - std': 0.0} 
 

Saved Losses
{'MSE - mean': 12527294.250375856, 'MSE - std': 84402.99107730854, 'R2 - mean': 0.5124926421180902, 'R2 - std': 0.0004183841662788179} 
 

Saved Losses
{'MSE - mean': 12589127.063461239, 'MSE - std': 111336.5924421736, 'R2 - mean': 0.5107561971132659, 'R2 - std': 0.0024793505970892773} 
 

Saved Losses
{'MSE - mean': 12587529.186282802, 'MSE - std': 96460.02927071971, 'R2 - mean': 0.5114626917177445, 'R2 - std': 0.002471394022801198} 
 

Saved Losses
{'MSE - mean': 12584994.33202773, 'MSE - std': 86425.29572934244, 'R2 - mean': 0.5127375476898913, 'R2 - std': 0.0033745017012328463} 
 

Saving model.....
Results After CV: {'MSE - mean': 12584994.33202773, 'MSE - std': 86425.29572934244, 'R2 - mean': 0.5127375476898913, 'R2 - std': 0.0033745017012328463}
Train time: 5.669808046799972
Inference time: 0.1101843739999822
Finished cross validation
Hyperparam was saved!!! Hurrah!!!
Trial 33 finished with value: 12584994.33202773 and parameters: {'max_depth': 12, 'n_estimators': 9}. Best is trial 25 with value: 12534009.862715444.
Saved Losses
{'MSE - mean': 12601169.758869223, 'MSE - std': 0.0, 'R2 - mean': 0.5067150618328179, 'R2 - std': 0.0} 
 

Saved Losses
{'MSE - mean': 12702837.47636904, 'MSE - std': 101667.71749981679, 'R2 - mean': 0.5056649492334668, 'R2 - std': 0.0010501125993510607} 
 

Saved Losses
{'MSE - mean': 12750728.645511275, 'MSE - std': 107135.48129059929, 'R2 - mean': 0.5044768707185024, 'R2 - std': 0.0018863241404869099} 
 

Saved Losses
{'MSE - mean': 12753256.192348747, 'MSE - std': 92885.27328146863, 'R2 - mean': 0.5050319374885806, 'R2 - std': 0.0018955108625308525} 
 

Saved Losses
{'MSE - mean': 12758784.493265275, 'MSE - std': 83811.61994707656, 'R2 - mean': 0.5060128670430319, 'R2 - std': 0.002592925048504776} 
 

Saving model.....
Results After CV: {'MSE - mean': 12758784.493265275, 'MSE - std': 83811.61994707656, 'R2 - mean': 0.5060128670430319, 'R2 - std': 0.002592925048504776}
Train time: 10.322297472799983
Inference time: 0.13393422639992422
Finished cross validation
Hyperparam was saved!!! Hurrah!!!
Trial 34 finished with value: 12758784.493265275 and parameters: {'max_depth': 9, 'n_estimators': 18}. Best is trial 25 with value: 12534009.862715444.
Saved Losses
{'MSE - mean': 12522473.66038919, 'MSE - std': 0.0, 'R2 - mean': 0.5097956964735344, 'R2 - std': 0.0} 
 

Saved Losses
{'MSE - mean': 12600654.556877945, 'MSE - std': 78180.89648875315, 'R2 - mean': 0.5096362439319522, 'R2 - std': 0.00015945254158222788} 
 

Saved Losses
{'MSE - mean': 12655320.770533236, 'MSE - std': 100257.79212278467, 'R2 - mean': 0.5081819362498511, 'R2 - std': 0.002060818221916084} 
 

Saved Losses
{'MSE - mean': 12654172.359271906, 'MSE - std': 86848.57630541259, 'R2 - mean': 0.5088748990546362, 'R2 - std': 0.0021507722227803176} 
 

Saved Losses
{'MSE - mean': 12656275.860929599, 'MSE - std': 77793.566841464, 'R2 - mean': 0.509978397574707, 'R2 - std': 0.0029277111979529626} 
 

Saving model.....
Results After CV: {'MSE - mean': 12656275.860929599, 'MSE - std': 77793.566841464, 'R2 - mean': 0.509978397574707, 'R2 - std': 0.0029277111979529626}
Train time: 15.209493018000103
Inference time: 0.15597963979998894
Finished cross validation
Hyperparam was saved!!! Hurrah!!!
Trial 35 finished with value: 12656275.860929599 and parameters: {'max_depth': 10, 'n_estimators': 25}. Best is trial 25 with value: 12534009.862715444.
Saved Losses
{'MSE - mean': 12594102.59835006, 'MSE - std': 0.0, 'R2 - mean': 0.5069917126443237, 'R2 - std': 0.0} 
 

Saved Losses
{'MSE - mean': 12690285.476006325, 'MSE - std': 96182.87765626516, 'R2 - mean': 0.5061521824219455, 'R2 - std': 0.0008395302223782597} 
 

Saved Losses
{'MSE - mean': 12740131.499356866, 'MSE - std': 105530.48243936678, 'R2 - mean': 0.5048880890773707, 'R2 - std': 0.0019146117005250202} 
 

Saved Losses
{'MSE - mean': 12738442.776184632, 'MSE - std': 91438.87248195623, 'R2 - mean': 0.5056057569054517, 'R2 - std': 0.0020723042265139774} 
 

Saved Losses
{'MSE - mean': 12741495.066777442, 'MSE - std': 82012.9247867004, 'R2 - mean': 0.5066804607245714, 'R2 - std': 0.002838222866708014} 
 

Saving model.....
Results After CV: {'MSE - mean': 12741495.066777442, 'MSE - std': 82012.9247867004, 'R2 - mean': 0.5066804607245714, 'R2 - std': 0.002838222866708014}
Train time: 18.642173023199938
Inference time: 0.1803613950001818
Finished cross validation
Hyperparam was saved!!! Hurrah!!!
