Trial 4 finished with value: 917.0728324586871 and parameters: {'max_depth': 3, 'n_estimators': 75}. Best is trial 1 with value: 624.090466179336.
Saved Losses
{'MSE - mean': 837.9470051258771, 'MSE - std': 0.0, 'R2 - mean': 0.9025711003202167, 'R2 - std': 0.0} 
 

Saved Losses
{'MSE - mean': 747.2664033047686, 'MSE - std': 90.68060182110861, 'R2 - mean': 0.9083179488881412, 'R2 - std': 0.005746848567924567} 
 

Saved Losses
{'MSE - mean': 701.4010336730495, 'MSE - std': 98.43396412824546, 'R2 - mean': 0.91704644934181, 'R2 - std': 0.01320571666543821} 
 

Saved Losses
{'MSE - mean': 727.7767311856651, 'MSE - std': 96.71590473304545, 'R2 - mean': 0.9134966432178586, 'R2 - std': 0.012984474769462337} 
 

Saved Losses
{'MSE - mean': 741.3629505033531, 'MSE - std': 90.67256698725639, 'R2 - mean': 0.9108498566539269, 'R2 - std': 0.012763196484074035} 
 

Saving model.....
Results After CV: {'MSE - mean': 741.3629505033531, 'MSE - std': 90.67256698725639, 'R2 - mean': 0.9108498566539269, 'R2 - std': 0.012763196484074035}
Train time: 0.14700198739999948
Inference time: 0.014381742599999825
Finished cross validation
Hyperparam was saved!!! Hurrah!!!
Trial 5 finished with value: 741.3629505033531 and parameters: {'max_depth': 4, 'n_estimators': 27}. Best is trial 1 with value: 624.090466179336.
Saved Losses
{'MSE - mean': 746.4876446387751, 'MSE - std': 0.0, 'R2 - mean': 0.9132051676337414, 'R2 - std': 0.0} 
 

Saved Losses
{'MSE - mean': 697.5746358112958, 'MSE - std': 48.91300882747936, 'R2 - mean': 0.9141535480843188, 'R2 - std': 0.0009483804505774351} 
 

Saved Losses
{'MSE - mean': 670.4804646817262, 'MSE - std': 55.345971007546616, 'R2 - mean': 0.9206997223394486, 'R2 - std': 0.009290016778406376} 
 

Saved Losses
{'MSE - mean': 684.8466540352872, 'MSE - std': 54.005042076673334, 'R2 - mean': 0.9186132899103009, 'R2 - std': 0.008819745441423003} 
 

Saved Losses
{'MSE - mean': 703.3444142067395, 'MSE - std': 60.843275562751224, 'R2 - mean': 0.9154037477538715, 'R2 - std': 0.010170298478254805} 
 

Saving model.....
Results After CV: {'MSE - mean': 703.3444142067395, 'MSE - std': 60.843275562751224, 'R2 - mean': 0.9154037477538715, 'R2 - std': 0.010170298478254805}
Train time: 0.07563894039999966
Inference time: 0.008368629799999638
Finished cross validation
Hyperparam was saved!!! Hurrah!!!
Trial 6 finished with value: 703.3444142067395 and parameters: {'max_depth': 7, 'n_estimators': 7}. Best is trial 1 with value: 624.090466179336.
Saved Losses
{'MSE - mean': 1718.1928391738325, 'MSE - std': 0.0, 'R2 - mean': 0.8002240753480081, 'R2 - std': 0.0} 
 

Saved Losses
{'MSE - mean': 1530.6177163889984, 'MSE - std': 187.5751227848341, 'R2 - mean': 0.8122220490040489, 'R2 - std': 0.011997973656040828} 
 

Saved Losses
{'MSE - mean': 1521.530229107009, 'MSE - std': 153.69271065570317, 'R2 - mean': 0.8209798188958689, 'R2 - std': 0.015791283931022523} 
 

Saved Losses
{'MSE - mean': 1551.4706940629922, 'MSE - std': 142.84740567075278, 'R2 - mean': 0.8163311816666811, 'R2 - std': 0.015869876193858646} 
 

Saved Losses
{'MSE - mean': 1542.758386107692, 'MSE - std': 128.9493012199897, 'R2 - mean': 0.8152634391108945, 'R2 - std': 0.014354186601423001} 
 

Saving model.....
Results After CV: {'MSE - mean': 1542.758386107692, 'MSE - std': 128.9493012199897, 'R2 - mean': 0.8152634391108945, 'R2 - std': 0.014354186601423001}
Train time: 0.07603903240000029
Inference time: 0.010448761000000672
Finished cross validation
Hyperparam was saved!!! Hurrah!!!
Trial 7 finished with value: 1542.758386107692 and parameters: {'max_depth': 2, 'n_estimators': 18}. Best is trial 1 with value: 624.090466179336.
Saved Losses
{'MSE - mean': 690.872510943478, 'MSE - std': 0.0, 'R2 - mean': 0.9196715924175651, 'R2 - std': 0.0} 
 

Saved Losses
{'MSE - mean': 659.4052890554962, 'MSE - std': 31.46722188798185, 'R2 - mean': 0.9187429300021488, 'R2 - std': 0.000928662415416337} 
 

Saved Losses
{'MSE - mean': 630.1740751848673, 'MSE - std': 48.67290585393362, 'R2 - mean': 0.9253557290507629, 'R2 - std': 0.009382599059033313} 
 

Saved Losses
{'MSE - mean': 647.7524299540192, 'MSE - std': 51.99792776995946, 'R2 - mean': 0.9229317857782935, 'R2 - std': 0.009146112660107451} 
 

Saved Losses
{'MSE - mean': 653.4272271317891, 'MSE - std': 47.87317501410614, 'R2 - mean': 0.9213957358357765, 'R2 - std': 0.008738357919925662} 
 

Saving model.....
Results After CV: {'MSE - mean': 653.4272271317891, 'MSE - std': 47.87317501410614, 'R2 - mean': 0.9213957358357765, 'R2 - std': 0.008738357919925662}
Train time: 0.16127762300000015
Inference time: 0.01099254240000036
Finished cross validation
Hyperparam was saved!!! Hurrah!!!
Trial 8 finished with value: 653.4272271317891 and parameters: {'max_depth': 9, 'n_estimators': 15}. Best is trial 1 with value: 624.090466179336.
Saved Losses
{'MSE - mean': 1084.920047023011, 'MSE - std': 0.0, 'R2 - mean': 0.8738553085393366, 'R2 - std': 0.0} 
 

Saved Losses
{'MSE - mean': 926.4396059577168, 'MSE - std': 158.4804410652941, 'R2 - mean': 0.8866716738392544, 'R2 - std': 0.012816365299917755} 
 

Saved Losses
{'MSE - mean': 875.9511336392015, 'MSE - std': 147.79108613495063, 'R2 - mean': 0.8966960966668518, 'R2 - std': 0.017620563339089693} 
 

Saved Losses
{'MSE - mean': 884.6268460806568, 'MSE - std': 128.8699259517587, 'R2 - mean': 0.8951109489276368, 'R2 - std': 0.015504878888774653} 
 

Saved Losses
{'MSE - mean': 901.615683602173, 'MSE - std': 120.16841786916935, 'R2 - mean': 0.8917827554555571, 'R2 - std': 0.015382733912891822} 
 

Saving model.....
Results After CV: {'MSE - mean': 901.615683602173, 'MSE - std': 120.16841786916935, 'R2 - mean': 0.8917827554555571, 'R2 - std': 0.015382733912891822}
Train time: 0.35939450099999914
Inference time: 0.031383611799999045
Finished cross validation
Hyperparam was saved!!! Hurrah!!!
Trial 9 finished with value: 901.615683602173 and parameters: {'max_depth': 3, 'n_estimators': 83}. Best is trial 1 with value: 624.090466179336.
Saved Losses
{'MSE - mean': 658.0764726475204, 'MSE - std': 0.0, 'R2 - mean': 0.9234848191556345, 'R2 - std': 0.0} 
 

Saved Losses
{'MSE - mean': 637.0966576918261, 'MSE - std': 20.979814955694394, 'R2 - mean': 0.9214231355761417, 'R2 - std': 0.0020616835794927124} 
 

Saved Losses
{'MSE - mean': 615.1773142244607, 'MSE - std': 35.41680853018967, 'R2 - mean': 0.9271558905511709, 'R2 - std': 0.008280256759026713} 
 

Saved Losses
{'MSE - mean': 621.4727346803464, 'MSE - std': 32.552414672297964, 'R2 - mean': 0.9260918036643819, 'R2 - std': 0.007403974048067948} 
 

Saved Losses
{'MSE - mean': 625.6664456348349, 'MSE - std': 30.299778993863594, 'R2 - mean': 0.9247681965830943, 'R2 - std': 0.007131816611923763} 
 

Saving model.....
Results After CV: {'MSE - mean': 625.6664456348349, 'MSE - std': 30.299778993863594, 'R2 - mean': 0.9247681965830943, 'R2 - std': 0.007131816611923763}
Train time: 0.6531009166000004
Inference time: 0.023161793399999908
Finished cross validation
Hyperparam was saved!!! Hurrah!!!
Trial 10 finished with value: 625.6664456348349 and parameters: {'max_depth': 12, 'n_estimators': 48}. Best is trial 1 with value: 624.090466179336.
Saved Losses
{'MSE - mean': 676.392776700787, 'MSE - std': 0.0, 'R2 - mean': 0.9213551649660572, 'R2 - std': 0.0} 
 

Saved Losses
{'MSE - mean': 645.7566766970544, 'MSE - std': 30.63610000373251, 'R2 - mean': 0.9204235050816931, 'R2 - std': 0.0009316598843640556} 
 

Saved Losses
{'MSE - mean': 608.1447581226101, 'MSE - std': 58.77947419516773, 'R2 - mean': 0.9278652013536561, 'R2 - std': 0.010551603996631007} 
 

Saved Losses
{'MSE - mean': 624.510518162992, 'MSE - std': 58.26477705349409, 'R2 - mean': 0.9256229818026257, 'R2 - std': 0.009928993187698309} 
 

Saved Losses
{'MSE - mean': 627.8242938121364, 'MSE - std': 52.53334019730847, 'R2 - mean': 0.9244272801480315, 'R2 - std': 0.009197104672900275} 
 

Saving model.....
Results After CV: {'MSE - mean': 627.8242938121364, 'MSE - std': 52.53334019730847, 'R2 - mean': 0.9244272801480315, 'R2 - std': 0.009197104672900275}
Train time: 0.5981168306000008
Inference time: 0.02166822199999956
Finished cross validation
Hyperparam was saved!!! Hurrah!!!
Trial 11 finished with value: 627.8242938121364 and parameters: {'max_depth': 12, 'n_estimators': 45}. Best is trial 1 with value: 624.090466179336.
Saved Losses
{'MSE - mean': 634.8389730906731, 'MSE - std': 0.0, 'R2 - mean': 0.9261866654529346, 'R2 - std': 0.0} 
 

Saved Losses
{'MSE - mean': 630.2793703806092, 'MSE - std': 4.559602710063871, 'R2 - mean': 0.922145634155308, 'R2 - std': 0.004041031297626507} 
 

Saved Losses
{'MSE - mean': 594.2071746533771, 'MSE - std': 51.14945350392214, 'R2 - mean': 0.929402115357498, 'R2 - std': 0.010779594681978467} 
 

Saved Losses
{'MSE - mean': 609.9048961301343, 'MSE - std': 51.97552620222273, 'R2 - mean': 0.9272756284120842, 'R2 - std': 0.010035715535917193} 
 

Saved Losses
{'MSE - mean': 618.7468064439929, 'MSE - std': 49.73813196322954, 'R2 - mean': 0.9254226240546721, 'R2 - std': 0.009711177562408852} 
 

Saving model.....
Results After CV: {'MSE - mean': 618.7468064439929, 'MSE - std': 49.73813196322954, 'R2 - mean': 0.9254226240546721, 'R2 - std': 0.009711177562408852}
Train time: 0.6494931562000005
Inference time: 0.02401740299999986
Finished cross validation
Hyperparam was saved!!! Hurrah!!!
Trial 12 finished with value: 618.7468064439929 and parameters: {'max_depth': 12, 'n_estimators': 48}. Best is trial 12 with value: 618.7468064439929.
Saved Losses
{'MSE - mean': 680.478313216656, 'MSE - std': 0.0, 'R2 - mean': 0.9208801357280412, 'R2 - std': 0.0} 
 

Saved Losses
{'MSE - mean': 645.3197980121902, 'MSE - std': 35.15851520446586, 'R2 - mean': 0.9205105313860273, 'R2 - std': 0.00036960434201388503} 
 

Saved Losses
{'MSE - mean': 608.7367571510048, 'MSE - std': 59.16687038839756, 'R2 - mean': 0.9278283316608991, 'R2 - std': 0.010353331507567159} 
 

Saved Losses
{'MSE - mean': 621.5041173181087, 'MSE - std': 55.8082016425698, 'R2 - mean': 0.9260107643554282, 'R2 - std': 0.00950285523981804} 
 

Saved Losses
{'MSE - mean': 629.8135670700962, 'MSE - std': 52.610190240916324, 'R2 - mean': 0.9241866947930394, 'R2 - std': 0.009249449996669146} 
 

Saving model.....
Results After CV: {'MSE - mean': 629.8135670700962, 'MSE - std': 52.610190240916324, 'R2 - mean': 0.9241866947930394, 'R2 - std': 0.009249449996669146}
Train time: 0.4249800423999993
Inference time: 0.022827596600000534
Finished cross validation
Hyperparam was saved!!! Hurrah!!!
Trial 13 finished with value: 629.8135670700962 and parameters: {'max_depth': 7, 'n_estimators': 51}. Best is trial 12 with value: 618.7468064439929.
Saved Losses
{'MSE - mean': 684.5848110366576, 'MSE - std': 0.0, 'R2 - mean': 0.9204026692991468, 'R2 - std': 0.0} 
 

Saved Losses
{'MSE - mean': 658.4054196422163, 'MSE - std': 26.179391394441268, 'R2 - mean': 0.9188278601788711, 'R2 - std': 0.0015748091202756886} 
 

Saved Losses
{'MSE - mean': 616.0808476554486, 'MSE - std': 63.5582080478077, 'R2 - mean': 0.9268547666876534, 'R2 - std': 0.011424351420467304} 
 

Saved Losses
{'MSE - mean': 634.7989310995135, 'MSE - std': 63.88140810238332, 'R2 - mean': 0.9243430514149205, 'R2 - std': 0.01080800605419845} 
 

Saved Losses
{'MSE - mean': 647.7005620936295, 'MSE - std': 62.693506602741, 'R2 - mean': 0.9219436362486736, 'R2 - std': 0.010792551526591582} 
 

Saving model.....
Results After CV: {'MSE - mean': 647.7005620936295, 'MSE - std': 62.693506602741, 'R2 - mean': 0.9219436362486736, 'R2 - std': 0.010792551526591582}
Train time: 0.6298864221999999
Inference time: 0.034062631399997656
Finished cross validation
Hyperparam was saved!!! Hurrah!!!
Trial 14 finished with value: 647.7005620936295 and parameters: {'max_depth': 6, 'n_estimators': 90}. Best is trial 12 with value: 618.7468064439929.
Saved Losses
{'MSE - mean': 702.7821094245948, 'MSE - std': 0.0, 'R2 - mean': 0.9182868520120917, 'R2 - std': 0.0} 
 

Saved Losses
{'MSE - mean': 665.1247167124799, 'MSE - std': 37.65739271211487, 'R2 - mean': 0.918081365681388, 'R2 - std': 0.00020548633070371913} 
 

Saved Losses
{'MSE - mean': 627.593698486261, 'MSE - std': 61.339553379336735, 'R2 - mean': 0.9256015179874589, 'R2 - std': 0.010636424736148222} 
 

Saved Losses
{'MSE - mean': 642.0309380983285, 'MSE - std': 58.71292250800607, 'R2 - mean': 0.9235719943797908, 'R2 - std': 0.009859363397200447} 
 

Saved Losses
{'MSE - mean': 642.5660010423647, 'MSE - std': 52.525336600170625, 'R2 - mean': 0.9226955691919072, 'R2 - std': 0.00899100226439034} 
 

Saving model.....
Results After CV: {'MSE - mean': 642.5660010423647, 'MSE - std': 52.525336600170625, 'R2 - mean': 0.9226955691919072, 'R2 - std': 0.00899100226439034}
Train time: 0.4100167280000008
Inference time: 0.017258943400000247
Finished cross validation
Hyperparam was saved!!! Hurrah!!!
Trial 15 finished with value: 642.5660010423647 and parameters: {'max_depth': 10, 'n_estimators': 34}. Best is trial 12 with value: 618.7468064439929.
Saved Losses
{'MSE - mean': 665.3709631428173, 'MSE - std': 0.0, 'R2 - mean': 0.9226366817694586, 'R2 - std': 0.0} 
 

Saved Losses
{'MSE - mean': 632.6553204157574, 'MSE - std': 32.715642727060015, 'R2 - mean': 0.9220577159977594, 'R2 - std': 0.0005789657716990804} 
 

Saved Losses
{'MSE - mean': 597.9082754151186, 'MSE - std': 55.93081850449343, 'R2 - mean': 0.9291160606850255, 'R2 - std': 0.009993194035194379} 
 

Saved Losses
{'MSE - mean': 612.0305472379516, 'MSE - std': 54.26332120549652, 'R2 - mean': 0.9271393696659186, 'R2 - std': 0.009306979500559639} 
 

Saved Losses
{'MSE - mean': 623.3370521478347, 'MSE - std': 53.54395050525829, 'R2 - mean': 0.9249514070719368, 'R2 - std': 0.009404499730965188} 
 

Saving model.....
Results After CV: {'MSE - mean': 623.3370521478347, 'MSE - std': 53.54395050525829, 'R2 - mean': 0.9249514070719368, 'R2 - std': 0.009404499730965188}
Train time: 0.5692415932000003
Inference time: 0.024965260200001182
Finished cross validation
Hyperparam was saved!!! Hurrah!!!
Trial 16 finished with value: 623.3370521478347 and parameters: {'max_depth': 8, 'n_estimators': 63}. Best is trial 12 with value: 618.7468064439929.
Saved Losses
{'MSE - mean': 663.0766681100706, 'MSE - std': 0.0, 'R2 - mean': 0.9229034416471286, 'R2 - std': 0.0} 
 

Saved Losses
{'MSE - mean': 631.4320556813269, 'MSE - std': 31.6446124287437, 'R2 - mean': 0.9222010583033347, 'R2 - std': 0.0007023833437938554} 
 

Saved Losses
{'MSE - mean': 598.3483909041173, 'MSE - std': 53.44759502564324, 'R2 - mean': 0.9290767310744065, 'R2 - std': 0.009740567078844723} 
 

Saved Losses
{'MSE - mean': 609.0782212241629, 'MSE - std': 49.878570915873155, 'R2 - mean': 0.9275050812633676, 'R2 - std': 0.008863928849484297} 
 

Saved Losses
{'MSE - mean': 620.4637873018909, 'MSE - std': 50.08814159987441, 'R2 - mean': 0.9253080778335729, 'R2 - std': 0.009064363408485756} 
 

Saving model.....
Results After CV: {'MSE - mean': 620.4637873018909, 'MSE - std': 50.08814159987441, 'R2 - mean': 0.9253080778335729, 'R2 - std': 0.009064363408485756}
Train time: 0.5449021017999968
Inference time: 0.023752340200000787
Finished cross validation
Hyperparam was saved!!! Hurrah!!!
Trial 17 finished with value: 620.4637873018909 and parameters: {'max_depth': 9, 'n_estimators': 57}. Best is trial 12 with value: 618.7468064439929.
Saved Losses
{'MSE - mean': 672.5933102999901, 'MSE - std': 0.0, 'R2 - mean': 0.9217969325582026, 'R2 - std': 0.0} 
 

Saved Losses
{'MSE - mean': 643.4768687402593, 'MSE - std': 29.116441559730788, 'R2 - mean': 0.920694133787112, 'R2 - std': 0.0011027987710905962} 
 

Saved Losses
{'MSE - mean': 609.4119823034004, 'MSE - std': 53.721607279067285, 'R2 - mean': 0.9277462042594803, 'R2 - std': 0.010013699248904509} 
 

Saved Losses
{'MSE - mean': 623.5632874682506, 'MSE - std': 52.585992717556465, 'R2 - mean': 0.925762214557639, 'R2 - std': 0.00932814423648508} 
 

Saved Losses
{'MSE - mean': 624.227204198262, 'MSE - std': 47.053081150656624, 'R2 - mean': 0.9248945565179563, 'R2 - std': 0.008521897782339314} 
 

Saving model.....
Results After CV: {'MSE - mean': 624.227204198262, 'MSE - std': 47.053081150656624, 'R2 - mean': 0.9248945565179563, 'R2 - std': 0.008521897782339314}
Train time: 0.44793808199999885
Inference time: 0.01749721380000153
Finished cross validation
Hyperparam was saved!!! Hurrah!!!
Trial 18 finished with value: 624.227204198262 and parameters: {'max_depth': 12, 'n_estimators': 33}. Best is trial 12 with value: 618.7468064439929.
Saved Losses
{'MSE - mean': 743.7425684675904, 'MSE - std': 0.0, 'R2 - mean': 0.9135243402654946, 'R2 - std': 0.0} 
 

Saved Losses
{'MSE - mean': 699.9871115479923, 'MSE - std': 43.755456919598146, 'R2 - mean': 0.9138177445688664, 'R2 - std': 0.0002934043033718803} 
 

Saved Losses
{'MSE - mean': 652.2019127121425, 'MSE - std': 76.44089522233465, 'R2 - mean': 0.9226122889159448, 'R2 - std': 0.012439670866584374} 
 

Saved Losses
{'MSE - mean': 671.631168103536, 'MSE - std': 74.26234403778221, 'R2 - mean': 0.9199883051552437, 'R2 - std': 0.011692516015853084} 
 

Saved Losses
{'MSE - mean': 681.3934024587999, 'MSE - std': 69.23237300582092, 'R2 - mean': 0.917930003324669, 'R2 - std': 0.01123914455498152} 
 

Saving model.....
Results After CV: {'MSE - mean': 681.3934024587999, 'MSE - std': 69.23237300582092, 'R2 - mean': 0.917930003324669, 'R2 - std': 0.01123914455498152}
Train time: 0.08250145899999808
Inference time: 0.009837443199999995
Finished cross validation
Hyperparam was saved!!! Hurrah!!!
Trial 19 finished with value: 681.3934024587999 and parameters: {'max_depth': 5, 'n_estimators': 12}. Best is trial 12 with value: 618.7468064439929.
Saved Losses
{'MSE - mean': 659.471887560615, 'MSE - std': 0.0, 'R2 - mean': 0.9233225729291453, 'R2 - std': 0.0} 
 

Saved Losses
{'MSE - mean': 634.9245944413518, 'MSE - std': 24.547293119263145, 'R2 - mean': 0.9217176135289045, 'R2 - std': 0.0016049594002408019} 
 

Saved Losses
{'MSE - mean': 602.5267465575092, 'MSE - std': 50.00954070306203, 'R2 - mean': 0.9285556904375597, 'R2 - std': 0.009758885937184658} 
 

Saved Losses
{'MSE - mean': 614.2531329651343, 'MSE - std': 47.83555200414455, 'R2 - mean': 0.9268685429946532, 'R2 - std': 0.008942387294987458} 
 

Saved Losses
{'MSE - mean': 624.9964731250859, 'MSE - std': 47.877650940733226, 'R2 - mean': 0.9247496175133298, 'R2 - std': 0.009051652512577394} 
 

Saving model.....
Results After CV: {'MSE - mean': 624.9964731250859, 'MSE - std': 47.877650940733226, 'R2 - mean': 0.9247496175133298, 'R2 - std': 0.009051652512577394}
Train time: 0.6548096556000005
Inference time: 0.025079691400003414
Finished cross validation
Hyperparam was saved!!! Hurrah!!!
Trial 20 finished with value: 624.9964731250859 and parameters: {'max_depth': 10, 'n_estimators': 60}. Best is trial 12 with value: 618.7468064439929.
Saved Losses
{'MSE - mean': 652.2171638124563, 'MSE - std': 0.0, 'R2 - mean': 0.9241660865975995, 'R2 - std': 0.0} 
 

Saved Losses
{'MSE - mean': 633.824740050534, 'MSE - std': 18.392423761922203, 'R2 - mean': 0.9218085653609299, 'R2 - std': 0.0023575212366695464} 
 

Saved Losses
{'MSE - mean': 596.7333693835467, 'MSE - std': 54.56244487255359, 'R2 - mean': 0.9291599331918242, 'R2 - std': 0.010573102141335462} 
 

Saved Losses
{'MSE - mean': 607.8685622291912, 'MSE - std': 51.036975341235795, 'R2 - mean': 0.9275672893480214, 'R2 - std': 0.009563075337355854} 
 

Saved Losses
{'MSE - mean': 619.1975526338089, 'MSE - std': 50.96275479148678, 'R2 - mean': 0.9253952604547562, 'R2 - std': 0.009593370939303304} 
 

Saving model.....
Results After CV: {'MSE - mean': 619.1975526338089, 'MSE - std': 50.96275479148678, 'R2 - mean': 0.9253952604547562, 'R2 - std': 0.009593370939303304}
Train time: 0.5563602818000006
Inference time: 0.025447702600001777
Finished cross validation
Hyperparam was saved!!! Hurrah!!!
Trial 21 finished with value: 619.1975526338089 and parameters: {'max_depth': 8, 'n_estimators': 62}. Best is trial 12 with value: 618.7468064439929.
Saved Losses
{'MSE - mean': 632.5669888703565, 'MSE - std': 0.0, 'R2 - mean': 0.9264508312311058, 'R2 - std': 0.0} 
 

Saved Losses
{'MSE - mean': 625.4349663326539, 'MSE - std': 7.132022537702596, 'R2 - mean': 0.9227630810749147, 'R2 - std': 0.0036877501561911608} 
 

Saved Losses
{'MSE - mean': 597.7049491880688, 'MSE - std': 39.64616247083065, 'R2 - mean': 0.9290910281421808, 'R2 - std': 0.009442042274594893} 
 

Saved Losses
{'MSE - mean': 606.7682189922627, 'MSE - std': 37.753042627429025, 'R2 - mean': 0.9277358290671149, 'R2 - std': 0.008507280137365101} 
 

Saved Losses
{'MSE - mean': 622.0853793235345, 'MSE - std': 45.592711967575745, 'R2 - mean': 0.9250577829282731, 'R2 - std': 0.0093052015967171} 
 

Saving model.....
Results After CV: {'MSE - mean': 622.0853793235345, 'MSE - std': 45.592711967575745, 'R2 - mean': 0.9250577829282731, 'R2 - std': 0.0093052015967171}
Train time: 0.45400628759999934
Inference time: 0.019012418799999865
Finished cross validation
Hyperparam was saved!!! Hurrah!!!
