Trial 178 finished with value: 11.21275530671952 and parameters: {'max_depth': 12, 'n_estimators': 60}. Best is trial 121 with value: 10.52889642030585.
Saved Losses
{'MSE - mean': 13.383440961524682, 'MSE - std': 0.0, 'R2 - mean': 0.820761374926792, 'R2 - std': 0.0} 
 

Saved Losses
{'MSE - mean': 12.242607611196277, 'MSE - std': 1.1408333503284043, 'R2 - mean': 0.841459918247454, 'R2 - std': 0.020698543320661955} 
 

Saved Losses
{'MSE - mean': 11.37012335889242, 'MSE - std': 1.5460028125839436, 'R2 - mean': 0.8606876360293052, 'R2 - std': 0.03201609063052374} 
 

Saved Losses
{'MSE - mean': 10.995504121925137, 'MSE - std': 1.4878213066447008, 'R2 - mean': 0.8628089051142197, 'R2 - std': 0.027969123905447504} 
 

Saved Losses
{'MSE - mean': 11.442557605662058, 'MSE - std': 1.603220839962488, 'R2 - mean': 0.8612565758562898, 'R2 - std': 0.025208260910477745} 
 

Saving model.....
Results After CV: {'MSE - mean': 11.442557605662058, 'MSE - std': 1.603220839962488, 'R2 - mean': 0.8612565758562898, 'R2 - std': 0.025208260910477745}
Train time: 0.46155406579998726
Inference time: 0.02296801699999378
Finished cross validation
Hyperparam was saved!!! Hurrah!!!
Trial 179 finished with value: 11.442557605662058 and parameters: {'max_depth': 11, 'n_estimators': 69}. Best is trial 121 with value: 10.52889642030585.
Saved Losses
{'MSE - mean': 12.486788309494877, 'MSE - std': 0.0, 'R2 - mean': 0.8327698553303069, 'R2 - std': 0.0} 
 

Saved Losses
{'MSE - mean': 12.01233152866714, 'MSE - std': 0.4744567808277367, 'R2 - mean': 0.8447568091272684, 'R2 - std': 0.01198695379696152} 
 

Saved Losses
{'MSE - mean': 11.444372136122652, 'MSE - std': 0.8917558902195628, 'R2 - mean': 0.8604989215917046, 'R2 - std': 0.02431911971898337} 
 

Saved Losses
{'MSE - mean': 11.037510675700933, 'MSE - std': 1.0454808318355002, 'R2 - mean': 0.8628486684364833, 'R2 - std': 0.021450608817311607} 
 

Saved Losses
{'MSE - mean': 11.503203085450252, 'MSE - std': 1.3198112811235059, 'R2 - mean': 0.8609921410208232, 'R2 - std': 0.019541997622736826} 
 

Saving model.....
Results After CV: {'MSE - mean': 11.503203085450252, 'MSE - std': 1.3198112811235059, 'R2 - mean': 0.8609921410208232, 'R2 - std': 0.019541997622736826}
Train time: 0.39919817719999173
Inference time: 0.0181314114000088
Finished cross validation
Hyperparam was saved!!! Hurrah!!!
Trial 180 finished with value: 11.503203085450252 and parameters: {'max_depth': 12, 'n_estimators': 55}. Best is trial 121 with value: 10.52889642030585.
Saved Losses
{'MSE - mean': 12.883264457176015, 'MSE - std': 0.0, 'R2 - mean': 0.8274600220976587, 'R2 - std': 0.0} 
 

Saved Losses
{'MSE - mean': 11.910802372537843, 'MSE - std': 0.9724620846381722, 'R2 - mean': 0.8458238539902152, 'R2 - std': 0.01836383189255647} 
 

Saved Losses
{'MSE - mean': 11.145842500812966, 'MSE - std': 1.3419322690575304, 'R2 - mean': 0.8636291726182601, 'R2 - std': 0.029306636746838092} 
 

Saved Losses
{'MSE - mean': 11.284741248657951, 'MSE - std': 1.1867877853736675, 'R2 - mean': 0.8589525783575934, 'R2 - std': 0.02664152435006379} 
 

Saved Losses
{'MSE - mean': 11.553145756860992, 'MSE - std': 1.1895108734705084, 'R2 - mean': 0.8594949834402421, 'R2 - std': 0.02385358398335073} 
 

Saving model.....
Results After CV: {'MSE - mean': 11.553145756860992, 'MSE - std': 1.1895108734705084, 'R2 - mean': 0.8594949834402421, 'R2 - std': 0.02385358398335073}
Train time: 0.4550302656000099
Inference time: 0.025577617599992664
Finished cross validation
Hyperparam was saved!!! Hurrah!!!
Trial 181 finished with value: 11.553145756860992 and parameters: {'max_depth': 10, 'n_estimators': 67}. Best is trial 121 with value: 10.52889642030585.
Saved Losses
{'MSE - mean': 13.588391820496241, 'MSE - std': 0.0, 'R2 - mean': 0.8180165568881992, 'R2 - std': 0.0} 
 

Saved Losses
{'MSE - mean': 12.850147029842315, 'MSE - std': 0.7382447906539253, 'R2 - mean': 0.8338165478812141, 'R2 - std': 0.01579999099301488} 
 

Saved Losses
{'MSE - mean': 11.693100430938626, 'MSE - std': 1.7438034803328508, 'R2 - mean': 0.8564518062127163, 'R2 - std': 0.03451284277464322} 
 

Saved Losses
{'MSE - mean': 11.231298518099841, 'MSE - std': 1.7089239168612516, 'R2 - mean': 0.8597173599000478, 'R2 - std': 0.030419463505212664} 
 

Saved Losses
{'MSE - mean': 11.612452761008436, 'MSE - std': 1.7080547387145464, 'R2 - mean': 0.8589886539990301, 'R2 - std': 0.027247000882972133} 
 

Saving model.....
Results After CV: {'MSE - mean': 11.612452761008436, 'MSE - std': 1.7080547387145464, 'R2 - mean': 0.8589886539990301, 'R2 - std': 0.027247000882972133}
Train time: 0.5078337529999999
Inference time: 0.023472507800011044
Finished cross validation
Hyperparam was saved!!! Hurrah!!!
Trial 182 finished with value: 11.612452761008436 and parameters: {'max_depth': 11, 'n_estimators': 73}. Best is trial 121 with value: 10.52889642030585.
Saved Losses
{'MSE - mean': 13.11642694693296, 'MSE - std': 0.0, 'R2 - mean': 0.8243373779134893, 'R2 - std': 0.0} 
 

Saved Losses
{'MSE - mean': 11.892587460921112, 'MSE - std': 1.2238394860118476, 'R2 - mean': 0.8459361841585171, 'R2 - std': 0.021598806245027802} 
 

Saved Losses
{'MSE - mean': 11.047118315625946, 'MSE - std': 1.5582548602972817, 'R2 - mean': 0.8646112951613034, 'R2 - std': 0.03175728519158424} 
 

Saved Losses
{'MSE - mean': 10.797275806781206, 'MSE - std': 1.4171741230023844, 'R2 - mean': 0.8651681872691217, 'R2 - std': 0.02751952504157661} 
 

Saved Losses
{'MSE - mean': 11.398883267586772, 'MSE - std': 1.747693378002485, 'R2 - mean': 0.8618850972863236, 'R2 - std': 0.02547497058196084} 
 

Saving model.....
Results After CV: {'MSE - mean': 11.398883267586772, 'MSE - std': 1.747693378002485, 'R2 - mean': 0.8618850972863236, 'R2 - std': 0.02547497058196084}
Train time: 0.4547669041999939
Inference time: 0.022065156600001502
Finished cross validation
Hyperparam was saved!!! Hurrah!!!
Trial 183 finished with value: 11.398883267586772 and parameters: {'max_depth': 12, 'n_estimators': 63}. Best is trial 121 with value: 10.52889642030585.
Saved Losses
{'MSE - mean': 13.55445415768672, 'MSE - std': 0.0, 'R2 - mean': 0.8184710692992947, 'R2 - std': 0.0} 
 

Saved Losses
{'MSE - mean': 12.239058068078073, 'MSE - std': 1.3153960896086474, 'R2 - mean': 0.8414205017981149, 'R2 - std': 0.0229494324988202} 
 

Saved Losses
{'MSE - mean': 11.4770392692056, 'MSE - std': 1.5214652635015709, 'R2 - mean': 0.8595162470200602, 'R2 - std': 0.03171797006357322} 
 

Saved Losses
{'MSE - mean': 11.004077435879092, 'MSE - std': 1.5515221875249303, 'R2 - mean': 0.8628794467332962, 'R2 - std': 0.02807945077184781} 
 

Saved Losses
{'MSE - mean': 11.250246404540471, 'MSE - std': 1.472471909149015, 'R2 - mean': 0.8634950599835503, 'R2 - std': 0.0251451856866171} 
 

Saving model.....
Results After CV: {'MSE - mean': 11.250246404540471, 'MSE - std': 1.472471909149015, 'R2 - mean': 0.8634950599835503, 'R2 - std': 0.0251451856866171}
Train time: 0.5372156114000063
Inference time: 0.02506985820000409
Finished cross validation
Hyperparam was saved!!! Hurrah!!!
Trial 184 finished with value: 11.250246404540471 and parameters: {'max_depth': 11, 'n_estimators': 77}. Best is trial 121 with value: 10.52889642030585.
Saved Losses
{'MSE - mean': 12.050460540877179, 'MSE - std': 0.0, 'R2 - mean': 0.8386134040524278, 'R2 - std': 0.0} 
 

Saved Losses
{'MSE - mean': 11.403006916657292, 'MSE - std': 0.647453624219887, 'R2 - mean': 0.8525353023526725, 'R2 - std': 0.01392189830024465} 
 

Saved Losses
{'MSE - mean': 10.850109912559324, 'MSE - std': 0.9438507957429818, 'R2 - mean': 0.8676550168045031, 'R2 - std': 0.024216200467139484} 
 

Saved Losses
{'MSE - mean': 10.427695499734176, 'MSE - std': 1.0970152924894607, 'R2 - mean': 0.8703907751336319, 'R2 - std': 0.0215004975455153} 
 

Saved Losses
{'MSE - mean': 10.928589309507917, 'MSE - std': 1.4022597748788186, 'R2 - mean': 0.8679763632998394, 'R2 - std': 0.019827623502991904} 
 

Saving model.....
Results After CV: {'MSE - mean': 10.928589309507917, 'MSE - std': 1.4022597748788186, 'R2 - mean': 0.8679763632998394, 'R2 - std': 0.019827623502991904}
Train time: 0.501734963399997
Inference time: 0.02208968020000839
Finished cross validation
Hyperparam was saved!!! Hurrah!!!
Trial 185 finished with value: 10.928589309507917 and parameters: {'max_depth': 12, 'n_estimators': 70}. Best is trial 121 with value: 10.52889642030585.
Saved Losses
{'MSE - mean': 12.007474968582988, 'MSE - std': 0.0, 'R2 - mean': 0.8391890911943329, 'R2 - std': 0.0} 
 

Saved Losses
{'MSE - mean': 11.257698872049119, 'MSE - std': 0.7497760965338696, 'R2 - mean': 0.8543604574655985, 'R2 - std': 0.015171366271265585} 
 

Saved Losses
{'MSE - mean': 10.752399722230768, 'MSE - std': 0.9409732151182661, 'R2 - mean': 0.8688805695231704, 'R2 - std': 0.023981538969663537} 
 

Saved Losses
{'MSE - mean': 10.556883265234646, 'MSE - std': 0.882469828689035, 'R2 - mean': 0.8686266330352603, 'R2 - std': 0.02077327874301008} 
 

Saved Losses
{'MSE - mean': 11.155303968959599, 'MSE - std': 1.4336777020738791, 'R2 - mean': 0.8652135022296094, 'R2 - std': 0.01979447234390889} 
 

Saving model.....
Results After CV: {'MSE - mean': 11.155303968959599, 'MSE - std': 1.4336777020738791, 'R2 - mean': 0.8652135022296094, 'R2 - std': 0.01979447234390889}
Train time: 0.4667819600000144
Inference time: 0.02257347159999199
Finished cross validation
Hyperparam was saved!!! Hurrah!!!
Trial 186 finished with value: 11.155303968959599 and parameters: {'max_depth': 12, 'n_estimators': 65}. Best is trial 121 with value: 10.52889642030585.
Saved Losses
{'MSE - mean': 13.954867437062505, 'MSE - std': 0.0, 'R2 - mean': 0.8131085077680191, 'R2 - std': 0.0} 
 

Saved Losses
{'MSE - mean': 12.747874452915957, 'MSE - std': 1.2069929841465488, 'R2 - mean': 0.8349074693640531, 'R2 - std': 0.021798961596034006} 
 

Saved Losses
{'MSE - mean': 11.74697582358651, 'MSE - std': 1.7247659285363313, 'R2 - mean': 0.8559001150235193, 'R2 - std': 0.03461471981702843} 
 

Saved Losses
{'MSE - mean': 11.317857680195376, 'MSE - std': 1.6683945199329229, 'R2 - mean': 0.8586919385449526, 'R2 - std': 0.03036473212022496} 
 

Saved Losses
{'MSE - mean': 11.904899510493204, 'MSE - std': 1.8987639825400786, 'R2 - mean': 0.8557230046645927, 'R2 - std': 0.02780057263673204} 
 

Saving model.....
Results After CV: {'MSE - mean': 11.904899510493204, 'MSE - std': 1.8987639825400786, 'R2 - mean': 0.8557230046645927, 'R2 - std': 0.02780057263673204}
Train time: 0.3720118393999883
Inference time: 0.019402740000009543
Finished cross validation
Hyperparam was saved!!! Hurrah!!!
Trial 187 finished with value: 11.904899510493204 and parameters: {'max_depth': 12, 'n_estimators': 51}. Best is trial 121 with value: 10.52889642030585.
Saved Losses
{'MSE - mean': 12.156486465566337, 'MSE - std': 0.0, 'R2 - mean': 0.8371934447894824, 'R2 - std': 0.0} 
 

Saved Losses
{'MSE - mean': 11.451125880037626, 'MSE - std': 0.7053605855287106, 'R2 - mean': 0.8518860874539771, 'R2 - std': 0.014692642664494604} 
 

Saved Losses
{'MSE - mean': 11.156365210103012, 'MSE - std': 0.7109548102086911, 'R2 - mean': 0.8643492610883978, 'R2 - std': 0.021320816738447494} 
 

Saved Losses
{'MSE - mean': 10.953726079594848, 'MSE - std': 0.7087174389405628, 'R2 - mean': 0.8639841254646081, 'R2 - std': 0.018475196666534518} 
 

Saved Losses
{'MSE - mean': 11.44624142096242, 'MSE - std': 1.1713708945233505, 'R2 - mean': 0.8617902261441717, 'R2 - std': 0.017097341618115613} 
 

Saving model.....
Results After CV: {'MSE - mean': 11.44624142096242, 'MSE - std': 1.1713708945233505, 'R2 - mean': 0.8617902261441717, 'R2 - std': 0.017097341618115613}
Train time: 0.4996040129999983
Inference time: 0.023100773200008008
Finished cross validation
Hyperparam was saved!!! Hurrah!!!
Trial 188 finished with value: 11.44624142096242 and parameters: {'max_depth': 12, 'n_estimators': 70}. Best is trial 121 with value: 10.52889642030585.
Saved Losses
{'MSE - mean': 12.797970837955054, 'MSE - std': 0.0, 'R2 - mean': 0.8286023225778292, 'R2 - std': 0.0} 
 

Saved Losses
{'MSE - mean': 12.01256427584364, 'MSE - std': 0.7854065621114144, 'R2 - mean': 0.8446020008162864, 'R2 - std': 0.01599967823845727} 
 

Saved Losses
{'MSE - mean': 11.408625521891075, 'MSE - std': 1.068047915087772, 'R2 - mean': 0.8607719118848531, 'R2 - std': 0.026336132032250922} 
 

Saved Losses
{'MSE - mean': 11.023748399455945, 'MSE - std': 1.140147341274074, 'R2 - mean': 0.8628804923652335, 'R2 - std': 0.023098316448214088} 
 

Saved Losses
{'MSE - mean': 11.645899409067395, 'MSE - std': 1.6087996403821272, 'R2 - mean': 0.8593336373708149, 'R2 - std': 0.021843683288291747} 
 

Saving model.....
Results After CV: {'MSE - mean': 11.645899409067395, 'MSE - std': 1.6087996403821272, 'R2 - mean': 0.8593336373708149, 'R2 - std': 0.021843683288291747}
Train time: 0.3870952003999946
Inference time: 0.022129305199996452
Finished cross validation
Hyperparam was saved!!! Hurrah!!!
Trial 189 finished with value: 11.645899409067395 and parameters: {'max_depth': 11, 'n_estimators': 59}. Best is trial 121 with value: 10.52889642030585.
Saved Losses
{'MSE - mean': 12.564655298075857, 'MSE - std': 0.0, 'R2 - mean': 0.8317270164959616, 'R2 - std': 0.0} 
 

Saved Losses
{'MSE - mean': 11.53916954399099, 'MSE - std': 1.025485754084868, 'R2 - mean': 0.8505936552437039, 'R2 - std': 0.018866638747742304} 
 

Saved Losses
{'MSE - mean': 10.767536617230633, 'MSE - std': 1.3754691691233385, 'R2 - mean': 0.8681770117768813, 'R2 - std': 0.029251476755385655} 
 

Saved Losses
{'MSE - mean': 10.494259057380066, 'MSE - std': 1.2817872095477767, 'R2 - mean': 0.869079367997468, 'R2 - std': 0.02538068969757609} 
 

Saved Losses
{'MSE - mean': 10.908962457904561, 'MSE - std': 1.415025936891103, 'R2 - mean': 0.8677256658626575, 'R2 - std': 0.022862055146002907} 
 

Saving model.....
Results After CV: {'MSE - mean': 10.908962457904561, 'MSE - std': 1.415025936891103, 'R2 - mean': 0.8677256658626575, 'R2 - std': 0.022862055146002907}
Train time: 0.5138629968000146
Inference time: 0.02494465739999896
Finished cross validation
Hyperparam was saved!!! Hurrah!!!
Trial 190 finished with value: 10.908962457904561 and parameters: {'max_depth': 12, 'n_estimators': 75}. Best is trial 121 with value: 10.52889642030585.
Saved Losses
{'MSE - mean': 12.686711494221965, 'MSE - std': 0.0, 'R2 - mean': 0.8300923707541238, 'R2 - std': 0.0} 
 

Saved Losses
{'MSE - mean': 11.733801101118312, 'MSE - std': 0.9529103931036538, 'R2 - mean': 0.8481174888489371, 'R2 - std': 0.018025118094813386} 
 

Saved Losses
{'MSE - mean': 11.240007175444129, 'MSE - std': 1.0454777346212345, 'R2 - mean': 0.8629350917583712, 'R2 - std': 0.025607146792474198} 
 

Saved Losses
{'MSE - mean': 10.914817167556066, 'MSE - std': 1.0663083015161587, 'R2 - mean': 0.8642705215943691, 'R2 - std': 0.022296739530234266} 
 

Saved Losses
{'MSE - mean': 11.235860358019169, 'MSE - std': 1.149732854047727, 'R2 - mean': 0.8639832004783905, 'R2 - std': 0.019951087404901965} 
 

Saving model.....
Results After CV: {'MSE - mean': 11.235860358019169, 'MSE - std': 1.149732854047727, 'R2 - mean': 0.8639832004783905, 'R2 - std': 0.019951087404901965}
Train time: 0.5200401204000059
Inference time: 0.023028109199992743
Finished cross validation
Hyperparam was saved!!! Hurrah!!!
Trial 191 finished with value: 11.235860358019169 and parameters: {'max_depth': 12, 'n_estimators': 75}. Best is trial 121 with value: 10.52889642030585.
Saved Losses
{'MSE - mean': 14.046475882414178, 'MSE - std': 0.0, 'R2 - mean': 0.8118816355580148, 'R2 - std': 0.0} 
 

Saved Losses
{'MSE - mean': 12.518784196788385, 'MSE - std': 1.5276916856257943, 'R2 - mean': 0.8377071703823896, 'R2 - std': 0.025825534824374774} 
 

Saved Losses
{'MSE - mean': 11.97046384566991, 'MSE - std': 1.4687426615265737, 'R2 - mean': 0.8538244249986398, 'R2 - std': 0.03105109700756802} 
 

Saved Losses
{'MSE - mean': 11.396225114376794, 'MSE - std': 1.6146684228944672, 'R2 - mean': 0.8583179676411312, 'R2 - std': 0.027994709240671142} 
 

Saved Losses
{'MSE - mean': 11.71099982094697, 'MSE - std': 1.5754541428741649, 'R2 - mean': 0.8582349981685639, 'R2 - std': 0.025039778994817165} 
 

Saving model.....
Results After CV: {'MSE - mean': 11.71099982094697, 'MSE - std': 1.5754541428741649, 'R2 - mean': 0.8582349981685639, 'R2 - std': 0.025039778994817165}
Train time: 0.4687549219999937
Inference time: 0.023966313000016726
Finished cross validation
Hyperparam was saved!!! Hurrah!!!
Trial 192 finished with value: 11.71099982094697 and parameters: {'max_depth': 12, 'n_estimators': 68}. Best is trial 121 with value: 10.52889642030585.
Saved Losses
{'MSE - mean': 12.452949675388894, 'MSE - std': 0.0, 'R2 - mean': 0.8332230414928901, 'R2 - std': 0.0} 
 

Saved Losses
{'MSE - mean': 11.542555140102296, 'MSE - std': 0.9103945352865974, 'R2 - mean': 0.850606153487784, 'R2 - std': 0.01738311199489395} 
 

Saved Losses
{'MSE - mean': 10.882139035113871, 'MSE - std': 1.1936684366729733, 'R2 - mean': 0.8670081361463229, 'R2 - std': 0.02719372094215937} 
 

Saved Losses
{'MSE - mean': 10.680874826065896, 'MSE - std': 1.0909422982280483, 'R2 - mean': 0.8668686286218393, 'R2 - std': 0.02355169274294717} 
 

Saved Losses
{'MSE - mean': 11.19362999780434, 'MSE - std': 1.4155548534156355, 'R2 - mean': 0.8644739434352957, 'R2 - std': 0.021602866787006722} 
 

Saving model.....
Results After CV: {'MSE - mean': 11.19362999780434, 'MSE - std': 1.4155548534156355, 'R2 - mean': 0.8644739434352957, 'R2 - std': 0.021602866787006722}
Train time: 0.5260506840000062
Inference time: 0.027159796800015103
Finished cross validation
Hyperparam was saved!!! Hurrah!!!
Trial 193 finished with value: 11.19362999780434 and parameters: {'max_depth': 11, 'n_estimators': 80}. Best is trial 121 with value: 10.52889642030585.
Saved Losses
{'MSE - mean': 11.28731543627966, 'MSE - std': 0.0, 'R2 - mean': 0.848833875728781, 'R2 - std': 0.0} 
 

Saved Losses
{'MSE - mean': 10.641814065091044, 'MSE - std': 0.6455013711886171, 'R2 - mean': 0.8623589691111164, 'R2 - std': 0.013525093382335374} 
 

Saved Losses
{'MSE - mean': 10.715273717167145, 'MSE - std': 0.5371908299389893, 'R2 - mean': 0.8702995794592425, 'R2 - std': 0.015749878922353622} 
 

Saved Losses
{'MSE - mean': 10.389199374496847, 'MSE - std': 0.7317130049900062, 'R2 - mean': 0.8715441586186495, 'R2 - std': 0.01380908926771386} 
 

Saved Losses
{'MSE - mean': 10.713559517036149, 'MSE - std': 0.9214994007646828, 'R2 - mean': 0.8709174756410725, 'R2 - std': 0.012414655989615301} 
 

Saving model.....
Results After CV: {'MSE - mean': 10.713559517036149, 'MSE - std': 0.9214994007646828, 'R2 - mean': 0.8709174756410725, 'R2 - std': 0.012414655989615301}
Train time: 0.427453667199984
Inference time: 0.020314692800002376
Finished cross validation
Hyperparam was saved!!! Hurrah!!!
Trial 194 finished with value: 10.713559517036149 and parameters: {'max_depth': 11, 'n_estimators': 63}. Best is trial 121 with value: 10.52889642030585.
Saved Losses
{'MSE - mean': 11.610407054931846, 'MSE - std': 0.0, 'R2 - mean': 0.8445068496921752, 'R2 - std': 0.0} 
 

Saved Losses
{'MSE - mean': 11.391290895671668, 'MSE - std': 0.21911615926017802, 'R2 - mean': 0.852895603424469, 'R2 - std': 0.008388753732293919} 
 

Saved Losses
{'MSE - mean': 10.614484601715356, 'MSE - std': 1.1130426605299393, 'R2 - mean': 0.8702823670449032, 'R2 - std': 0.025524757090057214} 
 

Saved Losses
{'MSE - mean': 10.379187322685127, 'MSE - std': 1.0465382944148598, 'R2 - mean': 0.8706621313301445, 'R2 - std': 0.022114872396576335} 
 

Saved Losses
{'MSE - mean': 10.735855584656061, 'MSE - std': 1.176878463449341, 'R2 - mean': 0.8698798326889472, 'R2 - std': 0.019841926054432298} 
 

Saving model.....
Results After CV: {'MSE - mean': 10.735855584656061, 'MSE - std': 1.176878463449341, 'R2 - mean': 0.8698798326889472, 'R2 - std': 0.019841926054432298}
Train time: 0.4353553747999854
Inference time: 0.021182048600007875
Finished cross validation
Hyperparam was saved!!! Hurrah!!!
Trial 195 finished with value: 10.735855584656061 and parameters: {'max_depth': 12, 'n_estimators': 62}. Best is trial 121 with value: 10.52889642030585.
Saved Losses
{'MSE - mean': 12.513892655213208, 'MSE - std': 0.0, 'R2 - mean': 0.8324068585737905, 'R2 - std': 0.0} 
 

Saved Losses
{'MSE - mean': 11.477872712278689, 'MSE - std': 1.0360199429345194, 'R2 - mean': 0.8513795094347765, 'R2 - std': 0.01897265086098593} 
 

Saved Losses
{'MSE - mean': 11.029566341478771, 'MSE - std': 1.0571260184914644, 'R2 - mean': 0.8655270449504887, 'R2 - std': 0.02530375155581857} 
 

Saved Losses
{'MSE - mean': 10.840096394852427, 'MSE - std': 0.9725395345447312, 'R2 - mean': 0.8651130454359068, 'R2 - std': 0.021925420609264605} 
 

Saved Losses
{'MSE - mean': 11.122265997470038, 'MSE - std': 1.036892113755094, 'R2 - mean': 0.8652468321270333, 'R2 - std': 0.01961251770246295} 
 

Saving model.....
Results After CV: {'MSE - mean': 11.122265997470038, 'MSE - std': 1.036892113755094, 'R2 - mean': 0.8652468321270333, 'R2 - std': 0.01961251770246295}
Train time: 0.41894895760000284
Inference time: 0.02226956480001263
Finished cross validation
Hyperparam was saved!!! Hurrah!!!
