Trial 52 finished with value: 11.282745800757946 and parameters: {'max_depth': 10, 'n_estimators': 54}. Best is trial 34 with value: 10.79015591385369.
Saved Losses
{'MSE - mean': 12.949226218537827, 'MSE - std': 0.0, 'R2 - mean': 0.8265766248123203, 'R2 - std': 0.0} 
 

Saved Losses
{'MSE - mean': 11.967075060149003, 'MSE - std': 0.9821511583888247, 'R2 - mean': 0.8450929602671307, 'R2 - std': 0.018516335454810295} 
 

Saved Losses
{'MSE - mean': 11.032860176353068, 'MSE - std': 1.5455081678296112, 'R2 - mean': 0.864718893646898, 'R2 - std': 0.03160576383885555} 
 

Saved Losses
{'MSE - mean': 10.910524012229235, 'MSE - std': 1.3551180884995344, 'R2 - mean': 0.8636063059457266, 'R2 - std': 0.02743914694476716} 
 

Saved Losses
{'MSE - mean': 11.693309118345244, 'MSE - std': 1.97992073489095, 'R2 - mean': 0.8584025158118177, 'R2 - std': 0.02665789104704816} 
 

Saving model.....
Results After CV: {'MSE - mean': 11.693309118345244, 'MSE - std': 1.97992073489095, 'R2 - mean': 0.8584025158118177, 'R2 - std': 0.02665789104704816}
Train time: 0.5039994780000001
Inference time: 0.02707638879999763
Finished cross validation
Hyperparam was saved!!! Hurrah!!!
Trial 53 finished with value: 11.693309118345244 and parameters: {'max_depth': 11, 'n_estimators': 74}. Best is trial 34 with value: 10.79015591385369.
Saved Losses
{'MSE - mean': 13.023963254339648, 'MSE - std': 0.0, 'R2 - mean': 0.8255757040791788, 'R2 - std': 0.0} 
 

Saved Losses
{'MSE - mean': 12.385624193579847, 'MSE - std': 0.6383390607598018, 'R2 - mean': 0.8398596958252452, 'R2 - std': 0.014283991746066427} 
 

Saved Losses
{'MSE - mean': 11.607706075870277, 'MSE - std': 1.217359588090579, 'R2 - mean': 0.8581303805476016, 'R2 - std': 0.02834885277952689} 
 

Saved Losses
{'MSE - mean': 11.125353032635541, 'MSE - std': 1.3451641721330845, 'R2 - mean': 0.8615315806588119, 'R2 - std': 0.02524772419498354} 
 

Saved Losses
{'MSE - mean': 11.513159119988389, 'MSE - std': 1.4314843923508516, 'R2 - mean': 0.860599296799559, 'R2 - std': 0.022659096945766812} 
 

Saving model.....
Results After CV: {'MSE - mean': 11.513159119988389, 'MSE - std': 1.4314843923508516, 'R2 - mean': 0.860599296799559, 'R2 - std': 0.022659096945766812}
Train time: 0.5818289544000038
Inference time: 0.028597302399998626
Finished cross validation
Hyperparam was saved!!! Hurrah!!!
Trial 54 finished with value: 11.513159119988389 and parameters: {'max_depth': 10, 'n_estimators': 89}. Best is trial 34 with value: 10.79015591385369.
Saved Losses
{'MSE - mean': 13.104223042763016, 'MSE - std': 0.0, 'R2 - mean': 0.824500819513466, 'R2 - std': 0.0} 
 

Saved Losses
{'MSE - mean': 11.867460747063275, 'MSE - std': 1.2367622956997408, 'R2 - mean': 0.8462541196724287, 'R2 - std': 0.021753300158962707} 
 

Saved Losses
{'MSE - mean': 11.379457898118645, 'MSE - std': 1.2231165978212442, 'R2 - mean': 0.8611653143193534, 'R2 - std': 0.027570965950934178} 
 

Saved Losses
{'MSE - mean': 11.115796010892442, 'MSE - std': 1.1535005120182695, 'R2 - mean': 0.8616657372607164, 'R2 - std': 0.023892883709619606} 
 

Saved Losses
{'MSE - mean': 11.611411423617218, 'MSE - std': 1.4307303359831753, 'R2 - mean': 0.8595464332069878, 'R2 - std': 0.021786732482355603} 
 

Saving model.....
Results After CV: {'MSE - mean': 11.611411423617218, 'MSE - std': 1.4307303359831753, 'R2 - mean': 0.8595464332069878, 'R2 - std': 0.021786732482355603}
Train time: 0.4306342991999969
Inference time: 0.02149103620000119
Finished cross validation
Hyperparam was saved!!! Hurrah!!!
Trial 55 finished with value: 11.611411423617218 and parameters: {'max_depth': 11, 'n_estimators': 61}. Best is trial 34 with value: 10.79015591385369.
Saved Losses
{'MSE - mean': 12.35789360240802, 'MSE - std': 0.0, 'R2 - mean': 0.8344960862857003, 'R2 - std': 0.0} 
 

Saved Losses
{'MSE - mean': 11.415592741445808, 'MSE - std': 0.9423008609622112, 'R2 - mean': 0.8522289465854336, 'R2 - std': 0.01773286029973331} 
 

Saved Losses
{'MSE - mean': 10.893400887391323, 'MSE - std': 1.0664532838315681, 'R2 - mean': 0.8670850764541701, 'R2 - std': 0.02551559155288064} 
 

Saved Losses
{'MSE - mean': 10.488973539344508, 'MSE - std': 1.1591705631575067, 'R2 - mean': 0.8695815082718334, 'R2 - std': 0.022516229139907105} 
 

Saved Losses
{'MSE - mean': 10.918543367337632, 'MSE - std': 1.3464999309620778, 'R2 - mean': 0.867976086878809, 'R2 - std': 0.02039347864248185} 
 

Saving model.....
Results After CV: {'MSE - mean': 10.918543367337632, 'MSE - std': 1.3464999309620778, 'R2 - mean': 0.867976086878809, 'R2 - std': 0.02039347864248185}
Train time: 0.6896513771999991
Inference time: 0.031946233599998666
Finished cross validation
Hyperparam was saved!!! Hurrah!!!
Trial 56 finished with value: 10.918543367337632 and parameters: {'max_depth': 12, 'n_estimators': 97}. Best is trial 34 with value: 10.79015591385369.
Saved Losses
{'MSE - mean': 12.132243042834315, 'MSE - std': 0.0, 'R2 - mean': 0.8375181264442263, 'R2 - std': 0.0} 
 

Saved Losses
{'MSE - mean': 11.322775216498734, 'MSE - std': 0.8094678263355801, 'R2 - mean': 0.8534915469398059, 'R2 - std': 0.01597342049557965} 
 

Saved Losses
{'MSE - mean': 10.93486068386981, 'MSE - std': 0.8589416804985851, 'R2 - mean': 0.866843984012605, 'R2 - std': 0.022949406523594194} 
 

Saved Losses
{'MSE - mean': 10.580016715631135, 'MSE - std': 0.9649240038777196, 'R2 - mean': 0.8686062037104275, 'R2 - std': 0.02010777709318142} 
 

Saved Losses
{'MSE - mean': 11.035777670676072, 'MSE - std': 1.2552827805643731, 'R2 - mean': 0.8667094114872501, 'R2 - std': 0.018380681234787862} 
 

Saving model.....
Results After CV: {'MSE - mean': 11.035777670676072, 'MSE - std': 1.2552827805643731, 'R2 - mean': 0.8667094114872501, 'R2 - std': 0.018380681234787862}
Train time: 0.6435809851999977
Inference time: 0.030248679000001742
Finished cross validation
Hyperparam was saved!!! Hurrah!!!
Trial 57 finished with value: 11.035777670676072 and parameters: {'max_depth': 12, 'n_estimators': 90}. Best is trial 34 with value: 10.79015591385369.
Saved Losses
{'MSE - mean': 13.007504195926717, 'MSE - std': 0.0, 'R2 - mean': 0.8257961331159575, 'R2 - std': 0.0} 
 

Saved Losses
{'MSE - mean': 11.968908087855961, 'MSE - std': 1.038596108070755, 'R2 - mean': 0.8450417499264665, 'R2 - std': 0.01924561681050907} 
 

Saved Losses
{'MSE - mean': 11.416430037405926, 'MSE - std': 1.1530764254482972, 'R2 - mean': 0.8606783317497362, 'R2 - std': 0.027128113827594353} 
 

Saved Losses
{'MSE - mean': 11.149454667121445, 'MSE - std': 1.1004619381010297, 'R2 - mean': 0.8612219169704258, 'R2 - std': 0.02351249400975242} 
 

Saved Losses
{'MSE - mean': 11.331290534926378, 'MSE - std': 1.0493189758356383, 'R2 - mean': 0.8625553094655677, 'R2 - std': 0.02119862358341499} 
 

Saving model.....
Results After CV: {'MSE - mean': 11.331290534926378, 'MSE - std': 1.0493189758356383, 'R2 - mean': 0.8625553094655677, 'R2 - std': 0.02119862358341499}
Train time: 0.5947908155999982
Inference time: 0.027968465599997216
Finished cross validation
Hyperparam was saved!!! Hurrah!!!
Trial 58 finished with value: 11.331290534926378 and parameters: {'max_depth': 9, 'n_estimators': 96}. Best is trial 34 with value: 10.79015591385369.
Saved Losses
{'MSE - mean': 19.831072914123556, 'MSE - std': 0.0, 'R2 - mean': 0.734411034271929, 'R2 - std': 0.0} 
 

Saved Losses
{'MSE - mean': 17.472708724459352, 'MSE - std': 2.358364189664205, 'R2 - mean': 0.7733743666319712, 'R2 - std': 0.03896333236004229} 
 

Saved Losses
{'MSE - mean': 16.22169625372976, 'MSE - std': 2.6149542069735965, 'R2 - mean': 0.8009958411219266, 'R2 - std': 0.050378426782349876} 
 

Saved Losses
{'MSE - mean': 15.858258054133085, 'MSE - std': 2.3504789093299476, 'R2 - mean': 0.8018176063894749, 'R2 - std': 0.043652208515300654} 
 

Saved Losses
{'MSE - mean': 16.081644458329528, 'MSE - std': 2.149280536571062, 'R2 - mean': 0.8042589702868777, 'R2 - std': 0.03934784971671001} 
 

Saving model.....
Results After CV: {'MSE - mean': 16.081644458329528, 'MSE - std': 2.149280536571062, 'R2 - mean': 0.8042589702868777, 'R2 - std': 0.03934784971671001}
Train time: 0.13204162280000845
Inference time: 0.011811995200000069
Finished cross validation
Hyperparam was saved!!! Hurrah!!!
Trial 59 finished with value: 16.081644458329528 and parameters: {'max_depth': 3, 'n_estimators': 33}. Best is trial 34 with value: 10.79015591385369.
Saved Losses
{'MSE - mean': 11.49563930175642, 'MSE - std': 0.0, 'R2 - mean': 0.846043884475759, 'R2 - std': 0.0} 
 

Saved Losses
{'MSE - mean': 11.220504149601016, 'MSE - std': 0.2751351521554044, 'R2 - mean': 0.8550721503460288, 'R2 - std': 0.009028265870269891} 
 

Saved Losses
{'MSE - mean': 10.680985653954636, 'MSE - std': 0.7953783055398556, 'R2 - mean': 0.8698435125816673, 'R2 - std': 0.022152336393160485} 
 

Saved Losses
{'MSE - mean': 10.208710428706603, 'MSE - std': 1.0693931231506177, 'R2 - mean': 0.8732532879345781, 'R2 - std': 0.020072972117470837} 
 

Saved Losses
{'MSE - mean': 10.706708559822587, 'MSE - std': 1.3809018342567019, 'R2 - mean': 0.8707779260077082, 'R2 - std': 0.018623883439793005} 
 

Saving model.....
Results After CV: {'MSE - mean': 10.706708559822587, 'MSE - std': 1.3809018342567019, 'R2 - mean': 0.8707779260077082, 'R2 - std': 0.018623883439793005}
Train time: 0.3644872718000016
Inference time: 0.020042830599999208
Finished cross validation
Hyperparam was saved!!! Hurrah!!!
Trial 60 finished with value: 10.706708559822587 and parameters: {'max_depth': 12, 'n_estimators': 50}. Best is trial 60 with value: 10.706708559822587.
Saved Losses
{'MSE - mean': 13.193417520151153, 'MSE - std': 0.0, 'R2 - mean': 0.8233062765303024, 'R2 - std': 0.0} 
 

Saved Losses
{'MSE - mean': 12.256527015057614, 'MSE - std': 0.9368905050935377, 'R2 - mean': 0.841379861473573, 'R2 - std': 0.01807358494327066} 
 

Saved Losses
{'MSE - mean': 11.557172342401927, 'MSE - std': 1.2503478697361134, 'R2 - mean': 0.8587715131302648, 'R2 - std': 0.028682899838809256} 
 

Saved Losses
{'MSE - mean': 11.098106751593905, 'MSE - std': 1.3434102115537845, 'R2 - mean': 0.8618712341536223, 'R2 - std': 0.02541370434707045} 
 

Saved Losses
{'MSE - mean': 11.574142311643172, 'MSE - std': 1.5330493191451036, 'R2 - mean': 0.8599641020163219, 'R2 - std': 0.0230485076928799} 
 

Saving model.....
Results After CV: {'MSE - mean': 11.574142311643172, 'MSE - std': 1.5330493191451036, 'R2 - mean': 0.8599641020163219, 'R2 - std': 0.0230485076928799}
Train time: 0.37047389380000195
Inference time: 0.02082727539999496
Finished cross validation
Hyperparam was saved!!! Hurrah!!!
Trial 61 finished with value: 11.574142311643172 and parameters: {'max_depth': 12, 'n_estimators': 51}. Best is trial 60 with value: 10.706708559822587.
Saved Losses
{'MSE - mean': 10.792258040665867, 'MSE - std': 0.0, 'R2 - mean': 0.8554639648947313, 'R2 - std': 0.0} 
 

Saved Losses
{'MSE - mean': 10.519396221169554, 'MSE - std': 0.2728618194963124, 'R2 - mean': 0.8641206158165218, 'R2 - std': 0.00865665092179041} 
 

Saved Losses
{'MSE - mean': 10.215424210264171, 'MSE - std': 0.48418352084061805, 'R2 - mean': 0.8758565022468415, 'R2 - std': 0.018039414182983205} 
 

Saved Losses
{'MSE - mean': 10.455428138982, 'MSE - std': 0.5904497597511513, 'R2 - mean': 0.8698658151417483, 'R2 - std': 0.018754475306504873} 
 

Saved Losses
{'MSE - mean': 11.131121328091272, 'MSE - std': 1.4509134633970335, 'R2 - mean': 0.8655805745066149, 'R2 - std': 0.01883712887947197} 
 

Saving model.....
Results After CV: {'MSE - mean': 11.131121328091272, 'MSE - std': 1.4509134633970335, 'R2 - mean': 0.8655805745066149, 'R2 - std': 0.01883712887947197}
Train time: 0.3281617221999994
Inference time: 0.015302302200004192
Finished cross validation
Hyperparam was saved!!! Hurrah!!!
Trial 62 finished with value: 11.131121328091272 and parameters: {'max_depth': 11, 'n_estimators': 46}. Best is trial 60 with value: 10.706708559822587.
Saved Losses
{'MSE - mean': 12.91194056467873, 'MSE - std': 0.0, 'R2 - mean': 0.8270759754166882, 'R2 - std': 0.0} 
 

Saved Losses
{'MSE - mean': 11.708482040807127, 'MSE - std': 1.2034585238716033, 'R2 - mean': 0.8483218984233366, 'R2 - std': 0.021245923006648404} 
 

Saved Losses
{'MSE - mean': 11.014794207831715, 'MSE - std': 1.3885053949081574, 'R2 - mean': 0.865254382816528, 'R2 - std': 0.02956931210541806} 
 

Saved Losses
{'MSE - mean': 10.486442772468633, 'MSE - std': 1.511100969994222, 'R2 - mean': 0.8694486319865244, 'R2 - std': 0.026618289616178674} 
 

Saved Losses
{'MSE - mean': 11.025947832042878, 'MSE - std': 1.7294518641577805, 'R2 - mean': 0.8666709105769946, 'R2 - std': 0.02444769147769276} 
 

Saving model.....
Results After CV: {'MSE - mean': 11.025947832042878, 'MSE - std': 1.7294518641577805, 'R2 - mean': 0.8666709105769946, 'R2 - std': 0.02444769147769276}
Train time: 0.49018705079999736
Inference time: 0.02385607800000287
Finished cross validation
Hyperparam was saved!!! Hurrah!!!
Trial 63 finished with value: 11.025947832042878 and parameters: {'max_depth': 11, 'n_estimators': 70}. Best is trial 60 with value: 10.706708559822587.
Saved Losses
{'MSE - mean': 12.15001647275459, 'MSE - std': 0.0, 'R2 - mean': 0.8372800945994336, 'R2 - std': 0.0} 
 

Saved Losses
{'MSE - mean': 11.542089939169355, 'MSE - std': 0.6079265335852346, 'R2 - mean': 0.8507598206856737, 'R2 - std': 0.01347972608624004} 
 

Saved Losses
{'MSE - mean': 11.683607459935649, 'MSE - std': 0.5351985901130373, 'R2 - mean': 0.858709165702766, 'R2 - std': 0.015732752968724697} 
 

Saved Losses
{'MSE - mean': 11.225600309612274, 'MSE - std': 0.9187708078657343, 'R2 - mean': 0.8613915403526291, 'R2 - std': 0.014395313065990258} 
 

Saved Losses
{'MSE - mean': 11.525761246037423, 'MSE - std': 1.0176925807587938, 'R2 - mean': 0.861227824644325, 'R2 - std': 0.012879722122269486} 
 

Saving model.....
Results After CV: {'MSE - mean': 11.525761246037423, 'MSE - std': 1.0176925807587938, 'R2 - mean': 0.861227824644325, 'R2 - std': 0.012879722122269486}
Train time: 0.4809206837999966
Inference time: 0.023623683800008167
Finished cross validation
Hyperparam was saved!!! Hurrah!!!
Trial 64 finished with value: 11.525761246037423 and parameters: {'max_depth': 11, 'n_estimators': 69}. Best is trial 60 with value: 10.706708559822587.
Saved Losses
{'MSE - mean': 13.18681661966913, 'MSE - std': 0.0, 'R2 - mean': 0.8233946795299528, 'R2 - std': 0.0} 
 

Saved Losses
{'MSE - mean': 11.774377470139715, 'MSE - std': 1.4124391495294155, 'R2 - mean': 0.8473695356821738, 'R2 - std': 0.023974856152221002} 
 

Saved Losses
{'MSE - mean': 11.41493701816326, 'MSE - std': 1.2603112490371817, 'R2 - mean': 0.8608869108898607, 'R2 - std': 0.02736118936298703} 
 

Saved Losses
{'MSE - mean': 10.618172764165617, 'MSE - std': 1.7594851981993225, 'R2 - mean': 0.8684045019492177, 'R2 - std': 0.02703735450307774} 
 

Saved Losses
{'MSE - mean': 10.833826592804561, 'MSE - std': 1.6317649418260425, 'R2 - mean': 0.8690949931102419, 'R2 - std': 0.024222343879028062} 
 

Saving model.....
Results After CV: {'MSE - mean': 10.833826592804561, 'MSE - std': 1.6317649418260425, 'R2 - mean': 0.8690949931102419, 'R2 - std': 0.024222343879028062}
Train time: 0.38723236319999615
Inference time: 0.02243898739999963
Finished cross validation
Hyperparam was saved!!! Hurrah!!!
Trial 65 finished with value: 10.833826592804561 and parameters: {'max_depth': 10, 'n_estimators': 57}. Best is trial 60 with value: 10.706708559822587.
Saved Losses
{'MSE - mean': 13.716282408710564, 'MSE - std': 0.0, 'R2 - mean': 0.8163037736617301, 'R2 - std': 0.0} 
 

Saved Losses
{'MSE - mean': 13.097459394700603, 'MSE - std': 0.6188230140099611, 'R2 - mean': 0.83068343918329, 'R2 - std': 0.014379665521559948} 
 

Saved Losses
{'MSE - mean': 12.290392181114877, 'MSE - std': 1.248202543500976, 'R2 - mean': 0.8498319987539286, 'R2 - std': 0.02951583508788489} 
 

Saved Losses
{'MSE - mean': 11.932152896152605, 'MSE - std': 1.246400155677368, 'R2 - mean': 0.8514010539776642, 'R2 - std': 0.025705528463480534} 
 

Saved Losses
{'MSE - mean': 12.312882722219825, 'MSE - std': 1.3500486955242617, 'R2 - mean': 0.8508045849965157, 'R2 - std': 0.023022650930145633} 
 

Saving model.....
Results After CV: {'MSE - mean': 12.312882722219825, 'MSE - std': 1.3500486955242617, 'R2 - mean': 0.8508045849965157, 'R2 - std': 0.023022650930145633}
Train time: 0.186084277599997
Inference time: 0.013745831999995062
Finished cross validation
Hyperparam was saved!!! Hurrah!!!
Trial 66 finished with value: 12.312882722219825 and parameters: {'max_depth': 5, 'n_estimators': 38}. Best is trial 60 with value: 10.706708559822587.
Saved Losses
{'MSE - mean': 12.853093650359305, 'MSE - std': 0.0, 'R2 - mean': 0.8278640866388125, 'R2 - std': 0.0} 
 

Saved Losses
{'MSE - mean': 11.736103342484412, 'MSE - std': 1.116990307874894, 'R2 - mean': 0.8480076764985022, 'R2 - std': 0.02014358985968967} 
 

Saved Losses
{'MSE - mean': 11.021022195509182, 'MSE - std': 1.361785712013134, 'R2 - mean': 0.8651725944457983, 'R2 - std': 0.0293219762504465} 
 

Saved Losses
{'MSE - mean': 10.789599590663377, 'MSE - std': 1.245598053219092, 'R2 - mean': 0.8654315076937781, 'R2 - std': 0.02539753583782784} 
 

Saved Losses
{'MSE - mean': 11.24975609957641, 'MSE - std': 1.4450562822695452, 'R2 - mean': 0.8636622715625656, 'R2 - std': 0.022990185890047782} 
 

Saving model.....
Results After CV: {'MSE - mean': 11.24975609957641, 'MSE - std': 1.4450562822695452, 'R2 - mean': 0.8636622715625656, 'R2 - std': 0.022990185890047782}
Train time: 0.35088925879998667
Inference time: 0.021997519200004943
Finished cross validation
Hyperparam was saved!!! Hurrah!!!
Trial 67 finished with value: 11.24975609957641 and parameters: {'max_depth': 8, 'n_estimators': 58}. Best is trial 60 with value: 10.706708559822587.
Saved Losses
{'MSE - mean': 17.07606263531062, 'MSE - std': 0.0, 'R2 - mean': 0.7713076930502354, 'R2 - std': 0.0} 
 

Saved Losses
{'MSE - mean': 14.471540592407585, 'MSE - std': 2.604522042903035, 'R2 - mean': 0.8119823749645196, 'R2 - std': 0.040674681914284305} 
 

Saved Losses
{'MSE - mean': 13.282254545792787, 'MSE - std': 2.711302143987372, 'R2 - mean': 0.836570268061967, 'R2 - std': 0.04808411525471254} 
 

Saved Losses
{'MSE - mean': 12.558384787294052, 'MSE - std': 2.6618286512846643, 'R2 - mean': 0.8430141490698875, 'R2 - std': 0.043111859298852695} 
 

Saved Losses
{'MSE - mean': 13.271212183193644, 'MSE - std': 2.7750237837575207, 'R2 - mean': 0.8390845249327826, 'R2 - std': 0.03935319190610748} 
 

Saving model.....
Results After CV: {'MSE - mean': 13.271212183193644, 'MSE - std': 2.7750237837575207, 'R2 - mean': 0.8390845249327826, 'R2 - std': 0.03935319190610748}
Train time: 0.1135102340000003
Inference time: 0.010869759600001316
Finished cross validation
Hyperparam was saved!!! Hurrah!!!
Trial 68 finished with value: 13.271212183193644 and parameters: {'max_depth': 4, 'n_estimators': 25}. Best is trial 60 with value: 10.706708559822587.
Saved Losses
{'MSE - mean': 12.420828227080678, 'MSE - std': 0.0, 'R2 - mean': 0.8336532301302276, 'R2 - std': 0.0} 
 

Saved Losses
{'MSE - mean': 11.886964106618542, 'MSE - std': 0.5338641204621348, 'R2 - mean': 0.8463455941359213, 'R2 - std': 0.012692364005693568} 
 

Saved Losses
{'MSE - mean': 11.655069581403154, 'MSE - std': 0.5454882287708992, 'R2 - mean': 0.8584745512450844, 'R2 - std': 0.020040474141443304} 
 

Saved Losses
{'MSE - mean': 11.165300294468004, 'MSE - std': 0.9709736963845144, 'R2 - mean': 0.8617310697610638, 'R2 - std': 0.018249114811276293} 
 

Saved Losses
{'MSE - mean': 11.484521510572312, 'MSE - std': 1.0778871343980976, 'R2 - mean': 0.8614227550404919, 'R2 - std': 0.016334147819332366} 
 

Saving model.....
Results After CV: {'MSE - mean': 11.484521510572312, 'MSE - std': 1.0778871343980976, 'R2 - mean': 0.8614227550404919, 'R2 - std': 0.016334147819332366}
Train time: 0.36474090079999544
Inference time: 0.019954557199991996
Finished cross validation
Hyperparam was saved!!! Hurrah!!!
Trial 69 finished with value: 11.484521510572312 and parameters: {'max_depth': 10, 'n_estimators': 53}. Best is trial 60 with value: 10.706708559822587.
Saved Losses
{'MSE - mean': 13.324482763732576, 'MSE - std': 0.0, 'R2 - mean': 0.8215509765202411, 'R2 - std': 0.0} 
 

Saved Losses
{'MSE - mean': 12.085028114603437, 'MSE - std': 1.2394546491291383, 'R2 - mean': 0.8434452356118322, 'R2 - std': 0.02189425909159104} 
 

Saved Losses
{'MSE - mean': 11.354247500736212, 'MSE - std': 1.4464597572603053, 'R2 - mean': 0.861076740660521, 'R2 - std': 0.030680813679078846} 
 

Saved Losses
{'MSE - mean': 10.741234095997978, 'MSE - std': 1.6421146961148718, 'R2 - mean': 0.8663127318604296, 'R2 - std': 0.02807545293569323} 
 

Saved Losses
{'MSE - mean': 10.967082480700316, 'MSE - std': 1.5366400071740203, 'R2 - mean': 0.8670402429418512, 'R2 - std': 0.025153567053796285} 
 

Saving model.....
Results After CV: {'MSE - mean': 10.967082480700316, 'MSE - std': 1.5366400071740203, 'R2 - mean': 0.8670402429418512, 'R2 - std': 0.025153567053796285}
Train time: 0.5343178967999961
Inference time: 0.023955405200001677
Finished cross validation
Hyperparam was saved!!! Hurrah!!!
