Trial 58 finished with value: 614.4728150088498 and parameters: {'max_depth': 10, 'n_estimators': 81}. Best is trial 52 with value: 613.3536479297993.
Saved Losses
{'MSE - mean': 652.6995007948199, 'MSE - std': 0.0, 'R2 - mean': 0.9241100048153638, 'R2 - std': 0.0} 
 

Saved Losses
{'MSE - mean': 624.5960447101377, 'MSE - std': 28.103456084682193, 'R2 - mean': 0.9230199583177436, 'R2 - std': 0.0010900464976200674} 
 

Saved Losses
{'MSE - mean': 596.3485826756989, 'MSE - std': 46.06923469493016, 'R2 - mean': 0.9293479100938055, 'R2 - std': 0.00899322420519887} 
 

Saved Losses
{'MSE - mean': 609.6260841230655, 'MSE - std': 46.05059090920421, 'R2 - mean': 0.9274619162062279, 'R2 - std': 0.008445678186840312} 
 

Saved Losses
{'MSE - mean': 614.163657557211, 'MSE - std': 42.17681625194765, 'R2 - mean': 0.9261181670544911, 'R2 - std': 0.008017869490064639} 
 

Saving model.....
Results After CV: {'MSE - mean': 614.163657557211, 'MSE - std': 42.17681625194765, 'R2 - mean': 0.9261181670544911, 'R2 - std': 0.008017869490064639}
Train time: 1.0139747040000031
Inference time: 0.0386306616000013
Finished cross validation
Hyperparam was saved!!! Hurrah!!!
Trial 59 finished with value: 614.163657557211 and parameters: {'max_depth': 10, 'n_estimators': 100}. Best is trial 52 with value: 613.3536479297993.
Saved Losses
{'MSE - mean': 671.0735123806592, 'MSE - std': 0.0, 'R2 - mean': 0.9219736409157839, 'R2 - std': 0.0} 
 

Saved Losses
{'MSE - mean': 640.0353604318468, 'MSE - std': 31.0381519488123, 'R2 - mean': 0.9211334621143042, 'R2 - std': 0.0008401788014796852} 
 

Saved Losses
{'MSE - mean': 598.6971193471093, 'MSE - std': 63.717697198069, 'R2 - mean': 0.9289437021557685, 'R2 - std': 0.011066629987920943} 
 

Saved Losses
{'MSE - mean': 613.1712158795021, 'MSE - std': 60.60905141524401, 'R2 - mean': 0.9269439958136858, 'R2 - std': 0.01019064280753968} 
 

Saved Losses
{'MSE - mean': 623.33459628527, 'MSE - std': 57.8959661449218, 'R2 - mean': 0.9249097966947278, 'R2 - std': 0.009981544213545556} 
 

Saving model.....
Results After CV: {'MSE - mean': 623.33459628527, 'MSE - std': 57.8959661449218, 'R2 - mean': 0.9249097966947278, 'R2 - std': 0.009981544213545556}
Train time: 0.816825635999993
Inference time: 0.0375830118000124
Finished cross validation
Hyperparam was saved!!! Hurrah!!!
Trial 60 finished with value: 623.33459628527 and parameters: {'max_depth': 7, 'n_estimators': 100}. Best is trial 52 with value: 613.3536479297993.
Saved Losses
{'MSE - mean': 655.5552635416942, 'MSE - std': 0.0, 'R2 - mean': 0.923777962549597, 'R2 - std': 0.0} 
 

Saved Losses
{'MSE - mean': 634.9537415035809, 'MSE - std': 20.601522038113274, 'R2 - mean': 0.9216851859035134, 'R2 - std': 0.0020927766460835384} 
 

Saved Losses
{'MSE - mean': 603.9856156192577, 'MSE - std': 46.91479633440988, 'R2 - mean': 0.9283794340090058, 'R2 - std': 0.009620068855750097} 
 

Saved Losses
{'MSE - mean': 609.6917369870247, 'MSE - std': 41.81420870368623, 'R2 - mean': 0.9274172895226356, 'R2 - std': 0.00849626150903958} 
 

Saved Losses
{'MSE - mean': 616.2525910372525, 'MSE - std': 39.63485414487994, 'R2 - mean': 0.9258272135592737, 'R2 - std': 0.00823787193278908} 
 

Saving model.....
Results After CV: {'MSE - mean': 616.2525910372525, 'MSE - std': 39.63485414487994, 'R2 - mean': 0.9258272135592737, 'R2 - std': 0.00823787193278908}
Train time: 0.876202380399991
Inference time: 0.03153647599999658
Finished cross validation
Hyperparam was saved!!! Hurrah!!!
Trial 61 finished with value: 616.2525910372525 and parameters: {'max_depth': 10, 'n_estimators': 82}. Best is trial 52 with value: 613.3536479297993.
Saved Losses
{'MSE - mean': 648.3697651332574, 'MSE - std': 0.0, 'R2 - mean': 0.9246134273215961, 'R2 - std': 0.0} 
 

Saved Losses
{'MSE - mean': 630.2864697992005, 'MSE - std': 18.083295334056857, 'R2 - mean': 0.9222435538446542, 'R2 - std': 0.0023698734769419527} 
 

Saved Losses
{'MSE - mean': 595.7305007614356, 'MSE - std': 51.051285054381935, 'R2 - mean': 0.9293042535088887, 'R2 - std': 0.010171094321401812} 
 

Saved Losses
{'MSE - mean': 606.7009447841127, 'MSE - std': 48.12200333986422, 'R2 - mean': 0.9277255524901686, 'R2 - std': 0.00922308302525044} 
 

Saved Losses
{'MSE - mean': 614.7988000177311, 'MSE - std': 45.98785493901716, 'R2 - mean': 0.9259561455251438, 'R2 - std': 0.008976380808769373} 
 

Saving model.....
Results After CV: {'MSE - mean': 614.7988000177311, 'MSE - std': 45.98785493901716, 'R2 - mean': 0.9259561455251438, 'R2 - std': 0.008976380808769373}
Train time: 0.9671248985999966
Inference time: 0.03636182879999979
Finished cross validation
Hyperparam was saved!!! Hurrah!!!
Trial 62 finished with value: 614.7988000177311 and parameters: {'max_depth': 12, 'n_estimators': 89}. Best is trial 52 with value: 613.3536479297993.
Saved Losses
{'MSE - mean': 658.0250305978648, 'MSE - std': 0.0, 'R2 - mean': 0.923490800371946, 'R2 - std': 0.0} 
 

Saved Losses
{'MSE - mean': 632.0296224250731, 'MSE - std': 25.995408172791713, 'R2 - mean': 0.9220859430117229, 'R2 - std': 0.0014048573602231107} 
 

Saved Losses
{'MSE - mean': 599.2102707992273, 'MSE - std': 51.03652789583001, 'R2 - mean': 0.9289501937705862, 'R2 - std': 0.009775051223880846} 
 

Saved Losses
{'MSE - mean': 613.460828515771, 'MSE - std': 50.62391302975312, 'R2 - mean': 0.9269603329230522, 'R2 - std': 0.009140150895896947} 
 

Saved Losses
{'MSE - mean': 622.0571650228948, 'MSE - std': 48.43358815667121, 'R2 - mean': 0.9251120258576074, 'R2 - std': 0.008972114731349888} 
 

Saving model.....
Results After CV: {'MSE - mean': 622.0571650228948, 'MSE - std': 48.43358815667121, 'R2 - mean': 0.9251120258576074, 'R2 - std': 0.008972114731349888}
Train time: 0.7083191600000021
Inference time: 0.032674233599999526
Finished cross validation
Hyperparam was saved!!! Hurrah!!!
Trial 63 finished with value: 622.0571650228948 and parameters: {'max_depth': 8, 'n_estimators': 88}. Best is trial 52 with value: 613.3536479297993.
Saved Losses
{'MSE - mean': 682.8006600230001, 'MSE - std': 0.0, 'R2 - mean': 0.920610114243827, 'R2 - std': 0.0} 
 

Saved Losses
{'MSE - mean': 679.1265110030582, 'MSE - std': 3.674149019941865, 'R2 - mean': 0.9161028101310132, 'R2 - std': 0.004507304112813748} 
 

Saved Losses
{'MSE - mean': 633.7547885559201, 'MSE - std': 64.23539504292609, 'R2 - mean': 0.9246234018371932, 'R2 - std': 0.01259939785427996} 
 

Saved Losses
{'MSE - mean': 648.0244833447579, 'MSE - std': 60.872917215625016, 'R2 - mean': 0.9226731282076797, 'R2 - std': 0.011422316814366206} 
 

Saved Losses
{'MSE - mean': 656.5942125588675, 'MSE - std': 57.08038783579637, 'R2 - mean': 0.9208191270412474, 'R2 - std': 0.010868520526121748} 
 

Saving model.....
Results After CV: {'MSE - mean': 656.5942125588675, 'MSE - std': 57.08038783579637, 'R2 - mean': 0.9208191270412474, 'R2 - std': 0.010868520526121748}
Train time: 0.12127048119999699
Inference time: 0.0098100517999967
Finished cross validation
Hyperparam was saved!!! Hurrah!!!
Trial 64 finished with value: 656.5942125588675 and parameters: {'max_depth': 10, 'n_estimators': 9}. Best is trial 52 with value: 613.3536479297993.
Saved Losses
{'MSE - mean': 649.1293636651409, 'MSE - std': 0.0, 'R2 - mean': 0.9245251080738309, 'R2 - std': 0.0} 
 

Saved Losses
{'MSE - mean': 630.9287468774353, 'MSE - std': 18.200616787705655, 'R2 - mean': 0.9221650406238591, 'R2 - std': 0.0023600674499719143} 
 

Saved Losses
{'MSE - mean': 595.7179615815246, 'MSE - std': 51.965762157514625, 'R2 - mean': 0.9292992580915959, 'R2 - std': 0.010271679349853168} 
 

Saved Losses
{'MSE - mean': 610.6640547764249, 'MSE - std': 51.91808387094491, 'R2 - mean': 0.9272435075417637, 'R2 - std': 0.009581694968483191} 
 

Saved Losses
{'MSE - mean': 616.7179889103148, 'MSE - std': 47.989482392023035, 'R2 - mean': 0.9257273525387839, 'R2 - std': 0.009090764915423048} 
 

Saving model.....
Results After CV: {'MSE - mean': 616.7179889103148, 'MSE - std': 47.989482392023035, 'R2 - mean': 0.9257273525387839, 'R2 - std': 0.009090764915423048}
Train time: 1.042741877200001
Inference time: 0.03362307680000072
Finished cross validation
Hyperparam was saved!!! Hurrah!!!
Trial 65 finished with value: 616.7179889103148 and parameters: {'max_depth': 12, 'n_estimators': 78}. Best is trial 52 with value: 613.3536479297993.
Saved Losses
{'MSE - mean': 656.7522510455535, 'MSE - std': 0.0, 'R2 - mean': 0.9236387876677511, 'R2 - std': 0.0} 
 

Saved Losses
{'MSE - mean': 633.8617341007059, 'MSE - std': 22.890516944847548, 'R2 - mean': 0.9218368544794135, 'R2 - std': 0.00180193318833749} 
 

Saved Losses
{'MSE - mean': 607.971297908464, 'MSE - std': 41.108959483110404, 'R2 - mean': 0.9279741575256492, 'R2 - std': 0.008803273226826008} 
 

Saved Losses
{'MSE - mean': 618.1172420842765, 'MSE - std': 39.70239869320397, 'R2 - mean': 0.9264587979823321, 'R2 - std': 0.008063011736701091} 
 

Saved Losses
{'MSE - mean': 617.9706863533953, 'MSE - std': 35.512114607895654, 'R2 - mean': 0.9256899371495969, 'R2 - std': 0.007373894122741426} 
 

Saving model.....
Results After CV: {'MSE - mean': 617.9706863533953, 'MSE - std': 35.512114607895654, 'R2 - mean': 0.9256899371495969, 'R2 - std': 0.007373894122741426}
Train time: 1.213374616799996
Inference time: 0.0367613600000027
Finished cross validation
Hyperparam was saved!!! Hurrah!!!
Trial 66 finished with value: 617.9706863533953 and parameters: {'max_depth': 12, 'n_estimators': 91}. Best is trial 52 with value: 613.3536479297993.
Saved Losses
{'MSE - mean': 656.2482482100169, 'MSE - std': 0.0, 'R2 - mean': 0.923697388559456, 'R2 - std': 0.0} 
 

Saved Losses
{'MSE - mean': 634.2647942872145, 'MSE - std': 21.983453922802425, 'R2 - mean': 0.9217804192125609, 'R2 - std': 0.0019169693468950588} 
 

Saved Losses
{'MSE - mean': 602.9838813619699, 'MSE - std': 47.74067997481232, 'R2 - mean': 0.9285011964997407, 'R2 - std': 0.009632629046061733} 
 

Saved Losses
{'MSE - mean': 610.6971990093466, 'MSE - std': 43.449570777294, 'R2 - mean': 0.9272970937747587, 'R2 - std': 0.008598851485588142} 
 

Saved Losses
{'MSE - mean': 615.7890384099256, 'MSE - std': 40.17461231312656, 'R2 - mean': 0.9258899835465184, 'R2 - std': 0.00818975178345683} 
 

Saving model.....
Results After CV: {'MSE - mean': 615.7890384099256, 'MSE - std': 40.17461231312656, 'R2 - mean': 0.9258899835465184, 'R2 - std': 0.00818975178345683}
Train time: 0.9898156174000065
Inference time: 0.031468248599998104
Finished cross validation
Hyperparam was saved!!! Hurrah!!!
Trial 67 finished with value: 615.7890384099256 and parameters: {'max_depth': 11, 'n_estimators': 80}. Best is trial 52 with value: 613.3536479297993.
Saved Losses
{'MSE - mean': 831.7908567952229, 'MSE - std': 0.0, 'R2 - mean': 0.9032868815742245, 'R2 - std': 0.0} 
 

Saved Losses
{'MSE - mean': 752.9906285593584, 'MSE - std': 78.80022823586461, 'R2 - mean': 0.9075237777712061, 'R2 - std': 0.004236896196981532} 
 

Saved Losses
{'MSE - mean': 701.718017483771, 'MSE - std': 96.940249327613, 'R2 - mean': 0.9168929154785813, 'R2 - std': 0.013694123156139552} 
 

Saved Losses
{'MSE - mean': 715.0132409879267, 'MSE - std': 87.05370674963352, 'R2 - mean': 0.9149468657296895, 'R2 - std': 0.012329155917463438} 
 

Saved Losses
{'MSE - mean': 733.3768777089134, 'MSE - std': 86.09048089982099, 'R2 - mean': 0.9117311791944367, 'R2 - std': 0.012765932323247135} 
 

Saving model.....
Results After CV: {'MSE - mean': 733.3768777089134, 'MSE - std': 86.09048089982099, 'R2 - mean': 0.9117311791944367, 'R2 - std': 0.012765932323247135}
Train time: 0.46640131880000124
Inference time: 0.03446116700000061
Finished cross validation
Hyperparam was saved!!! Hurrah!!!
Trial 68 finished with value: 733.3768777089134 and parameters: {'max_depth': 4, 'n_estimators': 92}. Best is trial 52 with value: 613.3536479297993.
Saved Losses
{'MSE - mean': 661.9263380251485, 'MSE - std': 0.0, 'R2 - mean': 0.9230371916262524, 'R2 - std': 0.0} 
 

Saved Losses
{'MSE - mean': 633.3770071689821, 'MSE - std': 28.549330856166364, 'R2 - mean': 0.9219380956327454, 'R2 - std': 0.0010990959935069933} 
 

Saved Losses
{'MSE - mean': 596.282763273426, 'MSE - std': 57.405069943829055, 'R2 - mean': 0.9292626286094694, 'R2 - std': 0.010397254829498421} 
 

Saved Losses
{'MSE - mean': 611.1185920084959, 'MSE - std': 55.962594509287136, 'R2 - mean': 0.9272123106805974, 'R2 - std': 0.009679286741310437} 
 

Saved Losses
{'MSE - mean': 620.8501302025408, 'MSE - std': 53.70531565736611, 'R2 - mean': 0.9252300343285171, 'R2 - std': 0.009522003549698696} 
 

Saving model.....
Results After CV: {'MSE - mean': 620.8501302025408, 'MSE - std': 53.70531565736611, 'R2 - mean': 0.9252300343285171, 'R2 - std': 0.009522003549698696}
Train time: 0.9297534280000093
Inference time: 0.03849758039999074
Finished cross validation
Hyperparam was saved!!! Hurrah!!!
Trial 69 finished with value: 620.8501302025408 and parameters: {'max_depth': 8, 'n_estimators': 100}. Best is trial 52 with value: 613.3536479297993.
Saved Losses
{'MSE - mean': 1096.2064458458099, 'MSE - std': 0.0, 'R2 - mean': 0.87254302815415, 'R2 - std': 0.0} 
 

Saved Losses
{'MSE - mean': 921.0633867337438, 'MSE - std': 175.14305911206617, 'R2 - mean': 0.8874577761840527, 'R2 - std': 0.01491474802990278} 
 

Saved Losses
{'MSE - mean': 876.8009081642516, 'MSE - std': 156.1037949196559, 'R2 - mean': 0.8967438311984828, 'R2 - std': 0.01790981410639716} 
 

Saved Losses
{'MSE - mean': 880.6327751114037, 'MSE - std': 135.35267158109784, 'R2 - mean': 0.8957043795346583, 'R2 - std': 0.015614495197686009} 
 

Saved Losses
{'MSE - mean': 912.6374464131155, 'MSE - std': 136.94331858048017, 'R2 - mean': 0.8904754802723163, 'R2 - std': 0.017447507506968826} 
 

Saving model.....
Results After CV: {'MSE - mean': 912.6374464131155, 'MSE - std': 136.94331858048017, 'R2 - mean': 0.8904754802723163, 'R2 - std': 0.017447507506968826}
Train time: 0.2669814401999986
Inference time: 0.02599128359999554
Finished cross validation
Hyperparam was saved!!! Hurrah!!!
Trial 70 finished with value: 912.6374464131155 and parameters: {'max_depth': 3, 'n_estimators': 63}. Best is trial 52 with value: 613.3536479297993.
Saved Losses
{'MSE - mean': 650.7635472541688, 'MSE - std': 0.0, 'R2 - mean': 0.9243350999850379, 'R2 - std': 0.0} 
 

Saved Losses
{'MSE - mean': 627.8478911856328, 'MSE - std': 22.915656068536066, 'R2 - mean': 0.9225802073842306, 'R2 - std': 0.0017548926008073562} 
 

Saved Losses
{'MSE - mean': 591.5573228282265, 'MSE - std': 54.62687585283864, 'R2 - mean': 0.9298023613282155, 'R2 - std': 0.010313685756062828} 
 

Saved Losses
{'MSE - mean': 604.8783831808938, 'MSE - std': 52.63481377224874, 'R2 - mean': 0.9279417292853174, 'R2 - std': 0.009495522113253588} 
 

Saved Losses
{'MSE - mean': 610.8049975394854, 'MSE - std': 48.54727518299355, 'R2 - mean': 0.9264469286891025, 'R2 - std': 0.009003869582152298} 
 

Saving model.....
Results After CV: {'MSE - mean': 610.8049975394854, 'MSE - std': 48.54727518299355, 'R2 - mean': 0.9264469286891025, 'R2 - std': 0.009003869582152298}
Train time: 0.8940516517999981
Inference time: 0.03326280000000566
Finished cross validation
Hyperparam was saved!!! Hurrah!!!
Trial 71 finished with value: 610.8049975394854 and parameters: {'max_depth': 11, 'n_estimators': 79}. Best is trial 71 with value: 610.8049975394854.
Saved Losses
{'MSE - mean': 645.39043604005, 'MSE - std': 0.0, 'R2 - mean': 0.9249598367646271, 'R2 - std': 0.0} 
 

Saved Losses
{'MSE - mean': 627.2873277267386, 'MSE - std': 18.103108313311395, 'R2 - mean': 0.9226143218650211, 'R2 - std': 0.002345514899605994} 
 

Saved Losses
{'MSE - mean': 592.3101507563748, 'MSE - std': 51.62642254409349, 'R2 - mean': 0.9297040810658883, 'R2 - std': 0.010207693070200193} 
 

Saved Losses
{'MSE - mean': 608.8602485802246, 'MSE - std': 53.11010113399301, 'R2 - mean': 0.9274565762719078, 'R2 - std': 0.009659274390887531} 
 

Saved Losses
{'MSE - mean': 620.1832601926069, 'MSE - std': 52.62498115787739, 'R2 - mean': 0.9252825789916166, 'R2 - std': 0.009671934765372342} 
 

Saving model.....
Results After CV: {'MSE - mean': 620.1832601926069, 'MSE - std': 52.62498115787739, 'R2 - mean': 0.9252825789916166, 'R2 - std': 0.009671934765372342}
Train time: 0.8598100963999968
Inference time: 0.03221368119999966
Finished cross validation
Hyperparam was saved!!! Hurrah!!!
Trial 72 finished with value: 620.1832601926069 and parameters: {'max_depth': 10, 'n_estimators': 75}. Best is trial 71 with value: 610.8049975394854.
Saved Losses
{'MSE - mean': 659.4902073673292, 'MSE - std': 0.0, 'R2 - mean': 0.923320442867698, 'R2 - std': 0.0} 
 

Saved Losses
{'MSE - mean': 635.2289857872503, 'MSE - std': 24.26122158007888, 'R2 - mean': 0.9216779080436435, 'R2 - std': 0.0016425348240545201} 
 

Saved Losses
{'MSE - mean': 605.5046208822463, 'MSE - std': 46.470208948495106, 'R2 - mean': 0.9282311090854495, 'R2 - std': 0.009364160483147628} 
 

Saved Losses
{'MSE - mean': 613.6346207628218, 'MSE - std': 42.63684948447847, 'R2 - mean': 0.9269684833964533, 'R2 - std': 0.008399303367372013} 
 

Saved Losses
{'MSE - mean': 617.922414257337, 'MSE - std': 39.08786818663924, 'R2 - mean': 0.9256542399593218, 'R2 - std': 0.007959119354167902} 
 

Saving model.....
Results After CV: {'MSE - mean': 617.922414257337, 'MSE - std': 39.08786818663924, 'R2 - mean': 0.9256542399593218, 'R2 - std': 0.007959119354167902}
Train time: 1.088569044999997
Inference time: 0.03457358819999854
Finished cross validation
Hyperparam was saved!!! Hurrah!!!
Trial 73 finished with value: 617.922414257337 and parameters: {'max_depth': 11, 'n_estimators': 86}. Best is trial 71 with value: 610.8049975394854.
Saved Losses
{'MSE - mean': 658.32411649975, 'MSE - std': 0.0, 'R2 - mean': 0.9234560253680947, 'R2 - std': 0.0} 
 

Saved Losses
{'MSE - mean': 637.1920929494747, 'MSE - std': 21.13202355027522, 'R2 - mean': 0.921412453983706, 'R2 - std': 0.0020435713843887093} 
 

Saved Losses
{'MSE - mean': 603.4914626226421, 'MSE - std': 50.68701262063676, 'R2 - mean': 0.9284110092410045, 'R2 - std': 0.010037114826863902} 
 

Saved Losses
{'MSE - mean': 620.6872643916345, 'MSE - std': 53.04683526600698, 'R2 - mean': 0.926072465530744, 'R2 - std': 0.009589792260009408} 
 

Saved Losses
{'MSE - mean': 621.791597849299, 'MSE - std': 47.49791147970587, 'R2 - mean': 0.9251596521642776, 'R2 - std': 0.008769504287022575} 
 

Saving model.....
Results After CV: {'MSE - mean': 621.791597849299, 'MSE - std': 47.49791147970587, 'R2 - mean': 0.9251596521642776, 'R2 - std': 0.008769504287022575}
Train time: 0.7701764958000069
Inference time: 0.02858706800000732
Finished cross validation
Hyperparam was saved!!! Hurrah!!!
Trial 74 finished with value: 621.791597849299 and parameters: {'max_depth': 12, 'n_estimators': 57}. Best is trial 71 with value: 610.8049975394854.
Saved Losses
{'MSE - mean': 659.4862626250198, 'MSE - std': 0.0, 'R2 - mean': 0.923320901526659, 'R2 - std': 0.0} 
 

Saved Losses
{'MSE - mean': 633.057711356229, 'MSE - std': 26.428551268790727, 'R2 - mean': 0.9219620597660121, 'R2 - std': 0.0013588417606469338} 
 

Saved Losses
{'MSE - mean': 599.2376930878477, 'MSE - std': 52.47125707907807, 'R2 - mean': 0.9289382903367759, 'R2 - std': 0.00992806895825679} 
 

Saved Losses
{'MSE - mean': 611.5698799348133, 'MSE - std': 50.211284706522356, 'R2 - mean': 0.9271815554726958, 'R2 - std': 0.009120486120703743} 
 

Saved Losses
{'MSE - mean': 617.5740745398627, 'MSE - std': 46.48806191835465, 'R2 - mean': 0.925661317470827, 'R2 - std': 0.00870580886487074} 
 

Saving model.....
Results After CV: {'MSE - mean': 617.5740745398627, 'MSE - std': 46.48806191835465, 'R2 - mean': 0.925661317470827, 'R2 - std': 0.00870580886487074}
Train time: 0.8001623856000037
Inference time: 0.029373899600000187
Finished cross validation
Hyperparam was saved!!! Hurrah!!!
Trial 75 finished with value: 617.5740745398627 and parameters: {'max_depth': 9, 'n_estimators': 74}. Best is trial 71 with value: 610.8049975394854.
Saved Losses
{'MSE - mean': 660.4245959574471, 'MSE - std': 0.0, 'R2 - mean': 0.9232118006126966, 'R2 - std': 0.0} 
 

Saved Losses
{'MSE - mean': 634.6133349052335, 'MSE - std': 25.81126105221358, 'R2 - mean': 0.921765311759119, 'R2 - std': 0.0014464888535775655} 
 

Saved Losses
{'MSE - mean': 603.9089141827827, 'MSE - std': 48.26665897428091, 'R2 - mean': 0.928416711442137, 'R2 - std': 0.009480354537437797} 
 

Saved Losses
{'MSE - mean': 614.0439020064005, 'MSE - std': 45.33659350854767, 'R2 - mean': 0.9269143122926512, 'R2 - std': 0.008612749342095393} 
 

Saved Losses
{'MSE - mean': 619.0586244092017, 'MSE - std': 41.77218131575197, 'R2 - mean': 0.9255095266204834, 'R2 - std': 0.008199832444795692} 
 

Saving model.....
Results After CV: {'MSE - mean': 619.0586244092017, 'MSE - std': 41.77218131575197, 'R2 - mean': 0.9255095266204834, 'R2 - std': 0.008199832444795692}
Train time: 1.132537382799984
Inference time: 0.03676209980002341
Finished cross validation
Hyperparam was saved!!! Hurrah!!!
