[I 2025-01-26 03:03:53,530] Trial 172 finished with value: 728979.7331345755 and parameters: {'max_depth': 12, 'n_estimators': 99}. Best is trial 81 with value: 713159.8273384031.
[I 2025-01-26 03:03:56,003] Trial 173 finished with value: 715881.8111302117 and parameters: {'max_depth': 11, 'n_estimators': 77}. Best is trial 81 with value: 713159.8273384031.
[I 2025-01-26 03:03:58,238] Trial 174 finished with value: 739844.4977608904 and parameters: {'max_depth': 11, 'n_estimators': 67}. Best is trial 81 with value: 713159.8273384031.
[I 2025-01-26 03:04:00,670] Trial 175 finished with value: 729717.9818538729 and parameters: {'max_depth': 11, 'n_estimators': 73}. Best is trial 81 with value: 713159.8273384031.
[I 2025-01-26 03:04:01,880] Trial 176 finished with value: 849215.3589442385 and parameters: {'max_depth': 4, 'n_estimators': 64}. Best is trial 81 with value: 713159.8273384031.
[I 2025-01-26 03:04:04,736] Trial 177 finished with value: 735487.7744408947 and parameters: {'max_depth': 11, 'n_estimators': 92}. Best is trial 81 with value: 713159.8273384031.
[I 2025-01-26 03:04:07,531] Trial 178 finished with value: 714139.0667371007 and parameters: {'max_depth': 12, 'n_estimators': 83}. Best is trial 81 with value: 713159.8273384031.
[I 2025-01-26 03:04:10,035] Trial 179 finished with value: 743275.1949450136 and parameters: {'max_depth': 10, 'n_estimators': 83}. Best is trial 81 with value: 713159.8273384031.
[I 2025-01-26 03:04:12,765] Trial 180 finished with value: 735475.7460403839 and parameters: {'max_depth': 11, 'n_estimators': 87}. Best is trial 81 with value: 713159.8273384031.
[I 2025-01-26 03:04:15,442] Trial 181 finished with value: 736789.529427098 and parameters: {'max_depth': 12, 'n_estimators': 79}. Best is trial 81 with value: 713159.8273384031.
[I 2025-01-26 03:04:16,461] Trial 182 finished with value: 733838.7340160229 and parameters: {'max_depth': 12, 'n_estimators': 19}. Best is trial 81 with value: 713159.8273384031.
[I 2025-01-26 03:04:18,759] Trial 183 finished with value: 724478.2564293803 and parameters: {'max_depth': 11, 'n_estimators': 70}. Best is trial 81 with value: 713159.8273384031.
[I 2025-01-26 03:04:20,869] Trial 184 finished with value: 726269.0606042208 and parameters: {'max_depth': 12, 'n_estimators': 58}. Best is trial 81 with value: 713159.8273384031.
[I 2025-01-26 03:04:21,943] Trial 185 finished with value: 754744.8573967315 and parameters: {'max_depth': 12, 'n_estimators': 23}. Best is trial 81 with value: 713159.8273384031.
[I 2025-01-26 03:04:24,399] Trial 186 finished with value: 734727.4114200788 and parameters: {'max_depth': 11, 'n_estimators': 75}. Best is trial 81 with value: 713159.8273384031.
[I 2025-01-26 03:04:27,522] Trial 187 finished with value: 721677.0920474355 and parameters: {'max_depth': 12, 'n_estimators': 94}. Best is trial 81 with value: 713159.8273384031.
[I 2025-01-26 03:04:30,439] Trial 188 finished with value: 727689.5460546117 and parameters: {'max_depth': 12, 'n_estimators': 87}. Best is trial 81 with value: 713159.8273384031.
[I 2025-01-26 03:04:33,382] Trial 189 finished with value: 733843.7479768923 and parameters: {'max_depth': 11, 'n_estimators': 95}. Best is trial 81 with value: 713159.8273384031.
[I 2025-01-26 03:04:36,695] Trial 190 finished with value: 728800.3128409694 and parameters: {'max_depth': 12, 'n_estimators': 100}. Best is trial 81 with value: 713159.8273384031.
[I 2025-01-26 03:04:39,510] Trial 191 finished with value: 733020.4265577014 and parameters: {'max_depth': 12, 'n_estimators': 83}. Best is trial 81 with value: 713159.8273384031.
[I 2025-01-26 03:04:42,500] Trial 192 finished with value: 729240.3652664662 and parameters: {'max_depth': 12, 'n_estimators': 91}. Best is trial 81 with value: 713159.8273384031.
[I 2025-01-26 03:04:45,113] Trial 193 finished with value: 721572.0743800222 and parameters: {'max_depth': 11, 'n_estimators': 81}. Best is trial 81 with value: 713159.8273384031.
[I 2025-01-26 03:04:47,641] Trial 194 finished with value: 737818.922618883 and parameters: {'max_depth': 11, 'n_estimators': 80}. Best is trial 81 with value: 713159.8273384031.
[I 2025-01-26 03:04:50,511] Trial 195 finished with value: 733726.5374011241 and parameters: {'max_depth': 11, 'n_estimators': 95}. Best is trial 81 with value: 713159.8273384031.
[I 2025-01-26 03:04:52,980] Trial 196 finished with value: 729127.0582962114 and parameters: {'max_depth': 11, 'n_estimators': 76}. Best is trial 81 with value: 713159.8273384031.
[I 2025-01-26 03:04:55,456] Trial 197 finished with value: 724516.019294282 and parameters: {'max_depth': 12, 'n_estimators': 68}. Best is trial 81 with value: 713159.8273384031.
[I 2025-01-26 03:04:57,451] Trial 198 finished with value: 737729.3348752859 and parameters: {'max_depth': 10, 'n_estimators': 63}. Best is trial 81 with value: 713159.8273384031.
[I 2025-01-26 03:05:00,113] Trial 199 finished with value: 731257.2294582964 and parameters: {'max_depth': 11, 'n_estimators': 81}. Best is trial 81 with value: 713159.8273384031.
