Trial 124 finished with value: 11.286044348546122 and parameters: {'max_depth': 11, 'n_estimators': 94}. Best is trial 121 with value: 10.52889642030585.
Saved Losses
{'MSE - mean': 13.799508716462958, 'MSE - std': 0.0, 'R2 - mean': 0.8151891597881871, 'R2 - std': 0.0} 
 

Saved Losses
{'MSE - mean': 12.101433082178186, 'MSE - std': 1.6980756342847707, 'R2 - mean': 0.843009642307625, 'R2 - std': 0.027820482519437972} 
 

Saved Losses
{'MSE - mean': 11.32850633322532, 'MSE - std': 1.7655420579323835, 'R2 - mean': 0.8611706726049859, 'R2 - std': 0.03428749346335422} 
 

Saved Losses
{'MSE - mean': 10.79138999504133, 'MSE - std': 1.7897865657610184, 'R2 - mean': 0.8654626154747016, 'R2 - std': 0.030610234837230136} 
 

Saved Losses
{'MSE - mean': 10.999004541782895, 'MSE - std': 1.6538089251354644, 'R2 - mean': 0.8664500159291668, 'R2 - std': 0.027449754462694466} 
 

Saving model.....
Results After CV: {'MSE - mean': 10.999004541782895, 'MSE - std': 1.6538089251354644, 'R2 - mean': 0.8664500159291668, 'R2 - std': 0.027449754462694466}
Train time: 0.5392789370000173
Inference time: 0.02814291800000319
Finished cross validation
Hyperparam was saved!!! Hurrah!!!
Trial 125 finished with value: 10.999004541782895 and parameters: {'max_depth': 10, 'n_estimators': 82}. Best is trial 121 with value: 10.52889642030585.
Saved Losses
{'MSE - mean': 14.112791175078085, 'MSE - std': 0.0, 'R2 - mean': 0.8109935035811505, 'R2 - std': 0.0} 
 

Saved Losses
{'MSE - mean': 12.51313359051746, 'MSE - std': 1.5996575845606245, 'R2 - mean': 0.8377449543322587, 'R2 - std': 0.026751450751108186} 
 

Saved Losses
{'MSE - mean': 11.72380787292136, 'MSE - std': 1.718140400397696, 'R2 - mean': 0.8563947191785019, 'R2 - std': 0.03424501232539293} 
 

Saved Losses
{'MSE - mean': 11.097118819199363, 'MSE - std': 1.8417986689033043, 'R2 - mean': 0.8617580263167466, 'R2 - std': 0.03107789957915717} 
 

Saved Losses
{'MSE - mean': 11.49241568526524, 'MSE - std': 1.8272428187586893, 'R2 - mean': 0.8607602516633908, 'R2 - std': 0.02786845691525205} 
 

Saving model.....
Results After CV: {'MSE - mean': 11.49241568526524, 'MSE - std': 1.8272428187586893, 'R2 - mean': 0.8607602516633908, 'R2 - std': 0.02786845691525205}
Train time: 0.3701853987999925
Inference time: 0.01967152539999688
Finished cross validation
Hyperparam was saved!!! Hurrah!!!
Trial 126 finished with value: 11.49241568526524 and parameters: {'max_depth': 12, 'n_estimators': 51}. Best is trial 121 with value: 10.52889642030585.
Saved Losses
{'MSE - mean': 12.788666217451341, 'MSE - std': 0.0, 'R2 - mean': 0.828726935328071, 'R2 - std': 0.0} 
 

Saved Losses
{'MSE - mean': 11.907921410010427, 'MSE - std': 0.8807448074409141, 'R2 - mean': 0.845905807125213, 'R2 - std': 0.01717887179714206} 
 

Saved Losses
{'MSE - mean': 10.75024329601195, 'MSE - std': 1.7881773332506932, 'R2 - mean': 0.8678089583645386, 'R2 - std': 0.03400350706286012} 
 

Saved Losses
{'MSE - mean': 10.486334492273365, 'MSE - std': 1.6146600885127078, 'R2 - mean': 0.8687364617493474, 'R2 - std': 0.029491687930957404} 
 

Saved Losses
{'MSE - mean': 10.873120085128118, 'MSE - std': 1.6383266281510256, 'R2 - mean': 0.8677745646628019, 'R2 - std': 0.02644822696579115} 
 

Saving model.....
Results After CV: {'MSE - mean': 10.873120085128118, 'MSE - std': 1.6383266281510256, 'R2 - mean': 0.8677745646628019, 'R2 - std': 0.02644822696579115}
Train time: 0.45465518160001467
Inference time: 0.023326400799999192
Finished cross validation
Hyperparam was saved!!! Hurrah!!!
Trial 127 finished with value: 10.873120085128118 and parameters: {'max_depth': 10, 'n_estimators': 67}. Best is trial 121 with value: 10.52889642030585.
Saved Losses
{'MSE - mean': 12.291648437299337, 'MSE - std': 0.0, 'R2 - mean': 0.8353832790746073, 'R2 - std': 0.0} 
 

Saved Losses
{'MSE - mean': 11.278282670698083, 'MSE - std': 1.0133657666012548, 'R2 - mean': 0.8539661527507642, 'R2 - std': 0.018582873676156852} 
 

Saved Losses
{'MSE - mean': 10.81933959477253, 'MSE - std': 1.0516008170845594, 'R2 - mean': 0.8680600632344241, 'R2 - std': 0.025049792177823913} 
 

Saved Losses
{'MSE - mean': 10.75564397777773, 'MSE - std': 0.9173710283973056, 'R2 - mean': 0.8660424679073161, 'R2 - std': 0.021973418915271915} 
 

Saved Losses
{'MSE - mean': 11.103408776299293, 'MSE - std': 1.075647295054078, 'R2 - mean': 0.8654567744962423, 'R2 - std': 0.019688500657691663} 
 

Saving model.....
Results After CV: {'MSE - mean': 11.103408776299293, 'MSE - std': 1.075647295054078, 'R2 - mean': 0.8654567744962423, 'R2 - std': 0.019688500657691663}
Train time: 0.43320686119999435
Inference time: 0.023906360199998745
Finished cross validation
Hyperparam was saved!!! Hurrah!!!
Trial 128 finished with value: 11.103408776299293 and parameters: {'max_depth': 9, 'n_estimators': 68}. Best is trial 121 with value: 10.52889642030585.
Saved Losses
{'MSE - mean': 12.852816849959202, 'MSE - std': 0.0, 'R2 - mean': 0.8278677937066193, 'R2 - std': 0.0} 
 

Saved Losses
{'MSE - mean': 11.938887283120486, 'MSE - std': 0.9139295668387168, 'R2 - mean': 0.8454900113513562, 'R2 - std': 0.017622217644736815} 
 

Saved Losses
{'MSE - mean': 11.370886741145325, 'MSE - std': 1.096400504740926, 'R2 - mean': 0.8612446821136309, 'R2 - std': 0.026522587948155894} 
 

Saved Losses
{'MSE - mean': 10.98152138139131, 'MSE - std': 1.1646401591162119, 'R2 - mean': 0.8634195883450806, 'R2 - std': 0.023276090843342773} 
 

Saved Losses
{'MSE - mean': 11.434872518057784, 'MSE - std': 1.3810207719828553, 'R2 - mean': 0.8617067652870025, 'R2 - std': 0.021098724493939746} 
 

Saving model.....
Results After CV: {'MSE - mean': 11.434872518057784, 'MSE - std': 1.3810207719828553, 'R2 - mean': 0.8617067652870025, 'R2 - std': 0.021098724493939746}
Train time: 0.35381146500000116
Inference time: 0.017756177199999
Finished cross validation
Hyperparam was saved!!! Hurrah!!!
Trial 129 finished with value: 11.434872518057784 and parameters: {'max_depth': 10, 'n_estimators': 54}. Best is trial 121 with value: 10.52889642030585.
Saved Losses
{'MSE - mean': 12.29763991259807, 'MSE - std': 0.0, 'R2 - mean': 0.8353030378423418, 'R2 - std': 0.0} 
 

Saved Losses
{'MSE - mean': 11.768228967139368, 'MSE - std': 0.5294109454587028, 'R2 - mean': 0.847879970254168, 'R2 - std': 0.012576932411826114} 
 

Saved Losses
{'MSE - mean': 10.885281085478033, 'MSE - std': 1.3213797925810224, 'R2 - mean': 0.8667342348844239, 'R2 - std': 0.028573053892724378} 
 

Saved Losses
{'MSE - mean': 10.826699483829248, 'MSE - std': 1.1488380344227425, 'R2 - mean': 0.864761843548645, 'R2 - std': 0.024979702546502926} 
 

Saved Losses
{'MSE - mean': 11.363073527765582, 'MSE - std': 1.4854802332927624, 'R2 - mean': 0.8622102303523314, 'R2 - std': 0.022917926412828443} 
 

Saving model.....
Results After CV: {'MSE - mean': 11.363073527765582, 'MSE - std': 1.4854802332927624, 'R2 - mean': 0.8622102303523314, 'R2 - std': 0.022917926412828443}
Train time: 0.3821551072000034
Inference time: 0.02083098779997954
Finished cross validation
Hyperparam was saved!!! Hurrah!!!
Trial 130 finished with value: 11.363073527765582 and parameters: {'max_depth': 10, 'n_estimators': 56}. Best is trial 121 with value: 10.52889642030585.
Saved Losses
{'MSE - mean': 12.809796114337708, 'MSE - std': 0.0, 'R2 - mean': 0.8284439517757289, 'R2 - std': 0.0} 
 

Saved Losses
{'MSE - mean': 12.096991938564887, 'MSE - std': 0.7128041757728214, 'R2 - mean': 0.8435479593681836, 'R2 - std': 0.015104007592454671} 
 

Saved Losses
{'MSE - mean': 11.353062895564335, 'MSE - std': 1.2023258171999585, 'R2 - mean': 0.8612412110919626, 'R2 - std': 0.027896051274161296} 
 

Saved Losses
{'MSE - mean': 10.930754535113957, 'MSE - std': 1.2724871637655206, 'R2 - mean': 0.863912627301711, 'R2 - std': 0.024597797690344116} 
 

Saved Losses
{'MSE - mean': 11.466321748216236, 'MSE - std': 1.5629164483615188, 'R2 - mean': 0.8613116969956612, 'R2 - std': 0.02260753579671589} 
 

Saving model.....
Results After CV: {'MSE - mean': 11.466321748216236, 'MSE - std': 1.5629164483615188, 'R2 - mean': 0.8613116969956612, 'R2 - std': 0.02260753579671589}
Train time: 0.49362556100002164
Inference time: 0.02388317640001105
Finished cross validation
Hyperparam was saved!!! Hurrah!!!
Trial 131 finished with value: 11.466321748216236 and parameters: {'max_depth': 11, 'n_estimators': 73}. Best is trial 121 with value: 10.52889642030585.
Saved Losses
{'MSE - mean': 13.098589902880377, 'MSE - std': 0.0, 'R2 - mean': 0.8245762617147886, 'R2 - std': 0.0} 
 

Saved Losses
{'MSE - mean': 11.857749591435049, 'MSE - std': 1.2408403114453286, 'R2 - mean': 0.8463774451346635, 'R2 - std': 0.02180118341987486} 
 

Saved Losses
{'MSE - mean': 11.459364350488324, 'MSE - std': 1.1592575437524024, 'R2 - mean': 0.8603423949408994, 'R2 - std': 0.026587604477514105} 
 

Saved Losses
{'MSE - mean': 11.022332050829991, 'MSE - std': 1.257338551224009, 'R2 - mean': 0.8630814502308214, 'R2 - std': 0.02350920682484407} 
 

Saved Losses
{'MSE - mean': 11.296711402991379, 'MSE - std': 1.2513418004227632, 'R2 - mean': 0.8633075989572117, 'R2 - std': 0.02103213772806815} 
 

Saving model.....
Results After CV: {'MSE - mean': 11.296711402991379, 'MSE - std': 1.2513418004227632, 'R2 - mean': 0.8633075989572117, 'R2 - std': 0.02103213772806815}
Train time: 0.6198941518000083
Inference time: 0.029165132200012066
Finished cross validation
Hyperparam was saved!!! Hurrah!!!
Trial 132 finished with value: 11.296711402991379 and parameters: {'max_depth': 11, 'n_estimators': 89}. Best is trial 121 with value: 10.52889642030585.
Saved Losses
{'MSE - mean': 12.401504635643162, 'MSE - std': 0.0, 'R2 - mean': 0.8339120226164569, 'R2 - std': 0.0} 
 

Saved Losses
{'MSE - mean': 11.87372211729533, 'MSE - std': 0.5277825183478333, 'R2 - mean': 0.8465194426785265, 'R2 - std': 0.012607420062069608} 
 

Saved Losses
{'MSE - mean': 11.368255363795582, 'MSE - std': 0.8346832945711834, 'R2 - mean': 0.8615033215144927, 'R2 - std': 0.023558394335978824} 
 

Saved Losses
{'MSE - mean': 10.756064902009808, 'MSE - std': 1.2832979530029611, 'R2 - mean': 0.866575350205173, 'R2 - std': 0.022213169131944235} 
 

Saved Losses
{'MSE - mean': 10.972719923645172, 'MSE - std': 1.2268824322422067, 'R2 - mean': 0.8673185611507451, 'R2 - std': 0.01992358793857073} 
 

Saving model.....
Results After CV: {'MSE - mean': 10.972719923645172, 'MSE - std': 1.2268824322422067, 'R2 - mean': 0.8673185611507451, 'R2 - std': 0.01992358793857073}
Train time: 0.5508819227999993
Inference time: 0.026192686199999572
Finished cross validation
Hyperparam was saved!!! Hurrah!!!
Trial 133 finished with value: 10.972719923645172 and parameters: {'max_depth': 12, 'n_estimators': 80}. Best is trial 121 with value: 10.52889642030585.
Saved Losses
{'MSE - mean': 12.440516605806936, 'MSE - std': 0.0, 'R2 - mean': 0.8333895522059209, 'R2 - std': 0.0} 
 

Saved Losses
{'MSE - mean': 11.894073961261679, 'MSE - std': 0.5464426445452579, 'R2 - mean': 0.8462477051438839, 'R2 - std': 0.012858152937962941} 
 

Saved Losses
{'MSE - mean': 11.491667663336594, 'MSE - std': 0.72313763079464, 'R2 - mean': 0.8601711615052259, 'R2 - std': 0.022314718731734413} 
 

Saved Losses
{'MSE - mean': 11.304761433542597, 'MSE - std': 0.7049807380424544, 'R2 - mean': 0.8595311183535147, 'R2 - std': 0.01935688429901546} 
 

Saved Losses
{'MSE - mean': 11.372343924739813, 'MSE - std': 0.6448781631241626, 'R2 - mean': 0.8621140997950179, 'R2 - std': 0.01806760494146845} 
 

Saving model.....
Results After CV: {'MSE - mean': 11.372343924739813, 'MSE - std': 0.6448781631241626, 'R2 - mean': 0.8621140997950179, 'R2 - std': 0.01806760494146845}
Train time: 0.39669298860000024
Inference time: 0.020778594600005817
Finished cross validation
Hyperparam was saved!!! Hurrah!!!
Trial 134 finished with value: 11.372343924739813 and parameters: {'max_depth': 9, 'n_estimators': 63}. Best is trial 121 with value: 10.52889642030585.
Saved Losses
{'MSE - mean': 12.554871478159255, 'MSE - std': 0.0, 'R2 - mean': 0.8318580469562787, 'R2 - std': 0.0} 
 

Saved Losses
{'MSE - mean': 11.934595963266624, 'MSE - std': 0.6202755148926302, 'R2 - mean': 0.8456887492540228, 'R2 - std': 0.01383070229774408} 
 

Saved Losses
{'MSE - mean': 11.527342307119207, 'MSE - std': 0.7669456024654469, 'R2 - mean': 0.8597077809201042, 'R2 - std': 0.02281648632915237} 
 

Saved Losses
{'MSE - mean': 10.96378401344197, 'MSE - std': 1.1806557580315329, 'R2 - mean': 0.8640570925274097, 'R2 - std': 0.02114695180584249} 
 

Saved Losses
{'MSE - mean': 11.346580080967422, 'MSE - std': 1.304334977078439, 'R2 - mean': 0.8630286159740388, 'R2 - std': 0.01902592737887525} 
 

Saving model.....
Results After CV: {'MSE - mean': 11.346580080967422, 'MSE - std': 1.304334977078439, 'R2 - mean': 0.8630286159740388, 'R2 - std': 0.01902592737887525}
Train time: 0.5409797903999902
Inference time: 0.027180521800016778
Finished cross validation
Hyperparam was saved!!! Hurrah!!!
Trial 135 finished with value: 11.346580080967422 and parameters: {'max_depth': 12, 'n_estimators': 76}. Best is trial 121 with value: 10.52889642030585.
Saved Losses
{'MSE - mean': 12.411037420658241, 'MSE - std': 0.0, 'R2 - mean': 0.8337843541577897, 'R2 - std': 0.0} 
 

Saved Losses
{'MSE - mean': 11.558312459169773, 'MSE - std': 0.8527249614884669, 'R2 - mean': 0.8504309693555909, 'R2 - std': 0.01664661519780125} 
 

Saved Losses
{'MSE - mean': 10.975653326460963, 'MSE - std': 1.0787693156965064, 'R2 - mean': 0.8660215348156722, 'R2 - std': 0.025901183906518077} 
 

Saved Losses
{'MSE - mean': 10.47336033659731, 'MSE - std': 1.276597889064811, 'R2 - mean': 0.8698083296401059, 'R2 - std': 0.023370343192741626} 
 

Saved Losses
{'MSE - mean': 10.971789640592117, 'MSE - std': 1.515746951379017, 'R2 - mean': 0.8674373490501186, 'R2 - std': 0.021434191111157123} 
 

Saving model.....
Results After CV: {'MSE - mean': 10.971789640592117, 'MSE - std': 1.515746951379017, 'R2 - mean': 0.8674373490501186, 'R2 - std': 0.021434191111157123}
Train time: 0.6315656483999987
Inference time: 0.029511275400011527
Finished cross validation
Hyperparam was saved!!! Hurrah!!!
Trial 136 finished with value: 10.971789640592117 and parameters: {'max_depth': 11, 'n_estimators': 91}. Best is trial 121 with value: 10.52889642030585.
Saved Losses
{'MSE - mean': 12.125081138080509, 'MSE - std': 0.0, 'R2 - mean': 0.8376140427309771, 'R2 - std': 0.0} 
 

Saved Losses
{'MSE - mean': 11.370375727402951, 'MSE - std': 0.7547054106775564, 'R2 - mean': 0.8529040272332369, 'R2 - std': 0.015289984502259824} 
 

Saved Losses
{'MSE - mean': 11.194774635995595, 'MSE - std': 0.6643731315138821, 'R2 - mean': 0.8640613232495125, 'R2 - std': 0.020120294717254097} 
 

Saved Losses
{'MSE - mean': 10.884271148496198, 'MSE - std': 0.7875791964342603, 'R2 - mean': 0.8650704220313725, 'R2 - std': 0.017512125390326753} 
 

Saved Losses
{'MSE - mean': 11.368713228022477, 'MSE - std': 1.1978987044770555, 'R2 - mean': 0.8628998977365958, 'R2 - std': 0.016253748226365647} 
 

Saving model.....
Results After CV: {'MSE - mean': 11.368713228022477, 'MSE - std': 1.1978987044770555, 'R2 - mean': 0.8628998977365958, 'R2 - std': 0.016253748226365647}
Train time: 0.4034359297999913
Inference time: 0.02277285900000834
Finished cross validation
Hyperparam was saved!!! Hurrah!!!
Trial 137 finished with value: 11.368713228022477 and parameters: {'max_depth': 8, 'n_estimators': 68}. Best is trial 121 with value: 10.52889642030585.
Saved Losses
{'MSE - mean': 12.790987170288545, 'MSE - std': 0.0, 'R2 - mean': 0.8286958518125089, 'R2 - std': 0.0} 
 

Saved Losses
{'MSE - mean': 11.985001655864577, 'MSE - std': 0.805985514423968, 'R2 - mean': 0.8449476324539457, 'R2 - std': 0.01625178064143673} 
 

Saved Losses
{'MSE - mean': 11.41524974734115, 'MSE - std': 1.0403410854969737, 'R2 - mean': 0.860740378421425, 'R2 - std': 0.02597887410438688} 
 

Saved Losses
{'MSE - mean': 11.251479940202298, 'MSE - std': 0.9445601250426874, 'R2 - mean': 0.8599045963621443, 'R2 - std': 0.022544888993972303} 
 

Saved Losses
{'MSE - mean': 11.382252454560549, 'MSE - std': 0.8843985899484696, 'R2 - mean': 0.8618373369779684, 'R2 - std': 0.020531915666898992} 
 

Saving model.....
Results After CV: {'MSE - mean': 11.382252454560549, 'MSE - std': 0.8843985899484696, 'R2 - mean': 0.8618373369779684, 'R2 - std': 0.020531915666898992}
Train time: 0.5611733035999918
Inference time: 0.027768241400008265
Finished cross validation
Hyperparam was saved!!! Hurrah!!!
Trial 138 finished with value: 11.382252454560549 and parameters: {'max_depth': 10, 'n_estimators': 83}. Best is trial 121 with value: 10.52889642030585.
Saved Losses
{'MSE - mean': 12.739725849292805, 'MSE - std': 0.0, 'R2 - mean': 0.8293823724704719, 'R2 - std': 0.0} 
 

Saved Losses
{'MSE - mean': 11.964538475620381, 'MSE - std': 0.7751873736724235, 'R2 - mean': 0.8452267324594287, 'R2 - std': 0.01584435998895689} 
 

Saved Losses
{'MSE - mean': 11.477899122108317, 'MSE - std': 0.9350112460860474, 'R2 - mean': 0.8601270266970612, 'R2 - std': 0.02472650465342447} 
 

Saved Losses
{'MSE - mean': 10.954604029907175, 'MSE - std': 1.2154002564159427, 'R2 - mean': 0.8640017409255665, 'R2 - std': 0.02244081672621585} 
 

Saved Losses
{'MSE - mean': 11.312168002747518, 'MSE - std': 1.3012172014426444, 'R2 - mean': 0.863280885353546, 'R2 - std': 0.020123387768826075} 
 

Saving model.....
Results After CV: {'MSE - mean': 11.312168002747518, 'MSE - std': 1.3012172014426444, 'R2 - mean': 0.863280885353546, 'R2 - std': 0.020123387768826075}
Train time: 0.4738568278000116
Inference time: 0.023586071399995488
Finished cross validation
Hyperparam was saved!!! Hurrah!!!
Trial 139 finished with value: 11.312168002747518 and parameters: {'max_depth': 12, 'n_estimators': 72}. Best is trial 121 with value: 10.52889642030585.
Saved Losses
{'MSE - mean': 19.77890782308147, 'MSE - std': 0.0, 'R2 - mean': 0.7351096587304731, 'R2 - std': 0.0} 
 

Saved Losses
{'MSE - mean': 18.293599939665537, 'MSE - std': 1.4853078834159348, 'R2 - mean': 0.7632075069911667, 'R2 - std': 0.028097848260693614} 
 

Saved Losses
{'MSE - mean': 16.857571662318325, 'MSE - std': 2.3653993529719135, 'R2 - mean': 0.7932893889884881, 'R2 - std': 0.04833389390743842} 
 

Saved Losses
{'MSE - mean': 16.167970338053934, 'MSE - std': 2.3712835202821214, 'R2 - mean': 0.7982535651685508, 'R2 - std': 0.04273234267661606} 
 

Saved Losses
{'MSE - mean': 16.765400093895856, 'MSE - std': 2.4343536471742584, 'R2 - mean': 0.7966311951522235, 'R2 - std': 0.03835845182466187} 
 

Saving model.....
Results After CV: {'MSE - mean': 16.765400093895856, 'MSE - std': 2.4343536471742584, 'R2 - mean': 0.7966311951522235, 'R2 - std': 0.03835845182466187}
Train time: 0.22443931120001254
Inference time: 0.01647150840000222
Finished cross validation
Hyperparam was saved!!! Hurrah!!!
Trial 140 finished with value: 16.765400093895856 and parameters: {'max_depth': 3, 'n_estimators': 59}. Best is trial 121 with value: 10.52889642030585.
Saved Losses
{'MSE - mean': 13.249385457464237, 'MSE - std': 0.0, 'R2 - mean': 0.8225567221996172, 'R2 - std': 0.0} 
 

Saved Losses
{'MSE - mean': 12.476149788122466, 'MSE - std': 0.7732356693417701, 'R2 - mean': 0.838625663955936, 'R2 - std': 0.016068941756318733} 
 

Saved Losses
{'MSE - mean': 11.494421543562543, 'MSE - std': 1.5251807409489853, 'R2 - mean': 0.8591271216033937, 'R2 - std': 0.03182389234709745} 
 

Saved Losses
{'MSE - mean': 11.05667353463534, 'MSE - std': 1.522991194124399, 'R2 - mean': 0.8620633286166484, 'R2 - std': 0.02802559594306237} 
 

Saved Losses
{'MSE - mean': 11.438199705050314, 'MSE - std': 1.5613617827878428, 'R2 - mean': 0.8612439830180241, 'R2 - std': 0.025120360889345814} 
 

Saving model.....
Results After CV: {'MSE - mean': 11.438199705050314, 'MSE - std': 1.5613617827878428, 'R2 - mean': 0.8612439830180241, 'R2 - std': 0.025120360889345814}
Train time: 0.5513986618000104
Inference time: 0.02674280959998896
Finished cross validation
Hyperparam was saved!!! Hurrah!!!
Trial 141 finished with value: 11.438199705050314 and parameters: {'max_depth': 12, 'n_estimators': 77}. Best is trial 121 with value: 10.52889642030585.
Saved Losses
{'MSE - mean': 13.322766371597988, 'MSE - std': 0.0, 'R2 - mean': 0.8215739634162997, 'R2 - std': 0.0} 
 

Saved Losses
{'MSE - mean': 12.057994174846662, 'MSE - std': 1.2647721967513252, 'R2 - mean': 0.8437817315950396, 'R2 - std': 0.022207768178739817} 
 

Saved Losses
{'MSE - mean': 11.399831591430791, 'MSE - std': 1.390247620222414, 'R2 - mean': 0.8606345700264161, 'R2 - std': 0.029947058364864457} 
 

Saved Losses
{'MSE - mean': 11.070866279231755, 'MSE - std': 1.3320082071973864, 'R2 - mean': 0.8620656321762324, 'R2 - std': 0.026053090894582152} 
 

Saved Losses
{'MSE - mean': 11.509325702854088, 'MSE - std': 1.479318544427086, 'R2 - mean': 0.860590982228141, 'R2 - std': 0.02348849092655193} 
 

Saving model.....
Results After CV: {'MSE - mean': 11.509325702854088, 'MSE - std': 1.479318544427086, 'R2 - mean': 0.860590982228141, 'R2 - std': 0.02348849092655193}
Train time: 0.5963077650000173
Inference time: 0.026558161599973575
Finished cross validation
Hyperparam was saved!!! Hurrah!!!
