Trial 106 finished with value: 11.551322068216313 and parameters: {'max_depth': 11, 'n_estimators': 60}. Best is trial 60 with value: 10.706708559822587.
Saved Losses
{'MSE - mean': 12.885298873499428, 'MSE - std': 0.0, 'R2 - mean': 0.8274327760414552, 'R2 - std': 0.0} 
 

Saved Losses
{'MSE - mean': 12.0542519691337, 'MSE - std': 0.8310469043657278, 'R2 - mean': 0.8440417659327446, 'R2 - std': 0.01660898989128945} 
 

Saved Losses
{'MSE - mean': 11.794424005136351, 'MSE - std': 0.7716521970771039, 'R2 - mean': 0.8566470584344149, 'R2 - std': 0.02239849313930076} 
 

Saved Losses
{'MSE - mean': 11.229615091094242, 'MSE - std': 1.184741601820717, 'R2 - mean': 0.8608932275988053, 'R2 - std': 0.02074510132299511} 
 

Saved Losses
{'MSE - mean': 11.536818343712962, 'MSE - std': 1.2249022345256213, 'R2 - mean': 0.860743223765661, 'R2 - std': 0.018557407893369664} 
 

Saving model.....
Results After CV: {'MSE - mean': 11.536818343712962, 'MSE - std': 1.2249022345256213, 'R2 - mean': 0.860743223765661, 'R2 - std': 0.018557407893369664}
Train time: 0.41515557380000134
Inference time: 0.021440861400003543
Finished cross validation
Hyperparam was saved!!! Hurrah!!!
Trial 107 finished with value: 11.536818343712962 and parameters: {'max_depth': 9, 'n_estimators': 66}. Best is trial 60 with value: 10.706708559822587.
Saved Losses
{'MSE - mean': 12.477784426503097, 'MSE - std': 0.0, 'R2 - mean': 0.8328904404333762, 'R2 - std': 0.0} 
 

Saved Losses
{'MSE - mean': 11.364148159174759, 'MSE - std': 1.1136362673283386, 'R2 - mean': 0.852809160984838, 'R2 - std': 0.019918720551461766} 
 

Saved Losses
{'MSE - mean': 11.14283087478612, 'MSE - std': 0.96164087441431, 'R2 - mean': 0.864498866795194, 'R2 - std': 0.023190559777708963} 
 

Saved Losses
{'MSE - mean': 10.755558632571645, 'MSE - std': 1.0693475801991226, 'R2 - mean': 0.8665880837320439, 'R2 - std': 0.02040700931862089} 
 

Saved Losses
{'MSE - mean': 10.961074919078563, 'MSE - std': 1.0410337044978648, 'R2 - mean': 0.867451890240526, 'R2 - std': 0.018334161289805685} 
 

Saving model.....
Results After CV: {'MSE - mean': 10.961074919078563, 'MSE - std': 1.0410337044978648, 'R2 - mean': 0.867451890240526, 'R2 - std': 0.018334161289805685}
Train time: 0.621846993600002
Inference time: 0.028285173599994096
Finished cross validation
Hyperparam was saved!!! Hurrah!!!
Trial 108 finished with value: 10.961074919078563 and parameters: {'max_depth': 12, 'n_estimators': 89}. Best is trial 60 with value: 10.706708559822587.
Saved Losses
{'MSE - mean': 13.690579995253847, 'MSE - std': 0.0, 'R2 - mean': 0.8166479949469951, 'R2 - std': 0.0} 
 

Saved Losses
{'MSE - mean': 12.459219062648492, 'MSE - std': 1.2313609326053552, 'R2 - mean': 0.8386204887561848, 'R2 - std': 0.021972493809189697} 
 

Saved Losses
{'MSE - mean': 11.771528141007273, 'MSE - std': 1.398810484535575, 'R2 - mean': 0.8561017452766982, 'R2 - std': 0.03054585048527163} 
 

Saved Losses
{'MSE - mean': 11.006386180757922, 'MSE - std': 1.7955026418074829, 'R2 - mean': 0.8632150820339339, 'R2 - std': 0.02918193646533675} 
 

Saved Losses
{'MSE - mean': 11.619113208682656, 'MSE - std': 2.020099362008718, 'R2 - mean': 0.8597425988416892, 'R2 - std': 0.02700927416231782} 
 

Saving model.....
Results After CV: {'MSE - mean': 11.619113208682656, 'MSE - std': 2.020099362008718, 'R2 - mean': 0.8597425988416892, 'R2 - std': 0.02700927416231782}
Train time: 0.5799921429999984
Inference time: 0.025939913400009118
Finished cross validation
Hyperparam was saved!!! Hurrah!!!
Trial 109 finished with value: 11.619113208682656 and parameters: {'max_depth': 12, 'n_estimators': 86}. Best is trial 60 with value: 10.706708559822587.
Saved Losses
{'MSE - mean': 15.688422653483215, 'MSE - std': 0.0, 'R2 - mean': 0.7898917539919904, 'R2 - std': 0.0} 
 

Saved Losses
{'MSE - mean': 13.455518039340477, 'MSE - std': 2.232904614142738, 'R2 - mean': 0.8252749278573374, 'R2 - std': 0.03538317386534695} 
 

Saved Losses
{'MSE - mean': 12.652749966989077, 'MSE - std': 2.1477387721074277, 'R2 - mean': 0.8449306401141111, 'R2 - std': 0.04009164556154341} 
 

Saved Losses
{'MSE - mean': 12.107741202213898, 'MSE - std': 2.0858307783603727, 'R2 - mean': 0.8489996929791337, 'R2 - std': 0.035428471693390376} 
 

Saved Losses
{'MSE - mean': 12.624210560421876, 'MSE - std': 2.1324901923890276, 'R2 - mean': 0.8470116311707695, 'R2 - std': 0.031936669272781035} 
 

Saving model.....
Results After CV: {'MSE - mean': 12.624210560421876, 'MSE - std': 2.1324901923890276, 'R2 - mean': 0.8470116311707695, 'R2 - std': 0.031936669272781035}
Train time: 0.42793522139999707
Inference time: 0.024657188399993403
Finished cross validation
Hyperparam was saved!!! Hurrah!!!
Trial 110 finished with value: 12.624210560421876 and parameters: {'max_depth': 5, 'n_estimators': 94}. Best is trial 60 with value: 10.706708559822587.
Saved Losses
{'MSE - mean': 11.781826267795003, 'MSE - std': 0.0, 'R2 - mean': 0.8422111064589474, 'R2 - std': 0.0} 
 

Saved Losses
{'MSE - mean': 10.83474272634595, 'MSE - std': 0.947083541449051, 'R2 - mean': 0.8597221148028581, 'R2 - std': 0.017511008343910728} 
 

Saved Losses
{'MSE - mean': 10.588077959123995, 'MSE - std': 0.8483308146588654, 'R2 - mean': 0.8712222258322987, 'R2 - std': 0.021654761974969884} 
 

Saved Losses
{'MSE - mean': 10.388616424482757, 'MSE - std': 0.8118519506222454, 'R2 - mean': 0.870979590972273, 'R2 - std': 0.0187582822286677} 
 

Saved Losses
{'MSE - mean': 10.61570387678014, 'MSE - std': 0.8564798396617274, 'R2 - mean': 0.8715327920395793, 'R2 - std': 0.016814358370742435} 
 

Saving model.....
Results After CV: {'MSE - mean': 10.61570387678014, 'MSE - std': 0.8564798396617274, 'R2 - mean': 0.8715327920395793, 'R2 - std': 0.016814358370742435}
Train time: 0.538560120000011
Inference time: 0.02458399180000015
Finished cross validation
Hyperparam was saved!!! Hurrah!!!
Trial 111 finished with value: 10.61570387678014 and parameters: {'max_depth': 11, 'n_estimators': 77}. Best is trial 111 with value: 10.61570387678014.
Saved Losses
{'MSE - mean': 13.068033401575786, 'MSE - std': 0.0, 'R2 - mean': 0.8249854916950776, 'R2 - std': 0.0} 
 

Saved Losses
{'MSE - mean': 11.961096700026195, 'MSE - std': 1.106936701549591, 'R2 - mean': 0.8451091872640448, 'R2 - std': 0.020123695568967204} 
 

Saved Losses
{'MSE - mean': 11.304597058115618, 'MSE - std': 1.2957068085858605, 'R2 - mean': 0.8618405612526594, 'R2 - std': 0.028807172139279656} 
 

Saved Losses
{'MSE - mean': 11.158684458545435, 'MSE - std': 1.1502232655018774, 'R2 - mean': 0.8608596903049117, 'R2 - std': 0.025005523358749646} 
 

Saved Losses
{'MSE - mean': 11.49446154220586, 'MSE - std': 1.2285747222075831, 'R2 - mean': 0.860558766145596, 'R2 - std': 0.02237371627947889} 
 

Saving model.....
Results After CV: {'MSE - mean': 11.49446154220586, 'MSE - std': 1.2285747222075831, 'R2 - mean': 0.860558766145596, 'R2 - std': 0.02237371627947889}
Train time: 0.5340682374000153
Inference time: 0.02705695579999201
Finished cross validation
Hyperparam was saved!!! Hurrah!!!
Trial 112 finished with value: 11.49446154220586 and parameters: {'max_depth': 11, 'n_estimators': 77}. Best is trial 111 with value: 10.61570387678014.
Saved Losses
{'MSE - mean': 11.649269489337136, 'MSE - std': 0.0, 'R2 - mean': 0.843986381949251, 'R2 - std': 0.0} 
 

Saved Losses
{'MSE - mean': 11.529585634013728, 'MSE - std': 0.11968385532340964, 'R2 - mean': 0.851159539633186, 'R2 - std': 0.007173157683935005} 
 

Saved Losses
{'MSE - mean': 10.822986109822333, 'MSE - std': 1.00404943038597, 'R2 - mean': 0.8679062921773868, 'R2 - std': 0.02439693086556423} 
 

Saved Losses
{'MSE - mean': 10.462248007613995, 'MSE - std': 1.0707391741915544, 'R2 - mean': 0.8698517125905404, 'R2 - std': 0.021395365350843725} 
 

Saved Losses
{'MSE - mean': 10.678433902114758, 'MSE - std': 1.0507765068001411, 'R2 - mean': 0.8705885863147822, 'R2 - std': 0.019193260753159677} 
 

Saving model.....
Results After CV: {'MSE - mean': 10.678433902114758, 'MSE - std': 1.0507765068001411, 'R2 - mean': 0.8705885863147822, 'R2 - std': 0.019193260753159677}
Train time: 0.49667936439999494
Inference time: 0.023960803199986457
Finished cross validation
Hyperparam was saved!!! Hurrah!!!
Trial 113 finished with value: 10.678433902114758 and parameters: {'max_depth': 12, 'n_estimators': 70}. Best is trial 111 with value: 10.61570387678014.
Saved Losses
{'MSE - mean': 11.43691595520034, 'MSE - std': 0.0, 'R2 - mean': 0.8468303408083769, 'R2 - std': 0.0} 
 

Saved Losses
{'MSE - mean': 10.974750015071063, 'MSE - std': 0.46216594012927636, 'R2 - mean': 0.8581521445249709, 'R2 - std': 0.011321803716594024} 
 

Saved Losses
{'MSE - mean': 10.618443063491307, 'MSE - std': 0.6295296061069467, 'R2 - mean': 0.870835440804505, 'R2 - std': 0.02017888753029457} 
 

Saved Losses
{'MSE - mean': 10.263920867261524, 'MSE - std': 0.8211507818803108, 'R2 - mean': 0.8726438894343018, 'R2 - std': 0.017753931559236377} 
 

Saved Losses
{'MSE - mean': 10.830670136056579, 'MSE - std': 1.3506479259914639, 'R2 - mean': 0.8694162142919784, 'R2 - std': 0.017141563987732596} 
 

Saving model.....
Results After CV: {'MSE - mean': 10.830670136056579, 'MSE - std': 1.3506479259914639, 'R2 - mean': 0.8694162142919784, 'R2 - std': 0.017141563987732596}
Train time: 0.4675690028000076
Inference time: 0.02276389140000674
Finished cross validation
Hyperparam was saved!!! Hurrah!!!
Trial 114 finished with value: 10.830670136056579 and parameters: {'max_depth': 12, 'n_estimators': 71}. Best is trial 111 with value: 10.61570387678014.
Saved Losses
{'MSE - mean': 12.206365378353018, 'MSE - std': 0.0, 'R2 - mean': 0.8365254381255958, 'R2 - std': 0.0} 
 

Saved Losses
{'MSE - mean': 11.568218035085145, 'MSE - std': 0.6381473432678728, 'R2 - mean': 0.8504079003677382, 'R2 - std': 0.013882462242142402} 
 

Saved Losses
{'MSE - mean': 11.021525319028505, 'MSE - std': 0.9323271275283878, 'R2 - mean': 0.8655946839152145, 'R2 - std': 0.024284946523284848} 
 

Saved Losses
{'MSE - mean': 10.655082356312397, 'MSE - std': 1.0270183734074472, 'R2 - mean': 0.8675358101835353, 'R2 - std': 0.021298424455761935} 
 

Saved Losses
{'MSE - mean': 11.190455542205616, 'MSE - std': 1.4107838899516107, 'R2 - mean': 0.8648164069211196, 'R2 - std': 0.019811080835047505} 
 

Saving model.....
Results After CV: {'MSE - mean': 11.190455542205616, 'MSE - std': 1.4107838899516107, 'R2 - mean': 0.8648164069211196, 'R2 - std': 0.019811080835047505}
Train time: 0.45820023959998935
Inference time: 0.022615799599998355
Finished cross validation
Hyperparam was saved!!! Hurrah!!!
Trial 115 finished with value: 11.190455542205616 and parameters: {'max_depth': 11, 'n_estimators': 69}. Best is trial 111 with value: 10.61570387678014.
Saved Losses
{'MSE - mean': 12.864597726793207, 'MSE - std': 0.0, 'R2 - mean': 0.8277100175284337, 'R2 - std': 0.0} 
 

Saved Losses
{'MSE - mean': 11.887508604515308, 'MSE - std': 0.9770891222779001, 'R2 - mean': 0.8461221864679707, 'R2 - std': 0.018412168939537066} 
 

Saved Losses
{'MSE - mean': 10.945841499054433, 'MSE - std': 1.5523989962624458, 'R2 - mean': 0.8657610440144214, 'R2 - std': 0.031581240657996335} 
 

Saved Losses
{'MSE - mean': 10.581159013876439, 'MSE - std': 1.4854080004107564, 'R2 - mean': 0.8678880052108274, 'R2 - std': 0.02759715497867055} 
 

Saved Losses
{'MSE - mean': 11.088343675340449, 'MSE - std': 1.6715545655002921, 'R2 - mean': 0.8655689655783986, 'R2 - std': 0.02511561565242852} 
 

Saving model.....
Results After CV: {'MSE - mean': 11.088343675340449, 'MSE - std': 1.6715545655002921, 'R2 - mean': 0.8655689655783986, 'R2 - std': 0.02511561565242852}
Train time: 0.4882308813999998
Inference time: 0.026916673400012314
Finished cross validation
Hyperparam was saved!!! Hurrah!!!
Trial 116 finished with value: 11.088343675340449 and parameters: {'max_depth': 10, 'n_estimators': 73}. Best is trial 111 with value: 10.61570387678014.
Saved Losses
{'MSE - mean': 13.310598281581457, 'MSE - std': 0.0, 'R2 - mean': 0.8217369253728399, 'R2 - std': 0.0} 
 

Saved Losses
{'MSE - mean': 11.897130032996781, 'MSE - std': 1.4134682485846763, 'R2 - mean': 0.8457849888737419, 'R2 - std': 0.02404806350090194} 
 

Saved Losses
{'MSE - mean': 11.287817442254685, 'MSE - std': 1.4402958005140396, 'R2 - mean': 0.8620200717401754, 'R2 - std': 0.03021084910186294} 
 

Saved Losses
{'MSE - mean': 10.893274686608093, 'MSE - std': 1.4222626173929351, 'R2 - mean': 0.8643449716311202, 'R2 - std': 0.026471438024791842} 
 

Saved Losses
{'MSE - mean': 11.256651531003822, 'MSE - std': 1.4650719048697616, 'R2 - mean': 0.8636261672024379, 'R2 - std': 0.023720378245447305} 
 

Saving model.....
Results After CV: {'MSE - mean': 11.256651531003822, 'MSE - std': 1.4650719048697616, 'R2 - mean': 0.8636261672024379, 'R2 - std': 0.023720378245447305}
Train time: 0.6130376167999998
Inference time: 0.026882320799984427
Finished cross validation
Hyperparam was saved!!! Hurrah!!!
Trial 117 finished with value: 11.256651531003822 and parameters: {'max_depth': 12, 'n_estimators': 86}. Best is trial 111 with value: 10.61570387678014.
Saved Losses
{'MSE - mean': 13.476026357323182, 'MSE - std': 0.0, 'R2 - mean': 0.8195214188428156, 'R2 - std': 0.0} 
 

Saved Losses
{'MSE - mean': 11.853336457319674, 'MSE - std': 1.6226899000035064, 'R2 - mean': 0.8462479758944752, 'R2 - std': 0.02672655705165966} 
 

Saved Losses
{'MSE - mean': 11.338909062096826, 'MSE - std': 1.5115178125404685, 'R2 - mean': 0.8614874410351797, 'R2 - std': 0.03067064552260423} 
 

Saved Losses
{'MSE - mean': 10.699550998390142, 'MSE - std': 1.7145993042400964, 'R2 - mean': 0.8670207179679095, 'R2 - std': 0.028237702339651668} 
 

Saved Losses
{'MSE - mean': 11.137896515837099, 'MSE - std': 1.7664845852550937, 'R2 - mean': 0.8653699046694354, 'R2 - std': 0.025471454707650484} 
 

Saving model.....
Results After CV: {'MSE - mean': 11.137896515837099, 'MSE - std': 1.7664845852550937, 'R2 - mean': 0.8653699046694354, 'R2 - std': 0.025471454707650484}
Train time: 0.4223824963999959
Inference time: 0.02137645779999957
Finished cross validation
Hyperparam was saved!!! Hurrah!!!
Trial 118 finished with value: 11.137896515837099 and parameters: {'max_depth': 10, 'n_estimators': 64}. Best is trial 111 with value: 10.61570387678014.
Saved Losses
{'MSE - mean': 13.907834854069943, 'MSE - std': 0.0, 'R2 - mean': 0.8137383947704323, 'R2 - std': 0.0} 
 

Saved Losses
{'MSE - mean': 13.053681054652417, 'MSE - std': 0.8541537994175261, 'R2 - mean': 0.8311334831881316, 'R2 - std': 0.017395088417699267} 
 

Saved Losses
{'MSE - mean': 12.238056396875171, 'MSE - std': 1.3479143049373583, 'R2 - mean': 0.8503746070973585, 'R2 - std': 0.030694751439838852} 
 

Saved Losses
{'MSE - mean': 11.318948807330017, 'MSE - std': 1.9740645920459583, 'R2 - mean': 0.859414503929893, 'R2 - std': 0.03085101341437144} 
 

Saved Losses
{'MSE - mean': 11.849601508332649, 'MSE - std': 2.060076204217021, 'R2 - mean': 0.8569164501463306, 'R2 - std': 0.028042630293488253} 
 

Saving model.....
Results After CV: {'MSE - mean': 11.849601508332649, 'MSE - std': 2.060076204217021, 'R2 - mean': 0.8569164501463306, 'R2 - std': 0.028042630293488253}
Train time: 0.091877860399984
Inference time: 0.008227392599997075
Finished cross validation
Hyperparam was saved!!! Hurrah!!!
Trial 119 finished with value: 11.849601508332649 and parameters: {'max_depth': 12, 'n_estimators': 12}. Best is trial 111 with value: 10.61570387678014.
Saved Losses
{'MSE - mean': 13.872025114832985, 'MSE - std': 0.0, 'R2 - mean': 0.8142179790898547, 'R2 - std': 0.0} 
 

Saved Losses
{'MSE - mean': 12.298560411646552, 'MSE - std': 1.573464703186433, 'R2 - mean': 0.8405266731716627, 'R2 - std': 0.026308694081808026} 
 

Saved Losses
{'MSE - mean': 11.200730544557134, 'MSE - std': 2.0151893911647236, 'R2 - mean': 0.8622313173502613, 'R2 - std': 0.03746484682159951} 
 

Saved Losses
{'MSE - mean': 10.938362000071109, 'MSE - std': 1.803400391234371, 'R2 - mean': 0.8630402600486078, 'R2 - std': 0.03247574826531424} 
 

Saved Losses
{'MSE - mean': 11.117515667612043, 'MSE - std': 1.6523276077270193, 'R2 - mean': 0.8645019041768205, 'R2 - std': 0.029193920506567855} 
 

Saving model.....
Results After CV: {'MSE - mean': 11.117515667612043, 'MSE - std': 1.6523276077270193, 'R2 - mean': 0.8645019041768205, 'R2 - std': 0.029193920506567855}
Train time: 0.4849897212000087
Inference time: 0.022166455800004314
Finished cross validation
Hyperparam was saved!!! Hurrah!!!
Trial 120 finished with value: 11.117515667612043 and parameters: {'max_depth': 11, 'n_estimators': 71}. Best is trial 111 with value: 10.61570387678014.
Saved Losses
{'MSE - mean': 12.348982665005318, 'MSE - std': 0.0, 'R2 - mean': 0.834615426608773, 'R2 - std': 0.0} 
 

Saved Losses
{'MSE - mean': 11.383817211185672, 'MSE - std': 0.9651654538196448, 'R2 - mean': 0.8526278273296055, 'R2 - std': 0.01801240072083249} 
 

Saved Losses
{'MSE - mean': 10.792633552977136, 'MSE - std': 1.1489237591315236, 'R2 - mean': 0.8681849120786397, 'R2 - std': 0.02646400369550743} 
 

Saved Losses
{'MSE - mean': 10.311363801371954, 'MSE - std': 1.2980296894343464, 'R2 - mean': 0.8717586277608029, 'R2 - std': 0.02373967038582655} 
 

Saved Losses
{'MSE - mean': 10.52889642030585, 'MSE - std': 1.2398333036837574, 'R2 - mean': 0.872429973384165, 'R2 - std': 0.02127581678352634} 
 

Saving model.....
Results After CV: {'MSE - mean': 10.52889642030585, 'MSE - std': 1.2398333036837574, 'R2 - mean': 0.872429973384165, 'R2 - std': 0.02127581678352634}
Train time: 0.5725436496000043
Inference time: 0.026916341800017562
Finished cross validation
Hyperparam was saved!!! Hurrah!!!
Trial 121 finished with value: 10.52889642030585 and parameters: {'max_depth': 12, 'n_estimators': 80}. Best is trial 121 with value: 10.52889642030585.
Saved Losses
{'MSE - mean': 12.54261898401494, 'MSE - std': 0.0, 'R2 - mean': 0.8320221393007257, 'R2 - std': 0.0} 
 

Saved Losses
{'MSE - mean': 11.558297626405256, 'MSE - std': 0.9843213576096836, 'R2 - mean': 0.8503669157527914, 'R2 - std': 0.01834477645206578} 
 

Saved Losses
{'MSE - mean': 11.162271462748913, 'MSE - std': 0.9795913100021691, 'R2 - mean': 0.8640232556339296, 'R2 - std': 0.024440644834970538} 
 

Saved Losses
{'MSE - mean': 10.756647857277082, 'MSE - std': 1.1014948383545566, 'R2 - mean': 0.866410172205869, 'R2 - std': 0.02156619929718903} 
 

Saved Losses
{'MSE - mean': 10.967860368779725, 'MSE - std': 1.071949440598017, 'R2 - mean': 0.8672447680748807, 'R2 - std': 0.0193614814195388} 
 

Saving model.....
Results After CV: {'MSE - mean': 10.967860368779725, 'MSE - std': 1.071949440598017, 'R2 - mean': 0.8672447680748807, 'R2 - std': 0.0193614814195388}
Train time: 0.562676446599994
Inference time: 0.027842328400004134
Finished cross validation
Hyperparam was saved!!! Hurrah!!!
Trial 122 finished with value: 10.967860368779725 and parameters: {'max_depth': 11, 'n_estimators': 88}. Best is trial 121 with value: 10.52889642030585.
Saved Losses
{'MSE - mean': 12.528053702956086, 'MSE - std': 0.0, 'R2 - mean': 0.8322172057980711, 'R2 - std': 0.0} 
 

Saved Losses
{'MSE - mean': 12.18261342196806, 'MSE - std': 0.3454402809880248, 'R2 - mean': 0.8426224142008647, 'R2 - std': 0.010405208402793575} 
 

Saved Losses
{'MSE - mean': 11.458382328172041, 'MSE - std': 1.0623436416376837, 'R2 - mean': 0.8601187157350703, 'R2 - std': 0.026161422795573198} 
 

Saved Losses
{'MSE - mean': 10.822755858719818, 'MSE - std': 1.4347451117536183, 'R2 - mean': 0.8655488799650548, 'R2 - std': 0.024531104392390552} 
 

Saved Losses
{'MSE - mean': 11.212061140778454, 'MSE - std': 1.5010094067379245, 'R2 - mean': 0.8644597459723222, 'R2 - std': 0.02204914777456928} 
 

Saving model.....
Results After CV: {'MSE - mean': 11.212061140778454, 'MSE - std': 1.5010094067379245, 'R2 - mean': 0.8644597459723222, 'R2 - std': 0.02204914777456928}
Train time: 0.5405076217999977
Inference time: 0.024402640800008157
Finished cross validation
Hyperparam was saved!!! Hurrah!!!
Trial 123 finished with value: 11.212061140778454 and parameters: {'max_depth': 12, 'n_estimators': 78}. Best is trial 121 with value: 10.52889642030585.
Saved Losses
{'MSE - mean': 13.831531859545608, 'MSE - std': 0.0, 'R2 - mean': 0.814760287710135, 'R2 - std': 0.0} 
 

Saved Losses
{'MSE - mean': 12.018212819132266, 'MSE - std': 1.8133190404133428, 'R2 - mean': 0.8440272857920621, 'R2 - std': 0.029266998081927065} 
 

Saved Losses
{'MSE - mean': 11.203643421258997, 'MSE - std': 1.8759345856008995, 'R2 - mean': 0.8625761267494395, 'R2 - std': 0.035484603978944235} 
 

Saved Losses
{'MSE - mean': 10.82532653618767, 'MSE - std': 1.7517759342108878, 'R2 - mean': 0.864825860198933, 'R2 - std': 0.03097663218360237} 
 

Saved Losses
{'MSE - mean': 11.286044348546122, 'MSE - std': 1.8176960002821634, 'R2 - mean': 0.8630933211352829, 'R2 - std': 0.027922180423076686} 
 

Saving model.....
Results After CV: {'MSE - mean': 11.286044348546122, 'MSE - std': 1.8176960002821634, 'R2 - mean': 0.8630933211352829, 'R2 - std': 0.027922180423076686}
Train time: 0.6569589338000015
Inference time: 0.02731719980000662
Finished cross validation
Hyperparam was saved!!! Hurrah!!!
