Trial 188 finished with value: 0.4903481508091915 and parameters: {'max_depth': 6, 'n_estimators': 79}. Best is trial 89 with value: 0.4782203882368445.
Saved Losses
{'MSE - mean': 0.43859299306195176, 'MSE - std': 0.0, 'R2 - mean': 0.2019057690061704, 'R2 - std': 0.0} 
 

Saved Losses
{'MSE - mean': 0.4495612041587317, 'MSE - std': 0.010968211096779895, 'R2 - mean': 0.28913118079869554, 'R2 - std': 0.08722541179252513} 
 

Saved Losses
{'MSE - mean': 0.48473548484078766, 'MSE - std': 0.05054365584432066, 'R2 - mean': 0.2575262396105592, 'R2 - std': 0.08408285352314605} 
 

Saved Losses
{'MSE - mean': 0.49842292324558607, 'MSE - std': 0.04977985305158403, 'R2 - mean': 0.27112490252031085, 'R2 - std': 0.07653244796323513} 
 

Saved Losses
{'MSE - mean': 0.5000505655053595, 'MSE - std': 0.04464329617280787, 'R2 - mean': 0.2487666304024855, 'R2 - std': 0.08176393949275651} 
 

Saving model.....
Results After CV: {'MSE - mean': 0.5000505655053595, 'MSE - std': 0.04464329617280787, 'R2 - mean': 0.2487666304024855, 'R2 - std': 0.08176393949275651}
Train time: 0.28417013220000625
Inference time: 0.022570193199987897
Finished cross validation
Hyperparam was saved!!! Hurrah!!!
Trial 189 finished with value: 0.5000505655053595 and parameters: {'max_depth': 6, 'n_estimators': 74}. Best is trial 89 with value: 0.4782203882368445.
Saved Losses
{'MSE - mean': 0.44202612302474814, 'MSE - std': 0.0, 'R2 - mean': 0.19565860760390685, 'R2 - std': 0.0} 
 

Saved Losses
{'MSE - mean': 0.4449103011808214, 'MSE - std': 0.0028841781560732804, 'R2 - mean': 0.2946303487932277, 'R2 - std': 0.09897174118932084} 
 

Saved Losses
{'MSE - mean': 0.48051888805856313, 'MSE - std': 0.05041317858077069, 'R2 - mean': 0.2628121761352218, 'R2 - std': 0.0924935813554286} 
 

Saved Losses
{'MSE - mean': 0.490686611124484, 'MSE - std': 0.04707721538067312, 'R2 - mean': 0.2809230282157545, 'R2 - std': 0.08602503027150744} 
 

Saved Losses
{'MSE - mean': 0.4908511949791408, 'MSE - std': 0.04210842810862788, 'R2 - mean': 0.26160092628673376, 'R2 - std': 0.08610237603221459} 
 

Saving model.....
Results After CV: {'MSE - mean': 0.4908511949791408, 'MSE - std': 0.04210842810862788, 'R2 - mean': 0.26160092628673376, 'R2 - std': 0.08610237603221459}
Train time: 0.3095546256000034
Inference time: 0.024521309599992946
Finished cross validation
Hyperparam was saved!!! Hurrah!!!
Trial 190 finished with value: 0.4908511949791408 and parameters: {'max_depth': 6, 'n_estimators': 81}. Best is trial 89 with value: 0.4782203882368445.
Saved Losses
{'MSE - mean': 0.4389173716972336, 'MSE - std': 0.0, 'R2 - mean': 0.20131550714250324, 'R2 - std': 0.0} 
 

Saved Losses
{'MSE - mean': 0.4495845255760437, 'MSE - std': 0.01066715387881012, 'R2 - mean': 0.2890241031109587, 'R2 - std': 0.08770859596845548} 
 

Saved Losses
{'MSE - mean': 0.4861718138805357, 'MSE - std': 0.052470164019197664, 'R2 - mean': 0.2553926436103497, 'R2 - std': 0.08596907587879525} 
 

Saved Losses
{'MSE - mean': 0.4948205375100343, 'MSE - std': 0.047846001352354124, 'R2 - mean': 0.2754932791546096, 'R2 - std': 0.08218952581345167} 
 

Saved Losses
{'MSE - mean': 0.49667501531961983, 'MSE - std': 0.04295518860524952, 'R2 - mean': 0.253080557475299, 'R2 - std': 0.08610118985849721} 
 

Saving model.....
Results After CV: {'MSE - mean': 0.49667501531961983, 'MSE - std': 0.04295518860524952, 'R2 - mean': 0.253080557475299, 'R2 - std': 0.08610118985849721}
Train time: 0.32166142119999674
Inference time: 0.02739543899999717
Finished cross validation
Hyperparam was saved!!! Hurrah!!!
Trial 191 finished with value: 0.49667501531961983 and parameters: {'max_depth': 6, 'n_estimators': 85}. Best is trial 89 with value: 0.4782203882368445.
Saved Losses
{'MSE - mean': 0.4440702796804645, 'MSE - std': 0.0, 'R2 - mean': 0.19193891837042099, 'R2 - std': 0.0} 
 

Saved Losses
{'MSE - mean': 0.4583048411252962, 'MSE - std': 0.014234561444831706, 'R2 - mean': 0.2760158651349371, 'R2 - std': 0.0840769467645161} 
 

Saved Losses
{'MSE - mean': 0.4872061919588404, 'MSE - std': 0.042493034562835555, 'R2 - mean': 0.2536572643418043, 'R2 - std': 0.07558065919057735} 
 

Saved Losses
{'MSE - mean': 0.49805554643959055, 'MSE - std': 0.04132032148611229, 'R2 - mean': 0.271055159156938, 'R2 - std': 0.07205822135438135} 
 

Saved Losses
{'MSE - mean': 0.4988958675650033, 'MSE - std': 0.0369962124081344, 'R2 - mean': 0.25013937551022847, 'R2 - std': 0.07683612323659661} 
 

Saving model.....
Results After CV: {'MSE - mean': 0.4988958675650033, 'MSE - std': 0.0369962124081344, 'R2 - mean': 0.25013937551022847, 'R2 - std': 0.07683612323659661}
Train time: 0.2601244227999814
Inference time: 0.02189876939999067
Finished cross validation
Hyperparam was saved!!! Hurrah!!!
Trial 192 finished with value: 0.4988958675650033 and parameters: {'max_depth': 5, 'n_estimators': 72}. Best is trial 89 with value: 0.4782203882368445.
Saved Losses
{'MSE - mean': 0.4392529758552113, 'MSE - std': 0.0, 'R2 - mean': 0.20070481853913635, 'R2 - std': 0.0} 
 

Saved Losses
{'MSE - mean': 0.44380366352139156, 'MSE - std': 0.004550687666180303, 'R2 - mean': 0.2967743683902093, 'R2 - std': 0.09606954985107297} 
 

Saved Losses
{'MSE - mean': 0.48472695893595263, 'MSE - std': 0.05799343112800184, 'R2 - mean': 0.257062837056894, 'R2 - std': 0.09647236416403908} 
 

Saved Losses
{'MSE - mean': 0.4974587731775497, 'MSE - std': 0.0548518534066655, 'R2 - mean': 0.271998907006952, 'R2 - std': 0.08746111331447999} 
 

Saved Losses
{'MSE - mean': 0.499695376549245, 'MSE - std': 0.04926449265227617, 'R2 - mean': 0.24877524122291766, 'R2 - std': 0.09097753394965576} 
 

Saving model.....
Results After CV: {'MSE - mean': 0.499695376549245, 'MSE - std': 0.04926449265227617, 'R2 - mean': 0.24877524122291766, 'R2 - std': 0.09097753394965576}
Train time: 0.304667056400001
Inference time: 0.023634384600006796
Finished cross validation
Hyperparam was saved!!! Hurrah!!!
Trial 193 finished with value: 0.499695376549245 and parameters: {'max_depth': 6, 'n_estimators': 78}. Best is trial 89 with value: 0.4782203882368445.
Saved Losses
{'MSE - mean': 0.4429575117120247, 'MSE - std': 0.0, 'R2 - mean': 0.19396378814740156, 'R2 - std': 0.0} 
 

Saved Losses
{'MSE - mean': 0.4546890253813485, 'MSE - std': 0.011731513669323762, 'R2 - mean': 0.2811713457967635, 'R2 - std': 0.08720755764936194} 
 

Saved Losses
{'MSE - mean': 0.4874847697314144, 'MSE - std': 0.04735899038477755, 'R2 - mean': 0.2531910924544886, 'R2 - std': 0.08146100024944632} 
 

Saved Losses
{'MSE - mean': 0.4955163105767244, 'MSE - std': 0.04330903396231251, 'R2 - mean': 0.2742106452542898, 'R2 - std': 0.07938756653872887} 
 

Saved Losses
{'MSE - mean': 0.4978171314687666, 'MSE - std': 0.039009140535367116, 'R2 - mean': 0.25108278427060543, 'R2 - std': 0.08474373364134605} 
 

Saving model.....
Results After CV: {'MSE - mean': 0.4978171314687666, 'MSE - std': 0.039009140535367116, 'R2 - mean': 0.25108278427060543, 'R2 - std': 0.08474373364134605}
Train time: 0.3253945549999912
Inference time: 0.026953030600009243
Finished cross validation
Hyperparam was saved!!! Hurrah!!!
Trial 194 finished with value: 0.4978171314687666 and parameters: {'max_depth': 6, 'n_estimators': 85}. Best is trial 89 with value: 0.4782203882368445.
Saved Losses
{'MSE - mean': 0.4497516556242585, 'MSE - std': 0.0, 'R2 - mean': 0.18160069264275047, 'R2 - std': 0.0} 
 

Saved Losses
{'MSE - mean': 0.4455405755877264, 'MSE - std': 0.004211080036532089, 'R2 - mean': 0.29197879304139657, 'R2 - std': 0.1103781003986461} 
 

Saved Losses
{'MSE - mean': 0.4829999660097403, 'MSE - std': 0.05308704165450475, 'R2 - mean': 0.25805316060115546, 'R2 - std': 0.1020985493107015} 
 

Saved Losses
{'MSE - mean': 0.4924765592785852, 'MSE - std': 0.04881693306292081, 'R2 - mean': 0.27744414438276194, 'R2 - std': 0.09458391028376806} 
 

Saved Losses
{'MSE - mean': 0.49575070457328324, 'MSE - std': 0.04415149456789573, 'R2 - mean': 0.2530632248029544, 'R2 - std': 0.09764532669760734} 
 

Saving model.....
Results After CV: {'MSE - mean': 0.49575070457328324, 'MSE - std': 0.04415149456789573, 'R2 - mean': 0.2530632248029544, 'R2 - std': 0.09764532669760734}
Train time: 0.27987813859999733
Inference time: 0.021514835800007858
Finished cross validation
Hyperparam was saved!!! Hurrah!!!
Trial 195 finished with value: 0.49575070457328324 and parameters: {'max_depth': 7, 'n_estimators': 66}. Best is trial 89 with value: 0.4782203882368445.
Saved Losses
{'MSE - mean': 0.4491055280953368, 'MSE - std': 0.0, 'R2 - mean': 0.18277643110979402, 'R2 - std': 0.0} 
 

Saved Losses
{'MSE - mean': 0.4518193476749276, 'MSE - std': 0.0027138195795907982, 'R2 - mean': 0.2836265353920358, 'R2 - std': 0.10085010428224178} 
 

Saved Losses
{'MSE - mean': 0.4831450022783878, 'MSE - std': 0.044356545745556135, 'R2 - mean': 0.2583500753646808, 'R2 - std': 0.08976800405594586} 
 

Saved Losses
{'MSE - mean': 0.49255051620264656, 'MSE - std': 0.041725513051327316, 'R2 - mean': 0.2777112415045848, 'R2 - std': 0.08466572610585782} 
 

Saved Losses
{'MSE - mean': 0.4935648230468933, 'MSE - std': 0.03737552708677608, 'R2 - mean': 0.2570026833315179, 'R2 - std': 0.08631341534231457} 
 

Saving model.....
Results After CV: {'MSE - mean': 0.4935648230468933, 'MSE - std': 0.03737552708677608, 'R2 - mean': 0.2570026833315179, 'R2 - std': 0.08631341534231457}
Train time: 0.40558253039999953
Inference time: 0.028586943000004795
Finished cross validation
Hyperparam was saved!!! Hurrah!!!
Trial 196 finished with value: 0.4935648230468933 and parameters: {'max_depth': 7, 'n_estimators': 96}. Best is trial 89 with value: 0.4782203882368445.
Saved Losses
{'MSE - mean': 0.43363929763656434, 'MSE - std': 0.0, 'R2 - mean': 0.21091985679061387, 'R2 - std': 0.0} 
 

Saved Losses
{'MSE - mean': 0.44049540900947004, 'MSE - std': 0.006856111372905677, 'R2 - mean': 0.30256089823675086, 'R2 - std': 0.091641041446137} 
 

Saved Losses
{'MSE - mean': 0.4765781509975669, 'MSE - std': 0.051334842432123336, 'R2 - mean': 0.26954700748286325, 'R2 - std': 0.08819611263338643} 
 

Saved Losses
{'MSE - mean': 0.4885341142951801, 'MSE - std': 0.04904370205000661, 'R2 - mean': 0.28494990491809397, 'R2 - std': 0.08090527461748988} 
 

Saved Losses
{'MSE - mean': 0.4879234622302076, 'MSE - std': 0.043883018952593486, 'R2 - mean': 0.26682341260915327, 'R2 - std': 0.0809370722379399} 
 

Saving model.....
Results After CV: {'MSE - mean': 0.4879234622302076, 'MSE - std': 0.043883018952593486, 'R2 - mean': 0.26682341260915327, 'R2 - std': 0.0809370722379399}
Train time: 0.3568082881999885
Inference time: 0.026138107799999942
Finished cross validation
Hyperparam was saved!!! Hurrah!!!
Trial 197 finished with value: 0.4879234622302076 and parameters: {'max_depth': 7, 'n_estimators': 83}. Best is trial 89 with value: 0.4782203882368445.
Saved Losses
{'MSE - mean': 0.4310094961525724, 'MSE - std': 0.0, 'R2 - mean': 0.21570522597396624, 'R2 - std': 0.0} 
 

Saved Losses
{'MSE - mean': 0.4473116581980202, 'MSE - std': 0.01630216204544785, 'R2 - mean': 0.29394247717294136, 'R2 - std': 0.07823725119897512} 
 

Saved Losses
{'MSE - mean': 0.47743760131853824, 'MSE - std': 0.04463539577553599, 'R2 - mean': 0.26914962002404064, 'R2 - std': 0.0728703175602107} 
 

Saved Losses
{'MSE - mean': 0.4902989386430612, 'MSE - std': 0.044614805954464855, 'R2 - mean': 0.28322307378201617, 'R2 - std': 0.0676516717312151} 
 

Saved Losses
{'MSE - mean': 0.49247042882988035, 'MSE - std': 0.04014033142376195, 'R2 - mean': 0.26023906256036244, 'R2 - std': 0.07598985483451651} 
 

Saving model.....
Results After CV: {'MSE - mean': 0.49247042882988035, 'MSE - std': 0.04014033142376195, 'R2 - mean': 0.26023906256036244, 'R2 - std': 0.07598985483451651}
Train time: 0.2882150329999945
Inference time: 0.02396254460001046
Finished cross validation
Hyperparam was saved!!! Hurrah!!!
Trial 198 finished with value: 0.49247042882988035 and parameters: {'max_depth': 6, 'n_estimators': 75}. Best is trial 89 with value: 0.4782203882368445.
Saved Losses
{'MSE - mean': 0.46688190870648116, 'MSE - std': 0.0, 'R2 - mean': 0.15042929597965993, 'R2 - std': 0.0} 
 

Saved Losses
{'MSE - mean': 0.47147702894264, 'MSE - std': 0.004595120236158795, 'R2 - mean': 0.2528690524087521, 'R2 - std': 0.1024397564290922} 
 

Saved Losses
{'MSE - mean': 0.518790133405271, 'MSE - std': 0.06701594184301866, 'R2 - mean': 0.2051291084425684, 'R2 - std': 0.10749018698447103} 
 

Saved Losses
{'MSE - mean': 0.515406200629603, 'MSE - std': 0.05833271251125622, 'R2 - mean': 0.24274186772762826, 'R2 - std': 0.11362114330781475} 
 

Saved Losses
{'MSE - mean': 0.5175806678693076, 'MSE - std': 0.05235530068906958, 'R2 - mean': 0.21951577678840284, 'R2 - std': 0.11173905569015993} 
 

Saving model.....
Results After CV: {'MSE - mean': 0.5175806678693076, 'MSE - std': 0.05235530068906958, 'R2 - mean': 0.21951577678840284, 'R2 - std': 0.11173905569015993}
Train time: 0.05516983520000167
Inference time: 0.007474339800012331
Finished cross validation
Hyperparam was saved!!! Hurrah!!!
Trial 199 finished with value: 0.5175806678693076 and parameters: {'max_depth': 7, 'n_estimators': 10}. Best is trial 89 with value: 0.4782203882368445.
Best parameters: {'max_depth': 7, 'n_estimators': 39}
Saved Losses
{'MSE - mean': 0.4642249087914756, 'MSE - std': 0.0, 'R2 - mean': 0.15526415731456855, 'R2 - std': 0.0} 
 

Saved Losses
{'MSE - mean': 0.4512192786700282, 'MSE - std': 0.013005630121447398, 'R2 - mean': 0.280920246686417, 'R2 - std': 0.12565608937184847} 
 

Saved Losses
{'MSE - mean': 0.4812157802912931, 'MSE - std': 0.04373036125622212, 'R2 - mean': 0.25876542439524297, 'R2 - std': 0.10727522624379615} 
 

Saved Losses
{'MSE - mean': 0.49367702928980417, 'MSE - std': 0.04359021164789692, 'R2 - mean': 0.27474050752939627, 'R2 - std': 0.09693601223318692} 
 

Saved Losses
{'MSE - mean': 0.4917859580330576, 'MSE - std': 0.03917128850572995, 'R2 - mean': 0.2590738309073094, 'R2 - std': 0.09219029992175003} 
 

Saving model.....
Results After CV: {'MSE - mean': 0.4917859580330576, 'MSE - std': 0.03917128850572995, 'R2 - mean': 0.2590738309073094, 'R2 - std': 0.09219029992175003}
Train time: 0.17014800940000896
Inference time: 0.01619326719999208
Finished cross validation


----------------------------------------------------------------------------
Training RandomForest Vesion 1 with Dataset: config/moneyball.yml 



----------------------------------------------------------------------------
 Panda Version: 2.0.3
Namespace(batch_size=128, cat_dims=None, cat_idx=None, config='config/moneyball.yml', data_parallel=False, dataset='Moneyball', direction='minimize', dropna_idx=[9, 10, 12, 13], early_stopping_rounds=20, epochs=100, gpu_ids=[0, 1], logging_period=100, miss_cat_idx=None, miss_num_idx=None, model_name='RandomForest', n_trials=200, nominal_idx=[0, 1, 8], num_classes=1, num_features=14, num_idx=None, num_splits=5, objective='regression', one_hot_encode=True, optimize_hyperparameters=True, ordinal_encode=False, ordinal_idx=None, scale=True, seed=221, shuffle=True, target_encode=False, use_gpu=True, val_batch_size=256)
Start hyperparameter optimization
 Panda Version: 2.0.3
Loading dataset Moneyball...
Dataset loaded! 

X b4 encoding : ['ARI' 'NL' 2012 688 81 0.3279999999999999 0.418 0.259 0 162] 

(1232, 10)
Data Type of X: <class 'numpy.ndarray'>
Nominal Idx: [0, 1, 8]
Ordinal Idx: None
Cat Dims: None 
 

Normonal Idx: [0, 1, 8]
Cat Idx Part II: [0, 1, 8] 
ENDE 
 

X after Nominal Encoding: ['ARI' 'NL' 2012 688 81 0.3279999999999999 0.418 0.259 0 162] 
 

Scaling the data...
X after Scaling: ['ARI' 'NL' 1.5554755871677342 -0.2910721732671802 0.008362450087033452
 0.11120590052485849 0.6212382045299186 -0.0211383889172301 0
 0.13005495722996097] 
 

One Hot Encoding...
X after One Hot Encoding: [0.0 1.0 0.0 0.0 0.0 0.0 0.0 0.0 0.0 0.0 0.0 0.0 0.0 0.0 0.0 0.0 0.0 0.0
 0.0 0.0 0.0 0.0 0.0 0.0 0.0 0.0 0.0 0.0 0.0 0.0 0.0 0.0 0.0 0.0 0.0 0.0
 0.0 0.0 0.0 0.0 1.0 1.0 0.0 1.5554755871677342 -0.2910721732671802
 0.008362450087033452 0.11120590052485849 0.6212382045299186
 -0.0211383889172301 0.13005495722996097] 
 

args.num_features: 50
args.cat_idx: None
Cat Dims: []
New Shape: (1232, 50)
False 
 

A new study created in RDB with name: RandomForest_Moneyball
Saved Losses
{'MSE - mean': 692.162632264212, 'MSE - std': 0.0, 'R2 - mean': 0.9195215887777601, 'R2 - std': 0.0} 
 

Saved Losses
{'MSE - mean': 666.6318300668509, 'MSE - std': 25.53080219736114, 'R2 - mean': 0.9178065314756422, 'R2 - std': 0.0017150573021179616} 
 

Saved Losses
{'MSE - mean': 623.7355392434484, 'MSE - std': 64.14617245042001, 'R2 - mean': 0.9259407140575301, 'R2 - std': 0.011588390753278641} 
 

Saved Losses
{'MSE - mean': 635.4435071189416, 'MSE - std': 59.137789232858616, 'R2 - mean': 0.9242711334600344, 'R2 - std': 0.010444165754267135} 
 

Saved Losses
{'MSE - mean': 641.8848901744238, 'MSE - std': 54.44068473990592, 'R2 - mean': 0.9226796971523863, 'R2 - std': 0.00986889845561744} 
 

Saving model.....
Results After CV: {'MSE - mean': 641.8848901744238, 'MSE - std': 54.44068473990592, 'R2 - mean': 0.9226796971523863, 'R2 - std': 0.00986889845561744}
Train time: 0.23556595679999964
Inference time: 0.01302168359999989
Finished cross validation
Hyperparam was saved!!! Hurrah!!!
Trial 0 finished with value: 641.8848901744238 and parameters: {'max_depth': 9, 'n_estimators': 23}. Best is trial 0 with value: 641.8848901744238.
Saved Losses
{'MSE - mean': 666.1422860275891, 'MSE - std': 0.0, 'R2 - mean': 0.9225469993199702, 'R2 - std': 0.0} 
 

Saved Losses
{'MSE - mean': 640.4269414652272, 'MSE - std': 25.715344562361963, 'R2 - mean': 0.9210461862863288, 'R2 - std': 0.0015008130336414127} 
 

Saved Losses
{'MSE - mean': 600.2744340391425, 'MSE - std': 60.54172392527509, 'R2 - mean': 0.9287441130991092, 'R2 - std': 0.010955262705102532} 
 

Saved Losses
{'MSE - mean': 613.4568773732094, 'MSE - std': 57.18658661478952, 'R2 - mean': 0.9269023436230439, 'R2 - std': 0.010009479512554872} 
 

Saved Losses
{'MSE - mean': 624.090466179336, 'MSE - std': 55.39438053188957, 'R2 - mean': 0.9248103758915462, 'R2 - std': 0.00988215867350412} 
 

Saving model.....
Results After CV: {'MSE - mean': 624.090466179336, 'MSE - std': 55.39438053188957, 'R2 - mean': 0.9248103758915462, 'R2 - std': 0.00988215867350412}
Train time: 0.7513886473999998
Inference time: 0.03298885039999995
Finished cross validation
Hyperparam was saved!!! Hurrah!!!
Trial 1 finished with value: 624.090466179336 and parameters: {'max_depth': 7, 'n_estimators': 94}. Best is trial 1 with value: 624.090466179336.
Saved Losses
{'MSE - mean': 860.6182501644571, 'MSE - std': 0.0, 'R2 - mean': 0.8999350929773087, 'R2 - std': 0.0} 
 

Saved Losses
{'MSE - mean': 771.8613606995497, 'MSE - std': 88.75688946490743, 'R2 - mean': 0.9052645381677555, 'R2 - std': 0.005329445190446924} 
 

Saved Losses
{'MSE - mean': 723.7715279875869, 'MSE - std': 99.3837057680299, 'R2 - mean': 0.914369074072576, 'R2 - std': 0.013591190974658766} 
 

Saved Losses
{'MSE - mean': 738.8126637494881, 'MSE - std': 89.92523574705595, 'R2 - mean': 0.9121799521856698, 'R2 - std': 0.01236596611629794} 
 

Saved Losses
{'MSE - mean': 759.8312613835067, 'MSE - std': 90.75441700178536, 'R2 - mean': 0.9085882411525601, 'R2 - std': 0.013188451272723068} 
 

Saving model.....
Results After CV: {'MSE - mean': 759.8312613835067, 'MSE - std': 90.75441700178536, 'R2 - mean': 0.9085882411525601, 'R2 - std': 0.013188451272723068}
Train time: 0.10213219440000003
Inference time: 0.01007867900000008
Finished cross validation
Hyperparam was saved!!! Hurrah!!!
Trial 2 finished with value: 759.8312613835067 and parameters: {'max_depth': 4, 'n_estimators': 17}. Best is trial 1 with value: 624.090466179336.
Saved Losses
{'MSE - mean': 763.3718322623436, 'MSE - std': 0.0, 'R2 - mean': 0.9112420269910891, 'R2 - std': 0.0} 
 

Saved Losses
{'MSE - mean': 740.0134087482451, 'MSE - std': 23.35842351409849, 'R2 - mean': 0.9087224275292829, 'R2 - std': 0.002519599461806299} 
 

Saved Losses
{'MSE - mean': 688.0363977673878, 'MSE - std': 75.94052480099774, 'R2 - mean': 0.9182324005180486, 'R2 - std': 0.013605566022504437} 
 

Saved Losses
{'MSE - mean': 689.1345872457316, 'MSE - std': 65.79392480069303, 'R2 - mean': 0.9178318492518273, 'R2 - std': 0.011803173049869248} 
 

Saved Losses
{'MSE - mean': 700.6875424891693, 'MSE - std': 63.221479988773574, 'R2 - mean': 0.9155415921863547, 'R2 - std': 0.01150795485479133} 
 

Saving model.....
Results After CV: {'MSE - mean': 700.6875424891693, 'MSE - std': 63.221479988773574, 'R2 - mean': 0.9155415921863547, 'R2 - std': 0.01150795485479133}
Train time: 0.07031046020000034
Inference time: 0.009299028200000236
Finished cross validation
Hyperparam was saved!!! Hurrah!!!
Trial 3 finished with value: 700.6875424891693 and parameters: {'max_depth': 5, 'n_estimators': 9}. Best is trial 1 with value: 624.090466179336.
Saved Losses
{'MSE - mean': 1128.2291609092047, 'MSE - std': 0.0, 'R2 - mean': 0.8688197164479197, 'R2 - std': 0.0} 
 

Saved Losses
{'MSE - mean': 954.5444596940918, 'MSE - std': 173.68470121511297, 'R2 - mean': 0.883309650641289, 'R2 - std': 0.014489934193369358} 
 

Saved Losses
{'MSE - mean': 903.1215785477989, 'MSE - std': 159.3723387800622, 'R2 - mean': 0.8935487011610225, 'R2 - std': 0.01869888872928261} 
 

Saved Losses
{'MSE - mean': 898.4797091724033, 'MSE - std': 138.25446694434464, 'R2 - mean': 0.8935360213298643, 'R2 - std': 0.01619372755473315} 
 

Saved Losses
{'MSE - mean': 917.0728324586871, 'MSE - std': 129.12883116565297, 'R2 - mean': 0.8899744506463296, 'R2 - std': 0.016140898135754228} 
 

Saving model.....
Results After CV: {'MSE - mean': 917.0728324586871, 'MSE - std': 129.12883116565297, 'R2 - mean': 0.8899744506463296, 'R2 - std': 0.016140898135754228}
Train time: 0.31340203899999997
Inference time: 0.028306222999999874
Finished cross validation
Hyperparam was saved!!! Hurrah!!!
