Trial 166 finished with value: 616.1555022605046 and parameters: {'max_depth': 11, 'n_estimators': 93}. Best is trial 133 with value: 607.7927640565291.
Saved Losses
{'MSE - mean': 642.7530447643246, 'MSE - std': 0.0, 'R2 - mean': 0.9252664887705978, 'R2 - std': 0.0} 
 

Saved Losses
{'MSE - mean': 626.1596181728585, 'MSE - std': 16.593426591466198, 'R2 - mean': 0.9227426512449102, 'R2 - std': 0.002523837525687689} 
 

Saved Losses
{'MSE - mean': 599.9627741605804, 'MSE - std': 39.44756616621852, 'R2 - mean': 0.9288867506440601, 'R2 - std': 0.008930085036398888} 
 

Saved Losses
{'MSE - mean': 612.3230676764097, 'MSE - std': 40.31641631793431, 'R2 - mean': 0.9271176913165019, 'R2 - std': 0.008318565187653969} 
 

Saved Losses
{'MSE - mean': 617.2515686015837, 'MSE - std': 37.38303392255055, 'R2 - mean': 0.9257261764835093, 'R2 - std': 0.007943807370949628} 
 

Saving model.....
Results After CV: {'MSE - mean': 617.2515686015837, 'MSE - std': 37.38303392255055, 'R2 - mean': 0.9257261764835093, 'R2 - std': 0.007943807370949628}
Train time: 1.3286757789999684
Inference time: 0.04064147500000672
Finished cross validation
Hyperparam was saved!!! Hurrah!!!
Trial 167 finished with value: 617.2515686015837 and parameters: {'max_depth': 12, 'n_estimators': 100}. Best is trial 133 with value: 607.7927640565291.
Saved Losses
{'MSE - mean': 658.6683958323567, 'MSE - std': 0.0, 'R2 - mean': 0.9234159956808314, 'R2 - std': 0.0} 
 

Saved Losses
{'MSE - mean': 633.7412026486825, 'MSE - std': 24.927193183674206, 'R2 - mean': 0.9218666282153507, 'R2 - std': 0.0015493674654807887} 
 

Saved Losses
{'MSE - mean': 601.7630508058636, 'MSE - std': 49.59281900882661, 'R2 - mean': 0.928652322889922, 'R2 - std': 0.00967944544529314} 
 

Saved Losses
{'MSE - mean': 612.1540443891269, 'MSE - std': 46.56719892664716, 'R2 - mean': 0.9271247888130768, 'R2 - std': 0.008790269004079178} 
 

Saved Losses
{'MSE - mean': 617.5394796836208, 'MSE - std': 43.02109791653236, 'R2 - mean': 0.9256788176635629, 'R2 - std': 0.008377254537864223} 
 

Saving model.....
Results After CV: {'MSE - mean': 617.5394796836208, 'MSE - std': 43.02109791653236, 'R2 - mean': 0.9256788176635629, 'R2 - std': 0.008377254537864223}
Train time: 0.8973973973999592
Inference time: 0.03070795520002321
Finished cross validation
Hyperparam was saved!!! Hurrah!!!
Trial 168 finished with value: 617.5394796836208 and parameters: {'max_depth': 11, 'n_estimators': 77}. Best is trial 133 with value: 607.7927640565291.
Saved Losses
{'MSE - mean': 651.7305575133411, 'MSE - std': 0.0, 'R2 - mean': 0.924222664777377, 'R2 - std': 0.0} 
 

Saved Losses
{'MSE - mean': 628.8993212091934, 'MSE - std': 22.83123630414758, 'R2 - mean': 0.9224496586866068, 'R2 - std': 0.001773006090770246} 
 

Saved Losses
{'MSE - mean': 603.1941891969118, 'MSE - std': 40.85361498882164, 'R2 - mean': 0.9285404896463794, 'R2 - std': 0.008734537421046016} 
 

Saved Losses
{'MSE - mean': 616.3481057548863, 'MSE - std': 42.0813492616815, 'R2 - mean': 0.9266651746755777, 'R2 - std': 0.008232224892996921} 
 

Saved Losses
{'MSE - mean': 623.9050945807776, 'MSE - std': 40.55988517002336, 'R2 - mean': 0.924933794730604, 'R2 - std': 0.008136727069684211} 
 

Saving model.....
Results After CV: {'MSE - mean': 623.9050945807776, 'MSE - std': 40.55988517002336, 'R2 - mean': 0.924933794730604, 'R2 - std': 0.008136727069684211}
Train time: 0.587389212800008
Inference time: 0.02664753300000484
Finished cross validation
Hyperparam was saved!!! Hurrah!!!
Trial 169 finished with value: 623.9050945807776 and parameters: {'max_depth': 10, 'n_estimators': 59}. Best is trial 133 with value: 607.7927640565291.
Saved Losses
{'MSE - mean': 1092.4915795248828, 'MSE - std': 0.0, 'R2 - mean': 0.8729749592140993, 'R2 - std': 0.0} 
 

Saved Losses
{'MSE - mean': 922.7422647598448, 'MSE - std': 169.74931476503804, 'R2 - mean': 0.8872109025582169, 'R2 - std': 0.014235943344117652} 
 

Saved Losses
{'MSE - mean': 887.6030135782861, 'MSE - std': 147.23933076005198, 'R2 - mean': 0.8955390250816001, 'R2 - std': 0.016547607222604226} 
 

Saved Losses
{'MSE - mean': 893.1196554547461, 'MSE - std': 127.87050248114429, 'R2 - mean': 0.8942727762227543, 'R2 - std': 0.014497504513286852} 
 

Saved Losses
{'MSE - mean': 915.1872474546377, 'MSE - std': 122.59121824388153, 'R2 - mean': 0.8902627206042396, 'R2 - std': 0.015246779789337245} 
 

Saving model.....
Results After CV: {'MSE - mean': 915.1872474546377, 'MSE - std': 122.59121824388153, 'R2 - mean': 0.8902627206042396, 'R2 - std': 0.015246779789337245}
Train time: 0.36904611620000194
Inference time: 0.02853279279997878
Finished cross validation
Hyperparam was saved!!! Hurrah!!!
Trial 170 finished with value: 915.1872474546377 and parameters: {'max_depth': 3, 'n_estimators': 86}. Best is trial 133 with value: 607.7927640565291.
Saved Losses
{'MSE - mean': 646.927920122608, 'MSE - std': 0.0, 'R2 - mean': 0.9247810720199326, 'R2 - std': 0.0} 
 

Saved Losses
{'MSE - mean': 625.2999999848937, 'MSE - std': 21.62792013771434, 'R2 - mean': 0.9228856591648062, 'R2 - std': 0.0018954128551263993} 
 

Saved Losses
{'MSE - mean': 592.5400667843187, 'MSE - std': 49.5809546728161, 'R2 - mean': 0.9297179411488452, 'R2 - std': 0.009785459322200016} 
 

Saved Losses
{'MSE - mean': 602.9578116636255, 'MSE - std': 46.57565377761067, 'R2 - mean': 0.9281983978615409, 'R2 - std': 0.008873750391790246} 
 

Saved Losses
{'MSE - mean': 611.2990373932453, 'MSE - std': 44.87468558708089, 'R2 - mean': 0.9263977527020094, 'R2 - std': 0.00871573569899953} 
 

Saving model.....
Results After CV: {'MSE - mean': 611.2990373932453, 'MSE - std': 44.87468558708089, 'R2 - mean': 0.9263977527020094, 'R2 - std': 0.00871573569899953}
Train time: 0.9349575153999922
Inference time: 0.034195960000033665
Finished cross validation
Hyperparam was saved!!! Hurrah!!!
Trial 171 finished with value: 611.2990373932453 and parameters: {'max_depth': 12, 'n_estimators': 93}. Best is trial 133 with value: 607.7927640565291.
Saved Losses
{'MSE - mean': 650.3523641093063, 'MSE - std': 0.0, 'R2 - mean': 0.9243829086425375, 'R2 - std': 0.0} 
 

Saved Losses
{'MSE - mean': 637.1501972267961, 'MSE - std': 13.202166882510312, 'R2 - mean': 0.9213596999310854, 'R2 - std': 0.003023208711452119} 
 

Saved Losses
{'MSE - mean': 605.0695316740457, 'MSE - std': 46.63192409580881, 'R2 - mean': 0.9282033082119705, 'R2 - std': 0.009988150106320867} 
 

Saved Losses
{'MSE - mean': 616.3173753981051, 'MSE - std': 44.83797747424101, 'R2 - mean': 0.9265853347297444, 'R2 - std': 0.009092627314333213} 
 

Saved Losses
{'MSE - mean': 619.8415652538426, 'MSE - std': 40.718976359205875, 'R2 - mean': 0.9253761807460597, 'R2 - std': 0.008484627900322377} 
 

Saving model.....
Results After CV: {'MSE - mean': 619.8415652538426, 'MSE - std': 40.718976359205875, 'R2 - mean': 0.9253761807460597, 'R2 - std': 0.008484627900322377}
Train time: 0.8951299135999534
Inference time: 0.034171065799955616
Finished cross validation
Hyperparam was saved!!! Hurrah!!!
Trial 172 finished with value: 619.8415652538426 and parameters: {'max_depth': 12, 'n_estimators': 91}. Best is trial 133 with value: 607.7927640565291.
Saved Losses
{'MSE - mean': 649.1228506092169, 'MSE - std': 0.0, 'R2 - mean': 0.9245258653530721, 'R2 - std': 0.0} 
 

Saved Losses
{'MSE - mean': 629.354976770851, 'MSE - std': 19.767873838365972, 'R2 - mean': 0.9223709710773811, 'R2 - std': 0.0021548942756910994} 
 

Saved Losses
{'MSE - mean': 599.1431522210954, 'MSE - std': 45.67298153879882, 'R2 - mean': 0.9289558658368735, 'R2 - std': 0.009477203747947993} 
 

Saved Losses
{'MSE - mean': 612.3087525897249, 'MSE - std': 45.65648947501292, 'R2 - mean': 0.9270972382295336, 'R2 - std': 0.00881626524716604} 
 

Saved Losses
{'MSE - mean': 616.6302062850563, 'MSE - std': 41.74100948838139, 'R2 - mean': 0.925786262671131, 'R2 - std': 0.008309985197677906} 
 

Saving model.....
Results After CV: {'MSE - mean': 616.6302062850563, 'MSE - std': 41.74100948838139, 'R2 - mean': 0.925786262671131, 'R2 - std': 0.008309985197677906}
Train time: 1.0250954766000178
Inference time: 0.03755221999999776
Finished cross validation
Hyperparam was saved!!! Hurrah!!!
Trial 173 finished with value: 616.6302062850563 and parameters: {'max_depth': 12, 'n_estimators': 95}. Best is trial 133 with value: 607.7927640565291.
Saved Losses
{'MSE - mean': 657.1224143422256, 'MSE - std': 0.0, 'R2 - mean': 0.9235957484272311, 'R2 - std': 0.0} 
 

Saved Losses
{'MSE - mean': 642.6802262112633, 'MSE - std': 14.442188130962336, 'R2 - mean': 0.9206853776242585, 'R2 - std': 0.002910370802972684} 
 

Saved Losses
{'MSE - mean': 605.4592075876893, 'MSE - std': 53.94311497704115, 'R2 - mean': 0.9281079560154124, 'R2 - std': 0.01076272171677988} 
 

Saved Losses
{'MSE - mean': 617.175399034295, 'MSE - std': 50.933310967482356, 'R2 - mean': 0.9264457011813865, 'R2 - std': 0.009755327132616357} 
 

Saved Losses
{'MSE - mean': 622.065119912803, 'MSE - std': 46.59398259396885, 'R2 - mean': 0.9250718029946279, 'R2 - std': 0.00914786919898845} 
 

Saving model.....
Results After CV: {'MSE - mean': 622.065119912803, 'MSE - std': 46.59398259396885, 'R2 - mean': 0.9250718029946279, 'R2 - std': 0.00914786919898845}
Train time: 0.799893227199982
Inference time: 0.030935959799990087
Finished cross validation
Hyperparam was saved!!! Hurrah!!!
Trial 174 finished with value: 622.065119912803 and parameters: {'max_depth': 11, 'n_estimators': 82}. Best is trial 133 with value: 607.7927640565291.
Saved Losses
{'MSE - mean': 654.8025765525922, 'MSE - std': 0.0, 'R2 - mean': 0.9238654781856729, 'R2 - std': 0.0} 
 

Saved Losses
{'MSE - mean': 636.1446609644863, 'MSE - std': 18.657915588105936, 'R2 - mean': 0.9215238173554126, 'R2 - std': 0.0023416608302603836} 
 

Saved Losses
{'MSE - mean': 604.1529776983443, 'MSE - std': 47.739021137125256, 'R2 - mean': 0.9283391685814403, 'R2 - std': 0.009826169563851106} 
 

Saved Losses
{'MSE - mean': 613.5488766828765, 'MSE - std': 44.43095044595344, 'R2 - mean': 0.9269377964380769, 'R2 - std': 0.008849109439697862} 
 

Saved Losses
{'MSE - mean': 619.2751376690975, 'MSE - std': 41.357559714686786, 'R2 - mean': 0.9254515364679913, 'R2 - std': 0.008454659371927221} 
 

Saving model.....
Results After CV: {'MSE - mean': 619.2751376690975, 'MSE - std': 41.357559714686786, 'R2 - mean': 0.9254515364679913, 'R2 - std': 0.008454659371927221}
Train time: 0.8327064391999783
Inference time: 0.035371923200023046
Finished cross validation
Hyperparam was saved!!! Hurrah!!!
Trial 175 finished with value: 619.2751376690975 and parameters: {'max_depth': 12, 'n_estimators': 88}. Best is trial 133 with value: 607.7927640565291.
Saved Losses
{'MSE - mean': 656.2656349129459, 'MSE - std': 0.0, 'R2 - mean': 0.9236953669908783, 'R2 - std': 0.0} 
 

Saved Losses
{'MSE - mean': 636.5154291777847, 'MSE - std': 19.750205735161217, 'R2 - mean': 0.9214859788417362, 'R2 - std': 0.002209388149142122} 
 

Saved Losses
{'MSE - mean': 603.7327879066464, 'MSE - std': 49.0861510185076, 'R2 - mean': 0.9283856379532085, 'R2 - std': 0.009922945918665356} 
 

Saved Losses
{'MSE - mean': 611.8739277684729, 'MSE - std': 44.787522158613086, 'R2 - mean': 0.9271363717981419, 'R2 - std': 0.00886175149488815} 
 

Saved Losses
{'MSE - mean': 619.1949514786597, 'MSE - std': 42.65122818333701, 'R2 - mean': 0.9254524916377675, 'R2 - std': 0.008611987065929182} 
 

Saving model.....
Results After CV: {'MSE - mean': 619.1949514786597, 'MSE - std': 42.65122818333701, 'R2 - mean': 0.9254524916377675, 'R2 - std': 0.008611987065929182}
Train time: 0.6538037689999783
Inference time: 0.028128861599998344
Finished cross validation
Hyperparam was saved!!! Hurrah!!!
Trial 176 finished with value: 619.1949514786597 and parameters: {'max_depth': 11, 'n_estimators': 72}. Best is trial 133 with value: 607.7927640565291.
Saved Losses
{'MSE - mean': 646.5916818099934, 'MSE - std': 0.0, 'R2 - mean': 0.9248201667701111, 'R2 - std': 0.0} 
 

Saved Losses
{'MSE - mean': 624.8005024722358, 'MSE - std': 21.791179337757455, 'R2 - mean': 0.922948577971485, 'R2 - std': 0.0018715887986262003} 
 

Saved Losses
{'MSE - mean': 593.1764155165537, 'MSE - std': 48.132484694309916, 'R2 - mean': 0.9296557505884526, 'R2 - std': 0.009607682279389532} 
 

Saved Losses
{'MSE - mean': 603.9643796940559, 'MSE - std': 45.680330290193815, 'R2 - mean': 0.9280880254210127, 'R2 - std': 0.008752368575885393} 
 

Saved Losses
{'MSE - mean': 609.8124314300279, 'MSE - std': 42.498857593626916, 'R2 - mean': 0.9265967259504251, 'R2 - std': 0.008377294371956567} 
 

Saving model.....
Results After CV: {'MSE - mean': 609.8124314300279, 'MSE - std': 42.498857593626916, 'R2 - mean': 0.9265967259504251, 'R2 - std': 0.008377294371956567}
Train time: 0.7554796051999801
Inference time: 0.031689528600008995
Finished cross validation
Hyperparam was saved!!! Hurrah!!!
Trial 177 finished with value: 609.8124314300279 and parameters: {'max_depth': 12, 'n_estimators': 77}. Best is trial 133 with value: 607.7927640565291.
Saved Losses
{'MSE - mean': 643.8624241153273, 'MSE - std': 0.0, 'R2 - mean': 0.9251375001724711, 'R2 - std': 0.0} 
 

Saved Losses
{'MSE - mean': 617.7501680314178, 'MSE - std': 26.112256083909415, 'R2 - mean': 0.9238514006697597, 'R2 - std': 0.001286099502711413} 
 

Saved Losses
{'MSE - mean': 594.5001624814284, 'MSE - std': 39.18790793102104, 'R2 - mean': 0.9296104805586243, 'R2 - std': 0.008211985364082066} 
 

Saved Losses
{'MSE - mean': 605.2300946088733, 'MSE - std': 38.69319612524086, 'R2 - mean': 0.9280212146479807, 'R2 - std': 0.00762593116406935} 
 

Saved Losses
{'MSE - mean': 615.007367854627, 'MSE - std': 39.75061043050287, 'R2 - mean': 0.9260190425763858, 'R2 - std': 0.007909401552102383} 
 

Saving model.....
Results After CV: {'MSE - mean': 615.007367854627, 'MSE - std': 39.75061043050287, 'R2 - mean': 0.9260190425763858, 'R2 - std': 0.007909401552102383}
Train time: 0.6455706680000048
Inference time: 0.029378579800004447
Finished cross validation
Hyperparam was saved!!! Hurrah!!!
Trial 178 finished with value: 615.007367854627 and parameters: {'max_depth': 10, 'n_estimators': 66}. Best is trial 133 with value: 607.7927640565291.
Saved Losses
{'MSE - mean': 643.7340432999845, 'MSE - std': 0.0, 'R2 - mean': 0.9251524271326516, 'R2 - std': 0.0} 
 

Saved Losses
{'MSE - mean': 617.0270802725922, 'MSE - std': 26.70696302739219, 'R2 - mean': 0.9239451018924254, 'R2 - std': 0.0012073252402261536} 
 

Saved Losses
{'MSE - mean': 586.9074947235744, 'MSE - std': 47.85276150220462, 'R2 - mean': 0.9304368369437989, 'R2 - std': 0.009233471942426878} 
 

Saved Losses
{'MSE - mean': 603.2108088699975, 'MSE - std': 50.14787377358134, 'R2 - mean': 0.9281984789597224, 'R2 - std': 0.008886703127612814} 
 

Saved Losses
{'MSE - mean': 608.8388660567014, 'MSE - std': 46.244432162110854, 'R2 - mean': 0.9267315549352795, 'R2 - std': 0.008472677165843736} 
 

Saving model.....
Results After CV: {'MSE - mean': 608.8388660567014, 'MSE - std': 46.244432162110854, 'R2 - mean': 0.9267315549352795, 'R2 - std': 0.008472677165843736}
Train time: 0.7659418419999838
Inference time: 0.030387264399973902
Finished cross validation
Hyperparam was saved!!! Hurrah!!!
Trial 179 finished with value: 608.8388660567014 and parameters: {'max_depth': 11, 'n_estimators': 78}. Best is trial 133 with value: 607.7927640565291.
Saved Losses
{'MSE - mean': 680.5529126027203, 'MSE - std': 0.0, 'R2 - mean': 0.9208714619860783, 'R2 - std': 0.0} 
 

Saved Losses
{'MSE - mean': 642.9375685206624, 'MSE - std': 37.6153440820579, 'R2 - mean': 0.9208228671114778, 'R2 - std': 4.859487460057155e-05} 
 

Saved Losses
{'MSE - mean': 607.6300625443067, 'MSE - std': 58.62180507412338, 'R2 - mean': 0.9279848326638646, 'R2 - std': 0.010128626533496207} 
 

Saved Losses
{'MSE - mean': 615.6197670519201, 'MSE - std': 52.620273250604875, 'R2 - mean': 0.9267366910956201, 'R2 - std': 0.009034123018557064} 
 

Saved Losses
{'MSE - mean': 619.4578442981772, 'MSE - std': 47.68687317666786, 'R2 - mean': 0.9254754101225876, 'R2 - std': 0.008464964367513487} 
 

Saving model.....
Results After CV: {'MSE - mean': 619.4578442981772, 'MSE - std': 47.68687317666786, 'R2 - mean': 0.9254754101225876, 'R2 - std': 0.008464964367513487}
Train time: 0.7282450491999952
Inference time: 0.02821304360004433
Finished cross validation
Hyperparam was saved!!! Hurrah!!!
Trial 180 finished with value: 619.4578442981772 and parameters: {'max_depth': 11, 'n_estimators': 75}. Best is trial 133 with value: 607.7927640565291.
Saved Losses
{'MSE - mean': 655.6573330167312, 'MSE - std': 0.0, 'R2 - mean': 0.9237660948341174, 'R2 - std': 0.0} 
 

Saved Losses
{'MSE - mean': 635.7729358862048, 'MSE - std': 19.884397130526395, 'R2 - mean': 0.92157871384568, 'R2 - std': 0.002187380988437404} 
 

Saved Losses
{'MSE - mean': 603.9897586038614, 'MSE - std': 47.79051735597124, 'R2 - mean': 0.92836667796462, 'R2 - std': 0.009764357163637782} 
 

Saved Losses
{'MSE - mean': 611.7761247896399, 'MSE - std': 43.52967559034457, 'R2 - mean': 0.9271571322991184, 'R2 - std': 0.008711831338192576} 
 

Saved Losses
{'MSE - mean': 618.9211472480839, 'MSE - std': 41.473744819188795, 'R2 - mean': 0.9254936125643016, 'R2 - std': 0.008472661674148835} 
 

Saving model.....
Results After CV: {'MSE - mean': 618.9211472480839, 'MSE - std': 41.473744819188795, 'R2 - mean': 0.9254936125643016, 'R2 - std': 0.008472661674148835}
Train time: 0.9130940922000036
Inference time: 0.03167385820001982
Finished cross validation
Hyperparam was saved!!! Hurrah!!!
Trial 181 finished with value: 618.9211472480839 and parameters: {'max_depth': 11, 'n_estimators': 78}. Best is trial 133 with value: 607.7927640565291.
Saved Losses
{'MSE - mean': 655.1841661700272, 'MSE - std': 0.0, 'R2 - mean': 0.92382111039591, 'R2 - std': 0.0} 
 

Saved Losses
{'MSE - mean': 636.0543738882564, 'MSE - std': 19.129792281770904, 'R2 - mean': 0.9215384219939715, 'R2 - std': 0.002282688401938515} 
 

Saved Losses
{'MSE - mean': 598.3400986332829, 'MSE - std': 55.57606575236868, 'R2 - mean': 0.9289669131311252, 'R2 - std': 0.010669523827695903} 
 

Saved Losses
{'MSE - mean': 610.8643616557825, 'MSE - std': 52.792952239422654, 'R2 - mean': 0.9272069142522862, 'R2 - std': 0.009729945641825095} 
 

Saved Losses
{'MSE - mean': 619.4141900644123, 'MSE - std': 50.22026391996778, 'R2 - mean': 0.9253802108028278, 'R2 - std': 0.00943847740492863} 
 

Saving model.....
Results After CV: {'MSE - mean': 619.4141900644123, 'MSE - std': 50.22026391996778, 'R2 - mean': 0.9253802108028278, 'R2 - std': 0.00943847740492863}
Train time: 1.0237812630000007
Inference time: 0.03489444799997728
Finished cross validation
Hyperparam was saved!!! Hurrah!!!
Trial 182 finished with value: 619.4141900644123 and parameters: {'max_depth': 12, 'n_estimators': 83}. Best is trial 133 with value: 607.7927640565291.
Saved Losses
{'MSE - mean': 659.2847216970831, 'MSE - std': 0.0, 'R2 - mean': 0.9233443348830994, 'R2 - std': 0.0} 
 

Saved Losses
{'MSE - mean': 633.679933946918, 'MSE - std': 25.604787750165087, 'R2 - mean': 0.9218791497336799, 'R2 - std': 0.0014651851494195123} 
 

Saved Losses
{'MSE - mean': 601.40927769239, 'MSE - std': 50.198213255219336, 'R2 - mean': 0.9286942881805996, 'R2 - std': 0.009712023602186195} 
 

Saved Losses
{'MSE - mean': 612.6940012643684, 'MSE - std': 47.664771255092035, 'R2 - mean': 0.9270593047094975, 'R2 - std': 0.00887479941685435} 
 

Saved Losses
{'MSE - mean': 619.137024547032, 'MSE - std': 44.537563147572165, 'R2 - mean': 0.9254803318726221, 'R2 - std': 0.008542966266460306} 
 

Saving model.....
Results After CV: {'MSE - mean': 619.137024547032, 'MSE - std': 44.537563147572165, 'R2 - mean': 0.9254803318726221, 'R2 - std': 0.008542966266460306}
Train time: 0.8543815477999942
Inference time: 0.03011200920000192
Finished cross validation
Hyperparam was saved!!! Hurrah!!!
Trial 183 finished with value: 619.137024547032 and parameters: {'max_depth': 12, 'n_estimators': 69}. Best is trial 133 with value: 607.7927640565291.
Saved Losses
{'MSE - mean': 655.5296889430862, 'MSE - std': 0.0, 'R2 - mean': 0.9237809361326361, 'R2 - std': 0.0} 
 

Saved Losses
{'MSE - mean': 628.1927076701438, 'MSE - std': 27.33698127294241, 'R2 - mean': 0.9225698960778974, 'R2 - std': 0.0012110400547387101} 
 

Saved Losses
{'MSE - mean': 597.0829328928958, 'MSE - std': 49.33399642701102, 'R2 - mean': 0.9292265694576255, 'R2 - std': 0.009465745945859295} 
 

Saved Losses
{'MSE - mean': 610.5516222876844, 'MSE - std': 48.67852899004986, 'R2 - mean': 0.9273257870365519, 'R2 - std': 0.008833978784808788} 
 

Saved Losses
{'MSE - mean': 619.15871923956, 'MSE - std': 46.818883150541424, 'R2 - mean': 0.9254759707632083, 'R2 - std': 0.00872459889719117} 
 

Saving model.....
Results After CV: {'MSE - mean': 619.15871923956, 'MSE - std': 46.818883150541424, 'R2 - mean': 0.9254759707632083, 'R2 - std': 0.00872459889719117}
Train time: 1.0074249154000199
Inference time: 0.03190297179999106
Finished cross validation
Hyperparam was saved!!! Hurrah!!!
