[I 2025-01-24 07:54:33,669] Trial 87 finished with value: 3.8418466444414876 and parameters: {'max_depth': 5, 'n_estimators': 72}. Best is trial 78 with value: 3.226573517655239.
[I 2025-01-24 08:09:36,505] Trial 88 finished with value: 3.386192062285923 and parameters: {'max_depth': 10, 'n_estimators': 51}. Best is trial 78 with value: 3.226573517655239.
[I 2025-01-24 08:19:46,460] Trial 89 finished with value: 3.420160074530144 and parameters: {'max_depth': 9, 'n_estimators': 36}. Best is trial 78 with value: 3.226573517655239.
[I 2025-01-24 08:36:42,551] Trial 90 finished with value: 3.3254260198348256 and parameters: {'max_depth': 11, 'n_estimators': 56}. Best is trial 78 with value: 3.226573517655239.
[I 2025-01-24 08:50:39,574] Trial 91 finished with value: 3.275716270476719 and parameters: {'max_depth': 12, 'n_estimators': 42}. Best is trial 78 with value: 3.226573517655239.
[I 2025-01-24 09:07:20,770] Trial 92 finished with value: 3.2521952702883263 and parameters: {'max_depth': 12, 'n_estimators': 52}. Best is trial 78 with value: 3.226573517655239.
[I 2025-01-24 09:22:22,218] Trial 93 finished with value: 3.2363565700623993 and parameters: {'max_depth': 12, 'n_estimators': 47}. Best is trial 78 with value: 3.226573517655239.
[I 2025-01-24 09:36:40,037] Trial 94 finished with value: 3.3310057201539776 and parameters: {'max_depth': 11, 'n_estimators': 46}. Best is trial 78 with value: 3.226573517655239.
[I 2025-01-24 09:47:14,403] Trial 95 finished with value: 3.267804914047219 and parameters: {'max_depth': 12, 'n_estimators': 32}. Best is trial 78 with value: 3.226573517655239.
[I 2025-01-24 10:04:19,172] Trial 96 finished with value: 3.3840560640659803 and parameters: {'max_depth': 10, 'n_estimators': 58}. Best is trial 78 with value: 3.226573517655239.
[I 2025-01-24 10:27:06,808] Trial 97 finished with value: 3.261673965681949 and parameters: {'max_depth': 12, 'n_estimators': 72}. Best is trial 78 with value: 3.226573517655239.
[I 2025-01-24 10:41:47,229] Trial 98 finished with value: 3.330561499102699 and parameters: {'max_depth': 11, 'n_estimators': 48}. Best is trial 78 with value: 3.226573517655239.
[I 2025-01-24 10:54:00,449] Trial 99 finished with value: 3.29055098855446 and parameters: {'max_depth': 11, 'n_estimators': 39}. Best is trial 78 with value: 3.226573517655239.
[I 2025-01-24 11:02:07,257] Trial 100 finished with value: 3.268597770177075 and parameters: {'max_depth': 12, 'n_estimators': 24}. Best is trial 78 with value: 3.226573517655239.
[I 2025-01-24 11:18:46,578] Trial 101 finished with value: 3.2491260946816225 and parameters: {'max_depth': 12, 'n_estimators': 52}. Best is trial 78 with value: 3.226573517655239.
[I 2025-01-24 11:39:50,590] Trial 102 finished with value: 3.235007449909186 and parameters: {'max_depth': 12, 'n_estimators': 65}. Best is trial 78 with value: 3.226573517655239.
[I 2025-01-24 11:59:57,091] Trial 103 finished with value: 3.303909401434667 and parameters: {'max_depth': 11, 'n_estimators': 65}. Best is trial 78 with value: 3.226573517655239.
[I 2025-01-24 12:24:48,431] Trial 104 finished with value: 3.3783004769401437 and parameters: {'max_depth': 10, 'n_estimators': 87}. Best is trial 78 with value: 3.226573517655239.
[I 2025-01-24 12:49:25,944] Trial 105 finished with value: 3.2354311635626494 and parameters: {'max_depth': 12, 'n_estimators': 78}. Best is trial 78 with value: 3.226573517655239.
[I 2025-01-24 13:13:18,791] Trial 106 finished with value: 3.313229627557734 and parameters: {'max_depth': 11, 'n_estimators': 80}. Best is trial 78 with value: 3.226573517655239.
[I 2025-01-24 13:36:53,903] Trial 107 finished with value: 3.2248675225872754 and parameters: {'max_depth': 12, 'n_estimators': 74}. Best is trial 107 with value: 3.2248675225872754.
[I 2025-01-24 13:45:46,599] Trial 108 finished with value: 4.142874017618588 and parameters: {'max_depth': 3, 'n_estimators': 71}. Best is trial 107 with value: 3.2248675225872754.
[I 2025-01-24 14:02:01,668] Trial 109 finished with value: 3.7486993337213166 and parameters: {'max_depth': 6, 'n_estimators': 79}. Best is trial 107 with value: 3.2248675225872754.
[I 2025-01-24 14:30:00,553] Trial 110 finished with value: 3.3105787799988255 and parameters: {'max_depth': 11, 'n_estimators': 93}. Best is trial 107 with value: 3.2248675225872754.
[I 2025-01-24 14:56:56,269] Trial 111 finished with value: 3.2323522094219035 and parameters: {'max_depth': 12, 'n_estimators': 86}. Best is trial 107 with value: 3.2248675225872754.
[I 2025-01-24 15:23:35,238] Trial 112 finished with value: 3.23852876021369 and parameters: {'max_depth': 12, 'n_estimators': 85}. Best is trial 107 with value: 3.2248675225872754.
[I 2025-01-24 15:49:52,116] Trial 113 finished with value: 3.294248171921134 and parameters: {'max_depth': 11, 'n_estimators': 88}. Best is trial 107 with value: 3.2248675225872754.
[I 2025-01-24 16:13:40,056] Trial 114 finished with value: 3.249266317095399 and parameters: {'max_depth': 12, 'n_estimators': 75}. Best is trial 107 with value: 3.2248675225872754.
[I 2025-01-24 16:37:57,623] Trial 115 finished with value: 3.378065702564895 and parameters: {'max_depth': 10, 'n_estimators': 85}. Best is trial 107 with value: 3.2248675225872754.
[I 2025-01-24 17:04:05,391] Trial 116 finished with value: 3.237115610561246 and parameters: {'max_depth': 12, 'n_estimators': 82}. Best is trial 107 with value: 3.2248675225872754.
[I 2025-01-24 17:33:41,905] Trial 117 finished with value: 3.3215731483664444 and parameters: {'max_depth': 11, 'n_estimators': 98}. Best is trial 107 with value: 3.2248675225872754.
[I 2025-01-24 17:57:34,867] Trial 118 finished with value: 3.3620429627121693 and parameters: {'max_depth': 10, 'n_estimators': 83}. Best is trial 107 with value: 3.2248675225872754.
[I 2025-01-24 18:21:07,583] Trial 119 finished with value: 3.2430703570098642 and parameters: {'max_depth': 12, 'n_estimators': 74}. Best is trial 107 with value: 3.2248675225872754.
[I 2025-01-24 18:48:23,313] Trial 120 finished with value: 3.2931545908242414 and parameters: {'max_depth': 11, 'n_estimators': 90}. Best is trial 107 with value: 3.2248675225872754.
[I 2025-01-24 19:12:01,501] Trial 121 finished with value: 3.253805380477383 and parameters: {'max_depth': 12, 'n_estimators': 74}. Best is trial 107 with value: 3.2248675225872754.
[I 2025-01-24 19:33:23,941] Trial 122 finished with value: 3.2226144922669326 and parameters: {'max_depth': 12, 'n_estimators': 67}. Best is trial 122 with value: 3.2226144922669326.
[I 2025-01-24 19:54:56,050] Trial 123 finished with value: 3.2486847269578356 and parameters: {'max_depth': 12, 'n_estimators': 68}. Best is trial 122 with value: 3.2226144922669326.
[I 2025-01-24 20:13:41,809] Trial 124 finished with value: 3.299648688972561 and parameters: {'max_depth': 11, 'n_estimators': 61}. Best is trial 122 with value: 3.2226144922669326.
[I 2025-01-24 20:35:14,908] Trial 125 finished with value: 3.280282544985371 and parameters: {'max_depth': 12, 'n_estimators': 68}. Best is trial 122 with value: 3.2226144922669326.
[I 2025-01-24 20:59:53,120] Trial 126 finished with value: 3.2360969375800908 and parameters: {'max_depth': 12, 'n_estimators': 78}. Best is trial 122 with value: 3.2226144922669326.
[I 2025-01-24 21:23:17,999] Trial 127 finished with value: 3.3120147652503653 and parameters: {'max_depth': 11, 'n_estimators': 77}. Best is trial 122 with value: 3.2226144922669326.
[I 2025-01-24 21:43:32,259] Trial 128 finished with value: 3.2531899877248427 and parameters: {'max_depth': 12, 'n_estimators': 64}. Best is trial 122 with value: 3.2226144922669326.
[I 2025-01-24 22:12:01,560] Trial 129 finished with value: 3.282955223763692 and parameters: {'max_depth': 11, 'n_estimators': 95}. Best is trial 122 with value: 3.2226144922669326.
[I 2025-01-24 22:35:46,037] Trial 130 finished with value: 3.4037640474007382 and parameters: {'max_depth': 10, 'n_estimators': 83}. Best is trial 122 with value: 3.2226144922669326.
[I 2025-01-24 22:58:14,127] Trial 131 finished with value: 3.2278379609701284 and parameters: {'max_depth': 12, 'n_estimators': 71}. Best is trial 122 with value: 3.2226144922669326.
[I 2025-01-24 23:20:57,393] Trial 132 finished with value: 3.252055491472268 and parameters: {'max_depth': 12, 'n_estimators': 72}. Best is trial 122 with value: 3.2226144922669326.
[I 2025-01-24 23:45:21,404] Trial 133 finished with value: 3.2138008980953843 and parameters: {'max_depth': 12, 'n_estimators': 77}. Best is trial 133 with value: 3.2138008980953843.
[I 2025-01-25 00:09:52,417] Trial 134 finished with value: 3.252359313539516 and parameters: {'max_depth': 12, 'n_estimators': 77}. Best is trial 133 with value: 3.2138008980953843.
[I 2025-01-25 00:37:34,130] Trial 135 finished with value: 3.3159636850444576 and parameters: {'max_depth': 11, 'n_estimators': 91}. Best is trial 133 with value: 3.2138008980953843.
[I 2025-01-25 01:04:05,546] Trial 136 finished with value: 3.250896536588671 and parameters: {'max_depth': 12, 'n_estimators': 82}. Best is trial 133 with value: 3.2138008980953843.
[I 2025-01-25 01:25:30,738] Trial 137 finished with value: 3.2938714675702365 and parameters: {'max_depth': 11, 'n_estimators': 70}. Best is trial 133 with value: 3.2138008980953843.
[I 2025-01-25 01:57:43,585] Trial 138 finished with value: 3.2308786173625066 and parameters: {'max_depth': 12, 'n_estimators': 100}. Best is trial 133 with value: 3.2138008980953843.
[I 2025-01-25 02:27:20,333] Trial 139 finished with value: 3.3194157714308608 and parameters: {'max_depth': 11, 'n_estimators': 96}. Best is trial 133 with value: 3.2138008980953843.
[I 2025-01-25 02:56:37,876] Trial 140 finished with value: 3.3666862440815386 and parameters: {'max_depth': 10, 'n_estimators': 100}. Best is trial 133 with value: 3.2138008980953843.
[I 2025-01-25 03:24:46,852] Trial 141 finished with value: 3.2381551477491177 and parameters: {'max_depth': 12, 'n_estimators': 88}. Best is trial 133 with value: 3.2138008980953843.
[I 2025-01-25 03:53:06,129] Trial 142 finished with value: 3.269667379635787 and parameters: {'max_depth': 12, 'n_estimators': 88}. Best is trial 133 with value: 3.2138008980953843.
[I 2025-01-25 04:18:38,980] Trial 143 finished with value: 3.251016076316367 and parameters: {'max_depth': 12, 'n_estimators': 80}. Best is trial 133 with value: 3.2138008980953843.
[I 2025-01-25 04:46:40,995] Trial 144 finished with value: 3.248380297237813 and parameters: {'max_depth': 12, 'n_estimators': 87}. Best is trial 133 with value: 3.2138008980953843.
[I 2025-01-25 05:06:17,016] Trial 145 finished with value: 3.3042837837556065 and parameters: {'max_depth': 11, 'n_estimators': 64}. Best is trial 133 with value: 3.2138008980953843.
[I 2025-01-25 05:30:22,190] Trial 146 finished with value: 3.2583252043601427 and parameters: {'max_depth': 12, 'n_estimators': 76}. Best is trial 133 with value: 3.2138008980953843.
[I 2025-01-25 05:58:05,915] Trial 147 finished with value: 3.3077040477575914 and parameters: {'max_depth': 11, 'n_estimators': 91}. Best is trial 133 with value: 3.2138008980953843.
[I 2025-01-25 06:05:07,767] Trial 148 finished with value: 3.2952092151357193 and parameters: {'max_depth': 12, 'n_estimators': 19}. Best is trial 133 with value: 3.2138008980953843.
[I 2025-01-25 06:35:23,395] Trial 149 finished with value: 3.3004559624150005 and parameters: {'max_depth': 11, 'n_estimators': 100}. Best is trial 133 with value: 3.2138008980953843.
[I 2025-01-25 07:01:56,326] Trial 150 finished with value: 3.2344795038314316 and parameters: {'max_depth': 12, 'n_estimators': 84}. Best is trial 133 with value: 3.2138008980953843.
[I 2025-01-25 07:28:30,186] Trial 151 finished with value: 3.250473301560197 and parameters: {'max_depth': 12, 'n_estimators': 84}. Best is trial 133 with value: 3.2138008980953843.
[I 2025-01-25 07:52:43,422] Trial 152 finished with value: 3.313149511480572 and parameters: {'max_depth': 11, 'n_estimators': 80}. Best is trial 133 with value: 3.2138008980953843.
[I 2025-01-25 08:14:49,616] Trial 153 finished with value: 3.238918853951791 and parameters: {'max_depth': 12, 'n_estimators': 69}. Best is trial 133 with value: 3.2138008980953843.
[I 2025-01-25 08:44:31,883] Trial 154 finished with value: 3.254088495543838 and parameters: {'max_depth': 12, 'n_estimators': 94}. Best is trial 133 with value: 3.2138008980953843.
[I 2025-01-25 09:08:25,067] Trial 155 finished with value: 3.2648560431203513 and parameters: {'max_depth': 12, 'n_estimators': 75}. Best is trial 133 with value: 3.2138008980953843.
[I 2025-01-25 09:34:16,325] Trial 156 finished with value: 3.3256501974700043 and parameters: {'max_depth': 11, 'n_estimators': 85}. Best is trial 133 with value: 3.2138008980953843.
[I 2025-01-25 09:52:38,767] Trial 157 finished with value: 3.341397908646389 and parameters: {'max_depth': 11, 'n_estimators': 60}. Best is trial 133 with value: 3.2138008980953843.
[I 2025-01-25 10:18:41,344] Trial 158 finished with value: 3.256009783111722 and parameters: {'max_depth': 12, 'n_estimators': 81}. Best is trial 133 with value: 3.2138008980953843.
[I 2025-01-25 10:38:14,555] Trial 159 finished with value: 3.3457467433079477 and parameters: {'max_depth': 10, 'n_estimators': 66}. Best is trial 133 with value: 3.2138008980953843.
[I 2025-01-25 11:06:58,222] Trial 160 finished with value: 3.2544116715117126 and parameters: {'max_depth': 12, 'n_estimators': 90}. Best is trial 133 with value: 3.2138008980953843.
[I 2025-01-25 11:29:16,746] Trial 161 finished with value: 3.2588637867186714 and parameters: {'max_depth': 12, 'n_estimators': 70}. Best is trial 133 with value: 3.2138008980953843.
[I 2025-01-25 11:53:24,367] Trial 162 finished with value: 3.216855948556913 and parameters: {'max_depth': 12, 'n_estimators': 76}. Best is trial 133 with value: 3.2138008980953843.
[I 2025-01-25 12:17:21,796] Trial 163 finished with value: 3.3264122559587257 and parameters: {'max_depth': 11, 'n_estimators': 79}. Best is trial 133 with value: 3.2138008980953843.
[I 2025-01-25 12:41:23,517] Trial 164 finished with value: 3.2501857193456702 and parameters: {'max_depth': 12, 'n_estimators': 75}. Best is trial 133 with value: 3.2138008980953843.
[I 2025-01-25 13:07:24,519] Trial 165 finished with value: 3.318355666282147 and parameters: {'max_depth': 11, 'n_estimators': 86}. Best is trial 133 with value: 3.2138008980953843.
[I 2025-01-25 13:31:07,397] Trial 166 finished with value: 3.2431087751639054 and parameters: {'max_depth': 12, 'n_estimators': 73}. Best is trial 133 with value: 3.2138008980953843.
[I 2025-01-25 13:59:36,560] Trial 167 finished with value: 3.287557993593116 and parameters: {'max_depth': 11, 'n_estimators': 94}. Best is trial 133 with value: 3.2138008980953843.
[I 2025-01-25 14:20:11,539] Trial 168 finished with value: 3.2525621637040536 and parameters: {'max_depth': 12, 'n_estimators': 64}. Best is trial 133 with value: 3.2138008980953843.
[I 2025-01-25 14:47:01,350] Trial 169 finished with value: 3.2656135571298406 and parameters: {'max_depth': 12, 'n_estimators': 84}. Best is trial 133 with value: 3.2138008980953843.
[I 2025-01-25 15:10:44,244] Trial 170 finished with value: 3.3212513341680543 and parameters: {'max_depth': 11, 'n_estimators': 79}. Best is trial 133 with value: 3.2138008980953843.
[I 2025-01-25 15:32:43,381] Trial 171 finished with value: 3.223950413666091 and parameters: {'max_depth': 12, 'n_estimators': 69}. Best is trial 133 with value: 3.2138008980953843.
[I 2025-01-25 15:54:52,219] Trial 172 finished with value: 3.270356650483664 and parameters: {'max_depth': 12, 'n_estimators': 70}. Best is trial 133 with value: 3.2138008980953843.
[I 2025-01-25 16:13:48,767] Trial 173 finished with value: 3.284452103171939 and parameters: {'max_depth': 12, 'n_estimators': 59}. Best is trial 133 with value: 3.2138008980953843.
[I 2025-01-25 16:36:38,212] Trial 174 finished with value: 3.3187033609963246 and parameters: {'max_depth': 11, 'n_estimators': 75}. Best is trial 133 with value: 3.2138008980953843.
[I 2025-01-25 16:58:02,208] Trial 175 finished with value: 3.277770774769498 and parameters: {'max_depth': 12, 'n_estimators': 67}. Best is trial 133 with value: 3.2138008980953843.
[I 2025-01-25 17:25:29,285] Trial 176 finished with value: 3.3013548138053372 and parameters: {'max_depth': 11, 'n_estimators': 92}. Best is trial 133 with value: 3.2138008980953843.
[I 2025-01-25 17:51:29,914] Trial 177 finished with value: 3.2526676228959013 and parameters: {'max_depth': 12, 'n_estimators': 83}. Best is trial 133 with value: 3.2138008980953843.
[I 2025-01-25 18:15:44,671] Trial 178 finished with value: 3.2403443803056744 and parameters: {'max_depth': 12, 'n_estimators': 77}. Best is trial 133 with value: 3.2138008980953843.
[I 2025-01-25 18:42:00,670] Trial 179 finished with value: 3.2886921017958075 and parameters: {'max_depth': 11, 'n_estimators': 88}. Best is trial 133 with value: 3.2138008980953843.
[I 2025-01-25 19:01:36,885] Trial 180 finished with value: 3.26888120949085 and parameters: {'max_depth': 12, 'n_estimators': 62}. Best is trial 133 with value: 3.2138008980953843.
[I 2025-01-25 19:23:35,110] Trial 181 finished with value: 3.265733502788932 and parameters: {'max_depth': 12, 'n_estimators': 70}. Best is trial 133 with value: 3.2138008980953843.
[I 2025-01-25 19:44:51,720] Trial 182 finished with value: 3.255983725437472 and parameters: {'max_depth': 12, 'n_estimators': 67}. Best is trial 133 with value: 3.2138008980953843.
[I 2025-01-25 20:07:19,050] Trial 183 finished with value: 3.302788731008112 and parameters: {'max_depth': 11, 'n_estimators': 73}. Best is trial 133 with value: 3.2138008980953843.
[I 2025-01-25 20:32:42,177] Trial 184 finished with value: 3.2550576933879847 and parameters: {'max_depth': 12, 'n_estimators': 81}. Best is trial 133 with value: 3.2138008980953843.
[I 2025-01-25 20:50:16,822] Trial 185 finished with value: 3.2710974262392605 and parameters: {'max_depth': 12, 'n_estimators': 56}. Best is trial 133 with value: 3.2138008980953843.
[I 2025-01-25 21:13:10,523] Trial 186 finished with value: 3.310753596214341 and parameters: {'max_depth': 11, 'n_estimators': 76}. Best is trial 133 with value: 3.2138008980953843.
[I 2025-01-25 21:34:53,556] Trial 187 finished with value: 3.2459464822956376 and parameters: {'max_depth': 12, 'n_estimators': 70}. Best is trial 133 with value: 3.2138008980953843.
[I 2025-01-25 22:05:23,459] Trial 188 finished with value: 3.2633376547859756 and parameters: {'max_depth': 12, 'n_estimators': 97}. Best is trial 133 with value: 3.2138008980953843.
[I 2025-01-25 22:30:42,610] Trial 189 finished with value: 3.310958499049299 and parameters: {'max_depth': 11, 'n_estimators': 86}. Best is trial 133 with value: 3.2138008980953843.
[I 2025-01-25 22:33:27,535] Trial 190 finished with value: 3.4101961731361703 and parameters: {'max_depth': 11, 'n_estimators': 6}. Best is trial 133 with value: 3.2138008980953843.
[I 2025-01-25 22:57:59,308] Trial 191 finished with value: 3.2774170022270033 and parameters: {'max_depth': 12, 'n_estimators': 78}. Best is trial 133 with value: 3.2138008980953843.
[I 2025-01-25 23:22:14,195] Trial 192 finished with value: 3.2472799929185756 and parameters: {'max_depth': 12, 'n_estimators': 77}. Best is trial 133 with value: 3.2138008980953843.
[I 2025-01-25 23:44:40,548] Trial 193 finished with value: 3.258238483230584 and parameters: {'max_depth': 12, 'n_estimators': 71}. Best is trial 133 with value: 3.2138008980953843.
[I 2025-01-26 00:04:29,857] Trial 194 finished with value: 3.2552333302442804 and parameters: {'max_depth': 12, 'n_estimators': 63}. Best is trial 133 with value: 3.2138008980953843.
[I 2025-01-26 00:28:47,664] Trial 195 finished with value: 3.318163300488206 and parameters: {'max_depth': 11, 'n_estimators': 82}. Best is trial 133 with value: 3.2138008980953843.
[I 2025-01-26 00:56:56,017] Trial 196 finished with value: 3.2483852383107257 and parameters: {'max_depth': 12, 'n_estimators': 90}. Best is trial 133 with value: 3.2138008980953843.
[I 2025-01-26 01:18:07,764] Trial 197 finished with value: 3.254538603448844 and parameters: {'max_depth': 12, 'n_estimators': 67}. Best is trial 133 with value: 3.2138008980953843.
[I 2025-01-26 01:40:54,955] Trial 198 finished with value: 3.304205719266098 and parameters: {'max_depth': 11, 'n_estimators': 75}. Best is trial 133 with value: 3.2138008980953843.
[I 2025-01-26 02:05:45,196] Trial 199 finished with value: 3.278882481002833 and parameters: {'max_depth': 12, 'n_estimators': 80}. Best is trial 133 with value: 3.2138008980953843.
[I 2025-01-26 02:30:03,611] A new study created in RDB with name: RandomForest_House_Sales
[I 2025-01-26 02:30:10,205] Trial 0 finished with value: 21165142322.12287 and parameters: {'max_depth': 8, 'n_estimators': 74}. Best is trial 0 with value: 21165142322.12287.
[I 2025-01-26 02:30:11,251] Trial 1 finished with value: 22567399322.79785 and parameters: {'max_depth': 8, 'n_estimators': 7}. Best is trial 0 with value: 21165142322.12287.
[I 2025-01-26 02:30:12,412] Trial 2 finished with value: 60941769335.81277 and parameters: {'max_depth': 2, 'n_estimators': 29}. Best is trial 0 with value: 21165142322.12287.
[I 2025-01-26 02:30:13,692] Trial 3 finished with value: 19831359425.57511 and parameters: {'max_depth': 11, 'n_estimators': 6}. Best is trial 3 with value: 19831359425.57511.
[I 2025-01-26 02:30:18,746] Trial 4 finished with value: 17963233237.250427 and parameters: {'max_depth': 12, 'n_estimators': 33}. Best is trial 4 with value: 17963233237.250427.
[I 2025-01-26 02:30:19,578] Trial 5 finished with value: 32044683884.157463 and parameters: {'max_depth': 5, 'n_estimators': 7}. Best is trial 4 with value: 17963233237.250427.
[I 2025-01-26 02:30:21,149] Trial 6 finished with value: 31152134850.92271 and parameters: {'max_depth': 5, 'n_estimators': 19}. Best is trial 4 with value: 17963233237.250427.
