Trial 160 finished with value: 11.347737932550642 and parameters: {'max_depth': 11, 'n_estimators': 92}. Best is trial 121 with value: 10.52889642030585.
Saved Losses
{'MSE - mean': 12.34584597156363, 'MSE - std': 0.0, 'R2 - mean': 0.834657434984749, 'R2 - std': 0.0} 
 

Saved Losses
{'MSE - mean': 11.575563784183906, 'MSE - std': 0.770282187379725, 'R2 - mean': 0.8502486002293533, 'R2 - std': 0.015591165244604355} 
 

Saved Losses
{'MSE - mean': 11.157537188175382, 'MSE - std': 0.8631621528256495, 'R2 - mean': 0.8641146019039714, 'R2 - std': 0.02337922783164705} 
 

Saved Losses
{'MSE - mean': 10.933689134087095, 'MSE - std': 0.8420870088715874, 'R2 - mean': 0.8640853264045583, 'R2 - std': 0.020247068717906862} 
 

Saved Losses
{'MSE - mean': 11.31669342702737, 'MSE - std': 1.074270719162988, 'R2 - mean': 0.8631148640802818, 'R2 - std': 0.01821324303427246} 
 

Saving model.....
Results After CV: {'MSE - mean': 11.31669342702737, 'MSE - std': 1.074270719162988, 'R2 - mean': 0.8631148640802818, 'R2 - std': 0.01821324303427246}
Train time: 0.5962015822000012
Inference time: 0.026222553800005245
Finished cross validation
Hyperparam was saved!!! Hurrah!!!
Trial 161 finished with value: 11.31669342702737 and parameters: {'max_depth': 11, 'n_estimators': 86}. Best is trial 121 with value: 10.52889642030585.
Saved Losses
{'MSE - mean': 11.939162572036427, 'MSE - std': 0.0, 'R2 - mean': 0.8401039695180511, 'R2 - std': 0.0} 
 

Saved Losses
{'MSE - mean': 11.443528392459502, 'MSE - std': 0.4956341795769257, 'R2 - mean': 0.8520865161126074, 'R2 - std': 0.011982546594556276} 
 

Saved Losses
{'MSE - mean': 11.061492404506842, 'MSE - std': 0.6750346797203779, 'R2 - mean': 0.8654239289764046, 'R2 - std': 0.02124839081889687} 
 

Saved Losses
{'MSE - mean': 10.745830240557023, 'MSE - std': 0.8004259299693747, 'R2 - mean': 0.866602335217586, 'R2 - std': 0.01851449454082397} 
 

Saved Losses
{'MSE - mean': 10.96840747530069, 'MSE - std': 0.8430348967856687, 'R2 - mean': 0.867297692636078, 'R2 - std': 0.016618161578212207} 
 

Saving model.....
Results After CV: {'MSE - mean': 10.96840747530069, 'MSE - std': 0.8430348967856687, 'R2 - mean': 0.867297692636078, 'R2 - std': 0.016618161578212207}
Train time: 0.5884941000000026
Inference time: 0.02885855160000119
Finished cross validation
Hyperparam was saved!!! Hurrah!!!
Trial 162 finished with value: 10.96840747530069 and parameters: {'max_depth': 10, 'n_estimators': 88}. Best is trial 121 with value: 10.52889642030585.
Saved Losses
{'MSE - mean': 13.243799374699323, 'MSE - std': 0.0, 'R2 - mean': 0.8226315341853544, 'R2 - std': 0.0} 
 

Saved Losses
{'MSE - mean': 11.930279595283926, 'MSE - std': 1.3135197794153974, 'R2 - mean': 0.8454060092560627, 'R2 - std': 0.022774475070708233} 
 

Saved Losses
{'MSE - mean': 11.191377506419888, 'MSE - std': 1.4973895288575576, 'R2 - mean': 0.8630095331598203, 'R2 - std': 0.031073342017843522} 
 

Saved Losses
{'MSE - mean': 10.870325499032313, 'MSE - std': 1.4109765147556381, 'R2 - mean': 0.8644326326416016, 'R2 - std': 0.0270229545853807} 
 

Saved Losses
{'MSE - mean': 11.08615879302926, 'MSE - std': 1.3337990190969036, 'R2 - mean': 0.8653630281083992, 'R2 - std': 0.024241588283719927} 
 

Saving model.....
Results After CV: {'MSE - mean': 11.08615879302926, 'MSE - std': 1.3337990190969036, 'R2 - mean': 0.8653630281083992, 'R2 - std': 0.024241588283719927}
Train time: 0.6681460923999907
Inference time: 0.03019018220001044
Finished cross validation
Hyperparam was saved!!! Hurrah!!!
Trial 163 finished with value: 11.08615879302926 and parameters: {'max_depth': 12, 'n_estimators': 93}. Best is trial 121 with value: 10.52889642030585.
Saved Losses
{'MSE - mean': 12.119904203051851, 'MSE - std': 0.0, 'R2 - mean': 0.8376833751783871, 'R2 - std': 0.0} 
 

Saved Losses
{'MSE - mean': 11.176432912272396, 'MSE - std': 0.9434712907794536, 'R2 - mean': 0.8553145819447869, 'R2 - std': 0.017631206766399843} 
 

Saved Losses
{'MSE - mean': 10.71317702341755, 'MSE - std': 1.0112553690672892, 'R2 - mean': 0.8693599510513507, 'R2 - std': 0.024531294734935146} 
 

Saved Losses
{'MSE - mean': 10.58330207930553, 'MSE - std': 0.9042016198972803, 'R2 - mean': 0.868246186106876, 'R2 - std': 0.02133212912683154} 
 

Saved Losses
{'MSE - mean': 11.04669823843907, 'MSE - std': 1.2300440873150689, 'R2 - mean': 0.8663305494706766, 'R2 - std': 0.01946089518379999} 
 

Saving model.....
Results After CV: {'MSE - mean': 11.04669823843907, 'MSE - std': 1.2300440873150689, 'R2 - mean': 0.8663305494706766, 'R2 - std': 0.01946089518379999}
Train time: 0.7140014828000062
Inference time: 0.03292788699999392
Finished cross validation
Hyperparam was saved!!! Hurrah!!!
Trial 164 finished with value: 11.04669823843907 and parameters: {'max_depth': 12, 'n_estimators': 100}. Best is trial 121 with value: 10.52889642030585.
Saved Losses
{'MSE - mean': 13.612964403017877, 'MSE - std': 0.0, 'R2 - mean': 0.8176874669390346, 'R2 - std': 0.0} 
 

Saved Losses
{'MSE - mean': 12.290043281682122, 'MSE - std': 1.3229211213357548, 'R2 - mean': 0.840758896071897, 'R2 - std': 0.023071429132862364} 
 

Saved Losses
{'MSE - mean': 11.38466448395767, 'MSE - std': 1.675162200183052, 'R2 - mean': 0.860399288059746, 'R2 - std': 0.03356114652930053} 
 

Saved Losses
{'MSE - mean': 10.853263785319257, 'MSE - std': 1.71807636769492, 'R2 - mean': 0.8646222649884457, 'R2 - std': 0.029971044688029778} 
 

Saved Losses
{'MSE - mean': 11.352541435952249, 'MSE - std': 1.8326324819427966, 'R2 - mean': 0.8624467792633445, 'R2 - std': 0.027157720234106206} 
 

Saving model.....
Results After CV: {'MSE - mean': 11.352541435952249, 'MSE - std': 1.8326324819427966, 'R2 - mean': 0.8624467792633445, 'R2 - std': 0.027157720234106206}
Train time: 0.5498708959999931
Inference time: 0.027214291799975854
Finished cross validation
Hyperparam was saved!!! Hurrah!!!
Trial 165 finished with value: 11.352541435952249 and parameters: {'max_depth': 11, 'n_estimators': 83}. Best is trial 121 with value: 10.52889642030585.
Saved Losses
{'MSE - mean': 17.048929596477144, 'MSE - std': 0.0, 'R2 - mean': 0.7716710740812087, 'R2 - std': 0.0} 
 

Saved Losses
{'MSE - mean': 13.546896887943763, 'MSE - std': 3.5020327085333802, 'R2 - mean': 0.8234761564905169, 'R2 - std': 0.051805082409308145} 
 

Saved Losses
{'MSE - mean': 12.387139926232356, 'MSE - std': 3.2963961859735917, 'R2 - mean': 0.8471529874821142, 'R2 - std': 0.053947774380099664} 
 

Saved Losses
{'MSE - mean': 11.794765151475492, 'MSE - std': 3.0335448706885266, 'R2 - mean': 0.852174208776347, 'R2 - std': 0.04752272888083736} 
 

Saved Losses
{'MSE - mean': 11.968095627891394, 'MSE - std': 2.7353408201178127, 'R2 - mean': 0.8539963563731761, 'R2 - std': 0.04266155993026718} 
 

Saving model.....
Results After CV: {'MSE - mean': 11.968095627891394, 'MSE - std': 2.7353408201178127, 'R2 - mean': 0.8539963563731761, 'R2 - std': 0.04266155993026718}
Train time: 0.11571812920000184
Inference time: 0.008403181999995013
Finished cross validation
Hyperparam was saved!!! Hurrah!!!
Trial 166 finished with value: 11.968095627891394 and parameters: {'max_depth': 10, 'n_estimators': 16}. Best is trial 121 with value: 10.52889642030585.
Saved Losses
{'MSE - mean': 13.71488347931666, 'MSE - std': 0.0, 'R2 - mean': 0.8163225089168755, 'R2 - std': 0.0} 
 

Saved Losses
{'MSE - mean': 12.401799711101514, 'MSE - std': 1.3130837682151455, 'R2 - mean': 0.839321552403366, 'R2 - std': 0.02299904348649051} 
 

Saved Losses
{'MSE - mean': 11.452899797459347, 'MSE - std': 1.7176383244987699, 'R2 - mean': 0.8595067482114317, 'R2 - std': 0.03416901511333862} 
 

Saved Losses
{'MSE - mean': 11.19904735366574, 'MSE - std': 1.551139661668209, 'R2 - mean': 0.8600484814393404, 'R2 - std': 0.029606107816332994} 
 

Saved Losses
{'MSE - mean': 11.94238267773763, 'MSE - std': 2.0334741247560477, 'R2 - mean': 0.8553562606287735, 'R2 - std': 0.028094217208641702} 
 

Saving model.....
Results After CV: {'MSE - mean': 11.94238267773763, 'MSE - std': 2.0334741247560477, 'R2 - mean': 0.8553562606287735, 'R2 - std': 0.028094217208641702}
Train time: 0.3812672750000047
Inference time: 0.022858744400014074
Finished cross validation
Hyperparam was saved!!! Hurrah!!!
Trial 167 finished with value: 11.94238267773763 and parameters: {'max_depth': 6, 'n_estimators': 75}. Best is trial 121 with value: 10.52889642030585.
Saved Losses
{'MSE - mean': 11.45824477803195, 'MSE - std': 0.0, 'R2 - mean': 0.846544693127055, 'R2 - std': 0.0} 
 

Saved Losses
{'MSE - mean': 10.812532449094292, 'MSE - std': 0.6457123289376598, 'R2 - mean': 0.8601558530467035, 'R2 - std': 0.013611159919648397} 
 

Saved Losses
{'MSE - mean': 10.35636655067304, 'MSE - std': 0.8331492032801399, 'R2 - mean': 0.8737842132759907, 'R2 - std': 0.022248000389186822} 
 

Saved Losses
{'MSE - mean': 10.050710712486378, 'MSE - std': 0.8949188066229921, 'R2 - mean': 0.8750761651804987, 'R2 - std': 0.019396844077288165} 
 

Saved Losses
{'MSE - mean': 10.942978084093742, 'MSE - std': 1.9558292323458277, 'R2 - mean': 0.8682629214394446, 'R2 - std': 0.022060625766894177} 
 

Saving model.....
Results After CV: {'MSE - mean': 10.942978084093742, 'MSE - std': 1.9558292323458277, 'R2 - mean': 0.8682629214394446, 'R2 - std': 0.022060625766894177}
Train time: 0.4875560275999987
Inference time: 0.0248034918000144
Finished cross validation
Hyperparam was saved!!! Hurrah!!!
Trial 168 finished with value: 10.942978084093742 and parameters: {'max_depth': 11, 'n_estimators': 69}. Best is trial 121 with value: 10.52889642030585.
Saved Losses
{'MSE - mean': 14.239268992896585, 'MSE - std': 0.0, 'R2 - mean': 0.8092996409763675, 'R2 - std': 0.0} 
 

Saved Losses
{'MSE - mean': 11.919463445677923, 'MSE - std': 2.319805547218662, 'R2 - mean': 0.8450543188120414, 'R2 - std': 0.03575467783567382} 
 

Saved Losses
{'MSE - mean': 11.256201712108952, 'MSE - std': 2.113645532968608, 'R2 - mean': 0.8620202563301319, 'R2 - std': 0.03778823533620018} 
 

Saved Losses
{'MSE - mean': 10.956104968463197, 'MSE - std': 1.9028392590860028, 'R2 - mean': 0.8631981822916489, 'R2 - std': 0.03278910758286178} 
 

Saved Losses
{'MSE - mean': 11.194638840151148, 'MSE - std': 1.76754955475227, 'R2 - mean': 0.8639388111458723, 'R2 - std': 0.029364852890202256} 
 

Saving model.....
Results After CV: {'MSE - mean': 11.194638840151148, 'MSE - std': 1.76754955475227, 'R2 - mean': 0.8639388111458723, 'R2 - std': 0.029364852890202256}
Train time: 0.45987298940001436
Inference time: 0.023090586199998597
Finished cross validation
Hyperparam was saved!!! Hurrah!!!
Trial 169 finished with value: 11.194638840151148 and parameters: {'max_depth': 10, 'n_estimators': 68}. Best is trial 121 with value: 10.52889642030585.
Saved Losses
{'MSE - mean': 12.916280241759742, 'MSE - std': 0.0, 'R2 - mean': 0.8270178560021446, 'R2 - std': 0.0} 
 

Saved Losses
{'MSE - mean': 12.008883413439738, 'MSE - std': 0.9073968283200031, 'R2 - mean': 0.844589944700911, 'R2 - std': 0.017572088698766364} 
 

Saved Losses
{'MSE - mean': 11.517342838531045, 'MSE - std': 1.015941407231048, 'R2 - mean': 0.859598969759683, 'R2 - std': 0.025620184762303592} 
 

Saved Losses
{'MSE - mean': 10.807181839811927, 'MSE - std': 1.512312348524657, 'R2 - mean': 0.8659515157415015, 'R2 - std': 0.024766104291839806} 
 

Saved Losses
{'MSE - mean': 11.712477683984137, 'MSE - std': 2.2600692851109727, 'R2 - mean': 0.8591629270181326, 'R2 - std': 0.02598129490336547} 
 

Saving model.....
Results After CV: {'MSE - mean': 11.712477683984137, 'MSE - std': 2.2600692851109727, 'R2 - mean': 0.8591629270181326, 'R2 - std': 0.02598129490336547}
Train time: 0.3911367347999999
Inference time: 0.020349322999993546
Finished cross validation
Hyperparam was saved!!! Hurrah!!!
Trial 170 finished with value: 11.712477683984137 and parameters: {'max_depth': 11, 'n_estimators': 58}. Best is trial 121 with value: 10.52889642030585.
Saved Losses
{'MSE - mean': 13.108082981393723, 'MSE - std': 0.0, 'R2 - mean': 0.8244491250280923, 'R2 - std': 0.0} 
 

Saved Losses
{'MSE - mean': 11.569517215076942, 'MSE - std': 1.5385657663167818, 'R2 - mean': 0.8499515533921445, 'R2 - std': 0.025502428364052143} 
 

Saved Losses
{'MSE - mean': 11.086910635221107, 'MSE - std': 1.4296647509217881, 'R2 - mean': 0.8646143899217237, 'R2 - std': 0.029386733716005257} 
 

Saved Losses
{'MSE - mean': 10.812059055503914, 'MSE - std': 1.326493930495086, 'R2 - mean': 0.8653701091472534, 'R2 - std': 0.025483296951435776} 
 

Saved Losses
{'MSE - mean': 11.156872234601108, 'MSE - std': 1.3723168118290683, 'R2 - mean': 0.8648276109740575, 'R2 - std': 0.022818763241765058} 
 

Saving model.....
Results After CV: {'MSE - mean': 11.156872234601108, 'MSE - std': 1.3723168118290683, 'R2 - mean': 0.8648276109740575, 'R2 - std': 0.022818763241765058}
Train time: 0.5382916784000031
Inference time: 0.02572143900000583
Finished cross validation
Hyperparam was saved!!! Hurrah!!!
Trial 171 finished with value: 11.156872234601108 and parameters: {'max_depth': 12, 'n_estimators': 78}. Best is trial 121 with value: 10.52889642030585.
Saved Losses
{'MSE - mean': 12.741903928549554, 'MSE - std': 0.0, 'R2 - mean': 0.8293532023988586, 'R2 - std': 0.0} 
 

Saved Losses
{'MSE - mean': 12.069324933389083, 'MSE - std': 0.6725789951604701, 'R2 - mean': 0.8439246224468028, 'R2 - std': 0.014571420047944206} 
 

Saved Losses
{'MSE - mean': 11.239286671115709, 'MSE - std': 1.2959560319816605, 'R2 - mean': 0.8624912489603068, 'R2 - std': 0.02882689880984403} 
 

Saved Losses
{'MSE - mean': 11.00720889013249, 'MSE - std': 1.1921437903627747, 'R2 - mean': 0.8627060258238688, 'R2 - std': 0.02496759817339475} 
 

Saved Losses
{'MSE - mean': 11.264796262637399, 'MSE - std': 1.1842172399590996, 'R2 - mean': 0.8632243648507719, 'R2 - std': 0.022355747990745637} 
 

Saving model.....
Results After CV: {'MSE - mean': 11.264796262637399, 'MSE - std': 1.1842172399590996, 'R2 - mean': 0.8632243648507719, 'R2 - std': 0.022355747990745637}
Train time: 0.489844369399998
Inference time: 0.024287229399999433
Finished cross validation
Hyperparam was saved!!! Hurrah!!!
Trial 172 finished with value: 11.264796262637399 and parameters: {'max_depth': 11, 'n_estimators': 72}. Best is trial 121 with value: 10.52889642030585.
Saved Losses
{'MSE - mean': 12.347211598360719, 'MSE - std': 0.0, 'R2 - mean': 0.8346391457368509, 'R2 - std': 0.0} 
 

Saved Losses
{'MSE - mean': 11.653458794102722, 'MSE - std': 0.6937528042579961, 'R2 - mean': 0.8492807756949711, 'R2 - std': 0.014641629958120128} 
 

Saved Losses
{'MSE - mean': 11.13654898651482, 'MSE - std': 0.9247991497103637, 'R2 - mean': 0.8642334570481447, 'R2 - std': 0.0242916359649319} 
 

Saved Losses
{'MSE - mean': 10.73544048972838, 'MSE - std': 1.0602377936395195, 'R2 - mean': 0.8665932092068398, 'R2 - std': 0.02143053835396998} 
 

Saved Losses
{'MSE - mean': 11.028206970476948, 'MSE - std': 1.1145098439443608, 'R2 - mean': 0.8665441829607801, 'R2 - std': 0.019168307009331666} 
 

Saving model.....
Results After CV: {'MSE - mean': 11.028206970476948, 'MSE - std': 1.1145098439443608, 'R2 - mean': 0.8665441829607801, 'R2 - std': 0.019168307009331666}
Train time: 0.6183411456000044
Inference time: 0.030545832000007066
Finished cross validation
Hyperparam was saved!!! Hurrah!!!
Trial 173 finished with value: 11.028206970476948 and parameters: {'max_depth': 11, 'n_estimators': 89}. Best is trial 121 with value: 10.52889642030585.
Saved Losses
{'MSE - mean': 16.59025429403598, 'MSE - std': 0.0, 'R2 - mean': 0.7778139136395062, 'R2 - std': 0.0} 
 

Saved Losses
{'MSE - mean': 14.384583072619769, 'MSE - std': 2.2056712214162104, 'R2 - mean': 0.8132992248235448, 'R2 - std': 0.035485311184038526} 
 

Saved Losses
{'MSE - mean': 13.16932558747778, 'MSE - std': 2.489382494055446, 'R2 - mean': 0.8380240363444037, 'R2 - std': 0.04541039693032162} 
 

Saved Losses
{'MSE - mean': 12.657223392618961, 'MSE - std': 2.33120459746028, 'R2 - mean': 0.8416721121650019, 'R2 - std': 0.039830936263230414} 
 

Saved Losses
{'MSE - mean': 13.028084552543836, 'MSE - std': 2.2130892209622384, 'R2 - mean': 0.8415408148693887, 'R2 - std': 0.0356268402023497} 
 

Saving model.....
Results After CV: {'MSE - mean': 13.028084552543836, 'MSE - std': 2.2130892209622384, 'R2 - mean': 0.8415408148693887, 'R2 - std': 0.0356268402023497}
Train time: 0.34575397480000447
Inference time: 0.026067024799999672
Finished cross validation
Hyperparam was saved!!! Hurrah!!!
Trial 174 finished with value: 13.028084552543836 and parameters: {'max_depth': 4, 'n_estimators': 83}. Best is trial 121 with value: 10.52889642030585.
Saved Losses
{'MSE - mean': 12.405761672123308, 'MSE - std': 0.0, 'R2 - mean': 0.8338550099716684, 'R2 - std': 0.0} 
 

Saved Losses
{'MSE - mean': 11.332401411202603, 'MSE - std': 1.0733602609207056, 'R2 - mean': 0.8532384953842143, 'R2 - std': 0.019383485412545864} 
 

Saved Losses
{'MSE - mean': 10.876388490005064, 'MSE - std': 1.0881009765094123, 'R2 - mean': 0.8673552275156108, 'R2 - std': 0.02547634046126188} 
 

Saved Losses
{'MSE - mean': 10.562506879185815, 'MSE - std': 1.087905233989621, 'R2 - mean': 0.8686404995937829, 'R2 - std': 0.022175182421310165} 
 

Saved Losses
{'MSE - mean': 10.832761878627238, 'MSE - std': 1.1130953676149873, 'R2 - mean': 0.8688075676862226, 'R2 - std': 0.019836900446510097} 
 

Saving model.....
Results After CV: {'MSE - mean': 10.832761878627238, 'MSE - std': 1.1130953676149873, 'R2 - mean': 0.8688075676862226, 'R2 - std': 0.019836900446510097}
Train time: 0.47730464539999956
Inference time: 0.022823298399998748
Finished cross validation
Hyperparam was saved!!! Hurrah!!!
Trial 175 finished with value: 10.832761878627238 and parameters: {'max_depth': 12, 'n_estimators': 66}. Best is trial 121 with value: 10.52889642030585.
Saved Losses
{'MSE - mean': 12.779266845318244, 'MSE - std': 0.0, 'R2 - mean': 0.8288528170458243, 'R2 - std': 0.0} 
 

Saved Losses
{'MSE - mean': 11.469127802338289, 'MSE - std': 1.310139042979956, 'R2 - mean': 0.8513585327673164, 'R2 - std': 0.02250571572149218} 
 

Saved Losses
{'MSE - mean': 10.74248270093672, 'MSE - std': 1.4833528737543917, 'R2 - mean': 0.8684601699051268, 'R2 - std': 0.030374388537237833} 
 

Saved Losses
{'MSE - mean': 10.46683675400012, 'MSE - std': 1.3704721358875862, 'R2 - mean': 0.8694061332798606, 'R2 - std': 0.026355969900144573} 
 

Saved Losses
{'MSE - mean': 10.843993481603489, 'MSE - std': 1.4392858954708592, 'R2 - mean': 0.8684585155063853, 'R2 - std': 0.02364955892358855} 
 

Saving model.....
Results After CV: {'MSE - mean': 10.843993481603489, 'MSE - std': 1.4392858954708592, 'R2 - mean': 0.8684585155063853, 'R2 - std': 0.02364955892358855}
Train time: 0.47258174360001703
Inference time: 0.023297840000009274
Finished cross validation
Hyperparam was saved!!! Hurrah!!!
Trial 176 finished with value: 10.843993481603489 and parameters: {'max_depth': 12, 'n_estimators': 65}. Best is trial 121 with value: 10.52889642030585.
Saved Losses
{'MSE - mean': 12.450896637935033, 'MSE - std': 0.0, 'R2 - mean': 0.8332505369338243, 'R2 - std': 0.0} 
 

Saved Losses
{'MSE - mean': 11.309749424594216, 'MSE - std': 1.141147213340818, 'R2 - mean': 0.8534977115753233, 'R2 - std': 0.020247174641498944} 
 

Saved Losses
{'MSE - mean': 10.820825806866047, 'MSE - std': 1.1602746440484735, 'R2 - mean': 0.867952011577938, 'R2 - std': 0.026289775536763645} 
 

Saved Losses
{'MSE - mean': 10.631514279718775, 'MSE - std': 1.0569742192451308, 'R2 - mean': 0.8676212717942413, 'R2 - std': 0.022774819203313593} 
 

Saved Losses
{'MSE - mean': 11.032882596960068, 'MSE - std': 1.2402184099824964, 'R2 - mean': 0.8664045382614687, 'R2 - std': 0.02051525465974018} 
 

Saving model.....
Results After CV: {'MSE - mean': 11.032882596960068, 'MSE - std': 1.2402184099824964, 'R2 - mean': 0.8664045382614687, 'R2 - std': 0.02051525465974018}
Train time: 0.4569274924000183
Inference time: 0.019888568200008193
Finished cross validation
Hyperparam was saved!!! Hurrah!!!
Trial 177 finished with value: 11.032882596960068 and parameters: {'max_depth': 12, 'n_estimators': 64}. Best is trial 121 with value: 10.52889642030585.
Saved Losses
{'MSE - mean': 11.691684401790091, 'MSE - std': 0.0, 'R2 - mean': 0.8434183374073038, 'R2 - std': 0.0} 
 

Saved Losses
{'MSE - mean': 11.686484070811906, 'MSE - std': 0.005200330978185619, 'R2 - mean': 0.8491907548122061, 'R2 - std': 0.005772417404902308} 
 

Saved Losses
{'MSE - mean': 11.103587966973516, 'MSE - std': 0.8243505108274477, 'R2 - mean': 0.8647495272777942, 'R2 - std': 0.022502548072077754} 
 

Saved Losses
{'MSE - mean': 10.784676442133904, 'MSE - std': 0.9026510984609081, 'R2 - mean': 0.8660001258113539, 'R2 - std': 0.019607791624212872} 
 

Saved Losses
{'MSE - mean': 11.21275530671952, 'MSE - std': 1.1767876875893077, 'R2 - mean': 0.8644793873553548, 'R2 - std': 0.017799521783156427} 
 

Saving model.....
Results After CV: {'MSE - mean': 11.21275530671952, 'MSE - std': 1.1767876875893077, 'R2 - mean': 0.8644793873553548, 'R2 - std': 0.017799521783156427}
Train time: 0.4201142261999962
Inference time: 0.019170954399987748
Finished cross validation
Hyperparam was saved!!! Hurrah!!!
