[I 2024-12-05 02:04:40,485] Trial 18 finished with value: 426.4074702478341 and parameters: {'max_depth': 3, 'n_estimators': 20}. Best is trial 12 with value: 258.56285510038566.
[I 2024-12-05 02:04:40,920] Trial 19 finished with value: 396.877142769047 and parameters: {'max_depth': 4, 'n_estimators': 11}. Best is trial 12 with value: 258.56285510038566.
[I 2024-12-05 02:04:41,772] Trial 20 finished with value: 295.18384083100153 and parameters: {'max_depth': 10, 'n_estimators': 42}. Best is trial 12 with value: 258.56285510038566.
[I 2024-12-05 02:04:42,277] Trial 21 finished with value: 307.9280378820583 and parameters: {'max_depth': 12, 'n_estimators': 11}. Best is trial 12 with value: 258.56285510038566.
[I 2024-12-05 02:04:42,847] Trial 22 finished with value: 299.55656973234943 and parameters: {'max_depth': 8, 'n_estimators': 22}. Best is trial 12 with value: 258.56285510038566.
[I 2024-12-05 02:04:44,452] Trial 23 finished with value: 284.29834964900846 and parameters: {'max_depth': 10, 'n_estimators': 100}. Best is trial 12 with value: 258.56285510038566.
[I 2024-12-05 02:04:44,955] Trial 24 finished with value: 298.5053078848618 and parameters: {'max_depth': 12, 'n_estimators': 12}. Best is trial 12 with value: 258.56285510038566.
[I 2024-12-05 02:04:45,531] Trial 25 finished with value: 313.22178561505325 and parameters: {'max_depth': 7, 'n_estimators': 23}. Best is trial 12 with value: 258.56285510038566.
[I 2024-12-05 02:04:46,035] Trial 26 finished with value: 287.13832020761225 and parameters: {'max_depth': 10, 'n_estimators': 16}. Best is trial 12 with value: 258.56285510038566.
[I 2024-12-05 02:04:46,464] Trial 27 finished with value: 399.1617738260524 and parameters: {'max_depth': 4, 'n_estimators': 9}. Best is trial 12 with value: 258.56285510038566.
[I 2024-12-05 02:04:46,999] Trial 28 finished with value: 312.7099089734171 and parameters: {'max_depth': 7, 'n_estimators': 18}. Best is trial 12 with value: 258.56285510038566.
[I 2024-12-05 02:04:47,500] Trial 29 finished with value: 316.1095431240279 and parameters: {'max_depth': 8, 'n_estimators': 13}. Best is trial 12 with value: 258.56285510038566.
[I 2024-12-05 02:04:48,002] Trial 30 finished with value: 309.5450704248469 and parameters: {'max_depth': 9, 'n_estimators': 15}. Best is trial 12 with value: 258.56285510038566.
[I 2024-12-05 02:04:48,711] Trial 31 finished with value: 291.68054374859696 and parameters: {'max_depth': 12, 'n_estimators': 29}. Best is trial 12 with value: 258.56285510038566.
[I 2024-12-05 02:04:49,454] Trial 32 finished with value: 296.2404438100019 and parameters: {'max_depth': 10, 'n_estimators': 35}. Best is trial 12 with value: 258.56285510038566.
[I 2024-12-05 02:04:50,109] Trial 33 finished with value: 276.69254965826224 and parameters: {'max_depth': 11, 'n_estimators': 25}. Best is trial 12 with value: 258.56285510038566.
[I 2024-12-05 02:04:50,744] Trial 34 finished with value: 291.5108024475951 and parameters: {'max_depth': 11, 'n_estimators': 25}. Best is trial 12 with value: 258.56285510038566.
[I 2024-12-05 02:04:51,504] Trial 35 finished with value: 309.8315638616452 and parameters: {'max_depth': 7, 'n_estimators': 40}. Best is trial 12 with value: 258.56285510038566.
[I 2024-12-05 02:04:52,478] Trial 36 finished with value: 285.66632303099 and parameters: {'max_depth': 11, 'n_estimators': 49}. Best is trial 12 with value: 258.56285510038566.
[I 2024-12-05 02:04:53,039] Trial 37 finished with value: 281.7406350407315 and parameters: {'max_depth': 9, 'n_estimators': 19}. Best is trial 12 with value: 258.56285510038566.
[I 2024-12-05 02:04:53,552] Trial 38 finished with value: 335.27781183279967 and parameters: {'max_depth': 5, 'n_estimators': 14}. Best is trial 12 with value: 258.56285510038566.
[I 2024-12-05 02:04:54,014] Trial 39 finished with value: 295.254398449189 and parameters: {'max_depth': 11, 'n_estimators': 9}. Best is trial 12 with value: 258.56285510038566.
[I 2024-12-05 02:04:54,581] Trial 40 finished with value: 542.3659028792814 and parameters: {'max_depth': 2, 'n_estimators': 26}. Best is trial 12 with value: 258.56285510038566.
[I 2024-12-05 02:04:55,323] Trial 41 finished with value: 290.96362093862496 and parameters: {'max_depth': 11, 'n_estimators': 35}. Best is trial 12 with value: 258.56285510038566.
[I 2024-12-05 02:04:56,030] Trial 42 finished with value: 306.57422943693524 and parameters: {'max_depth': 10, 'n_estimators': 33}. Best is trial 12 with value: 258.56285510038566.
[I 2024-12-05 02:04:56,598] Trial 43 finished with value: 324.8052797581355 and parameters: {'max_depth': 8, 'n_estimators': 22}. Best is trial 12 with value: 258.56285510038566.
[I 2024-12-05 02:04:57,632] Trial 44 finished with value: 271.59407873219914 and parameters: {'max_depth': 12, 'n_estimators': 51}. Best is trial 12 with value: 258.56285510038566.
[I 2024-12-05 02:04:58,724] Trial 45 finished with value: 280.52536391903266 and parameters: {'max_depth': 12, 'n_estimators': 56}. Best is trial 12 with value: 258.56285510038566.
[I 2024-12-05 02:04:59,904] Trial 46 finished with value: 290.6043825602857 and parameters: {'max_depth': 9, 'n_estimators': 71}. Best is trial 12 with value: 258.56285510038566.
[I 2024-12-05 02:05:00,856] Trial 47 finished with value: 282.80094996003993 and parameters: {'max_depth': 11, 'n_estimators': 48}. Best is trial 12 with value: 258.56285510038566.
[I 2024-12-05 02:05:02,031] Trial 48 finished with value: 342.0931798014322 and parameters: {'max_depth': 5, 'n_estimators': 84}. Best is trial 12 with value: 258.56285510038566.
[I 2024-12-05 02:05:02,595] Trial 49 finished with value: 283.95619327366614 and parameters: {'max_depth': 10, 'n_estimators': 17}. Best is trial 12 with value: 258.56285510038566.
[I 2024-12-05 02:05:03,008] Trial 50 finished with value: 347.63807911917627 and parameters: {'max_depth': 12, 'n_estimators': 5}. Best is trial 12 with value: 258.56285510038566.
[I 2024-12-05 02:05:03,671] Trial 51 finished with value: 279.2836897835886 and parameters: {'max_depth': 11, 'n_estimators': 25}. Best is trial 12 with value: 258.56285510038566.
[I 2024-12-05 02:05:04,340] Trial 52 finished with value: 297.95581291881786 and parameters: {'max_depth': 9, 'n_estimators': 27}. Best is trial 12 with value: 258.56285510038566.
[I 2024-12-05 02:05:04,930] Trial 53 finished with value: 273.83252060148476 and parameters: {'max_depth': 11, 'n_estimators': 20}. Best is trial 12 with value: 258.56285510038566.
[I 2024-12-05 02:05:05,512] Trial 54 finished with value: 283.95877933122813 and parameters: {'max_depth': 12, 'n_estimators': 20}. Best is trial 12 with value: 258.56285510038566.
[I 2024-12-05 02:05:06,024] Trial 55 finished with value: 297.54810553992525 and parameters: {'max_depth': 10, 'n_estimators': 15}. Best is trial 12 with value: 258.56285510038566.
[I 2024-12-05 02:05:06,633] Trial 56 finished with value: 301.47898184518147 and parameters: {'max_depth': 11, 'n_estimators': 23}. Best is trial 12 with value: 258.56285510038566.
[I 2024-12-05 02:05:07,082] Trial 57 finished with value: 311.62652633280277 and parameters: {'max_depth': 7, 'n_estimators': 10}. Best is trial 12 with value: 258.56285510038566.
[I 2024-12-05 02:05:07,515] Trial 58 finished with value: 303.65920692532495 and parameters: {'max_depth': 9, 'n_estimators': 7}. Best is trial 12 with value: 258.56285510038566.
[I 2024-12-05 02:05:08,024] Trial 59 finished with value: 298.7604843934581 and parameters: {'max_depth': 8, 'n_estimators': 12}. Best is trial 12 with value: 258.56285510038566.
[I 2024-12-05 02:05:08,612] Trial 60 finished with value: 276.3939831141448 and parameters: {'max_depth': 12, 'n_estimators': 18}. Best is trial 12 with value: 258.56285510038566.
[I 2024-12-05 02:05:09,201] Trial 61 finished with value: 286.51836348811673 and parameters: {'max_depth': 12, 'n_estimators': 18}. Best is trial 12 with value: 258.56285510038566.
[I 2024-12-05 02:05:09,792] Trial 62 finished with value: 303.6236330525242 and parameters: {'max_depth': 10, 'n_estimators': 20}. Best is trial 12 with value: 258.56285510038566.
[I 2024-12-05 02:05:10,494] Trial 63 finished with value: 296.4533036678873 and parameters: {'max_depth': 11, 'n_estimators': 30}. Best is trial 12 with value: 258.56285510038566.
[I 2024-12-05 02:05:11,039] Trial 64 finished with value: 271.9354081072303 and parameters: {'max_depth': 12, 'n_estimators': 16}. Best is trial 12 with value: 258.56285510038566.
[I 2024-12-05 02:05:11,542] Trial 65 finished with value: 412.9019676510485 and parameters: {'max_depth': 3, 'n_estimators': 16}. Best is trial 12 with value: 258.56285510038566.
[I 2024-12-05 02:05:12,050] Trial 66 finished with value: 290.07357523324976 and parameters: {'max_depth': 12, 'n_estimators': 13}. Best is trial 12 with value: 258.56285510038566.
[I 2024-12-05 02:05:12,547] Trial 67 finished with value: 307.9338626242062 and parameters: {'max_depth': 10, 'n_estimators': 14}. Best is trial 12 with value: 258.56285510038566.
[I 2024-12-05 02:05:13,051] Trial 68 finished with value: 291.1760537566531 and parameters: {'max_depth': 12, 'n_estimators': 11}. Best is trial 12 with value: 258.56285510038566.
[I 2024-12-05 02:05:13,636] Trial 69 finished with value: 278.2210544939374 and parameters: {'max_depth': 10, 'n_estimators': 17}. Best is trial 12 with value: 258.56285510038566.
[I 2024-12-05 02:05:14,138] Trial 70 finished with value: 315.8409517336076 and parameters: {'max_depth': 11, 'n_estimators': 13}. Best is trial 12 with value: 258.56285510038566.
[I 2024-12-05 02:05:14,772] Trial 71 finished with value: 280.3989113597976 and parameters: {'max_depth': 11, 'n_estimators': 24}. Best is trial 12 with value: 258.56285510038566.
[I 2024-12-05 02:05:15,592] Trial 72 finished with value: 283.41281251471713 and parameters: {'max_depth': 12, 'n_estimators': 21}. Best is trial 12 with value: 258.56285510038566.
[I 2024-12-05 02:05:16,163] Trial 73 finished with value: 281.65135355806206 and parameters: {'max_depth': 9, 'n_estimators': 19}. Best is trial 12 with value: 258.56285510038566.
[I 2024-12-05 02:05:16,669] Trial 74 finished with value: 315.61232482321515 and parameters: {'max_depth': 11, 'n_estimators': 15}. Best is trial 12 with value: 258.56285510038566.
[I 2024-12-05 02:05:17,338] Trial 75 finished with value: 291.49122575575285 and parameters: {'max_depth': 12, 'n_estimators': 28}. Best is trial 12 with value: 258.56285510038566.
[I 2024-12-05 02:05:17,827] Trial 76 finished with value: 263.996465207559 and parameters: {'max_depth': 10, 'n_estimators': 10}. Best is trial 12 with value: 258.56285510038566.
[I 2024-12-05 02:05:18,252] Trial 77 finished with value: 302.9817574205955 and parameters: {'max_depth': 10, 'n_estimators': 8}. Best is trial 12 with value: 258.56285510038566.
[I 2024-12-05 02:05:18,666] Trial 78 finished with value: 386.4605267126245 and parameters: {'max_depth': 4, 'n_estimators': 6}. Best is trial 12 with value: 258.56285510038566.
[I 2024-12-05 02:05:19,167] Trial 79 finished with value: 305.0628584629979 and parameters: {'max_depth': 9, 'n_estimators': 12}. Best is trial 12 with value: 258.56285510038566.
[I 2024-12-05 02:05:19,642] Trial 80 finished with value: 297.2152184911155 and parameters: {'max_depth': 12, 'n_estimators': 10}. Best is trial 12 with value: 258.56285510038566.
[I 2024-12-05 02:05:20,165] Trial 81 finished with value: 294.41531332679676 and parameters: {'max_depth': 11, 'n_estimators': 16}. Best is trial 12 with value: 258.56285510038566.
[I 2024-12-05 02:05:21,078] Trial 82 finished with value: 274.2942654360381 and parameters: {'max_depth': 11, 'n_estimators': 38}. Best is trial 12 with value: 258.56285510038566.
[I 2024-12-05 02:05:21,879] Trial 83 finished with value: 282.08724952273116 and parameters: {'max_depth': 10, 'n_estimators': 38}. Best is trial 12 with value: 258.56285510038566.
[I 2024-12-05 02:05:22,873] Trial 84 finished with value: 280.2789102045291 and parameters: {'max_depth': 12, 'n_estimators': 48}. Best is trial 12 with value: 258.56285510038566.
[I 2024-12-05 02:05:23,749] Trial 85 finished with value: 275.1940261202658 and parameters: {'max_depth': 11, 'n_estimators': 43}. Best is trial 12 with value: 258.56285510038566.
[I 2024-12-05 02:05:24,640] Trial 86 finished with value: 277.968190690989 and parameters: {'max_depth': 10, 'n_estimators': 43}. Best is trial 12 with value: 258.56285510038566.
[I 2024-12-05 02:05:25,336] Trial 87 finished with value: 310.2816750180618 and parameters: {'max_depth': 6, 'n_estimators': 35}. Best is trial 12 with value: 258.56285510038566.
[I 2024-12-05 02:05:26,518] Trial 88 finished with value: 283.79121699121106 and parameters: {'max_depth': 11, 'n_estimators': 65}. Best is trial 12 with value: 258.56285510038566.
[I 2024-12-05 02:05:27,511] Trial 89 finished with value: 298.6125405236966 and parameters: {'max_depth': 8, 'n_estimators': 56}. Best is trial 12 with value: 258.56285510038566.
[I 2024-12-05 02:05:28,279] Trial 90 finished with value: 423.9616891651628 and parameters: {'max_depth': 3, 'n_estimators': 43}. Best is trial 12 with value: 258.56285510038566.
[I 2024-12-05 02:05:29,201] Trial 91 finished with value: 286.51122662890776 and parameters: {'max_depth': 12, 'n_estimators': 46}. Best is trial 12 with value: 258.56285510038566.
[I 2024-12-05 02:05:30,039] Trial 92 finished with value: 286.50479625753616 and parameters: {'max_depth': 11, 'n_estimators': 39}. Best is trial 12 with value: 258.56285510038566.
[I 2024-12-05 02:05:31,027] Trial 93 finished with value: 274.87015859694253 and parameters: {'max_depth': 11, 'n_estimators': 52}. Best is trial 12 with value: 258.56285510038566.
[I 2024-12-05 02:05:32,057] Trial 94 finished with value: 291.33962411356 and parameters: {'max_depth': 11, 'n_estimators': 53}. Best is trial 12 with value: 258.56285510038566.
[I 2024-12-05 02:05:33,155] Trial 95 finished with value: 290.83997522759813 and parameters: {'max_depth': 10, 'n_estimators': 62}. Best is trial 12 with value: 258.56285510038566.
[I 2024-12-05 02:05:33,963] Trial 96 finished with value: 545.5170725279294 and parameters: {'max_depth': 2, 'n_estimators': 45}. Best is trial 12 with value: 258.56285510038566.
[I 2024-12-05 02:05:34,932] Trial 97 finished with value: 298.90021251628366 and parameters: {'max_depth': 9, 'n_estimators': 51}. Best is trial 12 with value: 258.56285510038566.
[I 2024-12-05 02:05:35,676] Trial 98 finished with value: 282.990340593411 and parameters: {'max_depth': 11, 'n_estimators': 33}. Best is trial 12 with value: 258.56285510038566.
[I 2024-12-05 02:05:36,909] Trial 99 finished with value: 281.9609241508657 and parameters: {'max_depth': 10, 'n_estimators': 73}. Best is trial 12 with value: 258.56285510038566.
/home/mburu/.local/lib/python3.8/site-packages/sklearn/preprocessing/_encoders.py:975: FutureWarning: `sparse` was renamed to `sparse_output` in version 1.2 and will be removed in 1.4. `sparse_output` is ignored unless you leave `sparse` to its default value.
  warnings.warn(
[I 2024-12-05 02:05:40,498] A new study created in RDB with name: RandomForest_Sensory
[I 2024-12-05 02:05:40,965] Trial 0 finished with value: 0.5383648930789471 and parameters: {'max_depth': 6, 'n_estimators': 6}. Best is trial 0 with value: 0.5383648930789471.
[I 2024-12-05 02:05:41,447] Trial 1 finished with value: 0.5079319152639479 and parameters: {'max_depth': 7, 'n_estimators': 17}. Best is trial 1 with value: 0.5079319152639479.
[I 2024-12-05 02:05:42,153] Trial 2 finished with value: 0.5112248161278176 and parameters: {'max_depth': 12, 'n_estimators': 34}. Best is trial 1 with value: 0.5079319152639479.
[I 2024-12-05 02:05:42,848] Trial 3 finished with value: 0.5011011505217121 and parameters: {'max_depth': 5, 'n_estimators': 38}. Best is trial 3 with value: 0.5011011505217121.
[I 2024-12-05 02:05:43,345] Trial 4 finished with value: 0.5878223901554512 and parameters: {'max_depth': 2, 'n_estimators': 20}. Best is trial 3 with value: 0.5011011505217121.
[I 2024-12-05 02:05:43,729] Trial 5 finished with value: 0.5547787954488372 and parameters: {'max_depth': 8, 'n_estimators': 5}. Best is trial 3 with value: 0.5011011505217121.
[I 2024-12-05 02:05:44,128] Trial 6 finished with value: 0.5972509832114757 and parameters: {'max_depth': 2, 'n_estimators': 7}. Best is trial 3 with value: 0.5011011505217121.
[I 2024-12-05 02:05:44,552] Trial 7 finished with value: 0.5468051890449033 and parameters: {'max_depth': 8, 'n_estimators': 5}. Best is trial 3 with value: 0.5011011505217121.
[I 2024-12-05 02:05:45,003] Trial 8 finished with value: 0.5420986842292547 and parameters: {'max_depth': 7, 'n_estimators': 11}. Best is trial 3 with value: 0.5011011505217121.
[I 2024-12-05 02:05:45,505] Trial 9 finished with value: 0.5872639623859885 and parameters: {'max_depth': 2, 'n_estimators': 12}. Best is trial 3 with value: 0.5011011505217121.
[I 2024-12-05 02:05:46,797] Trial 10 finished with value: 0.5155383407552385 and parameters: {'max_depth': 4, 'n_estimators': 96}. Best is trial 3 with value: 0.5011011505217121.
[I 2024-12-05 02:05:47,555] Trial 11 finished with value: 0.5160433238141824 and parameters: {'max_depth': 4, 'n_estimators': 46}. Best is trial 3 with value: 0.5011011505217121.
[I 2024-12-05 02:05:48,164] Trial 12 finished with value: 0.4973163634576444 and parameters: {'max_depth': 5, 'n_estimators': 30}. Best is trial 12 with value: 0.4973163634576444.
[I 2024-12-05 02:05:48,867] Trial 13 finished with value: 0.5485645658971928 and parameters: {'max_depth': 3, 'n_estimators': 38}. Best is trial 12 with value: 0.4973163634576444.
[I 2024-12-05 02:05:49,931] Trial 14 finished with value: 0.5055505277195513 and parameters: {'max_depth': 5, 'n_estimators': 68}. Best is trial 12 with value: 0.4973163634576444.
[I 2024-12-05 02:05:50,553] Trial 15 finished with value: 0.554425202582985 and parameters: {'max_depth': 3, 'n_estimators': 28}. Best is trial 12 with value: 0.4973163634576444.
[I 2024-12-05 02:05:51,439] Trial 16 finished with value: 0.5429333318646347 and parameters: {'max_depth': 3, 'n_estimators': 55}. Best is trial 12 with value: 0.4973163634576444.
[I 2024-12-05 02:05:52,027] Trial 17 finished with value: 0.517773306124731 and parameters: {'max_depth': 11, 'n_estimators': 25}. Best is trial 12 with value: 0.4973163634576444.
[I 2024-12-05 02:05:52,512] Trial 18 finished with value: 0.5131481935869606 and parameters: {'max_depth': 5, 'n_estimators': 14}. Best is trial 12 with value: 0.4973163634576444.
[I 2024-12-05 02:05:53,539] Trial 19 finished with value: 0.5016147014665919 and parameters: {'max_depth': 5, 'n_estimators': 69}. Best is trial 12 with value: 0.4973163634576444.
[I 2024-12-05 02:05:54,175] Trial 20 finished with value: 0.5101129296229316 and parameters: {'max_depth': 10, 'n_estimators': 30}. Best is trial 12 with value: 0.4973163634576444.
[I 2024-12-05 02:05:55,294] Trial 21 finished with value: 0.4977600779273349 and parameters: {'max_depth': 5, 'n_estimators': 75}. Best is trial 12 with value: 0.4973163634576444.
[I 2024-12-05 02:05:56,621] Trial 22 finished with value: 0.5107019979895142 and parameters: {'max_depth': 4, 'n_estimators': 95}. Best is trial 12 with value: 0.4973163634576444.
[I 2024-12-05 02:05:57,353] Trial 23 finished with value: 0.508589308995505 and parameters: {'max_depth': 6, 'n_estimators': 42}. Best is trial 12 with value: 0.4973163634576444.
[I 2024-12-05 02:05:58,171] Trial 24 finished with value: 0.4970727766139911 and parameters: {'max_depth': 6, 'n_estimators': 50}. Best is trial 24 with value: 0.4970727766139911.
[I 2024-12-05 02:05:59,152] Trial 25 finished with value: 0.4896948076712041 and parameters: {'max_depth': 6, 'n_estimators': 60}. Best is trial 25 with value: 0.4896948076712041.
[I 2024-12-05 02:06:00,134] Trial 26 finished with value: 0.5025648097122277 and parameters: {'max_depth': 9, 'n_estimators': 53}. Best is trial 25 with value: 0.4896948076712041.
[I 2024-12-05 02:06:01,006] Trial 27 finished with value: 0.49684172132335974 and parameters: {'max_depth': 6, 'n_estimators': 55}. Best is trial 25 with value: 0.4896948076712041.
[I 2024-12-05 02:06:01,992] Trial 28 finished with value: 0.49117509570771833 and parameters: {'max_depth': 6, 'n_estimators': 59}. Best is trial 25 with value: 0.4896948076712041.
[I 2024-12-05 02:06:03,135] Trial 29 finished with value: 0.4972264167219622 and parameters: {'max_depth': 6, 'n_estimators': 78}. Best is trial 25 with value: 0.4896948076712041.
[I 2024-12-05 02:06:04,158] Trial 30 finished with value: 0.4983871844933822 and parameters: {'max_depth': 7, 'n_estimators': 59}. Best is trial 25 with value: 0.4896948076712041.
[I 2024-12-05 02:06:04,982] Trial 31 finished with value: 0.5005099749018982 and parameters: {'max_depth': 6, 'n_estimators': 50}. Best is trial 25 with value: 0.4896948076712041.
[I 2024-12-05 02:06:05,984] Trial 32 finished with value: 0.4950287667196557 and parameters: {'max_depth': 7, 'n_estimators': 62}. Best is trial 25 with value: 0.4896948076712041.
[I 2024-12-05 02:06:07,302] Trial 33 finished with value: 0.48806968375669674 and parameters: {'max_depth': 7, 'n_estimators': 82}. Best is trial 33 with value: 0.48806968375669674.
[I 2024-12-05 02:06:08,908] Trial 34 finished with value: 0.4984366395640655 and parameters: {'max_depth': 8, 'n_estimators': 85}. Best is trial 33 with value: 0.48806968375669674.
[I 2024-12-05 02:06:09,992] Trial 35 finished with value: 0.4886425982036709 and parameters: {'max_depth': 9, 'n_estimators': 63}. Best is trial 33 with value: 0.48806968375669674.
[I 2024-12-05 02:06:11,231] Trial 36 finished with value: 0.4984824947855085 and parameters: {'max_depth': 9, 'n_estimators': 81}. Best is trial 33 with value: 0.48806968375669674.
[I 2024-12-05 02:06:12,035] Trial 37 finished with value: 0.5229505138944556 and parameters: {'max_depth': 11, 'n_estimators': 41}. Best is trial 33 with value: 0.48806968375669674.
