[I 2025-01-26 02:59:33,392] Trial 50 finished with value: 759446.2882713669 and parameters: {'max_depth': 9, 'n_estimators': 46}. Best is trial 42 with value: 713927.847512526.
[I 2025-01-26 02:59:35,269] Trial 51 finished with value: 720957.9898989156 and parameters: {'max_depth': 11, 'n_estimators': 53}. Best is trial 42 with value: 713927.847512526.
[I 2025-01-26 02:59:37,673] Trial 52 finished with value: 734512.0372066101 and parameters: {'max_depth': 12, 'n_estimators': 68}. Best is trial 42 with value: 713927.847512526.
[I 2025-01-26 02:59:39,228] Trial 53 finished with value: 754383.698519101 and parameters: {'max_depth': 11, 'n_estimators': 43}. Best is trial 42 with value: 713927.847512526.
[I 2025-01-26 02:59:39,839] Trial 54 finished with value: 759803.1882327737 and parameters: {'max_depth': 10, 'n_estimators': 7}. Best is trial 42 with value: 713927.847512526.
[I 2025-01-26 02:59:41,318] Trial 55 finished with value: 731328.999448892 and parameters: {'max_depth': 12, 'n_estimators': 36}. Best is trial 42 with value: 713927.847512526.
[I 2025-01-26 02:59:42,022] Trial 56 finished with value: 841746.4537362916 and parameters: {'max_depth': 4, 'n_estimators': 23}. Best is trial 42 with value: 713927.847512526.
[I 2025-01-26 02:59:43,128] Trial 57 finished with value: 761079.9259674329 and parameters: {'max_depth': 9, 'n_estimators': 30}. Best is trial 42 with value: 713927.847512526.
[I 2025-01-26 02:59:45,219] Trial 58 finished with value: 728233.064412141 and parameters: {'max_depth': 11, 'n_estimators': 60}. Best is trial 42 with value: 713927.847512526.
[I 2025-01-26 02:59:46,747] Trial 59 finished with value: 759423.3050065569 and parameters: {'max_depth': 8, 'n_estimators': 52}. Best is trial 42 with value: 713927.847512526.
[I 2025-01-26 02:59:48,197] Trial 60 finished with value: 746660.4187346878 and parameters: {'max_depth': 10, 'n_estimators': 41}. Best is trial 42 with value: 713927.847512526.
[I 2025-01-26 02:59:50,091] Trial 61 finished with value: 759639.0657902735 and parameters: {'max_depth': 11, 'n_estimators': 53}. Best is trial 42 with value: 713927.847512526.
[I 2025-01-26 02:59:52,095] Trial 62 finished with value: 744879.2781268053 and parameters: {'max_depth': 12, 'n_estimators': 55}. Best is trial 42 with value: 713927.847512526.
[I 2025-01-26 02:59:54,575] Trial 63 finished with value: 736453.0764444799 and parameters: {'max_depth': 11, 'n_estimators': 78}. Best is trial 42 with value: 713927.847512526.
[I 2025-01-26 02:59:55,864] Trial 64 finished with value: 759928.6194387367 and parameters: {'max_depth': 10, 'n_estimators': 33}. Best is trial 42 with value: 713927.847512526.
[I 2025-01-26 02:59:57,701] Trial 65 finished with value: 738054.3721523571 and parameters: {'max_depth': 12, 'n_estimators': 49}. Best is trial 42 with value: 713927.847512526.
[I 2025-01-26 03:00:00,763] Trial 66 finished with value: 736734.7097282117 and parameters: {'max_depth': 11, 'n_estimators': 99}. Best is trial 42 with value: 713927.847512526.
[I 2025-01-26 03:00:02,667] Trial 67 finished with value: 741153.8125556577 and parameters: {'max_depth': 9, 'n_estimators': 64}. Best is trial 42 with value: 713927.847512526.
[I 2025-01-26 03:00:04,211] Trial 68 finished with value: 735493.4481328976 and parameters: {'max_depth': 12, 'n_estimators': 38}. Best is trial 42 with value: 713927.847512526.
[I 2025-01-26 03:00:06,371] Trial 69 finished with value: 742055.6173999128 and parameters: {'max_depth': 10, 'n_estimators': 71}. Best is trial 42 with value: 713927.847512526.
[I 2025-01-26 03:00:07,973] Trial 70 finished with value: 735211.0272248442 and parameters: {'max_depth': 10, 'n_estimators': 45}. Best is trial 42 with value: 713927.847512526.
[I 2025-01-26 03:00:10,019] Trial 71 finished with value: 726312.547795946 and parameters: {'max_depth': 11, 'n_estimators': 59}. Best is trial 42 with value: 713927.847512526.
[I 2025-01-26 03:00:11,983] Trial 72 finished with value: 750707.997496418 and parameters: {'max_depth': 11, 'n_estimators': 57}. Best is trial 42 with value: 713927.847512526.
[I 2025-01-26 03:00:13,851] Trial 73 finished with value: 725063.1141998179 and parameters: {'max_depth': 12, 'n_estimators': 49}. Best is trial 42 with value: 713927.847512526.
[I 2025-01-26 03:00:15,691] Trial 74 finished with value: 727372.3182673936 and parameters: {'max_depth': 12, 'n_estimators': 49}. Best is trial 42 with value: 713927.847512526.
[I 2025-01-26 03:00:16,685] Trial 75 finished with value: 824913.2096717574 and parameters: {'max_depth': 5, 'n_estimators': 42}. Best is trial 42 with value: 713927.847512526.
[I 2025-01-26 03:00:19,506] Trial 76 finished with value: 729246.9280438131 and parameters: {'max_depth': 12, 'n_estimators': 82}. Best is trial 42 with value: 713927.847512526.
[I 2025-01-26 03:00:21,857] Trial 77 finished with value: 720853.275707532 and parameters: {'max_depth': 11, 'n_estimators': 72}. Best is trial 42 with value: 713927.847512526.
[I 2025-01-26 03:00:23,884] Trial 78 finished with value: 732197.0519416796 and parameters: {'max_depth': 9, 'n_estimators': 70}. Best is trial 42 with value: 713927.847512526.
[I 2025-01-26 03:00:26,327] Trial 79 finished with value: 716444.9191261629 and parameters: {'max_depth': 11, 'n_estimators': 75}. Best is trial 42 with value: 713927.847512526.
[I 2025-01-26 03:00:28,521] Trial 80 finished with value: 739000.1987606765 and parameters: {'max_depth': 10, 'n_estimators': 72}. Best is trial 42 with value: 713927.847512526.
[I 2025-01-26 03:00:31,506] Trial 81 finished with value: 713159.8273384031 and parameters: {'max_depth': 11, 'n_estimators': 95}. Best is trial 81 with value: 713159.8273384031.
[I 2025-01-26 03:00:34,435] Trial 82 finished with value: 732159.0108556227 and parameters: {'max_depth': 11, 'n_estimators': 93}. Best is trial 81 with value: 713159.8273384031.
[I 2025-01-26 03:00:37,429] Trial 83 finished with value: 718880.8275568174 and parameters: {'max_depth': 12, 'n_estimators': 90}. Best is trial 81 with value: 713159.8273384031.
[I 2025-01-26 03:00:40,464] Trial 84 finished with value: 731278.26962688 and parameters: {'max_depth': 12, 'n_estimators': 92}. Best is trial 81 with value: 713159.8273384031.
[I 2025-01-26 03:00:42,789] Trial 85 finished with value: 755849.689718859 and parameters: {'max_depth': 9, 'n_estimators': 86}. Best is trial 81 with value: 713159.8273384031.
[I 2025-01-26 03:00:44,692] Trial 86 finished with value: 765258.9958739369 and parameters: {'max_depth': 7, 'n_estimators': 81}. Best is trial 81 with value: 713159.8273384031.
[I 2025-01-26 03:00:47,085] Trial 87 finished with value: 757893.9098238449 and parameters: {'max_depth': 8, 'n_estimators': 97}. Best is trial 81 with value: 713159.8273384031.
[I 2025-01-26 03:00:49,230] Trial 88 finished with value: 728322.8579724623 and parameters: {'max_depth': 11, 'n_estimators': 64}. Best is trial 81 with value: 713159.8273384031.
[I 2025-01-26 03:00:51,554] Trial 89 finished with value: 739356.9074449182 and parameters: {'max_depth': 10, 'n_estimators': 77}. Best is trial 81 with value: 713159.8273384031.
[I 2025-01-26 03:00:52,867] Trial 90 finished with value: 849668.1212176168 and parameters: {'max_depth': 4, 'n_estimators': 75}. Best is trial 81 with value: 713159.8273384031.
[I 2025-01-26 03:00:54,007] Trial 91 finished with value: 911568.9361974641 and parameters: {'max_depth': 2, 'n_estimators': 91}. Best is trial 81 with value: 713159.8273384031.
[I 2025-01-26 03:00:56,804] Trial 92 finished with value: 716565.3691935589 and parameters: {'max_depth': 12, 'n_estimators': 83}. Best is trial 81 with value: 713159.8273384031.
[I 2025-01-26 03:00:59,642] Trial 93 finished with value: 720246.6379823077 and parameters: {'max_depth': 12, 'n_estimators': 85}. Best is trial 81 with value: 713159.8273384031.
[I 2025-01-26 03:01:02,320] Trial 94 finished with value: 728512.4237371888 and parameters: {'max_depth': 11, 'n_estimators': 85}. Best is trial 81 with value: 713159.8273384031.
[I 2025-01-26 03:01:05,386] Trial 95 finished with value: 730296.0979277177 and parameters: {'max_depth': 12, 'n_estimators': 90}. Best is trial 81 with value: 713159.8273384031.
[I 2025-01-26 03:01:07,866] Trial 96 finished with value: 736860.1947550845 and parameters: {'max_depth': 10, 'n_estimators': 67}. Best is trial 81 with value: 713159.8273384031.
[I 2025-01-26 03:01:11,167] Trial 97 finished with value: 726028.0256545402 and parameters: {'max_depth': 12, 'n_estimators': 98}. Best is trial 81 with value: 713159.8273384031.
[I 2025-01-26 03:01:13,635] Trial 98 finished with value: 738826.0471845946 and parameters: {'max_depth': 11, 'n_estimators': 75}. Best is trial 81 with value: 713159.8273384031.
[I 2025-01-26 03:01:15,403] Trial 99 finished with value: 790970.1024512877 and parameters: {'max_depth': 6, 'n_estimators': 84}. Best is trial 81 with value: 713159.8273384031.
[I 2025-01-26 03:01:18,094] Trial 100 finished with value: 738910.7471084354 and parameters: {'max_depth': 12, 'n_estimators': 80}. Best is trial 81 with value: 713159.8273384031.
[I 2025-01-26 03:01:20,294] Trial 101 finished with value: 721010.5703955733 and parameters: {'max_depth': 12, 'n_estimators': 62}. Best is trial 81 with value: 713159.8273384031.
[I 2025-01-26 03:01:22,400] Trial 102 finished with value: 734608.701077916 and parameters: {'max_depth': 11, 'n_estimators': 63}. Best is trial 81 with value: 713159.8273384031.
[I 2025-01-26 03:01:25,713] Trial 103 finished with value: 727544.3102199169 and parameters: {'max_depth': 12, 'n_estimators': 100}. Best is trial 81 with value: 713159.8273384031.
[I 2025-01-26 03:01:28,333] Trial 104 finished with value: 739263.1042262784 and parameters: {'max_depth': 10, 'n_estimators': 88}. Best is trial 81 with value: 713159.8273384031.
[I 2025-01-26 03:01:30,747] Trial 105 finished with value: 751413.0118694803 and parameters: {'max_depth': 11, 'n_estimators': 74}. Best is trial 81 with value: 713159.8273384031.
[I 2025-01-26 03:01:33,149] Trial 106 finished with value: 721418.5700092921 and parameters: {'max_depth': 12, 'n_estimators': 68}. Best is trial 81 with value: 713159.8273384031.
[I 2025-01-26 03:01:35,371] Trial 107 finished with value: 737202.8366977093 and parameters: {'max_depth': 11, 'n_estimators': 67}. Best is trial 81 with value: 713159.8273384031.
[I 2025-01-26 03:01:37,567] Trial 108 finished with value: 720768.447889057 and parameters: {'max_depth': 12, 'n_estimators': 61}. Best is trial 81 with value: 713159.8273384031.
[I 2025-01-26 03:01:39,666] Trial 109 finished with value: 735781.319060757 and parameters: {'max_depth': 12, 'n_estimators': 57}. Best is trial 81 with value: 713159.8273384031.
[I 2025-01-26 03:01:41,806] Trial 110 finished with value: 745866.9997016389 and parameters: {'max_depth': 10, 'n_estimators': 69}. Best is trial 81 with value: 713159.8273384031.
[I 2025-01-26 03:01:43,900] Trial 111 finished with value: 752821.3179667831 and parameters: {'max_depth': 11, 'n_estimators': 62}. Best is trial 81 with value: 713159.8273384031.
[I 2025-01-26 03:01:46,538] Trial 112 finished with value: 725621.1460098291 and parameters: {'max_depth': 12, 'n_estimators': 78}. Best is trial 81 with value: 713159.8273384031.
[I 2025-01-26 03:01:48,720] Trial 113 finished with value: 726112.0831692748 and parameters: {'max_depth': 12, 'n_estimators': 60}. Best is trial 81 with value: 713159.8273384031.
[I 2025-01-26 03:01:51,055] Trial 114 finished with value: 736201.572175048 and parameters: {'max_depth': 11, 'n_estimators': 72}. Best is trial 81 with value: 713159.8273384031.
[I 2025-01-26 03:01:53,411] Trial 115 finished with value: 730960.0353741983 and parameters: {'max_depth': 12, 'n_estimators': 66}. Best is trial 81 with value: 713159.8273384031.
[I 2025-01-26 03:01:54,344] Trial 116 finished with value: 723149.8473452383 and parameters: {'max_depth': 11, 'n_estimators': 18}. Best is trial 81 with value: 713159.8273384031.
[I 2025-01-26 03:01:55,256] Trial 117 finished with value: 739265.900299553 and parameters: {'max_depth': 10, 'n_estimators': 18}. Best is trial 81 with value: 713159.8273384031.
[I 2025-01-26 03:01:56,076] Trial 118 finished with value: 781041.8189849413 and parameters: {'max_depth': 11, 'n_estimators': 16}. Best is trial 81 with value: 713159.8273384031.
[I 2025-01-26 03:01:56,921] Trial 119 finished with value: 745458.0288887585 and parameters: {'max_depth': 11, 'n_estimators': 15}. Best is trial 81 with value: 713159.8273384031.
[I 2025-01-26 03:01:57,683] Trial 120 finished with value: 777676.7841843868 and parameters: {'max_depth': 9, 'n_estimators': 14}. Best is trial 81 with value: 713159.8273384031.
[I 2025-01-26 03:01:58,511] Trial 121 finished with value: 765589.3696751365 and parameters: {'max_depth': 12, 'n_estimators': 12}. Best is trial 81 with value: 713159.8273384031.
[I 2025-01-26 03:01:59,537] Trial 122 finished with value: 761071.9688967161 and parameters: {'max_depth': 12, 'n_estimators': 20}. Best is trial 81 with value: 713159.8273384031.
[I 2025-01-26 03:02:01,454] Trial 123 finished with value: 748577.6215062483 and parameters: {'max_depth': 11, 'n_estimators': 55}. Best is trial 81 with value: 713159.8273384031.
[I 2025-01-26 03:02:04,046] Trial 124 finished with value: 737459.9104588443 and parameters: {'max_depth': 10, 'n_estimators': 82}. Best is trial 81 with value: 713159.8273384031.
[I 2025-01-26 03:02:08,379] Trial 125 finished with value: 877288.4678956775 and parameters: {'max_depth': 3, 'n_estimators': 75}. Best is trial 81 with value: 713159.8273384031.
[I 2025-01-26 03:02:11,013] Trial 126 finished with value: 733969.6220430138 and parameters: {'max_depth': 12, 'n_estimators': 26}. Best is trial 81 with value: 713159.8273384031.
[I 2025-01-26 03:02:13,045] Trial 127 finished with value: 741663.3372907486 and parameters: {'max_depth': 10, 'n_estimators': 52}. Best is trial 81 with value: 713159.8273384031.
[I 2025-01-26 03:02:14,062] Trial 128 finished with value: 750593.3891534589 and parameters: {'max_depth': 11, 'n_estimators': 21}. Best is trial 81 with value: 713159.8273384031.
[I 2025-01-26 03:02:16,370] Trial 129 finished with value: 738200.5464679445 and parameters: {'max_depth': 11, 'n_estimators': 70}. Best is trial 81 with value: 713159.8273384031.
[I 2025-01-26 03:02:17,383] Trial 130 finished with value: 769308.7192160145 and parameters: {'max_depth': 12, 'n_estimators': 18}. Best is trial 81 with value: 713159.8273384031.
[I 2025-01-26 03:02:20,542] Trial 131 finished with value: 725330.0041743086 and parameters: {'max_depth': 12, 'n_estimators': 94}. Best is trial 81 with value: 713159.8273384031.
[I 2025-01-26 03:02:23,507] Trial 132 finished with value: 729695.9511269873 and parameters: {'max_depth': 12, 'n_estimators': 89}. Best is trial 81 with value: 713159.8273384031.
[I 2025-01-26 03:02:26,171] Trial 133 finished with value: 734437.8237529991 and parameters: {'max_depth': 11, 'n_estimators': 83}. Best is trial 81 with value: 713159.8273384031.
[I 2025-01-26 03:02:28,216] Trial 134 finished with value: 729614.768623232 and parameters: {'max_depth': 11, 'n_estimators': 60}. Best is trial 81 with value: 713159.8273384031.
[I 2025-01-26 03:02:31,338] Trial 135 finished with value: 726546.8687913679 and parameters: {'max_depth': 12, 'n_estimators': 93}. Best is trial 81 with value: 713159.8273384031.
[I 2025-01-26 03:02:33,997] Trial 136 finished with value: 731741.450611518 and parameters: {'max_depth': 12, 'n_estimators': 78}. Best is trial 81 with value: 713159.8273384031.
[I 2025-01-26 03:02:36,485] Trial 137 finished with value: 747086.0360394906 and parameters: {'max_depth': 10, 'n_estimators': 84}. Best is trial 81 with value: 713159.8273384031.
[I 2025-01-26 03:02:38,448] Trial 138 finished with value: 742449.6762594711 and parameters: {'max_depth': 11, 'n_estimators': 57}. Best is trial 81 with value: 713159.8273384031.
[I 2025-01-26 03:02:40,799] Trial 139 finished with value: 721578.8422298734 and parameters: {'max_depth': 12, 'n_estimators': 66}. Best is trial 81 with value: 713159.8273384031.
[I 2025-01-26 03:02:42,874] Trial 140 finished with value: 742530.34679201 and parameters: {'max_depth': 10, 'n_estimators': 66}. Best is trial 81 with value: 713159.8273384031.
[I 2025-01-26 03:02:45,123] Trial 141 finished with value: 729785.5060166192 and parameters: {'max_depth': 12, 'n_estimators': 63}. Best is trial 81 with value: 713159.8273384031.
[I 2025-01-26 03:02:47,456] Trial 142 finished with value: 737166.4252661214 and parameters: {'max_depth': 11, 'n_estimators': 72}. Best is trial 81 with value: 713159.8273384031.
[I 2025-01-26 03:02:50,398] Trial 143 finished with value: 725694.5167340147 and parameters: {'max_depth': 12, 'n_estimators': 88}. Best is trial 81 with value: 713159.8273384031.
[I 2025-01-26 03:02:53,028] Trial 144 finished with value: 719836.7643165013 and parameters: {'max_depth': 12, 'n_estimators': 77}. Best is trial 81 with value: 713159.8273384031.
[I 2025-01-26 03:02:55,659] Trial 145 finished with value: 723763.0950753356 and parameters: {'max_depth': 12, 'n_estimators': 77}. Best is trial 81 with value: 713159.8273384031.
[I 2025-01-26 03:02:57,913] Trial 146 finished with value: 718565.6002547883 and parameters: {'max_depth': 11, 'n_estimators': 68}. Best is trial 81 with value: 713159.8273384031.
[I 2025-01-26 03:03:00,147] Trial 147 finished with value: 739636.0939811862 and parameters: {'max_depth': 11, 'n_estimators': 66}. Best is trial 81 with value: 713159.8273384031.
[I 2025-01-26 03:03:01,565] Trial 148 finished with value: 821352.5854261627 and parameters: {'max_depth': 5, 'n_estimators': 70}. Best is trial 81 with value: 713159.8273384031.
[I 2025-01-26 03:03:03,650] Trial 149 finished with value: 743222.439492758 and parameters: {'max_depth': 11, 'n_estimators': 62}. Best is trial 81 with value: 713159.8273384031.
[I 2025-01-26 03:03:06,389] Trial 150 finished with value: 744713.1135581124 and parameters: {'max_depth': 12, 'n_estimators': 80}. Best is trial 81 with value: 713159.8273384031.
[I 2025-01-26 03:03:08,527] Trial 151 finished with value: 720795.1685892921 and parameters: {'max_depth': 12, 'n_estimators': 58}. Best is trial 81 with value: 713159.8273384031.
[I 2025-01-26 03:03:10,639] Trial 152 finished with value: 742437.8048212712 and parameters: {'max_depth': 12, 'n_estimators': 58}. Best is trial 81 with value: 713159.8273384031.
[I 2025-01-26 03:03:12,542] Trial 153 finished with value: 742431.6297517966 and parameters: {'max_depth': 11, 'n_estimators': 54}. Best is trial 81 with value: 713159.8273384031.
[I 2025-01-26 03:03:15,020] Trial 154 finished with value: 726345.7729902215 and parameters: {'max_depth': 12, 'n_estimators': 72}. Best is trial 81 with value: 713159.8273384031.
[I 2025-01-26 03:03:17,277] Trial 155 finished with value: 750494.0891409729 and parameters: {'max_depth': 11, 'n_estimators': 67}. Best is trial 81 with value: 713159.8273384031.
[I 2025-01-26 03:03:19,243] Trial 156 finished with value: 752895.7686907595 and parameters: {'max_depth': 10, 'n_estimators': 61}. Best is trial 81 with value: 713159.8273384031.
[I 2025-01-26 03:03:21,947] Trial 157 finished with value: 730437.9478287268 and parameters: {'max_depth': 12, 'n_estimators': 76}. Best is trial 81 with value: 713159.8273384031.
[I 2025-01-26 03:03:23,624] Trial 158 finished with value: 735889.2031739632 and parameters: {'max_depth': 11, 'n_estimators': 46}. Best is trial 81 with value: 713159.8273384031.
[I 2025-01-26 03:03:25,647] Trial 159 finished with value: 738609.7374046622 and parameters: {'max_depth': 12, 'n_estimators': 56}. Best is trial 81 with value: 713159.8273384031.
[I 2025-01-26 03:03:27,397] Trial 160 finished with value: 751916.0229022691 and parameters: {'max_depth': 10, 'n_estimators': 52}. Best is trial 81 with value: 713159.8273384031.
[I 2025-01-26 03:03:29,638] Trial 161 finished with value: 727888.5687721057 and parameters: {'max_depth': 12, 'n_estimators': 64}. Best is trial 81 with value: 713159.8273384031.
[I 2025-01-26 03:03:32,299] Trial 162 finished with value: 729450.1444589436 and parameters: {'max_depth': 11, 'n_estimators': 84}. Best is trial 81 with value: 713159.8273384031.
[I 2025-01-26 03:03:32,939] Trial 163 finished with value: 789910.0595577755 and parameters: {'max_depth': 12, 'n_estimators': 6}. Best is trial 81 with value: 713159.8273384031.
[I 2025-01-26 03:03:35,222] Trial 164 finished with value: 737401.5210032503 and parameters: {'max_depth': 11, 'n_estimators': 69}. Best is trial 81 with value: 713159.8273384031.
[I 2025-01-26 03:03:35,987] Trial 165 finished with value: 746569.4162757893 and parameters: {'max_depth': 12, 'n_estimators': 9}. Best is trial 81 with value: 713159.8273384031.
[I 2025-01-26 03:03:38,438] Trial 166 finished with value: 734701.1679942578 and parameters: {'max_depth': 11, 'n_estimators': 73}. Best is trial 81 with value: 713159.8273384031.
[I 2025-01-26 03:03:40,338] Trial 167 finished with value: 727980.2884809787 and parameters: {'max_depth': 12, 'n_estimators': 50}. Best is trial 81 with value: 713159.8273384031.
[I 2025-01-26 03:03:42,372] Trial 168 finished with value: 725018.5077097559 and parameters: {'max_depth': 11, 'n_estimators': 60}. Best is trial 81 with value: 713159.8273384031.
[I 2025-01-26 03:03:44,758] Trial 169 finished with value: 739814.6925751622 and parameters: {'max_depth': 10, 'n_estimators': 80}. Best is trial 81 with value: 713159.8273384031.
[I 2025-01-26 03:03:47,688] Trial 170 finished with value: 724976.0985519752 and parameters: {'max_depth': 12, 'n_estimators': 88}. Best is trial 81 with value: 713159.8273384031.
[I 2025-01-26 03:03:50,278] Trial 171 finished with value: 734506.5629593425 and parameters: {'max_depth': 12, 'n_estimators': 76}. Best is trial 81 with value: 713159.8273384031.
