[I 2024-12-05 02:06:13,500] Trial 38 finished with value: 0.49639186634484106 and parameters: {'max_depth': 9, 'n_estimators': 98}. Best is trial 33 with value: 0.48806968375669674.
[I 2024-12-05 02:06:14,014] Trial 39 finished with value: 0.5155100214258502 and parameters: {'max_depth': 7, 'n_estimators': 18}. Best is trial 33 with value: 0.48806968375669674.
[I 2024-12-05 02:06:14,774] Trial 40 finished with value: 0.508699085793958 and parameters: {'max_depth': 12, 'n_estimators': 35}. Best is trial 33 with value: 0.48806968375669674.
[I 2024-12-05 02:06:15,867] Trial 41 finished with value: 0.4883227177429964 and parameters: {'max_depth': 8, 'n_estimators': 66}. Best is trial 33 with value: 0.48806968375669674.
[I 2024-12-05 02:06:16,954] Trial 42 finished with value: 0.495374628648576 and parameters: {'max_depth': 8, 'n_estimators': 68}. Best is trial 33 with value: 0.48806968375669674.
[I 2024-12-05 02:06:18,010] Trial 43 finished with value: 0.49380212105079757 and parameters: {'max_depth': 10, 'n_estimators': 60}. Best is trial 33 with value: 0.48806968375669674.
[I 2024-12-05 02:06:18,813] Trial 44 finished with value: 0.48980967114755963 and parameters: {'max_depth': 8, 'n_estimators': 44}. Best is trial 33 with value: 0.48806968375669674.
[I 2024-12-05 02:06:19,619] Trial 45 finished with value: 0.5015677523063714 and parameters: {'max_depth': 8, 'n_estimators': 47}. Best is trial 33 with value: 0.48806968375669674.
[I 2024-12-05 02:06:21,139] Trial 46 finished with value: 0.5078952004309587 and parameters: {'max_depth': 10, 'n_estimators': 84}. Best is trial 33 with value: 0.48806968375669674.
[I 2024-12-05 02:06:22,249] Trial 47 finished with value: 0.4854819892300165 and parameters: {'max_depth': 7, 'n_estimators': 71}. Best is trial 47 with value: 0.4854819892300165.
[I 2024-12-05 02:06:23,373] Trial 48 finished with value: 0.5037000233447847 and parameters: {'max_depth': 9, 'n_estimators': 67}. Best is trial 47 with value: 0.4854819892300165.
[I 2024-12-05 02:06:23,793] Trial 49 finished with value: 0.5683706008665634 and parameters: {'max_depth': 7, 'n_estimators': 7}. Best is trial 47 with value: 0.4854819892300165.
[I 2024-12-05 02:06:25,060] Trial 50 finished with value: 0.49283360522749325 and parameters: {'max_depth': 7, 'n_estimators': 89}. Best is trial 47 with value: 0.4854819892300165.
[I 2024-12-05 02:06:26,201] Trial 51 finished with value: 0.5003585043334399 and parameters: {'max_depth': 8, 'n_estimators': 73}. Best is trial 47 with value: 0.4854819892300165.
[I 2024-12-05 02:06:27,057] Trial 52 finished with value: 0.5066657372674573 and parameters: {'max_depth': 11, 'n_estimators': 44}. Best is trial 47 with value: 0.4854819892300165.
[I 2024-12-05 02:06:27,633] Trial 53 finished with value: 0.5208263342913371 and parameters: {'max_depth': 8, 'n_estimators': 23}. Best is trial 47 with value: 0.4854819892300165.
[I 2024-12-05 02:06:28,729] Trial 54 finished with value: 0.5063265704667977 and parameters: {'max_depth': 9, 'n_estimators': 67}. Best is trial 47 with value: 0.4854819892300165.
[I 2024-12-05 02:06:29,443] Trial 55 finished with value: 0.5162117377552885 and parameters: {'max_depth': 10, 'n_estimators': 34}. Best is trial 47 with value: 0.4854819892300165.
[I 2024-12-05 02:06:30,612] Trial 56 finished with value: 0.4957870029218384 and parameters: {'max_depth': 7, 'n_estimators': 77}. Best is trial 47 with value: 0.4854819892300165.
[I 2024-12-05 02:06:32,031] Trial 57 finished with value: 0.5034049625314643 and parameters: {'max_depth': 8, 'n_estimators': 99}. Best is trial 47 with value: 0.4854819892300165.
[I 2024-12-05 02:06:32,462] Trial 58 finished with value: 0.5432076518644504 and parameters: {'max_depth': 9, 'n_estimators': 9}. Best is trial 47 with value: 0.4854819892300165.
[I 2024-12-05 02:06:33,202] Trial 59 finished with value: 0.5065149051022455 and parameters: {'max_depth': 10, 'n_estimators': 38}. Best is trial 47 with value: 0.4854819892300165.
[I 2024-12-05 02:06:34,166] Trial 60 finished with value: 0.51138942691263 and parameters: {'max_depth': 11, 'n_estimators': 53}. Best is trial 47 with value: 0.4854819892300165.
[I 2024-12-05 02:06:35,252] Trial 61 finished with value: 0.5018053399556129 and parameters: {'max_depth': 6, 'n_estimators': 60}. Best is trial 47 with value: 0.4854819892300165.
[I 2024-12-05 02:06:36,282] Trial 62 finished with value: 0.49657525810135683 and parameters: {'max_depth': 5, 'n_estimators': 62}. Best is trial 47 with value: 0.4854819892300165.
[I 2024-12-05 02:06:37,399] Trial 63 finished with value: 0.4900466927702798 and parameters: {'max_depth': 7, 'n_estimators': 73}. Best is trial 47 with value: 0.4854819892300165.
[I 2024-12-05 02:06:38,663] Trial 64 finished with value: 0.4887729598661291 and parameters: {'max_depth': 7, 'n_estimators': 88}. Best is trial 47 with value: 0.4854819892300165.
[I 2024-12-05 02:06:39,985] Trial 65 finished with value: 0.4951408962843534 and parameters: {'max_depth': 8, 'n_estimators': 91}. Best is trial 47 with value: 0.4854819892300165.
[I 2024-12-05 02:06:41,254] Trial 66 finished with value: 0.4954678510291729 and parameters: {'max_depth': 9, 'n_estimators': 78}. Best is trial 47 with value: 0.4854819892300165.
[I 2024-12-05 02:06:42,119] Trial 67 finished with value: 0.5161032707561296 and parameters: {'max_depth': 12, 'n_estimators': 46}. Best is trial 47 with value: 0.4854819892300165.
[I 2024-12-05 02:06:43,317] Trial 68 finished with value: 0.5165628271069358 and parameters: {'max_depth': 4, 'n_estimators': 87}. Best is trial 47 with value: 0.4854819892300165.
[I 2024-12-05 02:06:44,149] Trial 69 finished with value: 0.4964359022663 and parameters: {'max_depth': 7, 'n_estimators': 51}. Best is trial 47 with value: 0.4854819892300165.
[I 2024-12-05 02:06:45,184] Trial 70 finished with value: 0.4986664556104228 and parameters: {'max_depth': 6, 'n_estimators': 66}. Best is trial 47 with value: 0.4854819892300165.
[I 2024-12-05 02:06:46,321] Trial 71 finished with value: 0.49700705861258987 and parameters: {'max_depth': 7, 'n_estimators': 74}. Best is trial 47 with value: 0.4854819892300165.
[I 2024-12-05 02:06:47,425] Trial 72 finished with value: 0.4874057493496351 and parameters: {'max_depth': 7, 'n_estimators': 72}. Best is trial 47 with value: 0.4854819892300165.
[I 2024-12-05 02:06:48,375] Trial 73 finished with value: 0.5001801402860607 and parameters: {'max_depth': 8, 'n_estimators': 55}. Best is trial 47 with value: 0.4854819892300165.
[I 2024-12-05 02:06:49,550] Trial 74 finished with value: 0.4909628110919943 and parameters: {'max_depth': 6, 'n_estimators': 82}. Best is trial 47 with value: 0.4854819892300165.
[I 2024-12-05 02:06:50,613] Trial 75 finished with value: 0.4966692172290605 and parameters: {'max_depth': 8, 'n_estimators': 64}. Best is trial 47 with value: 0.4854819892300165.
[I 2024-12-05 02:06:51,913] Trial 76 finished with value: 0.4939762668597961 and parameters: {'max_depth': 7, 'n_estimators': 90}. Best is trial 47 with value: 0.4854819892300165.
[I 2024-12-05 02:06:52,872] Trial 77 finished with value: 0.4945143643948514 and parameters: {'max_depth': 9, 'n_estimators': 57}. Best is trial 47 with value: 0.4854819892300165.
[I 2024-12-05 02:06:54,358] Trial 78 finished with value: 0.4940937494960215 and parameters: {'max_depth': 9, 'n_estimators': 100}. Best is trial 47 with value: 0.4854819892300165.
[I 2024-12-05 02:06:55,512] Trial 79 finished with value: 0.5100384377210295 and parameters: {'max_depth': 8, 'n_estimators': 71}. Best is trial 47 with value: 0.4854819892300165.
[I 2024-12-05 02:06:56,016] Trial 80 finished with value: 0.5059913622695298 and parameters: {'max_depth': 10, 'n_estimators': 14}. Best is trial 47 with value: 0.4854819892300165.
[I 2024-12-05 02:06:57,258] Trial 81 finished with value: 0.49931358133707837 and parameters: {'max_depth': 7, 'n_estimators': 74}. Best is trial 47 with value: 0.4854819892300165.
[I 2024-12-05 02:06:58,448] Trial 82 finished with value: 0.49312760168407815 and parameters: {'max_depth': 7, 'n_estimators': 82}. Best is trial 47 with value: 0.4854819892300165.
[I 2024-12-05 02:06:59,282] Trial 83 finished with value: 0.48802978290959853 and parameters: {'max_depth': 6, 'n_estimators': 49}. Best is trial 47 with value: 0.4854819892300165.
[I 2024-12-05 02:07:00,074] Trial 84 finished with value: 0.4984029454814429 and parameters: {'max_depth': 5, 'n_estimators': 49}. Best is trial 47 with value: 0.4854819892300165.
[I 2024-12-05 02:07:00,790] Trial 85 finished with value: 0.5009965704420616 and parameters: {'max_depth': 6, 'n_estimators': 42}. Best is trial 47 with value: 0.4854819892300165.
[I 2024-12-05 02:07:01,803] Trial 86 finished with value: 0.49232899983546397 and parameters: {'max_depth': 6, 'n_estimators': 63}. Best is trial 47 with value: 0.4854819892300165.
[I 2024-12-05 02:07:02,749] Trial 87 finished with value: 0.4996676616585047 and parameters: {'max_depth': 8, 'n_estimators': 56}. Best is trial 47 with value: 0.4854819892300165.
[I 2024-12-05 02:07:03,890] Trial 88 finished with value: 0.4909855256495369 and parameters: {'max_depth': 7, 'n_estimators': 69}. Best is trial 47 with value: 0.4854819892300165.
[I 2024-12-05 02:07:04,482] Trial 89 finished with value: 0.5865711457244336 and parameters: {'max_depth': 2, 'n_estimators': 28}. Best is trial 47 with value: 0.4854819892300165.
[I 2024-12-05 02:07:05,255] Trial 90 finished with value: 0.49975406934352595 and parameters: {'max_depth': 11, 'n_estimators': 40}. Best is trial 47 with value: 0.4854819892300165.
[I 2024-12-05 02:07:06,353] Trial 91 finished with value: 0.4916069067362983 and parameters: {'max_depth': 7, 'n_estimators': 72}. Best is trial 47 with value: 0.4854819892300165.
[I 2024-12-05 02:07:07,560] Trial 92 finished with value: 0.49568165571194206 and parameters: {'max_depth': 8, 'n_estimators': 79}. Best is trial 47 with value: 0.4854819892300165.
[I 2024-12-05 02:07:08,575] Trial 93 finished with value: 0.49361403384064095 and parameters: {'max_depth': 6, 'n_estimators': 64}. Best is trial 47 with value: 0.4854819892300165.
[I 2024-12-05 02:07:09,851] Trial 94 finished with value: 0.48898060690924144 and parameters: {'max_depth': 7, 'n_estimators': 89}. Best is trial 47 with value: 0.4854819892300165.
[I 2024-12-05 02:07:11,233] Trial 95 finished with value: 0.4974727402860113 and parameters: {'max_depth': 9, 'n_estimators': 91}. Best is trial 47 with value: 0.4854819892300165.
[I 2024-12-05 02:07:12,446] Trial 96 finished with value: 0.5042056107092641 and parameters: {'max_depth': 5, 'n_estimators': 87}. Best is trial 47 with value: 0.4854819892300165.
[I 2024-12-05 02:07:13,841] Trial 97 finished with value: 0.5003552571564327 and parameters: {'max_depth': 8, 'n_estimators': 93}. Best is trial 47 with value: 0.4854819892300165.
[I 2024-12-05 02:07:14,802] Trial 98 finished with value: 0.49234182019154227 and parameters: {'max_depth': 6, 'n_estimators': 59}. Best is trial 47 with value: 0.4854819892300165.
[I 2024-12-05 02:07:15,622] Trial 99 finished with value: 0.547092576148849 and parameters: {'max_depth': 3, 'n_estimators': 53}. Best is trial 47 with value: 0.4854819892300165.
/home/mburu/.local/lib/python3.8/site-packages/sklearn/preprocessing/_encoders.py:975: FutureWarning: `sparse` was renamed to `sparse_output` in version 1.2 and will be removed in 1.4. `sparse_output` is ignored unless you leave `sparse` to its default value.
  warnings.warn(
[I 2024-12-05 02:07:19,721] A new study created in RDB with name: RandomForest_Moneyball
[I 2024-12-05 02:07:20,473] Trial 0 finished with value: 931.1774830011025 and parameters: {'max_depth': 3, 'n_estimators': 42}. Best is trial 0 with value: 931.1774830011025.
[I 2024-12-05 02:07:21,321] Trial 1 finished with value: 1535.239354989532 and parameters: {'max_depth': 2, 'n_estimators': 47}. Best is trial 0 with value: 931.1774830011025.
[I 2024-12-05 02:07:21,807] Trial 2 finished with value: 1558.4578989593115 and parameters: {'max_depth': 2, 'n_estimators': 15}. Best is trial 0 with value: 931.1774830011025.
[I 2024-12-05 02:07:22,287] Trial 3 finished with value: 644.9087526233565 and parameters: {'max_depth': 8, 'n_estimators': 11}. Best is trial 3 with value: 644.9087526233565.
[I 2024-12-05 02:07:22,757] Trial 4 finished with value: 662.5147878081507 and parameters: {'max_depth': 8, 'n_estimators': 10}. Best is trial 3 with value: 644.9087526233565.
[I 2024-12-05 02:07:23,244] Trial 5 finished with value: 698.3625617684611 and parameters: {'max_depth': 5, 'n_estimators': 16}. Best is trial 3 with value: 644.9087526233565.
[I 2024-12-05 02:07:23,610] Trial 6 finished with value: 1622.9345879558114 and parameters: {'max_depth': 2, 'n_estimators': 5}. Best is trial 3 with value: 644.9087526233565.
[I 2024-12-05 02:07:24,259] Trial 7 finished with value: 681.0994789427893 and parameters: {'max_depth': 12, 'n_estimators': 10}. Best is trial 3 with value: 644.9087526233565.
[I 2024-12-05 02:07:24,682] Trial 8 finished with value: 700.6834744174035 and parameters: {'max_depth': 10, 'n_estimators': 5}. Best is trial 3 with value: 644.9087526233565.
[I 2024-12-05 02:07:25,214] Trial 9 finished with value: 663.4972239310375 and parameters: {'max_depth': 6, 'n_estimators': 16}. Best is trial 3 with value: 644.9087526233565.
[I 2024-12-05 02:07:25,924] Trial 10 finished with value: 747.591170882456 and parameters: {'max_depth': 4, 'n_estimators': 36}. Best is trial 3 with value: 644.9087526233565.
[I 2024-12-05 02:07:26,411] Trial 11 finished with value: 659.4936946117417 and parameters: {'max_depth': 8, 'n_estimators': 9}. Best is trial 3 with value: 644.9087526233565.
[I 2024-12-05 02:07:27,830] Trial 12 finished with value: 628.9247886664507 and parameters: {'max_depth': 7, 'n_estimators': 89}. Best is trial 12 with value: 628.9247886664507.
[I 2024-12-05 02:07:29,203] Trial 13 finished with value: 643.2392191108772 and parameters: {'max_depth': 6, 'n_estimators': 95}. Best is trial 12 with value: 628.9247886664507.
[I 2024-12-05 02:07:30,356] Trial 14 finished with value: 740.9696478061069 and parameters: {'max_depth': 4, 'n_estimators': 81}. Best is trial 12 with value: 628.9247886664507.
[I 2024-12-05 02:07:31,860] Trial 15 finished with value: 642.1422292239397 and parameters: {'max_depth': 6, 'n_estimators': 98}. Best is trial 12 with value: 628.9247886664507.
[I 2024-12-05 02:07:32,780] Trial 16 finished with value: 915.6800298695173 and parameters: {'max_depth': 3, 'n_estimators': 57}. Best is trial 12 with value: 628.9247886664507.
[I 2024-12-05 02:07:33,415] Trial 17 finished with value: 657.2392815982681 and parameters: {'max_depth': 6, 'n_estimators': 26}. Best is trial 12 with value: 628.9247886664507.
[I 2024-12-05 02:07:34,441] Trial 18 finished with value: 915.7819879156165 and parameters: {'max_depth': 3, 'n_estimators': 68}. Best is trial 12 with value: 628.9247886664507.
[I 2024-12-05 02:07:35,906] Trial 19 finished with value: 672.6598269443892 and parameters: {'max_depth': 5, 'n_estimators': 100}. Best is trial 12 with value: 628.9247886664507.
[I 2024-12-05 02:07:36,697] Trial 20 finished with value: 638.2475747784035 and parameters: {'max_depth': 9, 'n_estimators': 29}. Best is trial 12 with value: 628.9247886664507.
[I 2024-12-05 02:07:37,530] Trial 21 finished with value: 617.2976059463313 and parameters: {'max_depth': 10, 'n_estimators': 28}. Best is trial 21 with value: 617.2976059463313.
[I 2024-12-05 02:07:38,347] Trial 22 finished with value: 637.9493087407451 and parameters: {'max_depth': 10, 'n_estimators': 29}. Best is trial 21 with value: 617.2976059463313.
[I 2024-12-05 02:07:39,092] Trial 23 finished with value: 626.1805262666965 and parameters: {'max_depth': 12, 'n_estimators': 22}. Best is trial 21 with value: 617.2976059463313.
[I 2024-12-05 02:07:39,833] Trial 24 finished with value: 641.4420040850111 and parameters: {'max_depth': 12, 'n_estimators': 21}. Best is trial 21 with value: 617.2976059463313.
[I 2024-12-05 02:07:40,542] Trial 25 finished with value: 632.3944885473978 and parameters: {'max_depth': 11, 'n_estimators': 21}. Best is trial 21 with value: 617.2976059463313.
[I 2024-12-05 02:07:41,508] Trial 26 finished with value: 633.105284684422 and parameters: {'max_depth': 7, 'n_estimators': 48}. Best is trial 21 with value: 617.2976059463313.
[I 2024-12-05 02:07:42,870] Trial 27 finished with value: 630.4765368488921 and parameters: {'max_depth': 9, 'n_estimators': 63}. Best is trial 21 with value: 617.2976059463313.
[I 2024-12-05 02:07:43,304] Trial 28 finished with value: 691.1112194009531 and parameters: {'max_depth': 7, 'n_estimators': 7}. Best is trial 21 with value: 617.2976059463313.
[I 2024-12-05 02:07:44,168] Trial 29 finished with value: 628.5750842674548 and parameters: {'max_depth': 10, 'n_estimators': 34}. Best is trial 21 with value: 617.2976059463313.
[I 2024-12-05 02:07:45,092] Trial 30 finished with value: 622.490974668631 and parameters: {'max_depth': 10, 'n_estimators': 38}. Best is trial 21 with value: 617.2976059463313.
[I 2024-12-05 02:07:46,134] Trial 31 finished with value: 618.3138413193452 and parameters: {'max_depth': 10, 'n_estimators': 40}. Best is trial 21 with value: 617.2976059463313.
[I 2024-12-05 02:07:47,286] Trial 32 finished with value: 622.0663028707897 and parameters: {'max_depth': 12, 'n_estimators': 42}. Best is trial 21 with value: 617.2976059463313.
[I 2024-12-05 02:07:48,364] Trial 33 finished with value: 624.014515505512 and parameters: {'max_depth': 10, 'n_estimators': 41}. Best is trial 21 with value: 617.2976059463313.
[I 2024-12-05 02:07:49,559] Trial 34 finished with value: 618.7807661007196 and parameters: {'max_depth': 9, 'n_estimators': 52}. Best is trial 21 with value: 617.2976059463313.
[I 2024-12-05 02:07:50,746] Trial 35 finished with value: 633.2286714254335 and parameters: {'max_depth': 9, 'n_estimators': 51}. Best is trial 21 with value: 617.2976059463313.
[I 2024-12-05 02:07:51,678] Trial 36 finished with value: 622.19434720294 and parameters: {'max_depth': 8, 'n_estimators': 44}. Best is trial 21 with value: 617.2976059463313.
[I 2024-12-05 02:07:53,326] Trial 37 finished with value: 615.4986697196182 and parameters: {'max_depth': 11, 'n_estimators': 73}. Best is trial 37 with value: 615.4986697196182.
[I 2024-12-05 02:07:54,934] Trial 38 finished with value: 617.1176781032365 and parameters: {'max_depth': 11, 'n_estimators': 71}. Best is trial 37 with value: 615.4986697196182.
[I 2024-12-05 02:07:56,602] Trial 39 finished with value: 618.9453710023643 and parameters: {'max_depth': 11, 'n_estimators': 73}. Best is trial 37 with value: 615.4986697196182.
[I 2024-12-05 02:07:57,825] Trial 40 finished with value: 623.8585840120364 and parameters: {'max_depth': 8, 'n_estimators': 61}. Best is trial 37 with value: 615.4986697196182.
[I 2024-12-05 02:07:59,192] Trial 41 finished with value: 616.4419243708878 and parameters: {'max_depth': 11, 'n_estimators': 55}. Best is trial 37 with value: 615.4986697196182.
[I 2024-12-05 02:08:00,711] Trial 42 finished with value: 614.7402450700116 and parameters: {'max_depth': 11, 'n_estimators': 72}. Best is trial 42 with value: 614.7402450700116.
[I 2024-12-05 02:08:02,404] Trial 43 finished with value: 621.6597565848417 and parameters: {'max_depth': 11, 'n_estimators': 79}. Best is trial 42 with value: 614.7402450700116.
[I 2024-12-05 02:08:04,057] Trial 44 finished with value: 625.0599322146167 and parameters: {'max_depth': 11, 'n_estimators': 73}. Best is trial 42 with value: 614.7402450700116.
[I 2024-12-05 02:08:05,301] Trial 45 finished with value: 622.0764804713172 and parameters: {'max_depth': 9, 'n_estimators': 55}. Best is trial 42 with value: 614.7402450700116.
[I 2024-12-05 02:08:06,734] Trial 46 finished with value: 632.217048158386 and parameters: {'max_depth': 7, 'n_estimators': 83}. Best is trial 42 with value: 614.7402450700116.
[I 2024-12-05 02:08:08,342] Trial 47 finished with value: 618.2439904896596 and parameters: {'max_depth': 12, 'n_estimators': 65}. Best is trial 42 with value: 614.7402450700116.
[I 2024-12-05 02:08:08,870] Trial 48 finished with value: 649.5560586392451 and parameters: {'max_depth': 8, 'n_estimators': 12}. Best is trial 42 with value: 614.7402450700116.
[I 2024-12-05 02:08:10,543] Trial 49 finished with value: 609.7558121791565 and parameters: {'max_depth': 11, 'n_estimators': 73}. Best is trial 49 with value: 609.7558121791565.
[I 2024-12-05 02:08:11,746] Trial 50 finished with value: 1495.0834381163704 and parameters: {'max_depth': 2, 'n_estimators': 87}. Best is trial 49 with value: 609.7558121791565.
[I 2024-12-05 02:08:13,438] Trial 51 finished with value: 622.8666298182857 and parameters: {'max_depth': 11, 'n_estimators': 77}. Best is trial 49 with value: 609.7558121791565.
[I 2024-12-05 02:08:14,857] Trial 52 finished with value: 626.2101262317077 and parameters: {'max_depth': 11, 'n_estimators': 58}. Best is trial 49 with value: 609.7558121791565.
[I 2024-12-05 02:08:16,534] Trial 53 finished with value: 617.0887721117517 and parameters: {'max_depth': 12, 'n_estimators': 71}. Best is trial 49 with value: 609.7558121791565.
[I 2024-12-05 02:08:18,227] Trial 54 finished with value: 620.8002850137707 and parameters: {'max_depth': 12, 'n_estimators': 69}. Best is trial 49 with value: 609.7558121791565.
[I 2024-12-05 02:08:20,021] Trial 55 finished with value: 616.4949086634512 and parameters: {'max_depth': 9, 'n_estimators': 91}. Best is trial 49 with value: 609.7558121791565.
[I 2024-12-05 02:08:21,397] Trial 56 finished with value: 672.2907343001823 and parameters: {'max_depth': 5, 'n_estimators': 86}. Best is trial 49 with value: 609.7558121791565.
[I 2024-12-05 02:08:23,228] Trial 57 finished with value: 617.9903733672909 and parameters: {'max_depth': 9, 'n_estimators': 95}. Best is trial 49 with value: 609.7558121791565.
