Trial 54 finished with value: 12675525.350783627 and parameters: {'max_depth': 10, 'n_estimators': 11}. Best is trial 25 with value: 12534009.862715444.
Saved Losses
{'MSE - mean': 12437773.105338573, 'MSE - std': 0.0, 'R2 - mean': 0.5131113813552066, 'R2 - std': 0.0} 
 

Saved Losses
{'MSE - mean': 12492124.706293479, 'MSE - std': 54351.600954906084, 'R2 - mean': 0.5138544647798424, 'R2 - std': 0.0007430834246357487} 
 

Saved Losses
{'MSE - mean': 12543111.327569237, 'MSE - std': 84667.99148719553, 'R2 - mean': 0.5125388124872811, 'R2 - std': 0.001957037870649395} 
 

Saved Losses
{'MSE - mean': 12541684.66155781, 'MSE - std': 73366.25732979253, 'R2 - mean': 0.5132377486328894, 'R2 - std': 0.0020827945475443226} 
 

Saved Losses
{'MSE - mean': 12545827.226577325, 'MSE - std': 66141.73834598457, 'R2 - mean': 0.5142531253203284, 'R2 - std': 0.0027557913149225894} 
 

Saving model.....
Results After CV: {'MSE - mean': 12545827.226577325, 'MSE - std': 66141.73834598457, 'R2 - mean': 0.5142531253203284, 'R2 - std': 0.0027557913149225894}
Train time: 10.685574334200009
Inference time: 0.13897486639989437
Finished cross validation
Hyperparam was saved!!! Hurrah!!!
Trial 55 finished with value: 12545827.226577325 and parameters: {'max_depth': 12, 'n_estimators': 16}. Best is trial 25 with value: 12534009.862715444.
Saved Losses
{'MSE - mean': 12564829.92786039, 'MSE - std': 0.0, 'R2 - mean': 0.5081376195504916, 'R2 - std': 0.0} 
 

Saved Losses
{'MSE - mean': 12607676.477818053, 'MSE - std': 42846.54995766282, 'R2 - mean': 0.5093548859689864, 'R2 - std': 0.0012172664184947335} 
 

Saved Losses
{'MSE - mean': 12659633.047379792, 'MSE - std': 81380.92407579564, 'R2 - mean': 0.5080086659568441, 'R2 - std': 0.0021476595783739036} 
 

Saved Losses
{'MSE - mean': 12660263.834692284, 'MSE - std': 70486.41557402122, 'R2 - mean': 0.5086344913408869, 'R2 - std': 0.0021527432458082214} 
 

Saved Losses
{'MSE - mean': 12665779.103703931, 'MSE - std': 64002.66083111107, 'R2 - mean': 0.5096085389437315, 'R2 - std': 0.002739072418963713} 
 

Saving model.....
Results After CV: {'MSE - mean': 12665779.103703931, 'MSE - std': 64002.66083111107, 'R2 - mean': 0.5096085389437315, 'R2 - std': 0.002739072418963713}
Train time: 2.6529887145999966
Inference time: 0.08617965600005846
Finished cross validation
Hyperparam was saved!!! Hurrah!!!
Trial 56 finished with value: 12665779.103703931 and parameters: {'max_depth': 11, 'n_estimators': 5}. Best is trial 25 with value: 12534009.862715444.
Saved Losses
{'MSE - mean': 12513940.03542827, 'MSE - std': 0.0, 'R2 - mean': 0.5101297534493343, 'R2 - std': 0.0} 
 

Saved Losses
{'MSE - mean': 12590802.4698885, 'MSE - std': 76862.43446022924, 'R2 - mean': 0.5100193574682927, 'R2 - std': 0.00011039598104151116} 
 

Saved Losses
{'MSE - mean': 12650501.671378938, 'MSE - std': 105197.64828467967, 'R2 - mean': 0.5083695599151852, 'R2 - std': 0.0023349065893306393} 
 

Saved Losses
{'MSE - mean': 12651653.776962962, 'MSE - std': 91125.68762594108, 'R2 - mean': 0.5089732580919626, 'R2 - std': 0.0022764437290668333} 
 

Saved Losses
{'MSE - mean': 12656916.969845029, 'MSE - std': 82182.22163884244, 'R2 - mean': 0.5099552456307886, 'R2 - std': 0.0028289494422709233} 
 

Saving model.....
Results After CV: {'MSE - mean': 12656916.969845029, 'MSE - std': 82182.22163884244, 'R2 - mean': 0.5099552456307886, 'R2 - std': 0.0028289494422709233}
Train time: 14.576851959800024
Inference time: 0.15049546739992364
Finished cross validation
Hyperparam was saved!!! Hurrah!!!
Trial 57 finished with value: 12656916.969845029 and parameters: {'max_depth': 10, 'n_estimators': 23}. Best is trial 25 with value: 12534009.862715444.
Saved Losses
{'MSE - mean': 14473691.797428079, 'MSE - std': 0.0, 'R2 - mean': 0.43341338145849684, 'R2 - std': 0.0} 
 

Saved Losses
{'MSE - mean': 14645560.960566003, 'MSE - std': 171869.16313792393, 'R2 - mean': 0.43007573813264227, 'R2 - std': 0.003337643325854567} 
 

Saved Losses
{'MSE - mean': 14674138.667266762, 'MSE - std': 146034.39137991716, 'R2 - mean': 0.4297342052133309, 'R2 - std': 0.00276764607269326} 
 

Saved Losses
{'MSE - mean': 14697404.87780974, 'MSE - std': 132734.63096858986, 'R2 - mean': 0.42958464884702713, 'R2 - std': 0.002410808973742379} 
 

Saved Losses
{'MSE - mean': 14806682.263202498, 'MSE - std': 248718.66363383713, 'R2 - mean': 0.4267678761626163, 'R2 - std': 0.0060321168215538975} 
 

Saving model.....
Results After CV: {'MSE - mean': 14806682.263202498, 'MSE - std': 248718.66363383713, 'R2 - mean': 0.4267678761626163, 'R2 - std': 0.0060321168215538975}
Train time: 6.438941748399975
Inference time: 0.10254828100005398
Finished cross validation
Hyperparam was saved!!! Hurrah!!!
Trial 58 finished with value: 14806682.263202498 and parameters: {'max_depth': 4, 'n_estimators': 17}. Best is trial 25 with value: 12534009.862715444.
Saved Losses
{'MSE - mean': 12433684.96816999, 'MSE - std': 0.0, 'R2 - mean': 0.5132714154257741, 'R2 - std': 0.0} 
 

Saved Losses
{'MSE - mean': 12490344.928697444, 'MSE - std': 56659.9605274545, 'R2 - mean': 0.5139242568331833, 'R2 - std': 0.0006528414074091771} 
 

Saved Losses
{'MSE - mean': 12544545.015456788, 'MSE - std': 89529.50851026257, 'R2 - mean': 0.5124837877478594, 'R2 - std': 0.0021057153116458612} 
 

Saved Losses
{'MSE - mean': 12546494.697414164, 'MSE - std': 77608.33363609624, 'R2 - mean': 0.5130521029942194, 'R2 - std': 0.0020723113636736254} 
 

Saved Losses
{'MSE - mean': 12546686.112006087, 'MSE - std': 69416.0595107595, 'R2 - mean': 0.5142192228049093, 'R2 - std': 0.0029806465943529024} 
 

Saving model.....
Results After CV: {'MSE - mean': 12546686.112006087, 'MSE - std': 69416.0595107595, 'R2 - mean': 0.5142192228049093, 'R2 - std': 0.0029806465943529024}
Train time: 13.36709475960015
Inference time: 0.16905815459986115
Finished cross validation
Hyperparam was saved!!! Hurrah!!!
Trial 59 finished with value: 12546686.112006087 and parameters: {'max_depth': 12, 'n_estimators': 20}. Best is trial 25 with value: 12534009.862715444.
Saved Losses
{'MSE - mean': 17527417.96509747, 'MSE - std': 0.0, 'R2 - mean': 0.31387232672918775, 'R2 - std': 0.0} 
 

Saved Losses
{'MSE - mean': 17660246.197890878, 'MSE - std': 132828.23279340751, 'R2 - mean': 0.31274382831651815, 'R2 - std': 0.0011284984126695985} 
 

Saved Losses
{'MSE - mean': 17737173.184971176, 'MSE - std': 153615.5882948887, 'R2 - mean': 0.3106917615258658, 'R2 - std': 0.003044825447355142} 
 

Saved Losses
{'MSE - mean': 17801445.236132585, 'MSE - std': 173467.5802761816, 'R2 - mean': 0.3091152721113303, 'R2 - std': 0.0037959423238602746} 
 

Saved Losses
{'MSE - mean': 17846271.34821238, 'MSE - std': 179193.53342757508, 'R2 - mean': 0.3090597486253496, 'R2 - std': 0.0033970095570723335} 
 

Saving model.....
Results After CV: {'MSE - mean': 17846271.34821238, 'MSE - std': 179193.53342757508, 'R2 - mean': 0.3090597486253496, 'R2 - std': 0.0033970095570723335}
Train time: 4.5626839540001125
Inference time: 0.10610806080003385
Finished cross validation
Hyperparam was saved!!! Hurrah!!!
Trial 60 finished with value: 17846271.34821238 and parameters: {'max_depth': 2, 'n_estimators': 20}. Best is trial 25 with value: 12534009.862715444.
Saved Losses
{'MSE - mean': 12424539.808877666, 'MSE - std': 0.0, 'R2 - mean': 0.5136294115025168, 'R2 - std': 0.0} 
 

Saved Losses
{'MSE - mean': 12491036.716077503, 'MSE - std': 66496.90719983634, 'R2 - mean': 0.5138995852037451, 'R2 - std': 0.0002701737012282823} 
 

Saved Losses
{'MSE - mean': 12553621.978624405, 'MSE - std': 103835.07413630572, 'R2 - mean': 0.5121334138007324, 'R2 - std': 0.002507465932409947} 
 

Saved Losses
{'MSE - mean': 12548648.116793614, 'MSE - std': 90335.54046002321, 'R2 - mean': 0.5129692465200385, 'R2 - std': 0.002609863608626904} 
 

Saved Losses
{'MSE - mean': 12552582.811973574, 'MSE - std': 81180.8795271422, 'R2 - mean': 0.513992893524853, 'R2 - std': 0.0031049191948214127} 
 

Saving model.....
Results After CV: {'MSE - mean': 12552582.811973574, 'MSE - std': 81180.8795271422, 'R2 - mean': 0.513992893524853, 'R2 - std': 0.0031049191948214127}
Train time: 11.144831527599944
Inference time: 0.14641866619986105
Finished cross validation
Hyperparam was saved!!! Hurrah!!!
Trial 61 finished with value: 12552582.811973574 and parameters: {'max_depth': 12, 'n_estimators': 16}. Best is trial 25 with value: 12534009.862715444.
Saved Losses
{'MSE - mean': 12433566.871758046, 'MSE - std': 0.0, 'R2 - mean': 0.5132760384236688, 'R2 - std': 0.0} 
 

Saved Losses
{'MSE - mean': 12517955.569921263, 'MSE - std': 84388.69816321693, 'R2 - mean': 0.5128560737358207, 'R2 - std': 0.0004199646878481067} 
 

Saved Losses
{'MSE - mean': 12578035.108864335, 'MSE - std': 109392.58163915468, 'R2 - mean': 0.5111870855914667, 'R2 - std': 0.0023850834530502255} 
 

Saved Losses
{'MSE - mean': 12586469.026509043, 'MSE - std': 95856.3800107874, 'R2 - mean': 0.5115052503586222, 'R2 - std': 0.0021377917966181386} 
 

Saved Losses
{'MSE - mean': 12589487.391324047, 'MSE - std': 85948.81369538404, 'R2 - mean': 0.5125667951856381, 'R2 - std': 0.002857207148879403} 
 

Saving model.....
Results After CV: {'MSE - mean': 12589487.391324047, 'MSE - std': 85948.81369538404, 'R2 - mean': 0.5125667951856381, 'R2 - std': 0.002857207148879403}
Train time: 16.221076162400095
Inference time: 0.1796855229999892
Finished cross validation
Hyperparam was saved!!! Hurrah!!!
Trial 62 finished with value: 12589487.391324047 and parameters: {'max_depth': 11, 'n_estimators': 26}. Best is trial 25 with value: 12534009.862715444.
Saved Losses
{'MSE - mean': 12404514.947979568, 'MSE - std': 0.0, 'R2 - mean': 0.5144133039870199, 'R2 - std': 0.0} 
 

Saved Losses
{'MSE - mean': 12471146.097379657, 'MSE - std': 66631.14940008894, 'R2 - mean': 0.5146737022386432, 'R2 - std': 0.0002603982516233283} 
 

Saved Losses
{'MSE - mean': 12530664.25845618, 'MSE - std': 100222.9001249039, 'R2 - mean': 0.513025335708034, 'R2 - std': 0.002340818077388891} 
 

Saved Losses
{'MSE - mean': 12534487.870085005, 'MSE - std': 87047.87360842936, 'R2 - mean': 0.5135199714609582, 'R2 - std': 0.0022008102003092827} 
 

Saved Losses
{'MSE - mean': 12538547.888568893, 'MSE - std': 78280.27107871667, 'R2 - mean': 0.5145372586291718, 'R2 - std': 0.0028309618790574643} 
 

Saving model.....
Results After CV: {'MSE - mean': 12538547.888568893, 'MSE - std': 78280.27107871667, 'R2 - mean': 0.5145372586291718, 'R2 - std': 0.0028309618790574643}
Train time: 18.90367088000003
Inference time: 0.19769780819997324
Finished cross validation
Hyperparam was saved!!! Hurrah!!!
Trial 63 finished with value: 12538547.888568893 and parameters: {'max_depth': 12, 'n_estimators': 29}. Best is trial 25 with value: 12534009.862715444.
Saved Losses
{'MSE - mean': 12411510.553133577, 'MSE - std': 0.0, 'R2 - mean': 0.5141394542792648, 'R2 - std': 0.0} 
 

Saved Losses
{'MSE - mean': 12464393.2648991, 'MSE - std': 52882.71176552214, 'R2 - mean': 0.5149333575294656, 'R2 - std': 0.0007939032502007892} 
 

Saved Losses
{'MSE - mean': 12525938.753770947, 'MSE - std': 97160.0837281782, 'R2 - mean': 0.5132071060575957, 'R2 - std': 0.0025258813383422733} 
 

Saved Losses
{'MSE - mean': 12530133.631404426, 'MSE - std': 84456.21586141273, 'R2 - mean': 0.5136876161035588, 'R2 - std': 0.0023404544674814586} 
 

Saved Losses
{'MSE - mean': 12528214.486267235, 'MSE - std': 75637.38751658497, 'R2 - mean': 0.5149340272520159, 'R2 - std': 0.0032552027118868485} 
 

Saving model.....
Results After CV: {'MSE - mean': 12528214.486267235, 'MSE - std': 75637.38751658497, 'R2 - mean': 0.5149340272520159, 'R2 - std': 0.0032552027118868485}
Train time: 19.90748396600002
Inference time: 0.204100778999873
Finished cross validation
Hyperparam was saved!!! Hurrah!!!
Trial 64 finished with value: 12528214.486267235 and parameters: {'max_depth': 12, 'n_estimators': 30}. Best is trial 64 with value: 12528214.486267235.
Saved Losses
{'MSE - mean': 12515807.564941524, 'MSE - std': 0.0, 'R2 - mean': 0.510056647206176, 'R2 - std': 0.0} 
 

Saved Losses
{'MSE - mean': 12589441.472243892, 'MSE - std': 73633.90730236843, 'R2 - mean': 0.5100715849149441, 'R2 - std': 1.4937708768036906e-05} 
 

Saved Losses
{'MSE - mean': 12648236.320538618, 'MSE - std': 102607.52039564292, 'R2 - mean': 0.508457011704662, 'R2 - std': 0.002283383905409563} 
 

Saved Losses
{'MSE - mean': 12647775.794927007, 'MSE - std': 88864.29925917133, 'R2 - mean': 0.5091230805500507, 'R2 - std': 0.002289393951465113} 
 

Saved Losses
{'MSE - mean': 12647557.481887337, 'MSE - std': 79483.84482768814, 'R2 - mean': 0.5103150223421234, 'R2 - std': 0.0031426041231377377} 
 

Saving model.....
Results After CV: {'MSE - mean': 12647557.481887337, 'MSE - std': 79483.84482768814, 'R2 - mean': 0.5103150223421234, 'R2 - std': 0.0031426041231377377}
Train time: 18.39993330840007
Inference time: 0.18646169159992496
Finished cross validation
Hyperparam was saved!!! Hurrah!!!
Trial 65 finished with value: 12647557.481887337 and parameters: {'max_depth': 10, 'n_estimators': 30}. Best is trial 64 with value: 12528214.486267235.
Saved Losses
{'MSE - mean': 12407490.962668946, 'MSE - std': 0.0, 'R2 - mean': 0.5142968050230248, 'R2 - std': 0.0} 
 

Saved Losses
{'MSE - mean': 12469462.535930295, 'MSE - std': 61971.57326134853, 'R2 - mean': 0.5147381555164461, 'R2 - std': 0.00044135049342136634} 
 

Saved Losses
{'MSE - mean': 12524459.285713881, 'MSE - std': 92787.94229410781, 'R2 - mean': 0.5132652936210128, 'R2 - std': 0.002113883747529023} 
 

Saved Losses
{'MSE - mean': 12525173.06842585, 'MSE - std': 80366.22508032045, 'R2 - mean': 0.5138801255589681, 'R2 - std': 0.0021178841586214935} 
 

Saved Losses
{'MSE - mean': 12526581.589403873, 'MSE - std': 71936.91564357425, 'R2 - mean': 0.5149984816910299, 'R2 - std': 0.0029310797327866322} 
 

Saving model.....
Results After CV: {'MSE - mean': 12526581.589403873, 'MSE - std': 71936.91564357425, 'R2 - mean': 0.5149984816910299, 'R2 - std': 0.0029310797327866322}
Train time: 27.37164701019983
Inference time: 0.24324640459990404
Finished cross validation
Hyperparam was saved!!! Hurrah!!!
Trial 66 finished with value: 12526581.589403873 and parameters: {'max_depth': 12, 'n_estimators': 41}. Best is trial 66 with value: 12526581.589403873.
Saved Losses
{'MSE - mean': 12442791.289868949, 'MSE - std': 0.0, 'R2 - mean': 0.5129149396840647, 'R2 - std': 0.0} 
 

Saved Losses
{'MSE - mean': 12516993.083947144, 'MSE - std': 74201.7940781964, 'R2 - mean': 0.5128912001118694, 'R2 - std': 2.373957219525824e-05} 
 

Saved Losses
{'MSE - mean': 12576008.180871794, 'MSE - std': 103131.79671178065, 'R2 - mean': 0.5112641928724161, 'R2 - std': 0.002301017345869541} 
 

Saved Losses
{'MSE - mean': 12574978.335941855, 'MSE - std': 89332.56607469195, 'R2 - mean': 0.5119485157875785, 'R2 - std': 0.002318599615316081} 
 

Saved Losses
{'MSE - mean': 12577188.398505572, 'MSE - std': 80023.64272721879, 'R2 - mean': 0.513040519097405, 'R2 - std': 0.003011745051561168} 
 

Saving model.....
Results After CV: {'MSE - mean': 12577188.398505572, 'MSE - std': 80023.64272721879, 'R2 - mean': 0.513040519097405, 'R2 - std': 0.003011745051561168}
Train time: 44.8747895728
Inference time: 0.3203649738001332
Finished cross validation
Hyperparam was saved!!! Hurrah!!!
Trial 67 finished with value: 12577188.398505572 and parameters: {'max_depth': 11, 'n_estimators': 67}. Best is trial 66 with value: 12526581.589403873.
Saved Losses
{'MSE - mean': 12580175.200491888, 'MSE - std': 0.0, 'R2 - mean': 0.507536914059967, 'R2 - std': 0.0} 
 

Saved Losses
{'MSE - mean': 12685043.485698966, 'MSE - std': 104868.28520707786, 'R2 - mean': 0.506358173066049, 'R2 - std': 0.001178740993918015} 
 

Saved Losses
{'MSE - mean': 12733297.911745653, 'MSE - std': 109492.2406430647, 'R2 - mean': 0.5051548248179148, 'R2 - std': 0.0019550910208317803} 
 

Saved Losses
{'MSE - mean': 12731797.994064588, 'MSE - std': 94858.64393891048, 'R2 - mean': 0.5058645524033829, 'R2 - std': 0.0020923492565835234} 
 

Saved Losses
{'MSE - mean': 12736084.766532812, 'MSE - std': 85276.23078396767, 'R2 - mean': 0.5068911196008509, 'R2 - std': 0.0027780750840985715} 
 

Saving model.....
Results After CV: {'MSE - mean': 12736084.766532812, 'MSE - std': 85276.23078396767, 'R2 - mean': 0.5068911196008509, 'R2 - std': 0.0027780750840985715}
Train time: 22.954354463399977
Inference time: 0.18268136859987863
Finished cross validation
Hyperparam was saved!!! Hurrah!!!
Trial 68 finished with value: 12736084.766532812 and parameters: {'max_depth': 9, 'n_estimators': 39}. Best is trial 66 with value: 12526581.589403873.
Saved Losses
{'MSE - mean': 12865547.257178038, 'MSE - std': 0.0, 'R2 - mean': 0.4963657497926188, 'R2 - std': 0.0} 
 

Saved Losses
{'MSE - mean': 12970045.706634667, 'MSE - std': 104498.44945662748, 'R2 - mean': 0.49526661243108416, 'R2 - std': 0.0010991373615346633} 
 

Saved Losses
{'MSE - mean': 13026794.92107488, 'MSE - std': 117136.2339545524, 'R2 - mean': 0.49374921797675125, 'R2 - std': 0.0023260210273687975} 
 

Saved Losses
{'MSE - mean': 13025473.126489986, 'MSE - std': 101468.78535572253, 'R2 - mean': 0.49446699208279277, 'R2 - std': 0.0023671458270948216} 
 

Saved Losses
{'MSE - mean': 13034889.275750779, 'MSE - std': 92689.73507815583, 'R2 - mean': 0.4953242912748819, 'R2 - std': 0.002724435925547309} 
 

Saving model.....
Results After CV: {'MSE - mean': 13034889.275750779, 'MSE - std': 92689.73507815583, 'R2 - mean': 0.4953242912748819, 'R2 - std': 0.002724435925547309}
Train time: 29.9463030318002
Inference time: 0.22984720779986673
Finished cross validation
Hyperparam was saved!!! Hurrah!!!
Trial 69 finished with value: 13034889.275750779 and parameters: {'max_depth': 7, 'n_estimators': 56}. Best is trial 66 with value: 12526581.589403873.
Saved Losses
{'MSE - mean': 12697728.337122656, 'MSE - std': 0.0, 'R2 - mean': 0.5029351832013336, 'R2 - std': 0.0} 
 

Saved Losses
{'MSE - mean': 12803880.000381354, 'MSE - std': 106151.66325869784, 'R2 - mean': 0.5017336874817722, 'R2 - std': 0.0012014957195613518} 
 

Saved Losses
{'MSE - mean': 12857649.342504965, 'MSE - std': 115301.35029508872, 'R2 - mean': 0.5003228190921335, 'R2 - std': 0.002223396921045093} 
 

Saved Losses
{'MSE - mean': 12853882.54244578, 'MSE - std': 100066.81459385378, 'R2 - mean': 0.5011263995958565, 'R2 - std': 0.00237588831372088} 
 

Saved Losses
{'MSE - mean': 12857230.738333091, 'MSE - std': 89752.63544413478, 'R2 - mean': 0.5022003576093977, 'R2 - std': 0.003021492922847606} 
 

Saving model.....
Results After CV: {'MSE - mean': 12857230.738333091, 'MSE - std': 89752.63544413478, 'R2 - mean': 0.5022003576093977, 'R2 - std': 0.003021492922847606}
Train time: 27.981632602600076
Inference time: 0.21493978160015104
Finished cross validation
Hyperparam was saved!!! Hurrah!!!
Trial 70 finished with value: 12857230.738333091 and parameters: {'max_depth': 8, 'n_estimators': 49}. Best is trial 66 with value: 12526581.589403873.
Saved Losses
{'MSE - mean': 12422308.448309425, 'MSE - std': 0.0, 'R2 - mean': 0.5137167602630681, 'R2 - std': 0.0} 
 

Saved Losses
{'MSE - mean': 12479874.873996079, 'MSE - std': 57566.425686654635, 'R2 - mean': 0.514331928995904, 'R2 - std': 0.0006151687328358468} 
 

Saved Losses
{'MSE - mean': 12536164.647881076, 'MSE - std': 92446.41438299861, 'R2 - mean': 0.5128098425920171, 'R2 - std': 0.0022103806056198313} 
 

Saved Losses
{'MSE - mean': 12535131.73342114, 'MSE - std': 80080.9302271737, 'R2 - mean': 0.5134929351557026, 'R2 - std': 0.0022503740062403935} 
 

Saved Losses
{'MSE - mean': 12539326.991820317, 'MSE - std': 72116.33019630876, 'R2 - mean': 0.5145055064378465, 'R2 - std': 0.0028552668772043738} 
 

Saving model.....
Results After CV: {'MSE - mean': 12539326.991820317, 'MSE - std': 72116.33019630876, 'R2 - mean': 0.5145055064378465, 'R2 - std': 0.0028552668772043738}
Train time: 21.943651411399696
Inference time: 0.20696347480024996
Finished cross validation
Hyperparam was saved!!! Hurrah!!!
Trial 71 finished with value: 12539326.991820317 and parameters: {'max_depth': 12, 'n_estimators': 32}. Best is trial 66 with value: 12526581.589403873.
Saved Losses
{'MSE - mean': 12407788.42223533, 'MSE - std': 0.0, 'R2 - mean': 0.5142851606815375, 'R2 - std': 0.0} 
 

Saved Losses
{'MSE - mean': 12467492.595895566, 'MSE - std': 59704.17366023548, 'R2 - mean': 0.5148143011826457, 'R2 - std': 0.000529140501108194} 
 

Saved Losses
{'MSE - mean': 12518421.495098552, 'MSE - std': 86970.67197063305, 'R2 - mean': 0.5134991673352026, 'R2 - std': 0.001909401438494041} 
 

Saved Losses
{'MSE - mean': 12522882.747342749, 'MSE - std': 75714.1443326586, 'R2 - mean': 0.513969014384937, 'R2 - std': 0.001842994612152954} 
 

Saved Losses
{'MSE - mean': 12525607.521481968, 'MSE - std': 67939.70045606891, 'R2 - mean': 0.5150366868468644, 'R2 - std': 0.002697591751205609} 
 

Saving model.....
Results After CV: {'MSE - mean': 12525607.521481968, 'MSE - std': 67939.70045606891, 'R2 - mean': 0.5150366868468644, 'R2 - std': 0.002697591751205609}
Train time: 26.63837084000006
Inference time: 0.2277112156001749
Finished cross validation
Hyperparam was saved!!! Hurrah!!!
