Trial 126 finished with value: 12511461.289126027 and parameters: {'max_depth': 12, 'n_estimators': 100}. Best is trial 126 with value: 12511461.289126027.
Saved Losses
{'MSE - mean': 12502423.065707017, 'MSE - std': 0.0, 'R2 - mean': 0.5105805963318233, 'R2 - std': 0.0} 
 

Saved Losses
{'MSE - mean': 12587057.089075431, 'MSE - std': 84634.02336841356, 'R2 - mean': 0.510166895237941, 'R2 - std': 0.0004137010938822794} 
 

Saved Losses
{'MSE - mean': 12644535.494962001, 'MSE - std': 106690.2661642862, 'R2 - mean': 0.508602378284841, 'R2 - std': 0.0022381969655195454} 
 

Saved Losses
{'MSE - mean': 12644369.277860414, 'MSE - std': 92396.92935930962, 'R2 - mean': 0.5092564944564802, 'R2 - std': 0.002245161049979599} 
 

Saved Losses
{'MSE - mean': 12642686.678021744, 'MSE - std': 82710.81315578868, 'R2 - mean': 0.5105040227484251, 'R2 - std': 0.0032027965700443133} 
 

Saving model.....
Results After CV: {'MSE - mean': 12642686.678021744, 'MSE - std': 82710.81315578868, 'R2 - mean': 0.5105040227484251, 'R2 - std': 0.0032027965700443133}
Train time: 76.32952238459912
Inference time: 0.41615874300041467
Finished cross validation
Hyperparam was saved!!! Hurrah!!!
Trial 127 finished with value: 12642686.678021744 and parameters: {'max_depth': 10, 'n_estimators': 100}. Best is trial 126 with value: 12511461.289126027.
Saved Losses
{'MSE - mean': 12433676.288808232, 'MSE - std': 0.0, 'R2 - mean': 0.5132717551877575, 'R2 - std': 0.0} 
 

Saved Losses
{'MSE - mean': 12507873.858874328, 'MSE - std': 74197.57006609626, 'R2 - mean': 0.5132460934540202, 'R2 - std': 2.5661733737247783e-05} 
 

Saved Losses
{'MSE - mean': 12566592.301656261, 'MSE - std': 102790.55070682435, 'R2 - mean': 0.5116300989607724, 'R2 - std': 0.002285457376719219} 
 

Saved Losses
{'MSE - mean': 12571016.516515527, 'MSE - std': 89348.44160544727, 'R2 - mean': 0.5121031034466741, 'R2 - std': 0.002142121914516005} 
 

Saved Losses
{'MSE - mean': 12572441.857084498, 'MSE - std': 79966.502967229, 'R2 - mean': 0.5132246601016123, 'R2 - std': 0.002950001077671672} 
 

Saving model.....
Results After CV: {'MSE - mean': 12572441.857084498, 'MSE - std': 79966.502967229, 'R2 - mean': 0.5132246601016123, 'R2 - std': 0.002950001077671672}
Train time: 70.22955560780028
Inference time: 0.42077379300026224
Finished cross validation
Hyperparam was saved!!! Hurrah!!!
Trial 128 finished with value: 12572441.857084498 and parameters: {'max_depth': 11, 'n_estimators': 94}. Best is trial 126 with value: 12511461.289126027.
Saved Losses
{'MSE - mean': 12401282.445724387, 'MSE - std': 0.0, 'R2 - mean': 0.514539843404041, 'R2 - std': 0.0} 
 

Saved Losses
{'MSE - mean': 12463729.910657011, 'MSE - std': 62447.46493262332, 'R2 - mean': 0.5149613618785698, 'R2 - std': 0.00042151847452881475} 
 

Saved Losses
{'MSE - mean': 12519663.39890828, 'MSE - std': 94111.10880363914, 'R2 - mean': 0.5134518530109027, 'R2 - std': 0.0021623334446944234} 
 

Saved Losses
{'MSE - mean': 12519263.912159715, 'MSE - std': 81505.54808830282, 'R2 - mean': 0.5141094306972872, 'R2 - std': 0.0021918005578577594} 
 

Saved Losses
{'MSE - mean': 12522474.127099412, 'MSE - std': 73182.95850248143, 'R2 - mean': 0.5151581581413242, 'R2 - std': 0.0028709769688809545} 
 

Saving model.....
Results After CV: {'MSE - mean': 12522474.127099412, 'MSE - std': 73182.95850248143, 'R2 - mean': 0.5151581581413242, 'R2 - std': 0.0028709769688809545}
Train time: 65.89682058100007
Inference time: 0.42422607319967937
Finished cross validation
Hyperparam was saved!!! Hurrah!!!
Trial 129 finished with value: 12522474.127099412 and parameters: {'max_depth': 12, 'n_estimators': 86}. Best is trial 126 with value: 12511461.289126027.
Saved Losses
{'MSE - mean': 12446388.571264755, 'MSE - std': 0.0, 'R2 - mean': 0.5127741206359242, 'R2 - std': 0.0} 
 

Saved Losses
{'MSE - mean': 12519530.863052124, 'MSE - std': 73142.29178736918, 'R2 - mean': 0.5127921945432824, 'R2 - std': 1.8073907358195918e-05} 
 

Saved Losses
{'MSE - mean': 12580021.222782126, 'MSE - std': 104329.75193651834, 'R2 - mean': 0.5111082255555546, 'R2 - std': 0.0023815375035208396} 
 

Saved Losses
{'MSE - mean': 12579621.512288656, 'MSE - std': 90354.86793630631, 'R2 - mean': 0.5117683972419594, 'R2 - std': 0.002358234642078505} 
 

Saved Losses
{'MSE - mean': 12582127.521696573, 'MSE - std': 80971.11868092323, 'R2 - mean': 0.5128494695863297, 'R2 - std': 0.0030205771231221704} 
 

Saving model.....
Results After CV: {'MSE - mean': 12582127.521696573, 'MSE - std': 80971.11868092323, 'R2 - mean': 0.5128494695863297, 'R2 - std': 0.0030205771231221704}
Train time: 59.935846428400694
Inference time: 0.37918735759885747
Finished cross validation
Hyperparam was saved!!! Hurrah!!!
Trial 130 finished with value: 12582127.521696573 and parameters: {'max_depth': 11, 'n_estimators': 80}. Best is trial 126 with value: 12511461.289126027.
Saved Losses
{'MSE - mean': 12398366.451791612, 'MSE - std': 0.0, 'R2 - mean': 0.5146539927976568, 'R2 - std': 0.0} 
 

Saved Losses
{'MSE - mean': 12457514.338084068, 'MSE - std': 59147.88629245572, 'R2 - mean': 0.515202499319966, 'R2 - std': 0.0005485065223092556} 
 

Saved Losses
{'MSE - mean': 12509174.15191506, 'MSE - std': 87577.32411236595, 'R2 - mean': 0.5138585485740846, 'R2 - std': 0.0019526853692766566} 
 

Saved Losses
{'MSE - mean': 12515333.683013532, 'MSE - std': 76590.86266697185, 'R2 - mean': 0.5142622689269091, 'R2 - std': 0.0018299468526146534} 
 

Saved Losses
{'MSE - mean': 12515726.954168547, 'MSE - std': 68509.46536108872, 'R2 - mean': 0.5154185796933914, 'R2 - std': 0.0028332283249762214} 
 

Saving model.....
Results After CV: {'MSE - mean': 12515726.954168547, 'MSE - std': 68509.46536108872, 'R2 - mean': 0.5154185796933914, 'R2 - std': 0.0028332283249762214}
Train time: 58.09742259060003
Inference time: 0.3909789574005117
Finished cross validation
Hyperparam was saved!!! Hurrah!!!
Trial 131 finished with value: 12515726.954168547 and parameters: {'max_depth': 12, 'n_estimators': 73}. Best is trial 126 with value: 12511461.289126027.
Saved Losses
{'MSE - mean': 12400490.602940375, 'MSE - std': 0.0, 'R2 - mean': 0.5145708408531846, 'R2 - std': 0.0} 
 

Saved Losses
{'MSE - mean': 12462047.900185138, 'MSE - std': 61557.29724476207, 'R2 - mean': 0.5150266172660729, 'R2 - std': 0.00045577641288829795} 
 

Saved Losses
{'MSE - mean': 12519347.6628569, 'MSE - std': 95355.78727691564, 'R2 - mean': 0.5134641333554031, 'R2 - std': 0.002240803435057933} 
 

Saved Losses
{'MSE - mean': 12520163.758116733, 'MSE - std': 82592.63078398493, 'R2 - mean': 0.5140747009203039, 'R2 - std': 0.0022100403344401235} 
 

Saved Losses
{'MSE - mean': 12523773.642834384, 'MSE - std': 74225.05775379791, 'R2 - mean': 0.51510814897537, 'R2 - std': 0.002859979397471482} 
 

Saving model.....
Results After CV: {'MSE - mean': 12523773.642834384, 'MSE - std': 74225.05775379791, 'R2 - mean': 0.51510814897537, 'R2 - std': 0.002859979397471482}
Train time: 54.12726952540034
Inference time: 0.36530943719990316
Finished cross validation
Hyperparam was saved!!! Hurrah!!!
Trial 132 finished with value: 12523773.642834384 and parameters: {'max_depth': 12, 'n_estimators': 70}. Best is trial 126 with value: 12511461.289126027.
Saved Losses
{'MSE - mean': 12393101.566657156, 'MSE - std': 0.0, 'R2 - mean': 0.5148600918017735, 'R2 - std': 0.0} 
 

Saved Losses
{'MSE - mean': 12457879.502226714, 'MSE - std': 64777.935569559224, 'R2 - mean': 0.5151895763680174, 'R2 - std': 0.0003294845662438761} 
 

Saved Losses
{'MSE - mean': 12514098.079731537, 'MSE - std': 95490.89417897823, 'R2 - mean': 0.5136685291412458, 'R2 - std': 0.002167842872166062} 
 

Saved Losses
{'MSE - mean': 12515850.03830035, 'MSE - std': 82753.19468036348, 'R2 - mean': 0.5142425535854243, 'R2 - std': 0.002124422092321649} 
 

Saved Losses
{'MSE - mean': 12516359.310526256, 'MSE - std': 74023.71523130419, 'R2 - mean': 0.5153943997754139, 'R2 - std': 0.0029862240308874753} 
 

Saving model.....
Results After CV: {'MSE - mean': 12516359.310526256, 'MSE - std': 74023.71523130419, 'R2 - mean': 0.5153943997754139, 'R2 - std': 0.0029862240308874753}
Train time: 57.013900976599686
Inference time: 0.3669563214003574
Finished cross validation
Hyperparam was saved!!! Hurrah!!!
Trial 133 finished with value: 12516359.310526256 and parameters: {'max_depth': 12, 'n_estimators': 74}. Best is trial 126 with value: 12511461.289126027.
Saved Losses
{'MSE - mean': 12434946.232931754, 'MSE - std': 0.0, 'R2 - mean': 0.5132220420007728, 'R2 - std': 0.0} 
 

Saved Losses
{'MSE - mean': 12515538.789340125, 'MSE - std': 80592.55640837178, 'R2 - mean': 0.5129492593776255, 'R2 - std': 0.00027278262314728297} 
 

Saved Losses
{'MSE - mean': 12575375.050118977, 'MSE - std': 107195.44287708274, 'R2 - mean': 0.5112898610492412, 'R2 - std': 0.0023572892335935623} 
 

Saved Losses
{'MSE - mean': 12576270.823230434, 'MSE - std': 92846.94102991257, 'R2 - mean': 0.5118994460519836, 'R2 - std': 0.002298345279721244} 
 

Saved Losses
{'MSE - mean': 12575552.718512058, 'MSE - std': 83057.2469110063, 'R2 - mean': 0.5131036275983072, 'R2 - std': 0.003166405786673391} 
 

Saving model.....
Results After CV: {'MSE - mean': 12575552.718512058, 'MSE - std': 83057.2469110063, 'R2 - mean': 0.5131036275983072, 'R2 - std': 0.003166405786673391}
Train time: 54.53039104319978
Inference time: 0.36135802439966935
Finished cross validation
Hyperparam was saved!!! Hurrah!!!
Trial 134 finished with value: 12575552.718512058 and parameters: {'max_depth': 11, 'n_estimators': 75}. Best is trial 126 with value: 12511461.289126027.
Saved Losses
{'MSE - mean': 12390013.54738263, 'MSE - std': 0.0, 'R2 - mean': 0.5149809752932304, 'R2 - std': 0.0} 
 

Saved Losses
{'MSE - mean': 12451735.734775266, 'MSE - std': 61722.18739263527, 'R2 - mean': 0.5154279751485336, 'R2 - std': 0.0004469998553031651} 
 

Saved Losses
{'MSE - mean': 12508321.451813638, 'MSE - std': 94570.81485945317, 'R2 - mean': 0.5138926046901086, 'R2 - std': 0.0022018017174508064} 
 

Saved Losses
{'MSE - mean': 12512463.376252757, 'MSE - std': 82214.32893093432, 'R2 - mean': 0.5143740475853957, 'R2 - std': 0.0020811799265067774} 
 

Saved Losses
{'MSE - mean': 12514303.544281255, 'MSE - std': 73626.77216029167, 'R2 - mean': 0.5154745351152972, 'R2 - std': 0.002882592430967372} 
 

Saving model.....
Results After CV: {'MSE - mean': 12514303.544281255, 'MSE - std': 73626.77216029167, 'R2 - mean': 0.5154745351152972, 'R2 - std': 0.002882592430967372}
Train time: 71.43264094180049
Inference time: 0.44321429740084567
Finished cross validation
Hyperparam was saved!!! Hurrah!!!
Trial 135 finished with value: 12514303.544281255 and parameters: {'max_depth': 12, 'n_estimators': 93}. Best is trial 126 with value: 12511461.289126027.
Saved Losses
{'MSE - mean': 12443716.604491739, 'MSE - std': 0.0, 'R2 - mean': 0.5128787173511207, 'R2 - std': 0.0} 
 

Saved Losses
{'MSE - mean': 12520917.249717794, 'MSE - std': 77200.64522605482, 'R2 - mean': 0.5127391688986938, 'R2 - std': 0.0001395484524269186} 
 

Saved Losses
{'MSE - mean': 12572445.628903547, 'MSE - std': 96351.65180335368, 'R2 - mean': 0.5114023085477485, 'R2 - std': 0.0018940363538157623} 
 

Saved Losses
{'MSE - mean': 12572100.184776444, 'MSE - std': 83445.12327788175, 'R2 - mean': 0.5120600751700995, 'R2 - std': 0.0019971231986583094} 
 

Saved Losses
{'MSE - mean': 12572602.126801256, 'MSE - std': 74642.33826906681, 'R2 - mean': 0.5132173334338803, 'R2 - std': 0.0029236599687464545} 
 

Saving model.....
Results After CV: {'MSE - mean': 12572602.126801256, 'MSE - std': 74642.33826906681, 'R2 - mean': 0.5132173334338803, 'R2 - std': 0.0029236599687464545}
Train time: 67.51689640039986
Inference time: 0.41183729899858007
Finished cross validation
Hyperparam was saved!!! Hurrah!!!
Trial 136 finished with value: 12572602.126801256 and parameters: {'max_depth': 11, 'n_estimators': 92}. Best is trial 126 with value: 12511461.289126027.
Saved Losses
{'MSE - mean': 12407191.688200206, 'MSE - std': 0.0, 'R2 - mean': 0.5143085204106144, 'R2 - std': 0.0} 
 

Saved Losses
{'MSE - mean': 12457372.56619468, 'MSE - std': 50180.87799447309, 'R2 - mean': 0.5152059649590368, 'R2 - std': 0.0008974445484223881} 
 

Saved Losses
{'MSE - mean': 12512471.358600445, 'MSE - std': 88036.9289560429, 'R2 - mean': 0.5137294041945456, 'R2 - std': 0.0022130072738542625} 
 

Saved Losses
{'MSE - mean': 12515172.538848646, 'MSE - std': 76385.6319552855, 'R2 - mean': 0.5142672365501093, 'R2 - std': 0.0021309251098226697} 
 

Saved Losses
{'MSE - mean': 12515155.40046644, 'MSE - std': 68321.3948208264, 'R2 - mean': 0.5154395260638793, 'R2 - std': 0.003021543359827724} 
 

Saving model.....
Results After CV: {'MSE - mean': 12515155.40046644, 'MSE - std': 68321.3948208264, 'R2 - mean': 0.5154395260638793, 'R2 - std': 0.003021543359827724}
Train time: 59.80202128460005
Inference time: 0.39523606920047316
Finished cross validation
Hyperparam was saved!!! Hurrah!!!
Trial 137 finished with value: 12515155.40046644 and parameters: {'max_depth': 12, 'n_estimators': 80}. Best is trial 126 with value: 12511461.289126027.
Saved Losses
{'MSE - mean': 12498426.530907374, 'MSE - std': 0.0, 'R2 - mean': 0.5107370445393508, 'R2 - std': 0.0} 
 

Saved Losses
{'MSE - mean': 12578154.240378657, 'MSE - std': 79727.70947128348, 'R2 - mean': 0.5105122461913547, 'R2 - std': 0.00022479834799610243} 
 

Saved Losses
{'MSE - mean': 12635563.771526074, 'MSE - std': 104064.3085059598, 'R2 - mean': 0.5089502992031399, 'R2 - std': 0.002216539266400186} 
 

Saved Losses
{'MSE - mean': 12637451.046387423, 'MSE - std': 90181.59816628079, 'R2 - mean': 0.5095247583902399, 'R2 - std': 0.0021621273812037533} 
 

Saved Losses
{'MSE - mean': 12637571.078577425, 'MSE - std': 80661.2307689771, 'R2 - mean': 0.5107025685466258, 'R2 - std': 0.0030477504668171103} 
 

Saving model.....
Results After CV: {'MSE - mean': 12637571.078577425, 'MSE - std': 80661.2307689771, 'R2 - mean': 0.5107025685466258, 'R2 - std': 0.0030477504668171103}
Train time: 61.859766593200035
Inference time: 0.35280221339926354
Finished cross validation
Hyperparam was saved!!! Hurrah!!!
Trial 138 finished with value: 12637571.078577425 and parameters: {'max_depth': 10, 'n_estimators': 80}. Best is trial 126 with value: 12511461.289126027.
Saved Losses
{'MSE - mean': 12444355.689396754, 'MSE - std': 0.0, 'R2 - mean': 0.5128536997564143, 'R2 - std': 0.0} 
 

Saved Losses
{'MSE - mean': 12514486.014893487, 'MSE - std': 70130.32549673226, 'R2 - mean': 0.51298783652741, 'R2 - std': 0.00013413677099571863} 
 

Saved Losses
{'MSE - mean': 12569885.393061148, 'MSE - std': 97041.35152386891, 'R2 - mean': 0.5115011428327916, 'R2 - std': 0.0021053530342419217} 
 

Saved Losses
{'MSE - mean': 12572094.352429882, 'MSE - std': 84127.32275344597, 'R2 - mean': 0.5120601969997454, 'R2 - std': 0.00206446318297494} 
 

Saved Losses
{'MSE - mean': 12573556.550024942, 'MSE - std': 75302.57123205003, 'R2 - mean': 0.5131806561349012, 'R2 - std': 0.002903673756003529} 
 

Saving model.....
Results After CV: {'MSE - mean': 12573556.550024942, 'MSE - std': 75302.57123205003, 'R2 - mean': 0.5131806561349012, 'R2 - std': 0.002903673756003529}
Train time: 76.59084942539921
Inference time: 0.4268103084010363
Finished cross validation
Hyperparam was saved!!! Hurrah!!!
Trial 139 finished with value: 12573556.550024942 and parameters: {'max_depth': 11, 'n_estimators': 100}. Best is trial 126 with value: 12511461.289126027.
Saved Losses
{'MSE - mean': 12393501.270117903, 'MSE - std': 0.0, 'R2 - mean': 0.5148444450244748, 'R2 - std': 0.0} 
 

Saved Losses
{'MSE - mean': 12460351.935936427, 'MSE - std': 66850.66581852362, 'R2 - mean': 0.5150938305350368, 'R2 - std': 0.00024938551056202796} 
 

Saved Losses
{'MSE - mean': 12517429.473582247, 'MSE - std': 97442.45286838069, 'R2 - mean': 0.5135394655716539, 'R2 - std': 0.0022076147687878672} 
 

Saved Losses
{'MSE - mean': 12519962.954185389, 'MSE - std': 84501.6525735114, 'R2 - mean': 0.5140833482877553, 'R2 - std': 0.00213133701045827} 
 

Saved Losses
{'MSE - mean': 12519269.624133343, 'MSE - std': 75593.29504901757, 'R2 - mean': 0.5152816067718422, 'R2 - std': 0.003062249424926791} 
 

Saving model.....
Results After CV: {'MSE - mean': 12519269.624133343, 'MSE - std': 75593.29504901757, 'R2 - mean': 0.5152816067718422, 'R2 - std': 0.003062249424926791}
Train time: 63.32775454099974
Inference time: 0.3949502395997115
Finished cross validation
Hyperparam was saved!!! Hurrah!!!
Trial 140 finished with value: 12519269.624133343 and parameters: {'max_depth': 12, 'n_estimators': 76}. Best is trial 126 with value: 12511461.289126027.
Saved Losses
{'MSE - mean': 12391524.7913543, 'MSE - std': 0.0, 'R2 - mean': 0.5149218161910687, 'R2 - std': 0.0} 
 

Saved Losses
{'MSE - mean': 12457884.279601354, 'MSE - std': 66359.48824705277, 'R2 - mean': 0.5151897523174673, 'R2 - std': 0.00026793612639863795} 
 

Saved Losses
{'MSE - mean': 12514078.697221758, 'MSE - std': 96183.91894525148, 'R2 - mean': 0.513669521099019, 'R2 - std': 0.002161033493564966} 
 

Saved Losses
{'MSE - mean': 12517491.052748378, 'MSE - std': 83507.13866772219, 'R2 - mean': 0.5141792979828417, 'R2 - std': 0.002069339685520958} 
 

Saved Losses
{'MSE - mean': 12515439.221159115, 'MSE - std': 74803.70190210469, 'R2 - mean': 0.5154294123664441, 'R2 - std': 0.0031107679559261355} 
 

Saving model.....
Results After CV: {'MSE - mean': 12515439.221159115, 'MSE - std': 74803.70190210469, 'R2 - mean': 0.5154294123664441, 'R2 - std': 0.0031107679559261355}
Train time: 58.57198482839958
Inference time: 0.38469716899999185
Finished cross validation
Hyperparam was saved!!! Hurrah!!!
Trial 141 finished with value: 12515439.221159115 and parameters: {'max_depth': 12, 'n_estimators': 74}. Best is trial 126 with value: 12511461.289126027.
Saved Losses
{'MSE - mean': 12409635.168703185, 'MSE - std': 0.0, 'R2 - mean': 0.514212868010727, 'R2 - std': 0.0} 
 

Saved Losses
{'MSE - mean': 12467214.568689536, 'MSE - std': 57579.39998634998, 'R2 - mean': 0.5148246350465301, 'R2 - std': 0.0006117670358031235} 
 

Saved Losses
{'MSE - mean': 12520003.184143277, 'MSE - std': 88224.339299904, 'R2 - mean': 0.5134375704174162, 'R2 - std': 0.0020242041665983336} 
 

Saved Losses
{'MSE - mean': 12521134.97478639, 'MSE - std': 76429.66298406628, 'R2 - mean': 0.5140362394913792, 'R2 - std': 0.0020367292066974726} 
 

Saved Losses
{'MSE - mean': 12524022.360754762, 'MSE - std': 68604.24693856611, 'R2 - mean': 0.515097634955058, 'R2 - std': 0.0027972940514723833} 
 

Saving model.....
Results After CV: {'MSE - mean': 12524022.360754762, 'MSE - std': 68604.24693856611, 'R2 - mean': 0.515097634955058, 'R2 - std': 0.0027972940514723833}
Train time: 71.8038769290004
Inference time: 0.458742569199967
Finished cross validation
Hyperparam was saved!!! Hurrah!!!
Trial 142 finished with value: 12524022.360754762 and parameters: {'max_depth': 12, 'n_estimators': 93}. Best is trial 126 with value: 12511461.289126027.
Saved Losses
{'MSE - mean': 12439727.683717512, 'MSE - std': 0.0, 'R2 - mean': 0.5130348675002832, 'R2 - std': 0.0} 
 

Saved Losses
{'MSE - mean': 12517992.212503798, 'MSE - std': 78264.52878628578, 'R2 - mean': 0.5128532464541542, 'R2 - std': 0.0001816210461289547} 
 

Saved Losses
{'MSE - mean': 12575092.549549146, 'MSE - std': 102977.93271122323, 'R2 - mean': 0.511300193910029, 'R2 - std': 0.0022013484986613905} 
 

Saved Losses
{'MSE - mean': 12573706.869230833, 'MSE - std': 89213.79545194554, 'R2 - mean': 0.5119981213104592, 'R2 - std': 0.002257378873435407} 
 

Saved Losses
{'MSE - mean': 12576312.942735288, 'MSE - std': 79965.28944233089, 'R2 - mean': 0.51307476957735, 'R2 - std': 0.002951828833957309} 
 

Saving model.....
Results After CV: {'MSE - mean': 12576312.942735288, 'MSE - std': 79965.28944233089, 'R2 - mean': 0.51307476957735, 'R2 - std': 0.002951828833957309}
Train time: 67.32908078420004
Inference time: 0.39165006879993597
Finished cross validation
Hyperparam was saved!!! Hurrah!!!
Trial 143 finished with value: 12576312.942735288 and parameters: {'max_depth': 11, 'n_estimators': 83}. Best is trial 126 with value: 12511461.289126027.
Saved Losses
{'MSE - mean': 12390887.752629848, 'MSE - std': 0.0, 'R2 - mean': 0.5149467536860645, 'R2 - std': 0.0} 
 

Saved Losses
{'MSE - mean': 12453938.24537543, 'MSE - std': 63050.492745582014, 'R2 - mean': 0.5153425636253497, 'R2 - std': 0.0003958099392852854} 
 

Saved Losses
{'MSE - mean': 12510060.589182114, 'MSE - std': 94602.73801015779, 'R2 - mean': 0.5138251682477265, 'R2 - std': 0.0021701200741177894} 
 

Saved Losses
{'MSE - mean': 12515266.198635872, 'MSE - std': 82423.01643727382, 'R2 - mean': 0.5142655430881391, 'R2 - std': 0.002028264246165149} 
 

Saved Losses
{'MSE - mean': 12515257.619824339, 'MSE - std': 73721.38906232924, 'R2 - mean': 0.5154371248435938, 'R2 - std': 0.0029633595665518537} 
 

Saving model.....
Results After CV: {'MSE - mean': 12515257.619824339, 'MSE - std': 73721.38906232924, 'R2 - mean': 0.5154371248435938, 'R2 - std': 0.0029633595665518537}
Train time: 68.13267126220016
Inference time: 0.4370757288008463
Finished cross validation
Hyperparam was saved!!! Hurrah!!!
