Trial 48 finished with value: 304.69677375587514 and parameters: {'max_depth': 9, 'n_estimators': 53}. Best is trial 38 with value: 274.78052576294664.
Saved Losses
{'MSE - mean': 452.8293405583128, 'MSE - std': 0.0, 'R2 - mean': 0.5576708946293023, 'R2 - std': 0.0} 
 

Saved Losses
{'MSE - mean': 286.545501191713, 'MSE - std': 166.28383936659984, 'R2 - mean': 0.7215721812124556, 'R2 - std': 0.16390128658315334} 
 

Saved Losses
{'MSE - mean': 281.80678100552086, 'MSE - std': 135.93547891433948, 'R2 - mean': 0.7773290027187558, 'R2 - std': 0.15532782789328556} 
 

Saved Losses
{'MSE - mean': 287.3811697160228, 'MSE - std': 118.1188479847329, 'R2 - mean': 0.7888826605264642, 'R2 - std': 0.13599820445413044} 
 

Saved Losses
{'MSE - mean': 284.4233717234033, 'MSE - std': 105.81419600059779, 'R2 - mean': 0.8056192544147951, 'R2 - std': 0.12616205289915677} 
 

Saving model.....
Results After CV: {'MSE - mean': 284.4233717234033, 'MSE - std': 105.81419600059779, 'R2 - mean': 0.8056192544147951, 'R2 - std': 0.12616205289915677}
Train time: 0.5594094654000002
Inference time: 0.03075466640000286
Finished cross validation
Hyperparam was saved!!! Hurrah!!!
Trial 49 finished with value: 284.4233717234033 and parameters: {'max_depth': 12, 'n_estimators': 81}. Best is trial 38 with value: 274.78052576294664.
Saved Losses
{'MSE - mean': 451.10558229211114, 'MSE - std': 0.0, 'R2 - mean': 0.5593546822805713, 'R2 - std': 0.0} 
 

Saved Losses
{'MSE - mean': 279.5014817784654, 'MSE - std': 171.60410051364576, 'R2 - mean': 0.7283013967093631, 'R2 - std': 0.16894671442879183} 
 

Saved Losses
{'MSE - mean': 283.1759307435215, 'MSE - std': 140.2104894760917, 'R2 - mean': 0.7793395136249929, 'R2 - std': 0.15568699464237898} 
 

Saved Losses
{'MSE - mean': 288.6378730138162, 'MSE - std': 121.793819463206, 'R2 - mean': 0.7902571786013357, 'R2 - std': 0.13614850881000898} 
 

Saved Losses
{'MSE - mean': 298.27294854018515, 'MSE - std': 110.62696908595186, 'R2 - mean': 0.8007143153182354, 'R2 - std': 0.12355784068287619} 
 

Saving model.....
Results After CV: {'MSE - mean': 298.27294854018515, 'MSE - std': 110.62696908595186, 'R2 - mean': 0.8007143153182354, 'R2 - std': 0.12355784068287619}
Train time: 0.24740536939999913
Inference time: 0.01675792940000349
Finished cross validation
Hyperparam was saved!!! Hurrah!!!
Trial 50 finished with value: 298.27294854018515 and parameters: {'max_depth': 11, 'n_estimators': 38}. Best is trial 38 with value: 274.78052576294664.
Saved Losses
{'MSE - mean': 399.693552714933, 'MSE - std': 0.0, 'R2 - mean': 0.6095745664871173, 'R2 - std': 0.0} 
 

Saved Losses
{'MSE - mean': 258.91311448597787, 'MSE - std': 140.78043822895515, 'R2 - mean': 0.7485377455836874, 'R2 - std': 0.13896317909657008} 
 

Saved Losses
{'MSE - mean': 272.49334524252185, 'MSE - std': 116.54012124626038, 'R2 - mean': 0.7915883468667572, 'R2 - std': 0.12876549216081917} 
 

Saved Losses
{'MSE - mean': 276.5731306390395, 'MSE - std': 101.1737804063618, 'R2 - mean': 0.8017954402880098, 'R2 - std': 0.11290690079394625} 
 

Saved Losses
{'MSE - mean': 278.32088746303793, 'MSE - std': 90.56006674597313, 'R2 - mean': 0.8147602060894128, 'R2 - std': 0.10426272203743837} 
 

Saving model.....
Results After CV: {'MSE - mean': 278.32088746303793, 'MSE - std': 90.56006674597313, 'R2 - mean': 0.8147602060894128, 'R2 - std': 0.10426272203743837}
Train time: 0.37274203879999845
Inference time: 0.02206070180000097
Finished cross validation
Hyperparam was saved!!! Hurrah!!!
Trial 51 finished with value: 278.32088746303793 and parameters: {'max_depth': 11, 'n_estimators': 59}. Best is trial 38 with value: 274.78052576294664.
Saved Losses
{'MSE - mean': 430.15671930093, 'MSE - std': 0.0, 'R2 - mean': 0.579817781721075, 'R2 - std': 0.0} 
 

Saved Losses
{'MSE - mean': 270.5714123006296, 'MSE - std': 159.5853070003004, 'R2 - mean': 0.737062233122669, 'R2 - std': 0.157244451401594} 
 

Saved Losses
{'MSE - mean': 268.93433837673643, 'MSE - std': 130.32142377848444, 'R2 - mean': 0.788563091935421, 'R2 - std': 0.14760946869344413} 
 

Saved Losses
{'MSE - mean': 278.8685130114165, 'MSE - std': 114.16575055048453, 'R2 - mean': 0.796645771021629, 'R2 - std': 0.12859784422610873} 
 

Saved Losses
{'MSE - mean': 283.8840025805988, 'MSE - std': 102.6044610213351, 'R2 - mean': 0.8088982211900362, 'R2 - std': 0.11760278301213466} 
 

Saving model.....
Results After CV: {'MSE - mean': 283.8840025805988, 'MSE - std': 102.6044610213351, 'R2 - mean': 0.8088982211900362, 'R2 - std': 0.11760278301213466}
Train time: 0.4798272501999975
Inference time: 0.030292165000000183
Finished cross validation
Hyperparam was saved!!! Hurrah!!!
Trial 52 finished with value: 283.8840025805988 and parameters: {'max_depth': 10, 'n_estimators': 81}. Best is trial 38 with value: 274.78052576294664.
Saved Losses
{'MSE - mean': 453.3220818252152, 'MSE - std': 0.0, 'R2 - mean': 0.5571895790778422, 'R2 - std': 0.0} 
 

Saved Losses
{'MSE - mean': 296.0168845937351, 'MSE - std': 157.30519723148012, 'R2 - mean': 0.7125464400951861, 'R2 - std': 0.15535686101734392} 
 

Saved Losses
{'MSE - mean': 283.76604003970806, 'MSE - std': 129.602403920338, 'R2 - mean': 0.7730894319138298, 'R2 - std': 0.1530405520120281} 
 

Saved Losses
{'MSE - mean': 292.62011981046567, 'MSE - std': 113.28182339726285, 'R2 - mean': 0.7835157288384431, 'R2 - std': 0.1337616571472943} 
 

Saved Losses
{'MSE - mean': 288.33260160468114, 'MSE - std': 101.68455369045317, 'R2 - mean': 0.8014575088714494, 'R2 - std': 0.1249054627357963} 
 

Saving model.....
Results After CV: {'MSE - mean': 288.33260160468114, 'MSE - std': 101.68455369045317, 'R2 - mean': 0.8014575088714494, 'R2 - std': 0.1249054627357963}
Train time: 0.39639294559999316
Inference time: 0.02550528980000024
Finished cross validation
Hyperparam was saved!!! Hurrah!!!
Trial 53 finished with value: 288.33260160468114 and parameters: {'max_depth': 11, 'n_estimators': 65}. Best is trial 38 with value: 274.78052576294664.
Saved Losses
{'MSE - mean': 432.6907570004088, 'MSE - std': 0.0, 'R2 - mean': 0.5773425034469153, 'R2 - std': 0.0} 
 

Saved Losses
{'MSE - mean': 267.0219361644198, 'MSE - std': 165.66882083598898, 'R2 - mean': 0.7404113962943979, 'R2 - std': 0.16306889284748255} 
 

Saved Losses
{'MSE - mean': 271.74922412593554, 'MSE - std': 135.43313221315847, 'R2 - mean': 0.7886810426077031, 'R2 - std': 0.1496247307547307} 
 

Saved Losses
{'MSE - mean': 272.8565241921755, 'MSE - std': 117.30421269549629, 'R2 - mean': 0.8014476889603033, 'R2 - std': 0.13145201336360857} 
 

Saved Losses
{'MSE - mean': 273.3493349474806, 'MSE - std': 104.92470682661144, 'R2 - mean': 0.8154161768811916, 'R2 - std': 0.12084775576344425} 
 

Saving model.....
Results After CV: {'MSE - mean': 273.3493349474806, 'MSE - std': 104.92470682661144, 'R2 - mean': 0.8154161768811916, 'R2 - std': 0.12084775576344425}
Train time: 0.3987697675999982
Inference time: 0.023507771599997795
Finished cross validation
Hyperparam was saved!!! Hurrah!!!
Trial 54 finished with value: 273.3493349474806 and parameters: {'max_depth': 12, 'n_estimators': 57}. Best is trial 54 with value: 273.3493349474806.
Saved Losses
{'MSE - mean': 465.34500731665133, 'MSE - std': 0.0, 'R2 - mean': 0.5454454419377694, 'R2 - std': 0.0} 
 

Saved Losses
{'MSE - mean': 295.0414822683909, 'MSE - std': 170.3035250482604, 'R2 - mean': 0.7133280416592975, 'R2 - std': 0.16788259972152814} 
 

Saved Losses
{'MSE - mean': 285.6544811770912, 'MSE - std': 139.68449690243045, 'R2 - mean': 0.7725742682189288, 'R2 - std': 0.16065472993125002} 
 

Saved Losses
{'MSE - mean': 291.45079164271283, 'MSE - std': 121.38620453414569, 'R2 - mean': 0.7846296832276234, 'R2 - std': 0.1406892169999454} 
 

Saved Losses
{'MSE - mean': 291.80699695405445, 'MSE - std': 108.57345923318309, 'R2 - mean': 0.8002871038453803, 'R2 - std': 0.1296741450931974} 
 

Saving model.....
Results After CV: {'MSE - mean': 291.80699695405445, 'MSE - std': 108.57345923318309, 'R2 - mean': 0.8002871038453803, 'R2 - std': 0.1296741450931974}
Train time: 0.3250033231999964
Inference time: 0.018869752400001973
Finished cross validation
Hyperparam was saved!!! Hurrah!!!
Trial 55 finished with value: 291.80699695405445 and parameters: {'max_depth': 12, 'n_estimators': 48}. Best is trial 54 with value: 273.3493349474806.
Saved Losses
{'MSE - mean': 451.4922245972174, 'MSE - std': 0.0, 'R2 - mean': 0.5589770054615179, 'R2 - std': 0.0} 
 

Saved Losses
{'MSE - mean': 288.04309160474224, 'MSE - std': 163.44913299247514, 'R2 - mean': 0.7201623891675226, 'R2 - std': 0.16118538370600477} 
 

Saved Losses
{'MSE - mean': 283.46694393445154, 'MSE - std': 133.6124806009098, 'R2 - mean': 0.7761190253018553, 'R2 - std': 0.15356684386690228} 
 

Saved Losses
{'MSE - mean': 289.52425957871594, 'MSE - std': 116.18646413282886, 'R2 - mean': 0.7874541322418235, 'R2 - std': 0.13443413108081112} 
 

Saved Losses
{'MSE - mean': 291.04740712025125, 'MSE - std': 103.96497233147537, 'R2 - mean': 0.802181255406109, 'R2 - std': 0.123796531075577} 
 

Saving model.....
Results After CV: {'MSE - mean': 291.04740712025125, 'MSE - std': 103.96497233147537, 'R2 - mean': 0.802181255406109, 'R2 - std': 0.123796531075577}
Train time: 0.2224915889999977
Inference time: 0.018100447000000484
Finished cross validation
Hyperparam was saved!!! Hurrah!!!
Trial 56 finished with value: 291.04740712025125 and parameters: {'max_depth': 8, 'n_estimators': 42}. Best is trial 54 with value: 273.3493349474806.
Saved Losses
{'MSE - mean': 406.49138856690263, 'MSE - std': 0.0, 'R2 - mean': 0.6029343592798031, 'R2 - std': 0.0} 
 

Saved Losses
{'MSE - mean': 278.80523698039974, 'MSE - std': 127.68615158650289, 'R2 - mean': 0.7295109778986075, 'R2 - std': 0.12657661861880443} 
 

Saved Losses
{'MSE - mean': 289.1363692438033, 'MSE - std': 105.27408731023101, 'R2 - mean': 0.7775235551946578, 'R2 - std': 0.12365884013903694} 
 

Saved Losses
{'MSE - mean': 296.38033464215675, 'MSE - std': 92.02934422416163, 'R2 - mean': 0.7869965566296823, 'R2 - std': 0.10834133480330972} 
 

Saved Losses
{'MSE - mean': 293.7370372852683, 'MSE - std': 82.48313913965156, 'R2 - mean': 0.8031219395189222, 'R2 - std': 0.10212926982441743} 
 

Saving model.....
Results After CV: {'MSE - mean': 293.7370372852683, 'MSE - std': 82.48313913965156, 'R2 - mean': 0.8031219395189222, 'R2 - std': 0.10212926982441743}
Train time: 0.18702616919999854
Inference time: 0.014759308200001441
Finished cross validation
Hyperparam was saved!!! Hurrah!!!
Trial 57 finished with value: 293.7370372852683 and parameters: {'max_depth': 10, 'n_estimators': 31}. Best is trial 54 with value: 273.3493349474806.
Saved Losses
{'MSE - mean': 453.72880972784094, 'MSE - std': 0.0, 'R2 - mean': 0.556792282407366, 'R2 - std': 0.0} 
 

Saved Losses
{'MSE - mean': 278.23739156559935, 'MSE - std': 175.4914181622416, 'R2 - mean': 0.7294730685749213, 'R2 - std': 0.1726807861675554} 
 

Saved Losses
{'MSE - mean': 280.56304660999064, 'MSE - std': 143.32588475859535, 'R2 - mean': 0.7808431577848656, 'R2 - std': 0.1586091886950603} 
 

Saved Losses
{'MSE - mean': 287.0966338036243, 'MSE - std': 124.6386585944588, 'R2 - mean': 0.7911421214996389, 'R2 - std': 0.13851303915037597} 
 

Saved Losses
{'MSE - mean': 283.46935897110103, 'MSE - std': 111.71600003501501, 'R2 - mean': 0.807766401131255, 'R2 - std': 0.12827375532360286} 
 

Saving model.....
Results After CV: {'MSE - mean': 283.46935897110103, 'MSE - std': 111.71600003501501, 'R2 - mean': 0.807766401131255, 'R2 - std': 0.12827375532360286}
Train time: 0.30062616440000056
Inference time: 0.02239678900000115
Finished cross validation
Hyperparam was saved!!! Hurrah!!!
Trial 58 finished with value: 283.46935897110103 and parameters: {'max_depth': 9, 'n_estimators': 53}. Best is trial 54 with value: 273.3493349474806.
Saved Losses
{'MSE - mean': 419.6909677693755, 'MSE - std': 0.0, 'R2 - mean': 0.5900408527488419, 'R2 - std': 0.0} 
 

Saved Losses
{'MSE - mean': 270.56582398118275, 'MSE - std': 149.12514378819276, 'R2 - mean': 0.7371957640507323, 'R2 - std': 0.1471549113018904} 
 

Saved Losses
{'MSE - mean': 266.1089614102493, 'MSE - std': 121.9231981803237, 'R2 - mean': 0.7898038331355677, 'R2 - std': 0.14132089894697505} 
 

Saved Losses
{'MSE - mean': 275.25373187342166, 'MSE - std': 106.76998722188362, 'R2 - mean': 0.7984442340785737, 'R2 - std': 0.12329909547419049} 
 

Saved Losses
{'MSE - mean': 278.27753045619716, 'MSE - std': 95.68927614192582, 'R2 - mean': 0.8116060645704399, 'R2 - std': 0.11338019528731334} 
 

Saving model.....
Results After CV: {'MSE - mean': 278.27753045619716, 'MSE - std': 95.68927614192582, 'R2 - mean': 0.8116060645704399, 'R2 - std': 0.11338019528731334}
Train time: 0.45968839140000173
Inference time: 0.025512545600005865
Finished cross validation
Hyperparam was saved!!! Hurrah!!!
Trial 59 finished with value: 278.27753045619716 and parameters: {'max_depth': 11, 'n_estimators': 72}. Best is trial 54 with value: 273.3493349474806.
Saved Losses
{'MSE - mean': 462.2078638363538, 'MSE - std': 0.0, 'R2 - mean': 0.5485098411380259, 'R2 - std': 0.0} 
 

Saved Losses
{'MSE - mean': 293.08644531779436, 'MSE - std': 169.12141851855944, 'R2 - mean': 0.7152282764229062, 'R2 - std': 0.16671843528488028} 
 

Saved Losses
{'MSE - mean': 289.7115475323579, 'MSE - std': 138.16951908655824, 'R2 - mean': 0.7716531134704298, 'R2 - std': 0.1577895716270198} 
 

Saved Losses
{'MSE - mean': 293.79687349693734, 'MSE - std': 119.86735030094177, 'R2 - mean': 0.7843430873342851, 'R2 - std': 0.13840617036705696} 
 

Saved Losses
{'MSE - mean': 299.3852980330624, 'MSE - std': 107.79363288116234, 'R2 - mean': 0.7973924577350624, 'R2 - std': 0.1265154483372152} 
 

Saving model.....
Results After CV: {'MSE - mean': 299.3852980330624, 'MSE - std': 107.79363288116234, 'R2 - mean': 0.7973924577350624, 'R2 - std': 0.1265154483372152}
Train time: 0.4185986248000034
Inference time: 0.030843103400002292
Finished cross validation
Hyperparam was saved!!! Hurrah!!!
Trial 60 finished with value: 299.3852980330624 and parameters: {'max_depth': 7, 'n_estimators': 87}. Best is trial 54 with value: 273.3493349474806.
Saved Losses
{'MSE - mean': 418.18165672045103, 'MSE - std': 0.0, 'R2 - mean': 0.5915151657983756, 'R2 - std': 0.0} 
 

Saved Losses
{'MSE - mean': 272.54839937620307, 'MSE - std': 145.633257344248, 'R2 - mean': 0.7353262248065113, 'R2 - std': 0.14381105900813568} 
 

Saved Losses
{'MSE - mean': 268.85348861341254, 'MSE - std': 119.02381481964277, 'R2 - mean': 0.7879767215793527, 'R2 - std': 0.13903919141575982} 
 

Saved Losses
{'MSE - mean': 272.68651334826484, 'MSE - std': 103.29122715177425, 'R2 - mean': 0.7997579102336638, 'R2 - std': 0.12212825954907662} 
 

Saved Losses
{'MSE - mean': 271.94475252629735, 'MSE - std': 92.39839241936822, 'R2 - mean': 0.8146574006127901, 'R2 - std': 0.11322644867088262} 
 

Saving model.....
Results After CV: {'MSE - mean': 271.94475252629735, 'MSE - std': 92.39839241936822, 'R2 - mean': 0.8146574006127901, 'R2 - std': 0.11322644867088262}
Train time: 0.4171264106000052
Inference time: 0.025754607999999735
Finished cross validation
Hyperparam was saved!!! Hurrah!!!
Trial 61 finished with value: 271.94475252629735 and parameters: {'max_depth': 12, 'n_estimators': 60}. Best is trial 61 with value: 271.94475252629735.
Saved Losses
{'MSE - mean': 423.2551796356903, 'MSE - std': 0.0, 'R2 - mean': 0.5865592880511241, 'R2 - std': 0.0} 
 

Saved Losses
{'MSE - mean': 269.29410139854883, 'MSE - std': 153.96107823714146, 'R2 - mean': 0.7383631769201389, 'R2 - std': 0.1518038888690148} 
 

Saved Losses
{'MSE - mean': 274.6649259295733, 'MSE - std': 125.93795001341563, 'R2 - mean': 0.7867437439397736, 'R2 - std': 0.14157791369932504} 
 

Saved Losses
{'MSE - mean': 283.6390064988656, 'MSE - std': 110.16749886594788, 'R2 - mean': 0.7950070615211151, 'R2 - std': 0.12344260402284322} 
 

Saved Losses
{'MSE - mean': 282.5984555337342, 'MSE - std': 98.55878058472034, 'R2 - mean': 0.8099723650939399, 'R2 - std': 0.11439537767960554} 
 

Saving model.....
Results After CV: {'MSE - mean': 282.5984555337342, 'MSE - std': 98.55878058472034, 'R2 - mean': 0.8099723650939399, 'R2 - std': 0.11439537767960554}
Train time: 0.4022760637999994
Inference time: 0.023617387600000938
Finished cross validation
Hyperparam was saved!!! Hurrah!!!
Trial 62 finished with value: 282.5984555337342 and parameters: {'max_depth': 12, 'n_estimators': 57}. Best is trial 61 with value: 271.94475252629735.
Saved Losses
{'MSE - mean': 454.649441439771, 'MSE - std': 0.0, 'R2 - mean': 0.5558929983613901, 'R2 - std': 0.0} 
 

Saved Losses
{'MSE - mean': 284.3669150511907, 'MSE - std': 170.28252638858035, 'R2 - mean': 0.7236245764087186, 'R2 - std': 0.16773157804732847} 
 

Saved Losses
{'MSE - mean': 278.6785579208015, 'MSE - std': 139.26763446402063, 'R2 - mean': 0.7793812948922207, 'R2 - std': 0.15803020226609124} 
 

Saved Losses
{'MSE - mean': 284.5154822097779, 'MSE - std': 121.03228727231746, 'R2 - mean': 0.7907233309497157, 'R2 - std': 0.1382609271160324} 
 

Saved Losses
{'MSE - mean': 283.53746707134104, 'MSE - std': 108.27223884421655, 'R2 - mean': 0.8064341968173858, 'R2 - std': 0.12759385721434854} 
 

Saving model.....
Results After CV: {'MSE - mean': 283.53746707134104, 'MSE - std': 108.27223884421655, 'R2 - mean': 0.8064341968173858, 'R2 - std': 0.12759385721434854}
Train time: 0.4135748313999983
Inference time: 0.027556130799999322
Finished cross validation
Hyperparam was saved!!! Hurrah!!!
Trial 63 finished with value: 283.53746707134104 and parameters: {'max_depth': 10, 'n_estimators': 67}. Best is trial 61 with value: 271.94475252629735.
Saved Losses
{'MSE - mean': 393.23387365009074, 'MSE - std': 0.0, 'R2 - mean': 0.6158844581081209, 'R2 - std': 0.0} 
 

Saved Losses
{'MSE - mean': 253.14568621932216, 'MSE - std': 140.08818743076858, 'R2 - mean': 0.7541092656663412, 'R2 - std': 0.1382248075582203} 
 

Saved Losses
{'MSE - mean': 259.0462533637301, 'MSE - std': 114.68551299245878, 'R2 - mean': 0.7992220231840887, 'R2 - std': 0.1296445913438539} 
 

Saved Losses
{'MSE - mean': 272.3838389191286, 'MSE - std': 101.97180361796246, 'R2 - mean': 0.8040995311390244, 'R2 - std': 0.11259289631272276} 
 

Saved Losses
{'MSE - mean': 271.21270985164807, 'MSE - std': 91.23642452250655, 'R2 - mean': 0.8183597226046985, 'R2 - std': 0.10466680697633213} 
 

Saving model.....
Results After CV: {'MSE - mean': 271.21270985164807, 'MSE - std': 91.23642452250655, 'R2 - mean': 0.8183597226046985, 'R2 - std': 0.10466680697633213}
Train time: 0.31631503899999985
Inference time: 0.017989851199996566
Finished cross validation
Hyperparam was saved!!! Hurrah!!!
Trial 64 finished with value: 271.21270985164807 and parameters: {'max_depth': 12, 'n_estimators': 45}. Best is trial 64 with value: 271.21270985164807.
Saved Losses
{'MSE - mean': 407.16897870280167, 'MSE - std': 0.0, 'R2 - mean': 0.6022724811465296, 'R2 - std': 0.0} 
 

Saved Losses
{'MSE - mean': 259.5457385493068, 'MSE - std': 147.62324015349486, 'R2 - mean': 0.7478437140008141, 'R2 - std': 0.14557123285428442} 
 

Saved Losses
{'MSE - mean': 254.55890528592298, 'MSE - std': 120.74001422176161, 'R2 - mean': 0.7986181512717366, 'R2 - std': 0.13886471660157315} 
 

Saved Losses
{'MSE - mean': 263.9314354373098, 'MSE - std': 105.81656883503341, 'R2 - mean': 0.8065982936090953, 'R2 - std': 0.12105207620193853} 
 

Saved Losses
{'MSE - mean': 267.23646419674776, 'MSE - std': 94.87576008875153, 'R2 - mean': 0.8190564538045768, 'R2 - std': 0.11110223734950192} 
 

Saving model.....
Results After CV: {'MSE - mean': 267.23646419674776, 'MSE - std': 94.87576008875153, 'R2 - mean': 0.8190564538045768, 'R2 - std': 0.11110223734950192}
Train time: 0.24449043040000334
Inference time: 0.016855753599998025
Finished cross validation
Hyperparam was saved!!! Hurrah!!!
Trial 65 finished with value: 267.23646419674776 and parameters: {'max_depth': 11, 'n_estimators': 36}. Best is trial 65 with value: 267.23646419674776.
Saved Losses
{'MSE - mean': 396.6044924359207, 'MSE - std': 0.0, 'R2 - mean': 0.6125919974423796, 'R2 - std': 0.0} 
 

Saved Losses
{'MSE - mean': 254.73299493294476, 'MSE - std': 141.87149750297593, 'R2 - mean': 0.7525563624818128, 'R2 - std': 0.13996436503943316} 
 

Saved Losses
{'MSE - mean': 261.0373050538032, 'MSE - std': 116.18018988346444, 'R2 - mean': 0.7978059923368507, 'R2 - std': 0.13097737842071686} 
 

Saved Losses
{'MSE - mean': 272.6417130928535, 'MSE - std': 102.60294464014525, 'R2 - mean': 0.803754356611444, 'R2 - std': 0.11389668281430555} 
 

Saved Losses
{'MSE - mean': 276.6773252648808, 'MSE - std': 92.12511091702973, 'R2 - mean': 0.8156253679415487, 'R2 - std': 0.10460232848689323} 
 

Saving model.....
Results After CV: {'MSE - mean': 276.6773252648808, 'MSE - std': 92.12511091702973, 'R2 - mean': 0.8156253679415487, 'R2 - std': 0.10460232848689323}
Train time: 0.23312258639999756
Inference time: 0.015691581199999406
Finished cross validation
Hyperparam was saved!!! Hurrah!!!
