Trial 40 finished with value: 614.2796289016053 and parameters: {'max_depth': 9, 'n_estimators': 93}. Best is trial 40 with value: 614.2796289016053.
Saved Losses
{'MSE - mean': 669.7457918251529, 'MSE - std': 0.0, 'R2 - mean': 0.922128016254575, 'R2 - std': 0.0} 
 

Saved Losses
{'MSE - mean': 634.1821097893494, 'MSE - std': 35.56368203580348, 'R2 - mean': 0.921889847096627, 'R2 - std': 0.0002381691579479983} 
 

Saved Losses
{'MSE - mean': 597.3151882970805, 'MSE - std': 59.67850076811644, 'R2 - mean': 0.9291772112163902, 'R2 - std': 0.010307723705708358} 
 

Saved Losses
{'MSE - mean': 609.7479609695391, 'MSE - std': 55.98985711200438, 'R2 - mean': 0.9274065037254977, 'R2 - std': 0.009438913658352019} 
 

Saved Losses
{'MSE - mean': 617.957614534567, 'MSE - std': 52.70184936194594, 'R2 - mean': 0.9256105081445745, 'R2 - std': 0.00917479554794789} 
 

Saving model.....
Results After CV: {'MSE - mean': 617.957614534567, 'MSE - std': 52.70184936194594, 'R2 - mean': 0.9256105081445745, 'R2 - std': 0.00917479554794789}
Train time: 0.8297867040000029
Inference time: 0.03512448079999899
Finished cross validation
Hyperparam was saved!!! Hurrah!!!
Trial 41 finished with value: 617.957614534567 and parameters: {'max_depth': 11, 'n_estimators': 93}. Best is trial 40 with value: 614.2796289016053.
Saved Losses
{'MSE - mean': 651.2777995231825, 'MSE - std': 0.0, 'R2 - mean': 0.9242753073819003, 'R2 - std': 0.0} 
 

Saved Losses
{'MSE - mean': 624.1007291279425, 'MSE - std': 27.177070395240037, 'R2 - mean': 0.9230743999619266, 'R2 - std': 0.0012009074199737513} 
 

Saved Losses
{'MSE - mean': 591.8480250766437, 'MSE - std': 50.72345881430549, 'R2 - mean': 0.9298322226669743, 'R2 - std': 0.009607173769981128} 
 

Saved Losses
{'MSE - mean': 604.5513993839955, 'MSE - std': 49.13022605222745, 'R2 - mean': 0.9280297456017153, 'R2 - std': 0.008886512904245103} 
 

Saved Losses
{'MSE - mean': 613.4994785525952, 'MSE - std': 47.447821581021806, 'R2 - mean': 0.9261468160229089, 'R2 - std': 0.008795327422718673} 
 

Saving model.....
Results After CV: {'MSE - mean': 613.4994785525952, 'MSE - std': 47.447821581021806, 'R2 - mean': 0.9261468160229089, 'R2 - std': 0.008795327422718673}
Train time: 1.0259775643999973
Inference time: 0.03905244159999768
Finished cross validation
Hyperparam was saved!!! Hurrah!!!
Trial 42 finished with value: 613.4994785525952 and parameters: {'max_depth': 9, 'n_estimators': 99}. Best is trial 42 with value: 613.4994785525952.
Saved Losses
{'MSE - mean': 657.120760746057, 'MSE - std': 0.0, 'R2 - mean': 0.9235959406924392, 'R2 - std': 0.0} 
 

Saved Losses
{'MSE - mean': 636.0266909167892, 'MSE - std': 21.094069829267767, 'R2 - mean': 0.9215561929390488, 'R2 - std': 0.0020397477533903863} 
 

Saved Losses
{'MSE - mean': 601.8044999977936, 'MSE - std': 51.37077532248968, 'R2 - mean': 0.9286045990198967, 'R2 - std': 0.010106125394665665} 
 

Saved Losses
{'MSE - mean': 614.4607473914245, 'MSE - std': 49.595959635757076, 'R2 - mean': 0.9268150073463555, 'R2 - std': 0.009284839413988482} 
 

Saved Losses
{'MSE - mean': 619.2936112522345, 'MSE - std': 45.4008112498203, 'R2 - mean': 0.9254424277377934, 'R2 - std': 0.008746570383996507} 
 

Saving model.....
Results After CV: {'MSE - mean': 619.2936112522345, 'MSE - std': 45.4008112498203, 'R2 - mean': 0.9254424277377934, 'R2 - std': 0.008746570383996507}
Train time: 0.9128131989999986
Inference time: 0.03463320679999811
Finished cross validation
Hyperparam was saved!!! Hurrah!!!
Trial 43 finished with value: 619.2936112522345 and parameters: {'max_depth': 9, 'n_estimators': 85}. Best is trial 42 with value: 613.4994785525952.
Saved Losses
{'MSE - mean': 659.1341575829605, 'MSE - std': 0.0, 'R2 - mean': 0.9233618411166447, 'R2 - std': 0.0} 
 

Saved Losses
{'MSE - mean': 633.9573347970093, 'MSE - std': 25.17682278595123, 'R2 - mean': 0.9218417430386023, 'R2 - std': 0.0015200980780422646} 
 

Saved Losses
{'MSE - mean': 598.8640305911293, 'MSE - std': 53.718354441503436, 'R2 - mean': 0.9289626522511719, 'R2 - std': 0.01014668228890077} 
 

Saved Losses
{'MSE - mean': 610.3403568396926, 'MSE - std': 50.59016105348581, 'R2 - mean': 0.9273141215947988, 'R2 - std': 0.0092395525367263} 
 

Saved Losses
{'MSE - mean': 617.1062243600011, 'MSE - std': 47.22922156402294, 'R2 - mean': 0.9257027218503808, 'R2 - std': 0.008870281923838796} 
 

Saving model.....
Results After CV: {'MSE - mean': 617.1062243600011, 'MSE - std': 47.22922156402294, 'R2 - mean': 0.9257027218503808, 'R2 - std': 0.008870281923838796}
Train time: 0.7296973773999952
Inference time: 0.028205919000004086
Finished cross validation
Hyperparam was saved!!! Hurrah!!!
Trial 44 finished with value: 617.1062243600011 and parameters: {'max_depth': 9, 'n_estimators': 68}. Best is trial 42 with value: 613.4994785525952.
Saved Losses
{'MSE - mean': 652.8707402097458, 'MSE - std': 0.0, 'R2 - mean': 0.9240900946448207, 'R2 - std': 0.0} 
 

Saved Losses
{'MSE - mean': 634.2104027447275, 'MSE - std': 18.6603374650183, 'R2 - mean': 0.9217628637782234, 'R2 - std': 0.0023272308665973074} 
 

Saved Losses
{'MSE - mean': 596.7837108373834, 'MSE - std': 55.07861046232098, 'R2 - mean': 0.9291516783378818, 'R2 - std': 0.010620726444002615} 
 

Saved Losses
{'MSE - mean': 615.0140094850508, 'MSE - std': 57.203770541761564, 'R2 - mean': 0.9267053184958294, 'R2 - std': 0.010126890049722734} 
 

Saved Losses
{'MSE - mean': 622.7982806433133, 'MSE - std': 53.48080591405701, 'R2 - mean': 0.9249708655070602, 'R2 - std': 0.00969930050799225} 
 

Saving model.....
Results After CV: {'MSE - mean': 622.7982806433133, 'MSE - std': 53.48080591405701, 'R2 - mean': 0.9249708655070602, 'R2 - std': 0.00969930050799225}
Train time: 0.6442910340000083
Inference time: 0.02785572180000031
Finished cross validation
Hyperparam was saved!!! Hurrah!!!
Trial 45 finished with value: 622.7982806433133 and parameters: {'max_depth': 7, 'n_estimators': 81}. Best is trial 42 with value: 613.4994785525952.
Saved Losses
{'MSE - mean': 652.8005752488158, 'MSE - std': 0.0, 'R2 - mean': 0.9240982527919324, 'R2 - std': 0.0} 
 

Saved Losses
{'MSE - mean': 625.8517601811419, 'MSE - std': 26.948815067673877, 'R2 - mean': 0.9228563462778254, 'R2 - std': 0.0012419065141069385} 
 

Saved Losses
{'MSE - mean': 599.0363278277277, 'MSE - std': 43.843972375179696, 'R2 - mean': 0.9290400262824958, 'R2 - std': 0.008803636634568094} 
 

Saved Losses
{'MSE - mean': 611.9979504328804, 'MSE - std': 44.110445666552216, 'R2 - mean': 0.9271881333452051, 'R2 - std': 0.008271428887966949} 
 

Saved Losses
{'MSE - mean': 620.547556968276, 'MSE - std': 42.99963047703775, 'R2 - mean': 0.9253367961523606, 'R2 - std': 0.008273030054665077} 
 

Saving model.....
Results After CV: {'MSE - mean': 620.547556968276, 'MSE - std': 42.99963047703775, 'R2 - mean': 0.9253367961523606, 'R2 - std': 0.008273030054665077}
Train time: 0.6607514930000036
Inference time: 0.027043975000003682
Finished cross validation
Hyperparam was saved!!! Hurrah!!!
Trial 46 finished with value: 620.547556968276 and parameters: {'max_depth': 9, 'n_estimators': 69}. Best is trial 42 with value: 613.4994785525952.
Saved Losses
{'MSE - mean': 833.7035179252872, 'MSE - std': 0.0, 'R2 - mean': 0.9030644946354056, 'R2 - std': 0.0} 
 

Saved Losses
{'MSE - mean': 748.9122632395342, 'MSE - std': 84.7912546857529, 'R2 - mean': 0.9080715349060201, 'R2 - std': 0.005007040270614493} 
 

Saved Losses
{'MSE - mean': 697.5899392876549, 'MSE - std': 100.3045352203284, 'R2 - mean': 0.9174094730554964, 'R2 - std': 0.013824174934316803} 
 

Saved Losses
{'MSE - mean': 714.0902326631467, 'MSE - std': 91.44686371744233, 'R2 - mean': 0.9150726444664413, 'R2 - std': 0.0126377673275314} 
 

Saved Losses
{'MSE - mean': 730.9083777397558, 'MSE - std': 88.43881004557142, 'R2 - mean': 0.9120486591901514, 'R2 - std': 0.012819847043733783} 
 

Saving model.....
Results After CV: {'MSE - mean': 730.9083777397558, 'MSE - std': 88.43881004557142, 'R2 - mean': 0.9120486591901514, 'R2 - std': 0.012819847043733783}
Train time: 0.44103077200000484
Inference time: 0.031672210800002175
Finished cross validation
Hyperparam was saved!!! Hurrah!!!
Trial 47 finished with value: 730.9083777397558 and parameters: {'max_depth': 4, 'n_estimators': 89}. Best is trial 42 with value: 613.4994785525952.
Saved Losses
{'MSE - mean': 685.2415048037878, 'MSE - std': 0.0, 'R2 - mean': 0.9203263148867953, 'R2 - std': 0.0} 
 

Saved Losses
{'MSE - mean': 659.2777538317437, 'MSE - std': 25.963750972044124, 'R2 - mean': 0.918718484876097, 'R2 - std': 0.0016078300106983634} 
 

Saved Losses
{'MSE - mean': 614.2352257426423, 'MSE - std': 67.13471220618418, 'R2 - mean': 0.9270426002421998, 'R2 - std': 0.011845049802283611} 
 

Saved Losses
{'MSE - mean': 629.241669644796, 'MSE - std': 63.685808961030205, 'R2 - mean': 0.924986369242058, 'R2 - std': 0.010858782684618281} 
 

Saved Losses
{'MSE - mean': 637.371036482272, 'MSE - std': 59.23725374398849, 'R2 - mean': 0.9231957797128075, 'R2 - std': 0.010351587924683799} 
 

Saving model.....
Results After CV: {'MSE - mean': 637.371036482272, 'MSE - std': 59.23725374398849, 'R2 - mean': 0.9231957797128075, 'R2 - std': 0.010351587924683799}
Train time: 0.6653919922
Inference time: 0.03195650659999956
Finished cross validation
Hyperparam was saved!!! Hurrah!!!
Trial 48 finished with value: 637.371036482272 and parameters: {'max_depth': 7, 'n_estimators': 81}. Best is trial 42 with value: 613.4994785525952.
Saved Losses
{'MSE - mean': 647.0951297385849, 'MSE - std': 0.0, 'R2 - mean': 0.9247616303979674, 'R2 - std': 0.0} 
 

Saved Losses
{'MSE - mean': 629.8219185326902, 'MSE - std': 17.273211205894654, 'R2 - mean': 0.922295043382714, 'R2 - std': 0.0024665870152535407} 
 

Saved Losses
{'MSE - mean': 594.3716188388568, 'MSE - std': 52.08029102908491, 'R2 - mean': 0.9294512928229723, 'R2 - std': 0.010318907230820263} 
 

Saved Losses
{'MSE - mean': 609.8050894816546, 'MSE - std': 52.42941525042921, 'R2 - mean': 0.9273393779715713, 'R2 - std': 0.0096561088357273} 
 

Saved Losses
{'MSE - mean': 618.96334516588, 'MSE - std': 50.344507699570805, 'R2 - mean': 0.9254364737084249, 'R2 - std': 0.009438036279689272} 
 

Saving model.....
Results After CV: {'MSE - mean': 618.96334516588, 'MSE - std': 50.344507699570805, 'R2 - mean': 0.9254364737084249, 'R2 - std': 0.009438036279689272}
Train time: 0.6692839448000086
Inference time: 0.025556291600003077
Finished cross validation
Hyperparam was saved!!! Hurrah!!!
Trial 49 finished with value: 618.96334516588 and parameters: {'max_depth': 10, 'n_estimators': 56}. Best is trial 42 with value: 613.4994785525952.
Saved Losses
{'MSE - mean': 739.781094304004, 'MSE - std': 0.0, 'R2 - mean': 0.9139849446551601, 'R2 - std': 0.0} 
 

Saved Losses
{'MSE - mean': 687.5181415719019, 'MSE - std': 52.262952732102065, 'R2 - mean': 0.9154207666977319, 'R2 - std': 0.0014358220425716992} 
 

Saved Losses
{'MSE - mean': 635.5367608390501, 'MSE - std': 85.00042375172418, 'R2 - mean': 0.9245782754505224, 'R2 - std': 0.013003627304467563} 
 

Saved Losses
{'MSE - mean': 653.952631948632, 'MSE - std': 80.22616128579065, 'R2 - mean': 0.9220864375755068, 'R2 - std': 0.01206020357586088} 
 

Saved Losses
{'MSE - mean': 667.8565220514272, 'MSE - std': 76.95623563874065, 'R2 - mean': 0.9195325571832834, 'R2 - std': 0.011935159339702888} 
 

Saving model.....
Results After CV: {'MSE - mean': 667.8565220514272, 'MSE - std': 76.95623563874065, 'R2 - mean': 0.9195325571832834, 'R2 - std': 0.011935159339702888}
Train time: 0.39555914419999566
Inference time: 0.026083653000000595
Finished cross validation
Hyperparam was saved!!! Hurrah!!!
Trial 50 finished with value: 667.8565220514272 and parameters: {'max_depth': 5, 'n_estimators': 66}. Best is trial 42 with value: 613.4994785525952.
Saved Losses
{'MSE - mean': 634.0537598213115, 'MSE - std': 0.0, 'R2 - mean': 0.9262779629507237, 'R2 - std': 0.0} 
 

Saved Losses
{'MSE - mean': 629.6449182774711, 'MSE - std': 4.408841543840367, 'R2 - mean': 0.9222229361005849, 'R2 - std': 0.004055026850138754} 
 

Saved Losses
{'MSE - mean': 604.4207608206804, 'MSE - std': 35.853519046007335, 'R2 - mean': 0.9283109707230245, 'R2 - std': 0.009224450821861675} 
 

Saved Losses
{'MSE - mean': 618.1128034179247, 'MSE - std': 39.070733451537286, 'R2 - mean': 0.9263913236743202, 'R2 - std': 0.008652918819595286} 
 

Saved Losses
{'MSE - mean': 624.3204730008715, 'MSE - std': 37.08582500844536, 'R2 - mean': 0.9248396042577491, 'R2 - std': 0.008338449248502935} 
 

Saving model.....
Results After CV: {'MSE - mean': 624.3204730008715, 'MSE - std': 37.08582500844536, 'R2 - mean': 0.9248396042577491, 'R2 - std': 0.008338449248502935}
Train time: 0.6615506552000057
Inference time: 0.02486780139999496
Finished cross validation
Hyperparam was saved!!! Hurrah!!!
Trial 51 finished with value: 624.3204730008715 and parameters: {'max_depth': 12, 'n_estimators': 49}. Best is trial 42 with value: 613.4994785525952.
Saved Losses
{'MSE - mean': 654.1868984299836, 'MSE - std': 0.0, 'R2 - mean': 0.9239370636698094, 'R2 - std': 0.0} 
 

Saved Losses
{'MSE - mean': 632.398554928335, 'MSE - std': 21.788343501648626, 'R2 - mean': 0.9220096170397813, 'R2 - std': 0.00192744663002814} 
 

Saved Losses
{'MSE - mean': 593.2546630079145, 'MSE - std': 58.14616488688103, 'R2 - mean': 0.9295655403236663, 'R2 - std': 0.010800956146794556} 
 

Saved Losses
{'MSE - mean': 605.2793144448349, 'MSE - std': 54.49320228090441, 'R2 - mean': 0.927869112906303, 'R2 - std': 0.009804544263293415} 
 

Saved Losses
{'MSE - mean': 613.3536479297993, 'MSE - std': 51.34575659942825, 'R2 - mean': 0.9261095807686696, 'R2 - std': 0.009449184300359697} 
 

Saving model.....
Results After CV: {'MSE - mean': 613.3536479297993, 'MSE - std': 51.34575659942825, 'R2 - mean': 0.9261095807686696, 'R2 - std': 0.009449184300359697}
Train time: 1.0634637385999952
Inference time: 0.03985045740000146
Finished cross validation
Hyperparam was saved!!! Hurrah!!!
Trial 52 finished with value: 613.3536479297993 and parameters: {'max_depth': 9, 'n_estimators': 100}. Best is trial 52 with value: 613.3536479297993.
Saved Losses
{'MSE - mean': 649.8441406697733, 'MSE - std': 0.0, 'R2 - mean': 0.9244420002679056, 'R2 - std': 0.0} 
 

Saved Losses
{'MSE - mean': 632.6367742477316, 'MSE - std': 17.207366422041673, 'R2 - mean': 0.9219467125286714, 'R2 - std': 0.002495287739234131} 
 

Saved Losses
{'MSE - mean': 600.2805146203141, 'MSE - std': 47.86701070266082, 'R2 - mean': 0.9287858817285732, 'R2 - std': 0.009884302940731338} 
 

Saved Losses
{'MSE - mean': 613.4408902560252, 'MSE - std': 47.307763589346955, 'R2 - mean': 0.9269361440601226, 'R2 - std': 0.009139976575154234} 
 

Saved Losses
{'MSE - mean': 620.0438885384481, 'MSE - std': 44.326266952351745, 'R2 - mean': 0.925343027801927, 'R2 - std': 0.008774019323206561} 
 

Saving model.....
Results After CV: {'MSE - mean': 620.0438885384481, 'MSE - std': 44.326266952351745, 'R2 - mean': 0.925343027801927, 'R2 - std': 0.008774019323206561}
Train time: 0.9372628776000056
Inference time: 0.032457107600004066
Finished cross validation
Hyperparam was saved!!! Hurrah!!!
Trial 53 finished with value: 620.0438885384481 and parameters: {'max_depth': 9, 'n_estimators': 87}. Best is trial 52 with value: 613.3536479297993.
Saved Losses
{'MSE - mean': 663.3076156816142, 'MSE - std': 0.0, 'R2 - mean': 0.922876589152112, 'R2 - std': 0.0} 
 

Saved Losses
{'MSE - mean': 634.8075800968471, 'MSE - std': 28.500035584767033, 'R2 - mean': 0.9217609504088309, 'R2 - std': 0.0011156387432811332} 
 

Saved Losses
{'MSE - mean': 602.1749235374792, 'MSE - std': 51.684445440241525, 'R2 - mean': 0.9286139973223336, 'R2 - std': 0.009734385986509251} 
 

Saved Losses
{'MSE - mean': 618.0905357830591, 'MSE - std': 52.56787578744202, 'R2 - mean': 0.9264184723377398, 'R2 - std': 0.00924822646644694} 
 

Saved Losses
{'MSE - mean': 625.1704210030105, 'MSE - std': 49.1040156275827, 'R2 - mean': 0.924752554318992, 'R2 - std': 0.008917672656052528} 
 

Saving model.....
Results After CV: {'MSE - mean': 625.1704210030105, 'MSE - std': 49.1040156275827, 'R2 - mean': 0.924752554318992, 'R2 - std': 0.008917672656052528}
Train time: 0.9187888024000017
Inference time: 0.03602447300000335
Finished cross validation
Hyperparam was saved!!! Hurrah!!!
Trial 54 finished with value: 625.1704210030105 and parameters: {'max_depth': 8, 'n_estimators': 96}. Best is trial 52 with value: 613.3536479297993.
Saved Losses
{'MSE - mean': 707.9596165547448, 'MSE - std': 0.0, 'R2 - mean': 0.917684858306417, 'R2 - std': 0.0} 
 

Saved Losses
{'MSE - mean': 669.732312321368, 'MSE - std': 38.227304233376856, 'R2 - mean': 0.9175161389296597, 'R2 - std': 0.0001687193767573314} 
 

Saved Losses
{'MSE - mean': 642.6803684884416, 'MSE - std': 49.37441837207183, 'R2 - mean': 0.9239339416951061, 'R2 - std': 0.00907718911104869} 
 

Saved Losses
{'MSE - mean': 657.9428642776115, 'MSE - std': 50.27132607489662, 'R2 - mean': 0.9217678336921832, 'R2 - std': 0.008710487544293115} 
 

Saved Losses
{'MSE - mean': 667.4156324055017, 'MSE - std': 48.792400271783585, 'R2 - mean': 0.9197330586933763, 'R2 - std': 0.008789727628914772} 
 

Saving model.....
Results After CV: {'MSE - mean': 667.4156324055017, 'MSE - std': 48.792400271783585, 'R2 - mean': 0.9197330586933763, 'R2 - std': 0.008789727628914772}
Train time: 0.1629689419999977
Inference time: 0.011374029400002428
Finished cross validation
Hyperparam was saved!!! Hurrah!!!
Trial 55 finished with value: 667.4156324055017 and parameters: {'max_depth': 10, 'n_estimators': 13}. Best is trial 52 with value: 613.3536479297993.
Saved Losses
{'MSE - mean': 688.4841023044365, 'MSE - std': 0.0, 'R2 - mean': 0.9199492949742472, 'R2 - std': 0.0} 
 

Saved Losses
{'MSE - mean': 657.4471628490037, 'MSE - std': 31.036939455432844, 'R2 - mean': 0.9189817648347127, 'R2 - std': 0.0009675301395344338} 
 

Saved Losses
{'MSE - mean': 611.4121257396231, 'MSE - std': 69.86160383570912, 'R2 - mean': 0.9273902980543033, 'R2 - std': 0.01191767335474997} 
 

Saved Losses
{'MSE - mean': 626.6671076105158, 'MSE - std': 66.01989233190989, 'R2 - mean': 0.9253021948208147, 'R2 - std': 0.010936348978704179} 
 

Saved Losses
{'MSE - mean': 641.1008359272184, 'MSE - std': 65.72846414830579, 'R2 - mean': 0.92272276683365, 'R2 - std': 0.011058787372541188} 
 

Saving model.....
Results After CV: {'MSE - mean': 641.1008359272184, 'MSE - std': 65.72846414830579, 'R2 - mean': 0.92272276683365, 'R2 - std': 0.011058787372541188}
Train time: 0.4800277768000001
Inference time: 0.027849764799992727
Finished cross validation
Hyperparam was saved!!! Hurrah!!!
Trial 56 finished with value: 641.1008359272184 and parameters: {'max_depth': 6, 'n_estimators': 68}. Best is trial 52 with value: 613.3536479297993.
Saved Losses
{'MSE - mean': 654.8427383352071, 'MSE - std': 0.0, 'R2 - mean': 0.9238608085367984, 'R2 - std': 0.0} 
 

Saved Losses
{'MSE - mean': 631.5293170687014, 'MSE - std': 23.313421266505657, 'R2 - mean': 0.9221281757720655, 'R2 - std': 0.0017326327647328998} 
 

Saved Losses
{'MSE - mean': 597.0576355552051, 'MSE - std': 52.33485830211278, 'R2 - mean': 0.9291737736942224, 'R2 - std': 0.010063908006320616} 
 

Saved Losses
{'MSE - mean': 610.0781110653961, 'MSE - std': 50.62411868527803, 'R2 - mean': 0.9273409174913937, 'R2 - std': 0.009275762440387591} 
 

Saved Losses
{'MSE - mean': 615.093607742953, 'MSE - std': 46.377386103781575, 'R2 - mean': 0.9259501314359954, 'R2 - std': 0.008750369048672485} 
 

Saving model.....
Results After CV: {'MSE - mean': 615.093607742953, 'MSE - std': 46.377386103781575, 'R2 - mean': 0.9259501314359954, 'R2 - std': 0.008750369048672485}
Train time: 0.8657604701999901
Inference time: 0.03014976580000166
Finished cross validation
Hyperparam was saved!!! Hurrah!!!
Trial 57 finished with value: 615.093607742953 and parameters: {'max_depth': 9, 'n_estimators': 80}. Best is trial 52 with value: 613.3536479297993.
Saved Losses
{'MSE - mean': 656.3350735699005, 'MSE - std': 0.0, 'R2 - mean': 0.9236872932918245, 'R2 - std': 0.0} 
 

Saved Losses
{'MSE - mean': 635.1789394265417, 'MSE - std': 21.156134143358827, 'R2 - mean': 0.9216614084529972, 'R2 - std': 0.0020258848388273742} 
 

Saved Losses
{'MSE - mean': 595.9785826703079, 'MSE - std': 58.06654757741212, 'R2 - mean': 0.9292399021852976, 'R2 - std': 0.010844504326516145} 
 

Saved Losses
{'MSE - mean': 608.1592158577114, 'MSE - std': 54.533443272987306, 'R2 - mean': 0.9275241125052358, 'R2 - std': 0.009850596847119975} 
 

Saved Losses
{'MSE - mean': 614.4728150088498, 'MSE - std': 50.38415708465831, 'R2 - mean': 0.9259820823901016, 'R2 - std': 0.009334818375282697} 
 

Saving model.....
Results After CV: {'MSE - mean': 614.4728150088498, 'MSE - std': 50.38415708465831, 'R2 - mean': 0.9259820823901016, 'R2 - std': 0.009334818375282697}
Train time: 0.9009659090000014
Inference time: 0.03275376519999895
Finished cross validation
Hyperparam was saved!!! Hurrah!!!
