Trial 144 finished with value: 12515257.619824339 and parameters: {'max_depth': 12, 'n_estimators': 88}. Best is trial 126 with value: 12511461.289126027.
Saved Losses
{'MSE - mean': 12400575.419618176, 'MSE - std': 0.0, 'R2 - mean': 0.5145675206225659, 'R2 - std': 0.0} 
 

Saved Losses
{'MSE - mean': 12461081.23668902, 'MSE - std': 60505.81707084365, 'R2 - mean': 0.5150639964738979, 'R2 - std': 0.0004964758513319456} 
 

Saved Losses
{'MSE - mean': 12517327.453833282, 'MSE - std': 93637.11774194536, 'R2 - mean': 0.5135423741730881, 'R2 - std': 0.002189747557736624} 
 

Saved Losses
{'MSE - mean': 12519899.798839731, 'MSE - std': 81214.42754068278, 'R2 - mean': 0.5140850132945021, 'R2 - std': 0.002116510671654298} 
 

Saved Losses
{'MSE - mean': 12522673.78082862, 'MSE - std': 72851.94916340495, 'R2 - mean': 0.5151504744704264, 'R2 - std': 0.0028503550670379457} 
 

Saving model.....
Results After CV: {'MSE - mean': 12522673.78082862, 'MSE - std': 72851.94916340495, 'R2 - mean': 0.5151504744704264, 'R2 - std': 0.0028503550670379457}
Train time: 72.65970950159972
Inference time: 0.4312798121995002
Finished cross validation
Hyperparam was saved!!! Hurrah!!!
Trial 145 finished with value: 12522673.78082862 and parameters: {'max_depth': 12, 'n_estimators': 88}. Best is trial 126 with value: 12511461.289126027.
Saved Losses
{'MSE - mean': 12446830.953261685, 'MSE - std': 0.0, 'R2 - mean': 0.5127568031661831, 'R2 - std': 0.0} 
 

Saved Losses
{'MSE - mean': 12519181.509680003, 'MSE - std': 72350.55641831737, 'R2 - mean': 0.5128056092280365, 'R2 - std': 4.880606185342362e-05} 
 

Saved Losses
{'MSE - mean': 12577465.131016912, 'MSE - std': 101408.56164536686, 'R2 - mean': 0.5112072098116047, 'R2 - std': 0.002260829363312294} 
 

Saved Losses
{'MSE - mean': 12576096.654713543, 'MSE - std': 87854.37077012888, 'R2 - mean': 0.5119047886202548, 'R2 - std': 0.0023007304579946534} 
 

Saved Losses
{'MSE - mean': 12578098.838049384, 'MSE - std': 78681.30224629922, 'R2 - mean': 0.5130049321307119, 'R2 - std': 0.0030126319865988356} 
 

Saving model.....
Results After CV: {'MSE - mean': 12578098.838049384, 'MSE - std': 78681.30224629922, 'R2 - mean': 0.5130049321307119, 'R2 - std': 0.0030126319865988356}
Train time: 53.70828500180069
Inference time: 0.35225924940023107
Finished cross validation
Hyperparam was saved!!! Hurrah!!!
Trial 146 finished with value: 12578098.838049384 and parameters: {'max_depth': 11, 'n_estimators': 74}. Best is trial 126 with value: 12511461.289126027.
Saved Losses
{'MSE - mean': 12393812.922380853, 'MSE - std': 0.0, 'R2 - mean': 0.5148322450961982, 'R2 - std': 0.0} 
 

Saved Losses
{'MSE - mean': 12458844.215860229, 'MSE - std': 65031.29347937554, 'R2 - mean': 0.5151520904268537, 'R2 - std': 0.00031984533065554377} 
 

Saved Losses
{'MSE - mean': 12518643.788946262, 'MSE - std': 99856.68382041727, 'R2 - mean': 0.5134922845878805, 'R2 - std': 0.0023618026032123486} 
 

Saved Losses
{'MSE - mean': 12520081.262074456, 'MSE - std': 86514.25873629688, 'R2 - mean': 0.5140785959054855, 'R2 - std': 0.002283608227314976} 
 

Saved Losses
{'MSE - mean': 12520301.987599533, 'MSE - std': 77381.96463506481, 'R2 - mean': 0.5152418495769766, 'R2 - std': 0.003095889152673092} 
 

Saving model.....
Results After CV: {'MSE - mean': 12520301.987599533, 'MSE - std': 77381.96463506481, 'R2 - mean': 0.5152418495769766, 'R2 - std': 0.003095889152673092}
Train time: 80.20966197259914
Inference time: 0.46326087820052636
Finished cross validation
Hyperparam was saved!!! Hurrah!!!
Trial 147 finished with value: 12520301.987599533 and parameters: {'max_depth': 12, 'n_estimators': 96}. Best is trial 126 with value: 12511461.289126027.
Saved Losses
{'MSE - mean': 12499573.323717522, 'MSE - std': 0.0, 'R2 - mean': 0.5106921522292502, 'R2 - std': 0.0} 
 

Saved Losses
{'MSE - mean': 12577346.804252243, 'MSE - std': 77773.48053472117, 'R2 - mean': 0.51054322216694, 'R2 - std': 0.00014893006231020411} 
 

Saved Losses
{'MSE - mean': 12634912.989514656, 'MSE - std': 103248.28112042688, 'R2 - mean': 0.5089753097391346, 'R2 - std': 0.0022206948322930084} 
 

Saved Losses
{'MSE - mean': 12637493.166815717, 'MSE - std': 89527.24507353472, 'R2 - mean': 0.5095230197870346, 'R2 - std': 0.0021444283721639115} 
 

Saved Losses
{'MSE - mean': 12640448.497912463, 'MSE - std': 80293.44939614306, 'R2 - mean': 0.5105921395797834, 'R2 - std': 0.0028724426817016736} 
 

Saving model.....
Results After CV: {'MSE - mean': 12640448.497912463, 'MSE - std': 80293.44939614306, 'R2 - mean': 0.5105921395797834, 'R2 - std': 0.0028724426817016736}
Train time: 54.28066250320044
Inference time: 0.34504289999968024
Finished cross validation
Hyperparam was saved!!! Hurrah!!!
Trial 148 finished with value: 12640448.497912463 and parameters: {'max_depth': 10, 'n_estimators': 81}. Best is trial 126 with value: 12511461.289126027.
Saved Losses
{'MSE - mean': 12443166.243635785, 'MSE - std': 0.0, 'R2 - mean': 0.5129002617573937, 'R2 - std': 0.0} 
 

Saved Losses
{'MSE - mean': 12520669.354942836, 'MSE - std': 77503.1113070501, 'R2 - mean': 0.5127488854649687, 'R2 - std': 0.000151376292425065} 
 

Saved Losses
{'MSE - mean': 12576861.113420801, 'MSE - std': 101585.0166931177, 'R2 - mean': 0.5112312477025066, 'R2 - std': 0.0021498198243978524} 
 

Saved Losses
{'MSE - mean': 12575173.016481705, 'MSE - std': 88023.7793225962, 'R2 - mean': 0.5119410102528201, 'R2 - std': 0.002231049661373122} 
 

Saved Losses
{'MSE - mean': 12577951.331123326, 'MSE - std': 78926.70466944562, 'R2 - mean': 0.5130112329938651, 'R2 - std': 0.002926358305985502} 
 

Saving model.....
Results After CV: {'MSE - mean': 12577951.331123326, 'MSE - std': 78926.70466944562, 'R2 - mean': 0.5130112329938651, 'R2 - std': 0.002926358305985502}
Train time: 63.3526791845994
Inference time: 0.3973195878003025
Finished cross validation
Hyperparam was saved!!! Hurrah!!!
Trial 149 finished with value: 12577951.331123326 and parameters: {'max_depth': 11, 'n_estimators': 89}. Best is trial 126 with value: 12511461.289126027.
Saved Losses
{'MSE - mean': 12397407.458317438, 'MSE - std': 0.0, 'R2 - mean': 0.5146915335217057, 'R2 - std': 0.0} 
 

Saved Losses
{'MSE - mean': 12461630.189805508, 'MSE - std': 64222.73148806859, 'R2 - mean': 0.5150434832378927, 'R2 - std': 0.00035194971618701665} 
 

Saved Losses
{'MSE - mean': 12515626.03847067, 'MSE - std': 92632.65896000966, 'R2 - mean': 0.5136088254244318, 'R2 - std': 0.0020491620609244103} 
 

Saved Losses
{'MSE - mean': 12515246.641510844, 'MSE - std': 80224.92727114478, 'R2 - mean': 0.5142654020086855, 'R2 - std': 0.0021077422273418664} 
 

Saved Losses
{'MSE - mean': 12517207.695605332, 'MSE - std': 71862.466539734, 'R2 - mean': 0.5153616394823977, 'R2 - std': 0.0028915408059750785} 
 

Saving model.....
Results After CV: {'MSE - mean': 12517207.695605332, 'MSE - std': 71862.466539734, 'R2 - mean': 0.5153616394823977, 'R2 - std': 0.0028915408059750785}
Train time: 62.35106568279953
Inference time: 0.41331188760013904
Finished cross validation
Hyperparam was saved!!! Hurrah!!!
Trial 150 finished with value: 12517207.695605332 and parameters: {'max_depth': 12, 'n_estimators': 84}. Best is trial 126 with value: 12511461.289126027.
Saved Losses
{'MSE - mean': 12404002.94855763, 'MSE - std': 0.0, 'R2 - mean': 0.5144333466979765, 'R2 - std': 0.0} 
 

Saved Losses
{'MSE - mean': 12463090.896160603, 'MSE - std': 59087.94760297239, 'R2 - mean': 0.5149854618225582, 'R2 - std': 0.0005521151245817535} 
 

Saved Losses
{'MSE - mean': 12518254.893545168, 'MSE - std': 91726.35162723406, 'R2 - mean': 0.5135059987659827, 'R2 - std': 0.0021402903102316767} 
 

Saved Losses
{'MSE - mean': 12520439.325349078, 'MSE - std': 79527.40354148395, 'R2 - mean': 0.5140637643776231, 'R2 - std': 0.002090200801750765} 
 

Saved Losses
{'MSE - mean': 12520888.15024421, 'MSE - std': 71137.13591638327, 'R2 - mean': 0.5152184923686086, 'R2 - std': 0.00297131931067214} 
 

Saving model.....
Results After CV: {'MSE - mean': 12520888.15024421, 'MSE - std': 71137.13591638327, 'R2 - mean': 0.5152184923686086, 'R2 - std': 0.00297131931067214}
Train time: 62.269041228000425
Inference time: 0.40897271360008747
Finished cross validation
Hyperparam was saved!!! Hurrah!!!
Trial 151 finished with value: 12520888.15024421 and parameters: {'max_depth': 12, 'n_estimators': 84}. Best is trial 126 with value: 12511461.289126027.
Saved Losses
{'MSE - mean': 12392557.61156447, 'MSE - std': 0.0, 'R2 - mean': 0.5148813854482679, 'R2 - std': 0.0} 
 

Saved Losses
{'MSE - mean': 12454896.56959414, 'MSE - std': 62338.95802966878, 'R2 - mean': 0.5153051055672673, 'R2 - std': 0.0004237201189993267} 
 

Saved Losses
{'MSE - mean': 12510378.966391856, 'MSE - std': 93527.30350538436, 'R2 - mean': 0.5138126182207916, 'R2 - std': 0.0021388617186740943} 
 

Saved Losses
{'MSE - mean': 12515873.275746912, 'MSE - std': 81554.15183550364, 'R2 - mean': 0.5142418932135435, 'R2 - std': 0.0019959654673650036} 
 

Saved Losses
{'MSE - mean': 12518185.36753846, 'MSE - std': 73090.67532248473, 'R2 - mean': 0.5153245669972707, 'R2 - std': 0.0028063913849303915} 
 

Saving model.....
Results After CV: {'MSE - mean': 12518185.36753846, 'MSE - std': 73090.67532248473, 'R2 - mean': 0.5153245669972707, 'R2 - std': 0.0028063913849303915}
Train time: 78.17194542920042
Inference time: 0.4676411891989119
Finished cross validation
Hyperparam was saved!!! Hurrah!!!
Trial 152 finished with value: 12518185.36753846 and parameters: {'max_depth': 12, 'n_estimators': 100}. Best is trial 126 with value: 12511461.289126027.
Saved Losses
{'MSE - mean': 12397111.520032587, 'MSE - std': 0.0, 'R2 - mean': 0.5147031183111608, 'R2 - std': 0.0} 
 

Saved Losses
{'MSE - mean': 12463417.244309273, 'MSE - std': 66305.72427668516, 'R2 - mean': 0.5149744127628277, 'R2 - std': 0.0002712944516670146} 
 

Saved Losses
{'MSE - mean': 12519008.057231849, 'MSE - std': 95454.9265920301, 'R2 - mean': 0.5134778742502718, 'R2 - std': 0.0021279854695923387} 
 

Saved Losses
{'MSE - mean': 12522665.623293212, 'MSE - std': 82908.77894708789, 'R2 - mean': 0.5139784443512805, 'R2 - std': 0.0020366523751412587} 
 

Saved Losses
{'MSE - mean': 12518360.454120876, 'MSE - std': 74654.07174164985, 'R2 - mean': 0.5153154479924343, 'R2 - std': 0.003235533536152817} 
 

Saving model.....
Results After CV: {'MSE - mean': 12518360.454120876, 'MSE - std': 74654.07174164985, 'R2 - mean': 0.5153154479924343, 'R2 - std': 0.003235533536152817}
Train time: 56.665897135399426
Inference time: 0.3783306665995042
Finished cross validation
Hyperparam was saved!!! Hurrah!!!
Trial 153 finished with value: 12518360.454120876 and parameters: {'max_depth': 12, 'n_estimators': 78}. Best is trial 126 with value: 12511461.289126027.
Saved Losses
{'MSE - mean': 12435262.535234317, 'MSE - std': 0.0, 'R2 - mean': 0.5132096600422127, 'R2 - std': 0.0} 
 

Saved Losses
{'MSE - mean': 12509669.193403693, 'MSE - std': 74406.65816937573, 'R2 - mean': 0.513176271980254, 'R2 - std': 3.3388061958739e-05} 
 

Saved Losses
{'MSE - mean': 12572287.056152722, 'MSE - std': 107391.31245342059, 'R2 - mean': 0.5114092250932344, 'R2 - std': 0.00249913036414114} 
 

Saved Losses
{'MSE - mean': 12572404.507260513, 'MSE - std': 93003.82721769746, 'R2 - mean': 0.5120489006888206, 'R2 - std': 0.0024314181120274414} 
 

Saved Losses
{'MSE - mean': 12574295.013373952, 'MSE - std': 83271.03671248037, 'R2 - mean': 0.5131528177900508, 'R2 - std': 0.003099026797875499} 
 

Saving model.....
Results After CV: {'MSE - mean': 12574295.013373952, 'MSE - std': 83271.03671248037, 'R2 - mean': 0.5131528177900508, 'R2 - std': 0.003099026797875499}
Train time: 66.80991140940023
Inference time: 0.4031198830001813
Finished cross validation
Hyperparam was saved!!! Hurrah!!!
Trial 154 finished with value: 12574295.013373952 and parameters: {'max_depth': 11, 'n_estimators': 92}. Best is trial 126 with value: 12511461.289126027.
Saved Losses
{'MSE - mean': 13140040.080033723, 'MSE - std': 0.0, 'R2 - mean': 0.48562046362151545, 'R2 - std': 0.0} 
 

Saved Losses
{'MSE - mean': 13247529.214778218, 'MSE - std': 107489.13474449608, 'R2 - mean': 0.4844684276307511, 'R2 - std': 0.0011520359907643551} 
 

Saved Losses
{'MSE - mean': 13310267.65115281, 'MSE - std': 124799.16742325544, 'R2 - mean': 0.48273344026951986, 'R2 - std': 0.0026277658894852045} 
 

Saved Losses
{'MSE - mean': 13308575.231735421, 'MSE - std': 108118.9945967237, 'R2 - mean': 0.4834798954054498, 'R2 - std': 0.0026173366209421497} 
 

Saved Losses
{'MSE - mean': 13325269.557596454, 'MSE - std': 102306.28356998575, 'R2 - mean': 0.4840845227341248, 'R2 - std': 0.0026348923348369743} 
 

Saving model.....
Results After CV: {'MSE - mean': 13325269.557596454, 'MSE - std': 102306.28356998575, 'R2 - mean': 0.4840845227341248, 'R2 - std': 0.0026348923348369743}
Train time: 40.38966257520078
Inference time: 0.2551053814007901
Finished cross validation
Hyperparam was saved!!! Hurrah!!!
Trial 155 finished with value: 13325269.557596454 and parameters: {'max_depth': 6, 'n_estimators': 74}. Best is trial 126 with value: 12511461.289126027.
Saved Losses
{'MSE - mean': 12394103.644143388, 'MSE - std': 0.0, 'R2 - mean': 0.5148208645125382, 'R2 - std': 0.0} 
 

Saved Losses
{'MSE - mean': 12464709.849033505, 'MSE - std': 70606.20489011705, 'R2 - mean': 0.5149250922452638, 'R2 - std': 0.00010422773272567021} 
 

Saved Losses
{'MSE - mean': 12519744.662343403, 'MSE - std': 96856.34791501262, 'R2 - mean': 0.5134498436905546, 'R2 - std': 0.002088051454472078} 
 

Saved Losses
{'MSE - mean': 12519217.317888677, 'MSE - std': 83885.03069736142, 'R2 - mean': 0.5141120810121856, 'R2 - std': 0.0021414116764124015} 
 

Saved Losses
{'MSE - mean': 12518052.698580433, 'MSE - std': 75065.19867828468, 'R2 - mean': 0.5153283818466093, 'R2 - std': 0.003096137279511245} 
 

Saving model.....
Results After CV: {'MSE - mean': 12518052.698580433, 'MSE - std': 75065.19867828468, 'R2 - mean': 0.5153283818466093, 'R2 - std': 0.003096137279511245}
Train time: 70.64197993919952
Inference time: 0.4199665730004199
Finished cross validation
Hyperparam was saved!!! Hurrah!!!
Trial 156 finished with value: 12518052.698580433 and parameters: {'max_depth': 12, 'n_estimators': 85}. Best is trial 126 with value: 12511461.289126027.
Saved Losses
{'MSE - mean': 12395877.396763733, 'MSE - std': 0.0, 'R2 - mean': 0.5147514292562569, 'R2 - std': 0.0} 
 

Saved Losses
{'MSE - mean': 12453266.667248476, 'MSE - std': 57389.27048474271, 'R2 - mean': 0.5153674042056409, 'R2 - std': 0.0006159749493839239} 
 

Saved Losses
{'MSE - mean': 12508532.10399883, 'MSE - std': 91127.50724266548, 'R2 - mean': 0.5138836164931532, 'R2 - std': 0.0021578234505255905} 
 

Saved Losses
{'MSE - mean': 12512334.667344997, 'MSE - std': 79193.08932098409, 'R2 - mean': 0.5143783894839316, 'R2 - std': 0.0020558580860409806} 
 

Saved Losses
{'MSE - mean': 12514066.989009675, 'MSE - std': 70917.13523797142, 'R2 - mean': 0.5154831308613936, 'R2 - std': 0.0028745531861942538} 
 

Saving model.....
Results After CV: {'MSE - mean': 12514066.989009675, 'MSE - std': 70917.13523797142, 'R2 - mean': 0.5154831308613936, 'R2 - std': 0.0028745531861942538}
Train time: 73.06623065639943
Inference time: 0.4364601206005318
Finished cross validation
Hyperparam was saved!!! Hurrah!!!
Trial 157 finished with value: 12514066.989009675 and parameters: {'max_depth': 12, 'n_estimators': 94}. Best is trial 126 with value: 12511461.289126027.
Saved Losses
{'MSE - mean': 12442621.734933577, 'MSE - std': 0.0, 'R2 - mean': 0.5129215770754665, 'R2 - std': 0.0} 
 

Saved Losses
{'MSE - mean': 12514215.526443541, 'MSE - std': 71593.79150996357, 'R2 - mean': 0.5129986980208866, 'R2 - std': 7.712094542011716e-05} 
 

Saved Losses
{'MSE - mean': 12575127.644996917, 'MSE - std': 104104.20914562304, 'R2 - mean': 0.5112982180094892, 'R2 - std': 0.002405666151361491} 
 

Saved Losses
{'MSE - mean': 12576086.820137061, 'MSE - std': 90172.19539428514, 'R2 - mean': 0.5119056538240326, 'R2 - std': 0.0023339573754087998} 
 

Saved Losses
{'MSE - mean': 12573060.651226068, 'MSE - std': 80879.23497963851, 'R2 - mean': 0.5131985039680949, 'R2 - std': 0.003323211038165723} 
 

Saving model.....
Results After CV: {'MSE - mean': 12573060.651226068, 'MSE - std': 80879.23497963851, 'R2 - mean': 0.5131985039680949, 'R2 - std': 0.003323211038165723}
Train time: 74.62556732459998
Inference time: 0.42866003080052906
Finished cross validation
Hyperparam was saved!!! Hurrah!!!
Trial 158 finished with value: 12573060.651226068 and parameters: {'max_depth': 11, 'n_estimators': 93}. Best is trial 126 with value: 12511461.289126027.
Saved Losses
{'MSE - mean': 12437332.298284464, 'MSE - std': 0.0, 'R2 - mean': 0.5131286371722928, 'R2 - std': 0.0} 
 

Saved Losses
{'MSE - mean': 12509401.606018517, 'MSE - std': 72069.30773405451, 'R2 - mean': 0.5131861509168165, 'R2 - std': 5.751374452372948e-05} 
 

Saved Losses
{'MSE - mean': 12569515.589446222, 'MSE - std': 103392.64360647893, 'R2 - mean': 0.5115163122883158, 'R2 - std': 0.0023619752985596246} 
 

Saved Losses
{'MSE - mean': 12570324.521341164, 'MSE - std': 89551.61738564099, 'R2 - mean': 0.512129269660234, 'R2 - std': 0.0023046356984609564} 
 

Saved Losses
{'MSE - mean': 12573171.122221379, 'MSE - std': 80299.47874919459, 'R2 - mean': 0.5131964037750694, 'R2 - std': 0.0029671834183749} 
 

Saving model.....
Results After CV: {'MSE - mean': 12573171.122221379, 'MSE - std': 80299.47874919459, 'R2 - mean': 0.5131964037750694, 'R2 - std': 0.0029671834183749}
Train time: 70.06440074619968
Inference time: 0.39555939659985595
Finished cross validation
Hyperparam was saved!!! Hurrah!!!
Trial 159 finished with value: 12573171.122221379 and parameters: {'max_depth': 11, 'n_estimators': 88}. Best is trial 126 with value: 12511461.289126027.
Saved Losses
{'MSE - mean': 12398283.978965646, 'MSE - std': 0.0, 'R2 - mean': 0.5146572212759359, 'R2 - std': 0.0} 
 

Saved Losses
{'MSE - mean': 12464975.312252365, 'MSE - std': 66691.33328672033, 'R2 - mean': 0.5149138654192406, 'R2 - std': 0.0002566441433046185} 
 

Saved Losses
{'MSE - mean': 12518344.803623566, 'MSE - std': 93068.58318187478, 'R2 - mean': 0.5135034733695135, 'R2 - std': 0.002005572805641314} 
 

Saved Losses
{'MSE - mean': 12518822.747105718, 'MSE - std': 80604.0084085621, 'R2 - mean': 0.5141269700748542, 'R2 - std': 0.0020452349825283572} 
 

Saved Losses
{'MSE - mean': 12521032.21356162, 'MSE - std': 72229.71622054922, 'R2 - mean': 0.515213944925556, 'R2 - std': 0.002841205063215149} 
 

Saving model.....
Results After CV: {'MSE - mean': 12521032.21356162, 'MSE - std': 72229.71622054922, 'R2 - mean': 0.515213944925556, 'R2 - std': 0.002841205063215149}
Train time: 62.25836124019916
Inference time: 0.40644173780092385
Finished cross validation
Hyperparam was saved!!! Hurrah!!!
Trial 160 finished with value: 12521032.21356162 and parameters: {'max_depth': 12, 'n_estimators': 79}. Best is trial 126 with value: 12511461.289126027.
Saved Losses
{'MSE - mean': 12401388.738712743, 'MSE - std': 0.0, 'R2 - mean': 0.5145356824625418, 'R2 - std': 0.0} 
 

Saved Losses
{'MSE - mean': 12461101.925238367, 'MSE - std': 59713.18652562518, 'R2 - mean': 0.5150630099744871, 'R2 - std': 0.0005273275119452858} 
 

Saved Losses
{'MSE - mean': 12516838.073942536, 'MSE - std': 92683.0421819944, 'R2 - mean': 0.5135612182305084, 'R2 - std': 0.0021670578567421325} 
 

Saved Losses
{'MSE - mean': 12520978.264127625, 'MSE - std': 80585.56480777504, 'R2 - mean': 0.5140432668300953, 'R2 - std': 0.0020540733611392266} 
 

Saved Losses
{'MSE - mean': 12523420.008432303, 'MSE - std': 72243.16621873785, 'R2 - mean': 0.5151215460192561, 'R2 - std': 0.0028330404051941857} 
 

Saving model.....
Results After CV: {'MSE - mean': 12523420.008432303, 'MSE - std': 72243.16621873785, 'R2 - mean': 0.5151215460192561, 'R2 - std': 0.0028330404051941857}
Train time: 68.53048943999966
Inference time: 0.41896630360060955
Finished cross validation
Hyperparam was saved!!! Hurrah!!!
Trial 161 finished with value: 12523420.008432303 and parameters: {'max_depth': 12, 'n_estimators': 83}. Best is trial 126 with value: 12511461.289126027.
Saved Losses
{'MSE - mean': 12399725.505848473, 'MSE - std': 0.0, 'R2 - mean': 0.5146007913164268, 'R2 - std': 0.0} 
 

Saved Losses
{'MSE - mean': 12458274.063773446, 'MSE - std': 58548.55792497285, 'R2 - mean': 0.5151727958255816, 'R2 - std': 0.0005720045091548442} 
 

Saved Losses
{'MSE - mean': 12516924.259290716, 'MSE - std': 95733.90182422615, 'R2 - mean': 0.5135580011443895, 'R2 - std': 0.0023309332531145123} 
 

Saved Losses
{'MSE - mean': 12516785.247796467, 'MSE - std': 82908.3406024661, 'R2 - mean': 0.5142054445721402, 'R2 - std': 0.002309217692048301} 
 

Saved Losses
{'MSE - mean': 12516375.290773902, 'MSE - std': 74160.00682446724, 'R2 - mean': 0.5153927871367854, 'R2 - std': 0.0031472398292293254} 
 

Saving model.....
Results After CV: {'MSE - mean': 12516375.290773902, 'MSE - std': 74160.00682446724, 'R2 - mean': 0.5153927871367854, 'R2 - std': 0.0031472398292293254}
Train time: 73.13322616799996
Inference time: 0.461803647200577
Finished cross validation
Hyperparam was saved!!! Hurrah!!!
