Trial 70 finished with value: 10.967082480700316 and parameters: {'max_depth': 12, 'n_estimators': 78}. Best is trial 60 with value: 10.706708559822587.
Saved Losses
{'MSE - mean': 11.591044879265967, 'MSE - std': 0.0, 'R2 - mean': 0.8447661589202544, 'R2 - std': 0.0} 
 

Saved Losses
{'MSE - mean': 11.346653214462524, 'MSE - std': 0.24439166480344188, 'R2 - mean': 0.853459285113469, 'R2 - std': 0.008693126193214551} 
 

Saved Losses
{'MSE - mean': 10.997902412430783, 'MSE - std': 0.5320455190919591, 'R2 - mean': 0.8663286983670192, 'R2 - std': 0.019535196193590714} 
 

Saved Losses
{'MSE - mean': 10.67325682337323, 'MSE - std': 0.726972214924995, 'R2 - mean': 0.8676106549955374, 'R2 - std': 0.017063064089833484} 
 

Saved Losses
{'MSE - mean': 11.320125035792092, 'MSE - std': 1.4479450327862118, 'R2 - mean': 0.8636149506227758, 'R2 - std': 0.01722733695743589} 
 

Saving model.....
Results After CV: {'MSE - mean': 11.320125035792092, 'MSE - std': 1.4479450327862118, 'R2 - mean': 0.8636149506227758, 'R2 - std': 0.01722733695743589}
Train time: 0.5327715984000065
Inference time: 0.025443606199996794
Finished cross validation
Hyperparam was saved!!! Hurrah!!!
Trial 71 finished with value: 11.320125035792092 and parameters: {'max_depth': 12, 'n_estimators': 79}. Best is trial 60 with value: 10.706708559822587.
Saved Losses
{'MSE - mean': 12.420939076364455, 'MSE - std': 0.0, 'R2 - mean': 0.8336517455738066, 'R2 - std': 0.0} 
 

Saved Losses
{'MSE - mean': 11.210767284920653, 'MSE - std': 1.210171791443802, 'R2 - mean': 0.8547413160456075, 'R2 - std': 0.021089570471800934} 
 

Saved Losses
{'MSE - mean': 10.7380714694864, 'MSE - std': 1.1929905745907254, 'R2 - mean': 0.8689567658681047, 'R2 - std': 0.026470197375575065} 
 

Saved Losses
{'MSE - mean': 10.658678662941712, 'MSE - std': 1.042271335348842, 'R2 - mean': 0.8671922853604335, 'R2 - std': 0.023126687748406156} 
 

Saved Losses
{'MSE - mean': 11.101813683744892, 'MSE - std': 1.286288542995243, 'R2 - mean': 0.8655442433271855, 'R2 - std': 0.020946100332597282} 
 

Saving model.....
Results After CV: {'MSE - mean': 11.101813683744892, 'MSE - std': 1.286288542995243, 'R2 - mean': 0.8655442433271855, 'R2 - std': 0.020946100332597282}
Train time: 0.4484019980000028
Inference time: 0.022736169599994582
Finished cross validation
Hyperparam was saved!!! Hurrah!!!
Trial 72 finished with value: 11.101813683744892 and parameters: {'max_depth': 12, 'n_estimators': 65}. Best is trial 60 with value: 10.706708559822587.
Saved Losses
{'MSE - mean': 12.751622684418207, 'MSE - std': 0.0, 'R2 - mean': 0.82922304331314, 'R2 - std': 0.0} 
 

Saved Losses
{'MSE - mean': 11.306489347241923, 'MSE - std': 1.4451333371762836, 'R2 - mean': 0.853391375601029, 'R2 - std': 0.02416833228788895} 
 

Saved Losses
{'MSE - mean': 10.92926360212347, 'MSE - std': 1.2949409640491418, 'R2 - mean': 0.8667220846274665, 'R2 - std': 0.027291411286586645} 
 

Saved Losses
{'MSE - mean': 10.669136840860503, 'MSE - std': 1.2085743134184477, 'R2 - mean': 0.8672780520830602, 'R2 - std': 0.023654664380313238} 
 

Saved Losses
{'MSE - mean': 11.19817944767801, 'MSE - std': 1.5126353877114433, 'R2 - mean': 0.8646487611230456, 'R2 - std': 0.021801082573254634} 
 

Saving model.....
Results After CV: {'MSE - mean': 11.19817944767801, 'MSE - std': 1.5126353877114433, 'R2 - mean': 0.8646487611230456, 'R2 - std': 0.021801082573254634}
Train time: 0.3161121057999992
Inference time: 0.016080039600001327
Finished cross validation
Hyperparam was saved!!! Hurrah!!!
Trial 73 finished with value: 11.19817944767801 and parameters: {'max_depth': 11, 'n_estimators': 48}. Best is trial 60 with value: 10.706708559822587.
Saved Losses
{'MSE - mean': 12.265146948464658, 'MSE - std': 0.0, 'R2 - mean': 0.8357382020301294, 'R2 - std': 0.0} 
 

Saved Losses
{'MSE - mean': 11.772284519544367, 'MSE - std': 0.492862428920291, 'R2 - mean': 0.8478454787966528, 'R2 - std': 0.012107276766523456} 
 

Saved Losses
{'MSE - mean': 10.99715396949213, 'MSE - std': 1.1677315566841737, 'R2 - mean': 0.8655673142134134, 'R2 - std': 0.026941622103076206} 
 

Saved Losses
{'MSE - mean': 10.543798056000947, 'MSE - std': 1.2803485831012211, 'R2 - mean': 0.8687478731451475, 'R2 - std': 0.023973654634064964} 
 

Saved Losses
{'MSE - mean': 10.98410434312849, 'MSE - std': 1.4446150010766239, 'R2 - mean': 0.867071424541663, 'R2 - std': 0.02170324429414276} 
 

Saving model.....
Results After CV: {'MSE - mean': 10.98410434312849, 'MSE - std': 1.4446150010766239, 'R2 - mean': 0.867071424541663, 'R2 - std': 0.02170324429414276}
Train time: 0.5327617715999964
Inference time: 0.02531414479999512
Finished cross validation
Hyperparam was saved!!! Hurrah!!!
Trial 74 finished with value: 10.98410434312849 and parameters: {'max_depth': 10, 'n_estimators': 82}. Best is trial 60 with value: 10.706708559822587.
Saved Losses
{'MSE - mean': 12.468611477452178, 'MSE - std': 0.0, 'R2 - mean': 0.8330132897649106, 'R2 - std': 0.0} 
 

Saved Losses
{'MSE - mean': 11.582708308550746, 'MSE - std': 0.8859031689014314, 'R2 - mean': 0.8500999587929796, 'R2 - std': 0.017086669028069046} 
 

Saved Losses
{'MSE - mean': 10.779673192596965, 'MSE - std': 1.346457232155139, 'R2 - mean': 0.8680248545505579, 'R2 - std': 0.0289350988966101} 
 

Saved Losses
{'MSE - mean': 10.520287696819294, 'MSE - std': 1.2496210684750169, 'R2 - mean': 0.868740929860091, 'R2 - std': 0.025089205899434606} 
 

Saved Losses
{'MSE - mean': 10.828659020524602, 'MSE - std': 1.2765632553682453, 'R2 - mean': 0.8685628281783737, 'R2 - std': 0.02244329483314563} 
 

Saving model.....
Results After CV: {'MSE - mean': 10.828659020524602, 'MSE - std': 1.2765632553682453, 'R2 - mean': 0.8685628281783737, 'R2 - std': 0.02244329483314563}
Train time: 0.5275257907999957
Inference time: 0.02631795439999678
Finished cross validation
Hyperparam was saved!!! Hurrah!!!
Trial 75 finished with value: 10.828659020524602 and parameters: {'max_depth': 10, 'n_estimators': 82}. Best is trial 60 with value: 10.706708559822587.
Saved Losses
{'MSE - mean': 12.886874129355526, 'MSE - std': 0.0, 'R2 - mean': 0.8274116793224128, 'R2 - std': 0.0} 
 

Saved Losses
{'MSE - mean': 11.633304048266126, 'MSE - std': 1.253570081089399, 'R2 - mean': 0.8492675586743312, 'R2 - std': 0.021855879351918517} 
 

Saved Losses
{'MSE - mean': 11.453722800271436, 'MSE - std': 1.0545729695304715, 'R2 - mean': 0.8607603543758701, 'R2 - std': 0.024137557475955047} 
 

Saved Losses
{'MSE - mean': 11.100623302463301, 'MSE - std': 1.099150070329484, 'R2 - mean': 0.8623012639788735, 'R2 - std': 0.021073430377910932} 
 

Saved Losses
{'MSE - mean': 11.522886969176223, 'MSE - std': 1.2960444122743686, 'R2 - mean': 0.8608917220125629, 'R2 - std': 0.01905830025299449} 
 

Saving model.....
Results After CV: {'MSE - mean': 11.522886969176223, 'MSE - std': 1.2960444122743686, 'R2 - mean': 0.8608917220125629, 'R2 - std': 0.01905830025299449}
Train time: 0.5200595980000002
Inference time: 0.02632122080000272
Finished cross validation
Hyperparam was saved!!! Hurrah!!!
Trial 76 finished with value: 11.522886969176223 and parameters: {'max_depth': 10, 'n_estimators': 84}. Best is trial 60 with value: 10.706708559822587.
Saved Losses
{'MSE - mean': 12.745768457831776, 'MSE - std': 0.0, 'R2 - mean': 0.8293014464328785, 'R2 - std': 0.0} 
 

Saved Losses
{'MSE - mean': 12.179047702955373, 'MSE - std': 0.5667207548764024, 'R2 - mean': 0.842560399017571, 'R2 - std': 0.013258952584692507} 
 

Saved Losses
{'MSE - mean': 11.420243261914834, 'MSE - std': 1.1686245342955428, 'R2 - mean': 0.860452102606983, 'R2 - std': 0.027521373459395312} 
 

Saved Losses
{'MSE - mean': 11.049150776466234, 'MSE - std': 1.1989125801689486, 'R2 - mean': 0.8624194579121208, 'R2 - std': 0.024076564508014684} 
 

Saved Losses
{'MSE - mean': 11.592787458593943, 'MSE - std': 1.5271137706566547, 'R2 - mean': 0.8597693311562778, 'R2 - std': 0.022177408642467915} 
 

Saving model.....
Results After CV: {'MSE - mean': 11.592787458593943, 'MSE - std': 1.5271137706566547, 'R2 - mean': 0.8597693311562778, 'R2 - std': 0.022177408642467915}
Train time: 0.6062559326000041
Inference time: 0.031459590200000775
Finished cross validation
Hyperparam was saved!!! Hurrah!!!
Trial 77 finished with value: 11.592787458593943 and parameters: {'max_depth': 9, 'n_estimators': 97}. Best is trial 60 with value: 10.706708559822587.
Saved Losses
{'MSE - mean': 13.048923694993102, 'MSE - std': 0.0, 'R2 - mean': 0.8252414197141333, 'R2 - std': 0.0} 
 

Saved Losses
{'MSE - mean': 11.844610782229232, 'MSE - std': 1.2043129127638705, 'R2 - mean': 0.8465648257597644, 'R2 - std': 0.021323406045631044} 
 

Saved Losses
{'MSE - mean': 10.90200742137172, 'MSE - std': 1.6564767589776055, 'R2 - mean': 0.866215781965019, 'R2 - std': 0.03279398201631267} 
 

Saved Losses
{'MSE - mean': 10.699893234486652, 'MSE - std': 1.4766471729547823, 'R2 - mean': 0.8662197994962946, 'R2 - std': 0.028400422369858368} 
 

Saved Losses
{'MSE - mean': 11.273671444637877, 'MSE - std': 1.7496500325761313, 'R2 - mean': 0.8632446561883107, 'R2 - std': 0.02608971259790429} 
 

Saving model.....
Results After CV: {'MSE - mean': 11.273671444637877, 'MSE - std': 1.7496500325761313, 'R2 - mean': 0.8632446561883107, 'R2 - std': 0.02608971259790429}
Train time: 0.4452065421999919
Inference time: 0.02514628720001042
Finished cross validation
Hyperparam was saved!!! Hurrah!!!
Trial 78 finished with value: 11.273671444637877 and parameters: {'max_depth': 8, 'n_estimators': 75}. Best is trial 60 with value: 10.706708559822587.
Saved Losses
{'MSE - mean': 12.123756484413844, 'MSE - std': 0.0, 'R2 - mean': 0.8376317832434951, 'R2 - std': 0.0} 
 

Saved Losses
{'MSE - mean': 11.22439429267581, 'MSE - std': 0.8993621917380352, 'R2 - mean': 0.8547172045241145, 'R2 - std': 0.01708542128061946} 
 

Saved Losses
{'MSE - mean': 10.799899699779536, 'MSE - std': 0.9484862782779587, 'R2 - mean': 0.8683880195499967, 'R2 - std': 0.023840933577244938} 
 

Saved Losses
{'MSE - mean': 10.539161744830071, 'MSE - std': 0.9373753295851482, 'R2 - mean': 0.8689642128923792, 'R2 - std': 0.020670959863522825} 
 

Saved Losses
{'MSE - mean': 10.99420627344446, 'MSE - std': 1.2374167038227093, 'R2 - mean': 0.8670931870000915, 'R2 - std': 0.01886355790676674} 
 

Saving model.....
Results After CV: {'MSE - mean': 10.99420627344446, 'MSE - std': 1.2374167038227093, 'R2 - mean': 0.8670931870000915, 'R2 - std': 0.01886355790676674}
Train time: 0.5396010668000087
Inference time: 0.02511132200000361
Finished cross validation
Hyperparam was saved!!! Hurrah!!!
Trial 79 finished with value: 10.99420627344446 and parameters: {'max_depth': 10, 'n_estimators': 82}. Best is trial 60 with value: 10.706708559822587.
Saved Losses
{'MSE - mean': 12.858060443479934, 'MSE - std': 0.0, 'R2 - mean': 0.8277975685309116, 'R2 - std': 0.0} 
 

Saved Losses
{'MSE - mean': 12.27279581183846, 'MSE - std': 0.5852646316414747, 'R2 - mean': 0.8413415857270383, 'R2 - std': 0.013544017196126745} 
 

Saved Losses
{'MSE - mean': 11.510462957310503, 'MSE - std': 1.1792621513270207, 'R2 - mean': 0.8593490871137851, 'R2 - std': 0.027763894063934223} 
 

Saved Losses
{'MSE - mean': 11.04782819577456, 'MSE - std': 1.2981090801271609, 'R2 - mean': 0.8625064741946523, 'R2 - std': 0.02465831786092275} 
 

Saved Losses
{'MSE - mean': 11.728850996142496, 'MSE - std': 1.7897591920732834, 'R2 - mean': 0.8583366771347596, 'R2 - std': 0.023579120888341087} 
 

Saving model.....
Results After CV: {'MSE - mean': 11.728850996142496, 'MSE - std': 1.7897591920732834, 'R2 - mean': 0.8583366771347596, 'R2 - std': 0.023579120888341087}
Train time: 0.34932272959999866
Inference time: 0.020755425600003718
Finished cross validation
Hyperparam was saved!!! Hurrah!!!
Trial 80 finished with value: 11.728850996142496 and parameters: {'max_depth': 7, 'n_estimators': 63}. Best is trial 60 with value: 10.706708559822587.
Saved Losses
{'MSE - mean': 11.891280779653876, 'MSE - std': 0.0, 'R2 - mean': 0.8407452296138188, 'R2 - std': 0.0} 
 

Saved Losses
{'MSE - mean': 11.367293882480883, 'MSE - std': 0.5239868971729935, 'R2 - mean': 0.8530564326623811, 'R2 - std': 0.012311203048562314} 
 

Saved Losses
{'MSE - mean': 11.235106133060874, 'MSE - std': 0.4668926155617668, 'R2 - mean': 0.8637187856661711, 'R2 - std': 0.018122233770247024} 
 

Saved Losses
{'MSE - mean': 11.05690642723, 'MSE - std': 0.5086815716381038, 'R2 - mean': 0.8629264921803095, 'R2 - std': 0.015754196409872127} 
 

Saved Losses
{'MSE - mean': 11.57992198025882, 'MSE - std': 1.1406956771635197, 'R2 - mean': 0.8603838843022551, 'R2 - std': 0.014980493413197014} 
 

Saving model.....
Results After CV: {'MSE - mean': 11.57992198025882, 'MSE - std': 1.1406956771635197, 'R2 - mean': 0.8603838843022551, 'R2 - std': 0.014980493413197014}
Train time: 0.6082869290000076
Inference time: 0.029664831800010914
Finished cross validation
Hyperparam was saved!!! Hurrah!!!
Trial 81 finished with value: 11.57992198025882 and parameters: {'max_depth': 11, 'n_estimators': 90}. Best is trial 60 with value: 10.706708559822587.
Saved Losses
{'MSE - mean': 12.406633270254003, 'MSE - std': 0.0, 'R2 - mean': 0.8338433370356118, 'R2 - std': 0.0} 
 

Saved Losses
{'MSE - mean': 12.022708631169216, 'MSE - std': 0.38392463908478813, 'R2 - mean': 0.844667096714799, 'R2 - std': 0.01082375967918725} 
 

Saved Losses
{'MSE - mean': 11.277960768599497, 'MSE - std': 1.0988922497687936, 'R2 - mean': 0.862255341187112, 'R2 - std': 0.026396878659497424} 
 

Saved Losses
{'MSE - mean': 10.69809182863711, 'MSE - std': 1.3836246221612076, 'R2 - mean': 0.8670101780201087, 'R2 - std': 0.024298597123052997} 
 

Saved Losses
{'MSE - mean': 11.196172889451029, 'MSE - std': 1.5886700880317055, 'R2 - mean': 0.8647102235683093, 'R2 - std': 0.022214783808089573} 
 

Saving model.....
Results After CV: {'MSE - mean': 11.196172889451029, 'MSE - std': 1.5886700880317055, 'R2 - mean': 0.8647102235683093, 'R2 - std': 0.022214783808089573}
Train time: 0.5347340732000021
Inference time: 0.024167775799998025
Finished cross validation
Hyperparam was saved!!! Hurrah!!!
Trial 82 finished with value: 11.196172889451029 and parameters: {'max_depth': 12, 'n_estimators': 75}. Best is trial 60 with value: 10.706708559822587.
Saved Losses
{'MSE - mean': 12.472657289594599, 'MSE - std': 0.0, 'R2 - mean': 0.832959105956143, 'R2 - std': 0.0} 
 

Saved Losses
{'MSE - mean': 11.39223050102507, 'MSE - std': 1.080426788569529, 'R2 - mean': 0.8524629888536011, 'R2 - std': 0.019503882897458136} 
 

Saved Losses
{'MSE - mean': 10.892095495919158, 'MSE - std': 1.1307009965667423, 'R2 - mean': 0.8670915827339352, 'R2 - std': 0.026107326236454488} 
 

Saved Losses
{'MSE - mean': 10.652818267638306, 'MSE - std': 1.063308202568318, 'R2 - mean': 0.8674020059528963, 'R2 - std': 0.022615999870381792} 
 

Saved Losses
{'MSE - mean': 11.49763826208961, 'MSE - std': 1.9389127775684138, 'R2 - mean': 0.8613241092572874, 'R2 - std': 0.02359978968295403} 
 

Saving model.....
Results After CV: {'MSE - mean': 11.49763826208961, 'MSE - std': 1.9389127775684138, 'R2 - mean': 0.8613241092572874, 'R2 - std': 0.02359978968295403}
Train time: 0.6698872444000017
Inference time: 0.02870142239999609
Finished cross validation
Hyperparam was saved!!! Hurrah!!!
Trial 83 finished with value: 11.49763826208961 and parameters: {'max_depth': 12, 'n_estimators': 94}. Best is trial 60 with value: 10.706708559822587.
Saved Losses
{'MSE - mean': 13.84542376280107, 'MSE - std': 0.0, 'R2 - mean': 0.8145742394699016, 'R2 - std': 0.0} 
 

Saved Losses
{'MSE - mean': 12.870988461950425, 'MSE - std': 0.9744353008506454, 'R2 - mean': 0.833432294765987, 'R2 - std': 0.01885805529608542} 
 

Saved Losses
{'MSE - mean': 11.940991947531598, 'MSE - std': 1.5371412223209222, 'R2 - mean': 0.853743703751629, 'R2 - std': 0.03259126932678198} 
 

Saved Losses
{'MSE - mean': 11.73874608287733, 'MSE - std': 1.3765218931524308, 'R2 - mean': 0.8534251136700767, 'R2 - std': 0.028230260823597093} 
 

Saved Losses
{'MSE - mean': 12.058383108641644, 'MSE - std': 1.3872711814278365, 'R2 - mean': 0.8535169313936238, 'R2 - std': 0.025250580645048266} 
 

Saving model.....
Results After CV: {'MSE - mean': 12.058383108641644, 'MSE - std': 1.3872711814278365, 'R2 - mean': 0.8535169313936238, 'R2 - std': 0.025250580645048266}
Train time: 0.04439969100000098
Inference time: 0.00616533440000353
Finished cross validation
Hyperparam was saved!!! Hurrah!!!
Trial 84 finished with value: 12.058383108641644 and parameters: {'max_depth': 10, 'n_estimators': 5}. Best is trial 60 with value: 10.706708559822587.
Saved Losses
{'MSE - mean': 13.068167438857614, 'MSE - std': 0.0, 'R2 - mean': 0.8249836965918471, 'R2 - std': 0.0} 
 

Saved Losses
{'MSE - mean': 11.93961944416743, 'MSE - std': 1.1285479946901829, 'R2 - mean': 0.8453757871296579, 'R2 - std': 0.020392090537810825} 
 

Saved Losses
{'MSE - mean': 11.279901685459203, 'MSE - std': 1.3113105759212176, 'R2 - mean': 0.8621270317316445, 'R2 - std': 0.02895571266202958} 
 

Saved Losses
{'MSE - mean': 10.877422061813354, 'MSE - std': 1.3325243383302394, 'R2 - mean': 0.864556604167918, 'R2 - std': 0.025427021817228505} 
 

Saved Losses
{'MSE - mean': 11.3077107688734, 'MSE - std': 1.470064752141068, 'R2 - mean': 0.8630971404401547, 'R2 - std': 0.02292917112077274} 
 

Saving model.....
Results After CV: {'MSE - mean': 11.3077107688734, 'MSE - std': 1.470064752141068, 'R2 - mean': 0.8630971404401547, 'R2 - std': 0.02292917112077274}
Train time: 0.5057105784000043
Inference time: 0.024850426200003994
Finished cross validation
Hyperparam was saved!!! Hurrah!!!
Trial 85 finished with value: 11.3077107688734 and parameters: {'max_depth': 9, 'n_estimators': 80}. Best is trial 60 with value: 10.706708559822587.
Saved Losses
{'MSE - mean': 12.558719644002256, 'MSE - std': 0.0, 'R2 - mean': 0.8318065101387491, 'R2 - std': 0.0} 
 

Saved Losses
{'MSE - mean': 12.130755921078322, 'MSE - std': 0.42796372292393325, 'R2 - mean': 0.8432513148192335, 'R2 - std': 0.011444804680484477} 
 

Saved Losses
{'MSE - mean': 11.381237034171795, 'MSE - std': 1.1160909860245027, 'R2 - mean': 0.8609840894262079, 'R2 - std': 0.02676237956485049} 
 

Saved Losses
{'MSE - mean': 10.974971376807883, 'MSE - std': 1.1955750373246554, 'R2 - mean': 0.8634138279842921, 'R2 - std': 0.02355588266997801} 
 

Saved Losses
{'MSE - mean': 11.34394485882955, 'MSE - std': 1.2992634288857112, 'R2 - mean': 0.8626409276906484, 'R2 - std': 0.021125652324722993} 
 

Saving model.....
Results After CV: {'MSE - mean': 11.34394485882955, 'MSE - std': 1.2992634288857112, 'R2 - mean': 0.8626409276906484, 'R2 - std': 0.021125652324722993}
Train time: 0.395979847600006
Inference time: 0.02046656860000553
Finished cross validation
Hyperparam was saved!!! Hurrah!!!
Trial 86 finished with value: 11.34394485882955 and parameters: {'max_depth': 11, 'n_estimators': 57}. Best is trial 60 with value: 10.706708559822587.
Saved Losses
{'MSE - mean': 12.248955580082647, 'MSE - std': 0.0, 'R2 - mean': 0.8359550460103277, 'R2 - std': 0.0} 
 

Saved Losses
{'MSE - mean': 11.41575818507736, 'MSE - std': 0.8331973950052873, 'R2 - mean': 0.8522800756613536, 'R2 - std': 0.016325029651025946} 
 

Saved Losses
{'MSE - mean': 10.822950382621856, 'MSE - std': 1.0796546271840708, 'R2 - mean': 0.8678585319709904, 'R2 - std': 0.025749711921762876} 
 

Saved Losses
{'MSE - mean': 10.425542319918643, 'MSE - std': 1.1610512867244696, 'R2 - mean': 0.8703019916934015, 'R2 - std': 0.02269795661035304} 
 

Saved Losses
{'MSE - mean': 10.894643835278586, 'MSE - std': 1.399520274656862, 'R2 - mean': 0.868258362225145, 'R2 - std': 0.020709019123137704} 
 

Saving model.....
Results After CV: {'MSE - mean': 10.894643835278586, 'MSE - std': 1.399520274656862, 'R2 - mean': 0.868258362225145, 'R2 - std': 0.020709019123137704}
Train time: 0.6777817614000015
Inference time: 0.03026797719999763
Finished cross validation
Hyperparam was saved!!! Hurrah!!!
Trial 87 finished with value: 10.894643835278586 and parameters: {'max_depth': 12, 'n_estimators': 99}. Best is trial 60 with value: 10.706708559822587.
Saved Losses
{'MSE - mean': 28.118212735664635, 'MSE - std': 0.0, 'R2 - mean': 0.6234249618804806, 'R2 - std': 0.0} 
 

Saved Losses
{'MSE - mean': 24.394599169577297, 'MSE - std': 3.723613566087339, 'R2 - mean': 0.6833852248847906, 'R2 - std': 0.05996026300431001} 
 

Saved Losses
{'MSE - mean': 24.134442586803903, 'MSE - std': 3.0624981450041355, 'R2 - mean': 0.7064434748310703, 'R2 - std': 0.058823361636350775} 
 

Saved Losses
{'MSE - mean': 23.992717783682032, 'MSE - std': 2.6635369202575596, 'R2 - mean': 0.7017484232167501, 'R2 - std': 0.051587512390442625} 
 

Saved Losses
{'MSE - mean': 24.183328357516864, 'MSE - std': 2.412648483283605, 'R2 - mean': 0.7067389203493988, 'R2 - std': 0.04720844621708231} 
 

Saving model.....
Results After CV: {'MSE - mean': 24.183328357516864, 'MSE - std': 2.412648483283605, 'R2 - mean': 0.7067389203493988, 'R2 - std': 0.04720844621708231}
Train time: 0.3105657944000029
Inference time: 0.021946061399995644
Finished cross validation
Hyperparam was saved!!! Hurrah!!!
