[I 2024-12-05 02:40:24,200] Trial 78 finished with value: 12567207.535147093 and parameters: {'max_depth': 12, 'n_estimators': 10}. Best is trial 54 with value: 12514074.379927227.
[I 2024-12-05 02:40:55,864] Trial 79 finished with value: 12581485.8655265 and parameters: {'max_depth': 11, 'n_estimators': 63}. Best is trial 54 with value: 12514074.379927227.
[I 2024-12-05 02:41:41,915] Trial 80 finished with value: 12638059.377603175 and parameters: {'max_depth': 10, 'n_estimators': 96}. Best is trial 54 with value: 12514074.379927227.
[I 2024-12-05 02:42:22,437] Trial 81 finished with value: 12524521.50716718 and parameters: {'max_depth': 12, 'n_estimators': 76}. Best is trial 54 with value: 12514074.379927227.
[I 2024-12-05 02:42:49,541] Trial 82 finished with value: 12531652.854435723 and parameters: {'max_depth': 12, 'n_estimators': 49}. Best is trial 54 with value: 12514074.379927227.
[I 2024-12-05 02:43:21,636] Trial 83 finished with value: 12735551.89339285 and parameters: {'max_depth': 9, 'n_estimators': 70}. Best is trial 54 with value: 12514074.379927227.
[I 2024-12-05 02:44:01,005] Trial 84 finished with value: 12520690.85566178 and parameters: {'max_depth': 12, 'n_estimators': 77}. Best is trial 54 with value: 12514074.379927227.
[I 2024-12-05 02:44:32,366] Trial 85 finished with value: 12568517.91448662 and parameters: {'max_depth': 11, 'n_estimators': 62}. Best is trial 54 with value: 12514074.379927227.
[I 2024-12-05 02:45:15,806] Trial 86 finished with value: 12512464.445196083 and parameters: {'max_depth': 12, 'n_estimators': 83}. Best is trial 86 with value: 12512464.445196083.
[I 2024-12-05 02:45:56,995] Trial 87 finished with value: 12577775.19649699 and parameters: {'max_depth': 11, 'n_estimators': 82}. Best is trial 86 with value: 12512464.445196083.
[I 2024-12-05 02:46:39,721] Trial 88 finished with value: 12642503.782564346 and parameters: {'max_depth': 10, 'n_estimators': 88}. Best is trial 86 with value: 12512464.445196083.
[I 2024-12-05 02:47:09,824] Trial 89 finished with value: 12521638.834032994 and parameters: {'max_depth': 12, 'n_estimators': 56}. Best is trial 86 with value: 12512464.445196083.
[I 2024-12-05 02:47:56,301] Trial 90 finished with value: 12639107.791587234 and parameters: {'max_depth': 10, 'n_estimators': 95}. Best is trial 86 with value: 12512464.445196083.
[I 2024-12-05 02:48:23,997] Trial 91 finished with value: 12531530.948560676 and parameters: {'max_depth': 12, 'n_estimators': 49}. Best is trial 86 with value: 12512464.445196083.
[I 2024-12-05 02:48:53,200] Trial 92 finished with value: 12585613.222531637 and parameters: {'max_depth': 11, 'n_estimators': 56}. Best is trial 86 with value: 12512464.445196083.
[I 2024-12-05 02:49:29,359] Trial 93 finished with value: 12517218.950550416 and parameters: {'max_depth': 12, 'n_estimators': 68}. Best is trial 86 with value: 12512464.445196083.
[I 2024-12-05 02:50:08,854] Trial 94 finished with value: 12518237.854221445 and parameters: {'max_depth': 12, 'n_estimators': 75}. Best is trial 86 with value: 12512464.445196083.
[I 2024-12-05 02:50:43,429] Trial 95 finished with value: 12573840.96832422 and parameters: {'max_depth': 11, 'n_estimators': 67}. Best is trial 86 with value: 12512464.445196083.
[I 2024-12-05 02:51:23,239] Trial 96 finished with value: 12522133.369744807 and parameters: {'max_depth': 12, 'n_estimators': 76}. Best is trial 86 with value: 12512464.445196083.
[I 2024-12-05 02:52:04,538] Trial 97 finished with value: 12737443.201123487 and parameters: {'max_depth': 9, 'n_estimators': 92}. Best is trial 86 with value: 12512464.445196083.
[I 2024-12-05 02:52:40,368] Trial 98 finished with value: 12854769.826839834 and parameters: {'max_depth': 8, 'n_estimators': 84}. Best is trial 86 with value: 12512464.445196083.
[I 2024-12-05 02:53:17,831] Trial 99 finished with value: 12572295.455392916 and parameters: {'max_depth': 11, 'n_estimators': 74}. Best is trial 86 with value: 12512464.445196083.
