Trial 142 finished with value: 11.509325702854088 and parameters: {'max_depth': 11, 'n_estimators': 86}. Best is trial 121 with value: 10.52889642030585.
Saved Losses
{'MSE - mean': 11.57283954377079, 'MSE - std': 0.0, 'R2 - mean': 0.8450099750892451, 'R2 - std': 0.0} 
 

Saved Losses
{'MSE - mean': 10.724184369090525, 'MSE - std': 0.8486551746802657, 'R2 - mean': 0.8611968531419654, 'R2 - std': 0.016186878052720233} 
 

Saved Losses
{'MSE - mean': 10.696759205803973, 'MSE - std': 0.6940086571292292, 'R2 - mean': 0.8702942493155392, 'R2 - std': 0.01844456329130635} 
 

Saved Losses
{'MSE - mean': 10.714057971640926, 'MSE - std': 0.6017755013509459, 'R2 - mean': 0.8670508367623769, 'R2 - std': 0.01693253115234952} 
 

Saved Losses
{'MSE - mean': 11.14851589777913, 'MSE - std': 1.0221163150826722, 'R2 - mean': 0.8654048042078732, 'R2 - std': 0.015498586440774943} 
 

Saving model.....
Results After CV: {'MSE - mean': 11.14851589777913, 'MSE - std': 1.0221163150826722, 'R2 - mean': 0.8654048042078732, 'R2 - std': 0.015498586440774943}
Train time: 0.6787931012000058
Inference time: 0.028047316200002115
Finished cross validation
Hyperparam was saved!!! Hurrah!!!
Trial 143 finished with value: 11.14851589777913 and parameters: {'max_depth': 12, 'n_estimators': 95}. Best is trial 121 with value: 10.52889642030585.
Saved Losses
{'MSE - mean': 14.798327453566621, 'MSE - std': 0.0, 'R2 - mean': 0.80181241328103, 'R2 - std': 0.0} 
 

Saved Losses
{'MSE - mean': 12.955125270902528, 'MSE - std': 1.8432021826640934, 'R2 - mean': 0.8319224326315928, 'R2 - std': 0.030110019350562733} 
 

Saved Losses
{'MSE - mean': 12.305969295793851, 'MSE - std': 1.7628773310009533, 'R2 - mean': 0.8495004737923167, 'R2 - std': 0.034962607248655214} 
 

Saved Losses
{'MSE - mean': 11.605884824871048, 'MSE - std': 1.9496556522626156, 'R2 - mean': 0.855631217409022, 'R2 - std': 0.032086538939236} 
 

Saved Losses
{'MSE - mean': 12.082021313671838, 'MSE - std': 1.9868944495845344, 'R2 - mean': 0.8538583671282834, 'R2 - std': 0.028917274722057497} 
 

Saving model.....
Results After CV: {'MSE - mean': 12.082021313671838, 'MSE - std': 1.9868944495845344, 'R2 - mean': 0.8538583671282834, 'R2 - std': 0.028917274722057497}
Train time: 0.5613745530000074
Inference time: 0.02432479000000285
Finished cross validation
Hyperparam was saved!!! Hurrah!!!
Trial 144 finished with value: 12.082021313671838 and parameters: {'max_depth': 11, 'n_estimators': 81}. Best is trial 121 with value: 10.52889642030585.
Saved Losses
{'MSE - mean': 12.599381657368589, 'MSE - std': 0.0, 'R2 - mean': 0.8312619414146487, 'R2 - std': 0.0} 
 

Saved Losses
{'MSE - mean': 11.767230383672196, 'MSE - std': 0.8321512736963923, 'R2 - mean': 0.8477450593216793, 'R2 - std': 0.01648311790703061} 
 

Saved Losses
{'MSE - mean': 11.478228929059526, 'MSE - std': 0.7929023750833579, 'R2 - mean': 0.8604241303461259, 'R2 - std': 0.022419778501224424} 
 

Saved Losses
{'MSE - mean': 11.013275923280245, 'MSE - std': 1.0583310092117624, 'R2 - mean': 0.8634502779776834, 'R2 - std': 0.02011113023917151} 
 

Saved Losses
{'MSE - mean': 11.442050416082534, 'MSE - std': 1.2772790935260723, 'R2 - mean': 0.8619309932032424, 'R2 - std': 0.01824277809164293} 
 

Saving model.....
Results After CV: {'MSE - mean': 11.442050416082534, 'MSE - std': 1.2772790935260723, 'R2 - mean': 0.8619309932032424, 'R2 - std': 0.01824277809164293}
Train time: 0.4730798315999891
Inference time: 0.023342542399996093
Finished cross validation
Hyperparam was saved!!! Hurrah!!!
Trial 145 finished with value: 11.442050416082534 and parameters: {'max_depth': 12, 'n_estimators': 66}. Best is trial 121 with value: 10.52889642030585.
Saved Losses
{'MSE - mean': 12.241388877085896, 'MSE - std': 0.0, 'R2 - mean': 0.8360563835845266, 'R2 - std': 0.0} 
 

Saved Losses
{'MSE - mean': 11.368520303247603, 'MSE - std': 0.8728685738382937, 'R2 - mean': 0.8528702833700672, 'R2 - std': 0.016813899785540654} 
 

Saved Losses
{'MSE - mean': 11.209802878512077, 'MSE - std': 0.7472051079137193, 'R2 - mean': 0.8638683929606938, 'R2 - std': 0.02074580230151799} 
 

Saved Losses
{'MSE - mean': 10.924379929559075, 'MSE - std': 0.8143312497604072, 'R2 - mean': 0.8645435444103294, 'R2 - std': 0.018004408440437217} 
 

Saved Losses
{'MSE - mean': 11.232291586697945, 'MSE - std': 0.9538064069176201, 'R2 - mean': 0.8643245308404854, 'R2 - std': 0.01610958864798145} 
 

Saving model.....
Results After CV: {'MSE - mean': 11.232291586697945, 'MSE - std': 0.9538064069176201, 'R2 - mean': 0.8643245308404854, 'R2 - std': 0.01610958864798145}
Train time: 0.5910757304000072
Inference time: 0.02745964239999239
Finished cross validation
Hyperparam was saved!!! Hurrah!!!
Trial 146 finished with value: 11.232291586697945 and parameters: {'max_depth': 10, 'n_estimators': 88}. Best is trial 121 with value: 10.52889642030585.
Saved Losses
{'MSE - mean': 12.159821264566483, 'MSE - std': 0.0, 'R2 - mean': 0.8371487832716111, 'R2 - std': 0.0} 
 

Saved Losses
{'MSE - mean': 11.109180221625643, 'MSE - std': 1.0506410429408417, 'R2 - mean': 0.856130115514355, 'R2 - std': 0.018981332242743842} 
 

Saved Losses
{'MSE - mean': 10.429958698880524, 'MSE - std': 1.2878592656012295, 'R2 - mean': 0.8724015320736545, 'R2 - std': 0.027743683536355476} 
 

Saved Losses
{'MSE - mean': 10.271507847976432, 'MSE - std': 1.1485887568894695, 'R2 - mean': 0.8718444449470815, 'R2 - std': 0.024046101977739792} 
 

Saved Losses
{'MSE - mean': 10.91503439330618, 'MSE - std': 1.646787953604982, 'R2 - mean': 0.8679188835233905, 'R2 - std': 0.022895679641010268} 
 

Saving model.....
Results After CV: {'MSE - mean': 10.91503439330618, 'MSE - std': 1.646787953604982, 'R2 - mean': 0.8679188835233905, 'R2 - std': 0.022895679641010268}
Train time: 0.5250774103999788
Inference time: 0.025249311199991097
Finished cross validation
Hyperparam was saved!!! Hurrah!!!
Trial 147 finished with value: 10.91503439330618 and parameters: {'max_depth': 11, 'n_estimators': 75}. Best is trial 121 with value: 10.52889642030585.
Saved Losses
{'MSE - mean': 12.956551054183862, 'MSE - std': 0.0, 'R2 - mean': 0.8264785264627361, 'R2 - std': 0.0} 
 

Saved Losses
{'MSE - mean': 12.209980420738184, 'MSE - std': 0.7465706334456783, 'R2 - mean': 0.8420734295715513, 'R2 - std': 0.015594903108815172} 
 

Saved Losses
{'MSE - mean': 11.443659910298907, 'MSE - std': 1.2434117271666214, 'R2 - mean': 0.860098170689616, 'R2 - std': 0.028494150043978008} 
 

Saved Losses
{'MSE - mean': 10.99091057934016, 'MSE - std': 1.3321037544021836, 'R2 - mean': 0.8631586093267936, 'R2 - std': 0.025239577928371486} 
 

Saved Losses
{'MSE - mean': 11.283349267407663, 'MSE - std': 1.3272836453104093, 'R2 - mean': 0.8632403220747596, 'R2 - std': 0.022575556318606863} 
 

Saving model.....
Results After CV: {'MSE - mean': 11.283349267407663, 'MSE - std': 1.3272836453104093, 'R2 - mean': 0.8632403220747596, 'R2 - std': 0.022575556318606863}
Train time: 0.5231151835999868
Inference time: 0.02665120100000422
Finished cross validation
Hyperparam was saved!!! Hurrah!!!
Trial 148 finished with value: 11.283349267407663 and parameters: {'max_depth': 11, 'n_estimators': 75}. Best is trial 121 with value: 10.52889642030585.
Saved Losses
{'MSE - mean': 11.443395335040654, 'MSE - std': 0.0, 'R2 - mean': 0.8467435652820199, 'R2 - std': 0.0} 
 

Saved Losses
{'MSE - mean': 11.125511665216152, 'MSE - std': 0.31788366982450267, 'R2 - mean': 0.8562770987337989, 'R2 - std': 0.00953353345177893} 
 

Saved Losses
{'MSE - mean': 10.328164539930315, 'MSE - std': 1.1571048186878194, 'R2 - mean': 0.8736802539967022, 'R2 - std': 0.025813403487211332} 
 

Saved Losses
{'MSE - mean': 10.127519035587154, 'MSE - std': 1.0606340209102725, 'R2 - mean': 0.8736999503753664, 'R2 - std': 0.022355089208884363} 
 

Saved Losses
{'MSE - mean': 10.78149290380491, 'MSE - std': 1.6157607812719723, 'R2 - mean': 0.8696043303004796, 'R2 - std': 0.021607786236007804} 
 

Saving model.....
Results After CV: {'MSE - mean': 10.78149290380491, 'MSE - std': 1.6157607812719723, 'R2 - mean': 0.8696043303004796, 'R2 - std': 0.021607786236007804}
Train time: 0.6080932395999981
Inference time: 0.026592072599999027
Finished cross validation
Hyperparam was saved!!! Hurrah!!!
Trial 149 finished with value: 10.78149290380491 and parameters: {'max_depth': 10, 'n_estimators': 94}. Best is trial 121 with value: 10.52889642030585.
Saved Losses
{'MSE - mean': 13.216905442254406, 'MSE - std': 0.0, 'R2 - mean': 0.8229917129680828, 'R2 - std': 0.0} 
 

Saved Losses
{'MSE - mean': 12.016251445958055, 'MSE - std': 1.2006539962963512, 'R2 - mean': 0.844351697519455, 'R2 - std': 0.021359984551372224} 
 

Saved Losses
{'MSE - mean': 11.323976028390105, 'MSE - std': 1.3854736326443367, 'R2 - mean': 0.8615177977558733, 'R2 - std': 0.029891737230826058} 
 

Saved Losses
{'MSE - mean': 11.041387024909012, 'MSE - std': 1.2958481873776073, 'R2 - mean': 0.8623647607584807, 'R2 - std': 0.025928536499211088} 
 

Saved Losses
{'MSE - mean': 11.331655215837092, 'MSE - std': 1.296302630731924, 'R2 - mean': 0.8625184213506213, 'R2 - std': 0.023193224232586664} 
 

Saving model.....
Results After CV: {'MSE - mean': 11.331655215837092, 'MSE - std': 1.296302630731924, 'R2 - mean': 0.8625184213506213, 'R2 - std': 0.023193224232586664}
Train time: 0.6059382224000046
Inference time: 0.027030803599984665
Finished cross validation
Hyperparam was saved!!! Hurrah!!!
Trial 150 finished with value: 11.331655215837092 and parameters: {'max_depth': 9, 'n_estimators': 95}. Best is trial 121 with value: 10.52889642030585.
Saved Losses
{'MSE - mean': 12.026013862174631, 'MSE - std': 0.0, 'R2 - mean': 0.8389408078263039, 'R2 - std': 0.0} 
 

Saved Losses
{'MSE - mean': 11.555624001744615, 'MSE - std': 0.4703898604300152, 'R2 - mean': 0.8506523171816263, 'R2 - std': 0.011711509355322336} 
 

Saved Losses
{'MSE - mean': 10.945438480295252, 'MSE - std': 0.9445442402042945, 'R2 - mean': 0.8664669248730368, 'R2 - std': 0.024323718200958692} 
 

Saved Losses
{'MSE - mean': 10.814734895070648, 'MSE - std': 0.848747988421196, 'R2 - mean': 0.8653178677037483, 'R2 - std': 0.02115876762655652} 
 

Saved Losses
{'MSE - mean': 11.322528370252064, 'MSE - std': 1.2679571649020698, 'R2 - mean': 0.862994386786054, 'R2 - std': 0.01948714992704813} 
 

Saving model.....
Results After CV: {'MSE - mean': 11.322528370252064, 'MSE - std': 1.2679571649020698, 'R2 - mean': 0.862994386786054, 'R2 - std': 0.01948714992704813}
Train time: 0.5550303540000187
Inference time: 0.027540572999998857
Finished cross validation
Hyperparam was saved!!! Hurrah!!!
Trial 151 finished with value: 11.322528370252064 and parameters: {'max_depth': 10, 'n_estimators': 82}. Best is trial 121 with value: 10.52889642030585.
Saved Losses
{'MSE - mean': 11.508480000763907, 'MSE - std': 0.0, 'R2 - mean': 0.8458719145584785, 'R2 - std': 0.0} 
 

Saved Losses
{'MSE - mean': 11.167248947774919, 'MSE - std': 0.34123105298898704, 'R2 - mean': 0.8557271072953024, 'R2 - std': 0.009855192736823892} 
 

Saved Losses
{'MSE - mean': 10.454761778751424, 'MSE - std': 1.0454193830207776, 'R2 - mean': 0.8722786092488208, 'R2 - std': 0.024751854807696184} 
 

Saved Losses
{'MSE - mean': 10.137960475487793, 'MSE - std': 1.0586621094784043, 'R2 - mean': 0.8737686672574634, 'R2 - std': 0.021590543205841643} 
 

Saved Losses
{'MSE - mean': 10.536316757394099, 'MSE - std': 1.237482637847123, 'R2 - mean': 0.8724369019718129, 'R2 - std': 0.0194939898389967} 
 

Saving model.....
Results After CV: {'MSE - mean': 10.536316757394099, 'MSE - std': 1.237482637847123, 'R2 - mean': 0.8724369019718129, 'R2 - std': 0.0194939898389967}
Train time: 0.6502255773999878
Inference time: 0.029801279599996632
Finished cross validation
Hyperparam was saved!!! Hurrah!!!
Trial 152 finished with value: 10.536316757394099 and parameters: {'max_depth': 11, 'n_estimators': 100}. Best is trial 121 with value: 10.52889642030585.
Saved Losses
{'MSE - mean': 13.550296920582218, 'MSE - std': 0.0, 'R2 - mean': 0.8185267453742934, 'R2 - std': 0.0} 
 

Saved Losses
{'MSE - mean': 11.802833597575985, 'MSE - std': 1.747463323006233, 'R2 - mean': 0.8468387693949257, 'R2 - std': 0.02831202402063243} 
 

Saved Losses
{'MSE - mean': 11.379349487822912, 'MSE - std': 1.5473944635832295, 'R2 - mean': 0.8611047542006837, 'R2 - std': 0.03068252131729301} 
 

Saved Losses
{'MSE - mean': 11.02804936124541, 'MSE - std': 1.4717532253221426, 'R2 - mean': 0.8627821313641794, 'R2 - std': 0.026730200489997368} 
 

Saved Losses
{'MSE - mean': 11.463485472842496, 'MSE - std': 1.5783739969120307, 'R2 - mean': 0.8612911222702408, 'R2 - std': 0.024093470631297496} 
 

Saving model.....
Results After CV: {'MSE - mean': 11.463485472842496, 'MSE - std': 1.5783739969120307, 'R2 - mean': 0.8612911222702408, 'R2 - std': 0.024093470631297496}
Train time: 0.6411670080000021
Inference time: 0.03077898499999492
Finished cross validation
Hyperparam was saved!!! Hurrah!!!
Trial 153 finished with value: 11.463485472842496 and parameters: {'max_depth': 12, 'n_estimators': 99}. Best is trial 121 with value: 10.52889642030585.
Saved Losses
{'MSE - mean': 11.590789894658798, 'MSE - std': 0.0, 'R2 - mean': 0.8447695738186005, 'R2 - std': 0.0} 
 

Saved Losses
{'MSE - mean': 11.316422425020335, 'MSE - std': 0.27436746963846215, 'R2 - mean': 0.8538347602768788, 'R2 - std': 0.009065186458278307} 
 

Saved Losses
{'MSE - mean': 10.61633286823354, 'MSE - std': 1.0151038275176947, 'R2 - mean': 0.8703660997532724, 'R2 - std': 0.024522549625119294} 
 

Saved Losses
{'MSE - mean': 10.348540151265901, 'MSE - std': 0.9939646136877989, 'R2 - mean': 0.8711494638022695, 'R2 - std': 0.021280450131214625} 
 

Saved Losses
{'MSE - mean': 10.954198406115374, 'MSE - std': 1.502551233495905, 'R2 - mean': 0.8676089843172502, 'R2 - std': 0.020308274820010307} 
 

Saving model.....
Results After CV: {'MSE - mean': 10.954198406115374, 'MSE - std': 1.502551233495905, 'R2 - mean': 0.8676089843172502, 'R2 - std': 0.020308274820010307}
Train time: 0.62604330019999
Inference time: 0.031172036399982516
Finished cross validation
Hyperparam was saved!!! Hurrah!!!
Trial 154 finished with value: 10.954198406115374 and parameters: {'max_depth': 10, 'n_estimators': 93}. Best is trial 121 with value: 10.52889642030585.
Saved Losses
{'MSE - mean': 13.154156756181196, 'MSE - std': 0.0, 'R2 - mean': 0.8238320789284697, 'R2 - std': 0.0} 
 

Saved Losses
{'MSE - mean': 11.863355915663508, 'MSE - std': 1.2908008405176874, 'R2 - mean': 0.8462807084590448, 'R2 - std': 0.022448629530575137} 
 

Saved Losses
{'MSE - mean': 11.10265676195462, 'MSE - std': 1.50602266854153, 'R2 - mean': 0.8640548185883326, 'R2 - std': 0.031109462016833043} 
 

Saved Losses
{'MSE - mean': 10.649691089161193, 'MSE - std': 1.5220420200534281, 'R2 - mean': 0.8672587768920441, 'R2 - std': 0.027507181183617325} 
 

Saved Losses
{'MSE - mean': 10.990465294217126, 'MSE - std': 1.5224315301427083, 'R2 - mean': 0.8667385669450877, 'R2 - std': 0.02462515963177357} 
 

Saving model.....
Results After CV: {'MSE - mean': 10.990465294217126, 'MSE - std': 1.5224315301427083, 'R2 - mean': 0.8667385669450877, 'R2 - std': 0.02462515963177357}
Train time: 0.6069163367999977
Inference time: 0.05125705719999587
Finished cross validation
Hyperparam was saved!!! Hurrah!!!
Trial 155 finished with value: 10.990465294217126 and parameters: {'max_depth': 10, 'n_estimators': 93}. Best is trial 121 with value: 10.52889642030585.
Saved Losses
{'MSE - mean': 12.03811217931182, 'MSE - std': 0.0, 'R2 - mean': 0.8387787803077006, 'R2 - std': 0.0} 
 

Saved Losses
{'MSE - mean': 11.382074683677732, 'MSE - std': 0.656037495634088, 'R2 - mean': 0.8528012289943765, 'R2 - std': 0.014022448686675903} 
 

Saved Losses
{'MSE - mean': 11.159527393279186, 'MSE - std': 0.6212713229440912, 'R2 - mean': 0.8644438531837707, 'R2 - std': 0.020054611459991992} 
 

Saved Losses
{'MSE - mean': 10.856534238405056, 'MSE - std': 0.7515970318170924, 'R2 - mean': 0.8653745677541989, 'R2 - std': 0.017442455946432938} 
 

Saved Losses
{'MSE - mean': 11.414954955651737, 'MSE - std': 1.3035540910872099, 'R2 - mean': 0.8623935000547579, 'R2 - std': 0.01670145125637897} 
 

Saving model.....
Results After CV: {'MSE - mean': 11.414954955651737, 'MSE - std': 1.3035540910872099, 'R2 - mean': 0.8623935000547579, 'R2 - std': 0.01670145125637897}
Train time: 0.6639387702000021
Inference time: 0.03271508980000135
Finished cross validation
Hyperparam was saved!!! Hurrah!!!
Trial 156 finished with value: 11.414954955651737 and parameters: {'max_depth': 10, 'n_estimators': 99}. Best is trial 121 with value: 10.52889642030585.
Saved Losses
{'MSE - mean': 13.894916494390955, 'MSE - std': 0.0, 'R2 - mean': 0.8139114047634318, 'R2 - std': 0.0} 
 

Saved Losses
{'MSE - mean': 12.081288690827222, 'MSE - std': 1.8136278035637332, 'R2 - mean': 0.8432131807117318, 'R2 - std': 0.029301775948300024} 
 

Saved Losses
{'MSE - mean': 11.371645038503841, 'MSE - std': 1.7888596273805302, 'R2 - mean': 0.860713615456806, 'R2 - std': 0.03442276109905747} 
 

Saved Losses
{'MSE - mean': 11.128510580987715, 'MSE - std': 1.6054149520136491, 'R2 - mean': 0.8610808021349968, 'R2 - std': 0.02981776885402411} 
 

Saved Losses
{'MSE - mean': 11.490203758959304, 'MSE - std': 1.6078474910525364, 'R2 - mean': 0.8605178412781763, 'R2 - std': 0.02669357921393939} 
 

Saving model.....
Results After CV: {'MSE - mean': 11.490203758959304, 'MSE - std': 1.6078474910525364, 'R2 - mean': 0.8605178412781763, 'R2 - std': 0.02669357921393939}
Train time: 0.45132493379999233
Inference time: 0.02396031780000385
Finished cross validation
Hyperparam was saved!!! Hurrah!!!
Trial 157 finished with value: 11.490203758959304 and parameters: {'max_depth': 9, 'n_estimators': 71}. Best is trial 121 with value: 10.52889642030585.
Saved Losses
{'MSE - mean': 11.740035434176042, 'MSE - std': 0.0, 'R2 - mean': 0.842770792983516, 'R2 - std': 0.0} 
 

Saved Losses
{'MSE - mean': 11.30760726873239, 'MSE - std': 0.43242816544365237, 'R2 - mean': 0.8538713494982277, 'R2 - std': 0.011100556514711701} 
 

Saved Losses
{'MSE - mean': 10.787080507466085, 'MSE - std': 0.8164306240590316, 'R2 - mean': 0.8685397383975019, 'R2 - std': 0.02263783343045235} 
 

Saved Losses
{'MSE - mean': 10.396828351874715, 'MSE - std': 0.9781663752947111, 'R2 - mean': 0.8708369048388189, 'R2 - std': 0.02000461316286871} 
 

Saved Losses
{'MSE - mean': 11.116322311666632, 'MSE - std': 1.6840824798429472, 'R2 - mean': 0.8660059775833201, 'R2 - std': 0.020334676560705523} 
 

Saving model.....
Results After CV: {'MSE - mean': 11.116322311666632, 'MSE - std': 1.6840824798429472, 'R2 - mean': 0.8660059775833201, 'R2 - std': 0.020334676560705523}
Train time: 0.4328083991999961
Inference time: 0.021139783400008126
Finished cross validation
Hyperparam was saved!!! Hurrah!!!
Trial 158 finished with value: 11.116322311666632 and parameters: {'max_depth': 11, 'n_estimators': 62}. Best is trial 121 with value: 10.52889642030585.
Saved Losses
{'MSE - mean': 12.297981122586389, 'MSE - std': 0.0, 'R2 - mean': 0.8352984681648319, 'R2 - std': 0.0} 
 

Saved Losses
{'MSE - mean': 11.423345634272556, 'MSE - std': 0.8746354883138334, 'R2 - mean': 0.8521619344479652, 'R2 - std': 0.016863466283133288} 
 

Saved Losses
{'MSE - mean': 11.134640832752446, 'MSE - std': 0.8226131633116006, 'R2 - mean': 0.8645667343501584, 'R2 - std': 0.02230117600670023} 
 

Saved Losses
{'MSE - mean': 10.71791355681806, 'MSE - std': 1.014151951072038, 'R2 - mean': 0.8670564823761391, 'R2 - std': 0.019788971023274315} 
 

Saved Losses
{'MSE - mean': 11.046661668854933, 'MSE - std': 1.1203145221596535, 'R2 - mean': 0.866559000575706, 'R2 - std': 0.017727736795627384} 
 

Saving model.....
Results After CV: {'MSE - mean': 11.046661668854933, 'MSE - std': 1.1203145221596535, 'R2 - mean': 0.866559000575706, 'R2 - std': 0.017727736795627384}
Train time: 0.5078543034000063
Inference time: 0.025956490399994436
Finished cross validation
Hyperparam was saved!!! Hurrah!!!
Trial 159 finished with value: 11.046661668854933 and parameters: {'max_depth': 9, 'n_estimators': 79}. Best is trial 121 with value: 10.52889642030585.
Saved Losses
{'MSE - mean': 12.818845686511589, 'MSE - std': 0.0, 'R2 - mean': 0.8283227547772433, 'R2 - std': 0.0} 
 

Saved Losses
{'MSE - mean': 12.08527864669886, 'MSE - std': 0.7335670398127272, 'R2 - mean': 0.8436889756373209, 'R2 - std': 0.015366220860077662} 
 

Saved Losses
{'MSE - mean': 11.296680751549678, 'MSE - std': 1.2659069272266879, 'R2 - mean': 0.8618441957859617, 'R2 - std': 0.0285768764266673} 
 

Saved Losses
{'MSE - mean': 11.046076308913106, 'MSE - std': 1.1791089946684092, 'R2 - mean': 0.8622761081579253, 'R2 - std': 0.0247596050982225} 
 

Saved Losses
{'MSE - mean': 11.347737932550642, 'MSE - std': 1.2150050854827295, 'R2 - mean': 0.862312401009939, 'R2 - std': 0.022145782993165306} 
 

Saving model.....
Results After CV: {'MSE - mean': 11.347737932550642, 'MSE - std': 1.2150050854827295, 'R2 - mean': 0.862312401009939, 'R2 - std': 0.022145782993165306}
Train time: 0.6436149861999866
Inference time: 0.03014681780001638
Finished cross validation
Hyperparam was saved!!! Hurrah!!!
