[I 2025-01-23 14:17:35,558] Trial 122 finished with value: 52181502.913007654 and parameters: {'max_depth': 10, 'n_estimators': 17}. Best is trial 81 with value: 14970933.189766347.
[I 2025-01-23 14:17:36,809] Trial 123 finished with value: 67029068.91485374 and parameters: {'max_depth': 11, 'n_estimators': 13}. Best is trial 81 with value: 14970933.189766347.
[I 2025-01-23 14:17:37,599] Trial 124 finished with value: 53715923.66399284 and parameters: {'max_depth': 9, 'n_estimators': 14}. Best is trial 81 with value: 14970933.189766347.
[I 2025-01-23 14:17:39,027] Trial 125 finished with value: 28446089.16283207 and parameters: {'max_depth': 10, 'n_estimators': 15}. Best is trial 81 with value: 14970933.189766347.
[I 2025-01-23 14:17:43,930] Trial 126 finished with value: 55204496.05538008 and parameters: {'max_depth': 12, 'n_estimators': 18}. Best is trial 81 with value: 14970933.189766347.
[I 2025-01-23 14:17:45,024] Trial 127 finished with value: 89052962.10847136 and parameters: {'max_depth': 11, 'n_estimators': 16}. Best is trial 81 with value: 14970933.189766347.
[I 2025-01-23 14:17:50,923] Trial 128 finished with value: 26855426.798857115 and parameters: {'max_depth': 10, 'n_estimators': 26}. Best is trial 81 with value: 14970933.189766347.
[I 2025-01-23 14:17:58,083] Trial 129 finished with value: 38018382.543895125 and parameters: {'max_depth': 10, 'n_estimators': 24}. Best is trial 81 with value: 14970933.189766347.
[I 2025-01-23 14:17:59,262] Trial 130 finished with value: 42979961.641507104 and parameters: {'max_depth': 11, 'n_estimators': 19}. Best is trial 81 with value: 14970933.189766347.
[I 2025-01-23 14:18:04,953] Trial 131 finished with value: 43086674.67021401 and parameters: {'max_depth': 9, 'n_estimators': 31}. Best is trial 81 with value: 14970933.189766347.
[I 2025-01-23 14:18:08,590] Trial 132 finished with value: 28572384.154319096 and parameters: {'max_depth': 10, 'n_estimators': 25}. Best is trial 81 with value: 14970933.189766347.
[I 2025-01-23 14:18:10,755] Trial 133 finished with value: 34211115.61166615 and parameters: {'max_depth': 10, 'n_estimators': 27}. Best is trial 81 with value: 14970933.189766347.
[I 2025-01-23 14:18:12,609] Trial 134 finished with value: 61383330.48781347 and parameters: {'max_depth': 12, 'n_estimators': 21}. Best is trial 81 with value: 14970933.189766347.
[I 2025-01-23 14:18:13,903] Trial 135 finished with value: 47196536.82569921 and parameters: {'max_depth': 10, 'n_estimators': 26}. Best is trial 81 with value: 14970933.189766347.
[I 2025-01-23 14:18:15,826] Trial 136 finished with value: 40047430.961279124 and parameters: {'max_depth': 11, 'n_estimators': 47}. Best is trial 81 with value: 14970933.189766347.
[I 2025-01-23 14:18:19,953] Trial 137 finished with value: 43493245.30264285 and parameters: {'max_depth': 10, 'n_estimators': 15}. Best is trial 81 with value: 14970933.189766347.
[I 2025-01-23 14:18:20,946] Trial 138 finished with value: 53466380.99495209 and parameters: {'max_depth': 9, 'n_estimators': 17}. Best is trial 81 with value: 14970933.189766347.
[I 2025-01-23 14:18:28,856] Trial 139 finished with value: 23950198.224175468 and parameters: {'max_depth': 11, 'n_estimators': 10}. Best is trial 81 with value: 14970933.189766347.
[I 2025-01-23 14:18:33,409] Trial 140 finished with value: 42093961.45767601 and parameters: {'max_depth': 12, 'n_estimators': 10}. Best is trial 81 with value: 14970933.189766347.
[I 2025-01-23 14:18:36,241] Trial 141 finished with value: 54847231.846068546 and parameters: {'max_depth': 11, 'n_estimators': 8}. Best is trial 81 with value: 14970933.189766347.
[I 2025-01-23 14:18:38,766] Trial 142 finished with value: 56827490.156504884 and parameters: {'max_depth': 11, 'n_estimators': 11}. Best is trial 81 with value: 14970933.189766347.
[I 2025-01-23 14:18:39,776] Trial 143 finished with value: 25068209.534946073 and parameters: {'max_depth': 10, 'n_estimators': 23}. Best is trial 81 with value: 14970933.189766347.
[I 2025-01-23 14:18:40,816] Trial 144 finished with value: 34517025.552337766 and parameters: {'max_depth': 10, 'n_estimators': 22}. Best is trial 81 with value: 14970933.189766347.
[I 2025-01-23 14:18:41,851] Trial 145 finished with value: 36504540.40609256 and parameters: {'max_depth': 10, 'n_estimators': 23}. Best is trial 81 with value: 14970933.189766347.
[I 2025-01-23 14:18:43,306] Trial 146 finished with value: 26863395.31234796 and parameters: {'max_depth': 12, 'n_estimators': 26}. Best is trial 81 with value: 14970933.189766347.
[I 2025-01-23 14:18:45,008] Trial 147 finished with value: 44500561.595907345 and parameters: {'max_depth': 12, 'n_estimators': 25}. Best is trial 81 with value: 14970933.189766347.
[I 2025-01-23 14:18:45,691] Trial 148 finished with value: 63868161.79978677 and parameters: {'max_depth': 2, 'n_estimators': 26}. Best is trial 81 with value: 14970933.189766347.
[I 2025-01-23 14:18:53,294] Trial 149 finished with value: 45178481.33697482 and parameters: {'max_depth': 11, 'n_estimators': 33}. Best is trial 81 with value: 14970933.189766347.
[I 2025-01-23 14:18:58,228] Trial 150 finished with value: 41898131.56094805 and parameters: {'max_depth': 12, 'n_estimators': 20}. Best is trial 81 with value: 14970933.189766347.
[I 2025-01-23 14:19:02,250] Trial 151 finished with value: 56925355.090306655 and parameters: {'max_depth': 11, 'n_estimators': 23}. Best is trial 81 with value: 14970933.189766347.
[I 2025-01-23 14:19:08,143] Trial 152 finished with value: 64380351.24923953 and parameters: {'max_depth': 11, 'n_estimators': 9}. Best is trial 81 with value: 14970933.189766347.
[I 2025-01-23 14:19:09,599] Trial 153 finished with value: 39357796.74273068 and parameters: {'max_depth': 12, 'n_estimators': 18}. Best is trial 81 with value: 14970933.189766347.
[I 2025-01-23 14:19:10,384] Trial 154 finished with value: 42948748.76480343 and parameters: {'max_depth': 10, 'n_estimators': 12}. Best is trial 81 with value: 14970933.189766347.
[I 2025-01-23 14:19:12,287] Trial 155 finished with value: 32765213.616570007 and parameters: {'max_depth': 11, 'n_estimators': 13}. Best is trial 81 with value: 14970933.189766347.
[I 2025-01-23 14:19:14,212] Trial 156 finished with value: 50180940.17401858 and parameters: {'max_depth': 10, 'n_estimators': 21}. Best is trial 81 with value: 14970933.189766347.
[I 2025-01-23 14:19:15,672] Trial 157 finished with value: 34222064.883881204 and parameters: {'max_depth': 12, 'n_estimators': 29}. Best is trial 81 with value: 14970933.189766347.
[I 2025-01-23 14:19:17,594] Trial 158 finished with value: 33734763.57053338 and parameters: {'max_depth': 9, 'n_estimators': 19}. Best is trial 81 with value: 14970933.189766347.
[I 2025-01-23 14:19:18,528] Trial 159 finished with value: 38325345.65198622 and parameters: {'max_depth': 11, 'n_estimators': 16}. Best is trial 81 with value: 14970933.189766347.
[I 2025-01-23 14:19:24,761] Trial 160 finished with value: 37815954.286267534 and parameters: {'max_depth': 10, 'n_estimators': 25}. Best is trial 81 with value: 14970933.189766347.
[I 2025-01-23 14:19:30,498] Trial 161 finished with value: 42060761.90786777 and parameters: {'max_depth': 9, 'n_estimators': 52}. Best is trial 81 with value: 14970933.189766347.
[I 2025-01-23 14:19:39,061] Trial 162 finished with value: 31690091.526669692 and parameters: {'max_depth': 10, 'n_estimators': 15}. Best is trial 81 with value: 14970933.189766347.
[I 2025-01-23 14:19:41,335] Trial 163 finished with value: 43524278.90102076 and parameters: {'max_depth': 11, 'n_estimators': 11}. Best is trial 81 with value: 14970933.189766347.
[I 2025-01-23 14:19:42,691] Trial 164 finished with value: 51081781.95344679 and parameters: {'max_depth': 9, 'n_estimators': 38}. Best is trial 81 with value: 14970933.189766347.
[I 2025-01-23 14:19:44,732] Trial 165 finished with value: 36744880.40308794 and parameters: {'max_depth': 10, 'n_estimators': 44}. Best is trial 81 with value: 14970933.189766347.
[I 2025-01-23 14:19:46,098] Trial 166 finished with value: 31226159.910613734 and parameters: {'max_depth': 12, 'n_estimators': 20}. Best is trial 81 with value: 14970933.189766347.
[I 2025-01-23 14:19:47,096] Trial 167 finished with value: 37600719.38586633 and parameters: {'max_depth': 11, 'n_estimators': 14}. Best is trial 81 with value: 14970933.189766347.
[I 2025-01-23 14:19:48,010] Trial 168 finished with value: 54831850.64616893 and parameters: {'max_depth': 7, 'n_estimators': 18}. Best is trial 81 with value: 14970933.189766347.
[I 2025-01-23 14:19:48,925] Trial 169 finished with value: 43867065.57090491 and parameters: {'max_depth': 8, 'n_estimators': 24}. Best is trial 81 with value: 14970933.189766347.
[I 2025-01-23 14:19:51,239] Trial 170 finished with value: 30903497.42139685 and parameters: {'max_depth': 10, 'n_estimators': 28}. Best is trial 81 with value: 14970933.189766347.
[I 2025-01-23 14:19:57,710] Trial 171 finished with value: 61054614.57873678 and parameters: {'max_depth': 10, 'n_estimators': 28}. Best is trial 81 with value: 14970933.189766347.
[I 2025-01-23 14:20:04,273] Trial 172 finished with value: 33809747.32542112 and parameters: {'max_depth': 10, 'n_estimators': 23}. Best is trial 81 with value: 14970933.189766347.
[I 2025-01-23 14:20:10,112] Trial 173 finished with value: 51467819.56706545 and parameters: {'max_depth': 11, 'n_estimators': 27}. Best is trial 81 with value: 14970933.189766347.
[I 2025-01-23 14:20:10,914] Trial 174 finished with value: 53779740.06351177 and parameters: {'max_depth': 5, 'n_estimators': 10}. Best is trial 81 with value: 14970933.189766347.
[I 2025-01-23 14:20:12,833] Trial 175 finished with value: 37517120.61993273 and parameters: {'max_depth': 9, 'n_estimators': 35}. Best is trial 81 with value: 14970933.189766347.
[I 2025-01-23 14:20:14,434] Trial 176 finished with value: 32989251.758778 and parameters: {'max_depth': 10, 'n_estimators': 26}. Best is trial 81 with value: 14970933.189766347.
[I 2025-01-23 14:20:18,409] Trial 177 finished with value: 38957143.1155624 and parameters: {'max_depth': 11, 'n_estimators': 8}. Best is trial 81 with value: 14970933.189766347.
[I 2025-01-23 14:20:21,155] Trial 178 finished with value: 25653718.925866965 and parameters: {'max_depth': 9, 'n_estimators': 29}. Best is trial 81 with value: 14970933.189766347.
[I 2025-01-23 14:20:28,659] Trial 179 finished with value: 33220535.769671865 and parameters: {'max_depth': 9, 'n_estimators': 30}. Best is trial 81 with value: 14970933.189766347.
[I 2025-01-23 14:20:29,864] Trial 180 finished with value: 31796788.255613636 and parameters: {'max_depth': 10, 'n_estimators': 28}. Best is trial 81 with value: 14970933.189766347.
[I 2025-01-23 14:20:34,173] Trial 181 finished with value: 44588070.953696065 and parameters: {'max_depth': 8, 'n_estimators': 25}. Best is trial 81 with value: 14970933.189766347.
[I 2025-01-23 14:20:38,863] Trial 182 finished with value: 33342432.53121705 and parameters: {'max_depth': 9, 'n_estimators': 32}. Best is trial 81 with value: 14970933.189766347.
[I 2025-01-23 14:20:42,104] Trial 183 finished with value: 34952543.121132225 and parameters: {'max_depth': 10, 'n_estimators': 17}. Best is trial 81 with value: 14970933.189766347.
[I 2025-01-23 14:20:45,041] Trial 184 finished with value: 46888139.46560625 and parameters: {'max_depth': 8, 'n_estimators': 29}. Best is trial 81 with value: 14970933.189766347.
[I 2025-01-23 14:20:46,260] Trial 185 finished with value: 36572574.525272205 and parameters: {'max_depth': 11, 'n_estimators': 22}. Best is trial 81 with value: 14970933.189766347.
[I 2025-01-23 14:20:48,063] Trial 186 finished with value: 63455429.33147186 and parameters: {'max_depth': 9, 'n_estimators': 16}. Best is trial 81 with value: 14970933.189766347.
[I 2025-01-23 14:20:49,880] Trial 187 finished with value: 36170801.40395622 and parameters: {'max_depth': 12, 'n_estimators': 40}. Best is trial 81 with value: 14970933.189766347.
[I 2025-01-23 14:20:55,122] Trial 188 finished with value: 74246373.78661287 and parameters: {'max_depth': 10, 'n_estimators': 33}. Best is trial 81 with value: 14970933.189766347.
[I 2025-01-23 14:21:01,520] Trial 189 finished with value: 38060063.99256665 and parameters: {'max_depth': 11, 'n_estimators': 19}. Best is trial 81 with value: 14970933.189766347.
[I 2025-01-23 14:21:07,644] Trial 190 finished with value: 42094330.09868766 and parameters: {'max_depth': 9, 'n_estimators': 13}. Best is trial 81 with value: 14970933.189766347.
[I 2025-01-23 14:21:10,292] Trial 191 finished with value: 67734516.84829709 and parameters: {'max_depth': 12, 'n_estimators': 20}. Best is trial 81 with value: 14970933.189766347.
[I 2025-01-23 14:21:14,543] Trial 192 finished with value: 56543560.67982944 and parameters: {'max_depth': 12, 'n_estimators': 21}. Best is trial 81 with value: 14970933.189766347.
[I 2025-01-23 14:21:16,142] Trial 193 finished with value: 49216542.07308439 and parameters: {'max_depth': 12, 'n_estimators': 23}. Best is trial 81 with value: 14970933.189766347.
[I 2025-01-23 14:21:17,397] Trial 194 finished with value: 35634475.49962202 and parameters: {'max_depth': 11, 'n_estimators': 17}. Best is trial 81 with value: 14970933.189766347.
[I 2025-01-23 14:21:18,419] Trial 195 finished with value: 23984255.441613905 and parameters: {'max_depth': 10, 'n_estimators': 24}. Best is trial 81 with value: 14970933.189766347.
[I 2025-01-23 14:21:19,697] Trial 196 finished with value: 36782637.63358219 and parameters: {'max_depth': 10, 'n_estimators': 25}. Best is trial 81 with value: 14970933.189766347.
[I 2025-01-23 14:21:23,988] Trial 197 finished with value: 47837789.2475425 and parameters: {'max_depth': 10, 'n_estimators': 28}. Best is trial 81 with value: 14970933.189766347.
[I 2025-01-23 14:21:24,957] Trial 198 finished with value: 21145146.45688738 and parameters: {'max_depth': 10, 'n_estimators': 15}. Best is trial 81 with value: 14970933.189766347.
[I 2025-01-23 14:21:33,291] Trial 199 finished with value: 38092267.53418311 and parameters: {'max_depth': 10, 'n_estimators': 14}. Best is trial 81 with value: 14970933.189766347.
[I 2025-01-23 14:21:44,856] A new study created in RDB with name: RandomForest_Abalone
[I 2025-01-23 14:21:45,328] Trial 0 finished with value: 5.187592703037881 and parameters: {'max_depth': 4, 'n_estimators': 5}. Best is trial 0 with value: 5.187592703037881.
[I 2025-01-23 14:21:45,813] Trial 1 finished with value: 5.722138897611721 and parameters: {'max_depth': 3, 'n_estimators': 9}. Best is trial 0 with value: 5.187592703037881.
[I 2025-01-23 14:21:46,563] Trial 2 finished with value: 4.894371734685587 and parameters: {'max_depth': 10, 'n_estimators': 9}. Best is trial 2 with value: 4.894371734685587.
[I 2025-01-23 14:21:47,723] Trial 3 finished with value: 4.74536236497048 and parameters: {'max_depth': 12, 'n_estimators': 25}. Best is trial 3 with value: 4.74536236497048.
[I 2025-01-23 14:21:50,361] Trial 4 finished with value: 4.595505599294496 and parameters: {'max_depth': 12, 'n_estimators': 84}. Best is trial 4 with value: 4.595505599294496.
[I 2025-01-23 14:21:58,228] Trial 5 finished with value: 4.675402669298107 and parameters: {'max_depth': 6, 'n_estimators': 68}. Best is trial 4 with value: 4.595505599294496.
[I 2025-01-23 14:21:59,316] Trial 6 finished with value: 4.853507186258055 and parameters: {'max_depth': 5, 'n_estimators': 22}. Best is trial 4 with value: 4.595505599294496.
[I 2025-01-23 14:22:06,840] Trial 7 finished with value: 4.6231734467773204 and parameters: {'max_depth': 11, 'n_estimators': 91}. Best is trial 4 with value: 4.595505599294496.
[I 2025-01-23 14:22:07,451] Trial 8 finished with value: 4.820015452078627 and parameters: {'max_depth': 6, 'n_estimators': 8}. Best is trial 4 with value: 4.595505599294496.
[I 2025-01-23 14:22:11,559] Trial 9 finished with value: 5.068092617513893 and parameters: {'max_depth': 4, 'n_estimators': 30}. Best is trial 4 with value: 4.595505599294496.
[I 2025-01-23 14:22:12,737] Trial 10 finished with value: 6.323500874029803 and parameters: {'max_depth': 2, 'n_estimators': 48}. Best is trial 4 with value: 4.595505599294496.
[I 2025-01-23 14:22:15,024] Trial 11 finished with value: 4.589984198564287 and parameters: {'max_depth': 9, 'n_estimators': 90}. Best is trial 11 with value: 4.589984198564287.
[I 2025-01-23 14:22:20,015] Trial 12 finished with value: 4.568803462937799 and parameters: {'max_depth': 8, 'n_estimators': 99}. Best is trial 12 with value: 4.568803462937799.
[I 2025-01-23 14:22:22,100] Trial 13 finished with value: 4.596403532310944 and parameters: {'max_depth': 8, 'n_estimators': 49}. Best is trial 12 with value: 4.568803462937799.
[I 2025-01-23 14:22:27,440] Trial 14 finished with value: 4.602340870619042 and parameters: {'max_depth': 8, 'n_estimators': 43}. Best is trial 12 with value: 4.568803462937799.
[I 2025-01-23 14:22:29,436] Trial 15 finished with value: 4.605701505514867 and parameters: {'max_depth': 8, 'n_estimators': 97}. Best is trial 12 with value: 4.568803462937799.
[I 2025-01-23 14:22:29,982] Trial 16 finished with value: 4.759653162240808 and parameters: {'max_depth': 6, 'n_estimators': 16}. Best is trial 12 with value: 4.568803462937799.
[I 2025-01-23 14:22:34,747] Trial 17 finished with value: 5.671315761135612 and parameters: {'max_depth': 3, 'n_estimators': 65}. Best is trial 12 with value: 4.568803462937799.
[I 2025-01-23 14:22:35,804] Trial 18 finished with value: 4.587793885838599 and parameters: {'max_depth': 9, 'n_estimators': 36}. Best is trial 12 with value: 4.568803462937799.
[I 2025-01-23 14:22:39,843] Trial 19 finished with value: 4.676288687909367 and parameters: {'max_depth': 7, 'n_estimators': 16}. Best is trial 12 with value: 4.568803462937799.
[I 2025-01-23 14:22:45,180] Trial 20 finished with value: 4.871570909318182 and parameters: {'max_depth': 5, 'n_estimators': 36}. Best is trial 12 with value: 4.568803462937799.
[I 2025-01-23 14:22:48,087] Trial 21 finished with value: 4.565673363690379 and parameters: {'max_depth': 9, 'n_estimators': 67}. Best is trial 21 with value: 4.565673363690379.
[I 2025-01-23 14:22:49,839] Trial 22 finished with value: 4.574489495777156 and parameters: {'max_depth': 10, 'n_estimators': 62}. Best is trial 21 with value: 4.565673363690379.
[I 2025-01-23 14:22:51,583] Trial 23 finished with value: 4.61529203341618 and parameters: {'max_depth': 10, 'n_estimators': 62}. Best is trial 21 with value: 4.565673363690379.
[I 2025-01-23 14:22:52,972] Trial 24 finished with value: 4.606781129485002 and parameters: {'max_depth': 7, 'n_estimators': 63}. Best is trial 21 with value: 4.565673363690379.
[I 2025-01-23 14:22:54,150] Trial 25 finished with value: 4.6365202486750245 and parameters: {'max_depth': 7, 'n_estimators': 55}. Best is trial 21 with value: 4.565673363690379.
[I 2025-01-23 14:22:58,899] Trial 26 finished with value: 4.56400515196641 and parameters: {'max_depth': 10, 'n_estimators': 77}. Best is trial 26 with value: 4.56400515196641.
[I 2025-01-23 14:23:03,802] Trial 27 finished with value: 4.818865496253701 and parameters: {'max_depth': 5, 'n_estimators': 77}. Best is trial 26 with value: 4.56400515196641.
[I 2025-01-23 14:23:04,624] Trial 28 finished with value: 6.355604028587877 and parameters: {'max_depth': 2, 'n_estimators': 40}. Best is trial 26 with value: 4.56400515196641.
[I 2025-01-23 14:23:07,476] Trial 29 finished with value: 5.658658159362885 and parameters: {'max_depth': 3, 'n_estimators': 98}. Best is trial 26 with value: 4.56400515196641.
[I 2025-01-23 14:23:08,070] Trial 30 finished with value: 5.009413501041742 and parameters: {'max_depth': 9, 'n_estimators': 5}. Best is trial 26 with value: 4.56400515196641.
[I 2025-01-23 14:23:13,269] Trial 31 finished with value: 4.604668814414287 and parameters: {'max_depth': 10, 'n_estimators': 73}. Best is trial 26 with value: 4.56400515196641.
[I 2025-01-23 14:23:21,161] Trial 32 finished with value: 4.6798586028463935 and parameters: {'max_depth': 11, 'n_estimators': 53}. Best is trial 26 with value: 4.56400515196641.
[I 2025-01-23 14:23:23,648] Trial 33 finished with value: 4.569415784458849 and parameters: {'max_depth': 8, 'n_estimators': 75}. Best is trial 26 with value: 4.56400515196641.
[I 2025-01-23 14:23:25,176] Trial 34 finished with value: 4.605967222221177 and parameters: {'max_depth': 7, 'n_estimators': 76}. Best is trial 26 with value: 4.56400515196641.
[I 2025-01-23 14:23:28,715] Trial 35 finished with value: 4.602957030782792 and parameters: {'max_depth': 12, 'n_estimators': 100}. Best is trial 26 with value: 4.56400515196641.
[I 2025-01-23 14:23:29,533] Trial 36 finished with value: 5.068458392355984 and parameters: {'max_depth': 4, 'n_estimators': 29}. Best is trial 26 with value: 4.56400515196641.
[I 2025-01-23 14:23:31,164] Trial 37 finished with value: 4.593960930879227 and parameters: {'max_depth': 8, 'n_estimators': 74}. Best is trial 26 with value: 4.56400515196641.
[I 2025-01-23 14:23:37,064] Trial 38 finished with value: 4.681746698727248 and parameters: {'max_depth': 6, 'n_estimators': 56}. Best is trial 26 with value: 4.56400515196641.
[I 2025-01-23 14:23:37,827] Trial 39 finished with value: 4.696910682098677 and parameters: {'max_depth': 9, 'n_estimators': 15}. Best is trial 26 with value: 4.56400515196641.
[I 2025-01-23 14:23:44,941] Trial 40 finished with value: 4.605809226124354 and parameters: {'max_depth': 11, 'n_estimators': 80}. Best is trial 26 with value: 4.56400515196641.
[I 2025-01-23 14:23:52,264] Trial 41 finished with value: 4.639803353387067 and parameters: {'max_depth': 10, 'n_estimators': 64}. Best is trial 26 with value: 4.56400515196641.
[I 2025-01-23 14:23:54,733] Trial 42 finished with value: 4.632741141860722 and parameters: {'max_depth': 12, 'n_estimators': 85}. Best is trial 26 with value: 4.56400515196641.
