Trial 174 finished with value: 278.4131850931747 and parameters: {'max_depth': 11, 'n_estimators': 88}. Best is trial 65 with value: 267.23646419674776.
Saved Losses
{'MSE - mean': 475.27550178099557, 'MSE - std': 0.0, 'R2 - mean': 0.5357452164027229, 'R2 - std': 0.0} 
 

Saved Losses
{'MSE - mean': 371.38998933357686, 'MSE - std': 103.8855124474187, 'R2 - mean': 0.6404988482600039, 'R2 - std': 0.10475363185728104} 
 

Saved Losses
{'MSE - mean': 489.98569552641646, 'MSE - std': 187.9486175857607, 'R2 - mean': 0.6613946603800935, 'R2 - std': 0.09049209276603497} 
 

Saved Losses
{'MSE - mean': 512.7148907888636, 'MSE - std': 167.4615212254273, 'R2 - mean': 0.6617789132648106, 'R2 - std': 0.07837127720485834} 
 

Saved Losses
{'MSE - mean': 536.9306754651976, 'MSE - std': 157.4176158594383, 'R2 - mean': 0.6701645594289689, 'R2 - std': 0.07207580675190839} 
 

Saving model.....
Results After CV: {'MSE - mean': 536.9306754651976, 'MSE - std': 157.4176158594383, 'R2 - mean': 0.6701645594289689, 'R2 - std': 0.07207580675190839}
Train time: 0.1971169145999852
Inference time: 0.023972864399991068
Finished cross validation
Hyperparam was saved!!! Hurrah!!!
Trial 175 finished with value: 536.9306754651976 and parameters: {'max_depth': 2, 'n_estimators': 63}. Best is trial 65 with value: 267.23646419674776.
Saved Losses
{'MSE - mean': 408.28165612570103, 'MSE - std': 0.0, 'R2 - mean': 0.6011856045575912, 'R2 - std': 0.0} 
 

Saved Losses
{'MSE - mean': 264.24163251143483, 'MSE - std': 144.04002361426623, 'R2 - mean': 0.7433581307157152, 'R2 - std': 0.14217252615812404} 
 

Saved Losses
{'MSE - mean': 266.3622306167287, 'MSE - std': 117.64641717669916, 'R2 - mean': 0.7920877925855848, 'R2 - std': 0.13499819019043166} 
 

Saved Losses
{'MSE - mean': 272.0448190419786, 'MSE - std': 102.3590984696417, 'R2 - mean': 0.8021293929753687, 'R2 - std': 0.11819849716127229} 
 

Saved Losses
{'MSE - mean': 276.3343653250528, 'MSE - std': 91.95384092506839, 'R2 - mean': 0.814262493650733, 'R2 - std': 0.10846914912979053} 
 

Saving model.....
Results After CV: {'MSE - mean': 276.3343653250528, 'MSE - std': 91.95384092506839, 'R2 - mean': 0.814262493650733, 'R2 - std': 0.10846914912979053}
Train time: 0.32921473860001244
Inference time: 0.021133556000006593
Finished cross validation
Hyperparam was saved!!! Hurrah!!!
Trial 176 finished with value: 276.3343653250528 and parameters: {'max_depth': 10, 'n_estimators': 53}. Best is trial 65 with value: 267.23646419674776.
Saved Losses
{'MSE - mean': 419.57954437519766, 'MSE - std': 0.0, 'R2 - mean': 0.590149692450358, 'R2 - std': 0.0} 
 

Saved Losses
{'MSE - mean': 271.27795044038385, 'MSE - std': 148.30159393481378, 'R2 - mean': 0.7365189629953466, 'R2 - std': 0.1463692705449886} 
 

Saved Losses
{'MSE - mean': 269.68250894725674, 'MSE - std': 121.10876396661081, 'R2 - mean': 0.7880877888176493, 'R2 - std': 0.1400047493240736} 
 

Saved Losses
{'MSE - mean': 282.9217857278131, 'MSE - std': 107.36076974927444, 'R2 - mean': 0.7942629786773523, 'R2 - std': 0.12171851249659049} 
 

Saved Losses
{'MSE - mean': 281.23512702308295, 'MSE - std': 96.08562418629722, 'R2 - mean': 0.80974620716344, 'R2 - std': 0.11318674164810875} 
 

Saving model.....
Results After CV: {'MSE - mean': 281.23512702308295, 'MSE - std': 96.08562418629722, 'R2 - mean': 0.80974620716344, 'R2 - std': 0.11318674164810875}
Train time: 0.3730570670000134
Inference time: 0.02331923819998565
Finished cross validation
Hyperparam was saved!!! Hurrah!!!
Trial 177 finished with value: 281.23512702308295 and parameters: {'max_depth': 11, 'n_estimators': 57}. Best is trial 65 with value: 267.23646419674776.
Saved Losses
{'MSE - mean': 421.4088502121115, 'MSE - std': 0.0, 'R2 - mean': 0.5883628046720752, 'R2 - std': 0.0} 
 

Saved Losses
{'MSE - mean': 271.267433157953, 'MSE - std': 150.14141705415847, 'R2 - mean': 0.7365065690867102, 'R2 - std': 0.14814376441463495} 
 

Saved Losses
{'MSE - mean': 267.9805457463105, 'MSE - std': 122.67805020078963, 'R2 - mean': 0.7887713589165463, 'R2 - std': 0.1417542467389947} 
 

Saved Losses
{'MSE - mean': 275.74390233287227, 'MSE - std': 107.08985534246897, 'R2 - mean': 0.7981999465882931, 'R2 - std': 0.12384423542440838} 
 

Saved Losses
{'MSE - mean': 275.30297245513, 'MSE - std': 95.78813794225822, 'R2 - mean': 0.8129845336399744, 'R2 - std': 0.11464838322209342} 
 

Saving model.....
Results After CV: {'MSE - mean': 275.30297245513, 'MSE - std': 95.78813794225822, 'R2 - mean': 0.8129845336399744, 'R2 - std': 0.11464838322209342}
Train time: 0.48996172539999633
Inference time: 0.02969229240001141
Finished cross validation
Hyperparam was saved!!! Hurrah!!!
Trial 178 finished with value: 275.30297245513 and parameters: {'max_depth': 12, 'n_estimators': 71}. Best is trial 65 with value: 267.23646419674776.
Saved Losses
{'MSE - mean': 472.50504590195106, 'MSE - std': 0.0, 'R2 - mean': 0.5384514307768531, 'R2 - std': 0.0} 
 

Saved Losses
{'MSE - mean': 300.6652012952732, 'MSE - std': 171.83984460667787, 'R2 - mean': 0.707884797852321, 'R2 - std': 0.16943336707546786} 
 

Saved Losses
{'MSE - mean': 293.62452220353276, 'MSE - std': 140.65950774989892, 'R2 - mean': 0.7672225856459921, 'R2 - std': 0.16180355385316372} 
 

Saved Losses
{'MSE - mean': 291.80100878708294, 'MSE - std': 121.85564592530304, 'R2 - mean': 0.7838811667940347, 'R2 - std': 0.14306578035027456} 
 

Saved Losses
{'MSE - mean': 292.4760636570535, 'MSE - std': 108.99936491286607, 'R2 - mean': 0.7995064867563817, 'R2 - std': 0.13172264991826302} 
 

Saving model.....
Results After CV: {'MSE - mean': 292.4760636570535, 'MSE - std': 108.99936491286607, 'R2 - mean': 0.7995064867563817, 'R2 - std': 0.13172264991826302}
Train time: 0.32223550859999933
Inference time: 0.01724053580001055
Finished cross validation
Hyperparam was saved!!! Hurrah!!!
Trial 179 finished with value: 292.4760636570535 and parameters: {'max_depth': 11, 'n_estimators': 48}. Best is trial 65 with value: 267.23646419674776.
Saved Losses
{'MSE - mean': 431.4744792590286, 'MSE - std': 0.0, 'R2 - mean': 0.5785305780636432, 'R2 - std': 0.0} 
 

Saved Losses
{'MSE - mean': 280.4270283547532, 'MSE - std': 151.04745090427542, 'R2 - mean': 0.7276604761654386, 'R2 - std': 0.1491298981017955} 
 

Saved Losses
{'MSE - mean': 275.9682650491079, 'MSE - std': 123.49082053693115, 'R2 - mean': 0.7821060594807957, 'R2 - std': 0.14406639935691776} 
 

Saved Losses
{'MSE - mean': 280.2231118771509, 'MSE - std': 107.19980518757356, 'R2 - mean': 0.7940780653985136, 'R2 - std': 0.12647660789581525} 
 

Saved Losses
{'MSE - mean': 283.5007792404485, 'MSE - std': 96.106248491868, 'R2 - mean': 0.8075298202654793, 'R2 - std': 0.11627925314461378} 
 

Saving model.....
Results After CV: {'MSE - mean': 283.5007792404485, 'MSE - std': 96.106248491868, 'R2 - mean': 0.8075298202654793, 'R2 - std': 0.11627925314461378}
Train time: 0.3919971364000162
Inference time: 0.02566206799999691
Finished cross validation
Hyperparam was saved!!! Hurrah!!!
Trial 180 finished with value: 283.5007792404485 and parameters: {'max_depth': 10, 'n_estimators': 66}. Best is trial 65 with value: 267.23646419674776.
Saved Losses
{'MSE - mean': 431.81171274780803, 'MSE - std': 0.0, 'R2 - mean': 0.5782011643661806, 'R2 - std': 0.0} 
 

Saved Losses
{'MSE - mean': 277.2816217927457, 'MSE - std': 154.53009095506232, 'R2 - mean': 0.7306517509584557, 'R2 - std': 0.15245058659227506} 
 

Saved Losses
{'MSE - mean': 272.672260180291, 'MSE - std': 126.34156786004873, 'R2 - mean': 0.7845896689453643, 'R2 - std': 0.1459887629068671} 
 

Saved Losses
{'MSE - mean': 279.2426668496016, 'MSE - std': 110.00524786755327, 'R2 - mean': 0.7950752964628023, 'R2 - std': 0.12772777428817686} 
 

Saved Losses
{'MSE - mean': 275.65172741705874, 'MSE - std': 98.65344915791964, 'R2 - mean': 0.811630286286003, 'R2 - std': 0.11894443329502344} 
 

Saving model.....
Results After CV: {'MSE - mean': 275.65172741705874, 'MSE - std': 98.65344915791964, 'R2 - mean': 0.811630286286003, 'R2 - std': 0.11894443329502344}
Train time: 0.517952663799997
Inference time: 0.02939850220000153
Finished cross validation
Hyperparam was saved!!! Hurrah!!!
Trial 181 finished with value: 275.65172741705874 and parameters: {'max_depth': 12, 'n_estimators': 77}. Best is trial 65 with value: 267.23646419674776.
Saved Losses
{'MSE - mean': 400.4124022621374, 'MSE - std': 0.0, 'R2 - mean': 0.6088723856683589, 'R2 - std': 0.0} 
 

Saved Losses
{'MSE - mean': 257.0809012855737, 'MSE - std': 143.3315009765637, 'R2 - mean': 0.7502737766492751, 'R2 - std': 0.1414013909809162} 
 

Saved Losses
{'MSE - mean': 269.65675049902296, 'MSE - std': 118.37335038628954, 'R2 - mean': 0.793404948221821, 'R2 - std': 0.1305762797626968} 
 

Saved Losses
{'MSE - mean': 274.5910858812426, 'MSE - std': 102.86996917589278, 'R2 - mean': 0.8030735222836719, 'R2 - std': 0.1143156489754051} 
 

Saved Losses
{'MSE - mean': 275.016426759557, 'MSE - std': 92.01363000148599, 'R2 - mean': 0.8165862067256265, 'R2 - std': 0.10575833132120516} 
 

Saving model.....
Results After CV: {'MSE - mean': 275.016426759557, 'MSE - std': 92.01363000148599, 'R2 - mean': 0.8165862067256265, 'R2 - std': 0.10575833132120516}
Train time: 0.47979954840001254
Inference time: 0.025402971199991953
Finished cross validation
Hyperparam was saved!!! Hurrah!!!
Trial 182 finished with value: 275.016426759557 and parameters: {'max_depth': 12, 'n_estimators': 71}. Best is trial 65 with value: 267.23646419674776.
Saved Losses
{'MSE - mean': 526.3570221177001, 'MSE - std': 0.0, 'R2 - mean': 0.48584817756762566, 'R2 - std': 0.0} 
 

Saved Losses
{'MSE - mean': 367.87770561473474, 'MSE - std': 158.47931650296536, 'R2 - mean': 0.6432178690700388, 'R2 - std': 0.1573696915024131} 
 

Saved Losses
{'MSE - mean': 402.7549822012107, 'MSE - std': 138.47976272249, 'R2 - mean': 0.6978567761903195, 'R2 - std': 0.1499365428383191} 
 

Saved Losses
{'MSE - mean': 414.763887155637, 'MSE - std': 121.71739771853152, 'R2 - mean': 0.7079998352255953, 'R2 - std': 0.13103194304637933} 
 

Saved Losses
{'MSE - mean': 419.30993741708335, 'MSE - std': 109.24635562715734, 'R2 - mean': 0.7254949603594307, 'R2 - std': 0.12231031719606453} 
 

Saving model.....
Results After CV: {'MSE - mean': 419.30993741708335, 'MSE - std': 109.24635562715734, 'R2 - mean': 0.7254949603594307, 'R2 - std': 0.12231031719606453}
Train time: 0.24668997480002872
Inference time: 0.025966146799987655
Finished cross validation
Hyperparam was saved!!! Hurrah!!!
Trial 183 finished with value: 419.30993741708335 and parameters: {'max_depth': 3, 'n_estimators': 70}. Best is trial 65 with value: 267.23646419674776.
Saved Losses
{'MSE - mean': 431.3987079927579, 'MSE - std': 0.0, 'R2 - mean': 0.578604592341033, 'R2 - std': 0.0} 
 

Saved Losses
{'MSE - mean': 284.7942252081657, 'MSE - std': 146.60448278459225, 'R2 - mean': 0.723502473742464, 'R2 - std': 0.14489788140143106} 
 

Saved Losses
{'MSE - mean': 285.62169650038777, 'MSE - std': 119.70777891392065, 'R2 - mean': 0.776582172227798, 'R2 - std': 0.1401136662582802} 
 

Saved Losses
{'MSE - mean': 292.95255143662894, 'MSE - std': 104.44466741613338, 'R2 - mean': 0.7867499485098378, 'R2 - std': 0.122613337887105} 
 

Saved Losses
{'MSE - mean': 288.0608146319546, 'MSE - std': 93.9290540631502, 'R2 - mean': 0.8042962695661288, 'R2 - std': 0.11514650681933712} 
 

Saving model.....
Results After CV: {'MSE - mean': 288.0608146319546, 'MSE - std': 93.9290540631502, 'R2 - mean': 0.8042962695661288, 'R2 - std': 0.11514650681933712}
Train time: 0.4159951888000023
Inference time: 0.025011650599981294
Finished cross validation
Hyperparam was saved!!! Hurrah!!!
Trial 184 finished with value: 288.0608146319546 and parameters: {'max_depth': 12, 'n_estimators': 61}. Best is trial 65 with value: 267.23646419674776.
Saved Losses
{'MSE - mean': 472.03299080957373, 'MSE - std': 0.0, 'R2 - mean': 0.5389125398261021, 'R2 - std': 0.0} 
 

Saved Losses
{'MSE - mean': 305.87291623934544, 'MSE - std': 166.1600745702283, 'R2 - mean': 0.7029312152200025, 'R2 - std': 0.16401867539390036} 
 

Saved Losses
{'MSE - mean': 293.63514342764415, 'MSE - std': 136.7685627409951, 'R2 - mean': 0.7653329593672001, 'R2 - std': 0.16038299763546557} 
 

Saved Losses
{'MSE - mean': 303.03965533108357, 'MSE - std': 119.55987766848851, 'R2 - mean': 0.7759473511081056, 'R2 - std': 0.14010719247772946} 
 

Saved Losses
{'MSE - mean': 295.17116827513246, 'MSE - std': 108.08933264981253, 'R2 - mean': 0.796102669466364, 'R2 - std': 0.13163953714475068} 
 

Saving model.....
Results After CV: {'MSE - mean': 295.17116827513246, 'MSE - std': 108.08933264981253, 'R2 - mean': 0.796102669466364, 'R2 - std': 0.13163953714475068}
Train time: 0.37150216820000426
Inference time: 0.02255805219999729
Finished cross validation
Hyperparam was saved!!! Hurrah!!!
Trial 185 finished with value: 295.17116827513246 and parameters: {'max_depth': 11, 'n_estimators': 59}. Best is trial 65 with value: 267.23646419674776.
Saved Losses
{'MSE - mean': 425.52329658190513, 'MSE - std': 0.0, 'R2 - mean': 0.5843437643431012, 'R2 - std': 0.0} 
 

Saved Losses
{'MSE - mean': 270.45673105053226, 'MSE - std': 155.06656553137285, 'R2 - mean': 0.7372282064113658, 'R2 - std': 0.15288444206826463} 
 

Saved Losses
{'MSE - mean': 267.8989292606033, 'MSE - std': 126.662982742092, 'R2 - mean': 0.7890651598564515, 'R2 - std': 0.14476385795247956} 
 

Saved Losses
{'MSE - mean': 283.4251754591955, 'MSE - std': 112.94169451934268, 'R2 - mean': 0.7939277245383405, 'R2 - std': 0.12565175897225203} 
 

Saved Losses
{'MSE - mean': 285.42113691613986, 'MSE - std': 101.09696601417298, 'R2 - mean': 0.8077093463233662, 'R2 - std': 0.11571699971205064} 
 

Saving model.....
Results After CV: {'MSE - mean': 285.42113691613986, 'MSE - std': 101.09696601417298, 'R2 - mean': 0.8077093463233662, 'R2 - std': 0.11571699971205064}
Train time: 0.4425952127999949
Inference time: 0.026099747199998545
Finished cross validation
Hyperparam was saved!!! Hurrah!!!
Trial 186 finished with value: 285.42113691613986 and parameters: {'max_depth': 12, 'n_estimators': 65}. Best is trial 65 with value: 267.23646419674776.
Saved Losses
{'MSE - mean': 405.13323457593793, 'MSE - std': 0.0, 'R2 - mean': 0.6042610203107301, 'R2 - std': 0.0} 
 

Saved Losses
{'MSE - mean': 264.04395360831955, 'MSE - std': 141.08928096761838, 'R2 - mean': 0.7435849518196449, 'R2 - std': 0.1393239315089148} 
 

Saved Losses
{'MSE - mean': 264.6253766141679, 'MSE - std': 115.20184999120676, 'R2 - mean': 0.792894151338697, 'R2 - std': 0.13343000502817906} 
 

Saved Losses
{'MSE - mean': 275.5147728622218, 'MSE - std': 101.53490302841071, 'R2 - mean': 0.7999648669284617, 'R2 - std': 0.11620094551344641} 
 

Saved Losses
{'MSE - mean': 280.54588825517044, 'MSE - std': 91.37131779053904, 'R2 - mean': 0.8118597616010579, 'R2 - std': 0.10662120740107847} 
 

Saving model.....
Results After CV: {'MSE - mean': 280.54588825517044, 'MSE - std': 91.37131779053904, 'R2 - mean': 0.8118597616010579, 'R2 - std': 0.10662120740107847}
Train time: 0.3704008829999907
Inference time: 0.021742890399991666
Finished cross validation
Hyperparam was saved!!! Hurrah!!!
Trial 187 finished with value: 280.54588825517044 and parameters: {'max_depth': 12, 'n_estimators': 56}. Best is trial 65 with value: 267.23646419674776.
Saved Losses
{'MSE - mean': 434.24590695583413, 'MSE - std': 0.0, 'R2 - mean': 0.5758234144063233, 'R2 - std': 0.0} 
 

Saved Losses
{'MSE - mean': 275.3336327229429, 'MSE - std': 158.91227423289118, 'R2 - mean': 0.7324770231149795, 'R2 - std': 0.15665360870865624} 
 

Saved Losses
{'MSE - mean': 273.5874451141435, 'MSE - std': 129.7748265660306, 'R2 - mean': 0.7849028866289011, 'R2 - std': 0.14784173208082066} 
 

Saved Losses
{'MSE - mean': 281.17167780249724, 'MSE - std': 113.15339572498817, 'R2 - mean': 0.7945891788778034, 'R2 - std': 0.1291292224133883} 
 

Saved Losses
{'MSE - mean': 280.6807036192663, 'MSE - std': 101.21223737212321, 'R2 - mean': 0.8096118275761175, 'R2 - std': 0.11934070873143354} 
 

Saving model.....
Results After CV: {'MSE - mean': 280.6807036192663, 'MSE - std': 101.21223737212321, 'R2 - mean': 0.8096118275761175, 'R2 - std': 0.11934070873143354}
Train time: 0.3876375042000063
Inference time: 0.023234680999996725
Finished cross validation
Hyperparam was saved!!! Hurrah!!!
Trial 188 finished with value: 280.6807036192663 and parameters: {'max_depth': 11, 'n_estimators': 61}. Best is trial 65 with value: 267.23646419674776.
Saved Losses
{'MSE - mean': 383.05012057085816, 'MSE - std': 0.0, 'R2 - mean': 0.6258320696813886, 'R2 - std': 0.0} 
 

Saved Losses
{'MSE - mean': 249.4990226371083, 'MSE - std': 133.55109793374984, 'R2 - mean': 0.7577067789105616, 'R2 - std': 0.131874709229173} 
 

Saved Losses
{'MSE - mean': 255.83188335034365, 'MSE - std': 109.41118508863633, 'R2 - mean': 0.801940070949152, 'R2 - std': 0.12452761757402146} 
 

Saved Losses
{'MSE - mean': 261.5432426068763, 'MSE - std': 95.26785628188776, 'R2 - mean': 0.8110294644766267, 'R2 - std': 0.10898714088408869} 
 

Saved Losses
{'MSE - mean': 262.4650933122968, 'MSE - std': 85.23010493557705, 'R2 - mean': 0.8239387963041909, 'R2 - std': 0.10084225748865004} 
 

Saving model.....
Results After CV: {'MSE - mean': 262.4650933122968, 'MSE - std': 85.23010493557705, 'R2 - mean': 0.8239387963041909, 'R2 - std': 0.10084225748865004}
Train time: 0.30533473500001945
Inference time: 0.018288647000019864
Finished cross validation
Hyperparam was saved!!! Hurrah!!!
Trial 189 finished with value: 262.4650933122968 and parameters: {'max_depth': 12, 'n_estimators': 44}. Best is trial 189 with value: 262.4650933122968.
Saved Losses
{'MSE - mean': 466.45302088194927, 'MSE - std': 0.0, 'R2 - mean': 0.5443631210606096, 'R2 - std': 0.0} 
 

Saved Losses
{'MSE - mean': 297.4653083899017, 'MSE - std': 168.98771249204756, 'R2 - mean': 0.7110062312489922, 'R2 - std': 0.16664311018838257} 
 

Saved Losses
{'MSE - mean': 288.75346884184705, 'MSE - std': 138.52685760825847, 'R2 - mean': 0.770421032479236, 'R2 - std': 0.1599172327360742} 
 

Saved Losses
{'MSE - mean': 289.55210051166114, 'MSE - std': 119.97575232831895, 'R2 - mean': 0.785465110218301, 'R2 - std': 0.14092236805961597} 
 

Saved Losses
{'MSE - mean': 287.3607113850067, 'MSE - std': 107.39903939335109, 'R2 - mean': 0.8023239468904404, 'R2 - std': 0.1304767126784522} 
 

Saving model.....
Results After CV: {'MSE - mean': 287.3607113850067, 'MSE - std': 107.39903939335109, 'R2 - mean': 0.8023239468904404, 'R2 - std': 0.1304767126784522}
Train time: 0.35557749499998864
Inference time: 0.022974943600002008
Finished cross validation
Hyperparam was saved!!! Hurrah!!!
Trial 190 finished with value: 287.3607113850067 and parameters: {'max_depth': 12, 'n_estimators': 53}. Best is trial 189 with value: 262.4650933122968.
Saved Losses
{'MSE - mean': 412.9930642652507, 'MSE - std': 0.0, 'R2 - mean': 0.5965834448458689, 'R2 - std': 0.0} 
 

Saved Losses
{'MSE - mean': 264.80627663287083, 'MSE - std': 148.1867876323799, 'R2 - mean': 0.7427626973787897, 'R2 - std': 0.1461792525329208} 
 

Saved Losses
{'MSE - mean': 270.45571017508126, 'MSE - std': 121.2575010101715, 'R2 - mean': 0.7901736392892741, 'R2 - std': 0.13689842002887004} 
 

Saved Losses
{'MSE - mean': 283.2627361688933, 'MSE - std': 107.32938045028648, 'R2 - mean': 0.7959660174095988, 'R2 - std': 0.11898125057195837} 
 

Saved Losses
{'MSE - mean': 283.00421654535114, 'MSE - std': 95.99970862381248, 'R2 - mean': 0.8104091178429828, 'R2 - std': 0.11027077124355747} 
 

Saving model.....
Results After CV: {'MSE - mean': 283.00421654535114, 'MSE - std': 95.99970862381248, 'R2 - mean': 0.8104091178429828, 'R2 - std': 0.11027077124355747}
Train time: 0.28543839299998125
Inference time: 0.018604971400020532
Finished cross validation
Hyperparam was saved!!! Hurrah!!!
Trial 191 finished with value: 283.00421654535114 and parameters: {'max_depth': 11, 'n_estimators': 42}. Best is trial 189 with value: 262.4650933122968.
Saved Losses
{'MSE - mean': 467.476607883976, 'MSE - std': 0.0, 'R2 - mean': 0.5433632690582695, 'R2 - std': 0.0} 
 

Saved Losses
{'MSE - mean': 295.0917996957687, 'MSE - std': 172.38480818820727, 'R2 - mean': 0.7132540109568315, 'R2 - std': 0.16989074189856207} 
 

Saved Losses
{'MSE - mean': 291.88190961682653, 'MSE - std': 140.82479014018728, 'R2 - mean': 0.7699967413618575, 'R2 - std': 0.16025412432403766} 
 

Saved Losses
{'MSE - mean': 294.46428811490404, 'MSE - std': 122.03983847351996, 'R2 - mean': 0.7836580548183203, 'R2 - std': 0.14078683435682218} 
 

Saved Losses
{'MSE - mean': 286.75746695545695, 'MSE - std': 110.23864163372605, 'R2 - mean': 0.8029974363641568, 'R2 - std': 0.13172999998813478} 
 

Saving model.....
Results After CV: {'MSE - mean': 286.75746695545695, 'MSE - std': 110.23864163372605, 'R2 - mean': 0.8029974363641568, 'R2 - std': 0.13172999998813478}
Train time: 0.48444671280000196
Inference time: 0.0279783373999976
Finished cross validation
Hyperparam was saved!!! Hurrah!!!
