Trial 88 finished with value: 24.183328357516864 and parameters: {'max_depth': 2, 'n_estimators': 99}. Best is trial 60 with value: 10.706708559822587.
Saved Losses
{'MSE - mean': 12.037050888803035, 'MSE - std': 0.0, 'R2 - mean': 0.8387929937115737, 'R2 - std': 0.0} 
 

Saved Losses
{'MSE - mean': 11.814336117931632, 'MSE - std': 0.2227147708714048, 'R2 - mean': 0.8474347148084485, 'R2 - std': 0.008641721096874777} 
 

Saved Losses
{'MSE - mean': 10.923709860547838, 'MSE - std': 1.2725950547833842, 'R2 - mean': 0.8663568113925613, 'R2 - std': 0.02767449561035874} 
 

Saved Losses
{'MSE - mean': 10.703671790399241, 'MSE - std': 1.1661363072293478, 'R2 - mean': 0.8664912091060206, 'R2 - std': 0.023967946693489898} 
 

Saved Losses
{'MSE - mean': 10.999087232655834, 'MSE - std': 1.1987411078816939, 'R2 - mean': 0.8665031714260583, 'R2 - std': 0.021437596585204725} 
 

Saving model.....
Results After CV: {'MSE - mean': 10.999087232655834, 'MSE - std': 1.1987411078816939, 'R2 - mean': 0.8665031714260583, 'R2 - std': 0.021437596585204725}
Train time: 0.5738518778000014
Inference time: 0.02705675459999952
Finished cross validation
Hyperparam was saved!!! Hurrah!!!
Trial 89 finished with value: 10.999087232655834 and parameters: {'max_depth': 10, 'n_estimators': 85}. Best is trial 60 with value: 10.706708559822587.
Saved Losses
{'MSE - mean': 13.35744836565468, 'MSE - std': 0.0, 'R2 - mean': 0.8211094824993674, 'R2 - std': 0.0} 
 

Saved Losses
{'MSE - mean': 12.087660754477287, 'MSE - std': 1.2697876111773914, 'R2 - mean': 0.8433964545833121, 'R2 - std': 0.0222869720839447} 
 

Saved Losses
{'MSE - mean': 11.268506770956611, 'MSE - std': 1.5546490115463287, 'R2 - mean': 0.8619610426226555, 'R2 - std': 0.03194412738811432} 
 

Saved Losses
{'MSE - mean': 10.919629525336546, 'MSE - std': 1.4757527433011306, 'R2 - mean': 0.8637594826640901, 'R2 - std': 0.027839245961213867} 
 

Saved Losses
{'MSE - mean': 11.423053247928513, 'MSE - std': 1.6601261112825323, 'R2 - mean': 0.8615657131588339, 'R2 - std': 0.025283777232050164} 
 

Saving model.....
Results After CV: {'MSE - mean': 11.423053247928513, 'MSE - std': 1.6601261112825323, 'R2 - mean': 0.8615657131588339, 'R2 - std': 0.025283777232050164}
Train time: 0.4936718123999981
Inference time: 0.023779416200000014
Finished cross validation
Hyperparam was saved!!! Hurrah!!!
Trial 90 finished with value: 11.423053247928513 and parameters: {'max_depth': 11, 'n_estimators': 71}. Best is trial 60 with value: 10.706708559822587.
Saved Losses
{'MSE - mean': 12.769899515971954, 'MSE - std': 0.0, 'R2 - mean': 0.8289782696284198, 'R2 - std': 0.0} 
 

Saved Losses
{'MSE - mean': 11.965314826647719, 'MSE - std': 0.8045846893242352, 'R2 - mean': 0.8452023624478127, 'R2 - std': 0.0162240928193928} 
 

Saved Losses
{'MSE - mean': 11.274732371628012, 'MSE - std': 1.1770213546174113, 'R2 - mean': 0.8622450807141403, 'R2 - std': 0.027502532314055743} 
 

Saved Losses
{'MSE - mean': 10.87430386770414, 'MSE - std': 1.2329085173617638, 'R2 - mean': 0.8646350847703987, 'R2 - std': 0.02417495234599348} 
 

Saved Losses
{'MSE - mean': 11.24974758211284, 'MSE - std': 1.3341224308520385, 'R2 - mean': 0.8637676241902137, 'R2 - std': 0.021692224601860093} 
 

Saving model.....
Results After CV: {'MSE - mean': 11.24974758211284, 'MSE - std': 1.3341224308520385, 'R2 - mean': 0.8637676241902137, 'R2 - std': 0.021692224601860093}
Train time: 0.6158243867999943
Inference time: 0.0278224487999978
Finished cross validation
Hyperparam was saved!!! Hurrah!!!
Trial 91 finished with value: 11.24974758211284 and parameters: {'max_depth': 12, 'n_estimators': 89}. Best is trial 60 with value: 10.706708559822587.
Saved Losses
{'MSE - mean': 11.286368803718172, 'MSE - std': 0.0, 'R2 - mean': 0.8488465535684531, 'R2 - std': 0.0} 
 

Saved Losses
{'MSE - mean': 10.948226333049067, 'MSE - std': 0.33814247066910497, 'R2 - mean': 0.8585549638409119, 'R2 - std': 0.009708410272458834} 
 

Saved Losses
{'MSE - mean': 10.691781901525124, 'MSE - std': 0.4558008116484828, 'R2 - mean': 0.8701502228272454, 'R2 - std': 0.018213608884546165} 
 

Saved Losses
{'MSE - mean': 10.485421207245178, 'MSE - std': 0.5325129044029497, 'R2 - mean': 0.8699234293593308, 'R2 - std': 0.015778338546269075} 
 

Saved Losses
{'MSE - mean': 10.972806623478965, 'MSE - std': 1.0849120565806527, 'R2 - mean': 0.8676239955367503, 'R2 - std': 0.014842990178607992} 
 

Saving model.....
Results After CV: {'MSE - mean': 10.972806623478965, 'MSE - std': 1.0849120565806527, 'R2 - mean': 0.8676239955367503, 'R2 - std': 0.014842990178607992}
Train time: 0.6800466942000014
Inference time: 0.031178165000000035
Finished cross validation
Hyperparam was saved!!! Hurrah!!!
Trial 92 finished with value: 10.972806623478965 and parameters: {'max_depth': 12, 'n_estimators': 100}. Best is trial 60 with value: 10.706708559822587.
Saved Losses
{'MSE - mean': 12.798143627471834, 'MSE - std': 0.0, 'R2 - mean': 0.8286000084827094, 'R2 - std': 0.0} 
 

Saved Losses
{'MSE - mean': 11.865541699817886, 'MSE - std': 0.9326019276539483, 'R2 - mean': 0.8464273740488002, 'R2 - std': 0.017827365566090825} 
 

Saved Losses
{'MSE - mean': 11.156451200255804, 'MSE - std': 1.2591463682912238, 'R2 - mean': 0.86360418118194, 'R2 - std': 0.028318934453757064} 
 

Saved Losses
{'MSE - mean': 11.200458809021956, 'MSE - std': 1.0931135309169298, 'R2 - mean': 0.8601562624281952, 'R2 - std': 0.02524155240163364} 
 

Saved Losses
{'MSE - mean': 11.6140027111372, 'MSE - std': 1.2806217197462157, 'R2 - mean': 0.8590524980043517, 'R2 - std': 0.022684398994218556} 
 

Saving model.....
Results After CV: {'MSE - mean': 11.6140027111372, 'MSE - std': 1.2806217197462157, 'R2 - mean': 0.8590524980043517, 'R2 - std': 0.022684398994218556}
Train time: 0.5288854042000025
Inference time: 0.025821606200003087
Finished cross validation
Hyperparam was saved!!! Hurrah!!!
Trial 93 finished with value: 11.6140027111372 and parameters: {'max_depth': 11, 'n_estimators': 76}. Best is trial 60 with value: 10.706708559822587.
Saved Losses
{'MSE - mean': 13.892599017419796, 'MSE - std': 0.0, 'R2 - mean': 0.8139424417282262, 'R2 - std': 0.0} 
 

Saved Losses
{'MSE - mean': 12.318968451439918, 'MSE - std': 1.5736305659798768, 'R2 - mean': 0.8402632393154759, 'R2 - std': 0.026320797587249645} 
 

Saved Losses
{'MSE - mean': 11.707139092593017, 'MSE - std': 1.549046728631769, 'R2 - mean': 0.856891869716828, 'R2 - std': 0.031857164894816346} 
 

Saved Losses
{'MSE - mean': 11.20608862519481, 'MSE - std': 1.5977528088704684, 'R2 - mean': 0.8605210490804336, 'R2 - std': 0.028296148941354248} 
 

Saved Losses
{'MSE - mean': 11.337651038991726, 'MSE - std': 1.4530952843840148, 'R2 - mean': 0.8624213042137109, 'R2 - std': 0.025592606631901136} 
 

Saving model.....
Results After CV: {'MSE - mean': 11.337651038991726, 'MSE - std': 1.4530952843840148, 'R2 - mean': 0.8624213042137109, 'R2 - std': 0.025592606631901136}
Train time: 0.697957431799989
Inference time: 0.03248172639999893
Finished cross validation
Hyperparam was saved!!! Hurrah!!!
Trial 94 finished with value: 11.337651038991726 and parameters: {'max_depth': 12, 'n_estimators': 99}. Best is trial 60 with value: 10.706708559822587.
Saved Losses
{'MSE - mean': 12.480486414365645, 'MSE - std': 0.0, 'R2 - mean': 0.8328542538808417, 'R2 - std': 0.0} 
 

Saved Losses
{'MSE - mean': 11.229416701920192, 'MSE - std': 1.251069712445453, 'R2 - mean': 0.8544806908250447, 'R2 - std': 0.021626436944203076} 
 

Saved Losses
{'MSE - mean': 10.803721740893913, 'MSE - std': 1.1856992381229017, 'R2 - mean': 0.8682253793822817, 'R2 - std': 0.026260898252064284} 
 

Saved Losses
{'MSE - mean': 10.577244058016694, 'MSE - std': 1.0992217405911444, 'R2 - mean': 0.8683755238616204, 'R2 - std': 0.022744091822888474} 
 

Saved Losses
{'MSE - mean': 11.173763460510193, 'MSE - std': 1.545953536881165, 'R2 - mean': 0.8649888315671787, 'R2 - std': 0.021440935358964932} 
 

Saving model.....
Results After CV: {'MSE - mean': 11.173763460510193, 'MSE - std': 1.545953536881165, 'R2 - mean': 0.8649888315671787, 'R2 - std': 0.021440935358964932}
Train time: 0.5667878600000051
Inference time: 0.027713739200004285
Finished cross validation
Hyperparam was saved!!! Hurrah!!!
Trial 95 finished with value: 11.173763460510193 and parameters: {'max_depth': 10, 'n_estimators': 84}. Best is trial 60 with value: 10.706708559822587.
Saved Losses
{'MSE - mean': 12.083068061686083, 'MSE - std': 0.0, 'R2 - mean': 0.8381767056567285, 'R2 - std': 0.0} 
 

Saved Losses
{'MSE - mean': 11.505196858162073, 'MSE - std': 0.5778712035240092, 'R2 - mean': 0.8512505755601496, 'R2 - std': 0.013073869903421131} 
 

Saved Losses
{'MSE - mean': 10.828295137577674, 'MSE - std': 1.0672465962630653, 'R2 - mean': 0.8677409808648137, 'R2 - std': 0.025647956066554296} 
 

Saved Losses
{'MSE - mean': 10.957808473982773, 'MSE - std': 0.9510954662107606, 'R2 - mean': 0.8632129184333445, 'R2 - std': 0.023555748469190525} 
 

Saved Losses
{'MSE - mean': 11.288672147276266, 'MSE - std': 1.0777518962629502, 'R2 - mean': 0.8629353271892672, 'R2 - std': 0.021076215418100352} 
 

Saving model.....
Results After CV: {'MSE - mean': 11.288672147276266, 'MSE - std': 1.0777518962629502, 'R2 - mean': 0.8629353271892672, 'R2 - std': 0.021076215418100352}
Train time: 0.4176673163999965
Inference time: 0.022675937599996133
Finished cross validation
Hyperparam was saved!!! Hurrah!!!
Trial 96 finished with value: 11.288672147276266 and parameters: {'max_depth': 9, 'n_estimators': 66}. Best is trial 60 with value: 10.706708559822587.
Saved Losses
{'MSE - mean': 13.147806244524398, 'MSE - std': 0.0, 'R2 - mean': 0.82391712857909, 'R2 - std': 0.0} 
 

Saved Losses
{'MSE - mean': 12.20429548543508, 'MSE - std': 0.9435107590893175, 'R2 - mean': 0.8420506444311375, 'R2 - std': 0.018133515852047533} 
 

Saved Losses
{'MSE - mean': 11.701019968921855, 'MSE - std': 1.0488315050830805, 'R2 - mean': 0.8573465271243825, 'R2 - std': 0.026213437765809984} 
 

Saved Losses
{'MSE - mean': 11.481128467910093, 'MSE - std': 0.9849327191198127, 'R2 - mean': 0.8571561630603975, 'R2 - std': 0.022703897353914055} 
 

Saved Losses
{'MSE - mean': 11.717460183226269, 'MSE - std': 0.9997423106037573, 'R2 - mean': 0.8579789190024112, 'R2 - std': 0.02037354346710771} 
 

Saving model.....
Results After CV: {'MSE - mean': 11.717460183226269, 'MSE - std': 0.9997423106037573, 'R2 - mean': 0.8579789190024112, 'R2 - std': 0.02037354346710771}
Train time: 0.6328552877999982
Inference time: 0.027066356400001722
Finished cross validation
Hyperparam was saved!!! Hurrah!!!
Trial 97 finished with value: 11.717460183226269 and parameters: {'max_depth': 12, 'n_estimators': 92}. Best is trial 60 with value: 10.706708559822587.
Saved Losses
{'MSE - mean': 12.002739973937416, 'MSE - std': 0.0, 'R2 - mean': 0.8392525049257074, 'R2 - std': 0.0} 
 

Saved Losses
{'MSE - mean': 11.407361768320586, 'MSE - std': 0.5953782056168304, 'R2 - mean': 0.8525045288192483, 'R2 - std': 0.013252023893540965} 
 

Saved Losses
{'MSE - mean': 10.77505249787024, 'MSE - std': 1.017814733703492, 'R2 - mean': 0.8684514096980159, 'R2 - std': 0.02501366515273606} 
 

Saved Losses
{'MSE - mean': 10.754898024118571, 'MSE - std': 0.8821443943848153, 'R2 - mean': 0.8659056666090481, 'R2 - std': 0.022106673356816618} 
 

Saved Losses
{'MSE - mean': 11.244465122009748, 'MSE - std': 1.2574763454578388, 'R2 - mean': 0.8637954204546677, 'R2 - std': 0.020218223484082334} 
 

Saving model.....
Results After CV: {'MSE - mean': 11.244465122009748, 'MSE - std': 1.2574763454578388, 'R2 - mean': 0.8637954204546677, 'R2 - std': 0.020218223484082334}
Train time: 0.47963325959999564
Inference time: 0.025719997800007378
Finished cross validation
Hyperparam was saved!!! Hurrah!!!
Trial 98 finished with value: 11.244465122009748 and parameters: {'max_depth': 11, 'n_estimators': 73}. Best is trial 60 with value: 10.706708559822587.
Saved Losses
{'MSE - mean': 12.883774902194128, 'MSE - std': 0.0, 'R2 - mean': 0.8274531859287328, 'R2 - std': 0.0} 
 

Saved Losses
{'MSE - mean': 12.343371522889038, 'MSE - std': 0.54040337930509, 'R2 - mean': 0.8404527518312039, 'R2 - std': 0.012999565902471033} 
 

Saved Losses
{'MSE - mean': 11.52589017705416, 'MSE - std': 1.237433652020279, 'R2 - mean': 0.859087894609814, 'R2 - std': 0.028411199115727207} 
 

Saved Losses
{'MSE - mean': 11.707949337237878, 'MSE - std': 1.1170801877146443, 'R2 - mean': 0.8537154449296769, 'R2 - std': 0.02630564241929751} 
 

Saved Losses
{'MSE - mean': 12.201764888808837, 'MSE - std': 1.4048877935696478, 'R2 - mean': 0.8519084239146147, 'R2 - std': 0.023804427282945895} 
 

Saving model.....
Results After CV: {'MSE - mean': 12.201764888808837, 'MSE - std': 1.4048877935696478, 'R2 - mean': 0.8519084239146147, 'R2 - std': 0.023804427282945895}
Train time: 0.06607330899998942
Inference time: 0.006218276399994238
Finished cross validation
Hyperparam was saved!!! Hurrah!!!
Trial 99 finished with value: 12.201764888808837 and parameters: {'max_depth': 12, 'n_estimators': 7}. Best is trial 60 with value: 10.706708559822587.
Saved Losses
{'MSE - mean': 12.4196341226529, 'MSE - std': 0.0, 'R2 - mean': 0.8336692222533627, 'R2 - std': 0.0} 
 

Saved Losses
{'MSE - mean': 11.760092096709311, 'MSE - std': 0.6595420259435887, 'R2 - mean': 0.8479214417881575, 'R2 - std': 0.014252219534794774} 
 

Saved Losses
{'MSE - mean': 11.227255692679643, 'MSE - std': 0.9261891759115487, 'R2 - mean': 0.8631216694539, 'R2 - std': 0.02444403846802187} 
 

Saved Losses
{'MSE - mean': 10.784134570614208, 'MSE - std': 1.1101525925040119, 'R2 - mean': 0.8660156246230357, 'R2 - std': 0.021754498202268466} 
 

Saved Losses
{'MSE - mean': 11.231718635095783, 'MSE - std': 1.3368907965971228, 'R2 - mean': 0.8642792800492669, 'R2 - std': 0.019765275701123575} 
 

Saving model.....
Results After CV: {'MSE - mean': 11.231718635095783, 'MSE - std': 1.3368907965971228, 'R2 - mean': 0.8642792800492669, 'R2 - std': 0.019765275701123575}
Train time: 0.6607959034000089
Inference time: 0.03068642959999579
Finished cross validation
Hyperparam was saved!!! Hurrah!!!
Trial 100 finished with value: 11.231718635095783 and parameters: {'max_depth': 10, 'n_estimators': 100}. Best is trial 60 with value: 10.706708559822587.
Saved Losses
{'MSE - mean': 12.662215468572823, 'MSE - std': 0.0, 'R2 - mean': 0.8304204354102711, 'R2 - std': 0.0} 
 

Saved Losses
{'MSE - mean': 11.982063912141664, 'MSE - std': 0.6801515564311593, 'R2 - mean': 0.8450469739872044, 'R2 - std': 0.014626538576933301} 
 

Saved Losses
{'MSE - mean': 10.951335892791988, 'MSE - std': 1.5598732618032871, 'R2 - mean': 0.8656471930149318, 'R2 - std': 0.03148589845961259} 
 

Saved Losses
{'MSE - mean': 10.535954610873885, 'MSE - std': 1.5305320227850185, 'R2 - mean': 0.8684563156085802, 'R2 - std': 0.027698282628986454} 
 

Saved Losses
{'MSE - mean': 10.965967585569887, 'MSE - std': 1.6166840296866714, 'R2 - mean': 0.8669681353801348, 'R2 - std': 0.024952246593152934} 
 

Saving model.....
Results After CV: {'MSE - mean': 10.965967585569887, 'MSE - std': 1.6166840296866714, 'R2 - mean': 0.8669681353801348, 'R2 - std': 0.024952246593152934}
Train time: 0.5974793633999923
Inference time: 0.04763017059999584
Finished cross validation
Hyperparam was saved!!! Hurrah!!!
Trial 101 finished with value: 10.965967585569887 and parameters: {'max_depth': 11, 'n_estimators': 87}. Best is trial 60 with value: 10.706708559822587.
Saved Losses
{'MSE - mean': 13.159368457249451, 'MSE - std': 0.0, 'R2 - mean': 0.8237622808745572, 'R2 - std': 0.0} 
 

Saved Losses
{'MSE - mean': 11.848584337855439, 'MSE - std': 1.310784119394012, 'R2 - mean': 0.8464615705708393, 'R2 - std': 0.0226992896962821} 
 

Saved Losses
{'MSE - mean': 11.209044814979583, 'MSE - std': 1.4012345536743358, 'R2 - mean': 0.8629574198975783, 'R2 - std': 0.029794819323132563} 
 

Saved Losses
{'MSE - mean': 10.951667209952276, 'MSE - std': 1.2927967359631454, 'R2 - mean': 0.8634911459580603, 'R2 - std': 0.025819624985589897} 
 

Saved Losses
{'MSE - mean': 11.3430096081564, 'MSE - std': 1.3963001865437787, 'R2 - mean': 0.8625087771216835, 'R2 - std': 0.023177200470288373} 
 

Saving model.....
Results After CV: {'MSE - mean': 11.3430096081564, 'MSE - std': 1.3963001865437787, 'R2 - mean': 0.8625087771216835, 'R2 - std': 0.023177200470288373}
Train time: 0.556520239799994
Inference time: 0.026764684600004786
Finished cross validation
Hyperparam was saved!!! Hurrah!!!
Trial 102 finished with value: 11.3430096081564 and parameters: {'max_depth': 11, 'n_estimators': 80}. Best is trial 60 with value: 10.706708559822587.
Saved Losses
{'MSE - mean': 12.414277553277156, 'MSE - std': 0.0, 'R2 - mean': 0.8337409604657386, 'R2 - std': 0.0} 
 

Saved Losses
{'MSE - mean': 11.743527899739059, 'MSE - std': 0.6707496535380972, 'R2 - mean': 0.8481297207692499, 'R2 - std': 0.014388760303511217} 
 

Saved Losses
{'MSE - mean': 10.942904737371327, 'MSE - std': 1.2577486346856968, 'R2 - mean': 0.8661243743445229, 'R2 - std': 0.02802925965194425} 
 

Saved Losses
{'MSE - mean': 10.562315499258737, 'MSE - std': 1.2731823221917833, 'R2 - mean': 0.8683810426122929, 'R2 - std': 0.024586728177806865} 
 

Saved Losses
{'MSE - mean': 10.993229694378451, 'MSE - std': 1.4281256088509902, 'R2 - mean': 0.866840282909437, 'R2 - std': 0.022205889395366864} 
 

Saving model.....
Results After CV: {'MSE - mean': 10.993229694378451, 'MSE - std': 1.4281256088509902, 'R2 - mean': 0.866840282909437, 'R2 - std': 0.022205889395366864}
Train time: 0.6270567799999924
Inference time: 0.028471705000009707
Finished cross validation
Hyperparam was saved!!! Hurrah!!!
Trial 103 finished with value: 10.993229694378451 and parameters: {'max_depth': 12, 'n_estimators': 92}. Best is trial 60 with value: 10.706708559822587.
Saved Losses
{'MSE - mean': 11.585134759784024, 'MSE - std': 0.0, 'R2 - mean': 0.8448453105893212, 'R2 - std': 0.0} 
 

Saved Losses
{'MSE - mean': 11.549515763535542, 'MSE - std': 0.03561899624848319, 'R2 - mean': 0.850943394121831, 'R2 - std': 0.006098083532509735} 
 

Saved Losses
{'MSE - mean': 10.660694111727816, 'MSE - std': 1.2573200332613266, 'R2 - mean': 0.8696019924300669, 'R2 - std': 0.02685288929524193} 
 

Saved Losses
{'MSE - mean': 10.496841826459512, 'MSE - std': 1.1252479565380842, 'R2 - mean': 0.8690519000151444, 'R2 - std': 0.023274794362609406} 
 

Saved Losses
{'MSE - mean': 10.930573001237743, 'MSE - std': 1.3286975949600153, 'R2 - mean': 0.8674895691242639, 'R2 - std': 0.021050804102166774} 
 

Saving model.....
Results After CV: {'MSE - mean': 10.930573001237743, 'MSE - std': 1.3286975949600153, 'R2 - mean': 0.8674895691242639, 'R2 - std': 0.021050804102166774}
Train time: 0.5706461494000052
Inference time: 0.026164286199997378
Finished cross validation
Hyperparam was saved!!! Hurrah!!!
Trial 104 finished with value: 10.930573001237743 and parameters: {'max_depth': 10, 'n_estimators': 87}. Best is trial 60 with value: 10.706708559822587.
Saved Losses
{'MSE - mean': 13.429693981655566, 'MSE - std': 0.0, 'R2 - mean': 0.8201419282719612, 'R2 - std': 0.0} 
 

Saved Losses
{'MSE - mean': 12.024177847614002, 'MSE - std': 1.405516134041564, 'R2 - mean': 0.8441493991548823, 'R2 - std': 0.024007470882921156} 
 

Saved Losses
{'MSE - mean': 11.349606180003285, 'MSE - std': 1.4923396412524983, 'R2 - mean': 0.861169738378337, 'R2 - std': 0.031042277623038687} 
 

Saved Losses
{'MSE - mean': 10.77297073496452, 'MSE - std': 1.633350395066958, 'R2 - mean': 0.8659157467636434, 'R2 - std': 0.02811211548068821} 
 

Saved Losses
{'MSE - mean': 10.975387473448686, 'MSE - std': 1.515967332935172, 'R2 - mean': 0.86690982601912, 'R2 - std': 0.02522271999020558} 
 

Saving model.....
Results After CV: {'MSE - mean': 10.975387473448686, 'MSE - std': 1.515967332935172, 'R2 - mean': 0.86690982601912, 'R2 - std': 0.02522271999020558}
Train time: 0.4275056832000018
Inference time: 0.02119584499998837
Finished cross validation
Hyperparam was saved!!! Hurrah!!!
Trial 105 finished with value: 10.975387473448686 and parameters: {'max_depth': 11, 'n_estimators': 61}. Best is trial 60 with value: 10.706708559822587.
Saved Losses
{'MSE - mean': 12.733054532745605, 'MSE - std': 0.0, 'R2 - mean': 0.8294717185219682, 'R2 - std': 0.0} 
 

Saved Losses
{'MSE - mean': 12.004069072136275, 'MSE - std': 0.72898546060933, 'R2 - mean': 0.8447391706938585, 'R2 - std': 0.01526745217189035} 
 

Saved Losses
{'MSE - mean': 11.653998107486666, 'MSE - std': 0.7741958592207858, 'R2 - mean': 0.8582328838663061, 'R2 - std': 0.022793800054134953} 
 

Saved Losses
{'MSE - mean': 11.114634794612478, 'MSE - std': 1.1499012006036955, 'R2 - mean': 0.8622106306186431, 'R2 - std': 0.020907783200475687} 
 

Saved Losses
{'MSE - mean': 11.551322068216313, 'MSE - std': 1.3492966006886933, 'R2 - mean': 0.8606304929820869, 'R2 - std': 0.018965644162229785} 
 

Saving model.....
Results After CV: {'MSE - mean': 11.551322068216313, 'MSE - std': 1.3492966006886933, 'R2 - mean': 0.8606304929820869, 'R2 - std': 0.018965644162229785}
Train time: 0.42133770539999205
Inference time: 0.021572566000003235
Finished cross validation
Hyperparam was saved!!! Hurrah!!!
