Trial 198 finished with value: 12515548.184076319 and parameters: {'max_depth': 12, 'n_estimators': 78}. Best is trial 126 with value: 12511461.289126027.
Saved Losses
{'MSE - mean': 12443289.038837051, 'MSE - std': 0.0, 'R2 - mean': 0.5128954548208613, 'R2 - std': 0.0} 
 

Saved Losses
{'MSE - mean': 12515006.328874975, 'MSE - std': 71717.29003792442, 'R2 - mean': 0.5129679504963638, 'R2 - std': 7.249567550249303e-05} 
 

Saved Losses
{'MSE - mean': 12570073.09247332, 'MSE - std': 97435.15809662646, 'R2 - mean': 0.5114940547727763, 'R2 - std': 0.002085243620458536} 
 

Saved Losses
{'MSE - mean': 12573297.323743196, 'MSE - std': 84565.91823442151, 'R2 - mean': 0.512013819022527, 'R2 - std': 0.0020178318422141932} 
 

Saved Losses
{'MSE - mean': 12573846.270422373, 'MSE - std': 75646.02429269503, 'R2 - mean': 0.5131693457142423, 'R2 - std': 0.002932283072254276} 
 

Saving model.....
Results After CV: {'MSE - mean': 12573846.270422373, 'MSE - std': 75646.02429269503, 'R2 - mean': 0.5131693457142423, 'R2 - std': 0.002932283072254276}
Train time: 56.65818183799856
Inference time: 0.3584949404015788
Finished cross validation
Hyperparam was saved!!! Hurrah!!!
Trial 199 finished with value: 12573846.270422373 and parameters: {'max_depth': 11, 'n_estimators': 71}. Best is trial 126 with value: 12511461.289126027.
Best parameters: {'max_depth': 12, 'n_estimators': 100}
Saved Losses
{'MSE - mean': 12400339.960484844, 'MSE - std': 0.0, 'R2 - mean': 0.5145767378973308, 'R2 - std': 0.0} 
 

Saved Losses
{'MSE - mean': 12464825.911073819, 'MSE - std': 64485.95058897603, 'R2 - mean': 0.5149191750799349, 'R2 - std': 0.00034243718260412725} 
 

Saved Losses
{'MSE - mean': 12517087.170869939, 'MSE - std': 90745.63589064502, 'R2 - mean': 0.5135518956247155, 'R2 - std': 0.0019537353198468524} 
 

Saved Losses
{'MSE - mean': 12515904.82955811, 'MSE - std': 78614.7035727485, 'R2 - mean': 0.5142396235739638, 'R2 - std': 0.0020692318554345066} 
 

Saved Losses
{'MSE - mean': 12515124.81823481, 'MSE - std': 70332.43181436852, 'R2 - mean': 0.5154410711386685, 'R2 - std': 0.003033031714337138} 
 

Saving model.....
Results After CV: {'MSE - mean': 12515124.81823481, 'MSE - std': 70332.43181436852, 'R2 - mean': 0.5154410711386685, 'R2 - std': 0.003033031714337138}
Train time: 83.24424062980106
Inference time: 0.4925321022004937
Finished cross validation
