[I 2025-01-26 02:30:29,221] Trial 7 finished with value: 21319390130.86402 and parameters: {'max_depth': 8, 'n_estimators': 94}. Best is trial 4 with value: 17963233237.250427.
[I 2025-01-26 02:30:30,217] Trial 8 finished with value: 62211808144.52492 and parameters: {'max_depth': 2, 'n_estimators': 24}. Best is trial 4 with value: 17963233237.250427.
[I 2025-01-26 02:30:31,342] Trial 9 finished with value: 21368671012.723957 and parameters: {'max_depth': 9, 'n_estimators': 7}. Best is trial 4 with value: 17963233237.250427.
[I 2025-01-26 02:30:33,354] Trial 10 finished with value: 47175540726.62059 and parameters: {'max_depth': 3, 'n_estimators': 45}. Best is trial 4 with value: 17963233237.250427.
[I 2025-01-26 02:30:35,769] Trial 11 finished with value: 18310225987.050926 and parameters: {'max_depth': 12, 'n_estimators': 14}. Best is trial 4 with value: 17963233237.250427.
[I 2025-01-26 02:30:38,169] Trial 12 finished with value: 18565528754.796867 and parameters: {'max_depth': 12, 'n_estimators': 14}. Best is trial 4 with value: 17963233237.250427.
[I 2025-01-26 02:30:39,495] Trial 13 finished with value: 27056256013.77522 and parameters: {'max_depth': 6, 'n_estimators': 12}. Best is trial 4 with value: 17963233237.250427.
[I 2025-01-26 02:30:41,414] Trial 14 finished with value: 47427707166.9156 and parameters: {'max_depth': 3, 'n_estimators': 43}. Best is trial 4 with value: 17963233237.250427.
[I 2025-01-26 02:30:43,690] Trial 15 finished with value: 19251987171.349297 and parameters: {'max_depth': 12, 'n_estimators': 12}. Best is trial 4 with value: 17963233237.250427.
[I 2025-01-26 02:30:46,529] Trial 16 finished with value: 26309008138.02806 and parameters: {'max_depth': 6, 'n_estimators': 38}. Best is trial 4 with value: 17963233237.250427.
[I 2025-01-26 02:30:47,632] Trial 17 finished with value: 47588299189.67394 and parameters: {'max_depth': 3, 'n_estimators': 18}. Best is trial 4 with value: 17963233237.250427.
[I 2025-01-26 02:30:53,867] Trial 18 finished with value: 18752084377.822063 and parameters: {'max_depth': 10, 'n_estimators': 56}. Best is trial 4 with value: 17963233237.250427.
[I 2025-01-26 02:30:56,476] Trial 19 finished with value: 23584861430.330814 and parameters: {'max_depth': 7, 'n_estimators': 30}. Best is trial 4 with value: 17963233237.250427.
[I 2025-01-26 02:30:57,433] Trial 20 finished with value: 38300009737.94572 and parameters: {'max_depth': 4, 'n_estimators': 9}. Best is trial 4 with value: 17963233237.250427.
[I 2025-01-26 02:30:59,561] Trial 21 finished with value: 18923706941.901497 and parameters: {'max_depth': 12, 'n_estimators': 10}. Best is trial 4 with value: 17963233237.250427.
[I 2025-01-26 02:31:01,577] Trial 22 finished with value: 19517665172.47869 and parameters: {'max_depth': 10, 'n_estimators': 15}. Best is trial 4 with value: 17963233237.250427.
[I 2025-01-26 02:31:03,999] Trial 23 finished with value: 19236950052.481422 and parameters: {'max_depth': 12, 'n_estimators': 15}. Best is trial 4 with value: 17963233237.250427.
[I 2025-01-26 02:31:07,537] Trial 24 finished with value: 19486494501.631203 and parameters: {'max_depth': 10, 'n_estimators': 28}. Best is trial 4 with value: 17963233237.250427.
[I 2025-01-26 02:31:08,640] Trial 25 finished with value: 22786535235.012447 and parameters: {'max_depth': 9, 'n_estimators': 5}. Best is trial 4 with value: 17963233237.250427.
[I 2025-01-26 02:31:10,170] Trial 26 finished with value: 24374270838.328125 and parameters: {'max_depth': 7, 'n_estimators': 15}. Best is trial 4 with value: 17963233237.250427.
[I 2025-01-26 02:31:12,995] Trial 27 finished with value: 19223541616.450794 and parameters: {'max_depth': 10, 'n_estimators': 23}. Best is trial 4 with value: 17963233237.250427.
[I 2025-01-26 02:31:14,491] Trial 28 finished with value: 24654736001.64008 and parameters: {'max_depth': 7, 'n_estimators': 12}. Best is trial 4 with value: 17963233237.250427.
[I 2025-01-26 02:31:18,415] Trial 29 finished with value: 19864996302.954132 and parameters: {'max_depth': 9, 'n_estimators': 37}. Best is trial 4 with value: 17963233237.250427.
[I 2025-01-26 02:31:27,018] Trial 30 finished with value: 17997188443.81766 and parameters: {'max_depth': 12, 'n_estimators': 63}. Best is trial 4 with value: 17963233237.250427.
[I 2025-01-26 02:31:35,484] Trial 31 finished with value: 17936421979.192024 and parameters: {'max_depth': 12, 'n_estimators': 61}. Best is trial 31 with value: 17936421979.192024.
[I 2025-01-26 02:31:43,717] Trial 32 finished with value: 18343406801.728493 and parameters: {'max_depth': 11, 'n_estimators': 66}. Best is trial 31 with value: 17936421979.192024.
[I 2025-01-26 02:31:51,657] Trial 33 finished with value: 21406736124.495953 and parameters: {'max_depth': 8, 'n_estimators': 91}. Best is trial 31 with value: 17936421979.192024.
[I 2025-01-26 02:31:59,162] Trial 34 finished with value: 18680211673.158283 and parameters: {'max_depth': 11, 'n_estimators': 60}. Best is trial 31 with value: 17936421979.192024.
[I 2025-01-26 02:32:05,872] Trial 35 finished with value: 21149996369.919945 and parameters: {'max_depth': 8, 'n_estimators': 77}. Best is trial 31 with value: 17936421979.192024.
[I 2025-01-26 02:32:10,611] Trial 36 finished with value: 20127897915.562767 and parameters: {'max_depth': 9, 'n_estimators': 47}. Best is trial 31 with value: 17936421979.192024.
[I 2025-01-26 02:32:20,057] Trial 37 finished with value: 18192156528.672615 and parameters: {'max_depth': 11, 'n_estimators': 78}. Best is trial 31 with value: 17936421979.192024.
[I 2025-01-26 02:32:23,915] Trial 38 finished with value: 38484718798.65977 and parameters: {'max_depth': 4, 'n_estimators': 79}. Best is trial 31 with value: 17936421979.192024.
[I 2025-01-26 02:32:30,631] Trial 39 finished with value: 18008149663.470177 and parameters: {'max_depth': 11, 'n_estimators': 54}. Best is trial 31 with value: 17936421979.192024.
[I 2025-01-26 02:32:34,443] Trial 40 finished with value: 26116243893.494045 and parameters: {'max_depth': 6, 'n_estimators': 54}. Best is trial 31 with value: 17936421979.192024.
[I 2025-01-26 02:32:42,770] Trial 41 finished with value: 18324086937.854443 and parameters: {'max_depth': 11, 'n_estimators': 67}. Best is trial 31 with value: 17936421979.192024.
[I 2025-01-26 02:32:53,418] Trial 42 finished with value: 18627022470.621548 and parameters: {'max_depth': 10, 'n_estimators': 97}. Best is trial 31 with value: 17936421979.192024.
[I 2025-01-26 02:32:59,981] Trial 43 finished with value: 18363202048.058506 and parameters: {'max_depth': 11, 'n_estimators': 51}. Best is trial 31 with value: 17936421979.192024.
[I 2025-01-26 02:33:03,833] Trial 44 finished with value: 20181972688.157146 and parameters: {'max_depth': 9, 'n_estimators': 35}. Best is trial 31 with value: 17936421979.192024.
[I 2025-01-26 02:33:11,040] Trial 45 finished with value: 21436895987.437958 and parameters: {'max_depth': 8, 'n_estimators': 81}. Best is trial 31 with value: 17936421979.192024.
[I 2025-01-26 02:33:19,344] Trial 46 finished with value: 17919298061.986813 and parameters: {'max_depth': 11, 'n_estimators': 67}. Best is trial 46 with value: 17919298061.986813.
[I 2025-01-26 02:33:22,079] Trial 47 finished with value: 30462154026.764282 and parameters: {'max_depth': 5, 'n_estimators': 43}. Best is trial 46 with value: 17919298061.986813.
[I 2025-01-26 02:33:31,317] Trial 48 finished with value: 17613342825.414036 and parameters: {'max_depth': 12, 'n_estimators': 65}. Best is trial 48 with value: 17613342825.414036.
[I 2025-01-26 02:33:33,460] Trial 49 finished with value: 61821955027.25331 and parameters: {'max_depth': 2, 'n_estimators': 66}. Best is trial 48 with value: 17613342825.414036.
[I 2025-01-26 02:33:41,926] Trial 50 finished with value: 17802417827.714184 and parameters: {'max_depth': 12, 'n_estimators': 62}. Best is trial 48 with value: 17613342825.414036.
[I 2025-01-26 02:33:50,489] Trial 51 finished with value: 17571926183.136314 and parameters: {'max_depth': 12, 'n_estimators': 62}. Best is trial 51 with value: 17571926183.136314.
[I 2025-01-26 02:33:55,838] Trial 52 finished with value: 19014692348.724503 and parameters: {'max_depth': 10, 'n_estimators': 47}. Best is trial 51 with value: 17571926183.136314.
[I 2025-01-26 02:34:00,395] Trial 53 finished with value: 18267985041.415882 and parameters: {'max_depth': 12, 'n_estimators': 32}. Best is trial 51 with value: 17571926183.136314.
[I 2025-01-26 02:34:09,736] Trial 54 finished with value: 18679755769.414253 and parameters: {'max_depth': 10, 'n_estimators': 86}. Best is trial 51 with value: 17571926183.136314.
[I 2025-01-26 02:34:13,482] Trial 55 finished with value: 18186388013.437336 and parameters: {'max_depth': 11, 'n_estimators': 26}. Best is trial 51 with value: 17571926183.136314.
[I 2025-01-26 02:34:17,602] Trial 56 finished with value: 19910669760.228317 and parameters: {'max_depth': 9, 'n_estimators': 40}. Best is trial 51 with value: 17571926183.136314.
[I 2025-01-26 02:34:27,452] Trial 57 finished with value: 17486809605.76878 and parameters: {'max_depth': 12, 'n_estimators': 72}. Best is trial 57 with value: 17486809605.76878.
[I 2025-01-26 02:34:37,079] Trial 58 finished with value: 17560491447.4595 and parameters: {'max_depth': 12, 'n_estimators': 71}. Best is trial 57 with value: 17486809605.76878.
[I 2025-01-26 02:34:46,767] Trial 59 finished with value: 17644314708.246513 and parameters: {'max_depth': 12, 'n_estimators': 70}. Best is trial 57 with value: 17486809605.76878.
[I 2025-01-26 02:35:00,297] Trial 60 finished with value: 17547135685.59938 and parameters: {'max_depth': 12, 'n_estimators': 99}. Best is trial 57 with value: 17486809605.76878.
[I 2025-01-26 02:35:12,015] Trial 61 finished with value: 17579408778.920128 and parameters: {'max_depth': 12, 'n_estimators': 87}. Best is trial 57 with value: 17486809605.76878.
[I 2025-01-26 02:35:22,712] Trial 62 finished with value: 18695354144.428738 and parameters: {'max_depth': 10, 'n_estimators': 98}. Best is trial 57 with value: 17486809605.76878.
[I 2025-01-26 02:35:31,397] Trial 63 finished with value: 18020396483.025047 and parameters: {'max_depth': 11, 'n_estimators': 72}. Best is trial 57 with value: 17486809605.76878.
[I 2025-01-26 02:35:43,264] Trial 64 finished with value: 17814433342.485016 and parameters: {'max_depth': 12, 'n_estimators': 88}. Best is trial 57 with value: 17486809605.76878.
[I 2025-01-26 02:35:50,232] Trial 65 finished with value: 19688210111.850483 and parameters: {'max_depth': 9, 'n_estimators': 71}. Best is trial 57 with value: 17486809605.76878.
[I 2025-01-26 02:36:01,020] Trial 66 finished with value: 18514499885.522808 and parameters: {'max_depth': 10, 'n_estimators': 100}. Best is trial 57 with value: 17486809605.76878.
[I 2025-01-26 02:36:12,743] Trial 67 finished with value: 17665059269.44204 and parameters: {'max_depth': 12, 'n_estimators': 87}. Best is trial 57 with value: 17486809605.76878.
[I 2025-01-26 02:36:21,985] Trial 68 finished with value: 18038532811.17492 and parameters: {'max_depth': 11, 'n_estimators': 74}. Best is trial 57 with value: 17486809605.76878.
[I 2025-01-26 02:36:30,136] Trial 69 finished with value: 17831577306.013348 and parameters: {'max_depth': 12, 'n_estimators': 57}. Best is trial 57 with value: 17486809605.76878.
[I 2025-01-26 02:36:38,259] Trial 70 finished with value: 19575663533.698784 and parameters: {'max_depth': 9, 'n_estimators': 83}. Best is trial 57 with value: 17486809605.76878.
[I 2025-01-26 02:36:50,105] Trial 71 finished with value: 17829373727.05927 and parameters: {'max_depth': 12, 'n_estimators': 87}. Best is trial 57 with value: 17486809605.76878.
[I 2025-01-26 02:37:01,322] Trial 72 finished with value: 18101156840.423664 and parameters: {'max_depth': 11, 'n_estimators': 92}. Best is trial 57 with value: 17486809605.76878.
[I 2025-01-26 02:37:11,006] Trial 73 finished with value: 17761336324.769356 and parameters: {'max_depth': 12, 'n_estimators': 72}. Best is trial 57 with value: 17486809605.76878.
[I 2025-01-26 02:37:17,959] Trial 74 finished with value: 18954540763.673595 and parameters: {'max_depth': 10, 'n_estimators': 59}. Best is trial 57 with value: 17486809605.76878.
[I 2025-01-26 02:37:25,672] Trial 75 finished with value: 18146680168.606873 and parameters: {'max_depth': 12, 'n_estimators': 52}. Best is trial 57 with value: 17486809605.76878.
[I 2025-01-26 02:37:36,306] Trial 76 finished with value: 18099420329.252857 and parameters: {'max_depth': 11, 'n_estimators': 83}. Best is trial 57 with value: 17486809605.76878.
[I 2025-01-26 02:37:45,074] Trial 77 finished with value: 18551788719.275932 and parameters: {'max_depth': 10, 'n_estimators': 77}. Best is trial 57 with value: 17486809605.76878.
[I 2025-01-26 02:37:57,678] Trial 78 finished with value: 17828320589.02362 and parameters: {'max_depth': 12, 'n_estimators': 91}. Best is trial 57 with value: 17486809605.76878.
[I 2025-01-26 02:37:59,104] Trial 79 finished with value: 38422754460.141335 and parameters: {'max_depth': 4, 'n_estimators': 20}. Best is trial 57 with value: 17486809605.76878.
[I 2025-01-26 02:38:07,597] Trial 80 finished with value: 18372661318.70277 and parameters: {'max_depth': 11, 'n_estimators': 69}. Best is trial 57 with value: 17486809605.76878.
[I 2025-01-26 02:38:17,817] Trial 81 finished with value: 17960088538.220226 and parameters: {'max_depth': 12, 'n_estimators': 74}. Best is trial 57 with value: 17486809605.76878.
[I 2025-01-26 02:38:25,050] Trial 82 finished with value: 17856614370.978775 and parameters: {'max_depth': 12, 'n_estimators': 50}. Best is trial 57 with value: 17486809605.76878.
[I 2025-01-26 02:38:32,766] Trial 83 finished with value: 17820742892.85852 and parameters: {'max_depth': 11, 'n_estimators': 63}. Best is trial 57 with value: 17486809605.76878.
[I 2025-01-26 02:38:41,879] Trial 84 finished with value: 18746814092.72996 and parameters: {'max_depth': 10, 'n_estimators': 81}. Best is trial 57 with value: 17486809605.76878.
[I 2025-01-26 02:38:51,570] Trial 85 finished with value: 17761080997.46637 and parameters: {'max_depth': 12, 'n_estimators': 71}. Best is trial 57 with value: 17486809605.76878.
[I 2025-01-26 02:39:03,627] Trial 86 finished with value: 18253341274.82089 and parameters: {'max_depth': 11, 'n_estimators': 100}. Best is trial 57 with value: 17486809605.76878.
[I 2025-01-26 02:39:11,851] Trial 87 finished with value: 17639953922.60206 and parameters: {'max_depth': 12, 'n_estimators': 58}. Best is trial 57 with value: 17486809605.76878.
[I 2025-01-26 02:39:18,093] Trial 88 finished with value: 18878583767.7902 and parameters: {'max_depth': 10, 'n_estimators': 56}. Best is trial 57 with value: 17486809605.76878.
[I 2025-01-26 02:39:23,315] Trial 89 finished with value: 23651711804.39794 and parameters: {'max_depth': 7, 'n_estimators': 65}. Best is trial 57 with value: 17486809605.76878.
[I 2025-01-26 02:39:28,626] Trial 90 finished with value: 30952424503.92823 and parameters: {'max_depth': 5, 'n_estimators': 92}. Best is trial 57 with value: 17486809605.76878.
[I 2025-01-26 02:39:38,880] Trial 91 finished with value: 17786594956.737194 and parameters: {'max_depth': 12, 'n_estimators': 75}. Best is trial 57 with value: 17486809605.76878.
[I 2025-01-26 02:39:46,520] Trial 92 finished with value: 18186349116.397385 and parameters: {'max_depth': 11, 'n_estimators': 61}. Best is trial 57 with value: 17486809605.76878.
[I 2025-01-26 02:39:55,948] Trial 93 finished with value: 17700373307.37683 and parameters: {'max_depth': 12, 'n_estimators': 69}. Best is trial 57 with value: 17486809605.76878.
[I 2025-01-26 02:40:07,465] Trial 94 finished with value: 17615346680.22801 and parameters: {'max_depth': 12, 'n_estimators': 84}. Best is trial 57 with value: 17486809605.76878.
[I 2025-01-26 02:40:17,924] Trial 95 finished with value: 18152454496.124714 and parameters: {'max_depth': 11, 'n_estimators': 86}. Best is trial 57 with value: 17486809605.76878.
[I 2025-01-26 02:40:27,470] Trial 96 finished with value: 18280976949.94494 and parameters: {'max_depth': 11, 'n_estimators': 79}. Best is trial 57 with value: 17486809605.76878.
[I 2025-01-26 02:40:28,730] Trial 97 finished with value: 20479683487.13934 and parameters: {'max_depth': 10, 'n_estimators': 8}. Best is trial 57 with value: 17486809605.76878.
[I 2025-01-26 02:40:41,346] Trial 98 finished with value: 17610998711.980927 and parameters: {'max_depth': 12, 'n_estimators': 94}. Best is trial 57 with value: 17486809605.76878.
[I 2025-01-26 02:40:52,876] Trial 99 finished with value: 18176573781.592503 and parameters: {'max_depth': 11, 'n_estimators': 95}. Best is trial 57 with value: 17486809605.76878.
[I 2025-01-26 02:41:00,730] Trial 100 finished with value: 20097610880.24852 and parameters: {'max_depth': 9, 'n_estimators': 80}. Best is trial 57 with value: 17486809605.76878.
[I 2025-01-26 02:41:12,669] Trial 101 finished with value: 17539596298.805283 and parameters: {'max_depth': 12, 'n_estimators': 88}. Best is trial 57 with value: 17486809605.76878.
[I 2025-01-26 02:41:25,280] Trial 102 finished with value: 17518972376.240376 and parameters: {'max_depth': 12, 'n_estimators': 94}. Best is trial 57 with value: 17486809605.76878.
[I 2025-01-26 02:41:36,483] Trial 103 finished with value: 17995269238.062138 and parameters: {'max_depth': 11, 'n_estimators': 92}. Best is trial 57 with value: 17486809605.76878.
[I 2025-01-26 02:41:49,949] Trial 104 finished with value: 18004751007.345024 and parameters: {'max_depth': 12, 'n_estimators': 100}. Best is trial 57 with value: 17486809605.76878.
[I 2025-01-26 02:41:53,325] Trial 105 finished with value: 47731026252.65087 and parameters: {'max_depth': 3, 'n_estimators': 84}. Best is trial 57 with value: 17486809605.76878.
[I 2025-01-26 02:42:01,659] Trial 106 finished with value: 18907927574.225304 and parameters: {'max_depth': 10, 'n_estimators': 76}. Best is trial 57 with value: 17486809605.76878.
[I 2025-01-26 02:42:14,332] Trial 107 finished with value: 17804446540.887184 and parameters: {'max_depth': 12, 'n_estimators': 94}. Best is trial 57 with value: 17486809605.76878.
[I 2025-01-26 02:42:23,439] Trial 108 finished with value: 17771615559.912098 and parameters: {'max_depth': 12, 'n_estimators': 65}. Best is trial 57 with value: 17486809605.76878.
[I 2025-01-26 02:42:32,903] Trial 109 finished with value: 19224397379.20926 and parameters: {'max_depth': 10, 'n_estimators': 88}. Best is trial 57 with value: 17486809605.76878.
[I 2025-01-26 02:42:42,996] Trial 110 finished with value: 18288982186.475155 and parameters: {'max_depth': 11, 'n_estimators': 82}. Best is trial 57 with value: 17486809605.76878.
[I 2025-01-26 02:42:52,509] Trial 111 finished with value: 17476473545.933136 and parameters: {'max_depth': 12, 'n_estimators': 70}. Best is trial 111 with value: 17476473545.933136.
[I 2025-01-26 02:43:00,660] Trial 112 finished with value: 18027957709.80509 and parameters: {'max_depth': 12, 'n_estimators': 57}. Best is trial 111 with value: 17476473545.933136.
[I 2025-01-26 02:43:10,048] Trial 113 finished with value: 18501043150.36595 and parameters: {'max_depth': 11, 'n_estimators': 77}. Best is trial 111 with value: 17476473545.933136.
[I 2025-01-26 02:43:13,093] Trial 114 finished with value: 19181959082.42815 and parameters: {'max_depth': 12, 'n_estimators': 17}. Best is trial 111 with value: 17476473545.933136.
[I 2025-01-26 02:43:14,366] Trial 115 finished with value: 20744569026.497063 and parameters: {'max_depth': 11, 'n_estimators': 5}. Best is trial 111 with value: 17476473545.933136.
[I 2025-01-26 02:43:22,715] Trial 116 finished with value: 17721981993.21163 and parameters: {'max_depth': 12, 'n_estimators': 60}. Best is trial 111 with value: 17476473545.933136.
[I 2025-01-26 02:43:31,088] Trial 117 finished with value: 18040940314.464302 and parameters: {'max_depth': 11, 'n_estimators': 67}. Best is trial 111 with value: 17476473545.933136.
[I 2025-01-26 02:43:36,454] Trial 118 finished with value: 19285424259.29849 and parameters: {'max_depth': 10, 'n_estimators': 48}. Best is trial 111 with value: 17476473545.933136.
[I 2025-01-26 02:43:48,133] Trial 119 finished with value: 17738087852.663403 and parameters: {'max_depth': 12, 'n_estimators': 86}. Best is trial 111 with value: 17476473545.933136.
[I 2025-01-26 02:43:59,360] Trial 120 finished with value: 17972921789.209946 and parameters: {'max_depth': 11, 'n_estimators': 93}. Best is trial 111 with value: 17476473545.933136.
[I 2025-01-26 02:44:09,078] Trial 121 finished with value: 17817870640.837902 and parameters: {'max_depth': 12, 'n_estimators': 71}. Best is trial 111 with value: 17476473545.933136.
[I 2025-01-26 02:44:19,426] Trial 122 finished with value: 17735853836.05299 and parameters: {'max_depth': 12, 'n_estimators': 75}. Best is trial 111 with value: 17476473545.933136.
[I 2025-01-26 02:44:27,005] Trial 123 finished with value: 17597958441.66986 and parameters: {'max_depth': 12, 'n_estimators': 54}. Best is trial 111 with value: 17476473545.933136.
[I 2025-01-26 02:44:34,684] Trial 124 finished with value: 18000617928.3004 and parameters: {'max_depth': 11, 'n_estimators': 63}. Best is trial 111 with value: 17476473545.933136.
[I 2025-01-26 02:44:40,997] Trial 125 finished with value: 17667448252.400764 and parameters: {'max_depth': 12, 'n_estimators': 43}. Best is trial 111 with value: 17476473545.933136.
[I 2025-01-26 02:44:52,212] Trial 126 finished with value: 17940243012.856377 and parameters: {'max_depth': 12, 'n_estimators': 82}. Best is trial 111 with value: 17476473545.933136.
[I 2025-01-26 02:44:58,952] Trial 127 finished with value: 18240761245.997738 and parameters: {'max_depth': 11, 'n_estimators': 54}. Best is trial 111 with value: 17476473545.933136.
[I 2025-01-26 02:45:11,021] Trial 128 finished with value: 18167882420.721474 and parameters: {'max_depth': 11, 'n_estimators': 100}. Best is trial 111 with value: 17476473545.933136.
