Trial 22 finished with value: 622.0853793235345 and parameters: {'max_depth': 10, 'n_estimators': 39}. Best is trial 12 with value: 618.7468064439929.
Saved Losses
{'MSE - mean': 693.8783231092601, 'MSE - std': 0.0, 'R2 - mean': 0.919322103762358, 'R2 - std': 0.0} 
 

Saved Losses
{'MSE - mean': 654.5407798030631, 'MSE - std': 39.337543306197006, 'R2 - mean': 0.9194015651434371, 'R2 - std': 7.94613810791156e-05} 
 

Saved Losses
{'MSE - mean': 614.1553911956568, 'MSE - std': 65.52547164922761, 'R2 - mean': 0.9271673032985568, 'R2 - std': 0.010982603862251892} 
 

Saved Losses
{'MSE - mean': 627.995663825875, 'MSE - std': 61.60235397755999, 'R2 - mean': 0.9252227088608183, 'R2 - std': 0.010089971916621676} 
 

Saved Losses
{'MSE - mean': 641.5751952450798, 'MSE - std': 61.42877751283969, 'R2 - mean': 0.9227329412763356, 'R2 - std': 0.01030736615831286} 
 

Saving model.....
Results After CV: {'MSE - mean': 641.5751952450798, 'MSE - std': 61.42877751283969, 'R2 - mean': 0.9227329412763356, 'R2 - std': 0.01030736615831286}
Train time: 0.46664134380000066
Inference time: 0.028786899600000027
Finished cross validation
Hyperparam was saved!!! Hurrah!!!
Trial 23 finished with value: 641.5751952450798 and parameters: {'max_depth': 6, 'n_estimators': 65}. Best is trial 12 with value: 618.7468064439929.
Saved Losses
{'MSE - mean': 757.2421425736055, 'MSE - std': 0.0, 'R2 - mean': 0.9119547318734971, 'R2 - std': 0.0} 
 

Saved Losses
{'MSE - mean': 747.4768887354337, 'MSE - std': 9.765253838171759, 'R2 - mean': 0.9077008127272053, 'R2 - std': 0.004253919146291807} 
 

Saved Losses
{'MSE - mean': 706.4222896824614, 'MSE - std': 58.6048945209918, 'R2 - mean': 0.9161106693097253, 'R2 - std': 0.012390127557020545} 
 

Saved Losses
{'MSE - mean': 713.7015276069019, 'MSE - std': 52.29590959763745, 'R2 - mean': 0.91494291649943, 'R2 - std': 0.010919129339708712} 
 

Saved Losses
{'MSE - mean': 722.2025403032706, 'MSE - std': 49.76905259265735, 'R2 - mean': 0.9129971247515156, 'R2 - std': 0.01051315036203881} 
 

Saving model.....
Results After CV: {'MSE - mean': 722.2025403032706, 'MSE - std': 49.76905259265735, 'R2 - mean': 0.9129971247515156, 'R2 - std': 0.01051315036203881}
Train time: 0.059927169799998126
Inference time: 0.006277855000001864
Finished cross validation
Hyperparam was saved!!! Hurrah!!!
Trial 24 finished with value: 722.2025403032706 and parameters: {'max_depth': 8, 'n_estimators': 5}. Best is trial 12 with value: 618.7468064439929.
Saved Losses
{'MSE - mean': 695.1284462314699, 'MSE - std': 0.0, 'R2 - mean': 0.9191767507513489, 'R2 - std': 0.0} 
 

Saved Losses
{'MSE - mean': 660.2635343743659, 'MSE - std': 34.86491185710389, 'R2 - mean': 0.9186616928497382, 'R2 - std': 0.000515057901610716} 
 

Saved Losses
{'MSE - mean': 622.8448301094579, 'MSE - std': 60.08904706293575, 'R2 - mean': 0.9261504150007909, 'R2 - std': 0.010598998789477452} 
 

Saved Losses
{'MSE - mean': 634.2078276830443, 'MSE - std': 55.636079339496746, 'R2 - mean': 0.9244967550305311, 'R2 - std': 0.00961550078759435} 
 

Saved Losses
{'MSE - mean': 639.9449597651181, 'MSE - std': 51.068164227092225, 'R2 - mean': 0.9229794451482205, 'R2 - std': 0.009120043938096525} 
 

Saving model.....
Results After CV: {'MSE - mean': 639.9449597651181, 'MSE - std': 51.068164227092225, 'R2 - mean': 0.9229794451482205, 'R2 - std': 0.009120043938096525}
Train time: 0.33879158379999835
Inference time: 0.014887045400000432
Finished cross validation
Hyperparam was saved!!! Hurrah!!!
Trial 25 finished with value: 639.9449597651181 and parameters: {'max_depth': 11, 'n_estimators': 28}. Best is trial 12 with value: 618.7468064439929.
Saved Losses
{'MSE - mean': 659.9763444440139, 'MSE - std': 0.0, 'R2 - mean': 0.9232639192448613, 'R2 - std': 0.0} 
 

Saved Losses
{'MSE - mean': 638.042434480687, 'MSE - std': 21.933909963326812, 'R2 - mean': 0.9213132299729276, 'R2 - std': 0.0019506892719335922} 
 

Saved Losses
{'MSE - mean': 600.5556477473174, 'MSE - std': 55.95756692982486, 'R2 - mean': 0.928721154057203, 'R2 - std': 0.010596767002276289} 
 

Saved Losses
{'MSE - mean': 611.6171660052348, 'MSE - std': 52.11054145794393, 'R2 - mean': 0.9271320231393944, 'R2 - std': 0.009580950599872932} 
 

Saved Losses
{'MSE - mean': 619.6848776955696, 'MSE - std': 49.32300388769457, 'R2 - mean': 0.9253618564852936, 'R2 - std': 0.009271982067008428} 
 

Saving model.....
Results After CV: {'MSE - mean': 619.6848776955696, 'MSE - std': 49.32300388769457, 'R2 - mean': 0.9253618564852936, 'R2 - std': 0.009271982067008428}
Train time: 0.4771329436000002
Inference time: 0.020706806600000505
Finished cross validation
Hyperparam was saved!!! Hurrah!!!
Trial 26 finished with value: 619.6848776955696 and parameters: {'max_depth': 8, 'n_estimators': 53}. Best is trial 12 with value: 618.7468064439929.
Saved Losses
{'MSE - mean': 698.8790264038614, 'MSE - std': 0.0, 'R2 - mean': 0.9187406672077337, 'R2 - std': 0.0} 
 

Saved Losses
{'MSE - mean': 664.3784692638758, 'MSE - std': 34.500557139985574, 'R2 - mean': 0.9181505220925574, 'R2 - std': 0.0005901451151762438} 
 

Saved Losses
{'MSE - mean': 618.2976924240164, 'MSE - std': 70.99578590998287, 'R2 - mean': 0.9265928411884709, 'R2 - std': 0.011948961639926215} 
 

Saved Losses
{'MSE - mean': 641.1947137428124, 'MSE - std': 73.16503241680606, 'R2 - mean': 0.9235767270228428, 'R2 - std': 0.011591984178070155} 
 

Saved Losses
{'MSE - mean': 653.5384827749219, 'MSE - std': 69.94263442646482, 'R2 - mean': 0.9212401667094072, 'R2 - std': 0.011372657303418184} 
 

Saving model.....
Results After CV: {'MSE - mean': 653.5384827749219, 'MSE - std': 69.94263442646482, 'R2 - mean': 0.9212401667094072, 'R2 - std': 0.011372657303418184}
Train time: 0.25473729900000136
Inference time: 0.015604809399999909
Finished cross validation
Hyperparam was saved!!! Hurrah!!!
Trial 27 finished with value: 653.5384827749219 and parameters: {'max_depth': 6, 'n_estimators': 39}. Best is trial 12 with value: 618.7468064439929.
Saved Losses
{'MSE - mean': 664.4480255192378, 'MSE - std': 0.0, 'R2 - mean': 0.922743992609629, 'R2 - std': 0.0} 
 

Saved Losses
{'MSE - mean': 641.5462907133676, 'MSE - std': 22.901734805870262, 'R2 - mean': 0.9208873063416124, 'R2 - std': 0.0018566862680166052} 
 

Saved Losses
{'MSE - mean': 601.7606043640926, 'MSE - std': 59.29132579597726, 'R2 - mean': 0.9285587020515905, 'R2 - std': 0.010954396995881237} 
 

Saved Losses
{'MSE - mean': 611.6233814064074, 'MSE - std': 54.114869480973304, 'R2 - mean': 0.9271182451127249, 'R2 - std': 0.009809376062508134} 
 

Saved Losses
{'MSE - mean': 621.6312538873202, 'MSE - std': 52.37714506854184, 'R2 - mean': 0.9251074905233535, 'R2 - std': 0.00965150884904943} 
 

Saving model.....
Results After CV: {'MSE - mean': 621.6312538873202, 'MSE - std': 52.37714506854184, 'R2 - mean': 0.9251074905233535, 'R2 - std': 0.00965150884904943}
Train time: 0.6568585670000019
Inference time: 0.029077189399995974
Finished cross validation
Hyperparam was saved!!! Hurrah!!!
Trial 28 finished with value: 621.6312538873202 and parameters: {'max_depth': 8, 'n_estimators': 75}. Best is trial 12 with value: 618.7468064439929.
Saved Losses
{'MSE - mean': 751.4371707898741, 'MSE - std': 0.0, 'R2 - mean': 0.9126296814945368, 'R2 - std': 0.0} 
 

Saved Losses
{'MSE - mean': 698.6866896224001, 'MSE - std': 52.750481167474106, 'R2 - mean': 0.9140441590034625, 'R2 - std': 0.0014144775089257045} 
 

Saved Losses
{'MSE - mean': 648.9897404379211, 'MSE - std': 82.42966107793197, 'R2 - mean': 0.9230151780521231, 'R2 - std': 0.01273939545759666} 
 

Saved Losses
{'MSE - mean': 667.4420097186589, 'MSE - std': 78.21410035213364, 'R2 - mean': 0.9205047909503927, 'R2 - std': 0.011858552933236788} 
 

Saved Losses
{'MSE - mean': 677.6182686517692, 'MSE - std': 72.85726716402235, 'R2 - mean': 0.9183963136844987, 'R2 - std': 0.011414154706305297} 
 

Saving model.....
Results After CV: {'MSE - mean': 677.6182686517692, 'MSE - std': 72.85726716402235, 'R2 - mean': 0.9183963136844987, 'R2 - std': 0.011414154706305297}
Train time: 0.17032287559999873
Inference time: 0.013384888600000977
Finished cross validation
Hyperparam was saved!!! Hurrah!!!
Trial 29 finished with value: 677.6182686517692 and parameters: {'max_depth': 5, 'n_estimators': 27}. Best is trial 12 with value: 618.7468064439929.
Saved Losses
{'MSE - mean': 1615.4076918846238, 'MSE - std': 0.0, 'R2 - mean': 0.8121750027247433, 'R2 - std': 0.0} 
 

Saved Losses
{'MSE - mean': 1457.6317610585695, 'MSE - std': 157.77593082605426, 'R2 - mean': 0.8210236956902619, 'R2 - std': 0.0088486929655186} 
 

Saved Losses
{'MSE - mean': 1462.6739028116235, 'MSE - std': 129.02070616352384, 'R2 - mean': 0.8279432588463794, 'R2 - std': 0.012163892743485184} 
 

Saved Losses
{'MSE - mean': 1504.1252527554254, 'MSE - std': 132.81340369364588, 'R2 - mean': 0.8219394326705813, 'R2 - std': 0.01480229716138184} 
 

Saved Losses
{'MSE - mean': 1456.7790817080313, 'MSE - std': 151.91497560131936, 'R2 - mean': 0.8257794615464208, 'R2 - std': 0.01530587103278359} 
 

Saving model.....
Results After CV: {'MSE - mean': 1456.7790817080313, 'MSE - std': 151.91497560131936, 'R2 - mean': 0.8257794615464208, 'R2 - std': 0.01530587103278359}
Train time: 0.08448376519999953
Inference time: 0.012829749200000152
Finished cross validation
Hyperparam was saved!!! Hurrah!!!
Trial 30 finished with value: 1456.7790817080313 and parameters: {'max_depth': 2, 'n_estimators': 21}. Best is trial 12 with value: 618.7468064439929.
Saved Losses
{'MSE - mean': 652.9249089131888, 'MSE - std': 0.0, 'R2 - mean': 0.9240837963978658, 'R2 - std': 0.0} 
 

Saved Losses
{'MSE - mean': 628.9035804944256, 'MSE - std': 24.021328418763176, 'R2 - mean': 0.9224578265285628, 'R2 - std': 0.0016259698693029123} 
 

Saved Losses
{'MSE - mean': 593.4605797953311, 'MSE - std': 53.82467287202102, 'R2 - mean': 0.9295919163126206, 'R2 - std': 0.010176099094016719} 
 

Saved Losses
{'MSE - mean': 607.5420791487568, 'MSE - std': 52.60881513070446, 'R2 - mean': 0.9276350482511531, 'R2 - std': 0.009442072993173206} 
 

Saved Losses
{'MSE - mean': 617.1455268050253, 'MSE - std': 50.82376187485598, 'R2 - mean': 0.925673938743796, 'R2 - std': 0.00931160544300029} 
 

Saving model.....
Results After CV: {'MSE - mean': 617.1455268050253, 'MSE - std': 50.82376187485598, 'R2 - mean': 0.925673938743796, 'R2 - std': 0.00931160544300029}
Train time: 0.5992780474
Inference time: 0.026138843799998313
Finished cross validation
Hyperparam was saved!!! Hurrah!!!
Trial 31 finished with value: 617.1455268050253 and parameters: {'max_depth': 9, 'n_estimators': 60}. Best is trial 31 with value: 617.1455268050253.
Saved Losses
{'MSE - mean': 658.0459748997013, 'MSE - std': 0.0, 'R2 - mean': 0.9234883651579407, 'R2 - std': 0.0} 
 

Saved Losses
{'MSE - mean': 638.8828494218185, 'MSE - std': 19.163125477882772, 'R2 - mean': 0.921189132593688, 'R2 - std': 0.0022992325642527955} 
 

Saved Losses
{'MSE - mean': 602.5195900985053, 'MSE - std': 53.75304806194501, 'R2 - mean': 0.928487627422058, 'R2 - std': 0.010490965975980105} 
 

Saved Losses
{'MSE - mean': 617.377735638089, 'MSE - std': 53.19150400758269, 'R2 - mean': 0.9264406413119917, 'R2 - std': 0.009752729450584266} 
 

Saved Losses
{'MSE - mean': 624.6617731392722, 'MSE - std': 49.75638339093307, 'R2 - mean': 0.9247625692723453, 'R2 - std': 0.009346458605803945} 
 

Saving model.....
Results After CV: {'MSE - mean': 624.6617731392722, 'MSE - std': 49.75638339093307, 'R2 - mean': 0.9247625692723453, 'R2 - std': 0.009346458605803945}
Train time: 0.7318929489999988
Inference time: 0.036624100800000295
Finished cross validation
Hyperparam was saved!!! Hurrah!!!
Trial 32 finished with value: 624.6617731392722 and parameters: {'max_depth': 7, 'n_estimators': 99}. Best is trial 31 with value: 617.1455268050253.
Saved Losses
{'MSE - mean': 656.8764869926695, 'MSE - std': 0.0, 'R2 - mean': 0.9236243426353635, 'R2 - std': 0.0} 
 

Saved Losses
{'MSE - mean': 640.7727695739939, 'MSE - std': 16.103717418675615, 'R2 - mean': 0.9209332325722857, 'R2 - std': 0.002691110063077873} 
 

Saved Losses
{'MSE - mean': 608.131676123554, 'MSE - std': 47.997587853429984, 'R2 - mean': 0.9278494794429669, 'R2 - std': 0.010024818724885505} 
 

Saved Losses
{'MSE - mean': 622.1575394916858, 'MSE - std': 48.14562139463258, 'R2 - mean': 0.9258933122120365, 'R2 - std': 0.009319469596291869} 
 

Saved Losses
{'MSE - mean': 629.9748593039465, 'MSE - std': 45.81312741746513, 'R2 - mean': 0.9241380381435149, 'R2 - std': 0.009044664674130511} 
 

Saving model.....
Results After CV: {'MSE - mean': 629.9748593039465, 'MSE - std': 45.81312741746513, 'R2 - mean': 0.9241380381435149, 'R2 - std': 0.009044664674130511}
Train time: 0.45500466940000023
Inference time: 0.02032674419999978
Finished cross validation
Hyperparam was saved!!! Hurrah!!!
Trial 33 finished with value: 629.9748593039465 and parameters: {'max_depth': 9, 'n_estimators': 42}. Best is trial 31 with value: 617.1455268050253.
Saved Losses
{'MSE - mean': 642.8238053567881, 'MSE - std': 0.0, 'R2 - mean': 0.9252582613688383, 'R2 - std': 0.0} 
 

Saved Losses
{'MSE - mean': 632.7160184767133, 'MSE - std': 10.107786880074741, 'R2 - mean': 0.9218850540025314, 'R2 - std': 0.0033732073663068074} 
 

Saved Losses
{'MSE - mean': 601.0128912795649, 'MSE - std': 45.58824539906987, 'R2 - mean': 0.9286717726594539, 'R2 - std': 0.009985228367302154} 
 

Saved Losses
{'MSE - mean': 609.6175743395482, 'MSE - std': 42.199973940900165, 'R2 - mean': 0.9273770315322717, 'R2 - std': 0.008933512910363584} 
 

Saved Losses
{'MSE - mean': 617.1573092511301, 'MSE - std': 40.64554896465085, 'R2 - mean': 0.9256741693866962, 'R2 - std': 0.008685912748988514} 
 

Saving model.....
Results After CV: {'MSE - mean': 617.1573092511301, 'MSE - std': 40.64554896465085, 'R2 - mean': 0.9256741693866962, 'R2 - std': 0.008685912748988514}
Train time: 0.6604930741999994
Inference time: 0.025308759999998643
Finished cross validation
Hyperparam was saved!!! Hurrah!!!
Trial 34 finished with value: 617.1573092511301 and parameters: {'max_depth': 11, 'n_estimators': 52}. Best is trial 31 with value: 617.1455268050253.
Saved Losses
{'MSE - mean': 648.9505835673808, 'MSE - std': 0.0, 'R2 - mean': 0.9245458950067788, 'R2 - std': 0.0} 
 

Saved Losses
{'MSE - mean': 629.1598942158337, 'MSE - std': 19.790689351547087, 'R2 - mean': 0.9223952453617053, 'R2 - std': 0.0021506496450734436} 
 

Saved Losses
{'MSE - mean': 600.6048052076036, 'MSE - std': 43.49598226513385, 'R2 - mean': 0.9288010523616537, 'R2 - std': 0.009227797998714574} 
 

Saved Losses
{'MSE - mean': 612.7201711994576, 'MSE - std': 43.11927219070771, 'R2 - mean': 0.927063581906732, 'R2 - std': 0.008539356104179519} 
 

Saved Losses
{'MSE - mean': 616.1220542820504, 'MSE - std': 39.162591097060925, 'R2 - mean': 0.9258642865931458, 'R2 - std': 0.008005605482157438} 
 

Saving model.....
Results After CV: {'MSE - mean': 616.1220542820504, 'MSE - std': 39.162591097060925, 'R2 - mean': 0.9258642865931458, 'R2 - std': 0.008005605482157438}
Train time: 0.8734556994000002
Inference time: 0.03045889979999856
Finished cross validation
Hyperparam was saved!!! Hurrah!!!
Trial 35 finished with value: 616.1220542820504 and parameters: {'max_depth': 11, 'n_estimators': 69}. Best is trial 35 with value: 616.1220542820504.
Saved Losses
{'MSE - mean': 649.1976971691724, 'MSE - std': 0.0, 'R2 - mean': 0.9245171628719645, 'R2 - std': 0.0} 
 

Saved Losses
{'MSE - mean': 630.4543481879973, 'MSE - std': 18.74334898117519, 'R2 - mean': 0.9222276300383081, 'R2 - std': 0.0022895328336564047} 
 

Saved Losses
{'MSE - mean': 599.9928710993694, 'MSE - std': 45.71664824614866, 'R2 - mean': 0.9288477568891805, 'R2 - std': 0.009547083294958578} 
 

Saved Losses
{'MSE - mean': 608.6767867037157, 'MSE - std': 42.352569176105455, 'R2 - mean': 0.9275301830523355, 'R2 - std': 0.00857718497103066} 
 

Saved Losses
{'MSE - mean': 618.3060346230394, 'MSE - std': 42.495667480587194, 'R2 - mean': 0.9255583668919796, 'R2 - std': 0.00862593284826534} 
 

Saving model.....
Results After CV: {'MSE - mean': 618.3060346230394, 'MSE - std': 42.495667480587194, 'R2 - mean': 0.9255583668919796, 'R2 - std': 0.00862593284826534}
Train time: 0.9399992883999999
Inference time: 0.03379294019999861
Finished cross validation
Hyperparam was saved!!! Hurrah!!!
Trial 36 finished with value: 618.3060346230394 and parameters: {'max_depth': 11, 'n_estimators': 73}. Best is trial 35 with value: 616.1220542820504.
Saved Losses
{'MSE - mean': 655.6340646585285, 'MSE - std': 0.0, 'R2 - mean': 0.923768800268379, 'R2 - std': 0.0} 
 

Saved Losses
{'MSE - mean': 632.5215774780661, 'MSE - std': 23.11248718046238, 'R2 - mean': 0.922004087851696, 'R2 - std': 0.001764712416683023} 
 

Saved Losses
{'MSE - mean': 598.5963269040714, 'MSE - std': 51.555503703562124, 'R2 - mean': 0.9289968129676526, 'R2 - std': 0.009993625420089507} 
 

Saved Losses
{'MSE - mean': 613.4708690519424, 'MSE - std': 51.548360632733754, 'R2 - mean': 0.9269386483999874, 'R2 - std': 0.00936015683311833} 
 

Saved Losses
{'MSE - mean': 621.2440435504024, 'MSE - std': 48.65671335254707, 'R2 - mean': 0.9251976050442161, 'R2 - std': 0.009067246363651863} 
 

Saving model.....
Results After CV: {'MSE - mean': 621.2440435504024, 'MSE - std': 48.65671335254707, 'R2 - mean': 0.9251976050442161, 'R2 - std': 0.009067246363651863}
Train time: 0.8581711452000007
Inference time: 0.030889860999997153
Finished cross validation
Hyperparam was saved!!! Hurrah!!!
Trial 37 finished with value: 621.2440435504024 and parameters: {'max_depth': 10, 'n_estimators': 76}. Best is trial 35 with value: 616.1220542820504.
Saved Losses
{'MSE - mean': 1111.7245593007954, 'MSE - std': 0.0, 'R2 - mean': 0.8707387222615617, 'R2 - std': 0.0} 
 

Saved Losses
{'MSE - mean': 947.7033668925228, 'MSE - std': 164.0211924082726, 'R2 - mean': 0.8840844519519682, 'R2 - std': 0.013345729690406483} 
 

Saved Losses
{'MSE - mean': 891.9765440255283, 'MSE - std': 155.39066449775277, 'R2 - mean': 0.8947725837967354, 'R2 - std': 0.018633607415326752} 
 

Saved Losses
{'MSE - mean': 900.1250974720672, 'MSE - std': 135.3103496765978, 'R2 - mean': 0.893249412661546, 'R2 - std': 0.01635141109820838} 
 

Saved Losses
{'MSE - mean': 917.324507881515, 'MSE - std': 125.81888354858754, 'R2 - mean': 0.8898786094655587, 'R2 - std': 0.016104166313920167} 
 

Saving model.....
Results After CV: {'MSE - mean': 917.324507881515, 'MSE - std': 125.81888354858754, 'R2 - mean': 0.8898786094655587, 'R2 - std': 0.016104166313920167}
Train time: 0.31014590739999903
Inference time: 0.025648262800001476
Finished cross validation
Hyperparam was saved!!! Hurrah!!!
Trial 38 finished with value: 917.324507881515 and parameters: {'max_depth': 3, 'n_estimators': 73}. Best is trial 35 with value: 616.1220542820504.
Saved Losses
{'MSE - mean': 640.5667577532915, 'MSE - std': 0.0, 'R2 - mean': 0.9255206904522867, 'R2 - std': 0.0} 
 

Saved Losses
{'MSE - mean': 634.1232374437227, 'MSE - std': 6.443520309568839, 'R2 - mean': 0.9216843856921744, 'R2 - std': 0.0038363047601123745} 
 

Saved Losses
{'MSE - mean': 603.5590416698464, 'MSE - std': 43.54330521746023, 'R2 - mean': 0.928365246742187, 'R2 - std': 0.00995385845861435} 
 

Saved Losses
{'MSE - mean': 612.2269281532838, 'MSE - std': 40.58831531629453, 'R2 - mean': 0.9270628869270985, 'R2 - std': 0.008910549754334392} 
 

Saved Losses
{'MSE - mean': 617.6945368381399, 'MSE - std': 37.914483394803284, 'R2 - mean': 0.9256171690941759, 'R2 - std': 0.008478131736962819} 
 

Saving model.....
Results After CV: {'MSE - mean': 617.6945368381399, 'MSE - std': 37.914483394803284, 'R2 - mean': 0.9256171690941759, 'R2 - std': 0.008478131736962819}
Train time: 1.2192203706000015
Inference time: 0.04095245340000133
Finished cross validation
Hyperparam was saved!!! Hurrah!!!
Trial 39 finished with value: 617.6945368381399 and parameters: {'max_depth': 11, 'n_estimators': 100}. Best is trial 35 with value: 616.1220542820504.
Saved Losses
{'MSE - mean': 668.1964529416283, 'MSE - std': 0.0, 'R2 - mean': 0.9223081593683154, 'R2 - std': 0.0} 
 

Saved Losses
{'MSE - mean': 636.6687465087348, 'MSE - std': 31.527706432893467, 'R2 - mean': 0.9215530726801564, 'R2 - std': 0.0007550866881589902} 
 

Saved Losses
{'MSE - mean': 597.4835355903989, 'MSE - std': 61.1034016350543, 'R2 - mean': 0.9291127015047366, 'R2 - std': 0.010708691790718698} 
 

Saved Losses
{'MSE - mean': 606.4568712778082, 'MSE - std': 55.15234835079892, 'R2 - mean': 0.9277695769859289, 'R2 - std': 0.009561328899296513} 
 

Saved Losses
{'MSE - mean': 614.2796289016053, 'MSE - std': 51.75139969362181, 'R2 - mean': 0.9260319656221473, 'R2 - std': 0.009231055262676677} 
 

Saving model.....
Results After CV: {'MSE - mean': 614.2796289016053, 'MSE - std': 51.75139969362181, 'R2 - mean': 0.9260319656221473, 'R2 - std': 0.009231055262676677}
Train time: 0.9281933281999954
Inference time: 0.0344016149999959
Finished cross validation
Hyperparam was saved!!! Hurrah!!!
