Trial 138 finished with value: 273.58767808877536 and parameters: {'max_depth': 12, 'n_estimators': 55}. Best is trial 65 with value: 267.23646419674776.
Saved Losses
{'MSE - mean': 458.9677614740152, 'MSE - std': 0.0, 'R2 - mean': 0.5516748118033006, 'R2 - std': 0.0} 
 

Saved Losses
{'MSE - mean': 284.3209435121179, 'MSE - std': 174.64681796189737, 'R2 - mean': 0.7236154546946163, 'R2 - std': 0.17194064289131578} 
 

Saved Losses
{'MSE - mean': 286.798598127911, 'MSE - std': 142.6415725782672, 'R2 - mean': 0.7760483268987793, 'R2 - std': 0.1587686008852994} 
 

Saved Losses
{'MSE - mean': 289.4953490159682, 'MSE - std': 123.61950115882813, 'R2 - mean': 0.7888677765997575, 'R2 - std': 0.13927891564129277} 
 

Saved Losses
{'MSE - mean': 288.3832227395006, 'MSE - std': 110.59101298399091, 'R2 - mean': 0.8045468405701923, 'R2 - std': 0.12846098731415473} 
 

Saving model.....
Results After CV: {'MSE - mean': 288.3832227395006, 'MSE - std': 110.59101298399091, 'R2 - mean': 0.8045468405701923, 'R2 - std': 0.12846098731415473}
Train time: 0.38908152439999527
Inference time: 0.021975458399998614
Finished cross validation
Hyperparam was saved!!! Hurrah!!!
Trial 139 finished with value: 288.3832227395006 and parameters: {'max_depth': 12, 'n_estimators': 55}. Best is trial 65 with value: 267.23646419674776.
Saved Losses
{'MSE - mean': 406.0794928172301, 'MSE - std': 0.0, 'R2 - mean': 0.6033367039649643, 'R2 - std': 0.0} 
 

Saved Losses
{'MSE - mean': 259.284694272141, 'MSE - std': 146.79479854508915, 'R2 - mean': 0.7481056559822072, 'R2 - std': 0.144768952017243} 
 

Saved Losses
{'MSE - mean': 266.43056202201006, 'MSE - std': 120.282731255957, 'R2 - mean': 0.7938760611001582, 'R2 - std': 0.13476606749513484} 
 

Saved Losses
{'MSE - mean': 275.7130519086439, 'MSE - std': 105.40135404386872, 'R2 - mean': 0.8013718412932032, 'R2 - std': 0.11743074500821651} 
 

Saved Losses
{'MSE - mean': 277.7516711569559, 'MSE - std': 94.36196384763896, 'R2 - mean': 0.8143657671501263, 'R2 - std': 0.10820051910803692} 
 

Saving model.....
Results After CV: {'MSE - mean': 277.7516711569559, 'MSE - std': 94.36196384763896, 'R2 - mean': 0.8143657671501263, 'R2 - std': 0.10820051910803692}
Train time: 0.3368359473999988
Inference time: 0.022625274000000674
Finished cross validation
Hyperparam was saved!!! Hurrah!!!
Trial 140 finished with value: 277.7516711569559 and parameters: {'max_depth': 12, 'n_estimators': 50}. Best is trial 65 with value: 267.23646419674776.
Saved Losses
{'MSE - mean': 478.3644440162875, 'MSE - std': 0.0, 'R2 - mean': 0.5327279007539758, 'R2 - std': 0.0} 
 

Saved Losses
{'MSE - mean': 301.4637097049627, 'MSE - std': 176.9007343113248, 'R2 - mean': 0.7070525896474156, 'R2 - std': 0.17432468889343983} 
 

Saved Losses
{'MSE - mean': 286.4252111227916, 'MSE - std': 145.9962079843259, 'R2 - mean': 0.7698236272780076, 'R2 - std': 0.16774923080490942} 
 

Saved Losses
{'MSE - mean': 292.40614776567026, 'MSE - std': 126.86009762226377, 'R2 - mean': 0.7823477693867402, 'R2 - std': 0.14688572338184627} 
 

Saved Losses
{'MSE - mean': 287.95336207073365, 'MSE - std': 113.81606519628221, 'R2 - mean': 0.8006204083591181, 'R2 - std': 0.13636674787786812} 
 

Saving model.....
Results After CV: {'MSE - mean': 287.95336207073365, 'MSE - std': 113.81606519628221, 'R2 - mean': 0.8006204083591181, 'R2 - std': 0.13636674787786812}
Train time: 0.39112451080000027
Inference time: 0.02312004640000396
Finished cross validation
Hyperparam was saved!!! Hurrah!!!
Trial 141 finished with value: 287.95336207073365 and parameters: {'max_depth': 11, 'n_estimators': 59}. Best is trial 65 with value: 267.23646419674776.
Saved Losses
{'MSE - mean': 437.71152315252664, 'MSE - std': 0.0, 'R2 - mean': 0.5724381591356487, 'R2 - std': 0.0} 
 

Saved Losses
{'MSE - mean': 272.7480441458697, 'MSE - std': 164.9634790066569, 'R2 - mean': 0.7348968531690927, 'R2 - std': 0.16245869403344398} 
 

Saved Losses
{'MSE - mean': 279.684586659669, 'MSE - std': 135.04887083846592, 'R2 - mean': 0.7833238435357668, 'R2 - std': 0.14928350535133697} 
 

Saved Losses
{'MSE - mean': 287.2488385884767, 'MSE - std': 117.68730542325243, 'R2 - mean': 0.7925320246630342, 'R2 - std': 0.13026336985701192} 
 

Saved Losses
{'MSE - mean': 288.3655320398991, 'MSE - std': 105.2864165184024, 'R2 - mean': 0.8066463306736104, 'R2 - std': 0.11988198762885313} 
 

Saving model.....
Results After CV: {'MSE - mean': 288.3655320398991, 'MSE - std': 105.2864165184024, 'R2 - mean': 0.8066463306736104, 'R2 - std': 0.11988198762885313}
Train time: 0.21691312720000724
Inference time: 0.014324464599991416
Finished cross validation
Hyperparam was saved!!! Hurrah!!!
Trial 142 finished with value: 288.3655320398991 and parameters: {'max_depth': 12, 'n_estimators': 30}. Best is trial 65 with value: 267.23646419674776.
Saved Losses
{'MSE - mean': 384.13191079085425, 'MSE - std': 0.0, 'R2 - mean': 0.6247753640809527, 'R2 - std': 0.0} 
 

Saved Losses
{'MSE - mean': 250.91907348339268, 'MSE - std': 133.21283730746157, 'R2 - mean': 0.7563411962216458, 'R2 - std': 0.131565832140693} 
 

Saved Losses
{'MSE - mean': 267.86229125169524, 'MSE - std': 111.37587383431715, 'R2 - mean': 0.7965056176931014, 'R2 - std': 0.12151573407940004} 
 

Saved Losses
{'MSE - mean': 269.4264850715881, 'MSE - std': 96.49237825438271, 'R2 - mean': 0.8076148555778908, 'R2 - std': 0.10698037540027665} 
 

Saved Losses
{'MSE - mean': 271.6001230471916, 'MSE - std': 86.41482544763623, 'R2 - mean': 0.8198848411363674, 'R2 - std': 0.09878284648180669} 
 

Saving model.....
Results After CV: {'MSE - mean': 271.6001230471916, 'MSE - std': 86.41482544763623, 'R2 - mean': 0.8198848411363674, 'R2 - std': 0.09878284648180669}
Train time: 0.4400880044000132
Inference time: 0.02739691019997963
Finished cross validation
Hyperparam was saved!!! Hurrah!!!
Trial 143 finished with value: 271.6001230471916 and parameters: {'max_depth': 11, 'n_estimators': 67}. Best is trial 65 with value: 267.23646419674776.
Saved Losses
{'MSE - mean': 456.44328706457276, 'MSE - std': 0.0, 'R2 - mean': 0.5541407485415939, 'R2 - std': 0.0} 
 

Saved Losses
{'MSE - mean': 286.96024176259357, 'MSE - std': 169.4830453019792, 'R2 - mean': 0.7211329469995292, 'R2 - std': 0.16699219845793534} 
 

Saved Losses
{'MSE - mean': 292.0493616314248, 'MSE - std': 138.5693570453697, 'R2 - mean': 0.7729682970629507, 'R2 - std': 0.15480547986512358} 
 

Saved Losses
{'MSE - mean': 295.5393274897842, 'MSE - std': 120.15672939562273, 'R2 - mean': 0.7853358035662941, 'R2 - std': 0.13576604177235965} 
 

Saved Losses
{'MSE - mean': 293.59651348551677, 'MSE - std': 107.5416654151452, 'R2 - mean': 0.801544500100513, 'R2 - std': 0.12568540827073324} 
 

Saving model.....
Results After CV: {'MSE - mean': 293.59651348551677, 'MSE - std': 107.5416654151452, 'R2 - mean': 0.801544500100513, 'R2 - std': 0.12568540827073324}
Train time: 0.4397159213999998
Inference time: 0.025298154600000088
Finished cross validation
Hyperparam was saved!!! Hurrah!!!
Trial 144 finished with value: 293.59651348551677 and parameters: {'max_depth': 12, 'n_estimators': 65}. Best is trial 65 with value: 267.23646419674776.
Saved Losses
{'MSE - mean': 413.38006544093355, 'MSE - std': 0.0, 'R2 - mean': 0.5962054174777525, 'R2 - std': 0.0} 
 

Saved Losses
{'MSE - mean': 269.33647549216334, 'MSE - std': 144.04358994877023, 'R2 - mean': 0.7384437971896844, 'R2 - std': 0.14223837971193193} 
 

Saved Losses
{'MSE - mean': 273.20802439902695, 'MSE - std': 117.73847425019054, 'R2 - mean': 0.7874036885879319, 'R2 - std': 0.13521087125982204} 
 

Saved Losses
{'MSE - mean': 286.7285148763354, 'MSE - std': 104.6191771489006, 'R2 - mean': 0.7930753098406588, 'R2 - std': 0.11750738973797895} 
 

Saved Losses
{'MSE - mean': 281.97292081712493, 'MSE - std': 94.05636863750604, 'R2 - mean': 0.809874849253608, 'R2 - std': 0.1103416848356756} 
 

Saving model.....
Results After CV: {'MSE - mean': 281.97292081712493, 'MSE - std': 94.05636863750604, 'R2 - mean': 0.809874849253608, 'R2 - std': 0.1103416848356756}
Train time: 0.4403837638000141
Inference time: 0.025879285399992114
Finished cross validation
Hyperparam was saved!!! Hurrah!!!
Trial 145 finished with value: 281.97292081712493 and parameters: {'max_depth': 11, 'n_estimators': 68}. Best is trial 65 with value: 267.23646419674776.
Saved Losses
{'MSE - mean': 418.1523568799384, 'MSE - std': 0.0, 'R2 - mean': 0.5915437862323464, 'R2 - std': 0.0} 
 

Saved Losses
{'MSE - mean': 268.3840531228531, 'MSE - std': 149.76830375708528, 'R2 - mean': 0.7392923374808884, 'R2 - std': 0.14774855124854197} 
 

Saved Losses
{'MSE - mean': 266.4922353609568, 'MSE - std': 122.31457185908592, 'R2 - mean': 0.790451414248189, 'R2 - std': 0.14066837551037237} 
 

Saved Losses
{'MSE - mean': 279.27552183732524, 'MSE - std': 108.2168106451781, 'R2 - mean': 0.7967630744657221, 'R2 - std': 0.12231191710397692} 
 

Saved Losses
{'MSE - mean': 279.9770446593463, 'MSE - std': 96.8022263279659, 'R2 - mean': 0.8109707496603098, 'R2 - std': 0.11302918291423548} 
 

Saving model.....
Results After CV: {'MSE - mean': 279.9770446593463, 'MSE - std': 96.8022263279659, 'R2 - mean': 0.8109707496603098, 'R2 - std': 0.11302918291423548}
Train time: 0.3606905581999854
Inference time: 0.021436445999995613
Finished cross validation
Hyperparam was saved!!! Hurrah!!!
Trial 146 finished with value: 279.9770446593463 and parameters: {'max_depth': 12, 'n_estimators': 55}. Best is trial 65 with value: 267.23646419674776.
Saved Losses
{'MSE - mean': 447.2192764265088, 'MSE - std': 0.0, 'R2 - mean': 0.5631508722416928, 'R2 - std': 0.0} 
 

Saved Losses
{'MSE - mean': 276.8965069508701, 'MSE - std': 170.3227694756387, 'R2 - mean': 0.7308297521187039, 'R2 - std': 0.1676788798770112} 
 

Saved Losses
{'MSE - mean': 272.6821644951898, 'MSE - std': 139.19561259573476, 'R2 - mean': 0.784599498185016, 'R2 - std': 0.15660941549582547} 
 

Saved Losses
{'MSE - mean': 274.8891506228225, 'MSE - std': 120.60752997938849, 'R2 - mean': 0.7976131039101266, 'R2 - std': 0.1374879760865072} 
 

Saved Losses
{'MSE - mean': 277.9682579188801, 'MSE - std': 108.05028753846894, 'R2 - mean': 0.8109493917993508, 'R2 - std': 0.12583235336489676} 
 

Saving model.....
Results After CV: {'MSE - mean': 277.9682579188801, 'MSE - std': 108.05028753846894, 'R2 - mean': 0.8109493917993508, 'R2 - std': 0.12583235336489676}
Train time: 0.4557782476000057
Inference time: 0.029428738599995084
Finished cross validation
Hyperparam was saved!!! Hurrah!!!
Trial 147 finished with value: 277.9682579188801 and parameters: {'max_depth': 10, 'n_estimators': 78}. Best is trial 65 with value: 267.23646419674776.
Saved Losses
{'MSE - mean': 439.8339601712927, 'MSE - std': 0.0, 'R2 - mean': 0.5703649373197678, 'R2 - std': 0.0} 
 

Saved Losses
{'MSE - mean': 285.32101941605856, 'MSE - std': 154.51294075523415, 'R2 - mean': 0.7228974669145685, 'R2 - std': 0.15253252959480068} 
 

Saved Losses
{'MSE - mean': 281.6591091588912, 'MSE - std': 126.26553401733756, 'R2 - mean': 0.7779396022326927, 'R2 - std': 0.14686747442445022} 
 

Saved Losses
{'MSE - mean': 286.4016201574552, 'MSE - std': 109.65725257467959, 'R2 - mean': 0.7898447283520627, 'R2 - std': 0.12885160987204128} 
 

Saved Losses
{'MSE - mean': 288.67259165180576, 'MSE - std': 98.18553701994134, 'R2 - mean': 0.8040360925012623, 'R2 - std': 0.11869190856563953} 
 

Saving model.....
Results After CV: {'MSE - mean': 288.67259165180576, 'MSE - std': 98.18553701994134, 'R2 - mean': 0.8040360925012623, 'R2 - std': 0.11869190856563953}
Train time: 0.4086058494000099
Inference time: 0.025811826200003905
Finished cross validation
Hyperparam was saved!!! Hurrah!!!
Trial 148 finished with value: 288.67259165180576 and parameters: {'max_depth': 11, 'n_estimators': 62}. Best is trial 65 with value: 267.23646419674776.
Saved Losses
{'MSE - mean': 431.0536027764203, 'MSE - std': 0.0, 'R2 - mean': 0.5789416952359407, 'R2 - std': 0.0} 
 

Saved Losses
{'MSE - mean': 280.52819977128354, 'MSE - std': 150.52540300513672, 'R2 - mean': 0.7275692853721794, 'R2 - std': 0.14862759013623866} 
 

Saved Losses
{'MSE - mean': 276.8512319675919, 'MSE - std': 123.01343348471332, 'R2 - mean': 0.7817123930446949, 'R2 - std': 0.14349120501507764} 
 

Saved Losses
{'MSE - mean': 285.8403632170432, 'MSE - std': 107.66448836609533, 'R2 - mean': 0.7909076644958749, 'R2 - std': 0.1252834924828165} 
 

Saved Losses
{'MSE - mean': 287.0744349193011, 'MSE - std': 96.32967027853732, 'R2 - mean': 0.8054236591635334, 'R2 - std': 0.11575672419224516} 
 

Saving model.....
Results After CV: {'MSE - mean': 287.0744349193011, 'MSE - std': 96.32967027853732, 'R2 - mean': 0.8054236591635334, 'R2 - std': 0.11575672419224516}
Train time: 0.40463273159999746
Inference time: 0.025165272000003826
Finished cross validation
Hyperparam was saved!!! Hurrah!!!
Trial 149 finished with value: 287.0744349193011 and parameters: {'max_depth': 9, 'n_estimators': 72}. Best is trial 65 with value: 267.23646419674776.
Saved Losses
{'MSE - mean': 386.2624694613158, 'MSE - std': 0.0, 'R2 - mean': 0.6226942089387459, 'R2 - std': 0.0} 
 

Saved Losses
{'MSE - mean': 248.94925483278178, 'MSE - std': 137.313214628534, 'R2 - mean': 0.7581909765746201, 'R2 - std': 0.13549676763587415} 
 

Saved Losses
{'MSE - mean': 263.67711925799557, 'MSE - std': 114.03405597511733, 'R2 - mean': 0.7989110595768993, 'R2 - std': 0.12472302519023927} 
 

Saved Losses
{'MSE - mean': 277.06097397989794, 'MSE - std': 101.44065823550784, 'R2 - mean': 0.8031676964581353, 'R2 - std': 0.10826463703384356} 
 

Saved Losses
{'MSE - mean': 277.8704179273988, 'MSE - std': 90.74572448671654, 'R2 - mean': 0.816251051312447, 'R2 - std': 0.10030793589059277} 
 

Saving model.....
Results After CV: {'MSE - mean': 277.8704179273988, 'MSE - std': 90.74572448671654, 'R2 - mean': 0.816251051312447, 'R2 - std': 0.10030793589059277}
Train time: 0.32029873559999944
Inference time: 0.017653811799993945
Finished cross validation
Hyperparam was saved!!! Hurrah!!!
Trial 150 finished with value: 277.8704179273988 and parameters: {'max_depth': 12, 'n_estimators': 47}. Best is trial 65 with value: 267.23646419674776.
Saved Losses
{'MSE - mean': 382.94390960985106, 'MSE - std': 0.0, 'R2 - mean': 0.6259358178159615, 'R2 - std': 0.0} 
 

Saved Losses
{'MSE - mean': 245.84982182513235, 'MSE - std': 137.0940877847187, 'R2 - mean': 0.7611832549793476, 'R2 - std': 0.135247437163386} 
 

Saved Losses
{'MSE - mean': 266.66351004110845, 'MSE - std': 115.74229350005625, 'R2 - mean': 0.7988435469217112, 'R2 - std': 0.12260169119773247} 
 

Saved Losses
{'MSE - mean': 271.20922498640857, 'MSE - std': 100.54451477620073, 'R2 - mean': 0.8078121746074336, 'R2 - std': 0.10730652291964098} 
 

Saved Losses
{'MSE - mean': 270.78430104643724, 'MSE - std': 89.93376341888714, 'R2 - mean': 0.8210908175253406, 'R2 - std': 0.09958434274446898} 
 

Saving model.....
Results After CV: {'MSE - mean': 270.78430104643724, 'MSE - std': 89.93376341888714, 'R2 - mean': 0.8210908175253406, 'R2 - std': 0.09958434274446898}
Train time: 0.37219341899999564
Inference time: 0.025719290999995793
Finished cross validation
Hyperparam was saved!!! Hurrah!!!
Trial 151 finished with value: 270.78430104643724 and parameters: {'max_depth': 11, 'n_estimators': 58}. Best is trial 65 with value: 267.23646419674776.
Saved Losses
{'MSE - mean': 425.67843876176835, 'MSE - std': 0.0, 'R2 - mean': 0.5841922196098479, 'R2 - std': 0.0} 
 

Saved Losses
{'MSE - mean': 266.2205920928593, 'MSE - std': 159.45784666890904, 'R2 - mean': 0.7412604286058473, 'R2 - std': 0.15706820899599938} 
 

Saved Losses
{'MSE - mean': 273.79948475775143, 'MSE - std': 130.63721702068204, 'R2 - mean': 0.7881921463374084, 'R2 - std': 0.14440263308983375} 
 

Saved Losses
{'MSE - mean': 279.3912988053872, 'MSE - std': 113.54896303450592, 'R2 - mean': 0.798181464459722, 'R2 - std': 0.1262475732919418} 
 

Saved Losses
{'MSE - mean': 281.4708818075986, 'MSE - std': 101.64640803698683, 'R2 - mean': 0.8114504060919632, 'R2 - std': 0.11599577172398427} 
 

Saving model.....
Results After CV: {'MSE - mean': 281.4708818075986, 'MSE - std': 101.64640803698683, 'R2 - mean': 0.8114504060919632, 'R2 - std': 0.11599577172398427}
Train time: 0.3907050209999966
Inference time: 0.024633514000015566
Finished cross validation
Hyperparam was saved!!! Hurrah!!!
Trial 152 finished with value: 281.4708818075986 and parameters: {'max_depth': 11, 'n_estimators': 60}. Best is trial 65 with value: 267.23646419674776.
Saved Losses
{'MSE - mean': 438.26770586284164, 'MSE - std': 0.0, 'R2 - mean': 0.57189487322495, 'R2 - std': 0.0} 
 

Saved Losses
{'MSE - mean': 283.27534748513347, 'MSE - std': 154.99235837770814, 'R2 - mean': 0.7248647704480402, 'R2 - std': 0.15296989722309012} 
 

Saved Losses
{'MSE - mean': 274.29819622463333, 'MSE - std': 127.18595019300315, 'R2 - mean': 0.7816990022815279, 'R2 - std': 0.14852649411412683} 
 

Saved Losses
{'MSE - mean': 283.1627601348556, 'MSE - std': 111.21124459706425, 'R2 - mean': 0.7913402509310126, 'R2 - std': 0.1297071725732193} 
 

Saved Losses
{'MSE - mean': 281.75683498136567, 'MSE - std': 99.51009618129864, 'R2 - mean': 0.8072542539094062, 'R2 - std': 0.12030038427509868} 
 

Saving model.....
Results After CV: {'MSE - mean': 281.75683498136567, 'MSE - std': 99.51009618129864, 'R2 - mean': 0.8072542539094062, 'R2 - std': 0.12030038427509868}
Train time: 0.3714239086000021
Inference time: 0.02338434599997754
Finished cross validation
Hyperparam was saved!!! Hurrah!!!
Trial 153 finished with value: 281.75683498136567 and parameters: {'max_depth': 12, 'n_estimators': 53}. Best is trial 65 with value: 267.23646419674776.
Saved Losses
{'MSE - mean': 434.75160334226763, 'MSE - std': 0.0, 'R2 - mean': 0.5753294441394574, 'R2 - std': 0.0} 
 

Saved Losses
{'MSE - mean': 274.4747170923277, 'MSE - std': 160.27688624993993, 'R2 - mean': 0.7332887831663499, 'R2 - std': 0.15795933902689246} 
 

Saved Losses
{'MSE - mean': 278.1310440304383, 'MSE - std': 130.9676459945006, 'R2 - mean': 0.7833557639192739, 'R2 - std': 0.1471309178270693} 
 

Saved Losses
{'MSE - mean': 286.2350468722121, 'MSE - std': 114.28656005490784, 'R2 - mean': 0.7924681353480864, 'R2 - std': 0.12839289767992143} 
 

Saved Losses
{'MSE - mean': 285.39526959966554, 'MSE - std': 102.23480400928634, 'R2 - mean': 0.8076046392137638, 'R2 - std': 0.11876128972363051} 
 

Saving model.....
Results After CV: {'MSE - mean': 285.39526959966554, 'MSE - std': 102.23480400928634, 'R2 - mean': 0.8076046392137638, 'R2 - std': 0.11876128972363051}
Train time: 0.3616284508000035
Inference time: 0.02206976920000443
Finished cross validation
Hyperparam was saved!!! Hurrah!!!
Trial 154 finished with value: 285.39526959966554 and parameters: {'max_depth': 11, 'n_estimators': 57}. Best is trial 65 with value: 267.23646419674776.
Saved Losses
{'MSE - mean': 427.81509118926226, 'MSE - std': 0.0, 'R2 - mean': 0.5821051120130296, 'R2 - std': 0.0} 
 

Saved Losses
{'MSE - mean': 280.3874246657871, 'MSE - std': 147.42766652347518, 'R2 - mean': 0.7277430199844801, 'R2 - std': 0.14563790797145043} 
 

Saved Losses
{'MSE - mean': 283.27208106852385, 'MSE - std': 120.4432939443359, 'R2 - mean': 0.7791690949170866, 'R2 - std': 0.1393899178257951} 
 

Saved Losses
{'MSE - mean': 285.08943450344873, 'MSE - std': 104.35443743628527, 'R2 - mean': 0.7922301873542069, 'R2 - std': 0.12281668575793941} 
 

Saved Losses
{'MSE - mean': 286.64192606711805, 'MSE - std': 93.38907757514215, 'R2 - mean': 0.8064030295265759, 'R2 - std': 0.11344879224312208} 
 

Saving model.....
Results After CV: {'MSE - mean': 286.64192606711805, 'MSE - std': 93.38907757514215, 'R2 - mean': 0.8064030295265759, 'R2 - std': 0.11344879224312208}
Train time: 0.40658152659999586
Inference time: 0.02480044840000346
Finished cross validation
Hyperparam was saved!!! Hurrah!!!
Trial 155 finished with value: 286.64192606711805 and parameters: {'max_depth': 12, 'n_estimators': 65}. Best is trial 65 with value: 267.23646419674776.
Saved Losses
{'MSE - mean': 458.2957317403699, 'MSE - std': 0.0, 'R2 - mean': 0.552331258469277, 'R2 - std': 0.0} 
 

Saved Losses
{'MSE - mean': 289.96226806239395, 'MSE - std': 168.33346367797594, 'R2 - mean': 0.718251390520016, 'R2 - std': 0.16592013205073897} 
 

Saved Losses
{'MSE - mean': 296.3254067914581, 'MSE - std': 137.73797248708723, 'R2 - mean': 0.7701187916993103, 'R2 - std': 0.1540566392273012} 
 

Saved Losses
{'MSE - mean': 296.5090561232313, 'MSE - std': 119.28500735579212, 'R2 - mean': 0.7844968696208942, 'R2 - std': 0.13572130798686527} 
 

Saved Losses
{'MSE - mean': 291.0846703597775, 'MSE - std': 107.24190518421493, 'R2 - mean': 0.8024102882764224, 'R2 - std': 0.12656927362138623} 
 

Saving model.....
Results After CV: {'MSE - mean': 291.0846703597775, 'MSE - std': 107.24190518421493, 'R2 - mean': 0.8024102882764224, 'R2 - std': 0.12656927362138623}
Train time: 0.40385132380000643
Inference time: 0.025853143799997723
Finished cross validation
Hyperparam was saved!!! Hurrah!!!
