Trial 84 finished with value: 535.5535519131633 and parameters: {'max_depth': 2, 'n_estimators': 33}. Best is trial 65 with value: 267.23646419674776.
Saved Losses
{'MSE - mean': 388.44638089798843, 'MSE - std': 0.0, 'R2 - mean': 0.6205609381776216, 'R2 - std': 0.0} 
 

Saved Losses
{'MSE - mean': 252.27841929697303, 'MSE - std': 136.16796160101538, 'R2 - mean': 0.7549938221608792, 'R2 - std': 0.13443288398325764} 
 

Saved Losses
{'MSE - mean': 262.15897976003697, 'MSE - std': 112.05531429244633, 'R2 - mean': 0.7983052017723978, 'R2 - std': 0.12569759241294218} 
 

Saved Losses
{'MSE - mean': 276.8601357801254, 'MSE - std': 100.32779804652918, 'R2 - mean': 0.8021691646765174, 'R2 - std': 0.10906284510217422} 
 

Saved Losses
{'MSE - mean': 274.09345720311137, 'MSE - std': 89.90634955377817, 'R2 - mean': 0.8171428087181765, 'R2 - std': 0.10204216485830704} 
 

Saving model.....
Results After CV: {'MSE - mean': 274.09345720311137, 'MSE - std': 89.90634955377817, 'R2 - mean': 0.8171428087181765, 'R2 - std': 0.10204216485830704}
Train time: 0.40157160019999766
Inference time: 0.023835685000000238
Finished cross validation
Hyperparam was saved!!! Hurrah!!!
Trial 85 finished with value: 274.09345720311137 and parameters: {'max_depth': 12, 'n_estimators': 58}. Best is trial 65 with value: 267.23646419674776.
Saved Losses
{'MSE - mean': 456.05440205203837, 'MSE - std': 0.0, 'R2 - mean': 0.5545206160640348, 'R2 - std': 0.0} 
 

Saved Losses
{'MSE - mean': 294.44873341144785, 'MSE - std': 161.60566864059055, 'R2 - mean': 0.7140063362145725, 'R2 - std': 0.15948572015053775} 
 

Saved Losses
{'MSE - mean': 295.7900767379974, 'MSE - std': 131.96411063247814, 'R2 - mean': 0.7687280971042808, 'R2 - std': 0.1514796097973736} 
 

Saved Losses
{'MSE - mean': 296.51053827563715, 'MSE - std': 114.29108480431599, 'R2 - mean': 0.7832200199397152, 'R2 - std': 0.13356497153325037} 
 

Saved Losses
{'MSE - mean': 292.5626356774295, 'MSE - std': 102.5295342440295, 'R2 - mean': 0.8006984274734898, 'R2 - std': 0.12447353219142304} 
 

Saving model.....
Results After CV: {'MSE - mean': 292.5626356774295, 'MSE - std': 102.5295342440295, 'R2 - mean': 0.8006984274734898, 'R2 - std': 0.12447353219142304}
Train time: 0.3978363720000061
Inference time: 0.02456774039999914
Finished cross validation
Hyperparam was saved!!! Hurrah!!!
Trial 86 finished with value: 292.5626356774295 and parameters: {'max_depth': 12, 'n_estimators': 57}. Best is trial 65 with value: 267.23646419674776.
Saved Losses
{'MSE - mean': 465.51904815747724, 'MSE - std': 0.0, 'R2 - mean': 0.5452754367668908, 'R2 - std': 0.0} 
 

Saved Losses
{'MSE - mean': 289.1805927818258, 'MSE - std': 176.33845537565148, 'R2 - mean': 0.718907300528194, 'R2 - std': 0.17363186376130313} 
 

Saved Losses
{'MSE - mean': 281.77645846819934, 'MSE - std': 144.3600001364027, 'R2 - mean': 0.7762818404123394, 'R2 - std': 0.1633473550321031} 
 

Saved Losses
{'MSE - mean': 278.7264893304662, 'MSE - std': 125.13098802758658, 'R2 - mean': 0.7931059661387858, 'R2 - std': 0.14443310706470927} 
 

Saved Losses
{'MSE - mean': 285.72074059044405, 'MSE - std': 112.79135398849868, 'R2 - mean': 0.8051546031086085, 'R2 - std': 0.13141315209831522} 
 

Saving model.....
Results After CV: {'MSE - mean': 285.72074059044405, 'MSE - std': 112.79135398849868, 'R2 - mean': 0.8051546031086085, 'R2 - std': 0.13141315209831522}
Train time: 0.2727508107999995
Inference time: 0.01655861379999237
Finished cross validation
Hyperparam was saved!!! Hurrah!!!
Trial 87 finished with value: 285.72074059044405 and parameters: {'max_depth': 10, 'n_estimators': 44}. Best is trial 65 with value: 267.23646419674776.
Saved Losses
{'MSE - mean': 495.350397272278, 'MSE - std': 0.0, 'R2 - mean': 0.5161358188488431, 'R2 - std': 0.0} 
 

Saved Losses
{'MSE - mean': 327.25243262222693, 'MSE - std': 168.097964650051, 'R2 - mean': 0.6822856151127281, 'R2 - std': 0.1661497962638851} 
 

Saved Losses
{'MSE - mean': 318.8112658956588, 'MSE - std': 137.76957962870944, 'R2 - mean': 0.747110711954928, 'R2 - std': 0.16373277892210478} 
 

Saved Losses
{'MSE - mean': 333.9959732187889, 'MSE - std': 122.17638402232588, 'R2 - mean': 0.7552746028324049, 'R2 - std': 0.14250005092260207} 
 

Saved Losses
{'MSE - mean': 336.0941814799039, 'MSE - std': 109.35842428384164, 'R2 - mean': 0.7720107717096006, 'R2 - std': 0.1317778775254003} 
 

Saving model.....
Results After CV: {'MSE - mean': 336.0941814799039, 'MSE - std': 109.35842428384164, 'R2 - mean': 0.7720107717096006, 'R2 - std': 0.1317778775254003}
Train time: 0.3023068233999936
Inference time: 0.02559216459999334
Finished cross validation
Hyperparam was saved!!! Hurrah!!!
Trial 88 finished with value: 336.0941814799039 and parameters: {'max_depth': 5, 'n_estimators': 75}. Best is trial 65 with value: 267.23646419674776.
Saved Losses
{'MSE - mean': 494.0770421671615, 'MSE - std': 0.0, 'R2 - mean': 0.5173796473158124, 'R2 - std': 0.0} 
 

Saved Losses
{'MSE - mean': 351.57033168930377, 'MSE - std': 142.50671047785772, 'R2 - mean': 0.6591430055611376, 'R2 - std': 0.14176335824532516} 
 

Saved Losses
{'MSE - mean': 399.9651511208909, 'MSE - std': 134.99219279812132, 'R2 - mean': 0.70517478492969, 'R2 - std': 0.13279965832410273} 
 

Saved Losses
{'MSE - mean': 412.99031191359995, 'MSE - std': 119.06356927440753, 'R2 - mean': 0.7133033593843208, 'R2 - std': 0.1158664451264569} 
 

Saved Losses
{'MSE - mean': 419.3686037613053, 'MSE - std': 107.25501037372254, 'R2 - mean': 0.7290470494397578, 'R2 - std': 0.10831196421097931} 
 

Saving model.....
Results After CV: {'MSE - mean': 419.3686037613053, 'MSE - std': 107.25501037372254, 'R2 - mean': 0.7290470494397578, 'R2 - std': 0.10831196421097931}
Train time: 0.13738639160000615
Inference time: 0.01596764339999481
Finished cross validation
Hyperparam was saved!!! Hurrah!!!
Trial 89 finished with value: 419.3686037613053 and parameters: {'max_depth': 3, 'n_estimators': 38}. Best is trial 65 with value: 267.23646419674776.
Saved Losses
{'MSE - mean': 426.9784385724638, 'MSE - std': 0.0, 'R2 - mean': 0.582922364276406, 'R2 - std': 0.0} 
 

Saved Losses
{'MSE - mean': 270.37176616427524, 'MSE - std': 156.60667240818853, 'R2 - mean': 0.737291293430282, 'R2 - std': 0.15436892915387596} 
 

Saved Losses
{'MSE - mean': 267.3921340269089, 'MSE - std': 127.9382258899134, 'R2 - mean': 0.7892909575372734, 'R2 - std': 0.14592614910708354} 
 

Saved Losses
{'MSE - mean': 268.3099686655039, 'MSE - std': 110.8091579887028, 'R2 - mean': 0.8026471121192345, 'R2 - std': 0.12847564493151534} 
 

Saved Losses
{'MSE - mean': 267.9296333894698, 'MSE - std': 99.11364293083479, 'R2 - mean': 0.8172089979424383, 'R2 - std': 0.11854529576228294} 
 

Saving model.....
Results After CV: {'MSE - mean': 267.9296333894698, 'MSE - std': 99.11364293083479, 'R2 - mean': 0.8172089979424383, 'R2 - std': 0.11854529576228294}
Train time: 0.40508018999999534
Inference time: 0.02417283520001092
Finished cross validation
Hyperparam was saved!!! Hurrah!!!
Trial 90 finished with value: 267.9296333894698 and parameters: {'max_depth': 12, 'n_estimators': 58}. Best is trial 65 with value: 267.23646419674776.
Saved Losses
{'MSE - mean': 406.6102274309013, 'MSE - std': 0.0, 'R2 - mean': 0.6028182760588463, 'R2 - std': 0.0} 
 

Saved Losses
{'MSE - mean': 260.24904295505166, 'MSE - std': 146.36118447584963, 'R2 - mean': 0.7471807942087003, 'R2 - std': 0.14436251814985407} 
 

Saved Losses
{'MSE - mean': 255.06021245697787, 'MSE - std': 119.72849342571412, 'R2 - mean': 0.7981629646199808, 'R2 - std': 0.13817400080116737} 
 

Saved Losses
{'MSE - mean': 270.9542188632354, 'MSE - std': 107.28020517513899, 'R2 - mean': 0.8024000999730381, 'R2 - std': 0.11988703358183124} 
 

Saved Losses
{'MSE - mean': 274.7781853989794, 'MSE - std': 96.25863503188634, 'R2 - mean': 0.8147986826923089, 'R2 - std': 0.11006007482564836} 
 

Saving model.....
Results After CV: {'MSE - mean': 274.7781853989794, 'MSE - std': 96.25863503188634, 'R2 - mean': 0.8147986826923089, 'R2 - std': 0.11006007482564836}
Train time: 0.4208640123999999
Inference time: 0.02522462439999913
Finished cross validation
Hyperparam was saved!!! Hurrah!!!
Trial 91 finished with value: 274.7781853989794 and parameters: {'max_depth': 12, 'n_estimators': 61}. Best is trial 65 with value: 267.23646419674776.
Saved Losses
{'MSE - mean': 472.0184964744543, 'MSE - std': 0.0, 'R2 - mean': 0.5389266980656685, 'R2 - std': 0.0} 
 

Saved Losses
{'MSE - mean': 298.7545893019231, 'MSE - std': 173.26390717253122, 'R2 - mean': 0.7097102555276786, 'R2 - std': 0.17078355746201007} 
 

Saved Losses
{'MSE - mean': 292.59838071273884, 'MSE - std': 141.73702936840968, 'R2 - mean': 0.7683384939787539, 'R2 - std': 0.16223200368815044} 
 

Saved Losses
{'MSE - mean': 293.57767421894556, 'MSE - std': 122.75958686778793, 'R2 - mean': 0.783240625440557, 'R2 - std': 0.1428483035664709} 
 

Saved Losses
{'MSE - mean': 294.4550341371918, 'MSE - std': 109.81353275468628, 'R2 - mean': 0.7987333629066852, 'R2 - std': 0.13147094706524476} 
 

Saving model.....
Results After CV: {'MSE - mean': 294.4550341371918, 'MSE - std': 109.81353275468628, 'R2 - mean': 0.7987333629066852, 'R2 - std': 0.13147094706524476}
Train time: 0.3445325295999965
Inference time: 0.022138935599997467
Finished cross validation
Hyperparam was saved!!! Hurrah!!!
Trial 92 finished with value: 294.4550341371918 and parameters: {'max_depth': 12, 'n_estimators': 49}. Best is trial 65 with value: 267.23646419674776.
Saved Losses
{'MSE - mean': 424.02480764591496, 'MSE - std': 0.0, 'R2 - mean': 0.5858075062235351, 'R2 - std': 0.0} 
 

Saved Losses
{'MSE - mean': 267.67214953278165, 'MSE - std': 156.35265811313332, 'R2 - mean': 0.7398983516996838, 'R2 - std': 0.1540908454761487} 
 

Saved Losses
{'MSE - mean': 271.2868924634595, 'MSE - std': 127.76372150290292, 'R2 - mean': 0.7887046567804399, 'R2 - std': 0.14350413445022372} 
 

Saved Losses
{'MSE - mean': 279.00609343011126, 'MSE - std': 111.45148985049136, 'R2 - mean': 0.7976959148138177, 'R2 - std': 0.1252501721208369} 
 

Saved Losses
{'MSE - mean': 275.3710423855115, 'MSE - std': 99.94999778040382, 'R2 - mean': 0.8137695219304041, 'R2 - std': 0.11654839285032165} 
 

Saving model.....
Results After CV: {'MSE - mean': 275.3710423855115, 'MSE - std': 99.94999778040382, 'R2 - mean': 0.8137695219304041, 'R2 - std': 0.11654839285032165}
Train time: 0.42168271139999547
Inference time: 0.025229092800003627
Finished cross validation
Hyperparam was saved!!! Hurrah!!!
Trial 93 finished with value: 275.3710423855115 and parameters: {'max_depth': 12, 'n_estimators': 60}. Best is trial 65 with value: 267.23646419674776.
Saved Losses
{'MSE - mean': 426.94693882744434, 'MSE - std': 0.0, 'R2 - mean': 0.5829531336033595, 'R2 - std': 0.0} 
 

Saved Losses
{'MSE - mean': 271.8671700905434, 'MSE - std': 155.07976873690092, 'R2 - mean': 0.7358675893469793, 'R2 - std': 0.15291445574361973} 
 

Saved Losses
{'MSE - mean': 267.6580719440135, 'MSE - std': 126.76194011640361, 'R2 - mean': 0.7886401947940568, 'R2 - std': 0.1454594432190319} 
 

Saved Losses
{'MSE - mean': 273.7166668391518, 'MSE - std': 110.27947140273301, 'R2 - mean': 0.7991375392974313, 'R2 - std': 0.12727694190646102} 
 

Saved Losses
{'MSE - mean': 272.906409333997, 'MSE - std': 98.65026872336236, 'R2 - mean': 0.8140968079600327, 'R2 - std': 0.11770579776938811} 
 

Saving model.....
Results After CV: {'MSE - mean': 272.906409333997, 'MSE - std': 98.65026872336236, 'R2 - mean': 0.8140968079600327, 'R2 - std': 0.11770579776938811}
Train time: 0.4265114238000024
Inference time: 0.025406472400010215
Finished cross validation
Hyperparam was saved!!! Hurrah!!!
Trial 94 finished with value: 272.906409333997 and parameters: {'max_depth': 12, 'n_estimators': 61}. Best is trial 65 with value: 267.23646419674776.
Saved Losses
{'MSE - mean': 447.8541434608022, 'MSE - std': 0.0, 'R2 - mean': 0.5625307265440618, 'R2 - std': 0.0} 
 

Saved Losses
{'MSE - mean': 279.3805120167068, 'MSE - std': 168.47363144409542, 'R2 - mean': 0.7284564288334776, 'R2 - std': 0.16592570228941583} 
 

Saved Losses
{'MSE - mean': 275.9546022917289, 'MSE - std': 137.64344048856086, 'R2 - mean': 0.782357498545057, 'R2 - std': 0.15545055940371835} 
 

Saved Losses
{'MSE - mean': 282.26457179663646, 'MSE - std': 119.70269285861778, 'R2 - mean': 0.7930761428966973, 'R2 - std': 0.13589821678155892} 
 

Saved Losses
{'MSE - mean': 285.3371413290103, 'MSE - std': 107.24155200391664, 'R2 - mean': 0.8066332908416683, 'R2 - std': 0.12453852938401597} 
 

Saving model.....
Results After CV: {'MSE - mean': 285.3371413290103, 'MSE - std': 107.24155200391664, 'R2 - mean': 0.8066332908416683, 'R2 - std': 0.12453852938401597}
Train time: 0.48415474199999836
Inference time: 0.025669900599996253
Finished cross validation
Hyperparam was saved!!! Hurrah!!!
Trial 95 finished with value: 285.3371413290103 and parameters: {'max_depth': 12, 'n_estimators': 70}. Best is trial 65 with value: 267.23646419674776.
Saved Losses
{'MSE - mean': 440.59950532455844, 'MSE - std': 0.0, 'R2 - mean': 0.5696171436755939, 'R2 - std': 0.0} 
 

Saved Losses
{'MSE - mean': 276.98818171275013, 'MSE - std': 163.61132361180833, 'R2 - mean': 0.7308235437188079, 'R2 - std': 0.16120640004321396} 
 

Saved Losses
{'MSE - mean': 278.890482328466, 'MSE - std': 133.61517243413522, 'R2 - mean': 0.7820862405725281, 'R2 - std': 0.1502688605600907} 
 

Saved Losses
{'MSE - mean': 280.3922585451182, 'MSE - std': 115.74336578770928, 'R2 - mean': 0.7952367651327705, 'R2 - std': 0.13211493757009313} 
 

Saved Losses
{'MSE - mean': 284.855415355511, 'MSE - std': 103.9081346861284, 'R2 - mean': 0.8078867595892533, 'R2 - std': 0.1208452515505506} 
 

Saving model.....
Results After CV: {'MSE - mean': 284.855415355511, 'MSE - std': 103.9081346861284, 'R2 - mean': 0.8078867595892533, 'R2 - std': 0.1208452515505506}
Train time: 0.3609303498000031
Inference time: 0.02144562120000728
Finished cross validation
Hyperparam was saved!!! Hurrah!!!
Trial 96 finished with value: 284.855415355511 and parameters: {'max_depth': 11, 'n_estimators': 54}. Best is trial 65 with value: 267.23646419674776.
Saved Losses
{'MSE - mean': 421.32214146427447, 'MSE - std': 0.0, 'R2 - mean': 0.5884475028120218, 'R2 - std': 0.0} 
 

Saved Losses
{'MSE - mean': 274.0151766845899, 'MSE - std': 147.30696477968456, 'R2 - mean': 0.7338909242561966, 'R2 - std': 0.14544342144417477} 
 

Saved Losses
{'MSE - mean': 281.07067523761333, 'MSE - std': 120.68880658425722, 'R2 - mean': 0.7824322667783165, 'R2 - std': 0.1371679618641251} 
 

Saved Losses
{'MSE - mean': 286.2116699293631, 'MSE - std': 104.89819114413264, 'R2 - mean': 0.7930683664385267, 'R2 - std': 0.12021092782860607} 
 

Saved Losses
{'MSE - mean': 283.58932563759106, 'MSE - std': 93.97026743915944, 'R2 - mean': 0.808920343691037, 'R2 - std': 0.11209671925077859} 
 

Saving model.....
Results After CV: {'MSE - mean': 283.58932563759106, 'MSE - std': 93.97026743915944, 'R2 - mean': 0.808920343691037, 'R2 - std': 0.11209671925077859}
Train time: 0.4242142258000001
Inference time: 0.02377795679999508
Finished cross validation
Hyperparam was saved!!! Hurrah!!!
Trial 97 finished with value: 283.58932563759106 and parameters: {'max_depth': 12, 'n_estimators': 61}. Best is trial 65 with value: 267.23646419674776.
Saved Losses
{'MSE - mean': 430.6294168431973, 'MSE - std': 0.0, 'R2 - mean': 0.5793560451191042, 'R2 - std': 0.0} 
 

Saved Losses
{'MSE - mean': 278.1120885736972, 'MSE - std': 152.5173282695001, 'R2 - mean': 0.7298753716465838, 'R2 - std': 0.1505193265274795} 
 

Saved Losses
{'MSE - mean': 277.34162446790697, 'MSE - std': 124.53464382058884, 'R2 - mean': 0.782392159012943, 'R2 - std': 0.14359690461876537} 
 

Saved Losses
{'MSE - mean': 287.9764651632652, 'MSE - std': 109.41187158388087, 'R2 - mean': 0.7903914295205706, 'R2 - std': 0.1251280074484953} 
 

Saved Losses
{'MSE - mean': 281.34443220462464, 'MSE - std': 98.75576722120125, 'R2 - mean': 0.8084882820661756, 'R2 - std': 0.1176248225786294} 
 

Saving model.....
Results After CV: {'MSE - mean': 281.34443220462464, 'MSE - std': 98.75576722120125, 'R2 - mean': 0.8084882820661756, 'R2 - std': 0.1176248225786294}
Train time: 0.4040684570000053
Inference time: 0.026198856600007047
Finished cross validation
Hyperparam was saved!!! Hurrah!!!
Trial 98 finished with value: 281.34443220462464 and parameters: {'max_depth': 9, 'n_estimators': 75}. Best is trial 65 with value: 267.23646419674776.
Saved Losses
{'MSE - mean': 430.627696938318, 'MSE - std': 0.0, 'R2 - mean': 0.5793577251427211, 'R2 - std': 0.0} 
 

Saved Losses
{'MSE - mean': 275.6982864456784, 'MSE - std': 154.92941049263965, 'R2 - mean': 0.7321740836118055, 'R2 - std': 0.15281635846908437} 
 

Saved Losses
{'MSE - mean': 274.29306471223026, 'MSE - std': 126.51494293812965, 'R2 - mean': 0.7845121401814765, 'R2 - std': 0.14507620046541508} 
 

Saved Losses
{'MSE - mean': 285.50277105899636, 'MSE - std': 111.27216920290914, 'R2 - mean': 0.792090081194638, 'R2 - std': 0.12632340846457493} 
 

Saved Losses
{'MSE - mean': 285.7537401211616, 'MSE - std': 99.52611945201787, 'R2 - mean': 0.8068607483382972, 'R2 - std': 0.11678515852779145} 
 

Saving model.....
Results After CV: {'MSE - mean': 285.7537401211616, 'MSE - std': 99.52611945201787, 'R2 - mean': 0.8068607483382972, 'R2 - std': 0.11678515852779145}
Train time: 0.41074959499999864
Inference time: 0.02435999440000387
Finished cross validation
Hyperparam was saved!!! Hurrah!!!
Trial 99 finished with value: 285.7537401211616 and parameters: {'max_depth': 10, 'n_estimators': 67}. Best is trial 65 with value: 267.23646419674776.
Saved Losses
{'MSE - mean': 441.8461887050675, 'MSE - std': 0.0, 'R2 - mean': 0.5683993684676067, 'R2 - std': 0.0} 
 

Saved Losses
{'MSE - mean': 283.0275497171134, 'MSE - std': 158.8186389879541, 'R2 - mean': 0.7250569133839295, 'R2 - std': 0.15665754491632272} 
 

Saved Losses
{'MSE - mean': 277.77701179036103, 'MSE - std': 129.8872961084516, 'R2 - mean': 0.7803397111492782, 'R2 - std': 0.14991141732259314} 
 

Saved Losses
{'MSE - mean': 285.62313173869256, 'MSE - std': 113.30364981987236, 'R2 - mean': 0.7904070889222006, 'R2 - std': 0.130992866479132} 
 

Saved Losses
{'MSE - mean': 283.58356961830526, 'MSE - std': 101.42392668682812, 'R2 - mean': 0.8065739035546228, 'R2 - std': 0.12154327803779261} 
 

Saving model.....
Results After CV: {'MSE - mean': 283.58356961830526, 'MSE - std': 101.42392668682812, 'R2 - mean': 0.8065739035546228, 'R2 - std': 0.12154327803779261}
Train time: 0.3366623753999988
Inference time: 0.021811729000006608
Finished cross validation
Hyperparam was saved!!! Hurrah!!!
Trial 100 finished with value: 283.58356961830526 and parameters: {'max_depth': 11, 'n_estimators': 52}. Best is trial 65 with value: 267.23646419674776.
Saved Losses
{'MSE - mean': 451.1047055534689, 'MSE - std': 0.0, 'R2 - mean': 0.5593555386893428, 'R2 - std': 0.0} 
 

Saved Losses
{'MSE - mean': 290.7772894966568, 'MSE - std': 160.32741605681207, 'R2 - mean': 0.7175633290283007, 'R2 - std': 0.15820779033895782} 
 

Saved Losses
{'MSE - mean': 293.5821464891263, 'MSE - std': 130.96687114864517, 'R2 - mean': 0.7710015870896975, 'R2 - std': 0.14965882800076746} 
 

Saved Losses
{'MSE - mean': 299.56918068017046, 'MSE - std': 113.89369929484057, 'R2 - mean': 0.7821894992387153, 'R2 - std': 0.13104896693100976} 
 

Saved Losses
{'MSE - mean': 289.373506757109, 'MSE - std': 103.89045604978561, 'R2 - mean': 0.8025088097904204, 'R2 - std': 0.12405870752242441} 
 

Saving model.....
Results After CV: {'MSE - mean': 289.373506757109, 'MSE - std': 103.89045604978561, 'R2 - mean': 0.8025088097904204, 'R2 - std': 0.12405870752242441}
Train time: 0.40165496899999764
Inference time: 0.022236841799997364
Finished cross validation
Hyperparam was saved!!! Hurrah!!!
Trial 101 finished with value: 289.373506757109 and parameters: {'max_depth': 12, 'n_estimators': 59}. Best is trial 65 with value: 267.23646419674776.
Saved Losses
{'MSE - mean': 407.455888144119, 'MSE - std': 0.0, 'R2 - mean': 0.6019922245793561, 'R2 - std': 0.0} 
 

Saved Losses
{'MSE - mean': 260.5020346964187, 'MSE - std': 146.95385344770028, 'R2 - mean': 0.7469295076911051, 'R2 - std': 0.14493728311174897} 
 

Saved Losses
{'MSE - mean': 261.1885994350036, 'MSE - std': 119.99124733787592, 'R2 - mean': 0.7955628439470418, 'R2 - std': 0.13687566187837363} 
 

Saved Losses
{'MSE - mean': 267.1820049700326, 'MSE - std': 104.43269271639241, 'R2 - mean': 0.805305829176934, 'R2 - std': 0.1197329837369463} 
 

Saved Losses
{'MSE - mean': 270.1890528851175, 'MSE - std': 93.60085039705365, 'R2 - mean': 0.8178578632481759, 'R2 - std': 0.10999547332933277} 
 

Saving model.....
Results After CV: {'MSE - mean': 270.1890528851175, 'MSE - std': 93.60085039705365, 'R2 - mean': 0.8178578632481759, 'R2 - std': 0.10999547332933277}
Train time: 0.4046496321999996
Inference time: 0.023267664200000128
Finished cross validation
Hyperparam was saved!!! Hurrah!!!
