Trial 134 finished with value: 0.49772582390004255 and parameters: {'max_depth': 6, 'n_estimators': 44}. Best is trial 89 with value: 0.4782203882368445.
Saved Losses
{'MSE - mean': 0.46452972633106987, 'MSE - std': 0.0, 'R2 - mean': 0.15470949017737246, 'R2 - std': 0.0} 
 

Saved Losses
{'MSE - mean': 0.45801009145413724, 'MSE - std': 0.006519634876932634, 'R2 - mean': 0.27165326606792395, 'R2 - std': 0.1169437758905515} 
 

Saved Losses
{'MSE - mean': 0.48639700104541356, 'MSE - std': 0.04049654756773235, 'R2 - mean': 0.25163816312868065, 'R2 - std': 0.09959136427269534} 
 

Saved Losses
{'MSE - mean': 0.49766635371861034, 'MSE - std': 0.04013692442997925, 'R2 - mean': 0.2692631701515616, 'R2 - std': 0.09149181655176779} 
 

Saved Losses
{'MSE - mean': 0.4964208059604173, 'MSE - std': 0.035985882218309596, 'R2 - mean': 0.25229657747102696, 'R2 - std': 0.088589294305252} 
 

Saving model.....
Results After CV: {'MSE - mean': 0.4964208059604173, 'MSE - std': 0.035985882218309596, 'R2 - mean': 0.25229657747102696, 'R2 - std': 0.088589294305252}
Train time: 0.3420240166000042
Inference time: 0.026557423800005607
Finished cross validation
Hyperparam was saved!!! Hurrah!!!
Trial 135 finished with value: 0.4964208059604173 and parameters: {'max_depth': 8, 'n_estimators': 75}. Best is trial 89 with value: 0.4782203882368445.
Saved Losses
{'MSE - mean': 0.4404234720175514, 'MSE - std': 0.0, 'R2 - mean': 0.19857490253650623, 'R2 - std': 0.0} 
 

Saved Losses
{'MSE - mean': 0.4459393119700014, 'MSE - std': 0.00551583995245003, 'R2 - mean': 0.29360987681738177, 'R2 - std': 0.09503497428087554} 
 

Saved Losses
{'MSE - mean': 0.4822902454552362, 'MSE - std': 0.05160488081648169, 'R2 - mean': 0.26055651643209826, 'R2 - std': 0.09058778517675534} 
 

Saved Losses
{'MSE - mean': 0.4926854515706124, 'MSE - std': 0.048181726033901334, 'R2 - mean': 0.27837632985351485, 'R2 - std': 0.08430449198319609} 
 

Saved Losses
{'MSE - mean': 0.4917274339162406, 'MSE - std': 0.043137618967544936, 'R2 - mean': 0.26076314997577177, 'R2 - std': 0.08322676442382436} 
 

Saving model.....
Results After CV: {'MSE - mean': 0.4917274339162406, 'MSE - std': 0.043137618967544936, 'R2 - mean': 0.26076314997577177, 'R2 - std': 0.08322676442382436}
Train time: 0.41875814679999623
Inference time: 0.03045022959999528
Finished cross validation
Hyperparam was saved!!! Hurrah!!!
Trial 136 finished with value: 0.4917274339162406 and parameters: {'max_depth': 7, 'n_estimators': 99}. Best is trial 89 with value: 0.4782203882368445.
Saved Losses
{'MSE - mean': 0.46356737715954555, 'MSE - std': 0.0, 'R2 - mean': 0.1564606474784349, 'R2 - std': 0.0} 
 

Saved Losses
{'MSE - mean': 0.45872732074665756, 'MSE - std': 0.004840056412888011, 'R2 - mean': 0.2709059805683132, 'R2 - std': 0.11444533308987831} 
 

Saved Losses
{'MSE - mean': 0.49449148885432087, 'MSE - std': 0.05073232570646023, 'R2 - mean': 0.2400851487076874, 'R2 - std': 0.10310999077294788} 
 

Saved Losses
{'MSE - mean': 0.503040585310495, 'MSE - std': 0.04636364744431438, 'R2 - mean': 0.26148692203250146, 'R2 - std': 0.09668433354084939} 
 

Saved Losses
{'MSE - mean': 0.5053922903775031, 'MSE - std': 0.0417347853757667, 'R2 - mean': 0.2383219698436644, 'R2 - std': 0.09810580167061984} 
 

Saving model.....
Results After CV: {'MSE - mean': 0.5053922903775031, 'MSE - std': 0.0417347853757667, 'R2 - mean': 0.2383219698436644, 'R2 - std': 0.09810580167061984}
Train time: 0.25956276640000053
Inference time: 0.01970236619999923
Finished cross validation
Hyperparam was saved!!! Hurrah!!!
Trial 137 finished with value: 0.5053922903775031 and parameters: {'max_depth': 7, 'n_estimators': 63}. Best is trial 89 with value: 0.4782203882368445.
Saved Losses
{'MSE - mean': 0.45193100082543697, 'MSE - std': 0.0, 'R2 - mean': 0.17763500495526174, 'R2 - std': 0.0} 
 

Saved Losses
{'MSE - mean': 0.4573859304149398, 'MSE - std': 0.005454929589502833, 'R2 - mean': 0.27543073340335517, 'R2 - std': 0.09779572844809342} 
 

Saved Losses
{'MSE - mean': 0.48720439307197844, 'MSE - std': 0.04240423251291518, 'R2 - mean': 0.25238061128441175, 'R2 - std': 0.08624743046138764} 
 

Saved Losses
{'MSE - mean': 0.4943737999480532, 'MSE - std': 0.038765840454208576, 'R2 - mean': 0.27479178206921895, 'R2 - std': 0.08417687434047023} 
 

Saved Losses
{'MSE - mean': 0.49333526304654207, 'MSE - std': 0.034735378859026785, 'R2 - mean': 0.2574687562689884, 'R2 - std': 0.08287910370224127} 
 

Saving model.....
Results After CV: {'MSE - mean': 0.49333526304654207, 'MSE - std': 0.034735378859026785, 'R2 - mean': 0.2574687562689884, 'R2 - std': 0.08287910370224127}
Train time: 0.30107389380000316
Inference time: 0.022993272999997316
Finished cross validation
Hyperparam was saved!!! Hurrah!!!
Trial 138 finished with value: 0.49333526304654207 and parameters: {'max_depth': 8, 'n_estimators': 69}. Best is trial 89 with value: 0.4782203882368445.
Saved Losses
{'MSE - mean': 0.45147441189435467, 'MSE - std': 0.0, 'R2 - mean': 0.17846584584327596, 'R2 - std': 0.0} 
 

Saved Losses
{'MSE - mean': 0.4546362119000271, 'MSE - std': 0.003161800005672427, 'R2 - mean': 0.2792606360358672, 'R2 - std': 0.10079479019259124} 
 

Saved Losses
{'MSE - mean': 0.4873244397167975, 'MSE - std': 0.04630016337393146, 'R2 - mean': 0.25209889441816685, 'R2 - std': 0.09082169473970643} 
 

Saved Losses
{'MSE - mean': 0.49806904469454916, 'MSE - std': 0.04420541205240977, 'R2 - mean': 0.2699822786693078, 'R2 - std': 0.08453331575991904} 
 

Saved Losses
{'MSE - mean': 0.4957384482859933, 'MSE - std': 0.039812328269732765, 'R2 - mean': 0.25453890541581636, 'R2 - std': 0.08167433065828922} 
 

Saving model.....
Results After CV: {'MSE - mean': 0.4957384482859933, 'MSE - std': 0.039812328269732765, 'R2 - mean': 0.25453890541581636, 'R2 - std': 0.08167433065828922}
Train time: 0.32412141119999094
Inference time: 0.02636519619999831
Finished cross validation
Hyperparam was saved!!! Hurrah!!!
Trial 139 finished with value: 0.4957384482859933 and parameters: {'max_depth': 6, 'n_estimators': 83}. Best is trial 89 with value: 0.4782203882368445.
Saved Losses
{'MSE - mean': 0.4245988524282912, 'MSE - std': 0.0, 'R2 - mean': 0.22737047793703835, 'R2 - std': 0.0} 
 

Saved Losses
{'MSE - mean': 0.43119261275059884, 'MSE - std': 0.006593760322307601, 'R2 - mean': 0.31726271265840317, 'R2 - std': 0.08989223472136482} 
 

Saved Losses
{'MSE - mean': 0.4723107990251876, 'MSE - std': 0.058398592464335784, 'R2 - mean': 0.2765403453036676, 'R2 - std': 0.09329361347245958} 
 

Saved Losses
{'MSE - mean': 0.4841555825169836, 'MSE - std': 0.054577407315337494, 'R2 - mean': 0.2916973950606875, 'R2 - std': 0.08495282342613368} 
 

Saved Losses
{'MSE - mean': 0.4878064252324682, 'MSE - std': 0.04935857900653373, 'R2 - mean': 0.26660249997756164, 'R2 - std': 0.09106371837010532} 
 

Saving model.....
Results After CV: {'MSE - mean': 0.4878064252324682, 'MSE - std': 0.04935857900653373, 'R2 - mean': 0.26660249997756164, 'R2 - std': 0.09106371837010532}
Train time: 0.3839001833999987
Inference time: 0.028008828599996604
Finished cross validation
Hyperparam was saved!!! Hurrah!!!
Trial 140 finished with value: 0.4878064252324682 and parameters: {'max_depth': 7, 'n_estimators': 90}. Best is trial 89 with value: 0.4782203882368445.
Saved Losses
{'MSE - mean': 0.46466158224814574, 'MSE - std': 0.0, 'R2 - mean': 0.15446955600513224, 'R2 - std': 0.0} 
 

Saved Losses
{'MSE - mean': 0.46389628204800487, 'MSE - std': 0.0007653002001408726, 'R2 - mean': 0.2636515691689597, 'R2 - std': 0.10918201316382747} 
 

Saved Losses
{'MSE - mean': 0.48976656030032434, 'MSE - std': 0.03659143410648308, 'R2 - mean': 0.24710863287129128, 'R2 - std': 0.0921654968794445} 
 

Saved Losses
{'MSE - mean': 0.4956189515751026, 'MSE - std': 0.03327087672989881, 'R2 - mean': 0.2717005975580986, 'R2 - std': 0.0904718370143312} 
 

Saved Losses
{'MSE - mean': 0.49383253960241824, 'MSE - std': 0.029972088042802398, 'R2 - mean': 0.2558236693405691, 'R2 - std': 0.08692772879062532} 
 

Saving model.....
Results After CV: {'MSE - mean': 0.49383253960241824, 'MSE - std': 0.029972088042802398, 'R2 - mean': 0.2558236693405691, 'R2 - std': 0.08692772879062532}
Train time: 0.3743049208000002
Inference time: 0.0293030596000051
Finished cross validation
Hyperparam was saved!!! Hurrah!!!
Trial 141 finished with value: 0.49383253960241824 and parameters: {'max_depth': 7, 'n_estimators': 89}. Best is trial 89 with value: 0.4782203882368445.
Saved Losses
{'MSE - mean': 0.4513676691780434, 'MSE - std': 0.0, 'R2 - mean': 0.1786600822935528, 'R2 - std': 0.0} 
 

Saved Losses
{'MSE - mean': 0.4547364180519362, 'MSE - std': 0.0033687488738927966, 'R2 - mean': 0.2791497814399319, 'R2 - std': 0.10048969914637912} 
 

Saved Losses
{'MSE - mean': 0.48335329502356544, 'MSE - std': 0.04056373924088226, 'R2 - mean': 0.25788592235430075, 'R2 - std': 0.08738663034343612} 
 

Saved Losses
{'MSE - mean': 0.49159622468924924, 'MSE - std': 0.03791965683286109, 'R2 - mean': 0.27877951298760506, 'R2 - std': 0.08388649331532205} 
 

Saved Losses
{'MSE - mean': 0.4933658158257961, 'MSE - std': 0.034100529477117204, 'R2 - mean': 0.2569206041052433, 'R2 - std': 0.08683779475955637} 
 

Saving model.....
Results After CV: {'MSE - mean': 0.4933658158257961, 'MSE - std': 0.034100529477117204, 'R2 - mean': 0.2569206041052433, 'R2 - std': 0.08683779475955637}
Train time: 0.33032134580000727
Inference time: 0.02573957519999226
Finished cross validation
Hyperparam was saved!!! Hurrah!!!
Trial 142 finished with value: 0.4933658158257961 and parameters: {'max_depth': 7, 'n_estimators': 78}. Best is trial 89 with value: 0.4782203882368445.
Saved Losses
{'MSE - mean': 0.43946430915279916, 'MSE - std': 0.0, 'R2 - mean': 0.20032026181276386, 'R2 - std': 0.0} 
 

Saved Losses
{'MSE - mean': 0.4497520320467214, 'MSE - std': 0.010287722893922213, 'R2 - mean': 0.2886699732630269, 'R2 - std': 0.08834971145026305} 
 

Saved Losses
{'MSE - mean': 0.48131378162784455, 'MSE - std': 0.04541856707123727, 'R2 - mean': 0.26236989461388305, 'R2 - std': 0.0811613780242721} 
 

Saved Losses
{'MSE - mean': 0.49565728626114003, 'MSE - std': 0.0465225004873928, 'R2 - mean': 0.2750119142305065, 'R2 - std': 0.07361955543237393} 
 

Saved Losses
{'MSE - mean': 0.49862521031755824, 'MSE - std': 0.04203223446473236, 'R2 - mean': 0.250569913137844, 'R2 - std': 0.08200924840103807} 
 

Saving model.....
Results After CV: {'MSE - mean': 0.49862521031755824, 'MSE - std': 0.04203223446473236, 'R2 - mean': 0.250569913137844, 'R2 - std': 0.08200924840103807}
Train time: 0.2856466261999969
Inference time: 0.02294574519999628
Finished cross validation
Hyperparam was saved!!! Hurrah!!!
Trial 143 finished with value: 0.49862521031755824 and parameters: {'max_depth': 6, 'n_estimators': 73}. Best is trial 89 with value: 0.4782203882368445.
Saved Losses
{'MSE - mean': 0.4378803612744896, 'MSE - std': 0.0, 'R2 - mean': 0.20320252323479082, 'R2 - std': 0.0} 
 

Saved Losses
{'MSE - mean': 0.4378481765213775, 'MSE - std': 3.218475311211888e-05, 'R2 - mean': 0.30515868066637614, 'R2 - std': 0.10195615743158531} 
 

Saved Losses
{'MSE - mean': 0.4774926735129085, 'MSE - std': 0.056065791477470844, 'R2 - mean': 0.2673898950099384, 'R2 - std': 0.0989090543482581} 
 

Saved Losses
{'MSE - mean': 0.48832838408311763, 'MSE - std': 0.0520554281624929, 'R2 - mean': 0.284469277840242, 'R2 - std': 0.09062210948572214} 
 

Saved Losses
{'MSE - mean': 0.48846280657356633, 'MSE - std': 0.04656056656193223, 'R2 - mean': 0.26527070231535704, 'R2 - std': 0.08968965710076393} 
 

Saving model.....
Results After CV: {'MSE - mean': 0.48846280657356633, 'MSE - std': 0.04656056656193223, 'R2 - mean': 0.26527070231535704, 'R2 - std': 0.08968965710076393}
Train time: 0.407669122599998
Inference time: 0.026913429599994744
Finished cross validation
Hyperparam was saved!!! Hurrah!!!
Trial 144 finished with value: 0.48846280657356633 and parameters: {'max_depth': 8, 'n_estimators': 90}. Best is trial 89 with value: 0.4782203882368445.
Saved Losses
{'MSE - mean': 0.4383821513692163, 'MSE - std': 0.0, 'R2 - mean': 0.20228943117425557, 'R2 - std': 0.0} 
 

Saved Losses
{'MSE - mean': 0.444059157765874, 'MSE - std': 0.005677006396657691, 'R2 - mean': 0.2966310574338675, 'R2 - std': 0.0943416262596119} 
 

Saved Losses
{'MSE - mean': 0.48160380870861036, 'MSE - std': 0.05329809780760438, 'R2 - mean': 0.2617476585271586, 'R2 - std': 0.0914727536962493} 
 

Saved Losses
{'MSE - mean': 0.4910933438750503, 'MSE - std': 0.04899662493944889, 'R2 - mean': 0.2806436887194589, 'R2 - std': 0.08571247501190239} 
 

Saved Losses
{'MSE - mean': 0.49425319982136184, 'MSE - std': 0.044277242041159015, 'R2 - mean': 0.25627163444407286, 'R2 - std': 0.09084762416564474} 
 

Saving model.....
Results After CV: {'MSE - mean': 0.49425319982136184, 'MSE - std': 0.044277242041159015, 'R2 - mean': 0.25627163444407286, 'R2 - std': 0.09084762416564474}
Train time: 0.4084020054000064
Inference time: 0.03014102099999718
Finished cross validation
Hyperparam was saved!!! Hurrah!!!
Trial 145 finished with value: 0.49425319982136184 and parameters: {'max_depth': 8, 'n_estimators': 93}. Best is trial 89 with value: 0.4782203882368445.
Saved Losses
{'MSE - mean': 0.4456806437607771, 'MSE - std': 0.0, 'R2 - mean': 0.1890085881950011, 'R2 - std': 0.0} 
 

Saved Losses
{'MSE - mean': 0.44535032879937303, 'MSE - std': 0.0003303149614040657, 'R2 - mean': 0.29318391303016805, 'R2 - std': 0.10417532483516695} 
 

Saved Losses
{'MSE - mean': 0.4844720182029354, 'MSE - std': 0.055327081092596646, 'R2 - mean': 0.2565358547509815, 'R2 - std': 0.09960501604309063} 
 

Saved Losses
{'MSE - mean': 0.49590102527548297, 'MSE - std': 0.05184284940725288, 'R2 - mean': 0.27334660813162304, 'R2 - std': 0.09104215344214187} 
 

Saved Losses
{'MSE - mean': 0.4962849802329844, 'MSE - std': 0.04637601226246215, 'R2 - mean': 0.2534450094107309, 'R2 - std': 0.0906379252261197} 
 

Saving model.....
Results After CV: {'MSE - mean': 0.4962849802329844, 'MSE - std': 0.04637601226246215, 'R2 - mean': 0.2534450094107309, 'R2 - std': 0.0906379252261197}
Train time: 0.37770213180000384
Inference time: 0.028013261399996735
Finished cross validation
Hyperparam was saved!!! Hurrah!!!
Trial 146 finished with value: 0.4962849802329844 and parameters: {'max_depth': 8, 'n_estimators': 84}. Best is trial 89 with value: 0.4782203882368445.
Saved Losses
{'MSE - mean': 0.45276488858411434, 'MSE - std': 0.0, 'R2 - mean': 0.17611760495110163, 'R2 - std': 0.0} 
 

Saved Losses
{'MSE - mean': 0.45696615294404563, 'MSE - std': 0.004201264359931262, 'R2 - mean': 0.2758051114124189, 'R2 - std': 0.0996875064613173} 
 

Saved Losses
{'MSE - mean': 0.48921313261138244, 'MSE - std': 0.04573294738820821, 'R2 - mean': 0.2493083924813667, 'R2 - std': 0.0896059048902795} 
 

Saved Losses
{'MSE - mean': 0.4995545383907213, 'MSE - std': 0.04346792930527397, 'R2 - mean': 0.26780143023448055, 'R2 - std': 0.08395171814453024} 
 

Saved Losses
{'MSE - mean': 0.4989008970575296, 'MSE - std': 0.038900870047345514, 'R2 - mean': 0.2495181742525867, 'R2 - std': 0.0835189953288038} 
 

Saving model.....
Results After CV: {'MSE - mean': 0.4989008970575296, 'MSE - std': 0.038900870047345514, 'R2 - mean': 0.2495181742525867, 'R2 - std': 0.0835189953288038}
Train time: 0.41033818599998995
Inference time: 0.031189454400004025
Finished cross validation
Hyperparam was saved!!! Hurrah!!!
Trial 147 finished with value: 0.4989008970575296 and parameters: {'max_depth': 8, 'n_estimators': 91}. Best is trial 89 with value: 0.4782203882368445.
Saved Losses
{'MSE - mean': 0.4569148263228425, 'MSE - std': 0.0, 'R2 - mean': 0.1685660904019517, 'R2 - std': 0.0} 
 

Saved Losses
{'MSE - mean': 0.4638594792485781, 'MSE - std': 0.006944652925735595, 'R2 - mean': 0.2655043923233751, 'R2 - std': 0.09693830192142339} 
 

Saved Losses
{'MSE - mean': 0.500089158003042, 'MSE - std': 0.051549310193987265, 'R2 - mean': 0.2333253735631917, 'R2 - std': 0.09129987997258902} 
 

Saved Losses
{'MSE - mean': 0.5047553679361183, 'MSE - std': 0.04536870156314327, 'R2 - mean': 0.2595845977283306, 'R2 - std': 0.09121618071111022} 
 

Saved Losses
{'MSE - mean': 0.5057647074737439, 'MSE - std': 0.04062918077477449, 'R2 - mean': 0.23845868538857085, 'R2 - std': 0.09187779920941941} 
 

Saving model.....
Results After CV: {'MSE - mean': 0.5057647074737439, 'MSE - std': 0.04062918077477449, 'R2 - mean': 0.23845868538857085, 'R2 - std': 0.09187779920941941}
Train time: 0.4756819144000019
Inference time: 0.030430271000005858
Finished cross validation
Hyperparam was saved!!! Hurrah!!!
Trial 148 finished with value: 0.5057647074737439 and parameters: {'max_depth': 9, 'n_estimators': 98}. Best is trial 89 with value: 0.4782203882368445.
Saved Losses
{'MSE - mean': 0.4360127275066085, 'MSE - std': 0.0, 'R2 - mean': 0.20660099917794061, 'R2 - std': 0.0} 
 

Saved Losses
{'MSE - mean': 0.43922430445234395, 'MSE - std': 0.003211576945735456, 'R2 - mean': 0.30372981909083396, 'R2 - std': 0.09712881991289335} 
 

Saved Losses
{'MSE - mean': 0.4796851933182788, 'MSE - std': 0.05728039111797897, 'R2 - mean': 0.26458655915250157, 'R2 - std': 0.09671467332130752} 
 

Saved Losses
{'MSE - mean': 0.4930787526324125, 'MSE - std': 0.05476262136051505, 'R2 - mean': 0.2784052976710617, 'R2 - std': 0.08711009487693396} 
 

Saved Losses
{'MSE - mean': 0.4925646553398291, 'MSE - std': 0.048991968145044744, 'R2 - mean': 0.25991907261817504, 'R2 - std': 0.08624092398854874} 
 

Saving model.....
Results After CV: {'MSE - mean': 0.4925646553398291, 'MSE - std': 0.048991968145044744, 'R2 - mean': 0.25991907261817504, 'R2 - std': 0.08624092398854874}
Train time: 0.34288441059999286
Inference time: 0.024897588999994013
Finished cross validation
Hyperparam was saved!!! Hurrah!!!
Trial 149 finished with value: 0.4925646553398291 and parameters: {'max_depth': 7, 'n_estimators': 80}. Best is trial 89 with value: 0.4782203882368445.
Saved Losses
{'MSE - mean': 0.44219365141619904, 'MSE - std': 0.0, 'R2 - mean': 0.19535376132305038, 'R2 - std': 0.0} 
 

Saved Losses
{'MSE - mean': 0.44566976081966725, 'MSE - std': 0.0034761094034681805, 'R2 - mean': 0.29356290699262466, 'R2 - std': 0.09820914566957428} 
 

Saved Losses
{'MSE - mean': 0.47809849610037536, 'MSE - std': 0.045948898806562714, 'R2 - mean': 0.2663485410387753, 'R2 - std': 0.08894530692494035} 
 

Saved Losses
{'MSE - mean': 0.4880701506286989, 'MSE - std': 0.0433794612489426, 'R2 - mean': 0.2845971388421595, 'R2 - std': 0.08326154384436979} 
 

Saved Losses
{'MSE - mean': 0.4899632645571012, 'MSE - std': 0.038984069156290664, 'R2 - mean': 0.2625400551424904, 'R2 - std': 0.08655661449025812} 
 

Saving model.....
Results After CV: {'MSE - mean': 0.4899632645571012, 'MSE - std': 0.038984069156290664, 'R2 - mean': 0.2625400551424904, 'R2 - std': 0.08655661449025812}
Train time: 0.3702700173999972
Inference time: 0.027228053599998248
Finished cross validation
Hyperparam was saved!!! Hurrah!!!
Trial 150 finished with value: 0.4899632645571012 and parameters: {'max_depth': 7, 'n_estimators': 87}. Best is trial 89 with value: 0.4782203882368445.
Saved Losses
{'MSE - mean': 0.46156712322611204, 'MSE - std': 0.0, 'R2 - mean': 0.16010044827336112, 'R2 - std': 0.0} 
 

Saved Losses
{'MSE - mean': 0.4498042945953791, 'MSE - std': 0.011762828630732969, 'R2 - mean': 0.2834549759602294, 'R2 - std': 0.12335452768686828} 
 

Saved Losses
{'MSE - mean': 0.4813325129571559, 'MSE - std': 0.04561030436644504, 'R2 - mean': 0.25891661334196253, 'R2 - std': 0.10652928617930069} 
 

Saved Losses
{'MSE - mean': 0.4924724498165437, 'MSE - std': 0.043960430821288116, 'R2 - mean': 0.2765019275607201, 'R2 - std': 0.09715501242303878} 
 

Saved Losses
{'MSE - mean': 0.49272675179011716, 'MSE - std': 0.039322693961244055, 'R2 - mean': 0.25732241375578313, 'R2 - std': 0.09498785264607118} 
 

Saving model.....
Results After CV: {'MSE - mean': 0.49272675179011716, 'MSE - std': 0.039322693961244055, 'R2 - mean': 0.25732241375578313, 'R2 - std': 0.09498785264607118}
Train time: 0.3035590931999934
Inference time: 0.024152256600001466
Finished cross validation
Hyperparam was saved!!! Hurrah!!!
Trial 151 finished with value: 0.49272675179011716 and parameters: {'max_depth': 7, 'n_estimators': 74}. Best is trial 89 with value: 0.4782203882368445.
Saved Losses
{'MSE - mean': 0.4582392605380199, 'MSE - std': 0.0, 'R2 - mean': 0.16615605804123268, 'R2 - std': 0.0} 
 

Saved Losses
{'MSE - mean': 0.523807678622501, 'MSE - std': 0.0655684180844811, 'R2 - mean': 0.18401501043829827, 'R2 - std': 0.017858952397065586} 
 

Saved Losses
{'MSE - mean': 0.5608664147232053, 'MSE - std': 0.07491892157190656, 'R2 - mean': 0.14879158684589408, 'R2 - std': 0.051903827022872884} 
 

Saved Losses
{'MSE - mean': 0.5867545067748114, 'MSE - std': 0.07886833038260933, 'R2 - mean': 0.14973771549259504, 'R2 - std': 0.04497989465265072} 
 

Saved Losses
{'MSE - mean': 0.584019947355514, 'MSE - std': 0.07075367192409883, 'R2 - mean': 0.12957795980790873, 'R2 - std': 0.05695801730604579} 
 

Saving model.....
Results After CV: {'MSE - mean': 0.584019947355514, 'MSE - std': 0.07075367192409883, 'R2 - mean': 0.12957795980790873, 'R2 - std': 0.05695801730604579}
Train time: 0.18975184900000386
Inference time: 0.018695008800000322
Finished cross validation
Hyperparam was saved!!! Hurrah!!!
