Trial 44 finished with value: 0.5075788207973799 and parameters: {'max_depth': 10, 'n_estimators': 37}. Best is trial 21 with value: 0.4872012739173416.
Saved Losses
{'MSE - mean': 0.4599355877890311, 'MSE - std': 0.0, 'R2 - mean': 0.1630693033180024, 'R2 - std': 0.0} 
 

Saved Losses
{'MSE - mean': 0.44273047676361343, 'MSE - std': 0.017205111025417635, 'R2 - mean': 0.2934139798441518, 'R2 - std': 0.1303446765261494} 
 

Saved Losses
{'MSE - mean': 0.4740491746094268, 'MSE - std': 0.04646574616258739, 'R2 - mean': 0.26928252071442843, 'R2 - std': 0.11176378858376579} 
 

Saved Losses
{'MSE - mean': 0.4901719958151884, 'MSE - std': 0.04898096840338471, 'R2 - mean': 0.2802433647379031, 'R2 - std': 0.09863457119118196} 
 

Saved Losses
{'MSE - mean': 0.49212172876643534, 'MSE - std': 0.04398311092807567, 'R2 - mean': 0.25826544756753245, 'R2 - std': 0.09856540102817708} 
 

Saving model.....
Results After CV: {'MSE - mean': 0.49212172876643534, 'MSE - std': 0.04398311092807567, 'R2 - mean': 0.25826544756753245, 'R2 - std': 0.09856540102817708}
Train time: 0.2724541323999986
Inference time: 0.021515254199999844
Finished cross validation
Hyperparam was saved!!! Hurrah!!!
Trial 45 finished with value: 0.49212172876643534 and parameters: {'max_depth': 7, 'n_estimators': 63}. Best is trial 21 with value: 0.4872012739173416.
Saved Losses
{'MSE - mean': 0.44155377364467835, 'MSE - std': 0.0, 'R2 - mean': 0.19651812729804385, 'R2 - std': 0.0} 
 

Saved Losses
{'MSE - mean': 0.4488678900636313, 'MSE - std': 0.007314116418952965, 'R2 - mean': 0.28938096433854804, 'R2 - std': 0.09286283704050419} 
 

Saved Losses
{'MSE - mean': 0.47581728728701744, 'MSE - std': 0.03857725004111056, 'R2 - mean': 0.2699663111530115, 'R2 - std': 0.08064032398312575} 
 

Saved Losses
{'MSE - mean': 0.4860062835509485, 'MSE - std': 0.03778359564877298, 'R2 - mean': 0.2877606450550673, 'R2 - std': 0.07633519074536443} 
 

Saved Losses
{'MSE - mean': 0.4877012160098337, 'MSE - std': 0.033964264518471635, 'R2 - mean': 0.2660847738228197, 'R2 - std': 0.08087658902063599} 
 

Saving model.....
Results After CV: {'MSE - mean': 0.4877012160098337, 'MSE - std': 0.033964264518471635, 'R2 - mean': 0.2660847738228197, 'R2 - std': 0.08087658902063599}
Train time: 0.36316503080000045
Inference time: 0.027957641400000455
Finished cross validation
Hyperparam was saved!!! Hurrah!!!
Trial 46 finished with value: 0.4877012160098337 and parameters: {'max_depth': 7, 'n_estimators': 85}. Best is trial 21 with value: 0.4872012739173416.
Saved Losses
{'MSE - mean': 0.47024401351240125, 'MSE - std': 0.0, 'R2 - mean': 0.14431137687915485, 'R2 - std': 0.0} 
 

Saved Losses
{'MSE - mean': 0.464078769460922, 'MSE - std': 0.006165244051479224, 'R2 - mean': 0.2621051880535504, 'R2 - std': 0.11779381117439552} 
 

Saved Losses
{'MSE - mean': 0.4996979696404571, 'MSE - std': 0.050624055536893274, 'R2 - mean': 0.23183922693504902, 'R2 - std': 0.10527255786218} 
 

Saved Losses
{'MSE - mean': 0.5072791114007837, 'MSE - std': 0.04576589757037818, 'R2 - mean': 0.2548769115790396, 'R2 - std': 0.09951853254747278} 
 

Saved Losses
{'MSE - mean': 0.5068218989394676, 'MSE - std': 0.04094447554038284, 'R2 - mean': 0.2362887027035419, 'R2 - std': 0.09646365477794445} 
 

Saving model.....
Results After CV: {'MSE - mean': 0.5068218989394676, 'MSE - std': 0.04094447554038284, 'R2 - mean': 0.2362887027035419, 'R2 - std': 0.09646365477794445}
Train time: 0.4229692682000007
Inference time: 0.02922676600000216
Finished cross validation
Hyperparam was saved!!! Hurrah!!!
Trial 47 finished with value: 0.5068218989394676 and parameters: {'max_depth': 10, 'n_estimators': 84}. Best is trial 21 with value: 0.4872012739173416.
Saved Losses
{'MSE - mean': 0.45314443147979316, 'MSE - std': 0.0, 'R2 - mean': 0.1754269623730219, 'R2 - std': 0.0} 
 

Saved Losses
{'MSE - mean': 0.447324930093814, 'MSE - std': 0.0058195013859791145, 'R2 - mean': 0.2887728046218419, 'R2 - std': 0.11334584224882} 
 

Saved Losses
{'MSE - mean': 0.4831036301642713, 'MSE - std': 0.05082133890782912, 'R2 - mean': 0.25749198605563445, 'R2 - std': 0.10257598414707139} 
 

Saved Losses
{'MSE - mean': 0.49317851664369367, 'MSE - std': 0.04734571130533429, 'R2 - mean': 0.2762271242778641, 'R2 - std': 0.0945747884238888} 
 

Saved Losses
{'MSE - mean': 0.4938005110125663, 'MSE - std': 0.04236555925732699, 'R2 - mean': 0.256258013633496, 'R2 - std': 0.09354450279971953} 
 

Saving model.....
Results After CV: {'MSE - mean': 0.4938005110125663, 'MSE - std': 0.04236555925732699, 'R2 - mean': 0.256258013633496, 'R2 - std': 0.09354450279971953}
Train time: 0.3713079121999982
Inference time: 0.02854150260000381
Finished cross validation
Hyperparam was saved!!! Hurrah!!!
Trial 48 finished with value: 0.4938005110125663 and parameters: {'max_depth': 7, 'n_estimators': 87}. Best is trial 21 with value: 0.4872012739173416.
Saved Losses
{'MSE - mean': 0.45728119064638534, 'MSE - std': 0.0, 'R2 - mean': 0.1678994284677967, 'R2 - std': 0.0} 
 

Saved Losses
{'MSE - mean': 0.44791091153795376, 'MSE - std': 0.009370279108431578, 'R2 - mean': 0.2870164834392829, 'R2 - std': 0.11911705497148617} 
 

Saved Losses
{'MSE - mean': 0.49187820729163717, 'MSE - std': 0.06264807216105694, 'R2 - mean': 0.2441521561981095, 'R2 - std': 0.11460344507502164} 
 

Saved Losses
{'MSE - mean': 0.4990204545185971, 'MSE - std': 0.055647289201503795, 'R2 - mean': 0.26716479296741513, 'R2 - std': 0.10695422652015962} 
 

Saved Losses
{'MSE - mean': 0.49936366900389634, 'MSE - std': 0.04977718173131457, 'R2 - mean': 0.24753179500013722, 'R2 - std': 0.10340785121620627} 
 

Saving model.....
Results After CV: {'MSE - mean': 0.49936366900389634, 'MSE - std': 0.04977718173131457, 'R2 - mean': 0.24753179500013722, 'R2 - std': 0.10340785121620627}
Train time: 0.32935982679999826
Inference time: 0.022306455599996868
Finished cross validation
Hyperparam was saved!!! Hurrah!!!
Trial 49 finished with value: 0.49936366900389634 and parameters: {'max_depth': 9, 'n_estimators': 67}. Best is trial 21 with value: 0.4872012739173416.
Saved Losses
{'MSE - mean': 0.4805803469850544, 'MSE - std': 0.0, 'R2 - mean': 0.12550266756402972, 'R2 - std': 0.0} 
 

Saved Losses
{'MSE - mean': 0.4700849248373008, 'MSE - std': 0.010495422147753591, 'R2 - mean': 0.25156603923617926, 'R2 - std': 0.12606337167214954} 
 

Saved Losses
{'MSE - mean': 0.49925661404552363, 'MSE - std': 0.04213562419808196, 'R2 - mean': 0.2312655447398471, 'R2 - std': 0.10685910944708879} 
 

Saved Losses
{'MSE - mean': 0.4996073096964282, 'MSE - std': 0.03649557620096143, 'R2 - mean': 0.2638093543142425, 'R2 - std': 0.10835797422761377} 
 

Saved Losses
{'MSE - mean': 0.49614964685947716, 'MSE - std': 0.03336710048787993, 'R2 - mean': 0.25096042822133074, 'R2 - std': 0.10026734298830405} 
 

Saving model.....
Results After CV: {'MSE - mean': 0.49614964685947716, 'MSE - std': 0.03336710048787993, 'R2 - mean': 0.25096042822133074, 'R2 - std': 0.10026734298830405}
Train time: 0.25356692499999556
Inference time: 0.019979393399998456
Finished cross validation
Hyperparam was saved!!! Hurrah!!!
Trial 50 finished with value: 0.49614964685947716 and parameters: {'max_depth': 8, 'n_estimators': 58}. Best is trial 21 with value: 0.4872012739173416.
Saved Losses
{'MSE - mean': 0.4274772262096482, 'MSE - std': 0.0, 'R2 - mean': 0.22213278936042125, 'R2 - std': 0.0} 
 

Saved Losses
{'MSE - mean': 0.4431848402199636, 'MSE - std': 0.015707614010315424, 'R2 - mean': 0.30035306746356927, 'R2 - std': 0.07822027810314802} 
 

Saved Losses
{'MSE - mean': 0.4801356683952998, 'MSE - std': 0.053807188159369676, 'R2 - mean': 0.2655139230138886, 'R2 - std': 0.08066271284177079} 
 

Saved Losses
{'MSE - mean': 0.4907082288924327, 'MSE - std': 0.05006742683232246, 'R2 - mean': 0.28255518705677657, 'R2 - std': 0.07583580271074974} 
 

Saved Losses
{'MSE - mean': 0.49017945905679355, 'MSE - std': 0.04479415334442988, 'R2 - mean': 0.2640501373045809, 'R2 - std': 0.07726967479905657} 
 

Saving model.....
Results After CV: {'MSE - mean': 0.49017945905679355, 'MSE - std': 0.04479415334442988, 'R2 - mean': 0.2640501373045809, 'R2 - std': 0.07726967479905657}
Train time: 0.2965494475999975
Inference time: 0.02424011639999719
Finished cross validation
Hyperparam was saved!!! Hurrah!!!
Trial 51 finished with value: 0.49017945905679355 and parameters: {'max_depth': 7, 'n_estimators': 70}. Best is trial 21 with value: 0.4872012739173416.
Saved Losses
{'MSE - mean': 0.443683355469541, 'MSE - std': 0.0, 'R2 - mean': 0.19264299250168804, 'R2 - std': 0.0} 
 

Saved Losses
{'MSE - mean': 0.44761650126221286, 'MSE - std': 0.003933145792671844, 'R2 - mean': 0.2905799397128116, 'R2 - std': 0.09793694721112356} 
 

Saved Losses
{'MSE - mean': 0.48319070360049804, 'MSE - std': 0.05041191163367486, 'R2 - mean': 0.2588524953601616, 'R2 - std': 0.09169346688645419} 
 

Saved Losses
{'MSE - mean': 0.49320769639660667, 'MSE - std': 0.046979155590037604, 'R2 - mean': 0.27729358180966857, 'R2 - std': 0.08559199676697302} 
 

Saved Losses
{'MSE - mean': 0.49424339716326837, 'MSE - std': 0.042070459377984266, 'R2 - mean': 0.2564149257303141, 'R2 - std': 0.08720358391239363} 
 

Saving model.....
Results After CV: {'MSE - mean': 0.49424339716326837, 'MSE - std': 0.042070459377984266, 'R2 - mean': 0.2564149257303141, 'R2 - std': 0.08720358391239363}
Train time: 0.4116884575999961
Inference time: 0.030875831600002356
Finished cross validation
Hyperparam was saved!!! Hurrah!!!
Trial 52 finished with value: 0.49424339716326837 and parameters: {'max_depth': 8, 'n_estimators': 92}. Best is trial 21 with value: 0.4872012739173416.
Saved Losses
{'MSE - mean': 0.44069501334137107, 'MSE - std': 0.0, 'R2 - mean': 0.19808078710957266, 'R2 - std': 0.0} 
 

Saved Losses
{'MSE - mean': 0.44194049634846, 'MSE - std': 0.00124548300708896, 'R2 - mean': 0.29896182623054235, 'R2 - std': 0.10088103912096968} 
 

Saved Losses
{'MSE - mean': 0.4775150295513262, 'MSE - std': 0.05032026408069565, 'R2 - mean': 0.2671861087770793, 'R2 - std': 0.09382989116187358} 
 

Saved Losses
{'MSE - mean': 0.4840429595266722, 'MSE - std': 0.04502153198362175, 'R2 - mean': 0.2898036099000991, 'R2 - std': 0.09020914824859058} 
 

Saved Losses
{'MSE - mean': 0.4851053861186334, 'MSE - std': 0.04032450464388926, 'R2 - mean': 0.26942047361129084, 'R2 - std': 0.09039934359308971} 
 

Saving model.....
Results After CV: {'MSE - mean': 0.4851053861186334, 'MSE - std': 0.04032450464388926, 'R2 - mean': 0.26942047361129084, 'R2 - std': 0.09039934359308971}
Train time: 0.3010714646000025
Inference time: 0.022350189000002275
Finished cross validation
Hyperparam was saved!!! Hurrah!!!
Trial 53 finished with value: 0.4851053861186334 and parameters: {'max_depth': 7, 'n_estimators': 71}. Best is trial 53 with value: 0.4851053861186334.
Saved Losses
{'MSE - mean': 0.45710309290336765, 'MSE - std': 0.0, 'R2 - mean': 0.1682235074738545, 'R2 - std': 0.0} 
 

Saved Losses
{'MSE - mean': 0.4669326298869204, 'MSE - std': 0.009829536983552795, 'R2 - mean': 0.2612989513172054, 'R2 - std': 0.09307544384335087} 
 

Saved Losses
{'MSE - mean': 0.5002487739292043, 'MSE - std': 0.04779481254173689, 'R2 - mean': 0.2332637781821982, 'R2 - std': 0.08571639689412307} 
 

Saved Losses
{'MSE - mean': 0.5146870876728451, 'MSE - std': 0.04835961942265727, 'R2 - mean': 0.24702380932735352, 'R2 - std': 0.07796467721814831} 
 

Saved Losses
{'MSE - mean': 0.511515297105304, 'MSE - std': 0.04371685320538032, 'R2 - mean': 0.23205242471888568, 'R2 - std': 0.0758904614781246} 
 

Saving model.....
Results After CV: {'MSE - mean': 0.511515297105304, 'MSE - std': 0.04371685320538032, 'R2 - mean': 0.23205242471888568, 'R2 - std': 0.0758904614781246}
Train time: 0.38227458479999826
Inference time: 0.023380064800002744
Finished cross validation
Hyperparam was saved!!! Hurrah!!!
Trial 54 finished with value: 0.511515297105304 and parameters: {'max_depth': 11, 'n_estimators': 73}. Best is trial 53 with value: 0.4851053861186334.
Saved Losses
{'MSE - mean': 0.4362935178854605, 'MSE - std': 0.0, 'R2 - mean': 0.2060900535289556, 'R2 - std': 0.0} 
 

Saved Losses
{'MSE - mean': 0.4349903340734905, 'MSE - std': 0.0013031838119700045, 'R2 - mean': 0.3093980596229354, 'R2 - std': 0.10330800609397978} 
 

Saved Losses
{'MSE - mean': 0.47577811787320373, 'MSE - std': 0.05769245016998457, 'R2 - mean': 0.2699393934453974, 'R2 - std': 0.1011385291984708} 
 

Saved Losses
{'MSE - mean': 0.48414337277500247, 'MSE - std': 0.0520215971849992, 'R2 - mean': 0.2900790124102543, 'R2 - std': 0.09427918286913245} 
 

Saved Losses
{'MSE - mean': 0.4868100152021593, 'MSE - std': 0.04683418822057135, 'R2 - mean': 0.26694518168262305, 'R2 - std': 0.09618496740403791} 
 

Saving model.....
Results After CV: {'MSE - mean': 0.4868100152021593, 'MSE - std': 0.04683418822057135, 'R2 - mean': 0.26694518168262305, 'R2 - std': 0.09618496740403791}
Train time: 0.26814166620000035
Inference time: 0.021224193000006154
Finished cross validation
Hyperparam was saved!!! Hurrah!!!
Trial 55 finished with value: 0.4868100152021593 and parameters: {'max_depth': 7, 'n_estimators': 63}. Best is trial 53 with value: 0.4851053861186334.
Saved Losses
{'MSE - mean': 0.47200338802558034, 'MSE - std': 0.0, 'R2 - mean': 0.14110989698472465, 'R2 - std': 0.0} 
 

Saved Losses
{'MSE - mean': 0.4775547892585449, 'MSE - std': 0.005551401232964576, 'R2 - mean': 0.24344664574557695, 'R2 - std': 0.1023367487608523} 
 

Saved Losses
{'MSE - mean': 0.5164951402459274, 'MSE - std': 0.05525619639890152, 'R2 - mean': 0.20805969423450196, 'R2 - std': 0.09739787526321549} 
 

Saved Losses
{'MSE - mean': 0.5225883331788164, 'MSE - std': 0.04900322877839488, 'R2 - mean': 0.23358411545593688, 'R2 - std': 0.09523259849132215} 
 

Saved Losses
{'MSE - mean': 0.5236408671556004, 'MSE - std': 0.04388034247422535, 'R2 - mean': 0.21166765588577618, 'R2 - std': 0.09579521414292813} 
 

Saving model.....
Results After CV: {'MSE - mean': 0.5236408671556004, 'MSE - std': 0.04388034247422535, 'R2 - mean': 0.21166765588577618, 'R2 - std': 0.09579521414292813}
Train time: 0.3043288738000001
Inference time: 0.02025634180000111
Finished cross validation
Hyperparam was saved!!! Hurrah!!!
Trial 56 finished with value: 0.5236408671556004 and parameters: {'max_depth': 11, 'n_estimators': 61}. Best is trial 53 with value: 0.4851053861186334.
Saved Losses
{'MSE - mean': 0.4714009407902193, 'MSE - std': 0.0, 'R2 - mean': 0.14220615175993923, 'R2 - std': 0.0} 
 

Saved Losses
{'MSE - mean': 0.4683584095547425, 'MSE - std': 0.0030425312354768475, 'R2 - mean': 0.2560404867558509, 'R2 - std': 0.11383433499591167} 
 

Saved Losses
{'MSE - mean': 0.5060860969946418, 'MSE - std': 0.053412808669875356, 'R2 - mean': 0.22266512373053812, 'R2 - std': 0.10424330640437843} 
 

Saved Losses
{'MSE - mean': 0.508378810161235, 'MSE - std': 0.04642699320973029, 'R2 - mean': 0.25270447595281453, 'R2 - std': 0.10419735238186137} 
 

Saved Losses
{'MSE - mean': 0.5094871767543653, 'MSE - std': 0.04158469026957088, 'R2 - mean': 0.23158758614929953, 'R2 - std': 0.10231990390245205} 
 

Saving model.....
Results After CV: {'MSE - mean': 0.5094871767543653, 'MSE - std': 0.04158469026957088, 'R2 - mean': 0.23158758614929953, 'R2 - std': 0.10231990390245205}
Train time: 0.47920006159999673
Inference time: 0.030604330000002733
Finished cross validation
Hyperparam was saved!!! Hurrah!!!
Trial 57 finished with value: 0.5094871767543653 and parameters: {'max_depth': 10, 'n_estimators': 100}. Best is trial 53 with value: 0.4851053861186334.
Saved Losses
{'MSE - mean': 0.4480949624467001, 'MSE - std': 0.0, 'R2 - mean': 0.18461532645690582, 'R2 - std': 0.0} 
 

Saved Losses
{'MSE - mean': 0.44668622282220305, 'MSE - std': 0.0014087396244970574, 'R2 - mean': 0.2908129512025641, 'R2 - std': 0.1061976247456583} 
 

Saved Losses
{'MSE - mean': 0.4890529815929921, 'MSE - std': 0.05992668461576659, 'R2 - mean': 0.24959878390713683, 'R2 - std': 0.10447889183685562} 
 

Saved Losses
{'MSE - mean': 0.4963360653134936, 'MSE - std': 0.053409133790183, 'R2 - mean': 0.27197098468071795, 'R2 - std': 0.09842979849594992} 
 

Saved Losses
{'MSE - mean': 0.49845847430316603, 'MSE - std': 0.047958804587394606, 'R2 - mean': 0.24931505457320932, 'R2 - std': 0.09901466993182324} 
 

Saving model.....
Results After CV: {'MSE - mean': 0.49845847430316603, 'MSE - std': 0.047958804587394606, 'R2 - mean': 0.24931505457320932, 'R2 - std': 0.09901466993182324}
Train time: 0.2426670291999983
Inference time: 0.01854194700000278
Finished cross validation
Hyperparam was saved!!! Hurrah!!!
Trial 58 finished with value: 0.49845847430316603 and parameters: {'max_depth': 9, 'n_estimators': 51}. Best is trial 53 with value: 0.4851053861186334.
Saved Losses
{'MSE - mean': 0.43837697108876245, 'MSE - std': 0.0, 'R2 - mean': 0.20229885757187382, 'R2 - std': 0.0} 
 

Saved Losses
{'MSE - mean': 0.4492810753081471, 'MSE - std': 0.010904104219384647, 'R2 - mean': 0.289560805027407, 'R2 - std': 0.08726194745553317} 
 

Saved Losses
{'MSE - mean': 0.48309457904371644, 'MSE - std': 0.04864126227428233, 'R2 - mean': 0.2599233045548841, 'R2 - std': 0.0826631388084944} 
 

Saved Losses
{'MSE - mean': 0.4928184239645789, 'MSE - std': 0.04536671441554469, 'R2 - mean': 0.2785012303650788, 'R2 - std': 0.07848766699604212} 
 

Saved Losses
{'MSE - mean': 0.49591803306747473, 'MSE - std': 0.04104803683310921, 'R2 - mean': 0.2540850774314647, 'R2 - std': 0.08551517521876342} 
 

Saving model.....
Results After CV: {'MSE - mean': 0.49591803306747473, 'MSE - std': 0.04104803683310921, 'R2 - mean': 0.2540850774314647, 'R2 - std': 0.08551517521876342}
Train time: 0.3939670473999996
Inference time: 0.026173297600001887
Finished cross validation
Hyperparam was saved!!! Hurrah!!!
Trial 59 finished with value: 0.49591803306747473 and parameters: {'max_depth': 8, 'n_estimators': 88}. Best is trial 53 with value: 0.4851053861186334.
Saved Losses
{'MSE - mean': 0.5390686380999177, 'MSE - std': 0.0, 'R2 - mean': 0.019073316302445575, 'R2 - std': 0.0} 
 

Saved Losses
{'MSE - mean': 0.556621623517582, 'MSE - std': 0.01755298541766437, 'R2 - mean': 0.12076647572399402, 'R2 - std': 0.10169315942154844} 
 

Saved Losses
{'MSE - mean': 0.5742181255683744, 'MSE - std': 0.028717218416173782, 'R2 - mean': 0.11899852922984273, 'R2 - std': 0.08306975212657136} 
 

Saved Losses
{'MSE - mean': 0.585097378590408, 'MSE - std': 0.03120229821862424, 'R2 - mean': 0.14227842736149549, 'R2 - std': 0.08246998702460122} 
 

Saved Losses
{'MSE - mean': 0.5731871782378685, 'MSE - std': 0.03669166419024494, 'R2 - mean': 0.13938803656741278, 'R2 - std': 0.07398956983008069} 
 

Saving model.....
Results After CV: {'MSE - mean': 0.5731871782378685, 'MSE - std': 0.03669166419024494, 'R2 - mean': 0.13938803656741278, 'R2 - std': 0.07398956983008069}
Train time: 0.029455002999998214
Inference time: 0.006175541999991196
Finished cross validation
Hyperparam was saved!!! Hurrah!!!
Trial 60 finished with value: 0.5731871782378685 and parameters: {'max_depth': 7, 'n_estimators': 5}. Best is trial 53 with value: 0.4851053861186334.
Saved Losses
{'MSE - mean': 0.4506228610986025, 'MSE - std': 0.0, 'R2 - mean': 0.18001538673480588, 'R2 - std': 0.0} 
 

Saved Losses
{'MSE - mean': 0.4505353813843631, 'MSE - std': 8.747971423939127e-05, 'R2 - mean': 0.28501212201846865, 'R2 - std': 0.10499673528366277} 
 

Saved Losses
{'MSE - mean': 0.4848070990193798, 'MSE - std': 0.04846758051635032, 'R2 - mean': 0.2556189095672159, 'R2 - std': 0.09527573050482126} 
 

Saved Losses
{'MSE - mean': 0.49318294346814284, 'MSE - std': 0.04441051769030958, 'R2 - mean': 0.27644617041268504, 'R2 - std': 0.09005233478592396} 
 

Saved Losses
{'MSE - mean': 0.49302333752556915, 'MSE - std': 0.0397232571857427, 'R2 - mean': 0.25772889054238285, 'R2 - std': 0.08881939350890537} 
 

Saving model.....
Results After CV: {'MSE - mean': 0.49302333752556915, 'MSE - std': 0.0397232571857427, 'R2 - mean': 0.25772889054238285, 'R2 - std': 0.08881939350890537}
Train time: 0.27845764060000133
Inference time: 0.022633020400002125
Finished cross validation
Hyperparam was saved!!! Hurrah!!!
Trial 61 finished with value: 0.49302333752556915 and parameters: {'max_depth': 6, 'n_estimators': 71}. Best is trial 53 with value: 0.4851053861186334.
Saved Losses
{'MSE - mean': 0.4618633929029542, 'MSE - std': 0.0, 'R2 - mean': 0.15956133542010886, 'R2 - std': 0.0} 
 

Saved Losses
{'MSE - mean': 0.4596412346365968, 'MSE - std': 0.0022221582663573825, 'R2 - mean': 0.27006495580157525, 'R2 - std': 0.11050362038146638} 
 

Saved Losses
{'MSE - mean': 0.48936702843717406, 'MSE - std': 0.04207775689984801, 'R2 - mean': 0.24784676845982942, 'R2 - std': 0.09554054519302255} 
 

Saved Losses
{'MSE - mean': 0.4986873063007232, 'MSE - std': 0.03985606550643607, 'R2 - mean': 0.26795852484368154, 'R2 - std': 0.08977441209144867} 
 

Saved Losses
{'MSE - mean': 0.49560560099488926, 'MSE - std': 0.03617723588792653, 'R2 - mean': 0.253961201541935, 'R2 - std': 0.0850367937515677} 
 

Saving model.....
Results After CV: {'MSE - mean': 0.49560560099488926, 'MSE - std': 0.03617723588792653, 'R2 - mean': 0.253961201541935, 'R2 - std': 0.0850367937515677}
Train time: 0.2898361307999977
Inference time: 0.02359881480000183
Finished cross validation
Hyperparam was saved!!! Hurrah!!!
