Trial 90 finished with value: 13760772.181413854 and parameters: {'max_depth': 5, 'n_estimators': 72}. Best is trial 89 with value: 12514438.98390945.
Saved Losses
{'MSE - mean': 12392169.137434559, 'MSE - std': 0.0, 'R2 - mean': 0.5148965926425855, 'R2 - std': 0.0} 
 

Saved Losses
{'MSE - mean': 12453594.846232824, 'MSE - std': 61425.708798266016, 'R2 - mean': 0.5153555559805693, 'R2 - std': 0.0004589633379837865} 
 

Saved Losses
{'MSE - mean': 12511773.425343672, 'MSE - std': 96358.21675201149, 'R2 - mean': 0.5137585716125664, 'R2 - std': 0.002289355740603261} 
 

Saved Losses
{'MSE - mean': 12516140.533319488, 'MSE - std': 83790.77722481168, 'R2 - mean': 0.5142314565153064, 'R2 - std': 0.002145162621805907} 
 

Saved Losses
{'MSE - mean': 12517920.63395924, 'MSE - std': 75029.26436731858, 'R2 - mean': 0.5153345664882137, 'R2 - std': 0.0029238304650757597} 
 

Saving model.....
Results After CV: {'MSE - mean': 12517920.63395924, 'MSE - std': 75029.26436731858, 'R2 - mean': 0.5153345664882137, 'R2 - std': 0.0029238304650757597}
Train time: 66.52685702159997
Inference time: 0.42926651240013597
Finished cross validation
Hyperparam was saved!!! Hurrah!!!
Trial 91 finished with value: 12517920.63395924 and parameters: {'max_depth': 12, 'n_estimators': 84}. Best is trial 89 with value: 12514438.98390945.
Saved Losses
{'MSE - mean': 12403199.85654326, 'MSE - std': 0.0, 'R2 - mean': 0.5144647845090871, 'R2 - std': 0.0} 
 

Saved Losses
{'MSE - mean': 12475148.855093606, 'MSE - std': 71948.99855034612, 'R2 - mean': 0.5145191430549039, 'R2 - std': 5.4358545816812764e-05} 
 

Saved Losses
{'MSE - mean': 12525648.354468932, 'MSE - std': 92474.34492467975, 'R2 - mean': 0.5132201251200085, 'R2 - std': 0.0018376248505507925} 
 

Saved Losses
{'MSE - mean': 12526311.731055688, 'MSE - std': 80093.37399201044, 'R2 - mean': 0.5138367061374315, 'R2 - std': 0.0019165503571940195} 
 

Saved Losses
{'MSE - mean': 12525503.646129334, 'MSE - std': 71655.91985964627, 'R2 - mean': 0.5150400063745159, 'R2 - std': 0.0029547010101866125} 
 

Saving model.....
Results After CV: {'MSE - mean': 12525503.646129334, 'MSE - std': 71655.91985964627, 'R2 - mean': 0.5150400063745159, 'R2 - std': 0.0029547010101866125}
Train time: 36.02336355580064
Inference time: 0.2925721103998512
Finished cross validation
Hyperparam was saved!!! Hurrah!!!
Trial 92 finished with value: 12525503.646129334 and parameters: {'max_depth': 12, 'n_estimators': 46}. Best is trial 89 with value: 12514438.98390945.
Saved Losses
{'MSE - mean': 12440742.955158936, 'MSE - std': 0.0, 'R2 - mean': 0.5129951237209525, 'R2 - std': 0.0} 
 

Saved Losses
{'MSE - mean': 12513061.307732023, 'MSE - std': 72318.35257308744, 'R2 - mean': 0.5130437827161161, 'R2 - std': 4.8658995163541885e-05} 
 

Saved Losses
{'MSE - mean': 12566309.25569407, 'MSE - std': 95693.8730375571, 'R2 - mean': 0.5116402305075919, 'R2 - std': 0.001985320142776261} 
 

Saved Losses
{'MSE - mean': 12569491.808506347, 'MSE - std': 83056.45026068013, 'R2 - mean': 0.5121614371952863, 'R2 - std': 0.0019419297839718436} 
 

Saved Losses
{'MSE - mean': 12573286.16767312, 'MSE - std': 74674.54579620663, 'R2 - mean': 0.5131921833153851, 'R2 - std': 0.002695667502696972} 
 

Saving model.....
Results After CV: {'MSE - mean': 12573286.16767312, 'MSE - std': 74674.54579620663, 'R2 - mean': 0.5131921833153851, 'R2 - std': 0.002695667502696972}
Train time: 63.205820274399954
Inference time: 0.3902503080000315
Finished cross validation
Hyperparam was saved!!! Hurrah!!!
Trial 93 finished with value: 12573286.16767312 and parameters: {'max_depth': 11, 'n_estimators': 82}. Best is trial 89 with value: 12514438.98390945.
Saved Losses
{'MSE - mean': 12398520.718553431, 'MSE - std': 0.0, 'R2 - mean': 0.514647953876547, 'R2 - std': 0.0} 
 

Saved Losses
{'MSE - mean': 12468810.844072588, 'MSE - std': 70290.12551915552, 'R2 - mean': 0.5147654208584633, 'R2 - std': 0.00011746698191622551} 
 

Saved Losses
{'MSE - mean': 12528142.85307646, 'MSE - std': 101658.13173837712, 'R2 - mean': 0.5131238658180374, 'R2 - std': 0.00232348980975949} 
 

Saved Losses
{'MSE - mean': 12529744.191503717, 'MSE - std': 88082.20402373429, 'R2 - mean': 0.5137041445411771, 'R2 - std': 0.0022492496219024124} 
 

Saved Losses
{'MSE - mean': 12531847.192727825, 'MSE - std': 78895.31157893609, 'R2 - mean': 0.5147960136197594, 'R2 - std': 0.002969176894083547} 
 

Saving model.....
Results After CV: {'MSE - mean': 12531847.192727825, 'MSE - std': 78895.31157893609, 'R2 - mean': 0.5147960136197594, 'R2 - std': 0.002969176894083547}
Train time: 36.84100007460002
Inference time: 0.28682002879904755
Finished cross validation
Hyperparam was saved!!! Hurrah!!!
Trial 94 finished with value: 12531847.192727825 and parameters: {'max_depth': 12, 'n_estimators': 45}. Best is trial 89 with value: 12514438.98390945.
Saved Losses
{'MSE - mean': 12500714.869604468, 'MSE - std': 0.0, 'R2 - mean': 0.5106474653150167, 'R2 - std': 0.0} 
 

Saved Losses
{'MSE - mean': 12585834.462389518, 'MSE - std': 85119.59278505016, 'R2 - mean': 0.5102145874939035, 'R2 - std': 0.00043287782111317563} 
 

Saved Losses
{'MSE - mean': 12642800.673542723, 'MSE - std': 106397.97214655123, 'R2 - mean': 0.5086698198730495, 'R2 - std': 0.0022130377636977454} 
 

Saved Losses
{'MSE - mean': 12645089.705286372, 'MSE - std': 92228.6037877839, 'R2 - mean': 0.5092289277137155, 'R2 - std': 0.0021473138662401045} 
 

Saved Losses
{'MSE - mean': 12644722.63448352, 'MSE - std': 82495.03772477743, 'R2 - mean': 0.5104260027317327, 'R2 - std': 0.0030693191211015798} 
 

Saving model.....
Results After CV: {'MSE - mean': 12644722.63448352, 'MSE - std': 82495.03772477743, 'R2 - mean': 0.5104260027317327, 'R2 - std': 0.0030693191211015798}
Train time: 54.809156248599905
Inference time: 0.3532604343999992
Finished cross validation
Hyperparam was saved!!! Hurrah!!!
Trial 95 finished with value: 12644722.63448352 and parameters: {'max_depth': 10, 'n_estimators': 75}. Best is trial 89 with value: 12514438.98390945.
Saved Losses
{'MSE - mean': 12437726.729721248, 'MSE - std': 0.0, 'R2 - mean': 0.5131131967734546, 'R2 - std': 0.0} 
 

Saved Losses
{'MSE - mean': 12511351.884860417, 'MSE - std': 73625.15513916872, 'R2 - mean': 0.5131106075997776, 'R2 - std': 2.5891736770700113e-06} 
 

Saved Losses
{'MSE - mean': 12569442.40997607, 'MSE - std': 101797.80873183174, 'R2 - mean': 0.5115191783531644, 'R2 - std': 0.0022506218170018277} 
 

Saved Losses
{'MSE - mean': 12570930.20982833, 'MSE - std': 88197.14304983527, 'R2 - mean': 0.5121058830666034, 'R2 - std': 0.002198099448316195} 
 

Saved Losses
{'MSE - mean': 12569746.690029621, 'MSE - std': 78921.42744640537, 'R2 - mean': 0.5133275783028126, 'R2 - std': 0.0031361552813046986} 
 

Saving model.....
Results After CV: {'MSE - mean': 12569746.690029621, 'MSE - std': 78921.42744640537, 'R2 - mean': 0.5133275783028126, 'R2 - std': 0.0031361552813046986}
Train time: 65.77130107640005
Inference time: 0.40523761300028127
Finished cross validation
Hyperparam was saved!!! Hurrah!!!
Trial 96 finished with value: 12569746.690029621 and parameters: {'max_depth': 11, 'n_estimators': 85}. Best is trial 89 with value: 12514438.98390945.
Saved Losses
{'MSE - mean': 12400454.38168309, 'MSE - std': 0.0, 'R2 - mean': 0.5145722587692194, 'R2 - std': 0.0} 
 

Saved Losses
{'MSE - mean': 12466008.255956735, 'MSE - std': 65553.87427364476, 'R2 - mean': 0.5148734059282423, 'R2 - std': 0.00030114715902279654} 
 

Saved Losses
{'MSE - mean': 12518924.05536668, 'MSE - std': 92005.63719637072, 'R2 - mean': 0.5134807395752513, 'R2 - std': 0.001984817090421925} 
 

Saved Losses
{'MSE - mean': 12523013.878911586, 'MSE - std': 79993.48677747502, 'R2 - mean': 0.5139646951531824, 'R2 - std': 0.001912397230194368} 
 

Saved Losses
{'MSE - mean': 12523825.327268694, 'MSE - std': 71566.75300165192, 'R2 - mean': 0.5151055893217097, 'R2 - std': 0.002851730798648827} 
 

Saving model.....
Results After CV: {'MSE - mean': 12523825.327268694, 'MSE - std': 71566.75300165192, 'R2 - mean': 0.5151055893217097, 'R2 - std': 0.002851730798648827}
Train time: 45.76490794019992
Inference time: 0.334835773800296
Finished cross validation
Hyperparam was saved!!! Hurrah!!!
Trial 97 finished with value: 12523825.327268694 and parameters: {'max_depth': 12, 'n_estimators': 55}. Best is trial 89 with value: 12514438.98390945.
Saved Losses
{'MSE - mean': 12507354.15216988, 'MSE - std': 0.0, 'R2 - mean': 0.5103875641984994, 'R2 - std': 0.0} 
 

Saved Losses
{'MSE - mean': 12589983.896217173, 'MSE - std': 82629.74404729344, 'R2 - mean': 0.5100525336322204, 'R2 - std': 0.0003350305662789821} 
 

Saved Losses
{'MSE - mean': 12644647.984815061, 'MSE - std': 102606.57012113246, 'R2 - mean': 0.5085974012985645, 'R2 - std': 0.002075969782325737} 
 

Saved Losses
{'MSE - mean': 12644190.809239473, 'MSE - std': 88863.4244362544, 'R2 - mean': 0.509262922314997, 'R2 - std': 0.002135648045158134} 
 

Saved Losses
{'MSE - mean': 12645078.162774026, 'MSE - std': 79501.67386421151, 'R2 - mean': 0.5104119928360008, 'R2 - std': 0.0029883517709918313} 
 

Saving model.....
Results After CV: {'MSE - mean': 12645078.162774026, 'MSE - std': 79501.67386421151, 'R2 - mean': 0.5104119928360008, 'R2 - std': 0.0029883517709918313}
Train time: 41.573182937800084
Inference time: 0.29662231220027024
Finished cross validation
Hyperparam was saved!!! Hurrah!!!
Trial 98 finished with value: 12645078.162774026 and parameters: {'max_depth': 10, 'n_estimators': 59}. Best is trial 89 with value: 12514438.98390945.
Saved Losses
{'MSE - mean': 12438763.138258558, 'MSE - std': 0.0, 'R2 - mean': 0.5130726255621285, 'R2 - std': 0.0} 
 

Saved Losses
{'MSE - mean': 12515620.93503701, 'MSE - std': 76857.79677845165, 'R2 - mean': 0.5129452079592705, 'R2 - std': 0.0001274176028580598} 
 

Saved Losses
{'MSE - mean': 12571439.17297936, 'MSE - std': 100843.60163674153, 'R2 - mean': 0.5114418275676412, 'R2 - std': 0.0021286448038323733} 
 

Saved Losses
{'MSE - mean': 12572599.479670504, 'MSE - std': 87356.24149512676, 'R2 - mean': 0.5120412325679973, 'R2 - std': 0.002115704513635379} 
 

Saved Losses
{'MSE - mean': 12575657.562951695, 'MSE - std': 78372.81311744968, 'R2 - mean': 0.5131004192017121, 'R2 - std': 0.0028405051965055403} 
 

Saving model.....
Results After CV: {'MSE - mean': 12575657.562951695, 'MSE - std': 78372.81311744968, 'R2 - mean': 0.5131004192017121, 'R2 - std': 0.0028405051965055403}
Train time: 40.43609158080035
Inference time: 0.30127140720032913
Finished cross validation
Hyperparam was saved!!! Hurrah!!!
Trial 99 finished with value: 12575657.562951695 and parameters: {'max_depth': 11, 'n_estimators': 52}. Best is trial 89 with value: 12514438.98390945.
Saved Losses
{'MSE - mean': 12405161.228186587, 'MSE - std': 0.0, 'R2 - mean': 0.51438800472528, 'R2 - std': 0.0} 
 

Saved Losses
{'MSE - mean': 12458820.288532387, 'MSE - std': 53659.06034580059, 'R2 - mean': 0.5151504195569458, 'R2 - std': 0.0007624148316658919} 
 

Saved Losses
{'MSE - mean': 12513297.193771863, 'MSE - std': 88628.41670182005, 'R2 - mean': 0.5136977733590707, 'R2 - std': 0.0021465971993129005} 
 

Saved Losses
{'MSE - mean': 12520804.610460008, 'MSE - std': 77848.1284379519, 'R2 - mean': 0.5140497348688119, 'R2 - std': 0.0019564100707906824} 
 

Saved Losses
{'MSE - mean': 12521781.081997283, 'MSE - std': 69656.86518704322, 'R2 - mean': 0.5151842357246034, 'R2 - std': 0.0028653797408439733} 
 

Saving model.....
Results After CV: {'MSE - mean': 12521781.081997283, 'MSE - std': 69656.86518704322, 'R2 - mean': 0.5151842357246034, 'R2 - std': 0.0028653797408439733}
Train time: 34.19903733020001
Inference time: 0.2843448004001402
Finished cross validation
Hyperparam was saved!!! Hurrah!!!
Trial 100 finished with value: 12521781.081997283 and parameters: {'max_depth': 12, 'n_estimators': 45}. Best is trial 89 with value: 12514438.98390945.
Saved Losses
{'MSE - mean': 12408972.641103303, 'MSE - std': 0.0, 'R2 - mean': 0.5142388032923235, 'R2 - std': 0.0} 
 

Saved Losses
{'MSE - mean': 12468544.656488046, 'MSE - std': 59572.01538474206, 'R2 - mean': 0.5147733277371803, 'R2 - std': 0.0005345244448567987} 
 

Saved Losses
{'MSE - mean': 12532361.476787752, 'MSE - std': 102523.44342147485, 'R2 - mean': 0.5129587557005536, 'R2 - std': 0.0026030407104604865} 
 

Saved Losses
{'MSE - mean': 12530743.348512005, 'MSE - std': 88832.13019846797, 'R2 - mean': 0.5136639982502982, 'R2 - std': 0.0025639748179625875} 
 

Saved Losses
{'MSE - mean': 12529203.517993772, 'MSE - std': 79513.5346754097, 'R2 - mean': 0.5148959130184458, 'R2 - std': 0.0033659514966259273} 
 

Saving model.....
Results After CV: {'MSE - mean': 12529203.517993772, 'MSE - std': 79513.5346754097, 'R2 - mean': 0.5148959130184458, 'R2 - std': 0.0033659514966259273}
Train time: 38.64542170140048
Inference time: 0.3049049389992433
Finished cross validation
Hyperparam was saved!!! Hurrah!!!
Trial 101 finished with value: 12529203.517993772 and parameters: {'max_depth': 12, 'n_estimators': 46}. Best is trial 89 with value: 12514438.98390945.
Saved Losses
{'MSE - mean': 12389332.791692508, 'MSE - std': 0.0, 'R2 - mean': 0.5150076241309918, 'R2 - std': 0.0} 
 

Saved Losses
{'MSE - mean': 12453498.840890441, 'MSE - std': 64166.04919793364, 'R2 - mean': 0.5153599192462301, 'R2 - std': 0.00035229511523837687} 
 

Saved Losses
{'MSE - mean': 12513236.12827647, 'MSE - std': 99407.9553570193, 'R2 - mean': 0.5137023090536987, 'R2 - std': 0.002361796844124248} 
 

Saved Losses
{'MSE - mean': 12515383.170145394, 'MSE - std': 86170.09665515114, 'R2 - mean': 0.514260945798839, 'R2 - std': 0.0022626949172942098} 
 

Saved Losses
{'MSE - mean': 12515296.475680526, 'MSE - std': 77073.0725335861, 'R2 - mean': 0.5154355452162843, 'R2 - std': 0.003100736331397898} 
 

Saving model.....
Results After CV: {'MSE - mean': 12515296.475680526, 'MSE - std': 77073.0725335861, 'R2 - mean': 0.5154355452162843, 'R2 - std': 0.003100736331397898}
Train time: 49.9272377850004
Inference time: 0.3400233540000045
Finished cross validation
Hyperparam was saved!!! Hurrah!!!
Trial 102 finished with value: 12515296.475680526 and parameters: {'max_depth': 12, 'n_estimators': 63}. Best is trial 89 with value: 12514438.98390945.
Saved Losses
{'MSE - mean': 12401638.616652358, 'MSE - std': 0.0, 'R2 - mean': 0.5145259007497047, 'R2 - std': 0.0} 
 

Saved Losses
{'MSE - mean': 12463105.848723706, 'MSE - std': 61467.232071348466, 'R2 - mean': 0.5149854243097104, 'R2 - std': 0.0004595235600056702} 
 

Saved Losses
{'MSE - mean': 12519230.835799426, 'MSE - std': 93908.69019518311, 'R2 - mean': 0.5134685349769201, 'R2 - std': 0.0021777697530576145} 
 

Saved Losses
{'MSE - mean': 12518583.613933034, 'MSE - std': 81335.03709388817, 'R2 - mean': 0.514135699464711, 'R2 - std': 0.002211862605205766} 
 

Saved Losses
{'MSE - mean': 12520267.28233051, 'MSE - std': 72826.15989012434, 'R2 - mean': 0.5152429231738426, 'R2 - std': 0.002969452191178985} 
 

Saving model.....
Results After CV: {'MSE - mean': 12520267.28233051, 'MSE - std': 72826.15989012434, 'R2 - mean': 0.5152429231738426, 'R2 - std': 0.002969452191178985}
Train time: 53.66878461820015
Inference time: 0.362679773000491
Finished cross validation
Hyperparam was saved!!! Hurrah!!!
Trial 103 finished with value: 12520267.28233051 and parameters: {'max_depth': 12, 'n_estimators': 63}. Best is trial 89 with value: 12514438.98390945.
Saved Losses
{'MSE - mean': 12438525.9669418, 'MSE - std': 0.0, 'R2 - mean': 0.5130819098619641, 'R2 - std': 0.0} 
 

Saved Losses
{'MSE - mean': 12514141.114847945, 'MSE - std': 75615.14790614508, 'R2 - mean': 0.5130025140255328, 'R2 - std': 7.939583643135073e-05} 
 

Saved Losses
{'MSE - mean': 12578710.814080328, 'MSE - std': 110228.21408256916, 'R2 - mean': 0.5111599644851329, 'R2 - std': 0.002606564805169882} 
 

Saved Losses
{'MSE - mean': 12579912.33481955, 'MSE - std': 95483.11547668974, 'R2 - mean': 0.5117579660505023, 'R2 - std': 0.002483636986198964} 
 

Saved Losses
{'MSE - mean': 12579192.967227714, 'MSE - std': 85414.81271908658, 'R2 - mean': 0.5129625664134373, 'R2 - std': 0.0032770429171594885} 
 

Saving model.....
Results After CV: {'MSE - mean': 12579192.967227714, 'MSE - std': 85414.81271908658, 'R2 - mean': 0.5129625664134373, 'R2 - std': 0.0032770429171594885}
Train time: 53.64959050200014
Inference time: 0.35229320819998977
Finished cross validation
Hyperparam was saved!!! Hurrah!!!
Trial 104 finished with value: 12579192.967227714 and parameters: {'max_depth': 11, 'n_estimators': 65}. Best is trial 89 with value: 12514438.98390945.
Saved Losses
{'MSE - mean': 12495371.1542909, 'MSE - std': 0.0, 'R2 - mean': 0.5108566502024896, 'R2 - std': 0.0} 
 

Saved Losses
{'MSE - mean': 12582704.695864523, 'MSE - std': 87333.5415736232, 'R2 - mean': 0.5103368956756597, 'R2 - std': 0.0005197545268299519} 
 

Saved Losses
{'MSE - mean': 12639688.780690754, 'MSE - std': 107606.3977473491, 'R2 - mean': 0.5087910999482014, 'R2 - std': 0.0022268959055517425} 
 

Saved Losses
{'MSE - mean': 12639046.693765687, 'MSE - std': 93196.50988088851, 'R2 - mean': 0.5094632722031391, 'R2 - std': 0.002252719612278996} 
 

Saved Losses
{'MSE - mean': 12639598.881100606, 'MSE - std': 83364.80796231842, 'R2 - mean': 0.5106245727701222, 'R2 - std': 0.0030747800813615243} 
 

Saving model.....
Results After CV: {'MSE - mean': 12639598.881100606, 'MSE - std': 83364.80796231842, 'R2 - mean': 0.5106245727701222, 'R2 - std': 0.0030747800813615243}
Train time: 74.5308515230001
Inference time: 0.40990596279953023
Finished cross validation
Hyperparam was saved!!! Hurrah!!!
Trial 105 finished with value: 12639598.881100606 and parameters: {'max_depth': 10, 'n_estimators': 94}. Best is trial 89 with value: 12514438.98390945.
Saved Losses
{'MSE - mean': 12445881.210813114, 'MSE - std': 0.0, 'R2 - mean': 0.5127939817499163, 'R2 - std': 0.0} 
 

Saved Losses
{'MSE - mean': 12519525.708957493, 'MSE - std': 73644.49814437889, 'R2 - mean': 0.5127925100346249, 'R2 - std': 1.4717152914123233e-06} 
 

Saved Losses
{'MSE - mean': 12578645.004227618, 'MSE - std': 102984.74102715847, 'R2 - mean': 0.5111616415685821, 'R2 - std': 0.002306396616158971} 
 

Saved Losses
{'MSE - mean': 12577376.202789139, 'MSE - std': 89214.47323497481, 'R2 - mean': 0.5118553564970063, 'R2 - std': 0.002330948351857678} 
 

Saved Losses
{'MSE - mean': 12577431.164622772, 'MSE - std': 79795.92640534887, 'R2 - mean': 0.5130302371255799, 'R2 - std': 0.003141342728963629} 
 

Saving model.....
Results After CV: {'MSE - mean': 12577431.164622772, 'MSE - std': 79795.92640534887, 'R2 - mean': 0.5130302371255799, 'R2 - std': 0.003141342728963629}
Train time: 45.33108562839989
Inference time: 0.3262498867999966
Finished cross validation
Hyperparam was saved!!! Hurrah!!!
Trial 106 finished with value: 12577431.164622772 and parameters: {'max_depth': 11, 'n_estimators': 60}. Best is trial 89 with value: 12514438.98390945.
Saved Losses
{'MSE - mean': 12403238.165460812, 'MSE - std': 0.0, 'R2 - mean': 0.5144632848695784, 'R2 - std': 0.0} 
 

Saved Losses
{'MSE - mean': 12465670.052017022, 'MSE - std': 62431.886556209996, 'R2 - mean': 0.5148858535293239, 'R2 - std': 0.000422568659745548} 
 

Saved Losses
{'MSE - mean': 12517410.10579201, 'MSE - std': 89177.12693616642, 'R2 - mean': 0.5135389763143592, 'R2 - std': 0.0019357684036358529} 
 

Saved Losses
{'MSE - mean': 12520651.72110695, 'MSE - std': 77433.48233155996, 'R2 - mean': 0.5140557937642412, 'R2 - std': 0.0019004473983496143} 
 

Saved Losses
{'MSE - mean': 12520683.174847884, 'MSE - std': 69258.64066053335, 'R2 - mean': 0.5152264905219476, 'R2 - std': 0.002893351662887255} 
 

Saving model.....
Results After CV: {'MSE - mean': 12520683.174847884, 'MSE - std': 69258.64066053335, 'R2 - mean': 0.5152264905219476, 'R2 - std': 0.002893351662887255}
Train time: 60.684488281200174
Inference time: 0.384104276799917
Finished cross validation
Hyperparam was saved!!! Hurrah!!!
Trial 107 finished with value: 12520683.174847884 and parameters: {'max_depth': 12, 'n_estimators': 70}. Best is trial 89 with value: 12514438.98390945.
Saved Losses
{'MSE - mean': 12577891.576648692, 'MSE - std': 0.0, 'R2 - mean': 0.5076263087168, 'R2 - std': 0.0} 
 

Saved Losses
{'MSE - mean': 12683811.076142153, 'MSE - std': 105919.4994934611, 'R2 - mean': 0.5064063754673787, 'R2 - std': 0.0012199332494213233} 
 

Saved Losses
{'MSE - mean': 12735734.973914623, 'MSE - std': 113452.52708395354, 'R2 - mean': 0.5050606617446424, 'R2 - std': 0.002148033737122763} 
 

Saved Losses
{'MSE - mean': 12734429.063533679, 'MSE - std': 98278.80306592351, 'R2 - mean': 0.5057628775322566, 'R2 - std': 0.0022225790737310843} 
 

Saved Losses
{'MSE - mean': 12735955.000485178, 'MSE - std': 87956.19614317265, 'R2 - mean': 0.5068954627544787, 'R2 - std': 0.003013782230615533} 
 

Saving model.....
Results After CV: {'MSE - mean': 12735955.000485178, 'MSE - std': 87956.19614317265, 'R2 - mean': 0.5068954627544787, 'R2 - std': 0.003013782230615533}
Train time: 54.04353060299945
Inference time: 0.32625293499986585
Finished cross validation
Hyperparam was saved!!! Hurrah!!!
