Trial 72 finished with value: 12525607.521481968 and parameters: {'max_depth': 12, 'n_estimators': 38}. Best is trial 72 with value: 12525607.521481968.
Saved Losses
{'MSE - mean': 12501277.093358312, 'MSE - std': 0.0, 'R2 - mean': 0.5106254565241697, 'R2 - std': 0.0} 
 

Saved Losses
{'MSE - mean': 12583043.320369303, 'MSE - std': 81766.2270109905, 'R2 - mean': 0.510322443528906, 'R2 - std': 0.00030301299526364067} 
 

Saved Losses
{'MSE - mean': 12641137.782006742, 'MSE - std': 105863.48221001442, 'R2 - mean': 0.508734054947382, 'R2 - std': 0.002259904383382361} 
 

Saved Losses
{'MSE - mean': 12644218.356223527, 'MSE - std': 91835.60018717067, 'R2 - mean': 0.5092625757520508, 'R2 - std': 0.0021606430962623595} 
 

Saved Losses
{'MSE - mean': 12644851.1788405, 'MSE - std': 82150.00807820099, 'R2 - mean': 0.5104212639240867, 'R2 - std': 0.003017438647529393} 
 

Saving model.....
Results After CV: {'MSE - mean': 12644851.1788405, 'MSE - std': 82150.00807820099, 'R2 - mean': 0.5104212639240867, 'R2 - std': 0.003017438647529393}
Train time: 23.42988806880021
Inference time: 0.2033336505997795
Finished cross validation
Hyperparam was saved!!! Hurrah!!!
Trial 73 finished with value: 12644851.1788405 and parameters: {'max_depth': 10, 'n_estimators': 37}. Best is trial 72 with value: 12525607.521481968.
Saved Losses
{'MSE - mean': 12452733.909946403, 'MSE - std': 0.0, 'R2 - mean': 0.5125257262361087, 'R2 - std': 0.0} 
 

Saved Losses
{'MSE - mean': 12528103.289061854, 'MSE - std': 75369.37911545113, 'R2 - mean': 0.5124590896738426, 'R2 - std': 6.663656226613135e-05} 
 

Saved Losses
{'MSE - mean': 12592446.725649364, 'MSE - std': 109850.73753028578, 'R2 - mean': 0.5106260710832613, 'R2 - std': 0.002592850669524476} 
 

Saved Losses
{'MSE - mean': 12589681.537861206, 'MSE - std': 95254.01404913145, 'R2 - mean': 0.5113781400643109, 'R2 - std': 0.0025959543914735785} 
 

Saved Losses
{'MSE - mean': 12584730.974947643, 'MSE - std': 85771.17258509602, 'R2 - mean': 0.5127460272081386, 'R2 - std': 0.003588264805596715} 
 

Saving model.....
Results After CV: {'MSE - mean': 12584730.974947643, 'MSE - std': 85771.17258509602, 'R2 - mean': 0.5127460272081386, 'R2 - std': 0.003588264805596715}
Train time: 21.123884741600158
Inference time: 0.19034215419997053
Finished cross validation
Hyperparam was saved!!! Hurrah!!!
Trial 74 finished with value: 12584730.974947643 and parameters: {'max_depth': 11, 'n_estimators': 31}. Best is trial 72 with value: 12525607.521481968.
Saved Losses
{'MSE - mean': 12421278.631435998, 'MSE - std': 0.0, 'R2 - mean': 0.5137570734373569, 'R2 - std': 0.0} 
 

Saved Losses
{'MSE - mean': 12472573.30715635, 'MSE - std': 51294.67572035175, 'R2 - mean': 0.5146146501906441, 'R2 - std': 0.0008575767532872369} 
 

Saved Losses
{'MSE - mean': 12527227.539013946, 'MSE - std': 87910.55657916679, 'R2 - mean': 0.5131560432693054, 'R2 - std': 0.0021783847748137446} 
 

Saved Losses
{'MSE - mean': 12527483.623736877, 'MSE - std': 76134.06732009079, 'R2 - mean': 0.5137891278037127, 'R2 - std': 0.002182065135020539} 
 

Saved Losses
{'MSE - mean': 12526891.422231589, 'MSE - std': 68106.67937766135, 'R2 - mean': 0.5149846791211592, 'R2 - std': 0.003086502618396877} 
 

Saving model.....
Results After CV: {'MSE - mean': 12526891.422231589, 'MSE - std': 68106.67937766135, 'R2 - mean': 0.5149846791211592, 'R2 - std': 0.003086502618396877}
Train time: 30.502983056000083
Inference time: 0.2548077599996759
Finished cross validation
Hyperparam was saved!!! Hurrah!!!
Trial 75 finished with value: 12526891.422231589 and parameters: {'max_depth': 12, 'n_estimators': 43}. Best is trial 72 with value: 12525607.521481968.
Saved Losses
{'MSE - mean': 12448003.721423518, 'MSE - std': 0.0, 'R2 - mean': 0.5127108940258998, 'R2 - std': 0.0} 
 

Saved Losses
{'MSE - mean': 12526464.319023903, 'MSE - std': 78460.59760038555, 'R2 - mean': 0.5125235810214954, 'R2 - std': 0.00018731300440433252} 
 

Saved Losses
{'MSE - mean': 12579586.841221526, 'MSE - std': 98732.20504550077, 'R2 - mean': 0.5111251346149307, 'R2 - std': 0.0019836066844211926} 
 

Saved Losses
{'MSE - mean': 12579729.6204423, 'MSE - std': 85504.95536855019, 'R2 - mean': 0.5117643057416658, 'R2 - std': 0.002043683144867589} 
 

Saved Losses
{'MSE - mean': 12580082.083883937, 'MSE - std': 76481.20576960707, 'R2 - mean': 0.5129279416707078, 'R2 - std': 0.0029593085237471376} 
 

Saving model.....
Results After CV: {'MSE - mean': 12580082.083883937, 'MSE - std': 76481.20576960707, 'R2 - mean': 0.5129279416707078, 'R2 - std': 0.0029593085237471376}
Train time: 28.355377234200205
Inference time: 0.22083474840037526
Finished cross validation
Hyperparam was saved!!! Hurrah!!!
Trial 76 finished with value: 12580082.083883937 and parameters: {'max_depth': 11, 'n_estimators': 43}. Best is trial 72 with value: 12525607.521481968.
Saved Losses
{'MSE - mean': 12422244.44514123, 'MSE - std': 0.0, 'R2 - mean': 0.5137192657287883, 'R2 - std': 0.0} 
 

Saved Losses
{'MSE - mean': 12484230.787596336, 'MSE - std': 61986.342455105856, 'R2 - mean': 0.5141634205355335, 'R2 - std': 0.0004441548067452006} 
 

Saved Losses
{'MSE - mean': 12531427.353116745, 'MSE - std': 83764.9649982155, 'R2 - mean': 0.5129936592466492, 'R2 - std': 0.0016935756869755913} 
 

Saved Losses
{'MSE - mean': 12532141.860440584, 'MSE - std': 72553.14316424656, 'R2 - mean': 0.5136090296497241, 'R2 - std': 0.0018130612660851007} 
 

Saved Losses
{'MSE - mean': 12531467.574574118, 'MSE - std': 64907.51506665603, 'R2 - mean': 0.5148080254420854, 'R2 - std': 0.0028948430983496386} 
 

Saving model.....
Results After CV: {'MSE - mean': 12531467.574574118, 'MSE - std': 64907.51506665603, 'R2 - mean': 0.5148080254420854, 'R2 - std': 0.0028948430983496386}
Train time: 27.42942342240003
Inference time: 0.22436100340019038
Finished cross validation
Hyperparam was saved!!! Hurrah!!!
Trial 77 finished with value: 12531467.574574118 and parameters: {'max_depth': 12, 'n_estimators': 39}. Best is trial 72 with value: 12525607.521481968.
Saved Losses
{'MSE - mean': 12500316.54533355, 'MSE - std': 0.0, 'R2 - mean': 0.5106630581025999, 'R2 - std': 0.0} 
 

Saved Losses
{'MSE - mean': 12577965.515819136, 'MSE - std': 77648.9704855876, 'R2 - mean': 0.5105191151832624, 'R2 - std': 0.00014394291933750303} 
 

Saved Losses
{'MSE - mean': 12641107.217911467, 'MSE - std': 109514.03638140639, 'R2 - mean': 0.5087351517986697, 'R2 - std': 0.0025256412567545446} 
 

Saved Losses
{'MSE - mean': 12640427.61509944, 'MSE - std': 94849.24197566026, 'R2 - mean': 0.509409053033911, 'R2 - std': 0.002479229001715086} 
 

Saved Losses
{'MSE - mean': 12642651.927264858, 'MSE - std': 84952.29968119039, 'R2 - mean': 0.5105064925875681, 'R2 - std': 0.0031200569626338975} 
 

Saving model.....
Results After CV: {'MSE - mean': 12642651.927264858, 'MSE - std': 84952.29968119039, 'R2 - mean': 0.5105064925875681, 'R2 - std': 0.0031200569626338975}
Train time: 25.133002398200187
Inference time: 0.20184378059984737
Finished cross validation
Hyperparam was saved!!! Hurrah!!!
Trial 78 finished with value: 12642651.927264858 and parameters: {'max_depth': 10, 'n_estimators': 39}. Best is trial 72 with value: 12525607.521481968.
Saved Losses
{'MSE - mean': 12583770.16197543, 'MSE - std': 0.0, 'R2 - mean': 0.5073961858270286, 'R2 - std': 0.0} 
 

Saved Losses
{'MSE - mean': 12690643.672383191, 'MSE - std': 106873.51040776074, 'R2 - mean': 0.5061406885356308, 'R2 - std': 0.0012554972913978446} 
 

Saved Losses
{'MSE - mean': 12733303.615037268, 'MSE - std': 106086.62921915854, 'R2 - mean': 0.5051543137607214, 'R2 - std': 0.0017311035090254} 
 

Saved Losses
{'MSE - mean': 12736053.031065974, 'MSE - std': 91997.05179955035, 'R2 - mean': 0.5056998451290111, 'R2 - std': 0.0017721040998159006} 
 

Saved Losses
{'MSE - mean': 12738514.293837627, 'MSE - std': 82431.77354377264, 'R2 - mean': 0.5067967195387766, 'R2 - std': 0.0027064397712974245} 
 

Saving model.....
Results After CV: {'MSE - mean': 12738514.293837627, 'MSE - std': 82431.77354377264, 'R2 - mean': 0.5067967195387766, 'R2 - std': 0.0027064397712974245}
Train time: 29.97372583920005
Inference time: 0.2190146087999892
Finished cross validation
Hyperparam was saved!!! Hurrah!!!
Trial 79 finished with value: 12738514.293837627 and parameters: {'max_depth': 9, 'n_estimators': 49}. Best is trial 72 with value: 12525607.521481968.
Saved Losses
{'MSE - mean': 15811851.89383811, 'MSE - std': 0.0, 'R2 - mean': 0.381029814452679, 'R2 - std': 0.0} 
 

Saved Losses
{'MSE - mean': 15893651.164926853, 'MSE - std': 81799.27108874451, 'R2 - mean': 0.38148300773995364, 'R2 - std': 0.0004531932872746114} 
 

Saved Losses
{'MSE - mean': 15930834.707470126, 'MSE - std': 85005.75768284553, 'R2 - mean': 0.38088120451933366, 'R2 - std': 0.0009280393327428068} 
 

Saved Losses
{'MSE - mean': 15964009.132395256, 'MSE - std': 93386.89167525184, 'R2 - mean': 0.380416671068488, 'R2 - std': 0.0011372408422150992} 
 

Saved Losses
{'MSE - mean': 16076002.257824054, 'MSE - std': 239053.82197876376, 'R2 - mean': 0.3776161736672975, 'R2 - std': 0.005692608906543568} 
 

Saving model.....
Results After CV: {'MSE - mean': 16076002.257824054, 'MSE - std': 239053.82197876376, 'R2 - mean': 0.3776161736672975, 'R2 - std': 0.005692608906543568}
Train time: 20.531818341800317
Inference time: 0.17580569479996483
Finished cross validation
Hyperparam was saved!!! Hurrah!!!
Trial 80 finished with value: 16076002.257824054 and parameters: {'max_depth': 3, 'n_estimators': 63}. Best is trial 72 with value: 12525607.521481968.
Saved Losses
{'MSE - mean': 12417480.891882354, 'MSE - std': 0.0, 'R2 - mean': 0.5139057396133344, 'R2 - std': 0.0} 
 

Saved Losses
{'MSE - mean': 12474556.945161603, 'MSE - std': 57076.053279249, 'R2 - mean': 0.5145387754632763, 'R2 - std': 0.0006330358499418987} 
 

Saved Losses
{'MSE - mean': 12527667.129862512, 'MSE - std': 88392.1226310324, 'R2 - mean': 0.513139676619172, 'R2 - std': 0.002045021126872731} 
 

Saved Losses
{'MSE - mean': 12530396.796077311, 'MSE - std': 76695.68919011849, 'R2 - mean': 0.513676981819976, 'R2 - std': 0.0020006684366606} 
 

Saved Losses
{'MSE - mean': 12534448.390829325, 'MSE - std': 69075.64456750278, 'R2 - mean': 0.514694563070447, 'R2 - std': 0.0027099863025485636} 
 

Saving model.....
Results After CV: {'MSE - mean': 12534448.390829325, 'MSE - std': 69075.64456750278, 'R2 - mean': 0.514694563070447, 'R2 - std': 0.0027099863025485636}
Train time: 23.560898589800125
Inference time: 0.20589961580008093
Finished cross validation
Hyperparam was saved!!! Hurrah!!!
Trial 81 finished with value: 12534448.390829325 and parameters: {'max_depth': 12, 'n_estimators': 32}. Best is trial 72 with value: 12525607.521481968.
Saved Losses
{'MSE - mean': 12451284.233567236, 'MSE - std': 0.0, 'R2 - mean': 0.5125824752155086, 'R2 - std': 0.0} 
 

Saved Losses
{'MSE - mean': 12508626.195781425, 'MSE - std': 57341.96221418772, 'R2 - mean': 0.5132129579495973, 'R2 - std': 0.000630482734088722} 
 

Saved Losses
{'MSE - mean': 12576599.882989341, 'MSE - std': 106924.79316009166, 'R2 - mean': 0.5112395784515035, 'R2 - std': 0.002837861684258631} 
 

Saved Losses
{'MSE - mean': 12575709.459654393, 'MSE - std': 92612.42954049175, 'R2 - mean': 0.5119189468338825, 'R2 - std': 0.00272483364651238} 
 

Saved Losses
{'MSE - mean': 12577327.308379885, 'MSE - std': 82898.24740191038, 'R2 - mean': 0.5130339646846747, 'R2 - std': 0.0033034578779323172} 
 

Saving model.....
Results After CV: {'MSE - mean': 12577327.308379885, 'MSE - std': 82898.24740191038, 'R2 - mean': 0.5130339646846747, 'R2 - std': 0.0033034578779323172}
Train time: 20.057930910399953
Inference time: 0.18867118040016068
Finished cross validation
Hyperparam was saved!!! Hurrah!!!
Trial 82 finished with value: 12577327.308379885 and parameters: {'max_depth': 11, 'n_estimators': 28}. Best is trial 72 with value: 12525607.521481968.
Saved Losses
{'MSE - mean': 12404902.946047643, 'MSE - std': 0.0, 'R2 - mean': 0.5143981154286017, 'R2 - std': 0.0} 
 

Saved Losses
{'MSE - mean': 12480762.410590172, 'MSE - std': 75859.46454252861, 'R2 - mean': 0.5143015741819139, 'R2 - std': 9.654124668778685e-05} 
 

Saved Losses
{'MSE - mean': 12531597.168173498, 'MSE - std': 94893.54068760513, 'R2 - mean': 0.5129895628662496, 'R2 - std': 0.0018571378138783061} 
 

Saved Losses
{'MSE - mean': 12531011.895508852, 'MSE - std': 82186.46896204125, 'R2 - mean': 0.5136545625253618, 'R2 - std': 0.001978230088907785} 
 

Saved Losses
{'MSE - mean': 12529747.93030994, 'MSE - std': 73553.26625279864, 'R2 - mean': 0.5148757274144093, 'R2 - std': 0.0030159061942803653} 
 

Saving model.....
Results After CV: {'MSE - mean': 12529747.93030994, 'MSE - std': 73553.26625279864, 'R2 - mean': 0.5148757274144093, 'R2 - std': 0.0030159061942803653}
Train time: 24.95831993339998
Inference time: 0.2315087319997474
Finished cross validation
Hyperparam was saved!!! Hurrah!!!
Trial 83 finished with value: 12529747.93030994 and parameters: {'max_depth': 12, 'n_estimators': 36}. Best is trial 72 with value: 12525607.521481968.
Saved Losses
{'MSE - mean': 12461660.902451493, 'MSE - std': 0.0, 'R2 - mean': 0.5121762705085726, 'R2 - std': 0.0} 
 

Saved Losses
{'MSE - mean': 12534861.706388412, 'MSE - std': 73200.8039369192, 'R2 - mean': 0.5121955751030564, 'R2 - std': 1.930459448373778e-05} 
 

Saved Losses
{'MSE - mean': 12587258.295092275, 'MSE - std': 95200.01827876696, 'R2 - mean': 0.5108261120203185, 'R2 - std': 0.001936777404575919} 
 

Saved Losses
{'MSE - mean': 12590368.873058503, 'MSE - std': 82621.48447020382, 'R2 - mean': 0.5113511710272897, 'R2 - std': 0.001907980848583521} 
 

Saved Losses
{'MSE - mean': 12587158.80077083, 'MSE - std': 74177.26075568217, 'R2 - mean': 0.5126524446463263, 'R2 - std': 0.003112164015801738} 
 

Saving model.....
Results After CV: {'MSE - mean': 12587158.80077083, 'MSE - std': 74177.26075568217, 'R2 - mean': 0.5126524446463263, 'R2 - std': 0.003112164015801738}
Train time: 23.2907620668002
Inference time: 0.2108674675999282
Finished cross validation
Hyperparam was saved!!! Hurrah!!!
Trial 84 finished with value: 12587158.80077083 and parameters: {'max_depth': 11, 'n_estimators': 36}. Best is trial 72 with value: 12525607.521481968.
Saved Losses
{'MSE - mean': 12395712.9412513, 'MSE - std': 0.0, 'R2 - mean': 0.5147578670258318, 'R2 - std': 0.0} 
 

Saved Losses
{'MSE - mean': 12461545.953292886, 'MSE - std': 65833.01204158552, 'R2 - mean': 0.5150471299278738, 'R2 - std': 0.0002892629020419535} 
 

Saved Losses
{'MSE - mean': 12519941.859995455, 'MSE - std': 98536.7316733981, 'R2 - mean': 0.5134418093505092, 'R2 - std': 0.0022825184183015565} 
 

Saved Losses
{'MSE - mean': 12521506.44644114, 'MSE - std': 85378.33102663996, 'R2 - mean': 0.5140232805229763, 'R2 - std': 0.0022185003765258023} 
 

Saved Losses
{'MSE - mean': 12529024.675382651, 'MSE - std': 77830.98735583114, 'R2 - mean': 0.5149068566927315, 'R2 - std': 0.0026571079254621884} 
 

Saving model.....
Results After CV: {'MSE - mean': 12529024.675382651, 'MSE - std': 77830.98735583114, 'R2 - mean': 0.5149068566927315, 'R2 - std': 0.0026571079254621884}
Train time: 30.760280474199682
Inference time: 0.26612249039972086
Finished cross validation
Hyperparam was saved!!! Hurrah!!!
Trial 85 finished with value: 12529024.675382651 and parameters: {'max_depth': 12, 'n_estimators': 46}. Best is trial 72 with value: 12525607.521481968.
Saved Losses
{'MSE - mean': 12413191.189666338, 'MSE - std': 0.0, 'R2 - mean': 0.5140736641419992, 'R2 - std': 0.0} 
 

Saved Losses
{'MSE - mean': 12467677.842187427, 'MSE - std': 54486.65252108965, 'R2 - mean': 0.5148058981151932, 'R2 - std': 0.0007322339731939964} 
 

Saved Losses
{'MSE - mean': 12524960.670779968, 'MSE - std': 92422.08487023613, 'R2 - mean': 0.5132449093261467, 'R2 - std': 0.002287097810193184} 
 

Saved Losses
{'MSE - mean': 12528534.812838051, 'MSE - std': 80278.9187967484, 'R2 - mean': 0.5137494172511223, 'R2 - std': 0.0021648780644952337} 
 

Saved Losses
{'MSE - mean': 12527932.04516149, 'MSE - std': 71813.76719005604, 'R2 - mean': 0.5149452545838393, 'R2 - std': 0.003077249637677327} 
 

Saving model.....
Results After CV: {'MSE - mean': 12527932.04516149, 'MSE - std': 71813.76719005604, 'R2 - mean': 0.5149452545838393, 'R2 - std': 0.003077249637677327}
Train time: 29.84224281300012
Inference time: 0.24677110280026682
Finished cross validation
Hyperparam was saved!!! Hurrah!!!
Trial 86 finished with value: 12527932.04516149 and parameters: {'max_depth': 12, 'n_estimators': 45}. Best is trial 72 with value: 12525607.521481968.
Saved Losses
{'MSE - mean': 12508733.426019797, 'MSE - std': 0.0, 'R2 - mean': 0.5103335711939776, 'R2 - std': 0.0} 
 

Saved Losses
{'MSE - mean': 12589864.937573347, 'MSE - std': 81131.51155354921, 'R2 - mean': 0.5100568203573763, 'R2 - std': 0.0002767508366012805} 
 

Saved Losses
{'MSE - mean': 12645707.395680567, 'MSE - std': 103077.51953209277, 'R2 - mean': 0.508556125249172, 'R2 - std': 0.002134299018245293} 
 

Saved Losses
{'MSE - mean': 12641631.453354582, 'MSE - std': 89546.4750406232, 'R2 - mean': 0.5093616194029071, 'R2 - std': 0.002315790733111777} 
 

Saved Losses
{'MSE - mean': 12642848.412252778, 'MSE - std': 80129.77542462201, 'R2 - mean': 0.510497939202193, 'R2 - std': 0.0030749309131505864} 
 

Saving model.....
Results After CV: {'MSE - mean': 12642848.412252778, 'MSE - std': 80129.77542462201, 'R2 - mean': 0.510497939202193, 'R2 - std': 0.0030749309131505864}
Train time: 39.44934677120018
Inference time: 0.2665002558000197
Finished cross validation
Hyperparam was saved!!! Hurrah!!!
Trial 87 finished with value: 12642848.412252778 and parameters: {'max_depth': 10, 'n_estimators': 53}. Best is trial 72 with value: 12525607.521481968.
Saved Losses
{'MSE - mean': 12446118.591826981, 'MSE - std': 0.0, 'R2 - mean': 0.5127846892412853, 'R2 - std': 0.0} 
 

Saved Losses
{'MSE - mean': 12529695.798155319, 'MSE - std': 83577.20632833894, 'R2 - mean': 0.5123989917616603, 'R2 - std': 0.00038569747962502454} 
 

Saved Losses
{'MSE - mean': 12591741.000162216, 'MSE - std': 111157.45797105425, 'R2 - mean': 0.5106545058324521, 'R2 - std': 0.0024870941568297463} 
 

Saved Losses
{'MSE - mean': 12589821.637308525, 'MSE - std': 96322.5685300824, 'R2 - mean': 0.5113735890059978, 'R2 - std': 0.0024880654814800575} 
 

Saved Losses
{'MSE - mean': 12591915.303252166, 'MSE - std': 86255.22311674921, 'R2 - mean': 0.5124712121096583, 'R2 - std': 0.003125936944799601} 
 

Saving model.....
Results After CV: {'MSE - mean': 12591915.303252166, 'MSE - std': 86255.22311674921, 'R2 - mean': 0.5124712121096583, 'R2 - std': 0.003125936944799601}
Train time: 31.903203353599928
Inference time: 0.24497160619994246
Finished cross validation
Hyperparam was saved!!! Hurrah!!!
Trial 88 finished with value: 12591915.303252166 and parameters: {'max_depth': 11, 'n_estimators': 41}. Best is trial 72 with value: 12525607.521481968.
Saved Losses
{'MSE - mean': 12389487.468343822, 'MSE - std': 0.0, 'R2 - mean': 0.5150015691643626, 'R2 - std': 0.0} 
 

Saved Losses
{'MSE - mean': 12462851.787475182, 'MSE - std': 73364.31913135946, 'R2 - mean': 0.514998033795101, 'R2 - std': 3.535369261620236e-06} 
 

Saved Losses
{'MSE - mean': 12516522.535094803, 'MSE - std': 96691.8499556016, 'R2 - mean': 0.5135753438717124, 'R2 - std': 0.0020119894554345} 
 

Saved Losses
{'MSE - mean': 12515340.394231312, 'MSE - std': 83762.62744769196, 'R2 - mean': 0.5142626588703685, 'R2 - std': 0.0021102800522009536} 
 

Saved Losses
{'MSE - mean': 12514438.98390945, 'MSE - std': 74941.25944915859, 'R2 - mean': 0.5154684827063245, 'R2 - std': 0.0030624614303551055} 
 

Saving model.....
Results After CV: {'MSE - mean': 12514438.98390945, 'MSE - std': 74941.25944915859, 'R2 - mean': 0.5154684827063245, 'R2 - std': 0.0030624614303551055}
Train time: 59.43899036599978
Inference time: 0.3856892555997547
Finished cross validation
Hyperparam was saved!!! Hurrah!!!
Trial 89 finished with value: 12514438.98390945 and parameters: {'max_depth': 12, 'n_estimators': 73}. Best is trial 89 with value: 12514438.98390945.
Saved Losses
{'MSE - mean': 13497988.496974053, 'MSE - std': 0.0, 'R2 - mean': 0.4716082277659377, 'R2 - std': 0.0} 
 

Saved Losses
{'MSE - mean': 13599518.259297218, 'MSE - std': 101529.76232316438, 'R2 - mean': 0.4707686513754376, 'R2 - std': 0.0008395763905000853} 
 

Saved Losses
{'MSE - mean': 13665906.395927927, 'MSE - std': 125247.6126007749, 'R2 - mean': 0.4689113917131829, 'R2 - std': 0.002714544636410781} 
 

Saved Losses
{'MSE - mean': 13676404.876267623, 'MSE - std': 109981.26028998935, 'R2 - mean': 0.4692050572634431, 'R2 - std': 0.0024052614834002414} 
 

Saved Losses
{'MSE - mean': 13760772.181413854, 'MSE - std': 195315.31123424118, 'R2 - mean': 0.46724906848894443, 'R2 - std': 0.004464503845522116} 
 

Saving model.....
Results After CV: {'MSE - mean': 13760772.181413854, 'MSE - std': 195315.31123424118, 'R2 - mean': 0.46724906848894443, 'R2 - std': 0.004464503845522116}
Train time: 39.277758072599866
Inference time: 0.24736206180004955
Finished cross validation
Hyperparam was saved!!! Hurrah!!!
