Trial 112 finished with value: 616.4984069921044 and parameters: {'max_depth': 12, 'n_estimators': 96}. Best is trial 89 with value: 610.7236509508818.
Saved Losses
{'MSE - mean': 653.3274451256482, 'MSE - std': 0.0, 'R2 - mean': 0.9240369931274665, 'R2 - std': 0.0} 
 

Saved Losses
{'MSE - mean': 632.336349529558, 'MSE - std': 20.991095596090133, 'R2 - mean': 0.9220114798856907, 'R2 - std': 0.0020255132417758004} 
 

Saved Losses
{'MSE - mean': 604.1312024668941, 'MSE - std': 43.41441432522678, 'R2 - mean': 0.9283938663454574, 'R2 - std': 0.009176320056102657} 
 

Saved Losses
{'MSE - mean': 617.2147821935642, 'MSE - std': 43.89930185998678, 'R2 - mean': 0.9265354713391074, 'R2 - std': 0.008574061658741675} 
 

Saved Losses
{'MSE - mean': 622.7989901288769, 'MSE - std': 40.82220567405229, 'R2 - mean': 0.9250555819692569, 'R2 - std': 0.008220213917551589} 
 

Saving model.....
Results After CV: {'MSE - mean': 622.7989901288769, 'MSE - std': 40.82220567405229, 'R2 - mean': 0.9250555819692569, 'R2 - std': 0.008220213917551589}
Train time: 1.1120880711999803
Inference time: 0.03319501799999216
Finished cross validation
Hyperparam was saved!!! Hurrah!!!
Trial 113 finished with value: 622.7989901288769 and parameters: {'max_depth': 11, 'n_estimators': 87}. Best is trial 89 with value: 610.7236509508818.
Saved Losses
{'MSE - mean': 657.3816090249039, 'MSE - std': 0.0, 'R2 - mean': 0.9235656116135882, 'R2 - std': 0.0} 
 

Saved Losses
{'MSE - mean': 632.4313229631841, 'MSE - std': 24.95028606171985, 'R2 - mean': 0.9220286671780245, 'R2 - std': 0.0015369444355637363} 
 

Saved Losses
{'MSE - mean': 602.0581910619853, 'MSE - std': 47.54014583503436, 'R2 - mean': 0.9286348289966279, 'R2 - std': 0.009426428101132502} 
 

Saved Losses
{'MSE - mean': 614.0149117314689, 'MSE - std': 46.08620842525909, 'R2 - mean': 0.926914267971132, 'R2 - std': 0.008690463208985555} 
 

Saved Losses
{'MSE - mean': 621.1792617350363, 'MSE - std': 43.640148138011696, 'R2 - mean': 0.9252407747565657, 'R2 - std': 0.0084629568583435} 
 

Saving model.....
Results After CV: {'MSE - mean': 621.1792617350363, 'MSE - std': 43.640148138011696, 'R2 - mean': 0.9252407747565657, 'R2 - std': 0.0084629568583435}
Train time: 1.1729231431999891
Inference time: 0.03978313679999701
Finished cross validation
Hyperparam was saved!!! Hurrah!!!
Trial 114 finished with value: 621.1792617350363 and parameters: {'max_depth': 10, 'n_estimators': 100}. Best is trial 89 with value: 610.7236509508818.
Saved Losses
{'MSE - mean': 645.9116320554326, 'MSE - std': 0.0, 'R2 - mean': 0.9248992368054584, 'R2 - std': 0.0} 
 

Saved Losses
{'MSE - mean': 622.14322442522, 'MSE - std': 23.768407630212664, 'R2 - mean': 0.9232913995056151, 'R2 - std': 0.0016078372998432622} 
 

Saved Losses
{'MSE - mean': 596.0748164836602, 'MSE - std': 41.66231613899762, 'R2 - mean': 0.9293826113357936, 'R2 - std': 0.008713733431125996} 
 

Saved Losses
{'MSE - mean': 609.2509748912574, 'MSE - std': 42.69244535858326, 'R2 - mean': 0.927508384529236, 'R2 - std': 0.008214927942398444} 
 

Saved Losses
{'MSE - mean': 615.5461722545476, 'MSE - std': 40.2073867831223, 'R2 - mean': 0.9259444374521155, 'R2 - std': 0.0079857219284904} 
 

Saving model.....
Results After CV: {'MSE - mean': 615.5461722545476, 'MSE - std': 40.2073867831223, 'R2 - mean': 0.9259444374521155, 'R2 - std': 0.0079857219284904}
Train time: 0.9145436840000002
Inference time: 0.032812404800006335
Finished cross validation
Hyperparam was saved!!! Hurrah!!!
Trial 115 finished with value: 615.5461722545476 and parameters: {'max_depth': 11, 'n_estimators': 81}. Best is trial 89 with value: 610.7236509508818.
Saved Losses
{'MSE - mean': 676.1907467459247, 'MSE - std': 0.0, 'R2 - mean': 0.9213786551821259, 'R2 - std': 0.0} 
 

Saved Losses
{'MSE - mean': 646.6918933168074, 'MSE - std': 29.498853429117275, 'R2 - mean': 0.9202996262210319, 'R2 - std': 0.001079028961094075} 
 

Saved Losses
{'MSE - mean': 616.6048574920768, 'MSE - std': 48.89356827360433, 'R2 - mean': 0.9269407314270818, 'R2 - std': 0.009433173328643634} 
 

Saved Losses
{'MSE - mean': 626.1116594668936, 'MSE - std': 45.43207694195088, 'R2 - mean': 0.9255008080585867, 'R2 - std': 0.008541586925600567} 
 

Saved Losses
{'MSE - mean': 633.92900639906, 'MSE - std': 43.539666333573166, 'R2 - mean': 0.9237249062915007, 'R2 - std': 0.008425097869546} 
 

Saving model.....
Results After CV: {'MSE - mean': 633.92900639906, 'MSE - std': 43.539666333573166, 'R2 - mean': 0.9237249062915007, 'R2 - std': 0.008425097869546}
Train time: 0.22696127840001737
Inference time: 0.013157604599996375
Finished cross validation
Hyperparam was saved!!! Hurrah!!!
Trial 116 finished with value: 633.92900639906 and parameters: {'max_depth': 9, 'n_estimators': 25}. Best is trial 89 with value: 610.7236509508818.
Saved Losses
{'MSE - mean': 648.5025402403473, 'MSE - std': 0.0, 'R2 - mean': 0.9245979894329116, 'R2 - std': 0.0} 
 

Saved Losses
{'MSE - mean': 628.4602427752668, 'MSE - std': 20.04229746508048, 'R2 - mean': 0.9224835439075516, 'R2 - std': 0.0021144455253599426} 
 

Saved Losses
{'MSE - mean': 598.3847095610885, 'MSE - std': 45.57270222424985, 'R2 - mean': 0.9290483129488658, 'R2 - std': 0.009443144164846299} 
 

Saved Losses
{'MSE - mean': 608.8804754738366, 'MSE - std': 43.45269493714659, 'R2 - mean': 0.9275108562657864, 'R2 - std': 0.008600642298432676} 
 

Saved Losses
{'MSE - mean': 614.6972701654535, 'MSE - std': 40.56907393296369, 'R2 - mean': 0.926015667782481, 'R2 - std': 0.008253435209590588} 
 

Saving model.....
Results After CV: {'MSE - mean': 614.6972701654535, 'MSE - std': 40.56907393296369, 'R2 - mean': 0.926015667782481, 'R2 - std': 0.008253435209590588}
Train time: 0.7833872036000116
Inference time: 0.030143802400004915
Finished cross validation
Hyperparam was saved!!! Hurrah!!!
Trial 117 finished with value: 614.6972701654535 and parameters: {'max_depth': 12, 'n_estimators': 72}. Best is trial 89 with value: 610.7236509508818.
Saved Losses
{'MSE - mean': 657.239552721012, 'MSE - std': 0.0, 'R2 - mean': 0.9235821286359012, 'R2 - std': 0.0} 
 

Saved Losses
{'MSE - mean': 632.3977337586898, 'MSE - std': 24.841818962322236, 'R2 - mean': 0.9220320256083003, 'R2 - std': 0.00155010302760078} 
 

Saved Losses
{'MSE - mean': 596.0887138906779, 'MSE - std': 55.20960508633648, 'R2 - mean': 0.9292759600050365, 'R2 - std': 0.010322356837752063} 
 

Saved Losses
{'MSE - mean': 604.2637728399143, 'MSE - std': 49.865520520820745, 'R2 - mean': 0.9280301197236469, 'R2 - std': 0.009196175402558062} 
 

Saved Losses
{'MSE - mean': 612.1459726609748, 'MSE - std': 47.305099149313904, 'R2 - mean': 0.9262879274774294, 'R2 - std': 0.008932897005944533} 
 

Saving model.....
Results After CV: {'MSE - mean': 612.1459726609748, 'MSE - std': 47.305099149313904, 'R2 - mean': 0.9262879274774294, 'R2 - std': 0.008932897005944533}
Train time: 0.7420630701999926
Inference time: 0.03166831999999431
Finished cross validation
Hyperparam was saved!!! Hurrah!!!
Trial 118 finished with value: 612.1459726609748 and parameters: {'max_depth': 12, 'n_estimators': 72}. Best is trial 89 with value: 610.7236509508818.
Saved Losses
{'MSE - mean': 641.4153897021682, 'MSE - std': 0.0, 'R2 - mean': 0.9254220192039782, 'R2 - std': 0.0} 
 

Saved Losses
{'MSE - mean': 626.1134353697646, 'MSE - std': 15.301954332403568, 'R2 - mean': 0.9227389235315195, 'R2 - std': 0.0026830956724585575} 
 

Saved Losses
{'MSE - mean': 591.7775991164593, 'MSE - std': 50.1397963034844, 'R2 - mean': 0.9297602868309568, 'R2 - std': 0.010168501368953801} 
 

Saved Losses
{'MSE - mean': 604.2907584193181, 'MSE - std': 48.530782470843654, 'R2 - mean': 0.9280008158330841, 'R2 - std': 0.009318585173988411} 
 

Saved Losses
{'MSE - mean': 615.9550850472684, 'MSE - std': 49.2789563659776, 'R2 - mean': 0.925789740549255, 'R2 - std': 0.009435265728051485} 
 

Saving model.....
Results After CV: {'MSE - mean': 615.9550850472684, 'MSE - std': 49.2789563659776, 'R2 - mean': 0.925789740549255, 'R2 - std': 0.009435265728051485}
Train time: 0.6531147518000011
Inference time: 0.02783219159999817
Finished cross validation
Hyperparam was saved!!! Hurrah!!!
Trial 119 finished with value: 615.9550850472684 and parameters: {'max_depth': 10, 'n_estimators': 69}. Best is trial 89 with value: 610.7236509508818.
Saved Losses
{'MSE - mean': 650.9798314874647, 'MSE - std': 0.0, 'R2 - mean': 0.9243099524103833, 'R2 - std': 0.0} 
 

Saved Losses
{'MSE - mean': 631.2393134846607, 'MSE - std': 19.740518002804038, 'R2 - mean': 0.9221379116217345, 'R2 - std': 0.0021720407886487436} 
 

Saved Losses
{'MSE - mean': 606.7680976024653, 'MSE - std': 38.17686272493728, 'R2 - mean': 0.9281163046265676, 'R2 - std': 0.008638723283304518} 
 

Saved Losses
{'MSE - mean': 618.4856101309791, 'MSE - std': 38.79439308980957, 'R2 - mean': 0.9264124053589942, 'R2 - std': 0.008042417119016019} 
 

Saved Losses
{'MSE - mean': 625.5926362127202, 'MSE - std': 37.4972429262676, 'R2 - mean': 0.9247343947403104, 'R2 - std': 0.007937711070494806} 
 

Saving model.....
Results After CV: {'MSE - mean': 625.5926362127202, 'MSE - std': 37.4972429262676, 'R2 - mean': 0.9247343947403104, 'R2 - std': 0.007937711070494806}
Train time: 0.9847737739999957
Inference time: 0.03067783879999979
Finished cross validation
Hyperparam was saved!!! Hurrah!!!
Trial 120 finished with value: 625.5926362127202 and parameters: {'max_depth': 11, 'n_estimators': 77}. Best is trial 89 with value: 610.7236509508818.
Saved Losses
{'MSE - mean': 659.1153891160375, 'MSE - std': 0.0, 'R2 - mean': 0.9233640233442435, 'R2 - std': 0.0} 
 

Saved Losses
{'MSE - mean': 626.889222562452, 'MSE - std': 32.22616655358547, 'R2 - mean': 0.9227666939420988, 'R2 - std': 0.0005973294021447417} 
 

Saved Losses
{'MSE - mean': 597.968982556662, 'MSE - std': 48.63240796503856, 'R2 - mean': 0.9291692250648652, 'R2 - std': 0.009067672128635308} 
 

Saved Losses
{'MSE - mean': 607.7639265756663, 'MSE - std': 45.405463474836836, 'R2 - mean': 0.9276984342422606, 'R2 - std': 0.008255706226961796} 
 

Saved Losses
{'MSE - mean': 614.5518517643534, 'MSE - std': 42.82088981047266, 'R2 - mean': 0.9260719952412908, 'R2 - std': 0.008068863832053371} 
 

Saving model.....
Results After CV: {'MSE - mean': 614.5518517643534, 'MSE - std': 42.82088981047266, 'R2 - mean': 0.9260719952412908, 'R2 - std': 0.008068863832053371}
Train time: 0.7624633950000088
Inference time: 0.028732720000004975
Finished cross validation
Hyperparam was saved!!! Hurrah!!!
Trial 121 finished with value: 614.5518517643534 and parameters: {'max_depth': 12, 'n_estimators': 72}. Best is trial 89 with value: 610.7236509508818.
Saved Losses
{'MSE - mean': 642.7120967277541, 'MSE - std': 0.0, 'R2 - mean': 0.9252712498379716, 'R2 - std': 0.0} 
 

Saved Losses
{'MSE - mean': 621.4321032920468, 'MSE - std': 21.27999343570724, 'R2 - mean': 0.9233610982682923, 'R2 - std': 0.0019101515696793858} 
 

Saved Losses
{'MSE - mean': 588.8430040863909, 'MSE - std': 49.25434858454625, 'R2 - mean': 0.9301550566303086, 'R2 - std': 0.009733868353797307} 
 

Saved Losses
{'MSE - mean': 604.1999558128707, 'MSE - std': 50.269285253067665, 'R2 - mean': 0.9280428278192818, 'R2 - std': 0.009189432871357648} 
 

Saved Losses
{'MSE - mean': 610.8547591801776, 'MSE - std': 46.890792948227066, 'R2 - mean': 0.9264535406879123, 'R2 - std': 0.008812484073262046} 
 

Saving model.....
Results After CV: {'MSE - mean': 610.8547591801776, 'MSE - std': 46.890792948227066, 'R2 - mean': 0.9264535406879123, 'R2 - std': 0.008812484073262046}
Train time: 0.943502886400006
Inference time: 0.036983753000004074
Finished cross validation
Hyperparam was saved!!! Hurrah!!!
Trial 122 finished with value: 610.8547591801776 and parameters: {'max_depth': 12, 'n_estimators': 93}. Best is trial 89 with value: 610.7236509508818.
Saved Losses
{'MSE - mean': 651.3761297541051, 'MSE - std': 0.0, 'R2 - mean': 0.9242638744319102, 'R2 - std': 0.0} 
 

Saved Losses
{'MSE - mean': 636.6966277468249, 'MSE - std': 14.679502007280234, 'R2 - mean': 0.9214265430653066, 'R2 - std': 0.002837331366603524} 
 

Saved Losses
{'MSE - mean': 601.6305591182762, 'MSE - std': 51.01878926021942, 'R2 - mean': 0.9285848327793144, 'R2 - std': 0.01038504643459121} 
 

Saved Losses
{'MSE - mean': 611.5580639360818, 'MSE - std': 47.41153550462875, 'R2 - mean': 0.9271339642341717, 'R2 - std': 0.009338198471456657} 
 

Saved Losses
{'MSE - mean': 618.9963833812319, 'MSE - std': 44.939930393779335, 'R2 - mean': 0.9254437815912686, 'R2 - std': 0.00901046225336613} 
 

Saving model.....
Results After CV: {'MSE - mean': 618.9963833812319, 'MSE - std': 44.939930393779335, 'R2 - mean': 0.9254437815912686, 'R2 - std': 0.00901046225336613}
Train time: 0.8424657191999927
Inference time: 0.030981585999995787
Finished cross validation
Hyperparam was saved!!! Hurrah!!!
Trial 123 finished with value: 618.9963833812319 and parameters: {'max_depth': 11, 'n_estimators': 84}. Best is trial 89 with value: 610.7236509508818.
Saved Losses
{'MSE - mean': 649.7710717420276, 'MSE - std': 0.0, 'R2 - mean': 0.924450496062016, 'R2 - std': 0.0} 
 

Saved Losses
{'MSE - mean': 624.933927607417, 'MSE - std': 24.837144134610696, 'R2 - mean': 0.9229543419916376, 'R2 - std': 0.001496154070378397} 
 

Saved Losses
{'MSE - mean': 593.4610610835081, 'MSE - std': 48.911537224249905, 'R2 - mean': 0.9296385698093962, 'R2 - std': 0.00953153298483171} 
 

Saved Losses
{'MSE - mean': 607.275369309483, 'MSE - std': 48.64934933291608, 'R2 - mean': 0.9277021942133095, 'R2 - std': 0.008909895741705502} 
 

Saved Losses
{'MSE - mean': 614.983730096394, 'MSE - std': 46.163650814224276, 'R2 - mean': 0.9259718795922879, 'R2 - std': 0.008688207436136328} 
 

Saving model.....
Results After CV: {'MSE - mean': 614.983730096394, 'MSE - std': 46.163650814224276, 'R2 - mean': 0.9259718795922879, 'R2 - std': 0.008688207436136328}
Train time: 0.8960160463999955
Inference time: 0.0332394317999956
Finished cross validation
Hyperparam was saved!!! Hurrah!!!
Trial 124 finished with value: 614.983730096394 and parameters: {'max_depth': 10, 'n_estimators': 94}. Best is trial 89 with value: 610.7236509508818.
Saved Losses
{'MSE - mean': 644.6952369692483, 'MSE - std': 0.0, 'R2 - mean': 0.925040668225462, 'R2 - std': 0.0} 
 

Saved Losses
{'MSE - mean': 626.6990137996229, 'MSE - std': 17.996223169625353, 'R2 - mean': 0.9226862427543386, 'R2 - std': 0.0023544254711234114} 
 

Saved Losses
{'MSE - mean': 594.1043055010146, 'MSE - std': 48.38118832483734, 'R2 - mean': 0.929517148421103, 'R2 - std': 0.009849776172880841} 
 

Saved Losses
{'MSE - mean': 607.8420567198239, 'MSE - std': 48.18435392782825, 'R2 - mean': 0.9276009838164408, 'R2 - std': 0.009153066610069453} 
 

Saved Losses
{'MSE - mean': 616.2196223837867, 'MSE - std': 46.239809651098405, 'R2 - mean': 0.9257928241991442, 'R2 - std': 0.008949897625179035} 
 

Saving model.....
Results After CV: {'MSE - mean': 616.2196223837867, 'MSE - std': 46.239809651098405, 'R2 - mean': 0.9257928241991442, 'R2 - std': 0.008949897625179035}
Train time: 0.9357733646000156
Inference time: 0.03439667299999201
Finished cross validation
Hyperparam was saved!!! Hurrah!!!
Trial 125 finished with value: 616.2196223837867 and parameters: {'max_depth': 12, 'n_estimators': 89}. Best is trial 89 with value: 610.7236509508818.
Saved Losses
{'MSE - mean': 661.3919656521649, 'MSE - std': 0.0, 'R2 - mean': 0.9230993236131211, 'R2 - std': 0.0} 
 

Saved Losses
{'MSE - mean': 635.3033513873607, 'MSE - std': 26.088614264804164, 'R2 - mean': 0.921682068181267, 'R2 - std': 0.0014172554318541697} 
 

Saved Losses
{'MSE - mean': 600.9005200215678, 'MSE - std': 53.11170751166716, 'R2 - mean': 0.9287338246115207, 'R2 - std': 0.010039602223660613} 
 

Saved Losses
{'MSE - mean': 615.2562556956996, 'MSE - std': 52.28672437952382, 'R2 - mean': 0.926734515109194, 'R2 - std': 0.009358788653735026} 
 

Saved Losses
{'MSE - mean': 617.8729432610323, 'MSE - std': 47.05857469505958, 'R2 - mean': 0.9256358761376274, 'R2 - std': 0.008654338242269211} 
 

Saving model.....
Results After CV: {'MSE - mean': 617.8729432610323, 'MSE - std': 47.05857469505958, 'R2 - mean': 0.9256358761376274, 'R2 - std': 0.008654338242269211}
Train time: 0.8021055400000023
Inference time: 0.03263313540001036
Finished cross validation
Hyperparam was saved!!! Hurrah!!!
Trial 126 finished with value: 617.8729432610323 and parameters: {'max_depth': 11, 'n_estimators': 80}. Best is trial 89 with value: 610.7236509508818.
Saved Losses
{'MSE - mean': 653.9344845509199, 'MSE - std': 0.0, 'R2 - mean': 0.9239664120729312, 'R2 - std': 0.0} 
 

Saved Losses
{'MSE - mean': 634.6561820196785, 'MSE - std': 19.27830253124148, 'R2 - mean': 0.9217122904947352, 'R2 - std': 0.0022541215781959334} 
 

Saved Losses
{'MSE - mean': 604.0898603351424, 'MSE - std': 46.00400716208454, 'R2 - mean': 0.9283649936802112, 'R2 - std': 0.009586672801739268} 
 

Saved Losses
{'MSE - mean': 615.0714377807283, 'MSE - std': 44.14817817087183, 'R2 - mean': 0.9267681463831261, 'R2 - std': 0.008750884836765309} 
 

Saved Losses
{'MSE - mean': 624.3273910652069, 'MSE - std': 43.61123700909485, 'R2 - mean': 0.9248352214706582, 'R2 - std': 0.008729672571753213} 
 

Saving model.....
Results After CV: {'MSE - mean': 624.3273910652069, 'MSE - std': 43.61123700909485, 'R2 - mean': 0.9248352214706582, 'R2 - std': 0.008729672571753213}
Train time: 0.811417965999999
Inference time: 0.03533899040000961
Finished cross validation
Hyperparam was saved!!! Hurrah!!!
Trial 127 finished with value: 624.3273910652069 and parameters: {'max_depth': 9, 'n_estimators': 95}. Best is trial 89 with value: 610.7236509508818.
Saved Losses
{'MSE - mean': 694.0229772928075, 'MSE - std': 0.0, 'R2 - mean': 0.9193052846820929, 'R2 - std': 0.0} 
 

Saved Losses
{'MSE - mean': 638.7266131319161, 'MSE - std': 55.29636416089136, 'R2 - mean': 0.9214724102203624, 'R2 - std': 0.002167125538269532} 
 

Saved Losses
{'MSE - mean': 626.6522429255659, 'MSE - std': 48.270481919104604, 'R2 - mean': 0.9260727317547968, 'R2 - std': 0.006742171151746281} 
 

Saved Losses
{'MSE - mean': 640.7901106464466, 'MSE - std': 48.447574548230094, 'R2 - mean': 0.9239897879237223, 'R2 - std': 0.006863571875475089} 
 

Saved Losses
{'MSE - mean': 647.933633235569, 'MSE - std': 45.62733439080419, 'R2 - mean': 0.9222325786160175, 'R2 - std': 0.007073756662211998} 
 

Saving model.....
Results After CV: {'MSE - mean': 647.933633235569, 'MSE - std': 45.62733439080419, 'R2 - mean': 0.9222325786160175, 'R2 - std': 0.007073756662211998}
Train time: 0.20461960459999773
Inference time: 0.009335202199997639
Finished cross validation
Hyperparam was saved!!! Hurrah!!!
Trial 128 finished with value: 647.933633235569 and parameters: {'max_depth': 12, 'n_estimators': 15}. Best is trial 89 with value: 610.7236509508818.
Saved Losses
{'MSE - mean': 660.5960115597306, 'MSE - std': 0.0, 'R2 - mean': 0.9231918699566811, 'R2 - std': 0.0} 
 

Saved Losses
{'MSE - mean': 639.1086763147048, 'MSE - std': 21.48733524502586, 'R2 - mean': 0.9211782051703347, 'R2 - std': 0.0020136647863464585} 
 

Saved Losses
{'MSE - mean': 604.4643861036342, 'MSE - std': 52.0409204928762, 'R2 - mean': 0.9282875877315093, 'R2 - std': 0.010187731414964322} 
 

Saved Losses
{'MSE - mean': 615.1013111043094, 'MSE - std': 48.689070382575274, 'R2 - mean': 0.9267403153340137, 'R2 - std': 0.009220876268215753} 
 

Saved Losses
{'MSE - mean': 618.04452798491, 'MSE - std': 43.94485819979971, 'R2 - mean': 0.9256034720694128, 'R2 - std': 0.008555074386355114} 
 

Saving model.....
Results After CV: {'MSE - mean': 618.04452798491, 'MSE - std': 43.94485819979971, 'R2 - mean': 0.9256034720694128, 'R2 - std': 0.008555074386355114}
Train time: 1.1765780470000096
Inference time: 0.03979405900000756
Finished cross validation
Hyperparam was saved!!! Hurrah!!!
Trial 129 finished with value: 618.04452798491 and parameters: {'max_depth': 11, 'n_estimators': 100}. Best is trial 89 with value: 610.7236509508818.
Saved Losses
{'MSE - mean': 650.9877173139089, 'MSE - std': 0.0, 'R2 - mean': 0.9243090355178007, 'R2 - std': 0.0} 
 

Saved Losses
{'MSE - mean': 627.2470440585828, 'MSE - std': 23.740673255326044, 'R2 - mean': 0.9226604850716711, 'R2 - std': 0.001648550446129604} 
 

Saved Losses
{'MSE - mean': 596.7157753323223, 'MSE - std': 47.32930506371681, 'R2 - mean': 0.9292586775715139, 'R2 - std': 0.009427836491595166} 
 

Saved Losses
{'MSE - mean': 609.7838396235071, 'MSE - std': 46.822753564014086, 'R2 - mean': 0.9274091557758212, 'R2 - std': 0.00877070512002415} 
 

Saved Losses
{'MSE - mean': 621.8214310226483, 'MSE - std': 48.306424291431824, 'R2 - mean': 0.9251319208877635, 'R2 - std': 0.009071020316562059} 
 

Saving model.....
Results After CV: {'MSE - mean': 621.8214310226483, 'MSE - std': 48.306424291431824, 'R2 - mean': 0.9251319208877635, 'R2 - std': 0.009071020316562059}
Train time: 0.8766466491999949
Inference time: 0.031866546999992806
Finished cross validation
Hyperparam was saved!!! Hurrah!!!
