Trial 180 finished with value: 12522745.282327529 and parameters: {'max_depth': 12, 'n_estimators': 80}. Best is trial 126 with value: 12511461.289126027.
Saved Losses
{'MSE - mean': 12398372.902839804, 'MSE - std': 0.0, 'R2 - mean': 0.5146537402651563, 'R2 - std': 0.0} 
 

Saved Losses
{'MSE - mean': 12454127.93135165, 'MSE - std': 55755.02851184737, 'R2 - mean': 0.5153335123288161, 'R2 - std': 0.0006797720636598226} 
 

Saved Losses
{'MSE - mean': 12510702.095817363, 'MSE - std': 92052.63515814206, 'R2 - mean': 0.5137991720005709, 'R2 - std': 0.0022397456384109617} 
 

Saved Losses
{'MSE - mean': 12513021.07929685, 'MSE - std': 79821.04223074828, 'R2 - mean': 0.5143514360427158, 'R2 - std': 0.002162714061156593} 
 

Saved Losses
{'MSE - mean': 12514010.754683953, 'MSE - std': 71421.5433586371, 'R2 - mean': 0.5154847798342918, 'R2 - std': 0.0029798889724072146} 
 

Saving model.....
Results After CV: {'MSE - mean': 12514010.754683953, 'MSE - std': 71421.5433586371, 'R2 - mean': 0.5154847798342918, 'R2 - std': 0.0029798889724072146}
Train time: 68.81589414779883
Inference time: 0.4305118892007158
Finished cross validation
Hyperparam was saved!!! Hurrah!!!
Trial 181 finished with value: 12514010.754683953 and parameters: {'max_depth': 12, 'n_estimators': 87}. Best is trial 126 with value: 12511461.289126027.
Saved Losses
{'MSE - mean': 12401257.395562459, 'MSE - std': 0.0, 'R2 - mean': 0.514540824016779, 'R2 - std': 0.0} 
 

Saved Losses
{'MSE - mean': 12457786.58898256, 'MSE - std': 56529.19342010189, 'R2 - mean': 0.5151913049123086, 'R2 - std': 0.0006504808955295482} 
 

Saved Losses
{'MSE - mean': 12516019.16815195, 'MSE - std': 94405.68322894364, 'R2 - mean': 0.5135928240979714, 'R2 - std': 0.0023221467276151723} 
 

Saved Losses
{'MSE - mean': 12518606.380749254, 'MSE - std': 81880.43585932888, 'R2 - mean': 0.5141349197756853, 'R2 - std': 0.002219431738039878} 
 

Saved Losses
{'MSE - mean': 12521580.311460644, 'MSE - std': 73477.21876007252, 'R2 - mean': 0.5151926517525401, 'R2 - std': 0.002901015258715469} 
 

Saving model.....
Results After CV: {'MSE - mean': 12521580.311460644, 'MSE - std': 73477.21876007252, 'R2 - mean': 0.5151926517525401, 'R2 - std': 0.002901015258715469}
Train time: 67.15359895800066
Inference time: 0.41568865559966073
Finished cross validation
Hyperparam was saved!!! Hurrah!!!
Trial 182 finished with value: 12521580.311460644 and parameters: {'max_depth': 12, 'n_estimators': 87}. Best is trial 126 with value: 12511461.289126027.
Saved Losses
{'MSE - mean': 12393382.525333159, 'MSE - std': 0.0, 'R2 - mean': 0.5148490934035477, 'R2 - std': 0.0} 
 

Saved Losses
{'MSE - mean': 12455850.078675233, 'MSE - std': 62467.553342074156, 'R2 - mean': 0.5152680271287913, 'R2 - std': 0.0004189337252435976} 
 

Saved Losses
{'MSE - mean': 12511078.541041674, 'MSE - std': 93283.597652997, 'R2 - mean': 0.5137854225796231, 'R2 - std': 0.0021244378415303895} 
 

Saved Losses
{'MSE - mean': 12511846.404270582, 'MSE - std': 80796.91228710164, 'R2 - mean': 0.5143974483842002, 'R2 - std': 0.002123359098998469} 
 

Saved Losses
{'MSE - mean': 12516729.537072793, 'MSE - std': 72923.88341249943, 'R2 - mean': 0.5153813094214158, 'R2 - std': 0.002734749212056504} 
 

Saving model.....
Results After CV: {'MSE - mean': 12516729.537072793, 'MSE - std': 72923.88341249943, 'R2 - mean': 0.5153813094214158, 'R2 - std': 0.002734749212056504}
Train time: 77.58658244880208
Inference time: 0.45165897339902583
Finished cross validation
Hyperparam was saved!!! Hurrah!!!
Trial 183 finished with value: 12516729.537072793 and parameters: {'max_depth': 12, 'n_estimators': 96}. Best is trial 126 with value: 12511461.289126027.
Saved Losses
{'MSE - mean': 12431936.15839566, 'MSE - std': 0.0, 'R2 - mean': 0.5133398742703025, 'R2 - std': 0.0} 
 

Saved Losses
{'MSE - mean': 12509798.203671431, 'MSE - std': 77862.04527577199, 'R2 - mean': 0.5131720418863446, 'R2 - std': 0.0001678323839578444} 
 

Saved Losses
{'MSE - mean': 12570804.51169677, 'MSE - std': 107169.04699639863, 'R2 - mean': 0.5114671982354406, 'R2 - std': 0.002414904184598597} 
 

Saved Losses
{'MSE - mean': 12573747.048483403, 'MSE - std': 92950.94966598935, 'R2 - mean': 0.5119974975200465, 'R2 - std': 0.002284178990218245} 
 

Saved Losses
{'MSE - mean': 12575049.172249015, 'MSE - std': 83178.63511894945, 'R2 - mean': 0.5131239603242811, 'R2 - std': 0.003041324172918711} 
 

Saving model.....
Results After CV: {'MSE - mean': 12575049.172249015, 'MSE - std': 83178.63511894945, 'R2 - mean': 0.5131239603242811, 'R2 - std': 0.003041324172918711}
Train time: 65.96825756559846
Inference time: 0.40325097659806486
Finished cross validation
Hyperparam was saved!!! Hurrah!!!
Trial 184 finished with value: 12575049.172249015 and parameters: {'max_depth': 11, 'n_estimators': 90}. Best is trial 126 with value: 12511461.289126027.
Saved Losses
{'MSE - mean': 12389873.828757448, 'MSE - std': 0.0, 'R2 - mean': 0.5149864447135066, 'R2 - std': 0.0} 
 

Saved Losses
{'MSE - mean': 12454624.790132865, 'MSE - std': 64750.96137541812, 'R2 - mean': 0.5153162343357924, 'R2 - std': 0.0003297896222857477} 
 

Saved Losses
{'MSE - mean': 12512110.368444234, 'MSE - std': 96975.81189973358, 'R2 - mean': 0.5137459101616345, 'R2 - std': 0.002237038999928526} 
 

Saved Losses
{'MSE - mean': 12512363.367614944, 'MSE - std': 83984.6598847106, 'R2 - mean': 0.5143777454758827, 'R2 - std': 0.0022250629672875286} 
 

Saved Losses
{'MSE - mean': 12514677.64823507, 'MSE - std': 75260.62752804524, 'R2 - mean': 0.5154600812610306, 'R2 - std': 0.0029404977765614612} 
 

Saving model.....
Results After CV: {'MSE - mean': 12514677.64823507, 'MSE - std': 75260.62752804524, 'R2 - mean': 0.5154600812610306, 'R2 - std': 0.0029404977765614612}
Train time: 81.93441576580081
Inference time: 0.4751515929980087
Finished cross validation
Hyperparam was saved!!! Hurrah!!!
Trial 185 finished with value: 12514677.64823507 and parameters: {'max_depth': 12, 'n_estimators': 100}. Best is trial 126 with value: 12511461.289126027.
Saved Losses
{'MSE - mean': 12394071.750315668, 'MSE - std': 0.0, 'R2 - mean': 0.514822113027171, 'R2 - std': 0.0} 
 

Saved Losses
{'MSE - mean': 12457185.93309043, 'MSE - std': 63114.18277476169, 'R2 - mean': 0.5152161874272876, 'R2 - std': 0.00039407440011668404} 
 

Saved Losses
{'MSE - mean': 12513990.980112514, 'MSE - std': 95442.26935297606, 'R2 - mean': 0.5136725000727645, 'R2 - std': 0.0022066878012640253} 
 

Saved Losses
{'MSE - mean': 12515626.743379941, 'MSE - std': 82703.97359761944, 'R2 - mean': 0.5142510586630423, 'R2 - std': 0.0021578446228443455} 
 

Saved Losses
{'MSE - mean': 12515587.054311628, 'MSE - std': 73972.72537873105, 'R2 - mean': 0.5154239652731711, 'R2 - std': 0.0030377416607417556} 
 

Saving model.....
Results After CV: {'MSE - mean': 12515587.054311628, 'MSE - std': 73972.72537873105, 'R2 - mean': 0.5154239652731711, 'R2 - std': 0.0030377416607417556}
Train time: 79.78530480879999
Inference time: 0.4700252413982525
Finished cross validation
Hyperparam was saved!!! Hurrah!!!
Trial 186 finished with value: 12515587.054311628 and parameters: {'max_depth': 12, 'n_estimators': 100}. Best is trial 126 with value: 12511461.289126027.
Saved Losses
{'MSE - mean': 12437756.293282872, 'MSE - std': 0.0, 'R2 - mean': 0.5131120394793345, 'R2 - std': 0.0} 
 

Saved Losses
{'MSE - mean': 12507683.205334645, 'MSE - std': 69926.91205177363, 'R2 - mean': 0.5132525359885994, 'R2 - std': 0.0001404965092649535} 
 

Saved Losses
{'MSE - mean': 12566748.056036187, 'MSE - std': 101178.86075092529, 'R2 - mean': 0.5116234311497133, 'R2 - std': 0.002306756308088988} 
 

Saved Losses
{'MSE - mean': 12569182.508573439, 'MSE - std': 87724.86007175929, 'R2 - mean': 0.5121735166689743, 'R2 - std': 0.00221328392534336} 
 

Saved Losses
{'MSE - mean': 12570094.188965742, 'MSE - std': 78484.68324608711, 'R2 - mean': 0.5133147506006549, 'R2 - std': 0.0030213507136086603} 
 

Saving model.....
Results After CV: {'MSE - mean': 12570094.188965742, 'MSE - std': 78484.68324608711, 'R2 - mean': 0.5133147506006549, 'R2 - std': 0.0030213507136086603}
Train time: 78.47151663779951
Inference time: 0.4392006207999657
Finished cross validation
Hyperparam was saved!!! Hurrah!!!
Trial 187 finished with value: 12570094.188965742 and parameters: {'max_depth': 11, 'n_estimators': 100}. Best is trial 126 with value: 12511461.289126027.
Saved Losses
{'MSE - mean': 12408023.971712314, 'MSE - std': 0.0, 'R2 - mean': 0.5142759398701833, 'R2 - std': 0.0} 
 

Saved Losses
{'MSE - mean': 12465557.829640698, 'MSE - std': 57533.85792838503, 'R2 - mean': 0.5148891001988802, 'R2 - std': 0.00061316032869696} 
 

Saved Losses
{'MSE - mean': 12521491.875334056, 'MSE - std': 91999.98989494157, 'R2 - mean': 0.5133800417324775, 'R2 - std': 0.0021920672060489876} 
 

Saved Losses
{'MSE - mean': 12519485.00419804, 'MSE - std': 79750.11724613157, 'R2 - mean': 0.5141000386848237, 'R2 - std': 0.0022713555008056444} 
 

Saved Losses
{'MSE - mean': 12521893.275285196, 'MSE - std': 71493.10483630083, 'R2 - mean': 0.5151796983214513, 'R2 - std': 0.0029647772888841293} 
 

Saving model.....
Results After CV: {'MSE - mean': 12521893.275285196, 'MSE - std': 71493.10483630083, 'R2 - mean': 0.5151796983214513, 'R2 - std': 0.0029647772888841293}
Train time: 61.19877621399937
Inference time: 0.3968954505995498
Finished cross validation
Hyperparam was saved!!! Hurrah!!!
Trial 188 finished with value: 12521893.275285196 and parameters: {'max_depth': 12, 'n_estimators': 79}. Best is trial 126 with value: 12511461.289126027.
Saved Losses
{'MSE - mean': 12443470.724432912, 'MSE - std': 0.0, 'R2 - mean': 0.5128883425630603, 'R2 - std': 0.0} 
 

Saved Losses
{'MSE - mean': 12515735.116989626, 'MSE - std': 72264.3925567139, 'R2 - mean': 0.5129397133165239, 'R2 - std': 5.137075346367537e-05} 
 

Saved Losses
{'MSE - mean': 12572410.134959659, 'MSE - std': 99526.59750807568, 'R2 - mean': 0.5114034826405166, 'R2 - std': 0.0021729631112114454} 
 

Saved Losses
{'MSE - mean': 12575006.77658122, 'MSE - std': 86309.82187319914, 'R2 - mean': 0.5119475649176786, 'R2 - std': 0.0021046147117654264} 
 

Saved Losses
{'MSE - mean': 12577498.448767584, 'MSE - std': 77358.52895811731, 'R2 - mean': 0.5130287424212304, 'R2 - std': 0.0028669324450935306} 
 

Saving model.....
Results After CV: {'MSE - mean': 12577498.448767584, 'MSE - std': 77358.52895811731, 'R2 - mean': 0.5130287424212304, 'R2 - std': 0.0028669324450935306}
Train time: 65.06936517499999
Inference time: 0.3875212761995499
Finished cross validation
Hyperparam was saved!!! Hurrah!!!
Trial 189 finished with value: 12577498.448767584 and parameters: {'max_depth': 11, 'n_estimators': 83}. Best is trial 126 with value: 12511461.289126027.
Saved Losses
{'MSE - mean': 12392296.762109775, 'MSE - std': 0.0, 'R2 - mean': 0.5148915966516396, 'R2 - std': 0.0} 
 

Saved Losses
{'MSE - mean': 12458115.661022115, 'MSE - std': 65818.8989123404, 'R2 - mean': 0.5151806239195686, 'R2 - std': 0.0002890272679290651} 
 

Saved Losses
{'MSE - mean': 12516456.30523411, 'MSE - std': 98464.95063471292, 'R2 - mean': 0.5135772637579367, 'R2 - std': 0.002279740948051291} 
 

Saved Losses
{'MSE - mean': 12519299.114830175, 'MSE - std': 85415.18937999717, 'R2 - mean': 0.5141091441019742, 'R2 - std': 0.002178670281108824} 
 

Saved Losses
{'MSE - mean': 12521386.359873325, 'MSE - std': 76511.63329152786, 'R2 - mean': 0.5152007174208496, 'R2 - std': 0.002926330910364128} 
 

Saving model.....
Results After CV: {'MSE - mean': 12521386.359873325, 'MSE - std': 76511.63329152786, 'R2 - mean': 0.5152007174208496, 'R2 - std': 0.002926330910364128}
Train time: 67.82157359380071
Inference time: 0.41887204779923193
Finished cross validation
Hyperparam was saved!!! Hurrah!!!
Trial 190 finished with value: 12521386.359873325 and parameters: {'max_depth': 12, 'n_estimators': 87}. Best is trial 126 with value: 12511461.289126027.
Saved Losses
{'MSE - mean': 12393553.324027348, 'MSE - std': 0.0, 'R2 - mean': 0.5148424073240079, 'R2 - std': 0.0} 
 

Saved Losses
{'MSE - mean': 12455478.825833347, 'MSE - std': 61925.50180599745, 'R2 - mean': 0.5152823512081965, 'R2 - std': 0.0004399438841886649} 
 

Saved Losses
{'MSE - mean': 12516229.734784326, 'MSE - std': 99688.80441666151, 'R2 - mean': 0.5135857317520962, 'R2 - std': 0.0024261221950112894} 
 

Saved Losses
{'MSE - mean': 12518997.525415752, 'MSE - std': 86466.03546743542, 'R2 - mean': 0.5141205848125936, 'R2 - std': 0.0022962480414396086} 
 

Saved Losses
{'MSE - mean': 12518394.568871556, 'MSE - std': 77346.97445887196, 'R2 - mean': 0.5153153343311974, 'R2 - std': 0.0031508585660210506} 
 

Saving model.....
Results After CV: {'MSE - mean': 12518394.568871556, 'MSE - std': 77346.97445887196, 'R2 - mean': 0.5153153343311974, 'R2 - std': 0.0031508585660210506}
Train time: 82.89819828720064
Inference time: 0.4917166868006461
Finished cross validation
Hyperparam was saved!!! Hurrah!!!
Trial 191 finished with value: 12518394.568871556 and parameters: {'max_depth': 12, 'n_estimators': 100}. Best is trial 126 with value: 12511461.289126027.
Saved Losses
{'MSE - mean': 12444520.652751498, 'MSE - std': 0.0, 'R2 - mean': 0.5128472421068626, 'R2 - std': 0.0} 
 

Saved Losses
{'MSE - mean': 12512126.188046591, 'MSE - std': 67605.53529509343, 'R2 - mean': 0.513079096586739, 'R2 - std': 0.00023185447987639218} 
 

Saved Losses
{'MSE - mean': 12570214.411438277, 'MSE - std': 98972.16272919909, 'R2 - mean': 0.5114882568556117, 'R2 - std': 0.0022577377542189006} 
 

Saved Losses
{'MSE - mean': 12570796.04197025, 'MSE - std': 85718.3272626016, 'R2 - mean': 0.5121102613133848, 'R2 - std': 0.002232420986639394} 
 

Saved Losses
{'MSE - mean': 12570177.71881714, 'MSE - std': 76678.77540131594, 'R2 - mean': 0.5133104382151414, 'R2 - std': 0.0031222846044699896} 
 

Saving model.....
Results After CV: {'MSE - mean': 12570177.71881714, 'MSE - std': 76678.77540131594, 'R2 - mean': 0.5133104382151414, 'R2 - std': 0.0031222846044699896}
Train time: 67.94129229340032
Inference time: 0.4046444920008071
Finished cross validation
Hyperparam was saved!!! Hurrah!!!
Trial 192 finished with value: 12570177.71881714 and parameters: {'max_depth': 11, 'n_estimators': 93}. Best is trial 126 with value: 12511461.289126027.
Saved Losses
{'MSE - mean': 12407758.484778823, 'MSE - std': 0.0, 'R2 - mean': 0.5142863326121332, 'R2 - std': 0.0} 
 

Saved Losses
{'MSE - mean': 12460440.04768822, 'MSE - std': 52681.562909396365, 'R2 - mean': 0.515087159477656, 'R2 - std': 0.0008008268655228523} 
 

Saved Losses
{'MSE - mean': 12519217.18201542, 'MSE - std': 93593.45286835135, 'R2 - mean': 0.513468007665569, 'R2 - std': 0.002381355557982028} 
 

Saved Losses
{'MSE - mean': 12521647.710024515, 'MSE - std': 81163.55841185251, 'R2 - mean': 0.5140164576435943, 'R2 - std': 0.0022705798500244003} 
 

Saved Losses
{'MSE - mean': 12523090.09787169, 'MSE - std': 72652.18855661583, 'R2 - mean': 0.5151332836512452, 'R2 - std': 0.0030188785351073183} 
 

Saving model.....
Results After CV: {'MSE - mean': 12523090.09787169, 'MSE - std': 72652.18855661583, 'R2 - mean': 0.5151332836512452, 'R2 - std': 0.0030188785351073183}
Train time: 68.4280472138009
Inference time: 0.4316017816032399
Finished cross validation
Hyperparam was saved!!! Hurrah!!!
Trial 193 finished with value: 12523090.09787169 and parameters: {'max_depth': 12, 'n_estimators': 90}. Best is trial 126 with value: 12511461.289126027.
Saved Losses
{'MSE - mean': 12393064.520410901, 'MSE - std': 0.0, 'R2 - mean': 0.514861542012797, 'R2 - std': 0.0} 
 

Saved Losses
{'MSE - mean': 12458272.866326123, 'MSE - std': 65208.34591522347, 'R2 - mean': 0.5151743662369905, 'R2 - std': 0.00031282422419348643} 
 

Saved Losses
{'MSE - mean': 12513565.89015341, 'MSE - std': 94601.2115105437, 'R2 - mean': 0.5136891793035742, 'R2 - std': 0.002115844933955006} 
 

Saved Losses
{'MSE - mean': 12515090.725623261, 'MSE - std': 81969.61195514664, 'R2 - mean': 0.5142719645187686, 'R2 - std': 0.0020920123468934856} 
 

Saved Losses
{'MSE - mean': 12515746.466495063, 'MSE - std': 73327.57879287748, 'R2 - mean': 0.5154181353422971, 'R2 - std': 0.0029590611271949788} 
 

Saving model.....
Results After CV: {'MSE - mean': 12515746.466495063, 'MSE - std': 73327.57879287748, 'R2 - mean': 0.5154181353422971, 'R2 - std': 0.0029590611271949788}
Train time: 68.19726758640027
Inference time: 0.4293359477989725
Finished cross validation
Hyperparam was saved!!! Hurrah!!!
Trial 194 finished with value: 12515746.466495063 and parameters: {'max_depth': 12, 'n_estimators': 83}. Best is trial 126 with value: 12511461.289126027.
Saved Losses
{'MSE - mean': 12391724.735235473, 'MSE - std': 0.0, 'R2 - mean': 0.5149139891950876, 'R2 - std': 0.0} 
 

Saved Losses
{'MSE - mean': 12461776.126629882, 'MSE - std': 70051.39139440935, 'R2 - mean': 0.515039137433405, 'R2 - std': 0.0001251482383174407} 
 

Saved Losses
{'MSE - mean': 12514552.018660625, 'MSE - std': 94032.19936175991, 'R2 - mean': 0.5136513253666085, 'R2 - std': 0.0019653208524804777} 
 

Saved Losses
{'MSE - mean': 12514114.186276272, 'MSE - std': 81437.80436135101, 'R2 - mean': 0.5143099156817751, 'R2 - std': 0.0020489236563594956} 
 

Saved Losses
{'MSE - mean': 12513114.929961031, 'MSE - std': 72867.5979849229, 'R2 - mean': 0.5155194433091131, 'R2 - std': 0.0030348474170620527} 
 

Saving model.....
Results After CV: {'MSE - mean': 12513114.929961031, 'MSE - std': 72867.5979849229, 'R2 - mean': 0.5155194433091131, 'R2 - std': 0.0030348474170620527}
Train time: 64.5195507320008
Inference time: 0.4212036045995774
Finished cross validation
Hyperparam was saved!!! Hurrah!!!
Trial 195 finished with value: 12513114.929961031 and parameters: {'max_depth': 12, 'n_estimators': 84}. Best is trial 126 with value: 12511461.289126027.
Saved Losses
{'MSE - mean': 12395669.43111422, 'MSE - std': 0.0, 'R2 - mean': 0.5147595702720931, 'R2 - std': 0.0} 
 

Saved Losses
{'MSE - mean': 12461036.196237884, 'MSE - std': 65366.7651236644, 'R2 - mean': 0.5150668615420799, 'R2 - std': 0.0003072912699868535} 
 

Saved Losses
{'MSE - mean': 12521499.749914015, 'MSE - std': 100797.94294253983, 'R2 - mean': 0.5133814124746766, 'R2 - std': 0.0023967538604040507} 
 

Saved Losses
{'MSE - mean': 12520695.142305488, 'MSE - std': 87304.70294489719, 'R2 - mean': 0.5140545140669022, 'R2 - std': 0.0023806551747136643} 
 

Saved Losses
{'MSE - mean': 12519506.16750944, 'MSE - std': 78123.89883575917, 'R2 - mean': 0.515271929192788, 'R2 - std': 0.003234565442784365} 
 

Saving model.....
Results After CV: {'MSE - mean': 12519506.16750944, 'MSE - std': 78123.89883575917, 'R2 - mean': 0.515271929192788, 'R2 - std': 0.003234565442784365}
Train time: 58.49895693499857
Inference time: 0.38332679780141915
Finished cross validation
Hyperparam was saved!!! Hurrah!!!
Trial 196 finished with value: 12519506.16750944 and parameters: {'max_depth': 12, 'n_estimators': 75}. Best is trial 126 with value: 12511461.289126027.
Saved Losses
{'MSE - mean': 12440564.019167058, 'MSE - std': 0.0, 'R2 - mean': 0.5130021283428547, 'R2 - std': 0.0} 
 

Saved Losses
{'MSE - mean': 12517706.001408666, 'MSE - std': 77141.98224160913, 'R2 - mean': 0.5128641281289236, 'R2 - std': 0.00013800021393117756} 
 

Saved Losses
{'MSE - mean': 12571678.213350415, 'MSE - std': 98960.88254059518, 'R2 - mean': 0.511432384437222, 'R2 - std': 0.002027924070772364} 
 

Saved Losses
{'MSE - mean': 12572910.23655328, 'MSE - std': 85729.20067530837, 'R2 - mean': 0.5120290676557719, 'R2 - std': 0.0020377560250213443} 
 

Saved Losses
{'MSE - mean': 12571892.95112924, 'MSE - std': 76705.51582042636, 'R2 - mean': 0.5132445677766364, 'R2 - std': 0.003038374873068558} 
 

Saving model.....
Results After CV: {'MSE - mean': 12571892.95112924, 'MSE - std': 76705.51582042636, 'R2 - mean': 0.5132445677766364, 'R2 - std': 0.003038374873068558}
Train time: 63.9087946004016
Inference time: 0.3935366196004907
Finished cross validation
Hyperparam was saved!!! Hurrah!!!
Trial 197 finished with value: 12571892.95112924 and parameters: {'max_depth': 11, 'n_estimators': 83}. Best is trial 126 with value: 12511461.289126027.
Saved Losses
{'MSE - mean': 12402096.68319472, 'MSE - std': 0.0, 'R2 - mean': 0.5145079692933123, 'R2 - std': 0.0} 
 

Saved Losses
{'MSE - mean': 12455063.689840537, 'MSE - std': 52967.00664581731, 'R2 - mean': 0.5152964573487119, 'R2 - std': 0.0007884880553995499} 
 

Saved Losses
{'MSE - mean': 12515335.87613923, 'MSE - std': 95581.42468315066, 'R2 - mean': 0.5136190531806418, 'R2 - std': 0.0024580164961046317} 
 

Saved Losses
{'MSE - mean': 12514367.752990732, 'MSE - std': 82792.92449018554, 'R2 - mean': 0.5142986357841524, 'R2 - std': 0.0024324640524217302} 
 

Saved Losses
{'MSE - mean': 12515548.184076319, 'MSE - std': 74089.86669377479, 'R2 - mean': 0.515424898183458, 'R2 - std': 0.0031316725661247984} 
 

Saving model.....
Results After CV: {'MSE - mean': 12515548.184076319, 'MSE - std': 74089.86669377479, 'R2 - mean': 0.515424898183458, 'R2 - std': 0.0031316725661247984}
Train time: 58.58597110180126
Inference time: 0.390599433000898
Finished cross validation
Hyperparam was saved!!! Hurrah!!!
