Trial 94 finished with value: 618.4952337832549 and parameters: {'max_depth': 9, 'n_estimators': 65}. Best is trial 89 with value: 610.7236509508818.
Saved Losses
{'MSE - mean': 653.7149537028945, 'MSE - std': 0.0, 'R2 - mean': 0.9239919371345855, 'R2 - std': 0.0} 
 

Saved Losses
{'MSE - mean': 628.337446392826, 'MSE - std': 25.377507310068438, 'R2 - mean': 0.9225376948931822, 'R2 - std': 0.0014542422414033362} 
 

Saved Losses
{'MSE - mean': 600.2097808390608, 'MSE - std': 44.851715580610545, 'R2 - mean': 0.9288795525537585, 'R2 - std': 0.009046999364714352} 
 

Saved Losses
{'MSE - mean': 608.8612905349911, 'MSE - std': 41.632957533056796, 'R2 - mean': 0.9275514024469308, 'R2 - std': 0.008165665695315703} 
 

Saved Losses
{'MSE - mean': 615.7289365803056, 'MSE - std': 39.69005884569014, 'R2 - mean': 0.925916867643398, 'R2 - std': 0.0080018306089273} 
 

Saving model.....
Results After CV: {'MSE - mean': 615.7289365803056, 'MSE - std': 39.69005884569014, 'R2 - mean': 0.925916867643398, 'R2 - std': 0.0080018306089273}
Train time: 0.9681886770000006
Inference time: 0.0370684229999938
Finished cross validation
Hyperparam was saved!!! Hurrah!!!
Trial 95 finished with value: 615.7289365803056 and parameters: {'max_depth': 11, 'n_estimators': 98}. Best is trial 89 with value: 610.7236509508818.
Saved Losses
{'MSE - mean': 652.7256440678884, 'MSE - std': 0.0, 'R2 - mean': 0.9241069651120012, 'R2 - std': 0.0} 
 

Saved Losses
{'MSE - mean': 633.6513122103759, 'MSE - std': 19.074331857512618, 'R2 - mean': 0.9218349786178088, 'R2 - std': 0.002271986494192413} 
 

Saved Losses
{'MSE - mean': 601.826183172228, 'MSE - std': 47.62594986415713, 'R2 - mean': 0.928618002961522, 'R2 - std': 0.009770369504169573} 
 

Saved Losses
{'MSE - mean': 611.2366083871891, 'MSE - std': 44.34908830547181, 'R2 - mean': 0.9272152108730833, 'R2 - std': 0.008803327048120126} 
 

Saved Losses
{'MSE - mean': 617.8054765324244, 'MSE - std': 41.78604338363689, 'R2 - mean': 0.9256258180138385, 'R2 - std': 0.00849137988415331} 
 

Saving model.....
Results After CV: {'MSE - mean': 617.8054765324244, 'MSE - std': 41.78604338363689, 'R2 - mean': 0.9256258180138385, 'R2 - std': 0.00849137988415331}
Train time: 0.7358642614000018
Inference time: 0.026541414400003304
Finished cross validation
Hyperparam was saved!!! Hurrah!!!
Trial 96 finished with value: 617.8054765324244 and parameters: {'max_depth': 12, 'n_estimators': 55}. Best is trial 89 with value: 610.7236509508818.
Saved Losses
{'MSE - mean': 652.029819992139, 'MSE - std': 0.0, 'R2 - mean': 0.9241878692427592, 'R2 - std': 0.0} 
 

Saved Losses
{'MSE - mean': 630.9409404972507, 'MSE - std': 21.088879494888317, 'R2 - mean': 0.9221846339133457, 'R2 - std': 0.002003235329413544} 
 

Saved Losses
{'MSE - mean': 593.4230485857526, 'MSE - std': 55.78241944554741, 'R2 - mean': 0.9295597348482768, 'R2 - std': 0.010557439499748595} 
 

Saved Losses
{'MSE - mean': 606.5584203761342, 'MSE - std': 53.398246372085126, 'R2 - mean': 0.9277259574420134, 'R2 - std': 0.00967899092469386} 
 

Saved Losses
{'MSE - mean': 612.3419601432504, 'MSE - std': 49.141586273159525, 'R2 - mean': 0.926250128218364, 'R2 - std': 0.009146506428454219} 
 

Saving model.....
Results After CV: {'MSE - mean': 612.3419601432504, 'MSE - std': 49.141586273159525, 'R2 - mean': 0.926250128218364, 'R2 - std': 0.009146506428454219}
Train time: 0.8976354303999983
Inference time: 0.032411991599997234
Finished cross validation
Hyperparam was saved!!! Hurrah!!!
Trial 97 finished with value: 612.3419601432504 and parameters: {'max_depth': 10, 'n_estimators': 78}. Best is trial 89 with value: 610.7236509508818.
Saved Losses
{'MSE - mean': 1680.3731787954557, 'MSE - std': 0.0, 'R2 - mean': 0.8046214034300804, 'R2 - std': 0.0} 
 

Saved Losses
{'MSE - mean': 1495.2935041309806, 'MSE - std': 185.07967466447496, 'R2 - mean': 0.8165690586908954, 'R2 - std': 0.011947655260815038} 
 

Saved Losses
{'MSE - mean': 1486.022663421675, 'MSE - std': 151.68461015383173, 'R2 - mean': 0.8251624765812332, 'R2 - std': 0.015583901080820778} 
 

Saved Losses
{'MSE - mean': 1520.5588709166746, 'MSE - std': 144.3413128752575, 'R2 - mean': 0.8199836335052406, 'R2 - std': 0.016205083353376226} 
 

Saved Losses
{'MSE - mean': 1509.9883856428885, 'MSE - std': 130.8222928928234, 'R2 - mean': 0.8191932351572062, 'R2 - std': 0.014580216026732925} 
 

Saving model.....
Results After CV: {'MSE - mean': 1509.9883856428885, 'MSE - std': 130.8222928928234, 'R2 - mean': 0.8191932351572062, 'R2 - std': 0.014580216026732925}
Train time: 0.2693892504000132
Inference time: 0.026379773999997268
Finished cross validation
Hyperparam was saved!!! Hurrah!!!
Trial 98 finished with value: 1509.9883856428885 and parameters: {'max_depth': 2, 'n_estimators': 77}. Best is trial 89 with value: 610.7236509508818.
Saved Losses
{'MSE - mean': 659.3455372384683, 'MSE - std': 0.0, 'R2 - mean': 0.9233372638019399, 'R2 - std': 0.0} 
 

Saved Losses
{'MSE - mean': 646.9751140785197, 'MSE - std': 12.370423159948643, 'R2 - mean': 0.9201394954757016, 'R2 - std': 0.003197768326238304} 
 

Saved Losses
{'MSE - mean': 609.2012767012046, 'MSE - std': 54.366752951779446, 'R2 - mean': 0.9276496244428758, 'R2 - std': 0.010937148732006966} 
 

Saved Losses
{'MSE - mean': 620.9520234629493, 'MSE - std': 51.293742486445964, 'R2 - mean': 0.9259851538925461, 'R2 - std': 0.009900873871950707} 
 

Saved Losses
{'MSE - mean': 621.188555613114, 'MSE - std': 45.88095688240287, 'R2 - mean': 0.9251919394383451, 'R2 - std': 0.008996588210206926} 
 

Saving model.....
Results After CV: {'MSE - mean': 621.188555613114, 'MSE - std': 45.88095688240287, 'R2 - mean': 0.9251919394383451, 'R2 - std': 0.008996588210206926}
Train time: 0.7601651956000068
Inference time: 0.02671090900000763
Finished cross validation
Hyperparam was saved!!! Hurrah!!!
Trial 99 finished with value: 621.188555613114 and parameters: {'max_depth': 10, 'n_estimators': 70}. Best is trial 89 with value: 610.7236509508818.
Saved Losses
{'MSE - mean': 648.3478275777339, 'MSE - std': 0.0, 'R2 - mean': 0.9246159780221574, 'R2 - std': 0.0} 
 

Saved Losses
{'MSE - mean': 618.2558671221987, 'MSE - std': 30.091960455535343, 'R2 - mean': 0.9238179818145942, 'R2 - std': 0.0007979962075633229} 
 

Saved Losses
{'MSE - mean': 586.7517978541908, 'MSE - std': 50.87923758199602, 'R2 - mean': 0.9304568219264434, 'R2 - std': 0.009411319143789357} 
 

Saved Losses
{'MSE - mean': 603.5864833152971, 'MSE - std': 52.83694272397908, 'R2 - mean': 0.9281541761173179, 'R2 - std': 0.009073931297213064} 
 

Saved Losses
{'MSE - mean': 615.0005017149946, 'MSE - std': 52.48345717698266, 'R2 - mean': 0.9259614587860134, 'R2 - std': 0.00922502143787452} 
 

Saving model.....
Results After CV: {'MSE - mean': 615.0005017149946, 'MSE - std': 52.48345717698266, 'R2 - mean': 0.9259614587860134, 'R2 - std': 0.00922502143787452}
Train time: 0.9160299237999994
Inference time: 0.03678590239998129
Finished cross validation
Hyperparam was saved!!! Hurrah!!!
Trial 100 finished with value: 615.0005017149946 and parameters: {'max_depth': 9, 'n_estimators': 91}. Best is trial 89 with value: 610.7236509508818.
Saved Losses
{'MSE - mean': 649.2369808875053, 'MSE - std': 0.0, 'R2 - mean': 0.9245125953164639, 'R2 - std': 0.0} 
 

Saved Losses
{'MSE - mean': 623.9573973963262, 'MSE - std': 25.279583491179096, 'R2 - mean': 0.9230782503411525, 'R2 - std': 0.001434344975311308} 
 

Saved Losses
{'MSE - mean': 590.827123698754, 'MSE - std': 51.198323197253366, 'R2 - mean': 0.9299341991020323, 'R2 - std': 0.009766249561410562} 
 

Saved Losses
{'MSE - mean': 603.899231229861, 'MSE - std': 49.785451786363005, 'R2 - mean': 0.9280925613606311, 'R2 - std': 0.0090393368995449} 
 

Saved Losses
{'MSE - mean': 612.5070302350525, 'MSE - std': 47.74148911076113, 'R2 - mean': 0.9262560698317094, 'R2 - std': 0.008880230504327232} 
 

Saving model.....
Results After CV: {'MSE - mean': 612.5070302350525, 'MSE - std': 47.74148911076113, 'R2 - mean': 0.9262560698317094, 'R2 - std': 0.008880230504327232}
Train time: 1.0922056951999934
Inference time: 0.03609989900000983
Finished cross validation
Hyperparam was saved!!! Hurrah!!!
Trial 101 finished with value: 612.5070302350525 and parameters: {'max_depth': 11, 'n_estimators': 86}. Best is trial 89 with value: 610.7236509508818.
Saved Losses
{'MSE - mean': 645.4269477259878, 'MSE - std': 0.0, 'R2 - mean': 0.9249555915159842, 'R2 - std': 0.0} 
 

Saved Losses
{'MSE - mean': 628.512862684868, 'MSE - std': 16.914085041119847, 'R2 - mean': 0.9224541882464716, 'R2 - std': 0.002501403269512481} 
 

Saved Losses
{'MSE - mean': 597.9186402638325, 'MSE - std': 45.417365323714456, 'R2 - mean': 0.929082580699434, 'R2 - std': 0.009593879224039734} 
 

Saved Losses
{'MSE - mean': 612.4087430463975, 'MSE - std': 46.657711481154955, 'R2 - mean': 0.9270696601334811, 'R2 - std': 0.009010407123909712} 
 

Saved Losses
{'MSE - mean': 620.5130940883766, 'MSE - std': 44.76913731325944, 'R2 - mean': 0.9252875296496692, 'R2 - std': 0.008812145339031269} 
 

Saving model.....
Results After CV: {'MSE - mean': 620.5130940883766, 'MSE - std': 44.76913731325944, 'R2 - mean': 0.9252875296496692, 'R2 - std': 0.008812145339031269}
Train time: 0.8691399525999941
Inference time: 0.03288067779999437
Finished cross validation
Hyperparam was saved!!! Hurrah!!!
Trial 102 finished with value: 620.5130940883766 and parameters: {'max_depth': 10, 'n_estimators': 80}. Best is trial 89 with value: 610.7236509508818.
Saved Losses
{'MSE - mean': 651.7263415233256, 'MSE - std': 0.0, 'R2 - mean': 0.9242231549745682, 'R2 - std': 0.0} 
 

Saved Losses
{'MSE - mean': 627.7515951768839, 'MSE - std': 23.97474634644169, 'R2 - mean': 0.9225998444599033, 'R2 - std': 0.0016233105146648552} 
 

Saved Losses
{'MSE - mean': 595.4110468489062, 'MSE - std': 49.74951698820139, 'R2 - mean': 0.9293945525408424, 'R2 - std': 0.009700148134352087} 
 

Saved Losses
{'MSE - mean': 605.7647926421189, 'MSE - std': 46.66755817772036, 'R2 - mean': 0.9278771441358942, 'R2 - std': 0.008802115664628787} 
 

Saved Losses
{'MSE - mean': 613.5516264720594, 'MSE - std': 44.55140753553312, 'R2 - mean': 0.9261398717742402, 'R2 - std': 0.008605478090906313} 
 

Saving model.....
Results After CV: {'MSE - mean': 613.5516264720594, 'MSE - std': 44.55140753553312, 'R2 - mean': 0.9261398717742402, 'R2 - std': 0.008605478090906313}
Train time: 1.2953200844000208
Inference time: 0.03967647240001497
Finished cross validation
Hyperparam was saved!!! Hurrah!!!
Trial 103 finished with value: 613.5516264720594 and parameters: {'max_depth': 12, 'n_estimators': 100}. Best is trial 89 with value: 610.7236509508818.
Saved Losses
{'MSE - mean': 645.480811843012, 'MSE - std': 0.0, 'R2 - mean': 0.9249493286835833, 'R2 - std': 0.0} 
 

Saved Losses
{'MSE - mean': 630.6094824612911, 'MSE - std': 14.871329381720898, 'R2 - mean': 0.9221801721525346, 'R2 - std': 0.0027691565310487} 
 

Saved Losses
{'MSE - mean': 595.3326766204649, 'MSE - std': 51.345337526554324, 'R2 - mean': 0.9293278711299294, 'R2 - std': 0.010358153950964035} 
 

Saved Losses
{'MSE - mean': 607.882149106353, 'MSE - std': 49.4947021741623, 'R2 - mean': 0.9275651223347168, 'R2 - std': 0.009475777799155906} 
 

Saved Losses
{'MSE - mean': 616.8288639694449, 'MSE - std': 47.74887707593868, 'R2 - mean': 0.9256917904449621, 'R2 - std': 0.00926659491916365} 
 

Saving model.....
Results After CV: {'MSE - mean': 616.8288639694449, 'MSE - std': 47.74887707593868, 'R2 - mean': 0.9256917904449621, 'R2 - std': 0.00926659491916365}
Train time: 1.08511423220001
Inference time: 0.038844307400017895
Finished cross validation
Hyperparam was saved!!! Hurrah!!!
Trial 104 finished with value: 616.8288639694449 and parameters: {'max_depth': 11, 'n_estimators': 100}. Best is trial 89 with value: 610.7236509508818.
Saved Losses
{'MSE - mean': 658.0282678389996, 'MSE - std': 0.0, 'R2 - mean': 0.9234904239748232, 'R2 - std': 0.0} 
 

Saved Losses
{'MSE - mean': 632.964508783461, 'MSE - std': 25.063759055538583, 'R2 - mean': 0.9219636069508469, 'R2 - std': 0.001526817023976279} 
 

Saved Losses
{'MSE - mean': 595.9499156352036, 'MSE - std': 56.20458068987597, 'R2 - mean': 0.9292858508109636, 'R2 - std': 0.010429986758245111} 
 

Saved Losses
{'MSE - mean': 607.6255293587441, 'MSE - std': 52.708405737202554, 'R2 - mean': 0.9276202421825939, 'R2 - std': 0.00948215292755684} 
 

Saved Losses
{'MSE - mean': 615.8056660469466, 'MSE - std': 49.901897491345565, 'R2 - mean': 0.9258384055372275, 'R2 - std': 0.009199388383818834} 
 

Saving model.....
Results After CV: {'MSE - mean': 615.8056660469466, 'MSE - std': 49.901897491345565, 'R2 - mean': 0.9258384055372275, 'R2 - std': 0.009199388383818834}
Train time: 0.8352980448000039
Inference time: 0.03384659760000659
Finished cross validation
Hyperparam was saved!!! Hurrah!!!
Trial 105 finished with value: 615.8056660469466 and parameters: {'max_depth': 9, 'n_estimators': 93}. Best is trial 89 with value: 610.7236509508818.
Saved Losses
{'MSE - mean': 643.1327430838207, 'MSE - std': 0.0, 'R2 - mean': 0.925222340883855, 'R2 - std': 0.0} 
 

Saved Losses
{'MSE - mean': 628.6999896864515, 'MSE - std': 14.432753397369197, 'R2 - mean': 0.9224129364507843, 'R2 - std': 0.0028094044330707613} 
 

Saved Losses
{'MSE - mean': 600.813854040876, 'MSE - std': 41.159964806914, 'R2 - mean': 0.928757450221578, 'R2 - std': 0.009261076907571626} 
 

Saved Losses
{'MSE - mean': 611.8051353999056, 'MSE - std': 40.41078847189027, 'R2 - mean': 0.9271599297868203, 'R2 - std': 0.008484213206560367} 
 

Saved Losses
{'MSE - mean': 617.8638517087344, 'MSE - std': 38.12161635056099, 'R2 - mean': 0.9256312853702979, 'R2 - std': 0.00818122936948711} 
 

Saving model.....
Results After CV: {'MSE - mean': 617.8638517087344, 'MSE - std': 38.12161635056099, 'R2 - mean': 0.9256312853702979, 'R2 - std': 0.00818122936948711}
Train time: 0.6110806356000011
Inference time: 0.02515904300000784
Finished cross validation
Hyperparam was saved!!! Hurrah!!!
Trial 106 finished with value: 617.8638517087344 and parameters: {'max_depth': 10, 'n_estimators': 66}. Best is trial 89 with value: 610.7236509508818.
Saved Losses
{'MSE - mean': 655.3960382179827, 'MSE - std': 0.0, 'R2 - mean': 0.9237964758302645, 'R2 - std': 0.0} 
 

Saved Losses
{'MSE - mean': 633.731519216913, 'MSE - std': 21.66451900106972, 'R2 - mean': 0.9218439894717811, 'R2 - std': 0.0019524863584833851} 
 

Saved Losses
{'MSE - mean': 600.813320286664, 'MSE - std': 49.800768708806366, 'R2 - mean': 0.9287385659059657, 'R2 - std': 0.009879870296061816} 
 

Saved Losses
{'MSE - mean': 611.8748583585655, 'MSE - std': 47.19279920220239, 'R2 - mean': 0.9271373235727665, 'R2 - std': 0.00899448769131081} 
 

Saved Losses
{'MSE - mean': 620.5705661614098, 'MSE - std': 45.65292514178374, 'R2 - mean': 0.9252809211743553, 'R2 - std': 0.008860336704810843} 
 

Saving model.....
Results After CV: {'MSE - mean': 620.5705661614098, 'MSE - std': 45.65292514178374, 'R2 - mean': 0.9252809211743553, 'R2 - std': 0.008860336704810843}
Train time: 0.621210036399998
Inference time: 0.02655608540000003
Finished cross validation
Hyperparam was saved!!! Hurrah!!!
Trial 107 finished with value: 620.5705661614098 and parameters: {'max_depth': 12, 'n_estimators': 60}. Best is trial 89 with value: 610.7236509508818.
Saved Losses
{'MSE - mean': 649.6648429462567, 'MSE - std': 0.0, 'R2 - mean': 0.9244628473856952, 'R2 - std': 0.0} 
 

Saved Losses
{'MSE - mean': 628.0180061777355, 'MSE - std': 21.64683676852127, 'R2 - mean': 0.922549915851652, 'R2 - std': 0.0019129315340431496} 
 

Saved Losses
{'MSE - mean': 599.2546538840371, 'MSE - std': 44.35145129227997, 'R2 - mean': 0.9289674304382886, 'R2 - std': 0.009209154411526775} 
 

Saved Losses
{'MSE - mean': 616.6465376263698, 'MSE - std': 48.8131261457312, 'R2 - mean': 0.9265937027652467, 'R2 - std': 0.008972744447982541} 
 

Saved Losses
{'MSE - mean': 628.0870929947708, 'MSE - std': 49.29221293313028, 'R2 - mean': 0.9243823536744348, 'R2 - std': 0.009163425863113554} 
 

Saving model.....
Results After CV: {'MSE - mean': 628.0870929947708, 'MSE - std': 49.29221293313028, 'R2 - mean': 0.9243823536744348, 'R2 - std': 0.009163425863113554}
Train time: 0.30519539840000787
Inference time: 0.017061029199987844
Finished cross validation
Hyperparam was saved!!! Hurrah!!!
Trial 108 finished with value: 628.0870929947708 and parameters: {'max_depth': 8, 'n_estimators': 33}. Best is trial 89 with value: 610.7236509508818.
Saved Losses
{'MSE - mean': 655.4225063816689, 'MSE - std': 0.0, 'R2 - mean': 0.9237933983515592, 'R2 - std': 0.0} 
 

Saved Losses
{'MSE - mean': 628.4257891395473, 'MSE - std': 26.996717242121633, 'R2 - mean': 0.9225386069108177, 'R2 - std': 0.0012547914407414762} 
 

Saved Losses
{'MSE - mean': 596.2074055798157, 'MSE - std': 50.61551448226789, 'R2 - mean': 0.9293164606490169, 'R2 - std': 0.00963993103187711} 
 

Saved Losses
{'MSE - mean': 611.4391700629487, 'MSE - std': 51.161193081645365, 'R2 - mean': 0.9272072815861632, 'R2 - std': 0.009112744464871836} 
 

Saved Losses
{'MSE - mean': 618.7620116770792, 'MSE - std': 48.046541803260716, 'R2 - mean': 0.9255198904681773, 'R2 - std': 0.008821725709058972} 
 

Saving model.....
Results After CV: {'MSE - mean': 618.7620116770792, 'MSE - std': 48.046541803260716, 'R2 - mean': 0.9255198904681773, 'R2 - std': 0.008821725709058972}
Train time: 0.9237309533999906
Inference time: 0.035709619799990835
Finished cross validation
Hyperparam was saved!!! Hurrah!!!
Trial 109 finished with value: 618.7620116770792 and parameters: {'max_depth': 10, 'n_estimators': 84}. Best is trial 89 with value: 610.7236509508818.
Saved Losses
{'MSE - mean': 649.1054998124805, 'MSE - std': 0.0, 'R2 - mean': 0.9245278827468026, 'R2 - std': 0.0} 
 

Saved Losses
{'MSE - mean': 632.2685876688103, 'MSE - std': 16.836912143670247, 'R2 - mean': 0.9219895053677045, 'R2 - std': 0.002538377379098178} 
 

Saved Losses
{'MSE - mean': 601.8099432665134, 'MSE - std': 45.215547967562244, 'R2 - mean': 0.9286237352063234, 'R2 - std': 0.009608412160656669} 
 

Saved Losses
{'MSE - mean': 613.6995700537798, 'MSE - std': 44.242784823365746, 'R2 - mean': 0.9269214982393295, 'R2 - std': 0.008828024708970495} 
 

Saved Losses
{'MSE - mean': 620.7875745663143, 'MSE - std': 42.03449106412681, 'R2 - mean': 0.9252640336731559, 'R2 - std': 0.008563642412095267} 
 

Saving model.....
Results After CV: {'MSE - mean': 620.7875745663143, 'MSE - std': 42.03449106412681, 'R2 - mean': 0.9252640336731559, 'R2 - std': 0.008563642412095267}
Train time: 0.9420932189999803
Inference time: 0.02951074680001966
Finished cross validation
Hyperparam was saved!!! Hurrah!!!
Trial 110 finished with value: 620.7875745663143 and parameters: {'max_depth': 11, 'n_estimators': 76}. Best is trial 89 with value: 610.7236509508818.
Saved Losses
{'MSE - mean': 658.4183557322172, 'MSE - std': 0.0, 'R2 - mean': 0.9234450680824074, 'R2 - std': 0.0} 
 

Saved Losses
{'MSE - mean': 635.5887474927704, 'MSE - std': 22.82960823944677, 'R2 - mean': 0.921622991358897, 'R2 - std': 0.001822076723510424} 
 

Saved Losses
{'MSE - mean': 604.225884003885, 'MSE - std': 48.11152759324947, 'R2 - mean': 0.9283576379765627, 'R2 - std': 0.00963972194553578} 
 

Saved Losses
{'MSE - mean': 614.7999992431883, 'MSE - std': 45.51346014970957, 'R2 - mean': 0.926807594462189, 'R2 - std': 0.00876932631846878} 
 

Saved Losses
{'MSE - mean': 617.9208616199852, 'MSE - std': 41.184210223567334, 'R2 - mean': 0.9256425820887335, 'R2 - std': 0.008182290790790085} 
 

Saving model.....
Results After CV: {'MSE - mean': 617.9208616199852, 'MSE - std': 41.184210223567334, 'R2 - mean': 0.9256425820887335, 'R2 - std': 0.008182290790790085}
Train time: 1.0443200786000033
Inference time: 0.03809727560001193
Finished cross validation
Hyperparam was saved!!! Hurrah!!!
Trial 111 finished with value: 617.9208616199852 and parameters: {'max_depth': 12, 'n_estimators': 89}. Best is trial 89 with value: 610.7236509508818.
Saved Losses
{'MSE - mean': 642.2529329088682, 'MSE - std': 0.0, 'R2 - mean': 0.9253246372543276, 'R2 - std': 0.0} 
 

Saved Losses
{'MSE - mean': 627.8162994878396, 'MSE - std': 14.436633421028546, 'R2 - mean': 0.9225221680781621, 'R2 - std': 0.0028024691761655007} 
 

Saved Losses
{'MSE - mean': 601.0431359298101, 'MSE - std': 39.655375804113056, 'R2 - mean': 0.9287423501040989, 'R2 - std': 0.009089401402759064} 
 

Saved Losses
{'MSE - mean': 611.8498944383425, 'MSE - std': 39.11227059388506, 'R2 - mean': 0.927163920110153, 'R2 - std': 0.008332900883409254} 
 

Saved Losses
{'MSE - mean': 616.4984069921044, 'MSE - std': 36.19738173759746, 'R2 - mean': 0.9258101163073869, 'R2 - std': 0.007929749595776298} 
 

Saving model.....
Results After CV: {'MSE - mean': 616.4984069921044, 'MSE - std': 36.19738173759746, 'R2 - mean': 0.9258101163073869, 'R2 - std': 0.007929749595776298}
Train time: 0.9440988554
Inference time: 0.038793403600004696
Finished cross validation
Hyperparam was saved!!! Hurrah!!!
