/home/mburu/.local/lib/python3.8/site-packages/sklearn/preprocessing/_encoders.py:975: FutureWarning: `sparse` was renamed to `sparse_output` in version 1.2 and will be removed in 1.4. `sparse_output` is ignored unless you leave `sparse` to its default value.
  warnings.warn(
[I 2024-12-05 02:02:41,953] A new study created in RDB with name: RandomForest_Boston
[I 2024-12-05 02:02:42,397] Trial 0 finished with value: 25.327302431981472 and parameters: {'max_depth': 2, 'n_estimators': 11}. Best is trial 0 with value: 25.327302431981472.
[I 2024-12-05 02:02:43,826] Trial 1 finished with value: 24.056316417225396 and parameters: {'max_depth': 2, 'n_estimators': 69}. Best is trial 1 with value: 24.056316417225396.
[I 2024-12-05 02:02:44,624] Trial 2 finished with value: 25.62001090822556 and parameters: {'max_depth': 2, 'n_estimators': 11}. Best is trial 1 with value: 24.056316417225396.
[I 2024-12-05 02:02:45,485] Trial 3 finished with value: 17.859683383465562 and parameters: {'max_depth': 3, 'n_estimators': 38}. Best is trial 3 with value: 17.859683383465562.
[I 2024-12-05 02:02:45,921] Trial 4 finished with value: 24.775696581326734 and parameters: {'max_depth': 2, 'n_estimators': 12}. Best is trial 3 with value: 17.859683383465562.
[I 2024-12-05 02:02:46,520] Trial 5 finished with value: 11.541362523564608 and parameters: {'max_depth': 11, 'n_estimators': 22}. Best is trial 5 with value: 11.541362523564608.
[I 2024-12-05 02:02:46,982] Trial 6 finished with value: 12.814572108885809 and parameters: {'max_depth': 6, 'n_estimators': 14}. Best is trial 5 with value: 11.541362523564608.
[I 2024-12-05 02:02:47,496] Trial 7 finished with value: 11.256214700401292 and parameters: {'max_depth': 7, 'n_estimators': 11}. Best is trial 7 with value: 11.256214700401292.
[I 2024-12-05 02:02:48,575] Trial 8 finished with value: 23.793177438634174 and parameters: {'max_depth': 2, 'n_estimators': 80}. Best is trial 7 with value: 11.256214700401292.
[I 2024-12-05 02:02:48,964] Trial 9 finished with value: 14.287569449725657 and parameters: {'max_depth': 5, 'n_estimators': 8}. Best is trial 7 with value: 11.256214700401292.
[I 2024-12-05 02:02:49,367] Trial 10 finished with value: 13.392220250813287 and parameters: {'max_depth': 9, 'n_estimators': 5}. Best is trial 7 with value: 11.256214700401292.
[I 2024-12-05 02:02:50,024] Trial 11 finished with value: 10.659174661221815 and parameters: {'max_depth': 11, 'n_estimators': 27}. Best is trial 11 with value: 10.659174661221815.
[I 2024-12-05 02:02:50,649] Trial 12 finished with value: 11.41886679618283 and parameters: {'max_depth': 8, 'n_estimators': 26}. Best is trial 11 with value: 10.659174661221815.
[I 2024-12-05 02:02:51,485] Trial 13 finished with value: 11.078729306039085 and parameters: {'max_depth': 12, 'n_estimators': 42}. Best is trial 11 with value: 10.659174661221815.
[I 2024-12-05 02:02:52,355] Trial 14 finished with value: 11.285151437717985 and parameters: {'max_depth': 11, 'n_estimators': 43}. Best is trial 11 with value: 10.659174661221815.
[I 2024-12-05 02:02:53,110] Trial 15 finished with value: 13.143781695604963 and parameters: {'max_depth': 4, 'n_estimators': 43}. Best is trial 11 with value: 10.659174661221815.
[I 2024-12-05 02:02:53,800] Trial 16 finished with value: 12.655786376100933 and parameters: {'max_depth': 12, 'n_estimators': 30}. Best is trial 11 with value: 10.659174661221815.
[I 2024-12-05 02:02:55,271] Trial 17 finished with value: 10.789921128012402 and parameters: {'max_depth': 9, 'n_estimators': 100}. Best is trial 11 with value: 10.659174661221815.
[I 2024-12-05 02:02:56,758] Trial 18 finished with value: 11.788284366194697 and parameters: {'max_depth': 9, 'n_estimators': 97}. Best is trial 11 with value: 10.659174661221815.
[I 2024-12-05 02:02:57,695] Trial 19 finished with value: 13.540804290106184 and parameters: {'max_depth': 4, 'n_estimators': 59}. Best is trial 11 with value: 10.659174661221815.
[I 2024-12-05 02:02:58,200] Trial 20 finished with value: 12.774177235473978 and parameters: {'max_depth': 6, 'n_estimators': 17}. Best is trial 11 with value: 10.659174661221815.
[I 2024-12-05 02:02:59,166] Trial 21 finished with value: 11.52141355997176 and parameters: {'max_depth': 10, 'n_estimators': 55}. Best is trial 11 with value: 10.659174661221815.
[I 2024-12-05 02:02:59,920] Trial 22 finished with value: 11.721887699442487 and parameters: {'max_depth': 12, 'n_estimators': 32}. Best is trial 11 with value: 10.659174661221815.
[I 2024-12-05 02:03:00,474] Trial 23 finished with value: 12.33593573085157 and parameters: {'max_depth': 8, 'n_estimators': 20}. Best is trial 11 with value: 10.659174661221815.
[I 2024-12-05 02:03:01,311] Trial 24 finished with value: 11.537241697701543 and parameters: {'max_depth': 7, 'n_estimators': 50}. Best is trial 11 with value: 10.659174661221815.
[I 2024-12-05 02:03:02,750] Trial 25 finished with value: 10.839682934921628 and parameters: {'max_depth': 10, 'n_estimators': 95}. Best is trial 11 with value: 10.659174661221815.
[I 2024-12-05 02:03:03,924] Trial 26 finished with value: 17.08606550875776 and parameters: {'max_depth': 3, 'n_estimators': 87}. Best is trial 11 with value: 10.659174661221815.
[I 2024-12-05 02:03:05,199] Trial 27 finished with value: 11.027182825162685 and parameters: {'max_depth': 9, 'n_estimators': 73}. Best is trial 11 with value: 10.659174661221815.
[I 2024-12-05 02:03:06,566] Trial 28 finished with value: 11.08093801683565 and parameters: {'max_depth': 7, 'n_estimators': 94}. Best is trial 11 with value: 10.659174661221815.
[I 2024-12-05 02:03:07,515] Trial 29 finished with value: 12.622163979308196 and parameters: {'max_depth': 5, 'n_estimators': 63}. Best is trial 11 with value: 10.659174661221815.
[I 2024-12-05 02:03:07,936] Trial 30 finished with value: 13.52996646587889 and parameters: {'max_depth': 10, 'n_estimators': 7}. Best is trial 11 with value: 10.659174661221815.
[I 2024-12-05 02:03:09,221] Trial 31 finished with value: 11.20567026174263 and parameters: {'max_depth': 9, 'n_estimators': 81}. Best is trial 11 with value: 10.659174661221815.
[I 2024-12-05 02:03:10,326] Trial 32 finished with value: 11.605012460680104 and parameters: {'max_depth': 8, 'n_estimators': 71}. Best is trial 11 with value: 10.659174661221815.
[I 2024-12-05 02:03:11,520] Trial 33 finished with value: 11.378892720575385 and parameters: {'max_depth': 10, 'n_estimators': 72}. Best is trial 11 with value: 10.659174661221815.
[I 2024-12-05 02:03:12,871] Trial 34 finished with value: 11.856699159393585 and parameters: {'max_depth': 6, 'n_estimators': 99}. Best is trial 11 with value: 10.659174661221815.
[I 2024-12-05 02:03:13,802] Trial 35 finished with value: 11.110284582305937 and parameters: {'max_depth': 8, 'n_estimators': 51}. Best is trial 11 with value: 10.659174661221815.
[I 2024-12-05 02:03:15,036] Trial 36 finished with value: 11.218190200095046 and parameters: {'max_depth': 10, 'n_estimators': 73}. Best is trial 11 with value: 10.659174661221815.
[I 2024-12-05 02:03:15,949] Trial 37 finished with value: 16.547206943917512 and parameters: {'max_depth': 3, 'n_estimators': 64}. Best is trial 11 with value: 10.659174661221815.
[I 2024-12-05 02:03:16,714] Trial 38 finished with value: 11.164316235572688 and parameters: {'max_depth': 11, 'n_estimators': 36}. Best is trial 11 with value: 10.659174661221815.
[I 2024-12-05 02:03:17,315] Trial 39 finished with value: 12.195190274613603 and parameters: {'max_depth': 9, 'n_estimators': 24}. Best is trial 11 with value: 10.659174661221815.
[I 2024-12-05 02:03:17,809] Trial 40 finished with value: 11.28330944409739 and parameters: {'max_depth': 7, 'n_estimators': 14}. Best is trial 11 with value: 10.659174661221815.
[I 2024-12-05 02:03:18,690] Trial 41 finished with value: 11.19371375407105 and parameters: {'max_depth': 11, 'n_estimators': 45}. Best is trial 11 with value: 10.659174661221815.
[I 2024-12-05 02:03:20,045] Trial 42 finished with value: 11.419480855012965 and parameters: {'max_depth': 12, 'n_estimators': 80}. Best is trial 11 with value: 10.659174661221815.
[I 2024-12-05 02:03:20,626] Trial 43 finished with value: 11.32592058658382 and parameters: {'max_depth': 12, 'n_estimators': 19}. Best is trial 11 with value: 10.659174661221815.
[I 2024-12-05 02:03:21,267] Trial 44 finished with value: 12.250029820524563 and parameters: {'max_depth': 9, 'n_estimators': 29}. Best is trial 11 with value: 10.659174661221815.
[I 2024-12-05 02:03:22,702] Trial 45 finished with value: 11.084870352281708 and parameters: {'max_depth': 11, 'n_estimators': 87}. Best is trial 11 with value: 10.659174661221815.
[I 2024-12-05 02:03:23,505] Trial 46 finished with value: 11.36649216376237 and parameters: {'max_depth': 10, 'n_estimators': 39}. Best is trial 11 with value: 10.659174661221815.
[I 2024-12-05 02:03:24,207] Trial 47 finished with value: 11.903876126481169 and parameters: {'max_depth': 8, 'n_estimators': 33}. Best is trial 11 with value: 10.659174661221815.
[I 2024-12-05 02:03:25,082] Trial 48 finished with value: 12.36099390816452 and parameters: {'max_depth': 5, 'n_estimators': 56}. Best is trial 11 with value: 10.659174661221815.
[I 2024-12-05 02:03:25,658] Trial 49 finished with value: 12.914829716669397 and parameters: {'max_depth': 6, 'n_estimators': 26}. Best is trial 11 with value: 10.659174661221815.
[I 2024-12-05 02:03:26,815] Trial 50 finished with value: 11.824273202522777 and parameters: {'max_depth': 11, 'n_estimators': 64}. Best is trial 11 with value: 10.659174661221815.
[I 2024-12-05 02:03:28,161] Trial 51 finished with value: 11.18369911383553 and parameters: {'max_depth': 7, 'n_estimators': 94}. Best is trial 11 with value: 10.659174661221815.
[I 2024-12-05 02:03:29,649] Trial 52 finished with value: 11.575380333468434 and parameters: {'max_depth': 9, 'n_estimators': 99}. Best is trial 11 with value: 10.659174661221815.
[I 2024-12-05 02:03:30,956] Trial 53 finished with value: 11.668437074103448 and parameters: {'max_depth': 10, 'n_estimators': 79}. Best is trial 11 with value: 10.659174661221815.
[I 2024-12-05 02:03:32,411] Trial 54 finished with value: 10.890915280656335 and parameters: {'max_depth': 12, 'n_estimators': 89}. Best is trial 11 with value: 10.659174661221815.
[I 2024-12-05 02:03:33,340] Trial 55 finished with value: 11.086310346099062 and parameters: {'max_depth': 12, 'n_estimators': 49}. Best is trial 11 with value: 10.659174661221815.
[I 2024-12-05 02:03:34,730] Trial 56 finished with value: 11.038950566476 and parameters: {'max_depth': 11, 'n_estimators': 85}. Best is trial 11 with value: 10.659174661221815.
[I 2024-12-05 02:03:36,125] Trial 57 finished with value: 11.138556507331254 and parameters: {'max_depth': 11, 'n_estimators': 83}. Best is trial 11 with value: 10.659174661221815.
[I 2024-12-05 02:03:37,273] Trial 58 finished with value: 11.066892497513928 and parameters: {'max_depth': 9, 'n_estimators': 71}. Best is trial 11 with value: 10.659174661221815.
[I 2024-12-05 02:03:37,764] Trial 59 finished with value: 12.549684013408882 and parameters: {'max_depth': 10, 'n_estimators': 10}. Best is trial 11 with value: 10.659174661221815.
[I 2024-12-05 02:03:39,202] Trial 60 finished with value: 11.302266497178273 and parameters: {'max_depth': 11, 'n_estimators': 89}. Best is trial 11 with value: 10.659174661221815.
[I 2024-12-05 02:03:40,420] Trial 61 finished with value: 11.301498667331126 and parameters: {'max_depth': 9, 'n_estimators': 74}. Best is trial 11 with value: 10.659174661221815.
[I 2024-12-05 02:03:41,609] Trial 62 finished with value: 11.194762939915254 and parameters: {'max_depth': 8, 'n_estimators': 67}. Best is trial 11 with value: 10.659174661221815.
[I 2024-12-05 02:03:42,664] Trial 63 finished with value: 11.10129280897142 and parameters: {'max_depth': 9, 'n_estimators': 61}. Best is trial 11 with value: 10.659174661221815.
[I 2024-12-05 02:03:43,980] Trial 64 finished with value: 10.682093517990232 and parameters: {'max_depth': 12, 'n_estimators': 76}. Best is trial 11 with value: 10.659174661221815.
[I 2024-12-05 02:03:45,388] Trial 65 finished with value: 11.120870677702806 and parameters: {'max_depth': 12, 'n_estimators': 86}. Best is trial 11 with value: 10.659174661221815.
[I 2024-12-05 02:03:46,716] Trial 66 finished with value: 11.323352384897976 and parameters: {'max_depth': 12, 'n_estimators': 75}. Best is trial 11 with value: 10.659174661221815.
[I 2024-12-05 02:03:48,253] Trial 67 finished with value: 11.077496895663343 and parameters: {'max_depth': 10, 'n_estimators': 100}. Best is trial 11 with value: 10.659174661221815.
[I 2024-12-05 02:03:49,286] Trial 68 finished with value: 11.46282546309667 and parameters: {'max_depth': 11, 'n_estimators': 54}. Best is trial 11 with value: 10.659174661221815.
[I 2024-12-05 02:03:50,225] Trial 69 finished with value: 13.78680742415369 and parameters: {'max_depth': 4, 'n_estimators': 59}. Best is trial 11 with value: 10.659174661221815.
[I 2024-12-05 02:03:50,644] Trial 70 finished with value: 12.32778361491105 and parameters: {'max_depth': 10, 'n_estimators': 5}. Best is trial 11 with value: 10.659174661221815.
[I 2024-12-05 02:03:51,778] Trial 71 finished with value: 11.491344721815839 and parameters: {'max_depth': 9, 'n_estimators': 67}. Best is trial 11 with value: 10.659174661221815.
[I 2024-12-05 02:03:53,222] Trial 72 finished with value: 10.989758078191105 and parameters: {'max_depth': 11, 'n_estimators': 88}. Best is trial 11 with value: 10.659174661221815.
[I 2024-12-05 02:03:54,717] Trial 73 finished with value: 11.169561399114595 and parameters: {'max_depth': 12, 'n_estimators': 90}. Best is trial 11 with value: 10.659174661221815.
[I 2024-12-05 02:03:56,061] Trial 74 finished with value: 10.778452705114049 and parameters: {'max_depth': 11, 'n_estimators': 80}. Best is trial 11 with value: 10.659174661221815.
[I 2024-12-05 02:03:57,336] Trial 75 finished with value: 10.892227230184256 and parameters: {'max_depth': 10, 'n_estimators': 75}. Best is trial 11 with value: 10.659174661221815.
[I 2024-12-05 02:03:58,613] Trial 76 finished with value: 11.671889745235246 and parameters: {'max_depth': 11, 'n_estimators': 78}. Best is trial 11 with value: 10.659174661221815.
[I 2024-12-05 02:03:59,023] Trial 77 finished with value: 12.617695237256772 and parameters: {'max_depth': 10, 'n_estimators': 6}. Best is trial 11 with value: 10.659174661221815.
[I 2024-12-05 02:04:00,511] Trial 78 finished with value: 11.588908747821373 and parameters: {'max_depth': 12, 'n_estimators': 95}. Best is trial 11 with value: 10.659174661221815.
[I 2024-12-05 02:04:01,889] Trial 79 finished with value: 11.28932138471817 and parameters: {'max_depth': 11, 'n_estimators': 81}. Best is trial 11 with value: 10.659174661221815.
[I 2024-12-05 02:04:03,040] Trial 80 finished with value: 11.412893097943321 and parameters: {'max_depth': 10, 'n_estimators': 68}. Best is trial 11 with value: 10.659174661221815.
[I 2024-12-05 02:04:04,388] Trial 81 finished with value: 11.170196815263122 and parameters: {'max_depth': 8, 'n_estimators': 92}. Best is trial 11 with value: 10.659174661221815.
[I 2024-12-05 02:04:05,655] Trial 82 finished with value: 10.743779289252029 and parameters: {'max_depth': 12, 'n_estimators': 74}. Best is trial 11 with value: 10.659174661221815.
[I 2024-12-05 02:04:06,934] Trial 83 finished with value: 11.374901473706904 and parameters: {'max_depth': 12, 'n_estimators': 76}. Best is trial 11 with value: 10.659174661221815.
[I 2024-12-05 02:04:08,315] Trial 84 finished with value: 11.116212391114503 and parameters: {'max_depth': 12, 'n_estimators': 87}. Best is trial 11 with value: 10.659174661221815.
[I 2024-12-05 02:04:09,401] Trial 85 finished with value: 11.346962965760868 and parameters: {'max_depth': 11, 'n_estimators': 57}. Best is trial 11 with value: 10.659174661221815.
[I 2024-12-05 02:04:09,935] Trial 86 finished with value: 12.645197814011947 and parameters: {'max_depth': 10, 'n_estimators': 16}. Best is trial 11 with value: 10.659174661221815.
[I 2024-12-05 02:04:11,103] Trial 87 finished with value: 11.204510631356934 and parameters: {'max_depth': 11, 'n_estimators': 67}. Best is trial 11 with value: 10.659174661221815.
[I 2024-12-05 02:04:12,678] Trial 88 finished with value: 11.593017624010784 and parameters: {'max_depth': 12, 'n_estimators': 100}. Best is trial 11 with value: 10.659174661221815.
[I 2024-12-05 02:04:13,178] Trial 89 finished with value: 11.60974454805936 and parameters: {'max_depth': 11, 'n_estimators': 10}. Best is trial 11 with value: 10.659174661221815.
[I 2024-12-05 02:04:13,994] Trial 90 finished with value: 23.30593185910879 and parameters: {'max_depth': 2, 'n_estimators': 52}. Best is trial 11 with value: 10.659174661221815.
[I 2024-12-05 02:04:15,252] Trial 91 finished with value: 11.04723468314534 and parameters: {'max_depth': 10, 'n_estimators': 76}. Best is trial 11 with value: 10.659174661221815.
[I 2024-12-05 02:04:16,295] Trial 92 finished with value: 11.07797093726427 and parameters: {'max_depth': 9, 'n_estimators': 62}. Best is trial 11 with value: 10.659174661221815.
[I 2024-12-05 02:04:17,679] Trial 93 finished with value: 11.371070739841347 and parameters: {'max_depth': 11, 'n_estimators': 83}. Best is trial 11 with value: 10.659174661221815.
[I 2024-12-05 02:04:18,918] Trial 94 finished with value: 10.941926550408947 and parameters: {'max_depth': 12, 'n_estimators': 70}. Best is trial 11 with value: 10.659174661221815.
[I 2024-12-05 02:04:19,830] Trial 95 finished with value: 12.0764162930337 and parameters: {'max_depth': 12, 'n_estimators': 47}. Best is trial 11 with value: 10.659174661221815.
[I 2024-12-05 02:04:21,311] Trial 96 finished with value: 11.188500297652725 and parameters: {'max_depth': 12, 'n_estimators': 93}. Best is trial 11 with value: 10.659174661221815.
[I 2024-12-05 02:04:22,550] Trial 97 finished with value: 11.753730721746225 and parameters: {'max_depth': 10, 'n_estimators': 70}. Best is trial 11 with value: 10.659174661221815.
[I 2024-12-05 02:04:23,859] Trial 98 finished with value: 11.560049348130853 and parameters: {'max_depth': 11, 'n_estimators': 84}. Best is trial 11 with value: 10.659174661221815.
[I 2024-12-05 02:04:25,214] Trial 99 finished with value: 11.204561990461011 and parameters: {'max_depth': 10, 'n_estimators': 91}. Best is trial 11 with value: 10.659174661221815.
/home/mburu/.local/lib/python3.8/site-packages/sklearn/preprocessing/_encoders.py:975: FutureWarning: `sparse` was renamed to `sparse_output` in version 1.2 and will be removed in 1.4. `sparse_output` is ignored unless you leave `sparse` to its default value.
  warnings.warn(
[I 2024-12-05 02:04:28,749] A new study created in RDB with name: RandomForest_Socmob
[I 2024-12-05 02:04:29,258] Trial 0 finished with value: 305.4979331217715 and parameters: {'max_depth': 8, 'n_estimators': 14}. Best is trial 0 with value: 305.4979331217715.
[I 2024-12-05 02:04:30,210] Trial 1 finished with value: 306.7388424588054 and parameters: {'max_depth': 6, 'n_estimators': 57}. Best is trial 0 with value: 305.4979331217715.
[I 2024-12-05 02:04:30,619] Trial 2 finished with value: 563.3285474002803 and parameters: {'max_depth': 2, 'n_estimators': 7}. Best is trial 0 with value: 305.4979331217715.
[I 2024-12-05 02:04:31,018] Trial 3 finished with value: 395.7296058575997 and parameters: {'max_depth': 3, 'n_estimators': 6}. Best is trial 0 with value: 305.4979331217715.
[I 2024-12-05 02:04:31,437] Trial 4 finished with value: 556.1885850392107 and parameters: {'max_depth': 2, 'n_estimators': 6}. Best is trial 0 with value: 305.4979331217715.
[I 2024-12-05 02:04:31,808] Trial 5 finished with value: 446.45389298653373 and parameters: {'max_depth': 3, 'n_estimators': 5}. Best is trial 0 with value: 305.4979331217715.
[I 2024-12-05 02:04:32,907] Trial 6 finished with value: 344.7512184537735 and parameters: {'max_depth': 5, 'n_estimators': 73}. Best is trial 0 with value: 305.4979331217715.
[I 2024-12-05 02:04:34,012] Trial 7 finished with value: 316.5173735466078 and parameters: {'max_depth': 6, 'n_estimators': 62}. Best is trial 0 with value: 305.4979331217715.
[I 2024-12-05 02:04:34,429] Trial 8 finished with value: 356.91879123978663 and parameters: {'max_depth': 6, 'n_estimators': 7}. Best is trial 0 with value: 305.4979331217715.
[I 2024-12-05 02:04:34,848] Trial 9 finished with value: 342.28653846756526 and parameters: {'max_depth': 6, 'n_estimators': 8}. Best is trial 0 with value: 305.4979331217715.
[I 2024-12-05 02:04:35,417] Trial 10 finished with value: 303.9261394718768 and parameters: {'max_depth': 12, 'n_estimators': 17}. Best is trial 10 with value: 303.9261394718768.
[I 2024-12-05 02:04:35,992] Trial 11 finished with value: 270.8325656156247 and parameters: {'max_depth': 11, 'n_estimators': 18}. Best is trial 11 with value: 270.8325656156247.
[I 2024-12-05 02:04:36,716] Trial 12 finished with value: 258.56285510038566 and parameters: {'max_depth': 12, 'n_estimators': 29}. Best is trial 12 with value: 258.56285510038566.
[I 2024-12-05 02:04:37,449] Trial 13 finished with value: 279.7994836302476 and parameters: {'max_depth': 11, 'n_estimators': 32}. Best is trial 12 with value: 258.56285510038566.
[I 2024-12-05 02:04:38,107] Trial 14 finished with value: 296.79337154781695 and parameters: {'max_depth': 9, 'n_estimators': 31}. Best is trial 12 with value: 258.56285510038566.
[I 2024-12-05 02:04:38,730] Trial 15 finished with value: 297.8685087967925 and parameters: {'max_depth': 9, 'n_estimators': 28}. Best is trial 12 with value: 258.56285510038566.
[I 2024-12-05 02:04:39,227] Trial 16 finished with value: 275.16253841630595 and parameters: {'max_depth': 12, 'n_estimators': 12}. Best is trial 12 with value: 258.56285510038566.
[I 2024-12-05 02:04:39,949] Trial 17 finished with value: 299.3105436418899 and parameters: {'max_depth': 8, 'n_estimators': 40}. Best is trial 12 with value: 258.56285510038566.
