Trial 36 finished with value: 12741495.066777442 and parameters: {'max_depth': 9, 'n_estimators': 33}. Best is trial 25 with value: 12534009.862715444.
Saved Losses
{'MSE - mean': 14617443.530317549, 'MSE - std': 0.0, 'R2 - mean': 0.4277860812929788, 'R2 - std': 0.0} 
 

Saved Losses
{'MSE - mean': 14685009.311080638, 'MSE - std': 67565.78076308966, 'R2 - mean': 0.4285166550974466, 'R2 - std': 0.0007305738044677823} 
 

Saved Losses
{'MSE - mean': 14734260.632965306, 'MSE - std': 88852.73528818213, 'R2 - mean': 0.42738391739093123, 'R2 - std': 0.0017093901873786864} 
 

Saved Losses
{'MSE - mean': 14729425.231409183, 'MSE - std': 77403.16370001102, 'R2 - mean': 0.4283272305805925, 'R2 - std': 0.0022047744625917553} 
 

Saved Losses
{'MSE - mean': 14752423.003661284, 'MSE - std': 83117.92775842264, 'R2 - mean': 0.428824643560006, 'R2 - std': 0.002208733354905782} 
 

Saving model.....
Results After CV: {'MSE - mean': 14752423.003661284, 'MSE - std': 83117.92775842264, 'R2 - mean': 0.428824643560006, 'R2 - std': 0.002208733354905782}
Train time: 4.270861418200002
Inference time: 0.09005385540003771
Finished cross validation
Hyperparam was saved!!! Hurrah!!!
Trial 37 finished with value: 14752423.003661284 and parameters: {'max_depth': 4, 'n_estimators': 13}. Best is trial 25 with value: 12534009.862715444.
Saved Losses
{'MSE - mean': 13151104.875719652, 'MSE - std': 0.0, 'R2 - mean': 0.4851873215275505, 'R2 - std': 0.0} 
 

Saved Losses
{'MSE - mean': 13262883.212859634, 'MSE - std': 111778.33713998366, 'R2 - mean': 0.48387187508780505, 'R2 - std': 0.0013154464397454602} 
 

Saved Losses
{'MSE - mean': 13305947.321840003, 'MSE - std': 109720.70330494914, 'R2 - mean': 0.4828999061796106, 'R2 - std': 0.0017444330523753307} 
 

Saved Losses
{'MSE - mean': 13306398.59524569, 'MSE - std': 95024.13111078442, 'R2 - mean': 0.48356362825404864, 'R2 - std': 0.0018983850984333323} 
 

Saved Losses
{'MSE - mean': 13317636.788511137, 'MSE - std': 87913.91440593294, 'R2 - mean': 0.48437740777392707, 'R2 - std': 0.002352029169346619} 
 

Saving model.....
Results After CV: {'MSE - mean': 13317636.788511137, 'MSE - std': 87913.91440593294, 'R2 - mean': 0.48437740777392707, 'R2 - std': 0.002352029169346619}
Train time: 3.9285928747999606
Inference time: 0.08623383439980899
Finished cross validation
Hyperparam was saved!!! Hurrah!!!
Trial 38 finished with value: 13317636.788511137 and parameters: {'max_depth': 6, 'n_estimators': 8}. Best is trial 25 with value: 12534009.862715444.
Saved Losses
{'MSE - mean': 12508252.058733756, 'MSE - std': 0.0, 'R2 - mean': 0.5103524147804441, 'R2 - std': 0.0} 
 

Saved Losses
{'MSE - mean': 12597362.15679333, 'MSE - std': 89110.09805957321, 'R2 - mean': 0.5097668754655358, 'R2 - std': 0.0005855393149083454} 
 

Saved Losses
{'MSE - mean': 12653490.598815208, 'MSE - std': 107677.96304288313, 'R2 - mean': 0.5082548866703326, 'R2 - std': 0.0021910707640730898} 
 

Saved Losses
{'MSE - mean': 12650078.935123077, 'MSE - std': 93438.88987591297, 'R2 - mean': 0.5090347911733554, 'R2 - std': 0.002329237304653116} 
 

Saved Losses
{'MSE - mean': 12648376.613670994, 'MSE - std': 83643.60409678235, 'R2 - mean': 0.5102836307511521, 'R2 - std': 0.0032524880171026418} 
 

Saving model.....
Results After CV: {'MSE - mean': 12648376.613670994, 'MSE - std': 83643.60409678235, 'R2 - mean': 0.5102836307511521, 'R2 - std': 0.0032524880171026418}
Train time: 25.288369878000047
Inference time: 0.21456809179999253
Finished cross validation
Hyperparam was saved!!! Hurrah!!!
Trial 39 finished with value: 12648376.613670994 and parameters: {'max_depth': 10, 'n_estimators': 42}. Best is trial 25 with value: 12534009.862715444.
Saved Losses
{'MSE - mean': 12694511.804981599, 'MSE - std': 0.0, 'R2 - mean': 0.5030610974528417, 'R2 - std': 0.0} 
 

Saved Losses
{'MSE - mean': 12817144.255078122, 'MSE - std': 122632.45009652339, 'R2 - mean': 0.5012212513362972, 'R2 - std': 0.0018398461165444746} 
 

Saved Losses
{'MSE - mean': 12870005.831437044, 'MSE - std': 124958.01049986582, 'R2 - mean': 0.4998450144354516, 'R2 - std': 0.002458606347006511} 
 

Saved Losses
{'MSE - mean': 12866818.948670208, 'MSE - std': 108357.49607836129, 'R2 - mean': 0.5006262099965577, 'R2 - std': 0.0025227680018644156} 
 

Saved Losses
{'MSE - mean': 12872235.052383255, 'MSE - std': 97521.3529583116, 'R2 - mean': 0.5016217100287863, 'R2 - std': 0.003009247076870454} 
 

Saving model.....
Results After CV: {'MSE - mean': 12872235.052383255, 'MSE - std': 97521.3529583116, 'R2 - mean': 0.5016217100287863, 'R2 - std': 0.003009247076870454}
Train time: 11.074639560800097
Inference time: 0.1344345321998844
Finished cross validation
Hyperparam was saved!!! Hurrah!!!
Trial 40 finished with value: 12872235.052383255 and parameters: {'max_depth': 8, 'n_estimators': 21}. Best is trial 25 with value: 12534009.862715444.
Saved Losses
{'MSE - mean': 12422837.1638975, 'MSE - std': 0.0, 'R2 - mean': 0.5136960631816732, 'R2 - std': 0.0} 
 

Saved Losses
{'MSE - mean': 12475718.514917359, 'MSE - std': 52881.351019860245, 'R2 - mean': 0.5144926106915997, 'R2 - std': 0.0007965475099264707} 
 

Saved Losses
{'MSE - mean': 12531321.783596374, 'MSE - std': 89709.18848909545, 'R2 - mean': 0.5129972677463822, 'R2 - std': 0.0022124857072238716} 
 

Saved Losses
{'MSE - mean': 12534926.088105962, 'MSE - std': 77940.85518855002, 'R2 - mean': 0.5135010437883181, 'R2 - std': 0.00210539560529331} 
 

Saved Losses
{'MSE - mean': 12539003.379086178, 'MSE - std': 70187.73919259285, 'R2 - mean': 0.5145180936482437, 'R2 - std': 0.00277195133329032} 
 

Saving model.....
Results After CV: {'MSE - mean': 12539003.379086178, 'MSE - std': 70187.73919259285, 'R2 - mean': 0.5145180936482437, 'R2 - std': 0.00277195133329032}
Train time: 11.939801326399902
Inference time: 0.15116152779983166
Finished cross validation
Hyperparam was saved!!! Hurrah!!!
Trial 41 finished with value: 12539003.379086178 and parameters: {'max_depth': 12, 'n_estimators': 19}. Best is trial 25 with value: 12534009.862715444.
Saved Losses
{'MSE - mean': 12460286.403286709, 'MSE - std': 0.0, 'R2 - mean': 0.512230076603442, 'R2 - std': 0.0} 
 

Saved Losses
{'MSE - mean': 12535314.53840086, 'MSE - std': 75028.13511415198, 'R2 - mean': 0.5121783702760703, 'R2 - std': 5.1706327371725536e-05} 
 

Saved Losses
{'MSE - mean': 12595761.467981657, 'MSE - std': 105168.80065223642, 'R2 - mean': 0.5104967804303094, 'R2 - std': 0.002378501877567541} 
 

Saved Losses
{'MSE - mean': 12597888.791632276, 'MSE - std': 91153.35424829867, 'R2 - mean': 0.5110600045711858, 'R2 - std': 0.002279170393979402} 
 

Saved Losses
{'MSE - mean': 12597385.28300427, 'MSE - std': 81536.25743389604, 'R2 - mean': 0.5122580646665824, 'R2 - std': 0.003145963463958288} 
 

Saving model.....
Results After CV: {'MSE - mean': 12597385.28300427, 'MSE - std': 81536.25743389604, 'R2 - mean': 0.5122580646665824, 'R2 - std': 0.003145963463958288}
Train time: 15.359954885800017
Inference time: 0.16382950779998282
Finished cross validation
Hyperparam was saved!!! Hurrah!!!
Trial 42 finished with value: 12597385.28300427 and parameters: {'max_depth': 11, 'n_estimators': 24}. Best is trial 25 with value: 12534009.862715444.
Saved Losses
{'MSE - mean': 12469437.159410045, 'MSE - std': 0.0, 'R2 - mean': 0.511871861433354, 'R2 - std': 0.0} 
 

Saved Losses
{'MSE - mean': 12543035.06095651, 'MSE - std': 73597.90154646523, 'R2 - mean': 0.5118775822437641, 'R2 - std': 5.720810410170252e-06} 
 

Saved Losses
{'MSE - mean': 12597965.065687811, 'MSE - std': 98212.58361800318, 'R2 - mean': 0.5104103347185607, 'R2 - std': 0.0020750066069482433} 
 

Saved Losses
{'MSE - mean': 12598668.985165324, 'MSE - std': 85063.33048726062, 'R2 - mean': 0.5110288991898706, 'R2 - std': 0.0020921532758524392} 
 

Saved Losses
{'MSE - mean': 12599206.616386702, 'MSE - std': 76090.55358051183, 'R2 - mean': 0.5121872764332527, 'R2 - std': 0.0029780926136824207} 
 

Saving model.....
Results After CV: {'MSE - mean': 12599206.616386702, 'MSE - std': 76090.55358051183, 'R2 - mean': 0.5121872764332527, 'R2 - std': 0.0029780926136824207}
Train time: 11.522239779199936
Inference time: 0.1430162050000945
Finished cross validation
Hyperparam was saved!!! Hurrah!!!
Trial 43 finished with value: 12599206.616386702 and parameters: {'max_depth': 11, 'n_estimators': 19}. Best is trial 25 with value: 12534009.862715444.
Saved Losses
{'MSE - mean': 12431306.448544687, 'MSE - std': 0.0, 'R2 - mean': 0.5133645248694805, 'R2 - std': 0.0} 
 

Saved Losses
{'MSE - mean': 12500202.919869494, 'MSE - std': 68896.47132480796, 'R2 - mean': 0.5135434116554746, 'R2 - std': 0.00017888678599409236} 
 

Saved Losses
{'MSE - mean': 12545736.744208908, 'MSE - std': 85505.20934589306, 'R2 - mean': 0.5124384168642334, 'R2 - std': 0.0015695096788940794} 
 

Saved Losses
{'MSE - mean': 12542699.133976929, 'MSE - std': 74236.35798399593, 'R2 - mean': 0.5131993540358566, 'R2 - std': 0.001893303095539743} 
 

Saved Losses
{'MSE - mean': 12544498.07014368, 'MSE - std': 66496.42217977258, 'R2 - mean': 0.5143044927341853, 'R2 - std': 0.0027844215664008794} 
 

Saving model.....
Results After CV: {'MSE - mean': 12544498.07014368, 'MSE - std': 66496.42217977258, 'R2 - mean': 0.5143044927341853, 'R2 - std': 0.0027844215664008794}
Train time: 10.903102244400088
Inference time: 0.1415373137999268
Finished cross validation
Hyperparam was saved!!! Hurrah!!!
Trial 44 finished with value: 12544498.07014368 and parameters: {'max_depth': 12, 'n_estimators': 16}. Best is trial 25 with value: 12534009.862715444.
Saved Losses
{'MSE - mean': 12579616.989675889, 'MSE - std': 0.0, 'R2 - mean': 0.5075587657604935, 'R2 - std': 0.0} 
 

Saved Losses
{'MSE - mean': 12691958.422996443, 'MSE - std': 112341.4333205549, 'R2 - mean': 0.5060907732827205, 'R2 - std': 0.001467992477773128} 
 

Saved Losses
{'MSE - mean': 12740541.1740976, 'MSE - std': 114604.9700905616, 'R2 - mean': 0.5048744978794172, 'R2 - std': 0.0020965017664099305} 
 

Saved Losses
{'MSE - mean': 12738126.39063494, 'MSE - std': 99338.90433565558, 'R2 - mean': 0.5056196719682627, 'R2 - std': 0.002227631704407268} 
 

Saved Losses
{'MSE - mean': 12743408.768945588, 'MSE - std': 89477.30669926373, 'R2 - mean': 0.5066085098309785, 'R2 - std': 0.0028073253611481186} 
 

Saving model.....
Results After CV: {'MSE - mean': 12743408.768945588, 'MSE - std': 89477.30669926373, 'R2 - mean': 0.5066085098309785, 'R2 - std': 0.0028073253611481186}
Train time: 19.110411407200083
Inference time: 0.18515966960003424
Finished cross validation
Hyperparam was saved!!! Hurrah!!!
Trial 45 finished with value: 12743408.768945588 and parameters: {'max_depth': 9, 'n_estimators': 34}. Best is trial 25 with value: 12534009.862715444.
Saved Losses
{'MSE - mean': 12542659.227248369, 'MSE - std': 0.0, 'R2 - mean': 0.5090055129992588, 'R2 - std': 0.0} 
 

Saved Losses
{'MSE - mean': 12611187.719278367, 'MSE - std': 68528.49202999845, 'R2 - mean': 0.5092241146595792, 'R2 - std': 0.0002186016603203944} 
 

Saved Losses
{'MSE - mean': 12660510.46091353, 'MSE - std': 89421.67055448586, 'R2 - mean': 0.5079782034286854, 'R2 - std': 0.0017710018015607706} 
 

Saved Losses
{'MSE - mean': 12660246.496531082, 'MSE - std': 77442.78794795454, 'R2 - mean': 0.5086377536938976, 'R2 - std': 0.0019124212906348177} 
 

Saved Losses
{'MSE - mean': 12659698.802482206, 'MSE - std': 69275.59598593276, 'R2 - mean': 0.5098437565670884, 'R2 - std': 0.002956967344235704} 
 

Saving model.....
Results After CV: {'MSE - mean': 12659698.802482206, 'MSE - std': 69275.59598593276, 'R2 - mean': 0.5098437565670884, 'R2 - std': 0.002956967344235704}
Train time: 6.059691203200055
Inference time: 0.11550062619999153
Finished cross validation
Hyperparam was saved!!! Hurrah!!!
Trial 46 finished with value: 12659698.802482206 and parameters: {'max_depth': 10, 'n_estimators': 10}. Best is trial 25 with value: 12534009.862715444.
Saved Losses
{'MSE - mean': 12452618.234443214, 'MSE - std': 0.0, 'R2 - mean': 0.5125302544651962, 'R2 - std': 0.0} 
 

Saved Losses
{'MSE - mean': 12530641.653998384, 'MSE - std': 78023.41955517046, 'R2 - mean': 0.5123609109931893, 'R2 - std': 0.000169343472006922} 
 

Saved Losses
{'MSE - mean': 12581422.398686223, 'MSE - std': 95998.97948150856, 'R2 - mean': 0.5110534817315333, 'R2 - std': 0.001854146889940439} 
 

Saved Losses
{'MSE - mean': 12583753.293536717, 'MSE - std': 83235.5228164665, 'R2 - mean': 0.5116082393310224, 'R2 - std': 0.0018712732295630473} 
 

Saved Losses
{'MSE - mean': 12584156.551613176, 'MSE - std': 74452.48333755786, 'R2 - mean': 0.5127702846189146, 'R2 - std': 0.0028640404683234295} 
 

Saving model.....
Results After CV: {'MSE - mean': 12584156.551613176, 'MSE - std': 74452.48333755786, 'R2 - mean': 0.5127702846189146, 'R2 - std': 0.0028640404683234295}
Train time: 17.108177365199936
Inference time: 0.17631049160008844
Finished cross validation
Hyperparam was saved!!! Hurrah!!!
Trial 47 finished with value: 12584156.551613176 and parameters: {'max_depth': 11, 'n_estimators': 27}. Best is trial 25 with value: 12534009.862715444.
Saved Losses
{'MSE - mean': 12446975.244324708, 'MSE - std': 0.0, 'R2 - mean': 0.5127511547534195, 'R2 - std': 0.0} 
 

Saved Losses
{'MSE - mean': 12498648.208612084, 'MSE - std': 51672.9642873751, 'R2 - mean': 0.5135999757272177, 'R2 - std': 0.0008488209737982366} 
 

Saved Losses
{'MSE - mean': 12557331.189580314, 'MSE - std': 93099.12997873976, 'R2 - mean': 0.5119865827550379, 'R2 - std': 0.0023846184451740797} 
 

Saved Losses
{'MSE - mean': 12560077.057416072, 'MSE - std': 80766.3628784475, 'R2 - mean': 0.5125248500824849, 'R2 - std': 0.0022658329581390167} 
 

Saved Losses
{'MSE - mean': 12550905.533553427, 'MSE - std': 74532.08502344924, 'R2 - mean': 0.5140522687752048, 'R2 - std': 0.0036659556253222274} 
 

Saving model.....
Results After CV: {'MSE - mean': 12550905.533553427, 'MSE - std': 74532.08502344924, 'R2 - mean': 0.5140522687752048, 'R2 - std': 0.0036659556253222274}
Train time: 11.394012755399945
Inference time: 0.13996331239995924
Finished cross validation
Hyperparam was saved!!! Hurrah!!!
Trial 48 finished with value: 12550905.533553427 and parameters: {'max_depth': 12, 'n_estimators': 17}. Best is trial 25 with value: 12534009.862715444.
Saved Losses
{'MSE - mean': 13500900.241162043, 'MSE - std': 0.0, 'R2 - mean': 0.4714942447326783, 'R2 - std': 0.0} 
 

Saved Losses
{'MSE - mean': 13604527.232263155, 'MSE - std': 103626.99110111129, 'R2 - mean': 0.4705741962528932, 'R2 - std': 0.0009200484797851072} 
 

Saved Losses
{'MSE - mean': 13653375.969309488, 'MSE - std': 109231.10246242466, 'R2 - mean': 0.4693968272743672, 'R2 - std': 0.0018266695267509458} 
 

Saved Losses
{'MSE - mean': 13661522.252387343, 'MSE - std': 95643.40590349725, 'R2 - mean': 0.4697811630576544, 'R2 - std': 0.001716299260885264} 
 

Saved Losses
{'MSE - mean': 13765824.608275196, 'MSE - std': 225464.08727174907, 'R2 - mean': 0.46705970512603523, 'R2 - std': 0.005655252391947072} 
 

Saving model.....
Results After CV: {'MSE - mean': 13765824.608275196, 'MSE - std': 225464.08727174907, 'R2 - mean': 0.46705970512603523, 'R2 - std': 0.005655252391947072}
Train time: 5.8261588614000175
Inference time: 0.09862344739995024
Finished cross validation
Hyperparam was saved!!! Hurrah!!!
Trial 49 finished with value: 13765824.608275196 and parameters: {'max_depth': 5, 'n_estimators': 14}. Best is trial 25 with value: 12534009.862715444.
Saved Losses
{'MSE - mean': 12455994.139779957, 'MSE - std': 0.0, 'R2 - mean': 0.5123981013963018, 'R2 - std': 0.0} 
 

Saved Losses
{'MSE - mean': 12540725.1563662, 'MSE - std': 84731.01658624131, 'R2 - mean': 0.511970024503462, 'R2 - std': 0.00042807689283985706} 
 

Saved Losses
{'MSE - mean': 12602637.8995291, 'MSE - std': 111591.24359197122, 'R2 - mean': 0.5102311711413223, 'R2 - std': 0.002483825392582495} 
 

Saved Losses
{'MSE - mean': 12599016.462998884, 'MSE - std': 96844.19777368763, 'R2 - mean': 0.5110165741201064, 'R2 - std': 0.0025451159016588497} 
 

Saved Losses
{'MSE - mean': 12593046.06316618, 'MSE - std': 87439.24525402038, 'R2 - mean': 0.5124242918913278, 'R2 - std': 0.0036206034380958543} 
 

Saving model.....
Results After CV: {'MSE - mean': 12593046.06316618, 'MSE - std': 87439.24525402038, 'R2 - mean': 0.5124242918913278, 'R2 - std': 0.0036206034380958543}
Train time: 12.998020665599961
Inference time: 0.14534643839997444
Finished cross validation
Hyperparam was saved!!! Hurrah!!!
Trial 50 finished with value: 12593046.06316618 and parameters: {'max_depth': 11, 'n_estimators': 21}. Best is trial 25 with value: 12534009.862715444.
Saved Losses
{'MSE - mean': 12449413.892618192, 'MSE - std': 0.0, 'R2 - mean': 0.5126556915150311, 'R2 - std': 0.0} 
 

Saved Losses
{'MSE - mean': 12505373.069725096, 'MSE - std': 55959.177106903866, 'R2 - mean': 0.5133392439734491, 'R2 - std': 0.0006835524584180019} 
 

Saved Losses
{'MSE - mean': 12562200.97782535, 'MSE - std': 92446.96829222124, 'R2 - mean': 0.5117977799518475, 'R2 - std': 0.002250270791569391} 
 

Saved Losses
{'MSE - mean': 12561875.499381049, 'MSE - std': 80063.40779950807, 'R2 - mean': 0.5124549151959268, 'R2 - std': 0.002256827233878628} 
 

Saved Losses
{'MSE - mean': 12557375.355583, 'MSE - std': 72174.26543851176, 'R2 - mean': 0.513803412461042, 'R2 - std': 0.0033687378685427496} 
 

Saving model.....
Results After CV: {'MSE - mean': 12557375.355583, 'MSE - std': 72174.26543851176, 'R2 - mean': 0.513803412461042, 'R2 - std': 0.0033687378685427496}
Train time: 7.56627383319983
Inference time: 0.13176550460002545
Finished cross validation
Hyperparam was saved!!! Hurrah!!!
Trial 51 finished with value: 12557375.355583 and parameters: {'max_depth': 12, 'n_estimators': 12}. Best is trial 25 with value: 12534009.862715444.
Saved Losses
{'MSE - mean': 12467764.198160697, 'MSE - std': 0.0, 'R2 - mean': 0.5119373511142511, 'R2 - std': 0.0} 
 

Saved Losses
{'MSE - mean': 12538128.967902841, 'MSE - std': 70364.76974214427, 'R2 - mean': 0.5120677736694145, 'R2 - std': 0.00013042255516337864} 
 

Saved Losses
{'MSE - mean': 12601387.264273012, 'MSE - std': 106320.38688114531, 'R2 - mean': 0.5102777275411793, 'R2 - std': 0.0025337462996552654} 
 

Saved Losses
{'MSE - mean': 12600630.131624894, 'MSE - std': 92085.49424017798, 'R2 - mean': 0.5109528510538061, 'R2 - std': 0.0024864187107499114} 
 

Saved Losses
{'MSE - mean': 12602547.592076562, 'MSE - std': 82453.00005397697, 'R2 - mean': 0.5120584911282446, 'R2 - std': 0.0031361731937111256} 
 

Saving model.....
Results After CV: {'MSE - mean': 12602547.592076562, 'MSE - std': 82453.00005397697, 'R2 - mean': 0.5120584911282446, 'R2 - std': 0.0031361731937111256}
Train time: 9.59504756259994
Inference time: 0.1339845580000656
Finished cross validation
Hyperparam was saved!!! Hurrah!!!
Trial 52 finished with value: 12602547.592076562 and parameters: {'max_depth': 11, 'n_estimators': 15}. Best is trial 25 with value: 12534009.862715444.
Saved Losses
{'MSE - mean': 12611518.209048174, 'MSE - std': 0.0, 'R2 - mean': 0.5063099617743049, 'R2 - std': 0.0} 
 

Saved Losses
{'MSE - mean': 12703442.730391126, 'MSE - std': 91924.52134295087, 'R2 - mean': 0.505639165150599, 'R2 - std': 0.0006707966237058383} 
 

Saved Losses
{'MSE - mean': 12758065.907216655, 'MSE - std': 107706.98511446058, 'R2 - mean': 0.5041909458208153, 'R2 - std': 0.002120060658228648} 
 

Saved Losses
{'MSE - mean': 12757159.300084466, 'MSE - std': 93290.20201131189, 'R2 - mean': 0.5048793396659534, 'R2 - std': 0.002189212450631377} 
 

Saved Losses
{'MSE - mean': 12759966.258176463, 'MSE - std': 83629.93177068845, 'R2 - mean': 0.5059652026890868, 'R2 - std': 0.002924126355551806} 
 

Saving model.....
Results After CV: {'MSE - mean': 12759966.258176463, 'MSE - std': 83629.93177068845, 'R2 - mean': 0.5059652026890868, 'R2 - std': 0.002924126355551806}
Train time: 7.05634963420016
Inference time: 0.11687378079986957
Finished cross validation
Hyperparam was saved!!! Hurrah!!!
Trial 53 finished with value: 12759966.258176463 and parameters: {'max_depth': 9, 'n_estimators': 13}. Best is trial 25 with value: 12534009.862715444.
Saved Losses
{'MSE - mean': 12539329.480607588, 'MSE - std': 0.0, 'R2 - mean': 0.5091358591415012, 'R2 - std': 0.0} 
 

Saved Losses
{'MSE - mean': 12621943.51678048, 'MSE - std': 82614.03617289197, 'R2 - mean': 0.5088087524853817, 'R2 - std': 0.000327106656119458} 
 

Saved Losses
{'MSE - mean': 12681010.802397894, 'MSE - std': 107368.25000406649, 'R2 - mean': 0.5071846645477827, 'R2 - std': 0.0023122836693972564} 
 

Saved Losses
{'MSE - mean': 12677552.231007671, 'MSE - std': 93176.39711796984, 'R2 - mean': 0.5079679719546959, 'R2 - std': 0.002418822710947693} 
 

Saved Losses
{'MSE - mean': 12675525.350783627, 'MSE - std': 83438.03543755664, 'R2 - mean': 0.5092319360100174, 'R2 - std': 0.003327308698960155} 
 

Saving model.....
Results After CV: {'MSE - mean': 12675525.350783627, 'MSE - std': 83438.03543755664, 'R2 - mean': 0.5092319360100174, 'R2 - std': 0.003327308698960155}
Train time: 6.500579162600024
Inference time: 0.1104091889999836
Finished cross validation
Hyperparam was saved!!! Hurrah!!!
