[I 2025-01-23 14:23:56,436] Trial 43 finished with value: 4.650247987491631 and parameters: {'max_depth': 11, 'n_estimators': 45}. Best is trial 26 with value: 4.56400515196641.
[I 2025-01-23 14:23:58,852] Trial 44 finished with value: 4.621952606080133 and parameters: {'max_depth': 10, 'n_estimators': 58}. Best is trial 26 with value: 4.56400515196641.
[I 2025-01-23 14:24:01,203] Trial 45 finished with value: 4.599471287652498 and parameters: {'max_depth': 8, 'n_estimators': 86}. Best is trial 26 with value: 4.56400515196641.
[I 2025-01-23 14:24:08,372] Trial 46 finished with value: 4.586076966215307 and parameters: {'max_depth': 9, 'n_estimators': 71}. Best is trial 26 with value: 4.56400515196641.
[I 2025-01-23 14:24:11,490] Trial 47 finished with value: 4.559652721502979 and parameters: {'max_depth': 9, 'n_estimators': 52}. Best is trial 47 with value: 4.559652721502979.
[I 2025-01-23 14:24:16,795] Trial 48 finished with value: 4.8333472285902 and parameters: {'max_depth': 5, 'n_estimators': 20}. Best is trial 47 with value: 4.559652721502979.
[I 2025-01-23 14:24:23,020] Trial 49 finished with value: 4.695728388887766 and parameters: {'max_depth': 6, 'n_estimators': 88}. Best is trial 47 with value: 4.559652721502979.
[I 2025-01-23 14:24:26,015] Trial 50 finished with value: 4.616850307662616 and parameters: {'max_depth': 8, 'n_estimators': 49}. Best is trial 47 with value: 4.559652721502979.
[I 2025-01-23 14:24:29,883] Trial 51 finished with value: 4.6151749098614285 and parameters: {'max_depth': 10, 'n_estimators': 67}. Best is trial 47 with value: 4.559652721502979.
[I 2025-01-23 14:24:31,203] Trial 52 finished with value: 4.624969302265113 and parameters: {'max_depth': 9, 'n_estimators': 37}. Best is trial 47 with value: 4.559652721502979.
[I 2025-01-23 14:24:32,359] Trial 53 finished with value: 4.624657248989431 and parameters: {'max_depth': 7, 'n_estimators': 54}. Best is trial 47 with value: 4.559652721502979.
[I 2025-01-23 14:24:35,279] Trial 54 finished with value: 4.608688359760794 and parameters: {'max_depth': 11, 'n_estimators': 83}. Best is trial 47 with value: 4.559652721502979.
[I 2025-01-23 14:24:39,661] Trial 55 finished with value: 4.914801756802432 and parameters: {'max_depth': 12, 'n_estimators': 11}. Best is trial 47 with value: 4.559652721502979.
[I 2025-01-23 14:24:46,933] Trial 56 finished with value: 4.6132211421557905 and parameters: {'max_depth': 8, 'n_estimators': 61}. Best is trial 47 with value: 4.559652721502979.
[I 2025-01-23 14:24:54,111] Trial 57 finished with value: 4.570234843858711 and parameters: {'max_depth': 9, 'n_estimators': 43}. Best is trial 47 with value: 4.559652721502979.
[I 2025-01-23 14:24:57,144] Trial 58 finished with value: 4.606590367842095 and parameters: {'max_depth': 9, 'n_estimators': 42}. Best is trial 47 with value: 4.559652721502979.
[I 2025-01-23 14:24:57,876] Trial 59 finished with value: 5.675363217645187 and parameters: {'max_depth': 3, 'n_estimators': 30}. Best is trial 47 with value: 4.559652721502979.
[I 2025-01-23 14:24:59,683] Trial 60 finished with value: 4.632724861990209 and parameters: {'max_depth': 7, 'n_estimators': 48}. Best is trial 47 with value: 4.559652721502979.
[I 2025-01-23 14:25:02,468] Trial 61 finished with value: 4.59734267568202 and parameters: {'max_depth': 9, 'n_estimators': 69}. Best is trial 47 with value: 4.559652721502979.
[I 2025-01-23 14:25:04,970] Trial 62 finished with value: 4.588981595676401 and parameters: {'max_depth': 10, 'n_estimators': 91}. Best is trial 47 with value: 4.559652721502979.
[I 2025-01-23 14:25:10,615] Trial 63 finished with value: 4.60950746428159 and parameters: {'max_depth': 11, 'n_estimators': 51}. Best is trial 47 with value: 4.559652721502979.
[I 2025-01-23 14:25:18,943] Trial 64 finished with value: 4.581564358543044 and parameters: {'max_depth': 8, 'n_estimators': 61}. Best is trial 47 with value: 4.559652721502979.
[I 2025-01-23 14:25:20,973] Trial 65 finished with value: 4.654865455487732 and parameters: {'max_depth': 10, 'n_estimators': 34}. Best is trial 47 with value: 4.559652721502979.
[I 2025-01-23 14:25:26,064] Trial 66 finished with value: 4.64756354590378 and parameters: {'max_depth': 12, 'n_estimators': 72}. Best is trial 47 with value: 4.559652721502979.
[I 2025-01-23 14:25:27,654] Trial 67 finished with value: 4.6145531465232805 and parameters: {'max_depth': 7, 'n_estimators': 79}. Best is trial 47 with value: 4.559652721502979.
[I 2025-01-23 14:25:29,639] Trial 68 finished with value: 4.590683415611802 and parameters: {'max_depth': 8, 'n_estimators': 95}. Best is trial 47 with value: 4.559652721502979.
[I 2025-01-23 14:25:31,194] Trial 69 finished with value: 4.648227181943794 and parameters: {'max_depth': 11, 'n_estimators': 47}. Best is trial 47 with value: 4.559652721502979.
[I 2025-01-23 14:25:35,930] Trial 70 finished with value: 4.6165026828313485 and parameters: {'max_depth': 9, 'n_estimators': 39}. Best is trial 47 with value: 4.559652721502979.
[I 2025-01-23 14:25:41,731] Trial 71 finished with value: 4.625205983020858 and parameters: {'max_depth': 8, 'n_estimators': 60}. Best is trial 47 with value: 4.559652721502979.
[I 2025-01-23 14:25:47,361] Trial 72 finished with value: 4.577860216081186 and parameters: {'max_depth': 8, 'n_estimators': 67}. Best is trial 47 with value: 4.559652721502979.
[I 2025-01-23 14:25:55,094] Trial 73 finished with value: 4.585481357756461 and parameters: {'max_depth': 9, 'n_estimators': 65}. Best is trial 47 with value: 4.559652721502979.
[I 2025-01-23 14:25:57,719] Trial 74 finished with value: 4.698196903170286 and parameters: {'max_depth': 6, 'n_estimators': 55}. Best is trial 47 with value: 4.559652721502979.
[I 2025-01-23 14:26:01,159] Trial 75 finished with value: 4.566229121197788 and parameters: {'max_depth': 10, 'n_estimators': 78}. Best is trial 47 with value: 4.559652721502979.
[I 2025-01-23 14:26:03,787] Trial 76 finished with value: 4.5887057731263 and parameters: {'max_depth': 10, 'n_estimators': 79}. Best is trial 47 with value: 4.559652721502979.
[I 2025-01-23 14:26:10,041] Trial 77 finished with value: 4.582524059499795 and parameters: {'max_depth': 10, 'n_estimators': 99}. Best is trial 47 with value: 4.559652721502979.
[I 2025-01-23 14:26:15,968] Trial 78 finished with value: 4.635205253054446 and parameters: {'max_depth': 11, 'n_estimators': 75}. Best is trial 47 with value: 4.559652721502979.
[I 2025-01-23 14:26:25,349] Trial 79 finished with value: 4.599954052366381 and parameters: {'max_depth': 12, 'n_estimators': 89}. Best is trial 47 with value: 4.559652721502979.
[I 2025-01-23 14:26:27,407] Trial 80 finished with value: 4.5877489833507665 and parameters: {'max_depth': 9, 'n_estimators': 83}. Best is trial 47 with value: 4.559652721502979.
[I 2025-01-23 14:26:29,067] Trial 81 finished with value: 4.588951661345473 and parameters: {'max_depth': 8, 'n_estimators': 58}. Best is trial 47 with value: 4.559652721502979.
[I 2025-01-23 14:26:30,915] Trial 82 finished with value: 4.589971861472542 and parameters: {'max_depth': 9, 'n_estimators': 69}. Best is trial 47 with value: 4.559652721502979.
[I 2025-01-23 14:26:33,657] Trial 83 finished with value: 4.611137607616771 and parameters: {'max_depth': 10, 'n_estimators': 66}. Best is trial 47 with value: 4.559652721502979.
[I 2025-01-23 14:26:35,973] Trial 84 finished with value: 4.584654259261794 and parameters: {'max_depth': 11, 'n_estimators': 76}. Best is trial 47 with value: 4.559652721502979.
[I 2025-01-23 14:26:40,408] Trial 85 finished with value: 4.904262987777587 and parameters: {'max_depth': 7, 'n_estimators': 6}. Best is trial 47 with value: 4.559652721502979.
[I 2025-01-23 14:26:51,305] Trial 86 finished with value: 4.577234192586343 and parameters: {'max_depth': 10, 'n_estimators': 92}. Best is trial 47 with value: 4.559652721502979.
[I 2025-01-23 14:26:57,520] Trial 87 finished with value: 4.574440732771704 and parameters: {'max_depth': 10, 'n_estimators': 91}. Best is trial 47 with value: 4.559652721502979.
[I 2025-01-23 14:27:00,350] Trial 88 finished with value: 4.600520579965032 and parameters: {'max_depth': 11, 'n_estimators': 100}. Best is trial 47 with value: 4.559652721502979.
[I 2025-01-23 14:27:03,669] Trial 89 finished with value: 4.759255996666331 and parameters: {'max_depth': 12, 'n_estimators': 26}. Best is trial 47 with value: 4.559652721502979.
[I 2025-01-23 14:27:06,765] Trial 90 finished with value: 4.585490294599702 and parameters: {'max_depth': 9, 'n_estimators': 84}. Best is trial 47 with value: 4.559652721502979.
[I 2025-01-23 14:27:13,649] Trial 91 finished with value: 4.596272338598169 and parameters: {'max_depth': 10, 'n_estimators': 93}. Best is trial 47 with value: 4.559652721502979.
[I 2025-01-23 14:27:20,376] Trial 92 finished with value: 4.572854493663611 and parameters: {'max_depth': 10, 'n_estimators': 91}. Best is trial 47 with value: 4.559652721502979.
[I 2025-01-23 14:27:26,569] Trial 93 finished with value: 4.617681065364993 and parameters: {'max_depth': 11, 'n_estimators': 72}. Best is trial 47 with value: 4.559652721502979.
[I 2025-01-23 14:27:33,768] Trial 94 finished with value: 4.627398717066197 and parameters: {'max_depth': 10, 'n_estimators': 82}. Best is trial 47 with value: 4.559652721502979.
[I 2025-01-23 14:27:35,700] Trial 95 finished with value: 4.6273705231662365 and parameters: {'max_depth': 9, 'n_estimators': 51}. Best is trial 47 with value: 4.559652721502979.
[I 2025-01-23 14:27:38,323] Trial 96 finished with value: 4.607678388046103 and parameters: {'max_depth': 12, 'n_estimators': 88}. Best is trial 47 with value: 4.559652721502979.
[I 2025-01-23 14:27:44,081] Trial 97 finished with value: 4.650826320036712 and parameters: {'max_depth': 11, 'n_estimators': 77}. Best is trial 47 with value: 4.559652721502979.
[I 2025-01-23 14:27:49,574] Trial 98 finished with value: 4.578215183630368 and parameters: {'max_depth': 10, 'n_estimators': 44}. Best is trial 47 with value: 4.559652721502979.
[I 2025-01-23 14:27:53,281] Trial 99 finished with value: 4.617275078810654 and parameters: {'max_depth': 9, 'n_estimators': 63}. Best is trial 47 with value: 4.559652721502979.
[I 2025-01-23 14:28:01,542] Trial 100 finished with value: 4.605859185613499 and parameters: {'max_depth': 8, 'n_estimators': 71}. Best is trial 47 with value: 4.559652721502979.
[I 2025-01-23 14:28:03,939] Trial 101 finished with value: 4.566424896811425 and parameters: {'max_depth': 10, 'n_estimators': 93}. Best is trial 47 with value: 4.559652721502979.
[I 2025-01-23 14:28:06,140] Trial 102 finished with value: 4.603988105178557 and parameters: {'max_depth': 10, 'n_estimators': 94}. Best is trial 47 with value: 4.559652721502979.
[I 2025-01-23 14:28:08,999] Trial 103 finished with value: 4.597351075492939 and parameters: {'max_depth': 11, 'n_estimators': 85}. Best is trial 47 with value: 4.559652721502979.
[I 2025-01-23 14:28:10,714] Trial 104 finished with value: 4.597043089910719 and parameters: {'max_depth': 9, 'n_estimators': 79}. Best is trial 47 with value: 4.559652721502979.
[I 2025-01-23 14:28:19,113] Trial 105 finished with value: 4.601370418429736 and parameters: {'max_depth': 9, 'n_estimators': 58}. Best is trial 47 with value: 4.559652721502979.
[I 2025-01-23 14:28:27,003] Trial 106 finished with value: 4.584245181701677 and parameters: {'max_depth': 10, 'n_estimators': 100}. Best is trial 47 with value: 4.559652721502979.
[I 2025-01-23 14:28:32,581] Trial 107 finished with value: 4.593905550644426 and parameters: {'max_depth': 11, 'n_estimators': 91}. Best is trial 47 with value: 4.559652721502979.
[I 2025-01-23 14:28:34,829] Trial 108 finished with value: 4.611107674320448 and parameters: {'max_depth': 12, 'n_estimators': 75}. Best is trial 47 with value: 4.559652721502979.
[I 2025-01-23 14:28:38,805] Trial 109 finished with value: 4.587863353405161 and parameters: {'max_depth': 8, 'n_estimators': 81}. Best is trial 47 with value: 4.559652721502979.
[I 2025-01-23 14:28:41,460] Trial 110 finished with value: 4.820464494594905 and parameters: {'max_depth': 5, 'n_estimators': 53}. Best is trial 47 with value: 4.559652721502979.
[I 2025-01-23 14:28:47,563] Trial 111 finished with value: 4.571162875809586 and parameters: {'max_depth': 10, 'n_estimators': 93}. Best is trial 47 with value: 4.559652721502979.
[I 2025-01-23 14:28:49,574] Trial 112 finished with value: 4.7031986146353635 and parameters: {'max_depth': 10, 'n_estimators': 19}. Best is trial 47 with value: 4.559652721502979.
[I 2025-01-23 14:28:55,960] Trial 113 finished with value: 4.578228756019313 and parameters: {'max_depth': 9, 'n_estimators': 88}. Best is trial 47 with value: 4.559652721502979.
[I 2025-01-23 14:29:01,545] Trial 114 finished with value: 4.59771288380451 and parameters: {'max_depth': 9, 'n_estimators': 69}. Best is trial 47 with value: 4.559652721502979.
[I 2025-01-23 14:29:07,074] Trial 115 finished with value: 4.616240948179358 and parameters: {'max_depth': 10, 'n_estimators': 95}. Best is trial 47 with value: 4.559652721502979.
[I 2025-01-23 14:29:09,608] Trial 116 finished with value: 5.064625987685058 and parameters: {'max_depth': 4, 'n_estimators': 64}. Best is trial 47 with value: 4.559652721502979.
[I 2025-01-23 14:29:12,021] Trial 117 finished with value: 4.647084990620986 and parameters: {'max_depth': 11, 'n_estimators': 82}. Best is trial 47 with value: 4.559652721502979.
[I 2025-01-23 14:29:14,608] Trial 118 finished with value: 4.591727593520234 and parameters: {'max_depth': 8, 'n_estimators': 73}. Best is trial 47 with value: 4.559652721502979.
[I 2025-01-23 14:29:19,838] Trial 119 finished with value: 4.577498896642748 and parameters: {'max_depth': 10, 'n_estimators': 86}. Best is trial 47 with value: 4.559652721502979.
[I 2025-01-23 14:29:28,645] Trial 120 finished with value: 4.618421882122877 and parameters: {'max_depth': 11, 'n_estimators': 60}. Best is trial 47 with value: 4.559652721502979.
[I 2025-01-23 14:29:35,032] Trial 121 finished with value: 4.564049883915466 and parameters: {'max_depth': 10, 'n_estimators': 92}. Best is trial 47 with value: 4.559652721502979.
[I 2025-01-23 14:29:38,024] Trial 122 finished with value: 4.586906352339237 and parameters: {'max_depth': 10, 'n_estimators': 95}. Best is trial 47 with value: 4.559652721502979.
[I 2025-01-23 14:29:40,015] Trial 123 finished with value: 4.589410310510994 and parameters: {'max_depth': 9, 'n_estimators': 76}. Best is trial 47 with value: 4.559652721502979.
[I 2025-01-23 14:29:42,524] Trial 124 finished with value: 4.5865156741209585 and parameters: {'max_depth': 10, 'n_estimators': 100}. Best is trial 47 with value: 4.559652721502979.
[I 2025-01-23 14:29:46,026] Trial 125 finished with value: 4.579939672800396 and parameters: {'max_depth': 12, 'n_estimators': 90}. Best is trial 47 with value: 4.559652721502979.
[I 2025-01-23 14:29:52,222] Trial 126 finished with value: 4.596890029100939 and parameters: {'max_depth': 9, 'n_estimators': 68}. Best is trial 47 with value: 4.559652721502979.
[I 2025-01-23 14:29:57,333] Trial 127 finished with value: 4.810321509496253 and parameters: {'max_depth': 11, 'n_estimators': 11}. Best is trial 47 with value: 4.559652721502979.
[I 2025-01-23 14:30:04,234] Trial 128 finished with value: 4.578860624277282 and parameters: {'max_depth': 8, 'n_estimators': 80}. Best is trial 47 with value: 4.559652721502979.
[I 2025-01-23 14:30:06,685] Trial 129 finished with value: 4.603531616000726 and parameters: {'max_depth': 9, 'n_estimators': 87}. Best is trial 47 with value: 4.559652721502979.
[I 2025-01-23 14:30:12,541] Trial 130 finished with value: 4.568053304855641 and parameters: {'max_depth': 11, 'n_estimators': 93}. Best is trial 47 with value: 4.559652721502979.
[I 2025-01-23 14:30:18,826] Trial 131 finished with value: 4.553777553792237 and parameters: {'max_depth': 11, 'n_estimators': 95}. Best is trial 131 with value: 4.553777553792237.
[I 2025-01-23 14:30:27,045] Trial 132 finished with value: 4.593511959821302 and parameters: {'max_depth': 12, 'n_estimators': 94}. Best is trial 131 with value: 4.553777553792237.
[I 2025-01-23 14:30:33,607] Trial 133 finished with value: 4.565640571909595 and parameters: {'max_depth': 11, 'n_estimators': 87}. Best is trial 131 with value: 4.553777553792237.
[I 2025-01-23 14:30:40,222] Trial 134 finished with value: 4.59785921985637 and parameters: {'max_depth': 11, 'n_estimators': 85}. Best is trial 131 with value: 4.553777553792237.
[I 2025-01-23 14:30:42,813] Trial 135 finished with value: 4.610543214369686 and parameters: {'max_depth': 11, 'n_estimators': 100}. Best is trial 131 with value: 4.553777553792237.
[I 2025-01-23 14:30:45,093] Trial 136 finished with value: 4.618298644724879 and parameters: {'max_depth': 12, 'n_estimators': 79}. Best is trial 131 with value: 4.553777553792237.
[I 2025-01-23 14:30:51,065] Trial 137 finished with value: 4.585302834013844 and parameters: {'max_depth': 11, 'n_estimators': 89}. Best is trial 131 with value: 4.553777553792237.
[I 2025-01-23 14:30:57,383] Trial 138 finished with value: 4.682634798599333 and parameters: {'max_depth': 10, 'n_estimators': 34}. Best is trial 131 with value: 4.553777553792237.
[I 2025-01-23 14:31:06,041] Trial 139 finished with value: 4.646351753789915 and parameters: {'max_depth': 12, 'n_estimators': 73}. Best is trial 131 with value: 4.553777553792237.
[I 2025-01-23 14:31:08,524] Trial 140 finished with value: 4.613469687505515 and parameters: {'max_depth': 10, 'n_estimators': 83}. Best is trial 131 with value: 4.553777553792237.
[I 2025-01-23 14:31:11,816] Trial 141 finished with value: 4.612108183938383 and parameters: {'max_depth': 11, 'n_estimators': 93}. Best is trial 131 with value: 4.553777553792237.
[I 2025-01-23 14:31:14,604] Trial 142 finished with value: 4.5808271292946765 and parameters: {'max_depth': 10, 'n_estimators': 94}. Best is trial 131 with value: 4.553777553792237.
[I 2025-01-23 14:31:24,872] Trial 143 finished with value: 4.601276904298929 and parameters: {'max_depth': 10, 'n_estimators': 88}. Best is trial 131 with value: 4.553777553792237.
[I 2025-01-23 14:31:36,734] Trial 144 finished with value: 4.59109661610883 and parameters: {'max_depth': 9, 'n_estimators': 78}. Best is trial 131 with value: 4.553777553792237.
[I 2025-01-23 14:31:43,847] Trial 145 finished with value: 4.595192827012321 and parameters: {'max_depth': 10, 'n_estimators': 96}. Best is trial 131 with value: 4.553777553792237.
[I 2025-01-23 14:31:46,188] Trial 146 finished with value: 4.625516715720567 and parameters: {'max_depth': 11, 'n_estimators': 86}. Best is trial 131 with value: 4.553777553792237.
[I 2025-01-23 14:31:50,917] Trial 147 finished with value: 4.587913239479592 and parameters: {'max_depth': 10, 'n_estimators': 81}. Best is trial 131 with value: 4.553777553792237.
[I 2025-01-23 14:31:54,138] Trial 148 finished with value: 4.596420457974414 and parameters: {'max_depth': 9, 'n_estimators': 100}. Best is trial 131 with value: 4.553777553792237.
[I 2025-01-23 14:31:59,039] Trial 149 finished with value: 4.598597735211116 and parameters: {'max_depth': 11, 'n_estimators': 74}. Best is trial 131 with value: 4.553777553792237.
[I 2025-01-23 14:32:04,627] Trial 150 finished with value: 4.576245513913117 and parameters: {'max_depth': 9, 'n_estimators': 91}. Best is trial 131 with value: 4.553777553792237.
[I 2025-01-23 14:32:12,224] Trial 151 finished with value: 4.5908143195354665 and parameters: {'max_depth': 10, 'n_estimators': 66}. Best is trial 131 with value: 4.553777553792237.
[I 2025-01-23 14:32:16,841] Trial 152 finished with value: 4.64534248016633 and parameters: {'max_depth': 12, 'n_estimators': 70}. Best is trial 131 with value: 4.553777553792237.
[I 2025-01-23 14:32:19,748] Trial 153 finished with value: 4.601304754055083 and parameters: {'max_depth': 10, 'n_estimators': 83}. Best is trial 131 with value: 4.553777553792237.
[I 2025-01-23 14:32:22,445] Trial 154 finished with value: 4.6506430767798514 and parameters: {'max_depth': 11, 'n_estimators': 77}. Best is trial 131 with value: 4.553777553792237.
[I 2025-01-23 14:32:28,257] Trial 155 finished with value: 4.589033438279328 and parameters: {'max_depth': 9, 'n_estimators': 91}. Best is trial 131 with value: 4.553777553792237.
[I 2025-01-23 14:32:37,952] Trial 156 finished with value: 4.615482239231583 and parameters: {'max_depth': 10, 'n_estimators': 55}. Best is trial 131 with value: 4.553777553792237.
[I 2025-01-23 14:32:42,490] Trial 157 finished with value: 4.60739037622095 and parameters: {'max_depth': 8, 'n_estimators': 63}. Best is trial 131 with value: 4.553777553792237.
[I 2025-01-23 14:32:44,560] Trial 158 finished with value: 4.605924723848413 and parameters: {'max_depth': 11, 'n_estimators': 84}. Best is trial 131 with value: 4.553777553792237.
[I 2025-01-23 14:32:45,692] Trial 159 finished with value: 6.339141854606515 and parameters: {'max_depth': 2, 'n_estimators': 71}. Best is trial 131 with value: 4.553777553792237.
[I 2025-01-23 14:32:47,840] Trial 160 finished with value: 4.578889264702253 and parameters: {'max_depth': 10, 'n_estimators': 95}. Best is trial 131 with value: 4.553777553792237.
[I 2025-01-23 14:32:49,949] Trial 161 finished with value: 4.59693791045278 and parameters: {'max_depth': 9, 'n_estimators': 91}. Best is trial 131 with value: 4.553777553792237.
[I 2025-01-23 14:32:54,012] Trial 162 finished with value: 4.588094135173505 and parameters: {'max_depth': 9, 'n_estimators': 87}. Best is trial 131 with value: 4.553777553792237.
[I 2025-01-23 14:33:00,370] Trial 163 finished with value: 4.561519000082365 and parameters: {'max_depth': 9, 'n_estimators': 100}. Best is trial 131 with value: 4.553777553792237.
[I 2025-01-23 14:33:04,847] Trial 164 finished with value: 4.5985484601212985 and parameters: {'max_depth': 10, 'n_estimators': 99}. Best is trial 131 with value: 4.553777553792237.
