[I 2025-01-23 14:12:08,663] A new study created in RDB with name: RandomForest_Brazillian_Houses
[I 2025-01-23 14:12:09,550] Trial 0 finished with value: 44181529.12699504 and parameters: {'max_depth': 2, 'n_estimators': 44}. Best is trial 0 with value: 44181529.12699504.
[I 2025-01-23 14:12:10,139] Trial 1 finished with value: 68265114.19428733 and parameters: {'max_depth': 7, 'n_estimators': 5}. Best is trial 0 with value: 44181529.12699504.
[I 2025-01-23 14:12:10,725] Trial 2 finished with value: 44898859.63140664 and parameters: {'max_depth': 2, 'n_estimators': 15}. Best is trial 0 with value: 44181529.12699504.
[I 2025-01-23 14:12:11,434] Trial 3 finished with value: 39920810.92726858 and parameters: {'max_depth': 3, 'n_estimators': 19}. Best is trial 3 with value: 39920810.92726858.
[I 2025-01-23 14:12:12,843] Trial 4 finished with value: 53250491.84695843 and parameters: {'max_depth': 2, 'n_estimators': 84}. Best is trial 3 with value: 39920810.92726858.
[I 2025-01-23 14:12:17,222] Trial 5 finished with value: 52845377.960613005 and parameters: {'max_depth': 5, 'n_estimators': 60}. Best is trial 3 with value: 39920810.92726858.
[I 2025-01-23 14:12:22,960] Trial 6 finished with value: 42325881.01468233 and parameters: {'max_depth': 7, 'n_estimators': 87}. Best is trial 3 with value: 39920810.92726858.
[I 2025-01-23 14:12:24,847] Trial 7 finished with value: 78695750.61078903 and parameters: {'max_depth': 2, 'n_estimators': 10}. Best is trial 3 with value: 39920810.92726858.
[I 2025-01-23 14:12:28,148] Trial 8 finished with value: 54899225.17739741 and parameters: {'max_depth': 2, 'n_estimators': 68}. Best is trial 3 with value: 39920810.92726858.
[I 2025-01-23 14:12:31,102] Trial 9 finished with value: 49379519.38144719 and parameters: {'max_depth': 6, 'n_estimators': 5}. Best is trial 3 with value: 39920810.92726858.
[I 2025-01-23 14:12:32,649] Trial 10 finished with value: 47604281.46659286 and parameters: {'max_depth': 12, 'n_estimators': 29}. Best is trial 3 with value: 39920810.92726858.
[I 2025-01-23 14:12:33,291] Trial 11 finished with value: 76197550.93478619 and parameters: {'max_depth': 3, 'n_estimators': 24}. Best is trial 3 with value: 39920810.92726858.
[I 2025-01-23 14:12:34,032] Trial 12 finished with value: 72820529.54656787 and parameters: {'max_depth': 9, 'n_estimators': 13}. Best is trial 3 with value: 39920810.92726858.
[I 2025-01-23 14:12:34,932] Trial 13 finished with value: 34393151.128563 and parameters: {'max_depth': 4, 'n_estimators': 39}. Best is trial 13 with value: 34393151.128563.
[I 2025-01-23 14:12:35,649] Trial 14 finished with value: 42129492.09449129 and parameters: {'max_depth': 3, 'n_estimators': 34}. Best is trial 13 with value: 34393151.128563.
[I 2025-01-23 14:12:36,245] Trial 15 finished with value: 64415424.47812605 and parameters: {'max_depth': 3, 'n_estimators': 17}. Best is trial 13 with value: 34393151.128563.
[I 2025-01-23 14:12:36,781] Trial 16 finished with value: 67663683.46312144 and parameters: {'max_depth': 4, 'n_estimators': 9}. Best is trial 13 with value: 34393151.128563.
[I 2025-01-23 14:12:37,916] Trial 17 finished with value: 39722227.75807095 and parameters: {'max_depth': 4, 'n_estimators': 45}. Best is trial 13 with value: 34393151.128563.
[I 2025-01-23 14:12:39,053] Trial 18 finished with value: 36342547.63385266 and parameters: {'max_depth': 4, 'n_estimators': 44}. Best is trial 13 with value: 34393151.128563.
[I 2025-01-23 14:12:40,185] Trial 19 finished with value: 45563040.52331146 and parameters: {'max_depth': 5, 'n_estimators': 40}. Best is trial 13 with value: 34393151.128563.
[I 2025-01-23 14:12:44,669] Trial 20 finished with value: 54016269.174330555 and parameters: {'max_depth': 4, 'n_estimators': 55}. Best is trial 13 with value: 34393151.128563.
[I 2025-01-23 14:12:48,015] Trial 21 finished with value: 39225636.49335867 and parameters: {'max_depth': 4, 'n_estimators': 50}. Best is trial 13 with value: 34393151.128563.
[I 2025-01-23 14:12:52,950] Trial 22 finished with value: 45376685.043116614 and parameters: {'max_depth': 5, 'n_estimators': 31}. Best is trial 13 with value: 34393151.128563.
[I 2025-01-23 14:12:53,750] Trial 23 finished with value: 42568686.77453434 and parameters: {'max_depth': 4, 'n_estimators': 24}. Best is trial 13 with value: 34393151.128563.
[I 2025-01-23 14:12:57,999] Trial 24 finished with value: 57550099.793920204 and parameters: {'max_depth': 6, 'n_estimators': 52}. Best is trial 13 with value: 34393151.128563.
[I 2025-01-23 14:12:59,171] Trial 25 finished with value: 38922542.974750705 and parameters: {'max_depth': 3, 'n_estimators': 69}. Best is trial 13 with value: 34393151.128563.
[I 2025-01-23 14:13:00,292] Trial 26 finished with value: 62218840.43414686 and parameters: {'max_depth': 3, 'n_estimators': 72}. Best is trial 13 with value: 34393151.128563.
[I 2025-01-23 14:13:01,209] Trial 27 finished with value: 59372732.97961761 and parameters: {'max_depth': 5, 'n_estimators': 37}. Best is trial 13 with value: 34393151.128563.
[I 2025-01-23 14:13:02,507] Trial 28 finished with value: 39840409.262584105 and parameters: {'max_depth': 3, 'n_estimators': 89}. Best is trial 13 with value: 34393151.128563.
[I 2025-01-23 14:13:04,695] Trial 29 finished with value: 42116592.61955786 and parameters: {'max_depth': 6, 'n_estimators': 65}. Best is trial 13 with value: 34393151.128563.
[I 2025-01-23 14:13:06,836] Trial 30 finished with value: 20361948.87074124 and parameters: {'max_depth': 8, 'n_estimators': 43}. Best is trial 30 with value: 20361948.87074124.
[I 2025-01-23 14:13:08,518] Trial 31 finished with value: 42584459.710054606 and parameters: {'max_depth': 11, 'n_estimators': 43}. Best is trial 30 with value: 20361948.87074124.
[I 2025-01-23 14:13:13,330] Trial 32 finished with value: 50673622.888926715 and parameters: {'max_depth': 8, 'n_estimators': 32}. Best is trial 30 with value: 20361948.87074124.
[I 2025-01-23 14:13:14,955] Trial 33 finished with value: 49649653.831615485 and parameters: {'max_depth': 10, 'n_estimators': 27}. Best is trial 30 with value: 20361948.87074124.
[I 2025-01-23 14:13:16,956] Trial 34 finished with value: 31215303.299697615 and parameters: {'max_depth': 7, 'n_estimators': 46}. Best is trial 30 with value: 20361948.87074124.
[I 2025-01-23 14:13:23,851] Trial 35 finished with value: 36908676.84115817 and parameters: {'max_depth': 8, 'n_estimators': 46}. Best is trial 30 with value: 20361948.87074124.
[I 2025-01-23 14:13:30,150] Trial 36 finished with value: 55278245.21729143 and parameters: {'max_depth': 8, 'n_estimators': 21}. Best is trial 30 with value: 20361948.87074124.
[I 2025-01-23 14:13:32,558] Trial 37 finished with value: 48797284.59236662 and parameters: {'max_depth': 7, 'n_estimators': 38}. Best is trial 30 with value: 20361948.87074124.
[I 2025-01-23 14:13:34,415] Trial 38 finished with value: 49643575.73332288 and parameters: {'max_depth': 7, 'n_estimators': 76}. Best is trial 30 with value: 20361948.87074124.
[I 2025-01-23 14:13:37,671] Trial 39 finished with value: 40994950.54112651 and parameters: {'max_depth': 9, 'n_estimators': 100}. Best is trial 30 with value: 20361948.87074124.
[I 2025-01-23 14:13:39,177] Trial 40 finished with value: 37799392.9601131 and parameters: {'max_depth': 6, 'n_estimators': 26}. Best is trial 30 with value: 20361948.87074124.
[I 2025-01-23 14:13:44,588] Trial 41 finished with value: 44451775.80825172 and parameters: {'max_depth': 8, 'n_estimators': 57}. Best is trial 30 with value: 20361948.87074124.
[I 2025-01-23 14:13:51,962] Trial 42 finished with value: 54552130.41688714 and parameters: {'max_depth': 10, 'n_estimators': 46}. Best is trial 30 with value: 20361948.87074124.
[I 2025-01-23 14:13:59,805] Trial 43 finished with value: 41355300.89334466 and parameters: {'max_depth': 9, 'n_estimators': 36}. Best is trial 30 with value: 20361948.87074124.
[I 2025-01-23 14:14:01,933] Trial 44 finished with value: 44937089.181468636 and parameters: {'max_depth': 12, 'n_estimators': 48}. Best is trial 30 with value: 20361948.87074124.
[I 2025-01-23 14:14:03,796] Trial 45 finished with value: 49011990.97048871 and parameters: {'max_depth': 5, 'n_estimators': 62}. Best is trial 30 with value: 20361948.87074124.
[I 2025-01-23 14:14:05,610] Trial 46 finished with value: 40815003.13489657 and parameters: {'max_depth': 7, 'n_estimators': 41}. Best is trial 30 with value: 20361948.87074124.
[I 2025-01-23 14:14:06,589] Trial 47 finished with value: 31789118.67102561 and parameters: {'max_depth': 8, 'n_estimators': 30}. Best is trial 30 with value: 20361948.87074124.
[I 2025-01-23 14:14:07,775] Trial 48 finished with value: 42870071.08192237 and parameters: {'max_depth': 7, 'n_estimators': 31}. Best is trial 30 with value: 20361948.87074124.
[I 2025-01-23 14:14:08,478] Trial 49 finished with value: 74984851.96063438 and parameters: {'max_depth': 6, 'n_estimators': 19}. Best is trial 30 with value: 20361948.87074124.
[I 2025-01-23 14:14:09,607] Trial 50 finished with value: 50641559.580787405 and parameters: {'max_depth': 10, 'n_estimators': 27}. Best is trial 30 with value: 20361948.87074124.
[I 2025-01-23 14:14:14,451] Trial 51 finished with value: 21840212.969243627 and parameters: {'max_depth': 8, 'n_estimators': 34}. Best is trial 30 with value: 20361948.87074124.
[I 2025-01-23 14:14:24,568] Trial 52 finished with value: 48647307.66134957 and parameters: {'max_depth': 9, 'n_estimators': 35}. Best is trial 30 with value: 20361948.87074124.
[I 2025-01-23 14:14:25,530] Trial 53 finished with value: 67256513.02948071 and parameters: {'max_depth': 8, 'n_estimators': 22}. Best is trial 30 with value: 20361948.87074124.
[I 2025-01-23 14:14:30,698] Trial 54 finished with value: 43891643.03478266 and parameters: {'max_depth': 11, 'n_estimators': 53}. Best is trial 30 with value: 20361948.87074124.
[I 2025-01-23 14:14:31,428] Trial 55 finished with value: 51882614.72047543 and parameters: {'max_depth': 9, 'n_estimators': 6}. Best is trial 30 with value: 20361948.87074124.
[I 2025-01-23 14:14:32,875] Trial 56 finished with value: 39076516.31559326 and parameters: {'max_depth': 6, 'n_estimators': 29}. Best is trial 30 with value: 20361948.87074124.
[I 2025-01-23 14:14:34,744] Trial 57 finished with value: 35286057.1432031 and parameters: {'max_depth': 11, 'n_estimators': 15}. Best is trial 30 with value: 20361948.87074124.
[I 2025-01-23 14:14:38,432] Trial 58 finished with value: 32490148.594350796 and parameters: {'max_depth': 10, 'n_estimators': 14}. Best is trial 30 with value: 20361948.87074124.
[I 2025-01-23 14:14:41,287] Trial 59 finished with value: 77661409.58460467 and parameters: {'max_depth': 10, 'n_estimators': 13}. Best is trial 30 with value: 20361948.87074124.
[I 2025-01-23 14:14:48,048] Trial 60 finished with value: 44223073.2343204 and parameters: {'max_depth': 7, 'n_estimators': 12}. Best is trial 30 with value: 20361948.87074124.
[I 2025-01-23 14:14:49,308] Trial 61 finished with value: 23170579.5262627 and parameters: {'max_depth': 11, 'n_estimators': 17}. Best is trial 30 with value: 20361948.87074124.
[I 2025-01-23 14:14:53,141] Trial 62 finished with value: 56523520.58470639 and parameters: {'max_depth': 12, 'n_estimators': 16}. Best is trial 30 with value: 20361948.87074124.
[I 2025-01-23 14:14:55,271] Trial 63 finished with value: 48905309.19368212 and parameters: {'max_depth': 11, 'n_estimators': 10}. Best is trial 30 with value: 20361948.87074124.
[I 2025-01-23 14:14:57,311] Trial 64 finished with value: 24388426.25160216 and parameters: {'max_depth': 10, 'n_estimators': 19}. Best is trial 30 with value: 20361948.87074124.
[I 2025-01-23 14:14:58,491] Trial 65 finished with value: 43179627.96030407 and parameters: {'max_depth': 10, 'n_estimators': 23}. Best is trial 30 with value: 20361948.87074124.
[I 2025-01-23 14:15:05,680] Trial 66 finished with value: 61486445.939328395 and parameters: {'max_depth': 12, 'n_estimators': 18}. Best is trial 30 with value: 20361948.87074124.
[I 2025-01-23 14:15:07,161] Trial 67 finished with value: 50073302.23522068 and parameters: {'max_depth': 9, 'n_estimators': 21}. Best is trial 30 with value: 20361948.87074124.
[I 2025-01-23 14:15:07,955] Trial 68 finished with value: 38816830.46128483 and parameters: {'max_depth': 8, 'n_estimators': 14}. Best is trial 30 with value: 20361948.87074124.
[I 2025-01-23 14:15:10,176] Trial 69 finished with value: 54195596.509357765 and parameters: {'max_depth': 11, 'n_estimators': 19}. Best is trial 30 with value: 20361948.87074124.
[I 2025-01-23 14:15:10,981] Trial 70 finished with value: 33050975.80747386 and parameters: {'max_depth': 10, 'n_estimators': 10}. Best is trial 30 with value: 20361948.87074124.
[I 2025-01-23 14:15:11,797] Trial 71 finished with value: 67841910.12502159 and parameters: {'max_depth': 10, 'n_estimators': 11}. Best is trial 30 with value: 20361948.87074124.
[I 2025-01-23 14:15:12,519] Trial 72 finished with value: 34119192.53082545 and parameters: {'max_depth': 9, 'n_estimators': 9}. Best is trial 30 with value: 20361948.87074124.
[I 2025-01-23 14:15:13,308] Trial 73 finished with value: 35106394.12309678 and parameters: {'max_depth': 11, 'n_estimators': 9}. Best is trial 30 with value: 20361948.87074124.
[I 2025-01-23 14:15:14,075] Trial 74 finished with value: 38082538.74734808 and parameters: {'max_depth': 8, 'n_estimators': 7}. Best is trial 30 with value: 20361948.87074124.
[I 2025-01-23 14:15:15,183] Trial 75 finished with value: 28045460.156870246 and parameters: {'max_depth': 10, 'n_estimators': 15}. Best is trial 30 with value: 20361948.87074124.
[I 2025-01-23 14:15:21,694] Trial 76 finished with value: 57552508.867283866 and parameters: {'max_depth': 9, 'n_estimators': 25}. Best is trial 30 with value: 20361948.87074124.
[I 2025-01-23 14:15:28,976] Trial 77 finished with value: 38456241.07774454 and parameters: {'max_depth': 11, 'n_estimators': 17}. Best is trial 30 with value: 20361948.87074124.
[I 2025-01-23 14:15:34,969] Trial 78 finished with value: 43459593.99920584 and parameters: {'max_depth': 12, 'n_estimators': 15}. Best is trial 30 with value: 20361948.87074124.
[I 2025-01-23 14:15:36,688] Trial 79 finished with value: 62447321.86274956 and parameters: {'max_depth': 8, 'n_estimators': 20}. Best is trial 30 with value: 20361948.87074124.
[I 2025-01-23 14:15:37,701] Trial 80 finished with value: 63820963.111711085 and parameters: {'max_depth': 10, 'n_estimators': 17}. Best is trial 30 with value: 20361948.87074124.
[I 2025-01-23 14:15:38,619] Trial 81 finished with value: 14970933.189766347 and parameters: {'max_depth': 10, 'n_estimators': 12}. Best is trial 81 with value: 14970933.189766347.
[I 2025-01-23 14:15:39,527] Trial 82 finished with value: 58429123.6481997 and parameters: {'max_depth': 9, 'n_estimators': 14}. Best is trial 81 with value: 14970933.189766347.
[I 2025-01-23 14:15:40,358] Trial 83 finished with value: 37201986.48027332 and parameters: {'max_depth': 10, 'n_estimators': 12}. Best is trial 81 with value: 14970933.189766347.
[I 2025-01-23 14:15:41,328] Trial 84 finished with value: 19428474.638601966 and parameters: {'max_depth': 12, 'n_estimators': 12}. Best is trial 81 with value: 14970933.189766347.
[I 2025-01-23 14:15:42,157] Trial 85 finished with value: 56002418.262792826 and parameters: {'max_depth': 12, 'n_estimators': 8}. Best is trial 81 with value: 14970933.189766347.
[I 2025-01-23 14:15:49,277] Trial 86 finished with value: 37997787.05073242 and parameters: {'max_depth': 11, 'n_estimators': 41}. Best is trial 81 with value: 14970933.189766347.
[I 2025-01-23 14:15:58,740] Trial 87 finished with value: 49232204.3300732 and parameters: {'max_depth': 11, 'n_estimators': 33}. Best is trial 81 with value: 14970933.189766347.
[I 2025-01-23 14:16:00,347] Trial 88 finished with value: 37894699.75856136 and parameters: {'max_depth': 12, 'n_estimators': 29}. Best is trial 81 with value: 14970933.189766347.
[I 2025-01-23 14:16:06,644] Trial 89 finished with value: 42745839.88992466 and parameters: {'max_depth': 8, 'n_estimators': 11}. Best is trial 81 with value: 14970933.189766347.
[I 2025-01-23 14:16:08,540] Trial 90 finished with value: 51202656.08419815 and parameters: {'max_depth': 9, 'n_estimators': 16}. Best is trial 81 with value: 14970933.189766347.
[I 2025-01-23 14:16:09,429] Trial 91 finished with value: 69716207.39107001 and parameters: {'max_depth': 10, 'n_estimators': 13}. Best is trial 81 with value: 14970933.189766347.
[I 2025-01-23 14:16:10,232] Trial 92 finished with value: 34124709.837448195 and parameters: {'max_depth': 9, 'n_estimators': 14}. Best is trial 81 with value: 14970933.189766347.
[I 2025-01-23 14:16:12,138] Trial 93 finished with value: 64380452.602662586 and parameters: {'max_depth': 7, 'n_estimators': 12}. Best is trial 81 with value: 14970933.189766347.
[I 2025-01-23 14:16:14,716] Trial 94 finished with value: 50944951.48687308 and parameters: {'max_depth': 12, 'n_estimators': 49}. Best is trial 81 with value: 14970933.189766347.
[I 2025-01-23 14:16:15,985] Trial 95 finished with value: 44698610.58100464 and parameters: {'max_depth': 11, 'n_estimators': 11}. Best is trial 81 with value: 14970933.189766347.
[I 2025-01-23 14:16:16,820] Trial 96 finished with value: 29565024.69432751 and parameters: {'max_depth': 10, 'n_estimators': 15}. Best is trial 81 with value: 14970933.189766347.
[I 2025-01-23 14:16:21,866] Trial 97 finished with value: 57012360.68920715 and parameters: {'max_depth': 10, 'n_estimators': 18}. Best is trial 81 with value: 14970933.189766347.
[I 2025-01-23 14:16:24,858] Trial 98 finished with value: 38658852.7780271 and parameters: {'max_depth': 8, 'n_estimators': 44}. Best is trial 81 with value: 14970933.189766347.
[I 2025-01-23 14:16:34,019] Trial 99 finished with value: 42339344.01884468 and parameters: {'max_depth': 9, 'n_estimators': 38}. Best is trial 81 with value: 14970933.189766347.
[I 2025-01-23 14:16:37,080] Trial 100 finished with value: 72460262.99936448 and parameters: {'max_depth': 11, 'n_estimators': 13}. Best is trial 81 with value: 14970933.189766347.
[I 2025-01-23 14:16:40,217] Trial 101 finished with value: 42370281.65650511 and parameters: {'max_depth': 10, 'n_estimators': 16}. Best is trial 81 with value: 14970933.189766347.
[I 2025-01-23 14:16:41,243] Trial 102 finished with value: 39793826.4305511 and parameters: {'max_depth': 12, 'n_estimators': 14}. Best is trial 81 with value: 14970933.189766347.
[I 2025-01-23 14:16:42,201] Trial 103 finished with value: 40708736.427151494 and parameters: {'max_depth': 10, 'n_estimators': 15}. Best is trial 81 with value: 14970933.189766347.
[I 2025-01-23 14:16:44,120] Trial 104 finished with value: 37464734.79167406 and parameters: {'max_depth': 9, 'n_estimators': 57}. Best is trial 81 with value: 14970933.189766347.
[I 2025-01-23 14:16:45,302] Trial 105 finished with value: 44481877.48800285 and parameters: {'max_depth': 7, 'n_estimators': 35}. Best is trial 81 with value: 14970933.189766347.
[I 2025-01-23 14:16:49,549] Trial 106 finished with value: 28727760.35361843 and parameters: {'max_depth': 8, 'n_estimators': 20}. Best is trial 81 with value: 14970933.189766347.
[I 2025-01-23 14:16:50,826] Trial 107 finished with value: 55400660.58250765 and parameters: {'max_depth': 8, 'n_estimators': 20}. Best is trial 81 with value: 14970933.189766347.
[I 2025-01-23 14:16:58,958] Trial 108 finished with value: 55160396.42202915 and parameters: {'max_depth': 6, 'n_estimators': 22}. Best is trial 81 with value: 14970933.189766347.
[I 2025-01-23 14:16:59,896] Trial 109 finished with value: 56545680.523462474 and parameters: {'max_depth': 7, 'n_estimators': 18}. Best is trial 81 with value: 14970933.189766347.
[I 2025-01-23 14:17:05,308] Trial 110 finished with value: 43757260.48040714 and parameters: {'max_depth': 8, 'n_estimators': 24}. Best is trial 81 with value: 14970933.189766347.
[I 2025-01-23 14:17:06,601] Trial 111 finished with value: 26435253.735944316 and parameters: {'max_depth': 11, 'n_estimators': 17}. Best is trial 81 with value: 14970933.189766347.
[I 2025-01-23 14:17:07,717] Trial 112 finished with value: 66431550.89223609 and parameters: {'max_depth': 11, 'n_estimators': 20}. Best is trial 81 with value: 14970933.189766347.
[I 2025-01-23 14:17:08,891] Trial 113 finished with value: 53664864.40113798 and parameters: {'max_depth': 11, 'n_estimators': 19}. Best is trial 81 with value: 14970933.189766347.
[I 2025-01-23 14:17:09,912] Trial 114 finished with value: 50311759.690159455 and parameters: {'max_depth': 12, 'n_estimators': 16}. Best is trial 81 with value: 14970933.189766347.
[I 2025-01-23 14:17:11,783] Trial 115 finished with value: 42633413.70590539 and parameters: {'max_depth': 9, 'n_estimators': 31}. Best is trial 81 with value: 14970933.189766347.
[I 2025-01-23 14:17:13,282] Trial 116 finished with value: 43370333.86021846 and parameters: {'max_depth': 10, 'n_estimators': 17}. Best is trial 81 with value: 14970933.189766347.
[I 2025-01-23 14:17:14,600] Trial 117 finished with value: 49089921.652926065 and parameters: {'max_depth': 11, 'n_estimators': 28}. Best is trial 81 with value: 14970933.189766347.
[I 2025-01-23 14:17:16,267] Trial 118 finished with value: 42733103.46297089 and parameters: {'max_depth': 8, 'n_estimators': 41}. Best is trial 81 with value: 14970933.189766347.
[I 2025-01-23 14:17:22,307] Trial 119 finished with value: 46236743.6828775 and parameters: {'max_depth': 9, 'n_estimators': 15}. Best is trial 81 with value: 14970933.189766347.
[I 2025-01-23 14:17:27,364] Trial 120 finished with value: 39947868.38337966 and parameters: {'max_depth': 12, 'n_estimators': 22}. Best is trial 81 with value: 14970933.189766347.
[I 2025-01-23 14:17:30,614] Trial 121 finished with value: 67280343.78928737 and parameters: {'max_depth': 10, 'n_estimators': 12}. Best is trial 81 with value: 14970933.189766347.
