Trial 8 finished with value: 0.5479747652198335 and parameters: {'max_depth': 3, 'n_estimators': 35}. Best is trial 4 with value: 0.5001216702687824.
Saved Losses
{'MSE - mean': 0.46364290872512653, 'MSE - std': 0.0, 'R2 - mean': 0.15632320500283292, 'R2 - std': 0.0} 
 

Saved Losses
{'MSE - mean': 0.5267820435504471, 'MSE - std': 0.06313913482532055, 'R2 - mean': 0.17872951239187695, 'R2 - std': 0.022406307389044033} 
 

Saved Losses
{'MSE - mean': 0.5679198485587849, 'MSE - std': 0.07773247862252541, 'R2 - mean': 0.13790824652569866, 'R2 - std': 0.06055944656046083} 
 

Saved Losses
{'MSE - mean': 0.5911695886216775, 'MSE - std': 0.07844364163893244, 'R2 - mean': 0.14269120884747707, 'R2 - std': 0.05309628152231227} 
 

Saved Losses
{'MSE - mean': 0.58981344404824, 'MSE - std': 0.07021453156774643, 'R2 - mean': 0.12018778325057226, 'R2 - std': 0.06542926519210676} 
 

Saving model.....
Results After CV: {'MSE - mean': 0.58981344404824, 'MSE - std': 0.07021453156774643, 'R2 - mean': 0.12018778325057226, 'R2 - std': 0.06542926519210676}
Train time: 0.07808821659999943
Inference time: 0.01001687360000041
Finished cross validation
Hyperparam was saved!!! Hurrah!!!
Trial 9 finished with value: 0.58981344404824 and parameters: {'max_depth': 2, 'n_estimators': 25}. Best is trial 4 with value: 0.5001216702687824.
Saved Losses
{'MSE - mean': 0.45310316058778183, 'MSE - std': 0.0, 'R2 - mean': 0.17550206175067573, 'R2 - std': 0.0} 
 

Saved Losses
{'MSE - mean': 0.45379055321311934, 'MSE - std': 0.0006873926253374851, 'R2 - mean': 0.2800267408019409, 'R2 - std': 0.10452467905126517} 
 

Saved Losses
{'MSE - mean': 0.4868645435490159, 'MSE - std': 0.04677705291299933, 'R2 - mean': 0.25245885839556487, 'R2 - std': 0.09382740520723967} 
 

Saved Losses
{'MSE - mean': 0.4940659958135532, 'MSE - std': 0.04238693493960589, 'R2 - mean': 0.27491795966055266, 'R2 - std': 0.09008840194406592} 
 

Saved Losses
{'MSE - mean': 0.49717539566128083, 'MSE - std': 0.03841868389874517, 'R2 - mean': 0.25078812956643354, 'R2 - std': 0.0939240700425226} 
 

Saving model.....
Results After CV: {'MSE - mean': 0.49717539566128083, 'MSE - std': 0.03841868389874517, 'R2 - mean': 0.25078812956643354, 'R2 - std': 0.0939240700425226}
Train time: 0.4939923422
Inference time: 0.028436033399999873
Finished cross validation
Hyperparam was saved!!! Hurrah!!!
Trial 10 finished with value: 0.49717539566128083 and parameters: {'max_depth': 11, 'n_estimators': 96}. Best is trial 10 with value: 0.49717539566128083.
Saved Losses
{'MSE - mean': 0.4621148925415904, 'MSE - std': 0.0, 'R2 - mean': 0.15910368923362672, 'R2 - std': 0.0} 
 

Saved Losses
{'MSE - mean': 0.45864745397734796, 'MSE - std': 0.003467438564242392, 'R2 - mean': 0.2713521874471267, 'R2 - std': 0.11224849821349997} 
 

Saved Losses
{'MSE - mean': 0.48982671124824345, 'MSE - std': 0.04418492489594807, 'R2 - mean': 0.24707608702466785, 'R2 - std': 0.09786968378529355} 
 

Saved Losses
{'MSE - mean': 0.5021965069059319, 'MSE - std': 0.043855059284925516, 'R2 - mean': 0.2633444737324382, 'R2 - std': 0.08931874087444183} 
 

Saved Losses
{'MSE - mean': 0.5058758399455058, 'MSE - std': 0.039909434302829526, 'R2 - mean': 0.2378848975686391, 'R2 - std': 0.0947366352098157} 
 

Saving model.....
Results After CV: {'MSE - mean': 0.5058758399455058, 'MSE - std': 0.039909434302829526, 'R2 - mean': 0.2378848975686391, 'R2 - std': 0.0947366352098157}
Train time: 0.4833011024000001
Inference time: 0.028879280199999614
Finished cross validation
Hyperparam was saved!!! Hurrah!!!
Trial 11 finished with value: 0.5058758399455058 and parameters: {'max_depth': 12, 'n_estimators': 96}. Best is trial 10 with value: 0.49717539566128083.
Saved Losses
{'MSE - mean': 0.4550785299815653, 'MSE - std': 0.0, 'R2 - mean': 0.17190754259008878, 'R2 - std': 0.0} 
 

Saved Losses
{'MSE - mean': 0.4593564566439243, 'MSE - std': 0.004277926662359072, 'R2 - mean': 0.27202971235455714, 'R2 - std': 0.10012216976446836} 
 

Saved Losses
{'MSE - mean': 0.49367541744415266, 'MSE - std': 0.04865986619896215, 'R2 - mean': 0.24262757831210136, 'R2 - std': 0.09171661186174376} 
 

Saved Losses
{'MSE - mean': 0.5048238871221924, 'MSE - std': 0.04635409434302635, 'R2 - mean': 0.26033862081414116, 'R2 - std': 0.08514690686146793} 
 

Saved Losses
{'MSE - mean': 0.5065726198186022, 'MSE - std': 0.04160761846181202, 'R2 - mean': 0.23781209738563117, 'R2 - std': 0.08848600810049709} 
 

Saving model.....
Results After CV: {'MSE - mean': 0.5065726198186022, 'MSE - std': 0.04160761846181202, 'R2 - mean': 0.23781209738563117, 'R2 - std': 0.08848600810049709}
Train time: 0.49141765879999966
Inference time: 0.0294661751999989
Finished cross validation
Hyperparam was saved!!! Hurrah!!!
Trial 12 finished with value: 0.5065726198186022 and parameters: {'max_depth': 12, 'n_estimators': 97}. Best is trial 10 with value: 0.49717539566128083.
Saved Losses
{'MSE - mean': 0.45606624491263387, 'MSE - std': 0.0, 'R2 - mean': 0.1701102279935901, 'R2 - std': 0.0} 
 

Saved Losses
{'MSE - mean': 0.45715777019806925, 'MSE - std': 0.0010915252854353519, 'R2 - mean': 0.2747772657083788, 'R2 - std': 0.10466703771478869} 
 

Saved Losses
{'MSE - mean': 0.48934100447159184, 'MSE - std': 0.04552269128220242, 'R2 - mean': 0.24862297764116084, 'R2 - std': 0.093121172447151} 
 

Saved Losses
{'MSE - mean': 0.4955665474664808, 'MSE - std': 0.04087185734615769, 'R2 - mean': 0.2724961171983114, 'R2 - std': 0.09062805826781564} 
 

Saved Losses
{'MSE - mean': 0.4990875536552689, 'MSE - std': 0.03722897952758938, 'R2 - mean': 0.24766952208145437, 'R2 - std': 0.09505890414212163} 
 

Saving model.....
Results After CV: {'MSE - mean': 0.4990875536552689, 'MSE - std': 0.03722897952758938, 'R2 - mean': 0.24766952208145437, 'R2 - std': 0.09505890414212163}
Train time: 0.25383583479999955
Inference time: 0.021323015199999417
Finished cross validation
Hyperparam was saved!!! Hurrah!!!
Trial 13 finished with value: 0.4990875536552689 and parameters: {'max_depth': 8, 'n_estimators': 58}. Best is trial 10 with value: 0.49717539566128083.
Saved Losses
{'MSE - mean': 0.4535540755023646, 'MSE - std': 0.0, 'R2 - mean': 0.17468154569663386, 'R2 - std': 0.0} 
 

Saved Losses
{'MSE - mean': 0.46323621694390815, 'MSE - std': 0.00968214144154353, 'R2 - mean': 0.2671305900893779, 'R2 - std': 0.09244904439274404} 
 

Saved Losses
{'MSE - mean': 0.49408334036901563, 'MSE - std': 0.044334929297379845, 'R2 - mean': 0.2425236295606068, 'R2 - std': 0.08311972621275511} 
 

Saved Losses
{'MSE - mean': 0.5059549371312444, 'MSE - std': 0.043554493406623755, 'R2 - mean': 0.2592082867113431, 'R2 - std': 0.07756803476288009} 
 

Saved Losses
{'MSE - mean': 0.5061083795016446, 'MSE - std': 0.038957531941464695, 'R2 - mean': 0.23917989526684297, 'R2 - std': 0.0801123328145973} 
 

Saving model.....
Results After CV: {'MSE - mean': 0.5061083795016446, 'MSE - std': 0.038957531941464695, 'R2 - mean': 0.23917989526684297, 'R2 - std': 0.0801123328145973}
Train time: 0.26639531739999855
Inference time: 0.020482825799999917
Finished cross validation
Hyperparam was saved!!! Hurrah!!!
Trial 14 finished with value: 0.5061083795016446 and parameters: {'max_depth': 7, 'n_estimators': 63}. Best is trial 10 with value: 0.49717539566128083.
Saved Losses
{'MSE - mean': 0.4684320967094005, 'MSE - std': 0.0, 'R2 - mean': 0.1476084663684788, 'R2 - std': 0.0} 
 

Saved Losses
{'MSE - mean': 0.46232334819818977, 'MSE - std': 0.006108748511210765, 'R2 - mean': 0.26490406521064247, 'R2 - std': 0.11729559884216367} 
 

Saved Losses
{'MSE - mean': 0.5026454881189166, 'MSE - std': 0.05724183616745859, 'R2 - mean': 0.22772831400090132, 'R2 - std': 0.10925312182196442} 
 

Saved Losses
{'MSE - mean': 0.5063038579579402, 'MSE - std': 0.049976212996823394, 'R2 - mean': 0.25585712987677256, 'R2 - std': 0.10642309109690315} 
 

Saved Losses
{'MSE - mean': 0.5091743351859399, 'MSE - std': 0.04506723921507673, 'R2 - mean': 0.23187408818563826, 'R2 - std': 0.10659007744593559} 
 

Saving model.....
Results After CV: {'MSE - mean': 0.5091743351859399, 'MSE - std': 0.04506723921507673, 'R2 - mean': 0.23187408818563826, 'R2 - std': 0.10659007744593559}
Train time: 0.30370933179999965
Inference time: 0.02299437380000029
Finished cross validation
Hyperparam was saved!!! Hurrah!!!
Trial 15 finished with value: 0.5091743351859399 and parameters: {'max_depth': 9, 'n_estimators': 65}. Best is trial 10 with value: 0.49717539566128083.
Saved Losses
{'MSE - mean': 0.43781437251515476, 'MSE - std': 0.0, 'R2 - mean': 0.20332260095825805, 'R2 - std': 0.0} 
 

Saved Losses
{'MSE - mean': 0.4452280862897948, 'MSE - std': 0.007413713774640035, 'R2 - mean': 0.2951802536916956, 'R2 - std': 0.09185765273343754} 
 

Saved Losses
{'MSE - mean': 0.48234952430542055, 'MSE - std': 0.05284547683562027, 'R2 - mean': 0.2608291817509477, 'R2 - std': 0.08936000893812293} 
 

Saved Losses
{'MSE - mean': 0.49547972853475075, 'MSE - std': 0.051104697492498866, 'R2 - mean': 0.2750736111017451, 'R2 - std': 0.08122573299549614} 
 

Saved Losses
{'MSE - mean': 0.49590734955201937, 'MSE - std': 0.04571743128804914, 'R2 - mean': 0.25489397861313245, 'R2 - std': 0.0831081586249292} 
 

Saving model.....
Results After CV: {'MSE - mean': 0.49590734955201937, 'MSE - std': 0.04571743128804914, 'R2 - mean': 0.25489397861313245, 'R2 - std': 0.0831081586249292}
Train time: 0.20350226280000072
Inference time: 0.0196212284000012
Finished cross validation
Hyperparam was saved!!! Hurrah!!!
Trial 16 finished with value: 0.49590734955201937 and parameters: {'max_depth': 6, 'n_estimators': 51}. Best is trial 16 with value: 0.49590734955201937.
Saved Losses
{'MSE - mean': 0.4353384013574427, 'MSE - std': 0.0, 'R2 - mean': 0.20782804981023728, 'R2 - std': 0.0} 
 

Saved Losses
{'MSE - mean': 0.45418592320838713, 'MSE - std': 0.018847521850944488, 'R2 - mean': 0.28362591764986267, 'R2 - std': 0.07579786783962539} 
 

Saved Losses
{'MSE - mean': 0.4895581630393397, 'MSE - std': 0.052337463522140644, 'R2 - mean': 0.2513311985808954, 'R2 - std': 0.07691624626073858} 
 

Saved Losses
{'MSE - mean': 0.49940698812399253, 'MSE - std': 0.04842938810880038, 'R2 - mean': 0.26983677406409756, 'R2 - std': 0.07392192283771716} 
 

Saved Losses
{'MSE - mean': 0.5021901911838782, 'MSE - std': 0.043672753327039966, 'R2 - mean': 0.24549178792301243, 'R2 - std': 0.08211135086977216} 
 

Saving model.....
Results After CV: {'MSE - mean': 0.5021901911838782, 'MSE - std': 0.043672753327039966, 'R2 - mean': 0.24549178792301243, 'R2 - std': 0.08211135086977216}
Train time: 0.3576146972000004
Inference time: 0.028659552599999215
Finished cross validation
Hyperparam was saved!!! Hurrah!!!
Trial 17 finished with value: 0.5021901911838782 and parameters: {'max_depth': 5, 'n_estimators': 100}. Best is trial 16 with value: 0.49590734955201937.
Saved Losses
{'MSE - mean': 0.44080017160792495, 'MSE - std': 0.0, 'R2 - mean': 0.19788943383397184, 'R2 - std': 0.0} 
 

Saved Losses
{'MSE - mean': 0.4423924555878461, 'MSE - std': 0.0015922839799211996, 'R2 - mean': 0.2983253138459373, 'R2 - std': 0.10043588001196546} 
 

Saved Losses
{'MSE - mean': 0.4800067810431979, 'MSE - std': 0.05321057417879819, 'R2 - mean': 0.2635824180659668, 'R2 - std': 0.09559836963502255} 
 

Saved Losses
{'MSE - mean': 0.490958750726914, 'MSE - std': 0.04983333044446404, 'R2 - mean': 0.2806637429649233, 'R2 - std': 0.08791815050697402} 
 

Saved Losses
{'MSE - mean': 0.49168210488307595, 'MSE - std': 0.04459575790914047, 'R2 - mean': 0.26037586143331026, 'R2 - std': 0.08848770252988042} 
 

Saving model.....
Results After CV: {'MSE - mean': 0.49168210488307595, 'MSE - std': 0.04459575790914047, 'R2 - mean': 0.26037586143331026, 'R2 - std': 0.08848770252988042}
Train time: 0.1600544767999999
Inference time: 0.013226666399999943
Finished cross validation
Hyperparam was saved!!! Hurrah!!!
Trial 18 finished with value: 0.49168210488307595 and parameters: {'max_depth': 6, 'n_estimators': 42}. Best is trial 18 with value: 0.49168210488307595.
Saved Losses
{'MSE - mean': 0.45928275088913206, 'MSE - std': 0.0, 'R2 - mean': 0.1642572506218385, 'R2 - std': 0.0} 
 

Saved Losses
{'MSE - mean': 0.45941671133825673, 'MSE - std': 0.00013396044912467042, 'R2 - mean': 0.27096962293593885, 'R2 - std': 0.10671237231410036} 
 

Saved Losses
{'MSE - mean': 0.4993642879561071, 'MSE - std': 0.05649451051986677, 'R2 - mean': 0.23372197512301132, 'R2 - std': 0.10181582132357368} 
 

Saved Losses
{'MSE - mean': 0.5064329960679957, 'MSE - std': 0.05043433544989707, 'R2 - mean': 0.2570489466875564, 'R2 - std': 0.09699117955239381} 
 

Saved Losses
{'MSE - mean': 0.5053092977871624, 'MSE - std': 0.0451657895438969, 'R2 - mean': 0.23941323630150352, 'R2 - std': 0.0936477669357614} 
 

Saving model.....
Results After CV: {'MSE - mean': 0.5053092977871624, 'MSE - std': 0.0451657895438969, 'R2 - mean': 0.23941323630150352, 'R2 - std': 0.0936477669357614}
Train time: 0.07196197120000036
Inference time: 0.008826839199999626
Finished cross validation
Hyperparam was saved!!! Hurrah!!!
Trial 19 finished with value: 0.5053092977871624 and parameters: {'max_depth': 6, 'n_estimators': 17}. Best is trial 18 with value: 0.49168210488307595.
Saved Losses
{'MSE - mean': 0.4277503409772082, 'MSE - std': 0.0, 'R2 - mean': 0.2216358107861236, 'R2 - std': 0.0} 
 

Saved Losses
{'MSE - mean': 0.46928299220730735, 'MSE - std': 0.04153265123009914, 'R2 - mean': 0.2649476983246766, 'R2 - std': 0.04331188753855297} 
 

Saved Losses
{'MSE - mean': 0.5141258984214584, 'MSE - std': 0.07191485628340644, 'R2 - mean': 0.2178284596602278, 'R2 - std': 0.07543910373762454} 
 

Saved Losses
{'MSE - mean': 0.5249025458458604, 'MSE - std': 0.0650170616440551, 'R2 - mean': 0.23569269551731253, 'R2 - std': 0.07228891026862083} 
 

Saved Losses
{'MSE - mean': 0.527286396388969, 'MSE - std': 0.05834814150861196, 'R2 - mean': 0.21037701283311067, 'R2 - std': 0.08212237452319898} 
 

Saving model.....
Results After CV: {'MSE - mean': 0.527286396388969, 'MSE - std': 0.05834814150861196, 'R2 - mean': 0.21037701283311067, 'R2 - std': 0.08212237452319898}
Train time: 0.1364406088000017
Inference time: 0.013957370800000746
Finished cross validation
Hyperparam was saved!!! Hurrah!!!
Trial 20 finished with value: 0.527286396388969 and parameters: {'max_depth': 4, 'n_estimators': 41}. Best is trial 18 with value: 0.49168210488307595.
Saved Losses
{'MSE - mean': 0.42593442248923696, 'MSE - std': 0.0, 'R2 - mean': 0.2249401820189768, 'R2 - std': 0.0} 
 

Saved Losses
{'MSE - mean': 0.4395299935254809, 'MSE - std': 0.013595571036243925, 'R2 - mean': 0.30566149018372507, 'R2 - std': 0.08072130816474826} 
 

Saved Losses
{'MSE - mean': 0.4777705628791306, 'MSE - std': 0.05520786770787551, 'R2 - mean': 0.26894915151685544, 'R2 - std': 0.0839019945054985} 
 

Saved Losses
{'MSE - mean': 0.48743950844852835, 'MSE - std': 0.05065961920415155, 'R2 - mean': 0.28703824721615345, 'R2 - std': 0.0791284061583172} 
 

Saved Losses
{'MSE - mean': 0.4872012739173416, 'MSE - std': 0.045313845975541646, 'R2 - mean': 0.2682393506689684, 'R2 - std': 0.08014136119689727} 
 

Saving model.....
Results After CV: {'MSE - mean': 0.4872012739173416, 'MSE - std': 0.045313845975541646, 'R2 - mean': 0.2682393506689684, 'R2 - std': 0.08014136119689727}
Train time: 0.2821062765999997
Inference time: 0.022803700000000048
Finished cross validation
Hyperparam was saved!!! Hurrah!!!
Trial 21 finished with value: 0.4872012739173416 and parameters: {'max_depth': 6, 'n_estimators': 74}. Best is trial 21 with value: 0.4872012739173416.
Saved Losses
{'MSE - mean': 0.43559233008955506, 'MSE - std': 0.0, 'R2 - mean': 0.20736598347678392, 'R2 - std': 0.0} 
 

Saved Losses
{'MSE - mean': 0.44906140284137497, 'MSE - std': 0.013469072751819938, 'R2 - mean': 0.2905063820865385, 'R2 - std': 0.08314039860975458} 
 

Saved Losses
{'MSE - mean': 0.4855519768125935, 'MSE - std': 0.05276426749888428, 'R2 - mean': 0.2567743044825298, 'R2 - std': 0.08296941227318848} 
 

Saved Losses
{'MSE - mean': 0.4946276563512524, 'MSE - std': 0.04832343966219351, 'R2 - mean': 0.2761826103914662, 'R2 - std': 0.07932836532088194} 
 

Saved Losses
{'MSE - mean': 0.4997653399104632, 'MSE - std': 0.04442642261140171, 'R2 - mean': 0.24824737879885178, 'R2 - std': 0.09031002320960088} 
 

Saving model.....
Results After CV: {'MSE - mean': 0.4997653399104632, 'MSE - std': 0.04442642261140171, 'R2 - mean': 0.24824737879885178, 'R2 - std': 0.09031002320960088}
Train time: 0.1901921950000002
Inference time: 0.01747222659999892
Finished cross validation
Hyperparam was saved!!! Hurrah!!!
Trial 22 finished with value: 0.4997653399104632 and parameters: {'max_depth': 6, 'n_estimators': 48}. Best is trial 21 with value: 0.4872012739173416.
Saved Losses
{'MSE - mean': 0.439700615393079, 'MSE - std': 0.0, 'R2 - mean': 0.19989026258774545, 'R2 - std': 0.0} 
 

Saved Losses
{'MSE - mean': 0.4559431166449046, 'MSE - std': 0.016242501251825664, 'R2 - mean': 0.2802310827231039, 'R2 - std': 0.08034082013535843} 
 

Saved Losses
{'MSE - mean': 0.48942508845416927, 'MSE - std': 0.049172798412840266, 'R2 - mean': 0.2509614615706042, 'R2 - std': 0.07756622781964917} 
 

Saved Losses
{'MSE - mean': 0.4971091345780305, 'MSE - std': 0.044616216472413386, 'R2 - mean': 0.27236294122668864, 'R2 - std': 0.07672326744890803} 
 

Saved Losses
{'MSE - mean': 0.4986217288086272, 'MSE - std': 0.04002045955603632, 'R2 - mean': 0.25038405110426065, 'R2 - std': 0.08149511800399076} 
 

Saving model.....
Results After CV: {'MSE - mean': 0.4986217288086272, 'MSE - std': 0.04002045955603632, 'R2 - mean': 0.25038405110426065, 'R2 - std': 0.08149511800399076}
Train time: 0.23960039680000164
Inference time: 0.02164450239999809
Finished cross validation
Hyperparam was saved!!! Hurrah!!!
Trial 23 finished with value: 0.4986217288086272 and parameters: {'max_depth': 5, 'n_estimators': 69}. Best is trial 21 with value: 0.4872012739173416.
Saved Losses
{'MSE - mean': 0.4391646335760071, 'MSE - std': 0.0, 'R2 - mean': 0.20086557227779833, 'R2 - std': 0.0} 
 

Saved Losses
{'MSE - mean': 0.48878039032042386, 'MSE - std': 0.04961575674441676, 'R2 - mean': 0.2358879855586966, 'R2 - std': 0.03502241328089828} 
 

Saved Losses
{'MSE - mean': 0.5260747346709277, 'MSE - std': 0.06650477516150258, 'R2 - mean': 0.19997852482182885, 'R2 - std': 0.05828114356722927} 
 

Saved Losses
{'MSE - mean': 0.5426311026889323, 'MSE - std': 0.06433897578687679, 'R2 - mean': 0.21112358321576746, 'R2 - std': 0.05403846548007168} 
 

Saved Losses
{'MSE - mean': 0.5419995141737104, 'MSE - std': 0.05756039142026135, 'R2 - mean': 0.18984170651508908, 'R2 - std': 0.06440339823925618} 
 

Saving model.....
Results After CV: {'MSE - mean': 0.5419995141737104, 'MSE - std': 0.05756039142026135, 'R2 - mean': 0.18984170651508908, 'R2 - std': 0.06440339823925618}
Train time: 0.2322831665999999
Inference time: 0.022832507399998293
Finished cross validation
Hyperparam was saved!!! Hurrah!!!
Trial 24 finished with value: 0.5419995141737104 and parameters: {'max_depth': 3, 'n_estimators': 74}. Best is trial 21 with value: 0.4872012739173416.
Saved Losses
{'MSE - mean': 0.43644901843006495, 'MSE - std': 0.0, 'R2 - mean': 0.20580709395247265, 'R2 - std': 0.0} 
 

Saved Losses
{'MSE - mean': 0.44259715577003067, 'MSE - std': 0.006148137339965748, 'R2 - mean': 0.2990608016670155, 'R2 - std': 0.09325370771454283} 
 

Saved Losses
{'MSE - mean': 0.4748677354579994, 'MSE - std': 0.045912747198308596, 'R2 - mean': 0.27172995132887773, 'R2 - std': 0.08539000778048306} 
 

Saved Losses
{'MSE - mean': 0.48208446886525635, 'MSE - std': 0.04168007905086197, 'R2 - mean': 0.29317708065655956, 'R2 - std': 0.08275583448167353} 
 

Saved Losses
{'MSE - mean': 0.4877469387909419, 'MSE - std': 0.03896200013328442, 'R2 - mean': 0.26513526661888615, 'R2 - std': 0.0928665486098215} 
 

Saving model.....
Results After CV: {'MSE - mean': 0.4877469387909419, 'MSE - std': 0.03896200013328442, 'R2 - mean': 0.26513526661888615, 'R2 - std': 0.0928665486098215}
Train time: 0.1790663120000005
Inference time: 0.018621259800001157
Finished cross validation
Hyperparam was saved!!! Hurrah!!!
Trial 25 finished with value: 0.4877469387909419 and parameters: {'max_depth': 6, 'n_estimators': 45}. Best is trial 21 with value: 0.4872012739173416.
Saved Losses
{'MSE - mean': 0.4279949908964938, 'MSE - std': 0.0, 'R2 - mean': 0.22119062882406848, 'R2 - std': 0.0} 
 

Saved Losses
{'MSE - mean': 0.4564597184959576, 'MSE - std': 0.028464727599463835, 'R2 - mean': 0.2822558817061184, 'R2 - std': 0.06106525288204995} 
 

Saved Losses
{'MSE - mean': 0.49688495405288763, 'MSE - std': 0.06171353026585282, 'R2 - mean': 0.24198349830801216, 'R2 - std': 0.0756948245841634} 
 

Saved Losses
{'MSE - mean': 0.5137233677031878, 'MSE - std': 0.06088527232575705, 'R2 - mean': 0.25157500922020004, 'R2 - std': 0.06762596466118845} 
 

Saved Losses
{'MSE - mean': 0.5211386891975187, 'MSE - std': 0.056440774980526444, 'R2 - mean': 0.21844335104067786, 'R2 - std': 0.08971869354813326} 
 

Saving model.....
Results After CV: {'MSE - mean': 0.5211386891975187, 'MSE - std': 0.056440774980526444, 'R2 - mean': 0.21844335104067786, 'R2 - std': 0.08971869354813326}
Train time: 0.07552481919999962
Inference time: 0.011895800599998552
Finished cross validation
Hyperparam was saved!!! Hurrah!!!
