Trial 80 finished with value: 0.5003636725355729 and parameters: {'max_depth': 9, 'n_estimators': 52}. Best is trial 78 with value: 0.4834550573156413.
Saved Losses
{'MSE - mean': 0.4355355411702236, 'MSE - std': 0.0, 'R2 - mean': 0.20746932053328004, 'R2 - std': 0.0} 
 

Saved Losses
{'MSE - mean': 0.4347374192943436, 'MSE - std': 0.0007981218758799646, 'R2 - mean': 0.30991696579811756, 'R2 - std': 0.10244764526483752} 
 

Saved Losses
{'MSE - mean': 0.47372535991911957, 'MSE - std': 0.055141125251557475, 'R2 - mean': 0.27302010109141983, 'R2 - std': 0.09858889692679412} 
 

Saved Losses
{'MSE - mean': 0.48906205814389236, 'MSE - std': 0.054644768348115526, 'R2 - mean': 0.284152451143552, 'R2 - std': 0.08753065520708243} 
 

Saved Losses
{'MSE - mean': 0.4920457611414994, 'MSE - std': 0.049238709371459806, 'R2 - mean': 0.260045186421938, 'R2 - std': 0.09194527356105266} 
 

Saving model.....
Results After CV: {'MSE - mean': 0.4920457611414994, 'MSE - std': 0.049238709371459806, 'R2 - mean': 0.260045186421938, 'R2 - std': 0.09194527356105266}
Train time: 0.268811957799997
Inference time: 0.02346980660000213
Finished cross validation
Hyperparam was saved!!! Hurrah!!!
Trial 81 finished with value: 0.4920457611414994 and parameters: {'max_depth': 8, 'n_estimators': 59}. Best is trial 78 with value: 0.4834550573156413.
Saved Losses
{'MSE - mean': 0.4340523176432119, 'MSE - std': 0.0, 'R2 - mean': 0.2101682969394425, 'R2 - std': 0.0} 
 

Saved Losses
{'MSE - mean': 0.45020109130434854, 'MSE - std': 0.01614877366113665, 'R2 - mean': 0.28932145319179065, 'R2 - std': 0.07915315625234814} 
 

Saved Losses
{'MSE - mean': 0.4798774957169017, 'MSE - std': 0.04399128570774618, 'R2 - mean': 0.26532345804554486, 'R2 - std': 0.07299741300359601} 
 

Saved Losses
{'MSE - mean': 0.4937179529153104, 'MSE - std': 0.0450122170088118, 'R2 - mean': 0.2783266646439126, 'R2 - std': 0.06710973755300105} 
 

Saved Losses
{'MSE - mean': 0.4953845099704585, 'MSE - std': 0.04039788848084698, 'R2 - mean': 0.256025090967818, 'R2 - std': 0.07478244615728512} 
 

Saving model.....
Results After CV: {'MSE - mean': 0.4953845099704585, 'MSE - std': 0.04039788848084698, 'R2 - mean': 0.256025090967818, 'R2 - std': 0.07478244615728512}
Train time: 0.2534042127999953
Inference time: 0.021421315799997842
Finished cross validation
Hyperparam was saved!!! Hurrah!!!
Trial 82 finished with value: 0.4953845099704585 and parameters: {'max_depth': 6, 'n_estimators': 66}. Best is trial 78 with value: 0.4834550573156413.
Saved Losses
{'MSE - mean': 0.45730916929994225, 'MSE - std': 0.0, 'R2 - mean': 0.16784851656918465, 'R2 - std': 0.0} 
 

Saved Losses
{'MSE - mean': 0.4548432936146334, 'MSE - std': 0.0024658756853088437, 'R2 - mean': 0.277622223054441, 'R2 - std': 0.10977370648525636} 
 

Saved Losses
{'MSE - mean': 0.4900390403409416, 'MSE - std': 0.04981500647905681, 'R2 - mean': 0.24726685914508298, 'R2 - std': 0.0993801153474875} 
 

Saved Losses
{'MSE - mean': 0.49823991323080263, 'MSE - std': 0.0454193141884411, 'R2 - mean': 0.2687370455936806, 'R2 - std': 0.0937561316036054} 
 

Saved Losses
{'MSE - mean': 0.49699288860350943, 'MSE - std': 0.040700756292272565, 'R2 - mean': 0.2516877579708009, 'R2 - std': 0.0905255908813015} 
 

Saving model.....
Results After CV: {'MSE - mean': 0.49699288860350943, 'MSE - std': 0.040700756292272565, 'R2 - mean': 0.2516877579708009, 'R2 - std': 0.0905255908813015}
Train time: 0.38622952259999577
Inference time: 0.026940176000002224
Finished cross validation
Hyperparam was saved!!! Hurrah!!!
Trial 83 finished with value: 0.49699288860350943 and parameters: {'max_depth': 7, 'n_estimators': 94}. Best is trial 78 with value: 0.4834550573156413.
Saved Losses
{'MSE - mean': 0.45340243308818357, 'MSE - std': 0.0, 'R2 - mean': 0.17495748475139838, 'R2 - std': 0.0} 
 

Saved Losses
{'MSE - mean': 0.4513627679821522, 'MSE - std': 0.002039665106031374, 'R2 - mean': 0.2832447655409308, 'R2 - std': 0.10828728078953243} 
 

Saved Losses
{'MSE - mean': 0.49596860031032985, 'MSE - std': 0.06310415235578543, 'R2 - mean': 0.2390407857567531, 'R2 - std': 0.10828391898791194} 
 

Saved Losses
{'MSE - mean': 0.5039891005176886, 'MSE - std': 0.05638781609652356, 'R2 - mean': 0.26090685028599503, 'R2 - std': 0.1011356992734337} 
 

Saved Losses
{'MSE - mean': 0.5017596083584227, 'MSE - std': 0.050631523623738635, 'R2 - mean': 0.24514584199777661, 'R2 - std': 0.09579343016651141} 
 

Saving model.....
Results After CV: {'MSE - mean': 0.5017596083584227, 'MSE - std': 0.050631523623738635, 'R2 - mean': 0.24514584199777661, 'R2 - std': 0.09579343016651141}
Train time: 0.2843299328000001
Inference time: 0.022347634799999128
Finished cross validation
Hyperparam was saved!!! Hurrah!!!
Trial 84 finished with value: 0.5017596083584227 and parameters: {'max_depth': 8, 'n_estimators': 66}. Best is trial 78 with value: 0.4834550573156413.
Saved Losses
{'MSE - mean': 0.4513727328874984, 'MSE - std': 0.0, 'R2 - mean': 0.17865086801660945, 'R2 - std': 0.0} 
 

Saved Losses
{'MSE - mean': 0.45443104995039696, 'MSE - std': 0.00305831706289858, 'R2 - mean': 0.2795621287271849, 'R2 - std': 0.10091126071057543} 
 

Saved Losses
{'MSE - mean': 0.48752155840961303, 'MSE - std': 0.04686362166631713, 'R2 - mean': 0.2518152559250066, 'R2 - std': 0.0912606135895017} 
 

Saved Losses
{'MSE - mean': 0.49625619070103033, 'MSE - std': 0.043313169828143414, 'R2 - mean': 0.27227028903163447, 'R2 - std': 0.08661177652449456} 
 

Saved Losses
{'MSE - mean': 0.4959083971816436, 'MSE - std': 0.03874672096807398, 'R2 - mean': 0.2536804481772042, 'R2 - std': 0.0859279267651406} 
 

Saving model.....
Results After CV: {'MSE - mean': 0.4959083971816436, 'MSE - std': 0.03874672096807398, 'R2 - mean': 0.2536804481772042, 'R2 - std': 0.0859279267651406}
Train time: 0.3286408750000021
Inference time: 0.025392947599993932
Finished cross validation
Hyperparam was saved!!! Hurrah!!!
Trial 85 finished with value: 0.4959083971816436 and parameters: {'max_depth': 7, 'n_estimators': 79}. Best is trial 78 with value: 0.4834550573156413.
Saved Losses
{'MSE - mean': 0.4628772338651617, 'MSE - std': 0.0, 'R2 - mean': 0.15771648008524775, 'R2 - std': 0.0} 
 

Saved Losses
{'MSE - mean': 0.44590585014501305, 'MSE - std': 0.01697138372014864, 'R2 - mean': 0.28842928660883155, 'R2 - std': 0.1307128065235838} 
 

Saved Losses
{'MSE - mean': 0.4790750980250495, 'MSE - std': 0.04891233573212682, 'R2 - mean': 0.26173707629788334, 'R2 - std': 0.11320559486504637} 
 

Saved Losses
{'MSE - mean': 0.494157831656936, 'MSE - std': 0.049767248281480644, 'R2 - mean': 0.27430828556008735, 'R2 - std': 0.10042776477898994} 
 

Saved Losses
{'MSE - mean': 0.4980033492619311, 'MSE - std': 0.04517272654832495, 'R2 - mean': 0.24904828046731234, 'R2 - std': 0.10305755760715167} 
 

Saving model.....
Results After CV: {'MSE - mean': 0.4980033492619311, 'MSE - std': 0.04517272654832495, 'R2 - mean': 0.24904828046731234, 'R2 - std': 0.10305755760715167}
Train time: 0.1470663237999986
Inference time: 0.01591772879999951
Finished cross validation
Hyperparam was saved!!! Hurrah!!!
Trial 86 finished with value: 0.4980033492619311 and parameters: {'max_depth': 6, 'n_estimators': 36}. Best is trial 78 with value: 0.4834550573156413.
Saved Losses
{'MSE - mean': 0.44886411431279966, 'MSE - std': 0.0, 'R2 - mean': 0.18321572437296307, 'R2 - std': 0.0} 
 

Saved Losses
{'MSE - mean': 0.45083814760980895, 'MSE - std': 0.001974033297009292, 'R2 - mean': 0.28501145155302515, 'R2 - std': 0.10179572718006208} 
 

Saved Losses
{'MSE - mean': 0.4861604333690012, 'MSE - std': 0.0499792518366026, 'R2 - mean': 0.2539471178186942, 'R2 - std': 0.09401187358765309} 
 

Saved Losses
{'MSE - mean': 0.49786476613622643, 'MSE - std': 0.04779559003912111, 'R2 - mean': 0.2705155284814078, 'R2 - std': 0.08632618940542093} 
 

Saved Losses
{'MSE - mean': 0.5045381120230903, 'MSE - std': 0.04478469518767631, 'R2 - mean': 0.24009076313095462, 'R2 - std': 0.0983078540521002} 
 

Saving model.....
Results After CV: {'MSE - mean': 0.5045381120230903, 'MSE - std': 0.04478469518767631, 'R2 - mean': 0.24009076313095462, 'R2 - std': 0.0983078540521002}
Train time: 0.20723571259999857
Inference time: 0.017517726400004107
Finished cross validation
Hyperparam was saved!!! Hurrah!!!
Trial 87 finished with value: 0.5045381120230903 and parameters: {'max_depth': 5, 'n_estimators': 57}. Best is trial 78 with value: 0.4834550573156413.
Saved Losses
{'MSE - mean': 0.4610713974195893, 'MSE - std': 0.0, 'R2 - mean': 0.16100250533446125, 'R2 - std': 0.0} 
 

Saved Losses
{'MSE - mean': 0.4558861967388044, 'MSE - std': 0.005185200680784929, 'R2 - mean': 0.2753343126269221, 'R2 - std': 0.11433180729246084} 
 

Saved Losses
{'MSE - mean': 0.49579194283330197, 'MSE - std': 0.05659382781526352, 'R2 - mean': 0.23840062012586735, 'R2 - std': 0.10697057253920447} 
 

Saved Losses
{'MSE - mean': 0.5015352219299206, 'MSE - std': 0.05001101653068795, 'R2 - mean': 0.26338750559537594, 'R2 - std': 0.10224999207052742} 
 

Saved Losses
{'MSE - mean': 0.5009271905714735, 'MSE - std': 0.044747739921448704, 'R2 - mean': 0.24525393128152376, 'R2 - std': 0.09838371192591959} 
 

Saving model.....
Results After CV: {'MSE - mean': 0.5009271905714735, 'MSE - std': 0.044747739921448704, 'R2 - mean': 0.24525393128152376, 'R2 - std': 0.09838371192591959}
Train time: 0.2546324800000036
Inference time: 0.017343528599991487
Finished cross validation
Hyperparam was saved!!! Hurrah!!!
Trial 88 finished with value: 0.5009271905714735 and parameters: {'max_depth': 9, 'n_estimators': 50}. Best is trial 78 with value: 0.4834550573156413.
Saved Losses
{'MSE - mean': 0.43561303253179473, 'MSE - std': 0.0, 'R2 - mean': 0.20732831187696288, 'R2 - std': 0.0} 
 

Saved Losses
{'MSE - mean': 0.438655354309734, 'MSE - std': 0.003042321777939311, 'R2 - mean': 0.30459330982648686, 'R2 - std': 0.09726499794952398} 
 

Saved Losses
{'MSE - mean': 0.47283413232215893, 'MSE - std': 0.04839987824411945, 'R2 - mean': 0.2745557374957976, 'R2 - std': 0.09006385542374949} 
 

Saved Losses
{'MSE - mean': 0.4762977977365524, 'MSE - std': 0.04234267463024492, 'R2 - mean': 0.3007316526641867, 'R2 - std': 0.0902172885042033} 
 

Saved Losses
{'MSE - mean': 0.4782203882368445, 'MSE - std': 0.0380671392778796, 'R2 - mean': 0.2793061234389734, 'R2 - std': 0.09136487578036982} 
 

Saving model.....
Results After CV: {'MSE - mean': 0.4782203882368445, 'MSE - std': 0.0380671392778796, 'R2 - mean': 0.2793061234389734, 'R2 - std': 0.09136487578036982}
Train time: 0.17379622760000188
Inference time: 0.015310213000009298
Finished cross validation
Hyperparam was saved!!! Hurrah!!!
Trial 89 finished with value: 0.4782203882368445 and parameters: {'max_depth': 7, 'n_estimators': 39}. Best is trial 89 with value: 0.4782203882368445.
Saved Losses
{'MSE - mean': 0.467039424835773, 'MSE - std': 0.0, 'R2 - mean': 0.15014266870547888, 'R2 - std': 0.0} 
 

Saved Losses
{'MSE - mean': 0.45621548946506385, 'MSE - std': 0.010823935370709137, 'R2 - mean': 0.2734993856072019, 'R2 - std': 0.12335671690172301} 
 

Saved Losses
{'MSE - mean': 0.497302318004881, 'MSE - std': 0.058773803775096264, 'R2 - mean': 0.23530371996661084, 'R2 - std': 0.11429087518536585} 
 

Saved Losses
{'MSE - mean': 0.500935445832502, 'MSE - std': 0.05128712178588932, 'R2 - mean': 0.26327459734076725, 'R2 - std': 0.11019942402852176} 
 

Saved Losses
{'MSE - mean': 0.5002518455081164, 'MSE - std': 0.04589296598040395, 'R2 - mean': 0.24548808796961863, 'R2 - std': 0.10478821549875816} 
 

Saving model.....
Results After CV: {'MSE - mean': 0.5002518455081164, 'MSE - std': 0.04589296598040395, 'R2 - mean': 0.24548808796961863, 'R2 - std': 0.10478821549875816}
Train time: 0.13724454319998927
Inference time: 0.013134986199992227
Finished cross validation
Hyperparam was saved!!! Hurrah!!!
Trial 90 finished with value: 0.5002518455081164 and parameters: {'max_depth': 8, 'n_estimators': 28}. Best is trial 89 with value: 0.4782203882368445.
Saved Losses
{'MSE - mean': 0.45361421687025194, 'MSE - std': 0.0, 'R2 - mean': 0.1745721082922197, 'R2 - std': 0.0} 
 

Saved Losses
{'MSE - mean': 0.45242188466041333, 'MSE - std': 0.0011923322098386369, 'R2 - mean': 0.28176123174395706, 'R2 - std': 0.10718912345173737} 
 

Saved Losses
{'MSE - mean': 0.4930664471874506, 'MSE - std': 0.057488335310399194, 'R2 - mean': 0.2432889748550718, 'R2 - std': 0.10305290497838131} 
 

Saved Losses
{'MSE - mean': 0.4989772849569627, 'MSE - std': 0.05082809785918753, 'R2 - mean': 0.2677091102988594, 'R2 - std': 0.0987621129970459} 
 

Saved Losses
{'MSE - mean': 0.4990113710803171, 'MSE - std': 0.045462083905621134, 'R2 - mean': 0.24849459308379468, 'R2 - std': 0.09633252129029471} 
 

Saving model.....
Results After CV: {'MSE - mean': 0.4990113710803171, 'MSE - std': 0.045462083905621134, 'R2 - mean': 0.24849459308379468, 'R2 - std': 0.09633252129029471}
Train time: 0.18805256460000236
Inference time: 0.017104303200005687
Finished cross validation
Hyperparam was saved!!! Hurrah!!!
Trial 91 finished with value: 0.4990113710803171 and parameters: {'max_depth': 7, 'n_estimators': 45}. Best is trial 89 with value: 0.4782203882368445.
Saved Losses
{'MSE - mean': 0.4601203752706655, 'MSE - std': 0.0, 'R2 - mean': 0.16273305119955728, 'R2 - std': 0.0} 
 

Saved Losses
{'MSE - mean': 0.461223440752887, 'MSE - std': 0.001103065482221527, 'R2 - mean': 0.26832802237638576, 'R2 - std': 0.10559497117682848} 
 

Saved Losses
{'MSE - mean': 0.485166522011097, 'MSE - std': 0.0338726061773601, 'R2 - mean': 0.2543166986368313, 'R2 - std': 0.08846562238760336} 
 

Saved Losses
{'MSE - mean': 0.4941968875917011, 'MSE - std': 0.03324391063778414, 'R2 - mean': 0.2745201068493876, 'R2 - std': 0.08422682392521445} 
 

Saved Losses
{'MSE - mean': 0.49936436667005024, 'MSE - std': 0.03147915875138796, 'R2 - mean': 0.2470109055960597, 'R2 - std': 0.09328639187581252} 
 

Saving model.....
Results After CV: {'MSE - mean': 0.49936436667005024, 'MSE - std': 0.03147915875138796, 'R2 - mean': 0.2470109055960597, 'R2 - std': 0.09328639187581252}
Train time: 0.19972160160000385
Inference time: 0.014363134999996419
Finished cross validation
Hyperparam was saved!!! Hurrah!!!
Trial 92 finished with value: 0.49936436667005024 and parameters: {'max_depth': 10, 'n_estimators': 38}. Best is trial 89 with value: 0.4782203882368445.
Saved Losses
{'MSE - mean': 0.42893266355341575, 'MSE - std': 0.0, 'R2 - mean': 0.21948437462054005, 'R2 - std': 0.0} 
 

Saved Losses
{'MSE - mean': 0.44007554482234224, 'MSE - std': 0.011142881268926486, 'R2 - mean': 0.30422489849924056, 'R2 - std': 0.08474052387870051} 
 

Saved Losses
{'MSE - mean': 0.47870599466480285, 'MSE - std': 0.05538410583110159, 'R2 - mean': 0.2671615777708229, 'R2 - std': 0.0868025560971153} 
 

Saved Losses
{'MSE - mean': 0.48942928706362443, 'MSE - std': 0.05143458353719677, 'R2 - mean': 0.28405454364879223, 'R2 - std': 0.08066678186966024} 
 

Saved Losses
{'MSE - mean': 0.49376840046284387, 'MSE - std': 0.04681585978363573, 'R2 - mean': 0.25759559388653736, 'R2 - std': 0.0894762976874434} 
 

Saving model.....
Results After CV: {'MSE - mean': 0.49376840046284387, 'MSE - std': 0.04681585978363573, 'R2 - mean': 0.25759559388653736, 'R2 - std': 0.0894762976874434}
Train time: 0.13771463619999622
Inference time: 0.013682618999990837
Finished cross validation
Hyperparam was saved!!! Hurrah!!!
Trial 93 finished with value: 0.49376840046284387 and parameters: {'max_depth': 6, 'n_estimators': 33}. Best is trial 89 with value: 0.4782203882368445.
Saved Losses
{'MSE - mean': 0.43928026621265137, 'MSE - std': 0.0, 'R2 - mean': 0.2006551591118786, 'R2 - std': 0.0} 
 

Saved Losses
{'MSE - mean': 0.45243174215850035, 'MSE - std': 0.01315147594584895, 'R2 - mean': 0.28508397626748866, 'R2 - std': 0.08442881715561007} 
 

Saved Losses
{'MSE - mean': 0.48097929037713866, 'MSE - std': 0.04177598071811674, 'R2 - mean': 0.2630577304835208, 'R2 - std': 0.07564695048404228} 
 

Saved Losses
{'MSE - mean': 0.49397814627898184, 'MSE - std': 0.04261261770873731, 'R2 - mean': 0.27734946064484817, 'R2 - std': 0.07003289577879768} 
 

Saved Losses
{'MSE - mean': 0.4952619464658894, 'MSE - std': 0.03820027123035136, 'R2 - mean': 0.25579217306102103, 'R2 - std': 0.07604309163111701} 
 

Saving model.....
Results After CV: {'MSE - mean': 0.4952619464658894, 'MSE - std': 0.03820027123035136, 'R2 - mean': 0.25579217306102103, 'R2 - std': 0.07604309163111701}
Train time: 0.3037669907999998
Inference time: 0.02410431879999351
Finished cross validation
Hyperparam was saved!!! Hurrah!!!
Trial 94 finished with value: 0.4952619464658894 and parameters: {'max_depth': 7, 'n_estimators': 74}. Best is trial 89 with value: 0.4782203882368445.
Saved Losses
{'MSE - mean': 0.48046624776945923, 'MSE - std': 0.0, 'R2 - mean': 0.12571029041065052, 'R2 - std': 0.0} 
 

Saved Losses
{'MSE - mean': 0.48637122507195396, 'MSE - std': 0.005904977302494757, 'R2 - mean': 0.22953788243642892, 'R2 - std': 0.1038275920257784} 
 

Saved Losses
{'MSE - mean': 0.5133316557597591, 'MSE - std': 0.03843143874103439, 'R2 - mean': 0.21191001454293223, 'R2 - std': 0.08836437459098245} 
 

Saved Losses
{'MSE - mean': 0.5209052568471275, 'MSE - std': 0.03577443099577084, 'R2 - mean': 0.23559239505840476, 'R2 - std': 0.08682604714761864} 
 

Saved Losses
{'MSE - mean': 0.5201153536395955, 'MSE - std': 0.03203659967546513, 'R2 - mean': 0.21689053865419758, 'R2 - std': 0.08619772446230085} 
 

Saving model.....
Results After CV: {'MSE - mean': 0.5201153536395955, 'MSE - std': 0.03203659967546513, 'R2 - mean': 0.21689053865419758, 'R2 - std': 0.08619772446230085}
Train time: 0.11379266920000078
Inference time: 0.010048900400005324
Finished cross validation
Hyperparam was saved!!! Hurrah!!!
Trial 95 finished with value: 0.5201153536395955 and parameters: {'max_depth': 8, 'n_estimators': 23}. Best is trial 89 with value: 0.4782203882368445.
Saved Losses
{'MSE - mean': 0.43757771534560824, 'MSE - std': 0.0, 'R2 - mean': 0.2037532387585107, 'R2 - std': 0.0} 
 

Saved Losses
{'MSE - mean': 0.4450610257425044, 'MSE - std': 0.007483310396896176, 'R2 - mean': 0.2954615648306392, 'R2 - std': 0.09170832607212848} 
 

Saved Losses
{'MSE - mean': 0.4813175128039979, 'MSE - std': 0.05163718619120034, 'R2 - mean': 0.2623529937002455, 'R2 - std': 0.0883136437848681} 
 

Saved Losses
{'MSE - mean': 0.4948278677694937, 'MSE - std': 0.05047165860351341, 'R2 - mean': 0.2760606782362315, 'R2 - std': 0.08008231143601412} 
 

Saved Losses
{'MSE - mean': 0.4953004418347115, 'MSE - std': 0.045153116866282365, 'R2 - mean': 0.25582539009020044, 'R2 - std': 0.08227033991275} 
 

Saving model.....
Results After CV: {'MSE - mean': 0.4953004418347115, 'MSE - std': 0.045153116866282365, 'R2 - mean': 0.25582539009020044, 'R2 - std': 0.08227033991275}
Train time: 0.3360755096000048
Inference time: 0.024849245399997243
Finished cross validation
Hyperparam was saved!!! Hurrah!!!
Trial 96 finished with value: 0.4953004418347115 and parameters: {'max_depth': 6, 'n_estimators': 87}. Best is trial 89 with value: 0.4782203882368445.
Saved Losses
{'MSE - mean': 0.45385789040521124, 'MSE - std': 0.0, 'R2 - mean': 0.17412870302680672, 'R2 - std': 0.0} 
 

Saved Losses
{'MSE - mean': 0.4565042069274955, 'MSE - std': 0.0026463165222842255, 'R2 - mean': 0.2761762871767591, 'R2 - std': 0.10204758414995241} 
 

Saved Losses
{'MSE - mean': 0.4928546844057749, 'MSE - std': 0.051452726716425874, 'R2 - mean': 0.24382326915272703, 'R2 - std': 0.0950573958428333} 
 

Saved Losses
{'MSE - mean': 0.49950683159428766, 'MSE - std': 0.04602489002234898, 'R2 - mean': 0.2672318604975211, 'R2 - std': 0.09176501416421472} 
 

Saved Losses
{'MSE - mean': 0.4954546014089119, 'MSE - std': 0.04195610419422348, 'R2 - mean': 0.25471850064983065, 'R2 - std': 0.08580787235655006} 
 

Saving model.....
Results After CV: {'MSE - mean': 0.4954546014089119, 'MSE - std': 0.04195610419422348, 'R2 - mean': 0.25471850064983065, 'R2 - std': 0.08580787235655006}
Train time: 0.2576943217999997
Inference time: 0.02306864859999678
Finished cross validation
Hyperparam was saved!!! Hurrah!!!
Trial 97 finished with value: 0.4954546014089119 and parameters: {'max_depth': 7, 'n_estimators': 60}. Best is trial 89 with value: 0.4782203882368445.
Saved Losses
{'MSE - mean': 0.439902400034507, 'MSE - std': 0.0, 'R2 - mean': 0.19952308125841645, 'R2 - std': 0.0} 
 

Saved Losses
{'MSE - mean': 0.463112945185579, 'MSE - std': 0.023210545151072015, 'R2 - mean': 0.2704748234623944, 'R2 - std': 0.07095174220397793} 
 

Saved Losses
{'MSE - mean': 0.5015235413226545, 'MSE - std': 0.05753173670839727, 'R2 - mean': 0.23383466337915296, 'R2 - std': 0.07772452943807985} 
 

Saved Losses
{'MSE - mean': 0.505441707398073, 'MSE - std': 0.050284009612370215, 'R2 - mean': 0.2604632812796212, 'R2 - std': 0.08159703874005245} 
 

Saved Losses
{'MSE - mean': 0.509119570441764, 'MSE - std': 0.04557293061050764, 'R2 - mean': 0.2345052649006305, 'R2 - std': 0.08956414373087197} 
 

Saving model.....
Results After CV: {'MSE - mean': 0.509119570441764, 'MSE - std': 0.04557293061050764, 'R2 - mean': 0.2345052649006305, 'R2 - std': 0.08956414373087197}
Train time: 0.19459267819999013
Inference time: 0.016894290800001953
Finished cross validation
Hyperparam was saved!!! Hurrah!!!
