Trial 192 finished with value: 286.75746695545695 and parameters: {'max_depth': 12, 'n_estimators': 70}. Best is trial 189 with value: 262.4650933122968.
Saved Losses
{'MSE - mean': 436.0992905302579, 'MSE - std': 0.0, 'R2 - mean': 0.5740130072066202, 'R2 - std': 0.0} 
 

Saved Losses
{'MSE - mean': 269.3012737198899, 'MSE - std': 166.79801681036804, 'R2 - mean': 0.7381990017970615, 'R2 - std': 0.16418599459044136} 
 

Saved Losses
{'MSE - mean': 276.032985551529, 'MSE - std': 136.52234553221072, 'R2 - mean': 0.7860778412054669, 'R2 - std': 0.1501869737115263} 
 

Saved Losses
{'MSE - mean': 288.23959176695877, 'MSE - std': 120.10731379940172, 'R2 - mean': 0.7924335093702547, 'R2 - std': 0.13053075828299138} 
 

Saved Losses
{'MSE - mean': 285.52465058692553, 'MSE - std': 107.564385764669, 'R2 - mean': 0.8082661392304902, 'R2 - std': 0.12096822623941808} 
 

Saving model.....
Results After CV: {'MSE - mean': 285.52465058692553, 'MSE - std': 107.564385764669, 'R2 - mean': 0.8082661392304902, 'R2 - std': 0.12096822623941808}
Train time: 0.30390143800001396
Inference time: 0.021233883599995805
Finished cross validation
Hyperparam was saved!!! Hurrah!!!
Trial 193 finished with value: 285.52465058692553 and parameters: {'max_depth': 11, 'n_estimators': 46}. Best is trial 189 with value: 262.4650933122968.
Saved Losses
{'MSE - mean': 496.48539487479815, 'MSE - std': 0.0, 'R2 - mean': 0.5150271396420107, 'R2 - std': 0.0} 
 

Saved Losses
{'MSE - mean': 313.47126678784093, 'MSE - std': 183.01412808695721, 'R2 - mean': 0.695395670109763, 'R2 - std': 0.1803685304677522} 
 

Saved Losses
{'MSE - mean': 316.38602173828036, 'MSE - std': 149.48725356741406, 'R2 - mean': 0.7530906044885399, 'R2 - std': 0.16836255154083524} 
 

Saved Losses
{'MSE - mean': 302.66198191022664, 'MSE - std': 131.62399873105312, 'R2 - mean': 0.7768856177798945, 'R2 - std': 0.15151920519727036} 
 

Saved Losses
{'MSE - mean': 293.14235742249247, 'MSE - std': 119.25768166081248, 'R2 - mean': 0.7976604863470064, 'R2 - std': 0.1417492020817511} 
 

Saving model.....
Results After CV: {'MSE - mean': 293.14235742249247, 'MSE - std': 119.25768166081248, 'R2 - mean': 0.7976604863470064, 'R2 - std': 0.1417492020817511}
Train time: 0.05454228380000359
Inference time: 0.007150715200009472
Finished cross validation
Hyperparam was saved!!! Hurrah!!!
Trial 194 finished with value: 293.14235742249247 and parameters: {'max_depth': 12, 'n_estimators': 6}. Best is trial 189 with value: 262.4650933122968.
Saved Losses
{'MSE - mean': 460.9625506039112, 'MSE - std': 0.0, 'R2 - mean': 0.549726277969026, 'R2 - std': 0.0} 
 

Saved Losses
{'MSE - mean': 286.2983901825963, 'MSE - std': 174.66416042131496, 'R2 - mean': 0.7217078731423525, 'R2 - std': 0.17198159517332662} 
 

Saved Losses
{'MSE - mean': 279.2252789270605, 'MSE - std': 142.96306199897091, 'R2 - mean': 0.7784059196077262, 'R2 - std': 0.16170276125725458} 
 

Saved Losses
{'MSE - mean': 282.7214598823408, 'MSE - std': 123.95764464488423, 'R2 - mean': 0.7912707058226679, 'R2 - std': 0.1418003717263603} 
 

Saved Losses
{'MSE - mean': 279.4681631840048, 'MSE - std': 111.06184714093104, 'R2 - mean': 0.8081035080260763, 'R2 - std': 0.1312221370709358} 
 

Saving model.....
Results After CV: {'MSE - mean': 279.4681631840048, 'MSE - std': 111.06184714093104, 'R2 - mean': 0.8081035080260763, 'R2 - std': 0.1312221370709358}
Train time: 0.46743750319999433
Inference time: 0.028000495799994952
Finished cross validation
Hyperparam was saved!!! Hurrah!!!
Trial 195 finished with value: 279.4681631840048 and parameters: {'max_depth': 12, 'n_estimators': 67}. Best is trial 189 with value: 262.4650933122968.
Saved Losses
{'MSE - mean': 404.51805243710305, 'MSE - std': 0.0, 'R2 - mean': 0.6048619375674948, 'R2 - std': 0.0} 
 

Saved Losses
{'MSE - mean': 263.1681268864946, 'MSE - std': 141.3499255506085, 'R2 - mean': 0.7444265476463455, 'R2 - std': 0.13956461007885068} 
 

Saved Losses
{'MSE - mean': 258.23751351703106, 'MSE - std': 115.62218442772985, 'R2 - mean': 0.7958242398228549, 'R2 - std': 0.13516273813364207} 
 

Saved Losses
{'MSE - mean': 271.4097069080859, 'MSE - std': 102.69803885700072, 'R2 - mean': 0.8017644800341566, 'R2 - std': 0.11750567516567667} 
 

Saved Losses
{'MSE - mean': 271.0334461971852, 'MSE - std': 91.8590008466753, 'R2 - mean': 0.8162111675530195, 'R2 - std': 0.10899951411810928} 
 

Saving model.....
Results After CV: {'MSE - mean': 271.0334461971852, 'MSE - std': 91.8590008466753, 'R2 - mean': 0.8162111675530195, 'R2 - std': 0.10899951411810928}
Train time: 0.2932801312000038
Inference time: 0.01895740239999668
Finished cross validation
Hyperparam was saved!!! Hurrah!!!
Trial 196 finished with value: 271.0334461971852 and parameters: {'max_depth': 11, 'n_estimators': 44}. Best is trial 189 with value: 262.4650933122968.
Saved Losses
{'MSE - mean': 446.1489518016662, 'MSE - std': 0.0, 'R2 - mean': 0.5641963781119157, 'R2 - std': 0.0} 
 

Saved Losses
{'MSE - mean': 284.9536185312014, 'MSE - std': 161.1953332704648, 'R2 - mean': 0.7231699860552148, 'R2 - std': 0.15897360794329907} 
 

Saved Losses
{'MSE - mean': 290.5560677938183, 'MSE - std': 131.85370120300453, 'R2 - mean': 0.7743898123020951, 'R2 - std': 0.14864503540267016} 
 

Saved Losses
{'MSE - mean': 293.17536782283514, 'MSE - std': 114.27874294296566, 'R2 - mean': 0.787123764065295, 'R2 - std': 0.13060616560835978} 
 

Saved Losses
{'MSE - mean': 289.95278650651846, 'MSE - std': 102.41701515012353, 'R2 - mean': 0.8037941740410119, 'R2 - std': 0.12148245416918672} 
 

Saving model.....
Results After CV: {'MSE - mean': 289.95278650651846, 'MSE - std': 102.41701515012353, 'R2 - mean': 0.8037941740410119, 'R2 - std': 0.12148245416918672}
Train time: 0.28634411459999
Inference time: 0.019934571200008123
Finished cross validation
Hyperparam was saved!!! Hurrah!!!
Trial 197 finished with value: 289.95278650651846 and parameters: {'max_depth': 11, 'n_estimators': 43}. Best is trial 189 with value: 262.4650933122968.
Saved Losses
{'MSE - mean': 462.77299268582044, 'MSE - std': 0.0, 'R2 - mean': 0.5479578165318122, 'R2 - std': 0.0} 
 

Saved Losses
{'MSE - mean': 289.26447303497616, 'MSE - std': 173.50851965084428, 'R2 - mean': 0.718861060558228, 'R2 - std': 0.1709032440264157} 
 

Saved Losses
{'MSE - mean': 285.89072286830213, 'MSE - std': 141.74943377191744, 'R2 - mean': 0.7745945091583772, 'R2 - std': 0.16026347202310123} 
 

Saved Losses
{'MSE - mean': 293.3920758569568, 'MSE - std': 123.4442682791534, 'R2 - mean': 0.7851212442120454, 'R2 - std': 0.13998471988522496} 
 

Saved Losses
{'MSE - mean': 294.6358946528402, 'MSE - std': 110.4399304489479, 'R2 - mean': 0.8000838948344559, 'R2 - std': 0.12873267299201552} 
 

Saving model.....
Results After CV: {'MSE - mean': 294.6358946528402, 'MSE - std': 110.4399304489479, 'R2 - mean': 0.8000838948344559, 'R2 - std': 0.12873267299201552}
Train time: 0.33863807420000286
Inference time: 0.020892543000002206
Finished cross validation
Hyperparam was saved!!! Hurrah!!!
Trial 198 finished with value: 294.6358946528402 and parameters: {'max_depth': 12, 'n_estimators': 49}. Best is trial 189 with value: 262.4650933122968.
Saved Losses
{'MSE - mean': 465.0737717665107, 'MSE - std': 0.0, 'R2 - mean': 0.5457103880609393, 'R2 - std': 0.0} 
 

Saved Losses
{'MSE - mean': 291.3076500148328, 'MSE - std': 173.76612175167787, 'R2 - mean': 0.7168871348099023, 'R2 - std': 0.171176746748963} 
 

Saved Losses
{'MSE - mean': 280.1554346148939, 'MSE - std': 142.7533555790052, 'R2 - mean': 0.7761755248768377, 'R2 - std': 0.16298633525083403} 
 

Saved Losses
{'MSE - mean': 283.0781779480354, 'MSE - std': 123.73163573869736, 'R2 - mean': 0.7897957160493037, 'R2 - std': 0.1431081337017449} 
 

Saved Losses
{'MSE - mean': 279.7363102332889, 'MSE - std': 110.87058431049422, 'R2 - mean': 0.8069315698620614, 'R2 - std': 0.1325084913839336} 
 

Saving model.....
Results After CV: {'MSE - mean': 279.7363102332889, 'MSE - std': 110.87058431049422, 'R2 - mean': 0.8069315698620614, 'R2 - std': 0.1325084913839336}
Train time: 0.3581685651999919
Inference time: 0.020899609599996437
Finished cross validation
Hyperparam was saved!!! Hurrah!!!
Trial 199 finished with value: 279.7363102332889 and parameters: {'max_depth': 11, 'n_estimators': 55}. Best is trial 189 with value: 262.4650933122968.
Best parameters: {'max_depth': 12, 'n_estimators': 44}
Saved Losses
{'MSE - mean': 438.8349351350816, 'MSE - std': 0.0, 'R2 - mean': 0.5713407969006981, 'R2 - std': 0.0} 
 

Saved Losses
{'MSE - mean': 285.94665119731553, 'MSE - std': 152.88828393776606, 'R2 - mean': 0.7223139091429964, 'R2 - std': 0.15097311224229837} 
 

Saved Losses
{'MSE - mean': 284.8170818446901, 'MSE - std': 124.84298177097541, 'R2 - mean': 0.7764318098391646, 'R2 - std': 0.14509565154845627} 
 

Saved Losses
{'MSE - mean': 286.51944179628754, 'MSE - std': 108.15739300350894, 'R2 - mean': 0.790019826995315, 'R2 - std': 0.1278415570321748} 
 

Saved Losses
{'MSE - mean': 277.599796063523, 'MSE - std': 98.37000380728104, 'R2 - mean': 0.8093966672959405, 'R2 - std': 0.12073366855882592} 
 

Saving model.....
Results After CV: {'MSE - mean': 277.599796063523, 'MSE - std': 98.37000380728104, 'R2 - mean': 0.8093966672959405, 'R2 - std': 0.12073366855882592}
Train time: 0.3138235601999895
Inference time: 0.01978965939998716
Finished cross validation


----------------------------------------------------------------------------
Training RandomForest Vesion 1 with Dataset: config/sensory.yml 



----------------------------------------------------------------------------
 Panda Version: 2.0.3
Namespace(batch_size=128, cat_dims=None, cat_idx=None, config='config/sensory.yml', data_parallel=False, dataset='Sensory', direction='minimize', dropna_idx=None, early_stopping_rounds=20, epochs=100, gpu_ids=[0, 1], logging_period=100, miss_cat_idx=None, miss_num_idx=None, model_name='RandomForest', n_trials=200, nominal_idx=[0, 1, 2, 3, 4, 5, 6, 7, 8, 9, 10], num_classes=1, num_features=11, num_idx=None, num_splits=5, objective='regression', one_hot_encode=True, optimize_hyperparameters=True, ordinal_encode=False, ordinal_idx=None, scale=False, seed=221, shuffle=True, target_encode=False, use_gpu=True, val_batch_size=256)
Start hyperparameter optimization
 Panda Version: 2.0.3
Loading dataset Sensory...
Dataset loaded! 

X b4 encoding : [1 1 1 1 1 1 3 3 1 2 1] 

(576, 11)
Data Type of X: <class 'numpy.ndarray'>
Nominal Idx: [0, 1, 2, 3, 4, 5, 6, 7, 8, 9, 10]
Ordinal Idx: None
Cat Dims: None 
 

Normonal Idx: [0, 1, 2, 3, 4, 5, 6, 7, 8, 9, 10]
Cat Idx Part II: [0, 1, 2, 3, 4, 5, 6, 7, 8, 9, 10] 
ENDE 
 

X after Nominal Encoding: [1 1 1 1 1 1 3 3 1 2 1] 
 

X after Scaling: [1 1 1 1 1 1 3 3 1 2 1] 
 

One Hot Encoding...
X after One Hot Encoding: [1. 0. 1. 0. 0. 0. 0. 0. 1. 0. 0. 1. 0. 0. 0. 1. 0. 0. 0. 1. 0. 0. 0. 1.
 0. 0. 1. 0. 1. 0. 0. 1. 0. 0. 1. 0.] 
 

args.num_features: 36
args.cat_idx: None
Cat Dims: []
New Shape: (576, 36)
False 
 

A new study created in RDB with name: RandomForest_Sensory
Saved Losses
{'MSE - mean': 0.47034851524048643, 'MSE - std': 0.0, 'R2 - mean': 0.14412121828648916, 'R2 - std': 0.0} 
 

Saved Losses
{'MSE - mean': 0.5168823490790743, 'MSE - std': 0.04653383383858781, 'R2 - mean': 0.19057489241755965, 'R2 - std': 0.04645367413107049} 
 

Saved Losses
{'MSE - mean': 0.5411989936465068, 'MSE - std': 0.051246432726410954, 'R2 - mean': 0.1750101273021838, 'R2 - std': 0.04385376897193787} 
 

Saved Losses
{'MSE - mean': 0.5544522145527829, 'MSE - std': 0.04996590080803694, 'R2 - mean': 0.19178773153322337, 'R2 - std': 0.04782079883255054} 
 

Saved Losses
{'MSE - mean': 0.5582048425947919, 'MSE - std': 0.045316684165255895, 'R2 - mean': 0.1631736143459565, 'R2 - std': 0.07144602053587852} 
 

Saving model.....
Results After CV: {'MSE - mean': 0.5582048425947919, 'MSE - std': 0.045316684165255895, 'R2 - mean': 0.1631736143459565, 'R2 - std': 0.07144602053587852}
Train time: 0.05681140280000037
Inference time: 0.008356491600000205
Finished cross validation
Hyperparam was saved!!! Hurrah!!!
Trial 0 finished with value: 0.5582048425947919 and parameters: {'max_depth': 8, 'n_estimators': 11}. Best is trial 0 with value: 0.5582048425947919.
Saved Losses
{'MSE - mean': 0.4389178845504426, 'MSE - std': 0.0, 'R2 - mean': 0.20131457391923258, 'R2 - std': 0.0} 
 

Saved Losses
{'MSE - mean': 0.469736230631161, 'MSE - std': 0.030818346080718345, 'R2 - mean': 0.26173478660048244, 'R2 - std': 0.06042021268124986} 
 

Saved Losses
{'MSE - mean': 0.5058173348964636, 'MSE - std': 0.05689351872965175, 'R2 - mean': 0.228184658742527, 'R2 - std': 0.06844674493503662} 
 

Saved Losses
{'MSE - mean': 0.5183282086155806, 'MSE - std': 0.05382583244807276, 'R2 - mean': 0.2438972105737479, 'R2 - std': 0.06522553582990241} 
 

Saved Losses
{'MSE - mean': 0.5193995232643781, 'MSE - std': 0.04819094366464839, 'R2 - mean': 0.221300947274589, 'R2 - std': 0.07379607631695587} 
 

Saving model.....
Results After CV: {'MSE - mean': 0.5193995232643781, 'MSE - std': 0.04819094366464839, 'R2 - mean': 0.221300947274589, 'R2 - std': 0.07379607631695587}
Train time: 0.12742251079999994
Inference time: 0.014350977600000014
Finished cross validation
Hyperparam was saved!!! Hurrah!!!
Trial 1 finished with value: 0.5193995232643781 and parameters: {'max_depth': 4, 'n_estimators': 38}. Best is trial 1 with value: 0.5193995232643781.
Saved Losses
{'MSE - mean': 0.458012933433066, 'MSE - std': 0.0, 'R2 - mean': 0.1665678985394592, 'R2 - std': 0.0} 
 

Saved Losses
{'MSE - mean': 0.5243798879411445, 'MSE - std': 0.06636695450807853, 'R2 - mean': 0.1832928069703761, 'R2 - std': 0.016724908430916896} 
 

Saved Losses
{'MSE - mean': 0.5637906259778137, 'MSE - std': 0.07773541221546441, 'R2 - mean': 0.1446194286266321, 'R2 - std': 0.05637146523775811} 
 

Saved Losses
{'MSE - mean': 0.5871368232470455, 'MSE - std': 0.07853171661840061, 'R2 - mean': 0.14891821058418608, 'R2 - std': 0.049383652646848665} 
 

Saved Losses
{'MSE - mean': 0.58669500971924, 'MSE - std': 0.07024646047168236, 'R2 - mean': 0.12499052108584456, 'R2 - std': 0.06512398496646113} 
 

Saving model.....
Results After CV: {'MSE - mean': 0.58669500971924, 'MSE - std': 0.07024646047168236, 'R2 - mean': 0.12499052108584456, 'R2 - std': 0.06512398496646113}
Train time: 0.08365943199999996
Inference time: 0.012490732399999871
Finished cross validation
Hyperparam was saved!!! Hurrah!!!
Trial 2 finished with value: 0.58669500971924 and parameters: {'max_depth': 2, 'n_estimators': 29}. Best is trial 1 with value: 0.5193995232643781.
Saved Losses
{'MSE - mean': 0.466443919930308, 'MSE - std': 0.0, 'R2 - mean': 0.1512262907356945, 'R2 - std': 0.0} 
 

Saved Losses
{'MSE - mean': 0.528320753925829, 'MSE - std': 0.06187683399552096, 'R2 - mean': 0.17599390001356452, 'R2 - std': 0.02476760927787003} 
 

Saved Losses
{'MSE - mean': 0.5657469816004869, 'MSE - std': 0.07317062315426519, 'R2 - mean': 0.14072725992010268, 'R2 - std': 0.053818473778598525} 
 

Saved Losses
{'MSE - mean': 0.5894838990581932, 'MSE - std': 0.0755366058329967, 'R2 - mean': 0.1448769435132494, 'R2 - std': 0.047159099987838675} 
 

Saved Losses
{'MSE - mean': 0.586543770010986, 'MSE - std': 0.06781740552301109, 'R2 - mean': 0.12512458074112967, 'R2 - std': 0.05779107119318743} 
 

Saving model.....
Results After CV: {'MSE - mean': 0.586543770010986, 'MSE - std': 0.06781740552301109, 'R2 - mean': 0.12512458074112967, 'R2 - std': 0.05779107119318743}
Train time: 0.0784621114
Inference time: 0.009512745199999983
Finished cross validation
Hyperparam was saved!!! Hurrah!!!
Trial 3 finished with value: 0.586543770010986 and parameters: {'max_depth': 2, 'n_estimators': 27}. Best is trial 1 with value: 0.5193995232643781.
Saved Losses
{'MSE - mean': 0.4556652526934618, 'MSE - std': 0.0, 'R2 - mean': 0.1708399012484234, 'R2 - std': 0.0} 
 

Saved Losses
{'MSE - mean': 0.45541284895975465, 'MSE - std': 0.00025240373370716274, 'R2 - mean': 0.2772335443107529, 'R2 - std': 0.10639364306232951} 
 

Saved Losses
{'MSE - mean': 0.48824237188525427, 'MSE - std': 0.046428413959503353, 'R2 - mean': 0.25016666221854783, 'R2 - std': 0.09492964272784475} 
 

Saved Losses
{'MSE - mean': 0.49984557290007225, 'MSE - std': 0.04495109607637027, 'R2 - mean': 0.2671453288592442, 'R2 - std': 0.08731296103107986} 
 

Saved Losses
{'MSE - mean': 0.5001216702687824, 'MSE - std': 0.040209274425208066, 'R2 - mean': 0.24735374231667345, 'R2 - std': 0.0875538127250902} 
 

Saving model.....
Results After CV: {'MSE - mean': 0.5001216702687824, 'MSE - std': 0.040209274425208066, 'R2 - mean': 0.24735374231667345, 'R2 - std': 0.0875538127250902}
Train time: 0.25564350960000015
Inference time: 0.01691371600000018
Finished cross validation
Hyperparam was saved!!! Hurrah!!!
Trial 4 finished with value: 0.5001216702687824 and parameters: {'max_depth': 10, 'n_estimators': 51}. Best is trial 4 with value: 0.5001216702687824.
Saved Losses
{'MSE - mean': 0.45068297016552744, 'MSE - std': 0.0, 'R2 - mean': 0.17990600810746327, 'R2 - std': 0.0} 
 

Saved Losses
{'MSE - mean': 0.5021851990702978, 'MSE - std': 0.05150222890477038, 'R2 - mean': 0.2150545689231625, 'R2 - std': 0.035148560815699226} 
 

Saved Losses
{'MSE - mean': 0.5405271088539058, 'MSE - std': 0.06861868414031436, 'R2 - mean': 0.1780835530599593, 'R2 - std': 0.05964332524424714} 
 

Saved Losses
{'MSE - mean': 0.5538788423874355, 'MSE - std': 0.0637667564245847, 'R2 - mean': 0.194181390840957, 'R2 - std': 0.058697664589941204} 
 

Saved Losses
{'MSE - mean': 0.5528250938961126, 'MSE - std': 0.05707364473609262, 'R2 - mean': 0.1732553003604276, 'R2 - std': 0.0671411774833284} 
 

Saving model.....
Results After CV: {'MSE - mean': 0.5528250938961126, 'MSE - std': 0.05707364473609262, 'R2 - mean': 0.1732553003604276, 'R2 - std': 0.0671411774833284}
Train time: 0.05345560959999993
Inference time: 0.010359402999999646
Finished cross validation
Hyperparam was saved!!! Hurrah!!!
Trial 5 finished with value: 0.5528250938961126 and parameters: {'max_depth': 3, 'n_estimators': 15}. Best is trial 4 with value: 0.5001216702687824.
Saved Losses
{'MSE - mean': 0.4681536356451341, 'MSE - std': 0.0, 'R2 - mean': 0.14811517343508251, 'R2 - std': 0.0} 
 

Saved Losses
{'MSE - mean': 0.477750711275732, 'MSE - std': 0.00959707563059789, 'R2 - mean': 0.2440773244895968, 'R2 - std': 0.09596215105451428} 
 

Saved Losses
{'MSE - mean': 0.5018636991208384, 'MSE - std': 0.03498964045841919, 'R2 - mean': 0.22990671623032313, 'R2 - std': 0.0808750181878302} 
 

Saved Losses
{'MSE - mean': 0.517482381588296, 'MSE - std': 0.0406206342960678, 'R2 - mean': 0.24248559403932568, 'R2 - std': 0.07335026193520272} 
 

Saved Losses
{'MSE - mean': 0.516541250069758, 'MSE - std': 0.036380924378479514, 'R2 - mean': 0.22379216013943157, 'R2 - std': 0.07551149994967071} 
 

Saving model.....
Results After CV: {'MSE - mean': 0.516541250069758, 'MSE - std': 0.036380924378479514, 'R2 - mean': 0.22379216013943157, 'R2 - std': 0.07551149994967071}
Train time: 0.050435114799999424
Inference time: 0.00915766400000031
Finished cross validation
Hyperparam was saved!!! Hurrah!!!
Trial 6 finished with value: 0.516541250069758 and parameters: {'max_depth': 5, 'n_estimators': 12}. Best is trial 4 with value: 0.5001216702687824.
Saved Losses
{'MSE - mean': 0.5011454286111022, 'MSE - std': 0.0, 'R2 - mean': 0.08808101864282225, 'R2 - std': 0.0} 
 

Saved Losses
{'MSE - mean': 0.5206503780045397, 'MSE - std': 0.0195049493934375, 'R2 - mean': 0.17830457829344437, 'R2 - std': 0.09022355965062212} 
 

Saved Losses
{'MSE - mean': 0.5557246715635039, 'MSE - std': 0.0520964570568975, 'R2 - mean': 0.14939254364189916, 'R2 - std': 0.0842536169712447} 
 

Saved Losses
{'MSE - mean': 0.5700065510083582, 'MSE - std': 0.05145334653686703, 'R2 - mean': 0.1666309106714348, 'R2 - std': 0.0788383654897021} 
 

Saved Losses
{'MSE - mean': 0.5606660184479993, 'MSE - std': 0.049668296627917836, 'R2 - mean': 0.15961433020531676, 'R2 - std': 0.07189798261578914} 
 

Saving model.....
Results After CV: {'MSE - mean': 0.5606660184479993, 'MSE - std': 0.049668296627917836, 'R2 - mean': 0.15961433020531676, 'R2 - std': 0.07189798261578914}
Train time: 0.030955939399999723
Inference time: 0.006447001199999747
Finished cross validation
Hyperparam was saved!!! Hurrah!!!
Trial 7 finished with value: 0.5606660184479993 and parameters: {'max_depth': 7, 'n_estimators': 5}. Best is trial 4 with value: 0.5001216702687824.
Saved Losses
{'MSE - mean': 0.4365099048776852, 'MSE - std': 0.0, 'R2 - mean': 0.20569630074929768, 'R2 - std': 0.0} 
 

Saved Losses
{'MSE - mean': 0.4916901023788467, 'MSE - std': 0.05518019750116146, 'R2 - mean': 0.23256555177168414, 'R2 - std': 0.026869251022386464} 
 

Saved Losses
{'MSE - mean': 0.5329956724593247, 'MSE - std': 0.07377128870270601, 'R2 - mean': 0.19053364623578958, 'R2 - std': 0.06336139676195651} 
 

Saved Losses
{'MSE - mean': 0.5489456285392127, 'MSE - std': 0.06960499676384291, 'R2 - mean': 0.20260656014456693, 'R2 - std': 0.05872193542847344} 
 

Saved Losses
{'MSE - mean': 0.5479747652198335, 'MSE - std': 0.06228687471639052, 'R2 - mean': 0.18149527194707188, 'R2 - std': 0.06738960244580332} 
 

Saving model.....
Results After CV: {'MSE - mean': 0.5479747652198335, 'MSE - std': 0.06228687471639052, 'R2 - mean': 0.18149527194707188, 'R2 - std': 0.06738960244580332}
Train time: 0.10586244260000015
Inference time: 0.0119379133999999
Finished cross validation
Hyperparam was saved!!! Hurrah!!!
