Trial 120 finished with value: 278.595098960198 and parameters: {'max_depth': 11, 'n_estimators': 75}. Best is trial 65 with value: 267.23646419674776.
Saved Losses
{'MSE - mean': 447.96097624778247, 'MSE - std': 0.0, 'R2 - mean': 0.5624263710024553, 'R2 - std': 0.0} 
 

Saved Losses
{'MSE - mean': 286.46455328504834, 'MSE - std': 161.49642296273413, 'R2 - mean': 0.7217089079755517, 'R2 - std': 0.15928253697309636} 
 

Saved Losses
{'MSE - mean': 289.1893555891125, 'MSE - std': 131.91757091089627, 'R2 - mean': 0.7743847626533853, 'R2 - std': 0.14987809175617034} 
 

Saved Losses
{'MSE - mean': 293.7651767170181, 'MSE - std': 114.51855113149692, 'R2 - mean': 0.7861829650786771, 'R2 - std': 0.13139701112566357} 
 

Saved Losses
{'MSE - mean': 291.6005915960622, 'MSE - std': 102.51995199759543, 'R2 - mean': 0.8024917851715848, 'R2 - std': 0.12196741399856575} 
 

Saving model.....
Results After CV: {'MSE - mean': 291.6005915960622, 'MSE - std': 102.51995199759543, 'R2 - mean': 0.8024917851715848, 'R2 - std': 0.12196741399856575}
Train time: 0.4216362014000083
Inference time: 0.024468633800000816
Finished cross validation
Hyperparam was saved!!! Hurrah!!!
Trial 121 finished with value: 291.6005915960622 and parameters: {'max_depth': 12, 'n_estimators': 61}. Best is trial 65 with value: 267.23646419674776.
Saved Losses
{'MSE - mean': 444.61641990383686, 'MSE - std': 0.0, 'R2 - mean': 0.5656933735638516, 'R2 - std': 0.0} 
 

Saved Losses
{'MSE - mean': 282.6481291844834, 'MSE - std': 161.96829071935346, 'R2 - mean': 0.7253843035225949, 'R2 - std': 0.15969092995874323} 
 

Saved Losses
{'MSE - mean': 271.8572759812806, 'MSE - std': 133.12413940155812, 'R2 - mean': 0.7828709987228373, 'R2 - std': 0.15365622557346417} 
 

Saved Losses
{'MSE - mean': 283.47544577648773, 'MSE - std': 117.03193144063248, 'R2 - mean': 0.7909755556722289, 'R2 - std': 0.13380855082224855} 
 

Saved Losses
{'MSE - mean': 277.0203464252148, 'MSE - std': 105.4696715265537, 'R2 - mean': 0.8092937052744373, 'R2 - std': 0.12516389670314593} 
 

Saving model.....
Results After CV: {'MSE - mean': 277.0203464252148, 'MSE - std': 105.4696715265537, 'R2 - mean': 0.8092937052744373, 'R2 - std': 0.12516389670314593}
Train time: 0.3866648042000008
Inference time: 0.02336396399999785
Finished cross validation
Hyperparam was saved!!! Hurrah!!!
Trial 122 finished with value: 277.0203464252148 and parameters: {'max_depth': 12, 'n_estimators': 55}. Best is trial 65 with value: 267.23646419674776.
Saved Losses
{'MSE - mean': 422.4214478804945, 'MSE - std': 0.0, 'R2 - mean': 0.5873736871820201, 'R2 - std': 0.0} 
 

Saved Losses
{'MSE - mean': 269.1547793457909, 'MSE - std': 153.26666853470357, 'R2 - mean': 0.7385060683818132, 'R2 - std': 0.15113238119979316} 
 

Saved Losses
{'MSE - mean': 271.7751493745786, 'MSE - std': 125.1965673144702, 'R2 - mean': 0.7879806206812723, 'R2 - std': 0.14185483336334911} 
 

Saved Losses
{'MSE - mean': 284.355118134734, 'MSE - std': 110.59114879824, 'R2 - mean': 0.7942616023236493, 'R2 - std': 0.12333064299914798} 
 

Saved Losses
{'MSE - mean': 279.3620297704464, 'MSE - std': 99.41853690165584, 'R2 - mean': 0.8111568179593907, 'R2 - std': 0.11536962879189401} 
 

Saving model.....
Results After CV: {'MSE - mean': 279.3620297704464, 'MSE - std': 99.41853690165584, 'R2 - mean': 0.8111568179593907, 'R2 - std': 0.11536962879189401}
Train time: 0.4239837503999979
Inference time: 0.025579280799996697
Finished cross validation
Hyperparam was saved!!! Hurrah!!!
Trial 123 finished with value: 279.3620297704464 and parameters: {'max_depth': 11, 'n_estimators': 65}. Best is trial 65 with value: 267.23646419674776.
Saved Losses
{'MSE - mean': 438.3310235261941, 'MSE - std': 0.0, 'R2 - mean': 0.5718330237755518, 'R2 - std': 0.0} 
 

Saved Losses
{'MSE - mean': 281.1815623576778, 'MSE - std': 157.14946116851627, 'R2 - mean': 0.7268579298939734, 'R2 - std': 0.15502490611842157} 
 

Saved Losses
{'MSE - mean': 279.16453841001584, 'MSE - std': 128.3437007995103, 'R2 - mean': 0.7804717177008769, 'R2 - std': 0.1475489438481041} 
 

Saved Losses
{'MSE - mean': 280.72593551698264, 'MSE - std': 111.18180172115666, 'R2 - mean': 0.7939515227707601, 'R2 - std': 0.12989662642726477} 
 

Saved Losses
{'MSE - mean': 279.1474515593341, 'MSE - std': 99.49412481944998, 'R2 - mean': 0.8096517797345584, 'R2 - std': 0.12035156467892179} 
 

Saving model.....
Results After CV: {'MSE - mean': 279.1474515593341, 'MSE - std': 99.49412481944998, 'R2 - mean': 0.8096517797345584, 'R2 - std': 0.12035156467892179}
Train time: 0.5542191052000021
Inference time: 0.03027062660000297
Finished cross validation
Hyperparam was saved!!! Hurrah!!!
Trial 124 finished with value: 279.1474515593341 and parameters: {'max_depth': 12, 'n_estimators': 84}. Best is trial 65 with value: 267.23646419674776.
Saved Losses
{'MSE - mean': 430.432791478024, 'MSE - std': 0.0, 'R2 - mean': 0.5795481111229615, 'R2 - std': 0.0} 
 

Saved Losses
{'MSE - mean': 270.8511311606878, 'MSE - std': 159.5816603173362, 'R2 - mean': 0.7367924717278971, 'R2 - std': 0.15724436060493557} 
 

Saved Losses
{'MSE - mean': 273.4802972677153, 'MSE - std': 130.3509208582553, 'R2 - mean': 0.7866038311940321, 'R2 - std': 0.1464452196503265} 
 

Saved Losses
{'MSE - mean': 277.28226842372794, 'MSE - std': 113.0791177913049, 'R2 - mean': 0.798075085500499, 'R2 - std': 0.12837219634685385} 
 

Saved Losses
{'MSE - mean': 281.04511041820206, 'MSE - std': 101.42063608491794, 'R2 - mean': 0.8107755851351302, 'R2 - std': 0.11759569464827024} 
 

Saving model.....
Results After CV: {'MSE - mean': 281.04511041820206, 'MSE - std': 101.42063608491794, 'R2 - mean': 0.8107755851351302, 'R2 - std': 0.11759569464827024}
Train time: 0.30276814299999727
Inference time: 0.022705670999994255
Finished cross validation
Hyperparam was saved!!! Hurrah!!!
Trial 125 finished with value: 281.04511041820206 and parameters: {'max_depth': 10, 'n_estimators': 50}. Best is trial 65 with value: 267.23646419674776.
Saved Losses
{'MSE - mean': 447.4447715581186, 'MSE - std': 0.0, 'R2 - mean': 0.5629306059053565, 'R2 - std': 0.0} 
 

Saved Losses
{'MSE - mean': 297.65276333028385, 'MSE - std': 149.7920082278347, 'R2 - mean': 0.7110605734902169, 'R2 - std': 0.1481299675848604} 
 

Saved Losses
{'MSE - mean': 309.01551252403164, 'MSE - std': 123.35580498878774, 'R2 - mean': 0.7622378604372013, 'R2 - std': 0.14094876467344136} 
 

Saved Losses
{'MSE - mean': 311.24022768829775, 'MSE - std': 106.89873264454644, 'R2 - mean': 0.7755609872593946, 'R2 - std': 0.1242273432952166} 
 

Saved Losses
{'MSE - mean': 317.56249979665176, 'MSE - std': 96.44561022284252, 'R2 - mean': 0.788392788641136, 'R2 - std': 0.11403756733880255} 
 

Saving model.....
Results After CV: {'MSE - mean': 317.56249979665176, 'MSE - std': 96.44561022284252, 'R2 - mean': 0.788392788641136, 'R2 - std': 0.11403756733880255}
Train time: 0.26984122200001365
Inference time: 0.022039193999989947
Finished cross validation
Hyperparam was saved!!! Hurrah!!!
Trial 126 finished with value: 317.56249979665176 and parameters: {'max_depth': 6, 'n_estimators': 59}. Best is trial 65 with value: 267.23646419674776.
Saved Losses
{'MSE - mean': 469.22747325598425, 'MSE - std': 0.0, 'R2 - mean': 0.5416530028624659, 'R2 - std': 0.0} 
 

Saved Losses
{'MSE - mean': 294.9855040081343, 'MSE - std': 174.24196924784997, 'R2 - mean': 0.7133337888230156, 'R2 - std': 0.1716807859605497} 
 

Saved Losses
{'MSE - mean': 288.14374423920515, 'MSE - std': 142.5966172520136, 'R2 - mean': 0.7715468183497864, 'R2 - std': 0.16256396215661528} 
 

Saved Losses
{'MSE - mean': 295.31529924800816, 'MSE - std': 124.11543031597971, 'R2 - mean': 0.7827000126050059, 'R2 - std': 0.14210370357709562} 
 

Saved Losses
{'MSE - mean': 291.2675935777401, 'MSE - std': 111.3069976182501, 'R2 - mean': 0.800440831315638, 'R2 - std': 0.13196104216910276} 
 

Saving model.....
Results After CV: {'MSE - mean': 291.2675935777401, 'MSE - std': 111.3069976182501, 'R2 - mean': 0.800440831315638, 'R2 - std': 0.13196104216910276}
Train time: 0.5002500430000054
Inference time: 0.027186245799998687
Finished cross validation
Hyperparam was saved!!! Hurrah!!!
Trial 127 finished with value: 291.2675935777401 and parameters: {'max_depth': 12, 'n_estimators': 72}. Best is trial 65 with value: 267.23646419674776.
Saved Losses
{'MSE - mean': 413.3102323775246, 'MSE - std': 0.0, 'R2 - mean': 0.5962736312477014, 'R2 - std': 0.0} 
 

Saved Losses
{'MSE - mean': 266.9227015556493, 'MSE - std': 146.3875308218753, 'R2 - mean': 0.7407433167177817, 'R2 - std': 0.14446968547008032} 
 

Saved Losses
{'MSE - mean': 266.8929041744115, 'MSE - std': 119.52492583495508, 'R2 - mean': 0.790857536033771, 'R2 - std': 0.13761248720659314} 
 

Saved Losses
{'MSE - mean': 278.56731571087266, 'MSE - std': 105.46815432184545, 'R2 - mean': 0.7976529678891469, 'R2 - std': 0.11975571451372057} 
 

Saved Losses
{'MSE - mean': 280.56852892303925, 'MSE - std': 94.41845517761602, 'R2 - mean': 0.811141286924747, 'R2 - std': 0.11045761145606006} 
 

Saving model.....
Results After CV: {'MSE - mean': 280.56852892303925, 'MSE - std': 94.41845517761602, 'R2 - mean': 0.811141286924747, 'R2 - std': 0.11045761145606006}
Train time: 0.3207125277999978
Inference time: 0.018910123599994222
Finished cross validation
Hyperparam was saved!!! Hurrah!!!
Trial 128 finished with value: 280.56852892303925 and parameters: {'max_depth': 12, 'n_estimators': 46}. Best is trial 65 with value: 267.23646419674776.
Saved Losses
{'MSE - mean': 454.76028195202724, 'MSE - std': 0.0, 'R2 - mean': 0.555784728025893, 'R2 - std': 0.0} 
 

Saved Losses
{'MSE - mean': 284.3947723524562, 'MSE - std': 170.36550959957106, 'R2 - mean': 0.723596689752672, 'R2 - std': 0.16781196172677904} 
 

Saved Losses
{'MSE - mean': 289.6723311788751, 'MSE - std': 139.30294264089918, 'R2 - mean': 0.7748829280014283, 'R2 - std': 0.1550305114049372} 
 

Saved Losses
{'MSE - mean': 291.23156318320014, 'MSE - std': 120.67011222601963, 'R2 - mean': 0.7882369016173982, 'R2 - std': 0.13623813869054924} 
 

Saved Losses
{'MSE - mean': 292.11023283508405, 'MSE - std': 107.94493517132105, 'R2 - mean': 0.8029491286828266, 'R2 - std': 0.12535734062268217} 
 

Saving model.....
Results After CV: {'MSE - mean': 292.11023283508405, 'MSE - std': 107.94493517132105, 'R2 - mean': 0.8029491286828266, 'R2 - std': 0.12535734062268217}
Train time: 0.4511072179999928
Inference time: 0.029232682199994996
Finished cross validation
Hyperparam was saved!!! Hurrah!!!
Trial 129 finished with value: 292.11023283508405 and parameters: {'max_depth': 11, 'n_estimators': 69}. Best is trial 65 with value: 267.23646419674776.
Saved Losses
{'MSE - mean': 457.56531023750915, 'MSE - std': 0.0, 'R2 - mean': 0.5530447429124572, 'R2 - std': 0.0} 
 

Saved Losses
{'MSE - mean': 281.213838831015, 'MSE - std': 176.35147140649417, 'R2 - mean': 0.7265915659209718, 'R2 - std': 0.17354682300851465} 
 

Saved Losses
{'MSE - mean': 277.22224298489374, 'MSE - std': 144.10098306264683, 'R2 - mean': 0.7810957162575504, 'R2 - std': 0.16130841471765772} 
 

Saved Losses
{'MSE - mean': 280.6125467888586, 'MSE - std': 124.93319202423933, 'R2 - mean': 0.7936400535797012, 'R2 - std': 0.1413767473476406} 
 

Saved Losses
{'MSE - mean': 280.19022906922856, 'MSE - std': 111.7468361275505, 'R2 - mean': 0.8088727087988759, 'R2 - std': 0.13006937722840017} 
 

Saving model.....
Results After CV: {'MSE - mean': 280.19022906922856, 'MSE - std': 111.7468361275505, 'R2 - mean': 0.8088727087988759, 'R2 - std': 0.13006937722840017}
Train time: 0.41628982459999975
Inference time: 0.023918710399988184
Finished cross validation
Hyperparam was saved!!! Hurrah!!!
Trial 130 finished with value: 280.19022906922856 and parameters: {'max_depth': 11, 'n_estimators': 63}. Best is trial 65 with value: 267.23646419674776.
Saved Losses
{'MSE - mean': 448.30178049613056, 'MSE - std': 0.0, 'R2 - mean': 0.5620934693444213, 'R2 - std': 0.0} 
 

Saved Losses
{'MSE - mean': 272.85488585285566, 'MSE - std': 175.4468946432749, 'R2 - mean': 0.7346653722624177, 'R2 - std': 0.17257190291799634} 
 

Saved Losses
{'MSE - mean': 277.34815180892383, 'MSE - std': 143.39265708030354, 'R2 - mean': 0.7841522646738103, 'R2 - std': 0.15732751240294585} 
 

Saved Losses
{'MSE - mean': 285.5166015423169, 'MSE - std': 124.98504427151695, 'R2 - mean': 0.7931416838325414, 'R2 - std': 0.1371363868184093} 
 

Saved Losses
{'MSE - mean': 279.39527373265594, 'MSE - std': 112.45839964118179, 'R2 - mean': 0.8106797282771755, 'R2 - std': 0.12757524400703513} 
 

Saving model.....
Results After CV: {'MSE - mean': 279.39527373265594, 'MSE - std': 112.45839964118179, 'R2 - mean': 0.8106797282771755, 'R2 - std': 0.12757524400703513}
Train time: 0.23228089159999854
Inference time: 0.015400379400000474
Finished cross validation
Hyperparam was saved!!! Hurrah!!!
Trial 131 finished with value: 279.39527373265594 and parameters: {'max_depth': 11, 'n_estimators': 35}. Best is trial 65 with value: 267.23646419674776.
Saved Losses
{'MSE - mean': 445.0698232255128, 'MSE - std': 0.0, 'R2 - mean': 0.5652504837868735, 'R2 - std': 0.0} 
 

Saved Losses
{'MSE - mean': 281.13253191365584, 'MSE - std': 163.93729131185694, 'R2 - mean': 0.7268220694888272, 'R2 - std': 0.16157158570195373} 
 

Saved Losses
{'MSE - mean': 275.2064714394182, 'MSE - std': 134.11634268028044, 'R2 - mean': 0.782050043028784, 'R2 - std': 0.15330963111784435} 
 

Saved Losses
{'MSE - mean': 283.62826710642815, 'MSE - std': 117.06056106657532, 'R2 - mean': 0.7917286909672314, 'R2 - std': 0.13382417914138825} 
 

Saved Losses
{'MSE - mean': 282.9276165422346, 'MSE - std': 104.71152568189208, 'R2 - mean': 0.8071917724119748, 'R2 - std': 0.12362668113866103} 
 

Saving model.....
Results After CV: {'MSE - mean': 282.9276165422346, 'MSE - std': 104.71152568189208, 'R2 - mean': 0.8071917724119748, 'R2 - std': 0.12362668113866103}
Train time: 0.3875809553999943
Inference time: 0.024270449200002986
Finished cross validation
Hyperparam was saved!!! Hurrah!!!
Trial 132 finished with value: 282.9276165422346 and parameters: {'max_depth': 12, 'n_estimators': 58}. Best is trial 65 with value: 267.23646419674776.
Saved Losses
{'MSE - mean': 434.371182130592, 'MSE - std': 0.0, 'R2 - mean': 0.5757010441201853, 'R2 - std': 0.0} 
 

Saved Losses
{'MSE - mean': 289.2905670516189, 'MSE - std': 145.0806150789731, 'R2 - mean': 0.719184143023993, 'R2 - std': 0.14348309890380773} 
 

Saved Losses
{'MSE - mean': 285.48308713998705, 'MSE - std': 118.58014331111144, 'R2 - mean': 0.7749833837466538, 'R2 - std': 0.14125170315602373} 
 

Saved Losses
{'MSE - mean': 291.69266741991726, 'MSE - std': 103.25509407540865, 'R2 - mean': 0.7862215831241218, 'R2 - std': 0.12386655767034642} 
 

Saved Losses
{'MSE - mean': 290.6897559375314, 'MSE - std': 92.37594323081738, 'R2 - mean': 0.8021733835823985, 'R2 - std': 0.11529171279291377} 
 

Saving model.....
Results After CV: {'MSE - mean': 290.6897559375314, 'MSE - std': 92.37594323081738, 'R2 - mean': 0.8021733835823985, 'R2 - std': 0.11529171279291377}
Train time: 0.2448391567999863
Inference time: 0.015348224999996773
Finished cross validation
Hyperparam was saved!!! Hurrah!!!
Trial 133 finished with value: 290.6897559375314 and parameters: {'max_depth': 10, 'n_estimators': 40}. Best is trial 65 with value: 267.23646419674776.
Saved Losses
{'MSE - mean': 442.09006519656714, 'MSE - std': 0.0, 'R2 - mean': 0.568161146999508, 'R2 - std': 0.0} 
 

Saved Losses
{'MSE - mean': 282.4136561322468, 'MSE - std': 159.67640906432032, 'R2 - mean': 0.7256385435723585, 'R2 - std': 0.15747739657285043} 
 

Saved Losses
{'MSE - mean': 278.8028548625476, 'MSE - std': 130.47520650581842, 'R2 - mean': 0.7801416939898598, 'R2 - std': 0.14991310960611184} 
 

Saved Losses
{'MSE - mean': 286.67797325026913, 'MSE - std': 113.81514443787289, 'R2 - mean': 0.790092938511628, 'R2 - std': 0.13096769497256427} 
 

Saved Losses
{'MSE - mean': 280.88862174052275, 'MSE - std': 102.45572725008935, 'R2 - mean': 0.8079769499665888, 'R2 - std': 0.12248012558789279} 
 

Saving model.....
Results After CV: {'MSE - mean': 280.88862174052275, 'MSE - std': 102.45572725008935, 'R2 - mean': 0.8079769499665888, 'R2 - std': 0.12248012558789279}
Train time: 0.27221930580000164
Inference time: 0.015610031600010644
Finished cross validation
Hyperparam was saved!!! Hurrah!!!
Trial 134 finished with value: 280.88862174052275 and parameters: {'max_depth': 11, 'n_estimators': 42}. Best is trial 65 with value: 267.23646419674776.
Saved Losses
{'MSE - mean': 479.72254480426864, 'MSE - std': 0.0, 'R2 - mean': 0.5314012916923583, 'R2 - std': 0.0} 
 

Saved Losses
{'MSE - mean': 304.11620502411324, 'MSE - std': 175.60633978015542, 'R2 - mean': 0.704509951334378, 'R2 - std': 0.17310865964201966} 
 

Saved Losses
{'MSE - mean': 304.3997810093097, 'MSE - std': 143.38253686555075, 'R2 - mean': 0.7615135933205144, 'R2 - std': 0.16271622259239643} 
 

Saved Losses
{'MSE - mean': 301.74136626105644, 'MSE - std': 124.258260954441, 'R2 - mean': 0.7785207891358543, 'R2 - std': 0.14396235948871383} 
 

Saved Losses
{'MSE - mean': 288.8179484352598, 'MSE - std': 114.1058773487941, 'R2 - mean': 0.8006459418171653, 'R2 - std': 0.13615512580997982} 
 

Saving model.....
Results After CV: {'MSE - mean': 288.8179484352598, 'MSE - std': 114.1058773487941, 'R2 - mean': 0.8006459418171653, 'R2 - std': 0.13615512580997982}
Train time: 0.14999315599999363
Inference time: 0.01109834740000224
Finished cross validation
Hyperparam was saved!!! Hurrah!!!
Trial 135 finished with value: 288.8179484352598 and parameters: {'max_depth': 12, 'n_estimators': 20}. Best is trial 65 with value: 267.23646419674776.
Saved Losses
{'MSE - mean': 429.7157525518775, 'MSE - std': 0.0, 'R2 - mean': 0.5802485233054566, 'R2 - std': 0.0} 
 

Saved Losses
{'MSE - mean': 274.9713990545985, 'MSE - std': 154.74435349727892, 'R2 - mean': 0.7328774782809728, 'R2 - std': 0.15262895497551615} 
 

Saved Losses
{'MSE - mean': 281.22993615375157, 'MSE - std': 126.65786670963959, 'R2 - mean': 0.7819518326634672, 'R2 - std': 0.14264285160519866} 
 

Saved Losses
{'MSE - mean': 290.5486315835585, 'MSE - std': 110.87008457252179, 'R2 - mean': 0.7902608296370728, 'R2 - std': 0.12436782392431414} 
 

Saved Losses
{'MSE - mean': 293.51473542361185, 'MSE - std': 99.3424964979964, 'R2 - mean': 0.8036562674257439, 'R2 - std': 0.11441868517133026} 
 

Saving model.....
Results After CV: {'MSE - mean': 293.51473542361185, 'MSE - std': 99.3424964979964, 'R2 - mean': 0.8036562674257439, 'R2 - std': 0.11441868517133026}
Train time: 0.3250705330000073
Inference time: 0.022292115800001965
Finished cross validation
Hyperparam was saved!!! Hurrah!!!
Trial 136 finished with value: 293.51473542361185 and parameters: {'max_depth': 10, 'n_estimators': 52}. Best is trial 65 with value: 267.23646419674776.
Saved Losses
{'MSE - mean': 440.90456296506704, 'MSE - std': 0.0, 'R2 - mean': 0.5693191597308118, 'R2 - std': 0.0} 
 

Saved Losses
{'MSE - mean': 276.00228450854576, 'MSE - std': 164.90227845652132, 'R2 - mean': 0.7317586876445394, 'R2 - std': 0.16243952791372757} 
 

Saved Losses
{'MSE - mean': 277.71760298419605, 'MSE - std': 134.66399764493062, 'R2 - mean': 0.7829201295450433, 'R2 - std': 0.15108293448930743} 
 

Saved Losses
{'MSE - mean': 290.18218966371165, 'MSE - std': 118.6039289381211, 'R2 - mean': 0.7896711580347495, 'R2 - std': 0.13136311878694018} 
 

Saved Losses
{'MSE - mean': 287.29349095446514, 'MSE - std': 106.23978486696176, 'R2 - mean': 0.8059558588527924, 'R2 - std': 0.12192530953365703} 
 

Saving model.....
Results After CV: {'MSE - mean': 287.29349095446514, 'MSE - std': 106.23978486696176, 'R2 - mean': 0.8059558588527924, 'R2 - std': 0.12192530953365703}
Train time: 0.24542429739998967
Inference time: 0.017102050800002645
Finished cross validation
Hyperparam was saved!!! Hurrah!!!
Trial 137 finished with value: 287.29349095446514 and parameters: {'max_depth': 11, 'n_estimators': 38}. Best is trial 65 with value: 267.23646419674776.
Saved Losses
{'MSE - mean': 423.7208688203992, 'MSE - std': 0.0, 'R2 - mean': 0.5861043972964767, 'R2 - std': 0.0} 
 

Saved Losses
{'MSE - mean': 273.4710590655785, 'MSE - std': 150.24980975482066, 'R2 - mean': 0.7343797083330126, 'R2 - std': 0.14827531103653596} 
 

Saved Losses
{'MSE - mean': 269.4758531414343, 'MSE - std': 122.80849683548978, 'R2 - mean': 0.7873427480529079, 'R2 - std': 0.14236296005186916} 
 

Saved Losses
{'MSE - mean': 277.0617076183026, 'MSE - std': 107.16380329046298, 'R2 - mean': 0.7970145711235731, 'R2 - std': 0.1244228346429156} 
 

Saved Losses
{'MSE - mean': 273.58767808877536, 'MSE - std': 96.1017175352748, 'R2 - mean': 0.8133309674253348, 'R2 - std': 0.11597298210172592} 
 

Saving model.....
Results After CV: {'MSE - mean': 273.58767808877536, 'MSE - std': 96.1017175352748, 'R2 - mean': 0.8133309674253348, 'R2 - std': 0.11597298210172592}
Train time: 0.36025385059999165
Inference time: 0.021917274399999086
Finished cross validation
Hyperparam was saved!!! Hurrah!!!
