Trial 16 finished with value: 11.524698519962461 and parameters: {'max_depth': 8, 'n_estimators': 65}. Best is trial 11 with value: 11.034992394024691.
Saved Losses
{'MSE - mean': 16.771144499043952, 'MSE - std': 0.0, 'R2 - mean': 0.7753913295127447, 'R2 - std': 0.0} 
 

Saved Losses
{'MSE - mean': 14.07880454035664, 'MSE - std': 2.692339958687313, 'R2 - mean': 0.8170075135493254, 'R2 - std': 0.04161618403658074} 
 

Saved Losses
{'MSE - mean': 12.663293912149745, 'MSE - std': 2.973180728764448, 'R2 - mean': 0.8436626067778817, 'R2 - std': 0.0507502956236751} 
 

Saved Losses
{'MSE - mean': 12.542681316974278, 'MSE - std': 2.5833108463301704, 'R2 - mean': 0.8423892818563322, 'R2 - std': 0.04400634554794716} 
 

Saved Losses
{'MSE - mean': 13.024601640678659, 'MSE - std': 2.5035544205411275, 'R2 - mean': 0.8411487949509603, 'R2 - std': 0.039438585038485595} 
 

Saving model.....
Results After CV: {'MSE - mean': 13.024601640678659, 'MSE - std': 2.5035544205411275, 'R2 - mean': 0.8411487949509603, 'R2 - std': 0.039438585038485595}
Train time: 0.0844884496000013
Inference time: 0.008572082400000625
Finished cross validation
Hyperparam was saved!!! Hurrah!!!
Trial 17 finished with value: 13.024601640678659 and parameters: {'max_depth': 6, 'n_estimators': 14}. Best is trial 11 with value: 11.034992394024691.
Saved Losses
{'MSE - mean': 22.31890195525228, 'MSE - std': 0.0, 'R2 - mean': 0.7010926180267312, 'R2 - std': 0.0} 
 

Saved Losses
{'MSE - mean': 19.713371368999482, 'MSE - std': 2.6055305862527955, 'R2 - mean': 0.7443393623880077, 'R2 - std': 0.04324674436127651} 
 

Saved Losses
{'MSE - mean': 18.485313561271056, 'MSE - std': 2.7462905373451276, 'R2 - mean': 0.7735724005502398, 'R2 - std': 0.05436906263941629} 
 

Saved Losses
{'MSE - mean': 17.891404011296824, 'MSE - std': 2.5912872182151716, 'R2 - mean': 0.7768045885259256, 'R2 - std': 0.047416635757369825} 
 

Saved Losses
{'MSE - mean': 18.135451730534573, 'MSE - std': 2.368554984561018, 'R2 - mean': 0.7795672772057919, 'R2 - std': 0.04276914392649343} 
 

Saving model.....
Results After CV: {'MSE - mean': 18.135451730534573, 'MSE - std': 2.368554984561018, 'R2 - mean': 0.7795672772057919, 'R2 - std': 0.04276914392649343}
Train time: 0.02847990619999905
Inference time: 0.00729519540000183
Finished cross validation
Hyperparam was saved!!! Hurrah!!!
Trial 18 finished with value: 18.135451730534573 and parameters: {'max_depth': 3, 'n_estimators': 5}. Best is trial 11 with value: 11.034992394024691.
Saved Losses
{'MSE - mean': 12.57603921846235, 'MSE - std': 0.0, 'R2 - mean': 0.831574556583456, 'R2 - std': 0.0} 
 

Saved Losses
{'MSE - mean': 11.594977618657403, 'MSE - std': 0.9810615998049483, 'R2 - mean': 0.8498951749915178, 'R2 - std': 0.018320618408061817} 
 

Saved Losses
{'MSE - mean': 10.833458584000065, 'MSE - std': 1.3421911396539064, 'R2 - mean': 0.8674104523195214, 'R2 - std': 0.028936711152495596} 
 

Saved Losses
{'MSE - mean': 10.428645542653621, 'MSE - std': 1.35747139448924, 'R2 - mean': 0.8700292530436825, 'R2 - std': 0.02546712176396898} 
 

Saved Losses
{'MSE - mean': 10.992462299452654, 'MSE - std': 1.6570275225459514, 'R2 - mean': 0.8669956972198143, 'R2 - std': 0.02357263830161483} 
 

Saving model.....
Results After CV: {'MSE - mean': 10.992462299452654, 'MSE - std': 1.6570275225459514, 'R2 - mean': 0.8669956972198143, 'R2 - std': 0.02357263830161483}
Train time: 0.24257047060000048
Inference time: 0.013115631400000893
Finished cross validation
Hyperparam was saved!!! Hurrah!!!
Trial 19 finished with value: 10.992462299452654 and parameters: {'max_depth': 12, 'n_estimators': 32}. Best is trial 19 with value: 10.992462299452654.
Saved Losses
{'MSE - mean': 14.934414107491829, 'MSE - std': 0.0, 'R2 - mean': 0.7999898636982665, 'R2 - std': 0.0} 
 

Saved Losses
{'MSE - mean': 14.266752509086505, 'MSE - std': 0.6676615984053242, 'R2 - mean': 0.8155706061352358, 'R2 - std': 0.015580742436969275} 
 

Saved Losses
{'MSE - mean': 14.17238859016573, 'MSE - std': 0.5612400897817935, 'R2 - mean': 0.8282045986887163, 'R2 - std': 0.021933427128645173} 
 

Saved Losses
{'MSE - mean': 13.206882033710974, 'MSE - std': 1.741508415269665, 'R2 - mean': 0.8369930697227053, 'R2 - std': 0.024341694447007556} 
 

Saved Losses
{'MSE - mean': 13.78173105678315, 'MSE - std': 1.9359976357610036, 'R2 - mean': 0.8343583630938646, 'R2 - std': 0.02240047291736069} 
 

Saving model.....
Results After CV: {'MSE - mean': 13.78173105678315, 'MSE - std': 1.9359976357610036, 'R2 - mean': 0.8343583630938646, 'R2 - std': 0.02240047291736069}
Train time: 0.13429425499999753
Inference time: 0.013315121799999474
Finished cross validation
Hyperparam was saved!!! Hurrah!!!
Trial 20 finished with value: 13.78173105678315 and parameters: {'max_depth': 4, 'n_estimators': 30}. Best is trial 19 with value: 10.992462299452654.
Saved Losses
{'MSE - mean': 13.27590890831532, 'MSE - std': 0.0, 'R2 - mean': 0.8222015051163266, 'R2 - std': 0.0} 
 

Saved Losses
{'MSE - mean': 12.268881071567844, 'MSE - std': 1.0070278367474765, 'R2 - mean': 0.841186199307268, 'R2 - std': 0.018984694190941453} 
 

Saved Losses
{'MSE - mean': 11.550368153089492, 'MSE - std': 1.3071310839761867, 'R2 - mean': 0.8588000036366958, 'R2 - std': 0.029338903892155203} 
 

Saved Losses
{'MSE - mean': 11.39349744657444, 'MSE - std': 1.1641602160828917, 'R2 - mean': 0.857910207202523, 'R2 - std': 0.025454934183329572} 
 

Saved Losses
{'MSE - mean': 11.74505592445016, 'MSE - std': 1.256418982837058, 'R2 - mean': 0.8575117735227173, 'R2 - std': 0.022781526222159176} 
 

Saving model.....
Results After CV: {'MSE - mean': 11.74505592445016, 'MSE - std': 1.256418982837058, 'R2 - mean': 0.8575117735227173, 'R2 - std': 0.022781526222159176}
Train time: 0.37063765499999873
Inference time: 0.020578339599998684
Finished cross validation
Hyperparam was saved!!! Hurrah!!!
Trial 21 finished with value: 11.74505592445016 and parameters: {'max_depth': 12, 'n_estimators': 50}. Best is trial 19 with value: 10.992462299452654.
Saved Losses
{'MSE - mean': 13.424790157880992, 'MSE - std': 0.0, 'R2 - mean': 0.8202076030586982, 'R2 - std': 0.0} 
 

Saved Losses
{'MSE - mean': 11.697787805780703, 'MSE - std': 1.727002352100289, 'R2 - mean': 0.8482043080783753, 'R2 - std': 0.027996705019677104} 
 

Saved Losses
{'MSE - mean': 10.97020067820184, 'MSE - std': 1.745601368929977, 'R2 - mean': 0.8655685551930118, 'R2 - std': 0.0335496321443649} 
 

Saved Losses
{'MSE - mean': 10.7864282001748, 'MSE - std': 1.5448818969255396, 'R2 - mean': 0.8652653613291111, 'R2 - std': 0.02905957918353211} 
 

Saved Losses
{'MSE - mean': 11.036069686590878, 'MSE - std': 1.4692214085421975, 'R2 - mean': 0.8658426488863942, 'R2 - std': 0.026017308806914552} 
 

Saving model.....
Results After CV: {'MSE - mean': 11.036069686590878, 'MSE - std': 1.4692214085421975, 'R2 - mean': 0.8658426488863942, 'R2 - std': 0.026017308806914552}
Train time: 0.5223481000000006
Inference time: 0.026301754800000764
Finished cross validation
Hyperparam was saved!!! Hurrah!!!
Trial 22 finished with value: 11.036069686590878 and parameters: {'max_depth': 10, 'n_estimators': 78}. Best is trial 19 with value: 10.992462299452654.
Saved Losses
{'MSE - mean': 12.341429684099502, 'MSE - std': 0.0, 'R2 - mean': 0.8347165804089545, 'R2 - std': 0.0} 
 

Saved Losses
{'MSE - mean': 11.415086847935825, 'MSE - std': 0.926342836163677, 'R2 - mean': 0.8522432654873442, 'R2 - std': 0.01752668507838978} 
 

Saved Losses
{'MSE - mean': 10.821860873090158, 'MSE - std': 1.1295610421181457, 'R2 - mean': 0.8678407185259974, 'R2 - std': 0.026293551981630164} 
 

Saved Losses
{'MSE - mean': 10.519316744046169, 'MSE - std': 1.1097431959513104, 'R2 - mean': 0.8690350254506468, 'R2 - std': 0.0228646509693197} 
 

Saved Losses
{'MSE - mean': 11.05952731738932, 'MSE - std': 1.4671516019059263, 'R2 - mean': 0.8662602642693413, 'R2 - std': 0.021190351804823114} 
 

Saving model.....
Results After CV: {'MSE - mean': 11.05952731738932, 'MSE - std': 1.4671516019059263, 'R2 - mean': 0.8662602642693413, 'R2 - std': 0.021190351804823114}
Train time: 0.6454052984
Inference time: 0.03123816940000097
Finished cross validation
Hyperparam was saved!!! Hurrah!!!
Trial 23 finished with value: 11.05952731738932 and parameters: {'max_depth': 10, 'n_estimators': 99}. Best is trial 19 with value: 10.992462299452654.
Saved Losses
{'MSE - mean': 11.040252763773589, 'MSE - std': 0.0, 'R2 - mean': 0.8521426790368546, 'R2 - std': 0.0} 
 

Saved Losses
{'MSE - mean': 11.530553970001108, 'MSE - std': 0.49030120622752005, 'R2 - mean': 0.8514448369512286, 'R2 - std': 0.0006978420856258993} 
 

Saved Losses
{'MSE - mean': 11.66711544528703, 'MSE - std': 0.44447900769699894, 'R2 - mean': 0.8592580681185846, 'R2 - std': 0.01106425859543841} 
 

Saved Losses
{'MSE - mean': 11.032880476585806, 'MSE - std': 1.1640159697284247, 'R2 - mean': 0.8641933766056956, 'R2 - std': 0.012840762177102175} 
 

Saved Losses
{'MSE - mean': 11.519992050712052, 'MSE - std': 1.4258531778613261, 'R2 - mean': 0.8618433904469512, 'R2 - std': 0.012409588164652383} 
 

Saving model.....
Results After CV: {'MSE - mean': 11.519992050712052, 'MSE - std': 1.4258531778613261, 'R2 - mean': 0.8618433904469512, 'R2 - std': 0.012409588164652383}
Train time: 0.11116415620000027
Inference time: 0.008168979999999238
Finished cross validation
Hyperparam was saved!!! Hurrah!!!
Trial 24 finished with value: 11.519992050712052 and parameters: {'max_depth': 11, 'n_estimators': 14}. Best is trial 19 with value: 10.992462299452654.
Saved Losses
{'MSE - mean': 13.888919266166006, 'MSE - std': 0.0, 'R2 - mean': 0.8139917230421451, 'R2 - std': 0.0} 
 

Saved Losses
{'MSE - mean': 12.142275056644092, 'MSE - std': 1.7466442095219143, 'R2 - mean': 0.8424588913365765, 'R2 - std': 0.02846716829443141} 
 

Saved Losses
{'MSE - mean': 11.454937156231383, 'MSE - std': 1.7258941958084002, 'R2 - mean': 0.8597640109777686, 'R2 - std': 0.03375185099211989} 
 

Saved Losses
{'MSE - mean': 11.005814556328644, 'MSE - std': 1.6849826143239661, 'R2 - mean': 0.8628225612135052, 'R2 - std': 0.029706140319457067} 
 

Saved Losses
{'MSE - mean': 11.355810507548245, 'MSE - std': 1.661722537591543, 'R2 - mean': 0.8623082450492259, 'R2 - std': 0.026589883463655383} 
 

Saving model.....
Results After CV: {'MSE - mean': 11.355810507548245, 'MSE - std': 1.661722537591543, 'R2 - mean': 0.8623082450492259, 'R2 - std': 0.026589883463655383}
Train time: 0.36573960620000034
Inference time: 0.018508281199999033
Finished cross validation
Hyperparam was saved!!! Hurrah!!!
Trial 25 finished with value: 11.355810507548245 and parameters: {'max_depth': 10, 'n_estimators': 54}. Best is trial 19 with value: 10.992462299452654.
Saved Losses
{'MSE - mean': 13.919264854141558, 'MSE - std': 0.0, 'R2 - mean': 0.8135853177326725, 'R2 - std': 0.0} 
 

Saved Losses
{'MSE - mean': 12.765542065008248, 'MSE - std': 1.153722789133309, 'R2 - mean': 0.8347054863401637, 'R2 - std': 0.02112016860749122} 
 

Saved Losses
{'MSE - mean': 12.05009583029153, 'MSE - std': 1.3824293154869396, 'R2 - mean': 0.852712644503885, 'R2 - std': 0.030755322112968587} 
 

Saved Losses
{'MSE - mean': 11.38439775530661, 'MSE - std': 1.6621657228911166, 'R2 - mean': 0.858432390375631, 'R2 - std': 0.02841766804676991} 
 

Saved Losses
{'MSE - mean': 11.57356392337454, 'MSE - std': 1.5340701642523833, 'R2 - mean': 0.8597285848714465, 'R2 - std': 0.025549394639737676} 
 

Saving model.....
Results After CV: {'MSE - mean': 11.57356392337454, 'MSE - std': 1.5340701642523833, 'R2 - mean': 0.8597285848714465, 'R2 - std': 0.025549394639737676}
Train time: 0.24047676540000112
Inference time: 0.014464527200000531
Finished cross validation
Hyperparam was saved!!! Hurrah!!!
Trial 26 finished with value: 11.57356392337454 and parameters: {'max_depth': 8, 'n_estimators': 39}. Best is trial 19 with value: 10.992462299452654.
Saved Losses
{'MSE - mean': 14.802908712368916, 'MSE - std': 0.0, 'R2 - mean': 0.801751058467183, 'R2 - std': 0.0} 
 

Saved Losses
{'MSE - mean': 12.90202593831036, 'MSE - std': 1.900882774058557, 'R2 - mean': 0.8325794865183738, 'R2 - std': 0.030828428051190793} 
 

Saved Losses
{'MSE - mean': 12.006570220305965, 'MSE - std': 2.0031438872320755, 'R2 - mean': 0.8527048216499152, 'R2 - std': 0.037995432344585967} 
 

Saved Losses
{'MSE - mean': 11.368663334555077, 'MSE - std': 2.056748564939724, 'R2 - mean': 0.8582024206446441, 'R2 - std': 0.03425507908923201} 
 

Saved Losses
{'MSE - mean': 12.075967204873947, 'MSE - std': 2.320622069053362, 'R2 - mean': 0.8539025094906705, 'R2 - std': 0.031822716704516245} 
 

Saving model.....
Results After CV: {'MSE - mean': 12.075967204873947, 'MSE - std': 2.320622069053362, 'R2 - mean': 0.8539025094906705, 'R2 - std': 0.031822716704516245}
Train time: 0.398404295200001
Inference time: 0.024526560800001106
Finished cross validation
Hyperparam was saved!!! Hurrah!!!
Trial 27 finished with value: 12.075967204873947 and parameters: {'max_depth': 6, 'n_estimators': 78}. Best is trial 19 with value: 10.992462299452654.
Saved Losses
{'MSE - mean': 12.473677003671321, 'MSE - std': 0.0, 'R2 - mean': 0.8329454493674073, 'R2 - std': 0.0} 
 

Saved Losses
{'MSE - mean': 12.081138415281071, 'MSE - std': 0.39253858839024947, 'R2 - mean': 0.8439088918947215, 'R2 - std': 0.010963442527314182} 
 

Saved Losses
{'MSE - mean': 11.784859030658147, 'MSE - std': 0.5275294397048862, 'R2 - mean': 0.8568465213448796, 'R2 - std': 0.02036899342004102} 
 

Saved Losses
{'MSE - mean': 11.507700494077078, 'MSE - std': 0.6626960430814377, 'R2 - mean': 0.8572623329367688, 'R2 - std': 0.017654761894432453} 
 

Saved Losses
{'MSE - mean': 11.405106636044192, 'MSE - std': 0.6272438403339832, 'R2 - mean': 0.8617188082942968, 'R2 - std': 0.018132655196862496} 
 

Saving model.....
Results After CV: {'MSE - mean': 11.405106636044192, 'MSE - std': 0.6272438403339832, 'R2 - mean': 0.8617188082942968, 'R2 - std': 0.018132655196862496}
Train time: 0.09805128959999934
Inference time: 0.00845563740000017
Finished cross validation
Hyperparam was saved!!! Hurrah!!!
Trial 28 finished with value: 11.405106636044192 and parameters: {'max_depth': 8, 'n_estimators': 14}. Best is trial 19 with value: 10.992462299452654.
Saved Losses
{'MSE - mean': 13.871096704945366, 'MSE - std': 0.0, 'R2 - mean': 0.8142304128811524, 'R2 - std': 0.0} 
 

Saved Losses
{'MSE - mean': 12.494652849505359, 'MSE - std': 1.376443855440007, 'R2 - mean': 0.8380924089877764, 'R2 - std': 0.023861996106623984} 
 

Saved Losses
{'MSE - mean': 11.58078513091903, 'MSE - std': 1.7127094146217734, 'R2 - mean': 0.857995915634875, 'R2 - std': 0.03423296256286562} 
 

Saved Losses
{'MSE - mean': 10.891575125633729, 'MSE - std': 1.9039594135266236, 'R2 - mean': 0.8642613675806616, 'R2 - std': 0.03157038895274814} 
 

Saved Losses
{'MSE - mean': 11.703053039295977, 'MSE - std': 2.3524529275060653, 'R2 - mean': 0.858653734281147, 'R2 - std': 0.030383116558206236} 
 

Saving model.....
Results After CV: {'MSE - mean': 11.703053039295977, 'MSE - std': 2.3524529275060653, 'R2 - mean': 0.858653734281147, 'R2 - std': 0.030383116558206236}
Train time: 0.1468407537999994
Inference time: 0.01152403520000007
Finished cross validation
Hyperparam was saved!!! Hurrah!!!
Trial 29 finished with value: 11.703053039295977 and parameters: {'max_depth': 6, 'n_estimators': 27}. Best is trial 19 with value: 10.992462299452654.
Saved Losses
{'MSE - mean': 11.695174056298313, 'MSE - std': 0.0, 'R2 - mean': 0.8433716019767197, 'R2 - std': 0.0} 
 

Saved Losses
{'MSE - mean': 11.428152010919039, 'MSE - std': 0.26702204537927443, 'R2 - mean': 0.852396546454016, 'R2 - std': 0.009024944477296293} 
 

Saved Losses
{'MSE - mean': 10.941009397777306, 'MSE - std': 0.7225992662299996, 'R2 - mean': 0.8667856798404694, 'R2 - std': 0.021642413630919774} 
 

Saved Losses
{'MSE - mean': 10.479570079915105, 'MSE - std': 1.0150817734914255, 'R2 - mean': 0.8699547940459789, 'R2 - std': 0.019530115344553175} 
 

Saved Losses
{'MSE - mean': 10.983221306504518, 'MSE - std': 1.35608666304174, 'R2 - mean': 0.8674837041560919, 'R2 - std': 0.018153938010053067} 
 

Saving model.....
Results After CV: {'MSE - mean': 10.983221306504518, 'MSE - std': 1.35608666304174, 'R2 - mean': 0.8674837041560919, 'R2 - std': 0.018153938010053067}
Train time: 0.5840069976000024
Inference time: 0.02767838879999971
Finished cross validation
Hyperparam was saved!!! Hurrah!!!
Trial 30 finished with value: 10.983221306504518 and parameters: {'max_depth': 11, 'n_estimators': 84}. Best is trial 30 with value: 10.983221306504518.
Saved Losses
{'MSE - mean': 12.931445010466472, 'MSE - std': 0.0, 'R2 - mean': 0.8268147608265197, 'R2 - std': 0.0} 
 

Saved Losses
{'MSE - mean': 11.821948977525635, 'MSE - std': 1.1094960329408377, 'R2 - mean': 0.8469035514052423, 'R2 - std': 0.020088790578722593} 
 

Saved Losses
{'MSE - mean': 11.321982762004927, 'MSE - std': 1.1491678430057555, 'R2 - mean': 0.861882591246514, 'R2 - std': 0.02679147141181297} 
 

Saved Losses
{'MSE - mean': 10.858851439102484, 'MSE - std': 1.2782456396596762, 'R2 - mean': 0.8650376573075516, 'R2 - std': 0.02383695724827367} 
 

Saved Losses
{'MSE - mean': 11.247025261480955, 'MSE - std': 1.3819714894913102, 'R2 - mean': 0.8639840731354873, 'R2 - std': 0.021424298894370333} 
 

Saving model.....
Results After CV: {'MSE - mean': 11.247025261480955, 'MSE - std': 1.3819714894913102, 'R2 - mean': 0.8639840731354873, 'R2 - std': 0.021424298894370333}
Train time: 0.6979285184000006
Inference time: 0.03130876639999798
Finished cross validation
Hyperparam was saved!!! Hurrah!!!
Trial 31 finished with value: 11.247025261480955 and parameters: {'max_depth': 11, 'n_estimators': 100}. Best is trial 30 with value: 10.983221306504518.
Saved Losses
{'MSE - mean': 12.563967796804578, 'MSE - std': 0.0, 'R2 - mean': 0.8317362239025586, 'R2 - std': 0.0} 
 

Saved Losses
{'MSE - mean': 11.97415913359897, 'MSE - std': 0.5898086632056083, 'R2 - mean': 0.845193085328819, 'R2 - std': 0.013456861426260291} 
 

Saved Losses
{'MSE - mean': 11.124787504527026, 'MSE - std': 1.2941331080455314, 'R2 - mean': 0.8638718724815421, 'R2 - std': 0.02860976975249037} 
 

Saved Losses
{'MSE - mean': 10.576104180961954, 'MSE - std': 1.4694371523409666, 'R2 - mean': 0.8683167736515637, 'R2 - std': 0.025945339334872152} 
 

Saved Losses
{'MSE - mean': 11.159183842567465, 'MSE - std': 1.757078257464913, 'R2 - mean': 0.8650915711884613, 'R2 - std': 0.02408601731862989} 
 

Saving model.....
Results After CV: {'MSE - mean': 11.159183842567465, 'MSE - std': 1.757078257464913, 'R2 - mean': 0.8650915711884613, 'R2 - std': 0.02408601731862989}
Train time: 0.5046273634000003
Inference time: 0.0254524473999993
Finished cross validation
Hyperparam was saved!!! Hurrah!!!
Trial 32 finished with value: 11.159183842567465 and parameters: {'max_depth': 9, 'n_estimators': 79}. Best is trial 30 with value: 10.983221306504518.
Saved Losses
{'MSE - mean': 13.737200331614464, 'MSE - std': 0.0, 'R2 - mean': 0.8160236289850762, 'R2 - std': 0.0} 
 

Saved Losses
{'MSE - mean': 12.105147996041582, 'MSE - std': 1.6320523355728813, 'R2 - mean': 0.8429939360858463, 'R2 - std': 0.02697030710077014} 
 

Saved Losses
{'MSE - mean': 11.746897154220507, 'MSE - std': 1.425628708803107, 'R2 - mean': 0.8568020558163746, 'R2 - std': 0.02943229492227498} 
 

Saved Losses
{'MSE - mean': 11.409052680438856, 'MSE - std': 1.3662831247282217, 'R2 - mean': 0.8581590200286184, 'R2 - std': 0.025597246803392017} 
 

Saved Losses
{'MSE - mean': 11.72811024627929, 'MSE - std': 1.378613282546551, 'R2 - mean': 0.8580328111687955, 'R2 - std': 0.022896264975672372} 
 

Saving model.....
Results After CV: {'MSE - mean': 11.72811024627929, 'MSE - std': 1.378613282546551, 'R2 - mean': 0.8580328111687955, 'R2 - std': 0.022896264975672372}
Train time: 0.4226150025999999
Inference time: 0.02295279100000016
Finished cross validation
Hyperparam was saved!!! Hurrah!!!
Trial 33 finished with value: 11.72811024627929 and parameters: {'max_depth': 11, 'n_estimators': 60}. Best is trial 30 with value: 10.983221306504518.
Saved Losses
{'MSE - mean': 13.37964736605746, 'MSE - std': 0.0, 'R2 - mean': 0.8208121809069271, 'R2 - std': 0.0} 
 

Saved Losses
{'MSE - mean': 11.916644617724387, 'MSE - std': 1.463002748333074, 'R2 - mean': 0.8455089828545468, 'R2 - std': 0.02469680194761964} 
 

Saved Losses
{'MSE - mean': 11.10795148547182, 'MSE - std': 1.6537494344846664, 'R2 - mean': 0.8638571103949628, 'R2 - std': 0.03286227197621479} 
 

Saved Losses
{'MSE - mean': 10.548531744914353, 'MSE - std': 1.7291664848764323, 'R2 - mean': 0.8685037712748329, 'R2 - std': 0.029575683619767444} 
 

Saved Losses
{'MSE - mean': 10.79015591385369, 'MSE - std': 1.6203525363322744, 'R2 - mean': 0.869042478192925, 'R2 - std': 0.02647522747467273} 
 

Saving model.....
Results After CV: {'MSE - mean': 10.79015591385369, 'MSE - std': 1.6203525363322744, 'R2 - mean': 0.869042478192925, 'R2 - std': 0.02647522747467273}
Train time: 0.569772289799998
Inference time: 0.027067952400003037
Finished cross validation
Hyperparam was saved!!! Hurrah!!!
