Trial 62 finished with value: 0.49560560099488926 and parameters: {'max_depth': 7, 'n_estimators': 68}. Best is trial 53 with value: 0.4851053861186334.
Saved Losses
{'MSE - mean': 0.46247990015903934, 'MSE - std': 0.0, 'R2 - mean': 0.1584394960559814, 'R2 - std': 0.0} 
 

Saved Losses
{'MSE - mean': 0.46861625716055944, 'MSE - std': 0.006136357001520071, 'R2 - mean': 0.25776760168898294, 'R2 - std': 0.09932810563300154} 
 

Saved Losses
{'MSE - mean': 0.49549496134975146, 'MSE - std': 0.03834100584596404, 'R2 - mean': 0.2394386733221293, 'R2 - std': 0.08514270927438032} 
 

Saved Losses
{'MSE - mean': 0.5027563502827355, 'MSE - std': 0.035506448071700676, 'R2 - mean': 0.2623244882010357, 'R2 - std': 0.083715245176437} 
 

Saved Losses
{'MSE - mean': 0.5064234204814055, 'MSE - std': 0.03259380154419852, 'R2 - mean': 0.2369034417497799, 'R2 - std': 0.09050697338143834} 
 

Saving model.....
Results After CV: {'MSE - mean': 0.5064234204814055, 'MSE - std': 0.03259380154419852, 'R2 - mean': 0.2369034417497799, 'R2 - std': 0.09050697338143834}
Train time: 0.3710306872000018
Inference time: 0.025600306600006208
Finished cross validation
Hyperparam was saved!!! Hurrah!!!
Trial 63 finished with value: 0.5064234204814055 and parameters: {'max_depth': 9, 'n_estimators': 76}. Best is trial 53 with value: 0.4851053861186334.
Saved Losses
{'MSE - mean': 0.444459928052567, 'MSE - std': 0.0, 'R2 - mean': 0.1912298871665249, 'R2 - std': 0.0} 
 

Saved Losses
{'MSE - mean': 0.49243680131288003, 'MSE - std': 0.047976873260313, 'R2 - mean': 0.22970408723314595, 'R2 - std': 0.038474200066621056} 
 

Saved Losses
{'MSE - mean': 0.5207890613586723, 'MSE - std': 0.05605552198162595, 'R2 - mean': 0.20706597768278076, 'R2 - std': 0.04485321306074881} 
 

Saved Losses
{'MSE - mean': 0.5362980705572343, 'MSE - std': 0.05548201742400556, 'R2 - mean': 0.21946039745168025, 'R2 - std': 0.04438156109948991} 
 

Saved Losses
{'MSE - mean': 0.5418267675706978, 'MSE - std': 0.05084161060211259, 'R2 - mean': 0.18838982447070046, 'R2 - std': 0.07373805255068624} 
 

Saving model.....
Results After CV: {'MSE - mean': 0.5418267675706978, 'MSE - std': 0.05084161060211259, 'R2 - mean': 0.18838982447070046, 'R2 - std': 0.07373805255068624}
Train time: 0.0331368561999966
Inference time: 0.008162161999999284
Finished cross validation
Hyperparam was saved!!! Hurrah!!!
Trial 64 finished with value: 0.5418267675706978 and parameters: {'max_depth': 3, 'n_estimators': 8}. Best is trial 53 with value: 0.4851053861186334.
Saved Losses
{'MSE - mean': 0.45507082208752936, 'MSE - std': 0.0, 'R2 - mean': 0.1719215684086962, 'R2 - std': 0.0} 
 

Saved Losses
{'MSE - mean': 0.4470345563955104, 'MSE - std': 0.008036265692019012, 'R2 - mean': 0.2887176757385652, 'R2 - std': 0.116796107329869} 
 

Saved Losses
{'MSE - mean': 0.48083707288649613, 'MSE - std': 0.0482521980821794, 'R2 - mean': 0.26046407854079595, 'R2 - std': 0.10339609261234735} 
 

Saved Losses
{'MSE - mean': 0.49443944430108105, 'MSE - std': 0.04797165297467202, 'R2 - mean': 0.27467982337769037, 'R2 - std': 0.09286725030617039} 
 

Saved Losses
{'MSE - mean': 0.4983658878744907, 'MSE - std': 0.043619851304636144, 'R2 - mean': 0.24911773918468433, 'R2 - std': 0.09753533481105421} 
 

Saving model.....
Results After CV: {'MSE - mean': 0.4983658878744907, 'MSE - std': 0.043619851304636144, 'R2 - mean': 0.24911773918468433, 'R2 - std': 0.09753533481105421}
Train time: 0.23336412279999763
Inference time: 0.020944235000001754
Finished cross validation
Hyperparam was saved!!! Hurrah!!!
Trial 65 finished with value: 0.4983658878744907 and parameters: {'max_depth': 7, 'n_estimators': 54}. Best is trial 53 with value: 0.4851053861186334.
Saved Losses
{'MSE - mean': 0.45470181891448924, 'MSE - std': 0.0, 'R2 - mean': 0.17259303217642707, 'R2 - std': 0.0} 
 

Saved Losses
{'MSE - mean': 0.4571570371145621, 'MSE - std': 0.002455218200072884, 'R2 - mean': 0.27509581587645604, 'R2 - std': 0.10250278370002897} 
 

Saved Losses
{'MSE - mean': 0.48809306543375225, 'MSE - std': 0.043796054928171825, 'R2 - mean': 0.2506459716955754, 'R2 - std': 0.09055460712617168} 
 

Saved Losses
{'MSE - mean': 0.49561020109209997, 'MSE - std': 0.04010103248011941, 'R2 - mean': 0.27276393516361985, 'R2 - std': 0.08727952553579062} 
 

Saved Losses
{'MSE - mean': 0.49476352153806086, 'MSE - std': 0.03590740466597642, 'R2 - mean': 0.2551177054421724, 'R2 - std': 0.08567222511252152} 
 

Saving model.....
Results After CV: {'MSE - mean': 0.49476352153806086, 'MSE - std': 0.03590740466597642, 'R2 - mean': 0.2551177054421724, 'R2 - std': 0.08567222511252152}
Train time: 0.28518346779999887
Inference time: 0.021406408400002873
Finished cross validation
Hyperparam was saved!!! Hurrah!!!
Trial 66 finished with value: 0.49476352153806086 and parameters: {'max_depth': 8, 'n_estimators': 63}. Best is trial 53 with value: 0.4851053861186334.
Saved Losses
{'MSE - mean': 0.44231789181110875, 'MSE - std': 0.0, 'R2 - mean': 0.19512768488315657, 'R2 - std': 0.0} 
 

Saved Losses
{'MSE - mean': 0.45256053948726255, 'MSE - std': 0.010242647676153793, 'R2 - mean': 0.284202581421909, 'R2 - std': 0.08907489653875245} 
 

Saved Losses
{'MSE - mean': 0.4837586674709171, 'MSE - std': 0.04490643161412614, 'R2 - mean': 0.2585606021248205, 'R2 - std': 0.08126856916096734} 
 

Saved Losses
{'MSE - mean': 0.4951454485516824, 'MSE - std': 0.043605241088422696, 'R2 - mean': 0.27514648360067095, 'R2 - std': 0.07601782450909836} 
 

Saved Losses
{'MSE - mean': 0.4973960646510623, 'MSE - std': 0.039260600245165964, 'R2 - mean': 0.252037865844836, 'R2 - std': 0.08221314112000598} 
 

Saving model.....
Results After CV: {'MSE - mean': 0.4973960646510623, 'MSE - std': 0.039260600245165964, 'R2 - mean': 0.252037865844836, 'R2 - std': 0.08221314112000598}
Train time: 0.30665799600000127
Inference time: 0.024916284599996175
Finished cross validation
Hyperparam was saved!!! Hurrah!!!
Trial 67 finished with value: 0.4973960646510623 and parameters: {'max_depth': 6, 'n_estimators': 78}. Best is trial 53 with value: 0.4851053861186334.
Saved Losses
{'MSE - mean': 0.43777963558376676, 'MSE - std': 0.0, 'R2 - mean': 0.2033858106879659, 'R2 - std': 0.0} 
 

Saved Losses
{'MSE - mean': 0.45829473422112077, 'MSE - std': 0.020515098637353985, 'R2 - mean': 0.2774936405706199, 'R2 - std': 0.07410782988265402} 
 

Saved Losses
{'MSE - mean': 0.4898335838387948, 'MSE - std': 0.047644281767554024, 'R2 - mean': 0.2508191074818588, 'R2 - std': 0.07130480393553029} 
 

Saved Losses
{'MSE - mean': 0.49806857234158264, 'MSE - std': 0.04365693869000329, 'R2 - mean': 0.2714232312270384, 'R2 - std': 0.07132230397381548} 
 

Saved Losses
{'MSE - mean': 0.5019062131471161, 'MSE - std': 0.039795132672669264, 'R2 - mean': 0.24545529052854165, 'R2 - std': 0.08226075985419318} 
 

Saving model.....
Results After CV: {'MSE - mean': 0.5019062131471161, 'MSE - std': 0.039795132672669264, 'R2 - mean': 0.24545529052854165, 'R2 - std': 0.08226075985419318}
Train time: 0.17247732760000076
Inference time: 0.017290179799996964
Finished cross validation
Hyperparam was saved!!! Hurrah!!!
Trial 68 finished with value: 0.5019062131471161 and parameters: {'max_depth': 5, 'n_estimators': 47}. Best is trial 53 with value: 0.4851053861186334.
Saved Losses
{'MSE - mean': 0.420891348747543, 'MSE - std': 0.0, 'R2 - mean': 0.23411690878705338, 'R2 - std': 0.0} 
 

Saved Losses
{'MSE - mean': 0.46095967965833295, 'MSE - std': 0.0400683309107899, 'R2 - mean': 0.2778153948104503, 'R2 - std': 0.04369848602339693} 
 

Saved Losses
{'MSE - mean': 0.5016548980634363, 'MSE - std': 0.06620057172509296, 'R2 - mean': 0.2364541288820686, 'R2 - std': 0.06851676504492385} 
 

Saved Losses
{'MSE - mean': 0.5158866133079012, 'MSE - std': 0.06240602478082931, 'R2 - mean': 0.2492317201228029, 'R2 - std': 0.06333017316344433} 
 

Saved Losses
{'MSE - mean': 0.5173522837674687, 'MSE - std': 0.055894564160932324, 'R2 - mean': 0.2257244921696216, 'R2 - std': 0.07361336652063123} 
 

Saving model.....
Results After CV: {'MSE - mean': 0.5173522837674687, 'MSE - std': 0.055894564160932324, 'R2 - mean': 0.2257244921696216, 'R2 - std': 0.07361336652063123}
Train time: 0.2899298593999987
Inference time: 0.02614141519999862
Finished cross validation
Hyperparam was saved!!! Hurrah!!!
Trial 69 finished with value: 0.5173522837674687 and parameters: {'max_depth': 4, 'n_estimators': 90}. Best is trial 53 with value: 0.4851053861186334.
Saved Losses
{'MSE - mean': 0.4577772179225673, 'MSE - std': 0.0, 'R2 - mean': 0.16699682283159478, 'R2 - std': 0.0} 
 

Saved Losses
{'MSE - mean': 0.5284780782963859, 'MSE - std': 0.07070086037381862, 'R2 - mean': 0.17779794736124827, 'R2 - std': 0.010801124529653483} 
 

Saved Losses
{'MSE - mean': 0.5646156779194041, 'MSE - std': 0.0770990271323787, 'R2 - mean': 0.14372423656006414, 'R2 - std': 0.04898787329120871} 
 

Saved Losses
{'MSE - mean': 0.5880604124108822, 'MSE - std': 0.07814833149016782, 'R2 - mean': 0.1478580632556323, 'R2 - std': 0.04302469484660659} 
 

Saved Losses
{'MSE - mean': 0.5857872646390687, 'MSE - std': 0.07004568634061434, 'R2 - mean': 0.12687505500348317, 'R2 - std': 0.056938967628100946} 
 

Saving model.....
Results After CV: {'MSE - mean': 0.5857872646390687, 'MSE - std': 0.07004568634061434, 'R2 - mean': 0.12687505500348317, 'R2 - std': 0.056938967628100946}
Train time: 0.1523765295999965
Inference time: 0.015659706400001028
Finished cross validation
Hyperparam was saved!!! Hurrah!!!
Trial 70 finished with value: 0.5857872646390687 and parameters: {'max_depth': 2, 'n_estimators': 56}. Best is trial 53 with value: 0.4851053861186334.
Saved Losses
{'MSE - mean': 0.4240413730213751, 'MSE - std': 0.0, 'R2 - mean': 0.22838490613264517, 'R2 - std': 0.0} 
 

Saved Losses
{'MSE - mean': 0.44568190139707453, 'MSE - std': 0.021640528375699436, 'R2 - mean': 0.29777123999316396, 'R2 - std': 0.06938633386051879} 
 

Saved Losses
{'MSE - mean': 0.4803031165332355, 'MSE - std': 0.05205252527266718, 'R2 - mean': 0.26596592035310423, 'R2 - std': 0.07233808770314795} 
 

Saved Losses
{'MSE - mean': 0.49204016273607043, 'MSE - std': 0.04945072093659189, 'R2 - mean': 0.2813555652459737, 'R2 - std': 0.06808173550370993} 
 

Saved Losses
{'MSE - mean': 0.4956309670065192, 'MSE - std': 0.04480931311852081, 'R2 - mean': 0.25581169314123986, 'R2 - std': 0.07948619864963782} 
 

Saving model.....
Results After CV: {'MSE - mean': 0.4956309670065192, 'MSE - std': 0.04480931311852081, 'R2 - mean': 0.25581169314123986, 'R2 - std': 0.07948619864963782}
Train time: 0.2787055756000001
Inference time: 0.02482230900000104
Finished cross validation
Hyperparam was saved!!! Hurrah!!!
Trial 71 finished with value: 0.4956309670065192 and parameters: {'max_depth': 6, 'n_estimators': 73}. Best is trial 53 with value: 0.4851053861186334.
Saved Losses
{'MSE - mean': 0.46610525637302436, 'MSE - std': 0.0, 'R2 - mean': 0.15184254643423856, 'R2 - std': 0.0} 
 

Saved Losses
{'MSE - mean': 0.4636211501132935, 'MSE - std': 0.002484106259730834, 'R2 - mean': 0.26368814783500966, 'R2 - std': 0.1118456014007711} 
 

Saved Losses
{'MSE - mean': 0.5065443341069649, 'MSE - std': 0.060736424855673585, 'R2 - mean': 0.22251448106971636, 'R2 - std': 0.10830589721524378} 
 

Saved Losses
{'MSE - mean': 0.5246719545312093, 'MSE - std': 0.061257790075410955, 'R2 - mean': 0.23224896382555035, 'R2 - std': 0.09529903458204653} 
 

Saved Losses
{'MSE - mean': 0.5230646935249268, 'MSE - std': 0.054884848799170056, 'R2 - mean': 0.21432203554444546, 'R2 - std': 0.0924717460860321} 
 

Saving model.....
Results After CV: {'MSE - mean': 0.5230646935249268, 'MSE - std': 0.054884848799170056, 'R2 - mean': 0.21432203554444546, 'R2 - std': 0.0924717460860321}
Train time: 0.06644738640000299
Inference time: 0.009876399200001629
Finished cross validation
Hyperparam was saved!!! Hurrah!!!
Trial 72 finished with value: 0.5230646935249268 and parameters: {'max_depth': 7, 'n_estimators': 13}. Best is trial 53 with value: 0.4851053861186334.
Saved Losses
{'MSE - mean': 0.4380454182098878, 'MSE - std': 0.0, 'R2 - mean': 0.20290217418678802, 'R2 - std': 0.0} 
 

Saved Losses
{'MSE - mean': 0.45383610070003966, 'MSE - std': 0.015790682490151836, 'R2 - mean': 0.2834696101483663, 'R2 - std': 0.08056743596157828} 
 

Saved Losses
{'MSE - mean': 0.4833356220701841, 'MSE - std': 0.0436654778721713, 'R2 - mean': 0.2599202752424654, 'R2 - std': 0.07373296531382176} 
 

Saved Losses
{'MSE - mean': 0.49700235946949933, 'MSE - std': 0.044613278312396386, 'R2 - mean': 0.27339319104217885, 'R2 - std': 0.06798507932565379} 
 

Saved Losses
{'MSE - mean': 0.4991057140443722, 'MSE - std': 0.04012445742055617, 'R2 - mean': 0.25026329106319223, 'R2 - std': 0.07640383433365144} 
 

Saving model.....
Results After CV: {'MSE - mean': 0.4991057140443722, 'MSE - std': 0.04012445742055617, 'R2 - mean': 0.25026329106319223, 'R2 - std': 0.07640383433365144}
Train time: 0.2999479103999988
Inference time: 0.025061799799999562
Finished cross validation
Hyperparam was saved!!! Hurrah!!!
Trial 73 finished with value: 0.4991057140443722 and parameters: {'max_depth': 5, 'n_estimators': 83}. Best is trial 53 with value: 0.4851053861186334.
Saved Losses
{'MSE - mean': 0.426111743128277, 'MSE - std': 0.0, 'R2 - mean': 0.2246175170852167, 'R2 - std': 0.0} 
 

Saved Losses
{'MSE - mean': 0.4447100646583002, 'MSE - std': 0.01859832153002322, 'R2 - mean': 0.2986054302945756, 'R2 - std': 0.07398791320935888} 
 

Saved Losses
{'MSE - mean': 0.4776349294831661, 'MSE - std': 0.04897644151318191, 'R2 - mean': 0.26945443081912884, 'R2 - std': 0.07313710235955535} 
 

Saved Losses
{'MSE - mean': 0.4890362003121559, 'MSE - std': 0.046786598476684704, 'R2 - mean': 0.2852509839478786, 'R2 - std': 0.06899543519981811} 
 

Saved Losses
{'MSE - mean': 0.48988253099835044, 'MSE - std': 0.04188142476249334, 'R2 - mean': 0.2644796837387301, 'R2 - std': 0.07439142230287127} 
 

Saving model.....
Results After CV: {'MSE - mean': 0.48988253099835044, 'MSE - std': 0.04188142476249334, 'R2 - mean': 0.2644796837387301, 'R2 - std': 0.07439142230287127}
Train time: 0.2553015323999972
Inference time: 0.021817284599998744
Finished cross validation
Hyperparam was saved!!! Hurrah!!!
Trial 74 finished with value: 0.48988253099835044 and parameters: {'max_depth': 6, 'n_estimators': 67}. Best is trial 53 with value: 0.4851053861186334.
Saved Losses
{'MSE - mean': 0.443770502370078, 'MSE - std': 0.0, 'R2 - mean': 0.19248441395696025, 'R2 - std': 0.0} 
 

Saved Losses
{'MSE - mean': 0.4437064377837363, 'MSE - std': 6.406458634169998e-05, 'R2 - mean': 0.29585461812247243, 'R2 - std': 0.10337020416551218} 
 

Saved Losses
{'MSE - mean': 0.4778459539010618, 'MSE - std': 0.048280595042222416, 'R2 - mean': 0.2663431108818896, 'R2 - std': 0.09415655858923686} 
 

Saved Losses
{'MSE - mean': 0.48899751360677945, 'MSE - std': 0.046057938998981064, 'R2 - mean': 0.2831686975944868, 'R2 - std': 0.08659326907269223} 
 

Saved Losses
{'MSE - mean': 0.4888674769458559, 'MSE - std': 0.04119629393525376, 'R2 - mean': 0.26444703127809693, 'R2 - std': 0.08602742910029067} 
 

Saving model.....
Results After CV: {'MSE - mean': 0.4888674769458559, 'MSE - std': 0.04119629393525376, 'R2 - mean': 0.26444703127809693, 'R2 - std': 0.08602742910029067}
Train time: 0.2831319465999968
Inference time: 0.024166757600002597
Finished cross validation
Hyperparam was saved!!! Hurrah!!!
Trial 75 finished with value: 0.4888674769458559 and parameters: {'max_depth': 7, 'n_estimators': 66}. Best is trial 53 with value: 0.4851053861186334.
Saved Losses
{'MSE - mean': 0.44939863611180836, 'MSE - std': 0.0, 'R2 - mean': 0.18224307143304486, 'R2 - std': 0.0} 
 

Saved Losses
{'MSE - mean': 0.4507837090477461, 'MSE - std': 0.0013850729359377314, 'R2 - mean': 0.2849607666332633, 'R2 - std': 0.10271769520021845} 
 

Saved Losses
{'MSE - mean': 0.48891963767211194, 'MSE - std': 0.053944203168125836, 'R2 - mean': 0.24985576944995505, 'R2 - std': 0.09746112862389539} 
 

Saved Losses
{'MSE - mean': 0.49745828646463697, 'MSE - std': 0.04900212608845961, 'R2 - mean': 0.27060484836873133, 'R2 - std': 0.09173645143788495} 
 

Saved Losses
{'MSE - mean': 0.496370979846194, 'MSE - std': 0.04388274867965172, 'R2 - mean': 0.25317636988960723, 'R2 - std': 0.08914857635611186} 
 

Saving model.....
Results After CV: {'MSE - mean': 0.496370979846194, 'MSE - std': 0.04388274867965172, 'R2 - mean': 0.25317636988960723, 'R2 - std': 0.08914857635611186}
Train time: 0.24759196260000352
Inference time: 0.023331670200002465
Finished cross validation
Hyperparam was saved!!! Hurrah!!!
Trial 76 finished with value: 0.496370979846194 and parameters: {'max_depth': 6, 'n_estimators': 62}. Best is trial 53 with value: 0.4851053861186334.
Saved Losses
{'MSE - mean': 0.436554403538633, 'MSE - std': 0.0, 'R2 - mean': 0.20561532789940906, 'R2 - std': 0.0} 
 

Saved Losses
{'MSE - mean': 0.4441314395028476, 'MSE - std': 0.007577035964214607, 'R2 - mean': 0.29695856564682227, 'R2 - std': 0.09134323774741321} 
 

Saved Losses
{'MSE - mean': 0.4816636470546749, 'MSE - std': 0.05343788472075666, 'R2 - mean': 0.26194908704158243, 'R2 - std': 0.08951937540299194} 
 

Saved Losses
{'MSE - mean': 0.49345079871558917, 'MSE - std': 0.050581780073499186, 'R2 - mean': 0.2778452164008599, 'R2 - std': 0.08226998064438208} 
 

Saved Losses
{'MSE - mean': 0.4966174598908587, 'MSE - std': 0.04568286497494341, 'R2 - mean': 0.2532390973714504, 'R2 - std': 0.08852414442929951} 
 

Saving model.....
Results After CV: {'MSE - mean': 0.4966174598908587, 'MSE - std': 0.04568286497494341, 'R2 - mean': 0.2532390973714504, 'R2 - std': 0.08852414442929951}
Train time: 0.33848256020000067
Inference time: 0.025743243599995934
Finished cross validation
Hyperparam was saved!!! Hurrah!!!
Trial 77 finished with value: 0.4966174598908587 and parameters: {'max_depth': 7, 'n_estimators': 80}. Best is trial 53 with value: 0.4851053861186334.
Saved Losses
{'MSE - mean': 0.45414080072075047, 'MSE - std': 0.0, 'R2 - mean': 0.17361389979398667, 'R2 - std': 0.0} 
 

Saved Losses
{'MSE - mean': 0.443032808507145, 'MSE - std': 0.011107992213605478, 'R2 - mean': 0.2943532485104452, 'R2 - std': 0.12073934871645853} 
 

Saved Losses
{'MSE - mean': 0.47841991525780775, 'MSE - std': 0.05086013149521563, 'R2 - mean': 0.26385728272938236, 'R2 - std': 0.10760421960509989} 
 

Saved Losses
{'MSE - mean': 0.4830432460179937, 'MSE - std': 0.04476818394504306, 'R2 - mean': 0.2894476544836666, 'R2 - std': 0.10319206576662919} 
 

Saved Losses
{'MSE - mean': 0.4834550573156413, 'MSE - std': 0.040050350674735044, 'R2 - mean': 0.2705472577155589, 'R2 - std': 0.0997385679750569} 
 

Saving model.....
Results After CV: {'MSE - mean': 0.4834550573156413, 'MSE - std': 0.040050350674735044, 'R2 - mean': 0.2705472577155589, 'R2 - std': 0.0997385679750569}
Train time: 0.23283650939999917
Inference time: 0.019826929400002767
Finished cross validation
Hyperparam was saved!!! Hurrah!!!
Trial 78 finished with value: 0.4834550573156413 and parameters: {'max_depth': 8, 'n_estimators': 50}. Best is trial 78 with value: 0.4834550573156413.
Saved Losses
{'MSE - mean': 0.4606231521512576, 'MSE - std': 0.0, 'R2 - mean': 0.161818163515018, 'R2 - std': 0.0} 
 

Saved Losses
{'MSE - mean': 0.4421282191953013, 'MSE - std': 0.01849493295595625, 'R2 - mean': 0.2940695256180795, 'R2 - std': 0.1322513621030615} 
 

Saved Losses
{'MSE - mean': 0.4802553482915086, 'MSE - std': 0.05599462155363314, 'R2 - mean': 0.26012875375764605, 'R2 - std': 0.1181703594013351} 
 

Saved Losses
{'MSE - mean': 0.49869576790083847, 'MSE - std': 0.05806630226134104, 'R2 - mean': 0.2684431952129025, 'R2 - std': 0.10334681993617024} 
 

Saved Losses
{'MSE - mean': 0.5009631441095685, 'MSE - std': 0.05213367765784413, 'R2 - mean': 0.245469030199915, 'R2 - std': 0.1032264558381778} 
 

Saving model.....
Results After CV: {'MSE - mean': 0.5009631441095685, 'MSE - std': 0.05213367765784413, 'R2 - mean': 0.245469030199915, 'R2 - std': 0.1032264558381778}
Train time: 0.22101301600000625
Inference time: 0.015912250599996014
Finished cross validation
Hyperparam was saved!!! Hurrah!!!
Trial 79 finished with value: 0.5009631441095685 and parameters: {'max_depth': 8, 'n_estimators': 47}. Best is trial 78 with value: 0.4834550573156413.
Saved Losses
{'MSE - mean': 0.44846090387845, 'MSE - std': 0.0, 'R2 - mean': 0.18394943404598918, 'R2 - std': 0.0} 
 

Saved Losses
{'MSE - mean': 0.46105071298657063, 'MSE - std': 0.012589809108120659, 'R2 - mean': 0.2712755615498074, 'R2 - std': 0.08732612750381824} 
 

Saved Losses
{'MSE - mean': 0.4967445331905275, 'MSE - std': 0.051514720845185706, 'R2 - mean': 0.23930953784714384, 'R2 - std': 0.08442484847046264} 
 

Saved Losses
{'MSE - mean': 0.5018856927364179, 'MSE - std': 0.045493069936496475, 'R2 - mean': 0.2645334169734008, 'R2 - std': 0.08517275687667686} 
 

Saved Losses
{'MSE - mean': 0.5003636725355729, 'MSE - std': 0.040803942355668144, 'R2 - mean': 0.24757115067852614, 'R2 - std': 0.08339300164049604} 
 

Saving model.....
Results After CV: {'MSE - mean': 0.5003636725355729, 'MSE - std': 0.040803942355668144, 'R2 - mean': 0.24757115067852614, 'R2 - std': 0.08339300164049604}
Train time: 0.2577887881999999
Inference time: 0.01748426580000171
Finished cross validation
Hyperparam was saved!!! Hurrah!!!
