[I 2025-01-26 02:45:17,689] Trial 129 finished with value: 18512771478.418003 and parameters: {'max_depth': 10, 'n_estimators': 58}. Best is trial 111 with value: 17476473545.933136.
[I 2025-01-26 02:45:29,859] Trial 130 finished with value: 17491938194.018463 and parameters: {'max_depth': 12, 'n_estimators': 89}. Best is trial 111 with value: 17476473545.933136.
[I 2025-01-26 02:45:42,289] Trial 131 finished with value: 17547375368.76125 and parameters: {'max_depth': 12, 'n_estimators': 92}. Best is trial 111 with value: 17476473545.933136.
[I 2025-01-26 02:45:54,551] Trial 132 finished with value: 17713125576.39348 and parameters: {'max_depth': 12, 'n_estimators': 89}. Best is trial 111 with value: 17476473545.933136.
[I 2025-01-26 02:46:05,883] Trial 133 finished with value: 18389324065.60984 and parameters: {'max_depth': 11, 'n_estimators': 93}. Best is trial 111 with value: 17476473545.933136.
[I 2025-01-26 02:46:16,717] Trial 134 finished with value: 17541540628.53429 and parameters: {'max_depth': 12, 'n_estimators': 79}. Best is trial 111 with value: 17476473545.933136.
[I 2025-01-26 02:46:27,443] Trial 135 finished with value: 17767377094.769997 and parameters: {'max_depth': 12, 'n_estimators': 80}. Best is trial 111 with value: 17476473545.933136.
[I 2025-01-26 02:46:36,837] Trial 136 finished with value: 18353184786.982918 and parameters: {'max_depth': 11, 'n_estimators': 75}. Best is trial 111 with value: 17476473545.933136.
[I 2025-01-26 02:46:46,296] Trial 137 finished with value: 17671007269.241543 and parameters: {'max_depth': 12, 'n_estimators': 69}. Best is trial 111 with value: 17476473545.933136.
[I 2025-01-26 02:46:56,074] Trial 138 finished with value: 18886966418.42904 and parameters: {'max_depth': 10, 'n_estimators': 87}. Best is trial 111 with value: 17476473545.933136.
[I 2025-01-26 02:47:07,926] Trial 139 finished with value: 18036250120.789013 and parameters: {'max_depth': 11, 'n_estimators': 95}. Best is trial 111 with value: 17476473545.933136.
[I 2025-01-26 02:47:19,224] Trial 140 finished with value: 17858357803.920006 and parameters: {'max_depth': 12, 'n_estimators': 80}. Best is trial 111 with value: 17476473545.933136.
[I 2025-01-26 02:47:31,105] Trial 141 finished with value: 17544135790.671986 and parameters: {'max_depth': 12, 'n_estimators': 84}. Best is trial 111 with value: 17476473545.933136.
[I 2025-01-26 02:47:43,344] Trial 142 finished with value: 17462218733.85366 and parameters: {'max_depth': 12, 'n_estimators': 90}. Best is trial 142 with value: 17462218733.85366.
[I 2025-01-26 02:47:54,306] Trial 143 finished with value: 18308734353.98809 and parameters: {'max_depth': 11, 'n_estimators': 89}. Best is trial 142 with value: 17462218733.85366.
[I 2025-01-26 02:48:07,517] Trial 144 finished with value: 17166733207.687809 and parameters: {'max_depth': 12, 'n_estimators': 98}. Best is trial 144 with value: 17166733207.687809.
[I 2025-01-26 02:48:16,643] Trial 145 finished with value: 18205857052.406425 and parameters: {'max_depth': 11, 'n_estimators': 73}. Best is trial 144 with value: 17166733207.687809.
[I 2025-01-26 02:48:29,853] Trial 146 finished with value: 17643829458.992493 and parameters: {'max_depth': 12, 'n_estimators': 98}. Best is trial 144 with value: 17166733207.687809.
[I 2025-01-26 02:48:41,437] Trial 147 finished with value: 17545680116.187775 and parameters: {'max_depth': 12, 'n_estimators': 85}. Best is trial 144 with value: 17166733207.687809.
[I 2025-01-26 02:48:52,372] Trial 148 finished with value: 18201057509.683594 and parameters: {'max_depth': 11, 'n_estimators': 89}. Best is trial 144 with value: 17166733207.687809.
[I 2025-01-26 02:49:02,983] Trial 149 finished with value: 17701099449.157566 and parameters: {'max_depth': 12, 'n_estimators': 79}. Best is trial 144 with value: 17166733207.687809.
[I 2025-01-26 02:49:12,246] Trial 150 finished with value: 18618537513.64901 and parameters: {'max_depth': 10, 'n_estimators': 85}. Best is trial 144 with value: 17166733207.687809.
[I 2025-01-26 02:49:25,689] Trial 151 finished with value: 17609814967.1375 and parameters: {'max_depth': 12, 'n_estimators': 100}. Best is trial 144 with value: 17166733207.687809.
[I 2025-01-26 02:49:37,019] Trial 152 finished with value: 17636800108.537827 and parameters: {'max_depth': 12, 'n_estimators': 83}. Best is trial 144 with value: 17166733207.687809.
[I 2025-01-26 02:49:47,909] Trial 153 finished with value: 17828898494.240265 and parameters: {'max_depth': 11, 'n_estimators': 89}. Best is trial 144 with value: 17166733207.687809.
[I 2025-01-26 02:49:58,369] Trial 154 finished with value: 17575883599.370705 and parameters: {'max_depth': 12, 'n_estimators': 77}. Best is trial 144 with value: 17166733207.687809.
[I 2025-01-26 02:50:08,833] Trial 155 finished with value: 17792741775.53869 and parameters: {'max_depth': 12, 'n_estimators': 77}. Best is trial 144 with value: 17166733207.687809.
[I 2025-01-26 02:50:20,390] Trial 156 finished with value: 18225744912.84275 and parameters: {'max_depth': 11, 'n_estimators': 95}. Best is trial 144 with value: 17166733207.687809.
[I 2025-01-26 02:50:30,105] Trial 157 finished with value: 17614986922.43148 and parameters: {'max_depth': 12, 'n_estimators': 72}. Best is trial 144 with value: 17166733207.687809.
[I 2025-01-26 02:50:40,331] Trial 158 finished with value: 18153925844.756413 and parameters: {'max_depth': 11, 'n_estimators': 84}. Best is trial 144 with value: 17166733207.687809.
[I 2025-01-26 02:50:42,454] Trial 159 finished with value: 19599660895.815254 and parameters: {'max_depth': 11, 'n_estimators': 11}. Best is trial 144 with value: 17166733207.687809.
[I 2025-01-26 02:50:54,666] Trial 160 finished with value: 17629245949.85249 and parameters: {'max_depth': 12, 'n_estimators': 91}. Best is trial 144 with value: 17166733207.687809.
[I 2025-01-26 02:51:04,148] Trial 161 finished with value: 17758806686.51056 and parameters: {'max_depth': 12, 'n_estimators': 68}. Best is trial 144 with value: 17166733207.687809.
[I 2025-01-26 02:51:14,683] Trial 162 finished with value: 17875655064.964256 and parameters: {'max_depth': 12, 'n_estimators': 78}. Best is trial 144 with value: 17166733207.687809.
[I 2025-01-26 02:51:25,943] Trial 163 finished with value: 17808356671.65311 and parameters: {'max_depth': 12, 'n_estimators': 83}. Best is trial 144 with value: 17166733207.687809.
[I 2025-01-26 02:51:35,109] Trial 164 finished with value: 18166283511.37798 and parameters: {'max_depth': 11, 'n_estimators': 75}. Best is trial 144 with value: 17166733207.687809.
[I 2025-01-26 02:51:47,844] Trial 165 finished with value: 17539955135.207676 and parameters: {'max_depth': 12, 'n_estimators': 95}. Best is trial 144 with value: 17166733207.687809.
[I 2025-01-26 02:52:01,198] Trial 166 finished with value: 17540383888.919163 and parameters: {'max_depth': 12, 'n_estimators': 100}. Best is trial 144 with value: 17166733207.687809.
[I 2025-01-26 02:52:14,635] Trial 167 finished with value: 17658850827.312042 and parameters: {'max_depth': 12, 'n_estimators': 100}. Best is trial 144 with value: 17166733207.687809.
[I 2025-01-26 02:52:25,976] Trial 168 finished with value: 18349867115.40985 and parameters: {'max_depth': 11, 'n_estimators': 94}. Best is trial 144 with value: 17166733207.687809.
[I 2025-01-26 02:52:37,068] Trial 169 finished with value: 18244756261.288063 and parameters: {'max_depth': 11, 'n_estimators': 91}. Best is trial 144 with value: 17166733207.687809.
[I 2025-01-26 02:52:47,242] Trial 170 finished with value: 18812009593.054512 and parameters: {'max_depth': 10, 'n_estimators': 95}. Best is trial 144 with value: 17166733207.687809.
[I 2025-01-26 02:52:58,941] Trial 171 finished with value: 17662387989.75235 and parameters: {'max_depth': 12, 'n_estimators': 87}. Best is trial 144 with value: 17166733207.687809.
[I 2025-01-26 02:53:12,338] Trial 172 finished with value: 17511953851.47576 and parameters: {'max_depth': 12, 'n_estimators': 100}. Best is trial 144 with value: 17166733207.687809.
[I 2025-01-26 02:53:25,814] Trial 173 finished with value: 17732445145.735813 and parameters: {'max_depth': 12, 'n_estimators': 100}. Best is trial 144 with value: 17166733207.687809.
[I 2025-01-26 02:53:37,007] Trial 174 finished with value: 18109029524.591473 and parameters: {'max_depth': 11, 'n_estimators': 92}. Best is trial 144 with value: 17166733207.687809.
[I 2025-01-26 02:53:38,438] Trial 175 finished with value: 20238784083.75988 and parameters: {'max_depth': 12, 'n_estimators': 6}. Best is trial 144 with value: 17166733207.687809.
[I 2025-01-26 02:53:41,690] Trial 176 finished with value: 47761613177.242874 and parameters: {'max_depth': 3, 'n_estimators': 81}. Best is trial 144 with value: 17166733207.687809.
[I 2025-01-26 02:53:44,550] Trial 177 finished with value: 61180278096.685486 and parameters: {'max_depth': 2, 'n_estimators': 100}. Best is trial 144 with value: 17166733207.687809.
[I 2025-01-26 02:53:56,019] Trial 178 finished with value: 17603536255.78855 and parameters: {'max_depth': 12, 'n_estimators': 86}. Best is trial 144 with value: 17166733207.687809.
[I 2025-01-26 02:54:07,287] Trial 179 finished with value: 17851381614.471092 and parameters: {'max_depth': 11, 'n_estimators': 94}. Best is trial 144 with value: 17166733207.687809.
[I 2025-01-26 02:54:18,091] Trial 180 finished with value: 17874336760.748188 and parameters: {'max_depth': 12, 'n_estimators': 80}. Best is trial 144 with value: 17166733207.687809.
[I 2025-01-26 02:54:30,314] Trial 181 finished with value: 17564722777.19548 and parameters: {'max_depth': 12, 'n_estimators': 89}. Best is trial 144 with value: 17166733207.687809.
[I 2025-01-26 02:54:42,547] Trial 182 finished with value: 17529585194.25692 and parameters: {'max_depth': 12, 'n_estimators': 89}. Best is trial 144 with value: 17166733207.687809.
[I 2025-01-26 02:54:54,918] Trial 183 finished with value: 17531605828.547768 and parameters: {'max_depth': 12, 'n_estimators': 90}. Best is trial 144 with value: 17166733207.687809.
[I 2025-01-26 02:55:01,054] Trial 184 finished with value: 26536665799.623535 and parameters: {'max_depth': 6, 'n_estimators': 89}. Best is trial 144 with value: 17166733207.687809.
[I 2025-01-26 02:55:13,829] Trial 185 finished with value: 17297342309.49058 and parameters: {'max_depth': 12, 'n_estimators': 96}. Best is trial 144 with value: 17166733207.687809.
[I 2025-01-26 02:55:26,661] Trial 186 finished with value: 17686799598.411964 and parameters: {'max_depth': 12, 'n_estimators': 95}. Best is trial 144 with value: 17166733207.687809.
[I 2025-01-26 02:55:38,703] Trial 187 finished with value: 18080244997.540474 and parameters: {'max_depth': 11, 'n_estimators': 100}. Best is trial 144 with value: 17166733207.687809.
[I 2025-01-26 02:55:49,015] Trial 188 finished with value: 17975502519.10769 and parameters: {'max_depth': 11, 'n_estimators': 84}. Best is trial 144 with value: 17166733207.687809.
[I 2025-01-26 02:56:01,779] Trial 189 finished with value: 17588185745.357048 and parameters: {'max_depth': 12, 'n_estimators': 94}. Best is trial 144 with value: 17166733207.687809.
[I 2025-01-26 02:56:12,440] Trial 190 finished with value: 18072759363.367676 and parameters: {'max_depth': 11, 'n_estimators': 88}. Best is trial 144 with value: 17166733207.687809.
[I 2025-01-26 02:56:25,889] Trial 191 finished with value: 17873755835.261265 and parameters: {'max_depth': 12, 'n_estimators': 90}. Best is trial 144 with value: 17166733207.687809.
[I 2025-01-26 02:56:37,819] Trial 192 finished with value: 17512374151.59456 and parameters: {'max_depth': 12, 'n_estimators': 85}. Best is trial 144 with value: 17166733207.687809.
[I 2025-01-26 02:56:49,731] Trial 193 finished with value: 17821900032.367992 and parameters: {'max_depth': 12, 'n_estimators': 84}. Best is trial 144 with value: 17166733207.687809.
[I 2025-01-26 02:57:02,990] Trial 194 finished with value: 17843827655.214565 and parameters: {'max_depth': 12, 'n_estimators': 95}. Best is trial 144 with value: 17166733207.687809.
[I 2025-01-26 02:57:13,169] Trial 195 finished with value: 18246681465.972187 and parameters: {'max_depth': 11, 'n_estimators': 83}. Best is trial 144 with value: 17166733207.687809.
[I 2025-01-26 02:57:25,965] Trial 196 finished with value: 17670688182.59628 and parameters: {'max_depth': 12, 'n_estimators': 95}. Best is trial 144 with value: 17166733207.687809.
[I 2025-01-26 02:57:38,231] Trial 197 finished with value: 17614331366.954475 and parameters: {'max_depth': 12, 'n_estimators': 89}. Best is trial 144 with value: 17166733207.687809.
[I 2025-01-26 02:57:50,237] Trial 198 finished with value: 18223773245.41381 and parameters: {'max_depth': 11, 'n_estimators': 99}. Best is trial 144 with value: 17166733207.687809.
[I 2025-01-26 02:58:01,390] Trial 199 finished with value: 17886883157.954384 and parameters: {'max_depth': 12, 'n_estimators': 80}. Best is trial 144 with value: 17166733207.687809.
[I 2025-01-26 02:58:18,242] A new study created in RDB with name: RandomForest_MIP
[I 2025-01-26 02:58:19,522] Trial 0 finished with value: 911823.0704071054 and parameters: {'max_depth': 2, 'n_estimators': 87}. Best is trial 0 with value: 911823.0704071054.
[I 2025-01-26 02:58:21,385] Trial 1 finished with value: 777380.5911197517 and parameters: {'max_depth': 7, 'n_estimators': 77}. Best is trial 1 with value: 777380.5911197517.
[I 2025-01-26 02:58:23,087] Trial 2 finished with value: 788224.2483191813 and parameters: {'max_depth': 7, 'n_estimators': 71}. Best is trial 1 with value: 777380.5911197517.
[I 2025-01-26 02:58:23,504] Trial 3 finished with value: 921250.0701219687 and parameters: {'max_depth': 2, 'n_estimators': 5}. Best is trial 1 with value: 777380.5911197517.
[I 2025-01-26 02:58:24,161] Trial 4 finished with value: 797827.2120445556 and parameters: {'max_depth': 7, 'n_estimators': 13}. Best is trial 1 with value: 777380.5911197517.
[I 2025-01-26 02:58:24,853] Trial 5 finished with value: 852370.0003590897 and parameters: {'max_depth': 4, 'n_estimators': 24}. Best is trial 1 with value: 777380.5911197517.
[I 2025-01-26 02:58:25,528] Trial 6 finished with value: 848519.7462636782 and parameters: {'max_depth': 4, 'n_estimators': 22}. Best is trial 1 with value: 777380.5911197517.
[I 2025-01-26 02:58:27,581] Trial 7 finished with value: 728926.506739464 and parameters: {'max_depth': 12, 'n_estimators': 57}. Best is trial 7 with value: 728926.506739464.
[I 2025-01-26 02:58:29,001] Trial 8 finished with value: 735723.3130304399 and parameters: {'max_depth': 9, 'n_estimators': 44}. Best is trial 7 with value: 728926.506739464.
[I 2025-01-26 02:58:30,253] Trial 9 finished with value: 793541.7892606986 and parameters: {'max_depth': 6, 'n_estimators': 49}. Best is trial 7 with value: 728926.506739464.
[I 2025-01-26 02:58:31,083] Trial 10 finished with value: 752525.4481362732 and parameters: {'max_depth': 12, 'n_estimators': 12}. Best is trial 7 with value: 728926.506739464.
[I 2025-01-26 02:58:32,693] Trial 11 finished with value: 726001.0025966561 and parameters: {'max_depth': 12, 'n_estimators': 41}. Best is trial 11 with value: 726001.0025966561.
[I 2025-01-26 02:58:34,207] Trial 12 finished with value: 723690.481861927 and parameters: {'max_depth': 12, 'n_estimators': 39}. Best is trial 12 with value: 723690.481861927.
[I 2025-01-26 02:58:35,477] Trial 13 finished with value: 767125.8375755267 and parameters: {'max_depth': 10, 'n_estimators': 34}. Best is trial 12 with value: 723690.481861927.
[I 2025-01-26 02:58:36,165] Trial 14 finished with value: 878380.6043252579 and parameters: {'max_depth': 3, 'n_estimators': 31}. Best is trial 12 with value: 723690.481861927.
[I 2025-01-26 02:58:36,913] Trial 15 finished with value: 764744.7091676614 and parameters: {'max_depth': 9, 'n_estimators': 13}. Best is trial 12 with value: 723690.481861927.
[I 2025-01-26 02:58:37,820] Trial 16 finished with value: 834091.4088329248 and parameters: {'max_depth': 5, 'n_estimators': 35}. Best is trial 12 with value: 723690.481861927.
[I 2025-01-26 02:58:38,401] Trial 17 finished with value: 865902.9279149577 and parameters: {'max_depth': 3, 'n_estimators': 17}. Best is trial 12 with value: 723690.481861927.
[I 2025-01-26 02:58:40,369] Trial 18 finished with value: 750058.7098308799 and parameters: {'max_depth': 10, 'n_estimators': 60}. Best is trial 12 with value: 723690.481861927.
[I 2025-01-26 02:58:41,116] Trial 19 finished with value: 797402.3815098807 and parameters: {'max_depth': 12, 'n_estimators': 9}. Best is trial 12 with value: 723690.481861927.
[I 2025-01-26 02:58:43,559] Trial 20 finished with value: 762974.2775075202 and parameters: {'max_depth': 8, 'n_estimators': 100}. Best is trial 12 with value: 723690.481861927.
[I 2025-01-26 02:58:45,473] Trial 21 finished with value: 726314.9114809904 and parameters: {'max_depth': 12, 'n_estimators': 50}. Best is trial 12 with value: 723690.481861927.
[I 2025-01-26 02:58:47,054] Trial 22 finished with value: 729688.090307364 and parameters: {'max_depth': 11, 'n_estimators': 42}. Best is trial 12 with value: 723690.481861927.
[I 2025-01-26 02:58:48,108] Trial 23 finished with value: 748494.1548801357 and parameters: {'max_depth': 9, 'n_estimators': 28}. Best is trial 12 with value: 723690.481861927.
[I 2025-01-26 02:58:49,114] Trial 24 finished with value: 817535.6527593501 and parameters: {'max_depth': 5, 'n_estimators': 41}. Best is trial 12 with value: 723690.481861927.
[I 2025-01-26 02:58:50,606] Trial 25 finished with value: 767498.8199677495 and parameters: {'max_depth': 8, 'n_estimators': 52}. Best is trial 12 with value: 723690.481861927.
[I 2025-01-26 02:58:51,475] Trial 26 finished with value: 768431.7051514245 and parameters: {'max_depth': 10, 'n_estimators': 17}. Best is trial 12 with value: 723690.481861927.
[I 2025-01-26 02:58:52,967] Trial 27 finished with value: 794237.6733109165 and parameters: {'max_depth': 6, 'n_estimators': 65}. Best is trial 12 with value: 723690.481861927.
[I 2025-01-26 02:58:53,718] Trial 28 finished with value: 891194.2666036275 and parameters: {'max_depth': 3, 'n_estimators': 37}. Best is trial 12 with value: 723690.481861927.
[I 2025-01-26 02:58:54,339] Trial 29 finished with value: 901422.8388000133 and parameters: {'max_depth': 2, 'n_estimators': 27}. Best is trial 12 with value: 723690.481861927.
[I 2025-01-26 02:58:56,836] Trial 30 finished with value: 738391.5308580761 and parameters: {'max_depth': 11, 'n_estimators': 78}. Best is trial 12 with value: 723690.481861927.
[I 2025-01-26 02:58:58,838] Trial 31 finished with value: 738560.7093724671 and parameters: {'max_depth': 12, 'n_estimators': 54}. Best is trial 12 with value: 723690.481861927.
[I 2025-01-26 02:59:01,933] Trial 32 finished with value: 724039.4069518453 and parameters: {'max_depth': 12, 'n_estimators': 93}. Best is trial 12 with value: 723690.481861927.
[I 2025-01-26 02:59:04,256] Trial 33 finished with value: 763258.3400291357 and parameters: {'max_depth': 8, 'n_estimators': 93}. Best is trial 12 with value: 723690.481861927.
[I 2025-01-26 02:59:06,521] Trial 34 finished with value: 739352.1346866575 and parameters: {'max_depth': 10, 'n_estimators': 73}. Best is trial 12 with value: 723690.481861927.
[I 2025-01-26 02:59:09,066] Trial 35 finished with value: 731027.3409117253 and parameters: {'max_depth': 11, 'n_estimators': 79}. Best is trial 12 with value: 723690.481861927.
[I 2025-01-26 02:59:10,362] Trial 36 finished with value: 777944.7235460856 and parameters: {'max_depth': 7, 'n_estimators': 47}. Best is trial 12 with value: 723690.481861927.
[I 2025-01-26 02:59:12,333] Trial 37 finished with value: 760220.6345504359 and parameters: {'max_depth': 9, 'n_estimators': 69}. Best is trial 12 with value: 723690.481861927.
[I 2025-01-26 02:59:13,312] Trial 38 finished with value: 788700.1236476724 and parameters: {'max_depth': 8, 'n_estimators': 27}. Best is trial 12 with value: 723690.481861927.
[I 2025-01-26 02:59:14,215] Trial 39 finished with value: 766026.4301526586 and parameters: {'max_depth': 7, 'n_estimators': 20}. Best is trial 12 with value: 723690.481861927.
[I 2025-01-26 02:59:16,953] Trial 40 finished with value: 731710.0856634866 and parameters: {'max_depth': 11, 'n_estimators': 87}. Best is trial 12 with value: 723690.481861927.
[I 2025-01-26 02:59:19,126] Trial 41 finished with value: 737110.173795486 and parameters: {'max_depth': 12, 'n_estimators': 59}. Best is trial 12 with value: 723690.481861927.
[I 2025-01-26 02:59:21,196] Trial 42 finished with value: 713927.847512526 and parameters: {'max_depth': 12, 'n_estimators': 57}. Best is trial 42 with value: 713927.847512526.
[I 2025-01-26 02:59:22,578] Trial 43 finished with value: 744573.5752798503 and parameters: {'max_depth': 10, 'n_estimators': 39}. Best is trial 42 with value: 713927.847512526.
[I 2025-01-26 02:59:24,281] Trial 44 finished with value: 753573.625418436 and parameters: {'max_depth': 11, 'n_estimators': 48}. Best is trial 42 with value: 713927.847512526.
[I 2025-01-26 02:59:25,405] Trial 45 finished with value: 779693.3610204939 and parameters: {'max_depth': 9, 'n_estimators': 32}. Best is trial 42 with value: 713927.847512526.
[I 2025-01-26 02:59:27,647] Trial 46 finished with value: 740875.2830735396 and parameters: {'max_depth': 12, 'n_estimators': 63}. Best is trial 42 with value: 713927.847512526.
[I 2025-01-26 02:59:29,457] Trial 47 finished with value: 790196.6648244911 and parameters: {'max_depth': 6, 'n_estimators': 86}. Best is trial 42 with value: 713927.847512526.
[I 2025-01-26 02:59:30,051] Trial 48 finished with value: 815999.0326950413 and parameters: {'max_depth': 10, 'n_estimators': 5}. Best is trial 42 with value: 713927.847512526.
[I 2025-01-26 02:59:31,952] Trial 49 finished with value: 727704.785769941 and parameters: {'max_depth': 11, 'n_estimators': 54}. Best is trial 42 with value: 713927.847512526.
