Trial 184 finished with value: 619.15871923956 and parameters: {'max_depth': 11, 'n_estimators': 79}. Best is trial 133 with value: 607.7927640565291.
Saved Losses
{'MSE - mean': 653.9220148432283, 'MSE - std': 0.0, 'R2 - mean': 0.9239678619377701, 'R2 - std': 0.0} 
 

Saved Losses
{'MSE - mean': 634.0764879582605, 'MSE - std': 19.84552688496791, 'R2 - mean': 0.9217880708624719, 'R2 - std': 0.002179791075298254} 
 

Saved Losses
{'MSE - mean': 600.4424287310945, 'MSE - std': 50.250006684122226, 'R2 - mean': 0.9287658380489482, 'R2 - std': 0.010027269281246554} 
 

Saved Losses
{'MSE - mean': 613.9498804442948, 'MSE - std': 49.40800678198878, 'R2 - mean': 0.9268744489791824, 'R2 - std': 0.009281252866324748} 
 

Saved Losses
{'MSE - mean': 619.875326801211, 'MSE - std': 45.75330114264989, 'R2 - mean': 0.9253658390959061, 'R2 - std': 0.008832719792601017} 
 

Saving model.....
Results After CV: {'MSE - mean': 619.875326801211, 'MSE - std': 45.75330114264989, 'R2 - mean': 0.9253658390959061, 'R2 - std': 0.008832719792601017}
Train time: 1.046104788399998
Inference time: 0.03297110540001995
Finished cross validation
Hyperparam was saved!!! Hurrah!!!
Trial 185 finished with value: 619.875326801211 and parameters: {'max_depth': 10, 'n_estimators': 88}. Best is trial 133 with value: 607.7927640565291.
Saved Losses
{'MSE - mean': 661.8428277362526, 'MSE - std': 0.0, 'R2 - mean': 0.9230469014474098, 'R2 - std': 0.0} 
 

Saved Losses
{'MSE - mean': 632.1402457612933, 'MSE - std': 29.702581974959287, 'R2 - mean': 0.9220993552432747, 'R2 - std': 0.0009475462041350635} 
 

Saved Losses
{'MSE - mean': 602.7208179651107, 'MSE - std': 48.15773784515202, 'R2 - mean': 0.9285899218797272, 'R2 - std': 0.00921159449084556} 
 

Saved Losses
{'MSE - mean': 614.7525235197993, 'MSE - std': 46.62254391853757, 'R2 - mean': 0.9268516139198149, 'R2 - std': 0.00852673727097977} 
 

Saved Losses
{'MSE - mean': 621.4610601447954, 'MSE - std': 43.80578883828511, 'R2 - mean': 0.9252292939791907, 'R2 - std': 0.008288056874179814} 
 

Saving model.....
Results After CV: {'MSE - mean': 621.4610601447954, 'MSE - std': 43.80578883828511, 'R2 - mean': 0.9252292939791907, 'R2 - std': 0.008288056874179814}
Train time: 0.9647684778000212
Inference time: 0.031075548600006185
Finished cross validation
Hyperparam was saved!!! Hurrah!!!
Trial 186 finished with value: 621.4610601447954 and parameters: {'max_depth': 12, 'n_estimators': 74}. Best is trial 133 with value: 607.7927640565291.
Saved Losses
{'MSE - mean': 657.0336686344868, 'MSE - std': 0.0, 'R2 - mean': 0.9236060669755444, 'R2 - std': 0.0} 
 

Saved Losses
{'MSE - mean': 629.6105410644609, 'MSE - std': 27.42312757002594, 'R2 - mean': 0.922395314625198, 'R2 - std': 0.0012107523503464557} 
 

Saved Losses
{'MSE - mean': 597.8934205985074, 'MSE - std': 50.13285760641312, 'R2 - mean': 0.9291246562830562, 'R2 - std': 0.00956793390091525} 
 

Saved Losses
{'MSE - mean': 609.0637072090525, 'MSE - std': 47.532130898202325, 'R2 - mean': 0.9275016882091514, 'R2 - std': 0.00874991973997219} 
 

Saved Losses
{'MSE - mean': 615.6153549310696, 'MSE - std': 44.48751651500365, 'R2 - mean': 0.9259116304342356, 'R2 - std': 0.008447603877730341} 
 

Saving model.....
Results After CV: {'MSE - mean': 615.6153549310696, 'MSE - std': 44.48751651500365, 'R2 - mean': 0.9259116304342356, 'R2 - std': 0.008447603877730341}
Train time: 1.0540987537999627
Inference time: 0.033571299599975644
Finished cross validation
Hyperparam was saved!!! Hurrah!!!
Trial 187 finished with value: 615.6153549310696 and parameters: {'max_depth': 11, 'n_estimators': 83}. Best is trial 133 with value: 607.7927640565291.
Saved Losses
{'MSE - mean': 645.3156614442457, 'MSE - std': 0.0, 'R2 - mean': 0.924968530878394, 'R2 - std': 0.0} 
 

Saved Losses
{'MSE - mean': 632.5101182578248, 'MSE - std': 12.805543186420834, 'R2 - mean': 0.921930206810586, 'R2 - std': 0.003038324067808018} 
 

Saved Losses
{'MSE - mean': 600.2823087477923, 'MSE - std': 46.760931368997454, 'R2 - mean': 0.9287656141180759, 'R2 - std': 0.009979973023306317} 
 

Saved Losses
{'MSE - mean': 610.9296304502479, 'MSE - std': 44.49758313862468, 'R2 - mean': 0.9272234658839749, 'R2 - std': 0.009046245612808949} 
 

Saved Losses
{'MSE - mean': 616.1004619386564, 'MSE - std': 41.12150188489129, 'R2 - mean': 0.9258153532585089, 'R2 - std': 0.008567308352907473} 
 

Saving model.....
Results After CV: {'MSE - mean': 616.1004619386564, 'MSE - std': 41.12150188489129, 'R2 - mean': 0.9258153532585089, 'R2 - std': 0.008567308352907473}
Train time: 0.9785176983999918
Inference time: 0.037346775799983335
Finished cross validation
Hyperparam was saved!!! Hurrah!!!
Trial 188 finished with value: 616.1004619386564 and parameters: {'max_depth': 12, 'n_estimators': 93}. Best is trial 133 with value: 607.7927640565291.
Saved Losses
{'MSE - mean': 645.3333572158972, 'MSE - std': 0.0, 'R2 - mean': 0.9249664733741003, 'R2 - std': 0.0} 
 

Saved Losses
{'MSE - mean': 630.9043630260893, 'MSE - std': 14.428994189807895, 'R2 - mean': 0.9221405003953251, 'R2 - std': 0.002825972978775182} 
 

Saved Losses
{'MSE - mean': 597.7376217955921, 'MSE - std': 48.36178963384082, 'R2 - mean': 0.9290641805729272, 'R2 - std': 0.010059760264934313} 
 

Saved Losses
{'MSE - mean': 607.7268782018706, 'MSE - std': 45.31559061837368, 'R2 - mean': 0.9276032193578269, 'R2 - std': 0.009072061808489053} 
 

Saved Losses
{'MSE - mean': 616.5359452956776, 'MSE - std': 44.19503201408963, 'R2 - mean': 0.925743413859274, 'R2 - std': 0.008926217022648876} 
 

Saving model.....
Results After CV: {'MSE - mean': 616.5359452956776, 'MSE - std': 44.19503201408963, 'R2 - mean': 0.925743413859274, 'R2 - std': 0.008926217022648876}
Train time: 0.7294627616000071
Inference time: 0.028975077399991278
Finished cross validation
Hyperparam was saved!!! Hurrah!!!
Trial 189 finished with value: 616.5359452956776 and parameters: {'max_depth': 10, 'n_estimators': 71}. Best is trial 133 with value: 607.7927640565291.
Saved Losses
{'MSE - mean': 643.2592085981349, 'MSE - std': 0.0, 'R2 - mean': 0.9252076366175569, 'R2 - std': 0.0} 
 

Saved Losses
{'MSE - mean': 625.9369731628044, 'MSE - std': 17.322235435330583, 'R2 - mean': 0.922775489216335, 'R2 - std': 0.0024321474012218847} 
 

Saved Losses
{'MSE - mean': 594.5127133208017, 'MSE - std': 46.636982180312096, 'R2 - mean': 0.9294781939559559, 'R2 - std': 0.009684836720732741} 
 

Saved Losses
{'MSE - mean': 604.0151218845174, 'MSE - std': 43.613568825543204, 'R2 - mean': 0.9280694181119877, 'R2 - std': 0.008735044067781502} 
 

Saved Losses
{'MSE - mean': 609.1135343080572, 'MSE - std': 40.31984555429665, 'R2 - mean': 0.926674530928804, 'R2 - std': 0.00829600126013173} 
 

Saving model.....
Results After CV: {'MSE - mean': 609.1135343080572, 'MSE - std': 40.31984555429665, 'R2 - mean': 0.926674530928804, 'R2 - std': 0.00829600126013173}
Train time: 0.930452444599996
Inference time: 0.032289442200021765
Finished cross validation
Hyperparam was saved!!! Hurrah!!!
Trial 190 finished with value: 609.1135343080572 and parameters: {'max_depth': 11, 'n_estimators': 86}. Best is trial 133 with value: 607.7927640565291.
Saved Losses
{'MSE - mean': 659.7895198016946, 'MSE - std': 0.0, 'R2 - mean': 0.9232856415246986, 'R2 - std': 0.0} 
 

Saved Losses
{'MSE - mean': 632.2264111938337, 'MSE - std': 27.56310860786101, 'R2 - mean': 0.9220730773554757, 'R2 - std': 0.001212564169222885} 
 

Saved Losses
{'MSE - mean': 595.5264695552919, 'MSE - std': 56.57079402510241, 'R2 - mean': 0.9293514593808512, 'R2 - std': 0.010340691356204065} 
 

Saved Losses
{'MSE - mean': 607.4335865520328, 'MSE - std': 53.155708611541925, 'R2 - mean': 0.9276543211008296, 'R2 - std': 0.00942540494184462} 
 

Saved Losses
{'MSE - mean': 614.9622601463991, 'MSE - std': 49.87130628686354, 'R2 - mean': 0.9259521375136615, 'R2 - std': 0.009091772242632268} 
 

Saving model.....
Results After CV: {'MSE - mean': 614.9622601463991, 'MSE - std': 49.87130628686354, 'R2 - mean': 0.9259521375136615, 'R2 - std': 0.009091772242632268}
Train time: 0.9250111643999617
Inference time: 0.03327604080000128
Finished cross validation
Hyperparam was saved!!! Hurrah!!!
Trial 191 finished with value: 614.9622601463991 and parameters: {'max_depth': 11, 'n_estimators': 86}. Best is trial 133 with value: 607.7927640565291.
Saved Losses
{'MSE - mean': 667.4842032067388, 'MSE - std': 0.0, 'R2 - mean': 0.9223909733261708, 'R2 - std': 0.0} 
 

Saved Losses
{'MSE - mean': 645.033697676362, 'MSE - std': 22.4505055303768, 'R2 - mean': 0.9204530485867377, 'R2 - std': 0.0019379247394331611} 
 

Saved Losses
{'MSE - mean': 601.974448379205, 'MSE - std': 63.594140446394526, 'R2 - mean': 0.9284959905632131, 'R2 - std': 0.011483968512860484} 
 

Saved Losses
{'MSE - mean': 613.3171773557818, 'MSE - std': 58.47335740527512, 'R2 - mean': 0.9268865856240545, 'R2 - std': 0.010328683477473918} 
 

Saved Losses
{'MSE - mean': 616.4015790653555, 'MSE - std': 52.66270935510362, 'R2 - mean': 0.925747517746108, 'R2 - std': 0.009515002071705102} 
 

Saving model.....
Results After CV: {'MSE - mean': 616.4015790653555, 'MSE - std': 52.66270935510362, 'R2 - mean': 0.925747517746108, 'R2 - std': 0.009515002071705102}
Train time: 1.0249970480000001
Inference time: 0.03215537940000104
Finished cross validation
Hyperparam was saved!!! Hurrah!!!
Trial 192 finished with value: 616.4015790653555 and parameters: {'max_depth': 12, 'n_estimators': 79}. Best is trial 133 with value: 607.7927640565291.
Saved Losses
{'MSE - mean': 644.9746815375653, 'MSE - std': 0.0, 'R2 - mean': 0.9250081769382493, 'R2 - std': 0.0} 
 

Saved Losses
{'MSE - mean': 634.9743332014917, 'MSE - std': 10.000348336073557, 'R2 - mean': 0.9216051946362552, 'R2 - std': 0.0034029823019940952} 
 

Saved Losses
{'MSE - mean': 602.8960402408205, 'MSE - std': 46.0945232079674, 'R2 - mean': 0.9284446337606592, 'R2 - std': 0.01006360012311585} 
 

Saved Losses
{'MSE - mean': 610.9179849369909, 'MSE - std': 42.26799726096136, 'R2 - mean': 0.9272201564891572, 'R2 - std': 0.008969674985402612} 
 

Saved Losses
{'MSE - mean': 617.002926222518, 'MSE - std': 39.71615434247578, 'R2 - mean': 0.9256984194028662, 'R2 - std': 0.00858060548645483} 
 

Saving model.....
Results After CV: {'MSE - mean': 617.002926222518, 'MSE - std': 39.71615434247578, 'R2 - mean': 0.9256984194028662, 'R2 - std': 0.00858060548645483}
Train time: 1.106079107200003
Inference time: 0.035966915600010904
Finished cross validation
Hyperparam was saved!!! Hurrah!!!
Trial 193 finished with value: 617.002926222518 and parameters: {'max_depth': 11, 'n_estimators': 87}. Best is trial 133 with value: 607.7927640565291.
Saved Losses
{'MSE - mean': 657.4260495518577, 'MSE - std': 0.0, 'R2 - mean': 0.9235604444710174, 'R2 - std': 0.0} 
 

Saved Losses
{'MSE - mean': 636.2491488129061, 'MSE - std': 21.17690073895153, 'R2 - mean': 0.9215293075051331, 'R2 - std': 0.002031136965884306} 
 

Saved Losses
{'MSE - mean': 602.5685009139955, 'MSE - std': 50.6729332982844, 'R2 - mean': 0.9285205315466172, 'R2 - std': 0.010025206836398591} 
 

Saved Losses
{'MSE - mean': 612.6626222954899, 'MSE - std': 47.238580484412424, 'R2 - mean': 0.9270374448544685, 'R2 - std': 0.009054127097280833} 
 

Saved Losses
{'MSE - mean': 616.3787479625055, 'MSE - std': 42.900176559520766, 'R2 - mean': 0.9258054311774547, 'R2 - std': 0.00846482160452115} 
 

Saving model.....
Results After CV: {'MSE - mean': 616.3787479625055, 'MSE - std': 42.900176559520766, 'R2 - mean': 0.9258054311774547, 'R2 - std': 0.00846482160452115}
Train time: 0.8730865925999979
Inference time: 0.036938376800026165
Finished cross validation
Hyperparam was saved!!! Hurrah!!!
Trial 194 finished with value: 616.3787479625055 and parameters: {'max_depth': 12, 'n_estimators': 94}. Best is trial 133 with value: 607.7927640565291.
Saved Losses
{'MSE - mean': 658.1959222656992, 'MSE - std': 0.0, 'R2 - mean': 0.9234709306342899, 'R2 - std': 0.0} 
 

Saved Losses
{'MSE - mean': 635.6632847778865, 'MSE - std': 22.532637487812792, 'R2 - mean': 0.9216116107944721, 'R2 - std': 0.0018593198398178523} 
 

Saved Losses
{'MSE - mean': 603.9791087404204, 'MSE - std': 48.438144649828665, 'R2 - mean': 0.9283819002000673, 'R2 - std': 0.009694243177380539} 
 

Saved Losses
{'MSE - mean': 616.8715432299576, 'MSE - std': 47.521942237658166, 'R2 - mean': 0.9265540890793547, 'R2 - std': 0.008972538301152234} 
 

Saved Losses
{'MSE - mean': 619.1216496843988, 'MSE - std': 42.74248368376276, 'R2 - mean': 0.9254969907411743, 'R2 - std': 0.008299095278333031} 
 

Saving model.....
Results After CV: {'MSE - mean': 619.1216496843988, 'MSE - std': 42.74248368376276, 'R2 - mean': 0.9254969907411743, 'R2 - std': 0.008299095278333031}
Train time: 0.9735364905999859
Inference time: 0.03228723739998714
Finished cross validation
Hyperparam was saved!!! Hurrah!!!
Trial 195 finished with value: 619.1216496843988 and parameters: {'max_depth': 11, 'n_estimators': 77}. Best is trial 133 with value: 607.7927640565291.
Saved Losses
{'MSE - mean': 663.3257040017203, 'MSE - std': 0.0, 'R2 - mean': 0.9228744860058341, 'R2 - std': 0.0} 
 

Saved Losses
{'MSE - mean': 631.6047932840243, 'MSE - std': 31.720910717695972, 'R2 - mean': 0.9221802694019869, 'R2 - std': 0.0006942166038471087} 
 

Saved Losses
{'MSE - mean': 603.3243861562419, 'MSE - std': 47.648437950608034, 'R2 - mean': 0.928540674734887, 'R2 - std': 0.009012813274792286} 
 

Saved Losses
{'MSE - mean': 613.3573609836355, 'MSE - std': 44.774568462588775, 'R2 - mean': 0.9270371618986947, 'R2 - std': 0.008228289912885267} 
 

Saved Losses
{'MSE - mean': 619.2908149712002, 'MSE - std': 41.76880522230709, 'R2 - mean': 0.925509859487085, 'R2 - std': 0.007968338254518733} 
 

Saving model.....
Results After CV: {'MSE - mean': 619.2908149712002, 'MSE - std': 41.76880522230709, 'R2 - mean': 0.925509859487085, 'R2 - std': 0.007968338254518733}
Train time: 1.0589308038000127
Inference time: 0.036955743000044096
Finished cross validation
Hyperparam was saved!!! Hurrah!!!
Trial 196 finished with value: 619.2908149712002 and parameters: {'max_depth': 10, 'n_estimators': 91}. Best is trial 133 with value: 607.7927640565291.
Saved Losses
{'MSE - mean': 653.1904149241034, 'MSE - std': 0.0, 'R2 - mean': 0.9240529257600527, 'R2 - std': 0.0} 
 

Saved Losses
{'MSE - mean': 628.4883431921917, 'MSE - std': 24.702071731911644, 'R2 - mean': 0.9225141132267592, 'R2 - std': 0.0015388125332934655} 
 

Saved Losses
{'MSE - mean': 595.4664098975604, 'MSE - std': 50.86935281282658, 'R2 - mean': 0.9293842163900791, 'R2 - std': 0.009796696600949902} 
 

Saved Losses
{'MSE - mean': 604.6142789343168, 'MSE - std': 46.816864647665206, 'R2 - mean': 0.9280129154534018, 'R2 - std': 0.008810382908539994} 
 

Saved Losses
{'MSE - mean': 611.9679014777164, 'MSE - std': 44.38195703654156, 'R2 - mean': 0.9263316313348404, 'R2 - std': 0.008567680126229063} 
 

Saving model.....
Results After CV: {'MSE - mean': 611.9679014777164, 'MSE - std': 44.38195703654156, 'R2 - mean': 0.9263316313348404, 'R2 - std': 0.008567680126229063}
Train time: 1.076794913599997
Inference time: 0.032169422999982086
Finished cross validation
Hyperparam was saved!!! Hurrah!!!
Trial 197 finished with value: 611.9679014777164 and parameters: {'max_depth': 12, 'n_estimators': 84}. Best is trial 133 with value: 607.7927640565291.
Saved Losses
{'MSE - mean': 656.8756393000697, 'MSE - std': 0.0, 'R2 - mean': 0.9236244411973928, 'R2 - std': 0.0} 
 

Saved Losses
{'MSE - mean': 634.2847296532974, 'MSE - std': 22.590909646772275, 'R2 - mean': 0.9217823934242797, 'R2 - std': 0.0018420477731131424} 
 

Saved Losses
{'MSE - mean': 600.1807271866686, 'MSE - std': 51.63718396272279, 'R2 - mean': 0.9288050817404874, 'R2 - std': 0.010044819346582936} 
 

Saved Losses
{'MSE - mean': 619.1277695280888, 'MSE - std': 55.468642638546434, 'R2 - mean': 0.926256821897509, 'R2 - std': 0.009754726108975263} 
 

Saved Losses
{'MSE - mean': 625.1421521999835, 'MSE - std': 51.05004846840172, 'R2 - mean': 0.9247307862073877, 'R2 - std': 0.009243315686429615} 
 

Saving model.....
Results After CV: {'MSE - mean': 625.1421521999835, 'MSE - std': 51.05004846840172, 'R2 - mean': 0.9247307862073877, 'R2 - std': 0.009243315686429615}
Train time: 0.8319508331999714
Inference time: 0.02875104160002593
Finished cross validation
Hyperparam was saved!!! Hurrah!!!
Trial 198 finished with value: 625.1421521999835 and parameters: {'max_depth': 12, 'n_estimators': 64}. Best is trial 133 with value: 607.7927640565291.
Saved Losses
{'MSE - mean': 695.0995300722625, 'MSE - std': 0.0, 'R2 - mean': 0.9191801128608347, 'R2 - std': 0.0} 
 

Saved Losses
{'MSE - mean': 659.0768522950365, 'MSE - std': 36.02267777722602, 'R2 - mean': 0.9188167968183114, 'R2 - std': 0.0003633160425232096} 
 

Saved Losses
{'MSE - mean': 617.4221581800851, 'MSE - std': 65.84311626724202, 'R2 - mean': 0.9267513826145798, 'R2 - std': 0.011225119266531568} 
 

Saved Losses
{'MSE - mean': 630.3425094718442, 'MSE - std': 61.25596625916157, 'R2 - mean': 0.9249231973896619, 'R2 - std': 0.01022395523076648} 
 

Saved Losses
{'MSE - mean': 642.1336086614931, 'MSE - std': 59.64859430259346, 'R2 - mean': 0.9226586688899406, 'R2 - std': 0.010204693319878529} 
 

Saving model.....
Results After CV: {'MSE - mean': 642.1336086614931, 'MSE - std': 59.64859430259346, 'R2 - mean': 0.9226586688899406, 'R2 - std': 0.010204693319878529}
Train time: 0.5454371555999842
Inference time: 0.030031773399991836
Finished cross validation
Hyperparam was saved!!! Hurrah!!!
Trial 199 finished with value: 642.1336086614931 and parameters: {'max_depth': 6, 'n_estimators': 82}. Best is trial 133 with value: 607.7927640565291.
Best parameters: {'max_depth': 12, 'n_estimators': 92}
Saved Losses
{'MSE - mean': 645.4725028180666, 'MSE - std': 0.0, 'R2 - mean': 0.9249502947818603, 'R2 - std': 0.0} 
 

Saved Losses
{'MSE - mean': 619.2188170252789, 'MSE - std': 26.253685792787678, 'R2 - mean': 0.9236709434781969, 'R2 - std': 0.0012793513036634119} 
 

Saved Losses
{'MSE - mean': 593.1840305515892, 'MSE - std': 42.604274729955435, 'R2 - mean': 0.9297367512161424, 'R2 - std': 0.008641713190463479} 
 

Saved Losses
{'MSE - mean': 607.2503800717225, 'MSE - std': 44.21458736001963, 'R2 - mean': 0.9277538227633677, 'R2 - std': 0.008234404708061438} 
 

Saved Losses
{'MSE - mean': 612.2365749088173, 'MSE - std': 40.784707233806756, 'R2 - mean': 0.9263550163517149, 'R2 - std': 0.007878513452805724} 
 

Saving model.....
Results After CV: {'MSE - mean': 612.2365749088173, 'MSE - std': 40.784707233806756, 'R2 - mean': 0.9263550163517149, 'R2 - std': 0.007878513452805724}
Train time: 0.9168606150000415
Inference time: 0.037948575399991566
Finished cross validation


----------------------------------------------------------------------------
Training RandomForest Vesion 1 with Dataset: config/black_friday.yml 



----------------------------------------------------------------------------
 Panda Version: 2.0.3
Namespace(batch_size=128, cat_dims=None, cat_idx=None, config='config/black_friday.yml', data_parallel=False, dataset='Black_Friday', direction='minimize', dropna_idx=None, early_stopping_rounds=20, epochs=100, gpu_ids=[0, 1], logging_period=100, miss_cat_idx=None, miss_num_idx=None, model_name='RandomForest', n_trials=200, nominal_idx=[0, 2, 3, 5, 6, 7, 8], num_classes=1, num_features=9, num_idx=None, num_splits=5, objective='regression', one_hot_encode=True, optimize_hyperparameters=True, ordinal_encode=True, ordinal_idx=[1], scale=True, seed=221, shuffle=True, target_encode=False, use_gpu=True, val_batch_size=256)
Start hyperparameter optimization
 Panda Version: 2.0.3
Loading dataset Black_Friday...
Dataset loaded! 

X b4 encoding : ['F' '0-17' 10 'A' 2 0 1 6 14] 

(166821, 9)
Data Type of X: <class 'numpy.ndarray'>
Nominal Idx: [0, 2, 3, 5, 6, 7, 8]
Ordinal Idx: [1]
Cat Dims: None 
 

Normonal Idx: [0, 2, 3, 5, 6, 7, 8]
Cat Idx Part II: [0, 1, 2, 3, 5, 6, 7, 8] 
ENDE 
 

X after Nominal Encoding: ['F' '0-17' 10 'A' 2 0 1 6 14] 
 

Scaling the data...
X after Scaling: ['F' '0-17' 10 'A' 0.1076520112629123 0 1 6 14] 
 

Ordinal Idx: [0]
One Hot Encoding...
X after One Hot Encoding: ['0-17' 1.0 0.0 0.0 0.0 0.0 0.0 0.0 0.0 0.0 0.0 0.0 0.0 1.0 0.0 0.0 0.0
 0.0 0.0 0.0 0.0 0.0 0.0 0.0 1.0 0.0 0.0 1.0 0.0 1.0 0.0 0.0 0.0 0.0 0.0
 0.0 0.0 0.0 0.0 0.0 0.0 0.0 0.0 0.0 0.0 1.0 0.0 0.0 0.0 0.0 0.0 0.0 0.0
 0.0 0.0 0.0 0.0 0.0 0.0 0.0 0.0 0.0 0.0 0.0 0.0 1.0 0.0 0.0 0.0 0.0
 0.1076520112629123] 
 

args.num_features: 71
args.cat_idx: [0]
Cat Dims: [8]
New Shape: (166821, 71)
True 
 

A new study created in RDB with name: RandomForest_Black_Friday
Saved Losses
{'MSE - mean': 12864578.561482899, 'MSE - std': 0.0, 'R2 - mean': 0.49640367031946064, 'R2 - std': 0.0} 
 

Saved Losses
{'MSE - mean': 12972161.939793393, 'MSE - std': 107583.37831049412, 'R2 - mean': 0.4951849605094073, 'R2 - std': 0.0012187098100533422} 
 

Saved Losses
{'MSE - mean': 13026268.119026473, 'MSE - std': 116494.97609283403, 'R2 - mean': 0.4937698809265137, 'R2 - std': 0.0022349652165655474} 
 

Saved Losses
{'MSE - mean': 13025729.137440218, 'MSE - std': 100891.92779704151, 'R2 - mean': 0.49445731887666233, 'R2 - std': 0.0022724469070491177} 
 

Saved Losses
{'MSE - mean': 13035608.231984437, 'MSE - std': 92378.19500151125, 'R2 - mean': 0.4952968385339859, 'R2 - std': 0.002636358279220816} 
 

Saving model.....
Results After CV: {'MSE - mean': 13035608.231984437, 'MSE - std': 92378.19500151125, 'R2 - mean': 0.4952968385339859, 'R2 - std': 0.002636358279220816}
Train time: 31.2444892762
Inference time: 0.23042269860000458
Finished cross validation
Hyperparam was saved!!! Hurrah!!!
