

----------------------------------------------------------------------------
Training RandomForest Vesion 1 with Dataset: config/boston.yml 



----------------------------------------------------------------------------
 Panda Version: 2.0.3
Namespace(batch_size=128, cat_dims=None, cat_idx=None, config='config/boston.yml', data_parallel=False, dataset='Boston', direction='minimize', dropna_idx=None, early_stopping_rounds=20, epochs=100, gpu_ids=[0, 1], logging_period=100, miss_cat_idx=None, miss_num_idx=None, model_name='RandomForest', n_trials=200, nominal_idx=[3], num_classes=1, num_features=13, num_idx=None, num_splits=5, objective='regression', one_hot_encode=True, optimize_hyperparameters=True, ordinal_encode=False, ordinal_idx=None, scale=True, seed=221, shuffle=True, target_encode=False, use_gpu=True, val_batch_size=256)
Start hyperparameter optimization
 Panda Version: 2.0.3
Loading dataset Boston...
Dataset loaded! 

X b4 encoding : [6.320e-03 1.800e+01 2.310e+00 0.000e+00 5.380e-01 6.575e+00 6.520e+01
 4.090e+00 1.000e+00 2.960e+02 1.530e+01 3.969e+02 4.980e+00] 

(506, 13)
Data Type of X: <class 'numpy.ndarray'>
Nominal Idx: [3]
Ordinal Idx: None
Cat Dims: None 
 

Normonal Idx: [3]
Cat Idx Part II: [3] 
ENDE 
 

X after Nominal Encoding: [6.320e-03 1.800e+01 2.310e+00 0.000e+00 5.380e-01 6.575e+00 6.520e+01
 4.090e+00 1.000e+00 2.960e+02 1.530e+01 3.969e+02 4.980e+00] 
 

Scaling the data...
X after Scaling: [-0.41978194  0.28482986 -1.2879095   0.         -0.14421743  0.41367189
 -0.12001342  0.1402136  -0.98284286 -0.66660821 -1.45900038  0.44105193
 -1.0755623 ] 
 

One Hot Encoding...
X after One Hot Encoding: [ 1.          0.         -0.41978194  0.28482986 -1.2879095  -0.14421743
  0.41367189 -0.12001342  0.1402136  -0.98284286 -0.66660821 -1.45900038
  0.44105193 -1.0755623 ] 
 

args.num_features: 14
args.cat_idx: None
Cat Dims: []
New Shape: (506, 14)
False 
 

A new study created in RDB with name: RandomForest_Boston
Saved Losses
{'MSE - mean': 12.789351322209543, 'MSE - std': 0.0, 'R2 - mean': 0.828717760016935, 'R2 - std': 0.0} 
 

Saved Losses
{'MSE - mean': 11.963979999730416, 'MSE - std': 0.8253713224791257, 'R2 - mean': 0.8452094395683487, 'R2 - std': 0.016491679551413785} 
 

Saved Losses
{'MSE - mean': 11.336888586351611, 'MSE - std': 1.1138428202013735, 'R2 - mean': 0.8615891719242553, 'R2 - std': 0.026793810113281965} 
 

Saved Losses
{'MSE - mean': 10.918357345226658, 'MSE - std': 1.2066439286211943, 'R2 - mean': 0.8641771292491818, 'R2 - std': 0.023633107384279334} 
 

Saved Losses
{'MSE - mean': 11.39339247533062, 'MSE - std': 1.4378543583111134, 'R2 - mean': 0.862213635671397, 'R2 - std': 0.021499773018092833} 
 

Saving model.....
Results After CV: {'MSE - mean': 11.39339247533062, 'MSE - std': 1.4378543583111134, 'R2 - mean': 0.862213635671397, 'R2 - std': 0.021499773018092833}
Train time: 0.5254921465999998
Inference time: 0.030498333000000065
Finished cross validation
Hyperparam was saved!!! Hurrah!!!
Trial 0 finished with value: 11.39339247533062 and parameters: {'max_depth': 7, 'n_estimators': 99}. Best is trial 0 with value: 11.39339247533062.
Saved Losses
{'MSE - mean': 15.78793011675272, 'MSE - std': 0.0, 'R2 - mean': 0.7885590936580581, 'R2 - std': 0.0} 
 

Saved Losses
{'MSE - mean': 13.659455773367824, 'MSE - std': 2.128474343384897, 'R2 - mean': 0.8226942226011305, 'R2 - std': 0.0341351289430723} 
 

Saved Losses
{'MSE - mean': 12.860468880047362, 'MSE - std': 2.072927591200655, 'R2 - mean': 0.8424582302575754, 'R2 - std': 0.03947197338105629} 
 

Saved Losses
{'MSE - mean': 12.520578478670352, 'MSE - std': 1.889271831583636, 'R2 - mean': 0.8437387699906325, 'R2 - std': 0.03425561060570846} 
 

Saved Losses
{'MSE - mean': 12.923392299318795, 'MSE - std': 1.87203481252724, 'R2 - mean': 0.8431434853696628, 'R2 - std': 0.030662272282004698} 
 

Saving model.....
Results After CV: {'MSE - mean': 12.923392299318795, 'MSE - std': 1.87203481252724, 'R2 - mean': 0.8431434853696628, 'R2 - std': 0.030662272282004698}
Train time: 0.056919975000000275
Inference time: 0.006592547399999838
Finished cross validation
Hyperparam was saved!!! Hurrah!!!
Trial 1 finished with value: 12.923392299318795 and parameters: {'max_depth': 9, 'n_estimators': 7}. Best is trial 0 with value: 11.39339247533062.
Saved Losses
{'MSE - mean': 12.322078400353071, 'MSE - std': 0.0, 'R2 - mean': 0.8349757437662766, 'R2 - std': 0.0} 
 

Saved Losses
{'MSE - mean': 12.087720367238145, 'MSE - std': 0.2343580331149262, 'R2 - mean': 0.8439011792818799, 'R2 - std': 0.00892543551560332} 
 

Saved Losses
{'MSE - mean': 11.901571368617745, 'MSE - std': 0.3254515189165461, 'R2 - mean': 0.8556643916881134, 'R2 - std': 0.018161917987659232} 
 

Saved Losses
{'MSE - mean': 11.351848538813629, 'MSE - std': 0.9929877074754503, 'R2 - mean': 0.8596012926286283, 'R2 - std': 0.017143191528683575} 
 

Saved Losses
{'MSE - mean': 11.50398983248085, 'MSE - std': 0.9388330856509174, 'R2 - mean': 0.8611406612223712, 'R2 - std': 0.015639368123454043} 
 

Saving model.....
Results After CV: {'MSE - mean': 11.50398983248085, 'MSE - std': 0.9388330856509174, 'R2 - mean': 0.8611406612223712, 'R2 - std': 0.015639368123454043}
Train time: 0.15251138560000008
Inference time: 0.009538320800000121
Finished cross validation
Hyperparam was saved!!! Hurrah!!!
Trial 2 finished with value: 11.50398983248085 and parameters: {'max_depth': 10, 'n_estimators': 22}. Best is trial 0 with value: 11.39339247533062.
Saved Losses
{'MSE - mean': 19.6351399905008, 'MSE - std': 0.0, 'R2 - mean': 0.7370350790103245, 'R2 - std': 0.0} 
 

Saved Losses
{'MSE - mean': 17.97560807721674, 'MSE - std': 1.6595319132840611, 'R2 - mean': 0.7672259357145959, 'R2 - std': 0.030190856704271296} 
 

Saved Losses
{'MSE - mean': 18.22289553371702, 'MSE - std': 1.3994044994533419, 'R2 - mean': 0.7794404522026652, 'R2 - std': 0.03010062089780209} 
 

Saved Losses
{'MSE - mean': 17.306426513458153, 'MSE - std': 1.997121956741857, 'R2 - mean': 0.7863498998794797, 'R2 - std': 0.02868373991342149} 
 

Saved Losses
{'MSE - mean': 17.791672893758665, 'MSE - std': 2.032892787743452, 'R2 - mean': 0.7858427901693468, 'R2 - std': 0.025675556262116137} 
 

Saving model.....
Results After CV: {'MSE - mean': 17.791672893758665, 'MSE - std': 2.032892787743452, 'R2 - mean': 0.7858427901693468, 'R2 - std': 0.025675556262116137}
Train time: 0.09227727619999956
Inference time: 0.010502697000000083
Finished cross validation
Hyperparam was saved!!! Hurrah!!!
Trial 3 finished with value: 17.791672893758665 and parameters: {'max_depth': 3, 'n_estimators': 21}. Best is trial 0 with value: 11.39339247533062.
Saved Losses
{'MSE - mean': 14.797143989805868, 'MSE - std': 0.0, 'R2 - mean': 0.8018282628983229, 'R2 - std': 0.0} 
 

Saved Losses
{'MSE - mean': 13.071505238147143, 'MSE - std': 1.7256387516587246, 'R2 - mean': 0.8304780167078921, 'R2 - std': 0.028649753809569245} 
 

Saved Losses
{'MSE - mean': 12.268133012854014, 'MSE - std': 1.8099815649786022, 'R2 - mean': 0.8497469859131183, 'R2 - std': 0.03591367349673183} 
 

Saved Losses
{'MSE - mean': 12.30757098206327, 'MSE - std': 1.5689776956406498, 'R2 - mean': 0.846140693118875, 'R2 - std': 0.031723177665168203} 
 

Saved Losses
{'MSE - mean': 12.4554298314944, 'MSE - std': 1.4341554186888759, 'R2 - mean': 0.8483249717843411, 'R2 - std': 0.02870840110654549} 
 

Saving model.....
Results After CV: {'MSE - mean': 12.4554298314944, 'MSE - std': 1.4341554186888759, 'R2 - mean': 0.8483249717843411, 'R2 - std': 0.02870840110654549}
Train time: 0.20615415440000043
Inference time: 0.015482151199999804
Finished cross validation
Hyperparam was saved!!! Hurrah!!!
Trial 4 finished with value: 12.4554298314944 and parameters: {'max_depth': 7, 'n_estimators': 35}. Best is trial 0 with value: 11.39339247533062.
Saved Losses
{'MSE - mean': 17.523897694561747, 'MSE - std': 0.0, 'R2 - mean': 0.7653100321713543, 'R2 - std': 0.0} 
 

Saved Losses
{'MSE - mean': 15.025952604755034, 'MSE - std': 2.497945089806713, 'R2 - mean': 0.8048800681913717, 'R2 - std': 0.03957003602001735} 
 

Saved Losses
{'MSE - mean': 14.94380025065322, 'MSE - std': 2.042869990894, 'R2 - mean': 0.8182978621858493, 'R2 - std': 0.0374690924866544} 
 

Saved Losses
{'MSE - mean': 13.85588203215572, 'MSE - std': 2.584702400700662, 'R2 - mean': 0.8286294711371553, 'R2 - std': 0.03705639080372255} 
 

Saved Losses
{'MSE - mean': 14.368252956606018, 'MSE - std': 2.5287635431250637, 'R2 - mean': 0.826929923753546, 'R2 - std': 0.03331808404988356} 
 

Saving model.....
Results After CV: {'MSE - mean': 14.368252956606018, 'MSE - std': 2.5287635431250637, 'R2 - mean': 0.826929923753546, 'R2 - std': 0.03331808404988356}
Train time: 0.0936627331999997
Inference time: 0.010994239800000116
Finished cross validation
Hyperparam was saved!!! Hurrah!!!
Trial 5 finished with value: 14.368252956606018 and parameters: {'max_depth': 4, 'n_estimators': 21}. Best is trial 0 with value: 11.39339247533062.
Saved Losses
{'MSE - mean': 12.04564128443829, 'MSE - std': 0.0, 'R2 - mean': 0.8386779462654853, 'R2 - std': 0.0} 
 

Saved Losses
{'MSE - mean': 11.659617670934477, 'MSE - std': 0.386023613503812, 'R2 - mean': 0.8493515318455286, 'R2 - std': 0.010673585580043277} 
 

Saved Losses
{'MSE - mean': 10.848551699128334, 'MSE - std': 1.1895372383264766, 'R2 - mean': 0.8673414234603243, 'R2 - std': 0.026892799904693263} 
 

Saved Losses
{'MSE - mean': 10.553440546275247, 'MSE - std': 1.1500090906766218, 'R2 - mean': 0.8684736138851946, 'R2 - std': 0.023372260919943252} 
 

Saved Losses
{'MSE - mean': 11.07998231098896, 'MSE - std': 1.472073927105028, 'R2 - mean': 0.8658861165508915, 'R2 - std': 0.021535798899228915} 
 

Saving model.....
Results After CV: {'MSE - mean': 11.07998231098896, 'MSE - std': 1.472073927105028, 'R2 - mean': 0.8658861165508915, 'R2 - std': 0.021535798899228915}
Train time: 0.46434754179999976
Inference time: 0.0255273098
Finished cross validation
Hyperparam was saved!!! Hurrah!!!
Trial 6 finished with value: 11.07998231098896 and parameters: {'max_depth': 9, 'n_estimators': 75}. Best is trial 6 with value: 11.07998231098896.
Saved Losses
{'MSE - mean': 12.234270143261778, 'MSE - std': 0.0, 'R2 - mean': 0.8361517217017242, 'R2 - std': 0.0} 
 

Saved Losses
{'MSE - mean': 11.423619590217669, 'MSE - std': 0.8106505530441082, 'R2 - mean': 0.8521896364943423, 'R2 - std': 0.01603791479261807} 
 

Saved Losses
{'MSE - mean': 11.283316231041129, 'MSE - std': 0.6909941711955713, 'R2 - mean': 0.8630292249457988, 'R2 - std': 0.02016109693256003} 
 

Saved Losses
{'MSE - mean': 11.00203801741933, 'MSE - std': 0.7716586090004455, 'R2 - mean': 0.8636156738535017, 'R2 - std': 0.01748954370780149} 
 

Saved Losses
{'MSE - mean': 11.614315668930871, 'MSE - std': 1.4056675628460495, 'R2 - mean': 0.8600775230027559, 'R2 - std': 0.01716919791534277} 
 

Saving model.....
Results After CV: {'MSE - mean': 11.614315668930871, 'MSE - std': 1.4056675628460495, 'R2 - mean': 0.8600775230027559, 'R2 - std': 0.01716919791534277}
Train time: 0.1264522148000001
Inference time: 0.00986675780000006
Finished cross validation
Hyperparam was saved!!! Hurrah!!!
Trial 7 finished with value: 11.614315668930871 and parameters: {'max_depth': 7, 'n_estimators': 21}. Best is trial 6 with value: 11.07998231098896.
Saved Losses
{'MSE - mean': 28.098413078018837, 'MSE - std': 0.0, 'R2 - mean': 0.6236901301151339, 'R2 - std': 0.0} 
 

Saved Losses
{'MSE - mean': 24.136978875567618, 'MSE - std': 3.961434202451219, 'R2 - mean': 0.6865935488991866, 'R2 - std': 0.06290341878405264} 
 

Saved Losses
{'MSE - mean': 24.136862880764678, 'MSE - std': 3.2344974860313527, 'R2 - mean': 0.7067573516021405, 'R2 - std': 0.058745648990955746} 
 

Saved Losses
{'MSE - mean': 24.769322194258798, 'MSE - std': 3.0077391575789485, 'R2 - mean': 0.6917156785530669, 'R2 - std': 0.05715806365572678} 
 

Saved Losses
{'MSE - mean': 24.911366683074377, 'MSE - std': 2.7051621798403316, 'R2 - mean': 0.6975431480427241, 'R2 - std': 0.05243541737517911} 
 

Saving model.....
Results After CV: {'MSE - mean': 24.911366683074377, 'MSE - std': 2.7051621798403316, 'R2 - mean': 0.6975431480427241, 'R2 - std': 0.05243541737517911}
Train time: 0.1617536072
Inference time: 0.014350933399999733
Finished cross validation
Hyperparam was saved!!! Hurrah!!!
Trial 8 finished with value: 24.911366683074377 and parameters: {'max_depth': 2, 'n_estimators': 48}. Best is trial 6 with value: 11.07998231098896.
Saved Losses
{'MSE - mean': 28.829190059649587, 'MSE - std': 0.0, 'R2 - mean': 0.6139031506829233, 'R2 - std': 0.0} 
 

Saved Losses
{'MSE - mean': 25.116250803611134, 'MSE - std': 3.712939256038453, 'R2 - mean': 0.6740779768548855, 'R2 - std': 0.060174826171962126} 
 

Saved Losses
{'MSE - mean': 23.994747596667718, 'MSE - std': 3.421425263306165, 'R2 - mean': 0.7067436379714765, 'R2 - std': 0.06743958260733715} 
 

Saved Losses
{'MSE - mean': 23.928669948455806, 'MSE - std': 2.965250729883039, 'R2 - mean': 0.7014338450288774, 'R2 - std': 0.05912406176818975} 
 

Saved Losses
{'MSE - mean': 23.92747419984446, 'MSE - std': 2.652201959149507, 'R2 - mean': 0.7087289739362733, 'R2 - std': 0.05485799273649252} 
 

Saving model.....
Results After CV: {'MSE - mean': 23.92747419984446, 'MSE - std': 2.652201959149507, 'R2 - mean': 0.7087289739362733, 'R2 - std': 0.05485799273649252}
Train time: 0.040647044200000336
Inference time: 0.007308634600000019
Finished cross validation
Hyperparam was saved!!! Hurrah!!!
Trial 9 finished with value: 23.92747419984446 and parameters: {'max_depth': 2, 'n_estimators': 9}. Best is trial 6 with value: 11.07998231098896.
Saved Losses
{'MSE - mean': 12.943457748369347, 'MSE - std': 0.0, 'R2 - mean': 0.8266538794335158, 'R2 - std': 0.0} 
 

Saved Losses
{'MSE - mean': 11.525586864740662, 'MSE - std': 1.4178708836286855, 'R2 - mean': 0.8505773697772905, 'R2 - std': 0.023923490343774723} 
 

Saved Losses
{'MSE - mean': 11.310330758356379, 'MSE - std': 1.1970417471553654, 'R2 - mean': 0.8623836170413859, 'R2 - std': 0.02569689752494862} 
 

Saved Losses
{'MSE - mean': 10.723691911125314, 'MSE - std': 1.4515912370796233, 'R2 - mean': 0.8670888568433109, 'R2 - std': 0.023699488424576646} 
 

Saved Losses
{'MSE - mean': 11.176890031532718, 'MSE - std': 1.5834291398784786, 'R2 - mean': 0.8652087984265776, 'R2 - std': 0.021528378477503444} 
 

Saving model.....
Results After CV: {'MSE - mean': 11.176890031532718, 'MSE - std': 1.5834291398784786, 'R2 - mean': 0.8652087984265776, 'R2 - std': 0.021528378477503444}
Train time: 0.6488410646000009
Inference time: 0.028744699800000006
Finished cross validation
Hyperparam was saved!!! Hurrah!!!
Trial 10 finished with value: 11.176890031532718 and parameters: {'max_depth': 12, 'n_estimators': 91}. Best is trial 6 with value: 11.07998231098896.
Saved Losses
{'MSE - mean': 12.03260563692614, 'MSE - std': 0.0, 'R2 - mean': 0.8388525270436076, 'R2 - std': 0.0} 
 

Saved Losses
{'MSE - mean': 11.391752277162727, 'MSE - std': 0.6408533597634127, 'R2 - mean': 0.8526837586087129, 'R2 - std': 0.01383123156510535} 
 

Saved Losses
{'MSE - mean': 10.825543582050436, 'MSE - std': 0.9565458302253815, 'R2 - mean': 0.867932784321007, 'R2 - std': 0.024343395026580093} 
 

Saved Losses
{'MSE - mean': 10.484286641565085, 'MSE - std': 1.0176462264851378, 'R2 - mean': 0.8696049276643469, 'R2 - std': 0.02128001060025867} 
 

Saved Losses
{'MSE - mean': 11.034992394024691, 'MSE - std': 1.4288423205490373, 'R2 - mean': 0.8666779597656774, 'R2 - std': 0.01991330322264658} 
 

Saving model.....
Results After CV: {'MSE - mean': 11.034992394024691, 'MSE - std': 1.4288423205490373, 'R2 - mean': 0.8666779597656774, 'R2 - std': 0.01991330322264658}
Train time: 0.6693316024000004
Inference time: 0.02912687860000034
Finished cross validation
Hyperparam was saved!!! Hurrah!!!
Trial 11 finished with value: 11.034992394024691 and parameters: {'max_depth': 12, 'n_estimators': 94}. Best is trial 11 with value: 11.034992394024691.
Saved Losses
{'MSE - mean': 12.871560114862913, 'MSE - std': 0.0, 'R2 - mean': 0.8276167732821723, 'R2 - std': 0.0} 
 

Saved Losses
{'MSE - mean': 12.86631186572007, 'MSE - std': 0.005248249142843164, 'R2 - mean': 0.833965797829487, 'R2 - std': 0.00634902454731473} 
 

Saved Losses
{'MSE - mean': 12.074905565248981, 'MSE - std': 1.1192257268293624, 'R2 - mean': 0.8526634931300413, 'R2 - std': 0.026945890736307283} 
 

Saved Losses
{'MSE - mean': 11.585230879220955, 'MSE - std': 1.2879610107093595, 'R2 - mean': 0.8559805183322747, 'R2 - std': 0.024032659845645746} 
 

Saved Losses
{'MSE - mean': 12.244378991831493, 'MSE - std': 1.7507083679237152, 'R2 - mean': 0.8521780380038063, 'R2 - std': 0.02280110563106031} 
 

Saving model.....
Results After CV: {'MSE - mean': 12.244378991831493, 'MSE - std': 1.7507083679237152, 'R2 - mean': 0.8521780380038063, 'R2 - std': 0.02280110563106031}
Train time: 0.28953893640000034
Inference time: 0.020367677599999467
Finished cross validation
Hyperparam was saved!!! Hurrah!!!
Trial 12 finished with value: 12.244378991831493 and parameters: {'max_depth': 5, 'n_estimators': 61}. Best is trial 11 with value: 11.034992394024691.
Saved Losses
{'MSE - mean': 12.903096335854562, 'MSE - std': 0.0, 'R2 - mean': 0.8271944223406769, 'R2 - std': 0.0} 
 

Saved Losses
{'MSE - mean': 11.677610888702642, 'MSE - std': 1.2254854471519199, 'R2 - mean': 0.8487095176858486, 'R2 - std': 0.02151509534517171} 
 

Saved Losses
{'MSE - mean': 11.00481290499152, 'MSE - std': 1.380769341548011, 'R2 - mean': 0.8654017294445172, 'R2 - std': 0.029425489266966486} 
 

Saved Losses
{'MSE - mean': 10.925242341935295, 'MSE - std': 1.2036973890619063, 'R2 - mean': 0.8636445938528561, 'R2 - std': 0.02566431648052833} 
 

Saved Losses
{'MSE - mean': 11.316565296779178, 'MSE - std': 1.3310313833634986, 'R2 - mean': 0.8626896491897572, 'R2 - std': 0.023034178725721867} 
 

Saving model.....
Results After CV: {'MSE - mean': 11.316565296779178, 'MSE - std': 1.3310313833634986, 'R2 - mean': 0.8626896491897572, 'R2 - std': 0.023034178725721867}
Train time: 0.34157276839999967
Inference time: 0.01770501539999998
Finished cross validation
Hyperparam was saved!!! Hurrah!!!
Trial 13 finished with value: 11.316565296779178 and parameters: {'max_depth': 12, 'n_estimators': 48}. Best is trial 11 with value: 11.034992394024691.
Saved Losses
{'MSE - mean': 15.214793243951922, 'MSE - std': 0.0, 'R2 - mean': 0.7962348674261721, 'R2 - std': 0.0} 
 

Saved Losses
{'MSE - mean': 13.092730234445092, 'MSE - std': 2.122063009506829, 'R2 - mean': 0.8300105882496509, 'R2 - std': 0.03377572082347885} 
 

Saved Losses
{'MSE - mean': 12.33182973183944, 'MSE - std': 2.0396176342497454, 'R2 - mean': 0.8489161929417768, 'R2 - std': 0.03841063206518366} 
 

Saved Losses
{'MSE - mean': 11.616661036244565, 'MSE - std': 2.1574125381886318, 'R2 - mean': 0.8553072344770857, 'R2 - std': 0.03505807649391673} 
 

Saved Losses
{'MSE - mean': 12.124352974011249, 'MSE - std': 2.180492490846958, 'R2 - mean': 0.8532298556011118, 'R2 - std': 0.03163094993736393} 
 

Saving model.....
Results After CV: {'MSE - mean': 12.124352974011249, 'MSE - std': 2.180492490846958, 'R2 - mean': 0.8532298556011118, 'R2 - std': 0.03163094993736393}
Train time: 0.3391053692
Inference time: 0.02427086340000102
Finished cross validation
Hyperparam was saved!!! Hurrah!!!
Trial 14 finished with value: 12.124352974011249 and parameters: {'max_depth': 5, 'n_estimators': 73}. Best is trial 11 with value: 11.034992394024691.
Saved Losses
{'MSE - mean': 12.129190645147409, 'MSE - std': 0.0, 'R2 - mean': 0.8375590058836881, 'R2 - std': 0.0} 
 

Saved Losses
{'MSE - mean': 11.647785604528822, 'MSE - std': 0.48140504061858636, 'R2 - mean': 0.8494576522413348, 'R2 - std': 0.011898646357646758} 
 

Saved Losses
{'MSE - mean': 11.397668573779859, 'MSE - std': 0.5287888049401299, 'R2 - mean': 0.8615756092050387, 'R2 - std': 0.019699618068495305} 
 

Saved Losses
{'MSE - mean': 11.022576485398737, 'MSE - std': 0.7948555997606361, 'R2 - mean': 0.8633898885795283, 'R2 - std': 0.01734736415077328} 
 

Saved Losses
{'MSE - mean': 11.315819261039554, 'MSE - std': 0.9216298831086105, 'R2 - mean': 0.8633471514977286, 'R2 - std': 0.015516189616535055} 
 

Saving model.....
Results After CV: {'MSE - mean': 11.315819261039554, 'MSE - std': 0.9216298831086105, 'R2 - mean': 0.8633471514977286, 'R2 - std': 0.015516189616535055}
Train time: 0.24178034260000061
Inference time: 0.014345106599999723
Finished cross validation
Hyperparam was saved!!! Hurrah!!!
Trial 15 finished with value: 11.315819261039554 and parameters: {'max_depth': 9, 'n_estimators': 37}. Best is trial 11 with value: 11.034992394024691.
Saved Losses
{'MSE - mean': 12.57348741019319, 'MSE - std': 0.0, 'R2 - mean': 0.8316087318457768, 'R2 - std': 0.0} 
 

Saved Losses
{'MSE - mean': 11.61347897945127, 'MSE - std': 0.9600084307419205, 'R2 - mean': 0.8496667047001647, 'R2 - std': 0.018057972854387982} 
 

Saved Losses
{'MSE - mean': 11.368408903776483, 'MSE - std': 0.8570469505106079, 'R2 - mean': 0.8617819201454017, 'R2 - std': 0.022604213758549964} 
 

Saved Losses
{'MSE - mean': 11.306458559875743, 'MSE - std': 0.7499404255425287, 'R2 - mean': 0.8594915497244133, 'R2 - std': 0.019973739002191834} 
 

Saved Losses
{'MSE - mean': 11.524698519962461, 'MSE - std': 0.80027697343166, 'R2 - mean': 0.8604281639112414, 'R2 - std': 0.01796299485948863} 
 

Saving model.....
Results After CV: {'MSE - mean': 11.524698519962461, 'MSE - std': 0.80027697343166, 'R2 - mean': 0.8604281639112414, 'R2 - std': 0.01796299485948863}
Train time: 0.3932661882000005
Inference time: 0.02205867839999911
Finished cross validation
Hyperparam was saved!!! Hurrah!!!
