Trial 152 finished with value: 0.584019947355514 and parameters: {'max_depth': 2, 'n_estimators': 69}. Best is trial 89 with value: 0.4782203882368445.
Saved Losses
{'MSE - mean': 0.4569800838377539, 'MSE - std': 0.0, 'R2 - mean': 0.16844734330155642, 'R2 - std': 0.0} 
 

Saved Losses
{'MSE - mean': 0.44934471371628104, 'MSE - std': 0.007635370121472834, 'R2 - mean': 0.2851449255397124, 'R2 - std': 0.11669758223815596} 
 

Saved Losses
{'MSE - mean': 0.4802305400678199, 'MSE - std': 0.04412181384261917, 'R2 - mean': 0.2611980090623592, 'R2 - std': 0.10112266520271691} 
 

Saved Losses
{'MSE - mean': 0.49120645809649666, 'MSE - std': 0.042678603213891046, 'R2 - mean': 0.2787735440203706, 'R2 - std': 0.09271484967607088} 
 

Saved Losses
{'MSE - mean': 0.49029168663811984, 'MSE - std': 0.0382167210146978, 'R2 - mean': 0.26150004626809725, 'R2 - std': 0.08983501310044044} 
 

Saving model.....
Results After CV: {'MSE - mean': 0.49029168663811984, 'MSE - std': 0.0382167210146978, 'R2 - mean': 0.26150004626809725, 'R2 - std': 0.08983501310044044}
Train time: 0.2678559473999883
Inference time: 0.020979762799993296
Finished cross validation
Hyperparam was saved!!! Hurrah!!!
Trial 153 finished with value: 0.49029168663811984 and parameters: {'max_depth': 7, 'n_estimators': 62}. Best is trial 89 with value: 0.4782203882368445.
Saved Losses
{'MSE - mean': 0.4477199135856936, 'MSE - std': 0.0, 'R2 - mean': 0.18529779137778946, 'R2 - std': 0.0} 
 

Saved Losses
{'MSE - mean': 0.453747844362183, 'MSE - std': 0.006027930776489443, 'R2 - mean': 0.2813374771854674, 'R2 - std': 0.09603968580767797} 
 

Saved Losses
{'MSE - mean': 0.49031943569810993, 'MSE - std': 0.0519536962302156, 'R2 - mean': 0.24827670960902895, 'R2 - std': 0.09129682107743348} 
 

Saved Losses
{'MSE - mean': 0.49978318424068213, 'MSE - std': 0.047886089038647266, 'R2 - mean': 0.26779430925832987, 'R2 - std': 0.08598919840506045} 
 

Saved Losses
{'MSE - mean': 0.5002696165323384, 'MSE - std': 0.04284166761730065, 'R2 - mean': 0.2475445715911591, 'R2 - std': 0.08692250166805382} 
 

Saving model.....
Results After CV: {'MSE - mean': 0.5002696165323384, 'MSE - std': 0.04284166761730065, 'R2 - mean': 0.2475445715911591, 'R2 - std': 0.08692250166805382}
Train time: 0.36737809999999627
Inference time: 0.02568011560000514
Finished cross validation
Hyperparam was saved!!! Hurrah!!!
Trial 154 finished with value: 0.5002696165323384 and parameters: {'max_depth': 8, 'n_estimators': 81}. Best is trial 89 with value: 0.4782203882368445.
Saved Losses
{'MSE - mean': 0.4595293190050648, 'MSE - std': 0.0, 'R2 - mean': 0.16380857817611816, 'R2 - std': 0.0} 
 

Saved Losses
{'MSE - mean': 0.4532910111047045, 'MSE - std': 0.006238307900360313, 'R2 - mean': 0.27920758624772274, 'R2 - std': 0.11539900807160458} 
 

Saved Losses
{'MSE - mean': 0.48222139927618834, 'MSE - std': 0.04122958941276599, 'R2 - mean': 0.25816872712611943, 'R2 - std': 0.09880901390502883} 
 

Saved Losses
{'MSE - mean': 0.49000400350740614, 'MSE - std': 0.038165639890066765, 'R2 - mean': 0.2799396476384702, 'R2 - std': 0.09351114832750379} 
 

Saved Losses
{'MSE - mean': 0.4946148152863296, 'MSE - std': 0.03536002256245384, 'R2 - mean': 0.2536620236631224, 'R2 - std': 0.09878016995521836} 
 

Saving model.....
Results After CV: {'MSE - mean': 0.4946148152863296, 'MSE - std': 0.03536002256245384, 'R2 - mean': 0.2536620236631224, 'R2 - std': 0.09878016995521836}
Train time: 0.32357337739999253
Inference time: 0.023949127600002385
Finished cross validation
Hyperparam was saved!!! Hurrah!!!
Trial 155 finished with value: 0.4946148152863296 and parameters: {'max_depth': 7, 'n_estimators': 76}. Best is trial 89 with value: 0.4782203882368445.
Saved Losses
{'MSE - mean': 0.4367349867293687, 'MSE - std': 0.0, 'R2 - mean': 0.20528672620029287, 'R2 - std': 0.0} 
 

Saved Losses
{'MSE - mean': 0.45327989963857884, 'MSE - std': 0.01654491290921012, 'R2 - mean': 0.28452780166534675, 'R2 - std': 0.07924107546505388} 
 

Saved Losses
{'MSE - mean': 0.4822703462938045, 'MSE - std': 0.04316690194259018, 'R2 - mean': 0.2616337407298956, 'R2 - std': 0.07234897888801109} 
 

Saved Losses
{'MSE - mean': 0.49455572318365515, 'MSE - std': 0.04301543354969155, 'R2 - mean': 0.27677980050333206, 'R2 - std': 0.06792636041762383} 
 

Saved Losses
{'MSE - mean': 0.4911287171940348, 'MSE - std': 0.03907991170647547, 'R2 - mean': 0.2629625863421764, 'R2 - std': 0.06674469252583988} 
 

Saving model.....
Results After CV: {'MSE - mean': 0.4911287171940348, 'MSE - std': 0.03907991170647547, 'R2 - mean': 0.2629625863421764, 'R2 - std': 0.06674469252583988}
Train time: 0.16222458240000606
Inference time: 0.014709313399998791
Finished cross validation
Hyperparam was saved!!! Hurrah!!!
Trial 156 finished with value: 0.4911287171940348 and parameters: {'max_depth': 6, 'n_estimators': 40}. Best is trial 89 with value: 0.4782203882368445.
Saved Losses
{'MSE - mean': 0.4431083703742541, 'MSE - std': 0.0, 'R2 - mean': 0.19368927526204915, 'R2 - std': 0.0} 
 

Saved Losses
{'MSE - mean': 0.44612943316968834, 'MSE - std': 0.0030210627954342373, 'R2 - mean': 0.2927275318999809, 'R2 - std': 0.09903825663793175} 
 

Saved Losses
{'MSE - mean': 0.4860413063349602, 'MSE - std': 0.05649778567399016, 'R2 - mean': 0.25470773170579536, 'R2 - std': 0.09710850253985041} 
 

Saved Losses
{'MSE - mean': 0.4959191148495683, 'MSE - std': 0.05183351370206242, 'R2 - mean': 0.273453589147207, 'R2 - std': 0.0901485854730416} 
 

Saved Losses
{'MSE - mean': 0.4980873895542162, 'MSE - std': 0.046563678709277016, 'R2 - mean': 0.2505634119444344, 'R2 - std': 0.09272138275354586} 
 

Saving model.....
Results After CV: {'MSE - mean': 0.4980873895542162, 'MSE - std': 0.046563678709277016, 'R2 - mean': 0.2505634119444344, 'R2 - std': 0.09272138275354586}
Train time: 0.20660589120000167
Inference time: 0.015088697599998114
Finished cross validation
Hyperparam was saved!!! Hurrah!!!
Trial 157 finished with value: 0.4980873895542162 and parameters: {'max_depth': 8, 'n_estimators': 47}. Best is trial 89 with value: 0.4782203882368445.
Saved Losses
{'MSE - mean': 0.4536718324697908, 'MSE - std': 0.0, 'R2 - mean': 0.1744672669510796, 'R2 - std': 0.0} 
 

Saved Losses
{'MSE - mean': 0.45529364680797124, 'MSE - std': 0.0016218143381804273, 'R2 - mean': 0.27785891641339283, 'R2 - std': 0.10339164946231322} 
 

Saved Losses
{'MSE - mean': 0.49687142730645134, 'MSE - std': 0.05881477011367643, 'R2 - mean': 0.23794348217412567, 'R2 - std': 0.10155313502485824} 
 

Saved Losses
{'MSE - mean': 0.5014624296475161, 'MSE - std': 0.05155205907750378, 'R2 - mean': 0.2641701043982155, 'R2 - std': 0.09898629483361916} 
 

Saved Losses
{'MSE - mean': 0.5056466180667369, 'MSE - std': 0.04686279512592607, 'R2 - mean': 0.23795121486982396, 'R2 - std': 0.10289970808665368} 
 

Saving model.....
Results After CV: {'MSE - mean': 0.5056466180667369, 'MSE - std': 0.04686279512592607, 'R2 - mean': 0.23795121486982396, 'R2 - std': 0.10289970808665368}
Train time: 0.4509341488000075
Inference time: 0.026949903199999882
Finished cross validation
Hyperparam was saved!!! Hurrah!!!
Trial 158 finished with value: 0.5056466180667369 and parameters: {'max_depth': 12, 'n_estimators': 91}. Best is trial 89 with value: 0.4782203882368445.
Saved Losses
{'MSE - mean': 0.4334754005827976, 'MSE - std': 0.0, 'R2 - mean': 0.21121809523755053, 'R2 - std': 0.0} 
 

Saved Losses
{'MSE - mean': 0.43058118390152095, 'MSE - std': 0.002894216681276651, 'R2 - mean': 0.3160247684109251, 'R2 - std': 0.10480667317337455} 
 

Saved Losses
{'MSE - mean': 0.471153621583027, 'MSE - std': 0.05742673354491067, 'R2 - mean': 0.2768030047244662, 'R2 - std': 0.10197868725604656} 
 

Saved Losses
{'MSE - mean': 0.48156648878177455, 'MSE - std': 0.05290232229425174, 'R2 - mean': 0.2940896843406956, 'R2 - std': 0.09325356490404217} 
 

Saved Losses
{'MSE - mean': 0.48534393084589295, 'MSE - std': 0.04791660294189263, 'R2 - mean': 0.2691655818149131, 'R2 - std': 0.09716905598343945} 
 

Saving model.....
Results After CV: {'MSE - mean': 0.48534393084589295, 'MSE - std': 0.04791660294189263, 'R2 - mean': 0.2691655818149131, 'R2 - std': 0.09716905598343945}
Train time: 0.23891042379999589
Inference time: 0.018653283999998393
Finished cross validation
Hyperparam was saved!!! Hurrah!!!
Trial 159 finished with value: 0.48534393084589295 and parameters: {'max_depth': 7, 'n_estimators': 55}. Best is trial 89 with value: 0.4782203882368445.
Saved Losses
{'MSE - mean': 0.44138098579193075, 'MSE - std': 0.0, 'R2 - mean': 0.19683254405947215, 'R2 - std': 0.0} 
 

Saved Losses
{'MSE - mean': 0.4422230396104202, 'MSE - std': 0.0008420538184894244, 'R2 - mean': 0.2984195558410545, 'R2 - std': 0.10158701178158236} 
 

Saved Losses
{'MSE - mean': 0.4807617100001891, 'MSE - std': 0.05450624674210581, 'R2 - mean': 0.262385561086892, 'R2 - std': 0.09734908764010201} 
 

Saved Losses
{'MSE - mean': 0.48812592498497365, 'MSE - std': 0.04889676050066984, 'R2 - mean': 0.2841013371897566, 'R2 - std': 0.0923166206244544} 
 

Saved Losses
{'MSE - mean': 0.4885916560111605, 'MSE - std': 0.043744510187255566, 'R2 - mean': 0.2644937232332237, 'R2 - std': 0.09140963217894084} 
 

Saving model.....
Results After CV: {'MSE - mean': 0.4885916560111605, 'MSE - std': 0.043744510187255566, 'R2 - mean': 0.2644937232332237, 'R2 - std': 0.09140963217894084}
Train time: 0.2421722403999979
Inference time: 0.018545694800002364
Finished cross validation
Hyperparam was saved!!! Hurrah!!!
Trial 160 finished with value: 0.4885916560111605 and parameters: {'max_depth': 7, 'n_estimators': 56}. Best is trial 89 with value: 0.4782203882368445.
Saved Losses
{'MSE - mean': 0.442686237926382, 'MSE - std': 0.0, 'R2 - mean': 0.19445741674331185, 'R2 - std': 0.0} 
 

Saved Losses
{'MSE - mean': 0.4423555819273857, 'MSE - std': 0.0003306559989962876, 'R2 - mean': 0.2979362833561455, 'R2 - std': 0.10347886661283368} 
 

Saved Losses
{'MSE - mean': 0.47836549638243153, 'MSE - std': 0.05092642503696762, 'R2 - mean': 0.2656696469518528, 'R2 - std': 0.0960252859407948} 
 

Saved Losses
{'MSE - mean': 0.48528928988258735, 'MSE - std': 0.04570494857871314, 'R2 - mean': 0.2878901856957128, 'R2 - std': 0.09163459325609902} 
 

Saved Losses
{'MSE - mean': 0.4849221469539424, 'MSE - std': 0.040886342895720885, 'R2 - mean': 0.2698485136578232, 'R2 - std': 0.0895518099463078} 
 

Saving model.....
Results After CV: {'MSE - mean': 0.4849221469539424, 'MSE - std': 0.040886342895720885, 'R2 - mean': 0.2698485136578232, 'R2 - std': 0.0895518099463078}
Train time: 0.22955033819999357
Inference time: 0.043557463800004824
Finished cross validation
Hyperparam was saved!!! Hurrah!!!
Trial 161 finished with value: 0.4849221469539424 and parameters: {'max_depth': 7, 'n_estimators': 53}. Best is trial 89 with value: 0.4782203882368445.
Saved Losses
{'MSE - mean': 0.45644660853487595, 'MSE - std': 0.0, 'R2 - mean': 0.16941809196453028, 'R2 - std': 0.0} 
 

Saved Losses
{'MSE - mean': 0.4650857961507393, 'MSE - std': 0.008639187615863353, 'R2 - mean': 0.26395270201783144, 'R2 - std': 0.09453461005330116} 
 

Saved Losses
{'MSE - mean': 0.5014335965885266, 'MSE - std': 0.05188527956082668, 'R2 - mean': 0.2315261465330701, 'R2 - std': 0.0897820954672984} 
 

Saved Losses
{'MSE - mean': 0.5106498072306513, 'MSE - std': 0.04768518944209925, 'R2 - mean': 0.2520032544689109, 'R2 - std': 0.08546083517098661} 
 

Saved Losses
{'MSE - mean': 0.5092381963337925, 'MSE - std': 0.042744267627363046, 'R2 - mean': 0.23445488290577057, 'R2 - std': 0.08411078918052173} 
 

Saving model.....
Results After CV: {'MSE - mean': 0.5092381963337925, 'MSE - std': 0.042744267627363046, 'R2 - mean': 0.23445488290577057, 'R2 - std': 0.08411078918052173}
Train time: 0.23669170900000153
Inference time: 0.02104283780000742
Finished cross validation
Hyperparam was saved!!! Hurrah!!!
Trial 162 finished with value: 0.5092381963337925 and parameters: {'max_depth': 7, 'n_estimators': 54}. Best is trial 89 with value: 0.4782203882368445.
Saved Losses
{'MSE - mean': 0.4394654862411765, 'MSE - std': 0.0, 'R2 - mean': 0.2003181199011097, 'R2 - std': 0.0} 
 

Saved Losses
{'MSE - mean': 0.4457925276915591, 'MSE - std': 0.006327041450382598, 'R2 - mean': 0.2940316125871421, 'R2 - std': 0.0937134926860324} 
 

Saved Losses
{'MSE - mean': 0.47765732550337137, 'MSE - std': 0.04535877329527252, 'R2 - mean': 0.2674201483206559, 'R2 - std': 0.08527105332461682} 
 

Saved Losses
{'MSE - mean': 0.49106322228942595, 'MSE - std': 0.045631326323634196, 'R2 - mean': 0.2811613579912786, 'R2 - std': 0.07758754365845898} 
 

Saved Losses
{'MSE - mean': 0.49633585516959455, 'MSE - std': 0.042154204815170335, 'R2 - mean': 0.2531894963822611, 'R2 - std': 0.08913788034421016} 
 

Saving model.....
Results After CV: {'MSE - mean': 0.49633585516959455, 'MSE - std': 0.042154204815170335, 'R2 - mean': 0.2531894963822611, 'R2 - std': 0.08913788034421016}
Train time: 0.21783295980000048
Inference time: 0.019726731199989446
Finished cross validation
Hyperparam was saved!!! Hurrah!!!
Trial 163 finished with value: 0.49633585516959455 and parameters: {'max_depth': 7, 'n_estimators': 50}. Best is trial 89 with value: 0.4782203882368445.
Saved Losses
{'MSE - mean': 0.4428253687969986, 'MSE - std': 0.0, 'R2 - mean': 0.19420424456101804, 'R2 - std': 0.0} 
 

Saved Losses
{'MSE - mean': 0.44478360060757693, 'MSE - std': 0.0019582318105783314, 'R2 - mean': 0.2946159081841491, 'R2 - std': 0.10041166362313109} 
 

Saved Losses
{'MSE - mean': 0.4871843289519209, 'MSE - std': 0.05998499792568431, 'R2 - mean': 0.25300531122730235, 'R2 - std': 0.1009185398522996} 
 

Saved Losses
{'MSE - mean': 0.49587556633713054, 'MSE - std': 0.054085698700917804, 'R2 - mean': 0.27332570663229216, 'R2 - std': 0.09421873047693613} 
 

Saved Losses
{'MSE - mean': 0.4977972037316398, 'MSE - std': 0.048528146515986734, 'R2 - mean': 0.2508848685428653, 'R2 - std': 0.09547827079902481} 
 

Saving model.....
Results After CV: {'MSE - mean': 0.4977972037316398, 'MSE - std': 0.048528146515986734, 'R2 - mean': 0.2508848685428653, 'R2 - std': 0.09547827079902481}
Train time: 0.24144389039998942
Inference time: 0.019736581600000136
Finished cross validation
Hyperparam was saved!!! Hurrah!!!
Trial 164 finished with value: 0.4977972037316398 and parameters: {'max_depth': 7, 'n_estimators': 56}. Best is trial 89 with value: 0.4782203882368445.
Saved Losses
{'MSE - mean': 0.4306317885754604, 'MSE - std': 0.0, 'R2 - mean': 0.2163925288790839, 'R2 - std': 0.0} 
 

Saved Losses
{'MSE - mean': 0.43822941680634697, 'MSE - std': 0.007597628230886555, 'R2 - mean': 0.30632944738970513, 'R2 - std': 0.08993691851062124} 
 

Saved Losses
{'MSE - mean': 0.47638759155551763, 'MSE - std': 0.0543191976824616, 'R2 - mean': 0.2701432950793067, 'R2 - std': 0.08950591104606888} 
 

Saved Losses
{'MSE - mean': 0.4887676936193489, 'MSE - std': 0.05169847395216221, 'R2 - mean': 0.28491692020767667, 'R2 - std': 0.08162880056965749} 
 

Saved Losses
{'MSE - mean': 0.49540615247781694, 'MSE - std': 0.04810885896847073, 'R2 - mean': 0.25468919333436596, 'R2 - std': 0.0947917230229655} 
 

Saving model.....
Results After CV: {'MSE - mean': 0.49540615247781694, 'MSE - std': 0.04810885896847073, 'R2 - mean': 0.25468919333436596, 'R2 - std': 0.0947917230229655}
Train time: 0.23361118600000735
Inference time: 0.01874476540001524
Finished cross validation
Hyperparam was saved!!! Hurrah!!!
Trial 165 finished with value: 0.49540615247781694 and parameters: {'max_depth': 8, 'n_estimators': 51}. Best is trial 89 with value: 0.4782203882368445.
Saved Losses
{'MSE - mean': 0.4500565602605243, 'MSE - std': 0.0, 'R2 - mean': 0.18104586701840986, 'R2 - std': 0.0} 
 

Saved Losses
{'MSE - mean': 0.447004883417282, 'MSE - std': 0.0030516768432423125, 'R2 - mean': 0.2899248812389984, 'R2 - std': 0.10887901422058854} 
 

Saved Losses
{'MSE - mean': 0.48713299364885027, 'MSE - std': 0.05680439198880233, 'R2 - mean': 0.25210187690234837, 'R2 - std': 0.1037509155262348} 
 

Saved Losses
{'MSE - mean': 0.49964947914852686, 'MSE - std': 0.05375910564456941, 'R2 - mean': 0.267785638944508, 'R2 - std': 0.09386762237206289} 
 

Saved Losses
{'MSE - mean': 0.5010624979053738, 'MSE - std': 0.04816658218923142, 'R2 - mean': 0.2460442916290467, 'R2 - std': 0.094549717906472} 
 

Saving model.....
Results After CV: {'MSE - mean': 0.5010624979053738, 'MSE - std': 0.04816658218923142, 'R2 - mean': 0.2460442916290467, 'R2 - std': 0.094549717906472}
Train time: 0.20040424220001113
Inference time: 0.01841186280000784
Finished cross validation
Hyperparam was saved!!! Hurrah!!!
Trial 166 finished with value: 0.5010624979053738 and parameters: {'max_depth': 7, 'n_estimators': 46}. Best is trial 89 with value: 0.4782203882368445.
Saved Losses
{'MSE - mean': 0.4581043526861776, 'MSE - std': 0.0, 'R2 - mean': 0.16640154572565613, 'R2 - std': 0.0} 
 

Saved Losses
{'MSE - mean': 0.45956296934184027, 'MSE - std': 0.0014586166556626312, 'R2 - mean': 0.2710458233022621, 'R2 - std': 0.10464427757660599} 
 

Saved Losses
{'MSE - mean': 0.4920345978312284, 'MSE - std': 0.045937258173924654, 'R2 - mean': 0.24455307059484566, 'R2 - std': 0.09329531130619136} 
 

Saved Losses
{'MSE - mean': 0.5004810806798385, 'MSE - std': 0.04238753335520892, 'R2 - mean': 0.26575214263632935, 'R2 - std': 0.08874803265452938} 
 

Saved Losses
{'MSE - mean': 0.49949719518362545, 'MSE - std': 0.03796359453252278, 'R2 - mean': 0.24811927306115847, 'R2 - std': 0.08685990443155851} 
 

Saving model.....
Results After CV: {'MSE - mean': 0.49949719518362545, 'MSE - std': 0.03796359453252278, 'R2 - mean': 0.24811927306115847, 'R2 - std': 0.08685990443155851}
Train time: 0.27110396779999063
Inference time: 0.02098606740001969
Finished cross validation
Hyperparam was saved!!! Hurrah!!!
Trial 167 finished with value: 0.49949719518362545 and parameters: {'max_depth': 8, 'n_estimators': 59}. Best is trial 89 with value: 0.4782203882368445.
Saved Losses
{'MSE - mean': 0.4669487861338216, 'MSE - std': 0.0, 'R2 - mean': 0.15030760117425168, 'R2 - std': 0.0} 
 

Saved Losses
{'MSE - mean': 0.4641282391663523, 'MSE - std': 0.0028205469674693062, 'R2 - mean': 0.2628051302343598, 'R2 - std': 0.11249752906010813} 
 

Saved Losses
{'MSE - mean': 0.4930406042398516, 'MSE - std': 0.040953062951185115, 'R2 - mean': 0.24201663981395838, 'R2 - std': 0.09644403574615087} 
 

Saved Losses
{'MSE - mean': 0.5054680882193774, 'MSE - std': 0.04148725223483613, 'R2 - mean': 0.2584515315147037, 'R2 - std': 0.08824061433885927} 
 

Saved Losses
{'MSE - mean': 0.5058364932986851, 'MSE - std': 0.037114640879407294, 'R2 - mean': 0.23837933908877423, 'R2 - std': 0.08854770719930352} 
 

Saving model.....
Results After CV: {'MSE - mean': 0.5058364932986851, 'MSE - std': 0.037114640879407294, 'R2 - mean': 0.23837933908877423, 'R2 - std': 0.08854770719930352}
Train time: 0.21696776840002485
Inference time: 0.01586738940001169
Finished cross validation
Hyperparam was saved!!! Hurrah!!!
Trial 168 finished with value: 0.5058364932986851 and parameters: {'max_depth': 9, 'n_estimators': 43}. Best is trial 89 with value: 0.4782203882368445.
Saved Losses
{'MSE - mean': 0.45670578085824876, 'MSE - std': 0.0, 'R2 - mean': 0.16894648402872392, 'R2 - std': 0.0} 
 

Saved Losses
{'MSE - mean': 0.4554454031266617, 'MSE - std': 0.0012603777315870202, 'R2 - mean': 0.27694728661553636, 'R2 - std': 0.10800080258681244} 
 

Saved Losses
{'MSE - mean': 0.48896970649845356, 'MSE - std': 0.047421691954337285, 'R2 - mean': 0.2489516256514286, 'R2 - std': 0.09666245206161986} 
 

Saved Losses
{'MSE - mean': 0.5006431728237131, 'MSE - std': 0.04577578070333643, 'R2 - mean': 0.26591251523991494, 'R2 - std': 0.08871717734363617} 
 

Saved Losses
{'MSE - mean': 0.5023517760901426, 'MSE - std': 0.04108545946789657, 'R2 - mean': 0.24372543566824634, 'R2 - std': 0.09091565346152428} 
 

Saving model.....
Results After CV: {'MSE - mean': 0.5023517760901426, 'MSE - std': 0.04108545946789657, 'R2 - mean': 0.24372543566824634, 'R2 - std': 0.09091565346152428}
Train time: 0.22912886139998817
Inference time: 0.02057020099998681
Finished cross validation
Hyperparam was saved!!! Hurrah!!!
Trial 169 finished with value: 0.5023517760901426 and parameters: {'max_depth': 7, 'n_estimators': 53}. Best is trial 89 with value: 0.4782203882368445.
Saved Losses
{'MSE - mean': 0.44151118857133675, 'MSE - std': 0.0, 'R2 - mean': 0.19659561805119763, 'R2 - std': 0.0} 
 

Saved Losses
{'MSE - mean': 0.433946051716809, 'MSE - std': 0.007565136854527782, 'R2 - mean': 0.30959785003247636, 'R2 - std': 0.11300223198127873} 
 

Saved Losses
{'MSE - mean': 0.47149469258172144, 'MSE - std': 0.05345984529242029, 'R2 - mean': 0.27527932688988693, 'R2 - std': 0.1042522182811668} 
 

Saved Losses
{'MSE - mean': 0.4876302052710688, 'MSE - std': 0.054078929383461344, 'R2 - mean': 0.28553930202777444, 'R2 - std': 0.09201736266541359} 
 

Saved Losses
{'MSE - mean': 0.48827122001416357, 'MSE - std': 0.04838665190124833, 'R2 - mean': 0.26551773690150116, 'R2 - std': 0.09152709055761037} 
 

Saving model.....
Results After CV: {'MSE - mean': 0.48827122001416357, 'MSE - std': 0.04838665190124833, 'R2 - mean': 0.26551773690150116, 'R2 - std': 0.09152709055761037}
Train time: 0.20691797560001532
Inference time: 0.016909187800001745
Finished cross validation
Hyperparam was saved!!! Hurrah!!!
