Trial 116 finished with value: 0.49587631721481484 and parameters: {'max_depth': 8, 'n_estimators': 75}. Best is trial 89 with value: 0.4782203882368445.
Saved Losses
{'MSE - mean': 0.4331677910738971, 'MSE - std': 0.0, 'R2 - mean': 0.2117778428357473, 'R2 - std': 0.0} 
 

Saved Losses
{'MSE - mean': 0.4423865760853765, 'MSE - std': 0.009218785011479436, 'R2 - mean': 0.3001096412363296, 'R2 - std': 0.0883317984005823} 
 

Saved Losses
{'MSE - mean': 0.48013496027276875, 'MSE - std': 0.05391232093788813, 'R2 - mean': 0.26458023307123746, 'R2 - std': 0.08789965165788491} 
 

Saved Losses
{'MSE - mean': 0.4946606571468979, 'MSE - std': 0.05303669833916548, 'R2 - mean': 0.2768131713737629, 'R2 - std': 0.07901706087753019} 
 

Saved Losses
{'MSE - mean': 0.49574921103151065, 'MSE - std': 0.047487397220889384, 'R2 - mean': 0.2554606308024175, 'R2 - std': 0.08257530310681552} 
 

Saving model.....
Results After CV: {'MSE - mean': 0.49574921103151065, 'MSE - std': 0.047487397220889384, 'R2 - mean': 0.2554606308024175, 'R2 - std': 0.08257530310681552}
Train time: 0.3371725765999997
Inference time: 0.024778134799998953
Finished cross validation
Hyperparam was saved!!! Hurrah!!!
Trial 117 finished with value: 0.49574921103151065 and parameters: {'max_depth': 7, 'n_estimators': 82}. Best is trial 89 with value: 0.4782203882368445.
Saved Losses
{'MSE - mean': 0.4623628049119302, 'MSE - std': 0.0, 'R2 - mean': 0.15865257068934968, 'R2 - std': 0.0} 
 

Saved Losses
{'MSE - mean': 0.46554030691375825, 'MSE - std': 0.003177502001828064, 'R2 - mean': 0.2619602694267643, 'R2 - std': 0.10330769873741463} 
 

Saved Losses
{'MSE - mean': 0.49726153803164125, 'MSE - std': 0.04493555407376259, 'R2 - mean': 0.2366932479550555, 'R2 - std': 0.09160694202433861} 
 

Saved Losses
{'MSE - mean': 0.510361615797221, 'MSE - std': 0.04504707679006196, 'R2 - mean': 0.25225525387863557, 'R2 - std': 0.08378783894685748} 
 

Saved Losses
{'MSE - mean': 0.5084516057143008, 'MSE - std': 0.040472013242872126, 'R2 - mean': 0.2355792576345898, 'R2 - std': 0.08202851313557583} 
 

Saving model.....
Results After CV: {'MSE - mean': 0.5084516057143008, 'MSE - std': 0.040472013242872126, 'R2 - mean': 0.2355792576345898, 'R2 - std': 0.08202851313557583}
Train time: 0.22071094199999947
Inference time: 0.01943475079999075
Finished cross validation
Hyperparam was saved!!! Hurrah!!!
Trial 118 finished with value: 0.5084516057143008 and parameters: {'max_depth': 8, 'n_estimators': 50}. Best is trial 89 with value: 0.4782203882368445.
Saved Losses
{'MSE - mean': 0.5365235079759779, 'MSE - std': 0.0, 'R2 - mean': 0.023704611606239934, 'R2 - std': 0.0} 
 

Saved Losses
{'MSE - mean': 0.5043075076046597, 'MSE - std': 0.032216000371318276, 'R2 - mean': 0.19220197899782926, 'R2 - std': 0.16849736739158933} 
 

Saved Losses
{'MSE - mean': 0.5536557378029325, 'MSE - std': 0.07458156229270053, 'R2 - mean': 0.1458464154123669, 'R2 - std': 0.15239833254528248} 
 

Saved Losses
{'MSE - mean': 0.5547344577622526, 'MSE - std': 0.06461654575855076, 'R2 - mean': 0.18147080301718313, 'R2 - std': 0.14569224344003848} 
 

Saved Losses
{'MSE - mean': 0.5562829454288674, 'MSE - std': 0.05787771285070049, 'R2 - mean': 0.15848428576019663, 'R2 - std': 0.13818286341401417} 
 

Saving model.....
Results After CV: {'MSE - mean': 0.5562829454288674, 'MSE - std': 0.05787771285070049, 'R2 - mean': 0.15848428576019663, 'R2 - std': 0.13818286341401417}
Train time: 0.0385181130000035
Inference time: 0.006578263199997991
Finished cross validation
Hyperparam was saved!!! Hurrah!!!
Trial 119 finished with value: 0.5562829454288674 and parameters: {'max_depth': 8, 'n_estimators': 6}. Best is trial 89 with value: 0.4782203882368445.
Saved Losses
{'MSE - mean': 0.4573933851061523, 'MSE - std': 0.0, 'R2 - mean': 0.16769527164699494, 'R2 - std': 0.0} 
 

Saved Losses
{'MSE - mean': 0.46993106192587253, 'MSE - std': 0.012537676819720206, 'R2 - mean': 0.25717094782890076, 'R2 - std': 0.08947567618190583} 
 

Saved Losses
{'MSE - mean': 0.5041246501509866, 'MSE - std': 0.04942872152343368, 'R2 - mean': 0.22778749475882096, 'R2 - std': 0.08404783785112706} 
 

Saved Losses
{'MSE - mean': 0.5070118835043861, 'MSE - std': 0.04309764764916774, 'R2 - mean': 0.25641340671282226, 'R2 - std': 0.08807018673297856} 
 

Saved Losses
{'MSE - mean': 0.5065887159531689, 'MSE - std': 0.03855699767122776, 'R2 - mean': 0.23755009530321614, 'R2 - std': 0.08734062229162598} 
 

Saving model.....
Results After CV: {'MSE - mean': 0.5065887159531689, 'MSE - std': 0.03855699767122776, 'R2 - mean': 0.23755009530321614, 'R2 - std': 0.08734062229162598}
Train time: 0.3378763017999972
Inference time: 0.023546885600001132
Finished cross validation
Hyperparam was saved!!! Hurrah!!!
Trial 120 finished with value: 0.5065887159531689 and parameters: {'max_depth': 9, 'n_estimators': 71}. Best is trial 89 with value: 0.4782203882368445.
Saved Losses
{'MSE - mean': 0.44126138038532947, 'MSE - std': 0.0, 'R2 - mean': 0.19705018635315696, 'R2 - std': 0.0} 
 

Saved Losses
{'MSE - mean': 0.4521803364924588, 'MSE - std': 0.01091895610712934, 'R2 - mean': 0.2849633409428312, 'R2 - std': 0.08791315458967425} 
 

Saved Losses
{'MSE - mean': 0.4834476041347245, 'MSE - std': 0.04510838562033038, 'R2 - mean': 0.2591513716432184, 'R2 - std': 0.08052948125699239} 
 

Saved Losses
{'MSE - mean': 0.49124073263182877, 'MSE - std': 0.041331264138318564, 'R2 - mean': 0.28027222141785724, 'R2 - std': 0.07875289771969539} 
 

Saved Losses
{'MSE - mean': 0.4942743624818874, 'MSE - std': 0.037462385888859695, 'R2 - mean': 0.2561350198776397, 'R2 - std': 0.08539340204120784} 
 

Saving model.....
Results After CV: {'MSE - mean': 0.4942743624818874, 'MSE - std': 0.037462385888859695, 'R2 - mean': 0.2561350198776397, 'R2 - std': 0.08539340204120784}
Train time: 0.36477747200000293
Inference time: 0.029902175399996622
Finished cross validation
Hyperparam was saved!!! Hurrah!!!
Trial 121 finished with value: 0.4942743624818874 and parameters: {'max_depth': 6, 'n_estimators': 94}. Best is trial 89 with value: 0.4782203882368445.
Saved Losses
{'MSE - mean': 0.4405174517373317, 'MSE - std': 0.0, 'R2 - mean': 0.19840389051995888, 'R2 - std': 0.0} 
 

Saved Losses
{'MSE - mean': 0.4517924451454397, 'MSE - std': 0.01127499340810803, 'R2 - mean': 0.28566176120966874, 'R2 - std': 0.08725787068970986} 
 

Saved Losses
{'MSE - mean': 0.4809621707244189, 'MSE - std': 0.04226696225510519, 'R2 - mean': 0.2628491585772322, 'R2 - std': 0.07820989073810072} 
 

Saved Losses
{'MSE - mean': 0.49150079812329417, 'MSE - std': 0.04090305705033353, 'R2 - mean': 0.2803363554496823, 'R2 - std': 0.07419566308293712} 
 

Saved Losses
{'MSE - mean': 0.49276907937380915, 'MSE - std': 0.03667263571345673, 'R2 - mean': 0.25902970293495314, 'R2 - std': 0.07886628494982525} 
 

Saving model.....
Results After CV: {'MSE - mean': 0.49276907937380915, 'MSE - std': 0.03667263571345673, 'R2 - mean': 0.25902970293495314, 'R2 - std': 0.07886628494982525}
Train time: 0.33052791859999503
Inference time: 0.02595485220000455
Finished cross validation
Hyperparam was saved!!! Hurrah!!!
Trial 122 finished with value: 0.49276907937380915 and parameters: {'max_depth': 7, 'n_estimators': 77}. Best is trial 89 with value: 0.4782203882368445.
Saved Losses
{'MSE - mean': 0.44257849697827245, 'MSE - std': 0.0, 'R2 - mean': 0.19465346964540609, 'R2 - std': 0.0} 
 

Saved Losses
{'MSE - mean': 0.4449718104895327, 'MSE - std': 0.002393313511260292, 'R2 - mean': 0.29441849373574386, 'R2 - std': 0.09976502409033777} 
 

Saved Losses
{'MSE - mean': 0.47695840577721854, 'MSE - std': 0.04527806521085604, 'R2 - mean': 0.2678983646887067, 'R2 - std': 0.08967724261951929} 
 

Saved Losses
{'MSE - mean': 0.4883293120957667, 'MSE - std': 0.04388017688483598, 'R2 - mean': 0.28433837809134654, 'R2 - std': 0.0827183655841738} 
 

Saved Losses
{'MSE - mean': 0.49191721018561757, 'MSE - std': 0.03989822038096708, 'R2 - mean': 0.259434439111102, 'R2 - std': 0.08918905264022374} 
 

Saving model.....
Results After CV: {'MSE - mean': 0.49191721018561757, 'MSE - std': 0.03989822038096708, 'R2 - mean': 0.259434439111102, 'R2 - std': 0.08918905264022374}
Train time: 0.2833410384000047
Inference time: 0.022305539399991404
Finished cross validation
Hyperparam was saved!!! Hurrah!!!
Trial 123 finished with value: 0.49191721018561757 and parameters: {'max_depth': 7, 'n_estimators': 66}. Best is trial 89 with value: 0.4782203882368445.
Saved Losses
{'MSE - mean': 0.4512401842334711, 'MSE - std': 0.0, 'R2 - mean': 0.17889206274105462, 'R2 - std': 0.0} 
 

Saved Losses
{'MSE - mean': 0.45353892415998265, 'MSE - std': 0.0022987399265115283, 'R2 - mean': 0.28080108423025063, 'R2 - std': 0.101909021489196} 
 

Saved Losses
{'MSE - mean': 0.485305663875947, 'MSE - std': 0.04496414469178166, 'R2 - mean': 0.25499425589204855, 'R2 - std': 0.09086042713054532} 
 

Saved Losses
{'MSE - mean': 0.49419443384828315, 'MSE - std': 0.04187315877457686, 'R2 - mean': 0.2751645043335416, 'R2 - std': 0.08609430689850239} 
 

Saved Losses
{'MSE - mean': 0.4925755467719415, 'MSE - std': 0.03759218432164487, 'R2 - mean': 0.2587895911761957, 'R2 - std': 0.08367995499466578} 
 

Saving model.....
Results After CV: {'MSE - mean': 0.4925755467719415, 'MSE - std': 0.03759218432164487, 'R2 - mean': 0.2587895911761957, 'R2 - std': 0.08367995499466578}
Train time: 0.24100345799999445
Inference time: 0.019838139800003773
Finished cross validation
Hyperparam was saved!!! Hurrah!!!
Trial 124 finished with value: 0.4925755467719415 and parameters: {'max_depth': 7, 'n_estimators': 58}. Best is trial 89 with value: 0.4782203882368445.
Saved Losses
{'MSE - mean': 0.4405805155452775, 'MSE - std': 0.0, 'R2 - mean': 0.19828913524091385, 'R2 - std': 0.0} 
 

Saved Losses
{'MSE - mean': 0.4488653515507941, 'MSE - std': 0.008284836005516577, 'R2 - mean': 0.28961091871444594, 'R2 - std': 0.09132178347353209} 
 

Saved Losses
{'MSE - mean': 0.4796554828089396, 'MSE - std': 0.04406612498143964, 'R2 - mean': 0.2645461610714362, 'R2 - std': 0.0825606619962765} 
 

Saved Losses
{'MSE - mean': 0.48897983550268037, 'MSE - std': 0.04143909009174439, 'R2 - mean': 0.2835744868068776, 'R2 - std': 0.07873010048786767} 
 

Saved Losses
{'MSE - mean': 0.4891676869392185, 'MSE - std': 0.03706615306117164, 'R2 - mean': 0.26424997717886806, 'R2 - std': 0.08032739051977182} 
 

Saving model.....
Results After CV: {'MSE - mean': 0.4891676869392185, 'MSE - std': 0.03706615306117164, 'R2 - mean': 0.26424997717886806, 'R2 - std': 0.08032739051977182}
Train time: 0.2597210902000029
Inference time: 0.022150996400000622
Finished cross validation
Hyperparam was saved!!! Hurrah!!!
Trial 125 finished with value: 0.4891676869392185 and parameters: {'max_depth': 6, 'n_estimators': 69}. Best is trial 89 with value: 0.4782203882368445.
Saved Losses
{'MSE - mean': 0.43993042176249775, 'MSE - std': 0.0, 'R2 - mean': 0.199472090978577, 'R2 - std': 0.0} 
 

Saved Losses
{'MSE - mean': 0.44613762049773564, 'MSE - std': 0.0062071987352378954, 'R2 - mean': 0.2934560826408309, 'R2 - std': 0.09398399166225391} 
 

Saved Losses
{'MSE - mean': 0.47887148011666364, 'MSE - std': 0.046569274654674746, 'R2 - mean': 0.2656080880389375, 'R2 - std': 0.08625359161144872} 
 

Saved Losses
{'MSE - mean': 0.4868637748485786, 'MSE - std': 0.042639809235528785, 'R2 - mean': 0.28631987363212585, 'R2 - std': 0.08286552803657589} 
 

Saved Losses
{'MSE - mean': 0.4882075167232431, 'MSE - std': 0.038232776961878344, 'R2 - mean': 0.26523036612029127, 'R2 - std': 0.08527851955675209} 
 

Saving model.....
Results After CV: {'MSE - mean': 0.4882075167232431, 'MSE - std': 0.038232776961878344, 'R2 - mean': 0.26523036612029127, 'R2 - std': 0.08527851955675209}
Train time: 0.36388849100000586
Inference time: 0.028930005199993048
Finished cross validation
Hyperparam was saved!!! Hurrah!!!
Trial 126 finished with value: 0.4882075167232431 and parameters: {'max_depth': 7, 'n_estimators': 86}. Best is trial 89 with value: 0.4782203882368445.
Saved Losses
{'MSE - mean': 0.4384275722184825, 'MSE - std': 0.0, 'R2 - mean': 0.20220678024653993, 'R2 - std': 0.0} 
 

Saved Losses
{'MSE - mean': 0.4447676966556234, 'MSE - std': 0.006340124437140882, 'R2 - mean': 0.29566099129305257, 'R2 - std': 0.09345421104651264} 
 

Saved Losses
{'MSE - mean': 0.47658441666822116, 'MSE - std': 0.04529244377714339, 'R2 - mean': 0.2690720184954128, 'R2 - std': 0.08506707152056352} 
 

Saved Losses
{'MSE - mean': 0.48466821855335795, 'MSE - std': 0.04164850124834861, 'R2 - mean': 0.28953036091175244, 'R2 - std': 0.08174922822929957} 
 

Saved Losses
{'MSE - mean': 0.48633895414635564, 'MSE - std': 0.03740111702441244, 'R2 - mean': 0.2679848212565664, 'R2 - std': 0.08487160991168759} 
 

Saving model.....
Results After CV: {'MSE - mean': 0.48633895414635564, 'MSE - std': 0.03740111702441244, 'R2 - mean': 0.2679848212565664, 'R2 - std': 0.08487160991168759}
Train time: 0.3383830976000013
Inference time: 0.023916831200006074
Finished cross validation
Hyperparam was saved!!! Hurrah!!!
Trial 127 finished with value: 0.48633895414635564 and parameters: {'max_depth': 7, 'n_estimators': 83}. Best is trial 89 with value: 0.4782203882368445.
Saved Losses
{'MSE - mean': 0.4455778990130627, 'MSE - std': 0.0, 'R2 - mean': 0.18919554966431984, 'R2 - std': 0.0} 
 

Saved Losses
{'MSE - mean': 0.4488154250738984, 'MSE - std': 0.0032375260608356604, 'R2 - mean': 0.28851543412169217, 'R2 - std': 0.09931988445737233} 
 

Saved Losses
{'MSE - mean': 0.48756406195117247, 'MSE - std': 0.05486256862704068, 'R2 - mean': 0.252288521512793, 'R2 - std': 0.09592221515423921} 
 

Saved Losses
{'MSE - mean': 0.49356702467125335, 'MSE - std': 0.04863674291647834, 'R2 - mean': 0.2760957563772282, 'R2 - std': 0.09274242187771062} 
 

Saved Losses
{'MSE - mean': 0.4927758204883032, 'MSE - std': 0.04353079628786218, 'R2 - mean': 0.25836925098759644, 'R2 - std': 0.0902099851785221} 
 

Saving model.....
Results After CV: {'MSE - mean': 0.4927758204883032, 'MSE - std': 0.04353079628786218, 'R2 - mean': 0.25836925098759644, 'R2 - std': 0.0902099851785221}
Train time: 0.3613780645999952
Inference time: 0.026594744800007675
Finished cross validation
Hyperparam was saved!!! Hurrah!!!
Trial 128 finished with value: 0.4927758204883032 and parameters: {'max_depth': 7, 'n_estimators': 87}. Best is trial 89 with value: 0.4782203882368445.
Saved Losses
{'MSE - mean': 0.45484116872413577, 'MSE - std': 0.0, 'R2 - mean': 0.1723394615974888, 'R2 - std': 0.0} 
 

Saved Losses
{'MSE - mean': 0.4513826083359805, 'MSE - std': 0.003458560388155285, 'R2 - mean': 0.2828830456610224, 'R2 - std': 0.1105435840635336} 
 

Saved Losses
{'MSE - mean': 0.48370657877303147, 'MSE - std': 0.04580013707697498, 'R2 - mean': 0.25661670119253954, 'R2 - std': 0.09760343755156209} 
 

Saved Losses
{'MSE - mean': 0.49187174193586636, 'MSE - std': 0.04210996420836073, 'R2 - mean': 0.2778141356063512, 'R2 - std': 0.09215648074658017} 
 

Saved Losses
{'MSE - mean': 0.4927676551033078, 'MSE - std': 0.037706894729186036, 'R2 - mean': 0.2575067722747937, 'R2 - std': 0.0918902039218294} 
 

Saving model.....
Results After CV: {'MSE - mean': 0.4927676551033078, 'MSE - std': 0.037706894729186036, 'R2 - mean': 0.2575067722747937, 'R2 - std': 0.0918902039218294}
Train time: 0.34757937140000195
Inference time: 0.027200563200005946
Finished cross validation
Hyperparam was saved!!! Hurrah!!!
Trial 129 finished with value: 0.4927676551033078 and parameters: {'max_depth': 7, 'n_estimators': 82}. Best is trial 89 with value: 0.4782203882368445.
Saved Losses
{'MSE - mean': 0.46292491100338384, 'MSE - std': 0.0, 'R2 - mean': 0.15762972345765147, 'R2 - std': 0.0} 
 

Saved Losses
{'MSE - mean': 0.4577106820256816, 'MSE - std': 0.00521422897770224, 'R2 - mean': 0.2724322285340927, 'R2 - std': 0.11480250507644124} 
 

Saved Losses
{'MSE - mean': 0.4841951248361551, 'MSE - std': 0.037695846957595, 'R2 - mean': 0.25506369102349025, 'R2 - std': 0.09690068268627051} 
 

Saved Losses
{'MSE - mean': 0.49059374103787645, 'MSE - std': 0.03447549167566156, 'R2 - mean': 0.27874671891307035, 'R2 - std': 0.09340751660789857} 
 

Saved Losses
{'MSE - mean': 0.4908316344299761, 'MSE - std': 0.03083948757821547, 'R2 - mean': 0.25976904219587205, 'R2 - std': 0.0917637193089613} 
 

Saving model.....
Results After CV: {'MSE - mean': 0.4908316344299761, 'MSE - std': 0.03083948757821547, 'R2 - mean': 0.25976904219587205, 'R2 - std': 0.0917637193089613}
Train time: 0.3819387823999989
Inference time: 0.02917063919999805
Finished cross validation
Hyperparam was saved!!! Hurrah!!!
Trial 130 finished with value: 0.4908316344299761 and parameters: {'max_depth': 7, 'n_estimators': 94}. Best is trial 89 with value: 0.4782203882368445.
Saved Losses
{'MSE - mean': 0.44386999885747974, 'MSE - std': 0.0, 'R2 - mean': 0.19230336324740582, 'R2 - std': 0.0} 
 

Saved Losses
{'MSE - mean': 0.45106463462617685, 'MSE - std': 0.0071946357686971385, 'R2 - mean': 0.28586707938265193, 'R2 - std': 0.09356371613524611} 
 

Saved Losses
{'MSE - mean': 0.48245608629792863, 'MSE - std': 0.04478119023298362, 'R2 - mean': 0.2601134152657676, 'R2 - std': 0.08463223429786393} 
 

Saved Losses
{'MSE - mean': 0.48941604326058485, 'MSE - std': 0.040612057960390024, 'R2 - mean': 0.28237256591902826, 'R2 - std': 0.08281528044449325} 
 

Saved Losses
{'MSE - mean': 0.49090552626096695, 'MSE - std': 0.036446476370921944, 'R2 - mean': 0.26098352806408454, 'R2 - std': 0.0855374789289521} 
 

Saving model.....
Results After CV: {'MSE - mean': 0.49090552626096695, 'MSE - std': 0.036446476370921944, 'R2 - mean': 0.26098352806408454, 'R2 - std': 0.0855374789289521}
Train time: 0.3022717977999946
Inference time: 0.024243505999999117
Finished cross validation
Hyperparam was saved!!! Hurrah!!!
Trial 131 finished with value: 0.49090552626096695 and parameters: {'max_depth': 6, 'n_estimators': 78}. Best is trial 89 with value: 0.4782203882368445.
Saved Losses
{'MSE - mean': 0.4435490850416104, 'MSE - std': 0.0, 'R2 - mean': 0.19288732028534994, 'R2 - std': 0.0} 
 

Saved Losses
{'MSE - mean': 0.4551813874080418, 'MSE - std': 0.011632302366431396, 'R2 - mean': 0.28036691186971746, 'R2 - std': 0.08747959158436752} 
 

Saved Losses
{'MSE - mean': 0.4855394393802013, 'MSE - std': 0.04397078133622442, 'R2 - mean': 0.25595480709488305, 'R2 - std': 0.07933276549816484} 
 

Saved Losses
{'MSE - mean': 0.4942144022235818, 'MSE - std': 0.04093698999060194, 'R2 - mean': 0.276083073683155, 'R2 - std': 0.07704354034398828} 
 

Saved Losses
{'MSE - mean': 0.4921687123273551, 'MSE - std': 0.036843033374012665, 'R2 - mean': 0.2602261220154441, 'R2 - std': 0.07585734869976064} 
 

Saving model.....
Results After CV: {'MSE - mean': 0.4921687123273551, 'MSE - std': 0.036843033374012665, 'R2 - mean': 0.2602261220154441, 'R2 - std': 0.07585734869976064}
Train time: 0.3332637371999965
Inference time: 0.027128967599998076
Finished cross validation
Hyperparam was saved!!! Hurrah!!!
Trial 132 finished with value: 0.4921687123273551 and parameters: {'max_depth': 6, 'n_estimators': 86}. Best is trial 89 with value: 0.4782203882368445.
Saved Losses
{'MSE - mean': 0.4517875972107732, 'MSE - std': 0.0, 'R2 - mean': 0.17789595211898135, 'R2 - std': 0.0} 
 

Saved Losses
{'MSE - mean': 0.44485041067443165, 'MSE - std': 0.006937186536341566, 'R2 - mean': 0.29243955965429713, 'R2 - std': 0.11454360753531578} 
 

Saved Losses
{'MSE - mean': 0.4738679361993259, 'MSE - std': 0.041426037865121036, 'R2 - mean': 0.2709473042935016, 'R2 - std': 0.0983395110444267} 
 

Saved Losses
{'MSE - mean': 0.4889364150648451, 'MSE - std': 0.04436512848920454, 'R2 - mean': 0.28289448853399324, 'R2 - std': 0.08764245665299125} 
 

Saved Losses
{'MSE - mean': 0.4926181295617951, 'MSE - std': 0.04035878822808127, 'R2 - mean': 0.2579221296565735, 'R2 - std': 0.09294856103322814} 
 

Saving model.....
Results After CV: {'MSE - mean': 0.4926181295617951, 'MSE - std': 0.04035878822808127, 'R2 - mean': 0.2579221296565735, 'R2 - std': 0.09294856103322814}
Train time: 0.1377588345999982
Inference time: 0.01360993579999672
Finished cross validation
Hyperparam was saved!!! Hurrah!!!
Trial 133 finished with value: 0.4926181295617951 and parameters: {'max_depth': 7, 'n_estimators': 30}. Best is trial 89 with value: 0.4782203882368445.
Saved Losses
{'MSE - mean': 0.4502986268852477, 'MSE - std': 0.0, 'R2 - mean': 0.18060538579831753, 'R2 - std': 0.0} 
 

Saved Losses
{'MSE - mean': 0.4513597657587485, 'MSE - std': 0.0010611388735007887, 'R2 - mean': 0.2839712130833951, 'R2 - std': 0.1033658272850776} 
 

Saved Losses
{'MSE - mean': 0.48631699144123725, 'MSE - std': 0.04944457434311821, 'R2 - mean': 0.25353112677775397, 'R2 - std': 0.09474277743171468} 
 

Saved Losses
{'MSE - mean': 0.4976236677100745, 'MSE - std': 0.04708606198997713, 'R2 - mean': 0.27066080080633964, 'R2 - std': 0.08724919829765414} 
 

Saved Losses
{'MSE - mean': 0.49772582390004255, 'MSE - std': 0.042115549747424284, 'R2 - mean': 0.25119226008220624, 'R2 - std': 0.08721258163003583} 
 

Saving model.....
Results After CV: {'MSE - mean': 0.49772582390004255, 'MSE - std': 0.042115549747424284, 'R2 - mean': 0.25119226008220624, 'R2 - std': 0.08721258163003583}
Train time: 0.17881134240000734
Inference time: 0.016564618199998903
Finished cross validation
Hyperparam was saved!!! Hurrah!!!
