Trial 30 finished with value: 422.8408807495025 and parameters: {'max_depth': 3, 'n_estimators': 97}. Best is trial 14 with value: 284.88526399310496.
Saved Losses
{'MSE - mean': 473.99252291958686, 'MSE - std': 0.0, 'R2 - mean': 0.5369984454697192, 'R2 - std': 0.0} 
 

Saved Losses
{'MSE - mean': 295.12313610315334, 'MSE - std': 178.86938681643352, 'R2 - mean': 0.7131443467107431, 'R2 - std': 0.17614590124102392} 
 

Saved Losses
{'MSE - mean': 287.0317410785472, 'MSE - std': 146.4938441492101, 'R2 - mean': 0.7719118645045402, 'R2 - std': 0.1661088839023876} 
 

Saved Losses
{'MSE - mean': 294.15757782095454, 'MSE - std': 127.4663384115513, 'R2 - mean': 0.7831616350175389, 'R2 - std': 0.14516815419801293} 
 

Saved Losses
{'MSE - mean': 292.39467154304964, 'MSE - std': 114.06386499070247, 'R2 - mean': 0.799850251118176, 'R2 - std': 0.13406369390712847} 
 

Saving model.....
Results After CV: {'MSE - mean': 292.39467154304964, 'MSE - std': 114.06386499070247, 'R2 - mean': 0.799850251118176, 'R2 - std': 0.13406369390712847}
Train time: 0.25918684360000127
Inference time: 0.016396733199998438
Finished cross validation
Hyperparam was saved!!! Hurrah!!!
Trial 31 finished with value: 292.39467154304964 and parameters: {'max_depth': 10, 'n_estimators': 41}. Best is trial 14 with value: 284.88526399310496.
Saved Losses
{'MSE - mean': 415.1272152070821, 'MSE - std': 0.0, 'R2 - mean': 0.5944987807301065, 'R2 - std': 0.0} 
 

Saved Losses
{'MSE - mean': 264.37117584427824, 'MSE - std': 150.75603936280382, 'R2 - mean': 0.7431509046561409, 'R2 - std': 0.14865212392603439} 
 

Saved Losses
{'MSE - mean': 266.3164800837143, 'MSE - std': 123.12252983677455, 'R2 - mean': 0.7920035666757986, 'R2 - std': 0.1396595902112032} 
 

Saved Losses
{'MSE - mean': 278.685416082579, 'MSE - std': 108.75817094953194, 'R2 - mean': 0.7981931108874422, 'R2 - std': 0.12142294769158987} 
 

Saved Losses
{'MSE - mean': 277.7483428002551, 'MSE - std': 97.29431753178535, 'R2 - mean': 0.8129359814217612, 'R2 - std': 0.11253548199238511} 
 

Saving model.....
Results After CV: {'MSE - mean': 277.7483428002551, 'MSE - std': 97.29431753178535, 'R2 - mean': 0.8129359814217612, 'R2 - std': 0.11253548199238511}
Train time: 0.39845593259999956
Inference time: 0.023402702399999954
Finished cross validation
Hyperparam was saved!!! Hurrah!!!
Trial 32 finished with value: 277.7483428002551 and parameters: {'max_depth': 11, 'n_estimators': 61}. Best is trial 32 with value: 277.7483428002551.
Saved Losses
{'MSE - mean': 432.0108814439003, 'MSE - std': 0.0, 'R2 - mean': 0.5780066140063216, 'R2 - std': 0.0} 
 

Saved Losses
{'MSE - mean': 268.8706813617629, 'MSE - std': 163.14020008213745, 'R2 - mean': 0.7386591441773309, 'R2 - std': 0.16065253017100928} 
 

Saved Losses
{'MSE - mean': 263.94328443478145, 'MSE - std': 133.3855629475892, 'R2 - mean': 0.791202115962657, 'R2 - std': 0.1507570387576155} 
 

Saved Losses
{'MSE - mean': 278.6000639295726, 'MSE - std': 118.27191068724117, 'R2 - mean': 0.7966087643320667, 'R2 - std': 0.13089483981805858} 
 

Saved Losses
{'MSE - mean': 276.9496199774615, 'MSE - std': 105.83710005024157, 'R2 - mean': 0.8120099787625271, 'R2 - std': 0.12106013752068948} 
 

Saving model.....
Results After CV: {'MSE - mean': 276.9496199774615, 'MSE - std': 105.83710005024157, 'R2 - mean': 0.8120099787625271, 'R2 - std': 0.12106013752068948}
Train time: 0.4237665806000024
Inference time: 0.02384722420000145
Finished cross validation
Hyperparam was saved!!! Hurrah!!!
Trial 33 finished with value: 276.9496199774615 and parameters: {'max_depth': 12, 'n_estimators': 63}. Best is trial 33 with value: 276.9496199774615.
Saved Losses
{'MSE - mean': 407.82099741214745, 'MSE - std': 0.0, 'R2 - mean': 0.6016355814879645, 'R2 - std': 0.0} 
 

Saved Losses
{'MSE - mean': 264.4330295453555, 'MSE - std': 143.3879678667919, 'R2 - mean': 0.7431815043991612, 'R2 - std': 0.14154592291119672} 
 

Saved Losses
{'MSE - mean': 260.2378086187237, 'MSE - std': 117.2260180586713, 'R2 - mean': 0.7945219444984918, 'R2 - std': 0.13648631350569254} 
 

Saved Losses
{'MSE - mean': 276.2720672888513, 'MSE - std': 105.25087570049303, 'R2 - mean': 0.7988368792873574, 'R2 - std': 0.11843665529504425} 
 

Saved Losses
{'MSE - mean': 277.66515238038284, 'MSE - std': 94.18046619583859, 'R2 - mean': 0.8125873119816379, 'R2 - std': 0.10944446377547594} 
 

Saving model.....
Results After CV: {'MSE - mean': 277.66515238038284, 'MSE - std': 94.18046619583859, 'R2 - mean': 0.8125873119816379, 'R2 - std': 0.10944446377547594}
Train time: 0.4341492045999999
Inference time: 0.02514902119999931
Finished cross validation
Hyperparam was saved!!! Hurrah!!!
Trial 34 finished with value: 277.66515238038284 and parameters: {'max_depth': 12, 'n_estimators': 65}. Best is trial 33 with value: 276.9496199774615.
Saved Losses
{'MSE - mean': 439.4007921194556, 'MSE - std': 0.0, 'R2 - mean': 0.5707880610436149, 'R2 - std': 0.0} 
 

Saved Losses
{'MSE - mean': 286.2911456718521, 'MSE - std': 153.1096464476035, 'R2 - mean': 0.7219789112375091, 'R2 - std': 0.15119085019389422} 
 

Saved Losses
{'MSE - mean': 283.04178379839743, 'MSE - std': 125.09793201878311, 'R2 - mean': 0.7770268479056126, 'R2 - std': 0.14594405132698202} 
 

Saved Losses
{'MSE - mean': 284.4360084950742, 'MSE - std': 108.36489761009572, 'R2 - mean': 0.7909024297673685, 'R2 - std': 0.12865591670928483} 
 

Saved Losses
{'MSE - mean': 282.2144838162638, 'MSE - std': 97.02629290471464, 'R2 - mean': 0.8071662359438075, 'R2 - std': 0.1195822791588464} 
 

Saving model.....
Results After CV: {'MSE - mean': 282.2144838162638, 'MSE - std': 97.02629290471464, 'R2 - mean': 0.8071662359438075, 'R2 - std': 0.1195822791588464}
Train time: 0.4408457111999994
Inference time: 0.024009707000000446
Finished cross validation
Hyperparam was saved!!! Hurrah!!!
Trial 35 finished with value: 282.2144838162638 and parameters: {'max_depth': 12, 'n_estimators': 63}. Best is trial 33 with value: 276.9496199774615.
Saved Losses
{'MSE - mean': 434.25636441386735, 'MSE - std': 0.0, 'R2 - mean': 0.5758131994364838, 'R2 - std': 0.0} 
 

Saved Losses
{'MSE - mean': 278.12088775526007, 'MSE - std': 156.13547665860727, 'R2 - mean': 0.7298225607135965, 'R2 - std': 0.15400936127711273} 
 

Saved Losses
{'MSE - mean': 281.04752615631566, 'MSE - std': 127.55125168182943, 'R2 - mean': 0.7808466988686353, 'R2 - std': 0.14498108240819488} 
 

Saved Losses
{'MSE - mean': 288.2038210236809, 'MSE - std': 111.15587714055917, 'R2 - mean': 0.7907131717982102, 'R2 - std': 0.1267149460655646} 
 

Saved Losses
{'MSE - mean': 285.32753464777807, 'MSE - std': 99.58712422584802, 'R2 - mean': 0.806968641087147, 'R2 - std': 0.11790802844731756} 
 

Saving model.....
Results After CV: {'MSE - mean': 285.32753464777807, 'MSE - std': 99.58712422584802, 'R2 - mean': 0.806968641087147, 'R2 - std': 0.11790802844731756}
Train time: 0.4315243649999999
Inference time: 0.025850962199999116
Finished cross validation
Hyperparam was saved!!! Hurrah!!!
Trial 36 finished with value: 285.32753464777807 and parameters: {'max_depth': 12, 'n_estimators': 62}. Best is trial 33 with value: 276.9496199774615.
Saved Losses
{'MSE - mean': 437.00097769015986, 'MSE - std': 0.0, 'R2 - mean': 0.57313222842521, 'R2 - std': 0.0} 
 

Saved Losses
{'MSE - mean': 277.81848393813783, 'MSE - std': 159.18249375202203, 'R2 - mean': 0.7300769207969658, 'R2 - std': 0.1569446923717558} 
 

Saved Losses
{'MSE - mean': 279.621551344382, 'MSE - std': 129.99697297328865, 'R2 - mean': 0.7815160273759053, 'R2 - std': 0.14735350130572297} 
 

Saved Losses
{'MSE - mean': 285.52428226035363, 'MSE - std': 113.04395796973208, 'R2 - mean': 0.7921494032070164, 'R2 - std': 0.12893407930019415} 
 

Saved Losses
{'MSE - mean': 283.09714788763546, 'MSE - std': 101.22604937378009, 'R2 - mean': 0.8081581837396932, 'R2 - std': 0.11968425819866475} 
 

Saving model.....
Results After CV: {'MSE - mean': 283.09714788763546, 'MSE - std': 101.22604937378009, 'R2 - mean': 0.8081581837396932, 'R2 - std': 0.11968425819866475}
Train time: 0.4692523809999997
Inference time: 0.02931780279999998
Finished cross validation
Hyperparam was saved!!! Hurrah!!!
Trial 37 finished with value: 283.09714788763546 and parameters: {'max_depth': 11, 'n_estimators': 74}. Best is trial 33 with value: 276.9496199774615.
Saved Losses
{'MSE - mean': 417.2159034388009, 'MSE - std': 0.0, 'R2 - mean': 0.5924585251322794, 'R2 - std': 0.0} 
 

Saved Losses
{'MSE - mean': 265.7817908189723, 'MSE - std': 151.4341126198286, 'R2 - mean': 0.7417819730017572, 'R2 - std': 0.14932344786947777} 
 

Saved Losses
{'MSE - mean': 264.0360035177962, 'MSE - std': 123.67008203241875, 'R2 - mean': 0.7924056229644463, 'R2 - std': 0.14138777384734805} 
 

Saved Losses
{'MSE - mean': 272.87694221565744, 'MSE - std': 108.19058870163758, 'R2 - mean': 0.8008725828137317, 'R2 - std': 0.12332049777875477} 
 

Saved Losses
{'MSE - mean': 274.78052576294664, 'MSE - std': 96.84346807178875, 'R2 - mean': 0.8142946594394946, 'R2 - std': 0.11352076771107249} 
 

Saving model.....
Results After CV: {'MSE - mean': 274.78052576294664, 'MSE - std': 96.84346807178875, 'R2 - mean': 0.8142946594394946, 'R2 - std': 0.11352076771107249}
Train time: 0.3595864852000005
Inference time: 0.022400518800000668
Finished cross validation
Hyperparam was saved!!! Hurrah!!!
Trial 38 finished with value: 274.78052576294664 and parameters: {'max_depth': 11, 'n_estimators': 56}. Best is trial 38 with value: 274.78052576294664.
Saved Losses
{'MSE - mean': 407.8120966359698, 'MSE - std': 0.0, 'R2 - mean': 0.6016442758723851, 'R2 - std': 0.0} 
 

Saved Losses
{'MSE - mean': 260.1302563878207, 'MSE - std': 147.68184024814911, 'R2 - mean': 0.7472791926745481, 'R2 - std': 0.145634916802163} 
 

Saved Losses
{'MSE - mean': 273.11298341269065, 'MSE - std': 121.97152548057191, 'R2 - mean': 0.7908275949061675, 'R2 - std': 0.13391270540356665} 
 

Saved Losses
{'MSE - mean': 280.2089227978786, 'MSE - std': 106.34306201308168, 'R2 - mean': 0.7993848685265792, 'R2 - std': 0.11691509866916511} 
 

Saved Losses
{'MSE - mean': 282.2611508715201, 'MSE - std': 95.20464290631774, 'R2 - mean': 0.8123494711671132, 'R2 - std': 0.1077387391979517} 
 

Saving model.....
Results After CV: {'MSE - mean': 282.2611508715201, 'MSE - std': 95.20464290631774, 'R2 - mean': 0.8123494711671132, 'R2 - std': 0.1077387391979517}
Train time: 0.2763912419999997
Inference time: 0.01888708559999941
Finished cross validation
Hyperparam was saved!!! Hurrah!!!
Trial 39 finished with value: 282.2611508715201 and parameters: {'max_depth': 9, 'n_estimators': 48}. Best is trial 38 with value: 274.78052576294664.
Saved Losses
{'MSE - mean': 444.16444382055647, 'MSE - std': 0.0, 'R2 - mean': 0.5661348691973277, 'R2 - std': 0.0} 
 

Saved Losses
{'MSE - mean': 276.69820451253247, 'MSE - std': 167.466239308024, 'R2 - mean': 0.7310560205250114, 'R2 - std': 0.16492115132768365} 
 

Saved Losses
{'MSE - mean': 276.56922224509003, 'MSE - std': 136.7357334843342, 'R2 - mean': 0.7831097925461682, 'R2 - std': 0.15346611287216994} 
 

Saved Losses
{'MSE - mean': 278.4148855914533, 'MSE - std': 118.45976121953176, 'R2 - mean': 0.7961416162609115, 'R2 - std': 0.13480864637725076} 
 

Saved Losses
{'MSE - mean': 281.50742022961515, 'MSE - std': 106.13400541063032, 'R2 - mean': 0.8094362746996426, 'R2 - std': 0.12347343310390056} 
 

Saving model.....
Results After CV: {'MSE - mean': 281.50742022961515, 'MSE - std': 106.13400541063032, 'R2 - mean': 0.8094362746996426, 'R2 - std': 0.12347343310390056}
Train time: 0.2323078714000019
Inference time: 0.015551883599999882
Finished cross validation
Hyperparam was saved!!! Hurrah!!!
Trial 40 finished with value: 281.50742022961515 and parameters: {'max_depth': 11, 'n_estimators': 34}. Best is trial 38 with value: 274.78052576294664.
Saved Losses
{'MSE - mean': 435.82375389184796, 'MSE - std': 0.0, 'R2 - mean': 0.5742821546841543, 'R2 - std': 0.0} 
 

Saved Losses
{'MSE - mean': 278.7864720773241, 'MSE - std': 157.03728181452385, 'R2 - mean': 0.7291695162149407, 'R2 - std': 0.15488736153078636} 
 

Saved Losses
{'MSE - mean': 277.6969346457708, 'MSE - std': 128.2296615585709, 'R2 - mean': 0.7819600707509394, 'R2 - std': 0.14685735189092683} 
 

Saved Losses
{'MSE - mean': 273.85205216893024, 'MSE - std': 111.24964692686163, 'R2 - mean': 0.7984176722389453, 'R2 - std': 0.13033752066663565} 
 

Saved Losses
{'MSE - mean': 276.62656314842616, 'MSE - std': 99.65931365297712, 'R2 - mean': 0.8118324092988626, 'R2 - std': 0.11962489756053048} 
 

Saving model.....
Results After CV: {'MSE - mean': 276.62656314842616, 'MSE - std': 99.65931365297712, 'R2 - mean': 0.8118324092988626, 'R2 - std': 0.11962489756053048}
Train time: 0.2192906394000005
Inference time: 0.014941698400001258
Finished cross validation
Hyperparam was saved!!! Hurrah!!!
Trial 41 finished with value: 276.62656314842616 and parameters: {'max_depth': 11, 'n_estimators': 32}. Best is trial 38 with value: 274.78052576294664.
Saved Losses
{'MSE - mean': 383.992360462449, 'MSE - std': 0.0, 'R2 - mean': 0.6249116785075788, 'R2 - std': 0.0} 
 

Saved Losses
{'MSE - mean': 253.8322361448374, 'MSE - std': 130.16012431761163, 'R2 - mean': 0.753568668217674, 'R2 - std': 0.1286569897100952} 
 

Saved Losses
{'MSE - mean': 259.04221906839376, 'MSE - std': 106.53040169694084, 'R2 - mean': 0.7990500921173572, 'R2 - std': 0.1231754866334791} 
 

Saved Losses
{'MSE - mean': 273.4838737179546, 'MSE - std': 95.5888541166554, 'R2 - mean': 0.8033305326061887, 'R2 - std': 0.10693043015382046} 
 

Saved Losses
{'MSE - mean': 276.1047380991956, 'MSE - std': 85.65780142805215, 'R2 - mean': 0.8158689499997303, 'R2 - std': 0.09887437057824201} 
 

Saving model.....
Results After CV: {'MSE - mean': 276.1047380991956, 'MSE - std': 85.65780142805215, 'R2 - mean': 0.8158689499997303, 'R2 - std': 0.09887437057824201}
Train time: 0.3926781258000034
Inference time: 0.022947465399997213
Finished cross validation
Hyperparam was saved!!! Hurrah!!!
Trial 42 finished with value: 276.1047380991956 and parameters: {'max_depth': 11, 'n_estimators': 56}. Best is trial 38 with value: 274.78052576294664.
Saved Losses
{'MSE - mean': 392.62848769721205, 'MSE - std': 0.0, 'R2 - mean': 0.6164758063335045, 'R2 - std': 0.0} 
 

Saved Losses
{'MSE - mean': 257.3767990740338, 'MSE - std': 135.25168862317827, 'R2 - mean': 0.7500873455295467, 'R2 - std': 0.13361153919604224} 
 

Saved Losses
{'MSE - mean': 262.56188705385495, 'MSE - std': 110.67572659951722, 'R2 - mean': 0.7962571073584375, 'R2 - std': 0.12714030079232683} 
 

Saved Losses
{'MSE - mean': 276.4798754741265, 'MSE - std': 98.83303369192282, 'R2 - mean': 0.8010290797342063, 'R2 - std': 0.11041651699468613} 
 

Saved Losses
{'MSE - mean': 278.1633666665208, 'MSE - std': 88.46305109693243, 'R2 - mean': 0.8141858804345261, 'R2 - std': 0.10220494801555348} 
 

Saving model.....
Results After CV: {'MSE - mean': 278.1633666665208, 'MSE - std': 88.46305109693243, 'R2 - mean': 0.8141858804345261, 'R2 - std': 0.10220494801555348}
Train time: 0.427537393800003
Inference time: 0.026275849199998903
Finished cross validation
Hyperparam was saved!!! Hurrah!!!
Trial 43 finished with value: 278.1633666665208 and parameters: {'max_depth': 9, 'n_estimators': 80}. Best is trial 38 with value: 274.78052576294664.
Saved Losses
{'MSE - mean': 449.5750979345159, 'MSE - std': 0.0, 'R2 - mean': 0.5608496776707645, 'R2 - std': 0.0} 
 

Saved Losses
{'MSE - mean': 284.69094036428044, 'MSE - std': 164.88415757023543, 'R2 - mean': 0.7233781659400746, 'R2 - std': 0.16252848826931005} 
 

Saved Losses
{'MSE - mean': 287.652557188034, 'MSE - std': 134.69248665083597, 'R2 - mean': 0.7756422534702615, 'R2 - std': 0.15189933955352652} 
 

Saved Losses
{'MSE - mean': 289.9280620917526, 'MSE - std': 116.71368059417784, 'R2 - mean': 0.7886837719551865, 'R2 - std': 0.1334739698622023} 
 

Saved Losses
{'MSE - mean': 287.71710423030436, 'MSE - std': 104.48550104647157, 'R2 - mean': 0.8048728727605567, 'R2 - std': 0.12369554739022194} 
 

Saving model.....
Results After CV: {'MSE - mean': 287.71710423030436, 'MSE - std': 104.48550104647157, 'R2 - mean': 0.8048728727605567, 'R2 - std': 0.12369554739022194}
Train time: 0.34434352659999945
Inference time: 0.02049513519999948
Finished cross validation
Hyperparam was saved!!! Hurrah!!!
Trial 44 finished with value: 287.71710423030436 and parameters: {'max_depth': 11, 'n_estimators': 55}. Best is trial 38 with value: 274.78052576294664.
Saved Losses
{'MSE - mean': 480.5763586884908, 'MSE - std': 0.0, 'R2 - mean': 0.5305672760981051, 'R2 - std': 0.0} 
 

Saved Losses
{'MSE - mean': 297.25048450329996, 'MSE - std': 183.32587418519083, 'R2 - mean': 0.711037794633703, 'R2 - std': 0.18047051853559787} 
 

Saved Losses
{'MSE - mean': 309.90534206480083, 'MSE - std': 150.75103627166226, 'R2 - mean': 0.7617500044540736, 'R2 - std': 0.1638796158467214} 
 

Saved Losses
{'MSE - mean': 317.48431701832834, 'MSE - std': 131.2125328875775, 'R2 - mean': 0.7719592083375448, 'R2 - std': 0.14302125680944977} 
 

Saved Losses
{'MSE - mean': 309.7823675213268, 'MSE - std': 118.3666470490583, 'R2 - mean': 0.7914837508043004, 'R2 - std': 0.13374937365695677} 
 

Saving model.....
Results After CV: {'MSE - mean': 309.7823675213268, 'MSE - std': 118.3666470490583, 'R2 - mean': 0.7914837508043004, 'R2 - std': 0.13374937365695677}
Train time: 0.16189552660000003
Inference time: 0.012636695999998438
Finished cross validation
Hyperparam was saved!!! Hurrah!!!
Trial 45 finished with value: 309.7823675213268 and parameters: {'max_depth': 10, 'n_estimators': 24}. Best is trial 38 with value: 274.78052576294664.
Saved Losses
{'MSE - mean': 439.6762398324449, 'MSE - std': 0.0, 'R2 - mean': 0.5705190004294931, 'R2 - std': 0.0} 
 

Saved Losses
{'MSE - mean': 277.82325226400286, 'MSE - std': 161.85298756844202, 'R2 - mean': 0.7300396069717845, 'R2 - std': 0.15952060654229144} 
 

Saved Losses
{'MSE - mean': 269.64983227732944, 'MSE - std': 132.65696103777316, 'R2 - mean': 0.7855626307636561, 'R2 - std': 0.15208603360071946} 
 

Saved Losses
{'MSE - mean': 280.27320920584714, 'MSE - std': 116.34848686566164, 'R2 - mean': 0.7938917246768953, 'R2 - std': 0.1324980853769067} 
 

Saved Losses
{'MSE - mean': 284.772860760292, 'MSE - std': 104.45364413551546, 'R2 - mean': 0.8068047971600564, 'R2 - std': 0.12129131818336518} 
 

Saving model.....
Results After CV: {'MSE - mean': 284.772860760292, 'MSE - std': 104.45364413551546, 'R2 - mean': 0.8068047971600564, 'R2 - std': 0.12129131818336518}
Train time: 0.22614422379999724
Inference time: 0.013603143200001
Finished cross validation
Hyperparam was saved!!! Hurrah!!!
Trial 46 finished with value: 284.772860760292 and parameters: {'max_depth': 12, 'n_estimators': 33}. Best is trial 38 with value: 274.78052576294664.
Saved Losses
{'MSE - mean': 513.7725847525927, 'MSE - std': 0.0, 'R2 - mean': 0.49814080620877876, 'R2 - std': 0.0} 
 

Saved Losses
{'MSE - mean': 355.94362789644146, 'MSE - std': 157.82895685615128, 'R2 - mean': 0.6547369891604948, 'R2 - std': 0.15659618295171607} 
 

Saved Losses
{'MSE - mean': 354.00427733750695, 'MSE - std': 128.8959861388817, 'R2 - mean': 0.7221874460771808, 'R2 - std': 0.15952232222034307} 
 

Saved Losses
{'MSE - mean': 364.7082897461932, 'MSE - std': 113.15634793051609, 'R2 - mean': 0.7340768929080181, 'R2 - std': 0.1396767887043447} 
 

Saved Losses
{'MSE - mean': 373.09706205837153, 'MSE - std': 102.59129234589011, 'R2 - mean': 0.7492402763210556, 'R2 - std': 0.12855892434339067} 
 

Saving model.....
Results After CV: {'MSE - mean': 373.09706205837153, 'MSE - std': 102.59129234589011, 'R2 - mean': 0.7492402763210556, 'R2 - std': 0.12855892434339067}
Train time: 0.1760534130000025
Inference time: 0.02060245040000268
Finished cross validation
Hyperparam was saved!!! Hurrah!!!
Trial 47 finished with value: 373.09706205837153 and parameters: {'max_depth': 4, 'n_estimators': 45}. Best is trial 38 with value: 274.78052576294664.
Saved Losses
{'MSE - mean': 500.4395715247992, 'MSE - std': 0.0, 'R2 - mean': 0.5111646526885014, 'R2 - std': 0.0} 
 

Saved Losses
{'MSE - mean': 310.54725167751116, 'MSE - std': 189.89231984728806, 'R2 - mean': 0.6981318025190963, 'R2 - std': 0.18696714983059493} 
 

Saved Losses
{'MSE - mean': 308.4004463066924, 'MSE - std': 155.0761521680779, 'R2 - mean': 0.757378516821141, 'R2 - std': 0.17414023962033293} 
 

Saved Losses
{'MSE - mean': 304.3289407895427, 'MSE - std': 134.48491067763393, 'R2 - mean': 0.7756590809328907, 'R2 - std': 0.154097872678378} 
 

Saved Losses
{'MSE - mean': 304.69677375587514, 'MSE - std': 120.28921050676752, 'R2 - mean': 0.7919011026171885, 'R2 - std': 0.14160556685658257} 
 

Saving model.....
Results After CV: {'MSE - mean': 304.69677375587514, 'MSE - std': 120.28921050676752, 'R2 - mean': 0.7919011026171885, 'R2 - std': 0.14160556685658257}
Train time: 0.30535381920000193
Inference time: 0.022900389999998085
Finished cross validation
Hyperparam was saved!!! Hurrah!!!
