Trial 26 finished with value: 0.5211386891975187 and parameters: {'max_depth': 4, 'n_estimators': 20}. Best is trial 21 with value: 0.4872012739173416.
Saved Losses
{'MSE - mean': 0.4548134691843793, 'MSE - std': 0.0, 'R2 - mean': 0.17238986560127023, 'R2 - std': 0.0} 
 

Saved Losses
{'MSE - mean': 0.4590158280316062, 'MSE - std': 0.004202358847226861, 'R2 - mean': 0.2725526779638255, 'R2 - std': 0.10016281236255525} 
 

Saved Losses
{'MSE - mean': 0.48769654375616306, 'MSE - std': 0.04070552938114916, 'R2 - mean': 0.25132472620479634, 'R2 - std': 0.08711856590504484} 
 

Saved Losses
{'MSE - mean': 0.49682796450676786, 'MSE - std': 0.03863746402681505, 'R2 - mean': 0.27134051762875755, 'R2 - std': 0.08303089252197818} 
 

Saved Losses
{'MSE - mean': 0.4953560997870884, 'MSE - std': 0.03468354716794247, 'R2 - mean': 0.2546123118062762, 'R2 - std': 0.08145326740256789} 
 

Saving model.....
Results After CV: {'MSE - mean': 0.4953560997870884, 'MSE - std': 0.03468354716794247, 'R2 - mean': 0.2546123118062762, 'R2 - std': 0.08145326740256789}
Train time: 0.3271782603999995
Inference time: 0.025802462600000808
Finished cross validation
Hyperparam was saved!!! Hurrah!!!
Trial 27 finished with value: 0.4953560997870884 and parameters: {'max_depth': 7, 'n_estimators': 77}. Best is trial 21 with value: 0.4872012739173416.
Saved Losses
{'MSE - mean': 0.4226874742451832, 'MSE - std': 0.0, 'R2 - mean': 0.2308485542522487, 'R2 - std': 0.0} 
 

Saved Losses
{'MSE - mean': 0.45786585002366953, 'MSE - std': 0.03517837577848629, 'R2 - mean': 0.2815869903027827, 'R2 - std': 0.05073843605053402} 
 

Saved Losses
{'MSE - mean': 0.4881750747766547, 'MSE - std': 0.05159758029076756, 'R2 - mean': 0.25554026470759994, 'R2 - std': 0.05543575642456999} 
 

Saved Losses
{'MSE - mean': 0.4994492740985744, 'MSE - std': 0.048765309698060734, 'R2 - mean': 0.27161660975524404, 'R2 - std': 0.055499449799488336} 
 

Saved Losses
{'MSE - mean': 0.5021550845389506, 'MSE - std': 0.04395145031185224, 'R2 - mean': 0.24703005865816632, 'R2 - std': 0.06987234876425436} 
 

Saving model.....
Results After CV: {'MSE - mean': 0.5021550845389506, 'MSE - std': 0.04395145031185224, 'R2 - mean': 0.24703005865816632, 'R2 - std': 0.06987234876425436}
Train time: 0.12900094740000015
Inference time: 0.01389514559999867
Finished cross validation
Hyperparam was saved!!! Hurrah!!!
Trial 28 finished with value: 0.5021550845389506 and parameters: {'max_depth': 5, 'n_estimators': 34}. Best is trial 21 with value: 0.4872012739173416.
Saved Losses
{'MSE - mean': 0.49245505232196013, 'MSE - std': 0.0, 'R2 - mean': 0.1038946301032092, 'R2 - std': 0.0} 
 

Saved Losses
{'MSE - mean': 0.48488157873771537, 'MSE - std': 0.007573473584244761, 'R2 - mean': 0.22876486109631855, 'R2 - std': 0.12487023099310934} 
 

Saved Losses
{'MSE - mean': 0.5221601250901027, 'MSE - std': 0.0530812431189054, 'R2 - mean': 0.19713903156893162, 'R2 - std': 0.11133479201087892} 
 

Saved Losses
{'MSE - mean': 0.5334722508151415, 'MSE - std': 0.04997105505733809, 'R2 - mean': 0.21693086965579111, 'R2 - std': 0.10233145898817549} 
 

Saved Losses
{'MSE - mean': 0.5239267448871945, 'MSE - std': 0.048601973298588404, 'R2 - mean': 0.21232060393031116, 'R2 - std': 0.0919913050193172} 
 

Saving model.....
Results After CV: {'MSE - mean': 0.5239267448871945, 'MSE - std': 0.048601973298588404, 'R2 - mean': 0.21232060393031116, 'R2 - std': 0.0919913050193172}
Train time: 0.05193477560000019
Inference time: 0.0067105189999992374
Finished cross validation
Hyperparam was saved!!! Hurrah!!!
Trial 29 finished with value: 0.5239267448871945 and parameters: {'max_depth': 8, 'n_estimators': 8}. Best is trial 21 with value: 0.4872012739173416.
Saved Losses
{'MSE - mean': 0.4573768149335803, 'MSE - std': 0.0, 'R2 - mean': 0.16772542388231448, 'R2 - std': 0.0} 
 

Saved Losses
{'MSE - mean': 0.45995504439826684, 'MSE - std': 0.0025782294646865267, 'R2 - mean': 0.27068420759764117, 'R2 - std': 0.10295878371532668} 
 

Saved Losses
{'MSE - mean': 0.4948543424153402, 'MSE - std': 0.0493999343685535, 'R2 - mean': 0.24059862825577008, 'R2 - std': 0.09421938016193016} 
 

Saved Losses
{'MSE - mean': 0.49892581964039834, 'MSE - std': 0.04335891969474731, 'R2 - mean': 0.26746725107300107, 'R2 - std': 0.09393475062434357} 
 

Saved Losses
{'MSE - mean': 0.503652818860928, 'MSE - std': 0.039917099346019516, 'R2 - mean': 0.2405300365667257, 'R2 - std': 0.09980703382685244} 
 

Saving model.....
Results After CV: {'MSE - mean': 0.503652818860928, 'MSE - std': 0.039917099346019516, 'R2 - mean': 0.2405300365667257, 'R2 - std': 0.09980703382685244}
Train time: 0.20858443939999916
Inference time: 0.01607674539999948
Finished cross validation
Hyperparam was saved!!! Hurrah!!!
Trial 30 finished with value: 0.503652818860928 and parameters: {'max_depth': 9, 'n_estimators': 43}. Best is trial 21 with value: 0.4872012739173416.
Saved Losses
{'MSE - mean': 0.4520639841843196, 'MSE - std': 0.0, 'R2 - mean': 0.17739301921171058, 'R2 - std': 0.0} 
 

Saved Losses
{'MSE - mean': 0.44233027382381473, 'MSE - std': 0.009733710360504882, 'R2 - mean': 0.2957879722414138, 'R2 - std': 0.11839495302970321} 
 

Saved Losses
{'MSE - mean': 0.47974137754029905, 'MSE - std': 0.053500885732473864, 'R2 - mean': 0.262215910548348, 'R2 - std': 0.10769900922439564} 
 

Saved Losses
{'MSE - mean': 0.49008860321677716, 'MSE - std': 0.04967850458920158, 'R2 - mean': 0.2804948011662483, 'R2 - std': 0.09849700994243855} 
 

Saved Losses
{'MSE - mean': 0.4872281521819072, 'MSE - std': 0.04480057784300345, 'R2 - mean': 0.26647704427441915, 'R2 - std': 0.09245171067749026} 
 

Saving model.....
Results After CV: {'MSE - mean': 0.4872281521819072, 'MSE - std': 0.04480057784300345, 'R2 - mean': 0.26647704427441915, 'R2 - std': 0.09245171067749026}
Train time: 0.3345438476000012
Inference time: 0.02516976860000142
Finished cross validation
Hyperparam was saved!!! Hurrah!!!
Trial 31 finished with value: 0.4872281521819072 and parameters: {'max_depth': 7, 'n_estimators': 79}. Best is trial 21 with value: 0.4872012739173416.
Saved Losses
{'MSE - mean': 0.4510405403858475, 'MSE - std': 0.0, 'R2 - mean': 0.17925534853349168, 'R2 - std': 0.0} 
 

Saved Losses
{'MSE - mean': 0.4574658076638339, 'MSE - std': 0.006425267277986368, 'R2 - mean': 0.27552981096009155, 'R2 - std': 0.09627446242659987} 
 

Saved Losses
{'MSE - mean': 0.4874625609296375, 'MSE - std': 0.04274497770937205, 'R2 - mean': 0.25214923459184485, 'R2 - std': 0.08527886087991965} 
 

Saved Losses
{'MSE - mean': 0.4989112175446152, 'MSE - std': 0.041994821756902966, 'R2 - mean': 0.2690780195106024, 'R2 - std': 0.07946140170679834} 
 

Saved Losses
{'MSE - mean': 0.4992440387798688, 'MSE - std': 0.037567208086491916, 'R2 - mean': 0.2491158813831417, 'R2 - std': 0.08151833734471416} 
 

Saving model.....
Results After CV: {'MSE - mean': 0.4992440387798688, 'MSE - std': 0.037567208086491916, 'R2 - mean': 0.2491158813831417, 'R2 - std': 0.08151833734471416}
Train time: 0.3186784334000009
Inference time: 0.02445326360000024
Finished cross validation
Hyperparam was saved!!! Hurrah!!!
Trial 32 finished with value: 0.4992440387798688 and parameters: {'max_depth': 6, 'n_estimators': 81}. Best is trial 21 with value: 0.4872012739173416.
Saved Losses
{'MSE - mean': 0.46344930421432035, 'MSE - std': 0.0, 'R2 - mean': 0.15667550119910834, 'R2 - std': 0.0} 
 

Saved Losses
{'MSE - mean': 0.45654039357267384, 'MSE - std': 0.006908910641646477, 'R2 - mean': 0.2738949714800151, 'R2 - std': 0.11721947028090679} 
 

Saved Losses
{'MSE - mean': 0.4926030027558752, 'MSE - std': 0.05131126185387384, 'R2 - mean': 0.24270271418676723, 'R2 - std': 0.10538587811176259} 
 

Saved Losses
{'MSE - mean': 0.49817597951782716, 'MSE - std': 0.045473161367397534, 'R2 - mean': 0.2678481084977833, 'R2 - std': 0.10112620849319874} 
 

Saved Losses
{'MSE - mean': 0.4967901869772538, 'MSE - std': 0.04076675615815337, 'R2 - mean': 0.251228121699021, 'R2 - std': 0.0963644326509115} 
 

Saving model.....
Results After CV: {'MSE - mean': 0.4967901869772538, 'MSE - std': 0.04076675615815337, 'R2 - mean': 0.251228121699021, 'R2 - std': 0.0963644326509115}
Train time: 0.23382722579999893
Inference time: 0.02022538119999808
Finished cross validation
Hyperparam was saved!!! Hurrah!!!
Trial 33 finished with value: 0.4967901869772538 and parameters: {'max_depth': 7, 'n_estimators': 54}. Best is trial 21 with value: 0.4872012739173416.
Saved Losses
{'MSE - mean': 0.4638383534828854, 'MSE - std': 0.0, 'R2 - mean': 0.1559675601655628, 'R2 - std': 0.0} 
 

Saved Losses
{'MSE - mean': 0.46780653799881616, 'MSE - std': 0.003968184515930784, 'R2 - mean': 0.2585479463096129, 'R2 - std': 0.10258038614405013} 
 

Saved Losses
{'MSE - mean': 0.5032857028361163, 'MSE - std': 0.050279617480707535, 'R2 - mean': 0.22786741647536446, 'R2 - std': 0.09432786917340692} 
 

Saved Losses
{'MSE - mean': 0.5120675493852616, 'MSE - std': 0.04612366460877659, 'R2 - mean': 0.24922264976954717, 'R2 - std': 0.08967412193182289} 
 

Saved Losses
{'MSE - mean': 0.5123509560283513, 'MSE - std': 0.041258153459112996, 'R2 - mean': 0.22894685855589633, 'R2 - std': 0.08987541016736997} 
 

Saving model.....
Results After CV: {'MSE - mean': 0.5123509560283513, 'MSE - std': 0.041258153459112996, 'R2 - mean': 0.22894685855589633, 'R2 - std': 0.08987541016736997}
Train time: 0.1465819428000003
Inference time: 0.012051518800001304
Finished cross validation
Hyperparam was saved!!! Hurrah!!!
Trial 34 finished with value: 0.5123509560283513 and parameters: {'max_depth': 8, 'n_estimators': 32}. Best is trial 21 with value: 0.4872012739173416.
Saved Losses
{'MSE - mean': 0.4420012145115592, 'MSE - std': 0.0, 'R2 - mean': 0.19570393286216037, 'R2 - std': 0.0} 
 

Saved Losses
{'MSE - mean': 0.4464749109313938, 'MSE - std': 0.004473696419834555, 'R2 - mean': 0.2925173702699091, 'R2 - std': 0.09681343740774873} 
 

Saved Losses
{'MSE - mean': 0.480504154813074, 'MSE - std': 0.04826304505611899, 'R2 - mean': 0.2629388900603708, 'R2 - std': 0.08943340590339544} 
 

Saved Losses
{'MSE - mean': 0.4902967846398494, 'MSE - std': 0.04510740444028543, 'R2 - mean': 0.2815011690584587, 'R2 - std': 0.0838595562438753} 
 

Saved Losses
{'MSE - mean': 0.4943325675752691, 'MSE - std': 0.04114477517108197, 'R2 - mean': 0.2557683559151912, 'R2 - std': 0.09096510774907604} 
 

Saving model.....
Results After CV: {'MSE - mean': 0.4943325675752691, 'MSE - std': 0.04114477517108197, 'R2 - mean': 0.2557683559151912, 'R2 - std': 0.09096510774907604}
Train time: 0.16945189320000226
Inference time: 0.015392405600000814
Finished cross validation
Hyperparam was saved!!! Hurrah!!!
Trial 35 finished with value: 0.4943325675752691 and parameters: {'max_depth': 6, 'n_estimators': 42}. Best is trial 21 with value: 0.4872012739173416.
Saved Losses
{'MSE - mean': 0.45390442457427405, 'MSE - std': 0.0, 'R2 - mean': 0.17404402622516912, 'R2 - std': 0.0} 
 

Saved Losses
{'MSE - mean': 0.460577948016351, 'MSE - std': 0.006673523442076945, 'R2 - mean': 0.2706488454882907, 'R2 - std': 0.09660481926312159} 
 

Saved Losses
{'MSE - mean': 0.4969443500644064, 'MSE - std': 0.05171770495613262, 'R2 - mean': 0.23814423338858512, 'R2 - std': 0.09129490868651026} 
 

Saved Losses
{'MSE - mean': 0.5067406358035904, 'MSE - std': 0.04789511872099712, 'R2 - mean': 0.2576584078217309, 'R2 - std': 0.08598534337595219} 
 

Saved Losses
{'MSE - mean': 0.5058188122309514, 'MSE - std': 0.042878350628668294, 'R2 - mean': 0.23946367381010836, 'R2 - std': 0.08508217676692988} 
 

Saving model.....
Results After CV: {'MSE - mean': 0.5058188122309514, 'MSE - std': 0.042878350628668294, 'R2 - mean': 0.23946367381010836, 'R2 - std': 0.08508217676692988}
Train time: 0.13143397920000127
Inference time: 0.013898220999999466
Finished cross validation
Hyperparam was saved!!! Hurrah!!!
Trial 36 finished with value: 0.5058188122309514 and parameters: {'max_depth': 9, 'n_estimators': 27}. Best is trial 21 with value: 0.4872012739173416.
Saved Losses
{'MSE - mean': 0.4377276363380023, 'MSE - std': 0.0, 'R2 - mean': 0.20348043212222755, 'R2 - std': 0.0} 
 

Saved Losses
{'MSE - mean': 0.461067298069143, 'MSE - std': 0.02333966173114066, 'R2 - mean': 0.27375117022050605, 'R2 - std': 0.0702707380982785} 
 

Saved Losses
{'MSE - mean': 0.4918050345778699, 'MSE - std': 0.04746342554545794, 'R2 - mean': 0.24814548874060705, 'R2 - std': 0.06784752220986398} 
 

Saved Losses
{'MSE - mean': 0.5047319489703015, 'MSE - std': 0.04680702853749309, 'R2 - mean': 0.2628051491127905, 'R2 - std': 0.06400923081241322} 
 

Saved Losses
{'MSE - mean': 0.5084813215126281, 'MSE - std': 0.04253174713378661, 'R2 - mean': 0.23649566190552704, 'R2 - std': 0.07775925521630257} 
 

Saving model.....
Results After CV: {'MSE - mean': 0.5084813215126281, 'MSE - std': 0.04253174713378661, 'R2 - mean': 0.23649566190552704, 'R2 - std': 0.07775925521630257}
Train time: 0.28095429019999896
Inference time: 0.022930221599996515
Finished cross validation
Hyperparam was saved!!! Hurrah!!!
Trial 37 finished with value: 0.5084813215126281 and parameters: {'max_depth': 5, 'n_estimators': 81}. Best is trial 21 with value: 0.4872012739173416.
Saved Losses
{'MSE - mean': 0.45342103973638964, 'MSE - std': 0.0, 'R2 - mean': 0.17492362680376516, 'R2 - std': 0.0} 
 

Saved Losses
{'MSE - mean': 0.45900001190027706, 'MSE - std': 0.005578972163887391, 'R2 - mean': 0.27289817095622554, 'R2 - std': 0.09797454415246037} 
 

Saved Losses
{'MSE - mean': 0.4932594306023665, 'MSE - std': 0.048663800644973915, 'R2 - mean': 0.24346542921760916, 'R2 - std': 0.09017712260005742} 
 

Saved Losses
{'MSE - mean': 0.5034440268772343, 'MSE - std': 0.045687001693659864, 'R2 - mean': 0.2623290094033987, 'R2 - std': 0.08465482297303843} 
 

Saved Losses
{'MSE - mean': 0.5013970639984959, 'MSE - std': 0.04106825936307641, 'R2 - mean': 0.24616156779138879, 'R2 - std': 0.08233283619060006} 
 

Saving model.....
Results After CV: {'MSE - mean': 0.5013970639984959, 'MSE - std': 0.04106825936307641, 'R2 - mean': 0.24616156779138879, 'R2 - std': 0.08233283619060006}
Train time: 0.24431834100000033
Inference time: 0.019515954199998475
Finished cross validation
Hyperparam was saved!!! Hurrah!!!
Trial 38 finished with value: 0.5013970639984959 and parameters: {'max_depth': 7, 'n_estimators': 57}. Best is trial 21 with value: 0.4872012739173416.
Saved Losses
{'MSE - mean': 0.43646279913524694, 'MSE - std': 0.0, 'R2 - mean': 0.20578201762549353, 'R2 - std': 0.0} 
 

Saved Losses
{'MSE - mean': 0.46749533121092013, 'MSE - std': 0.031032532075673164, 'R2 - mean': 0.26534078395276345, 'R2 - std': 0.05955876632726992} 
 

Saved Losses
{'MSE - mean': 0.5031454515422923, 'MSE - std': 0.05642582910896759, 'R2 - mean': 0.23229840774697175, 'R2 - std': 0.06744203695224292} 
 

Saved Losses
{'MSE - mean': 0.5160107944691319, 'MSE - std': 0.05370713908645069, 'R2 - mean': 0.24738237371753352, 'R2 - std': 0.06398358656252376} 
 

Saved Losses
{'MSE - mean': 0.5220822300408304, 'MSE - std': 0.04954810541974573, 'R2 - mean': 0.2165602738257563, 'R2 - std': 0.08411377322696892} 
 

Saving model.....
Results After CV: {'MSE - mean': 0.5220822300408304, 'MSE - std': 0.04954810541974573, 'R2 - mean': 0.2165602738257563, 'R2 - std': 0.08411377322696892}
Train time: 0.16778018620000096
Inference time: 0.01758815980000037
Finished cross validation
Hyperparam was saved!!! Hurrah!!!
Trial 39 finished with value: 0.5220822300408304 and parameters: {'max_depth': 4, 'n_estimators': 48}. Best is trial 21 with value: 0.4872012739173416.
Saved Losses
{'MSE - mean': 0.4572542157529041, 'MSE - std': 0.0, 'R2 - mean': 0.16794851385495435, 'R2 - std': 0.0} 
 

Saved Losses
{'MSE - mean': 0.45562853912984996, 'MSE - std': 0.0016256766230541286, 'R2 - mean': 0.2765716429272533, 'R2 - std': 0.10862312907229893} 
 

Saved Losses
{'MSE - mean': 0.4915155866334658, 'MSE - std': 0.05076930411224938, 'R2 - mean': 0.2451831571590887, 'R2 - std': 0.09917894697939385} 
 

Saved Losses
{'MSE - mean': 0.4956370398060046, 'MSE - std': 0.04454324650036003, 'R2 - mean': 0.27190649926928556, 'R2 - std': 0.09756925070723828} 
 

Saved Losses
{'MSE - mean': 0.49813052090745125, 'MSE - std': 0.04015159323173309, 'R2 - mean': 0.24887966574074988, 'R2 - std': 0.09867495729039416} 
 

Saving model.....
Results After CV: {'MSE - mean': 0.49813052090745125, 'MSE - std': 0.04015159323173309, 'R2 - mean': 0.24887966574074988, 'R2 - std': 0.09867495729039416}
Train time: 0.0946795152000007
Inference time: 0.012186627200000544
Finished cross validation
Hyperparam was saved!!! Hurrah!!!
Trial 40 finished with value: 0.49813052090745125 and parameters: {'max_depth': 6, 'n_estimators': 22}. Best is trial 21 with value: 0.4872012739173416.
Saved Losses
{'MSE - mean': 0.4391594875333831, 'MSE - std': 0.0, 'R2 - mean': 0.20087493637388676, 'R2 - std': 0.0} 
 

Saved Losses
{'MSE - mean': 0.44636011307677126, 'MSE - std': 0.007200625543388212, 'R2 - mean': 0.29333421361743656, 'R2 - std': 0.0924592772435498} 
 

Saved Losses
{'MSE - mean': 0.4789397576876982, 'MSE - std': 0.04644816994700657, 'R2 - mean': 0.2656430327743956, 'R2 - std': 0.08504556597434734} 
 

Saved Losses
{'MSE - mean': 0.4897264594448152, 'MSE - std': 0.04435237505433587, 'R2 - mean': 0.2827602228310789, 'R2 - std': 0.07939493563970343} 
 

Saved Losses
{'MSE - mean': 0.49576396160516767, 'MSE - std': 0.041467002154887245, 'R2 - mean': 0.25364293152095574, 'R2 - std': 0.09183741752216476} 
 

Saving model.....
Results After CV: {'MSE - mean': 0.49576396160516767, 'MSE - std': 0.041467002154887245, 'R2 - mean': 0.25364293152095574, 'R2 - std': 0.09183741752216476}
Train time: 0.1547611008000004
Inference time: 0.013726036599999247
Finished cross validation
Hyperparam was saved!!! Hurrah!!!
Trial 41 finished with value: 0.49576396160516767 and parameters: {'max_depth': 6, 'n_estimators': 40}. Best is trial 21 with value: 0.4872012739173416.
Saved Losses
{'MSE - mean': 0.4761629246165157, 'MSE - std': 0.0, 'R2 - mean': 0.13354091569832194, 'R2 - std': 0.0} 
 

Saved Losses
{'MSE - mean': 0.46096555483052365, 'MSE - std': 0.015197369785992065, 'R2 - mean': 0.2649434945471986, 'R2 - std': 0.13140257884887668} 
 

Saved Losses
{'MSE - mean': 0.48852645049282944, 'MSE - std': 0.04090451448220763, 'R2 - mean': 0.2469339956135266, 'R2 - std': 0.1102713739936195} 
 

Saved Losses
{'MSE - mean': 0.5011112643585887, 'MSE - std': 0.04159347423426259, 'R2 - mean': 0.26337826309874734, 'R2 - std': 0.09965477279692622} 
 

Saved Losses
{'MSE - mean': 0.5025002280626704, 'MSE - std': 0.03730590515972021, 'R2 - mean': 0.24207312883576182, 'R2 - std': 0.09879521231730284} 
 

Saving model.....
Results After CV: {'MSE - mean': 0.5025002280626704, 'MSE - std': 0.03730590515972021, 'R2 - mean': 0.24207312883576182, 'R2 - std': 0.09879521231730284}
Train time: 0.1506352923999998
Inference time: 0.036623690199998296
Finished cross validation
Hyperparam was saved!!! Hurrah!!!
Trial 42 finished with value: 0.5025002280626704 and parameters: {'max_depth': 8, 'n_estimators': 31}. Best is trial 21 with value: 0.4872012739173416.
Saved Losses
{'MSE - mean': 0.447508548517602, 'MSE - std': 0.0, 'R2 - mean': 0.18568240591597396, 'R2 - std': 0.0} 
 

Saved Losses
{'MSE - mean': 0.4730336345517656, 'MSE - std': 0.025525086034163563, 'R2 - mean': 0.2552700848057798, 'R2 - std': 0.06958767888980583} 
 

Saved Losses
{'MSE - mean': 0.5035386602055091, 'MSE - std': 0.04791102717508844, 'R2 - mean': 0.23037297355562938, 'R2 - std': 0.06684331678922893} 
 

Saved Losses
{'MSE - mean': 0.5122974985446619, 'MSE - std': 0.04417863330710096, 'R2 - mean': 0.2510505053292488, 'R2 - std': 0.06807130607154549} 
 

Saved Losses
{'MSE - mean': 0.510546133419725, 'MSE - std': 0.03966951514589021, 'R2 - mean': 0.23370963755824897, 'R2 - std': 0.07006985763103858} 
 

Saving model.....
Results After CV: {'MSE - mean': 0.510546133419725, 'MSE - std': 0.03966951514589021, 'R2 - mean': 0.23370963755824897, 'R2 - std': 0.07006985763103858}
Train time: 0.1653825737999995
Inference time: 0.016341301600002113
Finished cross validation
Hyperparam was saved!!! Hurrah!!!
Trial 43 finished with value: 0.510546133419725 and parameters: {'max_depth': 5, 'n_estimators': 44}. Best is trial 21 with value: 0.4872012739173416.
Saved Losses
{'MSE - mean': 0.45620000536366173, 'MSE - std': 0.0, 'R2 - mean': 0.16986682819927235, 'R2 - std': 0.0} 
 

Saved Losses
{'MSE - mean': 0.4508483683365587, 'MSE - std': 0.005351637027102979, 'R2 - mean': 0.28329025049286005, 'R2 - std': 0.1134234222935877} 
 

Saved Losses
{'MSE - mean': 0.4911205678751731, 'MSE - std': 0.05712086709136323, 'R2 - mean': 0.2456100915248449, 'R2 - std': 0.10684648134700618} 
 

Saved Losses
{'MSE - mean': 0.5051633998252846, 'MSE - std': 0.05512439097612874, 'R2 - mean': 0.2596985677681861, 'R2 - std': 0.09569526331409867} 
 

Saved Losses
{'MSE - mean': 0.5075788207973799, 'MSE - std': 0.049540849995544436, 'R2 - mean': 0.23608096051473226, 'R2 - std': 0.0977610977133406} 
 

Saving model.....
Results After CV: {'MSE - mean': 0.5075788207973799, 'MSE - std': 0.049540849995544436, 'R2 - mean': 0.23608096051473226, 'R2 - std': 0.0977610977133406}
Train time: 0.18452126039999825
Inference time: 0.013436438400002259
Finished cross validation
Hyperparam was saved!!! Hurrah!!!
