[I 2025-01-23 14:33:10,351] Trial 165 finished with value: 4.578691607309274 and parameters: {'max_depth': 8, 'n_estimators': 79}. Best is trial 131 with value: 4.553777553792237.
[I 2025-01-23 14:33:20,153] Trial 166 finished with value: 4.609498237758027 and parameters: {'max_depth': 11, 'n_estimators': 96}. Best is trial 131 with value: 4.553777553792237.
[I 2025-01-23 14:33:23,059] Trial 167 finished with value: 4.555421522658158 and parameters: {'max_depth': 9, 'n_estimators': 89}. Best is trial 131 with value: 4.553777553792237.
[I 2025-01-23 14:33:28,257] Trial 168 finished with value: 4.573806957800295 and parameters: {'max_depth': 9, 'n_estimators': 89}. Best is trial 131 with value: 4.553777553792237.
[I 2025-01-23 14:33:35,619] Trial 169 finished with value: 4.6028108928185505 and parameters: {'max_depth': 8, 'n_estimators': 86}. Best is trial 131 with value: 4.553777553792237.
[I 2025-01-23 14:33:43,797] Trial 170 finished with value: 4.585552543225205 and parameters: {'max_depth': 9, 'n_estimators': 100}. Best is trial 131 with value: 4.553777553792237.
[I 2025-01-23 14:33:45,908] Trial 171 finished with value: 4.592768039248872 and parameters: {'max_depth': 9, 'n_estimators': 91}. Best is trial 131 with value: 4.553777553792237.
[I 2025-01-23 14:33:47,927] Trial 172 finished with value: 4.57143694001425 and parameters: {'max_depth': 10, 'n_estimators': 82}. Best is trial 131 with value: 4.553777553792237.
[I 2025-01-23 14:33:49,817] Trial 173 finished with value: 4.619662480172987 and parameters: {'max_depth': 7, 'n_estimators': 81}. Best is trial 131 with value: 4.553777553792237.
[I 2025-01-23 14:33:51,995] Trial 174 finished with value: 4.610951385969598 and parameters: {'max_depth': 9, 'n_estimators': 76}. Best is trial 131 with value: 4.553777553792237.
[I 2025-01-23 14:33:58,567] Trial 175 finished with value: 4.562865141320939 and parameters: {'max_depth': 10, 'n_estimators': 85}. Best is trial 131 with value: 4.553777553792237.
[I 2025-01-23 14:34:06,903] Trial 176 finished with value: 4.574762092697192 and parameters: {'max_depth': 10, 'n_estimators': 83}. Best is trial 131 with value: 4.553777553792237.
[I 2025-01-23 14:34:14,185] Trial 177 finished with value: 4.609103247709475 and parameters: {'max_depth': 11, 'n_estimators': 74}. Best is trial 131 with value: 4.553777553792237.
[I 2025-01-23 14:34:17,450] Trial 178 finished with value: 4.585726183128096 and parameters: {'max_depth': 10, 'n_estimators': 95}. Best is trial 131 with value: 4.553777553792237.
[I 2025-01-23 14:34:19,536] Trial 179 finished with value: 4.576195062751202 and parameters: {'max_depth': 10, 'n_estimators': 85}. Best is trial 131 with value: 4.553777553792237.
[I 2025-01-23 14:34:22,144] Trial 180 finished with value: 4.56931912848268 and parameters: {'max_depth': 10, 'n_estimators': 79}. Best is trial 131 with value: 4.553777553792237.
[I 2025-01-23 14:34:24,882] Trial 181 finished with value: 4.586717618597985 and parameters: {'max_depth': 10, 'n_estimators': 79}. Best is trial 131 with value: 4.553777553792237.
[I 2025-01-23 14:34:32,210] Trial 182 finished with value: 4.567532080791947 and parameters: {'max_depth': 11, 'n_estimators': 88}. Best is trial 131 with value: 4.553777553792237.
[I 2025-01-23 14:34:37,896] Trial 183 finished with value: 4.612192657617638 and parameters: {'max_depth': 12, 'n_estimators': 82}. Best is trial 131 with value: 4.553777553792237.
[I 2025-01-23 14:34:46,185] Trial 184 finished with value: 4.586582414588661 and parameters: {'max_depth': 11, 'n_estimators': 87}. Best is trial 131 with value: 4.553777553792237.
[I 2025-01-23 14:34:49,947] Trial 185 finished with value: 4.605707224395474 and parameters: {'max_depth': 12, 'n_estimators': 100}. Best is trial 131 with value: 4.553777553792237.
[I 2025-01-23 14:34:54,013] Trial 186 finished with value: 4.6260156036808855 and parameters: {'max_depth': 11, 'n_estimators': 74}. Best is trial 131 with value: 4.553777553792237.
[I 2025-01-23 14:34:56,530] Trial 187 finished with value: 4.622836229105936 and parameters: {'max_depth': 11, 'n_estimators': 69}. Best is trial 131 with value: 4.553777553792237.
[I 2025-01-23 14:35:01,415] Trial 188 finished with value: 4.565732278356846 and parameters: {'max_depth': 10, 'n_estimators': 94}. Best is trial 131 with value: 4.553777553792237.
[I 2025-01-23 14:35:09,574] Trial 189 finished with value: 4.600810737718557 and parameters: {'max_depth': 9, 'n_estimators': 95}. Best is trial 131 with value: 4.553777553792237.
[I 2025-01-23 14:35:12,909] Trial 190 finished with value: 4.557948340369956 and parameters: {'max_depth': 10, 'n_estimators': 91}. Best is trial 131 with value: 4.553777553792237.
[I 2025-01-23 14:35:16,518] Trial 191 finished with value: 4.586033068854808 and parameters: {'max_depth': 10, 'n_estimators': 90}. Best is trial 131 with value: 4.553777553792237.
[I 2025-01-23 14:35:22,191] Trial 192 finished with value: 4.595094280733177 and parameters: {'max_depth': 11, 'n_estimators': 94}. Best is trial 131 with value: 4.553777553792237.
[I 2025-01-23 14:35:24,927] Trial 193 finished with value: 4.5781199089425275 and parameters: {'max_depth': 10, 'n_estimators': 89}. Best is trial 131 with value: 4.553777553792237.
[I 2025-01-23 14:35:26,937] Trial 194 finished with value: 4.577130653844167 and parameters: {'max_depth': 9, 'n_estimators': 78}. Best is trial 131 with value: 4.553777553792237.
[I 2025-01-23 14:35:31,008] Trial 195 finished with value: 4.588450505928816 and parameters: {'max_depth': 10, 'n_estimators': 100}. Best is trial 131 with value: 4.553777553792237.
[I 2025-01-23 14:35:31,979] Trial 196 finished with value: 4.674482391151716 and parameters: {'max_depth': 11, 'n_estimators': 28}. Best is trial 131 with value: 4.553777553792237.
[I 2025-01-23 14:35:39,598] Trial 197 finished with value: 4.608990610544844 and parameters: {'max_depth': 8, 'n_estimators': 87}. Best is trial 131 with value: 4.553777553792237.
[I 2025-01-23 14:35:44,807] Trial 198 finished with value: 4.639969821765817 and parameters: {'max_depth': 11, 'n_estimators': 41}. Best is trial 131 with value: 4.553777553792237.
[I 2025-01-23 14:35:46,732] Trial 199 finished with value: 4.6081304718605125 and parameters: {'max_depth': 9, 'n_estimators': 46}. Best is trial 131 with value: 4.553777553792237.
[I 2025-01-23 14:36:21,778] A new study created in RDB with name: RandomForest_NYC_Taxi
[I 2025-01-23 14:40:39,202] Trial 0 finished with value: 4.426624590454427 and parameters: {'max_depth': 2, 'n_estimators': 30}. Best is trial 0 with value: 4.426624590454427.
[I 2025-01-23 14:51:50,517] Trial 1 finished with value: 3.9902887696664004 and parameters: {'max_depth': 4, 'n_estimators': 52}. Best is trial 1 with value: 3.9902887696664004.
[I 2025-01-23 15:03:20,323] Trial 2 finished with value: 4.431989110075465 and parameters: {'max_depth': 2, 'n_estimators': 98}. Best is trial 1 with value: 3.9902887696664004.
[I 2025-01-23 15:12:43,494] Trial 3 finished with value: 3.857951294629055 and parameters: {'max_depth': 5, 'n_estimators': 35}. Best is trial 3 with value: 3.857951294629055.
[I 2025-01-23 15:36:13,823] Trial 4 finished with value: 3.735364652667949 and parameters: {'max_depth': 6, 'n_estimators': 95}. Best is trial 4 with value: 3.735364652667949.
[I 2025-01-23 15:42:52,372] Trial 5 finished with value: 3.5176963573206748 and parameters: {'max_depth': 9, 'n_estimators': 16}. Best is trial 5 with value: 3.5176963573206748.
[I 2025-01-23 16:03:56,849] Trial 6 finished with value: 3.388639820859828 and parameters: {'max_depth': 10, 'n_estimators': 57}. Best is trial 6 with value: 3.388639820859828.
[I 2025-01-23 16:06:29,857] Trial 7 finished with value: 3.9331256418558667 and parameters: {'max_depth': 5, 'n_estimators': 5}. Best is trial 6 with value: 3.388639820859828.
[I 2025-01-23 16:12:06,004] Trial 8 finished with value: 3.3443341315505832 and parameters: {'max_depth': 11, 'n_estimators': 12}. Best is trial 8 with value: 3.3443341315505832.
[I 2025-01-23 16:16:07,468] Trial 9 finished with value: 4.143278286252842 and parameters: {'max_depth': 3, 'n_estimators': 22}. Best is trial 8 with value: 3.3443341315505832.
[I 2025-01-23 16:21:15,834] Trial 10 finished with value: 3.2948369004864873 and parameters: {'max_depth': 11, 'n_estimators': 9}. Best is trial 10 with value: 3.2948369004864873.
[I 2025-01-23 16:26:06,480] Trial 11 finished with value: 3.465543533941853 and parameters: {'max_depth': 11, 'n_estimators': 9}. Best is trial 10 with value: 3.2948369004864873.
[I 2025-01-23 16:29:53,772] Trial 12 finished with value: 3.6505780356591586 and parameters: {'max_depth': 7, 'n_estimators': 11}. Best is trial 10 with value: 3.2948369004864873.
[I 2025-01-23 16:32:31,807] Trial 13 finished with value: 3.5667236159645435 and parameters: {'max_depth': 8, 'n_estimators': 6}. Best is trial 10 with value: 3.2948369004864873.
[I 2025-01-23 16:37:29,934] Trial 14 finished with value: 3.30963843495419 and parameters: {'max_depth': 12, 'n_estimators': 9}. Best is trial 10 with value: 3.2948369004864873.
[I 2025-01-23 16:40:59,275] Trial 15 finished with value: 3.339054864268234 and parameters: {'max_depth': 12, 'n_estimators': 7}. Best is trial 10 with value: 3.2948369004864873.
[I 2025-01-23 16:45:53,961] Trial 16 finished with value: 3.655135844751179 and parameters: {'max_depth': 7, 'n_estimators': 16}. Best is trial 10 with value: 3.2948369004864873.
[I 2025-01-23 16:48:29,059] Trial 17 finished with value: 4.16913881273261 and parameters: {'max_depth': 3, 'n_estimators': 9}. Best is trial 10 with value: 3.2948369004864873.
[I 2025-01-23 16:51:45,276] Trial 18 finished with value: 3.622641604964629 and parameters: {'max_depth': 8, 'n_estimators': 7}. Best is trial 10 with value: 3.2948369004864873.
[I 2025-01-23 16:58:05,442] Trial 19 finished with value: 3.290200459000178 and parameters: {'max_depth': 12, 'n_estimators': 15}. Best is trial 19 with value: 3.290200459000178.
[I 2025-01-23 17:02:04,364] Trial 20 finished with value: 4.050620485624769 and parameters: {'max_depth': 4, 'n_estimators': 17}. Best is trial 19 with value: 3.290200459000178.
[I 2025-01-23 17:07:19,818] Trial 21 finished with value: 3.3252170040971682 and parameters: {'max_depth': 12, 'n_estimators': 12}. Best is trial 19 with value: 3.290200459000178.
[I 2025-01-23 17:11:24,195] Trial 22 finished with value: 3.4664522982797052 and parameters: {'max_depth': 9, 'n_estimators': 9}. Best is trial 19 with value: 3.290200459000178.
[I 2025-01-23 17:18:25,666] Trial 23 finished with value: 3.3978565882358325 and parameters: {'max_depth': 10, 'n_estimators': 21}. Best is trial 19 with value: 3.290200459000178.
[I 2025-01-23 17:21:18,382] Trial 24 finished with value: 3.376612209316625 and parameters: {'max_depth': 12, 'n_estimators': 5}. Best is trial 19 with value: 3.290200459000178.
[I 2025-01-23 17:25:22,803] Trial 25 finished with value: 3.628590571130514 and parameters: {'max_depth': 7, 'n_estimators': 13}. Best is trial 19 with value: 3.290200459000178.
[I 2025-01-23 17:28:13,036] Trial 26 finished with value: 3.500420305450915 and parameters: {'max_depth': 9, 'n_estimators': 7}. Best is trial 19 with value: 3.290200459000178.
[I 2025-01-23 17:33:34,006] Trial 27 finished with value: 3.7634443090945253 and parameters: {'max_depth': 6, 'n_estimators': 22}. Best is trial 19 with value: 3.290200459000178.
[I 2025-01-23 17:37:48,871] Trial 28 finished with value: 3.4512041676560785 and parameters: {'max_depth': 10, 'n_estimators': 10}. Best is trial 19 with value: 3.290200459000178.
[I 2025-01-23 17:41:07,791] Trial 29 finished with value: 4.436575596121502 and parameters: {'max_depth': 2, 'n_estimators': 29}. Best is trial 19 with value: 3.290200459000178.
[I 2025-01-23 17:44:11,690] Trial 30 finished with value: 3.5690842192654983 and parameters: {'max_depth': 8, 'n_estimators': 8}. Best is trial 19 with value: 3.290200459000178.
[I 2025-01-23 17:49:55,557] Trial 31 finished with value: 3.361468821423599 and parameters: {'max_depth': 12, 'n_estimators': 14}. Best is trial 19 with value: 3.290200459000178.
[I 2025-01-23 17:54:49,487] Trial 32 finished with value: 3.4167665360003796 and parameters: {'max_depth': 11, 'n_estimators': 11}. Best is trial 19 with value: 3.290200459000178.
[I 2025-01-23 17:59:38,286] Trial 33 finished with value: 3.4564615568798316 and parameters: {'max_depth': 10, 'n_estimators': 13}. Best is trial 19 with value: 3.290200459000178.
[I 2025-01-23 18:08:57,964] Trial 34 finished with value: 3.2956679673900817 and parameters: {'max_depth': 12, 'n_estimators': 27}. Best is trial 19 with value: 3.290200459000178.
[I 2025-01-23 18:19:02,207] Trial 35 finished with value: 3.4813978625997315 and parameters: {'max_depth': 9, 'n_estimators': 33}. Best is trial 19 with value: 3.290200459000178.
[I 2025-01-23 18:25:21,362] Trial 36 finished with value: 4.158553209873752 and parameters: {'max_depth': 3, 'n_estimators': 48}. Best is trial 19 with value: 3.290200459000178.
[I 2025-01-23 18:35:15,704] Trial 37 finished with value: 3.7386976637065006 and parameters: {'max_depth': 6, 'n_estimators': 46}. Best is trial 19 with value: 3.290200459000178.
[I 2025-01-23 18:41:54,454] Trial 38 finished with value: 3.3689784389061743 and parameters: {'max_depth': 11, 'n_estimators': 18}. Best is trial 19 with value: 3.290200459000178.
[I 2025-01-23 18:50:04,441] Trial 39 finished with value: 3.4904884468341413 and parameters: {'max_depth': 9, 'n_estimators': 27}. Best is trial 19 with value: 3.290200459000178.
[I 2025-01-23 18:55:40,576] Trial 40 finished with value: 3.9087493061073992 and parameters: {'max_depth': 5, 'n_estimators': 25}. Best is trial 19 with value: 3.290200459000178.
[I 2025-01-23 19:07:59,404] Trial 41 finished with value: 3.263189381032613 and parameters: {'max_depth': 12, 'n_estimators': 38}. Best is trial 41 with value: 3.263189381032613.
[I 2025-01-23 19:18:37,468] Trial 42 finished with value: 3.3913040988253798 and parameters: {'max_depth': 10, 'n_estimators': 35}. Best is trial 41 with value: 3.263189381032613.
[I 2025-01-23 19:37:08,221] Trial 43 finished with value: 3.3200582571932116 and parameters: {'max_depth': 11, 'n_estimators': 61}. Best is trial 41 with value: 3.263189381032613.
[I 2025-01-23 19:50:54,327] Trial 44 finished with value: 3.2471630359352703 and parameters: {'max_depth': 12, 'n_estimators': 42}. Best is trial 44 with value: 3.2471630359352703.
[I 2025-01-23 20:03:30,963] Trial 45 finished with value: 3.417810108043118 and parameters: {'max_depth': 10, 'n_estimators': 42}. Best is trial 44 with value: 3.2471630359352703.
[I 2025-01-23 20:21:18,138] Trial 46 finished with value: 3.5152956454142954 and parameters: {'max_depth': 8, 'n_estimators': 72}. Best is trial 44 with value: 3.2471630359352703.
[I 2025-01-23 20:33:18,593] Trial 47 finished with value: 3.323313198750295 and parameters: {'max_depth': 11, 'n_estimators': 39}. Best is trial 44 with value: 3.2471630359352703.
[I 2025-01-23 20:50:16,433] Trial 48 finished with value: 3.2540370726255743 and parameters: {'max_depth': 12, 'n_estimators': 54}. Best is trial 44 with value: 3.2471630359352703.
[I 2025-01-23 21:08:18,666] Trial 49 finished with value: 3.4609109894207437 and parameters: {'max_depth': 9, 'n_estimators': 67}. Best is trial 44 with value: 3.2471630359352703.
[I 2025-01-23 21:24:33,800] Trial 50 finished with value: 3.3102288397276025 and parameters: {'max_depth': 11, 'n_estimators': 54}. Best is trial 44 with value: 3.2471630359352703.
[I 2025-01-23 21:36:47,913] Trial 51 finished with value: 3.2456263518909245 and parameters: {'max_depth': 12, 'n_estimators': 38}. Best is trial 51 with value: 3.2456263518909245.
[I 2025-01-23 22:03:04,528] Trial 52 finished with value: 3.4021734573301643 and parameters: {'max_depth': 10, 'n_estimators': 94}. Best is trial 51 with value: 3.2456263518909245.
[I 2025-01-23 22:28:34,881] Trial 53 finished with value: 3.2457188008452804 and parameters: {'max_depth': 12, 'n_estimators': 81}. Best is trial 51 with value: 3.2456263518909245.
[I 2025-01-23 22:54:22,096] Trial 54 finished with value: 3.229312919543723 and parameters: {'max_depth': 12, 'n_estimators': 82}. Best is trial 54 with value: 3.229312919543723.
[I 2025-01-23 23:19:31,674] Trial 55 finished with value: 3.3108983571674053 and parameters: {'max_depth': 11, 'n_estimators': 84}. Best is trial 54 with value: 3.229312919543723.
[I 2025-01-23 23:43:55,923] Trial 56 finished with value: 3.2553051885330233 and parameters: {'max_depth': 12, 'n_estimators': 77}. Best is trial 54 with value: 3.229312919543723.
[I 2025-01-24 00:03:47,445] Trial 57 finished with value: 3.548245964811239 and parameters: {'max_depth': 8, 'n_estimators': 80}. Best is trial 54 with value: 3.229312919543723.
[I 2025-01-24 00:21:44,324] Trial 58 finished with value: 3.3981510758360316 and parameters: {'max_depth': 10, 'n_estimators': 62}. Best is trial 54 with value: 3.229312919543723.
[I 2025-01-24 00:42:26,910] Trial 59 finished with value: 3.453622908189401 and parameters: {'max_depth': 9, 'n_estimators': 77}. Best is trial 54 with value: 3.229312919543723.
[I 2025-01-24 01:03:14,490] Trial 60 finished with value: 3.6458455635173634 and parameters: {'max_depth': 7, 'n_estimators': 92}. Best is trial 54 with value: 3.229312919543723.
[I 2025-01-24 01:19:32,462] Trial 61 finished with value: 3.251704075702861 and parameters: {'max_depth': 12, 'n_estimators': 50}. Best is trial 54 with value: 3.229312919543723.
[I 2025-01-24 01:35:43,614] Trial 62 finished with value: 3.2551566070731632 and parameters: {'max_depth': 12, 'n_estimators': 49}. Best is trial 54 with value: 3.229312919543723.
[I 2025-01-24 01:51:23,345] Trial 63 finished with value: 3.3306721306114007 and parameters: {'max_depth': 11, 'n_estimators': 50}. Best is trial 54 with value: 3.229312919543723.
[I 2025-01-24 02:08:52,197] Trial 64 finished with value: 3.2617358290853447 and parameters: {'max_depth': 12, 'n_estimators': 55}. Best is trial 54 with value: 3.229312919543723.
[I 2025-01-24 02:22:29,581] Trial 65 finished with value: 3.3364810434750303 and parameters: {'max_depth': 11, 'n_estimators': 44}. Best is trial 54 with value: 3.229312919543723.
[I 2025-01-24 02:41:50,289] Trial 66 finished with value: 3.40310184070749 and parameters: {'max_depth': 10, 'n_estimators': 67}. Best is trial 54 with value: 3.229312919543723.
[I 2025-01-24 02:47:34,187] Trial 67 finished with value: 4.431290086883145 and parameters: {'max_depth': 2, 'n_estimators': 60}. Best is trial 54 with value: 3.229312919543723.
[I 2025-01-24 03:04:16,681] Trial 68 finished with value: 3.2435313791406095 and parameters: {'max_depth': 12, 'n_estimators': 52}. Best is trial 54 with value: 3.229312919543723.
[I 2025-01-24 03:17:40,615] Trial 69 finished with value: 4.008180047434688 and parameters: {'max_depth': 4, 'n_estimators': 87}. Best is trial 54 with value: 3.229312919543723.
[I 2025-01-24 03:38:29,778] Trial 70 finished with value: 3.3279444216359613 and parameters: {'max_depth': 11, 'n_estimators': 68}. Best is trial 54 with value: 3.229312919543723.
[I 2025-01-24 03:55:16,799] Trial 71 finished with value: 3.2507800561012106 and parameters: {'max_depth': 12, 'n_estimators': 51}. Best is trial 54 with value: 3.229312919543723.
[I 2025-01-24 04:09:18,463] Trial 72 finished with value: 3.2908340023427898 and parameters: {'max_depth': 12, 'n_estimators': 41}. Best is trial 54 with value: 3.229312919543723.
[I 2025-01-24 04:38:05,642] Trial 73 finished with value: 3.393855972527492 and parameters: {'max_depth': 10, 'n_estimators': 100}. Best is trial 54 with value: 3.229312919543723.
[I 2025-01-24 04:55:20,547] Trial 74 finished with value: 3.2800788177838087 and parameters: {'max_depth': 12, 'n_estimators': 53}. Best is trial 54 with value: 3.229312919543723.
[I 2025-01-24 05:05:33,461] Trial 75 finished with value: 3.3371056535879062 and parameters: {'max_depth': 11, 'n_estimators': 32}. Best is trial 54 with value: 3.229312919543723.
[I 2025-01-24 05:16:57,943] Trial 76 finished with value: 3.395258998340762 and parameters: {'max_depth': 10, 'n_estimators': 37}. Best is trial 54 with value: 3.229312919543723.
[I 2025-01-24 05:33:17,295] Trial 77 finished with value: 3.4617754974535573 and parameters: {'max_depth': 9, 'n_estimators': 58}. Best is trial 54 with value: 3.229312919543723.
[I 2025-01-24 05:47:42,528] Trial 78 finished with value: 3.226573517655239 and parameters: {'max_depth': 12, 'n_estimators': 44}. Best is trial 78 with value: 3.226573517655239.
[I 2025-01-24 06:01:36,597] Trial 79 finished with value: 3.329670513199203 and parameters: {'max_depth': 11, 'n_estimators': 44}. Best is trial 78 with value: 3.226573517655239.
[I 2025-01-24 06:11:52,774] Trial 80 finished with value: 3.2790564901067563 and parameters: {'max_depth': 12, 'n_estimators': 30}. Best is trial 78 with value: 3.226573517655239.
[I 2025-01-24 06:28:35,995] Trial 81 finished with value: 3.251755082610321 and parameters: {'max_depth': 12, 'n_estimators': 50}. Best is trial 78 with value: 3.226573517655239.
[I 2025-01-24 06:43:33,334] Trial 82 finished with value: 3.3099070046512415 and parameters: {'max_depth': 11, 'n_estimators': 48}. Best is trial 78 with value: 3.226573517655239.
[I 2025-01-24 06:56:40,245] Trial 83 finished with value: 3.2667026217543573 and parameters: {'max_depth': 12, 'n_estimators': 40}. Best is trial 78 with value: 3.226573517655239.
[I 2025-01-24 07:07:25,712] Trial 84 finished with value: 3.410123506349824 and parameters: {'max_depth': 10, 'n_estimators': 34}. Best is trial 78 with value: 3.226573517655239.
[I 2025-01-24 07:22:10,937] Trial 85 finished with value: 3.283815948017382 and parameters: {'max_depth': 12, 'n_estimators': 45}. Best is trial 78 with value: 3.226573517655239.
[I 2025-01-24 07:41:30,192] Trial 86 finished with value: 3.3283604642205353 and parameters: {'max_depth': 11, 'n_estimators': 64}. Best is trial 78 with value: 3.226573517655239.
