Trial 12 finished with value: 301.56477265102995 and parameters: {'max_depth': 8, 'n_estimators': 39}. Best is trial 3 with value: 285.8988968901618.
Saved Losses
{'MSE - mean': 476.0389148136355, 'MSE - std': 0.0, 'R2 - mean': 0.534999505439428, 'R2 - std': 0.0} 
 

Saved Losses
{'MSE - mean': 307.73914999312524, 'MSE - std': 168.29976482051026, 'R2 - mean': 0.7011049058741949, 'R2 - std': 0.16610540043476701} 
 

Saved Losses
{'MSE - mean': 320.8448976079689, 'MSE - std': 138.66047910939633, 'R2 - mean': 0.7535169759953148, 'R2 - std': 0.1545576037959911} 
 

Saved Losses
{'MSE - mean': 326.810416851407, 'MSE - std': 120.52721107561975, 'R2 - mean': 0.7651337260379698, 'R2 - std': 0.13535466860448328} 
 

Saved Losses
{'MSE - mean': 319.611193289881, 'MSE - std': 108.76011294260833, 'R2 - mean': 0.7849163717465075, 'R2 - std': 0.12736609178011893} 
 

Saving model.....
Results After CV: {'MSE - mean': 319.611193289881, 'MSE - std': 108.76011294260833, 'R2 - mean': 0.7849163717465075, 'R2 - std': 0.12736609178011893}
Train time: 0.061764147000000234
Inference time: 0.007008475599999997
Finished cross validation
Hyperparam was saved!!! Hurrah!!!
Trial 13 finished with value: 319.611193289881 and parameters: {'max_depth': 8, 'n_estimators': 9}. Best is trial 3 with value: 285.8988968901618.
Saved Losses
{'MSE - mean': 452.11435125094226, 'MSE - std': 0.0, 'R2 - mean': 0.5583693047197106, 'R2 - std': 0.0} 
 

Saved Losses
{'MSE - mean': 285.4340859531046, 'MSE - std': 166.68026529783762, 'R2 - mean': 0.722639353304168, 'R2 - std': 0.16427004858445743} 
 

Saved Losses
{'MSE - mean': 282.63187865851614, 'MSE - std': 136.15155265835952, 'R2 - mean': 0.7774012358132181, 'R2 - std': 0.15487896390352704} 
 

Saved Losses
{'MSE - mean': 285.74876508933755, 'MSE - std': 118.03422771183556, 'R2 - mean': 0.79024310902261, 'R2 - std': 0.1359608812028328} 
 

Saved Losses
{'MSE - mean': 284.88526399310496, 'MSE - std': 105.58714725664454, 'R2 - mean': 0.8058811752896581, 'R2 - std': 0.12556466636857286} 
 

Saving model.....
Results After CV: {'MSE - mean': 284.88526399310496, 'MSE - std': 105.58714725664454, 'R2 - mean': 0.8058811752896581, 'R2 - std': 0.12556466636857286}
Train time: 0.5073360443999995
Inference time: 0.03628086080000017
Finished cross validation
Hyperparam was saved!!! Hurrah!!!
Trial 14 finished with value: 284.88526399310496 and parameters: {'max_depth': 8, 'n_estimators': 98}. Best is trial 14 with value: 284.88526399310496.
Saved Losses
{'MSE - mean': 439.76929108390084, 'MSE - std': 0.0, 'R2 - mean': 0.5704281068562997, 'R2 - std': 0.0} 
 

Saved Losses
{'MSE - mean': 277.77470967511437, 'MSE - std': 161.99458140878647, 'R2 - mean': 0.7300846947144606, 'R2 - std': 0.15965658785816078} 
 

Saved Losses
{'MSE - mean': 279.64812493267704, 'MSE - std': 132.2945538309363, 'R2 - mean': 0.781498451744691, 'R2 - std': 0.14926564526016767} 
 

Saved Losses
{'MSE - mean': 284.3696975047055, 'MSE - std': 114.86194527629101, 'R2 - mean': 0.7928177331063153, 'R2 - std': 0.13074613964791276} 
 

Saved Losses
{'MSE - mean': 287.7690365006423, 'MSE - std': 102.96035742245712, 'R2 - mean': 0.8060769758183058, 'R2 - std': 0.11991193641771908} 
 

Saving model.....
Results After CV: {'MSE - mean': 287.7690365006423, 'MSE - std': 102.96035742245712, 'R2 - mean': 0.8060769758183058, 'R2 - std': 0.11991193641771908}
Train time: 0.485313107799999
Inference time: 0.03342775479999958
Finished cross validation
Hyperparam was saved!!! Hurrah!!!
Trial 15 finished with value: 287.7690365006423 and parameters: {'max_depth': 8, 'n_estimators': 93}. Best is trial 14 with value: 284.88526399310496.
Saved Losses
{'MSE - mean': 465.55768819568164, 'MSE - std': 0.0, 'R2 - mean': 0.545237692716319, 'R2 - std': 0.0} 
 

Saved Losses
{'MSE - mean': 304.24237673351274, 'MSE - std': 161.31531146216892, 'R2 - mean': 0.7045633210342134, 'R2 - std': 0.15932562831789443} 
 

Saved Losses
{'MSE - mean': 304.6990789665054, 'MSE - std': 131.71498381714315, 'R2 - mean': 0.761461341134555, 'R2 - std': 0.15296363383259534} 
 

Saved Losses
{'MSE - mean': 314.2992688490696, 'MSE - std': 115.27410229017869, 'R2 - mean': 0.7713251348397445, 'R2 - std': 0.1335675418476729} 
 

Saved Losses
{'MSE - mean': 311.38887782250646, 'MSE - std': 103.26846774671957, 'R2 - mean': 0.7890342781309704, 'R2 - std': 0.12460612189062205} 
 

Saving model.....
Results After CV: {'MSE - mean': 311.38887782250646, 'MSE - std': 103.26846774671957, 'R2 - mean': 0.7890342781309704, 'R2 - std': 0.12460612189062205}
Train time: 0.18210365119999922
Inference time: 0.015700929799999132
Finished cross validation
Hyperparam was saved!!! Hurrah!!!
Trial 16 finished with value: 311.38887782250646 and parameters: {'max_depth': 7, 'n_estimators': 36}. Best is trial 14 with value: 284.88526399310496.
Saved Losses
{'MSE - mean': 506.7933807400354, 'MSE - std': 0.0, 'R2 - mean': 0.5049581760003824, 'R2 - std': 0.0} 
 

Saved Losses
{'MSE - mean': 334.16565418949347, 'MSE - std': 172.62772655054192, 'R2 - mean': 0.6755618959740384, 'R2 - std': 0.17060371997365592} 
 

Saved Losses
{'MSE - mean': 321.85609805868177, 'MSE - std': 142.02090806267807, 'R2 - mean': 0.743266607097059, 'R2 - std': 0.16903138366115064} 
 

Saved Losses
{'MSE - mean': 330.49549504918895, 'MSE - std': 123.90065087112939, 'R2 - mean': 0.7557477462186637, 'R2 - std': 0.14797311579513653} 
 

Saved Losses
{'MSE - mean': 329.19335809723805, 'MSE - std': 110.85070713170097, 'R2 - mean': 0.7743062052996346, 'R2 - std': 0.1374572661314671} 
 

Saving model.....
Results After CV: {'MSE - mean': 329.19335809723805, 'MSE - std': 110.85070713170097, 'R2 - mean': 0.7743062052996346, 'R2 - std': 0.1374572661314671}
Train time: 0.1029981388000003
Inference time: 0.012506614199999433
Finished cross validation
Hyperparam was saved!!! Hurrah!!!
Trial 17 finished with value: 329.19335809723805 and parameters: {'max_depth': 6, 'n_estimators': 20}. Best is trial 14 with value: 284.88526399310496.
Saved Losses
{'MSE - mean': 416.47840018950774, 'MSE - std': 0.0, 'R2 - mean': 0.5931789271099108, 'R2 - std': 0.0} 
 

Saved Losses
{'MSE - mean': 279.9750285512299, 'MSE - std': 136.5033716382778, 'R2 - mean': 0.7282746278604625, 'R2 - std': 0.13509570075055166} 
 

Saved Losses
{'MSE - mean': 290.32661238840416, 'MSE - std': 112.41185089491805, 'R2 - mean': 0.7765318151394878, 'R2 - std': 0.12971023278454516} 
 

Saved Losses
{'MSE - mean': 302.943738271009, 'MSE - std': 99.77421391736671, 'R2 - mean': 0.7829623188311686, 'R2 - std': 0.11288318076645358} 
 

Saved Losses
{'MSE - mean': 301.1324294096322, 'MSE - std': 89.31426744606917, 'R2 - mean': 0.7988919358838336, 'R2 - std': 0.10587304093932356} 
 

Saving model.....
Results After CV: {'MSE - mean': 301.1324294096322, 'MSE - std': 89.31426744606917, 'R2 - mean': 0.7988919358838336, 'R2 - std': 0.10587304093932356}
Train time: 0.04229879999999895
Inference time: 0.0074646180000002005
Finished cross validation
Hyperparam was saved!!! Hurrah!!!
Trial 18 finished with value: 301.1324294096322 and parameters: {'max_depth': 10, 'n_estimators': 5}. Best is trial 14 with value: 284.88526399310496.
Saved Losses
{'MSE - mean': 437.73010155391535, 'MSE - std': 0.0, 'R2 - mean': 0.5724200115313981, 'R2 - std': 0.0} 
 

Saved Losses
{'MSE - mean': 275.8526980348461, 'MSE - std': 161.87740351906925, 'R2 - mean': 0.7319400287848044, 'R2 - std': 0.15952001725340625} 
 

Saved Losses
{'MSE - mean': 304.1776051185284, 'MSE - std': 138.10912316950265, 'R2 - mean': 0.7722000730621966, 'R2 - std': 0.14214839523113346} 
 

Saved Losses
{'MSE - mean': 307.93632796902, 'MSE - std': 119.78305981810226, 'R2 - mean': 0.7828443378977876, 'R2 - std': 0.12447700920957445} 
 

Saved Losses
{'MSE - mean': 304.97312031314385, 'MSE - std': 107.30101366695946, 'R2 - mean': 0.7988692552947333, 'R2 - std': 0.11585686241101181} 
 

Saving model.....
Results After CV: {'MSE - mean': 304.97312031314385, 'MSE - std': 107.30101366695946, 'R2 - mean': 0.7988692552947333, 'R2 - std': 0.11585686241101181}
Train time: 0.09886788300000049
Inference time: 0.00943136320000022
Finished cross validation
Hyperparam was saved!!! Hurrah!!!
Trial 19 finished with value: 304.97312031314385 and parameters: {'max_depth': 10, 'n_estimators': 14}. Best is trial 14 with value: 284.88526399310496.
Saved Losses
{'MSE - mean': 489.241112795387, 'MSE - std': 0.0, 'R2 - mean': 0.5221034408536065, 'R2 - std': 0.0} 
 

Saved Losses
{'MSE - mean': 351.52262174800745, 'MSE - std': 137.71849104737953, 'R2 - mean': 0.6592476820969253, 'R2 - std': 0.13714424124331875} 
 

Saved Losses
{'MSE - mean': 380.0235917687282, 'MSE - std': 119.45235773516073, 'R2 - mean': 0.7133711833045551, 'R2 - std': 0.1356382518690126} 
 

Saved Losses
{'MSE - mean': 393.1614910558304, 'MSE - std': 105.92196429164603, 'R2 - mean': 0.7222780113064053, 'R2 - std': 0.11847487616674221} 
 

Saved Losses
{'MSE - mean': 403.9247407296176, 'MSE - std': 97.15431122539908, 'R2 - mean': 0.7360308017484676, 'R2 - std': 0.10947873768889115} 
 

Saving model.....
Results After CV: {'MSE - mean': 403.9247407296176, 'MSE - std': 97.15431122539908, 'R2 - mean': 0.7360308017484676, 'R2 - std': 0.10947873768889115}
Train time: 0.10643755159999913
Inference time: 0.014915642600000468
Finished cross validation
Hyperparam was saved!!! Hurrah!!!
Trial 20 finished with value: 403.9247407296176 and parameters: {'max_depth': 3, 'n_estimators': 28}. Best is trial 14 with value: 284.88526399310496.
Saved Losses
{'MSE - mean': 482.4537775765412, 'MSE - std': 0.0, 'R2 - mean': 0.528733390917137, 'R2 - std': 0.0} 
 

Saved Losses
{'MSE - mean': 304.6471558630275, 'MSE - std': 177.80662171351372, 'R2 - mean': 0.7039708623283839, 'R2 - std': 0.1752374714112469} 
 

Saved Losses
{'MSE - mean': 291.2459425490577, 'MSE - std': 146.41031903531055, 'R2 - mean': 0.7666677157876681, 'R2 - std': 0.16832678077218816} 
 

Saved Losses
{'MSE - mean': 295.069309685391, 'MSE - std': 126.96787211256887, 'R2 - mean': 0.7805334575751227, 'R2 - std': 0.1477403304104716} 
 

Saved Losses
{'MSE - mean': 294.61178635471344, 'MSE - std': 113.56720367001809, 'R2 - mean': 0.7970522092094806, 'R2 - std': 0.13621028157252543} 
 

Saving model.....
Results After CV: {'MSE - mean': 294.61178635471344, 'MSE - std': 113.56720367001809, 'R2 - mean': 0.7970522092094806, 'R2 - std': 0.13621028157252543}
Train time: 0.51626866
Inference time: 0.03371240780000022
Finished cross validation
Hyperparam was saved!!! Hurrah!!!
Trial 21 finished with value: 294.61178635471344 and parameters: {'max_depth': 9, 'n_estimators': 92}. Best is trial 14 with value: 284.88526399310496.
Saved Losses
{'MSE - mean': 488.9039208136491, 'MSE - std': 0.0, 'R2 - mean': 0.5224328140064953, 'R2 - std': 0.0} 
 

Saved Losses
{'MSE - mean': 318.757073023693, 'MSE - std': 170.1468477899561, 'R2 - mean': 0.6904548131260405, 'R2 - std': 0.16802199911954518} 
 

Saved Losses
{'MSE - mean': 306.4272218300898, 'MSE - std': 140.01434570364017, 'R2 - mean': 0.7552999555728898, 'R2 - std': 0.1650173115867645} 
 

Saved Losses
{'MSE - mean': 313.92800429677834, 'MSE - std': 121.94998140611416, 'R2 - mean': 0.7676715871388613, 'R2 - std': 0.14450677024037636} 
 

Saved Losses
{'MSE - mean': 320.3665542743285, 'MSE - std': 109.83286427665864, 'R2 - mean': 0.7817756074620517, 'R2 - std': 0.13229307946129235} 
 

Saving model.....
Results After CV: {'MSE - mean': 320.3665542743285, 'MSE - std': 109.83286427665864, 'R2 - mean': 0.7817756074620517, 'R2 - std': 0.13229307946129235}
Train time: 0.4368723268000004
Inference time: 0.03481457539999937
Finished cross validation
Hyperparam was saved!!! Hurrah!!!
Trial 22 finished with value: 320.3665542743285 and parameters: {'max_depth': 6, 'n_estimators': 98}. Best is trial 14 with value: 284.88526399310496.
Saved Losses
{'MSE - mean': 483.35019998333433, 'MSE - std': 0.0, 'R2 - mean': 0.5278577548094101, 'R2 - std': 0.0} 
 

Saved Losses
{'MSE - mean': 302.1362518263594, 'MSE - std': 181.2139481569749, 'R2 - mean': 0.7063510429758073, 'R2 - std': 0.1784932881663972} 
 

Saved Losses
{'MSE - mean': 297.8934704910043, 'MSE - std': 148.08218120808843, 'R2 - mean': 0.7648579099371499, 'R2 - std': 0.16758881101344295} 
 

Saved Losses
{'MSE - mean': 304.3291394753082, 'MSE - std': 128.72646503083757, 'R2 - mean': 0.776696010475036, 'R2 - std': 0.14657738248348523} 
 

Saved Losses
{'MSE - mean': 302.4796071344968, 'MSE - std': 115.19585634469317, 'R2 - mean': 0.7937672258307866, 'R2 - std': 0.13547563921036723} 
 

Saving model.....
Results After CV: {'MSE - mean': 302.4796071344968, 'MSE - std': 115.19585634469317, 'R2 - mean': 0.7937672258307866, 'R2 - std': 0.13547563921036723}
Train time: 0.2670506398000015
Inference time: 0.021295557200000557
Finished cross validation
Hyperparam was saved!!! Hurrah!!!
Trial 23 finished with value: 302.4796071344968 and parameters: {'max_depth': 8, 'n_estimators': 50}. Best is trial 14 with value: 284.88526399310496.
Saved Losses
{'MSE - mean': 441.5138015433172, 'MSE - std': 0.0, 'R2 - mean': 0.5687240482149758, 'R2 - std': 0.0} 
 

Saved Losses
{'MSE - mean': 289.35831535469276, 'MSE - std': 152.15548618862442, 'R2 - mean': 0.7190321259730685, 'R2 - std': 0.15030807775809268} 
 

Saved Losses
{'MSE - mean': 289.9664283439425, 'MSE - std': 124.23741084853029, 'R2 - mean': 0.773070497682367, 'R2 - std': 0.14457513638315028} 
 

Saved Losses
{'MSE - mean': 293.5228764986176, 'MSE - std': 107.76894571809896, 'R2 - mean': 0.7856760329272923, 'R2 - std': 0.12709514586162618} 
 

Saved Losses
{'MSE - mean': 296.3467586865765, 'MSE - std': 96.55679039507442, 'R2 - mean': 0.7997768308886881, 'R2 - std': 0.117123314902981} 
 

Saving model.....
Results After CV: {'MSE - mean': 296.3467586865765, 'MSE - std': 96.55679039507442, 'R2 - mean': 0.7997768308886881, 'R2 - std': 0.117123314902981}
Train time: 0.3328867661999979
Inference time: 0.024715286799998636
Finished cross validation
Hyperparam was saved!!! Hurrah!!!
Trial 24 finished with value: 296.3467586865765 and parameters: {'max_depth': 7, 'n_estimators': 68}. Best is trial 14 with value: 284.88526399310496.
Saved Losses
{'MSE - mean': 451.87254261140504, 'MSE - std': 0.0, 'R2 - mean': 0.5586055062853281, 'R2 - std': 0.0} 
 

Saved Losses
{'MSE - mean': 274.38002767167444, 'MSE - std': 177.4925149397306, 'R2 - mean': 0.7331692194848862, 'R2 - std': 0.1745637131995581} 
 

Saved Losses
{'MSE - mean': 281.0790015392031, 'MSE - std': 145.23135935984803, 'R2 - mean': 0.7820470131287132, 'R2 - std': 0.1584079250973746} 
 

Saved Losses
{'MSE - mean': 293.0104833807899, 'MSE - std': 127.46054912379884, 'R2 - mean': 0.788838042103455, 'R2 - std': 0.13768862434438411} 
 

Saved Losses
{'MSE - mean': 290.88302362767814, 'MSE - std': 114.08355537217759, 'R2 - mean': 0.8046690534759262, 'R2 - std': 0.12715742016642367} 
 

Saving model.....
Results After CV: {'MSE - mean': 290.88302362767814, 'MSE - std': 114.08355537217759, 'R2 - mean': 0.8046690534759262, 'R2 - std': 0.12715742016642367}
Train time: 0.2766677377999997
Inference time: 0.021219955000000824
Finished cross validation
Hyperparam was saved!!! Hurrah!!!
Trial 25 finished with value: 290.88302362767814 and parameters: {'max_depth': 10, 'n_estimators': 44}. Best is trial 14 with value: 284.88526399310496.
Saved Losses
{'MSE - mean': 464.7489022672689, 'MSE - std': 0.0, 'R2 - mean': 0.54602772446583, 'R2 - std': 0.0} 
 

Saved Losses
{'MSE - mean': 307.35325023012945, 'MSE - std': 157.39565203713943, 'R2 - mean': 0.701610709149443, 'R2 - std': 0.15558298468361292} 
 

Saved Losses
{'MSE - mean': 301.91934917459037, 'MSE - std': 128.7425677395021, 'R2 - mean': 0.7614740579268715, 'R2 - std': 0.15265850059005442} 
 

Saved Losses
{'MSE - mean': 315.31666519543046, 'MSE - std': 113.88349656911221, 'R2 - mean': 0.7695346263285927, 'R2 - std': 0.13294127139710685} 
 

Saved Losses
{'MSE - mean': 315.48724030907107, 'MSE - std': 101.86106722454447, 'R2 - mean': 0.7860664229022152, 'R2 - std': 0.12341761018732263} 
 

Saving model.....
Results After CV: {'MSE - mean': 315.48724030907107, 'MSE - std': 101.86106722454447, 'R2 - mean': 0.7860664229022152, 'R2 - std': 0.12341761018732263}
Train time: 0.3219456324000006
Inference time: 0.027638188999998193
Finished cross validation
Hyperparam was saved!!! Hurrah!!!
Trial 26 finished with value: 315.48724030907107 and parameters: {'max_depth': 6, 'n_estimators': 71}. Best is trial 14 with value: 284.88526399310496.
Saved Losses
{'MSE - mean': 472.5327284793434, 'MSE - std': 0.0, 'R2 - mean': 0.5384243901048038, 'R2 - std': 0.0} 
 

Saved Losses
{'MSE - mean': 288.85292040221026, 'MSE - std': 183.67980807713315, 'R2 - mean': 0.7191334265864788, 'R2 - std': 0.18070903648167497} 
 

Saved Losses
{'MSE - mean': 274.9382908204951, 'MSE - std': 151.2594297764418, 'R2 - mean': 0.7791345786899577, 'R2 - std': 0.17020805039200262} 
 

Saved Losses
{'MSE - mean': 292.30078262474194, 'MSE - std': 134.40211935523322, 'R2 - mean': 0.7843931618318443, 'R2 - std': 0.14768562355105957} 
 

Saved Losses
{'MSE - mean': 305.6009129761707, 'MSE - std': 123.12074406533885, 'R2 - mean': 0.7939672466355464, 'R2 - std': 0.1334746684665152} 
 

Saving model.....
Results After CV: {'MSE - mean': 305.6009129761707, 'MSE - std': 123.12074406533885, 'R2 - mean': 0.7939672466355464, 'R2 - std': 0.1334746684665152}
Train time: 0.06539822540000131
Inference time: 0.007845443800003692
Finished cross validation
Hyperparam was saved!!! Hurrah!!!
Trial 27 finished with value: 305.6009129761707 and parameters: {'max_depth': 9, 'n_estimators': 9}. Best is trial 14 with value: 284.88526399310496.
Saved Losses
{'MSE - mean': 474.9207550428595, 'MSE - std': 0.0, 'R2 - mean': 0.5360917372512162, 'R2 - std': 0.0} 
 

Saved Losses
{'MSE - mean': 301.3426836747052, 'MSE - std': 173.57807136815435, 'R2 - mean': 0.7072100304879874, 'R2 - std': 0.1711182932367712} 
 

Saved Losses
{'MSE - mean': 300.85139115423203, 'MSE - std': 141.72760485031395, 'R2 - mean': 0.7640072845261452, 'R2 - std': 0.16116090195637967} 
 

Saved Losses
{'MSE - mean': 309.9543783993008, 'MSE - std': 123.74824690801366, 'R2 - mean': 0.7740812485882825, 'R2 - std': 0.14065589747792684} 
 

Saved Losses
{'MSE - mean': 306.1565320272665, 'MSE - std': 110.94411853950467, 'R2 - mean': 0.7920602858197557, 'R2 - std': 0.13084436676960778} 
 

Saving model.....
Results After CV: {'MSE - mean': 306.1565320272665, 'MSE - std': 110.94411853950467, 'R2 - mean': 0.7920602858197557, 'R2 - std': 0.13084436676960778}
Train time: 0.13086358480000088
Inference time: 0.011836921399999766
Finished cross validation
Hyperparam was saved!!! Hurrah!!!
Trial 28 finished with value: 306.1565320272665 and parameters: {'max_depth': 7, 'n_estimators': 26}. Best is trial 14 with value: 284.88526399310496.
Saved Losses
{'MSE - mean': 513.556418254569, 'MSE - std': 0.0, 'R2 - mean': 0.49835196022447037, 'R2 - std': 0.0} 
 

Saved Losses
{'MSE - mean': 331.8275488221209, 'MSE - std': 181.72886943244816, 'R2 - mean': 0.6777056504241408, 'R2 - std': 0.1793536901996704} 
 

Saved Losses
{'MSE - mean': 311.99400583094484, 'MSE - std': 151.00880828160163, 'R2 - mean': 0.7480849782257915, 'R2 - std': 0.1770640101463799} 
 

Saved Losses
{'MSE - mean': 331.99310446017057, 'MSE - std': 135.28723876225962, 'R2 - mean': 0.7542006825562654, 'R2 - std': 0.15370736249513658} 
 

Saved Losses
{'MSE - mean': 340.79075953700556, 'MSE - std': 122.27716269580822, 'R2 - mean': 0.7682069694988256, 'R2 - std': 0.1403049069841764} 
 

Saving model.....
Results After CV: {'MSE - mean': 340.79075953700556, 'MSE - std': 122.27716269580822, 'R2 - mean': 0.7682069694988256, 'R2 - std': 0.1403049069841764}
Train time: 0.07667767119999809
Inference time: 0.011061047000001167
Finished cross validation
Hyperparam was saved!!! Hurrah!!!
Trial 29 finished with value: 340.79075953700556 and parameters: {'max_depth': 5, 'n_estimators': 16}. Best is trial 14 with value: 284.88526399310496.
Saved Losses
{'MSE - mean': 534.5935425950863, 'MSE - std': 0.0, 'R2 - mean': 0.47780264604434197, 'R2 - std': 0.0} 
 

Saved Losses
{'MSE - mean': 372.0624634467827, 'MSE - std': 162.5310791483036, 'R2 - mean': 0.6391317769028635, 'R2 - std': 0.16132913085852146} 
 

Saved Losses
{'MSE - mean': 407.32952024651007, 'MSE - std': 141.76893777095583, 'R2 - mean': 0.6944042494502485, 'R2 - std': 0.15317142276562823} 
 

Saved Losses
{'MSE - mean': 418.52928361785234, 'MSE - std': 124.29854337944205, 'R2 - mean': 0.7052163508412252, 'R2 - std': 0.13396573507244827} 
 

Saved Losses
{'MSE - mean': 422.8408807495025, 'MSE - std': 111.50991789210251, 'R2 - mean': 0.7230257198278646, 'R2 - std': 0.12500459604994613} 
 

Saving model.....
Results After CV: {'MSE - mean': 422.8408807495025, 'MSE - std': 111.50991789210251, 'R2 - mean': 0.7230257198278646, 'R2 - std': 0.12500459604994613}
Train time: 0.34012324720000037
Inference time: 0.03415370740000014
Finished cross validation
Hyperparam was saved!!! Hurrah!!!
