Trial 102 finished with value: 270.1890528851175 and parameters: {'max_depth': 12, 'n_estimators': 61}. Best is trial 65 with value: 267.23646419674776.
Saved Losses
{'MSE - mean': 451.2692392598358, 'MSE - std': 0.0, 'R2 - mean': 0.5591948202008923, 'R2 - std': 0.0} 
 

Saved Losses
{'MSE - mean': 283.9064157773084, 'MSE - std': 167.36282348252743, 'R2 - mean': 0.7241045236992354, 'R2 - std': 0.16490970349834316} 
 

Saved Losses
{'MSE - mean': 287.68435827690183, 'MSE - std': 136.75558058725144, 'R2 - mean': 0.7759000307252389, 'R2 - std': 0.1532830365742924} 
 

Saved Losses
{'MSE - mean': 286.5633448290919, 'MSE - std': 118.44972194888294, 'R2 - mean': 0.7908433195764022, 'R2 - std': 0.1352467102045177} 
 

Saved Losses
{'MSE - mean': 281.1863408517096, 'MSE - std': 106.48905103767845, 'R2 - mean': 0.8083952036387378, 'R2 - std': 0.12595877354700832} 
 

Saving model.....
Results After CV: {'MSE - mean': 281.1863408517096, 'MSE - std': 106.48905103767845, 'R2 - mean': 0.8083952036387378, 'R2 - std': 0.12595877354700832}
Train time: 0.33197662019999824
Inference time: 0.018307604999989735
Finished cross validation
Hyperparam was saved!!! Hurrah!!!
Trial 103 finished with value: 281.1863408517096 and parameters: {'max_depth': 12, 'n_estimators': 47}. Best is trial 65 with value: 267.23646419674776.
Saved Losses
{'MSE - mean': 455.51140973380706, 'MSE - std': 0.0, 'R2 - mean': 0.5550510174422897, 'R2 - std': 0.0} 
 

Saved Losses
{'MSE - mean': 282.04436923902995, 'MSE - std': 173.4670404947771, 'R2 - mean': 0.7258258034768476, 'R2 - std': 0.17077478603455787} 
 

Saved Losses
{'MSE - mean': 281.9118238013945, 'MSE - std': 141.6353695065743, 'R2 - mean': 0.7788970497192231, 'R2 - std': 0.1583534002967321} 
 

Saved Losses
{'MSE - mean': 287.33845029971206, 'MSE - std': 123.01942223447729, 'R2 - mean': 0.7901291969600088, 'R2 - std': 0.13851112927872933} 
 

Saved Losses
{'MSE - mean': 287.65370077270893, 'MSE - std': 110.03372268975808, 'R2 - mean': 0.8050903572974967, 'R2 - std': 0.12745042809591176} 
 

Saving model.....
Results After CV: {'MSE - mean': 287.65370077270893, 'MSE - std': 110.03372268975808, 'R2 - mean': 0.8050903572974967, 'R2 - std': 0.12745042809591176}
Train time: 0.5624784635999959
Inference time: 0.05381776279999713
Finished cross validation
Hyperparam was saved!!! Hurrah!!!
Trial 104 finished with value: 287.65370077270893 and parameters: {'max_depth': 11, 'n_estimators': 87}. Best is trial 65 with value: 267.23646419674776.
Saved Losses
{'MSE - mean': 459.12715978963644, 'MSE - std': 0.0, 'R2 - mean': 0.5515191096258325, 'R2 - std': 0.0} 
 

Saved Losses
{'MSE - mean': 296.94014009057986, 'MSE - std': 162.18701969905658, 'R2 - mean': 0.7115960992779151, 'R2 - std': 0.16007698965208267} 
 

Saved Losses
{'MSE - mean': 289.8381983512368, 'MSE - std': 132.80547701624667, 'R2 - mean': 0.7702286148702733, 'R2 - std': 0.15478578373596913} 
 

Saved Losses
{'MSE - mean': 292.6634521671481, 'MSE - std': 115.11697190904381, 'R2 - mean': 0.7839874972578242, 'R2 - std': 0.13615028339570961} 
 

Saved Losses
{'MSE - mean': 290.94793101292856, 'MSE - std': 103.02089995980602, 'R2 - mean': 0.8006284868316834, 'R2 - std': 0.12624266264213058} 
 

Saving model.....
Results After CV: {'MSE - mean': 290.94793101292856, 'MSE - std': 103.02089995980602, 'R2 - mean': 0.8006284868316834, 'R2 - std': 0.12624266264213058}
Train time: 0.35004639980000435
Inference time: 0.020794688600005884
Finished cross validation
Hyperparam was saved!!! Hurrah!!!
Trial 105 finished with value: 290.94793101292856 and parameters: {'max_depth': 10, 'n_estimators': 56}. Best is trial 65 with value: 267.23646419674776.
Saved Losses
{'MSE - mean': 416.4375479303059, 'MSE - std': 0.0, 'R2 - mean': 0.5932188320843608, 'R2 - std': 0.0} 
 

Saved Losses
{'MSE - mean': 270.6554527438055, 'MSE - std': 145.78209518650044, 'R2 - mean': 0.7371502651011499, 'R2 - std': 0.14393143301678912} 
 

Saved Losses
{'MSE - mean': 283.34594188187197, 'MSE - std': 120.3759799424454, 'R2 - mean': 0.7827622280130321, 'R2 - std': 0.13405872069679325} 
 

Saved Losses
{'MSE - mean': 291.8827791643415, 'MSE - std': 105.2920471008618, 'R2 - mean': 0.7910153461129399, 'R2 - std': 0.11697498587842912} 
 

Saved Losses
{'MSE - mean': 289.0338015756067, 'MSE - std': 94.3482847716721, 'R2 - mean': 0.8068536380205543, 'R2 - std': 0.10931570710199959} 
 

Saving model.....
Results After CV: {'MSE - mean': 289.0338015756067, 'MSE - std': 94.3482847716721, 'R2 - mean': 0.8068536380205543, 'R2 - std': 0.10931570710199959}
Train time: 0.42546599979999655
Inference time: 0.023476186200002757
Finished cross validation
Hyperparam was saved!!! Hurrah!!!
Trial 106 finished with value: 289.0338015756067 and parameters: {'max_depth': 12, 'n_estimators': 63}. Best is trial 65 with value: 267.23646419674776.
Saved Losses
{'MSE - mean': 440.7255488892487, 'MSE - std': 0.0, 'R2 - mean': 0.5694940228169976, 'R2 - std': 0.0} 
 

Saved Losses
{'MSE - mean': 270.26034482078785, 'MSE - std': 170.46520406846088, 'R2 - mean': 0.7372289943290672, 'R2 - std': 0.16773497151206962} 
 

Saved Losses
{'MSE - mean': 273.4404405062874, 'MSE - std': 139.25689647508497, 'R2 - mean': 0.7867503528621288, 'R2 - std': 0.15382265875792353} 
 

Saved Losses
{'MSE - mean': 283.3442031106266, 'MSE - std': 121.81385780392034, 'R2 - mean': 0.7946501974872368, 'R2 - std': 0.13391519852436462} 
 

Saved Losses
{'MSE - mean': 280.6469678572124, 'MSE - std': 109.0870894034121, 'R2 - mean': 0.8104889223174931, 'R2 - std': 0.12389546050461374} 
 

Saving model.....
Results After CV: {'MSE - mean': 280.6469678572124, 'MSE - std': 109.0870894034121, 'R2 - mean': 0.8104889223174931, 'R2 - std': 0.12389546050461374}
Train time: 0.44992959979999797
Inference time: 0.026589509999996607
Finished cross validation
Hyperparam was saved!!! Hurrah!!!
Trial 107 finished with value: 280.6469678572124 and parameters: {'max_depth': 11, 'n_estimators': 70}. Best is trial 65 with value: 267.23646419674776.
Saved Losses
{'MSE - mean': 451.49038144499, 'MSE - std': 0.0, 'R2 - mean': 0.5589788058746157, 'R2 - std': 0.0} 
 

Saved Losses
{'MSE - mean': 285.92882349085636, 'MSE - std': 165.5615579541337, 'R2 - mean': 0.7221758530343774, 'R2 - std': 0.16319704715976163} 
 

Saved Losses
{'MSE - mean': 281.61171831272094, 'MSE - std': 135.31824627782024, 'R2 - mean': 0.7776432625693049, 'R2 - std': 0.15462465685914312} 
 

Saved Losses
{'MSE - mean': 291.52463484262654, 'MSE - std': 118.44014764498243, 'R2 - mean': 0.7866292233951626, 'R2 - std': 0.13481035144786677} 
 

Saved Losses
{'MSE - mean': 290.0615136766718, 'MSE - std': 105.97649623155716, 'R2 - mean': 0.8027303503904802, 'R2 - std': 0.12480404580010725} 
 

Saving model.....
Results After CV: {'MSE - mean': 290.0615136766718, 'MSE - std': 105.97649623155716, 'R2 - mean': 0.8027303503904802, 'R2 - std': 0.12480404580010725}
Train time: 0.5136848524000015
Inference time: 0.030258903199995756
Finished cross validation
Hyperparam was saved!!! Hurrah!!!
Trial 108 finished with value: 290.0615136766718 and parameters: {'max_depth': 12, 'n_estimators': 78}. Best is trial 65 with value: 267.23646419674776.
Saved Losses
{'MSE - mean': 388.06565148609536, 'MSE - std': 0.0, 'R2 - mean': 0.620932839212001, 'R2 - std': 0.0} 
 

Saved Losses
{'MSE - mean': 248.86777851794872, 'MSE - std': 139.19787296814664, 'R2 - mean': 0.7582464777758806, 'R2 - std': 0.13731363856387957} 
 

Saved Losses
{'MSE - mean': 294.21101105577065, 'MSE - std': 130.49667696865762, 'R2 - mean': 0.7864627937727686, 'R2 - std': 0.11900564916832165} 
 

Saved Losses
{'MSE - mean': 288.6962210094875, 'MSE - std': 113.4163822058365, 'R2 - mean': 0.8003681065766803, 'R2 - std': 0.1058387054579001} 
 

Saved Losses
{'MSE - mean': 298.27970113537515, 'MSE - std': 103.23755599306601, 'R2 - mean': 0.808821722648281, 'R2 - std': 0.0961629853797572} 
 

Saving model.....
Results After CV: {'MSE - mean': 298.27970113537515, 'MSE - std': 103.23755599306601, 'R2 - mean': 0.808821722648281, 'R2 - std': 0.0961629853797572}
Train time: 0.06005027779999637
Inference time: 0.0070438329999944925
Finished cross validation
Hyperparam was saved!!! Hurrah!!!
Trial 109 finished with value: 298.27970113537515 and parameters: {'max_depth': 11, 'n_estimators': 7}. Best is trial 65 with value: 267.23646419674776.
Saved Losses
{'MSE - mean': 447.0740295556378, 'MSE - std': 0.0, 'R2 - mean': 0.5632927511190002, 'R2 - std': 0.0} 
 

Saved Losses
{'MSE - mean': 280.2680101669607, 'MSE - std': 166.8060193886771, 'R2 - mean': 0.7276208110377819, 'R2 - std': 0.16432805991878163} 
 

Saved Losses
{'MSE - mean': 285.7603043395599, 'MSE - std': 136.41784827050265, 'R2 - mean': 0.7780395034354174, 'R2 - std': 0.1519426315114422} 
 

Saved Losses
{'MSE - mean': 291.9316253706277, 'MSE - std': 118.6238913746759, 'R2 - mean': 0.7884956590176813, 'R2 - std': 0.1328266389759522} 
 

Saved Losses
{'MSE - mean': 292.19949132155233, 'MSE - std': 106.1017864720825, 'R2 - mean': 0.8033762252459017, 'R2 - std': 0.12247472319792424} 
 

Saving model.....
Results After CV: {'MSE - mean': 292.19949132155233, 'MSE - std': 106.1017864720825, 'R2 - mean': 0.8033762252459017, 'R2 - std': 0.12247472319792424}
Train time: 0.3108190938000064
Inference time: 0.021027274000005036
Finished cross validation
Hyperparam was saved!!! Hurrah!!!
Trial 110 finished with value: 292.19949132155233 and parameters: {'max_depth': 10, 'n_estimators': 50}. Best is trial 65 with value: 267.23646419674776.
Saved Losses
{'MSE - mean': 456.97493742123527, 'MSE - std': 0.0, 'R2 - mean': 0.5536214261267906, 'R2 - std': 0.0} 
 

Saved Losses
{'MSE - mean': 277.23112138488415, 'MSE - std': 179.74381603635115, 'R2 - mean': 0.7303915847806253, 'R2 - std': 0.17677015865383472} 
 

Saved Losses
{'MSE - mean': 274.23953822829526, 'MSE - std': 146.82117947275862, 'R2 - mean': 0.7837627630711879, 'R2 - std': 0.16287651151894383} 
 

Saved Losses
{'MSE - mean': 285.2019170466526, 'MSE - std': 128.5607455812252, 'R2 - mean': 0.7916793246959786, 'R2 - std': 0.1417200915442578} 
 

Saved Losses
{'MSE - mean': 282.6171060230464, 'MSE - std': 115.10437539742543, 'R2 - mean': 0.8078859738964393, 'R2 - std': 0.1308368808519885} 
 

Saving model.....
Results After CV: {'MSE - mean': 282.6171060230464, 'MSE - std': 115.10437539742543, 'R2 - mean': 0.8078859738964393, 'R2 - std': 0.1308368808519885}
Train time: 0.41799911540000495
Inference time: 0.025013988599999946
Finished cross validation
Hyperparam was saved!!! Hurrah!!!
Trial 111 finished with value: 282.6171060230464 and parameters: {'max_depth': 12, 'n_estimators': 60}. Best is trial 65 with value: 267.23646419674776.
Saved Losses
{'MSE - mean': 418.2596251618453, 'MSE - std': 0.0, 'R2 - mean': 0.591439005294097, 'R2 - std': 0.0} 
 

Saved Losses
{'MSE - mean': 267.2539654256362, 'MSE - std': 151.0056597362091, 'R2 - mean': 0.7403672186223739, 'R2 - std': 0.14892821332827688} 
 

Saved Losses
{'MSE - mean': 269.0197515318352, 'MSE - std': 123.32089110416045, 'R2 - mean': 0.7898288251898028, 'R2 - std': 0.1402829623721193} 
 

Saved Losses
{'MSE - mean': 279.73080467544787, 'MSE - std': 108.39839304795544, 'R2 - mean': 0.7971318974206876, 'R2 - std': 0.12214535087735282} 
 

Saved Losses
{'MSE - mean': 277.44271435526514, 'MSE - std': 97.06240632477892, 'R2 - mean': 0.8126208569160663, 'R2 - std': 0.11355712596644589} 
 

Saving model.....
Results After CV: {'MSE - mean': 277.44271435526514, 'MSE - std': 97.06240632477892, 'R2 - mean': 0.8126208569160663, 'R2 - std': 0.11355712596644589}
Train time: 0.4267463647999989
Inference time: 0.026045637000004264
Finished cross validation
Hyperparam was saved!!! Hurrah!!!
Trial 112 finished with value: 277.44271435526514 and parameters: {'max_depth': 12, 'n_estimators': 64}. Best is trial 65 with value: 267.23646419674776.
Saved Losses
{'MSE - mean': 434.17110397848666, 'MSE - std': 0.0, 'R2 - mean': 0.5758964828475343, 'R2 - std': 0.0} 
 

Saved Losses
{'MSE - mean': 278.0392257191684, 'MSE - std': 156.13187825931823, 'R2 - mean': 0.7299013728584729, 'R2 - std': 0.1540048900109386} 
 

Saved Losses
{'MSE - mean': 271.50061653650005, 'MSE - std': 127.81607525115555, 'R2 - mean': 0.7847738050262341, 'R2 - std': 0.1477621006512336} 
 

Saved Losses
{'MSE - mean': 278.30807187548146, 'MSE - std': 111.31817535350403, 'R2 - mean': 0.7952458125568412, 'R2 - std': 0.1292447972523933} 
 

Saved Losses
{'MSE - mean': 284.6263999048309, 'MSE - std': 100.36470498921734, 'R2 - mean': 0.8072215894913446, 'R2 - std': 0.1180552880060429} 
 

Saving model.....
Results After CV: {'MSE - mean': 284.6263999048309, 'MSE - std': 100.36470498921734, 'R2 - mean': 0.8072215894913446, 'R2 - std': 0.1180552880060429}
Train time: 0.29740760440000713
Inference time: 0.021513073600010556
Finished cross validation
Hyperparam was saved!!! Hurrah!!!
Trial 113 finished with value: 284.6263999048309 and parameters: {'max_depth': 11, 'n_estimators': 45}. Best is trial 65 with value: 267.23646419674776.
Saved Losses
{'MSE - mean': 442.2469381734123, 'MSE - std': 0.0, 'R2 - mean': 0.568007911603102, 'R2 - std': 0.0} 
 

Saved Losses
{'MSE - mean': 279.21695259780404, 'MSE - std': 163.0299855756082, 'R2 - mean': 0.7286808785279782, 'R2 - std': 0.1606729669248762} 
 

Saved Losses
{'MSE - mean': 280.34843671190805, 'MSE - std': 133.12304324867887, 'R2 - mean': 0.7806691822164495, 'R2 - std': 0.150386509726674} 
 

Saved Losses
{'MSE - mean': 285.86228089795804, 'MSE - std': 115.68282463687653, 'R2 - mean': 0.7916344769347385, 'R2 - std': 0.1316160696708615} 
 

Saved Losses
{'MSE - mean': 280.131702749953, 'MSE - std': 104.10269370393176, 'R2 - mean': 0.8092589704462034, 'R2 - std': 0.12288499876969006} 
 

Saving model.....
Results After CV: {'MSE - mean': 280.131702749953, 'MSE - std': 104.10269370393176, 'R2 - mean': 0.8092589704462034, 'R2 - std': 0.12288499876969006}
Train time: 0.38448332919999756
Inference time: 0.022142378000006603
Finished cross validation
Hyperparam was saved!!! Hurrah!!!
Trial 114 finished with value: 280.131702749953 and parameters: {'max_depth': 12, 'n_estimators': 57}. Best is trial 65 with value: 267.23646419674776.
Saved Losses
{'MSE - mean': 443.93727223961156, 'MSE - std': 0.0, 'R2 - mean': 0.5663567731093867, 'R2 - std': 0.0} 
 

Saved Losses
{'MSE - mean': 279.91333753608404, 'MSE - std': 164.02393470352752, 'R2 - mean': 0.7279969961422132, 'R2 - std': 0.1616402230328266} 
 

Saved Losses
{'MSE - mean': 289.21804053303885, 'MSE - std': 134.56989175198558, 'R2 - mean': 0.7767824288477652, 'R2 - std': 0.14892417989233248} 
 

Saved Losses
{'MSE - mean': 294.1255174907443, 'MSE - std': 116.85051054606937, 'R2 - mean': 0.787784610514329, 'R2 - std': 0.13037236103455774} 
 

Saved Losses
{'MSE - mean': 286.5250684592244, 'MSE - std': 105.61392310592662, 'R2 - mean': 0.8062806273550074, 'R2 - std': 0.12233549187894205} 
 

Saving model.....
Results After CV: {'MSE - mean': 286.5250684592244, 'MSE - std': 105.61392310592662, 'R2 - mean': 0.8062806273550074, 'R2 - std': 0.12233549187894205}
Train time: 0.2707679283999994
Inference time: 0.0180532383999946
Finished cross validation
Hyperparam was saved!!! Hurrah!!!
Trial 115 finished with value: 286.5250684592244 and parameters: {'max_depth': 11, 'n_estimators': 42}. Best is trial 65 with value: 267.23646419674776.
Saved Losses
{'MSE - mean': 403.78234453987767, 'MSE - std': 0.0, 'R2 - mean': 0.6055805858237951, 'R2 - std': 0.0} 
 

Saved Losses
{'MSE - mean': 264.2893612735777, 'MSE - std': 139.4929832663, 'R2 - mean': 0.743367796216208, 'R2 - std': 0.13778721039241287} 
 

Saved Losses
{'MSE - mean': 270.1986510212285, 'MSE - std': 114.20172647993644, 'R2 - mean': 0.7905413025666185, 'R2 - std': 0.1307958573551413} 
 

Saved Losses
{'MSE - mean': 277.19874176650535, 'MSE - std': 99.64200700294526, 'R2 - mean': 0.7996485253138087, 'R2 - std': 0.11436560560085655} 
 

Saved Losses
{'MSE - mean': 272.5685006642157, 'MSE - std': 89.60234471441763, 'R2 - mean': 0.8159658367500834, 'R2 - std': 0.1073713742372428} 
 

Saving model.....
Results After CV: {'MSE - mean': 272.5685006642157, 'MSE - std': 89.60234471441763, 'R2 - mean': 0.8159658367500834, 'R2 - std': 0.1073713742372428}
Train time: 0.4382986931999994
Inference time: 0.026602887199993576
Finished cross validation
Hyperparam was saved!!! Hurrah!!!
Trial 116 finished with value: 272.5685006642157 and parameters: {'max_depth': 12, 'n_estimators': 67}. Best is trial 65 with value: 267.23646419674776.
Saved Losses
{'MSE - mean': 432.06400418170523, 'MSE - std': 0.0, 'R2 - mean': 0.5779547230818971, 'R2 - std': 0.0} 
 

Saved Losses
{'MSE - mean': 276.6448250871854, 'MSE - std': 155.41917909451985, 'R2 - mean': 0.7312550889601537, 'R2 - std': 0.15330036587825657} 
 

Saved Losses
{'MSE - mean': 276.7611732180091, 'MSE - std': 126.89933501553392, 'R2 - mean': 0.7831496303800275, 'R2 - std': 0.14509797257013235} 
 

Saved Losses
{'MSE - mean': 286.4485833693997, 'MSE - std': 111.17157310599835, 'R2 - mean': 0.7915934807003724, 'R2 - std': 0.12650676684537204} 
 

Saved Losses
{'MSE - mean': 284.96765575956306, 'MSE - std': 99.47898029147753, 'R2 - mean': 0.8071846821844165, 'R2 - std': 0.1173691266943726} 
 

Saving model.....
Results After CV: {'MSE - mean': 284.96765575956306, 'MSE - std': 99.47898029147753, 'R2 - mean': 0.8071846821844165, 'R2 - std': 0.1173691266943726}
Train time: 0.414412374799997
Inference time: 0.026224505199996882
Finished cross validation
Hyperparam was saved!!! Hurrah!!!
Trial 117 finished with value: 284.96765575956306 and parameters: {'max_depth': 11, 'n_estimators': 67}. Best is trial 65 with value: 267.23646419674776.
Saved Losses
{'MSE - mean': 426.3374588297712, 'MSE - std': 0.0, 'R2 - mean': 0.58354848094057, 'R2 - std': 0.0} 
 

Saved Losses
{'MSE - mean': 266.13387198144034, 'MSE - std': 160.2035868483309, 'R2 - mean': 0.7413349399167981, 'R2 - std': 0.15778645897622806} 
 

Saved Losses
{'MSE - mean': 280.80232514143194, 'MSE - std': 132.4403760021626, 'R2 - mean': 0.7853598556671004, 'R2 - std': 0.14308772660322883} 
 

Saved Losses
{'MSE - mean': 286.49650431972935, 'MSE - std': 115.11998491243524, 'R2 - mean': 0.7949820006220727, 'R2 - std': 0.1250333161559901} 
 

Saved Losses
{'MSE - mean': 286.26708601919586, 'MSE - std': 102.96746705643456, 'R2 - mean': 0.8093059483563027, 'R2 - std': 0.11544421178189411} 
 

Saving model.....
Results After CV: {'MSE - mean': 286.26708601919586, 'MSE - std': 102.96746705643456, 'R2 - mean': 0.8093059483563027, 'R2 - std': 0.11544421178189411}
Train time: 0.3289250834000029
Inference time: 0.022171183199992582
Finished cross validation
Hyperparam was saved!!! Hurrah!!!
Trial 118 finished with value: 286.26708601919586 and parameters: {'max_depth': 10, 'n_estimators': 53}. Best is trial 65 with value: 267.23646419674776.
Saved Losses
{'MSE - mean': 383.9410322518333, 'MSE - std': 0.0, 'R2 - mean': 0.6249618165164232, 'R2 - std': 0.0} 
 

Saved Losses
{'MSE - mean': 246.40806480335897, 'MSE - std': 137.53296744847432, 'R2 - mean': 0.7606394188166172, 'R2 - std': 0.135677602300194} 
 

Saved Losses
{'MSE - mean': 269.15086630737505, 'MSE - std': 116.81045100485467, 'R2 - mean': 0.7976176252919952, 'R2 - std': 0.12250326533970884} 
 

Saved Losses
{'MSE - mean': 282.59699651541996, 'MSE - std': 103.80706310595274, 'R2 - mean': 0.8013674507847679, 'R2 - std': 0.10628956245957114} 
 

Saved Losses
{'MSE - mean': 280.8824133159832, 'MSE - std': 92.91116328373985, 'R2 - mean': 0.8154732064990216, 'R2 - std': 0.09916585222423317} 
 

Saving model.....
Results After CV: {'MSE - mean': 280.8824133159832, 'MSE - std': 92.91116328373985, 'R2 - mean': 0.8154732064990216, 'R2 - std': 0.09916585222423317}
Train time: 0.09086960660001182
Inference time: 0.009685381399998505
Finished cross validation
Hyperparam was saved!!! Hurrah!!!
Trial 119 finished with value: 280.8824133159832 and parameters: {'max_depth': 12, 'n_estimators': 11}. Best is trial 65 with value: 267.23646419674776.
Saved Losses
{'MSE - mean': 444.2057859061187, 'MSE - std': 0.0, 'R2 - mean': 0.5660944857546418, 'R2 - std': 0.0} 
 

Saved Losses
{'MSE - mean': 284.50327944661876, 'MSE - std': 159.70250645949992, 'R2 - mean': 0.7236226534872818, 'R2 - std': 0.15752816773264006} 
 

Saved Losses
{'MSE - mean': 284.9282719944392, 'MSE - std': 130.3979356315217, 'R2 - mean': 0.7768661581778104, 'R2 - std': 0.14904079084687694} 
 

Saved Losses
{'MSE - mean': 282.88059965464925, 'MSE - std': 112.98360544236178, 'R2 - mean': 0.7925054128254208, 'R2 - std': 0.13188490004543849} 
 

Saved Losses
{'MSE - mean': 278.595098960198, 'MSE - std': 101.4184309867432, 'R2 - mean': 0.8095589403485002, 'R2 - std': 0.12279329253635135} 
 

Saving model.....
Results After CV: {'MSE - mean': 278.595098960198, 'MSE - std': 101.4184309867432, 'R2 - mean': 0.8095589403485002, 'R2 - std': 0.12279329253635135}
Train time: 0.48066171660000234
Inference time: 0.028212975999986158
Finished cross validation
Hyperparam was saved!!! Hurrah!!!
