Trial 0 finished with value: 13035608.231984437 and parameters: {'max_depth': 7, 'n_estimators': 62}. Best is trial 0 with value: 13035608.231984437.
Saved Losses
{'MSE - mean': 13455841.741507277, 'MSE - std': 0.0, 'R2 - mean': 0.4732581031395904, 'R2 - std': 0.0} 
 

Saved Losses
{'MSE - mean': 13609113.314735156, 'MSE - std': 153271.57322787773, 'R2 - mean': 0.4704070780220695, 'R2 - std': 0.002851025117520889} 
 

Saved Losses
{'MSE - mean': 13654478.331957087, 'MSE - std': 140632.2142383861, 'R2 - mean': 0.4693611871246952, 'R2 - std': 0.002758019522334354} 
 

Saved Losses
{'MSE - mean': 13658393.476494942, 'MSE - std': 121979.71073686953, 'R2 - mean': 0.46990734476533624, 'R2 - std': 0.002569020877586383} 
 

Saved Losses
{'MSE - mean': 13771214.51338459, 'MSE - std': 250634.3658092048, 'R2 - mean': 0.466858008668971, 'R2 - std': 0.006517184754935497} 
 

Saving model.....
Results After CV: {'MSE - mean': 13771214.51338459, 'MSE - std': 250634.3658092048, 'R2 - mean': 0.466858008668971, 'R2 - std': 0.006517184754935497}
Train time: 10.905566087799997
Inference time: 0.1320522301999972
Finished cross validation
Hyperparam was saved!!! Hurrah!!!
Trial 1 finished with value: 13771214.51338459 and parameters: {'max_depth': 5, 'n_estimators': 27}. Best is trial 0 with value: 13035608.231984437.
Saved Losses
{'MSE - mean': 12597740.584459573, 'MSE - std': 0.0, 'R2 - mean': 0.5068493001709244, 'R2 - std': 0.0} 
 

Saved Losses
{'MSE - mean': 12706181.089947987, 'MSE - std': 108440.50548841432, 'R2 - mean': 0.5055363749662125, 'R2 - std': 0.0013129252047119344} 
 

Saved Losses
{'MSE - mean': 12755469.193204915, 'MSE - std': 112686.2742265131, 'R2 - mean': 0.5042938160407828, 'R2 - std': 0.0020584185908382475} 
 

Saved Losses
{'MSE - mean': 12762842.295387238, 'MSE - std': 98421.21319442615, 'R2 - mean': 0.5046615146465647, 'R2 - std': 0.0018929928989336216} 
 

Saved Losses
{'MSE - mean': 12761785.368203383, 'MSE - std': 88055.98529127955, 'R2 - mean': 0.5058955161728192, 'R2 - std': 0.002992954520122945} 
 

Saving model.....
Results After CV: {'MSE - mean': 12761785.368203383, 'MSE - std': 88055.98529127955, 'R2 - mean': 0.5058955161728192, 'R2 - std': 0.002992954520122945}
Train time: 4.878993510400005
Inference time: 0.09957206960000349
Finished cross validation
Hyperparam was saved!!! Hurrah!!!
Trial 2 finished with value: 12761785.368203383 and parameters: {'max_depth': 9, 'n_estimators': 9}. Best is trial 2 with value: 12761785.368203383.
Saved Losses
{'MSE - mean': 12575809.514258217, 'MSE - std': 0.0, 'R2 - mean': 0.507707813056254, 'R2 - std': 0.0} 
 

Saved Losses
{'MSE - mean': 12684111.1108791, 'MSE - std': 108301.59662088472, 'R2 - mean': 0.506395244010535, 'R2 - std': 0.0013125690457189698} 
 

Saved Losses
{'MSE - mean': 12736114.26519566, 'MSE - std': 115013.68036672338, 'R2 - mean': 0.5050462927802463, 'R2 - std': 0.002188126407816012} 
 

Saved Losses
{'MSE - mean': 12737798.412911644, 'MSE - std': 99647.47394797255, 'R2 - mean': 0.5056328468472153, 'R2 - std': 0.0021501302060271173} 
 

Saved Losses
{'MSE - mean': 12742546.392009608, 'MSE - std': 89631.84965975155, 'R2 - mean': 0.5066420555891737, 'R2 - std': 0.002787912671099614} 
 

Saving model.....
Results After CV: {'MSE - mean': 12742546.392009608, 'MSE - std': 89631.84965975155, 'R2 - mean': 0.5066420555891737, 'R2 - std': 0.002787912671099614}
Train time: 19.155130959400005
Inference time: 0.1878431790000036
Finished cross validation
Hyperparam was saved!!! Hurrah!!!
Trial 3 finished with value: 12742546.392009608 and parameters: {'max_depth': 9, 'n_estimators': 34}. Best is trial 3 with value: 12742546.392009608.
Saved Losses
{'MSE - mean': 15845007.542898659, 'MSE - std': 0.0, 'R2 - mean': 0.37973190460703043, 'R2 - std': 0.0} 
 

Saved Losses
{'MSE - mean': 15910165.28087791, 'MSE - std': 65157.73797925189, 'R2 - mean': 0.3808365175968647, 'R2 - std': 0.001104612989834275} 
 

Saved Losses
{'MSE - mean': 15936456.710068544, 'MSE - std': 64906.33541358542, 'R2 - mean': 0.38065901382462525, 'R2 - std': 0.0009361953588108102} 
 

Saved Losses
{'MSE - mean': 15969348.453945503, 'MSE - std': 80032.647890833, 'R2 - mean': 0.3802066225840402, 'R2 - std': 0.0011275281885914708} 
 

Saved Losses
{'MSE - mean': 16102705.101763293, 'MSE - std': 276152.42503285495, 'R2 - mean': 0.37658803864677237, 'R2 - std': 0.007307096187752441} 
 

Saving model.....
Results After CV: {'MSE - mean': 16102705.101763293, 'MSE - std': 276152.42503285495, 'R2 - mean': 0.37658803864677237, 'R2 - std': 0.007307096187752441}
Train time: 12.35809733000001
Inference time: 0.14385633519999602
Finished cross validation
Hyperparam was saved!!! Hurrah!!!
Trial 4 finished with value: 16102705.101763293 and parameters: {'max_depth': 3, 'n_estimators': 43}. Best is trial 3 with value: 12742546.392009608.
Saved Losses
{'MSE - mean': 17529762.673846725, 'MSE - std': 0.0, 'R2 - mean': 0.3137805408448191, 'R2 - std': 0.0} 
 

Saved Losses
{'MSE - mean': 17694409.631168038, 'MSE - std': 164646.95732131414, 'R2 - mean': 0.31142156500591267, 'R2 - std': 0.0023589758389064297} 
 

Saved Losses
{'MSE - mean': 17758342.47748692, 'MSE - std': 162009.9730890421, 'R2 - mean': 0.3098725100539089, 'R2 - std': 0.002917016825631544} 
 

Saved Losses
{'MSE - mean': 17812548.46699662, 'MSE - std': 168820.29330448186, 'R2 - mean': 0.3086853745792724, 'R2 - std': 0.00325723997829212} 
 

Saved Losses
{'MSE - mean': 17855711.09111352, 'MSE - std': 173931.83040419902, 'R2 - mean': 0.3086944672446892, 'R2 - std': 0.0029134207604129348} 
 

Saving model.....
Results After CV: {'MSE - mean': 17855711.09111352, 'MSE - std': 173931.83040419902, 'R2 - mean': 0.3086944672446892, 'R2 - std': 0.0029134207604129348}
Train time: 1.0995095891999882
Inference time: 0.0710968573999935
Finished cross validation
Hyperparam was saved!!! Hurrah!!!
Trial 5 finished with value: 17855711.09111352 and parameters: {'max_depth': 2, 'n_estimators': 5}. Best is trial 3 with value: 12742546.392009608.
Saved Losses
{'MSE - mean': 12572704.702196568, 'MSE - std': 0.0, 'R2 - mean': 0.5078293539175518, 'R2 - std': 0.0} 
 

Saved Losses
{'MSE - mean': 12639691.072345551, 'MSE - std': 66986.37014898192, 'R2 - mean': 0.5081144923603964, 'R2 - std': 0.0002851384428445569} 
 

Saved Losses
{'MSE - mean': 12708221.597491799, 'MSE - std': 111284.83699108355, 'R2 - mean': 0.5061257685677414, 'R2 - std': 0.0028220997976688834} 
 

Saved Losses
{'MSE - mean': 12701423.435855364, 'MSE - std': 97092.12745122158, 'R2 - mean': 0.5070399246522983, 'R2 - std': 0.002912083359349353} 
 

Saved Losses
{'MSE - mean': 12702760.507542621, 'MSE - std': 86883.00186567493, 'R2 - mean': 0.5081774519654333, 'R2 - std': 0.003458331555237556} 
 

Saving model.....
Results After CV: {'MSE - mean': 12702760.507542621, 'MSE - std': 86883.00186567493, 'R2 - mean': 0.5081774519654333, 'R2 - std': 0.003458331555237556}
Train time: 3.247262030999991
Inference time: 0.10178742900000089
Finished cross validation
Hyperparam was saved!!! Hurrah!!!
Trial 6 finished with value: 12702760.507542621 and parameters: {'max_depth': 10, 'n_estimators': 6}. Best is trial 6 with value: 12702760.507542621.
Saved Losses
{'MSE - mean': 13550175.582315933, 'MSE - std': 0.0, 'R2 - mean': 0.4695653140001044, 'R2 - std': 0.0} 
 

Saved Losses
{'MSE - mean': 13629872.132985111, 'MSE - std': 79696.5506691793, 'R2 - mean': 0.4695823693200623, 'R2 - std': 1.7055319957937076e-05} 
 

Saved Losses
{'MSE - mean': 13680727.909971574, 'MSE - std': 96989.58826340112, 'R2 - mean': 0.4683303859537736, 'R2 - std': 0.001770626618334126} 
 

Saved Losses
{'MSE - mean': 13675415.19862631, 'MSE - std': 84497.98742657942, 'R2 - mean': 0.4692372841139525, 'R2 - std': 0.0021951609929508156} 
 

Saved Losses
{'MSE - mean': 13740251.217546564, 'MSE - std': 150089.1911532059, 'R2 - mean': 0.46803133593867086, 'R2 - std': 0.0031100208092291687} 
 

Saving model.....
Results After CV: {'MSE - mean': 13740251.217546564, 'MSE - std': 150089.1911532059, 'R2 - mean': 0.46803133593867086, 'R2 - std': 0.0031100208092291687}
Train time: 9.648696204600004
Inference time: 0.12328005559998019
Finished cross validation
Hyperparam was saved!!! Hurrah!!!
Trial 7 finished with value: 13740251.217546564 and parameters: {'max_depth': 5, 'n_estimators': 24}. Best is trial 6 with value: 12702760.507542621.
Saved Losses
{'MSE - mean': 17529045.54697021, 'MSE - std': 0.0, 'R2 - mean': 0.3138086134677349, 'R2 - std': 0.0} 
 

Saved Losses
{'MSE - mean': 17676529.12783593, 'MSE - std': 147483.58086571842, 'R2 - mean': 0.3121134962399295, 'R2 - std': 0.0016951172278054094} 
 

Saved Losses
{'MSE - mean': 17747721.84855253, 'MSE - std': 156964.15105382202, 'R2 - mean': 0.31028342409948323, 'R2 - std': 0.0029349519625501423} 
 

Saved Losses
{'MSE - mean': 17810367.341030557, 'MSE - std': 173930.1058485251, 'R2 - mean': 0.3087699514350366, 'R2 - std': 0.0036513361643293833} 
 

Saved Losses
{'MSE - mean': 17855474.820267342, 'MSE - std': 179833.48995326573, 'R2 - mean': 0.30870428268820266, 'R2 - std': 0.003268494173957581} 
 

Saving model.....
Results After CV: {'MSE - mean': 17855474.820267342, 'MSE - std': 179833.48995326573, 'R2 - mean': 0.30870428268820266, 'R2 - std': 0.003268494173957581}
Train time: 19.802641774599998
Inference time: 0.2040520861999994
Finished cross validation
Hyperparam was saved!!! Hurrah!!!
Trial 8 finished with value: 17855474.820267342 and parameters: {'max_depth': 2, 'n_estimators': 91}. Best is trial 6 with value: 12702760.507542621.
Saved Losses
{'MSE - mean': 14545531.314079765, 'MSE - std': 0.0, 'R2 - mean': 0.43060115432342916, 'R2 - std': 0.0} 
 

Saved Losses
{'MSE - mean': 14622455.652218971, 'MSE - std': 76924.3381392071, 'R2 - mean': 0.4309532069334786, 'R2 - std': 0.000352052610049447} 
 

Saved Losses
{'MSE - mean': 14687495.288351381, 'MSE - std': 111378.68318747457, 'R2 - mean': 0.4292045110875961, 'R2 - std': 0.0024896790321194593} 
 

Saved Losses
{'MSE - mean': 14710226.595075998, 'MSE - std': 104182.74913658987, 'R2 - mean': 0.42907897274066575, 'R2 - std': 0.0021670615800852247} 
 

Saved Losses
{'MSE - mean': 14770203.492897889, 'MSE - std': 151895.19170624245, 'R2 - mean': 0.4281553591964354, 'R2 - std': 0.0026775310698194375} 
 

Saving model.....
Results After CV: {'MSE - mean': 14770203.492897889, 'MSE - std': 151895.19170624245, 'R2 - mean': 0.4281553591964354, 'R2 - std': 0.0026775310698194375}
Train time: 7.728173141200022
Inference time: 0.11598801239997555
Finished cross validation
Hyperparam was saved!!! Hurrah!!!
Trial 9 finished with value: 14770203.492897889 and parameters: {'max_depth': 4, 'n_estimators': 22}. Best is trial 6 with value: 12702760.507542621.
Saved Losses
{'MSE - mean': 12455750.370583592, 'MSE - std': 0.0, 'R2 - mean': 0.5124076439764953, 'R2 - std': 0.0} 
 

Saved Losses
{'MSE - mean': 12551056.172234068, 'MSE - std': 95305.80165047571, 'R2 - mean': 0.5115703903341816, 'R2 - std': 0.0008372536423136845} 
 

Saved Losses
{'MSE - mean': 12618877.624124428, 'MSE - std': 123510.98153008986, 'R2 - mean': 0.5096022730038268, 'R2 - std': 0.002866060145879332} 
 

Saved Losses
{'MSE - mean': 12616249.075226208, 'MSE - std': 107060.49564066871, 'R2 - mean': 0.5103495708839243, 'R2 - std': 0.0027993013297326636} 
 

Saved Losses
{'MSE - mean': 12616862.446059272, 'MSE - std': 95765.67587907436, 'R2 - mean': 0.5115060934931139, 'R2 - std': 0.003408672546605455} 
 

Saving model.....
Results After CV: {'MSE - mean': 12616862.446059272, 'MSE - std': 95765.67587907436, 'R2 - mean': 0.5115060934931139, 'R2 - std': 0.003408672546605455}
Train time: 6.651103694800009
Inference time: 0.1084170143999927
Finished cross validation
Hyperparam was saved!!! Hurrah!!!
Trial 10 finished with value: 12616862.446059272 and parameters: {'max_depth': 11, 'n_estimators': 11}. Best is trial 10 with value: 12616862.446059272.
Saved Losses
{'MSE - mean': 12469739.590491662, 'MSE - std': 0.0, 'R2 - mean': 0.5118600224771102, 'R2 - std': 0.0} 
 

Saved Losses
{'MSE - mean': 12543337.150617436, 'MSE - std': 73597.56012577284, 'R2 - mean': 0.5118658256950557, 'R2 - std': 5.803217945576922e-06} 
 

Saved Losses
{'MSE - mean': 12608510.120584024, 'MSE - std': 110027.72044433223, 'R2 - mean': 0.5100016020348573, 'R2 - std': 0.002636414641524633} 
 

Saved Losses
{'MSE - mean': 12611216.321868084, 'MSE - std': 95402.01793359332, 'R2 - mean': 0.5105430348360653, 'R2 - std': 0.0024682909180657655} 
 

Saved Losses
{'MSE - mean': 12615087.248175904, 'MSE - std': 85680.64135242935, 'R2 - mean': 0.5115745534170267, 'R2 - std': 0.003021603941028521} 
 

Saving model.....
Results After CV: {'MSE - mean': 12615087.248175904, 'MSE - std': 85680.64135242935, 'R2 - mean': 0.5115745534170267, 'R2 - std': 0.003021603941028521}
Train time: 6.293370808999998
Inference time: 0.12316612999998142
Finished cross validation
Hyperparam was saved!!! Hurrah!!!
Trial 11 finished with value: 12615087.248175904 and parameters: {'max_depth': 11, 'n_estimators': 11}. Best is trial 11 with value: 12615087.248175904.
Saved Losses
{'MSE - mean': 12484719.391229816, 'MSE - std': 0.0, 'R2 - mean': 0.5112736237361777, 'R2 - std': 0.0} 
 

Saved Losses
{'MSE - mean': 12548504.00898358, 'MSE - std': 63784.617753764614, 'R2 - mean': 0.5116625009839149, 'R2 - std': 0.0003888772477371183} 
 

Saved Losses
{'MSE - mean': 12600016.659078112, 'MSE - std': 89551.23978772668, 'R2 - mean': 0.510328741162316, 'R2 - std': 0.0019127591413002772} 
 

Saved Losses
{'MSE - mean': 12608084.786533633, 'MSE - std': 78802.61704128147, 'R2 - mean': 0.5106631943311873, 'R2 - std': 0.0017548682047307954} 
 

Saved Losses
{'MSE - mean': 12611570.122231625, 'MSE - std': 70827.058542302, 'R2 - mean': 0.5117094806375778, 'R2 - std': 0.002615819197219334} 
 

Saving model.....
Results After CV: {'MSE - mean': 12611570.122231625, 'MSE - std': 70827.058542302, 'R2 - mean': 0.5117094806375778, 'R2 - std': 0.002615819197219334}
Train time: 7.057454618199995
Inference time: 0.12677154220002648
Finished cross validation
Hyperparam was saved!!! Hurrah!!!
Trial 12 finished with value: 12611570.122231625 and parameters: {'max_depth': 11, 'n_estimators': 12}. Best is trial 12 with value: 12611570.122231625.
Saved Losses
{'MSE - mean': 12873746.355102811, 'MSE - std': 0.0, 'R2 - mean': 0.4960447882001442, 'R2 - std': 0.0} 
 

Saved Losses
{'MSE - mean': 12974702.212696545, 'MSE - std': 100955.85759373382, 'R2 - mean': 0.4950845838843057, 'R2 - std': 0.0009602043158384865} 
 

Saved Losses
{'MSE - mean': 13027056.937172586, 'MSE - std': 110800.53160935298, 'R2 - mean': 0.49373802702002695, 'R2 - std': 0.0020593912521848353} 
 

Saved Losses
{'MSE - mean': 13027032.105795972, 'MSE - std': 95956.08476526238, 'R2 - mean': 0.49440592920972354, 'R2 - std': 0.002125817313925624} 
 

Saved Losses
{'MSE - mean': 13038973.115524093, 'MSE - std': 89086.51422123761, 'R2 - mean': 0.4951666738522572, 'R2 - std': 0.002435202054516929} 
 

Saving model.....
Results After CV: {'MSE - mean': 13038973.115524093, 'MSE - std': 89086.51422123761, 'R2 - mean': 0.4951666738522572, 'R2 - std': 0.002435202054516929}
Train time: 5.65560728939995
Inference time: 0.09675274699998226
Finished cross validation
Hyperparam was saved!!! Hurrah!!!
Trial 13 finished with value: 13038973.115524093 and parameters: {'max_depth': 7, 'n_estimators': 12}. Best is trial 12 with value: 12611570.122231625.
Saved Losses
{'MSE - mean': 12419242.809438396, 'MSE - std': 0.0, 'R2 - mean': 0.5138367676520547, 'R2 - std': 0.0} 
 

Saved Losses
{'MSE - mean': 12481613.68465507, 'MSE - std': 62370.87521667313, 'R2 - mean': 0.5142653587241017, 'R2 - std': 0.0004285910720471242} 
 

Saved Losses
{'MSE - mean': 12552680.691739695, 'MSE - std': 112669.67815460326, 'R2 - mean': 0.5121702690490711, 'R2 - std': 0.002983498231528267} 
 

Saved Losses
{'MSE - mean': 12551063.208854605, 'MSE - std': 97615.01438942224, 'R2 - mean': 0.5128762355068637, 'R2 - std': 0.0028585157322872936} 
 

Saved Losses
{'MSE - mean': 12549886.217109978, 'MSE - std': 87341.2506532014, 'R2 - mean': 0.5140959637264032, 'R2 - std': 0.0035338134460595207} 
 

Saving model.....
Results After CV: {'MSE - mean': 12549886.217109978, 'MSE - std': 87341.2506532014, 'R2 - mean': 0.5140959637264032, 'R2 - std': 0.0035338134460595207}
Train time: 9.485920412199993
Inference time: 0.14917708299999505
Finished cross validation
Hyperparam was saved!!! Hurrah!!!
Trial 14 finished with value: 12549886.217109978 and parameters: {'max_depth': 12, 'n_estimators': 15}. Best is trial 14 with value: 12549886.217109978.
Saved Losses
{'MSE - mean': 12871502.249106534, 'MSE - std': 0.0, 'R2 - mean': 0.496132635892763, 'R2 - std': 0.0} 
 

Saved Losses
{'MSE - mean': 12976807.680038098, 'MSE - std': 105305.43093156442, 'R2 - mean': 0.49500364029790006, 'R2 - std': 0.0011289955948629582} 
 

Saved Losses
{'MSE - mean': 13029988.31950594, 'MSE - std': 114233.02215590714, 'R2 - mean': 0.4936248532695619, 'R2 - std': 0.0021568174179811815} 
 

Saved Losses
{'MSE - mean': 13028398.973665146, 'MSE - std': 98966.99234471523, 'R2 - mean': 0.4943531991845397, 'R2 - std': 0.0022539652496156087} 
 

Saved Losses
{'MSE - mean': 13037332.745035768, 'MSE - std': 90304.05053272704, 'R2 - mean': 0.4952293155762078, 'R2 - std': 0.002671068551006849} 
 

Saving model.....
Results After CV: {'MSE - mean': 13037332.745035768, 'MSE - std': 90304.05053272704, 'R2 - mean': 0.4952293155762078, 'R2 - std': 0.002671068551006849}
Train time: 8.136178128200005
Inference time: 0.12822421499997744
Finished cross validation
Hyperparam was saved!!! Hurrah!!!
Trial 15 finished with value: 13037332.745035768 and parameters: {'max_depth': 7, 'n_estimators': 16}. Best is trial 14 with value: 12549886.217109978.
Saved Losses
{'MSE - mean': 12416440.676483138, 'MSE - std': 0.0, 'R2 - mean': 0.5139464598479397, 'R2 - std': 0.0} 
 

Saved Losses
{'MSE - mean': 12469160.793179085, 'MSE - std': 52720.116695947945, 'R2 - mean': 0.514747781682642, 'R2 - std': 0.0008013218347022177} 
 

Saved Losses
{'MSE - mean': 12534317.807265768, 'MSE - std': 101704.5399134554, 'R2 - mean': 0.5128818223876076, 'R2 - std': 0.002718765523167542} 
 

Saved Losses
{'MSE - mean': 12538804.936719509, 'MSE - std': 88420.94249361748, 'R2 - mean': 0.5133513771737157, 'R2 - std': 0.0024910258065593644} 
 

Saved Losses
{'MSE - mean': 12547452.931751702, 'MSE - std': 80955.30698771449, 'R2 - mean': 0.5141933582309706, 'R2 - std': 0.002792829400135191} 
 

Saving model.....
Results After CV: {'MSE - mean': 12547452.931751702, 'MSE - std': 80955.30698771449, 'R2 - mean': 0.5141933582309706, 'R2 - std': 0.002792829400135191}
Train time: 10.542223579999995
Inference time: 0.1408253254000101
Finished cross validation
Hyperparam was saved!!! Hurrah!!!
Trial 16 finished with value: 12547452.931751702 and parameters: {'max_depth': 12, 'n_estimators': 16}. Best is trial 16 with value: 12547452.931751702.
Saved Losses
{'MSE - mean': 15813413.537718806, 'MSE - std': 0.0, 'R2 - mean': 0.38096868239749127, 'R2 - std': 0.0} 
 

Saved Losses
{'MSE - mean': 15924598.774654914, 'MSE - std': 111185.23693610635, 'R2 - mean': 0.38028533850374885, 'R2 - std': 0.0006833438937424163} 
 

Saved Losses
{'MSE - mean': 15917007.640692392, 'MSE - std': 91414.92532057296, 'R2 - mean': 0.381418297266797, 'R2 - std': 0.0016966134019309907} 
 

Saved Losses
{'MSE - mean': 15955374.751067322, 'MSE - std': 103361.60749567591, 'R2 - mean': 0.3807523842498116, 'R2 - std': 0.0018679382257667065} 
 

Saved Losses
{'MSE - mean': 16003360.93361545, 'MSE - std': 133257.61661324027, 'R2 - mean': 0.38040520409229084, 'R2 - std': 0.001809279088291521} 
 

Saving model.....
Results After CV: {'MSE - mean': 16003360.93361545, 'MSE - std': 133257.61661324027, 'R2 - mean': 0.38040520409229084, 'R2 - std': 0.001809279088291521}
Train time: 4.811397934399975
Inference time: 0.09652223880000292
Finished cross validation
Hyperparam was saved!!! Hurrah!!!
Trial 17 finished with value: 16003360.93361545 and parameters: {'max_depth': 3, 'n_estimators': 16}. Best is trial 16 with value: 12547452.931751702.
Saved Losses
{'MSE - mean': 12725159.120401833, 'MSE - std': 0.0, 'R2 - mean': 0.5018613787456622, 'R2 - std': 0.0} 
 

Saved Losses
{'MSE - mean': 12833387.475926634, 'MSE - std': 108228.35552479979, 'R2 - mean': 0.5005858156032503, 'R2 - std': 0.0012755631424118952} 
 

Saved Losses
{'MSE - mean': 12879092.221069915, 'MSE - std': 109484.08750571652, 'R2 - mean': 0.49948892270829476, 'R2 - std': 0.001868436672603059} 
 

Saved Losses
{'MSE - mean': 12875434.88140364, 'MSE - std': 95027.3774394676, 'R2 - mean': 0.5002895135082268, 'R2 - std': 0.0021309923947432836} 
 

Saved Losses
{'MSE - mean': 12875829.088577176, 'MSE - std': 84998.72685870709, 'R2 - mean': 0.5014788366831262, 'R2 - std': 0.0030480914235918454} 
 

Saving model.....
Results After CV: {'MSE - mean': 12875829.088577176, 'MSE - std': 84998.72685870709, 'R2 - mean': 0.5014788366831262, 'R2 - std': 0.0030480914235918454}
Train time: 3.7456951204000233
Inference time: 0.0921896057999902
Finished cross validation
Hyperparam was saved!!! Hurrah!!!
