Trial 170 finished with value: 0.48827122001416357 and parameters: {'max_depth': 7, 'n_estimators': 48}. Best is trial 89 with value: 0.4782203882368445.
Saved Losses
{'MSE - mean': 0.44049989853070987, 'MSE - std': 0.0, 'R2 - mean': 0.19843583155221867, 'R2 - std': 0.0} 
 

Saved Losses
{'MSE - mean': 0.43526175040300386, 'MSE - std': 0.005238148127705983, 'R2 - mean': 0.30805151499324973, 'R2 - std': 0.10961568344103106} 
 

Saved Losses
{'MSE - mean': 0.4650100837455307, 'MSE - std': 0.042287336211385, 'R2 - mean': 0.284933727826648, 'R2 - std': 0.09528516606021883} 
 

Saved Losses
{'MSE - mean': 0.47826740238159027, 'MSE - std': 0.04322538137651384, 'R2 - mean': 0.29851873271581997, 'R2 - std': 0.08580853236630424} 
 

Saved Losses
{'MSE - mean': 0.47922052306345825, 'MSE - std': 0.038708921868903484, 'R2 - mean': 0.2784909429656023, 'R2 - std': 0.08657328011923171} 
 

Saving model.....
Results After CV: {'MSE - mean': 0.47922052306345825, 'MSE - std': 0.038708921868903484, 'R2 - mean': 0.2784909429656023, 'R2 - std': 0.08657328011923171}
Train time: 0.21468575559999864
Inference time: 0.01727192760000662
Finished cross validation
Hyperparam was saved!!! Hurrah!!!
Trial 171 finished with value: 0.47922052306345825 and parameters: {'max_depth': 7, 'n_estimators': 49}. Best is trial 89 with value: 0.4782203882368445.
Saved Losses
{'MSE - mean': 0.44894712171741785, 'MSE - std': 0.0, 'R2 - mean': 0.1830646783421247, 'R2 - std': 0.0} 
 

Saved Losses
{'MSE - mean': 0.45410860120853047, 'MSE - std': 0.005161479491112619, 'R2 - mean': 0.28056332333792805, 'R2 - std': 0.09749864499580335} 
 

Saved Losses
{'MSE - mean': 0.4898698919706362, 'MSE - std': 0.05074938831455858, 'R2 - mean': 0.24876218621952847, 'R2 - std': 0.09143275394914539} 
 

Saved Losses
{'MSE - mean': 0.5016514257738957, 'MSE - std': 0.048456567428971156, 'R2 - mean': 0.2653455701424145, 'R2 - std': 0.08423174720997557} 
 

Saved Losses
{'MSE - mean': 0.49722826635070516, 'MSE - std': 0.044234471837364335, 'R2 - mean': 0.25311323139310593, 'R2 - std': 0.0792118061626392} 
 

Saving model.....
Results After CV: {'MSE - mean': 0.49722826635070516, 'MSE - std': 0.044234471837364335, 'R2 - mean': 0.25311323139310593, 'R2 - std': 0.0792118061626392}
Train time: 0.2099651128000005
Inference time: 0.016424490400015656
Finished cross validation
Hyperparam was saved!!! Hurrah!!!
Trial 172 finished with value: 0.49722826635070516 and parameters: {'max_depth': 7, 'n_estimators': 49}. Best is trial 89 with value: 0.4782203882368445.
Saved Losses
{'MSE - mean': 0.45342083394743815, 'MSE - std': 0.0, 'R2 - mean': 0.17492400127161478, 'R2 - std': 0.0} 
 

Saved Losses
{'MSE - mean': 0.4681417168117801, 'MSE - std': 0.01472088286434195, 'R2 - mean': 0.26051863176847617, 'R2 - std': 0.08559463049686139} 
 

Saved Losses
{'MSE - mean': 0.5023195916819053, 'MSE - std': 0.04980686555231455, 'R2 - mean': 0.23090781380339595, 'R2 - std': 0.08147327738417298} 
 

Saved Losses
{'MSE - mean': 0.5085872090451039, 'MSE - std': 0.0444791184079019, 'R2 - mean': 0.255017740512003, 'R2 - std': 0.08198955356307293} 
 

Saved Losses
{'MSE - mean': 0.5049404837322953, 'MSE - std': 0.04044635955810661, 'R2 - mean': 0.24126036813272878, 'R2 - std': 0.07832554304890375} 
 

Saving model.....
Results After CV: {'MSE - mean': 0.5049404837322953, 'MSE - std': 0.04044635955810661, 'R2 - mean': 0.24126036813272878, 'R2 - std': 0.07832554304890375}
Train time: 0.1995451237999987
Inference time: 0.016493747000004076
Finished cross validation
Hyperparam was saved!!! Hurrah!!!
Trial 173 finished with value: 0.5049404837322953 and parameters: {'max_depth': 8, 'n_estimators': 45}. Best is trial 89 with value: 0.4782203882368445.
Saved Losses
{'MSE - mean': 0.4287186462875307, 'MSE - std': 0.0, 'R2 - mean': 0.21987381528178618, 'R2 - std': 0.0} 
 

Saved Losses
{'MSE - mean': 0.4442672813617584, 'MSE - std': 0.01554863507422774, 'R2 - mean': 0.2985983097059189, 'R2 - std': 0.07872449442413271} 
 

Saved Losses
{'MSE - mean': 0.4883492261384949, 'MSE - std': 0.06362082268444944, 'R2 - mean': 0.25346982907112564, 'R2 - std': 0.09058066502865474} 
 

Saved Losses
{'MSE - mean': 0.4904231762732564, 'MSE - std': 0.05521422476834252, 'R2 - mean': 0.28174258595585466, 'R2 - std': 0.09247534267773222} 
 

Saved Losses
{'MSE - mean': 0.49509947445032454, 'MSE - std': 0.05026290433290383, 'R2 - mean': 0.25485656786940336, 'R2 - std': 0.09865486849046604} 
 

Saving model.....
Results After CV: {'MSE - mean': 0.49509947445032454, 'MSE - std': 0.05026290433290383, 'R2 - mean': 0.25485656786940336, 'R2 - std': 0.09865486849046604}
Train time: 0.18018948840000348
Inference time: 0.015656510399992385
Finished cross validation
Hyperparam was saved!!! Hurrah!!!
Trial 174 finished with value: 0.49509947445032454 and parameters: {'max_depth': 7, 'n_estimators': 41}. Best is trial 89 with value: 0.4782203882368445.
Saved Losses
{'MSE - mean': 0.42058748533146106, 'MSE - std': 0.0, 'R2 - mean': 0.23466983973492828, 'R2 - std': 0.0} 
 

Saved Losses
{'MSE - mean': 0.43211891183474016, 'MSE - std': 0.011531426503279096, 'R2 - mean': 0.3169419378625336, 'R2 - std': 0.08227209812760533} 
 

Saved Losses
{'MSE - mean': 0.47651397278697455, 'MSE - std': 0.06348615653856286, 'R2 - mean': 0.27112207215696676, 'R2 - std': 0.09333480383417844} 
 

Saved Losses
{'MSE - mean': 0.487105108323066, 'MSE - std': 0.057960206261371765, 'R2 - mean': 0.28789241823270784, 'R2 - std': 0.08589105149882495} 
 

Saved Losses
{'MSE - mean': 0.4904562823301283, 'MSE - std': 0.05227264941430696, 'R2 - mean': 0.26307685493277083, 'R2 - std': 0.09146073971727846} 
 

Saving model.....
Results After CV: {'MSE - mean': 0.4904562823301283, 'MSE - std': 0.05227264941430696, 'R2 - mean': 0.26307685493277083, 'R2 - std': 0.09146073971727846}
Train time: 0.23087548720000087
Inference time: 0.020778788999984955
Finished cross validation
Hyperparam was saved!!! Hurrah!!!
Trial 175 finished with value: 0.4904562823301283 and parameters: {'max_depth': 7, 'n_estimators': 53}. Best is trial 89 with value: 0.4782203882368445.
Saved Losses
{'MSE - mean': 0.4409533859789267, 'MSE - std': 0.0, 'R2 - mean': 0.19761063433754544, 'R2 - std': 0.0} 
 

Saved Losses
{'MSE - mean': 0.4584309701776166, 'MSE - std': 0.01747758419868986, 'R2 - mean': 0.27657049064682665, 'R2 - std': 0.0789598563092812} 
 

Saved Losses
{'MSE - mean': 0.49738731784422113, 'MSE - std': 0.05691078995519438, 'R2 - mean': 0.23937154060932553, 'R2 - std': 0.08321035416364901} 
 

Saved Losses
{'MSE - mean': 0.5087492109452771, 'MSE - std': 0.053069825273055767, 'R2 - mean': 0.25644081131735463, 'R2 - std': 0.07789128505514505} 
 

Saved Losses
{'MSE - mean': 0.5094745152404332, 'MSE - std': 0.0474892550888348, 'R2 - mean': 0.2350894275388006, 'R2 - std': 0.08171394120387226} 
 

Saving model.....
Results After CV: {'MSE - mean': 0.5094745152404332, 'MSE - std': 0.0474892550888348, 'R2 - mean': 0.2350894275388006, 'R2 - std': 0.08171394120387226}
Train time: 0.11825462120001476
Inference time: 0.010303159800002959
Finished cross validation
Hyperparam was saved!!! Hurrah!!!
Trial 176 finished with value: 0.5094745152404332 and parameters: {'max_depth': 8, 'n_estimators': 25}. Best is trial 89 with value: 0.4782203882368445.
Saved Losses
{'MSE - mean': 0.45222352800197696, 'MSE - std': 0.0, 'R2 - mean': 0.17710270221513902, 'R2 - std': 0.0} 
 

Saved Losses
{'MSE - mean': 0.4502505289667117, 'MSE - std': 0.001972999035265266, 'R2 - mean': 0.2850253254397742, 'R2 - std': 0.1079226232246352} 
 

Saved Losses
{'MSE - mean': 0.48341372416889855, 'MSE - std': 0.046927499210649114, 'R2 - mean': 0.2573745080487105, 'R2 - std': 0.09640537920976686} 
 

Saved Losses
{'MSE - mean': 0.48720428244738645, 'MSE - std': 0.04116731267415865, 'R2 - mean': 0.28405540039554317, 'R2 - std': 0.09542592889096775} 
 

Saved Losses
{'MSE - mean': 0.4883358387392877, 'MSE - std': 0.03689064630521564, 'R2 - mean': 0.26365790307038967, 'R2 - std': 0.09459977754879664} 
 

Saving model.....
Results After CV: {'MSE - mean': 0.4883358387392877, 'MSE - std': 0.03689064630521564, 'R2 - mean': 0.26365790307038967, 'R2 - std': 0.09459977754879664}
Train time: 0.19634953599999108
Inference time: 0.01792842360001714
Finished cross validation
Hyperparam was saved!!! Hurrah!!!
Trial 177 finished with value: 0.4883358387392877 and parameters: {'max_depth': 7, 'n_estimators': 47}. Best is trial 89 with value: 0.4782203882368445.
Saved Losses
{'MSE - mean': 0.45167232258041146, 'MSE - std': 0.0, 'R2 - mean': 0.17810571383183804, 'R2 - std': 0.0} 
 

Saved Losses
{'MSE - mean': 0.45576862877109126, 'MSE - std': 0.0040963061906797715, 'R2 - mean': 0.27768106883126714, 'R2 - std': 0.0995753549994291} 
 

Saved Losses
{'MSE - mean': 0.4853686214856885, 'MSE - std': 0.04199411411551564, 'R2 - mean': 0.2549804200136404, 'R2 - std': 0.08741170666634984} 
 

Saved Losses
{'MSE - mean': 0.48947958579992995, 'MSE - std': 0.037058457847556375, 'R2 - mean': 0.28122784005190254, 'R2 - std': 0.08830280869110499} 
 

Saved Losses
{'MSE - mean': 0.49052560419364466, 'MSE - std': 0.03321204685579088, 'R2 - mean': 0.26078261114333, 'R2 - std': 0.08893783423653866} 
 

Saving model.....
Results After CV: {'MSE - mean': 0.49052560419364466, 'MSE - std': 0.03321204685579088, 'R2 - mean': 0.26078261114333, 'R2 - std': 0.08893783423653866}
Train time: 0.18767626380001728
Inference time: 0.016961804599998232
Finished cross validation
Hyperparam was saved!!! Hurrah!!!
Trial 178 finished with value: 0.49052560419364466 and parameters: {'max_depth': 7, 'n_estimators': 44}. Best is trial 89 with value: 0.4782203882368445.
Saved Losses
{'MSE - mean': 0.4285730490505091, 'MSE - std': 0.0, 'R2 - mean': 0.22013875411289774, 'R2 - std': 0.0} 
 

Saved Losses
{'MSE - mean': 0.43555880220580256, 'MSE - std': 0.006985753155293484, 'R2 - mean': 0.31042511407004225, 'R2 - std': 0.09028635995714451} 
 

Saved Losses
{'MSE - mean': 0.4782935480199429, 'MSE - std': 0.06070461951968318, 'R2 - mean': 0.2675231174651309, 'R2 - std': 0.09547554916443107} 
 

Saved Losses
{'MSE - mean': 0.4889364686521082, 'MSE - std': 0.05570999373559322, 'R2 - mean': 0.28455971986166795, 'R2 - std': 0.08779192918395372} 
 

Saved Losses
{'MSE - mean': 0.49539156128682826, 'MSE - std': 0.051473834181136484, 'R2 - mean': 0.2546517212176066, 'R2 - std': 0.098711153348773} 
 

Saving model.....
Results After CV: {'MSE - mean': 0.49539156128682826, 'MSE - std': 0.051473834181136484, 'R2 - mean': 0.2546517212176066, 'R2 - std': 0.098711153348773}
Train time: 0.16671029120000186
Inference time: 0.015373752999994394
Finished cross validation
Hyperparam was saved!!! Hurrah!!!
Trial 179 finished with value: 0.49539156128682826 and parameters: {'max_depth': 7, 'n_estimators': 38}. Best is trial 89 with value: 0.4782203882368445.
Saved Losses
{'MSE - mean': 0.42641918710993326, 'MSE - std': 0.0, 'R2 - mean': 0.22405807069187456, 'R2 - std': 0.0} 
 

Saved Losses
{'MSE - mean': 0.4594538854907718, 'MSE - std': 0.033034698380838556, 'R2 - mean': 0.2785679703396888, 'R2 - std': 0.05450989964781422} 
 

Saved Losses
{'MSE - mean': 0.5012237292728342, 'MSE - std': 0.06493818006815746, 'R2 - mean': 0.23612460209008268, 'R2 - std': 0.07472459516888126} 
 

Saved Losses
{'MSE - mean': 0.5149130029661428, 'MSE - std': 0.06103207407318115, 'R2 - mean': 0.2498139068185684, 'R2 - std': 0.06892035283000893} 
 

Saved Losses
{'MSE - mean': 0.5169694020947826, 'MSE - std': 0.05474345953668344, 'R2 - mean': 0.22553304648362765, 'R2 - std': 0.07847453562646889} 
 

Saving model.....
Results After CV: {'MSE - mean': 0.5169694020947826, 'MSE - std': 0.05474345953668344, 'R2 - mean': 0.22553304648362765, 'R2 - std': 0.07847453562646889}
Train time: 0.17067868100000397
Inference time: 0.01888522719999628
Finished cross validation
Hyperparam was saved!!! Hurrah!!!
Trial 180 finished with value: 0.5169694020947826 and parameters: {'max_depth': 4, 'n_estimators': 49}. Best is trial 89 with value: 0.4782203882368445.
Saved Losses
{'MSE - mean': 0.44966037532964725, 'MSE - std': 0.0, 'R2 - mean': 0.18176679259802808, 'R2 - std': 0.0} 
 

Saved Losses
{'MSE - mean': 0.44643534061348217, 'MSE - std': 0.003225034716165087, 'R2 - mean': 0.29078835761930805, 'R2 - std': 0.10902156502127996} 
 

Saved Losses
{'MSE - mean': 0.48748395345259543, 'MSE - std': 0.05811119626467125, 'R2 - mean': 0.2516170095261127, 'R2 - std': 0.10484555363010235} 
 

Saved Losses
{'MSE - mean': 0.5000741544979017, 'MSE - std': 0.054847268259841785, 'R2 - mean': 0.2672160621955231, 'R2 - std': 0.0947334889020304} 
 

Saved Losses
{'MSE - mean': 0.5017533322362151, 'MSE - std': 0.04917170751520663, 'R2 - mean': 0.2450059700681082, 'R2 - std': 0.09566974393649183} 
 

Saving model.....
Results After CV: {'MSE - mean': 0.5017533322362151, 'MSE - std': 0.04917170751520663, 'R2 - mean': 0.2450059700681082, 'R2 - std': 0.09566974393649183}
Train time: 0.20489005960001805
Inference time: 0.016494022399990628
Finished cross validation
Hyperparam was saved!!! Hurrah!!!
Trial 181 finished with value: 0.5017533322362151 and parameters: {'max_depth': 7, 'n_estimators': 48}. Best is trial 89 with value: 0.4782203882368445.
Saved Losses
{'MSE - mean': 0.437808844000817, 'MSE - std': 0.0, 'R2 - mean': 0.2033326610264049, 'R2 - std': 0.0} 
 

Saved Losses
{'MSE - mean': 0.4484352903575558, 'MSE - std': 0.010626446356738789, 'R2 - mean': 0.2908383831423984, 'R2 - std': 0.0875057221159935} 
 

Saved Losses
{'MSE - mean': 0.48180178071429625, 'MSE - std': 0.04797839373684789, 'R2 - mean': 0.2618330547886946, 'R2 - std': 0.08238599647092135} 
 

Saved Losses
{'MSE - mean': 0.49066505900868146, 'MSE - std': 0.0442957989604789, 'R2 - mean': 0.2814433615486638, 'R2 - std': 0.07902076755220919} 
 

Saved Losses
{'MSE - mean': 0.492478585051355, 'MSE - std': 0.039785044316521155, 'R2 - mean': 0.25928783480395545, 'R2 - std': 0.08341999055966241} 
 

Saving model.....
Results After CV: {'MSE - mean': 0.492478585051355, 'MSE - std': 0.039785044316521155, 'R2 - mean': 0.25928783480395545, 'R2 - std': 0.08341999055966241}
Train time: 0.3570837802000028
Inference time: 0.026115182000000913
Finished cross validation
Hyperparam was saved!!! Hurrah!!!
Trial 182 finished with value: 0.492478585051355 and parameters: {'max_depth': 7, 'n_estimators': 87}. Best is trial 89 with value: 0.4782203882368445.
Saved Losses
{'MSE - mean': 0.46385561566079897, 'MSE - std': 0.0, 'R2 - mean': 0.15593614870932626, 'R2 - std': 0.0} 
 

Saved Losses
{'MSE - mean': 0.45612977468428484, 'MSE - std': 0.007725840976514131, 'R2 - mean': 0.2743564614483931, 'R2 - std': 0.11842031273906684} 
 

Saved Losses
{'MSE - mean': 0.488286226437977, 'MSE - std': 0.045911514800806213, 'R2 - mean': 0.24887868091410723, 'R2 - std': 0.103185019494363} 
 

Saved Losses
{'MSE - mean': 0.4946562525767667, 'MSE - std': 0.04126296272088419, 'R2 - mean': 0.27283994116623866, 'R2 - std': 0.09852810342562253} 
 

Saved Losses
{'MSE - mean': 0.492904787567665, 'MSE - std': 0.03707258006554835, 'R2 - mean': 0.2569966783288777, 'R2 - std': 0.09364969642799141} 
 

Saving model.....
Results After CV: {'MSE - mean': 0.492904787567665, 'MSE - std': 0.03707258006554835, 'R2 - mean': 0.2569966783288777, 'R2 - std': 0.09364969642799141}
Train time: 0.23887520439999435
Inference time: 0.019780161400001363
Finished cross validation
Hyperparam was saved!!! Hurrah!!!
Trial 183 finished with value: 0.492904787567665 and parameters: {'max_depth': 8, 'n_estimators': 52}. Best is trial 89 with value: 0.4782203882368445.
Saved Losses
{'MSE - mean': 0.43818556648317164, 'MSE - std': 0.0, 'R2 - mean': 0.20264715066803385, 'R2 - std': 0.0} 
 

Saved Losses
{'MSE - mean': 0.4390085723230199, 'MSE - std': 0.0008230058398482343, 'R2 - mean': 0.30351625292955603, 'R2 - std': 0.10086910226152218} 
 

Saved Losses
{'MSE - mean': 0.4700918132561178, 'MSE - std': 0.04396347680615104, 'R2 - mean': 0.27815986113309915, 'R2 - std': 0.08982729950986204} 
 

Saved Losses
{'MSE - mean': 0.4838583392008244, 'MSE - std': 0.044923737371489615, 'R2 - mean': 0.29116851546629813, 'R2 - std': 0.08099001830847931} 
 

Saved Losses
{'MSE - mean': 0.4871084956200649, 'MSE - std': 0.04070341276276696, 'R2 - mean': 0.26694301593300374, 'R2 - std': 0.08714933025007614} 
 

Saving model.....
Results After CV: {'MSE - mean': 0.4871084956200649, 'MSE - std': 0.04070341276276696, 'R2 - mean': 0.26694301593300374, 'R2 - std': 0.08714933025007614}
Train time: 0.3346218542000088
Inference time: 0.02563545499998554
Finished cross validation
Hyperparam was saved!!! Hurrah!!!
Trial 184 finished with value: 0.4871084956200649 and parameters: {'max_depth': 7, 'n_estimators': 82}. Best is trial 89 with value: 0.4782203882368445.
Saved Losses
{'MSE - mean': 0.4477478077231062, 'MSE - std': 0.0, 'R2 - mean': 0.18524703327061565, 'R2 - std': 0.0} 
 

Saved Losses
{'MSE - mean': 0.4489474446880999, 'MSE - std': 0.0011996369649937, 'R2 - mean': 0.28783162871486134, 'R2 - std': 0.1025845954442457} 
 

Saved Losses
{'MSE - mean': 0.4806089381101268, 'MSE - std': 0.04478682563721117, 'R2 - mean': 0.2620554999195844, 'R2 - std': 0.0913485109145981} 
 

Saved Losses
{'MSE - mean': 0.48749322840854337, 'MSE - std': 0.040578013402975836, 'R2 - mean': 0.2845146174343198, 'R2 - std': 0.08815695499141243} 
 

Saved Losses
{'MSE - mean': 0.4865299986655386, 'MSE - std': 0.036345170016618515, 'R2 - mean': 0.26740578658274766, 'R2 - std': 0.08595444923398184} 
 

Saving model.....
Results After CV: {'MSE - mean': 0.4865299986655386, 'MSE - std': 0.036345170016618515, 'R2 - mean': 0.26740578658274766, 'R2 - std': 0.08595444923398184}
Train time: 0.3212209361999726
Inference time: 0.02619833479999443
Finished cross validation
Hyperparam was saved!!! Hurrah!!!
Trial 185 finished with value: 0.4865299986655386 and parameters: {'max_depth': 7, 'n_estimators': 79}. Best is trial 89 with value: 0.4782203882368445.
Saved Losses
{'MSE - mean': 0.44192208043390185, 'MSE - std': 0.0, 'R2 - mean': 0.19584793071860684, 'R2 - std': 0.0} 
 

Saved Losses
{'MSE - mean': 0.4449529351216742, 'MSE - std': 0.0030308546877723386, 'R2 - mean': 0.2945968293655532, 'R2 - std': 0.09874889864694636} 
 

Saved Losses
{'MSE - mean': 0.47613384230612804, 'MSE - std': 0.044165846523265474, 'R2 - mean': 0.2691958134226391, 'R2 - std': 0.08826845346925637} 
 

Saved Losses
{'MSE - mean': 0.4848470931428921, 'MSE - std': 0.04111847175869489, 'R2 - mean': 0.28896405473948006, 'R2 - std': 0.08376061128402348} 
 

Saved Losses
{'MSE - mean': 0.48388610450137115, 'MSE - std': 0.036827665857246505, 'R2 - mean': 0.27183989900819394, 'R2 - std': 0.0823748677703095} 
 

Saving model.....
Results After CV: {'MSE - mean': 0.48388610450137115, 'MSE - std': 0.036827665857246505, 'R2 - mean': 0.27183989900819394, 'R2 - std': 0.0823748677703095}
Train time: 0.31191651739999315
Inference time: 0.025668209399975696
Finished cross validation
Hyperparam was saved!!! Hurrah!!!
Trial 186 finished with value: 0.48388610450137115 and parameters: {'max_depth': 6, 'n_estimators': 80}. Best is trial 89 with value: 0.4782203882368445.
Saved Losses
{'MSE - mean': 0.42880143376918534, 'MSE - std': 0.0, 'R2 - mean': 0.21972316943802606, 'R2 - std': 0.0} 
 

Saved Losses
{'MSE - mean': 0.44007674330501956, 'MSE - std': 0.011275309535834221, 'R2 - mean': 0.3042538180376548, 'R2 - std': 0.08453064859962872} 
 

Saved Losses
{'MSE - mean': 0.46959549829686154, 'MSE - std': 0.04274890481196813, 'R2 - mean': 0.2804055604305901, 'R2 - std': 0.07681861200409122} 
 

Saved Losses
{'MSE - mean': 0.48250164801168005, 'MSE - std': 0.04324705479395057, 'R2 - mean': 0.2941083996389352, 'R2 - std': 0.07063375800412723} 
 

Saved Losses
{'MSE - mean': 0.48655958046567455, 'MSE - std': 0.03952358108630213, 'R2 - mean': 0.2684046748253442, 'R2 - std': 0.08144954323383122} 
 

Saving model.....
Results After CV: {'MSE - mean': 0.48655958046567455, 'MSE - std': 0.03952358108630213, 'R2 - mean': 0.2684046748253442, 'R2 - std': 0.08144954323383122}
Train time: 0.30612686599998823
Inference time: 0.024630479600011766
Finished cross validation
Hyperparam was saved!!! Hurrah!!!
Trial 187 finished with value: 0.48655958046567455 and parameters: {'max_depth': 6, 'n_estimators': 79}. Best is trial 89 with value: 0.4782203882368445.
Saved Losses
{'MSE - mean': 0.4428925822539352, 'MSE - std': 0.0, 'R2 - mean': 0.1940819382928496, 'R2 - std': 0.0} 
 

Saved Losses
{'MSE - mean': 0.4468920356396373, 'MSE - std': 0.003999453385702123, 'R2 - mean': 0.29174504746097973, 'R2 - std': 0.09766310916813015} 
 

Saved Losses
{'MSE - mean': 0.47994365108499126, 'MSE - std': 0.04685597420484098, 'R2 - mean': 0.26364118552572063, 'R2 - std': 0.08909756472322695} 
 

Saved Losses
{'MSE - mean': 0.4893364296855257, 'MSE - std': 0.04371824114176504, 'R2 - mean': 0.28271659717864084, 'R2 - std': 0.08393685733271355} 
 

Saved Losses
{'MSE - mean': 0.4903481508091915, 'MSE - std': 0.039155101907055484, 'R2 - mean': 0.2620780501888036, 'R2 - std': 0.0856744728756514} 
 

Saving model.....
Results After CV: {'MSE - mean': 0.4903481508091915, 'MSE - std': 0.039155101907055484, 'R2 - mean': 0.2620780501888036, 'R2 - std': 0.0856744728756514}
Train time: 0.2916553501999942
Inference time: 0.023006876800002372
Finished cross validation
Hyperparam was saved!!! Hurrah!!!
