Trial 66 finished with value: 276.6773252648808 and parameters: {'max_depth': 10, 'n_estimators': 37}. Best is trial 65 with value: 267.23646419674776.
Saved Losses
{'MSE - mean': 424.09815692379374, 'MSE - std': 0.0, 'R2 - mean': 0.5857358577733183, 'R2 - std': 0.0} 
 

Saved Losses
{'MSE - mean': 276.8719084608744, 'MSE - std': 147.22624846291933, 'R2 - mean': 0.7311364193200136, 'R2 - std': 0.14540056154669534} 
 

Saved Losses
{'MSE - mean': 276.7336681385764, 'MSE - std': 120.20988746805978, 'R2 - mean': 0.783143536900123, 'R2 - std': 0.13965563393592662} 
 

Saved Losses
{'MSE - mean': 290.83786670076705, 'MSE - std': 106.9326799208633, 'R2 - mean': 0.7890300616058562, 'R2 - std': 0.12137432012937405} 
 

Saved Losses
{'MSE - mean': 289.3666760838156, 'MSE - std': 95.68874560454779, 'R2 - mean': 0.8047190049288035, 'R2 - std': 0.11300421337214304} 
 

Saving model.....
Results After CV: {'MSE - mean': 289.3666760838156, 'MSE - std': 95.68874560454779, 'R2 - mean': 0.8047190049288035, 'R2 - std': 0.11300421337214304}
Train time: 0.16300209319999795
Inference time: 0.013000568600000406
Finished cross validation
Hyperparam was saved!!! Hurrah!!!
Trial 67 finished with value: 289.3666760838156 and parameters: {'max_depth': 9, 'n_estimators': 28}. Best is trial 65 with value: 267.23646419674776.
Saved Losses
{'MSE - mean': 501.0906030031057, 'MSE - std': 0.0, 'R2 - mean': 0.5105287173690003, 'R2 - std': 0.0} 
 

Saved Losses
{'MSE - mean': 312.4359333443649, 'MSE - std': 188.65466965874074, 'R2 - mean': 0.696325214377617, 'R2 - std': 0.18579649700861667} 
 

Saved Losses
{'MSE - mean': 302.36494446512063, 'MSE - std': 154.6929406600189, 'R2 - mean': 0.7591515893875748, 'R2 - std': 0.17580632997960843} 
 

Saved Losses
{'MSE - mean': 306.37076301604367, 'MSE - std': 134.14756488405538, 'R2 - mean': 0.7731775468292145, 'R2 - std': 0.15417873294374387} 
 

Saved Losses
{'MSE - mean': 300.3659820901345, 'MSE - std': 120.58476233475825, 'R2 - mean': 0.7927041078201277, 'R2 - std': 0.14332484673020948} 
 

Saving model.....
Results After CV: {'MSE - mean': 300.3659820901345, 'MSE - std': 120.58476233475825, 'R2 - mean': 0.7927041078201277, 'R2 - std': 0.14332484673020948}
Train time: 0.2863931651999991
Inference time: 0.01843702640000231
Finished cross validation
Hyperparam was saved!!! Hurrah!!!
Trial 68 finished with value: 300.3659820901345 and parameters: {'max_depth': 11, 'n_estimators': 45}. Best is trial 65 with value: 267.23646419674776.
Saved Losses
{'MSE - mean': 435.136491314715, 'MSE - std': 0.0, 'R2 - mean': 0.574953480973487, 'R2 - std': 0.0} 
 

Saved Losses
{'MSE - mean': 283.0991236317258, 'MSE - std': 152.0373676829892, 'R2 - mean': 0.7250709488752201, 'R2 - std': 0.15011746790173314} 
 

Saved Losses
{'MSE - mean': 286.96551709202186, 'MSE - std': 124.25835496293442, 'R2 - mean': 0.7766180490815334, 'R2 - std': 0.14261034274850007} 
 

Saved Losses
{'MSE - mean': 295.52744799388825, 'MSE - std': 108.62791568411852, 'R2 - mean': 0.7858675872473746, 'R2 - std': 0.1245389266975493} 
 

Saved Losses
{'MSE - mean': 291.2473844123067, 'MSE - std': 97.53612166654102, 'R2 - mean': 0.803063680721575, 'R2 - std': 0.1165794919077785} 
 

Saving model.....
Results After CV: {'MSE - mean': 291.2473844123067, 'MSE - std': 97.53612166654102, 'R2 - mean': 0.803063680721575, 'R2 - std': 0.1165794919077785}
Train time: 0.23500119439999878
Inference time: 0.016955582599999276
Finished cross validation
Hyperparam was saved!!! Hurrah!!!
Trial 69 finished with value: 291.2473844123067 and parameters: {'max_depth': 10, 'n_estimators': 40}. Best is trial 65 with value: 267.23646419674776.
Saved Losses
{'MSE - mean': 402.69312992020207, 'MSE - std': 0.0, 'R2 - mean': 0.6066445436664645, 'R2 - std': 0.0} 
 

Saved Losses
{'MSE - mean': 252.81371380300374, 'MSE - std': 149.87941611719833, 'R2 - mean': 0.7543095275390733, 'R2 - std': 0.14766498387260885} 
 

Saved Losses
{'MSE - mean': 260.9854712192052, 'MSE - std': 122.92049526269686, 'R2 - mean': 0.7984736609736612, 'R2 - std': 0.13578502496761094} 
 

Saved Losses
{'MSE - mean': 274.9944988361392, 'MSE - std': 109.18262078296192, 'R2 - mean': 0.8028673480995472, 'R2 - std': 0.11783926855582387} 
 

Saved Losses
{'MSE - mean': 285.00248608561753, 'MSE - std': 99.68608217786343, 'R2 - mean': 0.8119037487913383, 'R2 - std': 0.10693690065112074} 
 

Saving model.....
Results After CV: {'MSE - mean': 285.00248608561753, 'MSE - std': 99.68608217786343, 'R2 - mean': 0.8119037487913383, 'R2 - std': 0.10693690065112074}
Train time: 0.10192796000000044
Inference time: 0.011436401200001
Finished cross validation
Hyperparam was saved!!! Hurrah!!!
Trial 70 finished with value: 285.00248608561753 and parameters: {'max_depth': 8, 'n_estimators': 18}. Best is trial 65 with value: 267.23646419674776.
Saved Losses
{'MSE - mean': 434.032015311179, 'MSE - std': 0.0, 'R2 - mean': 0.5760323463180893, 'R2 - std': 0.0} 
 

Saved Losses
{'MSE - mean': 276.6293783666572, 'MSE - std': 157.40263694452184, 'R2 - mean': 0.7312456902225806, 'R2 - std': 0.15521334390449132} 
 

Saved Losses
{'MSE - mean': 265.9832222144008, 'MSE - std': 129.39760955943413, 'R2 - mean': 0.7875384247328188, 'R2 - std': 0.14966139115112348} 
 

Saved Losses
{'MSE - mean': 273.3564900370834, 'MSE - std': 112.78697289548485, 'R2 - mean': 0.7977913311892717, 'R2 - std': 0.13082150157134534} 
 

Saved Losses
{'MSE - mean': 275.2524504762788, 'MSE - std': 100.95097655738375, 'R2 - mean': 0.8117883850229306, 'R2 - std': 0.12031243611029821} 
 

Saving model.....
Results After CV: {'MSE - mean': 275.2524504762788, 'MSE - std': 100.95097655738375, 'R2 - mean': 0.8117883850229306, 'R2 - std': 0.12031243611029821}
Train time: 0.230659165000003
Inference time: 0.016761294400001247
Finished cross validation
Hyperparam was saved!!! Hurrah!!!
Trial 71 finished with value: 275.2524504762788 and parameters: {'max_depth': 10, 'n_estimators': 37}. Best is trial 65 with value: 267.23646419674776.
Saved Losses
{'MSE - mean': 430.8104483430518, 'MSE - std': 0.0, 'R2 - mean': 0.5791792113890376, 'R2 - std': 0.0} 
 

Saved Losses
{'MSE - mean': 276.20723970676414, 'MSE - std': 154.60320863628766, 'R2 - mean': 0.731687162932546, 'R2 - std': 0.15250795154350838} 
 

Saved Losses
{'MSE - mean': 279.19087789130276, 'MSE - std': 126.30349272310775, 'R2 - mean': 0.7823268674536562, 'R2 - std': 0.14364728633230567} 
 

Saved Losses
{'MSE - mean': 277.488178003493, 'MSE - std': 109.4217837830564, 'R2 - mean': 0.7972330546228636, 'R2 - std': 0.12705310071283935} 
 

Saved Losses
{'MSE - mean': 279.0617712389499, 'MSE - std': 97.92040745266259, 'R2 - mean': 0.8111061621866466, 'R2 - std': 0.11697796704722933} 
 

Saving model.....
Results After CV: {'MSE - mean': 279.0617712389499, 'MSE - std': 97.92040745266259, 'R2 - mean': 0.8111061621866466, 'R2 - std': 0.11697796704722933}
Train time: 0.23059034539999743
Inference time: 0.015087764799994829
Finished cross validation
Hyperparam was saved!!! Hurrah!!!
Trial 72 finished with value: 279.0617712389499 and parameters: {'max_depth': 11, 'n_estimators': 34}. Best is trial 65 with value: 267.23646419674776.
Saved Losses
{'MSE - mean': 464.69972024841024, 'MSE - std': 0.0, 'R2 - mean': 0.5460757660489467, 'R2 - std': 0.0} 
 

Saved Losses
{'MSE - mean': 296.4443052416605, 'MSE - std': 168.25541500674973, 'R2 - mean': 0.7120000225669857, 'R2 - std': 0.165924256518039} 
 

Saved Losses
{'MSE - mean': 286.2132885544508, 'MSE - std': 138.13979823945374, 'R2 - mean': 0.7718425615354788, 'R2 - std': 0.15973780039312516} 
 

Saved Losses
{'MSE - mean': 293.59803053269826, 'MSE - std': 120.31440535315632, 'R2 - mean': 0.783078154828135, 'R2 - std': 0.13969910280935724} 
 

Saved Losses
{'MSE - mean': 298.13172158742896, 'MSE - std': 107.9938068905151, 'R2 - mean': 0.7968921815163263, 'R2 - std': 0.12796867114243138} 
 

Saving model.....
Results After CV: {'MSE - mean': 298.13172158742896, 'MSE - std': 107.9938068905151, 'R2 - mean': 0.7968921815163263, 'R2 - std': 0.12796867114243138}
Train time: 0.1444198647999997
Inference time: 0.010997837799999388
Finished cross validation
Hyperparam was saved!!! Hurrah!!!
Trial 73 finished with value: 298.13172158742896 and parameters: {'max_depth': 10, 'n_estimators': 22}. Best is trial 65 with value: 267.23646419674776.
Saved Losses
{'MSE - mean': 459.60011689242106, 'MSE - std': 0.0, 'R2 - mean': 0.5510571194820502, 'R2 - std': 0.0} 
 

Saved Losses
{'MSE - mean': 289.04131329441634, 'MSE - std': 170.55880359800472, 'R2 - mean': 0.7191124469230598, 'R2 - std': 0.1680553274410096} 
 

Saved Losses
{'MSE - mean': 280.39245754526354, 'MSE - std': 139.79678966769757, 'R2 - mean': 0.7769456157853019, 'R2 - std': 0.15974275016048103} 
 

Saved Losses
{'MSE - mean': 289.59547703843555, 'MSE - std': 122.11242158118463, 'R2 - mean': 0.786694774494461, 'R2 - std': 0.13936803061762235} 
 

Saved Losses
{'MSE - mean': 281.9679835582338, 'MSE - std': 110.28086611329663, 'R2 - mean': 0.8058449521329285, 'R2 - std': 0.13040581114707678} 
 

Saving model.....
Results After CV: {'MSE - mean': 281.9679835582338, 'MSE - std': 110.28086611329663, 'R2 - mean': 0.8058449521329285, 'R2 - std': 0.13040581114707678}
Train time: 0.34578472419999856
Inference time: 0.022074754199999803
Finished cross validation
Hyperparam was saved!!! Hurrah!!!
Trial 74 finished with value: 281.9679835582338 and parameters: {'max_depth': 12, 'n_estimators': 50}. Best is trial 65 with value: 267.23646419674776.
Saved Losses
{'MSE - mean': 398.93532853765043, 'MSE - std': 0.0, 'R2 - mean': 0.6103152089145587, 'R2 - std': 0.0} 
 

Saved Losses
{'MSE - mean': 258.39958921458646, 'MSE - std': 140.53573932306395, 'R2 - mean': 0.7490360699820415, 'R2 - std': 0.13872086106748283} 
 

Saved Losses
{'MSE - mean': 270.4350081977618, 'MSE - std': 116.00243663355212, 'R2 - mean': 0.7926209818213298, 'R2 - std': 0.12895066476607625} 
 

Saved Losses
{'MSE - mean': 279.4603813258261, 'MSE - std': 101.67003520700342, 'R2 - mean': 0.7999988292875836, 'R2 - std': 0.11240330670142964} 
 

Saved Losses
{'MSE - mean': 275.6165883847187, 'MSE - std': 91.26081209309437, 'R2 - mean': 0.8156669633578856, 'R2 - std': 0.10530700065481102} 
 

Saving model.....
Results After CV: {'MSE - mean': 275.6165883847187, 'MSE - std': 91.26081209309437, 'R2 - mean': 0.8156669633578856, 'R2 - std': 0.10530700065481102}
Train time: 0.19399628639999947
Inference time: 0.013960415400001125
Finished cross validation
Hyperparam was saved!!! Hurrah!!!
Trial 75 finished with value: 275.6165883847187 and parameters: {'max_depth': 11, 'n_estimators': 29}. Best is trial 65 with value: 267.23646419674776.
Saved Losses
{'MSE - mean': 548.4731168276979, 'MSE - std': 0.0, 'R2 - mean': 0.4642449122507061, 'R2 - std': 0.0} 
 

Saved Losses
{'MSE - mean': 374.30879101191687, 'MSE - std': 174.16432581578107, 'R2 - mean': 0.6368225442874922, 'R2 - std': 0.17257763203678606} 
 

Saved Losses
{'MSE - mean': 367.6096151152563, 'MSE - std': 142.51982145172823, 'R2 - mean': 0.7096885944231902, 'R2 - std': 0.17456884576303705} 
 

Saved Losses
{'MSE - mean': 372.9959304977575, 'MSE - std': 123.7778728617263, 'R2 - mean': 0.7258147224538958, 'R2 - std': 0.15373960923934787} 
 

Saved Losses
{'MSE - mean': 383.2347498822121, 'MSE - std': 112.58820159185808, 'R2 - mean': 0.7409907803753837, 'R2 - std': 0.14081883714687937} 
 

Saving model.....
Results After CV: {'MSE - mean': 383.2347498822121, 'MSE - std': 112.58820159185808, 'R2 - mean': 0.7409907803753837, 'R2 - std': 0.14081883714687937}
Train time: 0.10080195900000319
Inference time: 0.012740956199999686
Finished cross validation
Hyperparam was saved!!! Hurrah!!!
Trial 76 finished with value: 383.2347498822121 and parameters: {'max_depth': 4, 'n_estimators': 24}. Best is trial 65 with value: 267.23646419674776.
Saved Losses
{'MSE - mean': 420.9967714856812, 'MSE - std': 0.0, 'R2 - mean': 0.5887653280911174, 'R2 - std': 0.0} 
 

Saved Losses
{'MSE - mean': 286.08392298290573, 'MSE - std': 134.9128485027755, 'R2 - mean': 0.722401707408696, 'R2 - std': 0.13363637931757866} 
 

Saved Losses
{'MSE - mean': 288.85646099547165, 'MSE - std': 110.22564006686835, 'R2 - mean': 0.7748789321478863, 'R2 - std': 0.1319602445842288} 
 

Saved Losses
{'MSE - mean': 285.339022510292, 'MSE - std': 95.6524224293571, 'R2 - mean': 0.7912979919114955, 'R2 - std': 0.11776623532918942} 
 

Saved Losses
{'MSE - mean': 289.75862563450494, 'MSE - std': 86.00953610144374, 'R2 - mean': 0.8042935885136986, 'R2 - std': 0.10849263141373602} 
 

Saving model.....
Results After CV: {'MSE - mean': 289.75862563450494, 'MSE - std': 86.00953610144374, 'R2 - mean': 0.8042935885136986, 'R2 - std': 0.10849263141373602}
Train time: 0.16892194120000284
Inference time: 0.014000596199997517
Finished cross validation
Hyperparam was saved!!! Hurrah!!!
Trial 77 finished with value: 289.75862563450494 and parameters: {'max_depth': 9, 'n_estimators': 28}. Best is trial 65 with value: 267.23646419674776.
Saved Losses
{'MSE - mean': 466.8027051411369, 'MSE - std': 0.0, 'R2 - mean': 0.544021545301985, 'R2 - std': 0.0} 
 

Saved Losses
{'MSE - mean': 301.53389733411166, 'MSE - std': 165.2688078070253, 'R2 - mean': 0.7071273845154096, 'R2 - std': 0.16310583921342453} 
 

Saved Losses
{'MSE - mean': 289.4853495757737, 'MSE - std': 136.01294385268463, 'R2 - mean': 0.7686435251956515, 'R2 - std': 0.15907277470409462} 
 

Saved Losses
{'MSE - mean': 294.4471287444162, 'MSE - std': 118.10376128286636, 'R2 - mean': 0.7816101474689714, 'R2 - std': 0.13957976435924227} 
 

Saved Losses
{'MSE - mean': 292.68049040972556, 'MSE - std': 105.69428928447657, 'R2 - mean': 0.7985837332962377, 'R2 - std': 0.12937704185135623} 
 

Saving model.....
Results After CV: {'MSE - mean': 292.68049040972556, 'MSE - std': 105.69428928447657, 'R2 - mean': 0.7985837332962377, 'R2 - std': 0.12937704185135623}
Train time: 0.28286313460000373
Inference time: 0.01796477380000283
Finished cross validation
Hyperparam was saved!!! Hurrah!!!
Trial 78 finished with value: 292.68049040972556 and parameters: {'max_depth': 12, 'n_estimators': 42}. Best is trial 65 with value: 267.23646419674776.
Saved Losses
{'MSE - mean': 453.4461587719616, 'MSE - std': 0.0, 'R2 - mean': 0.5570683792351292, 'R2 - std': 0.0} 
 

Saved Losses
{'MSE - mean': 284.3739527073525, 'MSE - std': 169.0722060646091, 'R2 - mean': 0.7236326150022653, 'R2 - std': 0.16656423576713608} 
 

Saved Losses
{'MSE - mean': 291.07376987960316, 'MSE - std': 138.37165777710985, 'R2 - mean': 0.7743291840583512, 'R2 - std': 0.15374019422143229} 
 

Saved Losses
{'MSE - mean': 292.7873062227948, 'MSE - std': 119.87011878440563, 'R2 - mean': 0.7875287626560625, 'R2 - std': 0.1350915323582654} 
 

Saved Losses
{'MSE - mean': 287.42056195300665, 'MSE - std': 107.75102819991663, 'R2 - mean': 0.8051568326895039, 'R2 - std': 0.12586807817846057} 
 

Saving model.....
Results After CV: {'MSE - mean': 287.42056195300665, 'MSE - std': 107.75102819991663, 'R2 - mean': 0.8051568326895039, 'R2 - std': 0.12586807817846057}
Train time: 0.23255526539999777
Inference time: 0.01614713440000628
Finished cross validation
Hyperparam was saved!!! Hurrah!!!
Trial 79 finished with value: 287.42056195300665 and parameters: {'max_depth': 11, 'n_estimators': 36}. Best is trial 65 with value: 267.23646419674776.
Saved Losses
{'MSE - mean': 481.2758200095306, 'MSE - std': 0.0, 'R2 - mean': 0.5298840339301052, 'R2 - std': 0.0} 
 

Saved Losses
{'MSE - mean': 296.8099179305467, 'MSE - std': 184.46590207898393, 'R2 - mean': 0.7114487824872805, 'R2 - std': 0.1815647485571753} 
 

Saved Losses
{'MSE - mean': 287.64853564581455, 'MSE - std': 151.17200315295221, 'R2 - mean': 0.7709887284240978, 'R2 - std': 0.17049100348719806} 
 

Saved Losses
{'MSE - mean': 295.487853802019, 'MSE - std': 131.62103035009162, 'R2 - mean': 0.7819658121037536, 'R2 - std': 0.14886865284835601} 
 

Saved Losses
{'MSE - mean': 292.3159812027373, 'MSE - std': 117.89622388982647, 'R2 - mean': 0.7994278933652852, 'R2 - std': 0.1376560851130265} 
 

Saving model.....
Results After CV: {'MSE - mean': 292.3159812027373, 'MSE - std': 117.89622388982647, 'R2 - mean': 0.7994278933652852, 'R2 - std': 0.1376560851130265}
Train time: 0.2897818852000057
Inference time: 0.021224079400002437
Finished cross validation
Hyperparam was saved!!! Hurrah!!!
Trial 80 finished with value: 292.3159812027373 and parameters: {'max_depth': 10, 'n_estimators': 47}. Best is trial 65 with value: 267.23646419674776.
Saved Losses
{'MSE - mean': 417.9174818388922, 'MSE - std': 0.0, 'R2 - mean': 0.5917732149761901, 'R2 - std': 0.0} 
 

Saved Losses
{'MSE - mean': 272.5715932147061, 'MSE - std': 145.34588862418605, 'R2 - mean': 0.7353073732879158, 'R2 - std': 0.14353415831172583} 
 

Saved Losses
{'MSE - mean': 276.4016946031655, 'MSE - std': 118.79796959514061, 'R2 - mean': 0.7848894950030872, 'R2 - std': 0.1365704091512013} 
 

Saved Losses
{'MSE - mean': 282.47148517271995, 'MSE - std': 103.41781885932774, 'R2 - mean': 0.7950496476652122, 'R2 - std': 0.11957547239358059} 
 

Saved Losses
{'MSE - mean': 286.1699397578137, 'MSE - std': 92.79499162868966, 'R2 - mean': 0.8079001530496843, 'R2 - std': 0.10999625826846898} 
 

Saving model.....
Results After CV: {'MSE - mean': 286.1699397578137, 'MSE - std': 92.79499162868966, 'R2 - mean': 0.8079001530496843, 'R2 - std': 0.10999625826846898}
Train time: 0.2051863990000072
Inference time: 0.013193971199996213
Finished cross validation
Hyperparam was saved!!! Hurrah!!!
Trial 81 finished with value: 286.1699397578137 and parameters: {'max_depth': 11, 'n_estimators': 30}. Best is trial 65 with value: 267.23646419674776.
Saved Losses
{'MSE - mean': 418.9681437266125, 'MSE - std': 0.0, 'R2 - mean': 0.5907469159023062, 'R2 - std': 0.0} 
 

Saved Losses
{'MSE - mean': 270.0772902760253, 'MSE - std': 148.89085345058723, 'R2 - mean': 0.737669855035674, 'R2 - std': 0.1469229391333678} 
 

Saved Losses
{'MSE - mean': 278.3558077737341, 'MSE - std': 122.13131675133903, 'R2 - mean': 0.7849881302466004, 'R2 - std': 0.1373642543274346} 
 

Saved Losses
{'MSE - mean': 276.712750973847, 'MSE - std': 105.80710186705284, 'R2 - mean': 0.799315531089005, 'R2 - std': 0.12152171419090461} 
 

Saved Losses
{'MSE - mean': 282.54000376532485, 'MSE - std': 95.35167405340644, 'R2 - mean': 0.8108560971423889, 'R2 - std': 0.11111597668763389} 
 

Saving model.....
Results After CV: {'MSE - mean': 282.54000376532485, 'MSE - std': 95.35167405340644, 'R2 - mean': 0.8108560971423889, 'R2 - std': 0.11111597668763389}
Train time: 0.18207820259999608
Inference time: 0.013516995000003362
Finished cross validation
Hyperparam was saved!!! Hurrah!!!
Trial 82 finished with value: 282.54000376532485 and parameters: {'max_depth': 12, 'n_estimators': 26}. Best is trial 65 with value: 267.23646419674776.
Saved Losses
{'MSE - mean': 474.74814155458847, 'MSE - std': 0.0, 'R2 - mean': 0.5362603481670807, 'R2 - std': 0.0} 
 

Saved Losses
{'MSE - mean': 293.7098097642463, 'MSE - std': 181.0383317903422, 'R2 - mean': 0.7144810166760045, 'R2 - std': 0.17822066850892387} 
 

Saved Losses
{'MSE - mean': 278.8677809048643, 'MSE - std': 149.30000008800673, 'R2 - mean': 0.7757506947238099, 'R2 - std': 0.16936061531145685} 
 

Saved Losses
{'MSE - mean': 283.8843536386053, 'MSE - std': 129.58921840063644, 'R2 - mean': 0.7884489402097945, 'R2 - std': 0.14831048455612786} 
 

Saved Losses
{'MSE - mean': 281.1039024401877, 'MSE - std': 116.04144111487675, 'R2 - mean': 0.8055163161006718, 'R2 - std': 0.13697438133687895} 
 

Saving model.....
Results After CV: {'MSE - mean': 281.1039024401877, 'MSE - std': 116.04144111487675, 'R2 - mean': 0.8055163161006718, 'R2 - std': 0.13697438133687895}
Train time: 0.33419618660000194
Inference time: 0.02205453980000698
Finished cross validation
Hyperparam was saved!!! Hurrah!!!
Trial 83 finished with value: 281.1039024401877 and parameters: {'max_depth': 11, 'n_estimators': 52}. Best is trial 65 with value: 267.23646419674776.
Saved Losses
{'MSE - mean': 500.0232638277395, 'MSE - std': 0.0, 'R2 - mean': 0.5115713070165366, 'R2 - std': 0.0} 
 

Saved Losses
{'MSE - mean': 386.38235856161515, 'MSE - std': 113.64090526612438, 'R2 - mean': 0.625918277819819, 'R2 - std': 0.11434697080328238} 
 

Saved Losses
{'MSE - mean': 494.52893844753504, 'MSE - std': 178.88786724792942, 'R2 - mean': 0.6538995019476065, 'R2 - std': 0.10140373577258759} 
 

Saved Losses
{'MSE - mean': 520.2505469950745, 'MSE - std': 161.2000472245687, 'R2 - mean': 0.653762144828781, 'R2 - std': 0.08781853347905468} 
 

Saved Losses
{'MSE - mean': 535.5535519131633, 'MSE - std': 147.39434188005572, 'R2 - mean': 0.6672132181493737, 'R2 - std': 0.0830265099340766} 
 

Saving model.....
Results After CV: {'MSE - mean': 535.5535519131633, 'MSE - std': 147.39434188005572, 'R2 - mean': 0.6672132181493737, 'R2 - std': 0.0830265099340766}
Train time: 0.10937116620000324
Inference time: 0.014471650199999431
Finished cross validation
Hyperparam was saved!!! Hurrah!!!
