Trial 162 finished with value: 12516375.290773902 and parameters: {'max_depth': 12, 'n_estimators': 95}. Best is trial 126 with value: 12511461.289126027.
Saved Losses
{'MSE - mean': 12391829.99792511, 'MSE - std': 0.0, 'R2 - mean': 0.5149098685856249, 'R2 - std': 0.0} 
 

Saved Losses
{'MSE - mean': 12456149.83082413, 'MSE - std': 64319.83289901912, 'R2 - mean': 0.5152567854431798, 'R2 - std': 0.00034691685755483537} 
 

Saved Losses
{'MSE - mean': 12512127.650420664, 'MSE - std': 95000.31496265074, 'R2 - mean': 0.5137450123196309, 'R2 - std': 0.0021566525353441716} 
 

Saved Losses
{'MSE - mean': 12513902.207003461, 'MSE - std': 82330.07977312291, 'R2 - mean': 0.5143180853813312, 'R2 - std': 0.0021150888446574844} 
 

Saved Losses
{'MSE - mean': 12515489.840747809, 'MSE - std': 73706.68865159931, 'R2 - mean': 0.5154284144415724, 'R2 - std': 0.002917225247508315} 
 

Saving model.....
Results After CV: {'MSE - mean': 12515489.840747809, 'MSE - std': 73706.68865159931, 'R2 - mean': 0.5154284144415724, 'R2 - std': 0.002917225247508315}
Train time: 81.02959672159996
Inference time: 0.4677148209993902
Finished cross validation
Hyperparam was saved!!! Hurrah!!!
Trial 163 finished with value: 12515489.840747809 and parameters: {'max_depth': 12, 'n_estimators': 96}. Best is trial 126 with value: 12511461.289126027.
Saved Losses
{'MSE - mean': 12438082.044024512, 'MSE - std': 0.0, 'R2 - mean': 0.5130992876525182, 'R2 - std': 0.0} 
 

Saved Losses
{'MSE - mean': 12513556.862080246, 'MSE - std': 75474.8180557331, 'R2 - mean': 0.5130252193733478, 'R2 - std': 7.406827917039172e-05} 
 

Saved Losses
{'MSE - mean': 12568433.678296095, 'MSE - std': 99098.74884682776, 'R2 - mean': 0.5115583218462436, 'R2 - std': 0.002075387702744129} 
 

Saved Losses
{'MSE - mean': 12568140.5994296, 'MSE - std': 85823.53525065802, 'R2 - mean': 0.5122138338838162, 'R2 - std': 0.002125914787035039} 
 

Saved Losses
{'MSE - mean': 12569716.97698677, 'MSE - std': 76827.62021010234, 'R2 - mean': 0.5133295076788604, 'R2 - std': 0.0029316416924958584} 
 

Saving model.....
Results After CV: {'MSE - mean': 12569716.97698677, 'MSE - std': 76827.62021010234, 'R2 - mean': 0.5133295076788604, 'R2 - std': 0.0029316416924958584}
Train time: 70.95521933359996
Inference time: 0.42313275359992986
Finished cross validation
Hyperparam was saved!!! Hurrah!!!
Trial 164 finished with value: 12569716.97698677 and parameters: {'max_depth': 11, 'n_estimators': 94}. Best is trial 126 with value: 12511461.289126027.
Saved Losses
{'MSE - mean': 12393008.135312798, 'MSE - std': 0.0, 'R2 - mean': 0.5148637492618193, 'R2 - std': 0.0} 
 

Saved Losses
{'MSE - mean': 12458890.794406183, 'MSE - std': 65882.6590933865, 'R2 - mean': 0.5151504725212249, 'R2 - std': 0.00028672325940559684} 
 

Saved Losses
{'MSE - mean': 12513397.937583754, 'MSE - std': 93998.61964006526, 'R2 - mean': 0.5136957258419058, 'R2 - std': 0.0020705995799050942} 
 

Saved Losses
{'MSE - mean': 12516281.230262008, 'MSE - std': 81558.23380066325, 'R2 - mean': 0.5142259829437706, 'R2 - std': 0.002014709593827798} 
 

Saved Losses
{'MSE - mean': 12516891.15587632, 'MSE - std': 72958.10056167094, 'R2 - mean': 0.5153739771907846, 'R2 - std': 0.00291869953278476} 
 

Saving model.....
Results After CV: {'MSE - mean': 12516891.15587632, 'MSE - std': 72958.10056167094, 'R2 - mean': 0.5153739771907846, 'R2 - std': 0.00291869953278476}
Train time: 82.87313423419982
Inference time: 0.47512019659989163
Finished cross validation
Hyperparam was saved!!! Hurrah!!!
Trial 165 finished with value: 12516891.15587632 and parameters: {'max_depth': 12, 'n_estimators': 100}. Best is trial 126 with value: 12511461.289126027.
Saved Losses
{'MSE - mean': 12442161.28189484, 'MSE - std': 0.0, 'R2 - mean': 0.5129396019535601, 'R2 - std': 0.0} 
 

Saved Losses
{'MSE - mean': 12514105.518604456, 'MSE - std': 71944.23670961522, 'R2 - mean': 0.5130030593976964, 'R2 - std': 6.34574441362723e-05} 
 

Saved Losses
{'MSE - mean': 12571157.693089968, 'MSE - std': 99802.5551987693, 'R2 - mean': 0.5114521487790189, 'R2 - std': 0.0021939307325128145} 
 

Saved Losses
{'MSE - mean': 12573425.31565512, 'MSE - std': 86520.74233642778, 'R2 - mean': 0.5120088876806093, 'R2 - std': 0.0021306979274243166} 
 

Saved Losses
{'MSE - mean': 12573016.847074974, 'MSE - std': 77390.81644407874, 'R2 - mean': 0.5132011296928806, 'R2 - std': 0.003052484723899943} 
 

Saving model.....
Results After CV: {'MSE - mean': 12573016.847074974, 'MSE - std': 77390.81644407874, 'R2 - mean': 0.5132011296928806, 'R2 - std': 0.003052484723899943}
Train time: 68.04869387740037
Inference time: 0.4236661741990247
Finished cross validation
Hyperparam was saved!!! Hurrah!!!
Trial 166 finished with value: 12573016.847074974 and parameters: {'max_depth': 11, 'n_estimators': 91}. Best is trial 126 with value: 12511461.289126027.
Saved Losses
{'MSE - mean': 12387548.903134359, 'MSE - std': 0.0, 'R2 - mean': 0.5150774561683299, 'R2 - std': 0.0} 
 

Saved Losses
{'MSE - mean': 12458109.58889975, 'MSE - std': 70560.68576539028, 'R2 - mean': 0.5151819451862152, 'R2 - std': 0.00010448901788534526} 
 

Saved Losses
{'MSE - mean': 12519538.325682426, 'MSE - std': 104241.00115862352, 'R2 - mean': 0.5134585361483306, 'R2 - std': 0.002438761173279766} 
 

Saved Losses
{'MSE - mean': 12523393.345619183, 'MSE - std': 90521.9491507585, 'R2 - mean': 0.5139511829694703, 'R2 - std': 0.0022778871166850945} 
 

Saved Losses
{'MSE - mean': 12522533.162537273, 'MSE - std': 80983.56797634703, 'R2 - mean': 0.5151559656416056, 'R2 - std': 0.003155474753725428} 
 

Saving model.....
Results After CV: {'MSE - mean': 12522533.162537273, 'MSE - std': 80983.56797634703, 'R2 - mean': 0.5151559656416056, 'R2 - std': 0.003155474753725428}
Train time: 51.9400568127996
Inference time: 0.34484361300055755
Finished cross validation
Hyperparam was saved!!! Hurrah!!!
Trial 167 finished with value: 12522533.162537273 and parameters: {'max_depth': 12, 'n_estimators': 65}. Best is trial 126 with value: 12511461.289126027.
Saved Losses
{'MSE - mean': 12450927.864946565, 'MSE - std': 0.0, 'R2 - mean': 0.5125964256087162, 'R2 - std': 0.0} 
 

Saved Losses
{'MSE - mean': 12515629.387933735, 'MSE - std': 64701.52298716921, 'R2 - mean': 0.5129420975486301, 'R2 - std': 0.0003456719399139163} 
 

Saved Losses
{'MSE - mean': 12568480.021135943, 'MSE - std': 91527.24682294534, 'R2 - mean': 0.5115546618438594, 'R2 - std': 0.0019823256702943114} 
 

Saved Losses
{'MSE - mean': 12573927.162278607, 'MSE - std': 79824.4431432226, 'R2 - mean': 0.5119887381211393, 'R2 - std': 0.0018741605963263454} 
 

Saved Losses
{'MSE - mean': 12575304.199684992, 'MSE - std': 71450.2505704129, 'R2 - mean': 0.5131126991234345, 'R2 - std': 0.0028041283300481753} 
 

Saving model.....
Results After CV: {'MSE - mean': 12575304.199684992, 'MSE - std': 71450.2505704129, 'R2 - mean': 0.5131126991234345, 'R2 - std': 0.0028041283300481753}
Train time: 56.282706749998034
Inference time: 0.3540893363991927
Finished cross validation
Hyperparam was saved!!! Hurrah!!!
Trial 168 finished with value: 12575304.199684992 and parameters: {'max_depth': 11, 'n_estimators': 72}. Best is trial 126 with value: 12511461.289126027.
Saved Losses
{'MSE - mean': 12380403.206825744, 'MSE - std': 0.0, 'R2 - mean': 0.5153571813390249, 'R2 - std': 0.0} 
 

Saved Losses
{'MSE - mean': 12446850.352435816, 'MSE - std': 66447.14561007172, 'R2 - mean': 0.5156191814436264, 'R2 - std': 0.0002620001046014786} 
 

Saved Losses
{'MSE - mean': 12506315.004042188, 'MSE - std': 100077.82815298629, 'R2 - mean': 0.5139716102536668, 'R2 - std': 0.0023398171627665686} 
 

Saved Losses
{'MSE - mean': 12511321.001125656, 'MSE - std': 87102.57623206696, 'R2 - mean': 0.5144192899126192, 'R2 - std': 0.002169633493819199} 
 

Saved Losses
{'MSE - mean': 12516096.01778763, 'MSE - std': 78490.06411960018, 'R2 - mean': 0.5154069573388567, 'R2 - std': 0.002769078434678932} 
 

Saving model.....
Results After CV: {'MSE - mean': 12516096.01778763, 'MSE - std': 78490.06411960018, 'R2 - mean': 0.5154069573388567, 'R2 - std': 0.002769078434678932}
Train time: 73.98247970540106
Inference time: 0.4628839942000923
Finished cross validation
Hyperparam was saved!!! Hurrah!!!
Trial 169 finished with value: 12516096.01778763 and parameters: {'max_depth': 12, 'n_estimators': 94}. Best is trial 126 with value: 12511461.289126027.
Saved Losses
{'MSE - mean': 12508692.50478712, 'MSE - std': 0.0, 'R2 - mean': 0.5103351730950801, 'R2 - std': 0.0} 
 

Saved Losses
{'MSE - mean': 12585113.89407001, 'MSE - std': 76421.38928289153, 'R2 - mean': 0.5102406397487661, 'R2 - std': 9.453334631404076e-05} 
 

Saved Losses
{'MSE - mean': 12641524.231181333, 'MSE - std': 101280.49216233201, 'R2 - mean': 0.508718041512815, 'R2 - std': 0.0021546620335031945} 
 

Saved Losses
{'MSE - mean': 12641748.05614825, 'MSE - std': 87712.3358617851, 'R2 - mean': 0.5093572658294935, 'R2 - std': 0.002169734900872559} 
 

Saved Losses
{'MSE - mean': 12642030.602917993, 'MSE - std': 78454.33334477352, 'R2 - mean': 0.5105293907163351, 'R2 - std': 0.003043305215298873} 
 

Saving model.....
Results After CV: {'MSE - mean': 12642030.602917993, 'MSE - std': 78454.33334477352, 'R2 - mean': 0.5105293907163351, 'R2 - std': 0.003043305215298873}
Train time: 77.69293218800085
Inference time: 0.4074632521987951
Finished cross validation
Hyperparam was saved!!! Hurrah!!!
Trial 170 finished with value: 12642030.602917993 and parameters: {'max_depth': 10, 'n_estimators': 100}. Best is trial 126 with value: 12511461.289126027.
Saved Losses
{'MSE - mean': 12406457.170587571, 'MSE - std': 0.0, 'R2 - mean': 0.514337273810661, 'R2 - std': 0.0} 
 

Saved Losses
{'MSE - mean': 12460293.771899331, 'MSE - std': 53836.60131176002, 'R2 - mean': 0.5150931163969883, 'R2 - std': 0.000755842586327271} 
 

Saved Losses
{'MSE - mean': 12517639.180017171, 'MSE - std': 92245.56768902708, 'R2 - mean': 0.513529358908373, 'R2 - std': 0.0022959835169132897} 
 

Saved Losses
{'MSE - mean': 12518475.230399452, 'MSE - std': 79900.1283442542, 'R2 - mean': 0.5141393601121822, 'R2 - std': 0.0022516570872134854} 
 

Saved Losses
{'MSE - mean': 12519515.836005699, 'MSE - std': 71495.14562299775, 'R2 - mean': 0.5152713400820718, 'R2 - std': 0.0030300960908268286} 
 

Saving model.....
Results After CV: {'MSE - mean': 12519515.836005699, 'MSE - std': 71495.14562299775, 'R2 - mean': 0.5152713400820718, 'R2 - std': 0.0030300960908268286}
Train time: 70.33774349599989
Inference time: 0.43269309919996884
Finished cross validation
Hyperparam was saved!!! Hurrah!!!
Trial 171 finished with value: 12519515.836005699 and parameters: {'max_depth': 12, 'n_estimators': 88}. Best is trial 126 with value: 12511461.289126027.
Saved Losses
{'MSE - mean': 12391046.830547266, 'MSE - std': 0.0, 'R2 - mean': 0.5149405264276306, 'R2 - std': 0.0} 
 

Saved Losses
{'MSE - mean': 12448920.75262664, 'MSE - std': 57873.922079375014, 'R2 - mean': 0.5155366457367624, 'R2 - std': 0.0005961193091318373} 
 

Saved Losses
{'MSE - mean': 12506398.970480898, 'MSE - std': 94023.49862296437, 'R2 - mean': 0.5139668278743698, 'R2 - std': 0.002272787216023741} 
 

Saved Losses
{'MSE - mean': 12508768.29053694, 'MSE - std': 81530.08495372006, 'R2 - mean': 0.5145168191378456, 'R2 - std': 0.0021866967020348856} 
 

Saved Losses
{'MSE - mean': 12511585.566996098, 'MSE - std': 73140.08469121387, 'R2 - mean': 0.5155796231214135, 'R2 - std': 0.0028885157439941973} 
 

Saving model.....
Results After CV: {'MSE - mean': 12511585.566996098, 'MSE - std': 73140.08469121387, 'R2 - mean': 0.5155796231214135, 'R2 - std': 0.0028885157439941973}
Train time: 77.64149006899825
Inference time: 0.47611813660041663
Finished cross validation
Hyperparam was saved!!! Hurrah!!!
Trial 172 finished with value: 12511585.566996098 and parameters: {'max_depth': 12, 'n_estimators': 96}. Best is trial 126 with value: 12511461.289126027.
Saved Losses
{'MSE - mean': 12401209.07908533, 'MSE - std': 0.0, 'R2 - mean': 0.5145427154118549, 'R2 - std': 0.0} 
 

Saved Losses
{'MSE - mean': 12459657.476026457, 'MSE - std': 58448.396941127256, 'R2 - mean': 0.5151189344369352, 'R2 - std': 0.0005762190250803156} 
 

Saved Losses
{'MSE - mean': 12511840.52552022, 'MSE - std': 87884.11714067159, 'R2 - mean': 0.5137548717282431, 'R2 - std': 0.001985619900618441} 
 

Saved Losses
{'MSE - mean': 12514321.839768957, 'MSE - std': 76231.12419084109, 'R2 - mean': 0.5143009332994546, 'R2 - std': 0.0019625403208496928} 
 

Saved Losses
{'MSE - mean': 12516609.501023773, 'MSE - std': 68336.5276582495, 'R2 - mean': 0.5153846332908534, 'R2 - std': 0.0027890633363549856} 
 

Saving model.....
Results After CV: {'MSE - mean': 12516609.501023773, 'MSE - std': 68336.5276582495, 'R2 - mean': 0.5153846332908534, 'R2 - std': 0.0027890633363549856}
Train time: 76.71115859660058
Inference time: 0.45875728179962605
Finished cross validation
Hyperparam was saved!!! Hurrah!!!
Trial 173 finished with value: 12516609.501023773 and parameters: {'max_depth': 12, 'n_estimators': 95}. Best is trial 126 with value: 12511461.289126027.
Saved Losses
{'MSE - mean': 12390507.549177328, 'MSE - std': 0.0, 'R2 - mean': 0.5149616371167425, 'R2 - std': 0.0} 
 

Saved Losses
{'MSE - mean': 12452248.815391064, 'MSE - std': 61741.2662137365, 'R2 - mean': 0.5154080118753291, 'R2 - std': 0.0004463747585866651} 
 

Saved Losses
{'MSE - mean': 12509005.198488608, 'MSE - std': 94783.41986029978, 'R2 - mean': 0.513866052660589, 'R2 - std': 0.00221090706647274} 
 

Saved Losses
{'MSE - mean': 12509866.992250862, 'MSE - std': 82098.4200565174, 'R2 - mean': 0.5144743274097138, 'R2 - std': 0.00218542376982187} 
 

Saved Losses
{'MSE - mean': 12511605.343922999, 'MSE - std': 73513.31802309828, 'R2 - mean': 0.5155785738147168, 'R2 - std': 0.0029492884116020437} 
 

Saving model.....
Results After CV: {'MSE - mean': 12511605.343922999, 'MSE - std': 73513.31802309828, 'R2 - mean': 0.5155785738147168, 'R2 - std': 0.0029492884116020437}
Train time: 58.80954546219873
Inference time: 0.3858831557998201
Finished cross validation
Hyperparam was saved!!! Hurrah!!!
Trial 174 finished with value: 12511605.343922999 and parameters: {'max_depth': 12, 'n_estimators': 77}. Best is trial 126 with value: 12511461.289126027.
Saved Losses
{'MSE - mean': 12443960.70722837, 'MSE - std': 0.0, 'R2 - mean': 0.512869161714172, 'R2 - std': 0.0} 
 

Saved Losses
{'MSE - mean': 12513468.962881748, 'MSE - std': 69508.25565337669, 'R2 - mean': 0.5130272749653304, 'R2 - std': 0.00015811325115838715} 
 

Saved Losses
{'MSE - mean': 12572031.787254706, 'MSE - std': 100399.90305303961, 'R2 - mean': 0.5114179671828659, 'R2 - std': 0.002279563469364786} 
 

Saved Losses
{'MSE - mean': 12575313.905737082, 'MSE - std': 87134.50697049857, 'R2 - mean': 0.5119355859627597, 'R2 - std': 0.00216820082373451} 
 

Saved Losses
{'MSE - mean': 12574674.77662801, 'MSE - std': 77945.95427644555, 'R2 - mean': 0.513136849630601, 'R2 - std': 0.003087557845342543} 
 

Saving model.....
Results After CV: {'MSE - mean': 12574674.77662801, 'MSE - std': 77945.95427644555, 'R2 - mean': 0.513136849630601, 'R2 - std': 0.003087557845342543}
Train time: 60.756913451799484
Inference time: 0.3747520263990737
Finished cross validation
Hyperparam was saved!!! Hurrah!!!
Trial 175 finished with value: 12574674.77662801 and parameters: {'max_depth': 11, 'n_estimators': 76}. Best is trial 126 with value: 12511461.289126027.
Saved Losses
{'MSE - mean': 12389828.954619518, 'MSE - std': 0.0, 'R2 - mean': 0.5149882013548961, 'R2 - std': 0.0} 
 

Saved Losses
{'MSE - mean': 12455503.234676912, 'MSE - std': 65674.28005739395, 'R2 - mean': 0.5152822590344004, 'R2 - std': 0.0002940576795043004} 
 

Saved Losses
{'MSE - mean': 12513052.858045941, 'MSE - std': 97464.48416665314, 'R2 - mean': 0.5137094289452213, 'R2 - std': 0.0022372383850268996} 
 

Saved Losses
{'MSE - mean': 12514297.598763915, 'MSE - std': 84434.24893826433, 'R2 - mean': 0.5143029376710692, 'R2 - std': 0.00219332727073527} 
 

Saved Losses
{'MSE - mean': 12517978.247094862, 'MSE - std': 75878.20901655132, 'R2 - mean': 0.5153330107868573, 'R2 - std': 0.0028447759329548634} 
 

Saving model.....
Results After CV: {'MSE - mean': 12517978.247094862, 'MSE - std': 75878.20901655132, 'R2 - mean': 0.5153330107868573, 'R2 - std': 0.0028447759329548634}
Train time: 64.13971577759949
Inference time: 0.40701089940121166
Finished cross validation
Hyperparam was saved!!! Hurrah!!!
Trial 176 finished with value: 12517978.247094862 and parameters: {'max_depth': 12, 'n_estimators': 80}. Best is trial 126 with value: 12511461.289126027.
Saved Losses
{'MSE - mean': 12449258.140632, 'MSE - std': 0.0, 'R2 - mean': 0.5126617885766809, 'R2 - std': 0.0} 
 

Saved Losses
{'MSE - mean': 12514843.16174579, 'MSE - std': 65585.02111378964, 'R2 - mean': 0.5129728973872656, 'R2 - std': 0.00031110881058477036} 
 

Saved Losses
{'MSE - mean': 12573157.971414134, 'MSE - std': 98330.21263227273, 'R2 - mean': 0.5113735743794994, 'R2 - std': 0.0022760039457398644} 
 

Saved Losses
{'MSE - mean': 12574392.62790976, 'MSE - std': 85183.30920560415, 'R2 - mean': 0.5119705573576678, 'R2 - std': 0.002225828272674292} 
 

Saved Losses
{'MSE - mean': 12573881.41233086, 'MSE - std': 76197.12789368442, 'R2 - mean': 0.5131669870932312, 'R2 - std': 0.003112752101936412} 
 

Saving model.....
Results After CV: {'MSE - mean': 12573881.41233086, 'MSE - std': 76197.12789368442, 'R2 - mean': 0.5131669870932312, 'R2 - std': 0.003112752101936412}
Train time: 51.92198607579776
Inference time: 0.34314719940011856
Finished cross validation
Hyperparam was saved!!! Hurrah!!!
Trial 177 finished with value: 12573881.41233086 and parameters: {'max_depth': 11, 'n_estimators': 69}. Best is trial 126 with value: 12511461.289126027.
Saved Losses
{'MSE - mean': 12394874.968478825, 'MSE - std': 0.0, 'R2 - mean': 0.5147906702778445, 'R2 - std': 0.0} 
 

Saved Losses
{'MSE - mean': 12449020.293795824, 'MSE - std': 54145.32531699817, 'R2 - mean': 0.5155319187462017, 'R2 - std': 0.0007412484683572695} 
 

Saved Losses
{'MSE - mean': 12505270.591523489, 'MSE - std': 91009.17256715057, 'R2 - mean': 0.5140099817319091, 'R2 - std': 0.0022358184360189615} 
 

Saved Losses
{'MSE - mean': 12509493.253106019, 'MSE - std': 79154.87812535487, 'R2 - mean': 0.5144884439678232, 'R2 - std': 0.0021061674654972887} 
 

Saved Losses
{'MSE - mean': 12512861.292894997, 'MSE - std': 71118.00442161177, 'R2 - mean': 0.5155302453221637, 'R2 - std': 0.0028089416800280184} 
 

Saving model.....
Results After CV: {'MSE - mean': 12512861.292894997, 'MSE - std': 71118.00442161177, 'R2 - mean': 0.5155302453221637, 'R2 - std': 0.0028089416800280184}
Train time: 70.98404293599742
Inference time: 0.428630831000919
Finished cross validation
Hyperparam was saved!!! Hurrah!!!
Trial 178 finished with value: 12512861.292894997 and parameters: {'max_depth': 12, 'n_estimators': 88}. Best is trial 126 with value: 12511461.289126027.
Saved Losses
{'MSE - mean': 12437660.324863385, 'MSE - std': 0.0, 'R2 - mean': 0.5131157962556322, 'R2 - std': 0.0} 
 

Saved Losses
{'MSE - mean': 12515363.27006717, 'MSE - std': 77702.94520378392, 'R2 - mean': 0.5129554289235971, 'R2 - std': 0.0001603673320350052} 
 

Saved Losses
{'MSE - mean': 12572793.474693013, 'MSE - std': 103061.25331872945, 'R2 - mean': 0.5113894944861588, 'R2 - std': 0.002218433331317445} 
 

Saved Losses
{'MSE - mean': 12574044.672070786, 'MSE - std': 89279.96940162405, 'R2 - mean': 0.511985380645806, 'R2 - std': 0.0021809002223629123} 
 

Saved Losses
{'MSE - mean': 12573071.39518664, 'MSE - std': 79878.15358817951, 'R2 - mean': 0.5131992311014022, 'R2 - std': 0.0031142884160152034} 
 

Saving model.....
Results After CV: {'MSE - mean': 12573071.39518664, 'MSE - std': 79878.15358817951, 'R2 - mean': 0.5131992311014022, 'R2 - std': 0.0031142884160152034}
Train time: 65.00269424940052
Inference time: 0.38758131159847836
Finished cross validation
Hyperparam was saved!!! Hurrah!!!
Trial 179 finished with value: 12573071.39518664 and parameters: {'max_depth': 11, 'n_estimators': 88}. Best is trial 126 with value: 12511461.289126027.
Saved Losses
{'MSE - mean': 12393056.559706036, 'MSE - std': 0.0, 'R2 - mean': 0.5148618536422633, 'R2 - std': 0.0} 
 

Saved Losses
{'MSE - mean': 12462882.904500224, 'MSE - std': 69826.34479418863, 'R2 - mean': 0.5149960132935224, 'R2 - std': 0.00013415965125906926} 
 

Saved Losses
{'MSE - mean': 12522123.593253573, 'MSE - std': 101338.03510768601, 'R2 - mean': 0.5133577175944967, 'R2 - std': 0.0023194880475892786} 
 

Saved Losses
{'MSE - mean': 12523719.636692004, 'MSE - std': 87804.84088925298, 'R2 - mean': 0.5139379105356847, 'R2 - std': 0.002246083290796523} 
 

Saved Losses
{'MSE - mean': 12522745.282327529, 'MSE - std': 78559.2103612295, 'R2 - mean': 0.5151472231892177, 'R2 - std': 0.003144147021902032} 
 

Saving model.....
Results After CV: {'MSE - mean': 12522745.282327529, 'MSE - std': 78559.2103612295, 'R2 - mean': 0.5151472231892177, 'R2 - std': 0.003144147021902032}
Train time: 64.50385611980019
Inference time: 0.4097101786028361
Finished cross validation
Hyperparam was saved!!! Hurrah!!!
