Trial 156 finished with value: 291.0846703597775 and parameters: {'max_depth': 10, 'n_estimators': 69}. Best is trial 65 with value: 267.23646419674776.
Saved Losses
{'MSE - mean': 456.8279284434794, 'MSE - std': 0.0, 'R2 - mean': 0.5537650262511378, 'R2 - std': 0.0} 
 

Saved Losses
{'MSE - mean': 286.15331471116275, 'MSE - std': 170.67461373231663, 'R2 - mean': 0.7218966807087192, 'R2 - std': 0.16813165445758138} 
 

Saved Losses
{'MSE - mean': 279.10134054729997, 'MSE - std': 139.71164301636628, 'R2 - mean': 0.7785429023456886, 'R2 - std': 0.1589436724291083} 
 

Saved Losses
{'MSE - mean': 288.80421286308166, 'MSE - std': 122.15541162502181, 'R2 - mean': 0.7877899925757459, 'R2 - std': 0.1385779357874378} 
 

Saved Losses
{'MSE - mean': 286.1898186423342, 'MSE - std': 109.38416658725669, 'R2 - mean': 0.8044515299563594, 'R2 - std': 0.12834914390531832} 
 

Saving model.....
Results After CV: {'MSE - mean': 286.1898186423342, 'MSE - std': 109.38416658725669, 'R2 - mean': 0.8044515299563594, 'R2 - std': 0.12834914390531832}
Train time: 0.3246721463999961
Inference time: 0.020129547799990634
Finished cross validation
Hyperparam was saved!!! Hurrah!!!
Trial 157 finished with value: 286.1898186423342 and parameters: {'max_depth': 11, 'n_estimators': 50}. Best is trial 65 with value: 267.23646419674776.
Saved Losses
{'MSE - mean': 411.4799092815627, 'MSE - std': 0.0, 'R2 - mean': 0.5980615126967656, 'R2 - std': 0.0} 
 

Saved Losses
{'MSE - mean': 259.5670656740431, 'MSE - std': 151.9128436075196, 'R2 - mean': 0.7477705935361898, 'R2 - std': 0.1497090808394243} 
 

Saved Losses
{'MSE - mean': 267.95625395606936, 'MSE - std': 124.60242772652697, 'R2 - mean': 0.7931067781074009, 'R2 - std': 0.13803119884096257} 
 

Saved Losses
{'MSE - mean': 275.40175719790216, 'MSE - std': 108.67672382842939, 'R2 - mean': 0.8016394690263144, 'R2 - std': 0.12044865849422373} 
 

Saved Losses
{'MSE - mean': 276.0830032596094, 'MSE - std': 97.21296532073761, 'R2 - mean': 0.8152435344724553, 'R2 - std': 0.11111519181956193} 
 

Saving model.....
Results After CV: {'MSE - mean': 276.0830032596094, 'MSE - std': 97.21296532073761, 'R2 - mean': 0.8152435344724553, 'R2 - std': 0.11111519181956193}
Train time: 0.43029943020000017
Inference time: 0.023735723800007234
Finished cross validation
Hyperparam was saved!!! Hurrah!!!
Trial 158 finished with value: 276.0830032596094 and parameters: {'max_depth': 12, 'n_estimators': 62}. Best is trial 65 with value: 267.23646419674776.
Saved Losses
{'MSE - mean': 435.0311726298069, 'MSE - std': 0.0, 'R2 - mean': 0.5750563575221153, 'R2 - std': 0.0} 
 

Saved Losses
{'MSE - mean': 279.08857365567803, 'MSE - std': 155.94259897412888, 'R2 - mean': 0.728891530883544, 'R2 - std': 0.15383517336142877} 
 

Saved Losses
{'MSE - mean': 272.0509108976648, 'MSE - std': 127.71499589866119, 'R2 - mean': 0.7841615053351102, 'R2 - std': 0.14794046277871647} 
 

Saved Losses
{'MSE - mean': 283.52384172347945, 'MSE - std': 112.37537345098377, 'R2 - mean': 0.7919996213226992, 'R2 - std': 0.1288374696355462} 
 

Saved Losses
{'MSE - mean': 284.02908315818433, 'MSE - std': 100.51666887749427, 'R2 - mean': 0.8068545367151012, 'R2 - std': 0.11900398695394167} 
 

Saving model.....
Results After CV: {'MSE - mean': 284.02908315818433, 'MSE - std': 100.51666887749427, 'R2 - mean': 0.8068545367151012, 'R2 - std': 0.11900398695394167}
Train time: 0.36427949680000893
Inference time: 0.020278534799990665
Finished cross validation
Hyperparam was saved!!! Hurrah!!!
Trial 159 finished with value: 284.02908315818433 and parameters: {'max_depth': 11, 'n_estimators': 55}. Best is trial 65 with value: 267.23646419674776.
Saved Losses
{'MSE - mean': 424.09512875510006, 'MSE - std': 0.0, 'R2 - mean': 0.585738815724646, 'R2 - std': 0.0} 
 

Saved Losses
{'MSE - mean': 273.1616168127144, 'MSE - std': 150.9335119423857, 'R2 - mean': 0.7346698088534964, 'R2 - std': 0.14893099312885044} 
 

Saved Losses
{'MSE - mean': 275.30091336674724, 'MSE - std': 123.27382743713437, 'R2 - mean': 0.7850743149829489, 'R2 - std': 0.1409545634328257} 
 

Saved Losses
{'MSE - mean': 285.19619924822973, 'MSE - std': 108.12528587836928, 'R2 - mean': 0.7931282031144855, 'R2 - std': 0.12286471037897652} 
 

Saved Losses
{'MSE - mean': 286.7150461591561, 'MSE - std': 96.75789136178295, 'R2 - mean': 0.8071271883947617, 'R2 - std': 0.11340403873194892} 
 

Saving model.....
Results After CV: {'MSE - mean': 286.7150461591561, 'MSE - std': 96.75789136178295, 'R2 - mean': 0.8071271883947617, 'R2 - std': 0.11340403873194892}
Train time: 0.436361784799999
Inference time: 0.024427423199995246
Finished cross validation
Hyperparam was saved!!! Hurrah!!!
Trial 160 finished with value: 286.7150461591561 and parameters: {'max_depth': 12, 'n_estimators': 59}. Best is trial 65 with value: 267.23646419674776.
Saved Losses
{'MSE - mean': 446.06257875893124, 'MSE - std': 0.0, 'R2 - mean': 0.5642807483311112, 'R2 - std': 0.0} 
 

Saved Losses
{'MSE - mean': 278.81926517082985, 'MSE - std': 167.2433135881014, 'R2 - mean': 0.729012857805614, 'R2 - std': 0.16473210947450279} 
 

Saved Losses
{'MSE - mean': 273.04149229011915, 'MSE - std': 136.79784091451938, 'R2 - mean': 0.7837647789602188, 'R2 - std': 0.1551987682560223} 
 

Saved Losses
{'MSE - mean': 277.56917715896225, 'MSE - std': 118.72967931385257, 'R2 - mean': 0.7955883554444683, 'R2 - std': 0.13595728790240183} 
 

Saved Losses
{'MSE - mean': 274.69606606425106, 'MSE - std': 106.35040418083247, 'R2 - mean': 0.8118616234867039, 'R2 - std': 0.12588401136808064} 
 

Saving model.....
Results After CV: {'MSE - mean': 274.69606606425106, 'MSE - std': 106.35040418083247, 'R2 - mean': 0.8118616234867039, 'R2 - std': 0.12588401136808064}
Train time: 0.4394517268000072
Inference time: 0.025882292200003577
Finished cross validation
Hyperparam was saved!!! Hurrah!!!
Trial 161 finished with value: 274.69606606425106 and parameters: {'max_depth': 11, 'n_estimators': 67}. Best is trial 65 with value: 267.23646419674776.
Saved Losses
{'MSE - mean': 457.1783137199798, 'MSE - std': 0.0, 'R2 - mean': 0.5534227657304338, 'R2 - std': 0.0} 
 

Saved Losses
{'MSE - mean': 285.0632460051918, 'MSE - std': 172.11506771478804, 'R2 - mean': 0.7229304730470307, 'R2 - std': 0.16950770731659692} 
 

Saved Losses
{'MSE - mean': 277.9926674851666, 'MSE - std': 140.88665840854625, 'R2 - mean': 0.779388003056512, 'R2 - std': 0.15978156114738545} 
 

Saved Losses
{'MSE - mean': 281.8157817026368, 'MSE - std': 122.19098368989533, 'R2 - mean': 0.791996371091958, 'R2 - std': 0.14008755581982832} 
 

Saved Losses
{'MSE - mean': 285.18705220265537, 'MSE - std': 109.49872627213796, 'R2 - mean': 0.8056717944656245, 'R2 - std': 0.1282485378250174} 
 

Saving model.....
Results After CV: {'MSE - mean': 285.18705220265537, 'MSE - std': 109.49872627213796, 'R2 - mean': 0.8056717944656245, 'R2 - std': 0.1282485378250174}
Train time: 0.4350917146000029
Inference time: 0.0259873799999923
Finished cross validation
Hyperparam was saved!!! Hurrah!!!
Trial 162 finished with value: 285.18705220265537 and parameters: {'max_depth': 11, 'n_estimators': 66}. Best is trial 65 with value: 267.23646419674776.
Saved Losses
{'MSE - mean': 434.50846424602923, 'MSE - std': 0.0, 'R2 - mean': 0.5755669453110626, 'R2 - std': 0.0} 
 

Saved Losses
{'MSE - mean': 282.4283481140887, 'MSE - std': 152.08011613194054, 'R2 - mean': 0.7257174294904285, 'R2 - std': 0.150150484179366} 
 

Saved Losses
{'MSE - mean': 286.3459646436001, 'MSE - std': 124.29643298856548, 'R2 - mean': 0.7771193923542116, 'R2 - std': 0.14252871817765295} 
 

Saved Losses
{'MSE - mean': 286.2807264325181, 'MSE - std': 107.64392787488418, 'R2 - mean': 0.7913393783580449, 'R2 - std': 0.12586679719001062} 
 

Saved Losses
{'MSE - mean': 284.5021934669792, 'MSE - std': 96.34534179037745, 'R2 - mean': 0.8071362224322371, 'R2 - std': 0.11692784800343484} 
 

Saving model.....
Results After CV: {'MSE - mean': 284.5021934669792, 'MSE - std': 96.34534179037745, 'R2 - mean': 0.8071362224322371, 'R2 - std': 0.11692784800343484}
Train time: 0.4982727530000034
Inference time: 0.0282514838000111
Finished cross validation
Hyperparam was saved!!! Hurrah!!!
Trial 163 finished with value: 284.5021934669792 and parameters: {'max_depth': 12, 'n_estimators': 74}. Best is trial 65 with value: 267.23646419674776.
Saved Losses
{'MSE - mean': 429.0150608147922, 'MSE - std': 0.0, 'R2 - mean': 0.5809329673585373, 'R2 - std': 0.0} 
 

Saved Losses
{'MSE - mean': 272.7766909438898, 'MSE - std': 156.23836987090243, 'R2 - mean': 0.7349761071999372, 'R2 - std': 0.1540431398413999} 
 

Saved Losses
{'MSE - mean': 265.722776758274, 'MSE - std': 127.95754852275815, 'R2 - mean': 0.7890833019643738, 'R2 - std': 0.1472233099931917} 
 

Saved Losses
{'MSE - mean': 271.88580613798666, 'MSE - std': 111.32744253494332, 'R2 - mean': 0.7996900101052709, 'R2 - std': 0.12881589198065616} 
 

Saved Losses
{'MSE - mean': 274.4041854809017, 'MSE - std': 99.70159731496868, 'R2 - mean': 0.8131538592422421, 'R2 - std': 0.11832129206423563} 
 

Saving model.....
Results After CV: {'MSE - mean': 274.4041854809017, 'MSE - std': 99.70159731496868, 'R2 - mean': 0.8131538592422421, 'R2 - std': 0.11832129206423563}
Train time: 0.3649643545999993
Inference time: 0.025523530800001026
Finished cross validation
Hyperparam was saved!!! Hurrah!!!
Trial 164 finished with value: 274.4041854809017 and parameters: {'max_depth': 10, 'n_estimators': 61}. Best is trial 65 with value: 267.23646419674776.
Saved Losses
{'MSE - mean': 484.5157899629838, 'MSE - std': 0.0, 'R2 - mean': 0.5267191926034105, 'R2 - std': 0.0} 
 

Saved Losses
{'MSE - mean': 301.55439664687924, 'MSE - std': 182.9613933161045, 'R2 - mean': 0.7068908713188062, 'R2 - std': 0.1801716787153958} 
 

Saved Losses
{'MSE - mean': 296.0768999978771, 'MSE - std': 149.58805735037757, 'R2 - mean': 0.7658009381305808, 'R2 - std': 0.1690621615982851} 
 

Saved Losses
{'MSE - mean': 296.1803165774939, 'MSE - std': 129.54718160331282, 'R2 - mean': 0.7813410834336892, 'R2 - std': 0.14886570864822654} 
 

Saved Losses
{'MSE - mean': 296.16155274963836, 'MSE - std': 115.8705278205563, 'R2 - mean': 0.7973893166831272, 'R2 - std': 0.13696343501381822} 
 

Saving model.....
Results After CV: {'MSE - mean': 296.16155274963836, 'MSE - std': 115.8705278205563, 'R2 - mean': 0.7973893166831272, 'R2 - std': 0.13696343501381822}
Train time: 0.38835878319999895
Inference time: 0.022838185200009777
Finished cross validation
Hyperparam was saved!!! Hurrah!!!
Trial 165 finished with value: 296.16155274963836 and parameters: {'max_depth': 10, 'n_estimators': 63}. Best is trial 65 with value: 267.23646419674776.
Saved Losses
{'MSE - mean': 495.3514862360852, 'MSE - std': 0.0, 'R2 - mean': 0.516134755135997, 'R2 - std': 0.0} 
 

Saved Losses
{'MSE - mean': 327.13198467575654, 'MSE - std': 168.21950156032864, 'R2 - mean': 0.6824003057057073, 'R2 - std': 0.16626555056971026} 
 

Saved Losses
{'MSE - mean': 323.5139188511111, 'MSE - std': 137.44592125908966, 'R2 - mean': 0.7452349029300417, 'R2 - std': 0.16225246404144755} 
 

Saved Losses
{'MSE - mean': 329.3984846275389, 'MSE - std': 119.46723524130465, 'R2 - mean': 0.7585819699312206, 'R2 - std': 0.1424037540173812} 
 

Saved Losses
{'MSE - mean': 336.20156822435194, 'MSE - std': 107.71751957161788, 'R2 - mean': 0.7728870357079722, 'R2 - std': 0.13054349066155316} 
 

Saving model.....
Results After CV: {'MSE - mean': 336.20156822435194, 'MSE - std': 107.71751957161788, 'R2 - mean': 0.7728870357079722, 'R2 - std': 0.13054349066155316}
Train time: 0.2436824552000303
Inference time: 0.022427098399998614
Finished cross validation
Hyperparam was saved!!! Hurrah!!!
Trial 166 finished with value: 336.20156822435194 and parameters: {'max_depth': 5, 'n_estimators': 57}. Best is trial 65 with value: 267.23646419674776.
Saved Losses
{'MSE - mean': 449.0300634718195, 'MSE - std': 0.0, 'R2 - mean': 0.5613820738401105, 'R2 - std': 0.0} 
 

Saved Losses
{'MSE - mean': 278.4880910886761, 'MSE - std': 170.54197238314345, 'R2 - mean': 0.7292918858828517, 'R2 - std': 0.16790981204274108} 
 

Saved Losses
{'MSE - mean': 274.9595738188388, 'MSE - std': 139.33632129181413, 'R2 - mean': 0.7830777720593444, 'R2 - std': 0.15678535143224856} 
 

Saved Losses
{'MSE - mean': 282.925627077505, 'MSE - std': 121.4550609769369, 'R2 - mean': 0.7927997475611944, 'R2 - std': 0.1368202661917305} 
 

Saved Losses
{'MSE - mean': 278.3442311111695, 'MSE - std': 109.01844901451584, 'R2 - mean': 0.8099285265089227, 'R2 - std': 0.1270803228890348} 
 

Saving model.....
Results After CV: {'MSE - mean': 278.3442311111695, 'MSE - std': 109.01844901451584, 'R2 - mean': 0.8099285265089227, 'R2 - std': 0.1270803228890348}
Train time: 0.41120630780000056
Inference time: 0.026854585600005976
Finished cross validation
Hyperparam was saved!!! Hurrah!!!
Trial 167 finished with value: 278.3442311111695 and parameters: {'max_depth': 10, 'n_estimators': 68}. Best is trial 65 with value: 267.23646419674776.
Saved Losses
{'MSE - mean': 485.31174030665375, 'MSE - std': 0.0, 'R2 - mean': 0.525941698806297, 'R2 - std': 0.0} 
 

Saved Losses
{'MSE - mean': 301.25770968889043, 'MSE - std': 184.05403061776332, 'R2 - mean': 0.7071636589739474, 'R2 - std': 0.18122196016765035} 
 

Saved Losses
{'MSE - mean': 296.71194976410146, 'MSE - std': 150.4169272090656, 'R2 - mean': 0.7656428537252499, 'R2 - std': 0.16951076171006121} 
 

Saved Losses
{'MSE - mean': 295.4041754306566, 'MSE - std': 130.2845724342858, 'R2 - mean': 0.7819492410302794, 'R2 - std': 0.14949287124297517} 
 

Saved Losses
{'MSE - mean': 290.4839601289549, 'MSE - std': 116.94481572933502, 'R2 - mean': 0.8002397946280432, 'R2 - std': 0.13862421233545627} 
 

Saving model.....
Results After CV: {'MSE - mean': 290.4839601289549, 'MSE - std': 116.94481572933502, 'R2 - mean': 0.8002397946280432, 'R2 - std': 0.13862421233545627}
Train time: 0.34184309840001104
Inference time: 0.021762722799996935
Finished cross validation
Hyperparam was saved!!! Hurrah!!!
Trial 168 finished with value: 290.4839601289549 and parameters: {'max_depth': 11, 'n_estimators': 51}. Best is trial 65 with value: 267.23646419674776.
Saved Losses
{'MSE - mean': 433.5611362017697, 'MSE - std': 0.0, 'R2 - mean': 0.5764923066531373, 'R2 - std': 0.0} 
 

Saved Losses
{'MSE - mean': 276.6920649651098, 'MSE - std': 156.86907123665995, 'R2 - mean': 0.7311917615037449, 'R2 - std': 0.1546994548506076} 
 

Saved Losses
{'MSE - mean': 269.48435864746915, 'MSE - std': 128.48802434918818, 'R2 - mean': 0.786090462524304, 'R2 - std': 0.14826445618625617} 
 

Saved Losses
{'MSE - mean': 274.015033227536, 'MSE - std': 111.55025924362333, 'R2 - mean': 0.7978468895271144, 'R2 - std': 0.13000539394106664} 
 

Saved Losses
{'MSE - mean': 273.7621628978154, 'MSE - std': 99.77486679254585, 'R2 - mean': 0.8127758179822908, 'R2 - std': 0.12005254508879291} 
 

Saving model.....
Results After CV: {'MSE - mean': 273.7621628978154, 'MSE - std': 99.77486679254585, 'R2 - mean': 0.8127758179822908, 'R2 - std': 0.12005254508879291}
Train time: 0.4907947907999869
Inference time: 0.02910292220000201
Finished cross validation
Hyperparam was saved!!! Hurrah!!!
Trial 169 finished with value: 273.7621628978154 and parameters: {'max_depth': 10, 'n_estimators': 82}. Best is trial 65 with value: 267.23646419674776.
Saved Losses
{'MSE - mean': 456.8029694374851, 'MSE - std': 0.0, 'R2 - mean': 0.5537894065061335, 'R2 - std': 0.0} 
 

Saved Losses
{'MSE - mean': 284.34906982201153, 'MSE - std': 172.4538996154736, 'R2 - mean': 0.7236151891515127, 'R2 - std': 0.16982578264537918} 
 

Saved Losses
{'MSE - mean': 280.41411530019604, 'MSE - std': 140.91794088251055, 'R2 - mean': 0.7786617739301969, 'R2 - std': 0.1590202836925868} 
 

Saved Losses
{'MSE - mean': 288.28773922426655, 'MSE - std': 122.79813275460724, 'R2 - mean': 0.7887501323928913, 'R2 - std': 0.13881971365288343} 
 

Saved Losses
{'MSE - mean': 287.5363592620549, 'MSE - std': 109.84426891652093, 'R2 - mean': 0.8043969889003698, 'R2 - std': 0.1280469710426503} 
 

Saving model.....
Results After CV: {'MSE - mean': 287.5363592620549, 'MSE - std': 109.84426891652093, 'R2 - mean': 0.8043969889003698, 'R2 - std': 0.1280469710426503}
Train time: 0.6186699564000037
Inference time: 0.03484987760000422
Finished cross validation
Hyperparam was saved!!! Hurrah!!!
Trial 170 finished with value: 287.5363592620549 and parameters: {'max_depth': 11, 'n_estimators': 96}. Best is trial 65 with value: 267.23646419674776.
Saved Losses
{'MSE - mean': 433.3316389019704, 'MSE - std': 0.0, 'R2 - mean': 0.5767164823551358, 'R2 - std': 0.0} 
 

Saved Losses
{'MSE - mean': 280.17764265900917, 'MSE - std': 153.15399624296126, 'R2 - mean': 0.7278752181126528, 'R2 - std': 0.15115873575751693} 
 

Saved Losses
{'MSE - mean': 271.2032349316192, 'MSE - std': 125.69212796183459, 'R2 - mean': 0.7841263135553825, 'R2 - std': 0.14683669071757258} 
 

Saved Losses
{'MSE - mean': 277.4392253249673, 'MSE - std': 109.38713819384088, 'R2 - mean': 0.7951349250361974, 'R2 - std': 0.1285858813628955} 
 

Saved Losses
{'MSE - mean': 279.76410846543985, 'MSE - std': 97.94925792602089, 'R2 - mean': 0.8090810142918894, 'R2 - std': 0.11834456781284478} 
 

Saving model.....
Results After CV: {'MSE - mean': 279.76410846543985, 'MSE - std': 97.94925792602089, 'R2 - mean': 0.8090810142918894, 'R2 - std': 0.11834456781284478}
Train time: 0.40902042100000247
Inference time: 0.026262828199992327
Finished cross validation
Hyperparam was saved!!! Hurrah!!!
Trial 171 finished with value: 279.76410846543985 and parameters: {'max_depth': 9, 'n_estimators': 74}. Best is trial 65 with value: 267.23646419674776.
Saved Losses
{'MSE - mean': 462.06794834227566, 'MSE - std': 0.0, 'R2 - mean': 0.5486465122628403, 'R2 - std': 0.0} 
 

Saved Losses
{'MSE - mean': 287.6472276022407, 'MSE - std': 174.4207207400349, 'R2 - mean': 0.7204098185996712, 'R2 - std': 0.17176330633683085} 
 

Saved Losses
{'MSE - mean': 282.37904790024896, 'MSE - std': 142.60866961862376, 'R2 - mean': 0.7766203069872045, 'R2 - std': 0.16120688657344442} 
 

Saved Losses
{'MSE - mean': 288.9826113658098, 'MSE - std': 124.03122848350091, 'R2 - mean': 0.7876709462836657, 'R2 - std': 0.1409152053385617} 
 

Saved Losses
{'MSE - mean': 287.87343445520537, 'MSE - std': 110.95908076844002, 'R2 - mean': 0.8036359375551309, 'R2 - std': 0.13001999792985322} 
 

Saving model.....
Results After CV: {'MSE - mean': 287.87343445520537, 'MSE - std': 110.95908076844002, 'R2 - mean': 0.8036359375551309, 'R2 - std': 0.13001999792985322}
Train time: 0.46816398760000766
Inference time: 0.029138568600001236
Finished cross validation
Hyperparam was saved!!! Hurrah!!!
Trial 172 finished with value: 287.87343445520537 and parameters: {'max_depth': 10, 'n_estimators': 79}. Best is trial 65 with value: 267.23646419674776.
Saved Losses
{'MSE - mean': 442.42043241605836, 'MSE - std': 0.0, 'R2 - mean': 0.5678384403558503, 'R2 - std': 0.0} 
 

Saved Losses
{'MSE - mean': 277.54744629743584, 'MSE - std': 164.87298611862252, 'R2 - mean': 0.7302686427767631, 'R2 - std': 0.16243020242091272} 
 

Saved Losses
{'MSE - mean': 280.30166231772154, 'MSE - std': 134.67456743159462, 'R2 - mean': 0.7812924860047588, 'R2 - std': 0.15098315224281142} 
 

Saved Losses
{'MSE - mean': 282.07257411151, 'MSE - std': 116.67192344522945, 'R2 - mean': 0.7942805743486576, 'R2 - std': 0.1326763185816095} 
 

Saved Losses
{'MSE - mean': 280.7036797134889, 'MSE - std': 104.39044814454684, 'R2 - mean': 0.8096911315157381, 'R2 - std': 0.12260646597424796} 
 

Saving model.....
Results After CV: {'MSE - mean': 280.7036797134889, 'MSE - std': 104.39044814454684, 'R2 - mean': 0.8096911315157381, 'R2 - std': 0.12260646597424796}
Train time: 0.5524074392000102
Inference time: 0.030872747199998683
Finished cross validation
Hyperparam was saved!!! Hurrah!!!
Trial 173 finished with value: 280.7036797134889 and parameters: {'max_depth': 12, 'n_estimators': 83}. Best is trial 65 with value: 267.23646419674776.
Saved Losses
{'MSE - mean': 438.761216883262, 'MSE - std': 0.0, 'R2 - mean': 0.5714128057690648, 'R2 - std': 0.0} 
 

Saved Losses
{'MSE - mean': 278.71898575778954, 'MSE - std': 160.04223112547248, 'R2 - mean': 0.729197799248754, 'R2 - std': 0.15778499347968922} 
 

Saved Losses
{'MSE - mean': 274.2852270041766, 'MSE - std': 130.82428519118017, 'R2 - mean': 0.7833531273844119, 'R2 - std': 0.14987662229053136} 
 

Saved Losses
{'MSE - mean': 280.1503411551041, 'MSE - std': 113.75167642214187, 'R2 - mean': 0.7943231551023453, 'R2 - std': 0.13118031847922398} 
 

Saved Losses
{'MSE - mean': 278.4131850931747, 'MSE - std': 101.80189563958092, 'R2 - mean': 0.8100770803965307, 'R2 - std': 0.12148812869473137} 
 

Saving model.....
Results After CV: {'MSE - mean': 278.4131850931747, 'MSE - std': 101.80189563958092, 'R2 - mean': 0.8100770803965307, 'R2 - std': 0.12148812869473137}
Train time: 0.5491256664000048
Inference time: 0.032475651599986576
Finished cross validation
Hyperparam was saved!!! Hurrah!!!
