Trial 11 finished with value: 1600806.1570890914 and parameters: {'max_depth': 12, 'n_estimators': 99}. Best is trial 11 with value: 1600806.1570890914.
Saved Losses
{'MSE - mean': 1481487.3573356082, 'MSE - std': 0.0, 'R2 - mean': 0.7436495809274581, 'R2 - std': 0.0} 
 

Saved Losses
{'MSE - mean': 1732309.2688332587, 'MSE - std': 250821.91149765032, 'R2 - mean': 0.6970406316095177, 'R2 - std': 0.04660894931794041} 
 

Saved Losses
{'MSE - mean': 1606539.752239775, 'MSE - std': 271250.8619953259, 'R2 - mean': 0.7187523778233862, 'R2 - std': 0.0488984930066945} 
 

Saved Losses
{'MSE - mean': 1635944.157721171, 'MSE - std': 240367.69704985013, 'R2 - mean': 0.71354068071105, 'R2 - std': 0.04329875661166856} 
 

Saved Losses
{'MSE - mean': 1583511.4247476007, 'MSE - std': 239202.98864426767, 'R2 - mean': 0.7230915517530663, 'R2 - std': 0.043182200151661014} 
 

Saving model.....
Results After CV: {'MSE - mean': 1583511.4247476007, 'MSE - std': 239202.98864426767, 'R2 - mean': 0.7230915517530663, 'R2 - std': 0.043182200151661014}
Train time: 4.068644644799997
Inference time: 0.042044738999999255
Finished cross validation
Hyperparam was saved!!! Hurrah!!!
Trial 12 finished with value: 1583511.4247476007 and parameters: {'max_depth': 12, 'n_estimators': 95}. Best is trial 12 with value: 1583511.4247476007.
Saved Losses
{'MSE - mean': 1609858.1902577365, 'MSE - std': 0.0, 'R2 - mean': 0.7214368251767358, 'R2 - std': 0.0} 
 

Saved Losses
{'MSE - mean': 1929613.6544457348, 'MSE - std': 319755.4641879983, 'R2 - mean': 0.6624692532526585, 'R2 - std': 0.05896757192407731} 
 

Saved Losses
{'MSE - mean': 1813821.2574149799, 'MSE - std': 308185.219749927, 'R2 - mean': 0.6824102991505928, 'R2 - std': 0.05579791198681073} 
 

Saved Losses
{'MSE - mean': 1812442.096056681, 'MSE - std': 266906.91919167206, 'R2 - mean': 0.6825982037915865, 'R2 - std': 0.04832350526429377} 
 

Saved Losses
{'MSE - mean': 1742008.3837838178, 'MSE - std': 277191.40338051197, 'R2 - mean': 0.6953318034952765, 'R2 - std': 0.050166793543915386} 
 

Saving model.....
Results After CV: {'MSE - mean': 1742008.3837838178, 'MSE - std': 277191.40338051197, 'R2 - mean': 0.6953318034952765, 'R2 - std': 0.050166793543915386}
Train time: 3.353753136200001
Inference time: 0.03986528560000409
Finished cross validation
Hyperparam was saved!!! Hurrah!!!
Trial 13 finished with value: 1742008.3837838178 and parameters: {'max_depth': 9, 'n_estimators': 99}. Best is trial 12 with value: 1583511.4247476007.
Saved Losses
{'MSE - mean': 1525000.720668769, 'MSE - std': 0.0, 'R2 - mean': 0.7361202092656083, 'R2 - std': 0.0} 
 

Saved Losses
{'MSE - mean': 1818518.336480065, 'MSE - std': 293517.61581129604, 'R2 - mean': 0.6819148657033745, 'R2 - std': 0.054205343562233776} 
 

Saved Losses
{'MSE - mean': 1695081.417009889, 'MSE - std': 296493.5188233832, 'R2 - mean': 0.7032154395762177, 'R2 - std': 0.053537292999908934} 
 

Saved Losses
{'MSE - mean': 1713467.2442899838, 'MSE - std': 258738.13202256133, 'R2 - mean': 0.6999401649110111, 'R2 - std': 0.046710422591924886} 
 

Saved Losses
{'MSE - mean': 1658587.434056352, 'MSE - std': 256131.82358921604, 'R2 - mean': 0.709942290744834, 'R2 - std': 0.04632127964289704} 
 

Saving model.....
Results After CV: {'MSE - mean': 1658587.434056352, 'MSE - std': 256131.82358921604, 'R2 - mean': 0.709942290744834, 'R2 - std': 0.04632127964289704}
Train time: 1.1003980112000022
Inference time: 0.015024462399998129
Finished cross validation
Hyperparam was saved!!! Hurrah!!!
Trial 14 finished with value: 1658587.434056352 and parameters: {'max_depth': 12, 'n_estimators': 26}. Best is trial 12 with value: 1583511.4247476007.
Saved Losses
{'MSE - mean': 1572943.0549821195, 'MSE - std': 0.0, 'R2 - mean': 0.7278244668607279, 'R2 - std': 0.0} 
 

Saved Losses
{'MSE - mean': 1914424.6479515028, 'MSE - std': 341481.59296938346, 'R2 - mean': 0.6650869218806106, 'R2 - std': 0.0627375449801173} 
 

Saved Losses
{'MSE - mean': 1805656.1649973516, 'MSE - std': 318435.1603171884, 'R2 - mean': 0.6838112404094675, 'R2 - std': 0.05766454637668064} 
 

Saved Losses
{'MSE - mean': 1819577.0025505773, 'MSE - std': 276825.0036561456, 'R2 - mean': 0.6813258114975139, 'R2 - std': 0.05012416585091854} 
 

Saved Losses
{'MSE - mean': 1765401.1503998612, 'MSE - std': 270269.78733185306, 'R2 - mean': 0.6912410119637026, 'R2 - std': 0.049022345955075874} 
 

Saving model.....
Results After CV: {'MSE - mean': 1765401.1503998612, 'MSE - std': 270269.78733185306, 'R2 - mean': 0.6912410119637026, 'R2 - std': 0.049022345955075874}
Train time: 2.0010397589999966
Inference time: 0.023551353199997037
Finished cross validation
Hyperparam was saved!!! Hurrah!!!
Trial 15 finished with value: 1765401.1503998612 and parameters: {'max_depth': 9, 'n_estimators': 53}. Best is trial 12 with value: 1583511.4247476007.
Saved Losses
{'MSE - mean': 2761351.507435865, 'MSE - std': 0.0, 'R2 - mean': 0.5221872042088433, 'R2 - std': 0.0} 
 

Saved Losses
{'MSE - mean': 3154128.984656833, 'MSE - std': 392777.47722096834, 'R2 - mean': 0.4484854052172982, 'R2 - std': 0.07370179899154516} 
 

Saved Losses
{'MSE - mean': 3069329.675447049, 'MSE - std': 342390.5325204323, 'R2 - mean': 0.462673997283297, 'R2 - std': 0.06343449959885711} 
 

Saved Losses
{'MSE - mean': 3144800.6671094606, 'MSE - std': 324054.1147975786, 'R2 - mean': 0.4493355674846361, 'R2 - std': 0.059596081523867576} 
 

Saved Losses
{'MSE - mean': 3075698.987053877, 'MSE - std': 321105.9392160332, 'R2 - mean': 0.46218872648008846, 'R2 - std': 0.05917912749482782} 
 

Saving model.....
Results After CV: {'MSE - mean': 3075698.987053877, 'MSE - std': 321105.9392160332, 'R2 - mean': 0.46218872648008846, 'R2 - std': 0.05917912749482782}
Train time: 0.9879184198000018
Inference time: 0.02859744380000393
Finished cross validation
Hyperparam was saved!!! Hurrah!!!
Trial 16 finished with value: 3075698.987053877 and parameters: {'max_depth': 3, 'n_estimators': 66}. Best is trial 12 with value: 1583511.4247476007.
Saved Losses
{'MSE - mean': 2366971.984899661, 'MSE - std': 0.0, 'R2 - mean': 0.5904289987642879, 'R2 - std': 0.0} 
 

Saved Losses
{'MSE - mean': 2740125.2832266428, 'MSE - std': 373153.29832698195, 'R2 - mean': 0.5208242908307941, 'R2 - std': 0.06960470793349377} 
 

Saved Losses
{'MSE - mean': 2661203.5115399, 'MSE - std': 324478.37338393705, 'R2 - mean': 0.5340897264971931, 'R2 - std': 0.05984831223888765} 
 

Saved Losses
{'MSE - mean': 2681460.165016222, 'MSE - std': 283188.37745499646, 'R2 - mean': 0.5304488523861504, 'R2 - std': 0.052212385994703646} 
 

Saved Losses
{'MSE - mean': 2592646.3733848883, 'MSE - std': 309367.23167816317, 'R2 - mean': 0.5466062836355196, 'R2 - std': 0.056790465214860704} 
 

Saving model.....
Results After CV: {'MSE - mean': 2592646.3733848883, 'MSE - std': 309367.23167816317, 'R2 - mean': 0.5466062836355196, 'R2 - std': 0.056790465214860704}
Train time: 0.27134314779999613
Inference time: 0.011690717199996925
Finished cross validation
Hyperparam was saved!!! Hurrah!!!
Trial 17 finished with value: 2592646.3733848883 and parameters: {'max_depth': 4, 'n_estimators': 13}. Best is trial 12 with value: 1583511.4247476007.
Saved Losses
{'MSE - mean': 1757702.0917759826, 'MSE - std': 0.0, 'R2 - mean': 0.6958545305159949, 'R2 - std': 0.0} 
 

Saved Losses
{'MSE - mean': 2075266.2704982986, 'MSE - std': 317564.17872231593, 'R2 - mean': 0.6370340770030564, 'R2 - std': 0.05882045351293852} 
 

Saved Losses
{'MSE - mean': 1966103.5161184808, 'MSE - std': 301768.70661589404, 'R2 - mean': 0.6557684589575831, 'R2 - std': 0.05484995869413237} 
 

Saved Losses
{'MSE - mean': 1978487.0712388686, 'MSE - std': 262218.0801007649, 'R2 - mean': 0.6535349702407401, 'R2 - std': 0.047658723148085} 
 

Saved Losses
{'MSE - mean': 1895557.8929069873, 'MSE - std': 287255.3771482598, 'R2 - mean': 0.6684820811185924, 'R2 - std': 0.05206484042099709} 
 

Saving model.....
Results After CV: {'MSE - mean': 1895557.8929069873, 'MSE - std': 287255.3771482598, 'R2 - mean': 0.6684820811185924, 'R2 - std': 0.05206484042099709}
Train time: 1.258136436000001
Inference time: 0.017521936800000047
Finished cross validation
Hyperparam was saved!!! Hurrah!!!
Trial 18 finished with value: 1895557.8929069873 and parameters: {'max_depth': 8, 'n_estimators': 36}. Best is trial 12 with value: 1583511.4247476007.
Saved Losses
{'MSE - mean': 2125773.8569088043, 'MSE - std': 0.0, 'R2 - mean': 0.6321649210344377, 'R2 - std': 0.0} 
 

Saved Losses
{'MSE - mean': 2439111.2240983685, 'MSE - std': 313337.3671895645, 'R2 - mean': 0.5734941655071804, 'R2 - std': 0.05867075552725737} 
 

Saved Losses
{'MSE - mean': 2323611.252764148, 'MSE - std': 303535.86917299154, 'R2 - mean': 0.5932339456080379, 'R2 - std': 0.055445073778348966} 
 

Saved Losses
{'MSE - mean': 2325087.467071815, 'MSE - std': 262882.20847367943, 'R2 - mean': 0.5928852094531272, 'R2 - std': 0.04802064145169393} 
 

Saved Losses
{'MSE - mean': 2247727.696855086, 'MSE - std': 281467.1927908113, 'R2 - mean': 0.6069496460431055, 'R2 - std': 0.051342176723623664} 
 

Saving model.....
Results After CV: {'MSE - mean': 2247727.696855086, 'MSE - std': 281467.1927908113, 'R2 - mean': 0.6069496460431055, 'R2 - std': 0.051342176723623664}
Train time: 1.6626393765999978
Inference time: 0.03154989820000083
Finished cross validation
Hyperparam was saved!!! Hurrah!!!
Trial 19 finished with value: 2247727.696855086 and parameters: {'max_depth': 5, 'n_estimators': 75}. Best is trial 12 with value: 1583511.4247476007.
Saved Losses
{'MSE - mean': 1634834.6649033544, 'MSE - std': 0.0, 'R2 - mean': 0.7171149997418743, 'R2 - std': 0.0} 
 

Saved Losses
{'MSE - mean': 1943797.2890758726, 'MSE - std': 308962.62417251826, 'R2 - mean': 0.6600094913262353, 'R2 - std': 0.05710550841563905} 
 

Saved Losses
{'MSE - mean': 1754085.1796325825, 'MSE - std': 368266.1687274911, 'R2 - mean': 0.6929147228276155, 'R2 - std': 0.06587514388035842} 
 

Saved Losses
{'MSE - mean': 1795238.2836880002, 'MSE - std': 326796.13246197824, 'R2 - mean': 0.6856409560870738, 'R2 - std': 0.05842408735898979} 
 

Saved Losses
{'MSE - mean': 1699733.3513682876, 'MSE - std': 349172.3616543226, 'R2 - mean': 0.7027201823627127, 'R2 - std': 0.06242995328912721} 
 

Saving model.....
Results After CV: {'MSE - mean': 1699733.3513682876, 'MSE - std': 349172.3616543226, 'R2 - mean': 0.7027201823627127, 'R2 - std': 0.06242995328912721}
Train time: 0.6835625986000082
Inference time: 0.011780044600004657
Finished cross validation
Hyperparam was saved!!! Hurrah!!!
Trial 20 finished with value: 1699733.3513682876 and parameters: {'max_depth': 10, 'n_estimators': 17}. Best is trial 12 with value: 1583511.4247476007.
Saved Losses
{'MSE - mean': 1420423.332005198, 'MSE - std': 0.0, 'R2 - mean': 0.7542158462460226, 'R2 - std': 0.0} 
 

Saved Losses
{'MSE - mean': 1728600.3978679373, 'MSE - std': 308177.0658627392, 'R2 - mean': 0.6975956249441393, 'R2 - std': 0.05662022130188321} 
 

Saved Losses
{'MSE - mean': 1638023.8932829897, 'MSE - std': 282353.69482530036, 'R2 - mean': 0.7131624298382766, 'R2 - std': 0.05120433382771835} 
 

Saved Losses
{'MSE - mean': 1660215.4829808595, 'MSE - std': 247527.99174250968, 'R2 - mean': 0.7092328912562493, 'R2 - std': 0.04486353388285677} 
 

Saved Losses
{'MSE - mean': 1598888.673162114, 'MSE - std': 253100.76208309262, 'R2 - mean': 0.7203472686693555, 'R2 - std': 0.04587272478380202} 
 

Saving model.....
Results After CV: {'MSE - mean': 1598888.673162114, 'MSE - std': 253100.76208309262, 'R2 - mean': 0.7203472686693555, 'R2 - std': 0.04587272478380202}
Train time: 4.2893104018000034
Inference time: 0.03856872640000688
Finished cross validation
Hyperparam was saved!!! Hurrah!!!
Trial 21 finished with value: 1598888.673162114 and parameters: {'max_depth': 12, 'n_estimators': 94}. Best is trial 12 with value: 1583511.4247476007.
Saved Losses
{'MSE - mean': 1452673.6442198532, 'MSE - std': 0.0, 'R2 - mean': 0.7486353861695251, 'R2 - std': 0.0} 
 

Saved Losses
{'MSE - mean': 1743444.6266586385, 'MSE - std': 290770.98243878526, 'R2 - mean': 0.6950311851166548, 'R2 - std': 0.05360420105287028} 
 

Saved Losses
{'MSE - mean': 1636077.3466058916, 'MSE - std': 281816.6812027413, 'R2 - mean': 0.7135313849379222, 'R2 - std': 0.050991388493855906} 
 

Saved Losses
{'MSE - mean': 1663839.5546140056, 'MSE - std': 248752.2903081557, 'R2 - mean': 0.7086188290125799, 'R2 - std': 0.04497211238709336} 
 

Saved Losses
{'MSE - mean': 1604416.2682868978, 'MSE - std': 252243.27419873088, 'R2 - mean': 0.719399324891822, 'R2 - std': 0.045638460531171605} 
 

Saving model.....
Results After CV: {'MSE - mean': 1604416.2682868978, 'MSE - std': 252243.27419873088, 'R2 - mean': 0.719399324891822, 'R2 - std': 0.045638460531171605}
Train time: 3.156252456599998
Inference time: 0.033431548599997994
Finished cross validation
Hyperparam was saved!!! Hurrah!!!
Trial 22 finished with value: 1604416.2682868978 and parameters: {'max_depth': 12, 'n_estimators': 73}. Best is trial 12 with value: 1583511.4247476007.
Saved Losses
{'MSE - mean': 1509290.3862879514, 'MSE - std': 0.0, 'R2 - mean': 0.738838660275231, 'R2 - std': 0.0} 
 

Saved Losses
{'MSE - mean': 1846280.196798456, 'MSE - std': 336989.8105105045, 'R2 - mean': 0.6769958457186726, 'R2 - std': 0.06184281455655849} 
 

Saved Losses
{'MSE - mean': 1743482.2422716208, 'MSE - std': 311195.96264798555, 'R2 - mean': 0.6946894113497102, 'R2 - std': 0.05635435804795929} 
 

Saved Losses
{'MSE - mean': 1781353.02198397, 'MSE - std': 277371.20118059963, 'R2 - mean': 0.6880115201980119, 'R2 - std': 0.050156185500394516} 
 

Saved Losses
{'MSE - mean': 1718681.7558972077, 'MSE - std': 277954.27135981544, 'R2 - mean': 0.6993940649974602, 'R2 - std': 0.05030669597186612} 
 

Saving model.....
Results After CV: {'MSE - mean': 1718681.7558972077, 'MSE - std': 277954.27135981544, 'R2 - mean': 0.6993940649974602, 'R2 - std': 0.05030669597186612}
Train time: 1.7925536141999998
Inference time: 0.02061495579999928
Finished cross validation
Hyperparam was saved!!! Hurrah!!!
Trial 23 finished with value: 1718681.7558972077 and parameters: {'max_depth': 10, 'n_estimators': 44}. Best is trial 12 with value: 1583511.4247476007.
Saved Losses
{'MSE - mean': 1831187.1941012323, 'MSE - std': 0.0, 'R2 - mean': 0.6831389736242064, 'R2 - std': 0.0} 
 

Saved Losses
{'MSE - mean': 2155589.372889987, 'MSE - std': 324402.178788755, 'R2 - mean': 0.622994315575377, 'R2 - std': 0.0601446580488294} 
 

Saved Losses
{'MSE - mean': 2038030.0665752792, 'MSE - std': 312727.0856049808, 'R2 - mean': 0.6431830197286782, 'R2 - std': 0.05680452574680518} 
 

Saved Losses
{'MSE - mean': 2045449.7394235288, 'MSE - std': 271134.3342123308, 'R2 - mean': 0.6418150136864641, 'R2 - std': 0.049251192174242765} 
 

Saved Losses
{'MSE - mean': 1969415.0339561775, 'MSE - std': 286244.9431746149, 'R2 - mean': 0.6555810919114513, 'R2 - std': 0.051947700461649225} 
 

Saving model.....
Results After CV: {'MSE - mean': 1969415.0339561775, 'MSE - std': 286244.9431746149, 'R2 - mean': 0.6555810919114513, 'R2 - std': 0.051947700461649225}
Train time: 3.0496024899999954
Inference time: 0.041633933399992884
Finished cross validation
Hyperparam was saved!!! Hurrah!!!
Trial 24 finished with value: 1969415.0339561775 and parameters: {'max_depth': 7, 'n_estimators': 100}. Best is trial 12 with value: 1583511.4247476007.
Saved Losses
{'MSE - mean': 1766132.155884224, 'MSE - std': 0.0, 'R2 - mean': 0.6943958272363107, 'R2 - std': 0.0} 
 

Saved Losses
{'MSE - mean': 2065216.572810357, 'MSE - std': 299084.416926133, 'R2 - mean': 0.6388191821111869, 'R2 - std': 0.055576645125123725} 
 

Saved Losses
{'MSE - mean': 1946963.0836483722, 'MSE - std': 295976.5210789486, 'R2 - mean': 0.6591420577287345, 'R2 - std': 0.053714189953014975} 
 

Saved Losses
{'MSE - mean': 1954066.695445542, 'MSE - std': 256618.31515734148, 'R2 - mean': 0.6578286949858856, 'R2 - std': 0.04657344110986799} 
 

Saved Losses
{'MSE - mean': 1882179.6417673652, 'MSE - std': 270838.2574258489, 'R2 - mean': 0.6708470522843955, 'R2 - std': 0.04912411668883348} 
 

Saving model.....
Results After CV: {'MSE - mean': 1882179.6417673652, 'MSE - std': 270838.2574258489, 'R2 - mean': 0.6708470522843955, 'R2 - std': 0.04912411668883348}
Train time: 2.1271920422000052
Inference time: 0.026695677800000796
Finished cross validation
Hyperparam was saved!!! Hurrah!!!
Trial 25 finished with value: 1882179.6417673652 and parameters: {'max_depth': 8, 'n_estimators': 66}. Best is trial 12 with value: 1583511.4247476007.
Saved Losses
{'MSE - mean': 1534637.883909563, 'MSE - std': 0.0, 'R2 - mean': 0.7344526345656182, 'R2 - std': 0.0} 
 

Saved Losses
{'MSE - mean': 1892399.5668227884, 'MSE - std': 357761.6829132254, 'R2 - mean': 0.6689073431159944, 'R2 - std': 0.06554529144962373} 
 

Saved Losses
{'MSE - mean': 1790519.0291062675, 'MSE - std': 325711.89074305684, 'R2 - mean': 0.6864378279574348, 'R2 - std': 0.05898100783327925} 
 

Saved Losses
{'MSE - mean': 1810333.382176917, 'MSE - std': 284154.89190120914, 'R2 - mean': 0.682926187831066, 'R2 - std': 0.051439909728763944} 
 

Saved Losses
{'MSE - mean': 1756193.9318562672, 'MSE - std': 276259.8819901266, 'R2 - mean': 0.6928362180088596, 'R2 - std': 0.050096768786238484} 
 

Saving model.....
Results After CV: {'MSE - mean': 1756193.9318562672, 'MSE - std': 276259.8819901266, 'R2 - mean': 0.6928362180088596, 'R2 - std': 0.050096768786238484}
Train time: 1.1370303274000038
Inference time: 0.018050806800005148
Finished cross validation
Hyperparam was saved!!! Hurrah!!!
Trial 26 finished with value: 1756193.9318562672 and parameters: {'max_depth': 10, 'n_estimators': 28}. Best is trial 12 with value: 1583511.4247476007.
Saved Losses
{'MSE - mean': 1977587.3797939583, 'MSE - std': 0.0, 'R2 - mean': 0.6578064935535536, 'R2 - std': 0.0} 
 

Saved Losses
{'MSE - mean': 2366756.9231502768, 'MSE - std': 389169.5433563187, 'R2 - mean': 0.5860084276695314, 'R2 - std': 0.07179806588402221} 
 

Saved Losses
{'MSE - mean': 2221406.230261495, 'MSE - std': 378447.1827929783, 'R2 - mean': 0.6110491717608976, 'R2 - std': 0.06848882565126595} 
 

Saved Losses
{'MSE - mean': 2202772.4950005584, 'MSE - std': 329330.15484811045, 'R2 - mean': 0.6142470558723785, 'R2 - std': 0.05957112402572673} 
 

Saved Losses
{'MSE - mean': 2139150.1344725653, 'MSE - std': 320870.534250872, 'R2 - mean': 0.6259027763093727, 'R2 - std': 0.05815839002046287} 
 

Saving model.....
Results After CV: {'MSE - mean': 2139150.1344725653, 'MSE - std': 320870.534250872, 'R2 - mean': 0.6259027763093727, 'R2 - std': 0.05815839002046287}
Train time: 0.2951110815999982
Inference time: 0.012475185999994665
Finished cross validation
Hyperparam was saved!!! Hurrah!!!
Trial 27 finished with value: 2139150.1344725653 and parameters: {'max_depth': 6, 'n_estimators': 10}. Best is trial 12 with value: 1583511.4247476007.
Saved Losses
{'MSE - mean': 2815221.1157224197, 'MSE - std': 0.0, 'R2 - mean': 0.5128658309341043, 'R2 - std': 0.0} 
 

Saved Losses
{'MSE - mean': 3121613.8471953357, 'MSE - std': 306392.7314729162, 'R2 - mean': 0.45430401328355857, 'R2 - std': 0.058561817650545744} 
 

Saved Losses
{'MSE - mean': 3053643.228495883, 'MSE - std': 268000.64790791564, 'R2 - mean': 0.465501674619518, 'R2 - std': 0.05036962937273674} 
 

Saved Losses
{'MSE - mean': 3143739.034056676, 'MSE - std': 279678.4278385478, 'R2 - mean': 0.44958098765687826, 'R2 - std': 0.051606486922161764} 
 

Saved Losses
{'MSE - mean': 3038210.9472810193, 'MSE - std': 327293.0289399935, 'R2 - mean': 0.4687513253280319, 'R2 - std': 0.06000492462841705} 
 

Saving model.....
Results After CV: {'MSE - mean': 3038210.9472810193, 'MSE - std': 327293.0289399935, 'R2 - mean': 0.4687513253280319, 'R2 - std': 0.06000492462841705}
Train time: 0.7972577756000078
Inference time: 0.023619223999980933
Finished cross validation
Hyperparam was saved!!! Hurrah!!!
Trial 28 finished with value: 3038210.9472810193 and parameters: {'max_depth': 3, 'n_estimators': 47}. Best is trial 12 with value: 1583511.4247476007.
Saved Losses
{'MSE - mean': 1705905.83662149, 'MSE - std': 0.0, 'R2 - mean': 0.7048171393762706, 'R2 - std': 0.0} 
 

Saved Losses
{'MSE - mean': 2009210.6158290654, 'MSE - std': 303304.7792075755, 'R2 - mean': 0.6485939848700752, 'R2 - std': 0.056223154506195305} 
 

Saved Losses
{'MSE - mean': 1897641.657792422, 'MSE - std': 293640.0134885151, 'R2 - mean': 0.6677619963575293, 'R2 - std': 0.053312169316064} 
 

Saved Losses
{'MSE - mean': 1911367.7269755849, 'MSE - std': 255408.61000916632, 'R2 - mean': 0.6652937458359433, 'R2 - std': 0.04636720101322093} 
 

Saved Losses
{'MSE - mean': 1849928.7878189224, 'MSE - std': 259395.1029457493, 'R2 - mean': 0.6764875074913951, 'R2 - std': 0.047128919612448146} 
 

Saving model.....
Results After CV: {'MSE - mean': 1849928.7878189224, 'MSE - std': 259395.1029457493, 'R2 - mean': 0.6764875074913951, 'R2 - std': 0.047128919612448146}
Train time: 2.6102114236000036
Inference time: 0.031047382000008384
Finished cross validation
Hyperparam was saved!!! Hurrah!!!
