Trial 83 finished with value: 1590139.0058924772 and parameters: {'max_depth': 12, 'n_estimators': 93}. Best is trial 12 with value: 1583511.4247476007.
Saved Losses
{'MSE - mean': 1435911.9152359762, 'MSE - std': 0.0, 'R2 - mean': 0.7515357661343767, 'R2 - std': 0.0} 
 

Saved Losses
{'MSE - mean': 1763856.7547165612, 'MSE - std': 327944.83948058507, 'R2 - mean': 0.6914060083924936, 'R2 - std': 0.060129757741883116} 
 

Saved Losses
{'MSE - mean': 1680687.1959075097, 'MSE - std': 292460.07622628164, 'R2 - mean': 0.7056732988945056, 'R2 - std': 0.05308015637319318} 
 

Saved Losses
{'MSE - mean': 1691315.471438649, 'MSE - std': 253945.96445308853, 'R2 - mean': 0.7037732945074329, 'R2 - std': 0.04608641123438304} 
 

Saved Losses
{'MSE - mean': 1638518.8216979825, 'MSE - std': 250481.1114335011, 'R2 - mean': 0.7134166375095848, 'R2 - std': 0.045509802212274464} 
 

Saving model.....
Results After CV: {'MSE - mean': 1638518.8216979825, 'MSE - std': 250481.1114335011, 'R2 - mean': 0.7134166375095848, 'R2 - std': 0.045509802212274464}
Train time: 3.1321853336000003
Inference time: 0.033269473999962426
Finished cross validation
Hyperparam was saved!!! Hurrah!!!
Trial 84 finished with value: 1638518.8216979825 and parameters: {'max_depth': 11, 'n_estimators': 73}. Best is trial 12 with value: 1583511.4247476007.
Saved Losses
{'MSE - mean': 1438817.9922172423, 'MSE - std': 0.0, 'R2 - mean': 0.7510329106436998, 'R2 - std': 0.0} 
 

Saved Losses
{'MSE - mean': 1748840.0855302543, 'MSE - std': 310022.09331301204, 'R2 - mean': 0.6940577108398924, 'R2 - std': 0.05697519980380744} 
 

Saved Losses
{'MSE - mean': 1662400.806076645, 'MSE - std': 281103.71210588154, 'R2 - mean': 0.7088935429733997, 'R2 - std': 0.05103253300895157} 
 

Saved Losses
{'MSE - mean': 1688525.2340270248, 'MSE - std': 247612.4591513592, 'R2 - mean': 0.7042743558965614, 'R2 - std': 0.04491380897602412} 
 

Saved Losses
{'MSE - mean': 1638862.0688558072, 'MSE - std': 242724.666733485, 'R2 - mean': 0.7133699845486369, 'R2 - std': 0.04409900261563358} 
 

Saving model.....
Results After CV: {'MSE - mean': 1638862.0688558072, 'MSE - std': 242724.666733485, 'R2 - mean': 0.7133699845486369, 'R2 - std': 0.04409900261563358}
Train time: 4.037607640600027
Inference time: 0.03589608800002679
Finished cross validation
Hyperparam was saved!!! Hurrah!!!
Trial 85 finished with value: 1638862.0688558072 and parameters: {'max_depth': 12, 'n_estimators': 86}. Best is trial 12 with value: 1583511.4247476007.
Saved Losses
{'MSE - mean': 1528800.3647912242, 'MSE - std': 0.0, 'R2 - mean': 0.7354627346281806, 'R2 - std': 0.0} 
 

Saved Losses
{'MSE - mean': 1823102.53998634, 'MSE - std': 294302.17519511585, 'R2 - mean': 0.6811129500517596, 'R2 - std': 0.05434978457642087} 
 

Saved Losses
{'MSE - mean': 1729426.2430199098, 'MSE - std': 274395.7193113686, 'R2 - mean': 0.6971891674428404, 'R2 - std': 0.04986136366847061} 
 

Saved Losses
{'MSE - mean': 1763461.6592432642, 'MSE - std': 244836.65320942746, 'R2 - mean': 0.6911740396600181, 'R2 - std': 0.04442028789743103} 
 

Saved Losses
{'MSE - mean': 1692338.9465379636, 'MSE - std': 261131.67263677088, 'R2 - mean': 0.7040143371229701, 'R2 - std': 0.04730774288909688} 
 

Saving model.....
Results After CV: {'MSE - mean': 1692338.9465379636, 'MSE - std': 261131.67263677088, 'R2 - mean': 0.7040143371229701, 'R2 - std': 0.04730774288909688}
Train time: 3.102167910199978
Inference time: 0.03305264359996727
Finished cross validation
Hyperparam was saved!!! Hurrah!!!
Trial 86 finished with value: 1692338.9465379636 and parameters: {'max_depth': 10, 'n_estimators': 79}. Best is trial 12 with value: 1583511.4247476007.
Saved Losses
{'MSE - mean': 1678306.18555442, 'MSE - std': 0.0, 'R2 - mean': 0.7095928683639439, 'R2 - std': 0.0} 
 

Saved Losses
{'MSE - mean': 1967448.0137701107, 'MSE - std': 289141.82821569056, 'R2 - mean': 0.6559108731447878, 'R2 - std': 0.053681995219156065} 
 

Saved Losses
{'MSE - mean': 1834534.1336549956, 'MSE - std': 301773.97215540597, 'R2 - mean': 0.6788296275793314, 'R2 - std': 0.054513389946582336} 
 

Saved Losses
{'MSE - mean': 1862891.8868697719, 'MSE - std': 265919.41299011867, 'R2 - mean': 0.6737951224054107, 'R2 - std': 0.04800855121371409} 
 

Saved Losses
{'MSE - mean': 1796060.9994042483, 'MSE - std': 272829.57581927464, 'R2 - mean': 0.685910111658349, 'R2 - std': 0.0493046514043765} 
 

Saving model.....
Results After CV: {'MSE - mean': 1796060.9994042483, 'MSE - std': 272829.57581927464, 'R2 - mean': 0.685910111658349, 'R2 - std': 0.0493046514043765}
Train time: 0.557432950599923
Inference time: 0.013466417200015712
Finished cross validation
Hyperparam was saved!!! Hurrah!!!
Trial 87 finished with value: 1796060.9994042483 and parameters: {'max_depth': 9, 'n_estimators': 14}. Best is trial 12 with value: 1583511.4247476007.
Saved Losses
{'MSE - mean': 1841182.7025701571, 'MSE - std': 0.0, 'R2 - mean': 0.6814093923542991, 'R2 - std': 0.0} 
 

Saved Losses
{'MSE - mean': 2164163.7168464577, 'MSE - std': 322981.0142763003, 'R2 - mean': 0.621499076251675, 'R2 - std': 0.05991031610262404} 
 

Saved Losses
{'MSE - mean': 2024272.9855226527, 'MSE - std': 329671.53927697445, 'R2 - mean': 0.6456040685175531, 'R2 - std': 0.05962325011788867} 
 

Saved Losses
{'MSE - mean': 2035680.3959126915, 'MSE - std': 286186.7919600023, 'R2 - mean': 0.6435347018002384, 'R2 - std': 0.0517594996285457} 
 

Saved Losses
{'MSE - mean': 1960341.56281775, 'MSE - std': 297028.7242041009, 'R2 - mean': 0.6571754289745384, 'R2 - std': 0.05373559707319428} 
 

Saving model.....
Results After CV: {'MSE - mean': 1960341.56281775, 'MSE - std': 297028.7242041009, 'R2 - mean': 0.6571754289745384, 'R2 - std': 0.05373559707319428}
Train time: 2.440777350799999
Inference time: 0.03608206599992627
Finished cross validation
Hyperparam was saved!!! Hurrah!!!
Trial 88 finished with value: 1960341.56281775 and parameters: {'max_depth': 7, 'n_estimators': 93}. Best is trial 12 with value: 1583511.4247476007.
Saved Losses
{'MSE - mean': 1968967.9983119536, 'MSE - std': 0.0, 'R2 - mean': 0.659297955525279, 'R2 - std': 0.0} 
 

Saved Losses
{'MSE - mean': 2300242.4913714435, 'MSE - std': 331274.4930594901, 'R2 - mean': 0.5977190443340381, 'R2 - std': 0.06157891119124098} 
 

Saved Losses
{'MSE - mean': 2182929.87533079, 'MSE - std': 317311.1400489302, 'R2 - mean': 0.6178265682078412, 'R2 - std': 0.057763309303313706} 
 

Saved Losses
{'MSE - mean': 2173204.6160706603, 'MSE - std': 275315.2950752901, 'R2 - mean': 0.6194546116414648, 'R2 - std': 0.05010390705841223} 
 

Saved Losses
{'MSE - mean': 2092256.6897741999, 'MSE - std': 294701.67364421923, 'R2 - mean': 0.6341068011397024, 'R2 - std': 0.053545007520622044} 
 

Saving model.....
Results After CV: {'MSE - mean': 2092256.6897741999, 'MSE - std': 294701.67364421923, 'R2 - mean': 0.6341068011397024, 'R2 - std': 0.053545007520622044}
Train time: 1.8855530565999743
Inference time: 0.02952442639993933
Finished cross validation
Hyperparam was saved!!! Hurrah!!!
Trial 89 finished with value: 2092256.6897741999 and parameters: {'max_depth': 6, 'n_estimators': 72}. Best is trial 12 with value: 1583511.4247476007.
Saved Losses
{'MSE - mean': 1452564.8760609075, 'MSE - std': 0.0, 'R2 - mean': 0.7486542069599891, 'R2 - std': 0.0} 
 

Saved Losses
{'MSE - mean': 1715969.5630143485, 'MSE - std': 263404.6869534409, 'R2 - mean': 0.6998740633737028, 'R2 - std': 0.048780143586286184} 
 

Saved Losses
{'MSE - mean': 1630054.4426274549, 'MSE - std': 247017.20971398393, 'R2 - mean': 0.7146022125445466, 'R2 - std': 0.04494632014818392} 
 

Saved Losses
{'MSE - mean': 1654253.2424021203, 'MSE - std': 217990.53225487753, 'R2 - mean': 0.7103101268294258, 'R2 - std': 0.039628206753587955} 
 

Saved Losses
{'MSE - mean': 1590471.7599758147, 'MSE - std': 232998.29983113674, 'R2 - mean': 0.7218427725036627, 'R2 - std': 0.04228857388697404} 
 

Saving model.....
Results After CV: {'MSE - mean': 1590471.7599758147, 'MSE - std': 232998.29983113674, 'R2 - mean': 0.7218427725036627, 'R2 - std': 0.04228857388697404}
Train time: 3.016176793600016
Inference time: 0.030979395399981513
Finished cross validation
Hyperparam was saved!!! Hurrah!!!
Trial 90 finished with value: 1590471.7599758147 and parameters: {'max_depth': 12, 'n_estimators': 64}. Best is trial 12 with value: 1583511.4247476007.
Saved Losses
{'MSE - mean': 1440029.3315123229, 'MSE - std': 0.0, 'R2 - mean': 0.7508233055232812, 'R2 - std': 0.0} 
 

Saved Losses
{'MSE - mean': 1725597.15488643, 'MSE - std': 285567.823374107, 'R2 - mean': 0.6981567225135765, 'R2 - std': 0.05266658300970468} 
 

Saved Losses
{'MSE - mean': 1630656.0018856954, 'MSE - std': 269060.6491059242, 'R2 - mean': 0.7144782655488696, 'R2 - std': 0.048805377211101654} 
 

Saved Losses
{'MSE - mean': 1675731.5663930778, 'MSE - std': 245745.0797471916, 'R2 - mean': 0.7065329403308878, 'R2 - std': 0.04445062667721271} 
 

Saved Losses
{'MSE - mean': 1624470.8858602208, 'MSE - std': 242534.83224215312, 'R2 - mean': 0.7158990324202301, 'R2 - std': 0.043949758744522345} 
 

Saving model.....
Results After CV: {'MSE - mean': 1624470.8858602208, 'MSE - std': 242534.83224215312, 'R2 - mean': 0.7158990324202301, 'R2 - std': 0.043949758744522345}
Train time: 2.983055756399972
Inference time: 0.030801018199963438
Finished cross validation
Hyperparam was saved!!! Hurrah!!!
Trial 91 finished with value: 1624470.8858602208 and parameters: {'max_depth': 12, 'n_estimators': 64}. Best is trial 12 with value: 1583511.4247476007.
Saved Losses
{'MSE - mean': 1504957.660550837, 'MSE - std': 0.0, 'R2 - mean': 0.7395883771411469, 'R2 - std': 0.0} 
 

Saved Losses
{'MSE - mean': 1801962.2401208947, 'MSE - std': 297004.5795700578, 'R2 - mean': 0.6848008035231121, 'R2 - std': 0.05478757361803477} 
 

Saved Losses
{'MSE - mean': 1716525.215110109, 'MSE - std': 270936.86351087753, 'R2 - mean': 0.699438432812865, 'R2 - std': 0.04929137041865967} 
 

Saved Losses
{'MSE - mean': 1729189.9917225416, 'MSE - std': 235661.36235446486, 'R2 - mean': 0.697170504161597, 'R2 - std': 0.04286793556277075} 
 

Saved Losses
{'MSE - mean': 1648511.071284002, 'MSE - std': 265453.1502505156, 'R2 - mean': 0.711662966928046, 'R2 - std': 0.048065099892528364} 
 

Saving model.....
Results After CV: {'MSE - mean': 1648511.071284002, 'MSE - std': 265453.1502505156, 'R2 - mean': 0.711662966928046, 'R2 - std': 0.048065099892528364}
Train time: 3.781432867199919
Inference time: 0.034633662799978995
Finished cross validation
Hyperparam was saved!!! Hurrah!!!
Trial 92 finished with value: 1648511.071284002 and parameters: {'max_depth': 11, 'n_estimators': 86}. Best is trial 12 with value: 1583511.4247476007.
Saved Losses
{'MSE - mean': 1418740.778304541, 'MSE - std': 0.0, 'R2 - mean': 0.7545069883500303, 'R2 - std': 0.0} 
 

Saved Losses
{'MSE - mean': 1738392.4842577036, 'MSE - std': 319651.70595316263, 'R2 - mean': 0.6958668434892141, 'R2 - std': 0.058640144860816146} 
 

Saved Losses
{'MSE - mean': 1671001.324214949, 'MSE - std': 277851.18135972443, 'R2 - mean': 0.7073676241017943, 'R2 - std': 0.05056659274918968} 
 

Saved Losses
{'MSE - mean': 1691730.7769631245, 'MSE - std': 243290.13516984694, 'R2 - mean': 0.7036984551803704, 'R2 - std': 0.044250690711203945} 
 

Saved Losses
{'MSE - mean': 1621594.8827861322, 'MSE - std': 258898.13924552442, 'R2 - mean': 0.716355161092628, 'R2 - std': 0.0469815678849951} 
 

Saving model.....
Results After CV: {'MSE - mean': 1621594.8827861322, 'MSE - std': 258898.13924552442, 'R2 - mean': 0.716355161092628, 'R2 - std': 0.0469815678849951}
Train time: 4.119786473199975
Inference time: 0.03966531459996077
Finished cross validation
Hyperparam was saved!!! Hurrah!!!
Trial 93 finished with value: 1621594.8827861322 and parameters: {'max_depth': 12, 'n_estimators': 93}. Best is trial 12 with value: 1583511.4247476007.
Saved Losses
{'MSE - mean': 1498378.1523104052, 'MSE - std': 0.0, 'R2 - mean': 0.7407268679196031, 'R2 - std': 0.0} 
 

Saved Losses
{'MSE - mean': 1833885.7834430076, 'MSE - std': 335507.6311326026, 'R2 - mean': 0.6791629692849466, 'R2 - std': 0.0615638986346565} 
 

Saved Losses
{'MSE - mean': 1715836.7521830872, 'MSE - std': 320803.2542358088, 'R2 - mean': 0.699536105138496, 'R2 - std': 0.05793851688712667} 
 

Saved Losses
{'MSE - mean': 1705673.5811682912, 'MSE - std': 278380.8831106075, 'R2 - mean': 0.7012736634996958, 'R2 - std': 0.05026640161664273} 
 

Saved Losses
{'MSE - mean': 1637626.762496117, 'MSE - std': 283757.31002173014, 'R2 - mean': 0.7135678007852413, 'R2 - std': 0.05124404503522203} 
 

Saving model.....
Results After CV: {'MSE - mean': 1637626.762496117, 'MSE - std': 283757.31002173014, 'R2 - mean': 0.7135678007852413, 'R2 - std': 0.05124404503522203}
Train time: 2.4402915154000313
Inference time: 0.026359969199984335
Finished cross validation
Hyperparam was saved!!! Hurrah!!!
Trial 94 finished with value: 1637626.762496117 and parameters: {'max_depth': 11, 'n_estimators': 58}. Best is trial 12 with value: 1583511.4247476007.
Saved Losses
{'MSE - mean': 1423001.2508101435, 'MSE - std': 0.0, 'R2 - mean': 0.7537697738831971, 'R2 - std': 0.0} 
 

Saved Losses
{'MSE - mean': 1717475.9482323574, 'MSE - std': 294474.69742221385, 'R2 - mean': 0.6995607115442637, 'R2 - std': 0.054209062338933356} 
 

Saved Losses
{'MSE - mean': 1633485.7248030219, 'MSE - std': 268177.081194539, 'R2 - mean': 0.7139673298572715, 'R2 - std': 0.04872558803008567} 
 

Saved Losses
{'MSE - mean': 1657123.031170942, 'MSE - std': 235829.1265206856, 'R2 - mean': 0.7097820445118033, 'R2 - std': 0.04281573352083546} 
 

Saved Losses
{'MSE - mean': 1586941.782317855, 'MSE - std': 253365.215242194, 'R2 - mean': 0.72243258587267, 'R2 - std': 0.04589874090248826} 
 

Saving model.....
Results After CV: {'MSE - mean': 1586941.782317855, 'MSE - std': 253365.215242194, 'R2 - mean': 0.72243258587267, 'R2 - std': 0.04589874090248826}
Train time: 3.5865793636000034
Inference time: 0.03650689340001918
Finished cross validation
Hyperparam was saved!!! Hurrah!!!
Trial 95 finished with value: 1586941.782317855 and parameters: {'max_depth': 12, 'n_estimators': 81}. Best is trial 12 with value: 1583511.4247476007.
Saved Losses
{'MSE - mean': 1437101.8117821615, 'MSE - std': 0.0, 'R2 - mean': 0.7513298713781662, 'R2 - std': 0.0} 
 

Saved Losses
{'MSE - mean': 1730535.6563261, 'MSE - std': 293433.8445439385, 'R2 - mean': 0.697281473079656, 'R2 - std': 0.05404839829851016} 
 

Saved Losses
{'MSE - mean': 1645174.2584065816, 'MSE - std': 268282.34615563677, 'R2 - mean': 0.7119244384224337, 'R2 - std': 0.048747503599150324} 
 

Saved Losses
{'MSE - mean': 1661505.7056749435, 'MSE - std': 234054.93255583727, 'R2 - mean': 0.7090179607121161, 'R2 - std': 0.04251566968076123} 
 

Saved Losses
{'MSE - mean': 1612376.1919899082, 'MSE - std': 231257.8768878723, 'R2 - mean': 0.7180111126563677, 'R2 - std': 0.04206629128283677} 
 

Saving model.....
Results After CV: {'MSE - mean': 1612376.1919899082, 'MSE - std': 231257.8768878723, 'R2 - mean': 0.7180111126563677, 'R2 - std': 0.04206629128283677}
Train time: 3.6556305598000565
Inference time: 0.032631414000024964
Finished cross validation
Hyperparam was saved!!! Hurrah!!!
Trial 96 finished with value: 1612376.1919899082 and parameters: {'max_depth': 12, 'n_estimators': 79}. Best is trial 12 with value: 1583511.4247476007.
Saved Losses
{'MSE - mean': 1526056.948129469, 'MSE - std': 0.0, 'R2 - mean': 0.7359374440527662, 'R2 - std': 0.0} 
 

Saved Losses
{'MSE - mean': 1851233.3107339917, 'MSE - std': 325176.3626045226, 'R2 - mean': 0.6761498762286147, 'R2 - std': 0.05978756782415151} 
 

Saved Losses
{'MSE - mean': 1749107.020058982, 'MSE - std': 302246.0416479898, 'R2 - mean': 0.6937177606576942, 'R2 - std': 0.05477496360119292} 
 

Saved Losses
{'MSE - mean': 1765955.491583192, 'MSE - std': 263374.4772126091, 'R2 - mean': 0.6907197760452461, 'R2 - std': 0.047719872310636305} 
 

Saved Losses
{'MSE - mean': 1700894.4114385154, 'MSE - std': 269118.3174664634, 'R2 - mean': 0.7025110062638695, 'R2 - std': 0.04876352541550973} 
 

Saving model.....
Results After CV: {'MSE - mean': 1700894.4114385154, 'MSE - std': 269118.3174664634, 'R2 - mean': 0.7025110062638695, 'R2 - std': 0.04876352541550973}
Train time: 3.5938365463999618
Inference time: 0.04004482319996896
Finished cross validation
Hyperparam was saved!!! Hurrah!!!
Trial 97 finished with value: 1700894.4114385154 and parameters: {'max_depth': 10, 'n_estimators': 94}. Best is trial 12 with value: 1583511.4247476007.
Saved Losses
{'MSE - mean': 1502868.6340338946, 'MSE - std': 0.0, 'R2 - mean': 0.7399498536130318, 'R2 - std': 0.0} 
 

Saved Losses
{'MSE - mean': 1791394.4730930328, 'MSE - std': 288525.8390591381, 'R2 - mean': 0.6866602142706334, 'R2 - std': 0.05328963934239839} 
 

Saved Losses
{'MSE - mean': 1701445.0212001645, 'MSE - std': 267731.04849489284, 'R2 - mean': 0.7020883127807004, 'R2 - std': 0.04867486916367894} 
 

Saved Losses
{'MSE - mean': 1739107.9766157337, 'MSE - std': 240863.92502414397, 'R2 - mean': 0.6954384743603925, 'R2 - std': 0.04369889265329911} 
 

Saved Losses
{'MSE - mean': 1664405.8940603205, 'MSE - std': 262171.6019230388, 'R2 - mean': 0.7088941560876927, 'R2 - std': 0.04745414690293416} 
 

Saving model.....
Results After CV: {'MSE - mean': 1664405.8940603205, 'MSE - std': 262171.6019230388, 'R2 - mean': 0.7088941560876927, 'R2 - std': 0.04745414690293416}
Train time: 3.529981261799958
Inference time: 0.03670587779997732
Finished cross validation
Hyperparam was saved!!! Hurrah!!!
Trial 98 finished with value: 1664405.8940603205 and parameters: {'max_depth': 11, 'n_estimators': 86}. Best is trial 12 with value: 1583511.4247476007.
Saved Losses
{'MSE - mean': 2756597.1938350005, 'MSE - std': 0.0, 'R2 - mean': 0.5230098708876707, 'R2 - std': 0.0} 
 

Saved Losses
{'MSE - mean': 3074614.4324265034, 'MSE - std': 318017.2385915029, 'R2 - mean': 0.4624938166624271, 'R2 - std': 0.06051605422524359} 
 

Saved Losses
{'MSE - mean': 3013739.134280653, 'MSE - std': 273559.70684587734, 'R2 - mean': 0.47246591656781267, 'R2 - std': 0.051384311150139944} 
 

Saved Losses
{'MSE - mean': 3110739.228161584, 'MSE - std': 290436.2917163247, 'R2 - mean': 0.45534237639483566, 'R2 - std': 0.0534781026070248} 
 

Saved Losses
{'MSE - mean': 3047330.679439311, 'MSE - std': 289076.4048500046, 'R2 - mean': 0.4671886356806688, 'R2 - std': 0.053378473217456604} 
 

Saving model.....
Results After CV: {'MSE - mean': 3047330.679439311, 'MSE - std': 289076.4048500046, 'R2 - mean': 0.4671886356806688, 'R2 - std': 0.053378473217456604}
Train time: 0.5973556915999779
Inference time: 0.042132846999948015
Finished cross validation
Hyperparam was saved!!! Hurrah!!!
Trial 99 finished with value: 3047330.679439311 and parameters: {'max_depth': 3, 'n_estimators': 30}. Best is trial 12 with value: 1583511.4247476007.
Saved Losses
{'MSE - mean': 2142713.825004707, 'MSE - std': 0.0, 'R2 - mean': 0.6292336993139431, 'R2 - std': 0.0} 
 

Saved Losses
{'MSE - mean': 2450362.8818476694, 'MSE - std': 307649.0568429625, 'R2 - mean': 0.5715382265204638, 'R2 - std': 0.05769547279347931} 
 

Saved Losses
{'MSE - mean': 2339067.839540073, 'MSE - std': 296431.78136305744, 'R2 - mean': 0.5905336730093588, 'R2 - std': 0.054229441836211256} 
 

Saved Losses
{'MSE - mean': 2340995.6551026413, 'MSE - std': 256739.16758080843, 'R2 - mean': 0.5901038307983502, 'R2 - std': 0.04696997513709539} 
 

Saved Losses
{'MSE - mean': 2257000.5662959786, 'MSE - std': 284521.87949369726, 'R2 - mean': 0.6053246468472515, 'R2 - std': 0.05188097740291187} 
 

Saving model.....
Results After CV: {'MSE - mean': 2257000.5662959786, 'MSE - std': 284521.87949369726, 'R2 - mean': 0.6053246468472515, 'R2 - std': 0.05188097740291187}
Train time: 1.5810806926000622
Inference time: 0.02732902419998027
Finished cross validation
Hyperparam was saved!!! Hurrah!!!
Trial 100 finished with value: 2257000.5662959786 and parameters: {'max_depth': 5, 'n_estimators': 67}. Best is trial 12 with value: 1583511.4247476007.
Saved Losses
{'MSE - mean': 1486264.4796571478, 'MSE - std': 0.0, 'R2 - mean': 0.7428229675223395, 'R2 - std': 0.0} 
 

Saved Losses
{'MSE - mean': 1750855.8027190035, 'MSE - std': 264591.32306185586, 'R2 - mean': 0.6937791445147234, 'R2 - std': 0.049043823007616005} 
 

Saved Losses
{'MSE - mean': 1644145.1371035508, 'MSE - std': 263527.4390620483, 'R2 - mean': 0.7121478519451392, 'R2 - std': 0.04773206338996185} 
 

Saved Losses
{'MSE - mean': 1657990.4415612652, 'MSE - std': 229477.90900331037, 'R2 - mean': 0.7096662036548618, 'R2 - std': 0.04156005463552007} 
 

Saved Losses
{'MSE - mean': 1597589.6629719227, 'MSE - std': 238161.929773044, 'R2 - mean': 0.7206103371387196, 'R2 - std': 0.04313799652158088} 
 

Saving model.....
Results After CV: {'MSE - mean': 1597589.6629719227, 'MSE - std': 238161.929773044, 'R2 - mean': 0.7206103371387196, 'R2 - std': 0.04313799652158088}
Train time: 3.296220962999951
Inference time: 0.03405148859997098
Finished cross validation
Hyperparam was saved!!! Hurrah!!!
