Trial 101 finished with value: 1597589.6629719227 and parameters: {'max_depth': 12, 'n_estimators': 71}. Best is trial 12 with value: 1583511.4247476007.
Saved Losses
{'MSE - mean': 1483037.4855742054, 'MSE - std': 0.0, 'R2 - mean': 0.7433813531753866, 'R2 - std': 0.0} 
 

Saved Losses
{'MSE - mean': 1727032.5578921859, 'MSE - std': 243995.07231798046, 'R2 - mean': 0.6979732695691576, 'R2 - std': 0.045408083606228944} 
 

Saved Losses
{'MSE - mean': 1628824.4313295304, 'MSE - std': 242855.38040062197, 'R2 - mean': 0.7148453906231622, 'R2 - std': 0.0440900552912123} 
 

Saved Losses
{'MSE - mean': 1661537.194796122, 'MSE - std': 217817.41556407197, 'R2 - mean': 0.7090546335470835, 'R2 - std': 0.03947845405064746} 
 

Saved Losses
{'MSE - mean': 1595904.7897129704, 'MSE - std': 234916.98875646462, 'R2 - mean': 0.7209068613858107, 'R2 - std': 0.04252928269260682} 
 

Saving model.....
Results After CV: {'MSE - mean': 1595904.7897129704, 'MSE - std': 234916.98875646462, 'R2 - mean': 0.7209068613858107, 'R2 - std': 0.04252928269260682}
Train time: 3.65997355340005
Inference time: 0.03250777400003244
Finished cross validation
Hyperparam was saved!!! Hurrah!!!
Trial 102 finished with value: 1595904.7897129704 and parameters: {'max_depth': 12, 'n_estimators': 81}. Best is trial 12 with value: 1583511.4247476007.
Saved Losses
{'MSE - mean': 1436569.157201772, 'MSE - std': 0.0, 'R2 - mean': 0.751422039714418, 'R2 - std': 0.0} 
 

Saved Losses
{'MSE - mean': 1736175.467069663, 'MSE - std': 299606.309867891, 'R2 - mean': 0.6962864769818411, 'R2 - std': 0.055135562732576915} 
 

Saved Losses
{'MSE - mean': 1642719.4088452489, 'MSE - std': 278048.01188426674, 'R2 - mean': 0.7123518902718232, 'R2 - std': 0.05042633432623423} 
 

Saved Losses
{'MSE - mean': 1660992.8158692657, 'MSE - std': 242867.813629948, 'R2 - mean': 0.7091058236827165, 'R2 - std': 0.044030923679711814} 
 

Saved Losses
{'MSE - mean': 1606065.1530517102, 'MSE - std': 243425.57895239614, 'R2 - mean': 0.7191066999097929, 'R2 - std': 0.044170667793322974} 
 

Saving model.....
Results After CV: {'MSE - mean': 1606065.1530517102, 'MSE - std': 243425.57895239614, 'R2 - mean': 0.7191066999097929, 'R2 - std': 0.044170667793322974}
Train time: 2.3657492346000253
Inference time: 0.024325927400013825
Finished cross validation
Hyperparam was saved!!! Hurrah!!!
Trial 103 finished with value: 1606065.1530517102 and parameters: {'max_depth': 12, 'n_estimators': 51}. Best is trial 12 with value: 1583511.4247476007.
Saved Losses
{'MSE - mean': 1421811.2572085944, 'MSE - std': 0.0, 'R2 - mean': 0.7539756854334647, 'R2 - std': 0.0} 
 

Saved Losses
{'MSE - mean': 1780269.5834575794, 'MSE - std': 358458.3262489849, 'R2 - mean': 0.6884900961109269, 'R2 - std': 0.06548558932253778} 
 

Saved Losses
{'MSE - mean': 1654262.8848864457, 'MSE - std': 342661.5783457621, 'R2 - mean': 0.7102877179134542, 'R2 - std': 0.06171856207904889} 
 

Saved Losses
{'MSE - mean': 1679950.739075044, 'MSE - std': 300070.5175692052, 'R2 - mean': 0.7057529473585163, 'R2 - std': 0.05402386612217654} 
 

Saved Losses
{'MSE - mean': 1627251.0982343124, 'MSE - std': 288345.0380886915, 'R2 - mean': 0.7153784457385719, 'R2 - std': 0.05201406891300943} 
 

Saving model.....
Results After CV: {'MSE - mean': 1627251.0982343124, 'MSE - std': 288345.0380886915, 'R2 - mean': 0.7153784457385719, 'R2 - std': 0.05201406891300943}
Train time: 3.4323985915999855
Inference time: 0.030649722999987715
Finished cross validation
Hyperparam was saved!!! Hurrah!!!
Trial 104 finished with value: 1627251.0982343124 and parameters: {'max_depth': 12, 'n_estimators': 73}. Best is trial 12 with value: 1583511.4247476007.
Saved Losses
{'MSE - mean': 1438291.7150760647, 'MSE - std': 0.0, 'R2 - mean': 0.7511239754543586, 'R2 - std': 0.0} 
 

Saved Losses
{'MSE - mean': 1763219.2124759187, 'MSE - std': 324927.4973998541, 'R2 - mean': 0.6915222379266011, 'R2 - std': 0.05960173752775755} 
 

Saved Losses
{'MSE - mean': 1692057.289217497, 'MSE - std': 283748.64056302217, 'R2 - mean': 0.7036805542466079, 'R2 - std': 0.051612925277425954} 
 

Saved Losses
{'MSE - mean': 1714145.279329297, 'MSE - std': 248693.80005854444, 'R2 - mean': 0.6997728011247091, 'R2 - std': 0.04520765582459454} 
 

Saved Losses
{'MSE - mean': 1644427.1176960974, 'MSE - std': 262528.8045074278, 'R2 - mean': 0.7123631150361367, 'R2 - std': 0.04763454349185216} 
 

Saving model.....
Results After CV: {'MSE - mean': 1644427.1176960974, 'MSE - std': 262528.8045074278, 'R2 - mean': 0.7123631150361367, 'R2 - std': 0.04763454349185216}
Train time: 2.296317371799978
Inference time: 0.0264216800000213
Finished cross validation
Hyperparam was saved!!! Hurrah!!!
Trial 105 finished with value: 1644427.1176960974 and parameters: {'max_depth': 11, 'n_estimators': 55}. Best is trial 12 with value: 1583511.4247476007.
Saved Losses
{'MSE - mean': 1543680.755511902, 'MSE - std': 0.0, 'R2 - mean': 0.7328878936224029, 'R2 - std': 0.0} 
 

Saved Losses
{'MSE - mean': 1859949.4510110058, 'MSE - std': 316268.69549910363, 'R2 - mean': 0.6746419813166287, 'R2 - std': 0.058245912305774195} 
 

Saved Losses
{'MSE - mean': 1771687.5292178316, 'MSE - std': 286817.4660750607, 'R2 - mean': 0.6897691403059442, 'R2 - std': 0.05214773320478417} 
 

Saved Losses
{'MSE - mean': 1779409.0297017095, 'MSE - std': 248750.99767328883, 'R2 - mean': 0.6883683743124638, 'R2 - std': 0.04522638604734503} 
 

Saved Losses
{'MSE - mean': 1716847.6992907585, 'MSE - std': 255259.33347464097, 'R2 - mean': 0.6997280028495443, 'R2 - std': 0.04639510144319769} 
 

Saving model.....
Results After CV: {'MSE - mean': 1716847.6992907585, 'MSE - std': 255259.33347464097, 'R2 - mean': 0.6997280028495443, 'R2 - std': 0.04639510144319769}
Train time: 3.2557532821999304
Inference time: 0.03439175159996921
Finished cross validation
Hyperparam was saved!!! Hurrah!!!
Trial 106 finished with value: 1716847.6992907585 and parameters: {'max_depth': 10, 'n_estimators': 81}. Best is trial 12 with value: 1583511.4247476007.
Saved Losses
{'MSE - mean': 1447297.6662449099, 'MSE - std': 0.0, 'R2 - mean': 0.749565623069609, 'R2 - std': 0.0} 
 

Saved Losses
{'MSE - mean': 1747809.6230724584, 'MSE - std': 300511.9568275487, 'R2 - mean': 0.6942530674832723, 'R2 - std': 0.0553125555863368} 
 

Saved Losses
{'MSE - mean': 1662929.0546223286, 'MSE - std': 273156.32752153004, 'R2 - mean': 0.7088104897230009, 'R2 - std': 0.04963355338403529} 
 

Saved Losses
{'MSE - mean': 1686268.9265656453, 'MSE - std': 239989.6525181415, 'R2 - mean': 0.7046768167898334, 'R2 - std': 0.04357612846386898} 
 

Saved Losses
{'MSE - mean': 1619964.3853666573, 'MSE - std': 252311.70283412503, 'R2 - mean': 0.7166619309609008, 'R2 - std': 0.04575669376488831} 
 

Saving model.....
Results After CV: {'MSE - mean': 1619964.3853666573, 'MSE - std': 252311.70283412503, 'R2 - mean': 0.7166619309609008, 'R2 - std': 0.04575669376488831}
Train time: 2.684917259399981
Inference time: 0.029117721800002983
Finished cross validation
Hyperparam was saved!!! Hurrah!!!
Trial 107 finished with value: 1619964.3853666573 and parameters: {'max_depth': 12, 'n_estimators': 61}. Best is trial 12 with value: 1583511.4247476007.
Saved Losses
{'MSE - mean': 1473529.2511241434, 'MSE - std': 0.0, 'R2 - mean': 0.745026618572924, 'R2 - std': 0.0} 
 

Saved Losses
{'MSE - mean': 1764612.701495224, 'MSE - std': 291083.45037108054, 'R2 - mean': 0.6913336040166184, 'R2 - std': 0.053693014556305596} 
 

Saved Losses
{'MSE - mean': 1637975.9777406957, 'MSE - std': 297590.49546849367, 'R2 - mean': 0.7132099796871484, 'R2 - std': 0.053657352708820334} 
 

Saved Losses
{'MSE - mean': 1676467.6024908475, 'MSE - std': 266204.60697104235, 'R2 - mean': 0.7064146780039082, 'R2 - std': 0.047936019856552596} 
 

Saved Losses
{'MSE - mean': 1619005.0614266517, 'MSE - std': 264385.49264341884, 'R2 - mean': 0.7168564653040621, 'R2 - std': 0.04769080925961371} 
 

Saving model.....
Results After CV: {'MSE - mean': 1619005.0614266517, 'MSE - std': 264385.49264341884, 'R2 - mean': 0.7168564653040621, 'R2 - std': 0.04769080925961371}
Train time: 3.5939379168000416
Inference time: 0.03621822860000066
Finished cross validation
Hyperparam was saved!!! Hurrah!!!
Trial 108 finished with value: 1619005.0614266517 and parameters: {'max_depth': 11, 'n_estimators': 87}. Best is trial 12 with value: 1583511.4247476007.
Saved Losses
{'MSE - mean': 1445102.6474080908, 'MSE - std': 0.0, 'R2 - mean': 0.7499454400122947, 'R2 - std': 0.0} 
 

Saved Losses
{'MSE - mean': 1780235.626245, 'MSE - std': 335132.97883690905, 'R2 - mean': 0.688533756223553, 'R2 - std': 0.06141168378874168} 
 

Saved Losses
{'MSE - mean': 1656736.8303625335, 'MSE - std': 324622.82858455647, 'R2 - mean': 0.7098786346100621, 'R2 - std': 0.05852752290317771} 
 

Saved Losses
{'MSE - mean': 1686383.24437147, 'MSE - std': 285782.63631551614, 'R2 - mean': 0.7046441778834841, 'R2 - std': 0.051490793493145406} 
 

Saved Losses
{'MSE - mean': 1632429.540976147, 'MSE - std': 277455.1866803704, 'R2 - mean': 0.7144857937179808, 'R2 - std': 0.0500846389682332} 
 

Saving model.....
Results After CV: {'MSE - mean': 1632429.540976147, 'MSE - std': 277455.1866803704, 'R2 - mean': 0.7144857937179808, 'R2 - std': 0.0500846389682332}
Train time: 3.5163607354000304
Inference time: 0.03233858939993297
Finished cross validation
Hyperparam was saved!!! Hurrah!!!
Trial 109 finished with value: 1632429.540976147 and parameters: {'max_depth': 12, 'n_estimators': 77}. Best is trial 12 with value: 1583511.4247476007.
Saved Losses
{'MSE - mean': 1692166.5415881001, 'MSE - std': 0.0, 'R2 - mean': 0.7071945299237707, 'R2 - std': 0.0} 
 

Saved Losses
{'MSE - mean': 1983909.3431147074, 'MSE - std': 291742.80152660725, 'R2 - mean': 0.6530316393034026, 'R2 - std': 0.05416289062036822} 
 

Saved Losses
{'MSE - mean': 1866702.9057960522, 'MSE - std': 290202.12391755386, 'R2 - mean': 0.6731901580215451, 'R2 - std': 0.05261632415314402} 
 

Saved Losses
{'MSE - mean': 1913431.4506896064, 'MSE - std': 264033.3790798072, 'R2 - mean': 0.6649376276968535, 'R2 - std': 0.047756370735446495} 
 

Saved Losses
{'MSE - mean': 1834837.2233661073, 'MSE - std': 283688.40386760986, 'R2 - mean': 0.6791117591264058, 'R2 - std': 0.05126559044608792} 
 

Saving model.....
Results After CV: {'MSE - mean': 1834837.2233661073, 'MSE - std': 283688.40386760986, 'R2 - mean': 0.6791117591264058, 'R2 - std': 0.05126559044608792}
Train time: 0.4097436919999836
Inference time: 0.011472121999986484
Finished cross validation
Hyperparam was saved!!! Hurrah!!!
Trial 110 finished with value: 1834837.2233661073 and parameters: {'max_depth': 10, 'n_estimators': 10}. Best is trial 12 with value: 1583511.4247476007.
Saved Losses
{'MSE - mean': 1417527.1383986117, 'MSE - std': 0.0, 'R2 - mean': 0.7547169915585947, 'R2 - std': 0.0} 
 

Saved Losses
{'MSE - mean': 1757224.0064570308, 'MSE - std': 339696.8680584191, 'R2 - mean': 0.6925454310304169, 'R2 - std': 0.062171560528177905} 
 

Saved Losses
{'MSE - mean': 1670311.7627379214, 'MSE - std': 303375.6488728878, 'R2 - mean': 0.7074778654436541, 'R2 - std': 0.05498021299234712} 
 

Saved Losses
{'MSE - mean': 1700378.9443223807, 'MSE - std': 267842.66738531936, 'R2 - mean': 0.7021752517333671, 'R2 - std': 0.04849196842771453} 
 

Saved Losses
{'MSE - mean': 1621580.9608406483, 'MSE - std': 286754.6763015659, 'R2 - mean': 0.7163411660437509, 'R2 - std': 0.05180607410904732} 
 

Saving model.....
Results After CV: {'MSE - mean': 1621580.9608406483, 'MSE - std': 286754.6763015659, 'R2 - mean': 0.7163411660437509, 'R2 - std': 0.05180607410904732}
Train time: 4.13813483519998
Inference time: 0.0409896325999398
Finished cross validation
Hyperparam was saved!!! Hurrah!!!
Trial 111 finished with value: 1621580.9608406483 and parameters: {'max_depth': 11, 'n_estimators': 93}. Best is trial 12 with value: 1583511.4247476007.
Saved Losses
{'MSE - mean': 1452066.6203070043, 'MSE - std': 0.0, 'R2 - mean': 0.7487404230661785, 'R2 - std': 0.0} 
 

Saved Losses
{'MSE - mean': 1739143.1134699257, 'MSE - std': 287076.4931629215, 'R2 - mean': 0.6957884348398606, 'R2 - std': 0.05295198822631786} 
 

Saved Losses
{'MSE - mean': 1646627.5109794324, 'MSE - std': 268440.3385475165, 'R2 - mean': 0.7116811742580054, 'R2 - std': 0.04872816130164882} 
 

Saved Losses
{'MSE - mean': 1667881.6183059616, 'MSE - std': 235372.83775825074, 'R2 - mean': 0.7079093425170933, 'R2 - std': 0.04270252243047108} 
 

Saved Losses
{'MSE - mean': 1591555.257821741, 'MSE - std': 260044.51815519226, 'R2 - mean': 0.7216283073426526, 'R2 - std': 0.04702812266165477} 
 

Saving model.....
Results After CV: {'MSE - mean': 1591555.257821741, 'MSE - std': 260044.51815519226, 'R2 - mean': 0.7216283073426526, 'R2 - std': 0.04702812266165477}
Train time: 4.332856001399932
Inference time: 0.04346028279996972
Finished cross validation
Hyperparam was saved!!! Hurrah!!!
Trial 112 finished with value: 1591555.257821741 and parameters: {'max_depth': 12, 'n_estimators': 96}. Best is trial 12 with value: 1583511.4247476007.
Saved Losses
{'MSE - mean': 1478669.7093439938, 'MSE - std': 0.0, 'R2 - mean': 0.7441371350330486, 'R2 - std': 0.0} 
 

Saved Losses
{'MSE - mean': 1739993.2367757945, 'MSE - std': 261323.52743180073, 'R2 - mean': 0.6956816140450507, 'R2 - std': 0.04845552098799788} 
 

Saved Losses
{'MSE - mean': 1646915.507121119, 'MSE - std': 250706.17232450374, 'R2 - mean': 0.7116588859224621, 'R2 - std': 0.04556136641316831} 
 

Saved Losses
{'MSE - mean': 1670873.7346412325, 'MSE - std': 221047.9102568477, 'R2 - mean': 0.7074062146913648, 'R2 - std': 0.040138936456708026} 
 

Saved Losses
{'MSE - mean': 1614858.3266049456, 'MSE - std': 227245.78467602527, 'R2 - mean': 0.7175926396637786, 'R2 - std': 0.04127905511000688} 
 

Saving model.....
Results After CV: {'MSE - mean': 1614858.3266049456, 'MSE - std': 227245.78467602527, 'R2 - mean': 0.7175926396637786, 'R2 - std': 0.04127905511000688}
Train time: 3.742243399199924
Inference time: 0.03584510859996044
Finished cross validation
Hyperparam was saved!!! Hurrah!!!
Trial 113 finished with value: 1614858.3266049456 and parameters: {'max_depth': 12, 'n_estimators': 89}. Best is trial 12 with value: 1583511.4247476007.
Saved Losses
{'MSE - mean': 1499798.5857987406, 'MSE - std': 0.0, 'R2 - mean': 0.7404810820084399, 'R2 - std': 0.0} 
 

Saved Losses
{'MSE - mean': 1831096.810560238, 'MSE - std': 331298.2247614976, 'R2 - mean': 0.6796568816337054, 'R2 - std': 0.060824200374734405} 
 

Saved Losses
{'MSE - mean': 1725953.9756503813, 'MSE - std': 308678.4313043418, 'R2 - mean': 0.6977633074269122, 'R2 - std': 0.05587552425550055} 
 

Saved Losses
{'MSE - mean': 1749134.825737801, 'MSE - std': 270321.72664569196, 'R2 - mean': 0.6936585997879171, 'R2 - std': 0.04890911502496385} 
 

Saved Losses
{'MSE - mean': 1680460.3578255598, 'MSE - std': 278071.5715233837, 'R2 - mean': 0.7060744633763415, 'R2 - std': 0.05030204668406216} 
 

Saving model.....
Results After CV: {'MSE - mean': 1680460.3578255598, 'MSE - std': 278071.5715233837, 'R2 - mean': 0.7060744633763415, 'R2 - std': 0.05030204668406216}
Train time: 2.8013741283999933
Inference time: 0.029831107999916638
Finished cross validation
Hyperparam was saved!!! Hurrah!!!
Trial 114 finished with value: 1680460.3578255598 and parameters: {'max_depth': 11, 'n_estimators': 69}. Best is trial 12 with value: 1583511.4247476007.
Saved Losses
{'MSE - mean': 1519262.9515843352, 'MSE - std': 0.0, 'R2 - mean': 0.7371130489966077, 'R2 - std': 0.0} 
 

Saved Losses
{'MSE - mean': 1811152.4947650786, 'MSE - std': 291889.54318074335, 'R2 - mean': 0.6832039682563753, 'R2 - std': 0.05390908074023232} 
 

Saved Losses
{'MSE - mean': 1695928.5821050976, 'MSE - std': 288708.79857772234, 'R2 - mean': 0.7030642689495418, 'R2 - std': 0.0522141974123632} 
 

Saved Losses
{'MSE - mean': 1709610.5356524007, 'MSE - std': 251149.68712056076, 'R2 - mean': 0.7006138572069006, 'R2 - std': 0.0454175666641042} 
 

Saved Losses
{'MSE - mean': 1648619.3000054888, 'MSE - std': 255618.1831864725, 'R2 - mean': 0.7116771784965007, 'R2 - std': 0.04625789231232167} 
 

Saving model.....
Results After CV: {'MSE - mean': 1648619.3000054888, 'MSE - std': 255618.1831864725, 'R2 - mean': 0.7116771784965007, 'R2 - std': 0.04625789231232167}
Train time: 4.258639714400033
Inference time: 0.041234417999930884
Finished cross validation
Hyperparam was saved!!! Hurrah!!!
Trial 115 finished with value: 1648619.3000054888 and parameters: {'max_depth': 11, 'n_estimators': 96}. Best is trial 12 with value: 1583511.4247476007.
Saved Losses
{'MSE - mean': 1453172.5128127935, 'MSE - std': 0.0, 'R2 - mean': 0.748549064020214, 'R2 - std': 0.0} 
 

Saved Losses
{'MSE - mean': 1746308.0979883175, 'MSE - std': 293135.585175524, 'R2 - mean': 0.6945272453818736, 'R2 - std': 0.05402181863834049} 
 

Saved Losses
{'MSE - mean': 1653676.9408984194, 'MSE - std': 272849.24419617647, 'R2 - mean': 0.7104414734554808, 'R2 - std': 0.04951864870618687} 
 

Saved Losses
{'MSE - mean': 1670649.6105951772, 'MSE - std': 238116.03703598853, 'R2 - mean': 0.7074209419570864, 'R2 - std': 0.0432023524690894} 
 

Saved Losses
{'MSE - mean': 1604813.7756337863, 'MSE - std': 250393.34323266934, 'R2 - mean': 0.7193185851095704, 'R2 - std': 0.04538028489802756} 
 

Saving model.....
Results After CV: {'MSE - mean': 1604813.7756337863, 'MSE - std': 250393.34323266934, 'R2 - mean': 0.7193185851095704, 'R2 - std': 0.04538028489802756}
Train time: 3.738737802200012
Inference time: 0.034499867199974686
Finished cross validation
Hyperparam was saved!!! Hurrah!!!
Trial 116 finished with value: 1604813.7756337863 and parameters: {'max_depth': 12, 'n_estimators': 81}. Best is trial 12 with value: 1583511.4247476007.
Saved Losses
{'MSE - mean': 1391486.593889877, 'MSE - std': 0.0, 'R2 - mean': 0.7592229392230398, 'R2 - std': 0.0} 
 

Saved Losses
{'MSE - mean': 1717191.507779202, 'MSE - std': 325704.9138893251, 'R2 - mean': 0.6995598743216758, 'R2 - std': 0.05966306490136408} 
 

Saved Losses
{'MSE - mean': 1631043.94477559, 'MSE - std': 292515.41129319055, 'R2 - mean': 0.7143620603118347, 'R2 - std': 0.0530219793650781} 
 

Saved Losses
{'MSE - mean': 1648348.9856313756, 'MSE - std': 255092.81193338145, 'R2 - mean': 0.7112945439793628, 'R2 - std': 0.04622474111547863} 
 

Saved Losses
{'MSE - mean': 1591521.4500230965, 'MSE - std': 254902.6272389213, 'R2 - mean': 0.7216271863274586, 'R2 - std': 0.04622158959327418} 
 

Saving model.....
Results After CV: {'MSE - mean': 1591521.4500230965, 'MSE - std': 254902.6272389213, 'R2 - mean': 0.7216271863274586, 'R2 - std': 0.04622158959327418}
Train time: 4.313798819400017
Inference time: 0.041993636000006516
Finished cross validation
Hyperparam was saved!!! Hurrah!!!
Trial 117 finished with value: 1591521.4500230965 and parameters: {'max_depth': 12, 'n_estimators': 100}. Best is trial 12 with value: 1583511.4247476007.
Saved Losses
{'MSE - mean': 1385592.3532335956, 'MSE - std': 0.0, 'R2 - mean': 0.7602428541449394, 'R2 - std': 0.0} 
 

Saved Losses
{'MSE - mean': 1695964.6950781788, 'MSE - std': 310372.34184458305, 'R2 - mean': 0.7032920096064597, 'R2 - std': 0.05695084453847982} 
 

Saved Losses
{'MSE - mean': 1626537.63356576, 'MSE - std': 271773.6082266983, 'R2 - mean': 0.7151573179706568, 'R2 - std': 0.04943517857678923} 
 

Saved Losses
{'MSE - mean': 1669791.7201110406, 'MSE - std': 246998.82308427923, 'R2 - mean': 0.7075417735617935, 'R2 - std': 0.04479807150558368} 
 

Saved Losses
{'MSE - mean': 1607468.1005628281, 'MSE - std': 253660.53910369388, 'R2 - mean': 0.7188347888751034, 'R2 - std': 0.04599589707747989} 
 

Saving model.....
Results After CV: {'MSE - mean': 1607468.1005628281, 'MSE - std': 253660.53910369388, 'R2 - mean': 0.7188347888751034, 'R2 - std': 0.04599589707747989}
Train time: 3.2670496186000038
Inference time: 0.0335390438000104
Finished cross validation
Hyperparam was saved!!! Hurrah!!!
Trial 118 finished with value: 1607468.1005628281 and parameters: {'max_depth': 12, 'n_estimators': 75}. Best is trial 12 with value: 1583511.4247476007.
Saved Losses
{'MSE - mean': 1505487.842474157, 'MSE - std': 0.0, 'R2 - mean': 0.7394966366632044, 'R2 - std': 0.0} 
 

Saved Losses
{'MSE - mean': 1868681.5669654363, 'MSE - std': 363193.72449127934, 'R2 - mean': 0.6730409853251857, 'R2 - std': 0.06645565133801867} 
 

Saved Losses
{'MSE - mean': 1751360.812304279, 'MSE - std': 339805.9837933382, 'R2 - mean': 0.6932912209948524, 'R2 - std': 0.061354541960593936} 
 

Saved Losses
{'MSE - mean': 1779691.588396444, 'MSE - std': 298343.7255721527, 'R2 - mean': 0.6882893014652132, 'R2 - std': 0.05383625601152694} 
 

Saved Losses
{'MSE - mean': 1707996.9355245489, 'MSE - std': 302931.80069498107, 'R2 - mean': 0.7012419104935315, 'R2 - std': 0.05467864566384975} 
 

Saving model.....
Results After CV: {'MSE - mean': 1707996.9355245489, 'MSE - std': 302931.80069498107, 'R2 - mean': 0.7012419104935315, 'R2 - std': 0.05467864566384975}
Train time: 3.838403522599992
Inference time: 0.03838641520005694
Finished cross validation
Hyperparam was saved!!! Hurrah!!!
