Trial 137 finished with value: 1858224.196546916 and parameters: {'max_depth': 12, 'n_estimators': 7}. Best is trial 122 with value: 1568481.1046880991.
Saved Losses
{'MSE - mean': 1412436.772577382, 'MSE - std': 0.0, 'R2 - mean': 0.7555978073178676, 'R2 - std': 0.0} 
 

Saved Losses
{'MSE - mean': 1692087.7055947923, 'MSE - std': 279650.93301741034, 'R2 - mean': 0.7040188315949787, 'R2 - std': 0.05157897572288889} 
 

Saved Losses
{'MSE - mean': 1614295.0280367564, 'MSE - std': 253455.777053189, 'R2 - mean': 0.7173369887332045, 'R2 - std': 0.04613394025586649} 
 

Saved Losses
{'MSE - mean': 1646515.6176675174, 'MSE - std': 226482.6094420686, 'R2 - mean': 0.711646001570729, 'R2 - std': 0.04115115232043056} 
 

Saved Losses
{'MSE - mean': 1589517.285840822, 'MSE - std': 232445.12734805868, 'R2 - mean': 0.7220017419286753, 'R2 - std': 0.04223386441333796} 
 

Saving model.....
Results After CV: {'MSE - mean': 1589517.285840822, 'MSE - std': 232445.12734805868, 'R2 - mean': 0.7220017419286753, 'R2 - std': 0.04223386441333796}
Train time: 3.0737341895999633
Inference time: 0.029017484999985754
Finished cross validation
Hyperparam was saved!!! Hurrah!!!
Trial 138 finished with value: 1589517.285840822 and parameters: {'max_depth': 12, 'n_estimators': 71}. Best is trial 122 with value: 1568481.1046880991.
Saved Losses
{'MSE - mean': 1432575.8112970272, 'MSE - std': 0.0, 'R2 - mean': 0.7521130317037281, 'R2 - std': 0.0} 
 

Saved Losses
{'MSE - mean': 1745178.5457003526, 'MSE - std': 312602.73440332536, 'R2 - mean': 0.694693036866652, 'R2 - std': 0.05741999483707616} 
 

Saved Losses
{'MSE - mean': 1666631.903321828, 'MSE - std': 278363.3053442395, 'R2 - mean': 0.7081460300461814, 'R2 - std': 0.05059647473592899} 
 

Saved Losses
{'MSE - mean': 1682740.7258020858, 'MSE - std': 242678.96449162858, 'R2 - mean': 0.7052832477217315, 'R2 - std': 0.04409749436973912} 
 

Saved Losses
{'MSE - mean': 1618387.011388839, 'MSE - std': 252349.0956601791, 'R2 - mean': 0.7169307149180291, 'R2 - std': 0.045807479477773645} 
 

Saving model.....
Results After CV: {'MSE - mean': 1618387.011388839, 'MSE - std': 252349.0956601791, 'R2 - mean': 0.7169307149180291, 'R2 - std': 0.045807479477773645}
Train time: 3.0248125762000653
Inference time: 0.03142914300001394
Finished cross validation
Hyperparam was saved!!! Hurrah!!!
Trial 139 finished with value: 1618387.011388839 and parameters: {'max_depth': 11, 'n_estimators': 70}. Best is trial 122 with value: 1568481.1046880991.
Saved Losses
{'MSE - mean': 1431082.580729834, 'MSE - std': 0.0, 'R2 - mean': 0.7523714141190598, 'R2 - std': 0.0} 
 

Saved Losses
{'MSE - mean': 1727076.2017303472, 'MSE - std': 295993.6210005132, 'R2 - mean': 0.6978815379876939, 'R2 - std': 0.054489876131365855} 
 

Saved Losses
{'MSE - mean': 1627837.7951002407, 'MSE - std': 279472.1306611718, 'R2 - mean': 0.7149625133422642, 'R2 - std': 0.050625591407257683} 
 

Saved Losses
{'MSE - mean': 1651672.2582069668, 'MSE - std': 245525.45439725593, 'R2 - mean': 0.7107412851141399, 'R2 - std': 0.04444850033761199} 
 

Saved Losses
{'MSE - mean': 1598560.6499814638, 'MSE - std': 243945.83562500196, 'R2 - mean': 0.7204234193192522, 'R2 - std': 0.044221151464806686} 
 

Saving model.....
Results After CV: {'MSE - mean': 1598560.6499814638, 'MSE - std': 243945.83562500196, 'R2 - mean': 0.7204234193192522, 'R2 - std': 0.044221151464806686}
Train time: 3.430407634999983
Inference time: 0.03383697080007551
Finished cross validation
Hyperparam was saved!!! Hurrah!!!
Trial 140 finished with value: 1598560.6499814638 and parameters: {'max_depth': 12, 'n_estimators': 74}. Best is trial 122 with value: 1568481.1046880991.
Saved Losses
{'MSE - mean': 1442407.6671717104, 'MSE - std': 0.0, 'R2 - mean': 0.7504117681990103, 'R2 - std': 0.0} 
 

Saved Losses
{'MSE - mean': 1738596.7780563799, 'MSE - std': 296189.11088466947, 'R2 - mean': 0.6958691142607919, 'R2 - std': 0.054542653938218444} 
 

Saved Losses
{'MSE - mean': 1631267.6000169078, 'MSE - std': 285524.83462626865, 'R2 - mean': 0.7143669416473329, 'R2 - std': 0.051648878353042355} 
 

Saved Losses
{'MSE - mean': 1643511.364668465, 'MSE - std': 248179.4768102244, 'R2 - mean': 0.7121752084523698, 'R2 - std': 0.0448900441026653} 
 

Saved Losses
{'MSE - mean': 1584210.6122982323, 'MSE - std': 251675.90090141713, 'R2 - mean': 0.7229295732038757, 'R2 - std': 0.04554907564885505} 
 

Saving model.....
Results After CV: {'MSE - mean': 1584210.6122982323, 'MSE - std': 251675.90090141713, 'R2 - mean': 0.7229295732038757, 'R2 - std': 0.04554907564885505}
Train time: 3.9064902982000147
Inference time: 0.033067975600033606
Finished cross validation
Hyperparam was saved!!! Hurrah!!!
Trial 141 finished with value: 1584210.6122982323 and parameters: {'max_depth': 12, 'n_estimators': 84}. Best is trial 122 with value: 1568481.1046880991.
Saved Losses
{'MSE - mean': 1352582.6260863116, 'MSE - std': 0.0, 'R2 - mean': 0.765954720227209, 'R2 - std': 0.0} 
 

Saved Losses
{'MSE - mean': 1707010.3387124408, 'MSE - std': 354427.71262612904, 'R2 - mean': 0.7012915899503039, 'R2 - std': 0.06466313027690507} 
 

Saved Losses
{'MSE - mean': 1615423.823597664, 'MSE - std': 317052.3329357448, 'R2 - mean': 0.7170668120560594, 'R2 - std': 0.05731720692581909} 
 

Saved Losses
{'MSE - mean': 1632983.262411127, 'MSE - std': 276254.66157031636, 'R2 - mean': 0.7139627452363649, 'R2 - std': 0.049928472335895244} 
 

Saved Losses
{'MSE - mean': 1580788.372214953, 'MSE - std': 268235.9720131265, 'R2 - mean': 0.723490772037694, 'R2 - std': 0.048553218829902337} 
 

Saving model.....
Results After CV: {'MSE - mean': 1580788.372214953, 'MSE - std': 268235.9720131265, 'R2 - mean': 0.723490772037694, 'R2 - std': 0.048553218829902337}
Train time: 2.767124895999996
Inference time: 0.027738896199980444
Finished cross validation
Hyperparam was saved!!! Hurrah!!!
Trial 142 finished with value: 1580788.372214953 and parameters: {'max_depth': 12, 'n_estimators': 60}. Best is trial 122 with value: 1568481.1046880991.
Saved Losses
{'MSE - mean': 1490464.847953307, 'MSE - std': 0.0, 'R2 - mean': 0.7420961532382703, 'R2 - std': 0.0} 
 

Saved Losses
{'MSE - mean': 1816612.4659555568, 'MSE - std': 326147.61800224986, 'R2 - mean': 0.682194952521489, 'R2 - std': 0.05990120071678123} 
 

Saved Losses
{'MSE - mean': 1717184.3025886063, 'MSE - std': 301142.4333435553, 'R2 - mean': 0.6992997499195743, 'R2 - std': 0.054564189290539564} 
 

Saved Losses
{'MSE - mean': 1723121.7732924533, 'MSE - std': 260999.68303646534, 'R2 - mean': 0.6982163318394402, 'R2 - std': 0.04729121957519661} 
 

Saved Losses
{'MSE - mean': 1668187.9157932294, 'MSE - std': 258006.94261024936, 'R2 - mean': 0.7082371056307135, 'R2 - std': 0.046806315691699615} 
 

Saving model.....
Results After CV: {'MSE - mean': 1668187.9157932294, 'MSE - std': 258006.94261024936, 'R2 - mean': 0.7082371056307135, 'R2 - std': 0.046806315691699615}
Train time: 2.4360974032000287
Inference time: 0.026209785199944234
Finished cross validation
Hyperparam was saved!!! Hurrah!!!
Trial 143 finished with value: 1668187.9157932294 and parameters: {'max_depth': 11, 'n_estimators': 57}. Best is trial 122 with value: 1568481.1046880991.
Saved Losses
{'MSE - mean': 1495501.7182375577, 'MSE - std': 0.0, 'R2 - mean': 0.7412245941245267, 'R2 - std': 0.0} 
 

Saved Losses
{'MSE - mean': 1821186.635082719, 'MSE - std': 325684.9168451611, 'R2 - mean': 0.6813968068851906, 'R2 - std': 0.05982778723933607} 
 

Saved Losses
{'MSE - mean': 1719407.0823914844, 'MSE - std': 302377.1343852166, 'R2 - mean': 0.6989127458801886, 'R2 - std': 0.05477096848139375} 
 

Saved Losses
{'MSE - mean': 1740594.347800784, 'MSE - std': 264425.1296602382, 'R2 - mean': 0.6951567549918547, 'R2 - std': 0.0478770993686137} 
 

Saved Losses
{'MSE - mean': 1686996.253385357, 'MSE - std': 259668.1387011642, 'R2 - mean': 0.7049501460704484, 'R2 - std': 0.04708943990360049} 
 

Saving model.....
Results After CV: {'MSE - mean': 1686996.253385357, 'MSE - std': 259668.1387011642, 'R2 - mean': 0.7049501460704484, 'R2 - std': 0.04708943990360049}
Train time: 2.4602272192001235
Inference time: 0.02932434140011537
Finished cross validation
Hyperparam was saved!!! Hurrah!!!
Trial 144 finished with value: 1686996.253385357 and parameters: {'max_depth': 11, 'n_estimators': 60}. Best is trial 122 with value: 1568481.1046880991.
Saved Losses
{'MSE - mean': 1427847.9754906069, 'MSE - std': 0.0, 'R2 - mean': 0.7529311167749781, 'R2 - std': 0.0} 
 

Saved Losses
{'MSE - mean': 1763353.6393755453, 'MSE - std': 335505.66388493846, 'R2 - mean': 0.6914816493490024, 'R2 - std': 0.06144946742597579} 
 

Saved Losses
{'MSE - mean': 1669227.9987987217, 'MSE - std': 304568.50257467036, 'R2 - mean': 0.7076761273285214, 'R2 - std': 0.05515324347079656} 
 

Saved Losses
{'MSE - mean': 1682200.4285068568, 'MSE - std': 264719.34452931513, 'R2 - mean': 0.7053666395095344, 'R2 - std': 0.047931319624749225} 
 

Saved Losses
{'MSE - mean': 1614372.1382485824, 'MSE - std': 272880.51035547984, 'R2 - mean': 0.7176199388847184, 'R2 - std': 0.04938119584505253} 
 

Saving model.....
Results After CV: {'MSE - mean': 1614372.1382485824, 'MSE - std': 272880.51035547984, 'R2 - mean': 0.7176199388847184, 'R2 - std': 0.04938119584505253}
Train time: 3.8747137625998223
Inference time: 0.0328529526001148
Finished cross validation
Hyperparam was saved!!! Hurrah!!!
Trial 145 finished with value: 1614372.1382485824 and parameters: {'max_depth': 12, 'n_estimators': 85}. Best is trial 122 with value: 1568481.1046880991.
Saved Losses
{'MSE - mean': 1357485.967328932, 'MSE - std': 0.0, 'R2 - mean': 0.7651062664242269, 'R2 - std': 0.0} 
 

Saved Losses
{'MSE - mean': 1689466.5428917245, 'MSE - std': 331980.5755627926, 'R2 - mean': 0.7043919819117809, 'R2 - std': 0.06071428451244598} 
 

Saved Losses
{'MSE - mean': 1622405.6079021518, 'MSE - std': 287173.1296111925, 'R2 - mean': 0.7158555163638614, 'R2 - std': 0.0521565733170189} 
 

Saved Losses
{'MSE - mean': 1653090.9966415996, 'MSE - std': 254314.9307930782, 'R2 - mean': 0.7104486147972146, 'R2 - std': 0.04612954431581131} 
 

Saved Losses
{'MSE - mean': 1588290.169628299, 'MSE - std': 261796.59269337577, 'R2 - mean': 0.7221710717019599, 'R2 - std': 0.047455367141788815} 
 

Saving model.....
Results After CV: {'MSE - mean': 1588290.169628299, 'MSE - std': 261796.59269337577, 'R2 - mean': 0.7221710717019599, 'R2 - std': 0.047455367141788815}
Train time: 3.428405577800004
Inference time: 0.03491165959985665
Finished cross validation
Hyperparam was saved!!! Hurrah!!!
Trial 146 finished with value: 1588290.169628299 and parameters: {'max_depth': 12, 'n_estimators': 77}. Best is trial 122 with value: 1568481.1046880991.
Saved Losses
{'MSE - mean': 1540377.9275413349, 'MSE - std': 0.0, 'R2 - mean': 0.7334594012563946, 'R2 - std': 0.0} 
 

Saved Losses
{'MSE - mean': 1850759.3816219014, 'MSE - std': 310381.45408056665, 'R2 - mean': 0.6762565807054326, 'R2 - std': 0.0572028205509621} 
 

Saved Losses
{'MSE - mean': 1759873.0899154202, 'MSE - std': 284156.765533433, 'R2 - mean': 0.6918438261404599, 'R2 - std': 0.05164655096416357} 
 

Saved Losses
{'MSE - mean': 1769030.685600285, 'MSE - std': 246597.61804404994, 'R2 - mean': 0.6901902766478889, 'R2 - std': 0.04481882804852894} 
 

Saved Losses
{'MSE - mean': 1710065.7645517117, 'MSE - std': 250111.48681549449, 'R2 - mean': 0.7009212843109476, 'R2 - std': 0.04547086957573357} 
 

Saving model.....
Results After CV: {'MSE - mean': 1710065.7645517117, 'MSE - std': 250111.48681549449, 'R2 - mean': 0.7009212843109476, 'R2 - std': 0.04547086957573357}
Train time: 2.6374564817999273
Inference time: 0.03052311120000013
Finished cross validation
Hyperparam was saved!!! Hurrah!!!
Trial 147 finished with value: 1710065.7645517117 and parameters: {'max_depth': 10, 'n_estimators': 63}. Best is trial 122 with value: 1568481.1046880991.
Saved Losses
{'MSE - mean': 1411326.4951069902, 'MSE - std': 0.0, 'R2 - mean': 0.7557899251198944, 'R2 - std': 0.0} 
 

Saved Losses
{'MSE - mean': 1692691.6538585615, 'MSE - std': 281365.1587515713, 'R2 - mean': 0.703910577187662, 'R2 - std': 0.05187934793223237} 
 

Saved Losses
{'MSE - mean': 1637271.453250421, 'MSE - std': 242735.1759505773, 'R2 - mean': 0.713302760209197, 'R2 - std': 0.04439298779164455} 
 

Saved Losses
{'MSE - mean': 1661217.4913597563, 'MSE - std': 214267.38542349264, 'R2 - mean': 0.7090636965247924, 'R2 - std': 0.03914028623506912} 
 

Saved Losses
{'MSE - mean': 1598437.8470679382, 'MSE - std': 229114.69816361516, 'R2 - mean': 0.72042953274955, 'R2 - std': 0.04174084974701118} 
 

Saving model.....
Results After CV: {'MSE - mean': 1598437.8470679382, 'MSE - std': 229114.69816361516, 'R2 - mean': 0.72042953274955, 'R2 - std': 0.04174084974701118}
Train time: 1.9669631135999226
Inference time: 0.02244344760001695
Finished cross validation
Hyperparam was saved!!! Hurrah!!!
Trial 148 finished with value: 1598437.8470679382 and parameters: {'max_depth': 12, 'n_estimators': 43}. Best is trial 122 with value: 1568481.1046880991.
Saved Losses
{'MSE - mean': 1616198.3141168777, 'MSE - std': 0.0, 'R2 - mean': 0.7203397564773542, 'R2 - std': 0.0} 
 

Saved Losses
{'MSE - mean': 1994823.868427204, 'MSE - std': 378625.5543103261, 'R2 - mean': 0.6509848454729821, 'R2 - std': 0.06935491100437213} 
 

Saved Losses
{'MSE - mean': 1890694.7586860051, 'MSE - std': 342428.5082206071, 'R2 - mean': 0.6688917928093913, 'R2 - std': 0.06203267939374737} 
 

Saved Losses
{'MSE - mean': 1884394.1418726016, 'MSE - std': 296752.51599326136, 'R2 - mean': 0.669954320928434, 'R2 - std': 0.05375338949858749} 
 

Saved Losses
{'MSE - mean': 1800924.8732884354, 'MSE - std': 313557.2033785341, 'R2 - mean': 0.6849812810643864, 'R2 - std': 0.056699026709278656} 
 

Saving model.....
Results After CV: {'MSE - mean': 1800924.8732884354, 'MSE - std': 313557.2033785341, 'R2 - mean': 0.6849812810643864, 'R2 - std': 0.056699026709278656}
Train time: 0.3844805049999195
Inference time: 0.011803014199904283
Finished cross validation
Hyperparam was saved!!! Hurrah!!!
Trial 149 finished with value: 1800924.8732884354 and parameters: {'max_depth': 11, 'n_estimators': 8}. Best is trial 122 with value: 1568481.1046880991.
Saved Losses
{'MSE - mean': 1464576.7272099545, 'MSE - std': 0.0, 'R2 - mean': 0.7465757261274337, 'R2 - std': 0.0} 
 

Saved Losses
{'MSE - mean': 1747289.0661408415, 'MSE - std': 282712.33893088694, 'R2 - mean': 0.6943727758635223, 'R2 - std': 0.05220295026391142} 
 

Saved Losses
{'MSE - mean': 1649461.0402722135, 'MSE - std': 269118.60398943245, 'R2 - mean': 0.7111932348942095, 'R2 - std': 0.04881209919863096} 
 

Saved Losses
{'MSE - mean': 1688485.2154966886, 'MSE - std': 242667.0064425061, 'R2 - mean': 0.7043057273186719, 'R2 - std': 0.04392355920166307} 
 

Saved Losses
{'MSE - mean': 1627943.59316142, 'MSE - std': 248537.6690816887, 'R2 - mean': 0.7152866882890295, 'R2 - std': 0.045008324315438275} 
 

Saving model.....
Results After CV: {'MSE - mean': 1627943.59316142, 'MSE - std': 248537.6690816887, 'R2 - mean': 0.7152866882890295, 'R2 - std': 0.045008324315438275}
Train time: 2.9620934816000046
Inference time: 0.03247079700004178
Finished cross validation
Hyperparam was saved!!! Hurrah!!!
Trial 150 finished with value: 1627943.59316142 and parameters: {'max_depth': 12, 'n_estimators': 67}. Best is trial 122 with value: 1568481.1046880991.
Saved Losses
{'MSE - mean': 1455372.9381433576, 'MSE - std': 0.0, 'R2 - mean': 0.7481683115603062, 'R2 - std': 0.0} 
 

Saved Losses
{'MSE - mean': 1780144.0443495533, 'MSE - std': 324771.10620619566, 'R2 - mean': 0.6885665119155738, 'R2 - std': 0.059601799644732334} 
 

Saved Losses
{'MSE - mean': 1680593.8000175972, 'MSE - std': 300229.9395086512, 'R2 - mean': 0.7057024789082069, 'R2 - std': 0.0543648085634365} 
 

Saved Losses
{'MSE - mean': 1696142.1242391628, 'MSE - std': 261397.71152656066, 'R2 - mean': 0.7029372151361095, 'R2 - std': 0.047324299876407544} 
 

Saved Losses
{'MSE - mean': 1631252.0943763808, 'MSE - std': 267405.8241239884, 'R2 - mean': 0.7146813585151353, 'R2 - std': 0.048408378426282594} 
 

Saving model.....
Results After CV: {'MSE - mean': 1631252.0943763808, 'MSE - std': 267405.8241239884, 'R2 - mean': 0.7146813585151353, 'R2 - std': 0.048408378426282594}
Train time: 3.3530112549998194
Inference time: 0.03269419159996687
Finished cross validation
Hyperparam was saved!!! Hurrah!!!
Trial 151 finished with value: 1631252.0943763808 and parameters: {'max_depth': 12, 'n_estimators': 78}. Best is trial 122 with value: 1568481.1046880991.
Saved Losses
{'MSE - mean': 1445652.2597392444, 'MSE - std': 0.0, 'R2 - mean': 0.7498503373772833, 'R2 - std': 0.0} 
 

Saved Losses
{'MSE - mean': 1780154.143856283, 'MSE - std': 334501.8841170387, 'R2 - mean': 0.6885490082101245, 'R2 - std': 0.0613013291671588} 
 

Saved Losses
{'MSE - mean': 1679288.4358112712, 'MSE - std': 308126.7960392424, 'R2 - mean': 0.7059211036544243, 'R2 - std': 0.055756745828272926} 
 

Saved Losses
{'MSE - mean': 1694899.778066242, 'MSE - std': 268212.106082224, 'R2 - mean': 0.703147321254427, 'R2 - std': 0.04852517527455801} 
 

Saved Losses
{'MSE - mean': 1632660.087162164, 'MSE - std': 270268.9467448868, 'R2 - mean': 0.7144321000065303, 'R2 - std': 0.04891972030047755} 
 

Saving model.....
Results After CV: {'MSE - mean': 1632660.087162164, 'MSE - std': 270268.9467448868, 'R2 - mean': 0.7144321000065303, 'R2 - std': 0.04891972030047755}
Train time: 3.45713818840004
Inference time: 0.032571040600032575
Finished cross validation
Hyperparam was saved!!! Hurrah!!!
Trial 152 finished with value: 1632660.087162164 and parameters: {'max_depth': 11, 'n_estimators': 83}. Best is trial 122 with value: 1568481.1046880991.
Saved Losses
{'MSE - mean': 1409594.4938410313, 'MSE - std': 0.0, 'R2 - mean': 0.7560896234252253, 'R2 - std': 0.0} 
 

Saved Losses
{'MSE - mean': 1745229.4874505135, 'MSE - std': 335634.9936094823, 'R2 - mean': 0.6946468844252265, 'R2 - std': 0.061442738999998914} 
 

Saved Losses
{'MSE - mean': 1644113.7476340563, 'MSE - std': 309110.581562786, 'R2 - mean': 0.7120735161568671, 'R2 - std': 0.055894380494838386} 
 

Saved Losses
{'MSE - mean': 1665477.4932520255, 'MSE - std': 270242.9325737321, 'R2 - mean': 0.7082944997785892, 'R2 - std': 0.04884648628650996} 
 

Saved Losses
{'MSE - mean': 1588550.902087207, 'MSE - std': 286523.6391605362, 'R2 - mean': 0.7221242749222936, 'R2 - std': 0.051709129756091154} 
 

Saving model.....
Results After CV: {'MSE - mean': 1588550.902087207, 'MSE - std': 286523.6391605362, 'R2 - mean': 0.7221242749222936, 'R2 - std': 0.051709129756091154}
Train time: 4.195379149600012
Inference time: 0.040731480799968266
Finished cross validation
Hyperparam was saved!!! Hurrah!!!
Trial 153 finished with value: 1588550.902087207 and parameters: {'max_depth': 12, 'n_estimators': 95}. Best is trial 122 with value: 1568481.1046880991.
Saved Losses
{'MSE - mean': 1411446.0629253443, 'MSE - std': 0.0, 'R2 - mean': 0.7557692356012219, 'R2 - std': 0.0} 
 

Saved Losses
{'MSE - mean': 1707868.2100240183, 'MSE - std': 296422.1470986741, 'R2 - mean': 0.7012355853796484, 'R2 - std': 0.05453365022157358} 
 

Saved Losses
{'MSE - mean': 1612170.5680185102, 'MSE - std': 277296.7187530728, 'R2 - mean': 0.7177008536777981, 'R2 - std': 0.05024761478172612} 
 

Saved Losses
{'MSE - mean': 1666080.4971106339, 'MSE - std': 257660.5209137964, 'R2 - mean': 0.7082117089038723, 'R2 - std': 0.04651611225221997} 
 

Saved Losses
{'MSE - mean': 1600337.1058620973, 'MSE - std': 265329.8498124322, 'R2 - mean': 0.720093919605245, 'R2 - std': 0.04791395082704169} 
 

Saving model.....
Results After CV: {'MSE - mean': 1600337.1058620973, 'MSE - std': 265329.8498124322, 'R2 - mean': 0.720093919605245, 'R2 - std': 0.04791395082704169}
Train time: 4.333103367600051
Inference time: 0.04028551700002936
Finished cross validation
Hyperparam was saved!!! Hurrah!!!
Trial 154 finished with value: 1600337.1058620973 and parameters: {'max_depth': 12, 'n_estimators': 95}. Best is trial 122 with value: 1568481.1046880991.
Saved Losses
{'MSE - mean': 1488803.6740233914, 'MSE - std': 0.0, 'R2 - mean': 0.742383595875548, 'R2 - std': 0.0} 
 

Saved Losses
{'MSE - mean': 1784519.4895372405, 'MSE - std': 295715.81551384914, 'R2 - mean': 0.6878493233610197, 'R2 - std': 0.05453427251452836} 
 

Saved Losses
{'MSE - mean': 1677014.7963114744, 'MSE - std': 285329.7749876087, 'R2 - mean': 0.7063644985320853, 'R2 - std': 0.05165540961367339} 
 

Saved Losses
{'MSE - mean': 1689197.080849171, 'MSE - std': 248002.0857584302, 'R2 - mean': 0.7041802748316033, 'R2 - std': 0.04489458214850125} 
 

Saved Losses
{'MSE - mean': 1621040.596304011, 'MSE - std': 260356.01236507637, 'R2 - mean': 0.7164847289633215, 'R2 - std': 0.047095829655597415} 
 

Saving model.....
Results After CV: {'MSE - mean': 1621040.596304011, 'MSE - std': 260356.01236507637, 'R2 - mean': 0.7164847289633215, 'R2 - std': 0.047095829655597415}
Train time: 3.7581074349999652
Inference time: 0.03730618739982674
Finished cross validation
Hyperparam was saved!!! Hurrah!!!
