[I 2025-01-23 14:24:34,066] Trial 121 finished with value: 1621516.9358819623 and parameters: {'max_depth': 12, 'n_estimators': 100}. Best is trial 12 with value: 1583511.4247476007.
[I 2025-01-23 14:24:39,699] Trial 122 finished with value: 1568481.1046880991 and parameters: {'max_depth': 12, 'n_estimators': 91}. Best is trial 122 with value: 1568481.1046880991.
[I 2025-01-23 14:24:48,173] Trial 123 finished with value: 1592557.7912447362 and parameters: {'max_depth': 12, 'n_estimators': 90}. Best is trial 122 with value: 1568481.1046880991.
[I 2025-01-23 14:24:55,845] Trial 124 finished with value: 1622731.0321829186 and parameters: {'max_depth': 11, 'n_estimators': 88}. Best is trial 122 with value: 1568481.1046880991.
[I 2025-01-23 14:24:59,149] Trial 125 finished with value: 1603214.9252148166 and parameters: {'max_depth': 12, 'n_estimators': 82}. Best is trial 122 with value: 1568481.1046880991.
[I 2025-01-23 14:25:03,437] Trial 126 finished with value: 1589752.9832387876 and parameters: {'max_depth': 12, 'n_estimators': 70}. Best is trial 122 with value: 1568481.1046880991.
[I 2025-01-23 14:25:10,025] Trial 127 finished with value: 1656250.075942409 and parameters: {'max_depth': 11, 'n_estimators': 71}. Best is trial 122 with value: 1568481.1046880991.
[I 2025-01-23 14:25:19,578] Trial 128 finished with value: 1631610.740717229 and parameters: {'max_depth': 12, 'n_estimators': 66}. Best is trial 122 with value: 1568481.1046880991.
[I 2025-01-23 14:25:25,320] Trial 129 finished with value: 1600854.3100309581 and parameters: {'max_depth': 12, 'n_estimators': 76}. Best is trial 122 with value: 1568481.1046880991.
[I 2025-01-23 14:25:27,920] Trial 130 finished with value: 1634124.331826447 and parameters: {'max_depth': 11, 'n_estimators': 64}. Best is trial 122 with value: 1568481.1046880991.
[I 2025-01-23 14:25:32,620] Trial 131 finished with value: 1598318.5849275386 and parameters: {'max_depth': 12, 'n_estimators': 91}. Best is trial 122 with value: 1568481.1046880991.
[I 2025-01-23 14:25:41,712] Trial 132 finished with value: 1620571.13080284 and parameters: {'max_depth': 12, 'n_estimators': 90}. Best is trial 122 with value: 1568481.1046880991.
[I 2025-01-23 14:25:47,413] Trial 133 finished with value: 1681353.6831876063 and parameters: {'max_depth': 11, 'n_estimators': 82}. Best is trial 122 with value: 1568481.1046880991.
[I 2025-01-23 14:25:55,529] Trial 134 finished with value: 1613310.1267858995 and parameters: {'max_depth': 12, 'n_estimators': 93}. Best is trial 122 with value: 1568481.1046880991.
[I 2025-01-23 14:25:59,211] Trial 135 finished with value: 1645437.6416811591 and parameters: {'max_depth': 11, 'n_estimators': 78}. Best is trial 122 with value: 1568481.1046880991.
[I 2025-01-23 14:26:03,762] Trial 136 finished with value: 1675545.249943763 and parameters: {'max_depth': 10, 'n_estimators': 89}. Best is trial 122 with value: 1568481.1046880991.
[I 2025-01-23 14:26:05,575] Trial 137 finished with value: 1858224.196546916 and parameters: {'max_depth': 12, 'n_estimators': 7}. Best is trial 122 with value: 1568481.1046880991.
[I 2025-01-23 14:26:10,099] Trial 138 finished with value: 1589517.285840822 and parameters: {'max_depth': 12, 'n_estimators': 71}. Best is trial 122 with value: 1568481.1046880991.
[I 2025-01-23 14:26:16,234] Trial 139 finished with value: 1618387.011388839 and parameters: {'max_depth': 11, 'n_estimators': 70}. Best is trial 122 with value: 1568481.1046880991.
[I 2025-01-23 14:26:25,350] Trial 140 finished with value: 1598560.6499814638 and parameters: {'max_depth': 12, 'n_estimators': 74}. Best is trial 122 with value: 1568481.1046880991.
[I 2025-01-23 14:26:29,046] Trial 141 finished with value: 1584210.6122982323 and parameters: {'max_depth': 12, 'n_estimators': 84}. Best is trial 122 with value: 1568481.1046880991.
[I 2025-01-23 14:26:31,703] Trial 142 finished with value: 1580788.372214953 and parameters: {'max_depth': 12, 'n_estimators': 60}. Best is trial 122 with value: 1568481.1046880991.
[I 2025-01-23 14:26:35,003] Trial 143 finished with value: 1668187.9157932294 and parameters: {'max_depth': 11, 'n_estimators': 57}. Best is trial 122 with value: 1568481.1046880991.
[I 2025-01-23 14:26:42,043] Trial 144 finished with value: 1686996.253385357 and parameters: {'max_depth': 11, 'n_estimators': 60}. Best is trial 122 with value: 1568481.1046880991.
[I 2025-01-23 14:26:51,649] Trial 145 finished with value: 1614372.1382485824 and parameters: {'max_depth': 12, 'n_estimators': 85}. Best is trial 122 with value: 1568481.1046880991.
[I 2025-01-23 14:26:57,552] Trial 146 finished with value: 1588290.169628299 and parameters: {'max_depth': 12, 'n_estimators': 77}. Best is trial 122 with value: 1568481.1046880991.
[I 2025-01-23 14:27:00,384] Trial 147 finished with value: 1710065.7645517117 and parameters: {'max_depth': 10, 'n_estimators': 63}. Best is trial 122 with value: 1568481.1046880991.
[I 2025-01-23 14:27:05,765] Trial 148 finished with value: 1598437.8470679382 and parameters: {'max_depth': 12, 'n_estimators': 43}. Best is trial 122 with value: 1568481.1046880991.
[I 2025-01-23 14:27:06,533] Trial 149 finished with value: 1800924.8732884354 and parameters: {'max_depth': 11, 'n_estimators': 8}. Best is trial 122 with value: 1568481.1046880991.
[I 2025-01-23 14:27:13,655] Trial 150 finished with value: 1627943.59316142 and parameters: {'max_depth': 12, 'n_estimators': 67}. Best is trial 122 with value: 1568481.1046880991.
[I 2025-01-23 14:27:20,390] Trial 151 finished with value: 1631252.0943763808 and parameters: {'max_depth': 12, 'n_estimators': 78}. Best is trial 122 with value: 1568481.1046880991.
[I 2025-01-23 14:27:28,085] Trial 152 finished with value: 1632660.087162164 and parameters: {'max_depth': 11, 'n_estimators': 83}. Best is trial 122 with value: 1568481.1046880991.
[I 2025-01-23 14:27:35,031] Trial 153 finished with value: 1588550.902087207 and parameters: {'max_depth': 12, 'n_estimators': 95}. Best is trial 122 with value: 1568481.1046880991.
[I 2025-01-23 14:27:39,633] Trial 154 finished with value: 1600337.1058620973 and parameters: {'max_depth': 12, 'n_estimators': 95}. Best is trial 122 with value: 1568481.1046880991.
[I 2025-01-23 14:27:44,805] Trial 155 finished with value: 1621040.596304011 and parameters: {'max_depth': 11, 'n_estimators': 95}. Best is trial 122 with value: 1568481.1046880991.
[I 2025-01-23 14:27:51,900] Trial 156 finished with value: 1639358.8928959253 and parameters: {'max_depth': 11, 'n_estimators': 88}. Best is trial 122 with value: 1568481.1046880991.
[I 2025-01-23 14:28:01,541] Trial 157 finished with value: 1608580.6087701784 and parameters: {'max_depth': 12, 'n_estimators': 100}. Best is trial 122 with value: 1568481.1046880991.
[I 2025-01-23 14:28:04,581] Trial 158 finished with value: 1720088.46471817 and parameters: {'max_depth': 10, 'n_estimators': 75}. Best is trial 122 with value: 1568481.1046880991.
[I 2025-01-23 14:28:07,978] Trial 159 finished with value: 1602882.1552691343 and parameters: {'max_depth': 12, 'n_estimators': 84}. Best is trial 122 with value: 1568481.1046880991.
[I 2025-01-23 14:28:09,626] Trial 160 finished with value: 1681282.7774851169 and parameters: {'max_depth': 11, 'n_estimators': 34}. Best is trial 122 with value: 1568481.1046880991.
[I 2025-01-23 14:28:19,306] Trial 161 finished with value: 1601160.0547714857 and parameters: {'max_depth': 12, 'n_estimators': 81}. Best is trial 122 with value: 1568481.1046880991.
[I 2025-01-23 14:28:21,015] Trial 162 finished with value: 1948573.407763565 and parameters: {'max_depth': 12, 'n_estimators': 5}. Best is trial 122 with value: 1568481.1046880991.
[I 2025-01-23 14:28:27,150] Trial 163 finished with value: 1622700.0286199434 and parameters: {'max_depth': 12, 'n_estimators': 78}. Best is trial 122 with value: 1568481.1046880991.
[I 2025-01-23 14:28:32,623] Trial 164 finished with value: 1602182.5449502803 and parameters: {'max_depth': 12, 'n_estimators': 94}. Best is trial 122 with value: 1568481.1046880991.
[I 2025-01-23 14:28:35,582] Trial 165 finished with value: 1643583.6182207144 and parameters: {'max_depth': 11, 'n_estimators': 72}. Best is trial 122 with value: 1568481.1046880991.
[I 2025-01-23 14:28:41,198] Trial 166 finished with value: 1634041.2399272104 and parameters: {'max_depth': 11, 'n_estimators': 87}. Best is trial 122 with value: 1568481.1046880991.
[I 2025-01-23 14:28:48,759] Trial 167 finished with value: 1591165.0287835065 and parameters: {'max_depth': 12, 'n_estimators': 90}. Best is trial 122 with value: 1568481.1046880991.
[I 2025-01-23 14:28:55,958] Trial 168 finished with value: 1598912.5455634552 and parameters: {'max_depth': 12, 'n_estimators': 100}. Best is trial 122 with value: 1568481.1046880991.
[I 2025-01-23 14:29:04,687] Trial 169 finished with value: 1597877.8401556797 and parameters: {'max_depth': 12, 'n_estimators': 91}. Best is trial 122 with value: 1568481.1046880991.
[I 2025-01-23 14:29:09,051] Trial 170 finished with value: 1656237.656901986 and parameters: {'max_depth': 11, 'n_estimators': 87}. Best is trial 122 with value: 1568481.1046880991.
[I 2025-01-23 14:29:12,430] Trial 171 finished with value: 1588488.68943504 and parameters: {'max_depth': 12, 'n_estimators': 80}. Best is trial 122 with value: 1568481.1046880991.
[I 2025-01-23 14:29:19,688] Trial 172 finished with value: 1566355.153819821 and parameters: {'max_depth': 12, 'n_estimators': 68}. Best is trial 172 with value: 1566355.153819821.
[I 2025-01-23 14:29:28,675] Trial 173 finished with value: 1575008.5275313307 and parameters: {'max_depth': 12, 'n_estimators': 66}. Best is trial 172 with value: 1566355.153819821.
[I 2025-01-23 14:29:35,055] Trial 174 finished with value: 1636000.6045962565 and parameters: {'max_depth': 12, 'n_estimators': 66}. Best is trial 172 with value: 1566355.153819821.
[I 2025-01-23 14:29:38,085] Trial 175 finished with value: 1633225.293376811 and parameters: {'max_depth': 11, 'n_estimators': 59}. Best is trial 172 with value: 1566355.153819821.
[I 2025-01-23 14:29:41,241] Trial 176 finished with value: 1635345.8044694741 and parameters: {'max_depth': 11, 'n_estimators': 76}. Best is trial 172 with value: 1566355.153819821.
[I 2025-01-23 14:29:42,320] Trial 177 finished with value: 3064276.091639889 and parameters: {'max_depth': 3, 'n_estimators': 24}. Best is trial 172 with value: 1566355.153819821.
[I 2025-01-23 14:29:46,029] Trial 178 finished with value: 1603028.6439809971 and parameters: {'max_depth': 12, 'n_estimators': 69}. Best is trial 172 with value: 1566355.153819821.
[I 2025-01-23 14:29:52,240] Trial 179 finished with value: 1616434.7360327486 and parameters: {'max_depth': 12, 'n_estimators': 53}. Best is trial 172 with value: 1566355.153819821.
[I 2025-01-23 14:29:59,351] Trial 180 finished with value: 1625912.1898083012 and parameters: {'max_depth': 11, 'n_estimators': 62}. Best is trial 172 with value: 1566355.153819821.
[I 2025-01-23 14:30:04,832] Trial 181 finished with value: 1606943.3745244541 and parameters: {'max_depth': 12, 'n_estimators': 72}. Best is trial 172 with value: 1566355.153819821.
[I 2025-01-23 14:30:10,104] Trial 182 finished with value: 1592025.4935527816 and parameters: {'max_depth': 12, 'n_estimators': 66}. Best is trial 172 with value: 1566355.153819821.
[I 2025-01-23 14:30:14,513] Trial 183 finished with value: 1611613.9767887276 and parameters: {'max_depth': 12, 'n_estimators': 81}. Best is trial 172 with value: 1566355.153819821.
[I 2025-01-23 14:30:20,377] Trial 184 finished with value: 1619099.209912702 and parameters: {'max_depth': 12, 'n_estimators': 65}. Best is trial 172 with value: 1566355.153819821.
[I 2025-01-23 14:30:27,058] Trial 185 finished with value: 1595989.2746487544 and parameters: {'max_depth': 12, 'n_estimators': 76}. Best is trial 172 with value: 1566355.153819821.
[I 2025-01-23 14:30:34,872] Trial 186 finished with value: 1643429.390742499 and parameters: {'max_depth': 11, 'n_estimators': 84}. Best is trial 172 with value: 1566355.153819821.
[I 2025-01-23 14:30:40,230] Trial 187 finished with value: 1641650.9768262282 and parameters: {'max_depth': 11, 'n_estimators': 68}. Best is trial 172 with value: 1566355.153819821.
[I 2025-01-23 14:30:42,574] Trial 188 finished with value: 2233582.4420348443 and parameters: {'max_depth': 5, 'n_estimators': 95}. Best is trial 172 with value: 1566355.153819821.
[I 2025-01-23 14:30:46,342] Trial 189 finished with value: 1603150.9393450194 and parameters: {'max_depth': 12, 'n_estimators': 89}. Best is trial 172 with value: 1566355.153819821.
[I 2025-01-23 14:30:51,069] Trial 190 finished with value: 1661381.2562861368 and parameters: {'max_depth': 12, 'n_estimators': 16}. Best is trial 172 with value: 1566355.153819821.
[I 2025-01-23 14:30:59,363] Trial 191 finished with value: 1624298.0159432006 and parameters: {'max_depth': 12, 'n_estimators': 62}. Best is trial 172 with value: 1566355.153819821.
[I 2025-01-23 14:31:06,587] Trial 192 finished with value: 1577886.1079626004 and parameters: {'max_depth': 12, 'n_estimators': 71}. Best is trial 172 with value: 1566355.153819821.
[I 2025-01-23 14:31:09,557] Trial 193 finished with value: 1611943.2853010094 and parameters: {'max_depth': 12, 'n_estimators': 72}. Best is trial 172 with value: 1566355.153819821.
[I 2025-01-23 14:31:12,584] Trial 194 finished with value: 1665548.1122363298 and parameters: {'max_depth': 11, 'n_estimators': 57}. Best is trial 172 with value: 1566355.153819821.
[I 2025-01-23 14:31:25,109] Trial 195 finished with value: 1586248.0229234607 and parameters: {'max_depth': 12, 'n_estimators': 79}. Best is trial 172 with value: 1566355.153819821.
[I 2025-01-23 14:31:36,882] Trial 196 finished with value: 1659353.4050530575 and parameters: {'max_depth': 11, 'n_estimators': 78}. Best is trial 172 with value: 1566355.153819821.
[I 2025-01-23 14:31:43,878] Trial 197 finished with value: 1609743.434849563 and parameters: {'max_depth': 12, 'n_estimators': 67}. Best is trial 172 with value: 1566355.153819821.
[I 2025-01-23 14:31:47,784] Trial 198 finished with value: 1596975.6038087963 and parameters: {'max_depth': 12, 'n_estimators': 70}. Best is trial 172 with value: 1566355.153819821.
[I 2025-01-23 14:31:51,804] Trial 199 finished with value: 1643485.6439811802 and parameters: {'max_depth': 11, 'n_estimators': 81}. Best is trial 172 with value: 1566355.153819821.
