[I 2025-01-23 14:14:31,385] A new study created in RDB with name: RandomForest_SAT11
[I 2025-01-23 14:14:32,061] Trial 0 finished with value: 2573956.5047872188 and parameters: {'max_depth': 4, 'n_estimators': 7}. Best is trial 0 with value: 2573956.5047872188.
[I 2025-01-23 14:14:34,742] Trial 1 finished with value: 1653542.249693947 and parameters: {'max_depth': 11, 'n_estimators': 52}. Best is trial 1 with value: 1653542.249693947.
[I 2025-01-23 14:14:38,405] Trial 2 finished with value: 3607654.4418596164 and parameters: {'max_depth': 2, 'n_estimators': 32}. Best is trial 1 with value: 1653542.249693947.
[I 2025-01-23 14:14:41,478] Trial 3 finished with value: 1848698.753128949 and parameters: {'max_depth': 9, 'n_estimators': 20}. Best is trial 1 with value: 1653542.249693947.
[I 2025-01-23 14:14:48,219] Trial 4 finished with value: 3071267.312214755 and parameters: {'max_depth': 3, 'n_estimators': 14}. Best is trial 1 with value: 1653542.249693947.
[I 2025-01-23 14:14:48,896] Trial 5 finished with value: 2207400.2551182476 and parameters: {'max_depth': 6, 'n_estimators': 6}. Best is trial 1 with value: 1653542.249693947.
[I 2025-01-23 14:14:52,825] Trial 6 finished with value: 2122795.3970805756 and parameters: {'max_depth': 7, 'n_estimators': 7}. Best is trial 1 with value: 1653542.249693947.
[I 2025-01-23 14:14:54,638] Trial 7 finished with value: 3617136.64658691 and parameters: {'max_depth': 2, 'n_estimators': 41}. Best is trial 1 with value: 1653542.249693947.
[I 2025-01-23 14:14:57,498] Trial 8 finished with value: 1989666.3411152128 and parameters: {'max_depth': 7, 'n_estimators': 58}. Best is trial 1 with value: 1653542.249693947.
[I 2025-01-23 14:15:03,308] Trial 9 finished with value: 2220382.5626714705 and parameters: {'max_depth': 5, 'n_estimators': 83}. Best is trial 1 with value: 1653542.249693947.
[I 2025-01-23 14:15:10,750] Trial 10 finished with value: 1604401.859036433 and parameters: {'max_depth': 12, 'n_estimators': 97}. Best is trial 10 with value: 1604401.859036433.
[I 2025-01-23 14:15:14,668] Trial 11 finished with value: 1600806.1570890914 and parameters: {'max_depth': 12, 'n_estimators': 99}. Best is trial 11 with value: 1600806.1570890914.
[I 2025-01-23 14:15:23,089] Trial 12 finished with value: 1583511.4247476007 and parameters: {'max_depth': 12, 'n_estimators': 95}. Best is trial 12 with value: 1583511.4247476007.
[I 2025-01-23 14:15:29,049] Trial 13 finished with value: 1742008.3837838178 and parameters: {'max_depth': 9, 'n_estimators': 99}. Best is trial 12 with value: 1583511.4247476007.
[I 2025-01-23 14:15:35,108] Trial 14 finished with value: 1658587.434056352 and parameters: {'max_depth': 12, 'n_estimators': 26}. Best is trial 12 with value: 1583511.4247476007.
[I 2025-01-23 14:15:38,059] Trial 15 finished with value: 1765401.1503998612 and parameters: {'max_depth': 9, 'n_estimators': 53}. Best is trial 12 with value: 1583511.4247476007.
[I 2025-01-23 14:15:39,407] Trial 16 finished with value: 3075698.987053877 and parameters: {'max_depth': 3, 'n_estimators': 66}. Best is trial 12 with value: 1583511.4247476007.
[I 2025-01-23 14:15:40,095] Trial 17 finished with value: 2592646.3733848883 and parameters: {'max_depth': 4, 'n_estimators': 13}. Best is trial 12 with value: 1583511.4247476007.
[I 2025-01-23 14:15:41,468] Trial 18 finished with value: 1895557.8929069873 and parameters: {'max_depth': 8, 'n_estimators': 36}. Best is trial 12 with value: 1583511.4247476007.
[I 2025-01-23 14:15:44,061] Trial 19 finished with value: 2247727.696855086 and parameters: {'max_depth': 5, 'n_estimators': 75}. Best is trial 12 with value: 1583511.4247476007.
[I 2025-01-23 14:15:50,892] Trial 20 finished with value: 1699733.3513682876 and parameters: {'max_depth': 10, 'n_estimators': 17}. Best is trial 12 with value: 1583511.4247476007.
[I 2025-01-23 14:15:58,942] Trial 21 finished with value: 1598888.673162114 and parameters: {'max_depth': 12, 'n_estimators': 94}. Best is trial 12 with value: 1583511.4247476007.
[I 2025-01-23 14:16:06,616] Trial 22 finished with value: 1604416.2682868978 and parameters: {'max_depth': 12, 'n_estimators': 73}. Best is trial 12 with value: 1583511.4247476007.
[I 2025-01-23 14:16:09,203] Trial 23 finished with value: 1718681.7558972077 and parameters: {'max_depth': 10, 'n_estimators': 44}. Best is trial 12 with value: 1583511.4247476007.
[I 2025-01-23 14:16:12,726] Trial 24 finished with value: 1969415.0339561775 and parameters: {'max_depth': 7, 'n_estimators': 100}. Best is trial 12 with value: 1583511.4247476007.
[I 2025-01-23 14:16:15,289] Trial 25 finished with value: 1882179.6417673652 and parameters: {'max_depth': 8, 'n_estimators': 66}. Best is trial 12 with value: 1583511.4247476007.
[I 2025-01-23 14:16:16,749] Trial 26 finished with value: 1756193.9318562672 and parameters: {'max_depth': 10, 'n_estimators': 28}. Best is trial 12 with value: 1583511.4247476007.
[I 2025-01-23 14:16:17,495] Trial 27 finished with value: 2139150.1344725653 and parameters: {'max_depth': 6, 'n_estimators': 10}. Best is trial 12 with value: 1583511.4247476007.
[I 2025-01-23 14:16:22,363] Trial 28 finished with value: 3038210.9472810193 and parameters: {'max_depth': 3, 'n_estimators': 47}. Best is trial 12 with value: 1583511.4247476007.
[I 2025-01-23 14:16:28,655] Trial 29 finished with value: 1849928.7878189224 and parameters: {'max_depth': 8, 'n_estimators': 83}. Best is trial 12 with value: 1583511.4247476007.
[I 2025-01-23 14:16:35,380] Trial 30 finished with value: 1655145.658524712 and parameters: {'max_depth': 11, 'n_estimators': 64}. Best is trial 12 with value: 1583511.4247476007.
[I 2025-01-23 14:16:40,973] Trial 31 finished with value: 1598503.0434726456 and parameters: {'max_depth': 12, 'n_estimators': 99}. Best is trial 12 with value: 1583511.4247476007.
[I 2025-01-23 14:16:44,322] Trial 32 finished with value: 1627448.5366326068 and parameters: {'max_depth': 11, 'n_estimators': 81}. Best is trial 12 with value: 1583511.4247476007.
[I 2025-01-23 14:16:49,849] Trial 33 finished with value: 1673301.9047858971 and parameters: {'max_depth': 10, 'n_estimators': 100}. Best is trial 12 with value: 1583511.4247476007.
[I 2025-01-23 14:16:58,783] Trial 34 finished with value: 1617950.3253247687 and parameters: {'max_depth': 12, 'n_estimators': 56}. Best is trial 12 with value: 1583511.4247476007.
[I 2025-01-23 14:17:05,311] Trial 35 finished with value: 1759303.5361222818 and parameters: {'max_depth': 9, 'n_estimators': 83}. Best is trial 12 with value: 1583511.4247476007.
[I 2025-01-23 14:17:08,249] Trial 36 finished with value: 1640186.4472701096 and parameters: {'max_depth': 11, 'n_estimators': 69}. Best is trial 12 with value: 1583511.4247476007.
[I 2025-01-23 14:17:11,708] Trial 37 finished with value: 1854661.2270459295 and parameters: {'max_depth': 8, 'n_estimators': 86}. Best is trial 12 with value: 1583511.4247476007.
[I 2025-01-23 14:17:13,515] Trial 38 finished with value: 2087954.2903978713 and parameters: {'max_depth': 6, 'n_estimators': 36}. Best is trial 12 with value: 1583511.4247476007.
[I 2025-01-23 14:17:15,516] Trial 39 finished with value: 1798170.7173476096 and parameters: {'max_depth': 9, 'n_estimators': 49}. Best is trial 12 with value: 1583511.4247476007.
[I 2025-01-23 14:17:19,745] Trial 40 finished with value: 2116489.3577862 and parameters: {'max_depth': 7, 'n_estimators': 5}. Best is trial 12 with value: 1583511.4247476007.
[I 2025-01-23 14:17:29,554] Trial 41 finished with value: 1610430.9968368807 and parameters: {'max_depth': 12, 'n_estimators': 90}. Best is trial 12 with value: 1583511.4247476007.
[I 2025-01-23 14:17:35,558] Trial 42 finished with value: 1645961.1123257787 and parameters: {'max_depth': 11, 'n_estimators': 60}. Best is trial 12 with value: 1583511.4247476007.
[I 2025-01-23 14:17:40,750] Trial 43 finished with value: 1608039.834879194 and parameters: {'max_depth': 12, 'n_estimators': 99}. Best is trial 12 with value: 1583511.4247476007.
[I 2025-01-23 14:17:45,174] Trial 44 finished with value: 1692608.9380303663 and parameters: {'max_depth': 10, 'n_estimators': 75}. Best is trial 12 with value: 1583511.4247476007.
[I 2025-01-23 14:17:52,533] Trial 45 finished with value: 1638295.8596806687 and parameters: {'max_depth': 11, 'n_estimators': 89}. Best is trial 12 with value: 1583511.4247476007.
[I 2025-01-23 14:17:58,179] Trial 46 finished with value: 1728430.5783449498 and parameters: {'max_depth': 10, 'n_estimators': 75}. Best is trial 12 with value: 1583511.4247476007.
[I 2025-01-23 14:18:04,281] Trial 47 finished with value: 1753169.9343133927 and parameters: {'max_depth': 9, 'n_estimators': 56}. Best is trial 12 with value: 1583511.4247476007.
[I 2025-01-23 14:18:08,309] Trial 48 finished with value: 1764041.2388122894 and parameters: {'max_depth': 12, 'n_estimators': 9}. Best is trial 12 with value: 1583511.4247476007.
[I 2025-01-23 14:18:10,732] Trial 49 finished with value: 3658850.0805271165 and parameters: {'max_depth': 2, 'n_estimators': 90}. Best is trial 12 with value: 1583511.4247476007.
[I 2025-01-23 14:18:12,615] Trial 50 finished with value: 1718908.3724744737 and parameters: {'max_depth': 11, 'n_estimators': 21}. Best is trial 12 with value: 1583511.4247476007.
[I 2025-01-23 14:18:15,821] Trial 51 finished with value: 1631764.3907837577 and parameters: {'max_depth': 12, 'n_estimators': 74}. Best is trial 12 with value: 1583511.4247476007.
[I 2025-01-23 14:18:20,639] Trial 52 finished with value: 1745216.9569052618 and parameters: {'max_depth': 9, 'n_estimators': 100}. Best is trial 12 with value: 1583511.4247476007.
[I 2025-01-23 14:18:28,879] Trial 53 finished with value: 1594844.8596663685 and parameters: {'max_depth': 12, 'n_estimators': 70}. Best is trial 12 with value: 1583511.4247476007.
[I 2025-01-23 14:18:34,962] Trial 54 finished with value: 2532072.458161944 and parameters: {'max_depth': 4, 'n_estimators': 63}. Best is trial 12 with value: 1583511.4247476007.
[I 2025-01-23 14:18:40,039] Trial 55 finished with value: 1702158.9876188166 and parameters: {'max_depth': 10, 'n_estimators': 90}. Best is trial 12 with value: 1583511.4247476007.
[I 2025-01-23 14:18:41,852] Trial 56 finished with value: 2256527.252701693 and parameters: {'max_depth': 5, 'n_estimators': 79}. Best is trial 12 with value: 1583511.4247476007.
[I 2025-01-23 14:18:44,488] Trial 57 finished with value: 1852892.311877539 and parameters: {'max_depth': 8, 'n_estimators': 69}. Best is trial 12 with value: 1583511.4247476007.
[I 2025-01-23 14:18:50,279] Trial 58 finished with value: 1609041.6612729884 and parameters: {'max_depth': 12, 'n_estimators': 40}. Best is trial 12 with value: 1583511.4247476007.
[I 2025-01-23 14:18:55,318] Trial 59 finished with value: 1721753.5522649921 and parameters: {'max_depth': 10, 'n_estimators': 18}. Best is trial 12 with value: 1583511.4247476007.
[I 2025-01-23 14:19:01,380] Trial 60 finished with value: 1664777.4131187727 and parameters: {'max_depth': 11, 'n_estimators': 53}. Best is trial 12 with value: 1583511.4247476007.
[I 2025-01-23 14:19:08,264] Trial 61 finished with value: 1636538.8893490625 and parameters: {'max_depth': 12, 'n_estimators': 71}. Best is trial 12 with value: 1583511.4247476007.
[I 2025-01-23 14:19:12,330] Trial 62 finished with value: 1637360.243766188 and parameters: {'max_depth': 11, 'n_estimators': 94}. Best is trial 12 with value: 1583511.4247476007.
[I 2025-01-23 14:19:14,479] Trial 63 finished with value: 1633530.7144413292 and parameters: {'max_depth': 12, 'n_estimators': 24}. Best is trial 12 with value: 1583511.4247476007.
[I 2025-01-23 14:19:18,161] Trial 64 finished with value: 1653178.7696321895 and parameters: {'max_depth': 11, 'n_estimators': 81}. Best is trial 12 with value: 1583511.4247476007.
[I 2025-01-23 14:19:24,779] Trial 65 finished with value: 1708247.1575297737 and parameters: {'max_depth': 10, 'n_estimators': 63}. Best is trial 12 with value: 1583511.4247476007.
[I 2025-01-23 14:19:31,465] Trial 66 finished with value: 1644633.4643188075 and parameters: {'max_depth': 11, 'n_estimators': 83}. Best is trial 12 with value: 1583511.4247476007.
[I 2025-01-23 14:19:40,512] Trial 67 finished with value: 1665264.3078766475 and parameters: {'max_depth': 10, 'n_estimators': 92}. Best is trial 12 with value: 1583511.4247476007.
[I 2025-01-23 14:19:43,374] Trial 68 finished with value: 1768905.1505679414 and parameters: {'max_depth': 9, 'n_estimators': 76}. Best is trial 12 with value: 1583511.4247476007.
[I 2025-01-23 14:19:45,527] Trial 69 finished with value: 1865489.570043731 and parameters: {'max_depth': 8, 'n_estimators': 60}. Best is trial 12 with value: 1583511.4247476007.
[I 2025-01-23 14:19:48,671] Trial 70 finished with value: 1619856.8401785276 and parameters: {'max_depth': 12, 'n_estimators': 69}. Best is trial 12 with value: 1583511.4247476007.
[I 2025-01-23 14:19:57,661] Trial 71 finished with value: 1604709.3660926707 and parameters: {'max_depth': 12, 'n_estimators': 99}. Best is trial 12 with value: 1583511.4247476007.
[I 2025-01-23 14:20:04,483] Trial 72 finished with value: 1640026.9935047298 and parameters: {'max_depth': 11, 'n_estimators': 99}. Best is trial 12 with value: 1583511.4247476007.
[I 2025-01-23 14:20:10,910] Trial 73 finished with value: 1616149.1247267718 and parameters: {'max_depth': 12, 'n_estimators': 85}. Best is trial 12 with value: 1583511.4247476007.
[I 2025-01-23 14:20:14,506] Trial 74 finished with value: 1662452.8268803186 and parameters: {'max_depth': 11, 'n_estimators': 90}. Best is trial 12 with value: 1583511.4247476007.
[I 2025-01-23 14:20:20,979] Trial 75 finished with value: 1672012.7440817188 and parameters: {'max_depth': 10, 'n_estimators': 77}. Best is trial 12 with value: 1583511.4247476007.
[I 2025-01-23 14:20:28,660] Trial 76 finished with value: 1595103.6093664225 and parameters: {'max_depth': 12, 'n_estimators': 93}. Best is trial 12 with value: 1583511.4247476007.
[I 2025-01-23 14:20:33,598] Trial 77 finished with value: 1773182.9404794555 and parameters: {'max_depth': 9, 'n_estimators': 67}. Best is trial 12 with value: 1583511.4247476007.
[I 2025-01-23 14:20:38,920] Trial 78 finished with value: 1665451.0049462616 and parameters: {'max_depth': 11, 'n_estimators': 85}. Best is trial 12 with value: 1583511.4247476007.
[I 2025-01-23 14:20:44,738] Trial 79 finished with value: 1617616.0273761526 and parameters: {'max_depth': 12, 'n_estimators': 80}. Best is trial 12 with value: 1583511.4247476007.
[I 2025-01-23 14:20:47,800] Trial 80 finished with value: 1711354.4035149675 and parameters: {'max_depth': 10, 'n_estimators': 47}. Best is trial 12 with value: 1583511.4247476007.
[I 2025-01-23 14:20:55,005] Trial 81 finished with value: 1611455.718093124 and parameters: {'max_depth': 12, 'n_estimators': 93}. Best is trial 12 with value: 1583511.4247476007.
[I 2025-01-23 14:21:02,677] Trial 82 finished with value: 1651026.1840434596 and parameters: {'max_depth': 11, 'n_estimators': 99}. Best is trial 12 with value: 1583511.4247476007.
[I 2025-01-23 14:21:09,030] Trial 83 finished with value: 1590139.0058924772 and parameters: {'max_depth': 12, 'n_estimators': 93}. Best is trial 12 with value: 1583511.4247476007.
[I 2025-01-23 14:21:14,533] Trial 84 finished with value: 1638518.8216979825 and parameters: {'max_depth': 11, 'n_estimators': 73}. Best is trial 12 with value: 1583511.4247476007.
[I 2025-01-23 14:21:18,397] Trial 85 finished with value: 1638862.0688558072 and parameters: {'max_depth': 12, 'n_estimators': 86}. Best is trial 12 with value: 1583511.4247476007.
[I 2025-01-23 14:21:23,970] Trial 86 finished with value: 1692338.9465379636 and parameters: {'max_depth': 10, 'n_estimators': 79}. Best is trial 12 with value: 1583511.4247476007.
[I 2025-01-23 14:21:24,938] Trial 87 finished with value: 1796060.9994042483 and parameters: {'max_depth': 9, 'n_estimators': 14}. Best is trial 12 with value: 1583511.4247476007.
[I 2025-01-23 14:21:33,485] Trial 88 finished with value: 1960341.56281775 and parameters: {'max_depth': 7, 'n_estimators': 93}. Best is trial 12 with value: 1583511.4247476007.
[I 2025-01-23 14:21:40,186] Trial 89 finished with value: 2092256.6897741999 and parameters: {'max_depth': 6, 'n_estimators': 72}. Best is trial 12 with value: 1583511.4247476007.
[I 2025-01-23 14:21:43,108] Trial 90 finished with value: 1590471.7599758147 and parameters: {'max_depth': 12, 'n_estimators': 64}. Best is trial 12 with value: 1583511.4247476007.
[I 2025-01-23 14:21:46,103] Trial 91 finished with value: 1624470.8858602208 and parameters: {'max_depth': 12, 'n_estimators': 64}. Best is trial 12 with value: 1583511.4247476007.
[I 2025-01-23 14:21:49,748] Trial 92 finished with value: 1648511.071284002 and parameters: {'max_depth': 11, 'n_estimators': 86}. Best is trial 12 with value: 1583511.4247476007.
[I 2025-01-23 14:21:58,208] Trial 93 finished with value: 1621594.8827861322 and parameters: {'max_depth': 12, 'n_estimators': 93}. Best is trial 12 with value: 1583511.4247476007.
[I 2025-01-23 14:22:05,939] Trial 94 finished with value: 1637626.762496117 and parameters: {'max_depth': 11, 'n_estimators': 58}. Best is trial 12 with value: 1583511.4247476007.
[I 2025-01-23 14:22:11,576] Trial 95 finished with value: 1586941.782317855 and parameters: {'max_depth': 12, 'n_estimators': 81}. Best is trial 12 with value: 1583511.4247476007.
[I 2025-01-23 14:22:14,994] Trial 96 finished with value: 1612376.1919899082 and parameters: {'max_depth': 12, 'n_estimators': 79}. Best is trial 12 with value: 1583511.4247476007.
[I 2025-01-23 14:22:20,146] Trial 97 finished with value: 1700894.4114385154 and parameters: {'max_depth': 10, 'n_estimators': 94}. Best is trial 12 with value: 1583511.4247476007.
[I 2025-01-23 14:22:27,437] Trial 98 finished with value: 1664405.8940603205 and parameters: {'max_depth': 11, 'n_estimators': 86}. Best is trial 12 with value: 1583511.4247476007.
[I 2025-01-23 14:22:28,486] Trial 99 finished with value: 3047330.679439311 and parameters: {'max_depth': 3, 'n_estimators': 30}. Best is trial 12 with value: 1583511.4247476007.
[I 2025-01-23 14:22:32,452] Trial 100 finished with value: 2257000.5662959786 and parameters: {'max_depth': 5, 'n_estimators': 67}. Best is trial 12 with value: 1583511.4247476007.
[I 2025-01-23 14:22:42,040] Trial 101 finished with value: 1597589.6629719227 and parameters: {'max_depth': 12, 'n_estimators': 71}. Best is trial 12 with value: 1583511.4247476007.
[I 2025-01-23 14:22:48,080] Trial 102 finished with value: 1595904.7897129704 and parameters: {'max_depth': 12, 'n_estimators': 81}. Best is trial 12 with value: 1583511.4247476007.
[I 2025-01-23 14:22:50,491] Trial 103 finished with value: 1606065.1530517102 and parameters: {'max_depth': 12, 'n_estimators': 51}. Best is trial 12 with value: 1583511.4247476007.
[I 2025-01-23 14:22:53,719] Trial 104 finished with value: 1627251.0982343124 and parameters: {'max_depth': 12, 'n_estimators': 73}. Best is trial 12 with value: 1583511.4247476007.
[I 2025-01-23 14:22:58,899] Trial 105 finished with value: 1644427.1176960974 and parameters: {'max_depth': 11, 'n_estimators': 55}. Best is trial 12 with value: 1583511.4247476007.
[I 2025-01-23 14:23:05,368] Trial 106 finished with value: 1716847.6992907585 and parameters: {'max_depth': 10, 'n_estimators': 81}. Best is trial 12 with value: 1583511.4247476007.
[I 2025-01-23 14:23:12,059] Trial 107 finished with value: 1619964.3853666573 and parameters: {'max_depth': 12, 'n_estimators': 61}. Best is trial 12 with value: 1583511.4247476007.
[I 2025-01-23 14:23:21,170] Trial 108 finished with value: 1619005.0614266517 and parameters: {'max_depth': 11, 'n_estimators': 87}. Best is trial 12 with value: 1583511.4247476007.
[I 2025-01-23 14:23:25,041] Trial 109 finished with value: 1632429.540976147 and parameters: {'max_depth': 12, 'n_estimators': 77}. Best is trial 12 with value: 1583511.4247476007.
[I 2025-01-23 14:23:27,184] Trial 110 finished with value: 1834837.2233661073 and parameters: {'max_depth': 10, 'n_estimators': 10}. Best is trial 12 with value: 1583511.4247476007.
[I 2025-01-23 14:23:30,907] Trial 111 finished with value: 1621580.9608406483 and parameters: {'max_depth': 11, 'n_estimators': 93}. Best is trial 12 with value: 1583511.4247476007.
[I 2025-01-23 14:23:37,609] Trial 112 finished with value: 1591555.257821741 and parameters: {'max_depth': 12, 'n_estimators': 96}. Best is trial 12 with value: 1583511.4247476007.
[I 2025-01-23 14:23:44,984] Trial 113 finished with value: 1614858.3266049456 and parameters: {'max_depth': 12, 'n_estimators': 89}. Best is trial 12 with value: 1583511.4247476007.
[I 2025-01-23 14:23:52,278] Trial 114 finished with value: 1680460.3578255598 and parameters: {'max_depth': 11, 'n_estimators': 69}. Best is trial 12 with value: 1583511.4247476007.
[I 2025-01-23 14:23:56,429] Trial 115 finished with value: 1648619.3000054888 and parameters: {'max_depth': 11, 'n_estimators': 96}. Best is trial 12 with value: 1583511.4247476007.
[I 2025-01-23 14:24:00,397] Trial 116 finished with value: 1604813.7756337863 and parameters: {'max_depth': 12, 'n_estimators': 81}. Best is trial 12 with value: 1583511.4247476007.
[I 2025-01-23 14:24:09,927] Trial 117 finished with value: 1591521.4500230965 and parameters: {'max_depth': 12, 'n_estimators': 100}. Best is trial 12 with value: 1583511.4247476007.
[I 2025-01-23 14:24:16,754] Trial 118 finished with value: 1607468.1005628281 and parameters: {'max_depth': 12, 'n_estimators': 75}. Best is trial 12 with value: 1583511.4247476007.
[I 2025-01-23 14:24:24,551] Trial 119 finished with value: 1707996.9355245489 and parameters: {'max_depth': 10, 'n_estimators': 99}. Best is trial 12 with value: 1583511.4247476007.
[I 2025-01-23 14:24:28,335] Trial 120 finished with value: 1640815.018071088 and parameters: {'max_depth': 11, 'n_estimators': 85}. Best is trial 12 with value: 1583511.4247476007.
