Trial 65 finished with value: 1708247.1575297737 and parameters: {'max_depth': 10, 'n_estimators': 63}. Best is trial 12 with value: 1583511.4247476007.
Saved Losses
{'MSE - mean': 1498870.3545617906, 'MSE - std': 0.0, 'R2 - mean': 0.7406416992863465, 'R2 - std': 0.0} 
 

Saved Losses
{'MSE - mean': 1794823.085838918, 'MSE - std': 295952.7312771275, 'R2 - mean': 0.686049382293052, 'R2 - std': 0.054592316993294476} 
 

Saved Losses
{'MSE - mean': 1693716.3638608695, 'MSE - std': 280779.5420347084, 'R2 - mean': 0.7034387774428787, 'R2 - std': 0.05090837695132175} 
 

Saved Losses
{'MSE - mean': 1703305.984452133, 'MSE - std': 243728.83680058992, 'R2 - mean': 0.7017086698485692, 'R2 - std': 0.04418967016992845} 
 

Saved Losses
{'MSE - mean': 1644633.4643188075, 'MSE - std': 247573.93882579176, 'R2 - mean': 0.7123692267789501, 'R2 - std': 0.044908478665450495} 
 

Saving model.....
Results After CV: {'MSE - mean': 1644633.4643188075, 'MSE - std': 247573.93882579176, 'R2 - mean': 0.7123692267789501, 'R2 - std': 0.044908478665450495}
Train time: 3.6283541670000203
Inference time: 0.036290047599959505
Finished cross validation
Hyperparam was saved!!! Hurrah!!!
Trial 66 finished with value: 1644633.4643188075 and parameters: {'max_depth': 11, 'n_estimators': 83}. Best is trial 12 with value: 1583511.4247476007.
Saved Losses
{'MSE - mean': 1506146.0056329714, 'MSE - std': 0.0, 'R2 - mean': 0.739382750843832, 'R2 - std': 0.0} 
 

Saved Losses
{'MSE - mean': 1825114.0066452974, 'MSE - std': 318968.001012326, 'R2 - mean': 0.6807217429842097, 'R2 - std': 0.05866100785962225} 
 

Saved Losses
{'MSE - mean': 1715134.0206337601, 'MSE - std': 303345.10340434907, 'R2 - mean': 0.6996722374543604, 'R2 - std': 0.05488459143266773} 
 

Saved Losses
{'MSE - mean': 1732427.144897231, 'MSE - std': 264406.59080272925, 'R2 - mean': 0.69659585073712, 'R2 - std': 0.04782918824577924} 
 

Saved Losses
{'MSE - mean': 1665264.3078766475, 'MSE - std': 271978.0559430326, 'R2 - mean': 0.7087422243015066, 'R2 - std': 0.04919596082670475} 
 

Saving model.....
Results After CV: {'MSE - mean': 1665264.3078766475, 'MSE - std': 271978.0559430326, 'R2 - mean': 0.7087422243015066, 'R2 - std': 0.04919596082670475}
Train time: 3.621319820599979
Inference time: 0.035176565200026745
Finished cross validation
Hyperparam was saved!!! Hurrah!!!
Trial 67 finished with value: 1665264.3078766475 and parameters: {'max_depth': 10, 'n_estimators': 92}. Best is trial 12 with value: 1583511.4247476007.
Saved Losses
{'MSE - mean': 1586327.7420274403, 'MSE - std': 0.0, 'R2 - mean': 0.7255084362066467, 'R2 - std': 0.0} 
 

Saved Losses
{'MSE - mean': 1936744.6899736645, 'MSE - std': 350416.947946224, 'R2 - mean': 0.661174198076235, 'R2 - std': 0.06433423813041173} 
 

Saved Losses
{'MSE - mean': 1818247.9084456272, 'MSE - std': 331578.5468587666, 'R2 - mean': 0.6816043881291964, 'R2 - std': 0.05995038055270321} 
 

Saved Losses
{'MSE - mean': 1843999.361703463, 'MSE - std': 290598.7983240811, 'R2 - mean': 0.6770462385927025, 'R2 - std': 0.05251539086688368} 
 

Saved Losses
{'MSE - mean': 1768905.1505679414, 'MSE - std': 300191.0915636657, 'R2 - mean': 0.6906033652895351, 'R2 - std': 0.054235373691135666} 
 

Saving model.....
Results After CV: {'MSE - mean': 1768905.1505679414, 'MSE - std': 300191.0915636657, 'R2 - mean': 0.6906033652895351, 'R2 - std': 0.054235373691135666}
Train time: 2.8847308553999937
Inference time: 0.030581177799990655
Finished cross validation
Hyperparam was saved!!! Hurrah!!!
Trial 68 finished with value: 1768905.1505679414 and parameters: {'max_depth': 9, 'n_estimators': 76}. Best is trial 12 with value: 1583511.4247476007.
Saved Losses
{'MSE - mean': 1727508.5823055543, 'MSE - std': 0.0, 'R2 - mean': 0.7010790899883992, 'R2 - std': 0.0} 
 

Saved Losses
{'MSE - mean': 2033588.7666444601, 'MSE - std': 306080.18433890585, 'R2 - mean': 0.6443317693054997, 'R2 - std': 0.05674732068289945} 
 

Saved Losses
{'MSE - mean': 1929656.2171324175, 'MSE - std': 289932.18033321545, 'R2 - mean': 0.6621539576490529, 'R2 - std': 0.05274561338314988} 
 

Saved Losses
{'MSE - mean': 1928480.4861031808, 'MSE - std': 251096.89150791662, 'R2 - mean': 0.6622963626769636, 'R2 - std': 0.045679707047544225} 
 

Saved Losses
{'MSE - mean': 1865489.570043731, 'MSE - std': 257509.49723065624, 'R2 - mean': 0.6737645741334618, 'R2 - std': 0.04685496777080742} 
 

Saving model.....
Results After CV: {'MSE - mean': 1865489.570043731, 'MSE - std': 257509.49723065624, 'R2 - mean': 0.6737645741334618, 'R2 - std': 0.04685496777080742}
Train time: 2.046451521200015
Inference time: 0.02592130079999606
Finished cross validation
Hyperparam was saved!!! Hurrah!!!
Trial 69 finished with value: 1865489.570043731 and parameters: {'max_depth': 8, 'n_estimators': 60}. Best is trial 12 with value: 1583511.4247476007.
Saved Losses
{'MSE - mean': 1440017.7679503202, 'MSE - std': 0.0, 'R2 - mean': 0.7508253064340219, 'R2 - std': 0.0} 
 

Saved Losses
{'MSE - mean': 1728531.8040930065, 'MSE - std': 288514.0361426865, 'R2 - mean': 0.6976394105527739, 'R2 - std': 0.05318589588124806} 
 

Saved Losses
{'MSE - mean': 1645735.2034973565, 'MSE - std': 263066.75991964503, 'R2 - mean': 0.7118301367272829, 'R2 - std': 0.04783910289550902} 
 

Saved Losses
{'MSE - mean': 1677030.2159648226, 'MSE - std': 234182.03079438375, 'R2 - mean': 0.706300855361788, 'R2 - std': 0.042522390356631544} 
 

Saved Losses
{'MSE - mean': 1619856.8401785276, 'MSE - std': 238638.1328136577, 'R2 - mean': 0.7166956108047045, 'R2 - std': 0.04334428114740816} 
 

Saving model.....
Results After CV: {'MSE - mean': 1619856.8401785276, 'MSE - std': 238638.1328136577, 'R2 - mean': 0.7166956108047045, 'R2 - std': 0.04334428114740816}
Train time: 3.1828160816000035
Inference time: 0.030754437000018696
Finished cross validation
Hyperparam was saved!!! Hurrah!!!
Trial 70 finished with value: 1619856.8401785276 and parameters: {'max_depth': 12, 'n_estimators': 69}. Best is trial 12 with value: 1583511.4247476007.
Saved Losses
{'MSE - mean': 1405774.6192221106, 'MSE - std': 0.0, 'R2 - mean': 0.7567505986637356, 'R2 - std': 0.0} 
 

Saved Losses
{'MSE - mean': 1732999.9491341077, 'MSE - std': 327225.32991199696, 'R2 - mean': 0.6967964174002297, 'R2 - std': 0.059954181263505935} 
 

Saved Losses
{'MSE - mean': 1631241.8022083014, 'MSE - std': 303469.4690116697, 'R2 - mean': 0.7143347834675948, 'R2 - std': 0.05487735843931777} 
 

Saved Losses
{'MSE - mean': 1663472.9180084881, 'MSE - std': 268676.0566999667, 'R2 - mean': 0.7086501804387488, 'R2 - std': 0.0485343948838833} 
 

Saved Losses
{'MSE - mean': 1604709.3660926707, 'MSE - std': 267510.89489986555, 'R2 - mean': 0.7193225132746879, 'R2 - std': 0.048374215673641884} 
 

Saving model.....
Results After CV: {'MSE - mean': 1604709.3660926707, 'MSE - std': 267510.89489986555, 'R2 - mean': 0.7193225132746879, 'R2 - std': 0.048374215673641884}
Train time: 4.4504045941999495
Inference time: 0.03964365500005442
Finished cross validation
Hyperparam was saved!!! Hurrah!!!
Trial 71 finished with value: 1604709.3660926707 and parameters: {'max_depth': 12, 'n_estimators': 99}. Best is trial 12 with value: 1583511.4247476007.
Saved Losses
{'MSE - mean': 1485506.1659900986, 'MSE - std': 0.0, 'R2 - mean': 0.7429541829696896, 'R2 - std': 0.0} 
 

Saved Losses
{'MSE - mean': 1794942.0058707162, 'MSE - std': 309435.8398806177, 'R2 - mean': 0.6860068032209536, 'R2 - std': 0.05694737974873593} 
 

Saved Losses
{'MSE - mean': 1679979.872188918, 'MSE - std': 300443.4672775543, 'R2 - mean': 0.7058352785801348, 'R2 - std': 0.054298614871564274} 
 

Saved Losses
{'MSE - mean': 1707063.5122552062, 'MSE - std': 264386.6079249097, 'R2 - mean': 0.7010425721071034, 'R2 - std': 0.04775107107424668} 
 

Saved Losses
{'MSE - mean': 1640026.9935047298, 'MSE - std': 271837.82324165973, 'R2 - mean': 0.7131590780109398, 'R2 - std': 0.04910570936521556} 
 

Saving model.....
Results After CV: {'MSE - mean': 1640026.9935047298, 'MSE - std': 271837.82324165973, 'R2 - mean': 0.7131590780109398, 'R2 - std': 0.04910570936521556}
Train time: 4.000747382600025
Inference time: 0.03753682840001602
Finished cross validation
Hyperparam was saved!!! Hurrah!!!
Trial 72 finished with value: 1640026.9935047298 and parameters: {'max_depth': 11, 'n_estimators': 99}. Best is trial 12 with value: 1583511.4247476007.
Saved Losses
{'MSE - mean': 1452806.8603292226, 'MSE - std': 0.0, 'R2 - mean': 0.7486123350072624, 'R2 - std': 0.0} 
 

Saved Losses
{'MSE - mean': 1768007.3094191398, 'MSE - std': 315200.44908991724, 'R2 - mean': 0.6907017144039547, 'R2 - std': 0.05791062060330776} 
 

Saved Losses
{'MSE - mean': 1680091.9003452351, 'MSE - std': 285818.9176901831, 'R2 - mean': 0.7057939121996432, 'R2 - std': 0.0518778262303064} 
 

Saved Losses
{'MSE - mean': 1692796.966021519, 'MSE - std': 248502.70896653578, 'R2 - mean': 0.7035259501546689, 'R2 - std': 0.04509892012342127} 
 

Saved Losses
{'MSE - mean': 1616149.1247267718, 'MSE - std': 270004.5247612424, 'R2 - mean': 0.7173116064302224, 'R2 - std': 0.04886007933712159} 
 

Saving model.....
Results After CV: {'MSE - mean': 1616149.1247267718, 'MSE - std': 270004.5247612424, 'R2 - mean': 0.7173116064302224, 'R2 - std': 0.04886007933712159}
Train time: 3.616823211199994
Inference time: 0.034118950000015504
Finished cross validation
Hyperparam was saved!!! Hurrah!!!
Trial 73 finished with value: 1616149.1247267718 and parameters: {'max_depth': 12, 'n_estimators': 85}. Best is trial 12 with value: 1583511.4247476007.
Saved Losses
{'MSE - mean': 1503166.6240840296, 'MSE - std': 0.0, 'R2 - mean': 0.7398982906524347, 'R2 - std': 0.0} 
 

Saved Losses
{'MSE - mean': 1830286.6823877906, 'MSE - std': 327120.0583037612, 'R2 - mean': 0.6798051315473315, 'R2 - std': 0.060093159105103267} 
 

Saved Losses
{'MSE - mean': 1705145.9286676133, 'MSE - std': 320404.0753690235, 'R2 - mean': 0.7014194895999303, 'R2 - std': 0.05780847223553004} 
 

Saved Losses
{'MSE - mean': 1730714.8334838771, 'MSE - std': 280990.00928025646, 'R2 - mean': 0.696893777655835, 'R2 - std': 0.05067357104504589} 
 

Saved Losses
{'MSE - mean': 1662452.8268803186, 'MSE - std': 286012.4375519918, 'R2 - mean': 0.7092310605002872, 'R2 - std': 0.05160506597129683} 
 

Saving model.....
Results After CV: {'MSE - mean': 1662452.8268803186, 'MSE - std': 286012.4375519918, 'R2 - mean': 0.7092310605002872, 'R2 - std': 0.05160506597129683}
Train time: 3.829149983599996
Inference time: 0.03447144719998505
Finished cross validation
Hyperparam was saved!!! Hurrah!!!
Trial 74 finished with value: 1662452.8268803186 and parameters: {'max_depth': 11, 'n_estimators': 90}. Best is trial 12 with value: 1583511.4247476007.
Saved Losses
{'MSE - mean': 1556249.5757308332, 'MSE - std': 0.0, 'R2 - mean': 0.7307130371753219, 'R2 - std': 0.0} 
 

Saved Losses
{'MSE - mean': 1829255.660693711, 'MSE - std': 273006.0849628777, 'R2 - mean': 0.680072733757723, 'R2 - std': 0.050640303417598787} 
 

Saved Losses
{'MSE - mean': 1716466.406018639, 'MSE - std': 274100.43212568725, 'R2 - mean': 0.6994903271987415, 'R2 - std': 0.049635801161047204} 
 

Saved Losses
{'MSE - mean': 1740754.2555873175, 'MSE - std': 241076.71824261392, 'R2 - mean': 0.6951754900257656, 'R2 - std': 0.04363070051193476} 
 

Saved Losses
{'MSE - mean': 1672012.7440817188, 'MSE - std': 255726.35546458716, 'R2 - mean': 0.7075908626581573, 'R2 - std': 0.046254473644548884} 
 

Saving model.....
Results After CV: {'MSE - mean': 1672012.7440817188, 'MSE - std': 255726.35546458716, 'R2 - mean': 0.7075908626581573, 'R2 - std': 0.046254473644548884}
Train time: 2.9963768770000114
Inference time: 0.031918704799977604
Finished cross validation
Hyperparam was saved!!! Hurrah!!!
Trial 75 finished with value: 1672012.7440817188 and parameters: {'max_depth': 10, 'n_estimators': 77}. Best is trial 12 with value: 1583511.4247476007.
Saved Losses
{'MSE - mean': 1426900.5687856986, 'MSE - std': 0.0, 'R2 - mean': 0.7530950520962165, 'R2 - std': 0.0} 
 

Saved Losses
{'MSE - mean': 1720334.7638001, 'MSE - std': 293434.1950144012, 'R2 - mean': 0.6990630928023043, 'R2 - std': 0.05403195929391219} 
 

Saved Losses
{'MSE - mean': 1640545.3097619328, 'MSE - std': 264830.38311452116, 'R2 - mean': 0.7127310265022561, 'R2 - std': 0.04816561609016551} 
 

Saved Losses
{'MSE - mean': 1667213.9164413952, 'MSE - std': 233955.10811288064, 'R2 - mean': 0.7080144620534046, 'R2 - std': 0.04250509229032938} 
 

Saved Losses
{'MSE - mean': 1595103.6093664225, 'MSE - std': 254140.86573291427, 'R2 - mean': 0.7210030348209968, 'R2 - std': 0.046045177669802644} 
 

Saving model.....
Results After CV: {'MSE - mean': 1595103.6093664225, 'MSE - std': 254140.86573291427, 'R2 - mean': 0.7210030348209968, 'R2 - std': 0.046045177669802644}
Train time: 4.259352290199968
Inference time: 0.03740302080002493
Finished cross validation
Hyperparam was saved!!! Hurrah!!!
Trial 76 finished with value: 1595103.6093664225 and parameters: {'max_depth': 12, 'n_estimators': 93}. Best is trial 12 with value: 1583511.4247476007.
Saved Losses
{'MSE - mean': 1620289.9517914492, 'MSE - std': 0.0, 'R2 - mean': 0.7196317564884405, 'R2 - std': 0.0} 
 

Saved Losses
{'MSE - mean': 1930639.9904207047, 'MSE - std': 310350.0386292554, 'R2 - mean': 0.6623052137390039, 'R2 - std': 0.057326542749436604} 
 

Saved Losses
{'MSE - mean': 1833985.033269969, 'MSE - std': 287916.2942044232, 'R2 - mean': 0.6788819689852593, 'R2 - std': 0.05234946002323075} 
 

Saved Losses
{'MSE - mean': 1846377.4935234264, 'MSE - std': 250264.9866935176, 'R2 - mean': 0.6766557542111697, 'R2 - std': 0.04549964362721977} 
 

Saved Losses
{'MSE - mean': 1773182.9404794555, 'MSE - std': 267461.81266302645, 'R2 - mean': 0.6898782537766619, 'R2 - std': 0.04853361757793214} 
 

Saving model.....
Results After CV: {'MSE - mean': 1773182.9404794555, 'MSE - std': 267461.81266302645, 'R2 - mean': 0.6898782537766619, 'R2 - std': 0.04853361757793214}
Train time: 2.4365137406000485
Inference time: 0.030221676399969512
Finished cross validation
Hyperparam was saved!!! Hurrah!!!
Trial 77 finished with value: 1773182.9404794555 and parameters: {'max_depth': 9, 'n_estimators': 67}. Best is trial 12 with value: 1583511.4247476007.
Saved Losses
{'MSE - mean': 1513922.3718942967, 'MSE - std': 0.0, 'R2 - mean': 0.7380371607244957, 'R2 - std': 0.0} 
 

Saved Losses
{'MSE - mean': 1811879.2030417812, 'MSE - std': 297956.8311474845, 'R2 - mean': 0.6830672322045617, 'R2 - std': 0.054969928519933986} 
 

Saved Losses
{'MSE - mean': 1719256.8307507427, 'MSE - std': 276302.9554358885, 'R2 - mean': 0.698963666287161, 'R2 - std': 0.05019815993383243} 
 

Saved Losses
{'MSE - mean': 1735151.93786174, 'MSE - std': 240863.97754160987, 'R2 - mean': 0.6961287805788304, 'R2 - std': 0.04374929915432765} 
 

Saved Losses
{'MSE - mean': 1665451.0049462616, 'MSE - std': 256603.28279054433, 'R2 - mean': 0.7087148911650116, 'R2 - std': 0.04652785896585203} 
 

Saving model.....
Results After CV: {'MSE - mean': 1665451.0049462616, 'MSE - std': 256603.28279054433, 'R2 - mean': 0.7087148911650116, 'R2 - std': 0.04652785896585203}
Train time: 3.637296826199963
Inference time: 0.03567210499995781
Finished cross validation
Hyperparam was saved!!! Hurrah!!!
Trial 78 finished with value: 1665451.0049462616 and parameters: {'max_depth': 11, 'n_estimators': 85}. Best is trial 12 with value: 1583511.4247476007.
Saved Losses
{'MSE - mean': 1455553.172208628, 'MSE - std': 0.0, 'R2 - mean': 0.7481371246062397, 'R2 - std': 0.0} 
 

Saved Losses
{'MSE - mean': 1762600.1635604948, 'MSE - std': 307046.991351867, 'R2 - mean': 0.6916592791027982, 'R2 - std': 0.05647784550344148} 
 

Saved Losses
{'MSE - mean': 1651474.0374379742, 'MSE - std': 295888.3828058914, 'R2 - mean': 0.7108224844925285, 'R2 - std': 0.05348789492422605} 
 

Saved Losses
{'MSE - mean': 1676534.9178612754, 'MSE - std': 259897.2768083331, 'R2 - mean': 0.7063860365408641, 'R2 - std': 0.04695489738943391} 
 

Saved Losses
{'MSE - mean': 1617616.0273761526, 'MSE - std': 260620.44857973338, 'R2 - mean': 0.7170842647732256, 'R2 - std': 0.04713404566052651} 
 

Saving model.....
Results After CV: {'MSE - mean': 1617616.0273761526, 'MSE - std': 260620.44857973338, 'R2 - mean': 0.7170842647732256, 'R2 - std': 0.04713404566052651}
Train time: 3.598329236800032
Inference time: 0.03280065779999859
Finished cross validation
Hyperparam was saved!!! Hurrah!!!
Trial 79 finished with value: 1617616.0273761526 and parameters: {'max_depth': 12, 'n_estimators': 80}. Best is trial 12 with value: 1583511.4247476007.
Saved Losses
{'MSE - mean': 1597662.5482883404, 'MSE - std': 0.0, 'R2 - mean': 0.7235471084094838, 'R2 - std': 0.0} 
 

Saved Losses
{'MSE - mean': 1892877.6920804372, 'MSE - std': 295215.1437920969, 'R2 - mean': 0.6689250076203996, 'R2 - std': 0.05462210078908408} 
 

Saved Losses
{'MSE - mean': 1762985.3836758037, 'MSE - std': 303059.96818258247, 'R2 - mean': 0.6913381417331182, 'R2 - std': 0.054715138897609164} 
 

Saved Losses
{'MSE - mean': 1765490.7056337665, 'MSE - std': 262493.5011585241, 'R2 - mean': 0.6908402483183376, 'R2 - std': 0.0473925470089543} 
 

Saved Losses
{'MSE - mean': 1711354.4035149675, 'MSE - std': 258544.43979470825, 'R2 - mean': 0.7007252716073038, 'R2 - std': 0.04677282919912348} 
 

Saving model.....
Results After CV: {'MSE - mean': 1711354.4035149675, 'MSE - std': 258544.43979470825, 'R2 - mean': 0.7007252716073038, 'R2 - std': 0.04677282919912348}
Train time: 1.9304084149999654
Inference time: 0.025294993400007116
Finished cross validation
Hyperparam was saved!!! Hurrah!!!
Trial 80 finished with value: 1711354.4035149675 and parameters: {'max_depth': 10, 'n_estimators': 47}. Best is trial 12 with value: 1583511.4247476007.
Saved Losses
{'MSE - mean': 1483231.90360657, 'MSE - std': 0.0, 'R2 - mean': 0.7433477118865661, 'R2 - std': 0.0} 
 

Saved Losses
{'MSE - mean': 1787070.321408385, 'MSE - std': 303838.41780181497, 'R2 - mean': 0.6873906734445875, 'R2 - std': 0.055957038441978635} 
 

Saved Losses
{'MSE - mean': 1667239.8021200246, 'MSE - std': 300439.50493797654, 'R2 - mean': 0.7080728728450186, 'R2 - std': 0.05424911837879437} 
 

Saved Losses
{'MSE - mean': 1686460.9168651097, 'MSE - std': 262309.50392935344, 'R2 - mean': 0.7046564385239077, 'R2 - std': 0.04735230938474626} 
 

Saved Losses
{'MSE - mean': 1611455.718093124, 'MSE - std': 278474.66680585354, 'R2 - mean': 0.7181507627977133, 'R2 - std': 0.05022131134967958} 
 

Saving model.....
Results After CV: {'MSE - mean': 1611455.718093124, 'MSE - std': 278474.66680585354, 'R2 - mean': 0.7181507627977133, 'R2 - std': 0.05022131134967958}
Train time: 4.133035624999979
Inference time: 0.03926069399999506
Finished cross validation
Hyperparam was saved!!! Hurrah!!!
Trial 81 finished with value: 1611455.718093124 and parameters: {'max_depth': 12, 'n_estimators': 93}. Best is trial 12 with value: 1583511.4247476007.
Saved Losses
{'MSE - mean': 1462913.9527835608, 'MSE - std': 0.0, 'R2 - mean': 0.7468634457079746, 'R2 - std': 0.0} 
 

Saved Losses
{'MSE - mean': 1802341.3800094665, 'MSE - std': 339427.4272259057, 'R2 - mean': 0.6846659653762809, 'R2 - std': 0.0621974803316937} 
 

Saved Losses
{'MSE - mean': 1680863.691157142, 'MSE - std': 326068.9753410098, 'R2 - mean': 0.7056520674872528, 'R2 - std': 0.058820495322905036} 
 

Saved Losses
{'MSE - mean': 1706142.8709421037, 'MSE - std': 285758.3652349539, 'R2 - mean': 0.7011826141987423, 'R2 - std': 0.051524906992817095} 
 

Saved Losses
{'MSE - mean': 1651026.1840434596, 'MSE - std': 278348.1117955271, 'R2 - mean': 0.7112319426042732, 'R2 - std': 0.05027731932097816} 
 

Saving model.....
Results After CV: {'MSE - mean': 1651026.1840434596, 'MSE - std': 278348.1117955271, 'R2 - mean': 0.7112319426042732, 'R2 - std': 0.05027731932097816}
Train time: 4.062596913000016
Inference time: 0.040871005000008155
Finished cross validation
Hyperparam was saved!!! Hurrah!!!
Trial 82 finished with value: 1651026.1840434596 and parameters: {'max_depth': 11, 'n_estimators': 99}. Best is trial 12 with value: 1583511.4247476007.
Saved Losses
{'MSE - mean': 1417228.390180996, 'MSE - std': 0.0, 'R2 - mean': 0.7547686857093439, 'R2 - std': 0.0} 
 

Saved Losses
{'MSE - mean': 1718974.6235527806, 'MSE - std': 301746.2333717847, 'R2 - mean': 0.6992872009410506, 'R2 - std': 0.05548148476829329} 
 

Saved Losses
{'MSE - mean': 1635194.976617636, 'MSE - std': 273383.58531044744, 'R2 - mean': 0.7136603495044733, 'R2 - std': 0.0496518368305613} 
 

Saved Losses
{'MSE - mean': 1658794.0183123685, 'MSE - std': 240259.61550919292, 'R2 - mean': 0.7094836430155408, 'R2 - std': 0.043604051494907974} 
 

Saved Losses
{'MSE - mean': 1590139.0058924772, 'MSE - std': 255017.233137688, 'R2 - mean': 0.7218705999325761, 'R2 - std': 0.046203868366993056} 
 

Saving model.....
Results After CV: {'MSE - mean': 1590139.0058924772, 'MSE - std': 255017.233137688, 'R2 - mean': 0.7218705999325761, 'R2 - std': 0.046203868366993056}
Train time: 3.9088182014000266
Inference time: 0.039926674600110346
Finished cross validation
Hyperparam was saved!!! Hurrah!!!
