Trial 155 finished with value: 1621040.596304011 and parameters: {'max_depth': 11, 'n_estimators': 95}. Best is trial 122 with value: 1568481.1046880991.
Saved Losses
{'MSE - mean': 1440021.292237838, 'MSE - std': 0.0, 'R2 - mean': 0.7508246966059475, 'R2 - std': 0.0} 
 

Saved Losses
{'MSE - mean': 1770776.8832379445, 'MSE - std': 330755.5910001063, 'R2 - mean': 0.6901928381376319, 'R2 - std': 0.06063185846831565} 
 

Saved Losses
{'MSE - mean': 1662853.2048700014, 'MSE - std': 310206.1916803415, 'R2 - mean': 0.7088043954240056, 'R2 - std': 0.056067771224912945} 
 

Saved Losses
{'MSE - mean': 1695859.3773673002, 'MSE - std': 274661.85262314806, 'R2 - mean': 0.702981909112649, 'R2 - std': 0.04959234082128697} 
 

Saved Losses
{'MSE - mean': 1639358.8928959253, 'MSE - std': 270408.07238524547, 'R2 - mean': 0.7132691913206574, 'R2 - std': 0.04889614417739472} 
 

Saving model.....
Results After CV: {'MSE - mean': 1639358.8928959253, 'MSE - std': 270408.07238524547, 'R2 - mean': 0.7132691913206574, 'R2 - std': 0.04889614417739472}
Train time: 3.803413630999876
Inference time: 0.036482133799927395
Finished cross validation
Hyperparam was saved!!! Hurrah!!!
Trial 156 finished with value: 1639358.8928959253 and parameters: {'max_depth': 11, 'n_estimators': 88}. Best is trial 122 with value: 1568481.1046880991.
Saved Losses
{'MSE - mean': 1454015.2713338973, 'MSE - std': 0.0, 'R2 - mean': 0.7484032365860532, 'R2 - std': 0.0} 
 

Saved Losses
{'MSE - mean': 1751908.1456994629, 'MSE - std': 297892.8743655656, 'R2 - mean': 0.6935414831169016, 'R2 - std': 0.05486175346915162} 
 

Saved Losses
{'MSE - mean': 1651605.0394554166, 'MSE - std': 281569.7710626289, 'R2 - mean': 0.7108032150258854, 'R2 - std': 0.05101446957614322} 
 

Saved Losses
{'MSE - mean': 1674307.851720439, 'MSE - std': 246996.7713076803, 'R2 - mean': 0.7067790098167229, 'R2 - std': 0.044726275971712456} 
 

Saved Losses
{'MSE - mean': 1608580.6087701784, 'MSE - std': 257072.37481399113, 'R2 - mean': 0.7186590411708971, 'R2 - std': 0.04652840411773081} 
 

Saving model.....
Results After CV: {'MSE - mean': 1608580.6087701784, 'MSE - std': 257072.37481399113, 'R2 - mean': 0.7186590411708971, 'R2 - std': 0.04652840411773081}
Train time: 4.360734262400001
Inference time: 0.04315836599998875
Finished cross validation
Hyperparam was saved!!! Hurrah!!!
Trial 157 finished with value: 1608580.6087701784 and parameters: {'max_depth': 12, 'n_estimators': 100}. Best is trial 122 with value: 1568481.1046880991.
Saved Losses
{'MSE - mean': 1537705.6014062646, 'MSE - std': 0.0, 'R2 - mean': 0.7339218094715114, 'R2 - std': 0.0} 
 

Saved Losses
{'MSE - mean': 1889280.4273563481, 'MSE - std': 351574.82595008356, 'R2 - mean': 0.6694621187513352, 'R2 - std': 0.06445969072017621} 
 

Saved Losses
{'MSE - mean': 1769767.2070269876, 'MSE - std': 333121.6872178637, 'R2 - mean': 0.6900849801650354, 'R2 - std': 0.06017174844507905} 
 

Saved Losses
{'MSE - mean': 1781024.0074413538, 'MSE - std': 289149.9447308676, 'R2 - mean': 0.6880699407182326, 'R2 - std': 0.05222701058953995} 
 

Saved Losses
{'MSE - mean': 1720088.46471817, 'MSE - std': 285899.8319309873, 'R2 - mean': 0.699150639845386, 'R2 - std': 0.05170354031091031} 
 

Saving model.....
Results After CV: {'MSE - mean': 1720088.46471817, 'MSE - std': 285899.8319309873, 'R2 - mean': 0.699150639845386, 'R2 - std': 0.05170354031091031}
Train time: 3.093927179400089
Inference time: 0.032924720800019715
Finished cross validation
Hyperparam was saved!!! Hurrah!!!
Trial 158 finished with value: 1720088.46471817 and parameters: {'max_depth': 10, 'n_estimators': 75}. Best is trial 122 with value: 1568481.1046880991.
Saved Losses
{'MSE - mean': 1380845.7044959876, 'MSE - std': 0.0, 'R2 - mean': 0.7610641945276642, 'R2 - std': 0.0} 
 

Saved Losses
{'MSE - mean': 1733099.3595635, 'MSE - std': 352253.6550675123, 'R2 - mean': 0.696738571050626, 'R2 - std': 0.06432562347703824} 
 

Saved Losses
{'MSE - mean': 1639908.3331430599, 'MSE - std': 316371.44806309283, 'R2 - mean': 0.712786737591575, 'R2 - std': 0.05721548032766306} 
 

Saved Losses
{'MSE - mean': 1668486.6978009485, 'MSE - std': 278421.15336610377, 'R2 - mean': 0.7077495329729122, 'R2 - std': 0.05031231144515955} 
 

Saved Losses
{'MSE - mean': 1602882.1552691343, 'MSE - std': 281479.11985901115, 'R2 - mean': 0.7196164336358378, 'R2 - std': 0.05087589086923947} 
 

Saving model.....
Results After CV: {'MSE - mean': 1602882.1552691343, 'MSE - std': 281479.11985901115, 'R2 - mean': 0.7196164336358378, 'R2 - std': 0.05087589086923947}
Train time: 3.8793161507998777
Inference time: 0.03746217459993204
Finished cross validation
Hyperparam was saved!!! Hurrah!!!
Trial 159 finished with value: 1602882.1552691343 and parameters: {'max_depth': 12, 'n_estimators': 84}. Best is trial 122 with value: 1568481.1046880991.
Saved Losses
{'MSE - mean': 1547546.3588230226, 'MSE - std': 0.0, 'R2 - mean': 0.7322190056809248, 'R2 - std': 0.0} 
 

Saved Losses
{'MSE - mean': 1872913.6029582699, 'MSE - std': 325367.2441352472, 'R2 - mean': 0.6723630313032386, 'R2 - std': 0.059855974377686194} 
 

Saved Losses
{'MSE - mean': 1736076.9351001785, 'MSE - std': 328670.72130800097, 'R2 - mean': 0.6960170076333482, 'R2 - std': 0.05922425999187818} 
 

Saved Losses
{'MSE - mean': 1743661.9513117245, 'MSE - std': 284940.221268654, 'R2 - mean': 0.6946380464156607, 'R2 - std': 0.05134529511852906} 
 

Saved Losses
{'MSE - mean': 1681282.7774851169, 'MSE - std': 283755.8617305801, 'R2 - mean': 0.7059543555760122, 'R2 - std': 0.05119869995124575} 
 

Saving model.....
Results After CV: {'MSE - mean': 1681282.7774851169, 'MSE - std': 283755.8617305801, 'R2 - mean': 0.7059543555760122, 'R2 - std': 0.05119869995124575}
Train time: 1.4674051100000725
Inference time: 0.016043526799967366
Finished cross validation
Hyperparam was saved!!! Hurrah!!!
Trial 160 finished with value: 1681282.7774851169 and parameters: {'max_depth': 11, 'n_estimators': 34}. Best is trial 122 with value: 1568481.1046880991.
Saved Losses
{'MSE - mean': 1370811.9745735931, 'MSE - std': 0.0, 'R2 - mean': 0.76280038947913, 'R2 - std': 0.0} 
 

Saved Losses
{'MSE - mean': 1720302.2498538552, 'MSE - std': 349490.2752802621, 'R2 - mean': 0.6989780992693422, 'R2 - std': 0.06382229020978786} 
 

Saved Losses
{'MSE - mean': 1631633.8985170545, 'MSE - std': 311693.9547075329, 'R2 - mean': 0.7142346537668027, 'R2 - std': 0.05640078068623012} 
 

Saved Losses
{'MSE - mean': 1667199.809145468, 'MSE - std': 276874.7786408164, 'R2 - mean': 0.7079736094116539, 'R2 - std': 0.05003386928635036} 
 

Saved Losses
{'MSE - mean': 1601160.0547714857, 'MSE - std': 280664.7663477276, 'R2 - mean': 0.7199160375708986, 'R2 - std': 0.050726687472825945} 
 

Saving model.....
Results After CV: {'MSE - mean': 1601160.0547714857, 'MSE - std': 280664.7663477276, 'R2 - mean': 0.7199160375708986, 'R2 - std': 0.050726687472825945}
Train time: 3.574729626000135
Inference time: 0.03484336119990985
Finished cross validation
Hyperparam was saved!!! Hurrah!!!
Trial 161 finished with value: 1601160.0547714857 and parameters: {'max_depth': 12, 'n_estimators': 81}. Best is trial 122 with value: 1568481.1046880991.
Saved Losses
{'MSE - mean': 1826502.0252301595, 'MSE - std': 0.0, 'R2 - mean': 0.6839496757861776, 'R2 - std': 0.0} 
 

Saved Losses
{'MSE - mean': 1972200.8588403894, 'MSE - std': 145698.8336102299, 'R2 - mean': 0.655312795586434, 'R2 - std': 0.028636880199743642} 
 

Saved Losses
{'MSE - mean': 1969331.9955109775, 'MSE - std': 119031.76395620903, 'R2 - mean': 0.6553278783973816, 'R2 - std': 0.02338192450089068} 
 

Saved Losses
{'MSE - mean': 2016945.983051666, 'MSE - std': 132013.99945259417, 'R2 - mean': 0.6468902950208713, 'R2 - std': 0.024972269314796087} 
 

Saved Losses
{'MSE - mean': 1948573.407763565, 'MSE - std': 180669.29193220343, 'R2 - mean': 0.6593005122554645, 'R2 - std': 0.03339079746013482} 
 

Saving model.....
Results After CV: {'MSE - mean': 1948573.407763565, 'MSE - std': 180669.29193220343, 'R2 - mean': 0.6593005122554645, 'R2 - std': 0.03339079746013482}
Train time: 0.30338342820014075
Inference time: 0.01053163440001299
Finished cross validation
Hyperparam was saved!!! Hurrah!!!
Trial 162 finished with value: 1948573.407763565 and parameters: {'max_depth': 12, 'n_estimators': 5}. Best is trial 122 with value: 1568481.1046880991.
Saved Losses
{'MSE - mean': 1480282.270141926, 'MSE - std': 0.0, 'R2 - mean': 0.7438581042102184, 'R2 - std': 0.0} 
 

Saved Losses
{'MSE - mean': 1757233.80467216, 'MSE - std': 276951.53453023406, 'R2 - mean': 0.6926452119878193, 'R2 - std': 0.051212892222399053} 
 

Saved Losses
{'MSE - mean': 1667452.3181692725, 'MSE - std': 259338.001373569, 'R2 - mean': 0.708047410477293, 'R2 - std': 0.04714830138128339} 
 

Saved Losses
{'MSE - mean': 1677156.3100520603, 'MSE - std': 225221.3391149062, 'R2 - mean': 0.7062955544421043, 'R2 - std': 0.04094421498892521} 
 

Saved Losses
{'MSE - mean': 1622700.0286199434, 'MSE - std': 229001.45768930155, 'R2 - mean': 0.7162148719890014, 'R2 - std': 0.04164990318394723} 
 

Saving model.....
Results After CV: {'MSE - mean': 1622700.0286199434, 'MSE - std': 229001.45768930155, 'R2 - mean': 0.7162148719890014, 'R2 - std': 0.04164990318394723}
Train time: 3.27740058419995
Inference time: 0.03429784919999292
Finished cross validation
Hyperparam was saved!!! Hurrah!!!
Trial 163 finished with value: 1622700.0286199434 and parameters: {'max_depth': 12, 'n_estimators': 78}. Best is trial 122 with value: 1568481.1046880991.
Saved Losses
{'MSE - mean': 1417414.1300652616, 'MSE - std': 0.0, 'R2 - mean': 0.7547365460512264, 'R2 - std': 0.0} 
 

Saved Losses
{'MSE - mean': 1744671.545136887, 'MSE - std': 327257.4150716256, 'R2 - mean': 0.6947578818888562, 'R2 - std': 0.05997866416237013} 
 

Saved Losses
{'MSE - mean': 1647320.5924578644, 'MSE - std': 300587.2471035125, 'R2 - mean': 0.711519377153833, 'R2 - std': 0.05440761788117472} 
 

Saved Losses
{'MSE - mean': 1679076.2008077204, 'MSE - std': 266063.4808198212, 'R2 - mean': 0.7059176382929437, 'R2 - std': 0.048106965165397086} 
 

Saved Losses
{'MSE - mean': 1602182.5449502803, 'MSE - std': 283341.41579595674, 'R2 - mean': 0.7197444868901824, 'R2 - std': 0.051148323984893454} 
 

Saving model.....
Results After CV: {'MSE - mean': 1602182.5449502803, 'MSE - std': 283341.41579595674, 'R2 - mean': 0.7197444868901824, 'R2 - std': 0.051148323984893454}
Train time: 4.112082571200062
Inference time: 0.03996407979993819
Finished cross validation
Hyperparam was saved!!! Hurrah!!!
Trial 164 finished with value: 1602182.5449502803 and parameters: {'max_depth': 12, 'n_estimators': 94}. Best is trial 122 with value: 1568481.1046880991.
Saved Losses
{'MSE - mean': 1483401.8743604086, 'MSE - std': 0.0, 'R2 - mean': 0.743318300853282, 'R2 - std': 0.0} 
 

Saved Losses
{'MSE - mean': 1788632.102189492, 'MSE - std': 305230.22782908345, 'R2 - mean': 0.687115651873132, 'R2 - std': 0.05620264898015004} 
 

Saved Losses
{'MSE - mean': 1690931.4598990725, 'MSE - std': 284958.1706057641, 'R2 - mean': 0.7039140080840335, 'R2 - std': 0.051673926800989076} 
 

Saved Losses
{'MSE - mean': 1708160.517514213, 'MSE - std': 248578.74109656943, 'R2 - mean': 0.7008485535062714, 'R2 - std': 0.045064809647666876} 
 

Saved Losses
{'MSE - mean': 1643583.6182207144, 'MSE - std': 257126.07045878275, 'R2 - mean': 0.7125383626390084, 'R2 - std': 0.046596954890890024} 
 

Saving model.....
Results After CV: {'MSE - mean': 1643583.6182207144, 'MSE - std': 257126.07045878275, 'R2 - mean': 0.7125383626390084, 'R2 - std': 0.046596954890890024}
Train time: 3.1903036802000315
Inference time: 0.03304905959994357
Finished cross validation
Hyperparam was saved!!! Hurrah!!!
Trial 165 finished with value: 1643583.6182207144 and parameters: {'max_depth': 11, 'n_estimators': 72}. Best is trial 122 with value: 1568481.1046880991.
Saved Losses
{'MSE - mean': 1461472.4256089826, 'MSE - std': 0.0, 'R2 - mean': 0.7471128815829942, 'R2 - std': 0.0} 
 

Saved Losses
{'MSE - mean': 1802965.6612933036, 'MSE - std': 341493.23568432115, 'R2 - mean': 0.6845535910439976, 'R2 - std': 0.06255929053899656} 
 

Saved Losses
{'MSE - mean': 1670992.8250765149, 'MSE - std': 335527.563214964, 'R2 - mean': 0.7073826924263048, 'R2 - std': 0.06042719278886271} 
 

Saved Losses
{'MSE - mean': 1688716.9316523965, 'MSE - std': 292192.55828899605, 'R2 - mean': 0.7042367037777557, 'R2 - std': 0.05261440824514883} 
 

Saved Losses
{'MSE - mean': 1634041.2399272104, 'MSE - std': 283300.0493435979, 'R2 - mean': 0.7142041662428389, 'R2 - std': 0.051107944548388066} 
 

Saving model.....
Results After CV: {'MSE - mean': 1634041.2399272104, 'MSE - std': 283300.0493435979, 'R2 - mean': 0.7142041662428389, 'R2 - std': 0.051107944548388066}
Train time: 3.6677314878000287
Inference time: 0.03633612539997557
Finished cross validation
Hyperparam was saved!!! Hurrah!!!
Trial 166 finished with value: 1634041.2399272104 and parameters: {'max_depth': 11, 'n_estimators': 87}. Best is trial 122 with value: 1568481.1046880991.
Saved Losses
{'MSE - mean': 1457657.208429116, 'MSE - std': 0.0, 'R2 - mean': 0.7477730509175948, 'R2 - std': 0.0} 
 

Saved Losses
{'MSE - mean': 1752412.2741252403, 'MSE - std': 294755.0656961242, 'R2 - mean': 0.6934585108759268, 'R2 - std': 0.054314540041668025} 
 

Saved Losses
{'MSE - mean': 1650728.8759007535, 'MSE - std': 280355.83244270744, 'R2 - mean': 0.7109606691663486, 'R2 - std': 0.050787438698999175} 
 

Saved Losses
{'MSE - mean': 1670689.4524351542, 'MSE - std': 245244.40551262244, 'R2 - mean': 0.7074159539376533, 'R2 - std': 0.044409660721076015} 
 

Saved Losses
{'MSE - mean': 1591165.0287835065, 'MSE - std': 270947.20994448086, 'R2 - mean': 0.7216917080680968, 'R2 - std': 0.04891792101326842} 
 

Saving model.....
Results After CV: {'MSE - mean': 1591165.0287835065, 'MSE - std': 270947.20994448086, 'R2 - mean': 0.7216917080680968, 'R2 - std': 0.04891792101326842}
Train time: 3.9811848459999966
Inference time: 0.037473966800007474
Finished cross validation
Hyperparam was saved!!! Hurrah!!!
Trial 167 finished with value: 1591165.0287835065 and parameters: {'max_depth': 12, 'n_estimators': 90}. Best is trial 122 with value: 1568481.1046880991.
Saved Losses
{'MSE - mean': 1455075.2523260692, 'MSE - std': 0.0, 'R2 - mean': 0.7482198218777152, 'R2 - std': 0.0} 
 

Saved Losses
{'MSE - mean': 1752378.2218563897, 'MSE - std': 297302.9695303205, 'R2 - mean': 0.693460336917211, 'R2 - std': 0.0547594849605042} 
 

Saved Losses
{'MSE - mean': 1644302.230906098, 'MSE - std': 286856.89248730434, 'R2 - mean': 0.7120858802374467, 'R2 - std': 0.051893055316112185} 
 

Saved Losses
{'MSE - mean': 1663461.1237659804, 'MSE - std': 250631.89562075704, 'R2 - mean': 0.7086818350556714, 'R2 - std': 0.04532581453575339} 
 

Saved Losses
{'MSE - mean': 1598912.5455634552, 'MSE - std': 258687.36628183676, 'R2 - mean': 0.7203534398050673, 'R2 - std': 0.04678086147526668} 
 

Saving model.....
Results After CV: {'MSE - mean': 1598912.5455634552, 'MSE - std': 258687.36628183676, 'R2 - mean': 0.7203534398050673, 'R2 - std': 0.04678086147526668}
Train time: 4.271464331199877
Inference time: 0.03811634280009457
Finished cross validation
Hyperparam was saved!!! Hurrah!!!
Trial 168 finished with value: 1598912.5455634552 and parameters: {'max_depth': 12, 'n_estimators': 100}. Best is trial 122 with value: 1568481.1046880991.
Saved Losses
{'MSE - mean': 1413759.9247039366, 'MSE - std': 0.0, 'R2 - mean': 0.7553688545694965, 'R2 - std': 0.0} 
 

Saved Losses
{'MSE - mean': 1750429.6612472492, 'MSE - std': 336669.73654331267, 'R2 - mean': 0.6937369828060201, 'R2 - std': 0.0616318717634764} 
 

Saved Losses
{'MSE - mean': 1633324.4654838666, 'MSE - std': 320923.0355588745, 'R2 - mean': 0.7139690806694964, 'R2 - std': 0.057887828133045} 
 

Saved Losses
{'MSE - mean': 1647377.5547854817, 'MSE - std': 278991.33323635603, 'R2 - mean': 0.7114696986326843, 'R2 - std': 0.0503188952200715} 
 

Saved Losses
{'MSE - mean': 1597877.8401556797, 'MSE - std': 268458.22433020547, 'R2 - mean': 0.7205278033172228, 'R2 - std': 0.04851587384391895} 
 

Saving model.....
Results After CV: {'MSE - mean': 1597877.8401556797, 'MSE - std': 268458.22433020547, 'R2 - mean': 0.7205278033172228, 'R2 - std': 0.04851587384391895}
Train time: 4.232456962999914
Inference time: 0.037272239199955946
Finished cross validation
Hyperparam was saved!!! Hurrah!!!
Trial 169 finished with value: 1597877.8401556797 and parameters: {'max_depth': 12, 'n_estimators': 91}. Best is trial 122 with value: 1568481.1046880991.
Saved Losses
{'MSE - mean': 1491865.683951816, 'MSE - std': 0.0, 'R2 - mean': 0.74185375839535, 'R2 - std': 0.0} 
 

Saved Losses
{'MSE - mean': 1804949.5790819936, 'MSE - std': 313083.8951301775, 'R2 - mean': 0.684253045975273, 'R2 - std': 0.057600712420076916} 
 

Saved Losses
{'MSE - mean': 1704291.0831994282, 'MSE - std': 292595.1967820676, 'R2 - mean': 0.7015700956815826, 'R2 - std': 0.05302504252956198} 
 

Saved Losses
{'MSE - mean': 1714673.9597383253, 'MSE - std': 254032.23075156935, 'R2 - mean': 0.6997049634466477, 'R2 - std': 0.04603452515458124} 
 

Saved Losses
{'MSE - mean': 1656237.656901986, 'MSE - std': 255509.5015165117, 'R2 - mean': 0.7103301623890242, 'R2 - std': 0.04633488335181757} 
 

Saving model.....
Results After CV: {'MSE - mean': 1656237.656901986, 'MSE - std': 255509.5015165117, 'R2 - mean': 0.7103301623890242, 'R2 - std': 0.04633488335181757}
Train time: 3.761615100399922
Inference time: 0.03910277759996461
Finished cross validation
Hyperparam was saved!!! Hurrah!!!
Trial 170 finished with value: 1656237.656901986 and parameters: {'max_depth': 11, 'n_estimators': 87}. Best is trial 122 with value: 1568481.1046880991.
Saved Losses
{'MSE - mean': 1429941.8464919513, 'MSE - std': 0.0, 'R2 - mean': 0.7525688020336335, 'R2 - std': 0.0} 
 

Saved Losses
{'MSE - mean': 1729812.9720757208, 'MSE - std': 299871.1255837695, 'R2 - mean': 0.6973972798481669, 'R2 - std': 0.05517152218546667} 
 

Saved Losses
{'MSE - mean': 1638045.4257621297, 'MSE - std': 277111.9384269687, 'R2 - mean': 0.7131683044936533, 'R2 - std': 0.05026644019865252} 
 

Saved Losses
{'MSE - mean': 1654073.8275188333, 'MSE - std': 241586.42098157536, 'R2 - mean': 0.7103162233633085, 'R2 - std': 0.04381140671110366} 
 

Saved Losses
{'MSE - mean': 1588488.68943504, 'MSE - std': 252778.24351005867, 'R2 - mean': 0.7221672837668244, 'R2 - std': 0.045796746796641856} 
 

Saving model.....
Results After CV: {'MSE - mean': 1588488.68943504, 'MSE - std': 252778.24351005867, 'R2 - mean': 0.7221672837668244, 'R2 - std': 0.045796746796641856}
Train time: 3.740947930600123
Inference time: 0.03693989000021247
Finished cross validation
Hyperparam was saved!!! Hurrah!!!
Trial 171 finished with value: 1588488.68943504 and parameters: {'max_depth': 12, 'n_estimators': 80}. Best is trial 122 with value: 1568481.1046880991.
Saved Losses
{'MSE - mean': 1433506.375699408, 'MSE - std': 0.0, 'R2 - mean': 0.7519520107045659, 'R2 - std': 0.0} 
 

Saved Losses
{'MSE - mean': 1698920.470464772, 'MSE - std': 265414.0947653641, 'R2 - mean': 0.7028484946271917, 'R2 - std': 0.049103516077374176} 
 

Saved Losses
{'MSE - mean': 1602409.580320359, 'MSE - std': 256108.9578669185, 'R2 - mean': 0.7194423545610197, 'R2 - std': 0.046455884834765225} 
 

Saved Losses
{'MSE - mean': 1622684.872768661, 'MSE - std': 224559.81647737385, 'R2 - mean': 0.7158386152869343, 'R2 - std': 0.0407132992657496} 
 

Saved Losses
{'MSE - mean': 1566355.153819821, 'MSE - std': 230290.76813563917, 'R2 - mean': 0.7260678114259438, 'R2 - std': 0.04176845704934887} 
 

Saving model.....
Results After CV: {'MSE - mean': 1566355.153819821, 'MSE - std': 230290.76813563917, 'R2 - mean': 0.7260678114259438, 'R2 - std': 0.04176845704934887}
Train time: 3.075074312400011
Inference time: 0.03205017720001706
Finished cross validation
Hyperparam was saved!!! Hurrah!!!
Trial 172 finished with value: 1566355.153819821 and parameters: {'max_depth': 12, 'n_estimators': 68}. Best is trial 172 with value: 1566355.153819821.
Saved Losses
{'MSE - mean': 1430682.5884400108, 'MSE - std': 0.0, 'R2 - mean': 0.7524406271235545, 'R2 - std': 0.0} 
 

Saved Losses
{'MSE - mean': 1734995.5483528338, 'MSE - std': 304312.95991282316, 'R2 - mean': 0.696484940634015, 'R2 - std': 0.05595568648953958} 
 

Saved Losses
{'MSE - mean': 1628377.1212989325, 'MSE - std': 290641.64020691393, 'R2 - mean': 0.7148634354732811, 'R2 - std': 0.052563270244448755} 
 

Saved Losses
{'MSE - mean': 1630814.741151685, 'MSE - std': 251738.452045498, 'R2 - mean': 0.7143923529401047, 'R2 - std': 0.04552843935775094} 
 

Saved Losses
{'MSE - mean': 1575008.5275313307, 'MSE - std': 251306.8493001598, 'R2 - mean': 0.7245373129807158, 'R2 - std': 0.04549672393903002} 
 

Saving model.....
Results After CV: {'MSE - mean': 1575008.5275313307, 'MSE - std': 251306.8493001598, 'R2 - mean': 0.7245373129807158, 'R2 - std': 0.04549672393903002}
Train time: 2.852179193400025
Inference time: 0.03056355179996899
Finished cross validation
Hyperparam was saved!!! Hurrah!!!
