Trial 47 finished with value: 1753169.9343133927 and parameters: {'max_depth': 9, 'n_estimators': 56}. Best is trial 12 with value: 1583511.4247476007.
Saved Losses
{'MSE - mean': 1742819.1224330985, 'MSE - std': 0.0, 'R2 - mean': 0.698429817715849, 'R2 - std': 0.0} 
 

Saved Losses
{'MSE - mean': 1936049.5835492131, 'MSE - std': 193230.46111611463, 'R2 - mean': 0.6615498540884327, 'R2 - std': 0.0368799636274163} 
 

Saved Losses
{'MSE - mean': 1805129.629786473, 'MSE - std': 243253.11095353635, 'R2 - mean': 0.684075956753678, 'R2 - std': 0.04383611616779833} 
 

Saved Losses
{'MSE - mean': 1828410.6434688233, 'MSE - std': 214487.93389294285, 'R2 - mean': 0.6799073901782209, 'R2 - std': 0.038643688390079825} 
 

Saved Losses
{'MSE - mean': 1764041.2388122894, 'MSE - std': 231036.23103720587, 'R2 - mean': 0.691570500676203, 'R2 - std': 0.04169868472583087} 
 

Saving model.....
Results After CV: {'MSE - mean': 1764041.2388122894, 'MSE - std': 231036.23103720587, 'R2 - mean': 0.691570500676203, 'R2 - std': 0.04169868472583087}
Train time: 0.48628383259997465
Inference time: 0.012173905800000284
Finished cross validation
Hyperparam was saved!!! Hurrah!!!
Trial 48 finished with value: 1764041.2388122894 and parameters: {'max_depth': 12, 'n_estimators': 9}. Best is trial 12 with value: 1583511.4247476007.
Saved Losses
{'MSE - mean': 3339735.127133712, 'MSE - std': 0.0, 'R2 - mean': 0.42210610492704315, 'R2 - std': 0.0} 
 

Saved Losses
{'MSE - mean': 3719052.464621884, 'MSE - std': 379317.33748817164, 'R2 - mean': 0.3498413859635886, 'R2 - std': 0.07226471896345454} 
 

Saved Losses
{'MSE - mean': 3632466.9810248665, 'MSE - std': 333039.3174269404, 'R2 - mean': 0.3641738077513703, 'R2 - std': 0.06238827106529829} 
 

Saved Losses
{'MSE - mean': 3722044.925747923, 'MSE - std': 327504.22097520035, 'R2 - mean': 0.3483214933105676, 'R2 - std': 0.060606186930692946} 
 

Saved Losses
{'MSE - mean': 3658850.0805271165, 'MSE - std': 319032.2329407879, 'R2 - mean': 0.36029097992372794, 'R2 - std': 0.05925843699046556} 
 

Saving model.....
Results After CV: {'MSE - mean': 3658850.0805271165, 'MSE - std': 319032.2329407879, 'R2 - mean': 0.36029097992372794, 'R2 - std': 0.05925843699046556}
Train time: 1.0530040627999824
Inference time: 0.034327396399999086
Finished cross validation
Hyperparam was saved!!! Hurrah!!!
Trial 49 finished with value: 3658850.0805271165 and parameters: {'max_depth': 2, 'n_estimators': 90}. Best is trial 12 with value: 1583511.4247476007.
Saved Losses
{'MSE - mean': 1495079.3096217476, 'MSE - std': 0.0, 'R2 - mean': 0.7412976859569655, 'R2 - std': 0.0} 
 

Saved Losses
{'MSE - mean': 1857111.1826868202, 'MSE - std': 362031.8730650726, 'R2 - mean': 0.6750636712945612, 'R2 - std': 0.0662340146624043} 
 

Saved Losses
{'MSE - mean': 1753043.238984676, 'MSE - std': 330209.51715961867, 'R2 - mean': 0.6929905283521086, 'R2 - std': 0.05972749958595171} 
 

Saved Losses
{'MSE - mean': 1781699.0940935882, 'MSE - std': 290245.09989517526, 'R2 - mean': 0.6879331283192524, 'R2 - std': 0.0524620104491755} 
 

Saved Losses
{'MSE - mean': 1718908.3724744737, 'MSE - std': 288382.51211945, 'R2 - mean': 0.6993400812751726, 'R2 - std': 0.052175514709965544} 
 

Saving model.....
Results After CV: {'MSE - mean': 1718908.3724744737, 'MSE - std': 288382.51211945, 'R2 - mean': 0.6993400812751726, 'R2 - std': 0.052175514709965544}
Train time: 0.9305485452000084
Inference time: 0.013282246799985842
Finished cross validation
Hyperparam was saved!!! Hurrah!!!
Trial 50 finished with value: 1718908.3724744737 and parameters: {'max_depth': 11, 'n_estimators': 21}. Best is trial 12 with value: 1583511.4247476007.
Saved Losses
{'MSE - mean': 1490935.2241247008, 'MSE - std': 0.0, 'R2 - mean': 0.7420147612992425, 'R2 - std': 0.0} 
 

Saved Losses
{'MSE - mean': 1797379.8391719176, 'MSE - std': 306444.6150472169, 'R2 - mean': 0.6855858657974095, 'R2 - std': 0.05642889550183294} 
 

Saved Losses
{'MSE - mean': 1678227.4968682348, 'MSE - std': 301662.2218318574, 'R2 - mean': 0.706147475597835, 'R2 - std': 0.05448277795359824} 
 

Saved Losses
{'MSE - mean': 1692205.6602541201, 'MSE - std': 262366.6122343449, 'R2 - mean': 0.703649726541619, 'R2 - std': 0.04738138950262331} 
 

Saved Losses
{'MSE - mean': 1631764.3907837577, 'MSE - std': 263972.6872102822, 'R2 - mean': 0.7146151593840134, 'R2 - std': 0.04771749916585841} 
 

Saving model.....
Results After CV: {'MSE - mean': 1631764.3907837577, 'MSE - std': 263972.6872102822, 'R2 - mean': 0.7146151593840134, 'R2 - std': 0.04771749916585841}
Train time: 3.4228457475999674
Inference time: 0.030974909599990497
Finished cross validation
Hyperparam was saved!!! Hurrah!!!
Trial 51 finished with value: 1631764.3907837577 and parameters: {'max_depth': 12, 'n_estimators': 74}. Best is trial 12 with value: 1583511.4247476007.
Saved Losses
{'MSE - mean': 1563547.538195795, 'MSE - std': 0.0, 'R2 - mean': 0.729450228061896, 'R2 - std': 0.0} 
 

Saved Losses
{'MSE - mean': 1882933.2821622924, 'MSE - std': 319385.7439664975, 'R2 - mean': 0.6706227357675412, 'R2 - std': 0.0588274922943548} 
 

Saved Losses
{'MSE - mean': 1787627.2521609974, 'MSE - std': 293549.5091835519, 'R2 - mean': 0.6869813203470642, 'R2 - std': 0.05331343619250587} 
 

Saved Losses
{'MSE - mean': 1806101.602220095, 'MSE - std': 256227.22452297376, 'R2 - mean': 0.6836952618502958, 'R2 - std': 0.04652027945231892} 
 

Saved Losses
{'MSE - mean': 1745216.9569052618, 'MSE - std': 259518.15468257578, 'R2 - mean': 0.6947705678029316, 'R2 - std': 0.047137657218358144} 
 

Saving model.....
Results After CV: {'MSE - mean': 1745216.9569052618, 'MSE - std': 259518.15468257578, 'R2 - mean': 0.6947705678029316, 'R2 - std': 0.047137657218358144}
Train time: 3.4677054940000063
Inference time: 0.03945950660001927
Finished cross validation
Hyperparam was saved!!! Hurrah!!!
Trial 52 finished with value: 1745216.9569052618 and parameters: {'max_depth': 9, 'n_estimators': 100}. Best is trial 12 with value: 1583511.4247476007.
Saved Losses
{'MSE - mean': 1454165.0802351371, 'MSE - std': 0.0, 'R2 - mean': 0.7483773142760022, 'R2 - std': 0.0} 
 

Saved Losses
{'MSE - mean': 1750960.30726228, 'MSE - std': 296795.2270271429, 'R2 - mean': 0.6937088017710402, 'R2 - std': 0.05466851250496202} 
 

Saved Losses
{'MSE - mean': 1635274.9787004727, 'MSE - std': 292388.6597429904, 'R2 - mean': 0.7136700384870384, 'R2 - std': 0.05281413430261216} 
 

Saved Losses
{'MSE - mean': 1665736.1279670605, 'MSE - std': 258654.192124641, 'R2 - mean': 0.7082850764455753, 'R2 - std': 0.0466796854655723} 
 

Saved Losses
{'MSE - mean': 1594844.8596663685, 'MSE - std': 271337.2082263017, 'R2 - mean': 0.7210590643693497, 'R2 - std': 0.048947865101950615} 
 

Saving model.....
Results After CV: {'MSE - mean': 1594844.8596663685, 'MSE - std': 271337.2082263017, 'R2 - mean': 0.7210590643693497, 'R2 - std': 0.048947865101950615}
Train time: 2.96669727819999
Inference time: 0.02957452699999976
Finished cross validation
Hyperparam was saved!!! Hurrah!!!
Trial 53 finished with value: 1594844.8596663685 and parameters: {'max_depth': 12, 'n_estimators': 70}. Best is trial 12 with value: 1583511.4247476007.
Saved Losses
{'MSE - mean': 2321354.842816243, 'MSE - std': 0.0, 'R2 - mean': 0.5983223995632032, 'R2 - std': 0.0} 
 

Saved Losses
{'MSE - mean': 2665626.9913447658, 'MSE - std': 344272.1485285228, 'R2 - mean': 0.533882384836549, 'R2 - std': 0.06444001472665423} 
 

Saved Losses
{'MSE - mean': 2587743.897004493, 'MSE - std': 301905.77051401616, 'R2 - mean': 0.54697136230859, 'R2 - std': 0.05577621650705135} 
 

Saved Losses
{'MSE - mean': 2629969.1736213462, 'MSE - std': 271494.4615611073, 'R2 - mean': 0.5394786615233553, 'R2 - std': 0.05001661165105314} 
 

Saved Losses
{'MSE - mean': 2532072.458161944, 'MSE - std': 311933.42513690476, 'R2 - mean': 0.557197750503457, 'R2 - std': 0.057071828514433084} 
 

Saving model.....
Results After CV: {'MSE - mean': 2532072.458161944, 'MSE - std': 311933.42513690476, 'R2 - mean': 0.557197750503457, 'R2 - std': 0.057071828514433084}
Train time: 1.198066129799963
Inference time: 0.030279319799956284
Finished cross validation
Hyperparam was saved!!! Hurrah!!!
Trial 54 finished with value: 2532072.458161944 and parameters: {'max_depth': 4, 'n_estimators': 63}. Best is trial 12 with value: 1583511.4247476007.
Saved Losses
{'MSE - mean': 1554459.1596345275, 'MSE - std': 0.0, 'R2 - mean': 0.7310228433402747, 'R2 - std': 0.0} 
 

Saved Losses
{'MSE - mean': 1864450.9027631236, 'MSE - std': 309991.743128596, 'R2 - mean': 0.6738659407214223, 'R2 - std': 0.05715690261885237} 
 

Saved Losses
{'MSE - mean': 1759656.3072753202, 'MSE - std': 293303.7135101459, 'R2 - mean': 0.6918901677725021, 'R2 - std': 0.053175995833631626} 
 

Saved Losses
{'MSE - mean': 1769983.3836252792, 'MSE - std': 254637.48111176596, 'R2 - mean': 0.6900296206831409, 'R2 - std': 0.04616437810789829} 
 

Saved Losses
{'MSE - mean': 1702158.9876188166, 'MSE - std': 265090.15863309935, 'R2 - mean': 0.702299053967392, 'R2 - std': 0.0480320290778763} 
 

Saving model.....
Results After CV: {'MSE - mean': 1702158.9876188166, 'MSE - std': 265090.15863309935, 'R2 - mean': 0.702299053967392, 'R2 - std': 0.0480320290778763}
Train time: 3.6352545270000065
Inference time: 0.03868739560000449
Finished cross validation
Hyperparam was saved!!! Hurrah!!!
Trial 55 finished with value: 1702158.9876188166 and parameters: {'max_depth': 10, 'n_estimators': 90}. Best is trial 12 with value: 1583511.4247476007.
Saved Losses
{'MSE - mean': 2100157.3267709133, 'MSE - std': 0.0, 'R2 - mean': 0.6365974990132621, 'R2 - std': 0.0} 
 

Saved Losses
{'MSE - mean': 2424841.7471770905, 'MSE - std': 324684.42040617694, 'R2 - mean': 0.5759680236246976, 'R2 - std': 0.06062947538856456} 
 

Saved Losses
{'MSE - mean': 2322525.807409871, 'MSE - std': 302021.6630705407, 'R2 - mean': 0.5934040174697925, 'R2 - std': 0.055305062637406144} 
 

Saved Losses
{'MSE - mean': 2340572.124135333, 'MSE - std': 263419.47985103243, 'R2 - mean': 0.5901570155771972, 'R2 - std': 0.04822464648773607} 
 

Saved Losses
{'MSE - mean': 2256527.252701693, 'MSE - std': 289423.5988118091, 'R2 - mean': 0.6053905631409245, 'R2 - std': 0.05280849466325523} 
 

Saving model.....
Results After CV: {'MSE - mean': 2256527.252701693, 'MSE - std': 289423.5988118091, 'R2 - mean': 0.6053905631409245, 'R2 - std': 0.05280849466325523}
Train time: 1.7815311047999784
Inference time: 0.03296809200001007
Finished cross validation
Hyperparam was saved!!! Hurrah!!!
Trial 56 finished with value: 2256527.252701693 and parameters: {'max_depth': 5, 'n_estimators': 79}. Best is trial 12 with value: 1583511.4247476007.
Saved Losses
{'MSE - mean': 1674810.018428153, 'MSE - std': 0.0, 'R2 - mean': 0.710197830602419, 'R2 - std': 0.0} 
 

Saved Losses
{'MSE - mean': 2000099.05678945, 'MSE - std': 325289.0383612972, 'R2 - mean': 0.6501497892667428, 'R2 - std': 0.060048041335676205} 
 

Saved Losses
{'MSE - mean': 1913065.6708236153, 'MSE - std': 292731.26389921916, 'R2 - mean': 0.6650258914195099, 'R2 - std': 0.053352054093725766} 
 

Saved Losses
{'MSE - mean': 1922488.803719704, 'MSE - std': 254037.55814595163, 'R2 - mean': 0.6633199755119835, 'R2 - std': 0.04629861449617618} 
 

Saved Losses
{'MSE - mean': 1852892.311877539, 'MSE - std': 266463.4148733227, 'R2 - mean': 0.6759394543905977, 'R2 - std': 0.04849592098397124} 
 

Saving model.....
Results After CV: {'MSE - mean': 1852892.311877539, 'MSE - std': 266463.4148733227, 'R2 - mean': 0.6759394543905977, 'R2 - std': 0.04849592098397124}
Train time: 2.3450766101999987
Inference time: 0.03053362560003734
Finished cross validation
Hyperparam was saved!!! Hurrah!!!
Trial 57 finished with value: 1852892.311877539 and parameters: {'max_depth': 8, 'n_estimators': 69}. Best is trial 12 with value: 1583511.4247476007.
Saved Losses
{'MSE - mean': 1491994.7047336956, 'MSE - std': 0.0, 'R2 - mean': 0.7418314331751312, 'R2 - std': 0.0} 
 

Saved Losses
{'MSE - mean': 1763368.858678379, 'MSE - std': 271374.1539446834, 'R2 - mean': 0.6915827256724296, 'R2 - std': 0.05024870750270166} 
 

Saved Losses
{'MSE - mean': 1663976.7595868658, 'MSE - std': 262399.56747251475, 'R2 - mean': 0.708666968181249, 'R2 - std': 0.04761334989259858} 
 

Saved Losses
{'MSE - mean': 1675629.4306226347, 'MSE - std': 228139.22061786236, 'R2 - mean': 0.7065710297962005, 'R2 - std': 0.041393866564239} 
 

Saved Losses
{'MSE - mean': 1609041.6612729884, 'MSE - std': 243667.24707097444, 'R2 - mean': 0.7185962533513384, 'R2 - std': 0.04414958388835158} 
 

Saving model.....
Results After CV: {'MSE - mean': 1609041.6612729884, 'MSE - std': 243667.24707097444, 'R2 - mean': 0.7185962533513384, 'R2 - std': 0.04414958388835158}
Train time: 1.8959249737999926
Inference time: 0.02509041840003192
Finished cross validation
Hyperparam was saved!!! Hurrah!!!
Trial 58 finished with value: 1609041.6612729884 and parameters: {'max_depth': 12, 'n_estimators': 40}. Best is trial 12 with value: 1583511.4247476007.
Saved Losses
{'MSE - mean': 1506084.983523828, 'MSE - std': 0.0, 'R2 - mean': 0.7393933098561476, 'R2 - std': 0.0} 
 

Saved Losses
{'MSE - mean': 1841727.6383714364, 'MSE - std': 335642.6548476084, 'R2 - mean': 0.6777931444649204, 'R2 - std': 0.061600165391227146} 
 

Saved Losses
{'MSE - mean': 1719918.1712412464, 'MSE - std': 323695.9793806253, 'R2 - mean': 0.6988241147681765, 'R2 - std': 0.05843221435655657} 
 

Saved Losses
{'MSE - mean': 1770983.383513272, 'MSE - std': 293951.15753054584, 'R2 - mean': 0.6898328961342021, 'R2 - std': 0.05294590440751508} 
 

Saved Losses
{'MSE - mean': 1721753.5522649921, 'MSE - std': 280749.2325007757, 'R2 - mean': 0.6988759736406336, 'R2 - std': 0.050692445571042334} 
 

Saving model.....
Results After CV: {'MSE - mean': 1721753.5522649921, 'MSE - std': 280749.2325007757, 'R2 - mean': 0.6988759736406336, 'R2 - std': 0.050692445571042334}
Train time: 0.743381072599982
Inference time: 0.01197801799996796
Finished cross validation
Hyperparam was saved!!! Hurrah!!!
Trial 59 finished with value: 1721753.5522649921 and parameters: {'max_depth': 10, 'n_estimators': 18}. Best is trial 12 with value: 1583511.4247476007.
Saved Losses
{'MSE - mean': 1482738.2665878793, 'MSE - std': 0.0, 'R2 - mean': 0.743433128785998, 'R2 - std': 0.0} 
 

Saved Losses
{'MSE - mean': 1786761.6958813663, 'MSE - std': 304023.4292934869, 'R2 - mean': 0.6874442766729267, 'R2 - std': 0.0559888521130712} 
 

Saved Losses
{'MSE - mean': 1700629.470731156, 'MSE - std': 276509.82645269745, 'R2 - mean': 0.7022120791509588, 'R2 - std': 0.050259430498364316} 
 

Saved Losses
{'MSE - mean': 1733152.895810478, 'MSE - std': 246001.18420517098, 'R2 - mean': 0.6964675342646344, 'R2 - std': 0.044648708305704936} 
 

Saved Losses
{'MSE - mean': 1664777.4131187727, 'MSE - std': 259063.8775236175, 'R2 - mean': 0.7088250567040426, 'R2 - std': 0.04696423283794011} 
 

Saving model.....
Results After CV: {'MSE - mean': 1664777.4131187727, 'MSE - std': 259063.8775236175, 'R2 - mean': 0.7088250567040426, 'R2 - std': 0.04696423283794011}
Train time: 2.1342609207999885
Inference time: 0.024307293799984107
Finished cross validation
Hyperparam was saved!!! Hurrah!!!
Trial 60 finished with value: 1664777.4131187727 and parameters: {'max_depth': 11, 'n_estimators': 53}. Best is trial 12 with value: 1583511.4247476007.
Saved Losses
{'MSE - mean': 1447567.260559543, 'MSE - std': 0.0, 'R2 - mean': 0.7495189735891437, 'R2 - std': 0.0} 
 

Saved Losses
{'MSE - mean': 1754725.1592489667, 'MSE - std': 307157.8986894238, 'R2 - mean': 0.693034495774373, 'R2 - std': 0.05648447781477062} 
 

Saved Losses
{'MSE - mean': 1687985.0756668013, 'MSE - std': 267966.03142558405, 'R2 - mean': 0.7044095701550216, 'R2 - std': 0.0488444687110914} 
 

Saved Losses
{'MSE - mean': 1707608.1504587047, 'MSE - std': 234541.12793143277, 'R2 - mean': 0.7009298236938869, 'R2 - std': 0.042727771987934614} 
 

Saved Losses
{'MSE - mean': 1636538.8893490625, 'MSE - std': 253398.87934195978, 'R2 - mean': 0.713750672373438, 'R2 - std': 0.0460220234528876} 
 

Saving model.....
Results After CV: {'MSE - mean': 1636538.8893490625, 'MSE - std': 253398.87934195978, 'R2 - mean': 0.713750672373438, 'R2 - std': 0.0460220234528876}
Train time: 3.1527488019999965
Inference time: 0.032116054999983136
Finished cross validation
Hyperparam was saved!!! Hurrah!!!
Trial 61 finished with value: 1636538.8893490625 and parameters: {'max_depth': 12, 'n_estimators': 71}. Best is trial 12 with value: 1583511.4247476007.
Saved Losses
{'MSE - mean': 1504003.4990277537, 'MSE - std': 0.0, 'R2 - mean': 0.7397534812880666, 'R2 - std': 0.0} 
 

Saved Losses
{'MSE - mean': 1798881.975119224, 'MSE - std': 294878.47609147034, 'R2 - mean': 0.6853422212250955, 'R2 - std': 0.054411260062971145} 
 

Saved Losses
{'MSE - mean': 1681207.9348498795, 'MSE - std': 292682.825964629, 'R2 - mean': 0.7056376975165101, 'R2 - std': 0.05289174034652537} 
 

Saved Losses
{'MSE - mean': 1701397.6578027415, 'MSE - std': 255871.65180949794, 'R2 - mean': 0.7020484956387633, 'R2 - std': 0.04622552604374403} 
 

Saved Losses
{'MSE - mean': 1637360.243766188, 'MSE - std': 262258.2760290564, 'R2 - mean': 0.713639596432344, 'R2 - std': 0.04740099025172872} 
 

Saving model.....
Results After CV: {'MSE - mean': 1637360.243766188, 'MSE - std': 262258.2760290564, 'R2 - mean': 0.713639596432344, 'R2 - std': 0.04740099025172872}
Train time: 4.047023695999997
Inference time: 0.038963487399996666
Finished cross validation
Hyperparam was saved!!! Hurrah!!!
Trial 62 finished with value: 1637360.243766188 and parameters: {'max_depth': 11, 'n_estimators': 94}. Best is trial 12 with value: 1583511.4247476007.
Saved Losses
{'MSE - mean': 1446568.657684317, 'MSE - std': 0.0, 'R2 - mean': 0.7496917676830545, 'R2 - std': 0.0} 
 

Saved Losses
{'MSE - mean': 1757241.7360904445, 'MSE - std': 310673.0784061273, 'R2 - mean': 0.692589281243188, 'R2 - std': 0.05710248643986643} 
 

Saved Losses
{'MSE - mean': 1672049.6210946476, 'MSE - std': 280821.2373482592, 'R2 - mean': 0.7072041517524964, 'R2 - std': 0.050999851487539875} 
 

Saved Losses
{'MSE - mean': 1689821.2557879467, 'MSE - std': 245138.5700137205, 'R2 - mean': 0.7040481796960485, 'R2 - std': 0.044504147196374674} 
 

Saved Losses
{'MSE - mean': 1633530.7144413292, 'MSE - std': 246472.7875183758, 'R2 - mean': 0.7142955625948778, 'R2 - std': 0.0447719858755689} 
 

Saving model.....
Results After CV: {'MSE - mean': 1633530.7144413292, 'MSE - std': 246472.7875183758, 'R2 - mean': 0.7142955625948778, 'R2 - std': 0.0447719858755689}
Train time: 1.1370699417999959
Inference time: 0.015410554000004595
Finished cross validation
Hyperparam was saved!!! Hurrah!!!
Trial 63 finished with value: 1633530.7144413292 and parameters: {'max_depth': 12, 'n_estimators': 24}. Best is trial 12 with value: 1583511.4247476007.
Saved Losses
{'MSE - mean': 1490649.508564596, 'MSE - std': 0.0, 'R2 - mean': 0.7420642003330661, 'R2 - std': 0.0} 
 

Saved Losses
{'MSE - mean': 1792927.5396581911, 'MSE - std': 302278.0310935951, 'R2 - mean': 0.6863702144866344, 'R2 - std': 0.05569398584643165} 
 

Saved Losses
{'MSE - mean': 1688474.2346649375, 'MSE - std': 287638.0675476985, 'R2 - mean': 0.7043509434794871, 'R2 - std': 0.05210079912890507} 
 

Saved Losses
{'MSE - mean': 1708844.7564247635, 'MSE - std': 251588.19109257375, 'R2 - mean': 0.7007334646971144, 'R2 - std': 0.04555357736364552} 
 

Saved Losses
{'MSE - mean': 1653178.7696321895, 'MSE - std': 251061.94984535346, 'R2 - mean': 0.7108741734078888, 'R2 - std': 0.04551305989633765} 
 

Saving model.....
Results After CV: {'MSE - mean': 1653178.7696321895, 'MSE - std': 251061.94984535346, 'R2 - mean': 0.7108741734078888, 'R2 - std': 0.04551305989633765}
Train time: 3.4737178593999487
Inference time: 0.0328432447999603
Finished cross validation
Hyperparam was saved!!! Hurrah!!!
Trial 64 finished with value: 1653178.7696321895 and parameters: {'max_depth': 11, 'n_estimators': 81}. Best is trial 12 with value: 1583511.4247476007.
Saved Losses
{'MSE - mean': 1523918.2144305827, 'MSE - std': 0.0, 'R2 - mean': 0.7363075216489599, 'R2 - std': 0.0} 
 

Saved Losses
{'MSE - mean': 1826389.4087797229, 'MSE - std': 302471.19434914016, 'R2 - mean': 0.680525673723525, 'R2 - std': 0.05578184792543489} 
 

Saved Losses
{'MSE - mean': 1735725.9794778973, 'MSE - std': 278266.5336798477, 'R2 - mean': 0.696076544590316, 'R2 - std': 0.050577355355423466} 
 

Saved Losses
{'MSE - mean': 1784152.5998304547, 'MSE - std': 255165.84900993423, 'R2 - mean': 0.6875421010165875, 'R2 - std': 0.04622836615543589} 
 

Saved Losses
{'MSE - mean': 1708247.1575297737, 'MSE - std': 274106.244154008, 'R2 - mean': 0.7012207802648744, 'R2 - std': 0.04957897269842229} 
 

Saving model.....
Results After CV: {'MSE - mean': 1708247.1575297737, 'MSE - std': 274106.244154008, 'R2 - mean': 0.7012207802648744, 'R2 - std': 0.04957897269842229}
Train time: 2.393428576200017
Inference time: 0.029891726800042307
Finished cross validation
Hyperparam was saved!!! Hurrah!!!
