Trial 119 finished with value: 1707996.9355245489 and parameters: {'max_depth': 10, 'n_estimators': 99}. Best is trial 12 with value: 1583511.4247476007.
Saved Losses
{'MSE - mean': 1466012.6688791523, 'MSE - std': 0.0, 'R2 - mean': 0.7463272567450661, 'R2 - std': 0.0} 
 

Saved Losses
{'MSE - mean': 1811012.4304125414, 'MSE - std': 344999.7615333891, 'R2 - mean': 0.6831425237747957, 'R2 - std': 0.06318473297027039} 
 

Saved Losses
{'MSE - mean': 1691811.6765790104, 'MSE - std': 328279.6517214569, 'R2 - mean': 0.7037294992049038, 'R2 - std': 0.0592383949400162} 
 

Saved Losses
{'MSE - mean': 1709893.1086611683, 'MSE - std': 286018.2893788365, 'R2 - mean': 0.7005222686416323, 'R2 - std': 0.05160183678862559} 
 

Saved Losses
{'MSE - mean': 1640815.018071088, 'MSE - std': 290744.3892590913, 'R2 - mean': 0.7129992412603261, 'R2 - std': 0.05246807630243853} 
 

Saving model.....
Results After CV: {'MSE - mean': 1640815.018071088, 'MSE - std': 290744.3892590913, 'R2 - mean': 0.7129992412603261, 'R2 - std': 0.05246807630243853}
Train time: 3.737616737600001
Inference time: 0.03723825039996882
Finished cross validation
Hyperparam was saved!!! Hurrah!!!
Trial 120 finished with value: 1640815.018071088 and parameters: {'max_depth': 11, 'n_estimators': 85}. Best is trial 12 with value: 1583511.4247476007.
Saved Losses
{'MSE - mean': 1477680.713917899, 'MSE - std': 0.0, 'R2 - mean': 0.7443082666938655, 'R2 - std': 0.0} 
 

Saved Losses
{'MSE - mean': 1768595.498741347, 'MSE - std': 290914.78482344816, 'R2 - mean': 0.6906382678637397, 'R2 - std': 0.05366999883012574} 
 

Saved Losses
{'MSE - mean': 1663917.8552058022, 'MSE - std': 279885.2612498401, 'R2 - mean': 0.7086592404802298, 'R2 - std': 0.05069342584963423} 
 

Saved Losses
{'MSE - mean': 1699948.2121260606, 'MSE - std': 250292.58770101855, 'R2 - mean': 0.7022965320510509, 'R2 - std': 0.04526389006640394} 
 

Saved Losses
{'MSE - mean': 1621516.9358819623, 'MSE - std': 273355.01447672397, 'R2 - mean': 0.7163894406936887, 'R2 - std': 0.049330478319125765} 
 

Saving model.....
Results After CV: {'MSE - mean': 1621516.9358819623, 'MSE - std': 273355.01447672397, 'R2 - mean': 0.7163894406936887, 'R2 - std': 0.049330478319125765}
Train time: 4.536813357799974
Inference time: 0.042564309999988836
Finished cross validation
Hyperparam was saved!!! Hurrah!!!
Trial 121 finished with value: 1621516.9358819623 and parameters: {'max_depth': 12, 'n_estimators': 100}. Best is trial 12 with value: 1583511.4247476007.
Saved Losses
{'MSE - mean': 1406877.5539565734, 'MSE - std': 0.0, 'R2 - mean': 0.7565597514182366, 'R2 - std': 0.0} 
 

Saved Losses
{'MSE - mean': 1705777.5746269966, 'MSE - std': 298900.0206704234, 'R2 - mean': 0.7015967138773949, 'R2 - std': 0.05496303754084175} 
 

Saved Losses
{'MSE - mean': 1600099.8121499668, 'MSE - std': 286175.45993467496, 'R2 - mean': 0.7198155887646666, 'R2 - std': 0.051747577735195595} 
 

Saved Losses
{'MSE - mean': 1633231.6304643957, 'MSE - std': 254392.31033205, 'R2 - mean': 0.7139670884990292, 'R2 - std': 0.04594533400865165} 
 

Saved Losses
{'MSE - mean': 1568481.1046880991, 'MSE - std': 261806.9525396334, 'R2 - mean': 0.7256672540665676, 'R2 - std': 0.04729010965270114} 
 

Saving model.....
Results After CV: {'MSE - mean': 1568481.1046880991, 'MSE - std': 261806.9525396334, 'R2 - mean': 0.7256672540665676, 'R2 - std': 0.04729010965270114}
Train time: 4.222986612400018
Inference time: 0.035894527400023434
Finished cross validation
Hyperparam was saved!!! Hurrah!!!
Trial 122 finished with value: 1568481.1046880991 and parameters: {'max_depth': 12, 'n_estimators': 91}. Best is trial 122 with value: 1568481.1046880991.
Saved Losses
{'MSE - mean': 1377446.1592877798, 'MSE - std': 0.0, 'R2 - mean': 0.7616524377107498, 'R2 - std': 0.0} 
 

Saved Losses
{'MSE - mean': 1686367.0146886522, 'MSE - std': 308920.8554008724, 'R2 - mean': 0.7049706246795946, 'R2 - std': 0.056681813031155215} 
 

Saved Losses
{'MSE - mean': 1610363.2573780557, 'MSE - std': 274179.75645865477, 'R2 - mean': 0.7179922242431293, 'R2 - std': 0.049809731941177784} 
 

Saved Losses
{'MSE - mean': 1643516.2526144823, 'MSE - std': 244291.35764131116, 'R2 - mean': 0.7121462829418902, 'R2 - std': 0.0443089396863837} 
 

Saved Losses
{'MSE - mean': 1592557.7912447362, 'MSE - std': 241100.96033669304, 'R2 - mean': 0.7214567254809954, 'R2 - std': 0.04378770455277587} 
 

Saving model.....
Results After CV: {'MSE - mean': 1592557.7912447362, 'MSE - std': 241100.96033669304, 'R2 - mean': 0.7214567254809954, 'R2 - std': 0.04378770455277587}
Train time: 3.8732402792000356
Inference time: 0.03516992599998048
Finished cross validation
Hyperparam was saved!!! Hurrah!!!
Trial 123 finished with value: 1592557.7912447362 and parameters: {'max_depth': 12, 'n_estimators': 90}. Best is trial 122 with value: 1568481.1046880991.
Saved Losses
{'MSE - mean': 1477267.0553674407, 'MSE - std': 0.0, 'R2 - mean': 0.7443798444513388, 'R2 - std': 0.0} 
 

Saved Losses
{'MSE - mean': 1768536.9308976328, 'MSE - std': 291269.87553019216, 'R2 - mean': 0.6906479225665278, 'R2 - std': 0.05373192188481091} 
 

Saved Losses
{'MSE - mean': 1669364.2062319163, 'MSE - std': 276096.3942107173, 'R2 - mean': 0.707702902853959, 'R2 - std': 0.050064867836633824} 
 

Saved Losses
{'MSE - mean': 1689105.3091339858, 'MSE - std': 241538.91529832236, 'R2 - mean': 0.7041947967700861, 'R2 - std': 0.04378114512563401} 
 

Saved Losses
{'MSE - mean': 1622731.0321829186, 'MSE - std': 253564.62025665157, 'R2 - mean': 0.7161898633975371, 'R2 - std': 0.04592338650837301} 
 

Saving model.....
Results After CV: {'MSE - mean': 1622731.0321829186, 'MSE - std': 253564.62025665157, 'R2 - mean': 0.7161898633975371, 'R2 - std': 0.04592338650837301}
Train time: 3.5726891287999023
Inference time: 0.038759069800016734
Finished cross validation
Hyperparam was saved!!! Hurrah!!!
Trial 124 finished with value: 1622731.0321829186 and parameters: {'max_depth': 11, 'n_estimators': 88}. Best is trial 122 with value: 1568481.1046880991.
Saved Losses
{'MSE - mean': 1425536.3306534449, 'MSE - std': 0.0, 'R2 - mean': 0.7533311141963663, 'R2 - std': 0.0} 
 

Saved Losses
{'MSE - mean': 1748257.6798467212, 'MSE - std': 322721.34919327626, 'R2 - mean': 0.6941388885723685, 'R2 - std': 0.059192225623997785} 
 

Saved Losses
{'MSE - mean': 1640512.4389146857, 'MSE - std': 304385.91738738026, 'R2 - mean': 0.7127212696353421, 'R2 - std': 0.055012933220173685} 
 

Saved Losses
{'MSE - mean': 1668404.9650449096, 'MSE - std': 267996.39749368554, 'R2 - mean': 0.7077941379191081, 'R2 - std': 0.0484008987206108} 
 

Saved Losses
{'MSE - mean': 1603214.9252148166, 'MSE - std': 272867.40448040183, 'R2 - mean': 0.7195829348884974, 'R2 - std': 0.04929523844665124} 
 

Saving model.....
Results After CV: {'MSE - mean': 1603214.9252148166, 'MSE - std': 272867.40448040183, 'R2 - mean': 0.7195829348884974, 'R2 - std': 0.04929523844665124}
Train time: 3.6925943124000242
Inference time: 0.03571926960003111
Finished cross validation
Hyperparam was saved!!! Hurrah!!!
Trial 125 finished with value: 1603214.9252148166 and parameters: {'max_depth': 12, 'n_estimators': 82}. Best is trial 122 with value: 1568481.1046880991.
Saved Losses
{'MSE - mean': 1487827.8631750178, 'MSE - std': 0.0, 'R2 - mean': 0.7425524461317973, 'R2 - std': 0.0} 
 

Saved Losses
{'MSE - mean': 1741625.6001610523, 'MSE - std': 253797.73698603443, 'R2 - mean': 0.6954086894400491, 'R2 - std': 0.04714375669174825} 
 

Saved Losses
{'MSE - mean': 1634685.9429305997, 'MSE - std': 256543.12459432936, 'R2 - mean': 0.7138144225678835, 'R2 - std': 0.04646752866916816} 
 

Saved Losses
{'MSE - mean': 1645978.5495127523, 'MSE - std': 223032.17250595044, 'R2 - mean': 0.711777739851338, 'R2 - std': 0.0403963815821244} 
 

Saved Losses
{'MSE - mean': 1589752.9832387876, 'MSE - std': 228997.67944128005, 'R2 - mean': 0.7219915225212732, 'R2 - std': 0.04150637952962839} 
 

Saving model.....
Results After CV: {'MSE - mean': 1589752.9832387876, 'MSE - std': 228997.67944128005, 'R2 - mean': 0.7219915225212732, 'R2 - std': 0.04150637952962839}
Train time: 3.164167214400004
Inference time: 0.03257669659997191
Finished cross validation
Hyperparam was saved!!! Hurrah!!!
Trial 126 finished with value: 1589752.9832387876 and parameters: {'max_depth': 12, 'n_estimators': 70}. Best is trial 122 with value: 1568481.1046880991.
Saved Losses
{'MSE - mean': 1511334.778220483, 'MSE - std': 0.0, 'R2 - mean': 0.7384849071864463, 'R2 - std': 0.0} 
 

Saved Losses
{'MSE - mean': 1818893.922905795, 'MSE - std': 307559.14468531194, 'R2 - mean': 0.6818265557201175, 'R2 - std': 0.056658351466328805} 
 

Saved Losses
{'MSE - mean': 1708862.5141671284, 'MSE - std': 295424.3955245934, 'R2 - mean': 0.7007817125855124, 'R2 - std': 0.0534668913519212} 
 

Saved Losses
{'MSE - mean': 1730227.1189367622, 'MSE - std': 258507.29025346955, 'R2 - mean': 0.6969892936822624, 'R2 - std': 0.04676728211625935} 
 

Saved Losses
{'MSE - mean': 1656250.075942409, 'MSE - std': 274501.7793241181, 'R2 - mean': 0.7103174538389003, 'R2 - std': 0.04960143499816711} 
 

Saving model.....
Results After CV: {'MSE - mean': 1656250.075942409, 'MSE - std': 274501.7793241181, 'R2 - mean': 0.7103174538389003, 'R2 - std': 0.04960143499816711}
Train time: 3.115317458599975
Inference time: 0.029839340000080483
Finished cross validation
Hyperparam was saved!!! Hurrah!!!
Trial 127 finished with value: 1656250.075942409 and parameters: {'max_depth': 11, 'n_estimators': 71}. Best is trial 122 with value: 1568481.1046880991.
Saved Losses
{'MSE - mean': 1442864.908053055, 'MSE - std': 0.0, 'R2 - mean': 0.7503326491360164, 'R2 - std': 0.0} 
 

Saved Losses
{'MSE - mean': 1752815.8090267433, 'MSE - std': 309950.90097368835, 'R2 - mean': 0.6933634524757373, 'R2 - std': 0.05696919666027905} 
 

Saved Losses
{'MSE - mean': 1671151.672625799, 'MSE - std': 278180.5822803324, 'R2 - mean': 0.707359989821957, 'R2 - std': 0.05055161415932511} 
 

Saved Losses
{'MSE - mean': 1703634.72761703, 'MSE - std': 247393.96486789768, 'R2 - mean': 0.7016267623787626, 'R2 - std': 0.04489107886129659} 
 

Saved Losses
{'MSE - mean': 1631610.740717229, 'MSE - std': 264031.88791927736, 'R2 - mean': 0.71461219687385, 'R2 - std': 0.047818962819887026} 
 

Saving model.....
Results After CV: {'MSE - mean': 1631610.740717229, 'MSE - std': 264031.88791927736, 'R2 - mean': 0.71461219687385, 'R2 - std': 0.047818962819887026}
Train time: 2.7830806833999304
Inference time: 0.030628285199918538
Finished cross validation
Hyperparam was saved!!! Hurrah!!!
Trial 128 finished with value: 1631610.740717229 and parameters: {'max_depth': 12, 'n_estimators': 66}. Best is trial 122 with value: 1568481.1046880991.
Saved Losses
{'MSE - mean': 1491212.9036250368, 'MSE - std': 0.0, 'R2 - mean': 0.7419667127918244, 'R2 - std': 0.0} 
 

Saved Losses
{'MSE - mean': 1780784.7248995972, 'MSE - std': 289571.8212745604, 'R2 - mean': 0.6885115506775539, 'R2 - std': 0.05345516211427054} 
 

Saved Losses
{'MSE - mean': 1653180.569587021, 'MSE - std': 297433.80331918586, 'R2 - mean': 0.7105522614678552, 'R2 - std': 0.053633529022357365} 
 

Saved Losses
{'MSE - mean': 1671657.6784830922, 'MSE - std': 259565.7164903696, 'R2 - mean': 0.707262178638105, 'R2 - std': 0.046796266000866865} 
 

Saved Losses
{'MSE - mean': 1600854.3100309581, 'MSE - std': 271941.0908237331, 'R2 - mean': 0.7200196898247753, 'R2 - std': 0.049019677436833234} 
 

Saving model.....
Results After CV: {'MSE - mean': 1600854.3100309581, 'MSE - std': 271941.0908237331, 'R2 - mean': 0.7200196898247753, 'R2 - std': 0.049019677436833234}
Train time: 3.547780903399962
Inference time: 0.033477837800001
Finished cross validation
Hyperparam was saved!!! Hurrah!!!
Trial 129 finished with value: 1600854.3100309581 and parameters: {'max_depth': 12, 'n_estimators': 76}. Best is trial 122 with value: 1568481.1046880991.
Saved Losses
{'MSE - mean': 1431032.802757242, 'MSE - std': 0.0, 'R2 - mean': 0.7523800274926883, 'R2 - std': 0.0} 
 

Saved Losses
{'MSE - mean': 1733275.4918287161, 'MSE - std': 302242.68907147413, 'R2 - mean': 0.6967887030263298, 'R2 - std': 0.05559132446635845} 
 

Saved Losses
{'MSE - mean': 1675129.4931593544, 'MSE - std': 260119.86285932115, 'R2 - mean': 0.7066588957124867, 'R2 - std': 0.04748794560664518} 
 

Saved Losses
{'MSE - mean': 1693659.41231099, 'MSE - std': 227545.22847504952, 'R2 - mean': 0.7033714682979467, 'R2 - std': 0.0415180716131226} 
 

Saved Losses
{'MSE - mean': 1634124.331826447, 'MSE - std': 235794.75828485674, 'R2 - mean': 0.7141845753303055, 'R2 - std': 0.04297317013150058} 
 

Saving model.....
Results After CV: {'MSE - mean': 1634124.331826447, 'MSE - std': 235794.75828485674, 'R2 - mean': 0.7141845753303055, 'R2 - std': 0.04297317013150058}
Train time: 2.8123671266000203
Inference time: 0.03133735599999454
Finished cross validation
Hyperparam was saved!!! Hurrah!!!
Trial 130 finished with value: 1634124.331826447 and parameters: {'max_depth': 11, 'n_estimators': 64}. Best is trial 122 with value: 1568481.1046880991.
Saved Losses
{'MSE - mean': 1464055.1387585066, 'MSE - std': 0.0, 'R2 - mean': 0.7466659796266957, 'R2 - std': 0.0} 
 

Saved Losses
{'MSE - mean': 1741062.8849430643, 'MSE - std': 277007.74618455756, 'R2 - mean': 0.6954694267427636, 'R2 - std': 0.0511965528839321} 
 

Saved Losses
{'MSE - mean': 1646544.2383241523, 'MSE - std': 262722.4328986272, 'R2 - mean': 0.711707751439044, 'R2 - std': 0.04769442031672565} 
 

Saved Losses
{'MSE - mean': 1665740.3337483609, 'MSE - std': 229940.81368851464, 'R2 - mean': 0.70829351300266, 'R2 - std': 0.041725763855354585} 
 

Saved Losses
{'MSE - mean': 1598318.5849275386, 'MSE - std': 245928.8333970239, 'R2 - mean': 0.7204628116687113, 'R2 - std': 0.044555569972164914} 
 

Saving model.....
Results After CV: {'MSE - mean': 1598318.5849275386, 'MSE - std': 245928.8333970239, 'R2 - mean': 0.7204628116687113, 'R2 - std': 0.044555569972164914}
Train time: 4.199634101600031
Inference time: 0.03689216600000691
Finished cross validation
Hyperparam was saved!!! Hurrah!!!
Trial 131 finished with value: 1598318.5849275386 and parameters: {'max_depth': 12, 'n_estimators': 91}. Best is trial 122 with value: 1568481.1046880991.
Saved Losses
{'MSE - mean': 1466062.7005480477, 'MSE - std': 0.0, 'R2 - mean': 0.746318599472883, 'R2 - std': 0.0} 
 

Saved Losses
{'MSE - mean': 1772412.6377235001, 'MSE - std': 306349.9371754525, 'R2 - mean': 0.6899466248942754, 'R2 - std': 0.05637197457860771} 
 

Saved Losses
{'MSE - mean': 1673901.9739870895, 'MSE - std': 286313.7400554017, 'R2 - mean': 0.7068924195210965, 'R2 - std': 0.051892705874682137} 
 

Saved Losses
{'MSE - mean': 1685577.1233006918, 'MSE - std': 248778.20572322814, 'R2 - mean': 0.7048014237120245, 'R2 - std': 0.04508610077028033} 
 

Saved Losses
{'MSE - mean': 1620571.13080284, 'MSE - std': 257712.2285744666, 'R2 - mean': 0.7165600248704437, 'R2 - std': 0.04668258766333984} 
 

Saving model.....
Results After CV: {'MSE - mean': 1620571.13080284, 'MSE - std': 257712.2285744666, 'R2 - mean': 0.7165600248704437, 'R2 - std': 0.04668258766333984}
Train time: 3.9223474782000265
Inference time: 0.03422095460005039
Finished cross validation
Hyperparam was saved!!! Hurrah!!!
Trial 132 finished with value: 1620571.13080284 and parameters: {'max_depth': 12, 'n_estimators': 90}. Best is trial 122 with value: 1568481.1046880991.
Saved Losses
{'MSE - mean': 1492757.3985637424, 'MSE - std': 0.0, 'R2 - mean': 0.7416994598025686, 'R2 - std': 0.0} 
 

Saved Losses
{'MSE - mean': 1809167.3673766395, 'MSE - std': 316409.968812897, 'R2 - mean': 0.6835110150092764, 'R2 - std': 0.058188444793292216} 
 

Saved Losses
{'MSE - mean': 1724320.6905295367, 'MSE - std': 284853.34715740825, 'R2 - mean': 0.6980534202731815, 'R2 - std': 0.051770904055212244} 
 

Saved Losses
{'MSE - mean': 1735816.8979561822, 'MSE - std': 247492.5461416436, 'R2 - mean': 0.6959950262808001, 'R2 - std': 0.044976447586532554} 
 

Saved Losses
{'MSE - mean': 1681353.6831876063, 'MSE - std': 246712.4142969927, 'R2 - mean': 0.7059371081973402, 'R2 - std': 0.04487409766607085} 
 

Saving model.....
Results After CV: {'MSE - mean': 1681353.6831876063, 'MSE - std': 246712.4142969927, 'R2 - mean': 0.7059371081973402, 'R2 - std': 0.04487409766607085}
Train time: 3.384840582400011
Inference time: 0.03523177460001534
Finished cross validation
Hyperparam was saved!!! Hurrah!!!
Trial 133 finished with value: 1681353.6831876063 and parameters: {'max_depth': 11, 'n_estimators': 82}. Best is trial 122 with value: 1568481.1046880991.
Saved Losses
{'MSE - mean': 1427731.1134416505, 'MSE - std': 0.0, 'R2 - mean': 0.7529513380985523, 'R2 - std': 0.0} 
 

Saved Losses
{'MSE - mean': 1743873.77562581, 'MSE - std': 316142.6621841596, 'R2 - mean': 0.6949151934339493, 'R2 - std': 0.058036144664602995} 
 

Saved Losses
{'MSE - mean': 1661355.922455779, 'MSE - std': 283282.8634989653, 'R2 - mean': 0.7090674808920027, 'R2 - std': 0.05143964624306076} 
 

Saved Losses
{'MSE - mean': 1682151.548827421, 'MSE - std': 247960.19800100345, 'R2 - mean': 0.7053842527279671, 'R2 - std': 0.04500251563338944} 
 

Saved Losses
{'MSE - mean': 1613310.1267858995, 'MSE - std': 261044.00661373747, 'R2 - mean': 0.7178117675709185, 'R2 - std': 0.047307014610455715} 
 

Saving model.....
Results After CV: {'MSE - mean': 1613310.1267858995, 'MSE - std': 261044.00661373747, 'R2 - mean': 0.7178117675709185, 'R2 - std': 0.047307014610455715}
Train time: 4.198271008400025
Inference time: 0.039686685799961194
Finished cross validation
Hyperparam was saved!!! Hurrah!!!
Trial 134 finished with value: 1613310.1267858995 and parameters: {'max_depth': 12, 'n_estimators': 93}. Best is trial 122 with value: 1568481.1046880991.
Saved Losses
{'MSE - mean': 1453349.5737192547, 'MSE - std': 0.0, 'R2 - mean': 0.7485184261363684, 'R2 - std': 0.0} 
 

Saved Losses
{'MSE - mean': 1782493.8110402254, 'MSE - std': 329144.23732097074, 'R2 - mean': 0.6881490435806698, 'R2 - std': 0.06036938255569868} 
 

Saved Losses
{'MSE - mean': 1696304.8178143247, 'MSE - std': 295094.9639483158, 'R2 - mean': 0.7029415812942971, 'R2 - std': 0.05354698787783527} 
 

Saved Losses
{'MSE - mean': 1722344.466944068, 'MSE - std': 259509.0909604975, 'R2 - mean': 0.6983401349134755, 'R2 - std': 0.047052947404796076} 
 

Saved Losses
{'MSE - mean': 1645437.6416811591, 'MSE - std': 278450.3792796724, 'R2 - mean': 0.7121811334314933, 'R2 - std': 0.050373374390504} 
 

Saving model.....
Results After CV: {'MSE - mean': 1645437.6416811591, 'MSE - std': 278450.3792796724, 'R2 - mean': 0.7121811334314933, 'R2 - std': 0.050373374390504}
Train time: 3.4774150292000288
Inference time: 0.034554845799993926
Finished cross validation
Hyperparam was saved!!! Hurrah!!!
Trial 135 finished with value: 1645437.6416811591 and parameters: {'max_depth': 11, 'n_estimators': 78}. Best is trial 122 with value: 1568481.1046880991.
Saved Losses
{'MSE - mean': 1524946.8351110232, 'MSE - std': 0.0, 'R2 - mean': 0.7361295333987112, 'R2 - std': 0.0} 
 

Saved Losses
{'MSE - mean': 1826085.9584703636, 'MSE - std': 301139.12335934036, 'R2 - mean': 0.6805808270039767, 'R2 - std': 0.055548706394734526} 
 

Saved Losses
{'MSE - mean': 1728404.8375644253, 'MSE - std': 282027.8659541213, 'R2 - mean': 0.6973627831379785, 'R2 - std': 0.051189588376147364} 
 

Saved Losses
{'MSE - mean': 1740578.433483718, 'MSE - std': 245151.7431995855, 'R2 - mean': 0.695179462615601, 'R2 - std': 0.04449248401808843} 
 

Saved Losses
{'MSE - mean': 1675545.249943763, 'MSE - std': 254944.6245764015, 'R2 - mean': 0.7069558002129938, 'R2 - std': 0.04624276609493587} 
 

Saving model.....
Results After CV: {'MSE - mean': 1675545.249943763, 'MSE - std': 254944.6245764015, 'R2 - mean': 0.7069558002129938, 'R2 - std': 0.04624276609493587}
Train time: 3.562196947399934
Inference time: 0.03468166519996885
Finished cross validation
Hyperparam was saved!!! Hurrah!!!
Trial 136 finished with value: 1675545.249943763 and parameters: {'max_depth': 10, 'n_estimators': 89}. Best is trial 122 with value: 1568481.1046880991.
Saved Losses
{'MSE - mean': 1476122.3142999816, 'MSE - std': 0.0, 'R2 - mean': 0.7445779256910601, 'R2 - std': 0.0} 
 

Saved Losses
{'MSE - mean': 1873751.9421945722, 'MSE - std': 397629.6278945906, 'R2 - mean': 0.6720997261966727, 'R2 - std': 0.07247819949438739} 
 

Saved Losses
{'MSE - mean': 1845179.9157254782, 'MSE - std': 327168.05372697214, 'R2 - mean': 0.676790260916408, 'R2 - std': 0.059548818906951434} 
 

Saved Losses
{'MSE - mean': 1900235.3480495755, 'MSE - std': 298952.3430578877, 'R2 - mean': 0.6671215034968585, 'R2 - std': 0.05422177593019206} 
 

Saved Losses
{'MSE - mean': 1858224.196546916, 'MSE - std': 280281.55511584843, 'R2 - mean': 0.6749608529155882, 'R2 - std': 0.050968837393596804} 
 

Saving model.....
Results After CV: {'MSE - mean': 1858224.196546916, 'MSE - std': 280281.55511584843, 'R2 - mean': 0.6749608529155882, 'R2 - std': 0.050968837393596804}
Train time: 0.33883334039996954
Inference time: 0.00967697560004126
Finished cross validation
Hyperparam was saved!!! Hurrah!!!
