Trial 29 finished with value: 1849928.7878189224 and parameters: {'max_depth': 8, 'n_estimators': 83}. Best is trial 12 with value: 1583511.4247476007.
Saved Losses
{'MSE - mean': 1466921.0344036382, 'MSE - std': 0.0, 'R2 - mean': 0.7461700769475336, 'R2 - std': 0.0} 
 

Saved Losses
{'MSE - mean': 1803470.1656513372, 'MSE - std': 336549.1312476989, 'R2 - mean': 0.6844734748767154, 'R2 - std': 0.061696602070818174} 
 

Saved Losses
{'MSE - mean': 1688268.933518301, 'MSE - std': 319457.1326469223, 'R2 - mean': 0.7043560827961176, 'R2 - std': 0.057691276059816346} 
 

Saved Losses
{'MSE - mean': 1711540.1509284973, 'MSE - std': 279578.7784838164, 'R2 - mean': 0.7002380730753989, 'R2 - std': 0.05046866861962237} 
 

Saved Losses
{'MSE - mean': 1655145.658524712, 'MSE - std': 274322.41942051443, 'R2 - mean': 0.7105107744635388, 'R2 - std': 0.04959619728395891} 
 

Saving model.....
Results After CV: {'MSE - mean': 1655145.658524712, 'MSE - std': 274322.41942051443, 'R2 - mean': 0.7105107744635388, 'R2 - std': 0.04959619728395891}
Train time: 2.6432773773999885
Inference time: 0.02934146680000822
Finished cross validation
Hyperparam was saved!!! Hurrah!!!
Trial 30 finished with value: 1655145.658524712 and parameters: {'max_depth': 11, 'n_estimators': 64}. Best is trial 12 with value: 1583511.4247476007.
Saved Losses
{'MSE - mean': 1428822.0504940848, 'MSE - std': 0.0, 'R2 - mean': 0.75276256688212, 'R2 - std': 0.0} 
 

Saved Losses
{'MSE - mean': 1719026.6661110695, 'MSE - std': 290204.61561698467, 'R2 - mean': 0.6992967804069197, 'R2 - std': 0.05346578647520023} 
 

Saved Losses
{'MSE - mean': 1635257.278430908, 'MSE - std': 264915.8984310925, 'R2 - mean': 0.7136618903880301, 'R2 - std': 0.04815017810780412} 
 

Saved Losses
{'MSE - mean': 1656193.8649262635, 'MSE - std': 232272.1397270822, 'R2 - mean': 0.7099485658428911, 'R2 - std': 0.042192369883576566} 
 

Saved Losses
{'MSE - mean': 1598503.0434726456, 'MSE - std': 237640.90774673165, 'R2 - mean': 0.7204277847315839, 'R2 - std': 0.04316726740462699} 
 

Saving model.....
Results After CV: {'MSE - mean': 1598503.0434726456, 'MSE - std': 237640.90774673165, 'R2 - mean': 0.7204277847315839, 'R2 - std': 0.04316726740462699}
Train time: 4.415618224200012
Inference time: 0.04093439199999693
Finished cross validation
Hyperparam was saved!!! Hurrah!!!
Trial 31 finished with value: 1598503.0434726456 and parameters: {'max_depth': 12, 'n_estimators': 99}. Best is trial 12 with value: 1583511.4247476007.
Saved Losses
{'MSE - mean': 1425373.309377133, 'MSE - std': 0.0, 'R2 - mean': 0.7533593227209233, 'R2 - std': 0.0} 
 

Saved Losses
{'MSE - mean': 1760507.5663948604, 'MSE - std': 335134.25701772736, 'R2 - mean': 0.6919793263560189, 'R2 - std': 0.06137999636490443} 
 

Saved Losses
{'MSE - mean': 1662256.5842224003, 'MSE - std': 306892.7464336505, 'R2 - mean': 0.7088984852430201, 'R2 - std': 0.05553544073284177} 
 

Saved Losses
{'MSE - mean': 1692418.8196710753, 'MSE - std': 270862.78759175393, 'R2 - mean': 0.7035769044907536, 'R2 - std': 0.04897036397814416} 
 

Saved Losses
{'MSE - mean': 1627448.5366326068, 'MSE - std': 274914.2965980041, 'R2 - mean': 0.715336445188919, 'R2 - std': 0.049715434507291344} 
 

Saving model.....
Results After CV: {'MSE - mean': 1627448.5366326068, 'MSE - std': 274914.2965980041, 'R2 - mean': 0.715336445188919, 'R2 - std': 0.049715434507291344}
Train time: 3.5218794314000093
Inference time: 0.03232907259998683
Finished cross validation
Hyperparam was saved!!! Hurrah!!!
Trial 32 finished with value: 1627448.5366326068 and parameters: {'max_depth': 11, 'n_estimators': 81}. Best is trial 12 with value: 1583511.4247476007.
Saved Losses
{'MSE - mean': 1537558.1945774201, 'MSE - std': 0.0, 'R2 - mean': 0.7339473161369321, 'R2 - std': 0.0} 
 

Saved Losses
{'MSE - mean': 1824403.371306157, 'MSE - std': 286845.17672873684, 'R2 - mean': 0.6808978173674591, 'R2 - std': 0.0530494987694729} 
 

Saved Losses
{'MSE - mean': 1717557.608157194, 'MSE - std': 278721.13509287767, 'R2 - mean': 0.6992810904512837, 'R2 - std': 0.050517874773956396} 
 

Saved Losses
{'MSE - mean': 1737848.4372475096, 'MSE - std': 243924.69451884902, 'R2 - mean': 0.6956710934033562, 'R2 - std': 0.04419432078690644} 
 

Saved Losses
{'MSE - mean': 1673301.9047858971, 'MSE - std': 253504.28928947737, 'R2 - mean': 0.7073594170456196, 'R2 - std': 0.04592361081315325} 
 

Saving model.....
Results After CV: {'MSE - mean': 1673301.9047858971, 'MSE - std': 253504.28928947737, 'R2 - mean': 0.7073594170456196, 'R2 - std': 0.04592361081315325}
Train time: 3.8469995146000087
Inference time: 0.03858212119999962
Finished cross validation
Hyperparam was saved!!! Hurrah!!!
Trial 33 finished with value: 1673301.9047858971 and parameters: {'max_depth': 10, 'n_estimators': 100}. Best is trial 12 with value: 1583511.4247476007.
Saved Losses
{'MSE - mean': 1492587.8691534558, 'MSE - std': 0.0, 'R2 - mean': 0.7417287944675974, 'R2 - std': 0.0} 
 

Saved Losses
{'MSE - mean': 1758487.0981483827, 'MSE - std': 265899.228994927, 'R2 - mean': 0.692444197453233, 'R2 - std': 0.049284597014364384} 
 

Saved Losses
{'MSE - mean': 1666382.9833617704, 'MSE - std': 253182.28461192804, 'R2 - mean': 0.7082477346127612, 'R2 - std': 0.046030619252305366} 
 

Saved Losses
{'MSE - mean': 1694437.392676835, 'MSE - std': 224582.05978447612, 'R2 - mean': 0.7032774101309962, 'R2 - std': 0.04078266553236959} 
 

Saved Losses
{'MSE - mean': 1617950.3253247687, 'MSE - std': 252489.1426380718, 'R2 - mean': 0.7170278313392391, 'R2 - std': 0.04568234866944215} 
 

Saving model.....
Results After CV: {'MSE - mean': 1617950.3253247687, 'MSE - std': 252489.1426380718, 'R2 - mean': 0.7170278313392391, 'R2 - std': 0.04568234866944215}
Train time: 2.494352371800005
Inference time: 0.02543688900000234
Finished cross validation
Hyperparam was saved!!! Hurrah!!!
Trial 34 finished with value: 1617950.3253247687 and parameters: {'max_depth': 12, 'n_estimators': 56}. Best is trial 12 with value: 1583511.4247476007.
Saved Losses
{'MSE - mean': 1617591.2708136372, 'MSE - std': 0.0, 'R2 - mean': 0.7200987250360826, 'R2 - std': 0.0} 
 

Saved Losses
{'MSE - mean': 1919679.097384546, 'MSE - std': 302087.8265709089, 'R2 - mean': 0.6642329350294345, 'R2 - std': 0.05586579000664815} 
 

Saved Losses
{'MSE - mean': 1797049.4873351909, 'MSE - std': 301519.61654802976, 'R2 - mean': 0.6853673505327041, 'R2 - std': 0.05453425253337847} 
 

Saved Losses
{'MSE - mean': 1817914.7770261536, 'MSE - std': 263612.67100448074, 'R2 - mean': 0.6816531372942943, 'R2 - std': 0.047664186392635075} 
 

Saved Losses
{'MSE - mean': 1759303.5361222818, 'MSE - std': 263314.3036229897, 'R2 - mean': 0.6923313205342124, 'R2 - std': 0.047682220174804744} 
 

Saving model.....
Results After CV: {'MSE - mean': 1759303.5361222818, 'MSE - std': 263314.3036229897, 'R2 - mean': 0.6923313205342124, 'R2 - std': 0.047682220174804744}
Train time: 2.9456932419999817
Inference time: 0.033573997200005576
Finished cross validation
Hyperparam was saved!!! Hurrah!!!
Trial 35 finished with value: 1759303.5361222818 and parameters: {'max_depth': 9, 'n_estimators': 83}. Best is trial 12 with value: 1583511.4247476007.
Saved Losses
{'MSE - mean': 1472390.015275816, 'MSE - std': 0.0, 'R2 - mean': 0.7452237472123924, 'R2 - std': 0.0} 
 

Saved Losses
{'MSE - mean': 1779854.256724997, 'MSE - std': 307464.2414491811, 'R2 - mean': 0.6886451186165776, 'R2 - std': 0.05657862859581475} 
 

Saved Losses
{'MSE - mean': 1692106.9985475068, 'MSE - std': 280039.2873900871, 'R2 - mean': 0.703700226103703, 'R2 - std': 0.05086655743629502} 
 

Saved Losses
{'MSE - mean': 1710641.0280531347, 'MSE - std': 244636.53163541888, 'R2 - mean': 0.7004080769159675, 'R2 - std': 0.04441924963220168} 
 

Saved Losses
{'MSE - mean': 1640186.4472701096, 'MSE - std': 260255.67794331236, 'R2 - mean': 0.7131210723217534, 'R2 - std': 0.047169235726905866} 
 

Saving model.....
Results After CV: {'MSE - mean': 1640186.4472701096, 'MSE - std': 260255.67794331236, 'R2 - mean': 0.7131210723217534, 'R2 - std': 0.047169235726905866}
Train time: 3.069892340399997
Inference time: 0.030060104400013186
Finished cross validation
Hyperparam was saved!!! Hurrah!!!
Trial 36 finished with value: 1640186.4472701096 and parameters: {'max_depth': 11, 'n_estimators': 69}. Best is trial 12 with value: 1583511.4247476007.
Saved Losses
{'MSE - mean': 1715802.252992773, 'MSE - std': 0.0, 'R2 - mean': 0.7031047045913681, 'R2 - std': 0.0} 
 

Saved Losses
{'MSE - mean': 2036009.1447907889, 'MSE - std': 320206.8917980159, 'R2 - mean': 0.6438861917720724, 'R2 - std': 0.05921851281929569} 
 

Saved Losses
{'MSE - mean': 1916101.2600276812, 'MSE - std': 311626.0109383624, 'R2 - mean': 0.6645192258964442, 'R2 - std': 0.056474174345810875} 
 

Saved Losses
{'MSE - mean': 1926591.8959674481, 'MSE - std': 270487.039148421, 'R2 - mean': 0.6626199676837228, 'R2 - std': 0.049018576288041585} 
 

Saved Losses
{'MSE - mean': 1854661.2270459295, 'MSE - std': 281472.33470416267, 'R2 - mean': 0.6756424406222328, 'R2 - std': 0.050996037716494615} 
 

Saving model.....
Results After CV: {'MSE - mean': 1854661.2270459295, 'MSE - std': 281472.33470416267, 'R2 - mean': 0.6756424406222328, 'R2 - std': 0.050996037716494615}
Train time: 2.8856471365999936
Inference time: 0.03599619059997394
Finished cross validation
Hyperparam was saved!!! Hurrah!!!
Trial 37 finished with value: 1854661.2270459295 and parameters: {'max_depth': 8, 'n_estimators': 86}. Best is trial 12 with value: 1583511.4247476007.
Saved Losses
{'MSE - mean': 1958582.3107484437, 'MSE - std': 0.0, 'R2 - mean': 0.6610950517651352, 'R2 - std': 0.0} 
 

Saved Losses
{'MSE - mean': 2279593.5052993414, 'MSE - std': 321011.1945508978, 'R2 - mean': 0.6013420605639361, 'R2 - std': 0.05975299120119909} 
 

Saved Losses
{'MSE - mean': 2163816.7230599653, 'MSE - std': 309042.5827660929, 'R2 - mean': 0.6211804240724454, 'R2 - std': 0.05627967044192686} 
 

Saved Losses
{'MSE - mean': 2168433.104728461, 'MSE - std': 267758.1397664331, 'R2 - mean': 0.6202943818771762, 'R2 - std': 0.0487637794997918} 
 

Saved Losses
{'MSE - mean': 2087954.2903978713, 'MSE - std': 288553.10664273653, 'R2 - mean': 0.6348629228882563, 'R2 - std': 0.05245278354529475} 
 

Saving model.....
Results After CV: {'MSE - mean': 2087954.2903978713, 'MSE - std': 288553.10664273653, 'R2 - mean': 0.6348629228882563, 'R2 - std': 0.05245278354529475}
Train time: 0.9610747513999968
Inference time: 0.019363255799999025
Finished cross validation
Hyperparam was saved!!! Hurrah!!!
Trial 38 finished with value: 2087954.2903978713 and parameters: {'max_depth': 6, 'n_estimators': 36}. Best is trial 12 with value: 1583511.4247476007.
Saved Losses
{'MSE - mean': 1637338.6561931807, 'MSE - std': 0.0, 'R2 - mean': 0.716681719489213, 'R2 - std': 0.0} 
 

Saved Losses
{'MSE - mean': 1967484.5216775318, 'MSE - std': 330145.86548435094, 'R2 - mean': 0.6558381717928414, 'R2 - std': 0.06084354769637157} 
 

Saved Losses
{'MSE - mean': 1846063.572346653, 'MSE - std': 319609.58820165414, 'R2 - mean': 0.6767618323628118, 'R2 - std': 0.05782350163052293} 
 

Saved Losses
{'MSE - mean': 1864237.8230528634, 'MSE - std': 278574.2752283846, 'R2 - mean': 0.673523529543121, 'R2 - std': 0.05038975908919755} 
 

Saved Losses
{'MSE - mean': 1798170.7173476096, 'MSE - std': 282032.535854097, 'R2 - mean': 0.6855133510323962, 'R2 - std': 0.05105218442175257} 
 

Saving model.....
Results After CV: {'MSE - mean': 1798170.7173476096, 'MSE - std': 282032.535854097, 'R2 - mean': 0.6855133510323962, 'R2 - std': 0.05105218442175257}
Train time: 1.894964407600014
Inference time: 0.025311224199981552
Finished cross validation
Hyperparam was saved!!! Hurrah!!!
Trial 39 finished with value: 1798170.7173476096 and parameters: {'max_depth': 9, 'n_estimators': 49}. Best is trial 12 with value: 1583511.4247476007.
Saved Losses
{'MSE - mean': 1931196.658212962, 'MSE - std': 0.0, 'R2 - mean': 0.6658337513357285, 'R2 - std': 0.0} 
 

Saved Losses
{'MSE - mean': 2338872.184433492, 'MSE - std': 407675.52622053004, 'R2 - mean': 0.5908486574274951, 'R2 - std': 0.07498509390823332} 
 

Saved Losses
{'MSE - mean': 2226907.533666953, 'MSE - std': 368607.81664980587, 'R2 - mean': 0.6100476161012435, 'R2 - std': 0.06697544003038458} 
 

Saved Losses
{'MSE - mean': 2201727.220949509, 'MSE - std': 322189.28647170664, 'R2 - mean': 0.6144019585092746, 'R2 - std': 0.05849070925255449} 
 

Saved Losses
{'MSE - mean': 2116489.3577862, 'MSE - std': 334823.4196114517, 'R2 - mean': 0.6298188837266394, 'R2 - std': 0.06072607996342891} 
 

Saving model.....
Results After CV: {'MSE - mean': 2116489.3577862, 'MSE - std': 334823.4196114517, 'R2 - mean': 0.6298188837266394, 'R2 - std': 0.06072607996342891}
Train time: 0.16256131340001048
Inference time: 0.012147117000006346
Finished cross validation
Hyperparam was saved!!! Hurrah!!!
Trial 40 finished with value: 2116489.3577862 and parameters: {'max_depth': 7, 'n_estimators': 5}. Best is trial 12 with value: 1583511.4247476007.
Saved Losses
{'MSE - mean': 1430605.9313006906, 'MSE - std': 0.0, 'R2 - mean': 0.7524538915565531, 'R2 - std': 0.0} 
 

Saved Losses
{'MSE - mean': 1755131.8264407096, 'MSE - std': 324525.895140019, 'R2 - mean': 0.6929353767805562, 'R2 - std': 0.059518514775996845} 
 

Saved Losses
{'MSE - mean': 1657884.7767070858, 'MSE - std': 298538.6883494469, 'R2 - mean': 0.7096741553420922, 'R2 - std': 0.054055611637997214} 
 

Saved Losses
{'MSE - mean': 1678631.1790941083, 'MSE - std': 261027.29927551432, 'R2 - mean': 0.7059999305129216, 'R2 - std': 0.04724411758573089} 
 

Saved Losses
{'MSE - mean': 1610430.9968368807, 'MSE - std': 270394.63791527285, 'R2 - mean': 0.7183152277195755, 'R2 - std': 0.04891085256174094} 
 

Saving model.....
Results After CV: {'MSE - mean': 1610430.9968368807, 'MSE - std': 270394.63791527285, 'R2 - mean': 0.7183152277195755, 'R2 - std': 0.04891085256174094}
Train time: 3.9291358437999975
Inference time: 0.03394669880000265
Finished cross validation
Hyperparam was saved!!! Hurrah!!!
Trial 41 finished with value: 1610430.9968368807 and parameters: {'max_depth': 12, 'n_estimators': 90}. Best is trial 12 with value: 1583511.4247476007.
Saved Losses
{'MSE - mean': 1468707.36837655, 'MSE - std': 0.0, 'R2 - mean': 0.7458609771362581, 'R2 - std': 0.0} 
 

Saved Losses
{'MSE - mean': 1761731.2527161525, 'MSE - std': 293023.88433960243, 'R2 - mean': 0.6918337200620066, 'R2 - std': 0.05402725707425149} 
 

Saved Losses
{'MSE - mean': 1679485.6863584872, 'MSE - std': 266027.56292027095, 'R2 - mean': 0.705920617779514, 'R2 - std': 0.04840293771303419} 
 

Saved Losses
{'MSE - mean': 1705843.3428854134, 'MSE - std': 234866.29461833875, 'R2 - mean': 0.7012554250210419, 'R2 - std': 0.04268987414902976} 
 

Saved Losses
{'MSE - mean': 1645961.1123257787, 'MSE - std': 241812.46292403483, 'R2 - mean': 0.7121286503181323, 'R2 - std': 0.04394142006504962} 
 

Saving model.....
Results After CV: {'MSE - mean': 1645961.1123257787, 'MSE - std': 241812.46292403483, 'R2 - mean': 0.7121286503181323, 'R2 - std': 0.04394142006504962}
Train time: 2.5676747981999712
Inference time: 0.026829822800016244
Finished cross validation
Hyperparam was saved!!! Hurrah!!!
Trial 42 finished with value: 1645961.1123257787 and parameters: {'max_depth': 11, 'n_estimators': 60}. Best is trial 12 with value: 1583511.4247476007.
Saved Losses
{'MSE - mean': 1462375.56999922, 'MSE - std': 0.0, 'R2 - mean': 0.7469566052288464, 'R2 - std': 0.0} 
 

Saved Losses
{'MSE - mean': 1802240.6163114463, 'MSE - std': 339865.0463122261, 'R2 - mean': 0.6846828562355067, 'R2 - std': 0.06227374899333976} 
 

Saved Losses
{'MSE - mean': 1666400.2171989765, 'MSE - std': 337506.63380928955, 'R2 - mean': 0.7081901068530572, 'R2 - std': 0.060749717741316614} 
 

Saved Losses
{'MSE - mean': 1681679.8985794531, 'MSE - std': 293485.01135190035, 'R2 - mean': 0.7054717300384389, 'R2 - std': 0.052821064659432905} 
 

Saved Losses
{'MSE - mean': 1608039.834879194, 'MSE - std': 300995.34454488324, 'R2 - mean': 0.7187319410197388, 'R2 - std': 0.05417919045610716} 
 

Saving model.....
Results After CV: {'MSE - mean': 1608039.834879194, 'MSE - std': 300995.34454488324, 'R2 - mean': 0.7187319410197388, 'R2 - std': 0.05417919045610716}
Train time: 4.494380056799992
Inference time: 0.03892798220001623
Finished cross validation
Hyperparam was saved!!! Hurrah!!!
Trial 43 finished with value: 1608039.834879194 and parameters: {'max_depth': 12, 'n_estimators': 99}. Best is trial 12 with value: 1583511.4247476007.
Saved Losses
{'MSE - mean': 1536177.3641750151, 'MSE - std': 0.0, 'R2 - mean': 0.7341862492945941, 'R2 - std': 0.0} 
 

Saved Losses
{'MSE - mean': 1847561.8685821858, 'MSE - std': 311384.5044071707, 'R2 - mean': 0.6768134146831131, 'R2 - std': 0.057372834611481016} 
 

Saved Losses
{'MSE - mean': 1724130.9041617485, 'MSE - std': 308400.0848661547, 'R2 - mean': 0.6981142267575718, 'R2 - std': 0.055694499647335464} 
 

Saved Losses
{'MSE - mean': 1742289.7904516573, 'MSE - std': 268927.8615408937, 'R2 - mean': 0.6948815578923693, 'R2 - std': 0.04855675454765731} 
 

Saved Losses
{'MSE - mean': 1692608.9380303663, 'MSE - std': 260250.84852809, 'R2 - mean': 0.7039904181100192, 'R2 - std': 0.047096624800721035} 
 

Saving model.....
Results After CV: {'MSE - mean': 1692608.9380303663, 'MSE - std': 260250.84852809, 'R2 - mean': 0.7039904181100192, 'R2 - std': 0.047096624800721035}
Train time: 2.9823535646000097
Inference time: 0.030862344600018334
Finished cross validation
Hyperparam was saved!!! Hurrah!!!
Trial 44 finished with value: 1692608.9380303663 and parameters: {'max_depth': 10, 'n_estimators': 75}. Best is trial 12 with value: 1583511.4247476007.
Saved Losses
{'MSE - mean': 1481458.157473828, 'MSE - std': 0.0, 'R2 - mean': 0.7436546335502612, 'R2 - std': 0.0} 
 

Saved Losses
{'MSE - mean': 1803862.5513960393, 'MSE - std': 322404.3939222115, 'R2 - mean': 0.6844278228722857, 'R2 - std': 0.05922681067797553} 
 

Saved Losses
{'MSE - mean': 1690421.179105917, 'MSE - std': 308276.31335275277, 'R2 - mean': 0.7039938081537324, 'R2 - std': 0.05571533866112708} 
 

Saved Losses
{'MSE - mean': 1698778.5701954158, 'MSE - std': 267367.2605018086, 'R2 - mean': 0.7024851848633933, 'R2 - std': 0.04832160028692677} 
 

Saved Losses
{'MSE - mean': 1638295.8596806687, 'MSE - std': 267994.09447865904, 'R2 - mean': 0.7134623079757697, 'R2 - std': 0.04847649503345609} 
 

Saving model.....
Results After CV: {'MSE - mean': 1638295.8596806687, 'MSE - std': 267994.09447865904, 'R2 - mean': 0.7134623079757697, 'R2 - std': 0.04847649503345609}
Train time: 3.8296735029999924
Inference time: 0.0366284759999985
Finished cross validation
Hyperparam was saved!!! Hurrah!!!
Trial 45 finished with value: 1638295.8596806687 and parameters: {'max_depth': 11, 'n_estimators': 89}. Best is trial 12 with value: 1583511.4247476007.
Saved Losses
{'MSE - mean': 1608782.57332263, 'MSE - std': 0.0, 'R2 - mean': 0.7216229454636967, 'R2 - std': 0.0} 
 

Saved Losses
{'MSE - mean': 1903910.4986542275, 'MSE - std': 295127.92533159745, 'R2 - mean': 0.6669982318143622, 'R2 - std': 0.05462471364933441} 
 

Saved Losses
{'MSE - mean': 1777472.0023329332, 'MSE - std': 300067.2950817342, 'R2 - mean': 0.6888019481499681, 'R2 - std': 0.05422216938610065} 
 

Saved Losses
{'MSE - mean': 1800184.6297105649, 'MSE - std': 262826.70433279197, 'R2 - mean': 0.6847629647356903, 'R2 - std': 0.047476024483560926} 
 

Saved Losses
{'MSE - mean': 1728430.5783449498, 'MSE - std': 275421.2714331754, 'R2 - mean': 0.6977189972361235, 'R2 - std': 0.04974548656129584} 
 

Saving model.....
Results After CV: {'MSE - mean': 1728430.5783449498, 'MSE - std': 275421.2714331754, 'R2 - mean': 0.6977189972361235, 'R2 - std': 0.04974548656129584}
Train time: 3.016935514600027
Inference time: 0.03305708919999688
Finished cross validation
Hyperparam was saved!!! Hurrah!!!
Trial 46 finished with value: 1728430.5783449498 and parameters: {'max_depth': 10, 'n_estimators': 75}. Best is trial 12 with value: 1583511.4247476007.
Saved Losses
{'MSE - mean': 1602475.7086560642, 'MSE - std': 0.0, 'R2 - mean': 0.7227142591305346, 'R2 - std': 0.0} 
 

Saved Losses
{'MSE - mean': 1908347.2686300806, 'MSE - std': 305871.5599740164, 'R2 - mean': 0.6662059568565879, 'R2 - std': 0.0565083022739466} 
 

Saved Losses
{'MSE - mean': 1801638.7741395037, 'MSE - std': 291796.1841083314, 'R2 - mean': 0.6845512618990591, 'R2 - std': 0.052932906445724126} 
 

Saved Losses
{'MSE - mean': 1816122.868777097, 'MSE - std': 253945.12554398383, 'R2 - mean': 0.6819581123312466, 'R2 - std': 0.04606075023962349} 
 

Saved Losses
{'MSE - mean': 1753169.9343133927, 'MSE - std': 259697.4956760377, 'R2 - mean': 0.6933919749087096, 'R2 - std': 0.047119072824821376} 
 

Saving model.....
Results After CV: {'MSE - mean': 1753169.9343133927, 'MSE - std': 259697.4956760377, 'R2 - mean': 0.6933919749087096, 'R2 - std': 0.047119072824821376}
Train time: 2.100665232999995
Inference time: 0.027490550600009555
Finished cross validation
Hyperparam was saved!!! Hurrah!!!
