Trial 191 finished with value: 1624298.0159432006 and parameters: {'max_depth': 12, 'n_estimators': 62}. Best is trial 172 with value: 1566355.153819821.
Saved Losses
{'MSE - mean': 1398260.0653332465, 'MSE - std': 0.0, 'R2 - mean': 0.7580508858575582, 'R2 - std': 0.0} 
 

Saved Losses
{'MSE - mean': 1719758.1861295495, 'MSE - std': 321498.1207963029, 'R2 - mean': 0.6991183998897219, 'R2 - std': 0.058932485967836234} 
 

Saved Losses
{'MSE - mean': 1618289.5685166337, 'MSE - std': 299164.0383428267, 'R2 - mean': 0.7166066679884411, 'R2 - std': 0.05410210387546402} 
 

Saved Losses
{'MSE - mean': 1649297.6172816814, 'MSE - std': 264591.83404413285, 'R2 - mean': 0.7111357400330152, 'R2 - std': 0.04780242034556418} 
 

Saved Losses
{'MSE - mean': 1577886.1079626004, 'MSE - std': 276415.4220863719, 'R2 - mean': 0.7240012547539536, 'R2 - std': 0.04990133253585456} 
 

Saving model.....
Results After CV: {'MSE - mean': 1577886.1079626004, 'MSE - std': 276415.4220863719, 'R2 - mean': 0.7240012547539536, 'R2 - std': 0.04990133253585456}
Train time: 3.352879647399914
Inference time: 0.030612498199934633
Finished cross validation
Hyperparam was saved!!! Hurrah!!!
Trial 192 finished with value: 1577886.1079626004 and parameters: {'max_depth': 12, 'n_estimators': 71}. Best is trial 172 with value: 1566355.153819821.
Saved Losses
{'MSE - mean': 1396523.0048752953, 'MSE - std': 0.0, 'R2 - mean': 0.7583514595844585, 'R2 - std': 0.0} 
 

Saved Losses
{'MSE - mean': 1733239.1270563556, 'MSE - std': 336716.12218106026, 'R2 - mean': 0.6967392925599473, 'R2 - std': 0.06161216702451122} 
 

Saved Losses
{'MSE - mean': 1640060.7964215379, 'MSE - std': 304876.3146330273, 'R2 - mean': 0.7127768131482416, 'R2 - std': 0.05518251731189366} 
 

Saved Losses
{'MSE - mean': 1668283.1331891927, 'MSE - std': 268517.5530501559, 'R2 - mean': 0.7077977918988267, 'R2 - std': 0.04856134903876186} 
 

Saved Losses
{'MSE - mean': 1611943.2853010094, 'MSE - std': 265288.62560820277, 'R2 - mean': 0.7180523027577255, 'R2 - std': 0.0480331517620139} 
 

Saving model.....
Results After CV: {'MSE - mean': 1611943.2853010094, 'MSE - std': 265288.62560820277, 'R2 - mean': 0.7180523027577255, 'R2 - std': 0.0480331517620139}
Train time: 3.4043703197999093
Inference time: 0.03181173980010499
Finished cross validation
Hyperparam was saved!!! Hurrah!!!
Trial 193 finished with value: 1611943.2853010094 and parameters: {'max_depth': 12, 'n_estimators': 72}. Best is trial 172 with value: 1566355.153819821.
Saved Losses
{'MSE - mean': 1480525.4521917477, 'MSE - std': 0.0, 'R2 - mean': 0.7438160249983546, 'R2 - std': 0.0} 
 

Saved Losses
{'MSE - mean': 1784514.685119249, 'MSE - std': 303989.2329275012, 'R2 - mean': 0.6878367799957303, 'R2 - std': 0.0559792450026243} 
 

Saved Losses
{'MSE - mean': 1696970.3324939888, 'MSE - std': 277370.3838619381, 'R2 - mean': 0.7028530608309446, 'R2 - std': 0.05039935146031081} 
 

Saved Losses
{'MSE - mean': 1721542.4257396576, 'MSE - std': 243951.0415682022, 'R2 - mean': 0.6985017274459007, 'R2 - std': 0.04429303870133935} 
 

Saved Losses
{'MSE - mean': 1665548.1122363298, 'MSE - std': 245257.29576223492, 'R2 - mean': 0.7087045692971438, 'R2 - std': 0.04456333189164143} 
 

Saving model.....
Results After CV: {'MSE - mean': 1665548.1122363298, 'MSE - std': 245257.29576223492, 'R2 - mean': 0.7087045692971438, 'R2 - std': 0.04456333189164143}
Train time: 2.433118853599899
Inference time: 0.027900791600040976
Finished cross validation
Hyperparam was saved!!! Hurrah!!!
Trial 194 finished with value: 1665548.1122363298 and parameters: {'max_depth': 11, 'n_estimators': 57}. Best is trial 172 with value: 1566355.153819821.
Saved Losses
{'MSE - mean': 1390060.7708157578, 'MSE - std': 0.0, 'R2 - mean': 0.7594696577257418, 'R2 - std': 0.0} 
 

Saved Losses
{'MSE - mean': 1743592.7977538249, 'MSE - std': 353532.02693806693, 'R2 - mean': 0.6949037888734257, 'R2 - std': 0.06456586885231602} 
 

Saved Losses
{'MSE - mean': 1629687.0292352252, 'MSE - std': 330563.62612602185, 'R2 - mean': 0.7145853938063116, 'R2 - std': 0.05961458512174719} 
 

Saved Losses
{'MSE - mean': 1660179.423673642, 'MSE - std': 291107.5257425549, 'R2 - mean': 0.7092108884248105, 'R2 - std': 0.05246027062183233} 
 

Saved Losses
{'MSE - mean': 1586248.0229234607, 'MSE - std': 299429.9271994993, 'R2 - mean': 0.7225210644829405, 'R2 - std': 0.05394726259752559} 
 

Saving model.....
Results After CV: {'MSE - mean': 1586248.0229234607, 'MSE - std': 299429.9271994993, 'R2 - mean': 0.7225210644829405, 'R2 - std': 0.05394726259752559}
Train time: 3.595506249400114
Inference time: 0.033955230999981725
Finished cross validation
Hyperparam was saved!!! Hurrah!!!
Trial 195 finished with value: 1586248.0229234607 and parameters: {'max_depth': 12, 'n_estimators': 79}. Best is trial 172 with value: 1566355.153819821.
Saved Losses
{'MSE - mean': 1525414.2883145472, 'MSE - std': 0.0, 'R2 - mean': 0.7360486472379033, 'R2 - std': 0.0} 
 

Saved Losses
{'MSE - mean': 1830884.5174668608, 'MSE - std': 305470.2291523138, 'R2 - mean': 0.6797357368096172, 'R2 - std': 0.05631291042828612} 
 

Saved Losses
{'MSE - mean': 1710212.100248019, 'MSE - std': 302211.3584129293, 'R2 - mean': 0.7005539859593514, 'R2 - std': 0.05459757243617702} 
 

Saved Losses
{'MSE - mean': 1720370.14537541, 'MSE - std': 262313.4318096795, 'R2 - mean': 0.6987229150243681, 'R2 - std': 0.047389130074833814} 
 

Saved Losses
{'MSE - mean': 1659353.4050530575, 'MSE - std': 264459.5235654764, 'R2 - mean': 0.7097949433373287, 'R2 - std': 0.04782199246425871} 
 

Saving model.....
Results After CV: {'MSE - mean': 1659353.4050530575, 'MSE - std': 264459.5235654764, 'R2 - mean': 0.7097949433373287, 'R2 - std': 0.04782199246425871}
Train time: 3.183730439199826
Inference time: 0.035244484200120496
Finished cross validation
Hyperparam was saved!!! Hurrah!!!
Trial 196 finished with value: 1659353.4050530575 and parameters: {'max_depth': 11, 'n_estimators': 78}. Best is trial 172 with value: 1566355.153819821.
Saved Losses
{'MSE - mean': 1420350.2469474026, 'MSE - std': 0.0, 'R2 - mean': 0.7542284925808704, 'R2 - std': 0.0} 
 

Saved Losses
{'MSE - mean': 1701678.2635789865, 'MSE - std': 281328.0166315839, 'R2 - mean': 0.7023410955645266, 'R2 - std': 0.05188739701634387} 
 

Saved Losses
{'MSE - mean': 1627124.4843195612, 'MSE - std': 252745.26167329052, 'R2 - mean': 0.715088921618842, 'R2 - std': 0.04604217759449803} 
 

Saved Losses
{'MSE - mean': 1655167.3915639098, 'MSE - std': 224208.25010215506, 'R2 - mean': 0.7101299634067557, 'R2 - std': 0.040788299644384886} 
 

Saved Losses
{'MSE - mean': 1609743.434849563, 'MSE - std': 220156.34196053454, 'R2 - mean': 0.7184771118870351, 'R2 - std': 0.04012041701317959} 
 

Saving model.....
Results After CV: {'MSE - mean': 1609743.434849563, 'MSE - std': 220156.34196053454, 'R2 - mean': 0.7184771118870351, 'R2 - std': 0.04012041701317959}
Train time: 2.976626104799925
Inference time: 0.03087699879997672
Finished cross validation
Hyperparam was saved!!! Hurrah!!!
Trial 197 finished with value: 1609743.434849563 and parameters: {'max_depth': 12, 'n_estimators': 67}. Best is trial 172 with value: 1566355.153819821.
Saved Losses
{'MSE - mean': 1416193.238985137, 'MSE - std': 0.0, 'R2 - mean': 0.7549478039728564, 'R2 - std': 0.0} 
 

Saved Losses
{'MSE - mean': 1774163.2618473724, 'MSE - std': 357970.0228622353, 'R2 - mean': 0.6895573756218676, 'R2 - std': 0.06539042835098885} 
 

Saved Losses
{'MSE - mean': 1653843.9477927752, 'MSE - std': 338203.83328371216, 'R2 - mean': 0.7103582634634341, 'R2 - std': 0.060958668647524895} 
 

Saved Losses
{'MSE - mean': 1658554.8070629344, 'MSE - std': 293006.7426204344, 'R2 - mean': 0.7094996449481006, 'R2 - std': 0.05281269865973213} 
 

Saved Losses
{'MSE - mean': 1596975.6038087963, 'MSE - std': 289569.2560864979, 'R2 - mean': 0.7206622379820343, 'R2 - std': 0.052247094127270265} 
 

Saving model.....
Results After CV: {'MSE - mean': 1596975.6038087963, 'MSE - std': 289569.2560864979, 'R2 - mean': 0.7206622379820343, 'R2 - std': 0.052247094127270265}
Train time: 3.2755435115998806
Inference time: 0.03082367400011208
Finished cross validation
Hyperparam was saved!!! Hurrah!!!
Trial 198 finished with value: 1596975.6038087963 and parameters: {'max_depth': 12, 'n_estimators': 70}. Best is trial 172 with value: 1566355.153819821.
Saved Losses
{'MSE - mean': 1462034.6623172117, 'MSE - std': 0.0, 'R2 - mean': 0.747015594478208, 'R2 - std': 0.0} 
 

Saved Losses
{'MSE - mean': 1783800.548167852, 'MSE - std': 321765.88585064025, 'R2 - mean': 0.6879327522135021, 'R2 - std': 0.05908284226470584} 
 

Saved Losses
{'MSE - mean': 1676986.5249590578, 'MSE - std': 303052.2418763182, 'R2 - mean': 0.7063409560915729, 'R2 - std': 0.05481707860467063} 
 

Saved Losses
{'MSE - mean': 1701714.131643878, 'MSE - std': 265922.6571331866, 'R2 - mean': 0.7019657555787298, 'R2 - std': 0.04807401812461413} 
 

Saved Losses
{'MSE - mean': 1643485.6439811802, 'MSE - std': 264828.4629026105, 'R2 - mean': 0.7125530606364796, 'R2 - std': 0.047929668144688936} 
 

Saving model.....
Results After CV: {'MSE - mean': 1643485.6439811802, 'MSE - std': 264828.4629026105, 'R2 - mean': 0.7125530606364796, 'R2 - std': 0.047929668144688936}
Train time: 3.513191445599932
Inference time: 0.034612844200182735
Finished cross validation
Hyperparam was saved!!! Hurrah!!!
Trial 199 finished with value: 1643485.6439811802 and parameters: {'max_depth': 11, 'n_estimators': 81}. Best is trial 172 with value: 1566355.153819821.
Best parameters: {'max_depth': 12, 'n_estimators': 68}
Saved Losses
{'MSE - mean': 1449364.7678451175, 'MSE - std': 0.0, 'R2 - mean': 0.7492079403942524, 'R2 - std': 0.0} 
 

Saved Losses
{'MSE - mean': 1751576.0023549204, 'MSE - std': 302211.2345098029, 'R2 - mean': 0.6935925080098304, 'R2 - std': 0.055615432384422014} 
 

Saved Losses
{'MSE - mean': 1662940.443371088, 'MSE - std': 276767.5525455353, 'R2 - mean': 0.7088088240583353, 'R2 - std': 0.050250606242247996} 
 

Saved Losses
{'MSE - mean': 1678703.5810573876, 'MSE - std': 241237.72121226392, 'R2 - mean': 0.7060026093675567, 'R2 - std': 0.0437888923524827} 
 

Saved Losses
{'MSE - mean': 1604929.3063155352, 'MSE - std': 261394.5006370526, 'R2 - mean': 0.7192833963158088, 'R2 - std': 0.04732325942520566} 
 

Saving model.....
Results After CV: {'MSE - mean': 1604929.3063155352, 'MSE - std': 261394.5006370526, 'R2 - mean': 0.7192833963158088, 'R2 - std': 0.04732325942520566}
Train time: 2.9996205080001346
Inference time: 0.029559277199950884
Finished cross validation
