 Panda Version: 2.0.3
Namespace(batch_size=128, cat_dims=None, cat_idx=None, config='config/sat11.yml', data_parallel=False, dataset='SAT11', direction='minimize', dropna_idx=[116], early_stopping_rounds=20, epochs=100, gpu_ids=[0, 1], logging_period=100, miss_cat_idx=None, miss_num_idx=None, model_name='RandomForest', n_trials=200, nominal_idx=[115], num_classes=1, num_features=117, num_idx=None, num_splits=5, objective='regression', one_hot_encode=True, optimize_hyperparameters=True, ordinal_encode=False, ordinal_idx=None, scale=True, seed=221, shuffle=True, target_encode=False, use_gpu=True, val_batch_size=256)
Start hyperparameter optimization
 Panda Version: 2.0.3
Loading dataset SAT11...
Dataset loaded! 

X b4 encoding : [99.0 264.0 72.0 264.0 0.375 0.0 0.2727 0.3939 0.8418 0.0 1 1.289 0.053
 0.101 0.0417 0.0556 0.4741 0 0.0 0.1818 0.053 0.1429 0.0455 0.0606 0.6931
 0.0 0.0 0.0 0.0 0.0 0.0186 0.3979 0.0076 0.0303 1.5208 0.3636 0.0208
 0.0909 0.0189 0.0227 0.0733 0.1356 0.0568 0.0871 1.3537 0.4456 0.0706 0.4
 0.5333 1.4407 5.7887 0.0705 5.0 6.0 0.5156 3147.3 0.1135 2706.0 3848.0
 3848.0 2841.0 3117.0 2891.0 3089.0 18.1338 0.0677 16.976 20.5128 20.5128
 17.052 18.0992 17.4347 17.8774 0.0 0.0 0.0 0.0 0.0 0.0 0.0 0.0 0.0 0.3361
 0.0783 0.2945 0.3732 0.3661 0.3046 0.3623 0.3112 0.3409 2.2246 0.6409
 8.1282 0.2196 8.0 6.0 10.0 1.3984 0.2637 0.8229 0.1537 1.0228 0.2076
 8.0888 0.2218 8.0 6.0 10.0 1.0672 0.3603 0.761 0.1447 0.9922 0.9986
 'MPhaseSAT_2011.02.15'] 

(1725, 116)
Data Type of X: <class 'numpy.ndarray'>
Nominal Idx: [115]
Ordinal Idx: None
Cat Dims: None 
 

Normonal Idx: [115]
Cat Idx Part II: [115] 
ENDE 
 

X after Nominal Encoding: [99.0 264.0 72.0 264.0 0.375 0.0 0.2727 0.3939 0.8418 0.0 1 1.289 0.053
 0.101 0.0417 0.0556 0.4741 0 0.0 0.1818 0.053 0.1429 0.0455 0.0606 0.6931
 0.0 0.0 0.0 0.0 0.0 0.0186 0.3979 0.0076 0.0303 1.5208 0.3636 0.0208
 0.0909 0.0189 0.0227 0.0733 0.1356 0.0568 0.0871 1.3537 0.4456 0.0706 0.4
 0.5333 1.4407 5.7887 0.0705 5.0 6.0 0.5156 3147.3 0.1135 2706.0 3848.0
 3848.0 2841.0 3117.0 2891.0 3089.0 18.1338 0.0677 16.976 20.5128 20.5128
 17.052 18.0992 17.4347 17.8774 0.0 0.0 0.0 0.0 0.0 0.0 0.0 0.0 0.0 0.3361
 0.0783 0.2945 0.3732 0.3661 0.3046 0.3623 0.3112 0.3409 2.2246 0.6409
 8.1282 0.2196 8.0 6.0 10.0 1.3984 0.2637 0.8229 0.1537 1.0228 0.2076
 8.0888 0.2218 8.0 6.0 10.0 1.0672 0.3603 0.761 0.1447 0.9922 0.9986
 'MPhaseSAT_2011.02.15'] 
 

Scaling the data...
X after Scaling: [-0.23807820605682933 -0.3511017987252142 -0.26571936609258545
 -0.3186781295310236 -0.05756106940886317 -0.11989912988618424
 0.4628191047228566 -0.8371077128699879 0.7558558924783767
 -0.7963441306242555 0.0 0.8584301841435843 1.299825369521165
 -0.7945825302352355 1.758481630931825 0.15326899896844898
 -0.05028492417294217 0.0 -0.9136680874356776 -1.066578788860202
 1.299825369521165 -0.32038584110942664 1.2692517711383928
 0.9516917613782564 -0.2823162725168412 -0.7302212434914669
 -0.6853563316919766 -0.5910036643953149 -1.0435935604791582
 -0.6843452097450864 1.3715284767074152 -0.01402921215863019
 0.37129305083701447 1.7894611213585212 0.04320638388919711
 -0.8221564642663389 -0.4042155767806336 -0.3980541515811726
 -0.39252541607824637 -0.465067895836952 0.7424384483819148
 -0.8431795039691565 1.276936856399501 -0.11187642620694017
 -0.18079539244132495 1.4905056427921408 -0.923844131750058
 2.630335162405063 0.6140265465896517 0.18132537855705355
 -0.1470062410704897 0.37877742514941165 -0.14207977847546374
 -0.15792187508091032 0.0538958206910646 0.036168416061610566
 -0.10320943362294686 -0.009810215781633136 0.21176793447148634
 0.2596094289341425 0.04869164643675625 -0.0710752539025202
 -0.03590000295016209 -0.02297439909669294 -0.49762998474719494
 -0.2798838254779024 -0.4215511520532774 -0.49901236161149265
 -0.45036964086035425 -0.42868000295449976 -0.45990287061063795
 -0.49173993612603073 -0.43453937720669944 -1.2916058581560592
 -0.60606623194164 -0.8810303362316863 -1.9869161617175068
 -1.4717969746717716 -1.0915564402261229 -1.2970100324763878
 -1.158185384724279 -1.2237473624027744 1.1798941567480121
 -0.34366721700025066 1.2827210652567984 0.5475374122678
 0.9317420791874134 1.1581948349548083 1.012031996646076
 1.1061584077511801 1.135333238414741 -0.2688716405559879
 -0.19981890991763965 -0.3225318963895109 2.0570135302865147
 -0.32273510828417473 -0.316312515237565 -0.3309347116276333
 -0.4114398967492605 0.5336138217488675 -1.1621316540408118
 1.9676217929478597 -0.28556361565857596 -0.1858899168271591
 -0.3227597361321129 2.048787089102613 -0.3228542673538684
 -0.31623136374639765 -0.32959099778581386 -0.3622092704378394
 0.09620359515201012 -1.6641306136320433 2.587565392678132
 1.2755741999006365 0.989017853453499 'MPhaseSAT_2011.02.15'] 
 

One Hot Encoding...
X after One Hot Encoding: [0.0 1.0 0.0 0.0 0.0 0.0 0.0 0.0 0.0 0.0 0.0 0.0 0.0 0.0 0.0
 -0.23807820605682933 -0.3511017987252142 -0.26571936609258545
 -0.3186781295310236 -0.05756106940886317 -0.11989912988618424
 0.4628191047228566 -0.8371077128699879 0.7558558924783767
 -0.7963441306242555 0.0 0.8584301841435843 1.299825369521165
 -0.7945825302352355 1.758481630931825 0.15326899896844898
 -0.05028492417294217 0.0 -0.9136680874356776 -1.066578788860202
 1.299825369521165 -0.32038584110942664 1.2692517711383928
 0.9516917613782564 -0.2823162725168412 -0.7302212434914669
 -0.6853563316919766 -0.5910036643953149 -1.0435935604791582
 -0.6843452097450864 1.3715284767074152 -0.01402921215863019
 0.37129305083701447 1.7894611213585212 0.04320638388919711
 -0.8221564642663389 -0.4042155767806336 -0.3980541515811726
 -0.39252541607824637 -0.465067895836952 0.7424384483819148
 -0.8431795039691565 1.276936856399501 -0.11187642620694017
 -0.18079539244132495 1.4905056427921408 -0.923844131750058
 2.630335162405063 0.6140265465896517 0.18132537855705355
 -0.1470062410704897 0.37877742514941165 -0.14207977847546374
 -0.15792187508091032 0.0538958206910646 0.036168416061610566
 -0.10320943362294686 -0.009810215781633136 0.21176793447148634
 0.2596094289341425 0.04869164643675625 -0.0710752539025202
 -0.03590000295016209 -0.02297439909669294 -0.49762998474719494
 -0.2798838254779024 -0.4215511520532774 -0.49901236161149265
 -0.45036964086035425 -0.42868000295449976 -0.45990287061063795
 -0.49173993612603073 -0.43453937720669944 -1.2916058581560592
 -0.60606623194164 -0.8810303362316863 -1.9869161617175068
 -1.4717969746717716 -1.0915564402261229 -1.2970100324763878
 -1.158185384724279 -1.2237473624027744 1.1798941567480121
 -0.34366721700025066 1.2827210652567984 0.5475374122678
 0.9317420791874134 1.1581948349548083 1.012031996646076
 1.1061584077511801 1.135333238414741 -0.2688716405559879
 -0.19981890991763965 -0.3225318963895109 2.0570135302865147
 -0.32273510828417473 -0.316312515237565 -0.3309347116276333
 -0.4114398967492605 0.5336138217488675 -1.1621316540408118
 1.9676217929478597 -0.28556361565857596 -0.1858899168271591
 -0.3227597361321129 2.048787089102613 -0.3228542673538684
 -0.31623136374639765 -0.32959099778581386 -0.3622092704378394
 0.09620359515201012 -1.6641306136320433 2.587565392678132
 1.2755741999006365 0.989017853453499] 
 

args.num_features: 130
args.cat_idx: None
Cat Dims: []
New Shape: (1725, 130)
False 
 

A new study created in RDB with name: RandomForest_SAT11
Saved Losses
{'MSE - mean': 2347563.5886866865, 'MSE - std': 0.0, 'R2 - mean': 0.593787347033739, 'R2 - std': 0.0} 
 

Saved Losses
{'MSE - mean': 2743804.2976270416, 'MSE - std': 396240.7089403551, 'R2 - mean': 0.5201443940538386, 'R2 - std': 0.07364295297990037} 
 

Saved Losses
{'MSE - mean': 2669400.2199214133, 'MSE - std': 340210.32686582854, 'R2 - mean': 0.5326282931866227, 'R2 - std': 0.06266752341403216} 
 

Saved Losses
{'MSE - mean': 2676134.720888731, 'MSE - std': 294861.5953111762, 'R2 - mean': 0.5313629893465397, 'R2 - std': 0.05431589868131972} 
 

Saved Losses
{'MSE - mean': 2573956.5047872188, 'MSE - std': 333640.88432671304, 'R2 - mean': 0.5498448325123222, 'R2 - std': 0.06104496364865687} 
 

Saving model.....
Results After CV: {'MSE - mean': 2573956.5047872188, 'MSE - std': 333640.88432671304, 'R2 - mean': 0.5498448325123222, 'R2 - std': 0.06104496364865687}
Train time: 0.19093409079999998
Inference time: 0.011467960199999894
Finished cross validation
Hyperparam was saved!!! Hurrah!!!
Trial 0 finished with value: 2573956.5047872188 and parameters: {'max_depth': 4, 'n_estimators': 7}. Best is trial 0 with value: 2573956.5047872188.
Saved Losses
{'MSE - mean': 1498645.1667517452, 'MSE - std': 0.0, 'R2 - mean': 0.7406806648496971, 'R2 - std': 0.0} 
 

Saved Losses
{'MSE - mean': 1831382.0318352275, 'MSE - std': 332736.86508348235, 'R2 - mean': 0.6796047397368629, 'R2 - std': 0.06107592511283422} 
 

Saved Losses
{'MSE - mean': 1708521.7725625325, 'MSE - std': 322487.98562762514, 'R2 - mean': 0.7008215483561622, 'R2 - std': 0.05819924130291536} 
 

Saved Losses
{'MSE - mean': 1720187.4895951417, 'MSE - std': 280012.7542046563, 'R2 - mean': 0.6987334651868762, 'R2 - std': 0.05053161426415936} 
 

Saved Losses
{'MSE - mean': 1653542.249693947, 'MSE - std': 283711.23703472345, 'R2 - mean': 0.7107877262827367, 'R2 - std': 0.0512247603643213} 
 

Saving model.....
Results After CV: {'MSE - mean': 1653542.249693947, 'MSE - std': 283711.23703472345, 'R2 - mean': 0.7107877262827367, 'R2 - std': 0.0512247603643213}
Train time: 2.174295943
Inference time: 0.02510558160000027
Finished cross validation
Hyperparam was saved!!! Hurrah!!!
Trial 1 finished with value: 1653542.249693947 and parameters: {'max_depth': 11, 'n_estimators': 52}. Best is trial 1 with value: 1653542.249693947.
Saved Losses
{'MSE - mean': 3276010.915042475, 'MSE - std': 0.0, 'R2 - mean': 0.43313267791382537, 'R2 - std': 0.0} 
 

Saved Losses
{'MSE - mean': 3684632.1043927446, 'MSE - std': 408621.1893502695, 'R2 - mean': 0.3558056182239938, 'R2 - std': 0.07732705968983156} 
 

Saved Losses
{'MSE - mean': 3587670.0845531747, 'MSE - std': 360717.9657850312, 'R2 - mean': 0.37198498253000967, 'R2 - std': 0.06715548946693342} 
 

Saved Losses
{'MSE - mean': 3661290.6477730405, 'MSE - std': 337413.76693386264, 'R2 - mean': 0.3589380588228587, 'R2 - std': 0.062394402624099315} 
 

Saved Losses
{'MSE - mean': 3607654.4418596164, 'MSE - std': 320290.19721550634, 'R2 - mean': 0.36923464992140237, 'R2 - std': 0.059485530476385634} 
 

Saving model.....
Results After CV: {'MSE - mean': 3607654.4418596164, 'MSE - std': 320290.19721550634, 'R2 - mean': 0.36923464992140237, 'R2 - std': 0.059485530476385634}
Train time: 0.3575589314000013
Inference time: 0.018543314000000775
Finished cross validation
Hyperparam was saved!!! Hurrah!!!
Trial 2 finished with value: 3607654.4418596164 and parameters: {'max_depth': 2, 'n_estimators': 32}. Best is trial 1 with value: 1653542.249693947.
Saved Losses
{'MSE - mean': 1659984.2820931438, 'MSE - std': 0.0, 'R2 - mean': 0.7127632144403032, 'R2 - std': 0.0} 
 

Saved Losses
{'MSE - mean': 2064086.6998072942, 'MSE - std': 404102.4177141503, 'R2 - mean': 0.638846648828181, 'R2 - std': 0.07391656561212223} 
 

Saved Losses
{'MSE - mean': 1925304.4027623853, 'MSE - std': 383910.00848428486, 'R2 - mean': 0.6628296039920131, 'R2 - std': 0.06923007577184118} 
 

Saved Losses
{'MSE - mean': 1927373.6718988977, 'MSE - std': 332495.13768637384, 'R2 - mean': 0.6624251553025662, 'R2 - std': 0.05995909672233513} 
 

Saved Losses
{'MSE - mean': 1848698.753128949, 'MSE - std': 336454.13452935376, 'R2 - mean': 0.6766312882631398, 'R2 - std': 0.06069045623968114} 
 

Saving model.....
Results After CV: {'MSE - mean': 1848698.753128949, 'MSE - std': 336454.13452935376, 'R2 - mean': 0.6766312882631398, 'R2 - std': 0.06069045623968114}
Train time: 0.794186874599999
Inference time: 0.014885850399998901
Finished cross validation
Hyperparam was saved!!! Hurrah!!!
Trial 3 finished with value: 1848698.753128949 and parameters: {'max_depth': 9, 'n_estimators': 20}. Best is trial 1 with value: 1653542.249693947.
Saved Losses
{'MSE - mean': 2849709.3519868525, 'MSE - std': 0.0, 'R2 - mean': 0.5068981297750741, 'R2 - std': 0.0} 
 

Saved Losses
{'MSE - mean': 3114000.7494087173, 'MSE - std': 264291.3974218648, 'R2 - mean': 0.45570176652220956, 'R2 - std': 0.05119636325286453} 
 

Saved Losses
{'MSE - mean': 3071522.305348026, 'MSE - std': 223998.80562278887, 'R2 - mean': 0.4624046354010313, 'R2 - std': 0.042862982972407065} 
 

Saved Losses
{'MSE - mean': 3162100.0581284426, 'MSE - std': 249488.65021595196, 'R2 - mean': 0.4463906042297571, 'R2 - std': 0.04633868864170917} 
 

Saved Losses
{'MSE - mean': 3071267.312214755, 'MSE - std': 287746.4512207653, 'R2 - mean': 0.46300751575623067, 'R2 - std': 0.05312538232089453} 
 

Saving model.....
Results After CV: {'MSE - mean': 3071267.312214755, 'MSE - std': 287746.4512207653, 'R2 - mean': 0.46300751575623067, 'R2 - std': 0.05312538232089453}
Train time: 0.24313749639999999
Inference time: 0.013416881199999153
Finished cross validation
Hyperparam was saved!!! Hurrah!!!
Trial 4 finished with value: 3071267.312214755 and parameters: {'max_depth': 3, 'n_estimators': 14}. Best is trial 1 with value: 1653542.249693947.
Saved Losses
{'MSE - mean': 2094223.6652730487, 'MSE - std': 0.0, 'R2 - mean': 0.637624235153858, 'R2 - std': 0.0} 
 

Saved Losses
{'MSE - mean': 2425270.6641916456, 'MSE - std': 331046.998918597, 'R2 - mean': 0.5758828201810089, 'R2 - std': 0.061741414972849074} 
 

Saved Losses
{'MSE - mean': 2343879.2615447673, 'MSE - std': 293786.5401585402, 'R2 - mean': 0.589649532927416, 'R2 - std': 0.05404053702160884} 
 

Saved Losses
{'MSE - mean': 2297017.3849608856, 'MSE - std': 267059.9273845349, 'R2 - mean': 0.5977785477856881, 'R2 - std': 0.04887256263882561} 
 

Saved Losses
{'MSE - mean': 2207400.2551182476, 'MSE - std': 298633.0920990431, 'R2 - mean': 0.6139696062366974, 'R2 - std': 0.05440058270059929} 
 

Saving model.....
Results After CV: {'MSE - mean': 2207400.2551182476, 'MSE - std': 298633.0920990431, 'R2 - mean': 0.6139696062366974, 'R2 - std': 0.05440058270059929}
Train time: 0.2387791786000001
Inference time: 0.01096874659999969
Finished cross validation
Hyperparam was saved!!! Hurrah!!!
Trial 5 finished with value: 2207400.2551182476 and parameters: {'max_depth': 6, 'n_estimators': 6}. Best is trial 1 with value: 1653542.249693947.
Saved Losses
{'MSE - mean': 1920248.4802325252, 'MSE - std': 0.0, 'R2 - mean': 0.6677281785810701, 'R2 - std': 0.0} 
 

Saved Losses
{'MSE - mean': 2351094.5006942526, 'MSE - std': 430846.02046172717, 'R2 - mean': 0.58867650977219, 'R2 - std': 0.0790516688088801} 
 

Saved Losses
{'MSE - mean': 2246628.2414318677, 'MSE - std': 381547.6303342606, 'R2 - mean': 0.6065683608012297, 'R2 - std': 0.06932782674224881} 
 

Saved Losses
{'MSE - mean': 2191501.5910432385, 'MSE - std': 343948.816554844, 'R2 - mean': 0.6161756681578667, 'R2 - std': 0.06230298335181979} 
 

Saved Losses
{'MSE - mean': 2122795.3970805756, 'MSE - std': 336931.4397365173, 'R2 - mean': 0.6287207027475943, 'R2 - std': 0.06111334517975224} 
 

Saving model.....
Results After CV: {'MSE - mean': 2122795.3970805756, 'MSE - std': 336931.4397365173, 'R2 - mean': 0.6287207027475943, 'R2 - std': 0.06111334517975224}
Train time: 0.3032365876000007
Inference time: 0.01003299360000085
Finished cross validation
Hyperparam was saved!!! Hurrah!!!
Trial 6 finished with value: 2122795.3970805756 and parameters: {'max_depth': 7, 'n_estimators': 7}. Best is trial 1 with value: 1653542.249693947.
Saved Losses
{'MSE - mean': 3218411.514120466, 'MSE - std': 0.0, 'R2 - mean': 0.4430994390148041, 'R2 - std': 0.0} 
 

Saved Losses
{'MSE - mean': 3650774.495562477, 'MSE - std': 432362.9814420112, 'R2 - mean': 0.3616805608341708, 'R2 - std': 0.08141887818063331} 
 

Saved Losses
{'MSE - mean': 3562965.8925452274, 'MSE - std': 374227.0255811284, 'R2 - mean': 0.37627589024259134, 'R2 - std': 0.06960892972319824} 
 

Saved Losses
{'MSE - mean': 3671806.5797882695, 'MSE - std': 374931.0411330153, 'R2 - mean': 0.3570673462387043, 'R2 - std': 0.06885460631762161} 
 

Saved Losses
{'MSE - mean': 3617136.64658691, 'MSE - std': 352723.4538119542, 'R2 - mean': 0.36755225307826983, 'R2 - std': 0.06505765546545002} 
 

Saving model.....
Results After CV: {'MSE - mean': 3617136.64658691, 'MSE - std': 352723.4538119542, 'R2 - mean': 0.36755225307826983, 'R2 - std': 0.06505765546545002}
Train time: 0.5686789828000002
Inference time: 0.02271347120000087
Finished cross validation
Hyperparam was saved!!! Hurrah!!!
Trial 7 finished with value: 3617136.64658691 and parameters: {'max_depth': 2, 'n_estimators': 41}. Best is trial 1 with value: 1653542.249693947.
Saved Losses
{'MSE - mean': 1861015.7458988337, 'MSE - std': 0.0, 'R2 - mean': 0.677977564911685, 'R2 - std': 0.0} 
 

Saved Losses
{'MSE - mean': 2156527.997030361, 'MSE - std': 295512.25113152724, 'R2 - mean': 0.6228771119307822, 'R2 - std': 0.055100452980902825} 
 

Saved Losses
{'MSE - mean': 2039802.130176258, 'MSE - std': 292349.41941376514, 'R2 - mean': 0.6429036876363201, 'R2 - std': 0.0531617100437875} 
 

Saved Losses
{'MSE - mean': 2056481.4827645726, 'MSE - std': 254824.91966440435, 'R2 - mean': 0.6399054783183853, 'R2 - std': 0.046331342937877974} 
 

Saved Losses
{'MSE - mean': 1989666.3411152128, 'MSE - std': 264207.5781654875, 'R2 - mean': 0.6520681231322637, 'R2 - std': 0.048051996693332676} 
 

Saving model.....
Results After CV: {'MSE - mean': 1989666.3411152128, 'MSE - std': 264207.5781654875, 'R2 - mean': 0.6520681231322637, 'R2 - std': 0.048051996693332676}
Train time: 1.783276557
Inference time: 0.02582735719999718
Finished cross validation
Hyperparam was saved!!! Hurrah!!!
Trial 8 finished with value: 1989666.3411152128 and parameters: {'max_depth': 7, 'n_estimators': 58}. Best is trial 1 with value: 1653542.249693947.
Saved Losses
{'MSE - mean': 2094576.0742909673, 'MSE - std': 0.0, 'R2 - mean': 0.6375632557611004, 'R2 - std': 0.0} 
 

Saved Losses
{'MSE - mean': 2395537.9388603666, 'MSE - std': 300961.8645693994, 'R2 - mean': 0.5811244044615855, 'R2 - std': 0.05643885129951487} 
 

Saved Losses
{'MSE - mean': 2303585.162626536, 'MSE - std': 278021.56162956875, 'R2 - mean': 0.5967371328346783, 'R2 - std': 0.05109870055598075} 
 

Saved Losses
{'MSE - mean': 2311752.944151356, 'MSE - std': 241188.99127721318, 'R2 - mean': 0.595217358505967, 'R2 - std': 0.04433099413404768} 
 

Saved Losses
{'MSE - mean': 2220382.5626714705, 'MSE - std': 282722.284331771, 'R2 - mean': 0.6117132123882822, 'R2 - std': 0.05158141539311563} 
 

Saving model.....
Results After CV: {'MSE - mean': 2220382.5626714705, 'MSE - std': 282722.284331771, 'R2 - mean': 0.6117132123882822, 'R2 - std': 0.05158141539311563}
Train time: 1.8491652937999987
Inference time: 0.03138297679999909
Finished cross validation
Hyperparam was saved!!! Hurrah!!!
Trial 9 finished with value: 2220382.5626714705 and parameters: {'max_depth': 5, 'n_estimators': 83}. Best is trial 1 with value: 1653542.249693947.
Saved Losses
{'MSE - mean': 1441992.7868635112, 'MSE - std': 0.0, 'R2 - mean': 0.7504835573643684, 'R2 - std': 0.0} 
 

Saved Losses
{'MSE - mean': 1706269.5599413537, 'MSE - std': 264276.77307784266, 'R2 - mean': 0.7015667910081261, 'R2 - std': 0.048916766356242314} 
 

Saved Losses
{'MSE - mean': 1628889.073975076, 'MSE - std': 241944.11422691468, 'R2 - mean': 0.7148002353426804, 'R2 - std': 0.04410761217460805} 
 

Saved Losses
{'MSE - mean': 1660630.598992428, 'MSE - std': 216622.45737242085, 'R2 - mean': 0.7091881089232314, 'R2 - std': 0.03941571993066803} 
 

Saved Losses
{'MSE - mean': 1604401.859036433, 'MSE - std': 224024.36478786994, 'R2 - mean': 0.7194111878929178, 'R2 - std': 0.04075444217019866} 
 

Saving model.....
Results After CV: {'MSE - mean': 1604401.859036433, 'MSE - std': 224024.36478786994, 'R2 - mean': 0.7194111878929178, 'R2 - std': 0.04075444217019866}
Train time: 4.522308225400001
Inference time: 0.04288939760000119
Finished cross validation
Hyperparam was saved!!! Hurrah!!!
Trial 10 finished with value: 1604401.859036433 and parameters: {'max_depth': 12, 'n_estimators': 97}. Best is trial 10 with value: 1604401.859036433.
Saved Losses
{'MSE - mean': 1447694.7801744787, 'MSE - std': 0.0, 'R2 - mean': 0.7494969081246179, 'R2 - std': 0.0} 
 

Saved Losses
{'MSE - mean': 1741990.5637289842, 'MSE - std': 294295.78355450556, 'R2 - mean': 0.6952794406524793, 'R2 - std': 0.054217467472138625} 
 

Saved Losses
{'MSE - mean': 1635549.2555844365, 'MSE - std': 283548.07288656605, 'R2 - mean': 0.7136194362368862, 'R2 - std': 0.0513069202168064} 
 

Saved Losses
{'MSE - mean': 1664379.397930317, 'MSE - std': 250585.64115151376, 'R2 - mean': 0.7085208838144765, 'R2 - std': 0.045302160621900595} 
 

Saved Losses
{'MSE - mean': 1600806.1570890914, 'MSE - std': 257683.44658762653, 'R2 - mean': 0.7200232949727605, 'R2 - std': 0.04659453246279912} 
 

Saving model.....
Results After CV: {'MSE - mean': 1600806.1570890914, 'MSE - std': 257683.44658762653, 'R2 - mean': 0.7200232949727605, 'R2 - std': 0.04659453246279912}
Train time: 4.623419010000004
Inference time: 0.03999079519999782
Finished cross validation
Hyperparam was saved!!! Hurrah!!!
