Trial 173 finished with value: 1575008.5275313307 and parameters: {'max_depth': 12, 'n_estimators': 66}. Best is trial 172 with value: 1566355.153819821.
Saved Losses
{'MSE - mean': 1479058.2293224465, 'MSE - std': 0.0, 'R2 - mean': 0.7440699071496641, 'R2 - std': 0.0} 
 

Saved Losses
{'MSE - mean': 1762537.7395888704, 'MSE - std': 283479.5102664239, 'R2 - mean': 0.6917083026885842, 'R2 - std': 0.0523616044610799} 
 

Saved Losses
{'MSE - mean': 1670450.67541283, 'MSE - std': 265582.0211115931, 'R2 - mean': 0.707517161498394, 'R2 - std': 0.04824588184390521} 
 

Saved Losses
{'MSE - mean': 1696217.5612632686, 'MSE - std': 234290.74815830356, 'R2 - mean': 0.702952105735565, 'R2 - std': 0.04252373500205815} 
 

Saved Losses
{'MSE - mean': 1636000.6045962565, 'MSE - std': 241698.26482415918, 'R2 - mean': 0.7138786669050494, 'R2 - std': 0.04386540079358853} 
 

Saving model.....
Results After CV: {'MSE - mean': 1636000.6045962565, 'MSE - std': 241698.26482415918, 'R2 - mean': 0.7138786669050494, 'R2 - std': 0.04386540079358853}
Train time: 2.8949281223999606
Inference time: 0.02860665779999181
Finished cross validation
Hyperparam was saved!!! Hurrah!!!
Trial 174 finished with value: 1636000.6045962565 and parameters: {'max_depth': 12, 'n_estimators': 66}. Best is trial 172 with value: 1566355.153819821.
Saved Losses
{'MSE - mean': 1512641.640743785, 'MSE - std': 0.0, 'R2 - mean': 0.7382587731233645, 'R2 - std': 0.0} 
 

Saved Losses
{'MSE - mean': 1796650.075871899, 'MSE - std': 284008.43512811395, 'R2 - mean': 0.6857496125382053, 'R2 - std': 0.0525091605851592} 
 

Saved Losses
{'MSE - mean': 1680724.6271512676, 'MSE - std': 283991.69026241975, 'R2 - mean': 0.7057329640712454, 'R2 - std': 0.05134987803190454} 
 

Saved Losses
{'MSE - mean': 1698672.7818054722, 'MSE - std': 247900.92551270023, 'R2 - mean': 0.7025338673947495, 'R2 - std': 0.04481417341707092} 
 

Saved Losses
{'MSE - mean': 1633225.293376811, 'MSE - std': 257482.79566316976, 'R2 - mean': 0.7143675987936045, 'R2 - std': 0.04654886579203868} 
 

Saving model.....
Results After CV: {'MSE - mean': 1633225.293376811, 'MSE - std': 257482.79566316976, 'R2 - mean': 0.7143675987936045, 'R2 - std': 0.04654886579203868}
Train time: 2.533208900400041
Inference time: 0.026469154599999455
Finished cross validation
Hyperparam was saved!!! Hurrah!!!
Trial 175 finished with value: 1633225.293376811 and parameters: {'max_depth': 11, 'n_estimators': 59}. Best is trial 172 with value: 1566355.153819821.
Saved Losses
{'MSE - mean': 1499605.1307062497, 'MSE - std': 0.0, 'R2 - mean': 0.740514556674144, 'R2 - std': 0.0} 
 

Saved Losses
{'MSE - mean': 1802092.5023455424, 'MSE - std': 302487.3716392927, 'R2 - mean': 0.6847691842239222, 'R2 - std': 0.05574537245022182} 
 

Saved Losses
{'MSE - mean': 1687820.236270113, 'MSE - std': 295153.13808630366, 'R2 - mean': 0.7044707746664548, 'R2 - std': 0.05336668466068717} 
 

Saved Losses
{'MSE - mean': 1701459.1172690208, 'MSE - std': 256699.41257500296, 'R2 - mean': 0.7020314548140005, 'R2 - std': 0.04640962311614534} 
 

Saved Losses
{'MSE - mean': 1635345.8044694741, 'MSE - std': 264951.9791403796, 'R2 - mean': 0.7139845313939814, 'R2 - std': 0.04790184394293894} 
 

Saving model.....
Results After CV: {'MSE - mean': 1635345.8044694741, 'MSE - std': 264951.9791403796, 'R2 - mean': 0.7139845313939814, 'R2 - std': 0.04790184394293894}
Train time: 3.2588274709999494
Inference time: 0.030619597600070846
Finished cross validation
Hyperparam was saved!!! Hurrah!!!
Trial 176 finished with value: 1635345.8044694741 and parameters: {'max_depth': 11, 'n_estimators': 76}. Best is trial 172 with value: 1566355.153819821.
Saved Losses
{'MSE - mean': 2812764.001541347, 'MSE - std': 0.0, 'R2 - mean': 0.5132909997665673, 'R2 - std': 0.0} 
 

Saved Losses
{'MSE - mean': 3185154.325524106, 'MSE - std': 372390.3239827594, 'R2 - mean': 0.44309970154300315, 'R2 - std': 0.07019129822356418} 
 

Saved Losses
{'MSE - mean': 3086354.7211801503, 'MSE - std': 334622.8113877386, 'R2 - mean': 0.4597256555822156, 'R2 - std': 0.061946672708340256} 
 

Saved Losses
{'MSE - mean': 3147871.132895474, 'MSE - std': 308759.0098390057, 'R2 - mean': 0.4488235805791233, 'R2 - std': 0.056873617898326324} 
 

Saved Losses
{'MSE - mean': 3064276.091639889, 'MSE - std': 322828.4755338386, 'R2 - mean': 0.46419076690444533, 'R2 - std': 0.05943305807801349} 
 

Saving model.....
Results After CV: {'MSE - mean': 3064276.091639889, 'MSE - std': 322828.4755338386, 'R2 - mean': 0.46419076690444533, 'R2 - std': 0.05943305807801349}
Train time: 0.3855009331999099
Inference time: 0.017130447199997435
Finished cross validation
Hyperparam was saved!!! Hurrah!!!
Trial 177 finished with value: 3064276.091639889 and parameters: {'max_depth': 3, 'n_estimators': 24}. Best is trial 172 with value: 1566355.153819821.
Saved Losses
{'MSE - mean': 1456175.6715958442, 'MSE - std': 0.0, 'R2 - mean': 0.7480294098977779, 'R2 - std': 0.0} 
 

Saved Losses
{'MSE - mean': 1754843.038607418, 'MSE - std': 298667.367011574, 'R2 - mean': 0.6930276414079911, 'R2 - std': 0.05500176848978677} 
 

Saved Losses
{'MSE - mean': 1669422.7025689047, 'MSE - std': 272142.2392113162, 'R2 - mean': 0.7076767847688642, 'R2 - std': 0.04945696270918341} 
 

Saved Losses
{'MSE - mean': 1676540.3663153858, 'MSE - std': 236004.30543495566, 'R2 - mean': 0.7063844337762408, 'R2 - std': 0.04288943790232709} 
 

Saved Losses
{'MSE - mean': 1603028.6439809971, 'MSE - std': 257243.69580096955, 'R2 - mean': 0.719618410387078, 'R2 - std': 0.04660639070564026} 
 

Saving model.....
Results After CV: {'MSE - mean': 1603028.6439809971, 'MSE - std': 257243.69580096955, 'R2 - mean': 0.719618410387078, 'R2 - std': 0.04660639070564026}
Train time: 3.11238837359997
Inference time: 0.03288247380014582
Finished cross validation
Hyperparam was saved!!! Hurrah!!!
Trial 178 finished with value: 1603028.6439809971 and parameters: {'max_depth': 12, 'n_estimators': 69}. Best is trial 172 with value: 1566355.153819821.
Saved Losses
{'MSE - mean': 1472263.3595305174, 'MSE - std': 0.0, 'R2 - mean': 0.7452456631965041, 'R2 - std': 0.0} 
 

Saved Losses
{'MSE - mean': 1776675.3505219663, 'MSE - std': 304411.990991449, 'R2 - mean': 0.6892052624045315, 'R2 - std': 0.05604040079197259} 
 

Saved Losses
{'MSE - mean': 1677047.6793117262, 'MSE - std': 285708.1014738705, 'R2 - mean': 0.7063448391514408, 'R2 - std': 0.051780445434639374} 
 

Saved Losses
{'MSE - mean': 1684382.824407728, 'MSE - std': 247756.4378509483, 'R2 - mean': 0.705013370703335, 'R2 - std': 0.04490244226923689} 
 

Saved Losses
{'MSE - mean': 1616434.7360327486, 'MSE - std': 259950.71235241622, 'R2 - mean': 0.7172822980606965, 'R2 - std': 0.04706474021382223} 
 

Saving model.....
Results After CV: {'MSE - mean': 1616434.7360327486, 'MSE - std': 259950.71235241622, 'R2 - mean': 0.7172822980606965, 'R2 - std': 0.04706474021382223}
Train time: 2.3127360884000154
Inference time: 0.02690621360006844
Finished cross validation
Hyperparam was saved!!! Hurrah!!!
Trial 179 finished with value: 1616434.7360327486 and parameters: {'max_depth': 12, 'n_estimators': 53}. Best is trial 172 with value: 1566355.153819821.
Saved Losses
{'MSE - mean': 1443390.867167031, 'MSE - std': 0.0, 'R2 - mean': 0.7502416393554636, 'R2 - std': 0.0} 
 

Saved Losses
{'MSE - mean': 1751257.2383674365, 'MSE - std': 307866.37120040564, 'R2 - mean': 0.6936390338812376, 'R2 - std': 0.05660260547422602} 
 

Saved Losses
{'MSE - mean': 1656320.9893346394, 'MSE - std': 284979.9719949429, 'R2 - mean': 0.7099643617795653, 'R2 - std': 0.05166174561145893} 
 

Saved Losses
{'MSE - mean': 1667355.1063111217, 'MSE - std': 247538.77179349284, 'R2 - mean': 0.7079878007742677, 'R2 - std': 0.04487117504523714} 
 

Saved Losses
{'MSE - mean': 1625912.1898083012, 'MSE - std': 236411.53978996832, 'R2 - mean': 0.7156481034153621, 'R2 - std': 0.042958803826048025} 
 

Saving model.....
Results After CV: {'MSE - mean': 1625912.1898083012, 'MSE - std': 236411.53978996832, 'R2 - mean': 0.7156481034153621, 'R2 - std': 0.042958803826048025}
Train time: 2.486600563399861
Inference time: 0.030069015600111014
Finished cross validation
Hyperparam was saved!!! Hurrah!!!
Trial 180 finished with value: 1625912.1898083012 and parameters: {'max_depth': 11, 'n_estimators': 62}. Best is trial 172 with value: 1566355.153819821.
Saved Losses
{'MSE - mean': 1413792.1963158897, 'MSE - std': 0.0, 'R2 - mean': 0.7553632704238018, 'R2 - std': 0.0} 
 

Saved Losses
{'MSE - mean': 1735799.7935609012, 'MSE - std': 322007.5972450115, 'R2 - mean': 0.6963158549481993, 'R2 - std': 0.05904741547560255} 
 

Saved Losses
{'MSE - mean': 1645076.9030466673, 'MSE - std': 292552.92543774995, 'R2 - mean': 0.7119137401623853, 'R2 - std': 0.05301873470018693} 
 

Saved Losses
{'MSE - mean': 1667715.267167879, 'MSE - std': 256374.52530798173, 'R2 - mean': 0.7079091490435174, 'R2 - std': 0.04643651496392198} 
 

Saved Losses
{'MSE - mean': 1606943.3745244541, 'MSE - std': 259528.82214384244, 'R2 - mean': 0.7189312246790324, 'R2 - std': 0.047021532757404685} 
 

Saving model.....
Results After CV: {'MSE - mean': 1606943.3745244541, 'MSE - std': 259528.82214384244, 'R2 - mean': 0.7189312246790324, 'R2 - std': 0.047021532757404685}
Train time: 3.218974660599997
Inference time: 0.034027917599905776
Finished cross validation
Hyperparam was saved!!! Hurrah!!!
Trial 181 finished with value: 1606943.3745244541 and parameters: {'max_depth': 12, 'n_estimators': 72}. Best is trial 172 with value: 1566355.153819821.
Saved Losses
{'MSE - mean': 1401429.1284434453, 'MSE - std': 0.0, 'R2 - mean': 0.7575025243394229, 'R2 - std': 0.0} 
 

Saved Losses
{'MSE - mean': 1677732.3585351058, 'MSE - std': 276303.23009166063, 'R2 - mean': 0.7065314563814055, 'R2 - std': 0.050971067958017424} 
 

Saved Losses
{'MSE - mean': 1615927.6768599423, 'MSE - std': 241940.66902168398, 'R2 - mean': 0.717045788662527, 'R2 - std': 0.044194293136364214} 
 

Saved Losses
{'MSE - mean': 1653430.8423711704, 'MSE - std': 219364.8280036768, 'R2 - mean': 0.7104305114643673, 'R2 - std': 0.03995168753122502} 
 

Saved Losses
{'MSE - mean': 1592025.4935527816, 'MSE - std': 231471.83341844904, 'R2 - mean': 0.7215547883277948, 'R2 - std': 0.0420940377275793} 
 

Saving model.....
Results After CV: {'MSE - mean': 1592025.4935527816, 'MSE - std': 231471.83341844904, 'R2 - mean': 0.7215547883277948, 'R2 - std': 0.0420940377275793}
Train time: 3.0888010916000894
Inference time: 0.03035887099986212
Finished cross validation
Hyperparam was saved!!! Hurrah!!!
Trial 182 finished with value: 1592025.4935527816 and parameters: {'max_depth': 12, 'n_estimators': 66}. Best is trial 172 with value: 1566355.153819821.
Saved Losses
{'MSE - mean': 1460553.1879221997, 'MSE - std': 0.0, 'R2 - mean': 0.7472719426543339, 'R2 - std': 0.0} 
 

Saved Losses
{'MSE - mean': 1760514.2753032385, 'MSE - std': 299961.08738103893, 'R2 - mean': 0.6920350481615576, 'R2 - std': 0.0552368944927763} 
 

Saved Losses
{'MSE - mean': 1643005.050299642, 'MSE - std': 295975.1203796842, 'R2 - mean': 0.7123153678475744, 'R2 - std': 0.05344772282587427} 
 

Saved Losses
{'MSE - mean': 1680556.133109533, 'MSE - std': 264445.08952410566, 'R2 - mean': 0.7056882246455947, 'R2 - std': 0.04768911183396319} 
 

Saved Losses
{'MSE - mean': 1611613.9767887276, 'MSE - std': 273782.84820525063, 'R2 - mean': 0.7181278916225793, 'R2 - std': 0.049379979424893694} 
 

Saving model.....
Results After CV: {'MSE - mean': 1611613.9767887276, 'MSE - std': 273782.84820525063, 'R2 - mean': 0.7181278916225793, 'R2 - std': 0.049379979424893694}
Train time: 3.6324987324000175
Inference time: 0.034964515999945434
Finished cross validation
Hyperparam was saved!!! Hurrah!!!
Trial 183 finished with value: 1611613.9767887276 and parameters: {'max_depth': 12, 'n_estimators': 81}. Best is trial 172 with value: 1566355.153819821.
Saved Losses
{'MSE - mean': 1405295.104575884, 'MSE - std': 0.0, 'R2 - mean': 0.7568335718864925, 'R2 - std': 0.0} 
 

Saved Losses
{'MSE - mean': 1747689.0220811842, 'MSE - std': 342393.91750530025, 'R2 - mean': 0.6942063856659412, 'R2 - std': 0.0626271862205513} 
 

Saved Losses
{'MSE - mean': 1654458.1986910794, 'MSE - std': 309094.973575671, 'R2 - mean': 0.7102520265660303, 'R2 - std': 0.055943735005732624} 
 

Saved Losses
{'MSE - mean': 1685792.061732795, 'MSE - std': 273130.38999104366, 'R2 - mean': 0.7047283705592016, 'R2 - std': 0.04938429347311803} 
 

Saved Losses
{'MSE - mean': 1619099.209912702, 'MSE - std': 278337.7694185884, 'R2 - mean': 0.7167872177330377, 'R2 - std': 0.05032603634421238} 
 

Saving model.....
Results After CV: {'MSE - mean': 1619099.209912702, 'MSE - std': 278337.7694185884, 'R2 - mean': 0.7167872177330377, 'R2 - std': 0.05032603634421238}
Train time: 2.960629435999908
Inference time: 0.026982961199973943
Finished cross validation
Hyperparam was saved!!! Hurrah!!!
Trial 184 finished with value: 1619099.209912702 and parameters: {'max_depth': 12, 'n_estimators': 65}. Best is trial 172 with value: 1566355.153819821.
Saved Losses
{'MSE - mean': 1370211.4792996491, 'MSE - std': 0.0, 'R2 - mean': 0.7629042966872235, 'R2 - std': 0.0} 
 

Saved Losses
{'MSE - mean': 1694572.7057215844, 'MSE - std': 324361.22642193525, 'R2 - mean': 0.7035124978495639, 'R2 - std': 0.05939179883765955} 
 

Saved Losses
{'MSE - mean': 1591765.8120827822, 'MSE - std': 302123.57002273307, 'R2 - mean': 0.7212444391421764, 'R2 - std': 0.054593351214148086} 
 

Saved Losses
{'MSE - mean': 1642594.3099462881, 'MSE - std': 276060.85788760835, 'R2 - mean': 0.7123030976559842, 'R2 - std': 0.049751062906350056} 
 

Saved Losses
{'MSE - mean': 1595989.2746487544, 'MSE - std': 263923.84330797265, 'R2 - mean': 0.7208577748014673, 'R2 - std': 0.04767456987223989} 
 

Saving model.....
Results After CV: {'MSE - mean': 1595989.2746487544, 'MSE - std': 263923.84330797265, 'R2 - mean': 0.7208577748014673, 'R2 - std': 0.04767456987223989}
Train time: 3.1980171854000217
Inference time: 0.03273944359998495
Finished cross validation
Hyperparam was saved!!! Hurrah!!!
Trial 185 finished with value: 1595989.2746487544 and parameters: {'max_depth': 12, 'n_estimators': 76}. Best is trial 172 with value: 1566355.153819821.
Saved Losses
{'MSE - mean': 1453242.2575336257, 'MSE - std': 0.0, 'R2 - mean': 0.7485369956834005, 'R2 - std': 0.0} 
 

Saved Losses
{'MSE - mean': 1793820.1181385831, 'MSE - std': 340577.86060495744, 'R2 - mean': 0.6861523716494988, 'R2 - std': 0.06238462403390166} 
 

Saved Losses
{'MSE - mean': 1703970.0126018524, 'MSE - std': 305736.7097456403, 'R2 - mean': 0.7015904011045269, 'R2 - std': 0.05541864653835205} 
 

Saved Losses
{'MSE - mean': 1707802.098235026, 'MSE - std': 264858.9368049856, 'R2 - mean': 0.7008820387327974, 'R2 - std': 0.04800963569801531} 
 

Saved Losses
{'MSE - mean': 1643429.390742499, 'MSE - std': 269621.1916820479, 'R2 - mean': 0.7125421265420071, 'R2 - std': 0.04886482054360624} 
 

Saving model.....
Results After CV: {'MSE - mean': 1643429.390742499, 'MSE - std': 269621.1916820479, 'R2 - mean': 0.7125421265420071, 'R2 - std': 0.04886482054360624}
Train time: 3.4741606002000482
Inference time: 0.03434628539989717
Finished cross validation
Hyperparam was saved!!! Hurrah!!!
Trial 186 finished with value: 1643429.390742499 and parameters: {'max_depth': 11, 'n_estimators': 84}. Best is trial 172 with value: 1566355.153819821.
Saved Losses
{'MSE - mean': 1446315.9534742024, 'MSE - std': 0.0, 'R2 - mean': 0.7497354945699858, 'R2 - std': 0.0} 
 

Saved Losses
{'MSE - mean': 1801637.3605240444, 'MSE - std': 355321.40704984183, 'R2 - mean': 0.6847632158183903, 'R2 - std': 0.0649722787515955} 
 

Saved Losses
{'MSE - mean': 1690187.5014161095, 'MSE - std': 330168.1547266635, 'R2 - mean': 0.7039980467199013, 'R2 - std': 0.05961729707394322} 
 

Saved Losses
{'MSE - mean': 1707460.7442297349, 'MSE - std': 287494.9609099312, 'R2 - mean': 0.7009364284305362, 'R2 - std': 0.051901706161275894} 
 

Saved Losses
{'MSE - mean': 1641650.9768262282, 'MSE - std': 288870.877697453, 'R2 - mean': 0.712847201130223, 'R2 - std': 0.05217754025608692} 
 

Saving model.....
Results After CV: {'MSE - mean': 1641650.9768262282, 'MSE - std': 288870.877697453, 'R2 - mean': 0.712847201130223, 'R2 - std': 0.05217754025608692}
Train time: 2.8360171924000497
Inference time: 0.032944018999933176
Finished cross validation
Hyperparam was saved!!! Hurrah!!!
Trial 187 finished with value: 1641650.9768262282 and parameters: {'max_depth': 11, 'n_estimators': 68}. Best is trial 172 with value: 1566355.153819821.
Saved Losses
{'MSE - mean': 2117813.376653454, 'MSE - std': 0.0, 'R2 - mean': 0.6335423694745972, 'R2 - std': 0.0} 
 

Saved Losses
{'MSE - mean': 2426070.6308768922, 'MSE - std': 308257.25422343845, 'R2 - mean': 0.5757799663202043, 'R2 - std': 0.05776240315439285} 
 

Saved Losses
{'MSE - mean': 2308454.1516293962, 'MSE - std': 301687.96612074046, 'R2 - mean': 0.5958922372312145, 'R2 - std': 0.05507573901313363} 
 

Saved Losses
{'MSE - mean': 2325687.3175784596, 'MSE - std': 262968.9481715202, 'R2 - mean': 0.5927820382983804, 'R2 - std': 0.04800023732324161} 
 

Saved Losses
{'MSE - mean': 2233582.4420348443, 'MSE - std': 298756.3665557072, 'R2 - mean': 0.6094083392480125, 'R2 - std': 0.0543042701777767} 
 

Saving model.....
Results After CV: {'MSE - mean': 2233582.4420348443, 'MSE - std': 298756.3665557072, 'R2 - mean': 0.6094083392480125, 'R2 - std': 0.0543042701777767}
Train time: 2.162761724399843
Inference time: 0.03867495760005113
Finished cross validation
Hyperparam was saved!!! Hurrah!!!
Trial 188 finished with value: 2233582.4420348443 and parameters: {'max_depth': 5, 'n_estimators': 95}. Best is trial 172 with value: 1566355.153819821.
Saved Losses
{'MSE - mean': 1450290.91813169, 'MSE - std': 0.0, 'R2 - mean': 0.7490476831953561, 'R2 - std': 0.0} 
 

Saved Losses
{'MSE - mean': 1755737.6124958256, 'MSE - std': 305446.6943641355, 'R2 - mean': 0.6928604353181675, 'R2 - std': 0.056187247877188484} 
 

Saved Losses
{'MSE - mean': 1659902.797284181, 'MSE - std': 283843.40579261637, 'R2 - mean': 0.7093408831079296, 'R2 - std': 0.05145757023714357} 
 

Saved Losses
{'MSE - mean': 1672727.3203718278, 'MSE - std': 246817.16803383164, 'R2 - mean': 0.7070495951002693, 'R2 - std': 0.04473992795294901} 
 

Saved Losses
{'MSE - mean': 1603150.9393450194, 'MSE - std': 260956.8215934257, 'R2 - mean': 0.7195992527520971, 'R2 - std': 0.04723668649789461} 
 

Saving model.....
Results After CV: {'MSE - mean': 1603150.9393450194, 'MSE - std': 260956.8215934257, 'R2 - mean': 0.7195992527520971, 'R2 - std': 0.04723668649789461}
Train time: 4.005977044799965
Inference time: 0.035205498400137
Finished cross validation
Hyperparam was saved!!! Hurrah!!!
Trial 189 finished with value: 1603150.9393450194 and parameters: {'max_depth': 12, 'n_estimators': 89}. Best is trial 172 with value: 1566355.153819821.
Saved Losses
{'MSE - mean': 1499418.1925104405, 'MSE - std': 0.0, 'R2 - mean': 0.7405469036831138, 'R2 - std': 0.0} 
 

Saved Losses
{'MSE - mean': 1831535.504390098, 'MSE - std': 332117.31187965744, 'R2 - mean': 0.6795789373812718, 'R2 - std': 0.06096796630184198} 
 

Saved Losses
{'MSE - mean': 1713016.0506379332, 'MSE - std': 318791.9819185171, 'R2 - mean': 0.7000334875729944, 'R2 - std': 0.057574640167465226} 
 

Saved Losses
{'MSE - mean': 1731735.8532346932, 'MSE - std': 277979.38561957626, 'R2 - mean': 0.6967095898998348, 'R2 - std': 0.050192372727683766} 
 

Saved Losses
{'MSE - mean': 1661381.2562861368, 'MSE - std': 285687.0811057528, 'R2 - mean': 0.709411832006991, 'R2 - std': 0.05158301311694616} 
 

Saving model.....
Results After CV: {'MSE - mean': 1661381.2562861368, 'MSE - std': 285687.0811057528, 'R2 - mean': 0.709411832006991, 'R2 - std': 0.05158301311694616}
Train time: 0.7373931699999957
Inference time: 0.013418107600045914
Finished cross validation
Hyperparam was saved!!! Hurrah!!!
Trial 190 finished with value: 1661381.2562861368 and parameters: {'max_depth': 12, 'n_estimators': 16}. Best is trial 172 with value: 1566355.153819821.
Saved Losses
{'MSE - mean': 1440965.052953148, 'MSE - std': 0.0, 'R2 - mean': 0.750661392171606, 'R2 - std': 0.0} 
 

Saved Losses
{'MSE - mean': 1751576.2190341006, 'MSE - std': 310611.1660809526, 'R2 - mean': 0.6935788830529622, 'R2 - std': 0.057082509118643765} 
 

Saved Losses
{'MSE - mean': 1649775.7671699908, 'MSE - std': 291626.80774508126, 'R2 - mean': 0.7111103757012409, 'R2 - std': 0.05279187153789241} 
 

Saved Losses
{'MSE - mean': 1677091.4543907843, 'MSE - std': 256949.57978506715, 'R2 - mean': 0.7062812736395747, 'R2 - std': 0.04647791901022427} 
 

Saved Losses
{'MSE - mean': 1624298.0159432006, 'MSE - std': 252917.0967211456, 'R2 - mean': 0.7159167693782035, 'R2 - std': 0.04582061410471606} 
 

Saving model.....
Results After CV: {'MSE - mean': 1624298.0159432006, 'MSE - std': 252917.0967211456, 'R2 - mean': 0.7159167693782035, 'R2 - std': 0.04582061410471606}
Train time: 2.674149295400002
Inference time: 0.028660268800013
Finished cross validation
Hyperparam was saved!!! Hurrah!!!
