Trial 68 finished with value: 71.28157156597914 and parameters: {'max_depth': 6, 'n_estimators': 37}. Best is trial 62 with value: 70.04807717477266.
{'MSE - mean': 76.7663869278336, 'MSE - std': 0.0, 'R2 - mean': 0.5526567257927891, 'R2 - std': 0.0}
{'MSE - mean': 73.55333547713911, 'MSE - std': 3.2130514506944863, 'R2 - mean': 0.5519435398711625, 'R2 - std': 0.0007131859216266689}
{'MSE - mean': 69.15680287975157, 'MSE - std': 6.7484416109441625, 'R2 - mean': 0.5660584234527493, 'R2 - std': 0.01996995158939299}
{'MSE - mean': 71.95234289733654, 'MSE - std': 7.589547424056263, 'R2 - mean': 0.5541822462407708, 'R2 - std': 0.02687433683596622}
{'MSE - mean': 70.30610991368174, 'MSE - std': 7.544621675570697, 'R2 - mean': 0.563420065375534, 'R2 - std': 0.0303172095313003}
Trial 69 finished with value: 70.30610991368174 and parameters: {'max_depth': 5, 'n_estimators': 30}. Best is trial 62 with value: 70.04807717477266.
{'MSE - mean': 77.2233365164804, 'MSE - std': 0.0, 'R2 - mean': 0.5499939285280818, 'R2 - std': 0.0}
{'MSE - mean': 73.5109371923173, 'MSE - std': 3.7123993241631013, 'R2 - mean': 0.5523403062232848, 'R2 - std': 0.002346377695202906}
{'MSE - mean': 69.6634004772841, 'MSE - std': 6.228564578490074, 'R2 - mean': 0.5627280561571978, 'R2 - std': 0.014814891930240907}
{'MSE - mean': 72.28779606914046, 'MSE - std': 7.05397896218731, 'R2 - mean': 0.5519511155497463, 'R2 - std': 0.022650344671729605}
{'MSE - mean': 70.7345795006572, 'MSE - std': 7.032554457210297, 'R2 - mean': 0.5606310462193145, 'R2 - std': 0.02667949168767199}
Trial 70 finished with value: 70.7345795006572 and parameters: {'max_depth': 5, 'n_estimators': 32}. Best is trial 62 with value: 70.04807717477266.
{'MSE - mean': 76.0172858605142, 'MSE - std': 0.0, 'R2 - mean': 0.5570219869126306, 'R2 - std': 0.0}
{'MSE - mean': 72.91321743457829, 'MSE - std': 3.104068425935914, 'R2 - mean': 0.5558204859804383, 'R2 - std': 0.0012015009321923453}
{'MSE - mean': 68.90093225573253, 'MSE - std': 6.214528025095625, 'R2 - mean': 0.5674945849015262, 'R2 - std': 0.016538789986938595}
{'MSE - mean': 71.7604835443334, 'MSE - std': 7.314121249161855, 'R2 - mean': 0.5552591059562288, 'R2 - std': 0.02557869261194729}
{'MSE - mean': 70.37952987898134, 'MSE - std': 7.1010723008113334, 'R2 - mean': 0.5628584984946331, 'R2 - std': 0.027466683097895274}
Trial 71 finished with value: 70.37952987898134 and parameters: {'max_depth': 4, 'n_estimators': 46}. Best is trial 62 with value: 70.04807717477266.
{'MSE - mean': 76.21890705481299, 'MSE - std': 0.0, 'R2 - mean': 0.5558470731409042, 'R2 - std': 0.0}
{'MSE - mean': 73.79461108414515, 'MSE - std': 2.424295970667835, 'R2 - mean': 0.5502529243794066, 'R2 - std': 0.005594148761497553}
{'MSE - mean': 69.65323682222669, 'MSE - std': 6.182240871250391, 'R2 - mean': 0.5626758498713261, 'R2 - std': 0.01815271758716613}
{'MSE - mean': 72.335835911006, 'MSE - std': 7.089011937920393, 'R2 - mean': 0.5515783923784798, 'R2 - std': 0.024831463010989666}
{'MSE - mean': 70.58198157763866, 'MSE - std': 7.246191571816737, 'R2 - mean': 0.5615309149195808, 'R2 - std': 0.029824353537627815}
Trial 72 finished with value: 70.58198157763866 and parameters: {'max_depth': 4, 'n_estimators': 53}. Best is trial 62 with value: 70.04807717477266.
{'MSE - mean': 76.39970523528352, 'MSE - std': 0.0, 'R2 - mean': 0.5547935019978669, 'R2 - std': 0.0}
{'MSE - mean': 73.48146109186735, 'MSE - std': 2.9182441434161817, 'R2 - mean': 0.5523007741172266, 'R2 - std': 0.0024927278806403663}
{'MSE - mean': 69.10731016540309, 'MSE - std': 6.629013896653972, 'R2 - mean': 0.5663071751738188, 'R2 - std': 0.019912332928133627}
{'MSE - mean': 71.89123014826365, 'MSE - std': 7.497232845819482, 'R2 - mean': 0.5545125938569967, 'R2 - std': 0.026734101767181478}
{'MSE - mean': 70.35111766828611, 'MSE - std': 7.379335070280909, 'R2 - mean': 0.5630954605493784, 'R2 - std': 0.029435219728671892}
Trial 73 finished with value: 70.35111766828611 and parameters: {'max_depth': 4, 'n_estimators': 57}. Best is trial 62 with value: 70.04807717477266.
{'MSE - mean': 76.77831972961782, 'MSE - std': 0.0, 'R2 - mean': 0.5525871893871532, 'R2 - std': 0.0}
{'MSE - mean': 74.5932831261938, 'MSE - std': 2.185036603424024, 'R2 - mean': 0.5453119913854232, 'R2 - std': 0.007275198001730099}
{'MSE - mean': 69.98863781801758, 'MSE - std': 6.751921217975945, 'R2 - mean': 0.5607062709151451, 'R2 - std': 0.02256664253098701}
{'MSE - mean': 72.6319301767816, 'MSE - std': 7.426460366959214, 'R2 - mean': 0.5498342727797938, 'R2 - std': 0.027139289723687787}
{'MSE - mean': 71.02554660554316, 'MSE - std': 7.378599025383609, 'R2 - mean': 0.5588393611327973, 'R2 - std': 0.030225805239010778}
Trial 74 finished with value: 71.02554660554316 and parameters: {'max_depth': 5, 'n_estimators': 38}. Best is trial 62 with value: 70.04807717477266.
{'MSE - mean': 77.7216817373093, 'MSE - std': 0.0, 'R2 - mean': 0.5470899051437237, 'R2 - std': 0.0}
{'MSE - mean': 74.05845844840326, 'MSE - std': 3.663223288906032, 'R2 - mean': 0.5489848359657791, 'R2 - std': 0.001894930822055385}
{'MSE - mean': 70.24525987402943, 'MSE - std': 6.166611979966701, 'R2 - mean': 0.559033633614007, 'R2 - std': 0.014295121903303686}
{'MSE - mean': 72.83165144440746, 'MSE - std': 6.970551739250562, 'R2 - mean': 0.548536319501651, 'R2 - std': 0.021996447290258958}
{'MSE - mean': 71.25488790291232, 'MSE - std': 6.986816607211647, 'R2 - mean': 0.557364724699049, 'R2 - std': 0.02643554251443087}
Trial 75 finished with value: 71.25488790291232 and parameters: {'max_depth': 6, 'n_estimators': 48}. Best is trial 62 with value: 70.04807717477266.
{'MSE - mean': 76.19843279584757, 'MSE - std': 0.0, 'R2 - mean': 0.5559663834589887, 'R2 - std': 0.0}
{'MSE - mean': 73.69319149154018, 'MSE - std': 2.505241304307397, 'R2 - mean': 0.5508943218823669, 'R2 - std': 0.005072061576621878}
{'MSE - mean': 69.17945722561804, 'MSE - std': 6.70311495067216, 'R2 - mean': 0.5658333414520474, 'R2 - std': 0.021529030412398023}
{'MSE - mean': 71.97564911577379, 'MSE - std': 7.560084641798802, 'R2 - mean': 0.5539755881688864, 'R2 - std': 0.027738841029257486}
{'MSE - mean': 70.5638151508663, 'MSE - std': 7.327823988797453, 'R2 - mean': 0.561755467641062, 'R2 - std': 0.029285845381744655}
Trial 76 finished with value: 70.5638151508663 and parameters: {'max_depth': 5, 'n_estimators': 25}. Best is trial 62 with value: 70.04807717477266.
{'MSE - mean': 77.65431174438814, 'MSE - std': 0.0, 'R2 - mean': 0.5474824925041918, 'R2 - std': 0.0}
{'MSE - mean': 74.76442198140445, 'MSE - std': 2.8898897629836853, 'R2 - mean': 0.5444621863923362, 'R2 - std': 0.0030203061118554975}
{'MSE - mean': 70.69485534864731, 'MSE - std': 6.220159728793086, 'R2 - mean': 0.5561599924691158, 'R2 - std': 0.016725992746603247}
{'MSE - mean': 73.24446929993022, 'MSE - std': 6.965585703334917, 'R2 - mean': 0.5459279141388518, 'R2 - std': 0.02288898000981144}
{'MSE - mean': 72.48363597167364, 'MSE - std': 6.413343649450492, 'R2 - mean': 0.5496430784452968, 'R2 - std': 0.021779212749940467}
Trial 77 finished with value: 72.48363597167364 and parameters: {'max_depth': 8, 'n_estimators': 44}. Best is trial 62 with value: 70.04807717477266.
{'MSE - mean': 76.62927861704777, 'MSE - std': 0.0, 'R2 - mean': 0.5534557015310326, 'R2 - std': 0.0}
{'MSE - mean': 73.66044291253297, 'MSE - std': 2.9688357045147953, 'R2 - mean': 0.5512223102024874, 'R2 - std': 0.0022333913285452756}
{'MSE - mean': 69.2750594947738, 'MSE - std': 6.658766082024176, 'R2 - mean': 0.5652627081468388, 'R2 - std': 0.019939681711496137}
{'MSE - mean': 72.08115273756022, 'MSE - std': 7.541674360708729, 'R2 - mean': 0.5533450488527402, 'R2 - std': 0.026912543343531693}
{'MSE - mean': 70.4747351756588, 'MSE - std': 7.471532055951998, 'R2 - mean': 0.5623390375370115, 'R2 - std': 0.030049880551928684}
Trial 78 finished with value: 70.4747351756588 and parameters: {'max_depth': 4, 'n_estimators': 75}. Best is trial 62 with value: 70.04807717477266.
{'MSE - mean': 76.22789525700107, 'MSE - std': 0.0, 'R2 - mean': 0.5557946958966837, 'R2 - std': 0.0}
{'MSE - mean': 73.32936662126735, 'MSE - std': 2.8985286357337188, 'R2 - mean': 0.553223658672914, 'R2 - std': 0.002571037223769723}
{'MSE - mean': 69.04916414042576, 'MSE - std': 6.499326533478998, 'R2 - mean': 0.5666317412460861, 'R2 - std': 0.019077740384594935}
{'MSE - mean': 71.84588084756902, 'MSE - std': 7.4260222906769595, 'R2 - mean': 0.5547664443805158, 'R2 - std': 0.026369033785120618}
{'MSE - mean': 70.30122089901182, 'MSE - std': 7.325335697154892, 'R2 - mean': 0.5633839423210109, 'R2 - std': 0.029211399097380044}
Trial 79 finished with value: 70.30122089901182 and parameters: {'max_depth': 4, 'n_estimators': 66}. Best is trial 62 with value: 70.04807717477266.
{'MSE - mean': 76.30828781009475, 'MSE - std': 0.0, 'R2 - mean': 0.5553262217459252, 'R2 - std': 0.0}
{'MSE - mean': 73.02293788403742, 'MSE - std': 3.2853499260573287, 'R2 - mean': 0.5552008824538252, 'R2 - std': 0.00012533929210001293}
{'MSE - mean': 68.74608363762648, 'MSE - std': 6.616543451670952, 'R2 - mean': 0.5686139011308037, 'R2 - std': 0.018969148988556332}
{'MSE - mean': 71.79061712055413, 'MSE - std': 7.787267673702362, 'R2 - mean': 0.5552220425138832, 'R2 - std': 0.028423530598067893}
{'MSE - mean': 70.39727093500169, 'MSE - std': 7.501925394769398, 'R2 - mean': 0.5628687710154507, 'R2 - std': 0.029668291161342293}
Trial 80 finished with value: 70.39727093500169 and parameters: {'max_depth': 3, 'n_estimators': 18}. Best is trial 62 with value: 70.04807717477266.
{'MSE - mean': 76.41527315476213, 'MSE - std': 0.0, 'R2 - mean': 0.5547027825521453, 'R2 - std': 0.0}
{'MSE - mean': 73.53060676758315, 'MSE - std': 2.8846663871789815, 'R2 - mean': 0.5519915274496978, 'R2 - std': 0.0027112551024475184}
{'MSE - mean': 69.14260720065404, 'MSE - std': 6.63751563781864, 'R2 - mean': 0.5660839844467149, 'R2 - std': 0.02005231386264234}
{'MSE - mean': 71.88542328902919, 'MSE - std': 7.457317256605354, 'R2 - mean': 0.5545386425753889, 'R2 - std': 0.026485018882602678}
{'MSE - mean': 70.28754202682019, 'MSE - std': 7.396091038177248, 'R2 - mean': 0.5634858811787634, 'R2 - std': 0.029687999169232}
Trial 81 finished with value: 70.28754202682019 and parameters: {'max_depth': 4, 'n_estimators': 58}. Best is trial 62 with value: 70.04807717477266.
{'MSE - mean': 76.22074721112712, 'MSE - std': 0.0, 'R2 - mean': 0.5558363499379041, 'R2 - std': 0.0}
{'MSE - mean': 73.09885788009723, 'MSE - std': 3.121889331029898, 'R2 - mean': 0.5546923247886828, 'R2 - std': 0.0011440251492212394}
{'MSE - mean': 68.68481153064498, 'MSE - std': 6.742779274677792, 'R2 - mean': 0.56902685792672, 'R2 - std': 0.020293600212850597}
{'MSE - mean': 71.64183784014284, 'MSE - std': 7.767291551464777, 'R2 - mean': 0.5561479593851388, 'R2 - std': 0.028398428479975535}
{'MSE - mean': 70.17314002032582, 'MSE - std': 7.542741383615508, 'R2 - mean': 0.5642686882666512, 'R2 - std': 0.03014898907714734}
Trial 82 finished with value: 70.17314002032582 and parameters: {'max_depth': 4, 'n_estimators': 64}. Best is trial 62 with value: 70.04807717477266.
{'MSE - mean': 76.27200189334896, 'MSE - std': 0.0, 'R2 - mean': 0.5555376718538994, 'R2 - std': 0.0}
{'MSE - mean': 73.20103198209401, 'MSE - std': 3.0709699112549416, 'R2 - mean': 0.5540546188987994, 'R2 - std': 0.0014830529551000393}
{'MSE - mean': 68.98466045855751, 'MSE - std': 6.468602253413626, 'R2 - mean': 0.5670442167497874, 'R2 - std': 0.01840993215737667}
{'MSE - mean': 71.79532073246833, 'MSE - std': 7.4216942042010965, 'R2 - mean': 0.5550888791716571, 'R2 - std': 0.026133971978070544}
{'MSE - mean': 70.34221224773192, 'MSE - std': 7.24647037958408, 'R2 - mean': 0.5631311410517481, 'R2 - std': 0.028374275280125188}
Trial 83 finished with value: 70.34221224773192 and parameters: {'max_depth': 5, 'n_estimators': 66}. Best is trial 62 with value: 70.04807717477266.
{'MSE - mean': 75.96509315430033, 'MSE - std': 0.0, 'R2 - mean': 0.5573261311744857, 'R2 - std': 0.0}
{'MSE - mean': 73.3754845661951, 'MSE - std': 2.589608588105243, 'R2 - mean': 0.5528568085630551, 'R2 - std': 0.004469322611430626}
{'MSE - mean': 69.02174896001428, 'MSE - std': 6.510049350820023, 'R2 - mean': 0.5667780779405169, 'R2 - std': 0.020022987919632383}
{'MSE - mean': 71.87311239059203, 'MSE - std': 7.495090203079112, 'R2 - mean': 0.5545897888252513, 'R2 - std': 0.027319465745036256}
{'MSE - mean': 70.35635129004245, 'MSE - std': 7.3582170847560215, 'R2 - mean': 0.5630334930518476, 'R2 - std': 0.029702981856041383}
Trial 84 finished with value: 70.35635129004245 and parameters: {'max_depth': 4, 'n_estimators': 33}. Best is trial 62 with value: 70.04807717477266.
{'MSE - mean': 76.31637751155009, 'MSE - std': 0.0, 'R2 - mean': 0.5552790803643751, 'R2 - std': 0.0}
{'MSE - mean': 72.89966401289381, 'MSE - std': 3.4167134986562786, 'R2 - mean': 0.5559896027360052, 'R2 - std': 0.0007105223716301068}
{'MSE - mean': 68.63625423345636, 'MSE - std': 6.643489041866919, 'R2 - mean': 0.5693255322172165, 'R2 - std': 0.018868772922902767}
{'MSE - mean': 71.72136530429619, 'MSE - std': 7.852113788357236, 'R2 - mean': 0.5556771403514342, 'R2 - std': 0.02873775818114381}
{'MSE - mean': 70.26041566226581, 'MSE - std': 7.60671073345388, 'R2 - mean': 0.5637436885654109, 'R2 - std': 0.030347385333434538}
Trial 85 finished with value: 70.26041566226581 and parameters: {'max_depth': 3, 'n_estimators': 52}. Best is trial 62 with value: 70.04807717477266.
{'MSE - mean': 77.12249781082032, 'MSE - std': 0.0, 'R2 - mean': 0.5505815492115875, 'R2 - std': 0.0}
{'MSE - mean': 74.96421848823528, 'MSE - std': 2.1582793225850523, 'R2 - mean': 0.5430405356285318, 'R2 - std': 0.0075410135830557}
{'MSE - mean': 70.25245775094912, 'MSE - std': 6.892519489542869, 'R2 - mean': 0.5590808690681671, 'R2 - std': 0.02350523028921965}
{'MSE - mean': 73.00395326957064, 'MSE - std': 7.63821323689508, 'R2 - mean': 0.5475715460970053, 'R2 - std': 0.02849149757340731}
{'MSE - mean': 71.25566578206166, 'MSE - std': 7.6746255750847725, 'R2 - mean': 0.5574525029990707, 'R2 - std': 0.03224818730382018}
Trial 86 finished with value: 71.25566578206166 and parameters: {'max_depth': 5, 'n_estimators': 13}. Best is trial 62 with value: 70.04807717477266.
{'MSE - mean': 76.63272769498349, 'MSE - std': 0.0, 'R2 - mean': 0.5534356026065098, 'R2 - std': 0.0}
{'MSE - mean': 73.05118109823599, 'MSE - std': 3.5815465967474935, 'R2 - mean': 0.5551103418084407, 'R2 - std': 0.001674739201930786}
{'MSE - mean': 68.78780670965479, 'MSE - std': 6.701072528896833, 'R2 - mean': 0.5683996656582618, 'R2 - std': 0.01884362202533908}
{'MSE - mean': 71.65731197041991, 'MSE - std': 7.64071077209626, 'R2 - mean': 0.556047746987583, 'R2 - std': 0.026907643018603104}
{'MSE - mean': 70.27293002529333, 'MSE - std': 7.3736302024329925, 'R2 - mean': 0.563640320368763, 'R2 - std': 0.028457084960474777}
Trial 87 finished with value: 70.27293002529333 and parameters: {'max_depth': 4, 'n_estimators': 42}. Best is trial 62 with value: 70.04807717477266.
{'MSE - mean': 76.90005864132137, 'MSE - std': 0.0, 'R2 - mean': 0.5518777762502411, 'R2 - std': 0.0}
{'MSE - mean': 73.45716236378556, 'MSE - std': 3.442896277535816, 'R2 - mean': 0.5525940591634065, 'R2 - std': 0.0007162829131653892}
{'MSE - mean': 69.29473985796785, 'MSE - std': 6.523333408040347, 'R2 - mean': 0.565134085026555, 'R2 - std': 0.01774391552348759}
{'MSE - mean': 72.02166058704317, 'MSE - std': 7.36367429021161, 'R2 - mean': 0.5536935530665549, 'R2 - std': 0.02507572966359819}
{'MSE - mean': 70.55042924823691, 'MSE - std': 7.213670761200669, 'R2 - mean': 0.5618446390176683, 'R2 - std': 0.027727145241788674}
Trial 88 finished with value: 70.55042924823691 and parameters: {'max_depth': 6, 'n_estimators': 94}. Best is trial 62 with value: 70.04807717477266.
{'MSE - mean': 76.35964342221843, 'MSE - std': 0.0, 'R2 - mean': 0.5550269555098066, 'R2 - std': 0.0}
{'MSE - mean': 73.38821799655199, 'MSE - std': 2.971425425666432, 'R2 - mean': 0.5528845932158188, 'R2 - std': 0.0021423622939877873}
{'MSE - mean': 68.95743539314765, 'MSE - std': 6.7193686457478385, 'R2 - mean': 0.567285915379532, 'R2 - std': 0.02044152565062708}
{'MSE - mean': 71.8273039740682, 'MSE - std': 7.653160998133996, 'R2 - mean': 0.5549561240988402, 'R2 - std': 0.02773920037186009}
{'MSE - mean': 70.31303702092983, 'MSE - std': 7.485233211607735, 'R2 - mean': 0.5633683768570965, 'R2 - std': 0.029977234290229807}
Trial 89 finished with value: 70.31303702092983 and parameters: {'max_depth': 4, 'n_estimators': 62}. Best is trial 62 with value: 70.04807717477266.
{'MSE - mean': 76.60313206540503, 'MSE - std': 0.0, 'R2 - mean': 0.5536080661855276, 'R2 - std': 0.0}
{'MSE - mean': 73.36869422162691, 'MSE - std': 3.2344378437781245, 'R2 - mean': 0.55307643626598, 'R2 - std': 0.0005316299195475827}
{'MSE - mean': 69.04046535597227, 'MSE - std': 6.666447505017067, 'R2 - mean': 0.5667682754965186, 'R2 - std': 0.019368049547577197}
{'MSE - mean': 71.80657105043733, 'MSE - std': 7.50234389319213, 'R2 - mean': 0.5550653195700284, 'R2 - std': 0.02631004636465266}
{'MSE - mean': 70.20926821380942, 'MSE - std': 7.431933565430468, 'R2 - mean': 0.564002499848956, 'R2 - std': 0.029551101453589603}
Trial 90 finished with value: 70.20926821380942 and parameters: {'max_depth': 5, 'n_estimators': 48}. Best is trial 62 with value: 70.04807717477266.
{'MSE - mean': 76.49000860247932, 'MSE - std': 0.0, 'R2 - mean': 0.5542672742363431, 'R2 - std': 0.0}
{'MSE - mean': 73.32375755195415, 'MSE - std': 3.166251050525176, 'R2 - mean': 0.5533318726229306, 'R2 - std': 0.0009354016134124898}
{'MSE - mean': 69.18830027517849, 'MSE - std': 6.394329069785828, 'R2 - mean': 0.5657436006755677, 'R2 - std': 0.017569442334846305}
{'MSE - mean': 71.971132221026, 'MSE - std': 7.3415287308584, 'R2 - mean': 0.55397509614775, 'R2 - std': 0.0254363337458825}
{'MSE - mean': 70.58924966315186, 'MSE - std': 7.124382983798841, 'R2 - mean': 0.5615728987277864, 'R2 - std': 0.02735894873211263}
Trial 91 finished with value: 70.58924966315186 and parameters: {'max_depth': 5, 'n_estimators': 54}. Best is trial 62 with value: 70.04807717477266.
{'MSE - mean': 76.43023555799095, 'MSE - std': 0.0, 'R2 - mean': 0.5546155916510457, 'R2 - std': 0.0}
{'MSE - mean': 73.49057683505717, 'MSE - std': 2.9396587229337854, 'R2 - mean': 0.5522510521122772, 'R2 - std': 0.0023645395387684176}
{'MSE - mean': 69.03145963251688, 'MSE - std': 6.747482102497834, 'R2 - mean': 0.5668246728836088, 'R2 - std': 0.02070043984057923}
{'MSE - mean': 71.85688940105943, 'MSE - std': 7.622043438182816, 'R2 - mean': 0.5547655991044567, 'R2 - std': 0.027525350832063696}
{'MSE - mean': 70.28404584025877, 'MSE - std': 7.508114570639225, 'R2 - mean': 0.5635462121218536, 'R2 - std': 0.030240909552916476}
Trial 92 finished with value: 70.28404584025877 and parameters: {'max_depth': 4, 'n_estimators': 47}. Best is trial 62 with value: 70.04807717477266.
{'MSE - mean': 79.09237494418758, 'MSE - std': 0.0, 'R2 - mean': 0.539102419844006, 'R2 - std': 0.0}
{'MSE - mean': 75.17659737041717, 'MSE - std': 3.91577757377042, 'R2 - mean': 0.5422298867284243, 'R2 - std': 0.003127466884418284}
{'MSE - mean': 70.97930826759783, 'MSE - std': 6.742156996351696, 'R2 - mean': 0.5546068040094191, 'R2 - std': 0.01768889092537823}
{'MSE - mean': 73.51115592298375, 'MSE - std': 7.302278300149895, 'R2 - mean': 0.5444433312995456, 'R2 - std': 0.02333583465832053}
{'MSE - mean': 72.35740693840475, 'MSE - std': 6.926987915099922, 'R2 - mean': 0.5505850845578342, 'R2 - std': 0.024218453206246993}
Trial 93 finished with value: 72.35740693840475 and parameters: {'max_depth': 10, 'n_estimators': 73}. Best is trial 62 with value: 70.04807717477266.
{'MSE - mean': 76.72148077900226, 'MSE - std': 0.0, 'R2 - mean': 0.5529184088607851, 'R2 - std': 0.0}
{'MSE - mean': 73.59959150042576, 'MSE - std': 3.1218892785765036, 'R2 - mean': 0.5516360186961795, 'R2 - std': 0.0012823901646055735}
{'MSE - mean': 69.24747297952909, 'MSE - std': 6.661781519858189, 'R2 - mean': 0.5654512663514635, 'R2 - std': 0.019565747755789283}
{'MSE - mean': 72.01577386269884, 'MSE - std': 7.501664422181128, 'R2 - mean': 0.5537542746409613, 'R2 - std': 0.026411601790861754}
{'MSE - mean': 70.58113050085328, 'MSE - std': 7.297450348249358, 'R2 - mean': 0.5616711377809442, 'R2 - std': 0.028438794897747175}
Trial 94 finished with value: 70.58113050085328 and parameters: {'max_depth': 5, 'n_estimators': 50}. Best is trial 62 with value: 70.04807717477266.
{'MSE - mean': 76.42614909032194, 'MSE - std': 0.0, 'R2 - mean': 0.5546394048575826, 'R2 - std': 0.0}
{'MSE - mean': 73.41629422214015, 'MSE - std': 3.009854868181783, 'R2 - mean': 0.5527238445511726, 'R2 - std': 0.0019155603064099913}
{'MSE - mean': 69.1087267984076, 'MSE - std': 6.568847573079218, 'R2 - mean': 0.5662877046207044, 'R2 - std': 0.019245852734983544}
{'MSE - mean': 71.89197577851589, 'MSE - std': 7.456657661753213, 'R2 - mean': 0.5544998896921886, 'R2 - std': 0.026356401081887672}
{'MSE - mean': 70.37596426902465, 'MSE - std': 7.326292266576992, 'R2 - mean': 0.5629332122460236, 'R2 - std': 0.028986404047062375}
Trial 95 finished with value: 70.37596426902465 and parameters: {'max_depth': 4, 'n_estimators': 79}. Best is trial 62 with value: 70.04807717477266.
{'MSE - mean': 76.32249179548029, 'MSE - std': 0.0, 'R2 - mean': 0.5552434503978985, 'R2 - std': 0.0}
{'MSE - mean': 73.40185075580489, 'MSE - std': 2.9206410396754023, 'R2 - mean': 0.5527873505920408, 'R2 - std': 0.0024560998058577033}
{'MSE - mean': 69.18377257827012, 'MSE - std': 6.42426102718029, 'R2 - mean': 0.5657609329373561, 'R2 - std': 0.01845668700622019}
{'MSE - mean': 71.9516293762537, 'MSE - std': 7.344143317735742, 'R2 - mean': 0.5540846199909382, 'R2 - std': 0.025777816499894645}
{'MSE - mean': 70.62265466533748, 'MSE - std': 7.086173014129239, 'R2 - mean': 0.5613531676659134, 'R2 - std': 0.027256628551883284}
