Trial 32 finished with value: 996082832.1632999 and parameters: {'max_depth': 6, 'n_estimators': 98}. Best is trial 31 with value: 875881205.491265.
{'MSE - mean': 864571056.1184766, 'MSE - std': 0.0, 'R2 - mean': 0.883438100938654, 'R2 - std': 0.0}
{'MSE - mean': 935107999.506602, 'MSE - std': 70536943.38812536, 'R2 - mean': 0.8679314444799322, 'R2 - std': 0.015506656458721901}
{'MSE - mean': 1057516396.2496086, 'MSE - std': 182440688.37500688, 'R2 - mean': 0.8517814418260313, 'R2 - std': 0.0261141615691796}
{'MSE - mean': 933551605.0759746, 'MSE - std': 266580685.59673992, 'R2 - mean': 0.8631558750286946, 'R2 - std': 0.029993253706316336}
{'MSE - mean': 880366316.2357353, 'MSE - std': 261087934.11925608, 'R2 - mean': 0.8607766745469114, 'R2 - std': 0.027245524293785156}
Trial 33 finished with value: 880366316.2357353 and parameters: {'max_depth': 9, 'n_estimators': 64}. Best is trial 31 with value: 875881205.491265.
{'MSE - mean': 860497690.1019454, 'MSE - std': 0.0, 'R2 - mean': 0.883987274167504, 'R2 - std': 0.0}
{'MSE - mean': 958431910.746989, 'MSE - std': 97934220.64504367, 'R2 - mean': 0.8644844441678818, 'R2 - std': 0.019502829999622162}
{'MSE - mean': 1055027894.211243, 'MSE - std': 158289742.00840545, 'R2 - mean': 0.8519836876943819, 'R2 - std': 0.023793095850455085}
{'MSE - mean': 925163701.457302, 'MSE - std': 263411953.9764927, 'R2 - mean': 0.8645002737896549, 'R2 - std': 0.029909502504268617}
{'MSE - mean': 871823451.4606597, 'MSE - std': 258629880.47978574, 'R2 - mean': 0.862260465335497, 'R2 - std': 0.0271243366681574}
Trial 34 finished with value: 871823451.4606597 and parameters: {'max_depth': 12, 'n_estimators': 58}. Best is trial 34 with value: 871823451.4606597.
{'MSE - mean': 856570444.005466, 'MSE - std': 0.0, 'R2 - mean': 0.8845167474361814, 'R2 - std': 0.0}
{'MSE - mean': 989640352.8400179, 'MSE - std': 133069908.83455193, 'R2 - mean': 0.8598812852496355, 'R2 - std': 0.024635462186545887}
{'MSE - mean': 1078764092.9217567, 'MSE - std': 166406577.94632196, 'R2 - mean': 0.8485087038239794, 'R2 - std': 0.025754130050592794}
{'MSE - mean': 943107327.8654065, 'MSE - std': 275638595.9993909, 'R2 - mean': 0.8618681612573881, 'R2 - std': 0.032138477246788096}
{'MSE - mean': 885762992.4672382, 'MSE - std': 271909543.2173039, 'R2 - mean': 0.8602473133396501, 'R2 - std': 0.028927736995547994}
Trial 35 finished with value: 885762992.4672382 and parameters: {'max_depth': 12, 'n_estimators': 56}. Best is trial 34 with value: 871823451.4606597.
{'MSE - mean': 911331709.0860956, 'MSE - std': 0.0, 'R2 - mean': 0.8771338064880342, 'R2 - std': 0.0}
{'MSE - mean': 971544084.4927709, 'MSE - std': 60212375.40667534, 'R2 - mean': 0.8628634060226894, 'R2 - std': 0.014270400465344779}
{'MSE - mean': 1044767944.8462772, 'MSE - std': 114631965.66206649, 'R2 - mean': 0.8535368109634255, 'R2 - std': 0.017599251037847586}
{'MSE - mean': 924936703.5671034, 'MSE - std': 230073781.25980508, 'R2 - mean': 0.8642993091326152, 'R2 - std': 0.024078918753659195}
{'MSE - mean': 867233305.1191075, 'MSE - std': 235936187.61932305, 'R2 - mean': 0.8630818734824672, 'R2 - std': 0.02167404117660714}
Trial 36 finished with value: 867233305.1191075 and parameters: {'max_depth': 12, 'n_estimators': 82}. Best is trial 36 with value: 867233305.1191075.
{'MSE - mean': 883833740.1515903, 'MSE - std': 0.0, 'R2 - mean': 0.8808410963130322, 'R2 - std': 0.0}
{'MSE - mean': 980696767.9664578, 'MSE - std': 96863027.8148675, 'R2 - mean': 0.8613563036605851, 'R2 - std': 0.01948479265244707}
{'MSE - mean': 1090998596.7720153, 'MSE - std': 174894113.62500688, 'R2 - mean': 0.8469697478049731, 'R2 - std': 0.02582732548895697}
{'MSE - mean': 948161596.5483257, 'MSE - std': 290083072.81572723, 'R2 - mean': 0.8614677404653726, 'R2 - std': 0.033628312921961785}
{'MSE - mean': 887365367.6769089, 'MSE - std': 286536694.13761705, 'R2 - mean': 0.8604708156483806, 'R2 - std': 0.030144090305478512}
Trial 37 finished with value: 887365367.6769089 and parameters: {'max_depth': 11, 'n_estimators': 83}. Best is trial 36 with value: 867233305.1191075.
{'MSE - mean': 883361313.444947, 'MSE - std': 0.0, 'R2 - mean': 0.8809047891161904, 'R2 - std': 0.0}
{'MSE - mean': 997840319.7415152, 'MSE - std': 114479006.29656816, 'R2 - mean': 0.8588377245456005, 'R2 - std': 0.02206706457058999}
{'MSE - mean': 1065732486.340661, 'MSE - std': 133998710.78789826, 'R2 - mean': 0.8503770699655435, 'R2 - std': 0.02162873654087234}
{'MSE - mean': 935878142.1421664, 'MSE - std': 253087322.85769966, 'R2 - mean': 0.8628040717607159, 'R2 - std': 0.028533187766485273}
{'MSE - mean': 884244114.6138861, 'MSE - std': 248810863.0831597, 'R2 - mean': 0.8600459608345611, 'R2 - std': 0.026110207713036328}
Trial 38 finished with value: 884244114.6138861 and parameters: {'max_depth': 12, 'n_estimators': 45}. Best is trial 36 with value: 867233305.1191075.
{'MSE - mean': 890351863.5352609, 'MSE - std': 0.0, 'R2 - mean': 0.8799623196820774, 'R2 - std': 0.0}
{'MSE - mean': 956766803.2974769, 'MSE - std': 66414939.76221597, 'R2 - mean': 0.8649068188961013, 'R2 - std': 0.015055500785976061}
{'MSE - mean': 1054382566.3735172, 'MSE - std': 148318252.02667335, 'R2 - mean': 0.8522008519382392, 'R2 - std': 0.021771432243797267}
{'MSE - mean': 929182406.6606832, 'MSE - std': 252039615.7145605, 'R2 - mean': 0.8638396533086393, 'R2 - std': 0.027602201696215783}
{'MSE - mean': 871808970.581221, 'MSE - std': 252954578.89093682, 'R2 - mean': 0.8624514566139514, 'R2 - std': 0.024843783750375714}
Trial 39 finished with value: 871808970.581221 and parameters: {'max_depth': 11, 'n_estimators': 98}. Best is trial 36 with value: 867233305.1191075.
{'MSE - mean': 828599096.867577, 'MSE - std': 0.0, 'R2 - mean': 0.8882878583456006, 'R2 - std': 0.0}
{'MSE - mean': 921641000.0271591, 'MSE - std': 93041903.15958214, 'R2 - mean': 0.8696931771519092, 'R2 - std': 0.018594681193691454}
{'MSE - mean': 1052017920.6770242, 'MSE - std': 199417852.85839835, 'R2 - mean': 0.8524736276700892, 'R2 - std': 0.02869728003098979}
{'MSE - mean': 925993184.876094, 'MSE - std': 278338484.81673026, 'R2 - mean': 0.8643031576631046, 'R2 - std': 0.032209684109747776}
{'MSE - mean': 870288060.388181, 'MSE - std': 272745473.43799144, 'R2 - mean': 0.8625926824292114, 'R2 - std': 0.029011616681302674}
Trial 40 finished with value: 870288060.388181 and parameters: {'max_depth': 11, 'n_estimators': 93}. Best is trial 36 with value: 867233305.1191075.
{'MSE - mean': 895899296.14069, 'MSE - std': 0.0, 'R2 - mean': 0.879214412063811, 'R2 - std': 0.0}
{'MSE - mean': 980208959.6216893, 'MSE - std': 84309663.48099935, 'R2 - mean': 0.8614998369402111, 'R2 - std': 0.017714575123599807}
{'MSE - mean': 1054546820.1769654, 'MSE - std': 125662171.1629673, 'R2 - mean': 0.85207300058839, 'R2 - std': 0.019670653312684045}
{'MSE - mean': 926920624.414982, 'MSE - std': 246391098.62182832, 'R2 - mean': 0.8641799496079153, 'R2 - std': 0.02701732027783312}
{'MSE - mean': 867644324.812907, 'MSE - std': 250243036.9902768, 'R2 - mean': 0.8632484128208583, 'R2 - std': 0.02423673903681295}
Trial 41 finished with value: 867644324.812907 and parameters: {'max_depth': 11, 'n_estimators': 100}. Best is trial 36 with value: 867233305.1191075.
{'MSE - mean': 862982853.3533906, 'MSE - std': 0.0, 'R2 - mean': 0.8836522232240148, 'R2 - std': 0.0}
{'MSE - mean': 968785160.1737804, 'MSE - std': 105802306.8203898, 'R2 - mean': 0.8629799570363481, 'R2 - std': 0.020672266187666655}
{'MSE - mean': 1054506631.9587103, 'MSE - std': 148859307.85686973, 'R2 - mean': 0.8520096700153953, 'R2 - std': 0.02292573781146432}
{'MSE - mean': 928076453.6118503, 'MSE - std': 254112357.3189157, 'R2 - mean': 0.8639155509646224, 'R2 - std': 0.02862589901088711}
{'MSE - mean': 874275690.8160061, 'MSE - std': 251468806.06429052, 'R2 - mean': 0.8617654983265306, 'R2 - std': 0.025962368550104756}
Trial 42 finished with value: 874275690.8160061 and parameters: {'max_depth': 11, 'n_estimators': 84}. Best is trial 36 with value: 867233305.1191075.
{'MSE - mean': 850497629.1979612, 'MSE - std': 0.0, 'R2 - mean': 0.8853354873437935, 'R2 - std': 0.0}
{'MSE - mean': 941329039.6861026, 'MSE - std': 90831410.48814142, 'R2 - mean': 0.8669346043035758, 'R2 - std': 0.018400883040217697}
{'MSE - mean': 1055393367.155378, 'MSE - std': 177543154.4429306, 'R2 - mean': 0.8519860307574794, 'R2 - std': 0.025935458994061092}
{'MSE - mean': 928597278.5970376, 'MSE - std': 268091258.69420534, 'R2 - mean': 0.8639241989187861, 'R2 - std': 0.03052942190850299}
{'MSE - mean': 875501921.3047943, 'MSE - std': 262249511.44770232, 'R2 - mean': 0.8615920525777145, 'R2 - std': 0.02770184304118773}
Trial 43 finished with value: 875501921.3047943 and parameters: {'max_depth': 11, 'n_estimators': 100}. Best is trial 36 with value: 867233305.1191075.
{'MSE - mean': 880707892.6242498, 'MSE - std': 0.0, 'R2 - mean': 0.8812625246287091, 'R2 - std': 0.0}
{'MSE - mean': 984068030.2912378, 'MSE - std': 103360137.66698796, 'R2 - mean': 0.8608429416292173, 'R2 - std': 0.02041958299949187}
{'MSE - mean': 1050197339.6252385, 'MSE - std': 125969770.75874086, 'R2 - mean': 0.8525945672185055, 'R2 - std': 0.020348077896630158}
{'MSE - mean': 924163499.9277748, 'MSE - std': 244038672.35627902, 'R2 - mean': 0.8644787683029332, 'R2 - std': 0.027096787850423156}
{'MSE - mean': 875674641.5686715, 'MSE - std': 238848438.18666467, 'R2 - mean': 0.8612069869557105, 'R2 - std': 0.025103922844543852}
Trial 44 finished with value: 875674641.5686715 and parameters: {'max_depth': 12, 'n_estimators': 54}. Best is trial 36 with value: 867233305.1191075.
{'MSE - mean': 889631921.1781356, 'MSE - std': 0.0, 'R2 - mean': 0.8800593826681297, 'R2 - std': 0.0}
{'MSE - mean': 975695711.2352519, 'MSE - std': 86063790.05711627, 'R2 - mean': 0.8621247684381727, 'R2 - std': 0.017934614229957013}
{'MSE - mean': 1090887709.4901173, 'MSE - std': 177415830.45647708, 'R2 - mean': 0.8470352914145763, 'R2 - std': 0.025880846690352687}
{'MSE - mean': 955549146.6193814, 'MSE - std': 280279971.5858581, 'R2 - mean': 0.8601505878636592, 'R2 - std': 0.03191232789846473}
{'MSE - mean': 893411562.2831366, 'MSE - std': 279803158.53526616, 'R2 - mean': 0.8593867597117187, 'R2 - std': 0.028584105221295467}
Trial 45 finished with value: 893411562.2831366 and parameters: {'max_depth': 11, 'n_estimators': 77}. Best is trial 36 with value: 867233305.1191075.
{'MSE - mean': 854418703.7991238, 'MSE - std': 0.0, 'R2 - mean': 0.884806846119179, 'R2 - std': 0.0}
{'MSE - mean': 959661298.5650792, 'MSE - std': 105242594.76595551, 'R2 - mean': 0.864267785374681, 'R2 - std': 0.020539060744498072}
{'MSE - mean': 1061463990.9265275, 'MSE - std': 167665079.38782832, 'R2 - mean': 0.8510607354479728, 'R2 - std': 0.025101547356897617}
{'MSE - mean': 930227588.6576306, 'MSE - std': 269727017.5122365, 'R2 - mean': 0.8637647488516632, 'R2 - std': 0.03093124034801004}
{'MSE - mean': 874502066.8800281, 'MSE - std': 265750759.71741128, 'R2 - mean': 0.8619778232303033, 'R2 - std': 0.027895621812000927}
Trial 46 finished with value: 874502066.8800281 and parameters: {'max_depth': 12, 'n_estimators': 86}. Best is trial 36 with value: 867233305.1191075.
{'MSE - mean': 2058307455.568632, 'MSE - std': 0.0, 'R2 - mean': 0.7224979668526755, 'R2 - std': 0.0}
{'MSE - mean': 2194734344.0507793, 'MSE - std': 136426888.48214757, 'R2 - mean': 0.6902037176601099, 'R2 - std': 0.03229424919256568}
{'MSE - mean': 2324665048.9722567, 'MSE - std': 214877112.39232582, 'R2 - mean': 0.6740539787209755, 'R2 - std': 0.034884196367582845}
{'MSE - mean': 2137494577.5617766, 'MSE - std': 373801399.37754667, 'R2 - mean': 0.6834830608469792, 'R2 - std': 0.03434243928983247}
{'MSE - mean': 2047599346.0623448, 'MSE - std': 379613750.444627, 'R2 - mean': 0.6715717654887141, 'R2 - std': 0.03887207657879832}
Trial 47 finished with value: 2047599346.0623448 and parameters: {'max_depth': 2, 'n_estimators': 60}. Best is trial 36 with value: 867233305.1191075.
{'MSE - mean': 893155775.2571021, 'MSE - std': 0.0, 'R2 - mean': 0.879584294911545, 'R2 - std': 0.0}
{'MSE - mean': 986503864.3144052, 'MSE - std': 93348089.05730313, 'R2 - mean': 0.8605597195245847, 'R2 - std': 0.01902457538696034}
{'MSE - mean': 1091532059.357168, 'MSE - std': 166946360.63213444, 'R2 - mean': 0.84690136841821, 'R2 - std': 0.024786906940145653}
{'MSE - mean': 955887677.4714422, 'MSE - std': 275865022.2621886, 'R2 - mean': 0.8600766153976935, 'R2 - std': 0.03132976963936631}
{'MSE - mean': 895162175.1538391, 'MSE - std': 275011917.801893, 'R2 - mean': 0.8589978999105273, 'R2 - std': 0.028105125527803917}
Trial 48 finished with value: 895162175.1538391 and parameters: {'max_depth': 10, 'n_estimators': 51}. Best is trial 36 with value: 867233305.1191075.
{'MSE - mean': 896154132.7395408, 'MSE - std': 0.0, 'R2 - mean': 0.8791800548670229, 'R2 - std': 0.0}
{'MSE - mean': 958644684.9961331, 'MSE - std': 62490552.25659233, 'R2 - mean': 0.864665845613031, 'R2 - std': 0.014514209253991994}
{'MSE - mean': 1071706214.2881123, 'MSE - std': 167836820.2329417, 'R2 - mean': 0.8498124743769848, 'R2 - std': 0.02411818375549968}
{'MSE - mean': 943900210.5103097, 'MSE - std': 264820736.48863623, 'R2 - mean': 0.8617328745116378, 'R2 - std': 0.02936925107759378}
{'MSE - mean': 892880526.3440773, 'MSE - std': 257907058.19964552, 'R2 - mean': 0.858694686428537, 'R2 - std': 0.02696228244047928}
Trial 49 finished with value: 892880526.3440773 and parameters: {'max_depth': 8, 'n_estimators': 75}. Best is trial 36 with value: 867233305.1191075.
{'MSE - mean': 1012026994.8433934, 'MSE - std': 0.0, 'R2 - mean': 0.8635580180651713, 'R2 - std': 0.0}
{'MSE - mean': 1044472771.0667951, 'MSE - std': 32445776.223401606, 'R2 - mean': 0.8527618151297482, 'R2 - std': 0.01079620293542305}
{'MSE - mean': 1120988817.322732, 'MSE - std': 111405698.23445906, 'R2 - mean': 0.842976492951204, 'R2 - std': 0.01640763213135004}
{'MSE - mean': 984924148.9798157, 'MSE - std': 254655068.89346206, 'R2 - mean': 0.8558629966019182, 'R2 - std': 0.02645928425218437}
{'MSE - mean': 936943590.8962959, 'MSE - std': 247159663.18663564, 'R2 - mean': 0.8514937539350402, 'R2 - std': 0.025227685277063813}
Trial 50 finished with value: 936943590.8962959 and parameters: {'max_depth': 11, 'n_estimators': 19}. Best is trial 36 with value: 867233305.1191075.
{'MSE - mean': 848501808.4207269, 'MSE - std': 0.0, 'R2 - mean': 0.8856045648919421, 'R2 - std': 0.0}
{'MSE - mean': 909071960.0163927, 'MSE - std': 60570151.59566575, 'R2 - mean': 0.871656327218068, 'R2 - std': 0.013948237673874098}
{'MSE - mean': 1009301075.6196276, 'MSE - std': 150125214.64462432, 'R2 - mean': 0.8585419701358962, 'R2 - std': 0.021764074668177643}
{'MSE - mean': 898247690.7625635, 'MSE - std': 232167499.70377958, 'R2 - mean': 0.8680694301738199, 'R2 - std': 0.025051420996506566}
{'MSE - mean': 855398633.4735901, 'MSE - std': 224645421.0020281, 'R2 - mean': 0.8639777818530193, 'R2 - std': 0.023854251174157744}
Trial 51 finished with value: 855398633.4735901 and parameters: {'max_depth': 11, 'n_estimators': 88}. Best is trial 51 with value: 855398633.4735901.
{'MSE - mean': 825151239.3441321, 'MSE - std': 0.0, 'R2 - mean': 0.8887527002088362, 'R2 - std': 0.0}
{'MSE - mean': 938451020.6554942, 'MSE - std': 113299781.3113622, 'R2 - mean': 0.8672057996801572, 'R2 - std': 0.02154690052867897}
{'MSE - mean': 1012501057.3049825, 'MSE - std': 139730846.5791147, 'R2 - mean': 0.8578462505572899, 'R2 - std': 0.022016242515362498}
{'MSE - mean': 893578424.1217843, 'MSE - std': 238896023.75084344, 'R2 - mean': 0.8688405277746457, 'R2 - std': 0.026947330024840056}
{'MSE - mean': 846258830.6679509, 'MSE - std': 233695579.39703348, 'R2 - mean': 0.8657987032033349, 'R2 - std': 0.0248583519820731}
Trial 52 finished with value: 846258830.6679509 and parameters: {'max_depth': 12, 'n_estimators': 90}. Best is trial 52 with value: 846258830.6679509.
{'MSE - mean': 865290079.9040895, 'MSE - std': 0.0, 'R2 - mean': 0.8833411617948691, 'R2 - std': 0.0}
{'MSE - mean': 934812573.4471246, 'MSE - std': 69522493.54303515, 'R2 - mean': 0.867979084979317, 'R2 - std': 0.015362076815552128}
{'MSE - mean': 1030701960.2395502, 'MSE - std': 147009524.87673187, 'R2 - mean': 0.8555026959447222, 'R2 - std': 0.021648314085467947}
{'MSE - mean': 902282157.8731738, 'MSE - std': 256288484.37418985, 'R2 - mean': 0.867987602439239, 'R2 - std': 0.028620024416268354}
{'MSE - mean': 852215092.5653722, 'MSE - std': 250147704.15176344, 'R2 - mean': 0.865340651096893, 'R2 - std': 0.026140199764065054}
Trial 53 finished with value: 852215092.5653722 and parameters: {'max_depth': 11, 'n_estimators': 91}. Best is trial 52 with value: 846258830.6679509.
{'MSE - mean': 876276080.9961851, 'MSE - std': 0.0, 'R2 - mean': 0.8818600236728809, 'R2 - std': 0.0}
{'MSE - mean': 927324138.3154701, 'MSE - std': 51048057.319285035, 'R2 - mean': 0.8691435005110077, 'R2 - std': 0.012716523161873106}
{'MSE - mean': 1031557312.160686, 'MSE - std': 153187396.66524792, 'R2 - mean': 0.8554684216080838, 'R2 - std': 0.021950448899434736}
{'MSE - mean': 909619586.3073547, 'MSE - std': 249411729.53903666, 'R2 - mean': 0.8667372888215459, 'R2 - std': 0.027245710854902263}
{'MSE - mean': 860391418.496747, 'MSE - std': 243841380.1824462, 'R2 - mean': 0.8638265613771754, 'R2 - std': 0.025054986430105983}
Trial 54 finished with value: 860391418.496747 and parameters: {'max_depth': 10, 'n_estimators': 88}. Best is trial 52 with value: 846258830.6679509.
{'MSE - mean': 902334536.3737105, 'MSE - std': 0.0, 'R2 - mean': 0.8783468097803799, 'R2 - std': 0.0}
{'MSE - mean': 975667067.8887327, 'MSE - std': 73332531.5150221, 'R2 - mean': 0.8622047195995008, 'R2 - std': 0.016142090180879087}
{'MSE - mean': 1071722619.7490402, 'MSE - std': 148453510.8105486, 'R2 - mean': 0.8497424501972172, 'R2 - std': 0.022007446487843207}
{'MSE - mean': 946928009.7619817, 'MSE - std': 251495363.17683747, 'R2 - mean': 0.8611288560419132, 'R2 - std': 0.027426200791703787}
{'MSE - mean': 884062299.7114384, 'MSE - std': 257698126.03159434, 'R2 - mean': 0.860715733696321, 'R2 - std': 0.024544650581810965}
Trial 55 finished with value: 884062299.7114384 and parameters: {'max_depth': 10, 'n_estimators': 74}. Best is trial 52 with value: 846258830.6679509.
{'MSE - mean': 1491097097.8973007, 'MSE - std': 0.0, 'R2 - mean': 0.7989695489043138, 'R2 - std': 0.0}
{'MSE - mean': 1697537194.278627, 'MSE - std': 206440096.3813262, 'R2 - mean': 0.7597834542908135, 'R2 - std': 0.039186094613500255}
{'MSE - mean': 1775714490.670248, 'MSE - std': 201581385.3959757, 'R2 - mean': 0.7505865361301236, 'R2 - std': 0.03453790113311734}
{'MSE - mean': 1588952598.8398733, 'MSE - std': 367581696.9379764, 'R2 - mean': 0.7659069835069393, 'R2 - std': 0.03998497573449407}
{'MSE - mean': 1505916182.5613148, 'MSE - std': 368338470.50313133, 'R2 - mean': 0.7604247489966621, 'R2 - std': 0.037406659948372306}
Trial 56 finished with value: 1505916182.5613148 and parameters: {'max_depth': 3, 'n_estimators': 87}. Best is trial 52 with value: 846258830.6679509.
{'MSE - mean': 886605481.1724068, 'MSE - std': 0.0, 'R2 - mean': 0.8804674088123853, 'R2 - std': 0.0}
{'MSE - mean': 982622399.0432031, 'MSE - std': 96016917.87079638, 'R2 - mean': 0.8610902517557756, 'R2 - std': 0.019377157056609695}
{'MSE - mean': 1058450348.2941939, 'MSE - std': 132837951.85673857, 'R2 - mean': 0.8514818898528053, 'R2 - std': 0.020855631868824265}
{'MSE - mean': 935304317.8182194, 'MSE - std': 242341237.8364211, 'R2 - mean': 0.862738766529621, 'R2 - std': 0.026577619401237852}
{'MSE - mean': 885615412.272459, 'MSE - std': 238452028.26189804, 'R2 - mean': 0.8595859316128154, 'R2 - std': 0.02459384789902057}
Trial 57 finished with value: 885615412.272459 and parameters: {'max_depth': 10, 'n_estimators': 79}. Best is trial 52 with value: 846258830.6679509.
{'MSE - mean': 866427893.6617514, 'MSE - std': 0.0, 'R2 - mean': 0.8831877611791157, 'R2 - std': 0.0}
{'MSE - mean': 935444747.9622058, 'MSE - std': 69016854.30045438, 'R2 - mean': 0.8678931003460957, 'R2 - std': 0.015294660833020057}
{'MSE - mean': 1068793822.7239231, 'MSE - std': 196823530.7696522, 'R2 - mean': 0.8502238144564149, 'R2 - std': 0.02793489623572325}
{'MSE - mean': 945183429.3170683, 'MSE - std': 273666247.0475056, 'R2 - mean': 0.8614072103237019, 'R2 - std': 0.030991512550193886}
{'MSE - mean': 894254771.9024534, 'MSE - std': 265121640.76641113, 'R2 - mean': 0.858356697607416, 'R2 - std': 0.02838312159449607}
Trial 58 finished with value: 894254771.9024534 and parameters: {'max_depth': 8, 'n_estimators': 69}. Best is trial 52 with value: 846258830.6679509.
{'MSE - mean': 974463636.1773857, 'MSE - std': 0.0, 'R2 - mean': 0.8686223287314219, 'R2 - std': 0.0}
{'MSE - mean': 1046780959.0163083, 'MSE - std': 72317322.83892268, 'R2 - mean': 0.8521990991995992, 'R2 - std': 0.016423229531822625}
{'MSE - mean': 1156176524.197961, 'MSE - std': 165593808.7144338, 'R2 - mean': 0.8379372170920908, 'R2 - std': 0.024220188713830405}
{'MSE - mean': 1011461073.0769768, 'MSE - std': 288779617.51630676, 'R2 - mean': 0.8520568116154816, 'R2 - std': 0.03221881444924796}
{'MSE - mean': 947206966.6431284, 'MSE - std': 288494878.23658293, 'R2 - mean': 0.8508919561685708, 'R2 - std': 0.0289114018418486}
Trial 59 finished with value: 947206966.6431284 and parameters: {'max_depth': 7, 'n_estimators': 49}. Best is trial 52 with value: 846258830.6679509.
{'MSE - mean': 1090879126.064952, 'MSE - std': 0.0, 'R2 - mean': 0.8529271345823454, 'R2 - std': 0.0}
{'MSE - mean': 1222437544.2812846, 'MSE - std': 131558418.21633267, 'R2 - mean': 0.8271162565947928, 'R2 - std': 0.02581087798755255}
{'MSE - mean': 1300942304.7860737, 'MSE - std': 154481087.66518173, 'R2 - mean': 0.817381130818048, 'R2 - std': 0.025172994049913234}
{'MSE - mean': 1148857340.353335, 'MSE - std': 295445111.7452875, 'R2 - mean': 0.8313685379583841, 'R2 - std': 0.03259144669397632}
{'MSE - mean': 1082086608.6527646, 'MSE - std': 296080350.05833566, 'R2 - mean': 0.8287799163826529, 'R2 - std': 0.02960685334064402}
