

----------------------------------------------------------------------------
Training RandomForest Vesion 1 with Dataset: config/diamonds.yml 



----------------------------------------------------------------------------
Namespace(batch_size=128, cat_dims=None, cat_idx=None, config='config/diamonds.yml', data_parallel=False, dataset='Diamonds', direction='minimize', dropna_idx=None, early_stopping_rounds=20, epochs=1000, gpu_ids=[0, 1], logging_period=100, miss_cat_idx=None, miss_num_idx=None, model_name='RandomForest', n_trials=100, nominal_idx=None, num_classes=1, num_features=9, num_splits=5, objective='regression', one_hot_encode=False, optimize_hyperparameters=True, ordinal_encode=True, ordinal_idx=[1, 2, 3], scale=True, seed=221, shuffle=True, target_encode=False, use_gpu=True, val_batch_size=256)
Start hyperparameter optimization
Loading dataset Diamonds...
Dataset loaded!
(53940, 9)
Scaling the data...
A new study created in RDB with name: RandomForest_Diamonds
{'MSE - mean': 609631.3868917095, 'MSE - std': 0.0, 'R2 - mean': 0.9603501420796235, 'R2 - std': 0.0}
{'MSE - mean': 608744.5574276596, 'MSE - std': 886.8294640498934, 'R2 - mean': 0.9610139019822689, 'R2 - std': 0.0006637599026453334}
{'MSE - mean': 629452.4399089258, 'MSE - std': 29294.318642268016, 'R2 - mean': 0.96007082257495, 'R2 - std': 0.0014396234493520915}
{'MSE - mean': 628896.0659701889, 'MSE - std': 25387.92004901475, 'R2 - mean': 0.9603756409662232, 'R2 - std': 0.0013539311326350235}
{'MSE - mean': 626789.429596911, 'MSE - std': 23095.212810645517, 'R2 - mean': 0.9606127827835204, 'R2 - std': 0.0013005570251160238}
Trial 0 finished with value: 626789.429596911 and parameters: {'max_depth': 6, 'n_estimators': 79}. Best is trial 0 with value: 626789.429596911.
{'MSE - mean': 476552.2786144253, 'MSE - std': 0.0, 'R2 - mean': 0.9690054834036128, 'R2 - std': 0.0}
{'MSE - mean': 477210.6272775656, 'MSE - std': 658.3486631403212, 'R2 - mean': 0.9694391374830525, 'R2 - std': 0.0004336540794397381}
{'MSE - mean': 493497.2231309944, 'MSE - std': 23038.996454432523, 'R2 - mean': 0.9686960703673014, 'R2 - std': 0.0011089039862695097}
{'MSE - mean': 492902.6309557798, 'MSE - std': 19978.917332653313, 'R2 - mean': 0.9689445866701074, 'R2 - std': 0.0010523935083201106}
{'MSE - mean': 488882.06050272874, 'MSE - std': 19595.551977420397, 'R2 - mean': 0.9692776369847163, 'R2 - std': 0.0011531330041793777}
Trial 1 finished with value: 488882.06050272874 and parameters: {'max_depth': 7, 'n_estimators': 85}. Best is trial 1 with value: 488882.06050272874.
{'MSE - mean': 298714.624778225, 'MSE - std': 0.0, 'R2 - mean': 0.9805718788666977, 'R2 - std': 0.0}
{'MSE - mean': 300848.4255215828, 'MSE - std': 2133.800743357744, 'R2 - mean': 0.9807351952512484, 'R2 - std': 0.00016331638455069353}
{'MSE - mean': 313046.0062598382, 'MSE - std': 17337.74366733131, 'R2 - mean': 0.9801458738801249, 'R2 - std': 0.0008440265702182888}
{'MSE - mean': 315446.2191837616, 'MSE - std': 15579.829358695593, 'R2 - mean': 0.9801312914401085, 'R2 - std': 0.0007313847011637075}
{'MSE - mean': 316354.6872898426, 'MSE - std': 14052.975609312209, 'R2 - mean': 0.9801268098304148, 'R2 - std': 0.0006542317664091603}
Trial 2 finished with value: 316354.6872898426 and parameters: {'max_depth': 10, 'n_estimators': 56}. Best is trial 2 with value: 316354.6872898426.
{'MSE - mean': 2582312.3906300026, 'MSE - std': 0.0, 'R2 - mean': 0.8320488058914611, 'R2 - std': 0.0}
{'MSE - mean': 2657660.294734332, 'MSE - std': 75347.90410432918, 'R2 - mean': 0.8298732696714433, 'R2 - std': 0.0021755362200179262}
{'MSE - mean': 2671458.15270838, 'MSE - std': 64541.7141954524, 'R2 - mean': 0.8305046749261273, 'R2 - std': 0.001988127365393201}
{'MSE - mean': 2668932.099503709, 'MSE - std': 56065.74255143763, 'R2 - mean': 0.8318165125610925, 'R2 - std': 0.002850831765871403}
{'MSE - mean': 2680815.170386245, 'MSE - std': 55493.454430885715, 'R2 - mean': 0.8315333240364169, 'R2 - std': 0.0026120061959866883}
Trial 3 finished with value: 2680815.170386245 and parameters: {'max_depth': 2, 'n_estimators': 80}. Best is trial 2 with value: 316354.6872898426.
{'MSE - mean': 628103.9856936878, 'MSE - std': 0.0, 'R2 - mean': 0.9591487014489943, 'R2 - std': 0.0}
{'MSE - mean': 619149.185387469, 'MSE - std': 8954.800306218793, 'R2 - mean': 0.9603395244935715, 'R2 - std': 0.0011908230445772383}
{'MSE - mean': 635274.3302928219, 'MSE - std': 23947.850887294488, 'R2 - mean': 0.9596907063297501, 'R2 - std': 0.0013369005329767658}
{'MSE - mean': 635518.9977969673, 'MSE - std': 20743.776371548713, 'R2 - mean': 0.9599512908850307, 'R2 - std': 0.0012426545005180146}
{'MSE - mean': 632370.2015495102, 'MSE - std': 19593.4447648762, 'R2 - mean': 0.9602557465338256, 'R2 - std': 0.0012673299232869196}
Trial 4 finished with value: 632370.2015495102 and parameters: {'max_depth': 6, 'n_estimators': 73}. Best is trial 2 with value: 316354.6872898426.
{'MSE - mean': 2636680.142823555, 'MSE - std': 0.0, 'R2 - mean': 0.8285127778976998, 'R2 - std': 0.0}
{'MSE - mean': 2685572.951824491, 'MSE - std': 48892.80900093587, 'R2 - mean': 0.8280593097395922, 'R2 - std': 0.0004534681581076505}
{'MSE - mean': 2687749.2658795533, 'MSE - std': 40039.27905278998, 'R2 - mean': 0.8294398075832846, 'R2 - std': 0.001987117889429512}
{'MSE - mean': 2684415.1749220337, 'MSE - std': 35152.61566141883, 'R2 - mean': 0.830816375504942, 'R2 - std': 0.0029404584436233676}
{'MSE - mean': 2695245.5459451242, 'MSE - std': 38180.529805946135, 'R2 - mean': 0.830606160611515, 'R2 - std': 0.002663418459914802}
Trial 5 finished with value: 2695245.5459451242 and parameters: {'max_depth': 2, 'n_estimators': 7}. Best is trial 2 with value: 316354.6872898426.
{'MSE - mean': 309317.6643188216, 'MSE - std': 0.0, 'R2 - mean': 0.9798822670449503, 'R2 - std': 0.0}
{'MSE - mean': 314821.14475328755, 'MSE - std': 5503.480434465921, 'R2 - mean': 0.9798437143170322, 'R2 - std': 3.855272791802866e-05}
{'MSE - mean': 327307.24047544796, 'MSE - std': 18220.795007196353, 'R2 - mean': 0.9792432626961488, 'R2 - std': 0.0008497500651737686}
{'MSE - mean': 331062.3039514842, 'MSE - std': 17067.49932321333, 'R2 - mean': 0.9791506807812145, 'R2 - std': 0.000753173693689471}
{'MSE - mean': 329767.99974030955, 'MSE - std': 15483.556441676052, 'R2 - mean': 0.9792851046590284, 'R2 - std': 0.0007253244832479153}
Trial 6 finished with value: 329767.99974030955 and parameters: {'max_depth': 12, 'n_estimators': 5}. Best is trial 2 with value: 316354.6872898426.
{'MSE - mean': 823729.1376624526, 'MSE - std': 0.0, 'R2 - mean': 0.9464254236650842, 'R2 - std': 0.0}
{'MSE - mean': 818292.976012167, 'MSE - std': 5436.16165028559, 'R2 - mean': 0.9475894679005405, 'R2 - std': 0.0011640442354564073}
{'MSE - mean': 831346.6610226406, 'MSE - std': 18986.80121463372, 'R2 - mean': 0.9472445571181641, 'R2 - std': 0.0010682975008544486}
{'MSE - mean': 832259.8194147684, 'MSE - std': 16518.94488217551, 'R2 - mean': 0.9475502251130804, 'R2 - std': 0.0010659471994884217}
{'MSE - mean': 833814.4519896407, 'MSE - std': 15098.60794204877, 'R2 - mean': 0.9475965604682456, 'R2 - std': 0.0009579053221644132}
Trial 7 finished with value: 833814.4519896407 and parameters: {'max_depth': 5, 'n_estimators': 51}. Best is trial 2 with value: 316354.6872898426.
{'MSE - mean': 2582254.3993407767, 'MSE - std': 0.0, 'R2 - mean': 0.8320525775909304, 'R2 - std': 0.0}
{'MSE - mean': 2650069.8493068106, 'MSE - std': 67815.44996603392, 'R2 - mean': 0.8303518664716031, 'R2 - std': 0.0017007111193273472}
{'MSE - mean': 2664261.685118126, 'MSE - std': 58896.29227255682, 'R2 - mean': 0.8309568873608519, 'R2 - std': 0.0016310669597303675}
{'MSE - mean': 2671124.133476166, 'MSE - std': 52372.31639894415, 'R2 - mean': 0.8316872858372663, 'R2 - std': 0.001896241116891024}
{'MSE - mean': 2681154.001348137, 'MSE - std': 50957.63552314473, 'R2 - mean': 0.831517889165619, 'R2 - std': 0.001729556367445462}
Trial 8 finished with value: 2681154.001348137 and parameters: {'max_depth': 2, 'n_estimators': 20}. Best is trial 2 with value: 316354.6872898426.
{'MSE - mean': 827548.4290265506, 'MSE - std': 0.0, 'R2 - mean': 0.9461770205099987, 'R2 - std': 0.0}
{'MSE - mean': 822681.4962840397, 'MSE - std': 4866.932742510864, 'R2 - mean': 0.9473089858879455, 'R2 - std': 0.001131965377946742}
{'MSE - mean': 832891.8918624345, 'MSE - std': 14976.505331619323, 'R2 - mean': 0.9471436127662646, 'R2 - std': 0.0009533766044935989}
{'MSE - mean': 834288.4992380837, 'MSE - std': 13193.684869897785, 'R2 - mean': 0.9474208389925209, 'R2 - std': 0.0009551221670916319}
{'MSE - mean': 835358.6655894539, 'MSE - std': 11993.318157847523, 'R2 - mean': 0.9474979455991364, 'R2 - std': 0.0008680946943685412}
Trial 9 finished with value: 835358.6655894539 and parameters: {'max_depth': 5, 'n_estimators': 87}. Best is trial 2 with value: 316354.6872898426.
{'MSE - mean': 283560.9068580448, 'MSE - std': 0.0, 'R2 - mean': 0.981557462574197, 'R2 - std': 0.0}
{'MSE - mean': 289376.0725400886, 'MSE - std': 5815.165682043822, 'R2 - mean': 0.9814735781901253, 'R2 - std': 8.38843840716974e-05}
{'MSE - mean': 301891.2582312326, 'MSE - std': 18324.95148808609, 'R2 - mean': 0.980856690742378, 'R2 - std': 0.0008750950270135116}
{'MSE - mean': 304602.7484810365, 'MSE - std': 16550.20916498872, 'R2 - mean': 0.9808172997675046, 'R2 - std': 0.0007609194611995771}
{'MSE - mean': 304992.76422875526, 'MSE - std': 14823.494455012144, 'R2 - mean': 0.9808426547902048, 'R2 - std': 0.000682473625754351}
Trial 10 finished with value: 304992.76422875526 and parameters: {'max_depth': 11, 'n_estimators': 24}. Best is trial 10 with value: 304992.76422875526.
{'MSE - mean': 277801.58384279883, 'MSE - std': 0.0, 'R2 - mean': 0.9819320435819702, 'R2 - std': 0.0}
{'MSE - mean': 282537.58441877516, 'MSE - std': 4736.000575976301, 'R2 - mean': 0.981910452576966, 'R2 - std': 2.159100500415123e-05}
{'MSE - mean': 295690.51996408164, 'MSE - std': 18998.75157008323, 'R2 - mean': 0.9812502706695799, 'R2 - std': 0.0009338046276806732}
{'MSE - mean': 297521.5813075317, 'MSE - std': 16756.2757749667, 'R2 - mean': 0.981262492321385, 'R2 - std': 0.0008089755362969315}
{'MSE - mean': 296820.91381634946, 'MSE - std': 15052.639702397286, 'R2 - mean': 0.9813546436916758, 'R2 - std': 0.000746673044141428}
Trial 11 finished with value: 296820.91381634946 and parameters: {'max_depth': 12, 'n_estimators': 25}. Best is trial 11 with value: 296820.91381634946.
{'MSE - mean': 331268.8896471875, 'MSE - std': 0.0, 'R2 - mean': 0.9784545797831682, 'R2 - std': 0.0}
{'MSE - mean': 333099.9464669147, 'MSE - std': 1831.0568197272078, 'R2 - mean': 0.9786694417614177, 'R2 - std': 0.00021486197824949205}
{'MSE - mean': 345067.0583453011, 'MSE - std': 16989.95917606469, 'R2 - mean': 0.9781129890128658, 'R2 - std': 0.0008062607741130082}
{'MSE - mean': 347085.59710647847, 'MSE - std': 15123.410025334404, 'R2 - mean': 0.9781361307956566, 'R2 - std': 0.0006993918452750175}
{'MSE - mean': 346974.1385599033, 'MSE - std': 13528.625823265522, 'R2 - mean': 0.9782007287963953, 'R2 - std': 0.0006387572069163005}
Trial 12 finished with value: 346974.1385599033 and parameters: {'max_depth': 9, 'n_estimators': 23}. Best is trial 11 with value: 296820.91381634946.
{'MSE - mean': 1629397.6178199993, 'MSE - std': 0.0, 'R2 - mean': 0.8940254956822968, 'R2 - std': 0.0}
{'MSE - mean': 1628622.531592879, 'MSE - std': 775.086227120366, 'R2 - mean': 0.8956989968339226, 'R2 - std': 0.0016735011516257892}
{'MSE - mean': 1660711.040717201, 'MSE - std': 45384.41738544614, 'R2 - mean': 0.8946284699229161, 'R2 - std': 0.0020393936527082837}
{'MSE - mean': 1671970.3384108418, 'MSE - std': 43876.23912466014, 'R2 - mean': 0.8946533862475903, 'R2 - std': 0.0017666938961619638}
{'MSE - mean': 1670283.618311905, 'MSE - std': 39388.825655864784, 'R2 - mean': 0.8950409675847295, 'R2 - std': 0.0017600690411978886}
Trial 13 finished with value: 1670283.618311905 and parameters: {'max_depth': 3, 'n_estimators': 23}. Best is trial 11 with value: 296820.91381634946.
{'MSE - mean': 273512.56837517093, 'MSE - std': 0.0, 'R2 - mean': 0.9822109971555005, 'R2 - std': 0.0}
{'MSE - mean': 279410.91078061657, 'MSE - std': 5898.342405445641, 'R2 - mean': 0.9821118499285935, 'R2 - std': 9.914722690707034e-05}
{'MSE - mean': 293317.0381403819, 'MSE - std': 20247.330318997967, 'R2 - mean': 0.981402551032969, 'R2 - std': 0.0010063614137428096}
{'MSE - mean': 295286.6438782705, 'MSE - std': 17863.47751903677, 'R2 - mean': 0.9814047726143192, 'R2 - std': 0.0008715430440167067}
{'MSE - mean': 295628.8830232158, 'MSE - std': 15992.234796545388, 'R2 - mean': 0.9814314244225996, 'R2 - std': 0.0007813520957913781}
Trial 14 finished with value: 295628.8830232158 and parameters: {'max_depth': 12, 'n_estimators': 35}. Best is trial 14 with value: 295628.8830232158.
{'MSE - mean': 1616153.1119757327, 'MSE - std': 0.0, 'R2 - mean': 0.8948869060135928, 'R2 - std': 0.0}
{'MSE - mean': 1631653.9987674197, 'MSE - std': 15500.886791686877, 'R2 - mean': 0.8955210840473855, 'R2 - std': 0.0006341780337926761}
{'MSE - mean': 1660227.937154012, 'MSE - std': 42345.30557288117, 'R2 - mean': 0.894665941261401, 'R2 - std': 0.0013155453449195872}
{'MSE - mean': 1672339.4632928981, 'MSE - std': 42248.205574725565, 'R2 - mean': 0.8946363474655163, 'R2 - std': 0.001140448176888929}
{'MSE - mean': 1670870.1347572878, 'MSE - std': 37902.03694802765, 'R2 - mean': 0.8950092339676672, 'R2 - std': 0.0012635960625455255}
Trial 15 finished with value: 1670870.1347572878 and parameters: {'max_depth': 3, 'n_estimators': 14}. Best is trial 14 with value: 295628.8830232158.
{'MSE - mean': 387584.4427106239, 'MSE - std': 0.0, 'R2 - mean': 0.9747918686339647, 'R2 - std': 0.0}
{'MSE - mean': 385958.7021558767, 'MSE - std': 1625.740554747259, 'R2 - mean': 0.97528081508292, 'R2 - std': 0.000488946448955252}
{'MSE - mean': 397849.5660529542, 'MSE - std': 16868.530167303004, 'R2 - mean': 0.9747604251848848, 'R2 - std': 0.0008372516817449765}
{'MSE - mean': 400333.43296755303, 'MSE - std': 15228.895792283325, 'R2 - mean': 0.9747786091663606, 'R2 - std': 0.0007257649450652303}
{'MSE - mean': 398424.40969440975, 'MSE - std': 14146.126433458412, 'R2 - mean': 0.9749644536555498, 'R2 - std': 0.0007480243986905903}
Trial 16 finished with value: 398424.40969440975 and parameters: {'max_depth': 8, 'n_estimators': 37}. Best is trial 14 with value: 295628.8830232158.
{'MSE - mean': 278150.35083547386, 'MSE - std': 0.0, 'R2 - mean': 0.9819093601014207, 'R2 - std': 0.0}
{'MSE - mean': 286116.5575742586, 'MSE - std': 7966.206738784735, 'R2 - mean': 0.9816844687748094, 'R2 - std': 0.0002248913266112984}
{'MSE - mean': 301293.9791274855, 'MSE - std': 22428.000725553276, 'R2 - mean': 0.9808990688758826, 'R2 - std': 0.0011257990088489617}
{'MSE - mean': 306021.40321983985, 'MSE - std': 21078.59170001597, 'R2 - mean': 0.9807338835157522, 'R2 - std': 0.001016083739584601}
{'MSE - mean': 305508.94011915906, 'MSE - std': 18881.104209315283, 'R2 - mean': 0.9808143843721332, 'R2 - std': 0.0009229639668973329}
Trial 17 finished with value: 305508.94011915906 and parameters: {'max_depth': 12, 'n_estimators': 12}. Best is trial 14 with value: 295628.8830232158.
{'MSE - mean': 382099.0120711142, 'MSE - std': 0.0, 'R2 - mean': 0.9751486359365761, 'R2 - std': 0.0}
{'MSE - mean': 381373.25635383767, 'MSE - std': 725.7557172765082, 'R2 - mean': 0.9755753735187984, 'R2 - std': 0.00042673758222233626}
{'MSE - mean': 397719.8041314168, 'MSE - std': 23125.103157898666, 'R2 - mean': 0.9747743444500548, 'R2 - std': 0.0011851997499711135}
{'MSE - mean': 399668.91322791204, 'MSE - std': 20309.477488544933, 'R2 - mean': 0.9748240537944778, 'R2 - std': 0.0010300179087120562}
{'MSE - mean': 397529.6468890394, 'MSE - std': 18662.415239210204, 'R2 - mean': 0.9750233832888149, 'R2 - std': 0.0010038319097662488}
Trial 18 finished with value: 397529.6468890394 and parameters: {'max_depth': 8, 'n_estimators': 35}. Best is trial 14 with value: 295628.8830232158.
{'MSE - mean': 1655576.9440254786, 'MSE - std': 0.0, 'R2 - mean': 0.8923228166752483, 'R2 - std': 0.0}
{'MSE - mean': 1635562.0961433933, 'MSE - std': 20014.847882085247, 'R2 - mean': 0.8952353897640206, 'R2 - std': 0.0029125730887724077}
{'MSE - mean': 1668807.769396004, 'MSE - std': 49775.61990774901, 'R2 - mean': 0.8941030908573078, 'R2 - std': 0.002866982669389626}
{'MSE - mean': 1678796.4559078633, 'MSE - std': 46449.22849302372, 'R2 - mean': 0.8942128446024132, 'R2 - std': 0.0024901465566567267}
{'MSE - mean': 1676984.2902543955, 'MSE - std': 41703.24255378872, 'R2 - mean': 0.8946114672394042, 'R2 - std': 0.0023656423917806967}
Trial 19 finished with value: 1676984.2902543955 and parameters: {'max_depth': 3, 'n_estimators': 37}. Best is trial 14 with value: 295628.8830232158.
{'MSE - mean': 1207743.104725802, 'MSE - std': 0.0, 'R2 - mean': 0.9214495127115253, 'R2 - std': 0.0}
{'MSE - mean': 1190520.8095011897, 'MSE - std': 17222.295224612462, 'R2 - mean': 0.9237395044575367, 'R2 - std': 0.002289991746011355}
{'MSE - mean': 1204137.7975784654, 'MSE - std': 23844.97914577579, 'R2 - mean': 0.9235757947029559, 'R2 - std': 0.001884049689372124}
{'MSE - mean': 1211770.2767754546, 'MSE - std': 24519.41045221685, 'R2 - mean': 0.9236321747050676, 'R2 - std': 0.0016345545380719946}
{'MSE - mean': 1214178.8920398203, 'MSE - std': 22453.66119603587, 'R2 - mean': 0.9236908119959668, 'R2 - std': 0.0014666861143003247}
Trial 20 finished with value: 1214178.8920398203 and parameters: {'max_depth': 4, 'n_estimators': 15}. Best is trial 14 with value: 295628.8830232158.
{'MSE - mean': 301629.66678306734, 'MSE - std': 0.0, 'R2 - mean': 0.9803822872482064, 'R2 - std': 0.0}
{'MSE - mean': 303797.69005097164, 'MSE - std': 2168.0232679042965, 'R2 - mean': 0.9805463525998034, 'R2 - std': 0.00016406535159696478}
{'MSE - mean': 316094.6292211309, 'MSE - std': 17480.359717007523, 'R2 - mean': 0.9799525096867798, 'R2 - std': 0.0008504373994752797}
{'MSE - mean': 318968.8026300687, 'MSE - std': 15935.960913321764, 'R2 - mean': 0.9799099802135871, 'R2 - std': 0.0007401750442225546}
{'MSE - mean': 318990.5568490533, 'MSE - std': 14253.623159355298, 'R2 - mean': 0.9799610865844398, 'R2 - std': 0.0006698766464348597}
Trial 21 finished with value: 318990.5568490533 and parameters: {'max_depth': 10, 'n_estimators': 31}. Best is trial 14 with value: 295628.8830232158.
{'MSE - mean': 286371.19999273855, 'MSE - std': 0.0, 'R2 - mean': 0.9813746837247133, 'R2 - std': 0.0}
{'MSE - mean': 294397.66594206647, 'MSE - std': 8026.465949327889, 'R2 - mean': 0.9811541901861167, 'R2 - std': 0.00022049353859654452}
{'MSE - mean': 308844.62343779794, 'MSE - std': 21456.434905580732, 'R2 - mean': 0.9804190254470578, 'R2 - std': 0.001055152115804121}
{'MSE - mean': 308328.5654240705, 'MSE - std': 18603.303383100116, 'R2 - mean': 0.9805809586116141, 'R2 - std': 0.0009558642895118228}
{'MSE - mean': 309131.6222614904, 'MSE - std': 16716.635981782896, 'R2 - mean': 0.9805815856030167, 'R2 - std': 0.0008549519310721682}
Trial 22 finished with value: 309131.6222614904 and parameters: {'max_depth': 12, 'n_estimators': 10}. Best is trial 14 with value: 295628.8830232158.
{'MSE - mean': 300836.50412971555, 'MSE - std': 0.0, 'R2 - mean': 0.9804338738088549, 'R2 - std': 0.0}
{'MSE - mean': 305162.2282246807, 'MSE - std': 4325.724094965146, 'R2 - mean': 0.9804611162528809, 'R2 - std': 2.724244402602105e-05}
{'MSE - mean': 316823.39270233334, 'MSE - std': 16865.352251887427, 'R2 - mean': 0.979906962769934, 'R2 - std': 0.0007840069722237053}
{'MSE - mean': 317930.62792131223, 'MSE - std': 14731.19103893588, 'R2 - mean': 0.979973624205059, 'R2 - std': 0.000688717242538833}
{'MSE - mean': 318399.71667841787, 'MSE - std': 13209.336417423523, 'R2 - mean': 0.979997101580477, 'R2 - std': 0.0006177943838869972}
Trial 23 finished with value: 318399.71667841787 and parameters: {'max_depth': 10, 'n_estimators': 28}. Best is trial 14 with value: 295628.8830232158.
{'MSE - mean': 380452.7366573953, 'MSE - std': 0.0, 'R2 - mean': 0.9752557081570282, 'R2 - std': 0.0}
{'MSE - mean': 382223.1600600576, 'MSE - std': 1770.4234026622726, 'R2 - mean': 0.9755234328772073, 'R2 - std': 0.00026772472017910776}
{'MSE - mean': 397850.8563805557, 'MSE - std': 22148.12371107802, 'R2 - mean': 0.9747668652795545, 'R2 - std': 0.0010920500950808967}
{'MSE - mean': 399263.7963369479, 'MSE - std': 19336.3320177851, 'R2 - mean': 0.9748495125986321, 'R2 - std': 0.0009565154445573806}
{'MSE - mean': 397850.5038169467, 'MSE - std': 17524.39932522603, 'R2 - mean': 0.9750036589475164, 'R2 - std': 0.0009093854100648793}
Trial 24 finished with value: 397850.5038169467 and parameters: {'max_depth': 8, 'n_estimators': 50}. Best is trial 14 with value: 295628.8830232158.
{'MSE - mean': 303087.9208040795, 'MSE - std': 0.0, 'R2 - mean': 0.9802874437641139, 'R2 - std': 0.0}
{'MSE - mean': 307158.66777666344, 'MSE - std': 4070.746972583933, 'R2 - mean': 0.9803330060560544, 'R2 - std': 4.5562291940581805e-05}
{'MSE - mean': 319573.6322175273, 'MSE - std': 17869.24745885224, 'R2 - mean': 0.9797330920052015, 'R2 - std': 0.0008492218114953623}
{'MSE - mean': 322778.8665551433, 'MSE - std': 16440.89672239232, 'R2 - mean': 0.9796713077244215, 'R2 - std': 0.0007431925429484036}
{'MSE - mean': 322407.0581134025, 'MSE - std': 14723.97480636582, 'R2 - mean': 0.9797472450105756, 'R2 - std': 0.0006818606972315555}
