Trial 40 finished with value: 70.51413591333191 and parameters: {'max_depth': 5, 'n_estimators': 84}. Best is trial 33 with value: 70.10402213954794.
{'MSE - mean': 75.86446013708814, 'MSE - std': 0.0, 'R2 - mean': 0.5579125532429798, 'R2 - std': 0.0}
{'MSE - mean': 73.7575026585227, 'MSE - std': 2.106957478565441, 'R2 - mean': 0.550391733239467, 'R2 - std': 0.007520820003512785}
{'MSE - mean': 69.32201487530702, 'MSE - std': 6.504353692804512, 'R2 - mean': 0.5648282975237032, 'R2 - std': 0.021319879588839068}
{'MSE - mean': 72.1051788326819, 'MSE - std': 7.414038546009631, 'R2 - mean': 0.5530863016950636, 'R2 - std': 0.027468642983979396}
{'MSE - mean': 70.51409619470888, 'MSE - std': 7.355307600149023, 'R2 - mean': 0.5620057304964929, 'R2 - std': 0.030361915593060385}
Trial 41 finished with value: 70.51409619470888 and parameters: {'max_depth': 4, 'n_estimators': 50}. Best is trial 33 with value: 70.10402213954794.
{'MSE - mean': 75.95360844868277, 'MSE - std': 0.0, 'R2 - mean': 0.557393056374692, 'R2 - std': 0.0}
{'MSE - mean': 72.91694172082575, 'MSE - std': 3.0366667278570176, 'R2 - mean': 0.5557791295121164, 'R2 - std': 0.0016139268625756653}
{'MSE - mean': 68.78757241258272, 'MSE - std': 6.3443632445214755, 'R2 - mean': 0.5682456063936605, 'R2 - std': 0.017679439987962765}
{'MSE - mean': 71.71269799245519, 'MSE - std': 7.4737733246265385, 'R2 - mean': 0.5555992383747874, 'R2 - std': 0.02672477915572562}
{'MSE - mean': 70.21187041062821, 'MSE - std': 7.327739343604542, 'R2 - mean': 0.5639423337354245, 'R2 - std': 0.02915132960131624}
Trial 42 finished with value: 70.21187041062821 and parameters: {'max_depth': 4, 'n_estimators': 51}. Best is trial 33 with value: 70.10402213954794.
{'MSE - mean': 76.32524459487405, 'MSE - std': 0.0, 'R2 - mean': 0.5552274089200679, 'R2 - std': 0.0}
{'MSE - mean': 73.39640266504341, 'MSE - std': 2.9288419298306465, 'R2 - mean': 0.5528228699697154, 'R2 - std': 0.0024045389503525305}
{'MSE - mean': 69.35265060573147, 'MSE - std': 6.198597002629043, 'R2 - mean': 0.5646251518493749, 'R2 - std': 0.016806018371694022}
{'MSE - mean': 72.08717025104883, 'MSE - std': 7.158892838465402, 'R2 - mean': 0.5531795550034806, 'R2 - std': 0.024593429033148748}
{'MSE - mean': 70.48404780408386, 'MSE - std': 7.160991806862851, 'R2 - mean': 0.5621784292860117, 'R2 - std': 0.028421617735414267}
Trial 43 finished with value: 70.48404780408386 and parameters: {'max_depth': 5, 'n_estimators': 59}. Best is trial 33 with value: 70.10402213954794.
{'MSE - mean': 76.2134772004471, 'MSE - std': 0.0, 'R2 - mean': 0.555878714708623, 'R2 - std': 0.0}
{'MSE - mean': 73.02004298400672, 'MSE - std': 3.19343421644038, 'R2 - mean': 0.5551931534170049, 'R2 - std': 0.0006855612916180642}
{'MSE - mean': 68.8429597245253, 'MSE - std': 6.457145693707713, 'R2 - mean': 0.5679446615093884, 'R2 - std': 0.01804204109249516}
{'MSE - mean': 71.68634466854905, 'MSE - std': 7.451547604493254, 'R2 - mean': 0.5557803960737657, 'R2 - std': 0.026230602277727284}
{'MSE - mean': 70.28143133095575, 'MSE - std': 7.232950663886321, 'R2 - mean': 0.5635187868504875, 'R2 - std': 0.0281063402799948}
Trial 44 finished with value: 70.28143133095575 and parameters: {'max_depth': 4, 'n_estimators': 40}. Best is trial 33 with value: 70.10402213954794.
{'MSE - mean': 77.3937684959159, 'MSE - std': 0.0, 'R2 - mean': 0.5490007646869601, 'R2 - std': 0.0}
{'MSE - mean': 74.12952066394897, 'MSE - std': 3.2642478319669266, 'R2 - mean': 0.5484408501263366, 'R2 - std': 0.0005599145606235423}
{'MSE - mean': 70.14314635744965, 'MSE - std': 6.235856222581057, 'R2 - mean': 0.5596757050862992, 'R2 - std': 0.01589506007599809}
{'MSE - mean': 72.68172745521925, 'MSE - std': 6.9640224792418834, 'R2 - mean': 0.5494573699135865, 'R2 - std': 0.022421704266633733}
{'MSE - mean': 71.23955744276441, 'MSE - std': 6.864219158244075, 'R2 - mean': 0.5574455092524742, 'R2 - std': 0.02564035370595032}
Trial 45 finished with value: 71.23955744276441 and parameters: {'max_depth': 6, 'n_estimators': 87}. Best is trial 33 with value: 70.10402213954794.
{'MSE - mean': 76.36485272558055, 'MSE - std': 0.0, 'R2 - mean': 0.5549965991661566, 'R2 - std': 0.0}
{'MSE - mean': 73.21446962688606, 'MSE - std': 3.1503830986944905, 'R2 - mean': 0.5539945438953369, 'R2 - std': 0.0010020552708197017}
{'MSE - mean': 68.87858550632266, 'MSE - std': 6.649540685360725, 'R2 - mean': 0.5677773196929343, 'R2 - std': 0.019508952488986413}
{'MSE - mean': 71.88409400972117, 'MSE - std': 7.7628305138462705, 'R2 - mean': 0.5546299603684262, 'R2 - std': 0.02835504526599011}
{'MSE - mean': 70.38455721168145, 'MSE - std': 7.563310948523993, 'R2 - mean': 0.5629438334350445, 'R2 - std': 0.030326371611197517}
Trial 46 finished with value: 70.38455721168145 and parameters: {'max_depth': 3, 'n_estimators': 69}. Best is trial 33 with value: 70.10402213954794.
{'MSE - mean': 76.35429704334865, 'MSE - std': 0.0, 'R2 - mean': 0.5550581106380401, 'R2 - std': 0.0}
{'MSE - mean': 73.3388878159794, 'MSE - std': 3.015409227369247, 'R2 - mean': 0.5531978414772954, 'R2 - std': 0.0018602691607446653}
{'MSE - mean': 68.93986187809493, 'MSE - std': 6.690639252719424, 'R2 - mean': 0.56739182524441, 'R2 - std': 0.02013070833153087}
{'MSE - mean': 71.77313169327951, 'MSE - std': 7.593137937929934, 'R2 - mean': 0.555281209602478, 'R2 - std': 0.027275173640633418}
{'MSE - mean': 70.31225434979754, 'MSE - std': 7.393324383952074, 'R2 - mean': 0.5633615597530739, 'R2 - std': 0.02926288283690299}
Trial 47 finished with value: 70.31225434979754 and parameters: {'max_depth': 4, 'n_estimators': 52}. Best is trial 33 with value: 70.10402213954794.
{'MSE - mean': 76.53253361718686, 'MSE - std': 0.0, 'R2 - mean': 0.5540194668290093, 'R2 - std': 0.0}
{'MSE - mean': 73.47295031203036, 'MSE - std': 3.059583305156494, 'R2 - mean': 0.5523917763913544, 'R2 - std': 0.0016276904376548162}
{'MSE - mean': 69.0756702710485, 'MSE - std': 6.701704523360449, 'R2 - mean': 0.5665423641853562, 'R2 - std': 0.02005603451845337}
{'MSE - mean': 72.0208581816964, 'MSE - std': 7.727032297454318, 'R2 - mean': 0.5537699593465325, 'R2 - std': 0.028126257599518353}
{'MSE - mean': 70.55120468400831, 'MSE - std': 7.510336085275343, 'R2 - mean': 0.5618968750394019, 'R2 - std': 0.029950895278098046}
Trial 48 finished with value: 70.55120468400831 and parameters: {'max_depth': 3, 'n_estimators': 33}. Best is trial 33 with value: 70.10402213954794.
{'MSE - mean': 78.77142997416992, 'MSE - std': 0.0, 'R2 - mean': 0.5409726729518278, 'R2 - std': 0.0}
{'MSE - mean': 74.98640914312551, 'MSE - std': 3.785020831044406, 'R2 - mean': 0.5433545991410073, 'R2 - std': 0.0023819261891794286}
{'MSE - mean': 70.76848836405644, 'MSE - std': 6.7180825531768145, 'R2 - mean': 0.5559213727286642, 'R2 - std': 0.017878198409999987}
{'MSE - mean': 73.31332840349273, 'MSE - std': 7.299185391016475, 'R2 - mean': 0.5456672429849195, 'R2 - std': 0.023561918729066506}
{'MSE - mean': 72.18889111293984, 'MSE - std': 6.905065009070254, 'R2 - mean': 0.5516285208823917, 'R2 - std': 0.024213189547014763}
Trial 49 finished with value: 72.18889111293984 and parameters: {'max_depth': 8, 'n_estimators': 72}. Best is trial 33 with value: 70.10402213954794.
{'MSE - mean': 76.79010829365976, 'MSE - std': 0.0, 'R2 - mean': 0.5525184935028246, 'R2 - std': 0.0}
{'MSE - mean': 74.24433384738433, 'MSE - std': 2.5457744462754377, 'R2 - mean': 0.5475415384701441, 'R2 - std': 0.00497695503268053}
{'MSE - mean': 69.66638075006954, 'MSE - std': 6.799702504029184, 'R2 - mean': 0.5627950105738494, 'R2 - std': 0.02195108676205462}
{'MSE - mean': 72.37492754852019, 'MSE - std': 7.528986843239091, 'R2 - mean': 0.551492574531913, 'R2 - std': 0.02728777819780546}
{'MSE - mean': 70.8853616435208, 'MSE - std': 7.3636771147219955, 'R2 - mean': 0.5597557376125687, 'R2 - std': 0.02947571419945835}
Trial 50 finished with value: 70.8853616435208 and parameters: {'max_depth': 5, 'n_estimators': 23}. Best is trial 33 with value: 70.10402213954794.
{'MSE - mean': 76.35130729709444, 'MSE - std': 0.0, 'R2 - mean': 0.5550755328840508, 'R2 - std': 0.0}
{'MSE - mean': 73.36671601976055, 'MSE - std': 2.984591277333891, 'R2 - mean': 0.5530194719390928, 'R2 - std': 0.0020560609449579714}
{'MSE - mean': 69.14611073352505, 'MSE - std': 6.447134352528755, 'R2 - mean': 0.5660113804014113, 'R2 - std': 0.01844986798668523}
{'MSE - mean': 71.95515788661541, 'MSE - std': 7.405835114591906, 'R2 - mean': 0.5540820385847627, 'R2 - std': 0.026119452714019716}
{'MSE - mean': 70.4217492520676, 'MSE - std': 7.299485129626694, 'R2 - mean': 0.5626287882080929, 'R2 - std': 0.028947683233024296}
Trial 51 finished with value: 70.4217492520676 and parameters: {'max_depth': 4, 'n_estimators': 45}. Best is trial 33 with value: 70.10402213954794.
{'MSE - mean': 76.31397331927056, 'MSE - std': 0.0, 'R2 - mean': 0.5552930903925813, 'R2 - std': 0.0}
{'MSE - mean': 73.35097477429662, 'MSE - std': 2.962998544973935, 'R2 - mean': 0.5531095845069789, 'R2 - std': 0.0021835058856023992}
{'MSE - mean': 69.01030365951131, 'MSE - std': 6.598163257438244, 'R2 - mean': 0.5669136983155775, 'R2 - std': 0.01960320334494139}
{'MSE - mean': 71.85134354544667, 'MSE - std': 7.540977501576492, 'R2 - mean': 0.554770516908557, 'R2 - std': 0.027029331291927264}
{'MSE - mean': 70.24900090525267, 'MSE - std': 7.46746818471708, 'R2 - mean': 0.5637421066280786, 'R2 - std': 0.030106901010444515}
Trial 52 finished with value: 70.24900090525267 and parameters: {'max_depth': 4, 'n_estimators': 59}. Best is trial 33 with value: 70.10402213954794.
{'MSE - mean': 76.54969159104253, 'MSE - std': 0.0, 'R2 - mean': 0.5539194816074751, 'R2 - std': 0.0}
{'MSE - mean': 73.43060033003366, 'MSE - std': 3.119091261008869, 'R2 - mean': 0.5526667096132637, 'R2 - std': 0.0012527719942113658}
{'MSE - mean': 69.10710432750204, 'MSE - std': 6.623522896778443, 'R2 - mean': 0.5663246215077019, 'R2 - std': 0.01934226993949069}
{'MSE - mean': 71.82693253869324, 'MSE - std': 7.4226469785573, 'R2 - mean': 0.5549100689360096, 'R2 - std': 0.02591271089725803}
{'MSE - mean': 70.33087515172909, 'MSE - std': 7.282122036535002, 'R2 - mean': 0.5632177969567116, 'R2 - std': 0.02851750775049828}
Trial 53 finished with value: 70.33087515172909 and parameters: {'max_depth': 5, 'n_estimators': 61}. Best is trial 33 with value: 70.10402213954794.
{'MSE - mean': 76.06647206271154, 'MSE - std': 0.0, 'R2 - mean': 0.5567353625498419, 'R2 - std': 0.0}
{'MSE - mean': 73.34909506427202, 'MSE - std': 2.7173769984395193, 'R2 - mean': 0.553053186493928, 'R2 - std': 0.0036821760559139216}
{'MSE - mean': 69.12565939753067, 'MSE - std': 6.371622726064738, 'R2 - mean': 0.5660923576004937, 'R2 - std': 0.018683653638865545}
{'MSE - mean': 71.90475243203562, 'MSE - std': 7.322448798440339, 'R2 - mean': 0.5543529167665345, 'R2 - std': 0.025985622914506092}
{'MSE - mean': 70.34483871591243, 'MSE - std': 7.2545108954099256, 'R2 - mean': 0.5630749416751805, 'R2 - std': 0.029060229741557083}
Trial 54 finished with value: 70.34483871591243 and parameters: {'max_depth': 4, 'n_estimators': 55}. Best is trial 33 with value: 70.10402213954794.
{'MSE - mean': 83.03319998025052, 'MSE - std': 0.0, 'R2 - mean': 0.5161379213797574, 'R2 - std': 0.0}
{'MSE - mean': 77.30812538605414, 'MSE - std': 5.725074594196371, 'R2 - mean': 0.5297197237505084, 'R2 - std': 0.013581802370750906}
{'MSE - mean': 72.6298608972738, 'MSE - std': 8.100821151383869, 'R2 - mean': 0.5447239705563006, 'R2 - std': 0.02394225862731033}
{'MSE - mean': 75.00201099807896, 'MSE - std': 8.13011474687049, 'R2 - mean': 0.5355154122637763, 'R2 - std': 0.026159442819242557}
{'MSE - mean': 73.77332293919785, 'MSE - std': 7.675787257472223, 'R2 - mean': 0.54204274569244, 'R2 - std': 0.026793235818885007}
Trial 55 finished with value: 73.77332293919785 and parameters: {'max_depth': 11, 'n_estimators': 89}. Best is trial 33 with value: 70.10402213954794.
{'MSE - mean': 76.41397945905824, 'MSE - std': 0.0, 'R2 - mean': 0.5547103213473805, 'R2 - std': 0.0}
{'MSE - mean': 73.30427918093287, 'MSE - std': 3.1097002781253735, 'R2 - mean': 0.5534351355780327, 'R2 - std': 0.0012751857693477642}
{'MSE - mean': 69.00110748248066, 'MSE - std': 6.594042554652559, 'R2 - mean': 0.5669833098898747, 'R2 - std': 0.019188280803631313}
{'MSE - mean': 72.15964894031109, 'MSE - std': 7.9082362339479655, 'R2 - mean': 0.5529338153954495, 'R2 - std': 0.029467057484518312}
{'MSE - mean': 71.11235460252833, 'MSE - std': 7.376954790789307, 'R2 - mean': 0.55840504004353, 'R2 - std': 0.028537399636893626}
Trial 56 finished with value: 71.11235460252833 and parameters: {'max_depth': 3, 'n_estimators': 6}. Best is trial 33 with value: 70.10402213954794.
{'MSE - mean': 76.93929697198398, 'MSE - std': 0.0, 'R2 - mean': 0.5516491214442054, 'R2 - std': 0.0}
{'MSE - mean': 73.6498776088498, 'MSE - std': 3.289419363134172, 'R2 - mean': 0.551375382133292, 'R2 - std': 0.0002737393109134567}
{'MSE - mean': 69.26363593471159, 'MSE - std': 6.759567432826979, 'R2 - mean': 0.5653941947610909, 'R2 - std': 0.019826854779823908}
{'MSE - mean': 72.02859172673348, 'MSE - std': 7.563316435579545, 'R2 - mean': 0.5537073021493366, 'R2 - std': 0.02654389769045221}
{'MSE - mean': 70.46963877759782, 'MSE - std': 7.448781215356052, 'R2 - mean': 0.562397092382901, 'R2 - std': 0.029422994764203778}
Trial 57 finished with value: 70.46963877759782 and parameters: {'max_depth': 5, 'n_estimators': 77}. Best is trial 33 with value: 70.10402213954794.
{'MSE - mean': 85.01001285926716, 'MSE - std': 0.0, 'R2 - mean': 0.5046183751149891, 'R2 - std': 0.0}
{'MSE - mean': 78.3879666846413, 'MSE - std': 6.622046174625872, 'R2 - mean': 0.5233765979929051, 'R2 - std': 0.018758222877916064}
{'MSE - mean': 74.88044682611394, 'MSE - std': 7.3375555517610165, 'R2 - mean': 0.5302072601747235, 'R2 - std': 0.018107912875571713}
{'MSE - mean': 77.5885436199768, 'MSE - std': 7.898174209345805, 'R2 - mean': 0.5192428915411316, 'R2 - std': 0.024628733628261495}
{'MSE - mean': 76.91322966226137, 'MSE - std': 7.192295908740222, 'R2 - mean': 0.522309933889332, 'R2 - std': 0.022866714043957112}
Trial 58 finished with value: 76.91322966226137 and parameters: {'max_depth': 2, 'n_estimators': 16}. Best is trial 33 with value: 70.10402213954794.
{'MSE - mean': 76.86756765972159, 'MSE - std': 0.0, 'R2 - mean': 0.5520671120086729, 'R2 - std': 0.0}
{'MSE - mean': 73.80278255698582, 'MSE - std': 3.064785102735776, 'R2 - mean': 0.550380031006287, 'R2 - std': 0.0016870810023858485}
{'MSE - mean': 69.70688000827988, 'MSE - std': 6.309894916792108, 'R2 - mean': 0.5624366597236404, 'R2 - std': 0.017106200248115527}
{'MSE - mean': 72.31765543393912, 'MSE - std': 7.092920792268703, 'R2 - mean': 0.5517490498133526, 'R2 - std': 0.023709525131893994}
{'MSE - mean': 71.25158391064326, 'MSE - std': 6.692806157617865, 'R2 - mean': 0.5573768008921447, 'R2 - std': 0.02400832344007618}
Trial 59 finished with value: 71.25158391064326 and parameters: {'max_depth': 6, 'n_estimators': 40}. Best is trial 33 with value: 70.10402213954794.
{'MSE - mean': 76.19861178497929, 'MSE - std': 0.0, 'R2 - mean': 0.5559653404297745, 'R2 - std': 0.0}
{'MSE - mean': 73.61824034998617, 'MSE - std': 2.5803714349931184, 'R2 - mean': 0.5513725581688833, 'R2 - std': 0.0045927822608911595}
{'MSE - mean': 69.20320755792706, 'MSE - std': 6.589681854100915, 'R2 - mean': 0.5656566998726289, 'R2 - std': 0.020545944636902763}
{'MSE - mean': 72.03019325044409, 'MSE - std': 7.519539515208894, 'R2 - mean': 0.5536229872761832, 'R2 - std': 0.027404973952342596}
{'MSE - mean': 70.43493577704834, 'MSE - std': 7.444069132022506, 'R2 - mean': 0.5625553162457859, 'R2 - std': 0.03033104154406307}
Trial 60 finished with value: 70.43493577704834 and parameters: {'max_depth': 4, 'n_estimators': 66}. Best is trial 33 with value: 70.10402213954794.
{'MSE - mean': 75.90860511112612, 'MSE - std': 0.0, 'R2 - mean': 0.5576553057937219, 'R2 - std': 0.0}
{'MSE - mean': 72.72012601048363, 'MSE - std': 3.1884791006425033, 'R2 - mean': 0.5570223744215554, 'R2 - std': 0.000632931372166412}
{'MSE - mean': 68.52985290017727, 'MSE - std': 6.472586561393795, 'R2 - mean': 0.5699247185229135, 'R2 - std': 0.018253986816609263}
{'MSE - mean': 71.56443304419028, 'MSE - std': 7.68419238094452, 'R2 - mean': 0.5565887536061525, 'R2 - std': 0.02799017518360591}
{'MSE - mean': 70.06412610904142, 'MSE - std': 7.499408885806646, 'R2 - mean': 0.5649166499994296, 'R2 - std': 0.030069508788734656}
Trial 61 finished with value: 70.06412610904142 and parameters: {'max_depth': 4, 'n_estimators': 39}. Best is trial 61 with value: 70.06412610904142.
{'MSE - mean': 76.04053593652716, 'MSE - std': 0.0, 'R2 - mean': 0.5568865009851897, 'R2 - std': 0.0}
{'MSE - mean': 73.02662606665048, 'MSE - std': 3.0139098698766844, 'R2 - mean': 0.5551033656632594, 'R2 - std': 0.0017831353219303625}
{'MSE - mean': 68.82887738308959, 'MSE - std': 6.4263486125353, 'R2 - mean': 0.5680089492039094, 'R2 - std': 0.018309229569635356}
{'MSE - mean': 71.6877685694712, 'MSE - std': 7.449378753566436, 'R2 - mean': 0.5557567855498147, 'R2 - std': 0.02649089387309102}
{'MSE - mean': 70.04807717477266, 'MSE - std': 7.426233670620887, 'R2 - mean': 0.5649705277661563, 'R2 - std': 0.030016431318081162}
Trial 62 finished with value: 70.04807717477266 and parameters: {'max_depth': 4, 'n_estimators': 48}. Best is trial 62 with value: 70.04807717477266.
{'MSE - mean': 76.36664022791086, 'MSE - std': 0.0, 'R2 - mean': 0.5549861827954363, 'R2 - std': 0.0}
{'MSE - mean': 73.445661724958, 'MSE - std': 2.920978502952863, 'R2 - mean': 0.5525200367292034, 'R2 - std': 0.002466146066232966}
{'MSE - mean': 68.988475254667, 'MSE - std': 6.739517742764112, 'R2 - mean': 0.5670916458684566, 'R2 - std': 0.020705510621434525}
{'MSE - mean': 71.82335070650896, 'MSE - std': 7.627278743834059, 'R2 - mean': 0.5549736218005934, 'R2 - std': 0.027605762976210115}
{'MSE - mean': 70.34932821061957, 'MSE - std': 7.431774626727199, 'R2 - mean': 0.5631349396893999, 'R2 - std': 0.02959883373255718}
Trial 63 finished with value: 70.34932821061957 and parameters: {'max_depth': 4, 'n_estimators': 49}. Best is trial 62 with value: 70.04807717477266.
{'MSE - mean': 76.76696816763187, 'MSE - std': 0.0, 'R2 - mean': 0.5526533387151258, 'R2 - std': 0.0}
{'MSE - mean': 74.07000395290004, 'MSE - std': 2.6969642147318353, 'R2 - mean': 0.5486473656402102, 'R2 - std': 0.00400597307491557}
{'MSE - mean': 69.60281524662304, 'MSE - std': 6.6903383466015365, 'R2 - mean': 0.563178332070667, 'R2 - std': 0.020808568371164484}
{'MSE - mean': 72.3424544774753, 'MSE - std': 7.489148131775704, 'R2 - mean': 0.551688970475593, 'R2 - std': 0.026847042254784157}
{'MSE - mean': 70.81245014854736, 'MSE - std': 7.364341435450731, 'R2 - mean': 0.5602071958666126, 'R2 - std': 0.029442343614477843}
Trial 64 finished with value: 70.81245014854736 and parameters: {'max_depth': 5, 'n_estimators': 42}. Best is trial 62 with value: 70.04807717477266.
{'MSE - mean': 76.1903194276235, 'MSE - std': 0.0, 'R2 - mean': 0.5560136627546733, 'R2 - std': 0.0}
{'MSE - mean': 73.18479405083005, 'MSE - std': 3.00552537679345, 'R2 - mean': 0.5541356457627927, 'R2 - std': 0.0018780169918806155}
{'MSE - mean': 68.93494522358235, 'MSE - std': 6.491883545573179, 'R2 - mean': 0.5673596185885803, 'R2 - std': 0.01876428024578076}
{'MSE - mean': 71.77792032315429, 'MSE - std': 7.473682909203559, 'R2 - mean': 0.5552062598691223, 'R2 - std': 0.026592969829414045}
{'MSE - mean': 70.1615687006146, 'MSE - std': 7.425302637105374, 'R2 - mean': 0.5642706536580954, 'R2 - std': 0.02990655069587248}
Trial 65 finished with value: 70.1615687006146 and parameters: {'max_depth': 4, 'n_estimators': 58}. Best is trial 62 with value: 70.04807717477266.
{'MSE - mean': 76.2600448024795, 'MSE - std': 0.0, 'R2 - mean': 0.5556073498001152, 'R2 - std': 0.0}
{'MSE - mean': 73.24080548628379, 'MSE - std': 3.0192393161957156, 'R2 - mean': 0.5537975606838272, 'R2 - std': 0.0018097891162879853}
{'MSE - mean': 69.0217291880089, 'MSE - std': 6.455882097253474, 'R2 - mean': 0.5668019162440502, 'R2 - std': 0.01845020554999388}
{'MSE - mean': 71.91717130874301, 'MSE - std': 7.510630164226708, 'R2 - mean': 0.5543435473667295, 'R2 - std': 0.0268503338690218}
{'MSE - mean': 70.20970991541182, 'MSE - std': 7.5358708859626615, 'R2 - mean': 0.563977217353518, 'R2 - std': 0.030789328228458406}
Trial 66 finished with value: 70.20970991541182 and parameters: {'max_depth': 5, 'n_estimators': 31}. Best is trial 62 with value: 70.04807717477266.
{'MSE - mean': 77.53531286392597, 'MSE - std': 0.0, 'R2 - mean': 0.5481759385675449, 'R2 - std': 0.0}
{'MSE - mean': 74.26734740704114, 'MSE - std': 3.2679654568848306, 'R2 - mean': 0.5476006302818811, 'R2 - std': 0.000575308285663767}
{'MSE - mean': 70.3138487411262, 'MSE - std': 6.195162270221634, 'R2 - mean': 0.558585814188518, 'R2 - std': 0.015542496067480262}
{'MSE - mean': 72.90489384581589, 'MSE - std': 6.994681613153865, 'R2 - mean': 0.5480698098477124, 'R2 - std': 0.022648088879489624}
{'MSE - mean': 71.62381985381316, 'MSE - std': 6.760551677744756, 'R2 - mean': 0.5550452257376499, 'R2 - std': 0.024596228395121527}
Trial 67 finished with value: 71.62381985381316 and parameters: {'max_depth': 7, 'n_estimators': 27}. Best is trial 62 with value: 70.04807717477266.
{'MSE - mean': 79.20174196133208, 'MSE - std': 0.0, 'R2 - mean': 0.5384651018524, 'R2 - std': 0.0}
{'MSE - mean': 74.64748238710746, 'MSE - std': 4.554259574224616, 'R2 - mean': 0.545635850773213, 'R2 - std': 0.0071707489208129305}
{'MSE - mean': 70.45006783578079, 'MSE - std': 7.004576933048058, 'R2 - mean': 0.5580637046223261, 'R2 - std': 0.018525195347059764}
{'MSE - mean': 73.02955892760377, 'MSE - std': 7.533883220930904, 'R2 - mean': 0.54754338764892, 'R2 - std': 0.024277939670570372}
{'MSE - mean': 71.28157156597914, 'MSE - std': 7.591400159054807, 'R2 - mean': 0.5573959767144643, 'R2 - std': 0.029322836303744798}
