Trial 60 finished with value: 1082086608.6527646 and parameters: {'max_depth': 5, 'n_estimators': 88}. Best is trial 52 with value: 846258830.6679509.
{'MSE - mean': 878472284.8928527, 'MSE - std': 0.0, 'R2 - mean': 0.8815639303730765, 'R2 - std': 0.0}
{'MSE - mean': 928937455.927311, 'MSE - std': 50465171.03445828, 'R2 - mean': 0.8689198475934123, 'R2 - std': 0.012644082779664167}
{'MSE - mean': 1053426362.0828902, 'MSE - std': 180811498.07644984, 'R2 - mean': 0.8524370974679383, 'R2 - std': 0.02549399909044542}
{'MSE - mean': 922030792.0818644, 'MSE - std': 276249861.22199404, 'R2 - mean': 0.8651936284676215, 'R2 - std': 0.031235320418644047}
{'MSE - mean': 869836698.2201649, 'MSE - std': 268231397.11136055, 'R2 - mean': 0.8626993931924973, 'R2 - std': 0.028379588294317866}
Trial 61 finished with value: 869836698.2201649 and parameters: {'max_depth': 11, 'n_estimators': 98}. Best is trial 52 with value: 846258830.6679509.
{'MSE - mean': 895063574.2476623, 'MSE - std': 0.0, 'R2 - mean': 0.8793270845043804, 'R2 - std': 0.0}
{'MSE - mean': 926278413.7542944, 'MSE - std': 31214839.50663203, 'R2 - mean': 0.8694089902770633, 'R2 - std': 0.009918094227317042}
{'MSE - mean': 1035924173.1339904, 'MSE - std': 157143127.6581436, 'R2 - mean': 0.8549434838658162, 'R2 - std': 0.022001836594603287}
{'MSE - mean': 912814841.3396139, 'MSE - std': 252958879.37016836, 'R2 - mean': 0.8663581966298588, 'R2 - std': 0.027458106500786138}
{'MSE - mean': 859650975.5311197, 'MSE - std': 249992284.34610415, 'R2 - mean': 0.8642577472010998, 'R2 - std': 0.024915971610553467}
Trial 62 finished with value: 859650975.5311197 and parameters: {'max_depth': 12, 'n_estimators': 90}. Best is trial 52 with value: 846258830.6679509.
{'MSE - mean': 904120404.4226983, 'MSE - std': 0.0, 'R2 - mean': 0.878106038163299, 'R2 - std': 0.0}
{'MSE - mean': 981947124.0756164, 'MSE - std': 77826719.6529181, 'R2 - mean': 0.8612937906666824, 'R2 - std': 0.016812247496616584}
{'MSE - mean': 1093049337.1727026, 'MSE - std': 169485699.60745943, 'R2 - mean': 0.8467593585701589, 'R2 - std': 0.024717076620464257}
{'MSE - mean': 956461205.9579672, 'MSE - std': 278411574.0136781, 'R2 - mean': 0.860073335922515, 'R2 - std': 0.031464049108682356}
{'MSE - mean': 902330934.1549318, 'MSE - std': 271534065.88805926, 'R2 - mean': 0.857500370468, 'R2 - std': 0.028608909695606508}
Trial 63 finished with value: 902330934.1549318 and parameters: {'max_depth': 12, 'n_estimators': 73}. Best is trial 52 with value: 846258830.6679509.
{'MSE - mean': 838056683.2261957, 'MSE - std': 0.0, 'R2 - mean': 0.8870127818568658, 'R2 - std': 0.0}
{'MSE - mean': 953306608.5659227, 'MSE - std': 115249925.33972698, 'R2 - mean': 0.8651027465226186, 'R2 - std': 0.021910035334247124}
{'MSE - mean': 1049244793.4552202, 'MSE - std': 165116022.34059903, 'R2 - mean': 0.8527238766944253, 'R2 - std': 0.025030100586001434}
{'MSE - mean': 924154123.840781, 'MSE - std': 259596807.56695032, 'R2 - mean': 0.864446807661303, 'R2 - std': 0.02970119160692961}
{'MSE - mean': 872336539.9101776, 'MSE - std': 254268853.80789822, 'R2 - mean': 0.8619234425820362, 'R2 - std': 0.027040675131924614}
Trial 64 finished with value: 872336539.9101776 and parameters: {'max_depth': 10, 'n_estimators': 89}. Best is trial 52 with value: 846258830.6679509.
{'MSE - mean': 786485565.5575496, 'MSE - std': 0.0, 'R2 - mean': 0.8939656255469625, 'R2 - std': 0.0}
{'MSE - mean': 932198678.9642701, 'MSE - std': 145713113.40672058, 'R2 - mean': 0.86789274108491, 'R2 - std': 0.026072884462052415}
{'MSE - mean': 970379572.6505595, 'MSE - std': 130653876.95926724, 'R2 - mean': 0.8635649753765445, 'R2 - std': 0.022150755777189616}
{'MSE - mean': 870119540.8455889, 'MSE - std': 207265647.43335223, 'R2 - mean': 0.8716422774440277, 'R2 - std': 0.02374279705918467}
{'MSE - mean': 825691492.9123865, 'MSE - std': 205578804.0080812, 'R2 - mean': 0.8684411762116401, 'R2 - std': 0.022180273356180148}
Trial 65 finished with value: 825691492.9123865 and parameters: {'max_depth': 12, 'n_estimators': 15}. Best is trial 65 with value: 825691492.9123865.
{'MSE - mean': 908100672.0995946, 'MSE - std': 0.0, 'R2 - mean': 0.8775694164988236, 'R2 - std': 0.0}
{'MSE - mean': 1012030305.0676726, 'MSE - std': 103929632.96807802, 'R2 - mean': 0.8569029140938065, 'R2 - std': 0.02066650240501705}
{'MSE - mean': 1175494170.931707, 'MSE - std': 246255524.38950402, 'R2 - mean': 0.8351842121132913, 'R2 - std': 0.03504483194245032}
{'MSE - mean': 1030137580.4369835, 'MSE - std': 329949924.488572, 'R2 - mean': 0.8492260697228974, 'R2 - std': 0.03889249901705075}
{'MSE - mean': 977787081.6678069, 'MSE - std': 313138724.883298, 'R2 - mean': 0.8451431720137125, 'R2 - std': 0.03573207800629157}
Trial 66 finished with value: 977787081.6678069 and parameters: {'max_depth': 9, 'n_estimators': 13}. Best is trial 65 with value: 825691492.9123865.
{'MSE - mean': 1003306084.169197, 'MSE - std': 0.0, 'R2 - mean': 0.8647337755723592, 'R2 - std': 0.0}
{'MSE - mean': 1055306803.0666065, 'MSE - std': 52000718.8974095, 'R2 - mean': 0.8511199509651319, 'R2 - std': 0.013613824607227265}
{'MSE - mean': 1130534607.472606, 'MSE - std': 114547639.09421965, 'R2 - mean': 0.8415599077993464, 'R2 - std': 0.01750275209657803}
{'MSE - mean': 988503033.0717285, 'MSE - std': 265254171.68617877, 'R2 - mean': 0.8554553835530257, 'R2 - std': 0.028443144823998897}
{'MSE - mean': 930542939.6267544, 'MSE - std': 264055505.91899642, 'R2 - mean': 0.853231535121002, 'R2 - std': 0.02582618820843753}
Trial 67 finished with value: 930542939.6267544 and parameters: {'max_depth': 12, 'n_estimators': 24}. Best is trial 65 with value: 825691492.9123865.
{'MSE - mean': 873553441.8272386, 'MSE - std': 0.0, 'R2 - mean': 0.8822270912374788, 'R2 - std': 0.0}
{'MSE - mean': 1070264133.23884, 'MSE - std': 196710691.41160142, 'R2 - mean': 0.8481512731782407, 'R2 - std': 0.034075818059238094}
{'MSE - mean': 1126348520.2627406, 'MSE - std': 179130253.38966855, 'R2 - mean': 0.8415432033282525, 'R2 - std': 0.029350311046997635}
{'MSE - mean': 1001852895.1116626, 'MSE - std': 265637380.28534004, 'R2 - mean': 0.8524271233582957, 'R2 - std': 0.03164584829922821}
{'MSE - mean': 944620046.4530919, 'MSE - std': 263728970.9269464, 'R2 - mean': 0.8500520613648117, 'R2 - std': 0.028700722108577378}
Trial 68 finished with value: 944620046.4530919 and parameters: {'max_depth': 10, 'n_estimators': 17}. Best is trial 65 with value: 825691492.9123865.
{'MSE - mean': 887031534.8854847, 'MSE - std': 0.0, 'R2 - mean': 0.8804099680392445, 'R2 - std': 0.0}
{'MSE - mean': 977824515.169492, 'MSE - std': 90792980.28400725, 'R2 - mean': 0.8617968666567222, 'R2 - std': 0.018613101382522368}
{'MSE - mean': 1141762115.3658702, 'MSE - std': 243406348.2372563, 'R2 - mean': 0.8399616224775523, 'R2 - std': 0.03441686803655023}
{'MSE - mean': 999300330.7149116, 'MSE - std': 324532075.50172246, 'R2 - mean': 0.8538220038016608, 'R2 - std': 0.038271675106181034}
{'MSE - mean': 944507987.0837666, 'MSE - std': 310267075.44620085, 'R2 - mean': 0.8507379830064924, 'R2 - std': 0.03478249027034418}
Trial 69 finished with value: 944507987.0837666 and parameters: {'max_depth': 12, 'n_estimators': 17}. Best is trial 65 with value: 825691492.9123865.
{'MSE - mean': 1091333969.5518298, 'MSE - std': 0.0, 'R2 - mean': 0.8528658123576063, 'R2 - std': 0.0}
{'MSE - mean': 1157695722.131702, 'MSE - std': 66361752.57987201, 'R2 - mean': 0.836619626362165, 'R2 - std': 0.01624618599544131}
{'MSE - mean': 1265403264.5331495, 'MSE - std': 161671737.94647604, 'R2 - mean': 0.8226601884114971, 'R2 - std': 0.023784256460862414}
{'MSE - mean': 1146215219.785939, 'MSE - std': 249440740.79821974, 'R2 - mean': 0.8309362757410553, 'R2 - std': 0.025094800377896555}
{'MSE - mean': 1080079380.7079015, 'MSE - std': 259369125.7227737, 'R2 - mean': 0.8284103865027683, 'R2 - std': 0.023006948310924653}
Trial 70 finished with value: 1080079380.7079015 and parameters: {'max_depth': 9, 'n_estimators': 6}. Best is trial 65 with value: 825691492.9123865.
{'MSE - mean': 838169974.0938674, 'MSE - std': 0.0, 'R2 - mean': 0.8869975079258353, 'R2 - std': 0.0}
{'MSE - mean': 902533771.673789, 'MSE - std': 64363797.5799216, 'R2 - mean': 0.8725541751866039, 'R2 - std': 0.014443332739231318}
{'MSE - mean': 1009938797.2557865, 'MSE - std': 160727962.71903595, 'R2 - mean': 0.8584479603742583, 'R2 - std': 0.023174206201612292}
{'MSE - mean': 888149872.1263679, 'MSE - std': 252730558.80204958, 'R2 - mean': 0.8699331750499413, 'R2 - std': 0.028257978399837836}
{'MSE - mean': 839094477.8660872, 'MSE - std': 246422229.3260966, 'R2 - mean': 0.8673014251576119, 'R2 - std': 0.025816953820690478}
Trial 71 finished with value: 839094477.8660872 and parameters: {'max_depth': 11, 'n_estimators': 64}. Best is trial 65 with value: 825691492.9123865.
{'MSE - mean': 972585310.0980779, 'MSE - std': 0.0, 'R2 - mean': 0.8688755655860576, 'R2 - std': 0.0}
{'MSE - mean': 1050959354.9277568, 'MSE - std': 78374044.82967883, 'R2 - mean': 0.8515747320505873, 'R2 - std': 0.01730083353547024}
{'MSE - mean': 1282461976.4272852, 'MSE - std': 333589450.4591197, 'R2 - mean': 0.8204024525936525, 'R2 - std': 0.04629220136369805}
{'MSE - mean': 1098735267.0853145, 'MSE - std': 429799897.9410071, 'R2 - mean': 0.840266411849845, 'R2 - std': 0.05282950465713162}
{'MSE - mean': 1002108228.9003837, 'MSE - std': 430266777.5341808, 'R2 - mean': 0.8447832364472541, 'R2 - std': 0.04810792104871456}
Trial 72 finished with value: 1002108228.9003837 and parameters: {'max_depth': 10, 'n_estimators': 11}. Best is trial 65 with value: 825691492.9123865.
{'MSE - mean': 880959597.1596371, 'MSE - std': 0.0, 'R2 - mean': 0.8812285896982722, 'R2 - std': 0.0}
{'MSE - mean': 962509354.1721323, 'MSE - std': 81549757.01249522, 'R2 - mean': 0.8640081100619138, 'R2 - std': 0.01722047963635842}
{'MSE - mean': 1070492247.2457434, 'MSE - std': 166595875.21592042, 'R2 - mean': 0.8498993794644267, 'R2 - std': 0.024409202583228574}
{'MSE - mean': 942606134.8851194, 'MSE - std': 264348656.95395795, 'R2 - mean': 0.861868209539356, 'R2 - std': 0.029607694238988146}
{'MSE - mean': 877173127.7455318, 'MSE - std': 270240788.2611474, 'R2 - mean': 0.8620717582909319, 'R2 - std': 0.026485055689890517}
Trial 73 finished with value: 877173127.7455318 and parameters: {'max_depth': 12, 'n_estimators': 15}. Best is trial 65 with value: 825691492.9123865.
{'MSE - mean': 854951734.2095882, 'MSE - std': 0.0, 'R2 - mean': 0.8847349826945808, 'R2 - std': 0.0}
{'MSE - mean': 969370599.2710412, 'MSE - std': 114418865.06145304, 'R2 - mean': 0.8628461547814934, 'R2 - std': 0.021888827913087494}
{'MSE - mean': 1094799551.9246328, 'MSE - std': 200480993.56843743, 'R2 - mean': 0.8463894991686166, 'R2 - std': 0.02934377082438733}
{'MSE - mean': 951217677.3565816, 'MSE - std': 303301394.1611011, 'R2 - mean': 0.8609949951283924, 'R2 - std': 0.03585741487250159}
{'MSE - mean': 888068066.5746934, 'MSE - std': 299240508.5005537, 'R2 - mean': 0.8604807562714466, 'R2 - std': 0.032088333198826806}
Trial 74 finished with value: 888068066.5746934 and parameters: {'max_depth': 11, 'n_estimators': 64}. Best is trial 65 with value: 825691492.9123865.
{'MSE - mean': 850943994.2460507, 'MSE - std': 0.0, 'R2 - mean': 0.8852753081863817, 'R2 - std': 0.0}
{'MSE - mean': 947994421.9384031, 'MSE - std': 97050427.69235247, 'R2 - mean': 0.8659591423076722, 'R2 - std': 0.01931616587870949}
{'MSE - mean': 1075611356.6428516, 'MSE - std': 197107469.13861805, 'R2 - mean': 0.8491492068298913, 'R2 - std': 0.02852876976615358}
{'MSE - mean': 938745170.0567911, 'MSE - std': 292122534.02383125, 'R2 - mean': 0.8627138782321999, 'R2 - std': 0.03409426577938692}
{'MSE - mean': 880919688.9235518, 'MSE - std': 285733450.9306987, 'R2 - mean': 0.8612254502387733, 'R2 - std': 0.030639791755082843}
Trial 75 finished with value: 880919688.9235518 and parameters: {'max_depth': 11, 'n_estimators': 80}. Best is trial 65 with value: 825691492.9123865.
{'MSE - mean': 1200927358.6295078, 'MSE - std': 0.0, 'R2 - mean': 0.8380903772270176, 'R2 - std': 0.0}
{'MSE - mean': 1334767269.4006145, 'MSE - std': 133839910.77110672, 'R2 - mean': 0.8112884612224469, 'R2 - std': 0.026801916004570766}
{'MSE - mean': 1423853215.4139416, 'MSE - std': 166777374.65752798, 'R2 - mean': 0.8001725217268013, 'R2 - std': 0.026944820579950943}
{'MSE - mean': 1282077734.3538966, 'MSE - std': 284889242.71138215, 'R2 - mean': 0.8109568342549334, 'R2 - std': 0.029890160708460282}
{'MSE - mean': 1218838633.9309113, 'MSE - std': 284475376.4025378, 'R2 - mean': 0.8057277106875059, 'R2 - std': 0.028707356180529216}
Trial 76 finished with value: 1218838633.9309113 and parameters: {'max_depth': 4, 'n_estimators': 70}. Best is trial 65 with value: 825691492.9123865.
{'MSE - mean': 908712135.9873286, 'MSE - std': 0.0, 'R2 - mean': 0.8774869786338763, 'R2 - std': 0.0}
{'MSE - mean': 937695958.4898245, 'MSE - std': 28983822.502495885, 'R2 - mean': 0.8678148904095973, 'R2 - std': 0.009672088224279007}
{'MSE - mean': 1019791916.6896492, 'MSE - std': 118488539.6008079, 'R2 - mean': 0.857171939318886, 'R2 - std': 0.01699738243330515}
{'MSE - mean': 893382278.1592402, 'MSE - std': 241801242.04129973, 'R2 - mean': 0.8693707297218619, 'R2 - std': 0.025751013942663104}
{'MSE - mean': 849336409.4362795, 'MSE - std': 233526072.90924352, 'R2 - mean': 0.8655022518984101, 'R2 - std': 0.024297165635981843}
Trial 77 finished with value: 849336409.4362795 and parameters: {'max_depth': 10, 'n_estimators': 90}. Best is trial 65 with value: 825691492.9123865.
{'MSE - mean': 834403899.4624044, 'MSE - std': 0.0, 'R2 - mean': 0.8875052519775746, 'R2 - std': 0.0}
{'MSE - mean': 933406052.863007, 'MSE - std': 99002153.40060258, 'R2 - mean': 0.8680013079095478, 'R2 - std': 0.0195039440680268}
{'MSE - mean': 1048780378.2155694, 'MSE - std': 182089961.70324382, 'R2 - mean': 0.8528816582969703, 'R2 - std': 0.026661023329073007}
{'MSE - mean': 915257934.4916508, 'MSE - std': 279914798.7313954, 'R2 - mean': 0.8661284551243411, 'R2 - std': 0.03255058374702294}
{'MSE - mean': 861214603.9530258, 'MSE - std': 272698665.0900558, 'R2 - mean': 0.8641610305511145, 'R2 - std': 0.029378826382667273}
Trial 78 finished with value: 861214603.9530258 and parameters: {'max_depth': 9, 'n_estimators': 92}. Best is trial 65 with value: 825691492.9123865.
{'MSE - mean': 889712990.0119554, 'MSE - std': 0.0, 'R2 - mean': 0.880048452927702, 'R2 - std': 0.0}
{'MSE - mean': 956037367.8626581, 'MSE - std': 66324377.85070276, 'R2 - mean': 0.8650100515263409, 'R2 - std': 0.015038401401361035}
{'MSE - mean': 1087396524.8266442, 'MSE - std': 193502123.0756057, 'R2 - mean': 0.8476261486498823, 'R2 - std': 0.02748034151125596}
{'MSE - mean': 949752804.7514191, 'MSE - std': 291409822.68021786, 'R2 - mean': 0.8611749429153087, 'R2 - std': 0.03342284181995893}
{'MSE - mean': 894973075.8091463, 'MSE - std': 282734898.1211345, 'R2 - mean': 0.8588252613140593, 'R2 - std': 0.030261412702757208}
Trial 79 finished with value: 894973075.8091463 and parameters: {'max_depth': 10, 'n_estimators': 64}. Best is trial 65 with value: 825691492.9123865.
{'MSE - mean': 919743047.4351163, 'MSE - std': 0.0, 'R2 - mean': 0.8759997856754348, 'R2 - std': 0.0}
{'MSE - mean': 1171098274.676568, 'MSE - std': 251355227.24145186, 'R2 - mean': 0.833629618538283, 'R2 - std': 0.04237016713715186}
{'MSE - mean': 1270488825.5526335, 'MSE - std': 248750068.77311632, 'R2 - mean': 0.8212004318395731, 'R2 - std': 0.03880451098523069}
{'MSE - mean': 1122555546.4068289, 'MSE - std': 334753958.56130564, 'R2 - mean': 0.8348661171036187, 'R2 - std': 0.041104688489392825}
{'MSE - mean': 1059577753.5836235, 'MSE - std': 324827615.4724253, 'R2 - mean': 0.8319049060003234, 'R2 - std': 0.037239111394354416}
Trial 80 finished with value: 1059577753.5836235 and parameters: {'max_depth': 8, 'n_estimators': 9}. Best is trial 65 with value: 825691492.9123865.
{'MSE - mean': 897585425.6470202, 'MSE - std': 0.0, 'R2 - mean': 0.8789870872465733, 'R2 - std': 0.0}
{'MSE - mean': 986290979.0380008, 'MSE - std': 88705553.39098054, 'R2 - mean': 0.8606173745188009, 'R2 - std': 0.018369712727772325}
{'MSE - mean': 1085482034.7734516, 'MSE - std': 157871829.4823157, 'R2 - mean': 0.8477587367689834, 'R2 - std': 0.02357230069444473}
{'MSE - mean': 951940668.9228811, 'MSE - std': 268686667.11948663, 'R2 - mean': 0.860611644007047, 'R2 - std': 0.030204828975393994}
{'MSE - mean': 896872232.7971513, 'MSE - std': 264356105.84882757, 'R2 - mean': 0.8583414564274315, 'R2 - std': 0.027394896629350532}
Trial 81 finished with value: 896872232.7971513 and parameters: {'max_depth': 9, 'n_estimators': 91}. Best is trial 65 with value: 825691492.9123865.
{'MSE - mean': 860501241.2666459, 'MSE - std': 0.0, 'R2 - mean': 0.8839867953977159, 'R2 - std': 0.0}
{'MSE - mean': 972097277.4288257, 'MSE - std': 111596036.16217983, 'R2 - mean': 0.8624791160415339, 'R2 - std': 0.02150767935618192}
{'MSE - mean': 1043227868.6941334, 'MSE - std': 135726092.6237529, 'R2 - mean': 0.8535452094794064, 'R2 - std': 0.021633682544754316}
{'MSE - mean': 912109288.1854625, 'MSE - std': 255719427.55295333, 'R2 - mean': 0.8664403517882472, 'R2 - std': 0.029152465604664942}
{'MSE - mean': 860616119.9776051, 'MSE - std': 250838844.660748, 'R2 - mean': 0.8639826948351601, 'R2 - std': 0.026534002929470866}
Trial 82 finished with value: 860616119.9776051 and parameters: {'max_depth': 11, 'n_estimators': 79}. Best is trial 65 with value: 825691492.9123865.
{'MSE - mean': 855856617.5306664, 'MSE - std': 0.0, 'R2 - mean': 0.8846129858759418, 'R2 - std': 0.0}
{'MSE - mean': 989433269.3051676, 'MSE - std': 133576651.7745012, 'R2 - mean': 0.8599074174349557, 'R2 - std': 0.024705568440986092}
{'MSE - mean': 1087835488.5549924, 'MSE - std': 176808205.23787582, 'R2 - mean': 0.8472495879581446, 'R2 - std': 0.026969452511861537}
{'MSE - mean': 956215872.7449608, 'MSE - std': 274621604.8993963, 'R2 - mean': 0.8597707107186411, 'R2 - std': 0.031872387299078014}
{'MSE - mean': 890999971.3119977, 'MSE - std': 278111624.8934446, 'R2 - mean': 0.8597389679163362, 'R2 - std': 0.02850760053276909}
Trial 83 finished with value: 890999971.3119977 and parameters: {'max_depth': 10, 'n_estimators': 77}. Best is trial 65 with value: 825691492.9123865.
{'MSE - mean': 883004797.0744272, 'MSE - std': 0.0, 'R2 - mean': 0.8809528548302809, 'R2 - std': 0.0}
{'MSE - mean': 944189316.3416288, 'MSE - std': 61184519.2672016, 'R2 - mean': 0.8667087134937502, 'R2 - std': 0.014244141336530625}
{'MSE - mean': 1040416370.4243492, 'MSE - std': 144965474.5339384, 'R2 - mean': 0.8541757350362168, 'R2 - std': 0.02119940580088755}
{'MSE - mean': 920714126.0488644, 'MSE - std': 242378059.09512997, 'R2 - mean': 0.8649538736684476, 'R2 - std': 0.026183313805929632}
{'MSE - mean': 872532311.8920755, 'MSE - std': 237241749.4589332, 'R2 - mean': 0.8616723620244432, 'R2 - std': 0.024321307780766483}
Trial 84 finished with value: 872532311.8920755 and parameters: {'max_depth': 11, 'n_estimators': 82}. Best is trial 65 with value: 825691492.9123865.
{'MSE - mean': 912461106.2180594, 'MSE - std': 0.0, 'R2 - mean': 0.8769815406059364, 'R2 - std': 0.0}
{'MSE - mean': 953542126.6096199, 'MSE - std': 41081020.391560376, 'R2 - mean': 0.8655118711423946, 'R2 - std': 0.01146966946354172}
{'MSE - mean': 1058314475.0781342, 'MSE - std': 151919683.2698893, 'R2 - mean': 0.8517612265259763, 'R2 - std': 0.021583851984049024}
{'MSE - mean': 936091960.7282764, 'MSE - std': 249248313.2653484, 'R2 - mean': 0.8627855806876699, 'R2 - std': 0.026720893583474313}
{'MSE - mean': 878059382.4292266, 'MSE - std': 251338214.1828782, 'R2 - mean': 0.8614471729911353, 'R2 - std': 0.024049329798729507}
Trial 85 finished with value: 878059382.4292266 and parameters: {'max_depth': 11, 'n_estimators': 69}. Best is trial 65 with value: 825691492.9123865.
{'MSE - mean': 886965642.7034862, 'MSE - std': 0.0, 'R2 - mean': 0.8804188516559383, 'R2 - std': 0.0}
{'MSE - mean': 927491635.649384, 'MSE - std': 40525992.94589788, 'R2 - mean': 0.8691826644702538, 'R2 - std': 0.011236187185684421}
{'MSE - mean': 1026720441.3171659, 'MSE - std': 144179110.19981176, 'R2 - mean': 0.8561804556598224, 'R2 - std': 0.020549520745781102}
{'MSE - mean': 900287541.6422287, 'MSE - std': 252084402.97675157, 'R2 - mean': 0.8683145837664786, 'R2 - std': 0.027539486140580115}
{'MSE - mean': 853315544.2769954, 'MSE - std': 244259515.93588766, 'R2 - mean': 0.8650015624137805, 'R2 - std': 0.02550770627562383}
Trial 86 finished with value: 853315544.2769954 and parameters: {'max_depth': 12, 'n_estimators': 60}. Best is trial 65 with value: 825691492.9123865.
{'MSE - mean': 845318670.3432567, 'MSE - std': 0.0, 'R2 - mean': 0.8860337171480333, 'R2 - std': 0.0}
{'MSE - mean': 979608847.0914414, 'MSE - std': 134290176.74818468, 'R2 - mean': 0.8612862807356176, 'R2 - std': 0.02474743641241567}
{'MSE - mean': 1045199261.4963617, 'MSE - std': 143620237.5630171, 'R2 - mean': 0.8531708553358159, 'R2 - std': 0.023238129546728433}
{'MSE - mean': 936641383.5744686, 'MSE - std': 225442937.4696778, 'R2 - mean': 0.8619433496017541, 'R2 - std': 0.025216620819623232}
{'MSE - mean': 887323630.1370351, 'MSE - std': 224474002.19274285, 'R2 - mean': 0.8588073321949734, 'R2 - std': 0.02341027110374954}
