Trial 12 finished with value: 70.37466994834806 and parameters: {'max_depth': 3, 'n_estimators': 15}. Best is trial 6 with value: 70.22348139239622.
{'MSE - mean': 76.29530244076281, 'MSE - std': 0.0, 'R2 - mean': 0.5554018918128154, 'R2 - std': 0.0}
{'MSE - mean': 73.0243239318242, 'MSE - std': 3.2709785089386045, 'R2 - mean': 0.55518845132723, 'R2 - std': 0.00021344048558535889}
{'MSE - mean': 69.34674709062695, 'MSE - std': 5.8465382734668525, 'R2 - mean': 0.5645746942398534, 'R2 - std': 0.013275295976241013}
{'MSE - mean': 72.05164708714484, 'MSE - std': 6.898257701102649, 'R2 - mean': 0.5533280575704688, 'R2 - std': 0.022619363862895026}
{'MSE - mean': 70.62902069659874, 'MSE - std': 6.794426453864263, 'R2 - mean': 0.5612098035149821, 'R2 - std': 0.02564753738246694}
Trial 13 finished with value: 70.62902069659874 and parameters: {'max_depth': 5, 'n_estimators': 55}. Best is trial 6 with value: 70.22348139239622.
{'MSE - mean': 76.30764834580886, 'MSE - std': 0.0, 'R2 - mean': 0.5553299481170473, 'R2 - std': 0.0}
{'MSE - mean': 73.07741830006884, 'MSE - std': 3.230230045740022, 'R2 - mean': 0.5548531217582761, 'R2 - std': 0.0004768263587712207}
{'MSE - mean': 68.76392586868852, 'MSE - std': 6.645953004905944, 'R2 - mean': 0.5685062537983222, 'R2 - std': 0.019312369212247018}
{'MSE - mean': 71.79316730300476, 'MSE - std': 7.788159571407024, 'R2 - mean': 0.5552062167524817, 'R2 - std': 0.02846750181706844}
{'MSE - mean': 70.29820990775639, 'MSE - std': 7.580496953511055, 'R2 - mean': 0.5634901684614455, 'R2 - std': 0.030377859559712388}
Trial 14 finished with value: 70.29820990775639 and parameters: {'max_depth': 3, 'n_estimators': 69}. Best is trial 6 with value: 70.22348139239622.
{'MSE - mean': 78.06805870761004, 'MSE - std': 0.0, 'R2 - mean': 0.5450714513098867, 'R2 - std': 0.0}
{'MSE - mean': 74.45735031166808, 'MSE - std': 3.6107083959419626, 'R2 - mean': 0.5465356258797461, 'R2 - std': 0.0014641745698594777}
{'MSE - mean': 70.54939794730508, 'MSE - std': 6.263837490810078, 'R2 - mean': 0.557144011862565, 'R2 - std': 0.015050080102830626}
{'MSE - mean': 73.06734822333098, 'MSE - std': 6.960385467851267, 'R2 - mean': 0.5470735993710081, 'R2 - std': 0.021774257888078106}
{'MSE - mean': 71.48260437133898, 'MSE - std': 6.98593050313026, 'R2 - mean': 0.5559489618490191, 'R2 - std': 0.026351145738384294}
Trial 15 finished with value: 71.48260437133898 and parameters: {'max_depth': 7, 'n_estimators': 30}. Best is trial 6 with value: 70.22348139239622.
{'MSE - mean': 87.00852905517615, 'MSE - std': 0.0, 'R2 - mean': 0.49297235640273007, 'R2 - std': 0.0}
{'MSE - mean': 79.89671519744661, 'MSE - std': 7.111813857729537, 'R2 - mean': 0.514303049684548, 'R2 - std': 0.02133069328181797}
{'MSE - mean': 75.50069006935773, 'MSE - std': 8.50697780755541, 'R2 - mean': 0.5267498178355535, 'R2 - std': 0.024762398754262446}
{'MSE - mean': 78.33805536419848, 'MSE - std': 8.855982667822936, 'R2 - mean': 0.5149459131223829, 'R2 - std': 0.029629019448534806}
{'MSE - mean': 77.93585396008868, 'MSE - std': 7.961771604868841, 'R2 - mean': 0.5162194046273281, 'R2 - std': 0.026623113214610968}
Trial 16 finished with value: 77.93585396008868 and parameters: {'max_depth': 2, 'n_estimators': 11}. Best is trial 6 with value: 70.22348139239622.
{'MSE - mean': 76.27668056539738, 'MSE - std': 0.0, 'R2 - mean': 0.5555104076754374, 'R2 - std': 0.0}
{'MSE - mean': 73.02550838043597, 'MSE - std': 3.251172184961419, 'R2 - mean': 0.5551757488978072, 'R2 - std': 0.00033465877763017016}
{'MSE - mean': 69.02547407618657, 'MSE - std': 6.248783555316074, 'R2 - mean': 0.566730847035681, 'R2 - std': 0.016343660859287856}
{'MSE - mean': 71.85653787937451, 'MSE - std': 7.302755556230445, 'R2 - mean': 0.5546704341023694, 'R2 - std': 0.025232857905487658}
{'MSE - mean': 70.42313362004772, 'MSE - std': 7.133216809677695, 'R2 - mean': 0.5625960246323392, 'R2 - std': 0.02757929722559674}
Trial 17 finished with value: 70.42313362004772 and parameters: {'max_depth': 4, 'n_estimators': 45}. Best is trial 6 with value: 70.22348139239622.
{'MSE - mean': 76.51208119319682, 'MSE - std': 0.0, 'R2 - mean': 0.5541386499074284, 'R2 - std': 0.0}
{'MSE - mean': 73.28130361447631, 'MSE - std': 3.230777578720499, 'R2 - mean': 0.5536088271051676, 'R2 - std': 0.0005298228022608265}
{'MSE - mean': 68.94601088113829, 'MSE - std': 6.674439452836138, 'R2 - mean': 0.5673664673417508, 'R2 - std': 0.019461050105951824}
{'MSE - mean': 71.75930162522403, 'MSE - std': 7.560087363215906, 'R2 - mean': 0.5553727072385697, 'R2 - std': 0.026750704619836713}
{'MSE - mean': 70.19536363221684, 'MSE - std': 7.45033857857822, 'R2 - mean': 0.5640984519228563, 'R2 - std': 0.02961477062730068}
Trial 18 finished with value: 70.19536363221684 and parameters: {'max_depth': 5, 'n_estimators': 72}. Best is trial 18 with value: 70.19536363221684.
{'MSE - mean': 87.2839381030814, 'MSE - std': 0.0, 'R2 - mean': 0.4913674562613173, 'R2 - std': 0.0}
{'MSE - mean': 79.71470196854384, 'MSE - std': 7.569236134537569, 'R2 - mean': 0.5155403926680043, 'R2 - std': 0.02417293640668705}
{'MSE - mean': 74.82392852837701, 'MSE - std': 9.275499274594786, 'R2 - mean': 0.5313077524570837, 'R2 - std': 0.02977873691832893}
{'MSE - mean': 76.86584604985401, 'MSE - std': 8.77692694445502, 'R2 - mean': 0.5241451389598868, 'R2 - std': 0.028617983431209283}
{'MSE - mean': 76.48709587466753, 'MSE - std': 7.8867841387637565, 'R2 - mean': 0.5252783085458337, 'R2 - std': 0.02569683781668935}
Trial 19 finished with value: 76.48709587466753 and parameters: {'max_depth': 12, 'n_estimators': 22}. Best is trial 18 with value: 70.19536363221684.
{'MSE - mean': 77.11608803860692, 'MSE - std': 0.0, 'R2 - mean': 0.5506189010865894, 'R2 - std': 0.0}
{'MSE - mean': 73.6810997831965, 'MSE - std': 3.434988255410417, 'R2 - mean': 0.5512250368743483, 'R2 - std': 0.0006061357877589213}
{'MSE - mean': 69.33184138547296, 'MSE - std': 6.760043892624461, 'R2 - mean': 0.5649754463133477, 'R2 - std': 0.019452312284380328}
{'MSE - mean': 72.02562718582767, 'MSE - std': 7.486193350911733, 'R2 - mean': 0.5537175568357284, 'R2 - std': 0.025768480094442194}
{'MSE - mean': 70.48718380375922, 'MSE - std': 7.368969050627692, 'R2 - mean': 0.5622803884024871, 'R2 - std': 0.02871410787165159}
Trial 20 finished with value: 70.48718380375922 and parameters: {'max_depth': 5, 'n_estimators': 62}. Best is trial 18 with value: 70.19536363221684.
{'MSE - mean': 76.82276418163184, 'MSE - std': 0.0, 'R2 - mean': 0.5523281967801026, 'R2 - std': 0.0}
{'MSE - mean': 73.61428645086494, 'MSE - std': 3.2084777307669086, 'R2 - mean': 0.5515702522283236, 'R2 - std': 0.0007579445517790218}
{'MSE - mean': 69.32805629742192, 'MSE - std': 6.603516039892653, 'R2 - mean': 0.5649316563753453, 'R2 - std': 0.01890601037207863}
{'MSE - mean': 72.04082553051464, 'MSE - std': 7.401497740517321, 'R2 - mean': 0.5535766233176751, 'R2 - std': 0.02559078444214262}
{'MSE - mean': 70.59083714554241, 'MSE - std': 7.227420031278373, 'R2 - mean': 0.5615938309371962, 'R2 - std': 0.027946611078078765}
Trial 21 finished with value: 70.59083714554241 and parameters: {'max_depth': 5, 'n_estimators': 79}. Best is trial 18 with value: 70.19536363221684.
{'MSE - mean': 78.07522646812859, 'MSE - std': 0.0, 'R2 - mean': 0.5450296823848737, 'R2 - std': 0.0}
{'MSE - mean': 74.36677775537714, 'MSE - std': 3.708448712751448, 'R2 - mean': 0.5471154576538719, 'R2 - std': 0.002085775268998169}
{'MSE - mean': 70.20323629500878, 'MSE - std': 6.6210686112201325, 'R2 - mean': 0.5594513271578334, 'R2 - std': 0.017528481351390495}
{'MSE - mean': 72.80176846924324, 'MSE - std': 7.289445832671944, 'R2 - mean': 0.548839793359001, 'R2 - std': 0.023837988433503005}
{'MSE - mean': 71.70284298469707, 'MSE - std': 6.880360842303751, 'R2 - mean': 0.5546482150710617, 'R2 - std': 0.024280667313424625}
Trial 22 finished with value: 71.70284298469707 and parameters: {'max_depth': 7, 'n_estimators': 100}. Best is trial 18 with value: 70.19536363221684.
{'MSE - mean': 76.3873615521915, 'MSE - std': 0.0, 'R2 - mean': 0.5548654327455698, 'R2 - std': 0.0}
{'MSE - mean': 73.1902275377648, 'MSE - std': 3.197134014426709, 'R2 - mean': 0.5541554276811689, 'R2 - std': 0.0007100050644008871}
{'MSE - mean': 68.93381309631127, 'MSE - std': 6.561141038896961, 'R2 - mean': 0.5674047617668027, 'R2 - std': 0.0187463537491017}
{'MSE - mean': 71.97044772032311, 'MSE - std': 7.742730675831751, 'R2 - mean': 0.5540812723954874, 'R2 - std': 0.028215517738427103}
{'MSE - mean': 70.57813895222573, 'MSE - std': 7.464180964958989, 'R2 - mean': 0.5617240864865319, 'R2 - std': 0.02950496198809736}
Trial 23 finished with value: 70.57813895222573 and parameters: {'max_depth': 3, 'n_estimators': 46}. Best is trial 18 with value: 70.19536363221684.
{'MSE - mean': 76.25382112119536, 'MSE - std': 0.0, 'R2 - mean': 0.5556436172613659, 'R2 - std': 0.0}
{'MSE - mean': 73.46729436580077, 'MSE - std': 2.78652675539459, 'R2 - mean': 0.5523508462787815, 'R2 - std': 0.003292770982584403}
{'MSE - mean': 69.02252876854035, 'MSE - std': 6.6849360506689, 'R2 - mean': 0.5668469049025054, 'R2 - std': 0.020676064867556024}
{'MSE - mean': 71.84099864834579, 'MSE - std': 7.572819480963541, 'R2 - mean': 0.5548373615245339, 'R2 - std': 0.027446532390225147}
{'MSE - mean': 70.38598682201913, 'MSE - std': 7.3719952232764205, 'R2 - mean': 0.5628845697844908, 'R2 - std': 0.02935438562318435}
Trial 24 finished with value: 70.38598682201913 and parameters: {'max_depth': 4, 'n_estimators': 72}. Best is trial 18 with value: 70.19536363221684.
{'MSE - mean': 76.66476340645723, 'MSE - std': 0.0, 'R2 - mean': 0.5532489198585554, 'R2 - std': 0.0}
{'MSE - mean': 73.27420639242396, 'MSE - std': 3.390557014033263, 'R2 - mean': 0.5536962969973179, 'R2 - std': 0.00044737713876252805}
{'MSE - mean': 69.05615083757017, 'MSE - std': 6.576313803183304, 'R2 - mean': 0.5666527161044673, 'R2 - std': 0.018326784306848292}
{'MSE - mean': 71.91841341250058, 'MSE - std': 7.550732982432645, 'R2 - mean': 0.5543789123600003, 'R2 - std': 0.026530021529304993}
{'MSE - mean': 70.53727275405836, 'MSE - std': 7.296646690857776, 'R2 - mean': 0.561957424275326, 'R2 - std': 0.028156864265738924}
Trial 25 finished with value: 70.53727275405836 and parameters: {'max_depth': 5, 'n_estimators': 35}. Best is trial 18 with value: 70.19536363221684.
{'MSE - mean': 76.85547734524962, 'MSE - std': 0.0, 'R2 - mean': 0.5521375662931394, 'R2 - std': 0.0}
{'MSE - mean': 74.05478856655853, 'MSE - std': 2.8006887786910895, 'R2 - mean': 0.5487688967157442, 'R2 - std': 0.0033686695773951225}
{'MSE - mean': 69.70261622576476, 'MSE - std': 6.565976438530036, 'R2 - mean': 0.5625204023490329, 'R2 - std': 0.01964110750897676}
{'MSE - mean': 72.35092452367947, 'MSE - std': 7.3057953342473505, 'R2 - mean': 0.5515933218932287, 'R2 - std': 0.025446671491518143}
{'MSE - mean': 70.83499618177277, 'MSE - std': 7.203601274634249, 'R2 - mean': 0.5600317751498123, 'R2 - std': 0.02833472155239891}
Trial 26 finished with value: 70.83499618177277 and parameters: {'max_depth': 6, 'n_estimators': 54}. Best is trial 18 with value: 70.19536363221684.
{'MSE - mean': 78.00052992487785, 'MSE - std': 0.0, 'R2 - mean': 0.5454649639914075, 'R2 - std': 0.0}
{'MSE - mean': 74.26949644961178, 'MSE - std': 3.7310334752660808, 'R2 - mean': 0.5477154700510269, 'R2 - std': 0.002250506059619406}
{'MSE - mean': 70.10342765782293, 'MSE - std': 6.632696702815373, 'R2 - mean': 0.5600862682968946, 'R2 - std': 0.017591185770990878}
{'MSE - mean': 72.6805739892186, 'MSE - std': 7.274582380036106, 'R2 - mean': 0.5495936883716012, 'R2 - std': 0.023714342982426143}
{'MSE - mean': 71.36920345666172, 'MSE - std': 7.015298264349104, 'R2 - mean': 0.556735699229019, 'R2 - std': 0.025572041897752557}
Trial 27 finished with value: 71.36920345666172 and parameters: {'max_depth': 7, 'n_estimators': 78}. Best is trial 18 with value: 70.19536363221684.
{'MSE - mean': 76.43344149645229, 'MSE - std': 0.0, 'R2 - mean': 0.5545969095811243, 'R2 - std': 0.0}
{'MSE - mean': 73.99657112877549, 'MSE - std': 2.4368703676768106, 'R2 - mean': 0.5490237042225795, 'R2 - std': 0.005573205358544775}
{'MSE - mean': 69.46384941941328, 'MSE - std': 6.711931439480577, 'R2 - mean': 0.564034196405723, 'R2 - std': 0.02171029317641973}
{'MSE - mean': 72.16763621057795, 'MSE - std': 7.464509814612454, 'R2 - mean': 0.5527539158759724, 'R2 - std': 0.027115250484629157}
{'MSE - mean': 70.44958954628716, 'MSE - std': 7.508785706136475, 'R2 - mean': 0.5624577387613106, 'R2 - std': 0.031061972916017273}
Trial 28 finished with value: 70.44958954628716 and parameters: {'max_depth': 4, 'n_estimators': 40}. Best is trial 18 with value: 70.19536363221684.
{'MSE - mean': 85.53535456020978, 'MSE - std': 0.0, 'R2 - mean': 0.501557034260193, 'R2 - std': 0.0}
{'MSE - mean': 79.36273387105454, 'MSE - std': 6.172620689155238, 'R2 - mean': 0.5173027667714114, 'R2 - std': 0.015745732511218413}
{'MSE - mean': 75.77412556943055, 'MSE - std': 7.152415666502295, 'R2 - mean': 0.5245192025719341, 'R2 - std': 0.016414605880211965}
{'MSE - mean': 78.60108315403244, 'MSE - std': 7.895749169979697, 'R2 - mean': 0.5129256684637229, 'R2 - std': 0.02460303973103301}
{'MSE - mean': 77.63302685337646, 'MSE - std': 7.322760133252149, 'R2 - mean': 0.5178220625208887, 'R2 - std': 0.024086227397781233}
Trial 29 finished with value: 77.63302685337646 and parameters: {'max_depth': 2, 'n_estimators': 63}. Best is trial 18 with value: 70.19536363221684.
{'MSE - mean': 80.99670092388662, 'MSE - std': 0.0, 'R2 - mean': 0.5280052788554993, 'R2 - std': 0.0}
{'MSE - mean': 75.50817371300585, 'MSE - std': 5.488527210880768, 'R2 - mean': 0.5406406469916383, 'R2 - std': 0.012635368136138914}
{'MSE - mean': 71.55952021795464, 'MSE - std': 7.1600523376354746, 'R2 - mean': 0.5511333469852819, 'R2 - std': 0.018072867092330882}
{'MSE - mean': 74.1158398198383, 'MSE - std': 7.619322268363712, 'R2 - mean': 0.5408223286067811, 'R2 - std': 0.02374705652724428}
{'MSE - mean': 72.56826545275564, 'MSE - std': 7.484864938657996, 'R2 - mean': 0.5493997088043174, 'R2 - std': 0.027302453354577223}
Trial 30 finished with value: 72.56826545275564 and parameters: {'max_depth': 8, 'n_estimators': 9}. Best is trial 18 with value: 70.19536363221684.
{'MSE - mean': 76.48485597317807, 'MSE - std': 0.0, 'R2 - mean': 0.5542973003213869, 'R2 - std': 0.0}
{'MSE - mean': 73.32047509049704, 'MSE - std': 3.16438088268103, 'R2 - mean': 0.5533513908683643, 'R2 - std': 0.000945909453022642}
{'MSE - mean': 68.9072685370259, 'MSE - std': 6.754873925370685, 'R2 - mean': 0.567630752464528, 'R2 - std': 0.02020883053643135}
{'MSE - mean': 71.93591939258374, 'MSE - std': 7.857443561703356, 'R2 - mean': 0.5543383779578721, 'R2 - std': 0.02891987696746358}
{'MSE - mean': 70.46145184890086, 'MSE - std': 7.621532235041698, 'R2 - mean': 0.5624883403826128, 'R2 - std': 0.03057408996436887}
Trial 31 finished with value: 70.46145184890086 and parameters: {'max_depth': 3, 'n_estimators': 70}. Best is trial 18 with value: 70.19536363221684.
{'MSE - mean': 76.36699622947134, 'MSE - std': 0.0, 'R2 - mean': 0.5549841082559137, 'R2 - std': 0.0}
{'MSE - mean': 73.09943014553428, 'MSE - std': 3.267566083937055, 'R2 - mean': 0.5547290858537218, 'R2 - std': 0.00025502240219188455}
{'MSE - mean': 68.8104903146878, 'MSE - std': 6.62631132837168, 'R2 - mean': 0.5682092275300713, 'R2 - std': 0.019064936318959683}
{'MSE - mean': 71.8192565589256, 'MSE - std': 7.7517110564555205, 'R2 - mean': 0.555036386922066, 'R2 - std': 0.028163363376667774}
{'MSE - mean': 70.30928422463877, 'MSE - std': 7.562491999563787, 'R2 - mean': 0.5634157472319876, 'R2 - std': 0.0302554911737182}
Trial 32 finished with value: 70.30928422463877 and parameters: {'max_depth': 3, 'n_estimators': 83}. Best is trial 18 with value: 70.19536363221684.
{'MSE - mean': 76.09945814657864, 'MSE - std': 0.0, 'R2 - mean': 0.5565431416657947, 'R2 - std': 0.0}
{'MSE - mean': 73.0566534309634, 'MSE - std': 3.0428047156152473, 'R2 - mean': 0.5549280732803066, 'R2 - std': 0.0016150683854880832}
{'MSE - mean': 68.74740427765907, 'MSE - std': 6.581162274914283, 'R2 - mean': 0.5685742229524342, 'R2 - std': 0.019343571688670975}
{'MSE - mean': 71.59515735968836, 'MSE - std': 7.537430962548718, 'R2 - mean': 0.5563695487497102, 'R2 - std': 0.026972069654365962}
{'MSE - mean': 70.10402213954794, 'MSE - std': 7.371853863928897, 'R2 - mean': 0.5646452278845018, 'R2 - std': 0.02925647780783045}
Trial 33 finished with value: 70.10402213954794 and parameters: {'max_depth': 4, 'n_estimators': 52}. Best is trial 33 with value: 70.10402213954794.
{'MSE - mean': 76.07512645545762, 'MSE - std': 0.0, 'R2 - mean': 0.556684930524287, 'R2 - std': 0.0}
{'MSE - mean': 73.2127428805106, 'MSE - std': 2.8623835749470246, 'R2 - mean': 0.553925502194355, 'R2 - std': 0.002759428329931979}
{'MSE - mean': 69.08718600191483, 'MSE - std': 6.285109301924833, 'R2 - mean': 0.5663215262167327, 'R2 - std': 0.017674815970718127}
{'MSE - mean': 71.92975953912517, 'MSE - std': 7.339456529348897, 'R2 - mean': 0.5542020141820488, 'R2 - std': 0.02597974317762993}
{'MSE - mean': 70.28579081278711, 'MSE - std': 7.341977282018241, 'R2 - mean': 0.5634500057906117, 'R2 - std': 0.029699478777053905}
Trial 34 finished with value: 70.28579081278711 and parameters: {'max_depth': 4, 'n_estimators': 49}. Best is trial 33 with value: 70.10402213954794.
{'MSE - mean': 76.28069091318049, 'MSE - std': 0.0, 'R2 - mean': 0.5554870380447983, 'R2 - std': 0.0}
{'MSE - mean': 73.07507406980577, 'MSE - std': 3.2056168433747203, 'R2 - mean': 0.5548606289173819, 'R2 - std': 0.0006264091274164052}
{'MSE - mean': 68.81491625497013, 'MSE - std': 6.568754989516323, 'R2 - mean': 0.5681580422644107, 'R2 - std': 0.018812336263918757}
{'MSE - mean': 71.82137492801465, 'MSE - std': 7.712184375544688, 'R2 - mean': 0.5550051957064105, 'R2 - std': 0.02800750104016698}
{'MSE - mean': 70.58944570553788, 'MSE - std': 7.324809124522314, 'R2 - mean': 0.5616443841742889, 'R2 - std': 0.028352273024574194}
Trial 35 finished with value: 70.58944570553788 and parameters: {'max_depth': 6, 'n_estimators': 29}. Best is trial 33 with value: 70.10402213954794.
{'MSE - mean': 76.27380548394771, 'MSE - std': 0.0, 'R2 - mean': 0.555527161731487, 'R2 - std': 0.0}
{'MSE - mean': 73.56904632132658, 'MSE - std': 2.70475916262113, 'R2 - mean': 0.5517071929367812, 'R2 - std': 0.0038199687947057526}
{'MSE - mean': 69.36531230263228, 'MSE - std': 6.341916704360301, 'R2 - mean': 0.5645698386683251, 'R2 - std': 0.01845598597091905}
{'MSE - mean': 72.10895258276828, 'MSE - std': 7.262755439510374, 'R2 - mean': 0.5530644436073228, 'R2 - std': 0.0255458393901685}
{'MSE - mean': 70.79078049568511, 'MSE - std': 7.010592261996896, 'R2 - mean': 0.5602719465497848, 'R2 - std': 0.0270160012359532}
Trial 36 finished with value: 70.79078049568511 and parameters: {'max_depth': 5, 'n_estimators': 36}. Best is trial 33 with value: 70.10402213954794.
{'MSE - mean': 76.29920073603462, 'MSE - std': 0.0, 'R2 - mean': 0.5553791751494356, 'R2 - std': 0.0}
{'MSE - mean': 73.66464204952183, 'MSE - std': 2.63455868651279, 'R2 - mean': 0.5511043113639436, 'R2 - std': 0.004274863785492078}
{'MSE - mean': 69.22727776201249, 'MSE - std': 6.63382770014768, 'R2 - mean': 0.5655240041866701, 'R2 - std': 0.020689080593232243}
{'MSE - mean': 71.97802207600554, 'MSE - std': 7.463614091667018, 'R2 - mean': 0.5539442949530695, 'R2 - std': 0.026894191559687235}
{'MSE - mean': 70.32096654319426, 'MSE - std': 7.453036991907826, 'R2 - mean': 0.5632653686837625, 'R2 - std': 0.0304330033629838}
Trial 37 finished with value: 70.32096654319426 and parameters: {'max_depth': 4, 'n_estimators': 98}. Best is trial 33 with value: 70.10402213954794.
{'MSE - mean': 77.71238270539396, 'MSE - std': 0.0, 'R2 - mean': 0.5471440936961676, 'R2 - std': 0.0}
{'MSE - mean': 74.40887760936496, 'MSE - std': 3.3035050960289922, 'R2 - mean': 0.5467465989788403, 'R2 - std': 0.0003974947173273069}
{'MSE - mean': 70.00696676998585, 'MSE - std': 6.784472616842069, 'R2 - mean': 0.5607132107566265, 'R2 - std': 0.019754438078644423}
{'MSE - mean': 72.5560730218199, 'MSE - std': 7.349532608671673, 'R2 - mean': 0.5503764456310288, 'R2 - std': 0.024763370280266022}
{'MSE - mean': 71.08823876496251, 'MSE - std': 7.199350892626289, 'R2 - mean': 0.5584993325196413, 'R2 - std': 0.02746825024880222}
Trial 38 finished with value: 71.08823876496251 and parameters: {'max_depth': 6, 'n_estimators': 63}. Best is trial 33 with value: 70.10402213954794.
{'MSE - mean': 82.16723102703821, 'MSE - std': 0.0, 'R2 - mean': 0.521184210548687, 'R2 - std': 0.0}
{'MSE - mean': 76.7718198144185, 'MSE - std': 5.395411212619706, 'R2 - mean': 0.5329020549147216, 'R2 - std': 0.011717844366034624}
{'MSE - mean': 72.47910410709196, 'MSE - std': 7.500786029257052, 'R2 - mean': 0.5454557301357625, 'R2 - std': 0.02016750127065386}
{'MSE - mean': 74.74291791449681, 'MSE - std': 7.5875491534693875, 'R2 - mean': 0.5369393170578546, 'R2 - std': 0.022861188852880233}
{'MSE - mean': 73.11102491735718, 'MSE - std': 7.5305392065578305, 'R2 - mean': 0.5460355589672112, 'R2 - std': 0.02736920956307995}
Trial 39 finished with value: 73.11102491735718 and parameters: {'max_depth': 9, 'n_estimators': 21}. Best is trial 33 with value: 70.10402213954794.
{'MSE - mean': 76.7648828875366, 'MSE - std': 0.0, 'R2 - mean': 0.5526654903359431, 'R2 - std': 0.0}
{'MSE - mean': 73.44639080549211, 'MSE - std': 3.3184920820444788, 'R2 - mean': 0.5526254291969933, 'R2 - std': 4.0061138949831765e-05}
{'MSE - mean': 69.2183169124091, 'MSE - std': 6.564663801226618, 'R2 - mean': 0.5656203814140203, 'R2 - std': 0.01837766677724695}
{'MSE - mean': 72.04823630847079, 'MSE - std': 7.506426545432261, 'R2 - mean': 0.5535555312548707, 'R2 - std': 0.026267580878715113}
{'MSE - mean': 70.51413591333191, 'MSE - std': 7.38180246789611, 'R2 - mean': 0.5620951720932233, 'R2 - std': 0.029046351006075083}
