Trial 96 finished with value: 70.62265466533748 and parameters: {'max_depth': 5, 'n_estimators': 39}. Best is trial 62 with value: 70.04807717477266.
{'MSE - mean': 76.56718408874154, 'MSE - std': 0.0, 'R2 - mean': 0.553817547004221, 'R2 - std': 0.0}
{'MSE - mean': 73.51637560113772, 'MSE - std': 3.050808487603817, 'R2 - mean': 0.552124298645589, 'R2 - std': 0.001693248358632049}
{'MSE - mean': 69.58609373762822, 'MSE - std': 6.090910113052661, 'R2 - mean': 0.5631280069571164, 'R2 - std': 0.015622886626560412}
{'MSE - mean': 72.17449462342388, 'MSE - std': 6.922705175054674, 'R2 - mean': 0.5525826024484699, 'R2 - std': 0.02273043353442054}
{'MSE - mean': 70.53655890999777, 'MSE - std': 7.005027562961465, 'R2 - mean': 0.5618096680336588, 'R2 - std': 0.027457112815874787}
Trial 97 finished with value: 70.53655890999777 and parameters: {'max_depth': 5, 'n_estimators': 43}. Best is trial 62 with value: 70.04807717477266.
{'MSE - mean': 77.27529976732201, 'MSE - std': 0.0, 'R2 - mean': 0.549691121379013, 'R2 - std': 0.0}
{'MSE - mean': 73.71300813645081, 'MSE - std': 3.562291630871208, 'R2 - mean': 0.5510654562150927, 'R2 - std': 0.0013743348360797936}
{'MSE - mean': 69.67777033783418, 'MSE - std': 6.405172593954999, 'R2 - mean': 0.5626870030741942, 'R2 - std': 0.016473612241734412}
{'MSE - mean': 72.34002231649353, 'MSE - std': 7.213351077161782, 'R2 - mean': 0.551671935727617, 'R2 - std': 0.023822889227949756}
{'MSE - mean': 70.81969229260767, 'MSE - std': 7.132430198468673, 'R2 - mean': 0.5601359461376203, 'R2 - std': 0.02721363499821933}
Trial 98 finished with value: 70.81969229260767 and parameters: {'max_depth': 6, 'n_estimators': 68}. Best is trial 62 with value: 70.04807717477266.
{'MSE - mean': 76.28909885406863, 'MSE - std': 0.0, 'R2 - mean': 0.5554380421762056, 'R2 - std': 0.0}
{'MSE - mean': 73.10013571014846, 'MSE - std': 3.1889631439201622, 'R2 - mean': 0.5547030594541971, 'R2 - std': 0.0007349827220085037}
{'MSE - mean': 68.9834346074413, 'MSE - std': 6.377625986753605, 'R2 - mean': 0.56703265903772, 'R2 - std': 0.01744701077112594}
{'MSE - mean': 71.82792729283744, 'MSE - std': 7.4012837286515785, 'R2 - mean': 0.5548793003595603, 'R2 - std': 0.02591160010720749}
{'MSE - mean': 70.31636312939006, 'MSE - std': 7.277534304039764, 'R2 - mean': 0.5632891854341358, 'R2 - std': 0.02863622677593775}
Trial 99 finished with value: 70.31636312939006 and parameters: {'max_depth': 4, 'n_estimators': 36}. Best is trial 62 with value: 70.04807717477266.
Best parameters: {'max_depth': 4, 'n_estimators': 48}
{'MSE - mean': 76.12053083072075, 'MSE - std': 0.0, 'R2 - mean': 0.5564203441251299, 'R2 - std': 0.0}
{'MSE - mean': 73.12571478516105, 'MSE - std': 2.994816045559695, 'R2 - mean': 0.5544932860691871, 'R2 - std': 0.0019270580559427875}
{'MSE - mean': 68.90264709247329, 'MSE - std': 6.453517147406847, 'R2 - mean': 0.5675504058652864, 'R2 - std': 0.01853247033110695}
{'MSE - mean': 71.69616341396745, 'MSE - std': 7.392368564558215, 'R2 - mean': 0.5556941294696794, 'R2 - std': 0.026063445902971116}
{'MSE - mean': 70.19327528585454, 'MSE - std': 7.263083456625406, 'R2 - mean': 0.5640519087578615, 'R2 - std': 0.02868540514598916}
Results: {'MSE - mean': 70.19327528585454, 'MSE - std': 7.263083456625406, 'R2 - mean': 0.5640519087578615, 'R2 - std': 0.02868540514598916}
Train time: 1.8217909466000037
Inference time: 0.051798243400025965


----------------------------------------------------------------------------
Training RandomForest Vesion 1 with Dataset: config/allstate.yml 



----------------------------------------------------------------------------
Namespace(batch_size=128, cat_dims=None, cat_idx=None, config='config/allstate.yml', data_parallel=False, dataset='Allstate Claims', direction='minimize', dropna_idx=[0], early_stopping_rounds=20, epochs=1000, gpu_ids=[0, 1], logging_period=100, miss_cat_idx=None, miss_num_idx=None, model_name='RandomForest', n_trials=100, nominal_idx=[1, 2, 3, 4, 5, 6, 7, 8, 9, 10, 11, 12, 13, 14, 15, 16, 17, 18, 19, 20, 21, 22, 23, 24, 25, 26, 27, 28, 29, 30, 31, 32, 33, 34, 35, 36, 37, 38, 39, 40, 41, 42, 43, 44, 45, 46, 47, 48, 49, 50, 51, 52, 53, 54, 55, 56, 57, 58, 59, 60, 61, 62, 63, 64, 65, 66, 67, 68, 69, 70, 71, 72, 73, 74, 75, 76, 77, 78, 79, 80, 81, 82, 83, 84, 85, 86, 87, 88, 89, 90, 91, 92, 93, 94, 95, 96, 97, 98, 99, 100, 101, 102, 103, 104, 105, 106, 107, 108, 109, 110, 111, 112, 113, 114, 115, 116], num_classes=1, num_features=131, num_splits=5, objective='regression', one_hot_encode=True, optimize_hyperparameters=True, ordinal_encode=False, ordinal_idx=None, scale=True, seed=221, shuffle=True, target_encode=False, use_gpu=True, val_batch_size=256)
Start hyperparameter optimization
Loading dataset Allstate Claims...
Dataset loaded!
(188318, 130)
Scaling the data...
args.num_features: 1153
New Shape: (188318, 1153)
A new study created in RDB with name: RandomForest_Allstate Claims
{'MSE - mean': 5998879.266036224, 'MSE - std': 0.0, 'R2 - mean': 0.2971377350674127, 'R2 - std': 0.0}
{'MSE - mean': 5828368.042127041, 'MSE - std': 170511.223909182, 'R2 - mean': 0.2953019164773756, 'R2 - std': 0.0018358185900371193}
{'MSE - mean': 6045714.553946906, 'MSE - std': 337434.0390652121, 'R2 - mean': 0.28855124405236404, 'R2 - std': 0.009663848938697895}
{'MSE - mean': 6057108.007809867, 'MSE - std': 292892.01152076444, 'R2 - mean': 0.28906196690355196, 'R2 - std': 0.008415758772960155}
{'MSE - mean': 5971123.373641575, 'MSE - std': 313372.0051031434, 'R2 - mean': 0.29228240565565883, 'R2 - std': 0.009906810768557737}
Trial 0 finished with value: 5971123.373641575 and parameters: {'max_depth': 2, 'n_estimators': 44}. Best is trial 0 with value: 5971123.373641575.
{'MSE - mean': 3985643.9141908237, 'MSE - std': 0.0, 'R2 - mean': 0.5330196550873492, 'R2 - std': 0.0}
{'MSE - mean': 4011468.9313548394, 'MSE - std': 25825.017164015444, 'R2 - mean': 0.5144280641595183, 'R2 - std': 0.01859159092783097}
{'MSE - mean': 4153600.0742880977, 'MSE - std': 202106.76532642313, 'R2 - mean': 0.5108004778803221, 'R2 - std': 0.016023428677342903}
{'MSE - mean': 4240546.53953727, 'MSE - std': 230899.15959355232, 'R2 - mean': 0.5020398426618679, 'R2 - std': 0.02056231719009034}
{'MSE - mean': 4188841.364771058, 'MSE - std': 230965.88040493123, 'R2 - mean': 0.5032931576426356, 'R2 - std': 0.01856152753263522}
Trial 1 finished with value: 4188841.364771058 and parameters: {'max_depth': 11, 'n_estimators': 17}. Best is trial 1 with value: 4188841.364771058.
{'MSE - mean': 4910999.233750071, 'MSE - std': 0.0, 'R2 - mean': 0.4245998474984256, 'R2 - std': 0.0}
{'MSE - mean': 4850399.3242494445, 'MSE - std': 60599.90950062638, 'R2 - mean': 0.4132329996850772, 'R2 - std': 0.011366847813348402}
{'MSE - mean': 4982239.234334418, 'MSE - std': 192903.49004122088, 'R2 - mean': 0.4132052117095924, 'R2 - std': 0.009281075574399337}
{'MSE - mean': 5077333.71916787, 'MSE - std': 234601.15193617772, 'R2 - mean': 0.4037681357899639, 'R2 - std': 0.01821480108597899}
{'MSE - mean': 5020404.459482969, 'MSE - std': 238734.00014432112, 'R2 - mean': 0.4046558236714475, 'R2 - std': 0.01638826232341784}
Trial 2 finished with value: 5020404.459482969 and parameters: {'max_depth': 5, 'n_estimators': 12}. Best is trial 1 with value: 4188841.364771058.
{'MSE - mean': 5946199.582548631, 'MSE - std': 0.0, 'R2 - mean': 0.30330998158380007, 'R2 - std': 0.0}
{'MSE - mean': 5807563.346582217, 'MSE - std': 138636.2359664142, 'R2 - mean': 0.2976968295179244, 'R2 - std': 0.005613152065875648}
{'MSE - mean': 6031932.448486072, 'MSE - std': 336892.15642433957, 'R2 - mean': 0.29013804286743144, 'R2 - std': 0.011630799427888507}
{'MSE - mean': 6047857.6369888345, 'MSE - std': 293058.1489768315, 'R2 - mean': 0.2901255636276101, 'R2 - std': 0.010072590962265284}
{'MSE - mean': 5963512.312394102, 'MSE - std': 311709.797839825, 'R2 - mean': 0.2931593079115509, 'R2 - std': 0.010861863950347606}
Trial 3 finished with value: 5963512.312394102 and parameters: {'max_depth': 2, 'n_estimators': 13}. Best is trial 1 with value: 4188841.364771058.
{'MSE - mean': 5136669.899973423, 'MSE - std': 0.0, 'R2 - mean': 0.39815900937577453, 'R2 - std': 0.0}
{'MSE - mean': 5086619.838113895, 'MSE - std': 50050.061859529, 'R2 - mean': 0.3846046592109238, 'R2 - std': 0.013554350164850737}
{'MSE - mean': 5269169.526969059, 'MSE - std': 261378.62115520527, 'R2 - mean': 0.3796383470589262, 'R2 - std': 0.013107585019487167}
{'MSE - mean': 5342956.88429359, 'MSE - std': 259947.70628063122, 'R2 - mean': 0.37272032052003606, 'R2 - std': 0.016505570646320515}
{'MSE - mean': 5276375.655056333, 'MSE - std': 267937.4709655695, 'R2 - mean': 0.3744496360690864, 'R2 - std': 0.015162757630500139}
Trial 4 finished with value: 5276375.655056333 and parameters: {'max_depth': 4, 'n_estimators': 46}. Best is trial 1 with value: 4188841.364771058.
{'MSE - mean': 5436702.784001728, 'MSE - std': 0.0, 'R2 - mean': 0.3630054776792231, 'R2 - std': 0.0}
{'MSE - mean': 5376884.501615996, 'MSE - std': 59818.28238573158, 'R2 - mean': 0.34951417281864644, 'R2 - std': 0.013491304860576647}
{'MSE - mean': 5603622.107752611, 'MSE - std': 324353.77087091084, 'R2 - mean': 0.34047770265778676, 'R2 - std': 0.016871844114684897}
{'MSE - mean': 5623242.317945226, 'MSE - std': 282946.7873163462, 'R2 - mean': 0.33992048657164975, 'R2 - std': 0.014643285566177427}
{'MSE - mean': 5553043.274866162, 'MSE - std': 289411.0055940836, 'R2 - mean': 0.34173465084560634, 'R2 - std': 0.013590637137003465}
Trial 5 finished with value: 5553043.274866162 and parameters: {'max_depth': 3, 'n_estimators': 7}. Best is trial 1 with value: 4188841.364771058.
{'MSE - mean': 3922949.927846027, 'MSE - std': 0.0, 'R2 - mean': 0.5403652333671856, 'R2 - std': 0.0}
{'MSE - mean': 3936059.2837701384, 'MSE - std': 13109.355924111325, 'R2 - mean': 0.523603247608731, 'R2 - std': 0.016761985758454556}
{'MSE - mean': 4086424.714207498, 'MSE - std': 212918.04874893703, 'R2 - mean': 0.5188080887075508, 'R2 - std': 0.015274047994977988}
{'MSE - mean': 4171543.8403925393, 'MSE - std': 236085.511075555, 'R2 - mean': 0.5102142173838339, 'R2 - std': 0.0199132187152273}
{'MSE - mean': 4113011.5082842894, 'MSE - std': 241439.91061953024, 'R2 - mean': 0.5123797326794405, 'R2 - std': 0.018329944071447897}
Trial 6 finished with value: 4113011.5082842894 and parameters: {'max_depth': 12, 'n_estimators': 77}. Best is trial 6 with value: 4113011.5082842894.
{'MSE - mean': 3953456.374006672, 'MSE - std': 0.0, 'R2 - mean': 0.5367909274189209, 'R2 - std': 0.0}
{'MSE - mean': 3966046.74847064, 'MSE - std': 12590.374463967979, 'R2 - mean': 0.5199761326912253, 'R2 - std': 0.016814794727695537}
{'MSE - mean': 4082977.7824320546, 'MSE - std': 165684.67569251274, 'R2 - mean': 0.5190120381088246, 'R2 - std': 0.013796757030210183}
{'MSE - mean': 4160633.877718129, 'MSE - std': 196672.23043617434, 'R2 - mean': 0.5113367011406905, 'R2 - std': 0.017874430652085292}
{'MSE - mean': 4105487.453796573, 'MSE - std': 207625.829956525, 'R2 - mean': 0.5131290620938475, 'R2 - std': 0.016384335447450157}
Trial 7 finished with value: 4105487.453796573 and parameters: {'max_depth': 12, 'n_estimators': 56}. Best is trial 7 with value: 4105487.453796573.
{'MSE - mean': 6014376.020471704, 'MSE - std': 0.0, 'R2 - mean': 0.2953220485968925, 'R2 - std': 0.0}
{'MSE - mean': 5835078.831438601, 'MSE - std': 179297.18903310318, 'R2 - mean': 0.29452364368825656, 'R2 - std': 0.0007984049086359191}
{'MSE - mean': 6050135.035875847, 'MSE - std': 337535.178607145, 'R2 - mean': 0.2880383667718905, 'R2 - std': 0.009194705014082302}
{'MSE - mean': 6060039.782221446, 'MSE - std': 292817.02409274277, 'R2 - mean': 0.28872198239744484, 'R2 - std': 0.008050400064127175}
{'MSE - mean': 5973143.460257048, 'MSE - std': 314320.4268936169, 'R2 - mean': 0.2920505896418557, 'R2 - std': 0.009806409011670734}
Trial 8 finished with value: 5973143.460257048 and parameters: {'max_depth': 2, 'n_estimators': 63}. Best is trial 7 with value: 4105487.453796573.
{'MSE - mean': 4379039.565049987, 'MSE - std': 0.0, 'R2 - mean': 0.48692721916469706, 'R2 - std': 0.0}
{'MSE - mean': 4420567.7867871355, 'MSE - std': 41528.221737147775, 'R2 - mean': 0.46485792850954416, 'R2 - std': 0.022069290655152896}
{'MSE - mean': 4565639.044089013, 'MSE - std': 207944.86815194157, 'R2 - mean': 0.46216979536216174, 'R2 - std': 0.018416148158175168}
{'MSE - mean': 4662808.205915146, 'MSE - std': 246488.01020136042, 'R2 - mean': 0.45237951284787536, 'R2 - std': 0.02327906312261119}
{'MSE - mean': 4613289.814473553, 'MSE - std': 241688.55103680913, 'R2 - mean': 0.4528668333853346, 'R2 - std': 0.020844225798002942}
Trial 9 finished with value: 4613289.814473553 and parameters: {'max_depth': 7, 'n_estimators': 6}. Best is trial 7 with value: 4105487.453796573.
{'MSE - mean': 4258948.420209122, 'MSE - std': 0.0, 'R2 - mean': 0.500997769732215, 'R2 - std': 0.0}
{'MSE - mean': 4261566.8062363975, 'MSE - std': 2618.3860272760503, 'R2 - mean': 0.48425041835135507, 'R2 - std': 0.01674735138085992}
{'MSE - mean': 4406287.727839254, 'MSE - std': 204677.45584069213, 'R2 - mean': 0.48106635273750503, 'R2 - std': 0.014396494938558182}
{'MSE - mean': 4505143.362682039, 'MSE - std': 246448.68698691373, 'R2 - mean': 0.47099512812729405, 'R2 - std': 0.02144138510765826}
{'MSE - mean': 4445363.233779723, 'MSE - std': 250767.26161995178, 'R2 - mean': 0.47292006948689363, 'R2 - std': 0.019560367921373962}
Trial 10 finished with value: 4445363.233779723 and parameters: {'max_depth': 8, 'n_estimators': 30}. Best is trial 7 with value: 4105487.453796573.
{'MSE - mean': 3966303.5513129043, 'MSE - std': 0.0, 'R2 - mean': 0.5352856802320717, 'R2 - std': 0.0}
{'MSE - mean': 3987515.0596901947, 'MSE - std': 21211.50837729033, 'R2 - mean': 0.5173447753506261, 'R2 - std': 0.01794090488144562}
{'MSE - mean': 4121596.8459323123, 'MSE - std': 190409.56609944897, 'R2 - mean': 0.5145386410154056, 'R2 - std': 0.015176719840751484}
{'MSE - mean': 4206845.603904438, 'MSE - std': 221345.66712272825, 'R2 - mean': 0.5059729769573453, 'R2 - std': 0.01982073210328346}
{'MSE - mean': 4152389.608292345, 'MSE - std': 225957.83968612747, 'R2 - mean': 0.5076115996576287, 'R2 - std': 0.018028573828887326}
Trial 11 finished with value: 4152389.608292345 and parameters: {'max_depth': 11, 'n_estimators': 99}. Best is trial 7 with value: 4105487.453796573.
{'MSE - mean': 3938764.7841475024, 'MSE - std': 0.0, 'R2 - mean': 0.5385122763019264, 'R2 - std': 0.0}
{'MSE - mean': 3947285.026221273, 'MSE - std': 8520.242073770612, 'R2 - mean': 0.5222623892806377, 'R2 - std': 0.016249887021288656}
{'MSE - mean': 4076413.6783584966, 'MSE - std': 182747.95198729148, 'R2 - mean': 0.519871298256192, 'R2 - std': 0.013692109091643485}
{'MSE - mean': 4159407.433828293, 'MSE - std': 213802.48082658698, 'R2 - mean': 0.5115506274845902, 'R2 - std': 0.018662959968913432}
{'MSE - mean': 4102815.118232815, 'MSE - std': 222216.02413848345, 'R2 - mean': 0.5135090274430583, 'R2 - std': 0.0171460252370724}
Trial 12 finished with value: 4102815.118232815 and parameters: {'max_depth': 12, 'n_estimators': 77}. Best is trial 12 with value: 4102815.118232815.
{'MSE - mean': 4254154.7440803, 'MSE - std': 0.0, 'R2 - mean': 0.5015594236531954, 'R2 - std': 0.0}
{'MSE - mean': 4268840.704289375, 'MSE - std': 14685.96020907443, 'R2 - mean': 0.4833235967012761, 'R2 - std': 0.018235826951919276}
{'MSE - mean': 4414738.676756752, 'MSE - std': 206679.0306046833, 'R2 - mean': 0.4800455585767356, 'R2 - std': 0.01559448591560854}
{'MSE - mean': 4522053.65858577, 'MSE - std': 258043.95409243018, 'R2 - mean': 0.468998282549701, 'R2 - std': 0.023420459348218643}
{'MSE - mean': 4460041.359134557, 'MSE - std': 262014.21130891496, 'R2 - mean': 0.47118060660429056, 'R2 - std': 0.021397768247698404}
Trial 13 finished with value: 4460041.359134557 and parameters: {'max_depth': 8, 'n_estimators': 30}. Best is trial 12 with value: 4102815.118232815.
{'MSE - mean': 4606973.572412546, 'MSE - std': 0.0, 'R2 - mean': 0.46022119532837047, 'R2 - std': 0.0}
{'MSE - mean': 4600318.525757933, 'MSE - std': 6655.046654612757, 'R2 - mean': 0.4432900676330274, 'R2 - std': 0.01693112769534305}
{'MSE - mean': 4731246.154210587, 'MSE - std': 185239.34305412183, 'R2 - mean': 0.442670656641329, 'R2 - std': 0.013851933558554757}
{'MSE - mean': 4830247.04782283, 'MSE - std': 234816.39948992012, 'R2 - mean': 0.43272008195750317, 'R2 - std': 0.02099878227655468}
{'MSE - mean': 4773099.880219178, 'MSE - std': 239111.24656947292, 'R2 - mean': 0.4339462614162882, 'R2 - std': 0.018941308031366358}
Trial 14 finished with value: 4773099.880219178 and parameters: {'max_depth': 6, 'n_estimators': 53}. Best is trial 12 with value: 4102815.118232815.
{'MSE - mean': 4166491.5033495277, 'MSE - std': 0.0, 'R2 - mean': 0.5118305395064862, 'R2 - std': 0.0}
{'MSE - mean': 4170331.7579469145, 'MSE - std': 3840.254597386811, 'R2 - mean': 0.49528707299363167, 'R2 - std': 0.016543466512854488}
{'MSE - mean': 4318976.089816867, 'MSE - std': 210238.21369511154, 'R2 - mean': 0.4913873120185204, 'R2 - std': 0.014590195138081394}
{'MSE - mean': 4399521.78056771, 'MSE - std': 229375.03083133232, 'R2 - mean': 0.4834103970438496, 'R2 - std': 0.018722950172578353}
{'MSE - mean': 4340420.475346159, 'MSE - std': 236774.5360689439, 'R2 - mean': 0.48537686156610294, 'R2 - std': 0.017201948186208616}
Trial 15 finished with value: 4340420.475346159 and parameters: {'max_depth': 9, 'n_estimators': 32}. Best is trial 12 with value: 4102815.118232815.
{'MSE - mean': 5142654.996413629, 'MSE - std': 0.0, 'R2 - mean': 0.39745776198384586, 'R2 - std': 0.0}
{'MSE - mean': 5093812.327509899, 'MSE - std': 48842.668903730344, 'R2 - mean': 0.38372956115602935, 'R2 - std': 0.013728200827816506}
{'MSE - mean': 5281213.801618134, 'MSE - std': 268009.38267090416, 'R2 - mean': 0.37824398585838975, 'R2 - std': 0.01363177921884695}
{'MSE - mean': 5339117.442600368, 'MSE - std': 252844.35294609156, 'R2 - mean': 0.37317372864426884, 'R2 - std': 0.014713652780855504}
{'MSE - mean': 5278286.264865124, 'MSE - std': 256799.42015512756, 'R2 - mean': 0.3741971729801398, 'R2 - std': 0.013318521530521581}
Trial 16 finished with value: 5278286.264865124 and parameters: {'max_depth': 4, 'n_estimators': 99}. Best is trial 12 with value: 4102815.118232815.
{'MSE - mean': 5563315.757626871, 'MSE - std': 0.0, 'R2 - mean': 0.3481707931547553, 'R2 - std': 0.0}
{'MSE - mean': 5431611.343454237, 'MSE - std': 131704.41417263355, 'R2 - mean': 0.34316822741872555, 'R2 - std': 0.0050025657360297515}
{'MSE - mean': 5640957.480116811, 'MSE - std': 314985.15046394523, 'R2 - mean': 0.33615189386831307, 'R2 - std': 0.010730407678344996}
{'MSE - mean': 5662990.822831059, 'MSE - std': 275441.7149472574, 'R2 - mean': 0.33530804938888575, 'R2 - std': 0.009407042958549406}
{'MSE - mean': 5582669.303480243, 'MSE - std': 294110.00756479264, 'R2 - mean': 0.33831299193917397, 'R2 - std': 0.010339859027149501}
Trial 17 finished with value: 5582669.303480243 and parameters: {'max_depth': 3, 'n_estimators': 68}. Best is trial 12 with value: 4102815.118232815.
{'MSE - mean': 4112195.4766888195, 'MSE - std': 0.0, 'R2 - mean': 0.5181921658341988, 'R2 - std': 0.0}
{'MSE - mean': 4109373.9120813087, 'MSE - std': 2821.5646075110417, 'R2 - mean': 0.5026899429677611, 'R2 - std': 0.015502222866437654}
{'MSE - mean': 4221884.084728359, 'MSE - std': 159130.0894950237, 'R2 - mean': 0.5026378910575245, 'R2 - std': 0.012657726020229182}
{'MSE - mean': 4313694.817412981, 'MSE - std': 210426.7590998877, 'R2 - mean': 0.4933632690638142, 'R2 - std': 0.019447862617291332}
{'MSE - mean': 4258267.572555667, 'MSE - std': 218431.34996175853, 'R2 - mean': 0.4950050474460806, 'R2 - std': 0.01770189914474544}
Trial 18 finished with value: 4258267.572555667 and parameters: {'max_depth': 10, 'n_estimators': 22}. Best is trial 12 with value: 4102815.118232815.
{'MSE - mean': 4409371.551862179, 'MSE - std': 0.0, 'R2 - mean': 0.48337335384998315, 'R2 - std': 0.0}
{'MSE - mean': 4408173.404569093, 'MSE - std': 1198.1472930861637, 'R2 - mean': 0.4665226417543446, 'R2 - std': 0.016850712095638543}
{'MSE - mean': 4541869.532670599, 'MSE - std': 189077.40842476627, 'R2 - mean': 0.46501429507454467, 'R2 - std': 0.013922926590088475}
{'MSE - mean': 4633575.531537838, 'MSE - std': 228128.62702252812, 'R2 - mean': 0.45584120391776584, 'R2 - std': 0.019945493669911173}
{'MSE - mean': 4583019.609785665, 'MSE - std': 227722.94849354678, 'R2 - mean': 0.4564862196682924, 'R2 - std': 0.01788637345754814}
Trial 19 finished with value: 4583019.609785665 and parameters: {'max_depth': 7, 'n_estimators': 39}. Best is trial 12 with value: 4102815.118232815.
{'MSE - mean': 4591263.251009002, 'MSE - std': 0.0, 'R2 - mean': 0.46206190450000373, 'R2 - std': 0.0}
{'MSE - mean': 4597851.699588866, 'MSE - std': 6588.448579863645, 'R2 - mean': 0.44353754534238754, 'R2 - std': 0.018524359157616188}
{'MSE - mean': 4755250.043426741, 'MSE - std': 222659.86553995646, 'R2 - mean': 0.43996640262619663, 'R2 - std': 0.015945972597045072}
{'MSE - mean': 4849041.145245045, 'MSE - std': 252137.60951626825, 'R2 - mean': 0.4305997486908385, 'R2 - std': 0.021305120262123924}
{'MSE - mean': 4788293.646841361, 'MSE - std': 256163.48989519366, 'R2 - mean': 0.43223042487212116, 'R2 - std': 0.019332949561297167}
