Trial 47 finished with value: 4236509.077616775 and parameters: {'max_depth': 10, 'n_estimators': 58}. Best is trial 12 with value: 4102815.118232815.
{'MSE - mean': 3986937.5386102954, 'MSE - std': 0.0, 'R2 - mean': 0.5328680868111564, 'R2 - std': 0.0}
{'MSE - mean': 4000228.9793003458, 'MSE - std': 13291.440690050367, 'R2 - mean': 0.5158366586843912, 'R2 - std': 0.017031428126765114}
{'MSE - mean': 4125854.2037557676, 'MSE - std': 177992.04748909822, 'R2 - mean': 0.5140051548849298, 'R2 - std': 0.014145264520667701}
{'MSE - mean': 4212347.124683706, 'MSE - std': 214951.04754097192, 'R2 - mean': 0.5053040087032764, 'R2 - std': 0.01942153999798293}
{'MSE - mean': 4156488.468290846, 'MSE - std': 222359.88902504704, 'R2 - mean': 0.5071137595698262, 'R2 - std': 0.017744231894069432}
Trial 48 finished with value: 4156488.468290846 and parameters: {'max_depth': 11, 'n_estimators': 99}. Best is trial 12 with value: 4102815.118232815.
{'MSE - mean': 4272015.334795204, 'MSE - std': 0.0, 'R2 - mean': 0.4994667768959944, 'R2 - std': 0.0}
{'MSE - mean': 4272644.488197571, 'MSE - std': 629.1534023662098, 'R2 - mean': 0.48291745462362434, 'R2 - std': 0.01654932227237005}
{'MSE - mean': 4400435.993005399, 'MSE - std': 180725.20934123753, 'R2 - mean': 0.48165849060127125, 'R2 - std': 0.013629258695994247}
{'MSE - mean': 4502806.405251518, 'MSE - std': 236506.45842956833, 'R2 - mean': 0.4712002689507018, 'R2 - std': 0.021620377418747068}
{'MSE - mean': 4447253.171553372, 'MSE - std': 238941.18732525088, 'R2 - mean': 0.47261996460219236, 'R2 - std': 0.019545196820566914}
Trial 49 finished with value: 4447253.171553372 and parameters: {'max_depth': 8, 'n_estimators': 12}. Best is trial 12 with value: 4102815.118232815.
{'MSE - mean': 6014689.169545521, 'MSE - std': 0.0, 'R2 - mean': 0.29528535829900115, 'R2 - std': 0.0}
{'MSE - mean': 5827362.958647255, 'MSE - std': 187326.21089826617, 'R2 - mean': 0.295488382966633, 'R2 - std': 0.0002030246676318348}
{'MSE - mean': 6045039.190443046, 'MSE - std': 343744.02778419096, 'R2 - mean': 0.288676148823731, 'R2 - std': 0.009635379981049885}
{'MSE - mean': 6057224.386047671, 'MSE - std': 298438.2757853672, 'R2 - mean': 0.2890831009725485, 'R2 - std': 0.00837420089851529}
{'MSE - mean': 5972475.2212867085, 'MSE - std': 316199.31573885045, 'R2 - mean': 0.29214388507223604, 'R2 - std': 0.009673437329644244}
Trial 50 finished with value: 5972475.2212867085 and parameters: {'max_depth': 2, 'n_estimators': 18}. Best is trial 12 with value: 4102815.118232815.
{'MSE - mean': 3953073.6608909075, 'MSE - std': 0.0, 'R2 - mean': 0.5368357682292517, 'R2 - std': 0.0}
{'MSE - mean': 3959849.7780616344, 'MSE - std': 6776.11717072688, 'R2 - mean': 0.5207485137131306, 'R2 - std': 0.01608725451612114}
{'MSE - mean': 4077333.812956696, 'MSE - std': 166239.60845635473, 'R2 - mean': 0.5196961765455882, 'R2 - std': 0.013219228379120915}
{'MSE - mean': 4164975.9673355594, 'MSE - std': 209213.1621989815, 'R2 - mean': 0.5108511323962378, 'R2 - std': 0.01912499456774792}
{'MSE - mean': 4106626.2871127576, 'MSE - std': 220533.12340383418, 'R2 - mean': 0.5130289092299776, 'R2 - std': 0.017651718939621818}
Trial 51 finished with value: 4106626.2871127576 and parameters: {'max_depth': 12, 'n_estimators': 57}. Best is trial 12 with value: 4102815.118232815.
{'MSE - mean': 3984443.2921081153, 'MSE - std': 0.0, 'R2 - mean': 0.5331603266893197, 'R2 - std': 0.0}
{'MSE - mean': 4007353.8485419573, 'MSE - std': 22910.55643384205, 'R2 - mean': 0.51493731269629, 'R2 - std': 0.01822301399302967}
{'MSE - mean': 4151275.575332848, 'MSE - std': 204393.87453888083, 'R2 - mean': 0.5110931165732224, 'R2 - std': 0.015841123076515688}
{'MSE - mean': 4239025.09502276, 'MSE - std': 233307.90080747986, 'R2 - mean': 0.502233475223041, 'R2 - std': 0.02058362504044235}
{'MSE - mean': 4178871.353802246, 'MSE - std': 240873.31025801232, 'R2 - mean': 0.5045288523585384, 'R2 - std': 0.018974285773674805}
Trial 52 finished with value: 4178871.353802246 and parameters: {'max_depth': 11, 'n_estimators': 42}. Best is trial 12 with value: 4102815.118232815.
{'MSE - mean': 3947404.063109932, 'MSE - std': 0.0, 'R2 - mean': 0.5375000500327136, 'R2 - std': 0.0}
{'MSE - mean': 3961815.4083735356, 'MSE - std': 14411.345263603842, 'R2 - mean': 0.5204811933550327, 'R2 - std': 0.017018856677680883}
{'MSE - mean': 4091725.4413341167, 'MSE - std': 184096.96152438156, 'R2 - mean': 0.5180545946486935, 'R2 - std': 0.014313318424000894}
{'MSE - mean': 4173878.4198296475, 'MSE - std': 213696.2892961497, 'R2 - mean': 0.5098402076142844, 'R2 - std': 0.01887012920685328}
{'MSE - mean': 4115615.3078387156, 'MSE - std': 223855.408964417, 'R2 - mean': 0.5119896279600137, 'R2 - std': 0.017416815217404402}
Trial 53 finished with value: 4115615.3078387156 and parameters: {'max_depth': 12, 'n_estimators': 52}. Best is trial 12 with value: 4102815.118232815.
{'MSE - mean': 4040064.9596360894, 'MSE - std': 0.0, 'R2 - mean': 0.5266433808592244, 'R2 - std': 0.0}
{'MSE - mean': 4061734.260737301, 'MSE - std': 21669.30110121146, 'R2 - mean': 0.5083609212601958, 'R2 - std': 0.018282459599028578}
{'MSE - mean': 4207641.027583405, 'MSE - std': 207100.47874508562, 'R2 - mean': 0.5044589842539253, 'R2 - std': 0.015914849799119928}
{'MSE - mean': 4299947.490207584, 'MSE - std': 240269.44322759673, 'R2 - mean': 0.4950860501175567, 'R2 - std': 0.021295950696564914}
{'MSE - mean': 4241429.00479008, 'MSE - std': 244706.30727742607, 'R2 - mean': 0.4971044733823895, 'R2 - std': 0.019470750955227486}
Trial 54 finished with value: 4241429.00479008 and parameters: {'max_depth': 10, 'n_estimators': 64}. Best is trial 12 with value: 4102815.118232815.
{'MSE - mean': 4156369.5468504517, 'MSE - std': 0.0, 'R2 - mean': 0.5130164845730536, 'R2 - std': 0.0}
{'MSE - mean': 4166329.176799343, 'MSE - std': 9959.629948891, 'R2 - mean': 0.49574787649923174, 'R2 - std': 0.017268608073821856}
{'MSE - mean': 4295759.372220338, 'MSE - std': 183222.48895604137, 'R2 - mean': 0.4939932145292811, 'R2 - std': 0.014316455350252008}
{'MSE - mean': 4378998.358975669, 'MSE - std': 214392.27386404944, 'R2 - mean': 0.4857271247720346, 'R2 - std': 0.018939519264526805}
{'MSE - mean': 4320668.6319233, 'MSE - std': 224456.3786264353, 'R2 - mean': 0.487641810398031, 'R2 - std': 0.017367452207007632}
Trial 55 finished with value: 4320668.6319233 and parameters: {'max_depth': 9, 'n_estimators': 75}. Best is trial 12 with value: 4102815.118232815.
{'MSE - mean': 4039651.718777108, 'MSE - std': 0.0, 'R2 - mean': 0.5266917984707857, 'R2 - std': 0.0}
{'MSE - mean': 4037203.9532580925, 'MSE - std': 2447.765519015258, 'R2 - mean': 0.5114225893155051, 'R2 - std': 0.015269209155280683}
{'MSE - mean': 4162839.78804188, 'MSE - std': 177687.1417247991, 'R2 - mean': 0.5096824831424706, 'R2 - std': 0.012707810110531945}
{'MSE - mean': 4250527.258842725, 'MSE - std': 216210.12431681776, 'R2 - mean': 0.500846027612945, 'R2 - std': 0.018851131725438855}
{'MSE - mean': 4188431.3693699106, 'MSE - std': 229828.31036091942, 'R2 - mean': 0.5033746538684463, 'R2 - std': 0.017603066119966645}
Trial 56 finished with value: 4188431.3693699106 and parameters: {'max_depth': 11, 'n_estimators': 34}. Best is trial 12 with value: 4102815.118232815.
{'MSE - mean': 3926497.265206915, 'MSE - std': 0.0, 'R2 - mean': 0.5399496074708503, 'R2 - std': 0.0}
{'MSE - mean': 3949094.2554174135, 'MSE - std': 22596.990210498683, 'R2 - mean': 0.5219891614755635, 'R2 - std': 0.01796044599528679}
{'MSE - mean': 4086398.8124560206, 'MSE - std': 195052.5538024352, 'R2 - mean': 0.5187070594877169, 'R2 - std': 0.015381681761660368}
{'MSE - mean': 4161798.794187503, 'MSE - std': 213517.20257150836, 'R2 - mean': 0.5112711141867876, 'R2 - std': 0.018529083839142885}
{'MSE - mean': 4104030.5492758704, 'MSE - std': 223204.74259265052, 'R2 - mean': 0.5133715624124273, 'R2 - std': 0.017097049140970554}
Trial 57 finished with value: 4104030.5492758704 and parameters: {'max_depth': 12, 'n_estimators': 89}. Best is trial 12 with value: 4102815.118232815.
{'MSE - mean': 4038057.184465485, 'MSE - std': 0.0, 'R2 - mean': 0.5268786230338547, 'R2 - std': 0.0}
{'MSE - mean': 4057367.123199503, 'MSE - std': 19309.93873401778, 'R2 - mean': 0.5088985335542636, 'R2 - std': 0.017980089479591066}
{'MSE - mean': 4187567.663695169, 'MSE - std': 184805.15138924384, 'R2 - mean': 0.506737263871588, 'R2 - std': 0.014995485489925704}
{'MSE - mean': 4283648.077550905, 'MSE - std': 230887.51756010862, 'R2 - mean': 0.4969396844060584, 'R2 - std': 0.021368812062420153}
{'MSE - mean': 4226508.307779907, 'MSE - std': 236023.40936861755, 'R2 - mean': 0.4988196643100407, 'R2 - std': 0.019479173517496444}
Trial 58 finished with value: 4226508.307779907 and parameters: {'max_depth': 10, 'n_estimators': 91}. Best is trial 12 with value: 4102815.118232815.
{'MSE - mean': 4142299.802630452, 'MSE - std': 0.0, 'R2 - mean': 0.5146649745410847, 'R2 - std': 0.0}
{'MSE - mean': 4157151.933431188, 'MSE - std': 14852.130800736137, 'R2 - mean': 0.49683965351409054, 'R2 - std': 0.01782532102699419}
{'MSE - mean': 4294394.060063447, 'MSE - std': 194468.14607531746, 'R2 - mean': 0.49418937413716035, 'R2 - std': 0.015029171900956387}
{'MSE - mean': 4380056.618728633, 'MSE - std': 224449.58620963828, 'R2 - mean': 0.4856317414270861, 'R2 - std': 0.01972577600052715}
{'MSE - mean': 4323123.22505462, 'MSE - std': 230798.04735028115, 'R2 - mean': 0.48736695224952403, 'R2 - std': 0.017981346374829718}
Trial 59 finished with value: 4323123.22505462 and parameters: {'max_depth': 9, 'n_estimators': 80}. Best is trial 12 with value: 4102815.118232815.
{'MSE - mean': 4824727.50120758, 'MSE - std': 0.0, 'R2 - mean': 0.4347079264654057, 'R2 - std': 0.0}
{'MSE - mean': 4801248.877525258, 'MSE - std': 23478.62368232198, 'R2 - mean': 0.4190381195040229, 'R2 - std': 0.01566980696138276}
{'MSE - mean': 4962567.125162183, 'MSE - std': 228942.46268726018, 'R2 - mean': 0.41561039658596527, 'R2 - std': 0.013681878609214732}
{'MSE - mean': 5056946.124447592, 'MSE - std': 256969.21009009195, 'R2 - mean': 0.4062281166899837, 'R2 - std': 0.020111610573188516}
{'MSE - mean': 4996987.30816599, 'MSE - std': 259242.70201304456, 'R2 - mean': 0.40750137878263715, 'R2 - std': 0.018167726586021258}
Trial 60 finished with value: 4996987.30816599 and parameters: {'max_depth': 5, 'n_estimators': 70}. Best is trial 12 with value: 4102815.118232815.
{'MSE - mean': 4174253.6485736803, 'MSE - std': 0.0, 'R2 - mean': 0.5109210831345481, 'R2 - std': 0.0}
{'MSE - mean': 4158469.803190927, 'MSE - std': 15783.845382753294, 'R2 - mean': 0.49679828048168134, 'R2 - std': 0.01412280265286675}
{'MSE - mean': 4261901.512991798, 'MSE - std': 146841.15125323168, 'R2 - mean': 0.4978949526503757, 'R2 - std': 0.01163505119050726}
{'MSE - mean': 4378496.349833536, 'MSE - std': 238652.0704089642, 'R2 - mean': 0.48575451870321407, 'R2 - std': 0.023317401686947764}
{'MSE - mean': 4322381.24123351, 'MSE - std': 241162.74633773547, 'R2 - mean': 0.4874026654347716, 'R2 - std': 0.021114604607696402}
Trial 61 finished with value: 4322381.24123351 and parameters: {'max_depth': 12, 'n_estimators': 5}. Best is trial 12 with value: 4102815.118232815.
{'MSE - mean': 3972418.6285583945, 'MSE - std': 0.0, 'R2 - mean': 0.5345692035616147, 'R2 - std': 0.0}
{'MSE - mean': 3994948.2444245834, 'MSE - std': 22529.615866189124, 'R2 - mean': 0.5164401212221295, 'R2 - std': 0.018129082339485236}
{'MSE - mean': 4133139.657358993, 'MSE - std': 196296.00678143094, 'R2 - mean': 0.513198624177277, 'R2 - std': 0.01549592496426499}
{'MSE - mean': 4213644.845490539, 'MSE - std': 219868.93290558082, 'R2 - mean': 0.5051843359161698, 'R2 - std': 0.019307491211184285}
{'MSE - mean': 4156567.0712402174, 'MSE - std': 227388.14256489716, 'R2 - mean': 0.5071365079749055, 'R2 - std': 0.017705007102048864}
Trial 62 finished with value: 4156567.0712402174 and parameters: {'max_depth': 11, 'n_estimators': 59}. Best is trial 12 with value: 4102815.118232815.
{'MSE - mean': 3910398.4054291975, 'MSE - std': 0.0, 'R2 - mean': 0.5418358399726881, 'R2 - std': 0.0}
{'MSE - mean': 3931268.3343421654, 'MSE - std': 20869.92891296791, 'R2 - mean': 0.5241531326701157, 'R2 - std': 0.017682707302572487}
{'MSE - mean': 4070164.4770660773, 'MSE - std': 197166.54436216524, 'R2 - mean': 0.5206363760662389, 'R2 - std': 0.01527046972822998}
{'MSE - mean': 4148691.2136301724, 'MSE - std': 218301.00716214871, 'R2 - mean': 0.5128266246338438, 'R2 - std': 0.018917375256572538}
{'MSE - mean': 4092949.9948284873, 'MSE - std': 224839.0483799381, 'R2 - mean': 0.5146893774505262, 'R2 - std': 0.017325503210660845}
Trial 63 finished with value: 4092949.9948284873 and parameters: {'max_depth': 12, 'n_estimators': 88}. Best is trial 63 with value: 4092949.9948284873.
{'MSE - mean': 4001358.5472674975, 'MSE - std': 0.0, 'R2 - mean': 0.5311784407359637, 'R2 - std': 0.0}
{'MSE - mean': 4002725.419457093, 'MSE - std': 1366.872189595364, 'R2 - mean': 0.5155805119355665, 'R2 - std': 0.015597928800397176}
{'MSE - mean': 4139697.792920951, 'MSE - std': 193711.4032378242, 'R2 - mean': 0.5124719171832984, 'R2 - std': 0.013473071089244296}
{'MSE - mean': 4221562.572545487, 'MSE - std': 219655.65605555676, 'R2 - mean': 0.5042900204281372, 'R2 - std': 0.018356825351030268}
{'MSE - mean': 4163729.1622671, 'MSE - std': 227986.1819660803, 'R2 - mean': 0.5063188266498265, 'R2 - std': 0.016912795402157618}
Trial 64 finished with value: 4163729.1622671 and parameters: {'max_depth': 11, 'n_estimators': 93}. Best is trial 63 with value: 4092949.9948284873.
{'MSE - mean': 4058503.6219623843, 'MSE - std': 0.0, 'R2 - mean': 0.524483003997106, 'R2 - std': 0.0}
{'MSE - mean': 4074002.8770189867, 'MSE - std': 15499.255056602415, 'R2 - mean': 0.5068999484822232, 'R2 - std': 0.017583055514882873}
{'MSE - mean': 4208963.049072879, 'MSE - std': 191281.59177812262, 'R2 - mean': 0.5042520874042068, 'R2 - std': 0.01483683133522508}
{'MSE - mean': 4305411.887351499, 'MSE - std': 235262.87580229342, 'R2 - mean': 0.4944099551664003, 'R2 - std': 0.02134716313733159}
{'MSE - mean': 4243816.118190656, 'MSE - std': 243834.06591097065, 'R2 - mean': 0.49680862851204227, 'R2 - std': 0.01968694070915673}
Trial 65 finished with value: 4243816.118190656 and parameters: {'max_depth': 10, 'n_estimators': 84}. Best is trial 63 with value: 4092949.9948284873.
{'MSE - mean': 3922940.45032773, 'MSE - std': 0.0, 'R2 - mean': 0.540366343806266, 'R2 - std': 0.0}
{'MSE - mean': 3941768.569246172, 'MSE - std': 18828.118918441935, 'R2 - mean': 0.5228902549303021, 'R2 - std': 0.017476088875963913}
{'MSE - mean': 4082683.448013929, 'MSE - std': 199875.8068341473, 'R2 - mean': 0.5191770789640578, 'R2 - std': 0.015204751662325171}
{'MSE - mean': 4163849.550908913, 'MSE - std': 222994.53445248044, 'R2 - mean': 0.5110602677068784, 'R2 - std': 0.019262300739754903}
{'MSE - mean': 4105666.518266611, 'MSE - std': 230916.24253474173, 'R2 - mean': 0.5132034577221217, 'R2 - std': 0.01775393020141638}
Trial 66 finished with value: 4105666.518266611 and parameters: {'max_depth': 12, 'n_estimators': 77}. Best is trial 63 with value: 4092949.9948284873.
{'MSE - mean': 3944826.7140069287, 'MSE - std': 0.0, 'R2 - mean': 0.537802026676637, 'R2 - std': 0.0}
{'MSE - mean': 3957847.602479036, 'MSE - std': 13020.888472107472, 'R2 - mean': 0.5209667424802912, 'R2 - std': 0.016835284196345834}
{'MSE - mean': 4079543.0831070673, 'MSE - std': 172431.4618478226, 'R2 - mean': 0.5194451962451305, 'R2 - std': 0.01391335336547656}
{'MSE - mean': 4156773.576369843, 'MSE - std': 200482.178871509, 'R2 - mean': 0.5118111396659085, 'R2 - std': 0.01788917300963777}
{'MSE - mean': 4099447.969483915, 'MSE - std': 212836.5195529516, 'R2 - mean': 0.5138730277375991, 'R2 - std': 0.016523423932578957}
Trial 67 finished with value: 4099447.969483915 and parameters: {'max_depth': 12, 'n_estimators': 77}. Best is trial 63 with value: 4092949.9948284873.
{'MSE - mean': 5134601.878562219, 'MSE - std': 0.0, 'R2 - mean': 0.39840131033709525, 'R2 - std': 0.0}
{'MSE - mean': 5095734.497784424, 'MSE - std': 38867.3807777958, 'R2 - mean': 0.38345847827750257, 'R2 - std': 0.014942832059592681}
{'MSE - mean': 5287382.457179937, 'MSE - std': 272882.7517572569, 'R2 - mean': 0.37751654177629007, 'R2 - std': 0.014814588713258617}
{'MSE - mean': 5351637.456731054, 'MSE - std': 261218.03547401092, 'R2 - mean': 0.37170884726927256, 'R2 - std': 0.016303127783274626}
{'MSE - mean': 5284047.007950175, 'MSE - std': 269929.18462278915, 'R2 - mean': 0.37355070163619597, 'R2 - std': 0.015040056198367218}
Trial 68 finished with value: 5284047.007950175 and parameters: {'max_depth': 4, 'n_estimators': 80}. Best is trial 63 with value: 4092949.9948284873.
{'MSE - mean': 4132050.838539894, 'MSE - std': 0.0, 'R2 - mean': 0.5158658005278132, 'R2 - std': 0.0}
{'MSE - mean': 4145470.0361212576, 'MSE - std': 13419.197581363609, 'R2 - mean': 0.4982589342065788, 'R2 - std': 0.01760686632123437}
{'MSE - mean': 4292648.460139357, 'MSE - std': 208429.90884720552, 'R2 - mean': 0.4944596178373096, 'R2 - std': 0.01534722898496031}
{'MSE - mean': 4379062.816429794, 'MSE - std': 234487.93806038846, 'R2 - mean': 0.48579769224585156, 'R2 - std': 0.020043451374288607}
{'MSE - mean': 4321720.075436549, 'MSE - std': 239040.65397986953, 'R2 - mean': 0.48757480108650847, 'R2 - std': 0.018276334909410625}
Trial 69 finished with value: 4321720.075436549 and parameters: {'max_depth': 9, 'n_estimators': 94}. Best is trial 63 with value: 4092949.9948284873.
{'MSE - mean': 4407887.249733872, 'MSE - std': 0.0, 'R2 - mean': 0.4835472629935882, 'R2 - std': 0.0}
{'MSE - mean': 4411051.7487748545, 'MSE - std': 3164.4990409831516, 'R2 - mean': 0.46615748119972733, 'R2 - std': 0.01738978179386086}
{'MSE - mean': 4553308.112792457, 'MSE - std': 201197.47076724822, 'R2 - mean': 0.4637059068937814, 'R2 - std': 0.014615862628683442}
{'MSE - mean': 4653373.38054156, 'MSE - std': 245763.0771931626, 'R2 - mean': 0.4535533315073369, 'R2 - std': 0.021666608899819202}
{'MSE - mean': 4594635.890458652, 'MSE - std': 249238.767157361, 'R2 - mean': 0.45517724740762394, 'R2 - std': 0.019649477458166652}
Trial 70 finished with value: 4594635.890458652 and parameters: {'max_depth': 7, 'n_estimators': 100}. Best is trial 63 with value: 4092949.9948284873.
{'MSE - mean': 3934073.759652684, 'MSE - std': 0.0, 'R2 - mean': 0.5390619029830217, 'R2 - std': 0.0}
{'MSE - mean': 3947508.9844429092, 'MSE - std': 13435.224790225504, 'R2 - mean': 0.522216335894581, 'R2 - std': 0.016845567088440705}
{'MSE - mean': 4080575.8513187147, 'MSE - std': 188504.42690751134, 'R2 - mean': 0.5193916846226997, 'R2 - std': 0.014322688177721823}
{'MSE - mean': 4163037.748746851, 'MSE - std': 216910.88678335721, 'R2 - mean': 0.5111316745769607, 'R2 - std': 0.018935095599027712}
{'MSE - mean': 4105200.7638180465, 'MSE - std': 225877.6959921738, 'R2 - mean': 0.5132379018046875, 'R2 - std': 0.017452078638796196}
Trial 71 finished with value: 4105200.7638180465 and parameters: {'max_depth': 12, 'n_estimators': 71}. Best is trial 63 with value: 4092949.9948284873.
{'MSE - mean': 3985286.9039574317, 'MSE - std': 0.0, 'R2 - mean': 0.5330614844041461, 'R2 - std': 0.0}
{'MSE - mean': 4006696.2008987637, 'MSE - std': 21409.296941332286, 'R2 - mean': 0.5150226900411778, 'R2 - std': 0.01803879436296829}
{'MSE - mean': 4146034.000750661, 'MSE - std': 197827.2401165967, 'R2 - mean': 0.5116873526847558, 'R2 - std': 0.015465478285801318}
{'MSE - mean': 4236132.632649183, 'MSE - std': 231743.39927831508, 'R2 - mean': 0.5025581806836845, 'R2 - std': 0.020722237046995603}
{'MSE - mean': 4177077.8130771033, 'MSE - std': 238566.3206448442, 'R2 - mean': 0.5047243549598974, 'R2 - std': 0.019034130675321326}
Trial 72 finished with value: 4177077.8130771033 and parameters: {'max_depth': 11, 'n_estimators': 70}. Best is trial 63 with value: 4092949.9948284873.
{'MSE - mean': 3910963.4256358743, 'MSE - std': 0.0, 'R2 - mean': 0.5417696390433835, 'R2 - std': 0.0}
{'MSE - mean': 3933854.1498859683, 'MSE - std': 22890.724250094267, 'R2 - mean': 0.5238324032616963, 'R2 - std': 0.017937235781687155}
{'MSE - mean': 4071528.0739321453, 'MSE - std': 195595.35329093994, 'R2 - mean': 0.5204628602744606, 'R2 - std': 0.015401426066359889}
{'MSE - mean': 4154481.4169245665, 'MSE - std': 222119.17524745688, 'R2 - mean': 0.5121412527956066, 'R2 - std': 0.019637983520578696}
{'MSE - mean': 4098124.745734392, 'MSE - std': 228415.936310578, 'R2 - mean': 0.5140740820427453, 'R2 - std': 0.017985094745316062}
Trial 73 finished with value: 4098124.745734392 and parameters: {'max_depth': 12, 'n_estimators': 76}. Best is trial 63 with value: 4092949.9948284873.
{'MSE - mean': 4057085.4208658836, 'MSE - std': 0.0, 'R2 - mean': 0.5246491683739187, 'R2 - std': 0.0}
{'MSE - mean': 4067611.686268635, 'MSE - std': 10526.26540275151, 'R2 - mean': 0.5076925907552396, 'R2 - std': 0.01695657761867908}
{'MSE - mean': 4197318.981249694, 'MSE - std': 183635.05362037913, 'R2 - mean': 0.5056064675281146, 'R2 - std': 0.014155829303259752}
{'MSE - mean': 4284712.946853168, 'MSE - std': 219555.21027824355, 'R2 - mean': 0.4968193160948321, 'R2 - std': 0.019543098996361415}
{'MSE - mean': 4226570.594040373, 'MSE - std': 228222.97222385235, 'R2 - mean': 0.49882086934769915, 'R2 - std': 0.01793240185813146}
