Trial 52 finished with value: 297031.1325091043 and parameters: {'max_depth': 12, 'n_estimators': 26}. Best is trial 14 with value: 295628.8830232158.
{'MSE - mean': 295518.97192535625, 'MSE - std': 0.0, 'R2 - mean': 0.9807797211535346, 'R2 - std': 0.0}
{'MSE - mean': 301430.270731318, 'MSE - std': 5911.298805961735, 'R2 - mean': 0.9807016991840624, 'R2 - std': 7.802196947226392e-05}
{'MSE - mean': 313505.892704894, 'MSE - std': 17746.462402771962, 'R2 - mean': 0.9801190560415082, 'R2 - std': 0.0008264407711855732}
{'MSE - mean': 316537.62269077566, 'MSE - std': 16241.208575153243, 'R2 - mean': 0.9800651078069226, 'R2 - std': 0.0007217925583248058}
{'MSE - mean': 318104.34471928544, 'MSE - std': 14860.684925122927, 'R2 - mean': 0.9800193758121096, 'R2 - std': 0.0006520377743664368}
Trial 53 finished with value: 318104.34471928544 and parameters: {'max_depth': 10, 'n_estimators': 26}. Best is trial 14 with value: 295628.8830232158.
{'MSE - mean': 284155.86731403315, 'MSE - std': 0.0, 'R2 - mean': 0.9815187668999659, 'R2 - std': 0.0}
{'MSE - mean': 288298.97719505767, 'MSE - std': 4143.109881024488, 'R2 - mean': 0.9815408903516424, 'R2 - std': 2.2123451676514527e-05}
{'MSE - mean': 299350.50642667717, 'MSE - std': 15991.127843448414, 'R2 - mean': 0.9810151740036245, 'R2 - std': 0.0007436945980862134}
{'MSE - mean': 301249.07016521425, 'MSE - std': 14233.789379044374, 'R2 - mean': 0.9810255339665831, 'R2 - std': 0.0006443083329543958}
{'MSE - mean': 301538.4947755224, 'MSE - std': 12744.240836150475, 'R2 - mean': 0.981057189336539, 'R2 - std': 0.0005797541134996598}
Trial 54 finished with value: 301538.4947755224 and parameters: {'max_depth': 11, 'n_estimators': 33}. Best is trial 14 with value: 295628.8830232158.
{'MSE - mean': 282512.6563966951, 'MSE - std': 0.0, 'R2 - mean': 0.981625639808426, 'R2 - std': 0.0}
{'MSE - mean': 289365.54190771095, 'MSE - std': 6852.885511015804, 'R2 - mean': 0.9814752872800172, 'R2 - std': 0.00015035252840878144}
{'MSE - mean': 302855.6364655705, 'MSE - std': 19881.482060233226, 'R2 - mean': 0.9807972826821674, 'R2 - std': 0.0009666700874360092}
{'MSE - mean': 303408.2094571025, 'MSE - std': 17244.448597054175, 'R2 - mean': 0.980891103963432, 'R2 - std': 0.0008527869557586563}
{'MSE - mean': 303072.64331495744, 'MSE - std': 15438.498128903979, 'R2 - mean': 0.9809616527184506, 'R2 - std': 0.0007756964489208336}
Trial 55 finished with value: 303072.64331495744 and parameters: {'max_depth': 11, 'n_estimators': 29}. Best is trial 14 with value: 295628.8830232158.
{'MSE - mean': 274708.3885961692, 'MSE - std': 0.0, 'R2 - mean': 0.9821332221214711, 'R2 - std': 0.0}
{'MSE - mean': 279935.7147716087, 'MSE - std': 5227.326175439492, 'R2 - mean': 0.9820775713805877, 'R2 - std': 5.565074088342836e-05}
{'MSE - mean': 293138.22720497334, 'MSE - std': 19152.7881800341, 'R2 - mean': 0.9814126514037863, 'R2 - std': 0.0009414360419448467}
{'MSE - mean': 296848.5171321394, 'MSE - std': 17788.21872287469, 'R2 - mean': 0.9813076787934727, 'R2 - std': 0.0008353347308431608}
{'MSE - mean': 297797.06968580524, 'MSE - std': 16022.970637635435, 'R2 - mean': 0.9812966419139109, 'R2 - std': 0.0007474721004051605}
Trial 56 finished with value: 297797.06968580524 and parameters: {'max_depth': 12, 'n_estimators': 24}. Best is trial 14 with value: 295628.8830232158.
{'MSE - mean': 299311.6843569312, 'MSE - std': 0.0, 'R2 - mean': 0.9805330466674791, 'R2 - std': 0.0}
{'MSE - mean': 302028.11526345904, 'MSE - std': 2716.4309065278503, 'R2 - mean': 0.9806602264983115, 'R2 - std': 0.00012717983083238016}
{'MSE - mean': 314574.64403125143, 'MSE - std': 17881.557524128333, 'R2 - mean': 0.9800496346263872, 'R2 - std': 0.0008697286977559899}
{'MSE - mean': 316445.56740775774, 'MSE - std': 15821.303279401673, 'R2 - mean': 0.9800681922733102, 'R2 - std': 0.0007538926744260118}
{'MSE - mean': 317334.85381648765, 'MSE - std': 14262.336107175843, 'R2 - mean': 0.9800650985796986, 'R2 - std': 0.0006743304941964372}
Trial 57 finished with value: 317334.85381648765 and parameters: {'max_depth': 10, 'n_estimators': 24}. Best is trial 14 with value: 295628.8830232158.
{'MSE - mean': 385223.64178761875, 'MSE - std': 0.0, 'R2 - mean': 0.9749454129284156, 'R2 - std': 0.0}
{'MSE - mean': 387205.2728386802, 'MSE - std': 1981.6310510614421, 'R2 - mean': 0.9752045790433461, 'R2 - std': 0.0002591661149304869}
{'MSE - mean': 400418.59081961284, 'MSE - std': 18756.37096772271, 'R2 - mean': 0.9746012726983572, 'R2 - std': 0.0008790535489338063}
{'MSE - mean': 401602.72499295324, 'MSE - std': 16372.464998604853, 'R2 - mean': 0.9746998215883236, 'R2 - std': 0.0007801839575130213}
{'MSE - mean': 398860.9789991133, 'MSE - std': 15636.96813590738, 'R2 - mean': 0.9749374069345642, 'R2 - std': 0.000844237403247136}
Trial 58 finished with value: 398860.9789991133 and parameters: {'max_depth': 8, 'n_estimators': 40}. Best is trial 14 with value: 295628.8830232158.
{'MSE - mean': 334735.71180278825, 'MSE - std': 0.0, 'R2 - mean': 0.978229100897303, 'R2 - std': 0.0}
{'MSE - mean': 336361.6421693619, 'MSE - std': 1625.9303665736225, 'R2 - mean': 0.9784603517459292, 'R2 - std': 0.000231250848626241}
{'MSE - mean': 347435.67240864295, 'MSE - std': 15717.211092270358, 'R2 - mean': 0.9779614942483681, 'R2 - std': 0.0007303210999777068}
{'MSE - mean': 349251.15831519663, 'MSE - std': 13970.003959195034, 'R2 - mean': 0.9779984960071078, 'R2 - std': 0.0006357154019323259}
{'MSE - mean': 349381.56740224187, 'MSE - std': 12497.873203704532, 'R2 - mean': 0.978048662892364, 'R2 - std': 0.0005773855932636691}
Trial 59 finished with value: 349381.56740224187 and parameters: {'max_depth': 9, 'n_estimators': 16}. Best is trial 14 with value: 295628.8830232158.
{'MSE - mean': 281817.932489412, 'MSE - std': 0.0, 'R2 - mean': 0.9816708240046632, 'R2 - std': 0.0}
{'MSE - mean': 288258.08214764495, 'MSE - std': 6440.149658232956, 'R2 - mean': 0.9815457996788877, 'R2 - std': 0.00012502432577554679}
{'MSE - mean': 301317.1108194365, 'MSE - std': 19202.260581720722, 'R2 - mean': 0.9808941687514073, 'R2 - std': 0.000927181995432898}
{'MSE - mean': 303259.22540393757, 'MSE - std': 16966.453246457382, 'R2 - mean': 0.9809017495334389, 'R2 - std': 0.0008030705101420575}
{'MSE - mean': 303882.30479858344, 'MSE - std': 15226.337062455581, 'R2 - mean': 0.9809124301154721, 'R2 - std': 0.0007186056601072235}
Trial 60 finished with value: 303882.30479858344 and parameters: {'max_depth': 11, 'n_estimators': 33}. Best is trial 14 with value: 295628.8830232158.
{'MSE - mean': 278594.6849172049, 'MSE - std': 0.0, 'R2 - mean': 0.9818804610263588, 'R2 - std': 0.0}
{'MSE - mean': 284378.126836973, 'MSE - std': 5783.441919768084, 'R2 - mean': 0.9817936249553694, 'R2 - std': 8.683607098952661e-05}
{'MSE - mean': 294569.13149663014, 'MSE - std': 15166.144936640767, 'R2 - mean': 0.9813187628279826, 'R2 - std': 0.0006752888879600854}
{'MSE - mean': 295815.62851197936, 'MSE - std': 13310.530741004253, 'R2 - mean': 0.9813672402677294, 'R2 - std': 0.0005908142670458791}
{'MSE - mean': 296100.3209637952, 'MSE - std': 11918.908593250437, 'R2 - mean': 0.9813983992161516, 'R2 - std': 0.0005321021694967025}
Trial 61 finished with value: 296100.3209637952 and parameters: {'max_depth': 12, 'n_estimators': 19}. Best is trial 14 with value: 295628.8830232158.
{'MSE - mean': 275197.32393721794, 'MSE - std': 0.0, 'R2 - mean': 0.9821014222220209, 'R2 - std': 0.0}
{'MSE - mean': 279498.2901182062, 'MSE - std': 4300.966180988267, 'R2 - mean': 0.9821046612737048, 'R2 - std': 3.239051683923133e-06}
{'MSE - mean': 294459.70789935486, 'MSE - std': 21448.08268286034, 'R2 - mean': 0.9813301666974036, 'R2 - std': 0.0010953039266541839}
{'MSE - mean': 294838.15400957124, 'MSE - std': 18586.146788754355, 'R2 - mean': 0.9814310540472795, 'R2 - std': 0.0009645220530931583}
{'MSE - mean': 295744.1122773347, 'MSE - std': 16722.407825854938, 'R2 - mean': 0.9814229834844316, 'R2 - std': 0.0008628457386237456}
Trial 62 finished with value: 295744.1122773347 and parameters: {'max_depth': 12, 'n_estimators': 26}. Best is trial 14 with value: 295628.8830232158.
{'MSE - mean': 298136.44855365175, 'MSE - std': 0.0, 'R2 - mean': 0.9806094829101414, 'R2 - std': 0.0}
{'MSE - mean': 303218.3591054139, 'MSE - std': 5081.910551762179, 'R2 - mean': 0.9805863594791144, 'R2 - std': 2.3123431026894625e-05}
{'MSE - mean': 316596.1489411799, 'MSE - std': 19368.730771114664, 'R2 - mean': 0.9799238479234567, 'R2 - std': 0.0009371230361067603}
{'MSE - mean': 318773.5293733125, 'MSE - std': 17192.549415419577, 'R2 - mean': 0.9799237491875107, 'R2 - std': 0.0008115723737583885}
{'MSE - mean': 318802.86820948496, 'MSE - std': 15377.595630999896, 'R2 - mean': 0.9799740580026384, 'R2 - std': 0.0007328326424201571}
Trial 63 finished with value: 318802.86820948496 and parameters: {'max_depth': 10, 'n_estimators': 23}. Best is trial 14 with value: 295628.8830232158.
{'MSE - mean': 275245.52522675187, 'MSE - std': 0.0, 'R2 - mean': 0.9820982872550185, 'R2 - std': 0.0}
{'MSE - mean': 282916.5854291488, 'MSE - std': 7671.06020239694, 'R2 - mean': 0.9818891070797584, 'R2 - std': 0.0002091801752600042}
{'MSE - mean': 297558.5815233636, 'MSE - std': 21633.451157837353, 'R2 - mean': 0.9811353525250057, 'R2 - std': 0.0010795660029700636}
{'MSE - mean': 299757.96679260326, 'MSE - std': 19118.486954687225, 'R2 - mean': 0.9811247499573335, 'R2 - std': 0.0009351119234617346}
{'MSE - mean': 300133.66904836486, 'MSE - std': 17116.595557796354, 'R2 - mean': 0.9811497369236049, 'R2 - std': 0.000837881161892324}
Trial 64 finished with value: 300133.66904836486 and parameters: {'max_depth': 12, 'n_estimators': 24}. Best is trial 14 with value: 295628.8830232158.
{'MSE - mean': 287941.14695212094, 'MSE - std': 0.0, 'R2 - mean': 0.9812725758358799, 'R2 - std': 0.0}
{'MSE - mean': 293106.9018811617, 'MSE - std': 5165.7549290407915, 'R2 - mean': 0.9812340009361992, 'R2 - std': 3.8574899680732244e-05}
{'MSE - mean': 306386.5403154055, 'MSE - std': 19248.054703781414, 'R2 - mean': 0.980571809673736, 'R2 - std': 0.0009370093657065963}
{'MSE - mean': 309985.9317085147, 'MSE - std': 17796.981839969005, 'R2 - mean': 0.9804794836615585, 'R2 - std': 0.0008270805227668382}
{'MSE - mean': 310838.41587766126, 'MSE - std': 16009.152604817387, 'R2 - mean': 0.9804767281151534, 'R2 - std': 0.0007397838367091938}
Trial 65 finished with value: 310838.41587766126 and parameters: {'max_depth': 11, 'n_estimators': 13}. Best is trial 14 with value: 295628.8830232158.
{'MSE - mean': 274428.5994276393, 'MSE - std': 0.0, 'R2 - mean': 0.982151419348547, 'R2 - std': 0.0}
{'MSE - mean': 281138.7761334002, 'MSE - std': 6710.1767057609395, 'R2 - mean': 0.9820020034521523, 'R2 - std': 0.0001494158963947223}
{'MSE - mean': 293332.231918215, 'MSE - std': 18093.600403664543, 'R2 - mean': 0.9814001717905348, 'R2 - std': 0.0008598174832956934}
{'MSE - mean': 295362.0448651962, 'MSE - std': 16059.084764544185, 'R2 - mean': 0.9813990380130716, 'R2 - std': 0.000744626372612274}
{'MSE - mean': 295454.55544477154, 'MSE - std': 14364.873671883981, 'R2 - mean': 0.9814414229444761, 'R2 - std': 0.0006713871293616197}
Trial 66 finished with value: 295454.55544477154 and parameters: {'max_depth': 12, 'n_estimators': 37}. Best is trial 66 with value: 295454.55544477154.
{'MSE - mean': 298597.7527893044, 'MSE - std': 0.0, 'R2 - mean': 0.9805794801120654, 'R2 - std': 0.0}
{'MSE - mean': 301000.84719839727, 'MSE - std': 2403.094409092824, 'R2 - mean': 0.9807257023702043, 'R2 - std': 0.0001462222581388728}
{'MSE - mean': 314430.3585387271, 'MSE - std': 19093.2830642813, 'R2 - mean': 0.9800595920125467, 'R2 - std': 0.0009495577828694701}
{'MSE - mean': 316509.1723289647, 'MSE - std': 16922.75077973508, 'R2 - mean': 0.9800650563383956, 'R2 - std': 0.0008223956248831456}
{'MSE - mean': 316543.2159187415, 'MSE - std': 15136.32158175952, 'R2 - mean': 0.9801149626418273, 'R2 - std': 0.000742314089553999}
Trial 67 finished with value: 316543.2159187415 and parameters: {'max_depth': 10, 'n_estimators': 51}. Best is trial 66 with value: 295454.55544477154.
{'MSE - mean': 330735.4819565943, 'MSE - std': 0.0, 'R2 - mean': 0.9784892721228351, 'R2 - std': 0.0}
{'MSE - mean': 332005.88723248127, 'MSE - std': 1270.405275887024, 'R2 - mean': 0.9787389484805133, 'R2 - std': 0.00024967635767819685}
{'MSE - mean': 344988.57470968406, 'MSE - std': 18389.570449164097, 'R2 - mean': 0.9781187567851237, 'R2 - std': 0.000900463399468624}
{'MSE - mean': 346938.80632227496, 'MSE - std': 16280.123955511634, 'R2 - mean': 0.9781458831880483, 'R2 - std': 0.0007812382962603793}
{'MSE - mean': 346736.07351332397, 'MSE - std': 14567.0295933234, 'R2 - mean': 0.9782160294581373, 'R2 - std': 0.0007127051404786849}
Trial 68 finished with value: 346736.07351332397 and parameters: {'max_depth': 9, 'n_estimators': 36}. Best is trial 66 with value: 295454.55544477154.
{'MSE - mean': 281530.26304431184, 'MSE - std': 0.0, 'R2 - mean': 0.9816895337575917, 'R2 - std': 0.0}
{'MSE - mean': 287387.480234241, 'MSE - std': 5857.217189929157, 'R2 - mean': 0.9816009735303153, 'R2 - std': 8.85602272764352e-05}
{'MSE - mean': 300483.8693212396, 'MSE - std': 19128.56876618793, 'R2 - mean': 0.9809467108957145, 'R2 - std': 0.0009280882497405785}
{'MSE - mean': 303262.72812689835, 'MSE - std': 17250.87754485107, 'R2 - mean': 0.9809023717526832, 'R2 - std': 0.0008074086501234299}
{'MSE - mean': 303296.1361354277, 'MSE - std': 15429.79861288193, 'R2 - mean': 0.9809495394737885, 'R2 - std': 0.00072830361683322}
Trial 69 finished with value: 303296.1361354277 and parameters: {'max_depth': 11, 'n_estimators': 47}. Best is trial 66 with value: 295454.55544477154.
{'MSE - mean': 298207.2850077875, 'MSE - std': 0.0, 'R2 - mean': 0.9806048757731034, 'R2 - std': 0.0}
{'MSE - mean': 299039.6961249972, 'MSE - std': 832.4111172096746, 'R2 - mean': 0.9808497322974348, 'R2 - std': 0.0002448565243313161}
{'MSE - mean': 309651.58450091264, 'MSE - std': 15022.85887077253, 'R2 - mean': 0.9803586478784649, 'R2 - std': 0.0007227016153167993}
{'MSE - mean': 312377.94331718364, 'MSE - std': 13840.657992795628, 'R2 - mean': 0.9803231160237813, 'R2 - std': 0.000628896459425494}
{'MSE - mean': 312784.1958904024, 'MSE - std': 12406.095902894574, 'R2 - mean': 0.9803496342095048, 'R2 - std': 0.0005649968690520241}
Trial 70 finished with value: 312784.1958904024 and parameters: {'max_depth': 12, 'n_estimators': 7}. Best is trial 66 with value: 295454.55544477154.
{'MSE - mean': 277035.6641092299, 'MSE - std': 0.0, 'R2 - mean': 0.9819818582884754, 'R2 - std': 0.0}
{'MSE - mean': 282246.37710599566, 'MSE - std': 5210.712996765709, 'R2 - mean': 0.9819295753983525, 'R2 - std': 5.228289012293441e-05}
{'MSE - mean': 294894.1758687182, 'MSE - std': 18385.7185620006, 'R2 - mean': 0.9813005548187407, 'R2 - std': 0.000890593124206147}
{'MSE - mean': 296536.7150166235, 'MSE - std': 16174.665061076976, 'R2 - mean': 0.9813241270409727, 'R2 - std': 0.0007723561572521588}
{'MSE - mean': 296452.11101071956, 'MSE - std': 14468.049738015117, 'R2 - mean': 0.9813778999966807, 'R2 - std': 0.0006991375758594041}
Trial 71 finished with value: 296452.11101071956 and parameters: {'max_depth': 12, 'n_estimators': 31}. Best is trial 66 with value: 295454.55544477154.
{'MSE - mean': 282375.0576524335, 'MSE - std': 0.0, 'R2 - mean': 0.9816345891026672, 'R2 - std': 0.0}
{'MSE - mean': 287242.4335345632, 'MSE - std': 4867.375882129709, 'R2 - mean': 0.9816092756612045, 'R2 - std': 2.5313441462726516e-05}
{'MSE - mean': 300125.1100889072, 'MSE - std': 18647.277077176142, 'R2 - mean': 0.9809685799860093, 'R2 - std': 0.0009063162122792597}
{'MSE - mean': 302154.3476440245, 'MSE - std': 16527.072395316427, 'R2 - mean': 0.9809705724459002, 'R2 - std': 0.0007849004504836394}
{'MSE - mean': 303253.0034337962, 'MSE - std': 14944.68051667949, 'R2 - mean': 0.9809516619575691, 'R2 - std': 0.0007030543364571672}
Trial 72 finished with value: 303253.0034337962 and parameters: {'max_depth': 11, 'n_estimators': 31}. Best is trial 66 with value: 295454.55544477154.
{'MSE - mean': 298296.94630488195, 'MSE - std': 0.0, 'R2 - mean': 0.9805990442858027, 'R2 - std': 0.0}
{'MSE - mean': 302028.1195353721, 'MSE - std': 3731.1732304901525, 'R2 - mean': 0.9806612380015962, 'R2 - std': 6.219371579352373e-05}
{'MSE - mean': 314547.65865846525, 'MSE - std': 17965.489755638082, 'R2 - mean': 0.9800519911425774, 'R2 - std': 0.0008631003278713817}
{'MSE - mean': 316950.8441026764, 'MSE - std': 16105.744858830874, 'R2 - mean': 0.9800375269606745, 'R2 - std': 0.0007478865352799978}
{'MSE - mean': 317119.6331032752, 'MSE - std': 14409.371008933676, 'R2 - mean': 0.9800790720637969, 'R2 - std': 0.0006740707663860507}
Trial 73 finished with value: 317119.6331032752 and parameters: {'max_depth': 10, 'n_estimators': 39}. Best is trial 66 with value: 295454.55544477154.
{'MSE - mean': 275063.2540249854, 'MSE - std': 0.0, 'R2 - mean': 0.9821101420043119, 'R2 - std': 0.0}
{'MSE - mean': 280622.1435401123, 'MSE - std': 5558.889515126881, 'R2 - mean': 0.9820339417096087, 'R2 - std': 7.620029470317702e-05}
{'MSE - mean': 294170.1997266475, 'MSE - std': 19690.1114258221, 'R2 - mean': 0.9813477654090003, 'R2 - std': 0.0009723923184471553}
{'MSE - mean': 295767.06848437915, 'MSE - std': 17274.991619657165, 'R2 - mean': 0.9813735237929953, 'R2 - std': 0.0008432974556877059}
{'MSE - mean': 296516.0510625648, 'MSE - std': 15523.664772761702, 'R2 - mean': 0.9813751685686052, 'R2 - std': 0.0007542753477097833}
Trial 74 finished with value: 296516.0510625648 and parameters: {'max_depth': 12, 'n_estimators': 28}. Best is trial 66 with value: 295454.55544477154.
{'MSE - mean': 332297.6320295841, 'MSE - std': 0.0, 'R2 - mean': 0.9783876713362349, 'R2 - std': 0.0}
{'MSE - mean': 333026.2226380296, 'MSE - std': 728.5906084455492, 'R2 - mean': 0.9786730639378496, 'R2 - std': 0.00028539260161469793}
{'MSE - mean': 344948.56132563495, 'MSE - std': 16871.224488669606, 'R2 - mean': 0.9781197262580642, 'R2 - std': 0.0008164952339796708}
{'MSE - mean': 346194.4607880299, 'MSE - std': 14769.409542073838, 'R2 - mean': 0.9781906961832589, 'R2 - std': 0.0007177106249597359}
{'MSE - mean': 346250.82005101803, 'MSE - std': 13210.642378147235, 'R2 - mean': 0.9782450281785664, 'R2 - std': 0.0006510719590033349}
Trial 75 finished with value: 346250.82005101803 and parameters: {'max_depth': 9, 'n_estimators': 27}. Best is trial 66 with value: 295454.55544477154.
{'MSE - mean': 275146.58736182924, 'MSE - std': 0.0, 'R2 - mean': 0.9821047220816554, 'R2 - std': 0.0}
{'MSE - mean': 281458.6142006719, 'MSE - std': 6312.026838842634, 'R2 - mean': 0.981981123399039, 'R2 - std': 0.00012359868261641038}
{'MSE - mean': 295314.7832348959, 'MSE - std': 20261.983182456665, 'R2 - mean': 0.9812759693501785, 'R2 - std': 0.0010023317256004328}
{'MSE - mean': 297816.56928596727, 'MSE - std': 18074.50613988175, 'R2 - mean': 0.9812461691592462, 'R2 - std': 0.000869577955244759}
{'MSE - mean': 297670.9369354887, 'MSE - std': 16168.953363978824, 'R2 - mean': 0.981303415682494, 'R2 - std': 0.0007861560366072079}
Trial 76 finished with value: 297670.9369354887 and parameters: {'max_depth': 12, 'n_estimators': 35}. Best is trial 66 with value: 295454.55544477154.
{'MSE - mean': 299887.6454087629, 'MSE - std': 0.0, 'R2 - mean': 0.9804955866968086, 'R2 - std': 0.0}
{'MSE - mean': 302581.5538609682, 'MSE - std': 2693.908452205331, 'R2 - mean': 0.980624760731712, 'R2 - std': 0.00012917403490342316}
{'MSE - mean': 316261.9442702785, 'MSE - std': 19471.627016461804, 'R2 - mean': 0.9799438183387714, 'R2 - std': 0.000968756439567135}
{'MSE - mean': 319280.6296868312, 'MSE - std': 17654.902405096378, 'R2 - mean': 0.9798919615057935, 'R2 - std': 0.0008437619171197548}
{'MSE - mean': 319722.6926887727, 'MSE - std': 15815.75612917461, 'R2 - mean': 0.9799166676434021, 'R2 - std': 0.0007562994851032374}
Trial 77 finished with value: 319722.6926887727 and parameters: {'max_depth': 10, 'n_estimators': 19}. Best is trial 66 with value: 295454.55544477154.
{'MSE - mean': 279808.53860732116, 'MSE - std': 0.0, 'R2 - mean': 0.9818015131122847, 'R2 - std': 0.0}
{'MSE - mean': 287040.8024170371, 'MSE - std': 7232.263809715951, 'R2 - mean': 0.9816245464963602, 'R2 - std': 0.0001769666159244787}
{'MSE - mean': 299191.2717118441, 'MSE - std': 18169.706511397264, 'R2 - mean': 0.9810285883880066, 'R2 - std': 0.000855108329936118}
{'MSE - mean': 301197.6982880146, 'MSE - std': 16114.618172622777, 'R2 - mean': 0.9810313947281109, 'R2 - std': 0.0007405614887225408}
{'MSE - mean': 301483.4779658638, 'MSE - std': 14424.680765154764, 'R2 - mean': 0.9810627431972465, 'R2 - std': 0.0006653389819721499}
Trial 78 finished with value: 301483.4779658638 and parameters: {'max_depth': 11, 'n_estimators': 55}. Best is trial 66 with value: 295454.55544477154.
{'MSE - mean': 1119745.892069094, 'MSE - std': 0.0, 'R2 - mean': 0.9271727695094031, 'R2 - std': 0.0}
{'MSE - mean': 1123942.5544100436, 'MSE - std': 4196.662340949522, 'R2 - mean': 0.9280246648683272, 'R2 - std': 0.0008518953589241041}
{'MSE - mean': 1150042.2708425422, 'MSE - std': 37069.28259691087, 'R2 - mean': 0.9270377958168123, 'R2 - std': 0.001559371086275892}
{'MSE - mean': 1175716.1499616534, 'MSE - std': 54845.62873425205, 'R2 - mean': 0.9259498726313791, 'R2 - std': 0.0023182879913299734}
{'MSE - mean': 1175823.5490712249, 'MSE - std': 49055.891911974024, 'R2 - mean': 0.9261362574979639, 'R2 - std': 0.0021067806346564285}
