Trial 25 finished with value: 322407.0581134025 and parameters: {'max_depth': 10, 'n_estimators': 17}. Best is trial 14 with value: 295628.8830232158.
{'MSE - mean': 278253.79689374927, 'MSE - std': 0.0, 'R2 - mean': 0.9819026320660845, 'R2 - std': 0.0}
{'MSE - mean': 286182.49295994616, 'MSE - std': 7928.696066196862, 'R2 - mean': 0.9816802087403464, 'R2 - std': 0.00022242332573801926}
{'MSE - mean': 298930.277425372, 'MSE - std': 19155.195076723245, 'R2 - mean': 0.981046298649421, 'R2 - std': 0.0009146941732855103}
{'MSE - mean': 297897.5154534133, 'MSE - std': 16685.05066497144, 'R2 - mean': 0.9812362706960565, 'R2 - std': 0.0008577687383498979}
{'MSE - mean': 298051.18500712654, 'MSE - std': 14926.727366743347, 'R2 - mean': 0.9812758853639101, 'R2 - std': 0.0007712918088693463}
Trial 26 finished with value: 298051.18500712654 and parameters: {'max_depth': 12, 'n_estimators': 27}. Best is trial 14 with value: 295628.8830232158.
{'MSE - mean': 477202.19524638634, 'MSE - std': 0.0, 'R2 - mean': 0.9689632134308531, 'R2 - std': 0.0}
{'MSE - mean': 469717.4885307957, 'MSE - std': 7484.706715590699, 'R2 - mean': 0.969910893752755, 'R2 - std': 0.0009476803219017893}
{'MSE - mean': 489886.00731465296, 'MSE - std': 29169.942114247555, 'R2 - mean': 0.9689242964871555, 'R2 - std': 0.001595456149190526}
{'MSE - mean': 490587.5324952645, 'MSE - std': 25291.11612698243, 'R2 - mean': 0.9690914825515577, 'R2 - std': 0.0014117236922937045}
{'MSE - mean': 487361.9905313266, 'MSE - std': 23522.944709438605, 'R2 - mean': 0.9693745153717372, 'R2 - std': 0.0013837634681916134}
Trial 27 finished with value: 487361.9905313266 and parameters: {'max_depth': 7, 'n_estimators': 46}. Best is trial 14 with value: 295628.8830232158.
{'MSE - mean': 333665.2932767421, 'MSE - std': 0.0, 'R2 - mean': 0.9782987199218245, 'R2 - std': 0.0}
{'MSE - mean': 332075.2807240603, 'MSE - std': 1590.0125526817865, 'R2 - mean': 0.9787316523244991, 'R2 - std': 0.00043293240267466837}
{'MSE - mean': 345294.2267018379, 'MSE - std': 18739.436814872348, 'R2 - mean': 0.9780977248765342, 'R2 - std': 0.0009636813073265447}
{'MSE - mean': 346281.46006543667, 'MSE - std': 16318.662881699365, 'R2 - mean': 0.9781848257035763, 'R2 - std': 0.000848098407487136}
{'MSE - mean': 347295.27102311153, 'MSE - std': 14736.019042768934, 'R2 - mean': 0.9781797331100499, 'R2 - std': 0.0007586306512797059}
Trial 28 finished with value: 347295.27102311153 and parameters: {'max_depth': 9, 'n_estimators': 18}. Best is trial 14 with value: 295628.8830232158.
{'MSE - mean': 622965.3382574699, 'MSE - std': 0.0, 'R2 - mean': 0.9594829142948712, 'R2 - std': 0.0}
{'MSE - mean': 616768.0433136944, 'MSE - std': 6197.294943775574, 'R2 - mean': 0.9604947670209478, 'R2 - std': 0.001011852726076623}
{'MSE - mean': 638108.6064238372, 'MSE - std': 30601.36561434376, 'R2 - mean': 0.959518595728738, 'R2 - std': 0.0016088457797383362}
{'MSE - mean': 640820.4316966316, 'MSE - std': 26914.58103013225, 'R2 - mean': 0.959626214952284, 'R2 - std': 0.0014057148533989051}
{'MSE - mean': 640092.3422540625, 'MSE - std': 24117.134874764153, 'R2 - mean': 0.9597793003975678, 'R2 - std': 0.0012940510088415894}
Trial 29 finished with value: 640092.3422540625 and parameters: {'max_depth': 6, 'n_estimators': 10}. Best is trial 14 with value: 295628.8830232158.
{'MSE - mean': 467807.87579665636, 'MSE - std': 0.0, 'R2 - mean': 0.969574211223043, 'R2 - std': 0.0}
{'MSE - mean': 469852.9126843298, 'MSE - std': 2045.0368876733992, 'R2 - mean': 0.9699117228143839, 'R2 - std': 0.0003375115913409332}
{'MSE - mean': 489835.20391726325, 'MSE - std': 28308.515381126963, 'R2 - mean': 0.9689336431211136, 'R2 - std': 0.0014103979895646946}
{'MSE - mean': 490216.2032140192, 'MSE - std': 24524.77346898462, 'R2 - mean': 0.9691190579299098, 'R2 - std': 0.001262954005769332}
{'MSE - mean': 487263.64043577027, 'MSE - std': 22716.560452718484, 'R2 - mean': 0.9693842232640357, 'R2 - std': 0.0012479154114920256}
Trial 30 finished with value: 487263.64043577027 and parameters: {'max_depth': 7, 'n_estimators': 62}. Best is trial 14 with value: 295628.8830232158.
{'MSE - mean': 276086.1192562969, 'MSE - std': 0.0, 'R2 - mean': 0.9820436158018143, 'R2 - std': 0.0}
{'MSE - mean': 282766.7654606225, 'MSE - std': 6680.646204325632, 'R2 - mean': 0.981897714329274, 'R2 - std': 0.0001459014725402885}
{'MSE - mean': 297753.6229390988, 'MSE - std': 21885.287675328847, 'R2 - mean': 0.9811227081876083, 'R2 - std': 0.0011024792661839295}
{'MSE - mean': 299706.0370595432, 'MSE - std': 19252.53555163729, 'R2 - mean': 0.9811274994708854, 'R2 - std': 0.0009548111166405724}
{'MSE - mean': 299300.06931033346, 'MSE - std': 17239.122349680103, 'R2 - mean': 0.9812011722862101, 'R2 - std': 0.0008666268802891779}
Trial 31 finished with value: 299300.06931033346 and parameters: {'max_depth': 12, 'n_estimators': 25}. Best is trial 14 with value: 295628.8830232158.
{'MSE - mean': 279324.38654209184, 'MSE - std': 0.0, 'R2 - mean': 0.9818330019119282, 'R2 - std': 0.0}
{'MSE - mean': 282320.5416442675, 'MSE - std': 2996.1551021756604, 'R2 - mean': 0.9819226176674957, 'R2 - std': 8.961575556742929e-05}
{'MSE - mean': 295567.4230900111, 'MSE - std': 18892.971347550632, 'R2 - mean': 0.9812570345034407, 'R2 - std': 0.0009441164576705066}
{'MSE - mean': 297144.71962344745, 'MSE - std': 16588.30515205509, 'R2 - mean': 0.981285125791939, 'R2 - std': 0.000819075256433579}
{'MSE - mean': 297607.6055252062, 'MSE - std': 14865.885365034468, 'R2 - mean': 0.9813051069989347, 'R2 - std': 0.0007336923163652443}
Trial 32 finished with value: 297607.6055252062 and parameters: {'max_depth': 12, 'n_estimators': 29}. Best is trial 14 with value: 295628.8830232158.
{'MSE - mean': 331781.7458655135, 'MSE - std': 0.0, 'R2 - mean': 0.978421224092127, 'R2 - std': 0.0}
{'MSE - mean': 332883.113489753, 'MSE - std': 1101.3676242395013, 'R2 - mean': 0.9786826006203305, 'R2 - std': 0.0002613765282035718}
{'MSE - mean': 345365.87284124753, 'MSE - std': 17676.177070201822, 'R2 - mean': 0.9780941262649768, 'R2 - std': 0.0008591561325790701}
{'MSE - mean': 346332.83603142365, 'MSE - std': 15399.366230345762, 'R2 - mean': 0.9781822723105176, 'R2 - std': 0.0007595532378606445}
{'MSE - mean': 346176.9812763877, 'MSE - std': 13777.13856559917, 'R2 - mean': 0.9782497603847264, 'R2 - std': 0.0006926438172375607}
Trial 33 finished with value: 346176.9812763877 and parameters: {'max_depth': 9, 'n_estimators': 42}. Best is trial 14 with value: 295628.8830232158.
{'MSE - mean': 281789.0043866036, 'MSE - std': 0.0, 'R2 - mean': 0.9816727054615417, 'R2 - std': 0.0}
{'MSE - mean': 287965.46040964185, 'MSE - std': 6176.456023038278, 'R2 - mean': 0.9815642768347256, 'R2 - std': 0.00010842862681614829}
{'MSE - mean': 300368.9282025071, 'MSE - std': 18251.69670415075, 'R2 - mean': 0.9809534278050581, 'R2 - std': 0.0008683956004225491}
{'MSE - mean': 302484.2070406462, 'MSE - std': 16225.490381633072, 'R2 - mean': 0.9809501363247102, 'R2 - std': 0.0007520742587361785}
{'MSE - mean': 303121.41390712454, 'MSE - std': 14568.368503793507, 'R2 - mean': 0.980959896689496, 'R2 - std': 0.0006729588482261463}
Trial 34 finished with value: 303121.41390712454 and parameters: {'max_depth': 11, 'n_estimators': 30}. Best is trial 14 with value: 295628.8830232158.
{'MSE - mean': 282677.0980693708, 'MSE - std': 0.0, 'R2 - mean': 0.9816149446751078, 'R2 - std': 0.0}
{'MSE - mean': 288137.05961817014, 'MSE - std': 5459.961548799358, 'R2 - mean': 0.9815525728790607, 'R2 - std': 6.237179604706711e-05}
{'MSE - mean': 300618.5878393141, 'MSE - std': 18205.8016452633, 'R2 - mean': 0.9809371943774958, 'R2 - std': 0.0008717653895045094}
{'MSE - mean': 302646.8034512712, 'MSE - std': 16153.308820974218, 'R2 - mean': 0.9809394824482243, 'R2 - std': 0.0007549813749732088}
{'MSE - mean': 302329.8250177796, 'MSE - std': 14461.860530436805, 'R2 - mean': 0.9810086661560519, 'R2 - std': 0.0006893062040633503}
Trial 35 finished with value: 302329.8250177796 and parameters: {'max_depth': 11, 'n_estimators': 62}. Best is trial 14 with value: 295628.8830232158.
{'MSE - mean': 329105.5335294582, 'MSE - std': 0.0, 'R2 - mean': 0.978595282451278, 'R2 - std': 0.0}
{'MSE - mean': 333205.5703157149, 'MSE - std': 4100.036786256678, 'R2 - mean': 0.9786649397489459, 'R2 - std': 6.965729766783557e-05}
{'MSE - mean': 345966.5553714877, 'MSE - std': 18354.6273989172, 'R2 - mean': 0.978058310895, 'R2 - std': 0.0008597859572543146}
{'MSE - mean': 347619.8387709131, 'MSE - std': 16151.448796044839, 'R2 - mean': 0.978103785959886, 'R2 - std': 0.000748750868979776}
{'MSE - mean': 347170.1023963503, 'MSE - std': 14474.269922708574, 'R2 - mean': 0.9781892390392004, 'R2 - std': 0.000691166554526194}
Trial 36 finished with value: 347170.1023963503 and parameters: {'max_depth': 9, 'n_estimators': 28}. Best is trial 14 with value: 295628.8830232158.
{'MSE - mean': 483789.9054668457, 'MSE - std': 0.0, 'R2 - mean': 0.9685347548903676, 'R2 - std': 0.0}
{'MSE - mean': 482139.22069798264, 'MSE - std': 1650.6847688630805, 'R2 - mean': 0.9691211982594841, 'R2 - std': 0.0005864433691165072}
{'MSE - mean': 500294.46909915336, 'MSE - std': 25710.748643719602, 'R2 - mean': 0.9682652373954842, 'R2 - std': 0.0013017738736762908}
{'MSE - mean': 500739.0424808892, 'MSE - std': 22279.472241070725, 'R2 - mean': 0.9684524542411175, 'R2 - std': 0.0011730779409341633}
{'MSE - mean': 498188.71796595166, 'MSE - std': 20569.796479267316, 'R2 - mean': 0.9686951123270697, 'R2 - std': 0.0011560368813827871}
Trial 37 finished with value: 498188.71796595166 and parameters: {'max_depth': 7, 'n_estimators': 20}. Best is trial 14 with value: 295628.8830232158.
{'MSE - mean': 298903.21208511596, 'MSE - std': 0.0, 'R2 - mean': 0.9805596133238065, 'R2 - std': 0.0}
{'MSE - mean': 301982.257148955, 'MSE - std': 3079.045063839032, 'R2 - mean': 0.9806635248977542, 'R2 - std': 0.00010391157394773476}
{'MSE - mean': 315791.4128478426, 'MSE - std': 19690.249056381774, 'R2 - mean': 0.9799740865764625, 'R2 - std': 0.0009786975058028}
{'MSE - mean': 318155.40078038885, 'MSE - std': 17536.95377659502, 'R2 - mean': 0.9799623277811582, 'R2 - std': 0.0008478215694941279}
{'MSE - mean': 318018.63026573334, 'MSE - std': 15687.913274386137, 'R2 - mean': 0.980022931377858, 'R2 - std': 0.0007679403067240312}
Trial 38 finished with value: 318018.63026573334 and parameters: {'max_depth': 10, 'n_estimators': 34}. Best is trial 14 with value: 295628.8830232158.
{'MSE - mean': 283181.65602957347, 'MSE - std': 0.0, 'R2 - mean': 0.9815821286950503, 'R2 - std': 0.0}
{'MSE - mean': 288388.2774498712, 'MSE - std': 5206.6214202977135, 'R2 - mean': 0.9815362317890415, 'R2 - std': 4.5896906008813236e-05}
{'MSE - mean': 300476.21418058197, 'MSE - std': 17615.590629350732, 'R2 - mean': 0.9809456134618316, 'R2 - std': 0.0008361006922175584}
{'MSE - mean': 301919.4154253847, 'MSE - std': 15458.98652611654, 'R2 - mean': 0.9809840981574757, 'R2 - std': 0.0007271461277085028}
{'MSE - mean': 302345.1203379719, 'MSE - std': 13853.126369961607, 'R2 - mean': 0.9810072352430321, 'R2 - std': 0.0006520233828210075}
Trial 39 finished with value: 302345.1203379719 and parameters: {'max_depth': 11, 'n_estimators': 39}. Best is trial 14 with value: 295628.8830232158.
{'MSE - mean': 382039.6449517034, 'MSE - std': 0.0, 'R2 - mean': 0.97515249711876, 'R2 - std': 0.0}
{'MSE - mean': 383279.0588172367, 'MSE - std': 1239.4138655333372, 'R2 - mean': 0.975455281560234, 'R2 - std': 0.0003027844414740799}
{'MSE - mean': 399308.33298499044, 'MSE - std': 22691.393930521015, 'R2 - mean': 0.9746744625285624, 'R2 - std': 0.0011315810469310625}
{'MSE - mean': 401531.04691230645, 'MSE - std': 20024.881784685225, 'R2 - mean': 0.9747077471825373, 'R2 - std': 0.0009816722232501474}
{'MSE - mean': 399433.1068486016, 'MSE - std': 18395.70934854338, 'R2 - mean': 0.9749046183003551, 'R2 - std': 0.0009622771073054212}
Trial 40 finished with value: 399433.1068486016 and parameters: {'max_depth': 8, 'n_estimators': 26}. Best is trial 14 with value: 295628.8830232158.
{'MSE - mean': 274594.3775222848, 'MSE - std': 0.0, 'R2 - mean': 0.9821406372955879, 'R2 - std': 0.0}
{'MSE - mean': 282421.8212979439, 'MSE - std': 7827.443775659078, 'R2 - mean': 0.9819209486866114, 'R2 - std': 0.0002196886089764205}
{'MSE - mean': 295511.7299305702, 'MSE - std': 19584.109206064953, 'R2 - mean': 0.9812636017335835, 'R2 - std': 0.0009467763322204933}
{'MSE - mean': 297955.86687830125, 'MSE - std': 17480.686951721927, 'R2 - mean': 0.9812374126278351, 'R2 - std': 0.0008211861392031434}
{'MSE - mean': 298100.12307328277, 'MSE - std': 15637.863423193183, 'R2 - mean': 0.9812766586143702, 'R2 - std': 0.0007386733581305923}
Trial 41 finished with value: 298100.12307328277 and parameters: {'max_depth': 12, 'n_estimators': 19}. Best is trial 14 with value: 295628.8830232158.
{'MSE - mean': 277796.3102224488, 'MSE - std': 0.0, 'R2 - mean': 0.9819323865733287, 'R2 - std': 0.0}
{'MSE - mean': 282174.4735217655, 'MSE - std': 4378.163299316715, 'R2 - mean': 0.9819333501304083, 'R2 - std': 9.635570795696324e-07}
{'MSE - mean': 296117.0347135895, 'MSE - std': 20039.18414238719, 'R2 - mean': 0.981223862452112, 'R2 - std': 0.0010033674054252136}
{'MSE - mean': 297892.5987907138, 'MSE - std': 17624.827919593976, 'R2 - mean': 0.9812395305342925, 'R2 - std': 0.0008693653312042812}
{'MSE - mean': 298174.02419699274, 'MSE - std': 15774.170291759765, 'R2 - mean': 0.9812706128059586, 'R2 - std': 0.000780064929174268}
Trial 42 finished with value: 298174.02419699274 and parameters: {'max_depth': 12, 'n_estimators': 21}. Best is trial 14 with value: 295628.8830232158.
{'MSE - mean': 299492.2015924103, 'MSE - std': 0.0, 'R2 - mean': 0.9805213059945204, 'R2 - std': 0.0}
{'MSE - mean': 303305.3520923561, 'MSE - std': 3813.1504999457684, 'R2 - mean': 0.9805795232227238, 'R2 - std': 5.821722820342767e-05}
{'MSE - mean': 316046.3805290456, 'MSE - std': 18285.54134845031, 'R2 - mean': 0.9799571724425541, 'R2 - std': 0.0008814195846826466}
{'MSE - mean': 318717.0638277842, 'MSE - std': 16497.52753144843, 'R2 - mean': 0.9799267802933671, 'R2 - std': 0.0007651446996439293}
{'MSE - mean': 319257.1979314991, 'MSE - std': 14795.327340775622, 'R2 - mean': 0.9799454328532585, 'R2 - std': 0.0006853822299101109}
Trial 43 finished with value: 319257.1979314991 and parameters: {'max_depth': 10, 'n_estimators': 18}. Best is trial 14 with value: 295628.8830232158.
{'MSE - mean': 283167.9904116097, 'MSE - std': 0.0, 'R2 - mean': 0.9815830174941218, 'R2 - std': 0.0}
{'MSE - mean': 287596.5522081964, 'MSE - std': 4428.5617965866695, 'R2 - mean': 0.981586159664407, 'R2 - std': 3.142170285186374e-06}
{'MSE - mean': 300457.21741601266, 'MSE - std': 18543.68335127975, 'R2 - mean': 0.9809471838657399, 'R2 - std': 0.0009036518824860774}
{'MSE - mean': 303483.348847162, 'MSE - std': 16893.00324069603, 'R2 - mean': 0.9808878770282223, 'R2 - std': 0.0007892983887411959}
{'MSE - mean': 303523.9905208681, 'MSE - std': 15109.780070361707, 'R2 - mean': 0.980934751192047, 'R2 - std': 0.0007121673301356946}
Trial 44 finished with value: 303523.9905208681 and parameters: {'max_depth': 11, 'n_estimators': 31}. Best is trial 14 with value: 295628.8830232158.
{'MSE - mean': 608144.7102776853, 'MSE - std': 0.0, 'R2 - mean': 0.960446834142708, 'R2 - std': 0.0}
{'MSE - mean': 606907.7240886546, 'MSE - std': 1236.9861890307511, 'R2 - mean': 0.9611311873139391, 'R2 - std': 0.0006843531712310558}
{'MSE - mean': 626864.7360390574, 'MSE - std': 28241.54283789993, 'R2 - mean': 0.9602339780761819, 'R2 - std': 0.0013864324750775612}
{'MSE - mean': 629883.6310801744, 'MSE - std': 25010.592520101283, 'R2 - mean': 0.9603172821345834, 'R2 - std': 0.0012093241725859786}
{'MSE - mean': 627370.898180707, 'MSE - std': 22927.69279848062, 'R2 - mean': 0.9605790616780171, 'R2 - std': 0.001201701327685891}
Trial 45 finished with value: 627370.898180707 and parameters: {'max_depth': 6, 'n_estimators': 44}. Best is trial 14 with value: 295628.8830232158.
{'MSE - mean': 337057.8214548481, 'MSE - std': 0.0, 'R2 - mean': 0.978078073047098, 'R2 - std': 0.0}
{'MSE - mean': 336355.0319739202, 'MSE - std': 702.7894809279242, 'R2 - mean': 0.9784584531615543, 'R2 - std': 0.0003803801144563468}
{'MSE - mean': 347234.9504760302, 'MSE - std': 15397.224704302409, 'R2 - mean': 0.9779724648832736, 'R2 - std': 0.0007542072444417676}
{'MSE - mean': 348246.5809597146, 'MSE - std': 13449.017999565765, 'R2 - mean': 0.9780594316166615, 'R2 - std': 0.0006703066938534819}
{'MSE - mean': 349560.7991265662, 'MSE - std': 12312.9828101255, 'R2 - mean': 0.9780363127851013, 'R2 - std': 0.0006013208565738194}
Trial 46 finished with value: 349560.7991265662 and parameters: {'max_depth': 9, 'n_estimators': 15}. Best is trial 14 with value: 295628.8830232158.
{'MSE - mean': 274569.78512271686, 'MSE - std': 0.0, 'R2 - mean': 0.9821422367623637, 'R2 - std': 0.0}
{'MSE - mean': 283664.6868970236, 'MSE - std': 9094.901774306723, 'R2 - mean': 0.9818426168524756, 'R2 - std': 0.0002996199098880825}
{'MSE - mean': 297075.40097002994, 'MSE - std': 20367.604901380004, 'R2 - mean': 0.9811655619708469, 'R2 - std': 0.0009882584104079176}
{'MSE - mean': 298183.1085892123, 'MSE - std': 17742.901272701234, 'R2 - mean': 0.9812222359461624, 'R2 - std': 0.0008614678361614571}
{'MSE - mean': 298705.37080406793, 'MSE - std': 15904.070791546486, 'R2 - mean': 0.9812381945151764, 'R2 - std': 0.0007711810227776937}
Trial 47 finished with value: 298705.37080406793 and parameters: {'max_depth': 12, 'n_estimators': 21}. Best is trial 14 with value: 295628.8830232158.
{'MSE - mean': 1167963.2180316297, 'MSE - std': 0.0, 'R2 - mean': 0.9240367595125054, 'R2 - std': 0.0}
{'MSE - mean': 1147525.9519267962, 'MSE - std': 20437.26610483334, 'R2 - mean': 0.9264897751858565, 'R2 - std': 0.0024530156733511554}
{'MSE - mean': 1168448.6123291755, 'MSE - std': 33970.13394909945, 'R2 - mean': 0.9258472370575538, 'R2 - std': 0.002199371369683461}
{'MSE - mean': 1187314.454091279, 'MSE - std': 43968.5962542358, 'R2 - mean': 0.9251931268322651, 'R2 - std': 0.0022161918637201425}
{'MSE - mean': 1186980.2480464545, 'MSE - std': 39332.38792618608, 'R2 - mean': 0.925414117233861, 'R2 - std': 0.0020308993406482324}
Trial 48 finished with value: 1186980.2480464545 and parameters: {'max_depth': 4, 'n_estimators': 99}. Best is trial 14 with value: 295628.8830232158.
{'MSE - mean': 290556.85185954144, 'MSE - std': 0.0, 'R2 - mean': 0.9811024528235632, 'R2 - std': 0.0}
{'MSE - mean': 298299.57391793415, 'MSE - std': 7742.722058392712, 'R2 - mean': 0.9809040213139597, 'R2 - std': 0.00019843150960352496}
{'MSE - mean': 309405.67831744347, 'MSE - std': 16930.965904163528, 'R2 - mean': 0.9803794132991338, 'R2 - std': 0.0007593926396193795}
{'MSE - mean': 311359.81444413477, 'MSE - std': 15048.227431856585, 'R2 - mean': 0.9803901426258059, 'R2 - std': 0.0006579158313823842}
{'MSE - mean': 312285.3252144976, 'MSE - std': 13586.228314618276, 'R2 - mean': 0.9803836351605488, 'R2 - std': 0.000588601717091574}
Trial 49 finished with value: 312285.3252144976 and parameters: {'max_depth': 11, 'n_estimators': 12}. Best is trial 14 with value: 295628.8830232158.
{'MSE - mean': 875895.8745590149, 'MSE - std': 0.0, 'R2 - mean': 0.9430325476573964, 'R2 - std': 0.0}
{'MSE - mean': 855523.2982037145, 'MSE - std': 20372.576355300378, 'R2 - mean': 0.9451902711578488, 'R2 - std': 0.0021577235004523465}
{'MSE - mean': 867232.6899355735, 'MSE - std': 23471.56338413112, 'R2 - mean': 0.9449553584326637, 'R2 - std': 0.0017928232241850774}
{'MSE - mean': 862463.2828116014, 'MSE - std': 21941.45502727776, 'R2 - mean': 0.9456303459517144, 'R2 - std': 0.0019435755162858076}
{'MSE - mean': 865677.102082233, 'MSE - std': 20650.823135855157, 'R2 - mean': 0.9455820175319813, 'R2 - std': 0.0017410718464842463}
Trial 50 finished with value: 865677.102082233 and parameters: {'max_depth': 5, 'n_estimators': 5}. Best is trial 14 with value: 295628.8830232158.
{'MSE - mean': 278624.0941896369, 'MSE - std': 0.0, 'R2 - mean': 0.9818785482746559, 'R2 - std': 0.0}
{'MSE - mean': 282931.4415057991, 'MSE - std': 4307.347316162253, 'R2 - mean': 0.9818848017841675, 'R2 - std': 6.253509511500166e-06}
{'MSE - mean': 295770.8796502401, 'MSE - std': 18495.166152210913, 'R2 - mean': 0.9812445274295046, 'R2 - std': 0.0009054990720032322}
{'MSE - mean': 298080.8243542818, 'MSE - std': 16509.418883037848, 'R2 - mean': 0.9812273902834755, 'R2 - std': 0.0007847467568401287}
{'MSE - mean': 298717.49732886406, 'MSE - std': 14821.273204105613, 'R2 - mean': 0.981236477625497, 'R2 - std': 0.0007021341018900514}
Trial 51 finished with value: 298717.49732886406 and parameters: {'max_depth': 12, 'n_estimators': 22}. Best is trial 14 with value: 295628.8830232158.
{'MSE - mean': 275533.9597161969, 'MSE - std': 0.0, 'R2 - mean': 0.9820795277443178, 'R2 - std': 0.0}
{'MSE - mean': 282330.6623529612, 'MSE - std': 6796.702636764268, 'R2 - mean': 0.9819257589580654, 'R2 - std': 0.0001537687862523951}
{'MSE - mean': 294687.6375658857, 'MSE - std': 18335.387932830734, 'R2 - mean': 0.9813143864379921, 'R2 - std': 0.0008736795425203533}
{'MSE - mean': 296465.69285690953, 'MSE - std': 16174.803857832687, 'R2 - mean': 0.9813293239251741, 'R2 - std': 0.0007570708968345496}
{'MSE - mean': 297031.1325091043, 'MSE - std': 14511.316682940382, 'R2 - mean': 0.9813425324903886, 'R2 - std': 0.0006776598992467983}
