Trial 74 finished with value: 4226570.594040373 and parameters: {'max_depth': 10, 'n_estimators': 85}. Best is trial 63 with value: 4092949.9948284873.
{'MSE - mean': 3976648.391420948, 'MSE - std': 0.0, 'R2 - mean': 0.5340736208746062, 'R2 - std': 0.0}
{'MSE - mean': 4000139.818975484, 'MSE - std': 23491.427554536378, 'R2 - mean': 0.5158081229138234, 'R2 - std': 0.01826549796078286}
{'MSE - mean': 4133759.038954144, 'MSE - std': 189937.06854581527, 'R2 - mean': 0.5130951836405606, 'R2 - std': 0.015399318908241736}
{'MSE - mean': 4221009.364131282, 'MSE - std': 223371.71986709174, 'R2 - mean': 0.5043031672225451, 'R2 - std': 0.020242354734868673}
{'MSE - mean': 4164804.7766725966, 'MSE - std': 229241.71259766433, 'R2 - mean': 0.5061418814917014, 'R2 - std': 0.018475005299707043}
Trial 75 finished with value: 4164804.7766725966 and parameters: {'max_depth': 11, 'n_estimators': 62}. Best is trial 63 with value: 4092949.9948284873.
{'MSE - mean': 3921746.6161730345, 'MSE - std': 0.0, 'R2 - mean': 0.5405062200966049, 'R2 - std': 0.0}
{'MSE - mean': 3946261.7308927663, 'MSE - std': 24515.1147197315, 'R2 - mean': 0.522324561369256, 'R2 - std': 0.018181658727348893}
{'MSE - mean': 4083973.451149197, 'MSE - std': 195779.71385833525, 'R2 - mean': 0.5189907338220565, 'R2 - std': 0.015575962943398398}
{'MSE - mean': 4168628.382228527, 'MSE - std': 224157.63278768197, 'R2 - mean': 0.5104766324554754, 'R2 - std': 0.019985688190598934}
{'MSE - mean': 4109444.9957964607, 'MSE - std': 232826.13338680676, 'R2 - mean': 0.512742055117819, 'R2 - std': 0.01844100716657624}
Trial 76 finished with value: 4109444.9957964607 and parameters: {'max_depth': 12, 'n_estimators': 68}. Best is trial 63 with value: 4092949.9948284873.
{'MSE - mean': 3926656.9772471464, 'MSE - std': 0.0, 'R2 - mean': 0.5399308947144577, 'R2 - std': 0.0}
{'MSE - mean': 3949668.8606819655, 'MSE - std': 23011.883434819058, 'R2 - mean': 0.5219180224956737, 'R2 - std': 0.01801287221878395}
{'MSE - mean': 4086073.8469643183, 'MSE - std': 193818.65687163098, 'R2 - mean': 0.5187388400205888, 'R2 - std': 0.015379318779883135}
{'MSE - mean': 4164494.287703854, 'MSE - std': 215924.87209905052, 'R2 - mean': 0.5109526413420966, 'R2 - std': 0.018954346577574558}
{'MSE - mean': 4106000.6676394343, 'MSE - std': 225798.26098921942, 'R2 - mean': 0.5131397852565771, 'R2 - std': 0.01750851785151574}
Trial 77 finished with value: 4106000.6676394343 and parameters: {'max_depth': 12, 'n_estimators': 88}. Best is trial 63 with value: 4092949.9948284873.
{'MSE - mean': 3961134.485552792, 'MSE - std': 0.0, 'R2 - mean': 0.5358913169029591, 'R2 - std': 0.0}
{'MSE - mean': 3992834.8423847277, 'MSE - std': 31700.3568319357, 'R2 - mean': 0.5166605296606137, 'R2 - std': 0.01923078724234545}
{'MSE - mean': 4142933.4704719502, 'MSE - std': 213843.7234435015, 'R2 - mean': 0.512092334376489, 'R2 - std': 0.016978975281644677}
{'MSE - mean': 4222671.716642895, 'MSE - std': 231022.54705848524, 'R2 - mean': 0.5041587857765716, 'R2 - std': 0.0201255504613609}
{'MSE - mean': 4166293.926238063, 'MSE - std': 235395.3160180478, 'R2 - mean': 0.5060067102302395, 'R2 - std': 0.018376330543503044}
Trial 78 finished with value: 4166293.926238063 and parameters: {'max_depth': 11, 'n_estimators': 75}. Best is trial 63 with value: 4092949.9948284873.
{'MSE - mean': 4105966.34054451, 'MSE - std': 0.0, 'R2 - mean': 0.5189220062835225, 'R2 - std': 0.0}
{'MSE - mean': 4118442.1683302624, 'MSE - std': 12475.827785752015, 'R2 - mean': 0.5015335135572343, 'R2 - std': 0.01738849272628823}
{'MSE - mean': 4243317.605930311, 'MSE - std': 176894.0756994628, 'R2 - mean': 0.5001455117457989, 'R2 - std': 0.01433269749855954}
{'MSE - mean': 4326455.896562224, 'MSE - std': 210248.80884505648, 'R2 - mean': 0.49187994805767987, 'R2 - std': 0.018948041915616682}
{'MSE - mean': 4268064.862618743, 'MSE - std': 221363.27761525134, 'R2 - mean': 0.49386921105267323, 'R2 - std': 0.017408368763378524}
Trial 79 finished with value: 4268064.862618743 and parameters: {'max_depth': 10, 'n_estimators': 15}. Best is trial 63 with value: 4092949.9948284873.
{'MSE - mean': 4024473.8144955933, 'MSE - std': 0.0, 'R2 - mean': 0.5284701266729609, 'R2 - std': 0.0}
{'MSE - mean': 4044302.0585084455, 'MSE - std': 19828.244012852432, 'R2 - mean': 0.5104776836791469, 'R2 - std': 0.017992442993813917}
{'MSE - mean': 4178859.430854025, 'MSE - std': 190980.31070989865, 'R2 - mean': 0.507789828108448, 'R2 - std': 0.015174577590879994}
{'MSE - mean': 4272600.033155509, 'MSE - std': 231769.30527719154, 'R2 - mean': 0.49825515293010947, 'R2 - std': 0.021105235039333363}
{'MSE - mean': 4216313.756846556, 'MSE - std': 235894.4431262612, 'R2 - mean': 0.5000394901054501, 'R2 - std': 0.019211459951643826}
Trial 80 finished with value: 4216313.756846556 and parameters: {'max_depth': 11, 'n_estimators': 10}. Best is trial 63 with value: 4092949.9948284873.
{'MSE - mean': 3906556.637464188, 'MSE - std': 0.0, 'R2 - mean': 0.5422859630062553, 'R2 - std': 0.0}
{'MSE - mean': 3934413.422666872, 'MSE - std': 27856.78520268388, 'R2 - mean': 0.5237455728079552, 'R2 - std': 0.018540390198300116}
{'MSE - mean': 4072519.75163558, 'MSE - std': 196631.7620756589, 'R2 - mean': 0.5203357461350796, 'R2 - std': 0.01588766445018242}
{'MSE - mean': 4161178.90939656, 'MSE - std': 229301.93230191708, 'R2 - mean': 0.5113525312114039, 'R2 - std': 0.0207703601884041}
{'MSE - mean': 4103632.0147810383, 'MSE - std': 235180.9542575125, 'R2 - mean': 0.5134246725271273, 'R2 - std': 0.019034215728895864}
Trial 81 finished with value: 4103632.0147810383 and parameters: {'max_depth': 12, 'n_estimators': 78}. Best is trial 63 with value: 4092949.9948284873.
{'MSE - mean': 3915005.0677546975, 'MSE - std': 0.0, 'R2 - mean': 0.5412960976354464, 'R2 - std': 0.0}
{'MSE - mean': 3947020.7056418364, 'MSE - std': 32015.637887138873, 'R2 - mean': 0.5222037911449788, 'R2 - std': 0.019092306490467614}
{'MSE - mean': 4084578.705690921, 'MSE - std': 196284.8460814576, 'R2 - mean': 0.5188991150510048, 'R2 - std': 0.016274290960165798}
{'MSE - mean': 4176982.6287735356, 'MSE - std': 233476.46691709512, 'R2 - mean': 0.5094878300786352, 'R2 - std': 0.021548927216581984}
{'MSE - mean': 4114010.692002666, 'MSE - std': 243866.49578400314, 'R2 - mean': 0.51221250357345, 'R2 - std': 0.02002948811032933}
Trial 82 finished with value: 4114010.692002666 and parameters: {'max_depth': 12, 'n_estimators': 72}. Best is trial 63 with value: 4092949.9948284873.
{'MSE - mean': 3900503.892326052, 'MSE - std': 0.0, 'R2 - mean': 0.5429951364982002, 'R2 - std': 0.0}
{'MSE - mean': 3936137.2824326702, 'MSE - std': 35633.390106618404, 'R2 - mean': 0.5235069667080627, 'R2 - std': 0.019488169790137455}
{'MSE - mean': 4067481.581339395, 'MSE - std': 188013.67513452776, 'R2 - mean': 0.520868848471336, 'R2 - std': 0.016343556635813734}
{'MSE - mean': 4160570.269471448, 'MSE - std': 229147.0447172151, 'R2 - mean': 0.5113831736798513, 'R2 - std': 0.021685662576468805}
{'MSE - mean': 4102750.2726507746, 'MSE - std': 235328.07442266087, 'R2 - mean': 0.5134979395061908, 'R2 - std': 0.019852035339112756}
Trial 83 finished with value: 4102750.2726507746 and parameters: {'max_depth': 12, 'n_estimators': 65}. Best is trial 63 with value: 4092949.9948284873.
{'MSE - mean': 4055483.6251256713, 'MSE - std': 0.0, 'R2 - mean': 0.5248368437265967, 'R2 - std': 0.0}
{'MSE - mean': 4075208.8228442874, 'MSE - std': 19725.19771861611, 'R2 - mean': 0.5067377104739356, 'R2 - std': 0.018099133252661104}
{'MSE - mean': 4217382.020869511, 'MSE - std': 201707.2765753994, 'R2 - mean': 0.5032920531843614, 'R2 - std': 0.015560554552439527}
{'MSE - mean': 4298778.993923241, 'MSE - std': 224478.88705739725, 'R2 - mean': 0.49519778201388454, 'R2 - std': 0.019446074689464316}
{'MSE - mean': 4240084.674522342, 'MSE - std': 232578.39346629163, 'R2 - mean': 0.497244427413012, 'R2 - std': 0.017868264779257622}
Trial 84 finished with value: 4240084.674522342 and parameters: {'max_depth': 10, 'n_estimators': 64}. Best is trial 63 with value: 4092949.9948284873.
{'MSE - mean': 3933434.1273772386, 'MSE - std': 0.0, 'R2 - mean': 0.5391368458798371, 'R2 - std': 0.0}
{'MSE - mean': 3954805.7215439347, 'MSE - std': 21371.59416669607, 'R2 - mean': 0.5213026780985911, 'R2 - std': 0.017834167781246024}
{'MSE - mean': 4085817.864543276, 'MSE - std': 186099.05942278067, 'R2 - mean': 0.5187403468217912, 'R2 - std': 0.015005647051823187}
{'MSE - mean': 4167032.3489956637, 'MSE - std': 213920.59833764058, 'R2 - mean': 0.5106358235770363, 'R2 - std': 0.019129217800454672}
{'MSE - mean': 4106765.861923618, 'MSE - std': 226136.7191999735, 'R2 - mean': 0.5130425626898629, 'R2 - std': 0.01777388960117128}
Trial 85 finished with value: 4106765.861923618 and parameters: {'max_depth': 12, 'n_estimators': 81}. Best is trial 63 with value: 4092949.9948284873.
{'MSE - mean': 3976872.06704413, 'MSE - std': 0.0, 'R2 - mean': 0.5340474137868907, 'R2 - std': 0.0}
{'MSE - mean': 3997921.886094212, 'MSE - std': 21049.819050082006, 'R2 - mean': 0.5160859532043738, 'R2 - std': 0.017961460582516908}
{'MSE - mean': 4123578.432174746, 'MSE - std': 178534.3993011038, 'R2 - mean': 0.5142538772963569, 'R2 - std': 0.01489258367231863}
{'MSE - mean': 4206425.62612634, 'MSE - std': 210942.8155622122, 'R2 - mean': 0.505981400943267, 'R2 - std': 0.019278054397813216}
{'MSE - mean': 4151311.9185043797, 'MSE - std': 218512.19696210636, 'R2 - mean': 0.5077099237176184, 'R2 - std': 0.01758595658523703}
Trial 86 finished with value: 4151311.9185043797 and parameters: {'max_depth': 11, 'n_estimators': 92}. Best is trial 63 with value: 4092949.9948284873.
{'MSE - mean': 5118991.459905376, 'MSE - std': 0.0, 'R2 - mean': 0.4002303143438629, 'R2 - std': 0.0}
{'MSE - mean': 5078367.558597358, 'MSE - std': 40623.90130801778, 'R2 - mean': 0.3855670165608824, 'R2 - std': 0.014663297782980533}
{'MSE - mean': 5273182.890405675, 'MSE - std': 277499.9602164993, 'R2 - mean': 0.3792155078782146, 'R2 - std': 0.014967460027458968}
{'MSE - mean': 5336008.0420055725, 'MSE - std': 263809.91255214234, 'R2 - mean': 0.3735630241142138, 'R2 - std': 0.016244087012265818}
{'MSE - mean': 5275342.774349496, 'MSE - std': 265325.5260387682, 'R2 - mean': 0.37456491181185114, 'R2 - std': 0.014666676723933014}
Trial 87 finished with value: 5275342.774349496 and parameters: {'max_depth': 4, 'n_estimators': 52}. Best is trial 63 with value: 4092949.9948284873.
{'MSE - mean': 3917280.5596730863, 'MSE - std': 0.0, 'R2 - mean': 0.5410294882684853, 'R2 - std': 0.0}
{'MSE - mean': 3950331.341712003, 'MSE - std': 33050.782038916834, 'R2 - mean': 0.5217991433401905, 'R2 - std': 0.019230344928294785}
{'MSE - mean': 4079548.269232455, 'MSE - std': 184722.12873549855, 'R2 - mean': 0.5194389973877219, 'R2 - std': 0.016052352533965336}
{'MSE - mean': 4162961.1895194864, 'MSE - std': 215557.05612635982, 'R2 - mean': 0.5110863194376848, 'R2 - std': 0.020063902990623154}
{'MSE - mean': 4106215.8804448335, 'MSE - std': 223723.03405014364, 'R2 - mean': 0.513068709976341, 'R2 - std': 0.01837845618012362}
Trial 88 finished with value: 4106215.8804448335 and parameters: {'max_depth': 12, 'n_estimators': 85}. Best is trial 63 with value: 4092949.9948284873.
{'MSE - mean': 4053896.405265103, 'MSE - std': 0.0, 'R2 - mean': 0.5250228112876478, 'R2 - std': 0.0}
{'MSE - mean': 4072963.9457826167, 'MSE - std': 19067.54051751364, 'R2 - mean': 0.5070119235542279, 'R2 - std': 0.01801088773341991}
{'MSE - mean': 4210386.4098234745, 'MSE - std': 194967.29977198617, 'R2 - mean': 0.5040900268691791, 'R2 - std': 0.015275350899628072}
{'MSE - mean': 4296418.185497021, 'MSE - std': 225196.7700965433, 'R2 - mean': 0.49546016354767053, 'R2 - std': 0.01996060824909494}
{'MSE - mean': 4240042.413070383, 'MSE - std': 230832.79462921436, 'R2 - mean': 0.4972263439193571, 'R2 - std': 0.01819940322539158}
Trial 89 finished with value: 4240042.413070383 and parameters: {'max_depth': 10, 'n_estimators': 66}. Best is trial 63 with value: 4092949.9948284873.
{'MSE - mean': 3993780.7801408693, 'MSE - std': 0.0, 'R2 - mean': 0.5320662943382036, 'R2 - std': 0.0}
{'MSE - mean': 4010751.7419519965, 'MSE - std': 16970.96181112691, 'R2 - mean': 0.5145489960189249, 'R2 - std': 0.017517298319278785}
{'MSE - mean': 4148421.2156534586, 'MSE - std': 195186.51851072695, 'R2 - mean': 0.511406960550988, 'R2 - std': 0.014977158187318181}
{'MSE - mean': 4231778.9865707215, 'MSE - std': 222303.5912286136, 'R2 - mean': 0.5030634380373135, 'R2 - std': 0.019418536359224966}
{'MSE - mean': 4172916.379330943, 'MSE - std': 231072.1434157929, 'R2 - mean': 0.5052123430290686, 'R2 - std': 0.017892311592468797}
Trial 90 finished with value: 4172916.379330943 and parameters: {'max_depth': 11, 'n_estimators': 61}. Best is trial 63 with value: 4092949.9948284873.
{'MSE - mean': 3934959.0906041353, 'MSE - std': 0.0, 'R2 - mean': 0.5389581726543793, 'R2 - std': 0.0}
{'MSE - mean': 3952738.722336795, 'MSE - std': 17779.631732659647, 'R2 - mean': 0.5215666774201838, 'R2 - std': 0.017391495234195475}
{'MSE - mean': 4090347.8584755845, 'MSE - std': 195149.4100275319, 'R2 - mean': 0.5182554310856782, 'R2 - std': 0.014952305582403798}
{'MSE - mean': 4169503.5381047227, 'MSE - std': 217621.9980337986, 'R2 - mean': 0.5103800166043458, 'R2 - std': 0.018808111054290533}
{'MSE - mean': 4110197.8258157, 'MSE - std': 227938.88931687715, 'R2 - mean': 0.5126582544679882, 'R2 - std': 0.017428640342773583}
Trial 91 finished with value: 4110197.8258157 and parameters: {'max_depth': 12, 'n_estimators': 76}. Best is trial 63 with value: 4092949.9948284873.
{'MSE - mean': 3970600.214532327, 'MSE - std': 0.0, 'R2 - mean': 0.5347822591248735, 'R2 - std': 0.0}
{'MSE - mean': 3991201.33058732, 'MSE - std': 20601.11605499289, 'R2 - mean': 0.516901012173417, 'R2 - std': 0.017881246951456597}
{'MSE - mean': 4131467.4376445874, 'MSE - std': 199078.1226046922, 'R2 - mean': 0.5134135128654677, 'R2 - std': 0.015410536369809153}
{'MSE - mean': 4217058.3176908, 'MSE - std': 227379.57343638467, 'R2 - mean': 0.5048018983783484, 'R2 - std': 0.02001482414682164}
{'MSE - mean': 4161667.7110247584, 'MSE - std': 231589.40727118414, 'R2 - mean': 0.506537931148747, 'R2 - std': 0.01823539929977259}
Trial 92 finished with value: 4161667.7110247584 and parameters: {'max_depth': 11, 'n_estimators': 71}. Best is trial 63 with value: 4092949.9948284873.
{'MSE - mean': 3926943.9246788057, 'MSE - std': 0.0, 'R2 - mean': 0.5398972743475876, 'R2 - std': 0.0}
{'MSE - mean': 3946680.41551598, 'MSE - std': 19736.490837174468, 'R2 - mean': 0.522292315682254, 'R2 - std': 0.017604958665333625}
{'MSE - mean': 4069660.3345021545, 'MSE - std': 174664.84189651854, 'R2 - mean': 0.520601641069472, 'R2 - std': 0.014571884150583081}
{'MSE - mean': 4151090.4246325707, 'MSE - std': 206817.39284207957, 'R2 - mean': 0.5124771203654209, 'R2 - std': 0.018901808532126706}
{'MSE - mean': 4094564.672431053, 'MSE - std': 216793.42663786077, 'R2 - mean': 0.5144473968207816, 'R2 - std': 0.017359454192754333}
Trial 93 finished with value: 4094564.672431053 and parameters: {'max_depth': 12, 'n_estimators': 95}. Best is trial 63 with value: 4092949.9948284873.
{'MSE - mean': 3904848.8904037243, 'MSE - std': 0.0, 'R2 - mean': 0.5424860522085244, 'R2 - std': 0.0}
{'MSE - mean': 3936327.141372253, 'MSE - std': 31478.25096852868, 'R2 - mean': 0.523500009910613, 'R2 - std': 0.018986042297911454}
{'MSE - mean': 4063006.307336688, 'MSE - std': 180985.65974937068, 'R2 - mean': 0.5213790098898522, 'R2 - std': 0.01578956882253352}
{'MSE - mean': 4148348.952294244, 'MSE - std': 215445.95127604637, 'R2 - mean': 0.5127982175218692, 'R2 - std': 0.020195862340797722}
{'MSE - mean': 4091391.3494515223, 'MSE - std': 223853.16710591622, 'R2 - mean': 0.5148253013060561, 'R2 - std': 0.018513091563086267}
Trial 94 finished with value: 4091391.3494515223 and parameters: {'max_depth': 12, 'n_estimators': 99}. Best is trial 94 with value: 4091391.3494515223.
{'MSE - mean': 3983291.8999754954, 'MSE - std': 0.0, 'R2 - mean': 0.5332952302348436, 'R2 - std': 0.0}
{'MSE - mean': 4000135.059449607, 'MSE - std': 16843.159474111628, 'R2 - mean': 0.5158343313154015, 'R2 - std': 0.01746089891944219}
{'MSE - mean': 4132126.0878521693, 'MSE - std': 187169.41836629983, 'R2 - mean': 0.513294975889338, 'R2 - std': 0.01470210798977732}
{'MSE - mean': 4212073.06346711, 'MSE - std': 213187.35916702825, 'R2 - mean': 0.5053511211275544, 'R2 - std': 0.01874642552424971}
{'MSE - mean': 4156775.0854069903, 'MSE - std': 220432.63278616147, 'R2 - mean': 0.507088985968594, 'R2 - std': 0.01712376923378375}
Trial 95 finished with value: 4156775.0854069903 and parameters: {'max_depth': 11, 'n_estimators': 100}. Best is trial 94 with value: 4091391.3494515223.
{'MSE - mean': 4843980.67743389, 'MSE - std': 0.0, 'R2 - mean': 0.4324521165966879, 'R2 - std': 0.0}
{'MSE - mean': 4821712.4213801995, 'MSE - std': 22268.2560536908, 'R2 - mean': 0.4165569324217997, 'R2 - std': 0.01589518417488822}
{'MSE - mean': 4984889.03124345, 'MSE - std': 231481.7390163684, 'R2 - mean': 0.41298530887055646, 'R2 - std': 0.01392662592133028}
{'MSE - mean': 5067144.866987629, 'MSE - std': 245938.8423276233, 'R2 - mean': 0.40502127772360547, 'R2 - std': 0.018323224565925035}
{'MSE - mean': 5006888.208639665, 'MSE - std': 250823.0269202061, 'R2 - mean': 0.40632081977085655, 'R2 - std': 0.01659360373532372}
Trial 96 finished with value: 5006888.208639665 and parameters: {'max_depth': 5, 'n_estimators': 93}. Best is trial 94 with value: 4091391.3494515223.
{'MSE - mean': 3924773.35566773, 'MSE - std': 0.0, 'R2 - mean': 0.5401515903595726, 'R2 - std': 0.0}
{'MSE - mean': 3943766.5704302783, 'MSE - std': 18993.21476254845, 'R2 - mean': 0.5226478181097229, 'R2 - std': 0.01750377224984967}
{'MSE - mean': 4074195.9110196307, 'MSE - std': 185105.70109487162, 'R2 - mean': 0.5201139462666077, 'R2 - std': 0.014734168057649854}
{'MSE - mean': 4155514.09775554, 'MSE - std': 213391.73581799466, 'R2 - mean': 0.5119923258027413, 'R2 - std': 0.018992207300379264}
{'MSE - mean': 4098783.4815831827, 'MSE - std': 222041.16189912817, 'R2 - mean': 0.5139756118229574, 'R2 - std': 0.017444106290217358}
Trial 97 finished with value: 4098783.4815831827 and parameters: {'max_depth': 12, 'n_estimators': 85}. Best is trial 94 with value: 4091391.3494515223.
{'MSE - mean': 4154685.7105597747, 'MSE - std': 0.0, 'R2 - mean': 0.5132137722557282, 'R2 - std': 0.0}
{'MSE - mean': 4157662.120594996, 'MSE - std': 2976.4100352216046, 'R2 - mean': 0.49682369694737166, 'R2 - std': 0.01639007530835651}
{'MSE - mean': 4297847.431891058, 'MSE - std': 198266.8631352178, 'R2 - mean': 0.4938304637692494, 'R2 - std': 0.014035975282333942}
{'MSE - mean': 4386563.981021744, 'MSE - std': 230421.76553459952, 'R2 - mean': 0.484906336726546, 'R2 - std': 0.019664093724798163}
{'MSE - mean': 4326989.669144675, 'MSE - std': 238058.28397300266, 'R2 - mean': 0.48695202112058417, 'R2 - std': 0.018057700965908204}
Trial 98 finished with value: 4326989.669144675 and parameters: {'max_depth': 9, 'n_estimators': 79}. Best is trial 94 with value: 4091391.3494515223.
{'MSE - mean': 4056986.155934568, 'MSE - std': 0.0, 'R2 - mean': 0.5246607988087648, 'R2 - std': 0.0}
{'MSE - mean': 4075233.9726072177, 'MSE - std': 18247.816672649933, 'R2 - mean': 0.5067403628648912, 'R2 - std': 0.017920435943873658}
{'MSE - mean': 4207094.698890178, 'MSE - std': 187073.49040939054, 'R2 - mean': 0.5044465190027578, 'R2 - std': 0.014987265336723257}
{'MSE - mean': 4289436.409555455, 'MSE - std': 215842.16468594866, 'R2 - mean': 0.49625312646698994, 'R2 - std': 0.019231709113870822}
{'MSE - mean': 4230826.580544755, 'MSE - std': 225855.52964607, 'R2 - mean': 0.4983089917299758, 'R2 - std': 0.017685961559119185}
Trial 99 finished with value: 4230826.580544755 and parameters: {'max_depth': 10, 'n_estimators': 83}. Best is trial 94 with value: 4091391.3494515223.
Best parameters: {'max_depth': 12, 'n_estimators': 99}
{'MSE - mean': 3916695.2625862802, 'MSE - std': 0.0, 'R2 - mean': 0.5410980649505366, 'R2 - std': 0.0}
{'MSE - mean': 3936850.081009424, 'MSE - std': 20154.818423143588, 'R2 - mean': 0.5234803806782762, 'R2 - std': 0.017617684272260348}
{'MSE - mean': 4067488.4730593706, 'MSE - std': 185482.04789656706, 'R2 - mean': 0.5209035130463141, 'R2 - std': 0.014839216949129807}
{'MSE - mean': 4152554.685279282, 'MSE - std': 217971.26864166558, 'R2 - mean': 0.5123432879924099, 'R2 - std': 0.019621012427190766}
{'MSE - mean': 4096246.192590113, 'MSE - std': 225148.31680097064, 'R2 - mean': 0.5142773431476722, 'R2 - std': 0.017970797987534242}
Results: {'MSE - mean': 4096246.192590113, 'MSE - std': 225148.31680097064, 'R2 - mean': 0.5142773431476722, 'R2 - std': 0.017970797987534242}
Train time: 2055.5911276222205
Inference time: 2.285862261778675
