Trial 20 finished with value: 4788293.646841361 and parameters: {'max_depth': 6, 'n_estimators': 74}. Best is trial 12 with value: 4102815.118232815.
{'MSE - mean': 3926154.6674268055, 'MSE - std': 0.0, 'R2 - mean': 0.5399897481439677, 'R2 - std': 0.0}
{'MSE - mean': 3945634.716533863, 'MSE - std': 19480.04910705774, 'R2 - mean': 0.5224198560305023, 'R2 - std': 0.01756989211346538}
{'MSE - mean': 4080903.425325586, 'MSE - std': 191958.92450860995, 'R2 - mean': 0.5193509392953133, 'R2 - std': 0.014987903092413856}
{'MSE - mean': 4160709.9757139934, 'MSE - std': 216202.28485973252, 'R2 - mean': 0.511400826073074, 'R2 - std': 0.01892328803538017}
{'MSE - mean': 4103231.724448691, 'MSE - std': 224966.0860150343, 'R2 - mean': 0.5134664130818379, 'R2 - std': 0.017422378219378275}
Trial 21 finished with value: 4103231.724448691 and parameters: {'max_depth': 12, 'n_estimators': 78}. Best is trial 12 with value: 4102815.118232815.
{'MSE - mean': 3919593.0346113294, 'MSE - std': 0.0, 'R2 - mean': 0.5407585457639585, 'R2 - std': 0.0}
{'MSE - mean': 3936250.115315574, 'MSE - std': 16657.080704245018, 'R2 - mean': 0.5235664747125116, 'R2 - std': 0.017192071051446933}
{'MSE - mean': 4073789.5966619826, 'MSE - std': 194985.1022081851, 'R2 - mean': 0.520211270471126, 'R2 - std': 0.014817545760398058}
{'MSE - mean': 4164537.5652524317, 'MSE - std': 230694.54690614546, 'R2 - mean': 0.5109789343194784, 'R2 - std': 0.020503117792720526}
{'MSE - mean': 4106993.626998215, 'MSE - std': 236265.10215646707, 'R2 - mean': 0.5130424856694831, 'R2 - std': 0.018797213838070828}
Trial 22 finished with value: 4106993.626998215 and parameters: {'max_depth': 12, 'n_estimators': 55}. Best is trial 12 with value: 4102815.118232815.
{'MSE - mean': 4157438.295730957, 'MSE - std': 0.0, 'R2 - mean': 0.5128912639734244, 'R2 - std': 0.0}
{'MSE - mean': 4162785.3894797247, 'MSE - std': 5347.093748767627, 'R2 - mean': 0.4961945331593675, 'R2 - std': 0.016696730814056926}
{'MSE - mean': 4302082.60975507, 'MSE - std': 197044.39117598534, 'R2 - mean': 0.4933193269459803, 'R2 - std': 0.014226296125733258}
{'MSE - mean': 4396374.486781457, 'MSE - std': 236204.87566922518, 'R2 - mean': 0.4837503585126553, 'R2 - std': 0.020651539814907256}
{'MSE - mean': 4333321.56157002, 'MSE - std': 246042.43565451723, 'R2 - mean': 0.4862144950632821, 'R2 - std': 0.019117446302838143}
Trial 23 finished with value: 4333321.56157002 and parameters: {'max_depth': 9, 'n_estimators': 90}. Best is trial 12 with value: 4102815.118232815.
{'MSE - mean': 4152116.6390457735, 'MSE - std': 0.0, 'R2 - mean': 0.5135147790510021, 'R2 - std': 0.0}
{'MSE - mean': 4159288.169741782, 'MSE - std': 7171.530696008354, 'R2 - mean': 0.49661073640882686, 'R2 - std': 0.01690404264217521}
{'MSE - mean': 4293553.148003778, 'MSE - std': 189969.61865099464, 'R2 - mean': 0.49429015149280264, 'R2 - std': 0.014186895378151267}
{'MSE - mean': 4389335.709129676, 'MSE - std': 233643.40148035905, 'R2 - mean': 0.4845532086506038, 'R2 - std': 0.020865645642771224}
{'MSE - mean': 4329421.948333517, 'MSE - std': 240894.22196310034, 'R2 - mean': 0.4866429835565816, 'R2 - std': 0.01912508225086562}
Trial 24 finished with value: 4329421.948333517 and parameters: {'max_depth': 9, 'n_estimators': 64}. Best is trial 12 with value: 4102815.118232815.
{'MSE - mean': 3937393.574697948, 'MSE - std': 0.0, 'R2 - mean': 0.5386729348744146, 'R2 - std': 0.0}
{'MSE - mean': 3974933.9970311644, 'MSE - std': 37540.422333216295, 'R2 - mean': 0.5188043932150004, 'R2 - std': 0.01986854165941415}
{'MSE - mean': 4106649.94656486, 'MSE - std': 188779.5140609726, 'R2 - mean': 0.5162455203160041, 'R2 - std': 0.016621320429126143}
{'MSE - mean': 4186978.8862490077, 'MSE - std': 214677.65218848703, 'R2 - mean': 0.5082612979399441, 'R2 - std': 0.01996107813864008}
{'MSE - mean': 4129168.143150132, 'MSE - std': 224137.287281491, 'R2 - mean': 0.5103471174746943, 'R2 - std': 0.018334619845846185}
Trial 25 finished with value: 4129168.143150132 and parameters: {'max_depth': 12, 'n_estimators': 23}. Best is trial 12 with value: 4102815.118232815.
{'MSE - mean': 4096904.2977418536, 'MSE - std': 0.0, 'R2 - mean': 0.5199837659300706, 'R2 - std': 0.0}
{'MSE - mean': 4092435.905471337, 'MSE - std': 4468.392270516371, 'R2 - mean': 0.5047461484395956, 'R2 - std': 0.01523761749047492}
{'MSE - mean': 4211990.3866840005, 'MSE - std': 169114.9283053199, 'R2 - mean': 0.5038522689982112, 'R2 - std': 0.012505520065240958}
{'MSE - mean': 4302915.198831789, 'MSE - std': 215062.45284595212, 'R2 - mean': 0.4946652897968142, 'R2 - std': 0.01924818912566359}
{'MSE - mean': 4243613.607792855, 'MSE - std': 225982.74646151642, 'R2 - mean': 0.4967912721744371, 'R2 - std': 0.017733398771067645}
Trial 26 finished with value: 4243613.607792855 and parameters: {'max_depth': 10, 'n_estimators': 38}. Best is trial 12 with value: 4102815.118232815.
{'MSE - mean': 4408873.610703991, 'MSE - std': 0.0, 'R2 - mean': 0.483431695422588, 'R2 - std': 0.0}
{'MSE - mean': 4414507.410651535, 'MSE - std': 5633.799947544467, 'R2 - mean': 0.465729752821282, 'R2 - std': 0.01770194260130603}
{'MSE - mean': 4550436.297530063, 'MSE - std': 192287.50447521082, 'R2 - mean': 0.4639997374193789, 'R2 - std': 0.014659186692591985}
{'MSE - mean': 4641165.593225871, 'MSE - std': 228967.8548952884, 'R2 - mean': 0.4549446084107598, 'R2 - std': 0.020178079689465146}
{'MSE - mean': 4585576.699567342, 'MSE - std': 233026.87238384516, 'R2 - mean': 0.45620296488325673, 'R2 - std': 0.01822245219532829}
Trial 27 finished with value: 4585576.699567342 and parameters: {'max_depth': 7, 'n_estimators': 80}. Best is trial 12 with value: 4102815.118232815.
{'MSE - mean': 4830417.747813689, 'MSE - std': 0.0, 'R2 - mean': 0.43404122533003897, 'R2 - std': 0.0}
{'MSE - mean': 4810056.213392172, 'MSE - std': 20361.534421516117, 'R2 - mean': 0.4179602281246305, 'R2 - std': 0.016080997205408454}
{'MSE - mean': 4979888.394478631, 'MSE - std': 240753.67948970819, 'R2 - mean': 0.4136109461799007, 'R2 - std': 0.014499361627892754}
{'MSE - mean': 5058291.485365193, 'MSE - std': 248822.99858046634, 'R2 - mean': 0.4060848019921955, 'R2 - std': 0.018099783278113932}
{'MSE - mean': 5005703.384077473, 'MSE - std': 246155.11631134216, 'R2 - mean': 0.4064433782470778, 'R2 - std': 0.016204815071268662}
Trial 28 finished with value: 5005703.384077473 and parameters: {'max_depth': 5, 'n_estimators': 54}. Best is trial 12 with value: 4102815.118232815.
{'MSE - mean': 4049318.0630925014, 'MSE - std': 0.0, 'R2 - mean': 0.5255592354772943, 'R2 - std': 0.0}
{'MSE - mean': 4081937.052682113, 'MSE - std': 32618.989589611534, 'R2 - mean': 0.5058737407070015, 'R2 - std': 0.0196854947702928}
{'MSE - mean': 4223933.643949399, 'MSE - std': 202571.9531038015, 'R2 - mean': 0.5024849388221221, 'R2 - std': 0.016772410659495036}
{'MSE - mean': 4310460.773282753, 'MSE - std': 230732.26794323733, 'R2 - mean': 0.4938042217126138, 'R2 - std': 0.020905737683803098}
{'MSE - mean': 4248577.235409243, 'MSE - std': 240641.2113814934, 'R2 - mean': 0.49623488929031756, 'R2 - std': 0.019320260711915595}
Trial 29 finished with value: 4248577.235409243 and parameters: {'max_depth': 10, 'n_estimators': 46}. Best is trial 12 with value: 4102815.118232815.
{'MSE - mean': 5560315.890067783, 'MSE - std': 0.0, 'R2 - mean': 0.3485222744254345, 'R2 - std': 0.0}
{'MSE - mean': 5433861.998247256, 'MSE - std': 126453.89182052761, 'R2 - mean': 0.34287560731880246, 'R2 - std': 0.005646667106632031}
{'MSE - mean': 5641905.193447228, 'MSE - std': 311808.1674829337, 'R2 - mean': 0.33601864582900404, 'R2 - std': 0.01073743023356003}
{'MSE - mean': 5663748.439215546, 'MSE - std': 272671.28953904257, 'R2 - mean': 0.3352026592652393, 'R2 - std': 0.009405679573117555}
{'MSE - mean': 5584457.539537593, 'MSE - std': 290908.7362010019, 'R2 - mean': 0.3380827107078204, 'R2 - std': 0.010195696731140205}
Trial 30 finished with value: 5584457.539537593 and parameters: {'max_depth': 3, 'n_estimators': 83}. Best is trial 12 with value: 4102815.118232815.
{'MSE - mean': 3935408.212385472, 'MSE - std': 0.0, 'R2 - mean': 0.5389055510331628, 'R2 - std': 0.0}
{'MSE - mean': 3957755.078888548, 'MSE - std': 22346.866503076162, 'R2 - mean': 0.5209419834769994, 'R2 - std': 0.017963567556163462}
{'MSE - mean': 4095303.790425913, 'MSE - std': 195377.1166731561, 'R2 - mean': 0.5176586714779724, 'R2 - std': 0.015384628094166174}
{'MSE - mean': 4171284.2247369653, 'MSE - std': 214355.41160401245, 'R2 - mean': 0.5101579485936518, 'R2 - std': 0.018609073527689955}
{'MSE - mean': 4112636.7183037708, 'MSE - std': 224759.23569559274, 'R2 - mean': 0.51235535057557, 'R2 - std': 0.01721488878638861}
Trial 31 finished with value: 4112636.7183037708 and parameters: {'max_depth': 12, 'n_estimators': 56}. Best is trial 12 with value: 4102815.118232815.
{'MSE - mean': 4011826.2638085573, 'MSE - std': 0.0, 'R2 - mean': 0.5299519844879812, 'R2 - std': 0.0}
{'MSE - mean': 4013083.047703699, 'MSE - std': 1256.7838951421436, 'R2 - mean': 0.5143274448564662, 'R2 - std': 0.015624539631515}
{'MSE - mean': 4148402.182794647, 'MSE - std': 191372.90729715035, 'R2 - mean': 0.5114352545858661, 'R2 - std': 0.013397027839060535}
{'MSE - mean': 4237081.0838329345, 'MSE - std': 225963.5694168383, 'R2 - mean': 0.5024655013048234, 'R2 - std': 0.019390195665819256}
{'MSE - mean': 4176681.154326496, 'MSE - std': 235457.49871348264, 'R2 - mean': 0.5047928808445455, 'R2 - std': 0.017956907652897088}
Trial 32 finished with value: 4176681.154326496 and parameters: {'max_depth': 11, 'n_estimators': 59}. Best is trial 12 with value: 4102815.118232815.
{'MSE - mean': 4279161.743548388, 'MSE - std': 0.0, 'R2 - mean': 0.49862946365469696, 'R2 - std': 0.0}
{'MSE - mean': 4268576.5397483, 'MSE - std': 10585.203800087329, 'R2 - mean': 0.4834529991600837, 'R2 - std': 0.01517646449461324}
{'MSE - mean': 4400727.362549816, 'MSE - std': 187089.2237068419, 'R2 - mean': 0.4816795432547784, 'R2 - std': 0.012642798005200245}
{'MSE - mean': 4504481.414959313, 'MSE - std': 241963.82662414433, 'R2 - mean': 0.4710464330349169, 'R2 - std': 0.02142590382908944}
{'MSE - mean': 4445666.446623929, 'MSE - std': 246320.92220688117, 'R2 - mean': 0.47285828417082565, 'R2 - std': 0.019503504866292286}
Trial 33 finished with value: 4445666.446623929 and parameters: {'max_depth': 8, 'n_estimators': 39}. Best is trial 12 with value: 4102815.118232815.
{'MSE - mean': 3966377.8808699916, 'MSE - std': 0.0, 'R2 - mean': 0.5352769713652102, 'R2 - std': 0.0}
{'MSE - mean': 3974307.458809368, 'MSE - std': 7929.577939376235, 'R2 - mean': 0.5189943821722329, 'R2 - std': 0.01628258919297726}
{'MSE - mean': 4117661.5879850886, 'MSE - std': 202836.71143966014, 'R2 - mean': 0.5150936031697247, 'R2 - std': 0.014393770442023052}
{'MSE - mean': 4208636.181508402, 'MSE - std': 235979.19109730536, 'R2 - mean': 0.5058369315732562, 'R2 - std': 0.020308702021248234}
{'MSE - mean': 4149079.4498547204, 'MSE - std': 242357.09200645576, 'R2 - mean': 0.5080883745939351, 'R2 - std': 0.018714451232449712}
Trial 34 finished with value: 4149079.4498547204 and parameters: {'max_depth': 12, 'n_estimators': 18}. Best is trial 12 with value: 4102815.118232815.
{'MSE - mean': 4047358.1746985405, 'MSE - std': 0.0, 'R2 - mean': 0.5257888669691955, 'R2 - std': 0.0}
{'MSE - mean': 4064123.810607177, 'MSE - std': 16765.635908636497, 'R2 - mean': 0.5080906413973503, 'R2 - std': 0.01769822557184514}
{'MSE - mean': 4200311.592175714, 'MSE - std': 193084.4756284997, 'R2 - mean': 0.5052769362174888, 'R2 - std': 0.014988395486941456}
{'MSE - mean': 4283244.648502487, 'MSE - std': 220442.47898635353, 'R2 - mean': 0.49700456402901727, 'R2 - std': 0.01933353108794459}
{'MSE - mean': 4229741.7166581545, 'MSE - std': 224334.9373082043, 'R2 - mean': 0.49843245999745767, 'R2 - std': 0.017526662176511797}
Trial 35 finished with value: 4229741.7166581545 and parameters: {'max_depth': 10, 'n_estimators': 49}. Best is trial 12 with value: 4102815.118232815.
{'MSE - mean': 4273456.912159175, 'MSE - std': 0.0, 'R2 - mean': 0.49929787362486955, 'R2 - std': 0.0}
{'MSE - mean': 4236692.094991565, 'MSE - std': 36764.817167609464, 'R2 - mean': 0.4874126251196751, 'R2 - std': 0.011885248505194457}
{'MSE - mean': 4347061.60495703, 'MSE - std': 158946.40180769184, 'R2 - mean': 0.487944874816919, 'R2 - std': 0.009733413284518976}
{'MSE - mean': 4453347.8276043, 'MSE - std': 229865.72680498596, 'R2 - mean': 0.477013039461305, 'R2 - std': 0.02072606024675684}
{'MSE - mean': 4385208.816897463, 'MSE - std': 246662.3218249871, 'R2 - mean': 0.48004566606161847, 'R2 - std': 0.019504946938391575}
Trial 36 finished with value: 4385208.816897463 and parameters: {'max_depth': 9, 'n_estimators': 10}. Best is trial 12 with value: 4102815.118232815.
{'MSE - mean': 3986991.531847495, 'MSE - std': 0.0, 'R2 - mean': 0.5328617606613364, 'R2 - std': 0.0}
{'MSE - mean': 3999762.346625232, 'MSE - std': 12770.814777737252, 'R2 - mean': 0.5158951383555404, 'R2 - std': 0.016966622305795986}
{'MSE - mean': 4136042.8992387727, 'MSE - std': 193011.67628245222, 'R2 - mean': 0.5128695517205969, 'R2 - std': 0.014498937798431541}
{'MSE - mean': 4213457.184054813, 'MSE - std': 214287.29515946266, 'R2 - mean': 0.5052129758857791, 'R2 - std': 0.01826290936584414}
{'MSE - mean': 4155608.674036232, 'MSE - std': 223877.27963973186, 'R2 - mean': 0.5072592236053434, 'R2 - std': 0.01683970325520372}
Trial 37 finished with value: 4155608.674036232 and parameters: {'max_depth': 11, 'n_estimators': 74}. Best is trial 12 with value: 4102815.118232815.
{'MSE - mean': 4613753.808840954, 'MSE - std': 0.0, 'R2 - mean': 0.45942678488576827, 'R2 - std': 0.0}
{'MSE - mean': 4619240.4846604895, 'MSE - std': 5486.67581953574, 'R2 - mean': 0.44095329901146507, 'R2 - std': 0.018473485874303197}
{'MSE - mean': 4747662.265346903, 'MSE - std': 181671.0669966585, 'R2 - mean': 0.4406875479173571, 'R2 - std': 0.015088219494694938}
{'MSE - mean': 4855206.043525001, 'MSE - std': 243824.27096627947, 'R2 - mean': 0.4297598610608573, 'R2 - std': 0.02299964773080717}
{'MSE - mean': 4793078.507162044, 'MSE - std': 250997.0979671125, 'R2 - mean': 0.43157667329367816, 'R2 - std': 0.02088995603993195}
Trial 38 finished with value: 4793078.507162044 and parameters: {'max_depth': 6, 'n_estimators': 25}. Best is trial 12 with value: 4102815.118232815.
{'MSE - mean': 3959680.5816225116, 'MSE - std': 0.0, 'R2 - mean': 0.536061664423573, 'R2 - std': 0.0}
{'MSE - mean': 3967618.8462216924, 'MSE - std': 7938.26459918078, 'R2 - mean': 0.5198038119082963, 'R2 - std': 0.016257852515276672}
{'MSE - mean': 4089766.494407824, 'MSE - std': 172864.41684560326, 'R2 - mean': 0.5182549630284945, 'R2 - std': 0.013453984960248223}
{'MSE - mean': 4164122.856011509, 'MSE - std': 197479.58246700297, 'R2 - mean': 0.5109555322599484, 'R2 - std': 0.017193090243389324}
{'MSE - mean': 4108926.3962721094, 'MSE - std': 208291.01052164, 'R2 - mean': 0.512744142633713, 'R2 - std': 0.015788552497629976}
Trial 39 finished with value: 4108926.3962721094 and parameters: {'max_depth': 12, 'n_estimators': 41}. Best is trial 12 with value: 4102815.118232815.
{'MSE - mean': 4271276.667956704, 'MSE - std': 0.0, 'R2 - mean': 0.4995533232364213, 'R2 - std': 0.0}
{'MSE - mean': 4264633.448326541, 'MSE - std': 6643.219630163629, 'R2 - mean': 0.48391499808586613, 'R2 - std': 0.015638325150555188}
{'MSE - mean': 4403734.516343905, 'MSE - std': 196793.3835909604, 'R2 - mean': 0.48135706787383375, 'R2 - std': 0.013271177652425843}
{'MSE - mean': 4495573.578733624, 'MSE - std': 233128.6490561651, 'R2 - mean': 0.4721046693829253, 'R2 - std': 0.019720896295944125}
{'MSE - mean': 4437830.2741373, 'MSE - std': 238361.76394593457, 'R2 - mean': 0.47379253100578095, 'R2 - std': 0.017959023024762266}
Trial 40 finished with value: 4437830.2741373 and parameters: {'max_depth': 8, 'n_estimators': 65}. Best is trial 12 with value: 4102815.118232815.
{'MSE - mean': 3964292.653656079, 'MSE - std': 0.0, 'R2 - mean': 0.5355212882546612, 'R2 - std': 0.0}
{'MSE - mean': 3995892.020516057, 'MSE - std': 31599.366859978065, 'R2 - mean': 0.5162909359787038, 'R2 - std': 0.019230352275957374}
{'MSE - mean': 4140803.166119991, 'MSE - std': 206553.04459417524, 'R2 - mean': 0.5123122516583386, 'R2 - std': 0.016679253289056985}
{'MSE - mean': 4219235.982081312, 'MSE - std': 224617.98688486597, 'R2 - mean': 0.5045377823028339, 'R2 - std': 0.01974779073692647}
{'MSE - mean': 4163535.3648423413, 'MSE - std': 229723.37075051208, 'R2 - mean': 0.5063111389936086, 'R2 - std': 0.018015531271722528}
Trial 41 finished with value: 4163535.3648423413 and parameters: {'max_depth': 11, 'n_estimators': 44}. Best is trial 12 with value: 4102815.118232815.
{'MSE - mean': 3964189.766460361, 'MSE - std': 0.0, 'R2 - mean': 0.535533343094275, 'R2 - std': 0.0}
{'MSE - mean': 3977204.6346379467, 'MSE - std': 13014.86817758577, 'R2 - mean': 0.5186241564403027, 'R2 - std': 0.016909186653972286}
{'MSE - mean': 4114930.0589780337, 'MSE - std': 195062.83487233994, 'R2 - mean': 0.5153684241159744, 'R2 - std': 0.014553807570573046}
{'MSE - mean': 4194268.8520117877, 'MSE - std': 217763.78119761808, 'R2 - mean': 0.5074777102393123, 'R2 - std': 0.018591667019151152}
{'MSE - mean': 4135447.7706019953, 'MSE - std': 227544.56705018674, 'R2 - mean': 0.5096649716058843, 'R2 - std': 0.01719466531176426}
Trial 42 finished with value: 4135447.7706019953 and parameters: {'max_depth': 12, 'n_estimators': 35}. Best is trial 12 with value: 4102815.118232815.
{'MSE - mean': 4058720.1566460254, 'MSE - std': 0.0, 'R2 - mean': 0.5244576335818283, 'R2 - std': 0.0}
{'MSE - mean': 4064470.509022275, 'MSE - std': 5750.352376249852, 'R2 - mean': 0.5080911530023423, 'R2 - std': 0.016366480579485976}
{'MSE - mean': 4208017.660590855, 'MSE - std': 203060.61611057582, 'R2 - mean': 0.5044410712862223, 'R2 - std': 0.014325524450242676}
{'MSE - mean': 4298236.5309433425, 'MSE - std': 235252.08620635324, 'R2 - mean': 0.4953047754371568, 'R2 - std': 0.020107988303304587}
{'MSE - mean': 4238671.050648345, 'MSE - std': 241799.54719280996, 'R2 - mean': 0.4974509882074389, 'R2 - std': 0.01849026424651511}
Trial 43 finished with value: 4238671.050648345 and parameters: {'max_depth': 10, 'n_estimators': 87}. Best is trial 12 with value: 4102815.118232815.
{'MSE - mean': 3999241.240259025, 'MSE - std': 0.0, 'R2 - mean': 0.5314265162736658, 'R2 - std': 0.0}
{'MSE - mean': 4012554.3664315585, 'MSE - std': 13313.126172533957, 'R2 - mean': 0.514344943214184, 'R2 - std': 0.01708157305948177}
{'MSE - mean': 4147014.0702170325, 'MSE - std': 190465.17644041576, 'R2 - mean': 0.511562777169713, 'R2 - std': 0.014491410832706778}
{'MSE - mean': 4229793.594910227, 'MSE - std': 218552.25165312857, 'R2 - mean': 0.5032886142978334, 'R2 - std': 0.019049568358177796}
{'MSE - mean': 4173350.110976926, 'MSE - std': 225733.3313364175, 'R2 - mean': 0.5051428051380608, 'R2 - std': 0.017437343214900695}
Trial 44 finished with value: 4173350.110976926 and parameters: {'max_depth': 11, 'n_estimators': 48}. Best is trial 12 with value: 4102815.118232815.
{'MSE - mean': 4153494.864487276, 'MSE - std': 0.0, 'R2 - mean': 0.5133532984456353, 'R2 - std': 0.0}
{'MSE - mean': 4167331.6838967223, 'MSE - std': 13836.819409446558, 'R2 - mean': 0.4956116034868269, 'R2 - std': 0.01774169495880834}
{'MSE - mean': 4304454.647157435, 'MSE - std': 194249.97422834003, 'R2 - mean': 0.4930044086464202, 'R2 - std': 0.01494791255926026}
{'MSE - mean': 4390916.259115864, 'MSE - std': 225225.7098848454, 'R2 - mean': 0.48435703772293476, 'R2 - std': 0.019796745668783325}
{'MSE - mean': 4331892.425347969, 'MSE - std': 233487.79009863932, 'R2 - mean': 0.4863371272795165, 'R2 - std': 0.01814419824263199}
Trial 45 finished with value: 4331892.425347969 and parameters: {'max_depth': 9, 'n_estimators': 70}. Best is trial 12 with value: 4102815.118232815.
{'MSE - mean': 3942274.700287729, 'MSE - std': 0.0, 'R2 - mean': 0.5381010348852154, 'R2 - std': 0.0}
{'MSE - mean': 3965509.308933797, 'MSE - std': 23234.60864606779, 'R2 - mean': 0.5200001353667025, 'R2 - std': 0.018100899518512903}
{'MSE - mean': 4102613.899508707, 'MSE - std': 194821.0346430408, 'R2 - mean': 0.5167913056369953, 'R2 - std': 0.015460321861290803}
{'MSE - mean': 4182218.3850702643, 'MSE - std': 217892.287654013, 'R2 - mean': 0.5088725204718013, 'R2 - std': 0.019167358699584015}
{'MSE - mean': 4126490.2004913865, 'MSE - std': 224508.71128111958, 'R2 - mean': 0.5106965083080888, 'R2 - std': 0.017527630704761942}
Trial 46 finished with value: 4126490.2004913865 and parameters: {'max_depth': 12, 'n_estimators': 26}. Best is trial 12 with value: 4102815.118232815.
{'MSE - mean': 4040213.8545295154, 'MSE - std': 0.0, 'R2 - mean': 0.526625935500285, 'R2 - std': 0.0}
{'MSE - mean': 4059392.6569805965, 'MSE - std': 19178.80245108134, 'R2 - mean': 0.5086539068316238, 'R2 - std': 0.01797202866866121}
{'MSE - mean': 4202151.960928108, 'MSE - std': 202498.5317711236, 'R2 - mean': 0.5050937251094911, 'R2 - std': 0.015513832454748301}
{'MSE - mean': 4293340.085858538, 'MSE - std': 236008.60982616484, 'R2 - mean': 0.49585216743918603, 'R2 - std': 0.020898048057084864}
{'MSE - mean': 4236509.077616775, 'MSE - std': 239748.00337179907, 'R2 - mean': 0.49767217459758245, 'R2 - std': 0.01904291034226228}
