Trial 79 finished with value: 1175823.5490712249 and parameters: {'max_depth': 4, 'n_estimators': 32}. Best is trial 66 with value: 295454.55544477154.
{'MSE - mean': 2624334.7584142014, 'MSE - std': 0.0, 'R2 - mean': 0.8293157102078275, 'R2 - std': 0.0}
{'MSE - mean': 2680225.268189313, 'MSE - std': 55890.50977511122, 'R2 - mean': 0.8284087633004358, 'R2 - std': 0.0009069469073916259}
{'MSE - mean': 2694356.655502156, 'MSE - std': 49818.58692682581, 'R2 - mean': 0.8290387221128129, 'R2 - std': 0.001158475149698182}
{'MSE - mean': 2693353.02229733, 'MSE - std': 43179.16790963857, 'R2 - mean': 0.8302697896742355, 'R2 - std': 0.002356508121503328}
{'MSE - mean': 2697095.911103828, 'MSE - std': 39339.4115305025, 'R2 - mean': 0.8304983449200503, 'R2 - std': 0.0021567230751597844}
Trial 80 finished with value: 2697095.911103828 and parameters: {'max_depth': 2, 'n_estimators': 28}. Best is trial 66 with value: 295454.55544477154.
{'MSE - mean': 274298.82207027025, 'MSE - std': 0.0, 'R2 - mean': 0.9821598599470655, 'R2 - std': 0.0}
{'MSE - mean': 282392.18245090486, 'MSE - std': 8093.360380634636, 'R2 - mean': 0.981923111956899, 'R2 - std': 0.00023674799016648596}
{'MSE - mean': 294832.2993911354, 'MSE - std': 18793.119498203887, 'R2 - mean': 0.9813061613454176, 'R2 - std': 0.000893656825211154}
{'MSE - mean': 296944.9877134946, 'MSE - std': 16681.617463472394, 'R2 - mean': 0.9813002709265127, 'R2 - std': 0.0007739967584166521}
{'MSE - mean': 297025.49668379396, 'MSE - std': 14921.361055054474, 'R2 - mean': 0.981343475552249, 'R2 - std': 0.0006976556058483768}
Trial 81 finished with value: 297025.49668379396 and parameters: {'max_depth': 12, 'n_estimators': 29}. Best is trial 66 with value: 295454.55544477154.
{'MSE - mean': 277610.4453301442, 'MSE - std': 0.0, 'R2 - mean': 0.9819444750529095, 'R2 - std': 0.0}
{'MSE - mean': 285069.74015648424, 'MSE - std': 7459.294826340047, 'R2 - mean': 0.9817510036164676, 'R2 - std': 0.00019347143644188325}
{'MSE - mean': 298034.27527823765, 'MSE - std': 19319.74106237442, 'R2 - mean': 0.9811031044869858, 'R2 - std': 0.0009297852951690126}
{'MSE - mean': 300475.5216213005, 'MSE - std': 17257.414266350872, 'R2 - mean': 0.9810782977715291, 'R2 - std': 0.0008063632188596143}
{'MSE - mean': 300224.23927110864, 'MSE - std': 15443.679904945982, 'R2 - mean': 0.9811426288448899, 'R2 - std': 0.0007326194514089322}
Trial 82 finished with value: 300224.23927110864 and parameters: {'max_depth': 12, 'n_estimators': 22}. Best is trial 66 with value: 295454.55544477154.
{'MSE - mean': 282897.2047568804, 'MSE - std': 0.0, 'R2 - mean': 0.9816006291410412, 'R2 - std': 0.0}
{'MSE - mean': 288565.0876613669, 'MSE - std': 5667.882904486469, 'R2 - mean': 0.9815253684244828, 'R2 - std': 7.526071655838962e-05}
{'MSE - mean': 300887.6335567564, 'MSE - std': 18030.72024168592, 'R2 - mean': 0.9809200744497725, 'R2 - std': 0.0008582177512802783}
{'MSE - mean': 303387.76227710187, 'MSE - std': 16204.38475167587, 'R2 - mean': 0.9808933668360809, 'R2 - std': 0.0007446765548523344}
{'MSE - mean': 303168.2790309495, 'MSE - std': 14500.288263536097, 'R2 - mean': 0.9809565012833937, 'R2 - std': 0.0006779220979046347}
Trial 83 finished with value: 303168.2790309495 and parameters: {'max_depth': 11, 'n_estimators': 26}. Best is trial 66 with value: 295454.55544477154.
{'MSE - mean': 276748.027798844, 'MSE - std': 0.0, 'R2 - mean': 0.982000565886353, 'R2 - std': 0.0}
{'MSE - mean': 282475.4627647711, 'MSE - std': 5727.4349659270665, 'R2 - mean': 0.9819154195084514, 'R2 - std': 8.51463779015793e-05}
{'MSE - mean': 295086.0613584663, 'MSE - std': 18437.011723936277, 'R2 - mean': 0.9812886766019066, 'R2 - std': 0.0008890706452555306}
{'MSE - mean': 296748.9545639425, 'MSE - std': 16224.616865118263, 'R2 - mean': 0.981311001609837, 'R2 - std': 0.0007709281270835836}
{'MSE - mean': 296931.1780334144, 'MSE - std': 14516.314115752992, 'R2 - mean': 0.9813481744871305, 'R2 - std': 0.0006935354590271519}
Trial 84 finished with value: 296931.1780334144 and parameters: {'max_depth': 12, 'n_estimators': 37}. Best is trial 66 with value: 295454.55544477154.
{'MSE - mean': 281228.3151573507, 'MSE - std': 0.0, 'R2 - mean': 0.9817091721670878, 'R2 - std': 0.0}
{'MSE - mean': 288226.1922912636, 'MSE - std': 6997.877133912902, 'R2 - mean': 0.9815483980663863, 'R2 - std': 0.00016077410070147735}
{'MSE - mean': 301027.07921031304, 'MSE - std': 18983.4735515608, 'R2 - mean': 0.9809126535985927, 'R2 - std': 0.0009086111733286486}
{'MSE - mean': 303628.6034234654, 'MSE - std': 17046.494823187564, 'R2 - mean': 0.9808793919739083, 'R2 - std': 0.0007889865051147608}
{'MSE - mean': 303289.44421074464, 'MSE - std': 15261.929907186108, 'R2 - mean': 0.9809497664548861, 'R2 - std': 0.0007195901851013124}
Trial 85 finished with value: 303289.44421074464 and parameters: {'max_depth': 11, 'n_estimators': 37}. Best is trial 66 with value: 295454.55544477154.
{'MSE - mean': 297992.9035017497, 'MSE - std': 0.0, 'R2 - mean': 0.9806188189466963, 'R2 - std': 0.0}
{'MSE - mean': 302963.1838634434, 'MSE - std': 4970.280361693702, 'R2 - mean': 0.9806025901058302, 'R2 - std': 1.622884086621701e-05}
{'MSE - mean': 314749.2933448893, 'MSE - std': 17154.995715528978, 'R2 - mean': 0.9800391797711931, 'R2 - std': 0.0007968927116424741}
{'MSE - mean': 316477.26284568297, 'MSE - std': 15155.132605387607, 'R2 - mean': 0.9800664790036301, 'R2 - std': 0.0006917472368406021}
{'MSE - mean': 316205.77072242124, 'MSE - std': 13566.03358839564, 'R2 - mean': 0.9801354901845368, 'R2 - std': 0.0006339255193647305}
Trial 86 finished with value: 316205.77072242124 and parameters: {'max_depth': 10, 'n_estimators': 43}. Best is trial 66 with value: 295454.55544477154.
{'MSE - mean': 275686.0368160556, 'MSE - std': 0.0, 'R2 - mean': 0.9820696367913059, 'R2 - std': 0.0}
{'MSE - mean': 282692.616097354, 'MSE - std': 7006.5792812983855, 'R2 - mean': 0.9819027879827456, 'R2 - std': 0.00016684880856038253}
{'MSE - mean': 295129.03160861594, 'MSE - std': 18494.78206650709, 'R2 - mean': 0.9812866007122562, 'R2 - std': 0.0008820048306208941}
{'MSE - mean': 296076.3515433981, 'MSE - std': 16100.775383260314, 'R2 - mean': 0.9813529439861238, 'R2 - std': 0.0007724336093745623}
{'MSE - mean': 297073.5890309099, 'MSE - std': 14538.428552624111, 'R2 - mean': 0.9813394275825942, 'R2 - std': 0.0006914142877975709}
Trial 87 finished with value: 297073.5890309099 and parameters: {'max_depth': 12, 'n_estimators': 30}. Best is trial 66 with value: 295454.55544477154.
{'MSE - mean': 274659.7546772479, 'MSE - std': 0.0, 'R2 - mean': 0.9821363852262863, 'R2 - std': 0.0}
{'MSE - mean': 280520.4489538042, 'MSE - std': 5860.694276556285, 'R2 - mean': 0.9820407553562167, 'R2 - std': 9.562987006961343e-05}
{'MSE - mean': 294896.540336281, 'MSE - std': 20886.41899600835, 'R2 - mean': 0.9813028091375621, 'R2 - std': 0.0010465304381397321}
{'MSE - mean': 296393.7762387313, 'MSE - std': 18273.1228830863, 'R2 - mean': 0.9813347488259189, 'R2 - std': 0.0009080087552120248}
{'MSE - mean': 296062.9919101664, 'MSE - std': 16357.361920810896, 'R2 - mean': 0.9814034775474065, 'R2 - std': 0.0008236980443479302}
Trial 88 finished with value: 296062.9919101664 and parameters: {'max_depth': 12, 'n_estimators': 41}. Best is trial 66 with value: 295454.55544477154.
{'MSE - mean': 330893.7880098532, 'MSE - std': 0.0, 'R2 - mean': 0.9784789760444923, 'R2 - std': 0.0}
{'MSE - mean': 331061.7497191927, 'MSE - std': 167.9617093394627, 'R2 - mean': 0.9787983137053126, 'R2 - std': 0.0003193376608202625}
{'MSE - mean': 342473.67135608016, 'MSE - std': 16139.477014971388, 'R2 - mean': 0.97827585580704, 'R2 - std': 0.0007835233704321422}
{'MSE - mean': 344144.44856306544, 'MSE - std': 14273.630517977444, 'R2 - mean': 0.9783197566568687, 'R2 - std': 0.000682798292218874}
{'MSE - mean': 344342.70764701127, 'MSE - std': 12772.879439987591, 'R2 - mean': 0.9783649423425137, 'R2 - std': 0.0006173635809103526}
Trial 89 finished with value: 344342.70764701127 and parameters: {'max_depth': 9, 'n_estimators': 46}. Best is trial 66 with value: 295454.55544477154.
{'MSE - mean': 280031.5140096232, 'MSE - std': 0.0, 'R2 - mean': 0.9817870109996785, 'R2 - std': 0.0}
{'MSE - mean': 286510.66032597446, 'MSE - std': 6479.146316351282, 'R2 - mean': 0.9816577469350547, 'R2 - std': 0.00012926406462382412}
{'MSE - mean': 300809.19876694697, 'MSE - std': 20901.73743388477, 'R2 - mean': 0.980927847093786, 'R2 - std': 0.0010376160282929115}
{'MSE - mean': 302790.9920577649, 'MSE - std': 18424.019234653657, 'R2 - mean': 0.980932396049478, 'R2 - std': 0.0008986363812028933}
{'MSE - mean': 302904.8959600339, 'MSE - std': 16480.518323248172, 'R2 - mean': 0.9809744199364537, 'R2 - std': 0.0008081472049096749}
Trial 90 finished with value: 302904.8959600339 and parameters: {'max_depth': 11, 'n_estimators': 40}. Best is trial 66 with value: 295454.55544477154.
{'MSE - mean': 271400.4681046574, 'MSE - std': 0.0, 'R2 - mean': 0.9823483661910196, 'R2 - std': 0.0}
{'MSE - mean': 279106.8853629171, 'MSE - std': 7706.417258259695, 'R2 - mean': 0.9821331231127937, 'R2 - std': 0.00021524307822601285}
{'MSE - mean': 293662.56719846005, 'MSE - std': 21525.062726212374, 'R2 - mean': 0.9813825629611537, 'R2 - std': 0.00107590309551671}
{'MSE - mean': 296289.2945652582, 'MSE - std': 19188.41666224684, 'R2 - mean': 0.9813438955147411, 'R2 - std': 0.0009341633248222854}
{'MSE - mean': 297070.08040870854, 'MSE - std': 17233.536298059196, 'R2 - mean': 0.9813429964731105, 'R2 - std': 0.0008355430132900614}
Trial 91 finished with value: 297070.08040870854 and parameters: {'max_depth': 12, 'n_estimators': 34}. Best is trial 66 with value: 295454.55544477154.
{'MSE - mean': 278060.85338989785, 'MSE - std': 0.0, 'R2 - mean': 0.9819151809319712, 'R2 - std': 0.0}
{'MSE - mean': 282807.2246244835, 'MSE - std': 4746.3712345856475, 'R2 - mean': 0.9818931946215523, 'R2 - std': 2.1986310418831145e-05}
{'MSE - mean': 295565.7919162581, 'MSE - std': 18454.83058556257, 'R2 - mean': 0.9812577441694716, 'R2 - std': 0.0008988419323382522}
{'MSE - mean': 296816.20058513584, 'MSE - std': 16128.426596353887, 'R2 - mean': 0.9813058574024319, 'R2 - std': 0.000782867973578457}
{'MSE - mean': 296792.06900473137, 'MSE - std': 14425.784031097637, 'R2 - mean': 0.9813560505270038, 'R2 - std': 0.0007073776998612599}
Trial 92 finished with value: 296792.06900473137 and parameters: {'max_depth': 12, 'n_estimators': 38}. Best is trial 66 with value: 295454.55544477154.
{'MSE - mean': 297177.0948040442, 'MSE - std': 0.0, 'R2 - mean': 0.9806718783849893, 'R2 - std': 0.0}
{'MSE - mean': 300131.0969936467, 'MSE - std': 2954.002189602499, 'R2 - mean': 0.9807819522032561, 'R2 - std': 0.000110073818266887}
{'MSE - mean': 313418.88972811657, 'MSE - std': 18945.93071873866, 'R2 - mean': 0.9801239958099089, 'R2 - std': 0.000934821227867438}
{'MSE - mean': 315224.74467732245, 'MSE - std': 16703.13007768749, 'R2 - mean': 0.9801458110378369, 'R2 - std': 0.0008104602140526993}
{'MSE - mean': 316023.44608043524, 'MSE - std': 15024.890656475876, 'R2 - mean': 0.9801480022801478, 'R2 - std': 0.0007249109000569234}
Trial 93 finished with value: 316023.44608043524 and parameters: {'max_depth': 10, 'n_estimators': 42}. Best is trial 66 with value: 295454.55544477154.
{'MSE - mean': 275939.2810729387, 'MSE - std': 0.0, 'R2 - mean': 0.9820531660205738, 'R2 - std': 0.0}
{'MSE - mean': 280426.161439591, 'MSE - std': 4486.8803666522435, 'R2 - mean': 0.982045423917291, 'R2 - std': 7.742103282804003e-06}
{'MSE - mean': 293990.1979531616, 'MSE - std': 19529.14667958436, 'R2 - mean': 0.9813584960240155, 'R2 - std': 0.0009714833098044428}
{'MSE - mean': 295099.66072376113, 'MSE - std': 17021.556933564563, 'R2 - mean': 0.9814144297204701, 'R2 - std': 0.0008468887773011685}
{'MSE - mean': 295048.0523241884, 'MSE - std': 15224.893236462767, 'R2 - mean': 0.9814659570914562, 'R2 - std': 0.0007644584754830837}
Trial 94 finished with value: 295048.0523241884 and parameters: {'max_depth': 12, 'n_estimators': 59}. Best is trial 94 with value: 295048.0523241884.
{'MSE - mean': 281838.3334333317, 'MSE - std': 0.0, 'R2 - mean': 0.9816694971462611, 'R2 - std': 0.0}
{'MSE - mean': 285275.7093200176, 'MSE - std': 3437.3758866858843, 'R2 - mean': 0.9817338027756599, 'R2 - std': 6.430562939885309e-05}
{'MSE - mean': 296983.64783402625, 'MSE - std': 16793.70965033816, 'R2 - mean': 0.981165681788001, 'R2 - std': 0.0008051581972208292}
{'MSE - mean': 299481.01182674454, 'MSE - std': 15173.39756288198, 'R2 - mean': 0.9811379775099911, 'R2 - std': 0.0006989366015412804}
{'MSE - mean': 300055.77775581245, 'MSE - std': 13620.096122050229, 'R2 - mean': 0.9811513879900844, 'R2 - std': 0.0006257229916541238}
Trial 95 finished with value: 300055.77775581245 and parameters: {'max_depth': 11, 'n_estimators': 63}. Best is trial 94 with value: 295048.0523241884.
{'MSE - mean': 818103.6123486595, 'MSE - std': 0.0, 'R2 - mean': 0.9467913025949022, 'R2 - std': 0.0}
{'MSE - mean': 818142.8792631608, 'MSE - std': 39.266914501204155, 'R2 - mean': 0.9476045398225765, 'R2 - std': 0.0008132372276742905}
{'MSE - mean': 833550.0048293341, 'MSE - std': 21788.989521102547, 'R2 - mean': 0.9471110332109198, 'R2 - std': 0.0009633279523686512}
{'MSE - mean': 835481.3536642275, 'MSE - std': 19164.03854173673, 'R2 - mean': 0.9473532482353039, 'R2 - std': 0.0009338120324633048}
{'MSE - mean': 835804.8684175835, 'MSE - std': 17153.044795775833, 'R2 - mean': 0.9474754562871951, 'R2 - std': 0.0008702546531716022}
Trial 96 finished with value: 835804.8684175835 and parameters: {'max_depth': 5, 'n_estimators': 73}. Best is trial 94 with value: 295048.0523241884.
{'MSE - mean': 271640.4165157931, 'MSE - std': 0.0, 'R2 - mean': 0.9823327601697183, 'R2 - std': 0.0}
{'MSE - mean': 277781.06045912096, 'MSE - std': 6140.643943327828, 'R2 - mean': 0.9822164703824909, 'R2 - std': 0.00011628978722738603}
{'MSE - mean': 292440.68034929497, 'MSE - std': 21329.49247734823, 'R2 - mean': 0.9814591956317366, 'R2 - std': 0.0010751491242315975}
{'MSE - mean': 294238.3873379613, 'MSE - std': 18732.476831888533, 'R2 - mean': 0.9814713862696258, 'R2 - std': 0.0009313458350464783}
{'MSE - mean': 294424.3705699277, 'MSE - std': 16758.965053250846, 'R2 - mean': 0.9815074608575222, 'R2 - std': 0.0008361396744170714}
Trial 97 finished with value: 294424.3705699277 and parameters: {'max_depth': 12, 'n_estimators': 49}. Best is trial 97 with value: 294424.3705699277.
{'MSE - mean': 281448.55154509173, 'MSE - std': 0.0, 'R2 - mean': 0.9816948481974388, 'R2 - std': 0.0}
{'MSE - mean': 286836.54503229033, 'MSE - std': 5387.993487198604, 'R2 - mean': 0.9816357886653873, 'R2 - std': 5.905953205159742e-05}
{'MSE - mean': 299042.2707176011, 'MSE - std': 17813.285160861702, 'R2 - mean': 0.9810368828264494, 'R2 - std': 0.0008483523796424944}
{'MSE - mean': 301840.3517188616, 'MSE - std': 16170.114966674684, 'R2 - mean': 0.9809910567899494, 'R2 - std': 0.000738969821371424}
{'MSE - mean': 302158.5911261265, 'MSE - std': 14476.98862711878, 'R2 - mean': 0.981020465366662, 'R2 - std': 0.0006635665566130031}
Trial 98 finished with value: 302158.5911261265 and parameters: {'max_depth': 11, 'n_estimators': 57}. Best is trial 97 with value: 294424.3705699277.
{'MSE - mean': 272523.57719565457, 'MSE - std': 0.0, 'R2 - mean': 0.9822753202212013, 'R2 - std': 0.0}
{'MSE - mean': 279263.8071102231, 'MSE - std': 6740.229914568539, 'R2 - mean': 0.9821221101678024, 'R2 - std': 0.00015321005339891114}
{'MSE - mean': 292599.43621744757, 'MSE - std': 19645.99552678365, 'R2 - mean': 0.9814480067842165, 'R2 - std': 0.0009614986343372566}
{'MSE - mean': 294627.3282960808, 'MSE - std': 17372.70543198591, 'R2 - mean': 0.9814463391014097, 'R2 - std': 0.0008326872530381016}
{'MSE - mean': 295282.87319454853, 'MSE - std': 15593.83441225635, 'R2 - mean': 0.9814533987820063, 'R2 - std': 0.0007449119447681152}
Trial 99 finished with value: 295282.87319454853 and parameters: {'max_depth': 12, 'n_estimators': 55}. Best is trial 97 with value: 294424.3705699277.
Best parameters: {'max_depth': 12, 'n_estimators': 49}
{'MSE - mean': 273824.70865131845, 'MSE - std': 0.0, 'R2 - mean': 0.9821906958424996, 'R2 - std': 0.0}
{'MSE - mean': 280731.0514268698, 'MSE - std': 6906.342775551369, 'R2 - mean': 0.9820283105471463, 'R2 - std': 0.00016238529535334}
{'MSE - mean': 292153.4670483823, 'MSE - std': 17109.691336104053, 'R2 - mean': 0.9814742401111829, 'R2 - std': 0.0007947121609627439}
{'MSE - mean': 294691.36585447454, 'MSE - std': 15455.709115484098, 'R2 - mean': 0.9814414194014975, 'R2 - std': 0.000690584651609992}
{'MSE - mean': 294835.65800309496, 'MSE - std': 13827.018344769078, 'R2 - mean': 0.9814804473559045, 'R2 - std': 0.0006225901169567281}
Results: {'MSE - mean': 294835.65800309496, 'MSE - std': 13827.018344769078, 'R2 - mean': 0.9814804473559045, 'R2 - std': 0.0006225901169567281}
Train time: 7.202449430399975
Inference time: 0.09976958299998842


----------------------------------------------------------------------------
Training RandomForest Vesion 1 with Dataset: config/house_prices_nominal.yml 



----------------------------------------------------------------------------
Namespace(batch_size=128, cat_dims=None, cat_idx=None, config='config/house_prices_nominal.yml', data_parallel=False, dataset='House Prices Nominal', direction='minimize', dropna_idx=[0], early_stopping_rounds=20, epochs=1000, gpu_ids=[0, 1], logging_period=100, miss_cat_idx=[6, 25, 30, 31, 32, 33, 35, 42, 57, 58, 60, 63, 64, 72, 73, 74], miss_num_idx=[3, 26, 59], model_name='RandomForest', n_trials=100, nominal_idx=[2, 7, 12], num_classes=1, num_features=80, num_splits=5, objective='regression', one_hot_encode=True, optimize_hyperparameters=True, ordinal_encode=True, ordinal_idx=[5, 6, 8, 9, 10, 11, 13, 14, 15, 16, 21, 22, 23, 24, 25, 27, 28, 29, 30, 31, 32, 33, 35, 39, 40, 41, 42, 53, 55, 57, 58, 60, 63, 64, 65, 72, 73, 74, 78, 79], scale=True, seed=221, shuffle=True, target_encode=False, use_gpu=True, val_batch_size=256)
Start hyperparameter optimization
Loading dataset House Prices Nominal...
Dataset loaded!
(1460, 79)
Scaling the data...
args.num_features: 110
New Shape: (1460, 110)
A new study created in RDB with name: RandomForest_House Prices Nominal
{'MSE - mean': 1039459458.4109741, 'MSE - std': 0.0, 'R2 - mean': 0.8598595597062666, 'R2 - std': 0.0}
{'MSE - mean': 1171420443.2056088, 'MSE - std': 131960984.79463476, 'R2 - mean': 0.8342962305147915, 'R2 - std': 0.02556332919147508}
{'MSE - mean': 1291489775.6948698, 'MSE - std': 201103017.25105935, 'R2 - mean': 0.8187636341685841, 'R2 - std': 0.030301468029501646}
{'MSE - mean': 1140688905.1394882, 'MSE - std': 313933950.6032961, 'R2 - mean': 0.8326027595244765, 'R2 - std': 0.03554150243596193}
{'MSE - mean': 1081170621.185648, 'MSE - std': 304980859.681971, 'R2 - mean': 0.828515490630183, 'R2 - std': 0.032823494396261685}
Trial 0 finished with value: 1081170621.185648 and parameters: {'max_depth': 5, 'n_estimators': 36}. Best is trial 0 with value: 1081170621.185648.
{'MSE - mean': 1602665413.1668558, 'MSE - std': 0.0, 'R2 - mean': 0.7839278532439491, 'R2 - std': 0.0}
{'MSE - mean': 1737059289.7608476, 'MSE - std': 134393876.59399164, 'R2 - mean': 0.7546490126036063, 'R2 - std': 0.029278840640342807}
{'MSE - mean': 1849083050.9233005, 'MSE - std': 192716861.8481663, 'R2 - mean': 0.7406459859835443, 'R2 - std': 0.031043032205945887}
{'MSE - mean': 1636230430.003954, 'MSE - std': 404689456.654308, 'R2 - mean': 0.759868701159742, 'R2 - std': 0.042793582727322865}
{'MSE - mean': 1552010651.3482728, 'MSE - std': 399237685.50698584, 'R2 - mean': 0.7537511598405299, 'R2 - std': 0.04018370099034249}
Trial 1 finished with value: 1552010651.3482728 and parameters: {'max_depth': 3, 'n_estimators': 22}. Best is trial 0 with value: 1081170621.185648.
{'MSE - mean': 914888681.7510188, 'MSE - std': 0.0, 'R2 - mean': 0.8766542536672468, 'R2 - std': 0.0}
{'MSE - mean': 1043605062.3536189, 'MSE - std': 128716380.6026001, 'R2 - mean': 0.8523098964612656, 'R2 - std': 0.02434435720598116}
{'MSE - mean': 1144827792.9328883, 'MSE - std': 177587593.77314517, 'R2 - mean': 0.8392906708609065, 'R2 - std': 0.02709426056654243}
{'MSE - mean': 997766190.5934367, 'MSE - std': 297547239.5175976, 'R2 - mean': 0.8540198757600528, 'R2 - std': 0.03466154421861315}
{'MSE - mean': 938590419.7471883, 'MSE - std': 291263755.4118687, 'R2 - mean': 0.8519412219604355, 'R2 - std': 0.031279727053952266}
Trial 2 finished with value: 938590419.7471883 and parameters: {'max_depth': 12, 'n_estimators': 20}. Best is trial 2 with value: 938590419.7471883.
{'MSE - mean': 2300961533.1763515, 'MSE - std': 0.0, 'R2 - mean': 0.6897832236273841, 'R2 - std': 0.0}
{'MSE - mean': 2332163839.328679, 'MSE - std': 31202306.1523273, 'R2 - mean': 0.6714833615325762, 'R2 - std': 0.018299862094807884}
{'MSE - mean': 2414671032.0734696, 'MSE - std': 119431694.48992378, 'R2 - mean': 0.6617974162217272, 'R2 - std': 0.02027046393784575}
{'MSE - mean': 2204654034.384759, 'MSE - std': 378179012.0975655, 'R2 - mean': 0.6743537411922689, 'R2 - std': 0.0279491085991874}
{'MSE - mean': 2095101530.68514, 'MSE - std': 403016744.59046084, 'R2 - mean': 0.6656552615947166, 'R2 - std': 0.030456137746396397}
Trial 3 finished with value: 2095101530.68514 and parameters: {'max_depth': 2, 'n_estimators': 49}. Best is trial 2 with value: 938590419.7471883.
{'MSE - mean': 2185724565.1037397, 'MSE - std': 0.0, 'R2 - mean': 0.7053195288802107, 'R2 - std': 0.0}
{'MSE - mean': 2270632862.00071, 'MSE - std': 84908296.89697027, 'R2 - mean': 0.6798256601644581, 'R2 - std': 0.025493868715752543}
{'MSE - mean': 2369415224.7995563, 'MSE - std': 155955729.79174313, 'R2 - mean': 0.6679459906020372, 'R2 - std': 0.02674966652543491}
{'MSE - mean': 2152579004.223094, 'MSE - std': 399118380.8130226, 'R2 - mean': 0.6822815268068052, 'R2 - std': 0.03395852307228815}
{'MSE - mean': 2062226459.414463, 'MSE - std': 400113377.6016866, 'R2 - mean': 0.6700402915207411, 'R2 - std': 0.03901200323895234}
