Trial 4 finished with value: 2062226459.414463 and parameters: {'max_depth': 2, 'n_estimators': 53}. Best is trial 2 with value: 938590419.7471883.
{'MSE - mean': 1510686152.1699889, 'MSE - std': 0.0, 'R2 - mean': 0.7963285428809438, 'R2 - std': 0.0}
{'MSE - mean': 1680773562.3509605, 'MSE - std': 170087410.18097162, 'R2 - mean': 0.76236027705134, 'R2 - std': 0.03396826582960377}
{'MSE - mean': 1812036323.442119, 'MSE - std': 231832503.40118957, 'R2 - mean': 0.7457206986027064, 'R2 - std': 0.03637279016256814}
{'MSE - mean': 1613392318.1613224, 'MSE - std': 398356692.83562744, 'R2 - mean': 0.7627699967706927, 'R2 - std': 0.043177200027564984}
{'MSE - mean': 1533935478.1373413, 'MSE - std': 390133312.4560588, 'R2 - mean': 0.756028681843069, 'R2 - std': 0.04090474042931808}
Trial 5 finished with value: 1533935478.1373413 and parameters: {'max_depth': 3, 'n_estimators': 23}. Best is trial 2 with value: 938590419.7471883.
{'MSE - mean': 1036089665.4606115, 'MSE - std': 0.0, 'R2 - mean': 0.8603138768649988, 'R2 - std': 0.0}
{'MSE - mean': 1159271424.85382, 'MSE - std': 123181759.39320868, 'R2 - mean': 0.8360589658551436, 'R2 - std': 0.024254911009855162}
{'MSE - mean': 1281002146.514858, 'MSE - std': 199380459.81750157, 'R2 - mean': 0.8202698350148449, 'R2 - std': 0.02984616855558093}
{'MSE - mean': 1131656485.8956814, 'MSE - std': 311009332.4244685, 'R2 - mean': 0.8339457860562705, 'R2 - std': 0.03505980952242217}
{'MSE - mean': 1077298798.987167, 'MSE - std': 298664487.9932451, 'R2 - mean': 0.8288426493895799, 'R2 - std': 0.03297757132286293}
Trial 6 finished with value: 1077298798.987167 and parameters: {'max_depth': 5, 'n_estimators': 53}. Best is trial 2 with value: 938590419.7471883.
{'MSE - mean': 1328185522.3746839, 'MSE - std': 0.0, 'R2 - mean': 0.8209333684048707, 'R2 - std': 0.0}
{'MSE - mean': 1448229348.6465378, 'MSE - std': 120043826.27185392, 'R2 - mean': 0.795397122194277, 'R2 - std': 0.02553624621059364}
{'MSE - mean': 1523341789.6905491, 'MSE - std': 144536400.54730695, 'R2 - mean': 0.7862727974107305, 'R2 - std': 0.0245201927506696}
{'MSE - mean': 1334146321.1894696, 'MSE - std': 350788902.6414714, 'R2 - mean': 0.8046557894583128, 'R2 - std': 0.038271831407210175}
{'MSE - mean': 1261915166.8979962, 'MSE - std': 345415173.34106904, 'R2 - mean': 0.8003701426144134, 'R2 - std': 0.035288150120005364}
Trial 7 finished with value: 1261915166.8979962 and parameters: {'max_depth': 4, 'n_estimators': 17}. Best is trial 2 with value: 938590419.7471883.
{'MSE - mean': 918951856.8621345, 'MSE - std': 0.0, 'R2 - mean': 0.8761064543813248, 'R2 - std': 0.0}
{'MSE - mean': 982114429.181146, 'MSE - std': 63162572.31901157, 'R2 - mean': 0.8613576816291673, 'R2 - std': 0.01474877275215758}
{'MSE - mean': 1094359256.552788, 'MSE - std': 166905590.7931659, 'R2 - mean': 0.8466358427393536, 'R2 - std': 0.024051665480622934}
{'MSE - mean': 957806695.006715, 'MSE - std': 277187505.80228895, 'R2 - mean': 0.8599143013541652, 'R2 - std': 0.03102924989183014}
{'MSE - mean': 901113565.7774994, 'MSE - std': 272622035.6198621, 'R2 - mean': 0.8578841692358123, 'R2 - std': 0.028048836424201005}
Trial 8 finished with value: 901113565.7774994 and parameters: {'max_depth': 10, 'n_estimators': 82}. Best is trial 8 with value: 901113565.7774994.
{'MSE - mean': 1489967531.1470191, 'MSE - std': 0.0, 'R2 - mean': 0.7991218376544376, 'R2 - std': 0.0}
{'MSE - mean': 1688292537.7018342, 'MSE - std': 198325006.55481517, 'R2 - mean': 0.7611333425818898, 'R2 - std': 0.03798849507254776}
{'MSE - mean': 1761701015.2347639, 'MSE - std': 192352492.30873922, 'R2 - mean': 0.7525746146095224, 'R2 - std': 0.033295457461861494}
{'MSE - mean': 1584770920.9956398, 'MSE - std': 348801355.6674252, 'R2 - mean': 0.7662406435365239, 'R2 - std': 0.03730578581931893}
{'MSE - mean': 1510978448.7028022, 'MSE - std': 345124940.3342271, 'R2 - mean': 0.7588185469764437, 'R2 - std': 0.03652023266445792}
Trial 9 finished with value: 1510978448.7028022 and parameters: {'max_depth': 3, 'n_estimators': 99}. Best is trial 8 with value: 901113565.7774994.
{'MSE - mean': 1292106178.7520475, 'MSE - std': 0.0, 'R2 - mean': 0.8257976034261332, 'R2 - std': 0.0}
{'MSE - mean': 1317991151.047536, 'MSE - std': 25884972.29548824, 'R2 - mean': 0.8142940181973692, 'R2 - std': 0.01150358522876399}
{'MSE - mean': 1354293409.9441602, 'MSE - std': 55519328.72871566, 'R2 - mean': 0.8102677826584032, 'R2 - std': 0.010983751361629232}
{'MSE - mean': 1195214666.7945774, 'MSE - std': 279696150.247046, 'R2 - mean': 0.8248732806419372, 'R2 - std': 0.027026723987964494}
{'MSE - mean': 1095275354.3486972, 'MSE - std': 320211514.251183, 'R2 - mean': 0.8289077459394937, 'R2 - std': 0.02548455784521372}
Trial 10 finished with value: 1095275354.3486972 and parameters: {'max_depth': 12, 'n_estimators': 5}. Best is trial 8 with value: 901113565.7774994.
{'MSE - mean': 870922522.230876, 'MSE - std': 0.0, 'R2 - mean': 0.8825817931237604, 'R2 - std': 0.0}
{'MSE - mean': 1008698952.7487055, 'MSE - std': 137776430.51782954, 'R2 - mean': 0.8571700799111199, 'R2 - std': 0.025411713212640408}
{'MSE - mean': 1097021331.9795206, 'MSE - std': 168096941.92183658, 'R2 - mean': 0.8459317301736622, 'R2 - std': 0.026136267048754738}
{'MSE - mean': 990142464.1130779, 'MSE - std': 235503107.41440865, 'R2 - mean': 0.8538375143093063, 'R2 - std': 0.026454349544660423}
{'MSE - mean': 934660051.4046253, 'MSE - std': 238081001.68068483, 'R2 - mean': 0.8513121878118728, 'R2 - std': 0.02419452796686519}
Trial 11 finished with value: 934660051.4046253 and parameters: {'max_depth': 11, 'n_estimators': 10}. Best is trial 8 with value: 901113565.7774994.
{'MSE - mean': 1118634811.3457048, 'MSE - std': 0.0, 'R2 - mean': 0.8491850993115853, 'R2 - std': 0.0}
{'MSE - mean': 1090462394.9330723, 'MSE - std': 28172416.412632465, 'R2 - mean': 0.8466487038329094, 'R2 - std': 0.002536395478675957}
{'MSE - mean': 1086514303.888189, 'MSE - std': 23670619.133190203, 'R2 - mean': 0.847929453601699, 'R2 - std': 0.0027512738788922665}
{'MSE - mean': 977216441.702549, 'MSE - std': 190416101.45327762, 'R2 - mean': 0.8562586183626972, 'R2 - std': 0.01462197277439235}
{'MSE - mean': 961561584.7515692, 'MSE - std': 173167351.2494619, 'R2 - mean': 0.8449518521999533, 'R2 - std': 0.02612304565872715}
Trial 12 finished with value: 961561584.7515692 and parameters: {'max_depth': 8, 'n_estimators': 7}. Best is trial 8 with value: 901113565.7774994.
{'MSE - mean': 1153836792.545179, 'MSE - std': 0.0, 'R2 - mean': 0.8444391507278401, 'R2 - std': 0.0}
{'MSE - mean': 1152672739.2601466, 'MSE - std': 1164053.2850322723, 'R2 - mean': 0.8377294480934326, 'R2 - std': 0.006709702634407511}
{'MSE - mean': 1171968985.381636, 'MSE - std': 27305559.424088668, 'R2 - mean': 0.8358869873111843, 'R2 - std': 0.0060665253451237956}
{'MSE - mean': 1031749049.2081558, 'MSE - std': 244016570.50922036, 'R2 - mean': 0.8489748937525685, 'R2 - std': 0.023269764338676845}
{'MSE - mean': 974379558.7408308, 'MSE - std': 246577174.71896502, 'R2 - mean': 0.8459886079940245, 'R2 - std': 0.021653109624919366}
Trial 13 finished with value: 974379558.7408308 and parameters: {'max_depth': 8, 'n_estimators': 8}. Best is trial 8 with value: 901113565.7774994.
{'MSE - mean': 885849784.2747258, 'MSE - std': 0.0, 'R2 - mean': 0.880569292243348, 'R2 - std': 0.0}
{'MSE - mean': 1047962560.3543599, 'MSE - std': 162112776.07963413, 'R2 - mean': 0.8514972835707713, 'R2 - std': 0.0290720086725767}
{'MSE - mean': 1176402774.501187, 'MSE - std': 224753521.29016674, 'R2 - mean': 0.8347749350518908, 'R2 - std': 0.033507138624668184}
{'MSE - mean': 1037700337.0561732, 'MSE - std': 309193640.71534705, 'R2 - mean': 0.8476605984050871, 'R2 - std': 0.03660829433701155}
{'MSE - mean': 984002582.2037394, 'MSE - std': 296672144.75211054, 'R2 - mean': 0.8438539688531697, 'R2 - std': 0.03361689286050014}
Trial 14 finished with value: 984002582.2037394 and parameters: {'max_depth': 8, 'n_estimators': 12}. Best is trial 8 with value: 901113565.7774994.
{'MSE - mean': 979438348.3987932, 'MSE - std': 0.0, 'R2 - mean': 0.8679516355596955, 'R2 - std': 0.0}
{'MSE - mean': 1108522736.6237903, 'MSE - std': 129084388.22499704, 'R2 - mean': 0.8431683538302481, 'R2 - std': 0.024783281729447326}
{'MSE - mean': 1178147768.912507, 'MSE - std': 144235258.39645073, 'R2 - mean': 0.8345766696405637, 'R2 - std': 0.023603137714111714}
{'MSE - mean': 1050754762.0074995, 'MSE - std': 253554317.55033508, 'R2 - mean': 0.8453637460099663, 'R2 - std': 0.027693214552692726}
{'MSE - mean': 998407582.1763874, 'MSE - std': 249785392.89521325, 'R2 - mean': 0.8411339137489039, 'R2 - std': 0.02617436206741389}
Trial 15 finished with value: 998407582.1763874 and parameters: {'max_depth': 10, 'n_estimators': 13}. Best is trial 8 with value: 901113565.7774994.
{'MSE - mean': 956792661.9201622, 'MSE - std': 0.0, 'R2 - mean': 0.8710047382547449, 'R2 - std': 0.0}
{'MSE - mean': 1050447495.3630673, 'MSE - std': 93654833.44290507, 'R2 - mean': 0.8515556715916782, 'R2 - std': 0.019449066663066672}
{'MSE - mean': 1147370774.7238169, 'MSE - std': 156957731.196107, 'R2 - mean': 0.8390676613495548, 'R2 - std': 0.02375033183608943}
{'MSE - mean': 1016762161.5198455, 'MSE - std': 263917840.5600232, 'R2 - mean': 0.8507272802133896, 'R2 - std': 0.028825315833359906}
{'MSE - mean': 961706027.5687563, 'MSE - std': 260474207.5431918, 'R2 - mean': 0.8475429101218148, 'R2 - std': 0.026557106729363834}
Trial 16 finished with value: 961706027.5687563 and parameters: {'max_depth': 6, 'n_estimators': 82}. Best is trial 8 with value: 901113565.7774994.
{'MSE - mean': 973663592.8100402, 'MSE - std': 0.0, 'R2 - mean': 0.8687301909754437, 'R2 - std': 0.0}
{'MSE - mean': 1056878902.6688417, 'MSE - std': 83215309.85880148, 'R2 - mean': 0.8507124871400602, 'R2 - std': 0.01801770383538348}
{'MSE - mean': 1197698135.0040207, 'MSE - std': 210420145.39377114, 'R2 - mean': 0.8321238915228394, 'R2 - std': 0.030124688795751028}
{'MSE - mean': 1040651015.2176967, 'MSE - std': 327412387.8080851, 'R2 - mean': 0.8480536821578888, 'R2 - std': 0.037972323412061054}
{'MSE - mean': 988185555.4580297, 'MSE - std': 311078117.55783534, 'R2 - mean': 0.8437624167385855, 'R2 - std': 0.03503109635514938}
Trial 17 finished with value: 988185555.4580297 and parameters: {'max_depth': 7, 'n_estimators': 9}. Best is trial 8 with value: 901113565.7774994.
{'MSE - mean': 1149671629.3336222, 'MSE - std': 0.0, 'R2 - mean': 0.8450007001001025, 'R2 - std': 0.0}
{'MSE - mean': 1222855275.3303738, 'MSE - std': 73183645.99675143, 'R2 - mean': 0.827405545517417, 'R2 - std': 0.017595154582685513}
{'MSE - mean': 1328052837.1040404, 'MSE - std': 160323479.35918206, 'R2 - mean': 0.8138547558453283, 'R2 - std': 0.023950799109843865}
{'MSE - mean': 1192876905.986412, 'MSE - std': 272204538.14352345, 'R2 - mean': 0.8243917303870443, 'R2 - std': 0.02762813929634757}
{'MSE - mean': 1123384355.1965764, 'MSE - std': 280344621.72450304, 'R2 - mean': 0.8218434413439463, 'R2 - std': 0.025231456021629104}
Trial 18 finished with value: 1123384355.1965764 and parameters: {'max_depth': 10, 'n_estimators': 5}. Best is trial 8 with value: 901113565.7774994.
{'MSE - mean': 855995184.488117, 'MSE - std': 0.0, 'R2 - mean': 0.8845943042099373, 'R2 - std': 0.0}
{'MSE - mean': 1056001347.6688864, 'MSE - std': 200006163.18076944, 'R2 - mean': 0.8501395889559671, 'R2 - std': 0.034454715253970314}
{'MSE - mean': 1150039657.0811772, 'MSE - std': 210605596.98428056, 'R2 - mean': 0.8382668871687402, 'R2 - std': 0.032761873638091674}
{'MSE - mean': 1002489239.796502, 'MSE - std': 313973589.7069597, 'R2 - mean': 0.8531031388627293, 'R2 - std': 0.03827986894166294}
{'MSE - mean': 932214713.8455263, 'MSE - std': 314034342.0986259, 'R2 - mean': 0.8534700732155918, 'R2 - std': 0.03424641961183614}
Trial 19 finished with value: 932214713.8455263 and parameters: {'max_depth': 10, 'n_estimators': 32}. Best is trial 8 with value: 901113565.7774994.
{'MSE - mean': 1008309883.6333792, 'MSE - std': 0.0, 'R2 - mean': 0.8640591608441196, 'R2 - std': 0.0}
{'MSE - mean': 1119942644.7000535, 'MSE - std': 111632761.06667423, 'R2 - mean': 0.8416646843133371, 'R2 - std': 0.02239447653078247}
{'MSE - mean': 1216112411.5760238, 'MSE - std': 163722825.78859642, 'R2 - mean': 0.8293671694744874, 'R2 - std': 0.02523488580943645}
{'MSE - mean': 1077717516.374433, 'MSE - std': 278501909.8978143, 'R2 - mean': 0.8417329160711676, 'R2 - std': 0.03059958599460777}
{'MSE - mean': 1018445252.2029493, 'MSE - std': 275868548.8660148, 'R2 - mean': 0.838570682740259, 'R2 - std': 0.028090329456764193}
Trial 20 finished with value: 1018445252.2029493 and parameters: {'max_depth': 6, 'n_estimators': 35}. Best is trial 8 with value: 901113565.7774994.
{'MSE - mean': 885360707.0708803, 'MSE - std': 0.0, 'R2 - mean': 0.8806352298748064, 'R2 - std': 0.0}
{'MSE - mean': 942934279.7102542, 'MSE - std': 57573572.63937384, 'R2 - mean': 0.8669069348359688, 'R2 - std': 0.01372829503883749}
{'MSE - mean': 1069033361.06947, 'MSE - std': 184422795.45539865, 'R2 - mean': 0.8502252589207884, 'R2 - std': 0.026118971632266397}
{'MSE - mean': 947645976.0616186, 'MSE - std': 264033174.67663226, 'R2 - mean': 0.8609907780797299, 'R2 - std': 0.02931449671459436}
{'MSE - mean': 901587947.4970165, 'MSE - std': 253488030.96968415, 'R2 - mean': 0.8568286989133147, 'R2 - std': 0.027509332708264646}
Trial 21 finished with value: 901587947.4970165 and parameters: {'max_depth': 10, 'n_estimators': 32}. Best is trial 8 with value: 901113565.7774994.
{'MSE - mean': 912818659.8457787, 'MSE - std': 0.0, 'R2 - mean': 0.8769333350483153, 'R2 - std': 0.0}
{'MSE - mean': 955020273.3034327, 'MSE - std': 42201613.45765406, 'R2 - mean': 0.8652970899468846, 'R2 - std': 0.011636245101430631}
{'MSE - mean': 1056418146.0708551, 'MSE - std': 147480082.23418838, 'R2 - mean': 0.8520174846145148, 'R2 - std': 0.02104670921880006}
{'MSE - mean': 939133244.7650561, 'MSE - std': 239958382.2557264, 'R2 - mean': 0.8621614443979729, 'R2 - std': 0.025316451903274126}
{'MSE - mean': 884785338.1482553, 'MSE - std': 240580132.1521422, 'R2 - mean': 0.859991442949808, 'R2 - std': 0.023055884600613044}
Trial 22 finished with value: 884785338.1482553 and parameters: {'max_depth': 9, 'n_estimators': 33}. Best is trial 22 with value: 884785338.1482553.
{'MSE - mean': 881400254.2615306, 'MSE - std': 0.0, 'R2 - mean': 0.8811691800890006, 'R2 - std': 0.0}
{'MSE - mean': 983910998.3406413, 'MSE - std': 102510744.07911062, 'R2 - mean': 0.8608701142403175, 'R2 - std': 0.020299065848683073}
{'MSE - mean': 1090621627.4779825, 'MSE - std': 172568687.31863365, 'R2 - mean': 0.8469948937327457, 'R2 - std': 0.025685499238940156}
{'MSE - mean': 951088417.5825995, 'MSE - std': 284154031.9497232, 'R2 - mean': 0.8608996094807873, 'R2 - std': 0.03278463075080603}
{'MSE - mean': 900489613.0817293, 'MSE - std': 273561267.6646615, 'R2 - mean': 0.857614014721341, 'R2 - std': 0.03005072615539534}
Trial 23 finished with value: 900489613.0817293 and parameters: {'max_depth': 9, 'n_estimators': 69}. Best is trial 22 with value: 884785338.1482553.
{'MSE - mean': 944820590.4393411, 'MSE - std': 0.0, 'R2 - mean': 0.8726188188761432, 'R2 - std': 0.0}
{'MSE - mean': 1020978824.3584714, 'MSE - std': 76158233.91913033, 'R2 - mean': 0.8558087142926022, 'R2 - std': 0.01681010458354104}
{'MSE - mean': 1125695670.1550424, 'MSE - std': 160617412.8676163, 'R2 - mean': 0.8421843111016581, 'R2 - std': 0.02365660870366963}
{'MSE - mean': 993925086.579512, 'MSE - std': 267280611.10885352, 'R2 - mean': 0.8542683124574021, 'R2 - std': 0.029288148077605894}
{'MSE - mean': 936147011.1894605, 'MSE - std': 265526578.7880596, 'R2 - mean': 0.8519997307377946, 'R2 - std': 0.0265861307137155}
Trial 24 finished with value: 936147011.1894605 and parameters: {'max_depth': 7, 'n_estimators': 74}. Best is trial 22 with value: 884785338.1482553.
{'MSE - mean': 886084004.036698, 'MSE - std': 0.0, 'R2 - mean': 0.8805377146187445, 'R2 - std': 0.0}
{'MSE - mean': 977660523.5059075, 'MSE - std': 91576519.46920955, 'R2 - mean': 0.8618152816276691, 'R2 - std': 0.018722432991075455}
{'MSE - mean': 1060368453.608667, 'MSE - std': 138823782.841758, 'R2 - mean': 0.8512408554763873, 'R2 - std': 0.021385118850765474}
{'MSE - mean': 933032473.82825, 'MSE - std': 251191933.09457207, 'R2 - mean': 0.8632365856075008, 'R2 - std': 0.027833165564332383}
{'MSE - mean': 876601865.1121076, 'MSE - std': 251427055.42906052, 'R2 - mean': 0.8615873988628326, 'R2 - std': 0.025112294836203006}
Trial 25 finished with value: 876601865.1121076 and parameters: {'max_depth': 9, 'n_estimators': 69}. Best is trial 25 with value: 876601865.1121076.
{'MSE - mean': 1204494357.9151669, 'MSE - std': 0.0, 'R2 - mean': 0.8376094726122442, 'R2 - std': 0.0}
{'MSE - mean': 1397327859.3327317, 'MSE - std': 192833501.417565, 'R2 - mean': 0.8021291633063128, 'R2 - std': 0.035480309305931435}
{'MSE - mean': 1481555396.0324285, 'MSE - std': 197429469.4052441, 'R2 - mean': 0.7918492129113038, 'R2 - std': 0.032412800854149104}
{'MSE - mean': 1319298294.6298003, 'MSE - std': 328961847.9534903, 'R2 - mean': 0.8058219410563487, 'R2 - std': 0.03706283367275132}
{'MSE - mean': 1241145788.9950376, 'MSE - std': 333172589.6215757, 'R2 - mean': 0.8032838790312308, 'R2 - std': 0.03353639735058918}
Trial 26 finished with value: 1241145788.9950376 and parameters: {'max_depth': 4, 'n_estimators': 66}. Best is trial 25 with value: 876601865.1121076.
{'MSE - mean': 953806607.8514078, 'MSE - std': 0.0, 'R2 - mean': 0.8714073195469252, 'R2 - std': 0.0}
{'MSE - mean': 1037002824.9074293, 'MSE - std': 83196217.05602157, 'R2 - mean': 0.8535108280766504, 'R2 - std': 0.017896491470274833}
{'MSE - mean': 1141833952.969308, 'MSE - std': 163075252.08649462, 'R2 - mean': 0.8398961750055033, 'R2 - std': 0.02417106730078614}
{'MSE - mean': 1008025711.2206178, 'MSE - std': 271402081.90419805, 'R2 - mean': 0.8521869974194816, 'R2 - std': 0.029855875764750284}
{'MSE - mean': 948860549.637776, 'MSE - std': 270054323.10933584, 'R2 - mean': 0.8500154121840552, 'R2 - std': 0.027054792253555553}
Trial 27 finished with value: 948860549.637776 and parameters: {'max_depth': 7, 'n_estimators': 43}. Best is trial 25 with value: 876601865.1121076.
{'MSE - mean': 978079361.9532144, 'MSE - std': 0.0, 'R2 - mean': 0.8681348547870502, 'R2 - std': 0.0}
{'MSE - mean': 1049798130.9464487, 'MSE - std': 71718768.99323428, 'R2 - mean': 0.8517778999535609, 'R2 - std': 0.016356954833489312}
{'MSE - mean': 1157820819.4858427, 'MSE - std': 163605797.66365603, 'R2 - mean': 0.8377073092346633, 'R2 - std': 0.023965176693986467}
{'MSE - mean': 1018938881.3759148, 'MSE - std': 279176863.2451128, 'R2 - mean': 0.8507423156380438, 'R2 - std': 0.030667269951676488}
{'MSE - mean': 958909763.1732279, 'MSE - std': 277066340.2614488, 'R2 - mean': 0.848565878780842, 'R2 - std': 0.027772876455361018}
Trial 28 finished with value: 958909763.1732279 and parameters: {'max_depth': 9, 'n_estimators': 26}. Best is trial 25 with value: 876601865.1121076.
{'MSE - mean': 1032651051.0436329, 'MSE - std': 0.0, 'R2 - mean': 0.8607774725680313, 'R2 - std': 0.0}
{'MSE - mean': 1158754227.2979095, 'MSE - std': 126103176.25427657, 'R2 - mean': 0.8361143579204483, 'R2 - std': 0.024663114647582973}
{'MSE - mean': 1252783167.800848, 'MSE - std': 168179142.61828586, 'R2 - mean': 0.8241704494279535, 'R2 - std': 0.02628358263696307}
{'MSE - mean': 1112574480.551039, 'MSE - std': 283175909.9037392, 'R2 - mean': 0.8364904305288341, 'R2 - std': 0.031200414102279424}
{'MSE - mean': 1056247122.3432941, 'MSE - std': 277203827.3373997, 'R2 - mean': 0.8321674433180384, 'R2 - std': 0.029215159520731466}
Trial 29 finished with value: 1056247122.3432941 and parameters: {'max_depth': 5, 'n_estimators': 61}. Best is trial 25 with value: 876601865.1121076.
{'MSE - mean': 865363353.4819707, 'MSE - std': 0.0, 'R2 - mean': 0.8833312830147175, 'R2 - std': 0.0}
{'MSE - mean': 1014551424.5807366, 'MSE - std': 149188071.09876603, 'R2 - mean': 0.8562780979332594, 'R2 - std': 0.027053185081458153}
{'MSE - mean': 1111828017.3237844, 'MSE - std': 183748536.58421475, 'R2 - mean': 0.8438255101928277, 'R2 - std': 0.02824978639861528}
{'MSE - mean': 975681760.8024659, 'MSE - std': 284482078.55142003, 'R2 - mean': 0.8569335330618251, 'R2 - std': 0.03337661777769004}
{'MSE - mean': 921991995.0066373, 'MSE - std': 276178214.5977353, 'R2 - mean': 0.8540339588909471, 'R2 - std': 0.030411001511165325}
Trial 30 finished with value: 921991995.0066373 and parameters: {'max_depth': 8, 'n_estimators': 41}. Best is trial 25 with value: 876601865.1121076.
{'MSE - mean': 912892991.3533261, 'MSE - std': 0.0, 'R2 - mean': 0.8769233136375607, 'R2 - std': 0.0}
{'MSE - mean': 945383138.8209648, 'MSE - std': 32490147.46763867, 'R2 - mean': 0.8667117521769674, 'R2 - std': 0.010211561460593377}
{'MSE - mean': 1039951024.5862719, 'MSE - std': 136344819.57358322, 'R2 - mean': 0.8543525816594256, 'R2 - std': 0.019365317367370752}
{'MSE - mean': 927771835.7663387, 'MSE - std': 227365220.6941717, 'R2 - mean': 0.8637319025593471, 'R2 - std': 0.023349017520772727}
{'MSE - mean': 875881205.491265, 'MSE - std': 228312296.87957036, 'R2 - mean': 0.861206594567679, 'R2 - std': 0.021486042380099078}
Trial 31 finished with value: 875881205.491265 and parameters: {'max_depth': 9, 'n_estimators': 93}. Best is trial 31 with value: 875881205.491265.
{'MSE - mean': 987763813.2235923, 'MSE - std': 0.0, 'R2 - mean': 0.8668291922582694, 'R2 - std': 0.0}
{'MSE - mean': 1099522433.3704884, 'MSE - std': 111758620.14689612, 'R2 - mean': 0.8445387659956001, 'R2 - std': 0.022290426262669305}
{'MSE - mean': 1201424931.8510625, 'MSE - std': 170572265.75440785, 'R2 - mean': 0.8314320936137601, 'R2 - std': 0.025977139767446266}
{'MSE - mean': 1057488063.621659, 'MSE - std': 289783780.5856468, 'R2 - mean': 0.8449667179935063, 'R2 - std': 0.032491029749386904}
{'MSE - mean': 996082832.1632999, 'MSE - std': 286813739.89791167, 'R2 - mean': 0.8425343112548692, 'R2 - std': 0.029465234115973085}
