Trial 87 finished with value: 887323630.1370351 and parameters: {'max_depth': 12, 'n_estimators': 27}. Best is trial 65 with value: 825691492.9123865.
{'MSE - mean': 849980183.9563721, 'MSE - std': 0.0, 'R2 - mean': 0.8854052495681857, 'R2 - std': 0.0}
{'MSE - mean': 932218867.3776108, 'MSE - std': 82238683.42123866, 'R2 - mean': 0.8682684076379843, 'R2 - std': 0.017136841930201374}
{'MSE - mean': 1033981729.4359134, 'MSE - std': 158808566.80030432, 'R2 - mean': 0.8550012848688794, 'R2 - std': 0.023405426593736917}
{'MSE - mean': 910605299.7463568, 'MSE - std': 254126643.38022745, 'R2 - mean': 0.8665392094060275, 'R2 - std': 0.028464567507708143}
{'MSE - mean': 864921943.1846597, 'MSE - std': 244973788.32751402, 'R2 - mean': 0.8628344283879834, 'R2 - std': 0.026515785718838055}
Trial 88 finished with value: 864921943.1846597 and parameters: {'max_depth': 12, 'n_estimators': 61}. Best is trial 65 with value: 825691492.9123865.
{'MSE - mean': 960962036.4871676, 'MSE - std': 0.0, 'R2 - mean': 0.87044262110545, 'R2 - std': 0.0}
{'MSE - mean': 998846923.358392, 'MSE - std': 37884886.8712244, 'R2 - mean': 0.8591527548757112, 'R2 - std': 0.011289866229738876}
{'MSE - mean': 1066612713.1848451, 'MSE - std': 100703761.81538445, 'R2 - mean': 0.8505580984807257, 'R2 - std': 0.015254844807011118}
{'MSE - mean': 948360720.7543817, 'MSE - std': 222612975.5296182, 'R2 - mean': 0.860777656873117, 'R2 - std': 0.02208734567056405}
{'MSE - mean': 890692366.9713507, 'MSE - std': 230103858.31510866, 'R2 - mean': 0.8592130172973305, 'R2 - std': 0.02000182639223875}
Trial 89 finished with value: 890692366.9713507 and parameters: {'max_depth': 10, 'n_estimators': 39}. Best is trial 65 with value: 825691492.9123865.
{'MSE - mean': 2080396429.1083252, 'MSE - std': 0.0, 'R2 - mean': 0.7195199204724718, 'R2 - std': 0.0}
{'MSE - mean': 2182534992.3164706, 'MSE - std': 102138563.20814526, 'R2 - mean': 0.6921256541916149, 'R2 - std': 0.02739426628085695}
{'MSE - mean': 2293240623.213818, 'MSE - std': 177387515.96690547, 'R2 - mean': 0.678563746598465, 'R2 - std': 0.029464349506501467}
{'MSE - mean': 2102648568.3483686, 'MSE - std': 364109519.58055913, 'R2 - mean': 0.6889279500928018, 'R2 - std': 0.0311987349278305}
{'MSE - mean': 1999963378.7039657, 'MSE - std': 385016345.74206907, 'R2 - mean': 0.6803298177058872, 'R2 - std': 0.032778047090229}
Trial 90 finished with value: 1999963378.7039657 and parameters: {'max_depth': 2, 'n_estimators': 48}. Best is trial 65 with value: 825691492.9123865.
{'MSE - mean': 854430662.0929624, 'MSE - std': 0.0, 'R2 - mean': 0.8848052338960662, 'R2 - std': 0.0}
{'MSE - mean': 925301733.6869328, 'MSE - std': 70871071.59397042, 'R2 - mean': 0.8693100140639234, 'R2 - std': 0.015495219832142804}
{'MSE - mean': 1058467149.2514073, 'MSE - std': 197014030.79688734, 'R2 - mean': 0.8516625275848874, 'R2 - std': 0.027980983717871905}
{'MSE - mean': 933232697.8087482, 'MSE - std': 275974454.85508054, 'R2 - mean': 0.8632554254871478, 'R2 - std': 0.0314704215523333}
{'MSE - mean': 876510714.3412931, 'MSE - std': 271659811.9339261, 'R2 - mean': 0.8616584645363234, 'R2 - std': 0.02832862656852752}
Trial 91 finished with value: 876510714.3412931 and parameters: {'max_depth': 11, 'n_estimators': 92}. Best is trial 65 with value: 825691492.9123865.
{'MSE - mean': 887795690.2196774, 'MSE - std': 0.0, 'R2 - mean': 0.8803069442376715, 'R2 - std': 0.0}
{'MSE - mean': 959275506.7370927, 'MSE - std': 71479816.51741529, 'R2 - mean': 0.8645234317142705, 'R2 - std': 0.015783512523401044}
{'MSE - mean': 1035870014.827432, 'MSE - std': 123043407.4576029, 'R2 - mean': 0.8547431396549149, 'R2 - std': 0.018904701458900684}
{'MSE - mean': 911232087.2931296, 'MSE - std': 240745922.14453265, 'R2 - mean': 0.866489977771882, 'R2 - std': 0.026115233488833874}
{'MSE - mean': 858385507.5437706, 'MSE - std': 239870638.44538897, 'R2 - mean': 0.8643630083084975, 'R2 - std': 0.023742374197491898}
Trial 92 finished with value: 858385507.5437706 and parameters: {'max_depth': 12, 'n_estimators': 56}. Best is trial 65 with value: 825691492.9123865.
{'MSE - mean': 884767950.5519524, 'MSE - std': 0.0, 'R2 - mean': 0.8807151456030027, 'R2 - std': 0.0}
{'MSE - mean': 952824966.0229578, 'MSE - std': 68057015.4710055, 'R2 - mean': 0.8654519732214766, 'R2 - std': 0.01526317238152608}
{'MSE - mean': 1056731705.7643555, 'MSE - std': 157102066.70798516, 'R2 - mean': 0.8518744136461974, 'R2 - std': 0.02289126184389939}
{'MSE - mean': 933771180.5674477, 'MSE - std': 252722509.47044352, 'R2 - mean': 0.863077812657857, 'R2 - std': 0.0277408696663936}
{'MSE - mean': 872122205.6818192, 'MSE - std': 257482655.43959695, 'R2 - mean': 0.8625900643827377, 'R2 - std': 0.024831356656409186}
Trial 93 finished with value: 872122205.6818192 and parameters: {'max_depth': 12, 'n_estimators': 57}. Best is trial 65 with value: 825691492.9123865.
{'MSE - mean': 855581692.3210629, 'MSE - std': 0.0, 'R2 - mean': 0.8846500514292059, 'R2 - std': 0.0}
{'MSE - mean': 938631940.1304226, 'MSE - std': 83050247.80935961, 'R2 - mean': 0.8673607122531518, 'R2 - std': 0.01728933917605413}
{'MSE - mean': 1033979396.5236088, 'MSE - std': 150932117.15458414, 'R2 - mean': 0.8549890957485037, 'R2 - std': 0.022480983578110174}
{'MSE - mean': 914810204.7197028, 'MSE - std': 244313869.47359788, 'R2 - mean': 0.8657607174814459, 'R2 - std': 0.02696533833001586}
{'MSE - mean': 863690163.0296332, 'MSE - std': 241255980.45086387, 'R2 - mean': 0.863235511206353, 'R2 - std': 0.024641636389023606}
Trial 94 finished with value: 863690163.0296332 and parameters: {'max_depth': 12, 'n_estimators': 72}. Best is trial 65 with value: 825691492.9123865.
{'MSE - mean': 961450917.5669464, 'MSE - std': 0.0, 'R2 - mean': 0.8703767099155357, 'R2 - std': 0.0}
{'MSE - mean': 1130791683.9157438, 'MSE - std': 169340766.3487975, 'R2 - mean': 0.8397931942184282, 'R2 - std': 0.030583515697107433}
{'MSE - mean': 1191514559.0459173, 'MSE - std': 162763832.67344117, 'R2 - mean': 0.8325315940950792, 'R2 - std': 0.027000542481581014}
{'MSE - mean': 1033803709.984229, 'MSE - std': 307387678.1121631, 'R2 - mean': 0.8487635744669829, 'R2 - std': 0.03656779363191542}
{'MSE - mean': 971510220.8762023, 'MSE - std': 301847085.23548275, 'R2 - mean': 0.8468250180921206, 'R2 - std': 0.0329362236475155}
Trial 95 finished with value: 971510220.8762023 and parameters: {'max_depth': 12, 'n_estimators': 15}. Best is trial 65 with value: 825691492.9123865.
{'MSE - mean': 856368113.0239646, 'MSE - std': 0.0, 'R2 - mean': 0.8845440257995685, 'R2 - std': 0.0}
{'MSE - mean': 936646946.2612243, 'MSE - std': 80278833.23725957, 'R2 - mean': 0.867656693379456, 'R2 - std': 0.016887332420112533}
{'MSE - mean': 1038553650.8628038, 'MSE - std': 158323761.9440967, 'R2 - mean': 0.8543689426568665, 'R2 - std': 0.023307723384669573}
{'MSE - mean': 917743634.1348478, 'MSE - std': 250169923.49706087, 'R2 - mean': 0.8653865461996644, 'R2 - std': 0.027777693217958616}
{'MSE - mean': 868698179.1409241, 'MSE - std': 244314999.78565425, 'R2 - mean': 0.8623432695907214, 'R2 - std': 0.02557980301884631}
Trial 96 finished with value: 868698179.1409241 and parameters: {'max_depth': 11, 'n_estimators': 53}. Best is trial 65 with value: 825691492.9123865.
{'MSE - mean': 888482999.4630762, 'MSE - std': 0.0, 'R2 - mean': 0.8802142808642148, 'R2 - std': 0.0}
{'MSE - mean': 986990954.6061747, 'MSE - std': 98507955.14309853, 'R2 - mean': 0.8604603760144975, 'R2 - std': 0.019753904849717285}
{'MSE - mean': 1087081102.8091767, 'MSE - std': 162804444.10062727, 'R2 - mean': 0.8474971048097887, 'R2 - std': 0.024417970947537563}
{'MSE - mean': 948267046.1519687, 'MSE - std': 278723863.7811219, 'R2 - mean': 0.8613066232952804, 'R2 - std': 0.03192626475645873}
{'MSE - mean': 885730265.1897291, 'MSE - std': 278913946.73866427, 'R2 - mean': 0.8607250006774484, 'R2 - std': 0.028579402452078923}
Trial 97 finished with value: 885730265.1897291 and parameters: {'max_depth': 10, 'n_estimators': 85}. Best is trial 65 with value: 825691492.9123865.
{'MSE - mean': 841661952.1433997, 'MSE - std': 0.0, 'R2 - mean': 0.8865267177113659, 'R2 - std': 0.0}
{'MSE - mean': 894548434.0500716, 'MSE - std': 52886481.90667188, 'R2 - mean': 0.8737468214603075, 'R2 - std': 0.01277989625105852}
{'MSE - mean': 1009481840.5244479, 'MSE - std': 168178563.3186294, 'R2 - mean': 0.8585684901588202, 'R2 - std': 0.023867285440967598}
{'MSE - mean': 897432626.367121, 'MSE - std': 242648101.26964152, 'R2 - mean': 0.868263181261614, 'R2 - std': 0.02663074524823205}
{'MSE - mean': 846409173.880148, 'MSE - std': 239825043.84357217, 'R2 - mean': 0.8659902728420843, 'R2 - std': 0.024249159257905464}
Trial 98 finished with value: 846409173.880148 and parameters: {'max_depth': 10, 'n_estimators': 66}. Best is trial 65 with value: 825691492.9123865.
{'MSE - mean': 863248652.6001955, 'MSE - std': 0.0, 'R2 - mean': 0.8836163880375864, 'R2 - std': 0.0}
{'MSE - mean': 973848424.8245246, 'MSE - std': 110599772.22432905, 'R2 - mean': 0.8622385239825496, 'R2 - std': 0.02137786405503672}
{'MSE - mean': 1066467834.4912276, 'MSE - std': 159096144.42656815, 'R2 - mean': 0.8503253041984093, 'R2 - std': 0.024259534049267076}
{'MSE - mean': 928690135.9055133, 'MSE - std': 275557199.25503194, 'R2 - mean': 0.8641807185900074, 'R2 - std': 0.031895317338198205}
{'MSE - mean': 883544571.0613161, 'MSE - std': 262484102.66038662, 'R2 - mean': 0.8600219975004612, 'R2 - std': 0.029715801501659714}
Trial 99 finished with value: 883544571.0613161 and parameters: {'max_depth': 11, 'n_estimators': 59}. Best is trial 65 with value: 825691492.9123865.
Best parameters: {'max_depth': 12, 'n_estimators': 15}
{'MSE - mean': 809345026.3243483, 'MSE - std': 0.0, 'R2 - mean': 0.8908837016962393, 'R2 - std': 0.0}
{'MSE - mean': 947618032.1951048, 'MSE - std': 138273005.87075657, 'R2 - mean': 0.8657663146359256, 'R2 - std': 0.0251173870603138}
{'MSE - mean': 1083543267.1170416, 'MSE - std': 222929634.06762126, 'R2 - mean': 0.8478864184442833, 'R2 - std': 0.032557182476470756}
{'MSE - mean': 959530679.0574939, 'MSE - std': 288808902.73816663, 'R2 - mean': 0.859053343117181, 'R2 - std': 0.034191785827230085}
{'MSE - mean': 913611913.2493279, 'MSE - std': 274157980.1027864, 'R2 - mean': 0.8547181663075232, 'R2 - std': 0.0317873812436337}
Results: {'MSE - mean': 913611913.2493279, 'MSE - std': 274157980.1027864, 'R2 - mean': 0.8547181663075232, 'R2 - std': 0.0317873812436337}
Train time: 0.4663356526000143
Inference time: 0.01150286780002716


----------------------------------------------------------------------------
Training RandomForest Vesion 1 with Dataset: config/mercedes_benz.yml 



----------------------------------------------------------------------------
Namespace(batch_size=128, cat_dims=None, cat_idx=None, config='config/mercedes_benz.yml', data_parallel=False, dataset='Mercedes Benz', direction='minimize', dropna_idx=[0], early_stopping_rounds=20, epochs=1000, gpu_ids=[0, 1], logging_period=100, miss_cat_idx=None, miss_num_idx=None, model_name='RandomForest', n_trials=100, nominal_idx=[1, 2, 3, 4, 5, 6, 7, 8], num_classes=1, num_features=377, num_splits=5, objective='regression', one_hot_encode=True, optimize_hyperparameters=True, ordinal_encode=False, ordinal_idx=None, scale=True, seed=221, shuffle=True, target_encode=False, use_gpu=True, val_batch_size=256)
Start hyperparameter optimization
Loading dataset Mercedes Benz...
Dataset loaded!
(4209, 376)
Scaling the data...
args.num_features: 563
New Shape: (4209, 563)
A new study created in RDB with name: RandomForest_Mercedes Benz
{'MSE - mean': 76.25583513088148, 'MSE - std': 0.0, 'R2 - mean': 0.5556318809569321, 'R2 - std': 0.0}
{'MSE - mean': 72.98776005090818, 'MSE - std': 3.2680750799733076, 'R2 - mean': 0.5554108224141611, 'R2 - std': 0.00022105854277099102}
{'MSE - mean': 68.74308576073935, 'MSE - std': 6.56922594208294, 'R2 - mean': 0.5686163872751806, 'R2 - std': 0.018676361115504875}
{'MSE - mean': 71.78578513015533, 'MSE - std': 7.755005188040486, 'R2 - mean': 0.5552393897256791, 'R2 - std': 0.028256628226058043}
{'MSE - mean': 70.2710698212335, 'MSE - std': 7.568985020566269, 'R2 - mean': 0.563649878485019, 'R2 - std': 0.030359428776715425}
Trial 0 finished with value: 70.2710698212335 and parameters: {'max_depth': 3, 'n_estimators': 80}. Best is trial 0 with value: 70.2710698212335.
{'MSE - mean': 89.53045162411097, 'MSE - std': 0.0, 'R2 - mean': 0.47827627463526423, 'R2 - std': 0.0}
{'MSE - mean': 80.98606215844978, 'MSE - std': 8.544389465661176, 'R2 - mean': 0.5080499048516938, 'R2 - std': 0.029773630216429536}
{'MSE - mean': 76.81630746054836, 'MSE - std': 9.134810856020858, 'R2 - mean': 0.5186197211429734, 'R2 - std': 0.02853806937593932}
{'MSE - mean': 79.82375604310977, 'MSE - std': 9.471949005442823, 'R2 - mean': 0.5058580637216337, 'R2 - std': 0.033157137288951054}
{'MSE - mean': 78.327730651241, 'MSE - std': 8.98479951149896, 'R2 - mean': 0.5139455440176972, 'R2 - std': 0.03378085186485887}
Trial 1 finished with value: 78.327730651241 and parameters: {'max_depth': 2, 'n_estimators': 7}. Best is trial 0 with value: 70.2710698212335.
{'MSE - mean': 82.7759986985993, 'MSE - std': 0.0, 'R2 - mean': 0.5176367188101003, 'R2 - std': 0.0}
{'MSE - mean': 77.87299769320654, 'MSE - std': 4.90300100539276, 'R2 - mean': 0.5260447785251199, 'R2 - std': 0.008408059715019567}
{'MSE - mean': 73.21902207482036, 'MSE - std': 7.703587304127924, 'R2 - mean': 0.5408452342122946, 'R2 - std': 0.022028102260754714}
{'MSE - mean': 75.44891397918465, 'MSE - std': 7.708838870393441, 'R2 - mean': 0.5325762042161677, 'R2 - std': 0.023854947875403966}
{'MSE - mean': 73.45072820394789, 'MSE - std': 7.969438057553694, 'R2 - mean': 0.5439567475460313, 'R2 - std': 0.03119797904419779}
Trial 2 finished with value: 73.45072820394789 and parameters: {'max_depth': 10, 'n_estimators': 26}. Best is trial 0 with value: 70.2710698212335.
{'MSE - mean': 77.03369004967149, 'MSE - std': 0.0, 'R2 - mean': 0.5510990615791382, 'R2 - std': 0.0}
{'MSE - mean': 73.31972050745141, 'MSE - std': 3.7139695422200845, 'R2 - mean': 0.553507861097135, 'R2 - std': 0.0024087995179967736}
{'MSE - mean': 69.3085484354413, 'MSE - std': 6.432318085747938, 'R2 - mean': 0.5650346352711465, 'R2 - std': 0.016419538842364478}
{'MSE - mean': 72.11955888714648, 'MSE - std': 7.398403628213814, 'R2 - mean': 0.5530943547127731, 'R2 - std': 0.025098044570941093}
{'MSE - mean': 70.6542553005905, 'MSE - std': 7.2372342369077005, 'R2 - mean': 0.5612053100820462, 'R2 - std': 0.02769620661818716}
Trial 3 finished with value: 70.6542553005905 and parameters: {'max_depth': 4, 'n_estimators': 5}. Best is trial 0 with value: 70.2710698212335.
{'MSE - mean': 76.52983628235418, 'MSE - std': 0.0, 'R2 - mean': 0.5540351850963913, 'R2 - std': 0.0}
{'MSE - mean': 74.19393886045019, 'MSE - std': 2.3358974219039936, 'R2 - mean': 0.5477911381161069, 'R2 - std': 0.006244046980284412}
{'MSE - mean': 70.01569727982351, 'MSE - std': 6.209107551754963, 'R2 - mean': 0.5603878055846925, 'R2 - std': 0.018529547874217293}
{'MSE - mean': 72.5867974832922, 'MSE - std': 6.9818644509024725, 'R2 - mean': 0.549987509072853, 'R2 - std': 0.02412481317896012}
{'MSE - mean': 70.79609032135642, 'MSE - std': 7.198866127929661, 'R2 - mean': 0.5601745494191956, 'R2 - std': 0.029676732515690436}
Trial 4 finished with value: 70.79609032135642 and parameters: {'max_depth': 6, 'n_estimators': 35}. Best is trial 0 with value: 70.2710698212335.
{'MSE - mean': 78.9145325611245, 'MSE - std': 0.0, 'R2 - mean': 0.5401387665722562, 'R2 - std': 0.0}
{'MSE - mean': 74.74467975533179, 'MSE - std': 4.169852805792715, 'R2 - mean': 0.5449363706136863, 'R2 - std': 0.0047976040414300924}
{'MSE - mean': 70.73191928674942, 'MSE - std': 6.61787539706562, 'R2 - mean': 0.5561385442899139, 'R2 - std': 0.01631937682134241}
{'MSE - mean': 73.27323886769612, 'MSE - std': 7.226487508867929, 'R2 - mean': 0.5459060054244081, 'R2 - std': 0.022668394292053126}
{'MSE - mean': 72.47410189642608, 'MSE - std': 6.658241281904855, 'R2 - mean': 0.5498296877612023, 'R2 - std': 0.021740883426031084}
Trial 5 finished with value: 72.47410189642608 and parameters: {'max_depth': 9, 'n_estimators': 97}. Best is trial 0 with value: 70.2710698212335.
{'MSE - mean': 76.21313007066176, 'MSE - std': 0.0, 'R2 - mean': 0.5558807375493605, 'R2 - std': 0.0}
{'MSE - mean': 73.20718120705021, 'MSE - std': 3.0059488636115574, 'R2 - mean': 0.5539991192680157, 'R2 - std': 0.0018816182813448101}
{'MSE - mean': 68.96776608970382, 'MSE - std': 6.478356282381253, 'R2 - mean': 0.5671483191554657, 'R2 - std': 0.0186591328915545}
{'MSE - mean': 71.80986295282675, 'MSE - std': 7.46387090116256, 'R2 - mean': 0.555003876993584, 'R2 - std': 0.02652517401391343}
{'MSE - mean': 70.22348139239622, 'MSE - std': 7.391476231746461, 'R2 - mean': 0.5638807237364669, 'R2 - std': 0.0296321028204418}
Trial 6 finished with value: 70.22348139239622 and parameters: {'max_depth': 4, 'n_estimators': 67}. Best is trial 6 with value: 70.22348139239622.
{'MSE - mean': 86.44139311467086, 'MSE - std': 0.0, 'R2 - mean': 0.4962772461949867, 'R2 - std': 0.0}
{'MSE - mean': 79.29997192812681, 'MSE - std': 7.141421186544058, 'R2 - mean': 0.5179535469067273, 'R2 - std': 0.021676300711740593}
{'MSE - mean': 75.53202063130662, 'MSE - std': 7.8990407640948, 'R2 - mean': 0.5262990515882954, 'R2 - std': 0.021272899155436086}
{'MSE - mean': 78.2989718118736, 'MSE - std': 8.35249604917874, 'R2 - mean': 0.5149828696420073, 'R2 - std': 0.026899258361198334}
{'MSE - mean': 78.40570274925769, 'MSE - std': 7.473748602489698, 'R2 - mean': 0.5131062130151562, 'R2 - std': 0.024350429989764347}
Trial 7 finished with value: 78.40570274925769 and parameters: {'max_depth': 2, 'n_estimators': 17}. Best is trial 6 with value: 70.22348139239622.
{'MSE - mean': 76.29114791072195, 'MSE - std': 0.0, 'R2 - mean': 0.555426101641435, 'R2 - std': 0.0}
{'MSE - mean': 72.73439747134576, 'MSE - std': 3.556750439376188, 'R2 - mean': 0.5570370285184082, 'R2 - std': 0.0016109268769731733}
{'MSE - mean': 68.9951988188244, 'MSE - std': 6.032981207609562, 'R2 - mean': 0.5668707898310282, 'R2 - std': 0.013969100903152986}
{'MSE - mean': 71.97739560695717, 'MSE - std': 7.346981675353215, 'R2 - mean': 0.553915056012624, 'R2 - std': 0.025493233442462376}
{'MSE - mean': 70.95348894777513, 'MSE - std': 6.883026309498608, 'R2 - mean': 0.5592719573314838, 'R2 - std': 0.02519344216341848}
Trial 8 finished with value: 70.95348894777513 and parameters: {'max_depth': 4, 'n_estimators': 5}. Best is trial 6 with value: 70.22348139239622.
{'MSE - mean': 77.1829902272797, 'MSE - std': 0.0, 'R2 - mean': 0.5502290397770992, 'R2 - std': 0.0}
{'MSE - mean': 73.87611591570068, 'MSE - std': 3.3068743115790227, 'R2 - mean': 0.5499993244137545, 'R2 - std': 0.00022971536334470688}
{'MSE - mean': 69.76909860564642, 'MSE - std': 6.405112086858819, 'R2 - mean': 0.5620932648975525, 'R2 - std': 0.017104443056802504}
{'MSE - mean': 72.42955847200673, 'MSE - std': 7.211326905324751, 'R2 - mean': 0.5511005462254517, 'R2 - std': 0.02412345478210799}
{'MSE - mean': 71.212097189854, 'MSE - std': 6.894304640972318, 'R2 - mean': 0.5576670815263546, 'R2 - std': 0.025259263645869428}
Trial 9 finished with value: 71.212097189854 and parameters: {'max_depth': 6, 'n_estimators': 87}. Best is trial 6 with value: 70.22348139239622.
{'MSE - mean': 76.24448215376545, 'MSE - std': 0.0, 'R2 - mean': 0.5556980385313384, 'R2 - std': 0.0}
{'MSE - mean': 72.98587065540045, 'MSE - std': 3.2586114983650063, 'R2 - mean': 0.5554197396212504, 'R2 - std': 0.0002782989100879596}
{'MSE - mean': 68.68755769724268, 'MSE - std': 6.635512125730633, 'R2 - mean': 0.568987076851804, 'R2 - std': 0.019188457795700296}
{'MSE - mean': 71.76972878953914, 'MSE - std': 7.843586667118728, 'R2 - mean': 0.5553640557951856, 'R2 - std': 0.028860141935899062}
{'MSE - mean': 70.31336759222197, 'MSE - std': 7.596145943298261, 'R2 - mean': 0.5634037818810568, 'R2 - std': 0.0304117578609252}
Trial 10 finished with value: 70.31336759222197 and parameters: {'max_depth': 3, 'n_estimators': 43}. Best is trial 6 with value: 70.22348139239622.
{'MSE - mean': 76.37607157727574, 'MSE - std': 0.0, 'R2 - mean': 0.5549312231851965, 'R2 - std': 0.0}
{'MSE - mean': 73.09302755603478, 'MSE - std': 3.283044021240954, 'R2 - mean': 0.5547724419864015, 'R2 - std': 0.00015878119879503272}
{'MSE - mean': 68.75216782484148, 'MSE - std': 6.698635068086268, 'R2 - mean': 0.5686014355867234, 'R2 - std': 0.019557580004733444}
{'MSE - mean': 71.80063901014792, 'MSE - std': 7.844317276505156, 'R2 - mean': 0.5551799807787579, 'R2 - std': 0.02876248510156853}
{'MSE - mean': 70.3300245759979, 'MSE - std': 7.607724895348369, 'R2 - mean': 0.5633071405164485, 'R2 - std': 0.030430697346300106}
Trial 11 finished with value: 70.3300245759979 and parameters: {'max_depth': 3, 'n_estimators': 56}. Best is trial 6 with value: 70.22348139239622.
{'MSE - mean': 76.55011557357277, 'MSE - std': 0.0, 'R2 - mean': 0.5539170109202267, 'R2 - std': 0.0}
{'MSE - mean': 73.0445564458077, 'MSE - std': 3.5055591277650677, 'R2 - mean': 0.5551297792540191, 'R2 - std': 0.0012127683337923578}
{'MSE - mean': 68.71940105192333, 'MSE - std': 6.753263524252465, 'R2 - mean': 0.5688427030781535, 'R2 - std': 0.019418267112026134}
{'MSE - mean': 71.81465324861165, 'MSE - std': 7.9338946712387655, 'R2 - mean': 0.5551296776793564, 'R2 - std': 0.029102285477083444}
{'MSE - mean': 70.37466994834806, 'MSE - std': 7.658430344633339, 'R2 - mean': 0.5630572161443965, 'R2 - std': 0.03047848225306648}
