[I 2025-05-11 05:06:24,869] A new study created in memory with name: ResMLP_Diamonds_outer1
[I 2025-05-11 05:06:37,966] Trial 0 finished with value: 1.8637045999999997 and parameters: {'n_blocks': 6, 'd_block': 256, 'd_hidden': 3, 'd_hidden_multiplier': 3.706317638895238, 'dropout1': 0.01548608745601979, 'dropout2': 0.11766473880040312}. Best is trial 0 with value: 1.8637045999999997.
[I 2025-05-11 05:06:47,686] Trial 1 finished with value: 1.8761564666666668 and parameters: {'n_blocks': 2, 'd_block': 256, 'd_hidden': 3, 'd_hidden_multiplier': 1.054627082437173, 'dropout1': 0.3872138219000057, 'dropout2': 0.054791654517388724}. Best is trial 0 with value: 1.8637045999999997.
[I 2025-05-11 05:06:56,466] Trial 2 finished with value: 1.9265419666666665 and parameters: {'n_blocks': 2, 'd_block': 256, 'd_hidden': 4, 'd_hidden_multiplier': 3.548273913070724, 'dropout1': 0.05420319897303687, 'dropout2': 0.13964210794098383}. Best is trial 0 with value: 1.8637045999999997.
[I 2025-05-11 05:07:06,342] Trial 3 finished with value: 1.945710733333333 and parameters: {'n_blocks': 4, 'd_block': 256, 'd_hidden': 8, 'd_hidden_multiplier': 2.618793648651267, 'dropout1': 0.23235527283050497, 'dropout2': 0.2914955804178263}. Best is trial 0 with value: 1.8637045999999997.
[I 2025-05-11 05:07:15,292] Trial 4 finished with value: 1.9734878666666666 and parameters: {'n_blocks': 2, 'd_block': 256, 'd_hidden': 6, 'd_hidden_multiplier': 1.4243760414139603, 'dropout1': 0.19840034282519267, 'dropout2': 0.26475303319330473}. Best is trial 0 with value: 1.8637045999999997.
[I 2025-05-11 05:07:18,130] A new study created in memory with name: ResMLP_Diamonds_outer2
[I 2025-05-11 05:07:27,577] Trial 0 finished with value: 2.0145446333333332 and parameters: {'n_blocks': 2, 'd_block': 64, 'd_hidden': 10, 'd_hidden_multiplier': 4.7003492990132445, 'dropout1': 0.26246448186158455, 'dropout2': 0.2966287336900059}. Best is trial 0 with value: 2.0145446333333332.
[I 2025-05-11 05:07:39,318] Trial 1 finished with value: 1.8192434 and parameters: {'n_blocks': 6, 'd_block': 128, 'd_hidden': 3, 'd_hidden_multiplier': 1.6632380845259735, 'dropout1': 0.4425492777945923, 'dropout2': 0.027772036397760144}. Best is trial 1 with value: 1.8192434.
[I 2025-05-11 05:07:50,285] Trial 2 finished with value: 1.9296225666666664 and parameters: {'n_blocks': 3, 'd_block': 256, 'd_hidden': 5, 'd_hidden_multiplier': 2.6034902819264345, 'dropout1': 0.1475647619664165, 'dropout2': 0.011262562802719063}. Best is trial 1 with value: 1.8192434.
[I 2025-05-11 05:08:00,720] Trial 3 finished with value: 1.8707856666666665 and parameters: {'n_blocks': 2, 'd_block': 256, 'd_hidden': 5, 'd_hidden_multiplier': 3.282805492290075, 'dropout1': 0.42829324261251445, 'dropout2': 0.2584314227379587}. Best is trial 1 with value: 1.8192434.
[I 2025-05-11 05:08:11,760] Trial 4 finished with value: 2.061720433333333 and parameters: {'n_blocks': 4, 'd_block': 64, 'd_hidden': 3, 'd_hidden_multiplier': 1.2852220459368926, 'dropout1': 0.05664296290821759, 'dropout2': 0.0006075239968363071}. Best is trial 1 with value: 1.8192434.
[I 2025-05-11 05:08:14,316] A new study created in memory with name: ResMLP_Diamonds_outer3
[I 2025-05-11 05:08:23,878] Trial 0 finished with value: 2.0095861999999998 and parameters: {'n_blocks': 2, 'd_block': 128, 'd_hidden': 2, 'd_hidden_multiplier': 1.9962634563432848, 'dropout1': 0.3302433196844351, 'dropout2': 0.16849283002226323}. Best is trial 0 with value: 2.0095861999999998.
[I 2025-05-11 05:08:33,552] Trial 1 finished with value: 2.0091562000000005 and parameters: {'n_blocks': 2, 'd_block': 128, 'd_hidden': 5, 'd_hidden_multiplier': 1.3971722043758161, 'dropout1': 0.45729885390769637, 'dropout2': 0.27804772379776177}. Best is trial 1 with value: 2.0091562000000005.
[I 2025-05-11 05:08:44,435] Trial 2 finished with value: 1.8841395666666667 and parameters: {'n_blocks': 5, 'd_block': 256, 'd_hidden': 3, 'd_hidden_multiplier': 1.012768382104141, 'dropout1': 0.21010769595482803, 'dropout2': 0.11435642716370709}. Best is trial 2 with value: 1.8841395666666667.
[I 2025-05-11 05:08:54,417] Trial 3 finished with value: 1.8773402999999997 and parameters: {'n_blocks': 2, 'd_block': 256, 'd_hidden': 5, 'd_hidden_multiplier': 2.0045680533028496, 'dropout1': 0.09110379094863041, 'dropout2': 0.05547886702686667}. Best is trial 3 with value: 1.8773402999999997.
[I 2025-05-11 05:09:04,301] Trial 4 finished with value: 1.9624759 and parameters: {'n_blocks': 2, 'd_block': 128, 'd_hidden': 3, 'd_hidden_multiplier': 2.8575647465029177, 'dropout1': 0.33662176266671556, 'dropout2': 0.0911189952671477}. Best is trial 3 with value: 1.8773402999999997.
[I 2025-05-11 05:09:07,031] A new study created in memory with name: ResMLP_Diamonds_outer4
[I 2025-05-11 05:09:17,289] Trial 0 finished with value: 1.9513877333333334 and parameters: {'n_blocks': 4, 'd_block': 128, 'd_hidden': 2, 'd_hidden_multiplier': 3.3699362447994217, 'dropout1': 0.04929550651527317, 'dropout2': 0.029381049195362306}. Best is trial 0 with value: 1.9513877333333334.
[I 2025-05-11 05:09:29,387] Trial 1 finished with value: 1.8542482666666669 and parameters: {'n_blocks': 5, 'd_block': 256, 'd_hidden': 2, 'd_hidden_multiplier': 2.723561499824081, 'dropout1': 0.21310736716949388, 'dropout2': 0.09647228888528614}. Best is trial 1 with value: 1.8542482666666669.
[I 2025-05-11 05:09:39,429] Trial 2 finished with value: 1.856739633333333 and parameters: {'n_blocks': 6, 'd_block': 128, 'd_hidden': 3, 'd_hidden_multiplier': 3.460488602945239, 'dropout1': 0.07095660405725808, 'dropout2': 0.26934579476948145}. Best is trial 1 with value: 1.8542482666666669.
[I 2025-05-11 05:09:49,175] Trial 3 finished with value: 1.9245378000000002 and parameters: {'n_blocks': 3, 'd_block': 256, 'd_hidden': 9, 'd_hidden_multiplier': 1.0348297715805332, 'dropout1': 0.4949580849398122, 'dropout2': 0.2509924392984009}. Best is trial 1 with value: 1.8542482666666669.
[I 2025-05-11 05:10:02,188] Trial 4 finished with value: 1.8786078666666668 and parameters: {'n_blocks': 6, 'd_block': 64, 'd_hidden': 6, 'd_hidden_multiplier': 3.112531828710459, 'dropout1': 0.3761738732313906, 'dropout2': 0.18353067365094264}. Best is trial 1 with value: 1.8542482666666669.
[I 2025-05-11 05:10:06,046] A new study created in memory with name: ResMLP_Diamonds_outer5
[I 2025-05-11 05:10:15,111] Trial 0 finished with value: 1.9716920000000002 and parameters: {'n_blocks': 2, 'd_block': 256, 'd_hidden': 3, 'd_hidden_multiplier': 4.352862921489697, 'dropout1': 0.27046971985998786, 'dropout2': 0.2522517452753994}. Best is trial 0 with value: 1.9716920000000002.
[I 2025-05-11 05:10:27,104] Trial 1 finished with value: 2.0034754999999995 and parameters: {'n_blocks': 5, 'd_block': 64, 'd_hidden': 2, 'd_hidden_multiplier': 1.1351795261874547, 'dropout1': 0.43906084525190153, 'dropout2': 0.23019349093509217}. Best is trial 0 with value: 1.9716920000000002.
[I 2025-05-11 05:10:36,795] Trial 2 finished with value: 1.9282265666666667 and parameters: {'n_blocks': 3, 'd_block': 256, 'd_hidden': 9, 'd_hidden_multiplier': 1.068773226911001, 'dropout1': 0.0542360514117842, 'dropout2': 0.04908396180234866}. Best is trial 2 with value: 1.9282265666666667.
[I 2025-05-11 05:10:50,735] Trial 3 finished with value: 1.8784254 and parameters: {'n_blocks': 6, 'd_block': 256, 'd_hidden': 6, 'd_hidden_multiplier': 4.9777783888676215, 'dropout1': 0.04292466163396437, 'dropout2': 0.0691573487295358}. Best is trial 3 with value: 1.8784254.
[I 2025-05-11 05:11:00,496] Trial 4 finished with value: 1.8898336666666666 and parameters: {'n_blocks': 3, 'd_block': 256, 'd_hidden': 8, 'd_hidden_multiplier': 1.8646132749181923, 'dropout1': 0.34221346959038806, 'dropout2': 0.19888382006116123}. Best is trial 3 with value: 1.8784254.
