Trial 45 finished with value: 4.650715941505342 and parameters: {'max_depth': 12, 'n_estimators': 69}. Best is trial 13 with value: 4.574977615124876.
{'MSE - mean': 4.597410548920608, 'MSE - std': 0.0, 'R2 - mean': 0.5807313493601884, 'R2 - std': 0.0} 
 

{'MSE - mean': 4.409435182799317, 'MSE - std': 0.18797536612128996, 'R2 - mean': 0.5653691193720379, 'R2 - std': 0.015362229988150511} 
 

{'MSE - mean': 4.502864254794839, 'MSE - std': 0.2025203080356237, 'R2 - mean': 0.5564252273005823, 'R2 - std': 0.017813435498079747} 
 

{'MSE - mean': 4.431752938040411, 'MSE - std': 0.21431592214947248, 'R2 - mean': 0.554560044767723, 'R2 - std': 0.015761522160814136} 
 

{'MSE - mean': 4.610947068543415, 'MSE - std': 0.4064322787578926, 'R2 - mean': 0.5555278233356796, 'R2 - std': 0.014229787281862406} 
 

Finished cross validation
Hyperparam was saved!!! Hurrah!!!
Trial 46 finished with value: 4.610947068543415 and parameters: {'max_depth': 8, 'n_estimators': 51}. Best is trial 13 with value: 4.574977615124876.
{'MSE - mean': 4.661847233969475, 'MSE - std': 0.0, 'R2 - mean': 0.5748549366046463, 'R2 - std': 0.0} 
 

{'MSE - mean': 4.465377215376634, 'MSE - std': 0.1964700185928412, 'R2 - mean': 0.5599020491543192, 'R2 - std': 0.01495288745032708} 
 

{'MSE - mean': 4.555893806657989, 'MSE - std': 0.20523194698918748, 'R2 - mean': 0.5512322238136949, 'R2 - std': 0.017302918008492946} 
 

{'MSE - mean': 4.499760516059876, 'MSE - std': 0.202590604394296, 'R2 - mean': 0.5476463473196473, 'R2 - std': 0.01622093583607804} 
 

{'MSE - mean': 4.672427095345417, 'MSE - std': 0.38998634950438477, 'R2 - mean': 0.5494118507511765, 'R2 - std': 0.014931946188809199} 
 

Finished cross validation
Hyperparam was saved!!! Hurrah!!!
Trial 47 finished with value: 4.672427095345417 and parameters: {'max_depth': 11, 'n_estimators': 45}. Best is trial 13 with value: 4.574977615124876.
{'MSE - mean': 4.5132598772579335, 'MSE - std': 0.0, 'R2 - mean': 0.5884056125531345, 'R2 - std': 0.0} 
 

{'MSE - mean': 4.373112686954397, 'MSE - std': 0.14014719030353628, 'R2 - mean': 0.5685930179939516, 'R2 - std': 0.01981259455918294} 
 

{'MSE - mean': 4.450828173865414, 'MSE - std': 0.15866174852480963, 'R2 - mean': 0.5613120513358573, 'R2 - std': 0.019175962897951288} 
 

{'MSE - mean': 4.398566693484397, 'MSE - std': 0.16454163554723433, 'R2 - mean': 0.5576006597628882, 'R2 - std': 0.01780762328390352} 
 

{'MSE - mean': 4.571398900324828, 'MSE - std': 0.37569009402456005, 'R2 - mean': 0.5590353428081587, 'R2 - std': 0.016184017405412192} 
 

Finished cross validation
Hyperparam was saved!!! Hurrah!!!
Trial 48 finished with value: 4.571398900324828 and parameters: {'max_depth': 10, 'n_estimators': 99}. Best is trial 48 with value: 4.571398900324828.
{'MSE - mean': 4.593240474417023, 'MSE - std': 0.0, 'R2 - mean': 0.5811116463755586, 'R2 - std': 0.0} 
 

{'MSE - mean': 4.3793955220580365, 'MSE - std': 0.2138449523589867, 'R2 - mean': 0.5685391346856178, 'R2 - std': 0.01257251168994078} 
 

{'MSE - mean': 4.480462952364701, 'MSE - std': 0.22564506059413264, 'R2 - mean': 0.5587722541546709, 'R2 - std': 0.017209375663884786} 
 

{'MSE - mean': 4.426326031677155, 'MSE - std': 0.21674683059386654, 'R2 - mean': 0.5551041935121622, 'R2 - std': 0.0162014186010638} 
 

{'MSE - mean': 4.613250849367089, 'MSE - std': 0.42112575405886926, 'R2 - mean': 0.5554135776257825, 'R2 - std': 0.014504194078560838} 
 

Finished cross validation
Hyperparam was saved!!! Hurrah!!!
Trial 49 finished with value: 4.613250849367089 and parameters: {'max_depth': 7, 'n_estimators': 77}. Best is trial 48 with value: 4.571398900324828.
{'MSE - mean': 5.17610577168646, 'MSE - std': 0.0, 'R2 - mean': 0.5279562572514993, 'R2 - std': 0.0} 
 

{'MSE - mean': 4.8253343421215575, 'MSE - std': 0.35077142956490315, 'R2 - mean': 0.5254916131656365, 'R2 - std': 0.002464644085862777} 
 

{'MSE - mean': 4.964158459790412, 'MSE - std': 0.34723383354603543, 'R2 - mean': 0.5117320986786448, 'R2 - std': 0.019562671719769092} 
 

{'MSE - mean': 4.872395114144867, 'MSE - std': 0.3401323803778437, 'R2 - mean': 0.5109178709994713, 'R2 - std': 0.01700036745932825} 
 

{'MSE - mean': 5.097540242355443, 'MSE - std': 0.5434274045105066, 'R2 - mean': 0.5095257574608056, 'R2 - std': 0.015458393041318828} 
 

Finished cross validation
Hyperparam was saved!!! Hurrah!!!
Trial 50 finished with value: 5.097540242355443 and parameters: {'max_depth': 4, 'n_estimators': 62}. Best is trial 48 with value: 4.571398900324828.
{'MSE - mean': 4.58586302153789, 'MSE - std': 0.0, 'R2 - mean': 0.5817844457005001, 'R2 - std': 0.0} 
 

{'MSE - mean': 4.3687928852426605, 'MSE - std': 0.21707013629522942, 'R2 - mean': 0.5696125334364701, 'R2 - std': 0.012171912264030027} 
 

{'MSE - mean': 4.444804753950058, 'MSE - std': 0.2072886178325631, 'R2 - mean': 0.5623010497178157, 'R2 - std': 0.014341753278863563} 
 

{'MSE - mean': 4.393716811967096, 'MSE - std': 0.20014085480072388, 'R2 - mean': 0.5583779400071252, 'R2 - std': 0.01415756987410584} 
 

{'MSE - mean': 4.570321271683224, 'MSE - std': 0.39598185586563617, 'R2 - mean': 0.5594254196139063, 'R2 - std': 0.012835041172456044} 
 

Finished cross validation
Hyperparam was saved!!! Hurrah!!!
Trial 51 finished with value: 4.570321271683224 and parameters: {'max_depth': 10, 'n_estimators': 100}. Best is trial 51 with value: 4.570321271683224.
{'MSE - mean': 4.538623893347687, 'MSE - std': 0.0, 'R2 - mean': 0.58609249809716, 'R2 - std': 0.0} 
 

{'MSE - mean': 4.3487619574759355, 'MSE - std': 0.18986193587175126, 'R2 - mean': 0.5713840233335197, 'R2 - std': 0.014708474763640345} 
 

{'MSE - mean': 4.461222146553712, 'MSE - std': 0.22209523043835086, 'R2 - mean': 0.5605525815855621, 'R2 - std': 0.01946449110373109} 
 

{'MSE - mean': 4.407879912104141, 'MSE - std': 0.21337970959258737, 'R2 - mean': 0.5568687800135947, 'R2 - std': 0.01802390059089059} 
 

{'MSE - mean': 4.586186977588676, 'MSE - std': 0.40447293948975005, 'R2 - mean': 0.5578430298746311, 'R2 - std': 0.01623839416861045} 
 

Finished cross validation
Hyperparam was saved!!! Hurrah!!!
Trial 52 finished with value: 4.586186977588676 and parameters: {'max_depth': 8, 'n_estimators': 84}. Best is trial 51 with value: 4.570321271683224.
{'MSE - mean': 4.533510675507073, 'MSE - std': 0.0, 'R2 - mean': 0.586558806668398, 'R2 - std': 0.0} 
 

{'MSE - mean': 4.401822514395323, 'MSE - std': 0.1316881611117502, 'R2 - mean': 0.5656885788531433, 'R2 - std': 0.020870227815254716} 
 

{'MSE - mean': 4.4831161753549695, 'MSE - std': 0.157411879504397, 'R2 - mean': 0.5580820010870979, 'R2 - std': 0.02015186484328961} 
 

{'MSE - mean': 4.432822673353774, 'MSE - std': 0.1617781934855959, 'R2 - mean': 0.5541046424437749, 'R2 - std': 0.01876249950911414} 
 

{'MSE - mean': 4.595183003591401, 'MSE - std': 0.35550141272497915, 'R2 - mean': 0.556537958100153, 'R2 - std': 0.017473099627653567} 
 

Finished cross validation
Hyperparam was saved!!! Hurrah!!!
Trial 53 finished with value: 4.595183003591401 and parameters: {'max_depth': 10, 'n_estimators': 90}. Best is trial 51 with value: 4.570321271683224.
{'MSE - mean': 4.482334444664855, 'MSE - std': 0.0, 'R2 - mean': 0.591225909817384, 'R2 - std': 0.0} 
 

{'MSE - mean': 4.321162177130477, 'MSE - std': 0.1611722675343783, 'R2 - mean': 0.5738926400362071, 'R2 - std': 0.017333269781176885} 
 

{'MSE - mean': 4.4173157531206355, 'MSE - std': 0.18923183373710106, 'R2 - mean': 0.5647348029191326, 'R2 - std': 0.019184024313573435} 
 

{'MSE - mean': 4.367433380390854, 'MSE - std': 0.18526000243465376, 'R2 - mean': 0.5608091393166919, 'R2 - std': 0.017951395372126783} 
 

{'MSE - mean': 4.553189596595862, 'MSE - std': 0.40679048936384604, 'R2 - mean': 0.5610482579853767, 'R2 - std': 0.01606333675162126} 
 

Finished cross validation
Hyperparam was saved!!! Hurrah!!!
Trial 54 finished with value: 4.553189596595862 and parameters: {'max_depth': 9, 'n_estimators': 69}. Best is trial 54 with value: 4.553189596595862.
{'MSE - mean': 4.578892313764755, 'MSE - std': 0.0, 'R2 - mean': 0.5824201512157999, 'R2 - std': 0.0} 
 

{'MSE - mean': 4.425422872059771, 'MSE - std': 0.15346944170498356, 'R2 - mean': 0.5635222974443181, 'R2 - std': 0.018897853771481843} 
 

{'MSE - mean': 4.5115577067726305, 'MSE - std': 0.1747579255051087, 'R2 - mean': 0.5553873668556594, 'R2 - std': 0.019246820762837624} 
 

{'MSE - mean': 4.4430790812221845, 'MSE - std': 0.19228420597379123, 'R2 - mean': 0.5532677836757214, 'R2 - std': 0.017067746795568134} 
 

{'MSE - mean': 4.61918834373102, 'MSE - std': 0.39196487350169656, 'R2 - mean': 0.554561798378735, 'R2 - std': 0.01548367788183938} 
 

Finished cross validation
Hyperparam was saved!!! Hurrah!!!
Trial 55 finished with value: 4.61918834373102 and parameters: {'max_depth': 9, 'n_estimators': 67}. Best is trial 54 with value: 4.553189596595862.
{'MSE - mean': 5.079740404996316, 'MSE - std': 0.0, 'R2 - mean': 0.5367444602694076, 'R2 - std': 0.0} 
 

{'MSE - mean': 4.891499774767432, 'MSE - std': 0.18824063022888415, 'R2 - mean': 0.5176965984346189, 'R2 - std': 0.019047861834788626} 
 

{'MSE - mean': 4.947394191838345, 'MSE - std': 0.17283343127234604, 'R2 - mean': 0.5125253990057596, 'R2 - std': 0.017186136875910647} 
 

{'MSE - mean': 4.885149976549395, 'MSE - std': 0.1844629318720731, 'R2 - mean': 0.5088047568325704, 'R2 - std': 0.016218878200445673} 
 

{'MSE - mean': 5.0708442682256, 'MSE - std': 0.4063874240578593, 'R2 - mean': 0.510886873258878, 'R2 - std': 0.01509246312950651} 
 

Finished cross validation
Hyperparam was saved!!! Hurrah!!!
Trial 56 finished with value: 5.0708442682256 and parameters: {'max_depth': 11, 'n_estimators': 6}. Best is trial 54 with value: 4.553189596595862.
{'MSE - mean': 4.650262091738922, 'MSE - std': 0.0, 'R2 - mean': 0.5759114632947882, 'R2 - std': 0.0} 
 

{'MSE - mean': 4.431480896804562, 'MSE - std': 0.2187811949343601, 'R2 - mean': 0.5634260754077778, 'R2 - std': 0.012485387887010369} 
 

{'MSE - mean': 4.49232981898667, 'MSE - std': 0.19828092066405742, 'R2 - mean': 0.5576126190145444, 'R2 - std': 0.013096405013009798} 
 

{'MSE - mean': 4.441011186617828, 'MSE - std': 0.19335795486393847, 'R2 - mean': 0.5536159314841113, 'R2 - std': 0.013287490426952387} 
 

{'MSE - mean': 4.5996170868321, 'MSE - std': 0.3612937382497104, 'R2 - mean': 0.5563220420190725, 'R2 - std': 0.013059022106834581} 
 

Finished cross validation
Hyperparam was saved!!! Hurrah!!!
Trial 57 finished with value: 4.5996170868321 and parameters: {'max_depth': 10, 'n_estimators': 56}. Best is trial 54 with value: 4.553189596595862.
{'MSE - mean': 4.688210058787711, 'MSE - std': 0.0, 'R2 - mean': 0.5724507340930409, 'R2 - std': 0.0} 
 

{'MSE - mean': 4.45030210300368, 'MSE - std': 0.23790795578403134, 'R2 - mean': 0.561711996344803, 'R2 - std': 0.01073873774823797} 
 

{'MSE - mean': 4.574563615711976, 'MSE - std': 0.26194524370180733, 'R2 - mean': 0.5496128562144325, 'R2 - std': 0.01922651058839434} 
 

{'MSE - mean': 4.510472583478486, 'MSE - std': 0.25255586364557486, 'R2 - mean': 0.5467836210326356, 'R2 - std': 0.017356778134088757} 
 

{'MSE - mean': 4.687473185851902, 'MSE - std': 0.41993383332570167, 'R2 - mean': 0.5481860704575545, 'R2 - std': 0.01577572994554001} 
 

Finished cross validation
Hyperparam was saved!!! Hurrah!!!
Trial 58 finished with value: 4.687473185851902 and parameters: {'max_depth': 6, 'n_estimators': 40}. Best is trial 54 with value: 4.553189596595862.
{'MSE - mean': 4.50233350336504, 'MSE - std': 0.0, 'R2 - mean': 0.5894020617476784, 'R2 - std': 0.0} 
 

{'MSE - mean': 4.3542103597896915, 'MSE - std': 0.14812314357534762, 'R2 - mean': 0.5705238087587203, 'R2 - std': 0.018878252988958066} 
 

{'MSE - mean': 4.439727536776062, 'MSE - std': 0.17103611381186448, 'R2 - mean': 0.5624515571675929, 'R2 - std': 0.019181104819873847} 
 

{'MSE - mean': 4.395353510425149, 'MSE - std': 0.16687473390143043, 'R2 - mean': 0.5579086799820824, 'R2 - std': 0.018380676972057853} 
 

{'MSE - mean': 4.57388409823124, 'MSE - std': 0.3870018405399268, 'R2 - mean': 0.5588636505183111, 'R2 - std': 0.016550749338358362} 
 

Finished cross validation
Hyperparam was saved!!! Hurrah!!!
Trial 59 finished with value: 4.57388409823124 and parameters: {'max_depth': 9, 'n_estimators': 100}. Best is trial 54 with value: 4.553189596595862.
{'MSE - mean': 4.523549346484212, 'MSE - std': 0.0, 'R2 - mean': 0.5874672469596343, 'R2 - std': 0.0} 
 

{'MSE - mean': 4.362824156977989, 'MSE - std': 0.1607251895062234, 'R2 - mean': 0.5697689681704384, 'R2 - std': 0.01769827878919583} 
 

{'MSE - mean': 4.432223017452115, 'MSE - std': 0.16387229183550858, 'R2 - mean': 0.5632518225982808, 'R2 - std': 0.01713959609259954} 
 

{'MSE - mean': 4.376478180117655, 'MSE - std': 0.1716480605538635, 'R2 - mean': 0.5599252487017754, 'R2 - std': 0.015922392952374433} 
 

{'MSE - mean': 4.551687796171597, 'MSE - std': 0.3825755919875214, 'R2 - mean': 0.5610637455855845, 'R2 - std': 0.014422301428053386} 
 

Finished cross validation
Hyperparam was saved!!! Hurrah!!!
Trial 60 finished with value: 4.551687796171597 and parameters: {'max_depth': 9, 'n_estimators': 92}. Best is trial 60 with value: 4.551687796171597.
{'MSE - mean': 4.533192793279153, 'MSE - std': 0.0, 'R2 - mean': 0.5865877964771924, 'R2 - std': 0.0} 
 

{'MSE - mean': 4.35685856850851, 'MSE - std': 0.1763342247706432, 'R2 - mean': 0.5704791333067161, 'R2 - std': 0.016108663170476323} 
 

{'MSE - mean': 4.427147747640468, 'MSE - std': 0.17495802341246902, 'R2 - mean': 0.5638333285335039, 'R2 - std': 0.01616558468662792} 
 

{'MSE - mean': 4.3719281030375, 'MSE - std': 0.1791796861185244, 'R2 - mean': 0.5604408868864682, 'R2 - std': 0.015182904108932239} 
 

{'MSE - mean': 4.543890243800494, 'MSE - std': 0.37943141588064777, 'R2 - mean': 0.5618200793049518, 'R2 - std': 0.013857313904708807} 
 

Finished cross validation
Hyperparam was saved!!! Hurrah!!!
Trial 61 finished with value: 4.543890243800494 and parameters: {'max_depth': 9, 'n_estimators': 99}. Best is trial 61 with value: 4.543890243800494.
{'MSE - mean': 4.557640063363505, 'MSE - std': 0.0, 'R2 - mean': 0.5843582862276674, 'R2 - std': 0.0} 
 

{'MSE - mean': 4.37330347657588, 'MSE - std': 0.18433658678762477, 'R2 - mean': 0.5689144049826678, 'R2 - std': 0.01544388124499968} 
 

{'MSE - mean': 4.45046608471927, 'MSE - std': 0.18590711213754496, 'R2 - mean': 0.5615744540602295, 'R2 - std': 0.016332750463226953} 
 

{'MSE - mean': 4.3883485883563065, 'MSE - std': 0.1936410101726893, 'R2 - mean': 0.5588609507346853, 'R2 - std': 0.014904977496250997} 
 

{'MSE - mean': 4.5676286875241106, 'MSE - std': 0.39819955862234485, 'R2 - mean': 0.5596793437365459, 'R2 - std': 0.013431520827999222} 
 

Finished cross validation
Hyperparam was saved!!! Hurrah!!!
Trial 62 finished with value: 4.5676286875241106 and parameters: {'max_depth': 9, 'n_estimators': 90}. Best is trial 61 with value: 4.543890243800494.
{'MSE - mean': 4.556584328161295, 'MSE - std': 0.0, 'R2 - mean': 0.5844545657895975, 'R2 - std': 0.0} 
 

{'MSE - mean': 4.355553365030659, 'MSE - std': 0.20103096313063684, 'R2 - mean': 0.5707983767887499, 'R2 - std': 0.013656189000847585} 
 

{'MSE - mean': 4.4508583006958755, 'MSE - std': 0.2123872884201326, 'R2 - mean': 0.5616274498677949, 'R2 - std': 0.01710378515213057} 
 

{'MSE - mean': 4.390809816270862, 'MSE - std': 0.21130246486273094, 'R2 - mean': 0.5586689937991558, 'R2 - std': 0.015673607970977332} 
 

{'MSE - mean': 4.56545609474354, 'MSE - std': 0.39714515691756513, 'R2 - mean': 0.5598682851450627, 'R2 - std': 0.014222615385075126} 
 

Finished cross validation
Hyperparam was saved!!! Hurrah!!!
Trial 63 finished with value: 4.56545609474354 and parameters: {'max_depth': 10, 'n_estimators': 100}. Best is trial 61 with value: 4.543890243800494.
{'MSE - mean': 4.618836213552152, 'MSE - std': 0.0, 'R2 - mean': 0.5787773995435384, 'R2 - std': 0.0} 
 

{'MSE - mean': 4.376237282865091, 'MSE - std': 0.2425989306870613, 'R2 - mean': 0.5690728776348645, 'R2 - std': 0.00970452190867388} 
 

{'MSE - mean': 4.48873048679789, 'MSE - std': 0.2540582662352668, 'R2 - mean': 0.5581073904607469, 'R2 - std': 0.017414619765647905} 
 

{'MSE - mean': 4.440039968394496, 'MSE - std': 0.23563001024705282, 'R2 - mean': 0.55380222139432, 'R2 - std': 0.016824243764821292} 
 

{'MSE - mean': 4.603591869079362, 'MSE - std': 0.38911964516553393, 'R2 - mean': 0.5560781051548183, 'R2 - std': 0.015721409929510176} 
 

Finished cross validation
Hyperparam was saved!!! Hurrah!!!
Trial 64 finished with value: 4.603591869079362 and parameters: {'max_depth': 10, 'n_estimators': 89}. Best is trial 61 with value: 4.543890243800494.
{'MSE - mean': 4.575608222657722, 'MSE - std': 0.0, 'R2 - mean': 0.5827196494729976, 'R2 - std': 0.0} 
 

{'MSE - mean': 4.3665053321454765, 'MSE - std': 0.20910289051224584, 'R2 - mean': 0.5697774174608872, 'R2 - std': 0.012942232012110422} 
 

{'MSE - mean': 4.476386596576583, 'MSE - std': 0.23086171277702558, 'R2 - mean': 0.559153298857807, 'R2 - std': 0.01836876075900315} 
 

{'MSE - mean': 4.425838383336497, 'MSE - std': 0.21826180015076366, 'R2 - mean': 0.5551152321230459, 'R2 - std': 0.017377470406514085} 
 

{'MSE - mean': 4.614325055099141, 'MSE - std': 0.4245226406832456, 'R2 - mean': 0.5553013093475793, 'R2 - std': 0.01554733678535904} 
 

Finished cross validation
Hyperparam was saved!!! Hurrah!!!
Trial 65 finished with value: 4.614325055099141 and parameters: {'max_depth': 7, 'n_estimators': 91}. Best is trial 61 with value: 4.543890243800494.
{'MSE - mean': 4.565056206093835, 'MSE - std': 0.0, 'R2 - mean': 0.5836819585161412, 'R2 - std': 0.0} 
 

{'MSE - mean': 4.39716558026625, 'MSE - std': 0.1678906258275843, 'R2 - mean': 0.5664278905346174, 'R2 - std': 0.01725406798152379} 
 

{'MSE - mean': 4.496378256748344, 'MSE - std': 0.19615763688931415, 'R2 - mean': 0.5569644132368025, 'R2 - std': 0.01943150482437936} 
 

{'MSE - mean': 4.440140898130961, 'MSE - std': 0.19582207586296466, 'R2 - mean': 0.5535474746060658, 'R2 - std': 0.017838552172852244} 
 

{'MSE - mean': 4.6067762563838475, 'MSE - std': 0.3764922293972299, 'R2 - mean': 0.5556176373833288, 'R2 - std': 0.016483732908425763} 
 

Finished cross validation
Hyperparam was saved!!! Hurrah!!!
Trial 66 finished with value: 4.6067762563838475 and parameters: {'max_depth': 10, 'n_estimators': 83}. Best is trial 61 with value: 4.543890243800494.
{'MSE - mean': 4.6865387729638766, 'MSE - std': 0.0, 'R2 - mean': 0.5726031498376729, 'R2 - std': 0.0} 
 

{'MSE - mean': 4.456277335225809, 'MSE - std': 0.23026143773806762, 'R2 - mean': 0.561062188331458, 'R2 - std': 0.011540961506214864} 
 

{'MSE - mean': 4.553455361406875, 'MSE - std': 0.23288199590714875, 'R2 - mean': 0.5516486455468286, 'R2 - std': 0.016310286238282925} 
 

{'MSE - mean': 4.4918569013832546, 'MSE - std': 0.22816360105222205, 'R2 - mean': 0.548608182264473, 'R2 - std': 0.015074890672741122} 
 

{'MSE - mean': 4.656749615379715, 'MSE - std': 0.3878212624297028, 'R2 - mean': 0.5509549402059495, 'R2 - std': 0.014276937850239755} 
 

Finished cross validation
Hyperparam was saved!!! Hurrah!!!
Trial 67 finished with value: 4.656749615379715 and parameters: {'max_depth': 12, 'n_estimators': 94}. Best is trial 61 with value: 4.543890243800494.
{'MSE - mean': 4.56573834370057, 'MSE - std': 0.0, 'R2 - mean': 0.5836197498204236, 'R2 - std': 0.0} 
 

{'MSE - mean': 4.3430460713703996, 'MSE - std': 0.2226922723301703, 'R2 - mean': 0.5722020966312643, 'R2 - std': 0.011417653189159327} 
 

{'MSE - mean': 4.4488446221172095, 'MSE - std': 0.23547377515121912, 'R2 - mean': 0.5619409388672497, 'R2 - std': 0.017247934761818365} 
 

{'MSE - mean': 4.38961353014063, 'MSE - std': 0.22827809982166292, 'R2 - mean': 0.5588705404169433, 'R2 - std': 0.015855613519882746} 
 

{'MSE - mean': 4.582017455990432, 'MSE - std': 0.4356211604321069, 'R2 - mean': 0.5585807570931223, 'R2 - std': 0.014193529567115068} 
 

Finished cross validation
Hyperparam was saved!!! Hurrah!!!
Trial 68 finished with value: 4.582017455990432 and parameters: {'max_depth': 8, 'n_estimators': 100}. Best is trial 61 with value: 4.543890243800494.
{'MSE - mean': 4.588997709233348, 'MSE - std': 0.0, 'R2 - mean': 0.581498572540758, 'R2 - std': 0.0} 
 

{'MSE - mean': 4.439685284294564, 'MSE - std': 0.14931242493878427, 'R2 - mean': 0.5620797841875995, 'R2 - std': 0.019418788353158467} 
 

{'MSE - mean': 4.498376189740633, 'MSE - std': 0.1474857448192615, 'R2 - mean': 0.556658337225151, 'R2 - std': 0.01761184454857373} 
 

{'MSE - mean': 4.441437850897974, 'MSE - std': 0.16136900874750915, 'R2 - mean': 0.5533394617565714, 'R2 - std': 0.01629961976336139} 
 

{'MSE - mean': 4.611942975383693, 'MSE - std': 0.37029711785387215, 'R2 - mean': 0.5551097471384392, 'R2 - std': 0.01500259060553032} 
 

Finished cross validation
Hyperparam was saved!!! Hurrah!!!
Trial 69 finished with value: 4.611942975383693 and parameters: {'max_depth': 11, 'n_estimators': 83}. Best is trial 61 with value: 4.543890243800494.
{'MSE - mean': 4.513115175737514, 'MSE - std': 0.0, 'R2 - mean': 0.5884188088536533, 'R2 - std': 0.0} 
 

{'MSE - mean': 4.342823904075013, 'MSE - std': 0.17029127166250158, 'R2 - mean': 0.5718205839779704, 'R2 - std': 0.016598224875682854} 
 

{'MSE - mean': 4.434217991194971, 'MSE - std': 0.18983809713525754, 'R2 - mean': 0.563111264490138, 'R2 - std': 0.018313161147967612} 
 

{'MSE - mean': 4.378248930923159, 'MSE - std': 0.19085723582322156, 'R2 - mean': 0.5597904782494165, 'R2 - std': 0.016870440634235692} 
 

{'MSE - mean': 4.578431796863152, 'MSE - std': 0.435240056562651, 'R2 - mean': 0.5588613612194195, 'R2 - std': 0.015203369612567408} 
 

Finished cross validation
Hyperparam was saved!!! Hurrah!!!
