Trial 145 finished with value: 4.597527817289572 and parameters: {'max_depth': 9, 'n_estimators': 89}. Best is trial 61 with value: 4.543890243800494.
{'MSE - mean': 4.583361231153731, 'MSE - std': 0.0, 'R2 - mean': 0.5820126007167616, 'R2 - std': 0.0} 
 

{'MSE - mean': 4.38478949391501, 'MSE - std': 0.1985717372387206, 'R2 - mean': 0.567888086298777, 'R2 - std': 0.01412451441798468} 
 

{'MSE - mean': 4.473524485611767, 'MSE - std': 0.20502427674834697, 'R2 - mean': 0.5593747978156564, 'R2 - std': 0.016671935499202623} 
 

{'MSE - mean': 4.416481496667514, 'MSE - std': 0.20319429939154157, 'R2 - mean': 0.5560522856515534, 'R2 - std': 0.015542919166263984} 
 

{'MSE - mean': 4.570639393260748, 'MSE - std': 0.3578951899262919, 'R2 - mean': 0.5590446933772222, 'R2 - std': 0.015135517333536437} 
 

Finished cross validation
Hyperparam was saved!!! Hurrah!!!
Trial 146 finished with value: 4.570639393260748 and parameters: {'max_depth': 10, 'n_estimators': 100}. Best is trial 61 with value: 4.543890243800494.
{'MSE - mean': 4.549703046132744, 'MSE - std': 0.0, 'R2 - mean': 0.5850821159724848, 'R2 - std': 0.0} 
 

{'MSE - mean': 4.362634794794218, 'MSE - std': 0.18706825133852556, 'R2 - mean': 0.5699905352913693, 'R2 - std': 0.01509158068111549} 
 

{'MSE - mean': 4.456609845485402, 'MSE - std': 0.20246557092682096, 'R2 - mean': 0.5609874800012259, 'R2 - std': 0.017718555643293953} 
 

{'MSE - mean': 4.399603988605138, 'MSE - std': 0.20122930630005675, 'R2 - mean': 0.5577099575920128, 'R2 - std': 0.016361139018786545} 
 

{'MSE - mean': 4.592874536681167, 'MSE - std': 0.4263902039043996, 'R2 - mean': 0.5574153798946195, 'R2 - std': 0.014645702443817908} 
 

Finished cross validation
Hyperparam was saved!!! Hurrah!!!
Trial 147 finished with value: 4.592874536681167 and parameters: {'max_depth': 8, 'n_estimators': 82}. Best is trial 61 with value: 4.543890243800494.
{'MSE - mean': 4.614315157922948, 'MSE - std': 0.0, 'R2 - mean': 0.5791897048778027, 'R2 - std': 0.0} 
 

{'MSE - mean': 4.388287352215989, 'MSE - std': 0.22602780570695913, 'R2 - mean': 0.5677535698184369, 'R2 - std': 0.011436135059365804} 
 

{'MSE - mean': 4.463574514849055, 'MSE - std': 0.21306186820532708, 'R2 - mean': 0.5604936407432213, 'R2 - std': 0.013878157793875023} 
 

{'MSE - mean': 4.415956351603098, 'MSE - std': 0.2021113261920621, 'R2 - mean': 0.5561496746750904, 'R2 - std': 0.014179653430778543} 
 

{'MSE - mean': 4.6032757785792375, 'MSE - std': 0.41597290949143406, 'R2 - mean': 0.5563888423474941, 'R2 - std': 0.012691684751666493} 
 

Finished cross validation
Hyperparam was saved!!! Hurrah!!!
Trial 148 finished with value: 4.6032757785792375 and parameters: {'max_depth': 11, 'n_estimators': 76}. Best is trial 61 with value: 4.543890243800494.
{'MSE - mean': 4.5929342648658125, 'MSE - std': 0.0, 'R2 - mean': 0.5811395716748076, 'R2 - std': 0.0} 
 

{'MSE - mean': 4.393016904400082, 'MSE - std': 0.19991736046573028, 'R2 - mean': 0.5670847843405941, 'R2 - std': 0.014054787334213503} 
 

{'MSE - mean': 4.457335770783417, 'MSE - std': 0.18686483659603914, 'R2 - mean': 0.5609719225268169, 'R2 - std': 0.014367516270461659} 
 

{'MSE - mean': 4.412212979128453, 'MSE - std': 0.17971379843312016, 'R2 - mean': 0.5564083420354471, 'R2 - std': 0.014741029256470601} 
 

{'MSE - mean': 4.583901229191133, 'MSE - std': 0.3791372578844617, 'R2 - mean': 0.5579503847866361, 'R2 - std': 0.01354067716984925} 
 

Finished cross validation
Hyperparam was saved!!! Hurrah!!!
Trial 149 finished with value: 4.583901229191133 and parameters: {'max_depth': 9, 'n_estimators': 94}. Best is trial 61 with value: 4.543890243800494.
{'MSE - mean': 4.543390356456361, 'MSE - std': 0.0, 'R2 - mean': 0.5856578124116785, 'R2 - std': 0.0} 
 

{'MSE - mean': 4.355271652727204, 'MSE - std': 0.1881187037291565, 'R2 - mean': 0.5707268136401007, 'R2 - std': 0.014930998771577775} 
 

{'MSE - mean': 4.460109827413401, 'MSE - std': 0.21348188886076275, 'R2 - mean': 0.5606509228785614, 'R2 - std': 0.01875287441491345} 
 

{'MSE - mean': 4.409296745224454, 'MSE - std': 0.204760337024267, 'R2 - mean': 0.5567018501698064, 'R2 - std': 0.017622095502329904} 
 

{'MSE - mean': 4.592584536871884, 'MSE - std': 0.40977932446940224, 'R2 - mean': 0.5572741471846181, 'R2 - std': 0.01580318624224994} 
 

Finished cross validation
Hyperparam was saved!!! Hurrah!!!
Trial 150 finished with value: 4.592584536871884 and parameters: {'max_depth': 8, 'n_estimators': 72}. Best is trial 61 with value: 4.543890243800494.
{'MSE - mean': 4.63880120649412, 'MSE - std': 0.0, 'R2 - mean': 0.5769566581584171, 'R2 - std': 0.0} 
 

{'MSE - mean': 4.4425503997806945, 'MSE - std': 0.19625080671342632, 'R2 - mean': 0.5621578563670067, 'R2 - std': 0.014798801791410465} 
 

{'MSE - mean': 4.522097489215711, 'MSE - std': 0.19578491165633505, 'R2 - mean': 0.5545641895490133, 'R2 - std': 0.016165722206560627} 
 

{'MSE - mean': 4.472132602472383, 'MSE - std': 0.1903635165834831, 'R2 - mean': 0.5503891726057174, 'R2 - std': 0.01575722787406435} 
 

{'MSE - mean': 4.6738533386934495, 'MSE - std': 0.4378991167416291, 'R2 - mean': 0.5496603053050871, 'R2 - std': 0.014168880491692508} 
 

Finished cross validation
Hyperparam was saved!!! Hurrah!!!
Trial 151 finished with value: 4.6738533386934495 and parameters: {'max_depth': 9, 'n_estimators': 17}. Best is trial 61 with value: 4.543890243800494.
{'MSE - mean': 4.6100840473587565, 'MSE - std': 0.0, 'R2 - mean': 0.5795755681802162, 'R2 - std': 0.0} 
 

{'MSE - mean': 4.428979921174246, 'MSE - std': 0.18110412618450988, 'R2 - mean': 0.5633833025235226, 'R2 - std': 0.016192265656693572} 
 

{'MSE - mean': 4.504430219493199, 'MSE - std': 0.1823493845530452, 'R2 - mean': 0.5562293783349291, 'R2 - std': 0.016647829908336808} 
 

{'MSE - mean': 4.427029655454716, 'MSE - std': 0.20714974167394334, 'R2 - mean': 0.5550437491251452, 'R2 - std': 0.014562960906421585} 
 

{'MSE - mean': 4.611832846947736, 'MSE - std': 0.41344611586576446, 'R2 - mean': 0.5555290420412724, 'R2 - std': 0.013061619392224836} 
 

Finished cross validation
Hyperparam was saved!!! Hurrah!!!
Trial 152 finished with value: 4.611832846947736 and parameters: {'max_depth': 10, 'n_estimators': 69}. Best is trial 61 with value: 4.543890243800494.
{'MSE - mean': 4.571693532124581, 'MSE - std': 0.0, 'R2 - mean': 0.5830766563141395, 'R2 - std': 0.0} 
 

{'MSE - mean': 4.406023743614766, 'MSE - std': 0.16566978850981462, 'R2 - mean': 0.5655347477330154, 'R2 - std': 0.017541908581124144} 
 

{'MSE - mean': 4.4767614299069685, 'MSE - std': 0.16824176970619611, 'R2 - mean': 0.5588803426339976, 'R2 - std': 0.01713790882486381} 
 

{'MSE - mean': 4.404501616413728, 'MSE - std': 0.19207657781113832, 'R2 - mean': 0.5572219109499406, 'R2 - std': 0.015117279058053469} 
 

{'MSE - mean': 4.575618192274834, 'MSE - std': 0.38293375345172814, 'R2 - mean': 0.5587760626479851, 'R2 - std': 0.013873977472137807} 
 

Finished cross validation
Hyperparam was saved!!! Hurrah!!!
Trial 153 finished with value: 4.575618192274834 and parameters: {'max_depth': 9, 'n_estimators': 86}. Best is trial 61 with value: 4.543890243800494.
{'MSE - mean': 4.600982007089673, 'MSE - std': 0.0, 'R2 - mean': 0.5804056441764928, 'R2 - std': 0.0} 
 

{'MSE - mean': 4.400455082912577, 'MSE - std': 0.20052692417709617, 'R2 - mean': 0.5663538671548294, 'R2 - std': 0.01405177702166338} 
 

{'MSE - mean': 4.480316269667459, 'MSE - std': 0.19890445741548315, 'R2 - mean': 0.5587113313688636, 'R2 - std': 0.01576234959612828} 
 

{'MSE - mean': 4.414006443912953, 'MSE - std': 0.20703433618506306, 'R2 - mean': 0.5563639554684509, 'R2 - std': 0.01424321836687343} 
 

{'MSE - mean': 4.607454528111961, 'MSE - std': 0.42892798720617187, 'R2 - mean': 0.5560856803110668, 'R2 - std': 0.012751672980829656} 
 

Finished cross validation
Hyperparam was saved!!! Hurrah!!!
Trial 154 finished with value: 4.607454528111961 and parameters: {'max_depth': 9, 'n_estimators': 64}. Best is trial 61 with value: 4.543890243800494.
{'MSE - mean': 4.54871562583409, 'MSE - std': 0.0, 'R2 - mean': 0.5851721654409465, 'R2 - std': 0.0} 
 

{'MSE - mean': 4.431971068074409, 'MSE - std': 0.1167445577596804, 'R2 - mean': 0.5625919237428206, 'R2 - std': 0.02258024169812589} 
 

{'MSE - mean': 4.513561606075983, 'MSE - std': 0.1496670514634896, 'R2 - mean': 0.5549994926030155, 'R2 - std': 0.021335453232961498} 
 

{'MSE - mean': 4.457472257702025, 'MSE - std': 0.16198214322380358, 'R2 - mean': 0.5515986456887043, 'R2 - std': 0.01939325791855651} 
 

{'MSE - mean': 4.636027765986984, 'MSE - std': 0.38538143434044947, 'R2 - mean': 0.5527861220021102, 'R2 - std': 0.017507688657733302} 
 

Finished cross validation
Hyperparam was saved!!! Hurrah!!!
Trial 155 finished with value: 4.636027765986984 and parameters: {'max_depth': 11, 'n_estimators': 78}. Best is trial 61 with value: 4.543890243800494.
{'MSE - mean': 4.773273409278526, 'MSE - std': 0.0, 'R2 - mean': 0.5646932376067726, 'R2 - std': 0.0} 
 

{'MSE - mean': 4.644238121559239, 'MSE - std': 0.12903528771928752, 'R2 - mean': 0.5416940653626184, 'R2 - std': 0.022999172244154154} 
 

{'MSE - mean': 4.6766758074621455, 'MSE - std': 0.11491073601425343, 'R2 - mean': 0.5389418965328706, 'R2 - std': 0.0191778556972806} 
 

{'MSE - mean': 4.619529166554277, 'MSE - std': 0.1403587319679883, 'R2 - mean': 0.5353084315563545, 'R2 - std': 0.0177608787807922} 
 

{'MSE - mean': 4.825082804293094, 'MSE - std': 0.42984840451300077, 'R2 - mean': 0.5348408028354721, 'R2 - std': 0.015913320160644426} 
 

Finished cross validation
Hyperparam was saved!!! Hurrah!!!
Trial 156 finished with value: 4.825082804293094 and parameters: {'max_depth': 10, 'n_estimators': 9}. Best is trial 61 with value: 4.543890243800494.
{'MSE - mean': 4.586528641385164, 'MSE - std': 0.0, 'R2 - mean': 0.581723743369865, 'R2 - std': 0.0} 
 

{'MSE - mean': 4.394737204953509, 'MSE - std': 0.19179143643165508, 'R2 - mean': 0.5668520833344791, 'R2 - std': 0.01487166003538587} 
 

{'MSE - mean': 4.4908444127614775, 'MSE - std': 0.2073543525247695, 'R2 - mean': 0.5576324321495867, 'R2 - std': 0.017817073761261706} 
 

{'MSE - mean': 4.4309164216582815, 'MSE - std': 0.20741495362248835, 'R2 - mean': 0.5545910134454913, 'R2 - std': 0.016304501564339317} 
 

{'MSE - mean': 4.601246429349206, 'MSE - std': 0.3878994927412727, 'R2 - mean': 0.556299494369983, 'R2 - std': 0.014978152265437916} 
 

Finished cross validation
Hyperparam was saved!!! Hurrah!!!
Trial 157 finished with value: 4.601246429349206 and parameters: {'max_depth': 10, 'n_estimators': 94}. Best is trial 61 with value: 4.543890243800494.
{'MSE - mean': 4.519103365858114, 'MSE - std': 0.0, 'R2 - mean': 0.5878727057016893, 'R2 - std': 0.0} 
 

{'MSE - mean': 4.341822634227713, 'MSE - std': 0.1772807316304017, 'R2 - mean': 0.5719734245722075, 'R2 - std': 0.0158992811294818} 
 

{'MSE - mean': 4.451730644954968, 'MSE - std': 0.2123954963010884, 'R2 - mean': 0.5614242535403451, 'R2 - std': 0.019776116383367567} 
 

{'MSE - mean': 4.392434701306705, 'MSE - std': 0.21067014960870328, 'R2 - mean': 0.558412816638203, 'R2 - std': 0.017903277383013515} 
 

{'MSE - mean': 4.564560318057019, 'MSE - std': 0.39244673691550364, 'R2 - mean': 0.5598449258504772, 'R2 - std': 0.016267317542422943} 
 

Finished cross validation
Hyperparam was saved!!! Hurrah!!!
Trial 158 finished with value: 4.564560318057019 and parameters: {'max_depth': 9, 'n_estimators': 100}. Best is trial 61 with value: 4.543890243800494.
{'MSE - mean': 4.6273738444733326, 'MSE - std': 0.0, 'R2 - mean': 0.5779987958147883, 'R2 - std': 0.0} 
 

{'MSE - mean': 4.409252717068363, 'MSE - std': 0.21812112740496925, 'R2 - mean': 0.5656192849920699, 'R2 - std': 0.012379510822718376} 
 

{'MSE - mean': 4.504554606276609, 'MSE - std': 0.2233445417292859, 'R2 - mean': 0.556413706410248, 'R2 - std': 0.01648191573185784} 
 

{'MSE - mean': 4.4499103411665235, 'MSE - std': 0.21533712027530788, 'R2 - mean': 0.5527455552563048, 'R2 - std': 0.015623897026944816} 
 

{'MSE - mean': 4.655683972980195, 'MSE - std': 0.45438663106865657, 'R2 - mean': 0.551577793038684, 'R2 - std': 0.01416826033902785} 
 

Finished cross validation
Hyperparam was saved!!! Hurrah!!!
Trial 159 finished with value: 4.655683972980195 and parameters: {'max_depth': 8, 'n_estimators': 14}. Best is trial 61 with value: 4.543890243800494.
{'MSE - mean': 4.554827768686476, 'MSE - std': 0.0, 'R2 - mean': 0.5846147582094259, 'R2 - std': 0.0} 
 

{'MSE - mean': 4.340665931906399, 'MSE - std': 0.21416183678007752, 'R2 - mean': 0.5723718006112453, 'R2 - std': 0.012242957598180615} 
 

{'MSE - mean': 4.437324902321883, 'MSE - std': 0.22195219007459094, 'R2 - mean': 0.5630314651553521, 'R2 - std': 0.016565337506103773} 
 

{'MSE - mean': 4.395879804219639, 'MSE - std': 0.20518325828218645, 'R2 - mean': 0.5580946711998146, 'R2 - std': 0.016701006218088798} 
 

{'MSE - mean': 4.569876592126422, 'MSE - std': 0.39342046768177724, 'R2 - mean': 0.5593786824495576, 'R2 - std': 0.015156966270173555} 
 

Finished cross validation
Hyperparam was saved!!! Hurrah!!!
Trial 160 finished with value: 4.569876592126422 and parameters: {'max_depth': 9, 'n_estimators': 100}. Best is trial 61 with value: 4.543890243800494.
{'MSE - mean': 4.518107072529962, 'MSE - std': 0.0, 'R2 - mean': 0.5879635643611216, 'R2 - std': 0.0} 
 

{'MSE - mean': 4.358680615628235, 'MSE - std': 0.15942645690172697, 'R2 - mean': 0.5701687502896177, 'R2 - std': 0.01779481407150396} 
 

{'MSE - mean': 4.459469059528865, 'MSE - std': 0.19303147659033837, 'R2 - mean': 0.560565556364635, 'R2 - std': 0.01988834513849534} 
 

{'MSE - mean': 4.393244591805899, 'MSE - std': 0.20273851038111987, 'R2 - mean': 0.5583027462678525, 'R2 - std': 0.01766410577592977} 
 

{'MSE - mean': 4.575731249438616, 'MSE - std': 0.40753876346807355, 'R2 - mean': 0.5588866191997356, 'R2 - std': 0.01584235262493963} 
 

Finished cross validation
Hyperparam was saved!!! Hurrah!!!
Trial 161 finished with value: 4.575731249438616 and parameters: {'max_depth': 9, 'n_estimators': 89}. Best is trial 61 with value: 4.543890243800494.
{'MSE - mean': 4.596395253171567, 'MSE - std': 0.0, 'R2 - mean': 0.5808239409776155, 'R2 - std': 0.0} 
 

{'MSE - mean': 4.41695044293769, 'MSE - std': 0.17944481023387615, 'R2 - mean': 0.5645602007550105, 'R2 - std': 0.016263740222605017} 
 

{'MSE - mean': 4.476546886850676, 'MSE - std': 0.16902790361573058, 'R2 - mean': 0.558968537363407, 'R2 - std': 0.015455513460323785} 
 

{'MSE - mean': 4.411563244752232, 'MSE - std': 0.18465222817957724, 'R2 - mean': 0.5565158198154003, 'R2 - std': 0.014042868024466592} 
 

{'MSE - mean': 4.601606944118304, 'MSE - std': 0.4144195784133679, 'R2 - mean': 0.5565291237018967, 'R2 - std': 0.012560351183611573} 
 

Finished cross validation
Hyperparam was saved!!! Hurrah!!!
Trial 162 finished with value: 4.601606944118304 and parameters: {'max_depth': 10, 'n_estimators': 84}. Best is trial 61 with value: 4.543890243800494.
{'MSE - mean': 4.616462310085203, 'MSE - std': 0.0, 'R2 - mean': 0.5789938916955326, 'R2 - std': 0.0} 
 

{'MSE - mean': 4.409268992262875, 'MSE - std': 0.20719331782232775, 'R2 - mean': 0.5655335320169316, 'R2 - std': 0.013460359678601042} 
 

{'MSE - mean': 4.506704075380809, 'MSE - std': 0.21818930193270292, 'R2 - mean': 0.5561461004472027, 'R2 - std': 0.017234711043053623} 
 

{'MSE - mean': 4.433567781076667, 'MSE - std': 0.22748995855210033, 'R2 - mean': 0.5544645723645016, 'R2 - std': 0.015207204168811035} 
 

{'MSE - mean': 4.6013816803251855, 'MSE - std': 0.3924886802413489, 'R2 - mean': 0.5563625695629428, 'R2 - std': 0.01412150205773755} 
 

Finished cross validation
Hyperparam was saved!!! Hurrah!!!
Trial 163 finished with value: 4.6013816803251855 and parameters: {'max_depth': 9, 'n_estimators': 94}. Best is trial 61 with value: 4.543890243800494.
{'MSE - mean': 4.491557492514378, 'MSE - std': 0.0, 'R2 - mean': 0.5903847983296218, 'R2 - std': 0.0} 
 

{'MSE - mean': 4.319762327459724, 'MSE - std': 0.17179516505465342, 'R2 - mean': 0.5741128760612382, 'R2 - std': 0.016271922268383587} 
 

{'MSE - mean': 4.434955087072878, 'MSE - std': 0.21497549370108374, 'R2 - mean': 0.5630541106018773, 'R2 - std': 0.02052095408379411} 
 

{'MSE - mean': 4.396648226126809, 'MSE - std': 0.19764385635694076, 'R2 - mean': 0.5578394588352917, 'R2 - std': 0.019935143503926667} 
 

{'MSE - mean': 4.58434244333039, 'MSE - std': 0.4149300565772197, 'R2 - mean': 0.5580290298206654, 'R2 - std': 0.017834564919047} 
 

Finished cross validation
Hyperparam was saved!!! Hurrah!!!
Trial 164 finished with value: 4.58434244333039 and parameters: {'max_depth': 8, 'n_estimators': 81}. Best is trial 61 with value: 4.543890243800494.
{'MSE - mean': 4.953903409545592, 'MSE - std': 0.0, 'R2 - mean': 0.5482203784459081, 'R2 - std': 0.0} 
 

{'MSE - mean': 4.9279803313617965, 'MSE - std': 0.025923078183795134, 'R2 - mean': 0.5128389598888659, 'R2 - std': 0.03538141855704219} 
 

{'MSE - mean': 5.002896756486692, 'MSE - std': 0.10804140639281243, 'R2 - mean': 0.5062186861998244, 'R2 - std': 0.030368062722340997} 
 

{'MSE - mean': 4.962647580407122, 'MSE - std': 0.11668203652128839, 'R2 - mean': 0.500239410846033, 'R2 - std': 0.02826516630767275} 
 

{'MSE - mean': 5.123968350899222, 'MSE - std': 0.33910075506560544, 'R2 - mean': 0.5047684735079343, 'R2 - std': 0.02685489406983459} 
 

Finished cross validation
Hyperparam was saved!!! Hurrah!!!
Trial 165 finished with value: 5.123968350899222 and parameters: {'max_depth': 9, 'n_estimators': 5}. Best is trial 61 with value: 4.543890243800494.
{'MSE - mean': 4.5175346950514506, 'MSE - std': 0.0, 'R2 - mean': 0.5880157632958303, 'R2 - std': 0.0} 
 

{'MSE - mean': 4.318531958952441, 'MSE - std': 0.19900273609900987, 'R2 - mean': 0.5744440518630136, 'R2 - std': 0.013571711432816658} 
 

{'MSE - mean': 4.4307279083969116, 'MSE - std': 0.22710626321927005, 'R2 - mean': 0.5636101322261519, 'R2 - std': 0.018908777420545288} 
 

{'MSE - mean': 4.388365421193642, 'MSE - std': 0.20992065658530748, 'R2 - mean': 0.5588030976980972, 'R2 - std': 0.01837060533887003} 
 

{'MSE - mean': 4.556206673114639, 'MSE - std': 0.3846246079420766, 'R2 - mean': 0.5605787719566075, 'R2 - std': 0.016810573717234066} 
 

Finished cross validation
Hyperparam was saved!!! Hurrah!!!
Trial 166 finished with value: 4.556206673114639 and parameters: {'max_depth': 10, 'n_estimators': 89}. Best is trial 61 with value: 4.543890243800494.
{'MSE - mean': 5.128664068568401, 'MSE - std': 0.0, 'R2 - mean': 0.5322827838122027, 'R2 - std': 0.0} 
 

{'MSE - mean': 4.775136303952971, 'MSE - std': 0.3535277646154298, 'R2 - mean': 0.5304772535572724, 'R2 - std': 0.0018055302549304098} 
 

{'MSE - mean': 4.923467477835982, 'MSE - std': 0.35682702792858345, 'R2 - mean': 0.5157668508197985, 'R2 - std': 0.020855819101592277} 
 

{'MSE - mean': 4.844503089270769, 'MSE - std': 0.3379353042812983, 'R2 - mean': 0.513663139226775, 'R2 - std': 0.018425544773455666} 
 

{'MSE - mean': 5.065929891874967, 'MSE - std': 0.5361711774702445, 'R2 - mean': 0.5124908087326965, 'R2 - std': 0.016646260700478078} 
 

Finished cross validation
Hyperparam was saved!!! Hurrah!!!
Trial 167 finished with value: 5.065929891874967 and parameters: {'max_depth': 4, 'n_estimators': 100}. Best is trial 61 with value: 4.543890243800494.
{'MSE - mean': 4.584821306181905, 'MSE - std': 0.0, 'R2 - mean': 0.5818794466987809, 'R2 - std': 0.0} 
 

{'MSE - mean': 4.3958333964010805, 'MSE - std': 0.18898790978082447, 'R2 - mean': 0.5667220867244264, 'R2 - std': 0.015157359974354523} 
 

{'MSE - mean': 4.4799192737956846, 'MSE - std': 0.19481227609331378, 'R2 - mean': 0.558692696347414, 'R2 - std': 0.016796009265527684} 
 

{'MSE - mean': 4.427251863257247, 'MSE - std': 0.19179529604754703, 'R2 - mean': 0.5549019369817251, 'R2 - std': 0.01595897913844886} 
 

{'MSE - mean': 4.592904316488642, 'MSE - std': 0.37308348866586255, 'R2 - mean': 0.556995677044111, 'R2 - std': 0.014875691644710747} 
 

Finished cross validation
Hyperparam was saved!!! Hurrah!!!
Trial 168 finished with value: 4.592904316488642 and parameters: {'max_depth': 11, 'n_estimators': 89}. Best is trial 61 with value: 4.543890243800494.
{'MSE - mean': 4.531308229274824, 'MSE - std': 0.0, 'R2 - mean': 0.5867596624871412, 'R2 - std': 0.0} 
 

{'MSE - mean': 4.3784850145926555, 'MSE - std': 0.15282321468216864, 'R2 - mean': 0.5681593174486822, 'R2 - std': 0.018600345038458976} 
 

{'MSE - mean': 4.47563551939876, 'MSE - std': 0.1855974078447491, 'R2 - mean': 0.5589343272634425, 'R2 - std': 0.02002122485935077} 
 

{'MSE - mean': 4.414986901050959, 'MSE - std': 0.19201448661887266, 'R2 - mean': 0.5560510202648935, 'R2 - std': 0.018043765166814815} 
 

{'MSE - mean': 4.5942556165676685, 'MSE - std': 0.39754841203210844, 'R2 - mean': 0.5569917447716292, 'R2 - std': 0.016248132800614965} 
 

Finished cross validation
Hyperparam was saved!!! Hurrah!!!
Trial 169 finished with value: 4.5942556165676685 and parameters: {'max_depth': 10, 'n_estimators': 93}. Best is trial 61 with value: 4.543890243800494.
{'MSE - mean': 4.50067800674817, 'MSE - std': 0.0, 'R2 - mean': 0.5895530375688082, 'R2 - std': 0.0} 
 

{'MSE - mean': 4.341270220501297, 'MSE - std': 0.1594077862468728, 'R2 - mean': 0.5718904359269745, 'R2 - std': 0.017662601641833697} 
 

{'MSE - mean': 4.430417113554662, 'MSE - std': 0.18120402486209347, 'R2 - mean': 0.5634299135608783, 'R2 - std': 0.018738708829225573} 
 

{'MSE - mean': 4.405420470733846, 'MSE - std': 0.16279026514690922, 'R2 - mean': 0.556819476374555, 'R2 - std': 0.019860716145770122} 
 

{'MSE - mean': 4.58647239874025, 'MSE - std': 0.390281614838088, 'R2 - mean': 0.5576172667029249, 'R2 - std': 0.017835479087774598} 
 

Finished cross validation
Hyperparam was saved!!! Hurrah!!!
