Trial 198 finished with value: 45054040.37104888 and parameters: {'max_depth': 11, 'n_estimators': 19}. Best is trial 134 with value: 13370087.96712083.
{'MSE - mean': 177318.32487051684, 'MSE - std': 0.0, 'R2 - mean': 0.9913548636419981, 'R2 - std': 0.0} 
 

{'MSE - mean': 12535628.7301761, 'MSE - std': 12358310.405305583, 'R2 - mean': 0.9757417033845917, 'R2 - std': 0.015613160257406444} 
 

{'MSE - mean': 9514085.31920421, 'MSE - std': 10958011.067313485, 'R2 - mean': 0.938077422631615, 'R2 - std': 0.05476960779569021} 
 

{'MSE - mean': 56227735.864794694, 'MSE - std': 81465047.39334631, 'R2 - mean': 0.8746950282709722, 'R2 - std': 0.11958999204880985} 
 

{'MSE - mean': 54265194.434683956, 'MSE - std': 72970195.51090524, 'R2 - mean': 0.7582935892639486, 'R2 - std': 0.2562002985365374} 
 

Finished cross validation
Hyperparam was saved!!! Hurrah!!!
Trial 199 finished with value: 54265194.434683956 and parameters: {'max_depth': 10, 'n_estimators': 5}. Best is trial 134 with value: 13370087.96712083.
Best parameters After Trials: {'max_depth': 12, 'n_estimators': 5}
Saved Losses
{'MSE - mean': 174776.48827596635, 'MSE - std': 0.0, 'R2 - mean': 0.9914787906189515, 'R2 - std': 0.0} 
 

Saved Losses
{'MSE - mean': 8453553.026303545, 'MSE - std': 8278776.538027578, 'R2 - mean': 0.9823397008502115, 'R2 - std': 0.009139089768740005} 
 

Saved Losses
{'MSE - mean': 6744690.037327898, 'MSE - std': 7178615.424154728, 'R2 - mean': 0.9443745701973297, 'R2 - std': 0.054206865483209944} 
 

Saved Losses
{'MSE - mean': 11219542.27105166, 'MSE - std': 9935909.47507684, 'R2 - mean': 0.9483836850897862, 'R2 - std': 0.047455317992811545} 
 

Saved Losses
{'MSE - mean': 18073379.855905373, 'MSE - std': 16336407.07853936, 'R2 - mean': 0.8200676615774105, 'R2 - std': 0.26011846017680745} 
 

Saving model.....
Results After CV: {'MSE - mean': 18073379.855905373, 'MSE - std': 16336407.07853936, 'R2 - mean': 0.8200676615774105, 'R2 - std': 0.26011846017680745}
Train time: 0.23015565659998174
Inference time: 0.010064095000007
Finished cross validation


----------------------------------------------------------------------------
Training RandomForest Vesion 1 with Dataset: config/abalone.yml 



----------------------------------------------------------------------------
Namespace(batch_size=128, cat_dims=None, cat_idx=None, config='config/abalone.yml', data_parallel=False, dataset='Abalone', direction='minimize', dropna_idx=None, early_stopping_rounds=20, epochs=100, gpu_ids=[0, 1], logging_period=100, miss_cat_idx=None, miss_num_idx=None, model_name='RandomForest', n_trials=200, nominal_idx=[0], num_classes=1, num_features=8, num_idx=None, num_splits=5, objective='regression', one_hot_encode=True, optimize_hyperparameters=True, ordinal_encode=False, ordinal_idx=None, scale=True, seed=221, shuffle=True, target_encode=False, use_gpu=True, val_batch_size=256)
Start hyperparameter optimization
Loading dataset Abalone...
Dataset loaded! 

(4177, 8)
Scaling the data...
One Hot Encoding...
New Shape: (4177, 10)
A new study created in RDB with name: RandomForest_Abalone
{'MSE - mean': 4.543535758285652, 'MSE - std': 0.0, 'R2 - mean': 0.5856445522453045, 'R2 - std': 0.0} 
 

{'MSE - mean': 4.412158711002807, 'MSE - std': 0.13137704728284572, 'R2 - mean': 0.5646639682885588, 'R2 - std': 0.02098058395674579} 
 

{'MSE - mean': 4.532150541384286, 'MSE - std': 0.20075531811578112, 'R2 - mean': 0.553252055318795, 'R2 - std': 0.023535507586827868} 
 

{'MSE - mean': 4.479804294931261, 'MSE - std': 0.19608011593985994, 'R2 - mean': 0.5493909687616882, 'R2 - std': 0.02145143482920509} 
 

{'MSE - mean': 4.651481152629391, 'MSE - std': 0.3855511682902893, 'R2 - mean': 0.551219472208258, 'R2 - std': 0.019532151555877713} 
 

Finished cross validation
Hyperparam was saved!!! Hurrah!!!
Trial 0 finished with value: 4.651481152629391 and parameters: {'max_depth': 11, 'n_estimators': 56}. Best is trial 0 with value: 4.651481152629391.
{'MSE - mean': 4.545043268985497, 'MSE - std': 0.0, 'R2 - mean': 0.5855070722508113, 'R2 - std': 0.0} 
 

{'MSE - mean': 4.340910447639128, 'MSE - std': 0.20413282134636912, 'R2 - mean': 0.5722703960717956, 'R2 - std': 0.013236676179015694} 
 

{'MSE - mean': 4.473108958205177, 'MSE - std': 0.2504656294963107, 'R2 - mean': 0.5594587978016754, 'R2 - std': 0.02109693100860826} 
 

{'MSE - mean': 4.43094373756107, 'MSE - std': 0.22887440041458587, 'R2 - mean': 0.5545356541909031, 'R2 - std': 0.020162400713291742} 
 

{'MSE - mean': 4.614356023318914, 'MSE - std': 0.420079824794975, 'R2 - mean': 0.5551728548885547, 'R2 - std': 0.01807877266119105} 
 

Finished cross validation
Hyperparam was saved!!! Hurrah!!!
Trial 1 finished with value: 4.614356023318914 and parameters: {'max_depth': 7, 'n_estimators': 78}. Best is trial 1 with value: 4.614356023318914.
{'MSE - mean': 5.123791543444722, 'MSE - std': 0.0, 'R2 - mean': 0.5327271420029875, 'R2 - std': 0.0} 
 

{'MSE - mean': 4.757608718700387, 'MSE - std': 0.3661828247443353, 'R2 - mean': 0.5323081157944751, 'R2 - std': 0.00041902620851241856} 
 

{'MSE - mean': 4.904449982023817, 'MSE - std': 0.3640301553269125, 'R2 - mean': 0.5177089280599976, 'R2 - std': 0.020649203866541347} 
 

{'MSE - mean': 4.837423266409153, 'MSE - std': 0.3359556627127596, 'R2 - mean': 0.5143516551760987, 'R2 - std': 0.018804415941272374} 
 

{'MSE - mean': 5.08101567916558, 'MSE - std': 0.5724002271636557, 'R2 - mean': 0.5113256323400567, 'R2 - std': 0.017874901508285163} 
 

Finished cross validation
Hyperparam was saved!!! Hurrah!!!
Trial 2 finished with value: 5.08101567916558 and parameters: {'max_depth': 4, 'n_estimators': 27}. Best is trial 1 with value: 4.614356023318914.
{'MSE - mean': 6.61982610052383, 'MSE - std': 0.0, 'R2 - mean': 0.39629373380881383, 'R2 - std': 0.0} 
 

{'MSE - mean': 6.084744280637588, 'MSE - std': 0.535081819886241, 'R2 - mean': 0.4023593926618871, 'R2 - std': 0.0060656588530732525} 
 

{'MSE - mean': 6.185290294637826, 'MSE - std': 0.4594497119865455, 'R2 - mean': 0.39210236956267086, 'R2 - std': 0.015327791445506892} 
 

{'MSE - mean': 6.060320827564228, 'MSE - std': 0.45295985637291025, 'R2 - mean': 0.39210498039537145, 'R2 - std': 0.013274257545981917} 
 

{'MSE - mean': 6.353843994450536, 'MSE - std': 0.7132751945666999, 'R2 - mean': 0.38917238627549305, 'R2 - std': 0.01324255125742121} 
 

Finished cross validation
Hyperparam was saved!!! Hurrah!!!
Trial 3 finished with value: 6.353843994450536 and parameters: {'max_depth': 2, 'n_estimators': 30}. Best is trial 1 with value: 4.614356023318914.
{'MSE - mean': 4.662715336098216, 'MSE - std': 0.0, 'R2 - mean': 0.5747757685590124, 'R2 - std': 0.0} 
 

{'MSE - mean': 4.419038859917119, 'MSE - std': 0.24367647618109745, 'R2 - mean': 0.5648482429469233, 'R2 - std': 0.00992752561208915} 
 

{'MSE - mean': 4.541943195069958, 'MSE - std': 0.26419014849425043, 'R2 - mean': 0.5528626525387234, 'R2 - std': 0.01878862948839152} 
 

{'MSE - mean': 4.513709469552022, 'MSE - std': 0.23396315028424264, 'R2 - mean': 0.5462590348017, 'R2 - std': 0.019889262183128677} 
 

{'MSE - mean': 4.697201163259931, 'MSE - std': 0.4224545078371517, 'R2 - mean': 0.5471760523728249, 'R2 - std': 0.017883788330619252} 
 

Finished cross validation
Hyperparam was saved!!! Hurrah!!!
Trial 4 finished with value: 4.697201163259931 and parameters: {'max_depth': 8, 'n_estimators': 10}. Best is trial 1 with value: 4.614356023318914.
{'MSE - mean': 4.702849828912276, 'MSE - std': 0.0, 'R2 - mean': 0.5711156354325038, 'R2 - std': 0.0} 
 

{'MSE - mean': 4.475856570684369, 'MSE - std': 0.2269932582279064, 'R2 - mean': 0.5591007031653508, 'R2 - std': 0.012014932267152945} 
 

{'MSE - mean': 4.511551423823468, 'MSE - std': 0.1920907891298389, 'R2 - mean': 0.5557486622718147, 'R2 - std': 0.010895477099545709} 
 

{'MSE - mean': 4.437470679898508, 'MSE - std': 0.21009051219133984, 'R2 - mean': 0.5541379045266055, 'R2 - std': 0.009839572524317212} 
 

{'MSE - mean': 4.598624585517395, 'MSE - std': 0.37308543771519537, 'R2 - mean': 0.5565874609669219, 'R2 - std': 0.010072490108519388} 
 

Finished cross validation
Hyperparam was saved!!! Hurrah!!!
Trial 5 finished with value: 4.598624585517395 and parameters: {'max_depth': 10, 'n_estimators': 43}. Best is trial 5 with value: 4.598624585517395.
{'MSE - mean': 5.271388341175007, 'MSE - std': 0.0, 'R2 - mean': 0.5192668017604433, 'R2 - std': 0.0} 
 

{'MSE - mean': 4.9367708867678015, 'MSE - std': 0.33461745440720625, 'R2 - mean': 0.5143465299287606, 'R2 - std': 0.004920271831682699} 
 

{'MSE - mean': 5.052959913810937, 'MSE - std': 0.3188191868020177, 'R2 - mean': 0.5028742363986723, 'R2 - std': 0.016714258013627463} 
 

{'MSE - mean': 4.9651406975832995, 'MSE - std': 0.31523150163226704, 'R2 - mean': 0.5014790918142166, 'R2 - std': 0.014675288785716983} 
 

{'MSE - mean': 5.200664530276515, 'MSE - std': 0.5489832627349165, 'R2 - mean': 0.49958241241578183, 'R2 - std': 0.013663120131109867} 
 

Finished cross validation
Hyperparam was saved!!! Hurrah!!!
Trial 6 finished with value: 5.200664530276515 and parameters: {'max_depth': 4, 'n_estimators': 6}. Best is trial 5 with value: 4.598624585517395.
{'MSE - mean': 5.039698101728292, 'MSE - std': 0.0, 'R2 - mean': 0.5403961860139436, 'R2 - std': 0.0} 
 

{'MSE - mean': 4.681237579893478, 'MSE - std': 0.3584605218348136, 'R2 - mean': 0.5398015028072185, 'R2 - std': 0.0005946832067250662} 
 

{'MSE - mean': 4.792181993178189, 'MSE - std': 0.33208426062407004, 'R2 - mean': 0.5287416626386449, 'R2 - std': 0.01564851093617858} 
 

{'MSE - mean': 4.7219586118147285, 'MSE - std': 0.3122562040793275, 'R2 - mean': 0.5259689328483353, 'R2 - std': 0.014377795810206227} 
 

{'MSE - mean': 4.931219185466626, 'MSE - std': 0.5031531579244131, 'R2 - mean': 0.5253684648666006, 'R2 - std': 0.0129158451940375} 
 

Finished cross validation
Hyperparam was saved!!! Hurrah!!!
Trial 7 finished with value: 4.931219185466626 and parameters: {'max_depth': 5, 'n_estimators': 10}. Best is trial 5 with value: 4.598624585517395.
{'MSE - mean': 6.643572182348684, 'MSE - std': 0.0, 'R2 - mean': 0.39412816961158825, 'R2 - std': 0.0} 
 

{'MSE - mean': 6.078120945779132, 'MSE - std': 0.5654512365695532, 'R2 - mean': 0.4032482606629346, 'R2 - std': 0.009120091051346368} 
 

{'MSE - mean': 6.158052290387154, 'MSE - std': 0.4753259656913183, 'R2 - mean': 0.39494064726369, 'R2 - std': 0.013909837812588512} 
 

{'MSE - mean': 6.061860187568788, 'MSE - std': 0.4440831478216046, 'R2 - mean': 0.39188487357005475, 'R2 - std': 0.013157733451454608} 
 

{'MSE - mean': 6.368842778157734, 'MSE - std': 0.7312462768740207, 'R2 - mean': 0.38785774979806437, 'R2 - std': 0.014260843704470704} 
 

Finished cross validation
Hyperparam was saved!!! Hurrah!!!
Trial 8 finished with value: 6.368842778157734 and parameters: {'max_depth': 2, 'n_estimators': 5}. Best is trial 5 with value: 4.598624585517395.
{'MSE - mean': 6.564094179480967, 'MSE - std': 0.0, 'R2 - mean': 0.4013763008505351, 'R2 - std': 0.0} 
 

{'MSE - mean': 6.027397461345078, 'MSE - std': 0.5366967181358882, 'R2 - mean': 0.40804323442518803, 'R2 - std': 0.006666933574652922} 
 

{'MSE - mean': 6.14736107327791, 'MSE - std': 0.4699057861754462, 'R2 - mean': 0.39586188183565535, 'R2 - std': 0.018066618499696836} 
 

{'MSE - mean': 6.042781822449436, 'MSE - std': 0.445442527182136, 'R2 - mean': 0.39375833522051484, 'R2 - std': 0.01606476744607273} 
 

{'MSE - mean': 6.337316931668154, 'MSE - std': 0.7111532593385574, 'R2 - mean': 0.3907014768629738, 'R2 - std': 0.015615342921287153} 
 

Finished cross validation
Hyperparam was saved!!! Hurrah!!!
Trial 9 finished with value: 6.337316931668154 and parameters: {'max_depth': 2, 'n_estimators': 16}. Best is trial 5 with value: 4.598624585517395.
{'MSE - mean': 4.636259687518319, 'MSE - std': 0.0, 'R2 - mean': 0.5771884362909596, 'R2 - std': 0.0} 
 

{'MSE - mean': 4.453626748957985, 'MSE - std': 0.1826329385603338, 'R2 - mean': 0.5609575860768832, 'R2 - std': 0.016230850214076387} 
 

{'MSE - mean': 4.566490478369857, 'MSE - std': 0.21843298666860714, 'R2 - mean': 0.550122396081399, 'R2 - std': 0.020259064232856446} 
 

{'MSE - mean': 4.524417484387874, 'MSE - std': 0.20271935703466967, 'R2 - mean': 0.5450273920762252, 'R2 - std': 0.019639232676748417} 
 

{'MSE - mean': 4.679338493308075, 'MSE - std': 0.35899608102687025, 'R2 - mean': 0.5483764149322876, 'R2 - std': 0.018799558092329794} 
 

Finished cross validation
Hyperparam was saved!!! Hurrah!!!
Trial 10 finished with value: 4.679338493308075 and parameters: {'max_depth': 12, 'n_estimators': 47}. Best is trial 5 with value: 4.598624585517395.
{'MSE - mean': 4.520735112276312, 'MSE - std': 0.0, 'R2 - mean': 0.5877238958201996, 'R2 - std': 0.0} 
 

{'MSE - mean': 4.328468492282283, 'MSE - std': 0.19226661999402905, 'R2 - mean': 0.5734094945557227, 'R2 - std': 0.014314401264476917} 
 

{'MSE - mean': 4.458939539500883, 'MSE - std': 0.24225955179088834, 'R2 - mean': 0.5607962676445561, 'R2 - std': 0.021325767870476683} 
 

{'MSE - mean': 4.409868840491667, 'MSE - std': 0.22636490083314792, 'R2 - mean': 0.5566558441935386, 'R2 - std': 0.01981213265931507} 
 

{'MSE - mean': 4.599418549223724, 'MSE - std': 0.4297781090109077, 'R2 - mean': 0.5567100214139066, 'R2 - std': 0.01772084143298693} 
 

Finished cross validation
Hyperparam was saved!!! Hurrah!!!
Trial 11 finished with value: 4.599418549223724 and parameters: {'max_depth': 7, 'n_estimators': 93}. Best is trial 5 with value: 4.598624585517395.
{'MSE - mean': 4.531337680093184, 'MSE - std': 0.0, 'R2 - mean': 0.5867569766698224, 'R2 - std': 0.0} 
 

{'MSE - mean': 4.34748481511408, 'MSE - std': 0.18385286497910425, 'R2 - mean': 0.5714640589591206, 'R2 - std': 0.015292917710701848} 
 

{'MSE - mean': 4.470538071863885, 'MSE - std': 0.22982339299445395, 'R2 - mean': 0.5596054843636492, 'R2 - std': 0.020908542216286886} 
 

{'MSE - mean': 4.405489488669801, 'MSE - std': 0.22870952866526054, 'R2 - mean': 0.5571610899888663, 'R2 - std': 0.018595713075494017} 
 

{'MSE - mean': 4.596384048631343, 'MSE - std': 0.43313897411047175, 'R2 - mean': 0.5570754334803805, 'R2 - std': 0.01663339363986385} 
 

Finished cross validation
Hyperparam was saved!!! Hurrah!!!
Trial 12 finished with value: 4.596384048631343 and parameters: {'max_depth': 7, 'n_estimators': 88}. Best is trial 12 with value: 4.596384048631343.
{'MSE - mean': 4.582716982339529, 'MSE - std': 0.0, 'R2 - mean': 0.5820713540797977, 'R2 - std': 0.0} 
 

{'MSE - mean': 4.397801539013542, 'MSE - std': 0.18491544332598764, 'R2 - mean': 0.5664960863300623, 'R2 - std': 0.015575267749735389} 
 

{'MSE - mean': 4.474749481209947, 'MSE - std': 0.18611229335221322, 'R2 - mean': 0.559179838694961, 'R2 - std': 0.01639453981971488} 
 

{'MSE - mean': 4.403487255292328, 'MSE - std': 0.20301047714543238, 'R2 - mean': 0.5573936500692924, 'R2 - std': 0.014531246035511388} 
 

{'MSE - mean': 4.574977615124876, 'MSE - std': 0.38808037457032024, 'R2 - mean': 0.5588993195958235, 'R2 - std': 0.013341433654901891} 
 

Finished cross validation
Hyperparam was saved!!! Hurrah!!!
Trial 13 finished with value: 4.574977615124876 and parameters: {'max_depth': 9, 'n_estimators': 46}. Best is trial 13 with value: 4.574977615124876.
{'MSE - mean': 4.838712186631125, 'MSE - std': 0.0, 'R2 - mean': 0.5587254373443868, 'R2 - std': 0.0} 
 

{'MSE - mean': 4.54637273922709, 'MSE - std': 0.2923394474040344, 'R2 - mean': 0.5526300531036322, 'R2 - std': 0.00609538424075462} 
 

{'MSE - mean': 4.680696968233675, 'MSE - std': 0.30505884460011545, 'R2 - mean': 0.5394169942214878, 'R2 - std': 0.019337502150165598} 
 

{'MSE - mean': 4.6218257390013155, 'MSE - std': 0.2831839312100088, 'R2 - mean': 0.5357416625447425, 'R2 - std': 0.01791587092100202} 
 

{'MSE - mean': 4.829198914172215, 'MSE - std': 0.4859722690013155, 'R2 - mean': 0.5349989272902477, 'R2 - std': 0.016093146594730413} 
 

Finished cross validation
Hyperparam was saved!!! Hurrah!!!
Trial 14 finished with value: 4.829198914172215 and parameters: {'max_depth': 5, 'n_estimators': 65}. Best is trial 13 with value: 4.574977615124876.
{'MSE - mean': 5.852052778839286, 'MSE - std': 0.0, 'R2 - mean': 0.4663121237599793, 'R2 - std': 0.0} 
 

{'MSE - mean': 5.361628809690962, 'MSE - std': 0.4904239691483241, 'R2 - mean': 0.47352921313161134, 'R2 - std': 0.007217089371632013} 
 

{'MSE - mean': 5.4741387998027, 'MSE - std': 0.4308837145062275, 'R2 - mean': 0.46208954945060504, 'R2 - std': 0.017217899492518892} 
 

{'MSE - mean': 5.400568013391268, 'MSE - std': 0.3943140416084652, 'R2 - mean': 0.4581089620885367, 'R2 - std': 0.01642794188089421} 
 

{'MSE - mean': 5.658618921415899, 'MSE - std': 0.6250983404689436, 'R2 - mean': 0.4558213862362659, 'R2 - std': 0.015389406508153609} 
 

Finished cross validation
Hyperparam was saved!!! Hurrah!!!
Trial 15 finished with value: 5.658618921415899 and parameters: {'max_depth': 3, 'n_estimators': 36}. Best is trial 13 with value: 4.574977615124876.
{'MSE - mean': 4.693094254865493, 'MSE - std': 0.0, 'R2 - mean': 0.5720053115498068, 'R2 - std': 0.0} 
 

{'MSE - mean': 4.516943327623611, 'MSE - std': 0.17615092724188086, 'R2 - mean': 0.5546458787816216, 'R2 - std': 0.01735943276818519} 
 

{'MSE - mean': 4.5848871020877455, 'MSE - std': 0.1729705536278237, 'R2 - mean': 0.5482578998905797, 'R2 - std': 0.016808107745377564} 
 

{'MSE - mean': 4.539272193776753, 'MSE - std': 0.1693554513365239, 'R2 - mean': 0.5435159791236843, 'R2 - std': 0.016713521536878658} 
 

{'MSE - mean': 4.731199379775889, 'MSE - std': 0.41266111280335865, 'R2 - mean': 0.5438611894276797, 'R2 - std': 0.014964963158888959} 
 

Finished cross validation
Hyperparam was saved!!! Hurrah!!!
Trial 16 finished with value: 4.731199379775889 and parameters: {'max_depth': 8, 'n_estimators': 18}. Best is trial 13 with value: 4.574977615124876.
{'MSE - mean': 4.67108385099895, 'MSE - std': 0.0, 'R2 - mean': 0.5740125876525097, 'R2 - std': 0.0} 
 

{'MSE - mean': 4.423002177295196, 'MSE - std': 0.24808167370375456, 'R2 - mean': 0.5644902039461805, 'R2 - std': 0.009522383706329185} 
 

{'MSE - mean': 4.546065620828385, 'MSE - std': 0.26705598692708044, 'R2 - mean': 0.552478308730858, 'R2 - std': 0.018682124637243152} 
 

{'MSE - mean': 4.48805552082892, 'MSE - std': 0.25216004882027104, 'R2 - mean': 0.5490442890792837, 'R2 - std': 0.01723785974601574} 
 

{'MSE - mean': 4.682140575251859, 'MSE - std': 0.4489362823143767, 'R2 - mean': 0.5489525028966703, 'R2 - std': 0.015419103271978004} 
 

Finished cross validation
Hyperparam was saved!!! Hurrah!!!
Trial 17 finished with value: 4.682140575251859 and parameters: {'max_depth': 6, 'n_estimators': 88}. Best is trial 13 with value: 4.574977615124876.
{'MSE - mean': 4.567596910516082, 'MSE - std': 0.0, 'R2 - mean': 0.5834502546681913, 'R2 - std': 0.0} 
 

{'MSE - mean': 4.386306011866498, 'MSE - std': 0.18129089864958425, 'R2 - mean': 0.5676050464667519, 'R2 - std': 0.015845208201439476} 
 

{'MSE - mean': 4.4692650266205955, 'MSE - std': 0.18887912240387236, 'R2 - mean': 0.5597047120506996, 'R2 - std': 0.017094179800999407} 
 

{'MSE - mean': 4.400296641616182, 'MSE - std': 0.2025497631457354, 'R2 - mean': 0.5576886466177124, 'R2 - std': 0.015210253015381767} 
 

{'MSE - mean': 4.578459413129795, 'MSE - std': 0.39973618531972066, 'R2 - mean': 0.558636283039895, 'R2 - std': 0.013735847137622484} 
 

Finished cross validation
Hyperparam was saved!!! Hurrah!!!
Trial 18 finished with value: 4.578459413129795 and parameters: {'max_depth': 9, 'n_estimators': 61}. Best is trial 13 with value: 4.574977615124876.
{'MSE - mean': 4.737539791352006, 'MSE - std': 0.0, 'R2 - mean': 0.5679520254855379, 'R2 - std': 0.0} 
 

{'MSE - mean': 4.452682928917656, 'MSE - std': 0.28485686243435016, 'R2 - mean': 0.5618380441715541, 'R2 - std': 0.006113981313983774} 
 

{'MSE - mean': 4.5324263095190425, 'MSE - std': 0.25848333579447014, 'R2 - mean': 0.5539993240814772, 'R2 - std': 0.012157778455498326} 
 

{'MSE - mean': 4.464786047310476, 'MSE - std': 0.2526575575309566, 'R2 - mean': 0.5515792929565166, 'R2 - std': 0.011332622585574234} 
 

{'MSE - mean': 4.636951591873594, 'MSE - std': 0.411864749694444, 'R2 - mean': 0.5531781181836728, 'R2 - std': 0.010628623436815171} 
 

Finished cross validation
Hyperparam was saved!!! Hurrah!!!
Trial 19 finished with value: 4.636951591873594 and parameters: {'max_depth': 9, 'n_estimators': 26}. Best is trial 13 with value: 4.574977615124876.
{'MSE - mean': 5.930503261112491, 'MSE - std': 0.0, 'R2 - mean': 0.4591576990039715, 'R2 - std': 0.0} 
 

{'MSE - mean': 5.40206647287903, 'MSE - std': 0.5284367882334609, 'R2 - mean': 0.46982276072906354, 'R2 - std': 0.010665061725092018} 
 

{'MSE - mean': 5.4921552141229455, 'MSE - std': 0.4498839724901189, 'R2 - mean': 0.46049846503536096, 'R2 - std': 0.015802341854945088} 
 

{'MSE - mean': 5.393380788080147, 'MSE - std': 0.4255183347963637, 'R2 - mean': 0.45912885369541956, 'R2 - std': 0.013889312860717769} 
 

{'MSE - mean': 5.6392959901457, 'MSE - std': 0.6218921361667656, 'R2 - mean': 0.45775979483489254, 'R2 - std': 0.012721151600726647} 
 

Finished cross validation
Hyperparam was saved!!! Hurrah!!!
