Trial 123 finished with value: 32214670.512712665 and parameters: {'max_depth': 12, 'n_estimators': 13}. Best is trial 67 with value: 15063640.456010839.
{'MSE - mean': 169413.48181053254, 'MSE - std': 0.0, 'R2 - mean': 0.9917402634374906, 'R2 - std': 0.0} 
 

{'MSE - mean': 49914331.0112216, 'MSE - std': 49744917.52941107, 'R2 - mean': 0.9160603553603426, 'R2 - std': 0.07567990807714803} 
 

{'MSE - mean': 34429181.92569319, 'MSE - std': 46144167.898814924, 'R2 - mean': 0.8984495387324373, 'R2 - std': 0.06662267418564892} 
 

{'MSE - mean': 43251717.27448319, 'MSE - std': 42784045.66246001, 'R2 - mean': 0.8958373860448829, 'R2 - std': 0.05787404912155914} 
 

{'MSE - mean': 43855572.16343198, 'MSE - std': 38286266.64360995, 'R2 - mean': 0.7756464674296928, 'R2 - std': 0.24589215546583165} 
 

Finished cross validation
Hyperparam was saved!!! Hurrah!!!
Trial 124 finished with value: 43855572.16343198 and parameters: {'max_depth': 11, 'n_estimators': 14}. Best is trial 67 with value: 15063640.456010839.
{'MSE - mean': 7052761.303839041, 'MSE - std': 0.0, 'R2 - mean': 0.6561433612873835, 'R2 - std': 0.0} 
 

{'MSE - mean': 58754080.7871588, 'MSE - std': 51701319.48331976, 'R2 - mean': 0.7396160588900261, 'R2 - std': 0.08347269760264264} 
 

{'MSE - mean': 44122749.33675799, 'MSE - std': 47012438.18644, 'R2 - mean': 0.6305435523572914, 'R2 - std': 0.16863792829424537} 
 

{'MSE - mean': 54507118.65074568, 'MSE - std': 44509913.348862514, 'R2 - mean': 0.6885059179864373, 'R2 - std': 0.17722294048037812} 
 

{'MSE - mean': 54682574.021174595, 'MSE - std': 39812423.27975841, 'R2 - mean': 0.5820057144456271, 'R2 - std': 0.2655099808348932} 
 

Finished cross validation
Hyperparam was saved!!! Hurrah!!!
Trial 125 finished with value: 54682574.021174595 and parameters: {'max_depth': 2, 'n_estimators': 12}. Best is trial 67 with value: 15063640.456010839.
{'MSE - mean': 121662.27240766567, 'MSE - std': 0.0, 'R2 - mean': 0.9940683686508054, 'R2 - std': 0.0} 
 

{'MSE - mean': 37796109.152872264, 'MSE - std': 37674446.8804646, 'R2 - mean': 0.9365953561497203, 'R2 - std': 0.05747301250108505} 
 

{'MSE - mean': 26330250.369536113, 'MSE - std': 34773186.03624704, 'R2 - mean': 0.9129350103476254, 'R2 - std': 0.057634382425620606} 
 

{'MSE - mean': 33651850.51964239, 'MSE - std': 32675653.575830635, 'R2 - mean': 0.9123652216351743, 'R2 - std': 0.04992259514205491} 
 

{'MSE - mean': 36167058.077322304, 'MSE - std': 29655754.003548708, 'R2 - mean': 0.7890001052794955, 'R2 - std': 0.2507381505442974} 
 

Finished cross validation
Hyperparam was saved!!! Hurrah!!!
Trial 126 finished with value: 36167058.077322304 and parameters: {'max_depth': 11, 'n_estimators': 16}. Best is trial 67 with value: 15063640.456010839.
{'MSE - mean': 218148.21695668678, 'MSE - std': 0.0, 'R2 - mean': 0.9893642065295694, 'R2 - std': 0.0} 
 

{'MSE - mean': 12258788.417791551, 'MSE - std': 12040640.200834865, 'R2 - mean': 0.975222474659429, 'R2 - std': 0.01414173187014034} 
 

{'MSE - mean': 9319645.933668679, 'MSE - std': 10673727.623527737, 'R2 - mean': 0.9381219151841124, 'R2 - std': 0.05372363303942043} 
 

{'MSE - mean': 36301315.46724877, 'MSE - std': 47639036.708291195, 'R2 - mean': 0.9065044923830532, 'R2 - std': 0.07185858218722761} 
 

{'MSE - mean': 38287517.57968717, 'MSE - std': 42794418.44587856, 'R2 - mean': 0.7842979967139667, 'R2 - std': 0.2527224465733913} 
 

Finished cross validation
Hyperparam was saved!!! Hurrah!!!
Trial 127 finished with value: 38287517.57968717 and parameters: {'max_depth': 9, 'n_estimators': 11}. Best is trial 67 with value: 15063640.456010839.
{'MSE - mean': 109554.41573740155, 'MSE - std': 0.0, 'R2 - mean': 0.9946586859346733, 'R2 - std': 0.0} 
 

{'MSE - mean': 75083904.32404363, 'MSE - std': 74974349.90830624, 'R2 - mean': 0.8771587026465506, 'R2 - std': 0.11749998328812272} 
 

{'MSE - mean': 51187923.99127501, 'MSE - std': 69924753.71123512, 'R2 - mean': 0.8733444423264535, 'R2 - std': 0.0960898600896665} 
 

{'MSE - mean': 52147816.31372599, 'MSE - std': 60579431.87249916, 'R2 - mean': 0.8829089054689181, 'R2 - std': 0.08484917662917804} 
 

{'MSE - mean': 50961159.73086052, 'MSE - std': 54235843.02081462, 'R2 - mean': 0.76547575506555, 'R2 - std': 0.24682318666276043} 
 

Finished cross validation
Hyperparam was saved!!! Hurrah!!!
Trial 128 finished with value: 50961159.73086052 and parameters: {'max_depth': 12, 'n_estimators': 13}. Best is trial 67 with value: 15063640.456010839.
{'MSE - mean': 404572.4781166138, 'MSE - std': 0.0, 'R2 - mean': 0.9802751112014683, 'R2 - std': 0.0} 
 

{'MSE - mean': 30306974.63988378, 'MSE - std': 29902402.161767166, 'R2 - mean': 0.9419202855772765, 'R2 - std': 0.03835482562419179} 
 

{'MSE - mean': 21374585.57728236, 'MSE - std': 27489590.492173597, 'R2 - mean': 0.91501827944791, 'R2 - std': 0.04927640713374288} 
 

{'MSE - mean': 21156396.129791982, 'MSE - std': 23809683.09271544, 'R2 - mean': 0.9280300321150502, 'R2 - std': 0.04826013207006671} 
 

{'MSE - mean': 26229531.460151084, 'MSE - std': 23589565.81840756, 'R2 - mean': 0.8006353464084792, 'R2 - std': 0.2584199219546362} 
 

Finished cross validation
Hyperparam was saved!!! Hurrah!!!
Trial 129 finished with value: 26229531.460151084 and parameters: {'max_depth': 8, 'n_estimators': 10}. Best is trial 67 with value: 15063640.456010839.
{'MSE - mean': 173915.4048629813, 'MSE - std': 0.0, 'R2 - mean': 0.9915207726505678, 'R2 - std': 0.0} 
 

{'MSE - mean': 8477943.155256866, 'MSE - std': 8304027.750393884, 'R2 - mean': 0.9823209377598341, 'R2 - std': 0.009199834890733671} 
 

{'MSE - mean': 6787407.249861131, 'MSE - std': 7189372.333363936, 'R2 - mean': 0.9433158867874877, 'R2 - std': 0.055670572514167446} 
 

{'MSE - mean': 69980837.38339242, 'MSE - std': 109631173.22201431, 'R2 - mean': 0.8532453502739653, 'R2 - std': 0.16328660118498003} 
 

{'MSE - mean': 65265927.82135127, 'MSE - std': 98509475.698235, 'R2 - mean': 0.7411604817773451, 'R2 - std': 0.2675482802876012} 
 

Finished cross validation
Hyperparam was saved!!! Hurrah!!!
Trial 130 finished with value: 65265927.82135127 and parameters: {'max_depth': 11, 'n_estimators': 6}. Best is trial 67 with value: 15063640.456010839.
{'MSE - mean': 141761.17146054388, 'MSE - std': 0.0, 'R2 - mean': 0.993088448932498, 'R2 - std': 0.0} 
 

{'MSE - mean': 19683877.994656116, 'MSE - std': 19542116.823195573, 'R2 - mean': 0.9651310047230537, 'R2 - std': 0.027957444209444293} 
 

{'MSE - mean': 14248098.431074748, 'MSE - std': 17711341.53253163, 'R2 - mean': 0.9322486669770248, 'R2 - std': 0.05180323730975337} 
 

{'MSE - mean': 39433527.96110665, 'MSE - std': 46240526.554074764, 'R2 - mean': 0.9030057854330835, 'R2 - std': 0.06766180539866587} 
 

{'MSE - mean': 40493526.14797321, 'MSE - std': 41413082.73267177, 'R2 - mean': 0.7860670538435333, 'R2 - std': 0.24158055325488648} 
 

Finished cross validation
Hyperparam was saved!!! Hurrah!!!
Trial 131 finished with value: 40493526.14797321 and parameters: {'max_depth': 10, 'n_estimators': 20}. Best is trial 67 with value: 15063640.456010839.
{'MSE - mean': 235789.9221137241, 'MSE - std': 0.0, 'R2 - mean': 0.9885040870423047, 'R2 - std': 0.0} 
 

{'MSE - mean': 52687885.02198949, 'MSE - std': 52452095.09987576, 'R2 - mean': 0.9100531515695263, 'R2 - std': 0.07845093547277843} 
 

{'MSE - mean': 36258649.95909634, 'MSE - std': 48723584.80668818, 'R2 - mean': 0.8952184981899297, 'R2 - std': 0.06740301723826299} 
 

{'MSE - mean': 42760583.44004943, 'MSE - std': 43672831.420496635, 'R2 - mean': 0.8964072582573022, 'R2 - std': 0.05840902756517626} 
 

{'MSE - mean': 43237892.087962106, 'MSE - std': 39073830.85401256, 'R2 - mean': 0.7795276498039494, 'R2 - std': 0.23952591319046007} 
 

Finished cross validation
Hyperparam was saved!!! Hurrah!!!
Trial 132 finished with value: 43237892.087962106 and parameters: {'max_depth': 9, 'n_estimators': 23}. Best is trial 67 with value: 15063640.456010839.
{'MSE - mean': 175392.98210178732, 'MSE - std': 0.0, 'R2 - mean': 0.9914487335270408, 'R2 - std': 0.0} 
 

{'MSE - mean': 24830427.84431619, 'MSE - std': 24655034.8622144, 'R2 - mean': 0.9560950923165026, 'R2 - std': 0.035353641210538134} 
 

{'MSE - mean': 17695599.0099403, 'MSE - std': 22517964.55491381, 'R2 - mean': 0.9255735692395096, 'R2 - std': 0.05192667946031664} 
 

{'MSE - mean': 32812432.947871864, 'MSE - std': 32647359.01559672, 'R2 - mean': 0.9127893954987597, 'R2 - std': 0.05012574512694941} 
 

{'MSE - mean': 35501114.15930657, 'MSE - std': 29691683.4682963, 'R2 - mean': 0.7892542570135627, 'R2 - std': 0.251105145351211} 
 

Finished cross validation
Hyperparam was saved!!! Hurrah!!!
Trial 133 finished with value: 35501114.15930657 and parameters: {'max_depth': 10, 'n_estimators': 18}. Best is trial 67 with value: 15063640.456010839.
{'MSE - mean': 159735.89028149407, 'MSE - std': 0.0, 'R2 - mean': 0.9922120933989268, 'R2 - std': 0.0} 
 

{'MSE - mean': 7298881.383077259, 'MSE - std': 7139145.492795765, 'R2 - mean': 0.9845436908429448, 'R2 - std': 0.007668402555982057} 
 

{'MSE - mean': 6029984.119293003, 'MSE - std': 6099054.525931246, 'R2 - mean': 0.9436660996533658, 'R2 - std': 0.05814772441605173} 
 

{'MSE - mean': 5170146.680719926, 'MSE - std': 5487878.537743664, 'R2 - mean': 0.9567091578548726, 'R2 - std': 0.05519268513868044} 
 

{'MSE - mean': 13370087.96712083, 'MSE - std': 17118691.453429215, 'R2 - mean': 0.8246521323091333, 'R2 - std': 0.26868795651872107} 
 

Finished cross validation
Hyperparam was saved!!! Hurrah!!!
Trial 134 finished with value: 13370087.96712083 and parameters: {'max_depth': 12, 'n_estimators': 5}. Best is trial 134 with value: 13370087.96712083.
{'MSE - mean': 155662.62085462274, 'MSE - std': 0.0, 'R2 - mean': 0.9924106852232286, 'R2 - std': 0.0} 
 

{'MSE - mean': 1086134.782952806, 'MSE - std': 930472.1620981832, 'R2 - mean': 0.9945903901446418, 'R2 - std': 0.0021797049214131725} 
 

{'MSE - mean': 1858186.309217753, 'MSE - std': 1330155.1593864954, 'R2 - mean': 0.9515488520632182, 'R2 - std': 0.060895939190219385} 
 

{'MSE - mean': 24230996.157421462, 'MSE - std': 38767961.592952944, 'R2 - mean': 0.9269750706017448, 'R2 - std': 0.06777055970952978} 
 

{'MSE - mean': 28624404.425435163, 'MSE - std': 35771105.96131946, 'R2 - mean': 0.8007789629227695, 'R2 - std': 0.2595690840296058} 
 

Finished cross validation
Hyperparam was saved!!! Hurrah!!!
Trial 135 finished with value: 28624404.425435163 and parameters: {'max_depth': 12, 'n_estimators': 5}. Best is trial 134 with value: 13370087.96712083.
{'MSE - mean': 202597.60339136713, 'MSE - std': 0.0, 'R2 - mean': 0.9901223750652859, 'R2 - std': 0.0} 
 

{'MSE - mean': 76615824.56360492, 'MSE - std': 76413226.96021356, 'R2 - mean': 0.8725114537417553, 'R2 - std': 0.11761092132353063} 
 

{'MSE - mean': 52221066.32880219, 'MSE - std': 71294197.71845174, 'R2 - mean': 0.8697772190231278, 'R2 - std': 0.09610673557061217} 
 

{'MSE - mean': 40184266.52290707, 'MSE - std': 65167481.307319656, 'R2 - mean': 0.9006968207369741, 'R2 - std': 0.09897193428926368} 
 

{'MSE - mean': 41390132.747692585, 'MSE - std': 58337440.37374455, 'R2 - mean': 0.7797089392406287, 'R2 - std': 0.257659901609586} 
 

Finished cross validation
Hyperparam was saved!!! Hurrah!!!
Trial 136 finished with value: 41390132.747692585 and parameters: {'max_depth': 11, 'n_estimators': 6}. Best is trial 134 with value: 13370087.96712083.
{'MSE - mean': 170582.53587117838, 'MSE - std': 0.0, 'R2 - mean': 0.9916832663292022, 'R2 - std': 0.0} 
 

{'MSE - mean': 99754448.55294125, 'MSE - std': 99583866.01707007, 'R2 - mean': 0.8362062100758234, 'R2 - std': 0.15547705625337876} 
 

{'MSE - mean': 67634949.11509939, 'MSE - std': 93137651.18832926, 'R2 - mean': 0.8460429531002366, 'R2 - std': 0.12770643304391868} 
 

{'MSE - mean': 55837936.9442014, 'MSE - std': 83207421.78519961, 'R2 - mean': 0.8763205965646634, 'R2 - std': 0.12240059992450003} 
 

{'MSE - mean': 53883176.57870092, 'MSE - std': 74525595.49885003, 'R2 - mean': 0.7606634876444137, 'R2 - std': 0.25591364337343175} 
 

Finished cross validation
Hyperparam was saved!!! Hurrah!!!
Trial 137 finished with value: 53883176.57870092 and parameters: {'max_depth': 12, 'n_estimators': 5}. Best is trial 134 with value: 13370087.96712083.
{'MSE - mean': 186937.80694147968, 'MSE - std': 0.0, 'R2 - mean': 0.9908858668011045, 'R2 - std': 0.0} 
 

{'MSE - mean': 32877458.675922383, 'MSE - std': 32690520.868980903, 'R2 - mean': 0.9429343518049615, 'R2 - std': 0.04795151499614286} 
 

{'MSE - mean': 23046478.22476129, 'MSE - std': 30095566.501602978, 'R2 - mean': 0.9173457420600686, 'R2 - std': 0.05331465487371255} 
 

{'MSE - mean': 53901417.77421377, 'MSE - std': 59459139.130081646, 'R2 - mean': 0.8791874413149056, 'R2 - std': 0.08062262130135828} 
 

{'MSE - mean': 52394648.49195844, 'MSE - std': 53267183.10134409, 'R2 - mean': 0.7620321588942416, 'R2 - std': 0.2451559635184588} 
 

Finished cross validation
Hyperparam was saved!!! Hurrah!!!
Trial 138 finished with value: 52394648.49195844 and parameters: {'max_depth': 11, 'n_estimators': 6}. Best is trial 134 with value: 13370087.96712083.
{'MSE - mean': 155201.4781664236, 'MSE - std': 0.0, 'R2 - mean': 0.9924331681866949, 'R2 - std': 0.0} 
 

{'MSE - mean': 63791401.85430074, 'MSE - std': 63636200.37613432, 'R2 - mean': 0.8941691716873421, 'R2 - std': 0.0982639964993528} 
 

{'MSE - mean': 43662412.484346226, 'MSE - std': 59245785.43367026, 'R2 - mean': 0.8845731085095525, 'R2 - std': 0.08137184727558301} 
 

{'MSE - mean': 48771864.926127784, 'MSE - std': 52065985.35996274, 'R2 - mean': 0.8876867336786075, 'R2 - std': 0.07067614259324516} 
 

{'MSE - mean': 47926508.25322391, 'MSE - std': 46599913.91430649, 'R2 - mean': 0.774386126504097, 'R2 - std': 0.2352534889219277} 
 

Finished cross validation
Hyperparam was saved!!! Hurrah!!!
Trial 139 finished with value: 47926508.25322391 and parameters: {'max_depth': 12, 'n_estimators': 15}. Best is trial 134 with value: 13370087.96712083.
{'MSE - mean': 134839.85261168453, 'MSE - std': 0.0, 'R2 - mean': 0.9934258971080844, 'R2 - std': 0.0} 
 

{'MSE - mean': 51373120.3626725, 'MSE - std': 51238280.51006082, 'R2 - mean': 0.9145390101048042, 'R2 - std': 0.07888688700328017} 
 

{'MSE - mean': 35388452.49734401, 'MSE - std': 47552709.07054805, 'R2 - mean': 0.8979594674738882, 'R2 - std': 0.06854577372150371} 
 

{'MSE - mean': 41406830.24091929, 'MSE - std': 42480674.62922669, 'R2 - mean': 0.8995892600772564, 'R2 - std': 0.05942946233224453} 
 

{'MSE - mean': 42401561.967795566, 'MSE - std': 38047918.97590716, 'R2 - mean': 0.778314244269277, 'R2 - std': 0.2483062758598387} 
 

Finished cross validation
Hyperparam was saved!!! Hurrah!!!
Trial 140 finished with value: 42401561.967795566 and parameters: {'max_depth': 12, 'n_estimators': 12}. Best is trial 134 with value: 13370087.96712083.
{'MSE - mean': 154323.99777370927, 'MSE - std': 0.0, 'R2 - mean': 0.9924759496513407, 'R2 - std': 0.0} 
 

{'MSE - mean': 51608679.71929569, 'MSE - std': 51454355.72152198, 'R2 - mean': 0.9137023554044968, 'R2 - std': 0.07877359424684383} 
 

{'MSE - mean': 35549509.509383135, 'MSE - std': 47758012.00643197, 'R2 - mean': 0.8972428389628123, 'R2 - std': 0.06840090737725946} 
 

{'MSE - mean': 50820433.27074529, 'MSE - std': 49094033.45296535, 'R2 - mean': 0.8841235582236571, 'R2 - std': 0.06344572230546852} 
 

{'MSE - mean': 49912281.23157229, 'MSE - std': 43948586.519360565, 'R2 - mean': 0.7662489463784483, 'R2 - std': 0.24248295654277352} 
 

Finished cross validation
Hyperparam was saved!!! Hurrah!!!
Trial 141 finished with value: 49912281.23157229 and parameters: {'max_depth': 10, 'n_estimators': 42}. Best is trial 134 with value: 13370087.96712083.
{'MSE - mean': 219872.8135975822, 'MSE - std': 0.0, 'R2 - mean': 0.9892801240009645, 'R2 - std': 0.0} 
 

{'MSE - mean': 23916983.22977488, 'MSE - std': 23697110.4161773, 'R2 - mean': 0.9565094296604026, 'R2 - std': 0.03277069434056196} 
 

{'MSE - mean': 17105512.003847286, 'MSE - std': 21613906.986959692, 'R2 - mean': 0.9251033915818896, 'R2 - std': 0.05185194365324905} 
 

{'MSE - mean': 33140794.269161668, 'MSE - std': 33492709.1083362, 'R2 - mean': 0.9111983242303683, 'R2 - std': 0.050956066759668774} 
 

{'MSE - mean': 35791852.478383616, 'MSE - std': 30422387.960961144, 'R2 - mean': 0.7875539611958817, 'R2 - std': 0.25145363515469055} 
 

Finished cross validation
Hyperparam was saved!!! Hurrah!!!
Trial 142 finished with value: 35791852.478383616 and parameters: {'max_depth': 9, 'n_estimators': 24}. Best is trial 134 with value: 13370087.96712083.
{'MSE - mean': 174702.90189113474, 'MSE - std': 0.0, 'R2 - mean': 0.9914823783154371, 'R2 - std': 0.0} 
 

{'MSE - mean': 104448029.56999922, 'MSE - std': 104273326.66810808, 'R2 - mean': 0.8285915767883847, 'R2 - std': 0.16289080152705243} 
 

{'MSE - mean': 70741292.45473127, 'MSE - std': 97575130.14871268, 'R2 - mean': 0.8418645622858615, 'R2 - std': 0.13431785598391668} 
 

{'MSE - mean': 76742154.73299433, 'MSE - std': 85139359.65170106, 'R2 - mean': 0.8433482706632947, 'R2 - std': 0.1163510592935661} 
 

{'MSE - mean': 70638943.44968584, 'MSE - std': 77123052.3345399, 'R2 - mean': 0.7337919999885664, 'R2 - std': 0.24257032171229298} 
 

Finished cross validation
Hyperparam was saved!!! Hurrah!!!
Trial 143 finished with value: 70638943.44968584 and parameters: {'max_depth': 10, 'n_estimators': 5}. Best is trial 134 with value: 13370087.96712083.
{'MSE - mean': 292524.2614983506, 'MSE - std': 0.0, 'R2 - mean': 0.9857380102675585, 'R2 - std': 0.0} 
 

{'MSE - mean': 9444899.396754552, 'MSE - std': 9152375.135256201, 'R2 - mean': 0.9779758131519989, 'R2 - std': 0.007762197115559533} 
 

{'MSE - mean': 7481809.813436282, 'MSE - std': 7971914.565224345, 'R2 - mean': 0.9384513135436191, 'R2 - std': 0.056254243762518315} 
 

{'MSE - mean': 21042488.648257926, 'MSE - std': 24481413.312142868, 'R2 - mean': 0.9290494840294741, 'R2 - std': 0.05136718943653394} 
 

{'MSE - mean': 26099137.30573123, 'MSE - std': 24119503.742583077, 'R2 - mean': 0.8020493101085805, 'R2 - std': 0.25812215562449464} 
 

Finished cross validation
Hyperparam was saved!!! Hurrah!!!
Trial 144 finished with value: 26099137.30573123 and parameters: {'max_depth': 8, 'n_estimators': 17}. Best is trial 134 with value: 13370087.96712083.
{'MSE - mean': 133279.26245053363, 'MSE - std': 0.0, 'R2 - mean': 0.9935019835179463, 'R2 - std': 0.0} 
 

{'MSE - mean': 33855481.68907785, 'MSE - std': 33722202.426627316, 'R2 - mean': 0.9426329853012558, 'R2 - std': 0.0508689982166905} 
 

{'MSE - mean': 23696388.305559073, 'MSE - std': 31057027.88556984, 'R2 - mean': 0.9172280778559142, 'R2 - std': 0.05491741039347954} 
 

{'MSE - mean': 29448748.827861615, 'MSE - std': 28682280.079335243, 'R2 - mean': 0.919163670149796, 'R2 - std': 0.047677888227445606} 
 

{'MSE - mean': 32582408.879683197, 'MSE - std': 26408670.04832077, 'R2 - mean': 0.7978244489681112, 'R2 - std': 0.24639677597033272} 
 

Finished cross validation
Hyperparam was saved!!! Hurrah!!!
Trial 145 finished with value: 32582408.879683197 and parameters: {'max_depth': 11, 'n_estimators': 99}. Best is trial 134 with value: 13370087.96712083.
{'MSE - mean': 172365.58080736813, 'MSE - std': 0.0, 'R2 - mean': 0.9915963341600817, 'R2 - std': 0.0} 
 

{'MSE - mean': 55222234.05588494, 'MSE - std': 55049868.47507757, 'R2 - mean': 0.9074893350304117, 'R2 - std': 0.08410699912967001} 
 

{'MSE - mean': 37945700.34747819, 'MSE - std': 51159384.08579267, 'R2 - mean': 0.8936087610360807, 'R2 - std': 0.07142361096927083} 
 

{'MSE - mean': 47559929.846380055, 'MSE - std': 47331407.77117143, 'R2 - mean': 0.8895227447351244, 'R2 - std': 0.062258218257129294} 
 

{'MSE - mean': 46914893.05425514, 'MSE - std': 42354149.96353374, 'R2 - mean': 0.7764959905711062, 'R2 - std': 0.23281120509944422} 
 

Finished cross validation
Hyperparam was saved!!! Hurrah!!!
Trial 146 finished with value: 46914893.05425514 and parameters: {'max_depth': 10, 'n_estimators': 27}. Best is trial 134 with value: 13370087.96712083.
{'MSE - mean': 146459.1150619932, 'MSE - std': 0.0, 'R2 - mean': 0.9928594011842385, 'R2 - std': 0.0} 
 

{'MSE - mean': 35718307.027607925, 'MSE - std': 35571847.91254593, 'R2 - mean': 0.9393386487765941, 'R2 - std': 0.05352075240764442} 
 

{'MSE - mean': 24932038.78859755, 'MSE - std': 32806372.465167496, 'R2 - mean': 0.9152783234420491, 'R2 - std': 0.055384526743443525} 
 

{'MSE - mean': 50063570.35844393, 'MSE - std': 51980527.054667614, 'R2 - mean': 0.8860738657805853, 'R2 - std': 0.0697085747512249} 
 

{'MSE - mean': 49309182.82113065, 'MSE - std': 46517271.593792334, 'R2 - mean': 0.7677727422969521, 'R2 - std': 0.24467948746275608} 
 

Finished cross validation
Hyperparam was saved!!! Hurrah!!!
Trial 147 finished with value: 49309182.82113065 and parameters: {'max_depth': 11, 'n_estimators': 32}. Best is trial 134 with value: 13370087.96712083.
{'MSE - mean': 329059.9520533327, 'MSE - std': 0.0, 'R2 - mean': 0.9839567165010387, 'R2 - std': 0.0} 
 

{'MSE - mean': 81193251.4223089, 'MSE - std': 80864191.47025557, 'R2 - mean': 0.8621984485696141, 'R2 - std': 0.12175826793142458} 
 

{'MSE - mean': 55332991.71645532, 'MSE - std': 75477486.96708946, 'R2 - mean': 0.8605171878740264, 'R2 - std': 0.09944363804769064} 
 

{'MSE - mean': 59187499.04991117, 'MSE - std': 65705478.9153946, 'R2 - mean': 0.8669737858751446, 'R2 - std': 0.08684377257100367} 
 

{'MSE - mean': 56363943.69311154, 'MSE - std': 59039459.914643005, 'R2 - mean': 0.7562167829170796, 'R2 - std': 0.23473799753023067} 
 

Finished cross validation
Hyperparam was saved!!! Hurrah!!!
