Trial 98 finished with value: 32654705.018727113 and parameters: {'max_depth': 8, 'n_estimators': 15}. Best is trial 67 with value: 15063640.456010839.
{'MSE - mean': 135237.38717346673, 'MSE - std': 0.0, 'R2 - mean': 0.9934065153521596, 'R2 - std': 0.0} 
 

{'MSE - mean': 10357199.710596228, 'MSE - std': 10221962.323422762, 'R2 - mean': 0.980222917480571, 'R2 - std': 0.01318359787158857} 
 

{'MSE - mean': 8065146.917879656, 'MSE - std': 8953547.965481766, 'R2 - mean': 0.9409325265489019, 'R2 - std': 0.05659806658376186} 
 

{'MSE - mean': 34784351.752420515, 'MSE - std': 46924111.46572828, 'R2 - mean': 0.9095378971252895, 'R2 - std': 0.07320774635038836} 
 

{'MSE - mean': 37038137.69762035, 'MSE - std': 42211562.323913045, 'R2 - mean': 0.7872704075097384, 'R2 - std': 0.253149867406874} 
 

Finished cross validation
Hyperparam was saved!!! Hurrah!!!
Trial 99 finished with value: 37038137.69762035 and parameters: {'max_depth': 10, 'n_estimators': 13}. Best is trial 67 with value: 15063640.456010839.
{'MSE - mean': 260815.92047505075, 'MSE - std': 0.0, 'R2 - mean': 0.9872839471132433, 'R2 - std': 0.0} 
 

{'MSE - mean': 50322634.24296732, 'MSE - std': 50061818.32249227, 'R2 - mean': 0.913251434530597, 'R2 - std': 0.07403251258264631} 
 

{'MSE - mean': 34724556.47554494, 'MSE - std': 46447717.87626666, 'R2 - mean': 0.8956606358716362, 'R2 - std': 0.06536625791991854} 
 

{'MSE - mean': 37708026.56984432, 'MSE - std': 40555470.07920981, 'R2 - mean': 0.9030071222396325, 'R2 - std': 0.058021317993522406} 
 

{'MSE - mean': 39379116.44952326, 'MSE - std': 36427559.46011765, 'R2 - mean': 0.7820147171187293, 'R2 - std': 0.24748702402576056} 
 

Finished cross validation
Hyperparam was saved!!! Hurrah!!!
Trial 100 finished with value: 39379116.44952326 and parameters: {'max_depth': 9, 'n_estimators': 17}. Best is trial 67 with value: 15063640.456010839.
{'MSE - mean': 416030.994831492, 'MSE - std': 0.0, 'R2 - mean': 0.979716452419118, 'R2 - std': 0.0} 
 

{'MSE - mean': 2449898.2139689643, 'MSE - std': 2033867.2191374723, 'R2 - mean': 0.9862675076189622, 'R2 - std': 0.006551055199844169} 
 

{'MSE - mean': 2822711.4782662964, 'MSE - std': 1742332.7380631769, 'R2 - mean': 0.9438116172595586, 'R2 - std': 0.06027948353495025} 
 

{'MSE - mean': 9427268.167729355, 'MSE - std': 11538513.75700479, 'R2 - mean': 0.9461153475784314, 'R2 - std': 0.05235583655693542} 
 

{'MSE - mean': 16866181.931058526, 'MSE - std': 18106893.48534043, 'R2 - mean': 0.814799540217145, 'R2 - std': 0.2667738217086661} 
 

Finished cross validation
Hyperparam was saved!!! Hurrah!!!
Trial 101 finished with value: 16866181.931058526 and parameters: {'max_depth': 8, 'n_estimators': 5}. Best is trial 67 with value: 15063640.456010839.
{'MSE - mean': 437259.8767479627, 'MSE - std': 0.0, 'R2 - mean': 0.9786814405046426, 'R2 - std': 0.0} 
 

{'MSE - mean': 12215236.220318038, 'MSE - std': 11777976.343570076, 'R2 - mean': 0.9701263176064615, 'R2 - std': 0.008555122898181056} 
 

{'MSE - mean': 9424983.447815934, 'MSE - std': 10394782.612864442, 'R2 - mean': 0.9294110916969567, 'R2 - std': 0.05800217806478766} 
 

{'MSE - mean': 30548931.838464804, 'MSE - std': 37678935.97235626, 'R2 - mean': 0.9093390776523412, 'R2 - std': 0.061088842996215136} 
 

{'MSE - mean': 33732748.96070355, 'MSE - std': 34297354.68922611, 'R2 - mean': 0.7858473311752665, 'R2 - std': 0.2529551801855923} 
 

Finished cross validation
Hyperparam was saved!!! Hurrah!!!
Trial 102 finished with value: 33732748.96070355 and parameters: {'max_depth': 8, 'n_estimators': 5}. Best is trial 67 with value: 15063640.456010839.
{'MSE - mean': 320539.18225519644, 'MSE - std': 0.0, 'R2 - mean': 0.984372145740142, 'R2 - std': 0.0} 
 

{'MSE - mean': 24718223.497707542, 'MSE - std': 24397684.31545235, 'R2 - mean': 0.9528527478088249, 'R2 - std': 0.031519397931317084} 
 

{'MSE - mean': 17656074.394317076, 'MSE - std': 22284057.82664707, 'R2 - mean': 0.9220170230899861, 'R2 - std': 0.050635943773573396} 
 

{'MSE - mean': 27814996.262669824, 'MSE - std': 26116000.947654676, 'R2 - mean': 0.9181023879402336, 'R2 - std': 0.044373102285589605} 
 

{'MSE - mean': 31353908.364453625, 'MSE - std': 24407621.7574537, 'R2 - mean': 0.7957791491979658, 'R2 - std': 0.24784486420087323} 
 

Finished cross validation
Hyperparam was saved!!! Hurrah!!!
Trial 103 finished with value: 31353908.364453625 and parameters: {'max_depth': 8, 'n_estimators': 25}. Best is trial 67 with value: 15063640.456010839.
{'MSE - mean': 226294.88963375826, 'MSE - std': 0.0, 'R2 - mean': 0.9889670163564234, 'R2 - std': 0.0} 
 

{'MSE - mean': 19001524.38741222, 'MSE - std': 18775229.49777846, 'R2 - mean': 0.9642308791119365, 'R2 - std': 0.024736137244486922} 
 

{'MSE - mean': 13831430.93251875, 'MSE - std': 16984283.748831786, 'R2 - mean': 0.9301366884789354, 'R2 - std': 0.05227566668177686} 
 

{'MSE - mean': 16373304.863895174, 'MSE - std': 15353592.090929627, 'R2 - mean': 0.9379643795160204, 'R2 - std': 0.04725862076049574} 
 

{'MSE - mean': 22364741.137460962, 'MSE - std': 18225681.511442173, 'R2 - mean': 0.809166736486419, 'R2 - std': 0.26104029035547366} 
 

Finished cross validation
Hyperparam was saved!!! Hurrah!!!
Trial 104 finished with value: 22364741.137460962 and parameters: {'max_depth': 9, 'n_estimators': 20}. Best is trial 67 with value: 15063640.456010839.
{'MSE - mean': 139440.09037836915, 'MSE - std': 0.0, 'R2 - mean': 0.9932016129975659, 'R2 - std': 0.0} 
 

{'MSE - mean': 66414954.92661737, 'MSE - std': 66275514.836238995, 'R2 - mean': 0.8903387498232577, 'R2 - std': 0.10286286317430826} 
 

{'MSE - mean': 45408434.86531797, 'MSE - std': 61732031.24292314, 'R2 - mean': 0.8821386347975316, 'R2 - std': 0.08478401688888411} 
 

{'MSE - mean': 46493623.42787801, 'MSE - std': 53494538.634162106, 'R2 - mean': 0.8916243537022978, 'R2 - std': 0.075240838175034} 
 

{'MSE - mean': 46449847.58215802, 'MSE - std': 47847050.02656029, 'R2 - mean': 0.772264604851311, 'R2 - std': 0.24802408263414227} 
 

Finished cross validation
Hyperparam was saved!!! Hurrah!!!
Trial 105 finished with value: 46449847.58215802 and parameters: {'max_depth': 11, 'n_estimators': 20}. Best is trial 67 with value: 15063640.456010839.
{'MSE - mean': 211468.70104682547, 'MSE - std': 0.0, 'R2 - mean': 0.9896898656281897, 'R2 - std': 0.0} 
 

{'MSE - mean': 24303644.279424533, 'MSE - std': 24092175.57837771, 'R2 - mean': 0.9560882733359938, 'R2 - std': 0.03360159229219595} 
 

{'MSE - mean': 17354296.861974828, 'MSE - std': 21989591.669463743, 'R2 - mean': 0.9251780730287201, 'R2 - std': 0.05161000196136599} 
 

{'MSE - mean': 38345655.335664496, 'MSE - std': 41043489.10674068, 'R2 - mean': 0.9031928420633053, 'R2 - std': 0.05871750478900697} 
 

{'MSE - mean': 39951355.10685793, 'MSE - std': 36850610.38117219, 'R2 - mean': 0.7812164165307858, 'R2 - std': 0.24954196007421037} 
 

Finished cross validation
Hyperparam was saved!!! Hurrah!!!
Trial 106 finished with value: 39951355.10685793 and parameters: {'max_depth': 9, 'n_estimators': 18}. Best is trial 67 with value: 15063640.456010839.
{'MSE - mean': 181701.87336484127, 'MSE - std': 0.0, 'R2 - mean': 0.991141144194259, 'R2 - std': 0.0} 
 

{'MSE - mean': 28955142.246094503, 'MSE - std': 28773440.372729663, 'R2 - mean': 0.9493399880242679, 'R2 - std': 0.04180115616999114} 
 

{'MSE - mean': 20419788.492013346, 'MSE - std': 26412972.34321236, 'R2 - mean': 0.9220832438913238, 'R2 - std': 0.05148544751891438} 
 

{'MSE - mean': 20435923.160281505, 'MSE - std': 22874322.109847013, 'R2 - mean': 0.933335783819935, 'R2 - std': 0.04866130335494656} 
 

{'MSE - mean': 25390321.155382786, 'MSE - std': 22732618.141417038, 'R2 - mean': 0.8088852069838687, 'R2 - std': 0.2526779021890919} 
 

Finished cross validation
Hyperparam was saved!!! Hurrah!!!
Trial 107 finished with value: 25390321.155382786 and parameters: {'max_depth': 10, 'n_estimators': 23}. Best is trial 67 with value: 15063640.456010839.
{'MSE - mean': 232693.31356983242, 'MSE - std': 0.0, 'R2 - mean': 0.9886550618675455, 'R2 - std': 0.0} 
 

{'MSE - mean': 41064208.44198034, 'MSE - std': 40831515.12841051, 'R2 - mean': 0.9287432577371151, 'R2 - std': 0.05991180413043046} 
 

{'MSE - mean': 28524502.61532797, 'MSE - std': 37761932.280526064, 'R2 - mean': 0.9070866063991575, 'R2 - std': 0.057714561511428154} 
 

{'MSE - mean': 40961460.17782298, 'MSE - std': 39160010.05366549, 'R2 - mean': 0.8988802383247203, 'R2 - std': 0.05196403938072698} 
 

{'MSE - mean': 41810916.78759527, 'MSE - std': 35066956.1845634, 'R2 - mean': 0.7813182406597537, 'R2 - std': 0.23967374134627223} 
 

Finished cross validation
Hyperparam was saved!!! Hurrah!!!
Trial 108 finished with value: 41810916.78759527 and parameters: {'max_depth': 9, 'n_estimators': 29}. Best is trial 67 with value: 15063640.456010839.
{'MSE - mean': 572364.5824763005, 'MSE - std': 0.0, 'R2 - mean': 0.9720944247267633, 'R2 - std': 0.0} 
 

{'MSE - mean': 5698277.523073447, 'MSE - std': 5125912.940597146, 'R2 - mean': 0.9773789128044692, 'R2 - std': 0.005284488077705929} 
 

{'MSE - mean': 5073237.154435572, 'MSE - std': 4277616.927048844, 'R2 - mean': 0.9345271884337037, 'R2 - std': 0.060754899165349076} 
 

{'MSE - mean': 38556548.36603646, 'MSE - std': 58112992.47164685, 'R2 - mean': 0.8950694156595987, 'R2 - std': 0.08625030913754744} 
 

{'MSE - mean': 40210278.803235635, 'MSE - std': 52082964.70673902, 'R2 - mean': 0.7733429888576938, 'R2 - std': 0.2553832112510454} 
 

Finished cross validation
Hyperparam was saved!!! Hurrah!!!
Trial 109 finished with value: 40210278.803235635 and parameters: {'max_depth': 7, 'n_estimators': 16}. Best is trial 67 with value: 15063640.456010839.
{'MSE - mean': 123011.91122006655, 'MSE - std': 0.0, 'R2 - mean': 0.9940025671518583, 'R2 - std': 0.0} 
 

{'MSE - mean': 11059659.147735352, 'MSE - std': 10936647.236515285, 'R2 - mean': 0.9793860565002184, 'R2 - std': 0.014616510651639991} 
 

{'MSE - mean': 8491810.869218202, 'MSE - std': 9639909.651043689, 'R2 - mean': 0.9420212516334109, 'R2 - std': 0.05417273798897567} 
 

{'MSE - mean': 22026683.569221396, 'MSE - std': 24885221.127731394, 'R2 - mean': 0.9313627698039485, 'R2 - std': 0.05041650385184986} 
 

{'MSE - mean': 26865413.14730818, 'MSE - std': 24270817.872092377, 'R2 - mean': 0.804221175366813, 'R2 - std': 0.25825065194996705} 
 

Finished cross validation
Hyperparam was saved!!! Hurrah!!!
Trial 110 finished with value: 26865413.14730818 and parameters: {'max_depth': 12, 'n_estimators': 36}. Best is trial 67 with value: 15063640.456010839.
{'MSE - mean': 149623.82673630814, 'MSE - std': 0.0, 'R2 - mean': 0.9927051059980067, 'R2 - std': 0.0} 
 

{'MSE - mean': 75416850.0077679, 'MSE - std': 75267226.1810316, 'R2 - mean': 0.8756807378137084, 'R2 - std': 0.11702436818429834} 
 

{'MSE - mean': 51415472.58840802, 'MSE - std': 70206142.61381143, 'R2 - mean': 0.8721382964862964, 'R2 - std': 0.09568123961226216} 
 

{'MSE - mean': 65356275.940300435, 'MSE - std': 65419529.49862545, 'R2 - mean': 0.8610600122429541, 'R2 - std': 0.08505504015420366} 
 

{'MSE - mean': 61457338.19792195, 'MSE - std': 59030320.46273334, 'R2 - mean': 0.7490723400065499, 'R2 - std': 0.23654268709097684} 
 

Finished cross validation
Hyperparam was saved!!! Hurrah!!!
Trial 111 finished with value: 61457338.19792195 and parameters: {'max_depth': 10, 'n_estimators': 23}. Best is trial 67 with value: 15063640.456010839.
{'MSE - mean': 167270.1842098954, 'MSE - std': 0.0, 'R2 - mean': 0.9918447596875359, 'R2 - std': 0.0} 
 

{'MSE - mean': 35676928.10399915, 'MSE - std': 35509657.919789255, 'R2 - mean': 0.9389142687705607, 'R2 - std': 0.052930490916975215} 
 

{'MSE - mean': 24916971.03720058, 'MSE - std': 32744117.37313536, 'R2 - mean': 0.9145004055609093, 'R2 - std': 0.05531574229922086} 
 

{'MSE - mean': 44664221.047739565, 'MSE - std': 44429658.62850451, 'R2 - mean': 0.8941459392554553, 'R2 - std': 0.0594792939208675} 
 

{'MSE - mean': 45004483.361445636, 'MSE - std': 39744921.26605449, 'R2 - mean': 0.7740051708820603, 'R2 - std': 0.2461004795315501} 
 

Finished cross validation
Hyperparam was saved!!! Hurrah!!!
Trial 112 finished with value: 45004483.361445636 and parameters: {'max_depth': 10, 'n_estimators': 26}. Best is trial 67 with value: 15063640.456010839.
{'MSE - mean': 142114.2474309771, 'MSE - std': 0.0, 'R2 - mean': 0.9930712347505382, 'R2 - std': 0.0} 
 

{'MSE - mean': 51523736.67963238, 'MSE - std': 51381622.4322014, 'R2 - mean': 0.9141262693512564, 'R2 - std': 0.07894496539928175} 
 

{'MSE - mean': 35506604.559403054, 'MSE - std': 47677504.743403874, 'R2 - mean': 0.896982780386975, 'R2 - std': 0.06886704680517435} 
 

{'MSE - mean': 34503580.063831866, 'MSE - std': 41326462.688380696, 'R2 - mean': 0.9100886711122064, 'R2 - std': 0.06381454157834773} 
 

{'MSE - mean': 36782691.41542728, 'MSE - std': 37243504.25079764, 'R2 - mean': 0.78818082449573, 'R2 - std': 0.25040752552618906} 
 

Finished cross validation
Hyperparam was saved!!! Hurrah!!!
Trial 113 finished with value: 36782691.41542728 and parameters: {'max_depth': 11, 'n_estimators': 30}. Best is trial 67 with value: 15063640.456010839.
{'MSE - mean': 185834.50409896922, 'MSE - std': 0.0, 'R2 - mean': 0.990939658215639, 'R2 - std': 0.0} 
 

{'MSE - mean': 49462251.5373738, 'MSE - std': 49276417.03327484, 'R2 - mean': 0.9163972776693348, 'R2 - std': 0.0745423805463043} 
 

{'MSE - mean': 34113944.86715542, 'MSE - std': 45715619.71264256, 'R2 - mean': 0.8992218433269445, 'R2 - std': 0.06553143333321966} 
 

{'MSE - mean': 78421804.34291957, 'MSE - std': 86353909.2818351, 'R2 - mean': 0.8395385981951047, 'R2 - std': 0.11792813834887553} 
 

{'MSE - mean': 71764002.28564948, 'MSE - std': 78376676.57881063, 'R2 - mean': 0.7340764043240025, 'R2 - std': 0.23582776341213293} 
 

Finished cross validation
Hyperparam was saved!!! Hurrah!!!
Trial 114 finished with value: 71764002.28564948 and parameters: {'max_depth': 10, 'n_estimators': 22}. Best is trial 67 with value: 15063640.456010839.
{'MSE - mean': 141215.6782111912, 'MSE - std': 0.0, 'R2 - mean': 0.9931150443987391, 'R2 - std': 0.0} 
 

{'MSE - mean': 20020350.24696292, 'MSE - std': 19879134.56875173, 'R2 - mean': 0.9646049537565184, 'R2 - std': 0.028510090642220653} 
 

{'MSE - mean': 14479730.098728618, 'MSE - std': 18023603.15592861, 'R2 - mean': 0.9316086421992331, 'R2 - std': 0.05214783471109788} 
 

{'MSE - mean': 28937832.940578252, 'MSE - std': 29508438.05419564, 'R2 - mean': 0.9196654197383927, 'R2 - std': 0.04967362667492039} 
 

{'MSE - mean': 32411341.245647192, 'MSE - std': 27292111.91718539, 'R2 - mean': 0.7946041036055723, 'R2 - std': 0.25403800212000643} 
 

Finished cross validation
Hyperparam was saved!!! Hurrah!!!
Trial 115 finished with value: 32411341.245647192 and parameters: {'max_depth': 11, 'n_estimators': 20}. Best is trial 67 with value: 15063640.456010839.
{'MSE - mean': 221287.2146918421, 'MSE - std': 0.0, 'R2 - mean': 0.9892111650237482, 'R2 - std': 0.0} 
 

{'MSE - mean': 41411466.14941366, 'MSE - std': 41190178.93472182, 'R2 - mean': 0.9284559885952275, 'R2 - std': 0.06075517642852074} 
 

{'MSE - mean': 28753487.679044228, 'MSE - std': 38099029.712434135, 'R2 - mean': 0.9069947430919147, 'R2 - std': 0.05815465953542077} 
 

{'MSE - mean': 37802613.91802347, 'MSE - std': 36528237.102803804, 'R2 - mean': 0.9041616858843472, 'R2 - std': 0.050601896789394966} 
 

{'MSE - mean': 39503372.20845847, 'MSE - std': 32848439.836936787, 'R2 - mean': 0.7821979745609625, 'R2 - std': 0.24809076783718356} 
 

Finished cross validation
Hyperparam was saved!!! Hurrah!!!
Trial 116 finished with value: 39503372.20845847 and parameters: {'max_depth': 9, 'n_estimators': 18}. Best is trial 67 with value: 15063640.456010839.
{'MSE - mean': 127330.46218911589, 'MSE - std': 0.0, 'R2 - mean': 0.9937920166516566, 'R2 - std': 0.0} 
 

{'MSE - mean': 7354261.808031382, 'MSE - std': 7226931.345842266, 'R2 - mean': 0.9852190011068258, 'R2 - std': 0.008573015544830753} 
 

{'MSE - mean': 6047215.581734297, 'MSE - std': 6183507.4292049855, 'R2 - mean': 0.9448948470480335, 'R2 - std': 0.05745496089520075} 
 

{'MSE - mean': 11705161.65460948, 'MSE - std': 11167537.077886336, 'R2 - mean': 0.9471534482976618, 'R2 - std': 0.04991100316980468} 
 

{'MSE - mean': 18199636.168568563, 'MSE - std': 16385478.459862843, 'R2 - mean': 0.8230796987493232, 'R2 - std': 0.2521310530217736} 
 

Finished cross validation
Hyperparam was saved!!! Hurrah!!!
Trial 117 finished with value: 18199636.168568563 and parameters: {'max_depth': 12, 'n_estimators': 13}. Best is trial 67 with value: 15063640.456010839.
{'MSE - mean': 144062.84199117622, 'MSE - std': 0.0, 'R2 - mean': 0.9929762312268376, 'R2 - std': 0.0} 
 

{'MSE - mean': 6732536.082886083, 'MSE - std': 6588473.240894906, 'R2 - mean': 0.9858202971162153, 'R2 - std': 0.007155934110622264} 
 

{'MSE - mean': 5603193.257068582, 'MSE - std': 5611549.120677498, 'R2 - mean': 0.9464637305315193, 'R2 - std': 0.055964425563640466} 
 

{'MSE - mean': 7982691.224400017, 'MSE - std': 6372059.66544065, 'R2 - mean': 0.9537750241635469, 'R2 - std': 0.05009368962476582} 
 

{'MSE - mean': 15159589.355589721, 'MSE - std': 15443897.909719732, 'R2 - mean': 0.8293228426829373, 'R2 - std': 0.25290489139854205} 
 

Finished cross validation
Hyperparam was saved!!! Hurrah!!!
Trial 118 finished with value: 15159589.355589721 and parameters: {'max_depth': 12, 'n_estimators': 13}. Best is trial 67 with value: 15063640.456010839.
{'MSE - mean': 151483.78227018897, 'MSE - std': 0.0, 'R2 - mean': 0.9926144240607508, 'R2 - std': 0.0} 
 

{'MSE - mean': 23795078.37673928, 'MSE - std': 23643594.59446909, 'R2 - mean': 0.9583170612313966, 'R2 - std': 0.03429736282935425} 
 

{'MSE - mean': 16982754.45758527, 'MSE - std': 21575338.34243844, 'R2 - mean': 0.9279489946765208, 'R2 - std': 0.05127031302090566} 
 

{'MSE - mean': 46916631.591129094, 'MSE - std': 55111091.6166729, 'R2 - mean': 0.8910547351042166, 'R2 - std': 0.07781415627064212} 
 

{'MSE - mean': 46792846.784681045, 'MSE - std': 49293480.563440435, 'R2 - mean': 0.7717389228842138, 'R2 - std': 0.2485741066880568} 
 

Finished cross validation
Hyperparam was saved!!! Hurrah!!!
Trial 119 finished with value: 46792846.784681045 and parameters: {'max_depth': 12, 'n_estimators': 14}. Best is trial 67 with value: 15063640.456010839.
{'MSE - mean': 172076.06789671493, 'MSE - std': 0.0, 'R2 - mean': 0.9916104493317192, 'R2 - std': 0.0} 
 

{'MSE - mean': 44963287.94155145, 'MSE - std': 44791211.87365474, 'R2 - mean': 0.9239274344726963, 'R2 - std': 0.06768301485902284} 
 

{'MSE - mean': 31130212.774001688, 'MSE - std': 41475410.92329184, 'R2 - mean': 0.9036259991738934, 'R2 - std': 0.06227592004395243} 
 

{'MSE - mean': 29260040.55481834, 'MSE - std': 36064524.339441285, 'R2 - mean': 0.9182216851303924, 'R2 - std': 0.059563577869473076} 
 

{'MSE - mean': 32633022.589172184, 'MSE - std': 32954938.383805506, 'R2 - mean': 0.7939990063729331, 'R2 - std': 0.25409319455193197} 
 

Finished cross validation
Hyperparam was saved!!! Hurrah!!!
Trial 120 finished with value: 32633022.589172184 and parameters: {'max_depth': 12, 'n_estimators': 5}. Best is trial 67 with value: 15063640.456010839.
{'MSE - mean': 105445.91649776971, 'MSE - std': 0.0, 'R2 - mean': 0.9948589953848066, 'R2 - std': 0.0} 
 

{'MSE - mean': 28758218.22527118, 'MSE - std': 28652772.30877341, 'R2 - mean': 0.9514532498064047, 'R2 - std': 0.04340574557840193} 
 

{'MSE - mean': 20314951.448035628, 'MSE - std': 26265917.36570571, 'R2 - mean': 0.9224463647368353, 'R2 - std': 0.0542110498793655} 
 

{'MSE - mean': 29025327.267115507, 'MSE - std': 27295343.046486795, 'R2 - mean': 0.919683555458866, 'R2 - std': 0.047191395318284354} 
 

{'MSE - mean': 32448927.71409448, 'MSE - std': 25355724.436555438, 'R2 - mean': 0.7951124883152348, 'R2 - std': 0.25269235309142524} 
 

Finished cross validation
Hyperparam was saved!!! Hurrah!!!
Trial 121 finished with value: 32448927.71409448 and parameters: {'max_depth': 12, 'n_estimators': 13}. Best is trial 67 with value: 15063640.456010839.
{'MSE - mean': 137494.15879597058, 'MSE - std': 0.0, 'R2 - mean': 0.9932964866880627, 'R2 - std': 0.0} 
 

{'MSE - mean': 9636766.705963774, 'MSE - std': 9499272.547167802, 'R2 - mean': 0.9813235942468091, 'R2 - std': 0.011972892441253546} 
 

{'MSE - mean': 7556188.151485223, 'MSE - std': 8295484.72722537, 'R2 - mean': 0.9427999915895545, 'R2 - std': 0.05535072440653279} 
 

{'MSE - mean': 54346085.960233435, 'MSE - std': 81360278.45947936, 'R2 - mean': 0.8789007744522486, 'R2 - std': 0.12061138781859582} 
 

{'MSE - mean': 52726326.10770508, 'MSE - std': 72842916.03665157, 'R2 - mean': 0.7621694256611052, 'R2 - std': 0.2571818746716425} 
 

Finished cross validation
Hyperparam was saved!!! Hurrah!!!
Trial 122 finished with value: 52726326.10770508 and parameters: {'max_depth': 11, 'n_estimators': 15}. Best is trial 67 with value: 15063640.456010839.
{'MSE - mean': 148707.02915681904, 'MSE - std': 0.0, 'R2 - mean': 0.9927498043679759, 'R2 - std': 0.0} 
 

{'MSE - mean': 28409753.886189368, 'MSE - std': 28261046.85703255, 'R2 - mean': 0.9509914179655203, 'R2 - std': 0.04175838640245555} 
 

{'MSE - mean': 20051862.56303124, 'MSE - std': 25926174.82474105, 'R2 - mean': 0.9233555610617573, 'R2 - std': 0.05186511091509447} 
 

{'MSE - mean': 28701545.64206246, 'MSE - std': 26992146.225991633, 'R2 - mean': 0.9205686095554023, 'R2 - std': 0.04517514353903716} 
 

{'MSE - mean': 32214670.512712665, 'MSE - std': 25144163.373144384, 'R2 - mean': 0.7954430939819406, 'R2 - std': 0.2534920382677069} 
 

Finished cross validation
Hyperparam was saved!!! Hurrah!!!
