Trial 73 finished with value: 24727414.94717004 and parameters: {'max_depth': 12, 'n_estimators': 6}. Best is trial 67 with value: 15063640.456010839.
{'MSE - mean': 149684.72352569355, 'MSE - std': 0.0, 'R2 - mean': 0.9927021369814181, 'R2 - std': 0.0} 
 

{'MSE - mean': 9839620.14144799, 'MSE - std': 9689935.417922297, 'R2 - mean': 0.9807112810711114, 'R2 - std': 0.011990855910306686} 
 

{'MSE - mean': 7698790.143311505, 'MSE - std': 8471296.935191138, 'R2 - mean': 0.942100499930953, 'R2 - std': 0.05547466620732611} 
 

{'MSE - mean': 17805787.33519475, 'MSE - std': 18980946.5131047, 'R2 - mean': 0.9372473238410146, 'R2 - std': 0.04877231691841732} 
 

{'MSE - mean': 23473214.03703388, 'MSE - std': 20413230.17333488, 'R2 - mean': 0.8091647485162798, 'R2 - std': 0.25985298829403086} 
 

Finished cross validation
Hyperparam was saved!!! Hurrah!!!
Trial 74 finished with value: 23473214.03703388 and parameters: {'max_depth': 12, 'n_estimators': 7}. Best is trial 67 with value: 15063640.456010839.
{'MSE - mean': 135454.4225559873, 'MSE - std': 0.0, 'R2 - mean': 0.9933959338148156, 'R2 - std': 0.0} 
 

{'MSE - mean': 8791754.506900769, 'MSE - std': 8656300.084344782, 'R2 - mean': 0.9827251008141143, 'R2 - std': 0.010670833000701263} 
 

{'MSE - mean': 6980226.661200824, 'MSE - std': 7517820.187504102, 'R2 - mean': 0.9442333536311963, 'R2 - std': 0.0551283984924279} 
 

{'MSE - mean': 69798683.9922247, 'MSE - std': 108999375.95980874, 'R2 - mean': 0.85445837958542, 'R2 - std': 0.16265913172955998} 
 

{'MSE - mean': 65052279.143947065, 'MSE - std': 97953073.47723806, 'R2 - mean': 0.7431660195513243, 'R2 - std': 0.26591418186295857} 
 

Finished cross validation
Hyperparam was saved!!! Hurrah!!!
Trial 75 finished with value: 65052279.143947065 and parameters: {'max_depth': 12, 'n_estimators': 6}. Best is trial 67 with value: 15063640.456010839.
{'MSE - mean': 164027.3814786387, 'MSE - std': 0.0, 'R2 - mean': 0.9920028621950703, 'R2 - std': 0.0} 
 

{'MSE - mean': 53479649.791154996, 'MSE - std': 53315622.40967636, 'R2 - mean': 0.91047693723174, 'R2 - std': 0.08152592496333033} 
 

{'MSE - mean': 36782366.97871793, 'MSE - std': 49524090.790151164, 'R2 - mean': 0.895664179665673, 'R2 - std': 0.06978409465993327} 
 

{'MSE - mean': 68860849.28394648, 'MSE - std': 70189484.66447048, 'R2 - mean': 0.8554443071761005, 'R2 - std': 0.0922240713147186} 
 

{'MSE - mean': 64351390.444391094, 'MSE - std': 63423906.234745, 'R2 - mean': 0.7432022808889176, 'R2 - std': 0.2391595980179354} 
 

Finished cross validation
Hyperparam was saved!!! Hurrah!!!
Trial 76 finished with value: 64351390.444391094 and parameters: {'max_depth': 11, 'n_estimators': 7}. Best is trial 67 with value: 15063640.456010839.
{'MSE - mean': 162857.46584297196, 'MSE - std': 0.0, 'R2 - mean': 0.9920599013093585, 'R2 - std': 0.0} 
 

{'MSE - mean': 12473866.394999303, 'MSE - std': 12311008.92915633, 'R2 - mean': 0.9761815634185939, 'R2 - std': 0.01587833789076465} 
 

{'MSE - mean': 9467471.196719503, 'MSE - std': 10914094.163618173, 'R2 - mean': 0.9385857422164149, 'R2 - std': 0.05472634301547958} 
 

{'MSE - mean': 30782467.55683982, 'MSE - std': 38109385.95746552, 'R2 - mean': 0.9158960973602578, 'R2 - std': 0.061568574906209754} 
 

{'MSE - mean': 33871736.02287082, 'MSE - std': 34641514.93605484, 'R2 - mean': 0.7918219970968661, 'R2 - std': 0.2541851312674799} 
 

Finished cross validation
Hyperparam was saved!!! Hurrah!!!
Trial 77 finished with value: 33871736.02287082 and parameters: {'max_depth': 12, 'n_estimators': 5}. Best is trial 67 with value: 15063640.456010839.
{'MSE - mean': 169886.47384147372, 'MSE - std': 0.0, 'R2 - mean': 0.9917172027605599, 'R2 - std': 0.0} 
 

{'MSE - mean': 90024633.34156336, 'MSE - std': 89854746.86772187, 'R2 - mean': 0.851806410377275, 'R2 - std': 0.13991079238328485} 
 

{'MSE - mean': 61145402.35001108, 'MSE - std': 83967872.75560686, 'R2 - mean': 0.8565618435536172, 'R2 - std': 0.1144344710868848} 
 

{'MSE - mean': 60796633.56730578, 'MSE - std': 72720819.99206078, 'R2 - mean': 0.8684252332386364, 'R2 - std': 0.10121094888477809} 
 

{'MSE - mean': 57908558.04592514, 'MSE - std': 65299449.07212432, 'R2 - mean': 0.7534568792023019, 'R2 - std': 0.24711498266722226} 
 

Finished cross validation
Hyperparam was saved!!! Hurrah!!!
Trial 78 finished with value: 57908558.04592514 and parameters: {'max_depth': 12, 'n_estimators': 9}. Best is trial 67 with value: 15063640.456010839.
{'MSE - mean': 172427.77717216566, 'MSE - std': 0.0, 'R2 - mean': 0.99159330178283, 'R2 - std': 0.0} 
 

{'MSE - mean': 9743713.73745177, 'MSE - std': 9571285.960279604, 'R2 - mean': 0.9803286855112621, 'R2 - std': 0.011264616271567884} 
 

{'MSE - mean': 7605293.814803563, 'MSE - std': 8379659.270327631, 'R2 - mean': 0.9430142551647975, 'R2 - std': 0.053566106920882574} 
 

{'MSE - mean': 69311393.23229213, 'MSE - std': 107124190.23300967, 'R2 - mean': 0.8550799472744232, 'R2 - std': 0.15921470839866536} 
 

{'MSE - mean': 63772605.9470766, 'MSE - std': 96453026.72713745, 'R2 - mean': 0.7572234306702571, 'R2 - std': 0.2420393564360626} 
 

Finished cross validation
Hyperparam was saved!!! Hurrah!!!
Trial 79 finished with value: 63772605.9470766 and parameters: {'max_depth': 11, 'n_estimators': 6}. Best is trial 67 with value: 15063640.456010839.
{'MSE - mean': 148822.31568241742, 'MSE - std': 0.0, 'R2 - mean': 0.9927441835854945, 'R2 - std': 0.0} 
 

{'MSE - mean': 4520006.776747657, 'MSE - std': 4371184.46106524, 'R2 - mean': 0.9892517894159907, 'R2 - std': 0.0034923941695038097} 
 

{'MSE - mean': 4145480.292084195, 'MSE - std': 3608144.84703717, 'R2 - mean': 0.9480670510085357, 'R2 - std': 0.05831377681764224} 
 

{'MSE - mean': 31322830.594267804, 'MSE - std': 47176150.121334605, 'R2 - mean': 0.91572697830903, 'R2 - std': 0.07541891892410875} 
 

{'MSE - mean': 34141965.664095685, 'MSE - std': 42570663.635704495, 'R2 - mean': 0.7941563236743042, 'R2 - std': 0.2523253989169702} 
 

Finished cross validation
Hyperparam was saved!!! Hurrah!!!
Trial 80 finished with value: 34141965.664095685 and parameters: {'max_depth': 10, 'n_estimators': 9}. Best is trial 67 with value: 15063640.456010839.
{'MSE - mean': 268835.22036480316, 'MSE - std': 0.0, 'R2 - mean': 0.9868929669870029, 'R2 - std': 0.0} 
 

{'MSE - mean': 3158485.7672701813, 'MSE - std': 2889650.546905378, 'R2 - mean': 0.9886029751017772, 'R2 - std': 0.0017100081147742863} 
 

{'MSE - mean': 3295438.3286848143, 'MSE - std': 2367325.9591734353, 'R2 - mean': 0.9453553430621362, 'R2 - std': 0.06117732237172611} 
 

{'MSE - mean': 54635074.66962119, 'MSE - std': 88946489.2674608, 'R2 - mean': 0.8752196076952563, 'R2 - std': 0.13252947862943396} 
 

{'MSE - mean': 53022552.192173585, 'MSE - std': 79621500.09492604, 'R2 - mean': 0.7582334311538425, 'R2 - std': 0.26228669842702107} 
 

Finished cross validation
Hyperparam was saved!!! Hurrah!!!
Trial 81 finished with value: 53022552.192173585 and parameters: {'max_depth': 9, 'n_estimators': 8}. Best is trial 67 with value: 15063640.456010839.
{'MSE - mean': 162617.0093343665, 'MSE - std': 0.0, 'R2 - mean': 0.9920716247412519, 'R2 - std': 0.0} 
 

{'MSE - mean': 21652463.045176722, 'MSE - std': 21489846.03584236, 'R2 - mean': 0.961486304023316, 'R2 - std': 0.03058532071793585} 
 

{'MSE - mean': 15579625.095489277, 'MSE - std': 19535464.58680898, 'R2 - mean': 0.9290621608062382, 'R2 - std': 0.052213900023548865} 
 

{'MSE - mean': 56929655.77298845, 'MSE - std': 73591445.7906435, 'R2 - mean': 0.8741138877454383, 'R2 - std': 0.10536914469542083} 
 

{'MSE - mean': 54082050.98517672, 'MSE - std': 66068117.32565148, 'R2 - mean': 0.7691767422787487, 'R2 - std': 0.23006378097793748} 
 

Finished cross validation
Hyperparam was saved!!! Hurrah!!!
Trial 82 finished with value: 54082050.98517672 and parameters: {'max_depth': 11, 'n_estimators': 7}. Best is trial 67 with value: 15063640.456010839.
{'MSE - mean': 280591.7380359118, 'MSE - std': 0.0, 'R2 - mean': 0.9863197791992421, 'R2 - std': 0.0} 
 

{'MSE - mean': 44827761.334542036, 'MSE - std': 44547169.596506126, 'R2 - mean': 0.9215860682623429, 'R2 - std': 0.06473371093689922} 
 

{'MSE - mean': 31043411.05928151, 'MSE - std': 41267220.70112552, 'R2 - mean': 0.9019247387705646, 'R2 - std': 0.05972245230405301} 
 

{'MSE - mean': 103757876.4582068, 'MSE - std': 130917600.27991295, 'R2 - mean': 0.7971657509472774, 'R2 - std': 0.18867542254142786} 
 

{'MSE - mean': 91932388.70918576, 'MSE - std': 119460885.19867009, 'R2 - mean': 0.7017091942149294, 'R2 - std': 0.2548068856011017} 
 

Finished cross validation
Hyperparam was saved!!! Hurrah!!!
Trial 83 finished with value: 91932388.70918576 and parameters: {'max_depth': 9, 'n_estimators': 5}. Best is trial 67 with value: 15063640.456010839.
{'MSE - mean': 163815.51421452189, 'MSE - std': 0.0, 'R2 - mean': 0.9920131917613428, 'R2 - std': 0.0} 
 

{'MSE - mean': 37327509.05676388, 'MSE - std': 37163693.54254936, 'R2 - mean': 0.936352059977807, 'R2 - std': 0.05566113178353582} 
 

{'MSE - mean': 26022254.518028278, 'MSE - std': 34298362.04331368, 'R2 - mean': 0.9125986603638094, 'R2 - std': 0.05651450298280919} 
 

{'MSE - mean': 37356962.900562584, 'MSE - std': 35604916.39495796, 'R2 - mean': 0.9057898830680807, 'R2 - std': 0.050343769528452605} 
 

{'MSE - mean': 39159251.17992681, 'MSE - std': 32049353.025627386, 'R2 - mean': 0.7833115737023458, 'R2 - std': 0.2490609185814222} 
 

Finished cross validation
Hyperparam was saved!!! Hurrah!!!
Trial 84 finished with value: 39159251.17992681 and parameters: {'max_depth': 12, 'n_estimators': 6}. Best is trial 67 with value: 15063640.456010839.
{'MSE - mean': 190645.81051237416, 'MSE - std': 0.0, 'R2 - mean': 0.9907050834753555, 'R2 - std': 0.0} 
 

{'MSE - mean': 40933707.847261004, 'MSE - std': 40743062.03674863, 'R2 - mean': 0.9299436124754649, 'R2 - std': 0.0607614709998906} 
 

{'MSE - mean': 28431311.320007592, 'MSE - std': 37673393.44864297, 'R2 - mean': 0.9081316450476663, 'R2 - std': 0.05841941530738206} 
 

{'MSE - mean': 41662558.37266661, 'MSE - std': 39870554.62565934, 'R2 - mean': 0.8984254747227659, 'R2 - std': 0.05331275917423726} 
 

{'MSE - mean': 42588704.59347599, 'MSE - std': 35709380.95536559, 'R2 - mean': 0.7776489798870061, 'R2 - std': 0.24621463614469696} 
 

Finished cross validation
Hyperparam was saved!!! Hurrah!!!
Trial 85 finished with value: 42588704.59347599 and parameters: {'max_depth': 10, 'n_estimators': 8}. Best is trial 67 with value: 15063640.456010839.
{'MSE - mean': 174680.987280851, 'MSE - std': 0.0, 'R2 - mean': 0.9914834467599662, 'R2 - std': 0.0} 
 

{'MSE - mean': 65254740.170940116, 'MSE - std': 65080059.18365927, 'R2 - mean': 0.8913661502091016, 'R2 - std': 0.10011729655086465} 
 

{'MSE - mean': 44640152.85012903, 'MSE - std': 60609667.73582483, 'R2 - mean': 0.8826181665487619, 'R2 - std': 0.08267629536539271} 
 

{'MSE - mean': 61891223.91621064, 'MSE - std': 60398238.60069355, 'R2 - mean': 0.8663232239060048, 'R2 - std': 0.07696169715320392} 
 

{'MSE - mean': 58787714.82791235, 'MSE - std': 54377245.751303434, 'R2 - mean': 0.7517221718817177, 'R2 - std': 0.23931587235963808} 
 

Finished cross validation
Hyperparam was saved!!! Hurrah!!!
Trial 86 finished with value: 58787714.82791235 and parameters: {'max_depth': 10, 'n_estimators': 16}. Best is trial 67 with value: 15063640.456010839.
{'MSE - mean': 136049.1075310929, 'MSE - std': 0.0, 'R2 - mean': 0.9933669400111375, 'R2 - std': 0.0} 
 

{'MSE - mean': 76609032.99530387, 'MSE - std': 76472983.88777277, 'R2 - mean': 0.8740913201465386, 'R2 - std': 0.11927561986459895} 
 

{'MSE - mean': 52210063.04391668, 'MSE - std': 71339780.71532339, 'R2 - mean': 0.8710865220975476, 'R2 - std': 0.09748080128254305} 
 

{'MSE - mean': 66602593.914302886, 'MSE - std': 66621753.7216477, 'R2 - mean': 0.8592264006385644, 'R2 - std': 0.0868842184005846} 
 

{'MSE - mean': 62462449.078890465, 'MSE - std': 60160864.78925542, 'R2 - mean': 0.7474826788131869, 'R2 - std': 0.23661304147323278} 
 

Finished cross validation
Hyperparam was saved!!! Hurrah!!!
Trial 87 finished with value: 62462449.078890465 and parameters: {'max_depth': 12, 'n_estimators': 11}. Best is trial 67 with value: 15063640.456010839.
{'MSE - mean': 142391.6017002086, 'MSE - std': 0.0, 'R2 - mean': 0.9930577123721899, 'R2 - std': 0.0} 
 

{'MSE - mean': 45197752.487596154, 'MSE - std': 45055360.885895945, 'R2 - mean': 0.9242517629963829, 'R2 - std': 0.06880594937580692} 
 

{'MSE - mean': 31266725.246695418, 'MSE - std': 41730932.60814635, 'R2 - mean': 0.9046250452737561, 'R2 - std': 0.06266249710524431} 
 

{'MSE - mean': 38423440.230224036, 'MSE - std': 38206789.45325854, 'R2 - mean': 0.9044151011291164, 'R2 - std': 0.054268532661480434} 
 

{'MSE - mean': 39765358.445389666, 'MSE - std': 34278418.66605394, 'R2 - mean': 0.7859768835888371, 'R2 - std': 0.24179847891634512} 
 

Finished cross validation
Hyperparam was saved!!! Hurrah!!!
Trial 88 finished with value: 39765358.445389666 and parameters: {'max_depth': 11, 'n_estimators': 25}. Best is trial 67 with value: 15063640.456010839.
{'MSE - mean': 498156.7858785531, 'MSE - std': 0.0, 'R2 - mean': 0.9757124180778898, 'R2 - std': 0.0} 
 

{'MSE - mean': 52027227.05843698, 'MSE - std': 51529070.27255843, 'R2 - mean': 0.9049255723793547, 'R2 - std': 0.0707868456985351} 
 

{'MSE - mean': 35979662.3003302, 'MSE - std': 47803891.66271687, 'R2 - mean': 0.8854159746487206, 'R2 - std': 0.06404504006182785} 
 

{'MSE - mean': 90088688.30536142, 'MSE - std': 102456181.50807208, 'R2 - mean': 0.8126900433228395, 'R2 - std': 0.1376354192388036} 
 

{'MSE - mean': 81431118.41970791, 'MSE - std': 93261081.74727498, 'R2 - mean': 0.7075137398234764, 'R2 - std': 0.2437273603319772} 
 

Finished cross validation
Hyperparam was saved!!! Hurrah!!!
Trial 89 finished with value: 81431118.41970791 and parameters: {'max_depth': 7, 'n_estimators': 7}. Best is trial 67 with value: 15063640.456010839.
{'MSE - mean': 212852.9398974583, 'MSE - std': 0.0, 'R2 - mean': 0.9896223772080024, 'R2 - std': 0.0} 
 

{'MSE - mean': 23546236.083454356, 'MSE - std': 23333383.1435569, 'R2 - mean': 0.9572687429096671, 'R2 - std': 0.032353634298335265} 
 

{'MSE - mean': 16872983.897187818, 'MSE - std': 21260976.038249962, 'R2 - mean': 0.9250308338378485, 'R2 - std': 0.05269159323382926} 
 

{'MSE - mean': 18576397.475971505, 'MSE - std': 18647430.92319779, 'R2 - mean': 0.9342604057597798, 'R2 - std': 0.048351401135084} 
 

{'MSE - mean': 24165014.8197897, 'MSE - std': 20077647.254866514, 'R2 - mean': 0.805627534746265, 'R2 - std': 0.26087535033823867} 
 

Finished cross validation
Hyperparam was saved!!! Hurrah!!!
Trial 90 finished with value: 24165014.8197897 and parameters: {'max_depth': 9, 'n_estimators': 20}. Best is trial 67 with value: 15063640.456010839.
{'MSE - mean': 194370.54647185962, 'MSE - std': 0.0, 'R2 - mean': 0.990523484363753, 'R2 - std': 0.0} 
 

{'MSE - mean': 89852619.46515085, 'MSE - std': 89658248.91867898, 'R2 - mean': 0.8515046652481195, 'R2 - std': 0.13901881911563346} 
 

{'MSE - mean': 61057455.503780544, 'MSE - std': 83769867.30263016, 'R2 - mean': 0.8553037521376532, 'R2 - std': 0.11363547348689988} 
 

{'MSE - mean': 105209419.03468084, 'MSE - std': 105409822.3688241, 'R2 - mean': 0.7960297630421808, 'R2 - std': 0.14221456667941756} 
 

{'MSE - mean': 93565076.09832893, 'MSE - std': 97115124.52310976, 'R2 - mean': 0.6936159921999028, 'R2 - std': 0.24111057258691523} 
 

Finished cross validation
Hyperparam was saved!!! Hurrah!!!
Trial 91 finished with value: 93565076.09832893 and parameters: {'max_depth': 9, 'n_estimators': 9}. Best is trial 67 with value: 15063640.456010839.
{'MSE - mean': 236106.56803775716, 'MSE - std': 0.0, 'R2 - mean': 0.9884886490034418, 'R2 - std': 0.0} 
 

{'MSE - mean': 57238312.18574877, 'MSE - std': 57002205.617711015, 'R2 - mean': 0.9027574799742419, 'R2 - std': 0.08573116902919992} 
 

{'MSE - mean': 39315245.27504647, 'MSE - std': 52996606.355126426, 'R2 - mean': 0.8894461463503548, 'R2 - std': 0.07248635803447215} 
 

{'MSE - mean': 47204326.30819372, 'MSE - std': 47887294.89658882, 'R2 - mean': 0.888622091668716, 'R2 - std': 0.06279125157361698} 
 

{'MSE - mean': 46728976.93082197, 'MSE - std': 42842248.28522145, 'R2 - mean': 0.7742734237777686, 'R2 - std': 0.2354923871658734} 
 

Finished cross validation
Hyperparam was saved!!! Hurrah!!!
Trial 92 finished with value: 46728976.93082197 and parameters: {'max_depth': 9, 'n_estimators': 19}. Best is trial 67 with value: 15063640.456010839.
{'MSE - mean': 313962.388901235, 'MSE - std': 0.0, 'R2 - mean': 0.9846927966113078, 'R2 - std': 0.0} 
 

{'MSE - mean': 24756233.24522817, 'MSE - std': 24442270.856326938, 'R2 - mean': 0.9529469279402701, 'R2 - std': 0.03174586867103768} 
 

{'MSE - mean': 17689368.71816627, 'MSE - std': 22319592.698577434, 'R2 - mean': 0.9217652712150691, 'R2 - std': 0.051151326643360126} 
 

{'MSE - mean': 21811140.985604156, 'MSE - std': 20605586.221863564, 'R2 - mean': 0.9275984488639967, 'R2 - std': 0.04543590592784122} 
 

{'MSE - mean': 26504663.00208991, 'MSE - std': 20683054.477379996, 'R2 - mean': 0.8040794411397748, 'R2 - std': 0.2503583797572842} 
 

Finished cross validation
Hyperparam was saved!!! Hurrah!!!
Trial 93 finished with value: 26504663.00208991 and parameters: {'max_depth': 8, 'n_estimators': 21}. Best is trial 67 with value: 15063640.456010839.
{'MSE - mean': 154831.99205018053, 'MSE - std': 0.0, 'R2 - mean': 0.9924511824435951, 'R2 - std': 0.0} 
 

{'MSE - mean': 109460932.7192032, 'MSE - std': 109306100.72715303, 'R2 - mean': 0.8210311334106262, 'R2 - std': 0.17142004903296887} 
 

{'MSE - mean': 74110155.60722353, 'MSE - std': 102296484.08241971, 'R2 - mean': 0.8357594837001768, 'R2 - std': 0.1415052557733471} 
 

{'MSE - mean': 96007407.50818577, 'MSE - std': 96368547.32827067, 'R2 - mean': 0.8118800975766436, 'R2 - std': 0.12933861876300012} 
 

{'MSE - mean': 86065454.49855432, 'MSE - std': 88458392.76129653, 'R2 - mean': 0.7083994112686509, 'R2 - std': 0.23709869758796492} 
 

Finished cross validation
Hyperparam was saved!!! Hurrah!!!
Trial 94 finished with value: 86065454.49855432 and parameters: {'max_depth': 10, 'n_estimators': 11}. Best is trial 67 with value: 15063640.456010839.
{'MSE - mean': 151302.73143773037, 'MSE - std': 0.0, 'R2 - mean': 0.9926232511751254, 'R2 - std': 0.0} 
 

{'MSE - mean': 47847714.10088578, 'MSE - std': 47696411.36944805, 'R2 - mean': 0.9197973492127259, 'R2 - std': 0.07282590196239946} 
 

{'MSE - mean': 33014547.745449916, 'MSE - std': 44234346.60915065, 'R2 - mean': 0.902399565215211, 'R2 - std': 0.06435143438292358} 
 

{'MSE - mean': 44047374.16836546, 'MSE - std': 42809786.75009266, 'R2 - mean': 0.8958173594560128, 'R2 - std': 0.05688415094140067} 
 

{'MSE - mean': 44319189.76497647, 'MSE - std': 38294096.25705993, 'R2 - mean': 0.7782653658037979, 'R2 - std': 0.24054631601648094} 
 

Finished cross validation
Hyperparam was saved!!! Hurrah!!!
Trial 95 finished with value: 44319189.76497647 and parameters: {'max_depth': 11, 'n_estimators': 32}. Best is trial 67 with value: 15063640.456010839.
{'MSE - mean': 104459.15868618993, 'MSE - std': 0.0, 'R2 - mean': 0.9949071046585641, 'R2 - std': 0.0} 
 

{'MSE - mean': 37427325.172657095, 'MSE - std': 37322866.013970904, 'R2 - mean': 0.9375916114787017, 'R2 - std': 0.05731549317986234} 
 

{'MSE - mean': 26080096.360137284, 'MSE - std': 34441013.657826275, 'R2 - mean': 0.9137691341107678, 'R2 - std': 0.057663373946194606} 
 

{'MSE - mean': 34932107.904216155, 'MSE - std': 33536724.519002277, 'R2 - mean': 0.9106327823672706, 'R2 - std': 0.05023254550508882} 
 

{'MSE - mean': 37208450.789474085, 'MSE - std': 30339684.587942183, 'R2 - mean': 0.7873522465419999, 'R2 - std': 0.2506212460183695} 
 

Finished cross validation
Hyperparam was saved!!! Hurrah!!!
Trial 96 finished with value: 37208450.789474085 and parameters: {'max_depth': 12, 'n_estimators': 6}. Best is trial 67 with value: 15063640.456010839.
{'MSE - mean': 398934.8205968995, 'MSE - std': 0.0, 'R2 - mean': 0.9805499746033939, 'R2 - std': 0.0} 
 

{'MSE - mean': 30491355.720680602, 'MSE - std': 30092420.900083702, 'R2 - mean': 0.9417578879470971, 'R2 - std': 0.03879208665629674} 
 

{'MSE - mean': 21514773.838034995, 'MSE - std': 27656112.796454463, 'R2 - mean': 0.9142272167272963, 'R2 - std': 0.050190567245170396} 
 

{'MSE - mean': 20421683.77406706, 'MSE - std': 24025610.687795132, 'R2 - mean': 0.9287858993219589, 'R2 - std': 0.050251223835548225} 
 

{'MSE - mean': 25251972.24234321, 'MSE - std': 23560787.802708182, 'R2 - mean': 0.8071799856077233, 'R2 - std': 0.24733002526719802} 
 

Finished cross validation
Hyperparam was saved!!! Hurrah!!!
Trial 97 finished with value: 25251972.24234321 and parameters: {'max_depth': 8, 'n_estimators': 13}. Best is trial 67 with value: 15063640.456010839.
{'MSE - mean': 323072.29815330694, 'MSE - std': 0.0, 'R2 - mean': 0.9842486439398301, 'R2 - std': 0.0} 
 

{'MSE - mean': 13799979.583185775, 'MSE - std': 13476907.285032468, 'R2 - mean': 0.9702802656220653, 'R2 - std': 0.013968378317764873} 
 

{'MSE - mean': 10407471.113265505, 'MSE - std': 12004287.320920069, 'R2 - mean': 0.9324401640135624, 'R2 - std': 0.054715844518467505} 
 

{'MSE - mean': 29647513.80700464, 'MSE - std': 34908665.31583693, 'R2 - mean': 0.9142426668008261, 'R2 - std': 0.05691058289500704} 
 

{'MSE - mean': 32654705.018727113, 'MSE - std': 31797244.019599188, 'R2 - mean': 0.7952090969785679, 'R2 - std': 0.2434481762816908} 
 

Finished cross validation
Hyperparam was saved!!! Hurrah!!!
