Trial 48 finished with value: 75094659.31288132 and parameters: {'max_depth': 5, 'n_estimators': 5}. Best is trial 33 with value: 23468008.87883705.
{'MSE - mean': 198375.3138677439, 'MSE - std': 0.0, 'R2 - mean': 0.9903282323487975, 'R2 - std': 0.0} 
 

{'MSE - mean': 40708620.81982511, 'MSE - std': 40510245.50595737, 'R2 - mean': 0.9301218882581319, 'R2 - std': 0.06020634409066555} 
 

{'MSE - mean': 28278784.81629638, 'MSE - std': 37457375.42128649, 'R2 - mean': 0.9083481050715925, 'R2 - std': 0.0580063029421625} 
 

{'MSE - mean': 62667179.82829271, 'MSE - std': 67823125.58848701, 'R2 - mean': 0.8646616409052551, 'R2 - std': 0.09082439011539517} 
 

{'MSE - mean': 59389876.99879998, 'MSE - std': 61015931.911412686, 'R2 - mean': 0.7506763872869283, 'R2 - std': 0.2420119997884484} 
 

Finished cross validation
Hyperparam was saved!!! Hurrah!!!
Trial 49 finished with value: 59389876.99879998 and parameters: {'max_depth': 10, 'n_estimators': 11}. Best is trial 33 with value: 23468008.87883705.
{'MSE - mean': 893709.462108577, 'MSE - std': 0.0, 'R2 - mean': 0.9564272887756688, 'R2 - std': 0.0} 
 

{'MSE - mean': 46928655.6863179, 'MSE - std': 46034946.22420932, 'R2 - mean': 0.903765919900671, 'R2 - std': 0.05266136887499784} 
 

{'MSE - mean': 32716923.684478123, 'MSE - std': 42623438.413954, 'R2 - mean': 0.8792529078963817, 'R2 - std': 0.05523213463408114} 
 

{'MSE - mean': 42942260.45303358, 'MSE - std': 40941918.161735095, 'R2 - mean': 0.8798740683496312, 'R2 - std': 0.047844529918309286} 
 

{'MSE - mean': 43771137.796807796, 'MSE - std': 36657068.63367364, 'R2 - mean': 0.7603898812745339, 'R2 - std': 0.24276977381558562} 
 

Finished cross validation
Hyperparam was saved!!! Hurrah!!!
Trial 50 finished with value: 43771137.796807796 and parameters: {'max_depth': 6, 'n_estimators': 8}. Best is trial 33 with value: 23468008.87883705.
{'MSE - mean': 581637.8975811529, 'MSE - std': 0.0, 'R2 - mean': 0.9716423052200474, 'R2 - std': 0.0} 
 

{'MSE - mean': 29780373.683664307, 'MSE - std': 29198735.786083154, 'R2 - mean': 0.9385891133810791, 'R2 - std': 0.033053191838968266} 
 

{'MSE - mean': 21182097.670370806, 'MSE - std': 26762625.96368087, 'R2 - mean': 0.9065269095955507, 'R2 - std': 0.05276658175713039} 
 

{'MSE - mean': 41180146.4028812, 'MSE - std': 41676665.78167567, 'R2 - mean': 0.8892628784694971, 'R2 - std': 0.05461111997490054} 
 

{'MSE - mean': 42293131.15495726, 'MSE - std': 37343145.5126026, 'R2 - mean': 0.7689419782754598, 'R2 - std': 0.2455491307945202} 
 

Finished cross validation
Hyperparam was saved!!! Hurrah!!!
Trial 51 finished with value: 42293131.15495726 and parameters: {'max_depth': 7, 'n_estimators': 7}. Best is trial 33 with value: 23468008.87883705.
{'MSE - mean': 786615.4884442884, 'MSE - std': 0.0, 'R2 - mean': 0.9616486442454102, 'R2 - std': 0.0} 
 

{'MSE - mean': 16978120.329886645, 'MSE - std': 16191504.841442354, 'R2 - mean': 0.9542612042427174, 'R2 - std': 0.007387440002692758} 
 

{'MSE - mean': 12768053.671407638, 'MSE - std': 14499168.087329721, 'R2 - mean': 0.912198598012954, 'R2 - std': 0.05979053881852203} 
 

{'MSE - mean': 34628683.85197873, 'MSE - std': 39891488.592099026, 'R2 - mean': 0.8939036807565743, 'R2 - std': 0.06070661736096179} 
 

{'MSE - mean': 37100796.43490418, 'MSE - std': 36020966.84107031, 'R2 - mean': 0.7719104254458958, 'R2 - std': 0.2499553001604761} 
 

Finished cross validation
Hyperparam was saved!!! Hurrah!!!
Trial 52 finished with value: 37100796.43490418 and parameters: {'max_depth': 6, 'n_estimators': 60}. Best is trial 33 with value: 23468008.87883705.
{'MSE - mean': 160560.85806096223, 'MSE - std': 0.0, 'R2 - mean': 0.99217187218124, 'R2 - std': 0.0} 
 

{'MSE - mean': 19772903.67109296, 'MSE - std': 19612342.813031998, 'R2 - mean': 0.9645451833782714, 'R2 - std': 0.02762668880296859} 
 

{'MSE - mean': 14281008.726762487, 'MSE - std': 17797503.96084754, 'R2 - mean': 0.9329036230133653, 'R2 - std': 0.05011186793028898} 
 

{'MSE - mean': 35003810.125673935, 'MSE - std': 39062345.72940374, 'R2 - mean': 0.9106526761679822, 'R2 - std': 0.058040618424903365} 
 

{'MSE - mean': 37267196.393637314, 'MSE - std': 35230457.74182893, 'R2 - mean': 0.7873470736354367, 'R2 - std': 0.2520159859480596} 
 

Finished cross validation
Hyperparam was saved!!! Hurrah!!!
Trial 53 finished with value: 37267196.393637314 and parameters: {'max_depth': 11, 'n_estimators': 38}. Best is trial 33 with value: 23468008.87883705.
{'MSE - mean': 290041.16097043053, 'MSE - std': 0.0, 'R2 - mean': 0.9858590735737349, 'R2 - std': 0.0} 
 

{'MSE - mean': 29952834.49777799, 'MSE - std': 29662793.336807564, 'R2 - mean': 0.9451877567251388, 'R2 - std': 0.04067131684859615} 
 

{'MSE - mean': 21167154.256471023, 'MSE - std': 27220651.969287705, 'R2 - mean': 0.9160632289348415, 'R2 - std': 0.05290790975032178} 
 

{'MSE - mean': 20603259.818396896, 'MSE - std': 23594000.318654906, 'R2 - mean': 0.9294524002710132, 'R2 - std': 0.05135411291044984} 
 

{'MSE - mean': 25783975.957107194, 'MSE - std': 23509588.675026275, 'R2 - mean': 0.8018196654209279, 'R2 - std': 0.2593651016453526} 
 

Finished cross validation
Hyperparam was saved!!! Hurrah!!!
Trial 54 finished with value: 25783975.957107194 and parameters: {'max_depth': 8, 'n_estimators': 12}. Best is trial 33 with value: 23468008.87883705.
{'MSE - mean': 325422.76005408255, 'MSE - std': 0.0, 'R2 - mean': 0.9841340474160285, 'R2 - std': 0.0} 
 

{'MSE - mean': 47795138.69338371, 'MSE - std': 47469715.93332963, 'R2 - mean': 0.9157763948510863, 'R2 - std': 0.0683576525649422} 
 

{'MSE - mean': 33100197.135831654, 'MSE - std': 43978766.48967938, 'R2 - mean': 0.8949461910743014, 'R2 - std': 0.06311080642983681} 
 

{'MSE - mean': 34016486.29906291, 'MSE - std': 38119780.74382479, 'R2 - mean': 0.9064444200124784, 'R2 - std': 0.0581709396719052} 
 

{'MSE - mean': 36507525.40810261, 'MSE - std': 34457441.1490012, 'R2 - mean': 0.7835204368234409, 'R2 - std': 0.2512932731890869} 
 

Finished cross validation
Hyperparam was saved!!! Hurrah!!!
Trial 55 finished with value: 36507525.40810261 and parameters: {'max_depth': 8, 'n_estimators': 12}. Best is trial 33 with value: 23468008.87883705.
{'MSE - mean': 132125.27640636847, 'MSE - std': 0.0, 'R2 - mean': 0.9935582459866692, 'R2 - std': 0.0} 
 

{'MSE - mean': 32224560.672504544, 'MSE - std': 32092435.396098174, 'R2 - mean': 0.9452723622315715, 'R2 - std': 0.04828588375509768} 
 

{'MSE - mean': 22611836.2161675, 'MSE - std': 29519912.19581698, 'R2 - mean': 0.9188797679163091, 'R2 - std': 0.05429078297514158} 
 

{'MSE - mean': 46237732.99159676, 'MSE - std': 48250574.166182466, 'R2 - mean': 0.8921254525892288, 'R2 - std': 0.06601512707632216} 
 

{'MSE - mean': 46243292.066844866, 'MSE - std': 43156626.947738744, 'R2 - mean': 0.7726935717155573, 'R2 - std': 0.24605343785123962} 
 

Finished cross validation
Hyperparam was saved!!! Hurrah!!!
Trial 56 finished with value: 46243292.066844866 and parameters: {'max_depth': 11, 'n_estimators': 9}. Best is trial 33 with value: 23468008.87883705.
{'MSE - mean': 233422.65584577067, 'MSE - std': 0.0, 'R2 - mean': 0.9886195028612682, 'R2 - std': 0.0} 
 

{'MSE - mean': 14970188.820210379, 'MSE - std': 14736766.164364606, 'R2 - mean': 0.970519631915119, 'R2 - std': 0.01809987094614912} 
 

{'MSE - mean': 11151193.593213245, 'MSE - std': 13189047.239146128, 'R2 - mean': 0.9340397526207108, 'R2 - std': 0.05366532156660731} 
 

{'MSE - mean': 31517444.034799647, 'MSE - std': 37078507.20371002, 'R2 - mean': 0.9133345024630375, 'R2 - std': 0.05870346843595379} 
 

{'MSE - mean': 34469712.52937125, 'MSE - std': 33685547.55708479, 'R2 - mean': 0.7896204038248715, 'R2 - std': 0.25293791841585217} 
 

Finished cross validation
Hyperparam was saved!!! Hurrah!!!
Trial 57 finished with value: 34469712.52937125 and parameters: {'max_depth': 9, 'n_estimators': 10}. Best is trial 33 with value: 23468008.87883705.
{'MSE - mean': 569400.356052421, 'MSE - std': 0.0, 'R2 - mean': 0.9722389452756076, 'R2 - std': 0.0} 
 

{'MSE - mean': 11527979.209780904, 'MSE - std': 10958578.853728482, 'R2 - mean': 0.9681116389806272, 'R2 - std': 0.004127306294980315} 
 

{'MSE - mean': 8937349.622566367, 'MSE - std': 9668661.93665008, 'R2 - mean': 0.9292329859683353, 'R2 - std': 0.055085894367513044} 
 

{'MSE - mean': 33899910.09401147, 'MSE - std': 44039760.939469, 'R2 - mean': 0.9032348816447574, 'R2 - std': 0.06560141845997322} 
 

{'MSE - mean': 35592136.60848334, 'MSE - std': 39535489.84380477, 'R2 - mean': 0.7934810978668378, 'R2 - std': 0.22721445618060854} 
 

Finished cross validation
Hyperparam was saved!!! Hurrah!!!
Trial 58 finished with value: 35592136.60848334 and parameters: {'max_depth': 7, 'n_estimators': 6}. Best is trial 33 with value: 23468008.87883705.
{'MSE - mean': 216121.65706907155, 'MSE - std': 0.0, 'R2 - mean': 0.9894630112446426, 'R2 - std': 0.0} 
 

{'MSE - mean': 24390423.02349805, 'MSE - std': 24174301.36642898, 'R2 - mean': 0.9558395829034052, 'R2 - std': 0.03362342834123749} 
 

{'MSE - mean': 17421012.276953015, 'MSE - std': 22062258.950782932, 'R2 - mean': 0.9246618195270089, 'R2 - std': 0.0519403101061338} 
 

{'MSE - mean': 20754944.423813596, 'MSE - std': 19960029.137958754, 'R2 - mean': 0.9311442423388957, 'R2 - std': 0.046361754463967605} 
 

{'MSE - mean': 25062710.71249773, 'MSE - std': 19822956.695261776, 'R2 - mean': 0.8160136003013447, 'R2 - std': 0.23396535804579388} 
 

Finished cross validation
Hyperparam was saved!!! Hurrah!!!
Trial 59 finished with value: 25062710.71249773 and parameters: {'max_depth': 9, 'n_estimators': 13}. Best is trial 33 with value: 23468008.87883705.
{'MSE - mean': 214803.43949724303, 'MSE - std': 0.0, 'R2 - mean': 0.9895272808042964, 'R2 - std': 0.0} 
 

{'MSE - mean': 71543637.97881998, 'MSE - std': 71328834.53932275, 'R2 - mean': 0.8803475651615649, 'R2 - std': 0.10917971564273149} 
 

{'MSE - mean': 48855710.76477367, 'MSE - std': 66493251.59015598, 'R2 - mean': 0.8743645774746912, 'R2 - std': 0.08954551443376547} 
 

{'MSE - mean': 72377870.08126158, 'MSE - std': 70539990.90590069, 'R2 - mean': 0.8483659828932906, 'R2 - std': 0.08967485783111054} 
 

{'MSE - mean': 67139334.65149383, 'MSE - std': 63956870.36901797, 'R2 - mean': 0.7379308400641102, 'R2 - std': 0.23498286573371632} 
 

Finished cross validation
Hyperparam was saved!!! Hurrah!!!
Trial 60 finished with value: 67139334.65149383 and parameters: {'max_depth': 9, 'n_estimators': 12}. Best is trial 33 with value: 23468008.87883705.
{'MSE - mean': 180676.01093484397, 'MSE - std': 0.0, 'R2 - mean': 0.991191160009592, 'R2 - std': 0.0} 
 

{'MSE - mean': 52674500.721367925, 'MSE - std': 52493824.71043308, 'R2 - mean': 0.9113739883752182, 'R2 - std': 0.07981717163437374} 
 

{'MSE - mean': 36239956.95873567, 'MSE - std': 48757114.4811182, 'R2 - mean': 0.8964853892497144, 'R2 - std': 0.0684874296956307} 
 

{'MSE - mean': 45988856.16431792, 'MSE - std': 45475985.602903165, 'R2 - mean': 0.8921489171882813, 'R2 - std': 0.05978554164306147} 
 

{'MSE - mean': 46064761.96123936, 'MSE - std': 40675241.363812335, 'R2 - mean': 0.7723988593586457, 'R2 - std': 0.24539713566471727} 
 

Finished cross validation
Hyperparam was saved!!! Hurrah!!!
Trial 61 finished with value: 46064761.96123936 and parameters: {'max_depth': 10, 'n_estimators': 14}. Best is trial 33 with value: 23468008.87883705.
{'MSE - mean': 402580.0766751745, 'MSE - std': 0.0, 'R2 - mean': 0.9803722505250757, 'R2 - std': 0.0} 
 

{'MSE - mean': 47759760.75807277, 'MSE - std': 47357180.681397595, 'R2 - mean': 0.9140139492192443, 'R2 - std': 0.06635830130583142} 
 

{'MSE - mean': 33061967.54584455, 'MSE - std': 43899718.58694012, 'R2 - mean': 0.8943502960875264, 'R2 - std': 0.060901023065566884} 
 

{'MSE - mean': 60798609.80350798, 'MSE - std': 61264614.09490967, 'R2 - mean': 0.8629278862878347, 'R2 - std': 0.07578789131968121} 
 

{'MSE - mean': 57957079.594560996, 'MSE - std': 55090648.27964903, 'R2 - mean': 0.7483436809816947, 'R2 - std': 0.23898368981816642} 
 

Finished cross validation
Hyperparam was saved!!! Hurrah!!!
Trial 62 finished with value: 57957079.594560996 and parameters: {'max_depth': 8, 'n_estimators': 10}. Best is trial 33 with value: 23468008.87883705.
{'MSE - mean': 325947.437783769, 'MSE - std': 0.0, 'R2 - mean': 0.9841084668082687, 'R2 - std': 0.0} 
 

{'MSE - mean': 18334368.774584297, 'MSE - std': 18008421.336800527, 'R2 - mean': 0.9629499606597196, 'R2 - std': 0.02115850614854914} 
 

{'MSE - mean': 13402283.879265713, 'MSE - std': 16274307.425870627, 'R2 - mean': 0.9286649600045446, 'R2 - std': 0.05147210372110474} 
 

{'MSE - mean': 20118213.624432333, 'MSE - std': 18274324.848536875, 'R2 - mean': 0.930327611552515, 'R2 - std': 0.0446690757304987} 
 

{'MSE - mean': 25419960.071567018, 'MSE - std': 19483193.282793835, 'R2 - mean': 0.8021537807070779, 'R2 - std': 0.2594424497179915} 
 

Finished cross validation
Hyperparam was saved!!! Hurrah!!!
Trial 63 finished with value: 25419960.071567018 and parameters: {'max_depth': 8, 'n_estimators': 8}. Best is trial 33 with value: 23468008.87883705.
{'MSE - mean': 288511.16154278, 'MSE - std': 0.0, 'R2 - mean': 0.9859336685355887, 'R2 - std': 0.0} 
 

{'MSE - mean': 20512276.149565194, 'MSE - std': 20223764.988022413, 'R2 - mean': 0.9603443292767797, 'R2 - std': 0.025589339258809074} 
 

{'MSE - mean': 14868658.151281571, 'MSE - std': 18340337.012941606, 'R2 - mean': 0.9263570394219528, 'R2 - std': 0.052410062002955504} 
 

{'MSE - mean': 23148068.817921977, 'MSE - std': 21399109.660727564, 'R2 - mean': 0.9254961454442033, 'R2 - std': 0.045412931690081475} 
 

{'MSE - mean': 27027628.658343233, 'MSE - std': 20652880.03255509, 'R2 - mean': 0.810726803334946, 'R2 - std': 0.2331048584747161} 
 

Finished cross validation
Hyperparam was saved!!! Hurrah!!!
Trial 64 finished with value: 27027628.658343233 and parameters: {'max_depth': 9, 'n_estimators': 7}. Best is trial 33 with value: 23468008.87883705.
{'MSE - mean': 154920.83650331257, 'MSE - std': 0.0, 'R2 - mean': 0.9924468508415876, 'R2 - std': 0.0} 
 

{'MSE - mean': 92878635.21837865, 'MSE - std': 92723714.38187534, 'R2 - mean': 0.8475881283449694, 'R2 - std': 0.14485872249661813} 
 

{'MSE - mean': 63069138.043524615, 'MSE - std': 86654507.76589558, 'R2 - mean': 0.8529165879862527, 'R2 - std': 0.11851645998144049} 
 

{'MSE - mean': 71305320.16404335, 'MSE - std': 76388853.08000965, 'R2 - mean': 0.8511276004766872, 'R2 - std': 0.10268502760299299} 
 

{'MSE - mean': 66315412.165094174, 'MSE - std': 69049273.9082414, 'R2 - mean': 0.7396202230956372, 'R2 - std': 0.24118655177406037} 
 

Finished cross validation
Hyperparam was saved!!! Hurrah!!!
Trial 65 finished with value: 66315412.165094174 and parameters: {'max_depth': 11, 'n_estimators': 7}. Best is trial 33 with value: 23468008.87883705.
{'MSE - mean': 309573.18752796145, 'MSE - std': 0.0, 'R2 - mean': 0.9849067916645681, 'R2 - std': 0.0} 
 

{'MSE - mean': 15788307.075938595, 'MSE - std': 15478733.888410633, 'R2 - mean': 0.9674139179785421, 'R2 - std': 0.017492873686025923} 
 

{'MSE - mean': 11663480.31036398, 'MSE - std': 13919621.41070975, 'R2 - mean': 0.9332791320834174, 'R2 - std': 0.05034250327581582} 
 

{'MSE - mean': 14625107.558607005, 'MSE - std': 13100786.351808185, 'R2 - mean': 0.9405175728816473, 'R2 - std': 0.0453647528663508} 
 

{'MSE - mean': 20980928.766668703, 'MSE - std': 17288445.139571298, 'R2 - mean': 0.8109845869601253, 'R2 - std': 0.2622242292563388} 
 

Finished cross validation
Hyperparam was saved!!! Hurrah!!!
Trial 66 finished with value: 20980928.766668703 and parameters: {'max_depth': 9, 'n_estimators': 5}. Best is trial 66 with value: 20980928.766668703.
{'MSE - mean': 155488.61267606946, 'MSE - std': 0.0, 'R2 - mean': 0.9924191689737496, 'R2 - std': 0.0} 
 

{'MSE - mean': 12461557.725648962, 'MSE - std': 12306069.112972893, 'R2 - mean': 0.9763750102966746, 'R2 - std': 0.016044158677075038} 
 

{'MSE - mean': 9430501.39717555, 'MSE - std': 10924017.710604513, 'R2 - mean': 0.939852101273039, 'R2 - std': 0.053286544132025424} 
 

{'MSE - mean': 7280947.537947938, 'MSE - std': 10166728.460392838, 'R2 - mean': 0.9545548240904355, 'R2 - std': 0.05270770355352522} 
 

{'MSE - mean': 15063640.456010839, 'MSE - std': 18026955.658051502, 'R2 - mean': 0.8228538150132039, 'R2 - std': 0.26758756469416367} 
 

Finished cross validation
Hyperparam was saved!!! Hurrah!!!
Trial 67 finished with value: 15063640.456010839 and parameters: {'max_depth': 12, 'n_estimators': 5}. Best is trial 67 with value: 15063640.456010839.
{'MSE - mean': 152190.08314410967, 'MSE - std': 0.0, 'R2 - mean': 0.9925799884356158, 'R2 - std': 0.0} 
 

{'MSE - mean': 48180283.25795988, 'MSE - std': 48028093.17481577, 'R2 - mean': 0.9192437680085639, 'R2 - std': 0.07333622042705185} 
 

{'MSE - mean': 33249317.42016034, 'MSE - std': 44538365.15902065, 'R2 - mean': 0.9015142115608775, 'R2 - std': 0.06491642186699363} 
 

{'MSE - mean': 115202825.08422825, 'MSE - std': 147094805.25705865, 'R2 - mean': 0.7811300920715278, 'R2 - std': 0.21595743804437073} 
 

{'MSE - mean': 101444167.15064815, 'MSE - std': 134412455.0010998, 'R2 - mean': 0.6834583826249618, 'R2 - std': 0.2747164781046237} 
 

Finished cross validation
Hyperparam was saved!!! Hurrah!!!
Trial 68 finished with value: 101444167.15064815 and parameters: {'max_depth': 12, 'n_estimators': 5}. Best is trial 67 with value: 15063640.456010839.
{'MSE - mean': 211122.66404238035, 'MSE - std': 0.0, 'R2 - mean': 0.9897067366261, 'R2 - std': 0.0} 
 

{'MSE - mean': 9717374.867373213, 'MSE - std': 9506252.203330833, 'R2 - mean': 0.9794585765623908, 'R2 - std': 0.01024816006370921} 
 

{'MSE - mean': 7632434.085897333, 'MSE - std': 8303002.073150653, 'R2 - mean': 0.9406666623988073, 'R2 - std': 0.055494519838244036} 
 

{'MSE - mean': 22259037.858681817, 'MSE - std': 26334720.358267672, 'R2 - mean': 0.9289381722599384, 'R2 - std': 0.052176658975739205} 
 

{'MSE - mean': 26186343.22153752, 'MSE - std': 24829597.393654753, 'R2 - mean': 0.8154624012387408, 'R2 - std': 0.23170007645427618} 
 

Finished cross validation
Hyperparam was saved!!! Hurrah!!!
Trial 69 finished with value: 26186343.22153752 and parameters: {'max_depth': 10, 'n_estimators': 6}. Best is trial 67 with value: 15063640.456010839.
{'MSE - mean': 169712.27552023905, 'MSE - std': 0.0, 'R2 - mean': 0.9917256957814674, 'R2 - std': 0.0} 
 

{'MSE - mean': 20543348.568939824, 'MSE - std': 20373636.29341958, 'R2 - mean': 0.9630954383532875, 'R2 - std': 0.028630257428179984} 
 

{'MSE - mean': 14851152.04341314, 'MSE - std': 18480410.523438014, 'R2 - mean': 0.9297024591513964, 'R2 - std': 0.0526938631489325} 
 

{'MSE - mean': 32037296.404096738, 'MSE - std': 33796965.156576835, 'R2 - mean': 0.913704214563304, 'R2 - std': 0.05338833112085548} 
 

{'MSE - mean': 34196924.31217639, 'MSE - std': 30535943.637643177, 'R2 - mean': 0.8004107215651697, 'R2 - std': 0.2315640588320417} 
 

Finished cross validation
Hyperparam was saved!!! Hurrah!!!
Trial 70 finished with value: 34196924.31217639 and parameters: {'max_depth': 11, 'n_estimators': 8}. Best is trial 67 with value: 15063640.456010839.
{'MSE - mean': 221318.67529565105, 'MSE - std': 0.0, 'R2 - mean': 0.9892096311653045, 'R2 - std': 0.0} 
 

{'MSE - mean': 46054203.87679131, 'MSE - std': 45832885.20149566, 'R2 - mean': 0.92101919119805, 'R2 - std': 0.06819043996725449} 
 

{'MSE - mean': 31864960.595340263, 'MSE - std': 42462981.843751, 'R2 - mean': 0.9013917686081454, 'R2 - std': 0.06221277069056815} 
 

{'MSE - mean': 29438306.323237017, 'MSE - std': 37013437.737745956, 'R2 - mean': 0.9171448806831917, 'R2 - std': 0.060392907264800705} 
 

{'MSE - mean': 32819642.240434717, 'MSE - std': 33789486.36591746, 'R2 - mean': 0.7924669457064158, 'R2 - std': 0.2551395549079139} 
 

Finished cross validation
Hyperparam was saved!!! Hurrah!!!
Trial 71 finished with value: 32819642.240434717 and parameters: {'max_depth': 10, 'n_estimators': 5}. Best is trial 67 with value: 15063640.456010839.
{'MSE - mean': 193595.88914843902, 'MSE - std': 0.0, 'R2 - mean': 0.9905612527004243, 'R2 - std': 0.0} 
 

{'MSE - mean': 11263403.097105207, 'MSE - std': 11069807.207956769, 'R2 - mean': 0.977395597655806, 'R2 - std': 0.013165655044618307} 
 

{'MSE - mean': 8631499.130780715, 'MSE - std': 9774844.82690801, 'R2 - mean': 0.9405416869770402, 'R2 - std': 0.053216330010685056} 
 

{'MSE - mean': 10633840.891904881, 'MSE - std': 9148158.89278401, 'R2 - mean': 0.948723176956715, 'R2 - std': 0.048216114212130005} 
 

{'MSE - mean': 17789738.827147853, 'MSE - std': 16485707.444345752, 'R2 - mean': 0.8175212837750525, 'R2 - std': 0.26592401552620865} 
 

Finished cross validation
Hyperparam was saved!!! Hurrah!!!
Trial 72 finished with value: 17789738.827147853 and parameters: {'max_depth': 10, 'n_estimators': 6}. Best is trial 67 with value: 15063640.456010839.
{'MSE - mean': 118345.56646898908, 'MSE - std': 0.0, 'R2 - mean': 0.9942300743014774, 'R2 - std': 0.0} 
 

{'MSE - mean': 29846312.63594168, 'MSE - std': 29727967.069472693, 'R2 - mean': 0.9494063697703748, 'R2 - std': 0.044823704531102515} 
 

{'MSE - mean': 21006923.47587711, 'MSE - std': 27302703.507807355, 'R2 - mean': 0.9224034484026021, 'R2 - std': 0.05289384195457877} 
 

{'MSE - mean': 19350244.932230636, 'MSE - std': 23818311.558911197, 'R2 - mean': 0.9360273936421128, 'R2 - std': 0.05152819169352373} 
 

{'MSE - mean': 24727414.94717004, 'MSE - std': 23864312.307128064, 'R2 - mean': 0.8079048307364746, 'R2 - std': 0.2603568476791049} 
 

Finished cross validation
Hyperparam was saved!!! Hurrah!!!
