Trial 23 finished with value: 39172313.83456654 and parameters: {'max_depth': 7, 'n_estimators': 68}. Best is trial 14 with value: 29867821.292784523.
{'MSE - mean': 1482427.1427792197, 'MSE - std': 0.0, 'R2 - mean': 0.9277244199126743, 'R2 - std': 0.0} 
 

{'MSE - mean': 15176984.563153025, 'MSE - std': 13694557.420373805, 'R2 - mean': 0.9407411113872661, 'R2 - std': 0.01301669147459189} 
 

{'MSE - mean': 11785112.397653813, 'MSE - std': 12167039.99339144, 'R2 - mean': 0.8945722687969159, 'R2 - std': 0.06615194799521446} 
 

{'MSE - mean': 26743183.301675994, 'MSE - std': 27968898.83709859, 'R2 - mean': 0.8921671543207954, 'R2 - std': 0.0574405248461476} 
 

{'MSE - mean': 30904870.0836461, 'MSE - std': 26364483.480864607, 'R2 - mean': 0.7688072272991338, 'R2 - std': 0.25201233599734657} 
 

Finished cross validation
Hyperparam was saved!!! Hurrah!!!
Trial 24 finished with value: 30904870.0836461 and parameters: {'max_depth': 5, 'n_estimators': 42}. Best is trial 14 with value: 29867821.292784523.
{'MSE - mean': 1392767.7079244158, 'MSE - std': 0.0, 'R2 - mean': 0.9320957562687288, 'R2 - std': 0.0} 
 

{'MSE - mean': 42848996.370020874, 'MSE - std': 41456228.66209646, 'R2 - mean': 0.8985340120939754, 'R2 - std': 0.03356174417475333} 
 

{'MSE - mean': 30213202.660132695, 'MSE - std': 38276265.430164225, 'R2 - mean': 0.8672217899452015, 'R2 - std': 0.05207530726255398} 
 

{'MSE - mean': 38998043.69408462, 'MSE - std': 36473616.04551576, 'R2 - mean': 0.8741702944248403, 'R2 - std': 0.04667679684144724} 
 

{'MSE - mean': 40615672.48592714, 'MSE - std': 32783023.43563442, 'R2 - mean': 0.7558282626427302, 'R2 - std': 0.24033793840335335} 
 

Finished cross validation
Hyperparam was saved!!! Hurrah!!!
Trial 25 finished with value: 40615672.48592714 and parameters: {'max_depth': 5, 'n_estimators': 66}. Best is trial 14 with value: 29867821.292784523.
{'MSE - mean': 5304244.382533944, 'MSE - std': 0.0, 'R2 - mean': 0.7413921206583876, 'R2 - std': 0.0} 
 

{'MSE - mean': 19395755.158600297, 'MSE - std': 14091510.776066354, 'R2 - mean': 0.8438785672792594, 'R2 - std': 0.10248644662087181} 
 

{'MSE - mean': 16237989.494759968, 'MSE - std': 12341937.392894227, 'R2 - mean': 0.7651335581079829, 'R2 - std': 0.13929776535447613} 
 

{'MSE - mean': 26885619.93994335, 'MSE - std': 21315690.611593585, 'R2 - mean': 0.8002242268864552, 'R2 - std': 0.1350813298739851} 
 

{'MSE - mean': 31473489.01177457, 'MSE - std': 21158475.92527413, 'R2 - mean': 0.6883242382898234, 'R2 - std': 0.25433049824219844} 
 

Finished cross validation
Hyperparam was saved!!! Hurrah!!!
Trial 26 finished with value: 31473489.01177457 and parameters: {'max_depth': 3, 'n_estimators': 29}. Best is trial 14 with value: 29867821.292784523.
{'MSE - mean': 4975222.791875525, 'MSE - std': 0.0, 'R2 - mean': 0.7574335338515574, 'R2 - std': 0.0} 
 

{'MSE - mean': 53664113.37473546, 'MSE - std': 48688890.58285993, 'R2 - mean': 0.7967497595974437, 'R2 - std': 0.039316225745886224} 
 

{'MSE - mean': 38953640.40185688, 'MSE - std': 44868713.01509981, 'R2 - mean': 0.7388517328373695, 'R2 - std': 0.0879481290876702} 
 

{'MSE - mean': 45619803.68151717, 'MSE - std': 40536579.21355493, 'R2 - mean': 0.7777860338823507, 'R2 - std': 0.10172902462473421} 
 

{'MSE - mean': 46501380.4538939, 'MSE - std': 36299863.827455714, 'R2 - mean': 0.6697558326696379, 'R2 - std': 0.2344379087458268} 
 

Finished cross validation
Hyperparam was saved!!! Hurrah!!!
Trial 27 finished with value: 46501380.4538939 and parameters: {'max_depth': 3, 'n_estimators': 28}. Best is trial 14 with value: 29867821.292784523.
{'MSE - mean': 1588656.0573290775, 'MSE - std': 0.0, 'R2 - mean': 0.9225452403094568, 'R2 - std': 0.0} 
 

{'MSE - mean': 36354551.15954439, 'MSE - std': 34765895.10221532, 'R2 - mean': 0.9043174755617346, 'R2 - std': 0.018227764747722253} 
 

{'MSE - mean': 25870775.460448876, 'MSE - std': 32024949.867096607, 'R2 - mean': 0.8715834569567448, 'R2 - std': 0.0486264628214841} 
 

{'MSE - mean': 43331203.5215334, 'MSE - std': 41034104.166186705, 'R2 - mean': 0.8652487880474513, 'R2 - std': 0.04351762580228832} 
 

{'MSE - mean': 44144024.00175639, 'MSE - std': 36738003.10726549, 'R2 - mean': 0.7477489354784704, 'R2 - std': 0.2382013610777726} 
 

Finished cross validation
Hyperparam was saved!!! Hurrah!!!
Trial 28 finished with value: 44144024.00175639 and parameters: {'max_depth': 5, 'n_estimators': 27}. Best is trial 14 with value: 29867821.292784523.
{'MSE - mean': 2090044.188693949, 'MSE - std': 0.0, 'R2 - mean': 0.8981001144765893, 'R2 - std': 0.0} 
 

{'MSE - mean': 49749760.14515667, 'MSE - std': 47659715.95646272, 'R2 - mean': 0.8710419584747389, 'R2 - std': 0.02705815600185041} 
 

{'MSE - mean': 35081418.754148185, 'MSE - std': 44097840.02677247, 'R2 - mean': 0.8383080168695024, 'R2 - std': 0.051294422083143866} 
 

{'MSE - mean': 67422905.18759015, 'MSE - std': 67796606.51864254, 'R2 - mean': 0.8126878005943464, 'R2 - std': 0.06278952737989107} 
 

{'MSE - mean': 63542019.304241635, 'MSE - std': 61133861.20075527, 'R2 - mean': 0.7038008657878383, 'R2 - std': 0.22489881743819615} 
 

Finished cross validation
Hyperparam was saved!!! Hurrah!!!
Trial 29 finished with value: 63542019.304241635 and parameters: {'max_depth': 4, 'n_estimators': 17}. Best is trial 14 with value: 29867821.292784523.
{'MSE - mean': 4350105.801375194, 'MSE - std': 0.0, 'R2 - mean': 0.7879110472530937, 'R2 - std': 0.0} 
 

{'MSE - mean': 84294734.60440749, 'MSE - std': 79944628.80303231, 'R2 - mean': 0.7624282739759547, 'R2 - std': 0.025482773277138993} 
 

{'MSE - mean': 59625595.215247415, 'MSE - std': 74012805.1491094, 'R2 - mean': 0.7060242552311556, 'R2 - std': 0.08243628539902796} 
 

{'MSE - mean': 63215977.439489484, 'MSE - std': 64397934.96750098, 'R2 - mean': 0.749804444763429, 'R2 - std': 0.10414855183456857} 
 

{'MSE - mean': 60568906.04695048, 'MSE - std': 57842053.6486351, 'R2 - mean': 0.6475140110708029, 'R2 - std': 0.22479072040342876} 
 

Finished cross validation
Hyperparam was saved!!! Hurrah!!!
Trial 30 finished with value: 60568906.04695048 and parameters: {'max_depth': 3, 'n_estimators': 34}. Best is trial 14 with value: 29867821.292784523.
{'MSE - mean': 504405.7782531266, 'MSE - std': 0.0, 'R2 - mean': 0.9754077491091424, 'R2 - std': 0.0} 
 

{'MSE - mean': 27972030.24789528, 'MSE - std': 27467624.469642155, 'R2 - mean': 0.9433063248119626, 'R2 - std': 0.03210142429717977} 
 

{'MSE - mean': 19923739.804554764, 'MSE - std': 25150153.494380947, 'R2 - mean': 0.9117593737920879, 'R2 - std': 0.051743803479957495} 
 

{'MSE - mean': 48444920.6484227, 'MSE - std': 53988618.576317094, 'R2 - mean': 0.8800007940031374, 'R2 - std': 0.07094989830551399} 
 

{'MSE - mean': 48027323.621311575, 'MSE - std': 48296110.585961774, 'R2 - mean': 0.762715256692805, 'R2 - std': 0.24300349689735673} 
 

Finished cross validation
Hyperparam was saved!!! Hurrah!!!
Trial 31 finished with value: 48027323.621311575 and parameters: {'max_depth': 7, 'n_estimators': 39}. Best is trial 14 with value: 29867821.292784523.
{'MSE - mean': 808252.0506432672, 'MSE - std': 0.0, 'R2 - mean': 0.9605937559214586, 'R2 - std': 0.0} 
 

{'MSE - mean': 89444551.77740087, 'MSE - std': 88636299.7267576, 'R2 - mean': 0.8376849965710546, 'R2 - std': 0.12290875935040402} 
 

{'MSE - mean': 61075784.17514175, 'MSE - std': 82747626.5724666, 'R2 - mean': 0.8346086023692997, 'R2 - std': 0.10044884511998897} 
 

{'MSE - mean': 72556518.94319141, 'MSE - std': 74369342.40649971, 'R2 - mean': 0.8329850159540849, 'R2 - std': 0.08703669319888975} 
 

{'MSE - mean': 67324970.08066341, 'MSE - std': 67335842.5059361, 'R2 - mean': 0.7249751181545555, 'R2 - std': 0.22961894708637892} 
 

Finished cross validation
Hyperparam was saved!!! Hurrah!!!
Trial 32 finished with value: 67324970.08066341 and parameters: {'max_depth': 6, 'n_estimators': 50}. Best is trial 14 with value: 29867821.292784523.
{'MSE - mean': 283455.9239632723, 'MSE - std': 0.0, 'R2 - mean': 0.9861801361143281, 'R2 - std': 0.0} 
 

{'MSE - mean': 12010794.866027085, 'MSE - std': 11727338.942063814, 'R2 - mean': 0.974079939261971, 'R2 - std': 0.012100196852357026} 
 

{'MSE - mean': 9197260.87390095, 'MSE - std': 10369133.658334048, 'R2 - mean': 0.9356621229332793, 'R2 - std': 0.05522197991296026} 
 

{'MSE - mean': 17918382.978243057, 'MSE - std': 17573079.18080467, 'R2 - mean': 0.9340430532871474, 'R2 - std': 0.04790578731935857} 
 

{'MSE - mean': 23468008.87883705, 'MSE - std': 19241722.377740487, 'R2 - mean': 0.8080533162298614, 'R2 - std': 0.2555966098014726} 
 

Finished cross validation
Hyperparam was saved!!! Hurrah!!!
Trial 33 finished with value: 23468008.87883705 and parameters: {'max_depth': 8, 'n_estimators': 32}. Best is trial 33 with value: 23468008.87883705.
{'MSE - mean': 318115.7267943567, 'MSE - std': 0.0, 'R2 - mean': 0.9844903010573197, 'R2 - std': 0.0} 
 

{'MSE - mean': 55774463.55175555, 'MSE - std': 55456347.824961185, 'R2 - mean': 0.9031685589414774, 'R2 - std': 0.08132174211584231} 
 

{'MSE - mean': 38371377.2386937, 'MSE - std': 51536451.52538618, 'R2 - mean': 0.888453618642644, 'R2 - std': 0.06958359071289845} 
 

{'MSE - mean': 40463513.42329277, 'MSE - std': 44778739.132718846, 'R2 - mean': 0.8975691343218777, 'R2 - std': 0.06229514387711279} 
 

{'MSE - mean': 41651664.349000625, 'MSE - std': 40121754.61195473, 'R2 - mean': 0.7766256701522253, 'R2 - std': 0.24822134086729952} 
 

Finished cross validation
Hyperparam was saved!!! Hurrah!!!
Trial 34 finished with value: 41651664.349000625 and parameters: {'max_depth': 8, 'n_estimators': 34}. Best is trial 33 with value: 23468008.87883705.
{'MSE - mean': 2350305.7426874037, 'MSE - std': 0.0, 'R2 - mean': 0.8854110896695825, 'R2 - std': 0.0} 
 

{'MSE - mean': 18372981.70317718, 'MSE - std': 16022675.960489776, 'R2 - mean': 0.9151605875324269, 'R2 - std': 0.02974949786284442} 
 

{'MSE - mean': 14373382.830764808, 'MSE - std': 14252871.485083604, 'R2 - mean': 0.8594238218999269, 'R2 - std': 0.08248148783255574} 
 

{'MSE - mean': 30762443.669894382, 'MSE - std': 30954195.268877584, 'R2 - mean': 0.862467569357711, 'R2 - std': 0.07162534517937298} 
 

{'MSE - mean': 33979487.03188858, 'MSE - std': 28424060.85989204, 'R2 - mean': 0.747193059072919, 'R2 - std': 0.23928435582638058} 
 

Finished cross validation
Hyperparam was saved!!! Hurrah!!!
Trial 35 finished with value: 33979487.03188858 and parameters: {'max_depth': 4, 'n_estimators': 19}. Best is trial 33 with value: 23468008.87883705.
{'MSE - mean': 1449920.82129738, 'MSE - std': 0.0, 'R2 - mean': 0.9293092622120405, 'R2 - std': 0.0} 
 

{'MSE - mean': 39682883.94588152, 'MSE - std': 38232963.124584146, 'R2 - mean': 0.9022575488429123, 'R2 - std': 0.02705171336912815} 
 

{'MSE - mean': 28101619.553298626, 'MSE - std': 35252768.44049307, 'R2 - mean': 0.869737422226855, 'R2 - std': 0.05101941526895192} 
 

{'MSE - mean': 34162039.87924351, 'MSE - std': 32283964.21786899, 'R2 - mean': 0.8812816308504007, 'R2 - std': 0.048497853653756286} 
 

{'MSE - mean': 36785322.63293737, 'MSE - std': 29348422.889821988, 'R2 - mean': 0.760931348833809, 'R2 - std': 0.2445779936402895} 
 

Finished cross validation
Hyperparam was saved!!! Hurrah!!!
Trial 36 finished with value: 36785322.63293737 and parameters: {'max_depth': 5, 'n_estimators': 27}. Best is trial 33 with value: 23468008.87883705.
{'MSE - mean': 9445419.918852244, 'MSE - std': 0.0, 'R2 - mean': 0.5394895411024602, 'R2 - std': 0.0} 
 

{'MSE - mean': 25784572.727683693, 'MSE - std': 16339152.808831448, 'R2 - mean': 0.7360109709924132, 'R2 - std': 0.19652142988995308} 
 

{'MSE - mean': 21696874.992366552, 'MSE - std': 14539503.2660747, 'R2 - mean': 0.6457840097508787, 'R2 - std': 0.20500957052559904} 
 

{'MSE - mean': 36827618.2596522, 'MSE - std': 29075179.137533735, 'R2 - mean': 0.7013179411187643, 'R2 - std': 0.2019250989967246} 
 

{'MSE - mean': 40161675.23920877, 'MSE - std': 26846910.01354646, 'R2 - mean': 0.5980049318439632, 'R2 - std': 0.2744327021794782} 
 

Finished cross validation
Hyperparam was saved!!! Hurrah!!!
Trial 37 finished with value: 40161675.23920877 and parameters: {'max_depth': 2, 'n_estimators': 24}. Best is trial 33 with value: 23468008.87883705.
{'MSE - mean': 258177.18063495538, 'MSE - std': 0.0, 'R2 - mean': 0.9874125985977844, 'R2 - std': 0.0} 
 

{'MSE - mean': 49926379.97363216, 'MSE - std': 49668202.792997204, 'R2 - mean': 0.913948309011896, 'R2 - std': 0.07346428958588841} 
 

{'MSE - mean': 34473393.48600561, 'MSE - std': 46067448.68738012, 'R2 - mean': 0.8956109114792897, 'R2 - std': 0.06534922743315731} 
 

{'MSE - mean': 60686430.094062604, 'MSE - std': 60440278.259363666, 'R2 - mean': 0.8657540720520225, 'R2 - std': 0.07666279232026285} 
 

{'MSE - mean': 57479842.929248706, 'MSE - std': 54438502.86183156, 'R2 - mean': 0.7565095799660135, 'R2 - std': 0.2289960331219564} 
 

Finished cross validation
Hyperparam was saved!!! Hurrah!!!
Trial 38 finished with value: 57479842.929248706 and parameters: {'max_depth': 8, 'n_estimators': 14}. Best is trial 33 with value: 23468008.87883705.
{'MSE - mean': 847529.1216284692, 'MSE - std': 0.0, 'R2 - mean': 0.9586788064391761, 'R2 - std': 0.0} 
 

{'MSE - mean': 64379193.267512225, 'MSE - std': 63531664.14588376, 'R2 - mean': 0.8769049872124024, 'R2 - std': 0.08177381922677374} 
 

{'MSE - mean': 44383113.960428216, 'MSE - std': 59080746.50911215, 'R2 - mean': 0.8600605529904716, 'R2 - std': 0.07089034914901526} 
 

{'MSE - mean': 53541883.11900071, 'MSE - std': 53568181.91385192, 'R2 - mean': 0.8625079425939594, 'R2 - std': 0.06153901485615241} 
 

{'MSE - mean': 52079390.280414, 'MSE - std': 48002037.7906615, 'R2 - mean': 0.7491096170714848, 'R2 - std': 0.23338029309429065} 
 

Finished cross validation
Hyperparam was saved!!! Hurrah!!!
Trial 39 finished with value: 52079390.280414 and parameters: {'max_depth': 6, 'n_estimators': 32}. Best is trial 33 with value: 23468008.87883705.
{'MSE - mean': 183021.15535620574, 'MSE - std': 0.0, 'R2 - mean': 0.9910768227389423, 'R2 - std': 0.0} 
 

{'MSE - mean': 55542480.74087902, 'MSE - std': 55359459.58552282, 'R2 - mean': 0.9067251884646813, 'R2 - std': 0.08435163427426096} 
 

{'MSE - mean': 38167054.006204255, 'MSE - std': 51448266.10772733, 'R2 - mean': 0.8927886911570972, 'R2 - std': 0.07163740213208725} 
 

{'MSE - mean': 47954530.17390761, 'MSE - std': 47671554.760871045, 'R2 - mean': 0.8885404868510233, 'R2 - std': 0.06247463291332107} 
 

{'MSE - mean': 47470831.551619686, 'MSE - std': 42649707.66703793, 'R2 - mean': 0.7720489224326786, 'R2 - std': 0.23959048839354363} 
 

Finished cross validation
Hyperparam was saved!!! Hurrah!!!
Trial 40 finished with value: 47470831.551619686 and parameters: {'max_depth': 10, 'n_estimators': 46}. Best is trial 33 with value: 23468008.87883705.
{'MSE - mean': 2399217.4176694937, 'MSE - std': 0.0, 'R2 - mean': 0.8830264060784916, 'R2 - std': 0.0} 
 

{'MSE - mean': 43849063.78228961, 'MSE - std': 41449846.36462012, 'R2 - mean': 0.873203567534973, 'R2 - std': 0.009822838543518675} 
 

{'MSE - mean': 31376352.510709673, 'MSE - std': 38164515.30801182, 'R2 - mean': 0.8307045348721319, 'R2 - std': 0.060635476353279705} 
 

{'MSE - mean': 43923420.20671864, 'MSE - std': 39556091.75368942, 'R2 - mean': 0.8402714778100117, 'R2 - std': 0.05506428003680604} 
 

{'MSE - mean': 44452230.60256481, 'MSE - std': 35395848.31021934, 'R2 - mean': 0.7302901359227437, 'R2 - std': 0.22540905527967117} 
 

Finished cross validation
Hyperparam was saved!!! Hurrah!!!
Trial 41 finished with value: 44452230.60256481 and parameters: {'max_depth': 4, 'n_estimators': 18}. Best is trial 33 with value: 23468008.87883705.
{'MSE - mean': 5361472.10719537, 'MSE - std': 0.0, 'R2 - mean': 0.7386019889361446, 'R2 - std': 0.0} 
 

{'MSE - mean': 57447131.02110684, 'MSE - std': 52085658.91391147, 'R2 - mean': 0.7815842236049892, 'R2 - std': 0.042982234668844654} 
 

{'MSE - mean': 41472181.99221071, 'MSE - std': 48156085.48545596, 'R2 - mean': 0.7288785940412517, 'R2 - std': 0.0823857700506481} 
 

{'MSE - mean': 38287596.44790705, 'MSE - std': 42067578.75405797, 'R2 - mean': 0.785119234438302, 'R2 - std': 0.12074597395747688} 
 

{'MSE - mean': 40670847.24667536, 'MSE - std': 37927094.316100925, 'R2 - mean': 0.6750854887332731, 'R2 - std': 0.24513949693402654} 
 

Finished cross validation
Hyperparam was saved!!! Hurrah!!!
Trial 42 finished with value: 40670847.24667536 and parameters: {'max_depth': 3, 'n_estimators': 15}. Best is trial 33 with value: 23468008.87883705.
{'MSE - mean': 2711839.7839931287, 'MSE - std': 0.0, 'R2 - mean': 0.8677845353502259, 'R2 - std': 0.0} 
 

{'MSE - mean': 54892600.92256557, 'MSE - std': 52180761.13857244, 'R2 - mean': 0.8481450720542512, 'R2 - std': 0.019639463295974713} 
 

{'MSE - mean': 38736604.552200966, 'MSE - std': 48345151.35397727, 'R2 - mean': 0.8140821492834985, 'R2 - std': 0.05077109835075271} 
 

{'MSE - mean': 37769178.687337495, 'MSE - std': 41901646.54272249, 'R2 - mean': 0.8465588205537342, 'R2 - std': 0.07139664453733939} 
 

{'MSE - mean': 39848037.10655813, 'MSE - std': 37707890.3639763, 'R2 - mean': 0.7304557699894048, 'R2 - std': 0.24082702938483855} 
 

Finished cross validation
Hyperparam was saved!!! Hurrah!!!
Trial 43 finished with value: 39848037.10655813 and parameters: {'max_depth': 4, 'n_estimators': 21}. Best is trial 33 with value: 23468008.87883705.
{'MSE - mean': 1429181.6050496693, 'MSE - std': 0.0, 'R2 - mean': 0.9303204005281196, 'R2 - std': 0.0} 
 

{'MSE - mean': 28786951.902730584, 'MSE - std': 27357770.297680914, 'R2 - mean': 0.9201980137320938, 'R2 - std': 0.01012238679602584} 
 

{'MSE - mean': 20782847.42654583, 'MSE - std': 25041893.71244002, 'R2 - mean': 0.8838653374932305, 'R2 - std': 0.052042628696627444} 
 

{'MSE - mean': 22671364.59239842, 'MSE - std': 21932209.687717676, 'R2 - mean': 0.9015186993721542, 'R2 - std': 0.05446329000460758} 
 

{'MSE - mean': 27636910.954188067, 'MSE - std': 21987361.37223253, 'R2 - mean': 0.7764485348044754, 'R2 - std': 0.2548395264209339} 
 

Finished cross validation
Hyperparam was saved!!! Hurrah!!!
Trial 44 finished with value: 27636910.954188067 and parameters: {'max_depth': 5, 'n_estimators': 10}. Best is trial 33 with value: 23468008.87883705.
{'MSE - mean': 492620.80454984866, 'MSE - std': 0.0, 'R2 - mean': 0.9759823242677714, 'R2 - std': 0.0} 
 

{'MSE - mean': 19561062.48147304, 'MSE - std': 19068441.67692319, 'R2 - mean': 0.9570556279725921, 'R2 - std': 0.018926696295179346} 
 

{'MSE - mean': 14343779.851306418, 'MSE - std': 17229153.24124271, 'R2 - mean': 0.91984402020342, 'R2 - std': 0.05484724904040364} 
 

{'MSE - mean': 20480759.171714418, 'MSE - std': 18319943.684275188, 'R2 - mean': 0.9242638374963226, 'R2 - std': 0.04811205566365839} 
 

{'MSE - mean': 25693755.7981857, 'MSE - std': 19421575.749315903, 'R2 - mean': 0.7975502514013055, 'R2 - std': 0.25705475588750254} 
 

Finished cross validation
Hyperparam was saved!!! Hurrah!!!
Trial 45 finished with value: 25693755.7981857 and parameters: {'max_depth': 7, 'n_estimators': 8}. Best is trial 33 with value: 23468008.87883705.
{'MSE - mean': 606158.5891581463, 'MSE - std': 0.0, 'R2 - mean': 0.9704468014703339, 'R2 - std': 0.0} 
 

{'MSE - mean': 35514362.9325651, 'MSE - std': 34908204.34340695, 'R2 - mean': 0.928827136191908, 'R2 - std': 0.04161966527842581} 
 

{'MSE - mean': 24960528.798743263, 'MSE - std': 32173829.68867425, 'R2 - mean': 0.9017678147203688, 'R2 - std': 0.051178232178590126} 
 

{'MSE - mean': 54154902.400869906, 'MSE - std': 57734745.49773739, 'R2 - mean': 0.8694028793161466, 'R2 - std': 0.0714624077249899} 
 

{'MSE - mean': 52694163.53562368, 'MSE - std': 51722100.714110315, 'R2 - mean': 0.7527304947790034, 'R2 - std': 0.24194065765929917} 
 

Finished cross validation
Hyperparam was saved!!! Hurrah!!!
Trial 46 finished with value: 52694163.53562368 and parameters: {'max_depth': 7, 'n_estimators': 6}. Best is trial 33 with value: 23468008.87883705.
{'MSE - mean': 309080.6147278413, 'MSE - std': 0.0, 'R2 - mean': 0.9849308069998494, 'R2 - std': 0.0} 
 

{'MSE - mean': 69958781.35713057, 'MSE - std': 69649700.74240273, 'R2 - mean': 0.8806632185822147, 'R2 - std': 0.10426758841763462} 
 

{'MSE - mean': 47838178.60226137, 'MSE - std': 64905284.90152624, 'R2 - mean': 0.8730313258628887, 'R2 - std': 0.08581556717312293} 
 

{'MSE - mean': 38235181.96043193, 'MSE - std': 58618893.19681992, 'R2 - mean': 0.9009878697299686, 'R2 - std': 0.08870140197262652} 
 

{'MSE - mean': 39696195.12955539, 'MSE - std': 52511693.45600609, 'R2 - mean': 0.7819939953486813, 'R2 - std': 0.2508635476321856} 
 

Finished cross validation
Hyperparam was saved!!! Hurrah!!!
Trial 47 finished with value: 39696195.12955539 and parameters: {'max_depth': 8, 'n_estimators': 8}. Best is trial 33 with value: 23468008.87883705.
{'MSE - mean': 1815930.4935135564, 'MSE - std': 0.0, 'R2 - mean': 0.9114644989763906, 'R2 - std': 0.0} 
 

{'MSE - mean': 17373008.486255705, 'MSE - std': 15557077.99274215, 'R2 - mean': 0.9293609605628113, 'R2 - std': 0.017896461586420664} 
 

{'MSE - mean': 13183286.314831698, 'MSE - std': 14016276.0459267, 'R2 - mean': 0.8895890445738358, 'R2 - std': 0.0581131037524618} 
 

{'MSE - mean': 82007221.54483674, 'MSE - std': 119822970.1571385, 'R2 - mean': 0.8013365878836369, 'R2 - std': 0.16092960559317418} 
 

{'MSE - mean': 75094659.31288132, 'MSE - std': 108060952.2827993, 'R2 - mean': 0.6964695161328581, 'R2 - std': 0.25437586622050373} 
 

Finished cross validation
Hyperparam was saved!!! Hurrah!!!
