Trial 17 finished with value: 3.7405154995176653 and parameters: {'max_depth': 6, 'n_estimators': 39}. Best is trial 14 with value: 3.409621630517988.
{'MSE - mean': 4.5226403434920925, 'MSE - std': 0.0, 'R2 - mean': 0.417771682345744, 'R2 - std': 0.0} 
 

{'MSE - mean': 4.391741077993331, 'MSE - std': 0.13089926549876196, 'R2 - mean': 0.4227296898022378, 'R2 - std': 0.004958007456493774} 
 

{'MSE - mean': 4.282763293955875, 'MSE - std': 0.1875510418512937, 'R2 - mean': 0.4271430596329324, 'R2 - std': 0.007439325136332568} 
 

{'MSE - mean': 4.154802402536426, 'MSE - std': 0.27477902789916336, 'R2 - mean': 0.4320262064776608, 'R2 - std': 0.010632169965938047} 
 

{'MSE - mean': 4.1863462420300035, 'MSE - std': 0.25373779099407684, 'R2 - mean': 0.43192792014651404, 'R2 - std': 0.009511733351983605} 
 

Finished cross validation
Hyperparam was saved!!! Hurrah!!!
Trial 18 finished with value: 4.1863462420300035 and parameters: {'max_depth': 3, 'n_estimators': 9}. Best is trial 14 with value: 3.409621630517988.
{'MSE - mean': 3.3442142288537324, 'MSE - std': 0.0, 'R2 - mean': 0.5694779870916044, 'R2 - std': 0.0} 
 

{'MSE - mean': 3.4480677898917405, 'MSE - std': 0.10385356103800825, 'R2 - mean': 0.546193610149329, 'R2 - std': 0.02328437694227542} 
 

{'MSE - mean': 3.354790104292757, 'MSE - std': 0.15681781793402566, 'R2 - mean': 0.5509216441275745, 'R2 - std': 0.02015316559895407} 
 

{'MSE - mean': 3.3140373867247916, 'MSE - std': 0.15305627391163984, 'R2 - mean': 0.5461051303140598, 'R2 - std': 0.019344481866710228} 
 

{'MSE - mean': 3.278124616920766, 'MSE - std': 0.15459588133892693, 'R2 - mean': 0.5542484970267316, 'R2 - std': 0.023761836389921322} 
 

Finished cross validation
Hyperparam was saved!!! Hurrah!!!
Trial 19 finished with value: 3.278124616920766 and parameters: {'max_depth': 12, 'n_estimators': 31}. Best is trial 19 with value: 3.278124616920766.
{'MSE - mean': 4.343939963836848, 'MSE - std': 0.0, 'R2 - mean': 0.4407769212125855, 'R2 - std': 0.0} 
 

{'MSE - mean': 4.307874147152391, 'MSE - std': 0.03606581668445763, 'R2 - mean': 0.4334958029969166, 'R2 - std': 0.0072811182156689025} 
 

{'MSE - mean': 4.22268294957251, 'MSE - std': 0.12402516832858186, 'R2 - mean': 0.4348989642164108, 'R2 - std': 0.006267443215763128} 
 

{'MSE - mean': 4.132865676423843, 'MSE - std': 0.18904525768129382, 'R2 - mean': 0.43445011294676905, 'R2 - std': 0.005483159284015782} 
 

{'MSE - mean': 4.158186862238407, 'MSE - std': 0.17650817931657456, 'R2 - mean': 0.4352656273983963, 'R2 - std': 0.005168392774389582} 
 

Finished cross validation
Hyperparam was saved!!! Hurrah!!!
Trial 20 finished with value: 4.158186862238407 and parameters: {'max_depth': 3, 'n_estimators': 33}. Best is trial 19 with value: 3.278124616920766.
{'MSE - mean': 3.4752673293989065, 'MSE - std': 0.0, 'R2 - mean': 0.5526066861570545, 'R2 - std': 0.0} 
 

{'MSE - mean': 3.386538370185472, 'MSE - std': 0.0887289592134346, 'R2 - mean': 0.5548239992009096, 'R2 - std': 0.0022173130438550848} 
 

{'MSE - mean': 3.3157793514252307, 'MSE - std': 0.12354039666126979, 'R2 - mean': 0.5563964886226416, 'R2 - std': 0.0028675943551842} 
 

{'MSE - mean': 3.291070612007673, 'MSE - std': 0.11523123541918762, 'R2 - mean': 0.5492881138485115, 'R2 - std': 0.012560027819550276} 
 

{'MSE - mean': 3.27250730262274, 'MSE - std': 0.10954896582929838, 'R2 - mean': 0.555113407668385, 'R2 - std': 0.01618454915694988} 
 

Finished cross validation
Hyperparam was saved!!! Hurrah!!!
Trial 21 finished with value: 3.27250730262274 and parameters: {'max_depth': 12, 'n_estimators': 30}. Best is trial 21 with value: 3.27250730262274.
{'MSE - mean': 3.3093558015856748, 'MSE - std': 0.0, 'R2 - mean': 0.5739655346131665, 'R2 - std': 0.0} 
 

{'MSE - mean': 3.3708101758639444, 'MSE - std': 0.061454374278269386, 'R2 - mean': 0.5564734789132797, 'R2 - std': 0.01749205569988682} 
 

{'MSE - mean': 3.304543050802548, 'MSE - std': 0.10630345152641056, 'R2 - mean': 0.5576003275438913, 'R2 - std': 0.01437083565459057} 
 

{'MSE - mean': 3.269987034909482, 'MSE - std': 0.10980743398343487, 'R2 - mean': 0.5520481175825668, 'R2 - std': 0.01572805755401265} 
 

{'MSE - mean': 3.2369779724513235, 'MSE - std': 0.11834074050760184, 'R2 - mean': 0.559781448039364, 'R2 - std': 0.02090729622294519} 
 

Finished cross validation
Hyperparam was saved!!! Hurrah!!!
Trial 22 finished with value: 3.2369779724513235 and parameters: {'max_depth': 12, 'n_estimators': 39}. Best is trial 22 with value: 3.2369779724513235.
{'MSE - mean': 3.6770832622740564, 'MSE - std': 0.0, 'R2 - mean': 0.5266256347911626, 'R2 - std': 0.0} 
 

{'MSE - mean': 3.6852929438055515, 'MSE - std': 0.008209681531494928, 'R2 - mean': 0.5152589015603453, 'R2 - std': 0.011366733230817438} 
 

{'MSE - mean': 3.619504065207119, 'MSE - std': 0.09328068221794021, 'R2 - mean': 0.5155117701373148, 'R2 - std': 0.009287785954044704} 
 

{'MSE - mean': 3.5913867012088447, 'MSE - std': 0.09432774104640468, 'R2 - mean': 0.5079830079171134, 'R2 - std': 0.015321357891881035} 
 

{'MSE - mean': 3.559221275474436, 'MSE - std': 0.10609729796482589, 'R2 - mean': 0.5159449430428412, 'R2 - std': 0.021008685106547794} 
 

Finished cross validation
Hyperparam was saved!!! Hurrah!!!
Trial 23 finished with value: 3.559221275474436 and parameters: {'max_depth': 8, 'n_estimators': 32}. Best is trial 22 with value: 3.2369779724513235.
{'MSE - mean': 3.671947362902762, 'MSE - std': 0.0, 'R2 - mean': 0.5272868118522335, 'R2 - std': 0.0} 
 

{'MSE - mean': 3.6278897325249644, 'MSE - std': 0.04405763037779753, 'R2 - mean': 0.522954911342332, 'R2 - std': 0.004331900509901565} 
 

{'MSE - mean': 3.545268123731488, 'MSE - std': 0.12225673945533223, 'R2 - mean': 0.5256332205407731, 'R2 - std': 0.005182366416676706} 
 

{'MSE - mean': 3.508481262989719, 'MSE - std': 0.12357124312067776, 'R2 - mean': 0.5195694558263446, 'R2 - std': 0.01142148934217267} 
 

{'MSE - mean': 3.475574631879615, 'MSE - std': 0.128636181477754, 'R2 - mean': 0.5274974803571124, 'R2 - std': 0.018861988942752428} 
 

Finished cross validation
Hyperparam was saved!!! Hurrah!!!
Trial 24 finished with value: 3.475574631879615 and parameters: {'max_depth': 9, 'n_estimators': 46}. Best is trial 22 with value: 3.2369779724513235.
{'MSE - mean': 3.4202763592414107, 'MSE - std': 0.0, 'R2 - mean': 0.5596860242448257, 'R2 - std': 0.0} 
 

{'MSE - mean': 3.4214653107986814, 'MSE - std': 0.0011889515572705012, 'R2 - mean': 0.5499791461802355, 'R2 - std': 0.009706878064590307} 
 

{'MSE - mean': 3.324252549325822, 'MSE - std': 0.1374830330994641, 'R2 - mean': 0.5552218113411519, 'R2 - std': 0.010852959526607921} 
 

{'MSE - mean': 3.2687474806439845, 'MSE - std': 0.15303145506985774, 'R2 - mean': 0.5526151647752701, 'R2 - std': 0.010427073742086615} 
 

{'MSE - mean': 3.2405422877199896, 'MSE - std': 0.14804402258840912, 'R2 - mean': 0.5596345313342678, 'R2 - std': 0.016854231546309894} 
 

Finished cross validation
Hyperparam was saved!!! Hurrah!!!
Trial 25 finished with value: 3.2405422877199896 and parameters: {'max_depth': 12, 'n_estimators': 94}. Best is trial 22 with value: 3.2369779724513235.
{'MSE - mean': 3.880825831000928, 'MSE - std': 0.0, 'R2 - mean': 0.500396555312159, 'R2 - std': 0.0} 
 

{'MSE - mean': 3.8825725015923664, 'MSE - std': 0.001746670591438626, 'R2 - mean': 0.4893292114194877, 'R2 - std': 0.011067343892671277} 
 

{'MSE - mean': 3.8168791484277165, 'MSE - std': 0.09291537658249874, 'R2 - mean': 0.4890872586047248, 'R2 - std': 0.00904292446547256} 
 

{'MSE - mean': 3.7895788534566464, 'MSE - std': 0.09333203480382814, 'R2 - mean': 0.48080429409743597, 'R2 - std': 0.016344826865194992} 
 

{'MSE - mean': 3.754298982205102, 'MSE - std': 0.1093040357836824, 'R2 - mean': 0.48938747660718274, 'R2 - std': 0.022547877509536282} 
 

Finished cross validation
Hyperparam was saved!!! Hurrah!!!
Trial 26 finished with value: 3.754298982205102 and parameters: {'max_depth': 6, 'n_estimators': 95}. Best is trial 22 with value: 3.2369779724513235.
{'MSE - mean': 3.5288954674370303, 'MSE - std': 0.0, 'R2 - mean': 0.5457027941343786, 'R2 - std': 0.0} 
 

{'MSE - mean': 3.5169448399157766, 'MSE - std': 0.011950627521253532, 'R2 - mean': 0.5374576184354597, 'R2 - std': 0.008245175698918916} 
 

{'MSE - mean': 3.4278434084259093, 'MSE - std': 0.12638568689737592, 'R2 - mean': 0.541332376295941, 'R2 - std': 0.008680405817630417} 
 

{'MSE - mean': 3.3783558261014246, 'MSE - std': 0.13902182851034287, 'R2 - mean': 0.5375150245999112, 'R2 - std': 0.010011423764011214} 
 

{'MSE - mean': 3.3561264927579124, 'MSE - std': 0.13205388326541298, 'R2 - mean': 0.5438770405303218, 'R2 - std': 0.015559044682154535} 
 

Finished cross validation
Hyperparam was saved!!! Hurrah!!!
Trial 27 finished with value: 3.3561264927579124 and parameters: {'max_depth': 10, 'n_estimators': 96}. Best is trial 22 with value: 3.2369779724513235.
{'MSE - mean': 3.6862913817649323, 'MSE - std': 0.0, 'R2 - mean': 0.5254402148787334, 'R2 - std': 0.0} 
 

{'MSE - mean': 3.692958263663404, 'MSE - std': 0.006666881898471422, 'R2 - mean': 0.5142550059977821, 'R2 - std': 0.011185208880951314} 
 

{'MSE - mean': 3.6192587919304806, 'MSE - std': 0.10436884501735151, 'R2 - mean': 0.5155856304184986, 'R2 - std': 0.009324540444709458} 
 

{'MSE - mean': 3.5589083142327294, 'MSE - std': 0.13818893708518176, 'R2 - mean': 0.5127771133073324, 'R2 - std': 0.00942727935143037} 
 

{'MSE - mean': 3.5299082267144577, 'MSE - std': 0.13653192363127217, 'R2 - mean': 0.5202192238834876, 'R2 - std': 0.017106692143334098} 
 

Finished cross validation
Hyperparam was saved!!! Hurrah!!!
Trial 28 finished with value: 3.5299082267144577 and parameters: {'max_depth': 8, 'n_estimators': 54}. Best is trial 22 with value: 3.2369779724513235.
{'MSE - mean': 4.161013760507743, 'MSE - std': 0.0, 'R2 - mean': 0.46432617729536063, 'R2 - std': 0.0} 
 

{'MSE - mean': 4.083224472071935, 'MSE - std': 0.07778928843580735, 'R2 - mean': 0.4631599274993914, 'R2 - std': 0.001166249795969243} 
 

{'MSE - mean': 4.010213027001236, 'MSE - std': 0.12122482344603695, 'R2 - mean': 0.46337574220146255, 'R2 - std': 0.0009999555135066318} 
 

{'MSE - mean': 3.917081568694435, 'MSE - std': 0.19246298070978896, 'R2 - mean': 0.4640881736711775, 'R2 - std': 0.0015075175185930774} 
 

{'MSE - mean': 3.9079813956045832, 'MSE - std': 0.17310358677976131, 'R2 - mean': 0.46920222715094895, 'R2 - std': 0.010316601147225764} 
 

Finished cross validation
Hyperparam was saved!!! Hurrah!!!
Trial 29 finished with value: 3.9079813956045832 and parameters: {'max_depth': 5, 'n_estimators': 16}. Best is trial 22 with value: 3.2369779724513235.
{'MSE - mean': 3.5736592351309726, 'MSE - std': 0.0, 'R2 - mean': 0.5399400690055027, 'R2 - std': 0.0} 
 

{'MSE - mean': 3.5673176128908075, 'MSE - std': 0.006341622240164879, 'R2 - mean': 0.5308165457203939, 'R2 - std': 0.009123523285108792} 
 

{'MSE - mean': 3.4774666024811984, 'MSE - std': 0.12717397109870188, 'R2 - mean': 0.5346791073397686, 'R2 - std': 0.009237489699563804} 
 

{'MSE - mean': 3.4005580472548234, 'MSE - std': 0.17284296860093915, 'R2 - mean': 0.5347283183114709, 'R2 - std': 0.008000354812217282} 
 

{'MSE - mean': 3.394276436670677, 'MSE - std': 0.15510508683454466, 'R2 - mean': 0.5389601610906093, 'R2 - std': 0.01108325380592159} 
 

Finished cross validation
Hyperparam was saved!!! Hurrah!!!
Trial 30 finished with value: 3.394276436670677 and parameters: {'max_depth': 10, 'n_estimators': 21}. Best is trial 22 with value: 3.2369779724513235.
{'MSE - mean': 3.5029172730100298, 'MSE - std': 0.0, 'R2 - mean': 0.5490471326818143, 'R2 - std': 0.0} 
 

{'MSE - mean': 3.4451935980011115, 'MSE - std': 0.05772367500891806, 'R2 - mean': 0.5470226642410687, 'R2 - std': 0.002024468440745497} 
 

{'MSE - mean': 3.376936697167747, 'MSE - std': 0.10742140131482955, 'R2 - mean': 0.5481354186308001, 'R2 - std': 0.0022822707206016793} 
 

{'MSE - mean': 3.2996949907647015, 'MSE - std': 0.16295202275361337, 'R2 - mean': 0.5485572401417358, 'R2 - std': 0.0021072185204318644} 
 

{'MSE - mean': 3.266190351164404, 'MSE - std': 0.16041487734801457, 'R2 - mean': 0.556270866878567, 'R2 - std': 0.01554195758760476} 
 

Finished cross validation
Hyperparam was saved!!! Hurrah!!!
Trial 31 finished with value: 3.266190351164404 and parameters: {'max_depth': 12, 'n_estimators': 29}. Best is trial 22 with value: 3.2369779724513235.
