Trial 95 finished with value: 4.604623359692931 and parameters: {'max_depth': 10, 'n_estimators': 53}. Best is trial 61 with value: 4.543890243800494.
{'MSE - mean': 4.614847635943485, 'MSE - std': 0.0, 'R2 - mean': 0.57914114464182, 'R2 - std': 0.0} 
 

{'MSE - mean': 4.405280219875821, 'MSE - std': 0.20956741606766371, 'R2 - mean': 0.5659462885626872, 'R2 - std': 0.013194856079132733} 
 

{'MSE - mean': 4.482115714473372, 'MSE - std': 0.20269777431343186, 'R2 - mean': 0.5585790740715799, 'R2 - std': 0.014987367458918417} 
 

{'MSE - mean': 4.427431883869044, 'MSE - std': 0.1994636678004362, 'R2 - mean': 0.5549736057949649, 'R2 - std': 0.014403613851826104} 
 

{'MSE - mean': 4.606159991895263, 'MSE - std': 0.39950413040724536, 'R2 - mean': 0.5559686820331959, 'R2 - std': 0.013035796119669164} 
 

Finished cross validation
Hyperparam was saved!!! Hurrah!!!
Trial 96 finished with value: 4.606159991895263 and parameters: {'max_depth': 10, 'n_estimators': 63}. Best is trial 61 with value: 4.543890243800494.
{'MSE - mean': 4.663701114493915, 'MSE - std': 0.0, 'R2 - mean': 0.5746858688266747, 'R2 - std': 0.0} 
 

{'MSE - mean': 4.430173665418026, 'MSE - std': 0.2335274490758894, 'R2 - mean': 0.5636689013707564, 'R2 - std': 0.011016967455918292} 
 

{'MSE - mean': 4.478648443875785, 'MSE - std': 0.20262359505822383, 'R2 - mean': 0.5590349791854926, 'R2 - std': 0.01112933889566984} 
 

{'MSE - mean': 4.435933266821564, 'MSE - std': 0.1904363410908209, 'R2 - mean': 0.5541285206916864, 'R2 - std': 0.01284977210091016} 
 

{'MSE - mean': 4.615489991596499, 'MSE - std': 0.3974610291010346, 'R2 - mean': 0.5550834752681699, 'R2 - std': 0.011650796857247594} 
 

Finished cross validation
Hyperparam was saved!!! Hurrah!!!
Trial 97 finished with value: 4.615489991596499 and parameters: {'max_depth': 11, 'n_estimators': 73}. Best is trial 61 with value: 4.543890243800494.
{'MSE - mean': 4.56515626451565, 'MSE - std': 0.0, 'R2 - mean': 0.5836728335186989, 'R2 - std': 0.0} 
 

{'MSE - mean': 4.388539918025053, 'MSE - std': 0.1766163464905972, 'R2 - mean': 0.5673481269331533, 'R2 - std': 0.016324706585545634} 
 

{'MSE - mean': 4.479911195688025, 'MSE - std': 0.1936310322804318, 'R2 - mean': 0.5586324055330358, 'R2 - std': 0.0181546586064946} 
 

{'MSE - mean': 4.415537497015621, 'MSE - std': 0.2013744068614126, 'R2 - mean': 0.556108577078584, 'R2 - std': 0.016318788314126743} 
 

{'MSE - mean': 4.586672417912993, 'MSE - std': 0.386768620745308, 'R2 - mean': 0.5577013456524154, 'R2 - std': 0.014939542447885175} 
 

Finished cross validation
Hyperparam was saved!!! Hurrah!!!
Trial 98 finished with value: 4.586672417912993 and parameters: {'max_depth': 9, 'n_estimators': 86}. Best is trial 61 with value: 4.543890243800494.
{'MSE - mean': 4.52953307619336, 'MSE - std': 0.0, 'R2 - mean': 0.586921550582456, 'R2 - std': 0.0} 
 

{'MSE - mean': 4.364951642532998, 'MSE - std': 0.16458143366036193, 'R2 - mean': 0.5695882598449902, 'R2 - std': 0.017333290737465867} 
 

{'MSE - mean': 4.467048872639922, 'MSE - std': 0.19724533199752203, 'R2 - mean': 0.5598440929307241, 'R2 - std': 0.019753300725849212} 
 

{'MSE - mean': 4.40465422145671, 'MSE - std': 0.20213502476051456, 'R2 - mean': 0.5571495533930391, 'R2 - std': 0.017732069736351153} 
 

{'MSE - mean': 4.587193023050479, 'MSE - std': 0.4073923304839023, 'R2 - mean': 0.5577710380552509, 'R2 - std': 0.015908677206144896} 
 

Finished cross validation
Hyperparam was saved!!! Hurrah!!!
Trial 99 finished with value: 4.587193023050479 and parameters: {'max_depth': 8, 'n_estimators': 94}. Best is trial 61 with value: 4.543890243800494.
{'MSE - mean': 6.595351773691949, 'MSE - std': 0.0, 'R2 - mean': 0.3985257115443088, 'R2 - std': 0.0} 
 

{'MSE - mean': 6.05186319421343, 'MSE - std': 0.5434885794785185, 'R2 - mean': 0.40567595278536145, 'R2 - std': 0.007150241241052624} 
 

{'MSE - mean': 6.144563356652564, 'MSE - std': 0.4627164692496572, 'R2 - mean': 0.3961639165026895, 'R2 - std': 0.014664297972373884} 
 

{'MSE - mean': 6.025910196324951, 'MSE - std': 0.4503505474109501, 'R2 - mean': 0.39556443410064657, 'R2 - std': 0.01274203138114187} 
 

{'MSE - mean': 6.31939824792926, 'MSE - std': 0.7118942605335766, 'R2 - mean': 0.39251200293489397, 'R2 - std': 0.01292891468998983} 
 

Finished cross validation
Hyperparam was saved!!! Hurrah!!!
Trial 100 finished with value: 6.31939824792926 and parameters: {'max_depth': 2, 'n_estimators': 78}. Best is trial 61 with value: 4.543890243800494.
{'MSE - mean': 4.5661148838205365, 'MSE - std': 0.0, 'R2 - mean': 0.5835854106057003, 'R2 - std': 0.0} 
 

{'MSE - mean': 4.422718075623239, 'MSE - std': 0.14339680819729805, 'R2 - mean': 0.5637122340821105, 'R2 - std': 0.019873176523589886} 
 

{'MSE - mean': 4.496921302310141, 'MSE - std': 0.15722807457833593, 'R2 - mean': 0.5567767620669343, 'R2 - std': 0.018960405434442218} 
 

{'MSE - mean': 4.431945832345677, 'MSE - std': 0.1766520185789482, 'R2 - mean': 0.55432650385949, 'R2 - std': 0.016959776724009806} 
 

{'MSE - mean': 4.6032637979693245, 'MSE - std': 0.37731171452277323, 'R2 - mean': 0.5559891565035062, 'R2 - std': 0.015529484102223988} 
 

Finished cross validation
Hyperparam was saved!!! Hurrah!!!
Trial 101 finished with value: 4.6032637979693245 and parameters: {'max_depth': 10, 'n_estimators': 93}. Best is trial 61 with value: 4.543890243800494.
{'MSE - mean': 4.648430056326841, 'MSE - std': 0.0, 'R2 - mean': 0.5760785388706964, 'R2 - std': 0.0} 
 

{'MSE - mean': 4.384176728805306, 'MSE - std': 0.26425332752153485, 'R2 - mean': 0.5684544306173503, 'R2 - std': 0.007624108253346029} 
 

{'MSE - mean': 4.471285859881495, 'MSE - std': 0.2484536486037177, 'R2 - mean': 0.5599324416842918, 'R2 - std': 0.013564657823040442} 
 

{'MSE - mean': 4.427626976312093, 'MSE - std': 0.22806842388185788, 'R2 - mean': 0.5550993219521303, 'R2 - std': 0.014424877657309824} 
 

{'MSE - mean': 4.607799628377897, 'MSE - std': 0.4140783778311378, 'R2 - mean': 0.555946564805256, 'R2 - std': 0.01301279978142195} 
 

Finished cross validation
Hyperparam was saved!!! Hurrah!!!
Trial 102 finished with value: 4.607799628377897 and parameters: {'max_depth': 12, 'n_estimators': 83}. Best is trial 61 with value: 4.543890243800494.
{'MSE - mean': 4.575541780416837, 'MSE - std': 0.0, 'R2 - mean': 0.5827257087858184, 'R2 - std': 0.0} 
 

{'MSE - mean': 4.365079077836263, 'MSE - std': 0.21046270258057342, 'R2 - mean': 0.5699289396684595, 'R2 - std': 0.012796769117358886} 
 

{'MSE - mean': 4.450070924089271, 'MSE - std': 0.20970676505699365, 'R2 - mean': 0.5617501804133532, 'R2 - std': 0.015587037535549625} 
 

{'MSE - mean': 4.394037493590962, 'MSE - std': 0.2059172928222114, 'R2 - mean': 0.5583527967779858, 'R2 - std': 0.014725605286322281} 
 

{'MSE - mean': 4.56592590905682, 'MSE - std': 0.3900051982628388, 'R2 - mean': 0.5597900163504088, 'R2 - std': 0.013480992590913793} 
 

Finished cross validation
Hyperparam was saved!!! Hurrah!!!
Trial 103 finished with value: 4.56592590905682 and parameters: {'max_depth': 9, 'n_estimators': 100}. Best is trial 61 with value: 4.543890243800494.
{'MSE - mean': 4.556218359319445, 'MSE - std': 0.0, 'R2 - mean': 0.5844879409386877, 'R2 - std': 0.0} 
 

{'MSE - mean': 4.381179273962797, 'MSE - std': 0.17503908535664836, 'R2 - mean': 0.5680639250167541, 'R2 - std': 0.0164240159219336} 
 

{'MSE - mean': 4.4579742893188445, 'MSE - std': 0.1795013547824436, 'R2 - mean': 0.560785315341957, 'R2 - std': 0.016905280741000867} 
 

{'MSE - mean': 4.405100950409251, 'MSE - std': 0.18042262102878243, 'R2 - mean': 0.5570800114180618, 'R2 - std': 0.015985281330159293} 
 

{'MSE - mean': 4.593183020774495, 'MSE - std': 0.4093181140807519, 'R2 - mean': 0.557249589025598, 'R2 - std': 0.014301692264322504} 
 

Finished cross validation
Hyperparam was saved!!! Hurrah!!!
Trial 104 finished with value: 4.593183020774495 and parameters: {'max_depth': 9, 'n_estimators': 72}. Best is trial 61 with value: 4.543890243800494.
{'MSE - mean': 4.518483661160487, 'MSE - std': 0.0, 'R2 - mean': 0.5879292207223958, 'R2 - std': 0.0} 
 

{'MSE - mean': 4.374207698104404, 'MSE - std': 0.14427596305608326, 'R2 - mean': 0.5685165163596697, 'R2 - std': 0.01941270436272613} 
 

{'MSE - mean': 4.4627730570554816, 'MSE - std': 0.17194383178654601, 'R2 - mean': 0.5601575211242905, 'R2 - std': 0.01977323940261828} 
 

{'MSE - mean': 4.414709226688163, 'MSE - std': 0.1705986703811466, 'R2 - mean': 0.5559666589847749, 'R2 - std': 0.01859907857320405} 
 

{'MSE - mean': 4.577441141388212, 'MSE - std': 0.35945768779708726, 'R2 - mean': 0.5582964366814707, 'R2 - std': 0.01727576439645604} 
 

Finished cross validation
Hyperparam was saved!!! Hurrah!!!
Trial 105 finished with value: 4.577441141388212 and parameters: {'max_depth': 11, 'n_estimators': 87}. Best is trial 61 with value: 4.543890243800494.
{'MSE - mean': 4.490732168540073, 'MSE - std': 0.0, 'R2 - mean': 0.5904600651489249, 'R2 - std': 0.0} 
 

{'MSE - mean': 4.344905375944149, 'MSE - std': 0.14582679259592402, 'R2 - mean': 0.5714263585495245, 'R2 - std': 0.019033706599400402} 
 

{'MSE - mean': 4.475029235744519, 'MSE - std': 0.21918350014976587, 'R2 - mean': 0.5589692171363475, 'R2 - std': 0.02349217037618738} 
 

{'MSE - mean': 4.42756443883498, 'MSE - std': 0.2068568971304033, 'R2 - mean': 0.5546837728178333, 'R2 - std': 0.02165656137892439} 
 

{'MSE - mean': 4.631601330199507, 'MSE - std': 0.4480580686285362, 'R2 - mean': 0.5536415947923846, 'R2 - std': 0.019482039440320623} 
 

Finished cross validation
Hyperparam was saved!!! Hurrah!!!
Trial 106 finished with value: 4.631601330199507 and parameters: {'max_depth': 8, 'n_estimators': 48}. Best is trial 61 with value: 4.543890243800494.
{'MSE - mean': 4.5715912574899376, 'MSE - std': 0.0, 'R2 - mean': 0.5830859834228685, 'R2 - std': 0.0} 
 

{'MSE - mean': 4.373641531018402, 'MSE - std': 0.1979497264715353, 'R2 - mean': 0.5689857928156136, 'R2 - std': 0.014100190607254981} 
 

{'MSE - mean': 4.448696298355505, 'MSE - std': 0.1933627825448588, 'R2 - mean': 0.5618183666917803, 'R2 - std': 0.015339086606503925} 
 

{'MSE - mean': 4.383344933799531, 'MSE - std': 0.20212440922140315, 'R2 - mean': 0.5594369586540988, 'R2 - std': 0.01390967275557461} 
 

{'MSE - mean': 4.5621665437218315, 'MSE - std': 0.4007394342254003, 'R2 - mean': 0.5602608271193088, 'R2 - std': 0.012549830035725964} 
 

Finished cross validation
Hyperparam was saved!!! Hurrah!!!
Trial 107 finished with value: 4.5621665437218315 and parameters: {'max_depth': 9, 'n_estimators': 95}. Best is trial 61 with value: 4.543890243800494.
{'MSE - mean': 4.56438481119979, 'MSE - std': 0.0, 'R2 - mean': 0.583743187511959, 'R2 - std': 0.0} 
 

{'MSE - mean': 4.376407091412976, 'MSE - std': 0.18797771978681332, 'R2 - mean': 0.5686355044193392, 'R2 - std': 0.015107683092619784} 
 

{'MSE - mean': 4.448460877019193, 'MSE - std': 0.18422968851736835, 'R2 - mean': 0.5617894245992264, 'R2 - std': 0.015681167370173554} 
 

{'MSE - mean': 4.403767003443274, 'MSE - std': 0.1773360104549146, 'R2 - mean': 0.5572128354890031, 'R2 - std': 0.015724495579190808} 
 

{'MSE - mean': 4.573450527795554, 'MSE - std': 0.3746043809536875, 'R2 - mean': 0.5588994656397615, 'R2 - std': 0.014463287801802928} 
 

Finished cross validation
Hyperparam was saved!!! Hurrah!!!
Trial 108 finished with value: 4.573450527795554 and parameters: {'max_depth': 9, 'n_estimators': 94}. Best is trial 61 with value: 4.543890243800494.
{'MSE - mean': 4.536794434843343, 'MSE - std': 0.0, 'R2 - mean': 0.5862593386675976, 'R2 - std': 0.0} 
 

{'MSE - mean': 4.384063469492901, 'MSE - std': 0.15273096535044273, 'R2 - mean': 0.5676069167462248, 'R2 - std': 0.018652421921372897} 
 

{'MSE - mean': 4.470445985926496, 'MSE - std': 0.17457102702162802, 'R2 - mean': 0.559442645224494, 'R2 - std': 0.019111581688852804} 
 

{'MSE - mean': 4.426429909941776, 'MSE - std': 0.169317829663085, 'R2 - mean': 0.5547926157394913, 'R2 - std': 0.018406730796680197} 
 

{'MSE - mean': 4.583778373325311, 'MSE - std': 0.3492405727719683, 'R2 - mean': 0.5576085524505418, 'R2 - std': 0.017400120377162095} 
 

Finished cross validation
Hyperparam was saved!!! Hurrah!!!
Trial 109 finished with value: 4.583778373325311 and parameters: {'max_depth': 10, 'n_estimators': 81}. Best is trial 61 with value: 4.543890243800494.
{'MSE - mean': 4.613201662021312, 'MSE - std': 0.0, 'R2 - mean': 0.5792912520246596, 'R2 - std': 0.0} 
 

{'MSE - mean': 4.417500073542656, 'MSE - std': 0.1957015884786557, 'R2 - mean': 0.5646310202611697, 'R2 - std': 0.01466023176348985} 
 

{'MSE - mean': 4.4897891595464445, 'MSE - std': 0.18969492630512183, 'R2 - mean': 0.5577487833244449, 'R2 - std': 0.015427636481736227} 
 

{'MSE - mean': 4.43513978874446, 'MSE - std': 0.18959901103799934, 'R2 - mean': 0.5541420911129232, 'R2 - std': 0.014749022397616766} 
 

{'MSE - mean': 4.622510873782958, 'MSE - std': 0.41132702564174556, 'R2 - mean': 0.5544612105507428, 'R2 - std': 0.013207356972941184} 
 

Finished cross validation
Hyperparam was saved!!! Hurrah!!!
Trial 110 finished with value: 4.622510873782958 and parameters: {'max_depth': 11, 'n_estimators': 94}. Best is trial 61 with value: 4.543890243800494.
{'MSE - mean': 4.573493578305612, 'MSE - std': 0.0, 'R2 - mean': 0.5829124980503996, 'R2 - std': 0.0} 
 

{'MSE - mean': 4.384744045409924, 'MSE - std': 0.18874953289568808, 'R2 - mean': 0.5678169506769488, 'R2 - std': 0.015095547373450702} 
 

{'MSE - mean': 4.440300882270035, 'MSE - std': 0.17298568829827793, 'R2 - mean': 0.5625935518470745, 'R2 - std': 0.01436957982479872} 
 

{'MSE - mean': 4.3922718012009305, 'MSE - std': 0.1713575622843933, 'R2 - mean': 0.5583906507024776, 'R2 - std': 0.014417238027781436} 
 

{'MSE - mean': 4.584231009878321, 'MSE - std': 0.4133812798202637, 'R2 - mean': 0.5581896556557611, 'R2 - std': 0.012901433948014615} 
 

Finished cross validation
Hyperparam was saved!!! Hurrah!!!
Trial 111 finished with value: 4.584231009878321 and parameters: {'max_depth': 9, 'n_estimators': 77}. Best is trial 61 with value: 4.543890243800494.
{'MSE - mean': 4.569392283066477, 'MSE - std': 0.0, 'R2 - mean': 0.5832865226241222, 'R2 - std': 0.0} 
 

{'MSE - mean': 4.375600055421687, 'MSE - std': 0.19379222764478987, 'R2 - mean': 0.5687600888860639, 'R2 - std': 0.014526433738058286} 
 

{'MSE - mean': 4.462103342511358, 'MSE - std': 0.2000064724410751, 'R2 - mean': 0.5604771392719577, 'R2 - std': 0.016670113778369147} 
 

{'MSE - mean': 4.423763594587499, 'MSE - std': 0.18550404463605852, 'R2 - mean': 0.5551845703118017, 'R2 - std': 0.01710126833401122} 
 

{'MSE - mean': 4.59883599562289, 'MSE - std': 0.38746713780430114, 'R2 - mean': 0.5565004527366153, 'R2 - std': 0.015520595643506017} 
 

Finished cross validation
Hyperparam was saved!!! Hurrah!!!
Trial 112 finished with value: 4.59883599562289 and parameters: {'max_depth': 9, 'n_estimators': 88}. Best is trial 61 with value: 4.543890243800494.
{'MSE - mean': 4.510264661572132, 'MSE - std': 0.0, 'R2 - mean': 0.5886787663264594, 'R2 - std': 0.0} 
 

{'MSE - mean': 4.314151340427614, 'MSE - std': 0.19611332114451807, 'R2 - mean': 0.5748550319665793, 'R2 - std': 0.013823734359880158} 
 

{'MSE - mean': 4.433308217787097, 'MSE - std': 0.2324586257043343, 'R2 - mean': 0.5633428551294213, 'R2 - std': 0.019810540599093915} 
 

{'MSE - mean': 4.394303584268462, 'MSE - std': 0.21234840193895932, 'R2 - mean': 0.5581746444544856, 'R2 - std': 0.019351339588328718} 
 

{'MSE - mean': 4.56999502806274, 'MSE - std': 0.3994288531577253, 'R2 - mean': 0.559328584123987, 'R2 - std': 0.017461551538556077} 
 

Finished cross validation
Hyperparam was saved!!! Hurrah!!!
Trial 113 finished with value: 4.56999502806274 and parameters: {'max_depth': 8, 'n_estimators': 98}. Best is trial 61 with value: 4.543890243800494.
{'MSE - mean': 4.640923996397262, 'MSE - std': 0.0, 'R2 - mean': 0.5767630667336767, 'R2 - std': 0.0} 
 

{'MSE - mean': 4.397936126592413, 'MSE - std': 0.24298786980484977, 'R2 - mean': 0.566929929926948, 'R2 - std': 0.009833136806728704} 
 

{'MSE - mean': 4.486366720253474, 'MSE - std': 0.23452507265825792, 'R2 - mean': 0.5583347754437259, 'R2 - std': 0.014567558048192904} 
 

{'MSE - mean': 4.44267386035658, 'MSE - std': 0.21674571575219134, 'R2 - mean': 0.5535015917233824, 'R2 - std': 0.015140650753497352} 
 

{'MSE - mean': 4.635475538314305, 'MSE - std': 0.43159345723817455, 'R2 - mean': 0.5533750896459172, 'R2 - std': 0.013544572909247305} 
 

Finished cross validation
Hyperparam was saved!!! Hurrah!!!
Trial 114 finished with value: 4.635475538314305 and parameters: {'max_depth': 10, 'n_estimators': 32}. Best is trial 61 with value: 4.543890243800494.
{'MSE - mean': 4.563705490785178, 'MSE - std': 0.0, 'R2 - mean': 0.583805139289064, 'R2 - std': 0.0} 
 

{'MSE - mean': 4.362432783579083, 'MSE - std': 0.20127270720609625, 'R2 - mean': 0.5701198868933111, 'R2 - std': 0.013685252395752912} 
 

{'MSE - mean': 4.450940826873857, 'MSE - std': 0.20657803021244373, 'R2 - mean': 0.5616182866674729, 'R2 - std': 0.016413769673364196} 
 

{'MSE - mean': 4.375441179597495, 'MSE - std': 0.22159975663661172, 'R2 - mean': 0.5603119616511747, 'R2 - std': 0.014393690677248392} 
 

{'MSE - mean': 4.563498353342862, 'MSE - std': 0.4251436981792217, 'R2 - mean': 0.5603277788950202, 'R2 - std': 0.01287414718692688} 
 

Finished cross validation
Hyperparam was saved!!! Hurrah!!!
Trial 115 finished with value: 4.563498353342862 and parameters: {'max_depth': 9, 'n_estimators': 83}. Best is trial 61 with value: 4.543890243800494.
{'MSE - mean': 4.61270891782586, 'MSE - std': 0.0, 'R2 - mean': 0.5793361886670889, 'R2 - std': 0.0} 
 

{'MSE - mean': 4.402295843974883, 'MSE - std': 0.2104130738509764, 'R2 - mean': 0.5662479447902835, 'R2 - std': 0.013088243876805405} 
 

{'MSE - mean': 4.481220573636307, 'MSE - std': 0.20487557281400945, 'R2 - mean': 0.5586724864524841, 'R2 - std': 0.015131971338018862} 
 

{'MSE - mean': 4.407467119655444, 'MSE - std': 0.2186303185155777, 'R2 - mean': 0.5571065261354675, 'R2 - std': 0.013382418039143003} 
 

{'MSE - mean': 4.582827287689861, 'MSE - std': 0.4015521473876268, 'R2 - mean': 0.5582837618238986, 'R2 - std': 0.012198968215548682} 
 

Finished cross validation
Hyperparam was saved!!! Hurrah!!!
Trial 116 finished with value: 4.582827287689861 and parameters: {'max_depth': 10, 'n_estimators': 85}. Best is trial 61 with value: 4.543890243800494.
{'MSE - mean': 4.5425455021951135, 'MSE - std': 0.0, 'R2 - mean': 0.5857348603286159, 'R2 - std': 0.0} 
 

{'MSE - mean': 4.373733293250398, 'MSE - std': 0.1688122089447157, 'R2 - mean': 0.568752360876381, 'R2 - std': 0.016982499452234845} 
 

{'MSE - mean': 4.461288235962499, 'MSE - std': 0.18528386486461282, 'R2 - mean': 0.5604297347124937, 'R2 - std': 0.018187974166769677} 
 

{'MSE - mean': 4.4111189438754925, 'MSE - std': 0.18247864680534606, 'R2 - mean': 0.5564356256699572, 'R2 - std': 0.01720350325803805} 
 

{'MSE - mean': 4.588840644775219, 'MSE - std': 0.3911250146880106, 'R2 - mean': 0.5574913424850594, 'R2 - std': 0.015531470357123895} 
 

Finished cross validation
Hyperparam was saved!!! Hurrah!!!
Trial 117 finished with value: 4.588840644775219 and parameters: {'max_depth': 8, 'n_estimators': 100}. Best is trial 61 with value: 4.543890243800494.
{'MSE - mean': 4.531883011800946, 'MSE - std': 0.0, 'R2 - mean': 0.5867072442200376, 'R2 - std': 0.0} 
 

{'MSE - mean': 4.366841805084837, 'MSE - std': 0.1650412067161091, 'R2 - mean': 0.5694048693612019, 'R2 - std': 0.01730237485883568} 
 

{'MSE - mean': 4.460925728031042, 'MSE - std': 0.18937432699137022, 'R2 - mean': 0.5604483350547736, 'R2 - std': 0.018974205228895175} 
 

{'MSE - mean': 4.405918996338375, 'MSE - std': 0.18966865420280438, 'R2 - mean': 0.5569764873117571, 'R2 - std': 0.017497900682745985} 
 

{'MSE - mean': 4.6005027986248965, 'MSE - std': 0.4245359621502077, 'R2 - mean': 0.5566155481309716, 'R2 - std': 0.015667237504151724} 
 

Finished cross validation
Hyperparam was saved!!! Hurrah!!!
Trial 118 finished with value: 4.6005027986248965 and parameters: {'max_depth': 8, 'n_estimators': 81}. Best is trial 61 with value: 4.543890243800494.
{'MSE - mean': 4.5108389769490085, 'MSE - std': 0.0, 'R2 - mean': 0.5886263906618232, 'R2 - std': 0.0} 
 

{'MSE - mean': 4.356299106100696, 'MSE - std': 0.1545398708483119, 'R2 - mean': 0.5703666471651295, 'R2 - std': 0.01825974349669368} 
 

{'MSE - mean': 4.4190820805053574, 'MSE - std': 0.1542890735105199, 'R2 - mean': 0.5645152886339616, 'R2 - std': 0.01705155755438704} 
 

{'MSE - mean': 4.3750463344018655, 'MSE - std': 0.15385473492299293, 'R2 - mean': 0.5599721651559918, 'R2 - std': 0.016732800843886602} 
 

{'MSE - mean': 4.5464400924219115, 'MSE - std': 0.36937826779537986, 'R2 - mean': 0.5614405316440572, 'R2 - std': 0.015251678590831593} 
 

Finished cross validation
Hyperparam was saved!!! Hurrah!!!
Trial 119 finished with value: 4.5464400924219115 and parameters: {'max_depth': 10, 'n_estimators': 90}. Best is trial 61 with value: 4.543890243800494.
{'MSE - mean': 4.5384303831029795, 'MSE - std': 0.0, 'R2 - mean': 0.5861101455920532, 'R2 - std': 0.0} 
 

{'MSE - mean': 4.417550362139718, 'MSE - std': 0.12088002096326189, 'R2 - mean': 0.5640499257519545, 'R2 - std': 0.02206021984009876} 
 

{'MSE - mean': 4.502419285426889, 'MSE - std': 0.15539236765437772, 'R2 - mean': 0.5561218979879614, 'R2 - std': 0.021216568558140598} 
 

{'MSE - mean': 4.432265878160406, 'MSE - std': 0.18131352017214852, 'R2 - mean': 0.5542420217015633, 'R2 - std': 0.01866035612182135} 
 

{'MSE - mean': 4.606550783316387, 'MSE - std': 0.3844484188271433, 'R2 - mean': 0.5556709122749923, 'R2 - std': 0.01693322253907667} 
 

Finished cross validation
Hyperparam was saved!!! Hurrah!!!
