Trial 148 finished with value: 56363943.69311154 and parameters: {'max_depth': 8, 'n_estimators': 19}. Best is trial 134 with value: 13370087.96712083.
{'MSE - mean': 127919.37051600042, 'MSE - std': 0.0, 'R2 - mean': 0.9937633044878574, 'R2 - std': 0.0} 
 

{'MSE - mean': 40573171.23446159, 'MSE - std': 40445251.86394559, 'R2 - mean': 0.9319999445943069, 'R2 - std': 0.06176335989355053} 
 

{'MSE - mean': 28175582.731955826, 'MSE - std': 37389116.06667002, 'R2 - mean': 0.910110331184452, 'R2 - std': 0.05917306904912598} 
 

{'MSE - mean': 36318294.18856965, 'MSE - std': 35318136.272773534, 'R2 - mean': 0.9081865576951719, 'R2 - std': 0.05135359567580097} 
 

{'MSE - mean': 38304437.886441246, 'MSE - std': 31838273.61808648, 'R2 - mean': 0.7855927918605888, 'R2 - std': 0.24945275928937977} 
 

Finished cross validation
Hyperparam was saved!!! Hurrah!!!
Trial 149 finished with value: 38304437.886441246 and parameters: {'max_depth': 12, 'n_estimators': 21}. Best is trial 134 with value: 13370087.96712083.
{'MSE - mean': 261645.53439853803, 'MSE - std': 0.0, 'R2 - mean': 0.9872434993732916, 'R2 - std': 0.0} 
 

{'MSE - mean': 22425370.570442796, 'MSE - std': 22163725.03604426, 'R2 - mean': 0.9579136162169632, 'R2 - std': 0.029329883156328285} 
 

{'MSE - mean': 16089545.150125233, 'MSE - std': 20193377.771662366, 'R2 - mean': 0.9268919844570581, 'R2 - std': 0.04998177639303708} 
 

{'MSE - mean': 13331718.878461653, 'MSE - std': 18128601.61749478, 'R2 - mean': 0.9431375637456818, 'R2 - std': 0.05162741537033921} 
 

{'MSE - mean': 19887413.402146935, 'MSE - std': 20852469.398998674, 'R2 - mean': 0.8139766920348739, 'R2 - std': 0.26241652985023695} 
 

Finished cross validation
Hyperparam was saved!!! Hurrah!!!
Trial 150 finished with value: 19887413.402146935 and parameters: {'max_depth': 9, 'n_estimators': 11}. Best is trial 134 with value: 13370087.96712083.
{'MSE - mean': 225185.57344378775, 'MSE - std': 0.0, 'R2 - mean': 0.9890211009510834, 'R2 - std': 0.0} 
 

{'MSE - mean': 23572506.566691548, 'MSE - std': 23347320.993247762, 'R2 - mean': 0.9569359048789836, 'R2 - std': 0.032085196072099864} 
 

{'MSE - mean': 16865878.13715468, 'MSE - std': 21292158.059363294, 'R2 - mean': 0.9257824492452521, 'R2 - std': 0.0512579958039311} 
 

{'MSE - mean': 29106933.251671676, 'MSE - std': 28098884.08938352, 'R2 - mean': 0.9178990087884575, 'R2 - std': 0.046443325685014615} 
 

{'MSE - mean': 32545559.29966722, 'MSE - std': 26056370.162528433, 'R2 - mean': 0.7932071614852758, 'R2 - std': 0.2528197245787352} 
 

Finished cross validation
Hyperparam was saved!!! Hurrah!!!
Trial 151 finished with value: 32545559.29966722 and parameters: {'max_depth': 9, 'n_estimators': 14}. Best is trial 134 with value: 13370087.96712083.
{'MSE - mean': 261404.77143604838, 'MSE - std': 0.0, 'R2 - mean': 0.987255237746312, 'R2 - std': 0.0} 
 

{'MSE - mean': 63986716.05921751, 'MSE - std': 63725311.28778146, 'R2 - mean': 0.8913524312704069, 'R2 - std': 0.0959028064759051} 
 

{'MSE - mean': 43812733.723135285, 'MSE - std': 59340171.82659271, 'R2 - mean': 0.881900016692049, 'R2 - std': 0.07943715635242055} 
 

{'MSE - mean': 43247289.59208698, 'MSE - std': 51399427.77408296, 'R2 - mean': 0.8947378574160121, 'R2 - std': 0.07229887150143297} 
 

{'MSE - mean': 43873456.40789936, 'MSE - std': 45990099.80340808, 'R2 - mean': 0.7744403307437007, 'R2 - std': 0.2491338619100311} 
 

Finished cross validation
Hyperparam was saved!!! Hurrah!!!
Trial 152 finished with value: 43873456.40789936 and parameters: {'max_depth': 9, 'n_estimators': 14}. Best is trial 134 with value: 13370087.96712083.
{'MSE - mean': 159342.24172126947, 'MSE - std': 0.0, 'R2 - mean': 0.9922312856932526, 'R2 - std': 0.0} 
 

{'MSE - mean': 9700144.382989408, 'MSE - std': 9540802.14126814, 'R2 - mean': 0.9807069812170046, 'R2 - std': 0.011524304476248026} 
 

{'MSE - mean': 7621275.536552104, 'MSE - std': 8326343.436783017, 'R2 - mean': 0.941485944897719, 'R2 - std': 0.05625939129625349} 
 

{'MSE - mean': 23047224.389355056, 'MSE - std': 27674459.16903026, 'R2 - mean': 0.92827302518008, 'R2 - std': 0.053829202800738524} 
 

{'MSE - mean': 27687706.003385376, 'MSE - std': 26435522.137443632, 'R2 - mean': 0.8016600768954596, 'R2 - std': 0.25776233462751347} 
 

Finished cross validation
Hyperparam was saved!!! Hurrah!!!
Trial 153 finished with value: 27687706.003385376 and parameters: {'max_depth': 10, 'n_estimators': 12}. Best is trial 134 with value: 13370087.96712083.
{'MSE - mean': 361499.0243765098, 'MSE - std': 0.0, 'R2 - mean': 0.9823751529273599, 'R2 - std': 0.0} 
 

{'MSE - mean': 9266017.401354631, 'MSE - std': 8904518.37697812, 'R2 - mean': 0.976636128223632, 'R2 - std': 0.005739024703727891} 
 

{'MSE - mean': 7391810.948497067, 'MSE - std': 7738578.552065828, 'R2 - mean': 0.9364013497442718, 'R2 - std': 0.05709319050114222} 
 

{'MSE - mean': 25252486.810320675, 'MSE - std': 31653205.60746187, 'R2 - mean': 0.9206405197978724, 'R2 - std': 0.056479514719920694} 
 

{'MSE - mean': 29529573.005343746, 'MSE - std': 29575567.711562734, 'R2 - mean': 0.7943706673745565, 'R2 - std': 0.2575427168265918} 
 

Finished cross validation
Hyperparam was saved!!! Hurrah!!!
Trial 154 finished with value: 29529573.005343746 and parameters: {'max_depth': 8, 'n_estimators': 11}. Best is trial 134 with value: 13370087.96712083.
{'MSE - mean': 276102.81658416975, 'MSE - std': 0.0, 'R2 - mean': 0.986538636094484, 'R2 - std': 0.0} 
 

{'MSE - mean': 24465637.50655257, 'MSE - std': 24189534.6899684, 'R2 - mean': 0.9543049623196279, 'R2 - std': 0.032233673774856086} 
 

{'MSE - mean': 17476859.229145166, 'MSE - std': 22085631.135038447, 'R2 - mean': 0.9234131915077688, 'R2 - std': 0.05100270735755861} 
 

{'MSE - mean': 38725200.99086632, 'MSE - std': 41476588.69583472, 'R2 - mean': 0.9014071338731361, 'R2 - std': 0.05834172465917425} 
 

{'MSE - mean': 40184218.72696675, 'MSE - std': 37212375.07727474, 'R2 - mean': 0.780866348419788, 'R2 - std': 0.24666440622798808} 
 

Finished cross validation
Hyperparam was saved!!! Hurrah!!!
Trial 155 finished with value: 40184218.72696675 and parameters: {'max_depth': 9, 'n_estimators': 7}. Best is trial 134 with value: 13370087.96712083.
{'MSE - mean': 113193.19960616824, 'MSE - std': 0.0, 'R2 - mean': 0.9944812774082519, 'R2 - std': 0.0} 
 

{'MSE - mean': 27894060.732732352, 'MSE - std': 27780867.533126183, 'R2 - mean': 0.9526546756476552, 'R2 - std': 0.041826601760596716} 
 

{'MSE - mean': 19740227.89382034, 'MSE - std': 25445779.883088205, 'R2 - mean': 0.9231926900004549, 'R2 - std': 0.05387324883258878} 
 

{'MSE - mean': 49611838.47183189, 'MSE - std': 56236599.65686978, 'R2 - mean': 0.8864801127110788, 'R2 - std': 0.07886815072333543} 
 

{'MSE - mean': 48954418.09526537, 'MSE - std': 50316726.03597869, 'R2 - mean': 0.76799684664362, 'R2 - std': 0.24724337303730493} 
 

Finished cross validation
Hyperparam was saved!!! Hurrah!!!
Trial 156 finished with value: 48954418.09526537 and parameters: {'max_depth': 12, 'n_estimators': 16}. Best is trial 134 with value: 13370087.96712083.
{'MSE - mean': 223247.57986341274, 'MSE - std': 0.0, 'R2 - mean': 0.989115587625123, 'R2 - std': 0.0} 
 

{'MSE - mean': 41619706.73452566, 'MSE - std': 41396459.154662244, 'R2 - mean': 0.9280762406123402, 'R2 - std': 0.061039347012782796} 
 

{'MSE - mean': 28891909.06960887, 'MSE - std': 38294101.64103434, 'R2 - mean': 0.9067576187290386, 'R2 - std': 0.05824804889869111} 
 

{'MSE - mean': 34118330.40212892, 'MSE - std': 34376956.02006471, 'R2 - mean': 0.910069151750176, 'R2 - std': 0.05076933280267216} 
 

{'MSE - mean': 36592880.18138749, 'MSE - std': 31143437.03903738, 'R2 - mean': 0.7863611031924027, 'R2 - std': 0.2515486935654254} 
 

Finished cross validation
Hyperparam was saved!!! Hurrah!!!
Trial 157 finished with value: 36592880.18138749 and parameters: {'max_depth': 9, 'n_estimators': 13}. Best is trial 134 with value: 13370087.96712083.
{'MSE - mean': 122183.9239929963, 'MSE - std': 0.0, 'R2 - mean': 0.9940429355823966, 'R2 - std': 0.0} 
 

{'MSE - mean': 34791010.68259377, 'MSE - std': 34668826.75860077, 'R2 - mean': 0.9413961829004283, 'R2 - std': 0.052646752681968334} 
 

{'MSE - mean': 24330126.679846104, 'MSE - std': 31939712.28397546, 'R2 - mean': 0.9160060491133534, 'R2 - std': 0.05600986370948736} 
 

{'MSE - mean': 46211057.71050967, 'MSE - std': 46919445.26412601, 'R2 - mean': 0.8920832478193331, 'R2 - std': 0.0637944346305071} 
 

{'MSE - mean': 46109977.837424055, 'MSE - std': 41966514.55240982, 'R2 - mean': 0.774366164180662, 'R2 - std': 0.24224993505352369} 
 

Finished cross validation
Hyperparam was saved!!! Hurrah!!!
Trial 158 finished with value: 46109977.837424055 and parameters: {'max_depth': 11, 'n_estimators': 57}. Best is trial 134 with value: 13370087.96712083.
{'MSE - mean': 167788.9196581567, 'MSE - std': 0.0, 'R2 - mean': 0.9918194687950846, 'R2 - std': 0.0} 
 

{'MSE - mean': 117121733.34537232, 'MSE - std': 116953944.42571416, 'R2 - mean': 0.8084557071254502, 'R2 - std': 0.18336376166963442} 
 

{'MSE - mean': 79221029.01876472, 'MSE - std': 109506819.52003975, 'R2 - mean': 0.8272306276745978, 'R2 - std': 0.15205210076049347} 
 

{'MSE - mean': 61443254.99309092, 'MSE - std': 99709354.57102148, 'R2 - mean': 0.8671659649594844, 'R2 - std': 0.1487426452011407} 
 

{'MSE - mean': 58421151.54292107, 'MSE - std': 89387341.09609626, 'R2 - mean': 0.7525211427500668, 'R2 - std': 0.2650910044472687} 
 

Finished cross validation
Hyperparam was saved!!! Hurrah!!!
Trial 159 finished with value: 58421151.54292107 and parameters: {'max_depth': 10, 'n_estimators': 11}. Best is trial 134 with value: 13370087.96712083.
{'MSE - mean': 123506.55212544835, 'MSE - std': 0.0, 'R2 - mean': 0.9939784509863215, 'R2 - std': 0.0} 
 

{'MSE - mean': 36263155.249728255, 'MSE - std': 36139648.6976028, 'R2 - mean': 0.939007134765256, 'R2 - std': 0.05497131622106549} 
 

{'MSE - mean': 25297690.674544115, 'MSE - std': 33334651.120968193, 'R2 - mean': 0.9149616321876687, 'R2 - std': 0.05631106575504001} 
 

{'MSE - mean': 42695257.747575566, 'MSE - std': 41730387.53953028, 'R2 - mean': 0.8981135559803035, 'R2 - std': 0.05683111041075023} 
 

{'MSE - mean': 43311122.48745979, 'MSE - std': 37345111.4989745, 'R2 - mean': 0.7789803487967082, 'R2 - std': 0.24362820917088587} 
 

Finished cross validation
Hyperparam was saved!!! Hurrah!!!
Trial 160 finished with value: 43311122.48745979 and parameters: {'max_depth': 12, 'n_estimators': 87}. Best is trial 134 with value: 13370087.96712083.
{'MSE - mean': 532276.7317533445, 'MSE - std': 0.0, 'R2 - mean': 0.9740489036902448, 'R2 - std': 0.0} 
 

{'MSE - mean': 26270759.32651005, 'MSE - std': 25738482.594756704, 'R2 - mean': 0.9453740678909026, 'R2 - std': 0.028674835799342158} 
 

{'MSE - mean': 18859689.753246594, 'MSE - std': 23483914.25266592, 'R2 - mean': 0.9103647479444322, 'R2 - std': 0.05476740914973804} 
 

{'MSE - mean': 18474642.1313209, 'MSE - std': 20348598.39112699, 'R2 - mean': 0.9258179288854677, 'R2 - std': 0.054461034073181556} 
 

{'MSE - mean': 24179568.673840985, 'MSE - std': 21481087.32371109, 'R2 - mean': 0.7974112606539276, 'R2 - std': 0.26139222094613934} 
 

Finished cross validation
Hyperparam was saved!!! Hurrah!!!
Trial 161 finished with value: 24179568.673840985 and parameters: {'max_depth': 7, 'n_estimators': 7}. Best is trial 134 with value: 13370087.96712083.
{'MSE - mean': 574946.9642717185, 'MSE - std': 0.0, 'R2 - mean': 0.9719685209727881, 'R2 - std': 0.0} 
 

{'MSE - mean': 52004936.100143, 'MSE - std': 51429989.13587128, 'R2 - mean': 0.9031508218279772, 'R2 - std': 0.06881769914481084} 
 

{'MSE - mean': 35939982.461307935, 'MSE - std': 47744402.73490773, 'R2 - mean': 0.8852142149791065, 'R2 - std': 0.061649770539386806} 
 

{'MSE - mean': 36653351.519025445, 'MSE - std': 41366323.02516536, 'R2 - mean': 0.8983309368231762, 'R2 - std': 0.05802297675467347} 
 

{'MSE - mean': 38654228.08223756, 'MSE - std': 37214945.553939834, 'R2 - mean': 0.7764626046660286, 'R2 - std': 0.24920051002403298} 
 

Finished cross validation
Hyperparam was saved!!! Hurrah!!!
Trial 162 finished with value: 38654228.08223756 and parameters: {'max_depth': 7, 'n_estimators': 7}. Best is trial 134 with value: 13370087.96712083.
{'MSE - mean': 359855.0080957138, 'MSE - std': 0.0, 'R2 - mean': 0.9824553067689475, 'R2 - std': 0.0} 
 

{'MSE - mean': 92089366.35150036, 'MSE - std': 91729511.34340465, 'R2 - mean': 0.8440206080363288, 'R2 - std': 0.13843469873261866} 
 

{'MSE - mean': 62592147.51486945, 'MSE - std': 85730434.14714941, 'R2 - mean': 0.8485932079233657, 'R2 - std': 0.11321628805777514} 
 

{'MSE - mean': 68520637.3592845, 'MSE - std': 74951460.82499018, 'R2 - mean': 0.851783769613984, 'R2 - std': 0.09820379301682172} 
 

{'MSE - mean': 64138152.77921484, 'MSE - std': 67609184.79184781, 'R2 - mean': 0.7393757961996721, 'R2 - std': 0.24136569333433294} 
 

Finished cross validation
Hyperparam was saved!!! Hurrah!!!
Trial 163 finished with value: 64138152.77921484 and parameters: {'max_depth': 8, 'n_estimators': 5}. Best is trial 134 with value: 13370087.96712083.
{'MSE - mean': 490371.2251906587, 'MSE - std': 0.0, 'R2 - mean': 0.9760920022738238, 'R2 - std': 0.0} 
 

{'MSE - mean': 78010535.76912896, 'MSE - std': 77520164.54393831, 'R2 - mean': 0.8634928804720422, 'R2 - std': 0.11259912180178155} 
 

{'MSE - mean': 53271463.70951045, 'MSE - std': 72320771.42855646, 'R2 - mean': 0.8589964387738359, 'R2 - std': 0.0921564473937971} 
 

{'MSE - mean': 53046656.84519303, 'MSE - std': 62632835.63271634, 'R2 - mean': 0.873214272603506, 'R2 - std': 0.08352274237361106} 
 

{'MSE - mean': 51790215.6468832, 'MSE - std': 56076842.4347799, 'R2 - mean': 0.756044025653647, 'R2 - std': 0.2459599680355538} 
 

Finished cross validation
Hyperparam was saved!!! Hurrah!!!
Trial 164 finished with value: 51790215.6468832 and parameters: {'max_depth': 7, 'n_estimators': 6}. Best is trial 134 with value: 13370087.96712083.
{'MSE - mean': 310199.6128965274, 'MSE - std': 0.0, 'R2 - mean': 0.984876250361331, 'R2 - std': 0.0} 
 

{'MSE - mean': 28448398.537994616, 'MSE - std': 28138198.925098088, 'R2 - mean': 0.9471220731880491, 'R2 - std': 0.03775417717328189} 
 

{'MSE - mean': 20150981.62596998, 'MSE - std': 25797927.83647876, 'R2 - mean': 0.9178753370728808, 'R2 - std': 0.05158483378023963} 
 

{'MSE - mean': 30416784.697638363, 'MSE - std': 28553632.84436767, 'R2 - mean': 0.9138224542727313, 'R2 - std': 0.045221940295352855} 
 

{'MSE - mean': 33632620.31097103, 'MSE - std': 26336559.26002249, 'R2 - mean': 0.7893488615189853, 'R2 - std': 0.252211657699169} 
 

Finished cross validation
Hyperparam was saved!!! Hurrah!!!
Trial 165 finished with value: 33632620.31097103 and parameters: {'max_depth': 8, 'n_estimators': 48}. Best is trial 134 with value: 13370087.96712083.
{'MSE - mean': 178431.8693439465, 'MSE - std': 0.0, 'R2 - mean': 0.9913005728978208, 'R2 - std': 0.0} 
 

{'MSE - mean': 40533223.42090006, 'MSE - std': 40354791.55155612, 'R2 - mean': 0.9308730130943478, 'R2 - std': 0.06042755980347303} 
 

{'MSE - mean': 28190218.369138047, 'MSE - std': 37287697.00846838, 'R2 - mean': 0.9077272326290665, 'R2 - std': 0.0592096357239445} 
 

{'MSE - mean': 40533785.347325236, 'MSE - std': 38728157.694131106, 'R2 - mean': 0.8996449841371731, 'R2 - std': 0.053153588251178226} 
 

{'MSE - mean': 41199644.78257589, 'MSE - std': 34665106.86346197, 'R2 - mean': 0.7860313045673669, 'R2 - std': 0.23214761660793112} 
 

Finished cross validation
Hyperparam was saved!!! Hurrah!!!
Trial 166 finished with value: 41199644.78257589 and parameters: {'max_depth': 9, 'n_estimators': 13}. Best is trial 134 with value: 13370087.96712083.
{'MSE - mean': 135026.80657062025, 'MSE - std': 0.0, 'R2 - mean': 0.9934167821873967, 'R2 - std': 0.0} 
 

{'MSE - mean': 28395156.02618695, 'MSE - std': 28260129.21961633, 'R2 - mean': 0.9513373320981499, 'R2 - std': 0.04207945008924685} 
 

{'MSE - mean': 20069215.91161314, 'MSE - std': 25904938.26646213, 'R2 - mean': 0.9225151581702745, 'R2 - std': 0.05330936909274325} 
 

{'MSE - mean': 29185581.148460627, 'MSE - std': 27433988.32355067, 'R2 - mean': 0.9191816468825813, 'R2 - std': 0.04652691175347106} 
 

{'MSE - mean': 32617967.059553932, 'MSE - std': 25479875.675522022, 'R2 - mean': 0.79408866366687, 'R2 - std': 0.2536233834114612} 
 

Finished cross validation
Hyperparam was saved!!! Hurrah!!!
Trial 167 finished with value: 32617967.059553932 and parameters: {'max_depth': 11, 'n_estimators': 12}. Best is trial 134 with value: 13370087.96712083.
{'MSE - mean': 243609.0557692357, 'MSE - std': 0.0, 'R2 - mean': 0.9881228659998508, 'R2 - std': 0.0} 
 

{'MSE - mean': 49268553.17897302, 'MSE - std': 49024944.123203784, 'R2 - mean': 0.915345386551175, 'R2 - std': 0.07277747944867574} 
 

{'MSE - mean': 33999681.73609558, 'MSE - std': 45481574.67004712, 'R2 - mean': 0.8979326243927112, 'R2 - std': 0.06432300973920148} 
 

{'MSE - mean': 73203694.53971857, 'MSE - std': 78500280.79930805, 'R2 - mean': 0.8468165349881289, 'R2 - std': 0.1046023468880301} 
 

{'MSE - mean': 67832662.54275891, 'MSE - std': 71029762.8273221, 'R2 - mean': 0.7361934536867325, 'R2 - std': 0.24021487307418846} 
 

Finished cross validation
Hyperparam was saved!!! Hurrah!!!
Trial 168 finished with value: 67832662.54275891 and parameters: {'max_depth': 9, 'n_estimators': 15}. Best is trial 134 with value: 13370087.96712083.
{'MSE - mean': 135880.3587411729, 'MSE - std': 0.0, 'R2 - mean': 0.9933751673407164, 'R2 - std': 0.0} 
 

{'MSE - mean': 12467370.991474027, 'MSE - std': 12331490.632732853, 'R2 - mean': 0.9768279958332697, 'R2 - std': 0.016547171507446723} 
 

{'MSE - mean': 9452062.819363518, 'MSE - std': 10934407.81336808, 'R2 - mean': 0.939454750643946, 'R2 - std': 0.05455325992606239} 
 

{'MSE - mean': 43492590.066444784, 'MSE - std': 59715520.94262957, 'R2 - mean': 0.8961113928632239, 'R2 - std': 0.08870165510036114} 
 

{'MSE - mean': 43524742.83656087, 'MSE - std': 53411224.36681459, 'R2 - mean': 0.7838436365610792, 'R2 - std': 0.23813983983051984} 
 

Finished cross validation
Hyperparam was saved!!! Hurrah!!!
Trial 169 finished with value: 43524742.83656087 and parameters: {'max_depth': 12, 'n_estimators': 10}. Best is trial 134 with value: 13370087.96712083.
{'MSE - mean': 365987.7909412959, 'MSE - std': 0.0, 'R2 - mean': 0.9821563035836153, 'R2 - std': 0.0} 
 

{'MSE - mean': 71633353.98909393, 'MSE - std': 71267366.19815263, 'R2 - mean': 0.8766394550666473, 'R2 - std': 0.10551684851696796} 
 

{'MSE - mean': 48970859.17710059, 'MSE - std': 66431937.59095327, 'R2 - mean': 0.8697043246016182, 'R2 - std': 0.08671060459810626} 
 

{'MSE - mean': 52953494.568251505, 'MSE - std': 57943816.78007392, 'R2 - mean': 0.8762133868609073, 'R2 - std': 0.07593517226432525} 
 

{'MSE - mean': 51668339.18661634, 'MSE - std': 51890222.77707048, 'R2 - mean': 0.7591648259015364, 'R2 - std': 0.2437506570249369} 
 

Finished cross validation
Hyperparam was saved!!! Hurrah!!!
Trial 170 finished with value: 51668339.18661634 and parameters: {'max_depth': 8, 'n_estimators': 6}. Best is trial 134 with value: 13370087.96712083.
{'MSE - mean': 349770.93009552214, 'MSE - std': 0.0, 'R2 - mean': 0.9829469549357123, 'R2 - std': 0.0} 
 

{'MSE - mean': 90862588.25427079, 'MSE - std': 90512817.32417527, 'R2 - mean': 0.846223229567096, 'R2 - std': 0.13672372536861638} 
 

{'MSE - mean': 61781720.45639435, 'MSE - std': 84576043.55683795, 'R2 - mean': 0.8497680207162325, 'R2 - std': 0.11174695733828229} 
 

{'MSE - mean': 49653021.22120016, 'MSE - std': 76198073.42190163, 'R2 - mean': 0.8819979262374479, 'R2 - std': 0.11172214321920398} 
 

{'MSE - mean': 49042234.353403755, 'MSE - std': 68164575.52834243, 'R2 - mean': 0.7635749402728556, 'R2 - std': 0.2570631911563264} 
 

Finished cross validation
Hyperparam was saved!!! Hurrah!!!
Trial 171 finished with value: 49042234.353403755 and parameters: {'max_depth': 8, 'n_estimators': 7}. Best is trial 134 with value: 13370087.96712083.
{'MSE - mean': 257294.24240471682, 'MSE - std': 0.0, 'R2 - mean': 0.9874556461587269, 'R2 - std': 0.0} 
 

{'MSE - mean': 201872362.40188763, 'MSE - std': 201615068.15948293, 'R2 - mean': 0.6706043591953248, 'R2 - std': 0.3168512869634021} 
 

{'MSE - mean': 135734559.1612238, 'MSE - std': 189334382.79308072, 'R2 - mean': 0.7348112994688202, 'R2 - std': 0.2741803926714634} 
 

{'MSE - mean': 110169489.28142367, 'MSE - std': 169842131.91845185, 'R2 - mean': 0.7876649697101638, 'R2 - std': 0.25448319623906496} 
 

{'MSE - mean': 97343345.6732051, 'MSE - std': 154062064.3088961, 'R2 - mean': 0.6898162894776424, 'R2 - std': 0.30017797158923115} 
 

Finished cross validation
Hyperparam was saved!!! Hurrah!!!
Trial 172 finished with value: 97343345.6732051 and parameters: {'max_depth': 9, 'n_estimators': 8}. Best is trial 134 with value: 13370087.96712083.
{'MSE - mean': 342859.2380248341, 'MSE - std': 0.0, 'R2 - mean': 0.9832839337587372, 'R2 - std': 0.0} 
 

{'MSE - mean': 18037964.19105198, 'MSE - std': 17695104.953027144, 'R2 - mean': 0.9630259748992007, 'R2 - std': 0.020257958859536462} 
 

{'MSE - mean': 13240875.42791641, 'MSE - std': 15961472.803866409, 'R2 - mean': 0.9272844195645539, 'R2 - std': 0.05318371448964148} 
 

{'MSE - mean': 11886185.98697609, 'MSE - std': 14020770.699059693, 'R2 - mean': 0.9423218974956857, 'R2 - std': 0.052912738001114734} 
 

{'MSE - mean': 18810482.078997187, 'MSE - std': 18682856.15949561, 'R2 - mean': 0.8121127459385427, 'R2 - std': 0.26468377145405775} 
 

Finished cross validation
Hyperparam was saved!!! Hurrah!!!
