Trial 20 finished with value: 5.6392959901457 and parameters: {'max_depth': 3, 'n_estimators': 58}. Best is trial 13 with value: 4.574977615124876.
{'MSE - mean': 4.657227635581027, 'MSE - std': 0.0, 'R2 - mean': 0.5752762287129347, 'R2 - std': 0.0} 
 

{'MSE - mean': 4.397882274752064, 'MSE - std': 0.2593453608289624, 'R2 - mean': 0.5670612072948049, 'R2 - std': 0.008215021418129798} 
 

{'MSE - mean': 4.536968318703166, 'MSE - std': 0.28901533875027935, 'R2 - mean': 0.5534396298795, 'R2 - std': 0.020398181140218814} 
 

{'MSE - mean': 4.486066919622741, 'MSE - std': 0.26536815334500496, 'R2 - mean': 0.5492483860664966, 'R2 - std': 0.019098793665360162} 
 

{'MSE - mean': 4.6785022258265405, 'MSE - std': 0.4521742957563948, 'R2 - mean': 0.5492851054830405, 'R2 - std': 0.01708263822832429} 
 

Finished cross validation
Hyperparam was saved!!! Hurrah!!!
Trial 21 finished with value: 4.6785022258265405 and parameters: {'max_depth': 6, 'n_estimators': 67}. Best is trial 13 with value: 4.574977615124876.
{'MSE - mean': 4.625045703923038, 'MSE - std': 0.0, 'R2 - mean': 0.57821111454, 'R2 - std': 0.0} 
 

{'MSE - mean': 4.426231094412559, 'MSE - std': 0.19881460951047947, 'R2 - mean': 0.5637915217797969, 'R2 - std': 0.014419592760203104} 
 

{'MSE - mean': 4.510088893605619, 'MSE - std': 0.20103671374704207, 'R2 - mean': 0.5557643977249568, 'R2 - std': 0.01635499550892591} 
 

{'MSE - mean': 4.447204679616149, 'MSE - std': 0.20536575496629875, 'R2 - mean': 0.5529916610620196, 'R2 - std': 0.014955888953142399} 
 

{'MSE - mean': 4.614018417278005, 'MSE - std': 0.3808508460554804, 'R2 - mean': 0.5550414001265065, 'R2 - std': 0.01399101899194325} 
 

Finished cross validation
Hyperparam was saved!!! Hurrah!!!
Trial 22 finished with value: 4.614018417278005 and parameters: {'max_depth': 9, 'n_estimators': 43}. Best is trial 13 with value: 4.574977615124876.
{'MSE - mean': 4.551465932727127, 'MSE - std': 0.0, 'R2 - mean': 0.5849213465402592, 'R2 - std': 0.0} 
 

{'MSE - mean': 4.383946641124298, 'MSE - std': 0.16751929160282808, 'R2 - mean': 0.5677323398151992, 'R2 - std': 0.017189006725059963} 
 

{'MSE - mean': 4.461933416753978, 'MSE - std': 0.1757052922338149, 'R2 - mean': 0.5603562224493551, 'R2 - std': 0.01748681931014097} 
 

{'MSE - mean': 4.4045778366808035, 'MSE - std': 0.181723003458062, 'R2 - mean': 0.557131607273057, 'R2 - std': 0.01614112964741862} 
 

{'MSE - mean': 4.586297330482678, 'MSE - std': 0.39812874513038216, 'R2 - mean': 0.557825701054905, 'R2 - std': 0.014503651876262805} 
 

Finished cross validation
Hyperparam was saved!!! Hurrah!!!
Trial 23 finished with value: 4.586297330482678 and parameters: {'max_depth': 12, 'n_estimators': 99}. Best is trial 13 with value: 4.574977615124876.
{'MSE - mean': 4.629587446292293, 'MSE - std': 0.0, 'R2 - mean': 0.577796922643399, 'R2 - std': 0.0} 
 

{'MSE - mean': 4.448859123804423, 'MSE - std': 0.18072832248786952, 'R2 - mean': 0.5614144227181687, 'R2 - std': 0.01638249992523033} 
 

{'MSE - mean': 4.51319535829001, 'MSE - std': 0.1733593180893996, 'R2 - mean': 0.5553583719697556, 'R2 - std': 0.01588318934811763} 
 

{'MSE - mean': 4.480578288970756, 'MSE - std': 0.16041106417341433, 'R2 - mean': 0.5493679270537181, 'R2 - std': 0.01722971470388752} 
 

{'MSE - mean': 4.651792017617623, 'MSE - std': 0.37127069789582173, 'R2 - mean': 0.5512265376558658, 'R2 - std': 0.01585270287690875} 
 

Finished cross validation
Hyperparam was saved!!! Hurrah!!!
Trial 24 finished with value: 4.651792017617623 and parameters: {'max_depth': 12, 'n_estimators': 50}. Best is trial 13 with value: 4.574977615124876.
{'MSE - mean': 4.609773235463405, 'MSE - std': 0.0, 'R2 - mean': 0.579603913198043, 'R2 - std': 0.0} 
 

{'MSE - mean': 4.384236427313693, 'MSE - std': 0.22553680814971155, 'R2 - mean': 0.5681504119897111, 'R2 - std': 0.011453501208331995} 
 

{'MSE - mean': 4.489764896544581, 'MSE - std': 0.23703111650161401, 'R2 - mean': 0.5579153657048639, 'R2 - std': 0.017232744167004745} 
 

{'MSE - mean': 4.440151243028046, 'MSE - std': 0.2225361914122682, 'R2 - mean': 0.5537292549990263, 'R2 - std': 0.016592051475591067} 
 

{'MSE - mean': 4.612158565325913, 'MSE - std': 0.3974468025874059, 'R2 - mean': 0.5553186308597161, 'R2 - std': 0.015177002347008646} 
 

Finished cross validation
Hyperparam was saved!!! Hurrah!!!
Trial 25 finished with value: 4.612158565325913 and parameters: {'max_depth': 10, 'n_estimators': 68}. Best is trial 13 with value: 4.574977615124876.
{'MSE - mean': 4.597407376264875, 'MSE - std': 0.0, 'R2 - mean': 0.5807316386959078, 'R2 - std': 0.0} 
 

{'MSE - mean': 4.408752978358066, 'MSE - std': 0.18865439790680893, 'R2 - mean': 0.5654418155920347, 'R2 - std': 0.015289823103873168} 
 

{'MSE - mean': 4.481750341941861, 'MSE - std': 0.18542981982434725, 'R2 - mean': 0.5585065208691723, 'R2 - std': 0.015876053859542043} 
 

{'MSE - mean': 4.428541319190102, 'MSE - std': 0.18515335229657368, 'R2 - mean': 0.554771270141972, 'R2 - std': 0.015195167277738746} 
 

{'MSE - mean': 4.61978437215151, 'MSE - std': 0.4167985512418769, 'R2 - mean': 0.5547534815173027, 'R2 - std': 0.013591017350420842} 
 

Finished cross validation
Hyperparam was saved!!! Hurrah!!!
Trial 26 finished with value: 4.61978437215151 and parameters: {'max_depth': 10, 'n_estimators': 35}. Best is trial 13 with value: 4.574977615124876.
{'MSE - mean': 4.549693616959702, 'MSE - std': 0.0, 'R2 - mean': 0.5850829758819089, 'R2 - std': 0.0} 
 

{'MSE - mean': 4.38292295456937, 'MSE - std': 0.166770662390332, 'R2 - mean': 0.5678278145697978, 'R2 - std': 0.017255161312111134} 
 

{'MSE - mean': 4.466556681356219, 'MSE - std': 0.18036306828705584, 'R2 - mean': 0.5598977961429025, 'R2 - std': 0.01800733496216979} 
 

{'MSE - mean': 4.424693009544541, 'MSE - std': 0.17220867676777646, 'R2 - mean': 0.5550078043853239, 'R2 - std': 0.017746383927363753} 
 

{'MSE - mean': 4.613729148081395, 'MSE - std': 0.40824417861738965, 'R2 - mean': 0.5551888708386358, 'R2 - std': 0.015876978750378648} 
 

Finished cross validation
Hyperparam was saved!!! Hurrah!!!
Trial 27 finished with value: 4.613729148081395 and parameters: {'max_depth': 12, 'n_estimators': 96}. Best is trial 13 with value: 4.574977615124876.
{'MSE - mean': 4.6976957601965825, 'MSE - std': 0.0, 'R2 - mean': 0.5715856694685637, 'R2 - std': 0.0} 
 

{'MSE - mean': 4.4495453179711895, 'MSE - std': 0.24815044222539306, 'R2 - mean': 0.5618657063041922, 'R2 - std': 0.009719963164371515} 
 

{'MSE - mean': 4.52882657260038, 'MSE - std': 0.2315674041301926, 'R2 - mean': 0.5541661503677225, 'R2 - std': 0.013474102784557058} 
 

{'MSE - mean': 4.459039107075519, 'MSE - std': 0.23415479500716604, 'R2 - mean': 0.5520302141667892, 'R2 - std': 0.012241333863185763} 
 

{'MSE - mean': 4.627351323632534, 'MSE - std': 0.39645779521812985, 'R2 - mean': 0.5539525781933318, 'R2 - std': 0.011604401647743939} 
 

Finished cross validation
Hyperparam was saved!!! Hurrah!!!
Trial 28 finished with value: 4.627351323632534 and parameters: {'max_depth': 8, 'n_estimators': 21}. Best is trial 13 with value: 4.574977615124876.
{'MSE - mean': 4.667863212697387, 'MSE - std': 0.0, 'R2 - mean': 0.5743062992235184, 'R2 - std': 0.0} 
 

{'MSE - mean': 4.422403273274435, 'MSE - std': 0.24545993942295175, 'R2 - mean': 0.564529246354264, 'R2 - std': 0.009777052869254343} 
 

{'MSE - mean': 4.5366413778456804, 'MSE - std': 0.2574252195228887, 'R2 - mean': 0.5533923826173758, 'R2 - std': 0.01765748121883461} 
 

{'MSE - mean': 4.49765091732593, 'MSE - std': 0.23294114228584034, 'R2 - mean': 0.5479481661841118, 'R2 - std': 0.01796547967524907} 
 

{'MSE - mean': 4.692425022074765, 'MSE - std': 0.44176585216422753, 'R2 - mean': 0.5478599130822349, 'R2 - std': 0.016069782898639095} 
 

Finished cross validation
Hyperparam was saved!!! Hurrah!!!
Trial 29 finished with value: 4.692425022074765 and parameters: {'max_depth': 6, 'n_estimators': 55}. Best is trial 13 with value: 4.574977615124876.
{'MSE - mean': 4.577549899374151, 'MSE - std': 0.0, 'R2 - mean': 0.5825425749724253, 'R2 - std': 0.0} 
 

{'MSE - mean': 4.358633194960353, 'MSE - std': 0.21891670441379718, 'R2 - mean': 0.5706315110171594, 'R2 - std': 0.011911063955265977} 
 

{'MSE - mean': 4.457122201813166, 'MSE - std': 0.22660505567169487, 'R2 - mean': 0.5611018804948376, 'R2 - std': 0.01661956714683706} 
 

{'MSE - mean': 4.416253012421963, 'MSE - std': 0.20862229115427927, 'R2 - mean': 0.5560567219205956, 'R2 - std': 0.016838004164060182} 
 

{'MSE - mean': 4.580526778343726, 'MSE - std': 0.3778387076169435, 'R2 - mean': 0.558215442301105, 'R2 - std': 0.015667003609753562} 
 

Finished cross validation
Hyperparam was saved!!! Hurrah!!!
Trial 30 finished with value: 4.580526778343726 and parameters: {'max_depth': 11, 'n_estimators': 74}. Best is trial 13 with value: 4.574977615124876.
{'MSE - mean': 4.629446594747104, 'MSE - std': 0.0, 'R2 - mean': 0.5778097678388985, 'R2 - std': 0.0} 
 

{'MSE - mean': 4.420608364850634, 'MSE - std': 0.20883822989646994, 'R2 - mean': 0.5644247719993621, 'R2 - std': 0.01338499583953634} 
 

{'MSE - mean': 4.4971766497783285, 'MSE - std': 0.20199259563425734, 'R2 - mean': 0.557088266298746, 'R2 - std': 0.015069418509239773} 
 

{'MSE - mean': 4.427495767583626, 'MSE - std': 0.2125253691882319, 'R2 - mean': 0.5550564116309729, 'R2 - std': 0.013516687124729114} 
 

{'MSE - mean': 4.604466447969422, 'MSE - std': 0.401756285456396, 'R2 - mean': 0.5561792087815585, 'R2 - std': 0.012296477480470028} 
 

Finished cross validation
Hyperparam was saved!!! Hurrah!!!
Trial 31 finished with value: 4.604466447969422 and parameters: {'max_depth': 11, 'n_estimators': 76}. Best is trial 13 with value: 4.574977615124876.
{'MSE - mean': 4.539991460021745, 'MSE - std': 0.0, 'R2 - mean': 0.5859677805353956, 'R2 - std': 0.0} 
 

{'MSE - mean': 4.354493038702611, 'MSE - std': 0.18549842131913463, 'R2 - mean': 0.5707836399411997, 'R2 - std': 0.015184140594195816} 
 

{'MSE - mean': 4.465255622014937, 'MSE - std': 0.2178909725802517, 'R2 - mean': 0.5601313912117347, 'R2 - std': 0.019510156920050176} 
 

{'MSE - mean': 4.40842460542463, 'MSE - std': 0.2128300972349534, 'R2 - mean': 0.5568180942816834, 'R2 - std': 0.017844284152741963} 
 

{'MSE - mean': 4.598660032275349, 'MSE - std': 0.42543553065950346, 'R2 - mean': 0.5568070003690555, 'R2 - std': 0.015960428372654288} 
 

Finished cross validation
Hyperparam was saved!!! Hurrah!!!
Trial 32 finished with value: 4.598660032275349 and parameters: {'max_depth': 9, 'n_estimators': 100}. Best is trial 13 with value: 4.574977615124876.
{'MSE - mean': 4.560475954411985, 'MSE - std': 0.0, 'R2 - mean': 0.5840996623348029, 'R2 - std': 0.0} 
 

{'MSE - mean': 4.409454091952437, 'MSE - std': 0.1510218624595483, 'R2 - mean': 0.5650827097788851, 'R2 - std': 0.0190169525559179} 
 

{'MSE - mean': 4.485128349390349, 'MSE - std': 0.16327355911085525, 'R2 - mean': 0.5579807179153426, 'R2 - std': 0.018492509290764198} 
 

{'MSE - mean': 4.452041639348912, 'MSE - std': 0.15257090965397968, 'R2 - mean': 0.5521351354529183, 'R2 - std': 0.018947088902434607} 
 

{'MSE - mean': 4.627746511261829, 'MSE - std': 0.37697627781314363, 'R2 - mean': 0.5535408826286986, 'R2 - std': 0.01717842375744255} 
 

Finished cross validation
Hyperparam was saved!!! Hurrah!!!
Trial 33 finished with value: 4.627746511261829 and parameters: {'max_depth': 11, 'n_estimators': 60}. Best is trial 13 with value: 4.574977615124876.
{'MSE - mean': 4.483290012046635, 'MSE - std': 0.0, 'R2 - mean': 0.591138765229688, 'R2 - std': 0.0} 
 

{'MSE - mean': 4.352242043665019, 'MSE - std': 0.13104796838161592, 'R2 - mean': 0.570586990866549, 'R2 - std': 0.02055177436313904} 
 

{'MSE - mean': 4.475443789090857, 'MSE - std': 0.2044661019091231, 'R2 - mean': 0.5588501261855439, 'R2 - std': 0.023602788071102308} 
 

{'MSE - mean': 4.4245886223125375, 'MSE - std': 0.19777141878083884, 'R2 - mean': 0.5549458736111377, 'R2 - std': 0.02153017111035808} 
 

{'MSE - mean': 4.612136947438403, 'MSE - std': 0.4147147505205695, 'R2 - mean': 0.5552640944778664, 'R2 - std': 0.01926768466923633} 
 

Finished cross validation
Hyperparam was saved!!! Hurrah!!!
Trial 34 finished with value: 4.612136947438403 and parameters: {'max_depth': 10, 'n_estimators': 73}. Best is trial 13 with value: 4.574977615124876.
{'MSE - mean': 4.603635421995691, 'MSE - std': 0.0, 'R2 - mean': 0.5801636615048571, 'R2 - std': 0.0} 
 

{'MSE - mean': 4.426840571119392, 'MSE - std': 0.17679485087629931, 'R2 - mean': 0.5635616958980035, 'R2 - std': 0.016601965606853564} 
 

{'MSE - mean': 4.504038386091547, 'MSE - std': 0.18098789500184387, 'R2 - mean': 0.5562465236458342, 'R2 - std': 0.01705208681751057} 
 

{'MSE - mean': 4.457672818756979, 'MSE - std': 0.17611576052604666, 'R2 - mean': 0.5517488042390781, 'R2 - std': 0.016696367515410808} 
 

{'MSE - mean': 4.650913444503739, 'MSE - std': 0.41735017268539837, 'R2 - mean': 0.5516884769877832, 'R2 - std': 0.014934172493872145} 
 

Finished cross validation
Hyperparam was saved!!! Hurrah!!!
Trial 35 finished with value: 4.650913444503739 and parameters: {'max_depth': 8, 'n_estimators': 37}. Best is trial 13 with value: 4.574977615124876.
{'MSE - mean': 4.543743061408891, 'MSE - std': 0.0, 'R2 - mean': 0.5856256468854658, 'R2 - std': 0.0} 
 

{'MSE - mean': 4.351786779047458, 'MSE - std': 0.1919562823614327, 'R2 - mean': 0.5711010050044665, 'R2 - std': 0.01452464188099939} 
 

{'MSE - mean': 4.461373669790713, 'MSE - std': 0.22041638506297384, 'R2 - mean': 0.5605474186714129, 'R2 - std': 0.019063049340524798} 
 

{'MSE - mean': 4.407886198514352, 'MSE - std': 0.21217979605464418, 'R2 - mean': 0.5568763863879584, 'R2 - std': 0.0176912215999336} 
 

{'MSE - mean': 4.599040807479737, 'MSE - std': 0.4268214507236817, 'R2 - mean': 0.5567865231991592, 'R2 - std': 0.015824530290949247} 
 

Finished cross validation
Hyperparam was saved!!! Hurrah!!!
Trial 36 finished with value: 4.599040807479737 and parameters: {'max_depth': 7, 'n_estimators': 78}. Best is trial 13 with value: 4.574977615124876.
{'MSE - mean': 4.550350258841878, 'MSE - std': 0.0, 'R2 - mean': 0.5850230923120245, 'R2 - std': 0.0} 
 

{'MSE - mean': 4.3336497903777165, 'MSE - std': 0.21670046846416158, 'R2 - mean': 0.5730852206586595, 'R2 - std': 0.011937871653365018} 
 

{'MSE - mean': 4.469904976093591, 'MSE - std': 0.2616046889691769, 'R2 - mean': 0.5598409890544058, 'R2 - std': 0.02111463618714995} 
 

{'MSE - mean': 4.4156630883966415, 'MSE - std': 0.24526375009524007, 'R2 - mean': 0.5561991838606284, 'R2 - std': 0.01934319340737326} 
 

{'MSE - mean': 4.599464270332907, 'MSE - std': 0.4280828700302048, 'R2 - mean': 0.5567242580072236, 'R2 - std': 0.01733292001925035} 
 

Finished cross validation
Hyperparam was saved!!! Hurrah!!!
Trial 37 finished with value: 4.599464270332907 and parameters: {'max_depth': 9, 'n_estimators': 51}. Best is trial 13 with value: 4.574977615124876.
{'MSE - mean': 4.598139230836067, 'MSE - std': 0.0, 'R2 - mean': 0.5806648959773135, 'R2 - std': 0.0} 
 

{'MSE - mean': 4.412665434665078, 'MSE - std': 0.18547379617098914, 'R2 - mean': 0.5650303964256892, 'R2 - std': 0.015634499551624326} 
 

{'MSE - mean': 4.506170852875658, 'MSE - std': 0.20104778664169035, 'R2 - mean': 0.5560859487807974, 'R2 - std': 0.017971217863505546} 
 

{'MSE - mean': 4.44853363876647, 'MSE - std': 0.2007020297255283, 'R2 - mean': 0.5527765421858067, 'R2 - std': 0.01658553645970154} 
 

{'MSE - mean': 4.618336336395621, 'MSE - std': 0.38413131644960247, 'R2 - mean': 0.554600138077333, 'R2 - std': 0.015276322320088563} 
 

Finished cross validation
Hyperparam was saved!!! Hurrah!!!
Trial 38 finished with value: 4.618336336395621 and parameters: {'max_depth': 11, 'n_estimators': 82}. Best is trial 13 with value: 4.574977615124876.
{'MSE - mean': 4.858731307781274, 'MSE - std': 0.0, 'R2 - mean': 0.5568997596455377, 'R2 - std': 0.0} 
 

{'MSE - mean': 4.560596583483807, 'MSE - std': 0.2981347242974661, 'R2 - mean': 0.5512679860949274, 'R2 - std': 0.005631773550610231} 
 

{'MSE - mean': 4.6961887128842825, 'MSE - std': 0.3098816876357724, 'R2 - mean': 0.537917653909732, 'R2 - std': 0.01943212086024146} 
 

{'MSE - mean': 4.6332126532984725, 'MSE - std': 0.2896859463140423, 'R2 - mean': 0.5346419515557017, 'R2 - std': 0.017759396627753835} 
 

{'MSE - mean': 4.827621109595467, 'MSE - std': 0.467239713115881, 'R2 - mean': 0.5350029978202723, 'R2 - std': 0.015900891562618143} 
 

Finished cross validation
Hyperparam was saved!!! Hurrah!!!
Trial 39 finished with value: 4.827621109595467 and parameters: {'max_depth': 5, 'n_estimators': 29}. Best is trial 13 with value: 4.574977615124876.
{'MSE - mean': 5.911771897487989, 'MSE - std': 0.0, 'R2 - mean': 0.46086593747167426, 'R2 - std': 0.0} 
 

{'MSE - mean': 5.396877963933658, 'MSE - std': 0.514893933554331, 'R2 - mean': 0.47023160768896793, 'R2 - std': 0.009365670217293676} 
 

{'MSE - mean': 5.495877397746161, 'MSE - std': 0.44310903586411665, 'R2 - mean': 0.4600644100022968, 'R2 - std': 0.016285607245226357} 
 

{'MSE - mean': 5.4059889266166135, 'MSE - std': 0.4141244076051818, 'R2 - mean': 0.45775372716230767, 'R2 - std': 0.014660611108353818} 
 

{'MSE - mean': 5.672957293879125, 'MSE - std': 0.6498366382828219, 'R2 - mean': 0.4547100656626684, 'R2 - std': 0.014456912386600908} 
 

Finished cross validation
Hyperparam was saved!!! Hurrah!!!
Trial 40 finished with value: 5.672957293879125 and parameters: {'max_depth': 3, 'n_estimators': 60}. Best is trial 13 with value: 4.574977615124876.
{'MSE - mean': 4.557610434868519, 'MSE - std': 0.0, 'R2 - mean': 0.5843609882485072, 'R2 - std': 0.0} 
 

{'MSE - mean': 4.372612294701609, 'MSE - std': 0.1849981401669103, 'R2 - mean': 0.568987854457958, 'R2 - std': 0.015373133790549276} 
 

{'MSE - mean': 4.485056562647305, 'MSE - std': 0.21932540823586905, 'R2 - mean': 0.5581744216130649, 'R2 - std': 0.01978424006147599} 
 

{'MSE - mean': 4.435313196586542, 'MSE - std': 0.2085687738481915, 'R2 - mean': 0.5540632702248591, 'R2 - std': 0.018554428401808012} 
 

{'MSE - mean': 4.623103921643349, 'MSE - std': 0.419359240281021, 'R2 - mean': 0.5543605815882074, 'R2 - std': 0.016606234577451928} 
 

Finished cross validation
Hyperparam was saved!!! Hurrah!!!
Trial 41 finished with value: 4.623103921643349 and parameters: {'max_depth': 7, 'n_estimators': 84}. Best is trial 13 with value: 4.574977615124876.
{'MSE - mean': 4.634597765067511, 'MSE - std': 0.0, 'R2 - mean': 0.5773399981269114, 'R2 - std': 0.0} 
 

{'MSE - mean': 4.401869790764063, 'MSE - std': 0.23272797430344827, 'R2 - mean': 0.56646190327905, 'R2 - std': 0.010878094847861397} 
 

{'MSE - mean': 4.484619010536483, 'MSE - std': 0.22316602211839112, 'R2 - mean': 0.5584527749745978, 'R2 - std': 0.014393780048122718} 
 

{'MSE - mean': 4.427046394711276, 'MSE - std': 0.2174767190988044, 'R2 - mean': 0.5551208384347744, 'R2 - std': 0.013736487228237492} 
 

{'MSE - mean': 4.625218814247394, 'MSE - std': 0.4415043942467403, 'R2 - mean': 0.5544848056756564, 'R2 - std': 0.012351964045442757} 
 

Finished cross validation
Hyperparam was saved!!! Hurrah!!!
Trial 42 finished with value: 4.625218814247394 and parameters: {'max_depth': 9, 'n_estimators': 42}. Best is trial 13 with value: 4.574977615124876.
{'MSE - mean': 4.544583549100684, 'MSE - std': 0.0, 'R2 - mean': 0.5855489971852339, 'R2 - std': 0.0} 
 

{'MSE - mean': 4.381878393194031, 'MSE - std': 0.16270515590665324, 'R2 - mean': 0.5678998140374936, 'R2 - std': 0.017649183147740333} 
 

{'MSE - mean': 4.476601408859389, 'MSE - std': 0.1886625149993626, 'R2 - mean': 0.5588888854089221, 'R2 - std': 0.019236842603540888} 
 

{'MSE - mean': 4.409183277990354, 'MSE - std': 0.2008252263388153, 'R2 - mean': 0.5567149202463675, 'R2 - std': 0.017079826070515423} 
 

{'MSE - mean': 4.586077522264207, 'MSE - std': 0.39677564423248096, 'R2 - mean': 0.5578152243402202, 'R2 - std': 0.015434346221173187} 
 

Finished cross validation
Hyperparam was saved!!! Hurrah!!!
Trial 43 finished with value: 4.586077522264207 and parameters: {'max_depth': 8, 'n_estimators': 75}. Best is trial 13 with value: 4.574977615124876.
{'MSE - mean': 4.78438784459869, 'MSE - std': 0.0, 'R2 - mean': 0.563679637831481, 'R2 - std': 0.0} 
 

{'MSE - mean': 4.652465652646421, 'MSE - std': 0.1319221919522695, 'R2 - mean': 0.5409026192394137, 'R2 - std': 0.022777018592067266} 
 

{'MSE - mean': 4.703401961713008, 'MSE - std': 0.12958134503976573, 'R2 - mean': 0.5363241659969864, 'R2 - std': 0.019692287461891573} 
 

{'MSE - mean': 4.633952359635694, 'MSE - std': 0.16450907398325398, 'R2 - mean': 0.5339461790175022, 'R2 - std': 0.017544346819848223} 
 

{'MSE - mean': 4.78874374743353, 'MSE - std': 0.34277118210809654, 'R2 - mean': 0.5377104641766778, 'R2 - std': 0.017404673375460186} 
 

Finished cross validation
Hyperparam was saved!!! Hurrah!!!
Trial 44 finished with value: 4.78874374743353 and parameters: {'max_depth': 10, 'n_estimators': 12}. Best is trial 13 with value: 4.574977615124876.
{'MSE - mean': 4.6267584673219035, 'MSE - std': 0.0, 'R2 - mean': 0.5780549161775814, 'R2 - std': 0.0} 
 

{'MSE - mean': 4.420097972950346, 'MSE - std': 0.2066604943715573, 'R2 - mean': 0.5644584796181863, 'R2 - std': 0.01359643655939513} 
 

{'MSE - mean': 4.51075405122485, 'MSE - std': 0.21191843323668236, 'R2 - mean': 0.5557412582172837, 'R2 - std': 0.016589814826587963} 
 

{'MSE - mean': 4.476722397072186, 'MSE - std': 0.19276028432282702, 'R2 - mean': 0.5498715963170756, 'R2 - std': 0.01760043350186649} 
 

{'MSE - mean': 4.650715941505342, 'MSE - std': 0.3883558108068222, 'R2 - mean': 0.5514633593858671, 'R2 - std': 0.01606097899355995} 
 

Finished cross validation
Hyperparam was saved!!! Hurrah!!!
