

----------------------------------------------------------------------------
Training RandomForest Vesion 1 with Dataset: config/brazillian_houses.yml 



----------------------------------------------------------------------------
Namespace(batch_size=128, cat_dims=None, cat_idx=None, config='config/brazillian_houses.yml', data_parallel=False, dataset='Brazillian_Houses', direction='minimize', dropna_idx=None, early_stopping_rounds=20, epochs=100, gpu_ids=[0, 1], logging_period=100, miss_cat_idx=None, miss_num_idx=None, model_name='RandomForest', n_trials=200, nominal_idx=[0, 6], num_classes=1, num_features=12, num_idx=None, num_splits=5, objective='regression', one_hot_encode=True, optimize_hyperparameters=True, ordinal_encode=True, ordinal_idx=[7], scale=True, seed=221, shuffle=True, target_encode=False, use_gpu=True, val_batch_size=256)
Start hyperparameter optimization
Loading dataset Brazillian_Houses...
Dataset loaded! 

(10692, 12)
Scaling the data...
Ordinal Idx: [0]
One Hot Encoding...
New Shape: (10692, 17)
OE Done!!! 

A new study created in RDB with name: RandomForest_Brazillian_Houses
{'MSE - mean': 311669.68856428645, 'MSE - std': 0.0, 'R2 - mean': 0.9848045769761147, 'R2 - std': 0.0} 
 

{'MSE - mean': 48761459.468453296, 'MSE - std': 48449789.77988901, 'R2 - mean': 0.9145529350598312, 'R2 - std': 0.07025164191628352} 
 

{'MSE - mean': 33706928.766170174, 'MSE - std': 44924372.106266126, 'R2 - mean': 0.8956126830399417, 'R2 - std': 0.0633060957131539} 
 

{'MSE - mean': 46696685.50186525, 'MSE - std': 44942749.66014322, 'R2 - mean': 0.8873054651452612, 'R2 - std': 0.05668135428235066} 
 

{'MSE - mean': 46496696.89474609, 'MSE - std': 40200007.20625996, 'R2 - mean': 0.7705711116088282, 'R2 - std': 0.23890972755603898} 
 

Finished cross validation
Hyperparam was saved!!! Hurrah!!!
Trial 0 finished with value: 46496696.89474609 and parameters: {'max_depth': 8, 'n_estimators': 34}. Best is trial 0 with value: 46496696.89474609.
{'MSE - mean': 12788276.826953694, 'MSE - std': 0.0, 'R2 - mean': 0.37650890265503034, 'R2 - std': 0.0} 
 

{'MSE - mean': 38009382.83799942, 'MSE - std': 25221106.01104572, 'R2 - mean': 0.6376177944394466, 'R2 - std': 0.2611088917844162} 
 

{'MSE - mean': 30260423.817189123, 'MSE - std': 23327284.255980853, 'R2 - mean': 0.5638308961345726, 'R2 - std': 0.23736241271277897} 
 

{'MSE - mean': 60596108.3654716, 'MSE - std': 56292831.81816502, 'R2 - mean': 0.6119882816166355, 'R2 - std': 0.221840229796193} 
 

{'MSE - mean': 59091848.134956, 'MSE - std': 50439642.41200579, 'R2 - mean': 0.5278307042924496, 'R2 - std': 0.26019312313957793} 
 

Finished cross validation
Hyperparam was saved!!! Hurrah!!!
Trial 1 finished with value: 59091848.134956 and parameters: {'max_depth': 2, 'n_estimators': 12}. Best is trial 0 with value: 46496696.89474609.
{'MSE - mean': 2671951.7978950767, 'MSE - std': 0.0, 'R2 - mean': 0.8697292699348524, 'R2 - std': 0.0} 
 

{'MSE - mean': 52661438.23194739, 'MSE - std': 49989486.43405232, 'R2 - mean': 0.8526590448135284, 'R2 - std': 0.017070225121324056} 
 

{'MSE - mean': 37246185.19130062, 'MSE - std': 46273382.07408811, 'R2 - mean': 0.8172092042028254, 'R2 - std': 0.052035027841287995} 
 

{'MSE - mean': 47629571.83137226, 'MSE - std': 43924521.29258279, 'R2 - mean': 0.8312684117349614, 'R2 - std': 0.0512222319030294} 
 

{'MSE - mean': 47754466.25651183, 'MSE - std': 39288080.26737589, 'R2 - mean': 0.717947396535342, 'R2 - std': 0.2312262605682833} 
 

Finished cross validation
Hyperparam was saved!!! Hurrah!!!
Trial 2 finished with value: 47754466.25651183 and parameters: {'max_depth': 4, 'n_estimators': 57}. Best is trial 0 with value: 46496696.89474609.
{'MSE - mean': 9385011.130993508, 'MSE - std': 0.0, 'R2 - mean': 0.542434765227726, 'R2 - std': 0.0} 
 

{'MSE - mean': 58171491.40926939, 'MSE - std': 48786480.278275885, 'R2 - mean': 0.6855625946726216, 'R2 - std': 0.1431278294448956} 
 

{'MSE - mean': 44120165.09533028, 'MSE - std': 44515465.26384581, 'R2 - mean': 0.5792521609850584, 'R2 - std': 0.190422863637958} 
 

{'MSE - mean': 52248188.03716834, 'MSE - std': 41041616.154479526, 'R2 - mean': 0.6536630702608286, 'R2 - std': 0.20930026398645796} 
 

{'MSE - mean': 52340663.513326004, 'MSE - std': 36709203.37070896, 'R2 - mean': 0.5622806612180196, 'R2 - std': 0.2616261820493314} 
 

Finished cross validation
Hyperparam was saved!!! Hurrah!!!
Trial 3 finished with value: 52340663.513326004 and parameters: {'max_depth': 2, 'n_estimators': 29}. Best is trial 0 with value: 46496696.89474609.
{'MSE - mean': 5806220.132497398, 'MSE - std': 0.0, 'R2 - mean': 0.7169183455422891, 'R2 - std': 0.0} 
 

{'MSE - mean': 86945133.42841017, 'MSE - std': 81138913.29591277, 'R2 - mean': 0.723852998483024, 'R2 - std': 0.0069346529407348645} 
 

{'MSE - mean': 60856783.7148059, 'MSE - std': 75830201.64894547, 'R2 - mean': 0.7014919375478331, 'R2 - std': 0.03212621515056296} 
 

{'MSE - mean': 61086522.45635866, 'MSE - std': 65672086.54563908, 'R2 - mean': 0.7513093843213802, 'R2 - std': 0.0906609303064488} 
 

{'MSE - mean': 58945499.89934971, 'MSE - std': 58894772.869625814, 'R2 - mean': 0.6474964485591675, 'R2 - std': 0.2228991385212194} 
 

Finished cross validation
Hyperparam was saved!!! Hurrah!!!
Trial 4 finished with value: 58945499.89934971 and parameters: {'max_depth': 3, 'n_estimators': 13}. Best is trial 0 with value: 46496696.89474609.
{'MSE - mean': 8894991.495544001, 'MSE - std': 0.0, 'R2 - mean': 0.5663256212328953, 'R2 - std': 0.0} 
 

{'MSE - mean': 61476355.44159505, 'MSE - std': 52581363.946051046, 'R2 - mean': 0.6918223559213063, 'R2 - std': 0.12549673468841094} 
 

{'MSE - mean': 45319104.04804275, 'MSE - std': 48634488.12115685, 'R2 - mean': 0.6231377785824884, 'R2 - std': 0.14119051882731487} 
 

{'MSE - mean': 54557473.665848784, 'MSE - std': 45055826.4344448, 'R2 - mean': 0.6843120892153041, 'R2 - std': 0.16179604692094746} 
 

{'MSE - mean': 54400754.441358134, 'MSE - std': 40300375.18701223, 'R2 - mean': 0.5835591432646557, 'R2 - std': 0.2480866645153128} 
 

Finished cross validation
Hyperparam was saved!!! Hurrah!!!
Trial 5 finished with value: 54400754.441358134 and parameters: {'max_depth': 2, 'n_estimators': 17}. Best is trial 0 with value: 46496696.89474609.
{'MSE - mean': 1285384.3776673465, 'MSE - std': 0.0, 'R2 - mean': 0.9373312192888459, 'R2 - std': 0.0} 
 

{'MSE - mean': 61116347.13669638, 'MSE - std': 59830962.75902903, 'R2 - mean': 0.8718077876632278, 'R2 - std': 0.06552343162561808} 
 

{'MSE - mean': 42554503.6035997, 'MSE - std': 55457913.23585726, 'R2 - mean': 0.8429562647145907, 'R2 - std': 0.06728323823639999} 
 

{'MSE - mean': 59320658.925816804, 'MSE - std': 56124834.05964807, 'R2 - mean': 0.8381933910799496, 'R2 - std': 0.05885006802426652} 
 

{'MSE - mean': 55791593.24406421, 'MSE - std': 50693340.95246555, 'R2 - mean': 0.7435377998286993, 'R2 - std': 0.19649271799652973} 
 

Finished cross validation
Hyperparam was saved!!! Hurrah!!!
Trial 6 finished with value: 55791593.24406421 and parameters: {'max_depth': 5, 'n_estimators': 9}. Best is trial 0 with value: 46496696.89474609.
{'MSE - mean': 135173.19556833754, 'MSE - std': 0.0, 'R2 - mean': 0.9934096450071448, 'R2 - std': 0.0} 
 

{'MSE - mean': 36347573.29781844, 'MSE - std': 36212400.1022501, 'R2 - mean': 0.9385968662984838, 'R2 - std': 0.05481277870866097} 
 

{'MSE - mean': 25354395.608025312, 'MSE - std': 33405466.501991745, 'R2 - mean': 0.9146712655893082, 'R2 - std': 0.05610551855001635} 
 

{'MSE - mean': 39314778.148076504, 'MSE - std': 37704386.16600817, 'R2 - mean': 0.9033945973539631, 'R2 - std': 0.05236756294019038} 
 

{'MSE - mean': 40683352.05356182, 'MSE - std': 33834724.27940674, 'R2 - mean': 0.782037683300441, 'R2 - std': 0.247192013772718} 
 

Finished cross validation
Hyperparam was saved!!! Hurrah!!!
Trial 7 finished with value: 40683352.05356182 and parameters: {'max_depth': 11, 'n_estimators': 34}. Best is trial 7 with value: 40683352.05356182.
{'MSE - mean': 5848189.949073632, 'MSE - std': 0.0, 'R2 - mean': 0.7148721115307348, 'R2 - std': 0.0} 
 

{'MSE - mean': 82901920.65451925, 'MSE - std': 77053730.70544562, 'R2 - mean': 0.7293393166343622, 'R2 - std': 0.014467205103627367} 
 

{'MSE - mean': 57933380.12197435, 'MSE - std': 72145969.92488374, 'R2 - mean': 0.7141622883496263, 'R2 - std': 0.024499341299682044} 
 

{'MSE - mean': 49125054.756159194, 'MSE - std': 64315942.96558093, 'R2 - mean': 0.7765052058623471, 'R2 - std': 0.11004581493670028} 
 

{'MSE - mean': 49395199.301721156, 'MSE - std': 57528465.37100981, 'R2 - mean': 0.6673654941976328, 'R2 - std': 0.2394451330829128} 
 

Finished cross validation
Hyperparam was saved!!! Hurrah!!!
Trial 8 finished with value: 49395199.301721156 and parameters: {'max_depth': 3, 'n_estimators': 6}. Best is trial 7 with value: 40683352.05356182.
{'MSE - mean': 2621559.550535932, 'MSE - std': 0.0, 'R2 - mean': 0.8721861386771219, 'R2 - std': 0.0} 
 

{'MSE - mean': 73006730.2181418, 'MSE - std': 70385170.66760588, 'R2 - mean': 0.8212610220486214, 'R2 - std': 0.05092511662850058} 
 

{'MSE - mean': 50613591.266443126, 'MSE - std': 65617224.70123353, 'R2 - mean': 0.8040322935884792, 'R2 - std': 0.04819304760845573} 
 

{'MSE - mean': 50432981.93980259, 'MSE - std': 56827044.55015884, 'R2 - mean': 0.8329875837208375, 'R2 - std': 0.06524686857076203} 
 

{'MSE - mean': 49996479.71214362, 'MSE - std': 50835150.541958615, 'R2 - mean': 0.7193336242881687, 'R2 - std': 0.23467980966739166} 
 

Finished cross validation
Hyperparam was saved!!! Hurrah!!!
Trial 9 finished with value: 49996479.71214362 and parameters: {'max_depth': 4, 'n_estimators': 10}. Best is trial 7 with value: 40683352.05356182.
{'MSE - mean': 121184.55517985033, 'MSE - std': 0.0, 'R2 - mean': 0.9940916597042148, 'R2 - std': 0.0} 
 

{'MSE - mean': 31002893.467004683, 'MSE - std': 30881708.911824834, 'R2 - mean': 0.9474869946390427, 'R2 - std': 0.04660466506517197} 
 

{'MSE - mean': 21791340.587172356, 'MSE - std': 28381191.71433226, 'R2 - mean': 0.9205954528537664, 'R2 - std': 0.05379875998945606} 
 

{'MSE - mean': 41618572.40086645, 'MSE - std': 42231225.37324902, 'R2 - mean': 0.8998440147740376, 'R2 - std': 0.05884383127765195} 
 

{'MSE - mean': 42342687.86231524, 'MSE - std': 37800509.123912044, 'R2 - mean': 0.781996589790958, 'R2 - std': 0.24149977118853866} 
 

Finished cross validation
Hyperparam was saved!!! Hurrah!!!
Trial 10 finished with value: 42342687.86231524 and parameters: {'max_depth': 12, 'n_estimators': 83}. Best is trial 7 with value: 40683352.05356182.
{'MSE - mean': 105170.10835741156, 'MSE - std': 0.0, 'R2 - mean': 0.9948724423818035, 'R2 - std': 0.0} 
 

{'MSE - mean': 53113757.563534334, 'MSE - std': 53008587.45517692, 'R2 - mean': 0.9124506253069491, 'R2 - std': 0.08242181707485435} 
 

{'MSE - mean': 36531230.43470225, 'MSE - std': 49226354.472162545, 'R2 - mean': 0.8972650078658124, 'R2 - std': 0.0706407099866473} 
 

{'MSE - mean': 52014920.07605411, 'MSE - std': 50365260.008197814, 'R2 - mean': 0.8834041258454604, 'R2 - std': 0.06571875365304461} 
 

{'MSE - mean': 50695256.22082423, 'MSE - std': 45125309.78639257, 'R2 - mean': 0.7683038481468186, 'R2 - std': 0.23758674072975008} 
 

Finished cross validation
Hyperparam was saved!!! Hurrah!!!
Trial 11 finished with value: 50695256.22082423 and parameters: {'max_depth': 12, 'n_estimators': 97}. Best is trial 7 with value: 40683352.05356182.
{'MSE - mean': 126455.72387375953, 'MSE - std': 0.0, 'R2 - mean': 0.993834664426608, 'R2 - std': 0.0} 
 

{'MSE - mean': 25778906.63704038, 'MSE - std': 25652450.91316662, 'R2 - mean': 0.9557297334304624, 'R2 - std': 0.03810493099614559} 
 

{'MSE - mean': 18315286.348086517, 'MSE - std': 23454425.61373687, 'R2 - mean': 0.9258294888730744, 'R2 - std': 0.05249799767607562} 
 

{'MSE - mean': 40354513.616050795, 'MSE - std': 43240781.40320406, 'R2 - mean': 0.9016121380910054, 'R2 - std': 0.06185846794662209} 
 

{'MSE - mean': 41407149.39906225, 'MSE - std': 38732987.35515306, 'R2 - mean': 0.7822573761588159, 'R2 - std': 0.24503757432059523} 
 

Finished cross validation
Hyperparam was saved!!! Hurrah!!!
Trial 12 finished with value: 41407149.39906225 and parameters: {'max_depth': 12, 'n_estimators': 89}. Best is trial 7 with value: 40683352.05356182.
{'MSE - mean': 203698.0857170559, 'MSE - std': 0.0, 'R2 - mean': 0.9900687211647536, 'R2 - std': 0.0} 
 

{'MSE - mean': 28539210.13918839, 'MSE - std': 28335512.053471334, 'R2 - mean': 0.949487570644544, 'R2 - std': 0.04058115052020955} 
 

{'MSE - mean': 20184145.387770087, 'MSE - std': 25978485.513126656, 'R2 - mean': 0.9205348960249444, 'R2 - std': 0.05267258540853504} 
 

{'MSE - mean': 34464990.683985695, 'MSE - std': 33436341.146873847, 'R2 - mean': 0.909353928501017, 'R2 - std': 0.049556463196316985} 
 

{'MSE - mean': 36439223.11409162, 'MSE - std': 30165899.65813105, 'R2 - mean': 0.7923566495245283, 'R2 - std': 0.23815567930921083} 
 

Finished cross validation
Hyperparam was saved!!! Hurrah!!!
Trial 13 finished with value: 36439223.11409162 and parameters: {'max_depth': 9, 'n_estimators': 54}. Best is trial 13 with value: 36439223.11409162.
{'MSE - mean': 328922.6361623273, 'MSE - std': 0.0, 'R2 - mean': 0.9839634113229232, 'R2 - std': 0.0} 
 

{'MSE - mean': 25212798.590959273, 'MSE - std': 24883875.954796948, 'R2 - mean': 0.9518629565203183, 'R2 - std': 0.03210045480260487} 
 

{'MSE - mean': 18002507.75419754, 'MSE - std': 22732827.42915763, 'R2 - mean': 0.9206961487932018, 'R2 - std': 0.051280593536809554} 
 

{'MSE - mean': 25732222.18480805, 'MSE - std': 23808224.161605608, 'R2 - mean': 0.920874948963923, 'R2 - std': 0.044411376511190856} 
 

{'MSE - mean': 29867821.292784523, 'MSE - std': 22844648.172186676, 'R2 - mean': 0.7952521886184304, 'R2 - std': 0.2543662869921626} 
 

Finished cross validation
Hyperparam was saved!!! Hurrah!!!
Trial 14 finished with value: 29867821.292784523 and parameters: {'max_depth': 8, 'n_estimators': 48}. Best is trial 14 with value: 29867821.292784523.
{'MSE - mean': 505972.8478140216, 'MSE - std': 0.0, 'R2 - mean': 0.9753313467968246, 'R2 - std': 0.0} 
 

{'MSE - mean': 42511562.67052149, 'MSE - std': 42005589.82270747, 'R2 - mean': 0.9199820902116149, 'R2 - std': 0.05534925658520967} 
 

{'MSE - mean': 29602630.583667163, 'MSE - std': 38853495.41738038, 'R2 - mean': 0.8967686493048627, 'R2 - std': 0.055857746229323234} 
 

{'MSE - mean': 40646423.98303412, 'MSE - std': 38705189.54294116, 'R2 - mean': 0.8929468046674407, 'R2 - std': 0.04882504838361534} 
 

{'MSE - mean': 41844133.762266524, 'MSE - std': 34701749.13322205, 'R2 - mean': 0.7722246706735285, 'R2 - std': 0.24536186098068768} 
 

Finished cross validation
Hyperparam was saved!!! Hurrah!!!
Trial 15 finished with value: 41844133.762266524 and parameters: {'max_depth': 7, 'n_estimators': 53}. Best is trial 14 with value: 29867821.292784523.
{'MSE - mean': 320516.0021483828, 'MSE - std': 0.0, 'R2 - mean': 0.984373275883822, 'R2 - std': 0.0} 
 

{'MSE - mean': 33099245.647858493, 'MSE - std': 32778729.64571011, 'R2 - mean': 0.9394298035074184, 'R2 - std': 0.04494347237640345} 
 

{'MSE - mean': 23255490.55760629, 'MSE - std': 30167793.643963575, 'R2 - mean': 0.9125911950153102, 'R2 - std': 0.05279424480393372} 
 

{'MSE - mean': 35701328.85601155, 'MSE - std': 33871352.24431895, 'R2 - mean': 0.90511048562872, 'R2 - std': 0.047521650351109675} 
 

{'MSE - mean': 37868232.717203565, 'MSE - std': 30603867.266435124, 'R2 - mean': 0.7822577249982805, 'R2 - std': 0.24935486556262493} 
 

Finished cross validation
Hyperparam was saved!!! Hurrah!!!
Trial 16 finished with value: 37868232.717203565 and parameters: {'max_depth': 8, 'n_estimators': 52}. Best is trial 14 with value: 29867821.292784523.
{'MSE - mean': 765750.178117451, 'MSE - std': 0.0, 'R2 - mean': 0.9626659302651109, 'R2 - std': 0.0} 
 

{'MSE - mean': 36710447.127260074, 'MSE - std': 35944696.94914262, 'R2 - mean': 0.923148793719091, 'R2 - std': 0.039517136546019904} 
 

{'MSE - mean': 25841914.25450876, 'MSE - std': 33130009.14763864, 'R2 - mean': 0.8946608613572486, 'R2 - std': 0.05161583059201578} 
 

{'MSE - mean': 51541800.80010811, 'MSE - std': 52958952.35899216, 'R2 - mean': 0.8693323355263812, 'R2 - std': 0.0626318460375591} 
 

{'MSE - mean': 50435921.4779913, 'MSE - std': 47419535.89260383, 'R2 - mean': 0.7552305428945931, 'R2 - std': 0.23497888168430864} 
 

Finished cross validation
Hyperparam was saved!!! Hurrah!!!
Trial 17 finished with value: 50435921.4779913 and parameters: {'max_depth': 6, 'n_estimators': 23}. Best is trial 14 with value: 29867821.292784523.
{'MSE - mean': 228424.15168219336, 'MSE - std': 0.0, 'R2 - mean': 0.9888632044082556, 'R2 - std': 0.0} 
 

{'MSE - mean': 32081239.169673327, 'MSE - std': 31852815.017991137, 'R2 - mean': 0.9432315114837657, 'R2 - std': 0.045631692924489875} 
 

{'MSE - mean': 22548071.201677144, 'MSE - std': 29294432.907846127, 'R2 - mean': 0.9162624426539331, 'R2 - std': 0.05331818588936742} 
 

{'MSE - mean': 34046718.660526685, 'MSE - std': 32253364.625926156, 'R2 - mean': 0.9096696197911398, 'R2 - std': 0.04756592950632163} 
 

{'MSE - mean': 36516120.89998702, 'MSE - std': 29267992.986116465, 'R2 - mean': 0.7863381765421704, 'R2 - std': 0.25030500133903705} 
 

Finished cross validation
Hyperparam was saved!!! Hurrah!!!
Trial 18 finished with value: 36516120.89998702 and parameters: {'max_depth': 9, 'n_estimators': 43}. Best is trial 14 with value: 29867821.292784523.
{'MSE - mean': 848734.4467976239, 'MSE - std': 0.0, 'R2 - mean': 0.9586200409367911, 'R2 - std': 0.0} 
 

{'MSE - mean': 85263912.65554205, 'MSE - std': 84415178.20874442, 'R2 - mean': 0.8434264924177651, 'R2 - std': 0.11519354851902597} 
 

{'MSE - mean': 58274849.04000997, 'MSE - std': 78787270.44619916, 'R2 - mean': 0.8389836255969927, 'R2 - std': 0.09426477184741057} 
 

{'MSE - mean': 54883654.89826033, 'MSE - std': 68484130.14263238, 'R2 - mean': 0.8612818412993741, 'R2 - std': 0.09031066758203637} 
 

{'MSE - mean': 53282848.48138471, 'MSE - std': 61337681.64718688, 'R2 - mean': 0.7461470627137536, 'R2 - std': 0.24402639673430782} 
 

Finished cross validation
Hyperparam was saved!!! Hurrah!!!
Trial 19 finished with value: 53282848.48138471 and parameters: {'max_depth': 6, 'n_estimators': 68}. Best is trial 14 with value: 29867821.292784523.
{'MSE - mean': 226113.33043907862, 'MSE - std': 0.0, 'R2 - mean': 0.9889758682559447, 'R2 - std': 0.0} 
 

{'MSE - mean': 68920921.36128584, 'MSE - std': 68694808.03084674, 'R2 - mean': 0.8842815985693955, 'R2 - std': 0.10469426968654921} 
 

{'MSE - mean': 47095525.12462125, 'MSE - std': 64020936.22692046, 'R2 - mean': 0.8774502230931844, 'R2 - std': 0.08602671359483181} 
 

{'MSE - mean': 46322486.63948425, 'MSE - std': 55459922.214397945, 'R2 - mean': 0.8904156056032622, 'R2 - std': 0.07781227422356517} 
 

{'MSE - mean': 46309498.7447571, 'MSE - std': 49604869.24046162, 'R2 - mean': 0.7713500190121861, 'R2 - std': 0.248093239845391} 
 

Finished cross validation
Hyperparam was saved!!! Hurrah!!!
Trial 20 finished with value: 46309498.7447571 and parameters: {'max_depth': 9, 'n_estimators': 22}. Best is trial 14 with value: 29867821.292784523.
{'MSE - mean': 241009.10598157547, 'MSE - std': 0.0, 'R2 - mean': 0.9882496262794479, 'R2 - std': 0.0} 
 

{'MSE - mean': 27251091.40308379, 'MSE - std': 27010082.297102217, 'R2 - mean': 0.9506710223338395, 'R2 - std': 0.03757860394560836} 
 

{'MSE - mean': 19307129.996295597, 'MSE - std': 24750274.263717502, 'R2 - mean': 0.9220462838750404, 'R2 - std': 0.050795527559060055} 
 

{'MSE - mean': 34774551.757005885, 'MSE - std': 34309699.28268112, 'R2 - mean': 0.9089335352675514, 'R2 - std': 0.04950728979788771} 
 

{'MSE - mean': 37078662.89828683, 'MSE - std': 31031598.162194412, 'R2 - mean': 0.7860498875135514, 'R2 - std': 0.2497245301043176} 
 

Finished cross validation
Hyperparam was saved!!! Hurrah!!!
Trial 21 finished with value: 37078662.89828683 and parameters: {'max_depth': 9, 'n_estimators': 40}. Best is trial 14 with value: 29867821.292784523.
{'MSE - mean': 185644.30851794442, 'MSE - std': 0.0, 'R2 - mean': 0.9909489311812721, 'R2 - std': 0.0} 
 

{'MSE - mean': 30111933.40703646, 'MSE - std': 29926289.098518517, 'R2 - mean': 0.947394260478807, 'R2 - std': 0.043554670702465104} 
 

{'MSE - mean': 21204202.338667516, 'MSE - std': 27490917.258460283, 'R2 - mean': 0.9202633537707667, 'R2 - std': 0.05231486491365735} 
 

{'MSE - mean': 40258800.289886475, 'MSE - std': 40694545.18767134, 'R2 - mean': 0.9010719199481996, 'R2 - std': 0.05619223446970754} 
 

{'MSE - mean': 41336961.49315807, 'MSE - std': 36462124.63291326, 'R2 - mean': 0.7817279357284803, 'R2 - std': 0.2439221188197274} 
 

Finished cross validation
Hyperparam was saved!!! Hurrah!!!
Trial 22 finished with value: 41336961.49315807 and parameters: {'max_depth': 10, 'n_estimators': 44}. Best is trial 14 with value: 29867821.292784523.
{'MSE - mean': 522350.25627610093, 'MSE - std': 0.0, 'R2 - mean': 0.9745328679625093, 'R2 - std': 0.0} 
 

{'MSE - mean': 34634193.54951984, 'MSE - std': 34111843.293243736, 'R2 - mean': 0.93221277959101, 'R2 - std': 0.0423200883714992} 
 

{'MSE - mean': 24351277.038309693, 'MSE - std': 31420088.784007512, 'R2 - mean': 0.9049135108669267, 'R2 - std': 0.051812097032646866} 
 

{'MSE - mean': 37291377.954028085, 'MSE - std': 35252732.08594072, 'R2 - mean': 0.8981181497006567, 'R2 - std': 0.04638858533443828} 
 

{'MSE - mean': 39172313.83456654, 'MSE - std': 31754618.164375387, 'R2 - mean': 0.7761755751287367, 'R2 - std': 0.2473893422368423} 
 

Finished cross validation
Hyperparam was saved!!! Hurrah!!!
