Trial 170 finished with value: 4.58647239874025 and parameters: {'max_depth': 10, 'n_estimators': 86}. Best is trial 61 with value: 4.543890243800494.
{'MSE - mean': 4.588958294087069, 'MSE - std': 0.0, 'R2 - mean': 0.5815021670718574, 'R2 - std': 0.0} 
 

{'MSE - mean': 4.402357977203173, 'MSE - std': 0.18660031688389633, 'R2 - mean': 0.5660584433648774, 'R2 - std': 0.015443723706979995} 
 

{'MSE - mean': 4.488835542509872, 'MSE - std': 0.1953710762716143, 'R2 - mean': 0.5578009250664585, 'R2 - std': 0.01718659220213454} 
 

{'MSE - mean': 4.423787024741632, 'MSE - std': 0.2032764670939106, 'R2 - mean': 0.5553185698046182, 'R2 - std': 0.015492594249505517} 
 

{'MSE - mean': 4.597977855534238, 'MSE - std': 0.39297180533496273, 'R2 - mean': 0.5566801703789274, 'R2 - std': 0.014122046797815289} 
 

Finished cross validation
Hyperparam was saved!!! Hurrah!!!
Trial 171 finished with value: 4.597977855534238 and parameters: {'max_depth': 9, 'n_estimators': 74}. Best is trial 61 with value: 4.543890243800494.
{'MSE - mean': 4.544895008381123, 'MSE - std': 0.0, 'R2 - mean': 0.5855205931280263, 'R2 - std': 0.0} 
 

{'MSE - mean': 4.397485313067035, 'MSE - std': 0.14740969531408776, 'R2 - mean': 0.5662385682236801, 'R2 - std': 0.019282024904346218} 
 

{'MSE - mean': 4.47437247142116, 'MSE - std': 0.16220259683886934, 'R2 - mean': 0.5590245130813655, 'R2 - std': 0.018760317324979663} 
 

{'MSE - mean': 4.404628296490357, 'MSE - std': 0.18527010451308598, 'R2 - mean': 0.557124922595376, 'R2 - std': 0.016576714440558894} 
 

{'MSE - mean': 4.567844846607175, 'MSE - std': 0.36608547940224845, 'R2 - mean': 0.559349706323928, 'R2 - std': 0.01547994250216662} 
 

Finished cross validation
Hyperparam was saved!!! Hurrah!!!
Trial 172 finished with value: 4.567844846607175 and parameters: {'max_depth': 10, 'n_estimators': 95}. Best is trial 61 with value: 4.543890243800494.
{'MSE - mean': 4.522260458943966, 'MSE - std': 0.0, 'R2 - mean': 0.5875847892443782, 'R2 - std': 0.0} 
 

{'MSE - mean': 4.388559057280467, 'MSE - std': 0.13370140166349875, 'R2 - mean': 0.5670157918797578, 'R2 - std': 0.020568997364620367} 
 

{'MSE - mean': 4.475583556964059, 'MSE - std': 0.16451110487810588, 'R2 - mean': 0.558837938345565, 'R2 - std': 0.020391428229624437} 
 

{'MSE - mean': 4.418986002280109, 'MSE - std': 0.17293865186756135, 'R2 - mean': 0.5555469757524568, 'R2 - std': 0.018556644720979516} 
 

{'MSE - mean': 4.589123927570029, 'MSE - std': 0.3737831942926929, 'R2 - mean': 0.5572774777543594, 'R2 - std': 0.016954580483010524} 
 

Finished cross validation
Hyperparam was saved!!! Hurrah!!!
Trial 173 finished with value: 4.589123927570029 and parameters: {'max_depth': 10, 'n_estimators': 95}. Best is trial 61 with value: 4.543890243800494.
{'MSE - mean': 4.545580088644262, 'MSE - std': 0.0, 'R2 - mean': 0.5854581160717682, 'R2 - std': 0.0} 
 

{'MSE - mean': 4.3741386608691695, 'MSE - std': 0.17144142777509286, 'R2 - mean': 0.5687325161967208, 'R2 - std': 0.016725599875047403} 
 

{'MSE - mean': 4.451883822570205, 'MSE - std': 0.17799830272846764, 'R2 - mean': 0.5613684786795489, 'R2 - std': 0.017174260524461846} 
 

{'MSE - mean': 4.406125306809923, 'MSE - std': 0.17333225932991622, 'R2 - mean': 0.556919462363227, 'R2 - std': 0.016751049428924265} 
 

{'MSE - mean': 4.587052751845177, 'MSE - std': 0.3936676506489597, 'R2 - mean': 0.5576958922520717, 'R2 - std': 0.015062851624621974} 
 

Finished cross validation
Hyperparam was saved!!! Hurrah!!!
Trial 174 finished with value: 4.587052751845177 and parameters: {'max_depth': 11, 'n_estimators': 100}. Best is trial 61 with value: 4.543890243800494.
{'MSE - mean': 4.565710531290377, 'MSE - std': 0.0, 'R2 - mean': 0.5836222862203314, 'R2 - std': 0.0} 
 

{'MSE - mean': 4.399063002546296, 'MSE - std': 0.16664752874408206, 'R2 - mean': 0.5662306701003847, 'R2 - std': 0.017391616119946718} 
 

{'MSE - mean': 4.491678846988142, 'MSE - std': 0.1888641182817931, 'R2 - mean': 0.5574198179767588, 'R2 - std': 0.018892002835358686} 
 

{'MSE - mean': 4.4316344796539795, 'MSE - std': 0.19382522933418325, 'R2 - mean': 0.5544216912887154, 'R2 - std': 0.017165288207923426} 
 

{'MSE - mean': 4.615677897622348, 'MSE - std': 0.40686913671483704, 'R2 - mean': 0.5550180653011462, 'R2 - std': 0.015399361780920377} 
 

Finished cross validation
Hyperparam was saved!!! Hurrah!!!
Trial 175 finished with value: 4.615677897622348 and parameters: {'max_depth': 10, 'n_estimators': 90}. Best is trial 61 with value: 4.543890243800494.
{'MSE - mean': 4.510966616627363, 'MSE - std': 0.0, 'R2 - mean': 0.5886147503449226, 'R2 - std': 0.0} 
 

{'MSE - mean': 4.331353576488041, 'MSE - std': 0.1796130401393219, 'R2 - mean': 0.5730267377207534, 'R2 - std': 0.0155880126241692} 
 

{'MSE - mean': 4.434039336733768, 'MSE - std': 0.2063878876611038, 'R2 - mean': 0.5631805028519679, 'R2 - std': 0.01886497920919649} 
 

{'MSE - mean': 4.388770128829421, 'MSE - std': 0.1951790810583202, 'R2 - mean': 0.5587031488222752, 'R2 - std': 0.018084680747643172} 
 

{'MSE - mean': 4.559620258300946, 'MSE - std': 0.38371208725809447, 'R2 - mean': 0.5602432857917004, 'R2 - std': 0.016466105481676607} 
 

Finished cross validation
Hyperparam was saved!!! Hurrah!!!
Trial 176 finished with value: 4.559620258300946 and parameters: {'max_depth': 9, 'n_estimators': 82}. Best is trial 61 with value: 4.543890243800494.
{'MSE - mean': 4.5792882489669235, 'MSE - std': 0.0, 'R2 - mean': 0.582384043233668, 'R2 - std': 0.0} 
 

{'MSE - mean': 4.386812698846951, 'MSE - std': 0.1924755501199722, 'R2 - mean': 0.5676410579109151, 'R2 - std': 0.014742985322752866} 
 

{'MSE - mean': 4.482397505281078, 'MSE - std': 0.20729399904022736, 'R2 - mean': 0.558469739162334, 'R2 - std': 0.017695477369300352} 
 

{'MSE - mean': 4.426743717526572, 'MSE - std': 0.20376489835798067, 'R2 - mean': 0.554987780620551, 'R2 - std': 0.016468744498462928} 
 

{'MSE - mean': 4.615238992512995, 'MSE - std': 0.4187337839380777, 'R2 - mean': 0.5551836624912301, 'R2 - std': 0.014735301663473518} 
 

Finished cross validation
Hyperparam was saved!!! Hurrah!!!
Trial 177 finished with value: 4.615238992512995 and parameters: {'max_depth': 9, 'n_estimators': 80}. Best is trial 61 with value: 4.543890243800494.
{'MSE - mean': 4.554901654373467, 'MSE - std': 0.0, 'R2 - mean': 0.5846080200789161, 'R2 - std': 0.0} 
 

{'MSE - mean': 4.3654169285246125, 'MSE - std': 0.18948472584885412, 'R2 - mean': 0.5697339983363972, 'R2 - std': 0.014874021742518895} 
 

{'MSE - mean': 4.485232467242852, 'MSE - std': 0.22945115861557008, 'R2 - mean': 0.5581825323290085, 'R2 - std': 0.020355926631761535} 
 

{'MSE - mean': 4.4200483547778955, 'MSE - std': 0.22854492161510215, 'R2 - mean': 0.5557155837652819, 'R2 - std': 0.0181391928548782} 
 

{'MSE - mean': 4.603485325417174, 'MSE - std': 0.41997942062213606, 'R2 - mean': 0.5562949660608366, 'R2 - std': 0.016265515341321986} 
 

Finished cross validation
Hyperparam was saved!!! Hurrah!!!
Trial 178 finished with value: 4.603485325417174 and parameters: {'max_depth': 9, 'n_estimators': 84}. Best is trial 61 with value: 4.543890243800494.
{'MSE - mean': 4.560181692005904, 'MSE - std': 0.0, 'R2 - mean': 0.5841264980938936, 'R2 - std': 0.0} 
 

{'MSE - mean': 4.3584563167421475, 'MSE - std': 0.20172537526375622, 'R2 - mean': 0.5705166315758787, 'R2 - std': 0.013609866518014824} 
 

{'MSE - mean': 4.46518741645179, 'MSE - std': 0.223409504365104, 'R2 - mean': 0.5602200845604918, 'R2 - std': 0.018317297980477397} 
 

{'MSE - mean': 4.401431364274577, 'MSE - std': 0.22277422999118793, 'R2 - mean': 0.5576268657622854, 'R2 - std': 0.01648687069110799} 
 

{'MSE - mean': 4.5649513731209, 'MSE - std': 0.3829593440705425, 'R2 - mean': 0.5597790419735372, 'R2 - std': 0.015361672237271792} 
 

Finished cross validation
Hyperparam was saved!!! Hurrah!!!
Trial 179 finished with value: 4.5649513731209 and parameters: {'max_depth': 8, 'n_estimators': 78}. Best is trial 61 with value: 4.543890243800494.
{'MSE - mean': 4.514265666741379, 'MSE - std': 0.0, 'R2 - mean': 0.5883138878757177, 'R2 - std': 0.0} 
 

{'MSE - mean': 4.323763057738852, 'MSE - std': 0.19050260900252702, 'R2 - mean': 0.5738612634051183, 'R2 - std': 0.014452624470599362} 
 

{'MSE - mean': 4.430671612264418, 'MSE - std': 0.2169171287673512, 'R2 - mean': 0.5635703015774856, 'R2 - std': 0.01873659592173478} 
 

{'MSE - mean': 4.383927305794481, 'MSE - std': 0.20456018949583032, 'R2 - mean': 0.5592432358580974, 'R2 - std': 0.017873598218335514} 
 

{'MSE - mean': 4.565439588413851, 'MSE - std': 0.4065251921689864, 'R2 - mean': 0.5598736987020801, 'R2 - std': 0.016036282119212052} 
 

Finished cross validation
Hyperparam was saved!!! Hurrah!!!
Trial 180 finished with value: 4.565439588413851 and parameters: {'max_depth': 8, 'n_estimators': 75}. Best is trial 61 with value: 4.543890243800494.
{'MSE - mean': 4.562501967653255, 'MSE - std': 0.0, 'R2 - mean': 0.5839148966218419, 'R2 - std': 0.0} 
 

{'MSE - mean': 4.374552810782904, 'MSE - std': 0.18794915687035108, 'R2 - mean': 0.5688186665916372, 'R2 - std': 0.015096230030204771} 
 

{'MSE - mean': 4.4928295722707, 'MSE - std': 0.22699935755033593, 'R2 - mean': 0.5574240718755277, 'R2 - std': 0.020288034689738135} 
 

{'MSE - mean': 4.445523584585487, 'MSE - std': 0.2129791085032036, 'R2 - mean': 0.5530321286514325, 'R2 - std': 0.01914603769791654} 
 

{'MSE - mean': 4.612227981080009, 'MSE - std': 0.38399154127332796, 'R2 - mean': 0.5551106218840048, 'R2 - std': 0.01762206412698096} 
 

Finished cross validation
Hyperparam was saved!!! Hurrah!!!
Trial 181 finished with value: 4.612227981080009 and parameters: {'max_depth': 8, 'n_estimators': 76}. Best is trial 61 with value: 4.543890243800494.
{'MSE - mean': 4.59231872671505, 'MSE - std': 0.0, 'R2 - mean': 0.5811957067202078, 'R2 - std': 0.0} 
 

{'MSE - mean': 4.3587773341407345, 'MSE - std': 0.23354139257431505, 'R2 - mean': 0.5707298652725551, 'R2 - std': 0.010465841447652724} 
 

{'MSE - mean': 4.461717711851462, 'MSE - std': 0.23990518423637322, 'R2 - mean': 0.5607247132194607, 'R2 - std': 0.016529630768693727} 
 

{'MSE - mean': 4.408417250645083, 'MSE - std': 0.22735146923223126, 'R2 - mean': 0.5569801657992235, 'R2 - std': 0.015715801798165677} 
 

{'MSE - mean': 4.591354387171973, 'MSE - std': 0.41858683224902593, 'R2 - mean': 0.5575403455410677, 'R2 - std': 0.014101217901304574} 
 

Finished cross validation
Hyperparam was saved!!! Hurrah!!!
Trial 182 finished with value: 4.591354387171973 and parameters: {'max_depth': 8, 'n_estimators': 70}. Best is trial 61 with value: 4.543890243800494.
{'MSE - mean': 4.541153995299128, 'MSE - std': 0.0, 'R2 - mean': 0.5858617611595136, 'R2 - std': 0.0} 
 

{'MSE - mean': 4.367234024096273, 'MSE - std': 0.1739199712028543, 'R2 - mean': 0.5694344461239782, 'R2 - std': 0.016427315035535406} 
 

{'MSE - mean': 4.476265749506919, 'MSE - std': 0.20962173523002356, 'R2 - mean': 0.5589843440509076, 'R2 - std': 0.019957798463917268} 
 

{'MSE - mean': 4.410691598113049, 'MSE - std': 0.21413981858522613, 'R2 - mean': 0.5565983272220412, 'R2 - std': 0.017771170995960185} 
 

{'MSE - mean': 4.580263167421952, 'MSE - std': 0.38949038241593076, 'R2 - mean': 0.5583025853134995, 'R2 - std': 0.016256370979506187} 
 

Finished cross validation
Hyperparam was saved!!! Hurrah!!!
Trial 183 finished with value: 4.580263167421952 and parameters: {'max_depth': 9, 'n_estimators': 80}. Best is trial 61 with value: 4.543890243800494.
{'MSE - mean': 4.547984280676684, 'MSE - std': 0.0, 'R2 - mean': 0.5852388617026867, 'R2 - std': 0.0} 
 

{'MSE - mean': 4.356514464108868, 'MSE - std': 0.19146981656781614, 'R2 - mean': 0.5706297071309745, 'R2 - std': 0.014609154571712135} 
 

{'MSE - mean': 4.4599236557076765, 'MSE - std': 0.21407331046142514, 'R2 - mean': 0.5606860316025526, 'R2 - std': 0.01844012737381512} 
 

{'MSE - mean': 4.402106984841377, 'MSE - std': 0.21071032005841853, 'R2 - mean': 0.5574819853681858, 'R2 - std': 0.016906402928706446} 
 

{'MSE - mean': 4.580763183529008, 'MSE - std': 0.4039693311395731, 'R2 - mean': 0.5584002048055692, 'R2 - std': 0.015232651631642252} 
 

Finished cross validation
Hyperparam was saved!!! Hurrah!!!
Trial 184 finished with value: 4.580763183529008 and parameters: {'max_depth': 8, 'n_estimators': 85}. Best is trial 61 with value: 4.543890243800494.
{'MSE - mean': 4.594473399448263, 'MSE - std': 0.0, 'R2 - mean': 0.5809992076867168, 'R2 - std': 0.0} 
 

{'MSE - mean': 4.348199082789234, 'MSE - std': 0.24627431665902888, 'R2 - mean': 0.5718740613554594, 'R2 - std': 0.009125146331257383} 
 

{'MSE - mean': 4.45522121806, 'MSE - std': 0.2516773746414432, 'R2 - mean': 0.5614328330344819, 'R2 - std': 0.016539368027410836} 
 

{'MSE - mean': 4.400826108562411, 'MSE - std': 0.23745022529273585, 'R2 - mean': 0.5578019481170635, 'R2 - std': 0.01564330517858081} 
 

{'MSE - mean': 4.589472425053892, 'MSE - std': 0.4329616824806475, 'R2 - mean': 0.5578511810227117, 'R2 - std': 0.013992143975966112} 
 

Finished cross validation
Hyperparam was saved!!! Hurrah!!!
Trial 185 finished with value: 4.589472425053892 and parameters: {'max_depth': 8, 'n_estimators': 75}. Best is trial 61 with value: 4.543890243800494.
{'MSE - mean': 4.57030030885772, 'MSE - std': 0.0, 'R2 - mean': 0.5832037136723895, 'R2 - std': 0.0} 
 

{'MSE - mean': 4.338833140855445, 'MSE - std': 0.23146716800227551, 'R2 - mean': 0.5726863073785387, 'R2 - std': 0.010517406293850895} 
 

{'MSE - mean': 4.446785332402492, 'MSE - std': 0.24295140370373824, 'R2 - mean': 0.5621900128772589, 'R2 - std': 0.017149002496213858} 
 

{'MSE - mean': 4.405524791146177, 'MSE - std': 0.22220786488219763, 'R2 - mean': 0.5571909705809658, 'R2 - std': 0.017191203756623422} 
 

{'MSE - mean': 4.610233676477031, 'MSE - std': 0.4551087552508814, 'R2 - mean': 0.5559563136976087, 'R2 - std': 0.015573294441443014} 
 

Finished cross validation
Hyperparam was saved!!! Hurrah!!!
Trial 186 finished with value: 4.610233676477031 and parameters: {'max_depth': 7, 'n_estimators': 67}. Best is trial 61 with value: 4.543890243800494.
{'MSE - mean': 4.554759786592681, 'MSE - std': 0.0, 'R2 - mean': 0.5846209579517438, 'R2 - std': 0.0} 
 

{'MSE - mean': 4.3725959850398555, 'MSE - std': 0.18216380155282597, 'R2 - mean': 0.568967643208093, 'R2 - std': 0.01565331474365078} 
 

{'MSE - mean': 4.458716943665809, 'MSE - std': 0.19223962328326474, 'R2 - mean': 0.5607516616415237, 'R2 - std': 0.017272971598626084} 
 

{'MSE - mean': 4.403501333751825, 'MSE - std': 0.19199829505646326, 'R2 - mean': 0.5572853567042582, 'R2 - std': 0.016118699409057212} 
 

{'MSE - mean': 4.583069088023277, 'MSE - std': 0.39808163702944305, 'R2 - mean': 0.5581444540717203, 'R2 - std': 0.014519027848267056} 
 

Finished cross validation
Hyperparam was saved!!! Hurrah!!!
Trial 187 finished with value: 4.583069088023277 and parameters: {'max_depth': 9, 'n_estimators': 90}. Best is trial 61 with value: 4.543890243800494.
{'MSE - mean': 4.594311056971138, 'MSE - std': 0.0, 'R2 - mean': 0.5810140127841953, 'R2 - std': 0.0} 
 

{'MSE - mean': 4.396872623597931, 'MSE - std': 0.19743843337320754, 'R2 - mean': 0.5666843791316132, 'R2 - std': 0.014329633652582163} 
 

{'MSE - mean': 4.490220720307911, 'MSE - std': 0.2083643226834417, 'R2 - mean': 0.557722081473344, 'R2 - std': 0.017249284788331824} 
 

{'MSE - mean': 4.419029875771524, 'MSE - std': 0.21855474660347515, 'R2 - mean': 0.5558791518320125, 'R2 - std': 0.015275553615840777} 
 

{'MSE - mean': 4.582651973685951, 'MSE - std': 0.3811846081808667, 'R2 - mean': 0.5580813498243048, 'R2 - std': 0.01435523370082717} 
 

Finished cross validation
Hyperparam was saved!!! Hurrah!!!
Trial 188 finished with value: 4.582651973685951 and parameters: {'max_depth': 8, 'n_estimators': 25}. Best is trial 61 with value: 4.543890243800494.
{'MSE - mean': 4.5247677221003775, 'MSE - std': 0.0, 'R2 - mean': 0.587356135129371, 'R2 - std': 0.0} 
 

{'MSE - mean': 4.3515365969234345, 'MSE - std': 0.1732311251769434, 'R2 - mean': 0.5709815646976856, 'R2 - std': 0.016374570431685442} 
 

{'MSE - mean': 4.4629242265012214, 'MSE - std': 0.21170834466146193, 'R2 - mean': 0.5602988073163144, 'R2 - std': 0.020174083583151037} 
 

{'MSE - mean': 4.41131220906574, 'MSE - std': 0.20397724978720894, 'R2 - mean': 0.556447956815532, 'R2 - std': 0.018701133255851102} 
 

{'MSE - mean': 4.59701431391208, 'MSE - std': 0.4137951929663355, 'R2 - mean': 0.5568380339153625, 'R2 - std': 0.016744985775381492} 
 

Finished cross validation
Hyperparam was saved!!! Hurrah!!!
Trial 189 finished with value: 4.59701431391208 and parameters: {'max_depth': 9, 'n_estimators': 80}. Best is trial 61 with value: 4.543890243800494.
{'MSE - mean': 4.647197188879212, 'MSE - std': 0.0, 'R2 - mean': 0.5761909723081031, 'R2 - std': 0.0} 
 

{'MSE - mean': 4.531560617814159, 'MSE - std': 0.11563657106505332, 'R2 - mean': 0.552734321493618, 'R2 - std': 0.023456650814485114} 
 

{'MSE - mean': 4.5619910087275395, 'MSE - std': 0.10376204393099488, 'R2 - mean': 0.5501953555424542, 'R2 - std': 0.019485952405706542} 
 

{'MSE - mean': 4.537256630594863, 'MSE - std': 0.09955043799694682, 'R2 - mean': 0.5433485294458265, 'R2 - std': 0.020625562747728594} 
 

{'MSE - mean': 4.707316730228562, 'MSE - std': 0.3515821123350872, 'R2 - mean': 0.5455689681264204, 'R2 - std': 0.01897504842327163} 
 

Finished cross validation
Hyperparam was saved!!! Hurrah!!!
Trial 190 finished with value: 4.707316730228562 and parameters: {'max_depth': 10, 'n_estimators': 19}. Best is trial 61 with value: 4.543890243800494.
{'MSE - mean': 4.581911456492944, 'MSE - std': 0.0, 'R2 - mean': 0.5821448153752725, 'R2 - std': 0.0} 
 

{'MSE - mean': 4.390090993738594, 'MSE - std': 0.19182046275434983, 'R2 - mean': 0.5673118014653777, 'R2 - std': 0.014833013909894721} 
 

{'MSE - mean': 4.473371191665663, 'MSE - std': 0.19596235017915767, 'R2 - mean': 0.5593534656215028, 'R2 - std': 0.016533272107336516} 
 

{'MSE - mean': 4.404457650092566, 'MSE - std': 0.20748050668013326, 'R2 - mean': 0.5573095895947042, 'R2 - std': 0.01474937634512688} 
 

{'MSE - mean': 4.583310645845526, 'MSE - std': 0.40297903776875144, 'R2 - mean': 0.5582071332763487, 'R2 - std': 0.013313813153938679} 
 

Finished cross validation
Hyperparam was saved!!! Hurrah!!!
Trial 191 finished with value: 4.583310645845526 and parameters: {'max_depth': 9, 'n_estimators': 89}. Best is trial 61 with value: 4.543890243800494.
{'MSE - mean': 4.8412305227486, 'MSE - std': 0.0, 'R2 - mean': 0.5584957734119196, 'R2 - std': 0.0} 
 

{'MSE - mean': 4.5462327254727, 'MSE - std': 0.2949977972758999, 'R2 - mean': 0.5526643691107891, 'R2 - std': 0.005831404301130494} 
 

{'MSE - mean': 4.684111229002492, 'MSE - std': 0.309897989242135, 'R2 - mean': 0.5390947279803932, 'R2 - std': 0.019772215477726073} 
 

{'MSE - mean': 4.617832483516532, 'MSE - std': 0.29190099196785396, 'R2 - mean': 0.5362007146434558, 'R2 - std': 0.017841841784309594} 
 

{'MSE - mean': 4.824043164235709, 'MSE - std': 0.488115079320564, 'R2 - mean': 0.5355283550882177, 'R2 - std': 0.016014784547134824} 
 

Finished cross validation
Hyperparam was saved!!! Hurrah!!!
Trial 192 finished with value: 4.824043164235709 and parameters: {'max_depth': 5, 'n_estimators': 95}. Best is trial 61 with value: 4.543890243800494.
{'MSE - mean': 4.574276123926348, 'MSE - std': 0.0, 'R2 - mean': 0.5828411324755878, 'R2 - std': 0.0} 
 

{'MSE - mean': 4.3807063240720705, 'MSE - std': 0.1935697998542767, 'R2 - mean': 0.568253383446769, 'R2 - std': 0.014587749028818764} 
 

{'MSE - mean': 4.459309969260142, 'MSE - std': 0.19322675198874717, 'R2 - mean': 0.5607491666999436, 'R2 - std': 0.01595289375375328} 
 

{'MSE - mean': 4.401081382782829, 'MSE - std': 0.19538203119153108, 'R2 - mean': 0.5575897828345205, 'R2 - std': 0.01485988672790579} 
 

{'MSE - mean': 4.577551973994137, 'MSE - std': 0.39383599218443244, 'R2 - mean': 0.5586841552217573, 'R2 - std': 0.013470099871223593} 
 

Finished cross validation
Hyperparam was saved!!! Hurrah!!!
Trial 193 finished with value: 4.577551973994137 and parameters: {'max_depth': 9, 'n_estimators': 86}. Best is trial 61 with value: 4.543890243800494.
{'MSE - mean': 4.6097576711394295, 'MSE - std': 0.0, 'R2 - mean': 0.5796053326129598, 'R2 - std': 0.0} 
 

{'MSE - mean': 4.389654031356615, 'MSE - std': 0.22010363978281422, 'R2 - mean': 0.5675727941705172, 'R2 - std': 0.012032538442442564} 
 

{'MSE - mean': 4.4762060334355835, 'MSE - std': 0.2174386648188036, 'R2 - mean': 0.5592198516802099, 'R2 - std': 0.015364394469204833} 
 

{'MSE - mean': 4.4288409970978595, 'MSE - std': 0.20540209278500493, 'R2 - mean': 0.554829626322819, 'R2 - std': 0.01532549180679159} 
 

{'MSE - mean': 4.596867103964296, 'MSE - std': 0.38299230557693037, 'R2 - mean': 0.5567152439356191, 'R2 - std': 0.014216848259119829} 
 

Finished cross validation
Hyperparam was saved!!! Hurrah!!!
Trial 194 finished with value: 4.596867103964296 and parameters: {'max_depth': 10, 'n_estimators': 100}. Best is trial 61 with value: 4.543890243800494.
{'MSE - mean': 4.550181791168739, 'MSE - std': 0.0, 'R2 - mean': 0.5850384560071399, 'R2 - std': 0.0} 
 

{'MSE - mean': 4.346879488341312, 'MSE - std': 0.203302302827427, 'R2 - mean': 0.5716736831258462, 'R2 - std': 0.01336477288129373} 
 

{'MSE - mean': 4.437587045879487, 'MSE - std': 0.20978625521954308, 'R2 - mean': 0.5629478628049016, 'R2 - std': 0.016472947013994235} 
 

{'MSE - mean': 4.385936662833911, 'MSE - std': 0.20251170550252975, 'R2 - mean': 0.5591161165609038, 'R2 - std': 0.01573420876083604} 
 

{'MSE - mean': 4.5751421176750915, 'MSE - std': 0.4195278408628752, 'R2 - mean': 0.5591025457065644, 'R2 - std': 0.01407313031759479} 
 

Finished cross validation
Hyperparam was saved!!! Hurrah!!!
