Trial 195 finished with value: 4.5751421176750915 and parameters: {'max_depth': 9, 'n_estimators': 83}. Best is trial 61 with value: 4.543890243800494.
{'MSE - mean': 4.540890346002757, 'MSE - std': 0.0, 'R2 - mean': 0.5858858051041548, 'R2 - std': 0.0} 
 

{'MSE - mean': 4.355735803504556, 'MSE - std': 0.18515454249820085, 'R2 - mean': 0.5706580868465039, 'R2 - std': 0.015227718257650957} 
 

{'MSE - mean': 4.454529279133843, 'MSE - std': 0.2058521428735702, 'R2 - mean': 0.5611846715625094, 'R2 - std': 0.01827785900597503} 
 

{'MSE - mean': 4.390300159447365, 'MSE - std': 0.21013678400349195, 'R2 - mean': 0.5586857799975646, 'R2 - std': 0.016410163757311587} 
 

{'MSE - mean': 4.570403159730949, 'MSE - std': 0.4062934127421458, 'R2 - mean': 0.5594388746209625, 'R2 - std': 0.014754775012875976} 
 

Finished cross validation
Hyperparam was saved!!! Hurrah!!!
Trial 196 finished with value: 4.570403159730949 and parameters: {'max_depth': 9, 'n_estimators': 73}. Best is trial 61 with value: 4.543890243800494.
{'MSE - mean': 4.631675311062888, 'MSE - std': 0.0, 'R2 - mean': 0.5776065162753422, 'R2 - std': 0.0} 
 

{'MSE - mean': 4.423503844794263, 'MSE - std': 0.2081714662686247, 'R2 - mean': 0.5641332847555409, 'R2 - std': 0.013473231519801232} 
 

{'MSE - mean': 4.500586900211797, 'MSE - std': 0.20192531897698668, 'R2 - mean': 0.5567483182447338, 'R2 - std': 0.01516885314679163} 
 

{'MSE - mean': 4.42728395658135, 'MSE - std': 0.21610261559646507, 'R2 - mean': 0.555097566813109, 'R2 - std': 0.013444163053486521} 
 

{'MSE - mean': 4.61482626724818, 'MSE - std': 0.421958227239524, 'R2 - mean': 0.5553413657743425, 'R2 - std': 0.012034706805775525} 
 

Finished cross validation
Hyperparam was saved!!! Hurrah!!!
Trial 197 finished with value: 4.61482626724818 and parameters: {'max_depth': 10, 'n_estimators': 91}. Best is trial 61 with value: 4.543890243800494.
{'MSE - mean': 4.552319486912575, 'MSE - std': 0.0, 'R2 - mean': 0.5848435052189822, 'R2 - std': 0.0} 
 

{'MSE - mean': 4.331905838345755, 'MSE - std': 0.22041364856681955, 'R2 - mean': 0.5732862828789751, 'R2 - std': 0.011557222340007167} 
 

{'MSE - mean': 4.4401448314196665, 'MSE - std': 0.23626145875491442, 'R2 - mean': 0.5627889881541241, 'R2 - std': 0.017590697879608798} 
 

{'MSE - mean': 4.3979294928249795, 'MSE - std': 0.2172809520131537, 'R2 - mean': 0.5579197908907394, 'R2 - std': 0.017412688904589534} 
 

{'MSE - mean': 4.580244604087179, 'MSE - std': 0.4131876194471294, 'R2 - mean': 0.558516953761188, 'R2 - std': 0.01562010889481192} 
 

Finished cross validation
Hyperparam was saved!!! Hurrah!!!
Trial 198 finished with value: 4.580244604087179 and parameters: {'max_depth': 8, 'n_estimators': 77}. Best is trial 61 with value: 4.543890243800494.
{'MSE - mean': 4.580165520452163, 'MSE - std': 0.0, 'R2 - mean': 0.5823040389730201, 'R2 - std': 0.0} 
 

{'MSE - mean': 4.399431442381701, 'MSE - std': 0.18073407807046182, 'R2 - mean': 0.566302698143414, 'R2 - std': 0.01600134082960608} 
 

{'MSE - mean': 4.479296467673422, 'MSE - std': 0.18583159718864065, 'R2 - mean': 0.5587104159511886, 'R2 - std': 0.01691096596894782} 
 

{'MSE - mean': 4.423190816499726, 'MSE - std': 0.18799885416176007, 'R2 - mean': 0.5552994928080976, 'R2 - std': 0.0157920476052475} 
 

{'MSE - mean': 4.605272104111482, 'MSE - std': 0.40111000551759984, 'R2 - mean': 0.5560222317354784, 'R2 - std': 0.01419860627955183} 
 

Finished cross validation
Hyperparam was saved!!! Hurrah!!!
Trial 199 finished with value: 4.605272104111482 and parameters: {'max_depth': 9, 'n_estimators': 88}. Best is trial 61 with value: 4.543890243800494.
Best parameters After Trials: {'max_depth': 9, 'n_estimators': 99}
Saved Losses
{'MSE - mean': 4.5291912174847555, 'MSE - std': 0.0, 'R2 - mean': 0.5869527269670622, 'R2 - std': 0.0} 
 

Saved Losses
{'MSE - mean': 4.340054534984719, 'MSE - std': 0.18913668250003646, 'R2 - mean': 0.5722395736683172, 'R2 - std': 0.014713153298745008} 
 

Saved Losses
{'MSE - mean': 4.410712059931895, 'MSE - std': 0.18393865311040014, 'R2 - mean': 0.5655218756756034, 'R2 - std': 0.015315771369328308} 
 

Saved Losses
{'MSE - mean': 4.370127970256796, 'MSE - std': 0.17411569741215355, 'R2 - mean': 0.5605817842908313, 'R2 - std': 0.01578426900898018} 
 

Saved Losses
{'MSE - mean': 4.554991726209289, 'MSE - std': 0.4011875545523673, 'R2 - mean': 0.560895611799802, 'R2 - std': 0.014131824699585988} 
 

Saving model.....
Results After CV: {'MSE - mean': 4.554991726209289, 'MSE - std': 0.4011875545523673, 'R2 - mean': 0.560895611799802, 'R2 - std': 0.014131824699585988}
Train time: 1.766636822600003
Inference time: 0.046401169000000665
Finished cross validation


----------------------------------------------------------------------------
Training RandomForest Vesion 1 with Dataset: config/nyc_taxi.yml 



----------------------------------------------------------------------------
Namespace(batch_size=128, cat_dims=None, cat_idx=None, config='config/nyc_taxi.yml', data_parallel=False, dataset='NYC_Taxi', direction='minimize', dropna_idx=None, early_stopping_rounds=20, epochs=100, gpu_ids=[0, 1], logging_period=100, miss_cat_idx=None, miss_num_idx=None, model_name='RandomForest', n_trials=200, nominal_idx=[0, 1, 3, 4, 11], num_classes=1, num_features=18, num_idx=None, num_splits=5, objective='regression', one_hot_encode=True, optimize_hyperparameters=True, ordinal_encode=False, ordinal_idx=None, scale=True, seed=221, shuffle=True, target_encode=False, use_gpu=True, val_batch_size=256)
Start hyperparameter optimization
Loading dataset NYC_Taxi...
Dataset loaded! 

(581835, 18)
Scaling the data...
One Hot Encoding...
New Shape: (581835, 511)
A new study created in RDB with name: RandomForest_NYC_Taxi
{'MSE - mean': 4.7505341201884566, 'MSE - std': 0.0, 'R2 - mean': 0.38843346393075795, 'R2 - std': 0.0} 
 

{'MSE - mean': 4.647155027108498, 'MSE - std': 0.10337909307995874, 'R2 - mean': 0.38905885678698127, 'R2 - std': 0.0006253928562233169} 
 

{'MSE - mean': 4.549943490384969, 'MSE - std': 0.1613226280934884, 'R2 - mean': 0.39124946667959454, 'R2 - std': 0.0031397910046647264} 
 

{'MSE - mean': 4.395136254745403, 'MSE - std': 0.3023484469454648, 'R2 - mean': 0.3992441550069597, 'R2 - std': 0.014111656175653376} 
 

{'MSE - mean': 4.440263559518994, 'MSE - std': 0.2850921977900863, 'R2 - mean': 0.39757570746899096, 'R2 - std': 0.013055494657947687} 
 

Finished cross validation
Hyperparam was saved!!! Hurrah!!!
Trial 0 finished with value: 4.440263559518994 and parameters: {'max_depth': 2, 'n_estimators': 18}. Best is trial 0 with value: 4.440263559518994.
{'MSE - mean': 4.164171374201802, 'MSE - std': 0.0, 'R2 - mean': 0.46391967755864405, 'R2 - std': 0.0} 
 

{'MSE - mean': 4.155969600321445, 'MSE - std': 0.00820177388035681, 'R2 - mean': 0.45339768364068056, 'R2 - std': 0.01052199391796349} 
 

{'MSE - mean': 4.085877531119666, 'MSE - std': 0.09935110665293914, 'R2 - mean': 0.4530977992064871, 'R2 - std': 0.008601633489490057} 
 

{'MSE - mean': 4.019983679599961, 'MSE - std': 0.14292998565442974, 'R2 - mean': 0.44960736745201985, 'R2 - std': 0.009593769619571712} 
 

{'MSE - mean': 4.013835012458456, 'MSE - std': 0.12843056127654548, 'R2 - mean': 0.454515665463375, 'R2 - std': 0.013038323890892762} 
 

Finished cross validation
Hyperparam was saved!!! Hurrah!!!
Trial 1 finished with value: 4.013835012458456 and parameters: {'max_depth': 4, 'n_estimators': 50}. Best is trial 1 with value: 4.013835012458456.
{'MSE - mean': 4.206136397978713, 'MSE - std': 0.0, 'R2 - mean': 0.458517252572737, 'R2 - std': 0.0} 
 

{'MSE - mean': 4.176276185739789, 'MSE - std': 0.02986021223892399, 'R2 - mean': 0.4507872609614814, 'R2 - std': 0.007729991611255593} 
 

{'MSE - mean': 4.096437853811789, 'MSE - std': 0.11551077874694932, 'R2 - mean': 0.45177065972665725, 'R2 - std': 0.00646291934573069} 
 

{'MSE - mean': 4.017107926676254, 'MSE - std': 0.16996107502317417, 'R2 - mean': 0.45019615871292573, 'R2 - std': 0.006226086666501676} 
 

{'MSE - mean': 4.0125242240094625, 'MSE - std': 0.152293975386345, 'R2 - mean': 0.45485622381526625, 'R2 - std': 0.010857078390397613} 
 

Finished cross validation
Hyperparam was saved!!! Hurrah!!!
Trial 2 finished with value: 4.0125242240094625 and parameters: {'max_depth': 4, 'n_estimators': 62}. Best is trial 2 with value: 4.0125242240094625.
{'MSE - mean': 4.183384905675009, 'MSE - std': 0.0, 'R2 - mean': 0.461446197189607, 'R2 - std': 0.0} 
 

{'MSE - mean': 4.1668186687467585, 'MSE - std': 0.016566236928250877, 'R2 - mean': 0.4519940785163766, 'R2 - std': 0.009452118673230425} 
 

{'MSE - mean': 4.083002541469104, 'MSE - std': 0.11930317062407216, 'R2 - mean': 0.4535646009126489, 'R2 - std': 0.00803086417950192} 
 

{'MSE - mean': 4.036514000842461, 'MSE - std': 0.13099041231900346, 'R2 - mean': 0.44721550353682715, 'R2 - std': 0.013011694626957919} 
 

{'MSE - mean': 4.020780215613044, 'MSE - std': 0.12131363685168965, 'R2 - mean': 0.45342986265044516, 'R2 - std': 0.017026931444749246} 
 

Finished cross validation
Hyperparam was saved!!! Hurrah!!!
Trial 3 finished with value: 4.020780215613044 and parameters: {'max_depth': 4, 'n_estimators': 24}. Best is trial 2 with value: 4.0125242240094625.
{'MSE - mean': 4.750029180322734, 'MSE - std': 0.0, 'R2 - mean': 0.3884984680580392, 'R2 - std': 0.0} 
 

{'MSE - mean': 4.636956744571604, 'MSE - std': 0.11307243575113057, 'R2 - mean': 0.3904272711338134, 'R2 - std': 0.0019288030757741992} 
 

{'MSE - mean': 4.536577157784279, 'MSE - std': 0.16933902888874658, 'R2 - mean': 0.39307304202880095, 'R2 - std': 0.004059605251039851} 
 

{'MSE - mean': 4.385950708818357, 'MSE - std': 0.29928541797586494, 'R2 - mean': 0.40048869633553785, 'R2 - std': 0.013316759458921636} 
 

{'MSE - mean': 4.429478836284225, 'MSE - std': 0.28148925495146326, 'R2 - mean': 0.3990243027558787, 'R2 - std': 0.01226566998634854} 
 

Finished cross validation
Hyperparam was saved!!! Hurrah!!!
Trial 4 finished with value: 4.429478836284225 and parameters: {'max_depth': 2, 'n_estimators': 73}. Best is trial 2 with value: 4.0125242240094625.
{'MSE - mean': 4.751922229434807, 'MSE - std': 0.0, 'R2 - mean': 0.38825476377999624, 'R2 - std': 0.0} 
 

{'MSE - mean': 4.633413236908048, 'MSE - std': 0.11850899252675884, 'R2 - mean': 0.3909085159394946, 'R2 - std': 0.002653752159498368} 
 

{'MSE - mean': 4.5368116416058655, 'MSE - std': 0.16741164028523042, 'R2 - mean': 0.39303353845139943, 'R2 - std': 0.0037049122843732427} 
 

{'MSE - mean': 4.386697345341111, 'MSE - std': 0.29769598386009705, 'R2 - mean': 0.40037531641510743, 'R2 - std': 0.013114872941867924} 
 

{'MSE - mean': 4.434648874891901, 'MSE - std': 0.2830118651049567, 'R2 - mean': 0.3983308336897172, 'R2 - std': 0.01242254210227306} 
 

Finished cross validation
Hyperparam was saved!!! Hurrah!!!
Trial 5 finished with value: 4.434648874891901 and parameters: {'max_depth': 2, 'n_estimators': 23}. Best is trial 2 with value: 4.0125242240094625.
{'MSE - mean': 4.11274826951638, 'MSE - std': 0.0, 'R2 - mean': 0.47053970158346703, 'R2 - std': 0.0} 
 

{'MSE - mean': 4.053556930310425, 'MSE - std': 0.05919133920595532, 'R2 - mean': 0.4670101183215081, 'R2 - std': 0.003529583261958902} 
 

{'MSE - mean': 3.9791484935330437, 'MSE - std': 0.11579712439709697, 'R2 - mean': 0.46750859835528313, 'R2 - std': 0.0029668619825574897} 
 

{'MSE - mean': 3.9373190030606673, 'MSE - std': 0.12371681103840892, 'R2 - mean': 0.4607996030495244, 'R2 - std': 0.01190098973009125} 
 

{'MSE - mean': 3.9044523109672924, 'MSE - std': 0.12870725412133363, 'R2 - mean': 0.469170681469883, 'R2 - std': 0.019839522698990614} 
 

Finished cross validation
Hyperparam was saved!!! Hurrah!!!
Trial 6 finished with value: 3.9044523109672924 and parameters: {'max_depth': 5, 'n_estimators': 74}. Best is trial 6 with value: 3.9044523109672924.
{'MSE - mean': 4.736039716171521, 'MSE - std': 0.0, 'R2 - mean': 0.39029942094375036, 'R2 - std': 0.0} 
 

{'MSE - mean': 4.636317194037467, 'MSE - std': 0.09972252213405364, 'R2 - mean': 0.39047412551267396, 'R2 - std': 0.00017470456892360042} 
 

{'MSE - mean': 4.536664120800327, 'MSE - std': 0.16276114695589405, 'R2 - mean': 0.39303304892334806, 'R2 - std': 0.0036216744517318616} 
 

{'MSE - mean': 4.388212583263346, 'MSE - std': 0.29322682382428683, 'R2 - mean': 0.4001363766532412, 'R2 - std': 0.012696818061646433} 
 

{'MSE - mean': 4.435393862228432, 'MSE - std': 0.27872902343887435, 'R2 - mean': 0.39820126734783406, 'R2 - std': 0.011997747422242803} 
 

Finished cross validation
Hyperparam was saved!!! Hurrah!!!
Trial 7 finished with value: 4.435393862228432 and parameters: {'max_depth': 2, 'n_estimators': 12}. Best is trial 6 with value: 3.9044523109672924.
{'MSE - mean': 3.5703808135653854, 'MSE - std': 0.0, 'R2 - mean': 0.540362121109522, 'R2 - std': 0.0} 
 

{'MSE - mean': 3.535949445941881, 'MSE - std': 0.034431367623504405, 'R2 - mean': 0.5350207374683562, 'R2 - std': 0.00534138364116582} 
 

{'MSE - mean': 3.4177001376114156, 'MSE - std': 0.16957636596005027, 'R2 - mean': 0.5428733078582134, 'R2 - std': 0.011930883297423244} 
 

{'MSE - mean': 3.4154872480315213, 'MSE - std': 0.14690744896036104, 'R2 - mean': 0.532105982871595, 'R2 - std': 0.02132053808643003} 
 

{'MSE - mean': 3.4108730547097905, 'MSE - std': 0.13172168374293616, 'R2 - mean': 0.536248912616556, 'R2 - std': 0.020792011516990394} 
 

Finished cross validation
Hyperparam was saved!!! Hurrah!!!
Trial 8 finished with value: 3.4108730547097905 and parameters: {'max_depth': 10, 'n_estimators': 7}. Best is trial 8 with value: 3.4108730547097905.
{'MSE - mean': 3.7797584823572485, 'MSE - std': 0.0, 'R2 - mean': 0.513407599282361, 'R2 - std': 0.0} 
 

{'MSE - mean': 3.7574052930539414, 'MSE - std': 0.022353189303307097, 'R2 - mean': 0.5058594401899847, 'R2 - std': 0.0075481590923763275} 
 

{'MSE - mean': 3.6483445364828992, 'MSE - std': 0.15531132378457116, 'R2 - mean': 0.5119144198959628, 'R2 - std': 0.010550293626348023} 
 

{'MSE - mean': 3.5797172892649836, 'MSE - std': 0.17950014666822356, 'R2 - mean': 0.5101712225951239, 'R2 - std': 0.009622771544132937} 
 

{'MSE - mean': 3.5342794327580145, 'MSE - std': 0.18448478890933714, 'R2 - mean': 0.5197526978322744, 'R2 - std': 0.0210070668260224} 
 

Finished cross validation
Hyperparam was saved!!! Hurrah!!!
Trial 9 finished with value: 3.5342794327580145 and parameters: {'max_depth': 10, 'n_estimators': 5}. Best is trial 8 with value: 3.4108730547097905.
{'MSE - mean': 3.692155721665445, 'MSE - std': 0.0, 'R2 - mean': 0.5246852610254291, 'R2 - std': 0.0} 
 

{'MSE - mean': 3.6017489274040626, 'MSE - std': 0.09040679426138243, 'R2 - mean': 0.5265225284804842, 'R2 - std': 0.001837267455055136} 
 

{'MSE - mean': 3.561039386460004, 'MSE - std': 0.09361334883533053, 'R2 - mean': 0.5234050333804435, 'R2 - std': 0.004657029009840012} 
 

{'MSE - mean': 3.5060698639886185, 'MSE - std': 0.12505014798999786, 'R2 - mean': 0.5199877934001096, 'R2 - std': 0.007162298977873532} 
 

{'MSE - mean': 3.446310866075553, 'MSE - std': 0.16369050960929657, 'R2 - mean': 0.5314353314497973, 'R2 - std': 0.023774425984972827} 
 

Finished cross validation
Hyperparam was saved!!! Hurrah!!!
Trial 10 finished with value: 3.446310866075553 and parameters: {'max_depth': 11, 'n_estimators': 5}. Best is trial 8 with value: 3.4108730547097905.
{'MSE - mean': 3.3976218795405426, 'MSE - std': 0.0, 'R2 - mean': 0.5626024798109972, 'R2 - std': 0.0} 
 

{'MSE - mean': 3.418188070358833, 'MSE - std': 0.020566190818290364, 'R2 - mean': 0.5503561055420837, 'R2 - std': 0.012246374268913507} 
 

{'MSE - mean': 3.4029578283953583, 'MSE - std': 0.027311157861117562, 'R2 - mean': 0.544248856604825, 'R2 - std': 0.013212851104871236} 
 

{'MSE - mean': 3.4094975070338274, 'MSE - std': 0.026224543806699793, 'R2 - mean': 0.5323941416069633, 'R2 - std': 0.02350611364690491} 
 

{'MSE - mean': 3.414591684240734, 'MSE - std': 0.025573109391645466, 'R2 - mean': 0.5353576181754424, 'R2 - std': 0.021843962014997727} 
 

Finished cross validation
Hyperparam was saved!!! Hurrah!!!
Trial 11 finished with value: 3.414591684240734 and parameters: {'max_depth': 12, 'n_estimators': 5}. Best is trial 8 with value: 3.4108730547097905.
{'MSE - mean': 3.831064120526503, 'MSE - std': 0.0, 'R2 - mean': 0.5068026974708678, 'R2 - std': 0.0} 
 

{'MSE - mean': 3.7939048442463985, 'MSE - std': 0.037159276280104736, 'R2 - mean': 0.5011000663326172, 'R2 - std': 0.005702631138250647} 
 

{'MSE - mean': 3.728886859687279, 'MSE - std': 0.09682570857663404, 'R2 - mean': 0.5009419378769537, 'R2 - std': 0.004661545932729282} 
 

{'MSE - mean': 3.714976668652572, 'MSE - std': 0.0872461668206206, 'R2 - mean': 0.4909583902267396, 'R2 - std': 0.017757003658120343} 
 

{'MSE - mean': 3.6599506203419643, 'MSE - std': 0.13491100351950033, 'R2 - mean': 0.502080415154744, 'R2 - std': 0.027332155003369298} 
 

Finished cross validation
Hyperparam was saved!!! Hurrah!!!
Trial 12 finished with value: 3.6599506203419643 and parameters: {'max_depth': 8, 'n_estimators': 8}. Best is trial 8 with value: 3.4108730547097905.
{'MSE - mean': 3.8746966006383152, 'MSE - std': 0.0, 'R2 - mean': 0.5011856102029981, 'R2 - std': 0.0} 
 

{'MSE - mean': 3.876999048962243, 'MSE - std': 0.002302448323927564, 'R2 - mean': 0.49006072357373304, 'R2 - std': 0.011124886629265085} 
 

{'MSE - mean': 3.7496858571793665, 'MSE - std': 0.1800578567648278, 'R2 - mean': 0.4983830536002268, 'R2 - std': 0.014867114351786405} 
 

{'MSE - mean': 3.6932125549704455, 'MSE - std': 0.18407423889343577, 'R2 - mean': 0.49452172452214366, 'R2 - std': 0.01450871819319581} 
 

{'MSE - mean': 3.6890655006302993, 'MSE - std': 0.16484978792269842, 'R2 - mean': 0.49879812538867235, 'R2 - std': 0.015541967068960312} 
 

Finished cross validation
Hyperparam was saved!!! Hurrah!!!
Trial 13 finished with value: 3.6890655006302993 and parameters: {'max_depth': 7, 'n_estimators': 10}. Best is trial 8 with value: 3.4108730547097905.
{'MSE - mean': 3.6115260606521034, 'MSE - std': 0.0, 'R2 - mean': 0.5350652312020059, 'R2 - std': 0.0} 
 

{'MSE - mean': 3.5873442622654066, 'MSE - std': 0.02418179838669654, 'R2 - mean': 0.5282322842951367, 'R2 - std': 0.006832946906869197} 
 

{'MSE - mean': 3.4802349317902768, 'MSE - std': 0.1527568555967437, 'R2 - mean': 0.5344247250336934, 'R2 - std': 0.010383580960140975} 
 

{'MSE - mean': 3.386036769410978, 'MSE - std': 0.21004969432437556, 'R2 - mean': 0.5369729625502512, 'R2 - std': 0.010017215605607649} 
 

{'MSE - mean': 3.409621630517988, 'MSE - std': 0.19370514180671297, 'R2 - mean': 0.5372017882518382, 'R2 - std': 0.008971350600562365} 
 

Finished cross validation
Hyperparam was saved!!! Hurrah!!!
Trial 14 finished with value: 3.409621630517988 and parameters: {'max_depth': 12, 'n_estimators': 7}. Best is trial 14 with value: 3.409621630517988.
{'MSE - mean': 3.8478751403614924, 'MSE - std': 0.0, 'R2 - mean': 0.5046385077380577, 'R2 - std': 0.0} 
 

{'MSE - mean': 3.8646929010336954, 'MSE - std': 0.016817760672202864, 'R2 - mean': 0.491638805887892, 'R2 - std': 0.012999701850165746} 
 

{'MSE - mean': 3.733215340060823, 'MSE - std': 0.18644370766561838, 'R2 - mean': 0.5005821515838603, 'R2 - std': 0.01651146157281849} 
 

{'MSE - mean': 3.715390285530145, 'MSE - std': 0.16439020592219547, 'R2 - mean': 0.4911042119432165, 'R2 - std': 0.021770743945673035} 
 

{'MSE - mean': 3.6829785384763047, 'MSE - std': 0.16069037690802118, 'R2 - mean': 0.4992052105930312, 'R2 - std': 0.02533134323433407} 
 

Finished cross validation
Hyperparam was saved!!! Hurrah!!!
Trial 15 finished with value: 3.6829785384763047 and parameters: {'max_depth': 7, 'n_estimators': 8}. Best is trial 14 with value: 3.409621630517988.
{'MSE - mean': 3.6190178322964313, 'MSE - std': 0.0, 'R2 - mean': 0.5341007676874565, 'R2 - std': 0.0} 
 

{'MSE - mean': 3.6306202148904902, 'MSE - std': 0.01160238259405899, 'R2 - mean': 0.5224404107921503, 'R2 - std': 0.011660356895306201} 
 

{'MSE - mean': 3.5814972409169488, 'MSE - std': 0.07011331303860736, 'R2 - mean': 0.5205156770216729, 'R2 - std': 0.009902111666628254} 
 

{'MSE - mean': 3.5252491678991227, 'MSE - std': 0.11479740699856159, 'R2 - mean': 0.5172579150071418, 'R2 - std': 0.010265373915437633} 
 

{'MSE - mean': 3.4964011633203427, 'MSE - std': 0.11777769396445104, 'R2 - mean': 0.5246711900533765, 'R2 - std': 0.01743929209983883} 
 

Finished cross validation
Hyperparam was saved!!! Hurrah!!!
Trial 16 finished with value: 3.4964011633203427 and parameters: {'max_depth': 9, 'n_estimators': 15}. Best is trial 14 with value: 3.409621630517988.
{'MSE - mean': 3.9169831986102457, 'MSE - std': 0.0, 'R2 - mean': 0.49574178692132886, 'R2 - std': 0.0} 
 

{'MSE - mean': 3.920500038982043, 'MSE - std': 0.003516840371797114, 'R2 - mean': 0.48433574770225046, 'R2 - std': 0.011406039219078401} 
 

{'MSE - mean': 3.8249481894211663, 'MSE - std': 0.13516122725523969, 'R2 - mean': 0.4881471620534379, 'R2 - std': 0.010760370772312853} 
 

{'MSE - mean': 3.7762922371671452, 'MSE - std': 0.14423461125573747, 'R2 - mean': 0.48293683340684823, 'R2 - std': 0.012972345901364606} 
 

{'MSE - mean': 3.7405154995176653, 'MSE - std': 0.1475221959388955, 'R2 - mean': 0.4915092850175357, 'R2 - std': 0.02070200746348136} 
 

Finished cross validation
Hyperparam was saved!!! Hurrah!!!
