Trial 70 finished with value: 4.578431796863152 and parameters: {'max_depth': 8, 'n_estimators': 70}. Best is trial 61 with value: 4.543890243800494.
{'MSE - mean': 4.535287173263233, 'MSE - std': 0.0, 'R2 - mean': 0.5863967959431944, 'R2 - std': 0.0} 
 

{'MSE - mean': 4.358132139726502, 'MSE - std': 0.17715503353673112, 'R2 - mean': 0.570359501578925, 'R2 - std': 0.016037294364269372} 
 

{'MSE - mean': 4.4285704292401045, 'MSE - std': 0.17562946562997614, 'R2 - mean': 0.5636971292002683, 'R2 - std': 0.016131882048950823} 
 

{'MSE - mean': 4.369251615030316, 'MSE - std': 0.1835495765614003, 'R2 - mean': 0.5607389942249513, 'R2 - std': 0.014880520872184756} 
 

{'MSE - mean': 4.553672231237207, 'MSE - std': 0.40372789397465875, 'R2 - mean': 0.5610725221246694, 'R2 - std': 0.013326247955879498} 
 

Finished cross validation
Hyperparam was saved!!! Hurrah!!!
Trial 71 finished with value: 4.553672231237207 and parameters: {'max_depth': 9, 'n_estimators': 99}. Best is trial 61 with value: 4.543890243800494.
{'MSE - mean': 4.600598816879026, 'MSE - std': 0.0, 'R2 - mean': 0.5804405898575118, 'R2 - std': 0.0} 
 

{'MSE - mean': 4.373757601749023, 'MSE - std': 0.226841215130003, 'R2 - mean': 0.5691967763692342, 'R2 - std': 0.011243813488277632} 
 

{'MSE - mean': 4.478749012934806, 'MSE - std': 0.2373836924334416, 'R2 - mean': 0.5590094886827787, 'R2 - std': 0.017083439017149423} 
 

{'MSE - mean': 4.422093058432019, 'MSE - std': 0.22780025157331746, 'R2 - mean': 0.5555972696032576, 'R2 - std': 0.01593149816023087} 
 

{'MSE - mean': 4.592239967534423, 'MSE - std': 0.3966286000806066, 'R2 - mean': 0.5572655793635665, 'R2 - std': 0.014634996984247002} 
 

Finished cross validation
Hyperparam was saved!!! Hurrah!!!
Trial 72 finished with value: 4.592239967534423 and parameters: {'max_depth': 9, 'n_estimators': 91}. Best is trial 61 with value: 4.543890243800494.
{'MSE - mean': 4.648434963333687, 'MSE - std': 0.0, 'R2 - mean': 0.5760780913678865, 'R2 - std': 0.0} 
 

{'MSE - mean': 4.441450168665543, 'MSE - std': 0.20698479466814357, 'R2 - mean': 0.5623493165157072, 'R2 - std': 0.01372877485217927} 
 

{'MSE - mean': 4.479126146667191, 'MSE - std': 0.17720260189766854, 'R2 - mean': 0.5588479794093263, 'R2 - std': 0.012254450716355763} 
 

{'MSE - mean': 4.436612850294312, 'MSE - std': 0.17021372651740707, 'R2 - mean': 0.5539539166181453, 'R2 - std': 0.013582496956810304} 
 

{'MSE - mean': 4.611263839383213, 'MSE - std': 0.3810381111055423, 'R2 - mean': 0.555338254537159, 'R2 - std': 0.012460053963024667} 
 

Finished cross validation
Hyperparam was saved!!! Hurrah!!!
Trial 73 finished with value: 4.611263839383213 and parameters: {'max_depth': 10, 'n_estimators': 80}. Best is trial 61 with value: 4.543890243800494.
{'MSE - mean': 4.514172205240835, 'MSE - std': 0.0, 'R2 - mean': 0.5883224112557385, 'R2 - std': 0.0} 
 

{'MSE - mean': 4.3479702982391455, 'MSE - std': 0.16620190700168935, 'R2 - mean': 0.5712801351016681, 'R2 - std': 0.017042276154070446} 
 

{'MSE - mean': 4.446075992854692, 'MSE - std': 0.1940743085160854, 'R2 - mean': 0.5619217523432266, 'R2 - std': 0.019203769770057916} 
 

{'MSE - mean': 4.39600749290531, 'MSE - std': 0.1891274490417542, 'R2 - mean': 0.5579504873381689, 'R2 - std': 0.01799726138214447} 
 

{'MSE - mean': 4.573547799838824, 'MSE - std': 0.39331615264188907, 'R2 - mean': 0.5589681754903323, 'R2 - std': 0.016225408793186017} 
 

Finished cross validation
Hyperparam was saved!!! Hurrah!!!
Trial 74 finished with value: 4.573547799838824 and parameters: {'max_depth': 9, 'n_estimators': 91}. Best is trial 61 with value: 4.543890243800494.
{'MSE - mean': 5.156227229295046, 'MSE - std': 0.0, 'R2 - mean': 0.5297691146320722, 'R2 - std': 0.0} 
 

{'MSE - mean': 4.792016708273922, 'MSE - std': 0.36421052102112483, 'R2 - mean': 0.528890094981548, 'R2 - std': 0.000879019650524171} 
 

{'MSE - mean': 4.938240370275728, 'MSE - std': 0.36220931481684654, 'R2 - mean': 0.5143624516080411, 'R2 - std': 0.020557722660992202} 
 

{'MSE - mean': 4.84505053581599, 'MSE - std': 0.35277432806961284, 'R2 - mean': 0.5137359504327008, 'R2 - std': 0.01783654904747026} 
 

{'MSE - mean': 5.061706022067945, 'MSE - std': 0.5360206900188245, 'R2 - mean': 0.5129345893251599, 'R2 - std': 0.016033798802435027} 
 

Finished cross validation
Hyperparam was saved!!! Hurrah!!!
Trial 75 finished with value: 5.061706022067945 and parameters: {'max_depth': 4, 'n_estimators': 73}. Best is trial 61 with value: 4.543890243800494.
{'MSE - mean': 4.544906664960215, 'MSE - std': 0.0, 'R2 - mean': 0.5855195300865305, 'R2 - std': 0.0} 
 

{'MSE - mean': 4.3849083720095035, 'MSE - std': 0.159998292950712, 'R2 - mean': 0.5675793166782352, 'R2 - std': 0.01794021340829527} 
 

{'MSE - mean': 4.5042977102110555, 'MSE - std': 0.21348051585684266, 'R2 - mean': 0.5561487046065625, 'R2 - std': 0.021814795195530135} 
 

{'MSE - mean': 4.440973410853817, 'MSE - std': 0.21496592440462062, 'R2 - mean': 0.5534817444426873, 'R2 - std': 0.019448701669116254} 
 

{'MSE - mean': 4.608589275705012, 'MSE - std': 0.3864564548863973, 'R2 - mean': 0.5554701959578854, 'R2 - std': 0.017844252716339833} 
 

Finished cross validation
Hyperparam was saved!!! Hurrah!!!
Trial 76 finished with value: 4.608589275705012 and parameters: {'max_depth': 11, 'n_estimators': 99}. Best is trial 61 with value: 4.543890243800494.
{'MSE - mean': 4.601731130716074, 'MSE - std': 0.0, 'R2 - mean': 0.5803373265771263, 'R2 - std': 0.0} 
 

{'MSE - mean': 4.402527709427199, 'MSE - std': 0.19920342128887558, 'R2 - mean': 0.5661387004928893, 'R2 - std': 0.014198626084236998} 
 

{'MSE - mean': 4.466658236862745, 'MSE - std': 0.18622598583562813, 'R2 - mean': 0.5600477820051925, 'R2 - std': 0.014442964763770591} 
 

{'MSE - mean': 4.413466857171675, 'MSE - std': 0.18573652567725474, 'R2 - mean': 0.5563287434759517, 'R2 - std': 0.01406922763059752} 
 

{'MSE - mean': 4.589181930543053, 'MSE - std': 0.3887178843533718, 'R2 - mean': 0.5575329498562709, 'R2 - std': 0.012812298190522306} 
 

Finished cross validation
Hyperparam was saved!!! Hurrah!!!
Trial 77 finished with value: 4.589181930543053 and parameters: {'max_depth': 10, 'n_estimators': 65}. Best is trial 61 with value: 4.543890243800494.
{'MSE - mean': 4.6381719331602795, 'MSE - std': 0.0, 'R2 - mean': 0.5770140458071285, 'R2 - std': 0.0} 
 

{'MSE - mean': 4.460428893558728, 'MSE - std': 0.17774303960155224, 'R2 - mean': 0.5602472250014303, 'R2 - std': 0.016766820805698135} 
 

{'MSE - mean': 4.535376090830475, 'MSE - std': 0.17971057335517665, 'R2 - mean': 0.5531566518745891, 'R2 - std': 0.016969678090280976} 
 

{'MSE - mean': 4.4612936841539375, 'MSE - std': 0.20170901459453533, 'R2 - mean': 0.5515572381336988, 'R2 - std': 0.014954994276477248} 
 

{'MSE - mean': 4.641529213408399, 'MSE - std': 0.40309875375334675, 'R2 - mean': 0.5525508526005136, 'R2 - std': 0.013522964241697497} 
 

Finished cross validation
Hyperparam was saved!!! Hurrah!!!
Trial 78 finished with value: 4.641529213408399 and parameters: {'max_depth': 12, 'n_estimators': 86}. Best is trial 61 with value: 4.543890243800494.
{'MSE - mean': 4.5464710698849045, 'MSE - std': 0.0, 'R2 - mean': 0.5853768615267294, 'R2 - std': 0.0} 
 

{'MSE - mean': 4.34970169789398, 'MSE - std': 0.19676937199092404, 'R2 - mean': 0.571344272976033, 'R2 - std': 0.014032588550696445} 
 

{'MSE - mean': 4.427150345909097, 'MSE - std': 0.19444461935096205, 'R2 - mean': 0.5639403481682085, 'R2 - std': 0.015521336907901796} 
 

{'MSE - mean': 4.363531810362492, 'MSE - std': 0.20124235809388963, 'R2 - mean': 0.5614190958501626, 'R2 - std': 0.014133437809330076} 
 

{'MSE - mean': 4.5448341088687965, 'MSE - std': 0.40482203883636203, 'R2 - mean': 0.5619690925250141, 'R2 - std': 0.012689099133411793} 
 

Finished cross validation
Hyperparam was saved!!! Hurrah!!!
Trial 79 finished with value: 4.5448341088687965 and parameters: {'max_depth': 9, 'n_estimators': 79}. Best is trial 61 with value: 4.543890243800494.
{'MSE - mean': 4.751069575650611, 'MSE - std': 0.0, 'R2 - mean': 0.5667181538645543, 'R2 - std': 0.0} 
 

{'MSE - mean': 4.4657196719732495, 'MSE - std': 0.28534990367736146, 'R2 - mean': 0.5605525506058773, 'R2 - std': 0.006165603258677044} 
 

{'MSE - mean': 4.609433283984586, 'MSE - std': 0.3091767287067539, 'R2 - mean': 0.5464201416837778, 'R2 - std': 0.020610508797984775} 
 

{'MSE - mean': 4.557096126918342, 'MSE - std': 0.28268395994411766, 'R2 - mean': 0.5422002841611653, 'R2 - std': 0.019287726595358625} 
 

{'MSE - mean': 4.756292640452411, 'MSE - std': 0.4718529230430435, 'R2 - mean': 0.5419126556297472, 'R2 - std': 0.017261055543105887} 
 

Finished cross validation
Hyperparam was saved!!! Hurrah!!!
Trial 80 finished with value: 4.756292640452411 and parameters: {'max_depth': 6, 'n_estimators': 15}. Best is trial 61 with value: 4.543890243800494.
{'MSE - mean': 4.498129756086436, 'MSE - std': 0.0, 'R2 - mean': 0.5897854296088638, 'R2 - std': 0.0} 
 

{'MSE - mean': 4.329162503918589, 'MSE - std': 0.16896725216784736, 'R2 - mean': 0.5731614555479044, 'R2 - std': 0.01662397406095939} 
 

{'MSE - mean': 4.4221158254389685, 'MSE - std': 0.19056213728539412, 'R2 - mean': 0.5642998402177749, 'R2 - std': 0.018474147564583585} 
 

{'MSE - mean': 4.383460969263758, 'MSE - std': 0.17809559186813606, 'R2 - mean': 0.5591541589693915, 'R2 - std': 0.018314057516246905} 
 

{'MSE - mean': 4.570398698629865, 'MSE - std': 0.4063954853544928, 'R2 - mean': 0.5593614676313285, 'R2 - std': 0.01638583747301237} 
 

Finished cross validation
Hyperparam was saved!!! Hurrah!!!
Trial 81 finished with value: 4.570398698629865 and parameters: {'max_depth': 9, 'n_estimators': 76}. Best is trial 61 with value: 4.543890243800494.
{'MSE - mean': 4.583302931374789, 'MSE - std': 0.0, 'R2 - mean': 0.5820179174639587, 'R2 - std': 0.0} 
 

{'MSE - mean': 4.374233973718552, 'MSE - std': 0.20906895765623634, 'R2 - mean': 0.5690128195762332, 'R2 - std': 0.013005097887725525} 
 

{'MSE - mean': 4.468642817210384, 'MSE - std': 0.21671627879766425, 'R2 - mean': 0.5599125368624289, 'R2 - std': 0.016684883527369285} 
 

{'MSE - mean': 4.40792182140726, 'MSE - std': 0.2151408308896732, 'R2 - mean': 0.5569793319167267, 'R2 - std': 0.015316660128823309} 
 

{'MSE - mean': 4.589018280180785, 'MSE - std': 0.41013677135068244, 'R2 - mean': 0.5577000962737275, 'R2 - std': 0.013775270125656321} 
 

Finished cross validation
Hyperparam was saved!!! Hurrah!!!
Trial 82 finished with value: 4.589018280180785 and parameters: {'max_depth': 8, 'n_estimators': 79}. Best is trial 61 with value: 4.543890243800494.
{'MSE - mean': 4.542561319144853, 'MSE - std': 0.0, 'R2 - mean': 0.5857334178750643, 'R2 - std': 0.0} 
 

{'MSE - mean': 4.336624317888285, 'MSE - std': 0.20593700125656733, 'R2 - mean': 0.5727081719250502, 'R2 - std': 0.013025245950014142} 
 

{'MSE - mean': 4.43003310097619, 'MSE - std': 0.2138311651130975, 'R2 - mean': 0.5637080900641496, 'R2 - std': 0.016586368952990604} 
 

{'MSE - mean': 4.397172496198828, 'MSE - std': 0.19373250480810006, 'R2 - mean': 0.5578791922674966, 'R2 - std': 0.01755730260760539} 
 

{'MSE - mean': 4.568025681227842, 'MSE - std': 0.38313061751002003, 'R2 - mean': 0.559444893227394, 'R2 - std': 0.01601289411278659} 
 

Finished cross validation
Hyperparam was saved!!! Hurrah!!!
Trial 83 finished with value: 4.568025681227842 and parameters: {'max_depth': 9, 'n_estimators': 71}. Best is trial 61 with value: 4.543890243800494.
{'MSE - mean': 4.556971190625904, 'MSE - std': 0.0, 'R2 - mean': 0.5844192852111516, 'R2 - std': 0.0} 
 

{'MSE - mean': 4.403909641067221, 'MSE - std': 0.15306154955868356, 'R2 - mean': 0.5656467427412626, 'R2 - std': 0.018772542469889075} 
 

{'MSE - mean': 4.469409031268866, 'MSE - std': 0.1555599526520612, 'R2 - mean': 0.5595397891070778, 'R2 - std': 0.0175934267811217} 
 

{'MSE - mean': 4.406592346875669, 'MSE - std': 0.17316749598668058, 'R2 - mean': 0.5569033621905491, 'R2 - std': 0.01590593411546799} 
 

{'MSE - mean': 4.593849501330881, 'MSE - std': 0.40527836472194084, 'R2 - mean': 0.5571518223258713, 'R2 - std': 0.014235375717692325} 
 

Finished cross validation
Hyperparam was saved!!! Hurrah!!!
Trial 84 finished with value: 4.593849501330881 and parameters: {'max_depth': 9, 'n_estimators': 64}. Best is trial 61 with value: 4.543890243800494.
{'MSE - mean': 5.040699412141493, 'MSE - std': 0.0, 'R2 - mean': 0.5403048698129327, 'R2 - std': 0.0} 
 

{'MSE - mean': 4.919727674471998, 'MSE - std': 0.12097173766949565, 'R2 - mean': 0.5143869882524477, 'R2 - std': 0.02591788156048508} 
 

{'MSE - mean': 4.994033128081395, 'MSE - std': 0.1442175731850366, 'R2 - mean': 0.5075815074596686, 'R2 - std': 0.02324765638433241} 
 

{'MSE - mean': 4.9434288329790474, 'MSE - std': 0.15258248706831545, 'R2 - mean': 0.5026056272952552, 'R2 - std': 0.02190018939997556} 
 

{'MSE - mean': 5.094730963913085, 'MSE - std': 0.33195552652228144, 'R2 - mean': 0.5078078618737559, 'R2 - std': 0.022179892133255278} 
 

Finished cross validation
Hyperparam was saved!!! Hurrah!!!
Trial 85 finished with value: 5.094730963913085 and parameters: {'max_depth': 11, 'n_estimators': 8}. Best is trial 61 with value: 4.543890243800494.
{'MSE - mean': 4.539716988079899, 'MSE - std': 0.0, 'R2 - mean': 0.5859928114695423, 'R2 - std': 0.0} 
 

{'MSE - mean': 4.338061490128727, 'MSE - std': 0.201655497951172, 'R2 - mean': 0.5725330731409942, 'R2 - std': 0.013459738328548077} 
 

{'MSE - mean': 4.449922561566265, 'MSE - std': 0.22833256121046758, 'R2 - mean': 0.5617285378524647, 'R2 - std': 0.018821592286099212} 
 

{'MSE - mean': 4.387327288737203, 'MSE - std': 0.225513466168505, 'R2 - mean': 0.5590421261244822, 'R2 - std': 0.016951096603312673} 
 

{'MSE - mean': 4.565813093021495, 'MSE - std': 0.4100168143658371, 'R2 - mean': 0.5599068642163464, 'R2 - std': 0.015259843666104647} 
 

Finished cross validation
Hyperparam was saved!!! Hurrah!!!
Trial 86 finished with value: 4.565813093021495 and parameters: {'max_depth': 8, 'n_estimators': 71}. Best is trial 61 with value: 4.543890243800494.
{'MSE - mean': 4.626607300606264, 'MSE - std': 0.0, 'R2 - mean': 0.578068702082541, 'R2 - std': 0.0} 
 

{'MSE - mean': 4.409742623107878, 'MSE - std': 0.2168646774983869, 'R2 - mean': 0.5655611603544463, 'R2 - std': 0.012507541728094762} 
 

{'MSE - mean': 4.512622557133686, 'MSE - std': 0.22917697793327543, 'R2 - mean': 0.5556132182378829, 'R2 - std': 0.017384346544013184} 
 

{'MSE - mean': 4.459092887800271, 'MSE - std': 0.21906127432252, 'R2 - mean': 0.5518103586280727, 'R2 - std': 0.016433102330586778} 
 

{'MSE - mean': 4.646149860656282, 'MSE - std': 0.42231684539272407, 'R2 - mean': 0.5522256187923343, 'R2 - std': 0.014721659070299101} 
 

Finished cross validation
Hyperparam was saved!!! Hurrah!!!
Trial 87 finished with value: 4.646149860656282 and parameters: {'max_depth': 7, 'n_estimators': 68}. Best is trial 61 with value: 4.543890243800494.
{'MSE - mean': 4.593400362712101, 'MSE - std': 0.0, 'R2 - mean': 0.5810970650913732, 'R2 - std': 0.0} 
 

{'MSE - mean': 4.374590081455791, 'MSE - std': 0.2188102812563102, 'R2 - mean': 0.5690526092706217, 'R2 - std': 0.01204445582075142} 
 

{'MSE - mean': 4.474755240517406, 'MSE - std': 0.2280016322353585, 'R2 - mean': 0.5593609692153128, 'R2 - std': 0.01686915482773304} 
 

{'MSE - mean': 4.433495885353603, 'MSE - std': 0.20998943161999653, 'R2 - mean': 0.5543214218179824, 'R2 - std': 0.01701814920493239} 
 

{'MSE - mean': 4.610677598827482, 'MSE - std': 0.4010609523150195, 'R2 - mean': 0.555474522991432, 'R2 - std': 0.015395210006814342} 
 

Finished cross validation
Hyperparam was saved!!! Hurrah!!!
Trial 88 finished with value: 4.610677598827482 and parameters: {'max_depth': 8, 'n_estimators': 58}. Best is trial 61 with value: 4.543890243800494.
{'MSE - mean': 4.591527100236025, 'MSE - std': 0.0, 'R2 - mean': 0.5812679004392893, 'R2 - std': 0.0} 
 

{'MSE - mean': 4.384511271975152, 'MSE - std': 0.20701582826087386, 'R2 - mean': 0.5679806204550466, 'R2 - std': 0.013287279984242728} 
 

{'MSE - mean': 4.497118824296106, 'MSE - std': 0.23223111429448276, 'R2 - mean': 0.5570965840360954, 'R2 - std': 0.018831508271809246} 
 

{'MSE - mean': 4.455597254903444, 'MSE - std': 0.21358977037613927, 'R2 - mean': 0.5520533875753955, 'R2 - std': 0.018500561328431694} 
 

{'MSE - mean': 4.640993703356833, 'MSE - std': 0.4171137068042557, 'R2 - mean': 0.5526151843429739, 'R2 - std': 0.0165855080719855} 
 

Finished cross validation
Hyperparam was saved!!! Hurrah!!!
Trial 89 finished with value: 4.640993703356833 and parameters: {'max_depth': 7, 'n_estimators': 71}. Best is trial 61 with value: 4.543890243800494.
{'MSE - mean': 4.574942041040198, 'MSE - std': 0.0, 'R2 - mean': 0.5827804030352233, 'R2 - std': 0.0} 
 

{'MSE - mean': 4.392659050973442, 'MSE - std': 0.1822829900667564, 'R2 - mean': 0.5669843913490864, 'R2 - std': 0.015796011686136924} 
 

{'MSE - mean': 4.474593206207344, 'MSE - std': 0.18862079392148523, 'R2 - mean': 0.5591834098941226, 'R2 - std': 0.016972132456287266} 
 

{'MSE - mean': 4.407726467300517, 'MSE - std': 0.20024194176240934, 'R2 - mean': 0.5569305380134726, 'R2 - std': 0.015207440784602497} 
 

{'MSE - mean': 4.597224099612805, 'MSE - std': 0.4191835860341832, 'R2 - mean': 0.5569695178909483, 'R2 - std': 0.01360217195513809} 
 

Finished cross validation
Hyperparam was saved!!! Hurrah!!!
Trial 90 finished with value: 4.597224099612805 and parameters: {'max_depth': 9, 'n_estimators': 87}. Best is trial 61 with value: 4.543890243800494.
{'MSE - mean': 4.553955908011451, 'MSE - std': 0.0, 'R2 - mean': 0.5846942690220613, 'R2 - std': 0.0} 
 

{'MSE - mean': 4.399075408902628, 'MSE - std': 0.15488049910882307, 'R2 - mean': 0.5661388378012326, 'R2 - std': 0.0185554312208287} 
 

{'MSE - mean': 4.458518480288954, 'MSE - std': 0.1518516934637605, 'R2 - mean': 0.5606223470488044, 'R2 - std': 0.017041107914995458} 
 

{'MSE - mean': 4.409351214659093, 'MSE - std': 0.15667310756607544, 'R2 - mean': 0.5565469836651509, 'R2 - std': 0.0163592566870981} 
 

{'MSE - mean': 4.573576002040591, 'MSE - std': 0.3570942358391137, 'R2 - mean': 0.5587258575067015, 'R2 - std': 0.015267291454382608} 
 

Finished cross validation
Hyperparam was saved!!! Hurrah!!!
Trial 91 finished with value: 4.573576002040591 and parameters: {'max_depth': 9, 'n_estimators': 92}. Best is trial 61 with value: 4.543890243800494.
{'MSE - mean': 4.685808114117885, 'MSE - std': 0.0, 'R2 - mean': 0.5726697835100799, 'R2 - std': 0.0} 
 

{'MSE - mean': 4.4596021930275125, 'MSE - std': 0.22620592109037174, 'R2 - mean': 0.5607021438897837, 'R2 - std': 0.011967639620296233} 
 

{'MSE - mean': 4.573285798737188, 'MSE - std': 0.244868679578534, 'R2 - mean': 0.5496754345703349, 'R2 - std': 0.018402705477332092} 
 

{'MSE - mean': 4.501092564614948, 'MSE - std': 0.24618304539099858, 'R2 - mean': 0.5477310025548405, 'R2 - std': 0.016289171994079678} 
 

{'MSE - mean': 4.670444591417353, 'MSE - std': 0.40398676884115825, 'R2 - mean': 0.549731655386241, 'R2 - std': 0.015108942597327313} 
 

Finished cross validation
Hyperparam was saved!!! Hurrah!!!
Trial 92 finished with value: 4.670444591417353 and parameters: {'max_depth': 8, 'n_estimators': 23}. Best is trial 61 with value: 4.543890243800494.
{'MSE - mean': 4.839880288531773, 'MSE - std': 0.0, 'R2 - mean': 0.5586189103108572, 'R2 - std': 0.0} 
 

{'MSE - mean': 4.54587976430067, 'MSE - std': 0.2940005242311021, 'R2 - mean': 0.5526915968444363, 'R2 - std': 0.005927313466420947} 
 

{'MSE - mean': 4.694416999154339, 'MSE - std': 0.3189840525398147, 'R2 - mean': 0.5380756515390862, 'R2 - std': 0.021229077801232444} 
 

{'MSE - mean': 4.623184082624574, 'MSE - std': 0.30254835071943814, 'R2 - mean': 0.5356906352531652, 'R2 - std': 0.01884330693563131} 
 

{'MSE - mean': 4.830032462822477, 'MSE - std': 0.4943413933512219, 'R2 - mean': 0.5349790389179742, 'R2 - std': 0.01691394839750192} 
 

Finished cross validation
Hyperparam was saved!!! Hurrah!!!
Trial 93 finished with value: 4.830032462822477 and parameters: {'max_depth': 5, 'n_estimators': 80}. Best is trial 61 with value: 4.543890243800494.
{'MSE - mean': 4.50590349450501, 'MSE - std': 0.0, 'R2 - mean': 0.5890764903521886, 'R2 - std': 0.0} 
 

{'MSE - mean': 4.328869664361798, 'MSE - std': 0.1770338301432126, 'R2 - mean': 0.5732525285116545, 'R2 - std': 0.01582396184053403} 
 

{'MSE - mean': 4.429676544893013, 'MSE - std': 0.20302226233015253, 'R2 - mean': 0.5635973805910068, 'R2 - std': 0.01879828737659258} 
 

{'MSE - mean': 4.375617529136056, 'MSE - std': 0.19920005222156095, 'R2 - mean': 0.5600722358313397, 'R2 - std': 0.01738711140326495} 
 

{'MSE - mean': 4.546668146559263, 'MSE - std': 0.3857172326037544, 'R2 - mean': 0.5615395182786731, 'R2 - std': 0.015825959227820825} 
 

Finished cross validation
Hyperparam was saved!!! Hurrah!!!
Trial 94 finished with value: 4.546668146559263 and parameters: {'max_depth': 10, 'n_estimators': 85}. Best is trial 61 with value: 4.543890243800494.
{'MSE - mean': 4.612006997583084, 'MSE - std': 0.0, 'R2 - mean': 0.5794002014738449, 'R2 - std': 0.0} 
 

{'MSE - mean': 4.462083498013238, 'MSE - std': 0.14992349956984619, 'R2 - mean': 0.5598693815734157, 'R2 - std': 0.019530819900429153} 
 

{'MSE - mean': 4.498924220651829, 'MSE - std': 0.13303827082678227, 'R2 - mean': 0.5566001132675708, 'R2 - std': 0.01660355929210778} 
 

{'MSE - mean': 4.429066568710102, 'MSE - std': 0.16707681087712203, 'R2 - mean': 0.5546624843772473, 'R2 - std': 0.01476556307848609} 
 

{'MSE - mean': 4.604623359692931, 'MSE - std': 0.3815920282540637, 'R2 - mean': 0.555955014235092, 'R2 - std': 0.013457340604795665} 
 

Finished cross validation
Hyperparam was saved!!! Hurrah!!!
