Trial 120 finished with value: 4.606550783316387 and parameters: {'max_depth': 11, 'n_estimators': 77}. Best is trial 61 with value: 4.543890243800494.
{'MSE - mean': 4.634056154846633, 'MSE - std': 0.0, 'R2 - mean': 0.5773893911893895, 'R2 - std': 0.0} 
 

{'MSE - mean': 4.393345798797676, 'MSE - std': 0.24071035604895652, 'R2 - mean': 0.567366361169412, 'R2 - std': 0.010023030019977452} 
 

{'MSE - mean': 4.478780919240646, 'MSE - std': 0.23070754203035138, 'R2 - mean': 0.5590710410089493, 'R2 - std': 0.01430380230277022} 
 

{'MSE - mean': 4.422115951621952, 'MSE - std': 0.22260330888813745, 'R2 - mean': 0.5556435446752103, 'R2 - std': 0.013736530260256268} 
 

{'MSE - mean': 4.592762078237149, 'MSE - std': 0.39512300441436926, 'R2 - mean': 0.5572609356381847, 'R2 - std': 0.012705023611988813} 
 

Finished cross validation
Hyperparam was saved!!! Hurrah!!!
Trial 121 finished with value: 4.592762078237149 and parameters: {'max_depth': 10, 'n_estimators': 90}. Best is trial 61 with value: 4.543890243800494.
{'MSE - mean': 4.526488521736512, 'MSE - std': 0.0, 'R2 - mean': 0.587199203888668, 'R2 - std': 0.0} 
 

{'MSE - mean': 4.347386466282488, 'MSE - std': 0.17910205545402436, 'R2 - mean': 0.5714372044070071, 'R2 - std': 0.015761999481660904} 
 

{'MSE - mean': 4.456940901074983, 'MSE - std': 0.21304783315172077, 'R2 - mean': 0.5609190735719216, 'R2 - std': 0.01966950018771542} 
 

{'MSE - mean': 4.40331866723894, 'MSE - std': 0.20656249972510574, 'R2 - mean': 0.5572880249159148, 'R2 - std': 0.018158206719078005} 
 

{'MSE - mean': 4.572746735003063, 'MSE - std': 0.3859506880668624, 'R2 - mean': 0.5589881588132167, 'R2 - std': 0.016593317874290123} 
 

Finished cross validation
Hyperparam was saved!!! Hurrah!!!
Trial 122 finished with value: 4.572746735003063 and parameters: {'max_depth': 9, 'n_estimators': 95}. Best is trial 61 with value: 4.543890243800494.
{'MSE - mean': 4.550368944667927, 'MSE - std': 0.0, 'R2 - mean': 0.5850213882264332, 'R2 - std': 0.0} 
 

{'MSE - mean': 4.348468441518612, 'MSE - std': 0.20190050314931396, 'R2 - mean': 0.5715057472467335, 'R2 - std': 0.013515640979699706} 
 

{'MSE - mean': 4.446302670878745, 'MSE - std': 0.21521837355798937, 'R2 - mean': 0.5620825333837735, 'R2 - std': 0.017302474382072042} 
 

{'MSE - mean': 4.379222905150712, 'MSE - std': 0.21963218377117025, 'R2 - mean': 0.5598838671718205, 'R2 - std': 0.015460728124556237} 
 

{'MSE - mean': 4.565819804357789, 'MSE - std': 0.4217395500700147, 'R2 - mean': 0.5600435180534239, 'R2 - std': 0.013832181495669523} 
 

Finished cross validation
Hyperparam was saved!!! Hurrah!!!
Trial 123 finished with value: 4.565819804357789 and parameters: {'max_depth': 9, 'n_estimators': 87}. Best is trial 61 with value: 4.543890243800494.
{'MSE - mean': 4.562504238301345, 'MSE - std': 0.0, 'R2 - mean': 0.583914689546239, 'R2 - std': 0.0} 
 

{'MSE - mean': 4.361072404305782, 'MSE - std': 0.20143183399556408, 'R2 - mean': 0.5702556490843698, 'R2 - std': 0.013659040461869276} 
 

{'MSE - mean': 4.429361976083106, 'MSE - std': 0.1907269961444149, 'R2 - mean': 0.563742885824114, 'R2 - std': 0.01446415436383782} 
 

{'MSE - mean': 4.374277084338703, 'MSE - std': 0.19075016694404617, 'R2 - mean': 0.5602994604025773, 'R2 - std': 0.013873729022752091} 
 

{'MSE - mean': 4.5721810248461745, 'MSE - std': 0.43101320121880665, 'R2 - mean': 0.5595227074494559, 'R2 - std': 0.012505905253044833} 
 

Finished cross validation
Hyperparam was saved!!! Hurrah!!!
Trial 124 finished with value: 4.5721810248461745 and parameters: {'max_depth': 10, 'n_estimators': 67}. Best is trial 61 with value: 4.543890243800494.
{'MSE - mean': 4.566385309359244, 'MSE - std': 0.0, 'R2 - mean': 0.5835607486901491, 'R2 - std': 0.0} 
 

{'MSE - mean': 4.411659872803545, 'MSE - std': 0.15472543655569915, 'R2 - mean': 0.5648930827631494, 'R2 - std': 0.018667665926999644} 
 

{'MSE - mean': 4.488000914735525, 'MSE - std': 0.16618027313158537, 'R2 - mean': 0.5577163405305138, 'R2 - std': 0.01831208414104647} 
 

{'MSE - mean': 4.411428496610254, 'MSE - std': 0.1957087582000866, 'R2 - mean': 0.5565095823941115, 'R2 - std': 0.015995878056264814} 
 

{'MSE - mean': 4.588022706467211, 'MSE - std': 0.39418725784706427, 'R2 - mean': 0.5576386310356664, 'R2 - std': 0.014484249900243456} 
 

Finished cross validation
Hyperparam was saved!!! Hurrah!!!
Trial 125 finished with value: 4.588022706467211 and parameters: {'max_depth': 10, 'n_estimators': 84}. Best is trial 61 with value: 4.543890243800494.
{'MSE - mean': 4.509533173748327, 'MSE - std': 0.0, 'R2 - mean': 0.5887454755989037, 'R2 - std': 0.0} 
 

{'MSE - mean': 4.356830871065574, 'MSE - std': 0.15270230268275364, 'R2 - mean': 0.5702999082485861, 'R2 - std': 0.01844556735031755} 
 

{'MSE - mean': 4.452640729425316, 'MSE - std': 0.18413143878102756, 'R2 - mean': 0.5612035521326496, 'R2 - std': 0.019806901804487333} 
 

{'MSE - mean': 4.403320405987234, 'MSE - std': 0.18090266159675372, 'R2 - mean': 0.5571563655243568, 'R2 - std': 0.01853035827086162} 
 

{'MSE - mean': 4.596779777566627, 'MSE - std': 0.4193885217621077, 'R2 - mean': 0.5568954212869351, 'R2 - std': 0.01658227094511985} 
 

Finished cross validation
Hyperparam was saved!!! Hurrah!!!
Trial 126 finished with value: 4.596779777566627 and parameters: {'max_depth': 9, 'n_estimators': 88}. Best is trial 61 with value: 4.543890243800494.
{'MSE - mean': 4.541294345498719, 'MSE - std': 0.0, 'R2 - mean': 0.5858489616850759, 'R2 - std': 0.0} 
 

{'MSE - mean': 4.369324321630231, 'MSE - std': 0.17197002386848892, 'R2 - mean': 0.569212708276852, 'R2 - std': 0.016636253408223944} 
 

{'MSE - mean': 4.464427730916429, 'MSE - std': 0.19443536112361046, 'R2 - mean': 0.5601384860797874, 'R2 - std': 0.01868670566486128} 
 

{'MSE - mean': 4.402100935194728, 'MSE - std': 0.20001930065935059, 'R2 - mean': 0.557433156565812, 'R2 - std': 0.016847882650096676} 
 

{'MSE - mean': 4.573965230209035, 'MSE - std': 0.38749905820797165, 'R2 - mean': 0.558922930118379, 'R2 - std': 0.015360944657958208} 
 

Finished cross validation
Hyperparam was saved!!! Hurrah!!!
Trial 127 finished with value: 4.573965230209035 and parameters: {'max_depth': 8, 'n_estimators': 75}. Best is trial 61 with value: 4.543890243800494.
{'MSE - mean': 4.547652698614177, 'MSE - std': 0.0, 'R2 - mean': 0.5852691008911264, 'R2 - std': 0.0} 
 

{'MSE - mean': 4.3464802094696555, 'MSE - std': 0.20117248914452146, 'R2 - mean': 0.5716967710356442, 'R2 - std': 0.013572329855482124} 
 

{'MSE - mean': 4.474424061182277, 'MSE - std': 0.2443757461530454, 'R2 - mean': 0.5593123482209245, 'R2 - std': 0.020725667227977047} 
 

{'MSE - mean': 4.414623294422158, 'MSE - std': 0.23562263069617811, 'R2 - mean': 0.5562762656923035, 'R2 - std': 0.01870343158074009} 
 

{'MSE - mean': 4.607216811295907, 'MSE - std': 0.43907114485484644, 'R2 - mean': 0.5560759982701554, 'R2 - std': 0.01673365203647536} 
 

Finished cross validation
Hyperparam was saved!!! Hurrah!!!
Trial 128 finished with value: 4.607216811295907 and parameters: {'max_depth': 7, 'n_estimators': 97}. Best is trial 61 with value: 4.543890243800494.
{'MSE - mean': 4.630388896033263, 'MSE - std': 0.0, 'R2 - mean': 0.5777238330752874, 'R2 - std': 0.0} 
 

{'MSE - mean': 4.416239032482343, 'MSE - std': 0.21414986355091914, 'R2 - mean': 0.5648977834736303, 'R2 - std': 0.012826049601657119} 
 

{'MSE - mean': 4.502133754180048, 'MSE - std': 0.21290666766677524, 'R2 - mean': 0.556629210287375, 'R2 - std': 0.015697461705501875} 
 

{'MSE - mean': 4.442084582329964, 'MSE - std': 0.21169469991563522, 'R2 - mean': 0.5535497882248959, 'R2 - std': 0.014603295816815628} 
 

{'MSE - mean': 4.634775084868292, 'MSE - std': 0.42938355330844963, 'R2 - mean': 0.553432587640714, 'R2 - std': 0.013063687950899244} 
 

Finished cross validation
Hyperparam was saved!!! Hurrah!!!
Trial 129 finished with value: 4.634775084868292 and parameters: {'max_depth': 11, 'n_estimators': 81}. Best is trial 61 with value: 4.543890243800494.
{'MSE - mean': 4.577039965591061, 'MSE - std': 0.0, 'R2 - mean': 0.5825890792484469, 'R2 - std': 0.0} 
 

{'MSE - mean': 4.3788790768016215, 'MSE - std': 0.19816088878943994, 'R2 - mean': 0.5684694431255676, 'R2 - std': 0.014119636122879364} 
 

{'MSE - mean': 4.473001147379986, 'MSE - std': 0.20951472558541415, 'R2 - mean': 0.5594261466171728, 'R2 - std': 0.01721835763477945} 
 

{'MSE - mean': 4.413375909906366, 'MSE - std': 0.20877696714246408, 'R2 - mean': 0.5563808814757264, 'R2 - std': 0.015816914967037736} 
 

{'MSE - mean': 4.58965008537978, 'MSE - std': 0.3989493669160206, 'R2 - mean': 0.5575299269504398, 'R2 - std': 0.014332517618040415} 
 

Finished cross validation
Hyperparam was saved!!! Hurrah!!!
Trial 130 finished with value: 4.58965008537978 and parameters: {'max_depth': 9, 'n_estimators': 100}. Best is trial 61 with value: 4.543890243800494.
{'MSE - mean': 4.552244872948558, 'MSE - std': 0.0, 'R2 - mean': 0.5848503097659504, 'R2 - std': 0.0} 
 

{'MSE - mean': 4.372934138469042, 'MSE - std': 0.1793107344795155, 'R2 - mean': 0.5689122325452725, 'R2 - std': 0.01593807722067797} 
 

{'MSE - mean': 4.467462458319094, 'MSE - std': 0.19825765939067697, 'R2 - mean': 0.559876356554336, 'R2 - std': 0.018238484408214815} 
 

{'MSE - mean': 4.417495426424949, 'MSE - std': 0.1922750307742372, 'R2 - mean': 0.555833928540348, 'R2 - std': 0.017277309046154855} 
 

{'MSE - mean': 4.587613687873556, 'MSE - std': 0.38123043094770503, 'R2 - mean': 0.5575333202088741, 'R2 - std': 0.01582264372579061} 
 

Finished cross validation
Hyperparam was saved!!! Hurrah!!!
Trial 131 finished with value: 4.587613687873556 and parameters: {'max_depth': 9, 'n_estimators': 86}. Best is trial 61 with value: 4.543890243800494.
{'MSE - mean': 4.534266995200499, 'MSE - std': 0.0, 'R2 - mean': 0.5864898328114974, 'R2 - std': 0.0} 
 

{'MSE - mean': 4.346760423591096, 'MSE - std': 0.18750657160940198, 'R2 - mean': 0.5715638321394856, 'R2 - std': 0.01492600067201183} 
 

{'MSE - mean': 4.436710888700154, 'MSE - std': 0.1990510368669619, 'R2 - mean': 0.5629530309918199, 'R2 - std': 0.01722833296781437} 
 

{'MSE - mean': 4.390635124091055, 'MSE - std': 0.18996029772375758, 'R2 - mean': 0.5585473714564744, 'R2 - std': 0.016758314368144265} 
 

{'MSE - mean': 4.5697652937905975, 'MSE - std': 0.3965077585059173, 'R2 - mean': 0.5594030602767918, 'R2 - std': 0.015086473868936533} 
 

Finished cross validation
Hyperparam was saved!!! Hurrah!!!
Trial 132 finished with value: 4.5697652937905975 and parameters: {'max_depth': 9, 'n_estimators': 91}. Best is trial 61 with value: 4.543890243800494.
{'MSE - mean': 5.86486498858822, 'MSE - std': 0.0, 'R2 - mean': 0.4651436925668132, 'R2 - std': 0.0} 
 

{'MSE - mean': 5.360718120345281, 'MSE - std': 0.5041468682429393, 'R2 - mean': 0.47372494265682114, 'R2 - std': 0.00858125009000793} 
 

{'MSE - mean': 5.458518082395056, 'MSE - std': 0.43424920839688047, 'R2 - mean': 0.4636973535570806, 'R2 - std': 0.01581761639369149} 
 

{'MSE - mean': 5.384327429237843, 'MSE - std': 0.39741922486546816, 'R2 - mean': 0.4597986353977065, 'R2 - std': 0.015272450724824195} 
 

{'MSE - mean': 5.646322389842686, 'MSE - std': 0.6331817035918421, 'R2 - mean': 0.4571155712163765, 'R2 - std': 0.01467629157922018} 
 

Finished cross validation
Hyperparam was saved!!! Hurrah!!!
Trial 133 finished with value: 5.646322389842686 and parameters: {'max_depth': 3, 'n_estimators': 93}. Best is trial 61 with value: 4.543890243800494.
{'MSE - mean': 4.588721070930229, 'MSE - std': 0.0, 'R2 - mean': 0.5815238010398944, 'R2 - std': 0.0} 
 

{'MSE - mean': 4.37110464713655, 'MSE - std': 0.21761642379368018, 'R2 - mean': 0.5693881143541649, 'R2 - std': 0.012135686685729508} 
 

{'MSE - mean': 4.448831615843872, 'MSE - std': 0.20893595972297047, 'R2 - mean': 0.5619068486137574, 'R2 - std': 0.01449558329446081} 
 

{'MSE - mean': 4.397974760234254, 'MSE - std': 0.20124595831099715, 'R2 - mean': 0.5579499427763194, 'R2 - std': 0.014302543924213013} 
 

{'MSE - mean': 4.58222351267131, 'MSE - std': 0.41011017993663035, 'R2 - mean': 0.5583804150336051, 'R2 - std': 0.012821522359704591} 
 

Finished cross validation
Hyperparam was saved!!! Hurrah!!!
Trial 134 finished with value: 4.58222351267131 and parameters: {'max_depth': 10, 'n_estimators': 74}. Best is trial 61 with value: 4.543890243800494.
{'MSE - mean': 4.5392742346000805, 'MSE - std': 0.0, 'R2 - mean': 0.5860331891238925, 'R2 - std': 0.0} 
 

{'MSE - mean': 4.3385860925360955, 'MSE - std': 0.200688142063985, 'R2 - mean': 0.5724737431544138, 'R2 - std': 0.013559445969478612} 
 

{'MSE - mean': 4.448251338566524, 'MSE - std': 0.22561786118100544, 'R2 - mean': 0.5618878441487616, 'R2 - std': 0.018619744865291367} 
 

{'MSE - mean': 4.383315194885803, 'MSE - std': 0.22544993397933902, 'R2 - mean': 0.5594565649514672, 'R2 - std': 0.016665969210999915} 
 

{'MSE - mean': 4.58467827661998, 'MSE - std': 0.45038927710034193, 'R2 - mean': 0.5584128314200105, 'R2 - std': 0.01505194813080172} 
 

Finished cross validation
Hyperparam was saved!!! Hurrah!!!
Trial 135 finished with value: 4.58467827661998 and parameters: {'max_depth': 9, 'n_estimators': 81}. Best is trial 61 with value: 4.543890243800494.
{'MSE - mean': 4.516526402376084, 'MSE - std': 0.0, 'R2 - mean': 0.5881077162560788, 'R2 - std': 0.0} 
 

{'MSE - mean': 4.343757850588149, 'MSE - std': 0.17276855178793493, 'R2 - mean': 0.5717472947091059, 'R2 - std': 0.016360421546972925} 
 

{'MSE - mean': 4.455447560257872, 'MSE - std': 0.21177463843312447, 'R2 - mean': 0.561034709196332, 'R2 - std': 0.020198050372913584} 
 

{'MSE - mean': 4.411372813537911, 'MSE - std': 0.1986557902702475, 'R2 - mean': 0.5563938466476444, 'R2 - std': 0.019250551803454963} 
 

{'MSE - mean': 4.590806099738932, 'MSE - std': 0.40044539602036544, 'R2 - mean': 0.5573121727138226, 'R2 - std': 0.017315896940248047} 
 

Finished cross validation
Hyperparam was saved!!! Hurrah!!!
Trial 136 finished with value: 4.590806099738932 and parameters: {'max_depth': 8, 'n_estimators': 89}. Best is trial 61 with value: 4.543890243800494.
{'MSE - mean': 4.547334558991642, 'MSE - std': 0.0, 'R2 - mean': 0.5852981141734592, 'R2 - std': 0.0} 
 

{'MSE - mean': 4.368380103991003, 'MSE - std': 0.178954455000639, 'R2 - mean': 0.5693598678782887, 'R2 - std': 0.015938246295170433} 
 

{'MSE - mean': 4.4611119992232195, 'MSE - std': 0.19633697248124624, 'R2 - mean': 0.5605009162925904, 'R2 - std': 0.01806415907367881} 
 

{'MSE - mean': 4.38888059871208, 'MSE - std': 0.21110016753126512, 'R2 - mean': 0.5588526145346253, 'R2 - std': 0.015902392220521765} 
 

{'MSE - mean': 4.550193071688711, 'MSE - std': 0.3738147674139257, 'R2 - mean': 0.5611497923838868, 'R2 - std': 0.01494713908923045} 
 

Finished cross validation
Hyperparam was saved!!! Hurrah!!!
Trial 137 finished with value: 4.550193071688711 and parameters: {'max_depth': 10, 'n_estimators': 71}. Best is trial 61 with value: 4.543890243800494.
{'MSE - mean': 4.535672366170529, 'MSE - std': 0.0, 'R2 - mean': 0.5863616676228585, 'R2 - std': 0.0} 
 

{'MSE - mean': 4.398555259993644, 'MSE - std': 0.13711710617688455, 'R2 - mean': 0.5660535018209509, 'R2 - std': 0.02030816580190753} 
 

{'MSE - mean': 4.4837382021175625, 'MSE - std': 0.16445769809281918, 'R2 - mean': 0.5580497474019489, 'R2 - std': 0.020076551042395176} 
 

{'MSE - mean': 4.431654103818884, 'MSE - std': 0.16859125343045223, 'R2 - mean': 0.5542552767919607, 'R2 - std': 0.018587494396733975} 
 

{'MSE - mean': 4.620825695353365, 'MSE - std': 0.407286106762009, 'R2 - mean': 0.5544605107830505, 'R2 - std': 0.016630226767043434} 
 

Finished cross validation
Hyperparam was saved!!! Hurrah!!!
Trial 138 finished with value: 4.620825695353365 and parameters: {'max_depth': 12, 'n_estimators': 62}. Best is trial 61 with value: 4.543890243800494.
{'MSE - mean': 4.648146488541459, 'MSE - std': 0.0, 'R2 - mean': 0.576104399315718, 'R2 - std': 0.0} 
 

{'MSE - mean': 4.480186053653547, 'MSE - std': 0.16796043488791224, 'R2 - mean': 0.5582179830439195, 'R2 - std': 0.017886416271798544} 
 

{'MSE - mean': 4.531446504323107, 'MSE - std': 0.15512061779203873, 'R2 - mean': 0.5534865425746923, 'R2 - std': 0.016064110594522615} 
 

{'MSE - mean': 4.452933558314024, 'MSE - std': 0.19115347922863696, 'R2 - mean': 0.5523834100235079, 'R2 - std': 0.014042522607111547} 
 

{'MSE - mean': 4.613419159995048, 'MSE - std': 0.3636677542546916, 'R2 - mean': 0.5549833788549007, 'R2 - std': 0.013593870112438457} 
 

Finished cross validation
Hyperparam was saved!!! Hurrah!!!
Trial 139 finished with value: 4.613419159995048 and parameters: {'max_depth': 11, 'n_estimators': 67}. Best is trial 61 with value: 4.543890243800494.
{'MSE - mean': 4.561100250227809, 'MSE - std': 0.0, 'R2 - mean': 0.5840427286192873, 'R2 - std': 0.0} 
 

{'MSE - mean': 4.39193972796596, 'MSE - std': 0.16916052226184908, 'R2 - mean': 0.566954487833349, 'R2 - std': 0.01708824078593829} 
 

{'MSE - mean': 4.475403508420931, 'MSE - std': 0.18168450720118878, 'R2 - mean': 0.5590365545750677, 'R2 - std': 0.017890201683342294} 
 

{'MSE - mean': 4.4162656577584105, 'MSE - std': 0.18774664114346207, 'R2 - mean': 0.5559723603825493, 'R2 - std': 0.016377189787976084} 
 

{'MSE - mean': 4.5811734715413674, 'MSE - std': 0.37010456521802054, 'R2 - mean': 0.5580953083592414, 'R2 - std': 0.015251147783956321} 
 

Finished cross validation
Hyperparam was saved!!! Hurrah!!!
Trial 140 finished with value: 4.5811734715413674 and parameters: {'max_depth': 10, 'n_estimators': 59}. Best is trial 61 with value: 4.543890243800494.
{'MSE - mean': 4.550144973078745, 'MSE - std': 0.0, 'R2 - mean': 0.5850418136952877, 'R2 - std': 0.0} 
 

{'MSE - mean': 4.37395830812802, 'MSE - std': 0.1761866649507251, 'R2 - mean': 0.5687868904883531, 'R2 - std': 0.01625492320693467} 
 

{'MSE - mean': 4.463386481627498, 'MSE - std': 0.19154448665661108, 'R2 - mean': 0.5602610506017461, 'R2 - std': 0.01793120865566547} 
 

{'MSE - mean': 4.394646958368082, 'MSE - std': 0.20418700730018008, 'R2 - mean': 0.5582385647717014, 'R2 - std': 0.015919093243270926} 
 

{'MSE - mean': 4.586456358080819, 'MSE - std': 0.4248732168927652, 'R2 - mean': 0.5580410911154365, 'R2 - std': 0.014243946332742128} 
 

Finished cross validation
Hyperparam was saved!!! Hurrah!!!
Trial 141 finished with value: 4.586456358080819 and parameters: {'max_depth': 10, 'n_estimators': 71}. Best is trial 61 with value: 4.543890243800494.
{'MSE - mean': 4.552975949835519, 'MSE - std': 0.0, 'R2 - mean': 0.5847836379695884, 'R2 - std': 0.0} 
 

{'MSE - mean': 4.379598414667113, 'MSE - std': 0.17337753516840637, 'R2 - mean': 0.5682074728462667, 'R2 - std': 0.016576165123321718} 
 

{'MSE - mean': 4.474282057994339, 'MSE - std': 0.1948584899223436, 'R2 - mean': 0.559172647770809, 'R2 - std': 0.018612781318724438} 
 

{'MSE - mean': 4.435425944794496, 'MSE - std': 0.18167764287360455, 'R2 - mean': 0.5539358731109855, 'R2 - std': 0.01849589543188711} 
 

{'MSE - mean': 4.623949739361675, 'MSE - std': 0.4105731325940826, 'R2 - mean': 0.5541961744313056, 'R2 - std': 0.016551421249285023} 
 

Finished cross validation
Hyperparam was saved!!! Hurrah!!!
Trial 142 finished with value: 4.623949739361675 and parameters: {'max_depth': 9, 'n_estimators': 78}. Best is trial 61 with value: 4.543890243800494.
{'MSE - mean': 4.615272905450399, 'MSE - std': 0.0, 'R2 - mean': 0.5791023614680257, 'R2 - std': 0.0} 
 

{'MSE - mean': 4.425901737882512, 'MSE - std': 0.18937116756788663, 'R2 - mean': 0.5637513801502976, 'R2 - std': 0.015350981317728163} 
 

{'MSE - mean': 4.482829193988757, 'MSE - std': 0.17432468725955017, 'R2 - mean': 0.5583983499641865, 'R2 - std': 0.014642800823555792} 
 

{'MSE - mean': 4.418408587657606, 'MSE - std': 0.1877281705054536, 'R2 - mean': 0.5558600523272097, 'R2 - std': 0.013421534064718169} 
 

{'MSE - mean': 4.606953550850561, 'MSE - std': 0.41278360600051844, 'R2 - mean': 0.5560152331803531, 'R2 - std': 0.012008596325509546} 
 

Finished cross validation
Hyperparam was saved!!! Hurrah!!!
Trial 143 finished with value: 4.606953550850561 and parameters: {'max_depth': 10, 'n_estimators': 94}. Best is trial 61 with value: 4.543890243800494.
{'MSE - mean': 4.585738374618964, 'MSE - std': 0.0, 'R2 - mean': 0.58179581308763, 'R2 - std': 0.0} 
 

{'MSE - mean': 4.365567863384545, 'MSE - std': 0.2201705112344201, 'R2 - mean': 0.5699553499116212, 'R2 - std': 0.011840463176008731} 
 

{'MSE - mean': 4.446793182591217, 'MSE - std': 0.2133349658133944, 'R2 - mean': 0.5621223766293437, 'R2 - std': 0.014702901744101094} 
 

{'MSE - mean': 4.399864307379045, 'MSE - std': 0.2018435377092624, 'R2 - mean': 0.5577460947068464, 'R2 - std': 0.014818468887440749} 
 

{'MSE - mean': 4.575711700512476, 'MSE - std': 0.3953250228094424, 'R2 - mean': 0.5588808733548029, 'R2 - std': 0.013446951567320786} 
 

Finished cross validation
Hyperparam was saved!!! Hurrah!!!
Trial 144 finished with value: 4.575711700512476 and parameters: {'max_depth': 9, 'n_estimators': 85}. Best is trial 61 with value: 4.543890243800494.
{'MSE - mean': 4.633009550835887, 'MSE - std': 0.0, 'R2 - mean': 0.5774848380168307, 'R2 - std': 0.0} 
 

{'MSE - mean': 4.408042690171758, 'MSE - std': 0.2249668606641282, 'R2 - mean': 0.5657916642687331, 'R2 - std': 0.01169317374809764} 
 

{'MSE - mean': 4.479508961636882, 'MSE - std': 0.20965427457038832, 'R2 - mean': 0.5589137079275618, 'R2 - std': 0.013629604117419696} 
 

{'MSE - mean': 4.4213265769357335, 'MSE - std': 0.20765778531700774, 'R2 - mean': 0.5556683272042993, 'R2 - std': 0.013073716740657921} 
 

{'MSE - mean': 4.597527817289572, 'MSE - std': 0.3983527495212455, 'R2 - mean': 0.556834411713028, 'R2 - std': 0.011923785802250753} 
 

Finished cross validation
Hyperparam was saved!!! Hurrah!!!
