Trial 173 finished with value: 18810482.078997187 and parameters: {'max_depth': 8, 'n_estimators': 9}. Best is trial 134 with value: 13370087.96712083.
{'MSE - mean': 176005.286237467, 'MSE - std': 0.0, 'R2 - mean': 0.9914188807030341, 'R2 - std': 0.0} 
 

{'MSE - mean': 42865609.83034494, 'MSE - std': 42689604.544107474, 'R2 - mean': 0.927194549606216, 'R2 - std': 0.06422433109681808} 
 

{'MSE - mean': 29693275.023252297, 'MSE - std': 39521585.23256808, 'R2 - mean': 0.9073258867138408, 'R2 - std': 0.05949261018662318} 
 

{'MSE - mean': 52211604.25571338, 'MSE - std': 51891157.51971517, 'R2 - mean': 0.8823953138158094, 'R2 - std': 0.06722446277349728} 
 

{'MSE - mean': 51065732.89805576, 'MSE - std': 46469407.86863885, 'R2 - mean': 0.7642489502537388, 'R2 - std': 0.24382279550508007} 
 

Finished cross validation
Hyperparam was saved!!! Hurrah!!!
Trial 174 finished with value: 51065732.89805576 and parameters: {'max_depth': 10, 'n_estimators': 11}. Best is trial 134 with value: 13370087.96712083.
{'MSE - mean': 181399.60237442466, 'MSE - std': 0.0, 'R2 - mean': 0.9911558813847391, 'R2 - std': 0.0} 
 

{'MSE - mean': 15885791.42885679, 'MSE - std': 15704391.826482365, 'R2 - mean': 0.9702796818990409, 'R2 - std': 0.020876199485698133} 
 

{'MSE - mean': 11733226.203765431, 'MSE - std': 14103411.324583856, 'R2 - mean': 0.9350015655133266, 'R2 - std': 0.05272224193600963} 
 

{'MSE - mean': 15491574.674319487, 'MSE - std': 13840347.102625284, 'R2 - mean': 0.9405015122482675, 'R2 - std': 0.046641980428910934} 
 

{'MSE - mean': 21644788.839644395, 'MSE - std': 17455438.825602155, 'R2 - mean': 0.8114184446252217, 'R2 - std': 0.26151507195297163} 
 

Finished cross validation
Hyperparam was saved!!! Hurrah!!!
Trial 175 finished with value: 21644788.839644395 and parameters: {'max_depth': 11, 'n_estimators': 9}. Best is trial 134 with value: 13370087.96712083.
{'MSE - mean': 160017.80658581175, 'MSE - std': 0.0, 'R2 - mean': 0.9921983485990357, 'R2 - std': 0.0} 
 

{'MSE - mean': 15252462.941109298, 'MSE - std': 15092445.134523487, 'R2 - mean': 0.9717981649843098, 'R2 - std': 0.020400183614725842} 
 

{'MSE - mean': 11293477.691880686, 'MSE - std': 13535203.304702172, 'R2 - mean': 0.9367070444796627, 'R2 - std': 0.05234709610748577} 
 

{'MSE - mean': 9730786.500674082, 'MSE - std': 12030266.316750415, 'R2 - mean': 0.9505050945692485, 'R2 - std': 0.05124765762441166} 
 

{'MSE - mean': 17054024.76266014, 'MSE - std': 18174188.308940183, 'R2 - mean': 0.819149045953649, 'R2 - std': 0.2666809028805887} 
 

Finished cross validation
Hyperparam was saved!!! Hurrah!!!
Trial 176 finished with value: 17054024.76266014 and parameters: {'max_depth': 11, 'n_estimators': 9}. Best is trial 134 with value: 13370087.96712083.
{'MSE - mean': 188603.63729346375, 'MSE - std': 0.0, 'R2 - mean': 0.9908046494167607, 'R2 - std': 0.0} 
 

{'MSE - mean': 30728450.873021215, 'MSE - std': 30539847.23572775, 'R2 - mean': 0.9463370423434871, 'R2 - std': 0.04446760707327352} 
 

{'MSE - mean': 21625922.0663704, 'MSE - std': 28062434.69134864, 'R2 - mean': 0.9191351198075859, 'R2 - std': 0.05289739658225513} 
 

{'MSE - mean': 30605220.160697073, 'MSE - std': 28853224.488867644, 'R2 - mean': 0.9162416225214955, 'R2 - std': 0.046083813899449766} 
 

{'MSE - mean': 33554760.21309687, 'MSE - std': 26472740.636489365, 'R2 - mean': 0.7947679287698574, 'R2 - std': 0.24641917015013753} 
 

Finished cross validation
Hyperparam was saved!!! Hurrah!!!
Trial 177 finished with value: 33554760.21309687 and parameters: {'max_depth': 11, 'n_estimators': 9}. Best is trial 134 with value: 13370087.96712083.
{'MSE - mean': 168975.53353309454, 'MSE - std': 0.0, 'R2 - mean': 0.9917616155598895, 'R2 - std': 0.0} 
 

{'MSE - mean': 32988722.013611972, 'MSE - std': 32819746.480078876, 'R2 - mean': 0.943179636239111, 'R2 - std': 0.04858197932077846} 
 

{'MSE - mean': 23097169.335953, 'MSE - std': 30228730.286945637, 'R2 - mean': 0.9184378932296097, 'R2 - std': 0.0528940466477982} 
 

{'MSE - mean': 45602694.70717591, 'MSE - std': 46955597.29973577, 'R2 - mean': 0.8933989293742362, 'R2 - std': 0.06308077568432945} 
 

{'MSE - mean': 45735683.01818365, 'MSE - std': 41999205.204187155, 'R2 - mean': 0.7737059287617168, 'R2 - std': 0.24594512597582316} 
 

Finished cross validation
Hyperparam was saved!!! Hurrah!!!
Trial 178 finished with value: 45735683.01818365 and parameters: {'max_depth': 11, 'n_estimators': 9}. Best is trial 134 with value: 13370087.96712083.
{'MSE - mean': 125325.77279161302, 'MSE - std': 0.0, 'R2 - mean': 0.9938897550732749, 'R2 - std': 0.0} 
 

{'MSE - mean': 136367279.69052994, 'MSE - std': 136241953.91773832, 'R2 - mean': 0.7786321540703268, 'R2 - std': 0.2152576010029481} 
 

{'MSE - mean': 92038730.78989977, 'MSE - std': 127689547.34101461, 'R2 - mean': 0.8078489612664894, 'R2 - std': 0.18054860888923627} 
 

{'MSE - mean': 89752031.40064245, 'MSE - std': 110653297.99606244, 'R2 - mean': 0.8225967406487227, 'R2 - std': 0.1584324497033353} 
 

{'MSE - mean': 81074951.05073294, 'MSE - std': 100481285.71788609, 'R2 - mean': 0.7167624684844516, 'R2 - std': 0.2547238613741632} 
 

Finished cross validation
Hyperparam was saved!!! Hurrah!!!
Trial 179 finished with value: 81074951.05073294 and parameters: {'max_depth': 12, 'n_estimators': 10}. Best is trial 134 with value: 13370087.96712083.
{'MSE - mean': 159326.39373541676, 'MSE - std': 0.0, 'R2 - mean': 0.992232058360143, 'R2 - std': 0.0} 
 

{'MSE - mean': 14792230.36296694, 'MSE - std': 14632903.969231524, 'R2 - mean': 0.9725515991371214, 'R2 - std': 0.01968045922302164} 
 

{'MSE - mean': 10974493.557821767, 'MSE - std': 13110993.390099062, 'R2 - mean': 0.9376902633512678, 'R2 - std': 0.05185401735353546} 
 

{'MSE - mean': 24685961.246184573, 'MSE - std': 26323689.88693393, 'R2 - mean': 0.9268337787245049, 'R2 - std': 0.0486848961396549} 
 

{'MSE - mean': 29016838.494226355, 'MSE - std': 25087353.59421551, 'R2 - mean': 0.8002322009955434, 'R2 - std': 0.25692024681513975} 
 

Finished cross validation
Hyperparam was saved!!! Hurrah!!!
Trial 180 finished with value: 29016838.494226355 and parameters: {'max_depth': 12, 'n_estimators': 9}. Best is trial 134 with value: 13370087.96712083.
{'MSE - mean': 190028.568103382, 'MSE - std': 0.0, 'R2 - mean': 0.9907351770643602, 'R2 - std': 0.0} 
 

{'MSE - mean': 20139165.173178993, 'MSE - std': 19949136.605075613, 'R2 - mean': 0.9632638104447284, 'R2 - std': 0.027471366619631732} 
 

{'MSE - mean': 14557742.778219841, 'MSE - std': 18100181.935380694, 'R2 - mean': 0.9307618894766181, 'R2 - std': 0.051145547761931885} 
 

{'MSE - mean': 45249459.292122304, 'MSE - std': 55422529.96101559, 'R2 - mean': 0.8929208934720982, 'R2 - std': 0.07910577240469445} 
 

{'MSE - mean': 45429655.44489656, 'MSE - std': 49572727.82929779, 'R2 - mean': 0.7736806873771904, 'R2 - std': 0.24875507146673215} 
 

Finished cross validation
Hyperparam was saved!!! Hurrah!!!
Trial 181 finished with value: 45429655.44489656 and parameters: {'max_depth': 11, 'n_estimators': 8}. Best is trial 134 with value: 13370087.96712083.
{'MSE - mean': 140775.14250275004, 'MSE - std': 0.0, 'R2 - mean': 0.9931365226710656, 'R2 - std': 0.0} 
 

{'MSE - mean': 13754526.215287114, 'MSE - std': 13613751.072784364, 'R2 - mean': 0.9746510171092211, 'R2 - std': 0.018485505561844418} 
 

{'MSE - mean': 10294960.090279594, 'MSE - std': 12144683.654220503, 'R2 - mean': 0.9386047195289245, 'R2 - std': 0.05316465381948708} 
 

{'MSE - mean': 58037054.34666532, 'MSE - std': 83357919.2263859, 'R2 - mean': 0.8731247754157315, 'R2 - std': 0.1224039605364551} 
 

{'MSE - mean': 55673591.57906258, 'MSE - std': 74707281.99591736, 'R2 - mean': 0.7576325809402696, 'R2 - std': 0.2556168452646259} 
 

Finished cross validation
Hyperparam was saved!!! Hurrah!!!
Trial 182 finished with value: 55673591.57906258 and parameters: {'max_depth': 12, 'n_estimators': 10}. Best is trial 134 with value: 13370087.96712083.
{'MSE - mean': 166032.6387511284, 'MSE - std': 0.0, 'R2 - mean': 0.9919050960867664, 'R2 - std': 0.0} 
 

{'MSE - mean': 94531680.34628208, 'MSE - std': 94365647.70753096, 'R2 - mean': 0.8446785446022677, 'R2 - std': 0.1472265514844987} 
 

{'MSE - mean': 64103906.52346433, 'MSE - std': 88251246.36211285, 'R2 - mean': 0.853636541645182, 'R2 - std': 0.12087567881941162} 
 

{'MSE - mean': 93238016.56681417, 'MSE - std': 91583846.65105416, 'R2 - mean': 0.8176809792343307, 'R2 - std': 0.12180560209769514} 
 

{'MSE - mean': 83872557.06062566, 'MSE - std': 84029328.81423765, 'R2 - mean': 0.7126954849524839, 'R2 - std': 0.23655253074173685} 
 

Finished cross validation
Hyperparam was saved!!! Hurrah!!!
Trial 183 finished with value: 83872557.06062566 and parameters: {'max_depth': 11, 'n_estimators': 5}. Best is trial 134 with value: 13370087.96712083.
{'MSE - mean': 169168.45304316276, 'MSE - std': 0.0, 'R2 - mean': 0.9917522097893812, 'R2 - std': 0.0} 
 

{'MSE - mean': 88175495.19967271, 'MSE - std': 88006326.74662955, 'R2 - mean': 0.8547850168737187, 'R2 - std': 0.1369671929156625} 
 

{'MSE - mean': 59909000.547504164, 'MSE - std': 82227723.25356676, 'R2 - mean': 0.858691635316594, 'R2 - std': 0.11196962962687977} 
 

{'MSE - mean': 52845198.05520697, 'MSE - std': 72254693.76137044, 'R2 - mean': 0.8813063427401835, 'R2 - std': 0.10458094207191451} 
 

{'MSE - mean': 51544130.90758511, 'MSE - std': 64678927.938935585, 'R2 - mean': 0.7638117308935697, 'R2 - std': 0.25292226870654366} 
 

Finished cross validation
Hyperparam was saved!!! Hurrah!!!
Trial 184 finished with value: 51544130.90758511 and parameters: {'max_depth': 12, 'n_estimators': 9}. Best is trial 134 with value: 13370087.96712083.
{'MSE - mean': 111906.15361163628, 'MSE - std': 0.0, 'R2 - mean': 0.9945440272009193, 'R2 - std': 0.0} 
 

{'MSE - mean': 30209843.43010396, 'MSE - std': 30097937.276492324, 'R2 - mean': 0.9489759391131767, 'R2 - std': 0.045568088087742646} 
 

{'MSE - mean': 21256141.088884555, 'MSE - std': 27645279.104458805, 'R2 - mean': 0.9218450864075042, 'R2 - std': 0.05344592380829395} 
 

{'MSE - mean': 68542252.17095001, 'MSE - std': 85329508.35654022, 'R2 - mean': 0.8568854677323504, 'R2 - std': 0.1216618520903559} 
 

{'MSE - mean': 64064624.13892267, 'MSE - std': 76844626.41114135, 'R2 - mean': 0.744841155503638, 'R2 - std': 0.24911241762398206} 
 

Finished cross validation
Hyperparam was saved!!! Hurrah!!!
Trial 185 finished with value: 64064624.13892267 and parameters: {'max_depth': 11, 'n_estimators': 10}. Best is trial 134 with value: 13370087.96712083.
{'MSE - mean': 158755.5042902785, 'MSE - std': 0.0, 'R2 - mean': 0.9922598920152499, 'R2 - std': 0.0} 
 

{'MSE - mean': 43035821.84190361, 'MSE - std': 42877066.33761334, 'R2 - mean': 0.9273286205680082, 'R2 - std': 0.06493127144724165} 
 

{'MSE - mean': 29809803.827117193, 'MSE - std': 39692362.61803572, 'R2 - mean': 0.9072945001603974, 'R2 - std': 0.060111939763940046} 
 

{'MSE - mean': 30620484.60209422, 'MSE - std': 34403260.71185668, 'R2 - mean': 0.9171967490697863, 'R2 - std': 0.054811016931162256} 
 

{'MSE - mean': 33741483.272523805, 'MSE - std': 31397930.009630863, 'R2 - mean': 0.7928726734364455, 'R2 - std': 0.2534350038766571} 
 

Finished cross validation
Hyperparam was saved!!! Hurrah!!!
Trial 186 finished with value: 33741483.272523805 and parameters: {'max_depth': 12, 'n_estimators': 8}. Best is trial 134 with value: 13370087.96712083.
{'MSE - mean': 207126.58589286887, 'MSE - std': 0.0, 'R2 - mean': 0.9899015649977586, 'R2 - std': 0.0} 
 

{'MSE - mean': 54556287.60645582, 'MSE - std': 54349161.02056295, 'R2 - mean': 0.9077364032374289, 'R2 - std': 0.08216516176032973} 
 

{'MSE - mean': 37506576.47661287, 'MSE - std': 50503526.295842946, 'R2 - mean': 0.8935820716624909, 'R2 - std': 0.07001023312869342} 
 

{'MSE - mean': 38451333.76910491, 'MSE - std': 43767937.183071874, 'R2 - mean': 0.9036059656836803, 'R2 - std': 0.06306750281321284} 
 

{'MSE - mean': 40034061.769424126, 'MSE - std': 39275004.41630833, 'R2 - mean': 0.7815748952586196, 'R2 - std': 0.25049618065994594} 
 

Finished cross validation
Hyperparam was saved!!! Hurrah!!!
Trial 187 finished with value: 40034061.769424126 and parameters: {'max_depth': 10, 'n_estimators': 7}. Best is trial 134 with value: 13370087.96712083.
{'MSE - mean': 155302.19230917504, 'MSE - std': 0.0, 'R2 - mean': 0.9924282578792132, 'R2 - std': 0.0} 
 

{'MSE - mean': 10564066.939758949, 'MSE - std': 10408764.747449774, 'R2 - mean': 0.9794185276174061, 'R2 - std': 0.013009730261807018} 
 

{'MSE - mean': 8190760.634630228, 'MSE - std': 9137473.466323331, 'R2 - mean': 0.940882548282517, 'R2 - std': 0.055523677780336685} 
 

{'MSE - mean': 42546734.22959915, 'MSE - std': 60030149.35001767, 'R2 - mean': 0.8971820470329139, 'R2 - std': 0.08967363338289966} 
 

{'MSE - mean': 42845270.502396174, 'MSE - std': 53695917.53953966, 'R2 - mean': 0.7835235318583882, 'R2 - std': 0.24105211201311663} 
 

Finished cross validation
Hyperparam was saved!!! Hurrah!!!
Trial 188 finished with value: 42845270.502396174 and parameters: {'max_depth': 11, 'n_estimators': 12}. Best is trial 134 with value: 13370087.96712083.
{'MSE - mean': 350940.7323204472, 'MSE - std': 0.0, 'R2 - mean': 0.9828899213507528, 'R2 - std': 0.0} 
 

{'MSE - mean': 38124190.599083126, 'MSE - std': 37773249.866762675, 'R2 - mean': 0.93066427209448, 'R2 - std': 0.052225649256272766} 
 

{'MSE - mean': 26598054.392769545, 'MSE - std': 34884321.72229014, 'R2 - mean': 0.9070400990308989, 'R2 - std': 0.054171475267913924} 
 

{'MSE - mean': 51224167.937209696, 'MSE - std': 52268760.56909288, 'R2 - mean': 0.8800380316097849, 'R2 - std': 0.06624384110670084} 
 

{'MSE - mean': 50276122.16346994, 'MSE - std': 46789035.34269273, 'R2 - mean': 0.7623579688741869, 'R2 - std': 0.24270349369029065} 
 

Finished cross validation
Hyperparam was saved!!! Hurrah!!!
Trial 189 finished with value: 50276122.16346994 and parameters: {'max_depth': 8, 'n_estimators': 13}. Best is trial 134 with value: 13370087.96712083.
{'MSE - mean': 145999.4839868096, 'MSE - std': 0.0, 'R2 - mean': 0.9928818104491707, 'R2 - std': 0.0} 
 

{'MSE - mean': 102883353.30937102, 'MSE - std': 102737353.82538421, 'R2 - mean': 0.8317743751093135, 'R2 - std': 0.16110743533985716} 
 

{'MSE - mean': 69654276.43900366, 'MSE - std': 96150848.5662418, 'R2 - mean': 0.8457222742504751, 'R2 - std': 0.13301437865419488} 
 

{'MSE - mean': 57823603.1799917, 'MSE - std': 85753330.83496392, 'R2 - mean': 0.8753231855607015, 'R2 - std': 0.1260883045637415} 
 

{'MSE - mean': 55489172.64876242, 'MSE - std': 76842080.0281536, 'R2 - mean': 0.7595994413722634, 'R2 - std': 0.25746174145719464} 
 

Finished cross validation
Hyperparam was saved!!! Hurrah!!!
Trial 190 finished with value: 55489172.64876242 and parameters: {'max_depth': 12, 'n_estimators': 5}. Best is trial 134 with value: 13370087.96712083.
{'MSE - mean': 162239.75445006805, 'MSE - std': 0.0, 'R2 - mean': 0.9920900177636249, 'R2 - std': 0.0} 
 

{'MSE - mean': 21594057.00535291, 'MSE - std': 21431817.250902843, 'R2 - mean': 0.9615887446383943, 'R2 - std': 0.030501273125230655} 
 

{'MSE - mean': 15530655.437614888, 'MSE - std': 19487043.66822634, 'R2 - mean': 0.9295271543252054, 'R2 - std': 0.051731127847053} 
 

{'MSE - mean': 34826915.64660732, 'MSE - std': 37441228.97762511, 'R2 - mean': 0.9099100934782238, 'R2 - std': 0.05622783492247093} 
 

{'MSE - mean': 37082712.44077307, 'MSE - std': 33790989.60655395, 'R2 - mean': 0.7874077964917108, 'R2 - std': 0.2501129876754549} 
 

Finished cross validation
Hyperparam was saved!!! Hurrah!!!
Trial 191 finished with value: 37082712.44077307 and parameters: {'max_depth': 10, 'n_estimators': 74}. Best is trial 134 with value: 13370087.96712083.
{'MSE - mean': 193711.61933454772, 'MSE - std': 0.0, 'R2 - mean': 0.9905556102873213, 'R2 - std': 0.0} 
 

{'MSE - mean': 50861927.10622645, 'MSE - std': 50668215.4868919, 'R2 - mean': 0.9139697670774318, 'R2 - std': 0.07658584320988943} 
 

{'MSE - mean': 35069067.45951705, 'MSE - std': 47014262.43235911, 'R2 - mean': 0.8967333538050662, 'R2 - std': 0.06711519056893707} 
 

{'MSE - mean': 47344206.79068205, 'MSE - std': 45932480.782585554, 'R2 - mean': 0.8887469051868764, 'R2 - std': 0.059746855050467} 
 

{'MSE - mean': 47086461.58626278, 'MSE - std': 41086493.68144813, 'R2 - mean': 0.7706309110236194, 'R2 - std': 0.2422009530522857} 
 

Finished cross validation
Hyperparam was saved!!! Hurrah!!!
Trial 192 finished with value: 47086461.58626278 and parameters: {'max_depth': 9, 'n_estimators': 38}. Best is trial 134 with value: 13370087.96712083.
{'MSE - mean': 164739.0993523105, 'MSE - std': 0.0, 'R2 - mean': 0.9919681624646797, 'R2 - std': 0.0} 
 

{'MSE - mean': 40868994.9491024, 'MSE - std': 40704255.849750094, 'R2 - mean': 0.9306580528062882, 'R2 - std': 0.06131010965839151} 
 

{'MSE - mean': 28387789.727520365, 'MSE - std': 37631351.25248321, 'R2 - mean': 0.9086229512325786, 'R2 - std': 0.05896646872257201} 
 

{'MSE - mean': 31595738.934165336, 'MSE - std': 33059972.204360206, 'R2 - mean': 0.9149131390906582, 'R2 - std': 0.052215732447963854} 
 

{'MSE - mean': 34539176.71665817, 'MSE - std': 30150036.710426755, 'R2 - mean': 0.7907792581037856, 'R2 - std': 0.25262238184197794} 
 

Finished cross validation
Hyperparam was saved!!! Hurrah!!!
Trial 193 finished with value: 34539176.71665817 and parameters: {'max_depth': 10, 'n_estimators': 22}. Best is trial 134 with value: 13370087.96712083.
{'MSE - mean': 217337.86451233667, 'MSE - std': 0.0, 'R2 - mean': 0.9894037151781231, 'R2 - std': 0.0} 
 

{'MSE - mean': 70696568.30595757, 'MSE - std': 70479230.44144523, 'R2 - mean': 0.8816445238218369, 'R2 - std': 0.10775919135628614} 
 

{'MSE - mean': 48291999.21938235, 'MSE - std': 65692293.1628143, 'R2 - mean': 0.8751896122421186, 'R2 - std': 0.0884573003290915} 
 

{'MSE - mean': 47588543.23722268, 'MSE - std': 56904240.498387836, 'R2 - mean': 0.8881278558179435, 'R2 - std': 0.07981675843214536} 
 

{'MSE - mean': 47165408.44387098, 'MSE - std': 50903735.045397885, 'R2 - mean': 0.7719113386454971, 'R2 - std': 0.2431495165449985} 
 

Finished cross validation
Hyperparam was saved!!! Hurrah!!!
Trial 194 finished with value: 47165408.44387098 and parameters: {'max_depth': 9, 'n_estimators': 30}. Best is trial 134 with value: 13370087.96712083.
{'MSE - mean': 149345.01686572583, 'MSE - std': 0.0, 'R2 - mean': 0.9927186993440463, 'R2 - std': 0.0} 
 

{'MSE - mean': 37023798.066541836, 'MSE - std': 36874453.04967611, 'R2 - mean': 0.9371796650845179, 'R2 - std': 0.0555390342595285} 
 

{'MSE - mean': 25819550.20837913, 'MSE - std': 34022843.28618248, 'R2 - mean': 0.9131595043243236, 'R2 - std': 0.05665973699972967} 
 

{'MSE - mean': 44853641.37190184, 'MSE - std': 44216007.036151275, 'R2 - mean': 0.8939234195473782, 'R2 - std': 0.05931125711276397} 
 

{'MSE - mean': 45128003.8099138, 'MSE - std': 39551805.54116779, 'R2 - mean': 0.774254084160633, 'R2 - std': 0.2451474240204418} 
 

Finished cross validation
Hyperparam was saved!!! Hurrah!!!
Trial 195 finished with value: 45128003.8099138 and parameters: {'max_depth': 12, 'n_estimators': 14}. Best is trial 134 with value: 13370087.96712083.
{'MSE - mean': 151143.16002494688, 'MSE - std': 0.0, 'R2 - mean': 0.9926310310626433, 'R2 - std': 0.0} 
 

{'MSE - mean': 76302798.25499626, 'MSE - std': 76151655.09497131, 'R2 - mean': 0.8742259352377011, 'R2 - std': 0.11840509582494219} 
 

{'MSE - mean': 51989020.51295783, 'MSE - std': 71051877.46978119, 'R2 - mean': 0.8718439776410157, 'R2 - std': 0.09673602528975771} 
 

{'MSE - mean': 65974862.47645976, 'MSE - std': 66129330.06820615, 'R2 - mean': 0.8605365809638771, 'R2 - std': 0.08603467673262902} 
 

{'MSE - mean': 61858766.443150595, 'MSE - std': 59718000.824186146, 'R2 - mean': 0.750077529137277, 'R2 - std': 0.2339367029820597} 
 

Finished cross validation
Hyperparam was saved!!! Hurrah!!!
Trial 196 finished with value: 61858766.443150595 and parameters: {'max_depth': 11, 'n_estimators': 35}. Best is trial 134 with value: 13370087.96712083.
{'MSE - mean': 197280.1279648834, 'MSE - std': 0.0, 'R2 - mean': 0.9903816280227895, 'R2 - std': 0.0} 
 

{'MSE - mean': 87321375.18577872, 'MSE - std': 87124095.05781384, 'R2 - mean': 0.8554902426068138, 'R2 - std': 0.13489138541597562} 
 

{'MSE - mean': 59361740.106321014, 'MSE - std': 81387269.7702055, 'R2 - mean': 0.8582858099295972, 'R2 - std': 0.1102092901389894} 
 

{'MSE - mean': 73697099.71352641, 'MSE - std': 74728999.49611156, 'R2 - mean': 0.8468455444880228, 'R2 - std': 0.09747925289427495} 
 

{'MSE - mean': 68254919.21866614, 'MSE - std': 67720070.9295732, 'R2 - mean': 0.7357970967868922, 'R2 - std': 0.2385975581249394} 
 

Finished cross validation
Hyperparam was saved!!! Hurrah!!!
Trial 197 finished with value: 68254919.21866614 and parameters: {'max_depth': 9, 'n_estimators': 11}. Best is trial 134 with value: 13370087.96712083.
{'MSE - mean': 137866.4647607387, 'MSE - std': 0.0, 'R2 - mean': 0.9932783349497432, 'R2 - std': 0.0} 
 

{'MSE - mean': 73726446.62339993, 'MSE - std': 73588580.1586392, 'R2 - mean': 0.8786653766438774, 'R2 - std': 0.11461295830586571} 
 

{'MSE - mean': 50267758.08927143, 'MSE - std': 68635313.22862996, 'R2 - mean': 0.8749497008334943, 'R2 - std': 0.09372850491999295} 
 

{'MSE - mean': 44739095.7165234, 'MSE - std': 60206336.78766405, 'R2 - mean': 0.8949057902519331, 'R2 - std': 0.08822420864214668} 
 

{'MSE - mean': 45054040.37104888, 'MSE - std': 53853868.496639684, 'R2 - mean': 0.7747706630334186, 'R2 - std': 0.2528964293137826} 
 

Finished cross validation
Hyperparam was saved!!! Hurrah!!!
