[I 2025-01-27 13:19:47,052] Trial 121 finished with value: 1606285.2844734034 and parameters: {'max_depth': 12, 'n_estimators': 70}. Best is trial 41 with value: 1586426.604695057.
[I 2025-01-27 13:19:50,586] Trial 122 finished with value: 1612030.9259523745 and parameters: {'max_depth': 12, 'n_estimators': 83}. Best is trial 41 with value: 1586426.604695057.
[I 2025-01-27 13:19:53,323] Trial 123 finished with value: 1655314.9591421646 and parameters: {'max_depth': 11, 'n_estimators': 64}. Best is trial 41 with value: 1586426.604695057.
[I 2025-01-27 13:19:56,728] Trial 124 finished with value: 1658955.8255533553 and parameters: {'max_depth': 12, 'n_estimators': 79}. Best is trial 41 with value: 1586426.604695057.
[I 2025-01-27 13:20:00,969] Trial 125 finished with value: 1604075.2328712393 and parameters: {'max_depth': 12, 'n_estimators': 95}. Best is trial 41 with value: 1586426.604695057.
[I 2025-01-27 13:20:04,712] Trial 126 finished with value: 1636667.281189734 and parameters: {'max_depth': 11, 'n_estimators': 94}. Best is trial 41 with value: 1586426.604695057.
[I 2025-01-27 13:20:08,424] Trial 127 finished with value: 1625002.532625061 and parameters: {'max_depth': 12, 'n_estimators': 89}. Best is trial 41 with value: 1586426.604695057.
[I 2025-01-27 13:20:12,062] Trial 128 finished with value: 1687941.0399180304 and parameters: {'max_depth': 10, 'n_estimators': 97}. Best is trial 41 with value: 1586426.604695057.
[I 2025-01-27 13:20:15,891] Trial 129 finished with value: 1602068.48419898 and parameters: {'max_depth': 12, 'n_estimators': 85}. Best is trial 41 with value: 1586426.604695057.
[I 2025-01-27 13:20:19,229] Trial 130 finished with value: 1651684.584981348 and parameters: {'max_depth': 11, 'n_estimators': 84}. Best is trial 41 with value: 1586426.604695057.
[I 2025-01-27 13:20:22,590] Trial 131 finished with value: 1638721.7480756883 and parameters: {'max_depth': 12, 'n_estimators': 76}. Best is trial 41 with value: 1586426.604695057.
[I 2025-01-27 13:20:25,949] Trial 132 finished with value: 1619829.6247226563 and parameters: {'max_depth': 11, 'n_estimators': 79}. Best is trial 41 with value: 1586426.604695057.
[I 2025-01-27 13:20:29,825] Trial 133 finished with value: 1596741.43434881 and parameters: {'max_depth': 12, 'n_estimators': 92}. Best is trial 41 with value: 1586426.604695057.
[I 2025-01-27 13:20:33,606] Trial 134 finished with value: 1622121.8059059612 and parameters: {'max_depth': 12, 'n_estimators': 89}. Best is trial 41 with value: 1586426.604695057.
[I 2025-01-27 13:20:35,433] Trial 135 finished with value: 3052804.2448404506 and parameters: {'max_depth': 3, 'n_estimators': 100}. Best is trial 41 with value: 1586426.604695057.
[I 2025-01-27 13:20:39,492] Trial 136 finished with value: 1614460.4358461234 and parameters: {'max_depth': 11, 'n_estimators': 93}. Best is trial 41 with value: 1586426.604695057.
[I 2025-01-27 13:20:43,220] Trial 137 finished with value: 1618807.8890093963 and parameters: {'max_depth': 12, 'n_estimators': 84}. Best is trial 41 with value: 1586426.604695057.
[I 2025-01-27 13:20:46,979] Trial 138 finished with value: 1598613.481289538 and parameters: {'max_depth': 12, 'n_estimators': 89}. Best is trial 41 with value: 1586426.604695057.
[I 2025-01-27 13:20:50,135] Trial 139 finished with value: 1624739.7699083698 and parameters: {'max_depth': 11, 'n_estimators': 78}. Best is trial 41 with value: 1586426.604695057.
[I 2025-01-27 13:20:50,879] Trial 140 finished with value: 1934477.6644934504 and parameters: {'max_depth': 10, 'n_estimators': 6}. Best is trial 41 with value: 1586426.604695057.
[I 2025-01-27 13:20:54,991] Trial 141 finished with value: 1598501.619765833 and parameters: {'max_depth': 12, 'n_estimators': 91}. Best is trial 41 with value: 1586426.604695057.
[I 2025-01-27 13:20:58,792] Trial 142 finished with value: 1619273.2839242078 and parameters: {'max_depth': 12, 'n_estimators': 90}. Best is trial 41 with value: 1586426.604695057.
[I 2025-01-27 13:21:02,387] Trial 143 finished with value: 1591902.3729258215 and parameters: {'max_depth': 12, 'n_estimators': 84}. Best is trial 41 with value: 1586426.604695057.
[I 2025-01-27 13:21:05,835] Trial 144 finished with value: 1642230.5307017344 and parameters: {'max_depth': 11, 'n_estimators': 81}. Best is trial 41 with value: 1586426.604695057.
[I 2025-01-27 13:21:09,308] Trial 145 finished with value: 1604878.8816809037 and parameters: {'max_depth': 12, 'n_estimators': 75}. Best is trial 41 with value: 1586426.604695057.
[I 2025-01-27 13:21:13,520] Trial 146 finished with value: 1648418.457270793 and parameters: {'max_depth': 11, 'n_estimators': 90}. Best is trial 41 with value: 1586426.604695057.
[I 2025-01-27 13:21:16,351] Trial 147 finished with value: 1642228.4822729393 and parameters: {'max_depth': 11, 'n_estimators': 68}. Best is trial 41 with value: 1586426.604695057.
[I 2025-01-27 13:21:19,973] Trial 148 finished with value: 1592276.6284062066 and parameters: {'max_depth': 12, 'n_estimators': 85}. Best is trial 41 with value: 1586426.604695057.
[I 2025-01-27 13:21:21,733] Trial 149 finished with value: 1639287.5199365749 and parameters: {'max_depth': 12, 'n_estimators': 30}. Best is trial 41 with value: 1586426.604695057.
[I 2025-01-27 13:21:25,704] Trial 150 finished with value: 1628428.608781981 and parameters: {'max_depth': 11, 'n_estimators': 99}. Best is trial 41 with value: 1586426.604695057.
[I 2025-01-27 13:21:29,414] Trial 151 finished with value: 1591957.5373339774 and parameters: {'max_depth': 12, 'n_estimators': 82}. Best is trial 41 with value: 1586426.604695057.
[I 2025-01-27 13:21:32,375] Trial 152 finished with value: 1984599.8954261076 and parameters: {'max_depth': 7, 'n_estimators': 86}. Best is trial 41 with value: 1586426.604695057.
[I 2025-01-27 13:21:36,322] Trial 153 finished with value: 1604584.8200083352 and parameters: {'max_depth': 12, 'n_estimators': 92}. Best is trial 41 with value: 1586426.604695057.
[I 2025-01-27 13:21:39,774] Trial 154 finished with value: 1601501.3668708063 and parameters: {'max_depth': 12, 'n_estimators': 83}. Best is trial 41 with value: 1586426.604695057.
[I 2025-01-27 13:21:42,842] Trial 155 finished with value: 1649097.8059548172 and parameters: {'max_depth': 11, 'n_estimators': 72}. Best is trial 41 with value: 1586426.604695057.
[I 2025-01-27 13:21:46,905] Trial 156 finished with value: 1602948.7387604173 and parameters: {'max_depth': 12, 'n_estimators': 89}. Best is trial 41 with value: 1586426.604695057.
[I 2025-01-27 13:21:50,129] Trial 157 finished with value: 1704474.1971464243 and parameters: {'max_depth': 10, 'n_estimators': 82}. Best is trial 41 with value: 1586426.604695057.
[I 2025-01-27 13:21:53,501] Trial 158 finished with value: 1618833.4298709838 and parameters: {'max_depth': 12, 'n_estimators': 75}. Best is trial 41 with value: 1586426.604695057.
[I 2025-01-27 13:21:57,358] Trial 159 finished with value: 1632366.845530425 and parameters: {'max_depth': 11, 'n_estimators': 96}. Best is trial 41 with value: 1586426.604695057.
[I 2025-01-27 13:21:58,217] Trial 160 finished with value: 1818409.7301335137 and parameters: {'max_depth': 11, 'n_estimators': 7}. Best is trial 41 with value: 1586426.604695057.
[I 2025-01-27 13:22:01,517] Trial 161 finished with value: 1604947.9241445377 and parameters: {'max_depth': 12, 'n_estimators': 78}. Best is trial 41 with value: 1586426.604695057.
[I 2025-01-27 13:22:04,567] Trial 162 finished with value: 1609151.309023655 and parameters: {'max_depth': 12, 'n_estimators': 70}. Best is trial 41 with value: 1586426.604695057.
[I 2025-01-27 13:22:08,314] Trial 163 finished with value: 1605778.7260396709 and parameters: {'max_depth': 12, 'n_estimators': 86}. Best is trial 41 with value: 1586426.604695057.
[I 2025-01-27 13:22:11,690] Trial 164 finished with value: 1578412.5636674408 and parameters: {'max_depth': 12, 'n_estimators': 79}. Best is trial 164 with value: 1578412.5636674408.
[I 2025-01-27 13:22:15,509] Trial 165 finished with value: 1638906.9799159665 and parameters: {'max_depth': 12, 'n_estimators': 93}. Best is trial 164 with value: 1578412.5636674408.
[I 2025-01-27 13:22:18,847] Trial 166 finished with value: 1632334.161810069 and parameters: {'max_depth': 11, 'n_estimators': 82}. Best is trial 164 with value: 1578412.5636674408.
[I 2025-01-27 13:22:23,287] Trial 167 finished with value: 1614277.6078776806 and parameters: {'max_depth': 12, 'n_estimators': 100}. Best is trial 164 with value: 1578412.5636674408.
[I 2025-01-27 13:22:26,089] Trial 168 finished with value: 1630983.245178524 and parameters: {'max_depth': 11, 'n_estimators': 61}. Best is trial 164 with value: 1578412.5636674408.
[I 2025-01-27 13:22:29,490] Trial 169 finished with value: 1616559.2681686655 and parameters: {'max_depth': 12, 'n_estimators': 77}. Best is trial 164 with value: 1578412.5636674408.
[I 2025-01-27 13:22:32,470] Trial 170 finished with value: 1611408.5052712345 and parameters: {'max_depth': 11, 'n_estimators': 73}. Best is trial 164 with value: 1578412.5636674408.
[I 2025-01-27 13:22:36,202] Trial 171 finished with value: 1597918.229969044 and parameters: {'max_depth': 12, 'n_estimators': 80}. Best is trial 164 with value: 1578412.5636674408.
[I 2025-01-27 13:22:39,858] Trial 172 finished with value: 1596225.3938556253 and parameters: {'max_depth': 12, 'n_estimators': 86}. Best is trial 164 with value: 1578412.5636674408.
[I 2025-01-27 13:22:43,418] Trial 173 finished with value: 1601649.4933162802 and parameters: {'max_depth': 12, 'n_estimators': 86}. Best is trial 164 with value: 1578412.5636674408.
[I 2025-01-27 13:22:46,349] Trial 174 finished with value: 1590765.7940453645 and parameters: {'max_depth': 12, 'n_estimators': 67}. Best is trial 164 with value: 1578412.5636674408.
[I 2025-01-27 13:22:49,262] Trial 175 finished with value: 1630012.1708752925 and parameters: {'max_depth': 11, 'n_estimators': 68}. Best is trial 164 with value: 1578412.5636674408.
[I 2025-01-27 13:22:52,203] Trial 176 finished with value: 1587616.793528078 and parameters: {'max_depth': 12, 'n_estimators': 65}. Best is trial 164 with value: 1578412.5636674408.
[I 2025-01-27 13:22:54,835] Trial 177 finished with value: 1612182.9094503236 and parameters: {'max_depth': 12, 'n_estimators': 57}. Best is trial 164 with value: 1578412.5636674408.
[I 2025-01-27 13:22:57,650] Trial 178 finished with value: 1635326.425951554 and parameters: {'max_depth': 11, 'n_estimators': 66}. Best is trial 164 with value: 1578412.5636674408.
[I 2025-01-27 13:23:00,585] Trial 179 finished with value: 1615080.8219192808 and parameters: {'max_depth': 12, 'n_estimators': 65}. Best is trial 164 with value: 1578412.5636674408.
[I 2025-01-27 13:23:03,248] Trial 180 finished with value: 1637014.145380212 and parameters: {'max_depth': 11, 'n_estimators': 62}. Best is trial 164 with value: 1578412.5636674408.
[I 2025-01-27 13:23:06,580] Trial 181 finished with value: 1602198.8575316279 and parameters: {'max_depth': 12, 'n_estimators': 72}. Best is trial 164 with value: 1578412.5636674408.
[I 2025-01-27 13:23:10,278] Trial 182 finished with value: 1617648.5180679734 and parameters: {'max_depth': 12, 'n_estimators': 80}. Best is trial 164 with value: 1578412.5636674408.
[I 2025-01-27 13:23:14,117] Trial 183 finished with value: 1617114.021568937 and parameters: {'max_depth': 12, 'n_estimators': 75}. Best is trial 164 with value: 1578412.5636674408.
[I 2025-01-27 13:23:16,658] Trial 184 finished with value: 1656848.8858465918 and parameters: {'max_depth': 11, 'n_estimators': 53}. Best is trial 164 with value: 1578412.5636674408.
[I 2025-01-27 13:23:19,889] Trial 185 finished with value: 1626579.8104464482 and parameters: {'max_depth': 12, 'n_estimators': 69}. Best is trial 164 with value: 1578412.5636674408.
[I 2025-01-27 13:23:23,403] Trial 186 finished with value: 1634244.434040511 and parameters: {'max_depth': 12, 'n_estimators': 80}. Best is trial 164 with value: 1578412.5636674408.
[I 2025-01-27 13:23:26,920] Trial 187 finished with value: 1661422.9316816223 and parameters: {'max_depth': 11, 'n_estimators': 84}. Best is trial 164 with value: 1578412.5636674408.
[I 2025-01-27 13:23:30,965] Trial 188 finished with value: 1594174.2621076636 and parameters: {'max_depth': 12, 'n_estimators': 93}. Best is trial 164 with value: 1578412.5636674408.
[I 2025-01-27 13:23:33,496] Trial 189 finished with value: 1632458.9055952814 and parameters: {'max_depth': 11, 'n_estimators': 60}. Best is trial 164 with value: 1578412.5636674408.
[I 2025-01-27 13:23:36,549] Trial 190 finished with value: 1602849.7901103634 and parameters: {'max_depth': 12, 'n_estimators': 73}. Best is trial 164 with value: 1578412.5636674408.
[I 2025-01-27 13:23:40,532] Trial 191 finished with value: 1615206.634148692 and parameters: {'max_depth': 12, 'n_estimators': 95}. Best is trial 164 with value: 1578412.5636674408.
[I 2025-01-27 13:23:44,192] Trial 192 finished with value: 1598314.3038180366 and parameters: {'max_depth': 12, 'n_estimators': 91}. Best is trial 164 with value: 1578412.5636674408.
[I 2025-01-27 13:23:47,381] Trial 193 finished with value: 1615109.9117088749 and parameters: {'max_depth': 12, 'n_estimators': 78}. Best is trial 164 with value: 1578412.5636674408.
[I 2025-01-27 13:23:50,626] Trial 194 finished with value: 1647815.649234391 and parameters: {'max_depth': 11, 'n_estimators': 86}. Best is trial 164 with value: 1578412.5636674408.
[I 2025-01-27 13:23:54,404] Trial 195 finished with value: 1591356.6316381146 and parameters: {'max_depth': 12, 'n_estimators': 82}. Best is trial 164 with value: 1578412.5636674408.
[I 2025-01-27 13:23:57,918] Trial 196 finished with value: 1659936.2898901806 and parameters: {'max_depth': 11, 'n_estimators': 77}. Best is trial 164 with value: 1578412.5636674408.
[I 2025-01-27 13:24:01,078] Trial 197 finished with value: 1610431.1690657656 and parameters: {'max_depth': 12, 'n_estimators': 70}. Best is trial 164 with value: 1578412.5636674408.
[I 2025-01-27 13:24:04,868] Trial 198 finished with value: 1589207.4169993903 and parameters: {'max_depth': 12, 'n_estimators': 83}. Best is trial 164 with value: 1578412.5636674408.
[I 2025-01-27 13:24:08,498] Trial 199 finished with value: 1633472.0190015712 and parameters: {'max_depth': 11, 'n_estimators': 86}. Best is trial 164 with value: 1578412.5636674408.
