[I 2025-01-27 13:15:05,192] A new study created in RDB with name: RandomForest_SAT11
[I 2025-01-27 13:15:06,124] Trial 0 finished with value: 2516847.8630796447 and parameters: {'max_depth': 4, 'n_estimators': 27}. Best is trial 0 with value: 2516847.8630796447.
[I 2025-01-27 13:15:06,682] Trial 1 finished with value: 3734117.267668058 and parameters: {'max_depth': 2, 'n_estimators': 8}. Best is trial 0 with value: 2516847.8630796447.
[I 2025-01-27 13:15:08,143] Trial 2 finished with value: 3048918.2567759943 and parameters: {'max_depth': 3, 'n_estimators': 70}. Best is trial 0 with value: 2516847.8630796447.
[I 2025-01-27 13:15:09,048] Trial 3 finished with value: 1748598.2122951734 and parameters: {'max_depth': 11, 'n_estimators': 12}. Best is trial 3 with value: 1748598.2122951734.
[I 2025-01-27 13:15:10,155] Trial 4 finished with value: 3053207.090107137 and parameters: {'max_depth': 3, 'n_estimators': 51}. Best is trial 3 with value: 1748598.2122951734.
[I 2025-01-27 13:15:10,787] Trial 5 finished with value: 2007175.800846918 and parameters: {'max_depth': 8, 'n_estimators': 7}. Best is trial 3 with value: 1748598.2122951734.
[I 2025-01-27 13:15:11,347] Trial 6 finished with value: 2301736.883268515 and parameters: {'max_depth': 5, 'n_estimators': 5}. Best is trial 3 with value: 1748598.2122951734.
[I 2025-01-27 13:15:12,034] Trial 7 finished with value: 2005128.225098749 and parameters: {'max_depth': 8, 'n_estimators': 6}. Best is trial 3 with value: 1748598.2122951734.
[I 2025-01-27 13:15:12,731] Trial 8 finished with value: 2086632.8121661574 and parameters: {'max_depth': 8, 'n_estimators': 6}. Best is trial 3 with value: 1748598.2122951734.
[I 2025-01-27 13:15:14,108] Trial 9 finished with value: 3653886.2700651735 and parameters: {'max_depth': 2, 'n_estimators': 77}. Best is trial 3 with value: 1748598.2122951734.
[I 2025-01-27 13:15:15,066] Trial 10 finished with value: 1709919.1654024157 and parameters: {'max_depth': 11, 'n_estimators': 14}. Best is trial 10 with value: 1709919.1654024157.
[I 2025-01-27 13:15:16,060] Trial 11 finished with value: 1632640.4798322148 and parameters: {'max_depth': 12, 'n_estimators': 14}. Best is trial 11 with value: 1632640.4798322148.
[I 2025-01-27 13:15:17,210] Trial 12 finished with value: 1648525.0309874965 and parameters: {'max_depth': 12, 'n_estimators': 17}. Best is trial 11 with value: 1632640.4798322148.
[I 2025-01-27 13:15:18,221] Trial 13 finished with value: 2078592.1527061954 and parameters: {'max_depth': 6, 'n_estimators': 25}. Best is trial 11 with value: 1632640.4798322148.
[I 2025-01-27 13:15:19,278] Trial 14 finished with value: 1648984.8658868943 and parameters: {'max_depth': 12, 'n_estimators': 16}. Best is trial 11 with value: 1632640.4798322148.
[I 2025-01-27 13:15:20,754] Trial 15 finished with value: 1782884.3895445932 and parameters: {'max_depth': 9, 'n_estimators': 34}. Best is trial 11 with value: 1632640.4798322148.
[I 2025-01-27 13:15:21,550] Trial 16 finished with value: 2159494.752673027 and parameters: {'max_depth': 6, 'n_estimators': 10}. Best is trial 11 with value: 1632640.4798322148.
[I 2025-01-27 13:15:23,032] Trial 17 finished with value: 2157137.936578593 and parameters: {'max_depth': 6, 'n_estimators': 18}. Best is trial 11 with value: 1632640.4798322148.
[I 2025-01-27 13:15:24,223] Trial 18 finished with value: 1735018.1968918878 and parameters: {'max_depth': 10, 'n_estimators': 21}. Best is trial 11 with value: 1632640.4798322148.
[I 2025-01-27 13:15:25,306] Trial 19 finished with value: 2509303.2556735724 and parameters: {'max_depth': 4, 'n_estimators': 37}. Best is trial 11 with value: 1632640.4798322148.
[I 2025-01-27 13:15:26,090] Trial 20 finished with value: 2041729.1956364072 and parameters: {'max_depth': 7, 'n_estimators': 10}. Best is trial 11 with value: 1632640.4798322148.
[I 2025-01-27 13:15:27,179] Trial 21 finished with value: 1638916.8294588109 and parameters: {'max_depth': 12, 'n_estimators': 16}. Best is trial 11 with value: 1632640.4798322148.
[I 2025-01-27 13:15:28,181] Trial 22 finished with value: 1670542.442269307 and parameters: {'max_depth': 12, 'n_estimators': 13}. Best is trial 11 with value: 1632640.4798322148.
[I 2025-01-27 13:15:29,261] Trial 23 finished with value: 1832337.5340775154 and parameters: {'max_depth': 9, 'n_estimators': 20}. Best is trial 11 with value: 1632640.4798322148.
[I 2025-01-27 13:15:30,718] Trial 24 finished with value: 1753042.0042024632 and parameters: {'max_depth': 10, 'n_estimators': 31}. Best is trial 11 with value: 1632640.4798322148.
[I 2025-01-27 13:15:31,597] Trial 25 finished with value: 1722321.4294614461 and parameters: {'max_depth': 12, 'n_estimators': 10}. Best is trial 11 with value: 1632640.4798322148.
[I 2025-01-27 13:15:32,521] Trial 26 finished with value: 2019271.292876333 and parameters: {'max_depth': 7, 'n_estimators': 17}. Best is trial 11 with value: 1632640.4798322148.
[I 2025-01-27 13:15:34,435] Trial 27 finished with value: 1684823.9312793382 and parameters: {'max_depth': 10, 'n_estimators': 41}. Best is trial 11 with value: 1632640.4798322148.
[I 2025-01-27 13:15:35,663] Trial 28 finished with value: 1811674.3085389151 and parameters: {'max_depth': 9, 'n_estimators': 25}. Best is trial 11 with value: 1632640.4798322148.
[I 2025-01-27 13:15:36,489] Trial 29 finished with value: 3112867.4924393096 and parameters: {'max_depth': 3, 'n_estimators': 25}. Best is trial 11 with value: 1632640.4798322148.
[I 2025-01-27 13:15:37,296] Trial 30 finished with value: 2296074.862569094 and parameters: {'max_depth': 5, 'n_estimators': 15}. Best is trial 11 with value: 1632640.4798322148.
[I 2025-01-27 13:15:38,522] Trial 31 finished with value: 1657254.2809694284 and parameters: {'max_depth': 12, 'n_estimators': 17}. Best is trial 11 with value: 1632640.4798322148.
[I 2025-01-27 13:15:39,502] Trial 32 finished with value: 1671834.529642167 and parameters: {'max_depth': 12, 'n_estimators': 12}. Best is trial 11 with value: 1632640.4798322148.
[I 2025-01-27 13:15:40,258] Trial 33 finished with value: 1844644.3548515565 and parameters: {'max_depth': 10, 'n_estimators': 8}. Best is trial 11 with value: 1632640.4798322148.
[I 2025-01-27 13:15:41,282] Trial 34 finished with value: 1749861.2308266878 and parameters: {'max_depth': 11, 'n_estimators': 15}. Best is trial 11 with value: 1632640.4798322148.
[I 2025-01-27 13:15:42,376] Trial 35 finished with value: 2012267.7938601733 and parameters: {'max_depth': 7, 'n_estimators': 21}. Best is trial 11 with value: 1632640.4798322148.
[I 2025-01-27 13:15:43,243] Trial 36 finished with value: 1847565.461189593 and parameters: {'max_depth': 9, 'n_estimators': 11}. Best is trial 11 with value: 1632640.4798322148.
[I 2025-01-27 13:15:44,007] Trial 37 finished with value: 1771145.827379952 and parameters: {'max_depth': 11, 'n_estimators': 8}. Best is trial 11 with value: 1632640.4798322148.
[I 2025-01-27 13:15:44,965] Trial 38 finished with value: 3664832.213998656 and parameters: {'max_depth': 2, 'n_estimators': 48}. Best is trial 11 with value: 1632640.4798322148.
[I 2025-01-27 13:15:46,257] Trial 39 finished with value: 1878311.348296266 and parameters: {'max_depth': 8, 'n_estimators': 30}. Best is trial 11 with value: 1632640.4798322148.
[I 2025-01-27 13:15:47,419] Trial 40 finished with value: 1797881.863451621 and parameters: {'max_depth': 10, 'n_estimators': 18}. Best is trial 11 with value: 1632640.4798322148.
[I 2025-01-27 13:15:51,581] Trial 41 finished with value: 1586426.604695057 and parameters: {'max_depth': 12, 'n_estimators': 96}. Best is trial 41 with value: 1586426.604695057.
[I 2025-01-27 13:15:54,515] Trial 42 finished with value: 1641679.2854907578 and parameters: {'max_depth': 11, 'n_estimators': 69}. Best is trial 41 with value: 1586426.604695057.
[I 2025-01-27 13:15:58,424] Trial 43 finished with value: 1647360.0923084884 and parameters: {'max_depth': 11, 'n_estimators': 100}. Best is trial 41 with value: 1586426.604695057.
[I 2025-01-27 13:16:02,441] Trial 44 finished with value: 1660700.6654586573 and parameters: {'max_depth': 11, 'n_estimators': 100}. Best is trial 41 with value: 1586426.604695057.
[I 2025-01-27 13:16:05,094] Trial 45 finished with value: 1859301.9538603972 and parameters: {'max_depth': 8, 'n_estimators': 69}. Best is trial 41 with value: 1586426.604695057.
[I 2025-01-27 13:16:08,835] Trial 46 finished with value: 1766352.1184849446 and parameters: {'max_depth': 9, 'n_estimators': 100}. Best is trial 41 with value: 1586426.604695057.
[I 2025-01-27 13:16:11,844] Trial 47 finished with value: 1647027.1269544219 and parameters: {'max_depth': 11, 'n_estimators': 73}. Best is trial 41 with value: 1586426.604695057.
[I 2025-01-27 13:16:14,407] Trial 48 finished with value: 1719208.880688884 and parameters: {'max_depth': 10, 'n_estimators': 63}. Best is trial 41 with value: 1586426.604695057.
[I 2025-01-27 13:16:17,516] Trial 49 finished with value: 1659248.8243462734 and parameters: {'max_depth': 11, 'n_estimators': 77}. Best is trial 41 with value: 1586426.604695057.
[I 2025-01-27 13:16:19,157] Trial 50 finished with value: 2237251.0891187424 and parameters: {'max_depth': 5, 'n_estimators': 61}. Best is trial 41 with value: 1586426.604695057.
[I 2025-01-27 13:16:22,442] Trial 51 finished with value: 1634699.3707600874 and parameters: {'max_depth': 11, 'n_estimators': 81}. Best is trial 41 with value: 1586426.604695057.
[I 2025-01-27 13:16:25,485] Trial 52 finished with value: 1772439.4945834936 and parameters: {'max_depth': 9, 'n_estimators': 83}. Best is trial 41 with value: 1586426.604695057.
[I 2025-01-27 13:16:28,944] Trial 53 finished with value: 1634446.3190559626 and parameters: {'max_depth': 11, 'n_estimators': 86}. Best is trial 41 with value: 1586426.604695057.
[I 2025-01-27 13:16:32,638] Trial 54 finished with value: 1611652.2690764745 and parameters: {'max_depth': 12, 'n_estimators': 86}. Best is trial 41 with value: 1586426.604695057.
[I 2025-01-27 13:16:36,310] Trial 55 finished with value: 1600462.4974865206 and parameters: {'max_depth': 12, 'n_estimators': 87}. Best is trial 41 with value: 1586426.604695057.
[I 2025-01-27 13:16:39,644] Trial 56 finished with value: 1701783.7394227877 and parameters: {'max_depth': 10, 'n_estimators': 86}. Best is trial 41 with value: 1586426.604695057.
[I 2025-01-27 13:16:41,573] Trial 57 finished with value: 1854065.8959274446 and parameters: {'max_depth': 8, 'n_estimators': 52}. Best is trial 41 with value: 1586426.604695057.
[I 2025-01-27 13:16:45,125] Trial 58 finished with value: 1619904.3509320305 and parameters: {'max_depth': 12, 'n_estimators': 86}. Best is trial 41 with value: 1586426.604695057.
[I 2025-01-27 13:16:47,703] Trial 59 finished with value: 1623081.058269088 and parameters: {'max_depth': 12, 'n_estimators': 55}. Best is trial 41 with value: 1586426.604695057.
[I 2025-01-27 13:16:50,262] Trial 60 finished with value: 1592420.0999224784 and parameters: {'max_depth': 12, 'n_estimators': 56}. Best is trial 41 with value: 1586426.604695057.
[I 2025-01-27 13:16:52,933] Trial 61 finished with value: 1618803.5642518885 and parameters: {'max_depth': 12, 'n_estimators': 59}. Best is trial 41 with value: 1586426.604695057.
[I 2025-01-27 13:16:55,571] Trial 62 finished with value: 1615697.0540516581 and parameters: {'max_depth': 12, 'n_estimators': 59}. Best is trial 41 with value: 1586426.604695057.
[I 2025-01-27 13:16:56,896] Trial 63 finished with value: 3049806.4738125 and parameters: {'max_depth': 3, 'n_estimators': 48}. Best is trial 41 with value: 1586426.604695057.
[I 2025-01-27 13:16:59,610] Trial 64 finished with value: 1639888.5276254178 and parameters: {'max_depth': 12, 'n_estimators': 60}. Best is trial 41 with value: 1586426.604695057.
[I 2025-01-27 13:17:01,631] Trial 65 finished with value: 2507758.2091273777 and parameters: {'max_depth': 4, 'n_estimators': 89}. Best is trial 41 with value: 1586426.604695057.
[I 2025-01-27 13:17:03,495] Trial 66 finished with value: 1715361.701130546 and parameters: {'max_depth': 10, 'n_estimators': 43}. Best is trial 41 with value: 1586426.604695057.
[I 2025-01-27 13:17:06,444] Trial 67 finished with value: 1627352.5238903011 and parameters: {'max_depth': 12, 'n_estimators': 66}. Best is trial 41 with value: 1586426.604695057.
[I 2025-01-27 13:17:08,696] Trial 68 finished with value: 1698863.7890160338 and parameters: {'max_depth': 10, 'n_estimators': 57}. Best is trial 41 with value: 1586426.604695057.
[I 2025-01-27 13:17:11,798] Trial 69 finished with value: 1747636.7771382343 and parameters: {'max_depth': 9, 'n_estimators': 91}. Best is trial 41 with value: 1586426.604695057.
[I 2025-01-27 13:17:14,892] Trial 70 finished with value: 1614628.371291407 and parameters: {'max_depth': 12, 'n_estimators': 72}. Best is trial 41 with value: 1586426.604695057.
[I 2025-01-27 13:17:18,108] Trial 71 finished with value: 1608514.1443930822 and parameters: {'max_depth': 12, 'n_estimators': 75}. Best is trial 41 with value: 1586426.604695057.
[I 2025-01-27 13:17:21,257] Trial 72 finished with value: 1594718.7869140606 and parameters: {'max_depth': 12, 'n_estimators': 73}. Best is trial 41 with value: 1586426.604695057.
[I 2025-01-27 13:17:24,391] Trial 73 finished with value: 1654526.2649986395 and parameters: {'max_depth': 11, 'n_estimators': 76}. Best is trial 41 with value: 1586426.604695057.
[I 2025-01-27 13:17:27,104] Trial 74 finished with value: 1708858.6630361204 and parameters: {'max_depth': 10, 'n_estimators': 70}. Best is trial 41 with value: 1586426.604695057.
[I 2025-01-27 13:17:30,958] Trial 75 finished with value: 1611601.9333673292 and parameters: {'max_depth': 12, 'n_estimators': 92}. Best is trial 41 with value: 1586426.604695057.
[I 2025-01-27 13:17:34,218] Trial 76 finished with value: 1654473.5274154798 and parameters: {'max_depth': 11, 'n_estimators': 77}. Best is trial 41 with value: 1586426.604695057.
[I 2025-01-27 13:17:37,902] Trial 77 finished with value: 1688831.230292093 and parameters: {'max_depth': 10, 'n_estimators': 92}. Best is trial 41 with value: 1586426.604695057.
[I 2025-01-27 13:17:41,278] Trial 78 finished with value: 1765048.2806642286 and parameters: {'max_depth': 9, 'n_estimators': 94}. Best is trial 41 with value: 1586426.604695057.
[I 2025-01-27 13:17:44,173] Trial 79 finished with value: 1640909.397518813 and parameters: {'max_depth': 12, 'n_estimators': 66}. Best is trial 41 with value: 1586426.604695057.
[I 2025-01-27 13:17:47,647] Trial 80 finished with value: 1645484.0573617087 and parameters: {'max_depth': 11, 'n_estimators': 81}. Best is trial 41 with value: 1586426.604695057.
[I 2025-01-27 13:17:50,795] Trial 81 finished with value: 1617326.299550584 and parameters: {'max_depth': 12, 'n_estimators': 72}. Best is trial 41 with value: 1586426.604695057.
[I 2025-01-27 13:17:53,292] Trial 82 finished with value: 1595025.933757124 and parameters: {'max_depth': 12, 'n_estimators': 53}. Best is trial 41 with value: 1586426.604695057.
[I 2025-01-27 13:17:55,708] Trial 83 finished with value: 1647724.335041176 and parameters: {'max_depth': 11, 'n_estimators': 53}. Best is trial 41 with value: 1586426.604695057.
[I 2025-01-27 13:17:58,619] Trial 84 finished with value: 1605565.625391875 and parameters: {'max_depth': 12, 'n_estimators': 65}. Best is trial 41 with value: 1586426.604695057.
[I 2025-01-27 13:18:00,853] Trial 85 finished with value: 1643873.669512577 and parameters: {'max_depth': 11, 'n_estimators': 47}. Best is trial 41 with value: 1586426.604695057.
[I 2025-01-27 13:18:03,465] Trial 86 finished with value: 1696785.9912532617 and parameters: {'max_depth': 10, 'n_estimators': 64}. Best is trial 41 with value: 1586426.604695057.
[I 2025-01-27 13:18:05,353] Trial 87 finished with value: 1634235.8789466938 and parameters: {'max_depth': 12, 'n_estimators': 37}. Best is trial 41 with value: 1586426.604695057.
[I 2025-01-27 13:18:09,039] Trial 88 finished with value: 1640546.6686194919 and parameters: {'max_depth': 11, 'n_estimators': 94}. Best is trial 41 with value: 1586426.604695057.
[I 2025-01-27 13:18:11,981] Trial 89 finished with value: 1694199.727177871 and parameters: {'max_depth': 10, 'n_estimators': 79}. Best is trial 41 with value: 1586426.604695057.
[I 2025-01-27 13:18:14,948] Trial 90 finished with value: 1617255.7995087248 and parameters: {'max_depth': 12, 'n_estimators': 66}. Best is trial 41 with value: 1586426.604695057.
[I 2025-01-27 13:18:18,606] Trial 91 finished with value: 1597312.908734355 and parameters: {'max_depth': 12, 'n_estimators': 74}. Best is trial 41 with value: 1586426.604695057.
[I 2025-01-27 13:18:21,962] Trial 92 finished with value: 1681010.1218674784 and parameters: {'max_depth': 11, 'n_estimators': 75}. Best is trial 41 with value: 1586426.604695057.
[I 2025-01-27 13:18:25,678] Trial 93 finished with value: 1626655.2976425905 and parameters: {'max_depth': 12, 'n_estimators': 85}. Best is trial 41 with value: 1586426.604695057.
[I 2025-01-27 13:18:26,440] Trial 94 finished with value: 1926516.035396458 and parameters: {'max_depth': 11, 'n_estimators': 5}. Best is trial 41 with value: 1586426.604695057.
[I 2025-01-27 13:18:30,096] Trial 95 finished with value: 1702445.8961005255 and parameters: {'max_depth': 10, 'n_estimators': 96}. Best is trial 41 with value: 1586426.604695057.
[I 2025-01-27 13:18:32,991] Trial 96 finished with value: 1758762.7514972673 and parameters: {'max_depth': 9, 'n_estimators': 81}. Best is trial 41 with value: 1586426.604695057.
[I 2025-01-27 13:18:35,076] Trial 97 finished with value: 1640001.8708584253 and parameters: {'max_depth': 12, 'n_estimators': 43}. Best is trial 41 with value: 1586426.604695057.
[I 2025-01-27 13:18:37,934] Trial 98 finished with value: 1637680.025921311 and parameters: {'max_depth': 11, 'n_estimators': 68}. Best is trial 41 with value: 1586426.604695057.
[I 2025-01-27 13:18:40,512] Trial 99 finished with value: 1611688.9129680728 and parameters: {'max_depth': 12, 'n_estimators': 55}. Best is trial 41 with value: 1586426.604695057.
[I 2025-01-27 13:18:43,794] Trial 100 finished with value: 1687706.5598619138 and parameters: {'max_depth': 10, 'n_estimators': 88}. Best is trial 41 with value: 1586426.604695057.
[I 2025-01-27 13:18:45,354] Trial 101 finished with value: 2243060.1228432497 and parameters: {'max_depth': 5, 'n_estimators': 55}. Best is trial 41 with value: 1586426.604695057.
[I 2025-01-27 13:18:48,231] Trial 102 finished with value: 1613299.0071714714 and parameters: {'max_depth': 12, 'n_estimators': 63}. Best is trial 41 with value: 1586426.604695057.
[I 2025-01-27 13:18:51,530] Trial 103 finished with value: 1608700.3846084713 and parameters: {'max_depth': 12, 'n_estimators': 74}. Best is trial 41 with value: 1586426.604695057.
[I 2025-01-27 13:18:54,692] Trial 104 finished with value: 1631162.554302754 and parameters: {'max_depth': 11, 'n_estimators': 74}. Best is trial 41 with value: 1586426.604695057.
[I 2025-01-27 13:18:58,534] Trial 105 finished with value: 1590263.0706052464 and parameters: {'max_depth': 12, 'n_estimators': 83}. Best is trial 41 with value: 1586426.604695057.
[I 2025-01-27 13:19:02,772] Trial 106 finished with value: 1643293.292585143 and parameters: {'max_depth': 11, 'n_estimators': 100}. Best is trial 41 with value: 1586426.604695057.
[I 2025-01-27 13:19:06,085] Trial 107 finished with value: 1591959.8528841655 and parameters: {'max_depth': 12, 'n_estimators': 80}. Best is trial 41 with value: 1586426.604695057.
[I 2025-01-27 13:19:08,378] Trial 108 finished with value: 1651802.290101402 and parameters: {'max_depth': 11, 'n_estimators': 49}. Best is trial 41 with value: 1586426.604695057.
[I 2025-01-27 13:19:11,913] Trial 109 finished with value: 1621143.299246457 and parameters: {'max_depth': 12, 'n_estimators': 82}. Best is trial 41 with value: 1586426.604695057.
[I 2025-01-27 13:19:13,837] Trial 110 finished with value: 2088889.2838357042 and parameters: {'max_depth': 6, 'n_estimators': 62}. Best is trial 41 with value: 1586426.604695057.
[I 2025-01-27 13:19:17,075] Trial 111 finished with value: 1606615.0925879357 and parameters: {'max_depth': 12, 'n_estimators': 71}. Best is trial 41 with value: 1586426.604695057.
[I 2025-01-27 13:19:20,201] Trial 112 finished with value: 1605422.7511993116 and parameters: {'max_depth': 12, 'n_estimators': 72}. Best is trial 41 with value: 1586426.604695057.
[I 2025-01-27 13:19:23,077] Trial 113 finished with value: 1676151.312114425 and parameters: {'max_depth': 10, 'n_estimators': 68}. Best is trial 41 with value: 1586426.604695057.
[I 2025-01-27 13:19:26,644] Trial 114 finished with value: 1601068.8913030059 and parameters: {'max_depth': 12, 'n_estimators': 78}. Best is trial 41 with value: 1586426.604695057.
[I 2025-01-27 13:19:30,140] Trial 115 finished with value: 1643047.8304561288 and parameters: {'max_depth': 11, 'n_estimators': 79}. Best is trial 41 with value: 1586426.604695057.
[I 2025-01-27 13:19:33,165] Trial 116 finished with value: 1587372.8917459226 and parameters: {'max_depth': 12, 'n_estimators': 70}. Best is trial 41 with value: 1586426.604695057.
[I 2025-01-27 13:19:35,682] Trial 117 finished with value: 1638250.6937143435 and parameters: {'max_depth': 11, 'n_estimators': 58}. Best is trial 41 with value: 1586426.604695057.
[I 2025-01-27 13:19:39,375] Trial 118 finished with value: 1594904.7935464531 and parameters: {'max_depth': 12, 'n_estimators': 84}. Best is trial 41 with value: 1586426.604695057.
[I 2025-01-27 13:19:40,639] Trial 119 finished with value: 1676287.342532919 and parameters: {'max_depth': 11, 'n_estimators': 23}. Best is trial 41 with value: 1586426.604695057.
[I 2025-01-27 13:19:43,927] Trial 120 finished with value: 1702239.2495194026 and parameters: {'max_depth': 10, 'n_estimators': 88}. Best is trial 41 with value: 1586426.604695057.
