Trial 73 finished with value: 300899.45856553415 and parameters: {'max_depth': 11, 'n_estimators': 87}. Best is trial 61 with value: 292912.24510650634.
{'MSE - mean': 272632.3045884039, 'MSE - std': 0.0, 'R2 - mean': 0.9822682486927872, 'R2 - std': 0.0} 
 

{'MSE - mean': 277983.7754913233, 'MSE - std': 5351.47090291942, 'R2 - mean': 0.9822027012413381, 'R2 - std': 6.554745144898844e-05} 
 

{'MSE - mean': 291593.66649071604, 'MSE - std': 19737.03185842705, 'R2 - mean': 0.9815112342406004, 'R2 - std': 0.0009793454643176362} 
 

{'MSE - mean': 294184.59189378633, 'MSE - std': 17672.054302436027, 'R2 - mean': 0.9814745295671627, 'R2 - std': 0.000850517403123615} 
 

{'MSE - mean': 294321.8889158955, 'MSE - std': 15808.75088372634, 'R2 - mean': 0.9815136707319351, 'R2 - std': 0.0007647430977340112} 
 

Finished cross validation
Hyperparam was saved!!! Hurrah!!!
Trial 74 finished with value: 294321.8889158955 and parameters: {'max_depth': 12, 'n_estimators': 87}. Best is trial 61 with value: 292912.24510650634.
{'MSE - mean': 280780.7157513129, 'MSE - std': 0.0, 'R2 - mean': 0.9817382836158028, 'R2 - std': 0.0} 
 

{'MSE - mean': 286265.35321219167, 'MSE - std': 5484.637460878759, 'R2 - mean': 0.9816724652886256, 'R2 - std': 6.581832717722502e-05} 
 

{'MSE - mean': 299183.0989096698, 'MSE - std': 18809.31878602412, 'R2 - mean': 0.9810288210691939, 'R2 - std': 0.000911835400283818} 
 

{'MSE - mean': 301915.3178534937, 'MSE - std': 16962.839266074545, 'R2 - mean': 0.9809869023748964, 'R2 - std': 0.0007930033913564899} 
 

{'MSE - mean': 302418.0388424609, 'MSE - std': 15205.30323092364, 'R2 - mean': 0.9810047420891962, 'R2 - std': 0.000710180628141544} 
 

Finished cross validation
Hyperparam was saved!!! Hurrah!!!
Trial 75 finished with value: 302418.0388424609 and parameters: {'max_depth': 11, 'n_estimators': 65}. Best is trial 61 with value: 292912.24510650634.
{'MSE - mean': 297810.8264601415, 'MSE - std': 0.0, 'R2 - mean': 0.9806306610679938, 'R2 - std': 0.0} 
 

{'MSE - mean': 300740.97460890166, 'MSE - std': 2930.1481487601413, 'R2 - mean': 0.980742870641866, 'R2 - std': 0.00011220957387225727} 
 

{'MSE - mean': 312405.5735542097, 'MSE - std': 16668.82067090788, 'R2 - mean': 0.9801864441367694, 'R2 - std': 0.0007922214989891522} 
 

{'MSE - mean': 314405.50937610224, 'MSE - std': 14845.41736679137, 'R2 - mean': 0.9801963038398578, 'R2 - std': 0.0006862964511276764} 
 

{'MSE - mean': 315055.1242688332, 'MSE - std': 13341.556561017002, 'R2 - mean': 0.980207849086411, 'R2 - std': 0.0006142763432985666} 
 

Finished cross validation
Hyperparam was saved!!! Hurrah!!!
Trial 76 finished with value: 315055.1242688332 and parameters: {'max_depth': 10, 'n_estimators': 89}. Best is trial 61 with value: 292912.24510650634.
{'MSE - mean': 280788.08941211883, 'MSE - std': 0.0, 'R2 - mean': 0.9817378040397678, 'R2 - std': 0.0} 
 

{'MSE - mean': 285386.84158472205, 'MSE - std': 4598.752172603185, 'R2 - mean': 0.9817278436264161, 'R2 - std': 9.96041335182829e-06} 
 

{'MSE - mean': 298531.51302416256, 'MSE - std': 18964.803950081692, 'R2 - mean': 0.9810698482346952, 'R2 - std': 0.000930581544487543} 
 

{'MSE - mean': 300289.9291215419, 'MSE - std': 16704.00919430255, 'R2 - mean': 0.9810878252220956, 'R2 - std': 0.0008065085395912345} 
 

{'MSE - mean': 300688.3289498592, 'MSE - std': 14961.752177585624, 'R2 - mean': 0.9811121726453891, 'R2 - std': 0.0007230048462016084} 
 

Finished cross validation
Hyperparam was saved!!! Hurrah!!!
Trial 77 finished with value: 300688.3289498592 and parameters: {'max_depth': 11, 'n_estimators': 99}. Best is trial 61 with value: 292912.24510650634.
{'MSE - mean': 329485.9230988013, 'MSE - std': 0.0, 'R2 - mean': 0.9785705422677784, 'R2 - std': 0.0} 
 

{'MSE - mean': 331430.9564931514, 'MSE - std': 1945.033394350059, 'R2 - mean': 0.9787764408466438, 'R2 - std': 0.00020589857886543772} 
 

{'MSE - mean': 342265.55349814077, 'MSE - std': 15404.515175465369, 'R2 - mean': 0.978289587741445, 'R2 - std': 0.0007087416374129455} 
 

{'MSE - mean': 343865.2100580242, 'MSE - std': 13625.381432168846, 'R2 - mean': 0.9783376559332392, 'R2 - std': 0.0006194091415527944} 
 

{'MSE - mean': 344031.99924275104, 'MSE - std': 12191.476115148673, 'R2 - mean': 0.9783846895969353, 'R2 - std': 0.0005619455576780022} 
 

Finished cross validation
Hyperparam was saved!!! Hurrah!!!
Trial 78 finished with value: 344031.99924275104 and parameters: {'max_depth': 9, 'n_estimators': 70}. Best is trial 61 with value: 292912.24510650634.
{'MSE - mean': 272981.4198664416, 'MSE - std': 0.0, 'R2 - mean': 0.982245542560082, 'R2 - std': 0.0} 
 

{'MSE - mean': 279513.39676896436, 'MSE - std': 6531.976902522787, 'R2 - mean': 0.982105918304577, 'R2 - std': 0.00013962425550489987} 
 

{'MSE - mean': 291280.487415263, 'MSE - std': 17474.93422190235, 'R2 - mean': 0.981529793837827, 'R2 - std': 0.0008227000815564721} 
 

{'MSE - mean': 294112.11205059045, 'MSE - std': 15908.623094757124, 'R2 - mean': 0.9814784263200816, 'R2 - std': 0.00071801283678129} 
 

{'MSE - mean': 294925.59086322004, 'MSE - std': 14321.816300009606, 'R2 - mean': 0.9814756564455219, 'R2 - std': 0.000642234097386988} 
 

Finished cross validation
Hyperparam was saved!!! Hurrah!!!
Trial 79 finished with value: 294925.59086322004 and parameters: {'max_depth': 12, 'n_estimators': 61}. Best is trial 61 with value: 292912.24510650634.
{'MSE - mean': 271442.096365057, 'MSE - std': 0.0, 'R2 - mean': 0.9823456587277134, 'R2 - std': 0.0} 
 

{'MSE - mean': 278175.9633515541, 'MSE - std': 6733.866986497131, 'R2 - mean': 0.9821917715042285, 'R2 - std': 0.00015388722348480544} 
 

{'MSE - mean': 291620.3465627889, 'MSE - std': 19792.242325103554, 'R2 - mean': 0.9815102708448219, 'R2 - std': 0.0009719433192892637} 
 

{'MSE - mean': 293293.6472189548, 'MSE - std': 17383.884705366952, 'R2 - mean': 0.9815300274526695, 'R2 - std': 0.0008424228941536369} 
 

{'MSE - mean': 293486.5494561051, 'MSE - std': 15553.404870059265, 'R2 - mean': 0.9815656890848491, 'R2 - std': 0.0007568540639477406} 
 

Finished cross validation
Hyperparam was saved!!! Hurrah!!!
Trial 80 finished with value: 293486.5494561051 and parameters: {'max_depth': 12, 'n_estimators': 81}. Best is trial 61 with value: 292912.24510650634.
{'MSE - mean': 273034.2282532093, 'MSE - std': 0.0, 'R2 - mean': 0.982242107951764, 'R2 - std': 0.0} 
 

{'MSE - mean': 279127.63758695684, 'MSE - std': 6093.40933374755, 'R2 - mean': 0.9821301858049272, 'R2 - std': 0.00011192214683691804} 
 

{'MSE - mean': 291457.1668301649, 'MSE - std': 18132.503254027415, 'R2 - mean': 0.9815189300853161, 'R2 - std': 0.0008692629948120397} 
 

{'MSE - mean': 293715.8698172439, 'MSE - std': 16183.200339997773, 'R2 - mean': 0.9815029109225972, 'R2 - std': 0.0007533149781697103} 
 

{'MSE - mean': 293587.7928782612, 'MSE - std': 14476.960779279603, 'R2 - mean': 0.9815586993190589, 'R2 - std': 0.0006829613062150192} 
 

Finished cross validation
Hyperparam was saved!!! Hurrah!!!
Trial 81 finished with value: 293587.7928782612 and parameters: {'max_depth': 12, 'n_estimators': 84}. Best is trial 61 with value: 292912.24510650634.
{'MSE - mean': 298527.1113275653, 'MSE - std': 0.0, 'R2 - mean': 0.9805840745669794, 'R2 - std': 0.0} 
 

{'MSE - mean': 301236.2427696421, 'MSE - std': 2709.1314420768176, 'R2 - mean': 0.9807109323117067, 'R2 - std': 0.00012685774472726008} 
 

{'MSE - mean': 313400.422334401, 'MSE - std': 17344.37827504052, 'R2 - mean': 0.9801237229152546, 'R2 - std': 0.0008368741495359055} 
 

{'MSE - mean': 314951.3668787844, 'MSE - std': 15258.993421914518, 'R2 - mean': 0.9801616233366465, 'R2 - std': 0.0007277211570691983} 
 

{'MSE - mean': 315462.6587324303, 'MSE - std': 13686.313661407998, 'R2 - mean': 0.9801819168006661, 'R2 - std': 0.000652157775913605} 
 

Finished cross validation
Hyperparam was saved!!! Hurrah!!!
Trial 82 finished with value: 315462.6587324303 and parameters: {'max_depth': 10, 'n_estimators': 83}. Best is trial 61 with value: 292912.24510650634.
{'MSE - mean': 280060.95951537625, 'MSE - std': 0.0, 'R2 - mean': 0.981785095891394, 'R2 - std': 0.0} 
 

{'MSE - mean': 284934.9671718511, 'MSE - std': 4874.0076564748015, 'R2 - mean': 0.981757057014814, 'R2 - std': 2.8038876580038785e-05} 
 

{'MSE - mean': 297770.76991944644, 'MSE - std': 18583.674684355025, 'R2 - mean': 0.981117964139471, 'R2 - std': 0.0009041037140143785} 
 

{'MSE - mean': 300620.9446082997, 'MSE - std': 16834.049151983392, 'R2 - mean': 0.9810682707320042, 'R2 - std': 0.0007876934356130904} 
 

{'MSE - mean': 301056.49659435655, 'MSE - std': 15082.008845354341, 'R2 - mean': 0.9810901042879028, 'R2 - std': 0.0007058863757426271} 
 

Finished cross validation
Hyperparam was saved!!! Hurrah!!!
Trial 83 finished with value: 301056.49659435655 and parameters: {'max_depth': 11, 'n_estimators': 73}. Best is trial 61 with value: 292912.24510650634.
{'MSE - mean': 271999.82025992987, 'MSE - std': 0.0, 'R2 - mean': 0.9823093848847552, 'R2 - std': 0.0} 
 

{'MSE - mean': 277552.1022781812, 'MSE - std': 5552.28201825131, 'R2 - mean': 0.9822305466778603, 'R2 - std': 7.88382068948601e-05} 
 

{'MSE - mean': 291459.124849091, 'MSE - std': 20183.22184346169, 'R2 - mean': 0.9815202463569084, 'R2 - std': 0.0010065767401444149} 
 

{'MSE - mean': 293249.29846402595, 'MSE - std': 17752.070237063042, 'R2 - mean': 0.9815327836492095, 'R2 - std': 0.0008719914572084695} 
 

{'MSE - mean': 294038.2077597693, 'MSE - std': 15956.13705346431, 'R2 - mean': 0.9815313964352255, 'R2 - std': 0.0007799378043191581} 
 

Finished cross validation
Hyperparam was saved!!! Hurrah!!!
Trial 84 finished with value: 294038.2077597693 and parameters: {'max_depth': 12, 'n_estimators': 60}. Best is trial 61 with value: 292912.24510650634.
{'MSE - mean': 278270.9017064508, 'MSE - std': 0.0, 'R2 - mean': 0.9819015195849886, 'R2 - std': 0.0} 
 

{'MSE - mean': 285055.7524603548, 'MSE - std': 6784.850753904, 'R2 - mean': 0.9817512269432904, 'R2 - std': 0.0001502926416982464} 
 

{'MSE - mean': 297799.656235572, 'MSE - std': 18854.803986406903, 'R2 - mean': 0.9811172959817087, 'R2 - std': 0.0009048732030159196} 
 

{'MSE - mean': 300182.5968082194, 'MSE - std': 16842.29623129448, 'R2 - mean': 0.9810961597223254, 'R2 - std': 0.0007844978390883954} 
 

{'MSE - mean': 300756.3043479083, 'MSE - std': 15107.842838688939, 'R2 - mean': 0.9811092771717558, 'R2 - std': 0.0007021664742393531} 
 

Finished cross validation
Hyperparam was saved!!! Hurrah!!!
Trial 85 finished with value: 300756.3043479083 and parameters: {'max_depth': 11, 'n_estimators': 82}. Best is trial 61 with value: 292912.24510650634.
{'MSE - mean': 297093.62787913246, 'MSE - std': 0.0, 'R2 - mean': 0.9806773069960893, 'R2 - std': 0.0} 
 

{'MSE - mean': 300319.51353117405, 'MSE - std': 3225.8856520416157, 'R2 - mean': 0.9807701567218761, 'R2 - std': 9.284972578676998e-05} 
 

{'MSE - mean': 312304.917693044, 'MSE - std': 17153.349080381842, 'R2 - mean': 0.9801933955914217, 'R2 - std': 0.0008191789696142628} 
 

{'MSE - mean': 315803.5090167898, 'MSE - std': 16043.642424862439, 'R2 - mean': 0.9801105795075796, 'R2 - std': 0.000723785983162527} 
 

{'MSE - mean': 316244.8041567769, 'MSE - std': 14376.986311733826, 'R2 - mean': 0.9801348387050524, 'R2 - std': 0.0006491894593923489} 
 

Finished cross validation
Hyperparam was saved!!! Hurrah!!!
Trial 86 finished with value: 316244.8041567769 and parameters: {'max_depth': 10, 'n_estimators': 93}. Best is trial 61 with value: 292912.24510650634.
{'MSE - mean': 271357.3112266421, 'MSE - std': 0.0, 'R2 - mean': 0.9823511730741925, 'R2 - std': 0.0} 
 

{'MSE - mean': 278256.6500877789, 'MSE - std': 6899.338861136843, 'R2 - mean': 0.9821867691532559, 'R2 - std': 0.0001644039209366399} 
 

{'MSE - mean': 290459.16247368517, 'MSE - std': 18153.141184661516, 'R2 - mean': 0.9815826655704848, 'R2 - std': 0.0008648129144002937} 
 

{'MSE - mean': 292490.212242032, 'MSE - std': 16109.869355062921, 'R2 - mean': 0.9815801605657006, 'R2 - std': 0.0007489625209795564} 
 

{'MSE - mean': 293130.8714414483, 'MSE - std': 14465.963132434124, 'R2 - mean': 0.9815879507429741, 'R2 - std': 0.0006700736032059838} 
 

Finished cross validation
Hyperparam was saved!!! Hurrah!!!
Trial 87 finished with value: 293130.8714414483 and parameters: {'max_depth': 12, 'n_estimators': 68}. Best is trial 61 with value: 292912.24510650634.
{'MSE - mean': 1631205.4157769291, 'MSE - std': 0.0, 'R2 - mean': 0.8939079181859897, 'R2 - std': 0.0} 
 

{'MSE - mean': 1630696.8858343593, 'MSE - std': 508.52994256978855, 'R2 - mean': 0.8955664168345036, 'R2 - std': 0.001658498648513862} 
 

{'MSE - mean': 1665797.1602382262, 'MSE - std': 49641.0206206035, 'R2 - mean': 0.8943092610920487, 'R2 - std': 0.0022348660585494403} 
 

{'MSE - mean': 1673869.4172647481, 'MSE - std': 45206.82688154612, 'R2 - mean': 0.8945321971836394, 'R2 - std': 0.0019735934808221053} 
 

{'MSE - mean': 1672438.6281707739, 'MSE - std': 40535.34737835866, 'R2 - mean': 0.8949044970668144, 'R2 - std': 0.0019158511930949201} 
 

Finished cross validation
Hyperparam was saved!!! Hurrah!!!
Trial 88 finished with value: 1672438.6281707739 and parameters: {'max_depth': 3, 'n_estimators': 69}. Best is trial 61 with value: 292912.24510650634.
{'MSE - mean': 273286.528881168, 'MSE - std': 0.0, 'R2 - mean': 0.9822256985537787, 'R2 - std': 0.0} 
 

{'MSE - mean': 278240.26246570464, 'MSE - std': 4953.733584536647, 'R2 - mean': 0.9821858787297211, 'R2 - std': 3.9819824057707454e-05} 
 

{'MSE - mean': 291643.94446736266, 'MSE - std': 19382.389774075495, 'R2 - mean': 0.9815075433170911, 'R2 - std': 0.0009598619395418755} 
 

{'MSE - mean': 293484.81531702855, 'MSE - std': 17085.78916734867, 'R2 - mean': 0.9815172759622052, 'R2 - std': 0.0008314357343647} 
 

{'MSE - mean': 294028.37661973643, 'MSE - std': 15320.613197130107, 'R2 - mean': 0.9815313135602584, 'R2 - std': 0.0007441884982578469} 
 

Finished cross validation
Hyperparam was saved!!! Hurrah!!!
Trial 89 finished with value: 294028.37661973643 and parameters: {'max_depth': 12, 'n_estimators': 66}. Best is trial 61 with value: 292912.24510650634.
{'MSE - mean': 329002.6405799691, 'MSE - std': 0.0, 'R2 - mean': 0.9786019745129335, 'R2 - std': 0.0} 
 

{'MSE - mean': 330213.9240520978, 'MSE - std': 1211.283472128678, 'R2 - mean': 0.978853650422274, 'R2 - std': 0.00025167590934049855} 
 

{'MSE - mean': 341732.03944892535, 'MSE - std': 16319.071757379723, 'R2 - mean': 0.9783237429177273, 'R2 - std': 0.0007770657001254096} 
 

{'MSE - mean': 343392.335523066, 'MSE - std': 14422.337758778984, 'R2 - mean': 0.9783677614714852, 'R2 - std': 0.0006772637787142931} 
 

{'MSE - mean': 343568.0074499132, 'MSE - std': 12904.514855126108, 'R2 - mean': 0.9784141008206066, 'R2 - std': 0.0006128118160371404} 
 

Finished cross validation
Hyperparam was saved!!! Hurrah!!!
Trial 90 finished with value: 343568.0074499132 and parameters: {'max_depth': 9, 'n_estimators': 75}. Best is trial 61 with value: 292912.24510650634.
{'MSE - mean': 273390.1674412705, 'MSE - std': 0.0, 'R2 - mean': 0.9822189579983029, 'R2 - std': 0.0} 
 

{'MSE - mean': 278787.0871987323, 'MSE - std': 5396.919757461816, 'R2 - mean': 0.9821513008758266, 'R2 - std': 6.765712247636113e-05} 
 

{'MSE - mean': 291565.43363099993, 'MSE - std': 18600.80922070547, 'R2 - mean': 0.9815121074652634, 'R2 - std': 0.0009056423630197818} 
 

{'MSE - mean': 293316.7334737232, 'MSE - std': 16391.880037572817, 'R2 - mean': 0.9815274383753345, 'R2 - std': 0.0007847586748057452} 
 

{'MSE - mean': 293566.67454729276, 'MSE - std': 14669.862545162823, 'R2 - mean': 0.9815597851596364, 'R2 - std': 0.000704884529525926} 
 

Finished cross validation
Hyperparam was saved!!! Hurrah!!!
Trial 91 finished with value: 293566.67454729276 and parameters: {'max_depth': 12, 'n_estimators': 82}. Best is trial 61 with value: 292912.24510650634.
{'MSE - mean': 301352.8635107545, 'MSE - std': 0.0, 'R2 - mean': 0.9804002902753718, 'R2 - std': 0.0} 
 

{'MSE - mean': 304300.78511314944, 'MSE - std': 2947.9216023949266, 'R2 - mean': 0.9805149110092808, 'R2 - std': 0.00011462073390894334} 
 

{'MSE - mean': 314470.655284746, 'MSE - std': 14582.387086145105, 'R2 - mean': 0.9800536765521897, 'R2 - std': 0.000658963623612206} 
 

{'MSE - mean': 316675.5579584502, 'MSE - std': 13193.532402247416, 'R2 - mean': 0.9800522163105314, 'R2 - std': 0.0005706848428425253} 
 

{'MSE - mean': 316032.91676118283, 'MSE - std': 11870.441804457962, 'R2 - mean': 0.9801446861019556, 'R2 - std': 0.0005429066228959954} 
 

Finished cross validation
Hyperparam was saved!!! Hurrah!!!
Trial 92 finished with value: 316032.91676118283 and parameters: {'max_depth': 11, 'n_estimators': 8}. Best is trial 61 with value: 292912.24510650634.
{'MSE - mean': 274550.6854413887, 'MSE - std': 0.0, 'R2 - mean': 0.982143478987858, 'R2 - std': 0.0} 
 

{'MSE - mean': 280115.17540403525, 'MSE - std': 5564.489962646592, 'R2 - mean': 0.9820664145427572, 'R2 - std': 7.706444510080512e-05} 
 

{'MSE - mean': 293278.1695690467, 'MSE - std': 19161.7117312758, 'R2 - mean': 0.9814039480881634, 'R2 - std': 0.0009389797083659681} 
 

{'MSE - mean': 294828.5069090316, 'MSE - std': 16810.384735562682, 'R2 - mean': 0.9814322956539391, 'R2 - std': 0.0008146612320458654} 
 

{'MSE - mean': 295085.21507914504, 'MSE - std': 15044.428347548568, 'R2 - mean': 0.9814644553660324, 'R2 - std': 0.0007314884323941863} 
 

Finished cross validation
Hyperparam was saved!!! Hurrah!!!
Trial 93 finished with value: 295085.21507914504 and parameters: {'max_depth': 12, 'n_estimators': 57}. Best is trial 61 with value: 292912.24510650634.
{'MSE - mean': 278456.4020923511, 'MSE - std': 0.0, 'R2 - mean': 0.9818894548125651, 'R2 - std': 0.0} 
 

{'MSE - mean': 284997.7252382975, 'MSE - std': 6541.323145946371, 'R2 - mean': 0.9817547003062239, 'R2 - std': 0.0001347545063412059} 
 

{'MSE - mean': 298170.11528001167, 'MSE - std': 19379.10363824645, 'R2 - mean': 0.9810941095464444, 'R2 - std': 0.0009406732456766056} 
 

{'MSE - mean': 300746.3939707906, 'MSE - std': 17365.882616328716, 'R2 - mean': 0.9810611220435853, 'R2 - std': 0.0008166481141736855} 
 

{'MSE - mean': 301059.3116191106, 'MSE - std': 15545.120554495765, 'R2 - mean': 0.9810904488924844, 'R2 - std': 0.0007327834401596083} 
 

Finished cross validation
Hyperparam was saved!!! Hurrah!!!
Trial 94 finished with value: 301059.3116191106 and parameters: {'max_depth': 11, 'n_estimators': 82}. Best is trial 61 with value: 292912.24510650634.
{'MSE - mean': 275173.4438110086, 'MSE - std': 0.0, 'R2 - mean': 0.9821029753632005, 'R2 - std': 0.0} 
 

{'MSE - mean': 279702.95805395313, 'MSE - std': 4529.514242944511, 'R2 - mean': 0.9820917818116597, 'R2 - std': 1.1193551540722435e-05} 
 

{'MSE - mean': 293030.41097099875, 'MSE - std': 19207.28165818445, 'R2 - mean': 0.9814191733843471, 'R2 - std': 0.0009512558664108397} 
 

{'MSE - mean': 295085.9124826683, 'MSE - std': 17010.73222751003, 'R2 - mean': 0.9814163606056516, 'R2 - std': 0.0008238261513861703} 
 

{'MSE - mean': 295443.1772223506, 'MSE - std': 15231.630284041159, 'R2 - mean': 0.9814422563666871, 'R2 - std': 0.0007386704163053037} 
 

Finished cross validation
Hyperparam was saved!!! Hurrah!!!
Trial 95 finished with value: 295443.1772223506 and parameters: {'max_depth': 12, 'n_estimators': 72}. Best is trial 61 with value: 292912.24510650634.
{'MSE - mean': 296841.0751942924, 'MSE - std': 0.0, 'R2 - mean': 0.9806937327876195, 'R2 - std': 0.0} 
 

{'MSE - mean': 300928.15102777025, 'MSE - std': 4087.0758334778075, 'R2 - mean': 0.980732037037946, 'R2 - std': 3.830425032647078e-05} 
 

{'MSE - mean': 313735.9789360142, 'MSE - std': 18417.845622297504, 'R2 - mean': 0.9801040751533296, 'R2 - std': 0.0008886227550486918} 
 

{'MSE - mean': 315612.60232901276, 'MSE - std': 16278.142526177124, 'R2 - mean': 0.9801216106389239, 'R2 - std': 0.0007701689946744314} 
 

{'MSE - mean': 315770.53350022214, 'MSE - std': 14563.039116248612, 'R2 - mean': 0.98016365149716, 'R2 - std': 0.000693972592636887} 
 

Finished cross validation
Hyperparam was saved!!! Hurrah!!!
Trial 96 finished with value: 315770.53350022214 and parameters: {'max_depth': 10, 'n_estimators': 64}. Best is trial 61 with value: 292912.24510650634.
{'MSE - mean': 817284.5671142137, 'MSE - std': 0.0, 'R2 - mean': 0.9468445725345319, 'R2 - std': 0.0} 
 

{'MSE - mean': 815975.3408840048, 'MSE - std': 1309.2262302088784, 'R2 - mean': 0.9477420087447146, 'R2 - std': 0.0008974362101826783} 
 

{'MSE - mean': 829529.651846819, 'MSE - std': 19198.474077416635, 'R2 - mean': 0.94736319978024, 'R2 - std': 0.000907700554899044} 
 

{'MSE - mean': 837122.5306140071, 'MSE - std': 21198.855608159192, 'R2 - mean': 0.9472549964612444, 'R2 - std': 0.0008081238133775967} 
 

{'MSE - mean': 835892.8119920278, 'MSE - std': 19119.676117378072, 'R2 - mean': 0.9474730031458545, 'R2 - std': 0.0008441320609580037} 
 

Finished cross validation
Hyperparam was saved!!! Hurrah!!!
Trial 97 finished with value: 835892.8119920278 and parameters: {'max_depth': 5, 'n_estimators': 77}. Best is trial 61 with value: 292912.24510650634.
{'MSE - mean': 280832.46396233013, 'MSE - std': 0.0, 'R2 - mean': 0.9817349179603287, 'R2 - std': 0.0} 
 

{'MSE - mean': 286173.93921678816, 'MSE - std': 5341.475254457997, 'R2 - mean': 0.9816781768791105, 'R2 - std': 5.674108121817012e-05} 
 

{'MSE - mean': 297966.4825728763, 'MSE - std': 17238.012149696868, 'R2 - mean': 0.9811046621447267, 'R2 - std': 0.0008123944042002962} 
 

{'MSE - mean': 299805.29421690037, 'MSE - std': 15264.517088379123, 'R2 - mean': 0.9811176918145743, 'R2 - std': 0.0007039160588244714} 
 

{'MSE - mean': 300657.2543186303, 'MSE - std': 13758.914550679261, 'R2 - mean': 0.9811138968942871, 'R2 - std': 0.000629647409251183} 
 

Finished cross validation
Hyperparam was saved!!! Hurrah!!!
