Trial 18 finished with value: 70.54244270788793 and parameters: {'max_depth': 3, 'n_estimators': 21}. Best is trial 2 with value: 70.07952306095325.
{'MSE - mean': 77.68885836425834, 'MSE - std': 0.0, 'R2 - mean': 0.5472811778577169, 'R2 - std': 0.0} 
 

{'MSE - mean': 73.93612929621608, 'MSE - std': 3.752729068042264, 'R2 - mean': 0.5497562236967352, 'R2 - std': 0.002475045839018253} 
 

{'MSE - mean': 70.05317724097988, 'MSE - std': 6.288345063046837, 'R2 - mean': 0.5602907763760329, 'R2 - std': 0.015034543610497775} 
 

{'MSE - mean': 72.71291262543636, 'MSE - std': 7.133024580775584, 'R2 - mean': 0.54932742281815, 'R2 - std': 0.02302419357735266} 
 

{'MSE - mean': 71.2354397765437, 'MSE - std': 7.0310550995436625, 'R2 - mean': 0.5575238383444402, 'R2 - std': 0.026321392475102366} 
 

Finished cross validation
Hyperparam was saved!!! Hurrah!!!
Trial 19 finished with value: 71.2354397765437 and parameters: {'max_depth': 5, 'n_estimators': 7}. Best is trial 2 with value: 70.07952306095325.
{'MSE - mean': 87.11409431189766, 'MSE - std': 0.0, 'R2 - mean': 0.4923571925338258, 'R2 - std': 0.0} 
 

{'MSE - mean': 79.42218876315677, 'MSE - std': 7.691905548740891, 'R2 - mean': 0.5173596893292403, 'R2 - std': 0.025002496795414497} 
 

{'MSE - mean': 74.97599508628132, 'MSE - std': 8.887118978522142, 'R2 - mean': 0.5301878824068808, 'R2 - std': 0.027310711682614983} 
 

{'MSE - mean': 78.71672780321799, 'MSE - std': 10.06056194168535, 'R2 - mean': 0.5128969462902677, 'R2 - std': 0.0381619659454879} 
 

{'MSE - mean': 78.78955245499525, 'MSE - std': 8.999618824462294, 'R2 - mean': 0.5111261252586671, 'R2 - std': 0.034316348062745534} 
 

Finished cross validation
Hyperparam was saved!!! Hurrah!!!
Trial 20 finished with value: 78.78955245499525 and parameters: {'max_depth': 2, 'n_estimators': 11}. Best is trial 2 with value: 70.07952306095325.
{'MSE - mean': 76.2557838692044, 'MSE - std': 0.0, 'R2 - mean': 0.5556321796757775, 'R2 - std': 0.0} 
 

{'MSE - mean': 73.35479280851999, 'MSE - std': 2.9009910606844045, 'R2 - mean': 0.5530691463837006, 'R2 - std': 0.002563033292076855} 
 

{'MSE - mean': 69.09556878178358, 'MSE - std': 6.472439883277234, 'R2 - mean': 0.5663307702501651, 'R2 - std': 0.01887116216846983} 
 

{'MSE - mean': 71.89810468446123, 'MSE - std': 7.414983546129409, 'R2 - mean': 0.5544363213876419, 'R2 - std': 0.026296849857369842} 
 

{'MSE - mean': 70.40762272943826, 'MSE - std': 7.271294975758599, 'R2 - mean': 0.5627145609730007, 'R2 - std': 0.028763456893552416} 
 

Finished cross validation
Hyperparam was saved!!! Hurrah!!!
Trial 21 finished with value: 70.40762272943826 and parameters: {'max_depth': 4, 'n_estimators': 26}. Best is trial 2 with value: 70.07952306095325.
{'MSE - mean': 76.04952061661231, 'MSE - std': 0.0, 'R2 - mean': 0.5568341442654345, 'R2 - std': 0.0} 
 

{'MSE - mean': 72.89051831798673, 'MSE - std': 3.1590022986255875, 'R2 - mean': 0.5559742131388146, 'R2 - std': 0.0008599311266200282} 
 

{'MSE - mean': 68.9011014027519, 'MSE - std': 6.203527893782548, 'R2 - mean': 0.5674942238545723, 'R2 - std': 0.016306878348640707} 
 

{'MSE - mean': 71.74567845262892, 'MSE - std': 7.289559281929521, 'R2 - mean': 0.5553483176903938, 'R2 - std': 0.0253378140484753} 
 

{'MSE - mean': 70.28600818453396, 'MSE - std': 7.143716734729449, 'R2 - mean': 0.56344211073661, 'R2 - std': 0.027850346498813877} 
 

Finished cross validation
Hyperparam was saved!!! Hurrah!!!
Trial 22 finished with value: 70.28600818453396 and parameters: {'max_depth': 4, 'n_estimators': 21}. Best is trial 2 with value: 70.07952306095325.
{'MSE - mean': 75.90527352616124, 'MSE - std': 0.0, 'R2 - mean': 0.5576747200476178, 'R2 - std': 0.0} 
 

{'MSE - mean': 73.42105757931192, 'MSE - std': 2.484215946849318, 'R2 - mean': 0.5525495240280807, 'R2 - std': 0.005125196019537093} 
 

{'MSE - mean': 69.80129630592224, 'MSE - std': 5.506320241297001, 'R2 - mean': 0.5615379928832422, 'R2 - std': 0.013382709026185196} 
 

{'MSE - mean': 72.76578596105624, 'MSE - std': 7.007443806123406, 'R2 - mean': 0.5488138990638949, 'R2 - std': 0.024900408957089785} 
 

{'MSE - mean': 72.71254808845723, 'MSE - std': 6.268552627289436, 'R2 - mean': 0.5481145816066395, 'R2 - std': 0.022315476078460482} 
 

Finished cross validation
Hyperparam was saved!!! Hurrah!!!
Trial 23 finished with value: 72.71254808845723 and parameters: {'max_depth': 5, 'n_estimators': 7}. Best is trial 2 with value: 70.07952306095325.
{'MSE - mean': 76.36852612824244, 'MSE - std': 0.0, 'R2 - mean': 0.554975193026829, 'R2 - std': 0.0} 
 

{'MSE - mean': 73.11518413978291, 'MSE - std': 3.253341988459532, 'R2 - mean': 0.5546289984240467, 'R2 - std': 0.0003461946027822904} 
 

{'MSE - mean': 68.84373590597188, 'MSE - std': 6.598992051126979, 'R2 - mean': 0.5679896446690997, 'R2 - std': 0.018896921353478795} 
 

{'MSE - mean': 72.00537031779943, 'MSE - std': 7.9150374939278825, 'R2 - mean': 0.5539058010368075, 'R2 - std': 0.02937489032926326} 
 

{'MSE - mean': 70.37463660235767, 'MSE - std': 7.7945766162724555, 'R2 - mean': 0.5630351927296428, 'R2 - std': 0.03199516395035088} 
 

Finished cross validation
Hyperparam was saved!!! Hurrah!!!
Trial 24 finished with value: 70.37463660235767 and parameters: {'max_depth': 3, 'n_estimators': 14}. Best is trial 2 with value: 70.07952306095325.
{'MSE - mean': 78.32015061671501, 'MSE - std': 0.0, 'R2 - mean': 0.543602427893086, 'R2 - std': 0.0} 
 

{'MSE - mean': 74.72150622578656, 'MSE - std': 3.598644390928449, 'R2 - mean': 0.5449199753114689, 'R2 - std': 0.0013175474183828584} 
 

{'MSE - mean': 70.94692827906552, 'MSE - std': 6.093305478418048, 'R2 - mean': 0.554578678574721, 'R2 - std': 0.013701765759257878} 
 

{'MSE - mean': 73.45338646961383, 'MSE - std': 6.833247889758545, 'R2 - mean': 0.5446228991345334, 'R2 - std': 0.020932186256484533} 
 

{'MSE - mean': 72.46853243261201, 'MSE - std': 6.4213994794831795, 'R2 - mean': 0.5497419712012112, 'R2 - std': 0.02133880813157772} 
 

Finished cross validation
Hyperparam was saved!!! Hurrah!!!
Trial 25 finished with value: 72.46853243261201 and parameters: {'max_depth': 8, 'n_estimators': 28}. Best is trial 2 with value: 70.07952306095325.
{'MSE - mean': 76.32684073128948, 'MSE - std': 0.0, 'R2 - mean': 0.5552181077021947, 'R2 - std': 0.0} 
 

{'MSE - mean': 73.48850545276912, 'MSE - std': 2.838335278520354, 'R2 - mean': 0.5522356970234303, 'R2 - std': 0.002982410678764314} 
 

{'MSE - mean': 69.1259768898719, 'MSE - std': 6.590453375379445, 'R2 - mean': 0.5661698931727611, 'R2 - std': 0.019855817626762525} 
 

{'MSE - mean': 71.97359520003916, 'MSE - std': 7.543364427825766, 'R2 - mean': 0.5539999422363902, 'R2 - std': 0.027203184328336866} 
 

{'MSE - mean': 70.42792508695496, 'MSE - std': 7.4214730280933106, 'R2 - mean': 0.5626168832434371, 'R2 - std': 0.029816392795857804} 
 

Finished cross validation
Hyperparam was saved!!! Hurrah!!!
Trial 26 finished with value: 70.42792508695496 and parameters: {'max_depth': 4, 'n_estimators': 17}. Best is trial 2 with value: 70.07952306095325.
{'MSE - mean': 76.59041932828983, 'MSE - std': 0.0, 'R2 - mean': 0.5536821475337954, 'R2 - std': 0.0} 
 

{'MSE - mean': 74.91325014525428, 'MSE - std': 1.677169183035545, 'R2 - mean': 0.5432186866353506, 'R2 - std': 0.010463460898444854} 
 

{'MSE - mean': 70.38039439897614, 'MSE - std': 6.555061154976595, 'R2 - mean': 0.558111382918467, 'R2 - std': 0.02272826759370706} 
 

{'MSE - mean': 72.94580195450904, 'MSE - std': 7.209061508758834, 'R2 - mean': 0.5477679273810144, 'R2 - std': 0.026615631276077936} 
 

{'MSE - mean': 71.42226728274024, 'MSE - std': 7.131695861012393, 'R2 - mean': 0.5562730056209935, 'R2 - std': 0.029258484001259754} 
 

Finished cross validation
Hyperparam was saved!!! Hurrah!!!
Trial 27 finished with value: 71.42226728274024 and parameters: {'max_depth': 5, 'n_estimators': 8}. Best is trial 2 with value: 70.07952306095325.
{'MSE - mean': 76.80130518446234, 'MSE - std': 0.0, 'R2 - mean': 0.5524532454952913, 'R2 - std': 0.0} 
 

{'MSE - mean': 73.6366462670016, 'MSE - std': 3.1646589174607342, 'R2 - mean': 0.5514216674006038, 'R2 - std': 0.001031578094687513} 
 

{'MSE - mean': 69.21605832311303, 'MSE - std': 6.764606880562114, 'R2 - mean': 0.5656855400779572, 'R2 - std': 0.02018973905449148} 
 

{'MSE - mean': 72.19489447054376, 'MSE - std': 7.8064283809006385, 'R2 - mean': 0.5527153724784993, 'R2 - std': 0.028467436045250476} 
 

{'MSE - mean': 70.66161529098744, 'MSE - std': 7.626010714833037, 'R2 - mean': 0.5612339408753, 'R2 - std': 0.03063625241631599} 
 

Finished cross validation
Hyperparam was saved!!! Hurrah!!!
Trial 28 finished with value: 70.66161529098744 and parameters: {'max_depth': 3, 'n_estimators': 6}. Best is trial 2 with value: 70.07952306095325.
{'MSE - mean': 76.03585331441856, 'MSE - std': 0.0, 'R2 - mean': 0.5569137881819664, 'R2 - std': 0.0} 
 

{'MSE - mean': 73.51415118710842, 'MSE - std': 2.521702127310135, 'R2 - mean': 0.5519916709420141, 'R2 - std': 0.004922117239952284} 
 

{'MSE - mean': 70.26266979322928, 'MSE - std': 5.038212340576579, 'R2 - mean': 0.5584822738880338, 'R2 - std': 0.010020346565279923} 
 

{'MSE - mean': 72.95140614819536, 'MSE - std': 6.381661010356339, 'R2 - mean': 0.5474833963627024, 'R2 - std': 0.020933977868956403} 
 

{'MSE - mean': 71.42978238486045, 'MSE - std': 6.468526363049303, 'R2 - mean': 0.5560263671425654, 'R2 - std': 0.025347870571642422} 
 

Finished cross validation
Hyperparam was saved!!! Hurrah!!!
Trial 29 finished with value: 71.42978238486045 and parameters: {'max_depth': 6, 'n_estimators': 11}. Best is trial 2 with value: 70.07952306095325.
{'MSE - mean': 85.82474090122093, 'MSE - std': 0.0, 'R2 - mean': 0.4998706837820799, 'R2 - std': 0.0} 
 

{'MSE - mean': 79.10501209342348, 'MSE - std': 6.719728807797452, 'R2 - mean': 0.519026991086397, 'R2 - std': 0.019156307304317166} 
 

{'MSE - mean': 74.0199716121387, 'MSE - std': 9.045354805617368, 'R2 - mean': 0.5363037756770077, 'R2 - std': 0.029010641345415825} 
 

{'MSE - mean': 75.93051506906497, 'MSE - std': 8.503785132047973, 'R2 - mean': 0.5298839056734832, 'R2 - std': 0.027474664257106516} 
 

{'MSE - mean': 74.9538899575123, 'MSE - std': 7.8528132342297035, 'R2 - mean': 0.5347920961248349, 'R2 - std': 0.02646218197465097} 
 

Finished cross validation
Hyperparam was saved!!! Hurrah!!!
Trial 30 finished with value: 74.9538899575123 and parameters: {'max_depth': 12, 'n_estimators': 51}. Best is trial 2 with value: 70.07952306095325.
{'MSE - mean': 75.97811482282933, 'MSE - std': 0.0, 'R2 - mean': 0.5572502495800988, 'R2 - std': 0.0} 
 

{'MSE - mean': 73.06533390277829, 'MSE - std': 2.912780920051034, 'R2 - mean': 0.5548391619713673, 'R2 - std': 0.0024110876087315436} 
 

{'MSE - mean': 68.7111995515986, 'MSE - std': 6.600997426277455, 'R2 - mean': 0.5687971799698742, 'R2 - std': 0.019837542569530672} 
 

{'MSE - mean': 71.60235449377804, 'MSE - std': 7.599750388358611, 'R2 - mean': 0.5563309136361492, 'R2 - std': 0.027592924098553868} 
 

{'MSE - mean': 70.10391304106653, 'MSE - std': 7.428746322301102, 'R2 - mean': 0.56465111358474, 'R2 - std': 0.029765726548918056} 
 

Finished cross validation
Hyperparam was saved!!! Hurrah!!!
Trial 31 finished with value: 70.10391304106653 and parameters: {'max_depth': 4, 'n_estimators': 26}. Best is trial 2 with value: 70.07952306095325.
{'MSE - mean': 76.07871275184098, 'MSE - std': 0.0, 'R2 - mean': 0.5566640319822217, 'R2 - std': 0.0} 
 

{'MSE - mean': 73.41495726362785, 'MSE - std': 2.66375548821312, 'R2 - mean': 0.5526363693367629, 'R2 - std': 0.004027662645458896} 
 

{'MSE - mean': 69.13051053161337, 'MSE - std': 6.43765198911292, 'R2 - mean': 0.5660769861970673, 'R2 - std': 0.019290284448259098} 
 

{'MSE - mean': 71.97863098127229, 'MSE - std': 7.444319487837236, 'R2 - mean': 0.553920460665294, 'R2 - std': 0.026878051353939753} 
 

{'MSE - mean': 70.49034691659887, 'MSE - std': 7.293440336236257, 'R2 - mean': 0.562187083821056, 'R2 - std': 0.029176907808497136} 
 

Finished cross validation
Hyperparam was saved!!! Hurrah!!!
Trial 32 finished with value: 70.49034691659887 and parameters: {'max_depth': 4, 'n_estimators': 29}. Best is trial 2 with value: 70.07952306095325.
{'MSE - mean': 76.20401111172164, 'MSE - std': 0.0, 'R2 - mean': 0.5559338767566736, 'R2 - std': 0.0} 
 

{'MSE - mean': 73.16737568834046, 'MSE - std': 3.0366354233811848, 'R2 - mean': 0.5542505579175283, 'R2 - std': 0.0016833188391452425} 
 

{'MSE - mean': 69.05245437029852, 'MSE - std': 6.325550677243395, 'R2 - mean': 0.5665683865924122, 'R2 - std': 0.017474176606363828} 
 

{'MSE - mean': 71.85294752607354, 'MSE - std': 7.316948084714619, 'R2 - mean': 0.5546913679846737, 'R2 - std': 0.02553822329525865} 
 

{'MSE - mean': 70.20358299605732, 'MSE - std': 7.328833251686763, 'R2 - mean': 0.5639716743438151, 'R2 - std': 0.02943224462627471} 
 

Finished cross validation
Hyperparam was saved!!! Hurrah!!!
Trial 33 finished with value: 70.20358299605732 and parameters: {'max_depth': 4, 'n_estimators': 39}. Best is trial 2 with value: 70.07952306095325.
{'MSE - mean': 76.37072478048589, 'MSE - std': 0.0, 'R2 - mean': 0.5549623807487892, 'R2 - std': 0.0} 
 

{'MSE - mean': 73.81228394876669, 'MSE - std': 2.558440831719203, 'R2 - mean': 0.5501821227209924, 'R2 - std': 0.004780258027796747} 
 

{'MSE - mean': 69.35026838632048, 'MSE - std': 6.647022798614161, 'R2 - mean': 0.5647441230079834, 'R2 - std': 0.02096038205579422} 
 

{'MSE - mean': 72.04346906908971, 'MSE - std': 7.40926270400627, 'R2 - mean': 0.5535199639698182, 'R2 - std': 0.026597903118210788} 
 

{'MSE - mean': 70.55313213283401, 'MSE - std': 7.266509188589442, 'R2 - mean': 0.5617982344142245, 'R2 - std': 0.02898409574976433} 
 

Finished cross validation
Hyperparam was saved!!! Hurrah!!!
Trial 34 finished with value: 70.55313213283401 and parameters: {'max_depth': 5, 'n_estimators': 32}. Best is trial 2 with value: 70.07952306095325.
{'MSE - mean': 78.67049301807495, 'MSE - std': 0.0, 'R2 - mean': 0.5415608661733022, 'R2 - std': 0.0} 
 

{'MSE - mean': 75.21986921652098, 'MSE - std': 3.4506238015539665, 'R2 - mean': 0.5418372371075517, 'R2 - std': 0.0002763709342494258} 
 

{'MSE - mean': 70.83506017017086, 'MSE - std': 6.811091725448627, 'R2 - mean': 0.5555084362178012, 'R2 - std': 0.01933531201764555} 
 

{'MSE - mean': 73.37746673478603, 'MSE - std': 7.361027189784787, 'R2 - mean': 0.5452723876507382, 'R2 - std': 0.02438689789449656} 
 

{'MSE - mean': 72.29790733590212, 'MSE - std': 6.9288939242764425, 'R2 - mean': 0.5509507350399332, 'R2 - std': 0.024591688584210597} 
 

Finished cross validation
Hyperparam was saved!!! Hurrah!!!
Trial 35 finished with value: 72.29790733590212 and parameters: {'max_depth': 7, 'n_estimators': 24}. Best is trial 2 with value: 70.07952306095325.
{'MSE - mean': 76.49829026131937, 'MSE - std': 0.0, 'R2 - mean': 0.5542190142552547, 'R2 - std': 0.0} 
 

{'MSE - mean': 73.16555365695865, 'MSE - std': 3.3327366043607185, 'R2 - mean': 0.5543434988213538, 'R2 - std': 0.0001244845660990923} 
 

{'MSE - mean': 68.78233773781717, 'MSE - std': 6.769779841594625, 'R2 - mean': 0.5684376689214429, 'R2 - std': 0.019932425656668674} 
 

{'MSE - mean': 71.81568098095838, 'MSE - std': 7.872480741156289, 'R2 - mean': 0.5551026130933328, 'R2 - std': 0.028834828527935025} 
 

{'MSE - mean': 70.33761133150111, 'MSE - std': 7.6367219387960015, 'R2 - mean': 0.5632731346969708, 'R2 - std': 0.03053174679068324} 
 

Finished cross validation
Hyperparam was saved!!! Hurrah!!!
Trial 36 finished with value: 70.33761133150111 and parameters: {'max_depth': 3, 'n_estimators': 51}. Best is trial 2 with value: 70.07952306095325.
{'MSE - mean': 86.00732213764798, 'MSE - std': 0.0, 'R2 - mean': 0.4988067221788217, 'R2 - std': 0.0} 
 

{'MSE - mean': 79.0838342988084, 'MSE - std': 6.92348783883957, 'R2 - mean': 0.51921255657443, 'R2 - std': 0.02040583439560828} 
 

{'MSE - mean': 75.61846648858528, 'MSE - std': 7.481577642670075, 'R2 - mean': 0.5255889208645189, 'R2 - std': 0.018945045826649104} 
 

{'MSE - mean': 78.51961375960244, 'MSE - std': 8.199418850251917, 'R2 - mean': 0.5135165656397509, 'R2 - std': 0.02657840012207883} 
 

{'MSE - mean': 77.59055205567793, 'MSE - std': 7.565513742257667, 'R2 - mean': 0.5181524122500409, 'R2 - std': 0.025516531457390662} 
 

Finished cross validation
Hyperparam was saved!!! Hurrah!!!
Trial 37 finished with value: 77.59055205567793 and parameters: {'max_depth': 2, 'n_estimators': 66}. Best is trial 2 with value: 70.07952306095325.
{'MSE - mean': 76.45814122291736, 'MSE - std': 0.0, 'R2 - mean': 0.5544529760582494, 'R2 - std': 0.0} 
 

{'MSE - mean': 73.39440589100354, 'MSE - std': 3.0637353319138185, 'R2 - mean': 0.5528723318714058, 'R2 - std': 0.0015806441868435606} 
 

{'MSE - mean': 69.04695461103806, 'MSE - std': 6.637643762613241, 'R2 - mean': 0.5667037982946456, 'R2 - std': 0.01960317706048391} 
 

{'MSE - mean': 72.01503162496866, 'MSE - std': 7.711820765642077, 'R2 - mean': 0.5537968886822379, 'R2 - std': 0.028070952252766453} 
 

{'MSE - mean': 70.77345126296385, 'MSE - std': 7.331018401175566, 'R2 - mean': 0.560495361492621, 'R2 - std': 0.028458054049204526} 
 

Finished cross validation
Hyperparam was saved!!! Hurrah!!!
Trial 38 finished with value: 70.77345126296385 and parameters: {'max_depth': 3, 'n_estimators': 18}. Best is trial 2 with value: 70.07952306095325.
{'MSE - mean': 77.13541212364142, 'MSE - std': 0.0, 'R2 - mean': 0.5505062932146243, 'R2 - std': 0.0} 
 

{'MSE - mean': 73.71586186141616, 'MSE - std': 3.4195502622252647, 'R2 - mean': 0.5510085951980378, 'R2 - std': 0.0005023019834135001} 
 

{'MSE - mean': 69.49492822172958, 'MSE - std': 6.590000827910825, 'R2 - mean': 0.5638907859987993, 'R2 - std': 0.01822278476274903} 
 

{'MSE - mean': 72.22062286288455, 'MSE - std': 7.406707569113408, 'R2 - mean': 0.5524685097894901, 'R2 - std': 0.025307263676410303} 
 

{'MSE - mean': 71.1018344477977, 'MSE - std': 6.992439036732443, 'R2 - mean': 0.5584046922743353, 'R2 - std': 0.025560108094517378} 
 

Finished cross validation
Hyperparam was saved!!! Hurrah!!!
Trial 39 finished with value: 71.1018344477977 and parameters: {'max_depth': 6, 'n_estimators': 45}. Best is trial 2 with value: 70.07952306095325.
{'MSE - mean': 79.8899712250579, 'MSE - std': 0.0, 'R2 - mean': 0.5344545609820871, 'R2 - std': 0.0} 
 

{'MSE - mean': 75.62984705833586, 'MSE - std': 4.2601241667220435, 'R2 - mean': 0.5395585574819921, 'R2 - std': 0.00510399649990495} 
 

{'MSE - mean': 71.19946087506588, 'MSE - std': 7.166292538201213, 'R2 - mean': 0.5533771426237555, 'R2 - std': 0.019981836189091565} 
 

{'MSE - mean': 73.57265465419985, 'MSE - std': 7.443988023718831, 'R2 - mean': 0.5441420218990325, 'R2 - std': 0.023565179768386887} 
 

{'MSE - mean': 72.24146754557583, 'MSE - std': 7.170676581082343, 'R2 - mean': 0.5513797057179529, 'R2 - std': 0.025569325885986132} 
 

Finished cross validation
Hyperparam was saved!!! Hurrah!!!
Trial 40 finished with value: 72.24146754557583 and parameters: {'max_depth': 7, 'n_estimators': 36}. Best is trial 2 with value: 70.07952306095325.
{'MSE - mean': 76.16467852623138, 'MSE - std': 0.0, 'R2 - mean': 0.5561630808169453, 'R2 - std': 0.0} 
 

{'MSE - mean': 73.52664432239519, 'MSE - std': 2.638034203836206, 'R2 - mean': 0.5519475624737588, 'R2 - std': 0.004215518343186564} 
 

{'MSE - mean': 69.25145635198362, 'MSE - std': 6.418251112136639, 'R2 - mean': 0.5653053317545592, 'R2 - std': 0.019201746368130764} 
 

{'MSE - mean': 71.96306450135992, 'MSE - std': 7.2769441918379725, 'R2 - mean': 0.5539785977443934, 'R2 - std': 0.025717989962294116} 
 

{'MSE - mean': 70.58839096302545, 'MSE - std': 7.0655532525689475, 'R2 - mean': 0.5615406078665238, 'R2 - std': 0.02752940236382433} 
 

Finished cross validation
Hyperparam was saved!!! Hurrah!!!
Trial 41 finished with value: 70.58839096302545 and parameters: {'max_depth': 4, 'n_estimators': 31}. Best is trial 2 with value: 70.07952306095325.
{'MSE - mean': 75.93699409290387, 'MSE - std': 0.0, 'R2 - mean': 0.5574898737528495, 'R2 - std': 0.0} 
 

{'MSE - mean': 73.33827867765007, 'MSE - std': 2.598715415253814, 'R2 - mean': 0.5530864169655932, 'R2 - std': 0.004403456787256288} 
 

{'MSE - mean': 68.9323801093792, 'MSE - std': 6.582256370533919, 'R2 - mean': 0.5673650986939117, 'R2 - std': 0.02051069131571919} 
 

{'MSE - mean': 71.80827147365855, 'MSE - std': 7.570127318148984, 'R2 - mean': 0.5550169560474967, 'R2 - std': 0.02780191044038488} 
 

{'MSE - mean': 70.24186346908499, 'MSE - std': 7.460562863320495, 'R2 - mean': 0.5637679186183308, 'R2 - std': 0.03040845874050011} 
 

Finished cross validation
Hyperparam was saved!!! Hurrah!!!
Trial 42 finished with value: 70.24186346908499 and parameters: {'max_depth': 4, 'n_estimators': 40}. Best is trial 2 with value: 70.07952306095325.
{'MSE - mean': 76.82729749757584, 'MSE - std': 0.0, 'R2 - mean': 0.5523017796400161, 'R2 - std': 0.0} 
 

{'MSE - mean': 73.62285865628884, 'MSE - std': 3.2044388412870006, 'R2 - mean': 0.5515168143879936, 'R2 - std': 0.0007849652520225958} 
 

{'MSE - mean': 69.69575122416472, 'MSE - std': 6.1392152939325015, 'R2 - mean': 0.5624631199943929, 'R2 - std': 0.015493675908424775} 
 

{'MSE - mean': 72.42184338093935, 'MSE - std': 7.11071084074056, 'R2 - mean': 0.5510945107337899, 'R2 - std': 0.023828057504280287} 
 

{'MSE - mean': 71.4231458535927, 'MSE - std': 6.666284867376547, 'R2 - mean': 0.5562999488846424, 'R2 - std': 0.02371934663752851} 
 

Finished cross validation
Hyperparam was saved!!! Hurrah!!!
