Trial 170 finished with value: 873395300.979145 and parameters: {'max_depth': 11, 'n_estimators': 61}. Best is trial 42 with value: 827352971.3282602.
{'MSE - mean': 896583999.7492199, 'MSE - std': 0.0, 'R2 - mean': 0.879122099983341, 'R2 - std': 0.0} 
 

{'MSE - mean': 978141743.716734, 'MSE - std': 81557743.96751416, 'R2 - mean': 0.861807277333765, 'R2 - std': 0.0173148226495759} 
 

{'MSE - mean': 1053326816.0315332, 'MSE - std': 125459291.93172663, 'R2 - mean': 0.8522560408320095, 'R2 - std': 0.019553029424681276} 
 

{'MSE - mean': 928635626.9610033, 'MSE - std': 241761666.40821207, 'R2 - mean': 0.8638362311736378, 'R2 - std': 0.02624963132706574} 
 

{'MSE - mean': 870818309.5237064, 'MSE - std': 245214867.9386327, 'R2 - mean': 0.8625719745753951, 'R2 - std': 0.02361414607455239} 
 

Finished cross validation
Hyperparam was saved!!! Hurrah!!!
Trial 171 finished with value: 870818309.5237064 and parameters: {'max_depth': 12, 'n_estimators': 73}. Best is trial 42 with value: 827352971.3282602.
{'MSE - mean': 802654470.1108038, 'MSE - std': 0.0, 'R2 - mean': 0.8917857258069337, 'R2 - std': 0.0} 
 

{'MSE - mean': 913582476.9212656, 'MSE - std': 110928006.8104617, 'R2 - mean': 0.8707210277147978, 'R2 - std': 0.02106469809213596} 
 

{'MSE - mean': 1035050565.5475143, 'MSE - std': 194196656.9545495, 'R2 - mean': 0.8547660644462125, 'R2 - std': 0.02837139480085003} 
 

{'MSE - mean': 902465285.2055779, 'MSE - std': 284641574.3866166, 'R2 - mean': 0.8679981203274636, 'R2 - std': 0.03360005864195671} 
 

{'MSE - mean': 850828498.5937252, 'MSE - std': 274740043.71737564, 'R2 - mean': 0.8656906236403403, 'R2 - std': 0.03040508701580519} 
 

Finished cross validation
Hyperparam was saved!!! Hurrah!!!
Trial 172 finished with value: 850828498.5937252 and parameters: {'max_depth': 11, 'n_estimators': 82}. Best is trial 42 with value: 827352971.3282602.
{'MSE - mean': 899130192.8286302, 'MSE - std': 0.0, 'R2 - mean': 0.8787788209681432, 'R2 - std': 0.0} 
 

{'MSE - mean': 968897962.6407998, 'MSE - std': 69767769.81216955, 'R2 - mean': 0.8631789563248558, 'R2 - std': 0.015599864643287498} 
 

{'MSE - mean': 1041107608.9892746, 'MSE - std': 116933715.64517316, 'R2 - mean': 0.854010020829873, 'R2 - std': 0.018176246609652554} 
 

{'MSE - mean': 910310238.7534883, 'MSE - std': 248151116.40436321, 'R2 - mean': 0.8668271574810954, 'R2 - std': 0.027214314825464714} 
 

{'MSE - mean': 855710024.4396002, 'MSE - std': 247361910.71115923, 'R2 - mean': 0.865064519809084, 'R2 - std': 0.0245951765878349} 
 

Finished cross validation
Hyperparam was saved!!! Hurrah!!!
Trial 173 finished with value: 855710024.4396002 and parameters: {'max_depth': 11, 'n_estimators': 85}. Best is trial 42 with value: 827352971.3282602.
{'MSE - mean': 829512660.714347, 'MSE - std': 0.0, 'R2 - mean': 0.8881646912141777, 'R2 - std': 0.0} 
 

{'MSE - mean': 924378007.7607336, 'MSE - std': 94865347.04638666, 'R2 - mean': 0.869296977666657, 'R2 - std': 0.01886771354752076} 
 

{'MSE - mean': 1033395009.5319532, 'MSE - std': 172537057.07429856, 'R2 - mean': 0.8550437680694433, 'R2 - std': 0.02536996342104348} 
 

{'MSE - mean': 909397645.0656826, 'MSE - std': 261634891.08228326, 'R2 - mean': 0.8667114599587411, 'R2 - std': 0.029851823814627827} 
 

{'MSE - mean': 856916100.5644375, 'MSE - std': 256475150.91769668, 'R2 - mean': 0.8645406069316, 'R2 - std': 0.02705098001014858} 
 

Finished cross validation
Hyperparam was saved!!! Hurrah!!!
Trial 174 finished with value: 856916100.5644375 and parameters: {'max_depth': 12, 'n_estimators': 78}. Best is trial 42 with value: 827352971.3282602.
{'MSE - mean': 851596770.6880727, 'MSE - std': 0.0, 'R2 - mean': 0.8851873005423527, 'R2 - std': 0.0} 
 

{'MSE - mean': 932633222.0747716, 'MSE - std': 81036451.38669902, 'R2 - mean': 0.8682172423776766, 'R2 - std': 0.01697005816467617} 
 

{'MSE - mean': 1040008683.192942, 'MSE - std': 165640927.72091463, 'R2 - mean': 0.8541700582333099, 'R2 - std': 0.024220556300654027} 
 

{'MSE - mean': 915109600.4009302, 'MSE - std': 259570858.0504394, 'R2 - mean': 0.8659187000432395, 'R2 - std': 0.029224446338107682} 
 

{'MSE - mean': 865335925.197809, 'MSE - std': 252608984.89985725, 'R2 - mean': 0.8630485999665609, 'R2 - std': 0.02676199747432446} 
 

Finished cross validation
Hyperparam was saved!!! Hurrah!!!
Trial 175 finished with value: 865335925.197809 and parameters: {'max_depth': 11, 'n_estimators': 83}. Best is trial 42 with value: 827352971.3282602.
{'MSE - mean': 850103388.718409, 'MSE - std': 0.0, 'R2 - mean': 0.8853886390409944, 'R2 - std': 0.0} 
 

{'MSE - mean': 938654000.5844939, 'MSE - std': 88550611.86608487, 'R2 - mean': 0.867324806901244, 'R2 - std': 0.018063832139750435} 
 

{'MSE - mean': 1081375206.911022, 'MSE - std': 214397200.02486986, 'R2 - mean': 0.8483975855160625, 'R2 - std': 0.030561644367454052} 
 

{'MSE - mean': 948569514.2021409, 'MSE - std': 295612373.86404365, 'R2 - mean': 0.8611440073984589, 'R2 - std': 0.034466279060034286} 
 

{'MSE - mean': 884343109.3797133, 'MSE - std': 293954868.59530926, 'R2 - mean': 0.8609578616878124, 'R2 - std': 0.030829825083799854} 
 

Finished cross validation
Hyperparam was saved!!! Hurrah!!!
Trial 176 finished with value: 884343109.3797133 and parameters: {'max_depth': 11, 'n_estimators': 90}. Best is trial 42 with value: 827352971.3282602.
{'MSE - mean': 893940631.0548681, 'MSE - std': 0.0, 'R2 - mean': 0.8794784802631948, 'R2 - std': 0.0} 
 

{'MSE - mean': 992869876.4845402, 'MSE - std': 98929245.42967218, 'R2 - mean': 0.8596302076181146, 'R2 - std': 0.0198482726450801} 
 

{'MSE - mean': 1048840542.2088603, 'MSE - std': 113093300.32073818, 'R2 - mean': 0.8527875048177842, 'R2 - std': 0.01887541031491125} 
 

{'MSE - mean': 926395003.3293365, 'MSE - std': 233605010.45047894, 'R2 - mean': 0.8640292471867339, 'R2 - std': 0.02542324035969283} 
 

{'MSE - mean': 874641605.605792, 'MSE - std': 233175250.46578208, 'R2 - mean': 0.8614752451121515, 'R2 - std': 0.023305892531659423} 
 

Finished cross validation
Hyperparam was saved!!! Hurrah!!!
Trial 177 finished with value: 874641605.605792 and parameters: {'max_depth': 12, 'n_estimators': 84}. Best is trial 42 with value: 827352971.3282602.
{'MSE - mean': 906708910.1897757, 'MSE - std': 0.0, 'R2 - mean': 0.8777570545305408, 'R2 - std': 0.0} 
 

{'MSE - mean': 998491851.7150666, 'MSE - std': 91782941.52529085, 'R2 - mean': 0.8588813399555839, 'R2 - std': 0.018875714574956848} 
 

{'MSE - mean': 1092315995.3659084, 'MSE - std': 152387703.24510282, 'R2 - mean': 0.8467815692464042, 'R2 - std': 0.023029053452243067} 
 

{'MSE - mean': 954141908.8003519, 'MSE - std': 273299732.29023796, 'R2 - mean': 0.8604135774274835, 'R2 - std': 0.030907085244757906} 
 

{'MSE - mean': 890425002.0467427, 'MSE - std': 275669315.9583147, 'R2 - mean': 0.8600117120777488, 'R2 - std': 0.027655818875937394} 
 

Finished cross validation
Hyperparam was saved!!! Hurrah!!!
Trial 178 finished with value: 890425002.0467427 and parameters: {'max_depth': 12, 'n_estimators': 75}. Best is trial 42 with value: 827352971.3282602.
{'MSE - mean': 871613914.2557516, 'MSE - std': 0.0, 'R2 - mean': 0.8824885793076778, 'R2 - std': 0.0} 
 

{'MSE - mean': 970228793.7582028, 'MSE - std': 98614879.50245118, 'R2 - mean': 0.8628195768523241, 'R2 - std': 0.01966900245535358} 
 

{'MSE - mean': 1074799752.416914, 'MSE - std': 168384778.89185566, 'R2 - mean': 0.8492232897714898, 'R2 - std': 0.025052567729238126} 
 

{'MSE - mean': 934581578.3515108, 'MSE - std': 283281634.3086002, 'R2 - mean': 0.8634195897892113, 'R2 - std': 0.03279219670821902} 
 

{'MSE - mean': 879403560.5797065, 'MSE - std': 276364328.4690398, 'R2 - mean': 0.8613857126647592, 'R2 - std': 0.029610963452577903} 
 

Finished cross validation
Hyperparam was saved!!! Hurrah!!!
Trial 179 finished with value: 879403560.5797065 and parameters: {'max_depth': 10, 'n_estimators': 88}. Best is trial 42 with value: 827352971.3282602.
{'MSE - mean': 864686313.3973447, 'MSE - std': 0.0, 'R2 - mean': 0.8834225618950896, 'R2 - std': 0.0} 
 

{'MSE - mean': 959216051.9705486, 'MSE - std': 94529738.57320392, 'R2 - mean': 0.8643943513940442, 'R2 - std': 0.019028210501045473} 
 

{'MSE - mean': 1079267952.0245833, 'MSE - std': 186499772.2866708, 'R2 - mean': 0.8486361319707569, 'R2 - std': 0.027166612266401463} 
 

{'MSE - mean': 950872975.9875754, 'MSE - std': 274849837.9331277, 'R2 - mean': 0.860612594832382, 'R2 - std': 0.031365994397633865} 
 

{'MSE - mean': 896227079.2747835, 'MSE - std': 269032791.3836411, 'R2 - mean': 0.8582956538194388, 'R2 - std': 0.028434720787652405} 
 

Finished cross validation
Hyperparam was saved!!! Hurrah!!!
Trial 180 finished with value: 896227079.2747835 and parameters: {'max_depth': 11, 'n_estimators': 68}. Best is trial 42 with value: 827352971.3282602.
{'MSE - mean': 877064458.8460062, 'MSE - std': 0.0, 'R2 - mean': 0.8817537341797239, 'R2 - std': 0.0} 
 

{'MSE - mean': 926889457.8559113, 'MSE - std': 49824999.0099051, 'R2 - mean': 0.869211989722796, 'R2 - std': 0.012541744456927906} 
 

{'MSE - mean': 1000136539.8652601, 'MSE - std': 111289219.58869106, 'R2 - mean': 0.8598291985920617, 'R2 - std': 0.016761178602787974} 
 

{'MSE - mean': 881944174.6685598, 'MSE - std': 226268144.84117162, 'R2 - mean': 0.8707595139390522, 'R2 - std': 0.023856198604762686} 
 

{'MSE - mean': 842520027.0318474, 'MSE - std': 217197772.4642164, 'R2 - mean': 0.8660932653341149, 'R2 - std': 0.023289269496234114} 
 

Finished cross validation
Hyperparam was saved!!! Hurrah!!!
Trial 181 finished with value: 842520027.0318474 and parameters: {'max_depth': 11, 'n_estimators': 56}. Best is trial 42 with value: 827352971.3282602.
{'MSE - mean': 832138760.2123618, 'MSE - std': 0.0, 'R2 - mean': 0.8878106391759486, 'R2 - std': 0.0} 
 

{'MSE - mean': 933473047.7979071, 'MSE - std': 101334287.58554536, 'R2 - mean': 0.8679779692068141, 'R2 - std': 0.019832669969134464} 
 

{'MSE - mean': 1052297930.4159704, 'MSE - std': 187308472.89619988, 'R2 - mean': 0.8523847162697938, 'R2 - std': 0.027359135093277153} 
 

{'MSE - mean': 929007278.2967819, 'MSE - std': 268169913.88661447, 'R2 - mean': 0.8637236381266411, 'R2 - std': 0.030775073540386763} 
 

{'MSE - mean': 880332613.62568, 'MSE - std': 258860916.50641328, 'R2 - mean': 0.8604284496227728, 'R2 - std': 0.0283040136771638} 
 

Finished cross validation
Hyperparam was saved!!! Hurrah!!!
Trial 182 finished with value: 880332613.62568 and parameters: {'max_depth': 11, 'n_estimators': 57}. Best is trial 42 with value: 827352971.3282602.
{'MSE - mean': 860199609.9036759, 'MSE - std': 0.0, 'R2 - mean': 0.884027461487837, 'R2 - std': 0.0} 
 

{'MSE - mean': 945708023.2843963, 'MSE - std': 85508413.38072038, 'R2 - mean': 0.8663498568726821, 'R2 - std': 0.017677604615154885} 
 

{'MSE - mean': 1071714421.0246931, 'MSE - std': 191388828.60701108, 'R2 - mean': 0.8497385629096246, 'R2 - std': 0.02757176050854778} 
 

{'MSE - mean': 939741526.9548293, 'MSE - std': 282352257.10838467, 'R2 - mean': 0.8624391433076587, 'R2 - std': 0.03246637815489007} 
 

{'MSE - mean': 887399189.4496104, 'MSE - std': 273380904.3393494, 'R2 - mean': 0.8597396777593211, 'R2 - std': 0.02953643555650728} 
 

Finished cross validation
Hyperparam was saved!!! Hurrah!!!
Trial 183 finished with value: 887399189.4496104 and parameters: {'max_depth': 12, 'n_estimators': 55}. Best is trial 42 with value: 827352971.3282602.
{'MSE - mean': 880762799.2692976, 'MSE - std': 0.0, 'R2 - mean': 0.8812551220875616, 'R2 - std': 0.0} 
 

{'MSE - mean': 983605070.2849135, 'MSE - std': 102842271.01561594, 'R2 - mean': 0.860911206962238, 'R2 - std': 0.020343915125323686} 
 

{'MSE - mean': 1055543914.8517734, 'MSE - std': 131914428.77990736, 'R2 - mean': 0.8518561986776332, 'R2 - std': 0.020973863222737553} 
 

{'MSE - mean': 920982959.9875803, 'MSE - std': 259559268.97750568, 'R2 - mean': 0.8652400486816727, 'R2 - std': 0.029450119297830816} 
 

{'MSE - mean': 870610487.6228279, 'MSE - std': 253073813.69525507, 'R2 - mean': 0.8623773798113984, 'R2 - std': 0.02695602184241076} 
 

Finished cross validation
Hyperparam was saved!!! Hurrah!!!
Trial 184 finished with value: 870610487.6228279 and parameters: {'max_depth': 11, 'n_estimators': 62}. Best is trial 42 with value: 827352971.3282602.
{'MSE - mean': 902430079.2796037, 'MSE - std': 0.0, 'R2 - mean': 0.8783339286383686, 'R2 - std': 0.0} 
 

{'MSE - mean': 966449808.3209224, 'MSE - std': 64019729.041318715, 'R2 - mean': 0.8635578930021333, 'R2 - std': 0.014776035636235252} 
 

{'MSE - mean': 1044923751.669675, 'MSE - std': 122673020.83352472, 'R2 - mean': 0.8535074549278042, 'R2 - std': 0.01864341073196404} 
 

{'MSE - mean': 911434334.4283732, 'MSE - std': 254449948.077385, 'R2 - mean': 0.8667680958876642, 'R2 - std': 0.028075191340211487} 
 

{'MSE - mean': 857703072.494643, 'MSE - std': 251682369.06313422, 'R2 - mean': 0.8647735893131687, 'R2 - std': 0.0254260756101765} 
 

Finished cross validation
Hyperparam was saved!!! Hurrah!!!
Trial 185 finished with value: 857703072.494643 and parameters: {'max_depth': 12, 'n_estimators': 70}. Best is trial 42 with value: 827352971.3282602.
{'MSE - mean': 888718168.7501034, 'MSE - std': 0.0, 'R2 - mean': 0.8801825752241719, 'R2 - std': 0.0} 
 

{'MSE - mean': 958083131.5590017, 'MSE - std': 69364962.80889833, 'R2 - mean': 0.8647039098925229, 'R2 - std': 0.015478665331648989} 
 

{'MSE - mean': 1072063823.8856859, 'MSE - std': 170853334.24761438, 'R2 - mean': 0.8497363898016514, 'R2 - std': 0.024653181721110053} 
 

{'MSE - mean': 936704940.9694592, 'MSE - std': 277234968.791153, 'R2 - mean': 0.8630407974946998, 'R2 - std': 0.03141426935198529} 
 

{'MSE - mean': 887613109.5214236, 'MSE - std': 266697232.82440454, 'R2 - mean': 0.8596321253882913, 'R2 - std': 0.028912994262983136} 
 

Finished cross validation
Hyperparam was saved!!! Hurrah!!!
Trial 186 finished with value: 887613109.5214236 and parameters: {'max_depth': 11, 'n_estimators': 82}. Best is trial 42 with value: 827352971.3282602.
{'MSE - mean': 902440183.1529378, 'MSE - std': 0.0, 'R2 - mean': 0.8783325664291489, 'R2 - std': 0.0} 
 

{'MSE - mean': 939119040.3677201, 'MSE - std': 36678857.21478242, 'R2 - mean': 0.8675686569342275, 'R2 - std': 0.010763909494921453} 
 

{'MSE - mean': 1072350219.759778, 'MSE - std': 190782563.93632782, 'R2 - mean': 0.8498540939330602, 'R2 - std': 0.02654906118342451} 
 

{'MSE - mean': 942873693.2344474, 'MSE - std': 278551616.0243614, 'R2 - mean': 0.8620401637546202, 'R2 - std': 0.031211222026359713} 
 

{'MSE - mean': 897182536.3183842, 'MSE - std': 265374319.61879784, 'R2 - mean': 0.8577991154245073, 'R2 - std': 0.029176330613296726} 
 

Finished cross validation
Hyperparam was saved!!! Hurrah!!!
Trial 187 finished with value: 897182536.3183842 and parameters: {'max_depth': 10, 'n_estimators': 54}. Best is trial 42 with value: 827352971.3282602.
{'MSE - mean': 889034379.5497628, 'MSE - std': 0.0, 'R2 - mean': 0.8801399435271573, 'R2 - std': 0.0} 
 

{'MSE - mean': 986132700.0733535, 'MSE - std': 97098320.52359074, 'R2 - mean': 0.8605896101229946, 'R2 - std': 0.01955033340416268} 
 

{'MSE - mean': 1091367165.8961418, 'MSE - std': 168623767.08622584, 'R2 - mean': 0.8469098531792314, 'R2 - std': 0.025081504292143647} 
 

{'MSE - mean': 948733426.6287215, 'MSE - std': 286981936.4559058, 'R2 - mean': 0.861368793548129, 'R2 - std': 0.03315108237963924} 
 

{'MSE - mean': 895248606.2685922, 'MSE - std': 278081659.80050963, 'R2 - mean': 0.8587372707220403, 'R2 - std': 0.030114698402776776} 
 

Finished cross validation
Hyperparam was saved!!! Hurrah!!!
Trial 188 finished with value: 895248606.2685922 and parameters: {'max_depth': 12, 'n_estimators': 64}. Best is trial 42 with value: 827352971.3282602.
{'MSE - mean': 805764846.4962292, 'MSE - std': 0.0, 'R2 - mean': 0.8913663833182915, 'R2 - std': 0.0} 
 

{'MSE - mean': 930961618.3047855, 'MSE - std': 125196771.80855632, 'R2 - mean': 0.8681892414307948, 'R2 - std': 0.023177141887496755} 
 

{'MSE - mean': 1038133201.9544678, 'MSE - std': 182814070.75172728, 'R2 - mean': 0.8542568853198086, 'R2 - std': 0.027319242869976747} 
 

{'MSE - mean': 915007433.6459866, 'MSE - std': 265604222.1299852, 'R2 - mean': 0.865745252109266, 'R2 - std': 0.030914454349202165} 
 

{'MSE - mean': 866715797.4499123, 'MSE - std': 256446506.6180384, 'R2 - mean': 0.8625842106752504, 'R2 - std': 0.028364264876026245} 
 

Finished cross validation
Hyperparam was saved!!! Hurrah!!!
Trial 189 finished with value: 866715797.4499123 and parameters: {'max_depth': 12, 'n_estimators': 58}. Best is trial 42 with value: 827352971.3282602.
{'MSE - mean': 891895640.5196458, 'MSE - std': 0.0, 'R2 - mean': 0.8797541869025289, 'R2 - std': 0.0} 
 

{'MSE - mean': 992755014.7018263, 'MSE - std': 100859374.18218058, 'R2 - mean': 0.8596348685970067, 'R2 - std': 0.02011931830552227} 
 

{'MSE - mean': 1068324732.5456938, 'MSE - std': 134919630.7076335, 'R2 - mean': 0.8500792620764641, 'R2 - std': 0.02127151173134668} 
 

{'MSE - mean': 937011673.1892142, 'MSE - std': 255698726.50325817, 'R2 - mean': 0.8627289753211967, 'R2 - std': 0.028625227405638283} 
 

{'MSE - mean': 878989345.3244365, 'MSE - std': 256460197.909347, 'R2 - mean': 0.8613586244797837, 'R2 - std': 0.025749453604568966} 
 

Finished cross validation
Hyperparam was saved!!! Hurrah!!!
Trial 190 finished with value: 878989345.3244365 and parameters: {'max_depth': 11, 'n_estimators': 74}. Best is trial 42 with value: 827352971.3282602.
{'MSE - mean': 919619197.278655, 'MSE - std': 0.0, 'R2 - mean': 0.8760164832150228, 'R2 - std': 0.0} 
 

{'MSE - mean': 955198835.4275159, 'MSE - std': 35579638.14886081, 'R2 - mean': 0.865311439274284, 'R2 - std': 0.01070504394073879} 
 

{'MSE - mean': 1079253523.2451038, 'MSE - std': 177828770.374503, 'R2 - mean': 0.8488783018559766, 'R2 - std': 0.024829310394505918} 
 

{'MSE - mean': 933622296.9331135, 'MSE - std': 295537926.3497043, 'R2 - mean': 0.8639471993450621, 'R2 - std': 0.03381694849642338} 
 

{'MSE - mean': 885228614.7554983, 'MSE - std': 281499425.6258771, 'R2 - mean': 0.8603390626556463, 'R2 - std': 0.03109571362689454} 
 

Finished cross validation
Hyperparam was saved!!! Hurrah!!!
Trial 191 finished with value: 885228614.7554983 and parameters: {'max_depth': 11, 'n_estimators': 50}. Best is trial 42 with value: 827352971.3282602.
{'MSE - mean': 861282010.0285615, 'MSE - std': 0.0, 'R2 - mean': 0.8838815317655683, 'R2 - std': 0.0} 
 

{'MSE - mean': 964186692.7075009, 'MSE - std': 102904682.67893952, 'R2 - mean': 0.8636446251643213, 'R2 - std': 0.020236906601246996} 
 

{'MSE - mean': 1089547432.5359452, 'MSE - std': 196189226.6635417, 'R2 - mean': 0.847170784478937, 'R2 - std': 0.028562150590946606} 
 

{'MSE - mean': 952849165.090263, 'MSE - std': 291422216.82995033, 'R2 - mean': 0.8605621628359131, 'R2 - std': 0.033909207859871976} 
 

{'MSE - mean': 893329635.876087, 'MSE - std': 286551608.2683443, 'R2 - mean': 0.8592530492217418, 'R2 - std': 0.030442119110969196} 
 

Finished cross validation
Hyperparam was saved!!! Hurrah!!!
Trial 192 finished with value: 893329635.876087 and parameters: {'max_depth': 11, 'n_estimators': 51}. Best is trial 42 with value: 827352971.3282602.
{'MSE - mean': 887739303.3152313, 'MSE - std': 0.0, 'R2 - mean': 0.8803145463481261, 'R2 - std': 0.0} 
 

{'MSE - mean': 919024616.3541902, 'MSE - std': 31285313.038958907, 'R2 - mean': 0.8704297862182502, 'R2 - std': 0.009884760129875991} 
 

{'MSE - mean': 1031058596.0581573, 'MSE - std': 160485946.7095116, 'R2 - mean': 0.8556281329426169, 'R2 - std': 0.022434724601257075} 
 

{'MSE - mean': 910484343.3537339, 'MSE - std': 250861028.3884816, 'R2 - mean': 0.8666305107335459, 'R2 - std': 0.027214786460923637} 
 

{'MSE - mean': 857562917.7762368, 'MSE - std': 248088116.58747292, 'R2 - mean': 0.8645254275266993, 'R2 - std': 0.024703060193464483} 
 

Finished cross validation
Hyperparam was saved!!! Hurrah!!!
Trial 193 finished with value: 857562917.7762368 and parameters: {'max_depth': 11, 'n_estimators': 60}. Best is trial 42 with value: 827352971.3282602.
{'MSE - mean': 856696157.9927086, 'MSE - std': 0.0, 'R2 - mean': 0.884499798614002, 'R2 - std': 0.0} 
 

{'MSE - mean': 931460588.6977901, 'MSE - std': 74764430.70508158, 'R2 - mean': 0.8684197311219435, 'R2 - std': 0.016080067492058536} 
 

{'MSE - mean': 1022731914.1213226, 'MSE - std': 142784417.05909893, 'R2 - mean': 0.8565914519075796, 'R2 - std': 0.021264887147094885} 
 

{'MSE - mean': 902079247.9126972, 'MSE - std': 242820386.10036433, 'R2 - mean': 0.8677480551576244, 'R2 - std': 0.02669374378521577} 
 

{'MSE - mean': 853663248.6753788, 'MSE - std': 237793666.55429676, 'R2 - mean': 0.8647902137220915, 'R2 - std': 0.02459756227042865} 
 

Finished cross validation
Hyperparam was saved!!! Hurrah!!!
Trial 194 finished with value: 853663248.6753788 and parameters: {'max_depth': 11, 'n_estimators': 93}. Best is trial 42 with value: 827352971.3282602.
{'MSE - mean': 835796052.1974144, 'MSE - std': 0.0, 'R2 - mean': 0.887317561254611, 'R2 - std': 0.0} 
 

{'MSE - mean': 938125966.465369, 'MSE - std': 102329914.26795459, 'R2 - mean': 0.8673169771713953, 'R2 - std': 0.0200005840832157} 
 

{'MSE - mean': 1039218322.0495486, 'MSE - std': 165590668.87310123, 'R2 - mean': 0.8541870069716081, 'R2 - std': 0.02472800997535233} 
 

{'MSE - mean': 923156826.4956058, 'MSE - std': 246933218.63215256, 'R2 - mean': 0.8643512527951056, 'R2 - std': 0.02772258172478359} 
 

{'MSE - mean': 866228437.6641881, 'MSE - std': 248483756.79507077, 'R2 - mean': 0.8630300718341335, 'R2 - std': 0.02493622478476613} 
 

Finished cross validation
Hyperparam was saved!!! Hurrah!!!
