Trial 195 finished with value: 866228437.6641881 and parameters: {'max_depth': 12, 'n_estimators': 94}. Best is trial 42 with value: 827352971.3282602.
{'MSE - mean': 885083040.2834554, 'MSE - std': 0.0, 'R2 - mean': 0.8806726650489536, 'R2 - std': 0.0} 
 

{'MSE - mean': 922176961.9864314, 'MSE - std': 37093921.70297599, 'R2 - mean': 0.869951349730224, 'R2 - std': 0.010721315318729496} 
 

{'MSE - mean': 1062371791.1524816, 'MSE - std': 200565416.43065074, 'R2 - mean': 0.8512601026134932, 'R2 - std': 0.027845224108749442} 
 

{'MSE - mean': 937819713.510455, 'MSE - std': 276964844.04313207, 'R2 - mean': 0.8626502793906945, 'R2 - std': 0.031156472205587545} 
 

{'MSE - mean': 883890508.6490371, 'MSE - std': 270187076.7016963, 'R2 - mean': 0.8603477567247552, 'R2 - std': 0.028245124371237874} 
 

Finished cross validation
Hyperparam was saved!!! Hurrah!!!
Trial 196 finished with value: 883890508.6490371 and parameters: {'max_depth': 10, 'n_estimators': 87}. Best is trial 42 with value: 827352971.3282602.
{'MSE - mean': 865795703.5885553, 'MSE - std': 0.0, 'R2 - mean': 0.8832729933586779, 'R2 - std': 0.0} 
 

{'MSE - mean': 919135979.2735713, 'MSE - std': 53340275.68501592, 'R2 - mean': 0.8702825906691556, 'R2 - std': 0.012990402689522285} 
 

{'MSE - mean': 1016245733.429664, 'MSE - std': 144074281.92180067, 'R2 - mean': 0.857593528833442, 'R2 - std': 0.02084526217709339} 
 

{'MSE - mean': 898072733.9440156, 'MSE - std': 239713625.92845446, 'R2 - mean': 0.8683426720188365, 'R2 - std': 0.025933105369086825} 
 

{'MSE - mean': 848608629.4412186, 'MSE - std': 236128965.82517806, 'R2 - mean': 0.8656779366048385, 'R2 - std': 0.02379966433741847} 
 

Finished cross validation
Hyperparam was saved!!! Hurrah!!!
Trial 197 finished with value: 848608629.4412186 and parameters: {'max_depth': 12, 'n_estimators': 93}. Best is trial 42 with value: 827352971.3282602.
{'MSE - mean': 826257522.6281354, 'MSE - std': 0.0, 'R2 - mean': 0.8886035505471969, 'R2 - std': 0.0} 
 

{'MSE - mean': 916650439.1548848, 'MSE - std': 90392916.52674943, 'R2 - mean': 0.8704115629593174, 'R2 - std': 0.018191987587879488} 
 

{'MSE - mean': 1029871826.1052517, 'MSE - std': 176310572.09198776, 'R2 - mean': 0.8555610918286058, 'R2 - std': 0.025723632335653977} 
 

{'MSE - mean': 902365571.3968545, 'MSE - std': 268491337.5564302, 'R2 - mean': 0.8679022772657572, 'R2 - std': 0.030873832275689416} 
 

{'MSE - mean': 851900860.1051631, 'MSE - std': 260493429.89274773, 'R2 - mean': 0.8653572657201586, 'R2 - std': 0.028079586011528778} 
 

Finished cross validation
Hyperparam was saved!!! Hurrah!!!
Trial 198 finished with value: 851900860.1051631 and parameters: {'max_depth': 12, 'n_estimators': 98}. Best is trial 42 with value: 827352971.3282602.
{'MSE - mean': 909683740.3816191, 'MSE - std': 0.0, 'R2 - mean': 0.8773559864470185, 'R2 - std': 0.0} 
 

{'MSE - mean': 966722927.817966, 'MSE - std': 57039187.43634695, 'R2 - mean': 0.863561068387382, 'R2 - std': 0.013794918059636507} 
 

{'MSE - mean': 1061629635.2292658, 'MSE - std': 142068805.48607647, 'R2 - mean': 0.8512191799870167, 'R2 - std': 0.020772841117402976} 
 

{'MSE - mean': 925076298.2029973, 'MSE - std': 266604764.92030212, 'R2 - mean': 0.8648484165291668, 'R2 - std': 0.029679984202022343} 
 

{'MSE - mean': 871329860.9554716, 'MSE - std': 261566814.80986184, 'R2 - mean': 0.862633368446766, 'R2 - std': 0.026913693945930708} 
 

Finished cross validation
Hyperparam was saved!!! Hurrah!!!
Trial 199 finished with value: 871329860.9554716 and parameters: {'max_depth': 12, 'n_estimators': 78}. Best is trial 42 with value: 827352971.3282602.
Best parameters After Trials: {'max_depth': 12, 'n_estimators': 65}
Saved Losses
{'MSE - mean': 853417648.220394, 'MSE - std': 0.0, 'R2 - mean': 0.8849418089293459, 'R2 - std': 0.0} 
 

Saved Losses
{'MSE - mean': 917790139.409781, 'MSE - std': 64372491.189386964, 'R2 - mean': 0.8704062759730788, 'R2 - std': 0.014535532956267139} 
 

Saved Losses
{'MSE - mean': 1047818608.7783464, 'MSE - std': 191252060.83582208, 'R2 - mean': 0.8531752510199851, 'R2 - std': 0.02710481360847341} 
 

Saved Losses
{'MSE - mean': 915890552.6716533, 'MSE - std': 282219859.4088199, 'R2 - mean': 0.8661010282231728, 'R2 - std': 0.03243810012133722} 
 

Saved Losses
{'MSE - mean': 867152801.871547, 'MSE - std': 270591782.29946357, 'R2 - mean': 0.8629288713882776, 'R2 - std': 0.029699067115419805} 
 

Saving model.....
Results After CV: {'MSE - mean': 867152801.871547, 'MSE - std': 270591782.29946357, 'R2 - mean': 0.8629288713882776, 'R2 - std': 0.029699067115419805}
Train time: 2.0315816505999917
Inference time: 0.03222127819994967
Finished cross validation


----------------------------------------------------------------------------
Training RandomForest Vesion 1 with Dataset: config/mercedes_benz.yml 



----------------------------------------------------------------------------
Namespace(batch_size=128, cat_dims=None, cat_idx=None, config='config/mercedes_benz.yml', data_parallel=False, dataset='Mercedes_Benz', direction='minimize', dropna_idx=[0], early_stopping_rounds=20, epochs=100, gpu_ids=[0, 1], logging_period=100, miss_cat_idx=None, miss_num_idx=None, model_name='RandomForest', n_trials=200, nominal_idx=[1, 2, 3, 4, 5, 6, 7, 8], num_classes=1, num_features=377, num_idx=None, num_splits=5, objective='regression', one_hot_encode=True, optimize_hyperparameters=True, ordinal_encode=False, ordinal_idx=None, scale=True, seed=221, shuffle=True, target_encode=False, use_gpu=True, val_batch_size=256)
Start hyperparameter optimization
Loading dataset Mercedes_Benz...
Dataset loaded! 

(4209, 376)
Scaling the data...
One Hot Encoding...
New Shape: (4209, 563)
A new study created in RDB with name: RandomForest_Mercedes_Benz
{'MSE - mean': 76.37209597941653, 'MSE - std': 0.0, 'R2 - mean': 0.5549543903164689, 'R2 - std': 0.0} 
 

{'MSE - mean': 73.03319947154444, 'MSE - std': 3.338896507872093, 'R2 - mean': 0.5551530454506323, 'R2 - std': 0.00019865513416339464} 
 

{'MSE - mean': 68.73738344156713, 'MSE - std': 6.658845544612577, 'R2 - mean': 0.5686864644014259, 'R2 - std': 0.019139831928127096} 
 

{'MSE - mean': 71.87517822333605, 'MSE - std': 7.924167859639503, 'R2 - mean': 0.5547306135515564, 'R2 - std': 0.029309506879323686} 
 

{'MSE - mean': 70.32769457372447, 'MSE - std': 7.733871708106863, 'R2 - mean': 0.5633362387391052, 'R2 - std': 0.03136024384920501} 
 

Finished cross validation
Hyperparam was saved!!! Hurrah!!!
Trial 0 finished with value: 70.32769457372447 and parameters: {'max_depth': 3, 'n_estimators': 35}. Best is trial 0 with value: 70.32769457372447.
{'MSE - mean': 76.48158788035917, 'MSE - std': 0.0, 'R2 - mean': 0.5543163445854266, 'R2 - std': 0.0} 
 

{'MSE - mean': 73.0863939647868, 'MSE - std': 3.395193915572385, 'R2 - mean': 0.554843920852102, 'R2 - std': 0.0005275762666754336} 
 

{'MSE - mean': 68.94128639647185, 'MSE - std': 6.484499054568262, 'R2 - mean': 0.5673482764773327, 'R2 - std': 0.0176890750751958} 
 

{'MSE - mean': 71.81892751785155, 'MSE - std': 7.508595159008681, 'R2 - mean': 0.5549805104894012, 'R2 - std': 0.02633557364779869} 
 

{'MSE - mean': 70.316633567031, 'MSE - std': 7.357360224170008, 'R2 - mean': 0.5633233036660072, 'R2 - std': 0.028866221495675477} 
 

Finished cross validation
Hyperparam was saved!!! Hurrah!!!
Trial 1 finished with value: 70.316633567031 and parameters: {'max_depth': 4, 'n_estimators': 36}. Best is trial 1 with value: 70.316633567031.
{'MSE - mean': 76.22499116655037, 'MSE - std': 0.0, 'R2 - mean': 0.5558116189978324, 'R2 - std': 0.0} 
 

{'MSE - mean': 72.63679503361878, 'MSE - std': 3.5881961329315857, 'R2 - mean': 0.5576414494823128, 'R2 - std': 0.001829830484480377} 
 

{'MSE - mean': 68.43153274554503, 'MSE - std': 6.629622624899619, 'R2 - mean': 0.5706248717093215, 'R2 - std': 0.018422016497953147} 
 

{'MSE - mean': 71.58854179086998, 'MSE - std': 7.928684660662617, 'R2 - mean': 0.5565274908564547, 'R2 - std': 0.029167386917934024} 
 

{'MSE - mean': 70.07952306095325, 'MSE - std': 7.707125434786917, 'R2 - mean': 0.5648920362983734, 'R2 - std': 0.03099115437501588} 
 

Finished cross validation
Hyperparam was saved!!! Hurrah!!!
Trial 2 finished with value: 70.07952306095325 and parameters: {'max_depth': 3, 'n_estimators': 10}. Best is trial 2 with value: 70.07952306095325.
{'MSE - mean': 76.47428967075633, 'MSE - std': 0.0, 'R2 - mean': 0.5543588736806496, 'R2 - std': 0.0} 
 

{'MSE - mean': 72.97465707097932, 'MSE - std': 3.4996325997770157, 'R2 - mean': 0.5555547833944612, 'R2 - std': 0.001195909713811616} 
 

{'MSE - mean': 68.96355982820747, 'MSE - std': 6.351594634753176, 'R2 - mean': 0.5671718179016682, 'R2 - std': 0.016457960024832918} 
 

{'MSE - mean': 71.78423529339193, 'MSE - std': 7.357016789626743, 'R2 - mean': 0.5551561744957518, 'R2 - std': 0.025224499906017397} 
 

{'MSE - mean': 70.18772135229395, 'MSE - std': 7.314094878435789, 'R2 - mean': 0.5640982520457676, 'R2 - std': 0.0287899864544761} 
 

Finished cross validation
Hyperparam was saved!!! Hurrah!!!
Trial 3 finished with value: 70.18772135229395 and parameters: {'max_depth': 4, 'n_estimators': 35}. Best is trial 2 with value: 70.07952306095325.
{'MSE - mean': 77.26642679131639, 'MSE - std': 0.0, 'R2 - mean': 0.5497428271619365, 'R2 - std': 0.0} 
 

{'MSE - mean': 74.01655624382374, 'MSE - std': 3.2498705474926552, 'R2 - mean': 0.5491263733692492, 'R2 - std': 0.000616453792687266} 
 

{'MSE - mean': 69.71654841119941, 'MSE - std': 6.6348504458076905, 'R2 - mean': 0.5624937709504753, 'R2 - std': 0.01891105443142057} 
 

{'MSE - mean': 72.4289922546258, 'MSE - std': 7.422128073531269, 'R2 - mean': 0.5511681312655208, 'R2 - std': 0.025554477642897727} 
 

{'MSE - mean': 70.89702322670938, 'MSE - std': 7.311504942342681, 'R2 - mean': 0.5596943014636798, 'R2 - std': 0.02851679110757355} 
 

Finished cross validation
Hyperparam was saved!!! Hurrah!!!
Trial 4 finished with value: 70.89702322670938 and parameters: {'max_depth': 6, 'n_estimators': 55}. Best is trial 2 with value: 70.07952306095325.
{'MSE - mean': 86.29036464790046, 'MSE - std': 0.0, 'R2 - mean': 0.49715733931291706, 'R2 - std': 0.0} 
 

{'MSE - mean': 79.34756038396348, 'MSE - std': 6.942804263936978, 'R2 - mean': 0.5176082006991636, 'R2 - std': 0.020450861386246466} 
 

{'MSE - mean': 75.65099369700904, 'MSE - std': 7.711305417400506, 'R2 - mean': 0.525482420513332, 'R2 - std': 0.020070670882077257} 
 

{'MSE - mean': 78.75380777716714, 'MSE - std': 8.572079040606472, 'R2 - mean': 0.512179432896841, 'R2 - std': 0.028862299125607453} 
 

{'MSE - mean': 77.91744555022679, 'MSE - std': 7.847447888411511, 'R2 - mean': 0.5162075889038468, 'R2 - std': 0.027043113946436336} 
 

Finished cross validation
Hyperparam was saved!!! Hurrah!!!
Trial 5 finished with value: 77.91744555022679 and parameters: {'max_depth': 2, 'n_estimators': 80}. Best is trial 2 with value: 70.07952306095325.
{'MSE - mean': 86.82849555861864, 'MSE - std': 0.0, 'R2 - mean': 0.4940214714782216, 'R2 - std': 0.0} 
 

{'MSE - mean': 79.68923088511812, 'MSE - std': 7.139264673500513, 'R2 - mean': 0.515577047999661, 'R2 - std': 0.021555576521439357} 
 

{'MSE - mean': 75.68039100240213, 'MSE - std': 8.131481689255885, 'R2 - mean': 0.5254616744768383, 'R2 - std': 0.022476067285768283} 
 

{'MSE - mean': 78.5413306633724, 'MSE - std': 8.610788179845446, 'R2 - mean': 0.5135693089219522, 'R2 - std': 0.028340170711358026} 
 

{'MSE - mean': 77.96174919017076, 'MSE - std': 7.788465651130988, 'R2 - mean': 0.5159755949312976, 'R2 - std': 0.025801028471636917} 
 

Finished cross validation
Hyperparam was saved!!! Hurrah!!!
Trial 6 finished with value: 77.96174919017076 and parameters: {'max_depth': 2, 'n_estimators': 98}. Best is trial 2 with value: 70.07952306095325.
{'MSE - mean': 76.80118237254862, 'MSE - std': 0.0, 'R2 - mean': 0.5524539611611679, 'R2 - std': 0.0} 
 

{'MSE - mean': 74.08336587031307, 'MSE - std': 2.71781650223555, 'R2 - mean': 0.5485715710710874, 'R2 - std': 0.003882390090080401} 
 

{'MSE - mean': 70.02387058355158, 'MSE - std': 6.154945571897995, 'R2 - mean': 0.5603577110655532, 'R2 - std': 0.016966874407090778} 
 

{'MSE - mean': 72.55025440836513, 'MSE - std': 6.896402100777527, 'R2 - mean': 0.5502206644458948, 'R2 - std': 0.02289509254986487} 
 

{'MSE - mean': 71.15426676756202, 'MSE - std': 6.770776581869108, 'R2 - mean': 0.5579314183744376, 'R2 - std': 0.025635348932278267} 
 

Finished cross validation
Hyperparam was saved!!! Hurrah!!!
Trial 7 finished with value: 71.15426676756202 and parameters: {'max_depth': 6, 'n_estimators': 61}. Best is trial 2 with value: 70.07952306095325.
{'MSE - mean': 77.65186410203273, 'MSE - std': 0.0, 'R2 - mean': 0.5474967557304444, 'R2 - std': 0.0} 
 

{'MSE - mean': 74.23902154746685, 'MSE - std': 3.4128425545658843, 'R2 - mean': 0.5478135546151378, 'R2 - std': 0.00031679888469338113} 
 

{'MSE - mean': 70.21825378785165, 'MSE - std': 6.332309448773472, 'R2 - mean': 0.5592433477490519, 'R2 - std': 0.016166237962402887} 
 

{'MSE - mean': 72.78019109220486, 'MSE - std': 7.054372790729104, 'R2 - mean': 0.548880611630731, 'R2 - std': 0.022763333169082273} 
 

{'MSE - mean': 71.44284810630131, 'MSE - std': 6.8531223120738884, 'R2 - mean': 0.5562031744677071, 'R2 - std': 0.025080174951127555} 
 

Finished cross validation
Hyperparam was saved!!! Hurrah!!!
Trial 8 finished with value: 71.44284810630131 and parameters: {'max_depth': 7, 'n_estimators': 95}. Best is trial 2 with value: 70.07952306095325.
{'MSE - mean': 84.18151635722946, 'MSE - std': 0.0, 'R2 - mean': 0.5094462998451081, 'R2 - std': 0.0} 
 

{'MSE - mean': 77.79785706834792, 'MSE - std': 6.383659288881525, 'R2 - mean': 0.5269125524531135, 'R2 - std': 0.017466252608005384} 
 

{'MSE - mean': 73.05259480590688, 'MSE - std': 8.497201411232005, 'R2 - mean': 0.5422056414834621, 'R2 - std': 0.025906314499714315} 
 

{'MSE - mean': 75.21839620042421, 'MSE - std': 8.259776686373673, 'R2 - mean': 0.5342299207023472, 'R2 - std': 0.026347470735414186} 
 

{'MSE - mean': 73.83488906072344, 'MSE - std': 7.888947759328971, 'R2 - mean': 0.5417138906081447, 'R2 - std': 0.027917567829707793} 
 

Finished cross validation
Hyperparam was saved!!! Hurrah!!!
Trial 9 finished with value: 73.83488906072344 and parameters: {'max_depth': 11, 'n_estimators': 41}. Best is trial 2 with value: 70.07952306095325.
{'MSE - mean': 76.30168474307071, 'MSE - std': 0.0, 'R2 - mean': 0.5553647000140913, 'R2 - std': 0.0} 
 

{'MSE - mean': 72.9085423905938, 'MSE - std': 3.3931423524769215, 'R2 - mean': 0.5559288988947799, 'R2 - std': 0.0005641988806886489} 
 

{'MSE - mean': 68.73117979916361, 'MSE - std': 6.525053751248004, 'R2 - mean': 0.5686868388027608, 'R2 - std': 0.018048331639682093} 
 

{'MSE - mean': 71.8363408237418, 'MSE - std': 7.801174258288633, 'R2 - mean': 0.5549357523781207, 'R2 - std': 0.028488310581811192} 
 

{'MSE - mean': 70.16591977745459, 'MSE - std': 7.736141269009076, 'R2 - mean': 0.5643200680807663, 'R2 - std': 0.03164693660802382} 
 

Finished cross validation
Hyperparam was saved!!! Hurrah!!!
Trial 10 finished with value: 70.16591977745459 and parameters: {'max_depth': 3, 'n_estimators': 7}. Best is trial 2 with value: 70.07952306095325.
{'MSE - mean': 77.18847465830105, 'MSE - std': 0.0, 'R2 - mean': 0.5501970801730531, 'R2 - std': 0.0} 
 

{'MSE - mean': 74.1674089059601, 'MSE - std': 3.021065752340945, 'R2 - mean': 0.5481423962726133, 'R2 - std': 0.0020546839004398354} 
 

{'MSE - mean': 69.35545043232351, 'MSE - std': 7.238400897803155, 'R2 - mean': 0.5649407007487887, 'R2 - std': 0.023815552702013906} 
 

{'MSE - mean': 72.30959622062184, 'MSE - std': 8.091771603521098, 'R2 - mean': 0.5520958712522744, 'R2 - std': 0.03033734245546837} 
 

{'MSE - mean': 70.95796176001281, 'MSE - std': 7.725870631020413, 'R2 - mean': 0.5594552804913565, 'R2 - std': 0.030869517249245023} 
 

Finished cross validation
Hyperparam was saved!!! Hurrah!!!
Trial 11 finished with value: 70.95796176001281 and parameters: {'max_depth': 3, 'n_estimators': 7}. Best is trial 2 with value: 70.07952306095325.
{'MSE - mean': 76.38419669715827, 'MSE - std': 0.0, 'R2 - mean': 0.5548838754086887, 'R2 - std': 0.0} 
 

{'MSE - mean': 73.48680924096355, 'MSE - std': 2.8973874561947213, 'R2 - mean': 0.5522623676492386, 'R2 - std': 0.002621507759450026} 
 

{'MSE - mean': 69.1484058351547, 'MSE - std': 6.575717269161137, 'R2 - mean': 0.5660293257068335, 'R2 - std': 0.01958672518844653} 
 

{'MSE - mean': 72.15465440450794, 'MSE - std': 7.71638740507325, 'R2 - mean': 0.5529102926784721, 'R2 - std': 0.028355897719936542} 
 

{'MSE - mean': 70.7123658227517, 'MSE - std': 7.480300333569233, 'R2 - mean': 0.5608697009363697, 'R2 - std': 0.02994418587416185} 
 

Finished cross validation
Hyperparam was saved!!! Hurrah!!!
Trial 12 finished with value: 70.7123658227517 and parameters: {'max_depth': 3, 'n_estimators': 9}. Best is trial 2 with value: 70.07952306095325.
{'MSE - mean': 87.54904011126338, 'MSE - std': 0.0, 'R2 - mean': 0.4898226186691753, 'R2 - std': 0.0} 
 

{'MSE - mean': 80.09918686198709, 'MSE - std': 7.449853249276288, 'R2 - mean': 0.5131606405505291, 'R2 - std': 0.023338021881353865} 
 

{'MSE - mean': 75.64394306722578, 'MSE - std': 8.757773889447414, 'R2 - mean': 0.5259326154089535, 'R2 - std': 0.026255580875783672} 
 

{'MSE - mean': 79.75754673096395, 'MSE - std': 10.406207663264064, 'R2 - mean': 0.5064702961924471, 'R2 - std': 0.04066155743696} 
 

{'MSE - mean': 78.50982746281537, 'MSE - std': 9.636313601850947, 'R2 - mean': 0.5129611197194777, 'R2 - std': 0.03861622667733828} 
 

Finished cross validation
Hyperparam was saved!!! Hurrah!!!
Trial 13 finished with value: 78.50982746281537 and parameters: {'max_depth': 2, 'n_estimators': 14}. Best is trial 2 with value: 70.07952306095325.
{'MSE - mean': 76.2509341702332, 'MSE - std': 0.0, 'R2 - mean': 0.5556604404850134, 'R2 - std': 0.0} 
 

{'MSE - mean': 73.23950485071329, 'MSE - std': 3.0114293195199053, 'R2 - mean': 0.5538033412275576, 'R2 - std': 0.001857099257455752} 
 

{'MSE - mean': 68.89371684385293, 'MSE - std': 6.619482696212158, 'R2 - mean': 0.5676603282051839, 'R2 - std': 0.019655314496701232} 
 

{'MSE - mean': 71.85400091931426, 'MSE - std': 7.691099323008317, 'R2 - mean': 0.5547905632652526, 'R2 - std': 0.028047122665265038} 
 

{'MSE - mean': 70.60385030073498, 'MSE - std': 7.319420285353195, 'R2 - mean': 0.561546031162987, 'R2 - std': 0.028493126502888617} 
 

Finished cross validation
Hyperparam was saved!!! Hurrah!!!
Trial 14 finished with value: 70.60385030073498 and parameters: {'max_depth': 3, 'n_estimators': 5}. Best is trial 2 with value: 70.07952306095325.
{'MSE - mean': 76.22157462740005, 'MSE - std': 0.0, 'R2 - mean': 0.5558315283080284, 'R2 - std': 0.0} 
 

{'MSE - mean': 73.78504579605976, 'MSE - std': 2.436528831340283, 'R2 - mean': 0.5503146878458416, 'R2 - std': 0.005516840462186756} 
 

{'MSE - mean': 69.36617891560269, 'MSE - std': 6.55824296935054, 'R2 - mean': 0.5646035159844102, 'R2 - std': 0.0207034193215496} 
 

{'MSE - mean': 72.26003945470907, 'MSE - std': 7.575037926846835, 'R2 - mean': 0.5521881802165682, 'R2 - std': 0.02799813146243334} 
 

{'MSE - mean': 71.1772931850152, 'MSE - std': 7.1129682701863945, 'R2 - mean': 0.5579049491805248, 'R2 - std': 0.027528931723900713} 
 

Finished cross validation
Hyperparam was saved!!! Hurrah!!!
Trial 15 finished with value: 71.1772931850152 and parameters: {'max_depth': 5, 'n_estimators': 16}. Best is trial 2 with value: 70.07952306095325.
{'MSE - mean': 80.8727343272388, 'MSE - std': 0.0, 'R2 - mean': 0.5287276734536572, 'R2 - std': 0.0} 
 

{'MSE - mean': 76.38001712736136, 'MSE - std': 4.492717199877454, 'R2 - mean': 0.5350440479991347, 'R2 - std': 0.00631637454547751} 
 

{'MSE - mean': 72.59828916427993, 'MSE - std': 6.485311968766076, 'R2 - mean': 0.5443271005960083, 'R2 - std': 0.014104887662265994} 
 

{'MSE - mean': 74.76491057075215, 'MSE - std': 6.754790778115661, 'R2 - mean': 0.536496728877162, 'R2 - std': 0.018252535597548563} 
 

{'MSE - mean': 73.59912075013212, 'MSE - std': 6.475957256524956, 'R2 - mean': 0.5427307274344491, 'R2 - std': 0.02054203000291956} 
 

Finished cross validation
Hyperparam was saved!!! Hurrah!!!
Trial 16 finished with value: 73.59912075013212 and parameters: {'max_depth': 9, 'n_estimators': 10}. Best is trial 2 with value: 70.07952306095325.
{'MSE - mean': 76.4352974301513, 'MSE - std': 0.0, 'R2 - mean': 0.5545860944380538, 'R2 - std': 0.0} 
 

{'MSE - mean': 73.64305628435542, 'MSE - std': 2.792241145795863, 'R2 - mean': 0.5512796349035138, 'R2 - std': 0.003306459534540007} 
 

{'MSE - mean': 69.06021253166122, 'MSE - std': 6.870418774286384, 'R2 - mean': 0.5666670313706019, 'R2 - std': 0.021927890683778584} 
 

{'MSE - mean': 72.02308575716233, 'MSE - std': 7.857343307487859, 'R2 - mean': 0.5537806355229598, 'R2 - std': 0.029305321806903806} 
 

{'MSE - mean': 70.56452955113835, 'MSE - std': 7.609193117926752, 'R2 - mean': 0.5618330250342172, 'R2 - std': 0.030763702903405212} 
 

Finished cross validation
Hyperparam was saved!!! Hurrah!!!
Trial 17 finished with value: 70.56452955113835 and parameters: {'max_depth': 4, 'n_estimators': 5}. Best is trial 2 with value: 70.07952306095325.
{'MSE - mean': 76.25332796729327, 'MSE - std': 0.0, 'R2 - mean': 0.555646491033209, 'R2 - std': 0.0} 
 

{'MSE - mean': 73.18832474563595, 'MSE - std': 3.065003221657328, 'R2 - mean': 0.5541305307674869, 'R2 - std': 0.0015159602657221494} 
 

{'MSE - mean': 68.9826740368017, 'MSE - std': 6.452737837689465, 'R2 - mean': 0.5670512377462164, 'R2 - std': 0.01831451413529389} 
 

{'MSE - mean': 71.94071104742738, 'MSE - std': 7.581445645136293, 'R2 - mean': 0.5542139382172184, 'R2 - std': 0.027312173999894968} 
 

{'MSE - mean': 70.54244270788793, 'MSE - std': 7.335071359813656, 'R2 - mean': 0.5619048935461504, 'R2 - std': 0.028868097519007718} 
 

Finished cross validation
Hyperparam was saved!!! Hurrah!!!
