Trial 68 finished with value: 70.43885204328345 and parameters: {'max_depth': 4, 'n_estimators': 40}. Best is trial 2 with value: 70.07952306095325.
{'MSE - mean': 77.63351769435805, 'MSE - std': 0.0, 'R2 - mean': 0.5476036663511937, 'R2 - std': 0.0} 
 

{'MSE - mean': 73.6162599383014, 'MSE - std': 4.017257756056651, 'R2 - mean': 0.5517816920353578, 'R2 - std': 0.004178025684164088} 
 

{'MSE - mean': 69.45971289794987, 'MSE - std': 6.731468872619232, 'R2 - mean': 0.5641965793818579, 'R2 - std': 0.01788564008912168} 
 

{'MSE - mean': 72.16296692052656, 'MSE - std': 7.477115207017504, 'R2 - mean': 0.552885093043582, 'R2 - std': 0.02497541312153218} 
 

{'MSE - mean': 70.5541018102297, 'MSE - std': 7.421562451918872, 'R2 - mean': 0.5618838028779599, 'R2 - std': 0.028686654095698948} 
 

Finished cross validation
Hyperparam was saved!!! Hurrah!!!
Trial 69 finished with value: 70.5541018102297 and parameters: {'max_depth': 5, 'n_estimators': 27}. Best is trial 2 with value: 70.07952306095325.
{'MSE - mean': 76.22250912613765, 'MSE - std': 0.0, 'R2 - mean': 0.5558260826730081, 'R2 - std': 0.0} 
 

{'MSE - mean': 73.4867881456158, 'MSE - std': 2.7357209805218474, 'R2 - mean': 0.5522178240877722, 'R2 - std': 0.003608258585235946} 
 

{'MSE - mean': 69.21312860289034, 'MSE - std': 6.44342905315966, 'R2 - mean': 0.5655645261111911, 'R2 - std': 0.019103627835635954} 
 

{'MSE - mean': 71.9844982103015, 'MSE - std': 7.360693036322964, 'R2 - mean': 0.5538722833335624, 'R2 - std': 0.026150278600330285} 
 

{'MSE - mean': 70.34578335509767, 'MSE - std': 7.3542767888244205, 'R2 - mean': 0.5630846124156561, 'R2 - std': 0.02977478270562312} 
 

Finished cross validation
Hyperparam was saved!!! Hurrah!!!
Trial 70 finished with value: 70.34578335509767 and parameters: {'max_depth': 4, 'n_estimators': 33}. Best is trial 2 with value: 70.07952306095325.
{'MSE - mean': 75.99812405675672, 'MSE - std': 0.0, 'R2 - mean': 0.557133649117609, 'R2 - std': 0.0} 
 

{'MSE - mean': 73.68048701760398, 'MSE - std': 2.31763703915275, 'R2 - mean': 0.5509200260760043, 'R2 - std': 0.006213623041604721} 
 

{'MSE - mean': 69.15861337455243, 'MSE - std': 6.6690061816548285, 'R2 - mean': 0.5659336460525471, 'R2 - std': 0.021830185000029916} 
 

{'MSE - mean': 71.93785103809299, 'MSE - std': 7.518591527642658, 'R2 - mean': 0.5541836456688405, 'R2 - std': 0.027777783567141588} 
 

{'MSE - mean': 70.26854032380544, 'MSE - std': 7.507980280406495, 'R2 - mean': 0.5635840945707329, 'R2 - std': 0.031156989041798127} 
 

Finished cross validation
Hyperparam was saved!!! Hurrah!!!
Trial 71 finished with value: 70.26854032380544 and parameters: {'max_depth': 4, 'n_estimators': 39}. Best is trial 2 with value: 70.07952306095325.
{'MSE - mean': 76.22471154595992, 'MSE - std': 0.0, 'R2 - mean': 0.5558132484400333, 'R2 - std': 0.0} 
 

{'MSE - mean': 73.22674882906088, 'MSE - std': 2.997962716899032, 'R2 - mean': 0.5538774784586781, 'R2 - std': 0.001935769981355251} 
 

{'MSE - mean': 69.31944520649745, 'MSE - std': 6.043665843873714, 'R2 - mean': 0.5647912259407217, 'R2 - std': 0.015515086372649499} 
 

{'MSE - mean': 72.12011122851752, 'MSE - std': 7.136218405079647, 'R2 - mean': 0.5529574634122048, 'R2 - std': 0.02450820751517897} 
 

{'MSE - mean': 70.60892422336889, 'MSE - std': 7.0622400949074455, 'R2 - mean': 0.5613828630264417, 'R2 - std': 0.027649072735337673} 
 

Finished cross validation
Hyperparam was saved!!! Hurrah!!!
Trial 72 finished with value: 70.60892422336889 and parameters: {'max_depth': 4, 'n_estimators': 24}. Best is trial 2 with value: 70.07952306095325.
{'MSE - mean': 76.25658456191844, 'MSE - std': 0.0, 'R2 - mean': 0.5556275137729694, 'R2 - std': 0.0} 
 

{'MSE - mean': 73.04400934244053, 'MSE - std': 3.2125752194779125, 'R2 - mean': 0.5550521601123193, 'R2 - std': 0.0005753536606500909} 
 

{'MSE - mean': 68.75553635457653, 'MSE - std': 6.607755102590754, 'R2 - mean': 0.5685456359164148, 'R2 - std': 0.019088438030423236} 
 

{'MSE - mean': 71.78158790278383, 'MSE - std': 7.760011890395776, 'R2 - mean': 0.5552674382648527, 'R2 - std': 0.028323275736624007} 
 

{'MSE - mean': 70.217826969655, 'MSE - std': 7.612858901568246, 'R2 - mean': 0.563985172541065, 'R2 - std': 0.030753242469776176} 
 

Finished cross validation
Hyperparam was saved!!! Hurrah!!!
Trial 73 finished with value: 70.217826969655 and parameters: {'max_depth': 3, 'n_estimators': 29}. Best is trial 2 with value: 70.07952306095325.
{'MSE - mean': 76.42316763086727, 'MSE - std': 0.0, 'R2 - mean': 0.5546567788136556, 'R2 - std': 0.0} 
 

{'MSE - mean': 73.5937868672143, 'MSE - std': 2.8293807636529635, 'R2 - mean': 0.551590621073909, 'R2 - std': 0.0030661577397466666} 
 

{'MSE - mean': 69.11003681620765, 'MSE - std': 6.7487005695139075, 'R2 - mean': 0.5663187168700573, 'R2 - std': 0.020978588141667497} 
 

{'MSE - mean': 72.14280480733457, 'MSE - std': 7.85822910054995, 'R2 - mean': 0.553025896831451, 'R2 - std': 0.02932870716635148} 
 

{'MSE - mean': 70.51421133001793, 'MSE - std': 7.746655958206569, 'R2 - mean': 0.5621454621817656, 'R2 - std': 0.03195002879426438} 
 

Finished cross validation
Hyperparam was saved!!! Hurrah!!!
Trial 74 finished with value: 70.51421133001793 and parameters: {'max_depth': 3, 'n_estimators': 29}. Best is trial 2 with value: 70.07952306095325.
{'MSE - mean': 76.18019352509107, 'MSE - std': 0.0, 'R2 - mean': 0.5560726697572749, 'R2 - std': 0.0} 
 

{'MSE - mean': 72.9964146717477, 'MSE - std': 3.1837788533433695, 'R2 - mean': 0.5553347045134774, 'R2 - std': 0.0007379652437974338} 
 

{'MSE - mean': 68.84552416796659, 'MSE - std': 6.420079112188409, 'R2 - mean': 0.5679159205285107, 'R2 - std': 0.017802726045034807} 
 

{'MSE - mean': 71.87548808225503, 'MSE - std': 7.645593882801961, 'R2 - mean': 0.5546368889299843, 'R2 - std': 0.02768936314832661} 
 

{'MSE - mean': 70.40847664166581, 'MSE - std': 7.441275087232681, 'R2 - mean': 0.5627561872960593, 'R2 - std': 0.029615075368422023} 
 

Finished cross validation
Hyperparam was saved!!! Hurrah!!!
Trial 75 finished with value: 70.40847664166581 and parameters: {'max_depth': 3, 'n_estimators': 22}. Best is trial 2 with value: 70.07952306095325.
{'MSE - mean': 76.42445280782972, 'MSE - std': 0.0, 'R2 - mean': 0.5546492896599605, 'R2 - std': 0.0} 
 

{'MSE - mean': 73.62182192235188, 'MSE - std': 2.8026308854778392, 'R2 - mean': 0.5514121130917673, 'R2 - std': 0.0032371765681932785} 
 

{'MSE - mean': 69.19141063533442, 'MSE - std': 6.670350935127255, 'R2 - mean': 0.5657784064449521, 'R2 - std': 0.02048821557648776} 
 

{'MSE - mean': 72.13555513949332, 'MSE - std': 7.705462139445106, 'R2 - mean': 0.5530298448964133, 'R2 - std': 0.028326713501607183} 
 

{'MSE - mean': 70.50029783876211, 'MSE - std': 7.6286029641289215, 'R2 - mean': 0.5621995062249615, 'R2 - std': 0.03127703492600923} 
 

Finished cross validation
Hyperparam was saved!!! Hurrah!!!
Trial 76 finished with value: 70.50029783876211 and parameters: {'max_depth': 3, 'n_estimators': 34}. Best is trial 2 with value: 70.07952306095325.
{'MSE - mean': 81.73320403981944, 'MSE - std': 0.0, 'R2 - mean': 0.5237134301892996, 'R2 - std': 0.0} 
 

{'MSE - mean': 76.60833917463616, 'MSE - std': 5.124864865183284, 'R2 - mean': 0.5338251261672422, 'R2 - std': 0.010111695977942647} 
 

{'MSE - mean': 72.70367152542521, 'MSE - std': 6.928372980663102, 'R2 - mean': 0.5438292517091142, 'R2 - std': 0.016380760648251284} 
 

{'MSE - mean': 75.1251348649007, 'MSE - std': 7.320670613588503, 'R2 - mean': 0.534438273303754, 'R2 - std': 0.02158282687210588} 
 

{'MSE - mean': 74.01225723770013, 'MSE - std': 6.915761782957893, 'R2 - mean': 0.5403002922920914, 'R2 - std': 0.02258556616761121} 
 

Finished cross validation
Hyperparam was saved!!! Hurrah!!!
Trial 77 finished with value: 74.01225723770013 and parameters: {'max_depth': 11, 'n_estimators': 19}. Best is trial 2 with value: 70.07952306095325.
{'MSE - mean': 81.32629543470976, 'MSE - std': 0.0, 'R2 - mean': 0.5260846219959945, 'R2 - std': 0.0} 
 

{'MSE - mean': 76.06432985056796, 'MSE - std': 5.261965584141798, 'R2 - mean': 0.5371834564941215, 'R2 - std': 0.011098834498126986} 
 

{'MSE - mean': 71.7229147246263, 'MSE - std': 7.493638977869064, 'R2 - mean': 0.550222353597199, 'R2 - std': 0.020546250918529213} 
 

{'MSE - mean': 73.87927544890059, 'MSE - std': 7.487699484324744, 'R2 - mean': 0.542291119016693, 'R2 - std': 0.022479429841933615} 
 

{'MSE - mean': 72.83018515190047, 'MSE - std': 7.018181862782182, 'R2 - mean': 0.5477452118407208, 'R2 - std': 0.022874621897359927} 
 

Finished cross validation
Hyperparam was saved!!! Hurrah!!!
Trial 78 finished with value: 72.83018515190047 and parameters: {'max_depth': 9, 'n_estimators': 51}. Best is trial 2 with value: 70.07952306095325.
{'MSE - mean': 76.44678583403454, 'MSE - std': 0.0, 'R2 - mean': 0.554519147686823, 'R2 - std': 0.0} 
 

{'MSE - mean': 73.16369874971926, 'MSE - std': 3.283087084315291, 'R2 - mean': 0.5543411011863826, 'R2 - std': 0.0001780465004403986} 
 

{'MSE - mean': 68.88841698910603, 'MSE - std': 6.613761572211591, 'R2 - mean': 0.5677147879561615, 'R2 - std': 0.018913807901544608} 
 

{'MSE - mean': 71.92282477381892, 'MSE - std': 7.773626786277143, 'R2 - mean': 0.5543951479582825, 'R2 - std': 0.028293771859221738} 
 

{'MSE - mean': 70.33098704820569, 'MSE - std': 7.6471699411352505, 'R2 - mean': 0.563286270489081, 'R2 - std': 0.03092956935115712} 
 

Finished cross validation
Hyperparam was saved!!! Hurrah!!!
Trial 79 finished with value: 70.33098704820569 and parameters: {'max_depth': 3, 'n_estimators': 30}. Best is trial 2 with value: 70.07952306095325.
{'MSE - mean': 82.11472773007196, 'MSE - std': 0.0, 'R2 - mean': 0.5214901647261793, 'R2 - std': 0.0} 
 

{'MSE - mean': 77.24640638127619, 'MSE - std': 4.868321348795774, 'R2 - mean': 0.5298596939160847, 'R2 - std': 0.008369529189905467} 
 

{'MSE - mean': 75.26019567699369, 'MSE - std': 4.867282036931895, 'R2 - mean': 0.5268619461807531, 'R2 - std': 0.008041910772726287} 
 

{'MSE - mean': 78.36224277116729, 'MSE - std': 6.8290493001363375, 'R2 - mean': 0.5138041560404052, 'R2 - std': 0.023664781780220898} 
 

{'MSE - mean': 78.07392008718992, 'MSE - std': 6.1352466417689975, 'R2 - mean': 0.5145614678998045, 'R2 - std': 0.02122054670299349} 
 

Finished cross validation
Hyperparam was saved!!! Hurrah!!!
Trial 80 finished with value: 78.07392008718992 and parameters: {'max_depth': 2, 'n_estimators': 5}. Best is trial 2 with value: 70.07952306095325.
{'MSE - mean': 75.86991376563101, 'MSE - std': 0.0, 'R2 - mean': 0.557880773135223, 'R2 - std': 0.0} 
 

{'MSE - mean': 73.12165153841329, 'MSE - std': 2.7482622272177224, 'R2 - mean': 0.5544499580054831, 'R2 - std': 0.003430815129739806} 
 

{'MSE - mean': 68.69508938421018, 'MSE - std': 6.650127957897834, 'R2 - mean': 0.5688983339832311, 'R2 - std': 0.020624212270008366} 
 

{'MSE - mean': 71.56264199242503, 'MSE - std': 7.605046040291285, 'R2 - mean': 0.5565723563528795, 'R2 - std': 0.027835369091329786} 
 

{'MSE - mean': 70.09218982329958, 'MSE - std': 7.410688129094562, 'R2 - mean': 0.5647185439506026, 'R2 - std': 0.029753784758743605} 
 

Finished cross validation
Hyperparam was saved!!! Hurrah!!!
Trial 81 finished with value: 70.09218982329958 and parameters: {'max_depth': 4, 'n_estimators': 36}. Best is trial 2 with value: 70.07952306095325.
{'MSE - mean': 76.33124655049598, 'MSE - std': 0.0, 'R2 - mean': 0.5551924335280114, 'R2 - std': 0.0} 
 

{'MSE - mean': 73.51812205084332, 'MSE - std': 2.813124499652666, 'R2 - mean': 0.5520479611362796, 'R2 - std': 0.0031444723917317674} 
 

{'MSE - mean': 69.11658448286596, 'MSE - std': 6.634971405991838, 'R2 - mean': 0.566240567826708, 'R2 - std': 0.020234919662634947} 
 

{'MSE - mean': 71.90896850521798, 'MSE - std': 7.510616469612038, 'R2 - mean': 0.5543980214832513, 'R2 - std': 0.0269782633244937} 
 

{'MSE - mean': 70.31550138789525, 'MSE - std': 7.435323639145869, 'R2 - mean': 0.563316168045984, 'R2 - std': 0.030006577713262948} 
 

Finished cross validation
Hyperparam was saved!!! Hurrah!!!
Trial 82 finished with value: 70.31550138789525 and parameters: {'max_depth': 4, 'n_estimators': 36}. Best is trial 2 with value: 70.07952306095325.
{'MSE - mean': 76.28722341605867, 'MSE - std': 0.0, 'R2 - mean': 0.5554489709773844, 'R2 - std': 0.0} 
 

{'MSE - mean': 73.5111516186506, 'MSE - std': 2.776071797408065, 'R2 - mean': 0.5520802677116059, 'R2 - std': 0.0033687032657785387} 
 

{'MSE - mean': 69.08929158502559, 'MSE - std': 6.651571899196708, 'R2 - mean': 0.5664143116010771, 'R2 - std': 0.020457152039791694} 
 

{'MSE - mean': 72.07559772296868, 'MSE - std': 7.741875069786848, 'R2 - mean': 0.5534071041596468, 'R2 - std': 0.028660663608115682} 
 

{'MSE - mean': 70.5250640488132, 'MSE - std': 7.587220991622035, 'R2 - mean': 0.5620451725261586, 'R2 - std': 0.030912971568326786} 
 

Finished cross validation
Hyperparam was saved!!! Hurrah!!!
Trial 83 finished with value: 70.5250640488132 and parameters: {'max_depth': 3, 'n_estimators': 45}. Best is trial 2 with value: 70.07952306095325.
{'MSE - mean': 76.71509348482178, 'MSE - std': 0.0, 'R2 - mean': 0.5529556297488115, 'R2 - std': 0.0} 
 

{'MSE - mean': 73.60137042420362, 'MSE - std': 3.113723060618163, 'R2 - mean': 0.5516229042346237, 'R2 - std': 0.001332725514187838} 
 

{'MSE - mean': 69.3354574482401, 'MSE - std': 6.546719883713109, 'R2 - mean': 0.5648591402772517, 'R2 - std': 0.018750466501301875} 
 

{'MSE - mean': 72.0851733638352, 'MSE - std': 7.404557297791974, 'R2 - mean': 0.5532897381322943, 'R2 - std': 0.025792211876602696} 
 

{'MSE - mean': 70.58036515421772, 'MSE - std': 7.274597309264354, 'R2 - mean': 0.5616525007623389, 'R2 - std': 0.02849445121450715} 
 

Finished cross validation
Hyperparam was saved!!! Hurrah!!!
Trial 84 finished with value: 70.58036515421772 and parameters: {'max_depth': 5, 'n_estimators': 43}. Best is trial 2 with value: 70.07952306095325.
{'MSE - mean': 76.49284808881043, 'MSE - std': 0.0, 'R2 - mean': 0.5542507276048908, 'R2 - std': 0.0} 
 

{'MSE - mean': 73.40079041908767, 'MSE - std': 3.092057669722763, 'R2 - mean': 0.5528411890447279, 'R2 - std': 0.001409538560162904} 
 

{'MSE - mean': 69.23208189500438, 'MSE - std': 6.413278563999617, 'R2 - mean': 0.565467381517628, 'R2 - std': 0.017893183209269862} 
 

{'MSE - mean': 72.01226986082888, 'MSE - std': 7.350914353367132, 'R2 - mean': 0.5537181839352735, 'R2 - std': 0.02557841737692129} 
 

{'MSE - mean': 70.36985328874965, 'MSE - std': 7.349753890396134, 'R2 - mean': 0.562949714195636, 'R2 - std': 0.029398791679222974} 
 

Finished cross validation
Hyperparam was saved!!! Hurrah!!!
Trial 85 finished with value: 70.36985328874965 and parameters: {'max_depth': 4, 'n_estimators': 25}. Best is trial 2 with value: 70.07952306095325.
{'MSE - mean': 77.47691586515019, 'MSE - std': 0.0, 'R2 - mean': 0.5485162373061163, 'R2 - std': 0.0} 
 

{'MSE - mean': 73.69159349159587, 'MSE - std': 3.7853223735543224, 'R2 - mean': 0.5512577925912742, 'R2 - std': 0.0027415552851578484} 
 

{'MSE - mean': 69.51231704874773, 'MSE - std': 6.669718646188255, 'R2 - mean': 0.5638313048481511, 'R2 - std': 0.017921974534131434} 
 

{'MSE - mean': 72.22414289696391, 'MSE - std': 7.444854492039698, 'R2 - mean': 0.5524809588153943, 'R2 - std': 0.02504773330246679} 
 

{'MSE - mean': 70.75422386660487, 'MSE - std': 7.278965211440529, 'R2 - mean': 0.5606123590663283, 'R2 - std': 0.02768374676659151} 
 

Finished cross validation
Hyperparam was saved!!! Hurrah!!!
Trial 86 finished with value: 70.75422386660487 and parameters: {'max_depth': 5, 'n_estimators': 28}. Best is trial 2 with value: 70.07952306095325.
{'MSE - mean': 76.11485248302297, 'MSE - std': 0.0, 'R2 - mean': 0.5564534337461589, 'R2 - std': 0.0} 
 

{'MSE - mean': 73.33784672508536, 'MSE - std': 2.7770057579376157, 'R2 - mean': 0.5531383193486592, 'R2 - std': 0.0033151143974997077} 
 

{'MSE - mean': 69.04473809370266, 'MSE - std': 6.480951892131098, 'R2 - mean': 0.566642593532073, 'R2 - std': 0.01928879203286998} 
 

{'MSE - mean': 71.85984233105377, 'MSE - std': 7.434815981081495, 'R2 - mean': 0.5546710238542254, 'R2 - std': 0.026627026969231145} 
 

{'MSE - mean': 70.39602016588259, 'MSE - std': 7.265830459281418, 'R2 - mean': 0.5627831181591821, 'R2 - std': 0.028817063490685038} 
 

Finished cross validation
Hyperparam was saved!!! Hurrah!!!
Trial 87 finished with value: 70.39602016588259 and parameters: {'max_depth': 4, 'n_estimators': 37}. Best is trial 2 with value: 70.07952306095325.
{'MSE - mean': 78.1244609678188, 'MSE - std': 0.0, 'R2 - mean': 0.5447427765765271, 'R2 - std': 0.0} 
 

{'MSE - mean': 74.44036883259938, 'MSE - std': 3.684092135219423, 'R2 - mean': 0.5466595526821251, 'R2 - std': 0.0019167761055979282} 
 

{'MSE - mean': 71.01922222471522, 'MSE - std': 5.697090906693662, 'R2 - mean': 0.553992795596291, 'R2 - std': 0.010488196081102599} 
 

{'MSE - mean': 73.702425195253, 'MSE - std': 6.778006207038834, 'R2 - mean': 0.5430160019439461, 'R2 - std': 0.021070635715023323} 
 

{'MSE - mean': 72.21129880553045, 'MSE - std': 6.756250894884951, 'R2 - mean': 0.5513191804789253, 'R2 - std': 0.025118687200630832} 
 

Finished cross validation
Hyperparam was saved!!! Hurrah!!!
Trial 88 finished with value: 72.21129880553045 and parameters: {'max_depth': 8, 'n_estimators': 15}. Best is trial 2 with value: 70.07952306095325.
{'MSE - mean': 76.39910929084114, 'MSE - std': 0.0, 'R2 - mean': 0.5547969747643833, 'R2 - std': 0.0} 
 

{'MSE - mean': 73.71595799970245, 'MSE - std': 2.6831512911386852, 'R2 - mean': 0.550804523725542, 'R2 - std': 0.0039924510388412715} 
 

{'MSE - mean': 69.17466307300059, 'MSE - std': 6.785738951900217, 'R2 - mean': 0.5659077090066343, 'R2 - std': 0.021606454008043684} 
 

{'MSE - mean': 72.1491349158973, 'MSE - std': 7.8151863749406605, 'R2 - mean': 0.5529701702852137, 'R2 - std': 0.02919364426730697} 
 

{'MSE - mean': 70.42048310428704, 'MSE - std': 7.798375395117898, 'R2 - mean': 0.562720458933728, 'R2 - std': 0.03258968559839512} 
 

Finished cross validation
Hyperparam was saved!!! Hurrah!!!
Trial 89 finished with value: 70.42048310428704 and parameters: {'max_depth': 3, 'n_estimators': 20}. Best is trial 2 with value: 70.07952306095325.
{'MSE - mean': 82.69578779748544, 'MSE - std': 0.0, 'R2 - mean': 0.5181041344143429, 'R2 - std': 0.0} 
 

{'MSE - mean': 77.04952179588619, 'MSE - std': 5.646266001599237, 'R2 - mean': 0.5312763745642043, 'R2 - std': 0.013172240149861403} 
 

{'MSE - mean': 72.51941748435581, 'MSE - std': 7.8928598526708, 'R2 - mean': 0.5453453041405203, 'R2 - std': 0.022617283197231247} 
 

{'MSE - mean': 74.6837159263212, 'MSE - std': 7.795863693530579, 'R2 - mean': 0.5373924656647636, 'R2 - std': 0.02394575210516985} 
 

{'MSE - mean': 73.58249827281311, 'MSE - std': 7.3123945369542325, 'R2 - mean': 0.5431441939822222, 'R2 - std': 0.0243114941880835} 
 

Finished cross validation
Hyperparam was saved!!! Hurrah!!!
Trial 90 finished with value: 73.58249827281311 and parameters: {'max_depth': 6, 'n_estimators': 8}. Best is trial 2 with value: 70.07952306095325.
{'MSE - mean': 76.40527785039134, 'MSE - std': 0.0, 'R2 - mean': 0.5547610285158133, 'R2 - std': 0.0} 
 

{'MSE - mean': 73.85207564732576, 'MSE - std': 2.553202203065588, 'R2 - mean': 0.5499378002979501, 'R2 - std': 0.004823228217863185} 
 

{'MSE - mean': 69.36382541794038, 'MSE - std': 6.680918692039928, 'R2 - mean': 0.5646684194521768, 'R2 - std': 0.021201209909534235} 
 

{'MSE - mean': 72.15666960520488, 'MSE - std': 7.541614010955994, 'R2 - mean': 0.5528457431731282, 'R2 - std': 0.027503554305191788} 
 

{'MSE - mean': 70.52927094442921, 'MSE - std': 7.4896234295574455, 'R2 - mean': 0.5619764552668522, 'R2 - std': 0.030637167181200447} 
 

Finished cross validation
Hyperparam was saved!!! Hurrah!!!
Trial 91 finished with value: 70.52927094442921 and parameters: {'max_depth': 4, 'n_estimators': 40}. Best is trial 2 with value: 70.07952306095325.
{'MSE - mean': 76.72677815447587, 'MSE - std': 0.0, 'R2 - mean': 0.552887539291643, 'R2 - std': 0.0} 
 

{'MSE - mean': 73.58371069128592, 'MSE - std': 3.1430674631899436, 'R2 - mean': 0.5517388017418308, 'R2 - std': 0.0011487375498123176} 
 

{'MSE - mean': 69.4914101919604, 'MSE - std': 6.330857930723287, 'R2 - mean': 0.5638090997079966, 'R2 - std': 0.017095728061603324} 
 

{'MSE - mean': 72.12913390718904, 'MSE - std': 7.136706579220584, 'R2 - mean': 0.5529396979377221, 'R2 - std': 0.023950566235439202} 
 

{'MSE - mean': 70.56026933413034, 'MSE - std': 7.1127637970557505, 'R2 - mean': 0.5617190594996062, 'R2 - std': 0.027698600255891652} 
 

Finished cross validation
Hyperparam was saved!!! Hurrah!!!
Trial 92 finished with value: 70.56026933413034 and parameters: {'max_depth': 5, 'n_estimators': 34}. Best is trial 2 with value: 70.07952306095325.
{'MSE - mean': 76.28540849170413, 'MSE - std': 0.0, 'R2 - mean': 0.5554595471453623, 'R2 - std': 0.0} 
 

{'MSE - mean': 73.5674776435237, 'MSE - std': 2.71793084818043, 'R2 - mean': 0.5517204072597122, 'R2 - std': 0.0037391398856501112} 
 

{'MSE - mean': 69.24628759834906, 'MSE - std': 6.501548447102956, 'R2 - mean': 0.5653715984643186, 'R2 - std': 0.019545608731010536} 
 

{'MSE - mean': 71.97868390723053, 'MSE - std': 7.3553088258677155, 'R2 - mean': 0.5539114645177321, 'R2 - std': 0.026086914837144436} 
 

{'MSE - mean': 70.21111397439805, 'MSE - std': 7.4684448320198324, 'R2 - mean': 0.5639313674956183, 'R2 - std': 0.03075736535077982} 
 

Finished cross validation
Hyperparam was saved!!! Hurrah!!!
