

----------------------------------------------------------------------------
Training RandomForest Vesion 1 with Dataset: config/diamonds.yml 



----------------------------------------------------------------------------
Namespace(batch_size=128, cat_dims=None, cat_idx=None, config='config/diamonds.yml', data_parallel=False, dataset='Diamonds', direction='minimize', dropna_idx=None, early_stopping_rounds=20, epochs=100, gpu_ids=[0, 1], logging_period=100, miss_cat_idx=None, miss_num_idx=None, model_name='RandomForest', n_trials=200, nominal_idx=None, num_classes=1, num_features=9, num_idx=None, num_splits=5, objective='regression', one_hot_encode=False, optimize_hyperparameters=True, ordinal_encode=True, ordinal_idx=[1, 2, 3], scale=True, seed=221, shuffle=True, target_encode=False, use_gpu=True, val_batch_size=256)
Start hyperparameter optimization
Loading dataset Diamonds...
Dataset loaded! 

(53940, 9)
Scaling the data...
A new study created in RDB with name: RandomForest_Diamonds
{'MSE - mean': 306392.12288262264, 'MSE - std': 0.0, 'R2 - mean': 0.9800725415366836, 'R2 - std': 0.0} 
 

{'MSE - mean': 307108.96441025287, 'MSE - std': 716.8415276301967, 'R2 - mean': 0.9803328450545483, 'R2 - std': 0.00026030351786476835} 
 

{'MSE - mean': 318246.19964740495, 'MSE - std': 15761.300453086997, 'R2 - mean': 0.9798136584359093, 'R2 - std': 0.0007643830437394176} 
 

{'MSE - mean': 321074.2160546911, 'MSE - std': 14501.964500680597, 'R2 - mean': 0.9797754938476733, 'R2 - std': 0.0006652673789935175} 
 

{'MSE - mean': 322049.05806926446, 'MSE - std': 13116.662964211206, 'R2 - mean': 0.9797680763588655, 'R2 - std': 0.0005952181322869604} 
 

Finished cross validation
Hyperparam was saved!!! Hurrah!!!
Trial 0 finished with value: 322049.05806926446 and parameters: {'max_depth': 10, 'n_estimators': 15}. Best is trial 0 with value: 322049.05806926446.
{'MSE - mean': 672473.8600613974, 'MSE - std': 0.0, 'R2 - mean': 0.9562629261223753, 'R2 - std': 0.0} 
 

{'MSE - mean': 648188.4247665026, 'MSE - std': 24285.435294894793, 'R2 - mean': 0.9584645079386107, 'R2 - std': 0.0022015818162354206} 
 

{'MSE - mean': 658926.6950152117, 'MSE - std': 24976.171460887213, 'R2 - mean': 0.9581731198191576, 'R2 - std': 0.0018442132201481284} 
 

{'MSE - mean': 654425.887697547, 'MSE - std': 22991.925868986345, 'R2 - mean': 0.9587410404546, 'R2 - std': 0.0018757514082390174} 
 

{'MSE - mean': 650247.357882325, 'MSE - std': 22197.82353742739, 'R2 - mean': 0.9591164985747795, 'R2 - std': 0.0018381049688317194} 
 

Finished cross validation
Hyperparam was saved!!! Hurrah!!!
Trial 1 finished with value: 650247.357882325 and parameters: {'max_depth': 6, 'n_estimators': 8}. Best is trial 0 with value: 322049.05806926446.
{'MSE - mean': 851993.032652242, 'MSE - std': 0.0, 'R2 - mean': 0.9445871662447513, 'R2 - std': 0.0} 
 

{'MSE - mean': 849005.0640815691, 'MSE - std': 2987.968570672907, 'R2 - mean': 0.9456250456556179, 'R2 - std': 0.0010378794108666933} 
 

{'MSE - mean': 845267.4925508496, 'MSE - std': 5821.585066002932, 'R2 - mean': 0.9463434476743484, 'R2 - std': 0.0013230011471522744} 
 

{'MSE - mean': 843231.58440971, 'MSE - std': 6152.471486159611, 'R2 - mean': 0.9468416131397194, 'R2 - std': 0.0014343136055930768} 
 

{'MSE - mean': 848507.4792198058, 'MSE - std': 11900.528916782858, 'R2 - mean': 0.9466619446416591, 'R2 - std': 0.001332264047451777} 
 

Finished cross validation
Hyperparam was saved!!! Hurrah!!!
Trial 2 finished with value: 848507.4792198058 and parameters: {'max_depth': 5, 'n_estimators': 6}. Best is trial 0 with value: 322049.05806926446.
{'MSE - mean': 1636273.3274985643, 'MSE - std': 0.0, 'R2 - mean': 0.893578305925144, 'R2 - std': 0.0} 
 

{'MSE - mean': 1633869.2185682117, 'MSE - std': 2404.1089303526096, 'R2 - mean': 0.8953613642890927, 'R2 - std': 0.0017830583639487085} 
 

{'MSE - mean': 1671063.018183035, 'MSE - std': 52636.59011949737, 'R2 - mean': 0.8939761589004819, 'R2 - std': 0.002440721073119943} 
 

{'MSE - mean': 1679215.395478411, 'MSE - std': 47721.501770737115, 'R2 - mean': 0.8941961789914277, 'R2 - std': 0.0021478049350065103} 
 

{'MSE - mean': 1677560.9035513964, 'MSE - std': 42811.47929177174, 'R2 - mean': 0.8945831250213517, 'R2 - std': 0.002071077437317747} 
 

Finished cross validation
Hyperparam was saved!!! Hurrah!!!
Trial 3 finished with value: 1677560.9035513964 and parameters: {'max_depth': 3, 'n_estimators': 51}. Best is trial 0 with value: 322049.05806926446.
{'MSE - mean': 1169727.8143051784, 'MSE - std': 0.0, 'R2 - mean': 0.9239219918134705, 'R2 - std': 0.0} 
 

{'MSE - mean': 1148589.2097305753, 'MSE - std': 21138.60457460303, 'R2 - mean': 0.9264209827497157, 'R2 - std': 0.0024989909362452822} 
 

{'MSE - mean': 1168299.4510887067, 'MSE - std': 32785.37729485306, 'R2 - mean': 0.9258548547143081, 'R2 - std': 0.0021918726478910846} 
 

{'MSE - mean': 1188399.7698726924, 'MSE - std': 44924.70555193366, 'R2 - mean': 0.9251249545650535, 'R2 - std': 0.002280677961062308} 
 

{'MSE - mean': 1189108.0544165466, 'MSE - std': 40206.840252904745, 'R2 - mean': 0.9252812830883794, 'R2 - std': 0.0020637218801188295} 
 

Finished cross validation
Hyperparam was saved!!! Hurrah!!!
Trial 4 finished with value: 1189108.0544165466 and parameters: {'max_depth': 4, 'n_estimators': 85}. Best is trial 0 with value: 322049.05806926446.
{'MSE - mean': 281587.62602550705, 'MSE - std': 0.0, 'R2 - mean': 0.9816858029226918, 'R2 - std': 0.0} 
 

{'MSE - mean': 286855.65917028993, 'MSE - std': 5268.033144782879, 'R2 - mean': 0.9816344449481503, 'R2 - std': 5.135797454147717e-05} 
 

{'MSE - mean': 300379.52206211427, 'MSE - std': 19603.346240971616, 'R2 - mean': 0.9809534301558503, 'R2 - std': 0.0009640128227168019} 
 

{'MSE - mean': 301644.241198363, 'MSE - std': 17117.737331883065, 'R2 - mean': 0.981002467731439, 'R2 - std': 0.0008391689896741069} 
 

{'MSE - mean': 302774.0955687488, 'MSE - std': 15476.42816297719, 'R2 - mean': 0.9809815806644977, 'R2 - std': 0.0007517371567550395} 
 

Finished cross validation
Hyperparam was saved!!! Hurrah!!!
Trial 5 finished with value: 302774.0955687488 and parameters: {'max_depth': 11, 'n_estimators': 37}. Best is trial 5 with value: 302774.0955687488.
{'MSE - mean': 490142.5087143618, 'MSE - std': 0.0, 'R2 - mean': 0.9681215874885499, 'R2 - std': 0.0} 
 

{'MSE - mean': 489582.6517813484, 'MSE - std': 559.8569330133905, 'R2 - mean': 0.9686455937492491, 'R2 - std': 0.0005240062606991502} 
 

{'MSE - mean': 506871.1619326696, 'MSE - std': 24453.91842551282, 'R2 - mean': 0.96784754153938, 'R2 - std': 0.0012069920050225133} 
 

{'MSE - mean': 508019.8586156888, 'MSE - std': 21270.968642258977, 'R2 - mean': 0.967994255009787, 'R2 - std': 0.001075730822435474} 
 

{'MSE - mean': 503431.9895046763, 'MSE - std': 21122.439667403516, 'R2 - mean': 0.9683646927484325, 'R2 - std': 0.0012143532907361477} 
 

Finished cross validation
Hyperparam was saved!!! Hurrah!!!
Trial 6 finished with value: 503431.9895046763 and parameters: {'max_depth': 7, 'n_estimators': 7}. Best is trial 5 with value: 302774.0955687488.
{'MSE - mean': 1633153.1080236558, 'MSE - std': 0.0, 'R2 - mean': 0.8937812420952964, 'R2 - std': 0.0} 
 

{'MSE - mean': 1631774.0468721977, 'MSE - std': 1379.0611514581833, 'R2 - mean': 0.8954965653092706, 'R2 - std': 0.0017153232139741625} 
 

{'MSE - mean': 1669835.9798668108, 'MSE - std': 53839.4777062252, 'R2 - mean': 0.894055712813686, 'R2 - std': 0.0024725831931397555} 
 

{'MSE - mean': 1679281.3208063992, 'MSE - std': 49413.16035384237, 'R2 - mean': 0.8941949799100591, 'R2 - std': 0.002154863500930977} 
 

{'MSE - mean': 1677381.066004969, 'MSE - std': 44359.578516539885, 'R2 - mean': 0.8945966232491118, 'R2 - std': 0.0020880658163326903} 
 

Finished cross validation
Hyperparam was saved!!! Hurrah!!!
Trial 7 finished with value: 1677381.066004969 and parameters: {'max_depth': 3, 'n_estimators': 39}. Best is trial 5 with value: 302774.0955687488.
{'MSE - mean': 1618766.1889840686, 'MSE - std': 0.0, 'R2 - mean': 0.8947169539173863, 'R2 - std': 0.0} 
 

{'MSE - mean': 1623504.5354725113, 'MSE - std': 4738.346488442738, 'R2 - mean': 0.8960322608184215, 'R2 - std': 0.0013153069010351515} 
 

{'MSE - mean': 1658241.364928198, 'MSE - std': 49277.40448620071, 'R2 - mean': 0.8947919108357197, 'R2 - std': 0.00205676712061669} 
 

{'MSE - mean': 1669187.5233905695, 'MSE - std': 46697.45282049666, 'R2 - mean': 0.8948333972099615, 'R2 - std': 0.0017826613809359805} 
 

{'MSE - mean': 1669275.3890265163, 'MSE - std': 41767.84123482958, 'R2 - mean': 0.895109261672226, 'R2 - std': 0.0016872196316503542} 
 

Finished cross validation
Hyperparam was saved!!! Hurrah!!!
Trial 8 finished with value: 1669275.3890265163 and parameters: {'max_depth': 3, 'n_estimators': 58}. Best is trial 5 with value: 302774.0955687488.
{'MSE - mean': 1643221.5181518802, 'MSE - std': 0.0, 'R2 - mean': 0.8931264020728632, 'R2 - std': 0.0} 
 

{'MSE - mean': 1638630.8178479252, 'MSE - std': 4590.700303955004, 'R2 - mean': 0.8950542417871026, 'R2 - std': 0.0019278397142393766} 
 

{'MSE - mean': 1667158.9567718452, 'MSE - std': 40518.62666863369, 'R2 - mean': 0.8942126123126625, 'R2 - std': 0.001973421137776993} 
 

{'MSE - mean': 1675031.9525607894, 'MSE - std': 37646.66676363637, 'R2 - mean': 0.894450997054625, 'R2 - std': 0.0017582022340647857} 
 

{'MSE - mean': 1674762.0181136928, 'MSE - std': 33676.530004629996, 'R2 - mean': 0.8947529228665297, 'R2 - std': 0.0016845346123703217} 
 

Finished cross validation
Hyperparam was saved!!! Hurrah!!!
Trial 9 finished with value: 1674762.0181136928 and parameters: {'max_depth': 3, 'n_estimators': 80}. Best is trial 5 with value: 302774.0955687488.
{'MSE - mean': 277913.7720626381, 'MSE - std': 0.0, 'R2 - mean': 0.9819247469645835, 'R2 - std': 0.0} 
 

{'MSE - mean': 282360.2663860175, 'MSE - std': 4446.494323379418, 'R2 - mean': 0.9819215197167079, 'R2 - std': 3.227247875547956e-06} 
 

{'MSE - mean': 295856.3410792308, 'MSE - std': 19428.559873585167, 'R2 - mean': 0.9812399449260708, 'R2 - std': 0.0009638959144446433} 
 

{'MSE - mean': 297907.5283132724, 'MSE - std': 17196.622089189448, 'R2 - mean': 0.9812386042845772, 'R2 - std': 0.0008347615781593865} 
 

{'MSE - mean': 298179.0727652414, 'MSE - std': 15390.711308458076, 'R2 - mean': 0.9812703004160083, 'R2 - std': 0.000749319753434862} 
 

Finished cross validation
Hyperparam was saved!!! Hurrah!!!
Trial 10 finished with value: 298179.0727652414 and parameters: {'max_depth': 12, 'n_estimators': 24}. Best is trial 10 with value: 298179.0727652414.
{'MSE - mean': 285448.02199032257, 'MSE - std': 0.0, 'R2 - mean': 0.9814347263626385, 'R2 - std': 0.0} 
 

{'MSE - mean': 290775.5522804654, 'MSE - std': 5327.530290142808, 'R2 - mean': 0.981383466510132, 'R2 - std': 5.125985250653553e-05} 
 

{'MSE - mean': 302950.1994557472, 'MSE - std': 17758.541241145183, 'R2 - mean': 0.9807887655079469, 'R2 - std': 0.0008420749841823694} 
 

{'MSE - mean': 306028.6540046419, 'MSE - std': 16277.437989097765, 'R2 - mean': 0.9807273699033151, 'R2 - std': 0.0007369708067784115} 
 

{'MSE - mean': 305870.2071699089, 'MSE - std': 14562.431513620453, 'R2 - mean': 0.9807870769920004, 'R2 - std': 0.0006698959036984726} 
 

Finished cross validation
Hyperparam was saved!!! Hurrah!!!
Trial 11 finished with value: 305870.2071699089 and parameters: {'max_depth': 11, 'n_estimators': 24}. Best is trial 10 with value: 298179.0727652414.
{'MSE - mean': 273776.24352693657, 'MSE - std': 0.0, 'R2 - mean': 0.982193847969075, 'R2 - std': 0.0} 
 

{'MSE - mean': 281571.0710716776, 'MSE - std': 7794.827544741071, 'R2 - mean': 0.981975399904467, 'R2 - std': 0.00021844806460802335} 
 

{'MSE - mean': 294555.5221250339, 'MSE - std': 19434.45812508063, 'R2 - mean': 0.9813241515404569, 'R2 - std': 0.0009381161448379101} 
 

{'MSE - mean': 297997.3763955177, 'MSE - std': 17855.327059994674, 'R2 - mean': 0.9812360032323284, 'R2 - std': 0.0008266539775395417} 
 

{'MSE - mean': 298004.8563765894, 'MSE - std': 15970.29703342958, 'R2 - mean': 0.9812835173131373, 'R2 - std': 0.0007454634735291009} 
 

Finished cross validation
Hyperparam was saved!!! Hurrah!!!
Trial 12 finished with value: 298004.8563765894 and parameters: {'max_depth': 12, 'n_estimators': 25}. Best is trial 12 with value: 298004.8563765894.
{'MSE - mean': 387699.42464128404, 'MSE - std': 0.0, 'R2 - mean': 0.9747843903162269, 'R2 - std': 0.0} 
 

{'MSE - mean': 389597.738901795, 'MSE - std': 1898.3142605109606, 'R2 - mean': 0.975051277678731, 'R2 - std': 0.00026688736250418676} 
 

{'MSE - mean': 400326.453234877, 'MSE - std': 15251.65631998253, 'R2 - mean': 0.974604229968449, 'R2 - std': 0.0006687220798258503} 
 

{'MSE - mean': 404475.8524682374, 'MSE - std': 15037.031202022024, 'R2 - mean': 0.9745204569937898, 'R2 - std': 0.0005970306934192903} 
 

{'MSE - mean': 403127.64811846224, 'MSE - std': 13717.159537290443, 'R2 - mean': 0.9746715701285238, 'R2 - std': 0.000613593706832372} 
 

Finished cross validation
Hyperparam was saved!!! Hurrah!!!
Trial 13 finished with value: 403127.64811846224 and parameters: {'max_depth': 8, 'n_estimators': 15}. Best is trial 12 with value: 298004.8563765894.
{'MSE - mean': 2606932.024567341, 'MSE - std': 0.0, 'R2 - mean': 0.8304475678176733, 'R2 - std': 0.0} 
 

{'MSE - mean': 2613043.2895505414, 'MSE - std': 6111.264983200468, 'R2 - mean': 0.8326615972350184, 'R2 - std': 0.00221402941734522} 
 

{'MSE - mean': 2597726.4160723365, 'MSE - std': 22228.621176865956, 'R2 - mean': 0.8351052817599208, 'R2 - std': 0.0039001460171479187} 
 

{'MSE - mean': 2618718.4487328515, 'MSE - std': 41140.97720313497, 'R2 - mean': 0.8349531327412172, 'R2 - std': 0.00338789052184152} 
 

{'MSE - mean': 2619013.2664599405, 'MSE - std': 36802.33245532028, 'R2 - mean': 0.8353872445375545, 'R2 - std': 0.0031521506875883754} 
 

Finished cross validation
Hyperparam was saved!!! Hurrah!!!
Trial 14 finished with value: 2619013.2664599405 and parameters: {'max_depth': 2, 'n_estimators': 23}. Best is trial 12 with value: 298004.8563765894.
{'MSE - mean': 398141.916833608, 'MSE - std': 0.0, 'R2 - mean': 0.9741052203445636, 'R2 - std': 0.0} 
 

{'MSE - mean': 396493.12406517874, 'MSE - std': 1648.7927684292663, 'R2 - mean': 0.9746061467395715, 'R2 - std': 0.0005009263950078169} 
 

{'MSE - mean': 406939.61720376293, 'MSE - std': 14834.782871721518, 'R2 - mean': 0.9741818033732382, 'R2 - std': 0.0007262364770369005} 
 

{'MSE - mean': 409393.5118513214, 'MSE - std': 13532.105673630027, 'R2 - mean': 0.9742062422992197, 'R2 - std': 0.0006303620774948365} 
 

{'MSE - mean': 406509.93128844374, 'MSE - std': 13407.253806065382, 'R2 - mean': 0.9744545020994024, 'R2 - std': 0.0007512767749252289} 
 

Finished cross validation
Hyperparam was saved!!! Hurrah!!!
Trial 15 finished with value: 406509.93128844374 and parameters: {'max_depth': 8, 'n_estimators': 13}. Best is trial 12 with value: 298004.8563765894.
{'MSE - mean': 275555.85037126514, 'MSE - std': 0.0, 'R2 - mean': 0.9820781039964893, 'R2 - std': 0.0} 
 

{'MSE - mean': 280595.9273606876, 'MSE - std': 5040.076989422436, 'R2 - mean': 0.9820351033495879, 'R2 - std': 4.300064690143657e-05} 
 

{'MSE - mean': 292653.4364007099, 'MSE - std': 17541.435684496028, 'R2 - mean': 0.9814419905945998, 'R2 - std': 0.0008395225929152513} 
 

{'MSE - mean': 295424.17807297833, 'MSE - std': 15931.33712681762, 'R2 - mean': 0.9813951481261199, 'R2 - std': 0.0007315608577358422} 
 

{'MSE - mean': 296749.7179408553, 'MSE - std': 14493.93755623293, 'R2 - mean': 0.9813608910510456, 'R2 - std': 0.0006579051752551777} 
 

Finished cross validation
Hyperparam was saved!!! Hurrah!!!
Trial 16 finished with value: 296749.7179408553 and parameters: {'max_depth': 12, 'n_estimators': 30}. Best is trial 16 with value: 296749.7179408553.
{'MSE - mean': 332988.37284076103, 'MSE - std': 0.0, 'R2 - mean': 0.9783427461968608, 'R2 - std': 0.0} 
 

{'MSE - mean': 333943.032536924, 'MSE - std': 954.6596961629984, 'R2 - mean': 0.9786145750145154, 'R2 - std': 0.00027182881765458466} 
 

{'MSE - mean': 346498.7537181994, 'MSE - std': 17773.571734108653, 'R2 - mean': 0.9780222064886109, 'R2 - std': 0.00086663807038236} 
 

{'MSE - mean': 347985.42125676567, 'MSE - std': 15606.262533076575, 'R2 - mean': 0.9780787792294401, 'R2 - std': 0.0007568999826871468} 
 

{'MSE - mean': 348358.9685621971, 'MSE - std': 13978.644231778278, 'R2 - mean': 0.9781135116613209, 'R2 - std': 0.0006805464233473507} 
 

Finished cross validation
Hyperparam was saved!!! Hurrah!!!
Trial 17 finished with value: 348358.9685621971 and parameters: {'max_depth': 9, 'n_estimators': 33}. Best is trial 16 with value: 296749.7179408553.
{'MSE - mean': 637301.3348115993, 'MSE - std': 0.0, 'R2 - mean': 0.9585505144238337, 'R2 - std': 0.0} 
 

{'MSE - mean': 627734.0020681418, 'MSE - std': 9567.332743457519, 'R2 - mean': 0.9597891249941858, 'R2 - std': 0.0012386105703521277} 
 

{'MSE - mean': 639776.1776809989, 'MSE - std': 18736.343227298465, 'R2 - mean': 0.959399901151936, 'R2 - std': 0.0011514170235309323} 
 

{'MSE - mean': 638989.8028285105, 'MSE - std': 16283.214497580877, 'R2 - mean': 0.9597273598135521, 'R2 - std': 0.001147174091740207} 
 

{'MSE - mean': 634911.9278417092, 'MSE - std': 16692.23523472212, 'R2 - mean': 0.9600912046237772, 'R2 - std': 0.0012579105298545987} 
 

Finished cross validation
Hyperparam was saved!!! Hurrah!!!
Trial 18 finished with value: 634911.9278417092 and parameters: {'max_depth': 6, 'n_estimators': 11}. Best is trial 16 with value: 296749.7179408553.
{'MSE - mean': 2620993.703472721, 'MSE - std': 0.0, 'R2 - mean': 0.8295330093111584, 'R2 - std': 0.0} 
 

{'MSE - mean': 2673384.7639749562, 'MSE - std': 52391.06050223508, 'R2 - mean': 0.8288433535907009, 'R2 - std': 0.0006896557204573717} 
 

{'MSE - mean': 2688764.4383669645, 'MSE - std': 47989.070795765285, 'R2 - mean': 0.8293927663013987, 'R2 - std': 0.0009595790718810908} 
 

{'MSE - mean': 2688300.2414478385, 'MSE - std': 41567.53087711498, 'R2 - mean': 0.8305883132371937, 'R2 - std': 0.002231275739002471} 
 

{'MSE - mean': 2695940.987185703, 'MSE - std': 40197.16010240911, 'R2 - mean': 0.830573683490931, 'R2 - std': 0.0019959281692164352} 
 

Finished cross validation
Hyperparam was saved!!! Hurrah!!!
Trial 19 finished with value: 2695940.987185703 and parameters: {'max_depth': 2, 'n_estimators': 30}. Best is trial 16 with value: 296749.7179408553.
{'MSE - mean': 1177752.6724045882, 'MSE - std': 0.0, 'R2 - mean': 0.9234000625127252, 'R2 - std': 0.0} 
 

{'MSE - mean': 1170753.9060360927, 'MSE - std': 6998.766368495533, 'R2 - mean': 0.9250156099733444, 'R2 - std': 0.00161554746061926} 
 

{'MSE - mean': 1186456.3660988107, 'MSE - std': 22930.10374659692, 'R2 - mean': 0.9247072354214354, 'R2 - std': 0.0013893111459301706} 
 

{'MSE - mean': 1202985.8001522273, 'MSE - std': 34842.62926001762, 'R2 - mean': 0.9242044778285788, 'R2 - std': 0.0014852389325219842} 
 

{'MSE - mean': 1205643.4219353439, 'MSE - std': 31614.21935093783, 'R2 - mean': 0.9242423878210463, 'R2 - std': 0.0013306000223428298} 
 

Finished cross validation
Hyperparam was saved!!! Hurrah!!!
Trial 20 finished with value: 1205643.4219353439 and parameters: {'max_depth': 4, 'n_estimators': 18}. Best is trial 16 with value: 296749.7179408553.
{'MSE - mean': 278185.1604509761, 'MSE - std': 0.0, 'R2 - mean': 0.9819070961164313, 'R2 - std': 0.0} 
 

{'MSE - mean': 281997.69620670064, 'MSE - std': 3812.5357557245297, 'R2 - mean': 0.9819441073271513, 'R2 - std': 3.701121071997271e-05} 
 

{'MSE - mean': 296744.69507080124, 'MSE - std': 21086.44675902873, 'R2 - mean': 0.9811845660253473, 'R2 - std': 0.001074578614204027} 
 

{'MSE - mean': 299347.31741054443, 'MSE - std': 18809.56157971276, 'R2 - mean': 0.9811493313685234, 'R2 - std': 0.0009326113025816116} 
 

{'MSE - mean': 300201.9491583257, 'MSE - std': 16910.389325916418, 'R2 - mean': 0.9811447362100303, 'R2 - std': 0.0008342035334908902} 
 

Finished cross validation
Hyperparam was saved!!! Hurrah!!!
Trial 21 finished with value: 300201.9491583257 and parameters: {'max_depth': 12, 'n_estimators': 25}. Best is trial 16 with value: 296749.7179408553.
{'MSE - mean': 273202.4665864758, 'MSE - std': 0.0, 'R2 - mean': 0.9822311658871751, 'R2 - std': 0.0} 
 

{'MSE - mean': 278671.3625903224, 'MSE - std': 5468.896003846632, 'R2 - mean': 0.982158783876121, 'R2 - std': 7.238201105413955e-05} 
 

{'MSE - mean': 293126.3103653039, 'MSE - std': 20924.393564023412, 'R2 - mean': 0.9814149976465357, 'R2 - std': 0.0010535315282375484} 
 

{'MSE - mean': 293798.14051488356, 'MSE - std': 18158.379656958958, 'R2 - mean': 0.9814971437581275, 'R2 - std': 0.0009234124006595345} 
 

{'MSE - mean': 294511.87029823137, 'MSE - std': 16303.957870025284, 'R2 - mean': 0.9815007344086195, 'R2 - std': 0.0008259563792581709} 
 

Finished cross validation
Hyperparam was saved!!! Hurrah!!!
Trial 22 finished with value: 294511.87029823137 and parameters: {'max_depth': 12, 'n_estimators': 46}. Best is trial 22 with value: 294511.87029823137.
{'MSE - mean': 331116.1761078295, 'MSE - std': 0.0, 'R2 - mean': 0.9784645121296127, 'R2 - std': 0.0} 
 

{'MSE - mean': 330703.94393153396, 'MSE - std': 412.23217629556893, 'R2 - mean': 0.9788206498021872, 'R2 - std': 0.0003561376725745302} 
 

{'MSE - mean': 343626.7601437617, 'MSE - std': 18278.721179415592, 'R2 - mean': 0.9782040062399299, 'R2 - std': 0.0009192685100835852} 
 

{'MSE - mean': 345026.97774603026, 'MSE - std': 16014.542265304377, 'R2 - mean': 0.9782647763321621, 'R2 - std': 0.000803037955238224} 
 

{'MSE - mean': 345526.6762182719, 'MSE - std': 14358.664472241797, 'R2 - mean': 0.9782912480699618, 'R2 - std': 0.0007202075934417114} 
 

Finished cross validation
Hyperparam was saved!!! Hurrah!!!
