Trial 198 finished with value: 293217.5333390988 and parameters: {'max_depth': 12, 'n_estimators': 95}. Best is trial 144 with value: 292306.8612907619.
{'MSE - mean': 272625.8541147307, 'MSE - std': 0.0, 'R2 - mean': 0.9822686682255904, 'R2 - std': 0.0} 
 

{'MSE - mean': 277737.63840653317, 'MSE - std': 5111.784291802469, 'R2 - mean': 0.9822182253642762, 'R2 - std': 5.044286131422604e-05} 
 

{'MSE - mean': 291049.69793456123, 'MSE - std': 19283.207293380165, 'R2 - mean': 0.9815452614682005, 'R2 - std': 0.0009526054442149033} 
 

{'MSE - mean': 292379.84591935226, 'MSE - std': 16857.91931478892, 'R2 - mean': 0.9815862529416457, 'R2 - std': 0.0008280300429009428} 
 

{'MSE - mean': 292876.38335668703, 'MSE - std': 15110.84883803179, 'R2 - mean': 0.9816031556526174, 'R2 - std': 0.0007413837117916601} 
 

Finished cross validation
Hyperparam was saved!!! Hurrah!!!
Trial 199 finished with value: 292876.38335668703 and parameters: {'max_depth': 12, 'n_estimators': 74}. Best is trial 144 with value: 292306.8612907619.
Best parameters After Trials: {'max_depth': 12, 'n_estimators': 79}
Saved Losses
{'MSE - mean': 272403.0099822914, 'MSE - std': 0.0, 'R2 - mean': 0.982283161800527, 'R2 - std': 0.0} 
 

Saved Losses
{'MSE - mean': 278048.9676118876, 'MSE - std': 5645.957629596232, 'R2 - mean': 0.9821988198342324, 'R2 - std': 8.434196629458768e-05} 
 

Saved Losses
{'MSE - mean': 291644.51610655454, 'MSE - std': 19771.927138710525, 'R2 - mean': 0.9815081861278916, 'R2 - std': 0.0009791282913150991} 
 

Saved Losses
{'MSE - mean': 293390.0939400216, 'MSE - std': 17387.86798322131, 'R2 - mean': 0.9815236303490802, 'R2 - std': 0.0008483718112034282} 
 

Saved Losses
{'MSE - mean': 293577.0172378964, 'MSE - std': 15556.674570058336, 'R2 - mean': 0.981559744001095, 'R2 - std': 0.0007622365561182961} 
 

Saving model.....
Results After CV: {'MSE - mean': 293577.0172378964, 'MSE - std': 15556.674570058336, 'R2 - mean': 0.981559744001095, 'R2 - std': 0.0007622365561182961}
Train time: 11.488944899400304
Inference time: 0.15565132280025865
Finished cross validation


----------------------------------------------------------------------------
Training RandomForest Vesion 1 with Dataset: config/house_prices_nominal.yml 



----------------------------------------------------------------------------
Namespace(batch_size=128, cat_dims=None, cat_idx=None, config='config/house_prices_nominal.yml', data_parallel=False, dataset='House_Prices_Nominal', direction='minimize', dropna_idx=[0], early_stopping_rounds=20, epochs=100, gpu_ids=[0, 1], logging_period=100, miss_cat_idx=[6, 25, 30, 31, 32, 33, 35, 42, 57, 58, 60, 63, 64, 72, 73, 74], miss_num_idx=[3, 26, 59], model_name='RandomForest', n_trials=200, nominal_idx=[2, 7, 12], num_classes=1, num_features=80, num_idx=None, num_splits=5, objective='regression', one_hot_encode=True, optimize_hyperparameters=True, ordinal_encode=True, ordinal_idx=[5, 6, 8, 9, 10, 11, 13, 14, 15, 16, 21, 22, 23, 24, 25, 27, 28, 29, 30, 31, 32, 33, 35, 39, 40, 41, 42, 53, 55, 57, 58, 60, 63, 64, 65, 72, 73, 74, 78, 79], scale=True, seed=221, shuffle=True, target_encode=False, use_gpu=True, val_batch_size=256)
Start hyperparameter optimization
Loading dataset House_Prices_Nominal...
Dataset loaded! 

(1460, 79)
Scaling the data...
Ordinal Idx: [0, 1, 2, 3, 4, 5, 6, 7, 8, 9, 10, 11, 12, 13, 14, 15, 16, 17, 18, 19, 20, 21, 22, 23, 24, 25, 26, 27, 28, 29, 30, 31, 32, 33, 34, 35, 36, 37, 38, 39]
One Hot Encoding...
New Shape: (1460, 110)
A new study created in RDB with name: RandomForest_House_Prices_Nominal
{'MSE - mean': 1466231563.639873, 'MSE - std': 0.0, 'R2 - mean': 0.802321932579096, 'R2 - std': 0.0} 
 

{'MSE - mean': 1632675879.503342, 'MSE - std': 166444315.8634689, 'R2 - mean': 0.7691533695316273, 'R2 - std': 0.03316856304746868} 
 

{'MSE - mean': 1758661269.7797832, 'MSE - std': 224084308.498059, 'R2 - mean': 0.7532032319093922, 'R2 - std': 0.03524555995808666} 
 

{'MSE - mean': 1620197413.5179892, 'MSE - std': 308507781.84504575, 'R2 - mean': 0.7598160457014876, 'R2 - std': 0.03260176438961692} 
 

{'MSE - mean': 1556588965.9540486, 'MSE - std': 303851574.90646416, 'R2 - mean': 0.7498314383117897, 'R2 - std': 0.03534217837030589} 
 

Finished cross validation
Hyperparam was saved!!! Hurrah!!!
Trial 0 finished with value: 1556588965.9540486 and parameters: {'max_depth': 3, 'n_estimators': 9}. Best is trial 0 with value: 1556588965.9540486.
{'MSE - mean': 923320024.463477, 'MSE - std': 0.0, 'R2 - mean': 0.8755175358564362, 'R2 - std': 0.0} 
 

{'MSE - mean': 1031637866.3203788, 'MSE - std': 108317841.8569017, 'R2 - mean': 0.8541163221180451, 'R2 - std': 0.0214012137383911} 
 

{'MSE - mean': 1138934244.3942564, 'MSE - std': 175632747.72064245, 'R2 - mean': 0.8402060072427621, 'R2 - std': 0.02631225987082653} 
 

{'MSE - mean': 1006374786.8381072, 'MSE - std': 275410921.9269793, 'R2 - mean': 0.8523235640026869, 'R2 - std': 0.030979942061315064} 
 

{'MSE - mean': 957911351.8326442, 'MSE - std': 264718263.1845598, 'R2 - mean': 0.8478139909522284, 'R2 - std': 0.029140186075034626} 
 

Finished cross validation
Hyperparam was saved!!! Hurrah!!!
Trial 1 finished with value: 957911351.8326442 and parameters: {'max_depth': 6, 'n_estimators': 58}. Best is trial 1 with value: 957911351.8326442.
{'MSE - mean': 896507938.9057053, 'MSE - std': 0.0, 'R2 - mean': 0.8791323545440293, 'R2 - std': 0.0} 
 

{'MSE - mean': 963284305.0514102, 'MSE - std': 66776366.145704925, 'R2 - mean': 0.8639871058626925, 'R2 - std': 0.01514524868133682} 
 

{'MSE - mean': 995754092.279308, 'MSE - std': 71283211.31701875, 'R2 - mean': 0.860316567770176, 'R2 - std': 0.01341136600761652} 
 

{'MSE - mean': 904093365.0416582, 'MSE - std': 170340949.02563685, 'R2 - mean': 0.8664730761646291, 'R2 - std': 0.01576725532474202} 
 

{'MSE - mean': 858022180.1026833, 'MSE - std': 178053496.05859643, 'R2 - mean': 0.8631580846574781, 'R2 - std': 0.015583380478908239} 
 

Finished cross validation
Hyperparam was saved!!! Hurrah!!!
Trial 2 finished with value: 858022180.1026833 and parameters: {'max_depth': 9, 'n_estimators': 15}. Best is trial 2 with value: 858022180.1026833.
{'MSE - mean': 902060981.0988395, 'MSE - std': 0.0, 'R2 - mean': 0.8783836906383632, 'R2 - std': 0.0} 
 

{'MSE - mean': 973188185.8966141, 'MSE - std': 71127204.79777455, 'R2 - mean': 0.8625668564285598, 'R2 - std': 0.015816834209803454} 
 

{'MSE - mean': 1093217828.1939986, 'MSE - std': 179407217.1577997, 'R2 - mean': 0.8467753202924327, 'R2 - std': 0.025797804622825604} 
 

{'MSE - mean': 950628169.348378, 'MSE - std': 291780130.58699006, 'R2 - mean': 0.8611752157084045, 'R2 - std': 0.0334845637046518} 
 

{'MSE - mean': 886998422.9327343, 'MSE - std': 290350640.0887818, 'R2 - mean': 0.8607581693774881, 'R2 - std': 0.02996111673087688} 
 

Finished cross validation
Hyperparam was saved!!! Hurrah!!!
Trial 3 finished with value: 886998422.9327343 and parameters: {'max_depth': 10, 'n_estimators': 34}. Best is trial 2 with value: 858022180.1026833.
{'MSE - mean': 1188356876.2251325, 'MSE - std': 0.0, 'R2 - mean': 0.8397851359062515, 'R2 - std': 0.0} 
 

{'MSE - mean': 1317965064.8083515, 'MSE - std': 129608188.58321893, 'R2 - mean': 0.8136791716478802, 'R2 - std': 0.02610596425837125} 
 

{'MSE - mean': 1388962908.588415, 'MSE - std': 145877492.0085986, 'R2 - mean': 0.8050498776775082, 'R2 - std': 0.024561698002386455} 
 

{'MSE - mean': 1249730266.0923996, 'MSE - std': 272245051.77378094, 'R2 - mean': 0.8157450562021564, 'R2 - std': 0.02820670642936909} 
 

{'MSE - mean': 1204618036.4508271, 'MSE - std': 259681242.34372962, 'R2 - mean': 0.8069611426301734, 'R2 - std': 0.03074285576576054} 
 

Finished cross validation
Hyperparam was saved!!! Hurrah!!!
Trial 4 finished with value: 1204618036.4508271 and parameters: {'max_depth': 4, 'n_estimators': 36}. Best is trial 2 with value: 858022180.1026833.
{'MSE - mean': 1107278806.8024795, 'MSE - std': 0.0, 'R2 - mean': 0.8507161214825683, 'R2 - std': 0.0} 
 

{'MSE - mean': 1038807910.8310919, 'MSE - std': 68470895.97138762, 'R2 - mean': 0.8541611180874508, 'R2 - std': 0.003444996604882511} 
 

{'MSE - mean': 1184120095.8008769, 'MSE - std': 212971292.11422473, 'R2 - mean': 0.8346351532548014, 'R2 - std': 0.027756775863984638} 
 

{'MSE - mean': 1079944275.6426497, 'MSE - std': 258022059.0676693, 'R2 - mean': 0.8408883770087268, 'R2 - std': 0.026365458022241484} 
 

{'MSE - mean': 1038333193.6066554, 'MSE - std': 245328830.2773257, 'R2 - mean': 0.8338610990124982, 'R2 - std': 0.02745251255392077} 
 

Finished cross validation
Hyperparam was saved!!! Hurrah!!!
Trial 5 finished with value: 1038333193.6066554 and parameters: {'max_depth': 12, 'n_estimators': 8}. Best is trial 2 with value: 858022180.1026833.
{'MSE - mean': 2286379242.9634466, 'MSE - std': 0.0, 'R2 - mean': 0.6917492152342636, 'R2 - std': 0.0} 
 

{'MSE - mean': 2405362548.7267838, 'MSE - std': 118983305.76333737, 'R2 - mean': 0.660654725979863, 'R2 - std': 0.031094489254400615} 
 

{'MSE - mean': 2522707126.6475005, 'MSE - std': 192295392.4782484, 'R2 - mean': 0.6463673932735904, 'R2 - std': 0.03244740245968554} 
 

{'MSE - mean': 2291273980.789474, 'MSE - std': 434070318.59077924, 'R2 - mean': 0.6617583496147621, 'R2 - std': 0.038733319714080255} 
 

{'MSE - mean': 2190314007.223478, 'MSE - std': 437613183.3423063, 'R2 - mean': 0.6498050101636889, 'R2 - std': 0.04209210544732662} 
 

Finished cross validation
Hyperparam was saved!!! Hurrah!!!
Trial 6 finished with value: 2190314007.223478 and parameters: {'max_depth': 2, 'n_estimators': 9}. Best is trial 2 with value: 858022180.1026833.
{'MSE - mean': 1298463985.4073145, 'MSE - std': 0.0, 'R2 - mean': 0.8249404407761021, 'R2 - std': 0.0} 
 

{'MSE - mean': 1518729706.054649, 'MSE - std': 220265720.64733458, 'R2 - mean': 0.7848741833677784, 'R2 - std': 0.04006625740832365} 
 

{'MSE - mean': 1505511857.509635, 'MSE - std': 180815047.7749136, 'R2 - mean': 0.7882437223136746, 'R2 - std': 0.0330592030639355} 
 

{'MSE - mean': 1331165087.113909, 'MSE - std': 340163122.88171864, 'R2 - mean': 0.8042335461295761, 'R2 - std': 0.039833485629650944} 
 

{'MSE - mean': 1258159430.8315313, 'MSE - std': 337473056.0086201, 'R2 - mean': 0.8003377369091231, 'R2 - std': 0.0364701875489386} 
 

Finished cross validation
Hyperparam was saved!!! Hurrah!!!
Trial 7 finished with value: 1258159430.8315313 and parameters: {'max_depth': 4, 'n_estimators': 25}. Best is trial 2 with value: 858022180.1026833.
{'MSE - mean': 2193335670.642381, 'MSE - std': 0.0, 'R2 - mean': 0.7042933958524369, 'R2 - std': 0.0} 
 

{'MSE - mean': 2247569631.8889174, 'MSE - std': 54233961.246536255, 'R2 - mean': 0.683255502484656, 'R2 - std': 0.021037893367780836} 
 

{'MSE - mean': 2328280696.3271046, 'MSE - std': 122431342.17654774, 'R2 - mean': 0.6738030556472051, 'R2 - std': 0.021766016493586633} 
 

{'MSE - mean': 2168985641.1457, 'MSE - std': 295578786.41083723, 'R2 - mean': 0.6780314513426247, 'R2 - std': 0.020222700016823667} 
 

{'MSE - mean': 2063716628.5177968, 'MSE - std': 337964073.91836387, 'R2 - mean': 0.6692324226541088, 'R2 - std': 0.025236039709543474} 
 

Finished cross validation
Hyperparam was saved!!! Hurrah!!!
Trial 8 finished with value: 2063716628.5177968 and parameters: {'max_depth': 2, 'n_estimators': 48}. Best is trial 2 with value: 858022180.1026833.
{'MSE - mean': 935411218.7650193, 'MSE - std': 0.0, 'R2 - mean': 0.8738873950372017, 'R2 - std': 0.0} 
 

{'MSE - mean': 1012295503.4566474, 'MSE - std': 76884284.69162816, 'R2 - mean': 0.8570268544744146, 'R2 - std': 0.016860540562787074} 
 

{'MSE - mean': 1121305563.1699593, 'MSE - std': 166454743.77668503, 'R2 - mean': 0.8428025182252586, 'R2 - std': 0.024375849431442546} 
 

{'MSE - mean': 991247103.8908552, 'MSE - std': 267443442.21626484, 'R2 - mean': 0.854619564782619, 'R2 - std': 0.029403474193447462} 
 

{'MSE - mean': 926664409.4622799, 'MSE - std': 271853809.0706227, 'R2 - mean': 0.8539160583223311, 'R2 - std': 0.026336877587794124} 
 

Finished cross validation
Hyperparam was saved!!! Hurrah!!!
Trial 9 finished with value: 926664409.4622799 and parameters: {'max_depth': 8, 'n_estimators': 59}. Best is trial 2 with value: 858022180.1026833.
{'MSE - mean': 975787812.6487943, 'MSE - std': 0.0, 'R2 - mean': 0.8684438026020685, 'R2 - std': 0.0} 
 

{'MSE - mean': 970932717.76601, 'MSE - std': 4855094.882784188, 'R2 - mean': 0.8633374847918759, 'R2 - std': 0.005106317810192662} 
 

{'MSE - mean': 1140800046.8645086, 'MSE - std': 240261386.03819767, 'R2 - mean': 0.8404851994990866, 'R2 - std': 0.03258583854874986} 
 

{'MSE - mean': 999940831.2178795, 'MSE - std': 320652625.3026749, 'R2 - mean': 0.8539655825140633, 'R2 - std': 0.036627036928139727} 
 

{'MSE - mean': 961226676.4998391, 'MSE - std': 297068389.4205636, 'R2 - mean': 0.847242248842688, 'R2 - std': 0.03541249398072453} 
 

Finished cross validation
Hyperparam was saved!!! Hurrah!!!
Trial 10 finished with value: 961226676.4998391 and parameters: {'max_depth': 7, 'n_estimators': 16}. Best is trial 2 with value: 858022180.1026833.
{'MSE - mean': 784350389.1828632, 'MSE - std': 0.0, 'R2 - mean': 0.894253491085952, 'R2 - std': 0.0} 
 

{'MSE - mean': 1003090993.838884, 'MSE - std': 218740604.65602076, 'R2 - mean': 0.857476785870706, 'R2 - std': 0.03677670521524595} 
 

{'MSE - mean': 1084370510.221282, 'MSE - std': 212393552.123334, 'R2 - mean': 0.8473715332093996, 'R2 - std': 0.033255319780306} 
 

{'MSE - mean': 968614613.4691255, 'MSE - std': 272087391.54242945, 'R2 - mean': 0.8571192993265158, 'R2 - std': 0.03338403889720062} 
 

{'MSE - mean': 917059071.5838817, 'MSE - std': 264305002.800581, 'R2 - mean': 0.8540219861972979, 'R2 - std': 0.03049538714221455} 
 

Finished cross validation
Hyperparam was saved!!! Hurrah!!!
Trial 11 finished with value: 917059071.5838817 and parameters: {'max_depth': 12, 'n_estimators': 17}. Best is trial 2 with value: 858022180.1026833.
{'MSE - mean': 901047151.1179285, 'MSE - std': 0.0, 'R2 - mean': 0.8785203756997749, 'R2 - std': 0.0} 
 

{'MSE - mean': 988924177.6337626, 'MSE - std': 87877026.5158341, 'R2 - mean': 0.8602516038142654, 'R2 - std': 0.018268771885509516} 
 

{'MSE - mean': 1079916260.7865236, 'MSE - std': 147334199.1951212, 'R2 - mean': 0.8485296988128835, 'R2 - std': 0.022300331788100553} 
 

{'MSE - mean': 946198361.3523593, 'MSE - std': 264427597.98592588, 'R2 - mean': 0.8614766310097158, 'R2 - std': 0.029594725177346175} 
 

{'MSE - mean': 886776658.3177974, 'MSE - std': 264690987.4313739, 'R2 - mean': 0.8602591754274321, 'R2 - std': 0.02658208041213953} 
 

Finished cross validation
Hyperparam was saved!!! Hurrah!!!
Trial 12 finished with value: 886776658.3177974 and parameters: {'max_depth': 9, 'n_estimators': 97}. Best is trial 2 with value: 858022180.1026833.
{'MSE - mean': 1108756692.438952, 'MSE - std': 0.0, 'R2 - mean': 0.8505168722072617, 'R2 - std': 0.0} 
 

{'MSE - mean': 1397670508.918143, 'MSE - std': 288913816.47919106, 'R2 - mean': 0.8015079806873444, 'R2 - std': 0.04900889151991721} 
 

{'MSE - mean': 1352039864.1075213, 'MSE - std': 244564457.20241943, 'R2 - mean': 0.809419117345067, 'R2 - std': 0.04155020816363818} 
 

{'MSE - mean': 1241354384.3913403, 'MSE - std': 285679289.6851973, 'R2 - mean': 0.8154892321484618, 'R2 - std': 0.03748804782874706} 
 

{'MSE - mean': 1171869220.092916, 'MSE - std': 290865737.88321507, 'R2 - mean': 0.8125597388287005, 'R2 - std': 0.0340383711192302} 
 

Finished cross validation
Hyperparam was saved!!! Hurrah!!!
Trial 13 finished with value: 1171869220.092916 and parameters: {'max_depth': 5, 'n_estimators': 5}. Best is trial 2 with value: 858022180.1026833.
{'MSE - mean': 850823025.0160044, 'MSE - std': 0.0, 'R2 - mean': 0.88529161731804, 'R2 - std': 0.0} 
 

{'MSE - mean': 933138620.5370342, 'MSE - std': 82315595.52102971, 'R2 - mean': 0.8681384627769995, 'R2 - std': 0.01715315454104055} 
 

{'MSE - mean': 1041857212.1872326, 'MSE - std': 167799590.3395666, 'R2 - mean': 0.8539080135757254, 'R2 - std': 0.024518669949230524} 
 

{'MSE - mean': 925570949.2228065, 'MSE - std': 248364674.92638686, 'R2 - mean': 0.8640624593211161, 'R2 - std': 0.027571945655824343} 
 

{'MSE - mean': 873299575.6550106, 'MSE - std': 245514144.96865174, 'R2 - mean': 0.8616539327767987, 'R2 - std': 0.025127151654274534} 
 

Finished cross validation
Hyperparam was saved!!! Hurrah!!!
Trial 14 finished with value: 873299575.6550106 and parameters: {'max_depth': 8, 'n_estimators': 97}. Best is trial 2 with value: 858022180.1026833.
{'MSE - mean': 937578224.1236025, 'MSE - std': 0.0, 'R2 - mean': 0.8735952382987994, 'R2 - std': 0.0} 
 

{'MSE - mean': 1025229803.0238609, 'MSE - std': 87651578.90025836, 'R2 - mean': 0.8551417091758671, 'R2 - std': 0.018453529122932244} 
 

{'MSE - mean': 1156966302.3385665, 'MSE - std': 199576743.86692864, 'R2 - mean': 0.8377979903003357, 'R2 - std': 0.028785951323418015} 
 

{'MSE - mean': 1033087354.6007857, 'MSE - std': 275519760.8108239, 'R2 - mean': 0.848105517717797, 'R2 - std': 0.030662821291929186} 
 

{'MSE - mean': 970727541.5115669, 'MSE - std': 276195394.6609033, 'R2 - mean': 0.8463452683499078, 'R2 - std': 0.02765069255937808} 
 

Finished cross validation
Hyperparam was saved!!! Hurrah!!!
Trial 15 finished with value: 970727541.5115669 and parameters: {'max_depth': 6, 'n_estimators': 94}. Best is trial 2 with value: 858022180.1026833.
{'MSE - mean': 1530505545.4872842, 'MSE - std': 0.0, 'R2 - mean': 0.7936564824332122, 'R2 - std': 0.0} 
 

{'MSE - mean': 1664922856.7635856, 'MSE - std': 134417311.27630138, 'R2 - mean': 0.7648045043119626, 'R2 - std': 0.028851978121249622} 
 

{'MSE - mean': 1800603101.3685172, 'MSE - std': 221051125.15571642, 'R2 - mean': 0.7474702329235899, 'R2 - std': 0.03399870130074912} 
 

{'MSE - mean': 1589366983.3113894, 'MSE - std': 412928314.19629085, 'R2 - mean': 0.7669078562003525, 'R2 - std': 0.04472580198891019} 
 

{'MSE - mean': 1515636484.6765532, 'MSE - std': 397684020.10611254, 'R2 - mean': 0.7591337187723981, 'R2 - std': 0.042919305001780386} 
 

Finished cross validation
Hyperparam was saved!!! Hurrah!!!
Trial 16 finished with value: 1515636484.6765532 and parameters: {'max_depth': 3, 'n_estimators': 14}. Best is trial 2 with value: 858022180.1026833.
{'MSE - mean': 1005945082.3021562, 'MSE - std': 0.0, 'R2 - mean': 0.8643779845337625, 'R2 - std': 0.0} 
 

{'MSE - mean': 1020720893.0387359, 'MSE - std': 14775810.736579597, 'R2 - mean': 0.8562110605710734, 'R2 - std': 0.008166923962689032} 
 

{'MSE - mean': 1151353928.7677124, 'MSE - std': 185136516.57489085, 'R2 - mean': 0.8388721733121401, 'R2 - std': 0.025411410575387084} 
 

{'MSE - mean': 1014894827.976253, 'MSE - std': 285604457.0617807, 'R2 - mean': 0.8514685343453003, 'R2 - std': 0.030988865329442422} 
 

{'MSE - mean': 960131516.9015303, 'MSE - std': 277942450.2919822, 'R2 - mean': 0.8481538800568227, 'R2 - std': 0.028499044751246413} 
 

Finished cross validation
Hyperparam was saved!!! Hurrah!!!
Trial 17 finished with value: 960131516.9015303 and parameters: {'max_depth': 7, 'n_estimators': 25}. Best is trial 2 with value: 858022180.1026833.
{'MSE - mean': 1064651073.4471099, 'MSE - std': 0.0, 'R2 - mean': 0.856463213658994, 'R2 - std': 0.0} 
 

{'MSE - mean': 1040204002.702668, 'MSE - std': 24447070.744441926, 'R2 - mean': 0.853702049647429, 'R2 - std': 0.002761164011565065} 
 

{'MSE - mean': 1084725233.7511213, 'MSE - std': 66050885.99048998, 'R2 - mean': 0.8482354040532801, 'R2 - std': 0.008053018848226637} 
 

{'MSE - mean': 966433203.6221552, 'MSE - std': 212722948.52975598, 'R2 - mean': 0.8582148141452244, 'R2 - std': 0.018638782464984543} 
 

{'MSE - mean': 914318798.2435491, 'MSE - std': 216943511.6725488, 'R2 - mean': 0.8551201063873706, 'R2 - std': 0.017782919722241802} 
 

Finished cross validation
Hyperparam was saved!!! Hurrah!!!
Trial 18 finished with value: 914318798.2435491 and parameters: {'max_depth': 10, 'n_estimators': 12}. Best is trial 2 with value: 858022180.1026833.
{'MSE - mean': 1336975274.3537626, 'MSE - std': 0.0, 'R2 - mean': 0.8197483296787776, 'R2 - std': 0.0} 
 

{'MSE - mean': 1265148975.6776545, 'MSE - std': 71826298.67610812, 'R2 - mean': 0.8223160021588876, 'R2 - std': 0.0025676724801098616} 
 

{'MSE - mean': 1414650769.3882782, 'MSE - std': 219410385.8823933, 'R2 - mean': 0.8023665105499184, 'R2 - std': 0.02829062964226986} 
 

{'MSE - mean': 1285470780.316918, 'MSE - std': 293544028.7320213, 'R2 - mean': 0.8107195073830877, 'R2 - std': 0.02845325047251854} 
 

{'MSE - mean': 1211564277.1791794, 'MSE - std': 301302443.18221986, 'R2 - mean': 0.8077632512688133, 'R2 - std': 0.02612714624321307} 
 

Finished cross validation
Hyperparam was saved!!! Hurrah!!!
Trial 19 finished with value: 1211564277.1791794 and parameters: {'max_depth': 5, 'n_estimators': 6}. Best is trial 2 with value: 858022180.1026833.
{'MSE - mean': 958594146.8948147, 'MSE - std': 0.0, 'R2 - mean': 0.8707618611559917, 'R2 - std': 0.0} 
 

{'MSE - mean': 992262700.9954841, 'MSE - std': 33668554.100669324, 'R2 - mean': 0.8601048485392033, 'R2 - std': 0.01065701261678842} 
 

{'MSE - mean': 1086254367.6565502, 'MSE - std': 135737176.7802386, 'R2 - mean': 0.8478618319641571, 'R2 - std': 0.01937775842703781} 
 

{'MSE - mean': 965917928.8313286, 'MSE - std': 239292731.6021345, 'R2 - mean': 0.8582386191897812, 'R2 - std': 0.024589759669832068} 
 

{'MSE - mean': 918628060.3345686, 'MSE - std': 233996016.5640697, 'R2 - mean': 0.8540872520466405, 'R2 - std': 0.02350873074252791} 
 

Finished cross validation
Hyperparam was saved!!! Hurrah!!!
