Trial 95 finished with value: 1024660826.5759195 and parameters: {'max_depth': 10, 'n_estimators': 13}. Best is trial 42 with value: 827352971.3282602.
{'MSE - mean': 870981109.3086417, 'MSE - std': 0.0, 'R2 - mean': 0.8825738943848465, 'R2 - std': 0.0} 
 

{'MSE - mean': 943041559.6117651, 'MSE - std': 72060450.30312347, 'R2 - mean': 0.8668054438787001, 'R2 - std': 0.015768450506146392} 
 

{'MSE - mean': 1044057933.770062, 'MSE - std': 154500554.56676304, 'R2 - mean': 0.8536293971815976, 'R2 - std': 0.022649041937905012} 
 

{'MSE - mean': 920273532.604837, 'MSE - std': 252726235.15689483, 'R2 - mean': 0.8651242007932836, 'R2 - std': 0.027948628870526394} 
 

{'MSE - mean': 872288872.1910508, 'MSE - std': 245573920.62140486, 'R2 - mean': 0.8617843318180138, 'R2 - std': 0.025875076496153785} 
 

Finished cross validation
Hyperparam was saved!!! Hurrah!!!
Trial 96 finished with value: 872288872.1910508 and parameters: {'max_depth': 12, 'n_estimators': 63}. Best is trial 42 with value: 827352971.3282602.
{'MSE - mean': 1093695345.327614, 'MSE - std': 0.0, 'R2 - mean': 0.8525474505030485, 'R2 - std': 0.0} 
 

{'MSE - mean': 1145903994.522777, 'MSE - std': 52208649.19516313, 'R2 - mean': 0.8383641063445796, 'R2 - std': 0.014183344158468891} 
 

{'MSE - mean': 1197939714.3866932, 'MSE - std': 85044660.7222798, 'R2 - mean': 0.8320847623663195, 'R2 - std': 0.01459355414579811} 
 

{'MSE - mean': 1038551916.008377, 'MSE - std': 285723391.6809862, 'R2 - mean': 0.8484413736821108, 'R2 - std': 0.031021687061834374} 
 

{'MSE - mean': 978832983.9427569, 'MSE - std': 282091631.6220346, 'R2 - mean': 0.8457821017706895, 'R2 - std': 0.028251778048919377} 
 

Finished cross validation
Hyperparam was saved!!! Hurrah!!!
Trial 97 finished with value: 978832983.9427569 and parameters: {'max_depth': 9, 'n_estimators': 9}. Best is trial 42 with value: 827352971.3282602.
{'MSE - mean': 854591703.4090927, 'MSE - std': 0.0, 'R2 - mean': 0.8847835222258655, 'R2 - std': 0.0} 
 

{'MSE - mean': 950991977.3218708, 'MSE - std': 96400273.91277808, 'R2 - mean': 0.865541012450104, 'R2 - std': 0.019242509775761585} 
 

{'MSE - mean': 1078668023.9473512, 'MSE - std': 196971286.3273802, 'R2 - mean': 0.848723761282277, 'R2 - std': 0.028504198439242914} 
 

{'MSE - mean': 940541907.9580003, 'MSE - std': 293827734.3665977, 'R2 - mean': 0.8624854635016141, 'R2 - std': 0.03431501625263971} 
 

{'MSE - mean': 882410909.4776719, 'MSE - std': 287375437.23096126, 'R2 - mean': 0.8610307256232893, 'R2 - std': 0.030829877092094848} 
 

Finished cross validation
Hyperparam was saved!!! Hurrah!!!
Trial 98 finished with value: 882410909.4776719 and parameters: {'max_depth': 11, 'n_estimators': 54}. Best is trial 42 with value: 827352971.3282602.
{'MSE - mean': 1000543015.2756367, 'MSE - std': 0.0, 'R2 - mean': 0.8651062938925036, 'R2 - std': 0.0} 
 

{'MSE - mean': 1011988533.8296063, 'MSE - std': 11445518.553969622, 'R2 - mean': 0.8574602932040198, 'R2 - std': 0.007646000688483756} 
 

{'MSE - mean': 1117547773.7872238, 'MSE - std': 149575531.23479977, 'R2 - mean': 0.8435839844179173, 'R2 - std': 0.02059315684250616} 
 

{'MSE - mean': 976765323.1731298, 'MSE - std': 276113608.61221397, 'R2 - mean': 0.8573387769030907, 'R2 - std': 0.029759730013654166} 
 

{'MSE - mean': 909687052.0411785, 'MSE - std': 281049742.4316439, 'R2 - mean': 0.8572926960737137, 'R2 - std': 0.026618071270469897} 
 

Finished cross validation
Hyperparam was saved!!! Hurrah!!!
Trial 99 finished with value: 909687052.0411785 and parameters: {'max_depth': 12, 'n_estimators': 50}. Best is trial 42 with value: 827352971.3282602.
{'MSE - mean': 853970330.0485075, 'MSE - std': 0.0, 'R2 - mean': 0.884867296090863, 'R2 - std': 0.0} 
 

{'MSE - mean': 943345112.1877005, 'MSE - std': 89374782.139193, 'R2 - mean': 0.8666594603478762, 'R2 - std': 0.01820783574298679} 
 

{'MSE - mean': 1033243654.4346037, 'MSE - std': 146590348.42440566, 'R2 - mean': 0.8550591106403377, 'R2 - std': 0.02213940111287499} 
 

{'MSE - mean': 925523011.4293365, 'MSE - std': 225671793.71112394, 'R2 - mean': 0.8637530568798175, 'R2 - std': 0.02437968241943431} 
 

{'MSE - mean': 881448891.3066542, 'MSE - std': 220255122.61872917, 'R2 - mean': 0.8595822817491501, 'R2 - std': 0.023346875436776524} 
 

Finished cross validation
Hyperparam was saved!!! Hurrah!!!
Trial 100 finished with value: 881448891.3066542 and parameters: {'max_depth': 10, 'n_estimators': 46}. Best is trial 42 with value: 827352971.3282602.
{'MSE - mean': 922074180.9389973, 'MSE - std': 0.0, 'R2 - mean': 0.8756855010989908, 'R2 - std': 0.0} 
 

{'MSE - mean': 1026151571.2908983, 'MSE - std': 104077390.35190105, 'R2 - mean': 0.8549139893711757, 'R2 - std': 0.02077151172781505} 
 

{'MSE - mean': 1122640252.476239, 'MSE - std': 160753019.6152282, 'R2 - mean': 0.8424893463541098, 'R2 - std': 0.024420905822175314} 
 

{'MSE - mean': 982737587.5430719, 'MSE - std': 279462729.09417903, 'R2 - mean': 0.8561240560469672, 'R2 - std': 0.031701757145419646} 
 

{'MSE - mean': 915945560.1880655, 'MSE - std': 283415301.6951994, 'R2 - mean': 0.8559910351642858, 'R2 - std': 0.028356161642695044} 
 

Finished cross validation
Hyperparam was saved!!! Hurrah!!!
Trial 101 finished with value: 915945560.1880655 and parameters: {'max_depth': 12, 'n_estimators': 69}. Best is trial 42 with value: 827352971.3282602.
{'MSE - mean': 884896812.6693759, 'MSE - std': 0.0, 'R2 - mean': 0.8806977723483492, 'R2 - std': 0.0} 
 

{'MSE - mean': 950176421.5463841, 'MSE - std': 65279608.8770082, 'R2 - mean': 0.8658414071659698, 'R2 - std': 0.014856365182379427} 
 

{'MSE - mean': 1051508967.2627741, 'MSE - std': 152897093.49587163, 'R2 - mean': 0.8526132226268225, 'R2 - std': 0.022295981477049878} 
 

{'MSE - mean': 921881708.0326363, 'MSE - std': 260658435.32517037, 'R2 - mean': 0.8650899855923284, 'R2 - std': 0.028980026480508625} 
 

{'MSE - mean': 864765135.5071005, 'MSE - std': 259621777.50179586, 'R2 - mean': 0.863719800191021, 'R2 - std': 0.0260649799536583} 
 

Finished cross validation
Hyperparam was saved!!! Hurrah!!!
Trial 102 finished with value: 864765135.5071005 and parameters: {'max_depth': 11, 'n_estimators': 80}. Best is trial 42 with value: 827352971.3282602.
{'MSE - mean': 793756854.0951899, 'MSE - std': 0.0, 'R2 - mean': 0.8929853068159891, 'R2 - std': 0.0} 
 

{'MSE - mean': 1012646767.0906422, 'MSE - std': 218889912.99545234, 'R2 - mean': 0.8561305987347948, 'R2 - std': 0.03685470808119429} 
 

{'MSE - mean': 1111519914.0710413, 'MSE - std': 226922147.57867894, 'R2 - mean': 0.8435938789408874, 'R2 - std': 0.03492637529931495} 
 

{'MSE - mean': 974468270.7661741, 'MSE - std': 308171550.5915229, 'R2 - mean': 0.8569394818982619, 'R2 - std': 0.03806841372514874} 
 

{'MSE - mean': 914367749.2719162, 'MSE - std': 300705926.7967857, 'R2 - mean': 0.8555210400918835, 'R2 - std': 0.03416739977627216} 
 

Finished cross validation
Hyperparam was saved!!! Hurrah!!!
Trial 103 finished with value: 914367749.2719162 and parameters: {'max_depth': 12, 'n_estimators': 39}. Best is trial 42 with value: 827352971.3282602.
{'MSE - mean': 951779589.0081319, 'MSE - std': 0.0, 'R2 - mean': 0.8716806032338279, 'R2 - std': 0.0} 
 

{'MSE - mean': 987607158.6243858, 'MSE - std': 35827569.61625403, 'R2 - mean': 0.8607473982847396, 'R2 - std': 0.010933204949088282} 
 

{'MSE - mean': 1094971499.3741572, 'MSE - std': 154628414.2463402, 'R2 - mean': 0.8466516940757177, 'R2 - std': 0.021841880289991445} 
 

{'MSE - mean': 956080618.4280418, 'MSE - std': 275326152.588557, 'R2 - mean': 0.8603258492289891, 'R2 - std': 0.030310862053378827} 
 

{'MSE - mean': 898929350.6589218, 'MSE - std': 271493391.9450794, 'R2 - mean': 0.8583923866422445, 'R2 - std': 0.027385247799363292} 
 

Finished cross validation
Hyperparam was saved!!! Hurrah!!!
Trial 104 finished with value: 898929350.6589218 and parameters: {'max_depth': 11, 'n_estimators': 59}. Best is trial 42 with value: 827352971.3282602.
{'MSE - mean': 881618998.1574006, 'MSE - std': 0.0, 'R2 - mean': 0.881139688928349, 'R2 - std': 0.0} 
 

{'MSE - mean': 940425488.848237, 'MSE - std': 58806490.69083649, 'R2 - mean': 0.867252779510813, 'R2 - std': 0.013886909417536009} 
 

{'MSE - mean': 1071429269.1327151, 'MSE - std': 191388217.4949524, 'R2 - mean': 0.8498918894718668, 'R2 - std': 0.027043764062521528} 
 

{'MSE - mean': 937547267.5685058, 'MSE - std': 285035538.7937409, 'R2 - mean': 0.8629163304090577, 'R2 - std': 0.03251818054844275} 
 

{'MSE - mean': 889561444.743459, 'MSE - std': 272409183.8927933, 'R2 - mean': 0.8592486118269997, 'R2 - std': 0.02999590457601819} 
 

Finished cross validation
Hyperparam was saved!!! Hurrah!!!
Trial 105 finished with value: 889561444.743459 and parameters: {'max_depth': 10, 'n_estimators': 74}. Best is trial 42 with value: 827352971.3282602.
{'MSE - mean': 813205793.1623372, 'MSE - std': 0.0, 'R2 - mean': 0.8903631911941998, 'R2 - std': 0.0} 
 

{'MSE - mean': 896361256.0182118, 'MSE - std': 83155462.85587472, 'R2 - mean': 0.873311106690488, 'R2 - std': 0.017052084503711873} 
 

{'MSE - mean': 1048897009.0791773, 'MSE - std': 226150832.98306647, 'R2 - mean': 0.8529821305979924, 'R2 - std': 0.0319434436969413} 
 

{'MSE - mean': 927695748.8377132, 'MSE - std': 287101699.5710028, 'R2 - mean': 0.8639450700868363, 'R2 - std': 0.033553626080096044} 
 

{'MSE - mean': 879604581.6732073, 'MSE - std': 274213329.64359057, 'R2 - mean': 0.860534036950623, 'R2 - std': 0.030776894689420867} 
 

Finished cross validation
Hyperparam was saved!!! Hurrah!!!
Trial 106 finished with value: 879604581.6732073 and parameters: {'max_depth': 11, 'n_estimators': 44}. Best is trial 42 with value: 827352971.3282602.
{'MSE - mean': 846710386.7551122, 'MSE - std': 0.0, 'R2 - mean': 0.8858460852503741, 'R2 - std': 0.0} 
 

{'MSE - mean': 943529368.6275587, 'MSE - std': 96818981.87244654, 'R2 - mean': 0.8665891290299519, 'R2 - std': 0.019256956220422172} 
 

{'MSE - mean': 1036793511.0613836, 'MSE - std': 153771510.24071917, 'R2 - mean': 0.8545371983073752, 'R2 - std': 0.02318875395963335} 
 

{'MSE - mean': 910483891.5397304, 'MSE - std': 256118367.11254823, 'R2 - mean': 0.8665990312444778, 'R2 - std': 0.028978477773306605} 
 

{'MSE - mean': 860427826.4839357, 'MSE - std': 249999465.94622597, 'R2 - mean': 0.8638618907495712, 'R2 - std': 0.026490932252411427} 
 

Finished cross validation
Hyperparam was saved!!! Hurrah!!!
Trial 107 finished with value: 860427826.4839357 and parameters: {'max_depth': 12, 'n_estimators': 80}. Best is trial 42 with value: 827352971.3282602.
{'MSE - mean': 1038177629.5198226, 'MSE - std': 0.0, 'R2 - mean': 0.8600323765138234, 'R2 - std': 0.0} 
 

{'MSE - mean': 1125465981.7312763, 'MSE - std': 87288352.21145368, 'R2 - mean': 0.841032258504018, 'R2 - std': 0.019000118009805333} 
 

{'MSE - mean': 1252888644.6779869, 'MSE - std': 193784866.16018927, 'R2 - mean': 0.8243583368721529, 'R2 - std': 0.02822603375305929} 
 

{'MSE - mean': 1116579509.6148932, 'MSE - std': 289663549.0866738, 'R2 - mean': 0.8359133389993193, 'R2 - std': 0.03159249845371676} 
 

{'MSE - mean': 1055185995.2132736, 'MSE - std': 286706525.52377975, 'R2 - mean': 0.8326560024226239, 'R2 - std': 0.028998443632960526} 
 

Finished cross validation
Hyperparam was saved!!! Hurrah!!!
Trial 108 finished with value: 1055185995.2132736 and parameters: {'max_depth': 5, 'n_estimators': 66}. Best is trial 42 with value: 827352971.3282602.
{'MSE - mean': 924356774.5215136, 'MSE - std': 0.0, 'R2 - mean': 0.8753777606988462, 'R2 - std': 0.0} 
 

{'MSE - mean': 1061236239.3565106, 'MSE - std': 136879464.83499712, 'R2 - mean': 0.8497790368850744, 'R2 - std': 0.025598723813771762} 
 

{'MSE - mean': 1182943465.0852985, 'MSE - std': 205221724.44668975, 'R2 - mean': 0.8339494123993192, 'R2 - std': 0.03062706531782878} 
 

{'MSE - mean': 1028712692.8216016, 'MSE - std': 320855669.2312352, 'R2 - mean': 0.849582360378259, 'R2 - std': 0.037903562299916115} 
 

{'MSE - mean': 972990286.6715405, 'MSE - std': 307861388.56775874, 'R2 - mean': 0.8462429214754479, 'R2 - std': 0.034553602370249764} 
 

Finished cross validation
Hyperparam was saved!!! Hurrah!!!
Trial 109 finished with value: 972990286.6715405 and parameters: {'max_depth': 12, 'n_estimators': 16}. Best is trial 42 with value: 827352971.3282602.
{'MSE - mean': 898872978.2888656, 'MSE - std': 0.0, 'R2 - mean': 0.8788134987601061, 'R2 - std': 0.0} 
 

{'MSE - mean': 1130951372.4016535, 'MSE - std': 232078394.11278796, 'R2 - mean': 0.8393965976122906, 'R2 - std': 0.039416901147815486} 
 

{'MSE - mean': 1170191870.0383654, 'MSE - std': 197450130.3760874, 'R2 - mean': 0.8352375261041077, 'R2 - std': 0.032716822620044585} 
 

{'MSE - mean': 1027865238.8525765, 'MSE - std': 300017541.69254357, 'R2 - mean': 0.8489543424307507, 'R2 - std': 0.0369762898649956} 
 

{'MSE - mean': 992909005.2600696, 'MSE - std': 277301592.72259027, 'R2 - mean': 0.8411517749235621, 'R2 - std': 0.036569345749699854} 
 

Finished cross validation
Hyperparam was saved!!! Hurrah!!!
Trial 110 finished with value: 992909005.2600696 and parameters: {'max_depth': 10, 'n_estimators': 10}. Best is trial 42 with value: 827352971.3282602.
{'MSE - mean': 872878555.1330525, 'MSE - std': 0.0, 'R2 - mean': 0.8823180797966826, 'R2 - std': 0.0} 
 

{'MSE - mean': 933829675.7620403, 'MSE - std': 60951120.62898779, 'R2 - mean': 0.868168573463309, 'R2 - std': 0.01414950633337364} 
 

{'MSE - mean': 1027719884.9409627, 'MSE - std': 141800689.33756945, 'R2 - mean': 0.8559515446183532, 'R2 - std': 0.020784223357691794} 
 

{'MSE - mean': 901468106.506671, 'MSE - std': 250796952.3258245, 'R2 - mean': 0.8680640786714166, 'R2 - std': 0.027642872480924844} 
 

{'MSE - mean': 850832045.5521586, 'MSE - std': 246120563.36822787, 'R2 - mean': 0.86556487103344, 'R2 - std': 0.025224727440910366} 
 

Finished cross validation
Hyperparam was saved!!! Hurrah!!!
Trial 111 finished with value: 850832045.5521586 and parameters: {'max_depth': 12, 'n_estimators': 85}. Best is trial 42 with value: 827352971.3282602.
{'MSE - mean': 872471534.7556572, 'MSE - std': 0.0, 'R2 - mean': 0.8823729544860561, 'R2 - std': 0.0} 
 

{'MSE - mean': 928961665.8176801, 'MSE - std': 56490131.062022924, 'R2 - mean': 0.8688805113815634, 'R2 - std': 0.013492443104492713} 
 

{'MSE - mean': 1057872617.1632328, 'MSE - std': 188051828.02949288, 'R2 - mean': 0.8517968077174906, 'R2 - std': 0.02655315189795163} 
 

{'MSE - mean': 926526125.8288003, 'MSE - std': 279782629.6904866, 'R2 - mean': 0.8645011426352168, 'R2 - std': 0.03182770465949508} 
 

{'MSE - mean': 874307064.2457123, 'MSE - std': 271164115.38345665, 'R2 - mean': 0.861950664111762, 'R2 - std': 0.02892096108202585} 
 

Finished cross validation
Hyperparam was saved!!! Hurrah!!!
Trial 112 finished with value: 874307064.2457123 and parameters: {'max_depth': 11, 'n_estimators': 94}. Best is trial 42 with value: 827352971.3282602.
{'MSE - mean': 855685750.3826543, 'MSE - std': 0.0, 'R2 - mean': 0.8846360222696755, 'R2 - std': 0.0} 
 

{'MSE - mean': 935437473.1828809, 'MSE - std': 79751722.80022657, 'R2 - mean': 0.8678301106813537, 'R2 - std': 0.016805911588321787} 
 

{'MSE - mean': 1025521260.5199022, 'MSE - std': 143074813.7922936, 'R2 - mean': 0.8561792307194951, 'R2 - std': 0.021442445071577262} 
 

{'MSE - mean': 901261212.6471316, 'MSE - std': 248343472.3287576, 'R2 - mean': 0.8679711039592167, 'R2 - std': 0.02760396097466259} 
 

{'MSE - mean': 852744755.42309, 'MSE - std': 242394246.39403585, 'R2 - mean': 0.8650274837810737, 'R2 - std': 0.02538193310615324} 
 

Finished cross validation
Hyperparam was saved!!! Hurrah!!!
Trial 113 finished with value: 852744755.42309 and parameters: {'max_depth': 12, 'n_estimators': 71}. Best is trial 42 with value: 827352971.3282602.
{'MSE - mean': 857490392.3349274, 'MSE - std': 0.0, 'R2 - mean': 0.884392719545632, 'R2 - std': 0.0} 
 

{'MSE - mean': 980185648.3252275, 'MSE - std': 122695255.9903, 'R2 - mean': 0.8612742190154488, 'R2 - std': 0.023118500530183217} 
 

{'MSE - mean': 1070358058.0333972, 'MSE - std': 162167231.09239078, 'R2 - mean': 0.8497288125897388, 'R2 - std': 0.02495802202857908} 
 

{'MSE - mean': 945282842.768944, 'MSE - std': 258176463.97469604, 'R2 - mean': 0.8612323381715937, 'R2 - std': 0.029396776185858484} 
 

{'MSE - mean': 887299170.8008674, 'MSE - std': 258403742.4264363, 'R2 - mean': 0.8597841560472034, 'R2 - std': 0.026452320993795252} 
 

Finished cross validation
Hyperparam was saved!!! Hurrah!!!
Trial 114 finished with value: 887299170.8008674 and parameters: {'max_depth': 12, 'n_estimators': 62}. Best is trial 42 with value: 827352971.3282602.
{'MSE - mean': 876915539.5404245, 'MSE - std': 0.0, 'R2 - mean': 0.8817738115544436, 'R2 - std': 0.0} 
 

{'MSE - mean': 995754926.8913889, 'MSE - std': 118839387.35096449, 'R2 - mean': 0.859105312106001, 'R2 - std': 0.022668499448442514} 
 

{'MSE - mean': 1078223046.873373, 'MSE - std': 151714144.42088413, 'R2 - mean': 0.8486314178523067, 'R2 - std': 0.023706092743663358} 
 

{'MSE - mean': 939865899.8151059, 'MSE - std': 273296517.7958357, 'R2 - mean': 0.8624788042599065, 'R2 - std': 0.03157110159374427} 
 

{'MSE - mean': 880255360.654144, 'MSE - std': 271967745.9326856, 'R2 - mean': 0.861385146470154, 'R2 - std': 0.02832263960365213} 
 

Finished cross validation
Hyperparam was saved!!! Hurrah!!!
Trial 115 finished with value: 880255360.654144 and parameters: {'max_depth': 11, 'n_estimators': 91}. Best is trial 42 with value: 827352971.3282602.
{'MSE - mean': 888355033.6030402, 'MSE - std': 0.0, 'R2 - mean': 0.8802315332850023, 'R2 - std': 0.0} 
 

{'MSE - mean': 1047105100.8038299, 'MSE - std': 158750067.2007897, 'R2 - mean': 0.8516380522705862, 'R2 - std': 0.02859348101441611} 
 

{'MSE - mean': 1147204707.831666, 'MSE - std': 191939882.63279545, 'R2 - mean': 0.8388367373738145, 'R2 - std': 0.02954328063232765} 
 

{'MSE - mean': 1001414755.8919694, 'MSE - std': 302315760.70154786, 'R2 - mean': 0.8533381772232348, 'R2 - std': 0.035853582052696197} 
 

{'MSE - mean': 938822450.2565374, 'MSE - std': 297971546.0138464, 'R2 - mean': 0.8519944598132373, 'R2 - std': 0.032180829428702686} 
 

Finished cross validation
Hyperparam was saved!!! Hurrah!!!
Trial 116 finished with value: 938822450.2565374 and parameters: {'max_depth': 9, 'n_estimators': 71}. Best is trial 42 with value: 827352971.3282602.
{'MSE - mean': 952932459.0081105, 'MSE - std': 0.0, 'R2 - mean': 0.8715251727280096, 'R2 - std': 0.0} 
 

{'MSE - mean': 1025039352.4898636, 'MSE - std': 72106893.48175311, 'R2 - mean': 0.855261217086029, 'R2 - std': 0.016263955641980576} 
 

{'MSE - mean': 1132194103.9564023, 'MSE - std': 162574754.85276693, 'R2 - mean': 0.8412937786358156, 'R2 - std': 0.023801740324407874} 
 

{'MSE - mean': 988196753.8724808, 'MSE - std': 286406396.018232, 'R2 - mean': 0.8555394292288312, 'R2 - std': 0.032151326789228565} 
 

{'MSE - mean': 928001607.5658613, 'MSE - std': 283048973.67703545, 'R2 - mean': 0.8538103659944859, 'R2 - std': 0.028964200146381923} 
 

Finished cross validation
Hyperparam was saved!!! Hurrah!!!
Trial 117 finished with value: 928001607.5658613 and parameters: {'max_depth': 10, 'n_estimators': 56}. Best is trial 42 with value: 827352971.3282602.
{'MSE - mean': 917183558.9786623, 'MSE - std': 0.0, 'R2 - mean': 0.876344857179967, 'R2 - std': 0.0} 
 

{'MSE - mean': 948958252.3939335, 'MSE - std': 31774693.41527134, 'R2 - mean': 0.8662127009570036, 'R2 - std': 0.010132156222963373} 
 

{'MSE - mean': 1029797060.8221827, 'MSE - std': 117230172.41288456, 'R2 - mean': 0.8557577068862022, 'R2 - std': 0.016942673791111328} 
 

{'MSE - mean': 918884726.1244643, 'MSE - std': 217282817.90620753, 'R2 - mean': 0.8650183146299876, 'R2 - std': 0.021738611127364523} 
 

{'MSE - mean': 868285878.0997183, 'MSE - std': 219112829.500089, 'R2 - mean': 0.862343919828262, 'R2 - std': 0.020165895001695515} 
 

Finished cross validation
Hyperparam was saved!!! Hurrah!!!
Trial 118 finished with value: 868285878.0997183 and parameters: {'max_depth': 11, 'n_estimators': 49}. Best is trial 42 with value: 827352971.3282602.
{'MSE - mean': 913912789.3883419, 'MSE - std': 0.0, 'R2 - mean': 0.8767858239601314, 'R2 - std': 0.0} 
 

{'MSE - mean': 1017564033.8066075, 'MSE - std': 103651244.41826558, 'R2 - mean': 0.8561255155560306, 'R2 - std': 0.02066030840410077} 
 

{'MSE - mean': 1121271168.7680213, 'MSE - std': 169330229.6208404, 'R2 - mean': 0.8426932462315708, 'R2 - std': 0.025405064074799786} 
 

{'MSE - mean': 994015264.2513068, 'MSE - std': 264739004.87213165, 'R2 - mean': 0.8540266274564964, 'R2 - std': 0.029485582077550965} 
 

{'MSE - mean': 948722251.9909071, 'MSE - std': 253525581.35034832, 'R2 - mean': 0.8490208189253412, 'R2 - std': 0.028209078619549827} 
 

Finished cross validation
Hyperparam was saved!!! Hurrah!!!
Trial 119 finished with value: 948722251.9909071 and parameters: {'max_depth': 6, 'n_estimators': 85}. Best is trial 42 with value: 827352971.3282602.
{'MSE - mean': 974745956.7052679, 'MSE - std': 0.0, 'R2 - mean': 0.8685842661376755, 'R2 - std': 0.0} 
 

{'MSE - mean': 1042006345.2172344, 'MSE - std': 67260388.51196647, 'R2 - mean': 0.8529014421854835, 'R2 - std': 0.01568282395219206} 
 

{'MSE - mean': 1187879227.5244617, 'MSE - std': 213480136.84436816, 'R2 - mean': 0.8335698700338424, 'R2 - std': 0.030189181425115095} 
 

{'MSE - mean': 1045543048.0527065, 'MSE - std': 308154329.1601868, 'R2 - mean': 0.846896641691173, 'R2 - std': 0.03487618865012018} 
 

{'MSE - mean': 997089079.0529426, 'MSE - std': 292161634.90686464, 'R2 - mean': 0.8417250857542055, 'R2 - std': 0.032864247915382935} 
 

Finished cross validation
Hyperparam was saved!!! Hurrah!!!
