Trial 173 finished with value: 301573.51727171487 and parameters: {'max_depth': 11, 'n_estimators': 86}. Best is trial 144 with value: 292306.8612907619.
{'MSE - mean': 273194.6494344202, 'MSE - std': 0.0, 'R2 - mean': 0.9822316743074682, 'R2 - std': 0.0} 
 

{'MSE - mean': 279120.3525855681, 'MSE - std': 5925.703151147842, 'R2 - mean': 0.9821304851348419, 'R2 - std': 0.00010118917262624816} 
 

{'MSE - mean': 292186.78802146093, 'MSE - std': 19101.643259793018, 'R2 - mean': 0.9814733495011424, 'R2 - std': 0.000932995524065792} 
 

{'MSE - mean': 293823.5229788718, 'MSE - std': 16783.661262690257, 'R2 - mean': 0.9814958535140401, 'R2 - std': 0.0008089374374663436} 
 

{'MSE - mean': 294204.04202595906, 'MSE - std': 15031.041457110296, 'R2 - mean': 0.9815200996816396, 'R2 - std': 0.0007251588300232806} 
 

Finished cross validation
Hyperparam was saved!!! Hurrah!!!
Trial 174 finished with value: 294204.04202595906 and parameters: {'max_depth': 12, 'n_estimators': 76}. Best is trial 144 with value: 292306.8612907619.
{'MSE - mean': 281249.78488818835, 'MSE - std': 0.0, 'R2 - mean': 0.9817077757957794, 'R2 - std': 0.0} 
 

{'MSE - mean': 285529.91205631325, 'MSE - std': 4280.127168124862, 'R2 - mean': 0.981718363414626, 'R2 - std': 1.0587618846591429e-05} 
 

{'MSE - mean': 298473.4367258397, 'MSE - std': 18635.521300055585, 'R2 - mean': 0.9810730930718575, 'R2 - std': 0.000912591015896618} 
 

{'MSE - mean': 300083.6089992792, 'MSE - std': 16378.032691507235, 'R2 - mean': 0.981100303916131, 'R2 - std': 0.0007917310539947536} 
 

{'MSE - mean': 300465.43969430786, 'MSE - std': 14668.849395706804, 'R2 - mean': 0.9811257506231567, 'R2 - std': 0.0007099722452895776} 
 

Finished cross validation
Hyperparam was saved!!! Hurrah!!!
Trial 175 finished with value: 300465.43969430786 and parameters: {'max_depth': 11, 'n_estimators': 94}. Best is trial 144 with value: 292306.8612907619.
{'MSE - mean': 272761.7836716747, 'MSE - std': 0.0, 'R2 - mean': 0.9822598274937385, 'R2 - std': 0.0} 
 

{'MSE - mean': 279684.64297369774, 'MSE - std': 6922.859302023018, 'R2 - mean': 0.9820953410966817, 'R2 - std': 0.00016448639705685109} 
 

{'MSE - mean': 292341.66054875584, 'MSE - std': 18771.010674292284, 'R2 - mean': 0.9814637151242653, 'R2 - std': 0.0009032939285043601} 
 

{'MSE - mean': 294925.2634456985, 'MSE - std': 16860.846452300906, 'R2 - mean': 0.9814278013551824, 'R2 - std': 0.0007847447593860472} 
 

{'MSE - mean': 294867.58776585717, 'MSE - std': 15081.240678625714, 'R2 - mean': 0.9814791997286555, 'R2 - std': 0.0007093846918913998} 
 

Finished cross validation
Hyperparam was saved!!! Hurrah!!!
Trial 176 finished with value: 294867.58776585717 and parameters: {'max_depth': 12, 'n_estimators': 81}. Best is trial 144 with value: 292306.8612907619.
{'MSE - mean': 272135.1663166971, 'MSE - std': 0.0, 'R2 - mean': 0.9823005821032116, 'R2 - std': 0.0} 
 

{'MSE - mean': 277884.3530386527, 'MSE - std': 5749.186721955572, 'R2 - mean': 0.9822094650067525, 'R2 - std': 9.111709645898136e-05} 
 

{'MSE - mean': 291143.9993575616, 'MSE - std': 19330.594222140408, 'R2 - mean': 0.9815396399048021, 'R2 - std': 0.000950192726723084} 
 

{'MSE - mean': 293145.01588523225, 'MSE - std': 17095.79206026501, 'R2 - mean': 0.9815391785073423, 'R2 - std': 0.0008228914278937013} 
 

{'MSE - mean': 293686.35925858375, 'MSE - std': 15329.223578699033, 'R2 - mean': 0.9815531979870642, 'R2 - std': 0.0007365503546448293} 
 

Finished cross validation
Hyperparam was saved!!! Hurrah!!!
Trial 177 finished with value: 293686.35925858375 and parameters: {'max_depth': 12, 'n_estimators': 89}. Best is trial 144 with value: 292306.8612907619.
{'MSE - mean': 282436.4727102183, 'MSE - std': 0.0, 'R2 - mean': 0.9816305947244779, 'R2 - std': 0.0} 
 

{'MSE - mean': 287515.01026749914, 'MSE - std': 5078.537557280826, 'R2 - mean': 0.9815920298489689, 'R2 - std': 3.8564875508961816e-05} 
 

{'MSE - mean': 299279.5029714882, 'MSE - std': 17146.455600062076, 'R2 - mean': 0.9810211161266612, 'R2 - std': 0.000808007708123573} 
 

{'MSE - mean': 301127.42875081184, 'MSE - std': 15190.29933185457, 'R2 - mean': 0.9810342112397298, 'R2 - std': 0.0007001226951393388} 
 

{'MSE - mean': 301786.81443237216, 'MSE - std': 13650.469330439157, 'R2 - mean': 0.9810426459428871, 'R2 - std': 0.0006264359563983806} 
 

Finished cross validation
Hyperparam was saved!!! Hurrah!!!
Trial 178 finished with value: 301786.81443237216 and parameters: {'max_depth': 11, 'n_estimators': 72}. Best is trial 144 with value: 292306.8612907619.
{'MSE - mean': 272371.6337794375, 'MSE - std': 0.0, 'R2 - mean': 0.9822852024795536, 'R2 - std': 0.0} 
 

{'MSE - mean': 278529.31251734076, 'MSE - std': 6157.678737903247, 'R2 - mean': 0.9821685678155418, 'R2 - std': 0.00011663466401179434} 
 

{'MSE - mean': 291283.33610146696, 'MSE - std': 18724.535778715013, 'R2 - mean': 0.9815304905200515, 'R2 - std': 0.000907388762662735} 
 

{'MSE - mean': 293621.7891258258, 'MSE - std': 16714.10385685345, 'R2 - mean': 0.9815093414316415, 'R2 - std': 0.0007866750452230473} 
 

{'MSE - mean': 294151.5735641858, 'MSE - std': 14987.05109068026, 'R2 - mean': 0.9815241194205895, 'R2 - std': 0.0007042440324566003} 
 

Finished cross validation
Hyperparam was saved!!! Hurrah!!!
Trial 179 finished with value: 294151.5735641858 and parameters: {'max_depth': 12, 'n_estimators': 85}. Best is trial 144 with value: 292306.8612907619.
{'MSE - mean': 281574.3361932572, 'MSE - std': 0.0, 'R2 - mean': 0.9816866672810104, 'R2 - std': 0.0} 
 

{'MSE - mean': 286409.82338343945, 'MSE - std': 4835.487190182263, 'R2 - mean': 0.9816625658779345, 'R2 - std': 2.410140307584907e-05} 
 

{'MSE - mean': 297803.36660326686, 'MSE - std': 16589.56333909243, 'R2 - mean': 0.9811142236601977, 'R2 - std': 0.0007757226484114305} 
 

{'MSE - mean': 299974.67418742226, 'MSE - std': 14851.058504744797, 'R2 - mean': 0.9811068593639495, 'R2 - std': 0.0006719166012397155} 
 

{'MSE - mean': 300585.99643038644, 'MSE - std': 13339.340707398293, 'R2 - mean': 0.981118083656909, 'R2 - std': 0.000601399596131382} 
 

Finished cross validation
Hyperparam was saved!!! Hurrah!!!
Trial 180 finished with value: 300585.99643038644 and parameters: {'max_depth': 11, 'n_estimators': 95}. Best is trial 144 with value: 292306.8612907619.
{'MSE - mean': 272724.34121546143, 'MSE - std': 0.0, 'R2 - mean': 0.9822622627162368, 'R2 - std': 0.0} 
 

{'MSE - mean': 278683.5906545208, 'MSE - std': 5959.24943905932, 'R2 - mean': 0.9821584896869759, 'R2 - std': 0.0001037730292608452} 
 

{'MSE - mean': 291791.39780459116, 'MSE - std': 19165.18508002185, 'R2 - mean': 0.9814985149794757, 'R2 - std': 0.0009371832567938526} 
 

{'MSE - mean': 293413.50926164456, 'MSE - std': 16833.656052709724, 'R2 - mean': 0.9815217305962026, 'R2 - std': 0.000812619983258522} 
 

{'MSE - mean': 293617.9976741666, 'MSE - std': 15062.033160372726, 'R2 - mean': 0.981556841208343, 'R2 - std': 0.00073021367427097} 
 

Finished cross validation
Hyperparam was saved!!! Hurrah!!!
Trial 181 finished with value: 293617.9976741666 and parameters: {'max_depth': 12, 'n_estimators': 82}. Best is trial 144 with value: 292306.8612907619.
{'MSE - mean': 270480.68433060404, 'MSE - std': 0.0, 'R2 - mean': 0.9824081880714917, 'R2 - std': 0.0} 
 

{'MSE - mean': 277538.68675118615, 'MSE - std': 7058.002420582081, 'R2 - mean': 0.9822329071550491, 'R2 - std': 0.00017528091644253285} 
 

{'MSE - mean': 290278.28629851225, 'MSE - std': 18915.735742984594, 'R2 - mean': 0.9815948644267793, 'R2 - std': 0.0009136078549583864} 
 

{'MSE - mean': 292374.8726566207, 'MSE - std': 16779.178081623602, 'R2 - mean': 0.9815880557913632, 'R2 - std': 0.0007912954928659312} 
 

{'MSE - mean': 293188.7825015108, 'MSE - std': 15095.775919716969, 'R2 - mean': 0.9815849312704868, 'R2 - std': 0.0007077837919497572} 
 

Finished cross validation
Hyperparam was saved!!! Hurrah!!!
Trial 182 finished with value: 293188.7825015108 and parameters: {'max_depth': 12, 'n_estimators': 89}. Best is trial 144 with value: 292306.8612907619.
{'MSE - mean': 273649.1871476405, 'MSE - std': 0.0, 'R2 - mean': 0.9822021115977124, 'R2 - std': 0.0} 
 

{'MSE - mean': 279655.9867739808, 'MSE - std': 6006.799626340246, 'R2 - mean': 0.9820962629141747, 'R2 - std': 0.00010584868353763488} 
 

{'MSE - mean': 292668.0500581129, 'MSE - std': 19044.21197252643, 'R2 - mean': 0.9814427949881938, 'R2 - std': 0.0009281756064683604} 
 

{'MSE - mean': 294527.5810650056, 'MSE - std': 16804.31712202778, 'R2 - mean': 0.9814517621750977, 'R2 - std': 0.0008039736927630725} 
 

{'MSE - mean': 294870.93267556705, 'MSE - std': 15045.917069558815, 'R2 - mean': 0.9814783838848896, 'R2 - std': 0.0007210643665117931} 
 

Finished cross validation
Hyperparam was saved!!! Hurrah!!!
Trial 183 finished with value: 294870.93267556705 and parameters: {'max_depth': 12, 'n_estimators': 100}. Best is trial 144 with value: 292306.8612907619.
{'MSE - mean': 277293.1536935034, 'MSE - std': 0.0, 'R2 - mean': 0.9819651114056017, 'R2 - std': 0.0} 
 

{'MSE - mean': 283132.1181222609, 'MSE - std': 5838.964428757492, 'R2 - mean': 0.9818734771951525, 'R2 - std': 9.163421044916521e-05} 
 

{'MSE - mean': 296824.2032153575, 'MSE - std': 19941.800122524706, 'R2 - mean': 0.9811796626621246, 'R2 - std': 0.0009840503534700755} 
 

{'MSE - mean': 298842.6147205542, 'MSE - std': 17620.40008365235, 'R2 - mean': 0.9811804822400154, 'R2 - std': 0.0008522137869966622} 
 

{'MSE - mean': 299427.17034775077, 'MSE - std': 15803.468619626805, 'R2 - mean': 0.9811927200305621, 'R2 - std': 0.0007626360370895219} 
 

Finished cross validation
Hyperparam was saved!!! Hurrah!!!
Trial 184 finished with value: 299427.17034775077 and parameters: {'max_depth': 12, 'n_estimators': 22}. Best is trial 144 with value: 292306.8612907619.
{'MSE - mean': 278010.61468509975, 'MSE - std': 0.0, 'R2 - mean': 0.9819184484105659, 'R2 - std': 0.0} 
 

{'MSE - mean': 284276.2123277349, 'MSE - std': 6265.59764263517, 'R2 - mean': 0.981800632510188, 'R2 - std': 0.00011781590037784895} 
 

{'MSE - mean': 296902.70421624125, 'MSE - std': 18574.94021616121, 'R2 - mean': 0.981173747622755, 'R2 - std': 0.0008917527955876324} 
 

{'MSE - mean': 298912.2175559361, 'MSE - std': 16458.606703263376, 'R2 - mean': 0.981175383928313, 'R2 - std': 0.0007722857753554739} 
 

{'MSE - mean': 299608.5018767253, 'MSE - std': 14786.745250787024, 'R2 - mean': 0.9811808307766651, 'R2 - std': 0.0006908392922243212} 
 

Finished cross validation
Hyperparam was saved!!! Hurrah!!!
Trial 185 finished with value: 299608.5018767253 and parameters: {'max_depth': 11, 'n_estimators': 91}. Best is trial 144 with value: 292306.8612907619.
{'MSE - mean': 618593.3924461827, 'MSE - std': 0.0, 'R2 - mean': 0.9597672615807564, 'R2 - std': 0.0} 
 

{'MSE - mean': 612234.2630391372, 'MSE - std': 6359.129407045431, 'R2 - mean': 0.9607849579772871, 'R2 - std': 0.0010176963965307095} 
 

{'MSE - mean': 631880.3324948008, 'MSE - std': 28264.732583036224, 'R2 - mean': 0.9599118715756294, 'R2 - std': 0.0014882978084129383} 
 

{'MSE - mean': 633574.7203928401, 'MSE - std': 24653.279336428615, 'R2 - mean': 0.9600800599004428, 'R2 - std': 0.0013214139066566604} 
 

{'MSE - mean': 630980.5232047127, 'MSE - std': 22652.743362240617, 'R2 - mean': 0.9603484588001685, 'R2 - std': 0.0012980984737916586} 
 

Finished cross validation
Hyperparam was saved!!! Hurrah!!!
Trial 186 finished with value: 630980.5232047127 and parameters: {'max_depth': 6, 'n_estimators': 88}. Best is trial 144 with value: 292306.8612907619.
{'MSE - mean': 273317.0495204791, 'MSE - std': 0.0, 'R2 - mean': 0.9822237135198085, 'R2 - std': 0.0} 
 

{'MSE - mean': 278925.407149152, 'MSE - std': 5608.3576286728785, 'R2 - mean': 0.9821426534107063, 'R2 - std': 8.106010910219341e-05} 
 

{'MSE - mean': 292236.4527112587, 'MSE - std': 19373.615686641737, 'R2 - mean': 0.9814702654198292, 'R2 - std': 0.0009532007735746476} 
 

{'MSE - mean': 294110.7352078151, 'MSE - std': 17089.223013670366, 'R2 - mean': 0.98147811370627, 'R2 - std': 0.0008256080019341223} 
 

{'MSE - mean': 294293.72096005845, 'MSE - std': 15289.446350697757, 'R2 - mean': 0.9815146161574235, 'R2 - std': 0.0007420462074877638} 
 

Finished cross validation
Hyperparam was saved!!! Hurrah!!!
Trial 187 finished with value: 294293.72096005845 and parameters: {'max_depth': 12, 'n_estimators': 76}. Best is trial 144 with value: 292306.8612907619.
{'MSE - mean': 280104.7431083984, 'MSE - std': 0.0, 'R2 - mean': 0.9817822482472603, 'R2 - std': 0.0} 
 

{'MSE - mean': 285305.2273231662, 'MSE - std': 5200.484214767785, 'R2 - mean': 0.9817336703398174, 'R2 - std': 4.85779074428927e-05} 
 

{'MSE - mean': 298516.2261730583, 'MSE - std': 19159.619131628584, 'R2 - mean': 0.9810712941880523, 'R2 - std': 0.0009375806853716003} 
 

{'MSE - mean': 300227.2355568319, 'MSE - std': 16855.29333135097, 'R2 - mean': 0.9810920712978806, 'R2 - std': 0.0008127657848758499} 
 

{'MSE - mean': 300482.8713369711, 'MSE - std': 15084.499634958302, 'R2 - mean': 0.9811252234303132, 'R2 - std': 0.0007299772821062078} 
 

Finished cross validation
Hyperparam was saved!!! Hurrah!!!
Trial 188 finished with value: 300482.8713369711 and parameters: {'max_depth': 11, 'n_estimators': 80}. Best is trial 144 with value: 292306.8612907619.
{'MSE - mean': 274135.38441158395, 'MSE - std': 0.0, 'R2 - mean': 0.9821704897802483, 'R2 - std': 0.0} 
 

{'MSE - mean': 278434.76081677765, 'MSE - std': 4299.376405193703, 'R2 - mean': 0.98217277022307, 'R2 - std': 2.280442821744888e-06} 
 

{'MSE - mean': 291396.1225232598, 'MSE - std': 18663.249615796976, 'R2 - mean': 0.9815223331773497, 'R2 - std': 0.0009198587760287513} 
 

{'MSE - mean': 293366.09739736235, 'MSE - std': 16519.081926061943, 'R2 - mean': 0.9815242242218666, 'R2 - std': 0.0007966278014392474} 
 

{'MSE - mean': 294145.64394345385, 'MSE - std': 14857.14728385129, 'R2 - mean': 0.9815236788100716, 'R2 - std': 0.0007125264016981037} 
 

Finished cross validation
Hyperparam was saved!!! Hurrah!!!
Trial 189 finished with value: 294145.64394345385 and parameters: {'max_depth': 12, 'n_estimators': 95}. Best is trial 144 with value: 292306.8612907619.
{'MSE - mean': 273351.87391375384, 'MSE - std': 0.0, 'R2 - mean': 0.9822214485736867, 'R2 - std': 0.0} 
 

{'MSE - mean': 277754.6021062008, 'MSE - std': 4402.728192446986, 'R2 - mean': 0.9822164319911945, 'R2 - std': 5.016582492189947e-06} 
 

{'MSE - mean': 291455.91280260833, 'MSE - std': 19707.219657358066, 'R2 - mean': 0.9815194513404433, 'R2 - std': 0.0009856879995429767} 
 

{'MSE - mean': 293899.20196026517, 'MSE - std': 17583.795542808457, 'R2 - mean': 0.9814919293022855, 'R2 - std': 0.0008549608248834257} 
 

{'MSE - mean': 294349.0860400846, 'MSE - std': 15753.141759475546, 'R2 - mean': 0.9815117075749352, 'R2 - std': 0.0007657226194545387} 
 

Finished cross validation
Hyperparam was saved!!! Hurrah!!!
Trial 190 finished with value: 294349.0860400846 and parameters: {'max_depth': 12, 'n_estimators': 70}. Best is trial 144 with value: 292306.8612907619.
{'MSE - mean': 274200.76740045846, 'MSE - std': 0.0, 'R2 - mean': 0.9821662373315145, 'R2 - std': 0.0} 
 

{'MSE - mean': 277022.9255736206, 'MSE - std': 2822.158173162141, 'R2 - mean': 0.9822617140624825, 'R2 - std': 9.547673096793607e-05} 
 

{'MSE - mean': 291316.2242077861, 'MSE - std': 20344.691925096915, 'R2 - mean': 0.9815279425164342, 'R2 - std': 0.001040633733685673} 
 

{'MSE - mean': 292830.1399941463, 'MSE - std': 17813.076381408693, 'R2 - mean': 0.9815578100939731, 'R2 - std': 0.0009026988104166169} 
 

{'MSE - mean': 293535.0588532859, 'MSE - std': 15994.755219377466, 'R2 - mean': 0.9815618497438978, 'R2 - std': 0.0008074387834059718} 
 

Finished cross validation
Hyperparam was saved!!! Hurrah!!!
Trial 191 finished with value: 293535.0588532859 and parameters: {'max_depth': 12, 'n_estimators': 84}. Best is trial 144 with value: 292306.8612907619.
{'MSE - mean': 272488.81371012237, 'MSE - std': 0.0, 'R2 - mean': 0.9822775812059403, 'R2 - std': 0.0} 
 

{'MSE - mean': 279309.05129251676, 'MSE - std': 6820.237582394388, 'R2 - mean': 0.9821192924141194, 'R2 - std': 0.00015828879182089306} 
 

{'MSE - mean': 292804.12982868776, 'MSE - std': 19880.762473181196, 'R2 - mean': 0.981435249744074, 'R2 - std': 0.0009759776175523718} 
 

{'MSE - mean': 293915.634160204, 'MSE - std': 17324.545102923337, 'R2 - mean': 0.9814901688425646, 'R2 - std': 0.0008505572024322857} 
 

{'MSE - mean': 294483.46632965206, 'MSE - std': 15537.104746677247, 'R2 - mean': 0.9815027630309661, 'R2 - std': 0.000761178361498493} 
 

Finished cross validation
Hyperparam was saved!!! Hurrah!!!
Trial 192 finished with value: 294483.46632965206 and parameters: {'max_depth': 12, 'n_estimators': 86}. Best is trial 144 with value: 292306.8612907619.
{'MSE - mean': 280784.03266988177, 'MSE - std': 0.0, 'R2 - mean': 0.9817380678865067, 'R2 - std': 0.0} 
 

{'MSE - mean': 285116.9911315461, 'MSE - std': 4332.958461664355, 'R2 - mean': 0.981744860369886, 'R2 - std': 6.792483379147729e-06} 
 

{'MSE - mean': 298334.1030027105, 'MSE - std': 19023.681166292623, 'R2 - mean': 0.981082284114307, 'R2 - std': 0.0009370407394919884} 
 

{'MSE - mean': 300322.6262163697, 'MSE - std': 16831.161800403188, 'R2 - mean': 0.9810859966901001, 'R2 - std': 0.0008115265616465239} 
 

{'MSE - mean': 300665.41383656405, 'MSE - std': 15069.85134138075, 'R2 - mean': 0.9811137602806351, 'R2 - std': 0.0007279722220276397} 
 

Finished cross validation
Hyperparam was saved!!! Hurrah!!!
Trial 193 finished with value: 300665.41383656405 and parameters: {'max_depth': 11, 'n_estimators': 78}. Best is trial 144 with value: 292306.8612907619.
{'MSE - mean': 273728.6026082631, 'MSE - std': 0.0, 'R2 - mean': 0.9821969464900784, 'R2 - std': 0.0} 
 

{'MSE - mean': 279159.87570354284, 'MSE - std': 5431.2730952797865, 'R2 - mean': 0.9821274610105102, 'R2 - std': 6.948547956825424e-05} 
 

{'MSE - mean': 291706.41069269966, 'MSE - std': 18289.256375222318, 'R2 - mean': 0.9815029177458693, 'R2 - std': 0.00088505785125261} 
 

{'MSE - mean': 292709.58632913674, 'MSE - std': 15933.981239526442, 'R2 - mean': 0.9815645421453199, 'R2 - std': 0.0007738787048826721} 
 

{'MSE - mean': 292855.67739944684, 'MSE - std': 14254.780844213701, 'R2 - mean': 0.98160347198707, 'R2 - std': 0.0006965434158840826} 
 

Finished cross validation
Hyperparam was saved!!! Hurrah!!!
Trial 194 finished with value: 292855.67739944684 and parameters: {'max_depth': 12, 'n_estimators': 89}. Best is trial 144 with value: 292306.8612907619.
{'MSE - mean': 272987.74268785806, 'MSE - std': 0.0, 'R2 - mean': 0.9822451313296627, 'R2 - std': 0.0} 
 

{'MSE - mean': 277793.7477550401, 'MSE - std': 4806.0050671820645, 'R2 - mean': 0.9822143271242323, 'R2 - std': 3.080420543050133e-05} 
 

{'MSE - mean': 290987.64918774506, 'MSE - std': 19067.158322686355, 'R2 - mean': 0.9815488616882977, 'R2 - std': 0.0009414462768680268} 
 

{'MSE - mean': 293417.3540879319, 'MSE - std': 17040.475127846847, 'R2 - mean': 0.9815220502613949, 'R2 - std': 0.0008166378493611356} 
 

{'MSE - mean': 293505.22243659175, 'MSE - std': 15242.477405362893, 'R2 - mean': 0.9815642984720565, 'R2 - std': 0.0007352941906636834} 
 

Finished cross validation
Hyperparam was saved!!! Hurrah!!!
Trial 195 finished with value: 293505.22243659175 and parameters: {'max_depth': 12, 'n_estimators': 92}. Best is trial 144 with value: 292306.8612907619.
{'MSE - mean': 280949.3769561467, 'MSE - std': 0.0, 'R2 - mean': 0.9817273140480409, 'R2 - std': 0.0} 
 

{'MSE - mean': 285593.1835799294, 'MSE - std': 4643.806623782701, 'R2 - mean': 0.9817146739968956, 'R2 - std': 1.264005114531841e-05} 
 

{'MSE - mean': 297677.7724409564, 'MSE - std': 17505.747699527376, 'R2 - mean': 0.9811228565087794, 'R2 - std': 0.0008370199474379822} 
 

{'MSE - mean': 299312.5012496808, 'MSE - std': 15422.561937753779, 'R2 - mean': 0.981148387257428, 'R2 - std': 0.000726228098937584} 
 

{'MSE - mean': 299567.09319342853, 'MSE - std': 13803.753171162047, 'R2 - mean': 0.9811817134206707, 'R2 - std': 0.000652968861413104} 
 

Finished cross validation
Hyperparam was saved!!! Hurrah!!!
Trial 196 finished with value: 299567.09319342853 and parameters: {'max_depth': 11, 'n_estimators': 89}. Best is trial 144 with value: 292306.8612907619.
{'MSE - mean': 280205.2177561377, 'MSE - std': 0.0, 'R2 - mean': 0.9817757134696995, 'R2 - std': 0.0} 
 

{'MSE - mean': 285555.9820386355, 'MSE - std': 5350.76428249781, 'R2 - mean': 0.9817177613493508, 'R2 - std': 5.795212034870323e-05} 
 

{'MSE - mean': 298904.9686951164, 'MSE - std': 19377.25492549734, 'R2 - mean': 0.9810468775273113, 'R2 - std': 0.0009499521939815996} 
 

{'MSE - mean': 300426.3188249728, 'MSE - std': 16986.81915452759, 'R2 - mean': 0.9810794658994209, 'R2 - std': 0.0008246168104811345} 
 

{'MSE - mean': 300437.1289427004, 'MSE - std': 15193.488323142961, 'R2 - mean': 0.981127882873707, 'R2 - std': 0.0007438891858997386} 
 

Finished cross validation
Hyperparam was saved!!! Hurrah!!!
Trial 197 finished with value: 300437.1289427004 and parameters: {'max_depth': 11, 'n_estimators': 100}. Best is trial 144 with value: 292306.8612907619.
{'MSE - mean': 271315.66163740365, 'MSE - std': 0.0, 'R2 - mean': 0.9823538819247066, 'R2 - std': 0.0} 
 

{'MSE - mean': 277790.9855897258, 'MSE - std': 6475.323952322098, 'R2 - mean': 0.9822161684593095, 'R2 - std': 0.00013771346539714902} 
 

{'MSE - mean': 291299.35965378775, 'MSE - std': 19821.845353908255, 'R2 - mean': 0.9815305454979241, 'R2 - std': 0.0009761152712285575} 
 

{'MSE - mean': 292807.0564242456, 'MSE - std': 17363.715431342385, 'R2 - mean': 0.9815604063455102, 'R2 - std': 0.0008469213527240219} 
 

{'MSE - mean': 293217.5333390988, 'MSE - std': 15552.262088037862, 'R2 - mean': 0.9815825168180027, 'R2 - std': 0.0007587991263406072} 
 

Finished cross validation
Hyperparam was saved!!! Hurrah!!!
