Trial 165 finished with value: 4110088.0094214147 and parameters: {'max_depth': 12, 'n_estimators': 83}. Best is trial 122 with value: 4094119.1518047363.
{'MSE - mean': 3918655.6872979677, 'MSE - std': 0.0, 'R2 - mean': 0.5408683706206494, 'R2 - std': 0.0} 
 

{'MSE - mean': 3948090.592902681, 'MSE - std': 29434.905604713364, 'R2 - mean': 0.5220842622295363, 'R2 - std': 0.018784108391113052} 
 

{'MSE - mean': 4068673.295734327, 'MSE - std': 172214.93999169243, 'R2 - mean': 0.5206785259299268, 'R2 - std': 0.015465467159259554} 
 

{'MSE - mean': 4154291.8922698786, 'MSE - std': 210321.4715273019, 'R2 - mean': 0.5120757188565132, 'R2 - std': 0.02003522833580209} 
 

{'MSE - mean': 4099371.896467795, 'MSE - std': 217836.91345575755, 'R2 - mean': 0.5138489369387477, 'R2 - std': 0.01826760819162803} 
 

Finished cross validation
Hyperparam was saved!!! Hurrah!!!
Trial 166 finished with value: 4099371.896467795 and parameters: {'max_depth': 12, 'n_estimators': 73}. Best is trial 122 with value: 4094119.1518047363.
{'MSE - mean': 3983362.0389558133, 'MSE - std': 0.0, 'R2 - mean': 0.5332870123594072, 'R2 - std': 0.0} 
 

{'MSE - mean': 4005463.152927982, 'MSE - std': 22101.11397216888, 'R2 - mean': 0.5151692475576191, 'R2 - std': 0.018117764801788117} 
 

{'MSE - mean': 4132530.827848327, 'MSE - std': 180604.6165297704, 'R2 - mean': 0.5132036713059615, 'R2 - std': 0.015051995912306854} 
 

{'MSE - mean': 4219419.374540567, 'MSE - std': 217053.86260734417, 'R2 - mean': 0.5044624266437419, 'R2 - std': 0.019978738960265405} 
 

{'MSE - mean': 4160188.3100060425, 'MSE - std': 227427.30584031978, 'R2 - mean': 0.5066822594849187, 'R2 - std': 0.018412784681438314} 
 

Finished cross validation
Hyperparam was saved!!! Hurrah!!!
Trial 167 finished with value: 4160188.3100060425 and parameters: {'max_depth': 11, 'n_estimators': 72}. Best is trial 122 with value: 4094119.1518047363.
{'MSE - mean': 3925487.0878363326, 'MSE - std': 0.0, 'R2 - mean': 0.5400679655046068, 'R2 - std': 0.0} 
 

{'MSE - mean': 3946334.0476466035, 'MSE - std': 20846.95981027116, 'R2 - mean': 0.5223299520882124, 'R2 - std': 0.01773801341639436} 
 

{'MSE - mean': 4077880.588780232, 'MSE - std': 186811.9788914249, 'R2 - mean': 0.5196813171221939, 'R2 - std': 0.014959565980999899} 
 

{'MSE - mean': 4158011.7258580597, 'MSE - std': 213159.64435407243, 'R2 - mean': 0.5116988189840791, 'R2 - std': 0.018947355760895398} 
 

{'MSE - mean': 4099306.937998741, 'MSE - std': 223907.64983661048, 'R2 - mean': 0.5139228933203841, 'R2 - std': 0.017521068999281696} 
 

Finished cross validation
Hyperparam was saved!!! Hurrah!!!
Trial 168 finished with value: 4099306.937998741 and parameters: {'max_depth': 12, 'n_estimators': 91}. Best is trial 122 with value: 4094119.1518047363.
{'MSE - mean': 3916904.4448263044, 'MSE - std': 0.0, 'R2 - mean': 0.5410735559886977, 'R2 - std': 0.0} 
 

{'MSE - mean': 3939029.6246567923, 'MSE - std': 22125.179830487818, 'R2 - mean': 0.523209013188146, 'R2 - std': 0.017864542800551608} 
 

{'MSE - mean': 4079361.1473548785, 'MSE - std': 199279.25526895147, 'R2 - mean': 0.519556976732902, 'R2 - std': 0.01547371966236161} 
 

{'MSE - mean': 4159124.353063161, 'MSE - std': 221067.12360727982, 'R2 - mean': 0.5116053065112786, 'R2 - std': 0.019216247762827616} 
 

{'MSE - mean': 4102088.8759038746, 'MSE - std': 228273.34739550052, 'R2 - mean': 0.513614482422494, 'R2 - std': 0.017651019625923452} 
 

Finished cross validation
Hyperparam was saved!!! Hurrah!!!
Trial 169 finished with value: 4102088.8759038746 and parameters: {'max_depth': 12, 'n_estimators': 89}. Best is trial 122 with value: 4094119.1518047363.
{'MSE - mean': 4048890.6531223743, 'MSE - std': 0.0, 'R2 - mean': 0.5256093132212087, 'R2 - std': 0.0} 
 

{'MSE - mean': 4065354.2443061387, 'MSE - std': 16463.591183764627, 'R2 - mean': 0.5079428974957689, 'R2 - std': 0.017666415725439866} 
 

{'MSE - mean': 4200767.891620574, 'MSE - std': 191975.02870887535, 'R2 - mean': 0.5052191590739624, 'R2 - std': 0.014930025620771593} 
 

{'MSE - mean': 4288090.801714647, 'MSE - std': 224759.16136549998, 'R2 - mean': 0.49643669298030557, 'R2 - std': 0.01996432770809892} 
 

{'MSE - mean': 4230025.226945939, 'MSE - std': 232163.27958370215, 'R2 - mean': 0.49842187199538346, 'R2 - std': 0.018292710229944484} 
 

Finished cross validation
Hyperparam was saved!!! Hurrah!!!
Trial 170 finished with value: 4230025.226945939 and parameters: {'max_depth': 10, 'n_estimators': 88}. Best is trial 122 with value: 4094119.1518047363.
{'MSE - mean': 3940668.0484524714, 'MSE - std': 0.0, 'R2 - mean': 0.5382892792051638, 'R2 - std': 0.0} 
 

{'MSE - mean': 3952456.583357336, 'MSE - std': 11788.534904864384, 'R2 - mean': 0.5216239208634414, 'R2 - std': 0.016665358341722336} 
 

{'MSE - mean': 4077432.537523785, 'MSE - std': 177004.58923362519, 'R2 - mean': 0.519717362693166, 'R2 - std': 0.013871771355957527} 
 

{'MSE - mean': 4158304.535027083, 'MSE - std': 207650.68841167752, 'R2 - mean': 0.5116526160807012, 'R2 - std': 0.018423896009904163} 
 

{'MSE - mean': 4099085.6531870454, 'MSE - std': 220278.34796868294, 'R2 - mean': 0.5139421793831207, 'R2 - std': 0.017103226473684816} 
 

Finished cross validation
Hyperparam was saved!!! Hurrah!!!
Trial 171 finished with value: 4099085.6531870454 and parameters: {'max_depth': 12, 'n_estimators': 93}. Best is trial 122 with value: 4094119.1518047363.
{'MSE - mean': 3926322.743574274, 'MSE - std': 0.0, 'R2 - mean': 0.5399700554019651, 'R2 - std': 0.0} 
 

{'MSE - mean': 3940478.516212824, 'MSE - std': 14155.772638550261, 'R2 - mean': 0.5230643927943196, 'R2 - std': 0.016905662607645477} 
 

{'MSE - mean': 4089560.239583157, 'MSE - std': 211149.97297055574, 'R2 - mean': 0.5184276676790697, 'R2 - std': 0.015281777549022494} 
 

{'MSE - mean': 4168817.8700208203, 'MSE - std': 228655.96266417255, 'R2 - mean': 0.5105202526070837, 'R2 - std': 0.01904550296409541} 
 

{'MSE - mean': 4109325.11049869, 'MSE - std': 236610.21354061543, 'R2 - mean': 0.5128104726062416, 'R2 - std': 0.017639880302951733} 
 

Finished cross validation
Hyperparam was saved!!! Hurrah!!!
Trial 172 finished with value: 4109325.11049869 and parameters: {'max_depth': 12, 'n_estimators': 93}. Best is trial 122 with value: 4094119.1518047363.
{'MSE - mean': 3970893.78592756, 'MSE - std': 0.0, 'R2 - mean': 0.5347478626573632, 'R2 - std': 0.0} 
 

{'MSE - mean': 3993298.305271471, 'MSE - std': 22404.519343910506, 'R2 - mean': 0.5166402809767778, 'R2 - std': 0.018107581680585294} 
 

{'MSE - mean': 4123166.643817661, 'MSE - std': 184570.34531992627, 'R2 - mean': 0.5143246746468306, 'R2 - std': 0.015143108715296718} 
 

{'MSE - mean': 4210583.000962329, 'MSE - std': 220169.29342660448, 'R2 - mean': 0.5055143528549674, 'R2 - std': 0.020120899989836776} 
 

{'MSE - mean': 4155148.338437683, 'MSE - std': 225990.31273765222, 'R2 - mean': 0.5072732470408774, 'R2 - std': 0.018337266103476895} 
 

Finished cross validation
Hyperparam was saved!!! Hurrah!!!
Trial 173 finished with value: 4155148.338437683 and parameters: {'max_depth': 11, 'n_estimators': 85}. Best is trial 122 with value: 4094119.1518047363.
{'MSE - mean': 3924885.5911212545, 'MSE - std': 0.0, 'R2 - mean': 0.5401384402257606, 'R2 - std': 0.0} 
 

{'MSE - mean': 3952476.765046503, 'MSE - std': 27591.17392524844, 'R2 - mean': 0.5215605513762822, 'R2 - std': 0.018577888849478363} 
 

{'MSE - mean': 4084367.3051716187, 'MSE - std': 187876.93951459823, 'R2 - mean': 0.5189008430478496, 'R2 - std': 0.0156281817940236} 
 

{'MSE - mean': 4170144.241714676, 'MSE - std': 220332.37807722166, 'R2 - mean': 0.510267075669208, 'R2 - std': 0.020169429022304335} 
 

{'MSE - mean': 4110272.988720645, 'MSE - std': 230597.8169966754, 'R2 - mean': 0.5126219111745397, 'R2 - std': 0.01864472297185722} 
 

Finished cross validation
Hyperparam was saved!!! Hurrah!!!
Trial 174 finished with value: 4110272.988720645 and parameters: {'max_depth': 12, 'n_estimators': 74}. Best is trial 122 with value: 4094119.1518047363.
{'MSE - mean': 3980457.580667682, 'MSE - std': 0.0, 'R2 - mean': 0.5336273149459847, 'R2 - std': 0.0} 
 

{'MSE - mean': 3992711.2075308086, 'MSE - std': 12253.626863126876, 'R2 - mean': 0.5167504689563526, 'R2 - std': 0.016876845989632128} 
 

{'MSE - mean': 4122091.186474636, 'MSE - std': 183244.25998434707, 'R2 - mean': 0.5144746575810738, 'R2 - std': 0.014150756936298643} 
 

{'MSE - mean': 4209377.655759563, 'MSE - std': 219181.72203355227, 'R2 - mean': 0.5056732796803779, 'R2 - std': 0.019559542434710184} 
 

{'MSE - mean': 4153128.629860732, 'MSE - std': 226027.2405643708, 'R2 - mean': 0.5075307116181823, 'R2 - std': 0.017884651906550645} 
 

Finished cross validation
Hyperparam was saved!!! Hurrah!!!
Trial 175 finished with value: 4153128.629860732 and parameters: {'max_depth': 11, 'n_estimators': 91}. Best is trial 122 with value: 4094119.1518047363.
{'MSE - mean': 3928982.6730081555, 'MSE - std': 0.0, 'R2 - mean': 0.539658403184351, 'R2 - std': 0.0} 
 

{'MSE - mean': 3953369.0476660747, 'MSE - std': 24386.374657919398, 'R2 - mean': 0.5214649224595684, 'R2 - std': 0.018193480724782607} 
 

{'MSE - mean': 4086798.397424443, 'MSE - std': 189745.21408067105, 'R2 - mean': 0.5186316742946208, 'R2 - std': 0.015385807884228346} 
 

{'MSE - mean': 4160158.400747424, 'MSE - std': 207719.77508781597, 'R2 - mean': 0.5114405218541822, 'R2 - std': 0.01823952667841634} 
 

{'MSE - mean': 4104303.076164703, 'MSE - std': 216788.5446858086, 'R2 - mean': 0.5133113948196093, 'R2 - std': 0.016737530563771738} 
 

Finished cross validation
Hyperparam was saved!!! Hurrah!!!
Trial 176 finished with value: 4104303.076164703 and parameters: {'max_depth': 12, 'n_estimators': 95}. Best is trial 122 with value: 4094119.1518047363.
{'MSE - mean': 3984981.4101231378, 'MSE - std': 0.0, 'R2 - mean': 0.5330972777713356, 'R2 - std': 0.0} 
 

{'MSE - mean': 4002336.6052951133, 'MSE - std': 17355.195171975298, 'R2 - mean': 0.515565923670116, 'R2 - std': 0.017531354101219587} 
 

{'MSE - mean': 4131837.2731771613, 'MSE - std': 183688.99757497152, 'R2 - mean': 0.5133125348966293, 'R2 - std': 0.01466473455870184} 
 

{'MSE - mean': 4220877.200033803, 'MSE - std': 221563.89957861297, 'R2 - mean': 0.5043137127641795, 'R2 - std': 0.020105402982091573} 
 

{'MSE - mean': 4162448.6072659567, 'MSE - std': 230060.97254534182, 'R2 - mean': 0.506428198448095, 'R2 - std': 0.018473385777592867} 
 

Finished cross validation
Hyperparam was saved!!! Hurrah!!!
Trial 177 finished with value: 4162448.6072659567 and parameters: {'max_depth': 11, 'n_estimators': 86}. Best is trial 122 with value: 4094119.1518047363.
{'MSE - mean': 3919031.9889112096, 'MSE - std': 0.0, 'R2 - mean': 0.5408242810178333, 'R2 - std': 0.0} 
 

{'MSE - mean': 3937436.1530110473, 'MSE - std': 18404.164099837653, 'R2 - mean': 0.523416203250177, 'R2 - std': 0.01740807776765635} 
 

{'MSE - mean': 4073873.2397660804, 'MSE - std': 193535.43893012666, 'R2 - mean': 0.5201901856047817, 'R2 - std': 0.014927887573486466} 
 

{'MSE - mean': 4170777.9664160465, 'MSE - std': 237199.39446111882, 'R2 - mean': 0.5102436547315858, 'R2 - std': 0.021539076112714405} 
 

{'MSE - mean': 4112530.454801363, 'MSE - std': 242037.04803890706, 'R2 - mean': 0.5123870271560691, 'R2 - std': 0.019736302116444792} 
 

Finished cross validation
Hyperparam was saved!!! Hurrah!!!
Trial 178 finished with value: 4112530.454801363 and parameters: {'max_depth': 12, 'n_estimators': 76}. Best is trial 122 with value: 4094119.1518047363.
{'MSE - mean': 3915681.7644885145, 'MSE - std': 0.0, 'R2 - mean': 0.541216812059273, 'R2 - std': 0.0} 
 

{'MSE - mean': 3937216.7533316314, 'MSE - std': 21534.988843117142, 'R2 - mean': 0.5234306843446405, 'R2 - std': 0.017786127714632505} 
 

{'MSE - mean': 4071827.668712221, 'MSE - std': 191178.88893786352, 'R2 - mean': 0.5204123110355524, 'R2 - std': 0.015136667871546557} 
 

{'MSE - mean': 4160686.0502300947, 'MSE - std': 226051.90019012205, 'R2 - mean': 0.511406903220309, 'R2 - std': 0.02037476737159651} 
 

{'MSE - mean': 4103305.4955014614, 'MSE - std': 232485.87378056883, 'R2 - mean': 0.5134598022427099, 'R2 - std': 0.01868053783867148} 
 

Finished cross validation
Hyperparam was saved!!! Hurrah!!!
Trial 179 finished with value: 4103305.4955014614 and parameters: {'max_depth': 12, 'n_estimators': 69}. Best is trial 122 with value: 4094119.1518047363.
{'MSE - mean': 3978560.4288607463, 'MSE - std': 0.0, 'R2 - mean': 0.5338495958682719, 'R2 - std': 0.0} 
 

{'MSE - mean': 3998283.381957586, 'MSE - std': 19722.953096839366, 'R2 - mean': 0.5160473203105863, 'R2 - std': 0.017802275557685543} 
 

{'MSE - mean': 4136181.3745700396, 'MSE - std': 195680.9716153537, 'R2 - mean': 0.5128452162092428, 'R2 - std': 0.015224572836028153} 
 

{'MSE - mean': 4214843.403630963, 'MSE - std': 217442.9268502227, 'R2 - mean': 0.5050453772122574, 'R2 - std': 0.0188773191599424} 
 

{'MSE - mean': 4156270.7230702816, 'MSE - std': 227042.23567875527, 'R2 - mean': 0.5071803304560282, 'R2 - std': 0.01741593076310917} 
 

Finished cross validation
Hyperparam was saved!!! Hurrah!!!
Trial 180 finished with value: 4156270.7230702816 and parameters: {'max_depth': 11, 'n_estimators': 92}. Best is trial 122 with value: 4094119.1518047363.
{'MSE - mean': 3944861.1956458897, 'MSE - std': 0.0, 'R2 - mean': 0.5377979866148548, 'R2 - std': 0.0} 
 

{'MSE - mean': 3958317.22588976, 'MSE - std': 13456.030243870337, 'R2 - mean': 0.5209082304511561, 'R2 - std': 0.0168897561636987} 
 

{'MSE - mean': 4085556.0153512824, 'MSE - std': 180277.9213341164, 'R2 - mean': 0.5187685575271591, 'R2 - std': 0.014118509457074565} 
 

{'MSE - mean': 4163726.6529981373, 'MSE - std': 206656.82292331877, 'R2 - mean': 0.5110190991055068, 'R2 - std': 0.01815658419014663} 
 

{'MSE - mean': 4107160.027998156, 'MSE - std': 216713.55800725066, 'R2 - mean': 0.5129739664423439, 'R2 - std': 0.01670375002152625} 
 

Finished cross validation
Hyperparam was saved!!! Hurrah!!!
Trial 181 finished with value: 4107160.027998156 and parameters: {'max_depth': 12, 'n_estimators': 65}. Best is trial 122 with value: 4094119.1518047363.
{'MSE - mean': 3945031.662109841, 'MSE - std': 0.0, 'R2 - mean': 0.5377780138099967, 'R2 - std': 0.0} 
 

{'MSE - mean': 3958132.395597717, 'MSE - std': 13100.733487875434, 'R2 - mean': 0.5209319686624058, 'R2 - std': 0.016846045147590916} 
 

{'MSE - mean': 4076069.0856513376, 'MSE - std': 167130.32399962965, 'R2 - mean': 0.519831882262506, 'R2 - std': 0.013842442158723402} 
 

{'MSE - mean': 4160552.2081818813, 'MSE - std': 205819.3452465012, 'R2 - mean': 0.5113576432959983, 'R2 - std': 0.018951202649769554} 
 

{'MSE - mean': 4100702.417678762, 'MSE - std': 219584.31636896945, 'R2 - mean': 0.5137285969325532, 'R2 - std': 0.017601254219085555} 
 

Finished cross validation
Hyperparam was saved!!! Hurrah!!!
Trial 182 finished with value: 4100702.417678762 and parameters: {'max_depth': 12, 'n_estimators': 69}. Best is trial 122 with value: 4094119.1518047363.
{'MSE - mean': 3946944.768127192, 'MSE - std': 0.0, 'R2 - mean': 0.5375538636031365, 'R2 - std': 0.0} 
 

{'MSE - mean': 3950946.425293387, 'MSE - std': 4001.657166195335, 'R2 - mean': 0.5218367041560301, 'R2 - std': 0.015717159447106444} 
 

{'MSE - mean': 4074634.954424627, 'MSE - std': 174952.5077957338, 'R2 - mean': 0.5200595526357747, 'R2 - std': 0.013076796337115731} 
 

{'MSE - mean': 4151499.5353946835, 'MSE - std': 201694.7604949603, 'R2 - mean': 0.5124574250423655, 'R2 - std': 0.017367469121067382} 
 

{'MSE - mean': 4098174.074767937, 'MSE - std': 209568.70027061345, 'R2 - mean': 0.5140263703761778, 'R2 - std': 0.015847698406360175} 
 

Finished cross validation
Hyperparam was saved!!! Hurrah!!!
Trial 183 finished with value: 4098174.074767937 and parameters: {'max_depth': 12, 'n_estimators': 82}. Best is trial 122 with value: 4094119.1518047363.
{'MSE - mean': 3926022.0003902134, 'MSE - std': 0.0, 'R2 - mean': 0.5400052921563883, 'R2 - std': 0.0} 
 

{'MSE - mean': 3950916.0876500905, 'MSE - std': 24894.087259876775, 'R2 - mean': 0.5217598248836512, 'R2 - std': 0.01824546727273696} 
 

{'MSE - mean': 4086022.3043966256, 'MSE - std': 192147.13978474523, 'R2 - mean': 0.5187321574159118, 'R2 - std': 0.01550048143093493} 
 

{'MSE - mean': 4165371.325216221, 'MSE - std': 215822.13466342987, 'R2 - mean': 0.5108409854464293, 'R2 - std': 0.019157517547921266} 
 

{'MSE - mean': 4105880.6657289034, 'MSE - std': 226759.58483267622, 'R2 - mean': 0.5131519143436046, 'R2 - std': 0.017747392832479062} 
 

Finished cross validation
Hyperparam was saved!!! Hurrah!!!
Trial 184 finished with value: 4105880.6657289034 and parameters: {'max_depth': 12, 'n_estimators': 82}. Best is trial 122 with value: 4094119.1518047363.
{'MSE - mean': 3991034.8906237944, 'MSE - std': 0.0, 'R2 - mean': 0.532388018120203, 'R2 - std': 0.0} 
 

{'MSE - mean': 4005202.024564211, 'MSE - std': 14167.133940416388, 'R2 - mean': 0.5152314390596062, 'R2 - std': 0.01715657906059681} 
 

{'MSE - mean': 4127197.812028159, 'MSE - std': 172915.44014523827, 'R2 - mean': 0.5138222514091099, 'R2 - std': 0.01414933766566343} 
 

{'MSE - mean': 4211744.842723173, 'MSE - std': 209450.26445076894, 'R2 - mean': 0.5053543341297124, 'R2 - std': 0.01911202988787108} 
 

{'MSE - mean': 4154285.754657249, 'MSE - std': 219776.51791824368, 'R2 - mean': 0.5073665124339344, 'R2 - std': 0.017561639879573536} 
 

Finished cross validation
Hyperparam was saved!!! Hurrah!!!
Trial 185 finished with value: 4154285.754657249 and parameters: {'max_depth': 11, 'n_estimators': 86}. Best is trial 122 with value: 4094119.1518047363.
{'MSE - mean': 3933042.5518750027, 'MSE - std': 0.0, 'R2 - mean': 0.5391827250569614, 'R2 - std': 0.0} 
 

{'MSE - mean': 3947462.283249762, 'MSE - std': 14419.731374759227, 'R2 - mean': 0.5222181919588919, 'R2 - std': 0.016964533098069556} 
 

{'MSE - mean': 4080502.1947150766, 'MSE - std': 188514.86728463692, 'R2 - mean': 0.5193976789022462, 'R2 - std': 0.014414373958971726} 
 

{'MSE - mean': 4151752.719003478, 'MSE - std': 204654.1058093495, 'R2 - mean': 0.5124440179008584, 'R2 - std': 0.017346205246061175} 
 

{'MSE - mean': 4095392.3635243736, 'MSE - std': 214971.16341180212, 'R2 - mean': 0.5143841361135013, 'R2 - std': 0.015992776615300436} 
 

Finished cross validation
Hyperparam was saved!!! Hurrah!!!
Trial 186 finished with value: 4095392.3635243736 and parameters: {'max_depth': 12, 'n_estimators': 92}. Best is trial 122 with value: 4094119.1518047363.
{'MSE - mean': 3979948.466873988, 'MSE - std': 0.0, 'R2 - mean': 0.5336869655670882, 'R2 - std': 0.0} 
 

{'MSE - mean': 3992557.947303363, 'MSE - std': 12609.480429375079, 'R2 - mean': 0.5167676446836076, 'R2 - std': 0.016919320883480582} 
 

{'MSE - mean': 4129834.431385055, 'MSE - std': 194411.07348809842, 'R2 - mean': 0.5136084569631922, 'R2 - std': 0.014519063797106007} 
 

{'MSE - mean': 4219232.908921475, 'MSE - std': 228742.2402587359, 'R2 - mean': 0.5045522105772732, 'R2 - std': 0.02010346253673088} 
 

{'MSE - mean': 4161134.0960215614, 'MSE - std': 235287.69246262094, 'R2 - mean': 0.5066188828952525, 'R2 - std': 0.018450038012215644} 
 

Finished cross validation
Hyperparam was saved!!! Hurrah!!!
Trial 187 finished with value: 4161134.0960215614 and parameters: {'max_depth': 11, 'n_estimators': 99}. Best is trial 122 with value: 4094119.1518047363.
{'MSE - mean': 3927276.273318977, 'MSE - std': 0.0, 'R2 - mean': 0.5398583345210604, 'R2 - std': 0.0} 
 

{'MSE - mean': 3946129.135556018, 'MSE - std': 18852.862237040652, 'R2 - mean': 0.5223624390175218, 'R2 - std': 0.017495895503538583} 
 

{'MSE - mean': 4087063.6005151453, 'MSE - std': 199904.97851808704, 'R2 - mean': 0.5186604080406463, 'R2 - std': 0.015214498776539426} 
 

{'MSE - mean': 4161718.093362624, 'MSE - std': 216081.88316973814, 'R2 - mean': 0.5113035913040399, 'R2 - std': 0.01832972960122498} 
 

{'MSE - mean': 4103987.470166656, 'MSE - std': 225131.96931072083, 'R2 - mean': 0.5133948915984947, 'R2 - std': 0.01691973219319876} 
 

Finished cross validation
Hyperparam was saved!!! Hurrah!!!
Trial 188 finished with value: 4103987.470166656 and parameters: {'max_depth': 12, 'n_estimators': 91}. Best is trial 122 with value: 4094119.1518047363.
{'MSE - mean': 3986115.185905829, 'MSE - std': 0.0, 'R2 - mean': 0.5329644382559515, 'R2 - std': 0.0} 
 

{'MSE - mean': 4001814.5884870295, 'MSE - std': 15699.40258120047, 'R2 - mean': 0.5156354826250417, 'R2 - std': 0.01732895563090986} 
 

{'MSE - mean': 4147823.926031833, 'MSE - std': 206885.8802854419, 'R2 - mean': 0.5115315816721705, 'R2 - std': 0.01529310764911159} 
 

{'MSE - mean': 4227701.324563822, 'MSE - std': 226368.11167835997, 'R2 - mean': 0.5035796267267763, 'R2 - std': 0.019107854891018718} 
 

{'MSE - mean': 4170360.374574779, 'MSE - std': 232692.83566634537, 'R2 - mean': 0.5055381028066159, 'R2 - std': 0.017533699240325773} 
 

Finished cross validation
Hyperparam was saved!!! Hurrah!!!
Trial 189 finished with value: 4170360.374574779 and parameters: {'max_depth': 11, 'n_estimators': 79}. Best is trial 122 with value: 4094119.1518047363.
{'MSE - mean': 3918679.869824113, 'MSE - std': 0.0, 'R2 - mean': 0.5408655372605592, 'R2 - std': 0.0} 
 

{'MSE - mean': 3943506.577066698, 'MSE - std': 24826.707242585253, 'R2 - mean': 0.5226567917604961, 'R2 - std': 0.018208745500063184} 
 

{'MSE - mean': 4074659.5476858974, 'MSE - std': 186582.72606582288, 'R2 - mean': 0.5200486726486565, 'R2 - std': 0.015318077960168472} 
 

{'MSE - mean': 4156298.6701949043, 'MSE - std': 214719.9902704386, 'R2 - mean': 0.5118924945933803, 'R2 - std': 0.01937917324612843} 
 

{'MSE - mean': 4099255.8402707153, 'MSE - std': 223381.46109386472, 'R2 - mean': 0.5139149229617361, 'R2 - std': 0.01779895363731504} 
 

Finished cross validation
Hyperparam was saved!!! Hurrah!!!
