Trial 98 finished with value: 300657.2543186303 and parameters: {'max_depth': 11, 'n_estimators': 92}. Best is trial 61 with value: 292912.24510650634.
{'MSE - mean': 272507.5609255266, 'MSE - std': 0.0, 'R2 - mean': 0.9822763619045015, 'R2 - std': 0.0} 
 

{'MSE - mean': 277263.0533375753, 'MSE - std': 4755.492412048683, 'R2 - mean': 0.9822482634865729, 'R2 - std': 2.8098417928612562e-05} 
 

{'MSE - mean': 290496.54553396447, 'MSE - std': 19113.53194670786, 'R2 - mean': 0.9815800443233426, 'R2 - std': 0.0009452830515829188} 
 

{'MSE - mean': 292946.69502998167, 'MSE - std': 17088.154530752166, 'R2 - mean': 0.9815517527116927, 'R2 - std': 0.0008201044333355814} 
 

{'MSE - mean': 293479.02922654676, 'MSE - std': 15321.146791308509, 'R2 - mean': 0.9815662829813308, 'R2 - std': 0.0007340991351339066} 
 

Finished cross validation
Hyperparam was saved!!! Hurrah!!!
Trial 99 finished with value: 293479.02922654676 and parameters: {'max_depth': 12, 'n_estimators': 100}. Best is trial 61 with value: 292912.24510650634.
{'MSE - mean': 297507.94941354095, 'MSE - std': 0.0, 'R2 - mean': 0.9806503599091678, 'R2 - std': 0.0} 
 

{'MSE - mean': 300815.57104202977, 'MSE - std': 3307.6216284888214, 'R2 - mean': 0.9807384697080896, 'R2 - std': 8.810979892176496e-05} 
 

{'MSE - mean': 311583.03745874815, 'MSE - std': 15465.12980746735, 'R2 - mean': 0.9802378787435638, 'R2 - std': 0.0007115884943610959} 
 

{'MSE - mean': 313940.004000184, 'MSE - std': 14001.555406586287, 'R2 - mean': 0.9802255362047444, 'R2 - std': 0.0006166244025124577} 
 

{'MSE - mean': 314670.1391145688, 'MSE - std': 12608.220817545805, 'R2 - mean': 0.9802320170288562, 'R2 - std': 0.0005516779199349478} 
 

Finished cross validation
Hyperparam was saved!!! Hurrah!!!
Trial 100 finished with value: 314670.1391145688 and parameters: {'max_depth': 10, 'n_estimators': 96}. Best is trial 61 with value: 292912.24510650634.
{'MSE - mean': 273633.45293721865, 'MSE - std': 0.0, 'R2 - mean': 0.9822031349361119, 'R2 - std': 0.0} 
 

{'MSE - mean': 279611.1072232304, 'MSE - std': 5977.654286011792, 'R2 - mean': 0.9820991080298163, 'R2 - std': 0.00010402690629557343} 
 

{'MSE - mean': 292648.18364699977, 'MSE - std': 19072.29117158681, 'R2 - mean': 0.9814440651086137, 'R2 - std': 0.0009302563385385271} 
 

{'MSE - mean': 294743.165930472, 'MSE - std': 16910.97484489079, 'R2 - mean': 0.981438490185861, 'R2 - std': 0.0008056834867579352} 
 

{'MSE - mean': 294860.13319528627, 'MSE - std': 15127.44464632992, 'R2 - mean': 0.9814791585529086, 'R2 - std': 0.0007252009162851445} 
 

Finished cross validation
Hyperparam was saved!!! Hurrah!!!
Trial 101 finished with value: 294860.13319528627 and parameters: {'max_depth': 12, 'n_estimators': 83}. Best is trial 61 with value: 292912.24510650634.
{'MSE - mean': 622957.669793878, 'MSE - std': 0.0, 'R2 - mean': 0.9594834130446049, 'R2 - std': 0.0} 
 

{'MSE - mean': 616133.4809701503, 'MSE - std': 6824.188823727716, 'R2 - mean': 0.960534780595306, 'R2 - std': 0.0010513675507010656} 
 

{'MSE - mean': 634786.8168099113, 'MSE - std': 26961.82940077353, 'R2 - mean': 0.9597259509339882, 'R2 - std': 0.001430149173979003} 
 

{'MSE - mean': 635247.9613152376, 'MSE - std': 23363.286289426193, 'R2 - mean': 0.9599718860942942, 'R2 - std': 0.0013097508557350984} 
 

{'MSE - mean': 632912.6054205818, 'MSE - std': 21412.381128967594, 'R2 - mean': 0.960225027285024, 'R2 - std': 0.0012761973566245701} 
 

Finished cross validation
Hyperparam was saved!!! Hurrah!!!
Trial 102 finished with value: 632912.6054205818 and parameters: {'max_depth': 6, 'n_estimators': 72}. Best is trial 61 with value: 292912.24510650634.
{'MSE - mean': 279926.5836293245, 'MSE - std': 0.0, 'R2 - mean': 0.9817938355739373, 'R2 - std': 0.0} 
 

{'MSE - mean': 284175.6998253703, 'MSE - std': 4249.116196045768, 'R2 - mean': 0.9818050589424794, 'R2 - std': 1.1223368542145895e-05} 
 

{'MSE - mean': 297651.2002258073, 'MSE - std': 19370.46414129919, 'R2 - mean': 0.9811258680447011, 'R2 - std': 0.0009605646918613135} 
 

{'MSE - mean': 299990.6885964783, 'MSE - std': 17257.774430572794, 'R2 - mean': 0.9811075609890455, 'R2 - std': 0.00083247753140749} 
 

{'MSE - mean': 300608.53234873776, 'MSE - std': 15485.204107342266, 'R2 - mean': 0.9811180404697579, 'R2 - std': 0.000744885461196987} 
 

Finished cross validation
Hyperparam was saved!!! Hurrah!!!
Trial 103 finished with value: 300608.53234873776 and parameters: {'max_depth': 11, 'n_estimators': 80}. Best is trial 61 with value: 292912.24510650634.
{'MSE - mean': 271672.98773835413, 'MSE - std': 0.0, 'R2 - mean': 0.9823306417677222, 'R2 - std': 0.0} 
 

{'MSE - mean': 277143.21954598604, 'MSE - std': 5470.231807631906, 'R2 - mean': 0.9822566505318959, 'R2 - std': 7.399123582635392e-05} 
 

{'MSE - mean': 290534.56088730885, 'MSE - std': 19457.774877731048, 'R2 - mean': 0.9815782866751599, 'R2 - std': 0.0009612517080544971} 
 

{'MSE - mean': 292208.4172065874, 'MSE - std': 17098.512722664265, 'R2 - mean': 0.9815977576045237, 'R2 - std': 0.000833151238340998} 
 

{'MSE - mean': 292692.17833854555, 'MSE - std': 15323.94887725952, 'R2 - mean': 0.9816152848521428, 'R2 - std': 0.0007460171622662008} 
 

Finished cross validation
Hyperparam was saved!!! Hurrah!!!
Trial 104 finished with value: 292692.17833854555 and parameters: {'max_depth': 12, 'n_estimators': 93}. Best is trial 104 with value: 292692.17833854555.
{'MSE - mean': 272229.8689297694, 'MSE - std': 0.0, 'R2 - mean': 0.9822944227334125, 'R2 - std': 0.0} 
 

{'MSE - mean': 277706.8810873759, 'MSE - std': 5477.012157606572, 'R2 - mean': 0.9822205592847817, 'R2 - std': 7.386344863080652e-05} 
 

{'MSE - mean': 291370.13753386814, 'MSE - std': 19833.49678939486, 'R2 - mean': 0.9815255662843348, 'R2 - std': 0.0009847170900159096} 
 

{'MSE - mean': 294025.7753967132, 'MSE - std': 17781.533498180914, 'R2 - mean': 0.9814847336345531, 'R2 - std': 0.0008557176674532503} 
 

{'MSE - mean': 294003.0115779512, 'MSE - std': 15904.352222059295, 'R2 - mean': 0.9815337581507178, 'R2 - std': 0.0007716319030820535} 
 

Finished cross validation
Hyperparam was saved!!! Hurrah!!!
Trial 105 finished with value: 294003.0115779512 and parameters: {'max_depth': 12, 'n_estimators': 100}. Best is trial 104 with value: 292692.17833854555.
{'MSE - mean': 272307.9933561747, 'MSE - std': 0.0, 'R2 - mean': 0.9822893415934422, 'R2 - std': 0.0} 
 

{'MSE - mean': 278228.90913039877, 'MSE - std': 5920.915774224093, 'R2 - mean': 0.9821875701756451, 'R2 - std': 0.00010177141779710297} 
 

{'MSE - mean': 291259.26403566607, 'MSE - std': 19051.293752693513, 'R2 - mean': 0.9815321763781223, 'R2 - std': 0.0009305842290283389} 
 

{'MSE - mean': 293155.1472044763, 'MSE - std': 16822.513611464186, 'R2 - mean': 0.981538290849825, 'R2 - std': 0.0008059791658472404} 
 

{'MSE - mean': 293435.23898924945, 'MSE - std': 15056.937836024556, 'R2 - mean': 0.9815686018157699, 'R2 - std': 0.0007234341374651111} 
 

Finished cross validation
Hyperparam was saved!!! Hurrah!!!
Trial 106 finished with value: 293435.23898924945 and parameters: {'max_depth': 12, 'n_estimators': 93}. Best is trial 104 with value: 292692.17833854555.
{'MSE - mean': 1166099.209489533, 'MSE - std': 0.0, 'R2 - mean': 0.9241579928929475, 'R2 - std': 0.0} 
 

{'MSE - mean': 1151922.6497113379, 'MSE - std': 14176.559778194991, 'R2 - mean': 0.9262144443138529, 'R2 - std': 0.0020564514209053253} 
 

{'MSE - mean': 1172826.1282855617, 'MSE - std': 31747.347360620264, 'R2 - mean': 0.9255735297609907, 'R2 - std': 0.001908106712381865} 
 

{'MSE - mean': 1191259.4154202312, 'MSE - std': 42134.05715207624, 'R2 - mean': 0.9249470012436517, 'R2 - std': 0.0019769338300748974} 
 

{'MSE - mean': 1191006.056875612, 'MSE - std': 37689.25284327176, 'R2 - mean': 0.9251631458167106, 'R2 - std': 0.0018202988218001094} 
 

Finished cross validation
Hyperparam was saved!!! Hurrah!!!
Trial 107 finished with value: 1191006.056875612 and parameters: {'max_depth': 4, 'n_estimators': 100}. Best is trial 104 with value: 292692.17833854555.
{'MSE - mean': 281306.9599660845, 'MSE - std': 0.0, 'R2 - mean': 0.9817040571819352, 'R2 - std': 0.0} 
 

{'MSE - mean': 286217.6321137622, 'MSE - std': 4910.672147677717, 'R2 - mean': 0.9816749491548349, 'R2 - std': 2.910802710037741e-05} 
 

{'MSE - mean': 299878.79100056714, 'MSE - std': 19731.47210817555, 'R2 - mean': 0.9809851313900163, 'R2 - std': 0.0009758390998586282} 
 

{'MSE - mean': 301320.82245803, 'MSE - std': 17269.52830391495, 'R2 - mean': 0.9810230264322406, 'R2 - std': 0.0008476464854437862} 
 

{'MSE - mean': 301659.98016225034, 'MSE - std': 15461.222398798347, 'R2 - mean': 0.9810511997497275, 'R2 - std': 0.0007602490346597231} 
 

Finished cross validation
Hyperparam was saved!!! Hurrah!!!
Trial 108 finished with value: 301659.98016225034 and parameters: {'max_depth': 11, 'n_estimators': 92}. Best is trial 104 with value: 292692.17833854555.
{'MSE - mean': 275675.07190021704, 'MSE - std': 0.0, 'R2 - mean': 0.9820703499392252, 'R2 - std': 0.0} 
 

{'MSE - mean': 280352.69234500936, 'MSE - std': 4677.620444792323, 'R2 - mean': 0.9820503192070866, 'R2 - std': 2.003073213846518e-05} 
 

{'MSE - mean': 292832.644660872, 'MSE - std': 18057.828633663903, 'R2 - mean': 0.9814308571614733, 'R2 - std': 0.0008762042791102542} 
 

{'MSE - mean': 294534.4307853275, 'MSE - std': 15913.896734057515, 'R2 - mean': 0.9814500046517336, 'R2 - std': 0.0007595395534125603} 
 

{'MSE - mean': 294884.7735187993, 'MSE - std': 14251.057768930104, 'R2 - mean': 0.9814764581258728, 'R2 - std': 0.0006814098705879408} 
 

Finished cross validation
Hyperparam was saved!!! Hurrah!!!
Trial 109 finished with value: 294884.7735187993 and parameters: {'max_depth': 12, 'n_estimators': 67}. Best is trial 104 with value: 292692.17833854555.
{'MSE - mean': 280848.2792202516, 'MSE - std': 0.0, 'R2 - mean': 0.9817338893506754, 'R2 - std': 0.0} 
 

{'MSE - mean': 286012.97849398694, 'MSE - std': 5164.699273735343, 'R2 - mean': 0.981688308864979, 'R2 - std': 4.558048569641704e-05} 
 

{'MSE - mean': 298121.6197112288, 'MSE - std': 17635.791164027534, 'R2 - mean': 0.9810950586022237, 'R2 - std': 0.0008398075983836248} 
 

{'MSE - mean': 300770.4784625202, 'MSE - std': 15947.263261725268, 'R2 - mean': 0.9810581027258348, 'R2 - std': 0.0007301060280028844} 
 

{'MSE - mean': 301529.0625501819, 'MSE - std': 14344.126453124703, 'R2 - mean': 0.9810600305102792, 'R2 - std': 0.000653038065592178} 
 

Finished cross validation
Hyperparam was saved!!! Hurrah!!!
Trial 110 finished with value: 301529.0625501819 and parameters: {'max_depth': 11, 'n_estimators': 58}. Best is trial 104 with value: 292692.17833854555.
{'MSE - mean': 272373.2608999728, 'MSE - std': 0.0, 'R2 - mean': 0.9822850966531487, 'R2 - std': 0.0} 
 

{'MSE - mean': 277462.312918156, 'MSE - std': 5089.052018183167, 'R2 - mean': 0.9822358350910245, 'R2 - std': 4.926156212409216e-05} 
 

{'MSE - mean': 291062.2656529289, 'MSE - std': 19676.967815323987, 'R2 - mean': 0.9815447772129718, 'R2 - std': 0.0009781307594791376} 
 

{'MSE - mean': 293785.0126268568, 'MSE - std': 17681.271166295497, 'R2 - mean': 0.9814997502798444, 'R2 - std': 0.0008506686259055446} 
 

{'MSE - mean': 294034.7957125725, 'MSE - std': 15822.49810884794, 'R2 - mean': 0.9815318226739184, 'R2 - std': 0.0007635602417141591} 
 

Finished cross validation
Hyperparam was saved!!! Hurrah!!!
Trial 111 finished with value: 294034.7957125725 and parameters: {'max_depth': 12, 'n_estimators': 85}. Best is trial 104 with value: 292692.17833854555.
{'MSE - mean': 274181.0992606804, 'MSE - std': 0.0, 'R2 - mean': 0.9821675165290173, 'R2 - std': 0.0} 
 

{'MSE - mean': 278614.89312155865, 'MSE - std': 4433.7938608782715, 'R2 - mean': 0.9821613682161737, 'R2 - std': 6.1483128436234935e-06} 
 

{'MSE - mean': 292412.44883585564, 'MSE - std': 19845.673904206436, 'R2 - mean': 0.9814588691563708, 'R2 - std': 0.0009934963810780363} 
 

{'MSE - mean': 294099.0323524272, 'MSE - std': 17433.352271126387, 'R2 - mean': 0.9814784350868775, 'R2 - std': 0.0008610602599825046} 
 

{'MSE - mean': 293962.95886386343, 'MSE - std': 15595.239052496428, 'R2 - mean': 0.9815348521047212, 'R2 - std': 0.0007783773741999922} 
 

Finished cross validation
Hyperparam was saved!!! Hurrah!!!
Trial 112 finished with value: 293962.95886386343 and parameters: {'max_depth': 12, 'n_estimators': 86}. Best is trial 104 with value: 292692.17833854555.
{'MSE - mean': 281977.1608550013, 'MSE - std': 0.0, 'R2 - mean': 0.981660467939985, 'R2 - std': 0.0} 
 

{'MSE - mean': 286120.5376691435, 'MSE - std': 4143.37681414219, 'R2 - mean': 0.981680402223424, 'R2 - std': 1.993428343904924e-05} 
 

{'MSE - mean': 298214.87060765666, 'MSE - std': 17435.33269172653, 'R2 - mean': 0.9810884446178507, 'R2 - std': 0.0008373126839455512} 
 

{'MSE - mean': 300390.5638771802, 'MSE - std': 15562.58471985106, 'R2 - mean': 0.9810809053258002, 'R2 - std': 0.0007252516258485392} 
 

{'MSE - mean': 300838.1221021494, 'MSE - std': 13948.350009552521, 'R2 - mean': 0.9811023298152145, 'R2 - std': 0.0006500984322573177} 
 

Finished cross validation
Hyperparam was saved!!! Hurrah!!!
Trial 113 finished with value: 300838.1221021494 and parameters: {'max_depth': 11, 'n_estimators': 92}. Best is trial 104 with value: 292692.17833854555.
{'MSE - mean': 270662.4315481705, 'MSE - std': 0.0, 'R2 - mean': 0.9823963674016428, 'R2 - std': 0.0} 
 

{'MSE - mean': 278125.0058297898, 'MSE - std': 7462.57428161928, 'R2 - mean': 0.9821957615031441, 'R2 - std': 0.0002006058984986847} 
 

{'MSE - mean': 291841.63361918257, 'MSE - std': 20332.693683604142, 'R2 - mean': 0.9814970205209356, 'R2 - std': 0.001001651838104003} 
 

{'MSE - mean': 294041.74935106863, 'MSE - std': 18016.25244118583, 'R2 - mean': 0.9814841625843134, 'R2 - std': 0.0008677417721795935} 
 

{'MSE - mean': 294341.9177744374, 'MSE - std': 16125.40498558651, 'R2 - mean': 0.981513028614376, 'R2 - std': 0.0007782760546969148} 
 

Finished cross validation
Hyperparam was saved!!! Hurrah!!!
Trial 114 finished with value: 294341.9177744374 and parameters: {'max_depth': 12, 'n_estimators': 70}. Best is trial 104 with value: 292692.17833854555.
{'MSE - mean': 297833.1423827485, 'MSE - std': 0.0, 'R2 - mean': 0.9806292096611605, 'R2 - std': 0.0} 
 

{'MSE - mean': 301691.3303035075, 'MSE - std': 3858.1879207590246, 'R2 - mean': 0.9806829332982304, 'R2 - std': 5.372363706990235e-05} 
 

{'MSE - mean': 313412.0503950597, 'MSE - std': 16872.29390500767, 'R2 - mean': 0.9801232425858766, 'R2 - std': 0.0007927367405241813} 
 

{'MSE - mean': 316181.50589174475, 'MSE - std': 15379.0564553576, 'R2 - mean': 0.980085882124981, 'R2 - std': 0.0006895731048610138} 
 

{'MSE - mean': 316572.2771289634, 'MSE - std': 13777.630805222305, 'R2 - mean': 0.9801135220584285, 'R2 - std': 0.0006192452803550785} 
 

Finished cross validation
Hyperparam was saved!!! Hurrah!!!
Trial 115 finished with value: 316572.2771289634 and parameters: {'max_depth': 10, 'n_estimators': 79}. Best is trial 104 with value: 292692.17833854555.
{'MSE - mean': 272608.44065304904, 'MSE - std': 0.0, 'R2 - mean': 0.9822698007809286, 'R2 - std': 0.0} 
 

{'MSE - mean': 278319.47671054385, 'MSE - std': 5711.036057494843, 'R2 - mean': 0.9821815607810767, 'R2 - std': 8.823999985202446e-05} 
 

{'MSE - mean': 291419.82439248596, 'MSE - std': 19104.50664133643, 'R2 - mean': 0.9815219257548095, 'R2 - std': 0.0009356428810215846} 
 

{'MSE - mean': 292942.23950978834, 'MSE - std': 16753.801773771338, 'R2 - mean': 0.9815511745326735, 'R2 - std': 0.0008118726338683891} 
 

{'MSE - mean': 293542.47504728753, 'MSE - std': 15033.064554566598, 'R2 - mean': 0.9815616549503329, 'R2 - std': 0.000726463416502697} 
 

Finished cross validation
Hyperparam was saved!!! Hurrah!!!
Trial 116 finished with value: 293542.47504728753 and parameters: {'max_depth': 12, 'n_estimators': 84}. Best is trial 104 with value: 292692.17833854555.
{'MSE - mean': 281265.3854618303, 'MSE - std': 0.0, 'R2 - mean': 0.9817067611489917, 'R2 - std': 0.0} 
 

{'MSE - mean': 286857.9278531843, 'MSE - std': 5592.542391354014, 'R2 - mean': 0.9816346232180886, 'R2 - std': 7.21379309031045e-05} 
 

{'MSE - mean': 299598.3726288744, 'MSE - std': 18587.33134236541, 'R2 - mean': 0.9810023324591847, 'R2 - std': 0.0008961319443254863} 
 

{'MSE - mean': 301882.64609585085, 'MSE - std': 16576.19922174434, 'R2 - mean': 0.9809882740434471, 'R2 - std': 0.0007764549332637252} 
 

{'MSE - mean': 302325.3824486649, 'MSE - std': 14852.621533708403, 'R2 - mean': 0.9810099743748045, 'R2 - std': 0.000695837213891113} 
 

Finished cross validation
Hyperparam was saved!!! Hurrah!!!
Trial 117 finished with value: 302325.3824486649 and parameters: {'max_depth': 11, 'n_estimators': 92}. Best is trial 104 with value: 292692.17833854555.
{'MSE - mean': 280685.8706721412, 'MSE - std': 0.0, 'R2 - mean': 0.9817444522514645, 'R2 - std': 0.0} 
 

{'MSE - mean': 285094.80468091334, 'MSE - std': 4408.934008772165, 'R2 - mean': 0.981746356987887, 'R2 - std': 1.9047364225865948e-06} 
 

{'MSE - mean': 298256.38688568946, 'MSE - std': 18958.207325464526, 'R2 - mean': 0.9810872039955886, 'R2 - std': 0.0009321843987069776} 
 

{'MSE - mean': 301139.90885399014, 'MSE - std': 17161.12803901569, 'R2 - mean': 0.981035649987666, 'R2 - std': 0.0008122187279872098} 
 

{'MSE - mean': 301602.1820546965, 'MSE - std': 15377.198655982746, 'R2 - mean': 0.9810558946821916, 'R2 - std': 0.0007275979661188378} 
 

Finished cross validation
Hyperparam was saved!!! Hurrah!!!
Trial 118 finished with value: 301602.1820546965 and parameters: {'max_depth': 11, 'n_estimators': 76}. Best is trial 104 with value: 292692.17833854555.
{'MSE - mean': 273620.4307173323, 'MSE - std': 0.0, 'R2 - mean': 0.9822039818891714, 'R2 - std': 0.0} 
 

{'MSE - mean': 279414.97517995036, 'MSE - std': 5794.544462618098, 'R2 - mean': 0.9821114861417595, 'R2 - std': 9.249574741188038e-05} 
 

{'MSE - mean': 291616.77861841104, 'MSE - std': 17892.8061332248, 'R2 - mean': 0.9815084548809873, 'R2 - std': 0.000856152466053847} 
 

{'MSE - mean': 294090.48724401847, 'MSE - std': 16077.067101436423, 'R2 - mean': 0.9814793225949918, 'R2 - std': 0.0007431647556965576} 
 

{'MSE - mean': 294686.8746851779, 'MSE - std': 14429.150397274345, 'R2 - mean': 0.9814901371390586, 'R2 - std': 0.0006650585694065741} 
 

Finished cross validation
Hyperparam was saved!!! Hurrah!!!
Trial 119 finished with value: 294686.8746851779 and parameters: {'max_depth': 12, 'n_estimators': 63}. Best is trial 104 with value: 292692.17833854555.
{'MSE - mean': 296060.4448448571, 'MSE - std': 0.0, 'R2 - mean': 0.9807445042588872, 'R2 - std': 0.0} 
 

{'MSE - mean': 300318.1454895722, 'MSE - std': 4257.700644715078, 'R2 - mean': 0.9807712731336272, 'R2 - std': 2.6768874740068505e-05} 
 

{'MSE - mean': 312669.97089887864, 'MSE - std': 17810.685699058547, 'R2 - mean': 0.9801713291868911, 'R2 - std': 0.0008487303420720756} 
 

{'MSE - mean': 314772.867826939, 'MSE - std': 15848.719830734693, 'R2 - mean': 0.980174533902415, 'R2 - std': 0.0007350429958649385} 
 

{'MSE - mean': 315200.56326666416, 'MSE - std': 14201.310847071314, 'R2 - mean': 0.980199660940612, 'R2 - std': 0.0006593603239581989} 
 

Finished cross validation
Hyperparam was saved!!! Hurrah!!!
Trial 120 finished with value: 315200.56326666416 and parameters: {'max_depth': 10, 'n_estimators': 95}. Best is trial 104 with value: 292692.17833854555.
{'MSE - mean': 272768.2854090546, 'MSE - std': 0.0, 'R2 - mean': 0.9822594046267915, 'R2 - std': 0.0} 
 

{'MSE - mean': 278606.43317198206, 'MSE - std': 5838.14776292743, 'R2 - mean': 0.9821633102580463, 'R2 - std': 9.609436874530308e-05} 
 

{'MSE - mean': 291752.1805763399, 'MSE - std': 19192.290010302175, 'R2 - mean': 0.9815009669505637, 'R2 - std': 0.0009399752119446626} 
 

{'MSE - mean': 293456.5475013616, 'MSE - std': 16881.131381663425, 'R2 - mean': 0.9815190981826255, 'R2 - std': 0.0008146479448393992} 
 

{'MSE - mean': 293804.41509289027, 'MSE - std': 15114.963606470554, 'R2 - mean': 0.9815452874781583, 'R2 - std': 0.0007305234671294678} 
 

Finished cross validation
Hyperparam was saved!!! Hurrah!!!
Trial 121 finished with value: 293804.41509289027 and parameters: {'max_depth': 12, 'n_estimators': 82}. Best is trial 104 with value: 292692.17833854555.
{'MSE - mean': 280725.5874487502, 'MSE - std': 0.0, 'R2 - mean': 0.9817418691092846, 'R2 - std': 0.0} 
 

{'MSE - mean': 286329.82911854953, 'MSE - std': 5604.241669799318, 'R2 - mean': 0.9816684553778585, 'R2 - std': 7.341373142616403e-05} 
 

{'MSE - mean': 298814.8877275851, 'MSE - std': 18239.838999776857, 'R2 - mean': 0.9810517776613402, 'R2 - std': 0.0008741715293588471} 
 

{'MSE - mean': 300498.3436547587, 'MSE - std': 16063.02794088163, 'R2 - mean': 0.98107452634542, 'R2 - std': 0.0007580794186220007} 
 

{'MSE - mean': 300893.9828115546, 'MSE - std': 14388.982405757395, 'R2 - mean': 0.9810991140615579, 'R2 - std': 0.0006798277333929038} 
 

Finished cross validation
Hyperparam was saved!!! Hurrah!!!
Trial 122 finished with value: 300893.9828115546 and parameters: {'max_depth': 11, 'n_estimators': 84}. Best is trial 104 with value: 292692.17833854555.
{'MSE - mean': 273333.82600334886, 'MSE - std': 0.0, 'R2 - mean': 0.9822226223929792, 'R2 - std': 0.0} 
 

{'MSE - mean': 279241.51588335383, 'MSE - std': 5907.689880004968, 'R2 - mean': 0.9821227076353238, 'R2 - std': 9.991475765530611e-05} 
 

{'MSE - mean': 291808.9577759115, 'MSE - std': 18415.981952039274, 'R2 - mean': 0.9814967494823055, 'R2 - std': 0.0008889896087835562} 
 

{'MSE - mean': 294352.90386337775, 'MSE - std': 16546.1862231507, 'R2 - mean': 0.9814632436450175, 'R2 - std': 0.0007720717691969826} 
 

{'MSE - mean': 294753.21751911525, 'MSE - std': 14820.999524891202, 'R2 - mean': 0.9814861998438573, 'R2 - std': 0.0006920865565039232} 
 

Finished cross validation
Hyperparam was saved!!! Hurrah!!!
