Trial 40 finished with value: 4456108.729374619 and parameters: {'max_depth': 8, 'n_estimators': 30}. Best is trial 38 with value: 4123854.5196795464.
{'MSE - mean': 3950925.7102316422, 'MSE - std': 0.0, 'R2 - mean': 0.5370874341485646, 'R2 - std': 0.0} 
 

{'MSE - mean': 3981855.8081758283, 'MSE - std': 30930.09794418607, 'R2 - mean': 0.5179921941491492, 'R2 - std': 0.01909523999941548} 
 

{'MSE - mean': 4111523.613457022, 'MSE - std': 185108.77907897127, 'R2 - mean': 0.5156750663556603, 'R2 - std': 0.01593184304612103} 
 

{'MSE - mean': 4180613.121878675, 'MSE - std': 200047.55832280932, 'R2 - mean': 0.5090005285475673, 'R2 - std': 0.01800044671639201} 
 

{'MSE - mean': 4121364.6308682337, 'MSE - std': 214608.3763994117, 'R2 - mean': 0.511273239680863, 'R2 - std': 0.016729427042590582} 
 

Finished cross validation
Hyperparam was saved!!! Hurrah!!!
Trial 41 finished with value: 4121364.6308682337 and parameters: {'max_depth': 12, 'n_estimators': 26}. Best is trial 41 with value: 4121364.6308682337.
{'MSE - mean': 3976508.0825922154, 'MSE - std': 0.0, 'R2 - mean': 0.5340900602421579, 'R2 - std': 0.0} 
 

{'MSE - mean': 3995424.9085624004, 'MSE - std': 18916.825970184756, 'R2 - mean': 0.5163963639176101, 'R2 - std': 0.01769369632454776} 
 

{'MSE - mean': 4142527.7127316943, 'MSE - std': 208607.3684991254, 'R2 - mean': 0.5121547788260249, 'R2 - std': 0.01564267713431837} 
 

{'MSE - mean': 4231345.346214142, 'MSE - std': 237283.56811284786, 'R2 - mean': 0.5031600260488633, 'R2 - std': 0.02064550177431288} 
 

{'MSE - mean': 4173900.606952645, 'MSE - std': 241334.59269731096, 'R2 - mean': 0.5051252463984248, 'R2 - std': 0.018879559287754765} 
 

Finished cross validation
Hyperparam was saved!!! Hurrah!!!
Trial 42 finished with value: 4173900.606952645 and parameters: {'max_depth': 11, 'n_estimators': 47}. Best is trial 41 with value: 4121364.6308682337.
{'MSE - mean': 3960341.6357628894, 'MSE - std': 0.0, 'R2 - mean': 0.5359842116211838, 'R2 - std': 0.0} 
 

{'MSE - mean': 3996825.801426123, 'MSE - std': 36484.16566323349, 'R2 - mean': 0.5161590954468604, 'R2 - std': 0.01982511617432331} 
 

{'MSE - mean': 4127944.15125693, 'MSE - std': 187806.92094312236, 'R2 - mean': 0.5137325101014172, 'R2 - std': 0.016546906672478618} 
 

{'MSE - mean': 4211686.610533435, 'MSE - std': 217926.54295113546, 'R2 - mean': 0.5053590003327717, 'R2 - std': 0.020388650957274972} 
 

{'MSE - mean': 4158306.0535646095, 'MSE - std': 222242.02561017685, 'R2 - mean': 0.506868072942927, 'R2 - std': 0.018484233034047042} 
 

Finished cross validation
Hyperparam was saved!!! Hurrah!!!
Trial 43 finished with value: 4158306.0535646095 and parameters: {'max_depth': 11, 'n_estimators': 49}. Best is trial 41 with value: 4121364.6308682337.
{'MSE - mean': 4138470.9807295627, 'MSE - std': 0.0, 'R2 - mean': 0.5151135807413327, 'R2 - std': 0.0} 
 

{'MSE - mean': 4154342.2055205177, 'MSE - std': 15871.224790954962, 'R2 - mean': 0.4971757607488648, 'R2 - std': 0.017937819992467907} 
 

{'MSE - mean': 4296225.708503477, 'MSE - std': 201071.59758406383, 'R2 - mean': 0.49399899709470585, 'R2 - std': 0.015319722974547936} 
 

{'MSE - mean': 4378030.842362401, 'MSE - std': 224496.28124600466, 'R2 - mean': 0.4858848739421513, 'R2 - std': 0.01932711612261732} 
 

{'MSE - mean': 4321249.2639067825, 'MSE - std': 230684.75208013723, 'R2 - mean': 0.4876007402888689, 'R2 - std': 0.017624038225472025} 
 

Finished cross validation
Hyperparam was saved!!! Hurrah!!!
Trial 44 finished with value: 4321249.2639067825 and parameters: {'max_depth': 9, 'n_estimators': 47}. Best is trial 41 with value: 4121364.6308682337.
{'MSE - mean': 3993848.887590531, 'MSE - std': 0.0, 'R2 - mean': 0.5320583144882676, 'R2 - std': 0.0} 
 

{'MSE - mean': 4001161.4971868526, 'MSE - std': 7312.609596321592, 'R2 - mean': 0.5157468557316719, 'R2 - std': 0.016311458756595676} 
 

{'MSE - mean': 4143525.267337311, 'MSE - std': 201421.28886733184, 'R2 - mean': 0.5120380060024458, 'R2 - std': 0.014313871726640172} 
 

{'MSE - mean': 4227960.541477147, 'MSE - std': 227630.94750920936, 'R2 - mean': 0.5035537819826292, 'R2 - std': 0.01922527930903286} 
 

{'MSE - mean': 4168586.6340951845, 'MSE - std': 235698.37106428968, 'R2 - mean': 0.5057620518203312, 'R2 - std': 0.01775372958881252} 
 

Finished cross validation
Hyperparam was saved!!! Hurrah!!!
Trial 45 finished with value: 4168586.6340951845 and parameters: {'max_depth': 11, 'n_estimators': 92}. Best is trial 41 with value: 4121364.6308682337.
{'MSE - mean': 3979216.5037384625, 'MSE - std': 0.0, 'R2 - mean': 0.5337727264641604, 'R2 - std': 0.0} 
 

{'MSE - mean': 4004036.049569917, 'MSE - std': 24819.54583145422, 'R2 - mean': 0.5153314762559926, 'R2 - std': 0.018441250208167836} 
 

{'MSE - mean': 4137881.3490606286, 'MSE - std': 190367.54352664674, 'R2 - mean': 0.5126068403293247, 'R2 - std': 0.015542428639885916} 
 

{'MSE - mean': 4226281.879137512, 'MSE - std': 224997.36081763165, 'R2 - mean': 0.5036829306547707, 'R2 - std': 0.0204959461274237} 
 

{'MSE - mean': 4167491.1691167625, 'MSE - std': 233076.03960702487, 'R2 - mean': 0.5058348141863634, 'R2 - std': 0.018830545851375766} 
 

Finished cross validation
Hyperparam was saved!!! Hurrah!!!
Trial 46 finished with value: 4167491.1691167625 and parameters: {'max_depth': 11, 'n_estimators': 81}. Best is trial 41 with value: 4121364.6308682337.
{'MSE - mean': 3971523.2331717224, 'MSE - std': 0.0, 'R2 - mean': 0.5346741130958088, 'R2 - std': 0.0} 
 

{'MSE - mean': 3988611.253191003, 'MSE - std': 17088.020019280724, 'R2 - mean': 0.5172280109214571, 'R2 - std': 0.017446102174351774} 
 

{'MSE - mean': 4128051.222953689, 'MSE - std': 197690.86293240022, 'R2 - mean': 0.5138205125821295, 'R2 - std': 0.015037721810511108} 
 

{'MSE - mean': 4219427.242959517, 'MSE - std': 233152.28727493572, 'R2 - mean': 0.5045328621825935, 'R2 - std': 0.020697370793647755} 
 

{'MSE - mean': 4161487.252306287, 'MSE - std': 238571.0823147116, 'R2 - mean': 0.5065789938493089, 'R2 - std': 0.01895920740447596} 
 

Finished cross validation
Hyperparam was saved!!! Hurrah!!!
Trial 47 finished with value: 4161487.252306287 and parameters: {'max_depth': 11, 'n_estimators': 80}. Best is trial 41 with value: 4121364.6308682337.
{'MSE - mean': 4046949.1005161223, 'MSE - std': 0.0, 'R2 - mean': 0.5258367963896137, 'R2 - std': 0.0} 
 

{'MSE - mean': 4061599.6919454355, 'MSE - std': 14650.591429312946, 'R2 - mean': 0.5084042675590511, 'R2 - std': 0.017432528830562566} 
 

{'MSE - mean': 4195245.802445549, 'MSE - std': 189382.30889685164, 'R2 - mean': 0.5058644746165208, 'R2 - std': 0.01467979804586731} 
 

{'MSE - mean': 4291069.878116098, 'MSE - std': 233336.67655701443, 'R2 - mean': 0.49609139266249225, 'R2 - std': 0.021169831025330925} 
 

{'MSE - mean': 4232513.116856368, 'MSE - std': 239316.4868082729, 'R2 - mean': 0.49813271234453993, 'R2 - std': 0.019370011375580327} 
 

Finished cross validation
Hyperparam was saved!!! Hurrah!!!
Trial 48 finished with value: 4232513.116856368 and parameters: {'max_depth': 10, 'n_estimators': 76}. Best is trial 41 with value: 4121364.6308682337.
{'MSE - mean': 4617208.794378115, 'MSE - std': 0.0, 'R2 - mean': 0.4590219794459076, 'R2 - std': 0.0} 
 

{'MSE - mean': 4612897.46132206, 'MSE - std': 4311.333056054544, 'R2 - mean': 0.4417587148737916, 'R2 - std': 0.01726326457211602} 
 

{'MSE - mean': 4749135.003137191, 'MSE - std': 192701.13473495518, 'R2 - mean': 0.44058668548920826, 'R2 - std': 0.014192515922646375} 
 

{'MSE - mean': 4846829.13194084, 'MSE - std': 237660.9431610849, 'R2 - mean': 0.4307884480923695, 'R2 - std': 0.020954402864681216} 
 

{'MSE - mean': 4788758.179464339, 'MSE - std': 242229.48047148384, 'R2 - mean': 0.4321055159339579, 'R2 - std': 0.018926390842674508} 
 

Finished cross validation
Hyperparam was saved!!! Hurrah!!!
Trial 49 finished with value: 4788758.179464339 and parameters: {'max_depth': 6, 'n_estimators': 65}. Best is trial 41 with value: 4121364.6308682337.
{'MSE - mean': 4041325.251195866, 'MSE - std': 0.0, 'R2 - mean': 0.5264957180474064, 'R2 - std': 0.0} 
 

{'MSE - mean': 4054793.123320647, 'MSE - std': 13467.8721247809, 'R2 - mean': 0.509232565929897, 'R2 - std': 0.017263152117509395} 
 

{'MSE - mean': 4192737.037680333, 'MSE - std': 195391.83556158244, 'R2 - mean': 0.5061896992565441, 'R2 - std': 0.014737560490295417} 
 

{'MSE - mean': 4281870.991931098, 'MSE - std': 229059.0807067585, 'R2 - mean': 0.4971875026928357, 'R2 - std': 0.02014982371681615} 
 

{'MSE - mean': 4226043.519612729, 'MSE - std': 233326.54505052193, 'R2 - mean': 0.49889976487742677, 'R2 - std': 0.018345017956113756} 
 

Finished cross validation
Hyperparam was saved!!! Hurrah!!!
Trial 50 finished with value: 4226043.519612729 and parameters: {'max_depth': 10, 'n_estimators': 83}. Best is trial 41 with value: 4121364.6308682337.
{'MSE - mean': 3994291.1911962456, 'MSE - std': 0.0, 'R2 - mean': 0.5320064917226619, 'R2 - std': 0.0} 
 

{'MSE - mean': 4006555.6393202404, 'MSE - std': 12264.448123994749, 'R2 - mean': 0.5150749589234245, 'R2 - std': 0.01693153279923737} 
 

{'MSE - mean': 4132603.6561545134, 'MSE - std': 178539.8635811163, 'R2 - mean': 0.5132141412244646, 'R2 - std': 0.014072780593707312} 
 

{'MSE - mean': 4212004.904511983, 'MSE - std': 206932.4452275338, 'R2 - mean': 0.5053401471335244, 'R2 - std': 0.01829020814702375} 
 

{'MSE - mean': 4155584.159100228, 'MSE - std': 216771.84217870454, 'R2 - mean': 0.5072205275332149, 'R2 - std': 0.016785967146379286} 
 

Finished cross validation
Hyperparam was saved!!! Hurrah!!!
Trial 51 finished with value: 4155584.159100228 and parameters: {'max_depth': 11, 'n_estimators': 86}. Best is trial 41 with value: 4121364.6308682337.
{'MSE - mean': 4142941.874922114, 'MSE - std': 0.0, 'R2 - mean': 0.5145897457583148, 'R2 - std': 0.0} 
 

{'MSE - mean': 4152879.292223267, 'MSE - std': 9937.417301152833, 'R2 - mean': 0.4973756819153869, 'R2 - std': 0.01721406384292795} 
 

{'MSE - mean': 4296405.300202412, 'MSE - std': 203138.53591725012, 'R2 - mean': 0.49400308520894926, 'R2 - std': 0.014842444084925731} 
 

{'MSE - mean': 4388350.192399492, 'MSE - std': 237298.41589094262, 'R2 - mean': 0.48470181084742203, 'R2 - std': 0.020609821058316415} 
 

{'MSE - mean': 4330039.7334234845, 'MSE - std': 242175.28579822232, 'R2 - mean': 0.4865882301615854, 'R2 - std': 0.018816112525175125} 
 

Finished cross validation
Hyperparam was saved!!! Hurrah!!!
Trial 52 finished with value: 4330039.7334234845 and parameters: {'max_depth': 9, 'n_estimators': 57}. Best is trial 41 with value: 4121364.6308682337.
{'MSE - mean': 3990572.647538081, 'MSE - std': 0.0, 'R2 - mean': 0.5324421771068679, 'R2 - std': 0.0} 
 

{'MSE - mean': 4007795.4315961096, 'MSE - std': 17222.784058029065, 'R2 - mean': 0.5149058010382208, 'R2 - std': 0.017536376068647108} 
 

{'MSE - mean': 4158594.8018350485, 'MSE - std': 213725.64108234798, 'R2 - mean': 0.5102862543915866, 'R2 - std': 0.015738384484698727} 
 

{'MSE - mean': 4265181.94923004, 'MSE - std': 261421.97155451684, 'R2 - mean': 0.4992213502547981, 'R2 - std': 0.023517416318764875} 
 

{'MSE - mean': 4202965.280719265, 'MSE - std': 264871.31428578525, 'R2 - mean': 0.50172791801044, 'R2 - std': 0.021623751383665644} 
 

Finished cross validation
Hyperparam was saved!!! Hurrah!!!
Trial 53 finished with value: 4202965.280719265 and parameters: {'max_depth': 11, 'n_estimators': 27}. Best is trial 41 with value: 4121364.6308682337.
{'MSE - mean': 3971257.606671827, 'MSE - std': 0.0, 'R2 - mean': 0.534705235383, 'R2 - std': 0.0} 
 

{'MSE - mean': 4001190.629204641, 'MSE - std': 29933.02253281395, 'R2 - mean': 0.5156561171376186, 'R2 - std': 0.019049118245381302} 
 

{'MSE - mean': 4131381.470722858, 'MSE - std': 185732.69588957596, 'R2 - mean': 0.51333818822144, 'R2 - std': 0.015895225474082682} 
 

{'MSE - mean': 4220317.4779684525, 'MSE - std': 222713.52876772554, 'R2 - mean': 0.5043583264399518, 'R2 - std': 0.020770348997978808} 
 

{'MSE - mean': 4161943.6825661017, 'MSE - std': 230891.86359774583, 'R2 - mean': 0.5064709458153128, 'R2 - std': 0.019051996233961272} 
 

Finished cross validation
Hyperparam was saved!!! Hurrah!!!
Trial 54 finished with value: 4161943.6825661017 and parameters: {'max_depth': 11, 'n_estimators': 99}. Best is trial 41 with value: 4121364.6308682337.
{'MSE - mean': 4175784.398177241, 'MSE - std': 0.0, 'R2 - mean': 0.5107417319448193, 'R2 - std': 0.0} 
 

{'MSE - mean': 4175538.039900732, 'MSE - std': 246.35827650898136, 'R2 - mean': 0.494672758980927, 'R2 - std': 0.016068972963892314} 
 

{'MSE - mean': 4311259.347254132, 'MSE - std': 191939.0189644425, 'R2 - mean': 0.49222930323530606, 'R2 - std': 0.013567690052884863} 
 

{'MSE - mean': 4398606.096607085, 'MSE - std': 224763.8852626399, 'R2 - mean': 0.4834745005972579, 'R2 - std': 0.019183361741933806} 
 

{'MSE - mean': 4337040.753120357, 'MSE - std': 235746.06967930836, 'R2 - mean': 0.4857550133772569, 'R2 - std': 0.017753986829342507} 
 

Finished cross validation
Hyperparam was saved!!! Hurrah!!!
Trial 55 finished with value: 4337040.753120357 and parameters: {'max_depth': 9, 'n_estimators': 67}. Best is trial 41 with value: 4121364.6308682337.
{'MSE - mean': 4408476.520167039, 'MSE - std': 0.0, 'R2 - mean': 0.48347822077204217, 'R2 - std': 0.0} 
 

{'MSE - mean': 4411520.0627208175, 'MSE - std': 3043.542553778738, 'R2 - mean': 0.4661012716803705, 'R2 - std': 0.017376949091671645} 
 

{'MSE - mean': 4560762.7048029825, 'MSE - std': 211075.59751310633, 'R2 - mean': 0.46286942995930397, 'R2 - std': 0.014906212630189382} 
 

{'MSE - mean': 4655683.440502971, 'MSE - std': 245854.67068294116, 'R2 - mean': 0.4533080733299808, 'R2 - std': 0.020997738045123324} 
 

{'MSE - mean': 4594347.189789007, 'MSE - std': 251801.82263811957, 'R2 - mean': 0.4552448831913221, 'R2 - std': 0.01917625959787913} 
 

Finished cross validation
Hyperparam was saved!!! Hurrah!!!
Trial 56 finished with value: 4594347.189789007 and parameters: {'max_depth': 7, 'n_estimators': 98}. Best is trial 41 with value: 4121364.6308682337.
{'MSE - mean': 3941780.5018840213, 'MSE - std': 0.0, 'R2 - mean': 0.5381589379357606, 'R2 - std': 0.0} 
 

{'MSE - mean': 3976177.653160831, 'MSE - std': 34397.15127680963, 'R2 - mean': 0.5186660034688899, 'R2 - std': 0.01949293446687067} 
 

{'MSE - mean': 4103940.0709491894, 'MSE - std': 182853.07437637984, 'R2 - mean': 0.5165491589933519, 'R2 - std': 0.016195011283943014} 
 

{'MSE - mean': 4199998.260069453, 'MSE - std': 229691.01462152044, 'R2 - mean': 0.5067360609522886, 'R2 - std': 0.022036321661199322} 
 

{'MSE - mean': 4140771.752355779, 'MSE - std': 237144.44252843532, 'R2 - mean': 0.5089802219318201, 'R2 - std': 0.02021446541199845} 
 

Finished cross validation
Hyperparam was saved!!! Hurrah!!!
Trial 57 finished with value: 4140771.752355779 and parameters: {'max_depth': 12, 'n_estimators': 22}. Best is trial 41 with value: 4121364.6308682337.
{'MSE - mean': 3961580.2125241784, 'MSE - std': 0.0, 'R2 - mean': 0.5358390930366741, 'R2 - std': 0.0} 
 

{'MSE - mean': 3982244.626166733, 'MSE - std': 20664.413642554777, 'R2 - mean': 0.5179847183169634, 'R2 - std': 0.01785437471971074} 
 

{'MSE - mean': 4113749.615358235, 'MSE - std': 186739.93420076976, 'R2 - mean': 0.5154500616548857, 'R2 - std': 0.015012264981578432} 
 

{'MSE - mean': 4188676.405699373, 'MSE - std': 207354.58519515695, 'R2 - mean': 0.5080871399870961, 'R2 - std': 0.01821164246754985} 
 

{'MSE - mean': 4130399.5421824954, 'MSE - std': 219046.82258965482, 'R2 - mean': 0.5102234255200292, 'R2 - std': 0.016840011894460483} 
 

Finished cross validation
Hyperparam was saved!!! Hurrah!!!
Trial 58 finished with value: 4130399.5421824954 and parameters: {'max_depth': 12, 'n_estimators': 23}. Best is trial 41 with value: 4121364.6308682337.
{'MSE - mean': 3925771.824693428, 'MSE - std': 0.0, 'R2 - mean': 0.5400346041410233, 'R2 - std': 0.0} 
 

{'MSE - mean': 3963761.9687722316, 'MSE - std': 37990.14407880395, 'R2 - mean': 0.5201547104195259, 'R2 - std': 0.01987989372149751} 
 

{'MSE - mean': 4099055.301511331, 'MSE - std': 193831.72890953007, 'R2 - mean': 0.5171621345639884, 'R2 - std': 0.016774518475582194} 
 

{'MSE - mean': 4187221.735380751, 'MSE - std': 226931.73980912336, 'R2 - mean': 0.5082571080837426, 'R2 - std': 0.021188129752467037} 
 

{'MSE - mean': 4127018.27643221, 'MSE - std': 236000.50318529218, 'R2 - mean': 0.5106332170147042, 'R2 - std': 0.019537989879542018} 
 

Finished cross validation
Hyperparam was saved!!! Hurrah!!!
Trial 59 finished with value: 4127018.27643221 and parameters: {'max_depth': 12, 'n_estimators': 25}. Best is trial 41 with value: 4121364.6308682337.
{'MSE - mean': 3981027.2140008407, 'MSE - std': 0.0, 'R2 - mean': 0.5335605735169662, 'R2 - std': 0.0} 
 

{'MSE - mean': 3992624.4458287526, 'MSE - std': 11597.231827911688, 'R2 - mean': 0.5167634996837971, 'R2 - std': 0.01679707383316914} 
 

{'MSE - mean': 4108941.918910648, 'MSE - std': 164770.06082931207, 'R2 - mean': 0.5159478561536085, 'R2 - std': 0.013763175807493243} 
 

{'MSE - mean': 4188039.4712680476, 'MSE - std': 197815.94494900104, 'R2 - mean': 0.5081147279701123, 'R2 - std': 0.01805941437722225} 
 

{'MSE - mean': 4137720.041987506, 'MSE - std': 203551.217911686, 'R2 - mean': 0.509278654105408, 'R2 - std': 0.01631970754371155} 
 

Finished cross validation
Hyperparam was saved!!! Hurrah!!!
Trial 60 finished with value: 4137720.041987506 and parameters: {'max_depth': 12, 'n_estimators': 21}. Best is trial 41 with value: 4121364.6308682337.
{'MSE - mean': 3944469.4305112315, 'MSE - std': 0.0, 'R2 - mean': 0.5378438880103749, 'R2 - std': 0.0} 
 

{'MSE - mean': 3972657.3857779466, 'MSE - std': 28187.955266714795, 'R2 - mean': 0.5191159696426262, 'R2 - std': 0.018727918367748675} 
 

{'MSE - mean': 4096786.0898697414, 'MSE - std': 177046.8231111819, 'R2 - mean': 0.5173869010507107, 'R2 - std': 0.015485562329165476} 
 

{'MSE - mean': 4174831.766304845, 'MSE - std': 204407.84234211838, 'R2 - mean': 0.5096704397603677, 'R2 - std': 0.018933655352940656} 
 

{'MSE - mean': 4118820.2904542848, 'MSE - std': 214418.27001587287, 'R2 - mean': 0.5115522416837267, 'R2 - std': 0.017347949675226192} 
 

Finished cross validation
Hyperparam was saved!!! Hurrah!!!
Trial 61 finished with value: 4118820.2904542848 and parameters: {'max_depth': 12, 'n_estimators': 21}. Best is trial 61 with value: 4118820.2904542848.
{'MSE - mean': 3948092.126127782, 'MSE - std': 0.0, 'R2 - mean': 0.5374194327190964, 'R2 - std': 0.0} 
 

{'MSE - mean': 3979426.966292184, 'MSE - std': 31334.840164402267, 'R2 - mean': 0.5182845747727394, 'R2 - std': 0.01913485794635711} 
 

{'MSE - mean': 4120837.1230124626, 'MSE - std': 201614.1024814319, 'R2 - mean': 0.5146469635214315, 'R2 - std': 0.016448696715833145} 
 

{'MSE - mean': 4212909.413422468, 'MSE - std': 236470.09266200667, 'R2 - mean': 0.5052816538769985, 'R2 - std': 0.021588116915224935} 
 

{'MSE - mean': 4150047.182913079, 'MSE - std': 246051.05949238405, 'R2 - mean': 0.5079467798046856, 'R2 - std': 0.020031201122200783} 
 

Finished cross validation
Hyperparam was saved!!! Hurrah!!!
Trial 62 finished with value: 4150047.182913079 and parameters: {'max_depth': 12, 'n_estimators': 22}. Best is trial 61 with value: 4118820.2904542848.
{'MSE - mean': 3981471.8160348022, 'MSE - std': 0.0, 'R2 - mean': 0.5335084814546449, 'R2 - std': 0.0} 
 

{'MSE - mean': 4009544.545522994, 'MSE - std': 28072.72948819166, 'R2 - mean': 0.5146522893872294, 'R2 - std': 0.018856192067415456} 
 

{'MSE - mean': 4136293.546331099, 'MSE - std': 180709.72259118847, 'R2 - mean': 0.5127424895739067, 'R2 - std': 0.015631122486120738} 
 

{'MSE - mean': 4200192.650428143, 'MSE - std': 191680.17475068473, 'R2 - mean': 0.506684391480859, 'R2 - std': 0.01712748230613732} 
 

{'MSE - mean': 4143048.9355442924, 'MSE - std': 206045.25744813838, 'R2 - mean': 0.5086769058041184, 'R2 - std': 0.01582911789807671} 
 

Finished cross validation
Hyperparam was saved!!! Hurrah!!!
Trial 63 finished with value: 4143048.9355442924 and parameters: {'max_depth': 12, 'n_estimators': 20}. Best is trial 61 with value: 4118820.2904542848.
{'MSE - mean': 4053380.6172670666, 'MSE - std': 0.0, 'R2 - mean': 0.5250832438958813, 'R2 - std': 0.0} 
 

{'MSE - mean': 4073468.228307074, 'MSE - std': 20087.611040007556, 'R2 - mean': 0.5069469618482727, 'R2 - std': 0.018136282047608587} 
 

{'MSE - mean': 4217365.028778966, 'MSE - std': 204160.68781793176, 'R2 - mean': 0.5033036437756379, 'R2 - std': 0.015678988620562086} 
 

{'MSE - mean': 4309691.940076573, 'MSE - std': 238398.7531154208, 'R2 - mean': 0.49393404320775247, 'R2 - std': 0.021159897389352773} 
 

{'MSE - mean': 4253644.6301066475, 'MSE - std': 240899.09964350107, 'R2 - mean': 0.4956370852019477, 'R2 - std': 0.019230039369650825} 
 

Finished cross validation
Hyperparam was saved!!! Hurrah!!!
Trial 64 finished with value: 4253644.6301066475 and parameters: {'max_depth': 10, 'n_estimators': 25}. Best is trial 61 with value: 4118820.2904542848.
{'MSE - mean': 3959646.927904727, 'MSE - std': 0.0, 'R2 - mean': 0.5360656074814771, 'R2 - std': 0.0} 
 

{'MSE - mean': 3989491.706239068, 'MSE - std': 29844.778334341245, 'R2 - mean': 0.5170722738449032, 'R2 - std': 0.01899333363657396} 
 

{'MSE - mean': 4116017.5150860525, 'MSE - std': 180586.17833226107, 'R2 - mean': 0.5151285374494055, 'R2 - std': 0.01574973134492055} 
 

{'MSE - mean': 4199065.966365473, 'MSE - std': 212484.49739503255, 'R2 - mean': 0.5068340977293103, 'R2 - std': 0.019809939901189923} 
 

{'MSE - mean': 4141211.215224611, 'MSE - std': 222504.87236206824, 'R2 - mean': 0.5089122926611548, 'R2 - std': 0.018199520647807808} 
 

Finished cross validation
Hyperparam was saved!!! Hurrah!!!
