Trial 45 finished with value: 879103225.8648456 and parameters: {'max_depth': 9, 'n_estimators': 83}. Best is trial 42 with value: 827352971.3282602.
{'MSE - mean': 828460204.9749168, 'MSE - std': 0.0, 'R2 - mean': 0.8883065838195314, 'R2 - std': 0.0} 
 

{'MSE - mean': 1072102407.8261962, 'MSE - std': 243642202.85127944, 'R2 - mean': 0.8476126136104443, 'R2 - std': 0.040693970209087105} 
 

{'MSE - mean': 1142541617.5885794, 'MSE - std': 222480815.39175627, 'R2 - mean': 0.839109415731162, 'R2 - std': 0.035335650872744755} 
 

{'MSE - mean': 980634498.9193232, 'MSE - std': 340242604.82834524, 'R2 - mean': 0.8567035422730948, 'R2 - std': 0.043186989166541886} 
 

{'MSE - mean': 932881629.5796808, 'MSE - std': 318956690.2151103, 'R2 - mean': 0.8523066018465209, 'R2 - std': 0.03961597111110831} 
 

Finished cross validation
Hyperparam was saved!!! Hurrah!!!
Trial 46 finished with value: 932881629.5796808 and parameters: {'max_depth': 12, 'n_estimators': 18}. Best is trial 42 with value: 827352971.3282602.
{'MSE - mean': 1044320728.8645508, 'MSE - std': 0.0, 'R2 - mean': 0.8592041608100052, 'R2 - std': 0.0} 
 

{'MSE - mean': 1183034323.2435641, 'MSE - std': 138713594.37901318, 'R2 - mean': 0.8326209189603839, 'R2 - std': 0.026583241849621242} 
 

{'MSE - mean': 1289007166.3175423, 'MSE - std': 187851344.90351918, 'R2 - mean': 0.8190640911856758, 'R2 - std': 0.02896010457134381} 
 

{'MSE - mean': 1150629228.7269955, 'MSE - std': 289674742.89621013, 'R2 - mean': 0.8306695971735074, 'R2 - std': 0.032141547104770206} 
 

{'MSE - mean': 1093677551.208175, 'MSE - std': 283024980.5695944, 'R2 - mean': 0.8259542261241979, 'R2 - std': 0.030255613309949535} 
 

Finished cross validation
Hyperparam was saved!!! Hurrah!!!
Trial 47 finished with value: 1093677551.208175 and parameters: {'max_depth': 5, 'n_estimators': 24}. Best is trial 42 with value: 827352971.3282602.
{'MSE - mean': 1062853250.1301646, 'MSE - std': 0.0, 'R2 - mean': 0.856705597091237, 'R2 - std': 0.0} 
 

{'MSE - mean': 1125232552.9965723, 'MSE - std': 62379302.86640763, 'R2 - mean': 0.841213658327295, 'R2 - std': 0.015491938763941948} 
 

{'MSE - mean': 1182116914.3645964, 'MSE - std': 95214386.62598176, 'R2 - mean': 0.8342674863791594, 'R2 - std': 0.01601557743500422} 
 

{'MSE - mean': 1052531605.1194346, 'MSE - std': 239115854.09987786, 'R2 - mean': 0.8453513280636272, 'R2 - std': 0.023683932948129614} 
 

{'MSE - mean': 1017190010.4169743, 'MSE - std': 225249254.40494397, 'R2 - mean': 0.837256134643459, 'R2 - std': 0.026662174891650136} 
 

Finished cross validation
Hyperparam was saved!!! Hurrah!!!
Trial 48 finished with value: 1017190010.4169743 and parameters: {'max_depth': 7, 'n_estimators': 8}. Best is trial 42 with value: 827352971.3282602.
{'MSE - mean': 916280730.5301316, 'MSE - std': 0.0, 'R2 - mean': 0.8764665769596689, 'R2 - std': 0.0} 
 

{'MSE - mean': 970757807.2359204, 'MSE - std': 54477076.70578879, 'R2 - mean': 0.8630083015723102, 'R2 - std': 0.013458275387358665} 
 

{'MSE - mean': 1037950957.1853656, 'MSE - std': 104920636.9493763, 'R2 - mean': 0.8545056638330594, 'R2 - std': 0.016289254576290046} 
 

{'MSE - mean': 919648431.1198881, 'MSE - std': 224148874.7770464, 'R2 - mean': 0.8650580515696812, 'R2 - std': 0.023088168437977192} 
 

{'MSE - mean': 873764352.8554676, 'MSE - std': 220489385.24054772, 'R2 - mean': 0.8612912772573111, 'R2 - std': 0.021981928312540096} 
 

Finished cross validation
Hyperparam was saved!!! Hurrah!!!
Trial 49 finished with value: 873764352.8554676 and parameters: {'max_depth': 8, 'n_estimators': 14}. Best is trial 42 with value: 827352971.3282602.
{'MSE - mean': 901539409.8683671, 'MSE - std': 0.0, 'R2 - mean': 0.8784540091306252, 'R2 - std': 0.0} 
 

{'MSE - mean': 964561537.1534442, 'MSE - std': 63022127.285077095, 'R2 - mean': 0.8638296796063928, 'R2 - std': 0.014624329524232427} 
 

{'MSE - mean': 1061409778.2260804, 'MSE - std': 146311389.2220444, 'R2 - mean': 0.8512289995802931, 'R2 - std': 0.02145075640303904} 
 

{'MSE - mean': 930886185.6861539, 'MSE - std': 259161130.55520067, 'R2 - mean': 0.8637630607485765, 'R2 - std': 0.028572876663151992} 
 

{'MSE - mean': 876973769.1465225, 'MSE - std': 255651692.5449364, 'R2 - mean': 0.8615431855049541, 'R2 - std': 0.0259391366285608} 
 

Finished cross validation
Hyperparam was saved!!! Hurrah!!!
Trial 50 finished with value: 876973769.1465225 and parameters: {'max_depth': 11, 'n_estimators': 87}. Best is trial 42 with value: 827352971.3282602.
{'MSE - mean': 818349940.984409, 'MSE - std': 0.0, 'R2 - mean': 0.8896696546306639, 'R2 - std': 0.0} 
 

{'MSE - mean': 914108036.9336905, 'MSE - std': 95758095.94928163, 'R2 - mean': 0.8707374981916842, 'R2 - std': 0.018932156438979775} 
 

{'MSE - mean': 1028534929.7702475, 'MSE - std': 179722293.83601525, 'R2 - mean': 0.8557287536760821, 'R2 - std': 0.026257872257462796} 
 

{'MSE - mean': 906074165.2926068, 'MSE - std': 263087425.93594968, 'R2 - mean': 0.8671663857698638, 'R2 - std': 0.030158998248533374} 
 

{'MSE - mean': 862326125.8601182, 'MSE - std': 251052900.33223957, 'R2 - mean': 0.8631068985915482, 'R2 - std': 0.02817037246625733} 
 

Finished cross validation
Hyperparam was saved!!! Hurrah!!!
Trial 51 finished with value: 862326125.8601182 and parameters: {'max_depth': 12, 'n_estimators': 68}. Best is trial 42 with value: 827352971.3282602.
{'MSE - mean': 882662340.0885062, 'MSE - std': 0.0, 'R2 - mean': 0.8809990250511589, 'R2 - std': 0.0} 
 

{'MSE - mean': 914074664.6835968, 'MSE - std': 31412324.595090687, 'R2 - mean': 0.871125901167104, 'R2 - std': 0.009873123884054869} 
 

{'MSE - mean': 1049485188.1797848, 'MSE - std': 193209323.02730167, 'R2 - mean': 0.8530806550714497, 'R2 - std': 0.02676280123838657} 
 

{'MSE - mean': 920401627.281811, 'MSE - std': 279258086.65247965, 'R2 - mean': 0.8654336552216996, 'R2 - std': 0.03154323201148324} 
 

{'MSE - mean': 871577903.111759, 'MSE - std': 268184800.71767002, 'R2 - mean': 0.8622131226322214, 'R2 - std': 0.02893903435195745} 
 

Finished cross validation
Hyperparam was saved!!! Hurrah!!!
Trial 52 finished with value: 871577903.111759 and parameters: {'max_depth': 10, 'n_estimators': 56}. Best is trial 42 with value: 827352971.3282602.
{'MSE - mean': 905234686.4029692, 'MSE - std': 0.0, 'R2 - mean': 0.8779558101134574, 'R2 - std': 0.0} 
 

{'MSE - mean': 979132031.8348491, 'MSE - std': 73897345.43187982, 'R2 - mean': 0.8617135411935187, 'R2 - std': 0.01624226891993863} 
 

{'MSE - mean': 1069847184.1709346, 'MSE - std': 141771022.5491705, 'R2 - mean': 0.8499951447623566, 'R2 - std': 0.021225358173989614} 
 

{'MSE - mean': 942868402.8368114, 'MSE - std': 251883107.51869646, 'R2 - mean': 0.8618035865220938, 'R2 - std': 0.027499177489334545} 
 

{'MSE - mean': 893127799.001902, 'MSE - std': 246277466.61451948, 'R2 - mean': 0.8585122651482961, 'R2 - std': 0.025461637724514215} 
 

Finished cross validation
Hyperparam was saved!!! Hurrah!!!
Trial 53 finished with value: 893127799.001902 and parameters: {'max_depth': 12, 'n_estimators': 65}. Best is trial 42 with value: 827352971.3282602.
{'MSE - mean': 942685068.7377988, 'MSE - std': 0.0, 'R2 - mean': 0.872906730972271, 'R2 - std': 0.0} 
 

{'MSE - mean': 972147683.9574106, 'MSE - std': 29462615.219611704, 'R2 - mean': 0.8629617950936509, 'R2 - std': 0.00994493587862011} 
 

{'MSE - mean': 1041071929.1071931, 'MSE - std': 100398208.49656925, 'R2 - mean': 0.8541704918311637, 'R2 - std': 0.014849529482757385} 
 

{'MSE - mean': 917814399.5844793, 'MSE - std': 230514871.4380884, 'R2 - mean': 0.8655701895636368, 'R2 - std': 0.02356354641325709} 
 

{'MSE - mean': 878720311.7565244, 'MSE - std': 220506407.10803425, 'R2 - mean': 0.8602699672512383, 'R2 - std': 0.02359156632992327} 
 

Finished cross validation
Hyperparam was saved!!! Hurrah!!!
Trial 54 finished with value: 878720311.7565244 and parameters: {'max_depth': 9, 'n_estimators': 45}. Best is trial 42 with value: 827352971.3282602.
{'MSE - mean': 1239641849.9022055, 'MSE - std': 0.0, 'R2 - mean': 0.8328708702911746, 'R2 - std': 0.0} 
 

{'MSE - mean': 1371590576.0421765, 'MSE - std': 131948726.13997102, 'R2 - mean': 0.8061156185912075, 'R2 - std': 0.02675525169996701} 
 

{'MSE - mean': 1444733326.591355, 'MSE - std': 149354281.7233776, 'R2 - mean': 0.7972324928697446, 'R2 - std': 0.02520017541312675} 
 

{'MSE - mean': 1272528164.2954464, 'MSE - std': 325105951.75405514, 'R2 - mean': 0.813362376249798, 'R2 - std': 0.03545146039589397} 
 

{'MSE - mean': 1220232724.3511586, 'MSE - std': 309021610.9733985, 'R2 - mean': 0.8056395170204246, 'R2 - std': 0.03527059758592398} 
 

Finished cross validation
Hyperparam was saved!!! Hurrah!!!
Trial 55 finished with value: 1220232724.3511586 and parameters: {'max_depth': 4, 'n_estimators': 57}. Best is trial 42 with value: 827352971.3282602.
{'MSE - mean': 817079188.7977418, 'MSE - std': 0.0, 'R2 - mean': 0.8898409780714223, 'R2 - std': 0.0} 
 

{'MSE - mean': 876055185.3775554, 'MSE - std': 58975996.57981354, 'R2 - mean': 0.8763140559903944, 'R2 - std': 0.013526922081027903} 
 

{'MSE - mean': 1002362498.6862941, 'MSE - std': 185002306.9376845, 'R2 - mean': 0.8595578837115946, 'R2 - std': 0.0261442861736768} 
 

{'MSE - mean': 889289091.3301138, 'MSE - std': 253033943.4396283, 'R2 - mean': 0.8695180519039953, 'R2 - std': 0.028465024607596402} 
 

{'MSE - mean': 832203326.5664209, 'MSE - std': 253487828.86109135, 'R2 - mean': 0.8687076505952301, 'R2 - std': 0.02551143080765657} 
 

Finished cross validation
Hyperparam was saved!!! Hurrah!!!
Trial 56 finished with value: 832203326.5664209 and parameters: {'max_depth': 11, 'n_estimators': 37}. Best is trial 42 with value: 827352971.3282602.
{'MSE - mean': 905865227.2808272, 'MSE - std': 0.0, 'R2 - mean': 0.8778708002792294, 'R2 - std': 0.0} 
 

{'MSE - mean': 869593680.7536895, 'MSE - std': 36271546.52713758, 'R2 - mean': 0.8777917074904416, 'R2 - std': 7.909278878776016e-05} 
 

{'MSE - mean': 1017513414.3849974, 'MSE - std': 211276071.96926248, 'R2 - mean': 0.8578457979086361, 'R2 - std': 0.028207849768057132} 
 

{'MSE - mean': 918681600.725087, 'MSE - std': 250562100.31445786, 'R2 - mean': 0.8649366261072574, 'R2 - std': 0.027342304676637064} 
 

{'MSE - mean': 875270896.6251433, 'MSE - std': 240339447.0597898, 'R2 - mean': 0.860686174166759, 'R2 - std': 0.02589105379890872} 
 

Finished cross validation
Hyperparam was saved!!! Hurrah!!!
Trial 57 finished with value: 875270896.6251433 and parameters: {'max_depth': 11, 'n_estimators': 15}. Best is trial 42 with value: 827352971.3282602.
{'MSE - mean': 907769519.9831719, 'MSE - std': 0.0, 'R2 - mean': 0.8776140625915828, 'R2 - std': 0.0} 
 

{'MSE - mean': 985829721.8397985, 'MSE - std': 78060201.85662651, 'R2 - mean': 0.8607457920279509, 'R2 - std': 0.016868270563631993} 
 

{'MSE - mean': 1065312082.6033043, 'MSE - std': 129217470.77831626, 'R2 - mean': 0.8505975152157884, 'R2 - std': 0.01989139040852789} 
 

{'MSE - mean': 959090488.0651902, 'MSE - std': 215341467.21989536, 'R2 - mean': 0.8586664619095237, 'R2 - std': 0.022182746933763212} 
 

{'MSE - mean': 895490370.7953155, 'MSE - std': 230819101.61531496, 'R2 - mean': 0.8583675014756716, 'R2 - std': 0.01984985940972734} 
 

Finished cross validation
Hyperparam was saved!!! Hurrah!!!
Trial 58 finished with value: 895490370.7953155 and parameters: {'max_depth': 10, 'n_estimators': 36}. Best is trial 42 with value: 827352971.3282602.
{'MSE - mean': 1022315829.223432, 'MSE - std': 0.0, 'R2 - mean': 0.8621708723054587, 'R2 - std': 0.0} 
 

{'MSE - mean': 983478124.5192157, 'MSE - std': 38837704.70421624, 'R2 - mean': 0.861773940488735, 'R2 - std': 0.00039693181672373345} 
 

{'MSE - mean': 1069097300.7912222, 'MSE - std': 125167347.56099571, 'R2 - mean': 0.8505409662817996, 'R2 - std': 0.015889130109777265} 
 

{'MSE - mean': 947767594.0336993, 'MSE - std': 236458964.51010454, 'R2 - mean': 0.8612140864286688, 'R2 - std': 0.023045494630026513} 
 

{'MSE - mean': 898097725.0458305, 'MSE - std': 233663555.2644889, 'R2 - mean': 0.8578066080250002, 'R2 - std': 0.021709893930646824} 
 

Finished cross validation
Hyperparam was saved!!! Hurrah!!!
Trial 59 finished with value: 898097725.0458305 and parameters: {'max_depth': 9, 'n_estimators': 26}. Best is trial 42 with value: 827352971.3282602.
{'MSE - mean': 890199531.370806, 'MSE - std': 0.0, 'R2 - mean': 0.8799828571801249, 'R2 - std': 0.0} 
 

{'MSE - mean': 967056451.6690407, 'MSE - std': 76856920.29823476, 'R2 - mean': 0.8633959371872431, 'R2 - std': 0.016586919992881866} 
 

{'MSE - mean': 1054024544.6956196, 'MSE - std': 138075664.79233587, 'R2 - mean': 0.8521940669290654, 'R2 - std': 0.020841810649003832} 
 

{'MSE - mean': 931026873.9719174, 'MSE - std': 244302983.84639707, 'R2 - mean': 0.8634481234911616, 'R2 - std': 0.026565902406191222} 
 

{'MSE - mean': 879622665.8740326, 'MSE - std': 241488568.61906517, 'R2 - mean': 0.860726163463973, 'R2 - std': 0.024376915352084035} 
 

Finished cross validation
Hyperparam was saved!!! Hurrah!!!
Trial 60 finished with value: 879622665.8740326 and parameters: {'max_depth': 11, 'n_estimators': 88}. Best is trial 42 with value: 827352971.3282602.
{'MSE - mean': 901281734.7159882, 'MSE - std': 0.0, 'R2 - mean': 0.8784887490226094, 'R2 - std': 0.0} 
 

{'MSE - mean': 956104666.8781221, 'MSE - std': 54822932.16213393, 'R2 - mean': 0.8650691619884133, 'R2 - std': 0.013419587034196101} 
 

{'MSE - mean': 1074954440.8990228, 'MSE - std': 173937460.49526238, 'R2 - mean': 0.8493963924663749, 'R2 - std': 0.024725053820516804} 
 

{'MSE - mean': 937100369.4791435, 'MSE - std': 282315276.143122, 'R2 - mean': 0.8631099761813503, 'R2 - std': 0.0319794207224507} 
 

{'MSE - mean': 878683341.5486263, 'MSE - std': 278229633.08021855, 'R2 - mean': 0.8617474082198472, 'R2 - std': 0.028732786944424077} 
 

Finished cross validation
Hyperparam was saved!!! Hurrah!!!
Trial 61 finished with value: 878683341.5486263 and parameters: {'max_depth': 12, 'n_estimators': 40}. Best is trial 42 with value: 827352971.3282602.
{'MSE - mean': 850730055.9329467, 'MSE - std': 0.0, 'R2 - mean': 0.8853041514559786, 'R2 - std': 0.0} 
 

{'MSE - mean': 950416534.2699546, 'MSE - std': 99686478.33700788, 'R2 - mean': 0.8656024292399541, 'R2 - std': 0.01970172221602451} 
 

{'MSE - mean': 1036186156.4590969, 'MSE - std': 146074588.78860357, 'R2 - mean': 0.8546000125113323, 'R2 - std': 0.022380309498726197} 
 

{'MSE - mean': 903993653.3662949, 'MSE - std': 261587294.68217906, 'R2 - mean': 0.8677498250917974, 'R2 - std': 0.02990671166558023} 
 

{'MSE - mean': 847511094.7051257, 'MSE - std': 259814256.58143285, 'R2 - mean': 0.8665034754191036, 'R2 - std': 0.026865268882797708} 
 

Finished cross validation
Hyperparam was saved!!! Hurrah!!!
Trial 62 finished with value: 847511094.7051257 and parameters: {'max_depth': 12, 'n_estimators': 49}. Best is trial 42 with value: 827352971.3282602.
{'MSE - mean': 904657119.4952581, 'MSE - std': 0.0, 'R2 - mean': 0.8780336779707275, 'R2 - std': 0.0} 
 

{'MSE - mean': 951261520.8622134, 'MSE - std': 46604401.36695534, 'R2 - mean': 0.8658000063249744, 'R2 - std': 0.01223367164575312} 
 

{'MSE - mean': 1065969533.917304, 'MSE - std': 166624838.09227002, 'R2 - mean': 0.8506814905484589, 'R2 - std': 0.02359902935560919} 
 

{'MSE - mean': 936711445.1889926, 'MSE - std': 266356599.33075532, 'R2 - mean': 0.862912500404103, 'R2 - std': 0.02943600594784851} 
 

{'MSE - mean': 877043139.1093733, 'MSE - std': 266454306.4153405, 'R2 - mean': 0.861885529381748, 'R2 - std': 0.026408359185160383} 
 

Finished cross validation
Hyperparam was saved!!! Hurrah!!!
Trial 63 finished with value: 877043139.1093733 and parameters: {'max_depth': 8, 'n_estimators': 45}. Best is trial 42 with value: 827352971.3282602.
{'MSE - mean': 822331507.289102, 'MSE - std': 0.0, 'R2 - mean': 0.8891328578845442, 'R2 - std': 0.0} 
 

{'MSE - mean': 894039855.7711439, 'MSE - std': 71708348.48204201, 'R2 - mean': 0.873706183003702, 'R2 - std': 0.015426674880842262} 
 

{'MSE - mean': 1030169077.634707, 'MSE - std': 201222235.97730526, 'R2 - mean': 0.8556269090208221, 'R2 - std': 0.02850219571802995} 
 

{'MSE - mean': 912137505.819937, 'MSE - std': 268630130.52145755, 'R2 - mean': 0.8662052356405922, 'R2 - std': 0.03074059779485874} 
 

{'MSE - mean': 866248267.50026, 'MSE - std': 257202267.47332683, 'R2 - mean': 0.8625448457466518, 'R2 - std': 0.028453142162700774} 
 

Finished cross validation
Hyperparam was saved!!! Hurrah!!!
Trial 64 finished with value: 866248267.50026 and parameters: {'max_depth': 10, 'n_estimators': 48}. Best is trial 42 with value: 827352971.3282602.
{'MSE - mean': 901924629.7706282, 'MSE - std': 0.0, 'R2 - mean': 0.8784020735921336, 'R2 - std': 0.0} 
 

{'MSE - mean': 981341761.5111991, 'MSE - std': 79417131.7405709, 'R2 - mean': 0.8613695319314302, 'R2 - std': 0.01703254166070345} 
 

{'MSE - mean': 1059625956.0003047, 'MSE - std': 128302575.01786813, 'R2 - mean': 0.8513867828409795, 'R2 - std': 0.019817051809528117} 
 

{'MSE - mean': 950390648.9978817, 'MSE - std': 219415632.8863161, 'R2 - mean': 0.8600695691676558, 'R2 - std': 0.022819048884655375} 
 

{'MSE - mean': 899437215.9478056, 'MSE - std': 221132506.25422862, 'R2 - mean': 0.8570600812770579, 'R2 - std': 0.021278986419819353} 
 

Finished cross validation
Hyperparam was saved!!! Hurrah!!!
Trial 65 finished with value: 899437215.9478056 and parameters: {'max_depth': 11, 'n_estimators': 34}. Best is trial 42 with value: 827352971.3282602.
{'MSE - mean': 2258608248.841626, 'MSE - std': 0.0, 'R2 - mean': 0.6954933144505775, 'R2 - std': 0.0} 
 

{'MSE - mean': 2345213858.606161, 'MSE - std': 86605609.76453471, 'R2 - mean': 0.6693157527223856, 'R2 - std': 0.026177561728191856} 
 

{'MSE - mean': 2407557110.281018, 'MSE - std': 113020867.48581895, 'R2 - mean': 0.6625443393916445, 'R2 - std': 0.023421085279729085} 
 

{'MSE - mean': 2174469154.266646, 'MSE - std': 415415783.3813118, 'R2 - mean': 0.6794586179737336, 'R2 - std': 0.0356326940690404} 
 

{'MSE - mean': 2082641227.028302, 'MSE - std': 414470374.5135584, 'R2 - mean': 0.6671352839575897, 'R2 - std': 0.040289072394236916} 
 

Finished cross validation
Hyperparam was saved!!! Hurrah!!!
Trial 66 finished with value: 2082641227.028302 and parameters: {'max_depth': 2, 'n_estimators': 11}. Best is trial 42 with value: 827352971.3282602.
{'MSE - mean': 882459109.2476629, 'MSE - std': 0.0, 'R2 - mean': 0.8810264247340293, 'R2 - std': 0.0} 
 

{'MSE - mean': 964368466.9774501, 'MSE - std': 81909357.72978723, 'R2 - mean': 0.863744232986764, 'R2 - std': 0.017282191747265363} 
 

{'MSE - mean': 1062468259.5128809, 'MSE - std': 154012663.48407832, 'R2 - mean': 0.8510074761355638, 'R2 - std': 0.02288156575133541} 
 

{'MSE - mean': 928102280.2484887, 'MSE - std': 268239770.60855883, 'R2 - mean': 0.8642512516218099, 'R2 - std': 0.03031282411480004} 
 

{'MSE - mean': 879384048.9459747, 'MSE - std': 258951585.96518928, 'R2 - mean': 0.860900571504103, 'R2 - std': 0.027928517211922094} 
 

Finished cross validation
Hyperparam was saved!!! Hurrah!!!
Trial 67 finished with value: 879384048.9459747 and parameters: {'max_depth': 12, 'n_estimators': 52}. Best is trial 42 with value: 827352971.3282602.
{'MSE - mean': 909890409.3367391, 'MSE - std': 0.0, 'R2 - mean': 0.8773281232358743, 'R2 - std': 0.0} 
 

{'MSE - mean': 973920665.4297011, 'MSE - std': 64030256.092962086, 'R2 - mean': 0.8625060555793577, 'R2 - std': 0.014822067656516613} 
 

{'MSE - mean': 1085091914.553982, 'MSE - std': 165684466.3628009, 'R2 - mean': 0.8479288195622466, 'R2 - std': 0.023905105721163833} 
 

{'MSE - mean': 956960714.4222828, 'MSE - std': 264275084.21531773, 'R2 - mean': 0.8597675844623156, 'R2 - std': 0.029138627674142943} 
 

{'MSE - mean': 899342477.4259104, 'MSE - std': 262968631.30018225, 'R2 - mean': 0.8580105955499064, 'R2 - std': 0.0262982078921583} 
 

Finished cross validation
Hyperparam was saved!!! Hurrah!!!
Trial 68 finished with value: 899342477.4259104 and parameters: {'max_depth': 10, 'n_estimators': 75}. Best is trial 42 with value: 827352971.3282602.
{'MSE - mean': 1174990058.5486002, 'MSE - std': 0.0, 'R2 - mean': 0.8415872569022728, 'R2 - std': 0.0} 
 

{'MSE - mean': 1328604910.8690548, 'MSE - std': 153614852.32045448, 'R2 - mean': 0.8120380993266085, 'R2 - std': 0.02954915757566423} 
 

{'MSE - mean': 1421838216.2052891, 'MSE - std': 181979615.20491537, 'R2 - mean': 0.8003821330206623, 'R2 - std': 0.02922028251069793} 
 

{'MSE - mean': 1270227323.1216793, 'MSE - std': 306259732.853384, 'R2 - mean': 0.813004959776932, 'R2 - std': 0.03344212834823989} 
 

{'MSE - mean': 1208767800.3344705, 'MSE - std': 300241754.15632427, 'R2 - mean': 0.8074977695546007, 'R2 - std': 0.03187502682897512} 
 

Finished cross validation
Hyperparam was saved!!! Hurrah!!!
Trial 69 finished with value: 1208767800.3344705 and parameters: {'max_depth': 4, 'n_estimators': 98}. Best is trial 42 with value: 827352971.3282602.
{'MSE - mean': 903183605.7466091, 'MSE - std': 0.0, 'R2 - mean': 0.8782323378259471, 'R2 - std': 0.0} 
 

{'MSE - mean': 960042424.6836135, 'MSE - std': 56858818.93700445, 'R2 - mean': 0.8645026496738493, 'R2 - std': 0.013729688152097852} 
 

{'MSE - mean': 1060070280.8385824, 'MSE - std': 148883939.83634457, 'R2 - mean': 0.8514457151299366, 'R2 - std': 0.021601773936506686} 
 

{'MSE - mean': 934126039.2531657, 'MSE - std': 253398256.9424492, 'R2 - mean': 0.8631493301148918, 'R2 - std': 0.027584439255695613} 
 

{'MSE - mean': 884140641.4712183, 'MSE - std': 247714959.70743328, 'R2 - mean': 0.8600329396571054, 'R2 - std': 0.025447369003149596} 
 

Finished cross validation
Hyperparam was saved!!! Hurrah!!!
