Trial 140 finished with value: 5566161.976442328 and parameters: {'max_depth': 3, 'n_estimators': 80}. Best is trial 122 with value: 4094119.1518047363.
{'MSE - mean': 3923755.8750366997, 'MSE - std': 0.0, 'R2 - mean': 0.5402708040841928, 'R2 - std': 0.0} 
 

{'MSE - mean': 3948159.8620227966, 'MSE - std': 24403.986986096716, 'R2 - mean': 0.5220952759121432, 'R2 - std': 0.018175528172049593} 
 

{'MSE - mean': 4080147.894785316, 'MSE - std': 187719.78577723645, 'R2 - mean': 0.5194073941734568, 'R2 - std': 0.015319354839689122} 
 

{'MSE - mean': 4154600.5044212546, 'MSE - std': 207505.69082315054, 'R2 - mean': 0.5120886975659535, 'R2 - std': 0.018349439627036914} 
 

{'MSE - mean': 4097730.6996003552, 'MSE - std': 217677.7163162619, 'R2 - mean': 0.5140924578371653, 'R2 - std': 0.016894430105776435} 
 

Finished cross validation
Hyperparam was saved!!! Hurrah!!!
Trial 141 finished with value: 4097730.6996003552 and parameters: {'max_depth': 12, 'n_estimators': 79}. Best is trial 122 with value: 4094119.1518047363.
{'MSE - mean': 3929480.4665771425, 'MSE - std': 0.0, 'R2 - mean': 0.5396000789041229, 'R2 - std': 0.0} 
 

{'MSE - mean': 3950663.8005404975, 'MSE - std': 21183.333963354817, 'R2 - mean': 0.5218046637560815, 'R2 - std': 0.017795415148041394} 
 

{'MSE - mean': 4079523.930253286, 'MSE - std': 183054.69624603694, 'R2 - mean': 0.519470194748965, 'R2 - std': 0.014900246909066127} 
 

{'MSE - mean': 4165106.5375393443, 'MSE - std': 217036.66596438418, 'R2 - mean': 0.51085773921779, 'R2 - std': 0.019724000336969093} 
 

{'MSE - mean': 4104903.9608714185, 'MSE - std': 228432.33669552646, 'R2 - mean': 0.513259762874865, 'R2 - std': 0.018284086579066425} 
 

Finished cross validation
Hyperparam was saved!!! Hurrah!!!
Trial 142 finished with value: 4104903.9608714185 and parameters: {'max_depth': 12, 'n_estimators': 100}. Best is trial 122 with value: 4094119.1518047363.
{'MSE - mean': 3910670.279685945, 'MSE - std': 0.0, 'R2 - mean': 0.5418039856633413, 'R2 - std': 0.0} 
 

{'MSE - mean': 3931015.7326837135, 'MSE - std': 20345.452997768763, 'R2 - mean': 0.5241857249166921, 'R2 - std': 0.017618260746649184} 
 

{'MSE - mean': 4075515.2941858848, 'MSE - std': 205027.32709022608, 'R2 - mean': 0.5200406804403825, 'R2 - std': 0.01553377594938791} 
 

{'MSE - mean': 4162751.4689332955, 'MSE - std': 233147.17282009698, 'R2 - mean': 0.5112097389167057, 'R2 - std': 0.020369836303174748} 
 

{'MSE - mean': 4105447.2393118455, 'MSE - std': 237952.0587959576, 'R2 - mean': 0.5132416393732067, 'R2 - std': 0.018667047508243613} 
 

Finished cross validation
Hyperparam was saved!!! Hurrah!!!
Trial 143 finished with value: 4105447.2393118455 and parameters: {'max_depth': 12, 'n_estimators': 96}. Best is trial 122 with value: 4094119.1518047363.
{'MSE - mean': 3930113.0189992017, 'MSE - std': 0.0, 'R2 - mean': 0.5395259655225494, 'R2 - std': 0.0} 
 

{'MSE - mean': 3950961.8122897963, 'MSE - std': 20848.793290594593, 'R2 - mean': 0.5217698878691099, 'R2 - std': 0.017756077653439506} 
 

{'MSE - mean': 4084527.5215312466, 'MSE - std': 189655.94856158018, 'R2 - mean': 0.5189094944935709, 'R2 - std': 0.015051552398860284} 
 

{'MSE - mean': 4165756.6355618453, 'MSE - std': 216267.29067795372, 'R2 - mean': 0.5107985496360701, 'R2 - std': 0.01916439932938123} 
 

{'MSE - mean': 4106732.6703960286, 'MSE - std': 226611.0029749844, 'R2 - mean': 0.5130508235204962, 'R2 - std': 0.017723157504425144} 
 

Finished cross validation
Hyperparam was saved!!! Hurrah!!!
Trial 144 finished with value: 4106732.6703960286 and parameters: {'max_depth': 12, 'n_estimators': 95}. Best is trial 122 with value: 4094119.1518047363.
{'MSE - mean': 3984226.134256813, 'MSE - std': 0.0, 'R2 - mean': 0.5331857701184077, 'R2 - std': 0.0} 
 

{'MSE - mean': 3999680.458043321, 'MSE - std': 15454.32378650806, 'R2 - mean': 0.5158947023321215, 'R2 - std': 0.017291067786286196} 
 

{'MSE - mean': 4137183.5439714366, 'MSE - std': 194867.70220325116, 'R2 - mean': 0.5127355522768415, 'R2 - std': 0.014808144434854559} 
 

{'MSE - mean': 4224419.601977499, 'MSE - std': 226518.11289782633, 'R2 - mean': 0.5039353987978309, 'R2 - std': 0.01991956224330905} 
 

{'MSE - mean': 4164205.050578189, 'MSE - std': 235693.72748869343, 'R2 - mean': 0.5062585925757908, 'R2 - std': 0.01841249807309853} 
 

Finished cross validation
Hyperparam was saved!!! Hurrah!!!
Trial 145 finished with value: 4164205.050578189 and parameters: {'max_depth': 11, 'n_estimators': 88}. Best is trial 122 with value: 4094119.1518047363.
{'MSE - mean': 3923004.0158048724, 'MSE - std': 0.0, 'R2 - mean': 0.5403588961192475, 'R2 - std': 0.0} 
 

{'MSE - mean': 3952994.229495463, 'MSE - std': 29990.213690590812, 'R2 - mean': 0.5214886777632597, 'R2 - std': 0.018870218355987733} 
 

{'MSE - mean': 4099157.570770221, 'MSE - std': 208151.5151918769, 'R2 - mean': 0.5172369619814011, 'R2 - std': 0.016539173741388906} 
 

{'MSE - mean': 4185111.8375800615, 'MSE - std': 233794.13573902455, 'R2 - mean': 0.5085678852298333, 'R2 - std': 0.020751310228744692} 
 

{'MSE - mean': 4123657.5501733944, 'MSE - std': 242557.77886394598, 'R2 - mean': 0.5110883944067668, 'R2 - std': 0.019232924036966022} 
 

Finished cross validation
Hyperparam was saved!!! Hurrah!!!
Trial 146 finished with value: 4123657.5501733944 and parameters: {'max_depth': 12, 'n_estimators': 67}. Best is trial 122 with value: 4094119.1518047363.
{'MSE - mean': 3978069.890872892, 'MSE - std': 0.0, 'R2 - mean': 0.5339070700440118, 'R2 - std': 0.0} 
 

{'MSE - mean': 3990058.3447462693, 'MSE - std': 11988.45387337706, 'R2 - mean': 0.5170725436931312, 'R2 - std': 0.016834526350880674} 
 

{'MSE - mean': 4128851.791312073, 'MSE - std': 196527.49672775736, 'R2 - mean': 0.5137352319374694, 'R2 - std': 0.014533048010699165} 
 

{'MSE - mean': 4217671.871044326, 'MSE - std': 229421.69125540424, 'R2 - mean': 0.504743263532925, 'R2 - std': 0.02002432522523394} 
 

{'MSE - mean': 4158970.694540956, 'MSE - std': 236412.2721567369, 'R2 - mean': 0.5068846550552445, 'R2 - std': 0.018415241274232608} 
 

Finished cross validation
Hyperparam was saved!!! Hurrah!!!
Trial 147 finished with value: 4158970.694540956 and parameters: {'max_depth': 11, 'n_estimators': 99}. Best is trial 122 with value: 4094119.1518047363.
{'MSE - mean': 3913353.068783722, 'MSE - std': 0.0, 'R2 - mean': 0.5414896550795811, 'R2 - std': 0.0} 
 

{'MSE - mean': 3935282.5666337674, 'MSE - std': 21929.49785004533, 'R2 - mean': 0.523663240709557, 'R2 - std': 0.01782641437002408} 
 

{'MSE - mean': 4075454.751401277, 'MSE - std': 199040.40967174762, 'R2 - mean': 0.5200173451626254, 'R2 - std': 0.015441474720358537} 
 

{'MSE - mean': 4156950.54709909, 'MSE - std': 222794.76578452645, 'R2 - mean': 0.5118625383317811, 'R2 - std': 0.019450757812994438} 
 

{'MSE - mean': 4099382.3455557553, 'MSE - std': 230144.29700629445, 'R2 - mean': 0.513939731460122, 'R2 - std': 0.017886433651500167} 
 

Finished cross validation
Hyperparam was saved!!! Hurrah!!!
Trial 148 finished with value: 4099382.3455557553 and parameters: {'max_depth': 12, 'n_estimators': 92}. Best is trial 122 with value: 4094119.1518047363.
{'MSE - mean': 4067168.0245612734, 'MSE - std': 0.0, 'R2 - mean': 0.523467834102052, 'R2 - std': 0.0} 
 

{'MSE - mean': 4071051.5615473823, 'MSE - std': 3883.5369861088693, 'R2 - mean': 0.507301904318546, 'R2 - std': 0.016165929783506006} 
 

{'MSE - mean': 4203285.37679813, 'MSE - std': 187033.73589957572, 'R2 - mean': 0.5049351025542327, 'R2 - std': 0.013617208170544536} 
 

{'MSE - mean': 4289341.960785685, 'MSE - std': 220121.3772359154, 'R2 - mean': 0.4962978318559106, 'R2 - std': 0.019049372801177387} 
 

{'MSE - mean': 4231586.71074669, 'MSE - std': 228266.09954449322, 'R2 - mean': 0.498241566464821, 'R2 - std': 0.017476135162389148} 
 

Finished cross validation
Hyperparam was saved!!! Hurrah!!!
Trial 149 finished with value: 4231586.71074669 and parameters: {'max_depth': 10, 'n_estimators': 85}. Best is trial 122 with value: 4094119.1518047363.
{'MSE - mean': 3927120.428534893, 'MSE - std': 0.0, 'R2 - mean': 0.5398765941680813, 'R2 - std': 0.0} 
 

{'MSE - mean': 3946195.529721843, 'MSE - std': 19075.101186949993, 'R2 - mean': 0.5223535470804884, 'R2 - std': 0.01752304708759289} 
 

{'MSE - mean': 4075716.3114897236, 'MSE - std': 183831.00611627245, 'R2 - mean': 0.5199288299639689, 'R2 - std': 0.014712691539833353} 
 

{'MSE - mean': 4166703.166683526, 'MSE - std': 224011.61255940393, 'R2 - mean': 0.5106831851971458, 'R2 - std': 0.020464440151701183} 
 

{'MSE - mean': 4109471.185455715, 'MSE - std': 230753.02977472177, 'R2 - mean': 0.5127138854093442, 'R2 - std': 0.018749123232443102} 
 

Finished cross validation
Hyperparam was saved!!! Hurrah!!!
Trial 150 finished with value: 4109471.185455715 and parameters: {'max_depth': 12, 'n_estimators': 77}. Best is trial 122 with value: 4094119.1518047363.
{'MSE - mean': 3977590.9830122413, 'MSE - std': 0.0, 'R2 - mean': 0.5339631815689656, 'R2 - std': 0.0} 
 

{'MSE - mean': 3994220.897084888, 'MSE - std': 16629.914072646527, 'R2 - mean': 0.516550891895617, 'R2 - std': 0.017412289673348624} 
 

{'MSE - mean': 4135930.990316671, 'MSE - std': 200867.7933589579, 'R2 - mean': 0.5129059659306192, 'R2 - std': 0.015122704509876265} 
 

{'MSE - mean': 4221993.543694507, 'MSE - std': 229087.73884346432, 'R2 - mean': 0.5042363470064332, 'R2 - std': 0.019925085210397184} 
 

{'MSE - mean': 4162706.1180650615, 'MSE - std': 236738.14441656246, 'R2 - mean': 0.506444784290383, 'R2 - std': 0.018360718871052645} 
 

Finished cross validation
Hyperparam was saved!!! Hurrah!!!
Trial 151 finished with value: 4162706.1180650615 and parameters: {'max_depth': 11, 'n_estimators': 100}. Best is trial 122 with value: 4094119.1518047363.
{'MSE - mean': 3928893.064003581, 'MSE - std': 0.0, 'R2 - mean': 0.5396689022767849, 'R2 - std': 0.0} 
 

{'MSE - mean': 3945840.121714225, 'MSE - std': 16947.057710643625, 'R2 - mean': 0.5224047636191005, 'R2 - std': 0.017264138657684336} 
 

{'MSE - mean': 4073478.8754193545, 'MSE - std': 181038.03855772858, 'R2 - mean': 0.5201867659246387, 'R2 - std': 0.014440891590887853} 
 

{'MSE - mean': 4157885.013155563, 'MSE - std': 214369.46334833588, 'R2 - mean': 0.5117081873779827, 'R2 - std': 0.019288944890021312} 
 

{'MSE - mean': 4099720.3558402853, 'MSE - std': 224267.5252804506, 'R2 - mean': 0.5138668228310781, 'R2 - std': 0.01778453103271672} 
 

Finished cross validation
Hyperparam was saved!!! Hurrah!!!
Trial 152 finished with value: 4099720.3558402853 and parameters: {'max_depth': 12, 'n_estimators': 93}. Best is trial 122 with value: 4094119.1518047363.
{'MSE - mean': 5165234.326434942, 'MSE - std': 0.0, 'R2 - mean': 0.39481224132312975, 'R2 - std': 0.0} 
 

{'MSE - mean': 5110036.264787792, 'MSE - std': 55198.061647149734, 'R2 - mean': 0.3817906256994588, 'R2 - std': 0.013021615623670935} 
 

{'MSE - mean': 5284292.688302801, 'MSE - std': 250523.09197401148, 'R2 - mean': 0.3778168927752102, 'R2 - std': 0.012025920159123026} 
 

{'MSE - mean': 5347805.68594934, 'MSE - std': 243255.14859774814, 'R2 - mean': 0.3721104862665534, 'R2 - std': 0.014358143768653473} 
 

{'MSE - mean': 5284160.993094815, 'MSE - std': 252073.4844636329, 'R2 - mean': 0.3734794253570751, 'R2 - std': 0.013130918129334717} 
 

Finished cross validation
Hyperparam was saved!!! Hurrah!!!
Trial 153 finished with value: 5284160.993094815 and parameters: {'max_depth': 4, 'n_estimators': 93}. Best is trial 122 with value: 4094119.1518047363.
{'MSE - mean': 3919099.0790982824, 'MSE - std': 0.0, 'R2 - mean': 0.5408164203560748, 'R2 - std': 0.0} 
 

{'MSE - mean': 3945026.829049224, 'MSE - std': 25927.749950941885, 'R2 - mean': 0.5224685641287358, 'R2 - std': 0.018347856227339032} 
 

{'MSE - mean': 4083438.9604168306, 'MSE - std': 196885.75798618028, 'R2 - mean': 0.5190544307439778, 'R2 - std': 0.01573981678092985} 
 

{'MSE - mean': 4160320.130099857, 'MSE - std': 216344.96534201023, 'R2 - mean': 0.5114453178174274, 'R2 - std': 0.018960542524145238} 
 

{'MSE - mean': 4102687.6073187217, 'MSE - std': 225233.5364716831, 'R2 - mean': 0.5135306831822393, 'R2 - std': 0.01746415566430175} 
 

Finished cross validation
Hyperparam was saved!!! Hurrah!!!
Trial 154 finished with value: 4102687.6073187217 and parameters: {'max_depth': 12, 'n_estimators': 84}. Best is trial 122 with value: 4094119.1518047363.
{'MSE - mean': 3962515.244493882, 'MSE - std': 0.0, 'R2 - mean': 0.535729539458603, 'R2 - std': 0.0} 
 

{'MSE - mean': 3986472.2229215517, 'MSE - std': 23956.9784276695, 'R2 - mean': 0.5174603954393613, 'R2 - std': 0.01826914401924168} 
 

{'MSE - mean': 4119424.2074899166, 'MSE - std': 189037.25808666073, 'R2 - mean': 0.5147809963855094, 'R2 - std': 0.015390455073738414} 
 

{'MSE - mean': 4200860.065180815, 'MSE - std': 216094.2166330437, 'R2 - mean': 0.5066620605328381, 'R2 - std': 0.019375266157447935} 
 

{'MSE - mean': 4147205.7609086595, 'MSE - std': 221071.2686839137, 'R2 - mean': 0.5082116919071771, 'R2 - std': 0.01760472040456481} 
 

Finished cross validation
Hyperparam was saved!!! Hurrah!!!
Trial 155 finished with value: 4147205.7609086595 and parameters: {'max_depth': 11, 'n_estimators': 83}. Best is trial 122 with value: 4094119.1518047363.
{'MSE - mean': 3908362.32461568, 'MSE - std': 0.0, 'R2 - mean': 0.5420743985948422, 'R2 - std': 0.0} 
 

{'MSE - mean': 3938468.8373988885, 'MSE - std': 30106.512783208163, 'R2 - mean': 0.5232461082464924, 'R2 - std': 0.018828290348349763} 
 

{'MSE - mean': 4071781.773045192, 'MSE - std': 190128.7608330589, 'R2 - mean': 0.5203877733020018, 'R2 - std': 0.015895801403860262} 
 

{'MSE - mean': 4156118.121725118, 'MSE - std': 220112.62662083228, 'R2 - mean': 0.5119164828498148, 'R2 - std': 0.020119534350455714} 
 

{'MSE - mean': 4098680.0270436383, 'MSE - std': 227939.01289795022, 'R2 - mean': 0.51398737899846, 'R2 - std': 0.018465940902570553} 
 

Finished cross validation
Hyperparam was saved!!! Hurrah!!!
Trial 156 finished with value: 4098680.0270436383 and parameters: {'max_depth': 12, 'n_estimators': 77}. Best is trial 122 with value: 4094119.1518047363.
{'MSE - mean': 3977369.2349751894, 'MSE - std': 0.0, 'R2 - mean': 0.5339891628099032, 'R2 - std': 0.0} 
 

{'MSE - mean': 4004256.5148103037, 'MSE - std': 26887.279835114256, 'R2 - mean': 0.5152968231621766, 'R2 - std': 0.018692339647726486} 
 

{'MSE - mean': 4141773.710262336, 'MSE - std': 195713.8437479734, 'R2 - mean': 0.5121647496850416, 'R2 - std': 0.01589199409145975} 
 

{'MSE - mean': 4227502.521211849, 'MSE - std': 225335.79066896244, 'R2 - mean': 0.5035491890062249, 'R2 - std': 0.020300252820675744} 
 

{'MSE - mean': 4167944.6353295795, 'MSE - std': 234114.37787582938, 'R2 - mean': 0.5057924059348626, 'R2 - std': 0.018703162845422436} 
 

Finished cross validation
Hyperparam was saved!!! Hurrah!!!
Trial 157 finished with value: 4167944.6353295795 and parameters: {'max_depth': 11, 'n_estimators': 83}. Best is trial 122 with value: 4094119.1518047363.
{'MSE - mean': 3924495.3127912013, 'MSE - std': 0.0, 'R2 - mean': 0.5401841674189329, 'R2 - std': 0.0} 
 

{'MSE - mean': 3945413.3687528493, 'MSE - std': 20918.055961648235, 'R2 - mean': 0.5224410995459697, 'R2 - std': 0.017743067872963203} 
 

{'MSE - mean': 4081669.0863259197, 'MSE - std': 193450.1258365602, 'R2 - mean': 0.5192629408706917, 'R2 - std': 0.015168355991785756} 
 

{'MSE - mean': 4158022.6648636833, 'MSE - std': 213440.43725639937, 'R2 - mean': 0.5117146758580002, 'R2 - std': 0.018533434158990218} 
 

{'MSE - mean': 4103220.6218881398, 'MSE - std': 220132.9413380369, 'R2 - mean': 0.5134534039384263, 'R2 - std': 0.01693762813180021} 
 

Finished cross validation
Hyperparam was saved!!! Hurrah!!!
Trial 158 finished with value: 4103220.6218881398 and parameters: {'max_depth': 12, 'n_estimators': 75}. Best is trial 122 with value: 4094119.1518047363.
{'MSE - mean': 3945609.367835796, 'MSE - std': 0.0, 'R2 - mean': 0.5377103265742644, 'R2 - std': 0.0} 
 

{'MSE - mean': 3956290.4190600673, 'MSE - std': 10681.051224271068, 'R2 - mean': 0.5211642157674992, 'R2 - std': 0.01654611080676527} 
 

{'MSE - mean': 4084673.5884780544, 'MSE - std': 181770.550281902, 'R2 - mean': 0.518886773192926, 'R2 - std': 0.013888460842756972} 
 

{'MSE - mean': 4167240.706888392, 'MSE - std': 212679.0700565041, 'R2 - mean': 0.5106214286772055, 'R2 - std': 0.018697988349719544} 
 

{'MSE - mean': 4108781.173855739, 'MSE - std': 223284.52136604302, 'R2 - mean': 0.5128027814170604, 'R2 - std': 0.0172836632044161} 
 

Finished cross validation
Hyperparam was saved!!! Hurrah!!!
Trial 159 finished with value: 4108781.173855739 and parameters: {'max_depth': 12, 'n_estimators': 76}. Best is trial 122 with value: 4094119.1518047363.
{'MSE - mean': 3937043.135016231, 'MSE - std': 0.0, 'R2 - mean': 0.5387139943486082, 'R2 - std': 0.0} 
 

{'MSE - mean': 3957408.6950529926, 'MSE - std': 20365.560036761686, 'R2 - mean': 0.5209915421558531, 'R2 - std': 0.0177224521927552} 
 

{'MSE - mean': 4095978.703981526, 'MSE - std': 196671.80472210105, 'R2 - mean': 0.5175903765417018, 'R2 - std': 0.015248805293730351} 
 

{'MSE - mean': 4172360.5990181435, 'MSE - std': 215667.4077083526, 'R2 - mean': 0.5100403218172629, 'R2 - std': 0.01858506190978776} 
 

{'MSE - mean': 4112056.919968332, 'MSE - std': 227499.62511152192, 'R2 - mean': 0.5124391689196234, 'R2 - std': 0.017301488104626405} 
 

Finished cross validation
Hyperparam was saved!!! Hurrah!!!
Trial 160 finished with value: 4112056.919968332 and parameters: {'max_depth': 12, 'n_estimators': 66}. Best is trial 122 with value: 4094119.1518047363.
{'MSE - mean': 3916295.4743472734, 'MSE - std': 0.0, 'R2 - mean': 0.54114490637786, 'R2 - std': 0.0} 
 

{'MSE - mean': 3936337.871793543, 'MSE - std': 20042.397446269402, 'R2 - mean': 0.5235428022381632, 'R2 - std': 0.017602104139696706} 
 

{'MSE - mean': 4073486.231099881, 'MSE - std': 194646.20053943328, 'R2 - mean': 0.520235970473892, 'R2 - std': 0.015113779123618885} 
 

{'MSE - mean': 4158473.1373422914, 'MSE - std': 223793.8342231452, 'R2 - mean': 0.5116772389497367, 'R2 - std': 0.0197756262974365} 
 

{'MSE - mean': 4100459.2239652784, 'MSE - std': 231364.21670236683, 'R2 - mean': 0.5138089263386375, 'R2 - std': 0.018194413451955067} 
 

Finished cross validation
Hyperparam was saved!!! Hurrah!!!
Trial 161 finished with value: 4100459.2239652784 and parameters: {'max_depth': 12, 'n_estimators': 91}. Best is trial 122 with value: 4094119.1518047363.
{'MSE - mean': 3918840.8007510924, 'MSE - std': 0.0, 'R2 - mean': 0.5408466816925742, 'R2 - std': 0.0} 
 

{'MSE - mean': 3943724.9425597154, 'MSE - std': 24884.14180862275, 'R2 - mean': 0.5226301434901791, 'R2 - std': 0.018216538202395105} 
 

{'MSE - mean': 4079116.1961110015, 'MSE - std': 192547.1286518668, 'R2 - mean': 0.5195486362856118, 'R2 - std': 0.015499017690049958} 
 

{'MSE - mean': 4163743.7588884197, 'MSE - std': 222016.3748668024, 'R2 - mean': 0.511039668535685, 'R2 - std': 0.01993419821626244} 
 

{'MSE - mean': 4106207.247746677, 'MSE - std': 229509.94972909763, 'R2 - mean': 0.5131097595440222, 'R2 - std': 0.018304068234995877} 
 

Finished cross validation
Hyperparam was saved!!! Hurrah!!!
Trial 162 finished with value: 4106207.247746677 and parameters: {'max_depth': 12, 'n_estimators': 70}. Best is trial 122 with value: 4094119.1518047363.
{'MSE - mean': 3981397.9462481965, 'MSE - std': 0.0, 'R2 - mean': 0.5335171364522239, 'R2 - std': 0.0} 
 

{'MSE - mean': 3994732.50364854, 'MSE - std': 13334.557400343474, 'R2 - mean': 0.5165016819565791, 'R2 - std': 0.017015454495644733} 
 

{'MSE - mean': 4125156.2252108413, 'MSE - std': 184768.05614886465, 'R2 - mean': 0.5141166654328205, 'R2 - std': 0.014296633709820443} 
 

{'MSE - mean': 4214388.524297917, 'MSE - std': 222467.1560722368, 'R2 - mean': 0.5050889292067897, 'R2 - std': 0.019944807987918645} 
 

{'MSE - mean': 4158820.6725398167, 'MSE - std': 227913.25766777172, 'R2 - mean': 0.5068553741226495, 'R2 - std': 0.018185642773985784} 
 

Finished cross validation
Hyperparam was saved!!! Hurrah!!!
Trial 163 finished with value: 4158820.6725398167 and parameters: {'max_depth': 11, 'n_estimators': 78}. Best is trial 122 with value: 4094119.1518047363.
{'MSE - mean': 3966659.70102902, 'MSE - std': 0.0, 'R2 - mean': 0.5352439517382943, 'R2 - std': 0.0} 
 

{'MSE - mean': 3992542.2534354376, 'MSE - std': 25882.552406417904, 'R2 - mean': 0.5167183696417939, 'R2 - std': 0.018525582096500515} 
 

{'MSE - mean': 4126491.8961175773, 'MSE - std': 190608.54622863347, 'R2 - mean': 0.5139483591739271, 'R2 - std': 0.0156251094074133} 
 

{'MSE - mean': 4206353.370807275, 'MSE - std': 215365.45414802333, 'R2 - mean': 0.506015159058243, 'R2 - std': 0.019285098527663688} 
 

{'MSE - mean': 4149632.767521561, 'MSE - std': 223550.28611184738, 'R2 - mean': 0.5079371315264108, 'R2 - std': 0.017672236215344576} 
 

Finished cross validation
Hyperparam was saved!!! Hurrah!!!
Trial 164 finished with value: 4149632.767521561 and parameters: {'max_depth': 11, 'n_estimators': 90}. Best is trial 122 with value: 4094119.1518047363.
{'MSE - mean': 3912697.408134281, 'MSE - std': 0.0, 'R2 - mean': 0.5415664759503898, 'R2 - std': 0.0} 
 

{'MSE - mean': 3943630.706623628, 'MSE - std': 30933.298489346635, 'R2 - mean': 0.5226182255020153, 'R2 - std': 0.01894825044837445} 
 

{'MSE - mean': 4082229.2900954834, 'MSE - std': 197628.5589629287, 'R2 - mean': 0.5191854074375634, 'R2 - std': 0.016214991307330482} 
 

{'MSE - mean': 4169979.8150353814, 'MSE - std': 228895.71723823436, 'R2 - mean': 0.5103128997587256, 'R2 - std': 0.020817267708700623} 
 

{'MSE - mean': 4110088.0094214147, 'MSE - std': 237197.62438694242, 'R2 - mean': 0.5126651688799962, 'R2 - std': 0.019204676200345095} 
 

Finished cross validation
Hyperparam was saved!!! Hurrah!!!
