Trial 43 finished with value: 71.4231458535927 and parameters: {'max_depth': 6, 'n_estimators': 36}. Best is trial 2 with value: 70.07952306095325.
{'MSE - mean': 76.57839472970034, 'MSE - std': 0.0, 'R2 - mean': 0.5537522188699533, 'R2 - std': 0.0} 
 

{'MSE - mean': 73.44506953014263, 'MSE - std': 3.133325199557703, 'R2 - mean': 0.5525823277624103, 'R2 - std': 0.001169891107542953} 
 

{'MSE - mean': 69.03233818410973, 'MSE - std': 6.7445939142875675, 'R2 - mean': 0.5668357118211427, 'R2 - std': 0.020179949068001243} 
 

{'MSE - mean': 71.84114032300612, 'MSE - std': 7.601662230584204, 'R2 - mean': 0.5548722062718696, 'R2 - std': 0.027107179000641315} 
 

{'MSE - mean': 70.21124816958132, 'MSE - std': 7.540186248461985, 'R2 - mean': 0.5640090333920801, 'R2 - std': 0.030360595547464262} 
 

Finished cross validation
Hyperparam was saved!!! Hurrah!!!
Trial 44 finished with value: 70.21124816958132 and parameters: {'max_depth': 5, 'n_estimators': 68}. Best is trial 2 with value: 70.07952306095325.
{'MSE - mean': 76.26643630379598, 'MSE - std': 0.0, 'R2 - mean': 0.5555701043957079, 'R2 - std': 0.0} 
 

{'MSE - mean': 72.98248063784341, 'MSE - std': 3.2839556659525755, 'R2 - mean': 0.5554474343250313, 'R2 - std': 0.0001226700706765116} 
 

{'MSE - mean': 68.7506679281474, 'MSE - std': 6.557900133720447, 'R2 - mean': 0.5685661788674544, 'R2 - std': 0.018552976815133352} 
 

{'MSE - mean': 71.86941440132145, 'MSE - std': 7.8380022527870405, 'R2 - mean': 0.5547346475150521, 'R2 - std': 0.02884603075268117} 
 

{'MSE - mean': 70.39805779014392, 'MSE - std': 7.603090461172948, 'R2 - mean': 0.5628692632320443, 'R2 - std': 0.03050184721619739} 
 

Finished cross validation
Hyperparam was saved!!! Hurrah!!!
Trial 45 finished with value: 70.39805779014392 and parameters: {'max_depth': 3, 'n_estimators': 23}. Best is trial 2 with value: 70.07952306095325.
{'MSE - mean': 77.99423383275145, 'MSE - std': 0.0, 'R2 - mean': 0.5455016534147248, 'R2 - std': 0.0} 
 

{'MSE - mean': 73.53736430145082, 'MSE - std': 4.456869531300633, 'R2 - mean': 0.5523847191768877, 'R2 - std': 0.00688306576216291} 
 

{'MSE - mean': 69.53204081399873, 'MSE - std': 6.732584186201803, 'R2 - mean': 0.5637589617497681, 'R2 - std': 0.01703910750022703} 
 

{'MSE - mean': 72.29220574064797, 'MSE - std': 7.539980015565994, 'R2 - mean': 0.552107470919195, 'R2 - std': 0.0250004020773269} 
 

{'MSE - mean': 70.59839021228677, 'MSE - std': 7.546991657910959, 'R2 - mean': 0.5616323686701244, 'R2 - std': 0.02937534326412297} 
 

Finished cross validation
Hyperparam was saved!!! Hurrah!!!
Trial 46 finished with value: 70.59839021228677 and parameters: {'max_depth': 4, 'n_estimators': 6}. Best is trial 2 with value: 70.07952306095325.
{'MSE - mean': 76.76527199752178, 'MSE - std': 0.0, 'R2 - mean': 0.5526632228626158, 'R2 - std': 0.0} 
 

{'MSE - mean': 74.16158832250827, 'MSE - std': 2.6036836750135066, 'R2 - mean': 0.5480625904482811, 'R2 - std': 0.004600632414334727} 
 

{'MSE - mean': 69.60210823210983, 'MSE - std': 6.789489168990119, 'R2 - mean': 0.5632036001130231, 'R2 - std': 0.02173961575274135} 
 

{'MSE - mean': 72.24796199192268, 'MSE - std': 7.454830563924508, 'R2 - mean': 0.5522710077406467, 'R2 - std': 0.026702488605919453} 
 

{'MSE - mean': 70.65486957344311, 'MSE - std': 7.389950798532199, 'R2 - mean': 0.561187006217182, 'R2 - std': 0.029806013378741475} 
 

Finished cross validation
Hyperparam was saved!!! Hurrah!!!
Trial 47 finished with value: 70.65486957344311 and parameters: {'max_depth': 5, 'n_estimators': 43}. Best is trial 2 with value: 70.07952306095325.
{'MSE - mean': 81.76628847242976, 'MSE - std': 0.0, 'R2 - mean': 0.5235206361944083, 'R2 - std': 0.0} 
 

{'MSE - mean': 77.13679545299038, 'MSE - std': 4.629493019439373, 'R2 - mean': 0.5304627273955125, 'R2 - std': 0.0069420912011041724} 
 

{'MSE - mean': 73.19301936737911, 'MSE - std': 6.73757201853191, 'R2 - mean': 0.5406665659298034, 'R2 - std': 0.01550371122766191} 
 

{'MSE - mean': 75.52448431390572, 'MSE - std': 7.096009013475472, 'R2 - mean': 0.5318724640452985, 'R2 - std': 0.020304740339098345} 
 

{'MSE - mean': 73.7428127107647, 'MSE - std': 7.278742332382463, 'R2 - mean': 0.5419410942175947, 'R2 - std': 0.02711706544551705} 
 

Finished cross validation
Hyperparam was saved!!! Hurrah!!!
Trial 48 finished with value: 73.7428127107647 and parameters: {'max_depth': 10, 'n_estimators': 14}. Best is trial 2 with value: 70.07952306095325.
{'MSE - mean': 76.3512550078972, 'MSE - std': 0.0, 'R2 - mean': 0.555075837590598, 'R2 - std': 0.0} 
 

{'MSE - mean': 73.1300462860012, 'MSE - std': 3.2212087218959837, 'R2 - mean': 0.5545294057954926, 'R2 - std': 0.0005464317951054398} 
 

{'MSE - mean': 68.88676930280597, 'MSE - std': 6.551965827055876, 'R2 - mean': 0.5677006105346367, 'R2 - std': 0.018632238916245176} 
 

{'MSE - mean': 71.70138208233142, 'MSE - std': 7.48079724662985, 'R2 - mean': 0.5557041461521781, 'R2 - std': 0.026308092259090546} 
 

{'MSE - mean': 70.29630466333538, 'MSE - std': 7.257191755054987, 'R2 - mean': 0.5634399544640469, 'R2 - std': 0.0281613830555634} 
 

Finished cross validation
Hyperparam was saved!!! Hurrah!!!
Trial 49 finished with value: 70.29630466333538 and parameters: {'max_depth': 4, 'n_estimators': 9}. Best is trial 2 with value: 70.07952306095325.
{'MSE - mean': 76.26244132989281, 'MSE - std': 0.0, 'R2 - mean': 0.5555933844376342, 'R2 - std': 0.0} 
 

{'MSE - mean': 72.92425819895314, 'MSE - std': 3.338183130939676, 'R2 - mean': 0.5558177884474509, 'R2 - std': 0.00022440400981671438} 
 

{'MSE - mean': 68.72287372444062, 'MSE - std': 6.536990190381439, 'R2 - mean': 0.5687390098162098, 'R2 - std': 0.01827428506838754} 
 

{'MSE - mean': 71.78153633985703, 'MSE - std': 7.753414186453293, 'R2 - mean': 0.5552659749928563, 'R2 - std': 0.02819627853324625} 
 

{'MSE - mean': 70.35470119559038, 'MSE - std': 7.499051896940964, 'R2 - mean': 0.5631253337413822, 'R2 - std': 0.029717035152444865} 
 

Finished cross validation
Hyperparam was saved!!! Hurrah!!!
Trial 50 finished with value: 70.35470119559038 and parameters: {'max_depth': 3, 'n_estimators': 84}. Best is trial 2 with value: 70.07952306095325.
{'MSE - mean': 76.4259581709788, 'MSE - std': 0.0, 'R2 - mean': 0.5546405174081075, 'R2 - std': 0.0} 
 

{'MSE - mean': 73.80474879028063, 'MSE - std': 2.6212093806981684, 'R2 - mean': 0.5502454591948011, 'R2 - std': 0.004395058213306435} 
 

{'MSE - mean': 69.34262615178125, 'MSE - std': 6.663450254459586, 'R2 - mean': 0.5648039485579931, 'R2 - std': 0.020899208506749502} 
 

{'MSE - mean': 72.05076412869906, 'MSE - std': 7.436612863146536, 'R2 - mean': 0.5534867679794577, 'R2 - std': 0.02667992533531488} 
 

{'MSE - mean': 70.60990058977374, 'MSE - std': 7.248925413623091, 'R2 - mean': 0.5614522539859006, 'R2 - std': 0.028692343961303143} 
 

Finished cross validation
Hyperparam was saved!!! Hurrah!!!
Trial 51 finished with value: 70.60990058977374 and parameters: {'max_depth': 5, 'n_estimators': 69}. Best is trial 2 with value: 70.07952306095325.
{'MSE - mean': 78.1851190630907, 'MSE - std': 0.0, 'R2 - mean': 0.5443893016764825, 'R2 - std': 0.0} 
 

{'MSE - mean': 74.5099714768651, 'MSE - std': 3.6751475862255987, 'R2 - mean': 0.5462322504483147, 'R2 - std': 0.0018429487718322202} 
 

{'MSE - mean': 70.53007636639828, 'MSE - std': 6.378369961648669, 'R2 - mean': 0.5573074062454971, 'R2 - std': 0.015734753212156286} 
 

{'MSE - mean': 73.16309147641405, 'MSE - std': 7.163170264237802, 'R2 - mean': 0.5465355446336757, 'R2 - std': 0.023103806001139714} 
 

{'MSE - mean': 71.69728693356404, 'MSE - std': 7.045788700984966, 'R2 - mean': 0.5546524966231682, 'R2 - std': 0.026278666628836867} 
 

Finished cross validation
Hyperparam was saved!!! Hurrah!!!
Trial 52 finished with value: 71.69728693356404 and parameters: {'max_depth': 7, 'n_estimators': 62}. Best is trial 2 with value: 70.07952306095325.
{'MSE - mean': 76.52173579616506, 'MSE - std': 0.0, 'R2 - mean': 0.5540823893241729, 'R2 - std': 0.0} 
 

{'MSE - mean': 73.7183331269652, 'MSE - std': 2.803402669199862, 'R2 - mean': 0.5508232551008804, 'R2 - std': 0.0032591342232924925} 
 

{'MSE - mean': 69.3787971417335, 'MSE - std': 6.5500017418338405, 'R2 - mean': 0.564558829748422, 'R2 - std': 0.019606461325797613} 
 

{'MSE - mean': 72.10118611430917, 'MSE - std': 7.376387819761413, 'R2 - mean': 0.5531633367528551, 'R2 - std': 0.026036162853347602} 
 

{'MSE - mean': 70.48042225412014, 'MSE - std': 7.350944141809205, 'R2 - mean': 0.5622585130117412, 'R2 - std': 0.02954986202373295} 
 

Finished cross validation
Hyperparam was saved!!! Hurrah!!!
Trial 53 finished with value: 70.48042225412014 and parameters: {'max_depth': 5, 'n_estimators': 85}. Best is trial 2 with value: 70.07952306095325.
{'MSE - mean': 75.99054444938912, 'MSE - std': 0.0, 'R2 - mean': 0.5571778180112188, 'R2 - std': 0.0} 
 

{'MSE - mean': 72.73412094558675, 'MSE - std': 3.256423503802367, 'R2 - mean': 0.5569557288095441, 'R2 - std': 0.00022208920167471335} 
 

{'MSE - mean': 68.96569837612132, 'MSE - std': 5.955799415823525, 'R2 - mean': 0.5670136269427368, 'R2 - std': 0.014225171778378039} 
 

{'MSE - mean': 71.74927863536237, 'MSE - std': 7.060355316133349, 'R2 - mean': 0.5552566273349757, 'R2 - std': 0.02380016288650059} 
 

{'MSE - mean': 70.30577907479794, 'MSE - std': 6.943605524325293, 'R2 - mean': 0.563262827808748, 'R2 - std': 0.02663747711109474} 
 

Finished cross validation
Hyperparam was saved!!! Hurrah!!!
Trial 54 finished with value: 70.30577907479794 and parameters: {'max_depth': 4, 'n_estimators': 19}. Best is trial 2 with value: 70.07952306095325.
{'MSE - mean': 78.40268679759451, 'MSE - std': 0.0, 'R2 - mean': 0.5431214621101073, 'R2 - std': 0.0} 
 

{'MSE - mean': 74.83039050808688, 'MSE - std': 3.5722962895076265, 'R2 - mean': 0.5442481024290442, 'R2 - std': 0.0011266403189369445} 
 

{'MSE - mean': 70.61700871941967, 'MSE - std': 6.634207265943548, 'R2 - mean': 0.5568360743870058, 'R2 - std': 0.017825832050735343} 
 

{'MSE - mean': 73.21787674611714, 'MSE - std': 7.3008953569076125, 'R2 - mean': 0.546244453556078, 'R2 - std': 0.023976394885474265} 
 

{'MSE - mean': 72.06597848268916, 'MSE - std': 6.924589290865248, 'R2 - mean': 0.5523822367872409, 'R2 - std': 0.024709988695552486} 
 

Finished cross validation
Hyperparam was saved!!! Hurrah!!!
Trial 55 finished with value: 72.06597848268916 and parameters: {'max_depth': 8, 'n_estimators': 75}. Best is trial 2 with value: 70.07952306095325.
{'MSE - mean': 76.20318117116706, 'MSE - std': 0.0, 'R2 - mean': 0.5559387130963782, 'R2 - std': 0.0} 
 

{'MSE - mean': 73.38946318307964, 'MSE - std': 2.8137179880874186, 'R2 - mean': 0.5528334146816681, 'R2 - std': 0.003105298414710078} 
 

{'MSE - mean': 69.26557067703688, 'MSE - std': 6.2682521285535335, 'R2 - mean': 0.5651863620895949, 'R2 - std': 0.017652739300807636} 
 

{'MSE - mean': 71.98545623550604, 'MSE - std': 7.187598410724145, 'R2 - mean': 0.5538186208868419, 'R2 - std': 0.02492771597589757} 
 

{'MSE - mean': 70.43501531166694, 'MSE - std': 7.1375573527878196, 'R2 - mean': 0.5624868690552347, 'R2 - std': 0.028242997791583676} 
 

Finished cross validation
Hyperparam was saved!!! Hurrah!!!
Trial 56 finished with value: 70.43501531166694 and parameters: {'max_depth': 5, 'n_estimators': 26}. Best is trial 2 with value: 70.07952306095325.
{'MSE - mean': 76.0089208709897, 'MSE - std': 0.0, 'R2 - mean': 0.5570707324893388, 'R2 - std': 0.0} 
 

{'MSE - mean': 73.25411213924284, 'MSE - std': 2.7548087317468557, 'R2 - mean': 0.5536432729379954, 'R2 - std': 0.0034274595513433814} 
 

{'MSE - mean': 68.93076114284621, 'MSE - std': 6.514755695733588, 'R2 - mean': 0.5673700884448126, 'R2 - std': 0.019613326606344128} 
 

{'MSE - mean': 71.738749321314, 'MSE - std': 7.448887444616448, 'R2 - mean': 0.5554300464120254, 'R2 - std': 0.026762020601208775} 
 

{'MSE - mean': 70.25974892515663, 'MSE - std': 7.28961645200805, 'R2 - mean': 0.5636374142409767, 'R2 - std': 0.029024268191402088} 
 

Finished cross validation
Hyperparam was saved!!! Hurrah!!!
Trial 57 finished with value: 70.25974892515663 and parameters: {'max_depth': 4, 'n_estimators': 54}. Best is trial 2 with value: 70.07952306095325.
{'MSE - mean': 81.40648913677737, 'MSE - std': 0.0, 'R2 - mean': 0.5256173066163161, 'R2 - std': 0.0} 
 

{'MSE - mean': 76.09473721346569, 'MSE - std': 5.311751923311675, 'R2 - mean': 0.5370116175504165, 'R2 - std': 0.011394310934100316} 
 

{'MSE - mean': 71.75005080476369, 'MSE - std': 7.520798205185621, 'R2 - mean': 0.5500616571535143, 'R2 - std': 0.020667864308151256} 
 

{'MSE - mean': 74.24166918131023, 'MSE - std': 7.8132125681678195, 'R2 - mean': 0.5401208478878856, 'R2 - std': 0.024836052984762703} 
 

{'MSE - mean': 72.3203118677443, 'MSE - std': 7.975179509821315, 'R2 - mean': 0.5510248832696687, 'R2 - std': 0.031129657446208152} 
 

Finished cross validation
Hyperparam was saved!!! Hurrah!!!
Trial 58 finished with value: 72.3203118677443 and parameters: {'max_depth': 6, 'n_estimators': 12}. Best is trial 2 with value: 70.07952306095325.
{'MSE - mean': 75.94394783001168, 'MSE - std': 0.0, 'R2 - mean': 0.5574493520134494, 'R2 - std': 0.0} 
 

{'MSE - mean': 73.08753457385146, 'MSE - std': 2.8564132561602307, 'R2 - mean': 0.5546880809624227, 'R2 - std': 0.002761271051026637} 
 

{'MSE - mean': 68.86229479919818, 'MSE - std': 6.4144134649971045, 'R2 - mean': 0.5677804058498181, 'R2 - std': 0.018652104987348005} 
 

{'MSE - mean': 71.64448897006643, 'MSE - std': 7.353933524868996, 'R2 - mean': 0.555994934235849, 'R2 - std': 0.026031092732255914} 
 

{'MSE - mean': 70.36697256253213, 'MSE - std': 7.056377492497918, 'R2 - mean': 0.5629439447255566, 'R2 - std': 0.027115479310027193} 
 

Finished cross validation
Hyperparam was saved!!! Hurrah!!!
Trial 59 finished with value: 70.36697256253213 and parameters: {'max_depth': 4, 'n_estimators': 6}. Best is trial 2 with value: 70.07952306095325.
{'MSE - mean': 76.25554018816197, 'MSE - std': 0.0, 'R2 - mean': 0.5556335996862761, 'R2 - std': 0.0} 
 

{'MSE - mean': 72.87706396181154, 'MSE - std': 3.378476226350429, 'R2 - mean': 0.5561169798130932, 'R2 - std': 0.0004833801268170901} 
 

{'MSE - mean': 68.70076462044052, 'MSE - std': 6.5186159153725765, 'R2 - mean': 0.5688756032648149, 'R2 - std': 0.01804773436372688} 
 

{'MSE - mean': 71.77186210108331, 'MSE - std': 7.756557502909584, 'R2 - mean': 0.5553270250568709, 'R2 - std': 0.02819543316067452} 
 

{'MSE - mean': 70.21781798537586, 'MSE - std': 7.602076025074617, 'R2 - mean': 0.5639841018699139, 'R2 - std': 0.030590290562238085} 
 

Finished cross validation
Hyperparam was saved!!! Hurrah!!!
Trial 60 finished with value: 70.21781798537586 and parameters: {'max_depth': 3, 'n_estimators': 46}. Best is trial 2 with value: 70.07952306095325.
{'MSE - mean': 76.24815922409316, 'MSE - std': 0.0, 'R2 - mean': 0.5556766110193021, 'R2 - std': 0.0} 
 

{'MSE - mean': 72.8852388083832, 'MSE - std': 3.362920415709958, 'R2 - mean': 0.5560627849135292, 'R2 - std': 0.00038617389422712645} 
 

{'MSE - mean': 68.64093594508257, 'MSE - std': 6.600583515046956, 'R2 - mean': 0.5692782183301921, 'R2 - std': 0.018692104776212005} 
 

{'MSE - mean': 71.75168242202581, 'MSE - std': 7.85531717919629, 'R2 - mean': 0.5554810159543182, 'R2 - std': 0.028864068769425537} 
 

{'MSE - mean': 70.24600988481507, 'MSE - std': 7.644148451322989, 'R2 - mean': 0.5638292427069496, 'R2 - std': 0.030745392051400224} 
 

Finished cross validation
Hyperparam was saved!!! Hurrah!!!
Trial 61 finished with value: 70.24600988481507 and parameters: {'max_depth': 3, 'n_estimators': 46}. Best is trial 2 with value: 70.07952306095325.
{'MSE - mean': 77.21134796285963, 'MSE - std': 0.0, 'R2 - mean': 0.5500637898182161, 'R2 - std': 0.0} 
 

{'MSE - mean': 73.5439705436011, 'MSE - std': 3.6673774192585284, 'R2 - mean': 0.5521262413590441, 'R2 - std': 0.0020624515408279587} 
 

{'MSE - mean': 69.31710880592566, 'MSE - std': 6.685742919754025, 'R2 - mean': 0.5650608275013814, 'R2 - std': 0.01836961735001387} 
 

{'MSE - mean': 72.12526843553327, 'MSE - std': 7.5618549515218, 'R2 - mean': 0.5531182580649782, 'R2 - std': 0.02609515329365561} 
 

{'MSE - mean': 70.58286592872417, 'MSE - std': 7.4337972946757, 'R2 - mean': 0.5617007986938084, 'R2 - std': 0.028972497906076266} 
 

Finished cross validation
Hyperparam was saved!!! Hurrah!!!
Trial 62 finished with value: 70.58286592872417 and parameters: {'max_depth': 6, 'n_estimators': 38}. Best is trial 2 with value: 70.07952306095325.
{'MSE - mean': 76.20344101963666, 'MSE - std': 0.0, 'R2 - mean': 0.5559371988729032, 'R2 - std': 0.0} 
 

{'MSE - mean': 72.89466791124843, 'MSE - std': 3.3087731083882232, 'R2 - mean': 0.5559902707091738, 'R2 - std': 5.307183627067946e-05} 
 

{'MSE - mean': 68.59871122727445, 'MSE - std': 6.648995461698722, 'R2 - mean': 0.5695559222512604, 'R2 - std': 0.019184777331758777} 
 

{'MSE - mean': 71.7440157968506, 'MSE - std': 7.926895861146259, 'R2 - mean': 0.5555454579340988, 'R2 - std': 0.029409540834553063} 
 

{'MSE - mean': 70.3287721264823, 'MSE - std': 7.634147036888688, 'R2 - mean': 0.5633232861001443, 'R2 - std': 0.030560028102106056} 
 

Finished cross validation
Hyperparam was saved!!! Hurrah!!!
Trial 63 finished with value: 70.3287721264823 and parameters: {'max_depth': 3, 'n_estimators': 32}. Best is trial 2 with value: 70.07952306095325.
{'MSE - mean': 83.7818623012498, 'MSE - std': 0.0, 'R2 - mean': 0.5117752169806793, 'R2 - std': 0.0} 
 

{'MSE - mean': 78.35918438728646, 'MSE - std': 5.422677913963341, 'R2 - mean': 0.5232208610694375, 'R2 - std': 0.0114456440887582} 
 

{'MSE - mean': 75.11996575271313, 'MSE - std': 6.3709260366285525, 'R2 - mean': 0.5283646344221207, 'R2 - std': 0.011842803201884399} 
 

{'MSE - mean': 78.08348479194956, 'MSE - std': 7.535838321706112, 'R2 - mean': 0.5159714160637736, 'R2 - std': 0.023790009974607604} 
 

{'MSE - mean': 77.4264524618412, 'MSE - std': 6.867157585198257, 'R2 - mean': 0.5189572931931216, 'R2 - std': 0.022100531862373738} 
 

Finished cross validation
Hyperparam was saved!!! Hurrah!!!
Trial 64 finished with value: 77.4264524618412 and parameters: {'max_depth': 2, 'n_estimators': 48}. Best is trial 2 with value: 70.07952306095325.
{'MSE - mean': 79.09382893952612, 'MSE - std': 0.0, 'R2 - mean': 0.5390939469294733, 'R2 - std': 0.0} 
 

{'MSE - mean': 74.86198286786865, 'MSE - std': 4.231846071657479, 'R2 - mean': 0.5442375229184813, 'R2 - std': 0.005143575989007998} 
 

{'MSE - mean': 70.01462810616566, 'MSE - std': 7.676764324098038, 'R2 - mean': 0.5610192499378394, 'R2 - std': 0.024101666044922494} 
 

{'MSE - mean': 72.8334750383632, 'MSE - std': 8.248468157620952, 'R2 - mean': 0.5489780254612111, 'R2 - std': 0.029506626209978352} 
 

{'MSE - mean': 71.13634577873142, 'MSE - std': 8.121008093421821, 'R2 - mean': 0.55847067816418, 'R2 - std': 0.03251083840187818} 
 

Finished cross validation
Hyperparam was saved!!! Hurrah!!!
Trial 65 finished with value: 71.13634577873142 and parameters: {'max_depth': 5, 'n_estimators': 8}. Best is trial 2 with value: 70.07952306095325.
{'MSE - mean': 76.2189859032205, 'MSE - std': 0.0, 'R2 - mean': 0.5558466136650035, 'R2 - std': 0.0} 
 

{'MSE - mean': 73.2073429573295, 'MSE - std': 3.0116429458909977, 'R2 - mean': 0.5539997054111976, 'R2 - std': 0.0018469082538059567} 
 

{'MSE - mean': 68.93596911167059, 'MSE - std': 6.521957621331813, 'R2 - mean': 0.5673631459236984, 'R2 - std': 0.018958827268433114} 
 

{'MSE - mean': 71.93528039830396, 'MSE - std': 7.673952892298409, 'R2 - mean': 0.5542704975227073, 'R2 - std': 0.02799696724650076} 
 

{'MSE - mean': 70.38666694044532, 'MSE - std': 7.530236182352819, 'R2 - mean': 0.5628998451298438, 'R2 - std': 0.03041260759126842} 
 

Finished cross validation
Hyperparam was saved!!! Hurrah!!!
Trial 66 finished with value: 70.38666694044532 and parameters: {'max_depth': 3, 'n_estimators': 58}. Best is trial 2 with value: 70.07952306095325.
{'MSE - mean': 76.43519740025735, 'MSE - std': 0.0, 'R2 - mean': 0.5545866773455226, 'R2 - std': 0.0} 
 

{'MSE - mean': 73.1213669081323, 'MSE - std': 3.3138304921250565, 'R2 - mean': 0.5546079753517317, 'R2 - std': 2.1298006209091724e-05} 
 

{'MSE - mean': 68.86277374473634, 'MSE - std': 6.602439939118769, 'R2 - mean': 0.5678753771358295, 'R2 - std': 0.018762947599051113} 
 

{'MSE - mean': 71.86861205814662, 'MSE - std': 7.7330040580196595, 'R2 - mean': 0.5547252157381501, 'R2 - std': 0.027978856057898294} 
 

{'MSE - mean': 70.35835224880455, 'MSE - std': 7.547384989248564, 'R2 - mean': 0.563106706387917, 'R2 - std': 0.03012060177180055} 
 

Finished cross validation
Hyperparam was saved!!! Hurrah!!!
Trial 67 finished with value: 70.35835224880455 and parameters: {'max_depth': 3, 'n_estimators': 93}. Best is trial 2 with value: 70.07952306095325.
{'MSE - mean': 76.09975097800826, 'MSE - std': 0.0, 'R2 - mean': 0.5565414352396392, 'R2 - std': 0.0} 
 

{'MSE - mean': 73.43816979684212, 'MSE - std': 2.6615811811661487, 'R2 - mean': 0.5524940871915498, 'R2 - std': 0.004047348048089372} 
 

{'MSE - mean': 69.06862593950416, 'MSE - std': 6.550458251020167, 'R2 - mean': 0.5665020745364403, 'R2 - std': 0.02008402606693866} 
 

{'MSE - mean': 71.92374365057302, 'MSE - std': 7.525720490819848, 'R2 - mean': 0.5542900582727937, 'R2 - std': 0.02738477863638514} 
 

{'MSE - mean': 70.43885204328345, 'MSE - std': 7.35722688696989, 'R2 - mean': 0.5625303314430697, 'R2 - std': 0.029522013624652028} 
 

Finished cross validation
Hyperparam was saved!!! Hurrah!!!
