Trial 23 finished with value: 345526.6762182719 and parameters: {'max_depth': 9, 'n_estimators': 59}. Best is trial 22 with value: 294511.87029823137.
{'MSE - mean': 329046.3253473048, 'MSE - std': 0.0, 'R2 - mean': 0.9785991332963305, 'R2 - std': 0.0} 
 

{'MSE - mean': 331403.27181753225, 'MSE - std': 2356.946470227471, 'R2 - mean': 0.9787786245377162, 'R2 - std': 0.0001794912413857208} 
 

{'MSE - mean': 343553.5109635222, 'MSE - std': 17290.46231457789, 'R2 - mean': 0.9782096145204342, 'R2 - std': 0.0008179381822755644} 
 

{'MSE - mean': 344964.6486736001, 'MSE - std': 15172.14533938066, 'R2 - mean': 0.9782694387583653, 'R2 - std': 0.000715893826520595} 
 

{'MSE - mean': 344699.6871911213, 'MSE - std': 13580.722135005257, 'R2 - mean': 0.9783432856732622, 'R2 - std': 0.0006571275705975493} 
 

Finished cross validation
Hyperparam was saved!!! Hurrah!!!
Trial 24 finished with value: 344699.6871911213 and parameters: {'max_depth': 9, 'n_estimators': 45}. Best is trial 22 with value: 294511.87029823137.
{'MSE - mean': 476691.9886674342, 'MSE - std': 0.0, 'R2 - mean': 0.968996396791816, 'R2 - std': 0.0} 
 

{'MSE - mean': 479379.8693858627, 'MSE - std': 2687.8807184285542, 'R2 - mean': 0.9693022384993668, 'R2 - std': 0.0003058417075507691} 
 

{'MSE - mean': 493068.8067148304, 'MSE - std': 19483.081863430667, 'R2 - mean': 0.9687216471519928, 'R2 - std': 0.0008582144596054921} 
 

{'MSE - mean': 496936.2725634627, 'MSE - std': 18153.917908921707, 'R2 - mean': 0.9686949991601449, 'R2 - std': 0.0007446673018305187} 
 

{'MSE - mean': 493413.4585027539, 'MSE - std': 17700.075253523788, 'R2 - mean': 0.9689968776478629, 'R2 - std': 0.0008989694086675068} 
 

Finished cross validation
Hyperparam was saved!!! Hurrah!!!
Trial 25 finished with value: 493413.4585027539 and parameters: {'max_depth': 7, 'n_estimators': 29}. Best is trial 22 with value: 294511.87029823137.
{'MSE - mean': 296759.77443552, 'MSE - std': 0.0, 'R2 - mean': 0.9806990205132902, 'R2 - std': 0.0} 
 

{'MSE - mean': 301950.1357663856, 'MSE - std': 5190.36133086562, 'R2 - mean': 0.9806676871612734, 'R2 - std': 3.133335201671583e-05} 
 

{'MSE - mean': 312832.197017751, 'MSE - std': 15962.406292710584, 'R2 - mean': 0.9801599751209844, 'R2 - std': 0.0007184688935562871} 
 

{'MSE - mean': 314680.137716049, 'MSE - std': 14189.554801453514, 'R2 - mean': 0.9801792502331739, 'R2 - std': 0.0006231073367452452} 
 

{'MSE - mean': 314766.12753857684, 'MSE - std': 12692.688815577078, 'R2 - mean': 0.9802258279538449, 'R2 - std': 0.0005650558722252724} 
 

Finished cross validation
Hyperparam was saved!!! Hurrah!!!
Trial 26 finished with value: 314766.12753857684 and parameters: {'max_depth': 10, 'n_estimators': 71}. Best is trial 22 with value: 294511.87029823137.
{'MSE - mean': 285663.85982464475, 'MSE - std': 0.0, 'R2 - mean': 0.9814206884708095, 'R2 - std': 0.0} 
 

{'MSE - mean': 286515.05717163795, 'MSE - std': 851.1973469931982, 'R2 - mean': 0.9816518538503092, 'R2 - std': 0.00023116537949968707} 
 

{'MSE - mean': 299168.3659131589, 'MSE - std': 17907.972214412992, 'R2 - mean': 0.9810263744825406, 'R2 - std': 0.0009044743413318645} 
 

{'MSE - mean': 300347.25821413286, 'MSE - std': 15642.600896143453, 'R2 - mean': 0.9810811597724394, 'R2 - std': 0.0007890244987094257} 
 

{'MSE - mean': 300619.90891990147, 'MSE - std': 14001.790023645077, 'R2 - mean': 0.9811139443600376, 'R2 - std': 0.0007087644491556228} 
 

Finished cross validation
Hyperparam was saved!!! Hurrah!!!
Trial 27 finished with value: 300619.90891990147 and parameters: {'max_depth': 12, 'n_estimators': 19}. Best is trial 22 with value: 294511.87029823137.
{'MSE - mean': 475162.987325024, 'MSE - std': 0.0, 'R2 - mean': 0.9690958416158362, 'R2 - std': 0.0} 
 

{'MSE - mean': 476111.65562965337, 'MSE - std': 948.6683046293911, 'R2 - mean': 0.969509807287219, 'R2 - std': 0.00041396567138285434} 
 

{'MSE - mean': 493054.4115291406, 'MSE - std': 23973.192027221285, 'R2 - mean': 0.9687251180297243, 'R2 - std': 0.001160051513099442} 
 

{'MSE - mean': 494386.7252585308, 'MSE - std': 20889.246793531944, 'R2 - mean': 0.9688542837314245, 'R2 - std': 0.001029242911207208} 
 

{'MSE - mean': 491522.2481401564, 'MSE - std': 19542.502959642377, 'R2 - mean': 0.9691150787614689, 'R2 - std': 0.0010580779588478262} 
 

Finished cross validation
Hyperparam was saved!!! Hurrah!!!
Trial 28 finished with value: 491522.2481401564 and parameters: {'max_depth': 7, 'n_estimators': 42}. Best is trial 22 with value: 294511.87029823137.
{'MSE - mean': 297945.4695104625, 'MSE - std': 0.0, 'R2 - mean': 0.9806219040093351, 'R2 - std': 0.0} 
 

{'MSE - mean': 305647.2222496277, 'MSE - std': 7701.752739165182, 'R2 - mean': 0.9804334224322748, 'R2 - std': 0.00018848157706036206} 
 

{'MSE - mean': 317176.40773133066, 'MSE - std': 17475.379802639847, 'R2 - mean': 0.9798866499091337, 'R2 - std': 0.0007884186202255691} 
 

{'MSE - mean': 319483.11799682514, 'MSE - std': 15652.616751894799, 'R2 - mean': 0.9798789161588721, 'R2 - std': 0.0006829219378656055} 
 

{'MSE - mean': 320339.2214871497, 'MSE - std': 14104.438368469058, 'R2 - mean': 0.9798779763827484, 'R2 - std': 0.0006108268423138765} 
 

Finished cross validation
Hyperparam was saved!!! Hurrah!!!
Trial 29 finished with value: 320339.2214871497 and parameters: {'max_depth': 10, 'n_estimators': 17}. Best is trial 22 with value: 294511.87029823137.
{'MSE - mean': 820822.6998643877, 'MSE - std': 0.0, 'R2 - mean': 0.9466144556739761, 'R2 - std': 0.0} 
 

{'MSE - mean': 828549.760342693, 'MSE - std': 7727.0604783052695, 'R2 - mean': 0.946945727759761, 'R2 - std': 0.0003312720857850393} 
 

{'MSE - mean': 843489.220999271, 'MSE - std': 22049.48854680793, 'R2 - mean': 0.9464847538821708, 'R2 - std': 0.0007058007000479701} 
 

{'MSE - mean': 847993.0360080518, 'MSE - std': 20627.36065961468, 'R2 - mean': 0.946571424526025, 'R2 - std': 0.0006294055708837301} 
 

{'MSE - mean': 852151.5488439898, 'MSE - std': 20237.67087023861, 'R2 - mean': 0.9464560561718146, 'R2 - std': 0.0006084081908886818} 
 

Finished cross validation
Hyperparam was saved!!! Hurrah!!!
Trial 30 finished with value: 852151.5488439898 and parameters: {'max_depth': 5, 'n_estimators': 11}. Best is trial 22 with value: 294511.87029823137.
{'MSE - mean': 277689.76378424064, 'MSE - std': 0.0, 'R2 - mean': 0.9819393162544896, 'R2 - std': 0.0} 
 

{'MSE - mean': 280406.93392365787, 'MSE - std': 2717.170139417198, 'R2 - mean': 0.9820448907472326, 'R2 - std': 0.00010557449274301023} 
 

{'MSE - mean': 294780.15442311566, 'MSE - std': 20447.516819810375, 'R2 - mean': 0.9813081034783319, 'R2 - std': 0.0010455341258133616} 
 

{'MSE - mean': 297564.90032867464, 'MSE - std': 18353.205097418384, 'R2 - mean': 0.9812610554010655, 'R2 - std': 0.0009091186781183246} 
 

{'MSE - mean': 297732.21330904827, 'MSE - std': 16419.01593920687, 'R2 - mean': 0.9812990002274834, 'R2 - std': 0.0008166741431748732} 
 

Finished cross validation
Hyperparam was saved!!! Hurrah!!!
Trial 31 finished with value: 297732.21330904827 and parameters: {'max_depth': 12, 'n_estimators': 26}. Best is trial 22 with value: 294511.87029823137.
{'MSE - mean': 299911.041494525, 'MSE - std': 0.0, 'R2 - mean': 0.9804940650371692, 'R2 - std': 0.0} 
 

{'MSE - mean': 304036.5713009268, 'MSE - std': 4125.529806401813, 'R2 - mean': 0.9805330059547919, 'R2 - std': 3.8940917622742877e-05} 
 

{'MSE - mean': 317033.9656003976, 'MSE - std': 18687.19297471327, 'R2 - mean': 0.9798949892583925, 'R2 - std': 0.0009028518925119413} 
 

{'MSE - mean': 319283.02288625715, 'MSE - std': 16645.815149185804, 'R2 - mean': 0.9798909265166565, 'R2 - std': 0.000781924339351663} 
 

{'MSE - mean': 319091.24539753573, 'MSE - std': 14893.409415087333, 'R2 - mean': 0.9799552106672325, 'R2 - std': 0.0007110937674016569} 
 

Finished cross validation
Hyperparam was saved!!! Hurrah!!!
Trial 32 finished with value: 319091.24539753573 and parameters: {'max_depth': 10, 'n_estimators': 30}. Best is trial 22 with value: 294511.87029823137.
{'MSE - mean': 383182.0427306515, 'MSE - std': 0.0, 'R2 - mean': 0.9750781966306326, 'R2 - std': 0.0} 
 

{'MSE - mean': 387511.3439334674, 'MSE - std': 4329.30120281587, 'R2 - mean': 0.9751873184502711, 'R2 - std': 0.00010912181963856904} 
 

{'MSE - mean': 398077.1415997012, 'MSE - std': 15354.718924510422, 'R2 - mean': 0.9747484268996378, 'R2 - std': 0.0006270486164952873} 
 

{'MSE - mean': 399700.8667828493, 'MSE - std': 13591.72525285908, 'R2 - mean': 0.9748191836525826, 'R2 - std': 0.0005566974311494124} 
 

{'MSE - mean': 397412.9433781955, 'MSE - std': 12989.471517410411, 'R2 - mean': 0.9750283307310033, 'R2 - std': 0.0006503073315951968} 
 

Finished cross validation
Hyperparam was saved!!! Hurrah!!!
Trial 33 finished with value: 397412.9433781955 and parameters: {'max_depth': 8, 'n_estimators': 36}. Best is trial 22 with value: 294511.87029823137.
{'MSE - mean': 281364.46228651266, 'MSE - std': 0.0, 'R2 - mean': 0.9817003172845413, 'R2 - std': 0.0} 
 

{'MSE - mean': 288050.1420713498, 'MSE - std': 6685.679784837121, 'R2 - mean': 0.9815593613880843, 'R2 - std': 0.0001409558964570179} 
 

{'MSE - mean': 300764.68477445265, 'MSE - std': 18791.436039367487, 'R2 - mean': 0.9809290020776046, 'R2 - std': 0.0008988611853047293} 
 

{'MSE - mean': 302489.58558956883, 'MSE - std': 16545.827261947186, 'R2 - mean': 0.9809498034551377, 'R2 - std': 0.0007792699562779162} 
 

{'MSE - mean': 302679.7077754588, 'MSE - std': 14803.921967101358, 'R2 - mean': 0.9809873551864199, 'R2 - std': 0.000701034850699337} 
 

Finished cross validation
Hyperparam was saved!!! Hurrah!!!
Trial 34 finished with value: 302679.7077754588 and parameters: {'max_depth': 11, 'n_estimators': 49}. Best is trial 22 with value: 294511.87029823137.
{'MSE - mean': 271945.89921532286, 'MSE - std': 0.0, 'R2 - mean': 0.9823128918593033, 'R2 - std': 0.0} 
 

{'MSE - mean': 277558.34823254833, 'MSE - std': 5612.449017225445, 'R2 - mean': 0.9822302066656722, 'R2 - std': 8.26851936310824e-05} 
 

{'MSE - mean': 290314.12516634, 'MSE - std': 18612.345715051702, 'R2 - mean': 0.9815916472598843, 'R2 - std': 0.0009055794408023512} 
 

{'MSE - mean': 293055.612645889, 'MSE - std': 16803.625220886857, 'R2 - mean': 0.9815452892763682, 'R2 - std': 0.000788354476495175} 
 

{'MSE - mean': 293315.98633076734, 'MSE - std': 15038.638045858024, 'R2 - mean': 0.9815766637254605, 'R2 - std': 0.0007079121758462388} 
 

Finished cross validation
Hyperparam was saved!!! Hurrah!!!
Trial 35 finished with value: 293315.98633076734 and parameters: {'max_depth': 12, 'n_estimators': 58}. Best is trial 35 with value: 293315.98633076734.
{'MSE - mean': 620638.614735494, 'MSE - std': 0.0, 'R2 - mean': 0.9596342422268805, 'R2 - std': 0.0} 
 

{'MSE - mean': 616600.1684372749, 'MSE - std': 4038.446298219089, 'R2 - mean': 0.9605076706020391, 'R2 - std': 0.0008734283751585803} 
 

{'MSE - mean': 634776.3243841043, 'MSE - std': 25915.593549238292, 'R2 - mean': 0.9597279240759505, 'R2 - std': 0.0013132379985805612} 
 

{'MSE - mean': 636347.4285625657, 'MSE - std': 22607.932164966503, 'R2 - mean': 0.9599050256276398, 'R2 - std': 0.0011779390516996678} 
 

{'MSE - mean': 631864.912245108, 'MSE - std': 22119.373579866053, 'R2 - mean': 0.9602913416075729, 'R2 - std': 0.001306519220303325} 
 

Finished cross validation
Hyperparam was saved!!! Hurrah!!!
Trial 36 finished with value: 631864.912245108 and parameters: {'max_depth': 6, 'n_estimators': 63}. Best is trial 35 with value: 293315.98633076734.
{'MSE - mean': 350527.25862829346, 'MSE - std': 0.0, 'R2 - mean': 0.9772020333915326, 'R2 - std': 0.0} 
 

{'MSE - mean': 348622.4925535172, 'MSE - std': 1904.766074776242, 'R2 - mean': 0.9776716220912712, 'R2 - std': 0.0004695886997386767} 
 

{'MSE - mean': 360328.16037142323, 'MSE - std': 16627.20884552591, 'R2 - mean': 0.9771415640555676, 'R2 - std': 0.0008419810411816651} 
 

{'MSE - mean': 363984.8280496441, 'MSE - std': 15730.915771861017, 'R2 - mean': 0.9770710000678497, 'R2 - std': 0.000739348959808524} 
 

{'MSE - mean': 365359.52739785693, 'MSE - std': 14336.267366682876, 'R2 - mean': 0.9770461438544565, 'R2 - std': 0.000663159734055797} 
 

Finished cross validation
Hyperparam was saved!!! Hurrah!!!
Trial 37 finished with value: 365359.52739785693 and parameters: {'max_depth': 9, 'n_estimators': 5}. Best is trial 35 with value: 293315.98633076734.
{'MSE - mean': 279988.56413609855, 'MSE - std': 0.0, 'R2 - mean': 0.9817898044194721, 'R2 - std': 0.0} 
 

{'MSE - mean': 285696.3993304963, 'MSE - std': 5707.835194397747, 'R2 - mean': 0.9817091247737542, 'R2 - std': 8.06796457179515e-05} 
 

{'MSE - mean': 298606.4302185569, 'MSE - std': 18842.966418948665, 'R2 - mean': 0.9810655625907724, 'R2 - std': 0.0009125152255628161} 
 

{'MSE - mean': 300351.4815611147, 'MSE - std': 16596.04320805743, 'R2 - mean': 0.9810842799112625, 'R2 - std': 0.0007909260660276311} 
 

{'MSE - mean': 300409.99246231164, 'MSE - std': 14844.413569865357, 'R2 - mean': 0.9811296993151297, 'R2 - std': 0.0007132341288301914} 
 

Finished cross validation
Hyperparam was saved!!! Hurrah!!!
Trial 38 finished with value: 300409.99246231164 and parameters: {'max_depth': 11, 'n_estimators': 94}. Best is trial 35 with value: 293315.98633076734.
{'MSE - mean': 298439.5563137641, 'MSE - std': 0.0, 'R2 - mean': 0.9805897690635753, 'R2 - std': 0.0} 
 

{'MSE - mean': 303330.98474962974, 'MSE - std': 4891.428435865644, 'R2 - mean': 0.9805789567831078, 'R2 - std': 1.0812280467509261e-05} 
 

{'MSE - mean': 314576.15354696853, 'MSE - std': 16396.900845080912, 'R2 - mean': 0.980049499454612, 'R2 - std': 0.0007488177764551805} 
 

{'MSE - mean': 315631.85311117116, 'MSE - std': 14317.376599857043, 'R2 - mean': 0.9801183799124977, 'R2 - std': 0.0006593781913190178} 
 

{'MSE - mean': 315969.6604003801, 'MSE - std': 12823.660679395645, 'R2 - mean': 0.980149646130376, 'R2 - std': 0.0005930716523923174} 
 

Finished cross validation
Hyperparam was saved!!! Hurrah!!!
Trial 39 finished with value: 315969.6604003801 and parameters: {'max_depth': 10, 'n_estimators': 50}. Best is trial 35 with value: 293315.98633076734.
{'MSE - mean': 480370.6822655307, 'MSE - std': 0.0, 'R2 - mean': 0.9687571379845541, 'R2 - std': 0.0} 
 

{'MSE - mean': 479240.3011131092, 'MSE - std': 1130.3811524214689, 'R2 - mean': 0.9693073696260275, 'R2 - std': 0.0005502316414733865} 
 

{'MSE - mean': 495088.4965670253, 'MSE - std': 22431.72840697346, 'R2 - mean': 0.9685933807264977, 'R2 - std': 0.001105168254229116} 
 

{'MSE - mean': 494393.59992494003, 'MSE - std': 19463.69629650826, 'R2 - mean': 0.9688492080883717, 'R2 - std': 0.0010546992793526925} 
 

{'MSE - mean': 490861.59892633354, 'MSE - std': 18787.456002205243, 'R2 - mean': 0.9691524273723846, 'R2 - std': 0.001121463415668469} 
 

Finished cross validation
Hyperparam was saved!!! Hurrah!!!
Trial 40 finished with value: 490861.59892633354 and parameters: {'max_depth': 7, 'n_estimators': 73}. Best is trial 35 with value: 293315.98633076734.
{'MSE - mean': 278026.39032961393, 'MSE - std': 0.0, 'R2 - mean': 0.9819174223773316, 'R2 - std': 0.0} 
 

{'MSE - mean': 283211.1681154834, 'MSE - std': 5184.77778586949, 'R2 - mean': 0.9818677624012933, 'R2 - std': 4.9659976038340936e-05} 
 

{'MSE - mean': 295830.83816638886, 'MSE - std': 18342.121601566996, 'R2 - mean': 0.9812410542224909, 'R2 - std': 0.0008872262159311597} 
 

{'MSE - mean': 297269.7019864059, 'MSE - std': 16079.056437262248, 'R2 - mean': 0.9812776198593943, 'R2 - std': 0.0007709662159155272} 
 

{'MSE - mean': 297852.57365412137, 'MSE - std': 14428.71450456461, 'R2 - mean': 0.9812900898725323, 'R2 - std': 0.0006900240066672536} 
 

Finished cross validation
Hyperparam was saved!!! Hurrah!!!
Trial 41 finished with value: 297852.57365412137 and parameters: {'max_depth': 12, 'n_estimators': 28}. Best is trial 35 with value: 293315.98633076734.
{'MSE - mean': 275284.85709156527, 'MSE - std': 0.0, 'R2 - mean': 0.9820957291471435, 'R2 - std': 0.0} 
 

{'MSE - mean': 281208.31050313154, 'MSE - std': 5923.453411566268, 'R2 - mean': 0.9819967659084423, 'R2 - std': 9.89632387011774e-05} 
 

{'MSE - mean': 294812.90822479734, 'MSE - std': 19838.389346988515, 'R2 - mean': 0.9813072786666194, 'R2 - std': 0.000978424479294385} 
 

{'MSE - mean': 296516.84579637274, 'MSE - std': 17432.19661016676, 'R2 - mean': 0.9813266345424863, 'R2 - std': 0.0008480034174775395} 
 

{'MSE - mean': 296861.0300731779, 'MSE - std': 15607.018747666298, 'R2 - mean': 0.9813534986990062, 'R2 - std': 0.0007603779116103891} 
 

Finished cross validation
Hyperparam was saved!!! Hurrah!!!
Trial 42 finished with value: 296861.0300731779 and parameters: {'max_depth': 12, 'n_estimators': 35}. Best is trial 35 with value: 293315.98633076734.
{'MSE - mean': 296328.30927480565, 'MSE - std': 0.0, 'R2 - mean': 0.9807270826057083, 'R2 - std': 0.0} 
 

{'MSE - mean': 300518.84233850066, 'MSE - std': 4190.533063695009, 'R2 - mean': 0.9807583531364394, 'R2 - std': 3.127053073115338e-05} 
 

{'MSE - mean': 313286.091949946, 'MSE - std': 18376.952146294137, 'R2 - mean': 0.9801326525663671, 'R2 - std': 0.0008852425115032719} 
 

{'MSE - mean': 314631.83586383093, 'MSE - std': 16084.693272974255, 'R2 - mean': 0.9801827487278377, 'R2 - std': 0.0007715371697538309} 
 

{'MSE - mean': 315762.85872137116, 'MSE - std': 14563.335365418327, 'R2 - mean': 0.9801642659536075, 'R2 - std': 0.0006910731764599072} 
 

Finished cross validation
Hyperparam was saved!!! Hurrah!!!
Trial 43 finished with value: 315762.85872137116 and parameters: {'max_depth': 10, 'n_estimators': 38}. Best is trial 35 with value: 293315.98633076734.
{'MSE - mean': 280672.9446756108, 'MSE - std': 0.0, 'R2 - mean': 0.9817452929462465, 'R2 - std': 0.0} 
 

{'MSE - mean': 286581.64389807935, 'MSE - std': 5908.699222468538, 'R2 - mean': 0.9816526322256988, 'R2 - std': 9.266072054769925e-05} 
 

{'MSE - mean': 300151.6955206877, 'MSE - std': 19788.070979294032, 'R2 - mean': 0.9809683691960771, 'R2 - std': 0.0009706471003935452} 
 

{'MSE - mean': 301813.6741729388, 'MSE - std': 17377.063443884846, 'R2 - mean': 0.9809926698975961, 'R2 - std': 0.0008416581357117391} 
 

{'MSE - mean': 302041.4409189125, 'MSE - std': 15549.192194725912, 'R2 - mean': 0.9810277114766077, 'R2 - std': 0.0007560571294328709} 
 

Finished cross validation
Hyperparam was saved!!! Hurrah!!!
Trial 44 finished with value: 302041.4409189125 and parameters: {'max_depth': 11, 'n_estimators': 44}. Best is trial 35 with value: 293315.98633076734.
{'MSE - mean': 381502.5417066183, 'MSE - std': 0.0, 'R2 - mean': 0.975187429813851, 'R2 - std': 0.0} 
 

{'MSE - mean': 384307.8912938315, 'MSE - std': 2805.34958721319, 'R2 - mean': 0.975390954438971, 'R2 - std': 0.00020352462511991076} 
 

{'MSE - mean': 397683.5488444711, 'MSE - std': 19054.214425202972, 'R2 - mean': 0.9747756024122404, 'R2 - std': 0.0008859633639657555} 
 

{'MSE - mean': 399020.8098488608, 'MSE - std': 16663.19646714861, 'R2 - mean': 0.9748633174319108, 'R2 - std': 0.0007821637205498866} 
 

{'MSE - mean': 396817.19625547796, 'MSE - std': 15541.986510031522, 'R2 - mean': 0.9750668516258261, 'R2 - std': 0.0008094002353388488} 
 

Finished cross validation
Hyperparam was saved!!! Hurrah!!!
Trial 45 finished with value: 396817.19625547796 and parameters: {'max_depth': 8, 'n_estimators': 56}. Best is trial 35 with value: 293315.98633076734.
{'MSE - mean': 283773.0470220002, 'MSE - std': 0.0, 'R2 - mean': 0.9815436651754066, 'R2 - std': 0.0} 
 

{'MSE - mean': 290610.124222842, 'MSE - std': 6837.077200841799, 'R2 - mean': 0.9813955659878428, 'R2 - std': 0.00014809918756369944} 
 

{'MSE - mean': 302964.2259064661, 'MSE - std': 18341.521381431074, 'R2 - mean': 0.9807890834480997, 'R2 - std': 0.0008661780349702169} 
 

{'MSE - mean': 305653.42096403637, 'MSE - std': 16553.062106815836, 'R2 - mean': 0.980751415462039, 'R2 - std': 0.0007529640912555179} 
 

{'MSE - mean': 306076.6458986273, 'MSE - std': 14829.685413747653, 'R2 - mean': 0.9807748206250888, 'R2 - std': 0.0006750963966766247} 
 

Finished cross validation
Hyperparam was saved!!! Hurrah!!!
Trial 46 finished with value: 306076.6458986273 and parameters: {'max_depth': 11, 'n_estimators': 21}. Best is trial 35 with value: 293315.98633076734.
{'MSE - mean': 829501.4597497341, 'MSE - std': 0.0, 'R2 - mean': 0.9460499972097662, 'R2 - std': 0.0} 
 

{'MSE - mean': 818773.4200883444, 'MSE - std': 10728.039661389776, 'R2 - mean': 0.9475534228919321, 'R2 - std': 0.001503425682165882} 
 

{'MSE - mean': 829563.2913002659, 'MSE - std': 17594.59760430098, 'R2 - mean': 0.9473516489795846, 'R2 - std': 0.001260271641858229} 
 

{'MSE - mean': 831987.2709350665, 'MSE - std': 15805.202638774983, 'R2 - mean': 0.9475648178348913, 'R2 - std': 0.0011521876327545094} 
 

{'MSE - mean': 831809.1230877602, 'MSE - std': 14141.092283985397, 'R2 - mean': 0.9477193361056473, 'R2 - std': 0.0010758869163846048} 
 

Finished cross validation
Hyperparam was saved!!! Hurrah!!!
Trial 47 finished with value: 831809.1230877602 and parameters: {'max_depth': 5, 'n_estimators': 35}. Best is trial 35 with value: 293315.98633076734.
{'MSE - mean': 327093.02967870445, 'MSE - std': 0.0, 'R2 - mean': 0.9787261738283665, 'R2 - std': 0.0} 
 

{'MSE - mean': 328615.93566053186, 'MSE - std': 1522.9059818274109, 'R2 - mean': 0.9789562994931154, 'R2 - std': 0.000230125664748837} 
 

{'MSE - mean': 341109.4654014358, 'MSE - std': 17712.219864452105, 'R2 - mean': 0.978364578847828, 'R2 - std': 0.0008576548597789085} 
 

{'MSE - mean': 343278.47101812373, 'MSE - std': 15792.587042365494, 'R2 - mean': 0.9783765986151771, 'R2 - std': 0.0007430426086693584} 
 

{'MSE - mean': 343093.6507441074, 'MSE - std': 14130.154936422403, 'R2 - mean': 0.9784449950461604, 'R2 - std': 0.0006785293963592181} 
 

Finished cross validation
Hyperparam was saved!!! Hurrah!!!
