Trial 190 finished with value: 4099255.8402707153 and parameters: {'max_depth': 12, 'n_estimators': 94}. Best is trial 122 with value: 4094119.1518047363.
{'MSE - mean': 3925731.7780667897, 'MSE - std': 0.0, 'R2 - mean': 0.5400392962279038, 'R2 - std': 0.0} 
 

{'MSE - mean': 3938806.4709644774, 'MSE - std': 13074.692897687666, 'R2 - mean': 0.5232709136462825, 'R2 - std': 0.016768382581621222} 
 

{'MSE - mean': 4067331.0679448326, 'MSE - std': 182074.46037497435, 'R2 - mean': 0.5209273818777548, 'R2 - std': 0.014086756850647931} 
 

{'MSE - mean': 4154950.732982721, 'MSE - std': 218849.14654776186, 'R2 - mean': 0.5120683913986173, 'R2 - std': 0.019602874173327452} 
 

{'MSE - mean': 4099214.779262662, 'MSE - std': 225259.72854481832, 'R2 - mean': 0.513927557638388, 'R2 - std': 0.017923284774634927} 
 

Finished cross validation
Hyperparam was saved!!! Hurrah!!!
Trial 191 finished with value: 4099214.779262662 and parameters: {'max_depth': 12, 'n_estimators': 91}. Best is trial 122 with value: 4094119.1518047363.
{'MSE - mean': 3911919.174237493, 'MSE - std': 0.0, 'R2 - mean': 0.5416576581887858, 'R2 - std': 0.0} 
 

{'MSE - mean': 3942849.7713574786, 'MSE - std': 30930.597119985614, 'R2 - mean': 0.5227127455591234, 'R2 - std': 0.018944912629662358} 
 

{'MSE - mean': 4069166.7327430546, 'MSE - std': 180415.4946029751, 'R2 - mean': 0.5206514616044517, 'R2 - std': 0.015740740964577678} 
 

{'MSE - mean': 4148614.302856864, 'MSE - std': 208201.97455978423, 'R2 - mean': 0.5127597462487441, 'R2 - std': 0.019304551493157966} 
 

{'MSE - mean': 4095506.6026810007, 'MSE - std': 214383.2107240493, 'R2 - mean': 0.5143125914124795, 'R2 - std': 0.017543599376745253} 
 

Finished cross validation
Hyperparam was saved!!! Hurrah!!!
Trial 192 finished with value: 4095506.6026810007 and parameters: {'max_depth': 12, 'n_estimators': 100}. Best is trial 122 with value: 4094119.1518047363.
{'MSE - mean': 3922906.929444622, 'MSE - std': 0.0, 'R2 - mean': 0.5403702713005161, 'R2 - std': 0.0} 
 

{'MSE - mean': 3944695.7144621653, 'MSE - std': 21788.785017543472, 'R2 - mean': 0.5225245937589278, 'R2 - std': 0.01784567754158828} 
 

{'MSE - mean': 4079173.3254132173, 'MSE - std': 191010.35695104493, 'R2 - mean': 0.5195442777192435, 'R2 - std': 0.015168279577406428} 
 

{'MSE - mean': 4153849.5139629594, 'MSE - std': 209984.08691106603, 'R2 - mean': 0.5121936968597605, 'R2 - std': 0.01829345910207169} 
 

{'MSE - mean': 4096950.7592147454, 'MSE - std': 219600.83463477273, 'R2 - mean': 0.5141985781848404, 'R2 - std': 0.01684632640209588} 
 

Finished cross validation
Hyperparam was saved!!! Hurrah!!!
Trial 193 finished with value: 4096950.7592147454 and parameters: {'max_depth': 12, 'n_estimators': 95}. Best is trial 122 with value: 4094119.1518047363.
{'MSE - mean': 3993408.8241320266, 'MSE - std': 0.0, 'R2 - mean': 0.53210987478569, 'R2 - std': 0.0} 
 

{'MSE - mean': 4005465.3180937255, 'MSE - std': 12056.493961699074, 'R2 - mean': 0.5152077125607804, 'R2 - std': 0.016902162224909645} 
 

{'MSE - mean': 4152574.49797654, 'MSE - std': 208276.5652748467, 'R2 - mean': 0.5109872312413849, 'R2 - std': 0.015035967446521007} 
 

{'MSE - mean': 4229224.039143187, 'MSE - std': 223963.8413119139, 'R2 - mean': 0.5034089721004646, 'R2 - std': 0.01848919340075328} 
 

{'MSE - mean': 4169531.3763777106, 'MSE - std': 233196.69321043536, 'R2 - mean': 0.5056543603860003, 'R2 - std': 0.017136139947480894} 
 

Finished cross validation
Hyperparam was saved!!! Hurrah!!!
Trial 194 finished with value: 4169531.3763777106 and parameters: {'max_depth': 11, 'n_estimators': 95}. Best is trial 122 with value: 4094119.1518047363.
{'MSE - mean': 3906453.012800061, 'MSE - std': 0.0, 'R2 - mean': 0.5422981042517949, 'R2 - std': 0.0} 
 

{'MSE - mean': 3946215.1008438445, 'MSE - std': 39762.088043783326, 'R2 - mean': 0.5222714198810519, 'R2 - std': 0.02002668437074301} 
 

{'MSE - mean': 4073146.7931166515, 'MSE - std': 182420.73558181748, 'R2 - mean': 0.5201629849137827, 'R2 - std': 0.016621363380079517} 
 

{'MSE - mean': 4154660.459631584, 'MSE - std': 211875.9709447523, 'R2 - mean': 0.5120368844389502, 'R2 - std': 0.020132133946522038} 
 

{'MSE - mean': 4099665.1678850814, 'MSE - std': 219114.28549539376, 'R2 - mean': 0.5138180648058343, 'R2 - std': 0.01835572574947817} 
 

Finished cross validation
Hyperparam was saved!!! Hurrah!!!
Trial 195 finished with value: 4099665.1678850814 and parameters: {'max_depth': 12, 'n_estimators': 99}. Best is trial 122 with value: 4094119.1518047363.
{'MSE - mean': 3923085.5077740857, 'MSE - std': 0.0, 'R2 - mean': 0.5403493480641, 'R2 - std': 0.0} 
 

{'MSE - mean': 3940636.149432078, 'MSE - std': 17550.641657992033, 'R2 - mean': 0.5230322269313343, 'R2 - std': 0.017317121132765623} 
 

{'MSE - mean': 4075535.335989682, 'MSE - std': 191313.6981056977, 'R2 - mean': 0.5199869174685459, 'R2 - std': 0.014780717472421606} 
 

{'MSE - mean': 4153896.289299423, 'MSE - std': 214177.53225535312, 'R2 - mean': 0.512202462459446, 'R2 - std': 0.018591541789635502} 
 

{'MSE - mean': 4095737.742833282, 'MSE - std': 224114.43141085646, 'R2 - mean': 0.5143599925946574, 'R2 - std': 0.017179525198037077} 
 

Finished cross validation
Hyperparam was saved!!! Hurrah!!!
Trial 196 finished with value: 4095737.742833282 and parameters: {'max_depth': 12, 'n_estimators': 99}. Best is trial 122 with value: 4094119.1518047363.
{'MSE - mean': 3996316.1905069286, 'MSE - std': 0.0, 'R2 - mean': 0.5317692314713927, 'R2 - std': 0.0} 
 

{'MSE - mean': 4000816.1045688717, 'MSE - std': 4499.914061943069, 'R2 - mean': 0.5157994998729594, 'R2 - std': 0.01596973159843329} 
 

{'MSE - mean': 4138137.8101711036, 'MSE - std': 194236.97161814678, 'R2 - mean': 0.512650027127269, 'R2 - std': 0.013778966169577371} 
 

{'MSE - mean': 4219293.458081768, 'MSE - std': 219213.86457279715, 'R2 - mean': 0.5045516098654438, 'R2 - std': 0.018415971817057543} 
 

{'MSE - mean': 4160207.551374699, 'MSE - std': 228928.70554462593, 'R2 - mean': 0.5067387917973103, 'R2 - std': 0.017042695607962347} 
 

Finished cross validation
Hyperparam was saved!!! Hurrah!!!
Trial 197 finished with value: 4160207.551374699 and parameters: {'max_depth': 11, 'n_estimators': 100}. Best is trial 122 with value: 4094119.1518047363.
{'MSE - mean': 3920314.3899113196, 'MSE - std': 0.0, 'R2 - mean': 0.54067402774026, 'R2 - std': 0.0} 
 

{'MSE - mean': 3933917.4583359356, 'MSE - std': 13603.068424616009, 'R2 - mean': 0.5238605501620511, 'R2 - std': 0.016813477578208835} 
 

{'MSE - mean': 4068562.3112048265, 'MSE - std': 190740.2294270414, 'R2 - mean': 0.5208181202170237, 'R2 - std': 0.014386618045580411} 
 

{'MSE - mean': 4159110.929250828, 'MSE - std': 227779.57114616825, 'R2 - mean': 0.5116094839752348, 'R2 - std': 0.020239269462923527} 
 

{'MSE - mean': 4100887.8319825134, 'MSE - std': 234662.61450705855, 'R2 - mean': 0.5137648013472179, 'R2 - std': 0.01860870749434664} 
 

Finished cross validation
Hyperparam was saved!!! Hurrah!!!
Trial 198 finished with value: 4100887.8319825134 and parameters: {'max_depth': 12, 'n_estimators': 100}. Best is trial 122 with value: 4094119.1518047363.
{'MSE - mean': 6000168.455155794, 'MSE - std': 0.0, 'R2 - mean': 0.29698668645577664, 'R2 - std': 0.0} 
 

{'MSE - mean': 5830131.997493919, 'MSE - std': 170036.4576618746, 'R2 - mean': 0.2950866102038767, 'R2 - std': 0.0019000762518999181} 
 

{'MSE - mean': 6046850.522738348, 'MSE - std': 336465.1091238214, 'R2 - mean': 0.2884121814184308, 'R2 - std': 0.009565712679461} 
 

{'MSE - mean': 6057986.729397313, 'MSE - std': 292025.0375216693, 'R2 - mean': 0.28895455514279816, 'R2 - std': 0.00833724487286736} 
 

{'MSE - mean': 5970669.719602738, 'MSE - std': 314197.29284239473, 'R2 - mean': 0.292339295242616, 'R2 - std': 0.010071424121214522} 
 

Finished cross validation
Hyperparam was saved!!! Hurrah!!!
Trial 199 finished with value: 5970669.719602738 and parameters: {'max_depth': 2, 'n_estimators': 94}. Best is trial 122 with value: 4094119.1518047363.
Best parameters After Trials: {'max_depth': 12, 'n_estimators': 71}
Saved Losses
{'MSE - mean': 3948148.2090322557, 'MSE - std': 0.0, 'R2 - mean': 0.5374128617321645, 'R2 - std': 0.0} 
 

Saved Losses
{'MSE - mean': 3945672.6973569645, 'MSE - std': 2475.511675291462, 'R2 - mean': 0.5224999092174055, 'R2 - std': 0.014912952514758993} 
 

Saved Losses
{'MSE - mean': 4082694.8690825836, 'MSE - std': 193789.154824292, 'R2 - mean': 0.5192067354520645, 'R2 - std': 0.01303664407362692} 
 

Saved Losses
{'MSE - mean': 4152685.034032136, 'MSE - std': 207030.30445959268, 'R2 - mean': 0.5123837537337164, 'R2 - std': 0.01634395316664736} 
 

Saved Losses
{'MSE - mean': 4095026.0925539406, 'MSE - std': 218145.48288069008, 'R2 - mean': 0.5144732479593037, 'R2 - std': 0.015204071447013785} 
 

Saving model.....
Results After CV: {'MSE - mean': 4095026.0925539406, 'MSE - std': 218145.48288069008, 'R2 - mean': 0.5144732479593037, 'R2 - std': 0.015204071447013785}
Train time: 1940.5565323920455
Inference time: 2.1162523382809013
Finished cross validation
