Trial 115 finished with value: 4155704.2730154963 and parameters: {'max_depth': 11, 'n_estimators': 71}. Best is trial 111 with value: 4100073.173835228.
{'MSE - mean': 3912453.0714502595, 'MSE - std': 0.0, 'R2 - mean': 0.541595103803614, 'R2 - std': 0.0} 
 

{'MSE - mean': 3935571.92672759, 'MSE - std': 23118.85527733038, 'R2 - mean': 0.5236236364660716, 'R2 - std': 0.017971467337542346} 
 

{'MSE - mean': 4072905.62871819, 'MSE - std': 195134.34445130793, 'R2 - mean': 0.5202976876231928, 'R2 - std': 0.015409076229735301} 
 

{'MSE - mean': 4159069.8293150337, 'MSE - std': 225457.01958868047, 'R2 - mean': 0.5116033209059516, 'R2 - std': 0.020121027819968954} 
 

{'MSE - mean': 4103634.3962659216, 'MSE - std': 230123.97331616428, 'R2 - mean': 0.513416669535907, 'R2 - std': 0.018358582228500543} 
 

Finished cross validation
Hyperparam was saved!!! Hurrah!!!
Trial 116 finished with value: 4103634.3962659216 and parameters: {'max_depth': 12, 'n_estimators': 55}. Best is trial 111 with value: 4100073.173835228.
{'MSE - mean': 4825326.170211056, 'MSE - std': 0.0, 'R2 - mean': 0.4346377830547672, 'R2 - std': 0.0} 
 

{'MSE - mean': 4815114.610874679, 'MSE - std': 10211.559336377773, 'R2 - mean': 0.4173089220858354, 'R2 - std': 0.01732886096893177} 
 

{'MSE - mean': 4986132.868647707, 'MSE - std': 242000.01297416745, 'R2 - mean': 0.41285543391683793, 'R2 - std': 0.01548741624878661} 
 

{'MSE - mean': 5070321.987747166, 'MSE - std': 255316.3293521425, 'R2 - mean': 0.40466250168952145, 'R2 - std': 0.019526071340430606} 
 

{'MSE - mean': 5009723.4660495855, 'MSE - std': 258530.2027903318, 'R2 - mean': 0.40599755052233333, 'R2 - std': 0.01766758022869114} 
 

Finished cross validation
Hyperparam was saved!!! Hurrah!!!
Trial 117 finished with value: 5009723.4660495855 and parameters: {'max_depth': 5, 'n_estimators': 55}. Best is trial 111 with value: 4100073.173835228.
{'MSE - mean': 3934547.4966564244, 'MSE - std': 0.0, 'R2 - mean': 0.5390063973046, 'R2 - std': 0.0} 
 

{'MSE - mean': 3947008.2337431107, 'MSE - std': 12460.737086686539, 'R2 - mean': 0.5222806944306793, 'R2 - std': 0.016725702873920723} 
 

{'MSE - mean': 4084281.814011632, 'MSE - std': 194400.57868219397, 'R2 - mean': 0.5189826664429682, 'R2 - std': 0.014430987548786727} 
 

{'MSE - mean': 4170376.7463687155, 'MSE - std': 224901.53595894162, 'R2 - mean': 0.5102938977959175, 'R2 - std': 0.019562059018182126} 
 

{'MSE - mean': 4111629.7362481668, 'MSE - std': 232957.94790856182, 'R2 - mean': 0.5124988072918346, 'R2 - std': 0.01804399695093674} 
 

Finished cross validation
Hyperparam was saved!!! Hurrah!!!
Trial 118 finished with value: 4111629.7362481668 and parameters: {'max_depth': 12, 'n_estimators': 62}. Best is trial 111 with value: 4100073.173835228.
{'MSE - mean': 3998733.3809428047, 'MSE - std': 0.0, 'R2 - mean': 0.5314860199131684, 'R2 - std': 0.0} 
 

{'MSE - mean': 4008678.7214066843, 'MSE - std': 9945.340463879751, 'R2 - mean': 0.5148269625218969, 'R2 - std': 0.016659057391271548} 
 

{'MSE - mean': 4132877.926337698, 'MSE - std': 175831.80848646315, 'R2 - mean': 0.5131764648408793, 'R2 - std': 0.013800884535681316} 
 

{'MSE - mean': 4215292.642008646, 'MSE - std': 208720.32659538672, 'R2 - mean': 0.5049529487694484, 'R2 - std': 0.018593734434121927} 
 

{'MSE - mean': 4158906.467295368, 'MSE - std': 218103.05495901054, 'R2 - mean': 0.506825307187001, 'R2 - std': 0.017047125046190086} 
 

Finished cross validation
Hyperparam was saved!!! Hurrah!!!
Trial 119 finished with value: 4158906.467295368 and parameters: {'max_depth': 11, 'n_estimators': 64}. Best is trial 111 with value: 4100073.173835228.
{'MSE - mean': 4062235.902932513, 'MSE - std': 0.0, 'R2 - mean': 0.5240457090725554, 'R2 - std': 0.0} 
 

{'MSE - mean': 4073183.5045715105, 'MSE - std': 10947.601638997206, 'R2 - mean': 0.507016658734426, 'R2 - std': 0.01702905033812946} 
 

{'MSE - mean': 4209310.3847509585, 'MSE - std': 192719.8874079786, 'R2 - mean': 0.504229930805227, 'R2 - std': 0.01445189983064925} 
 

{'MSE - mean': 4292290.037137261, 'MSE - std': 220255.72497068564, 'R2 - mean': 0.4959518781104546, 'R2 - std': 0.01903211826856452} 
 

{'MSE - mean': 4237201.301796546, 'MSE - std': 225719.16744407656, 'R2 - mean': 0.49756274171550785, 'R2 - std': 0.01732503237651355} 
 

Finished cross validation
Hyperparam was saved!!! Hurrah!!!
Trial 120 finished with value: 4237201.301796546 and parameters: {'max_depth': 10, 'n_estimators': 49}. Best is trial 111 with value: 4100073.173835228.
{'MSE - mean': 3909893.7715028245, 'MSE - std': 0.0, 'R2 - mean': 0.5418949657074666, 'R2 - std': 0.0} 
 

{'MSE - mean': 3932396.985965483, 'MSE - std': 22503.21446265839, 'R2 - mean': 0.5240102448807515, 'R2 - std': 0.01788472082671505} 
 

{'MSE - mean': 4074703.4936341257, 'MSE - std': 202088.7940744344, 'R2 - mean': 0.5201175202461115, 'R2 - std': 0.015606049132583956} 
 

{'MSE - mean': 4172045.2270492036, 'MSE - std': 243014.71089339524, 'R2 - mean': 0.5101140875373388, 'R2 - std': 0.021974247996764236} 
 

{'MSE - mean': 4112862.311942526, 'MSE - std': 247498.2616718289, 'R2 - mean': 0.512367579671314, 'R2 - std': 0.020164497692979837} 
 

Finished cross validation
Hyperparam was saved!!! Hurrah!!!
Trial 121 finished with value: 4112862.311942526 and parameters: {'max_depth': 12, 'n_estimators': 73}. Best is trial 111 with value: 4100073.173835228.
{'MSE - mean': 3918262.226586262, 'MSE - std': 0.0, 'R2 - mean': 0.5409144706794649, 'R2 - std': 0.0} 
 

{'MSE - mean': 3937121.3399714455, 'MSE - std': 18859.11338518327, 'R2 - mean': 0.5234525482122956, 'R2 - std': 0.01746192246716921} 
 

{'MSE - mean': 4068157.745357282, 'MSE - std': 185952.117074977, 'R2 - mean': 0.5208303180573864, 'R2 - std': 0.014731983555185253} 
 

{'MSE - mean': 4152173.498713726, 'MSE - std': 217047.42067035058, 'R2 - mean': 0.5123912444178237, 'R2 - std': 0.019401736939887053} 
 

{'MSE - mean': 4094119.1518047363, 'MSE - std': 226205.426627743, 'R2 - mean': 0.5145406972543002, 'R2 - std': 0.017877989456664592} 
 

Finished cross validation
Hyperparam was saved!!! Hurrah!!!
Trial 122 finished with value: 4094119.1518047363 and parameters: {'max_depth': 12, 'n_estimators': 71}. Best is trial 122 with value: 4094119.1518047363.
{'MSE - mean': 3930222.3735676073, 'MSE - std': 0.0, 'R2 - mean': 0.5395131529293596, 'R2 - std': 0.0} 
 

{'MSE - mean': 3947697.2714459067, 'MSE - std': 17474.897878299467, 'R2 - mean': 0.5221779742349049, 'R2 - std': 0.017335178694454723} 
 

{'MSE - mean': 4080969.8540422246, 'MSE - std': 189015.1949298157, 'R2 - mean': 0.5193360760854314, 'R2 - std': 0.014713657502348348} 
 

{'MSE - mean': 4160079.781081128, 'MSE - std': 213471.77706682647, 'R2 - mean': 0.5114688749587901, 'R2 - std': 0.01865602713664923} 
 

{'MSE - mean': 4102492.0918983296, 'MSE - std': 222983.24480757143, 'R2 - mean': 0.5135499284968292, 'R2 - std': 0.017197703745891635} 
 

Finished cross validation
Hyperparam was saved!!! Hurrah!!!
Trial 123 finished with value: 4102492.0918983296 and parameters: {'max_depth': 12, 'n_estimators': 75}. Best is trial 122 with value: 4094119.1518047363.
{'MSE - mean': 3994150.755191168, 'MSE - std': 0.0, 'R2 - mean': 0.5320229459909059, 'R2 - std': 0.0} 
 

{'MSE - mean': 4000810.570097088, 'MSE - std': 6659.814905920066, 'R2 - mean': 0.5157918421627874, 'R2 - std': 0.016231103828118543} 
 

{'MSE - mean': 4133142.1199220903, 'MSE - std': 187224.05538434812, 'R2 - mean': 0.5132033670071109, 'R2 - std': 0.013748923409339558} 
 

{'MSE - mean': 4223146.836530079, 'MSE - std': 224927.05977932966, 'R2 - mean': 0.5040814837631917, 'R2 - std': 0.019783855360722625} 
 

{'MSE - mean': 4163090.5759939067, 'MSE - std': 234309.11953044805, 'R2 - mean': 0.5063873468547813, 'R2 - std': 0.018286299919224064} 
 

Finished cross validation
Hyperparam was saved!!! Hurrah!!!
Trial 124 finished with value: 4163090.5759939067 and parameters: {'max_depth': 11, 'n_estimators': 74}. Best is trial 122 with value: 4094119.1518047363.
{'MSE - mean': 3934856.6823912365, 'MSE - std': 0.0, 'R2 - mean': 0.5389701713736856, 'R2 - std': 0.0} 
 

{'MSE - mean': 3946190.760940832, 'MSE - std': 11334.078549595317, 'R2 - mean': 0.5223839697174841, 'R2 - std': 0.016586201656201505} 
 

{'MSE - mean': 4083347.9402340925, 'MSE - std': 194190.17625619713, 'R2 - mean': 0.5190950211862401, 'R2 - std': 0.014319069632339903} 
 

{'MSE - mean': 4161185.521157354, 'MSE - std': 215542.18943809034, 'R2 - mean': 0.5113670248382884, 'R2 - std': 0.01824671474577583} 
 

{'MSE - mean': 4105680.7061168468, 'MSE - std': 222463.22463035551, 'R2 - mean': 0.5131839514066269, 'R2 - std': 0.0167200169805508} 
 

Finished cross validation
Hyperparam was saved!!! Hurrah!!!
Trial 125 finished with value: 4105680.7061168468 and parameters: {'max_depth': 12, 'n_estimators': 89}. Best is trial 122 with value: 4094119.1518047363.
{'MSE - mean': 4599122.204179904, 'MSE - std': 0.0, 'R2 - mean': 0.46114110556728083, 'R2 - std': 0.0} 
 

{'MSE - mean': 4595369.947799295, 'MSE - std': 3752.2563806097023, 'R2 - mean': 0.4438777582539418, 'R2 - std': 0.017263347313339006} 
 

{'MSE - mean': 4734132.096749423, 'MSE - std': 196263.22693722392, 'R2 - mean': 0.44237054755059857, 'R2 - std': 0.014255717280534293} 
 

{'MSE - mean': 4830154.544271567, 'MSE - std': 237803.22110999245, 'R2 - mean': 0.4327578510974134, 'R2 - std': 0.020727539788651533} 
 

{'MSE - mean': 4771940.370475086, 'MSE - std': 242478.57162944862, 'R2 - mean': 0.4341105133952106, 'R2 - std': 0.018735621305941103} 
 

Finished cross validation
Hyperparam was saved!!! Hurrah!!!
Trial 126 finished with value: 4771940.370475086 and parameters: {'max_depth': 6, 'n_estimators': 91}. Best is trial 122 with value: 4094119.1518047363.
{'MSE - mean': 3977279.6843133057, 'MSE - std': 0.0, 'R2 - mean': 0.5339996550665809, 'R2 - std': 0.0} 
 

{'MSE - mean': 3992594.0938508725, 'MSE - std': 15314.409537567059, 'R2 - mean': 0.5167528413342386, 'R2 - std': 0.017246813732342214} 
 

{'MSE - mean': 4122579.9855428687, 'MSE - std': 184252.59338993355, 'R2 - mean': 0.5144128240217979, 'R2 - std': 0.014465582762444} 
 

{'MSE - mean': 4200262.941376609, 'MSE - std': 208723.9528884685, 'R2 - mean': 0.5067311207494563, 'R2 - std': 0.018274723225968473} 
 

{'MSE - mean': 4145647.9706219947, 'MSE - std': 216295.4713571682, 'R2 - mean': 0.5084003080304041, 'R2 - std': 0.016682840043113576} 
 

Finished cross validation
Hyperparam was saved!!! Hurrah!!!
Trial 127 finished with value: 4145647.9706219947 and parameters: {'max_depth': 11, 'n_estimators': 69}. Best is trial 122 with value: 4094119.1518047363.
{'MSE - mean': 3915371.280704578, 'MSE - std': 0.0, 'R2 - mean': 0.5412531900768867, 'R2 - std': 0.0} 
 

{'MSE - mean': 3931561.488479284, 'MSE - std': 16190.207774706185, 'R2 - mean': 0.5241356975006037, 'R2 - std': 0.017117492576282867} 
 

{'MSE - mean': 4067583.674418155, 'MSE - std': 192818.09740539448, 'R2 - mean': 0.5209353248377441, 'R2 - std': 0.014690942961399459} 
 

{'MSE - mean': 4154725.4375048066, 'MSE - std': 225089.25926580178, 'R2 - mean': 0.5121226514242952, 'R2 - std': 0.019871021410527503} 
 

{'MSE - mean': 4096890.6019040784, 'MSE - std': 232188.74336477782, 'R2 - mean': 0.5142356960829133, 'R2 - std': 0.018268711624944176} 
 

Finished cross validation
Hyperparam was saved!!! Hurrah!!!
Trial 128 finished with value: 4096890.6019040784 and parameters: {'max_depth': 12, 'n_estimators': 88}. Best is trial 122 with value: 4094119.1518047363.
{'MSE - mean': 4041517.6896347487, 'MSE - std': 0.0, 'R2 - mean': 0.5264731708830087, 'R2 - std': 0.0} 
 

{'MSE - mean': 4054847.2966487147, 'MSE - std': 13329.607013965957, 'R2 - mean': 0.5092265428955035, 'R2 - std': 0.017246627987505203} 
 

{'MSE - mean': 4196666.636327139, 'MSE - std': 200857.91618889742, 'R2 - mean': 0.5057501278140005, 'R2 - std': 0.014915373777774866} 
 

{'MSE - mean': 4284208.51606004, 'MSE - std': 230756.7311982885, 'R2 - mean': 0.4969288282880735, 'R2 - std': 0.020007430049269505} 
 

{'MSE - mean': 4228160.954083634, 'MSE - std': 234870.7133906908, 'R2 - mean': 0.4986622749219662, 'R2 - std': 0.018227922390424683} 
 

Finished cross validation
Hyperparam was saved!!! Hurrah!!!
Trial 129 finished with value: 4228160.954083634 and parameters: {'max_depth': 10, 'n_estimators': 85}. Best is trial 122 with value: 4094119.1518047363.
{'MSE - mean': 3981795.0533094485, 'MSE - std': 0.0, 'R2 - mean': 0.5334706091666903, 'R2 - std': 0.0} 
 

{'MSE - mean': 4003716.308310517, 'MSE - std': 21921.25500106858, 'R2 - mean': 0.5153813460544214, 'R2 - std': 0.01808926311226894} 
 

{'MSE - mean': 4135658.456396945, 'MSE - std': 187450.85177330143, 'R2 - mean': 0.512864911499722, 'R2 - std': 0.015192515011218485} 
 

{'MSE - mean': 4211400.405331887, 'MSE - std': 208719.65613782583, 'R2 - mean': 0.5054154531969488, 'R2 - std': 0.018428040354005183} 
 

{'MSE - mean': 4154043.763177164, 'MSE - std': 219112.42202050905, 'R2 - mean': 0.5074112639457642, 'R2 - std': 0.01695898520582595} 
 

Finished cross validation
Hyperparam was saved!!! Hurrah!!!
Trial 130 finished with value: 4154043.763177164 and parameters: {'max_depth': 11, 'n_estimators': 75}. Best is trial 122 with value: 4094119.1518047363.
{'MSE - mean': 3913631.6901238635, 'MSE - std': 0.0, 'R2 - mean': 0.5414570102441867, 'R2 - std': 0.0} 
 

{'MSE - mean': 3938495.4877630332, 'MSE - std': 24863.797639169497, 'R2 - mean': 0.5232630962792001, 'R2 - std': 0.018193913964986597} 
 

{'MSE - mean': 4080033.646751981, 'MSE - std': 201192.04719700656, 'R2 - mean': 0.5194779657683124, 'R2 - std': 0.01579029542300572} 
 

{'MSE - mean': 4158080.6961575, 'MSE - std': 220528.24230518538, 'R2 - mean': 0.511726335695853, 'R2 - std': 0.01916411695070021} 
 

{'MSE - mean': 4099551.780634201, 'MSE - std': 229365.86566598262, 'R2 - mean': 0.5139214869847086, 'R2 - std': 0.017694221077062144} 
 

Finished cross validation
Hyperparam was saved!!! Hurrah!!!
Trial 131 finished with value: 4099551.780634201 and parameters: {'max_depth': 12, 'n_estimators': 93}. Best is trial 122 with value: 4094119.1518047363.
{'MSE - mean': 3929679.4914169246, 'MSE - std': 0.0, 'R2 - mean': 0.5395767600401379, 'R2 - std': 0.0} 
 

{'MSE - mean': 3948826.278440488, 'MSE - std': 19146.787023563404, 'R2 - mean': 0.5220348946019527, 'R2 - std': 0.017541865438185145} 
 

{'MSE - mean': 4084532.832364, 'MSE - std': 192553.72546679137, 'R2 - mean': 0.5189263062990269, 'R2 - std': 0.01498236756463314} 
 

{'MSE - mean': 4163821.5709016426, 'MSE - std': 216027.3479678612, 'R2 - mean': 0.5110369845858453, 'R2 - std': 0.018843505370911187} 
 

{'MSE - mean': 4106000.6213889993, 'MSE - std': 225182.81654290666, 'R2 - mean': 0.5131408127613358, 'R2 - std': 0.017371428487571148} 
 

Finished cross validation
Hyperparam was saved!!! Hurrah!!!
Trial 132 finished with value: 4106000.6213889993 and parameters: {'max_depth': 12, 'n_estimators': 80}. Best is trial 122 with value: 4094119.1518047363.
{'MSE - mean': 3902739.261447908, 'MSE - std': 0.0, 'R2 - mean': 0.5427332281426105, 'R2 - std': 0.0} 
 

{'MSE - mean': 3935882.4098827355, 'MSE - std': 33143.14843482757, 'R2 - mean': 0.5235474127905728, 'R2 - std': 0.019185815352037727} 
 

{'MSE - mean': 4074876.562914884, 'MSE - std': 198421.42360734227, 'R2 - mean': 0.5200495428290437, 'R2 - std': 0.016427635121461035} 
 

{'MSE - mean': 4156465.401737813, 'MSE - std': 222482.61026694774, 'R2 - mean': 0.5118926848589601, 'R2 - std': 0.02005002225922059} 
 

{'MSE - mean': 4097186.2282551615, 'MSE - std': 231635.25451040652, 'R2 - mean': 0.5141870977729814, 'R2 - std': 0.018511078751825987} 
 

Finished cross validation
Hyperparam was saved!!! Hurrah!!!
Trial 133 finished with value: 4097186.2282551615 and parameters: {'max_depth': 12, 'n_estimators': 90}. Best is trial 122 with value: 4094119.1518047363.
{'MSE - mean': 3974792.1899213004, 'MSE - std': 0.0, 'R2 - mean': 0.5342911038297309, 'R2 - std': 0.0} 
 

{'MSE - mean': 3994910.4553214023, 'MSE - std': 20118.265400101896, 'R2 - mean': 0.5164539914628896, 'R2 - std': 0.017837112366841212} 
 

{'MSE - mean': 4119331.220896037, 'MSE - std': 176722.61753237864, 'R2 - mean': 0.5147497746285575, 'R2 - std': 0.014762015278919568} 
 

{'MSE - mean': 4207442.491491971, 'MSE - std': 216134.10346058593, 'R2 - mean': 0.5058639171839711, 'R2 - std': 0.020007828690236033} 
 

{'MSE - mean': 4151520.0963245407, 'MSE - std': 223339.243457163, 'R2 - mean': 0.5076906799790877, 'R2 - std': 0.018264687688453757} 
 

Finished cross validation
Hyperparam was saved!!! Hurrah!!!
Trial 134 finished with value: 4151520.0963245407 and parameters: {'max_depth': 11, 'n_estimators': 90}. Best is trial 122 with value: 4094119.1518047363.
{'MSE - mean': 3943340.943134587, 'MSE - std': 0.0, 'R2 - mean': 0.5379761079065124, 'R2 - std': 0.0} 
 

{'MSE - mean': 3957518.9283355996, 'MSE - std': 14177.985201013042, 'R2 - mean': 0.521002057798821, 'R2 - std': 0.01697405010769132} 
 

{'MSE - mean': 4081114.9912691824, 'MSE - std': 175174.15254998207, 'R2 - mean': 0.5192683815262119, 'R2 - std': 0.014074451494653703} 
 

{'MSE - mean': 4162676.170333013, 'MSE - std': 207294.87591846054, 'R2 - mean': 0.5111283996689808, 'R2 - std': 0.01863720881904448} 
 

{'MSE - mean': 4103927.819891537, 'MSE - std': 219504.91380380953, 'R2 - mean': 0.5133567452687687, 'R2 - std': 0.017255101810772132} 
 

Finished cross validation
Hyperparam was saved!!! Hurrah!!!
Trial 135 finished with value: 4103927.819891537 and parameters: {'max_depth': 12, 'n_estimators': 80}. Best is trial 122 with value: 4094119.1518047363.
{'MSE - mean': 3949436.645044235, 'MSE - std': 0.0, 'R2 - mean': 0.5372619013588282, 'R2 - std': 0.0} 
 

{'MSE - mean': 3959113.396269162, 'MSE - std': 9676.751224927139, 'R2 - mean': 0.5208264480498717, 'R2 - std': 0.01643545330895657} 
 

{'MSE - mean': 4091722.675081644, 'MSE - std': 187704.2034616676, 'R2 - mean': 0.518083561477539, 'R2 - std': 0.01396887983380534} 
 

{'MSE - mean': 4164154.244336358, 'MSE - std': 205337.88659666653, 'R2 - mean': 0.5109941916124867, 'R2 - std': 0.017237305419032328} 
 

{'MSE - mean': 4104231.2646790384, 'MSE - std': 219303.37913865887, 'R2 - mean': 0.5133579181263779, 'R2 - std': 0.016126021537164355} 
 

Finished cross validation
Hyperparam was saved!!! Hurrah!!!
Trial 136 finished with value: 4104231.2646790384 and parameters: {'max_depth': 12, 'n_estimators': 80}. Best is trial 122 with value: 4094119.1518047363.
{'MSE - mean': 3930294.879607131, 'MSE - std': 0.0, 'R2 - mean': 0.5395046577160205, 'R2 - std': 0.0} 
 

{'MSE - mean': 3949291.723841765, 'MSE - std': 18996.844234633958, 'R2 - mean': 0.5219791439937088, 'R2 - std': 0.017525513722311703} 
 

{'MSE - mean': 4083561.7643712643, 'MSE - std': 190518.9604602038, 'R2 - mean': 0.5190324829319951, 'R2 - std': 0.014903960669763704} 
 

{'MSE - mean': 4165749.3066193834, 'MSE - std': 217916.227077028, 'R2 - mean': 0.510807288736927, 'R2 - std': 0.0192238781564528} 
 

{'MSE - mean': 4108132.5853490634, 'MSE - std': 226425.99651664658, 'R2 - mean': 0.5128842315549937, 'R2 - std': 0.017689001073474733} 
 

Finished cross validation
Hyperparam was saved!!! Hurrah!!!
Trial 137 finished with value: 4108132.5853490634 and parameters: {'max_depth': 12, 'n_estimators': 79}. Best is trial 122 with value: 4094119.1518047363.
{'MSE - mean': 3975487.70072653, 'MSE - std': 0.0, 'R2 - mean': 0.5342096138916659, 'R2 - std': 0.0} 
 

{'MSE - mean': 3985834.5825994397, 'MSE - std': 10346.88187290961, 'R2 - mean': 0.5175900370993525, 'R2 - std': 0.016619576792313406} 
 

{'MSE - mean': 4124222.151466617, 'MSE - std': 195891.83344454024, 'R2 - mean': 0.5142831335050898, 'R2 - std': 0.014353098780422383} 
 

{'MSE - mean': 4217779.483701621, 'MSE - std': 234604.20084152522, 'R2 - mean': 0.5047372727710415, 'R2 - std': 0.020685235191120224} 
 

{'MSE - mean': 4159619.6880724095, 'MSE - std': 239919.88694670398, 'R2 - mean': 0.5068103560279393, 'R2 - std': 0.018960323327667356} 
 

Finished cross validation
Hyperparam was saved!!! Hurrah!!!
Trial 138 finished with value: 4159619.6880724095 and parameters: {'max_depth': 11, 'n_estimators': 96}. Best is trial 122 with value: 4094119.1518047363.
{'MSE - mean': 3972865.6410941468, 'MSE - std': 0.0, 'R2 - mean': 0.5345168290714144, 'R2 - std': 0.0} 
 

{'MSE - mean': 3993605.2988086073, 'MSE - std': 20739.657714460278, 'R2 - mean': 0.5166095471566359, 'R2 - std': 0.017907281914778528} 
 

{'MSE - mean': 4132133.846897342, 'MSE - std': 196639.4489225253, 'R2 - mean': 0.5133239377092732, 'R2 - std': 0.01534180419414331} 
 

{'MSE - mean': 4212225.110869848, 'MSE - std': 219645.4787801401, 'R2 - mean': 0.5053558124195903, 'R2 - std': 0.019157277438217303} 
 

{'MSE - mean': 4156456.6601773454, 'MSE - std': 225911.0210888659, 'R2 - mean': 0.507147077300737, 'R2 - std': 0.01750530041369136} 
 

Finished cross validation
Hyperparam was saved!!! Hurrah!!!
Trial 139 finished with value: 4156456.6601773454 and parameters: {'max_depth': 11, 'n_estimators': 87}. Best is trial 122 with value: 4094119.1518047363.
{'MSE - mean': 5528629.211342167, 'MSE - std': 0.0, 'R2 - mean': 0.3522348630256704, 'R2 - std': 0.0} 
 

{'MSE - mean': 5413675.235272905, 'MSE - std': 114953.97606926179, 'R2 - mean': 0.34527429357604983, 'R2 - std': 0.0069605694496205905} 
 

{'MSE - mean': 5626293.0804891335, 'MSE - std': 314995.7258200065, 'R2 - mean': 0.33785876394137926, 'R2 - std': 0.01192811151163569} 
 

{'MSE - mean': 5641044.779195421, 'MSE - std': 273988.26308405586, 'R2 - mean': 0.33786320211864773, 'R2 - std': 0.010330050448461726} 
 

{'MSE - mean': 5566161.976442328, 'MSE - std': 287202.70061210927, 'R2 - mean': 0.3402275225593009, 'R2 - std': 0.01037920991205843} 
 

Finished cross validation
Hyperparam was saved!!! Hurrah!!!
