Trial 93 finished with value: 70.21111397439805 and parameters: {'max_depth': 4, 'n_estimators': 31}. Best is trial 2 with value: 70.07952306095325.
{'MSE - mean': 76.2947455162314, 'MSE - std': 0.0, 'R2 - mean': 0.5554051371973299, 'R2 - std': 0.0} 
 

{'MSE - mean': 72.94808439567838, 'MSE - std': 3.346661120553023, 'R2 - mean': 0.5556747041956461, 'R2 - std': 0.00026956699831626185} 
 

{'MSE - mean': 68.85635563141373, 'MSE - std': 6.399316291435782, 'R2 - mean': 0.5678532317764825, 'R2 - std': 0.017224445196254524} 
 

{'MSE - mean': 71.68743216414924, 'MSE - std': 7.3998932256481735, 'R2 - mean': 0.555765514864097, 'R2 - std': 0.025706999721885056} 
 

{'MSE - mean': 70.13379388452705, 'MSE - std': 7.311764726550258, 'R2 - mean': 0.5644382493183147, 'R2 - std': 0.028801825626412893} 
 

Finished cross validation
Hyperparam was saved!!! Hurrah!!!
Trial 94 finished with value: 70.13379388452705 and parameters: {'max_depth': 4, 'n_estimators': 31}. Best is trial 2 with value: 70.07952306095325.
{'MSE - mean': 75.94020776123776, 'MSE - std': 0.0, 'R2 - mean': 0.5574711466383893, 'R2 - std': 0.0} 
 

{'MSE - mean': 74.6973529972907, 'MSE - std': 1.2428547639470722, 'R2 - mean': 0.5444164372136373, 'R2 - std': 0.013054709424751954} 
 

{'MSE - mean': 70.60353717271131, 'MSE - std': 5.877792781931866, 'R2 - mean': 0.556442734219314, 'R2 - std': 0.020071885763773466} 
 

{'MSE - mean': 72.97005431919656, 'MSE - std': 6.53548362436353, 'R2 - mean': 0.5473740226728057, 'R2 - std': 0.02342829562573434} 
 

{'MSE - mean': 71.3200703794081, 'MSE - std': 6.71266154142294, 'R2 - mean': 0.5567204911602283, 'R2 - std': 0.028080846167574405} 
 

Finished cross validation
Hyperparam was saved!!! Hurrah!!!
Trial 95 finished with value: 71.3200703794081 and parameters: {'max_depth': 4, 'n_estimators': 12}. Best is trial 2 with value: 70.07952306095325.
{'MSE - mean': 76.3540986253055, 'MSE - std': 0.0, 'R2 - mean': 0.5550592668859845, 'R2 - std': 0.0} 
 

{'MSE - mean': 73.00359974737418, 'MSE - std': 3.350498877931308, 'R2 - mean': 0.5553369180159009, 'R2 - std': 0.00027765112991645635} 
 

{'MSE - mean': 68.77837908008128, 'MSE - std': 6.57182429228376, 'R2 - mean': 0.5684008807562069, 'R2 - std': 0.018476624107057547} 
 

{'MSE - mean': 71.67094485231817, 'MSE - std': 7.5823786595393345, 'R2 - mean': 0.5559245880851909, 'R2 - std': 0.026888898550027403} 
 

{'MSE - mean': 70.11474938193325, 'MSE - std': 7.461966917475327, 'R2 - mean': 0.5646022254708479, 'R2 - std': 0.029658318471800567} 
 

Finished cross validation
Hyperparam was saved!!! Hurrah!!!
Trial 96 finished with value: 70.11474938193325 and parameters: {'max_depth': 4, 'n_estimators': 32}. Best is trial 2 with value: 70.07952306095325.
{'MSE - mean': 76.06379850238075, 'MSE - std': 0.0, 'R2 - mean': 0.5567509422752925, 'R2 - std': 0.0} 
 

{'MSE - mean': 72.90802508140979, 'MSE - std': 3.1557734209709665, 'R2 - mean': 0.5558664656500533, 'R2 - std': 0.0008844766252392722} 
 

{'MSE - mean': 69.19703764693533, 'MSE - std': 5.846548218164787, 'R2 - mean': 0.5655118131004567, 'R2 - std': 0.013659684750330331} 
 

{'MSE - mean': 71.9977459163074, 'MSE - std': 7.012025027114609, 'R2 - mean': 0.5536810381646633, 'R2 - std': 0.023660979425057748} 
 

{'MSE - mean': 70.52871997508412, 'MSE - std': 6.925817269366336, 'R2 - mean': 0.5618507921689139, 'R2 - std': 0.026736736521914457} 
 

Finished cross validation
Hyperparam was saved!!! Hurrah!!!
Trial 97 finished with value: 70.52871997508412 and parameters: {'max_depth': 4, 'n_estimators': 23}. Best is trial 2 with value: 70.07952306095325.
{'MSE - mean': 75.73422420790767, 'MSE - std': 0.0, 'R2 - mean': 0.5586714813274003, 'R2 - std': 0.0} 
 

{'MSE - mean': 73.30820022966998, 'MSE - std': 2.4260239782377013, 'R2 - mean': 0.5532222867026462, 'R2 - std': 0.005449194624754128} 
 

{'MSE - mean': 69.2265667586005, 'MSE - std': 6.102720033965642, 'R2 - mean': 0.5653436414412124, 'R2 - std': 0.01771017493143303} 
 

{'MSE - mean': 72.0397843047564, 'MSE - std': 7.188530638852602, 'R2 - mean': 0.5534357055524, 'R2 - std': 0.02570281178145065} 
 

{'MSE - mean': 70.52138955104071, 'MSE - std': 7.110700999832805, 'R2 - mean': 0.5619114146655038, 'R2 - std': 0.028563231726433613} 
 

Finished cross validation
Hyperparam was saved!!! Hurrah!!!
Trial 98 finished with value: 70.52138955104071 and parameters: {'max_depth': 5, 'n_estimators': 31}. Best is trial 2 with value: 70.07952306095325.
{'MSE - mean': 76.08812172828239, 'MSE - std': 0.0, 'R2 - mean': 0.5566092027464496, 'R2 - std': 0.0} 
 

{'MSE - mean': 73.84354273241988, 'MSE - std': 2.244578995862504, 'R2 - mean': 0.5499046022947808, 'R2 - std': 0.006704600451668874} 
 

{'MSE - mean': 69.37436355144004, 'MSE - std': 6.580720453150909, 'R2 - mean': 0.5645372255911949, 'R2 - std': 0.0214054924543648} 
 

{'MSE - mean': 72.20114431996943, 'MSE - std': 7.513419980399855, 'R2 - mean': 0.5525281885220373, 'R2 - std': 0.02786211126952879} 
 

{'MSE - mean': 70.75263926308966, 'MSE - std': 7.318049701984976, 'R2 - mean': 0.5605446918715936, 'R2 - std': 0.02963266946007846} 
 

Finished cross validation
Hyperparam was saved!!! Hurrah!!!
Trial 99 finished with value: 70.75263926308966 and parameters: {'max_depth': 4, 'n_estimators': 27}. Best is trial 2 with value: 70.07952306095325.
{'MSE - mean': 77.05117473407502, 'MSE - std': 0.0, 'R2 - mean': 0.5509971725065561, 'R2 - std': 0.0} 
 

{'MSE - mean': 73.45010821884787, 'MSE - std': 3.6010665152271457, 'R2 - mean': 0.5526808214677866, 'R2 - std': 0.0016836489612305217} 
 

{'MSE - mean': 69.16742805244907, 'MSE - std': 6.732593768134609, 'R2 - mean': 0.5660159964146186, 'R2 - std': 0.018908822392602942} 
 

{'MSE - mean': 71.97676318939028, 'MSE - std': 7.594271253385759, 'R2 - mean': 0.5540518377907362, 'R2 - std': 0.026411757759348634} 
 

{'MSE - mean': 70.55441798831836, 'MSE - std': 7.3641447690855575, 'R2 - mean': 0.5618809913819561, 'R2 - std': 0.02834161855241257} 
 

Finished cross validation
Hyperparam was saved!!! Hurrah!!!
Trial 100 finished with value: 70.55441798831836 and parameters: {'max_depth': 5, 'n_estimators': 32}. Best is trial 2 with value: 70.07952306095325.
{'MSE - mean': 76.14285037733111, 'MSE - std': 0.0, 'R2 - mean': 0.5562902807020735, 'R2 - std': 0.0} 
 

{'MSE - mean': 73.39811240618792, 'MSE - std': 2.744737971143188, 'R2 - mean': 0.5527615619625448, 'R2 - std': 0.003528718739528758} 
 

{'MSE - mean': 69.04961424316627, 'MSE - std': 6.5453237939587146, 'R2 - mean': 0.5666286839379661, 'R2 - std': 0.019821588762194513} 
 

{'MSE - mean': 71.8210671049022, 'MSE - std': 7.427906876792027, 'R2 - mean': 0.5549148753944638, 'R2 - std': 0.026576520983278496} 
 

{'MSE - mean': 70.31795875932548, 'MSE - std': 7.292213604277173, 'R2 - mean': 0.5632732193905594, 'R2 - std': 0.029060227657194675} 
 

Finished cross validation
Hyperparam was saved!!! Hurrah!!!
Trial 101 finished with value: 70.31795875932548 and parameters: {'max_depth': 4, 'n_estimators': 42}. Best is trial 2 with value: 70.07952306095325.
{'MSE - mean': 76.28012505002597, 'MSE - std': 0.0, 'R2 - mean': 0.555490335517643, 'R2 - std': 0.0} 
 

{'MSE - mean': 73.27181540346322, 'MSE - std': 3.0083096465627435, 'R2 - mean': 0.5536052666679019, 'R2 - std': 0.0018850688497412116} 
 

{'MSE - mean': 69.32222066569788, 'MSE - std': 6.101793326957431, 'R2 - mean': 0.5647930290701665, 'R2 - std': 0.015896573368220892} 
 

{'MSE - mean': 72.00021268144391, 'MSE - std': 7.031275493313789, 'R2 - mean': 0.5536898046076395, 'R2 - std': 0.023651016131113704} 
 

{'MSE - mean': 70.33631912423112, 'MSE - std': 7.115141258558185, 'R2 - mean': 0.5630768274496505, 'R2 - std': 0.028283586098179082} 
 

Finished cross validation
Hyperparam was saved!!! Hurrah!!!
Trial 102 finished with value: 70.33631912423112 and parameters: {'max_depth': 4, 'n_estimators': 35}. Best is trial 2 with value: 70.07952306095325.
{'MSE - mean': 76.08668230349603, 'MSE - std': 0.0, 'R2 - mean': 0.5566175907535276, 'R2 - std': 0.0} 
 

{'MSE - mean': 73.13166856888886, 'MSE - std': 2.955013734607178, 'R2 - mean': 0.5544459478856572, 'R2 - std': 0.002171642867870416} 
 

{'MSE - mean': 68.94124447014359, 'MSE - std': 6.398492976410016, 'R2 - mean': 0.5672861069319629, 'R2 - std': 0.018245092230494062} 
 

{'MSE - mean': 71.83408920767857, 'MSE - std': 7.470688475858686, 'R2 - mean': 0.5548428356253104, 'R2 - std': 0.026723913360645824} 
 

{'MSE - mean': 70.29720702961333, 'MSE - std': 7.355064674065106, 'R2 - mean': 0.5634110671733741, 'R2 - std': 0.029410753198290923} 
 

Finished cross validation
Hyperparam was saved!!! Hurrah!!!
Trial 103 finished with value: 70.29720702961333 and parameters: {'max_depth': 4, 'n_estimators': 38}. Best is trial 2 with value: 70.07952306095325.
{'MSE - mean': 75.99867092360219, 'MSE - std': 0.0, 'R2 - mean': 0.5571304623425763, 'R2 - std': 0.0} 
 

{'MSE - mean': 73.09953078411779, 'MSE - std': 2.899140139484402, 'R2 - mean': 0.5546266666756394, 'R2 - std': 0.002503795666936981} 
 

{'MSE - mean': 69.07098874971182, 'MSE - std': 6.169411982639145, 'R2 - mean': 0.5663905582696153, 'R2 - std': 0.016761790458186442} 
 

{'MSE - mean': 71.85650993466909, 'MSE - std': 7.198862269427438, 'R2 - mean': 0.5546199513972332, 'R2 - std': 0.025027180683321472} 
 

{'MSE - mean': 70.31151116301254, 'MSE - std': 7.14191705335688, 'R2 - mean': 0.5632555407633152, 'R2 - std': 0.02827333431279108} 
 

Finished cross validation
Hyperparam was saved!!! Hurrah!!!
Trial 104 finished with value: 70.31151116301254 and parameters: {'max_depth': 4, 'n_estimators': 48}. Best is trial 2 with value: 70.07952306095325.
{'MSE - mean': 78.35788519587041, 'MSE - std': 0.0, 'R2 - mean': 0.5433825359473301, 'R2 - std': 0.0} 
 

{'MSE - mean': 74.02987913127413, 'MSE - std': 4.328006064596281, 'R2 - mean': 0.5493429697109826, 'R2 - std': 0.005960433763652517} 
 

{'MSE - mean': 70.11931925320066, 'MSE - std': 6.562980632567095, 'R2 - mean': 0.5599907945855777, 'R2 - std': 0.01582519708842033} 
 

{'MSE - mean': 72.9219228085042, 'MSE - std': 7.474509759990173, 'R2 - mean': 0.5481471800983215, 'R2 - std': 0.024670655839148938} 
 

{'MSE - mean': 71.27773440504859, 'MSE - std': 7.45037307428174, 'R2 - mean': 0.5573630418259661, 'R2 - std': 0.02875137278738597} 
 

Finished cross validation
Hyperparam was saved!!! Hurrah!!!
Trial 105 finished with value: 71.27773440504859 and parameters: {'max_depth': 5, 'n_estimators': 7}. Best is trial 2 with value: 70.07952306095325.
{'MSE - mean': 75.96506781730187, 'MSE - std': 0.0, 'R2 - mean': 0.5573262788216045, 'R2 - std': 0.0} 
 

{'MSE - mean': 73.50682563373053, 'MSE - std': 2.4582421835713433, 'R2 - mean': 0.5520188481016587, 'R2 - std': 0.0053074307199457715} 
 

{'MSE - mean': 69.27597820647865, 'MSE - std': 6.3110043834105625, 'R2 - mean': 0.5650992387286786, 'R2 - std': 0.0189992750337711} 
 

{'MSE - mean': 72.00546455002367, 'MSE - std': 7.22647004728913, 'R2 - mean': 0.553680151595614, 'R2 - std': 0.025727728071367386} 
 

{'MSE - mean': 70.6862000985284, 'MSE - std': 6.981355903218949, 'R2 - mean': 0.5609011691845591, 'R2 - std': 0.027168091089563078} 
 

Finished cross validation
Hyperparam was saved!!! Hurrah!!!
Trial 106 finished with value: 70.6862000985284 and parameters: {'max_depth': 4, 'n_estimators': 25}. Best is trial 2 with value: 70.07952306095325.
{'MSE - mean': 83.32954387328655, 'MSE - std': 0.0, 'R2 - mean': 0.5144110269314532, 'R2 - std': 0.0} 
 

{'MSE - mean': 77.85854724138734, 'MSE - std': 5.470996631899212, 'R2 - mean': 0.5262899299199798, 'R2 - std': 0.011878902988526563} 
 

{'MSE - mean': 73.7079540125174, 'MSE - std': 7.376271714123857, 'R2 - mean': 0.5376577503884704, 'R2 - std': 0.018775699948289988} 
 

{'MSE - mean': 76.18979594822886, 'MSE - std': 7.699717948211212, 'R2 - mean': 0.5279432295304971, 'R2 - std': 0.02339895142759932} 
 

{'MSE - mean': 75.72756295919248, 'MSE - std': 6.948608675858696, 'R2 - mean': 0.5296883175405032, 'R2 - std': 0.021217682978581537} 
 

Finished cross validation
Hyperparam was saved!!! Hurrah!!!
Trial 107 finished with value: 75.72756295919248 and parameters: {'max_depth': 12, 'n_estimators': 9}. Best is trial 2 with value: 70.07952306095325.
{'MSE - mean': 75.9490744027183, 'MSE - std': 0.0, 'R2 - mean': 0.5574194777688507, 'R2 - std': 0.0} 
 

{'MSE - mean': 72.81923772980926, 'MSE - std': 3.129836672909036, 'R2 - mean': 0.5564012262118276, 'R2 - std': 0.0010182515570230088} 
 

{'MSE - mean': 68.7628981518451, 'MSE - std': 6.279997341526044, 'R2 - mean': 0.5683883894393115, 'R2 - std': 0.01697278376225505} 
 

{'MSE - mean': 71.65746078690339, 'MSE - std': 7.39690837458509, 'R2 - mean': 0.5559264461136149, 'R2 - std': 0.026114299451427604} 
 

{'MSE - mean': 70.13302663456815, 'MSE - std': 7.284710065666975, 'R2 - mean': 0.5644214332621157, 'R2 - std': 0.028882945405270595} 
 

Finished cross validation
Hyperparam was saved!!! Hurrah!!!
Trial 108 finished with value: 70.13302663456815 and parameters: {'max_depth': 4, 'n_estimators': 65}. Best is trial 2 with value: 70.07952306095325.
{'MSE - mean': 76.08108188109281, 'MSE - std': 0.0, 'R2 - mean': 0.5566502262779423, 'R2 - std': 0.0} 
 

{'MSE - mean': 73.06724850961085, 'MSE - std': 3.013833371481965, 'R2 - mean': 0.5548553990819082, 'R2 - std': 0.0017948271960340767} 
 

{'MSE - mean': 68.7637712789032, 'MSE - std': 6.564700572847472, 'R2 - mean': 0.5684632427885282, 'R2 - std': 0.01930011460579139} 
 

{'MSE - mean': 71.64488390770686, 'MSE - std': 7.564648051820626, 'R2 - mean': 0.5560618797132363, 'R2 - std': 0.02721676388226854} 
 

{'MSE - mean': 70.08618239214759, 'MSE - std': 7.449652460132476, 'R2 - mean': 0.5647604638347198, 'R2 - std': 0.029920950049298633} 
 

Finished cross validation
Hyperparam was saved!!! Hurrah!!!
Trial 109 finished with value: 70.08618239214759 and parameters: {'max_depth': 4, 'n_estimators': 62}. Best is trial 2 with value: 70.07952306095325.
{'MSE - mean': 76.19765743740767, 'MSE - std': 0.0, 'R2 - mean': 0.5559709017305534, 'R2 - std': 0.0} 
 

{'MSE - mean': 73.37220093167741, 'MSE - std': 2.8254565057302514, 'R2 - mean': 0.5529420211704058, 'R2 - std': 0.0030288805601476065} 
 

{'MSE - mean': 68.99778621705413, 'MSE - std': 6.602510469627534, 'R2 - mean': 0.5669812296403923, 'R2 - std': 0.020007869132566598} 
 

{'MSE - mean': 71.86768115682993, 'MSE - std': 7.57652620085275, 'R2 - mean': 0.5546669993663105, 'R2 - std': 0.027480118670573133} 
 

{'MSE - mean': 70.37514477159722, 'MSE - std': 7.404975277658983, 'R2 - mean': 0.562950148110526, 'R2 - std': 0.029640643552295266} 
 

Finished cross validation
Hyperparam was saved!!! Hurrah!!!
Trial 110 finished with value: 70.37514477159722 and parameters: {'max_depth': 4, 'n_estimators': 61}. Best is trial 2 with value: 70.07952306095325.
{'MSE - mean': 75.9300633364801, 'MSE - std': 0.0, 'R2 - mean': 0.557530261576159, 'R2 - std': 0.0} 
 

{'MSE - mean': 73.11560787872847, 'MSE - std': 2.8144554577516274, 'R2 - mean': 0.5545051372043134, 'R2 - std': 0.0030251243718456555} 
 

{'MSE - mean': 68.93359336388521, 'MSE - std': 6.345018819554297, 'R2 - mean': 0.567305026602963, 'R2 - std': 0.018269517113088062} 
 

{'MSE - mean': 71.77246317368264, 'MSE - std': 7.3737367227418495, 'R2 - mean': 0.5551919429160479, 'R2 - std': 0.02627759180133698} 
 

{'MSE - mean': 70.20379630408571, 'MSE - std': 7.303455182044558, 'R2 - mean': 0.5639669891265965, 'R2 - std': 0.029332834992397253} 
 

Finished cross validation
Hyperparam was saved!!! Hurrah!!!
Trial 111 finished with value: 70.20379630408571 and parameters: {'max_depth': 4, 'n_estimators': 70}. Best is trial 2 with value: 70.07952306095325.
{'MSE - mean': 76.07561821748342, 'MSE - std': 0.0, 'R2 - mean': 0.5566820648633701, 'R2 - std': 0.0} 
 

{'MSE - mean': 72.9412288589995, 'MSE - std': 3.134389358483922, 'R2 - mean': 0.5556578922643067, 'R2 - std': 0.0010241725990633999} 
 

{'MSE - mean': 68.81780473098584, 'MSE - std': 6.368269061999646, 'R2 - mean': 0.5680704110621432, 'R2 - std': 0.01757385934150691} 
 

{'MSE - mean': 71.69999593018196, 'MSE - std': 7.438898874207588, 'R2 - mean': 0.5556798409873958, 'R2 - std': 0.026309866579821036} 
 

{'MSE - mean': 70.17794592026351, 'MSE - std': 7.316851652132935, 'R2 - mean': 0.5641558449612069, 'R2 - std': 0.02900237640288524} 
 

Finished cross validation
Hyperparam was saved!!! Hurrah!!!
Trial 112 finished with value: 70.17794592026351 and parameters: {'max_depth': 4, 'n_estimators': 78}. Best is trial 2 with value: 70.07952306095325.
{'MSE - mean': 75.97555884447821, 'MSE - std': 0.0, 'R2 - mean': 0.5572651441162382, 'R2 - std': 0.0} 
 

{'MSE - mean': 73.05691891770219, 'MSE - std': 2.9186399267760237, 'R2 - mean': 0.5548921431346789, 'R2 - std': 0.0023730009815592368} 
 

{'MSE - mean': 68.90549645603532, 'MSE - std': 6.336212558927596, 'R2 - mean': 0.5674889029003959, 'R2 - std': 0.0179195647909212} 
 

{'MSE - mean': 71.72193135703645, 'MSE - std': 7.342180115515105, 'R2 - mean': 0.5555063895287438, 'R2 - std': 0.025914763781047213} 
 

{'MSE - mean': 70.15975628916343, 'MSE - std': 7.272389624440424, 'R2 - mean': 0.5642412152130579, 'R2 - std': 0.029024966914768385} 
 

Finished cross validation
Hyperparam was saved!!! Hurrah!!!
Trial 113 finished with value: 70.15975628916343 and parameters: {'max_depth': 4, 'n_estimators': 72}. Best is trial 2 with value: 70.07952306095325.
{'MSE - mean': 76.40841685552218, 'MSE - std': 0.0, 'R2 - mean': 0.5547427364886752, 'R2 - std': 0.0} 
 

{'MSE - mean': 73.91619335035242, 'MSE - std': 2.492223505169754, 'R2 - mean': 0.549529597980151, 'R2 - std': 0.005213138508524229} 
 

{'MSE - mean': 69.313616644298, 'MSE - std': 6.819692808578458, 'R2 - mean': 0.5650210387729927, 'R2 - std': 0.022317870666402666} 
 

{'MSE - mean': 72.05263151387416, 'MSE - std': 7.575471263875967, 'R2 - mean': 0.5535080113042645, 'R2 - std': 0.027770756521902265} 
 

{'MSE - mean': 70.47427359229039, 'MSE - std': 7.47496266280664, 'R2 - mean': 0.5623292051821389, 'R2 - std': 0.03046679799327817} 
 

Finished cross validation
Hyperparam was saved!!! Hurrah!!!
Trial 114 finished with value: 70.47427359229039 and parameters: {'max_depth': 4, 'n_estimators': 78}. Best is trial 2 with value: 70.07952306095325.
{'MSE - mean': 75.9872290793433, 'MSE - std': 0.0, 'R2 - mean': 0.5571971377753873, 'R2 - std': 0.0} 
 

{'MSE - mean': 73.20953423061982, 'MSE - std': 2.7776948487234776, 'R2 - mean': 0.5539216851675924, 'R2 - std': 0.0032754526077948265} 
 

{'MSE - mean': 68.96252947318096, 'MSE - std': 6.4201109492879205, 'R2 - mean': 0.5671424356394179, 'R2 - std': 0.01888726764958747} 
 

{'MSE - mean': 71.79178964384027, 'MSE - std': 7.411309451825137, 'R2 - mean': 0.5550842359922095, 'R2 - std': 0.026528233933795532} 
 

{'MSE - mean': 70.23156807983965, 'MSE - std': 7.326607096580273, 'R2 - mean': 0.5638036174126633, 'R2 - std': 0.029446701104510253} 
 

Finished cross validation
Hyperparam was saved!!! Hurrah!!!
Trial 115 finished with value: 70.23156807983965 and parameters: {'max_depth': 4, 'n_estimators': 91}. Best is trial 2 with value: 70.07952306095325.
{'MSE - mean': 76.28698356875206, 'MSE - std': 0.0, 'R2 - mean': 0.5554503686474291, 'R2 - std': 0.0} 
 

{'MSE - mean': 73.26964076137713, 'MSE - std': 3.0173428073749378, 'R2 - mean': 0.5536210360152103, 'R2 - std': 0.0018293326322188497} 
 

{'MSE - mean': 69.02941646878357, 'MSE - std': 6.482944998055484, 'R2 - mean': 0.5667617695358107, 'R2 - std': 0.018643731569575776} 
 

{'MSE - mean': 71.83873692431592, 'MSE - std': 7.429554236391109, 'R2 - mean': 0.5548180206799376, 'R2 - std': 0.026242159883007137} 
 

{'MSE - mean': 70.37972337628818, 'MSE - std': 7.257651345614205, 'R2 - mean': 0.5628970308771101, 'R2 - std': 0.02849565558684898} 
 

Finished cross validation
Hyperparam was saved!!! Hurrah!!!
Trial 116 finished with value: 70.37972337628818 and parameters: {'max_depth': 4, 'n_estimators': 98}. Best is trial 2 with value: 70.07952306095325.
{'MSE - mean': 76.24135037274472, 'MSE - std': 0.0, 'R2 - mean': 0.5557162884611838, 'R2 - std': 0.0} 
 

{'MSE - mean': 73.55465594475967, 'MSE - std': 2.686694427985053, 'R2 - mean': 0.5517900351350677, 'R2 - std': 0.003926253326116014} 
 

{'MSE - mean': 69.17676452054069, 'MSE - std': 6.568415684984023, 'R2 - mean': 0.5658278390961977, 'R2 - std': 0.02010962100312823} 
 

{'MSE - mean': 71.91848988284688, 'MSE - std': 7.410076743529534, 'R2 - mean': 0.5543018964082653, 'R2 - std': 0.02649225749541928} 
 

{'MSE - mean': 70.32809382372281, 'MSE - std': 7.3515187801914355, 'R2 - mean': 0.5632080650797888, 'R2 - std': 0.029643736731144264} 
 

Finished cross validation
Hyperparam was saved!!! Hurrah!!!
Trial 117 finished with value: 70.32809382372281 and parameters: {'max_depth': 4, 'n_estimators': 64}. Best is trial 2 with value: 70.07952306095325.
{'MSE - mean': 76.18954099141773, 'MSE - std': 0.0, 'R2 - mean': 0.5560181989614037, 'R2 - std': 0.0} 
 

{'MSE - mean': 73.0338433994136, 'MSE - std': 3.155697592004138, 'R2 - mean': 0.5550984928867314, 'R2 - std': 0.0009197060746722885} 
 

{'MSE - mean': 68.76822007962646, 'MSE - std': 6.55972835876184, 'R2 - mean': 0.5684457246164052, 'R2 - std': 0.018890767476920586} 
 

{'MSE - mean': 71.65772880592824, 'MSE - std': 7.5710177085832315, 'R2 - mean': 0.5559917608291112, 'R2 - std': 0.0270730394294028} 
 

{'MSE - mean': 70.13257274547578, 'MSE - std': 7.427021701185758, 'R2 - mean': 0.5644778763185406, 'R2 - std': 0.02957052917275131} 
 

Finished cross validation
Hyperparam was saved!!! Hurrah!!!
