Trial 118 finished with value: 70.13257274547578 and parameters: {'max_depth': 4, 'n_estimators': 73}. Best is trial 2 with value: 70.07952306095325.
{'MSE - mean': 79.65077611222387, 'MSE - std': 0.0, 'R2 - mean': 0.5358484304766894, 'R2 - std': 0.0} 
 

{'MSE - mean': 75.77797562578895, 'MSE - std': 3.8728004864349117, 'R2 - mean': 0.5385474047583572, 'R2 - std': 0.002698974281667821} 
 

{'MSE - mean': 71.5000595664521, 'MSE - std': 6.826432989486636, 'R2 - mean': 0.5513464079015634, 'R2 - std': 0.01823417864986002} 
 

{'MSE - mean': 73.90846669504928, 'MSE - std': 7.235427783565871, 'R2 - mean': 0.5419575997718664, 'R2 - std': 0.022667445986812397} 
 

{'MSE - mean': 72.76636503990878, 'MSE - std': 6.8628504960880745, 'R2 - mean': 0.5480251043626972, 'R2 - std': 0.02362856182443312} 
 

Finished cross validation
Hyperparam was saved!!! Hurrah!!!
Trial 119 finished with value: 72.76636503990878 and parameters: {'max_depth': 9, 'n_estimators': 83}. Best is trial 2 with value: 70.07952306095325.
{'MSE - mean': 76.1003483808871, 'MSE - std': 0.0, 'R2 - mean': 0.5565379539743285, 'R2 - std': 0.0} 
 

{'MSE - mean': 73.17907216514801, 'MSE - std': 2.921276215739084, 'R2 - mean': 0.5541472901266992, 'R2 - std': 0.002390663847629315} 
 

{'MSE - mean': 68.856231589485, 'MSE - std': 6.562250968300338, 'R2 - mean': 0.567870786815063, 'R2 - std': 0.01950586847932282} 
 

{'MSE - mean': 71.6866572734889, 'MSE - std': 7.505416842935895, 'R2 - mean': 0.5557827673121039, 'R2 - std': 0.026902041286141175} 
 

{'MSE - mean': 70.10254298049264, 'MSE - std': 7.42311915316472, 'R2 - mean': 0.5646441541602457, 'R2 - std': 0.02988431976436278} 
 

Finished cross validation
Hyperparam was saved!!! Hurrah!!!
Trial 120 finished with value: 70.10254298049264 and parameters: {'max_depth': 4, 'n_estimators': 73}. Best is trial 2 with value: 70.07952306095325.
{'MSE - mean': 75.99130553713117, 'MSE - std': 0.0, 'R2 - mean': 0.5571733828997578, 'R2 - std': 0.0} 
 

{'MSE - mean': 73.54407172971653, 'MSE - std': 2.4472338074146407, 'R2 - mean': 0.5517884688431614, 'R2 - std': 0.005384914056596468} 
 

{'MSE - mean': 69.05387355566926, 'MSE - std': 6.657056017730653, 'R2 - mean': 0.566605334415987, 'R2 - std': 0.021410524135052345} 
 

{'MSE - mean': 71.82245484830224, 'MSE - std': 7.498828124390833, 'R2 - mean': 0.5549081904867427, 'R2 - std': 0.027464111784429122} 
 

{'MSE - mean': 70.29980948845139, 'MSE - std': 7.366120699447255, 'R2 - mean': 0.563388657592871, 'R2 - std': 0.0298512183710916} 
 

Finished cross validation
Hyperparam was saved!!! Hurrah!!!
Trial 121 finished with value: 70.29980948845139 and parameters: {'max_depth': 4, 'n_estimators': 69}. Best is trial 2 with value: 70.07952306095325.
{'MSE - mean': 76.23008529119247, 'MSE - std': 0.0, 'R2 - mean': 0.5557819338389001, 'R2 - std': 0.0} 
 

{'MSE - mean': 73.33987574393413, 'MSE - std': 2.89020954725833, 'R2 - mean': 0.5531572158333046, 'R2 - std': 0.0026247180055954944} 
 

{'MSE - mean': 69.0646709068028, 'MSE - std': 6.490271716210175, 'R2 - mean': 0.5665303119146358, 'R2 - std': 0.01903344847035417} 
 

{'MSE - mean': 71.86405382152063, 'MSE - std': 7.423096006540706, 'R2 - mean': 0.5546511628329761, 'R2 - std': 0.02636373777024234} 
 

{'MSE - mean': 70.30927279481133, 'MSE - std': 7.331525054306037, 'R2 - mean': 0.5633323971947374, 'R2 - std': 0.029282975524180965} 
 

Finished cross validation
Hyperparam was saved!!! Hurrah!!!
Trial 122 finished with value: 70.30927279481133 and parameters: {'max_depth': 4, 'n_estimators': 74}. Best is trial 2 with value: 70.07952306095325.
{'MSE - mean': 76.08485247180744, 'MSE - std': 0.0, 'R2 - mean': 0.5566282537915002, 'R2 - std': 0.0} 
 

{'MSE - mean': 72.76173722463129, 'MSE - std': 3.3231152471761476, 'R2 - mean': 0.556805597051464, 'R2 - std': 0.00017734325996382472} 
 

{'MSE - mean': 68.71134132848844, 'MSE - std': 6.338255053902825, 'R2 - mean': 0.568746844373515, 'R2 - std': 0.016888094691251562} 
 

{'MSE - mean': 71.60763020400347, 'MSE - std': 7.436099488141611, 'R2 - mean': 0.5562621834754824, 'R2 - std': 0.02610567141335577} 
 

{'MSE - mean': 70.052971743038, 'MSE - std': 7.341955611350293, 'R2 - mean': 0.5649420782171944, 'R2 - std': 0.029095827103941877} 
 

Finished cross validation
Hyperparam was saved!!! Hurrah!!!
Trial 123 finished with value: 70.052971743038 and parameters: {'max_depth': 4, 'n_estimators': 57}. Best is trial 123 with value: 70.052971743038.
{'MSE - mean': 76.15939770455817, 'MSE - std': 0.0, 'R2 - mean': 0.5561938539215858, 'R2 - std': 0.0} 
 

{'MSE - mean': 73.02316497940595, 'MSE - std': 3.136232725152219, 'R2 - mean': 0.5551582916867075, 'R2 - std': 0.0010355622348783289} 
 

{'MSE - mean': 68.89502548214703, 'MSE - std': 6.3749804095282325, 'R2 - mean': 0.5675854691168978, 'R2 - std': 0.017595010766059006} 
 

{'MSE - mean': 71.73149731321644, 'MSE - std': 7.390331437882362, 'R2 - mean': 0.5554744264523022, 'R2 - std': 0.02592721284990481} 
 

{'MSE - mean': 70.1991262517909, 'MSE - std': 7.286030695034132, 'R2 - mean': 0.5640167297043416, 'R2 - std': 0.02880382044678491} 
 

Finished cross validation
Hyperparam was saved!!! Hurrah!!!
Trial 124 finished with value: 70.1991262517909 and parameters: {'max_depth': 4, 'n_estimators': 57}. Best is trial 123 with value: 70.052971743038.
{'MSE - mean': 76.04329299971175, 'MSE - std': 0.0, 'R2 - mean': 0.5568704346608315, 'R2 - std': 0.0} 
 

{'MSE - mean': 73.06610424485018, 'MSE - std': 2.9771887548615723, 'R2 - mean': 0.5548522574956363, 'R2 - std': 0.0020181771651952563} 
 

{'MSE - mean': 68.94147831091246, 'MSE - std': 6.319349658881523, 'R2 - mean': 0.567261631290921, 'R2 - std': 0.017626697800843964} 
 

{'MSE - mean': 71.78938374002625, 'MSE - std': 7.367654381343629, 'R2 - mean': 0.555093435785081, 'R2 - std': 0.026023456767438585} 
 

{'MSE - mean': 70.20799717845998, 'MSE - std': 7.309514258468569, 'R2 - mean': 0.5639467316926947, 'R2 - std': 0.029245506243053374} 
 

Finished cross validation
Hyperparam was saved!!! Hurrah!!!
Trial 125 finished with value: 70.20799717845998 and parameters: {'max_depth': 4, 'n_estimators': 74}. Best is trial 123 with value: 70.052971743038.
{'MSE - mean': 76.04764939839589, 'MSE - std': 0.0, 'R2 - mean': 0.5568450484764726, 'R2 - std': 0.0} 
 

{'MSE - mean': 73.35171751182247, 'MSE - std': 2.695931886573426, 'R2 - mean': 0.5530312541764058, 'R2 - std': 0.0038137943000668972} 
 

{'MSE - mean': 68.98136374244817, 'MSE - std': 6.560895515374704, 'R2 - mean': 0.5670593147130631, 'R2 - std': 0.020081574875551907} 
 

{'MSE - mean': 71.77492929586899, 'MSE - std': 7.462977822325747, 'R2 - mean': 0.5552075850062231, 'R2 - std': 0.026904325456026175} 
 

{'MSE - mean': 70.24640766932308, 'MSE - std': 7.341821560927171, 'R2 - mean': 0.563724637826932, 'R2 - std': 0.029482790532749888} 
 

Finished cross validation
Hyperparam was saved!!! Hurrah!!!
Trial 126 finished with value: 70.24640766932308 and parameters: {'max_depth': 4, 'n_estimators': 65}. Best is trial 123 with value: 70.052971743038.
{'MSE - mean': 76.95057140173529, 'MSE - std': 0.0, 'R2 - mean': 0.5515834215914234, 'R2 - std': 0.0} 
 

{'MSE - mean': 74.01970898242462, 'MSE - std': 2.930862419310671, 'R2 - mean': 0.5490189805472059, 'R2 - std': 0.002564441044217436} 
 

{'MSE - mean': 69.67479523369288, 'MSE - std': 6.594178289606772, 'R2 - mean': 0.5627169303914322, 'R2 - std': 0.01948465802751984} 
 

{'MSE - mean': 72.24983833271646, 'MSE - std': 7.246028662089868, 'R2 - mean': 0.5522214539808461, 'R2 - std': 0.024803306212933737} 
 

{'MSE - mean': 70.72750389326595, 'MSE - std': 7.160583333752268, 'R2 - mean': 0.5607012496091148, 'R2 - std': 0.027924736970343356} 
 

Finished cross validation
Hyperparam was saved!!! Hurrah!!!
Trial 127 finished with value: 70.72750389326595 and parameters: {'max_depth': 5, 'n_estimators': 88}. Best is trial 123 with value: 70.052971743038.
{'MSE - mean': 76.11578763534561, 'MSE - std': 0.0, 'R2 - mean': 0.5564479843024813, 'R2 - std': 0.0} 
 

{'MSE - mean': 73.1664753501858, 'MSE - std': 2.949312285159813, 'R2 - mean': 0.5542319237974032, 'R2 - std': 0.00221606050507811} 
 

{'MSE - mean': 68.9381839033817, 'MSE - std': 6.446383411533679, 'R2 - mean': 0.5673199549620639, 'R2 - std': 0.018597501686401396} 
 

{'MSE - mean': 71.8018900456291, 'MSE - std': 7.467886777650617, 'R2 - mean': 0.5550474253936013, 'R2 - std': 0.0266691816102059} 
 

{'MSE - mean': 70.2582429050905, 'MSE - std': 7.3584544788303905, 'R2 - mean': 0.5636575531265217, 'R2 - std': 0.029419948955008962} 
 

Finished cross validation
Hyperparam was saved!!! Hurrah!!!
Trial 128 finished with value: 70.2582429050905 and parameters: {'max_depth': 4, 'n_estimators': 55}. Best is trial 123 with value: 70.052971743038.
{'MSE - mean': 76.42943836284243, 'MSE - std': 0.0, 'R2 - mean': 0.5546202371723761, 'R2 - std': 0.0} 
 

{'MSE - mean': 73.54125128077061, 'MSE - std': 2.8881870820718163, 'R2 - mean': 0.551927529848627, 'R2 - std': 0.0026927073237489885} 
 

{'MSE - mean': 69.21454339974201, 'MSE - std': 6.557582272164622, 'R2 - mean': 0.5656055230436942, 'R2 - std': 0.019468147767815934} 
 

{'MSE - mean': 71.98218594826317, 'MSE - std': 7.431752806122509, 'R2 - mean': 0.5539232465227368, 'R2 - std': 0.02633786888243739} 
 

{'MSE - mean': 70.3451119887878, 'MSE - std': 7.409777622318848, 'R2 - mean': 0.563117992335845, 'R2 - std': 0.029885114557007406} 
 

Finished cross validation
Hyperparam was saved!!! Hurrah!!!
Trial 129 finished with value: 70.3451119887878 and parameters: {'max_depth': 4, 'n_estimators': 79}. Best is trial 123 with value: 70.052971743038.
{'MSE - mean': 76.28930118081792, 'MSE - std': 0.0, 'R2 - mean': 0.5554368631509303, 'R2 - std': 0.0} 
 

{'MSE - mean': 73.43765487439333, 'MSE - std': 2.851646306424577, 'R2 - mean': 0.5525497496488085, 'R2 - std': 0.00288711350212173} 
 

{'MSE - mean': 69.13819252747129, 'MSE - std': 6.510914737308226, 'R2 - mean': 0.5660693103519863, 'R2 - std': 0.019264319162549438} 
 

{'MSE - mean': 71.88518069975976, 'MSE - std': 7.377793714482083, 'R2 - mean': 0.5545092489489467, 'R2 - std': 0.026062243831327315} 
 

{'MSE - mean': 70.28625055006933, 'MSE - std': 7.3329245577134685, 'R2 - mean': 0.5634692486773931, 'R2 - std': 0.029402700953379886} 
 

Finished cross validation
Hyperparam was saved!!! Hurrah!!!
Trial 130 finished with value: 70.28625055006933 and parameters: {'max_depth': 4, 'n_estimators': 74}. Best is trial 123 with value: 70.052971743038.
{'MSE - mean': 76.37213080581735, 'MSE - std': 0.0, 'R2 - mean': 0.5549541873714459, 'R2 - std': 0.0} 
 

{'MSE - mean': 73.34704923731485, 'MSE - std': 3.0250815685025074, 'R2 - mean': 0.5531506996634821, 'R2 - std': 0.0018034877079638467} 
 

{'MSE - mean': 69.012200866915, 'MSE - std': 6.609278814876774, 'R2 - mean': 0.5669107677331604, 'R2 - std': 0.01951531001990184} 
 

{'MSE - mean': 71.81076052621518, 'MSE - std': 7.500515538252784, 'R2 - mean': 0.5550200473449936, 'R2 - std': 0.026642131820264627} 
 

{'MSE - mean': 70.44405867887272, 'MSE - std': 7.244148150733417, 'R2 - mean': 0.5625148084183886, 'R2 - std': 0.02815187959145524} 
 

Finished cross validation
Hyperparam was saved!!! Hurrah!!!
Trial 131 finished with value: 70.44405867887272 and parameters: {'max_depth': 4, 'n_estimators': 59}. Best is trial 123 with value: 70.052971743038.
{'MSE - mean': 76.16434327204391, 'MSE - std': 0.0, 'R2 - mean': 0.5561650344546234, 'R2 - std': 0.0} 
 

{'MSE - mean': 73.28485368609583, 'MSE - std': 2.879489585948086, 'R2 - mean': 0.553490089398908, 'R2 - std': 0.0026749450557154164} 
 

{'MSE - mean': 68.99634504701143, 'MSE - std': 6.504633185562838, 'R2 - mean': 0.5669649139651318, 'R2 - std': 0.019181032685487768} 
 

{'MSE - mean': 71.8169380785829, 'MSE - std': 7.456535710924509, 'R2 - mean': 0.5549523726508814, 'R2 - std': 0.026624001533222426} 
 

{'MSE - mean': 70.3380488371314, 'MSE - std': 7.2957791496561875, 'R2 - mean': 0.563156505648157, 'R2 - std': 0.028918872022621594} 
 

Finished cross validation
Hyperparam was saved!!! Hurrah!!!
Trial 132 finished with value: 70.3380488371314 and parameters: {'max_depth': 4, 'n_estimators': 71}. Best is trial 123 with value: 70.052971743038.
{'MSE - mean': 76.16062620062065, 'MSE - std': 0.0, 'R2 - mean': 0.5561866950663505, 'R2 - std': 0.0} 
 

{'MSE - mean': 73.07167763701085, 'MSE - std': 3.0889485636098115, 'R2 - mean': 0.5548491213362174, 'R2 - std': 0.001337573730133046} 
 

{'MSE - mean': 68.69965370641036, 'MSE - std': 6.677593527504609, 'R2 - mean': 0.5689098451933521, 'R2 - std': 0.01991483483308069} 
 

{'MSE - mean': 71.62369587008132, 'MSE - std': 7.687181486975913, 'R2 - mean': 0.5562356273782428, 'R2 - std': 0.02791698186581353} 
 

{'MSE - mean': 70.08050119654217, 'MSE - std': 7.536577908621565, 'R2 - mean': 0.5648287867343813, 'R2 - std': 0.03031263518859558} 
 

Finished cross validation
Hyperparam was saved!!! Hurrah!!!
Trial 133 finished with value: 70.08050119654217 and parameters: {'max_depth': 4, 'n_estimators': 65}. Best is trial 123 with value: 70.052971743038.
{'MSE - mean': 76.09438878229263, 'MSE - std': 0.0, 'R2 - mean': 0.5565726825378953, 'R2 - std': 0.0} 
 

{'MSE - mean': 73.33714668499324, 'MSE - std': 2.7572420972993825, 'R2 - mean': 0.553137130980097, 'R2 - std': 0.003435551557798233} 
 

{'MSE - mean': 69.05059717442789, 'MSE - std': 6.466627359126448, 'R2 - mean': 0.5665992850114886, 'R2 - std': 0.019243904454848932} 
 

{'MSE - mean': 71.84090970045995, 'MSE - std': 7.397329520181319, 'R2 - mean': 0.5547783335283965, 'R2 - std': 0.026399821512604445} 
 

{'MSE - mean': 70.19165651098756, 'MSE - std': 7.393005583391382, 'R2 - mean': 0.5640556475977396, 'R2 - std': 0.030030562533572894} 
 

Finished cross validation
Hyperparam was saved!!! Hurrah!!!
Trial 134 finished with value: 70.19165651098756 and parameters: {'max_depth': 4, 'n_estimators': 81}. Best is trial 123 with value: 70.052971743038.
{'MSE - mean': 76.296833648199, 'MSE - std': 0.0, 'R2 - mean': 0.5553929689577037, 'R2 - std': 0.0} 
 

{'MSE - mean': 73.53227213826099, 'MSE - std': 2.764561509938005, 'R2 - mean': 0.551948174744031, 'R2 - std': 0.0034447942136727194} 
 

{'MSE - mean': 69.28391904968034, 'MSE - std': 6.418115623659295, 'R2 - mean': 0.5651127711199929, 'R2 - std': 0.018828814804274868} 
 

{'MSE - mean': 72.05849511518451, 'MSE - std': 7.34771890785166, 'R2 - mean': 0.5534081955359798, 'R2 - std': 0.02601700345938959} 
 

{'MSE - mean': 70.45560160910392, 'MSE - std': 7.312198635593941, 'R2 - mean': 0.5623958732436705, 'R2 - std': 0.02940443805812308} 
 

Finished cross validation
Hyperparam was saved!!! Hurrah!!!
Trial 135 finished with value: 70.45560160910392 and parameters: {'max_depth': 4, 'n_estimators': 63}. Best is trial 123 with value: 70.052971743038.
{'MSE - mean': 76.09920856945719, 'MSE - std': 0.0, 'R2 - mean': 0.5565445960347073, 'R2 - std': 0.0} 
 

{'MSE - mean': 73.38169633912977, 'MSE - std': 2.717512230327415, 'R2 - mean': 0.552854236874539, 'R2 - std': 0.003690359160168244} 
 

{'MSE - mean': 69.01878504285885, 'MSE - std': 6.556922939883948, 'R2 - mean': 0.5668241176916843, 'R2 - std': 0.019984851944523072} 
 

{'MSE - mean': 71.83452922918714, 'MSE - std': 7.48533064054, 'R2 - mean': 0.5548422140895495, 'R2 - std': 0.027023023003097467} 
 

{'MSE - mean': 70.2737821307397, 'MSE - std': 7.387006556096587, 'R2 - mean': 0.56355968735546, 'R2 - std': 0.029802221030456977} 
 

Finished cross validation
Hyperparam was saved!!! Hurrah!!!
Trial 136 finished with value: 70.2737821307397 and parameters: {'max_depth': 4, 'n_estimators': 53}. Best is trial 123 with value: 70.052971743038.
{'MSE - mean': 76.97320912641827, 'MSE - std': 0.0, 'R2 - mean': 0.5514515040388908, 'R2 - std': 0.0} 
 

{'MSE - mean': 73.35584468362768, 'MSE - std': 3.6173644427905813, 'R2 - mean': 0.5532606772266584, 'R2 - std': 0.001809173187767632} 
 

{'MSE - mean': 68.99996034306153, 'MSE - std': 6.831618191767544, 'R2 - mean': 0.5671057662704773, 'R2 - std': 0.019635555836579676} 
 

{'MSE - mean': 71.83325889621756, 'MSE - std': 7.686741664223869, 'R2 - mean': 0.554976455326958, 'R2 - std': 0.02702826005595453} 
 

{'MSE - mean': 70.1977687609549, 'MSE - std': 7.613679127739624, 'R2 - mean': 0.5641374261981509, 'R2 - std': 0.030333397807255632} 
 

Finished cross validation
Hyperparam was saved!!! Hurrah!!!
Trial 137 finished with value: 70.1977687609549 and parameters: {'max_depth': 5, 'n_estimators': 65}. Best is trial 123 with value: 70.052971743038.
{'MSE - mean': 76.17642206824193, 'MSE - std': 0.0, 'R2 - mean': 0.5560946472909708, 'R2 - std': 0.0} 
 

{'MSE - mean': 73.05734409234672, 'MSE - std': 3.119077975895209, 'R2 - mean': 0.5549449338494518, 'R2 - std': 0.0011497134415190402} 
 

{'MSE - mean': 68.8639847098826, 'MSE - std': 6.454013539455597, 'R2 - mean': 0.5678050071576232, 'R2 - std': 0.01821110096383036} 
 

{'MSE - mean': 71.73150427567137, 'MSE - std': 7.477213615789731, 'R2 - mean': 0.5554995250270285, 'R2 - std': 0.026514294637709553} 
 

{'MSE - mean': 70.22406709146432, 'MSE - std': 7.335969344418045, 'R2 - mean': 0.5638804265151863, 'R2 - std': 0.0290407350995984} 
 

Finished cross validation
Hyperparam was saved!!! Hurrah!!!
Trial 138 finished with value: 70.22406709146432 and parameters: {'max_depth': 4, 'n_estimators': 77}. Best is trial 123 with value: 70.052971743038.
{'MSE - mean': 76.10633104330198, 'MSE - std': 0.0, 'R2 - mean': 0.5565030910102077, 'R2 - std': 0.0} 
 

{'MSE - mean': 73.21879936114095, 'MSE - std': 2.8875316821610184, 'R2 - mean': 0.5538954845407333, 'R2 - std': 0.002607606469474333} 
 

{'MSE - mean': 68.82017425838511, 'MSE - std': 6.652395438199459, 'R2 - mean': 0.5681232694552386, 'R2 - std': 0.02023345747715752} 
 

{'MSE - mean': 71.71067155662358, 'MSE - std': 7.632542020389051, 'R2 - mean': 0.5556661589685163, 'R2 - std': 0.027795384619486222} 
 

{'MSE - mean': 70.212076883955, 'MSE - std': 7.455716070653856, 'R2 - mean': 0.5639844082420737, 'R2 - std': 0.029913873183262187} 
 

Finished cross validation
Hyperparam was saved!!! Hurrah!!!
Trial 139 finished with value: 70.212076883955 and parameters: {'max_depth': 4, 'n_estimators': 59}. Best is trial 123 with value: 70.052971743038.
{'MSE - mean': 76.06339761190497, 'MSE - std': 0.0, 'R2 - mean': 0.5567532783974576, 'R2 - std': 0.0} 
 

{'MSE - mean': 72.98525156305041, 'MSE - std': 3.0781460488545704, 'R2 - mean': 0.5553736514213148, 'R2 - std': 0.0013796269761428004} 
 

{'MSE - mean': 68.80168489417626, 'MSE - std': 6.428150242841939, 'R2 - mean': 0.5681865150220196, 'R2 - std': 0.018155105646329845} 
 

{'MSE - mean': 71.66900493904657, 'MSE - std': 7.4602553158425575, 'R2 - mean': 0.5558801874208706, 'R2 - std': 0.026486656883277043} 
 

{'MSE - mean': 70.13223217204313, 'MSE - std': 7.346496420176042, 'R2 - mean': 0.5644473283028877, 'R2 - std': 0.029237270834523228} 
 

Finished cross validation
Hyperparam was saved!!! Hurrah!!!
Trial 140 finished with value: 70.13223217204313 and parameters: {'max_depth': 4, 'n_estimators': 88}. Best is trial 123 with value: 70.052971743038.
{'MSE - mean': 76.0409107979164, 'MSE - std': 0.0, 'R2 - mean': 0.5568843165431709, 'R2 - std': 0.0} 
 

{'MSE - mean': 73.305013566754, 'MSE - std': 2.7358972311623972, 'R2 - mean': 0.5533273624021848, 'R2 - std': 0.0035569541409861127} 
 

{'MSE - mean': 68.92324157479199, 'MSE - std': 6.587104119824335, 'R2 - mean': 0.5674380976626859, 'R2 - std': 0.02016582044842085} 
 

{'MSE - mean': 71.78323978443584, 'MSE - std': 7.555211763514843, 'R2 - mean': 0.5551806390756084, 'R2 - std': 0.027490563995855418} 
 

{'MSE - mean': 70.24763212576096, 'MSE - std': 7.4227584736919905, 'R2 - mean': 0.5637370973969654, 'R2 - std': 0.029957249591186695} 
 

Finished cross validation
Hyperparam was saved!!! Hurrah!!!
Trial 141 finished with value: 70.24763212576096 and parameters: {'max_depth': 4, 'n_estimators': 88}. Best is trial 123 with value: 70.052971743038.
{'MSE - mean': 76.19914983542728, 'MSE - std': 0.0, 'R2 - mean': 0.5559622050308229, 'R2 - std': 0.0} 
 

{'MSE - mean': 72.86561188584744, 'MSE - std': 3.333537949579828, 'R2 - mean': 0.556174461829952, 'R2 - std': 0.00021225679912900697} 
 

{'MSE - mean': 68.68050076277676, 'MSE - std': 6.514493615451559, 'R2 - mean': 0.5689988065530946, 'R2 - std': 0.018137190258008} 
 

{'MSE - mean': 71.5818188366271, 'MSE - std': 7.55525710987197, 'R2 - mean': 0.5564672211638714, 'R2 - std': 0.026792539072353072} 
 

{'MSE - mean': 70.04676320633254, 'MSE - std': 7.422338657688202, 'R2 - mean': 0.5650155441210236, 'R2 - std': 0.029437517243713986} 
 

Finished cross validation
Hyperparam was saved!!! Hurrah!!!
Trial 142 finished with value: 70.04676320633254 and parameters: {'max_depth': 4, 'n_estimators': 70}. Best is trial 142 with value: 70.04676320633254.
{'MSE - mean': 75.87653454931895, 'MSE - std': 0.0, 'R2 - mean': 0.5578421916261628, 'R2 - std': 0.0} 
 

{'MSE - mean': 73.02612514691185, 'MSE - std': 2.850409402407088, 'R2 - mean': 0.5550612440092444, 'R2 - std': 0.002780947616918439} 
 

{'MSE - mean': 68.80181627606365, 'MSE - std': 6.41140598570554, 'R2 - mean': 0.5681605045034109, 'R2 - std': 0.018663789292462353} 
 

{'MSE - mean': 71.66631373830187, 'MSE - std': 7.4461823888932, 'R2 - mean': 0.5558773975544491, 'R2 - std': 0.02671847529377335} 
 

{'MSE - mean': 70.14265896198917, 'MSE - std': 7.32411095249468, 'R2 - mean': 0.5643662022494803, 'R2 - std': 0.029314514463328934} 
 

Finished cross validation
Hyperparam was saved!!! Hurrah!!!
