Trial 168 finished with value: 70.32277179618741 and parameters: {'max_depth': 4, 'n_estimators': 76}. Best is trial 142 with value: 70.04676320633254.
{'MSE - mean': 76.39374997571198, 'MSE - std': 0.0, 'R2 - mean': 0.5548282052765037, 'R2 - std': 0.0} 
 

{'MSE - mean': 73.28498297050808, 'MSE - std': 3.1087670052039087, 'R2 - mean': 0.5535526551349219, 'R2 - std': 0.001275550141581705} 
 

{'MSE - mean': 68.96438817226435, 'MSE - std': 6.616497085541906, 'R2 - mean': 0.5672219896753312, 'R2 - std': 0.01935939304311249} 
 

{'MSE - mean': 71.79529522000217, 'MSE - std': 7.5415932932659135, 'R2 - mean': 0.5551312476491297, 'R2 - std': 0.026826250250095565} 
 

{'MSE - mean': 70.16978520041329, 'MSE - std': 7.487965999920287, 'R2 - mean': 0.5642462875511713, 'R2 - std': 0.03013393388935215} 
 

Finished cross validation
Hyperparam was saved!!! Hurrah!!!
Trial 169 finished with value: 70.16978520041329 and parameters: {'max_depth': 4, 'n_estimators': 71}. Best is trial 142 with value: 70.04676320633254.
{'MSE - mean': 76.27625528508227, 'MSE - std': 0.0, 'R2 - mean': 0.5555128859253099, 'R2 - std': 0.0} 
 

{'MSE - mean': 73.73094538764042, 'MSE - std': 2.5453098974418467, 'R2 - mean': 0.5506749569765903, 'R2 - std': 0.00483792894871965} 
 

{'MSE - mean': 69.4298149969867, 'MSE - std': 6.427947852216918, 'R2 - mean': 0.5641735796312582, 'R2 - std': 0.01949434101189714} 
 

{'MSE - mean': 72.15356384874809, 'MSE - std': 7.296938304215639, 'R2 - mean': 0.5527898163205175, 'R2 - std': 0.02595750758376081} 
 

{'MSE - mean': 70.54560738317346, 'MSE - std': 7.275874028125877, 'R2 - mean': 0.5618136772267476, 'R2 - std': 0.029406700300930535} 
 

Finished cross validation
Hyperparam was saved!!! Hurrah!!!
Trial 170 finished with value: 70.54560738317346 and parameters: {'max_depth': 4, 'n_estimators': 92}. Best is trial 142 with value: 70.04676320633254.
{'MSE - mean': 76.22834075236081, 'MSE - std': 0.0, 'R2 - mean': 0.5557920998470212, 'R2 - std': 0.0} 
 

{'MSE - mean': 73.58805141773135, 'MSE - std': 2.6402893346294647, 'R2 - mean': 0.551573377796283, 'R2 - std': 0.0042187220507381995} 
 

{'MSE - mean': 69.2549576804207, 'MSE - std': 6.496061975254457, 'R2 - mean': 0.5653074920205875, 'R2 - std': 0.019726045326253605} 
 

{'MSE - mean': 71.97865232142784, 'MSE - std': 7.341978846476824, 'R2 - mean': 0.5539025417870106, 'R2 - std': 0.026116207949301525} 
 

{'MSE - mean': 70.48187395075027, 'MSE - std': 7.217001085589731, 'R2 - mean': 0.5622259941635053, 'R2 - std': 0.02868387163504999} 
 

Finished cross validation
Hyperparam was saved!!! Hurrah!!!
Trial 171 finished with value: 70.48187395075027 and parameters: {'max_depth': 4, 'n_estimators': 67}. Best is trial 142 with value: 70.04676320633254.
{'MSE - mean': 76.32992360905702, 'MSE - std': 0.0, 'R2 - mean': 0.5552001427478741, 'R2 - std': 0.0} 
 

{'MSE - mean': 73.62588971433684, 'MSE - std': 2.704033894720183, 'R2 - mean': 0.551360039975672, 'R2 - std': 0.0038401027722021475} 
 

{'MSE - mean': 69.2877379715736, 'MSE - std': 6.520249531703244, 'R2 - mean': 0.565114490372184, 'R2 - std': 0.01970281039905063} 
 

{'MSE - mean': 72.07597904839612, 'MSE - std': 7.4302157017275405, 'R2 - mean': 0.553321873433717, 'R2 - std': 0.02661480783300835} 
 

{'MSE - mean': 70.41393792530069, 'MSE - std': 7.430747410509934, 'R2 - mean': 0.5626758308715022, 'R2 - std': 0.03027646735968316} 
 

Finished cross validation
Hyperparam was saved!!! Hurrah!!!
Trial 172 finished with value: 70.41393792530069 and parameters: {'max_depth': 4, 'n_estimators': 69}. Best is trial 142 with value: 70.04676320633254.
{'MSE - mean': 76.13909193345893, 'MSE - std': 0.0, 'R2 - mean': 0.5563121824048238, 'R2 - std': 0.0} 
 

{'MSE - mean': 72.69836206892651, 'MSE - std': 3.4407298645324076, 'R2 - mean': 0.5572249169767414, 'R2 - std': 0.000912734571917484} 
 

{'MSE - mean': 68.77015585718367, 'MSE - std': 6.2252729057506935, 'R2 - mean': 0.5683471236605392, 'R2 - std': 0.015746820397572917} 
 

{'MSE - mean': 71.67068744130093, 'MSE - std': 7.369176851907589, 'R2 - mean': 0.5558488534444277, 'R2 - std': 0.02558499637795333} 
 

{'MSE - mean': 70.12723819720512, 'MSE - std': 7.278238540756422, 'R2 - mean': 0.5644620224136284, 'R2 - std': 0.028642980824207506} 
 

Finished cross validation
Hyperparam was saved!!! Hurrah!!!
Trial 173 finished with value: 70.12723819720512 and parameters: {'max_depth': 4, 'n_estimators': 60}. Best is trial 142 with value: 70.04676320633254.
{'MSE - mean': 80.04337883276175, 'MSE - std': 0.0, 'R2 - mean': 0.5335606038184779, 'R2 - std': 0.0} 
 

{'MSE - mean': 75.47943164694034, 'MSE - std': 4.563947185821405, 'R2 - mean': 0.5405605950827144, 'R2 - std': 0.006999991264236449} 
 

{'MSE - mean': 71.1695195343284, 'MSE - std': 7.144025063892415, 'R2 - mean': 0.5535724338160187, 'R2 - std': 0.019268691693417113} 
 

{'MSE - mean': 73.68974512798842, 'MSE - std': 7.571818256796656, 'R2 - mean': 0.5434522318745003, 'R2 - std': 0.02420159750291927} 
 

{'MSE - mean': 72.86905966540776, 'MSE - std': 6.968503704894776, 'R2 - mean': 0.5474793852317179, 'R2 - std': 0.023096443752336406} 
 

Finished cross validation
Hyperparam was saved!!! Hurrah!!!
Trial 174 finished with value: 72.86905966540776 and parameters: {'max_depth': 10, 'n_estimators': 53}. Best is trial 142 with value: 70.04676320633254.
{'MSE - mean': 76.20452432065348, 'MSE - std': 0.0, 'R2 - mean': 0.5559308861175005, 'R2 - std': 0.0} 
 

{'MSE - mean': 73.14663161168782, 'MSE - std': 3.057892708965653, 'R2 - mean': 0.5543830465356361, 'R2 - std': 0.0015478395818644963} 
 

{'MSE - mean': 68.87324481641757, 'MSE - std': 6.538919988576909, 'R2 - mean': 0.5677682519865429, 'R2 - std': 0.018971680337811374} 
 

{'MSE - mean': 71.74682729585385, 'MSE - std': 7.539266195136477, 'R2 - mean': 0.5554217522721413, 'R2 - std': 0.026967603837256895} 
 

{'MSE - mean': 70.19651475494567, 'MSE - std': 7.422014801042294, 'R2 - mean': 0.5640678822528031, 'R2 - std': 0.02967867213924133} 
 

Finished cross validation
Hyperparam was saved!!! Hurrah!!!
Trial 175 finished with value: 70.19651475494567 and parameters: {'max_depth': 4, 'n_estimators': 61}. Best is trial 142 with value: 70.04676320633254.
{'MSE - mean': 76.19322788461541, 'MSE - std': 0.0, 'R2 - mean': 0.5559967142082363, 'R2 - std': 0.0} 
 

{'MSE - mean': 73.35017752904301, 'MSE - std': 2.8430503555724087, 'R2 - mean': 0.5530813060599555, 'R2 - std': 0.0029154081482806737} 
 

{'MSE - mean': 69.00998798073019, 'MSE - std': 6.562249170834238, 'R2 - mean': 0.5668933954789307, 'R2 - std': 0.01967775473344388} 
 

{'MSE - mean': 71.88951828135609, 'MSE - std': 7.561244599386675, 'R2 - mean': 0.5545251017016786, 'R2 - std': 0.02737397662732666} 
 

{'MSE - mean': 70.43076728388267, 'MSE - std': 7.3654432184303795, 'R2 - mean': 0.5625973538415789, 'R2 - std': 0.029327677977556383} 
 

Finished cross validation
Hyperparam was saved!!! Hurrah!!!
Trial 176 finished with value: 70.43076728388267 and parameters: {'max_depth': 4, 'n_estimators': 30}. Best is trial 142 with value: 70.04676320633254.
{'MSE - mean': 76.20686544158383, 'MSE - std': 0.0, 'R2 - mean': 0.5559172436270277, 'R2 - std': 0.0} 
 

{'MSE - mean': 72.85828234391835, 'MSE - std': 3.3485830976654753, 'R2 - mean': 0.5562233561719384, 'R2 - std': 0.0003061125449107527} 
 

{'MSE - mean': 68.89457778303226, 'MSE - std': 6.236765737674099, 'R2 - mean': 0.5675597240361793, 'R2 - std': 0.016033993346435935} 
 

{'MSE - mean': 71.82967103223133, 'MSE - std': 7.417361545350948, 'R2 - mean': 0.5548647810490511, 'R2 - std': 0.026005796263803636} 
 

{'MSE - mean': 70.24582402765198, 'MSE - std': 7.351740417834462, 'R2 - mean': 0.5637287061082717, 'R2 - std': 0.029245817158586734} 
 

Finished cross validation
Hyperparam was saved!!! Hurrah!!!
Trial 177 finished with value: 70.24582402765198 and parameters: {'max_depth': 4, 'n_estimators': 26}. Best is trial 142 with value: 70.04676320633254.
{'MSE - mean': 76.04664486810535, 'MSE - std': 0.0, 'R2 - mean': 0.5568509022086489, 'R2 - std': 0.0} 
 

{'MSE - mean': 73.6898082003487, 'MSE - std': 2.356836667756646, 'R2 - mean': 0.5508739645736889, 'R2 - std': 0.005976937634959989} 
 

{'MSE - mean': 69.23023122546597, 'MSE - std': 6.593843566195906, 'R2 - mean': 0.565463352197585, 'R2 - std': 0.02120179987977564} 
 

{'MSE - mean': 72.0532597609211, 'MSE - std': 7.51781551167484, 'R2 - mean': 0.5534612044273697, 'R2 - std': 0.02773611169397748} 
 

{'MSE - mean': 70.39556394902444, 'MSE - std': 7.49705686741016, 'R2 - mean': 0.5627885408535418, 'R2 - std': 0.03103917416344424} 
 

Finished cross validation
Hyperparam was saved!!! Hurrah!!!
Trial 178 finished with value: 70.39556394902444 and parameters: {'max_depth': 4, 'n_estimators': 17}. Best is trial 142 with value: 70.04676320633254.
{'MSE - mean': 76.19392949160894, 'MSE - std': 0.0, 'R2 - mean': 0.5559926257108841, 'R2 - std': 0.0} 
 

{'MSE - mean': 73.45337435240384, 'MSE - std': 2.7405551392051066, 'R2 - mean': 0.5524231062018603, 'R2 - std': 0.0035695195090238996} 
 

{'MSE - mean': 69.19592189867555, 'MSE - std': 6.423308942608658, 'R2 - mean': 0.5656673104448712, 'R2 - std': 0.018955532307958156} 
 

{'MSE - mean': 71.96855144062945, 'MSE - std': 7.348918087711548, 'R2 - mean': 0.5539675997896369, 'R2 - std': 0.026079375798840284} 
 

{'MSE - mean': 70.36347299306071, 'MSE - std': 7.315079284554196, 'R2 - mean': 0.5629699162666619, 'R2 - std': 0.029466487429888395} 
 

Finished cross validation
Hyperparam was saved!!! Hurrah!!!
Trial 179 finished with value: 70.36347299306071 and parameters: {'max_depth': 4, 'n_estimators': 50}. Best is trial 142 with value: 70.04676320633254.
{'MSE - mean': 76.56726121260509, 'MSE - std': 0.0, 'R2 - mean': 0.5538170975778116, 'R2 - std': 0.0} 
 

{'MSE - mean': 73.41984631909654, 'MSE - std': 3.1474148935085466, 'R2 - mean': 0.552740174901543, 'R2 - std': 0.0010769226762685213} 
 

{'MSE - mean': 69.09234940162263, 'MSE - std': 6.637665715401168, 'R2 - mean': 0.5664245819808394, 'R2 - std': 0.019372639706320357} 
 

{'MSE - mean': 71.86966179004061, 'MSE - std': 7.4956218501628795, 'R2 - mean': 0.5546626600046509, 'R2 - std': 0.02639133953809501} 
 

{'MSE - mean': 70.28762074220347, 'MSE - std': 7.413426538698415, 'R2 - mean': 0.5635055226089839, 'R2 - std': 0.029495544040557296} 
 

Finished cross validation
Hyperparam was saved!!! Hurrah!!!
Trial 180 finished with value: 70.28762074220347 and parameters: {'max_depth': 4, 'n_estimators': 55}. Best is trial 142 with value: 70.04676320633254.
{'MSE - mean': 76.11054285189417, 'MSE - std': 0.0, 'R2 - mean': 0.5564785474004148, 'R2 - std': 0.0} 
 

{'MSE - mean': 72.75105937775149, 'MSE - std': 3.359483474142671, 'R2 - mean': 0.5568808203746637, 'R2 - std': 0.0004022729742488851} 
 

{'MSE - mean': 68.6767470334703, 'MSE - std': 6.38154591768712, 'R2 - mean': 0.5689816608845103, 'R2 - std': 0.017116324501871463} 
 

{'MSE - mean': 71.58356139792596, 'MSE - std': 7.476082227535964, 'R2 - mean': 0.5564270480928732, 'R2 - std': 0.026316939988984985} 
 

{'MSE - mean': 70.0908318204606, 'MSE - std': 7.323005581321307, 'R2 - mean': 0.5647157712650858, 'R2 - std': 0.028790220416130236} 
 

Finished cross validation
Hyperparam was saved!!! Hurrah!!!
Trial 181 finished with value: 70.0908318204606 and parameters: {'max_depth': 4, 'n_estimators': 65}. Best is trial 142 with value: 70.04676320633254.
{'MSE - mean': 76.21740597485578, 'MSE - std': 0.0, 'R2 - mean': 0.5558558204331734, 'R2 - std': 0.0} 
 

{'MSE - mean': 73.30399035390838, 'MSE - std': 2.9134156209474042, 'R2 - mean': 0.5533826603259009, 'R2 - std': 0.002473160107272554} 
 

{'MSE - mean': 68.87086789220122, 'MSE - std': 6.70550593974126, 'R2 - mean': 0.567822387894462, 'R2 - std': 0.020520456747337188} 
 

{'MSE - mean': 71.74489199171197, 'MSE - std': 7.648718912643779, 'R2 - mean': 0.5554632687529648, 'R2 - std': 0.02782193984431492} 
 

{'MSE - mean': 70.23386003753981, 'MSE - std': 7.478983291185031, 'R2 - mean': 0.5638571739021161, 'R2 - std': 0.03001797534765367} 
 

Finished cross validation
Hyperparam was saved!!! Hurrah!!!
Trial 182 finished with value: 70.23386003753981 and parameters: {'max_depth': 4, 'n_estimators': 61}. Best is trial 142 with value: 70.04676320633254.
{'MSE - mean': 76.0313691011371, 'MSE - std': 0.0, 'R2 - mean': 0.5569399191845035, 'R2 - std': 0.0} 
 

{'MSE - mean': 72.7746027591194, 'MSE - std': 3.2567663420177055, 'R2 - mean': 0.5567087364546822, 'R2 - std': 0.00023118272982125543} 
 

{'MSE - mean': 68.66075842309425, 'MSE - std': 6.396752961184709, 'R2 - mean': 0.5690798915072557, 'R2 - std': 0.017496473501042237} 
 

{'MSE - mean': 71.56210304701327, 'MSE - std': 7.479454406241824, 'R2 - mean': 0.5565574531904531, 'R2 - std': 0.026458067256016325} 
 

{'MSE - mean': 70.19981023089736, 'MSE - std': 7.223375764793371, 'R2 - mean': 0.5640289738493872, 'R2 - std': 0.02798781774570188} 
 

Finished cross validation
Hyperparam was saved!!! Hurrah!!!
Trial 183 finished with value: 70.19981023089736 and parameters: {'max_depth': 4, 'n_estimators': 82}. Best is trial 142 with value: 70.04676320633254.
{'MSE - mean': 76.02943012917957, 'MSE - std': 0.0, 'R2 - mean': 0.5569512182191303, 'R2 - std': 0.0} 
 

{'MSE - mean': 73.21491892861582, 'MSE - std': 2.8145112005637642, 'R2 - mean': 0.5538989920600192, 'R2 - std': 0.003052226159111049} 
 

{'MSE - mean': 68.83168425838068, 'MSE - std': 6.611087243973967, 'R2 - mean': 0.5680308605020703, 'R2 - std': 0.020140261526217916} 
 

{'MSE - mean': 71.74711531802706, 'MSE - std': 7.6340730086389055, 'R2 - mean': 0.5554301880597697, 'R2 - std': 0.02793838647368164} 
 

{'MSE - mean': 70.24848080309498, 'MSE - std': 7.457001957782094, 'R2 - mean': 0.5637501698291091, 'R2 - std': 0.030022177428874083} 
 

Finished cross validation
Hyperparam was saved!!! Hurrah!!!
Trial 184 finished with value: 70.24848080309498 and parameters: {'max_depth': 4, 'n_estimators': 76}. Best is trial 142 with value: 70.04676320633254.
{'MSE - mean': 76.04095071617111, 'MSE - std': 0.0, 'R2 - mean': 0.5568840839262212, 'R2 - std': 0.0} 
 

{'MSE - mean': 73.1701395624174, 'MSE - std': 2.8708111537537064, 'R2 - mean': 0.5541878669609118, 'R2 - std': 0.002696216965309417} 
 

{'MSE - mean': 68.88012408326351, 'MSE - std': 6.5040630949510785, 'R2 - mean': 0.5676972290471615, 'R2 - std': 0.01923153968279221} 
 

{'MSE - mean': 71.69276248052398, 'MSE - std': 7.447142527074425, 'R2 - mean': 0.5557233975728957, 'R2 - std': 0.02659900391838878} 
 

{'MSE - mean': 70.18219016772586, 'MSE - std': 7.314045413013061, 'R2 - mean': 0.5641277805648891, 'R2 - std': 0.029129713720955203} 
 

Finished cross validation
Hyperparam was saved!!! Hurrah!!!
Trial 185 finished with value: 70.18219016772586 and parameters: {'max_depth': 4, 'n_estimators': 65}. Best is trial 142 with value: 70.04676320633254.
{'MSE - mean': 76.2273033459663, 'MSE - std': 0.0, 'R2 - mean': 0.555798145159192, 'R2 - std': 0.0} 
 

{'MSE - mean': 73.52292776205707, 'MSE - std': 2.704375583909247, 'R2 - mean': 0.5519885787945162, 'R2 - std': 0.003809566364675776} 
 

{'MSE - mean': 69.11143726679904, 'MSE - std': 6.6180255095760945, 'R2 - mean': 0.5662571078142757, 'R2 - std': 0.02041707711777939} 
 

{'MSE - mean': 71.89636207821424, 'MSE - std': 7.491069005806699, 'R2 - mean': 0.5544628386069295, 'R2 - std': 0.027017718943891} 
 

{'MSE - mean': 70.22112693347472, 'MSE - std': 7.491231076431156, 'R2 - mean': 0.5638966438771675, 'R2 - std': 0.030658643757543375} 
 

Finished cross validation
Hyperparam was saved!!! Hurrah!!!
Trial 186 finished with value: 70.22112693347472 and parameters: {'max_depth': 4, 'n_estimators': 58}. Best is trial 142 with value: 70.04676320633254.
{'MSE - mean': 76.3983806413178, 'MSE - std': 0.0, 'R2 - mean': 0.5548012208475528, 'R2 - std': 0.0} 
 

{'MSE - mean': 72.98718942556786, 'MSE - std': 3.4111912157499447, 'R2 - mean': 0.5554538517322055, 'R2 - std': 0.0006526308846527273} 
 

{'MSE - mean': 68.83814790634247, 'MSE - std': 6.495119300684067, 'R2 - mean': 0.5680035927537795, 'R2 - std': 0.017756011680504884} 
 

{'MSE - mean': 71.68877696284433, 'MSE - std': 7.4845299853034915, 'R2 - mean': 0.5557883917364578, 'R2 - std': 0.026155121310737713} 
 

{'MSE - mean': 70.11467530775869, 'MSE - std': 7.397684459538603, 'R2 - mean': 0.5645832005033673, 'R2 - std': 0.02926887325486854} 
 

Finished cross validation
Hyperparam was saved!!! Hurrah!!!
Trial 187 finished with value: 70.11467530775869 and parameters: {'max_depth': 4, 'n_estimators': 72}. Best is trial 142 with value: 70.04676320633254.
{'MSE - mean': 76.2594359622564, 'MSE - std': 0.0, 'R2 - mean': 0.5556108977146357, 'R2 - std': 0.0} 
 

{'MSE - mean': 73.48318350394857, 'MSE - std': 2.7762524583078374, 'R2 - mean': 0.5522510254010706, 'R2 - std': 0.003359872313565049} 
 

{'MSE - mean': 69.20044777140815, 'MSE - std': 6.466995890756693, 'R2 - mean': 0.5656557382043912, 'R2 - std': 0.019154594191855202} 
 

{'MSE - mean': 72.00510098164429, 'MSE - std': 7.413822615720016, 'R2 - mean': 0.5537602322430487, 'R2 - std': 0.026451522550129156} 
 

{'MSE - mean': 70.36019956661151, 'MSE - std': 7.402338500946612, 'R2 - mean': 0.5630079285389549, 'R2 - std': 0.03003041763447952} 
 

Finished cross validation
Hyperparam was saved!!! Hurrah!!!
Trial 188 finished with value: 70.36019956661151 and parameters: {'max_depth': 4, 'n_estimators': 72}. Best is trial 142 with value: 70.04676320633254.
{'MSE - mean': 75.92641631061994, 'MSE - std': 0.0, 'R2 - mean': 0.5575515140090881, 'R2 - std': 0.0} 
 

{'MSE - mean': 73.28282312097622, 'MSE - std': 2.643593189643717, 'R2 - mean': 0.5534372994455479, 'R2 - std': 0.004114214563540219} 
 

{'MSE - mean': 69.05032744926758, 'MSE - std': 6.362947104679696, 'R2 - mean': 0.5665578001171953, 'R2 - std': 0.018856817955299258} 
 

{'MSE - mean': 71.85521313880686, 'MSE - std': 7.346255718858438, 'R2 - mean': 0.554660291540003, 'R2 - std': 0.02629328466705073} 
 

{'MSE - mean': 70.34915805994308, 'MSE - std': 7.2281938319177454, 'R2 - mean': 0.5630452032958516, 'R2 - std': 0.028884190060992253} 
 

Finished cross validation
Hyperparam was saved!!! Hurrah!!!
Trial 189 finished with value: 70.34915805994308 and parameters: {'max_depth': 4, 'n_estimators': 64}. Best is trial 142 with value: 70.04676320633254.
{'MSE - mean': 75.82129771355503, 'MSE - std': 0.0, 'R2 - mean': 0.5581640750435848, 'R2 - std': 0.0} 
 

{'MSE - mean': 72.69206695173412, 'MSE - std': 3.1292307618208994, 'R2 - mean': 0.5571772655459115, 'R2 - std': 0.0009868094976733244} 
 

{'MSE - mean': 68.6257301506349, 'MSE - std': 6.292713781331972, 'R2 - mean': 0.5692578514516868, 'R2 - std': 0.01710351738610417} 
 

{'MSE - mean': 71.53265739321114, 'MSE - std': 7.419525795576132, 'R2 - mean': 0.5567099466318215, 'R2 - std': 0.026301092683342464} 
 

{'MSE - mean': 70.11594376237717, 'MSE - std': 7.21580213643215, 'R2 - mean': 0.5645292036468607, 'R2 - std': 0.02824820529058742} 
 

Finished cross validation
Hyperparam was saved!!! Hurrah!!!
Trial 190 finished with value: 70.11594376237717 and parameters: {'max_depth': 4, 'n_estimators': 70}. Best is trial 142 with value: 70.04676320633254.
{'MSE - mean': 76.08055500778678, 'MSE - std': 0.0, 'R2 - mean': 0.5566532965439694, 'R2 - std': 0.0} 
 

{'MSE - mean': 73.03075075704378, 'MSE - std': 3.0498042507430085, 'R2 - mean': 0.5550881084467676, 'R2 - std': 0.0015651880972017973} 
 

{'MSE - mean': 68.89103844932305, 'MSE - std': 6.362020640222907, 'R2 - mean': 0.5675994675469228, 'R2 - std': 0.017739825879993558} 
 

{'MSE - mean': 71.79574476611529, 'MSE - std': 7.461128355041547, 'R2 - mean': 0.555081990597017, 'R2 - std': 0.026572311797501448} 
 

{'MSE - mean': 70.25037998182609, 'MSE - std': 7.354410807835586, 'R2 - mean': 0.5637036855758026, 'R2 - std': 0.029363322370600003} 
 

Finished cross validation
Hyperparam was saved!!! Hurrah!!!
Trial 191 finished with value: 70.25037998182609 and parameters: {'max_depth': 4, 'n_estimators': 73}. Best is trial 142 with value: 70.04676320633254.
{'MSE - mean': 76.09575897689794, 'MSE - std': 0.0, 'R2 - mean': 0.5565646979581127, 'R2 - std': 0.0} 
 

{'MSE - mean': 73.40954596319622, 'MSE - std': 2.6862130137017104, 'R2 - mean': 0.5526756036087817, 'R2 - std': 0.0038890943493311014} 
 

{'MSE - mean': 69.22878404080164, 'MSE - std': 6.306190139337365, 'R2 - mean': 0.5654183878584754, 'R2 - std': 0.01829864669241469} 
 

{'MSE - mean': 72.00723087992998, 'MSE - std': 7.279102009773831, 'R2 - mean': 0.5536968134710759, 'R2 - std': 0.025754927129354878} 
 

{'MSE - mean': 70.4325381197874, 'MSE - std': 7.232350241127471, 'R2 - mean': 0.562514206980422, 'R2 - std': 0.029011010501968627} 
 

Finished cross validation
Hyperparam was saved!!! Hurrah!!!
Trial 192 finished with value: 70.4325381197874 and parameters: {'max_depth': 4, 'n_estimators': 69}. Best is trial 142 with value: 70.04676320633254.
{'MSE - mean': 76.02983770975905, 'MSE - std': 0.0, 'R2 - mean': 0.5569488431115055, 'R2 - std': 0.0} 
 

{'MSE - mean': 72.786303730324, 'MSE - std': 3.243533979435057, 'R2 - mean': 0.5566336613255098, 'R2 - std': 0.00031518178599559965} 
 

{'MSE - mean': 68.6422975467718, 'MSE - std': 6.431115736464724, 'R2 - mean': 0.5692063482237929, 'R2 - std': 0.01778232656478519} 
 

{'MSE - mean': 71.54738839750128, 'MSE - std': 7.505870753272371, 'R2 - mean': 0.5566575033268234, 'R2 - std': 0.026637921808712745} 
 

{'MSE - mean': 70.01500766395449, 'MSE - std': 7.379921372348432, 'R2 - mean': 0.5651941804215062, 'R2 - std': 0.029311474304531324} 
 

Finished cross validation
Hyperparam was saved!!! Hurrah!!!
