Trial 143 finished with value: 70.14265896198917 and parameters: {'max_depth': 4, 'n_estimators': 67}. Best is trial 142 with value: 70.04676320633254.
{'MSE - mean': 76.30100991904989, 'MSE - std': 0.0, 'R2 - mean': 0.5553686324381517, 'R2 - std': 0.0} 
 

{'MSE - mean': 73.40304248164898, 'MSE - std': 2.897967437400901, 'R2 - mean': 0.5527738114472065, 'R2 - std': 0.0025948209909452125} 
 

{'MSE - mean': 69.05249895922668, 'MSE - std': 6.591909287892644, 'R2 - mean': 0.566639552156687, 'R2 - std': 0.019723241657879757} 
 

{'MSE - mean': 71.8541789590509, 'MSE - std': 7.492541859015464, 'R2 - mean': 0.554737562970707, 'R2 - std': 0.026771752573765045} 
 

{'MSE - mean': 70.29985136812896, 'MSE - std': 7.387440953867852, 'R2 - mean': 0.5634110596531896, 'R2 - std': 0.029568557075056283} 
 

Finished cross validation
Hyperparam was saved!!! Hurrah!!!
Trial 144 finished with value: 70.29985136812896 and parameters: {'max_depth': 4, 'n_estimators': 68}. Best is trial 142 with value: 70.04676320633254.
{'MSE - mean': 76.2202401687323, 'MSE - std': 0.0, 'R2 - mean': 0.5558393046426144, 'R2 - std': 0.0} 
 

{'MSE - mean': 73.1562144328174, 'MSE - std': 3.064025735914896, 'R2 - mean': 0.5543262509882559, 'R2 - std': 0.0015130536543584983} 
 

{'MSE - mean': 69.00677226074053, 'MSE - std': 6.379230085654477, 'R2 - mean': 0.566875872748266, 'R2 - std': 0.017790790694793467} 
 

{'MSE - mean': 71.80351441610178, 'MSE - std': 7.347532403127826, 'R2 - mean': 0.555012900824011, 'R2 - std': 0.025682182223994297} 
 

{'MSE - mean': 70.2484461967729, 'MSE - std': 7.270621335145817, 'R2 - mean': 0.5636995235433032, 'R2 - std': 0.028800854919575812} 
 

Finished cross validation
Hyperparam was saved!!! Hurrah!!!
Trial 145 finished with value: 70.2484461967729 and parameters: {'max_depth': 4, 'n_estimators': 72}. Best is trial 142 with value: 70.04676320633254.
{'MSE - mean': 75.85109928798423, 'MSE - std': 0.0, 'R2 - mean': 0.5579904113554108, 'R2 - std': 0.0} 
 

{'MSE - mean': 73.16545370164494, 'MSE - std': 2.685645586339284, 'R2 - mean': 0.5541653021638151, 'R2 - std': 0.0038251091915957325} 
 

{'MSE - mean': 68.88017205402544, 'MSE - std': 6.444822656660015, 'R2 - mean': 0.5676608672828686, 'R2 - std': 0.019339463866671965} 
 

{'MSE - mean': 71.80192276845654, 'MSE - std': 7.5340351750363315, 'R2 - mean': 0.5550421783805508, 'R2 - std': 0.027535523888754448} 
 

{'MSE - mean': 70.19345960962832, 'MSE - std': 7.46712553451316, 'R2 - mean': 0.5640598094429705, 'R2 - std': 0.030525968298715817} 
 

Finished cross validation
Hyperparam was saved!!! Hurrah!!!
Trial 146 finished with value: 70.19345960962832 and parameters: {'max_depth': 4, 'n_estimators': 61}. Best is trial 142 with value: 70.04676320633254.
{'MSE - mean': 76.29535234871275, 'MSE - std': 0.0, 'R2 - mean': 0.5554016009825884, 'R2 - std': 0.0} 
 

{'MSE - mean': 73.49956474175836, 'MSE - std': 2.7957876069543914, 'R2 - mean': 0.5521564379799911, 'R2 - std': 0.003245163002597251} 
 

{'MSE - mean': 69.13846911507125, 'MSE - std': 6.576417136938542, 'R2 - mean': 0.5660826459478846, 'R2 - std': 0.019872072329586574} 
 

{'MSE - mean': 71.93182017566373, 'MSE - std': 7.472976462722446, 'R2 - mean': 0.5542409979767865, 'R2 - std': 0.026774023306527447} 
 

{'MSE - mean': 70.34759145321276, 'MSE - std': 7.396987518583327, 'R2 - mean': 0.563103947517499, 'R2 - std': 0.02979406245310716} 
 

Finished cross validation
Hyperparam was saved!!! Hurrah!!!
Trial 147 finished with value: 70.34759145321276 and parameters: {'max_depth': 4, 'n_estimators': 67}. Best is trial 142 with value: 70.04676320633254.
{'MSE - mean': 76.05874739904888, 'MSE - std': 0.0, 'R2 - mean': 0.5567803767347385, 'R2 - std': 0.0} 
 

{'MSE - mean': 73.0469040085228, 'MSE - std': 3.0118433905260815, 'R2 - mean': 0.5549790250513016, 'R2 - std': 0.0018013516834368137} 
 

{'MSE - mean': 68.80251454831567, 'MSE - std': 6.486690284924863, 'R2 - mean': 0.5681941034829704, 'R2 - std': 0.018746728812478172} 
 

{'MSE - mean': 71.68777904423463, 'MSE - std': 7.518784261676585, 'R2 - mean': 0.5557771003176741, 'R2 - std': 0.026946721204951476} 
 

{'MSE - mean': 70.11566867829029, 'MSE - std': 7.42373338891874, 'R2 - mean': 0.5645629306515199, 'R2 - std': 0.029827233957884836} 
 

Finished cross validation
Hyperparam was saved!!! Hurrah!!!
Trial 148 finished with value: 70.11566867829029 and parameters: {'max_depth': 4, 'n_estimators': 84}. Best is trial 142 with value: 70.04676320633254.
{'MSE - mean': 76.01392814673889, 'MSE - std': 0.0, 'R2 - mean': 0.557041553427797, 'R2 - std': 0.0} 
 

{'MSE - mean': 72.99260999601674, 'MSE - std': 3.021318150722152, 'R2 - mean': 0.5553130351635424, 'R2 - std': 0.001728518264254686} 
 

{'MSE - mean': 68.79252040569297, 'MSE - std': 6.431724551944138, 'R2 - mean': 0.5682406710574629, 'R2 - std': 0.018336831511236384} 
 

{'MSE - mean': 71.65346897372835, 'MSE - std': 7.455225728366109, 'R2 - mean': 0.5559727166944622, 'R2 - std': 0.026527111700326584} 
 

{'MSE - mean': 70.07054441099984, 'MSE - std': 7.381525127903482, 'R2 - mean': 0.5648302804674715, 'R2 - std': 0.029610401349880203} 
 

Finished cross validation
Hyperparam was saved!!! Hurrah!!!
Trial 149 finished with value: 70.07054441099984 and parameters: {'max_depth': 4, 'n_estimators': 100}. Best is trial 142 with value: 70.04676320633254.
{'MSE - mean': 76.75078899543524, 'MSE - std': 0.0, 'R2 - mean': 0.5527476201337785, 'R2 - std': 0.0} 
 

{'MSE - mean': 73.68810102513203, 'MSE - std': 3.062687970303223, 'R2 - mean': 0.5510794282097751, 'R2 - std': 0.0016681919240034149} 
 

{'MSE - mean': 69.32669144415145, 'MSE - std': 6.655611076510174, 'R2 - mean': 0.5649443580166356, 'R2 - std': 0.019655223223404975} 
 

{'MSE - mean': 72.05245861331457, 'MSE - std': 7.450656956456009, 'R2 - mean': 0.5535103017665598, 'R2 - std': 0.02611434044660324} 
 

{'MSE - mean': 70.56572134892829, 'MSE - std': 7.297354454834174, 'R2 - mean': 0.5617566536148633, 'R2 - std': 0.028593291115101723} 
 

Finished cross validation
Hyperparam was saved!!! Hurrah!!!
Trial 150 finished with value: 70.56572134892829 and parameters: {'max_depth': 5, 'n_estimators': 99}. Best is trial 142 with value: 70.04676320633254.
{'MSE - mean': 76.36361146628487, 'MSE - std': 0.0, 'R2 - mean': 0.5550038323969975, 'R2 - std': 0.0} 
 

{'MSE - mean': 73.57369942154685, 'MSE - std': 2.789912044738017, 'R2 - mean': 0.5517023217921166, 'R2 - std': 0.0033015106048808196} 
 

{'MSE - mean': 69.11655173314972, 'MSE - std': 6.702343160712571, 'R2 - mean': 0.5662593897597602, 'R2 - std': 0.0207625408804401} 
 

{'MSE - mean': 71.8734946430807, 'MSE - std': 7.516199538917202, 'R2 - mean': 0.5546245745031179, 'R2 - std': 0.027007760107560775} 
 

{'MSE - mean': 70.33107683824421, 'MSE - std': 7.396675952464174, 'R2 - mean': 0.5632217486737942, 'R2 - std': 0.0296509848016186} 
 

Finished cross validation
Hyperparam was saved!!! Hurrah!!!
Trial 151 finished with value: 70.33107683824421 and parameters: {'max_depth': 4, 'n_estimators': 83}. Best is trial 142 with value: 70.04676320633254.
{'MSE - mean': 76.02684891463085, 'MSE - std': 0.0, 'R2 - mean': 0.5569662598149885, 'R2 - std': 0.0} 
 

{'MSE - mean': 73.12956240485393, 'MSE - std': 2.8972865097769187, 'R2 - mean': 0.5544428517725428, 'R2 - std': 0.002523408042445663} 
 

{'MSE - mean': 68.84487595142572, 'MSE - std': 6.504863981786188, 'R2 - mean': 0.5679223098662953, 'R2 - std': 0.01917385302353823} 
 

{'MSE - mean': 71.73932060141976, 'MSE - std': 7.54111205736871, 'R2 - mean': 0.5554547766512254, 'R2 - std': 0.02724051455521347} 
 

{'MSE - mean': 70.23952962350103, 'MSE - std': 7.3818824671772685, 'R2 - mean': 0.5637868704279236, 'R2 - std': 0.02951832741537038} 
 

Finished cross validation
Hyperparam was saved!!! Hurrah!!!
Trial 152 finished with value: 70.23952962350103 and parameters: {'max_depth': 4, 'n_estimators': 93}. Best is trial 142 with value: 70.04676320633254.
{'MSE - mean': 75.8925367688386, 'MSE - std': 0.0, 'R2 - mean': 0.5577489413696249, 'R2 - std': 0.0} 
 

{'MSE - mean': 72.95941577302901, 'MSE - std': 2.9331209958095954, 'R2 - mean': 0.5554912703157063, 'R2 - std': 0.0022576710539186085} 
 

{'MSE - mean': 68.79594328168378, 'MSE - std': 6.35645122871898, 'R2 - mean': 0.5681877540767386, 'R2 - std': 0.018049915572658885} 
 

{'MSE - mean': 71.66472297305364, 'MSE - std': 7.415729560883473, 'R2 - mean': 0.5558809714289352, 'R2 - std': 0.02643331773644604} 
 

{'MSE - mean': 70.10565128635173, 'MSE - std': 7.329205552666055, 'R2 - mean': 0.5645931745230812, 'R2 - std': 0.029369817164213323} 
 

Finished cross validation
Hyperparam was saved!!! Hurrah!!!
Trial 153 finished with value: 70.10565128635173 and parameters: {'max_depth': 4, 'n_estimators': 86}. Best is trial 142 with value: 70.04676320633254.
{'MSE - mean': 76.12671489415868, 'MSE - std': 0.0, 'R2 - mean': 0.5563843075302484, 'R2 - std': 0.0} 
 

{'MSE - mean': 73.10194846785676, 'MSE - std': 3.024766426301923, 'R2 - mean': 0.5546466235169142, 'R2 - std': 0.0017376840133341842} 
 

{'MSE - mean': 68.81708079777525, 'MSE - std': 6.543673014651262, 'R2 - mean': 0.5681212411849067, 'R2 - std': 0.019108732901057263} 
 

{'MSE - mean': 71.67316718278423, 'MSE - std': 7.522395277297473, 'R2 - mean': 0.5558754861450504, 'R2 - std': 0.026902291803886397} 
 

{'MSE - mean': 70.18898543703693, 'MSE - std': 7.353932715490657, 'R2 - mean': 0.5641085209082479, 'R2 - std': 0.02915678461506414} 
 

Finished cross validation
Hyperparam was saved!!! Hurrah!!!
Trial 154 finished with value: 70.18898543703693 and parameters: {'max_depth': 4, 'n_estimators': 88}. Best is trial 142 with value: 70.04676320633254.
{'MSE - mean': 76.09338341395953, 'MSE - std': 0.0, 'R2 - mean': 0.5565785411536242, 'R2 - std': 0.0} 
 

{'MSE - mean': 73.5653852523765, 'MSE - std': 2.527998161583028, 'R2 - mean': 0.5516806955453262, 'R2 - std': 0.004897845608297979} 
 

{'MSE - mean': 69.06428560517148, 'MSE - std': 6.691809362057207, 'R2 - mean': 0.5665590054049776, 'R2 - std': 0.021417768393588964} 
 

{'MSE - mean': 71.85026743717374, 'MSE - std': 7.541241191496762, 'R2 - mean': 0.5547535686973846, 'R2 - std': 0.027606984800807487} 
 

{'MSE - mean': 70.23132984606643, 'MSE - std': 7.481984406710783, 'R2 - mean': 0.5638339733968156, 'R2 - std': 0.030651777857987457} 
 

Finished cross validation
Hyperparam was saved!!! Hurrah!!!
Trial 155 finished with value: 70.23132984606643 and parameters: {'max_depth': 4, 'n_estimators': 100}. Best is trial 142 with value: 70.04676320633254.
{'MSE - mean': 75.96823062167249, 'MSE - std': 0.0, 'R2 - mean': 0.5573078481083789, 'R2 - std': 0.0} 
 

{'MSE - mean': 73.05297608759054, 'MSE - std': 2.915254534081946, 'R2 - mean': 0.5549152733506985, 'R2 - std': 0.002392574757680399} 
 

{'MSE - mean': 68.752096006052, 'MSE - std': 6.531534655082223, 'R2 - mean': 0.5685176787660703, 'R2 - std': 0.019335644342741622} 
 

{'MSE - mean': 71.63437582079291, 'MSE - std': 7.5444230729919735, 'R2 - mean': 0.5561132036809376, 'R2 - std': 0.02723992222868435} 
 

{'MSE - mean': 70.16004178984261, 'MSE - std': 7.3640545179070775, 'R2 - mean': 0.5642855909566418, 'R2 - std': 0.029338751601869162} 
 

Finished cross validation
Hyperparam was saved!!! Hurrah!!!
Trial 156 finished with value: 70.16004178984261 and parameters: {'max_depth': 4, 'n_estimators': 94}. Best is trial 142 with value: 70.04676320633254.
{'MSE - mean': 76.24059736253626, 'MSE - std': 0.0, 'R2 - mean': 0.5557206765021694, 'R2 - std': 0.0} 
 

{'MSE - mean': 73.37732628327103, 'MSE - std': 2.863271079265239, 'R2 - mean': 0.5529211868567876, 'R2 - std': 0.0027994896453818474} 
 

{'MSE - mean': 69.11263204028698, 'MSE - std': 6.46844505950647, 'R2 - mean': 0.5662184131533398, 'R2 - std': 0.01894352701795091} 
 

{'MSE - mean': 71.91743434808463, 'MSE - std': 7.41493992378705, 'R2 - mean': 0.5543129080145137, 'R2 - std': 0.026350826737347687} 
 

{'MSE - mean': 70.39684032933964, 'MSE - std': 7.296155969965895, 'R2 - mean': 0.5627804334165469, 'R2 - std': 0.029022212209438538} 
 

Finished cross validation
Hyperparam was saved!!! Hurrah!!!
Trial 157 finished with value: 70.39684032933964 and parameters: {'max_depth': 4, 'n_estimators': 82}. Best is trial 142 with value: 70.04676320633254.
{'MSE - mean': 75.92389245191906, 'MSE - std': 0.0, 'R2 - mean': 0.5575662213733406, 'R2 - std': 0.0} 
 

{'MSE - mean': 72.97626594130045, 'MSE - std': 2.947626510618605, 'R2 - mean': 0.555392430895786, 'R2 - std': 0.0021737904775545047} 
 

{'MSE - mean': 68.83684490046043, 'MSE - std': 6.329450829582224, 'R2 - mean': 0.5679224578340897, 'R2 - std': 0.01780880101268576} 
 

{'MSE - mean': 71.70653180001659, 'MSE - std': 7.399443868124604, 'R2 - mean': 0.5556152849787874, 'R2 - std': 0.026310920854332388} 
 

{'MSE - mean': 70.13287468666653, 'MSE - std': 7.3285061566195395, 'R2 - mean': 0.56441965718056, 'R2 - std': 0.029391827510921} 
 

Finished cross validation
Hyperparam was saved!!! Hurrah!!!
Trial 158 finished with value: 70.13287468666653 and parameters: {'max_depth': 4, 'n_estimators': 78}. Best is trial 142 with value: 70.04676320633254.
{'MSE - mean': 76.05720853862312, 'MSE - std': 0.0, 'R2 - mean': 0.5567893441863663, 'R2 - std': 0.0} 
 

{'MSE - mean': 73.1508067090717, 'MSE - std': 2.906401829551406, 'R2 - mean': 0.5543157026156327, 'R2 - std': 0.0024736415707336534} 
 

{'MSE - mean': 69.07595220549346, 'MSE - std': 6.232200749377671, 'R2 - mean': 0.5663796432883846, 'R2 - std': 0.017180122162691446} 
 

{'MSE - mean': 71.89481715586435, 'MSE - std': 7.277928514398587, 'R2 - mean': 0.5544045102911296, 'R2 - std': 0.025526043153015193} 
 

{'MSE - mean': 70.31380273857042, 'MSE - std': 7.236920693176203, 'R2 - mean': 0.5632610118266904, 'R2 - std': 0.028896601548231284} 
 

Finished cross validation
Hyperparam was saved!!! Hurrah!!!
Trial 159 finished with value: 70.31380273857042 and parameters: {'max_depth': 4, 'n_estimators': 88}. Best is trial 142 with value: 70.04676320633254.
{'MSE - mean': 76.18103479916267, 'MSE - std': 0.0, 'R2 - mean': 0.5560677673733962, 'R2 - std': 0.0} 
 

{'MSE - mean': 73.33318894671746, 'MSE - std': 2.847845852445211, 'R2 - mean': 0.5531863236436503, 'R2 - std': 0.0028814437297459694} 
 

{'MSE - mean': 69.01749578574072, 'MSE - std': 6.531250435579876, 'R2 - mean': 0.5668368248453114, 'R2 - std': 0.019447557981013913} 
 

{'MSE - mean': 71.82013578071457, 'MSE - std': 7.4536767446326575, 'R2 - mean': 0.5549322053049719, 'R2 - std': 0.026623589779918383} 
 

{'MSE - mean': 70.3315747851038, 'MSE - std': 7.3013076199676155, 'R2 - mean': 0.5631970174827629, 'R2 - std': 0.02898759920297212} 
 

Finished cross validation
Hyperparam was saved!!! Hurrah!!!
Trial 160 finished with value: 70.3315747851038 and parameters: {'max_depth': 4, 'n_estimators': 78}. Best is trial 142 with value: 70.04676320633254.
{'MSE - mean': 76.27130443965093, 'MSE - std': 0.0, 'R2 - mean': 0.555541736148617, 'R2 - std': 0.0} 
 

{'MSE - mean': 73.79098869527348, 'MSE - std': 2.4803157443774566, 'R2 - mean': 0.5502905138027594, 'R2 - std': 0.005251222345857676} 
 

{'MSE - mean': 69.26838417012111, 'MSE - std': 6.7088906815058, 'R2 - mean': 0.5652713186070105, 'R2 - std': 0.02161556343432287} 
 

{'MSE - mean': 71.9904371668326, 'MSE - std': 7.482354454515954, 'R2 - mean': 0.5538651343991197, 'R2 - std': 0.027216310394512267} 
 

{'MSE - mean': 70.38658552655922, 'MSE - std': 7.42144614495331, 'R2 - mean': 0.5628527986524354, 'R2 - std': 0.03026044408321982} 
 

Finished cross validation
Hyperparam was saved!!! Hurrah!!!
Trial 161 finished with value: 70.38658552655922 and parameters: {'max_depth': 4, 'n_estimators': 86}. Best is trial 142 with value: 70.04676320633254.
{'MSE - mean': 76.37265462924329, 'MSE - std': 0.0, 'R2 - mean': 0.5549511348780846, 'R2 - std': 0.0} 
 

{'MSE - mean': 73.48045545585003, 'MSE - std': 2.8921991733932515, 'R2 - mean': 0.5522997153249947, 'R2 - std': 0.00265141955308984} 
 

{'MSE - mean': 69.11295752142574, 'MSE - std': 6.6126107138899295, 'R2 - mean': 0.5662640067666492, 'R2 - std': 0.01986679528004627} 
 

{'MSE - mean': 71.91976735681081, 'MSE - std': 7.511957780507813, 'R2 - mean': 0.5543345851126833, 'R2 - std': 0.02688773826521635} 
 

{'MSE - mean': 70.28057138275508, 'MSE - std': 7.476059224106482, 'R2 - mean': 0.5635386633572761, 'R2 - std': 0.03028565007632104} 
 

Finished cross validation
Hyperparam was saved!!! Hurrah!!!
Trial 162 finished with value: 70.28057138275508 and parameters: {'max_depth': 4, 'n_estimators': 94}. Best is trial 142 with value: 70.04676320633254.
{'MSE - mean': 76.18843710853331, 'MSE - std': 0.0, 'R2 - mean': 0.5560246316541958, 'R2 - std': 0.0} 
 

{'MSE - mean': 73.28553198948288, 'MSE - std': 2.9029051190504305, 'R2 - mean': 0.5534924195407027, 'R2 - std': 0.0025322121134931375} 
 

{'MSE - mean': 69.00122862269477, 'MSE - std': 6.506029211238089, 'R2 - mean': 0.566936683608899, 'R2 - std': 0.019125145876461597} 
 

{'MSE - mean': 71.83490138134735, 'MSE - std': 7.47230994957394, 'R2 - mean': 0.5548455007334139, 'R2 - std': 0.026700533956874748} 
 

{'MSE - mean': 70.35316860928617, 'MSE - std': 7.31098220605151, 'R2 - mean': 0.5630663099305738, 'R2 - std': 0.02899416538357696} 
 

Finished cross validation
Hyperparam was saved!!! Hurrah!!!
Trial 163 finished with value: 70.35316860928617 and parameters: {'max_depth': 4, 'n_estimators': 74}. Best is trial 142 with value: 70.04676320633254.
{'MSE - mean': 76.0536730023524, 'MSE - std': 0.0, 'R2 - mean': 0.5568099469323688, 'R2 - std': 0.0} 
 

{'MSE - mean': 73.04845548419647, 'MSE - std': 3.0052175181559377, 'R2 - mean': 0.5549677244892609, 'R2 - std': 0.0018422224431079437} 
 

{'MSE - mean': 68.8677014959844, 'MSE - std': 6.401429218608626, 'R2 - mean': 0.5677553923691601, 'R2 - std': 0.018146939741082228} 
 

{'MSE - mean': 71.74178582785127, 'MSE - std': 7.4508257442172185, 'R2 - mean': 0.5554174049609336, 'R2 - std': 0.026526616186983168} 
 

{'MSE - mean': 70.20432146461556, 'MSE - std': 7.339416195408955, 'R2 - mean': 0.5639901503311153, 'R2 - std': 0.029272802151367492} 
 

Finished cross validation
Hyperparam was saved!!! Hurrah!!!
Trial 164 finished with value: 70.20432146461556 and parameters: {'max_depth': 4, 'n_estimators': 80}. Best is trial 142 with value: 70.04676320633254.
{'MSE - mean': 75.89881038709228, 'MSE - std': 0.0, 'R2 - mean': 0.5577123829090402, 'R2 - std': 0.0} 
 

{'MSE - mean': 73.20744563641227, 'MSE - std': 2.691364750680016, 'R2 - mean': 0.5539105781551854, 'R2 - std': 0.003801804753854887} 
 

{'MSE - mean': 68.94816569816943, 'MSE - std': 6.411855737520228, 'R2 - mean': 0.5672222131336871, 'R2 - std': 0.019079702946483} 
 

{'MSE - mean': 71.78579637056086, 'MSE - std': 7.415548799500153, 'R2 - mean': 0.5551154267163652, 'R2 - std': 0.02669736186327185} 
 

{'MSE - mean': 70.16162727757765, 'MSE - std': 7.3853904547168066, 'R2 - mean': 0.5642371356019232, 'R2 - std': 0.03005031774105336} 
 

Finished cross validation
Hyperparam was saved!!! Hurrah!!!
Trial 165 finished with value: 70.16162727757765 and parameters: {'max_depth': 4, 'n_estimators': 57}. Best is trial 142 with value: 70.04676320633254.
{'MSE - mean': 76.21141320148742, 'MSE - std': 0.0, 'R2 - mean': 0.5558907423171837, 'R2 - std': 0.0} 
 

{'MSE - mean': 73.22751457085721, 'MSE - std': 2.9838986306302147, 'R2 - mean': 0.5538689183897263, 'R2 - std': 0.002021823927457478} 
 

{'MSE - mean': 68.85512745836967, 'MSE - std': 6.646149673418365, 'R2 - mean': 0.5679096847389451, 'R2 - std': 0.019925145436754138} 
 

{'MSE - mean': 71.68372549323229, 'MSE - std': 7.5585302565773596, 'R2 - mean': 0.5558245474630049, 'R2 - std': 0.027127664743611994} 
 

{'MSE - mean': 70.27602209189529, 'MSE - std': 7.323361193893097, 'R2 - mean': 0.5635748911453555, 'R2 - std': 0.02879235079550919} 
 

Finished cross validation
Hyperparam was saved!!! Hurrah!!!
Trial 166 finished with value: 70.27602209189529 and parameters: {'max_depth': 4, 'n_estimators': 85}. Best is trial 142 with value: 70.04676320633254.
{'MSE - mean': 80.20794953578931, 'MSE - std': 0.0, 'R2 - mean': 0.5326015955848333, 'R2 - std': 0.0} 
 

{'MSE - mean': 76.17654184987614, 'MSE - std': 4.031407685913159, 'R2 - mean': 0.5361585203539798, 'R2 - std': 0.0035569247691464856} 
 

{'MSE - mean': 71.82098483272564, 'MSE - std': 6.984023611977396, 'R2 - mean': 0.5493827154584277, 'R2 - std': 0.0189259913398633} 
 

{'MSE - mean': 74.33890076392683, 'MSE - std': 7.4566843348289495, 'R2 - mean': 0.5393477772313131, 'R2 - std': 0.02389026615200113} 
 

{'MSE - mean': 73.4476851626105, 'MSE - std': 6.903533443646472, 'R2 - mean': 0.543823914167213, 'R2 - std': 0.02316762959230975} 
 

Finished cross validation
Hyperparam was saved!!! Hurrah!!!
Trial 167 finished with value: 73.4476851626105 and parameters: {'max_depth': 11, 'n_estimators': 64}. Best is trial 142 with value: 70.04676320633254.
{'MSE - mean': 76.21462018239878, 'MSE - std': 0.0, 'R2 - mean': 0.5558720541725592, 'R2 - std': 0.0} 
 

{'MSE - mean': 73.48915317309866, 'MSE - std': 2.725467009300125, 'R2 - mean': 0.5522005553542133, 'R2 - std': 0.0036714988183458863} 
 

{'MSE - mean': 69.1809227876221, 'MSE - std': 6.486432896531744, 'R2 - mean': 0.5657800697957809, 'R2 - std': 0.019436898603418257} 
 

{'MSE - mean': 71.89789667988367, 'MSE - std': 7.3281102737745325, 'R2 - mean': 0.5544081674552802, 'R2 - std': 0.025909559220784268} 
 

{'MSE - mean': 70.32277179618741, 'MSE - std': 7.272209687889688, 'R2 - mean': 0.5632231385693369, 'R2 - std': 0.029118019681614357} 
 

Finished cross validation
Hyperparam was saved!!! Hurrah!!!
