Trial 145 finished with value: 897724989.861537 and parameters: {'max_depth': 10, 'n_estimators': 37}. Best is trial 42 with value: 827352971.3282602.
{'MSE - mean': 914572608.0115302, 'MSE - std': 0.0, 'R2 - mean': 0.8766968668857411, 'R2 - std': 0.0} 
 

{'MSE - mean': 1005298792.1638186, 'MSE - std': 90726184.15228844, 'R2 - mean': 0.857929335551166, 'R2 - std': 0.018767531334575094} 
 

{'MSE - mean': 1072327119.7040415, 'MSE - std': 120304143.92794381, 'R2 - mean': 0.8495466050562787, 'R2 - std': 0.01937405041189539} 
 

{'MSE - mean': 943455431.17425, 'MSE - std': 246330167.86060795, 'R2 - mean': 0.8616999851783801, 'R2 - std': 0.02691893974878774} 
 

{'MSE - mean': 900247861.3179948, 'MSE - std': 236665201.603702, 'R2 - mean': 0.8569477334434936, 'R2 - std': 0.025885112322839576} 
 

Finished cross validation
Hyperparam was saved!!! Hurrah!!!
Trial 146 finished with value: 900247861.3179948 and parameters: {'max_depth': 11, 'n_estimators': 41}. Best is trial 42 with value: 827352971.3282602.
{'MSE - mean': 891443449.7646642, 'MSE - std': 0.0, 'R2 - mean': 0.8798151514846366, 'R2 - std': 0.0} 
 

{'MSE - mean': 957226505.6132356, 'MSE - std': 65783055.84857142, 'R2 - mean': 0.8648458683496034, 'R2 - std': 0.014969283135033151} 
 

{'MSE - mean': 1042187817.8019365, 'MSE - std': 131612269.29445443, 'R2 - mean': 0.8538930326332829, 'R2 - std': 0.019731079853248665} 
 

{'MSE - mean': 917371320.9074585, 'MSE - std': 244394794.87635306, 'R2 - mean': 0.865596191969862, 'R2 - std': 0.026511854886136187} 
 

{'MSE - mean': 869736040.5196928, 'MSE - std': 238452369.16543308, 'R2 - mean': 0.8622134031036385, 'R2 - std': 0.024659193045528046} 
 

Finished cross validation
Hyperparam was saved!!! Hurrah!!!
Trial 147 finished with value: 869736040.5196928 and parameters: {'max_depth': 12, 'n_estimators': 55}. Best is trial 42 with value: 827352971.3282602.
{'MSE - mean': 861402070.0842806, 'MSE - std': 0.0, 'R2 - mean': 0.8838653452092442, 'R2 - std': 0.0} 
 

{'MSE - mean': 958266193.9797348, 'MSE - std': 96864123.89545417, 'R2 - mean': 0.864514155549553, 'R2 - std': 0.01935118965969118} 
 

{'MSE - mean': 1041630092.3912474, 'MSE - std': 141965435.16675434, 'R2 - mean': 0.8538452732967424, 'R2 - std': 0.02184710029299609} 
 

{'MSE - mean': 924688301.8689266, 'MSE - std': 236942578.90523505, 'R2 - mean': 0.8641456771875371, 'R2 - std': 0.02600513034671554} 
 

{'MSE - mean': 869938536.2887533, 'MSE - std': 238544704.16034514, 'R2 - mean': 0.8623119967002413, 'R2 - std': 0.023547037605560695} 
 

Finished cross validation
Hyperparam was saved!!! Hurrah!!!
Trial 148 finished with value: 869938536.2887533 and parameters: {'max_depth': 10, 'n_estimators': 69}. Best is trial 42 with value: 827352971.3282602.
{'MSE - mean': 806869154.5883783, 'MSE - std': 0.0, 'R2 - mean': 0.8912174999529987, 'R2 - std': 0.0} 
 

{'MSE - mean': 947858519.6182058, 'MSE - std': 140989365.02982742, 'R2 - mean': 0.8657162598263195, 'R2 - std': 0.025501240126679148} 
 

{'MSE - mean': 1060816396.9849225, 'MSE - std': 196903440.34424016, 'R2 - mean': 0.8510254806421186, 'R2 - std': 0.029413944846114502} 
 

{'MSE - mean': 935264877.1016388, 'MSE - std': 276347201.99335486, 'R2 - mean': 0.8627282157679931, 'R2 - std': 0.032553757722217386} 
 

{'MSE - mean': 880500638.495837, 'MSE - std': 270352932.5898604, 'R2 - mean': 0.8607099812294635, 'R2 - std': 0.029395421345500706} 
 

Finished cross validation
Hyperparam was saved!!! Hurrah!!!
Trial 149 finished with value: 880500638.495837 and parameters: {'max_depth': 11, 'n_estimators': 59}. Best is trial 42 with value: 827352971.3282602.
{'MSE - mean': 881764853.9837408, 'MSE - std': 0.0, 'R2 - mean': 0.8811200245734218, 'R2 - std': 0.0} 
 

{'MSE - mean': 978998442.5651506, 'MSE - std': 97233588.58140981, 'R2 - mean': 0.8615931904193219, 'R2 - std': 0.019526834154099892} 
 

{'MSE - mean': 1052146783.5910559, 'MSE - std': 130400434.89944172, 'R2 - mean': 0.8523560481083604, 'R2 - std': 0.020611835536904276} 
 

{'MSE - mean': 918080649.8304356, 'MSE - std': 258213844.96388695, 'R2 - mean': 0.8656797628370209, 'R2 - std': 0.029175331114872766} 
 

{'MSE - mean': 861933884.0368389, 'MSE - std': 256806053.3187476, 'R2 - mean': 0.8641449263221495, 'R2 - std': 0.026275137469469155} 
 

Finished cross validation
Hyperparam was saved!!! Hurrah!!!
Trial 150 finished with value: 861933884.0368389 and parameters: {'max_depth': 12, 'n_estimators': 47}. Best is trial 42 with value: 827352971.3282602.
{'MSE - mean': 868511019.7608922, 'MSE - std': 0.0, 'R2 - mean': 0.8829069130841191, 'R2 - std': 0.0} 
 

{'MSE - mean': 929021722.3296454, 'MSE - std': 60510702.56875324, 'R2 - mean': 0.8688480810583816, 'R2 - std': 0.014058832025737433} 
 

{'MSE - mean': 1031815531.7626697, 'MSE - std': 153538804.86405358, 'R2 - mean': 0.8553925530162326, 'R2 - std': 0.022223178029661957} 
 

{'MSE - mean': 912803866.9989333, 'MSE - std': 245299719.72837514, 'R2 - mean': 0.8661334371639189, 'R2 - std': 0.026767555139115516} 
 

{'MSE - mean': 860794226.1655939, 'MSE - std': 242811805.63866207, 'R2 - mean': 0.8638212789826657, 'R2 - std': 0.024384132306092314} 
 

Finished cross validation
Hyperparam was saved!!! Hurrah!!!
Trial 151 finished with value: 860794226.1655939 and parameters: {'max_depth': 10, 'n_estimators': 75}. Best is trial 42 with value: 827352971.3282602.
{'MSE - mean': 913509364.277802, 'MSE - std': 0.0, 'R2 - mean': 0.8768402139338424, 'R2 - std': 0.0} 
 

{'MSE - mean': 1028112302.6988534, 'MSE - std': 114602938.42105138, 'R2 - mean': 0.854575184794764, 'R2 - std': 0.022265029139078407} 
 

{'MSE - mean': 1112598988.8034976, 'MSE - std': 151762608.22212496, 'R2 - mean': 0.8438364996703278, 'R2 - std': 0.02368810668063008} 
 

{'MSE - mean': 975474017.9252783, 'MSE - std': 271447397.9537177, 'R2 - mean': 0.8570855205636136, 'R2 - std': 0.03078074824426555} 
 

{'MSE - mean': 921293946.8491137, 'MSE - std': 265873790.1560592, 'R2 - mean': 0.8542740405474136, 'R2 - std': 0.028099488420742703} 
 

Finished cross validation
Hyperparam was saved!!! Hurrah!!!
Trial 152 finished with value: 921293946.8491137 and parameters: {'max_depth': 10, 'n_estimators': 22}. Best is trial 42 with value: 827352971.3282602.
{'MSE - mean': 826162239.6533027, 'MSE - std': 0.0, 'R2 - mean': 0.8886163966451736, 'R2 - std': 0.0} 
 

{'MSE - mean': 967771568.008512, 'MSE - std': 141609328.35520935, 'R2 - mean': 0.8629091309366166, 'R2 - std': 0.025707265708556915} 
 

{'MSE - mean': 1025273636.6772817, 'MSE - std': 141356913.71083152, 'R2 - mean': 0.8559208227833234, 'R2 - std': 0.023200184808840067} 
 

{'MSE - mean': 904673786.572588, 'MSE - std': 242114238.17324823, 'R2 - mean': 0.8671192106833779, 'R2 - std': 0.02792665583369256} 
 

{'MSE - mean': 855534608.7742898, 'MSE - std': 237811014.5467213, 'R2 - mean': 0.864332647615534, 'R2 - std': 0.025592542268541876} 
 

Finished cross validation
Hyperparam was saved!!! Hurrah!!!
Trial 153 finished with value: 855534608.7742898 and parameters: {'max_depth': 11, 'n_estimators': 90}. Best is trial 42 with value: 827352971.3282602.
{'MSE - mean': 849486589.9182384, 'MSE - std': 0.0, 'R2 - mean': 0.8854717961614854, 'R2 - std': 0.0} 
 

{'MSE - mean': 971446035.1070409, 'MSE - std': 121959445.18880248, 'R2 - mean': 0.8625090015634891, 'R2 - std': 0.022962794597996383} 
 

{'MSE - mean': 1064986611.0409614, 'MSE - std': 165577019.9613243, 'R2 - mean': 0.8504889379426714, 'R2 - std': 0.025307913440862553} 
 

{'MSE - mean': 932464636.9366815, 'MSE - std': 270643738.1798088, 'R2 - mean': 0.8634099554775422, 'R2 - std': 0.03132452624473285} 
 

{'MSE - mean': 875802032.0640957, 'MSE - std': 267284547.95692888, 'R2 - mean': 0.8618030828162215, 'R2 - std': 0.02820122186296833} 
 

Finished cross validation
Hyperparam was saved!!! Hurrah!!!
Trial 154 finished with value: 875802032.0640957 and parameters: {'max_depth': 12, 'n_estimators': 92}. Best is trial 42 with value: 827352971.3282602.
{'MSE - mean': 924233811.0299432, 'MSE - std': 0.0, 'R2 - mean': 0.8753943386978333, 'R2 - std': 0.0} 
 

{'MSE - mean': 949118841.9509654, 'MSE - std': 24885030.921022177, 'R2 - mean': 0.8662311767921915, 'R2 - std': 0.009163161905641815} 
 

{'MSE - mean': 1038406386.1419649, 'MSE - std': 127895950.95732911, 'R2 - mean': 0.8545915109708773, 'R2 - std': 0.01808146375720394} 
 

{'MSE - mean': 906403215.2635442, 'MSE - std': 254052242.79532006, 'R2 - mean': 0.8676073083983961, 'R2 - std': 0.027448815033165392} 
 

{'MSE - mean': 848575324.1710492, 'MSE - std': 254971162.3072061, 'R2 - mean': 0.8665818233114188, 'R2 - std': 0.02463648587023711} 
 

Finished cross validation
Hyperparam was saved!!! Hurrah!!!
Trial 155 finished with value: 848575324.1710492 and parameters: {'max_depth': 11, 'n_estimators': 50}. Best is trial 42 with value: 827352971.3282602.
{'MSE - mean': 821127404.387861, 'MSE - std': 0.0, 'R2 - mean': 0.8892951956355488, 'R2 - std': 0.0} 
 

{'MSE - mean': 928689187.2208294, 'MSE - std': 107561782.83296835, 'R2 - mean': 0.8686143230276062, 'R2 - std': 0.020680872607942602} 
 

{'MSE - mean': 1041823188.0360556, 'MSE - std': 182514736.47824624, 'R2 - mean': 0.8538188076656247, 'R2 - std': 0.026887671478527633} 
 

{'MSE - mean': 919253639.4263659, 'MSE - std': 264676414.72738373, 'R2 - mean': 0.8651462532119796, 'R2 - std': 0.03044902668345609} 
 

{'MSE - mean': 873825508.1990074, 'MSE - std': 253569998.2994716, 'R2 - mean': 0.8612778493054648, 'R2 - std': 0.028312060608716022} 
 

Finished cross validation
Hyperparam was saved!!! Hurrah!!!
Trial 156 finished with value: 873825508.1990074 and parameters: {'max_depth': 12, 'n_estimators': 79}. Best is trial 42 with value: 827352971.3282602.
{'MSE - mean': 1408146000.5631638, 'MSE - std': 0.0, 'R2 - mean': 0.8101530570336498, 'R2 - std': 0.0} 
 

{'MSE - mean': 1643425151.706067, 'MSE - std': 235279151.14290333, 'R2 - mean': 0.7672295738350152, 'R2 - std': 0.04292348319863465} 
 

{'MSE - mean': 1752885115.143444, 'MSE - std': 246712693.56569505, 'R2 - mean': 0.753714660118659, 'R2 - std': 0.03991978697492537} 
 

{'MSE - mean': 1557994998.0425315, 'MSE - std': 399495729.77148646, 'R2 - mean': 0.7707834473417008, 'R2 - std': 0.04548870778433903} 
 

{'MSE - mean': 1490826338.9793591, 'MSE - std': 381738111.1782013, 'R2 - mean': 0.762170152402311, 'R2 - std': 0.044182954038439526} 
 

Finished cross validation
Hyperparam was saved!!! Hurrah!!!
Trial 157 finished with value: 1490826338.9793591 and parameters: {'max_depth': 3, 'n_estimators': 45}. Best is trial 42 with value: 827352971.3282602.
{'MSE - mean': 876244787.2751532, 'MSE - std': 0.0, 'R2 - mean': 0.8818642427078883, 'R2 - std': 0.0} 
 

{'MSE - mean': 955029997.1525521, 'MSE - std': 78785209.87739897, 'R2 - mean': 0.8650775668204203, 'R2 - std': 0.016786675887468128} 
 

{'MSE - mean': 1057208679.8863907, 'MSE - std': 158174079.0207488, 'R2 - mean': 0.8517624572194226, 'R2 - std': 0.023290468986413786} 
 

{'MSE - mean': 928893836.1727734, 'MSE - std': 261071593.25996518, 'R2 - mean': 0.8639512819970216, 'R2 - std': 0.029198232953080838} 
 

{'MSE - mean': 871045609.6628954, 'MSE - std': 260600020.50496837, 'R2 - mean': 0.8626593961828775, 'R2 - std': 0.026243195725617115} 
 

Finished cross validation
Hyperparam was saved!!! Hurrah!!!
Trial 158 finished with value: 871045609.6628954 and parameters: {'max_depth': 11, 'n_estimators': 65}. Best is trial 42 with value: 827352971.3282602.
{'MSE - mean': 856749942.2591379, 'MSE - std': 0.0, 'R2 - mean': 0.8844925473924972, 'R2 - std': 0.0} 
 

{'MSE - mean': 939961419.1334271, 'MSE - std': 83211476.87428921, 'R2 - mean': 0.8671725818897472, 'R2 - std': 0.017319965502749946} 
 

{'MSE - mean': 1056601297.2066785, 'MSE - std': 178397932.2646038, 'R2 - mean': 0.8518508705249445, 'R2 - std': 0.025874642959925365} 
 

{'MSE - mean': 925582241.8099308, 'MSE - std': 274531137.2292454, 'R2 - mean': 0.8645399329202633, 'R2 - std': 0.031387254971478346} 
 

{'MSE - mean': 869389375.9327269, 'MSE - std': 270045235.0045821, 'R2 - mean': 0.8629090772700196, 'R2 - std': 0.028262458851334944} 
 

Finished cross validation
Hyperparam was saved!!! Hurrah!!!
Trial 159 finished with value: 869389375.9327269 and parameters: {'max_depth': 11, 'n_estimators': 70}. Best is trial 42 with value: 827352971.3282602.
{'MSE - mean': 1273912842.1047652, 'MSE - std': 0.0, 'R2 - mean': 0.8282504381062465, 'R2 - std': 0.0} 
 

{'MSE - mean': 1360441813.0026076, 'MSE - std': 86528970.8978424, 'R2 - mean': 0.8079560279932236, 'R2 - std': 0.020294410113022965} 
 

{'MSE - mean': 1441673285.6767042, 'MSE - std': 134865165.41357672, 'R2 - mean': 0.7978533574601413, 'R2 - std': 0.02187928910386259} 
 

{'MSE - mean': 1294910869.9882767, 'MSE - std': 279748243.26102895, 'R2 - mean': 0.8093147427360683, 'R2 - std': 0.02744298682901538} 
 

{'MSE - mean': 1233809805.0767019, 'MSE - std': 278461171.8344577, 'R2 - mean': 0.80336588626256, 'R2 - std': 0.027277272485488977} 
 

Finished cross validation
Hyperparam was saved!!! Hurrah!!!
Trial 160 finished with value: 1233809805.0767019 and parameters: {'max_depth': 4, 'n_estimators': 40}. Best is trial 42 with value: 827352971.3282602.
{'MSE - mean': 787577054.5485951, 'MSE - std': 0.0, 'R2 - mean': 0.8938184704592452, 'R2 - std': 0.0} 
 

{'MSE - mean': 862694727.605775, 'MSE - std': 75117673.05717993, 'R2 - mean': 0.8780987346637877, 'R2 - std': 0.01571973579545749} 
 

{'MSE - mean': 1016574945.42829, 'MSE - std': 226097367.1037021, 'R2 - mean': 0.8575430485372024, 'R2 - std': 0.031777547523191826} 
 

{'MSE - mean': 908303749.9040458, 'MSE - std': 271123532.5440546, 'R2 - mean': 0.8664788303084167, 'R2 - std': 0.03157378631918942} 
 

{'MSE - mean': 854018938.3616002, 'MSE - std': 265694823.0134133, 'R2 - mean': 0.8648049946070678, 'R2 - std': 0.02843818014297517} 
 

Finished cross validation
Hyperparam was saved!!! Hurrah!!!
Trial 161 finished with value: 854018938.3616002 and parameters: {'max_depth': 11, 'n_estimators': 51}. Best is trial 42 with value: 827352971.3282602.
{'MSE - mean': 864662415.1654356, 'MSE - std': 0.0, 'R2 - mean': 0.8834257838665815, 'R2 - std': 0.0} 
 

{'MSE - mean': 943662202.6797959, 'MSE - std': 78999787.51436031, 'R2 - mean': 0.8666766870322176, 'R2 - std': 0.01674909683436393} 
 

{'MSE - mean': 1011207412.692041, 'MSE - std': 115262114.6607709, 'R2 - mean': 0.8581543767398822, 'R2 - std': 0.018228577617273464} 
 

{'MSE - mean': 901412046.4883748, 'MSE - std': 214776822.83348468, 'R2 - mean': 0.8674614956544697, 'R2 - std': 0.0225627606673596} 
 

{'MSE - mean': 855736412.9819462, 'MSE - std': 212716527.063628, 'R2 - mean': 0.8639801695204635, 'R2 - std': 0.02134809269586625} 
 

Finished cross validation
Hyperparam was saved!!! Hurrah!!!
Trial 162 finished with value: 855736412.9819462 and parameters: {'max_depth': 11, 'n_estimators': 49}. Best is trial 42 with value: 827352971.3282602.
{'MSE - mean': 896783408.7699394, 'MSE - std': 0.0, 'R2 - mean': 0.8790952155601575, 'R2 - std': 0.0} 
 

{'MSE - mean': 1017611726.0110133, 'MSE - std': 120828317.24107385, 'R2 - mean': 0.8560163714848565, 'R2 - std': 0.023078844075300864} 
 

{'MSE - mean': 1073506195.0808836, 'MSE - std': 126417449.3892297, 'R2 - mean': 0.8492456728736829, 'R2 - std': 0.021137015287595907} 
 

{'MSE - mean': 947890859.595583, 'MSE - std': 243564501.02552468, 'R2 - mean': 0.860824825568249, 'R2 - std': 0.02715346005251034} 
 

{'MSE - mean': 892062138.6157709, 'MSE - std': 244798523.83708742, 'R2 - mean': 0.8588618367496805, 'R2 - std': 0.024602065252045818} 
 

Finished cross validation
Hyperparam was saved!!! Hurrah!!!
Trial 163 finished with value: 892062138.6157709 and parameters: {'max_depth': 12, 'n_estimators': 43}. Best is trial 42 with value: 827352971.3282602.
{'MSE - mean': 2049509468.7030706, 'MSE - std': 0.0, 'R2 - mean': 0.723684115810253, 'R2 - std': 0.0} 
 

{'MSE - mean': 2162343877.495141, 'MSE - std': 112834408.79207039, 'R2 - mean': 0.6949044522120591, 'R2 - std': 0.028779663598194005} 
 

{'MSE - mean': 2288849734.628613, 'MSE - std': 201234191.05556124, 'R2 - mean': 0.6791590910186871, 'R2 - std': 0.03237301586357007} 
 

{'MSE - mean': 2106594879.6037605, 'MSE - std': 360585490.94178694, 'R2 - mean': 0.6880504389131986, 'R2 - std': 0.03198714302998817} 
 

{'MSE - mean': 2016462139.3909104, 'MSE - std': 369476874.0466609, 'R2 - mean': 0.6766554104593236, 'R2 - std': 0.03657770563109738} 
 

Finished cross validation
Hyperparam was saved!!! Hurrah!!!
Trial 164 finished with value: 2016462139.3909104 and parameters: {'max_depth': 2, 'n_estimators': 49}. Best is trial 42 with value: 827352971.3282602.
{'MSE - mean': 858976450.1684076, 'MSE - std': 0.0, 'R2 - mean': 0.8841923684906672, 'R2 - std': 0.0} 
 

{'MSE - mean': 967256549.0396082, 'MSE - std': 108280098.87120062, 'R2 - mean': 0.8631803850222424, 'R2 - std': 0.021011983468424755} 
 

{'MSE - mean': 1062454210.6999878, 'MSE - std': 161063888.2935781, 'R2 - mean': 0.8509004060516823, 'R2 - std': 0.024411706205965323} 
 

{'MSE - mean': 939916406.8820761, 'MSE - std': 253973861.2096442, 'R2 - mean': 0.862008350413765, 'R2 - std': 0.02858509810667345} 
 

{'MSE - mean': 892061298.8515848, 'MSE - std': 246500756.99808407, 'R2 - mean': 0.8583875418465956, 'R2 - std': 0.026573055634135583} 
 

Finished cross validation
Hyperparam was saved!!! Hurrah!!!
Trial 165 finished with value: 892061298.8515848 and parameters: {'max_depth': 12, 'n_estimators': 56}. Best is trial 42 with value: 827352971.3282602.
{'MSE - mean': 876662377.0994325, 'MSE - std': 0.0, 'R2 - mean': 0.881807943040438, 'R2 - std': 0.0} 
 

{'MSE - mean': 899751027.3316715, 'MSE - std': 23088650.232239008, 'R2 - mean': 0.8731920708135357, 'R2 - std': 0.0086158722269023} 
 

{'MSE - mean': 1014249838.4482006, 'MSE - std': 163019465.1175996, 'R2 - mean': 0.8580185163497461, 'R2 - std': 0.02258234589861527} 
 

{'MSE - mean': 899728911.4561744, 'MSE - std': 243467939.70204815, 'R2 - mean': 0.8680847461632712, 'R2 - std': 0.026200357014545244} 
 

{'MSE - mean': 850015905.433999, 'MSE - std': 239388475.08025843, 'R2 - mean': 0.8654532527424404, 'R2 - std': 0.024018034820676083} 
 

Finished cross validation
Hyperparam was saved!!! Hurrah!!!
Trial 166 finished with value: 850015905.433999 and parameters: {'max_depth': 11, 'n_estimators': 60}. Best is trial 42 with value: 827352971.3282602.
{'MSE - mean': 875309417.0051295, 'MSE - std': 0.0, 'R2 - mean': 0.8819903497921215, 'R2 - std': 0.0} 
 

{'MSE - mean': 950325370.1528375, 'MSE - std': 75015953.147708, 'R2 - mean': 0.86576237816905, 'R2 - std': 0.016227971623071547} 
 

{'MSE - mean': 1065221670.7103933, 'MSE - std': 173648827.3731321, 'R2 - mean': 0.850673560069008, 'R2 - std': 0.025117913368320675} 
 

{'MSE - mean': 937993542.8381004, 'MSE - std': 266789103.97861722, 'R2 - mean': 0.8625694893634833, 'R2 - std': 0.029962002274903525} 
 

{'MSE - mean': 885880261.5235237, 'MSE - std': 260392621.16822666, 'R2 - mean': 0.8598708098366974, 'R2 - std': 0.027336948421691695} 
 

Finished cross validation
Hyperparam was saved!!! Hurrah!!!
Trial 167 finished with value: 885880261.5235237 and parameters: {'max_depth': 10, 'n_estimators': 65}. Best is trial 42 with value: 827352971.3282602.
{'MSE - mean': 831902050.8895401, 'MSE - std': 0.0, 'R2 - mean': 0.887842552444382, 'R2 - std': 0.0} 
 

{'MSE - mean': 916201039.9074893, 'MSE - std': 84298989.01794916, 'R2 - mean': 0.870511170152124, 'R2 - std': 0.017331382292258057} 
 

{'MSE - mean': 996801970.4789673, 'MSE - std': 133156172.91089177, 'R2 - mean': 0.8601698361785296, 'R2 - std': 0.020350370630869734} 
 

{'MSE - mean': 889483681.1100744, 'MSE - std': 218745446.78096223, 'R2 - mean': 0.8691787091501506, 'R2 - std': 0.02353895845755992} 
 

{'MSE - mean': 840127713.1182883, 'MSE - std': 219143110.0800276, 'R2 - mean': 0.8667053853945618, 'R2 - std': 0.0216271906130506} 
 

Finished cross validation
Hyperparam was saved!!! Hurrah!!!
Trial 168 finished with value: 840127713.1182883 and parameters: {'max_depth': 12, 'n_estimators': 59}. Best is trial 42 with value: 827352971.3282602.
{'MSE - mean': 894317199.469398, 'MSE - std': 0.0, 'R2 - mean': 0.8794277111225748, 'R2 - std': 0.0} 
 

{'MSE - mean': 981583924.3550947, 'MSE - std': 87266724.88569671, 'R2 - mean': 0.8612886309082715, 'R2 - std': 0.018139080214303327} 
 

{'MSE - mean': 1068420491.5268902, 'MSE - std': 141979457.35638693, 'R2 - mean': 0.8501362013985284, 'R2 - std': 0.021635715579111318} 
 

{'MSE - mean': 934471867.6180091, 'MSE - std': 262574420.45001104, 'R2 - mean': 0.8632493167782338, 'R2 - std': 0.029443836814341245} 
 

{'MSE - mean': 887093942.5817497, 'MSE - std': 253248755.46129152, 'R2 - mean': 0.8595166010440864, 'R2 - std': 0.027373057704382392} 
 

Finished cross validation
Hyperparam was saved!!! Hurrah!!!
Trial 169 finished with value: 887093942.5817497 and parameters: {'max_depth': 12, 'n_estimators': 60}. Best is trial 42 with value: 827352971.3282602.
{'MSE - mean': 914753996.2510353, 'MSE - std': 0.0, 'R2 - mean': 0.8766724120332284, 'R2 - std': 0.0} 
 

{'MSE - mean': 977428179.4346538, 'MSE - std': 62674183.183618486, 'R2 - mean': 0.8620203413928613, 'R2 - std': 0.014652070640367165} 
 

{'MSE - mean': 1058306784.0383886, 'MSE - std': 125305225.44484603, 'R2 - mean': 0.851641863027086, 'R2 - std': 0.01893535693910402} 
 

{'MSE - mean': 928291199.8771589, 'MSE - std': 249976410.92150104, 'R2 - mean': 0.8641216750156934, 'R2 - std': 0.027132046156186362} 
 

{'MSE - mean': 873395300.979145, 'MSE - std': 249087943.66054714, 'R2 - mean': 0.8621648141459343, 'R2 - std': 0.024581203403241245} 
 

Finished cross validation
Hyperparam was saved!!! Hurrah!!!
