Trial 120 finished with value: 997089079.0529426 and parameters: {'max_depth': 12, 'n_estimators': 6}. Best is trial 42 with value: 827352971.3282602.
{'MSE - mean': 845480928.6208751, 'MSE - std': 0.0, 'R2 - mean': 0.8860118414064805, 'R2 - std': 0.0} 
 

{'MSE - mean': 941405876.1957011, 'MSE - std': 95924947.57482606, 'R2 - mean': 0.8668934133557573, 'R2 - std': 0.019118428050723224} 
 

{'MSE - mean': 1058812599.043272, 'MSE - std': 183583970.39075816, 'R2 - mean': 0.8514917250131654, 'R2 - std': 0.026797391695681565} 
 

{'MSE - mean': 929010642.4140382, 'MSE - std': 275359672.92372096, 'R2 - mean': 0.8639468744424539, 'R2 - std': 0.03168544450037825} 
 

{'MSE - mean': 871231838.4103886, 'MSE - std': 272051319.3250411, 'R2 - mean': 0.8626351988579877, 'R2 - std': 0.028461480739848704} 
 

Finished cross validation
Hyperparam was saved!!! Hurrah!!!
Trial 121 finished with value: 871231838.4103886 and parameters: {'max_depth': 12, 'n_estimators': 77}. Best is trial 42 with value: 827352971.3282602.
{'MSE - mean': 899991981.5589107, 'MSE - std': 0.0, 'R2 - mean': 0.8786626341836328, 'R2 - std': 0.0} 
 

{'MSE - mean': 969557418.823308, 'MSE - std': 69565437.26439732, 'R2 - mean': 0.8630873222094191, 'R2 - std': 0.015575311974213635} 
 

{'MSE - mean': 1094159211.0832653, 'MSE - std': 185141693.42239386, 'R2 - mean': 0.846656299738659, 'R2 - std': 0.026489316606233992} 
 

{'MSE - mean': 960293519.3236383, 'MSE - std': 281900967.1379901, 'R2 - mean': 0.8594473921927721, 'R2 - std': 0.031891990518122096} 
 

{'MSE - mean': 900119145.3176581, 'MSE - std': 279389236.3114831, 'R2 - mean': 0.8581754201451661, 'R2 - std': 0.028638276814884588} 
 

Finished cross validation
Hyperparam was saved!!! Hurrah!!!
Trial 122 finished with value: 900119145.3176581 and parameters: {'max_depth': 11, 'n_estimators': 67}. Best is trial 42 with value: 827352971.3282602.
{'MSE - mean': 839992357.5963501, 'MSE - std': 0.0, 'R2 - mean': 0.8867518132771836, 'R2 - std': 0.0} 
 

{'MSE - mean': 919531399.8624369, 'MSE - std': 79539042.26608682, 'R2 - mean': 0.8700706942370543, 'R2 - std': 0.016681119040129255} 
 

{'MSE - mean': 1036643613.6622515, 'MSE - std': 177899355.64411464, 'R2 - mean': 0.854661420470148, 'R2 - std': 0.025698208582199688} 
 

{'MSE - mean': 918953003.2005045, 'MSE - std': 255517856.3750865, 'R2 - mean': 0.8651227311548635, 'R2 - std': 0.028698702182801093} 
 

{'MSE - mean': 868879690.3587999, 'MSE - std': 249521234.7215931, 'R2 - mean': 0.8623073268411744, 'R2 - std': 0.026279239170490555} 
 

Finished cross validation
Hyperparam was saved!!! Hurrah!!!
Trial 123 finished with value: 868879690.3587999 and parameters: {'max_depth': 12, 'n_estimators': 81}. Best is trial 42 with value: 827352971.3282602.
{'MSE - mean': 853831891.2228652, 'MSE - std': 0.0, 'R2 - mean': 0.8848859604820735, 'R2 - std': 0.0} 
 

{'MSE - mean': 923197684.8544875, 'MSE - std': 69365793.63162231, 'R2 - mean': 0.8696152059977937, 'R2 - std': 0.01527075448427978} 
 

{'MSE - mean': 1042867095.6298399, 'MSE - std': 178463660.07697454, 'R2 - mean': 0.8538339077152708, 'R2 - std': 0.025564872631080256} 
 

{'MSE - mean': 912816098.3102498, 'MSE - std': 273178960.00152075, 'R2 - mean': 0.8664781217805981, 'R2 - std': 0.03114161977919558} 
 

{'MSE - mean': 863298648.100365, 'MSE - std': 263646177.38773245, 'R2 - mean': 0.8635412468314285, 'R2 - std': 0.028466494758677758} 
 

Finished cross validation
Hyperparam was saved!!! Hurrah!!!
Trial 124 finished with value: 863298648.100365 and parameters: {'max_depth': 11, 'n_estimators': 62}. Best is trial 42 with value: 827352971.3282602.
{'MSE - mean': 860749780.2591193, 'MSE - std': 0.0, 'R2 - mean': 0.8839532872473463, 'R2 - std': 0.0} 
 

{'MSE - mean': 932992908.6166128, 'MSE - std': 72243128.35749352, 'R2 - mean': 0.8682190404590036, 'R2 - std': 0.015734246788342787} 
 

{'MSE - mean': 1043503912.6526543, 'MSE - std': 167047130.34358358, 'R2 - mean': 0.8537200152336833, 'R2 - std': 0.02419685543550222} 
 

{'MSE - mean': 916907963.6030688, 'MSE - std': 262694044.02139658, 'R2 - mean': 0.865731696058848, 'R2 - std': 0.029528922914014794} 
 

{'MSE - mean': 859682489.4955251, 'MSE - std': 261353301.41168088, 'R2 - mean': 0.8644790507160819, 'R2 - std': 0.026530026614922153} 
 

Finished cross validation
Hyperparam was saved!!! Hurrah!!!
Trial 125 finished with value: 859682489.4955251 and parameters: {'max_depth': 10, 'n_estimators': 100}. Best is trial 42 with value: 827352971.3282602.
{'MSE - mean': 887326199.5647836, 'MSE - std': 0.0, 'R2 - mean': 0.880370241200875, 'R2 - std': 0.0} 
 

{'MSE - mean': 982887597.8065839, 'MSE - std': 95561398.24180031, 'R2 - mean': 0.8610556324423027, 'R2 - std': 0.019314608758572438} 
 

{'MSE - mean': 1058801017.3433766, 'MSE - std': 132716546.64794761, 'R2 - mean': 0.8514347099189298, 'R2 - std': 0.02082851510308158} 
 

{'MSE - mean': 932060561.2165921, 'MSE - std': 247789610.30134782, 'R2 - mean': 0.8633447284644322, 'R2 - std': 0.02740284485800896} 
 

{'MSE - mean': 876595091.6695083, 'MSE - std': 247841534.1038482, 'R2 - mean': 0.861502196369964, 'R2 - std': 0.0247853267706171} 
 

Finished cross validation
Hyperparam was saved!!! Hurrah!!!
Trial 126 finished with value: 876595091.6695083 and parameters: {'max_depth': 10, 'n_estimators': 86}. Best is trial 42 with value: 827352971.3282602.
{'MSE - mean': 861706326.6873263, 'MSE - std': 0.0, 'R2 - mean': 0.8838243251829526, 'R2 - std': 0.0} 
 

{'MSE - mean': 941384856.6135986, 'MSE - std': 79678529.92627233, 'R2 - mean': 0.8669932527033289, 'R2 - std': 0.016831072479623677} 
 

{'MSE - mean': 1044861761.8598666, 'MSE - std': 160148010.47624093, 'R2 - mean': 0.8534900908863334, 'R2 - std': 0.023527163563028475} 
 

{'MSE - mean': 924452274.4076716, 'MSE - std': 250461320.26747078, 'R2 - mean': 0.8643657343113976, 'R2 - std': 0.027748593274588666} 
 

{'MSE - mean': 872282151.0914128, 'MSE - std': 247126658.67411843, 'R2 - mean': 0.8619238411228138, 'R2 - std': 0.025295037306804727} 
 

Finished cross validation
Hyperparam was saved!!! Hurrah!!!
Trial 127 finished with value: 872282151.0914128 and parameters: {'max_depth': 9, 'n_estimators': 97}. Best is trial 42 with value: 827352971.3282602.
{'MSE - mean': 868319725.6390507, 'MSE - std': 0.0, 'R2 - mean': 0.8829327034526068, 'R2 - std': 0.0} 
 

{'MSE - mean': 960942968.2168301, 'MSE - std': 92623242.57777941, 'R2 - mean': 0.8641625985526643, 'R2 - std': 0.018770104899942464} 
 

{'MSE - mean': 1081320040.3418753, 'MSE - std': 186281120.0771874, 'R2 - mean': 0.8483567671946887, 'R2 - std': 0.027102149394530144} 
 

{'MSE - mean': 946533956.3182924, 'MSE - std': 283773425.66235083, 'R2 - mean': 0.8614781074147859, 'R2 - std': 0.03267114298378912} 
 

{'MSE - mean': 888428036.7175753, 'MSE - std': 279154217.7010704, 'R2 - mean': 0.8599522598900601, 'R2 - std': 0.02938087319615608} 
 

Finished cross validation
Hyperparam was saved!!! Hurrah!!!
Trial 128 finished with value: 888428036.7175753 and parameters: {'max_depth': 10, 'n_estimators': 100}. Best is trial 42 with value: 827352971.3282602.
{'MSE - mean': 853214611.2697402, 'MSE - std': 0.0, 'R2 - mean': 0.8849691824718446, 'R2 - std': 0.0} 
 

{'MSE - mean': 903061969.353483, 'MSE - std': 49847358.0837428, 'R2 - mean': 0.8725663775628509, 'R2 - std': 0.012402804908993759} 
 

{'MSE - mean': 1030039481.4130415, 'MSE - std': 184127899.05286816, 'R2 - mean': 0.855718715692651, 'R2 - std': 0.02588900282730503} 
 

{'MSE - mean': 908291085.468983, 'MSE - std': 264377245.90454268, 'R2 - mean': 0.8669597816288707, 'R2 - std': 0.029694528800630334} 
 

{'MSE - mean': 859637352.154885, 'MSE - std': 255704918.96569827, 'R2 - mean': 0.8639357727399315, 'R2 - std': 0.02723950351226512} 
 

Finished cross validation
Hyperparam was saved!!! Hurrah!!!
Trial 129 finished with value: 859637352.154885 and parameters: {'max_depth': 11, 'n_estimators': 52}. Best is trial 42 with value: 827352971.3282602.
{'MSE - mean': 944751306.2328777, 'MSE - std': 0.0, 'R2 - mean': 0.8726281598072595, 'R2 - std': 0.0} 
 

{'MSE - mean': 975270642.1773288, 'MSE - std': 30519335.944451094, 'R2 - mean': 0.8625158321840061, 'R2 - std': 0.010112327623253481} 
 

{'MSE - mean': 1082882861.7842648, 'MSE - std': 154213270.70583045, 'R2 - mean': 0.8483662861110709, 'R2 - std': 0.021646987968619906} 
 

{'MSE - mean': 944994304.7362106, 'MSE - std': 273634906.65616095, 'R2 - mean': 0.86198119857594, 'R2 - std': 0.0301254309573046} 
 

{'MSE - mean': 890033105.8351834, 'MSE - std': 268297937.4708905, 'R2 - mean': 0.8597227246388149, 'R2 - std': 0.027320982602925425} 
 

Finished cross validation
Hyperparam was saved!!! Hurrah!!!
Trial 130 finished with value: 890033105.8351834 and parameters: {'max_depth': 11, 'n_estimators': 53}. Best is trial 42 with value: 827352971.3282602.
{'MSE - mean': 888456478.6299601, 'MSE - std': 0.0, 'R2 - mean': 0.8802178564161036, 'R2 - std': 0.0} 
 

{'MSE - mean': 944789991.4833891, 'MSE - std': 56333512.85342914, 'R2 - mean': 0.8666530756164873, 'R2 - std': 0.013564780799616316} 
 

{'MSE - mean': 1104562366.3743365, 'MSE - std': 230586354.04158637, 'R2 - mean': 0.8453027672785195, 'R2 - std': 0.032161159561605174} 
 

{'MSE - mean': 952967423.5124079, 'MSE - std': 329879720.6658484, 'R2 - mean': 0.8611990693826502, 'R2 - std': 0.03916417240307331} 
 

{'MSE - mean': 894446289.7156022, 'MSE - std': 317419905.62773013, 'R2 - mean': 0.8595348727111762, 'R2 - std': 0.03518727216280767} 
 

Finished cross validation
Hyperparam was saved!!! Hurrah!!!
Trial 131 finished with value: 894446289.7156022 and parameters: {'max_depth': 12, 'n_estimators': 43}. Best is trial 42 with value: 827352971.3282602.
{'MSE - mean': 854524284.0879827, 'MSE - std': 0.0, 'R2 - mean': 0.8847926117322126, 'R2 - std': 0.0} 
 

{'MSE - mean': 925115939.6137841, 'MSE - std': 70591655.52580142, 'R2 - mean': 0.8693378370397994, 'R2 - std': 0.015454774692413187} 
 

{'MSE - mean': 1023613278.5711931, 'MSE - std': 150750034.10711735, 'R2 - mean': 0.8564950602427327, 'R2 - std': 0.022115768256624615} 
 

{'MSE - mean': 901536201.0030867, 'MSE - std': 248500740.82420996, 'R2 - mean': 0.8678959723893165, 'R2 - std': 0.027509503767024022} 
 

{'MSE - mean': 851380769.0967767, 'MSE - std': 243853160.63356432, 'R2 - mean': 0.8653202725684013, 'R2 - std': 0.025138718270352967} 
 

Finished cross validation
Hyperparam was saved!!! Hurrah!!!
Trial 132 finished with value: 851380769.0967767 and parameters: {'max_depth': 11, 'n_estimators': 58}. Best is trial 42 with value: 827352971.3282602.
{'MSE - mean': 856052016.2469255, 'MSE - std': 0.0, 'R2 - mean': 0.8845866421239967, 'R2 - std': 0.0} 
 

{'MSE - mean': 972833366.2107882, 'MSE - std': 116781349.96386272, 'R2 - mean': 0.8623445658622639, 'R2 - std': 0.0222420762617328} 
 

{'MSE - mean': 1040878004.5864272, 'MSE - std': 135469805.084372, 'R2 - mean': 0.8538492482459824, 'R2 - std': 0.021774927793791428} 
 

{'MSE - mean': 921818519.3239135, 'MSE - std': 237254155.20096266, 'R2 - mean': 0.8645703481922588, 'R2 - std': 0.02646576208033237} 
 

{'MSE - mean': 867828507.2068274, 'MSE - std': 238099376.23125008, 'R2 - mean': 0.8626103398234971, 'R2 - std': 0.023994078044731578} 
 

Finished cross validation
Hyperparam was saved!!! Hurrah!!!
Trial 133 finished with value: 867828507.2068274 and parameters: {'max_depth': 11, 'n_estimators': 57}. Best is trial 42 with value: 827352971.3282602.
{'MSE - mean': 904743784.9010453, 'MSE - std': 0.0, 'R2 - mean': 0.8780219936976883, 'R2 - std': 0.0} 
 

{'MSE - mean': 970932432.7168496, 'MSE - std': 66188647.81580424, 'R2 - mean': 0.8629138790794667, 'R2 - std': 0.01510811461822159} 
 

{'MSE - mean': 1100697884.4092324, 'MSE - std': 191308049.0700256, 'R2 - mean': 0.8457613966015112, 'R2 - std': 0.02721369866797528} 
 

{'MSE - mean': 967921460.2044518, 'MSE - std': 283439259.2832864, 'R2 - mean': 0.85827803743426, 'R2 - std': 0.032022459924272294} 
 

{'MSE - mean': 910686956.8201157, 'MSE - std': 278160752.9344367, 'R2 - mean': 0.8562450773226675, 'R2 - std': 0.02892891389151349} 
 

Finished cross validation
Hyperparam was saved!!! Hurrah!!!
Trial 134 finished with value: 910686956.8201157 and parameters: {'max_depth': 12, 'n_estimators': 53}. Best is trial 42 with value: 827352971.3282602.
{'MSE - mean': 856310901.9158591, 'MSE - std': 0.0, 'R2 - mean': 0.8845517390295696, 'R2 - std': 0.0} 
 

{'MSE - mean': 927922352.4869864, 'MSE - std': 71611450.57112736, 'R2 - mean': 0.8689366587384282, 'R2 - std': 0.015615080291141392} 
 

{'MSE - mean': 1026482271.5477672, 'MSE - std': 151151960.59750372, 'R2 - mean': 0.8560892665288691, 'R2 - std': 0.02219605358703088} 
 

{'MSE - mean': 906890974.7310055, 'MSE - std': 245033510.39663196, 'R2 - mean': 0.8670058289273899, 'R2 - std': 0.026963171177203135} 
 

{'MSE - mean': 858909971.5846779, 'MSE - std': 239252677.36338642, 'R2 - mean': 0.8638851192072898, 'R2 - std': 0.02491115004517918} 
 

Finished cross validation
Hyperparam was saved!!! Hurrah!!!
Trial 135 finished with value: 858909971.5846779 and parameters: {'max_depth': 11, 'n_estimators': 48}. Best is trial 42 with value: 827352971.3282602.
{'MSE - mean': 896922451.3882114, 'MSE - std': 0.0, 'R2 - mean': 0.8790764697653247, 'R2 - std': 0.0} 
 

{'MSE - mean': 926827446.7439384, 'MSE - std': 29904995.355727017, 'R2 - mean': 0.8693395062223108, 'R2 - std': 0.009736963543013843} 
 

{'MSE - mean': 1029142571.1920013, 'MSE - std': 146741184.44775224, 'R2 - mean': 0.8558879051713538, 'R2 - std': 0.020617875279156955} 
 

{'MSE - mean': 914584790.4910845, 'MSE - std': 235627219.9199511, 'R2 - mean': 0.8658125993507154, 'R2 - std': 0.02478550482503262} 
 

{'MSE - mean': 870039590.890975, 'MSE - std': 228808322.93301386, 'R2 - mean': 0.8618222524438168, 'R2 - std': 0.023561588938247623} 
 

Finished cross validation
Hyperparam was saved!!! Hurrah!!!
Trial 136 finished with value: 870039590.890975 and parameters: {'max_depth': 12, 'n_estimators': 46}. Best is trial 42 with value: 827352971.3282602.
{'MSE - mean': 887322671.0281631, 'MSE - std': 0.0, 'R2 - mean': 0.8803707169199342, 'R2 - std': 0.0} 
 

{'MSE - mean': 965487990.2215555, 'MSE - std': 78165319.19339246, 'R2 - mean': 0.8636089487353078, 'R2 - std': 0.016761768184626324} 
 

{'MSE - mean': 1046812875.5515184, 'MSE - std': 131532069.71786977, 'R2 - mean': 0.853190758020669, 'R2 - std': 0.020109251038181647} 
 

{'MSE - mean': 937066657.507112, 'MSE - std': 221603725.48391682, 'R2 - mean': 0.8621018327414012, 'R2 - std': 0.023270329628582314} 
 

{'MSE - mean': 881001824.1832625, 'MSE - std': 227727097.77539673, 'R2 - mean': 0.860418350458336, 'R2 - std': 0.021084189413109432} 
 

Finished cross validation
Hyperparam was saved!!! Hurrah!!!
Trial 137 finished with value: 881001824.1832625 and parameters: {'max_depth': 11, 'n_estimators': 34}. Best is trial 42 with value: 827352971.3282602.
{'MSE - mean': 907410688.8608826, 'MSE - std': 0.0, 'R2 - mean': 0.8776624403816561, 'R2 - std': 0.0} 
 

{'MSE - mean': 960000355.8144262, 'MSE - std': 52589666.9535436, 'R2 - mean': 0.864534029958135, 'R2 - std': 0.013128410423521142} 
 

{'MSE - mean': 1088064601.3112404, 'MSE - std': 186130824.94899407, 'R2 - mean': 0.8475824086368187, 'R2 - std': 0.026260585884709985} 
 

{'MSE - mean': 948461459.6740408, 'MSE - std': 290603896.1577648, 'R2 - mean': 0.8614699482634316, 'R2 - std': 0.033102946226860414} 
 

{'MSE - mean': 894864102.6498932, 'MSE - std': 281160463.5960649, 'R2 - mean': 0.85885538482067, 'R2 - std': 0.030066389991211633} 
 

Finished cross validation
Hyperparam was saved!!! Hurrah!!!
Trial 138 finished with value: 894864102.6498932 and parameters: {'max_depth': 10, 'n_estimators': 48}. Best is trial 42 with value: 827352971.3282602.
{'MSE - mean': 885270094.548524, 'MSE - std': 0.0, 'R2 - mean': 0.8806474463000612, 'R2 - std': 0.0} 
 

{'MSE - mean': 970107242.5290017, 'MSE - std': 84837147.98047763, 'R2 - mean': 0.8629188482211418, 'R2 - std': 0.0177285980789193} 
 

{'MSE - mean': 1060390302.8342766, 'MSE - std': 145259387.7900704, 'R2 - mean': 0.851275556111904, 'R2 - std': 0.021924141081875664} 
 

{'MSE - mean': 927084976.8876339, 'MSE - std': 262937534.56492546, 'R2 - mean': 0.8643533387344453, 'R2 - std': 0.02955649110772157} 
 

{'MSE - mean': 862991983.2871653, 'MSE - std': 267844292.41845706, 'R2 - mean': 0.8644529115714301, 'R2 - std': 0.02643687939754085} 
 

Finished cross validation
Hyperparam was saved!!! Hurrah!!!
Trial 139 finished with value: 862991983.2871653 and parameters: {'max_depth': 12, 'n_estimators': 58}. Best is trial 42 with value: 827352971.3282602.
{'MSE - mean': 902444538.3704913, 'MSE - std': 0.0, 'R2 - mean': 0.8783319792565559, 'R2 - std': 0.0} 
 

{'MSE - mean': 927055508.514631, 'MSE - std': 24610970.144139707, 'R2 - mean': 0.8693389680171932, 'R2 - std': 0.008993011239362747} 
 

{'MSE - mean': 1045688158.2413632, 'MSE - std': 168971036.1669367, 'R2 - mean': 0.8536152097846849, 'R2 - std': 0.02341771366600408} 
 

{'MSE - mean': 925449625.806539, 'MSE - std': 254529609.9547889, 'R2 - mean': 0.8643905230609851, 'R2 - std': 0.027561097830355923} 
 

{'MSE - mean': 872094081.5070584, 'MSE - std': 251426956.20192555, 'R2 - mean': 0.8621633319582956, 'R2 - std': 0.025050605017107964} 
 

Finished cross validation
Hyperparam was saved!!! Hurrah!!!
Trial 140 finished with value: 872094081.5070584 and parameters: {'max_depth': 9, 'n_estimators': 72}. Best is trial 42 with value: 827352971.3282602.
{'MSE - mean': 892663704.1406794, 'MSE - std': 0.0, 'R2 - mean': 0.8796506361837835, 'R2 - std': 0.0} 
 

{'MSE - mean': 970029152.8120399, 'MSE - std': 77365448.6713605, 'R2 - mean': 0.8629743969832806, 'R2 - std': 0.016676239200502818} 
 

{'MSE - mean': 1069476081.460415, 'MSE - std': 154174116.93905476, 'R2 - mean': 0.8500459776781444, 'R2 - std': 0.022796623011031625} 
 

{'MSE - mean': 939342436.921915, 'MSE - std': 261976220.43435737, 'R2 - mean': 0.862435668034734, 'R2 - std': 0.029159523263023897} 
 

{'MSE - mean': 887757378.5337429, 'MSE - std': 256025985.11499044, 'R2 - mean': 0.8595859660636034, 'R2 - std': 0.026696543649666175} 
 

Finished cross validation
Hyperparam was saved!!! Hurrah!!!
Trial 141 finished with value: 887757378.5337429 and parameters: {'max_depth': 11, 'n_estimators': 52}. Best is trial 42 with value: 827352971.3282602.
{'MSE - mean': 854328803.646875, 'MSE - std': 0.0, 'R2 - mean': 0.8848189665023423, 'R2 - std': 0.0} 
 

{'MSE - mean': 934644474.3040087, 'MSE - std': 80315670.65713364, 'R2 - mean': 0.8679383890538908, 'R2 - std': 0.016880577448451506} 
 

{'MSE - mean': 1051691914.8081537, 'MSE - std': 178046654.81987077, 'R2 - mean': 0.8525505792436773, 'R2 - std': 0.025759243871654826} 
 

{'MSE - mean': 927703513.8665085, 'MSE - std': 264376302.2163828, 'R2 - mean': 0.864003354181227, 'R2 - std': 0.02985217152804868} 
 

{'MSE - mean': 870399926.3169104, 'MSE - std': 262774937.77585477, 'R2 - mean': 0.8626327522353548, 'R2 - std': 0.026840937292280702} 
 

Finished cross validation
Hyperparam was saved!!! Hurrah!!!
Trial 142 finished with value: 870399926.3169104 and parameters: {'max_depth': 11, 'n_estimators': 50}. Best is trial 42 with value: 827352971.3282602.
{'MSE - mean': 849280237.7998202, 'MSE - std': 0.0, 'R2 - mean': 0.8854996166565482, 'R2 - std': 0.0} 
 

{'MSE - mean': 907675390.078018, 'MSE - std': 58395152.278197825, 'R2 - mean': 0.8718659113415783, 'R2 - std': 0.013633705314969935} 
 

{'MSE - mean': 1041253851.4213747, 'MSE - std': 194832594.49104816, 'R2 - mean': 0.8541236117170751, 'R2 - std': 0.027449899921036615} 
 

{'MSE - mean': 920482929.3199892, 'MSE - std': 268750166.107375, 'R2 - mean': 0.8650719389049828, 'R2 - std': 0.030409215032562747} 
 

{'MSE - mean': 867404617.3427773, 'MSE - std': 262774713.84361598, 'R2 - mean': 0.8628680060182822, 'R2 - std': 0.027553685194427892} 
 

Finished cross validation
Hyperparam was saved!!! Hurrah!!!
Trial 143 finished with value: 867404617.3427773 and parameters: {'max_depth': 11, 'n_estimators': 65}. Best is trial 42 with value: 827352971.3282602.
{'MSE - mean': 847320494.504814, 'MSE - std': 0.0, 'R2 - mean': 0.8857638302206295, 'R2 - std': 0.0} 
 

{'MSE - mean': 939481782.8962584, 'MSE - std': 92161288.39144439, 'R2 - mean': 0.8671867375989066, 'R2 - std': 0.018577092621722857} 
 

{'MSE - mean': 1051982127.7586464, 'MSE - std': 175997511.0817189, 'R2 - mean': 0.8524562562867001, 'R2 - std': 0.02576909789319846} 
 

{'MSE - mean': 919267786.2633758, 'MSE - std': 275809050.33335954, 'R2 - mean': 0.8655152197131124, 'R2 - std': 0.03177490176206766} 
 

{'MSE - mean': 870196875.7013468, 'MSE - std': 265496370.69116095, 'R2 - mean': 0.8623839665113572, 'R2 - std': 0.0291021389599674} 
 

Finished cross validation
Hyperparam was saved!!! Hurrah!!!
Trial 144 finished with value: 870196875.7013468 and parameters: {'max_depth': 12, 'n_estimators': 62}. Best is trial 42 with value: 827352971.3282602.
{'MSE - mean': 950852448.1179072, 'MSE - std': 0.0, 'R2 - mean': 0.8718056008289905, 'R2 - std': 0.0} 
 

{'MSE - mean': 984011402.504241, 'MSE - std': 33158954.386333823, 'R2 - mean': 0.8612695354151298, 'R2 - std': 0.010536065413860651} 
 

{'MSE - mean': 1084974411.421921, 'MSE - std': 145327454.99991775, 'R2 - mean': 0.848053222625067, 'R2 - std': 0.02057541325141075} 
 

{'MSE - mean': 948131217.7407846, 'MSE - std': 268362126.3388779, 'R2 - mean': 0.8614595854357552, 'R2 - std': 0.029269479228116794} 
 

{'MSE - mean': 897724989.861537, 'MSE - std': 260341575.47068363, 'R2 - mean': 0.8581508582012198, 'R2 - std': 0.027002826427586342} 
 

Finished cross validation
Hyperparam was saved!!! Hurrah!!!
