Trial 148 finished with value: 301334.955459465 and parameters: {'max_depth': 11, 'n_estimators': 64}. Best is trial 144 with value: 292306.8612907619.
{'MSE - mean': 288978.37390520016, 'MSE - std': 0.0, 'R2 - mean': 0.9812051155603674, 'R2 - std': 0.0} 
 

{'MSE - mean': 291112.9370210713, 'MSE - std': 2134.5631158711913, 'R2 - mean': 0.9813586760833104, 'R2 - std': 0.00015356052294301925} 
 

{'MSE - mean': 303628.7645528266, 'MSE - std': 17785.65294667895, 'R2 - mean': 0.9807439629729789, 'R2 - std': 0.0008783307874396938} 
 

{'MSE - mean': 303897.5425691528, 'MSE - std': 15409.860898819397, 'R2 - mean': 0.9808567002740334, 'R2 - std': 0.0007853202062028068} 
 

{'MSE - mean': 305487.56051093317, 'MSE - std': 14145.093798116166, 'R2 - mean': 0.9808083481015281, 'R2 - std': 0.000709037369509037} 
 

Finished cross validation
Hyperparam was saved!!! Hurrah!!!
Trial 149 finished with value: 305487.56051093317 and parameters: {'max_depth': 12, 'n_estimators': 11}. Best is trial 144 with value: 292306.8612907619.
{'MSE - mean': 297945.098049845, 'MSE - std': 0.0, 'R2 - mean': 0.9806219281687879, 'R2 - std': 0.0} 
 

{'MSE - mean': 301901.70836682775, 'MSE - std': 3956.6103169827256, 'R2 - mean': 0.980669558402854, 'R2 - std': 4.7630234066065036e-05} 
 

{'MSE - mean': 312789.6864192, 'MSE - std': 15733.17012783869, 'R2 - mean': 0.9801618599829475, 'R2 - std': 0.0007190464500172055} 
 

{'MSE - mean': 314749.54247498786, 'MSE - std': 14041.815729522375, 'R2 - mean': 0.9801744128129953, 'R2 - std': 0.0006230919423234316} 
 

{'MSE - mean': 315141.45340544503, 'MSE - std': 12583.816904863832, 'R2 - mean': 0.9802020784942995, 'R2 - std': 0.0005600503678766731} 
 

Finished cross validation
Hyperparam was saved!!! Hurrah!!!
Trial 150 finished with value: 315141.45340544503 and parameters: {'max_depth': 10, 'n_estimators': 89}. Best is trial 144 with value: 292306.8612907619.
{'MSE - mean': 272960.85655387625, 'MSE - std': 0.0, 'R2 - mean': 0.9822468799787897, 'R2 - std': 0.0} 
 

{'MSE - mean': 279443.0378334753, 'MSE - std': 6482.181279599026, 'R2 - mean': 0.9821103745808251, 'R2 - std': 0.0001365053979646147} 
 

{'MSE - mean': 291443.817156046, 'MSE - std': 17777.79114867208, 'R2 - mean': 0.9815196606596883, 'R2 - std': 0.0008427979328986887} 
 

{'MSE - mean': 293441.15698512335, 'MSE - std': 15779.907882266263, 'R2 - mean': 0.9815197950997139, 'R2 - std': 0.0007298844572917609} 
 

{'MSE - mean': 293865.1270278455, 'MSE - std': 14139.4270254049, 'R2 - mean': 0.9815413056751053, 'R2 - std': 0.0006542445079720288} 
 

Finished cross validation
Hyperparam was saved!!! Hurrah!!!
Trial 151 finished with value: 293865.1270278455 and parameters: {'max_depth': 12, 'n_estimators': 82}. Best is trial 144 with value: 292306.8612907619.
{'MSE - mean': 281915.71002450096, 'MSE - std': 0.0, 'R2 - mean': 0.9816644646447984, 'R2 - std': 0.0} 
 

{'MSE - mean': 286732.0715697333, 'MSE - std': 4816.361545232387, 'R2 - mean': 0.9816419093925703, 'R2 - std': 2.255525222799593e-05} 
 

{'MSE - mean': 298627.6381996739, 'MSE - std': 17276.397287946722, 'R2 - mean': 0.9810624661977042, 'R2 - std': 0.0008196633404973974} 
 

{'MSE - mean': 300909.2717509179, 'MSE - std': 15474.914617687438, 'R2 - mean': 0.9810485147204979, 'R2 - std': 0.0007102604627636443} 
 

{'MSE - mean': 301569.76686443563, 'MSE - std': 13904.078578593271, 'R2 - mean': 0.9810567319764513, 'R2 - std': 0.0006354888143419934} 
 

Finished cross validation
Hyperparam was saved!!! Hurrah!!!
Trial 152 finished with value: 301569.76686443563 and parameters: {'max_depth': 11, 'n_estimators': 82}. Best is trial 144 with value: 292306.8612907619.
{'MSE - mean': 271883.1010789438, 'MSE - std': 0.0, 'R2 - mean': 0.9823169761916369, 'R2 - std': 0.0} 
 

{'MSE - mean': 278109.1109860454, 'MSE - std': 6226.009907101572, 'R2 - mean': 0.9821955464899224, 'R2 - std': 0.00012142970171452605} 
 

{'MSE - mean': 290820.26261354814, 'MSE - std': 18681.24418510757, 'R2 - mean': 0.9815598789321806, 'R2 - std': 0.000904420589606134} 
 

{'MSE - mean': 293121.3053089357, 'MSE - std': 16662.11438220555, 'R2 - mean': 0.9815408363090877, 'R2 - std': 0.0007839453531084874} 
 

{'MSE - mean': 293126.6005510435, 'MSE - std': 14903.051925928348, 'R2 - mean': 0.9815881408110766, 'R2 - std': 0.0007075359474697839} 
 

Finished cross validation
Hyperparam was saved!!! Hurrah!!!
Trial 153 finished with value: 293126.6005510435 and parameters: {'max_depth': 12, 'n_estimators': 74}. Best is trial 144 with value: 292306.8612907619.
{'MSE - mean': 273544.7552150202, 'MSE - std': 0.0, 'R2 - mean': 0.9822089037533983, 'R2 - std': 0.0} 
 

{'MSE - mean': 278793.0633792643, 'MSE - std': 5248.308164244139, 'R2 - mean': 0.9821507699720293, 'R2 - std': 5.8133781369040793e-05} 
 

{'MSE - mean': 291760.10464984993, 'MSE - std': 18832.19258833278, 'R2 - mean': 0.981499867980614, 'R2 - std': 0.0009217373971010708} 
 

{'MSE - mean': 293988.29885250377, 'MSE - std': 16759.569101777724, 'R2 - mean': 0.9814858231990581, 'R2 - std': 0.0007986185820389132} 
 

{'MSE - mean': 294182.6407591315, 'MSE - std': 14995.25259168704, 'R2 - mean': 0.9815216000076266, 'R2 - std': 0.0007178810707823916} 
 

Finished cross validation
Hyperparam was saved!!! Hurrah!!!
Trial 154 finished with value: 294182.6407591315 and parameters: {'max_depth': 12, 'n_estimators': 69}. Best is trial 144 with value: 292306.8612907619.
{'MSE - mean': 273406.1174920526, 'MSE - std': 0.0, 'R2 - mean': 0.9822179206218474, 'R2 - std': 0.0} 
 

{'MSE - mean': 278822.69953665696, 'MSE - std': 5416.582044604322, 'R2 - mean': 0.9821490397956101, 'R2 - std': 6.88808262373497e-05} 
 

{'MSE - mean': 291956.3668127063, 'MSE - std': 19093.08791857826, 'R2 - mean': 0.9814877129583408, 'R2 - std': 0.0009369468591479191} 
 

{'MSE - mean': 293503.3143453116, 'MSE - std': 16750.780420798917, 'R2 - mean': 0.9815157225884354, 'R2 - std': 0.0008128687967836393} 
 

{'MSE - mean': 293583.4724815789, 'MSE - std': 14983.211173573429, 'R2 - mean': 0.9815586469239704, 'R2 - std': 0.0007321028199317996} 
 

Finished cross validation
Hyperparam was saved!!! Hurrah!!!
Trial 155 finished with value: 293583.4724815789 and parameters: {'max_depth': 12, 'n_estimators': 75}. Best is trial 144 with value: 292306.8612907619.
{'MSE - mean': 1644768.9549675172, 'MSE - std': 0.0, 'R2 - mean': 0.8930257582228253, 'R2 - std': 0.0} 
 

{'MSE - mean': 1639667.3893428086, 'MSE - std': 5101.565624708426, 'R2 - mean': 0.8949873483118447, 'R2 - std': 0.0019615900890193605} 
 

{'MSE - mean': 1672222.3205210895, 'MSE - std': 46227.67283702867, 'R2 - mean': 0.8938954894120497, 'R2 - std': 0.002224755154846426} 
 

{'MSE - mean': 1683088.8053728337, 'MSE - std': 44237.87722128025, 'R2 - mean': 0.8939502863012945, 'R2 - std': 0.0019290307725576903} 
 

{'MSE - mean': 1681421.9026914642, 'MSE - std': 39707.7584740398, 'R2 - mean': 0.8943390265945453, 'R2 - std': 0.0018924597326142871} 
 

Finished cross validation
Hyperparam was saved!!! Hurrah!!!
Trial 156 finished with value: 1681421.9026914642 and parameters: {'max_depth': 3, 'n_estimators': 60}. Best is trial 144 with value: 292306.8612907619.
{'MSE - mean': 280513.80409536144, 'MSE - std': 0.0, 'R2 - mean': 0.9817556433014478, 'R2 - std': 0.0} 
 

{'MSE - mean': 285092.9478737313, 'MSE - std': 4579.143778369878, 'R2 - mean': 0.9817466456138697, 'R2 - std': 8.997687578171654e-06} 
 

{'MSE - mean': 297930.3956264277, 'MSE - std': 18535.88865152524, 'R2 - mean': 0.9811076383501605, 'R2 - std': 0.0009037226003596519} 
 

{'MSE - mean': 300600.45339570066, 'MSE - std': 16705.448259477238, 'R2 - mean': 0.9810691796131462, 'R2 - std': 0.0007854763695737719} 
 

{'MSE - mean': 300780.4801049228, 'MSE - std': 14946.144643492189, 'R2 - mean': 0.981106970100095, 'R2 - std': 0.000706605254256113} 
 

Finished cross validation
Hyperparam was saved!!! Hurrah!!!
Trial 157 finished with value: 300780.4801049228 and parameters: {'max_depth': 11, 'n_estimators': 94}. Best is trial 144 with value: 292306.8612907619.
{'MSE - mean': 272190.9251753209, 'MSE - std': 0.0, 'R2 - mean': 0.9822969555989506, 'R2 - std': 0.0} 
 

{'MSE - mean': 277940.8338488111, 'MSE - std': 5749.908673490252, 'R2 - mean': 0.9822058485830296, 'R2 - std': 9.110701592102144e-05} 
 

{'MSE - mean': 291478.13166451507, 'MSE - std': 19711.870302039988, 'R2 - mean': 0.9815187494014053, 'R2 - std': 0.0009745482182413929} 
 

{'MSE - mean': 292990.82688473526, 'MSE - std': 17270.874719919808, 'R2 - mean': 0.9815484925181536, 'R2 - std': 0.0008455543337005662} 
 

{'MSE - mean': 293238.53400994197, 'MSE - std': 15455.482074411162, 'R2 - mean': 0.9815808191390879, 'R2 - std': 0.0007590452863143035} 
 

Finished cross validation
Hyperparam was saved!!! Hurrah!!!
Trial 158 finished with value: 293238.53400994197 and parameters: {'max_depth': 12, 'n_estimators': 87}. Best is trial 144 with value: 292306.8612907619.
{'MSE - mean': 281039.1812331455, 'MSE - std': 0.0, 'R2 - mean': 0.9817214732614603, 'R2 - std': 0.0} 
 

{'MSE - mean': 285501.8959550607, 'MSE - std': 4462.714721915283, 'R2 - mean': 0.9817203396755092, 'R2 - std': 1.1335859511629742e-06} 
 

{'MSE - mean': 297917.9839383659, 'MSE - std': 17933.08943669445, 'R2 - mean': 0.9811078678858007, 'R2 - std': 0.0008661664060995533} 
 

{'MSE - mean': 299347.2048472695, 'MSE - std': 15726.563190274712, 'R2 - mean': 0.981146122684609, 'R2 - std': 0.0007530428083363735} 
 

{'MSE - mean': 299779.639223516, 'MSE - std': 14092.829019795903, 'R2 - mean': 0.9811684152791884, 'R2 - std': 0.0006750160116930905} 
 

Finished cross validation
Hyperparam was saved!!! Hurrah!!!
Trial 159 finished with value: 299779.639223516 and parameters: {'max_depth': 11, 'n_estimators': 100}. Best is trial 144 with value: 292306.8612907619.
{'MSE - mean': 279920.30921981775, 'MSE - std': 0.0, 'R2 - mean': 0.981794243655691, 'R2 - std': 0.0} 
 

{'MSE - mean': 284644.89201311814, 'MSE - std': 4724.58279330036, 'R2 - mean': 0.9817754850174797, 'R2 - std': 1.875863821132473e-05} 
 

{'MSE - mean': 298101.40158117656, 'MSE - std': 19417.425710539705, 'R2 - mean': 0.9810975875188067, 'R2 - std': 0.0009588141782529497} 
 

{'MSE - mean': 300081.77815855027, 'MSE - std': 17162.254807655023, 'R2 - mean': 0.9811015673678938, 'R2 - std': 0.0008303860481188414} 
 

{'MSE - mean': 300127.0568099001, 'MSE - std': 15350.654471108865, 'R2 - mean': 0.9811477048815622, 'R2 - std': 0.0007484300046085295} 
 

Finished cross validation
Hyperparam was saved!!! Hurrah!!!
Trial 160 finished with value: 300127.0568099001 and parameters: {'max_depth': 11, 'n_estimators': 90}. Best is trial 144 with value: 292306.8612907619.
{'MSE - mean': 273500.696215164, 'MSE - std': 0.0, 'R2 - mean': 0.9822117693097361, 'R2 - std': 0.0} 
 

{'MSE - mean': 278389.7266348656, 'MSE - std': 4889.030419701681, 'R2 - mean': 0.9821762422325904, 'R2 - std': 3.5527077145769415e-05} 
 

{'MSE - mean': 292388.9062989994, 'MSE - std': 20196.265533523067, 'R2 - mean': 0.9814608961327265, 'R2 - std': 0.0010120679492938943} 
 

{'MSE - mean': 293636.28182170773, 'MSE - std': 17623.413211105973, 'R2 - mean': 0.9815074246932075, 'R2 - std': 0.0008801737733608502} 
 

{'MSE - mean': 293988.1674487542, 'MSE - std': 15778.562942980428, 'R2 - mean': 0.9815334643900645, 'R2 - std': 0.0007889720909509088} 
 

Finished cross validation
Hyperparam was saved!!! Hurrah!!!
Trial 161 finished with value: 293988.1674487542 and parameters: {'max_depth': 12, 'n_estimators': 79}. Best is trial 144 with value: 292306.8612907619.
{'MSE - mean': 271538.172154153, 'MSE - std': 0.0, 'R2 - mean': 0.9823394100478239, 'R2 - std': 0.0} 
 

{'MSE - mean': 276974.41567392927, 'MSE - std': 5436.243519776297, 'R2 - mean': 0.9822674271790761, 'R2 - std': 7.198286874782189e-05} 
 

{'MSE - mean': 289794.6902759087, 'MSE - std': 18666.030933521688, 'R2 - mean': 0.9816245729914347, 'R2 - std': 0.000911030937307745} 
 

{'MSE - mean': 291657.2633697341, 'MSE - std': 16484.02465109534, 'R2 - mean': 0.9816322409611398, 'R2 - std': 0.0007890877136459962} 
 

{'MSE - mean': 292361.56866122695, 'MSE - std': 14810.895946323919, 'R2 - mean': 0.9816360142405717, 'R2 - std': 0.0007058218517532175} 
 

Finished cross validation
Hyperparam was saved!!! Hurrah!!!
Trial 162 finished with value: 292361.56866122695 and parameters: {'max_depth': 12, 'n_estimators': 88}. Best is trial 144 with value: 292306.8612907619.
{'MSE - mean': 273884.5876228553, 'MSE - std': 0.0, 'R2 - mean': 0.98218680136993, 'R2 - std': 0.0} 
 

{'MSE - mean': 278259.9832722028, 'MSE - std': 4375.395649347454, 'R2 - mean': 0.9821840391221837, 'R2 - std': 2.76224774625744e-06} 
 

{'MSE - mean': 291063.77340718365, 'MSE - std': 18456.34872792615, 'R2 - mean': 0.9815432985465325, 'R2 - std': 0.000906146818813955} 
 

{'MSE - mean': 293682.2698662066, 'MSE - std': 16614.667537837257, 'R2 - mean': 0.9815050519359844, 'R2 - std': 0.0007875372706039097} 
 

{'MSE - mean': 294007.06139484036, 'MSE - std': 14874.800841106395, 'R2 - mean': 0.9815326786651826, 'R2 - std': 0.000706558494915288} 
 

Finished cross validation
Hyperparam was saved!!! Hurrah!!!
Trial 163 finished with value: 294007.06139484036 and parameters: {'max_depth': 12, 'n_estimators': 94}. Best is trial 144 with value: 292306.8612907619.
{'MSE - mean': 271454.518785586, 'MSE - std': 0.0, 'R2 - mean': 0.9823448507850457, 'R2 - std': 0.0} 
 

{'MSE - mean': 277743.1759345649, 'MSE - std': 6288.657148978877, 'R2 - mean': 0.9822190441635466, 'R2 - std': 0.00012580662149919153} 
 

{'MSE - mean': 292465.370540396, 'MSE - std': 21444.13285374024, 'R2 - mean': 0.9814577983088744, 'R2 - std': 0.0010814536697672692} 
 

{'MSE - mean': 293934.0631955617, 'MSE - std': 18744.580542990527, 'R2 - mean': 0.9814902627635107, 'R2 - std': 0.0009382528189855486} 
 

{'MSE - mean': 294223.9040374972, 'MSE - std': 16775.68092927207, 'R2 - mean': 0.9815198895369918, 'R2 - std': 0.0008412880985102738} 
 

Finished cross validation
Hyperparam was saved!!! Hurrah!!!
Trial 164 finished with value: 294223.9040374972 and parameters: {'max_depth': 12, 'n_estimators': 88}. Best is trial 144 with value: 292306.8612907619.
{'MSE - mean': 280833.10311509215, 'MSE - std': 0.0, 'R2 - mean': 0.9817348763904281, 'R2 - std': 0.0} 
 

{'MSE - mean': 285975.8592372363, 'MSE - std': 5142.756122144143, 'R2 - mean': 0.9816906641770793, 'R2 - std': 4.4212213348826523e-05} 
 

{'MSE - mean': 298358.1597904198, 'MSE - std': 18007.62878152772, 'R2 - mean': 0.9810803427911675, 'R2 - std': 0.0008638793519595198} 
 

{'MSE - mean': 300510.2798879531, 'MSE - std': 16034.36570284583, 'R2 - mean': 0.9810740729895379, 'R2 - std': 0.0007482202765856633} 
 

{'MSE - mean': 301086.5735543136, 'MSE - std': 14387.813049717748, 'R2 - mean': 0.9810873731422051, 'R2 - std': 0.0006697570022620302} 
 

Finished cross validation
Hyperparam was saved!!! Hurrah!!!
Trial 165 finished with value: 301086.5735543136 and parameters: {'max_depth': 11, 'n_estimators': 73}. Best is trial 144 with value: 292306.8612907619.
{'MSE - mean': 273678.1814219306, 'MSE - std': 0.0, 'R2 - mean': 0.9822002258371023, 'R2 - std': 0.0} 
 

{'MSE - mean': 277967.7953599798, 'MSE - std': 4289.61393804918, 'R2 - mean': 0.9822026658869534, 'R2 - std': 2.4400498510046553e-06} 
 

{'MSE - mean': 292047.06193259236, 'MSE - std': 20216.792185467362, 'R2 - mean': 0.9814822864216758, 'R2 - std': 0.0010187723578975053} 
 

{'MSE - mean': 293685.13674741593, 'MSE - std': 17736.65363025559, 'R2 - mean': 0.9815046293457923, 'R2 - std': 0.0008831310529509569} 
 

{'MSE - mean': 294060.96293383336, 'MSE - std': 15881.942163643438, 'R2 - mean': 0.981529132536392, 'R2 - std': 0.000791415182282514} 
 

Finished cross validation
Hyperparam was saved!!! Hurrah!!!
Trial 166 finished with value: 294060.96293383336 and parameters: {'max_depth': 12, 'n_estimators': 67}. Best is trial 144 with value: 292306.8612907619.
{'MSE - mean': 271733.03945597634, 'MSE - std': 0.0, 'R2 - mean': 0.9823267360599081, 'R2 - std': 0.0} 
 

{'MSE - mean': 278152.07997549314, 'MSE - std': 6419.04051951677, 'R2 - mean': 0.9821929871367696, 'R2 - std': 0.00013374892313849918} 
 

{'MSE - mean': 292009.5844236238, 'MSE - std': 20286.208283479787, 'R2 - mean': 0.9814858275636694, 'R2 - std': 0.0010060194696334018} 
 

{'MSE - mean': 293406.53533867863, 'MSE - std': 17734.20707186426, 'R2 - mean': 0.9815227446317031, 'R2 - std': 0.0008735817017873615} 
 

{'MSE - mean': 293614.46355906886, 'MSE - std': 15867.407379705952, 'R2 - mean': 0.9815575253140846, 'R2 - std': 0.0007844455208781973} 
 

Finished cross validation
Hyperparam was saved!!! Hurrah!!!
Trial 167 finished with value: 293614.46355906886 and parameters: {'max_depth': 12, 'n_estimators': 79}. Best is trial 144 with value: 292306.8612907619.
{'MSE - mean': 279785.3476146091, 'MSE - std': 0.0, 'R2 - mean': 0.9818030214328631, 'R2 - std': 0.0} 
 

{'MSE - mean': 284676.1521075738, 'MSE - std': 4890.8044929647, 'R2 - mean': 0.9817736487947135, 'R2 - std': 2.9372638149671726e-05} 
 

{'MSE - mean': 297643.38742701843, 'MSE - std': 18768.19195834552, 'R2 - mean': 0.9811262104400388, 'R2 - std': 0.0009159301360487552} 
 

{'MSE - mean': 300345.372257894, 'MSE - std': 16914.075148166547, 'R2 - mean': 0.9810855665173567, 'R2 - std': 0.0007963364841225587} 
 

{'MSE - mean': 300464.57115153095, 'MSE - std': 15130.286976764097, 'R2 - mean': 0.9811270320685951, 'R2 - std': 0.0007170767075521002} 
 

Finished cross validation
Hyperparam was saved!!! Hurrah!!!
Trial 168 finished with value: 300464.57115153095 and parameters: {'max_depth': 11, 'n_estimators': 86}. Best is trial 144 with value: 292306.8612907619.
{'MSE - mean': 481855.774382093, 'MSE - std': 0.0, 'R2 - mean': 0.9686605489757096, 'R2 - std': 0.0} 
 

{'MSE - mean': 480125.1157868235, 'MSE - std': 1730.6585952694877, 'R2 - mean': 0.9692501058089964, 'R2 - std': 0.0005895568332868195} 
 

{'MSE - mean': 498171.42173146247, 'MSE - std': 25560.420626637002, 'R2 - mean': 0.9683998126722866, 'R2 - std': 0.0012952663856476497} 
 

{'MSE - mean': 498543.762159011, 'MSE - std': 22145.366087286042, 'R2 - mean': 0.9685906000926529, 'R2 - std': 0.001169395474872209} 
 

{'MSE - mean': 495498.45241500076, 'MSE - std': 20722.67929249956, 'R2 - mean': 0.9688636908474514, 'R2 - std': 0.0011799588394291235} 
 

Finished cross validation
Hyperparam was saved!!! Hurrah!!!
Trial 169 finished with value: 495498.45241500076 and parameters: {'max_depth': 7, 'n_estimators': 32}. Best is trial 144 with value: 292306.8612907619.
{'MSE - mean': 272841.14693218964, 'MSE - std': 0.0, 'R2 - mean': 0.982254665781151, 'R2 - std': 0.0} 
 

{'MSE - mean': 278380.84836763283, 'MSE - std': 5539.701435443159, 'R2 - mean': 0.9821774595840163, 'R2 - std': 7.72061971347493e-05} 
 

{'MSE - mean': 291418.23340970214, 'MSE - std': 18984.35352598501, 'R2 - mean': 0.9815218409939853, 'R2 - std': 0.000929325204528729} 
 

{'MSE - mean': 292544.8590268256, 'MSE - std': 16556.33156659895, 'R2 - mean': 0.9815755620325033, 'R2 - std': 0.0008101801353820196} 
 

{'MSE - mean': 292773.1625285655, 'MSE - std': 14815.471032341686, 'R2 - mean': 0.9816092253652521, 'R2 - std': 0.000727768068343976} 
 

Finished cross validation
Hyperparam was saved!!! Hurrah!!!
Trial 170 finished with value: 292773.1625285655 and parameters: {'max_depth': 12, 'n_estimators': 94}. Best is trial 144 with value: 292306.8612907619.
{'MSE - mean': 272951.11906790413, 'MSE - std': 0.0, 'R2 - mean': 0.982247513295813, 'R2 - std': 0.0} 
 

{'MSE - mean': 278664.4551067648, 'MSE - std': 5713.336038860638, 'R2 - mean': 0.9821594699708138, 'R2 - std': 8.804332499906531e-05} 
 

{'MSE - mean': 291402.9846461007, 'MSE - std': 18609.1843483542, 'R2 - mean': 0.9815225832161799, 'R2 - std': 0.0009035580932295895} 
 

{'MSE - mean': 293765.0597319695, 'MSE - std': 16627.22173777446, 'R2 - mean': 0.9815001070401157, 'R2 - std': 0.0007834720520554249} 
 

{'MSE - mean': 294259.1234238562, 'MSE - std': 14904.630082637364, 'R2 - mean': 0.9815171711826569, 'R2 - std': 0.0007015892708160689} 
 

Finished cross validation
Hyperparam was saved!!! Hurrah!!!
Trial 171 finished with value: 294259.1234238562 and parameters: {'max_depth': 12, 'n_estimators': 93}. Best is trial 144 with value: 292306.8612907619.
{'MSE - mean': 271796.06238233263, 'MSE - std': 0.0, 'R2 - mean': 0.9823226371074435, 'R2 - std': 0.0} 
 

{'MSE - mean': 277712.3075336954, 'MSE - std': 5916.245151362789, 'R2 - mean': 0.9822206497137429, 'R2 - std': 0.00010198739370065324} 
 

{'MSE - mean': 290966.45366716787, 'MSE - std': 19356.637550176474, 'R2 - mean': 0.9815510137461336, 'R2 - std': 0.0009506623711293079} 
 

{'MSE - mean': 293371.4910414165, 'MSE - std': 17273.16349865519, 'R2 - mean': 0.9815255137098545, 'R2 - std': 0.0008244816331863307} 
 

{'MSE - mean': 293604.7683500221, 'MSE - std': 15456.630131172198, 'R2 - mean': 0.9815586005120069, 'R2 - std': 0.0007404018616102944} 
 

Finished cross validation
Hyperparam was saved!!! Hurrah!!!
Trial 172 finished with value: 293604.7683500221 and parameters: {'max_depth': 12, 'n_estimators': 100}. Best is trial 144 with value: 292306.8612907619.
{'MSE - mean': 280983.0405814595, 'MSE - std': 0.0, 'R2 - mean': 0.9817251245971867, 'R2 - std': 0.0} 
 

{'MSE - mean': 286361.1331863373, 'MSE - std': 5378.092604877747, 'R2 - mean': 0.9816662251148424, 'R2 - std': 5.88994823443878e-05} 
 

{'MSE - mean': 299012.62699627364, 'MSE - std': 18422.898196451315, 'R2 - mean': 0.9810392664871669, 'R2 - std': 0.0008879566473917262} 
 

{'MSE - mean': 301421.70957218815, 'MSE - std': 16491.31347225961, 'R2 - mean': 0.9810173093136518, 'R2 - std': 0.000769932859502479} 
 

{'MSE - mean': 301573.51727171487, 'MSE - std': 14753.40361892155, 'R2 - mean': 0.9810570178304954, 'R2 - std': 0.0006932130637494949} 
 

Finished cross validation
Hyperparam was saved!!! Hurrah!!!
