Trial 20 finished with value: 918628060.3345686 and parameters: {'max_depth': 8, 'n_estimators': 21}. Best is trial 2 with value: 858022180.1026833.
{'MSE - mean': 887653096.3427148, 'MSE - std': 0.0, 'R2 - mean': 0.8803261688149641, 'R2 - std': 0.0} 
 

{'MSE - mean': 960941715.3558517, 'MSE - std': 73288619.01313686, 'R2 - mean': 0.8642780705625035, 'R2 - std': 0.016048098252460563} 
 

{'MSE - mean': 1076505126.6895227, 'MSE - std': 174042002.19885343, 'R2 - mean': 0.8491010359278676, 'R2 - std': 0.02514714826010355} 
 

{'MSE - mean': 941197227.690388, 'MSE - std': 278644301.0214267, 'R2 - mean': 0.8623518915497825, 'R2 - std': 0.031639213380712086} 
 

{'MSE - mean': 890557198.6595333, 'MSE - std': 269020012.9253562, 'R2 - mean': 0.8592257561801139, 'R2 - std': 0.028981420739469604} 
 

Finished cross validation
Hyperparam was saved!!! Hurrah!!!
Trial 21 finished with value: 890557198.6595333 and parameters: {'max_depth': 9, 'n_estimators': 96}. Best is trial 2 with value: 858022180.1026833.
{'MSE - mean': 852507173.5099062, 'MSE - std': 0.0, 'R2 - mean': 0.8850645595818813, 'R2 - std': 0.0} 
 

{'MSE - mean': 955897652.7828708, 'MSE - std': 103390479.27296466, 'R2 - mean': 0.8648086897011924, 'R2 - std': 0.020255869880688893} 
 

{'MSE - mean': 1045706627.0298834, 'MSE - std': 152504746.9647968, 'R2 - mean': 0.8532577025543823, 'R2 - std': 0.023246163508856277} 
 

{'MSE - mean': 923259852.2268054, 'MSE - std': 249845775.15764526, 'R2 - mean': 0.8645254110339129, 'R2 - std': 0.028038756241128424} 
 

{'MSE - mean': 871071163.9599831, 'MSE - std': 246643398.09398094, 'R2 - mean': 0.8621088505020443, 'R2 - std': 0.025540096719790892} 
 

Finished cross validation
Hyperparam was saved!!! Hurrah!!!
Trial 22 finished with value: 871071163.9599831 and parameters: {'max_depth': 10, 'n_estimators': 72}. Best is trial 2 with value: 858022180.1026833.
{'MSE - mean': 852289167.2606386, 'MSE - std': 0.0, 'R2 - mean': 0.8850939512926518, 'R2 - std': 0.0} 
 

{'MSE - mean': 917823922.7005997, 'MSE - std': 65534755.439961016, 'R2 - mean': 0.8703945890594393, 'R2 - std': 0.014699362233212498} 
 

{'MSE - mean': 1040007324.2636552, 'MSE - std': 180888833.30770153, 'R2 - mean': 0.8542533166852685, 'R2 - std': 0.025790092046296967} 
 

{'MSE - mean': 915715288.5412589, 'MSE - std': 266244451.47949725, 'R2 - mean': 0.865870183896403, 'R2 - std': 0.030061627487891512} 
 

{'MSE - mean': 862281447.561462, 'MSE - std': 261016451.2100944, 'R2 - mean': 0.8637982466945262, 'R2 - std': 0.02720538279184265} 
 

Finished cross validation
Hyperparam was saved!!! Hurrah!!!
Trial 23 finished with value: 862281447.561462 and parameters: {'max_depth': 12, 'n_estimators': 63}. Best is trial 2 with value: 858022180.1026833.
{'MSE - mean': 907713805.2028604, 'MSE - std': 0.0, 'R2 - mean': 0.8776215740859279, 'R2 - std': 0.0} 
 

{'MSE - mean': 976047971.5142791, 'MSE - std': 68334166.31141883, 'R2 - mean': 0.862180900687227, 'R2 - std': 0.015440673398700866} 
 

{'MSE - mean': 1042387632.5627435, 'MSE - std': 109155577.56264547, 'R2 - mean': 0.8538279406068671, 'R2 - std': 0.017276770942850905} 
 

{'MSE - mean': 914884547.2057835, 'MSE - std': 240223469.73476323, 'R2 - mean': 0.866029583958427, 'R2 - std': 0.025894119256981877} 
 

{'MSE - mean': 861487487.3347276, 'MSE - std': 239939234.68374118, 'R2 - mean': 0.8639545884374249, 'R2 - std': 0.023529274432598973} 
 

Finished cross validation
Hyperparam was saved!!! Hurrah!!!
Trial 24 finished with value: 861487487.3347276 and parameters: {'max_depth': 12, 'n_estimators': 62}. Best is trial 2 with value: 858022180.1026833.
{'MSE - mean': 867250570.0132834, 'MSE - std': 0.0, 'R2 - mean': 0.8830768475449281, 'R2 - std': 0.0} 
 

{'MSE - mean': 945090207.7853141, 'MSE - std': 77839637.77203065, 'R2 - mean': 0.8664825654080679, 'R2 - std': 0.01659428213686015} 
 

{'MSE - mean': 1023506903.7227187, 'MSE - std': 127818996.53728853, 'R2 - mean': 0.8564520682428376, 'R2 - std': 0.019616367651917557} 
 

{'MSE - mean': 900343388.6032131, 'MSE - std': 240335237.2762421, 'R2 - mean': 0.8680672893579366, 'R2 - std': 0.026331378515932848} 
 

{'MSE - mean': 853325222.0931033, 'MSE - std': 234630886.6053055, 'R2 - mean': 0.8648115244775365, 'R2 - std': 0.024435081654564855} 
 

Finished cross validation
Hyperparam was saved!!! Hurrah!!!
Trial 25 finished with value: 853325222.0931033 and parameters: {'max_depth': 12, 'n_estimators': 41}. Best is trial 25 with value: 853325222.0931033.
{'MSE - mean': 879778517.1933844, 'MSE - std': 0.0, 'R2 - mean': 0.8813878234857504, 'R2 - std': 0.0} 
 

{'MSE - mean': 920434668.3882847, 'MSE - std': 40656151.194900215, 'R2 - mean': 0.87017539403294, 'R2 - std': 0.011212429452810424} 
 

{'MSE - mean': 1024535653.1324004, 'MSE - std': 150917124.50672257, 'R2 - mean': 0.8564929938577567, 'R2 - std': 0.02140627319106597} 
 

{'MSE - mean': 905538729.5486784, 'MSE - std': 244054885.87447628, 'R2 - mean': 0.8672889238916373, 'R2 - std': 0.026331116855106102} 
 

{'MSE - mean': 863859788.851566, 'MSE - std': 233663788.9059761, 'R2 - mean': 0.8627678127691916, 'R2 - std': 0.025227444480085768} 
 

Finished cross validation
Hyperparam was saved!!! Hurrah!!!
Trial 26 finished with value: 863859788.851566 and parameters: {'max_depth': 11, 'n_estimators': 41}. Best is trial 25 with value: 853325222.0931033.
{'MSE - mean': 879138478.7504389, 'MSE - std': 0.0, 'R2 - mean': 0.8814741137864192, 'R2 - std': 0.0} 
 

{'MSE - mean': 996899824.7286304, 'MSE - std': 117761345.9781915, 'R2 - mean': 0.8589505577347263, 'R2 - std': 0.022523556051692817} 
 

{'MSE - mean': 1108922876.3465233, 'MSE - std': 185319951.95328292, 'R2 - mean': 0.8443786914481496, 'R2 - std': 0.02762038424105595} 
 

{'MSE - mean': 970051085.2263012, 'MSE - std': 289160399.3474748, 'R2 - mean': 0.8579797182431023, 'R2 - std': 0.033572727158345944} 
 

{'MSE - mean': 916137905.0997378, 'MSE - std': 280209766.435915, 'R2 - mean': 0.8551715729908533, 'R2 - std': 0.030549060969363797} 
 

Finished cross validation
Hyperparam was saved!!! Hurrah!!!
Trial 27 finished with value: 916137905.0997378 and parameters: {'max_depth': 9, 'n_estimators': 30}. Best is trial 25 with value: 853325222.0931033.
{'MSE - mean': 967534313.7798077, 'MSE - std': 0.0, 'R2 - mean': 0.8695565434175996, 'R2 - std': 0.0} 
 

{'MSE - mean': 1016037134.6514537, 'MSE - std': 48502820.871645994, 'R2 - mean': 0.856669337384522, 'R2 - std': 0.012887206033077636} 
 

{'MSE - mean': 1093249488.754591, 'MSE - std': 116154398.71410157, 'R2 - mean': 0.8467988283111003, 'R2 - std': 0.017480673660636128} 
 

{'MSE - mean': 971229059.8968322, 'MSE - std': 234063748.64846098, 'R2 - mean': 0.8574295170394282, 'R2 - std': 0.023837262683412932} 
 

{'MSE - mean': 929460093.7814115, 'MSE - std': 225404651.38612512, 'R2 - mean': 0.8519733159174463, 'R2 - std': 0.02395104583362683} 
 

Finished cross validation
Hyperparam was saved!!! Hurrah!!!
Trial 28 finished with value: 929460093.7814115 and parameters: {'max_depth': 7, 'n_estimators': 48}. Best is trial 25 with value: 853325222.0931033.
{'MSE - mean': 1612913528.6320314, 'MSE - std': 0.0, 'R2 - mean': 0.782546197228556, 'R2 - std': 0.0} 
 

{'MSE - mean': 1698338666.6202545, 'MSE - std': 85425137.9882232, 'R2 - mean': 0.7603922527227549, 'R2 - std': 0.02215394450580105} 
 

{'MSE - mean': 1744748377.1875403, 'MSE - std': 95774171.55345058, 'R2 - mean': 0.7553587283754467, 'R2 - std': 0.01943890187623682} 
 

{'MSE - mean': 1553983684.9852698, 'MSE - std': 340665557.8799294, 'R2 - mean': 0.7716340340544534, 'R2 - std': 0.032833822568363855} 
 

{'MSE - mean': 1503527428.1408598, 'MSE - std': 320976250.3356146, 'R2 - mean': 0.7593060037285682, 'R2 - std': 0.038345394122690044} 
 

Finished cross validation
Hyperparam was saved!!! Hurrah!!!
Trial 29 finished with value: 1503527428.1408598 and parameters: {'max_depth': 3, 'n_estimators': 20}. Best is trial 25 with value: 853325222.0931033.
{'MSE - mean': 888441495.7461215, 'MSE - std': 0.0, 'R2 - mean': 0.880219876415942, 'R2 - std': 0.0} 
 

{'MSE - mean': 1095047356.8967657, 'MSE - std': 206605861.15064424, 'R2 - mean': 0.8446031935395752, 'R2 - std': 0.03561668287636677} 
 

{'MSE - mean': 1188793405.6350267, 'MSE - std': 214555271.54855064, 'R2 - mean': 0.8328123902609613, 'R2 - std': 0.03352230327190744} 
 

{'MSE - mean': 1031425788.3026674, 'MSE - std': 329877514.18753266, 'R2 - mean': 0.8490358154777438, 'R2 - std': 0.0404030591636809} 
 

{'MSE - mean': 963411945.4324185, 'MSE - std': 324898246.81144756, 'R2 - mean': 0.8484232031867368, 'R2 - std': 0.03615835902116536} 
 

Finished cross validation
Hyperparam was saved!!! Hurrah!!!
Trial 30 finished with value: 963411945.4324185 and parameters: {'max_depth': 11, 'n_estimators': 11}. Best is trial 25 with value: 853325222.0931033.
{'MSE - mean': 884722068.8250619, 'MSE - std': 0.0, 'R2 - mean': 0.8807213314002031, 'R2 - std': 0.0} 
 

{'MSE - mean': 932204361.221683, 'MSE - std': 47482292.39662111, 'R2 - mean': 0.8684777081005987, 'R2 - std': 0.01224362329960449} 
 

{'MSE - mean': 1045346610.6789457, 'MSE - std': 164637124.05972636, 'R2 - mean': 0.8535641729901547, 'R2 - std': 0.023340192800888164} 
 

{'MSE - mean': 937574708.916519, 'MSE - std': 234890156.01438844, 'R2 - mean': 0.8620878544649593, 'R2 - std': 0.02503063897783581} 
 

{'MSE - mean': 878742602.2605013, 'MSE - std': 240797789.45893833, 'R2 - mean': 0.8610010505799075, 'R2 - std': 0.022493351925608102} 
 

Finished cross validation
Hyperparam was saved!!! Hurrah!!!
Trial 31 finished with value: 878742602.2605013 and parameters: {'max_depth': 12, 'n_estimators': 60}. Best is trial 25 with value: 853325222.0931033.
{'MSE - mean': 848666362.636581, 'MSE - std': 0.0, 'R2 - mean': 0.8855823796108564, 'R2 - std': 0.0} 
 

{'MSE - mean': 957521432.3495734, 'MSE - std': 108855069.71299237, 'R2 - mean': 0.8645475017856311, 'R2 - std': 0.021034877825225284} 
 

{'MSE - mean': 1055765931.5022255, 'MSE - std': 164935080.2457073, 'R2 - mean': 0.8518392902526767, 'R2 - std': 0.024859096339450198} 
 

{'MSE - mean': 920957318.4499314, 'MSE - std': 273720244.01018083, 'R2 - mean': 0.8652625101849224, 'R2 - std': 0.0316864245878083} 
 

{'MSE - mean': 860217251.6654564, 'MSE - std': 273305031.8540151, 'R2 - mean': 0.8647062866331101, 'R2 - std': 0.02836302418793618} 
 

Finished cross validation
Hyperparam was saved!!! Hurrah!!!
Trial 32 finished with value: 860217251.6654564 and parameters: {'max_depth': 12, 'n_estimators': 78}. Best is trial 25 with value: 853325222.0931033.
{'MSE - mean': 843532016.0672588, 'MSE - std': 0.0, 'R2 - mean': 0.88627459476463, 'R2 - std': 0.0} 
 

{'MSE - mean': 908743829.9227449, 'MSE - std': 65211813.855486035, 'R2 - mean': 0.8716748435590091, 'R2 - std': 0.014599751205620848} 
 

{'MSE - mean': 1028940070.9438124, 'MSE - std': 178127276.09419483, 'R2 - mean': 0.8558017988770149, 'R2 - std': 0.025416705499805757} 
 

{'MSE - mean': 906899306.8493524, 'MSE - std': 261684617.75357005, 'R2 - mean': 0.8671258323510398, 'R2 - std': 0.029482331848250994} 
 

{'MSE - mean': 854957115.7311301, 'MSE - std': 256076231.2431854, 'R2 - mean': 0.8648632632643652, 'R2 - std': 0.026755245998798374} 
 

Finished cross validation
Hyperparam was saved!!! Hurrah!!!
Trial 33 finished with value: 854957115.7311301 and parameters: {'max_depth': 10, 'n_estimators': 80}. Best is trial 25 with value: 853325222.0931033.
{'MSE - mean': 858969669.0189347, 'MSE - std': 0.0, 'R2 - mean': 0.8841932827286061, 'R2 - std': 0.0} 
 

{'MSE - mean': 944018112.6100919, 'MSE - std': 85048443.59115714, 'R2 - mean': 0.8665905115693562, 'R2 - std': 0.017602771159249908} 
 

{'MSE - mean': 1042381983.9448515, 'MSE - std': 155476882.11684215, 'R2 - mean': 0.8538086562475818, 'R2 - std': 0.023093794677145618} 
 

{'MSE - mean': 917608206.7386589, 'MSE - std': 254627732.3652759, 'R2 - mean': 0.8655162190234956, 'R2 - std': 0.028481460512033242} 
 

{'MSE - mean': 867023654.6211151, 'MSE - std': 249205564.39075774, 'R2 - mean': 0.862795937479018, 'R2 - std': 0.026049080618012404} 
 

Finished cross validation
Hyperparam was saved!!! Hurrah!!!
Trial 34 finished with value: 867023654.6211151 and parameters: {'max_depth': 10, 'n_estimators': 81}. Best is trial 25 with value: 853325222.0931033.
{'MSE - mean': 1021892673.1794325, 'MSE - std': 0.0, 'R2 - mean': 0.8622279224134155, 'R2 - std': 0.0} 
 

{'MSE - mean': 1084040217.0171027, 'MSE - std': 62147543.83767015, 'R2 - mean': 0.8470142483951731, 'R2 - std': 0.015213674018242362} 
 

{'MSE - mean': 1172848489.4481075, 'MSE - std': 135457360.97038996, 'R2 - mean': 0.835612766166843, 'R2 - std': 0.020354152207713173} 
 

{'MSE - mean': 1025646227.0112116, 'MSE - std': 280654664.4551255, 'R2 - mean': 0.850006004404616, 'R2 - std': 0.030532188833736637} 
 

{'MSE - mean': 969968010.4910446, 'MSE - std': 274615891.2441187, 'R2 - mean': 0.8467086272023897, 'R2 - std': 0.028093814793263866} 
 

Finished cross validation
Hyperparam was saved!!! Hurrah!!!
Trial 35 finished with value: 969968010.4910446 and parameters: {'max_depth': 6, 'n_estimators': 43}. Best is trial 25 with value: 853325222.0931033.
{'MSE - mean': 919534865.1900901, 'MSE - std': 0.0, 'R2 - mean': 0.8760278529090756, 'R2 - std': 0.0} 
 

{'MSE - mean': 982578480.1681414, 'MSE - std': 63043614.978051245, 'R2 - mean': 0.8612930601929656, 'R2 - std': 0.014734792716110001} 
 

{'MSE - mean': 1078108732.761398, 'MSE - std': 144574282.80090708, 'R2 - mean': 0.8488881557557515, 'R2 - std': 0.0212721896487091} 
 

{'MSE - mean': 943217164.7851667, 'MSE - std': 265072627.3473105, 'R2 - mean': 0.862042768729937, 'R2 - std': 0.02930035950018053} 
 

{'MSE - mean': 887693686.2261074, 'MSE - std': 261805700.66413406, 'R2 - mean': 0.8599764367359579, 'R2 - std': 0.026530883232738816} 
 

Finished cross validation
Hyperparam was saved!!! Hurrah!!!
Trial 36 finished with value: 887693686.2261074 and parameters: {'max_depth': 9, 'n_estimators': 74}. Best is trial 25 with value: 853325222.0931033.
{'MSE - mean': 895760504.6063881, 'MSE - std': 0.0, 'R2 - mean': 0.8792331240073782, 'R2 - std': 0.0} 
 

{'MSE - mean': 991669452.0412698, 'MSE - std': 95908947.43488169, 'R2 - mean': 0.8598172183187046, 'R2 - std': 0.019415905688673574} 
 

{'MSE - mean': 1113097235.667815, 'MSE - std': 188737288.5034154, 'R2 - mean': 0.8438945232128087, 'R2 - std': 0.02753874908823854} 
 

{'MSE - mean': 973123258.1215298, 'MSE - std': 292394367.6340227, 'R2 - mean': 0.8576273087285387, 'R2 - std': 0.033683159294695834} 
 

{'MSE - mean': 917461747.4680439, 'MSE - std': 284232981.992225, 'R2 - mean': 0.8551422659178023, 'R2 - std': 0.030534340129471482} 
 

Finished cross validation
Hyperparam was saved!!! Hurrah!!!
Trial 37 finished with value: 917461747.4680439 and parameters: {'max_depth': 11, 'n_estimators': 32}. Best is trial 25 with value: 853325222.0931033.
{'MSE - mean': 887079197.5297114, 'MSE - std': 0.0, 'R2 - mean': 0.8804035421378845, 'R2 - std': 0.0} 
 

{'MSE - mean': 1025805579.9462359, 'MSE - std': 138726382.41652447, 'R2 - mean': 0.854756081506244, 'R2 - std': 0.025647460631640417} 
 

{'MSE - mean': 1063001141.7272428, 'MSE - std': 124888052.87667274, 'R2 - mean': 0.8506187782131954, 'R2 - std': 0.0217431072981387} 
 

{'MSE - mean': 933403243.1742691, 'MSE - std': 249167845.52091706, 'R2 - mean': 0.8630633350010444, 'R2 - std': 0.028621198737505297} 
 

{'MSE - mean': 877710880.6588789, 'MSE - std': 249147043.25640923, 'R2 - mean': 0.8612678038661205, 'R2 - std': 0.02585022518206261} 
 

Finished cross validation
Hyperparam was saved!!! Hurrah!!!
Trial 38 finished with value: 877710880.6588789 and parameters: {'max_depth': 10, 'n_estimators': 51}. Best is trial 25 with value: 853325222.0931033.
{'MSE - mean': 942283366.5421178, 'MSE - std': 0.0, 'R2 - mean': 0.8729608886617453, 'R2 - std': 0.0} 
 

{'MSE - mean': 1035391974.4078593, 'MSE - std': 93108607.86574149, 'R2 - mean': 0.8536785002531566, 'R2 - std': 0.019282388408588647} 
 

{'MSE - mean': 1138032004.897261, 'MSE - std': 163857947.4937409, 'R2 - mean': 0.840386095678356, 'R2 - std': 0.02452039370102934} 
 

{'MSE - mean': 1001573147.8982477, 'MSE - std': 275681209.3307732, 'R2 - mean': 0.8532130392496963, 'R2 - std': 0.030733186046798925} 
 

{'MSE - mean': 942111273.2917747, 'MSE - std': 273757121.3125344, 'R2 - mean': 0.8511898634638296, 'R2 - std': 0.02778481493031388} 
 

Finished cross validation
Hyperparam was saved!!! Hurrah!!!
Trial 39 finished with value: 942111273.2917747 and parameters: {'max_depth': 8, 'n_estimators': 29}. Best is trial 25 with value: 853325222.0931033.
{'MSE - mean': 1007866770.2742013, 'MSE - std': 0.0, 'R2 - mean': 0.8641189016072179, 'R2 - std': 0.0} 
 

{'MSE - mean': 1116002755.2758267, 'MSE - std': 108135985.0016255, 'R2 - mean': 0.8422402082546985, 'R2 - std': 0.021878693352519518} 
 

{'MSE - mean': 1221096838.6204896, 'MSE - std': 172873152.56074634, 'R2 - mean': 0.8286958759970467, 'R2 - std': 0.026191907550877448} 
 

{'MSE - mean': 1076167648.650636, 'MSE - std': 292279413.3584712, 'R2 - mean': 0.8421965963997805, 'R2 - std': 0.03257791230333298} 
 

{'MSE - mean': 1010129844.7306557, 'MSE - std': 292892080.0650518, 'R2 - mean': 0.8405179797384783, 'R2 - std': 0.02933133668309935} 
 

Finished cross validation
Hyperparam was saved!!! Hurrah!!!
Trial 40 finished with value: 1010129844.7306557 and parameters: {'max_depth': 6, 'n_estimators': 38}. Best is trial 25 with value: 853325222.0931033.
{'MSE - mean': 857069484.2984065, 'MSE - std': 0.0, 'R2 - mean': 0.8844494665761045, 'R2 - std': 0.0} 
 

{'MSE - mean': 945908919.2699043, 'MSE - std': 88839434.97149777, 'R2 - mean': 0.866301710554837, 'R2 - std': 0.018147756021267503} 
 

{'MSE - mean': 1036532664.7439036, 'MSE - std': 147264919.8717822, 'R2 - mean': 0.8546016313055135, 'R2 - std': 0.022211357634159424} 
 

{'MSE - mean': 914830011.4705352, 'MSE - std': 246373344.56057757, 'R2 - mean': 0.8658167198648918, 'R2 - std': 0.027337573779479745} 
 

{'MSE - mean': 862996049.5154293, 'MSE - std': 243530076.94292197, 'R2 - mean': 0.8634384847723295, 'R2 - std': 0.024909804510288274} 
 

Finished cross validation
Hyperparam was saved!!! Hurrah!!!
Trial 41 finished with value: 862996049.5154293 and parameters: {'max_depth': 11, 'n_estimators': 78}. Best is trial 25 with value: 853325222.0931033.
{'MSE - mean': 846574439.3304478, 'MSE - std': 0.0, 'R2 - mean': 0.8858644137496677, 'R2 - std': 0.0} 
 

{'MSE - mean': 881552454.4378626, 'MSE - std': 34978015.1074149, 'R2 - mean': 0.8756832343205498, 'R2 - std': 0.010181179429117837} 
 

{'MSE - mean': 984449484.3049625, 'MSE - std': 148294431.91899708, 'R2 - mean': 0.8621282789538111, 'R2 - std': 0.0208944467829888} 
 

{'MSE - mean': 868967129.7004633, 'MSE - std': 237701391.6211502, 'R2 - mean': 0.8727054403347567, 'R2 - std': 0.025749999192447807} 
 

{'MSE - mean': 827352971.3282602, 'MSE - std': 228316696.6540388, 'R2 - mean': 0.8687161495228525, 'R2 - std': 0.024374325251309507} 
 

Finished cross validation
Hyperparam was saved!!! Hurrah!!!
Trial 42 finished with value: 827352971.3282602 and parameters: {'max_depth': 12, 'n_estimators': 65}. Best is trial 42 with value: 827352971.3282602.
{'MSE - mean': 942862896.9218307, 'MSE - std': 0.0, 'R2 - mean': 0.8728827560882049, 'R2 - std': 0.0} 
 

{'MSE - mean': 978479675.6334853, 'MSE - std': 35616778.71165466, 'R2 - mean': 0.8620336557787556, 'R2 - std': 0.010849100309449355} 
 

{'MSE - mean': 1076988224.5404012, 'MSE - std': 142315043.8265605, 'R2 - mean': 0.8491584402527116, 'R2 - std': 0.020248728388893092} 
 

{'MSE - mean': 939528972.5858221, 'MSE - std': 268095722.86452895, 'R2 - mean': 0.862766314887165, 'R2 - std': 0.029377389387526976} 
 

{'MSE - mean': 897119329.689331, 'MSE - std': 254351262.1101673, 'R2 - mean': 0.8577979822064947, 'R2 - std': 0.028092029550824068} 
 

Finished cross validation
Hyperparam was saved!!! Hurrah!!!
Trial 43 finished with value: 897119329.689331 and parameters: {'max_depth': 10, 'n_estimators': 70}. Best is trial 42 with value: 827352971.3282602.
{'MSE - mean': 915496816.821722, 'MSE - std': 0.0, 'R2 - mean': 0.8765722645950643, 'R2 - std': 0.0} 
 

{'MSE - mean': 1067378613.4770453, 'MSE - std': 151881796.65532327, 'R2 - mean': 0.8488248295017868, 'R2 - std': 0.02774743509327743} 
 

{'MSE - mean': 1122021579.344876, 'MSE - std': 146117854.97044897, 'R2 - mean': 0.8423253608811739, 'R2 - std': 0.024449259447634788} 
 

{'MSE - mean': 987350519.3557119, 'MSE - std': 265370879.8110468, 'R2 - mean': 0.8550725520138489, 'R2 - std': 0.03059080517038031} 
 

{'MSE - mean': 918230137.4971306, 'MSE - std': 274677759.99242383, 'R2 - mean': 0.8554630228488292, 'R2 - std': 0.027372390444928524} 
 

Finished cross validation
Hyperparam was saved!!! Hurrah!!!
Trial 44 finished with value: 918230137.4971306 and parameters: {'max_depth': 11, 'n_estimators': 53}. Best is trial 42 with value: 827352971.3282602.
{'MSE - mean': 863956818.6893417, 'MSE - std': 0.0, 'R2 - mean': 0.8835209127338302, 'R2 - std': 0.0} 
 

{'MSE - mean': 957915846.6207061, 'MSE - std': 93959027.93136442, 'R2 - mean': 0.8645808023130914, 'R2 - std': 0.01894011042073873} 
 

{'MSE - mean': 1063136261.543661, 'MSE - std': 167416259.82260162, 'R2 - mean': 0.8508763238770277, 'R2 - std': 0.024794703337116007} 
 

{'MSE - mean': 931627831.8959255, 'MSE - std': 270008433.6552875, 'R2 - mean': 0.8635997310405755, 'R2 - std': 0.030769112023748005} 
 

{'MSE - mean': 879103225.8648456, 'MSE - std': 263360931.70944318, 'R2 - mean': 0.8610702853526979, 'R2 - std': 0.027981833137513623} 
 

Finished cross validation
Hyperparam was saved!!! Hurrah!!!
