Trial 70 finished with value: 884140641.4712183 and parameters: {'max_depth': 9, 'n_estimators': 64}. Best is trial 42 with value: 827352971.3282602.
{'MSE - mean': 866754716.3962618, 'MSE - std': 0.0, 'R2 - mean': 0.8831436987757755, 'R2 - std': 0.0} 
 

{'MSE - mean': 970798684.5901482, 'MSE - std': 104043968.19388646, 'R2 - mean': 0.8627069709587953, 'R2 - std': 0.020436727816980194} 
 

{'MSE - mean': 1064374359.8874048, 'MSE - std': 157256411.2938765, 'R2 - mean': 0.8506459624681888, 'R2 - std': 0.023861595661882853} 
 

{'MSE - mean': 948987804.7496207, 'MSE - std': 241845726.6305657, 'R2 - mean': 0.8604218408789535, 'R2 - std': 0.026715823153227958} 
 

{'MSE - mean': 893468391.7529093, 'MSE - std': 243148319.48744923, 'R2 - mean': 0.858421660655619, 'R2 - std': 0.02422789815701962} 
 

Finished cross validation
Hyperparam was saved!!! Hurrah!!!
Trial 71 finished with value: 893468391.7529093 and parameters: {'max_depth': 12, 'n_estimators': 57}. Best is trial 42 with value: 827352971.3282602.
{'MSE - mean': 843432594.6556749, 'MSE - std': 0.0, 'R2 - mean': 0.8862879988087043, 'R2 - std': 0.0} 
 

{'MSE - mean': 915701858.8862921, 'MSE - std': 72269264.23061717, 'R2 - mean': 0.8706531819677237, 'R2 - std': 0.015634816840980725} 
 

{'MSE - mean': 1012307314.5045611, 'MSE - std': 148819104.32484746, 'R2 - mean': 0.8580691610634856, 'R2 - std': 0.02190160182887556} 
 

{'MSE - mean': 896791811.4846835, 'MSE - std': 237995459.35341576, 'R2 - mean': 0.8683934430048768, 'R2 - std': 0.02606784446054103} 
 

{'MSE - mean': 849326089.5538019, 'MSE - std': 233078205.69918972, 'R2 - mean': 0.86533040929795, 'R2 - std': 0.02410715067805078} 
 

Finished cross validation
Hyperparam was saved!!! Hurrah!!!
Trial 72 finished with value: 849326089.5538019 and parameters: {'max_depth': 11, 'n_estimators': 63}. Best is trial 42 with value: 827352971.3282602.
{'MSE - mean': 874327262.2068815, 'MSE - std': 0.0, 'R2 - mean': 0.8821227643896792, 'R2 - std': 0.0} 
 

{'MSE - mean': 948769291.4012668, 'MSE - std': 74442029.19438529, 'R2 - mean': 0.8659848710450153, 'R2 - std': 0.016137893344663867} 
 

{'MSE - mean': 1059610574.8050022, 'MSE - std': 168124925.83460933, 'R2 - mean': 0.8514558581918924, 'R2 - std': 0.024409127323774774} 
 

{'MSE - mean': 921497297.3913844, 'MSE - std': 280045219.9359285, 'R2 - mean': 0.8654035367232797, 'R2 - std': 0.032100893005895456} 
 

{'MSE - mean': 866864245.8004566, 'MSE - std': 273275211.95988107, 'R2 - mean': 0.8634344663324661, 'R2 - std': 0.02898073184439404} 
 

Finished cross validation
Hyperparam was saved!!! Hurrah!!!
Trial 73 finished with value: 866864245.8004566 and parameters: {'max_depth': 11, 'n_estimators': 77}. Best is trial 42 with value: 827352971.3282602.
{'MSE - mean': 901372102.2793006, 'MSE - std': 0.0, 'R2 - mean': 0.8784765656228545, 'R2 - std': 0.0} 
 

{'MSE - mean': 947188497.9787906, 'MSE - std': 45816395.69949007, 'R2 - mean': 0.8663781204271133, 'R2 - std': 0.012098445195741159} 
 

{'MSE - mean': 1029914946.6595415, 'MSE - std': 122828167.36910391, 'R2 - mean': 0.8556881071182992, 'R2 - std': 0.01805919026944866} 
 

{'MSE - mean': 899688234.2877959, 'MSE - std': 249383357.24322, 'R2 - mean': 0.8684931084438325, 'R2 - std': 0.027138624536476426} 
 

{'MSE - mean': 852613241.7383503, 'MSE - std': 242111269.4403981, 'R2 - mean': 0.8651940323624107, 'R2 - std': 0.02515431504433212} 
 

Finished cross validation
Hyperparam was saved!!! Hurrah!!!
Trial 74 finished with value: 852613241.7383503 and parameters: {'max_depth': 10, 'n_estimators': 67}. Best is trial 42 with value: 827352971.3282602.
{'MSE - mean': 891230134.6159934, 'MSE - std': 0.0, 'R2 - mean': 0.8798439107388953, 'R2 - std': 0.0} 
 

{'MSE - mean': 1021301361.3289917, 'MSE - std': 130071226.71299833, 'R2 - mean': 0.8554418140693928, 'R2 - std': 0.02440209666950255} 
 

{'MSE - mean': 1114990293.8718498, 'MSE - std': 169806502.15600258, 'R2 - mean': 0.8434534058383872, 'R2 - std': 0.02616139799536039} 
 

{'MSE - mean': 977895404.5577521, 'MSE - std': 279303978.05791515, 'R2 - mean': 0.856683362870649, 'R2 - std': 0.032224359544143114} 
 

{'MSE - mean': 925349642.6166677, 'MSE - std': 271021766.8731749, 'R2 - mean': 0.8534803147761494, 'R2 - std': 0.029525676060115438} 
 

Finished cross validation
Hyperparam was saved!!! Hurrah!!!
Trial 75 finished with value: 925349642.6166677 and parameters: {'max_depth': 10, 'n_estimators': 49}. Best is trial 42 with value: 827352971.3282602.
{'MSE - mean': 854434233.324553, 'MSE - std': 0.0, 'R2 - mean': 0.88480475242085, 'R2 - std': 0.0} 
 

{'MSE - mean': 935273567.6804695, 'MSE - std': 80839334.35591656, 'R2 - mean': 0.8678467002872875, 'R2 - std': 0.016958052133562496} 
 

{'MSE - mean': 1024006632.3105463, 'MSE - std': 141787795.0907478, 'R2 - mean': 0.8563850894426862, 'R2 - std': 0.021317928317480594} 
 

{'MSE - mean': 909525066.414565, 'MSE - std': 233229331.16893694, 'R2 - mean': 0.8664063751625133, 'R2 - std': 0.025340068138171138} 
 

{'MSE - mean': 865332422.8398438, 'MSE - std': 226558371.54803416, 'R2 - mean': 0.8624441782405636, 'R2 - std': 0.024010232410182047} 
 

Finished cross validation
Hyperparam was saved!!! Hurrah!!!
Trial 76 finished with value: 865332422.8398438 and parameters: {'max_depth': 11, 'n_estimators': 69}. Best is trial 42 with value: 827352971.3282602.
{'MSE - mean': 929987463.3226334, 'MSE - std': 0.0, 'R2 - mean': 0.8746186284389386, 'R2 - std': 0.0} 
 

{'MSE - mean': 996652310.0079777, 'MSE - std': 66664846.6853444, 'R2 - mean': 0.8592901008239282, 'R2 - std': 0.015328527615010412} 
 

{'MSE - mean': 1109643730.699322, 'MSE - std': 168810318.07549676, 'R2 - mean': 0.8444822624061935, 'R2 - std': 0.02439644775592478} 
 

{'MSE - mean': 974541689.9175756, 'MSE - std': 275917337.05358356, 'R2 - mean': 0.8573349922408616, 'R2 - std': 0.03069149702995237} 
 

{'MSE - mean': 928576164.417659, 'MSE - std': 263354551.21817544, 'R2 - mean': 0.8526850429402213, 'R2 - std': 0.02898383180233016} 
 

Finished cross validation
Hyperparam was saved!!! Hurrah!!!
Trial 77 finished with value: 928576164.417659 and parameters: {'max_depth': 8, 'n_estimators': 19}. Best is trial 42 with value: 827352971.3282602.
{'MSE - mean': 878565523.5664136, 'MSE - std': 0.0, 'R2 - mean': 0.8815513598888123, 'R2 - std': 0.0} 
 

{'MSE - mean': 966349677.2688135, 'MSE - std': 87784153.70239985, 'R2 - mean': 0.8634302785387158, 'R2 - std': 0.01812108135009649} 
 

{'MSE - mean': 1097489805.4246054, 'MSE - std': 198828665.4038246, 'R2 - mean': 0.8461268578342495, 'R2 - std': 0.028596021792364444} 
 

{'MSE - mean': 973655335.8374867, 'MSE - std': 275053733.3203615, 'R2 - mean': 0.8570634303181894, 'R2 - std': 0.03117892236514042} 
 

{'MSE - mean': 924162569.715848, 'MSE - std': 265182541.96733955, 'R2 - mean': 0.8532931210491256, 'R2 - std': 0.028888770964143076} 
 

Finished cross validation
Hyperparam was saved!!! Hurrah!!!
Trial 78 finished with value: 924162569.715848 and parameters: {'max_depth': 7, 'n_estimators': 60}. Best is trial 42 with value: 827352971.3282602.
{'MSE - mean': 863240257.0608368, 'MSE - std': 0.0, 'R2 - mean': 0.8836175199283712, 'R2 - std': 0.0} 
 

{'MSE - mean': 929188109.1136646, 'MSE - std': 65947852.052827835, 'R2 - mean': 0.8687922338758944, 'R2 - std': 0.014825286052476738} 
 

{'MSE - mean': 1036098308.5852445, 'MSE - std': 160496088.10090598, 'R2 - mean': 0.8547770541945098, 'R2 - std': 0.02322448264285269} 
 

{'MSE - mean': 917050850.2464969, 'MSE - std': 248668730.91025704, 'R2 - mean': 0.8654825412979277, 'R2 - std': 0.027356074423890906} 
 

{'MSE - mean': 860675790.5499573, 'MSE - std': 249362185.60392818, 'R2 - mean': 0.8640838964458988, 'R2 - std': 0.02462739685790592} 
 

Finished cross validation
Hyperparam was saved!!! Hurrah!!!
Trial 79 finished with value: 860675790.5499573 and parameters: {'max_depth': 9, 'n_estimators': 23}. Best is trial 42 with value: 827352971.3282602.
{'MSE - mean': 838073650.7944593, 'MSE - std': 0.0, 'R2 - mean': 0.8870104942808877, 'R2 - std': 0.0} 
 

{'MSE - mean': 984601475.8424594, 'MSE - std': 146527825.0480001, 'R2 - mean': 0.860510424994849, 'R2 - std': 0.02650006928603882} 
 

{'MSE - mean': 1071888852.506157, 'MSE - std': 171906295.96340755, 'R2 - mean': 0.8494154873993337, 'R2 - std': 0.02672759613720117} 
 

{'MSE - mean': 956046426.5941101, 'MSE - std': 249844419.32422313, 'R2 - mean': 0.8592387790808026, 'R2 - std': 0.028727416779666268} 
 

{'MSE - mean': 896016108.8307731, 'MSE - std': 253677636.5725514, 'R2 - mean': 0.8581656772362762, 'R2 - std': 0.025784060388950064} 
 

Finished cross validation
Hyperparam was saved!!! Hurrah!!!
Trial 80 finished with value: 896016108.8307731 and parameters: {'max_depth': 11, 'n_estimators': 42}. Best is trial 42 with value: 827352971.3282602.
{'MSE - mean': 880425666.1897452, 'MSE - std': 0.0, 'R2 - mean': 0.8813005745367397, 'R2 - std': 0.0} 
 

{'MSE - mean': 952531815.0033742, 'MSE - std': 72106148.81362903, 'R2 - mean': 0.865469098430214, 'R2 - std': 0.015831476106525633} 
 

{'MSE - mean': 1087087401.6640794, 'MSE - std': 199189883.27983728, 'R2 - mean': 0.847651087662645, 'R2 - std': 0.028320548003774253} 
 

{'MSE - mean': 948262358.5587937, 'MSE - std': 295930118.4069132, 'R2 - mean': 0.8614238317358627, 'R2 - std': 0.03421411283877795} 
 

{'MSE - mean': 892766064.11768, 'MSE - std': 287017530.4246117, 'R2 - mean': 0.8592504271744961, 'R2 - std': 0.030909208392082436} 
 

Finished cross validation
Hyperparam was saved!!! Hurrah!!!
Trial 81 finished with value: 892766064.11768 and parameters: {'max_depth': 10, 'n_estimators': 85}. Best is trial 42 with value: 827352971.3282602.
{'MSE - mean': 877441319.9169053, 'MSE - std': 0.0, 'R2 - mean': 0.8817029255830268, 'R2 - std': 0.0} 
 

{'MSE - mean': 955489037.6819695, 'MSE - std': 78047717.76506424, 'R2 - mean': 0.8650173392021636, 'R2 - std': 0.016685586380863093} 
 

{'MSE - mean': 1035531838.3104836, 'MSE - std': 129902517.41390114, 'R2 - mean': 0.8547693873507741, 'R2 - std': 0.019890874697013526} 
 

{'MSE - mean': 910179768.5385041, 'MSE - std': 244531025.04837567, 'R2 - mean': 0.8666557343467618, 'R2 - std': 0.02684382437146945} 
 

{'MSE - mean': 863293939.2155371, 'MSE - std': 237969455.46472356, 'R2 - mean': 0.8632145079080619, 'R2 - std': 0.024976806903979302} 
 

Finished cross validation
Hyperparam was saved!!! Hurrah!!!
Trial 82 finished with value: 863293939.2155371 and parameters: {'max_depth': 12, 'n_estimators': 90}. Best is trial 42 with value: 827352971.3282602.
{'MSE - mean': 801475147.4915187, 'MSE - std': 0.0, 'R2 - mean': 0.8919447226680212, 'R2 - std': 0.0} 
 

{'MSE - mean': 883336008.5592508, 'MSE - std': 81860861.06773204, 'R2 - mean': 0.8751525687010071, 'R2 - std': 0.016792153967014} 
 

{'MSE - mean': 1019452148.8829886, 'MSE - std': 203771132.31048366, 'R2 - mean': 0.8570875387447788, 'R2 - std': 0.028994394364085584} 
 

{'MSE - mean': 902746128.6676643, 'MSE - std': 268333544.74575406, 'R2 - mean': 0.8675482809719097, 'R2 - std': 0.03096429495778211} 
 

{'MSE - mean': 851200422.5394554, 'MSE - std': 261209020.2685963, 'R2 - mean': 0.8652979465300946, 'R2 - std': 0.028058618465386022} 
 

Finished cross validation
Hyperparam was saved!!! Hurrah!!!
Trial 83 finished with value: 851200422.5394554 and parameters: {'max_depth': 12, 'n_estimators': 53}. Best is trial 42 with value: 827352971.3282602.
{'MSE - mean': 841153305.0005437, 'MSE - std': 0.0, 'R2 - mean': 0.8865952937717184, 'R2 - std': 0.0} 
 

{'MSE - mean': 902512412.1282333, 'MSE - std': 61359107.1276896, 'R2 - mean': 0.8725750997386196, 'R2 - std': 0.014020194033098843} 
 

{'MSE - mean': 1011432488.8471909, 'MSE - std': 161978783.31209108, 'R2 - mean': 0.8582528932186534, 'R2 - std': 0.02326574935432535} 
 

{'MSE - mean': 901011177.8524487, 'MSE - std': 237184405.99635056, 'R2 - mean': 0.8676395703366644, 'R2 - std': 0.025890161098708748} 
 

{'MSE - mean': 859498902.0335286, 'MSE - std': 227811830.5377, 'R2 - mean': 0.8632129372145003, 'R2 - std': 0.02479154445706503} 
 

Finished cross validation
Hyperparam was saved!!! Hurrah!!!
Trial 84 finished with value: 859498902.0335286 and parameters: {'max_depth': 11, 'n_estimators': 52}. Best is trial 42 with value: 827352971.3282602.
{'MSE - mean': 895428737.3794426, 'MSE - std': 0.0, 'R2 - mean': 0.8792778530296435, 'R2 - std': 0.0} 
 

{'MSE - mean': 967537430.2816215, 'MSE - std': 72108692.90217894, 'R2 - mean': 0.8633565377374552, 'R2 - std': 0.015921315292188265} 
 

{'MSE - mean': 1037411104.3169419, 'MSE - std': 115026531.90066876, 'R2 - mean': 0.8545150633173432, 'R2 - std': 0.01803705981948927} 
 

{'MSE - mean': 914128569.3070679, 'MSE - std': 235624866.25185406, 'R2 - mean': 0.8660005723788853, 'R2 - std': 0.025293327191319985} 
 

{'MSE - mean': 865737597.0658271, 'MSE - std': 231909479.872586, 'R2 - mean': 0.8628497583717852, 'R2 - std': 0.023484301904784934} 
 

Finished cross validation
Hyperparam was saved!!! Hurrah!!!
Trial 85 finished with value: 865737597.0658271 and parameters: {'max_depth': 10, 'n_estimators': 37}. Best is trial 42 with value: 827352971.3282602.
{'MSE - mean': 951837002.5892109, 'MSE - std': 0.0, 'R2 - mean': 0.8716728627063199, 'R2 - std': 0.0} 
 

{'MSE - mean': 998740688.1813622, 'MSE - std': 46903685.592151344, 'R2 - mean': 0.8591139304325698, 'R2 - std': 0.012558932273750156} 
 

{'MSE - mean': 1101066042.85094, 'MSE - std': 149691661.64016855, 'R2 - mean': 0.8457467653931904, 'R2 - std': 0.021506124452144032} 
 

{'MSE - mean': 959293954.0151213, 'MSE - std': 277675477.29689753, 'R2 - mean': 0.8598954374548342, 'R2 - std': 0.030780510149072404} 
 

{'MSE - mean': 895438147.7643875, 'MSE - std': 279272613.2677046, 'R2 - mean': 0.8593985807976943, 'R2 - std': 0.02754885315545272} 
 

Finished cross validation
Hyperparam was saved!!! Hurrah!!!
Trial 86 finished with value: 895438147.7643875 and parameters: {'max_depth': 12, 'n_estimators': 28}. Best is trial 42 with value: 827352971.3282602.
{'MSE - mean': 840982132.7673403, 'MSE - std': 0.0, 'R2 - mean': 0.8866183712971891, 'R2 - std': 0.0} 
 

{'MSE - mean': 907311125.0364511, 'MSE - std': 66328992.26911086, 'R2 - mean': 0.8718698830808178, 'R2 - std': 0.014748488216371314} 
 

{'MSE - mean': 1042419424.5691305, 'MSE - std': 198598914.10121456, 'R2 - mean': 0.8539310365949473, 'R2 - std': 0.02808231405943756} 
 

{'MSE - mean': 918484822.1306182, 'MSE - std': 275064544.3462544, 'R2 - mean': 0.8654528167375586, 'R2 - std': 0.03145976041173357} 
 

{'MSE - mean': 868085823.4379375, 'MSE - std': 265873351.65832123, 'R2 - mean': 0.8626648160185464, 'R2 - std': 0.028685623789065383} 
 

Finished cross validation
Hyperparam was saved!!! Hurrah!!!
Trial 87 finished with value: 868085823.4379375 and parameters: {'max_depth': 11, 'n_estimators': 66}. Best is trial 42 with value: 827352971.3282602.
{'MSE - mean': 839627438.2963332, 'MSE - std': 0.0, 'R2 - mean': 0.886801011878401, 'R2 - std': 0.0} 
 

{'MSE - mean': 948812509.5236418, 'MSE - std': 109185071.22730863, 'R2 - mean': 0.865771608008814, 'R2 - std': 0.02102940386958696} 
 

{'MSE - mean': 1075545837.4090455, 'MSE - std': 200175571.2196006, 'R2 - mean': 0.8491088633450351, 'R2 - std': 0.029156783159339037} 
 

{'MSE - mean': 947863304.65173, 'MSE - std': 281000323.8410747, 'R2 - mean': 0.8610070287386864, 'R2 - std': 0.032592752604752216} 
 

{'MSE - mean': 887243338.5724443, 'MSE - std': 279048502.5024252, 'R2 - mean': 0.8600762679842597, 'R2 - std': 0.02921121839656108} 
 

Finished cross validation
Hyperparam was saved!!! Hurrah!!!
Trial 88 finished with value: 887243338.5724443 and parameters: {'max_depth': 9, 'n_estimators': 46}. Best is trial 42 with value: 827352971.3282602.
{'MSE - mean': 920082233.4847027, 'MSE - std': 0.0, 'R2 - mean': 0.8759540564438174, 'R2 - std': 0.0} 
 

{'MSE - mean': 961155704.3365371, 'MSE - std': 41073470.851834476, 'R2 - mean': 0.8644400487816242, 'R2 - std': 0.011514007662193293} 
 

{'MSE - mean': 1059690281.4457546, 'MSE - std': 143327640.1956801, 'R2 - mean': 0.8515595292406806, 'R2 - std': 0.02049871090872023} 
 

{'MSE - mean': 938455781.5084682, 'MSE - std': 243927286.82576406, 'R2 - mean': 0.8623907060398796, 'R2 - std': 0.025828105510392833} 
 

{'MSE - mean': 881053081.1417668, 'MSE - std': 246537415.09981817, 'R2 - mean': 0.8608856157778103, 'R2 - std': 0.023296652424601504} 
 

Finished cross validation
Hyperparam was saved!!! Hurrah!!!
Trial 89 finished with value: 881053081.1417668 and parameters: {'max_depth': 12, 'n_estimators': 55}. Best is trial 42 with value: 827352971.3282602.
{'MSE - mean': 825544539.6313753, 'MSE - std': 0.0, 'R2 - mean': 0.8886996752688292, 'R2 - std': 0.0} 
 

{'MSE - mean': 940944279.1726897, 'MSE - std': 115399739.54131436, 'R2 - mean': 0.8668422672012958, 'R2 - std': 0.021857408067533446} 
 

{'MSE - mean': 1063490617.9701037, 'MSE - std': 197264484.62940136, 'R2 - mean': 0.8507665444617941, 'R2 - std': 0.028902512834500127} 
 

{'MSE - mean': 926045705.8351531, 'MSE - std': 293015817.4696894, 'R2 - mean': 0.8645869107681932, 'R2 - std': 0.034634145155330115} 
 

{'MSE - mean': 883393675.1510445, 'MSE - std': 275614582.91581166, 'R2 - mean': 0.8599092475244845, 'R2 - std': 0.0323595633808392} 
 

Finished cross validation
Hyperparam was saved!!! Hurrah!!!
Trial 90 finished with value: 883393675.1510445 and parameters: {'max_depth': 11, 'n_estimators': 32}. Best is trial 42 with value: 827352971.3282602.
{'MSE - mean': 874627190.6372553, 'MSE - std': 0.0, 'R2 - mean': 0.8820823278897763, 'R2 - std': 0.0} 
 

{'MSE - mean': 987738323.6977167, 'MSE - std': 113111133.06046146, 'R2 - mean': 0.8602680774367456, 'R2 - std': 0.021814250453030648} 
 

{'MSE - mean': 1097134101.952735, 'MSE - std': 180178499.12847483, 'R2 - mean': 0.8460445055856515, 'R2 - std': 0.026867471180310996} 
 

{'MSE - mean': 959997373.0239052, 'MSE - std': 284196526.9404965, 'R2 - mean': 0.8594507641225613, 'R2 - std': 0.032872162380866134} 
 

{'MSE - mean': 905283866.9638115, 'MSE - std': 276746099.7405092, 'R2 - mean': 0.8569746872713122, 'R2 - std': 0.029815886268370242} 
 

Finished cross validation
Hyperparam was saved!!! Hurrah!!!
Trial 91 finished with value: 905283866.9638115 and parameters: {'max_depth': 10, 'n_estimators': 52}. Best is trial 42 with value: 827352971.3282602.
{'MSE - mean': 881235191.3721944, 'MSE - std': 0.0, 'R2 - mean': 0.8811914339496977, 'R2 - std': 0.0} 
 

{'MSE - mean': 950374958.8588979, 'MSE - std': 69139767.48670346, 'R2 - mean': 0.8657904375772971, 'R2 - std': 0.0154009963724005} 
 

{'MSE - mean': 1080450326.1938896, 'MSE - std': 192421604.83361262, 'R2 - mean': 0.8485859795281891, 'R2 - std': 0.02738820694573063} 
 

{'MSE - mean': 946086927.218324, 'MSE - std': 286234387.27353895, 'R2 - mean': 0.8616124775448951, 'R2 - std': 0.03273613235424059} 
 

{'MSE - mean': 884815301.4778694, 'MSE - std': 283832605.68475914, 'R2 - mean': 0.8607849619868227, 'R2 - std': 0.029326824192313986} 
 

Finished cross validation
Hyperparam was saved!!! Hurrah!!!
Trial 92 finished with value: 884815301.4778694 and parameters: {'max_depth': 11, 'n_estimators': 60}. Best is trial 42 with value: 827352971.3282602.
{'MSE - mean': 873134585.9344919, 'MSE - std': 0.0, 'R2 - mean': 0.8822835615969086, 'R2 - std': 0.0} 
 

{'MSE - mean': 935782043.7006755, 'MSE - std': 62647457.766183674, 'R2 - mean': 0.8678835964035105, 'R2 - std': 0.014399965193397979} 
 

{'MSE - mean': 1048552470.6289139, 'MSE - std': 167483753.5072129, 'R2 - mean': 0.8530543346287613, 'R2 - std': 0.024042739887170112} 
 

{'MSE - mean': 923944414.9290838, 'MSE - std': 260037705.73231205, 'R2 - mean': 0.8646380409505185, 'R2 - std': 0.028915164920984594} 
 

{'MSE - mean': 879113346.0594103, 'MSE - std': 249268902.32439598, 'R2 - mean': 0.8605292485878234, 'R2 - std': 0.027136656180251097} 
 

Finished cross validation
Hyperparam was saved!!! Hurrah!!!
Trial 93 finished with value: 879113346.0594103 and parameters: {'max_depth': 12, 'n_estimators': 41}. Best is trial 42 with value: 827352971.3282602.
{'MSE - mean': 806945640.1710622, 'MSE - std': 0.0, 'R2 - mean': 0.8912071881287648, 'R2 - std': 0.0} 
 

{'MSE - mean': 943876959.1174504, 'MSE - std': 136931318.94638813, 'R2 - mean': 0.8663009973225428, 'R2 - std': 0.024906190806221973} 
 

{'MSE - mean': 1045755334.867457, 'MSE - std': 182369216.0513504, 'R2 - mean': 0.8531350173034554, 'R2 - std': 0.027572298055173274} 
 

{'MSE - mean': 925746192.990258, 'MSE - std': 261056470.18354702, 'R2 - mean': 0.8639853542694877, 'R2 - std': 0.030386891118734636} 
 

{'MSE - mean': 873311005.6819738, 'MSE - std': 255965192.89148265, 'R2 - mean': 0.8616209362710932, 'R2 - std': 0.027587178387323264} 
 

Finished cross validation
Hyperparam was saved!!! Hurrah!!!
Trial 94 finished with value: 873311005.6819738 and parameters: {'max_depth': 11, 'n_estimators': 73}. Best is trial 42 with value: 827352971.3282602.
{'MSE - mean': 1056071909.8716736, 'MSE - std': 0.0, 'R2 - mean': 0.8576198607519471, 'R2 - std': 0.0} 
 

{'MSE - mean': 1061059092.5786703, 'MSE - std': 4987182.706996739, 'R2 - mean': 0.8505904722232613, 'R2 - std': 0.007029388528685732} 
 

{'MSE - mean': 1223522335.875661, 'MSE - std': 229793803.59949434, 'R2 - mean': 0.8288492949678646, 'R2 - std': 0.03127777345484554} 
 

{'MSE - mean': 1066150063.5245228, 'MSE - std': 337493689.4882994, 'R2 - mean': 0.8444764621366556, 'R2 - std': 0.038292941848119995} 
 

{'MSE - mean': 1024660826.5759195, 'MSE - std': 313060728.11173415, 'R2 - mean': 0.8373190634266623, 'R2 - std': 0.03712132731304285} 
 

Finished cross validation
Hyperparam was saved!!! Hurrah!!!
