Trial 65 finished with value: 4141211.215224611 and parameters: {'max_depth': 12, 'n_estimators': 29}. Best is trial 61 with value: 4118820.2904542848.
{'MSE - mean': 4096790.009285132, 'MSE - std': 0.0, 'R2 - mean': 0.5199971566052257, 'R2 - std': 0.0} 
 

{'MSE - mean': 4096703.842838997, 'MSE - std': 86.16644613514654, 'R2 - mean': 0.5042127423085124, 'R2 - std': 0.01578441429671329} 
 

{'MSE - mean': 4226184.0391528765, 'MSE - std': 183112.66320146373, 'R2 - mean': 0.5022271467095499, 'R2 - std': 0.013190286939970744} 
 

{'MSE - mean': 4314081.286965005, 'MSE - std': 219830.5349294986, 'R2 - mean': 0.49338578879811557, 'R2 - std': 0.01910488370347549} 
 

{'MSE - mean': 4257108.269774909, 'MSE - std': 227253.31685342532, 'R2 - mean': 0.4952043886149905, 'R2 - std': 0.017470732275277102} 
 

Finished cross validation
Hyperparam was saved!!! Hurrah!!!
Trial 66 finished with value: 4257108.269774909 and parameters: {'max_depth': 10, 'n_estimators': 19}. Best is trial 61 with value: 4118820.2904542848.
{'MSE - mean': 5523576.51460901, 'MSE - std': 0.0, 'R2 - mean': 0.35282686525015106, 'R2 - std': 0.0} 
 

{'MSE - mean': 5427531.415843347, 'MSE - std': 96045.09876566287, 'R2 - mean': 0.3435245002349776, 'R2 - std': 0.009302365015173453} 
 

{'MSE - mean': 5640450.368417498, 'MSE - std': 311157.0901144378, 'R2 - mean': 0.3361418631351976, 'R2 - std': 0.012911080164382471} 
 

{'MSE - mean': 5658161.931746686, 'MSE - std': 271210.52611035353, 'R2 - mean': 0.33581861585525796, 'R2 - std': 0.011195332048237697} 
 

{'MSE - mean': 5579399.1805283595, 'MSE - std': 289237.62462094036, 'R2 - mean': 0.33864822366004105, 'R2 - std': 0.011501960226491663} 
 

Finished cross validation
Hyperparam was saved!!! Hurrah!!!
Trial 67 finished with value: 5579399.1805283595 and parameters: {'max_depth': 3, 'n_estimators': 24}. Best is trial 61 with value: 4118820.2904542848.
{'MSE - mean': 4272884.974490223, 'MSE - std': 0.0, 'R2 - mean': 0.4993648850427649, 'R2 - std': 0.0} 
 

{'MSE - mean': 4270592.69209737, 'MSE - std': 2292.282392853871, 'R2 - mean': 0.48317702883299724, 'R2 - std': 0.016187856209767648} 
 

{'MSE - mean': 4405104.912906523, 'MSE - std': 190238.2141765074, 'R2 - mean': 0.48115621725017493, 'R2 - std': 0.013522764190502834} 
 

{'MSE - mean': 4510555.295277238, 'MSE - std': 245972.11839188138, 'R2 - mean': 0.4703289249585593, 'R2 - std': 0.02210971819400233} 
 

{'MSE - mean': 4451602.309322422, 'MSE - std': 249606.98033690226, 'R2 - mean': 0.47215132128854825, 'R2 - std': 0.020108610703596264} 
 

Finished cross validation
Hyperparam was saved!!! Hurrah!!!
Trial 68 finished with value: 4451602.309322422 and parameters: {'max_depth': 8, 'n_estimators': 35}. Best is trial 61 with value: 4118820.2904542848.
{'MSE - mean': 4834098.031963317, 'MSE - std': 0.0, 'R2 - mean': 0.43361002264395576, 'R2 - std': 0.0} 
 

{'MSE - mean': 4810668.392808467, 'MSE - std': 23429.639154849574, 'R2 - mean': 0.4178979705788336, 'R2 - std': 0.015712052065122162} 
 

{'MSE - mean': 4982344.889838978, 'MSE - std': 243539.73924724828, 'R2 - mean': 0.413340293493411, 'R2 - std': 0.014357015505600243} 
 

{'MSE - mean': 5091076.8936778605, 'MSE - std': 282757.2270003373, 'R2 - mean': 0.40227811315526407, 'R2 - std': 0.022840937418855876} 
 

{'MSE - mean': 5028331.476870729, 'MSE - std': 282328.299782255, 'R2 - mean': 0.4038425783316576, 'R2 - std': 0.020667775470288637} 
 

Finished cross validation
Hyperparam was saved!!! Hurrah!!!
Trial 69 finished with value: 5028331.476870729 and parameters: {'max_depth': 5, 'n_estimators': 15}. Best is trial 61 with value: 4118820.2904542848.
{'MSE - mean': 3936771.2103219605, 'MSE - std': 0.0, 'R2 - mean': 0.5387458545674975, 'R2 - std': 0.0} 
 

{'MSE - mean': 3967440.674702378, 'MSE - std': 30669.464380417252, 'R2 - mean': 0.5197377342768557, 'R2 - std': 0.01900812029064186} 
 

{'MSE - mean': 4093830.1923830374, 'MSE - std': 180487.3893730174, 'R2 - mean': 0.5177430258013045, 'R2 - std': 0.01577435096796522} 
 

{'MSE - mean': 4174565.537704041, 'MSE - std': 209729.257006076, 'R2 - mean': 0.5097103508219436, 'R2 - std': 0.01949856951977649} 
 

{'MSE - mean': 4120005.3650861336, 'MSE - std': 217016.90888002273, 'R2 - mean': 0.5114115406135381, 'R2 - std': 0.01776883669467833} 
 

Finished cross validation
Hyperparam was saved!!! Hurrah!!!
Trial 70 finished with value: 4120005.3650861336 and parameters: {'max_depth': 12, 'n_estimators': 31}. Best is trial 61 with value: 4118820.2904542848.
{'MSE - mean': 5163106.640060124, 'MSE - std': 0.0, 'R2 - mean': 0.39506153296547664, 'R2 - std': 0.0} 
 

{'MSE - mean': 5117891.977756514, 'MSE - std': 45214.66230360977, 'R2 - mean': 0.3808014277068736, 'R2 - std': 0.01426010525860305} 
 

{'MSE - mean': 5301430.070570613, 'MSE - std': 262174.31889074616, 'R2 - mean': 0.3758261716124461, 'R2 - std': 0.013604169008110513} 
 

{'MSE - mean': 5390665.779574518, 'MSE - std': 274664.4596569762, 'R2 - mean': 0.3671227525037735, 'R2 - std': 0.019132526580265007} 
 

{'MSE - mean': 5319297.667154317, 'MSE - std': 284123.35736545286, 'R2 - mean': 0.3693844546714901, 'R2 - std': 0.01770039675988801} 
 

Finished cross validation
Hyperparam was saved!!! Hurrah!!!
Trial 71 finished with value: 5319297.667154317 and parameters: {'max_depth': 4, 'n_estimators': 21}. Best is trial 61 with value: 4118820.2904542848.
{'MSE - mean': 3933950.7882017638, 'MSE - std': 0.0, 'R2 - mean': 0.5390763110063678, 'R2 - std': 0.0} 
 

{'MSE - mean': 3959630.2522491845, 'MSE - std': 25679.46404742077, 'R2 - mean': 0.5207021991110012, 'R2 - std': 0.018374111895366474} 
 

{'MSE - mean': 4086990.867612163, 'MSE - std': 181331.39810978284, 'R2 - mean': 0.5185686130144301, 'R2 - std': 0.01530282232874909} 
 

{'MSE - mean': 4167438.1398086026, 'MSE - std': 209943.08220772672, 'R2 - mean': 0.5105622218985901, 'R2 - std': 0.019181740654027033} 
 

{'MSE - mean': 4111762.7793850056, 'MSE - std': 218311.3859758443, 'R2 - mean': 0.5124067550451717, 'R2 - std': 0.017548804794915118} 
 

Finished cross validation
Hyperparam was saved!!! Hurrah!!!
Trial 72 finished with value: 4111762.7793850056 and parameters: {'max_depth': 12, 'n_estimators': 31}. Best is trial 72 with value: 4111762.7793850056.
{'MSE - mean': 3913936.3644518177, 'MSE - std': 0.0, 'R2 - mean': 0.5414213128949461, 'R2 - std': 0.0} 
 

{'MSE - mean': 3950018.063301208, 'MSE - std': 36081.69884939026, 'R2 - mean': 0.5218253709366857, 'R2 - std': 0.01959594195826042} 
 

{'MSE - mean': 4073351.7257187464, 'MSE - std': 176890.67404817816, 'R2 - mean': 0.5201263133717744, 'R2 - std': 0.016179438207349437} 
 

{'MSE - mean': 4168561.9754959857, 'MSE - std': 225083.77976177397, 'R2 - mean': 0.5104082775352367, 'R2 - std': 0.021900943520537522} 
 

{'MSE - mean': 4116825.213474774, 'MSE - std': 226355.7741857614, 'R2 - mean': 0.5117695137952392, 'R2 - std': 0.019777080631225664} 
 

Finished cross validation
Hyperparam was saved!!! Hurrah!!!
Trial 73 finished with value: 4116825.213474774 and parameters: {'max_depth': 12, 'n_estimators': 31}. Best is trial 72 with value: 4111762.7793850056.
{'MSE - mean': 4096170.433234778, 'MSE - std': 0.0, 'R2 - mean': 0.5200697496024738, 'R2 - std': 0.0} 
 

{'MSE - mean': 4106195.757231631, 'MSE - std': 10025.323996853083, 'R2 - mean': 0.5030250355707335, 'R2 - std': 0.017044714031740293} 
 

{'MSE - mean': 4221875.495305582, 'MSE - std': 163800.51388567226, 'R2 - mean': 0.5026252245002344, 'R2 - std': 0.013928431907435125} 
 

{'MSE - mean': 4310536.116556602, 'MSE - std': 209057.58427705578, 'R2 - mean': 0.49372088866737807, 'R2 - std': 0.019579645079084378} 
 

{'MSE - mean': 4250298.519647102, 'MSE - std': 222437.25218751436, 'R2 - mean': 0.4959631240265539, 'R2 - std': 0.018077623703409804} 
 

Finished cross validation
Hyperparam was saved!!! Hurrah!!!
Trial 74 finished with value: 4250298.519647102 and parameters: {'max_depth': 10, 'n_estimators': 30}. Best is trial 72 with value: 4111762.7793850056.
{'MSE - mean': 3916796.4864371964, 'MSE - std': 0.0, 'R2 - mean': 0.5410862049977079, 'R2 - std': 0.0} 
 

{'MSE - mean': 3948992.1210224275, 'MSE - std': 32195.634585231077, 'R2 - mean': 0.52196451431724, 'R2 - std': 0.019121690680467873} 
 

{'MSE - mean': 4083280.5721065574, 'MSE - std': 191723.27831203304, 'R2 - mean': 0.5190318422501362, 'R2 - std': 0.016154271898149317} 
 

{'MSE - mean': 4175585.2177980724, 'MSE - std': 230496.8642601093, 'R2 - mean': 0.5096367334856262, 'R2 - std': 0.021459836474456533} 
 

{'MSE - mean': 4118201.4090955653, 'MSE - std': 235954.76166379472, 'R2 - mean': 0.5116761231446312, 'R2 - std': 0.01962284652983241} 
 

Finished cross validation
Hyperparam was saved!!! Hurrah!!!
Trial 75 finished with value: 4118201.4090955653 and parameters: {'max_depth': 12, 'n_estimators': 41}. Best is trial 72 with value: 4111762.7793850056.
{'MSE - mean': 4070445.7066468745, 'MSE - std': 0.0, 'R2 - mean': 0.5230838025267781, 'R2 - std': 0.0} 
 

{'MSE - mean': 4080483.626929097, 'MSE - std': 10037.920282222563, 'R2 - mean': 0.5061366972008488, 'R2 - std': 0.016947105325929412} 
 

{'MSE - mean': 4215707.083422712, 'MSE - std': 191410.39575013396, 'R2 - mean': 0.5034721373194203, 'R2 - std': 0.014341176544326215} 
 

{'MSE - mean': 4305990.564707419, 'MSE - std': 227885.44420294848, 'R2 - mean': 0.49434666812302286, 'R2 - std': 0.02010160622114183} 
 

{'MSE - mean': 4247138.131948696, 'MSE - std': 235371.7398290203, 'R2 - mean': 0.49640496522688016, 'R2 - std': 0.018444674190857057} 
 

Finished cross validation
Hyperparam was saved!!! Hurrah!!!
Trial 76 finished with value: 4247138.131948696 and parameters: {'max_depth': 10, 'n_estimators': 33}. Best is trial 72 with value: 4111762.7793850056.
{'MSE - mean': 3990328.402683396, 'MSE - std': 0.0, 'R2 - mean': 0.5324707942008531, 'R2 - std': 0.0} 
 

{'MSE - mean': 4002206.4543040884, 'MSE - std': 11878.05162069248, 'R2 - mean': 0.5156027918134714, 'R2 - std': 0.016868002387381786} 
 

{'MSE - mean': 4129473.2037540074, 'MSE - std': 180243.4735886417, 'R2 - mean': 0.513591870842598, 'R2 - std': 0.014063212387739674} 
 

{'MSE - mean': 4210060.092193261, 'MSE - std': 209400.38704223273, 'R2 - mean': 0.5055765068706796, 'R2 - std': 0.018468043637699938} 
 

{'MSE - mean': 4155349.698077157, 'MSE - std': 216914.0995235378, 'R2 - mean': 0.5072464523303047, 'R2 - std': 0.016852589711841958} 
 

Finished cross validation
Hyperparam was saved!!! Hurrah!!!
Trial 77 finished with value: 4155349.698077157 and parameters: {'max_depth': 11, 'n_estimators': 38}. Best is trial 72 with value: 4111762.7793850056.
{'MSE - mean': 3922106.62347022, 'MSE - std': 0.0, 'R2 - mean': 0.540464039627042, 'R2 - std': 0.0} 
 

{'MSE - mean': 3980409.248390084, 'MSE - std': 58302.62491986458, 'R2 - mean': 0.5180617236184663, 'R2 - std': 0.022402316008575784} 
 

{'MSE - mean': 4094768.0885420763, 'MSE - std': 168588.3132273673, 'R2 - mean': 0.5174879435695671, 'R2 - std': 0.018309404381021157} 
 

{'MSE - mean': 4169377.0875170757, 'MSE - std': 194976.97992786468, 'R2 - mean': 0.5102052205458537, 'R2 - std': 0.02026178374455689} 
 

{'MSE - mean': 4110105.523659248, 'MSE - std': 210867.9475170254, 'R2 - mean': 0.5125173238107031, 'R2 - std': 0.018703347038384915} 
 

Finished cross validation
Hyperparam was saved!!! Hurrah!!!
Trial 78 finished with value: 4110105.523659248 and parameters: {'max_depth': 12, 'n_estimators': 27}. Best is trial 78 with value: 4110105.523659248.
{'MSE - mean': 4153836.9575927164, 'MSE - std': 0.0, 'R2 - mean': 0.5133132169030263, 'R2 - std': 0.0} 
 

{'MSE - mean': 4153006.5058108466, 'MSE - std': 830.4517818696331, 'R2 - mean': 0.4974018019083614, 'R2 - std': 0.01591141499466492} 
 

{'MSE - mean': 4297440.312355388, 'MSE - std': 204261.3735209543, 'R2 - mean': 0.49391420123747487, 'R2 - std': 0.013896359294221694} 
 

{'MSE - mean': 4393378.114182062, 'MSE - std': 242701.90974218294, 'R2 - mean': 0.48413998916876594, 'R2 - std': 0.020771068001377836} 
 

{'MSE - mean': 4334803.244452973, 'MSE - std': 246672.72862868628, 'R2 - mean': 0.48604725388019415, 'R2 - std': 0.01896577041546499} 
 

Finished cross validation
Hyperparam was saved!!! Hurrah!!!
Trial 79 finished with value: 4334803.244452973 and parameters: {'max_depth': 9, 'n_estimators': 43}. Best is trial 78 with value: 4110105.523659248.
{'MSE - mean': 3979645.4705331977, 'MSE - std': 0.0, 'R2 - mean': 0.5337224663139628, 'R2 - std': 0.0} 
 

{'MSE - mean': 4008062.337246024, 'MSE - std': 28416.86671282607, 'R2 - mean': 0.5148303410366003, 'R2 - std': 0.018892125277362504} 
 

{'MSE - mean': 4150401.2747847666, 'MSE - std': 202630.43162820482, 'R2 - mean': 0.5111724465021755, 'R2 - std': 0.01626966450730689} 
 

{'MSE - mean': 4238696.3236664375, 'MSE - std': 232771.0588484409, 'R2 - mean': 0.5022548948264818, 'R2 - std': 0.02090680920301445} 
 

{'MSE - mean': 4179244.56469924, 'MSE - std': 239758.0848420225, 'R2 - mean': 0.5044674276213429, 'R2 - std': 0.01921605948976906} 
 

Finished cross validation
Hyperparam was saved!!! Hurrah!!!
Trial 80 finished with value: 4179244.56469924 and parameters: {'max_depth': 11, 'n_estimators': 28}. Best is trial 78 with value: 4110105.523659248.
{'MSE - mean': 3934933.830497813, 'MSE - std': 0.0, 'R2 - mean': 0.5389611322697931, 'R2 - std': 0.0} 
 

{'MSE - mean': 3967980.7813532925, 'MSE - std': 33046.950855479576, 'R2 - mean': 0.5196632035784458, 'R2 - std': 0.019297928691347388} 
 

{'MSE - mean': 4114297.945681047, 'MSE - std': 208675.56747511207, 'R2 - mean': 0.5154439328930381, 'R2 - std': 0.01684867526200106} 
 

{'MSE - mean': 4183798.525139939, 'MSE - std': 217140.76305742344, 'R2 - mean': 0.5086985278196478, 'R2 - std': 0.018692508188459776} 
 

{'MSE - mean': 4126440.574612034, 'MSE - std': 225565.57082137873, 'R2 - mean': 0.5107195324584227, 'R2 - std': 0.01720074791688747} 
 

Finished cross validation
Hyperparam was saved!!! Hurrah!!!
Trial 81 finished with value: 4126440.574612034 and parameters: {'max_depth': 12, 'n_estimators': 32}. Best is trial 78 with value: 4110105.523659248.
{'MSE - mean': 3930500.7369384975, 'MSE - std': 0.0, 'R2 - mean': 0.5394805383190864, 'R2 - std': 0.0} 
 

{'MSE - mean': 3956750.38033225, 'MSE - std': 26249.643393752398, 'R2 - mean': 0.5210485260407801, 'R2 - std': 0.018432012278306265} 
 

{'MSE - mean': 4096043.5536747635, 'MSE - std': 198152.81678169806, 'R2 - mean': 0.5175720149691397, 'R2 - std': 0.015832402730294334} 
 

{'MSE - mean': 4186459.1577080637, 'MSE - std': 232321.6487050019, 'R2 - mean': 0.5083902635262704, 'R2 - std': 0.020997914440167024} 
 

{'MSE - mean': 4126116.2921146797, 'MSE - std': 240299.2394446828, 'R2 - mean': 0.5107757874554301, 'R2 - std': 0.019377637274333375} 
 

Finished cross validation
Hyperparam was saved!!! Hurrah!!!
Trial 82 finished with value: 4126116.2921146797 and parameters: {'max_depth': 12, 'n_estimators': 33}. Best is trial 78 with value: 4110105.523659248.
{'MSE - mean': 3989985.0826222524, 'MSE - std': 0.0, 'R2 - mean': 0.5325110195004583, 'R2 - std': 0.0} 
 

{'MSE - mean': 4008433.0010644523, 'MSE - std': 18447.918442199938, 'R2 - mean': 0.514823918176458, 'R2 - std': 0.017687101324000254} 
 

{'MSE - mean': 4139571.727696523, 'MSE - std': 186068.84489867944, 'R2 - mean': 0.5124072877532447, 'R2 - std': 0.014840347279239597} 
 

{'MSE - mean': 4220235.826063469, 'MSE - std': 213275.17806229513, 'R2 - mean': 0.5043850530010762, 'R2 - std': 0.018927379157797637} 
 

{'MSE - mean': 4165046.274568534, 'MSE - std': 220391.8955834165, 'R2 - mean': 0.5061011581373251, 'R2 - std': 0.017273581353647153} 
 

Finished cross validation
Hyperparam was saved!!! Hurrah!!!
Trial 83 finished with value: 4165046.274568534 and parameters: {'max_depth': 11, 'n_estimators': 42}. Best is trial 78 with value: 4110105.523659248.
{'MSE - mean': 4057247.7247474845, 'MSE - std': 0.0, 'R2 - mean': 0.5246301519428873, 'R2 - std': 0.0} 
 

{'MSE - mean': 4071474.4817755246, 'MSE - std': 14226.75702804001, 'R2 - mean': 0.5072108437625699, 'R2 - std': 0.01741930818031745} 
 

{'MSE - mean': 4201835.098912976, 'MSE - std': 184723.34650661747, 'R2 - mean': 0.5050681759942498, 'R2 - std': 0.014542016663839235} 
 

{'MSE - mean': 4298803.668819979, 'MSE - std': 231949.87973241424, 'R2 - mean': 0.4951690269207703, 'R2 - std': 0.021273978086513243} 
 

{'MSE - mean': 4239936.896761272, 'MSE - std': 238540.94989488067, 'R2 - mean': 0.4972421081551898, 'R2 - std': 0.01947450585042829} 
 

Finished cross validation
Hyperparam was saved!!! Hurrah!!!
Trial 84 finished with value: 4239936.896761272 and parameters: {'max_depth': 10, 'n_estimators': 33}. Best is trial 78 with value: 4110105.523659248.
{'MSE - mean': 3941994.9035675717, 'MSE - std': 0.0, 'R2 - mean': 0.5381338174347099, 'R2 - std': 0.0} 
 

{'MSE - mean': 3977936.6285411534, 'MSE - std': 35941.72497358173, 'R2 - mean': 0.518447175236048, 'R2 - std': 0.019686642198661952} 
 

{'MSE - mean': 4125034.221477864, 'MSE - std': 210087.14562834625, 'R2 - mean': 0.514174695524226, 'R2 - std': 0.017172189332792864} 
 

{'MSE - mean': 4206840.870858977, 'MSE - std': 230606.67860578626, 'R2 - mean': 0.5060008127311217, 'R2 - std': 0.02053290394968968} 
 

{'MSE - mean': 4141857.8098290414, 'MSE - std': 243792.42206712425, 'R2 - mean': 0.5089338504676053, 'R2 - std': 0.019279288294444148} 
 

Finished cross validation
Hyperparam was saved!!! Hurrah!!!
Trial 85 finished with value: 4141857.8098290414 and parameters: {'max_depth': 12, 'n_estimators': 27}. Best is trial 78 with value: 4110105.523659248.
{'MSE - mean': 4008308.15648877, 'MSE - std': 0.0, 'R2 - mean': 0.5303641856291279, 'R2 - std': 0.0} 
 

{'MSE - mean': 4021580.9606725927, 'MSE - std': 13272.80418382259, 'R2 - mean': 0.5132526903455286, 'R2 - std': 0.017111495283599343} 
 

{'MSE - mean': 4162798.6590091954, 'MSE - std': 200005.80375139968, 'R2 - mean': 0.5097420097767397, 'R2 - std': 0.014827404920368659} 
 

{'MSE - mean': 4242283.775833244, 'MSE - std': 221258.65528896445, 'R2 - mean': 0.5018471356478762, 'R2 - std': 0.018758359870634275} 
 

{'MSE - mean': 4181237.127555544, 'MSE - std': 232531.905544142, 'R2 - mean': 0.5042495600971945, 'R2 - std': 0.017452433210521284} 
 

Finished cross validation
Hyperparam was saved!!! Hurrah!!!
Trial 86 finished with value: 4181237.127555544 and parameters: {'max_depth': 11, 'n_estimators': 36}. Best is trial 78 with value: 4110105.523659248.
{'MSE - mean': 3940641.1097968393, 'MSE - std': 0.0, 'R2 - mean': 0.5382924354888081, 'R2 - std': 0.0} 
 

{'MSE - mean': 3969376.756990464, 'MSE - std': 28735.647193624638, 'R2 - mean': 0.519510883308441, 'R2 - std': 0.018781552180367145} 
 

{'MSE - mean': 4122263.8020906574, 'MSE - std': 217484.22639821048, 'R2 - mean': 0.514555371768829, 'R2 - std': 0.016860565157817912} 
 

{'MSE - mean': 4211956.211289089, 'MSE - std': 244148.98392677814, 'R2 - mean': 0.5054485880570105, 'R2 - std': 0.021494406756230728} 
 

{'MSE - mean': 4147836.3879650817, 'MSE - std': 253243.7325076191, 'R2 - mean': 0.5082591526873835, 'R2 - std': 0.020030095147249103} 
 

Finished cross validation
Hyperparam was saved!!! Hurrah!!!
Trial 87 finished with value: 4147836.3879650817 and parameters: {'max_depth': 12, 'n_estimators': 31}. Best is trial 78 with value: 4110105.523659248.
{'MSE - mean': 4071567.0516369785, 'MSE - std': 0.0, 'R2 - mean': 0.522952419472617, 'R2 - std': 0.0} 
 

{'MSE - mean': 4082022.814042933, 'MSE - std': 10455.762405954301, 'R2 - mean': 0.5059488120986926, 'R2 - std': 0.017003607373924368} 
 

{'MSE - mean': 4199087.842426554, 'MSE - std': 165774.91884854858, 'R2 - mean': 0.5053208319939924, 'R2 - std': 0.013911763386004737} 
 

{'MSE - mean': 4299819.135812778, 'MSE - std': 225945.50934067386, 'R2 - mean': 0.4950002912346157, 'R2 - std': 0.0215567519603256} 
 

{'MSE - mean': 4242890.818863008, 'MSE - std': 231957.82296768294, 'R2 - mean': 0.49684268460052233, 'R2 - std': 0.019629887858114436} 
 

Finished cross validation
Hyperparam was saved!!! Hurrah!!!
Trial 88 finished with value: 4242890.818863008 and parameters: {'max_depth': 10, 'n_estimators': 39}. Best is trial 78 with value: 4110105.523659248.
{'MSE - mean': 3921241.682414695, 'MSE - std': 0.0, 'R2 - mean': 0.5405653809613744, 'R2 - std': 0.0} 
 

{'MSE - mean': 3933652.320901514, 'MSE - std': 12410.638486818643, 'R2 - mean': 0.5238972347988075, 'R2 - std': 0.016668146162566955} 
 

{'MSE - mean': 4071901.206255102, 'MSE - std': 195775.86989919326, 'R2 - mean': 0.5204492876064467, 'R2 - std': 0.014456650511572453} 
 

{'MSE - mean': 4157915.76047653, 'MSE - std': 225702.5787177064, 'R2 - mean': 0.5117636934190606, 'R2 - std': 0.019572038656567613} 
 

{'MSE - mean': 4100628.4279383034, 'MSE - std': 232122.11680328826, 'R2 - mean': 0.5138021376689017, 'R2 - std': 0.017974225367959062} 
 

Finished cross validation
Hyperparam was saved!!! Hurrah!!!
Trial 89 finished with value: 4100628.4279383034 and parameters: {'max_depth': 12, 'n_estimators': 53}. Best is trial 89 with value: 4100628.4279383034.
{'MSE - mean': 4005453.6043420895, 'MSE - std': 0.0, 'R2 - mean': 0.5306986409328951, 'R2 - std': 0.0} 
 

{'MSE - mean': 4017162.70341531, 'MSE - std': 11709.099073220743, 'R2 - mean': 0.5137934215474192, 'R2 - std': 0.016905219385475845} 
 

{'MSE - mean': 4142537.8245970383, 'MSE - std': 177564.76008319866, 'R2 - mean': 0.5120395281751607, 'R2 - std': 0.014024142715446695} 
 

{'MSE - mean': 4227162.8037891025, 'MSE - std': 212440.8019362685, 'R2 - mean': 0.5035615800924811, 'R2 - std': 0.01905608158187948} 
 

{'MSE - mean': 4169307.796634171, 'MSE - std': 222471.75747372632, 'R2 - mean': 0.5056004395987952, 'R2 - std': 0.017525272852373687} 
 

Finished cross validation
Hyperparam was saved!!! Hurrah!!!
