Trial 90 finished with value: 4169307.796634171 and parameters: {'max_depth': 11, 'n_estimators': 53}. Best is trial 89 with value: 4100628.4279383034.
{'MSE - mean': 3959256.954629134, 'MSE - std': 0.0, 'R2 - mean': 0.5361112989327617, 'R2 - std': 0.0} 
 

{'MSE - mean': 3960787.5614337428, 'MSE - std': 1530.606804608833, 'R2 - mean': 0.5206552462074009, 'R2 - std': 0.01545605272536077} 
 

{'MSE - mean': 4109043.0152662597, 'MSE - std': 209668.59807872493, 'R2 - mean': 0.5161566924411694, 'R2 - std': 0.014132716743126212} 
 

{'MSE - mean': 4192753.973617715, 'MSE - std': 232364.50763741988, 'R2 - mean': 0.5077311235213093, 'R2 - std': 0.019046545533928504} 
 

{'MSE - mean': 4129308.816504906, 'MSE - std': 243507.2142092308, 'R2 - mean': 0.5104760867046301, 'R2 - std': 0.017898491806069963} 
 

Finished cross validation
Hyperparam was saved!!! Hurrah!!!
Trial 91 finished with value: 4129308.816504906 and parameters: {'max_depth': 12, 'n_estimators': 44}. Best is trial 89 with value: 4100628.4279383034.
{'MSE - mean': 4001249.5393173164, 'MSE - std': 0.0, 'R2 - mean': 0.5311912127174224, 'R2 - std': 0.0} 
 

{'MSE - mean': 4017453.5876569147, 'MSE - std': 16204.048339598347, 'R2 - mean': 0.513740888140088, 'R2 - std': 0.01745032457733442} 
 

{'MSE - mean': 4142064.3719874187, 'MSE - std': 176722.21874452545, 'R2 - mean': 0.5120791638452236, 'R2 - std': 0.014440632736616261} 
 

{'MSE - mean': 4232029.849249565, 'MSE - std': 218413.4113224468, 'R2 - mean': 0.5029831246491818, 'R2 - std': 0.020114986764677593} 
 

{'MSE - mean': 4174584.250424049, 'MSE - std': 226635.21768272278, 'R2 - mean': 0.5049669271469173, 'R2 - std': 0.018423681592846998} 
 

Finished cross validation
Hyperparam was saved!!! Hurrah!!!
Trial 92 finished with value: 4174584.250424049 and parameters: {'max_depth': 11, 'n_estimators': 35}. Best is trial 89 with value: 4100628.4279383034.
{'MSE - mean': 3944674.141764783, 'MSE - std': 0.0, 'R2 - mean': 0.5378199028943311, 'R2 - std': 0.0} 
 

{'MSE - mean': 3972414.4636064107, 'MSE - std': 27740.321841627825, 'R2 - mean': 0.5191470942008537, 'R2 - std': 0.018672808693477427} 
 

{'MSE - mean': 4123192.9417815744, 'MSE - std': 214432.5440137795, 'R2 - mean': 0.5144354527846242, 'R2 - std': 0.016638759549289187} 
 

{'MSE - mean': 4210864.273528841, 'MSE - std': 239884.9186176244, 'R2 - mean': 0.5055669758316607, 'R2 - std': 0.021061478815601605} 
 

{'MSE - mean': 4152208.237543086, 'MSE - std': 244536.17641240018, 'R2 - mean': 0.5077061692789941, 'R2 - std': 0.01931769412586519} 
 

Finished cross validation
Hyperparam was saved!!! Hurrah!!!
Trial 93 finished with value: 4152208.237543086 and parameters: {'max_depth': 12, 'n_estimators': 26}. Best is trial 89 with value: 4100628.4279383034.
{'MSE - mean': 3997715.09736579, 'MSE - std': 0.0, 'R2 - mean': 0.5316053277154333, 'R2 - std': 0.0} 
 

{'MSE - mean': 4007589.6250923905, 'MSE - std': 9874.527726600412, 'R2 - mean': 0.5149590391702492, 'R2 - std': 0.016646288545184185} 
 

{'MSE - mean': 4132296.5545504666, 'MSE - std': 176546.42649533344, 'R2 - mean': 0.5132483294908773, 'R2 - std': 0.013805276893295085} 
 

{'MSE - mean': 4215728.379706089, 'MSE - std': 210378.442045756, 'R2 - mean': 0.5049053192620514, 'R2 - std': 0.018755178261223932} 
 

{'MSE - mean': 4161396.5830031587, 'MSE - std': 217290.2382389825, 'R2 - mean': 0.506522771410115, 'R2 - std': 0.017084202500946073} 
 

Finished cross validation
Hyperparam was saved!!! Hurrah!!!
Trial 94 finished with value: 4161396.5830031587 and parameters: {'max_depth': 11, 'n_estimators': 29}. Best is trial 89 with value: 4100628.4279383034.
{'MSE - mean': 3991535.862236752, 'MSE - std': 0.0, 'R2 - mean': 0.5323293214825586, 'R2 - std': 0.0} 
 

{'MSE - mean': 4026604.7365547465, 'MSE - std': 35068.87431799411, 'R2 - mean': 0.5125606727296264, 'R2 - std': 0.019768648752932216} 
 

{'MSE - mean': 4154877.8407343295, 'MSE - std': 183651.47011577833, 'R2 - mean': 0.5105414170719699, 'R2 - std': 0.01639169817823934} 
 

{'MSE - mean': 4230546.944709903, 'MSE - std': 206090.6032456671, 'R2 - mean': 0.5031217323221714, 'R2 - std': 0.01914865510248821} 
 

{'MSE - mean': 4164965.8567272285, 'MSE - std': 226234.80236447984, 'R2 - mean': 0.5061189918942868, 'R2 - std': 0.01814582744208125} 
 

Finished cross validation
Hyperparam was saved!!! Hurrah!!!
Trial 95 finished with value: 4164965.8567272285 and parameters: {'max_depth': 12, 'n_estimators': 18}. Best is trial 89 with value: 4100628.4279383034.
{'MSE - mean': 4145326.9147850596, 'MSE - std': 0.0, 'R2 - mean': 0.5143103011411319, 'R2 - std': 0.0} 
 

{'MSE - mean': 4153365.751570355, 'MSE - std': 8038.83678529528, 'R2 - mean': 0.49732413004939247, 'R2 - std': 0.016986171091739388} 
 

{'MSE - mean': 4281758.6183473915, 'MSE - std': 181693.52880521657, 'R2 - mean': 0.4956434914837593, 'R2 - std': 0.014071333656829256} 
 

{'MSE - mean': 4382586.867722768, 'MSE - std': 235071.077386349, 'R2 - mean': 0.4853239855564814, 'R2 - std': 0.021632809131287963} 
 

{'MSE - mean': 4326386.793451738, 'MSE - std': 238412.50498063382, 'R2 - mean': 0.48696771221396123, 'R2 - std': 0.019626260316897584} 
 

Finished cross validation
Hyperparam was saved!!! Hurrah!!!
Trial 96 finished with value: 4326386.793451738 and parameters: {'max_depth': 9, 'n_estimators': 37}. Best is trial 89 with value: 4100628.4279383034.
{'MSE - mean': 4064406.0525298836, 'MSE - std': 0.0, 'R2 - mean': 0.5237914422014273, 'R2 - std': 0.0} 
 

{'MSE - mean': 4091550.5082353335, 'MSE - std': 27144.455705449916, 'R2 - mean': 0.5047314168437658, 'R2 - std': 0.019060025357661492} 
 

{'MSE - mean': 4213827.26996444, 'MSE - std': 174339.97600935752, 'R2 - mean': 0.5035709277803991, 'R2 - std': 0.015648743745815073} 
 

{'MSE - mean': 4307394.279493374, 'MSE - std': 221495.31878297235, 'R2 - mean': 0.49409308537717145, 'R2 - std': 0.02128734073288408} 
 

{'MSE - mean': 4246866.457675949, 'MSE - std': 232169.35596685504, 'R2 - mean': 0.49637430771404284, 'R2 - std': 0.019578983675954408} 
 

Finished cross validation
Hyperparam was saved!!! Hurrah!!!
Trial 97 finished with value: 4246866.457675949 and parameters: {'max_depth': 10, 'n_estimators': 33}. Best is trial 89 with value: 4100628.4279383034.
{'MSE - mean': 4007718.5375685394, 'MSE - std': 0.0, 'R2 - mean': 0.5304332686813685, 'R2 - std': 0.0} 
 

{'MSE - mean': 4004831.0823233635, 'MSE - std': 2887.4552451758645, 'R2 - mean': 0.5153420848672785, 'R2 - std': 0.015091183814090081} 
 

{'MSE - mean': 4146985.484389901, 'MSE - std': 201050.5068856707, 'R2 - mean': 0.5116547439859565, 'R2 - std': 0.013379917220368283} 
 

{'MSE - mean': 4229955.144564073, 'MSE - std': 225760.6548260597, 'R2 - mean': 0.5033362780750343, 'R2 - std': 0.018489382465389493} 
 

{'MSE - mean': 4170402.6733873384, 'MSE - std': 234436.10197027322, 'R2 - mean': 0.5055608393840532, 'R2 - std': 0.017125434395410123} 
 

Finished cross validation
Hyperparam was saved!!! Hurrah!!!
Trial 98 finished with value: 4170402.6733873384 and parameters: {'max_depth': 11, 'n_estimators': 52}. Best is trial 89 with value: 4100628.4279383034.
{'MSE - mean': 3933965.034696536, 'MSE - std': 0.0, 'R2 - mean': 0.539074641807316, 'R2 - std': 0.0} 
 

{'MSE - mean': 3963877.4068733193, 'MSE - std': 29912.372176782927, 'R2 - mean': 0.5201718838247165, 'R2 - std': 0.018902757982599605} 
 

{'MSE - mean': 4097706.7127608857, 'MSE - std': 190832.5607302311, 'R2 - mean': 0.5173330566172814, 'R2 - std': 0.015947645157195975} 
 

{'MSE - mean': 4177976.170634713, 'MSE - std': 215968.4173165546, 'R2 - mean': 0.5093442651038033, 'R2 - std': 0.019550138339212215} 
 

{'MSE - mean': 4122569.3414728492, 'MSE - std': 222696.09941276905, 'R2 - mean': 0.5111389879366997, 'R2 - std': 0.01785078282467035} 
 

Finished cross validation
Hyperparam was saved!!! Hurrah!!!
Trial 99 finished with value: 4122569.3414728492 and parameters: {'max_depth': 12, 'n_estimators': 41}. Best is trial 89 with value: 4100628.4279383034.
{'MSE - mean': 3973092.3626415734, 'MSE - std': 0.0, 'R2 - mean': 0.5344902651061691, 'R2 - std': 0.0} 
 

{'MSE - mean': 4001871.494987226, 'MSE - std': 28779.132345652673, 'R2 - mean': 0.515578166838021, 'R2 - std': 0.01891209826814816} 
 

{'MSE - mean': 4134490.3399580703, 'MSE - std': 189017.65805125437, 'R2 - mean': 0.5129892164886171, 'R2 - std': 0.01586979211456217} 
 

{'MSE - mean': 4227918.556542063, 'MSE - std': 230178.73762270453, 'R2 - mean': 0.5034829077377054, 'R2 - std': 0.02144755101456907} 
 

{'MSE - mean': 4169893.8727802755, 'MSE - std': 236332.9361419764, 'R2 - mean': 0.5055397892829553, 'R2 - std': 0.01961940372138746} 
 

Finished cross validation
Hyperparam was saved!!! Hurrah!!!
Trial 100 finished with value: 4169893.8727802755 and parameters: {'max_depth': 11, 'n_estimators': 41}. Best is trial 89 with value: 4100628.4279383034.
{'MSE - mean': 3970842.4378282083, 'MSE - std': 0.0, 'R2 - mean': 0.5347538788880306, 'R2 - std': 0.0} 
 

{'MSE - mean': 3986390.597449147, 'MSE - std': 15548.159620938823, 'R2 - mean': 0.5175026940456274, 'R2 - std': 0.017251184842403178} 
 

{'MSE - mean': 4125669.7185829915, 'MSE - std': 197379.10395825715, 'R2 - mean': 0.5141044352328529, 'R2 - std': 0.014882828300708672} 
 

{'MSE - mean': 4199104.897502308, 'MSE - std': 213065.85723259184, 'R2 - mean': 0.5069045759075671, 'R2 - std': 0.017934264874340168} 
 

{'MSE - mean': 4140847.919884051, 'MSE - std': 223367.74471589143, 'R2 - mean': 0.5090173800588763, 'R2 - std': 0.016588129816032637} 
 

Finished cross validation
Hyperparam was saved!!! Hurrah!!!
Trial 101 finished with value: 4140847.919884051 and parameters: {'max_depth': 12, 'n_estimators': 24}. Best is trial 89 with value: 4100628.4279383034.
{'MSE - mean': 3949254.4681770783, 'MSE - std': 0.0, 'R2 - mean': 0.5372832462200581, 'R2 - std': 0.0} 
 

{'MSE - mean': 3957589.902416241, 'MSE - std': 8335.434239162598, 'R2 - mean': 0.5210159943938519, 'R2 - std': 0.016267251826206086} 
 

{'MSE - mean': 4099117.2347823144, 'MSE - std': 200265.55184542167, 'R2 - mean': 0.517269091136062, 'R2 - std': 0.014300147646019041} 
 

{'MSE - mean': 4184836.371024955, 'MSE - std': 228304.685445824, 'R2 - mean': 0.5086205403645152, 'R2 - std': 0.019436125086228693} 
 

{'MSE - mean': 4128460.9998756484, 'MSE - std': 233261.98448547415, 'R2 - mean': 0.5105101848423959, 'R2 - std': 0.01779026114775049} 
 

Finished cross validation
Hyperparam was saved!!! Hurrah!!!
Trial 102 finished with value: 4128460.9998756484 and parameters: {'max_depth': 12, 'n_estimators': 27}. Best is trial 89 with value: 4100628.4279383034.
{'MSE - mean': 3917790.436029616, 'MSE - std': 0.0, 'R2 - mean': 0.5409697483012526, 'R2 - std': 0.0} 
 

{'MSE - mean': 3949564.5961961728, 'MSE - std': 31774.160166556947, 'R2 - mean': 0.5218968577388423, 'R2 - std': 0.01907289056241024} 
 

{'MSE - mean': 4069139.9940520474, 'MSE - std': 171083.65316702478, 'R2 - mean': 0.5206113101850051, 'R2 - std': 0.01567871278613581} 
 

{'MSE - mean': 4157163.312199819, 'MSE - std': 212594.7456993289, 'R2 - mean': 0.5117316592779712, 'R2 - std': 0.020516118703716165} 
 

{'MSE - mean': 4105005.5042293603, 'MSE - std': 216884.68928973062, 'R2 - mean': 0.5131617070391514, 'R2 - std': 0.018571727106788005} 
 

Finished cross validation
Hyperparam was saved!!! Hurrah!!!
Trial 103 finished with value: 4105005.5042293603 and parameters: {'max_depth': 12, 'n_estimators': 57}. Best is trial 89 with value: 4100628.4279383034.
{'MSE - mean': 3988996.370217632, 'MSE - std': 0.0, 'R2 - mean': 0.5326268625786834, 'R2 - std': 0.0} 
 

{'MSE - mean': 4014483.495541039, 'MSE - std': 25487.125323406653, 'R2 - mean': 0.5140645410391502, 'R2 - std': 0.018562321539533133} 
 

{'MSE - mean': 4153102.2923994972, 'MSE - std': 197138.03300346064, 'R2 - mean': 0.5108386371234274, 'R2 - std': 0.01582780568403689} 
 

{'MSE - mean': 4235898.304585414, 'MSE - std': 222964.32886008132, 'R2 - mean': 0.5025663268983944, 'R2 - std': 0.019828840711354594} 
 

{'MSE - mean': 4175951.9869608125, 'MSE - std': 232690.17500148047, 'R2 - mean': 0.5048467395855375, 'R2 - std': 0.01831249483985594} 
 

Finished cross validation
Hyperparam was saved!!! Hurrah!!!
Trial 104 finished with value: 4175951.9869608125 and parameters: {'max_depth': 11, 'n_estimators': 58}. Best is trial 89 with value: 4100628.4279383034.
{'MSE - mean': 3933043.6912005595, 'MSE - std': 0.0, 'R2 - mean': 0.5391825915672035, 'R2 - std': 0.0} 
 

{'MSE - mean': 3948963.7993104234, 'MSE - std': 15920.10810986394, 'R2 - mean': 0.5220306921365367, 'R2 - std': 0.017151899430666806} 
 

{'MSE - mean': 4092794.233030103, 'MSE - std': 203821.86803547034, 'R2 - mean': 0.518009574577866, 'R2 - std': 0.015115021520365259} 
 

{'MSE - mean': 4173061.750088354, 'MSE - std': 224691.20655066005, 'R2 - mean': 0.5099949093611378, 'R2 - std': 0.019080159388210897} 
 

{'MSE - mean': 4116080.4558501556, 'MSE - std': 231033.29243464794, 'R2 - mean': 0.5119752807551345, 'R2 - std': 0.01751940265123978} 
 

Finished cross validation
Hyperparam was saved!!! Hurrah!!!
Trial 105 finished with value: 4116080.4558501556 and parameters: {'max_depth': 12, 'n_estimators': 60}. Best is trial 89 with value: 4100628.4279383034.
{'MSE - mean': 4060180.229906322, 'MSE - std': 0.0, 'R2 - mean': 0.5242865632279856, 'R2 - std': 0.0} 
 

{'MSE - mean': 4079011.928418406, 'MSE - std': 18831.69851208385, 'R2 - mean': 0.5062808993546741, 'R2 - std': 0.018005663873311428} 
 

{'MSE - mean': 4210266.59684508, 'MSE - std': 186257.88004849426, 'R2 - mean': 0.5040671310361687, 'R2 - std': 0.015031217338652862} 
 

{'MSE - mean': 4292319.433378773, 'MSE - std': 214981.40003217428, 'R2 - mean': 0.4959098767710046, 'R2 - std': 0.01921133812234271} 
 

{'MSE - mean': 4235190.076136209, 'MSE - std': 223670.8647178455, 'R2 - mean': 0.4977803874326123, 'R2 - std': 0.01758566605225787} 
 

Finished cross validation
Hyperparam was saved!!! Hurrah!!!
Trial 106 finished with value: 4235190.076136209 and parameters: {'max_depth': 10, 'n_estimators': 62}. Best is trial 89 with value: 4100628.4279383034.
{'MSE - mean': 3948182.159651614, 'MSE - std': 0.0, 'R2 - mean': 0.5374088838876108, 'R2 - std': 0.0} 
 

{'MSE - mean': 3969622.892718409, 'MSE - std': 21440.733066795394, 'R2 - mean': 0.5195092212352925, 'R2 - std': 0.017899662652318238} 
 

{'MSE - mean': 4112700.2810035837, 'MSE - std': 203097.87812770056, 'R2 - mean': 0.5156424719701588, 'R2 - std': 0.01560455430753117} 
 

{'MSE - mean': 4184284.352923121, 'MSE - std': 215196.18754226356, 'R2 - mean': 0.508651300615578, 'R2 - std': 0.01814541311405858} 
 

{'MSE - mean': 4123942.308259926, 'MSE - std': 227183.11716040896, 'R2 - mean': 0.5110382240473258, 'R2 - std': 0.016917281919386056} 
 

Finished cross validation
Hyperparam was saved!!! Hurrah!!!
Trial 107 finished with value: 4123942.308259926 and parameters: {'max_depth': 12, 'n_estimators': 46}. Best is trial 89 with value: 4100628.4279383034.
{'MSE - mean': 4002791.383227773, 'MSE - std': 0.0, 'R2 - mean': 0.5310105616566132, 'R2 - std': 0.0} 
 

{'MSE - mean': 4010366.8556080745, 'MSE - std': 7575.472380301449, 'R2 - mean': 0.5146317996970324, 'R2 - std': 0.016378761959580823} 
 

{'MSE - mean': 4137753.900859295, 'MSE - std': 180258.63950685613, 'R2 - mean': 0.5126267896486878, 'R2 - std': 0.013670504482534663} 
 

{'MSE - mean': 4213675.01035735, 'MSE - std': 204112.5362144478, 'R2 - mean': 0.5051549862395773, 'R2 - std': 0.01753982776877906} 
 

{'MSE - mean': 4156527.8845895254, 'MSE - std': 215389.68843937217, 'R2 - mean': 0.5071208467068181, 'R2 - std': 0.016173276601647135} 
 

Finished cross validation
Hyperparam was saved!!! Hurrah!!!
Trial 108 finished with value: 4156527.8845895254 and parameters: {'max_depth': 11, 'n_estimators': 71}. Best is trial 89 with value: 4100628.4279383034.
{'MSE - mean': 3943747.2236676374, 'MSE - std': 0.0, 'R2 - mean': 0.5379285058056875, 'R2 - std': 0.0} 
 

{'MSE - mean': 3953253.895123294, 'MSE - std': 9506.671455656644, 'R2 - mean': 0.5215362270443606, 'R2 - std': 0.01639227876132693} 
 

{'MSE - mean': 4076439.298459012, 'MSE - std': 174383.30880967664, 'R2 - mean': 0.5198294742316825, 'R2 - std': 0.013600142609051428} 
 

{'MSE - mean': 4161288.9634933737, 'MSE - std': 210726.24602286343, 'R2 - mean': 0.5113023699000877, 'R2 - std': 0.018890670556801485} 
 

{'MSE - mean': 4105983.789908541, 'MSE - std': 218538.53095347885, 'R2 - mean': 0.5131050214674007, 'R2 - std': 0.017276694069208655} 
 

Finished cross validation
Hyperparam was saved!!! Hurrah!!!
Trial 109 finished with value: 4105983.789908541 and parameters: {'max_depth': 12, 'n_estimators': 60}. Best is trial 89 with value: 4100628.4279383034.
{'MSE - mean': 4031708.132704428, 'MSE - std': 0.0, 'R2 - mean': 0.5276225134678922, 'R2 - std': 0.0} 
 

{'MSE - mean': 4061842.343559843, 'MSE - std': 30134.21085541509, 'R2 - mean': 0.5083152044977572, 'R2 - std': 0.01930730897013505} 
 

{'MSE - mean': 4193259.2739037327, 'MSE - std': 187473.19702988738, 'R2 - mean': 0.5060454248066556, 'R2 - std': 0.01608783969766543} 
 

{'MSE - mean': 4280781.116054595, 'MSE - std': 222125.79378338103, 'R2 - mean': 0.49725184203048634, 'R2 - std': 0.020642074356211376} 
 

{'MSE - mean': 4225055.113817973, 'MSE - std': 227801.3255277986, 'R2 - mean': 0.4989656222113162, 'R2 - std': 0.018778294837783} 
 

Finished cross validation
Hyperparam was saved!!! Hurrah!!!
Trial 110 finished with value: 4225055.113817973 and parameters: {'max_depth': 10, 'n_estimators': 52}. Best is trial 89 with value: 4100628.4279383034.
{'MSE - mean': 3930822.919681733, 'MSE - std': 0.0, 'R2 - mean': 0.5394427895859331, 'R2 - std': 0.0} 
 

{'MSE - mean': 3941542.35196775, 'MSE - std': 10719.432286017342, 'R2 - mean': 0.5229488950357942, 'R2 - std': 0.016493894550138832} 
 

{'MSE - mean': 4076555.4193991013, 'MSE - std': 191137.8060635876, 'R2 - mean': 0.5198848315661213, 'R2 - std': 0.01414717904200107} 
 

{'MSE - mean': 4156926.7275787177, 'MSE - std': 216284.27408299895, 'R2 - mean': 0.5118620670127703, 'R2 - std': 0.018525691872919112} 
 

{'MSE - mean': 4100073.173835228, 'MSE - std': 224393.44033536964, 'R2 - mean': 0.5138516990698141, 'R2 - std': 0.01704099616765229} 
 

Finished cross validation
Hyperparam was saved!!! Hurrah!!!
Trial 111 finished with value: 4100073.173835228 and parameters: {'max_depth': 12, 'n_estimators': 56}. Best is trial 111 with value: 4100073.173835228.
{'MSE - mean': 3996266.115859924, 'MSE - std': 0.0, 'R2 - mean': 0.5317750984972567, 'R2 - std': 0.0} 
 

{'MSE - mean': 4013284.034516842, 'MSE - std': 17017.918656917987, 'R2 - mean': 0.5142423541546783, 'R2 - std': 0.0175327443425784} 
 

{'MSE - mean': 4133521.315489285, 'MSE - std': 170607.97316724344, 'R2 - mean': 0.5130582093329132, 'R2 - std': 0.014413043191474266} 
 

{'MSE - mean': 4221752.792211312, 'MSE - std': 212566.90907764743, 'R2 - mean': 0.50416809071941, 'R2 - std': 0.019821818468948413} 
 

{'MSE - mean': 4162715.5697499374, 'MSE - std': 223806.45033527352, 'R2 - mean': 0.5063652300933603, 'R2 - std': 0.018265630995041086} 
 

Finished cross validation
Hyperparam was saved!!! Hurrah!!!
Trial 112 finished with value: 4162715.5697499374 and parameters: {'max_depth': 11, 'n_estimators': 60}. Best is trial 111 with value: 4100073.173835228.
{'MSE - mean': 3944132.7979828333, 'MSE - std': 0.0, 'R2 - mean': 0.5378833297612198, 'R2 - std': 0.0} 
 

{'MSE - mean': 3960710.619946087, 'MSE - std': 16577.8219632532, 'R2 - mean': 0.5206065432103756, 'R2 - std': 0.017276786550844192} 
 

{'MSE - mean': 4085765.564123284, 'MSE - std': 177371.62751415634, 'R2 - mean': 0.5187224870067947, 'R2 - std': 0.014355866555945835} 
 

{'MSE - mean': 4170039.8605543403, 'MSE - std': 211900.9008997228, 'R2 - mean': 0.510267598526373, 'R2 - std': 0.0192099868838631} 
 

{'MSE - mean': 4115398.061626664, 'MSE - std': 218779.56532067084, 'R2 - mean': 0.5119791825482567, 'R2 - std': 0.017519616329087325} 
 

Finished cross validation
Hyperparam was saved!!! Hurrah!!!
Trial 113 finished with value: 4115398.061626664 and parameters: {'max_depth': 12, 'n_estimators': 54}. Best is trial 111 with value: 4100073.173835228.
{'MSE - mean': 3937836.4361651624, 'MSE - std': 0.0, 'R2 - mean': 0.5386210467466339, 'R2 - std': 0.0} 
 

{'MSE - mean': 3950189.5658197617, 'MSE - std': 12353.12965459912, 'R2 - mean': 0.5218961010158263, 'R2 - std': 0.016724945730807628} 
 

{'MSE - mean': 4092002.112806283, 'MSE - std': 200806.69852817163, 'R2 - mean': 0.5180998760678691, 'R2 - std': 0.014673281415891913} 
 

{'MSE - mean': 4177476.5871561365, 'MSE - std': 228385.9779550608, 'R2 - mean': 0.509479283954209, 'R2 - std': 0.019606700788321326} 
 

{'MSE - mean': 4117344.2321414202, 'MSE - std': 237047.93696561694, 'R2 - mean': 0.5118428409929467, 'R2 - std': 0.018162702996626742} 
 

Finished cross validation
Hyperparam was saved!!! Hurrah!!!
Trial 114 finished with value: 4117344.2321414202 and parameters: {'max_depth': 12, 'n_estimators': 55}. Best is trial 111 with value: 4100073.173835228.
{'MSE - mean': 3969216.7617916246, 'MSE - std': 0.0, 'R2 - mean': 0.5349443521898669, 'R2 - std': 0.0} 
 

{'MSE - mean': 3994952.6225390844, 'MSE - std': 25735.86074745981, 'R2 - mean': 0.516427229700313, 'R2 - std': 0.018517122489553894} 
 

{'MSE - mean': 4121762.4320543357, 'MSE - std': 180563.04143114024, 'R2 - mean': 0.5144631035482462, 'R2 - std': 0.01537220868790689} 
 

{'MSE - mean': 4212684.547764205, 'MSE - std': 221929.6111915321, 'R2 - mean': 0.5052507700452922, 'R2 - std': 0.020780516491833725} 
 

{'MSE - mean': 4155704.2730154963, 'MSE - std': 228886.89062646954, 'R2 - mean': 0.507201331402092, 'R2 - std': 0.018991646873308853} 
 

Finished cross validation
Hyperparam was saved!!! Hurrah!!!
