Trial 123 finished with value: 294753.21751911525 and parameters: {'max_depth': 12, 'n_estimators': 88}. Best is trial 104 with value: 292692.17833854555.
{'MSE - mean': 272823.4336671189, 'MSE - std': 0.0, 'R2 - mean': 0.9822558178354225, 'R2 - std': 0.0} 
 

{'MSE - mean': 278553.1370989928, 'MSE - std': 5729.703431873902, 'R2 - mean': 0.9821666153172841, 'R2 - std': 8.920251813832047e-05} 
 

{'MSE - mean': 291847.65298133943, 'MSE - std': 19374.587463223197, 'R2 - mean': 0.9814950048752649, 'R2 - std': 0.0009525890498110906} 
 

{'MSE - mean': 294087.304122623, 'MSE - std': 17221.47180793565, 'R2 - mean': 0.9814801180122348, 'R2 - std': 0.0008253691776639293} 
 

{'MSE - mean': 294259.98456988303, 'MSE - std': 15407.223861964281, 'R2 - mean': 0.9815171515046138, 'R2 - std': 0.0007419389070410348} 
 

Finished cross validation
Hyperparam was saved!!! Hurrah!!!
Trial 124 finished with value: 294259.98456988303 and parameters: {'max_depth': 12, 'n_estimators': 74}. Best is trial 104 with value: 292692.17833854555.
{'MSE - mean': 278622.18091642624, 'MSE - std': 0.0, 'R2 - mean': 0.9818786727121646, 'R2 - std': 0.0} 
 

{'MSE - mean': 283714.46931230824, 'MSE - std': 5092.288395882031, 'R2 - mean': 0.9818354377712168, 'R2 - std': 4.323494094776725e-05} 
 

{'MSE - mean': 296940.68035233114, 'MSE - std': 19161.23476418826, 'R2 - mean': 0.9811712417083642, 'R2 - std': 0.0009399781876354318} 
 

{'MSE - mean': 299572.82724123955, 'MSE - std': 17208.98834913381, 'R2 - mean': 0.9811344921410857, 'R2 - std': 0.0008165297526779138} 
 

{'MSE - mean': 300528.10583199805, 'MSE - std': 15510.307951305953, 'R2 - mean': 0.9811238047961831, 'R2 - std': 0.0007306391359425442} 
 

Finished cross validation
Hyperparam was saved!!! Hurrah!!!
Trial 125 finished with value: 300528.10583199805 and parameters: {'max_depth': 11, 'n_estimators': 68}. Best is trial 104 with value: 292692.17833854555.
{'MSE - mean': 271956.0403718105, 'MSE - std': 0.0, 'R2 - mean': 0.9823122322879254, 'R2 - std': 0.0} 
 

{'MSE - mean': 278099.6326680354, 'MSE - std': 6143.592296224902, 'R2 - mean': 0.9821960713235283, 'R2 - std': 0.00011616096439714951} 
 

{'MSE - mean': 291863.71733562014, 'MSE - std': 20101.306864837694, 'R2 - mean': 0.981494796243329, 'R2 - std': 0.000996277599860428} 
 

{'MSE - mean': 293515.27515081683, 'MSE - std': 17641.707199321445, 'R2 - mean': 0.9815160084172025, 'R2 - std': 0.0008635836154936376} 
 

{'MSE - mean': 293593.01689328556, 'MSE - std': 15779.988638758914, 'R2 - mean': 0.9815588770933361, 'R2 - std': 0.000777156497967478} 
 

Finished cross validation
Hyperparam was saved!!! Hurrah!!!
Trial 126 finished with value: 293593.01689328556 and parameters: {'max_depth': 12, 'n_estimators': 78}. Best is trial 104 with value: 292692.17833854555.
{'MSE - mean': 282484.03917001124, 'MSE - std': 0.0, 'R2 - mean': 0.9816275010462108, 'R2 - std': 0.0} 
 

{'MSE - mean': 286657.1010135858, 'MSE - std': 4173.061843574571, 'R2 - mean': 0.9816460692365521, 'R2 - std': 1.8568190341294866e-05} 
 

{'MSE - mean': 298263.24131841125, 'MSE - std': 16763.490556885372, 'R2 - mean': 0.9810848370648481, 'R2 - std': 0.0007938469329199376} 
 

{'MSE - mean': 300748.2004158946, 'MSE - std': 15142.193595598545, 'R2 - mean': 0.9810583667170488, 'R2 - std': 0.000689018688148311} 
 

{'MSE - mean': 301352.8623089113, 'MSE - std': 13597.47349799713, 'R2 - mean': 0.9810700867782423, 'R2 - std': 0.0006167226616815736} 
 

Finished cross validation
Hyperparam was saved!!! Hurrah!!!
Trial 127 finished with value: 301352.8623089113 and parameters: {'max_depth': 11, 'n_estimators': 78}. Best is trial 104 with value: 292692.17833854555.
{'MSE - mean': 296469.78254435933, 'MSE - std': 0.0, 'R2 - mean': 0.9807178813159487, 'R2 - std': 0.0} 
 

{'MSE - mean': 300139.63751510915, 'MSE - std': 3669.854970749846, 'R2 - mean': 0.9807821190120442, 'R2 - std': 6.423769609542607e-05} 
 

{'MSE - mean': 312276.899591743, 'MSE - std': 17424.259480334098, 'R2 - mean': 0.9801956423551544, 'R2 - std': 0.0008310600013755553} 
 

{'MSE - mean': 314974.82978341903, 'MSE - std': 15796.83815787137, 'R2 - mean': 0.9801621104300196, 'R2 - std': 0.0007220586641156578} 
 

{'MSE - mean': 315020.01718460175, 'MSE - std': 14129.410611688209, 'R2 - mean': 0.9802109887424726, 'R2 - std': 0.0006531855243746657} 
 

Finished cross validation
Hyperparam was saved!!! Hurrah!!!
Trial 128 finished with value: 315020.01718460175 and parameters: {'max_depth': 10, 'n_estimators': 73}. Best is trial 104 with value: 292692.17833854555.
{'MSE - mean': 2589360.7405187422, 'MSE - std': 0.0, 'R2 - mean': 0.8315903877757429, 'R2 - std': 0.0} 
 

{'MSE - mean': 2661931.600158334, 'MSE - std': 72570.8596395913, 'R2 - mean': 0.8295969578368333, 'R2 - std': 0.0019934299389096077} 
 

{'MSE - mean': 2681725.296858338, 'MSE - std': 65533.20255659002, 'R2 - mean': 0.8298580015810154, 'R2 - std': 0.0016689706269576085} 
 

{'MSE - mean': 2681842.712659597, 'MSE - std': 56753.78258233937, 'R2 - mean': 0.8310099517363031, 'R2 - std': 0.0024637501285718353} 
 

{'MSE - mean': 2691169.6274850843, 'MSE - std': 54081.03947383362, 'R2 - mean': 0.8308864612433977, 'R2 - std': 0.0022174425278194345} 
 

Finished cross validation
Hyperparam was saved!!! Hurrah!!!
Trial 129 finished with value: 2691169.6274850843 and parameters: {'max_depth': 2, 'n_estimators': 14}. Best is trial 104 with value: 292692.17833854555.
{'MSE - mean': 271583.89016728965, 'MSE - std': 0.0, 'R2 - mean': 0.9823364365908067, 'R2 - std': 0.0} 
 

{'MSE - mean': 278249.434059873, 'MSE - std': 6665.543892583344, 'R2 - mean': 0.9821869981703217, 'R2 - std': 0.0001494384204849264} 
 

{'MSE - mean': 291195.95884413325, 'MSE - std': 19100.907262088396, 'R2 - mean': 0.9815365937469537, 'R2 - std': 0.0009278683754811398} 
 

{'MSE - mean': 292631.2076019168, 'MSE - std': 16727.621189706966, 'R2 - mean': 0.9815710090995611, 'R2 - std': 0.000805765500098359} 
 

{'MSE - mean': 292842.9042925727, 'MSE - std': 14967.628753025827, 'R2 - mean': 0.9816055418114893, 'R2 - std': 0.0007240003216100633} 
 

Finished cross validation
Hyperparam was saved!!! Hurrah!!!
Trial 130 finished with value: 292842.9042925727 and parameters: {'max_depth': 12, 'n_estimators': 93}. Best is trial 104 with value: 292692.17833854555.
{'MSE - mean': 272496.68618825753, 'MSE - std': 0.0, 'R2 - mean': 0.9822770691872906, 'R2 - std': 0.0} 
 

{'MSE - mean': 278523.80358646635, 'MSE - std': 6027.117398208793, 'R2 - mean': 0.9821687904386556, 'R2 - std': 0.00010827874863500453} 
 

{'MSE - mean': 291931.2662767377, 'MSE - std': 19589.220020287394, 'R2 - mean': 0.9814900244156407, 'R2 - std': 0.0009639827900968764} 
 

{'MSE - mean': 293531.82742823585, 'MSE - std': 17189.78021242497, 'R2 - mean': 0.9815145346420594, 'R2 - std': 0.0008359122970141676} 
 

{'MSE - mean': 293712.6145790011, 'MSE - std': 15379.257816185698, 'R2 - mean': 0.9815510867840859, 'R2 - std': 0.0007512281484252899} 
 

Finished cross validation
Hyperparam was saved!!! Hurrah!!!
Trial 131 finished with value: 293712.6145790011 and parameters: {'max_depth': 12, 'n_estimators': 91}. Best is trial 104 with value: 292692.17833854555.
{'MSE - mean': 273207.7768088267, 'MSE - std': 0.0, 'R2 - mean': 0.9822308205152565, 'R2 - std': 0.0} 
 

{'MSE - mean': 278368.24917365354, 'MSE - std': 5160.472364826797, 'R2 - mean': 0.9821778883406689, 'R2 - std': 5.2932174587516645e-05} 
 

{'MSE - mean': 291117.8513469984, 'MSE - std': 18516.434893787784, 'R2 - mean': 0.981540326159891, 'R2 - std': 0.0009026842999933402} 
 

{'MSE - mean': 293034.84519834624, 'MSE - std': 16375.847066952827, 'R2 - mean': 0.9815452821748644, 'R2 - std': 0.0007817946631591315} 
 

{'MSE - mean': 293683.21394597075, 'MSE - std': 14704.292633777615, 'R2 - mean': 0.981552797699065, 'R2 - std': 0.000699419937298988} 
 

Finished cross validation
Hyperparam was saved!!! Hurrah!!!
Trial 132 finished with value: 293683.21394597075 and parameters: {'max_depth': 12, 'n_estimators': 96}. Best is trial 104 with value: 292692.17833854555.
{'MSE - mean': 281883.4131070299, 'MSE - std': 0.0, 'R2 - mean': 0.9816665652062467, 'R2 - std': 0.0} 
 

{'MSE - mean': 286069.73347681283, 'MSE - std': 4186.320369782916, 'R2 - mean': 0.9816836986431365, 'R2 - std': 1.713343688974911e-05} 
 

{'MSE - mean': 298761.4419482664, 'MSE - std': 18271.35590683878, 'R2 - mean': 0.9810544632510774, 'R2 - std': 0.0008899831798107246} 
 

{'MSE - mean': 300475.67291803577, 'MSE - std': 16099.614854366198, 'R2 - mean': 0.9810754658410733, 'R2 - std': 0.0007716060339442131} 
 

{'MSE - mean': 300623.4099774026, 'MSE - std': 14402.964407440033, 'R2 - mean': 0.9811155575902717, 'R2 - std': 0.0006947878026494426} 
 

Finished cross validation
Hyperparam was saved!!! Hurrah!!!
Trial 133 finished with value: 300623.4099774026 and parameters: {'max_depth': 11, 'n_estimators': 86}. Best is trial 104 with value: 292692.17833854555.
{'MSE - mean': 272599.51220797305, 'MSE - std': 0.0, 'R2 - mean': 0.9822703814786853, 'R2 - std': 0.0} 
 

{'MSE - mean': 276841.92917970475, 'MSE - std': 4242.416971731698, 'R2 - mean': 0.9822747215402754, 'R2 - std': 4.340061590057953e-06} 
 

{'MSE - mean': 290712.5242798013, 'MSE - std': 19919.476684131772, 'R2 - mean': 0.9815667218684624, 'R2 - std': 0.0010012690088071609} 
 

{'MSE - mean': 291930.15704951505, 'MSE - std': 17379.213221918137, 'R2 - mean': 0.9816144944724361, 'R2 - std': 0.0008710633651288064} 
 

{'MSE - mean': 292743.28895745135, 'MSE - std': 15629.279438577192, 'R2 - mean': 0.9816116594523437, 'R2 - std': 0.0007791233908767672} 
 

Finished cross validation
Hyperparam was saved!!! Hurrah!!!
Trial 134 finished with value: 292743.28895745135 and parameters: {'max_depth': 12, 'n_estimators': 100}. Best is trial 104 with value: 292692.17833854555.
{'MSE - mean': 270754.78413933277, 'MSE - std': 0.0, 'R2 - mean': 0.9823903608750812, 'R2 - std': 0.0} 
 

{'MSE - mean': 277664.81386040396, 'MSE - std': 6910.029721071216, 'R2 - mean': 0.9822246821835233, 'R2 - std': 0.00016567869155792447} 
 

{'MSE - mean': 290627.95928850584, 'MSE - std': 19181.204844264284, 'R2 - mean': 0.98157282694886, 'R2 - std': 0.0009317350015643584} 
 

{'MSE - mean': 292984.86131833587, 'MSE - std': 17105.669410837778, 'R2 - mean': 0.9815500669553398, 'R2 - std': 0.0008078685764220791} 
 

{'MSE - mean': 293492.137181943, 'MSE - std': 15333.377188391683, 'R2 - mean': 0.9815660175531118, 'R2 - std': 0.000723283482248371} 
 

Finished cross validation
Hyperparam was saved!!! Hurrah!!!
Trial 135 finished with value: 293492.137181943 and parameters: {'max_depth': 12, 'n_estimators': 100}. Best is trial 104 with value: 292692.17833854555.
{'MSE - mean': 279230.8900254111, 'MSE - std': 0.0, 'R2 - mean': 0.9818390828383406, 'R2 - std': 0.0} 
 

{'MSE - mean': 285805.7235498458, 'MSE - std': 6574.833524434711, 'R2 - mean': 0.9817029878976623, 'R2 - std': 0.00013609494067834405} 
 

{'MSE - mean': 298099.68302661314, 'MSE - std': 18196.203903071288, 'R2 - mean': 0.9810975997828163, 'R2 - std': 0.0008633292696179696} 
 

{'MSE - mean': 300759.1789461983, 'MSE - std': 16417.829728696826, 'R2 - mean': 0.981059690589189, 'R2 - std': 0.0007505427314408788} 
 

{'MSE - mean': 301020.392322712, 'MSE - std': 14693.843476526612, 'R2 - mean': 0.981092358820103, 'R2 - std': 0.0006744778473895251} 
 

Finished cross validation
Hyperparam was saved!!! Hurrah!!!
Trial 136 finished with value: 301020.392322712 and parameters: {'max_depth': 11, 'n_estimators': 100}. Best is trial 104 with value: 292692.17833854555.
{'MSE - mean': 274044.53593141015, 'MSE - std': 0.0, 'R2 - mean': 0.9821763984808314, 'R2 - std': 0.0} 
 

{'MSE - mean': 279481.5717583266, 'MSE - std': 5437.035826916486, 'R2 - mean': 0.9821068647003909, 'R2 - std': 6.953378044050051e-05} 
 

{'MSE - mean': 292218.3730177944, 'MSE - std': 18551.54400677049, 'R2 - mean': 0.9814706437504586, 'R2 - std': 0.0009015417306003086} 
 

{'MSE - mean': 294070.16413730604, 'MSE - std': 16383.138582923084, 'R2 - mean': 0.9814800644821844, 'R2 - std': 0.0007809285303848853} 
 

{'MSE - mean': 294429.66212563723, 'MSE - std': 14671.153297415547, 'R2 - mean': 0.981505708826754, 'R2 - std': 0.0007003642090290732} 
 

Finished cross validation
Hyperparam was saved!!! Hurrah!!!
Trial 137 finished with value: 294429.66212563723 and parameters: {'max_depth': 12, 'n_estimators': 92}. Best is trial 104 with value: 292692.17833854555.
{'MSE - mean': 279423.7507190779, 'MSE - std': 0.0, 'R2 - mean': 0.9818265393583514, 'R2 - std': 0.0} 
 

{'MSE - mean': 284602.39847408375, 'MSE - std': 5178.647755005863, 'R2 - mean': 0.9817786591263595, 'R2 - std': 4.7880231991870303e-05} 
 

{'MSE - mean': 297863.3891973654, 'MSE - std': 19224.637273722692, 'R2 - mean': 0.9811127731929129, 'R2 - std': 0.0009425160460886476} 
 

{'MSE - mean': 300353.6807826917, 'MSE - std': 17198.682079435523, 'R2 - mean': 0.9810851590264899, 'R2 - std': 0.0008176429535027269} 
 

{'MSE - mean': 300465.24070016213, 'MSE - std': 15384.586919262452, 'R2 - mean': 0.9811270776348057, 'R2 - std': 0.0007361118654271885} 
 

Finished cross validation
Hyperparam was saved!!! Hurrah!!!
Trial 138 finished with value: 300465.24070016213 and parameters: {'max_depth': 11, 'n_estimators': 95}. Best is trial 104 with value: 292692.17833854555.
{'MSE - mean': 296482.0215316332, 'MSE - std': 0.0, 'R2 - mean': 0.9807170853036092, 'R2 - std': 0.0} 
 

{'MSE - mean': 300289.9304982086, 'MSE - std': 3807.9089665754, 'R2 - mean': 0.9807726316006464, 'R2 - std': 5.554629703719005e-05} 
 

{'MSE - mean': 313149.52729243384, 'MSE - std': 18450.074251483195, 'R2 - mean': 0.9801411715647098, 'R2 - std': 0.0008941702753836906} 
 

{'MSE - mean': 315308.27081368945, 'MSE - std': 16409.888807838473, 'R2 - mean': 0.9801410699914265, 'R2 - std': 0.0007743741937759834} 
 

{'MSE - mean': 315882.967522166, 'MSE - std': 14722.386551623791, 'R2 - mean': 0.9801570955845799, 'R2 - std': 0.0006933625257631335} 
 

Finished cross validation
Hyperparam was saved!!! Hurrah!!!
Trial 139 finished with value: 315882.967522166 and parameters: {'max_depth': 10, 'n_estimators': 87}. Best is trial 104 with value: 292692.17833854555.
{'MSE - mean': 273717.17834641156, 'MSE - std': 0.0, 'R2 - mean': 0.9821976895134348, 'R2 - std': 0.0} 
 

{'MSE - mean': 278743.133094319, 'MSE - std': 5025.954747907497, 'R2 - mean': 0.9821537459032976, 'R2 - std': 4.3943610137209266e-05} 
 

{'MSE - mean': 291751.64901514695, 'MSE - std': 18848.955417835266, 'R2 - mean': 0.9815003042002503, 'R2 - std': 0.0009248024000531788} 
 

{'MSE - mean': 293931.37885524693, 'MSE - std': 16754.58166547655, 'R2 - mean': 0.9814892718496127, 'R2 - std': 0.0008011302937973697} 
 

{'MSE - mean': 293767.597755956, 'MSE - std': 14989.332954539312, 'R2 - mean': 0.9815473282084032, 'R2 - std': 0.0007258994154123393} 
 

Finished cross validation
Hyperparam was saved!!! Hurrah!!!
Trial 140 finished with value: 293767.597755956 and parameters: {'max_depth': 12, 'n_estimators': 98}. Best is trial 104 with value: 292692.17833854555.
{'MSE - mean': 272513.6621454876, 'MSE - std': 0.0, 'R2 - mean': 0.9822759650868347, 'R2 - std': 0.0} 
 

{'MSE - mean': 278493.0640756566, 'MSE - std': 5979.40193016894, 'R2 - mean': 0.9821707114821204, 'R2 - std': 0.00010525360471425049} 
 

{'MSE - mean': 290960.3686978557, 'MSE - std': 18294.886372438057, 'R2 - mean': 0.9815505439996972, 'R2 - std': 0.0008812496581828458} 
 

{'MSE - mean': 292766.1221777693, 'MSE - std': 16149.594032853445, 'R2 - mean': 0.9815622406570579, 'R2 - std': 0.0007634534402409705} 
 

{'MSE - mean': 293467.76937958115, 'MSE - std': 14512.640873528906, 'R2 - mean': 0.9815663934616138, 'R2 - std': 0.0006829040250835676} 
 

Finished cross validation
Hyperparam was saved!!! Hurrah!!!
Trial 141 finished with value: 293467.76937958115 and parameters: {'max_depth': 12, 'n_estimators': 82}. Best is trial 104 with value: 292692.17833854555.
{'MSE - mean': 279344.2591107724, 'MSE - std': 0.0, 'R2 - mean': 0.9818317094185598, 'R2 - std': 0.0} 
 

{'MSE - mean': 284722.0677536562, 'MSE - std': 5377.808642883814, 'R2 - mean': 0.9817711938462379, 'R2 - std': 6.0515572321839795e-05} 
 

{'MSE - mean': 297849.7970581863, 'MSE - std': 19077.60739503316, 'R2 - mean': 0.9811136162118425, 'R2 - std': 0.0009312669399856237} 
 

{'MSE - mean': 300688.9170275704, 'MSE - std': 17237.98522278444, 'R2 - mean': 0.9810644727301007, 'R2 - std': 0.0008109801665427724} 
 

{'MSE - mean': 301206.11479078035, 'MSE - std': 15452.782329982685, 'R2 - mean': 0.9810811455649183, 'R2 - std': 0.000726128775152202} 
 

Finished cross validation
Hyperparam was saved!!! Hurrah!!!
Trial 142 finished with value: 301206.11479078035 and parameters: {'max_depth': 11, 'n_estimators': 90}. Best is trial 104 with value: 292692.17833854555.
{'MSE - mean': 273449.0201713551, 'MSE - std': 0.0, 'R2 - mean': 0.9822151302715221, 'R2 - std': 0.0} 
 

{'MSE - mean': 278578.24900069955, 'MSE - std': 5129.2288293444435, 'R2 - mean': 0.9821644083812975, 'R2 - std': 5.072189022453655e-05} 
 

{'MSE - mean': 291596.0316413744, 'MSE - std': 18880.2715909729, 'R2 - mean': 0.9815102606743643, 'R2 - std': 0.0009260310929287043} 
 

{'MSE - mean': 292884.05710889684, 'MSE - std': 16502.288336065176, 'R2 - mean': 0.9815541726019362, 'R2 - std': 0.0008055649948652862} 
 

{'MSE - mean': 293390.09137621184, 'MSE - std': 14794.752413612547, 'R2 - mean': 0.9815706324879324, 'R2 - std': 0.0007212708784845474} 
 

Finished cross validation
Hyperparam was saved!!! Hurrah!!!
Trial 143 finished with value: 293390.09137621184 and parameters: {'max_depth': 12, 'n_estimators': 80}. Best is trial 104 with value: 292692.17833854555.
{'MSE - mean': 270458.8408545319, 'MSE - std': 0.0, 'R2 - mean': 0.9824096087508422, 'R2 - std': 0.0} 
 

{'MSE - mean': 277067.35983907524, 'MSE - std': 6608.518984543305, 'R2 - mean': 0.9822626436992772, 'R2 - std': 0.00014696505156502893} 
 

{'MSE - mean': 290638.0572276804, 'MSE - std': 19935.964252381582, 'R2 - mean': 0.9815726789417022, 'R2 - std': 0.000983108277003195} 
 

{'MSE - mean': 291810.7796281433, 'MSE - std': 17384.125991542394, 'R2 - mean': 0.9816228829143953, 'R2 - std': 0.0008558257590518396} 
 

{'MSE - mean': 292306.8612907619, 'MSE - std': 15580.45754321104, 'R2 - mean': 0.9816395628180725, 'R2 - std': 0.000766200405006453} 
 

Finished cross validation
Hyperparam was saved!!! Hurrah!!!
Trial 144 finished with value: 292306.8612907619 and parameters: {'max_depth': 12, 'n_estimators': 79}. Best is trial 144 with value: 292306.8612907619.
{'MSE - mean': 280520.3016289062, 'MSE - std': 0.0, 'R2 - mean': 0.9817552207079144, 'R2 - std': 0.0} 
 

{'MSE - mean': 285436.0731072789, 'MSE - std': 4915.771478372684, 'R2 - mean': 0.9817250068345229, 'R2 - std': 3.0213873391582435e-05} 
 

{'MSE - mean': 297658.0528729224, 'MSE - std': 17744.392117003772, 'R2 - mean': 0.9811244457086944, 'R2 - std': 0.000849679890984138} 
 

{'MSE - mean': 299865.3769425064, 'MSE - std': 15835.543165486435, 'R2 - mean': 0.9811145451524357, 'R2 - std': 0.0007360441568953651} 
 

{'MSE - mean': 300293.8312584187, 'MSE - std': 14189.638271643249, 'R2 - mean': 0.9811369585430155, 'R2 - std': 0.0006598622894430266} 
 

Finished cross validation
Hyperparam was saved!!! Hurrah!!!
Trial 145 finished with value: 300293.8312584187 and parameters: {'max_depth': 11, 'n_estimators': 100}. Best is trial 144 with value: 292306.8612907619.
{'MSE - mean': 272870.43512253725, 'MSE - std': 0.0, 'R2 - mean': 0.982252760904514, 'R2 - std': 0.0} 
 

{'MSE - mean': 278579.733466416, 'MSE - std': 5709.298343878763, 'R2 - mean': 0.9821648916874908, 'R2 - std': 8.78692170232509e-05} 
 

{'MSE - mean': 291398.92813956394, 'MSE - std': 18718.820186888777, 'R2 - mean': 0.9815229300599974, 'R2 - std': 0.0009107012656271996} 
 

{'MSE - mean': 293364.2981484365, 'MSE - std': 16564.531677869214, 'R2 - mean': 0.9815249127896479, 'R2 - std': 0.0007886979079862197} 
 

{'MSE - mean': 293781.70053678425, 'MSE - std': 14839.26773061595, 'R2 - mean': 0.9815467636245458, 'R2 - std': 0.0007067852205531854} 
 

Finished cross validation
Hyperparam was saved!!! Hurrah!!!
Trial 146 finished with value: 293781.70053678425 and parameters: {'max_depth': 12, 'n_estimators': 71}. Best is trial 144 with value: 292306.8612907619.
{'MSE - mean': 270548.37983416364, 'MSE - std': 0.0, 'R2 - mean': 0.9824037852189553, 'R2 - std': 0.0} 
 

{'MSE - mean': 277867.9133525889, 'MSE - std': 7319.533518425218, 'R2 - mean': 0.9822120835946424, 'R2 - std': 0.00019170162431292326} 
 

{'MSE - mean': 291450.6417064265, 'MSE - std': 20117.108797070956, 'R2 - mean': 0.9815215894314043, 'R2 - std': 0.0009889712099489779} 
 

{'MSE - mean': 293913.37012980634, 'MSE - std': 17936.517042805735, 'R2 - mean': 0.9814924144855147, 'R2 - std': 0.0008579636198487306} 
 

{'MSE - mean': 294393.57488198264, 'MSE - std': 16071.63032543803, 'R2 - mean': 0.9815100347848009, 'R2 - std': 0.0007681947397469524} 
 

Finished cross validation
Hyperparam was saved!!! Hurrah!!!
Trial 147 finished with value: 294393.57488198264 and parameters: {'max_depth': 12, 'n_estimators': 77}. Best is trial 144 with value: 292306.8612907619.
{'MSE - mean': 280220.1370716886, 'MSE - std': 0.0, 'R2 - mean': 0.9817747431313039, 'R2 - std': 0.0} 
 

{'MSE - mean': 285398.29128479207, 'MSE - std': 5178.154213103466, 'R2 - mean': 0.9817276880736319, 'R2 - std': 4.705505767194085e-05} 
 

{'MSE - mean': 298041.4513753792, 'MSE - std': 18373.200996439125, 'R2 - mean': 0.9811007659383996, 'R2 - std': 0.0008874338545810904} 
 

{'MSE - mean': 300754.5714433133, 'MSE - std': 16591.080364181962, 'R2 - mean': 0.9810596541962155, 'R2 - std': 0.0007718320158743771} 
 

{'MSE - mean': 301334.955459465, 'MSE - std': 14884.842644294658, 'R2 - mean': 0.981072546714916, 'R2 - std': 0.0006908289200205314} 
 

Finished cross validation
Hyperparam was saved!!! Hurrah!!!
