Trial 15 finished with value: 4799260.862414679 and parameters: {'max_depth': 6, 'n_estimators': 14}. Best is trial 14 with value: 4214175.643715598.
{'MSE - mean': 4183333.115479443, 'MSE - std': 0.0, 'R2 - mean': 0.5098572819825735, 'R2 - std': 0.0} 
 

{'MSE - mean': 4171726.616265838, 'MSE - std': 11606.499213605188, 'R2 - mean': 0.49517782067235533, 'R2 - std': 0.01467946131021819} 
 

{'MSE - mean': 4302240.826140807, 'MSE - std': 184818.08670844918, 'R2 - mean': 0.4932906439226718, 'R2 - std': 0.012279275022351866} 
 

{'MSE - mean': 4377227.921460647, 'MSE - std': 206124.93122970118, 'R2 - mean': 0.4859725202628131, 'R2 - std': 0.01654539960257423} 
 

{'MSE - mean': 4317454.759126837, 'MSE - std': 219730.09252511364, 'R2 - mean': 0.4880600820469393, 'R2 - std': 0.015376340761613828} 
 

Finished cross validation
Hyperparam was saved!!! Hurrah!!!
Trial 16 finished with value: 4317454.759126837 and parameters: {'max_depth': 10, 'n_estimators': 8}. Best is trial 14 with value: 4214175.643715598.
{'MSE - mean': 4458981.558854639, 'MSE - std': 0.0, 'R2 - mean': 0.47756076780987744, 'R2 - std': 0.0} 
 

{'MSE - mean': 4430636.458043486, 'MSE - std': 28345.100811153185, 'R2 - mean': 0.46390880348184804, 'R2 - std': 0.013651964328029398} 
 

{'MSE - mean': 4589050.475250145, 'MSE - std': 225223.51458443832, 'R2 - mean': 0.4596689637855011, 'R2 - std': 0.012657141645883737} 
 

{'MSE - mean': 4685802.231129316, 'MSE - std': 257151.57094296135, 'R2 - mean': 0.44987086357534817, 'R2 - std': 0.020202988124719774} 
 

{'MSE - mean': 4624143.765808058, 'MSE - std': 260976.26277850912, 'R2 - mean': 0.4517910978565415, 'R2 - std': 0.018473705153886574} 
 

Finished cross validation
Hyperparam was saved!!! Hurrah!!!
Trial 17 finished with value: 4624143.765808058 and parameters: {'max_depth': 7, 'n_estimators': 16}. Best is trial 14 with value: 4214175.643715598.
{'MSE - mean': 4038880.596129321, 'MSE - std': 0.0, 'R2 - mean': 0.5267821475154537, 'R2 - std': 0.0} 
 

{'MSE - mean': 4050432.624482728, 'MSE - std': 11552.028353407048, 'R2 - mean': 0.5097676648152181, 'R2 - std': 0.017014482700235645} 
 

{'MSE - mean': 4198471.054149721, 'MSE - std': 209570.321266928, 'R2 - mean': 0.505579778881826, 'R2 - std': 0.015102048146524773} 
 

{'MSE - mean': 4284243.366055024, 'MSE - std': 234543.08375154497, 'R2 - mean': 0.4969546179546845, 'R2 - std': 0.019855329176879183} 
 

{'MSE - mean': 4228975.699837024, 'MSE - std': 237121.12142380723, 'R2 - mean': 0.498585745722243, 'R2 - std': 0.01805628944590181} 
 

Finished cross validation
Hyperparam was saved!!! Hurrah!!!
Trial 18 finished with value: 4228975.699837024 and parameters: {'max_depth': 12, 'n_estimators': 7}. Best is trial 14 with value: 4214175.643715598.
{'MSE - mean': 5469104.151413569, 'MSE - std': 0.0, 'R2 - mean': 0.3592091521530639, 'R2 - std': 0.0} 
 

{'MSE - mean': 5398656.289808004, 'MSE - std': 70447.86160556506, 'R2 - mean': 0.3469203094894164, 'R2 - std': 0.012288842663647548} 
 

{'MSE - mean': 5629330.392781648, 'MSE - std': 331254.71222095453, 'R2 - mean': 0.3374962371746009, 'R2 - std': 0.016682427301335113} 
 

{'MSE - mean': 5655625.412679466, 'MSE - std': 290467.8080110094, 'R2 - mean': 0.3361585113838462, 'R2 - std': 0.014632021950912972} 
 

{'MSE - mean': 5574184.463938793, 'MSE - std': 306639.4471031086, 'R2 - mean': 0.3393134807245445, 'R2 - std': 0.014529011640871581} 
 

Finished cross validation
Hyperparam was saved!!! Hurrah!!!
Trial 19 finished with value: 5574184.463938793 and parameters: {'max_depth': 3, 'n_estimators': 7}. Best is trial 14 with value: 4214175.643715598.
{'MSE - mean': 4051445.2468843632, 'MSE - std': 0.0, 'R2 - mean': 0.5253100027203792, 'R2 - std': 0.0} 
 

{'MSE - mean': 4086813.093721835, 'MSE - std': 35367.84683747147, 'R2 - mean': 0.5052730386556978, 'R2 - std': 0.020036964064681417} 
 

{'MSE - mean': 4243119.376639574, 'MSE - std': 222928.75816965924, 'R2 - mean': 0.5003018502124154, 'R2 - std': 0.017806704215832324} 
 

{'MSE - mean': 4322057.603867995, 'MSE - std': 236572.72574875806, 'R2 - mean': 0.4924921227983323, 'R2 - std': 0.020513033981335953} 
 

{'MSE - mean': 4250407.50505924, 'MSE - std': 255554.82834760618, 'R2 - mean': 0.4961047779378294, 'R2 - std': 0.019718842743003267} 
 

Finished cross validation
Hyperparam was saved!!! Hurrah!!!
Trial 20 finished with value: 4250407.50505924 and parameters: {'max_depth': 12, 'n_estimators': 7}. Best is trial 14 with value: 4214175.643715598.
{'MSE - mean': 4018258.703441713, 'MSE - std': 0.0, 'R2 - mean': 0.5291983238642046, 'R2 - std': 0.0} 
 

{'MSE - mean': 4044892.312900004, 'MSE - std': 26633.60945829097, 'R2 - mean': 0.5103800123581858, 'R2 - std': 0.01881831150601887} 
 

{'MSE - mean': 4167680.6551408754, 'MSE - std': 175005.2953933322, 'R2 - mean': 0.5090192813220168, 'R2 - std': 0.015485124362775656} 
 

{'MSE - mean': 4277416.109431766, 'MSE - std': 243096.17406916313, 'R2 - mean': 0.49763992118129274, 'R2 - std': 0.02383928100918464} 
 

{'MSE - mean': 4219744.525660986, 'MSE - std': 246131.3595951815, 'R2 - mean': 0.499599423981155, 'R2 - std': 0.0216796600554199} 
 

Finished cross validation
Hyperparam was saved!!! Hurrah!!!
Trial 21 finished with value: 4219744.525660986 and parameters: {'max_depth': 12, 'n_estimators': 7}. Best is trial 14 with value: 4214175.643715598.
{'MSE - mean': 4397518.364557612, 'MSE - std': 0.0, 'R2 - mean': 0.4847621396058037, 'R2 - std': 0.0} 
 

{'MSE - mean': 4396896.892267114, 'MSE - std': 621.4722904982045, 'R2 - mean': 0.4678851142639953, 'R2 - std': 0.016877025341808405} 
 

{'MSE - mean': 4526675.171642631, 'MSE - std': 183534.9042567792, 'R2 - mean': 0.4667813854494782, 'R2 - std': 0.01386815624073195} 
 

{'MSE - mean': 4591948.51452, 'MSE - std': 195052.87406641396, 'R2 - mean': 0.46068732420894165, 'R2 - std': 0.01598927970073212} 
 

{'MSE - mean': 4524599.66598071, 'MSE - std': 220408.6399021762, 'R2 - mean': 0.4634646873879381, 'R2 - std': 0.01534211970983071} 
 

Finished cross validation
Hyperparam was saved!!! Hurrah!!!
Trial 22 finished with value: 4524599.66598071 and parameters: {'max_depth': 8, 'n_estimators': 7}. Best is trial 14 with value: 4214175.643715598.
{'MSE - mean': 4188078.3446239433, 'MSE - std': 0.0, 'R2 - mean': 0.509301304381389, 'R2 - std': 0.0} 
 

{'MSE - mean': 4200115.243190835, 'MSE - std': 12036.898566892138, 'R2 - mean': 0.4916510407984698, 'R2 - std': 0.017650263582919212} 
 

{'MSE - mean': 4332653.888540016, 'MSE - std': 187695.43496508157, 'R2 - mean': 0.48965439505786446, 'R2 - std': 0.014685402892826509} 
 

{'MSE - mean': 4414656.634682448, 'MSE - std': 215859.98553402387, 'R2 - mean': 0.48154277999756895, 'R2 - std': 0.01895100763159355} 
 

{'MSE - mean': 4355412.043533534, 'MSE - std': 226530.6005938425, 'R2 - mean': 0.4835266951017491, 'R2 - std': 0.017408510239665824} 
 

Finished cross validation
Hyperparam was saved!!! Hurrah!!!
Trial 23 finished with value: 4355412.043533534 and parameters: {'max_depth': 9, 'n_estimators': 18}. Best is trial 14 with value: 4214175.643715598.
{'MSE - mean': 3995690.8100016303, 'MSE - std': 0.0, 'R2 - mean': 0.531842504551064, 'R2 - std': 0.0} 
 

{'MSE - mean': 4039464.5892294436, 'MSE - std': 43773.77922781324, 'R2 - mean': 0.5109707974997112, 'R2 - std': 0.020871707051352772} 
 

{'MSE - mean': 4174642.646584963, 'MSE - std': 194483.01608644685, 'R2 - mean': 0.5082295218487111, 'R2 - std': 0.017477069392431297} 
 

{'MSE - mean': 4258109.681558426, 'MSE - std': 221963.89445435646, 'R2 - mean': 0.49990418137864817, 'R2 - std': 0.020905019678017365} 
 

{'MSE - mean': 4198547.745055788, 'MSE - std': 231527.26291487322, 'R2 - mean': 0.502121035294979, 'R2 - std': 0.01921649404381666} 
 

Finished cross validation
Hyperparam was saved!!! Hurrah!!!
Trial 24 finished with value: 4198547.745055788 and parameters: {'max_depth': 12, 'n_estimators': 10}. Best is trial 24 with value: 4198547.745055788.
{'MSE - mean': 4568296.045535908, 'MSE - std': 0.0, 'R2 - mean': 0.4647528708192271, 'R2 - std': 0.0} 
 

{'MSE - mean': 4610829.7996688355, 'MSE - std': 42533.75413292786, 'R2 - mean': 0.4418283343132697, 'R2 - std': 0.022924536505957438} 
 

{'MSE - mean': 4737455.30833711, 'MSE - std': 182411.94876275348, 'R2 - mean': 0.44178547888438824, 'R2 - std': 0.018717903796033164} 
 

{'MSE - mean': 4848056.027623542, 'MSE - std': 248300.51673042803, 'R2 - mean': 0.4305244722819356, 'R2 - std': 0.025361402780398678} 
 

{'MSE - mean': 4797052.709238786, 'MSE - std': 244392.86248150736, 'R2 - mean': 0.4309913360361161, 'R2 - std': 0.022703137401063337} 
 

Finished cross validation
Hyperparam was saved!!! Hurrah!!!
Trial 25 finished with value: 4797052.709238786 and parameters: {'max_depth': 6, 'n_estimators': 10}. Best is trial 24 with value: 4198547.745055788.
{'MSE - mean': 4289680.736233579, 'MSE - std': 0.0, 'R2 - mean': 0.49739699960672346, 'R2 - std': 0.0} 
 

{'MSE - mean': 4251606.102469997, 'MSE - std': 38074.633763582446, 'R2 - mean': 0.485612765583832, 'R2 - std': 0.011784234022891471} 
 

{'MSE - mean': 4353181.876391058, 'MSE - std': 146975.26159010298, 'R2 - mean': 0.4871725726482139, 'R2 - std': 0.009871412115820773} 
 

{'MSE - mean': 4411035.924132023, 'MSE - std': 161995.58067938406, 'R2 - mean': 0.48189614326166597, 'R2 - std': 0.012514220074937158} 
 

{'MSE - mean': 4349944.070164947, 'MSE - std': 189533.4086968816, 'R2 - mean': 0.48412689870635395, 'R2 - std': 0.012049466489566625} 
 

Finished cross validation
Hyperparam was saved!!! Hurrah!!!
Trial 26 finished with value: 4349944.070164947 and parameters: {'max_depth': 10, 'n_estimators': 6}. Best is trial 24 with value: 4198547.745055788.
{'MSE - mean': 5125797.366446613, 'MSE - std': 0.0, 'R2 - mean': 0.3994328962471899, 'R2 - std': 0.0} 
 

{'MSE - mean': 5093703.359344909, 'MSE - std': 32094.007101704367, 'R2 - mean': 0.38367817413482497, 'R2 - std': 0.01575472211236495} 
 

{'MSE - mean': 5286366.630065293, 'MSE - std': 273724.23220688495, 'R2 - mean': 0.3776251646391975, 'R2 - std': 0.01545160273672409} 
 

{'MSE - mean': 5367625.926632343, 'MSE - std': 275686.3005458404, 'R2 - mean': 0.36983953013621684, 'R2 - std': 0.018997692864981305} 
 

{'MSE - mean': 5310236.285714389, 'MSE - std': 271986.45662181044, 'R2 - mean': 0.37040082221888965, 'R2 - std': 0.017029094590201032} 
 

Finished cross validation
Hyperparam was saved!!! Hurrah!!!
Trial 27 finished with value: 5310236.285714389 and parameters: {'max_depth': 4, 'n_estimators': 13}. Best is trial 24 with value: 4198547.745055788.
{'MSE - mean': 4276071.756133197, 'MSE - std': 0.0, 'R2 - mean': 0.49899150387203395, 'R2 - std': 0.0} 
 

{'MSE - mean': 4304164.518464275, 'MSE - std': 28092.76233107783, 'R2 - mean': 0.47899698006002045, 'R2 - std': 0.019994523812013498} 
 

{'MSE - mean': 4467858.578723541, 'MSE - std': 232631.95450881074, 'R2 - mean': 0.47385313386396266, 'R2 - std': 0.01787285546175672} 
 

{'MSE - mean': 4540857.568681018, 'MSE - std': 237854.5296990944, 'R2 - mean': 0.4668038682852018, 'R2 - std': 0.019714351558378536} 
 

{'MSE - mean': 4482239.5745823905, 'MSE - std': 242907.5930622364, 'R2 - mean': 0.4685415763769547, 'R2 - std': 0.017972285429027884} 
 

Finished cross validation
Hyperparam was saved!!! Hurrah!!!
Trial 28 finished with value: 4482239.5745823905 and parameters: {'max_depth': 8, 'n_estimators': 9}. Best is trial 24 with value: 4198547.745055788.
{'MSE - mean': 4162129.5858449577, 'MSE - std': 0.0, 'R2 - mean': 0.5123416061708994, 'R2 - std': 0.0} 
 

{'MSE - mean': 4162468.2605349757, 'MSE - std': 338.67469001817517, 'R2 - mean': 0.49625222241230116, 'R2 - std': 0.016089383758598252} 
 

{'MSE - mean': 4306992.807332896, 'MSE - std': 204388.76124023733, 'R2 - mean': 0.4927848415174149, 'R2 - std': 0.01402227895272643} 
 

{'MSE - mean': 4386146.495409491, 'MSE - std': 223890.58331999928, 'R2 - mean': 0.4849695604570965, 'R2 - std': 0.018185271084764504} 
 

{'MSE - mean': 4327370.694810165, 'MSE - std': 232206.7474985653, 'R2 - mean': 0.4869143112936342, 'R2 - std': 0.01672397951463568} 
 

Finished cross validation
Hyperparam was saved!!! Hurrah!!!
Trial 29 finished with value: 4327370.694810165 and parameters: {'max_depth': 9, 'n_estimators': 36}. Best is trial 24 with value: 4198547.745055788.
{'MSE - mean': 4865109.785038793, 'MSE - std': 0.0, 'R2 - mean': 0.4299765121098186, 'R2 - std': 0.0} 
 

{'MSE - mean': 4866114.875715256, 'MSE - std': 1005.0906764618121, 'R2 - mean': 0.411093568332116, 'R2 - std': 0.018882943777702554} 
 

{'MSE - mean': 5003035.429681196, 'MSE - std': 193636.64340251184, 'R2 - mean': 0.4106245404476727, 'R2 - std': 0.015432120769810648} 
 

{'MSE - mean': 5092076.4560499545, 'MSE - std': 227829.48751544446, 'R2 - mean': 0.401932138911604, 'R2 - std': 0.020131723646604732} 
 

{'MSE - mean': 5024968.914194905, 'MSE - std': 244005.55116748682, 'R2 - mean': 0.4040797423295256, 'R2 - std': 0.018511559614178514} 
 

Finished cross validation
Hyperparam was saved!!! Hurrah!!!
Trial 30 finished with value: 5024968.914194905 and parameters: {'max_depth': 5, 'n_estimators': 17}. Best is trial 24 with value: 4198547.745055788.
{'MSE - mean': 4190157.3605874022, 'MSE - std': 0.0, 'R2 - mean': 0.5090577152367997, 'R2 - std': 0.0} 
 

{'MSE - mean': 4124628.54122, 'MSE - std': 65528.819367402466, 'R2 - mean': 0.50108557885686, 'R2 - std': 0.007972136379939598} 
 

{'MSE - mean': 4253588.319982859, 'MSE - std': 190062.97164077414, 'R2 - mean': 0.4991592959413869, 'R2 - std': 0.007056281176922536} 
 

{'MSE - mean': 4319003.244619822, 'MSE - std': 199825.6414664298, 'R2 - mean': 0.4929053534493877, 'R2 - std': 0.012436989913783206} 
 

{'MSE - mean': 4255232.352885186, 'MSE - std': 219570.3443557415, 'R2 - mean': 0.49553787997807336, 'R2 - std': 0.012307061314114416} 
 

Finished cross validation
Hyperparam was saved!!! Hurrah!!!
Trial 31 finished with value: 4255232.352885186 and parameters: {'max_depth': 12, 'n_estimators': 6}. Best is trial 24 with value: 4198547.745055788.
{'MSE - mean': 4111643.882508837, 'MSE - std': 0.0, 'R2 - mean': 0.5182567936950828, 'R2 - std': 0.0} 
 

{'MSE - mean': 4136382.7542365463, 'MSE - std': 24738.871727709193, 'R2 - mean': 0.49931504401653465, 'R2 - std': 0.01894174967854817} 
 

{'MSE - mean': 4265765.925276582, 'MSE - std': 184086.98418498793, 'R2 - mean': 0.4974932686564948, 'R2 - std': 0.015678998209327114} 
 

{'MSE - mean': 4316190.148836913, 'MSE - std': 181779.59256948865, 'R2 - mean': 0.4930471273376794, 'R2 - std': 0.015610181181417904} 
 

{'MSE - mean': 4255494.716798366, 'MSE - std': 202905.88483621343, 'R2 - mean': 0.49534101753301385, 'R2 - std': 0.014696596004733905} 
 

Finished cross validation
Hyperparam was saved!!! Hurrah!!!
Trial 32 finished with value: 4255494.716798366 and parameters: {'max_depth': 11, 'n_estimators': 8}. Best is trial 24 with value: 4198547.745055788.
{'MSE - mean': 4139172.487530291, 'MSE - std': 0.0, 'R2 - mean': 0.5150313882788811, 'R2 - std': 0.0} 
 

{'MSE - mean': 4142731.0223749764, 'MSE - std': 3558.534844685346, 'R2 - mean': 0.49862843043928434, 'R2 - std': 0.01640295783959672} 
 

{'MSE - mean': 4292160.907213497, 'MSE - std': 211345.74298812106, 'R2 - mean': 0.4945562182643391, 'R2 - std': 0.014578654759176812} 
 

{'MSE - mean': 4371513.069285577, 'MSE - std': 228889.8516447193, 'R2 - mean': 0.48670681781644787, 'R2 - std': 0.018553763583556822} 
 

{'MSE - mean': 4319083.968040807, 'MSE - std': 230016.72543119738, 'R2 - mean': 0.48788181927243635, 'R2 - std': 0.016760555724018102} 
 

Finished cross validation
Hyperparam was saved!!! Hurrah!!!
Trial 33 finished with value: 4319083.968040807 and parameters: {'max_depth': 10, 'n_estimators': 6}. Best is trial 24 with value: 4198547.745055788.
{'MSE - mean': 4229361.5668741055, 'MSE - std': 0.0, 'R2 - mean': 0.5044643310389271, 'R2 - std': 0.0} 
 

{'MSE - mean': 4232678.669946607, 'MSE - std': 3317.103072501719, 'R2 - mean': 0.48774379836892806, 'R2 - std': 0.01672053266999901} 
 

{'MSE - mean': 4351858.490374024, 'MSE - std': 168567.47801029537, 'R2 - mean': 0.48732972327125995, 'R2 - std': 0.013664810947052552} 
 

{'MSE - mean': 4440262.059817625, 'MSE - std': 211558.07536743334, 'R2 - mean': 0.4784946677730431, 'R2 - std': 0.01934476442435344} 
 

{'MSE - mean': 4376600.565422278, 'MSE - std': 228071.4775616041, 'R2 - mean': 0.4810012540751469, 'R2 - std': 0.01801410081204616} 
 

Finished cross validation
Hyperparam was saved!!! Hurrah!!!
Trial 34 finished with value: 4376600.565422278 and parameters: {'max_depth': 9, 'n_estimators': 11}. Best is trial 24 with value: 4198547.745055788.
{'MSE - mean': 4054132.4504269557, 'MSE - std': 0.0, 'R2 - mean': 0.5249951549155608, 'R2 - std': 0.0} 
 

{'MSE - mean': 4074849.8243177896, 'MSE - std': 20717.37389083393, 'R2 - mean': 0.5067773315337754, 'R2 - std': 0.018217823381785403} 
 

{'MSE - mean': 4226972.843005403, 'MSE - std': 215798.4368569088, 'R2 - mean': 0.5022187877055196, 'R2 - std': 0.016211725268506807} 
 

{'MSE - mean': 4346834.154075164, 'MSE - std': 279333.00142750924, 'R2 - mean': 0.489633942572585, 'R2 - std': 0.025927784482982708} 
 

{'MSE - mean': 4279089.84571368, 'MSE - std': 284215.9492546197, 'R2 - mean': 0.4927240791534839, 'R2 - std': 0.023999912143823295} 
 

Finished cross validation
Hyperparam was saved!!! Hurrah!!!
Trial 35 finished with value: 4279089.84571368 and parameters: {'max_depth': 11, 'n_estimators': 8}. Best is trial 24 with value: 4198547.745055788.
{'MSE - mean': 4484807.501707694, 'MSE - std': 0.0, 'R2 - mean': 0.4745348558215351, 'R2 - std': 0.0} 
 

{'MSE - mean': 4489194.270022832, 'MSE - std': 4386.768315138295, 'R2 - mean': 0.4566958751583574, 'R2 - std': 0.017838980663177684} 
 

{'MSE - mean': 4629656.039612581, 'MSE - std': 198675.22892919497, 'R2 - mean': 0.45468504520183856, 'R2 - std': 0.014840474890050465} 
 

{'MSE - mean': 4740144.842474399, 'MSE - std': 257346.48164694943, 'R2 - mean': 0.44335082058403635, 'R2 - std': 0.02346430724061646} 
 

{'MSE - mean': 4677877.292139588, 'MSE - std': 261707.3949884568, 'R2 - mean': 0.44530824445842193, 'R2 - std': 0.021349121863011036} 
 

Finished cross validation
Hyperparam was saved!!! Hurrah!!!
Trial 36 finished with value: 4677877.292139588 and parameters: {'max_depth': 7, 'n_estimators': 6}. Best is trial 24 with value: 4198547.745055788.
{'MSE - mean': 5612185.010559906, 'MSE - std': 0.0, 'R2 - mean': 0.3424449980055603, 'R2 - std': 0.0} 
 

{'MSE - mean': 5464981.30861824, 'MSE - std': 147203.70194166666, 'R2 - mean': 0.3391895151603233, 'R2 - std': 0.0032554828452369677} 
 

{'MSE - mean': 5667003.825412164, 'MSE - std': 309955.07388500246, 'R2 - mean': 0.33307435406114505, 'R2 - std': 0.009047421524476509} 
 

{'MSE - mean': 5671257.811494388, 'MSE - std': 268530.0729211837, 'R2 - mean': 0.33431216573989464, 'R2 - std': 0.00812332508504476} 
 

{'MSE - mean': 5591096.191868996, 'MSE - std': 288773.7195353988, 'R2 - mean': 0.3372923819320676, 'R2 - std': 0.00939773816182456} 
 

Finished cross validation
Hyperparam was saved!!! Hurrah!!!
Trial 37 finished with value: 5591096.191868996 and parameters: {'max_depth': 3, 'n_estimators': 13}. Best is trial 24 with value: 4198547.745055788.
{'MSE - mean': 3930304.659832699, 'MSE - std': 0.0, 'R2 - mean': 0.5395035118100621, 'R2 - std': 0.0} 
 

{'MSE - mean': 3946711.0832782197, 'MSE - std': 16406.423445520457, 'R2 - mean': 0.5223014433113564, 'R2 - std': 0.017202068498705703} 
 

{'MSE - mean': 4091397.0582611836, 'MSE - std': 205054.89476493222, 'R2 - mean': 0.5181783699522334, 'R2 - std': 0.015207681445205984} 
 

{'MSE - mean': 4181898.0796539485, 'MSE - std': 236869.02925392, 'R2 - mean': 0.508970367319778, 'R2 - std': 0.02068374044127571} 
 

{'MSE - mean': 4123854.5196795464, 'MSE - std': 241581.8060901185, 'R2 - mean': 0.5110685948207893, 'R2 - std': 0.018970079849532834} 
 

Finished cross validation
Hyperparam was saved!!! Hurrah!!!
Trial 38 finished with value: 4123854.5196795464 and parameters: {'max_depth': 12, 'n_estimators': 30}. Best is trial 38 with value: 4123854.5196795464.
{'MSE - mean': 4046633.633611709, 'MSE - std': 0.0, 'R2 - mean': 0.5258737582575084, 'R2 - std': 0.0} 
 

{'MSE - mean': 4056091.376070752, 'MSE - std': 9457.742459043162, 'R2 - mean': 0.5090909110144244, 'R2 - std': 0.01678284724308393} 
 

{'MSE - mean': 4198089.113729523, 'MSE - std': 200963.5479268956, 'R2 - mean': 0.5055933586546931, 'R2 - std': 0.01456851809237705} 
 

{'MSE - mean': 4284637.199558135, 'MSE - std': 229698.65950482857, 'R2 - mean': 0.49688557473798556, 'R2 - std': 0.01966361593848263} 
 

{'MSE - mean': 4232335.75084427, 'MSE - std': 230544.8882385565, 'R2 - mean': 0.4981545213392411, 'R2 - std': 0.017769837796903786} 
 

Finished cross validation
Hyperparam was saved!!! Hurrah!!!
Trial 39 finished with value: 4232335.75084427 and parameters: {'max_depth': 10, 'n_estimators': 40}. Best is trial 38 with value: 4123854.5196795464.
{'MSE - mean': 4276565.313581208, 'MSE - std': 0.0, 'R2 - mean': 0.49893367591944504, 'R2 - std': 0.0} 
 

{'MSE - mean': 4276183.99034949, 'MSE - std': 381.32323171803733, 'R2 - mean': 0.48249299608597085, 'R2 - std': 0.016440679833474192} 
 

{'MSE - mean': 4404086.1190589415, 'MSE - std': 180881.1930386611, 'R2 - mean': 0.48123115731933375, 'R2 - std': 0.013541852768504252} 
 

{'MSE - mean': 4515616.873625381, 'MSE - std': 248708.32744159474, 'R2 - mean': 0.469706658255183, 'R2 - std': 0.023151210947631284} 
 

{'MSE - mean': 4456108.729374619, 'MSE - std': 252288.60980970686, 'R2 - mean': 0.47159705885999026, 'R2 - std': 0.021049401712637836} 
 

Finished cross validation
Hyperparam was saved!!! Hurrah!!!
