Trial 48 finished with value: 343093.6507441074 and parameters: {'max_depth': 9, 'n_estimators': 68}. Best is trial 35 with value: 293315.98633076734.
{'MSE - mean': 273089.65489636525, 'MSE - std': 0.0, 'R2 - mean': 0.9822385030544877, 'R2 - std': 0.0} 
 

{'MSE - mean': 278105.5858373762, 'MSE - std': 5015.930941010942, 'R2 - mean': 0.9821945657048018, 'R2 - std': 4.393734968588525e-05} 
 

{'MSE - mean': 291979.09400511964, 'MSE - std': 20042.991291160837, 'R2 - mean': 0.9814868484236325, 'R2 - std': 0.0010015061127769407} 
 

{'MSE - mean': 294090.11891443125, 'MSE - std': 17738.669719749683, 'R2 - mean': 0.9814799109612614, 'R2 - std': 0.0008674129671613383} 
 

{'MSE - mean': 295004.0078862867, 'MSE - std': 15970.882723024668, 'R2 - mean': 0.9814708758932866, 'R2 - std': 0.0007760481520453114} 
 

Finished cross validation
Hyperparam was saved!!! Hurrah!!!
Trial 49 finished with value: 295004.0078862867 and parameters: {'max_depth': 12, 'n_estimators': 54}. Best is trial 35 with value: 293315.98633076734.
{'MSE - mean': 281129.0062381215, 'MSE - std': 0.0, 'R2 - mean': 0.9817156311267514, 'R2 - std': 0.0} 
 

{'MSE - mean': 285940.42033895437, 'MSE - std': 4811.414100832888, 'R2 - mean': 0.9816926033809865, 'R2 - std': 2.3027745764903074e-05} 
 

{'MSE - mean': 298475.18633905594, 'MSE - std': 18156.92304478927, 'R2 - mean': 0.9810728686992677, 'R2 - std': 0.0008766388478160197} 
 

{'MSE - mean': 300245.64482564986, 'MSE - std': 16020.57928412881, 'R2 - mean': 0.9810902164267453, 'R2 - std': 0.0007597858797523585} 
 

{'MSE - mean': 300546.9103800558, 'MSE - std': 14341.904065232473, 'R2 - mean': 0.9811206742258696, 'R2 - std': 0.0006822978649877357} 
 

Finished cross validation
Hyperparam was saved!!! Hurrah!!!
Trial 50 finished with value: 300546.9103800558 and parameters: {'max_depth': 11, 'n_estimators': 80}. Best is trial 35 with value: 293315.98633076734.
{'MSE - mean': 274700.37886678014, 'MSE - std': 0.0, 'R2 - mean': 0.9821337430668147, 'R2 - std': 0.0} 
 

{'MSE - mean': 280952.0309034387, 'MSE - std': 6251.652036658517, 'R2 - mean': 0.9820135058038963, 'R2 - std': 0.00012023726291832126} 
 

{'MSE - mean': 293603.54579679895, 'MSE - std': 18605.834935636103, 'R2 - mean': 0.9813831690727822, 'R2 - std': 0.0008968203770986858} 
 

{'MSE - mean': 294994.1455321097, 'MSE - std': 16292.149124981705, 'R2 - mean': 0.9814215495243176, 'R2 - std': 0.0007795089920999951} 
 

{'MSE - mean': 294936.46440366784, 'MSE - std': 14572.597810233665, 'R2 - mean': 0.9814733422335353, 'R2 - std': 0.0007048669051134853} 
 

Finished cross validation
Hyperparam was saved!!! Hurrah!!!
Trial 51 finished with value: 294936.46440366784 and parameters: {'max_depth': 12, 'n_estimators': 53}. Best is trial 35 with value: 293315.98633076734.
{'MSE - mean': 298344.7626066036, 'MSE - std': 0.0, 'R2 - mean': 0.9805959343580491, 'R2 - std': 0.0} 
 

{'MSE - mean': 302136.29722325725, 'MSE - std': 3791.5346166536037, 'R2 - mean': 0.9806543702720144, 'R2 - std': 5.8435913965260156e-05} 
 

{'MSE - mean': 313978.8821510326, 'MSE - std': 17031.660480098104, 'R2 - mean': 0.9800873597550442, 'R2 - std': 0.0008032921988522865} 
 

{'MSE - mean': 315782.0986488796, 'MSE - std': 15076.898329773416, 'R2 - mean': 0.9801098567157546, 'R2 - std': 0.0006967618727200228} 
 

{'MSE - mean': 316062.3283157024, 'MSE - std': 13496.829452198388, 'R2 - mean': 0.9801445387994681, 'R2 - std': 0.0006270510932483259} 
 

Finished cross validation
Hyperparam was saved!!! Hurrah!!!
Trial 52 finished with value: 316062.3283157024 and parameters: {'max_depth': 10, 'n_estimators': 54}. Best is trial 35 with value: 293315.98633076734.
{'MSE - mean': 272069.6611953268, 'MSE - std': 0.0, 'R2 - mean': 0.9823048424953292, 'R2 - std': 0.0} 
 

{'MSE - mean': 279020.86808254314, 'MSE - std': 6951.206887216365, 'R2 - mean': 0.98213787882737, 'R2 - std': 0.00016696366795926343} 
 

{'MSE - mean': 293148.7359069702, 'MSE - std': 20770.318966935014, 'R2 - mean': 0.9814141863195665, 'R2 - std': 0.0010324951667267834} 
 

{'MSE - mean': 295309.3659409291, 'MSE - std': 18372.79453219081, 'R2 - mean': 0.981404306567098, 'R2 - std': 0.000894330772428268} 
 

{'MSE - mean': 295187.5706741565, 'MSE - std': 16434.932293310892, 'R2 - mean': 0.9814596143845751, 'R2 - std': 0.0008075257538345283} 
 

Finished cross validation
Hyperparam was saved!!! Hurrah!!!
Trial 53 finished with value: 295187.5706741565 and parameters: {'max_depth': 12, 'n_estimators': 42}. Best is trial 35 with value: 293315.98633076734.
{'MSE - mean': 1167782.863654929, 'MSE - std': 0.0, 'R2 - mean': 0.9240484895932809, 'R2 - std': 0.0} 
 

{'MSE - mean': 1148774.5096910228, 'MSE - std': 19008.35396390618, 'R2 - mean': 0.9264112397964415, 'R2 - std': 0.0023627502031605685} 
 

{'MSE - mean': 1171297.2731536522, 'MSE - std': 35432.02075710425, 'R2 - mean': 0.9256692044752954, 'R2 - std': 0.002196123520512199} 
 

{'MSE - mean': 1191941.7635955364, 'MSE - std': 47118.5316835537, 'R2 - mean': 0.9249058794617036, 'R2 - std': 0.002316293184623908} 
 

{'MSE - mean': 1192717.7843901203, 'MSE - std': 42172.66479019022, 'R2 - mean': 0.9250577769318113, 'R2 - std': 0.0020939108527844846} 
 

Finished cross validation
Hyperparam was saved!!! Hurrah!!!
Trial 54 finished with value: 1192717.7843901203 and parameters: {'max_depth': 4, 'n_estimators': 47}. Best is trial 35 with value: 293315.98633076734.
{'MSE - mean': 280748.0169579673, 'MSE - std': 0.0, 'R2 - mean': 0.9817404103148839, 'R2 - std': 0.0} 
 

{'MSE - mean': 287597.0891431258, 'MSE - std': 6849.072185158468, 'R2 - mean': 0.9815885387147747, 'R2 - std': 0.0001518716001092102} 
 

{'MSE - mean': 299921.24357683567, 'MSE - std': 18304.17324574375, 'R2 - mean': 0.9809821995569089, 'R2 - std': 0.0008664127215147556} 
 

{'MSE - mean': 303884.5438698283, 'MSE - std': 17274.41218377509, 'R2 - mean': 0.9808645700673126, 'R2 - std': 0.0007775045617036622} 
 

{'MSE - mean': 303689.7102160434, 'MSE - std': 15455.616896344009, 'R2 - mean': 0.9809257554176887, 'R2 - std': 0.0007061057025534871} 
 

Finished cross validation
Hyperparam was saved!!! Hurrah!!!
Trial 55 finished with value: 303689.7102160434 and parameters: {'max_depth': 11, 'n_estimators': 41}. Best is trial 35 with value: 293315.98633076734.
{'MSE - mean': 332225.4283757299, 'MSE - std': 0.0, 'R2 - mean': 0.97839236739467, 'R2 - std': 0.0} 
 

{'MSE - mean': 332661.2624616427, 'MSE - std': 435.83408591279294, 'R2 - mean': 0.97869614481339, 'R2 - std': 0.0003037774187199527} 
 

{'MSE - mean': 343650.2656008881, 'MSE - std': 15544.870994071363, 'R2 - mean': 0.9782008711594137, 'R2 - std': 0.0007430427072038103} 
 

{'MSE - mean': 344997.3989410111, 'MSE - std': 13662.963272107318, 'R2 - mean': 0.9782653385018235, 'R2 - std': 0.0006531098401178319} 
 

{'MSE - mean': 344616.50917467824, 'MSE - std': 12244.246010120478, 'R2 - mean': 0.9783468046334012, 'R2 - std': 0.0006064560107574878} 
 

Finished cross validation
Hyperparam was saved!!! Hurrah!!!
Trial 56 finished with value: 344616.50917467824 and parameters: {'max_depth': 9, 'n_estimators': 62}. Best is trial 35 with value: 293315.98633076734.
{'MSE - mean': 298714.81460721383, 'MSE - std': 0.0, 'R2 - mean': 0.9805718665203971, 'R2 - std': 0.0} 
 

{'MSE - mean': 302366.628160411, 'MSE - std': 3651.813553197164, 'R2 - mean': 0.9806394801073461, 'R2 - std': 6.761358694901132e-05} 
 

{'MSE - mean': 314005.4332763267, 'MSE - std': 16727.643703484988, 'R2 - mean': 0.98008534908808, 'R2 - std': 0.0007856017467219642} 
 

{'MSE - mean': 315421.9790062263, 'MSE - std': 14692.867430074562, 'R2 - mean': 0.9801318028105969, 'R2 - std': 0.0006850922736000456} 
 

{'MSE - mean': 315768.32664772647, 'MSE - std': 13159.943366492416, 'R2 - mean': 0.9801624628010195, 'R2 - std': 0.000615825688590567} 
 

Finished cross validation
Hyperparam was saved!!! Hurrah!!!
Trial 57 finished with value: 315768.32664772647 and parameters: {'max_depth': 10, 'n_estimators': 53}. Best is trial 35 with value: 293315.98633076734.
{'MSE - mean': 273901.55965700105, 'MSE - std': 0.0, 'R2 - mean': 0.9821856975246277, 'R2 - std': 0.0} 
 

{'MSE - mean': 279182.1895678169, 'MSE - std': 5280.629910815856, 'R2 - mean': 0.982125881783255, 'R2 - std': 5.9815741372648557e-05} 
 

{'MSE - mean': 292326.9892434629, 'MSE - std': 19083.017367869143, 'R2 - mean': 0.9814641113727965, 'R2 - std': 0.0009371581692867076} 
 

{'MSE - mean': 293377.7148829396, 'MSE - std': 16626.281514673014, 'R2 - mean': 0.9815229278741283, 'R2 - std': 0.0008179714042571112} 
 

{'MSE - mean': 293579.8143721345, 'MSE - std': 14876.490393175987, 'R2 - mean': 0.9815583925406038, 'R2 - std': 0.0007350460834660412} 
 

Finished cross validation
Hyperparam was saved!!! Hurrah!!!
Trial 58 finished with value: 293579.8143721345 and parameters: {'max_depth': 12, 'n_estimators': 82}. Best is trial 35 with value: 293315.98633076734.
{'MSE - mean': 383235.51183875604, 'MSE - std': 0.0, 'R2 - mean': 0.9750747190496138, 'R2 - std': 0.0} 
 

{'MSE - mean': 383209.4540920858, 'MSE - std': 26.05774667023797, 'R2 - mean': 0.9754584774120216, 'R2 - std': 0.0003837583624077268} 
 

{'MSE - mean': 396551.05293252674, 'MSE - std': 18867.882019699075, 'R2 - mean': 0.9748455625428093, 'R2 - std': 0.0009216884475145394} 
 

{'MSE - mean': 398030.9919476145, 'MSE - std': 16539.902883544975, 'R2 - mean': 0.9749244552854909, 'R2 - std': 0.0008098175042902088} 
 

{'MSE - mean': 395544.7549138005, 'MSE - std': 15607.056361495941, 'R2 - mean': 0.9751456361406857, 'R2 - std': 0.000848721034865211} 
 

Finished cross validation
Hyperparam was saved!!! Hurrah!!!
Trial 59 finished with value: 395544.7549138005 and parameters: {'max_depth': 8, 'n_estimators': 96}. Best is trial 35 with value: 293315.98633076734.
{'MSE - mean': 280420.4146870262, 'MSE - std': 0.0, 'R2 - mean': 0.9817617172616333, 'R2 - std': 0.0} 
 

{'MSE - mean': 286103.09141345986, 'MSE - std': 5682.67672643371, 'R2 - mean': 0.9816830543178834, 'R2 - std': 7.866294374991867e-05} 
 

{'MSE - mean': 297396.87111212563, 'MSE - std': 16632.12142057521, 'R2 - mean': 0.9811404737847776, 'R2 - std': 0.0007700081226563315} 
 

{'MSE - mean': 299652.0227206098, 'MSE - std': 14924.065248561246, 'R2 - mean': 0.9811276442575416, 'R2 - std': 0.0006672167354202482} 
 

{'MSE - mean': 300324.7237301938, 'MSE - std': 13416.120356788399, 'R2 - mean': 0.9811349074768675, 'R2 - std': 0.0005969535618788018} 
 

Finished cross validation
Hyperparam was saved!!! Hurrah!!!
Trial 60 finished with value: 300324.7237301938 and parameters: {'max_depth': 11, 'n_estimators': 88}. Best is trial 35 with value: 293315.98633076734.
{'MSE - mean': 273104.3576553408, 'MSE - std': 0.0, 'R2 - mean': 0.9822375468007302, 'R2 - std': 0.0} 
 

{'MSE - mean': 277944.50323824526, 'MSE - std': 4840.145582904428, 'R2 - mean': 0.9822047064836008, 'R2 - std': 3.2840317129412266e-05} 
 

{'MSE - mean': 291342.82081659604, 'MSE - std': 19355.821709152377, 'R2 - mean': 0.9815265744271517, 'R2 - std': 0.0009593983338115617} 
 

{'MSE - mean': 292609.86253589526, 'MSE - std': 16905.68128419275, 'R2 - mean': 0.9815716097347486, 'R2 - std': 0.0008345168715977604} 
 

{'MSE - mean': 292912.24510650634, 'MSE - std': 15132.99007540154, 'R2 - mean': 0.9816006504776741, 'R2 - std': 0.0007486709465337261} 
 

Finished cross validation
Hyperparam was saved!!! Hurrah!!!
Trial 61 finished with value: 292912.24510650634 and parameters: {'max_depth': 12, 'n_estimators': 69}. Best is trial 61 with value: 292912.24510650634.
{'MSE - mean': 272238.9677939381, 'MSE - std': 0.0, 'R2 - mean': 0.9822938309517567, 'R2 - std': 0.0} 
 

{'MSE - mean': 278446.2018266622, 'MSE - std': 6207.234032724024, 'R2 - mean': 0.9821739398001645, 'R2 - std': 0.00011989115159216635} 
 

{'MSE - mean': 291455.35390658415, 'MSE - std': 19083.04426888994, 'R2 - mean': 0.9815198964060777, 'R2 - std': 0.0009301226343072135} 
 

{'MSE - mean': 293119.7988986045, 'MSE - std': 16775.966896745333, 'R2 - mean': 0.9815403388287383, 'R2 - std': 0.0008062876435061132} 
 

{'MSE - mean': 293366.59071857546, 'MSE - std': 15012.996938192406, 'R2 - mean': 0.9815727496540461, 'R2 - std': 0.0007240729643102735} 
 

Finished cross validation
Hyperparam was saved!!! Hurrah!!!
Trial 62 finished with value: 293366.59071857546 and parameters: {'max_depth': 12, 'n_estimators': 81}. Best is trial 61 with value: 292912.24510650634.
{'MSE - mean': 273978.38809458946, 'MSE - std': 0.0, 'R2 - mean': 0.9821807006745638, 'R2 - std': 0.0} 
 

{'MSE - mean': 279452.40255139594, 'MSE - std': 5474.014456806501, 'R2 - mean': 0.9821087696250581, 'R2 - std': 7.19310495057024e-05} 
 

{'MSE - mean': 292168.85456141294, 'MSE - std': 18530.86235522646, 'R2 - mean': 0.9814737881132696, 'R2 - std': 0.0008999180099033246} 
 

{'MSE - mean': 293792.12635691516, 'MSE - std': 16292.626512857918, 'R2 - mean': 0.9814972900600117, 'R2 - std': 0.0007804142123983142} 
 

{'MSE - mean': 293835.5995834932, 'MSE - std': 14572.827544292872, 'R2 - mean': 0.9815425906829409, 'R2 - std': 0.0007038790095475906} 
 

Finished cross validation
Hyperparam was saved!!! Hurrah!!!
Trial 63 finished with value: 293835.5995834932 and parameters: {'max_depth': 12, 'n_estimators': 76}. Best is trial 61 with value: 292912.24510650634.
{'MSE - mean': 295580.2855569055, 'MSE - std': 0.0, 'R2 - mean': 0.9807757333720132, 'R2 - std': 0.0} 
 

{'MSE - mean': 300445.5406349257, 'MSE - std': 4865.255078020215, 'R2 - mean': 0.9807637202737414, 'R2 - std': 1.2013098271868028e-05} 
 

{'MSE - mean': 312572.9668032145, 'MSE - std': 17604.811906144478, 'R2 - mean': 0.9801776339380123, 'R2 - std': 0.0008289092806474073} 
 

{'MSE - mean': 314986.2559625602, 'MSE - std': 15808.824921160036, 'R2 - mean': 0.9801616029906155, 'R2 - std': 0.0007183932909492281} 
 

{'MSE - mean': 315167.62035297893, 'MSE - std': 14144.494634972305, 'R2 - mean': 0.9802019757074115, 'R2 - std': 0.000647604015916092} 
 

Finished cross validation
Hyperparam was saved!!! Hurrah!!!
Trial 64 finished with value: 315167.62035297893 and parameters: {'max_depth': 10, 'n_estimators': 79}. Best is trial 61 with value: 292912.24510650634.
{'MSE - mean': 280819.8146204323, 'MSE - std': 0.0, 'R2 - mean': 0.981735740661751, 'R2 - std': 0.0} 
 

{'MSE - mean': 285823.33871698985, 'MSE - std': 5003.52409655755, 'R2 - mean': 0.9817002930698049, 'R2 - std': 3.54475919460695e-05} 
 

{'MSE - mean': 298059.7845475, 'MSE - std': 17780.646277603086, 'R2 - mean': 0.981099022081343, 'R2 - std': 0.0008508180128449182} 
 

{'MSE - mean': 300884.3494188628, 'MSE - std': 16156.981050757604, 'R2 - mean': 0.9810511855197533, 'R2 - std': 0.0007414738553113111} 
 

{'MSE - mean': 301427.3704220246, 'MSE - std': 14491.994913714672, 'R2 - mean': 0.9810664808812202, 'R2 - std': 0.0006638995216279174} 
 

Finished cross validation
Hyperparam was saved!!! Hurrah!!!
Trial 65 finished with value: 301427.3704220246 and parameters: {'max_depth': 11, 'n_estimators': 67}. Best is trial 61 with value: 292912.24510650634.
{'MSE - mean': 273474.29421725916, 'MSE - std': 0.0, 'R2 - mean': 0.9822134864711032, 'R2 - std': 0.0} 
 

{'MSE - mean': 277750.67340458586, 'MSE - std': 4276.379187326704, 'R2 - mean': 0.982216557613304, 'R2 - std': 3.0711422007723144e-06} 
 

{'MSE - mean': 291196.3459379315, 'MSE - std': 19332.972673228454, 'R2 - mean': 0.9815355506868992, 'R2 - std': 0.0009630924958513783} 
 

{'MSE - mean': 293609.6246982351, 'MSE - std': 17256.72672938427, 'R2 - mean': 0.9815098607857872, 'R2 - std': 0.0008352486334806952} 
 

{'MSE - mean': 294100.27096874587, 'MSE - std': 15466.04761990539, 'R2 - mean': 0.9815271190421353, 'R2 - std': 0.000747866039765005} 
 

Finished cross validation
Hyperparam was saved!!! Hurrah!!!
Trial 66 finished with value: 294100.27096874587 and parameters: {'max_depth': 12, 'n_estimators': 76}. Best is trial 61 with value: 292912.24510650634.
{'MSE - mean': 282025.4376611801, 'MSE - std': 0.0, 'R2 - mean': 0.9816573280614501, 'R2 - std': 0.0} 
 

{'MSE - mean': 287323.7657565401, 'MSE - std': 5298.328095360048, 'R2 - mean': 0.9816044966765443, 'R2 - std': 5.283138490586037e-05} 
 

{'MSE - mean': 299605.2655587635, 'MSE - std': 17899.310839286925, 'R2 - mean': 0.9810011756342963, 'R2 - std': 0.0008543145382073066} 
 

{'MSE - mean': 301507.30166207673, 'MSE - std': 15847.467318344019, 'R2 - mean': 0.9810108902141382, 'R2 - std': 0.0007400494016136962} 
 

{'MSE - mean': 301590.0317896955, 'MSE - std': 14175.371368004744, 'R2 - mean': 0.9810551124338234, 'R2 - std': 0.0006678030490485777} 
 

Finished cross validation
Hyperparam was saved!!! Hurrah!!!
Trial 67 finished with value: 301590.0317896955 and parameters: {'max_depth': 11, 'n_estimators': 79}. Best is trial 61 with value: 292912.24510650634.
{'MSE - mean': 327894.64723498403, 'MSE - std': 0.0, 'R2 - mean': 0.9786740373687018, 'R2 - std': 0.0} 
 

{'MSE - mean': 330450.88870366313, 'MSE - std': 2556.2414686790726, 'R2 - mean': 0.978839815761595, 'R2 - std': 0.00016577839289305674} 
 

{'MSE - mean': 341896.3179570649, 'MSE - std': 16320.292538841932, 'R2 - mean': 0.9783141270012133, 'R2 - std': 0.0007556579887421325} 
 

{'MSE - mean': 343454.33077482483, 'MSE - std': 14389.09911133936, 'R2 - mean': 0.9783643273911082, 'R2 - std': 0.0006601700420339901} 
 

{'MSE - mean': 343373.38311172294, 'MSE - std': 12871.019722050167, 'R2 - mean': 0.9784265347841454, 'R2 - std': 0.0006034389998278803} 
 

Finished cross validation
Hyperparam was saved!!! Hurrah!!!
Trial 68 finished with value: 343373.38311172294 and parameters: {'max_depth': 9, 'n_estimators': 99}. Best is trial 61 with value: 292912.24510650634.
{'MSE - mean': 272805.7590653458, 'MSE - std': 0.0, 'R2 - mean': 0.9822569673750692, 'R2 - std': 0.0} 
 

{'MSE - mean': 277818.1204450256, 'MSE - std': 5012.361379679816, 'R2 - mean': 0.9822129720018891, 'R2 - std': 4.3995373180116815e-05} 
 

{'MSE - mean': 290769.4229282515, 'MSE - std': 18767.569095588653, 'R2 - mean': 0.9815625731249688, 'R2 - std': 0.0009205040974591829} 
 

{'MSE - mean': 293154.50766230014, 'MSE - std': 16769.976889788697, 'R2 - mean': 0.9815384546246178, 'R2 - std': 0.0007982737320348927} 
 

{'MSE - mean': 293713.6691886027, 'MSE - std': 15041.155087200781, 'R2 - mean': 0.9815513932640456, 'R2 - std': 0.0007144665104583401} 
 

Finished cross validation
Hyperparam was saved!!! Hurrah!!!
Trial 69 finished with value: 293713.6691886027 and parameters: {'max_depth': 12, 'n_estimators': 84}. Best is trial 61 with value: 292912.24510650634.
{'MSE - mean': 296442.2668077529, 'MSE - std': 0.0, 'R2 - mean': 0.9807196709138442, 'R2 - std': 0.0} 
 

{'MSE - mean': 300469.23979380634, 'MSE - std': 4026.9729860534717, 'R2 - mean': 0.980761366700092, 'R2 - std': 4.169578624779735e-05} 
 

{'MSE - mean': 312721.5974885702, 'MSE - std': 17636.653474544106, 'R2 - mean': 0.9801677854933794, 'R2 - std': 0.0008401406570640883} 
 

{'MSE - mean': 315473.98680691596, 'MSE - std': 16000.487499294897, 'R2 - mean': 0.9801309955494146, 'R2 - std': 0.0007303682240280162} 
 

{'MSE - mean': 315901.4373013358, 'MSE - std': 14336.782619290596, 'R2 - mean': 0.9801561288982497, 'R2 - std': 0.0006551922885920641} 
 

Finished cross validation
Hyperparam was saved!!! Hurrah!!!
Trial 70 finished with value: 315901.4373013358 and parameters: {'max_depth': 10, 'n_estimators': 75}. Best is trial 61 with value: 292912.24510650634.
{'MSE - mean': 273561.86831897165, 'MSE - std': 0.0, 'R2 - mean': 0.9822077907330472, 'R2 - std': 0.0} 
 

{'MSE - mean': 278796.2862081176, 'MSE - std': 5234.4178891459305, 'R2 - mean': 0.9821505497259686, 'R2 - std': 5.7241007078545625e-05} 
 

{'MSE - mean': 292320.6809743528, 'MSE - std': 19598.076300445442, 'R2 - mean': 0.9814649142461372, 'R2 - std': 0.0009707607211194325} 
 

{'MSE - mean': 293875.40935013624, 'MSE - std': 17184.731216284992, 'R2 - mean': 0.9814925223539596, 'R2 - std': 0.0008420622934817995} 
 

{'MSE - mean': 294004.9699292562, 'MSE - std': 15372.67489265988, 'R2 - mean': 0.9815323897525359, 'R2 - std': 0.000757372274882046} 
 

Finished cross validation
Hyperparam was saved!!! Hurrah!!!
Trial 71 finished with value: 294004.9699292562 and parameters: {'max_depth': 12, 'n_estimators': 88}. Best is trial 61 with value: 292912.24510650634.
{'MSE - mean': 273263.2128195468, 'MSE - std': 0.0, 'R2 - mean': 0.9822272150087226, 'R2 - std': 0.0} 
 

{'MSE - mean': 278202.3449153739, 'MSE - std': 4939.132095827081, 'R2 - mean': 0.9821882924863399, 'R2 - std': 3.892252238274496e-05} 
 

{'MSE - mean': 291628.2347512788, 'MSE - std': 19410.625604164914, 'R2 - mean': 0.9815085560724395, 'R2 - std': 0.0009618176334057094} 
 

{'MSE - mean': 293354.3803331989, 'MSE - std': 17073.898953336455, 'R2 - mean': 0.9815253582920757, 'R2 - std': 0.0008334667442086288} 
 

{'MSE - mean': 294094.06516559236, 'MSE - std': 15342.847029807956, 'R2 - mean': 0.9815272096196999, 'R2 - std': 0.0007454845140023193} 
 

Finished cross validation
Hyperparam was saved!!! Hurrah!!!
Trial 72 finished with value: 294094.06516559236 and parameters: {'max_depth': 12, 'n_estimators': 89}. Best is trial 61 with value: 292912.24510650634.
{'MSE - mean': 281346.32584942447, 'MSE - std': 0.0, 'R2 - mean': 0.981701496861527, 'R2 - std': 0.0} 
 

{'MSE - mean': 286081.7716555492, 'MSE - std': 4735.445806124742, 'R2 - mean': 0.981683475214882, 'R2 - std': 1.8021646644938993e-05} 
 

{'MSE - mean': 298569.6313071879, 'MSE - std': 18078.797213307105, 'R2 - mean': 0.9810667701186718, 'R2 - std': 0.0008722768317540353} 
 

{'MSE - mean': 300295.2664191046, 'MSE - std': 15939.436349142017, 'R2 - mean': 0.9810869516181193, 'R2 - std': 0.0007562222108421442} 
 

{'MSE - mean': 300899.45856553415, 'MSE - std': 14307.784507110398, 'R2 - mean': 0.9810986149526245, 'R2 - std': 0.0006767878243762221} 
 

Finished cross validation
Hyperparam was saved!!! Hurrah!!!
