Trial 193 finished with value: 70.01500766395449 and parameters: {'max_depth': 4, 'n_estimators': 79}. Best is trial 193 with value: 70.01500766395449.
{'MSE - mean': 76.10040886894834, 'MSE - std': 0.0, 'R2 - mean': 0.5565376014902733, 'R2 - std': 0.0} 
 

{'MSE - mean': 72.89790578213865, 'MSE - std': 3.2025030868096778, 'R2 - mean': 0.5559411429042285, 'R2 - std': 0.0005964585860449012} 
 

{'MSE - mean': 68.80829680796703, 'MSE - std': 6.34721622476609, 'R2 - mean': 0.5681290290184059, 'R2 - std': 0.01724315258571447} 
 

{'MSE - mean': 71.66293236907106, 'MSE - std': 7.393388797642762, 'R2 - mean': 0.5559031812803167, 'R2 - std': 0.025911557113872937} 
 

{'MSE - mean': 70.17766367093438, 'MSE - std': 7.249403475676187, 'R2 - mean': 0.564150331428675, 'R2 - std': 0.02844624713263006} 
 

Finished cross validation
Hyperparam was saved!!! Hurrah!!!
Trial 194 finished with value: 70.17766367093438 and parameters: {'max_depth': 4, 'n_estimators': 80}. Best is trial 193 with value: 70.01500766395449.
{'MSE - mean': 76.2491981024602, 'MSE - std': 0.0, 'R2 - mean': 0.5556705571294576, 'R2 - std': 0.0} 
 

{'MSE - mean': 73.0986602364352, 'MSE - std': 3.1505378660249974, 'R2 - mean': 0.5547014474142733, 'R2 - std': 0.0009691097151842687} 
 

{'MSE - mean': 68.87741542209817, 'MSE - std': 6.5003903571482535, 'R2 - mean': 0.5677375405869768, 'R2 - std': 0.018452792909878384} 
 

{'MSE - mean': 71.71070098518638, 'MSE - std': 7.468187687952931, 'R2 - mean': 0.5556339572585579, 'R2 - std': 0.026360374860670745} 
 

{'MSE - mean': 70.18488240768917, 'MSE - std': 7.34381040058469, 'R2 - mean': 0.5641293452321737, 'R2 - std': 0.029061692268776987} 
 

Finished cross validation
Hyperparam was saved!!! Hurrah!!!
Trial 195 finished with value: 70.18488240768917 and parameters: {'max_depth': 4, 'n_estimators': 86}. Best is trial 193 with value: 70.01500766395449.
{'MSE - mean': 76.33850983296699, 'MSE - std': 0.0, 'R2 - mean': 0.5551501079648046, 'R2 - std': 0.0} 
 

{'MSE - mean': 73.5010297758061, 'MSE - std': 2.8374800571608816, 'R2 - mean': 0.5521590165380288, 'R2 - std': 0.002991091426775727} 
 

{'MSE - mean': 69.09931192422269, 'MSE - std': 6.642120806370508, 'R2 - mean': 0.5663541095349355, 'R2 - std': 0.02022290159688302} 
 

{'MSE - mean': 71.91530772402027, 'MSE - std': 7.541738767568645, 'R2 - mean': 0.5543675570257153, 'R2 - std': 0.02716167584882776} 
 

{'MSE - mean': 70.28572560057016, 'MSE - std': 7.491622687967597, 'R2 - mean': 0.5635103411644138, 'R2 - std': 0.030406698524515576} 
 

Finished cross validation
Hyperparam was saved!!! Hurrah!!!
Trial 196 finished with value: 70.28572560057016 and parameters: {'max_depth': 4, 'n_estimators': 76}. Best is trial 193 with value: 70.01500766395449.
{'MSE - mean': 76.04257891961625, 'MSE - std': 0.0, 'R2 - mean': 0.5568745958430983, 'R2 - std': 0.0} 
 

{'MSE - mean': 73.12540943111469, 'MSE - std': 2.9171694885015502, 'R2 - mean': 0.5544736942415632, 'R2 - std': 0.002400901601535055} 
 

{'MSE - mean': 68.93936507690289, 'MSE - std': 6.381158715621594, 'R2 - mean': 0.5672891905237255, 'R2 - std': 0.01822955774513106} 
 

{'MSE - mean': 71.79938172479261, 'MSE - std': 7.421487424639634, 'R2 - mean': 0.555044692450041, 'R2 - std': 0.026439001133112077} 
 

{'MSE - mean': 70.3169836208989, 'MSE - std': 7.269992918083081, 'R2 - mean': 0.5632743883950118, 'R2 - std': 0.028811945545555193} 
 

Finished cross validation
Hyperparam was saved!!! Hurrah!!!
Trial 197 finished with value: 70.3169836208989 and parameters: {'max_depth': 4, 'n_estimators': 100}. Best is trial 193 with value: 70.01500766395449.
{'MSE - mean': 76.14839678414238, 'MSE - std': 0.0, 'R2 - mean': 0.5562579599444825, 'R2 - std': 0.0} 
 

{'MSE - mean': 73.2690266538601, 'MSE - std': 2.8793701302822896, 'R2 - mean': 0.5535866591605717, 'R2 - std': 0.002671300783910757} 
 

{'MSE - mean': 69.19899858609463, 'MSE - std': 6.217510636064233, 'R2 - mean': 0.5655963185367509, 'R2 - std': 0.017123699033282657} 
 

{'MSE - mean': 71.9191923185741, 'MSE - std': 7.154819404348424, 'R2 - mean': 0.5542239778632059, 'R2 - std': 0.0246557538644092} 
 

{'MSE - mean': 70.39950904986331, 'MSE - std': 7.084553727361422, 'R2 - mean': 0.562701372478713, 'R2 - std': 0.02781707814933086} 
 

Finished cross validation
Hyperparam was saved!!! Hurrah!!!
Trial 198 finished with value: 70.39950904986331 and parameters: {'max_depth': 4, 'n_estimators': 80}. Best is trial 193 with value: 70.01500766395449.
{'MSE - mean': 76.31514767026496, 'MSE - std': 0.0, 'R2 - mean': 0.5552862470586701, 'R2 - std': 0.0} 
 

{'MSE - mean': 73.02223909646412, 'MSE - std': 3.292908573800851, 'R2 - mean': 0.5552072362486768, 'R2 - std': 7.901080999322962e-05} 
 

{'MSE - mean': 68.79662672017399, 'MSE - std': 6.552894868650558, 'R2 - mean': 0.5682752998783619, 'R2 - std': 0.018481145415379218} 
 

{'MSE - mean': 71.70011086738391, 'MSE - std': 7.582610628865779, 'R2 - mean': 0.555737633919042, 'R2 - std': 0.02697672617314353} 
 

{'MSE - mean': 70.21210180919456, 'MSE - std': 7.406312914548298, 'R2 - mean': 0.5639884466222085, 'R2 - std': 0.029231808788844234} 
 

Finished cross validation
Hyperparam was saved!!! Hurrah!!!
Trial 199 finished with value: 70.21210180919456 and parameters: {'max_depth': 4, 'n_estimators': 91}. Best is trial 193 with value: 70.01500766395449.
Best parameters After Trials: {'max_depth': 4, 'n_estimators': 79}
Saved Losses
{'MSE - mean': 76.11640940745666, 'MSE - std': 0.0, 'R2 - mean': 0.5564443610295478, 'R2 - std': 0.0} 
 

Saved Losses
{'MSE - mean': 73.44743898140149, 'MSE - std': 2.6689704260551608, 'R2 - mean': 0.5524395530972103, 'R2 - std': 0.004004807932337484} 
 

Saved Losses
{'MSE - mean': 69.0925774780638, 'MSE - std': 6.532883961157077, 'R2 - mean': 0.5663462702104506, 'R2 - std': 0.019937048079358585} 
 

Saved Losses
{'MSE - mean': 71.8367544530064, 'MSE - std': 7.389211828529014, 'R2 - mean': 0.5548021546516754, 'R2 - std': 0.02641806629358135} 
 

Saved Losses
{'MSE - mean': 70.3215399302584, 'MSE - std': 7.270753836933587, 'R2 - mean': 0.5632392902273526, 'R2 - std': 0.029035709191323082} 
 

Saving model.....
Results After CV: {'MSE - mean': 70.3215399302584, 'MSE - std': 7.270753836933587, 'R2 - mean': 0.5632392902273526, 'R2 - std': 0.029035709191323082}
Train time: 2.919576462599798
Inference time: 0.0654474119999577
Finished cross validation


----------------------------------------------------------------------------
Training RandomForest Vesion 1 with Dataset: config/allstate.yml 



----------------------------------------------------------------------------
Namespace(batch_size=128, cat_dims=None, cat_idx=None, config='config/allstate.yml', data_parallel=False, dataset='Allstate_Claims', direction='minimize', dropna_idx=[0], early_stopping_rounds=20, epochs=100, gpu_ids=[0, 1], logging_period=100, miss_cat_idx=None, miss_num_idx=None, model_name='RandomForest', n_trials=200, nominal_idx=[1, 2, 3, 4, 5, 6, 7, 8, 9, 10, 11, 12, 13, 14, 15, 16, 17, 18, 19, 20, 21, 22, 23, 24, 25, 26, 27, 28, 29, 30, 31, 32, 33, 34, 35, 36, 37, 38, 39, 40, 41, 42, 43, 44, 45, 46, 47, 48, 49, 50, 51, 52, 53, 54, 55, 56, 57, 58, 59, 60, 61, 62, 63, 64, 65, 66, 67, 68, 69, 70, 71, 72, 73, 74, 75, 76, 77, 78, 79, 80, 81, 82, 83, 84, 85, 86, 87, 88, 89, 90, 91, 92, 93, 94, 95, 96, 97, 98, 99, 100, 101, 102, 103, 104, 105, 106, 107, 108, 109, 110, 111, 112, 113, 114, 115, 116], num_classes=1, num_features=131, num_idx=None, num_splits=5, objective='regression', one_hot_encode=True, optimize_hyperparameters=True, ordinal_encode=False, ordinal_idx=None, scale=True, seed=221, shuffle=True, target_encode=False, use_gpu=True, val_batch_size=256)
Start hyperparameter optimization
Loading dataset Allstate_Claims...
Dataset loaded! 

(188318, 130)
Scaling the data...
One Hot Encoding...
New Shape: (188318, 1153)
A new study created in RDB with name: RandomForest_Allstate_Claims
{'MSE - mean': 4127119.1537531284, 'MSE - std': 0.0, 'R2 - mean': 0.5164436243154638, 'R2 - std': 0.0} 
 

{'MSE - mean': 4147126.2754115704, 'MSE - std': 20007.121658441843, 'R2 - mean': 0.49803309456985445, 'R2 - std': 0.018410529745609305} 
 

{'MSE - mean': 4292515.730959834, 'MSE - std': 206259.6523331965, 'R2 - mean': 0.4944474263197072, 'R2 - std': 0.015864397370933186} 
 

{'MSE - mean': 4380669.498510764, 'MSE - std': 234990.51754428074, 'R2 - mean': 0.4855898371428405, 'R2 - std': 0.020594416380067475} 
 

{'MSE - mean': 4321547.03187971, 'MSE - std': 241160.31786084422, 'R2 - mean': 0.48758859658709497, 'R2 - std': 0.01884898262751757} 
 

Finished cross validation
Hyperparam was saved!!! Hurrah!!!
Trial 0 finished with value: 4321547.03187971 and parameters: {'max_depth': 9, 'n_estimators': 96}. Best is trial 0 with value: 4321547.03187971.
{'MSE - mean': 4065089.229559033, 'MSE - std': 0.0, 'R2 - mean': 0.5237113973575884, 'R2 - std': 0.0} 
 

{'MSE - mean': 4091747.7690500133, 'MSE - std': 26658.53949098033, 'R2 - mean': 0.5047094175737686, 'R2 - std': 0.01900197978381979} 
 

{'MSE - mean': 4227394.89035803, 'MSE - std': 193064.93257493692, 'R2 - mean': 0.5020531907687737, 'R2 - std': 0.01596333002484998} 
 

{'MSE - mean': 4333944.968593815, 'MSE - std': 249026.72278046695, 'R2 - mean': 0.4910477144015644, 'R2 - std': 0.023547451227666185} 
 

{'MSE - mean': 4278425.721739103, 'MSE - std': 248879.47688044037, 'R2 - mean': 0.49266387268058914, 'R2 - std': 0.02130806978088102} 
 

Finished cross validation
Hyperparam was saved!!! Hurrah!!!
Trial 1 finished with value: 4278425.721739103 and parameters: {'max_depth': 10, 'n_estimators': 13}. Best is trial 1 with value: 4278425.721739103.
{'MSE - mean': 5185347.231848575, 'MSE - std': 0.0, 'R2 - mean': 0.3924557007717241, 'R2 - std': 0.0} 
 

{'MSE - mean': 5133066.182612837, 'MSE - std': 52281.04923573788, 'R2 - mean': 0.37899227325688495, 'R2 - std': 0.013463427514839144} 
 

{'MSE - mean': 5307591.117264924, 'MSE - std': 250479.76173087652, 'R2 - mean': 0.375062516558261, 'R2 - std': 0.01231781483809707} 
 

{'MSE - mean': 5367314.834632504, 'MSE - std': 240324.4692622355, 'R2 - mean': 0.369807665107288, 'R2 - std': 0.014022724881584594} 
 

{'MSE - mean': 5300919.278491396, 'MSE - std': 252662.14580361656, 'R2 - mean': 0.3714950489218559, 'R2 - std': 0.012988398940375682} 
 

Finished cross validation
Hyperparam was saved!!! Hurrah!!!
Trial 2 finished with value: 5300919.278491396 and parameters: {'max_depth': 4, 'n_estimators': 23}. Best is trial 1 with value: 4278425.721739103.
{'MSE - mean': 5563248.687786469, 'MSE - std': 0.0, 'R2 - mean': 0.348178651432584, 'R2 - std': 0.0} 
 

{'MSE - mean': 5434147.72762283, 'MSE - std': 129100.96016363893, 'R2 - mean': 0.3428512338089283, 'R2 - std': 0.005327417623655684} 
 

{'MSE - mean': 5640744.834116762, 'MSE - std': 310606.0217812567, 'R2 - mean': 0.33615351318790815, 'R2 - std': 0.010423043800111102} 
 

{'MSE - mean': 5657150.914791156, 'MSE - std': 270489.4711894866, 'R2 - mean': 0.3359708194523607, 'R2 - std': 0.009032165440651581} 
 

{'MSE - mean': 5575921.848006069, 'MSE - std': 291417.7214628493, 'R2 - mean': 0.3390994910170663, 'R2 - std': 0.01021852988824865} 
 

Finished cross validation
Hyperparam was saved!!! Hurrah!!!
Trial 3 finished with value: 5575921.848006069 and parameters: {'max_depth': 3, 'n_estimators': 33}. Best is trial 1 with value: 4278425.721739103.
{'MSE - mean': 4827748.0133486455, 'MSE - std': 0.0, 'R2 - mean': 0.43435402635997333, 'R2 - std': 0.0} 
 

{'MSE - mean': 4822985.607617406, 'MSE - std': 4762.40573123889, 'R2 - mean': 0.4163353562192614, 'R2 - std': 0.018018670140711956} 
 

{'MSE - mean': 4987825.340111687, 'MSE - std': 233151.0136295174, 'R2 - mean': 0.41260406497690955, 'R2 - std': 0.015629887537354822} 
 

{'MSE - mean': 5069865.0975158075, 'MSE - std': 246903.04119660897, 'R2 - mean': 0.4046750174277994, 'R2 - std': 0.019282879023395826} 
 

{'MSE - mean': 5010716.570129717, 'MSE - std': 250525.6126017464, 'R2 - mean': 0.4058398033360285, 'R2 - std': 0.017403747975444007} 
 

Finished cross validation
Hyperparam was saved!!! Hurrah!!!
Trial 4 finished with value: 5010716.570129717 and parameters: {'max_depth': 5, 'n_estimators': 26}. Best is trial 1 with value: 4278425.721739103.
{'MSE - mean': 6016300.758350851, 'MSE - std': 0.0, 'R2 - mean': 0.29509653553601156, 'R2 - std': 0.0} 
 

{'MSE - mean': 5837571.309988553, 'MSE - std': 178729.4483622983, 'R2 - mean': 0.2942198122776248, 'R2 - std': 0.0008767232583867801} 
 

{'MSE - mean': 6051937.673144293, 'MSE - std': 336455.0774073204, 'R2 - mean': 0.2878200408020573, 'R2 - std': 0.009078908469276772} 
 

{'MSE - mean': 6062745.9506647205, 'MSE - std': 291979.40154016024, 'R2 - mean': 0.28840052568935093, 'R2 - std': 0.007926589579274182} 
 

{'MSE - mean': 5976904.866237476, 'MSE - std': 312532.14849288965, 'R2 - mean': 0.2915962945459868, 'R2 - std': 0.009545491722629125} 
 

Finished cross validation
Hyperparam was saved!!! Hurrah!!!
Trial 5 finished with value: 5976904.866237476 and parameters: {'max_depth': 2, 'n_estimators': 9}. Best is trial 1 with value: 4278425.721739103.
{'MSE - mean': 5972671.231430598, 'MSE - std': 0.0, 'R2 - mean': 0.3002084150636969, 'R2 - std': 0.0} 
 

{'MSE - mean': 5816255.473730106, 'MSE - std': 156415.75770049123, 'R2 - mean': 0.2967134477106936, 'R2 - std': 0.0034949673530033087} 
 

{'MSE - mean': 6037630.961624733, 'MSE - std': 338119.5145494864, 'R2 - mean': 0.2894932209793439, 'R2 - std': 0.010602195337282747} 
 

{'MSE - mean': 6052139.716016522, 'MSE - std': 293896.4383101452, 'R2 - mean': 0.2896409928986767, 'R2 - std': 0.009185337179323084} 
 

{'MSE - mean': 5965572.629270923, 'MSE - std': 314762.6648628947, 'R2 - mean': 0.2929402421249261, 'R2 - std': 0.010537386635495196} 
 

Finished cross validation
Hyperparam was saved!!! Hurrah!!!
Trial 6 finished with value: 5965572.629270923 and parameters: {'max_depth': 2, 'n_estimators': 23}. Best is trial 1 with value: 4278425.721739103.
{'MSE - mean': 6014999.807533932, 'MSE - std': 0.0, 'R2 - mean': 0.2952489622139284, 'R2 - std': 0.0} 
 

{'MSE - mean': 5832913.995437527, 'MSE - std': 182085.81209640484, 'R2 - mean': 0.2947963860508415, 'R2 - std': 0.00045257616308685966} 
 

{'MSE - mean': 6047843.5533842305, 'MSE - std': 338368.0319851981, 'R2 - mean': 0.28831508797692174, 'R2 - std': 0.009173385392986361} 
 

{'MSE - mean': 6058174.744145514, 'MSE - std': 293581.15455490357, 'R2 - mean': 0.288946576443973, 'R2 - std': 0.008019325578142332} 
 

{'MSE - mean': 5971544.231042498, 'MSE - std': 314597.04170541756, 'R2 - mean': 0.29224350161080703, 'R2 - std': 0.009743024602525359} 
 

Finished cross validation
Hyperparam was saved!!! Hurrah!!!
Trial 7 finished with value: 5971544.231042498 and parameters: {'max_depth': 2, 'n_estimators': 67}. Best is trial 1 with value: 4278425.721739103.
{'MSE - mean': 5996712.395889778, 'MSE - std': 0.0, 'R2 - mean': 0.29739161769971834, 'R2 - std': 0.0} 
 

{'MSE - mean': 5829369.004113871, 'MSE - std': 167343.39177590702, 'R2 - mean': 0.2951685653832205, 'R2 - std': 0.002223052316497831} 
 

{'MSE - mean': 6044292.035439757, 'MSE - std': 333246.19423082075, 'R2 - mean': 0.2886961279904044, 'R2 - std': 0.009331641478098757} 
 

{'MSE - mean': 6056277.015207285, 'MSE - std': 289345.2759197541, 'R2 - mean': 0.28914315681809066, 'R2 - std': 0.008118445283745999} 
 

{'MSE - mean': 5971335.044611369, 'MSE - std': 309575.68449820584, 'R2 - mean': 0.29223913307581517, 'R2 - std': 0.00954293450746244} 
 

Finished cross validation
Hyperparam was saved!!! Hurrah!!!
Trial 8 finished with value: 5971335.044611369 and parameters: {'max_depth': 2, 'n_estimators': 57}. Best is trial 1 with value: 4278425.721739103.
{'MSE - mean': 6016579.024739175, 'MSE - std': 0.0, 'R2 - mean': 0.2950639322887584, 'R2 - std': 0.0} 
 

{'MSE - mean': 5830543.0402516555, 'MSE - std': 186035.98448752007, 'R2 - mean': 0.2950985515367207, 'R2 - std': 3.4619247962330846e-05} 
 

{'MSE - mean': 6047144.8962343605, 'MSE - std': 341914.6867955023, 'R2 - mean': 0.28841786635397726, 'R2 - std': 0.009447957875474578} 
 

{'MSE - mean': 6059196.450974294, 'MSE - std': 296841.6407780395, 'R2 - mean': 0.2888436443813065, 'R2 - std': 0.008215338812138291} 
 

{'MSE - mean': 5974023.204532953, 'MSE - std': 315451.8907809385, 'R2 - mean': 0.2919559832425498, 'R2 - std': 0.009630163352062196} 
 

Finished cross validation
Hyperparam was saved!!! Hurrah!!!
Trial 9 finished with value: 5974023.204532953 and parameters: {'max_depth': 2, 'n_estimators': 11}. Best is trial 1 with value: 4278425.721739103.
{'MSE - mean': 4144195.698841823, 'MSE - std': 0.0, 'R2 - mean': 0.5144428407314005, 'R2 - std': 0.0} 
 

{'MSE - mean': 4152516.093603286, 'MSE - std': 8320.394761463394, 'R2 - mean': 0.49742587104115277, 'R2 - std': 0.017016969690247685} 
 

{'MSE - mean': 4267739.151933395, 'MSE - std': 163091.56626839636, 'R2 - mean': 0.4972162818437253, 'R2 - std': 0.01389745876851456} 
 

{'MSE - mean': 4341252.686077869, 'MSE - std': 190162.7285987993, 'R2 - mean': 0.490092899791833, 'R2 - std': 0.017236073675248192} 
 

{'MSE - mean': 4281463.5649331, 'MSE - std': 207914.51778932562, 'R2 - mean': 0.49224678921535076, 'R2 - std': 0.01600695933604613} 
 

Finished cross validation
Hyperparam was saved!!! Hurrah!!!
Trial 10 finished with value: 4281463.5649331 and parameters: {'max_depth': 11, 'n_estimators': 5}. Best is trial 1 with value: 4278425.721739103.
{'MSE - mean': 4128443.1091244314, 'MSE - std': 0.0, 'R2 - mean': 0.5162885022952204, 'R2 - std': 0.0} 
 

{'MSE - mean': 4161536.7130001253, 'MSE - std': 33093.603875693865, 'R2 - mean': 0.4962386726819601, 'R2 - std': 0.020049829613260295} 
 

{'MSE - mean': 4272460.395355, 'MSE - std': 159179.93286210523, 'R2 - mean': 0.4965694059522215, 'R2 - std': 0.0163772977219268} 
 

{'MSE - mean': 4341915.136756772, 'MSE - std': 182963.30664657784, 'R2 - mean': 0.48994297768856687, 'R2 - std': 0.0182452888468381} 
 

{'MSE - mean': 4281668.036588013, 'MSE - std': 203222.31565017052, 'R2 - mean': 0.49216704238329384, 'R2 - std': 0.016914440787355867} 
 

Finished cross validation
Hyperparam was saved!!! Hurrah!!!
Trial 11 finished with value: 4281668.036588013 and parameters: {'max_depth': 12, 'n_estimators': 5}. Best is trial 1 with value: 4278425.721739103.
{'MSE - mean': 4395239.543171565, 'MSE - std': 0.0, 'R2 - mean': 0.48502913907182765, 'R2 - std': 0.0} 
 

{'MSE - mean': 4409270.511330983, 'MSE - std': 14030.968159417156, 'R2 - mean': 0.4663311528345474, 'R2 - std': 0.01869798623728025} 
 

{'MSE - mean': 4522728.596550849, 'MSE - std': 160862.4243937795, 'R2 - mean': 0.4671097143848207, 'R2 - std': 0.01530649456041919} 
 

{'MSE - mean': 4643216.080157541, 'MSE - std': 250916.80056146436, 'R2 - mean': 0.4546181082320443, 'R2 - std': 0.025373948345189645} 
 

{'MSE - mean': 4561335.775840538, 'MSE - std': 277821.758657204, 'R2 - mean': 0.45913754816513663, 'R2 - std': 0.024428899953432195} 
 

Finished cross validation
Hyperparam was saved!!! Hurrah!!!
Trial 12 finished with value: 4561335.775840538 and parameters: {'max_depth': 8, 'n_estimators': 5}. Best is trial 1 with value: 4278425.721739103.
{'MSE - mean': 4447749.765502409, 'MSE - std': 0.0, 'R2 - mean': 0.47887674757288057, 'R2 - std': 0.0} 
 

{'MSE - mean': 4447254.565772509, 'MSE - std': 495.19972989941016, 'R2 - mean': 0.4617902865699343, 'R2 - std': 0.01708646100294625} 
 

{'MSE - mean': 4584472.2249731915, 'MSE - std': 194055.49586362514, 'R2 - mean': 0.46000813487252196, 'R2 - std': 0.014176867157990698} 
 

{'MSE - mean': 4683334.823681799, 'MSE - std': 239926.22173579782, 'R2 - mean': 0.4500127066038557, 'R2 - std': 0.021224123789538224} 
 

{'MSE - mean': 4620959.14025669, 'MSE - std': 248222.83745080786, 'R2 - mean': 0.4520540675407447, 'R2 - std': 0.01941750144600326} 
 

Finished cross validation
Hyperparam was saved!!! Hurrah!!!
Trial 13 finished with value: 4620959.14025669 and parameters: {'max_depth': 7, 'n_estimators': 11}. Best is trial 1 with value: 4278425.721739103.
{'MSE - mean': 4072846.107560611, 'MSE - std': 0.0, 'R2 - mean': 0.522802558122923, 'R2 - std': 0.0} 
 

{'MSE - mean': 4062645.0359129473, 'MSE - std': 10201.0716476636, 'R2 - mean': 0.5083735744767495, 'R2 - std': 0.014428983646173454} 
 

{'MSE - mean': 4181366.855616139, 'MSE - std': 168104.4779964179, 'R2 - mean': 0.507474582643269, 'R2 - std': 0.011849616815507443} 
 

{'MSE - mean': 4274234.891621862, 'MSE - std': 216951.0382010572, 'R2 - mean': 0.49804733481179597, 'R2 - std': 0.019285462634684326} 
 

{'MSE - mean': 4214175.643715598, 'MSE - std': 228216.24704976074, 'R2 - mean': 0.5002987422015808, 'R2 - std': 0.017827467463612263} 
 

Finished cross validation
Hyperparam was saved!!! Hurrah!!!
Trial 14 finished with value: 4214175.643715598 and parameters: {'max_depth': 12, 'n_estimators': 8}. Best is trial 14 with value: 4214175.643715598.
{'MSE - mean': 4619815.082763627, 'MSE - std': 0.0, 'R2 - mean': 0.4587166121136994, 'R2 - std': 0.0} 
 

{'MSE - mean': 4623871.67738566, 'MSE - std': 4056.5946220331825, 'R2 - mean': 0.44039834066936956, 'R2 - std': 0.018318271444329848} 
 

{'MSE - mean': 4761214.3245420335, 'MSE - std': 194260.07334445242, 'R2 - mean': 0.43914692232630426, 'R2 - std': 0.015061146753954499} 
 

{'MSE - mean': 4861870.93715464, 'MSE - std': 242276.68699191263, 'R2 - mean': 0.4290119112500505, 'R2 - std': 0.021869704037903084} 
 

{'MSE - mean': 4799260.862414679, 'MSE - std': 250276.80732260484, 'R2 - mean': 0.430873302422511, 'R2 - std': 0.019911963041147777} 
 

Finished cross validation
Hyperparam was saved!!! Hurrah!!!
