[I 2025-05-05 04:50:25,171] A new study created in memory with name: XGBoost_Boston_outer1
[I 2025-05-05 04:50:26,493] Trial 0 finished with value: 0.0 and parameters: {'max_depth': 5, 'alpha': 0.11685350523229333, 'lambda': 0.39785659099394094, 'eta': 0.015029982147582171}. Best is trial 0 with value: 0.0.
[I 2025-05-05 04:50:27,488] Trial 1 finished with value: 0.0 and parameters: {'max_depth': 6, 'alpha': 0.007727978028471269, 'lambda': 8.923221519558717e-05, 'eta': 0.04275904689345256}. Best is trial 0 with value: 0.0.
[I 2025-05-05 04:50:28,330] Trial 2 finished with value: 0.0 and parameters: {'max_depth': 11, 'alpha': 1.7357585800513397e-08, 'lambda': 7.822344734972172e-06, 'eta': 0.04498199549335699}. Best is trial 0 with value: 0.0.
[I 2025-05-05 04:50:28,782] Trial 3 finished with value: 0.0 and parameters: {'max_depth': 5, 'alpha': 2.0680898847538157e-05, 'lambda': 0.00018518983767272873, 'eta': 0.24346933581203029}. Best is trial 0 with value: 0.0.
[I 2025-05-05 04:50:29,521] Trial 4 finished with value: 0.0 and parameters: {'max_depth': 4, 'alpha': 6.460728488148669e-05, 'lambda': 2.2643751367018695e-08, 'eta': 0.02384297768619162}. Best is trial 0 with value: 0.0.
[I 2025-05-05 04:50:29,702] A new study created in memory with name: XGBoost_Boston_outer2
[I 2025-05-05 04:50:30,538] Trial 0 finished with value: 0.0 and parameters: {'max_depth': 6, 'alpha': 0.09577503221654511, 'lambda': 7.997266888042899e-06, 'eta': 0.05027264524836668}. Best is trial 0 with value: 0.0.
[I 2025-05-05 04:50:31,248] Trial 1 finished with value: 0.0 and parameters: {'max_depth': 3, 'alpha': 3.861149544066979e-06, 'lambda': 0.019756748060608585, 'eta': 0.010541875448207193}. Best is trial 0 with value: 0.0.
[I 2025-05-05 04:50:32,141] Trial 2 finished with value: 0.0 and parameters: {'max_depth': 10, 'alpha': 1.8933568377049944e-06, 'lambda': 0.014641800817756812, 'eta': 0.04539629590987267}. Best is trial 0 with value: 0.0.
[I 2025-05-05 04:50:32,471] Trial 3 finished with value: 0.0 and parameters: {'max_depth': 3, 'alpha': 0.05475550236591201, 'lambda': 3.847735753033604e-05, 'eta': 0.29334376062736045}. Best is trial 0 with value: 0.0.
[I 2025-05-05 04:50:33,144] Trial 4 finished with value: 0.0 and parameters: {'max_depth': 3, 'alpha': 0.23927614722820062, 'lambda': 1.3301014535347048e-08, 'eta': 0.024775979900134085}. Best is trial 0 with value: 0.0.
[I 2025-05-05 04:50:33,351] A new study created in memory with name: XGBoost_Boston_outer3
[I 2025-05-05 04:50:34,250] Trial 0 finished with value: 0.0 and parameters: {'max_depth': 5, 'alpha': 8.24422588052698e-06, 'lambda': 1.3169857316068e-05, 'eta': 0.029332308004741056}. Best is trial 0 with value: 0.0.
[I 2025-05-05 04:50:34,840] Trial 1 finished with value: 0.0 and parameters: {'max_depth': 2, 'alpha': 4.8001149281816264e-08, 'lambda': 1.1442086037481701e-05, 'eta': 0.05702267359407891}. Best is trial 0 with value: 0.0.
[I 2025-05-05 04:50:35,752] Trial 2 finished with value: 0.0 and parameters: {'max_depth': 10, 'alpha': 3.525603494229736e-05, 'lambda': 4.7070850894797694e-06, 'eta': 0.061972824673333426}. Best is trial 0 with value: 0.0.
[I 2025-05-05 04:50:36,836] Trial 3 finished with value: 0.0 and parameters: {'max_depth': 7, 'alpha': 0.5466723842812331, 'lambda': 0.009266650722169957, 'eta': 0.014462655018713485}. Best is trial 0 with value: 0.0.
[I 2025-05-05 04:50:38,068] Trial 4 finished with value: 0.0 and parameters: {'max_depth': 11, 'alpha': 1.0265186400282812e-07, 'lambda': 1.8486832898495771e-07, 'eta': 0.025654042638898922}. Best is trial 0 with value: 0.0.
[I 2025-05-05 04:50:38,261] A new study created in memory with name: XGBoost_Boston_outer4
[I 2025-05-05 04:50:38,831] Trial 0 finished with value: 0.0 and parameters: {'max_depth': 2, 'alpha': 0.007037184986576749, 'lambda': 0.0068494579932005875, 'eta': 0.04165377918063687}. Best is trial 0 with value: 0.0.
[I 2025-05-05 04:50:39,487] Trial 1 finished with value: 0.0 and parameters: {'max_depth': 4, 'alpha': 0.0004173148123244229, 'lambda': 0.018386275629274456, 'eta': 0.056684875037289084}. Best is trial 0 with value: 0.0.
[I 2025-05-05 04:50:40,327] Trial 2 finished with value: 0.0 and parameters: {'max_depth': 10, 'alpha': 0.00024762896668967965, 'lambda': 8.453091451797942e-08, 'eta': 0.04275467894929585}. Best is trial 0 with value: 0.0.
[I 2025-05-05 04:50:41,087] Trial 3 finished with value: 0.0 and parameters: {'max_depth': 4, 'alpha': 0.03936870884080033, 'lambda': 3.9405546756678235e-07, 'eta': 0.013938963839862565}. Best is trial 0 with value: 0.0.
[I 2025-05-05 04:50:41,633] Trial 4 finished with value: 0.0 and parameters: {'max_depth': 4, 'alpha': 9.090251514770069e-08, 'lambda': 0.09068106935471323, 'eta': 0.10742430583798326}. Best is trial 0 with value: 0.0.
[I 2025-05-05 04:50:41,754] A new study created in memory with name: XGBoost_Boston_outer5
[I 2025-05-05 04:50:42,362] Trial 0 finished with value: 0.0 and parameters: {'max_depth': 2, 'alpha': 0.05928007063885151, 'lambda': 4.258479362435172e-05, 'eta': 0.039408034720349094}. Best is trial 0 with value: 0.0.
[I 2025-05-05 04:50:42,834] Trial 1 finished with value: 0.0 and parameters: {'max_depth': 2, 'alpha': 1.5638450515120044e-05, 'lambda': 0.231094086701222, 'eta': 0.12384095305983406}. Best is trial 0 with value: 0.0.
[I 2025-05-05 04:50:43,426] Trial 2 finished with value: 0.0 and parameters: {'max_depth': 2, 'alpha': 0.0007790843493986254, 'lambda': 2.4483746098355265e-07, 'eta': 0.0526404452128204}. Best is trial 0 with value: 0.0.
[I 2025-05-05 04:50:44,202] Trial 3 finished with value: 0.0 and parameters: {'max_depth': 4, 'alpha': 0.262547793927269, 'lambda': 0.9219442112493597, 'eta': 0.034669793200354015}. Best is trial 0 with value: 0.0.
[I 2025-05-05 04:50:44,830] Trial 4 finished with value: 0.0 and parameters: {'max_depth': 2, 'alpha': 0.003313728146594726, 'lambda': 4.256012016778749e-05, 'eta': 0.044903760569148875}. Best is trial 0 with value: 0.0.
Traceback (most recent call last):
  File "train.py", line 1194, in <module>
    main(arguments)
  File "train.py", line 1065, in main
    agg_scorer, avg_train_time, avg_test_time = nested_cross_validation(
  File "train.py", line 707, in nested_cross_validation
    best_hp_idx = best_loss_dict.index(min(best_loss_dict))
ValueError: min() arg is an empty sequence
srun: error: stud-000: task 0: Exited with exit code 1
[I 2025-05-05 04:50:49,549] A new study created in memory with name: XGBoost_Socmob_outer1
[I 2025-05-05 04:50:50,832] Trial 0 finished with value: 0.0 and parameters: {'max_depth': 3, 'alpha': 0.012450613904888138, 'lambda': 4.340702373077529e-06, 'eta': 0.02327846031042526}. Best is trial 0 with value: 0.0.
[I 2025-05-05 04:50:51,628] Trial 1 finished with value: 0.0 and parameters: {'max_depth': 2, 'alpha': 0.002072926735935671, 'lambda': 0.22201228853262717, 'eta': 0.015203725426716084}. Best is trial 0 with value: 0.0.
[I 2025-05-05 04:50:55,195] Trial 2 finished with value: 0.0 and parameters: {'max_depth': 11, 'alpha': 0.02013467669553441, 'lambda': 1.529806929281258e-06, 'eta': 0.023760542675334492}. Best is trial 0 with value: 0.0.
[I 2025-05-05 04:50:56,249] Trial 3 finished with value: 0.0 and parameters: {'max_depth': 4, 'alpha': 1.1922227996277918e-06, 'lambda': 0.07005561474160306, 'eta': 0.025848419597360995}. Best is trial 0 with value: 0.0.
[I 2025-05-05 04:50:56,998] Trial 4 finished with value: 0.0 and parameters: {'max_depth': 2, 'alpha': 0.07588433678574542, 'lambda': 1.1842176142721368e-05, 'eta': 0.1100701655559691}. Best is trial 0 with value: 0.0.
[I 2025-05-05 04:50:57,185] A new study created in memory with name: XGBoost_Socmob_outer2
[I 2025-05-05 04:50:57,947] Trial 0 finished with value: 0.0 and parameters: {'max_depth': 2, 'alpha': 1.4104229768191955e-05, 'lambda': 0.0018528045350916286, 'eta': 0.1495725177934312}. Best is trial 0 with value: 0.0.
[I 2025-05-05 04:50:58,615] Trial 1 finished with value: 0.0 and parameters: {'max_depth': 4, 'alpha': 1.1690902025785176e-06, 'lambda': 0.47387152782802616, 'eta': 0.18617991043193094}. Best is trial 0 with value: 0.0.
[I 2025-05-05 04:50:59,869] Trial 2 finished with value: 0.0 and parameters: {'max_depth': 5, 'alpha': 1.2495866429056115e-07, 'lambda': 0.09209606207112306, 'eta': 0.03201890900375013}. Best is trial 0 with value: 0.0.
[I 2025-05-05 04:51:00,564] Trial 3 finished with value: 0.0 and parameters: {'max_depth': 4, 'alpha': 5.381681633410307e-06, 'lambda': 0.6055527300923823, 'eta': 0.2813155179585483}. Best is trial 0 with value: 0.0.
[I 2025-05-05 04:51:01,513] Trial 4 finished with value: 0.0 and parameters: {'max_depth': 5, 'alpha': 0.1274356865164031, 'lambda': 2.735863869033184e-07, 'eta': 0.1363832275581942}. Best is trial 0 with value: 0.0.
[I 2025-05-05 04:51:01,668] A new study created in memory with name: XGBoost_Socmob_outer3
[I 2025-05-05 04:51:05,589] Trial 0 finished with value: 0.0 and parameters: {'max_depth': 11, 'alpha': 1.2053387295477997e-08, 'lambda': 2.258714826397263e-06, 'eta': 0.02407984168060797}. Best is trial 0 with value: 0.0.
[I 2025-05-05 04:51:06,797] Trial 1 finished with value: 0.0 and parameters: {'max_depth': 5, 'alpha': 0.01834072420840632, 'lambda': 0.0012026125769144746, 'eta': 0.043172990815463184}. Best is trial 0 with value: 0.0.
[I 2025-05-05 04:51:07,998] Trial 2 finished with value: 0.0 and parameters: {'max_depth': 5, 'alpha': 2.6937105722209104e-07, 'lambda': 4.998256805242598e-06, 'eta': 0.025670943079384872}. Best is trial 0 with value: 0.0.
[I 2025-05-05 04:51:09,212] Trial 3 finished with value: 0.0 and parameters: {'max_depth': 5, 'alpha': 0.020550641412230414, 'lambda': 7.109406529054162e-07, 'eta': 0.011322342022628627}. Best is trial 0 with value: 0.0.
[I 2025-05-05 04:51:10,427] Trial 4 finished with value: 0.0 and parameters: {'max_depth': 5, 'alpha': 0.00010010806102118229, 'lambda': 4.749020505969581e-07, 'eta': 0.015467402411743696}. Best is trial 0 with value: 0.0.
[I 2025-05-05 04:51:11,302] A new study created in memory with name: XGBoost_Socmob_outer4
[I 2025-05-05 04:51:12,014] Trial 0 finished with value: 0.0 and parameters: {'max_depth': 2, 'alpha': 0.20475773471033687, 'lambda': 0.00014363402716608523, 'eta': 0.05308529518846343}. Best is trial 0 with value: 0.0.
[I 2025-05-05 04:51:12,551] Trial 1 finished with value: 0.0 and parameters: {'max_depth': 2, 'alpha': 0.00018987270500712676, 'lambda': 1.0309449024258494e-05, 'eta': 0.22458812919096216}. Best is trial 0 with value: 0.0.
[I 2025-05-05 04:51:13,435] Trial 2 finished with value: 0.0 and parameters: {'max_depth': 3, 'alpha': 0.0001454313344238771, 'lambda': 5.135907747051146e-07, 'eta': 0.06664361886853633}. Best is trial 0 with value: 0.0.
[I 2025-05-05 04:51:16,227] Trial 3 finished with value: 0.0 and parameters: {'max_depth': 12, 'alpha': 8.3225799862166e-06, 'lambda': 0.00013222138168094265, 'eta': 0.0765836077431418}. Best is trial 0 with value: 0.0.
[I 2025-05-05 04:51:16,812] Trial 4 finished with value: 0.0 and parameters: {'max_depth': 4, 'alpha': 1.923573188954433e-06, 'lambda': 8.661373594613878e-07, 'eta': 0.2594648105574892}. Best is trial 0 with value: 0.0.
[I 2025-05-05 04:51:16,959] A new study created in memory with name: XGBoost_Socmob_outer5
[I 2025-05-05 04:51:18,434] Trial 0 finished with value: 0.0 and parameters: {'max_depth': 6, 'alpha': 0.015918279202468077, 'lambda': 0.003544820315262004, 'eta': 0.05653131995192215}. Best is trial 0 with value: 0.0.
[I 2025-05-05 04:51:19,308] Trial 1 finished with value: 0.0 and parameters: {'max_depth': 3, 'alpha': 6.327239830748226e-06, 'lambda': 1.1305429383622687e-05, 'eta': 0.021534101984626738}. Best is trial 0 with value: 0.0.
[I 2025-05-05 04:51:20,329] Trial 2 finished with value: 0.0 and parameters: {'max_depth': 4, 'alpha': 7.282793985266384e-08, 'lambda': 1.2618478458772765e-07, 'eta': 0.054432410355585666}. Best is trial 0 with value: 0.0.
[I 2025-05-05 04:51:23,875] Trial 3 finished with value: 0.0 and parameters: {'max_depth': 10, 'alpha': 5.936334491527799e-05, 'lambda': 6.868251210750817e-06, 'eta': 0.019936464354131028}. Best is trial 0 with value: 0.0.
[I 2025-05-05 04:51:24,635] Trial 4 finished with value: 0.0 and parameters: {'max_depth': 4, 'alpha': 4.5653629391644723e-07, 'lambda': 1.465838380774671e-08, 'eta': 0.14139432051257828}. Best is trial 0 with value: 0.0.
Traceback (most recent call last):
  File "train.py", line 1194, in <module>
    main(arguments)
  File "train.py", line 1065, in main
    agg_scorer, avg_train_time, avg_test_time = nested_cross_validation(
  File "train.py", line 707, in nested_cross_validation
    best_hp_idx = best_loss_dict.index(min(best_loss_dict))
ValueError: min() arg is an empty sequence
srun: error: stud-000: task 0: Exited with exit code 1
[I 2025-05-05 04:51:34,506] A new study created in memory with name: XGBoost_Sensory_outer1
[I 2025-05-05 04:51:35,762] Trial 0 finished with value: 0.0 and parameters: {'max_depth': 5, 'alpha': 0.007444641902973297, 'lambda': 1.1016783416872463e-07, 'eta': 0.01184619520419253}. Best is trial 0 with value: 0.0.
[I 2025-05-05 04:51:36,207] Trial 1 finished with value: 0.0 and parameters: {'max_depth': 6, 'alpha': 0.0014443313124926941, 'lambda': 0.6452005880396129, 'eta': 0.23707642396902168}. Best is trial 0 with value: 0.0.
[I 2025-05-05 04:51:36,820] Trial 2 finished with value: 0.0 and parameters: {'max_depth': 2, 'alpha': 0.002390374076633789, 'lambda': 9.019557884644128e-08, 'eta': 0.05790986321918192}. Best is trial 0 with value: 0.0.
[I 2025-05-05 04:51:37,271] Trial 3 finished with value: 0.0 and parameters: {'max_depth': 5, 'alpha': 0.8372154662289295, 'lambda': 0.8694270056813593, 'eta': 0.10236659683347422}. Best is trial 0 with value: 0.0.
[I 2025-05-05 04:51:37,634] Trial 4 finished with value: 0.0 and parameters: {'max_depth': 2, 'alpha': 0.3735606713783299, 'lambda': 5.301613300541182e-06, 'eta': 0.2187862107001566}. Best is trial 0 with value: 0.0.
[I 2025-05-05 04:51:37,870] A new study created in memory with name: XGBoost_Sensory_outer2
[I 2025-05-05 04:51:38,230] Trial 0 finished with value: 0.0 and parameters: {'max_depth': 3, 'alpha': 0.37843026144255737, 'lambda': 0.7863970560609878, 'eta': 0.28523456991778806}. Best is trial 0 with value: 0.0.
[I 2025-05-05 04:51:38,614] Trial 1 finished with value: 0.0 and parameters: {'max_depth': 4, 'alpha': 3.984369551755648e-06, 'lambda': 1.3436574953919322e-05, 'eta': 0.10080419927105351}. Best is trial 0 with value: 0.0.
[I 2025-05-05 04:51:39,383] Trial 2 finished with value: 0.0 and parameters: {'max_depth': 5, 'alpha': 5.076795680207863e-06, 'lambda': 6.976188882742641e-05, 'eta': 0.024343901732993656}. Best is trial 0 with value: 0.0.
[I 2025-05-05 04:51:39,806] Trial 3 finished with value: 0.0 and parameters: {'max_depth': 5, 'alpha': 5.611227495538538e-07, 'lambda': 0.009062451088972117, 'eta': 0.1356766508185891}. Best is trial 0 with value: 0.0.
[I 2025-05-05 04:51:40,458] Trial 4 finished with value: 0.0 and parameters: {'max_depth': 8, 'alpha': 4.526612530551217e-07, 'lambda': 1.7472433063021533e-06, 'eta': 0.039354236818698964}. Best is trial 0 with value: 0.0.
[I 2025-05-05 04:51:40,533] A new study created in memory with name: XGBoost_Sensory_outer3
[I 2025-05-05 04:51:41,330] Trial 0 finished with value: 0.0 and parameters: {'max_depth': 5, 'alpha': 3.3273972607075502e-06, 'lambda': 1.010383870168625e-06, 'eta': 0.01852113110215173}. Best is trial 0 with value: 0.0.
[I 2025-05-05 04:51:41,868] Trial 1 finished with value: 0.0 and parameters: {'max_depth': 3, 'alpha': 3.454087296271154e-08, 'lambda': 3.841921871030418e-08, 'eta': 0.0940052833090154}. Best is trial 0 with value: 0.0.
[I 2025-05-05 04:51:42,463] Trial 2 finished with value: 0.0 and parameters: {'max_depth': 3, 'alpha': 0.006691479210379279, 'lambda': 1.910080447479029e-07, 'eta': 0.0699077017026459}. Best is trial 0 with value: 0.0.
[I 2025-05-05 04:51:43,140] Trial 3 finished with value: 0.0 and parameters: {'max_depth': 3, 'alpha': 1.0257769433094579e-08, 'lambda': 2.2851216372130264e-05, 'eta': 0.033250458271907084}. Best is trial 0 with value: 0.0.
[I 2025-05-05 04:51:43,607] Trial 4 finished with value: 0.0 and parameters: {'max_depth': 2, 'alpha': 1.458757877583302e-05, 'lambda': 8.02940558117237e-05, 'eta': 0.1313545175706918}. Best is trial 0 with value: 0.0.
[I 2025-05-05 04:51:43,796] A new study created in memory with name: XGBoost_Sensory_outer4
[I 2025-05-05 04:51:44,604] Trial 0 finished with value: 0.0 and parameters: {'max_depth': 9, 'alpha': 0.021195913065101206, 'lambda': 0.735738079676394, 'eta': 0.03203165143173455}. Best is trial 0 with value: 0.0.
[I 2025-05-05 04:51:45,888] Trial 1 finished with value: 0.0 and parameters: {'max_depth': 11, 'alpha': 0.0391940768128858, 'lambda': 0.001879168091077171, 'eta': 0.010436332348824766}. Best is trial 0 with value: 0.0.
[I 2025-05-05 04:51:46,528] Trial 2 finished with value: 0.0 and parameters: {'max_depth': 3, 'alpha': 1.561615120220408e-08, 'lambda': 2.5372884065475185e-05, 'eta': 0.02034322152360709}. Best is trial 0 with value: 0.0.
[I 2025-05-05 04:51:47,052] Trial 3 finished with value: 0.0 and parameters: {'max_depth': 2, 'alpha': 6.37925529009656e-07, 'lambda': 0.001302804606272502, 'eta': 0.06122329506312504}. Best is trial 0 with value: 0.0.
[I 2025-05-05 04:51:47,389] Trial 4 finished with value: 0.0 and parameters: {'max_depth': 3, 'alpha': 2.6863232045981427e-08, 'lambda': 1.667110552484807e-05, 'eta': 0.18570962431851068}. Best is trial 0 with value: 0.0.
[I 2025-05-05 04:51:47,542] A new study created in memory with name: XGBoost_Sensory_outer5
[I 2025-05-05 04:51:48,153] Trial 0 finished with value: 0.0 and parameters: {'max_depth': 2, 'alpha': 0.0060820315226052775, 'lambda': 0.10663196743344444, 'eta': 0.03184635513671774}. Best is trial 0 with value: 0.0.
[I 2025-05-05 04:51:48,852] Trial 1 finished with value: 0.0 and parameters: {'max_depth': 3, 'alpha': 0.004313040334479256, 'lambda': 1.1399344890174596e-06, 'eta': 0.014606900368155706}. Best is trial 0 with value: 0.0.
[I 2025-05-05 04:51:49,516] Trial 2 finished with value: 0.0 and parameters: {'max_depth': 2, 'alpha': 0.2832180205336362, 'lambda': 2.0032822991161553e-08, 'eta': 0.016447283840936185}. Best is trial 0 with value: 0.0.
[I 2025-05-05 04:51:49,987] Trial 3 finished with value: 0.0 and parameters: {'max_depth': 3, 'alpha': 2.306139523362713e-08, 'lambda': 0.004401865012264087, 'eta': 0.09761676285090001}. Best is trial 0 with value: 0.0.
[I 2025-05-05 04:51:50,631] Trial 4 finished with value: 0.0 and parameters: {'max_depth': 12, 'alpha': 0.024220547915885182, 'lambda': 0.00015013104728240506, 'eta': 0.14785831627467041}. Best is trial 0 with value: 0.0.
Traceback (most recent call last):
  File "train.py", line 1194, in <module>
    main(arguments)
  File "train.py", line 1065, in main
    agg_scorer, avg_train_time, avg_test_time = nested_cross_validation(
  File "train.py", line 707, in nested_cross_validation
    best_hp_idx = best_loss_dict.index(min(best_loss_dict))
ValueError: min() arg is an empty sequence
srun: error: stud-000: task 0: Exited with exit code 1
[I 2025-05-05 04:51:55,260] A new study created in memory with name: XGBoost_Moneyball_outer1
[I 2025-05-05 04:51:57,808] Trial 0 finished with value: 0.0 and parameters: {'max_depth': 9, 'alpha': 8.184763056425477e-08, 'lambda': 0.0039896508296427685, 'eta': 0.05707688982791187}. Best is trial 0 with value: 0.0.
[I 2025-05-05 04:51:58,572] Trial 1 finished with value: 0.0 and parameters: {'max_depth': 2, 'alpha': 0.12562909951621584, 'lambda': 4.016348776217504e-06, 'eta': 0.035094933662976203}. Best is trial 0 with value: 0.0.
[I 2025-05-05 04:52:00,814] Trial 2 finished with value: 0.0 and parameters: {'max_depth': 8, 'alpha': 0.003159965359312749, 'lambda': 1.5417524270355435e-07, 'eta': 0.03287198436999856}. Best is trial 0 with value: 0.0.
[I 2025-05-05 04:52:02,694] Trial 3 finished with value: 0.0 and parameters: {'max_depth': 7, 'alpha': 0.001108445195105041, 'lambda': 0.00014108503339258652, 'eta': 0.05214704774642359}. Best is trial 0 with value: 0.0.
[I 2025-05-05 04:52:03,782] Trial 4 finished with value: 0.0 and parameters: {'max_depth': 4, 'alpha': 1.949493460799554e-08, 'lambda': 1.5050836944610301e-05, 'eta': 0.03057073616848961}. Best is trial 0 with value: 0.0.
[I 2025-05-05 04:52:04,347] A new study created in memory with name: XGBoost_Moneyball_outer2
[I 2025-05-05 04:52:05,420] Trial 0 finished with value: 0.0 and parameters: {'max_depth': 4, 'alpha': 0.032493952881519614, 'lambda': 6.082487462921436e-08, 'eta': 0.013470691021924774}. Best is trial 0 with value: 0.0.
[I 2025-05-05 04:52:06,807] Trial 1 finished with value: 0.0 and parameters: {'max_depth': 6, 'alpha': 1.993937951826147e-06, 'lambda': 5.471426213405645e-06, 'eta': 0.08606606918123044}. Best is trial 0 with value: 0.0.
[I 2025-05-05 04:52:07,716] Trial 2 finished with value: 0.0 and parameters: {'max_depth': 3, 'alpha': 3.6205880637465857e-07, 'lambda': 0.003475476703923636, 'eta': 0.017839558404200033}. Best is trial 0 with value: 0.0.
[I 2025-05-05 04:52:08,457] Trial 3 finished with value: 0.0 and parameters: {'max_depth': 2, 'alpha': 7.661851080887196e-06, 'lambda': 3.324093049808093e-05, 'eta': 0.01986550328416099}. Best is trial 0 with value: 0.0.
[I 2025-05-05 04:52:10,032] Trial 4 finished with value: 0.0 and parameters: {'max_depth': 6, 'alpha': 1.5465391876828515e-05, 'lambda': 3.039157210277582e-05, 'eta': 0.04514728809858365}. Best is trial 0 with value: 0.0.
[I 2025-05-05 04:52:10,246] A new study created in memory with name: XGBoost_Moneyball_outer3
[I 2025-05-05 04:52:11,923] Trial 0 finished with value: 0.0 and parameters: {'max_depth': 7, 'alpha': 0.00016704190317964865, 'lambda': 0.00020722988991859963, 'eta': 0.07202552094088013}. Best is trial 0 with value: 0.0.
