[I 2025-05-05 04:52:12,834] Trial 1 finished with value: 0.0 and parameters: {'max_depth': 3, 'alpha': 0.054952566959260464, 'lambda': 1.9603295882984196e-05, 'eta': 0.016174258550838518}. Best is trial 0 with value: 0.0.
[I 2025-05-05 04:52:13,938] Trial 2 finished with value: 0.0 and parameters: {'max_depth': 4, 'alpha': 0.22656092272914716, 'lambda': 0.00048672732463870053, 'eta': 0.0504013087525516}. Best is trial 0 with value: 0.0.
[I 2025-05-05 04:52:15,088] Trial 3 finished with value: 0.0 and parameters: {'max_depth': 11, 'alpha': 9.100351764526357e-08, 'lambda': 2.22458497113665e-06, 'eta': 0.13062891854869077}. Best is trial 0 with value: 0.0.
[I 2025-05-05 04:52:16,957] Trial 4 finished with value: 0.0 and parameters: {'max_depth': 11, 'alpha': 1.0710628430683469e-08, 'lambda': 0.006197416602371298, 'eta': 0.057512585807341955}. Best is trial 0 with value: 0.0.
[I 2025-05-05 04:52:17,355] A new study created in memory with name: XGBoost_Moneyball_outer4
[I 2025-05-05 04:52:18,655] Trial 0 finished with value: 0.0 and parameters: {'max_depth': 5, 'alpha': 0.2803754518404606, 'lambda': 0.007462463249003054, 'eta': 0.01589046709540645}. Best is trial 0 with value: 0.0.
[I 2025-05-05 04:52:19,408] Trial 1 finished with value: 0.0 and parameters: {'max_depth': 2, 'alpha': 3.0637518372531115e-06, 'lambda': 4.5529836336501117e-07, 'eta': 0.044179670937319344}. Best is trial 0 with value: 0.0.
[I 2025-05-05 04:52:20,168] Trial 2 finished with value: 0.0 and parameters: {'max_depth': 2, 'alpha': 1.4477923249228835e-06, 'lambda': 0.026192845994675223, 'eta': 0.03938226462808671}. Best is trial 0 with value: 0.0.
[I 2025-05-05 04:52:21,460] Trial 3 finished with value: 0.0 and parameters: {'max_depth': 5, 'alpha': 7.611910468400276e-08, 'lambda': 0.00022112187308417048, 'eta': 0.02072870013794552}. Best is trial 0 with value: 0.0.
[I 2025-05-05 04:52:22,089] Trial 4 finished with value: 0.0 and parameters: {'max_depth': 5, 'alpha': 1.3475547068688245e-08, 'lambda': 0.2786499649859371, 'eta': 0.2701773898154983}. Best is trial 0 with value: 0.0.
[I 2025-05-05 04:52:22,360] A new study created in memory with name: XGBoost_Moneyball_outer5
[I 2025-05-05 04:52:24,807] Trial 0 finished with value: 0.0 and parameters: {'max_depth': 9, 'alpha': 0.0002477308093454266, 'lambda': 0.0034900260965566423, 'eta': 0.02998856565804702}. Best is trial 0 with value: 0.0.
[I 2025-05-05 04:52:25,890] Trial 1 finished with value: 0.0 and parameters: {'max_depth': 4, 'alpha': 7.666020911755271e-07, 'lambda': 0.0016951236628191218, 'eta': 0.017513003776155927}. Best is trial 0 with value: 0.0.
[I 2025-05-05 04:52:27,170] Trial 2 finished with value: 0.0 and parameters: {'max_depth': 5, 'alpha': 0.24497689267385367, 'lambda': 1.8381967455458174e-07, 'eta': 0.03678018030914268}. Best is trial 0 with value: 0.0.
[I 2025-05-05 04:52:27,902] Trial 3 finished with value: 0.0 and parameters: {'max_depth': 2, 'alpha': 6.530822716871865e-08, 'lambda': 4.6937160873214064e-07, 'eta': 0.018968255588501695}. Best is trial 0 with value: 0.0.
[I 2025-05-05 04:52:29,760] Trial 4 finished with value: 0.0 and parameters: {'max_depth': 7, 'alpha': 4.29912766491978e-08, 'lambda': 0.027298695160391576, 'eta': 0.02441267573905955}. Best is trial 0 with value: 0.0.
Traceback (most recent call last):
  File "train.py", line 1194, in <module>
    main(arguments)
  File "train.py", line 1065, in main
    agg_scorer, avg_train_time, avg_test_time = nested_cross_validation(
  File "train.py", line 707, in nested_cross_validation
    best_hp_idx = best_loss_dict.index(min(best_loss_dict))
ValueError: min() arg is an empty sequence
srun: error: stud-000: task 0: Exited with exit code 1
[I 2025-05-05 04:52:36,158] A new study created in memory with name: XGBoost_Black_Friday_outer1
[W 2025-05-05 04:52:36,856] Trial 0 failed with parameters: {'max_depth': 6, 'alpha': 0.038694787619193226, 'lambda': 8.209429542902616e-08, 'eta': 0.1854820027923947} because of the following error: TypeError('encoding without a string argument').
Traceback (most recent call last):
  File "/home/mburu/.local/lib/python3.8/site-packages/optuna/study/_optimize.py", line 197, in _run_trial
    value_or_values = func(trial)
  File "train.py", line 1026, in __call__
    inner_sc, avg_score, time = evaluate_hyperparameters_cv(
  File "train.py", line 353, in evaluate_hyperparameters_cv
    _,_ = curr_model.fit(X_train_inner_proc, y_train_inner_proc, X_val_inner_proc, y_val_inner_proc)
  File "/home/mburu/Master_Thesis/master-thesis-da/DNN_Trial/models/tree_models.py", line 47, in fit
    train = xgb.DMatrix(X, label=y, enable_categorical=True, feature_types=feature_types)
  File "/home/mburu/anaconda3/envs/TabSurvey/lib/python3.8/site-packages/xgboost/core.py", line 726, in inner_f
    return func(**kwargs)
  File "/home/mburu/anaconda3/envs/TabSurvey/lib/python3.8/site-packages/xgboost/core.py", line 904, in __init__
    self.feature_types = feature_types
  File "/home/mburu/anaconda3/envs/TabSurvey/lib/python3.8/site-packages/xgboost/core.py", line 1417, in feature_types
    feature_types_bytes = [bytes(f, encoding="utf-8") for f in feature_types]
  File "/home/mburu/anaconda3/envs/TabSurvey/lib/python3.8/site-packages/xgboost/core.py", line 1417, in <listcomp>
    feature_types_bytes = [bytes(f, encoding="utf-8") for f in feature_types]
TypeError: encoding without a string argument
[W 2025-05-05 04:52:36,858] Trial 0 failed with value None.
Traceback (most recent call last):
  File "train.py", line 1194, in <module>
    main(arguments)
  File "train.py", line 1065, in main
    agg_scorer, avg_train_time, avg_test_time = nested_cross_validation(
  File "train.py", line 512, in nested_cross_validation
    study.optimize(objective, n_trials=args.n_trials, n_jobs=1) # n_jobs=1 unless Objective and preprocessing are thread-safe
  File "/home/mburu/.local/lib/python3.8/site-packages/optuna/study/study.py", line 475, in optimize
    _optimize(
  File "/home/mburu/.local/lib/python3.8/site-packages/optuna/study/_optimize.py", line 63, in _optimize
    _optimize_sequential(
  File "/home/mburu/.local/lib/python3.8/site-packages/optuna/study/_optimize.py", line 160, in _optimize_sequential
    frozen_trial = _run_trial(study, func, catch)
  File "/home/mburu/.local/lib/python3.8/site-packages/optuna/study/_optimize.py", line 248, in _run_trial
    raise func_err
  File "/home/mburu/.local/lib/python3.8/site-packages/optuna/study/_optimize.py", line 197, in _run_trial
    value_or_values = func(trial)
  File "train.py", line 1026, in __call__
    inner_sc, avg_score, time = evaluate_hyperparameters_cv(
  File "train.py", line 353, in evaluate_hyperparameters_cv
    _,_ = curr_model.fit(X_train_inner_proc, y_train_inner_proc, X_val_inner_proc, y_val_inner_proc)
  File "/home/mburu/Master_Thesis/master-thesis-da/DNN_Trial/models/tree_models.py", line 47, in fit
    train = xgb.DMatrix(X, label=y, enable_categorical=True, feature_types=feature_types)
  File "/home/mburu/anaconda3/envs/TabSurvey/lib/python3.8/site-packages/xgboost/core.py", line 726, in inner_f
    return func(**kwargs)
  File "/home/mburu/anaconda3/envs/TabSurvey/lib/python3.8/site-packages/xgboost/core.py", line 904, in __init__
    self.feature_types = feature_types
  File "/home/mburu/anaconda3/envs/TabSurvey/lib/python3.8/site-packages/xgboost/core.py", line 1417, in feature_types
    feature_types_bytes = [bytes(f, encoding="utf-8") for f in feature_types]
  File "/home/mburu/anaconda3/envs/TabSurvey/lib/python3.8/site-packages/xgboost/core.py", line 1417, in <listcomp>
    feature_types_bytes = [bytes(f, encoding="utf-8") for f in feature_types]
TypeError: encoding without a string argument
srun: error: stud-000: task 0: Exited with exit code 1
