[I 2025-05-05 04:52:25,003] A new study created in memory with name: XGBoost_SAT11_outer1
[I 2025-05-05 04:52:26,939] Trial 0 finished with value: 0.0 and parameters: {'max_depth': 6, 'alpha': 0.44523913586671604, 'lambda': 0.26199342786802776, 'eta': 0.16171992791212725}. Best is trial 0 with value: 0.0.
[I 2025-05-05 04:52:28,000] Trial 1 finished with value: 0.0 and parameters: {'max_depth': 2, 'alpha': 4.653906167891801e-08, 'lambda': 0.00015874025278136785, 'eta': 0.03258261210813685}. Best is trial 0 with value: 0.0.
[I 2025-05-05 04:52:29,220] Trial 2 finished with value: 0.0 and parameters: {'max_depth': 3, 'alpha': 0.7356304845806869, 'lambda': 6.518704486262094e-07, 'eta': 0.04401156363849611}. Best is trial 0 with value: 0.0.
[I 2025-05-05 04:52:32,751] Trial 3 finished with value: 0.0 and parameters: {'max_depth': 9, 'alpha': 8.129754858294429e-08, 'lambda': 1.659823286940129e-05, 'eta': 0.024799710496979228}. Best is trial 0 with value: 0.0.
[I 2025-05-05 04:52:35,685] Trial 4 finished with value: 0.0 and parameters: {'max_depth': 7, 'alpha': 2.353502383403644e-06, 'lambda': 0.017034746052344077, 'eta': 0.019784646906129476}. Best is trial 0 with value: 0.0.
[I 2025-05-05 04:52:35,947] A new study created in memory with name: XGBoost_SAT11_outer2
[I 2025-05-05 04:52:36,976] Trial 0 finished with value: 0.0 and parameters: {'max_depth': 2, 'alpha': 0.018643849280080508, 'lambda': 5.273141856005723e-08, 'eta': 0.035760663593821636}. Best is trial 0 with value: 0.0.
[I 2025-05-05 04:52:37,987] Trial 1 finished with value: 0.0 and parameters: {'max_depth': 2, 'alpha': 2.27033490730368e-06, 'lambda': 2.350030801671318e-06, 'eta': 0.14551186554101608}. Best is trial 0 with value: 0.0.
[I 2025-05-05 04:52:38,989] Trial 2 finished with value: 0.0 and parameters: {'max_depth': 3, 'alpha': 0.000198380252540025, 'lambda': 5.0377418971916115e-06, 'eta': 0.11466760705230433}. Best is trial 0 with value: 0.0.
[I 2025-05-05 04:52:39,848] Trial 3 finished with value: 0.0 and parameters: {'max_depth': 4, 'alpha': 1.0642648919164716e-07, 'lambda': 0.35874012033620356, 'eta': 0.19952323934934507}. Best is trial 0 with value: 0.0.
[I 2025-05-05 04:52:41,116] Trial 4 finished with value: 0.0 and parameters: {'max_depth': 6, 'alpha': 0.2353389809606032, 'lambda': 8.043548391200437e-08, 'eta': 0.18146908008993357}. Best is trial 0 with value: 0.0.
[I 2025-05-05 04:52:41,315] A new study created in memory with name: XGBoost_SAT11_outer3
[I 2025-05-05 04:52:42,788] Trial 0 finished with value: 0.0 and parameters: {'max_depth': 6, 'alpha': 0.07076207981351579, 'lambda': 4.524773040375561e-05, 'eta': 0.08999083125135054}. Best is trial 0 with value: 0.0.
[I 2025-05-05 04:52:46,546] Trial 1 finished with value: 0.0 and parameters: {'max_depth': 9, 'alpha': 0.08840144590455407, 'lambda': 0.023568333582580134, 'eta': 0.018845469330937614}. Best is trial 0 with value: 0.0.
[I 2025-05-05 04:52:47,812] Trial 2 finished with value: 0.0 and parameters: {'max_depth': 3, 'alpha': 6.347018203971836e-06, 'lambda': 1.0794185110340607e-05, 'eta': 0.02355081428145157}. Best is trial 0 with value: 0.0.
[I 2025-05-05 04:52:49,115] Trial 3 finished with value: 0.0 and parameters: {'max_depth': 4, 'alpha': 0.002686339275586047, 'lambda': 0.2151826025254096, 'eta': 0.2238388250599741}. Best is trial 0 with value: 0.0.
[I 2025-05-05 04:52:50,271] Trial 4 finished with value: 0.0 and parameters: {'max_depth': 3, 'alpha': 0.0020405450980950112, 'lambda': 0.6771467250703402, 'eta': 0.10108370745077506}. Best is trial 0 with value: 0.0.
[I 2025-05-05 04:52:50,528] A new study created in memory with name: XGBoost_SAT11_outer4
[I 2025-05-05 04:52:51,772] Trial 0 finished with value: 0.0 and parameters: {'max_depth': 4, 'alpha': 1.1134153628770403e-05, 'lambda': 0.15936059845440612, 'eta': 0.07315177231768082}. Best is trial 0 with value: 0.0.
[I 2025-05-05 04:52:52,752] Trial 1 finished with value: 0.0 and parameters: {'max_depth': 2, 'alpha': 0.0003589296996590233, 'lambda': 0.046410392914700616, 'eta': 0.0142671525644667}. Best is trial 0 with value: 0.0.
[I 2025-05-05 04:52:55,408] Trial 2 finished with value: 0.0 and parameters: {'max_depth': 8, 'alpha': 4.8472433727645295e-06, 'lambda': 0.34921573150030194, 'eta': 0.03806562095662554}. Best is trial 0 with value: 0.0.
[I 2025-05-05 04:52:57,689] Trial 3 finished with value: 0.0 and parameters: {'max_depth': 6, 'alpha': 1.3288361801933266e-07, 'lambda': 0.04018934842812023, 'eta': 0.0558313812125146}. Best is trial 0 with value: 0.0.
[I 2025-05-05 04:52:58,840] Trial 4 finished with value: 0.0 and parameters: {'max_depth': 3, 'alpha': 1.3867251359908708e-06, 'lambda': 0.00011406271514945919, 'eta': 0.06329714575859645}. Best is trial 0 with value: 0.0.
[I 2025-05-05 04:52:59,133] A new study created in memory with name: XGBoost_SAT11_outer5
[I 2025-05-05 04:53:00,007] Trial 0 finished with value: 0.0 and parameters: {'max_depth': 3, 'alpha': 0.0016238525463007569, 'lambda': 5.410708820725217e-05, 'eta': 0.28920877656738797}. Best is trial 0 with value: 0.0.
[I 2025-05-05 04:53:01,102] Trial 1 finished with value: 0.0 and parameters: {'max_depth': 2, 'alpha': 2.6563545960796296e-05, 'lambda': 6.326171483749837e-05, 'eta': 0.013896092803299622}. Best is trial 0 with value: 0.0.
[I 2025-05-05 04:53:02,340] Trial 2 finished with value: 0.0 and parameters: {'max_depth': 3, 'alpha': 1.7106991806501081e-07, 'lambda': 8.296082334735697e-06, 'eta': 0.01937305983329731}. Best is trial 0 with value: 0.0.
[I 2025-05-05 04:53:03,247] Trial 3 finished with value: 0.0 and parameters: {'max_depth': 2, 'alpha': 0.1184679947479567, 'lambda': 0.6146647031433851, 'eta': 0.2398332611436417}. Best is trial 0 with value: 0.0.
[I 2025-05-05 04:53:04,835] Trial 4 finished with value: 0.0 and parameters: {'max_depth': 4, 'alpha': 0.790840481576756, 'lambda': 1.4945480254205424e-07, 'eta': 0.01815560511661588}. Best is trial 0 with value: 0.0.
Traceback (most recent call last):
  File "train.py", line 1194, in <module>
    main(arguments)
  File "train.py", line 1065, in main
    agg_scorer, avg_train_time, avg_test_time = nested_cross_validation(
  File "train.py", line 707, in nested_cross_validation
    best_hp_idx = best_loss_dict.index(min(best_loss_dict))
ValueError: min() arg is an empty sequence
srun: error: stud-000: task 0: Exited with exit code 1
[I 2025-05-05 04:53:09,953] A new study created in memory with name: XGBoost_Diamonds_outer1
[I 2025-05-05 04:53:10,130] Trial 0 finished with value: 0.0 and parameters: {'max_depth': 9, 'alpha': 0.6700918036166768, 'lambda': 0.14586602564429127, 'eta': 0.03952471609475123}. Best is trial 0 with value: 0.0.
[I 2025-05-05 04:53:10,314] Trial 1 finished with value: 0.0 and parameters: {'max_depth': 12, 'alpha': 4.267503658860594e-07, 'lambda': 2.0308134789389634e-05, 'eta': 0.16889663129052881}. Best is trial 0 with value: 0.0.
[I 2025-05-05 04:53:10,509] Trial 2 finished with value: 0.0 and parameters: {'max_depth': 5, 'alpha': 1.1953405845661696e-06, 'lambda': 7.999950722523045e-07, 'eta': 0.134962109705534}. Best is trial 0 with value: 0.0.
[I 2025-05-05 04:53:10,698] Trial 3 finished with value: 0.0 and parameters: {'max_depth': 12, 'alpha': 0.010217177327594402, 'lambda': 0.9746956971938692, 'eta': 0.23091878973965832}. Best is trial 0 with value: 0.0.
[I 2025-05-05 04:53:10,895] Trial 4 finished with value: 0.0 and parameters: {'max_depth': 11, 'alpha': 0.00010090330724361268, 'lambda': 4.896403669044341e-07, 'eta': 0.06617360712981696}. Best is trial 0 with value: 0.0.
[I 2025-05-05 04:53:10,942] A new study created in memory with name: XGBoost_Diamonds_outer2
[I 2025-05-05 04:53:11,135] Trial 0 finished with value: 0.0 and parameters: {'max_depth': 5, 'alpha': 0.006679481541654776, 'lambda': 6.91844252025374e-05, 'eta': 0.024306479623786643}. Best is trial 0 with value: 0.0.
[I 2025-05-05 04:53:11,339] Trial 1 finished with value: 0.0 and parameters: {'max_depth': 2, 'alpha': 0.012163497815482219, 'lambda': 0.09421984247041297, 'eta': 0.11578408558123134}. Best is trial 0 with value: 0.0.
[I 2025-05-05 04:53:11,550] Trial 2 finished with value: 0.0 and parameters: {'max_depth': 3, 'alpha': 3.655558736547663e-08, 'lambda': 2.6722267506724885e-06, 'eta': 0.016140835102462496}. Best is trial 0 with value: 0.0.
[I 2025-05-05 04:53:11,752] Trial 3 finished with value: 0.0 and parameters: {'max_depth': 3, 'alpha': 0.34862965566424486, 'lambda': 0.002564208347971657, 'eta': 0.07739170355888317}. Best is trial 0 with value: 0.0.
[I 2025-05-05 04:53:11,962] Trial 4 finished with value: 0.0 and parameters: {'max_depth': 2, 'alpha': 0.031136306275944135, 'lambda': 1.5418386605010813e-07, 'eta': 0.010174328639381853}. Best is trial 0 with value: 0.0.
[I 2025-05-05 04:53:12,011] A new study created in memory with name: XGBoost_Diamonds_outer3
[I 2025-05-05 04:53:12,220] Trial 0 finished with value: 0.0 and parameters: {'max_depth': 2, 'alpha': 0.0011261058987554905, 'lambda': 0.017181259720874406, 'eta': 0.23655748277217986}. Best is trial 0 with value: 0.0.
[I 2025-05-05 04:53:12,403] Trial 1 finished with value: 0.0 and parameters: {'max_depth': 5, 'alpha': 0.009778188615384585, 'lambda': 3.183267036885421e-07, 'eta': 0.07721315385085062}. Best is trial 0 with value: 0.0.
[I 2025-05-05 04:53:12,581] Trial 2 finished with value: 0.0 and parameters: {'max_depth': 2, 'alpha': 4.697854083288218e-08, 'lambda': 0.00044284856328875735, 'eta': 0.046382613763969266}. Best is trial 0 with value: 0.0.
[I 2025-05-05 04:53:12,761] Trial 3 finished with value: 0.0 and parameters: {'max_depth': 4, 'alpha': 3.6433608434751843e-06, 'lambda': 9.720362600974564e-06, 'eta': 0.05051069168528781}. Best is trial 0 with value: 0.0.
[I 2025-05-05 04:53:12,940] Trial 4 finished with value: 0.0 and parameters: {'max_depth': 3, 'alpha': 0.0002251865193753542, 'lambda': 0.0011369906557666513, 'eta': 0.042055845880520686}. Best is trial 0 with value: 0.0.
[I 2025-05-05 04:53:12,983] A new study created in memory with name: XGBoost_Diamonds_outer4
[I 2025-05-05 04:53:13,179] Trial 0 finished with value: 0.0 and parameters: {'max_depth': 2, 'alpha': 0.02204732093261943, 'lambda': 0.003305240322338792, 'eta': 0.05581436988952333}. Best is trial 0 with value: 0.0.
[I 2025-05-05 04:53:13,391] Trial 1 finished with value: 0.0 and parameters: {'max_depth': 6, 'alpha': 0.022746885387714383, 'lambda': 1.302416905347582e-07, 'eta': 0.2972567468205926}. Best is trial 0 with value: 0.0.
[I 2025-05-05 04:53:13,592] Trial 2 finished with value: 0.0 and parameters: {'max_depth': 6, 'alpha': 0.00011852862985639958, 'lambda': 1.2261840388107045e-05, 'eta': 0.15225962248008035}. Best is trial 0 with value: 0.0.
[I 2025-05-05 04:53:13,778] Trial 3 finished with value: 0.0 and parameters: {'max_depth': 2, 'alpha': 5.515948458735026e-06, 'lambda': 2.6412653233769717e-06, 'eta': 0.21231217900530128}. Best is trial 0 with value: 0.0.
[I 2025-05-05 04:53:13,969] Trial 4 finished with value: 0.0 and parameters: {'max_depth': 5, 'alpha': 0.1685927894814398, 'lambda': 0.062461484449624176, 'eta': 0.08176212833254862}. Best is trial 0 with value: 0.0.
[I 2025-05-05 04:53:14,017] A new study created in memory with name: XGBoost_Diamonds_outer5
[I 2025-05-05 04:53:14,217] Trial 0 finished with value: 0.0 and parameters: {'max_depth': 6, 'alpha': 1.6531646474313389e-07, 'lambda': 3.324202098164657e-05, 'eta': 0.16858349163959704}. Best is trial 0 with value: 0.0.
[I 2025-05-05 04:53:14,412] Trial 1 finished with value: 0.0 and parameters: {'max_depth': 2, 'alpha': 5.564843358052721e-06, 'lambda': 1.9253309246429183e-07, 'eta': 0.01135725982011631}. Best is trial 0 with value: 0.0.
[I 2025-05-05 04:53:14,616] Trial 2 finished with value: 0.0 and parameters: {'max_depth': 3, 'alpha': 5.520898578804487e-07, 'lambda': 7.321629636546236e-07, 'eta': 0.213417367726656}. Best is trial 0 with value: 0.0.
[I 2025-05-05 04:53:14,813] Trial 3 finished with value: 0.0 and parameters: {'max_depth': 12, 'alpha': 0.03245085405935593, 'lambda': 3.384331707743528e-07, 'eta': 0.21920834070032244}. Best is trial 0 with value: 0.0.
[I 2025-05-05 04:53:15,009] Trial 4 finished with value: 0.0 and parameters: {'max_depth': 2, 'alpha': 0.0071356818325896965, 'lambda': 0.32955597112614726, 'eta': 0.0244418629603522}. Best is trial 0 with value: 0.0.
Traceback (most recent call last):
  File "train.py", line 1194, in <module>
    main(arguments)
  File "train.py", line 1065, in main
    agg_scorer, avg_train_time, avg_test_time = nested_cross_validation(
  File "train.py", line 707, in nested_cross_validation
    best_hp_idx = best_loss_dict.index(min(best_loss_dict))
ValueError: min() arg is an empty sequence
srun: error: stud-000: task 0: Exited with exit code 1
