[I 2025-05-03 22:42:26,381] Trial 4 finished with value: 0.0 and parameters: {'n_blocks': 6, 'd_block': 64, 'd_hidden': 3, 'd_hidden_multiplier': 1.9240797280805706, 'dropout1': 0.005000511602035101, 'dropout2': 0.006176428472109547}. Best is trial 0 with value: 0.0.
[I 2025-05-03 22:42:26,401] A new study created in memory with name: ResMLP_Abalone_outer2
/home/mburu/.local/lib/python3.8/site-packages/sklearn/preprocessing/_discretization.py:322: UserWarning: Bins whose width are too small (i.e., <= 1e-8) in feature 0 are removed. Consider decreasing the number of bins.
  warnings.warn(
/home/mburu/.local/lib/python3.8/site-packages/sklearn/preprocessing/_discretization.py:322: UserWarning: Bins whose width are too small (i.e., <= 1e-8) in feature 0 are removed. Consider decreasing the number of bins.
  warnings.warn(
/home/mburu/.local/lib/python3.8/site-packages/sklearn/preprocessing/_discretization.py:322: UserWarning: Bins whose width are too small (i.e., <= 1e-8) in feature 0 are removed. Consider decreasing the number of bins.
  warnings.warn(
/home/mburu/.local/lib/python3.8/site-packages/sklearn/preprocessing/_discretization.py:322: UserWarning: Bins whose width are too small (i.e., <= 1e-8) in feature 0 are removed. Consider decreasing the number of bins.
  warnings.warn(
/home/mburu/.local/lib/python3.8/site-packages/sklearn/preprocessing/_discretization.py:322: UserWarning: Bins whose width are too small (i.e., <= 1e-8) in feature 0 are removed. Consider decreasing the number of bins.
  warnings.warn(
[I 2025-05-03 22:42:26,469] Trial 0 finished with value: 0.0 and parameters: {'n_blocks': 3, 'd_block': 128, 'd_hidden': 4, 'd_hidden_multiplier': 4.428573024438566, 'dropout1': 0.04445310369380772, 'dropout2': 0.11400015722674886}. Best is trial 0 with value: 0.0.
/home/mburu/.local/lib/python3.8/site-packages/sklearn/preprocessing/_discretization.py:322: UserWarning: Bins whose width are too small (i.e., <= 1e-8) in feature 0 are removed. Consider decreasing the number of bins.
  warnings.warn(
/home/mburu/.local/lib/python3.8/site-packages/sklearn/preprocessing/_discretization.py:322: UserWarning: Bins whose width are too small (i.e., <= 1e-8) in feature 0 are removed. Consider decreasing the number of bins.
  warnings.warn(
/home/mburu/.local/lib/python3.8/site-packages/sklearn/preprocessing/_discretization.py:322: UserWarning: Bins whose width are too small (i.e., <= 1e-8) in feature 0 are removed. Consider decreasing the number of bins.
  warnings.warn(
/home/mburu/.local/lib/python3.8/site-packages/sklearn/preprocessing/_discretization.py:322: UserWarning: Bins whose width are too small (i.e., <= 1e-8) in feature 0 are removed. Consider decreasing the number of bins.
  warnings.warn(
/home/mburu/.local/lib/python3.8/site-packages/sklearn/preprocessing/_discretization.py:322: UserWarning: Bins whose width are too small (i.e., <= 1e-8) in feature 0 are removed. Consider decreasing the number of bins.
  warnings.warn(
[I 2025-05-03 22:42:26,539] Trial 1 finished with value: 0.0 and parameters: {'n_blocks': 3, 'd_block': 128, 'd_hidden': 3, 'd_hidden_multiplier': 4.9254043031923365, 'dropout1': 0.23567907748675807, 'dropout2': 0.0462254593944262}. Best is trial 0 with value: 0.0.
/home/mburu/.local/lib/python3.8/site-packages/sklearn/preprocessing/_discretization.py:322: UserWarning: Bins whose width are too small (i.e., <= 1e-8) in feature 0 are removed. Consider decreasing the number of bins.
  warnings.warn(
/home/mburu/.local/lib/python3.8/site-packages/sklearn/preprocessing/_discretization.py:322: UserWarning: Bins whose width are too small (i.e., <= 1e-8) in feature 0 are removed. Consider decreasing the number of bins.
  warnings.warn(
/home/mburu/.local/lib/python3.8/site-packages/sklearn/preprocessing/_discretization.py:322: UserWarning: Bins whose width are too small (i.e., <= 1e-8) in feature 0 are removed. Consider decreasing the number of bins.
  warnings.warn(
/home/mburu/.local/lib/python3.8/site-packages/sklearn/preprocessing/_discretization.py:322: UserWarning: Bins whose width are too small (i.e., <= 1e-8) in feature 0 are removed. Consider decreasing the number of bins.
  warnings.warn(
/home/mburu/.local/lib/python3.8/site-packages/sklearn/preprocessing/_discretization.py:322: UserWarning: Bins whose width are too small (i.e., <= 1e-8) in feature 0 are removed. Consider decreasing the number of bins.
  warnings.warn(
[I 2025-05-03 22:42:26,591] Trial 2 finished with value: 0.0 and parameters: {'n_blocks': 3, 'd_block': 64, 'd_hidden': 3, 'd_hidden_multiplier': 2.5856487526012337, 'dropout1': 0.2715039138133915, 'dropout2': 0.15026127088105246}. Best is trial 0 with value: 0.0.
/home/mburu/.local/lib/python3.8/site-packages/sklearn/preprocessing/_discretization.py:322: UserWarning: Bins whose width are too small (i.e., <= 1e-8) in feature 0 are removed. Consider decreasing the number of bins.
  warnings.warn(
/home/mburu/.local/lib/python3.8/site-packages/sklearn/preprocessing/_discretization.py:322: UserWarning: Bins whose width are too small (i.e., <= 1e-8) in feature 0 are removed. Consider decreasing the number of bins.
  warnings.warn(
/home/mburu/.local/lib/python3.8/site-packages/sklearn/preprocessing/_discretization.py:322: UserWarning: Bins whose width are too small (i.e., <= 1e-8) in feature 0 are removed. Consider decreasing the number of bins.
  warnings.warn(
/home/mburu/.local/lib/python3.8/site-packages/sklearn/preprocessing/_discretization.py:322: UserWarning: Bins whose width are too small (i.e., <= 1e-8) in feature 0 are removed. Consider decreasing the number of bins.
  warnings.warn(
/home/mburu/.local/lib/python3.8/site-packages/sklearn/preprocessing/_discretization.py:322: UserWarning: Bins whose width are too small (i.e., <= 1e-8) in feature 0 are removed. Consider decreasing the number of bins.
  warnings.warn(
[I 2025-05-03 22:42:26,664] Trial 3 finished with value: 0.0 and parameters: {'n_blocks': 4, 'd_block': 256, 'd_hidden': 2, 'd_hidden_multiplier': 1.080873292045669, 'dropout1': 0.0340708602862941, 'dropout2': 0.28260238037981805}. Best is trial 0 with value: 0.0.
/home/mburu/.local/lib/python3.8/site-packages/sklearn/preprocessing/_discretization.py:322: UserWarning: Bins whose width are too small (i.e., <= 1e-8) in feature 0 are removed. Consider decreasing the number of bins.
  warnings.warn(
/home/mburu/.local/lib/python3.8/site-packages/sklearn/preprocessing/_discretization.py:322: UserWarning: Bins whose width are too small (i.e., <= 1e-8) in feature 0 are removed. Consider decreasing the number of bins.
  warnings.warn(
/home/mburu/.local/lib/python3.8/site-packages/sklearn/preprocessing/_discretization.py:322: UserWarning: Bins whose width are too small (i.e., <= 1e-8) in feature 0 are removed. Consider decreasing the number of bins.
  warnings.warn(
/home/mburu/.local/lib/python3.8/site-packages/sklearn/preprocessing/_discretization.py:322: UserWarning: Bins whose width are too small (i.e., <= 1e-8) in feature 0 are removed. Consider decreasing the number of bins.
  warnings.warn(
/home/mburu/.local/lib/python3.8/site-packages/sklearn/preprocessing/_discretization.py:322: UserWarning: Bins whose width are too small (i.e., <= 1e-8) in feature 0 are removed. Consider decreasing the number of bins.
  warnings.warn(
[I 2025-05-03 22:42:26,716] Trial 4 finished with value: 0.0 and parameters: {'n_blocks': 2, 'd_block': 64, 'd_hidden': 6, 'd_hidden_multiplier': 1.725727773962137, 'dropout1': 0.36603210455191415, 'dropout2': 0.2875097947692582}. Best is trial 0 with value: 0.0.
/home/mburu/.local/lib/python3.8/site-packages/sklearn/preprocessing/_discretization.py:322: UserWarning: Bins whose width are too small (i.e., <= 1e-8) in feature 0 are removed. Consider decreasing the number of bins.
  warnings.warn(
[I 2025-05-03 22:42:26,730] A new study created in memory with name: ResMLP_Abalone_outer3
/home/mburu/.local/lib/python3.8/site-packages/sklearn/preprocessing/_discretization.py:322: UserWarning: Bins whose width are too small (i.e., <= 1e-8) in feature 0 are removed. Consider decreasing the number of bins.
  warnings.warn(
/home/mburu/.local/lib/python3.8/site-packages/sklearn/preprocessing/_discretization.py:322: UserWarning: Bins whose width are too small (i.e., <= 1e-8) in feature 0 are removed. Consider decreasing the number of bins.
  warnings.warn(
/home/mburu/.local/lib/python3.8/site-packages/sklearn/preprocessing/_discretization.py:322: UserWarning: Bins whose width are too small (i.e., <= 1e-8) in feature 0 are removed. Consider decreasing the number of bins.
  warnings.warn(
/home/mburu/.local/lib/python3.8/site-packages/sklearn/preprocessing/_discretization.py:322: UserWarning: Bins whose width are too small (i.e., <= 1e-8) in feature 0 are removed. Consider decreasing the number of bins.
  warnings.warn(
/home/mburu/.local/lib/python3.8/site-packages/sklearn/preprocessing/_discretization.py:322: UserWarning: Bins whose width are too small (i.e., <= 1e-8) in feature 0 are removed. Consider decreasing the number of bins.
  warnings.warn(
[I 2025-05-03 22:42:26,810] Trial 0 finished with value: 0.0 and parameters: {'n_blocks': 6, 'd_block': 128, 'd_hidden': 8, 'd_hidden_multiplier': 2.7637390668983897, 'dropout1': 0.02259616963289232, 'dropout2': 0.035813063586020884}. Best is trial 0 with value: 0.0.
/home/mburu/.local/lib/python3.8/site-packages/sklearn/preprocessing/_discretization.py:322: UserWarning: Bins whose width are too small (i.e., <= 1e-8) in feature 0 are removed. Consider decreasing the number of bins.
  warnings.warn(
/home/mburu/.local/lib/python3.8/site-packages/sklearn/preprocessing/_discretization.py:322: UserWarning: Bins whose width are too small (i.e., <= 1e-8) in feature 0 are removed. Consider decreasing the number of bins.
  warnings.warn(
/home/mburu/.local/lib/python3.8/site-packages/sklearn/preprocessing/_discretization.py:322: UserWarning: Bins whose width are too small (i.e., <= 1e-8) in feature 0 are removed. Consider decreasing the number of bins.
  warnings.warn(
/home/mburu/.local/lib/python3.8/site-packages/sklearn/preprocessing/_discretization.py:322: UserWarning: Bins whose width are too small (i.e., <= 1e-8) in feature 0 are removed. Consider decreasing the number of bins.
  warnings.warn(
/home/mburu/.local/lib/python3.8/site-packages/sklearn/preprocessing/_discretization.py:322: UserWarning: Bins whose width are too small (i.e., <= 1e-8) in feature 0 are removed. Consider decreasing the number of bins.
  warnings.warn(
[I 2025-05-03 22:42:26,887] Trial 1 finished with value: 0.0 and parameters: {'n_blocks': 4, 'd_block': 256, 'd_hidden': 9, 'd_hidden_multiplier': 1.224163000178753, 'dropout1': 0.367117234640468, 'dropout2': 0.1162644383594109}. Best is trial 0 with value: 0.0.
/home/mburu/.local/lib/python3.8/site-packages/sklearn/preprocessing/_discretization.py:322: UserWarning: Bins whose width are too small (i.e., <= 1e-8) in feature 0 are removed. Consider decreasing the number of bins.
  warnings.warn(
/home/mburu/.local/lib/python3.8/site-packages/sklearn/preprocessing/_discretization.py:322: UserWarning: Bins whose width are too small (i.e., <= 1e-8) in feature 0 are removed. Consider decreasing the number of bins.
  warnings.warn(
/home/mburu/.local/lib/python3.8/site-packages/sklearn/preprocessing/_discretization.py:322: UserWarning: Bins whose width are too small (i.e., <= 1e-8) in feature 0 are removed. Consider decreasing the number of bins.
  warnings.warn(
/home/mburu/.local/lib/python3.8/site-packages/sklearn/preprocessing/_discretization.py:322: UserWarning: Bins whose width are too small (i.e., <= 1e-8) in feature 0 are removed. Consider decreasing the number of bins.
  warnings.warn(
/home/mburu/.local/lib/python3.8/site-packages/sklearn/preprocessing/_discretization.py:322: UserWarning: Bins whose width are too small (i.e., <= 1e-8) in feature 0 are removed. Consider decreasing the number of bins.
  warnings.warn(
[I 2025-05-03 22:42:26,938] Trial 2 finished with value: 0.0 and parameters: {'n_blocks': 2, 'd_block': 64, 'd_hidden': 2, 'd_hidden_multiplier': 1.2649027371955792, 'dropout1': 0.023040121608365324, 'dropout2': 0.21169973340014045}. Best is trial 0 with value: 0.0.
/home/mburu/.local/lib/python3.8/site-packages/sklearn/preprocessing/_discretization.py:322: UserWarning: Bins whose width are too small (i.e., <= 1e-8) in feature 0 are removed. Consider decreasing the number of bins.
  warnings.warn(
/home/mburu/.local/lib/python3.8/site-packages/sklearn/preprocessing/_discretization.py:322: UserWarning: Bins whose width are too small (i.e., <= 1e-8) in feature 0 are removed. Consider decreasing the number of bins.
  warnings.warn(
/home/mburu/.local/lib/python3.8/site-packages/sklearn/preprocessing/_discretization.py:322: UserWarning: Bins whose width are too small (i.e., <= 1e-8) in feature 0 are removed. Consider decreasing the number of bins.
  warnings.warn(
/home/mburu/.local/lib/python3.8/site-packages/sklearn/preprocessing/_discretization.py:322: UserWarning: Bins whose width are too small (i.e., <= 1e-8) in feature 0 are removed. Consider decreasing the number of bins.
  warnings.warn(
/home/mburu/.local/lib/python3.8/site-packages/sklearn/preprocessing/_discretization.py:322: UserWarning: Bins whose width are too small (i.e., <= 1e-8) in feature 0 are removed. Consider decreasing the number of bins.
  warnings.warn(
[I 2025-05-03 22:42:27,007] Trial 3 finished with value: 0.0 and parameters: {'n_blocks': 5, 'd_block': 128, 'd_hidden': 5, 'd_hidden_multiplier': 1.9901277428427673, 'dropout1': 0.2435190245792188, 'dropout2': 0.26543930501661045}. Best is trial 0 with value: 0.0.
/home/mburu/.local/lib/python3.8/site-packages/sklearn/preprocessing/_discretization.py:322: UserWarning: Bins whose width are too small (i.e., <= 1e-8) in feature 0 are removed. Consider decreasing the number of bins.
  warnings.warn(
/home/mburu/.local/lib/python3.8/site-packages/sklearn/preprocessing/_discretization.py:322: UserWarning: Bins whose width are too small (i.e., <= 1e-8) in feature 0 are removed. Consider decreasing the number of bins.
  warnings.warn(
/home/mburu/.local/lib/python3.8/site-packages/sklearn/preprocessing/_discretization.py:322: UserWarning: Bins whose width are too small (i.e., <= 1e-8) in feature 0 are removed. Consider decreasing the number of bins.
  warnings.warn(
/home/mburu/.local/lib/python3.8/site-packages/sklearn/preprocessing/_discretization.py:322: UserWarning: Bins whose width are too small (i.e., <= 1e-8) in feature 0 are removed. Consider decreasing the number of bins.
  warnings.warn(
/home/mburu/.local/lib/python3.8/site-packages/sklearn/preprocessing/_discretization.py:322: UserWarning: Bins whose width are too small (i.e., <= 1e-8) in feature 0 are removed. Consider decreasing the number of bins.
  warnings.warn(
[I 2025-05-03 22:42:27,066] Trial 4 finished with value: 0.0 and parameters: {'n_blocks': 4, 'd_block': 64, 'd_hidden': 6, 'd_hidden_multiplier': 2.610433168996256, 'dropout1': 0.05045599989938874, 'dropout2': 0.1342999402403068}. Best is trial 0 with value: 0.0.
/home/mburu/.local/lib/python3.8/site-packages/sklearn/preprocessing/_discretization.py:322: UserWarning: Bins whose width are too small (i.e., <= 1e-8) in feature 0 are removed. Consider decreasing the number of bins.
  warnings.warn(
[I 2025-05-03 22:42:27,083] A new study created in memory with name: ResMLP_Abalone_outer4
/home/mburu/.local/lib/python3.8/site-packages/sklearn/preprocessing/_discretization.py:322: UserWarning: Bins whose width are too small (i.e., <= 1e-8) in feature 0 are removed. Consider decreasing the number of bins.
  warnings.warn(
/home/mburu/.local/lib/python3.8/site-packages/sklearn/preprocessing/_discretization.py:322: UserWarning: Bins whose width are too small (i.e., <= 1e-8) in feature 0 are removed. Consider decreasing the number of bins.
  warnings.warn(
/home/mburu/.local/lib/python3.8/site-packages/sklearn/preprocessing/_discretization.py:322: UserWarning: Bins whose width are too small (i.e., <= 1e-8) in feature 0 are removed. Consider decreasing the number of bins.
  warnings.warn(
/home/mburu/.local/lib/python3.8/site-packages/sklearn/preprocessing/_discretization.py:322: UserWarning: Bins whose width are too small (i.e., <= 1e-8) in feature 0 are removed. Consider decreasing the number of bins.
  warnings.warn(
/home/mburu/.local/lib/python3.8/site-packages/sklearn/preprocessing/_discretization.py:322: UserWarning: Bins whose width are too small (i.e., <= 1e-8) in feature 0 are removed. Consider decreasing the number of bins.
  warnings.warn(
[I 2025-05-03 22:42:27,138] Trial 0 finished with value: 0.0 and parameters: {'n_blocks': 3, 'd_block': 64, 'd_hidden': 4, 'd_hidden_multiplier': 2.843347035637231, 'dropout1': 0.39214973310503026, 'dropout2': 0.1830653560081464}. Best is trial 0 with value: 0.0.
/home/mburu/.local/lib/python3.8/site-packages/sklearn/preprocessing/_discretization.py:322: UserWarning: Bins whose width are too small (i.e., <= 1e-8) in feature 0 are removed. Consider decreasing the number of bins.
  warnings.warn(
/home/mburu/.local/lib/python3.8/site-packages/sklearn/preprocessing/_discretization.py:322: UserWarning: Bins whose width are too small (i.e., <= 1e-8) in feature 0 are removed. Consider decreasing the number of bins.
  warnings.warn(
/home/mburu/.local/lib/python3.8/site-packages/sklearn/preprocessing/_discretization.py:322: UserWarning: Bins whose width are too small (i.e., <= 1e-8) in feature 0 are removed. Consider decreasing the number of bins.
  warnings.warn(
/home/mburu/.local/lib/python3.8/site-packages/sklearn/preprocessing/_discretization.py:322: UserWarning: Bins whose width are too small (i.e., <= 1e-8) in feature 0 are removed. Consider decreasing the number of bins.
  warnings.warn(
/home/mburu/.local/lib/python3.8/site-packages/sklearn/preprocessing/_discretization.py:322: UserWarning: Bins whose width are too small (i.e., <= 1e-8) in feature 0 are removed. Consider decreasing the number of bins.
  warnings.warn(
[I 2025-05-03 22:42:27,199] Trial 1 finished with value: 0.0 and parameters: {'n_blocks': 3, 'd_block': 128, 'd_hidden': 2, 'd_hidden_multiplier': 1.8473180262222773, 'dropout1': 0.4735109137049721, 'dropout2': 0.12332472593099039}. Best is trial 0 with value: 0.0.
/home/mburu/.local/lib/python3.8/site-packages/sklearn/preprocessing/_discretization.py:322: UserWarning: Bins whose width are too small (i.e., <= 1e-8) in feature 0 are removed. Consider decreasing the number of bins.
  warnings.warn(
/home/mburu/.local/lib/python3.8/site-packages/sklearn/preprocessing/_discretization.py:322: UserWarning: Bins whose width are too small (i.e., <= 1e-8) in feature 0 are removed. Consider decreasing the number of bins.
  warnings.warn(
/home/mburu/.local/lib/python3.8/site-packages/sklearn/preprocessing/_discretization.py:322: UserWarning: Bins whose width are too small (i.e., <= 1e-8) in feature 0 are removed. Consider decreasing the number of bins.
  warnings.warn(
/home/mburu/.local/lib/python3.8/site-packages/sklearn/preprocessing/_discretization.py:322: UserWarning: Bins whose width are too small (i.e., <= 1e-8) in feature 0 are removed. Consider decreasing the number of bins.
  warnings.warn(
/home/mburu/.local/lib/python3.8/site-packages/sklearn/preprocessing/_discretization.py:322: UserWarning: Bins whose width are too small (i.e., <= 1e-8) in feature 0 are removed. Consider decreasing the number of bins.
  warnings.warn(
[I 2025-05-03 22:42:27,261] Trial 2 finished with value: 0.0 and parameters: {'n_blocks': 6, 'd_block': 64, 'd_hidden': 7, 'd_hidden_multiplier': 2.339801308162957, 'dropout1': 0.15557686455961606, 'dropout2': 0.06143746163922028}. Best is trial 0 with value: 0.0.
/home/mburu/.local/lib/python3.8/site-packages/sklearn/preprocessing/_discretization.py:322: UserWarning: Bins whose width are too small (i.e., <= 1e-8) in feature 0 are removed. Consider decreasing the number of bins.
  warnings.warn(
/home/mburu/.local/lib/python3.8/site-packages/sklearn/preprocessing/_discretization.py:322: UserWarning: Bins whose width are too small (i.e., <= 1e-8) in feature 0 are removed. Consider decreasing the number of bins.
  warnings.warn(
/home/mburu/.local/lib/python3.8/site-packages/sklearn/preprocessing/_discretization.py:322: UserWarning: Bins whose width are too small (i.e., <= 1e-8) in feature 0 are removed. Consider decreasing the number of bins.
  warnings.warn(
/home/mburu/.local/lib/python3.8/site-packages/sklearn/preprocessing/_discretization.py:322: UserWarning: Bins whose width are too small (i.e., <= 1e-8) in feature 0 are removed. Consider decreasing the number of bins.
  warnings.warn(
/home/mburu/.local/lib/python3.8/site-packages/sklearn/preprocessing/_discretization.py:322: UserWarning: Bins whose width are too small (i.e., <= 1e-8) in feature 0 are removed. Consider decreasing the number of bins.
  warnings.warn(
