[I 2025-05-11 05:30:41,946] Trial 2 finished with value: 2.7892099333333333 and parameters: {'n_blocks': 2, 'd_block': 64, 'd_hidden': 2, 'd_hidden_multiplier': 1.7765901333583225, 'dropout1': 0.0849011613340096, 'dropout2': 0.1242702879816758}. Best is trial 1 with value: 2.3511242.
[I 2025-05-11 05:30:44,026] Trial 3 finished with value: 2.1939451 and parameters: {'n_blocks': 4, 'd_block': 256, 'd_hidden': 2, 'd_hidden_multiplier': 2.2490677131211343, 'dropout1': 0.00954377334572581, 'dropout2': 0.17621231533002782}. Best is trial 3 with value: 2.1939451.
[I 2025-05-11 05:30:45,953] Trial 4 finished with value: 2.7147965333333333 and parameters: {'n_blocks': 2, 'd_block': 64, 'd_hidden': 2, 'd_hidden_multiplier': 1.0934453100339299, 'dropout1': 0.14122465281338675, 'dropout2': 0.1282592732471456}. Best is trial 3 with value: 2.1939451.
