[I 2025-05-11 05:29:04,885] A new study created in memory with name: ResMLP_SAT11_outer1
[I 2025-05-11 05:29:06,259] Trial 0 finished with value: 0.0 and parameters: {'n_blocks': 2, 'd_block': 128, 'd_hidden': 3, 'd_hidden_multiplier': 1.7376035334558468, 'dropout1': 0.0815577325809036, 'dropout2': 0.20160740615461267}. Best is trial 0 with value: 0.0.
[I 2025-05-11 05:29:06,569] Trial 1 finished with value: 0.0 and parameters: {'n_blocks': 4, 'd_block': 128, 'd_hidden': 10, 'd_hidden_multiplier': 1.4359344709427913, 'dropout1': 0.024932031590133436, 'dropout2': 0.03780716347082812}. Best is trial 0 with value: 0.0.
[I 2025-05-11 05:29:06,868] Trial 2 finished with value: 0.0 and parameters: {'n_blocks': 4, 'd_block': 64, 'd_hidden': 2, 'd_hidden_multiplier': 2.096737997885806, 'dropout1': 0.46932399033889294, 'dropout2': 0.23289072050724502}. Best is trial 0 with value: 0.0.
[I 2025-05-11 05:29:07,216] Trial 3 finished with value: 0.0 and parameters: {'n_blocks': 5, 'd_block': 128, 'd_hidden': 6, 'd_hidden_multiplier': 3.545845869914321, 'dropout1': 0.11798866751343597, 'dropout2': 0.005505433057227739}. Best is trial 0 with value: 0.0.
[I 2025-05-11 05:29:07,489] Trial 4 finished with value: 0.0 and parameters: {'n_blocks': 2, 'd_block': 256, 'd_hidden': 2, 'd_hidden_multiplier': 1.6875182067530514, 'dropout1': 0.27370348093529634, 'dropout2': 0.05144802400609514}. Best is trial 0 with value: 0.0.
[I 2025-05-11 05:29:07,551] A new study created in memory with name: ResMLP_SAT11_outer2
[I 2025-05-11 05:29:07,847] Trial 0 finished with value: 0.0 and parameters: {'n_blocks': 4, 'd_block': 128, 'd_hidden': 2, 'd_hidden_multiplier': 1.2674975187110258, 'dropout1': 0.3407681665344991, 'dropout2': 0.21986827250639}. Best is trial 0 with value: 0.0.
[I 2025-05-11 05:29:08,374] Trial 1 finished with value: 0.0 and parameters: {'n_blocks': 5, 'd_block': 256, 'd_hidden': 4, 'd_hidden_multiplier': 2.392416139210363, 'dropout1': 0.38822397272628, 'dropout2': 0.11447672019601908}. Best is trial 0 with value: 0.0.
[I 2025-05-11 05:29:08,671] Trial 2 finished with value: 0.0 and parameters: {'n_blocks': 3, 'd_block': 64, 'd_hidden': 3, 'd_hidden_multiplier': 1.6668978672112598, 'dropout1': 0.12108324619508708, 'dropout2': 0.2670964212611042}. Best is trial 0 with value: 0.0.
[I 2025-05-11 05:29:09,022] Trial 3 finished with value: 0.0 and parameters: {'n_blocks': 3, 'd_block': 128, 'd_hidden': 3, 'd_hidden_multiplier': 1.7644533296932323, 'dropout1': 0.10904373454157645, 'dropout2': 0.08356829082130424}. Best is trial 0 with value: 0.0.
[I 2025-05-11 05:29:09,327] Trial 4 finished with value: 0.0 and parameters: {'n_blocks': 3, 'd_block': 256, 'd_hidden': 5, 'd_hidden_multiplier': 1.2233148410335346, 'dropout1': 0.03725758550332978, 'dropout2': 0.25045683013827524}. Best is trial 0 with value: 0.0.
[I 2025-05-11 05:29:09,405] A new study created in memory with name: ResMLP_SAT11_outer3
[I 2025-05-11 05:29:09,726] Trial 0 finished with value: 0.0 and parameters: {'n_blocks': 4, 'd_block': 128, 'd_hidden': 3, 'd_hidden_multiplier': 2.6177739243522367, 'dropout1': 0.2334229122747207, 'dropout2': 0.05710267009536308}. Best is trial 0 with value: 0.0.
[I 2025-05-11 05:29:10,028] Trial 1 finished with value: 0.0 and parameters: {'n_blocks': 4, 'd_block': 128, 'd_hidden': 2, 'd_hidden_multiplier': 1.5869127473663311, 'dropout1': 0.4207242304287331, 'dropout2': 0.04336026425352628}. Best is trial 0 with value: 0.0.
[I 2025-05-11 05:29:10,298] Trial 2 finished with value: 0.0 and parameters: {'n_blocks': 2, 'd_block': 256, 'd_hidden': 10, 'd_hidden_multiplier': 1.8912210791740933, 'dropout1': 0.49069828882581634, 'dropout2': 0.1670175525196547}. Best is trial 0 with value: 0.0.
[I 2025-05-11 05:29:10,780] Trial 3 finished with value: 0.0 and parameters: {'n_blocks': 6, 'd_block': 256, 'd_hidden': 9, 'd_hidden_multiplier': 2.7917540939038177, 'dropout1': 0.25344262119306016, 'dropout2': 0.10465727552338482}. Best is trial 0 with value: 0.0.
[I 2025-05-11 05:29:11,123] Trial 4 finished with value: 0.0 and parameters: {'n_blocks': 4, 'd_block': 128, 'd_hidden': 8, 'd_hidden_multiplier': 1.0716459052884246, 'dropout1': 0.014445654433085214, 'dropout2': 0.1317445144877263}. Best is trial 0 with value: 0.0.
[I 2025-05-11 05:29:11,229] A new study created in memory with name: ResMLP_SAT11_outer4
[I 2025-05-11 05:29:11,673] Trial 0 finished with value: 0.0 and parameters: {'n_blocks': 5, 'd_block': 128, 'd_hidden': 10, 'd_hidden_multiplier': 1.386166388066197, 'dropout1': 0.38521479098377426, 'dropout2': 0.055166441793000044}. Best is trial 0 with value: 0.0.
[I 2025-05-11 05:29:12,056] Trial 1 finished with value: 0.0 and parameters: {'n_blocks': 3, 'd_block': 128, 'd_hidden': 2, 'd_hidden_multiplier': 1.6636598385602486, 'dropout1': 0.36373705282067786, 'dropout2': 0.19741425556942993}. Best is trial 0 with value: 0.0.
[I 2025-05-11 05:29:12,328] Trial 2 finished with value: 0.0 and parameters: {'n_blocks': 2, 'd_block': 128, 'd_hidden': 4, 'd_hidden_multiplier': 3.145852304129766, 'dropout1': 0.21779273000206298, 'dropout2': 0.11333240042929887}. Best is trial 0 with value: 0.0.
[I 2025-05-11 05:29:12,591] Trial 3 finished with value: 0.0 and parameters: {'n_blocks': 2, 'd_block': 128, 'd_hidden': 2, 'd_hidden_multiplier': 2.513987126595506, 'dropout1': 0.29434440212091484, 'dropout2': 0.2825284329897102}. Best is trial 0 with value: 0.0.
[I 2025-05-11 05:29:12,874] Trial 4 finished with value: 0.0 and parameters: {'n_blocks': 2, 'd_block': 256, 'd_hidden': 3, 'd_hidden_multiplier': 2.866400373154463, 'dropout1': 0.47525519757629586, 'dropout2': 0.20903221889046875}. Best is trial 0 with value: 0.0.
[I 2025-05-11 05:29:12,951] A new study created in memory with name: ResMLP_SAT11_outer5
[I 2025-05-11 05:29:13,252] Trial 0 finished with value: 0.0 and parameters: {'n_blocks': 4, 'd_block': 64, 'd_hidden': 8, 'd_hidden_multiplier': 2.194794013507648, 'dropout1': 0.04188464221163944, 'dropout2': 0.06911609535851565}. Best is trial 0 with value: 0.0.
[I 2025-05-11 05:29:13,580] Trial 1 finished with value: 0.0 and parameters: {'n_blocks': 2, 'd_block': 256, 'd_hidden': 5, 'd_hidden_multiplier': 1.8999857412227013, 'dropout1': 0.00560707642345795, 'dropout2': 0.2339833838525888}. Best is trial 0 with value: 0.0.
[I 2025-05-11 05:29:13,878] Trial 2 finished with value: 0.0 and parameters: {'n_blocks': 2, 'd_block': 64, 'd_hidden': 8, 'd_hidden_multiplier': 1.2634844470922815, 'dropout1': 0.33466625186146276, 'dropout2': 0.015500241607647684}. Best is trial 0 with value: 0.0.
[I 2025-05-11 05:29:14,187] Trial 3 finished with value: 0.0 and parameters: {'n_blocks': 2, 'd_block': 256, 'd_hidden': 2, 'd_hidden_multiplier': 4.193593059225974, 'dropout1': 0.33332420827402076, 'dropout2': 0.054474818042308214}. Best is trial 0 with value: 0.0.
[I 2025-05-11 05:29:14,515] Trial 4 finished with value: 0.0 and parameters: {'n_blocks': 4, 'd_block': 256, 'd_hidden': 2, 'd_hidden_multiplier': 1.5616116268451414, 'dropout1': 0.17687354785598192, 'dropout2': 0.23503306357783943}. Best is trial 0 with value: 0.0.
[I 2025-05-11 05:29:18,714] A new study created in memory with name: ResMLP_House_Prices_Nominal_outer1
[I 2025-05-11 05:29:20,627] Trial 0 finished with value: 2.8838798666666667 and parameters: {'n_blocks': 6, 'd_block': 64, 'd_hidden': 2, 'd_hidden_multiplier': 2.070855483916352, 'dropout1': 0.4836944788590653, 'dropout2': 0.2547971247955506}. Best is trial 0 with value: 2.8838798666666667.
[I 2025-05-11 05:29:21,711] Trial 1 finished with value: 2.7435296 and parameters: {'n_blocks': 3, 'd_block': 256, 'd_hidden': 7, 'd_hidden_multiplier': 4.514446915686346, 'dropout1': 0.22741806863949962, 'dropout2': 0.2180202518788618}. Best is trial 1 with value: 2.7435296.
[I 2025-05-11 05:29:22,680] Trial 2 finished with value: 2.9049686666666665 and parameters: {'n_blocks': 2, 'd_block': 128, 'd_hidden': 5, 'd_hidden_multiplier': 2.642933413683944, 'dropout1': 0.10646314767271045, 'dropout2': 0.184820312511726}. Best is trial 1 with value: 2.7435296.
[I 2025-05-11 05:29:23,725] Trial 3 finished with value: 2.818845066666667 and parameters: {'n_blocks': 3, 'd_block': 256, 'd_hidden': 4, 'd_hidden_multiplier': 3.724270490759609, 'dropout1': 0.031816099142092866, 'dropout2': 0.22836074408821866}. Best is trial 1 with value: 2.7435296.
[I 2025-05-11 05:29:24,779] Trial 4 finished with value: 2.7927996 and parameters: {'n_blocks': 3, 'd_block': 256, 'd_hidden': 3, 'd_hidden_multiplier': 4.508164231208995, 'dropout1': 0.4788525066982132, 'dropout2': 0.24357271953760093}. Best is trial 1 with value: 2.7435296.
[I 2025-05-11 05:29:25,049] A new study created in memory with name: ResMLP_House_Prices_Nominal_outer2
[I 2025-05-11 05:29:26,074] Trial 0 finished with value: 2.8981180666666666 and parameters: {'n_blocks': 2, 'd_block': 128, 'd_hidden': 3, 'd_hidden_multiplier': 1.1967817359986996, 'dropout1': 0.3182446255059593, 'dropout2': 0.08882754271592311}. Best is trial 0 with value: 2.8981180666666666.
[I 2025-05-11 05:29:27,204] Trial 1 finished with value: 2.8168270666666664 and parameters: {'n_blocks': 6, 'd_block': 128, 'd_hidden': 3, 'd_hidden_multiplier': 1.786802704482205, 'dropout1': 0.3816755490985569, 'dropout2': 0.08630777339555895}. Best is trial 1 with value: 2.8168270666666664.
[I 2025-05-11 05:29:28,257] Trial 2 finished with value: 2.8575106666666668 and parameters: {'n_blocks': 3, 'd_block': 64, 'd_hidden': 8, 'd_hidden_multiplier': 3.9021083388941675, 'dropout1': 0.4990029654817019, 'dropout2': 0.009439072809591128}. Best is trial 1 with value: 2.8168270666666664.
[I 2025-05-11 05:29:29,297] Trial 3 finished with value: 3.0020686333333333 and parameters: {'n_blocks': 3, 'd_block': 64, 'd_hidden': 4, 'd_hidden_multiplier': 1.6254486735223417, 'dropout1': 0.35236693705363653, 'dropout2': 0.20561416072622518}. Best is trial 1 with value: 2.8168270666666664.
[I 2025-05-11 05:29:30,515] Trial 4 finished with value: 2.687758933333333 and parameters: {'n_blocks': 5, 'd_block': 256, 'd_hidden': 8, 'd_hidden_multiplier': 4.508632986214291, 'dropout1': 0.38255173862728586, 'dropout2': 0.29424418737062025}. Best is trial 4 with value: 2.687758933333333.
[I 2025-05-11 05:29:30,803] A new study created in memory with name: ResMLP_House_Prices_Nominal_outer3
[I 2025-05-11 05:29:31,677] Trial 0 finished with value: 2.8359532666666665 and parameters: {'n_blocks': 4, 'd_block': 64, 'd_hidden': 2, 'd_hidden_multiplier': 1.5306108054733278, 'dropout1': 0.47074714874121176, 'dropout2': 0.017533166667694795}. Best is trial 0 with value: 2.8359532666666665.
[I 2025-05-11 05:29:32,561] Trial 1 finished with value: 2.7878201333333332 and parameters: {'n_blocks': 3, 'd_block': 128, 'd_hidden': 8, 'd_hidden_multiplier': 3.867641240114759, 'dropout1': 0.2597622383061897, 'dropout2': 0.24083413798478623}. Best is trial 1 with value: 2.7878201333333332.
[I 2025-05-11 05:29:33,412] Trial 2 finished with value: 2.7974240666666668 and parameters: {'n_blocks': 3, 'd_block': 128, 'd_hidden': 6, 'd_hidden_multiplier': 1.8517758973919443, 'dropout1': 0.08556493976490878, 'dropout2': 0.1890971094363029}. Best is trial 1 with value: 2.7878201333333332.
[I 2025-05-11 05:29:34,311] Trial 3 finished with value: 2.7415463333333334 and parameters: {'n_blocks': 4, 'd_block': 256, 'd_hidden': 2, 'd_hidden_multiplier': 1.3709674297417445, 'dropout1': 0.4328849233188455, 'dropout2': 0.03863249998871383}. Best is trial 3 with value: 2.7415463333333334.
[I 2025-05-11 05:29:35,167] Trial 4 finished with value: 2.7754942666666667 and parameters: {'n_blocks': 3, 'd_block': 128, 'd_hidden': 3, 'd_hidden_multiplier': 3.454874277676865, 'dropout1': 0.4822195970551557, 'dropout2': 0.10506683405958218}. Best is trial 3 with value: 2.7415463333333334.
[I 2025-05-11 05:29:35,380] A new study created in memory with name: ResMLP_House_Prices_Nominal_outer4
[I 2025-05-11 05:29:36,368] Trial 0 finished with value: 2.9498308 and parameters: {'n_blocks': 3, 'd_block': 64, 'd_hidden': 4, 'd_hidden_multiplier': 2.4324526087237843, 'dropout1': 0.3645241513819424, 'dropout2': 0.08363384592374776}. Best is trial 0 with value: 2.9498308.
[I 2025-05-11 05:29:37,356] Trial 1 finished with value: 2.954685233333333 and parameters: {'n_blocks': 3, 'd_block': 64, 'd_hidden': 7, 'd_hidden_multiplier': 2.92704335086981, 'dropout1': 0.4563574680474897, 'dropout2': 0.17302797692701694}. Best is trial 0 with value: 2.9498308.
[I 2025-05-11 05:29:38,314] Trial 2 finished with value: 2.946300466666667 and parameters: {'n_blocks': 2, 'd_block': 64, 'd_hidden': 3, 'd_hidden_multiplier': 4.679906278379794, 'dropout1': 0.03541746846135955, 'dropout2': 0.22933150582603873}. Best is trial 2 with value: 2.946300466666667.
[I 2025-05-11 05:29:39,282] Trial 3 finished with value: 2.843422233333333 and parameters: {'n_blocks': 2, 'd_block': 256, 'd_hidden': 5, 'd_hidden_multiplier': 1.2376387340879995, 'dropout1': 0.43779695977396316, 'dropout2': 0.2912971979502292}. Best is trial 3 with value: 2.843422233333333.
[I 2025-05-11 05:29:40,282] Trial 4 finished with value: 2.9681562666666665 and parameters: {'n_blocks': 4, 'd_block': 64, 'd_hidden': 3, 'd_hidden_multiplier': 2.372542760022024, 'dropout1': 0.17737450714498676, 'dropout2': 0.1567251484398837}. Best is trial 3 with value: 2.843422233333333.
[I 2025-05-11 05:29:40,531] A new study created in memory with name: ResMLP_House_Prices_Nominal_outer5
[I 2025-05-11 05:29:41,458] Trial 0 finished with value: 2.9878256 and parameters: {'n_blocks': 2, 'd_block': 64, 'd_hidden': 2, 'd_hidden_multiplier': 2.078442843005672, 'dropout1': 0.4423882697130864, 'dropout2': 0.24531214251726427}. Best is trial 0 with value: 2.9878256.
[I 2025-05-11 05:29:42,474] Trial 1 finished with value: 2.8579391999999997 and parameters: {'n_blocks': 5, 'd_block': 64, 'd_hidden': 8, 'd_hidden_multiplier': 4.47148589916123, 'dropout1': 0.301247931991077, 'dropout2': 0.21494775864792795}. Best is trial 1 with value: 2.8579391999999997.
[I 2025-05-11 05:29:43,491] Trial 2 finished with value: 2.9104567 and parameters: {'n_blocks': 5, 'd_block': 64, 'd_hidden': 3, 'd_hidden_multiplier': 2.066420696205837, 'dropout1': 0.38918317806094, 'dropout2': 0.08523373193119652}. Best is trial 1 with value: 2.8579391999999997.
[I 2025-05-11 05:29:44,489] Trial 3 finished with value: 2.8631296666666666 and parameters: {'n_blocks': 4, 'd_block': 128, 'd_hidden': 9, 'd_hidden_multiplier': 1.4751385595121362, 'dropout1': 0.1260508681255749, 'dropout2': 0.0103589684680529}. Best is trial 1 with value: 2.8579391999999997.
[I 2025-05-11 05:29:45,512] Trial 4 finished with value: 2.8859410333333337 and parameters: {'n_blocks': 5, 'd_block': 128, 'd_hidden': 5, 'd_hidden_multiplier': 1.3352971449416298, 'dropout1': 0.36736270973982094, 'dropout2': 0.11099874474311695}. Best is trial 1 with value: 2.8579391999999997.
[I 2025-05-11 05:29:50,742] A new study created in memory with name: ResMLP_Mercedes_Benz_outer1
[I 2025-05-11 05:29:53,992] Trial 0 finished with value: 2.576754666666667 and parameters: {'n_blocks': 2, 'd_block': 128, 'd_hidden': 2, 'd_hidden_multiplier': 2.6600868617223994, 'dropout1': 0.4540463238082277, 'dropout2': 0.2560038628965023}. Best is trial 0 with value: 2.576754666666667.
[I 2025-05-11 05:29:56,026] Trial 1 finished with value: 2.6024291 and parameters: {'n_blocks': 4, 'd_block': 64, 'd_hidden': 2, 'd_hidden_multiplier': 2.495856179968055, 'dropout1': 0.3948150912257338, 'dropout2': 0.035898878821543335}. Best is trial 0 with value: 2.576754666666667.
[I 2025-05-11 05:29:58,257] Trial 2 finished with value: 2.3451876666666664 and parameters: {'n_blocks': 5, 'd_block': 128, 'd_hidden': 2, 'd_hidden_multiplier': 3.1883698173547588, 'dropout1': 0.027980357284652556, 'dropout2': 0.1602245513639785}. Best is trial 2 with value: 2.3451876666666664.
[I 2025-05-11 05:30:00,362] Trial 3 finished with value: 2.5873451666666667 and parameters: {'n_blocks': 5, 'd_block': 64, 'd_hidden': 3, 'd_hidden_multiplier': 4.003461381097309, 'dropout1': 0.48710570038911316, 'dropout2': 0.12238300744029058}. Best is trial 2 with value: 2.3451876666666664.
[I 2025-05-11 05:30:02,352] Trial 4 finished with value: 2.5578833666666667 and parameters: {'n_blocks': 2, 'd_block': 128, 'd_hidden': 3, 'd_hidden_multiplier': 1.750688017881222, 'dropout1': 0.29034487673426523, 'dropout2': 0.15192653461884345}. Best is trial 2 with value: 2.3451876666666664.
[I 2025-05-11 05:30:02,823] A new study created in memory with name: ResMLP_Mercedes_Benz_outer2
[I 2025-05-11 05:30:05,009] Trial 0 finished with value: 2.627381233333333 and parameters: {'n_blocks': 6, 'd_block': 64, 'd_hidden': 4, 'd_hidden_multiplier': 2.231441245189239, 'dropout1': 0.1811270905271933, 'dropout2': 0.042758350344810944}. Best is trial 0 with value: 2.627381233333333.
[I 2025-05-11 05:30:07,000] Trial 1 finished with value: 2.7384584999999992 and parameters: {'n_blocks': 2, 'd_block': 64, 'd_hidden': 7, 'd_hidden_multiplier': 1.0127025289731089, 'dropout1': 0.3699687682679979, 'dropout2': 0.1301955431345254}. Best is trial 0 with value: 2.627381233333333.
[I 2025-05-11 05:30:09,091] Trial 2 finished with value: 2.6085703333333337 and parameters: {'n_blocks': 4, 'd_block': 64, 'd_hidden': 10, 'd_hidden_multiplier': 4.132075002548271, 'dropout1': 0.0843471678500951, 'dropout2': 0.27941338323575743}. Best is trial 2 with value: 2.6085703333333337.
[I 2025-05-11 05:30:11,199] Trial 3 finished with value: 2.5950621 and parameters: {'n_blocks': 4, 'd_block': 128, 'd_hidden': 2, 'd_hidden_multiplier': 1.0246422074091037, 'dropout1': 0.35743433542789155, 'dropout2': 0.06366543712427611}. Best is trial 3 with value: 2.5950621.
[I 2025-05-11 05:30:13,413] Trial 4 finished with value: 2.2148373 and parameters: {'n_blocks': 6, 'd_block': 256, 'd_hidden': 2, 'd_hidden_multiplier': 1.3141457218033745, 'dropout1': 0.43881535213554307, 'dropout2': 0.013651394085951162}. Best is trial 4 with value: 2.2148373.
[I 2025-05-11 05:30:13,951] A new study created in memory with name: ResMLP_Mercedes_Benz_outer3
[I 2025-05-11 05:30:16,008] Trial 0 finished with value: 2.566536066666667 and parameters: {'n_blocks': 3, 'd_block': 128, 'd_hidden': 4, 'd_hidden_multiplier': 1.757610686330825, 'dropout1': 0.1380240867661129, 'dropout2': 0.16479139779988303}. Best is trial 0 with value: 2.566536066666667.
[I 2025-05-11 05:30:18,127] Trial 1 finished with value: 2.412125866666667 and parameters: {'n_blocks': 4, 'd_block': 128, 'd_hidden': 9, 'd_hidden_multiplier': 4.9406613980713, 'dropout1': 0.060053466936682044, 'dropout2': 0.27697950853815667}. Best is trial 1 with value: 2.412125866666667.
[I 2025-05-11 05:30:20,135] Trial 2 finished with value: 2.6108526333333333 and parameters: {'n_blocks': 2, 'd_block': 128, 'd_hidden': 2, 'd_hidden_multiplier': 1.8545563483508345, 'dropout1': 0.06374700805499234, 'dropout2': 0.02880905330532218}. Best is trial 1 with value: 2.412125866666667.
[I 2025-05-11 05:30:22,208] Trial 3 finished with value: 2.3185933333333333 and parameters: {'n_blocks': 2, 'd_block': 256, 'd_hidden': 5, 'd_hidden_multiplier': 3.2899434803332634, 'dropout1': 0.24671831269566918, 'dropout2': 0.1704274286728229}. Best is trial 3 with value: 2.3185933333333333.
[I 2025-05-11 05:30:24,206] Trial 4 finished with value: 2.543937066666666 and parameters: {'n_blocks': 2, 'd_block': 128, 'd_hidden': 2, 'd_hidden_multiplier': 4.7762370068435755, 'dropout1': 0.22524976316279965, 'dropout2': 0.14513397769552358}. Best is trial 3 with value: 2.3185933333333333.
[I 2025-05-11 05:30:24,710] A new study created in memory with name: ResMLP_Mercedes_Benz_outer4
[I 2025-05-11 05:30:26,778] Trial 0 finished with value: 2.511442366666667 and parameters: {'n_blocks': 4, 'd_block': 128, 'd_hidden': 2, 'd_hidden_multiplier': 2.8127322961154486, 'dropout1': 0.44079818253486147, 'dropout2': 0.20612630332170628}. Best is trial 0 with value: 2.511442366666667.
[I 2025-05-11 05:30:28,814] Trial 1 finished with value: 2.655869033333333 and parameters: {'n_blocks': 4, 'd_block': 64, 'd_hidden': 5, 'd_hidden_multiplier': 3.3814108569831025, 'dropout1': 0.437157129706471, 'dropout2': 0.0768766477967897}. Best is trial 0 with value: 2.511442366666667.
[I 2025-05-11 05:30:30,789] Trial 2 finished with value: 2.4678746333333335 and parameters: {'n_blocks': 2, 'd_block': 256, 'd_hidden': 10, 'd_hidden_multiplier': 1.5895147956391773, 'dropout1': 0.20170933409513284, 'dropout2': 0.07621343570961411}. Best is trial 2 with value: 2.4678746333333335.
[I 2025-05-11 05:30:32,845] Trial 3 finished with value: 2.5341143666666666 and parameters: {'n_blocks': 4, 'd_block': 128, 'd_hidden': 2, 'd_hidden_multiplier': 2.270258023485624, 'dropout1': 0.20939625593904965, 'dropout2': 0.15369416914039655}. Best is trial 2 with value: 2.4678746333333335.
[I 2025-05-11 05:30:34,802] Trial 4 finished with value: 2.495994366666667 and parameters: {'n_blocks': 2, 'd_block': 256, 'd_hidden': 8, 'd_hidden_multiplier': 1.1644729930034956, 'dropout1': 0.07550061932090903, 'dropout2': 0.24876520431015203}. Best is trial 2 with value: 2.4678746333333335.
[I 2025-05-11 05:30:35,280] A new study created in memory with name: ResMLP_Mercedes_Benz_outer5
[I 2025-05-11 05:30:37,250] Trial 0 finished with value: 2.6155725666666667 and parameters: {'n_blocks': 2, 'd_block': 128, 'd_hidden': 6, 'd_hidden_multiplier': 1.107205934868302, 'dropout1': 0.16284961463209105, 'dropout2': 0.02165417816276857}. Best is trial 0 with value: 2.6155725666666667.
[I 2025-05-11 05:30:39,920] Trial 1 finished with value: 2.3511242 and parameters: {'n_blocks': 6, 'd_block': 128, 'd_hidden': 3, 'd_hidden_multiplier': 2.9616745667792803, 'dropout1': 0.43263665304143234, 'dropout2': 0.10108396479582388}. Best is trial 1 with value: 2.3511242.
