[I 2025-05-03 22:42:05,344] A new study created in memory with name: ResMLP_Brazillian_Houses_outer1
/home/mburu/.local/lib/python3.8/site-packages/sklearn/preprocessing/_discretization.py:322: UserWarning: Bins whose width are too small (i.e., <= 1e-8) in feature 0 are removed. Consider decreasing the number of bins.
  warnings.warn(
/home/mburu/.local/lib/python3.8/site-packages/sklearn/preprocessing/_discretization.py:322: UserWarning: Bins whose width are too small (i.e., <= 1e-8) in feature 0 are removed. Consider decreasing the number of bins.
  warnings.warn(
/home/mburu/.local/lib/python3.8/site-packages/sklearn/preprocessing/_discretization.py:322: UserWarning: Bins whose width are too small (i.e., <= 1e-8) in feature 0 are removed. Consider decreasing the number of bins.
  warnings.warn(
/home/mburu/.local/lib/python3.8/site-packages/sklearn/preprocessing/_discretization.py:322: UserWarning: Bins whose width are too small (i.e., <= 1e-8) in feature 0 are removed. Consider decreasing the number of bins.
  warnings.warn(
[I 2025-05-03 22:42:06,490] Trial 0 finished with value: 0.0 and parameters: {'n_blocks': 4, 'd_block': 64, 'd_hidden': 2, 'd_hidden_multiplier': 1.9907243932106922, 'dropout1': 0.41090747889661466, 'dropout2': 0.21956155173360728}. Best is trial 0 with value: 0.0.
/home/mburu/.local/lib/python3.8/site-packages/sklearn/preprocessing/_discretization.py:322: UserWarning: Bins whose width are too small (i.e., <= 1e-8) in feature 0 are removed. Consider decreasing the number of bins.
  warnings.warn(
/home/mburu/.local/lib/python3.8/site-packages/sklearn/preprocessing/_discretization.py:322: UserWarning: Bins whose width are too small (i.e., <= 1e-8) in feature 0 are removed. Consider decreasing the number of bins.
  warnings.warn(
/home/mburu/.local/lib/python3.8/site-packages/sklearn/preprocessing/_discretization.py:322: UserWarning: Bins whose width are too small (i.e., <= 1e-8) in feature 0 are removed. Consider decreasing the number of bins.
  warnings.warn(
/home/mburu/.local/lib/python3.8/site-packages/sklearn/preprocessing/_discretization.py:322: UserWarning: Bins whose width are too small (i.e., <= 1e-8) in feature 0 are removed. Consider decreasing the number of bins.
  warnings.warn(
[I 2025-05-03 22:42:07,013] Trial 1 finished with value: 0.0 and parameters: {'n_blocks': 3, 'd_block': 64, 'd_hidden': 2, 'd_hidden_multiplier': 2.1871251265390796, 'dropout1': 0.4192762454463877, 'dropout2': 0.0443609851369172}. Best is trial 0 with value: 0.0.
/home/mburu/.local/lib/python3.8/site-packages/sklearn/preprocessing/_discretization.py:322: UserWarning: Bins whose width are too small (i.e., <= 1e-8) in feature 0 are removed. Consider decreasing the number of bins.
  warnings.warn(
/home/mburu/.local/lib/python3.8/site-packages/sklearn/preprocessing/_discretization.py:322: UserWarning: Bins whose width are too small (i.e., <= 1e-8) in feature 0 are removed. Consider decreasing the number of bins.
  warnings.warn(
/home/mburu/.local/lib/python3.8/site-packages/sklearn/preprocessing/_discretization.py:322: UserWarning: Bins whose width are too small (i.e., <= 1e-8) in feature 0 are removed. Consider decreasing the number of bins.
  warnings.warn(
/home/mburu/.local/lib/python3.8/site-packages/sklearn/preprocessing/_discretization.py:322: UserWarning: Bins whose width are too small (i.e., <= 1e-8) in feature 0 are removed. Consider decreasing the number of bins.
  warnings.warn(
[I 2025-05-03 22:42:07,569] Trial 2 finished with value: 0.0 and parameters: {'n_blocks': 3, 'd_block': 256, 'd_hidden': 3, 'd_hidden_multiplier': 2.089299585163017, 'dropout1': 0.10552131553447737, 'dropout2': 0.27664084331887556}. Best is trial 0 with value: 0.0.
/home/mburu/.local/lib/python3.8/site-packages/sklearn/preprocessing/_discretization.py:322: UserWarning: Bins whose width are too small (i.e., <= 1e-8) in feature 0 are removed. Consider decreasing the number of bins.
  warnings.warn(
/home/mburu/.local/lib/python3.8/site-packages/sklearn/preprocessing/_discretization.py:322: UserWarning: Bins whose width are too small (i.e., <= 1e-8) in feature 0 are removed. Consider decreasing the number of bins.
  warnings.warn(
/home/mburu/.local/lib/python3.8/site-packages/sklearn/preprocessing/_discretization.py:322: UserWarning: Bins whose width are too small (i.e., <= 1e-8) in feature 0 are removed. Consider decreasing the number of bins.
  warnings.warn(
/home/mburu/.local/lib/python3.8/site-packages/sklearn/preprocessing/_discretization.py:322: UserWarning: Bins whose width are too small (i.e., <= 1e-8) in feature 0 are removed. Consider decreasing the number of bins.
  warnings.warn(
[I 2025-05-03 22:42:08,113] Trial 3 finished with value: 0.0 and parameters: {'n_blocks': 2, 'd_block': 256, 'd_hidden': 3, 'd_hidden_multiplier': 1.6101963089472051, 'dropout1': 0.333931227162716, 'dropout2': 0.24705970254534385}. Best is trial 0 with value: 0.0.
/home/mburu/.local/lib/python3.8/site-packages/sklearn/preprocessing/_discretization.py:322: UserWarning: Bins whose width are too small (i.e., <= 1e-8) in feature 0 are removed. Consider decreasing the number of bins.
  warnings.warn(
/home/mburu/.local/lib/python3.8/site-packages/sklearn/preprocessing/_discretization.py:322: UserWarning: Bins whose width are too small (i.e., <= 1e-8) in feature 0 are removed. Consider decreasing the number of bins.
  warnings.warn(
/home/mburu/.local/lib/python3.8/site-packages/sklearn/preprocessing/_discretization.py:322: UserWarning: Bins whose width are too small (i.e., <= 1e-8) in feature 0 are removed. Consider decreasing the number of bins.
  warnings.warn(
/home/mburu/.local/lib/python3.8/site-packages/sklearn/preprocessing/_discretization.py:322: UserWarning: Bins whose width are too small (i.e., <= 1e-8) in feature 0 are removed. Consider decreasing the number of bins.
  warnings.warn(
[I 2025-05-03 22:42:08,674] Trial 4 finished with value: 0.0 and parameters: {'n_blocks': 2, 'd_block': 256, 'd_hidden': 3, 'd_hidden_multiplier': 3.4383876745004134, 'dropout1': 0.22167394819095554, 'dropout2': 0.19783647644131647}. Best is trial 0 with value: 0.0.
/home/mburu/.local/lib/python3.8/site-packages/sklearn/preprocessing/_discretization.py:322: UserWarning: Bins whose width are too small (i.e., <= 1e-8) in feature 0 are removed. Consider decreasing the number of bins.
  warnings.warn(
[I 2025-05-03 22:42:08,837] A new study created in memory with name: ResMLP_Brazillian_Houses_outer2
/home/mburu/.local/lib/python3.8/site-packages/sklearn/preprocessing/_discretization.py:322: UserWarning: Bins whose width are too small (i.e., <= 1e-8) in feature 0 are removed. Consider decreasing the number of bins.
  warnings.warn(
/home/mburu/.local/lib/python3.8/site-packages/sklearn/preprocessing/_discretization.py:322: UserWarning: Bins whose width are too small (i.e., <= 1e-8) in feature 0 are removed. Consider decreasing the number of bins.
  warnings.warn(
/home/mburu/.local/lib/python3.8/site-packages/sklearn/preprocessing/_discretization.py:322: UserWarning: Bins whose width are too small (i.e., <= 1e-8) in feature 0 are removed. Consider decreasing the number of bins.
  warnings.warn(
/home/mburu/.local/lib/python3.8/site-packages/sklearn/preprocessing/_discretization.py:322: UserWarning: Bins whose width are too small (i.e., <= 1e-8) in feature 0 are removed. Consider decreasing the number of bins.
  warnings.warn(
/home/mburu/.local/lib/python3.8/site-packages/sklearn/preprocessing/_discretization.py:322: UserWarning: Bins whose width are too small (i.e., <= 1e-8) in feature 0 are removed. Consider decreasing the number of bins.
  warnings.warn(
[I 2025-05-03 22:42:09,423] Trial 0 finished with value: 0.0 and parameters: {'n_blocks': 2, 'd_block': 64, 'd_hidden': 5, 'd_hidden_multiplier': 3.652161980877102, 'dropout1': 0.27274379674252164, 'dropout2': 0.25176563627755694}. Best is trial 0 with value: 0.0.
/home/mburu/.local/lib/python3.8/site-packages/sklearn/preprocessing/_discretization.py:322: UserWarning: Bins whose width are too small (i.e., <= 1e-8) in feature 0 are removed. Consider decreasing the number of bins.
  warnings.warn(
/home/mburu/.local/lib/python3.8/site-packages/sklearn/preprocessing/_discretization.py:322: UserWarning: Bins whose width are too small (i.e., <= 1e-8) in feature 0 are removed. Consider decreasing the number of bins.
  warnings.warn(
/home/mburu/.local/lib/python3.8/site-packages/sklearn/preprocessing/_discretization.py:322: UserWarning: Bins whose width are too small (i.e., <= 1e-8) in feature 0 are removed. Consider decreasing the number of bins.
  warnings.warn(
/home/mburu/.local/lib/python3.8/site-packages/sklearn/preprocessing/_discretization.py:322: UserWarning: Bins whose width are too small (i.e., <= 1e-8) in feature 0 are removed. Consider decreasing the number of bins.
  warnings.warn(
/home/mburu/.local/lib/python3.8/site-packages/sklearn/preprocessing/_discretization.py:322: UserWarning: Bins whose width are too small (i.e., <= 1e-8) in feature 0 are removed. Consider decreasing the number of bins.
  warnings.warn(
[I 2025-05-03 22:42:10,008] Trial 1 finished with value: 0.0 and parameters: {'n_blocks': 3, 'd_block': 64, 'd_hidden': 5, 'd_hidden_multiplier': 2.562623571931333, 'dropout1': 0.48539386774918153, 'dropout2': 0.17742423472899307}. Best is trial 0 with value: 0.0.
/home/mburu/.local/lib/python3.8/site-packages/sklearn/preprocessing/_discretization.py:322: UserWarning: Bins whose width are too small (i.e., <= 1e-8) in feature 0 are removed. Consider decreasing the number of bins.
  warnings.warn(
/home/mburu/.local/lib/python3.8/site-packages/sklearn/preprocessing/_discretization.py:322: UserWarning: Bins whose width are too small (i.e., <= 1e-8) in feature 0 are removed. Consider decreasing the number of bins.
  warnings.warn(
/home/mburu/.local/lib/python3.8/site-packages/sklearn/preprocessing/_discretization.py:322: UserWarning: Bins whose width are too small (i.e., <= 1e-8) in feature 0 are removed. Consider decreasing the number of bins.
  warnings.warn(
/home/mburu/.local/lib/python3.8/site-packages/sklearn/preprocessing/_discretization.py:322: UserWarning: Bins whose width are too small (i.e., <= 1e-8) in feature 0 are removed. Consider decreasing the number of bins.
  warnings.warn(
/home/mburu/.local/lib/python3.8/site-packages/sklearn/preprocessing/_discretization.py:322: UserWarning: Bins whose width are too small (i.e., <= 1e-8) in feature 0 are removed. Consider decreasing the number of bins.
  warnings.warn(
[I 2025-05-03 22:42:10,607] Trial 2 finished with value: 0.0 and parameters: {'n_blocks': 3, 'd_block': 128, 'd_hidden': 3, 'd_hidden_multiplier': 4.954729418207378, 'dropout1': 0.2742923764247178, 'dropout2': 0.22999855233181468}. Best is trial 0 with value: 0.0.
/home/mburu/.local/lib/python3.8/site-packages/sklearn/preprocessing/_discretization.py:322: UserWarning: Bins whose width are too small (i.e., <= 1e-8) in feature 0 are removed. Consider decreasing the number of bins.
  warnings.warn(
/home/mburu/.local/lib/python3.8/site-packages/sklearn/preprocessing/_discretization.py:322: UserWarning: Bins whose width are too small (i.e., <= 1e-8) in feature 0 are removed. Consider decreasing the number of bins.
  warnings.warn(
/home/mburu/.local/lib/python3.8/site-packages/sklearn/preprocessing/_discretization.py:322: UserWarning: Bins whose width are too small (i.e., <= 1e-8) in feature 0 are removed. Consider decreasing the number of bins.
  warnings.warn(
/home/mburu/.local/lib/python3.8/site-packages/sklearn/preprocessing/_discretization.py:322: UserWarning: Bins whose width are too small (i.e., <= 1e-8) in feature 0 are removed. Consider decreasing the number of bins.
  warnings.warn(
/home/mburu/.local/lib/python3.8/site-packages/sklearn/preprocessing/_discretization.py:322: UserWarning: Bins whose width are too small (i.e., <= 1e-8) in feature 0 are removed. Consider decreasing the number of bins.
  warnings.warn(
[I 2025-05-03 22:42:11,245] Trial 3 finished with value: 0.0 and parameters: {'n_blocks': 4, 'd_block': 256, 'd_hidden': 9, 'd_hidden_multiplier': 2.2894816334007673, 'dropout1': 0.06467503698556949, 'dropout2': 0.0773297775631391}. Best is trial 0 with value: 0.0.
/home/mburu/.local/lib/python3.8/site-packages/sklearn/preprocessing/_discretization.py:322: UserWarning: Bins whose width are too small (i.e., <= 1e-8) in feature 0 are removed. Consider decreasing the number of bins.
  warnings.warn(
/home/mburu/.local/lib/python3.8/site-packages/sklearn/preprocessing/_discretization.py:322: UserWarning: Bins whose width are too small (i.e., <= 1e-8) in feature 0 are removed. Consider decreasing the number of bins.
  warnings.warn(
/home/mburu/.local/lib/python3.8/site-packages/sklearn/preprocessing/_discretization.py:322: UserWarning: Bins whose width are too small (i.e., <= 1e-8) in feature 0 are removed. Consider decreasing the number of bins.
  warnings.warn(
/home/mburu/.local/lib/python3.8/site-packages/sklearn/preprocessing/_discretization.py:322: UserWarning: Bins whose width are too small (i.e., <= 1e-8) in feature 0 are removed. Consider decreasing the number of bins.
  warnings.warn(
/home/mburu/.local/lib/python3.8/site-packages/sklearn/preprocessing/_discretization.py:322: UserWarning: Bins whose width are too small (i.e., <= 1e-8) in feature 0 are removed. Consider decreasing the number of bins.
  warnings.warn(
[I 2025-05-03 22:42:11,857] Trial 4 finished with value: 0.0 and parameters: {'n_blocks': 6, 'd_block': 128, 'd_hidden': 2, 'd_hidden_multiplier': 3.710304172796083, 'dropout1': 0.08429233267126604, 'dropout2': 0.16906363017156342}. Best is trial 0 with value: 0.0.
/home/mburu/.local/lib/python3.8/site-packages/sklearn/preprocessing/_discretization.py:322: UserWarning: Bins whose width are too small (i.e., <= 1e-8) in feature 0 are removed. Consider decreasing the number of bins.
  warnings.warn(
[I 2025-05-03 22:42:12,029] A new study created in memory with name: ResMLP_Brazillian_Houses_outer3
/home/mburu/.local/lib/python3.8/site-packages/sklearn/preprocessing/_discretization.py:322: UserWarning: Bins whose width are too small (i.e., <= 1e-8) in feature 0 are removed. Consider decreasing the number of bins.
  warnings.warn(
/home/mburu/.local/lib/python3.8/site-packages/sklearn/preprocessing/_discretization.py:322: UserWarning: Bins whose width are too small (i.e., <= 1e-8) in feature 0 are removed. Consider decreasing the number of bins.
  warnings.warn(
/home/mburu/.local/lib/python3.8/site-packages/sklearn/preprocessing/_discretization.py:322: UserWarning: Bins whose width are too small (i.e., <= 1e-8) in feature 0 are removed. Consider decreasing the number of bins.
  warnings.warn(
/home/mburu/.local/lib/python3.8/site-packages/sklearn/preprocessing/_discretization.py:322: UserWarning: Bins whose width are too small (i.e., <= 1e-8) in feature 0 are removed. Consider decreasing the number of bins.
  warnings.warn(
[I 2025-05-03 22:42:12,577] Trial 0 finished with value: 0.0 and parameters: {'n_blocks': 2, 'd_block': 128, 'd_hidden': 2, 'd_hidden_multiplier': 3.0659663175012137, 'dropout1': 0.18205878535246828, 'dropout2': 0.16383026587615424}. Best is trial 0 with value: 0.0.
/home/mburu/.local/lib/python3.8/site-packages/sklearn/preprocessing/_discretization.py:322: UserWarning: Bins whose width are too small (i.e., <= 1e-8) in feature 0 are removed. Consider decreasing the number of bins.
  warnings.warn(
/home/mburu/.local/lib/python3.8/site-packages/sklearn/preprocessing/_discretization.py:322: UserWarning: Bins whose width are too small (i.e., <= 1e-8) in feature 0 are removed. Consider decreasing the number of bins.
  warnings.warn(
/home/mburu/.local/lib/python3.8/site-packages/sklearn/preprocessing/_discretization.py:322: UserWarning: Bins whose width are too small (i.e., <= 1e-8) in feature 0 are removed. Consider decreasing the number of bins.
  warnings.warn(
/home/mburu/.local/lib/python3.8/site-packages/sklearn/preprocessing/_discretization.py:322: UserWarning: Bins whose width are too small (i.e., <= 1e-8) in feature 0 are removed. Consider decreasing the number of bins.
  warnings.warn(
[I 2025-05-03 22:42:13,217] Trial 1 finished with value: 0.0 and parameters: {'n_blocks': 4, 'd_block': 256, 'd_hidden': 2, 'd_hidden_multiplier': 4.298298327124604, 'dropout1': 0.338613443027002, 'dropout2': 0.12048559471586932}. Best is trial 0 with value: 0.0.
/home/mburu/.local/lib/python3.8/site-packages/sklearn/preprocessing/_discretization.py:322: UserWarning: Bins whose width are too small (i.e., <= 1e-8) in feature 0 are removed. Consider decreasing the number of bins.
  warnings.warn(
/home/mburu/.local/lib/python3.8/site-packages/sklearn/preprocessing/_discretization.py:322: UserWarning: Bins whose width are too small (i.e., <= 1e-8) in feature 0 are removed. Consider decreasing the number of bins.
  warnings.warn(
/home/mburu/.local/lib/python3.8/site-packages/sklearn/preprocessing/_discretization.py:322: UserWarning: Bins whose width are too small (i.e., <= 1e-8) in feature 0 are removed. Consider decreasing the number of bins.
  warnings.warn(
/home/mburu/.local/lib/python3.8/site-packages/sklearn/preprocessing/_discretization.py:322: UserWarning: Bins whose width are too small (i.e., <= 1e-8) in feature 0 are removed. Consider decreasing the number of bins.
  warnings.warn(
[I 2025-05-03 22:42:13,770] Trial 2 finished with value: 0.0 and parameters: {'n_blocks': 3, 'd_block': 128, 'd_hidden': 2, 'd_hidden_multiplier': 2.668011181744191, 'dropout1': 0.2711598655381907, 'dropout2': 0.24202120945229375}. Best is trial 0 with value: 0.0.
/home/mburu/.local/lib/python3.8/site-packages/sklearn/preprocessing/_discretization.py:322: UserWarning: Bins whose width are too small (i.e., <= 1e-8) in feature 0 are removed. Consider decreasing the number of bins.
  warnings.warn(
/home/mburu/.local/lib/python3.8/site-packages/sklearn/preprocessing/_discretization.py:322: UserWarning: Bins whose width are too small (i.e., <= 1e-8) in feature 0 are removed. Consider decreasing the number of bins.
  warnings.warn(
/home/mburu/.local/lib/python3.8/site-packages/sklearn/preprocessing/_discretization.py:322: UserWarning: Bins whose width are too small (i.e., <= 1e-8) in feature 0 are removed. Consider decreasing the number of bins.
  warnings.warn(
/home/mburu/.local/lib/python3.8/site-packages/sklearn/preprocessing/_discretization.py:322: UserWarning: Bins whose width are too small (i.e., <= 1e-8) in feature 0 are removed. Consider decreasing the number of bins.
  warnings.warn(
[I 2025-05-03 22:42:14,314] Trial 3 finished with value: 0.0 and parameters: {'n_blocks': 4, 'd_block': 128, 'd_hidden': 2, 'd_hidden_multiplier': 1.0402963169256845, 'dropout1': 0.40541766544455854, 'dropout2': 0.19299293325630415}. Best is trial 0 with value: 0.0.
/home/mburu/.local/lib/python3.8/site-packages/sklearn/preprocessing/_discretization.py:322: UserWarning: Bins whose width are too small (i.e., <= 1e-8) in feature 0 are removed. Consider decreasing the number of bins.
  warnings.warn(
/home/mburu/.local/lib/python3.8/site-packages/sklearn/preprocessing/_discretization.py:322: UserWarning: Bins whose width are too small (i.e., <= 1e-8) in feature 0 are removed. Consider decreasing the number of bins.
  warnings.warn(
/home/mburu/.local/lib/python3.8/site-packages/sklearn/preprocessing/_discretization.py:322: UserWarning: Bins whose width are too small (i.e., <= 1e-8) in feature 0 are removed. Consider decreasing the number of bins.
  warnings.warn(
/home/mburu/.local/lib/python3.8/site-packages/sklearn/preprocessing/_discretization.py:322: UserWarning: Bins whose width are too small (i.e., <= 1e-8) in feature 0 are removed. Consider decreasing the number of bins.
  warnings.warn(
[I 2025-05-03 22:42:14,876] Trial 4 finished with value: 0.0 and parameters: {'n_blocks': 3, 'd_block': 256, 'd_hidden': 5, 'd_hidden_multiplier': 1.1351123819371827, 'dropout1': 0.2320395171774665, 'dropout2': 0.020761788662201335}. Best is trial 0 with value: 0.0.
/home/mburu/.local/lib/python3.8/site-packages/sklearn/preprocessing/_discretization.py:322: UserWarning: Bins whose width are too small (i.e., <= 1e-8) in feature 0 are removed. Consider decreasing the number of bins.
  warnings.warn(
[I 2025-05-03 22:42:15,042] A new study created in memory with name: ResMLP_Brazillian_Houses_outer4
/home/mburu/.local/lib/python3.8/site-packages/sklearn/preprocessing/_discretization.py:322: UserWarning: Bins whose width are too small (i.e., <= 1e-8) in feature 0 are removed. Consider decreasing the number of bins.
  warnings.warn(
/home/mburu/.local/lib/python3.8/site-packages/sklearn/preprocessing/_discretization.py:322: UserWarning: Bins whose width are too small (i.e., <= 1e-8) in feature 0 are removed. Consider decreasing the number of bins.
  warnings.warn(
/home/mburu/.local/lib/python3.8/site-packages/sklearn/preprocessing/_discretization.py:322: UserWarning: Bins whose width are too small (i.e., <= 1e-8) in feature 0 are removed. Consider decreasing the number of bins.
  warnings.warn(
/home/mburu/.local/lib/python3.8/site-packages/sklearn/preprocessing/_discretization.py:322: UserWarning: Bins whose width are too small (i.e., <= 1e-8) in feature 0 are removed. Consider decreasing the number of bins.
  warnings.warn(
/home/mburu/.local/lib/python3.8/site-packages/sklearn/preprocessing/_discretization.py:322: UserWarning: Bins whose width are too small (i.e., <= 1e-8) in feature 0 are removed. Consider decreasing the number of bins.
  warnings.warn(
