[I 2025-01-12 07:07:46,744] Trial 13 finished with value: 4051726093.9679747 and parameters: {'n_trees': 200, 'maxleaf': 64, 'loss_de': 4, 'loss_dr': 0.9}. Best is trial 11 with value: 3936202050.4631286.
[I 2025-01-12 07:09:34,954] Trial 14 finished with value: 3634555333.5015116 and parameters: {'n_trees': 200, 'maxleaf': 64, 'loss_de': 5, 'loss_dr': 0.9}. Best is trial 14 with value: 3634555333.5015116.
[I 2025-01-12 07:11:04,925] Trial 15 finished with value: 4464403121.242008 and parameters: {'n_trees': 200, 'maxleaf': 64, 'loss_de': 4, 'loss_dr': 0.9}. Best is trial 14 with value: 3634555333.5015116.
[I 2025-01-12 07:12:34,185] Trial 16 finished with value: 4717600498.390993 and parameters: {'n_trees': 200, 'maxleaf': 64, 'loss_de': 2, 'loss_dr': 0.9}. Best is trial 14 with value: 3634555333.5015116.
[I 2025-01-12 07:14:08,079] Trial 17 finished with value: 4300954311.961065 and parameters: {'n_trees': 200, 'maxleaf': 64, 'loss_de': 5, 'loss_dr': 0.9}. Best is trial 14 with value: 3634555333.5015116.
[I 2025-01-12 07:15:41,840] Trial 18 finished with value: 4275906068.3113985 and parameters: {'n_trees': 200, 'maxleaf': 64, 'loss_de': 5, 'loss_dr': 0.9}. Best is trial 14 with value: 3634555333.5015116.
[I 2025-01-12 07:17:32,717] Trial 19 finished with value: 3989142671.8008776 and parameters: {'n_trees': 200, 'maxleaf': 64, 'loss_de': 3, 'loss_dr': 0.9}. Best is trial 14 with value: 3634555333.5015116.
[I 2025-01-12 07:19:08,443] Trial 20 finished with value: 4224692424.5140657 and parameters: {'n_trees': 200, 'maxleaf': 64, 'loss_de': 5, 'loss_dr': 0.9}. Best is trial 14 with value: 3634555333.5015116.
[I 2025-01-12 07:20:35,124] Trial 21 finished with value: 4402603687.625185 and parameters: {'n_trees': 100, 'maxleaf': 128, 'loss_de': 5, 'loss_dr': 0.9}. Best is trial 14 with value: 3634555333.5015116.
[I 2025-01-12 07:21:55,169] Trial 22 finished with value: 5019382928.084005 and parameters: {'n_trees': 100, 'maxleaf': 128, 'loss_de': 3, 'loss_dr': 0.9}. Best is trial 14 with value: 3634555333.5015116.
[I 2025-01-12 07:23:24,214] Trial 23 finished with value: 4326046734.20402 and parameters: {'n_trees': 100, 'maxleaf': 128, 'loss_de': 6, 'loss_dr': 0.9}. Best is trial 14 with value: 3634555333.5015116.
[I 2025-01-12 07:25:00,598] Trial 24 finished with value: 4278507776.3968287 and parameters: {'n_trees': 200, 'maxleaf': 64, 'loss_de': 4, 'loss_dr': 0.9}. Best is trial 14 with value: 3634555333.5015116.
[I 2025-01-12 07:25:35,437] Trial 25 finished with value: 25420905343.075554 and parameters: {'n_trees': 200, 'maxleaf': 64, 'loss_de': 10, 'loss_dr': 0.9}. Best is trial 14 with value: 3634555333.5015116.
[I 2025-01-12 07:26:38,970] Trial 26 finished with value: 17647298339.189247 and parameters: {'n_trees': 100, 'maxleaf': 128, 'loss_de': 6, 'loss_dr': 0.9}. Best is trial 14 with value: 3634555333.5015116.
[I 2025-01-12 07:27:13,119] Trial 27 finished with value: 25306109877.425915 and parameters: {'n_trees': 200, 'maxleaf': 64, 'loss_de': 8, 'loss_dr': 0.9}. Best is trial 14 with value: 3634555333.5015116.
[I 2025-01-12 07:28:25,521] Trial 28 finished with value: 4947625322.944424 and parameters: {'n_trees': 100, 'maxleaf': 128, 'loss_de': 5, 'loss_dr': 0.9}. Best is trial 14 with value: 3634555333.5015116.
[I 2025-01-12 07:29:15,855] Trial 29 finished with value: 25059989077.497353 and parameters: {'n_trees': 100, 'maxleaf': 64, 'loss_de': 9, 'loss_dr': 0.7}. Best is trial 14 with value: 3634555333.5015116.
[I 2025-01-12 07:30:39,617] Trial 30 finished with value: 10153485886.68989 and parameters: {'n_trees': 200, 'maxleaf': 64, 'loss_de': 7, 'loss_dr': 0.9}. Best is trial 14 with value: 3634555333.5015116.
[I 2025-01-12 07:32:07,634] Trial 31 finished with value: 4742146235.224569 and parameters: {'n_trees': 200, 'maxleaf': 64, 'loss_de': 3, 'loss_dr': 0.9}. Best is trial 14 with value: 3634555333.5015116.
[I 2025-01-12 07:33:28,345] Trial 32 finished with value: 4867239479.2727375 and parameters: {'n_trees': 200, 'maxleaf': 64, 'loss_de': 3, 'loss_dr': 0.9}. Best is trial 14 with value: 3634555333.5015116.
[I 2025-01-12 07:35:04,230] Trial 33 finished with value: 4259270377.532766 and parameters: {'n_trees': 200, 'maxleaf': 64, 'loss_de': 4, 'loss_dr': 0.9}. Best is trial 14 with value: 3634555333.5015116.
[I 2025-01-12 07:36:25,669] Trial 34 finished with value: 4882301680.68928 and parameters: {'n_trees': 200, 'maxleaf': 64, 'loss_de': 2, 'loss_dr': 0.9}. Best is trial 14 with value: 3634555333.5015116.
[I 2025-01-12 07:37:39,036] Trial 35 finished with value: 11177240526.016788 and parameters: {'n_trees': 200, 'maxleaf': 128, 'loss_de': 6, 'loss_dr': 0.7}. Best is trial 14 with value: 3634555333.5015116.
[I 2025-01-12 07:39:15,280] Trial 36 finished with value: 4288642589.7546434 and parameters: {'n_trees': 200, 'maxleaf': 64, 'loss_de': 3, 'loss_dr': 0.9}. Best is trial 14 with value: 3634555333.5015116.
[I 2025-01-12 07:40:10,211] Trial 37 finished with value: 19026748734.821705 and parameters: {'n_trees': 200, 'maxleaf': 128, 'loss_de': 7, 'loss_dr': 0.9}. Best is trial 14 with value: 3634555333.5015116.
[I 2025-01-12 07:41:01,119] Trial 38 finished with value: 17680979182.991405 and parameters: {'n_trees': 100, 'maxleaf': 64, 'loss_de': 6, 'loss_dr': 0.7}. Best is trial 14 with value: 3634555333.5015116.
[I 2025-01-12 07:42:19,587] Trial 39 finished with value: 4774176627.789268 and parameters: {'n_trees': 200, 'maxleaf': 128, 'loss_de': 4, 'loss_dr': 0.9}. Best is trial 14 with value: 3634555333.5015116.
[I 2025-01-12 07:43:44,557] Trial 40 finished with value: 4819420507.247702 and parameters: {'n_trees': 100, 'maxleaf': 64, 'loss_de': 5, 'loss_dr': 0.7}. Best is trial 14 with value: 3634555333.5015116.
[I 2025-01-12 07:45:07,939] Trial 41 finished with value: 4701894518.162527 and parameters: {'n_trees': 200, 'maxleaf': 64, 'loss_de': 4, 'loss_dr': 0.9}. Best is trial 14 with value: 3634555333.5015116.
[I 2025-01-12 07:46:38,406] Trial 42 finished with value: 4564605183.410604 and parameters: {'n_trees': 200, 'maxleaf': 64, 'loss_de': 3, 'loss_dr': 0.9}. Best is trial 14 with value: 3634555333.5015116.
[I 2025-01-12 07:48:08,017] Trial 43 finished with value: 4511881668.948016 and parameters: {'n_trees': 200, 'maxleaf': 64, 'loss_de': 4, 'loss_dr': 0.9}. Best is trial 14 with value: 3634555333.5015116.
[I 2025-01-12 07:49:44,177] Trial 44 finished with value: 4167213059.1815443 and parameters: {'n_trees': 200, 'maxleaf': 64, 'loss_de': 5, 'loss_dr': 0.9}. Best is trial 14 with value: 3634555333.5015116.
[I 2025-01-12 07:50:20,033] Trial 45 finished with value: 24889439458.069958 and parameters: {'n_trees': 200, 'maxleaf': 64, 'loss_de': 7, 'loss_dr': 0.9}. Best is trial 14 with value: 3634555333.5015116.
[I 2025-01-12 07:51:58,682] Trial 46 finished with value: 4383899558.977747 and parameters: {'n_trees': 200, 'maxleaf': 64, 'loss_de': 2, 'loss_dr': 0.9}. Best is trial 14 with value: 3634555333.5015116.
[I 2025-01-12 07:53:32,054] Trial 47 finished with value: 4272958126.2700133 and parameters: {'n_trees': 100, 'maxleaf': 128, 'loss_de': 4, 'loss_dr': 0.9}. Best is trial 14 with value: 3634555333.5015116.
[I 2025-01-12 07:55:05,553] Trial 48 finished with value: 4505719392.3843975 and parameters: {'n_trees': 200, 'maxleaf': 64, 'loss_de': 3, 'loss_dr': 0.9}. Best is trial 14 with value: 3634555333.5015116.
[I 2025-01-12 07:56:45,750] Trial 49 finished with value: 4398807050.837104 and parameters: {'n_trees': 200, 'maxleaf': 64, 'loss_de': 5, 'loss_dr': 0.7}. Best is trial 14 with value: 3634555333.5015116.
[I 2025-01-12 07:57:57,179] Trial 50 finished with value: 11274990968.512434 and parameters: {'n_trees': 100, 'maxleaf': 128, 'loss_de': 6, 'loss_dr': 0.9}. Best is trial 14 with value: 3634555333.5015116.
[I 2025-01-12 07:59:22,105] Trial 51 finished with value: 4580181457.312378 and parameters: {'n_trees': 200, 'maxleaf': 64, 'loss_de': 5, 'loss_dr': 0.9}. Best is trial 14 with value: 3634555333.5015116.
[I 2025-01-12 08:00:51,022] Trial 52 finished with value: 4482020251.299837 and parameters: {'n_trees': 200, 'maxleaf': 64, 'loss_de': 4, 'loss_dr': 0.9}. Best is trial 14 with value: 3634555333.5015116.
[I 2025-01-12 08:02:08,155] Trial 53 finished with value: 4843245560.0351925 and parameters: {'n_trees': 200, 'maxleaf': 64, 'loss_de': 5, 'loss_dr': 0.9}. Best is trial 14 with value: 3634555333.5015116.
[I 2025-01-12 08:03:43,400] Trial 54 finished with value: 4025197349.3984594 and parameters: {'n_trees': 200, 'maxleaf': 64, 'loss_de': 6, 'loss_dr': 0.9}. Best is trial 14 with value: 3634555333.5015116.
[I 2025-01-12 08:04:47,356] Trial 55 finished with value: 11855826083.89626 and parameters: {'n_trees': 200, 'maxleaf': 64, 'loss_de': 6, 'loss_dr': 0.9}. Best is trial 14 with value: 3634555333.5015116.
[I 2025-01-12 08:06:05,600] Trial 56 finished with value: 11341215186.963945 and parameters: {'n_trees': 200, 'maxleaf': 64, 'loss_de': 7, 'loss_dr': 0.9}. Best is trial 14 with value: 3634555333.5015116.
[I 2025-01-12 08:07:51,422] Trial 57 finished with value: 4079549750.411859 and parameters: {'n_trees': 200, 'maxleaf': 64, 'loss_de': 3, 'loss_dr': 0.9}. Best is trial 14 with value: 3634555333.5015116.
[I 2025-01-12 08:09:04,180] Trial 58 finished with value: 10757290126.722816 and parameters: {'n_trees': 100, 'maxleaf': 128, 'loss_de': 6, 'loss_dr': 0.9}. Best is trial 14 with value: 3634555333.5015116.
[I 2025-01-12 08:10:29,723] Trial 59 finished with value: 4587342626.651651 and parameters: {'n_trees': 200, 'maxleaf': 64, 'loss_de': 4, 'loss_dr': 0.9}. Best is trial 14 with value: 3634555333.5015116.
[I 2025-01-12 08:11:56,650] Trial 60 finished with value: 4431049831.178249 and parameters: {'n_trees': 100, 'maxleaf': 64, 'loss_de': 5, 'loss_dr': 0.9}. Best is trial 14 with value: 3634555333.5015116.
[I 2025-01-12 08:13:34,391] Trial 61 finished with value: 4393018350.324339 and parameters: {'n_trees': 200, 'maxleaf': 64, 'loss_de': 3, 'loss_dr': 0.9}. Best is trial 14 with value: 3634555333.5015116.
[I 2025-01-12 08:15:00,853] Trial 62 finished with value: 4723714865.723959 and parameters: {'n_trees': 200, 'maxleaf': 64, 'loss_de': 2, 'loss_dr': 0.9}. Best is trial 14 with value: 3634555333.5015116.
[I 2025-01-12 08:16:41,443] Trial 63 finished with value: 4303895424.585608 and parameters: {'n_trees': 200, 'maxleaf': 64, 'loss_de': 3, 'loss_dr': 0.9}. Best is trial 14 with value: 3634555333.5015116.
[I 2025-01-12 08:18:13,183] Trial 64 finished with value: 4340483648.492314 and parameters: {'n_trees': 200, 'maxleaf': 64, 'loss_de': 4, 'loss_dr': 0.9}. Best is trial 14 with value: 3634555333.5015116.
[I 2025-01-12 08:19:43,148] Trial 65 finished with value: 4607218809.853315 and parameters: {'n_trees': 200, 'maxleaf': 64, 'loss_de': 3, 'loss_dr': 0.9}. Best is trial 14 with value: 3634555333.5015116.
[I 2025-01-12 08:21:12,482] Trial 66 finished with value: 4700576560.900807 and parameters: {'n_trees': 200, 'maxleaf': 128, 'loss_de': 2, 'loss_dr': 0.9}. Best is trial 14 with value: 3634555333.5015116.
[I 2025-01-12 08:22:36,985] Trial 67 finished with value: 4826251628.429564 and parameters: {'n_trees': 200, 'maxleaf': 64, 'loss_de': 6, 'loss_dr': 0.7}. Best is trial 14 with value: 3634555333.5015116.
[I 2025-01-12 08:23:33,013] Trial 68 finished with value: 18421616095.176117 and parameters: {'n_trees': 200, 'maxleaf': 64, 'loss_de': 8, 'loss_dr': 0.9}. Best is trial 14 with value: 3634555333.5015116.
[I 2025-01-12 08:24:59,600] Trial 69 finished with value: 4457963511.4172125 and parameters: {'n_trees': 100, 'maxleaf': 128, 'loss_de': 5, 'loss_dr': 0.9}. Best is trial 14 with value: 3634555333.5015116.
[I 2025-01-12 08:26:24,271] Trial 70 finished with value: 4574043860.201573 and parameters: {'n_trees': 200, 'maxleaf': 64, 'loss_de': 4, 'loss_dr': 0.9}. Best is trial 14 with value: 3634555333.5015116.
[I 2025-01-12 08:27:52,173] Trial 71 finished with value: 4469049955.689294 and parameters: {'n_trees': 200, 'maxleaf': 64, 'loss_de': 5, 'loss_dr': 0.9}. Best is trial 14 with value: 3634555333.5015116.
[I 2025-01-12 08:29:13,371] Trial 72 finished with value: 10575401739.86476 and parameters: {'n_trees': 200, 'maxleaf': 64, 'loss_de': 6, 'loss_dr': 0.9}. Best is trial 14 with value: 3634555333.5015116.
[I 2025-01-12 08:30:21,317] Trial 73 finished with value: 10788952336.820621 and parameters: {'n_trees': 200, 'maxleaf': 64, 'loss_de': 7, 'loss_dr': 0.9}. Best is trial 14 with value: 3634555333.5015116.
[I 2025-01-12 08:31:34,270] Trial 74 finished with value: 4941321190.172001 and parameters: {'n_trees': 200, 'maxleaf': 64, 'loss_de': 5, 'loss_dr': 0.9}. Best is trial 14 with value: 3634555333.5015116.
[I 2025-01-12 08:33:03,266] Trial 75 finished with value: 4636735675.789393 and parameters: {'n_trees': 200, 'maxleaf': 64, 'loss_de': 4, 'loss_dr': 0.9}. Best is trial 14 with value: 3634555333.5015116.
[I 2025-01-12 08:34:40,759] Trial 76 finished with value: 4368707332.006156 and parameters: {'n_trees': 200, 'maxleaf': 64, 'loss_de': 3, 'loss_dr': 0.9}. Best is trial 14 with value: 3634555333.5015116.
[I 2025-01-12 08:36:21,312] Trial 77 finished with value: 4321825366.415563 and parameters: {'n_trees': 200, 'maxleaf': 64, 'loss_de': 6, 'loss_dr': 0.7}. Best is trial 14 with value: 3634555333.5015116.
[I 2025-01-12 08:38:01,012] Trial 78 finished with value: 4088122224.3299 and parameters: {'n_trees': 100, 'maxleaf': 128, 'loss_de': 4, 'loss_dr': 0.9}. Best is trial 14 with value: 3634555333.5015116.
[I 2025-01-12 08:39:01,488] Trial 79 finished with value: 17655856315.05085 and parameters: {'n_trees': 100, 'maxleaf': 128, 'loss_de': 9, 'loss_dr': 0.9}. Best is trial 14 with value: 3634555333.5015116.
[I 2025-01-12 08:40:28,828] Trial 80 finished with value: 4719009605.433225 and parameters: {'n_trees': 100, 'maxleaf': 128, 'loss_de': 3, 'loss_dr': 0.9}. Best is trial 14 with value: 3634555333.5015116.
[I 2025-01-12 08:41:56,637] Trial 81 finished with value: 4534692624.431648 and parameters: {'n_trees': 100, 'maxleaf': 128, 'loss_de': 4, 'loss_dr': 0.9}. Best is trial 14 with value: 3634555333.5015116.
[I 2025-01-12 08:43:32,475] Trial 82 finished with value: 4215113552.4414625 and parameters: {'n_trees': 100, 'maxleaf': 128, 'loss_de': 4, 'loss_dr': 0.9}. Best is trial 14 with value: 3634555333.5015116.
[I 2025-01-12 08:44:30,082] Trial 83 finished with value: 11497143180.300747 and parameters: {'n_trees': 100, 'maxleaf': 128, 'loss_de': 5, 'loss_dr': 0.9}. Best is trial 14 with value: 3634555333.5015116.
[I 2025-01-12 08:46:04,777] Trial 84 finished with value: 4150638523.555655 and parameters: {'n_trees': 200, 'maxleaf': 64, 'loss_de': 5, 'loss_dr': 0.9}. Best is trial 14 with value: 3634555333.5015116.
[I 2025-01-12 08:47:51,676] Trial 85 finished with value: 4103430524.6832895 and parameters: {'n_trees': 100, 'maxleaf': 128, 'loss_de': 3, 'loss_dr': 0.9}. Best is trial 14 with value: 3634555333.5015116.
[I 2025-01-12 08:49:23,045] Trial 86 finished with value: 4545448289.028682 and parameters: {'n_trees': 100, 'maxleaf': 128, 'loss_de': 3, 'loss_dr': 0.9}. Best is trial 14 with value: 3634555333.5015116.
[I 2025-01-12 08:50:46,133] Trial 87 finished with value: 4891021174.092082 and parameters: {'n_trees': 100, 'maxleaf': 128, 'loss_de': 2, 'loss_dr': 0.9}. Best is trial 14 with value: 3634555333.5015116.
[I 2025-01-12 08:52:09,938] Trial 88 finished with value: 4927997906.287755 and parameters: {'n_trees': 100, 'maxleaf': 128, 'loss_de': 3, 'loss_dr': 0.9}. Best is trial 14 with value: 3634555333.5015116.
[I 2025-01-12 08:53:40,465] Trial 89 finished with value: 4667954246.359339 and parameters: {'n_trees': 100, 'maxleaf': 128, 'loss_de': 4, 'loss_dr': 0.7}. Best is trial 14 with value: 3634555333.5015116.
[I 2025-01-12 08:55:23,134] Trial 90 finished with value: 4242682042.237915 and parameters: {'n_trees': 100, 'maxleaf': 128, 'loss_de': 3, 'loss_dr': 0.9}. Best is trial 14 with value: 3634555333.5015116.
[I 2025-01-12 08:56:53,940] Trial 91 finished with value: 4485020634.602178 and parameters: {'n_trees': 200, 'maxleaf': 64, 'loss_de': 4, 'loss_dr': 0.9}. Best is trial 14 with value: 3634555333.5015116.
[I 2025-01-12 08:58:05,011] Trial 92 finished with value: 10753648736.544388 and parameters: {'n_trees': 200, 'maxleaf': 64, 'loss_de': 6, 'loss_dr': 0.9}. Best is trial 14 with value: 3634555333.5015116.
[I 2025-01-12 08:59:35,390] Trial 93 finished with value: 4477521996.42841 and parameters: {'n_trees': 100, 'maxleaf': 128, 'loss_de': 4, 'loss_dr': 0.9}. Best is trial 14 with value: 3634555333.5015116.
[I 2025-01-12 09:01:02,344] Trial 94 finished with value: 4410977099.672142 and parameters: {'n_trees': 200, 'maxleaf': 64, 'loss_de': 5, 'loss_dr': 0.9}. Best is trial 14 with value: 3634555333.5015116.
[I 2025-01-12 09:02:20,241] Trial 95 finished with value: 5066165053.540107 and parameters: {'n_trees': 200, 'maxleaf': 64, 'loss_de': 2, 'loss_dr': 0.9}. Best is trial 14 with value: 3634555333.5015116.
[I 2025-01-12 09:03:40,436] Trial 96 finished with value: 4903055648.159838 and parameters: {'n_trees': 100, 'maxleaf': 64, 'loss_de': 3, 'loss_dr': 0.9}. Best is trial 14 with value: 3634555333.5015116.
[I 2025-01-12 09:05:03,617] Trial 97 finished with value: 4671530716.93014 and parameters: {'n_trees': 200, 'maxleaf': 128, 'loss_de': 4, 'loss_dr': 0.9}. Best is trial 14 with value: 3634555333.5015116.
[I 2025-01-12 09:06:23,987] Trial 98 finished with value: 4656988965.095438 and parameters: {'n_trees': 200, 'maxleaf': 64, 'loss_de': 5, 'loss_dr': 0.9}. Best is trial 14 with value: 3634555333.5015116.
[I 2025-01-12 09:07:28,583] Trial 99 finished with value: 11547081158.954279 and parameters: {'n_trees': 200, 'maxleaf': 64, 'loss_de': 6, 'loss_dr': 0.9}. Best is trial 14 with value: 3634555333.5015116.
[I 2025-01-12 09:09:01,768] A new study created in RDB with name: DeepGBM_Mercedes_Benz
[I 2025-01-12 09:09:33,182] Trial 0 finished with value: 568744.0255090287 and parameters: {'n_trees': 200, 'maxleaf': 128, 'loss_de': 10, 'loss_dr': 0.9}. Best is trial 0 with value: 568744.0255090287.
[I 2025-01-12 09:10:01,794] Trial 1 finished with value: 256899.02039548988 and parameters: {'n_trees': 100, 'maxleaf': 128, 'loss_de': 8, 'loss_dr': 0.9}. Best is trial 1 with value: 256899.02039548988.
[I 2025-01-12 09:10:28,363] Trial 2 finished with value: 194982.2150273685 and parameters: {'n_trees': 200, 'maxleaf': 128, 'loss_de': 10, 'loss_dr': 0.7}. Best is trial 2 with value: 194982.2150273685.
[I 2025-01-12 09:10:52,473] Trial 3 finished with value: 6123.334689567528 and parameters: {'n_trees': 200, 'maxleaf': 64, 'loss_de': 9, 'loss_dr': 0.7}. Best is trial 3 with value: 6123.334689567528.
[I 2025-01-12 09:11:23,727] Trial 4 finished with value: 23768.526723044495 and parameters: {'n_trees': 100, 'maxleaf': 64, 'loss_de': 7, 'loss_dr': 0.9}. Best is trial 3 with value: 6123.334689567528.
[I 2025-01-12 09:11:41,741] Trial 5 finished with value: 301718.10614004615 and parameters: {'n_trees': 200, 'maxleaf': 128, 'loss_de': 9, 'loss_dr': 0.9}. Best is trial 3 with value: 6123.334689567528.
[I 2025-01-12 09:12:08,206] Trial 6 finished with value: 7065.304734045831 and parameters: {'n_trees': 200, 'maxleaf': 64, 'loss_de': 7, 'loss_dr': 0.9}. Best is trial 3 with value: 6123.334689567528.
[I 2025-01-12 09:12:27,567] Trial 7 finished with value: 196473.11051816033 and parameters: {'n_trees': 100, 'maxleaf': 128, 'loss_de': 2, 'loss_dr': 0.7}. Best is trial 3 with value: 6123.334689567528.
[I 2025-01-12 09:12:47,915] Trial 8 finished with value: 8158.962582752019 and parameters: {'n_trees': 100, 'maxleaf': 64, 'loss_de': 10, 'loss_dr': 0.7}. Best is trial 3 with value: 6123.334689567528.
[I 2025-01-12 09:13:11,022] Trial 9 finished with value: 358.0878177785358 and parameters: {'n_trees': 200, 'maxleaf': 64, 'loss_de': 2, 'loss_dr': 0.9}. Best is trial 9 with value: 358.0878177785358.
[I 2025-01-12 09:13:32,676] Trial 10 finished with value: 242514.37237790873 and parameters: {'n_trees': 200, 'maxleaf': 64, 'loss_de': 2, 'loss_dr': 0.9}. Best is trial 9 with value: 358.0878177785358.
[I 2025-01-12 09:13:56,820] Trial 11 finished with value: 106620.9330754565 and parameters: {'n_trees': 200, 'maxleaf': 64, 'loss_de': 4, 'loss_dr': 0.7}. Best is trial 9 with value: 358.0878177785358.
[I 2025-01-12 09:14:19,148] Trial 12 finished with value: 70492.04425908068 and parameters: {'n_trees': 200, 'maxleaf': 64, 'loss_de': 5, 'loss_dr': 0.7}. Best is trial 9 with value: 358.0878177785358.
[I 2025-01-12 09:14:39,408] Trial 13 finished with value: 6135.055349822061 and parameters: {'n_trees': 200, 'maxleaf': 64, 'loss_de': 5, 'loss_dr': 0.7}. Best is trial 9 with value: 358.0878177785358.
[I 2025-01-12 09:15:04,031] Trial 14 finished with value: 489.2791516898704 and parameters: {'n_trees': 200, 'maxleaf': 64, 'loss_de': 3, 'loss_dr': 0.9}. Best is trial 9 with value: 358.0878177785358.
[I 2025-01-12 09:15:27,038] Trial 15 finished with value: 496896.4917595028 and parameters: {'n_trees': 200, 'maxleaf': 64, 'loss_de': 3, 'loss_dr': 0.9}. Best is trial 9 with value: 358.0878177785358.
[I 2025-01-12 09:15:51,365] Trial 16 finished with value: 192403.81616338392 and parameters: {'n_trees': 200, 'maxleaf': 64, 'loss_de': 3, 'loss_dr': 0.9}. Best is trial 9 with value: 358.0878177785358.
[I 2025-01-12 09:16:17,028] Trial 17 finished with value: 2708.9135967404536 and parameters: {'n_trees': 200, 'maxleaf': 64, 'loss_de': 4, 'loss_dr': 0.9}. Best is trial 9 with value: 358.0878177785358.
[I 2025-01-12 09:16:40,991] Trial 18 finished with value: 14588.408620517808 and parameters: {'n_trees': 100, 'maxleaf': 64, 'loss_de': 3, 'loss_dr': 0.9}. Best is trial 9 with value: 358.0878177785358.
[I 2025-01-12 09:17:06,260] Trial 19 finished with value: 135.73580909123982 and parameters: {'n_trees': 200, 'maxleaf': 64, 'loss_de': 2, 'loss_dr': 0.9}. Best is trial 19 with value: 135.73580909123982.
