[I 2025-01-11 20:43:51,530] Trial 6 finished with value: 12297330.402696963 and parameters: {'n_trees': 200, 'maxleaf': 64, 'loss_de': 6, 'loss_dr': 0.9}. Best is trial 4 with value: 7723040.707871877.
[I 2025-01-11 20:48:25,886] Trial 7 finished with value: 11290319.024627285 and parameters: {'n_trees': 100, 'maxleaf': 128, 'loss_de': 2, 'loss_dr': 0.9}. Best is trial 4 with value: 7723040.707871877.
[I 2025-01-11 20:55:37,856] Trial 8 finished with value: 10201951.107363373 and parameters: {'n_trees': 100, 'maxleaf': 128, 'loss_de': 6, 'loss_dr': 0.9}. Best is trial 4 with value: 7723040.707871877.
[I 2025-01-11 21:01:36,847] Trial 9 finished with value: 12163160.07557074 and parameters: {'n_trees': 200, 'maxleaf': 128, 'loss_de': 4, 'loss_dr': 0.9}. Best is trial 4 with value: 7723040.707871877.
[I 2025-01-11 21:05:46,561] Trial 10 finished with value: 12076630.291098911 and parameters: {'n_trees': 100, 'maxleaf': 128, 'loss_de': 2, 'loss_dr': 0.7}. Best is trial 4 with value: 7723040.707871877.
[I 2025-01-11 21:15:12,098] Trial 11 finished with value: 7567900.722541379 and parameters: {'n_trees': 100, 'maxleaf': 128, 'loss_de': 4, 'loss_dr': 0.9}. Best is trial 11 with value: 7567900.722541379.
[I 2025-01-11 21:23:46,202] Trial 12 finished with value: 8063064.745897815 and parameters: {'n_trees': 100, 'maxleaf': 128, 'loss_de': 4, 'loss_dr': 0.9}. Best is trial 11 with value: 7567900.722541379.
[I 2025-01-11 21:31:18,815] Trial 13 finished with value: 8408572.193945434 and parameters: {'n_trees': 100, 'maxleaf': 128, 'loss_de': 4, 'loss_dr': 0.9}. Best is trial 11 with value: 7567900.722541379.
[I 2025-01-11 21:37:52,250] Trial 14 finished with value: 9069003.207704796 and parameters: {'n_trees': 100, 'maxleaf': 128, 'loss_de': 3, 'loss_dr': 0.9}. Best is trial 11 with value: 7567900.722541379.
[I 2025-01-11 21:43:40,517] Trial 15 finished with value: 9692588.17965199 and parameters: {'n_trees': 100, 'maxleaf': 128, 'loss_de': 3, 'loss_dr': 0.7}. Best is trial 11 with value: 7567900.722541379.
[I 2025-01-11 21:50:04,164] Trial 16 finished with value: 15822490.88194986 and parameters: {'n_trees': 100, 'maxleaf': 128, 'loss_de': 5, 'loss_dr': 0.9}. Best is trial 11 with value: 7567900.722541379.
[I 2025-01-11 21:56:21,883] Trial 17 finished with value: 9041054.898061179 and parameters: {'n_trees': 100, 'maxleaf': 128, 'loss_de': 3, 'loss_dr': 0.9}. Best is trial 11 with value: 7567900.722541379.
[I 2025-01-11 21:59:42,755] Trial 18 finished with value: 15829122.494112775 and parameters: {'n_trees': 100, 'maxleaf': 128, 'loss_de': 5, 'loss_dr': 0.7}. Best is trial 11 with value: 7567900.722541379.
[I 2025-01-11 22:04:35,139] Trial 19 finished with value: 20614831.169655953 and parameters: {'n_trees': 100, 'maxleaf': 128, 'loss_de': 8, 'loss_dr': 0.9}. Best is trial 11 with value: 7567900.722541379.
[I 2025-01-11 22:09:50,671] Trial 20 finished with value: 20089693.057135187 and parameters: {'n_trees': 100, 'maxleaf': 128, 'loss_de': 10, 'loss_dr': 0.9}. Best is trial 11 with value: 7567900.722541379.
[I 2025-01-11 22:17:07,828] Trial 21 finished with value: 7546550.719635071 and parameters: {'n_trees': 100, 'maxleaf': 128, 'loss_de': 4, 'loss_dr': 0.9}. Best is trial 21 with value: 7546550.719635071.
[I 2025-01-11 22:24:23,057] Trial 22 finished with value: 9431008.540576171 and parameters: {'n_trees': 100, 'maxleaf': 128, 'loss_de': 5, 'loss_dr': 0.9}. Best is trial 21 with value: 7546550.719635071.
[I 2025-01-11 22:32:24,113] Trial 23 finished with value: 7694187.004471829 and parameters: {'n_trees': 100, 'maxleaf': 128, 'loss_de': 3, 'loss_dr': 0.9}. Best is trial 21 with value: 7546550.719635071.
[I 2025-01-11 22:40:34,777] Trial 24 finished with value: 8214410.208401173 and parameters: {'n_trees': 100, 'maxleaf': 128, 'loss_de': 4, 'loss_dr': 0.9}. Best is trial 21 with value: 7546550.719635071.
[I 2025-01-11 22:49:10,970] Trial 25 finished with value: 5970097.864949757 and parameters: {'n_trees': 100, 'maxleaf': 128, 'loss_de': 2, 'loss_dr': 0.9}. Best is trial 25 with value: 5970097.864949757.
[I 2025-01-11 22:52:13,712] Trial 26 finished with value: 14210177.51304156 and parameters: {'n_trees': 200, 'maxleaf': 64, 'loss_de': 2, 'loss_dr': 0.7}. Best is trial 25 with value: 5970097.864949757.
[I 2025-01-11 23:01:21,896] Trial 27 finished with value: 5765406.314906821 and parameters: {'n_trees': 100, 'maxleaf': 128, 'loss_de': 2, 'loss_dr': 0.9}. Best is trial 27 with value: 5765406.314906821.
[I 2025-01-11 23:09:22,961] Trial 28 finished with value: 7394043.414486255 and parameters: {'n_trees': 100, 'maxleaf': 128, 'loss_de': 2, 'loss_dr': 0.9}. Best is trial 27 with value: 5765406.314906821.
[I 2025-01-11 23:14:09,338] Trial 29 finished with value: 10213747.027856363 and parameters: {'n_trees': 200, 'maxleaf': 64, 'loss_de': 2, 'loss_dr': 0.9}. Best is trial 27 with value: 5765406.314906821.
[I 2025-01-11 23:21:00,442] Trial 30 finished with value: 7760348.532846713 and parameters: {'n_trees': 100, 'maxleaf': 128, 'loss_de': 2, 'loss_dr': 0.9}. Best is trial 27 with value: 5765406.314906821.
[I 2025-01-11 23:29:16,712] Trial 31 finished with value: 6553348.309502503 and parameters: {'n_trees': 100, 'maxleaf': 128, 'loss_de': 2, 'loss_dr': 0.9}. Best is trial 27 with value: 5765406.314906821.
[I 2025-01-11 23:34:46,742] Trial 32 finished with value: 8762811.509627733 and parameters: {'n_trees': 100, 'maxleaf': 128, 'loss_de': 2, 'loss_dr': 0.9}. Best is trial 27 with value: 5765406.314906821.
[I 2025-01-11 23:42:23,879] Trial 33 finished with value: 7460540.520659031 and parameters: {'n_trees': 100, 'maxleaf': 128, 'loss_de': 3, 'loss_dr': 0.9}. Best is trial 27 with value: 5765406.314906821.
[I 2025-01-11 23:49:37,001] Trial 34 finished with value: 8074991.156980531 and parameters: {'n_trees': 100, 'maxleaf': 128, 'loss_de': 2, 'loss_dr': 0.9}. Best is trial 27 with value: 5765406.314906821.
[I 2025-01-11 23:54:07,357] Trial 35 finished with value: 18939397.404112183 and parameters: {'n_trees': 100, 'maxleaf': 64, 'loss_de': 7, 'loss_dr': 0.9}. Best is trial 27 with value: 5765406.314906821.
[I 2025-01-11 23:59:08,379] Trial 36 finished with value: 11267561.60422937 and parameters: {'n_trees': 200, 'maxleaf': 128, 'loss_de': 3, 'loss_dr': 0.7}. Best is trial 27 with value: 5765406.314906821.
[I 2025-01-12 00:03:24,642] Trial 37 finished with value: 10349990.404692708 and parameters: {'n_trees': 100, 'maxleaf': 64, 'loss_de': 2, 'loss_dr': 0.9}. Best is trial 27 with value: 5765406.314906821.
[I 2025-01-12 00:11:19,730] Trial 38 finished with value: 8028137.749272421 and parameters: {'n_trees': 100, 'maxleaf': 128, 'loss_de': 3, 'loss_dr': 0.9}. Best is trial 27 with value: 5765406.314906821.
[I 2025-01-12 00:18:45,013] Trial 39 finished with value: 7479662.287251743 and parameters: {'n_trees': 200, 'maxleaf': 128, 'loss_de': 2, 'loss_dr': 0.9}. Best is trial 27 with value: 5765406.314906821.
[I 2025-01-12 00:25:06,677] Trial 40 finished with value: 14501523.275709748 and parameters: {'n_trees': 100, 'maxleaf': 64, 'loss_de': 7, 'loss_dr': 0.7}. Best is trial 27 with value: 5765406.314906821.
[I 2025-01-12 00:31:08,327] Trial 41 finished with value: 8790554.319932614 and parameters: {'n_trees': 100, 'maxleaf': 128, 'loss_de': 3, 'loss_dr': 0.9}. Best is trial 27 with value: 5765406.314906821.
[I 2025-01-12 00:38:48,686] Trial 42 finished with value: 8427067.40732538 and parameters: {'n_trees': 100, 'maxleaf': 128, 'loss_de': 2, 'loss_dr': 0.9}. Best is trial 27 with value: 5765406.314906821.
[I 2025-01-12 00:46:08,892] Trial 43 finished with value: 9493816.239540722 and parameters: {'n_trees': 100, 'maxleaf': 128, 'loss_de': 3, 'loss_dr': 0.9}. Best is trial 27 with value: 5765406.314906821.
[I 2025-01-12 00:51:20,157] Trial 44 finished with value: 9493590.559793567 and parameters: {'n_trees': 100, 'maxleaf': 128, 'loss_de': 2, 'loss_dr': 0.9}. Best is trial 27 with value: 5765406.314906821.
[I 2025-01-12 00:59:23,446] Trial 45 finished with value: 8149696.292408084 and parameters: {'n_trees': 100, 'maxleaf': 128, 'loss_de': 3, 'loss_dr': 0.9}. Best is trial 27 with value: 5765406.314906821.
[I 2025-01-12 01:03:59,752] Trial 46 finished with value: 10541196.275661191 and parameters: {'n_trees': 100, 'maxleaf': 128, 'loss_de': 2, 'loss_dr': 0.9}. Best is trial 27 with value: 5765406.314906821.
[I 2025-01-12 01:09:33,337] Trial 47 finished with value: 10865065.331797235 and parameters: {'n_trees': 200, 'maxleaf': 128, 'loss_de': 3, 'loss_dr': 0.9}. Best is trial 27 with value: 5765406.314906821.
[I 2025-01-12 01:16:45,918] Trial 48 finished with value: 7635363.860632809 and parameters: {'n_trees': 100, 'maxleaf': 128, 'loss_de': 2, 'loss_dr': 0.9}. Best is trial 27 with value: 5765406.314906821.
[I 2025-01-12 01:24:04,963] Trial 49 finished with value: 7699885.373672478 and parameters: {'n_trees': 100, 'maxleaf': 128, 'loss_de': 4, 'loss_dr': 0.9}. Best is trial 27 with value: 5765406.314906821.
[I 2025-01-12 01:27:23,851] Trial 50 finished with value: 24041776.784417488 and parameters: {'n_trees': 100, 'maxleaf': 128, 'loss_de': 8, 'loss_dr': 0.7}. Best is trial 27 with value: 5765406.314906821.
[I 2025-01-12 01:34:07,981] Trial 51 finished with value: 8174947.125041798 and parameters: {'n_trees': 200, 'maxleaf': 128, 'loss_de': 2, 'loss_dr': 0.9}. Best is trial 27 with value: 5765406.314906821.
[I 2025-01-12 01:41:13,661] Trial 52 finished with value: 7959986.12654304 and parameters: {'n_trees': 200, 'maxleaf': 128, 'loss_de': 2, 'loss_dr': 0.9}. Best is trial 27 with value: 5765406.314906821.
[I 2025-01-12 01:48:37,185] Trial 53 finished with value: 7098242.478022775 and parameters: {'n_trees': 200, 'maxleaf': 128, 'loss_de': 3, 'loss_dr': 0.9}. Best is trial 27 with value: 5765406.314906821.
[I 2025-01-12 01:55:23,852] Trial 54 finished with value: 8129773.625173075 and parameters: {'n_trees': 200, 'maxleaf': 128, 'loss_de': 3, 'loss_dr': 0.9}. Best is trial 27 with value: 5765406.314906821.
[I 2025-01-12 02:03:41,300] Trial 55 finished with value: 7772064.750173588 and parameters: {'n_trees': 200, 'maxleaf': 128, 'loss_de': 4, 'loss_dr': 0.9}. Best is trial 27 with value: 5765406.314906821.
[I 2025-01-12 02:10:11,902] Trial 56 finished with value: 12337360.850897174 and parameters: {'n_trees': 100, 'maxleaf': 128, 'loss_de': 5, 'loss_dr': 0.9}. Best is trial 27 with value: 5765406.314906821.
[I 2025-01-12 02:17:49,436] Trial 57 finished with value: 9001300.110850794 and parameters: {'n_trees': 200, 'maxleaf': 128, 'loss_de': 3, 'loss_dr': 0.9}. Best is trial 27 with value: 5765406.314906821.
[I 2025-01-12 02:22:39,875] Trial 58 finished with value: 11361518.555631869 and parameters: {'n_trees': 100, 'maxleaf': 128, 'loss_de': 3, 'loss_dr': 0.9}. Best is trial 27 with value: 5765406.314906821.
[I 2025-01-12 02:30:34,505] Trial 59 finished with value: 6905530.126669036 and parameters: {'n_trees': 100, 'maxleaf': 64, 'loss_de': 2, 'loss_dr': 0.9}. Best is trial 27 with value: 5765406.314906821.
[I 2025-01-12 02:36:14,245] Trial 60 finished with value: 10416479.310369167 and parameters: {'n_trees': 100, 'maxleaf': 64, 'loss_de': 2, 'loss_dr': 0.7}. Best is trial 27 with value: 5765406.314906821.
[I 2025-01-12 02:44:14,259] Trial 61 finished with value: 7184315.102012254 and parameters: {'n_trees': 100, 'maxleaf': 64, 'loss_de': 3, 'loss_dr': 0.9}. Best is trial 27 with value: 5765406.314906821.
[I 2025-01-12 02:50:39,911] Trial 62 finished with value: 10749539.096271917 and parameters: {'n_trees': 100, 'maxleaf': 64, 'loss_de': 2, 'loss_dr': 0.9}. Best is trial 27 with value: 5765406.314906821.
[I 2025-01-12 02:57:18,775] Trial 63 finished with value: 9559743.6053518 and parameters: {'n_trees': 100, 'maxleaf': 64, 'loss_de': 2, 'loss_dr': 0.9}. Best is trial 27 with value: 5765406.314906821.
[I 2025-01-12 03:03:15,995] Trial 64 finished with value: 9278313.807971526 and parameters: {'n_trees': 100, 'maxleaf': 64, 'loss_de': 4, 'loss_dr': 0.9}. Best is trial 27 with value: 5765406.314906821.
[I 2025-01-12 03:11:26,881] Trial 65 finished with value: 7256819.344888054 and parameters: {'n_trees': 100, 'maxleaf': 64, 'loss_de': 2, 'loss_dr': 0.9}. Best is trial 27 with value: 5765406.314906821.
[I 2025-01-12 03:17:54,781] Trial 66 finished with value: 8825212.931523453 and parameters: {'n_trees': 100, 'maxleaf': 64, 'loss_de': 3, 'loss_dr': 0.9}. Best is trial 27 with value: 5765406.314906821.
[I 2025-01-12 03:25:12,201] Trial 67 finished with value: 7296868.327772816 and parameters: {'n_trees': 100, 'maxleaf': 64, 'loss_de': 2, 'loss_dr': 0.9}. Best is trial 27 with value: 5765406.314906821.
[I 2025-01-12 03:30:37,378] Trial 68 finished with value: 9270100.632289778 and parameters: {'n_trees': 200, 'maxleaf': 64, 'loss_de': 3, 'loss_dr': 0.9}. Best is trial 27 with value: 5765406.314906821.
[I 2025-01-12 03:36:27,566] Trial 69 finished with value: 8854460.153402982 and parameters: {'n_trees': 100, 'maxleaf': 64, 'loss_de': 2, 'loss_dr': 0.9}. Best is trial 27 with value: 5765406.314906821.
[I 2025-01-12 03:40:37,068] Trial 70 finished with value: 24387752.73976428 and parameters: {'n_trees': 100, 'maxleaf': 64, 'loss_de': 10, 'loss_dr': 0.9}. Best is trial 27 with value: 5765406.314906821.
[I 2025-01-12 03:45:50,209] Trial 71 finished with value: 10799441.876279935 and parameters: {'n_trees': 100, 'maxleaf': 64, 'loss_de': 2, 'loss_dr': 0.9}. Best is trial 27 with value: 5765406.314906821.
[I 2025-01-12 03:52:45,233] Trial 72 finished with value: 7975803.7813858 and parameters: {'n_trees': 100, 'maxleaf': 64, 'loss_de': 2, 'loss_dr': 0.9}. Best is trial 27 with value: 5765406.314906821.
[I 2025-01-12 04:01:03,407] Trial 73 finished with value: 6137766.696037238 and parameters: {'n_trees': 100, 'maxleaf': 64, 'loss_de': 2, 'loss_dr': 0.9}. Best is trial 27 with value: 5765406.314906821.
[I 2025-01-12 04:08:17,924] Trial 74 finished with value: 7656134.4161918415 and parameters: {'n_trees': 100, 'maxleaf': 64, 'loss_de': 3, 'loss_dr': 0.9}. Best is trial 27 with value: 5765406.314906821.
[I 2025-01-12 04:15:33,089] Trial 75 finished with value: 7469999.020174295 and parameters: {'n_trees': 100, 'maxleaf': 64, 'loss_de': 2, 'loss_dr': 0.9}. Best is trial 27 with value: 5765406.314906821.
[I 2025-01-12 04:22:10,886] Trial 76 finished with value: 7281530.764216398 and parameters: {'n_trees': 100, 'maxleaf': 64, 'loss_de': 3, 'loss_dr': 0.9}. Best is trial 27 with value: 5765406.314906821.
[I 2025-01-12 04:26:40,832] Trial 77 finished with value: 11699803.478004357 and parameters: {'n_trees': 100, 'maxleaf': 64, 'loss_de': 2, 'loss_dr': 0.7}. Best is trial 27 with value: 5765406.314906821.
[I 2025-01-12 04:32:50,350] Trial 78 finished with value: 9547692.475934634 and parameters: {'n_trees': 100, 'maxleaf': 64, 'loss_de': 2, 'loss_dr': 0.9}. Best is trial 27 with value: 5765406.314906821.
[I 2025-01-12 04:37:30,936] Trial 79 finished with value: 20263361.26392428 and parameters: {'n_trees': 200, 'maxleaf': 64, 'loss_de': 5, 'loss_dr': 0.9}. Best is trial 27 with value: 5765406.314906821.
[I 2025-01-12 04:42:01,638] Trial 80 finished with value: 22718337.25610715 and parameters: {'n_trees': 100, 'maxleaf': 64, 'loss_de': 9, 'loss_dr': 0.9}. Best is trial 27 with value: 5765406.314906821.
[I 2025-01-12 04:48:11,606] Trial 81 finished with value: 8520957.744530171 and parameters: {'n_trees': 100, 'maxleaf': 64, 'loss_de': 3, 'loss_dr': 0.9}. Best is trial 27 with value: 5765406.314906821.
[I 2025-01-12 04:54:33,206] Trial 82 finished with value: 7485633.33085761 and parameters: {'n_trees': 100, 'maxleaf': 64, 'loss_de': 3, 'loss_dr': 0.9}. Best is trial 27 with value: 5765406.314906821.
[I 2025-01-12 05:00:52,238] Trial 83 finished with value: 8116044.333895454 and parameters: {'n_trees': 100, 'maxleaf': 64, 'loss_de': 4, 'loss_dr': 0.9}. Best is trial 27 with value: 5765406.314906821.
[I 2025-01-12 05:06:41,559] Trial 84 finished with value: 9616254.113765843 and parameters: {'n_trees': 100, 'maxleaf': 64, 'loss_de': 2, 'loss_dr': 0.9}. Best is trial 27 with value: 5765406.314906821.
[I 2025-01-12 05:11:48,264] Trial 85 finished with value: 10255323.308301643 and parameters: {'n_trees': 100, 'maxleaf': 64, 'loss_de': 3, 'loss_dr': 0.9}. Best is trial 27 with value: 5765406.314906821.
[I 2025-01-12 05:19:52,261] Trial 86 finished with value: 6129804.456385459 and parameters: {'n_trees': 100, 'maxleaf': 64, 'loss_de': 2, 'loss_dr': 0.9}. Best is trial 27 with value: 5765406.314906821.
[I 2025-01-12 05:27:33,011] Trial 87 finished with value: 8447099.81201768 and parameters: {'n_trees': 100, 'maxleaf': 64, 'loss_de': 2, 'loss_dr': 0.9}. Best is trial 27 with value: 5765406.314906821.
[I 2025-01-12 05:33:54,601] Trial 88 finished with value: 7813117.994678058 and parameters: {'n_trees': 100, 'maxleaf': 64, 'loss_de': 2, 'loss_dr': 0.9}. Best is trial 27 with value: 5765406.314906821.
[I 2025-01-12 05:40:10,312] Trial 89 finished with value: 9452846.173063044 and parameters: {'n_trees': 200, 'maxleaf': 64, 'loss_de': 2, 'loss_dr': 0.7}. Best is trial 27 with value: 5765406.314906821.
[I 2025-01-12 05:45:11,712] Trial 90 finished with value: 15334228.989490684 and parameters: {'n_trees': 100, 'maxleaf': 128, 'loss_de': 6, 'loss_dr': 0.9}. Best is trial 27 with value: 5765406.314906821.
[I 2025-01-12 05:50:07,189] Trial 91 finished with value: 9610360.866102125 and parameters: {'n_trees': 100, 'maxleaf': 64, 'loss_de': 3, 'loss_dr': 0.9}. Best is trial 27 with value: 5765406.314906821.
[I 2025-01-12 05:58:03,500] Trial 92 finished with value: 6636559.748784329 and parameters: {'n_trees': 100, 'maxleaf': 64, 'loss_de': 2, 'loss_dr': 0.9}. Best is trial 27 with value: 5765406.314906821.
[I 2025-01-12 06:05:44,840] Trial 93 finished with value: 7492900.77070011 and parameters: {'n_trees': 100, 'maxleaf': 64, 'loss_de': 2, 'loss_dr': 0.9}. Best is trial 27 with value: 5765406.314906821.
[I 2025-01-12 06:12:07,904] Trial 94 finished with value: 8749746.962086704 and parameters: {'n_trees': 100, 'maxleaf': 64, 'loss_de': 2, 'loss_dr': 0.9}. Best is trial 27 with value: 5765406.314906821.
[I 2025-01-12 06:18:37,771] Trial 95 finished with value: 8377275.943262212 and parameters: {'n_trees': 100, 'maxleaf': 64, 'loss_de': 2, 'loss_dr': 0.9}. Best is trial 27 with value: 5765406.314906821.
[I 2025-01-12 06:24:33,956] Trial 96 finished with value: 9229521.158326406 and parameters: {'n_trees': 100, 'maxleaf': 128, 'loss_de': 2, 'loss_dr': 0.9}. Best is trial 27 with value: 5765406.314906821.
[I 2025-01-12 06:30:13,096] Trial 97 finished with value: 9447296.435995236 and parameters: {'n_trees': 100, 'maxleaf': 64, 'loss_de': 2, 'loss_dr': 0.9}. Best is trial 27 with value: 5765406.314906821.
[I 2025-01-12 06:38:13,559] Trial 98 finished with value: 6436641.04175062 and parameters: {'n_trees': 200, 'maxleaf': 128, 'loss_de': 2, 'loss_dr': 0.9}. Best is trial 27 with value: 5765406.314906821.
[I 2025-01-12 06:44:19,625] Trial 99 finished with value: 9776489.501894558 and parameters: {'n_trees': 200, 'maxleaf': 128, 'loss_de': 3, 'loss_dr': 0.9}. Best is trial 27 with value: 5765406.314906821.
[I 2025-01-12 06:50:07,729] A new study created in RDB with name: DeepGBM_House_Prices_Nominal
[I 2025-01-12 06:50:47,985] Trial 0 finished with value: 24424780066.68125 and parameters: {'n_trees': 100, 'maxleaf': 64, 'loss_de': 8, 'loss_dr': 0.7}. Best is trial 0 with value: 24424780066.68125.
[I 2025-01-12 06:51:39,445] Trial 1 finished with value: 23902962874.72938 and parameters: {'n_trees': 200, 'maxleaf': 128, 'loss_de': 7, 'loss_dr': 0.7}. Best is trial 1 with value: 23902962874.72938.
[I 2025-01-12 06:52:35,055] Trial 2 finished with value: 17223092912.939674 and parameters: {'n_trees': 200, 'maxleaf': 128, 'loss_de': 6, 'loss_dr': 0.9}. Best is trial 2 with value: 17223092912.939674.
[I 2025-01-12 06:53:50,823] Trial 3 finished with value: 10464092188.981806 and parameters: {'n_trees': 100, 'maxleaf': 128, 'loss_de': 7, 'loss_dr': 0.9}. Best is trial 3 with value: 10464092188.981806.
[I 2025-01-12 06:55:35,072] Trial 4 finished with value: 4205168572.520707 and parameters: {'n_trees': 200, 'maxleaf': 64, 'loss_de': 7, 'loss_dr': 0.7}. Best is trial 4 with value: 4205168572.520707.
[I 2025-01-12 06:57:12,908] Trial 5 finished with value: 3978509045.419931 and parameters: {'n_trees': 100, 'maxleaf': 128, 'loss_de': 6, 'loss_dr': 0.9}. Best is trial 5 with value: 3978509045.419931.
[I 2025-01-12 06:57:49,910] Trial 6 finished with value: 25713055994.369347 and parameters: {'n_trees': 100, 'maxleaf': 64, 'loss_de': 8, 'loss_dr': 0.9}. Best is trial 5 with value: 3978509045.419931.
[I 2025-01-12 06:59:17,743] Trial 7 finished with value: 11505590548.383532 and parameters: {'n_trees': 100, 'maxleaf': 128, 'loss_de': 6, 'loss_dr': 0.7}. Best is trial 5 with value: 3978509045.419931.
[I 2025-01-12 07:00:45,511] Trial 8 finished with value: 4773873093.230068 and parameters: {'n_trees': 200, 'maxleaf': 64, 'loss_de': 2, 'loss_dr': 0.7}. Best is trial 5 with value: 3978509045.419931.
[I 2025-01-12 07:02:31,792] Trial 9 finished with value: 4263090225.1109056 and parameters: {'n_trees': 100, 'maxleaf': 128, 'loss_de': 3, 'loss_dr': 0.7}. Best is trial 5 with value: 3978509045.419931.
[I 2025-01-12 07:02:54,536] Trial 10 finished with value: 31697639574.94936 and parameters: {'n_trees': 100, 'maxleaf': 128, 'loss_de': 10, 'loss_dr': 0.9}. Best is trial 5 with value: 3978509045.419931.
[I 2025-01-12 07:04:41,865] Trial 11 finished with value: 3936202050.4631286 and parameters: {'n_trees': 200, 'maxleaf': 64, 'loss_de': 4, 'loss_dr': 0.9}. Best is trial 11 with value: 3936202050.4631286.
[I 2025-01-12 07:06:02,752] Trial 12 finished with value: 4767727268.938288 and parameters: {'n_trees': 200, 'maxleaf': 64, 'loss_de': 4, 'loss_dr': 0.9}. Best is trial 11 with value: 3936202050.4631286.
