[I 2025-01-12 17:25:20,157] Trial 27 finished with value: 6764645.265808871 and parameters: {'n_trees': 100, 'maxleaf': 64, 'loss_de': 7, 'loss_dr': 0.9}. Best is trial 22 with value: 3887975.3269115454.
[I 2025-01-12 17:44:45,069] Trial 28 finished with value: 5229945.420570996 and parameters: {'n_trees': 100, 'maxleaf': 64, 'loss_de': 9, 'loss_dr': 0.9}. Best is trial 22 with value: 3887975.3269115454.
[I 2025-01-12 18:01:40,868] Trial 29 finished with value: 5320192.130348335 and parameters: {'n_trees': 100, 'maxleaf': 64, 'loss_de': 6, 'loss_dr': 0.9}. Best is trial 22 with value: 3887975.3269115454.
[I 2025-01-12 18:17:08,644] Trial 30 finished with value: 6654636.156401215 and parameters: {'n_trees': 100, 'maxleaf': 64, 'loss_de': 6, 'loss_dr': 0.9}. Best is trial 22 with value: 3887975.3269115454.
[I 2025-01-12 18:34:08,345] Trial 31 finished with value: 3936049.803295564 and parameters: {'n_trees': 100, 'maxleaf': 64, 'loss_de': 5, 'loss_dr': 0.7}. Best is trial 22 with value: 3887975.3269115454.
[I 2025-01-12 18:47:36,186] Trial 32 finished with value: 3908560.3855252946 and parameters: {'n_trees': 100, 'maxleaf': 128, 'loss_de': 2, 'loss_dr': 0.7}. Best is trial 22 with value: 3887975.3269115454.
[I 2025-01-12 19:02:20,503] Trial 33 finished with value: 3949501.3220430585 and parameters: {'n_trees': 100, 'maxleaf': 128, 'loss_de': 3, 'loss_dr': 0.9}. Best is trial 22 with value: 3887975.3269115454.
[I 2025-01-12 19:17:59,753] Trial 34 finished with value: 5314113.444562892 and parameters: {'n_trees': 100, 'maxleaf': 64, 'loss_de': 5, 'loss_dr': 0.9}. Best is trial 22 with value: 3887975.3269115454.
[I 2025-01-12 19:38:03,446] Trial 35 finished with value: 3888920.449577596 and parameters: {'n_trees': 100, 'maxleaf': 64, 'loss_de': 8, 'loss_dr': 0.9}. Best is trial 22 with value: 3887975.3269115454.
[I 2025-01-12 19:55:41,862] Trial 36 finished with value: 6657550.707059046 and parameters: {'n_trees': 100, 'maxleaf': 64, 'loss_de': 8, 'loss_dr': 0.9}. Best is trial 22 with value: 3887975.3269115454.
[I 2025-01-12 20:12:13,539] Trial 37 finished with value: 8007598.827693552 and parameters: {'n_trees': 100, 'maxleaf': 64, 'loss_de': 9, 'loss_dr': 0.9}. Best is trial 22 with value: 3887975.3269115454.
[I 2025-01-12 20:31:15,489] Trial 38 finished with value: 3910802.9544164515 and parameters: {'n_trees': 100, 'maxleaf': 64, 'loss_de': 7, 'loss_dr': 0.9}. Best is trial 22 with value: 3887975.3269115454.
[I 2025-01-12 20:49:00,883] Trial 39 finished with value: 5245399.218902593 and parameters: {'n_trees': 100, 'maxleaf': 64, 'loss_de': 7, 'loss_dr': 0.9}. Best is trial 22 with value: 3887975.3269115454.
[I 2025-01-12 21:05:55,690] Trial 40 finished with value: 6793563.513658708 and parameters: {'n_trees': 100, 'maxleaf': 64, 'loss_de': 8, 'loss_dr': 0.9}. Best is trial 22 with value: 3887975.3269115454.
[I 2025-01-12 21:23:26,359] Trial 41 finished with value: 3973196.547148452 and parameters: {'n_trees': 100, 'maxleaf': 128, 'loss_de': 6, 'loss_dr': 0.9}. Best is trial 22 with value: 3887975.3269115454.
[I 2025-01-12 21:44:12,913] Trial 42 finished with value: 3949121.759390709 and parameters: {'n_trees': 100, 'maxleaf': 64, 'loss_de': 9, 'loss_dr': 0.7}. Best is trial 22 with value: 3887975.3269115454.
[I 2025-01-12 22:00:13,197] Trial 43 finished with value: 3949771.1647395394 and parameters: {'n_trees': 100, 'maxleaf': 128, 'loss_de': 4, 'loss_dr': 0.9}. Best is trial 22 with value: 3887975.3269115454.
[I 2025-01-12 22:13:55,544] Trial 44 finished with value: 3875838.7790818578 and parameters: {'n_trees': 100, 'maxleaf': 128, 'loss_de': 2, 'loss_dr': 0.7}. Best is trial 44 with value: 3875838.7790818578.
[I 2025-01-12 22:28:32,926] Trial 45 finished with value: 3866506.42046577 and parameters: {'n_trees': 100, 'maxleaf': 64, 'loss_de': 3, 'loss_dr': 0.9}. Best is trial 45 with value: 3866506.42046577.
[I 2025-01-12 22:43:09,465] Trial 46 finished with value: 3958288.8815467237 and parameters: {'n_trees': 100, 'maxleaf': 128, 'loss_de': 3, 'loss_dr': 0.7}. Best is trial 45 with value: 3866506.42046577.
[I 2025-01-12 22:57:11,278] Trial 47 finished with value: 3923595.248402912 and parameters: {'n_trees': 100, 'maxleaf': 64, 'loss_de': 2, 'loss_dr': 0.9}. Best is trial 45 with value: 3866506.42046577.
[I 2025-01-12 23:11:50,739] Trial 48 finished with value: 3915138.6481394796 and parameters: {'n_trees': 200, 'maxleaf': 128, 'loss_de': 3, 'loss_dr': 0.7}. Best is trial 45 with value: 3866506.42046577.
[I 2025-01-12 23:25:43,957] Trial 49 finished with value: 3857521.173127576 and parameters: {'n_trees': 200, 'maxleaf': 128, 'loss_de': 2, 'loss_dr': 0.9}. Best is trial 49 with value: 3857521.173127576.
[I 2025-01-12 23:39:45,164] Trial 50 finished with value: 3903868.8229377964 and parameters: {'n_trees': 100, 'maxleaf': 64, 'loss_de': 2, 'loss_dr': 0.9}. Best is trial 49 with value: 3857521.173127576.
[I 2025-01-12 23:53:45,673] Trial 51 finished with value: 3924012.202934797 and parameters: {'n_trees': 100, 'maxleaf': 64, 'loss_de': 2, 'loss_dr': 0.9}. Best is trial 49 with value: 3857521.173127576.
[I 2025-01-13 00:07:56,660] Trial 52 finished with value: 3908245.3936119624 and parameters: {'n_trees': 100, 'maxleaf': 64, 'loss_de': 2, 'loss_dr': 0.9}. Best is trial 49 with value: 3857521.173127576.
[I 2025-01-13 00:21:58,609] Trial 53 finished with value: 3864441.42380872 and parameters: {'n_trees': 100, 'maxleaf': 64, 'loss_de': 2, 'loss_dr': 0.9}. Best is trial 49 with value: 3857521.173127576.
[I 2025-01-13 00:36:52,457] Trial 54 finished with value: 3891327.7292514443 and parameters: {'n_trees': 200, 'maxleaf': 64, 'loss_de': 3, 'loss_dr': 0.9}. Best is trial 49 with value: 3857521.173127576.
[I 2025-01-13 00:50:48,890] Trial 55 finished with value: 3937934.9271652712 and parameters: {'n_trees': 100, 'maxleaf': 128, 'loss_de': 2, 'loss_dr': 0.9}. Best is trial 49 with value: 3857521.173127576.
[I 2025-01-13 01:05:35,633] Trial 56 finished with value: 3956841.273243365 and parameters: {'n_trees': 200, 'maxleaf': 64, 'loss_de': 3, 'loss_dr': 0.7}. Best is trial 49 with value: 3857521.173127576.
[I 2025-01-13 01:19:52,884] Trial 57 finished with value: 3934640.22406442 and parameters: {'n_trees': 100, 'maxleaf': 128, 'loss_de': 2, 'loss_dr': 0.9}. Best is trial 49 with value: 3857521.173127576.
[I 2025-01-13 01:36:35,968] Trial 58 finished with value: 3941686.0156878727 and parameters: {'n_trees': 200, 'maxleaf': 64, 'loss_de': 4, 'loss_dr': 0.9}. Best is trial 49 with value: 3857521.173127576.
[I 2025-01-13 01:50:41,880] Trial 59 finished with value: 3946089.913722413 and parameters: {'n_trees': 100, 'maxleaf': 128, 'loss_de': 2, 'loss_dr': 0.7}. Best is trial 49 with value: 3857521.173127576.
[I 2025-01-13 02:05:53,180] Trial 60 finished with value: 3905187.0913710035 and parameters: {'n_trees': 100, 'maxleaf': 64, 'loss_de': 3, 'loss_dr': 0.9}. Best is trial 49 with value: 3857521.173127576.
[I 2025-01-13 02:21:14,700] Trial 61 finished with value: 3918847.583542728 and parameters: {'n_trees': 200, 'maxleaf': 64, 'loss_de': 3, 'loss_dr': 0.9}. Best is trial 49 with value: 3857521.173127576.
[I 2025-01-13 02:35:28,721] Trial 62 finished with value: 3934927.3831398534 and parameters: {'n_trees': 200, 'maxleaf': 64, 'loss_de': 2, 'loss_dr': 0.9}. Best is trial 49 with value: 3857521.173127576.
[I 2025-01-13 02:50:52,091] Trial 63 finished with value: 3927599.387138651 and parameters: {'n_trees': 200, 'maxleaf': 64, 'loss_de': 3, 'loss_dr': 0.9}. Best is trial 49 with value: 3857521.173127576.
[I 2025-01-13 03:07:24,620] Trial 64 finished with value: 3969848.935111207 and parameters: {'n_trees': 200, 'maxleaf': 64, 'loss_de': 4, 'loss_dr': 0.9}. Best is trial 49 with value: 3857521.173127576.
[I 2025-01-13 03:23:16,080] Trial 65 finished with value: 3964078.238580282 and parameters: {'n_trees': 200, 'maxleaf': 64, 'loss_de': 3, 'loss_dr': 0.9}. Best is trial 49 with value: 3857521.173127576.
[I 2025-01-13 03:37:40,600] Trial 66 finished with value: 3926350.7942134067 and parameters: {'n_trees': 200, 'maxleaf': 128, 'loss_de': 2, 'loss_dr': 0.9}. Best is trial 49 with value: 3857521.173127576.
[I 2025-01-13 03:51:40,970] Trial 67 finished with value: 3891608.7263306193 and parameters: {'n_trees': 200, 'maxleaf': 64, 'loss_de': 2, 'loss_dr': 0.9}. Best is trial 49 with value: 3857521.173127576.
[I 2025-01-13 04:07:29,672] Trial 68 finished with value: 3939889.821144174 and parameters: {'n_trees': 100, 'maxleaf': 64, 'loss_de': 4, 'loss_dr': 0.7}. Best is trial 49 with value: 3857521.173127576.
[I 2025-01-13 04:23:05,469] Trial 69 finished with value: 3976485.767380918 and parameters: {'n_trees': 100, 'maxleaf': 128, 'loss_de': 3, 'loss_dr': 0.9}. Best is trial 49 with value: 3857521.173127576.
[I 2025-01-13 04:38:33,406] Trial 70 finished with value: 3922076.2407242833 and parameters: {'n_trees': 200, 'maxleaf': 64, 'loss_de': 3, 'loss_dr': 0.9}. Best is trial 49 with value: 3857521.173127576.
[I 2025-01-13 04:53:01,337] Trial 71 finished with value: 3917329.288083623 and parameters: {'n_trees': 200, 'maxleaf': 64, 'loss_de': 2, 'loss_dr': 0.9}. Best is trial 49 with value: 3857521.173127576.
[I 2025-01-13 05:07:42,869] Trial 72 finished with value: 3929140.297895548 and parameters: {'n_trees': 200, 'maxleaf': 64, 'loss_de': 2, 'loss_dr': 0.9}. Best is trial 49 with value: 3857521.173127576.
[I 2025-01-13 05:22:14,457] Trial 73 finished with value: 3912219.991552917 and parameters: {'n_trees': 200, 'maxleaf': 64, 'loss_de': 2, 'loss_dr': 0.9}. Best is trial 49 with value: 3857521.173127576.
[I 2025-01-13 05:36:28,763] Trial 74 finished with value: 3863844.2135236943 and parameters: {'n_trees': 200, 'maxleaf': 64, 'loss_de': 2, 'loss_dr': 0.9}. Best is trial 49 with value: 3857521.173127576.
[I 2025-01-13 05:51:00,085] Trial 75 finished with value: 3944603.2736059674 and parameters: {'n_trees': 200, 'maxleaf': 64, 'loss_de': 2, 'loss_dr': 0.9}. Best is trial 49 with value: 3857521.173127576.
[I 2025-01-13 06:10:34,653] Trial 76 finished with value: 6744462.465830991 and parameters: {'n_trees': 100, 'maxleaf': 64, 'loss_de': 10, 'loss_dr': 0.9}. Best is trial 49 with value: 3857521.173127576.
[I 2025-01-13 06:25:43,769] Trial 77 finished with value: 3960240.4171693632 and parameters: {'n_trees': 100, 'maxleaf': 128, 'loss_de': 3, 'loss_dr': 0.7}. Best is trial 49 with value: 3857521.173127576.
[I 2025-01-13 06:40:26,263] Trial 78 finished with value: 3940687.9248024127 and parameters: {'n_trees': 200, 'maxleaf': 64, 'loss_de': 2, 'loss_dr': 0.9}. Best is trial 49 with value: 3857521.173127576.
[I 2025-01-13 06:55:51,403] Trial 79 finished with value: 3914954.6298450157 and parameters: {'n_trees': 100, 'maxleaf': 64, 'loss_de': 3, 'loss_dr': 0.9}. Best is trial 49 with value: 3857521.173127576.
[I 2025-01-13 07:10:18,263] Trial 80 finished with value: 3957872.1866650814 and parameters: {'n_trees': 100, 'maxleaf': 128, 'loss_de': 2, 'loss_dr': 0.9}. Best is trial 49 with value: 3857521.173127576.
[I 2025-01-13 07:24:38,091] Trial 81 finished with value: 3911890.708606216 and parameters: {'n_trees': 200, 'maxleaf': 64, 'loss_de': 2, 'loss_dr': 0.9}. Best is trial 49 with value: 3857521.173127576.
[I 2025-01-13 07:39:20,540] Trial 82 finished with value: 3870552.4076452525 and parameters: {'n_trees': 200, 'maxleaf': 64, 'loss_de': 2, 'loss_dr': 0.9}. Best is trial 49 with value: 3857521.173127576.
[I 2025-01-13 07:54:07,093] Trial 83 finished with value: 3942193.6506163045 and parameters: {'n_trees': 200, 'maxleaf': 64, 'loss_de': 2, 'loss_dr': 0.9}. Best is trial 49 with value: 3857521.173127576.
[I 2025-01-13 08:09:37,021] Trial 84 finished with value: 3916695.02262656 and parameters: {'n_trees': 200, 'maxleaf': 64, 'loss_de': 3, 'loss_dr': 0.9}. Best is trial 49 with value: 3857521.173127576.
[I 2025-01-13 08:23:54,563] Trial 85 finished with value: 3887989.757835856 and parameters: {'n_trees': 200, 'maxleaf': 64, 'loss_de': 2, 'loss_dr': 0.9}. Best is trial 49 with value: 3857521.173127576.
[I 2025-01-13 08:38:17,716] Trial 86 finished with value: 3989315.3083682074 and parameters: {'n_trees': 100, 'maxleaf': 64, 'loss_de': 2, 'loss_dr': 0.7}. Best is trial 49 with value: 3857521.173127576.
[I 2025-01-13 08:52:51,100] Trial 87 finished with value: 3952394.1930128136 and parameters: {'n_trees': 200, 'maxleaf': 64, 'loss_de': 2, 'loss_dr': 0.9}. Best is trial 49 with value: 3857521.173127576.
[I 2025-01-13 09:07:15,631] Trial 88 finished with value: 3925261.8925919184 and parameters: {'n_trees': 100, 'maxleaf': 128, 'loss_de': 2, 'loss_dr': 0.9}. Best is trial 49 with value: 3857521.173127576.
[I 2025-01-13 09:21:29,271] Trial 89 finished with value: 3894779.9177679606 and parameters: {'n_trees': 100, 'maxleaf': 64, 'loss_de': 2, 'loss_dr': 0.9}. Best is trial 49 with value: 3857521.173127576.
[I 2025-01-13 09:36:02,134] Trial 90 finished with value: 3988518.7621889077 and parameters: {'n_trees': 200, 'maxleaf': 64, 'loss_de': 2, 'loss_dr': 0.7}. Best is trial 49 with value: 3857521.173127576.
[I 2025-01-13 09:51:06,713] Trial 91 finished with value: 3910598.442713889 and parameters: {'n_trees': 200, 'maxleaf': 64, 'loss_de': 3, 'loss_dr': 0.9}. Best is trial 49 with value: 3857521.173127576.
[I 2025-01-13 10:08:04,328] Trial 92 finished with value: 6713499.48699498 and parameters: {'n_trees': 200, 'maxleaf': 64, 'loss_de': 8, 'loss_dr': 0.9}. Best is trial 49 with value: 3857521.173127576.
[I 2025-01-13 10:22:23,298] Trial 93 finished with value: 3888498.2732867226 and parameters: {'n_trees': 200, 'maxleaf': 64, 'loss_de': 2, 'loss_dr': 0.9}. Best is trial 49 with value: 3857521.173127576.
[I 2025-01-13 10:36:44,415] Trial 94 finished with value: 3847024.970033401 and parameters: {'n_trees': 200, 'maxleaf': 64, 'loss_de': 2, 'loss_dr': 0.9}. Best is trial 94 with value: 3847024.970033401.
[I 2025-01-13 10:51:01,663] Trial 95 finished with value: 3912089.2530057775 and parameters: {'n_trees': 200, 'maxleaf': 64, 'loss_de': 2, 'loss_dr': 0.9}. Best is trial 94 with value: 3847024.970033401.
[I 2025-01-13 11:05:45,290] Trial 96 finished with value: 3881645.1026728363 and parameters: {'n_trees': 200, 'maxleaf': 64, 'loss_de': 2, 'loss_dr': 0.9}. Best is trial 94 with value: 3847024.970033401.
[I 2025-01-13 11:20:14,467] Trial 97 finished with value: 3913218.951495169 and parameters: {'n_trees': 200, 'maxleaf': 128, 'loss_de': 2, 'loss_dr': 0.9}. Best is trial 94 with value: 3847024.970033401.
[I 2025-01-13 11:34:46,640] Trial 98 finished with value: 3919626.460124234 and parameters: {'n_trees': 200, 'maxleaf': 64, 'loss_de': 2, 'loss_dr': 0.9}. Best is trial 94 with value: 3847024.970033401.
[I 2025-01-13 11:49:24,774] Trial 99 finished with value: 3950740.64377914 and parameters: {'n_trees': 200, 'maxleaf': 64, 'loss_de': 2, 'loss_dr': 0.9}. Best is trial 94 with value: 3847024.970033401.
