[I 2025-01-11 18:42:39,260] A new study created in RDB with name: DeepGBM_SAT11
[I 2025-01-11 18:43:29,578] Trial 0 finished with value: 3143431.902840422 and parameters: {'n_trees': 100, 'maxleaf': 64, 'loss_de': 3, 'loss_dr': 0.9}. Best is trial 0 with value: 3143431.902840422.
[I 2025-01-11 18:44:17,582] Trial 1 finished with value: 3216897.4293524544 and parameters: {'n_trees': 200, 'maxleaf': 128, 'loss_de': 3, 'loss_dr': 0.9}. Best is trial 0 with value: 3143431.902840422.
[I 2025-01-11 18:45:00,927] Trial 2 finished with value: 3333609.6216454045 and parameters: {'n_trees': 100, 'maxleaf': 128, 'loss_de': 8, 'loss_dr': 0.9}. Best is trial 0 with value: 3143431.902840422.
[I 2025-01-11 18:45:43,004] Trial 3 finished with value: 5027858.328375103 and parameters: {'n_trees': 100, 'maxleaf': 128, 'loss_de': 9, 'loss_dr': 0.9}. Best is trial 0 with value: 3143431.902840422.
[I 2025-01-11 18:46:23,472] Trial 4 finished with value: 4962405.2476364 and parameters: {'n_trees': 100, 'maxleaf': 128, 'loss_de': 8, 'loss_dr': 0.9}. Best is trial 0 with value: 3143431.902840422.
[I 2025-01-11 18:47:15,699] Trial 5 finished with value: 3215788.587228374 and parameters: {'n_trees': 200, 'maxleaf': 64, 'loss_de': 4, 'loss_dr': 0.7}. Best is trial 0 with value: 3143431.902840422.
[I 2025-01-11 18:47:53,230] Trial 6 finished with value: 5053922.706535656 and parameters: {'n_trees': 100, 'maxleaf': 64, 'loss_de': 7, 'loss_dr': 0.9}. Best is trial 0 with value: 3143431.902840422.
[I 2025-01-11 18:48:35,708] Trial 7 finished with value: 3301301.01582931 and parameters: {'n_trees': 100, 'maxleaf': 64, 'loss_de': 3, 'loss_dr': 0.9}. Best is trial 0 with value: 3143431.902840422.
[I 2025-01-11 18:49:28,915] Trial 8 finished with value: 3343838.7462465805 and parameters: {'n_trees': 200, 'maxleaf': 128, 'loss_de': 5, 'loss_dr': 0.7}. Best is trial 0 with value: 3143431.902840422.
[I 2025-01-11 18:50:12,195] Trial 9 finished with value: 4893405.418265316 and parameters: {'n_trees': 100, 'maxleaf': 128, 'loss_de': 10, 'loss_dr': 0.9}. Best is trial 0 with value: 3143431.902840422.
[I 2025-01-11 18:50:57,740] Trial 10 finished with value: 3469645.4911935246 and parameters: {'n_trees': 200, 'maxleaf': 64, 'loss_de': 2, 'loss_dr': 0.7}. Best is trial 0 with value: 3143431.902840422.
[I 2025-01-11 18:51:45,183] Trial 11 finished with value: 3334402.0608355803 and parameters: {'n_trees': 200, 'maxleaf': 64, 'loss_de': 5, 'loss_dr': 0.7}. Best is trial 0 with value: 3143431.902840422.
[I 2025-01-11 18:52:36,015] Trial 12 finished with value: 3255919.4632430533 and parameters: {'n_trees': 200, 'maxleaf': 64, 'loss_de': 4, 'loss_dr': 0.7}. Best is trial 0 with value: 3143431.902840422.
[I 2025-01-11 18:53:27,031] Trial 13 finished with value: 3343565.2271398073 and parameters: {'n_trees': 200, 'maxleaf': 64, 'loss_de': 2, 'loss_dr': 0.7}. Best is trial 0 with value: 3143431.902840422.
[I 2025-01-11 18:54:20,609] Trial 14 finished with value: 3202718.5405064607 and parameters: {'n_trees': 100, 'maxleaf': 64, 'loss_de': 5, 'loss_dr': 0.7}. Best is trial 0 with value: 3143431.902840422.
[I 2025-01-11 18:55:09,263] Trial 15 finished with value: 3268895.1603520955 and parameters: {'n_trees': 100, 'maxleaf': 64, 'loss_de': 6, 'loss_dr': 0.7}. Best is trial 0 with value: 3143431.902840422.
[I 2025-01-11 18:55:57,049] Trial 16 finished with value: 3107860.4758230983 and parameters: {'n_trees': 100, 'maxleaf': 64, 'loss_de': 6, 'loss_dr': 0.9}. Best is trial 16 with value: 3107860.4758230983.
[I 2025-01-11 18:56:28,565] Trial 17 finished with value: 7160380.2521593375 and parameters: {'n_trees': 100, 'maxleaf': 64, 'loss_de': 7, 'loss_dr': 0.9}. Best is trial 16 with value: 3107860.4758230983.
[I 2025-01-11 18:57:11,312] Trial 18 finished with value: 3279108.8107289155 and parameters: {'n_trees': 100, 'maxleaf': 64, 'loss_de': 6, 'loss_dr': 0.9}. Best is trial 16 with value: 3107860.4758230983.
[I 2025-01-11 18:57:57,427] Trial 19 finished with value: 3247734.483705987 and parameters: {'n_trees': 100, 'maxleaf': 64, 'loss_de': 3, 'loss_dr': 0.9}. Best is trial 16 with value: 3107860.4758230983.
[I 2025-01-11 18:58:41,014] Trial 20 finished with value: 3260456.8859275403 and parameters: {'n_trees': 100, 'maxleaf': 64, 'loss_de': 4, 'loss_dr': 0.9}. Best is trial 16 with value: 3107860.4758230983.
[I 2025-01-11 18:59:30,469] Trial 21 finished with value: 3241602.5754303406 and parameters: {'n_trees': 100, 'maxleaf': 64, 'loss_de': 5, 'loss_dr': 0.7}. Best is trial 16 with value: 3107860.4758230983.
[I 2025-01-11 19:00:07,476] Trial 22 finished with value: 5159928.877141738 and parameters: {'n_trees': 100, 'maxleaf': 64, 'loss_de': 7, 'loss_dr': 0.9}. Best is trial 16 with value: 3107860.4758230983.
[I 2025-01-11 19:00:56,165] Trial 23 finished with value: 3193626.5005931454 and parameters: {'n_trees': 100, 'maxleaf': 64, 'loss_de': 5, 'loss_dr': 0.7}. Best is trial 16 with value: 3107860.4758230983.
[I 2025-01-11 19:01:27,077] Trial 24 finished with value: 7076027.915457535 and parameters: {'n_trees': 100, 'maxleaf': 64, 'loss_de': 6, 'loss_dr': 0.9}. Best is trial 16 with value: 3107860.4758230983.
[I 2025-01-11 19:02:10,569] Trial 25 finished with value: 3210836.333196267 and parameters: {'n_trees': 100, 'maxleaf': 64, 'loss_de': 4, 'loss_dr': 0.9}. Best is trial 16 with value: 3107860.4758230983.
[I 2025-01-11 19:03:06,099] Trial 26 finished with value: 3226949.622896944 and parameters: {'n_trees': 100, 'maxleaf': 64, 'loss_de': 3, 'loss_dr': 0.7}. Best is trial 16 with value: 3107860.4758230983.
[I 2025-01-11 19:04:00,633] Trial 27 finished with value: 3041775.4243312934 and parameters: {'n_trees': 100, 'maxleaf': 64, 'loss_de': 6, 'loss_dr': 0.9}. Best is trial 27 with value: 3041775.4243312934.
[I 2025-01-11 19:04:39,332] Trial 28 finished with value: 5058099.126502736 and parameters: {'n_trees': 100, 'maxleaf': 64, 'loss_de': 8, 'loss_dr': 0.9}. Best is trial 27 with value: 3041775.4243312934.
[I 2025-01-11 19:05:17,378] Trial 29 finished with value: 5151383.109494148 and parameters: {'n_trees': 100, 'maxleaf': 128, 'loss_de': 10, 'loss_dr': 0.9}. Best is trial 27 with value: 3041775.4243312934.
[I 2025-01-11 19:06:03,630] Trial 30 finished with value: 3175945.687145811 and parameters: {'n_trees': 100, 'maxleaf': 64, 'loss_de': 7, 'loss_dr': 0.9}. Best is trial 27 with value: 3041775.4243312934.
[I 2025-01-11 19:06:46,068] Trial 31 finished with value: 5029503.0784831885 and parameters: {'n_trees': 100, 'maxleaf': 64, 'loss_de': 7, 'loss_dr': 0.9}. Best is trial 27 with value: 3041775.4243312934.
[I 2025-01-11 19:07:33,376] Trial 32 finished with value: 3184524.9351842883 and parameters: {'n_trees': 100, 'maxleaf': 64, 'loss_de': 8, 'loss_dr': 0.9}. Best is trial 27 with value: 3041775.4243312934.
[I 2025-01-11 19:08:10,901] Trial 33 finished with value: 5016816.416745182 and parameters: {'n_trees': 100, 'maxleaf': 64, 'loss_de': 9, 'loss_dr': 0.9}. Best is trial 27 with value: 3041775.4243312934.
[I 2025-01-11 19:09:01,254] Trial 34 finished with value: 3114949.804335921 and parameters: {'n_trees': 100, 'maxleaf': 128, 'loss_de': 6, 'loss_dr': 0.9}. Best is trial 27 with value: 3041775.4243312934.
[I 2025-01-11 19:09:47,413] Trial 35 finished with value: 3111821.4619784057 and parameters: {'n_trees': 100, 'maxleaf': 128, 'loss_de': 6, 'loss_dr': 0.9}. Best is trial 27 with value: 3041775.4243312934.
[I 2025-01-11 19:10:22,322] Trial 36 finished with value: 5170291.712007755 and parameters: {'n_trees': 100, 'maxleaf': 128, 'loss_de': 6, 'loss_dr': 0.9}. Best is trial 27 with value: 3041775.4243312934.
[I 2025-01-11 19:11:08,804] Trial 37 finished with value: 3191728.882088924 and parameters: {'n_trees': 100, 'maxleaf': 128, 'loss_de': 6, 'loss_dr': 0.9}. Best is trial 27 with value: 3041775.4243312934.
[I 2025-01-11 19:11:53,139] Trial 38 finished with value: 3269667.769683606 and parameters: {'n_trees': 100, 'maxleaf': 128, 'loss_de': 7, 'loss_dr': 0.9}. Best is trial 27 with value: 3041775.4243312934.
[I 2025-01-11 19:12:44,053] Trial 39 finished with value: 3091795.8948056274 and parameters: {'n_trees': 200, 'maxleaf': 128, 'loss_de': 6, 'loss_dr': 0.9}. Best is trial 27 with value: 3041775.4243312934.
[I 2025-01-11 19:13:32,460] Trial 40 finished with value: 3152923.095166914 and parameters: {'n_trees': 200, 'maxleaf': 128, 'loss_de': 5, 'loss_dr': 0.9}. Best is trial 27 with value: 3041775.4243312934.
[I 2025-01-11 19:14:23,002] Trial 41 finished with value: 3095563.0783421393 and parameters: {'n_trees': 200, 'maxleaf': 128, 'loss_de': 6, 'loss_dr': 0.9}. Best is trial 27 with value: 3041775.4243312934.
[I 2025-01-11 19:15:10,462] Trial 42 finished with value: 3091379.121768384 and parameters: {'n_trees': 200, 'maxleaf': 128, 'loss_de': 6, 'loss_dr': 0.9}. Best is trial 27 with value: 3041775.4243312934.
[I 2025-01-11 19:15:53,038] Trial 43 finished with value: 3268677.8239076072 and parameters: {'n_trees': 200, 'maxleaf': 128, 'loss_de': 6, 'loss_dr': 0.9}. Best is trial 27 with value: 3041775.4243312934.
[I 2025-01-11 19:16:39,150] Trial 44 finished with value: 3283025.500663205 and parameters: {'n_trees': 200, 'maxleaf': 128, 'loss_de': 7, 'loss_dr': 0.9}. Best is trial 27 with value: 3041775.4243312934.
[I 2025-01-11 19:17:23,248] Trial 45 finished with value: 3263563.8386207684 and parameters: {'n_trees': 200, 'maxleaf': 128, 'loss_de': 5, 'loss_dr': 0.9}. Best is trial 27 with value: 3041775.4243312934.
[I 2025-01-11 19:18:13,732] Trial 46 finished with value: 3067725.0877343635 and parameters: {'n_trees': 200, 'maxleaf': 128, 'loss_de': 8, 'loss_dr': 0.9}. Best is trial 27 with value: 3041775.4243312934.
[I 2025-01-11 19:19:06,618] Trial 47 finished with value: 3142879.5301789357 and parameters: {'n_trees': 200, 'maxleaf': 128, 'loss_de': 9, 'loss_dr': 0.9}. Best is trial 27 with value: 3041775.4243312934.
[I 2025-01-11 19:19:48,261] Trial 48 finished with value: 4956180.828398438 and parameters: {'n_trees': 200, 'maxleaf': 128, 'loss_de': 8, 'loss_dr': 0.9}. Best is trial 27 with value: 3041775.4243312934.
[I 2025-01-11 19:20:32,461] Trial 49 finished with value: 3339892.051025512 and parameters: {'n_trees': 200, 'maxleaf': 128, 'loss_de': 8, 'loss_dr': 0.9}. Best is trial 27 with value: 3041775.4243312934.
[I 2025-01-11 19:21:19,935] Trial 50 finished with value: 3276181.8638860444 and parameters: {'n_trees': 200, 'maxleaf': 128, 'loss_de': 5, 'loss_dr': 0.9}. Best is trial 27 with value: 3041775.4243312934.
[I 2025-01-11 19:21:59,685] Trial 51 finished with value: 5066650.470797893 and parameters: {'n_trees': 200, 'maxleaf': 128, 'loss_de': 7, 'loss_dr': 0.9}. Best is trial 27 with value: 3041775.4243312934.
[I 2025-01-11 19:22:45,500] Trial 52 finished with value: 3215748.4135655737 and parameters: {'n_trees': 200, 'maxleaf': 128, 'loss_de': 6, 'loss_dr': 0.9}. Best is trial 27 with value: 3041775.4243312934.
[I 2025-01-11 19:23:31,286] Trial 53 finished with value: 3294850.077553257 and parameters: {'n_trees': 200, 'maxleaf': 128, 'loss_de': 6, 'loss_dr': 0.9}. Best is trial 27 with value: 3041775.4243312934.
[I 2025-01-11 19:24:17,942] Trial 54 finished with value: 3231427.7817734648 and parameters: {'n_trees': 200, 'maxleaf': 128, 'loss_de': 7, 'loss_dr': 0.9}. Best is trial 27 with value: 3041775.4243312934.
[I 2025-01-11 19:25:10,966] Trial 55 finished with value: 3187119.0854515526 and parameters: {'n_trees': 200, 'maxleaf': 128, 'loss_de': 5, 'loss_dr': 0.9}. Best is trial 27 with value: 3041775.4243312934.
[I 2025-01-11 19:25:59,850] Trial 56 finished with value: 3140792.979492682 and parameters: {'n_trees': 200, 'maxleaf': 128, 'loss_de': 6, 'loss_dr': 0.9}. Best is trial 27 with value: 3041775.4243312934.
[I 2025-01-11 19:26:44,810] Trial 57 finished with value: 3286163.6302245567 and parameters: {'n_trees': 200, 'maxleaf': 128, 'loss_de': 9, 'loss_dr': 0.9}. Best is trial 27 with value: 3041775.4243312934.
[I 2025-01-11 19:27:26,023] Trial 58 finished with value: 5153281.44873376 and parameters: {'n_trees': 200, 'maxleaf': 128, 'loss_de': 7, 'loss_dr': 0.9}. Best is trial 27 with value: 3041775.4243312934.
[I 2025-01-11 19:28:12,961] Trial 59 finished with value: 3225343.7768047247 and parameters: {'n_trees': 200, 'maxleaf': 128, 'loss_de': 4, 'loss_dr': 0.9}. Best is trial 27 with value: 3041775.4243312934.
[I 2025-01-11 19:29:06,952] Trial 60 finished with value: 3196205.5056538894 and parameters: {'n_trees': 200, 'maxleaf': 128, 'loss_de': 5, 'loss_dr': 0.7}. Best is trial 27 with value: 3041775.4243312934.
[I 2025-01-11 19:29:52,978] Trial 61 finished with value: 3246515.6465824493 and parameters: {'n_trees': 200, 'maxleaf': 128, 'loss_de': 6, 'loss_dr': 0.9}. Best is trial 27 with value: 3041775.4243312934.
[I 2025-01-11 19:30:44,408] Trial 62 finished with value: 3198255.91979887 and parameters: {'n_trees': 200, 'maxleaf': 128, 'loss_de': 6, 'loss_dr': 0.9}. Best is trial 27 with value: 3041775.4243312934.
[I 2025-01-11 19:31:34,089] Trial 63 finished with value: 3207957.843825846 and parameters: {'n_trees': 200, 'maxleaf': 128, 'loss_de': 6, 'loss_dr': 0.9}. Best is trial 27 with value: 3041775.4243312934.
[I 2025-01-11 19:32:16,783] Trial 64 finished with value: 3302736.1930726077 and parameters: {'n_trees': 100, 'maxleaf': 128, 'loss_de': 5, 'loss_dr': 0.9}. Best is trial 27 with value: 3041775.4243312934.
[I 2025-01-11 19:33:05,498] Trial 65 finished with value: 3172819.9406522373 and parameters: {'n_trees': 200, 'maxleaf': 64, 'loss_de': 6, 'loss_dr': 0.9}. Best is trial 27 with value: 3041775.4243312934.
[I 2025-01-11 19:33:46,267] Trial 66 finished with value: 4912506.196199166 and parameters: {'n_trees': 100, 'maxleaf': 128, 'loss_de': 7, 'loss_dr': 0.9}. Best is trial 27 with value: 3041775.4243312934.
[I 2025-01-11 19:34:22,033] Trial 67 finished with value: 5112782.233588712 and parameters: {'n_trees': 100, 'maxleaf': 64, 'loss_de': 7, 'loss_dr': 0.9}. Best is trial 27 with value: 3041775.4243312934.
[I 2025-01-11 19:35:14,678] Trial 68 finished with value: 3229469.519024303 and parameters: {'n_trees': 200, 'maxleaf': 128, 'loss_de': 6, 'loss_dr': 0.7}. Best is trial 27 with value: 3041775.4243312934.
[I 2025-01-11 19:36:07,359] Trial 69 finished with value: 3063110.103421154 and parameters: {'n_trees': 100, 'maxleaf': 64, 'loss_de': 10, 'loss_dr': 0.9}. Best is trial 27 with value: 3041775.4243312934.
[I 2025-01-11 19:36:39,493] Trial 70 finished with value: 6915795.300100583 and parameters: {'n_trees': 100, 'maxleaf': 64, 'loss_de': 10, 'loss_dr': 0.9}. Best is trial 27 with value: 3041775.4243312934.
[I 2025-01-11 19:37:14,212] Trial 71 finished with value: 6974550.662714362 and parameters: {'n_trees': 100, 'maxleaf': 64, 'loss_de': 9, 'loss_dr': 0.9}. Best is trial 27 with value: 3041775.4243312934.
[I 2025-01-11 19:37:53,305] Trial 72 finished with value: 5145572.300584112 and parameters: {'n_trees': 100, 'maxleaf': 64, 'loss_de': 10, 'loss_dr': 0.9}. Best is trial 27 with value: 3041775.4243312934.
[I 2025-01-11 19:38:42,418] Trial 73 finished with value: 3119948.829493538 and parameters: {'n_trees': 100, 'maxleaf': 64, 'loss_de': 6, 'loss_dr': 0.9}. Best is trial 27 with value: 3041775.4243312934.
[I 2025-01-11 19:39:13,570] Trial 74 finished with value: 6904534.875336585 and parameters: {'n_trees': 100, 'maxleaf': 64, 'loss_de': 8, 'loss_dr': 0.9}. Best is trial 27 with value: 3041775.4243312934.
[I 2025-01-11 19:40:02,363] Trial 75 finished with value: 3208770.1732295766 and parameters: {'n_trees': 100, 'maxleaf': 64, 'loss_de': 5, 'loss_dr': 0.9}. Best is trial 27 with value: 3041775.4243312934.
[I 2025-01-11 19:40:38,876] Trial 76 finished with value: 5132986.1461365605 and parameters: {'n_trees': 100, 'maxleaf': 64, 'loss_de': 7, 'loss_dr': 0.9}. Best is trial 27 with value: 3041775.4243312934.
[I 2025-01-11 19:41:19,857] Trial 77 finished with value: 5173824.894303633 and parameters: {'n_trees': 100, 'maxleaf': 128, 'loss_de': 6, 'loss_dr': 0.9}. Best is trial 27 with value: 3041775.4243312934.
[I 2025-01-11 19:42:14,012] Trial 78 finished with value: 3158744.428254738 and parameters: {'n_trees': 200, 'maxleaf': 64, 'loss_de': 5, 'loss_dr': 0.7}. Best is trial 27 with value: 3041775.4243312934.
[I 2025-01-11 19:43:00,127] Trial 79 finished with value: 3252079.4861567295 and parameters: {'n_trees': 100, 'maxleaf': 128, 'loss_de': 6, 'loss_dr': 0.9}. Best is trial 27 with value: 3041775.4243312934.
[I 2025-01-11 19:43:50,432] Trial 80 finished with value: 3146453.701478969 and parameters: {'n_trees': 200, 'maxleaf': 128, 'loss_de': 4, 'loss_dr': 0.9}. Best is trial 27 with value: 3041775.4243312934.
[I 2025-01-11 19:44:37,027] Trial 81 finished with value: 3176465.671300989 and parameters: {'n_trees': 100, 'maxleaf': 128, 'loss_de': 6, 'loss_dr': 0.9}. Best is trial 27 with value: 3041775.4243312934.
[I 2025-01-11 19:45:21,261] Trial 82 finished with value: 3204537.7488809647 and parameters: {'n_trees': 100, 'maxleaf': 128, 'loss_de': 6, 'loss_dr': 0.9}. Best is trial 27 with value: 3041775.4243312934.
[I 2025-01-11 19:46:11,146] Trial 83 finished with value: 3190135.2467252566 and parameters: {'n_trees': 100, 'maxleaf': 128, 'loss_de': 6, 'loss_dr': 0.9}. Best is trial 27 with value: 3041775.4243312934.
[I 2025-01-11 19:47:02,883] Trial 84 finished with value: 3140871.670742883 and parameters: {'n_trees': 100, 'maxleaf': 128, 'loss_de': 7, 'loss_dr': 0.9}. Best is trial 27 with value: 3041775.4243312934.
[I 2025-01-11 19:47:45,815] Trial 85 finished with value: 3168538.961368315 and parameters: {'n_trees': 100, 'maxleaf': 128, 'loss_de': 5, 'loss_dr': 0.9}. Best is trial 27 with value: 3041775.4243312934.
[I 2025-01-11 19:48:31,813] Trial 86 finished with value: 3240402.9493281622 and parameters: {'n_trees': 100, 'maxleaf': 64, 'loss_de': 7, 'loss_dr': 0.9}. Best is trial 27 with value: 3041775.4243312934.
[I 2025-01-11 19:49:16,791] Trial 87 finished with value: 3198768.5854577576 and parameters: {'n_trees': 200, 'maxleaf': 128, 'loss_de': 6, 'loss_dr': 0.9}. Best is trial 27 with value: 3041775.4243312934.
[I 2025-01-11 19:50:06,578] Trial 88 finished with value: 3116517.7788507678 and parameters: {'n_trees': 100, 'maxleaf': 128, 'loss_de': 6, 'loss_dr': 0.9}. Best is trial 27 with value: 3041775.4243312934.
[I 2025-01-11 19:50:51,560] Trial 89 finished with value: 3284119.572190498 and parameters: {'n_trees': 200, 'maxleaf': 64, 'loss_de': 10, 'loss_dr': 0.9}. Best is trial 27 with value: 3041775.4243312934.
[I 2025-01-11 19:51:20,913] Trial 90 finished with value: 7143726.275776768 and parameters: {'n_trees': 100, 'maxleaf': 128, 'loss_de': 9, 'loss_dr': 0.9}. Best is trial 27 with value: 3041775.4243312934.
[I 2025-01-11 19:52:11,992] Trial 91 finished with value: 3160693.006585141 and parameters: {'n_trees': 100, 'maxleaf': 128, 'loss_de': 6, 'loss_dr': 0.9}. Best is trial 27 with value: 3041775.4243312934.
[I 2025-01-11 19:52:54,636] Trial 92 finished with value: 3206096.7613131036 and parameters: {'n_trees': 100, 'maxleaf': 128, 'loss_de': 6, 'loss_dr': 0.9}. Best is trial 27 with value: 3041775.4243312934.
[I 2025-01-11 19:53:36,855] Trial 93 finished with value: 4975823.23608431 and parameters: {'n_trees': 100, 'maxleaf': 128, 'loss_de': 6, 'loss_dr': 0.9}. Best is trial 27 with value: 3041775.4243312934.
[I 2025-01-11 19:54:23,091] Trial 94 finished with value: 3175146.610828157 and parameters: {'n_trees': 100, 'maxleaf': 128, 'loss_de': 5, 'loss_dr': 0.9}. Best is trial 27 with value: 3041775.4243312934.
[I 2025-01-11 19:55:10,334] Trial 95 finished with value: 3265505.5960048405 and parameters: {'n_trees': 200, 'maxleaf': 128, 'loss_de': 7, 'loss_dr': 0.9}. Best is trial 27 with value: 3041775.4243312934.
[I 2025-01-11 19:55:53,985] Trial 96 finished with value: 4988117.244036187 and parameters: {'n_trees': 100, 'maxleaf': 128, 'loss_de': 6, 'loss_dr': 0.7}. Best is trial 27 with value: 3041775.4243312934.
[I 2025-01-11 19:56:32,163] Trial 97 finished with value: 5108458.645387268 and parameters: {'n_trees': 200, 'maxleaf': 128, 'loss_de': 7, 'loss_dr': 0.9}. Best is trial 27 with value: 3041775.4243312934.
[I 2025-01-11 19:57:15,839] Trial 98 finished with value: 3127335.044076142 and parameters: {'n_trees': 100, 'maxleaf': 64, 'loss_de': 6, 'loss_dr': 0.9}. Best is trial 27 with value: 3041775.4243312934.
[I 2025-01-11 19:58:06,541] Trial 99 finished with value: 3120585.829189766 and parameters: {'n_trees': 200, 'maxleaf': 128, 'loss_de': 5, 'loss_dr': 0.9}. Best is trial 27 with value: 3041775.4243312934.
[I 2025-01-11 19:59:01,636] A new study created in RDB with name: DeepGBM_Diamonds
[I 2025-01-11 20:04:13,941] Trial 0 finished with value: 18501218.705449674 and parameters: {'n_trees': 200, 'maxleaf': 64, 'loss_de': 7, 'loss_dr': 0.9}. Best is trial 0 with value: 18501218.705449674.
[I 2025-01-11 20:09:50,238] Trial 1 finished with value: 16242275.552676681 and parameters: {'n_trees': 100, 'maxleaf': 128, 'loss_de': 9, 'loss_dr': 0.9}. Best is trial 1 with value: 16242275.552676681.
[I 2025-01-11 20:16:18,687] Trial 2 finished with value: 15425730.82603167 and parameters: {'n_trees': 200, 'maxleaf': 64, 'loss_de': 9, 'loss_dr': 0.7}. Best is trial 2 with value: 15425730.82603167.
[I 2025-01-11 20:23:13,045] Trial 3 finished with value: 12895808.81936638 and parameters: {'n_trees': 100, 'maxleaf': 64, 'loss_de': 6, 'loss_dr': 0.9}. Best is trial 3 with value: 12895808.81936638.
[I 2025-01-11 20:32:44,367] Trial 4 finished with value: 7723040.707871877 and parameters: {'n_trees': 100, 'maxleaf': 128, 'loss_de': 3, 'loss_dr': 0.9}. Best is trial 4 with value: 7723040.707871877.
[I 2025-01-11 20:37:11,446] Trial 5 finished with value: 17137384.82367077 and parameters: {'n_trees': 200, 'maxleaf': 64, 'loss_de': 6, 'loss_dr': 0.7}. Best is trial 4 with value: 7723040.707871877.
