[I 2025-01-12 09:17:29,489] Trial 20 finished with value: 174.69470193511944 and parameters: {'n_trees': 200, 'maxleaf': 64, 'loss_de': 2, 'loss_dr': 0.9}. Best is trial 19 with value: 135.73580909123982.
[I 2025-01-12 09:17:49,734] Trial 21 finished with value: 1606.5640809254792 and parameters: {'n_trees': 200, 'maxleaf': 64, 'loss_de': 2, 'loss_dr': 0.9}. Best is trial 19 with value: 135.73580909123982.
[I 2025-01-12 09:18:11,481] Trial 22 finished with value: 8240.534091323501 and parameters: {'n_trees': 200, 'maxleaf': 64, 'loss_de': 2, 'loss_dr': 0.9}. Best is trial 19 with value: 135.73580909123982.
[I 2025-01-12 09:18:37,488] Trial 23 finished with value: 107.19376231160342 and parameters: {'n_trees': 200, 'maxleaf': 64, 'loss_de': 4, 'loss_dr': 0.9}. Best is trial 23 with value: 107.19376231160342.
[I 2025-01-12 09:19:04,863] Trial 24 finished with value: 83360.79203985428 and parameters: {'n_trees': 200, 'maxleaf': 64, 'loss_de': 4, 'loss_dr': 0.9}. Best is trial 23 with value: 107.19376231160342.
[I 2025-01-12 09:19:27,342] Trial 25 finished with value: 4133.575060488294 and parameters: {'n_trees': 200, 'maxleaf': 64, 'loss_de': 5, 'loss_dr': 0.9}. Best is trial 23 with value: 107.19376231160342.
[I 2025-01-12 09:19:49,733] Trial 26 finished with value: 53143.144166764476 and parameters: {'n_trees': 100, 'maxleaf': 128, 'loss_de': 6, 'loss_dr': 0.9}. Best is trial 23 with value: 107.19376231160342.
[I 2025-01-12 09:20:15,440] Trial 27 finished with value: 4676.220919629197 and parameters: {'n_trees': 200, 'maxleaf': 64, 'loss_de': 4, 'loss_dr': 0.9}. Best is trial 23 with value: 107.19376231160342.
[I 2025-01-12 09:20:39,000] Trial 28 finished with value: 447.79163727761613 and parameters: {'n_trees': 200, 'maxleaf': 64, 'loss_de': 3, 'loss_dr': 0.9}. Best is trial 23 with value: 107.19376231160342.
[I 2025-01-12 09:21:06,719] Trial 29 finished with value: 2109.4591042989205 and parameters: {'n_trees': 200, 'maxleaf': 128, 'loss_de': 6, 'loss_dr': 0.9}. Best is trial 23 with value: 107.19376231160342.
[I 2025-01-12 09:21:28,621] Trial 30 finished with value: 15000.729430013667 and parameters: {'n_trees': 200, 'maxleaf': 64, 'loss_de': 3, 'loss_dr': 0.9}. Best is trial 23 with value: 107.19376231160342.
[I 2025-01-12 09:21:48,646] Trial 31 finished with value: 1076.8949273902172 and parameters: {'n_trees': 200, 'maxleaf': 64, 'loss_de': 2, 'loss_dr': 0.9}. Best is trial 23 with value: 107.19376231160342.
[I 2025-01-12 09:22:11,344] Trial 32 finished with value: 116069.35563720441 and parameters: {'n_trees': 200, 'maxleaf': 64, 'loss_de': 2, 'loss_dr': 0.9}. Best is trial 23 with value: 107.19376231160342.
[I 2025-01-12 09:22:31,799] Trial 33 finished with value: 820.8121921222919 and parameters: {'n_trees': 200, 'maxleaf': 64, 'loss_de': 2, 'loss_dr': 0.9}. Best is trial 23 with value: 107.19376231160342.
[I 2025-01-12 09:22:54,257] Trial 34 finished with value: 46155.433146544216 and parameters: {'n_trees': 200, 'maxleaf': 128, 'loss_de': 4, 'loss_dr': 0.9}. Best is trial 23 with value: 107.19376231160342.
[I 2025-01-12 09:23:18,331] Trial 35 finished with value: 4247.117163620113 and parameters: {'n_trees': 100, 'maxleaf': 64, 'loss_de': 3, 'loss_dr': 0.9}. Best is trial 23 with value: 107.19376231160342.
[I 2025-01-12 09:23:41,878] Trial 36 finished with value: 14095.590580460022 and parameters: {'n_trees': 200, 'maxleaf': 64, 'loss_de': 2, 'loss_dr': 0.9}. Best is trial 23 with value: 107.19376231160342.
[I 2025-01-12 09:24:02,752] Trial 37 finished with value: 329716.91604987916 and parameters: {'n_trees': 200, 'maxleaf': 128, 'loss_de': 3, 'loss_dr': 0.9}. Best is trial 23 with value: 107.19376231160342.
[I 2025-01-12 09:24:27,377] Trial 38 finished with value: 1356195.5695275436 and parameters: {'n_trees': 100, 'maxleaf': 64, 'loss_de': 4, 'loss_dr': 0.7}. Best is trial 23 with value: 107.19376231160342.
[I 2025-01-12 09:24:57,070] Trial 39 finished with value: 2110.65983047462 and parameters: {'n_trees': 200, 'maxleaf': 64, 'loss_de': 7, 'loss_dr': 0.9}. Best is trial 23 with value: 107.19376231160342.
[I 2025-01-12 09:25:23,912] Trial 40 finished with value: 2118.616125983666 and parameters: {'n_trees': 200, 'maxleaf': 128, 'loss_de': 5, 'loss_dr': 0.9}. Best is trial 23 with value: 107.19376231160342.
[I 2025-01-12 09:25:47,706] Trial 41 finished with value: 1464564.761173202 and parameters: {'n_trees': 200, 'maxleaf': 64, 'loss_de': 3, 'loss_dr': 0.9}. Best is trial 23 with value: 107.19376231160342.
[I 2025-01-12 09:26:08,314] Trial 42 finished with value: 151728.83639420374 and parameters: {'n_trees': 200, 'maxleaf': 64, 'loss_de': 2, 'loss_dr': 0.9}. Best is trial 23 with value: 107.19376231160342.
[I 2025-01-12 09:26:30,312] Trial 43 finished with value: 118.50220506628375 and parameters: {'n_trees': 200, 'maxleaf': 64, 'loss_de': 2, 'loss_dr': 0.9}. Best is trial 23 with value: 107.19376231160342.
[I 2025-01-12 09:26:52,543] Trial 44 finished with value: 132.5997206990559 and parameters: {'n_trees': 200, 'maxleaf': 64, 'loss_de': 2, 'loss_dr': 0.7}. Best is trial 23 with value: 107.19376231160342.
[I 2025-01-12 09:27:14,830] Trial 45 finished with value: 2134.070096619403 and parameters: {'n_trees': 200, 'maxleaf': 64, 'loss_de': 2, 'loss_dr': 0.7}. Best is trial 23 with value: 107.19376231160342.
[I 2025-01-12 09:27:35,183] Trial 46 finished with value: 55212.978220907586 and parameters: {'n_trees': 100, 'maxleaf': 64, 'loss_de': 2, 'loss_dr': 0.7}. Best is trial 23 with value: 107.19376231160342.
[I 2025-01-12 09:28:01,794] Trial 47 finished with value: 9311.844576294763 and parameters: {'n_trees': 200, 'maxleaf': 64, 'loss_de': 8, 'loss_dr': 0.7}. Best is trial 23 with value: 107.19376231160342.
[I 2025-01-12 09:28:24,381] Trial 48 finished with value: 15535.255390372313 and parameters: {'n_trees': 200, 'maxleaf': 64, 'loss_de': 3, 'loss_dr': 0.7}. Best is trial 23 with value: 107.19376231160342.
[I 2025-01-12 09:28:45,364] Trial 49 finished with value: 148.55769951398344 and parameters: {'n_trees': 200, 'maxleaf': 64, 'loss_de': 2, 'loss_dr': 0.7}. Best is trial 23 with value: 107.19376231160342.
[I 2025-01-12 09:29:08,089] Trial 50 finished with value: 31794.8377579359 and parameters: {'n_trees': 200, 'maxleaf': 64, 'loss_de': 4, 'loss_dr': 0.7}. Best is trial 23 with value: 107.19376231160342.
[I 2025-01-12 09:29:31,944] Trial 51 finished with value: 13001.899762006102 and parameters: {'n_trees': 200, 'maxleaf': 64, 'loss_de': 2, 'loss_dr': 0.7}. Best is trial 23 with value: 107.19376231160342.
[I 2025-01-12 09:29:52,183] Trial 52 finished with value: 768.9966387202882 and parameters: {'n_trees': 200, 'maxleaf': 64, 'loss_de': 2, 'loss_dr': 0.7}. Best is trial 23 with value: 107.19376231160342.
[I 2025-01-12 09:30:13,841] Trial 53 finished with value: 251885.98855795595 and parameters: {'n_trees': 200, 'maxleaf': 64, 'loss_de': 3, 'loss_dr': 0.7}. Best is trial 23 with value: 107.19376231160342.
[I 2025-01-12 09:30:35,515] Trial 54 finished with value: 193487.1301685947 and parameters: {'n_trees': 200, 'maxleaf': 64, 'loss_de': 3, 'loss_dr': 0.7}. Best is trial 23 with value: 107.19376231160342.
[I 2025-01-12 09:30:56,703] Trial 55 finished with value: 270.61546280018257 and parameters: {'n_trees': 200, 'maxleaf': 64, 'loss_de': 2, 'loss_dr': 0.7}. Best is trial 23 with value: 107.19376231160342.
[I 2025-01-12 09:31:19,945] Trial 56 finished with value: 69955.56119177342 and parameters: {'n_trees': 200, 'maxleaf': 64, 'loss_de': 2, 'loss_dr': 0.7}. Best is trial 23 with value: 107.19376231160342.
[I 2025-01-12 09:31:42,537] Trial 57 finished with value: 796.1848860597299 and parameters: {'n_trees': 100, 'maxleaf': 64, 'loss_de': 3, 'loss_dr': 0.7}. Best is trial 23 with value: 107.19376231160342.
[I 2025-01-12 09:32:07,246] Trial 58 finished with value: 860.4258140625446 and parameters: {'n_trees': 200, 'maxleaf': 128, 'loss_de': 2, 'loss_dr': 0.9}. Best is trial 23 with value: 107.19376231160342.
[I 2025-01-12 09:32:32,705] Trial 59 finished with value: 411899.57583532995 and parameters: {'n_trees': 200, 'maxleaf': 64, 'loss_de': 4, 'loss_dr': 0.9}. Best is trial 23 with value: 107.19376231160342.
[I 2025-01-12 09:32:55,928] Trial 60 finished with value: 202.73960446383688 and parameters: {'n_trees': 200, 'maxleaf': 64, 'loss_de': 2, 'loss_dr': 0.7}. Best is trial 23 with value: 107.19376231160342.
[I 2025-01-12 09:33:17,857] Trial 61 finished with value: 215.77823985489226 and parameters: {'n_trees': 200, 'maxleaf': 64, 'loss_de': 2, 'loss_dr': 0.7}. Best is trial 23 with value: 107.19376231160342.
[I 2025-01-12 09:33:40,408] Trial 62 finished with value: 194572.784243687 and parameters: {'n_trees': 200, 'maxleaf': 64, 'loss_de': 3, 'loss_dr': 0.7}. Best is trial 23 with value: 107.19376231160342.
[I 2025-01-12 09:34:01,636] Trial 63 finished with value: 2223.2128534280077 and parameters: {'n_trees': 200, 'maxleaf': 64, 'loss_de': 2, 'loss_dr': 0.7}. Best is trial 23 with value: 107.19376231160342.
[I 2025-01-12 09:34:24,776] Trial 64 finished with value: 1395.6042108240836 and parameters: {'n_trees': 200, 'maxleaf': 64, 'loss_de': 2, 'loss_dr': 0.7}. Best is trial 23 with value: 107.19376231160342.
[I 2025-01-12 09:34:50,691] Trial 65 finished with value: 8289.909863444356 and parameters: {'n_trees': 200, 'maxleaf': 64, 'loss_de': 3, 'loss_dr': 0.9}. Best is trial 23 with value: 107.19376231160342.
[I 2025-01-12 09:35:11,139] Trial 66 finished with value: 8150.7345899744305 and parameters: {'n_trees': 200, 'maxleaf': 64, 'loss_de': 10, 'loss_dr': 0.7}. Best is trial 23 with value: 107.19376231160342.
[I 2025-01-12 09:35:33,549] Trial 67 finished with value: 172608.44491556002 and parameters: {'n_trees': 200, 'maxleaf': 64, 'loss_de': 3, 'loss_dr': 0.9}. Best is trial 23 with value: 107.19376231160342.
[I 2025-01-12 09:35:53,554] Trial 68 finished with value: 5902.737953209251 and parameters: {'n_trees': 200, 'maxleaf': 64, 'loss_de': 2, 'loss_dr': 0.9}. Best is trial 23 with value: 107.19376231160342.
[I 2025-01-12 09:36:14,994] Trial 69 finished with value: 7040.083599266305 and parameters: {'n_trees': 100, 'maxleaf': 128, 'loss_de': 2, 'loss_dr': 0.9}. Best is trial 23 with value: 107.19376231160342.
[I 2025-01-12 09:36:35,652] Trial 70 finished with value: 6144.449609764628 and parameters: {'n_trees': 200, 'maxleaf': 64, 'loss_de': 5, 'loss_dr': 0.7}. Best is trial 23 with value: 107.19376231160342.
[I 2025-01-12 09:37:01,124] Trial 71 finished with value: 202.68837693062594 and parameters: {'n_trees': 200, 'maxleaf': 64, 'loss_de': 2, 'loss_dr': 0.7}. Best is trial 23 with value: 107.19376231160342.
[I 2025-01-12 09:37:21,306] Trial 72 finished with value: 149.0791363850142 and parameters: {'n_trees': 200, 'maxleaf': 64, 'loss_de': 2, 'loss_dr': 0.7}. Best is trial 23 with value: 107.19376231160342.
[I 2025-01-12 09:37:41,219] Trial 73 finished with value: 74168.91827382098 and parameters: {'n_trees': 200, 'maxleaf': 64, 'loss_de': 2, 'loss_dr': 0.7}. Best is trial 23 with value: 107.19376231160342.
[I 2025-01-12 09:38:04,416] Trial 74 finished with value: 171435.63496416924 and parameters: {'n_trees': 200, 'maxleaf': 64, 'loss_de': 3, 'loss_dr': 0.7}. Best is trial 23 with value: 107.19376231160342.
[I 2025-01-12 09:38:23,410] Trial 75 finished with value: 477455.1733285089 and parameters: {'n_trees': 200, 'maxleaf': 64, 'loss_de': 2, 'loss_dr': 0.9}. Best is trial 23 with value: 107.19376231160342.
[I 2025-01-12 09:38:43,425] Trial 76 finished with value: 209081.5018752251 and parameters: {'n_trees': 200, 'maxleaf': 64, 'loss_de': 2, 'loss_dr': 0.7}. Best is trial 23 with value: 107.19376231160342.
[I 2025-01-12 09:39:07,101] Trial 77 finished with value: 14268.246192086172 and parameters: {'n_trees': 200, 'maxleaf': 64, 'loss_de': 3, 'loss_dr': 0.9}. Best is trial 23 with value: 107.19376231160342.
[I 2025-01-12 09:39:28,096] Trial 78 finished with value: 81480.33149196063 and parameters: {'n_trees': 200, 'maxleaf': 64, 'loss_de': 2, 'loss_dr': 0.9}. Best is trial 23 with value: 107.19376231160342.
[I 2025-01-12 09:39:51,376] Trial 79 finished with value: 18321.490893489587 and parameters: {'n_trees': 200, 'maxleaf': 64, 'loss_de': 3, 'loss_dr': 0.7}. Best is trial 23 with value: 107.19376231160342.
[I 2025-01-12 09:40:18,463] Trial 80 finished with value: 445049.21529966255 and parameters: {'n_trees': 100, 'maxleaf': 128, 'loss_de': 9, 'loss_dr': 0.9}. Best is trial 23 with value: 107.19376231160342.
[I 2025-01-12 09:40:39,761] Trial 81 finished with value: 911.4671371418899 and parameters: {'n_trees': 200, 'maxleaf': 64, 'loss_de': 2, 'loss_dr': 0.7}. Best is trial 23 with value: 107.19376231160342.
[I 2025-01-12 09:41:00,922] Trial 82 finished with value: 4466.267717616204 and parameters: {'n_trees': 200, 'maxleaf': 64, 'loss_de': 2, 'loss_dr': 0.7}. Best is trial 23 with value: 107.19376231160342.
[I 2025-01-12 09:41:21,406] Trial 83 finished with value: 183008.66991143796 and parameters: {'n_trees': 200, 'maxleaf': 64, 'loss_de': 2, 'loss_dr': 0.7}. Best is trial 23 with value: 107.19376231160342.
[I 2025-01-12 09:41:41,810] Trial 84 finished with value: 684.4197753500498 and parameters: {'n_trees': 200, 'maxleaf': 64, 'loss_de': 2, 'loss_dr': 0.7}. Best is trial 23 with value: 107.19376231160342.
[I 2025-01-12 09:42:03,972] Trial 85 finished with value: 6144.203360961232 and parameters: {'n_trees': 200, 'maxleaf': 64, 'loss_de': 7, 'loss_dr': 0.7}. Best is trial 23 with value: 107.19376231160342.
[I 2025-01-12 09:42:25,720] Trial 86 finished with value: 302189.42011137755 and parameters: {'n_trees': 200, 'maxleaf': 64, 'loss_de': 2, 'loss_dr': 0.7}. Best is trial 23 with value: 107.19376231160342.
[I 2025-01-12 09:42:50,942] Trial 87 finished with value: 3449.449779631909 and parameters: {'n_trees': 200, 'maxleaf': 64, 'loss_de': 3, 'loss_dr': 0.9}. Best is trial 23 with value: 107.19376231160342.
[I 2025-01-12 09:43:10,200] Trial 88 finished with value: 8255.846490215905 and parameters: {'n_trees': 200, 'maxleaf': 64, 'loss_de': 2, 'loss_dr': 0.7}. Best is trial 23 with value: 107.19376231160342.
[I 2025-01-12 09:43:35,354] Trial 89 finished with value: 101475.46631395785 and parameters: {'n_trees': 200, 'maxleaf': 64, 'loss_de': 3, 'loss_dr': 0.9}. Best is trial 23 with value: 107.19376231160342.
[I 2025-01-12 09:43:55,830] Trial 90 finished with value: 980.8028747635295 and parameters: {'n_trees': 200, 'maxleaf': 64, 'loss_de': 2, 'loss_dr': 0.7}. Best is trial 23 with value: 107.19376231160342.
[I 2025-01-12 09:44:15,887] Trial 91 finished with value: 226353.77089139968 and parameters: {'n_trees': 200, 'maxleaf': 64, 'loss_de': 2, 'loss_dr': 0.7}. Best is trial 23 with value: 107.19376231160342.
[I 2025-01-12 09:44:35,409] Trial 92 finished with value: 62202.689782322894 and parameters: {'n_trees': 200, 'maxleaf': 64, 'loss_de': 2, 'loss_dr': 0.7}. Best is trial 23 with value: 107.19376231160342.
[I 2025-01-12 09:44:55,884] Trial 93 finished with value: 111395.96812120386 and parameters: {'n_trees': 200, 'maxleaf': 64, 'loss_de': 2, 'loss_dr': 0.7}. Best is trial 23 with value: 107.19376231160342.
[I 2025-01-12 09:45:22,792] Trial 94 finished with value: 1659.9323979103187 and parameters: {'n_trees': 200, 'maxleaf': 64, 'loss_de': 6, 'loss_dr': 0.7}. Best is trial 23 with value: 107.19376231160342.
[I 2025-01-12 09:45:43,148] Trial 95 finished with value: 209.22933347217045 and parameters: {'n_trees': 200, 'maxleaf': 64, 'loss_de': 2, 'loss_dr': 0.7}. Best is trial 23 with value: 107.19376231160342.
[I 2025-01-12 09:46:05,288] Trial 96 finished with value: 14977.861198965844 and parameters: {'n_trees': 200, 'maxleaf': 64, 'loss_de': 2, 'loss_dr': 0.9}. Best is trial 23 with value: 107.19376231160342.
[I 2025-01-12 09:46:27,806] Trial 97 finished with value: 2585.3326738764795 and parameters: {'n_trees': 200, 'maxleaf': 64, 'loss_de': 3, 'loss_dr': 0.7}. Best is trial 23 with value: 107.19376231160342.
[I 2025-01-12 09:46:50,343] Trial 98 finished with value: 13700.343661803712 and parameters: {'n_trees': 100, 'maxleaf': 128, 'loss_de': 4, 'loss_dr': 0.7}. Best is trial 23 with value: 107.19376231160342.
[I 2025-01-12 09:47:12,793] Trial 99 finished with value: 558011.7719157254 and parameters: {'n_trees': 200, 'maxleaf': 64, 'loss_de': 2, 'loss_dr': 0.9}. Best is trial 23 with value: 107.19376231160342.
[I 2025-01-12 09:47:56,902] A new study created in RDB with name: DeepGBM_Allstate_Claims
[I 2025-01-12 10:05:42,931] Trial 0 finished with value: 5432181.101130649 and parameters: {'n_trees': 100, 'maxleaf': 128, 'loss_de': 6, 'loss_dr': 0.7}. Best is trial 0 with value: 5432181.101130649.
[I 2025-01-12 10:20:39,257] Trial 1 finished with value: 3946470.7869376456 and parameters: {'n_trees': 100, 'maxleaf': 128, 'loss_de': 2, 'loss_dr': 0.9}. Best is trial 1 with value: 3946470.7869376456.
[I 2025-01-12 10:38:47,118] Trial 2 finished with value: 3967896.572441259 and parameters: {'n_trees': 200, 'maxleaf': 64, 'loss_de': 5, 'loss_dr': 0.9}. Best is trial 1 with value: 3946470.7869376456.
[I 2025-01-12 10:55:34,530] Trial 3 finished with value: 6757006.222854445 and parameters: {'n_trees': 100, 'maxleaf': 64, 'loss_de': 7, 'loss_dr': 0.9}. Best is trial 1 with value: 3946470.7869376456.
[I 2025-01-12 11:13:08,344] Trial 4 finished with value: 6870897.002440734 and parameters: {'n_trees': 200, 'maxleaf': 64, 'loss_de': 8, 'loss_dr': 0.9}. Best is trial 1 with value: 3946470.7869376456.
[I 2025-01-12 11:29:06,005] Trial 5 finished with value: 4008322.7851885753 and parameters: {'n_trees': 100, 'maxleaf': 128, 'loss_de': 4, 'loss_dr': 0.9}. Best is trial 1 with value: 3946470.7869376456.
[I 2025-01-12 11:46:02,485] Trial 6 finished with value: 3905701.239869914 and parameters: {'n_trees': 200, 'maxleaf': 128, 'loss_de': 5, 'loss_dr': 0.9}. Best is trial 6 with value: 3905701.239869914.
[I 2025-01-12 12:00:52,479] Trial 7 finished with value: 3935959.577127074 and parameters: {'n_trees': 200, 'maxleaf': 128, 'loss_de': 3, 'loss_dr': 0.7}. Best is trial 6 with value: 3905701.239869914.
[I 2025-01-12 12:17:08,678] Trial 8 finished with value: 3971364.082180678 and parameters: {'n_trees': 200, 'maxleaf': 64, 'loss_de': 4, 'loss_dr': 0.7}. Best is trial 6 with value: 3905701.239869914.
[I 2025-01-12 12:35:11,039] Trial 9 finished with value: 5440086.562216171 and parameters: {'n_trees': 200, 'maxleaf': 128, 'loss_de': 7, 'loss_dr': 0.9}. Best is trial 6 with value: 3905701.239869914.
[I 2025-01-12 12:52:45,822] Trial 10 finished with value: 8138048.141702031 and parameters: {'n_trees': 200, 'maxleaf': 128, 'loss_de': 10, 'loss_dr': 0.7}. Best is trial 6 with value: 3905701.239869914.
[I 2025-01-12 13:06:57,968] Trial 11 finished with value: 3918235.169300747 and parameters: {'n_trees': 200, 'maxleaf': 128, 'loss_de': 2, 'loss_dr': 0.7}. Best is trial 6 with value: 3905701.239869914.
[I 2025-01-12 13:20:57,056] Trial 12 finished with value: 3932109.250176707 and parameters: {'n_trees': 200, 'maxleaf': 128, 'loss_de': 2, 'loss_dr': 0.7}. Best is trial 6 with value: 3905701.239869914.
[I 2025-01-12 13:36:54,713] Trial 13 finished with value: 3970110.9102524957 and parameters: {'n_trees': 200, 'maxleaf': 128, 'loss_de': 4, 'loss_dr': 0.7}. Best is trial 6 with value: 3905701.239869914.
[I 2025-01-12 13:57:41,175] Trial 14 finished with value: 5420824.603160505 and parameters: {'n_trees': 200, 'maxleaf': 128, 'loss_de': 10, 'loss_dr': 0.9}. Best is trial 6 with value: 3905701.239869914.
[I 2025-01-12 14:12:48,688] Trial 15 finished with value: 3947897.5280399197 and parameters: {'n_trees': 200, 'maxleaf': 128, 'loss_de': 3, 'loss_dr': 0.7}. Best is trial 6 with value: 3905701.239869914.
[I 2025-01-12 14:30:11,980] Trial 16 finished with value: 3933282.6930361106 and parameters: {'n_trees': 200, 'maxleaf': 128, 'loss_de': 5, 'loss_dr': 0.9}. Best is trial 6 with value: 3905701.239869914.
[I 2025-01-12 14:48:10,073] Trial 17 finished with value: 6878637.1757045435 and parameters: {'n_trees': 200, 'maxleaf': 128, 'loss_de': 8, 'loss_dr': 0.7}. Best is trial 6 with value: 3905701.239869914.
[I 2025-01-12 15:02:17,239] Trial 18 finished with value: 3927058.4361806214 and parameters: {'n_trees': 100, 'maxleaf': 64, 'loss_de': 2, 'loss_dr': 0.9}. Best is trial 6 with value: 3905701.239869914.
[I 2025-01-12 15:19:23,443] Trial 19 finished with value: 4025440.0375815667 and parameters: {'n_trees': 200, 'maxleaf': 128, 'loss_de': 5, 'loss_dr': 0.7}. Best is trial 6 with value: 3905701.239869914.
[I 2025-01-12 15:34:27,980] Trial 20 finished with value: 3987606.0803117603 and parameters: {'n_trees': 200, 'maxleaf': 128, 'loss_de': 3, 'loss_dr': 0.9}. Best is trial 6 with value: 3905701.239869914.
[I 2025-01-12 15:48:51,364] Trial 21 finished with value: 3942652.1390140713 and parameters: {'n_trees': 100, 'maxleaf': 64, 'loss_de': 2, 'loss_dr': 0.9}. Best is trial 6 with value: 3905701.239869914.
[I 2025-01-12 16:03:05,026] Trial 22 finished with value: 3887975.3269115454 and parameters: {'n_trees': 100, 'maxleaf': 64, 'loss_de': 2, 'loss_dr': 0.9}. Best is trial 22 with value: 3887975.3269115454.
[I 2025-01-12 16:18:25,099] Trial 23 finished with value: 3931564.652489239 and parameters: {'n_trees': 100, 'maxleaf': 64, 'loss_de': 3, 'loss_dr': 0.9}. Best is trial 22 with value: 3887975.3269115454.
[I 2025-01-12 16:34:40,733] Trial 24 finished with value: 3929059.4512644643 and parameters: {'n_trees': 100, 'maxleaf': 64, 'loss_de': 4, 'loss_dr': 0.9}. Best is trial 22 with value: 3887975.3269115454.
[I 2025-01-12 16:52:33,046] Trial 25 finished with value: 3906252.979925245 and parameters: {'n_trees': 100, 'maxleaf': 64, 'loss_de': 6, 'loss_dr': 0.9}. Best is trial 22 with value: 3887975.3269115454.
[I 2025-01-12 17:09:03,315] Trial 26 finished with value: 5274074.131298181 and parameters: {'n_trees': 100, 'maxleaf': 64, 'loss_de': 6, 'loss_dr': 0.9}. Best is trial 22 with value: 3887975.3269115454.
