[I 2025-04-03 17:38:45,425] A new study created in RDB with name: TabTransformer_Boston
[I 2025-04-03 17:42:26,676] Trial 0 finished with value: 2.03744 and parameters: {'dim': 256, 'depth': 6, 'heads': 8, 'weight_decay': -5, 'learning_rate': -5, 'dropout': 0.5}. Best is trial 0 with value: 2.03744.
[I 2025-04-03 17:45:53,118] Trial 1 finished with value: 2.0153 and parameters: {'dim': 256, 'depth': 6, 'heads': 2, 'weight_decay': -4, 'learning_rate': -5, 'dropout': 0.2}. Best is trial 0 with value: 2.03744.
[I 2025-04-03 17:47:20,609] Trial 2 finished with value: 2.00322 and parameters: {'dim': 64, 'depth': 3, 'heads': 2, 'weight_decay': -3, 'learning_rate': -6, 'dropout': 0.4}. Best is trial 0 with value: 2.03744.
[I 2025-04-03 17:49:11,540] Trial 3 finished with value: 2.10118 and parameters: {'dim': 64, 'depth': 12, 'heads': 2, 'weight_decay': -6, 'learning_rate': -6, 'dropout': 0.1}. Best is trial 3 with value: 2.10118.
[I 2025-04-03 17:51:36,996] Trial 4 finished with value: 1.9814 and parameters: {'dim': 256, 'depth': 1, 'heads': 8, 'weight_decay': -5, 'learning_rate': -5, 'dropout': 0.2}. Best is trial 3 with value: 2.10118.
[I 2025-04-03 17:53:35,073] Trial 5 finished with value: 2.0188800000000002 and parameters: {'dim': 64, 'depth': 1, 'heads': 8, 'weight_decay': -6, 'learning_rate': -4, 'dropout': 0.5}. Best is trial 3 with value: 2.10118.
[I 2025-04-03 17:55:33,074] Trial 6 finished with value: 2.0235999999999996 and parameters: {'dim': 32, 'depth': 6, 'heads': 2, 'weight_decay': -1, 'learning_rate': -6, 'dropout': 0.4}. Best is trial 3 with value: 2.10118.
[I 2025-04-03 17:57:37,361] Trial 7 finished with value: 1.8150799999999996 and parameters: {'dim': 32, 'depth': 6, 'heads': 8, 'weight_decay': -5, 'learning_rate': -3, 'dropout': 0.4}. Best is trial 3 with value: 2.10118.
[I 2025-04-03 17:59:52,791] Trial 8 finished with value: 2.0403599999999997 and parameters: {'dim': 128, 'depth': 3, 'heads': 4, 'weight_decay': -3, 'learning_rate': -5, 'dropout': 0.1}. Best is trial 3 with value: 2.10118.
[I 2025-04-03 18:02:37,898] Trial 9 finished with value: 2.01072 and parameters: {'dim': 128, 'depth': 6, 'heads': 4, 'weight_decay': -6, 'learning_rate': -5, 'dropout': 0}. Best is trial 3 with value: 2.10118.
[I 2025-04-03 18:04:49,673] Trial 10 finished with value: 2.0077 and parameters: {'dim': 64, 'depth': 12, 'heads': 2, 'weight_decay': -1, 'learning_rate': -6, 'dropout': 0.1}. Best is trial 3 with value: 2.10118.
[I 2025-04-03 18:06:57,324] Trial 11 finished with value: 2.05974 and parameters: {'dim': 128, 'depth': 2, 'heads': 4, 'weight_decay': -3, 'learning_rate': -4, 'dropout': 0.1}. Best is trial 3 with value: 2.10118.
[I 2025-04-03 18:09:06,251] Trial 12 finished with value: 1.9250999999999998 and parameters: {'dim': 128, 'depth': 2, 'heads': 4, 'weight_decay': -2, 'learning_rate': -3, 'dropout': 0.1}. Best is trial 3 with value: 2.10118.
[I 2025-04-03 18:11:53,322] Trial 13 finished with value: 1.98416 and parameters: {'dim': 128, 'depth': 12, 'heads': 4, 'weight_decay': -4, 'learning_rate': -4, 'dropout': 0.3}. Best is trial 3 with value: 2.10118.
[I 2025-04-03 18:13:22,011] Trial 14 finished with value: 2.0355999999999996 and parameters: {'dim': 64, 'depth': 2, 'heads': 4, 'weight_decay': -2, 'learning_rate': -4, 'dropout': 0.1}. Best is trial 3 with value: 2.10118.
[I 2025-04-03 18:15:44,088] Trial 15 finished with value: 1.97016 and parameters: {'dim': 128, 'depth': 12, 'heads': 2, 'weight_decay': -3, 'learning_rate': -4, 'dropout': 0.1}. Best is trial 3 with value: 2.10118.
[I 2025-04-03 18:17:45,844] Trial 16 finished with value: 1.86098 and parameters: {'dim': 64, 'depth': 2, 'heads': 4, 'weight_decay': -2, 'learning_rate': -3, 'dropout': 0.3}. Best is trial 3 with value: 2.10118.
[I 2025-04-03 18:19:52,153] Trial 17 finished with value: 2.0657 and parameters: {'dim': 32, 'depth': 12, 'heads': 2, 'weight_decay': -4, 'learning_rate': -6, 'dropout': 0}. Best is trial 3 with value: 2.10118.
[I 2025-04-03 18:21:51,181] Trial 18 finished with value: 2.06196 and parameters: {'dim': 32, 'depth': 12, 'heads': 2, 'weight_decay': -6, 'learning_rate': -6, 'dropout': 0}. Best is trial 3 with value: 2.10118.
[I 2025-04-03 18:23:19,395] Trial 19 finished with value: 2.0400400000000003 and parameters: {'dim': 32, 'depth': 12, 'heads': 2, 'weight_decay': -4, 'learning_rate': -6, 'dropout': 0}. Best is trial 3 with value: 2.10118.
[I 2025-04-03 18:25:23,359] Trial 20 finished with value: 2.0276400000000003 and parameters: {'dim': 32, 'depth': 12, 'heads': 2, 'weight_decay': -5, 'learning_rate': -6, 'dropout': 0}. Best is trial 3 with value: 2.10118.
[I 2025-04-03 18:27:12,008] Trial 21 finished with value: 2.0478 and parameters: {'dim': 32, 'depth': 12, 'heads': 2, 'weight_decay': -6, 'learning_rate': -6, 'dropout': 0}. Best is trial 3 with value: 2.10118.
[I 2025-04-03 18:28:57,773] Trial 22 finished with value: 2.02058 and parameters: {'dim': 32, 'depth': 12, 'heads': 2, 'weight_decay': -6, 'learning_rate': -6, 'dropout': 0}. Best is trial 3 with value: 2.10118.
[I 2025-04-03 18:30:45,124] Trial 23 finished with value: 2.01092 and parameters: {'dim': 32, 'depth': 12, 'heads': 2, 'weight_decay': -5, 'learning_rate': -6, 'dropout': 0}. Best is trial 3 with value: 2.10118.
[I 2025-04-03 18:32:44,037] Trial 24 finished with value: 2.0218 and parameters: {'dim': 32, 'depth': 12, 'heads': 2, 'weight_decay': -6, 'learning_rate': -5, 'dropout': 0}. Best is trial 3 with value: 2.10118.
[I 2025-04-03 18:34:50,291] Trial 25 finished with value: 2.03018 and parameters: {'dim': 64, 'depth': 12, 'heads': 2, 'weight_decay': -4, 'learning_rate': -6, 'dropout': 0}. Best is trial 3 with value: 2.10118.
[I 2025-04-03 18:36:32,703] Trial 26 finished with value: 2.03176 and parameters: {'dim': 32, 'depth': 12, 'heads': 2, 'weight_decay': -6, 'learning_rate': -6, 'dropout': 0.3}. Best is trial 3 with value: 2.10118.
[I 2025-04-03 18:38:12,044] Trial 27 finished with value: 2.0090999999999997 and parameters: {'dim': 32, 'depth': 1, 'heads': 2, 'weight_decay': -5, 'learning_rate': -5, 'dropout': 0.2}. Best is trial 3 with value: 2.10118.
[I 2025-04-03 18:40:08,702] Trial 28 finished with value: 2.0101799999999996 and parameters: {'dim': 64, 'depth': 3, 'heads': 2, 'weight_decay': -6, 'learning_rate': -6, 'dropout': 0.5}. Best is trial 3 with value: 2.10118.
[I 2025-04-03 18:47:07,490] Trial 29 finished with value: 2.02574 and parameters: {'dim': 256, 'depth': 12, 'heads': 8, 'weight_decay': -5, 'learning_rate': -5, 'dropout': 0.5}. Best is trial 3 with value: 2.10118.
[I 2025-04-03 18:51:06,996] Trial 30 finished with value: 2.0328799999999996 and parameters: {'dim': 256, 'depth': 12, 'heads': 2, 'weight_decay': -5, 'learning_rate': -6, 'dropout': 0}. Best is trial 3 with value: 2.10118.
[I 2025-04-03 18:53:21,332] Trial 31 finished with value: 1.98616 and parameters: {'dim': 128, 'depth': 2, 'heads': 4, 'weight_decay': -3, 'learning_rate': -4, 'dropout': 0.1}. Best is trial 3 with value: 2.10118.
[I 2025-04-03 18:55:11,738] Trial 32 finished with value: 1.9987800000000004 and parameters: {'dim': 128, 'depth': 2, 'heads': 4, 'weight_decay': -4, 'learning_rate': -4, 'dropout': 0.1}. Best is trial 3 with value: 2.10118.
[I 2025-04-03 18:57:09,238] Trial 33 finished with value: 2.023 and parameters: {'dim': 32, 'depth': 2, 'heads': 2, 'weight_decay': -3, 'learning_rate': -5, 'dropout': 0.1}. Best is trial 3 with value: 2.10118.
[I 2025-04-03 19:00:31,160] Trial 34 finished with value: 2.06738 and parameters: {'dim': 256, 'depth': 3, 'heads': 8, 'weight_decay': -2, 'learning_rate': -5, 'dropout': 0.2}. Best is trial 3 with value: 2.10118.
[I 2025-04-03 19:03:39,467] Trial 35 finished with value: 2.03458 and parameters: {'dim': 256, 'depth': 3, 'heads': 8, 'weight_decay': -2, 'learning_rate': -5, 'dropout': 0.2}. Best is trial 3 with value: 2.10118.
[I 2025-04-03 19:06:33,562] Trial 36 finished with value: 2.02668 and parameters: {'dim': 256, 'depth': 3, 'heads': 8, 'weight_decay': -1, 'learning_rate': -6, 'dropout': 0.2}. Best is trial 3 with value: 2.10118.
[I 2025-04-03 19:08:58,725] Trial 37 finished with value: 2.04056 and parameters: {'dim': 256, 'depth': 3, 'heads': 8, 'weight_decay': -5, 'learning_rate': -6, 'dropout': 0.2}. Best is trial 3 with value: 2.10118.
[I 2025-04-03 19:11:23,314] Trial 38 finished with value: 2.07006 and parameters: {'dim': 256, 'depth': 1, 'heads': 8, 'weight_decay': -4, 'learning_rate': -5, 'dropout': 0.4}. Best is trial 3 with value: 2.10118.
[I 2025-04-03 19:13:26,983] Trial 39 finished with value: 2.04732 and parameters: {'dim': 256, 'depth': 1, 'heads': 8, 'weight_decay': -4, 'learning_rate': -5, 'dropout': 0.4}. Best is trial 3 with value: 2.10118.
[I 2025-04-03 19:15:27,761] Trial 40 finished with value: 2.04474 and parameters: {'dim': 256, 'depth': 1, 'heads': 8, 'weight_decay': -2, 'learning_rate': -5, 'dropout': 0.4}. Best is trial 3 with value: 2.10118.
[I 2025-04-03 19:17:26,850] Trial 41 finished with value: 1.9945800000000002 and parameters: {'dim': 256, 'depth': 1, 'heads': 8, 'weight_decay': -4, 'learning_rate': -5, 'dropout': 0.4}. Best is trial 3 with value: 2.10118.
[I 2025-04-03 19:19:35,587] Trial 42 finished with value: 2.0386 and parameters: {'dim': 64, 'depth': 6, 'heads': 8, 'weight_decay': -6, 'learning_rate': -6, 'dropout': 0.4}. Best is trial 3 with value: 2.10118.
[I 2025-04-03 19:21:44,654] Trial 43 finished with value: 2.03436 and parameters: {'dim': 256, 'depth': 1, 'heads': 8, 'weight_decay': -4, 'learning_rate': -5, 'dropout': 0.2}. Best is trial 3 with value: 2.10118.
[I 2025-04-03 19:24:45,614] Trial 44 finished with value: 2.0354799999999997 and parameters: {'dim': 256, 'depth': 3, 'heads': 8, 'weight_decay': -3, 'learning_rate': -6, 'dropout': 0.4}. Best is trial 3 with value: 2.10118.
[I 2025-04-03 19:26:35,113] Trial 45 finished with value: 2.0077 and parameters: {'dim': 64, 'depth': 6, 'heads': 2, 'weight_decay': -1, 'learning_rate': -5, 'dropout': 0.5}. Best is trial 3 with value: 2.10118.
[I 2025-04-03 19:28:29,677] Trial 46 finished with value: 2.0304 and parameters: {'dim': 32, 'depth': 1, 'heads': 8, 'weight_decay': -6, 'learning_rate': -6, 'dropout': 0.2}. Best is trial 3 with value: 2.10118.
[I 2025-04-03 19:30:30,390] Trial 47 finished with value: 2.0144999999999995 and parameters: {'dim': 64, 'depth': 3, 'heads': 2, 'weight_decay': -5, 'learning_rate': -5, 'dropout': 0}. Best is trial 3 with value: 2.10118.
[I 2025-04-03 19:34:58,244] Trial 48 finished with value: 1.9995999999999998 and parameters: {'dim': 256, 'depth': 12, 'heads': 8, 'weight_decay': -3, 'learning_rate': -6, 'dropout': 0.3}. Best is trial 3 with value: 2.10118.
[I 2025-04-03 19:37:04,169] Trial 49 finished with value: 2.0415200000000002 and parameters: {'dim': 32, 'depth': 12, 'heads': 2, 'weight_decay': -5, 'learning_rate': -5, 'dropout': 0.4}. Best is trial 3 with value: 2.10118.
[I 2025-04-03 19:39:07,242] A new study created in RDB with name: TabTransformer_Socmob
[I 2025-04-03 19:41:49,363] Trial 0 finished with value: 4.19074 and parameters: {'dim': 256, 'depth': 6, 'heads': 2, 'weight_decay': -5, 'learning_rate': -6, 'dropout': 0.2}. Best is trial 0 with value: 4.19074.
[I 2025-04-03 19:43:59,827] Trial 1 finished with value: 4.11392 and parameters: {'dim': 64, 'depth': 3, 'heads': 4, 'weight_decay': -4, 'learning_rate': -5, 'dropout': 0}. Best is trial 0 with value: 4.19074.
[I 2025-04-03 19:47:02,535] Trial 2 finished with value: 4.1338 and parameters: {'dim': 256, 'depth': 6, 'heads': 2, 'weight_decay': -5, 'learning_rate': -6, 'dropout': 0.5}. Best is trial 0 with value: 4.19074.
[I 2025-04-03 19:49:12,928] Trial 3 finished with value: 4.11366 and parameters: {'dim': 64, 'depth': 2, 'heads': 8, 'weight_decay': -3, 'learning_rate': -4, 'dropout': 0}. Best is trial 0 with value: 4.19074.
[I 2025-04-03 19:51:03,041] Trial 4 finished with value: 7.434220000000001 and parameters: {'dim': 32, 'depth': 2, 'heads': 8, 'weight_decay': -6, 'learning_rate': -3, 'dropout': 0.3}. Best is trial 4 with value: 7.434220000000001.
[I 2025-04-03 19:53:11,284] Trial 5 finished with value: 4.13904 and parameters: {'dim': 32, 'depth': 2, 'heads': 2, 'weight_decay': -6, 'learning_rate': -5, 'dropout': 0.1}. Best is trial 4 with value: 7.434220000000001.
[I 2025-04-03 19:55:34,048] Trial 6 finished with value: 4.1411 and parameters: {'dim': 128, 'depth': 2, 'heads': 8, 'weight_decay': -5, 'learning_rate': -5, 'dropout': 0.4}. Best is trial 4 with value: 7.434220000000001.
[I 2025-04-03 19:57:49,003] Trial 7 finished with value: 4.14878 and parameters: {'dim': 32, 'depth': 12, 'heads': 2, 'weight_decay': -4, 'learning_rate': -5, 'dropout': 0}. Best is trial 4 with value: 7.434220000000001.
[I 2025-04-03 20:00:09,877] Trial 8 finished with value: 4.16408 and parameters: {'dim': 128, 'depth': 6, 'heads': 2, 'weight_decay': -3, 'learning_rate': -6, 'dropout': 0.3}. Best is trial 4 with value: 7.434220000000001.
[I 2025-04-03 20:02:32,099] Trial 9 finished with value: 4.17574 and parameters: {'dim': 64, 'depth': 6, 'heads': 4, 'weight_decay': -2, 'learning_rate': -5, 'dropout': 0.2}. Best is trial 4 with value: 7.434220000000001.
[I 2025-04-03 20:04:32,407] Trial 10 finished with value: 6.99054 and parameters: {'dim': 32, 'depth': 1, 'heads': 8, 'weight_decay': -1, 'learning_rate': -3, 'dropout': 0.3}. Best is trial 4 with value: 7.434220000000001.
[I 2025-04-03 20:06:34,821] Trial 11 finished with value: 6.825460000000001 and parameters: {'dim': 32, 'depth': 1, 'heads': 8, 'weight_decay': -1, 'learning_rate': -3, 'dropout': 0.3}. Best is trial 4 with value: 7.434220000000001.
[I 2025-04-03 20:08:34,595] Trial 12 finished with value: 7.24016 and parameters: {'dim': 32, 'depth': 1, 'heads': 8, 'weight_decay': -1, 'learning_rate': -3, 'dropout': 0.3}. Best is trial 4 with value: 7.434220000000001.
[I 2025-04-03 20:10:25,675] Trial 13 finished with value: 6.88168 and parameters: {'dim': 32, 'depth': 1, 'heads': 8, 'weight_decay': -6, 'learning_rate': -3, 'dropout': 0.3}. Best is trial 4 with value: 7.434220000000001.
[I 2025-04-03 20:12:47,628] Trial 14 finished with value: 4.25228 and parameters: {'dim': 32, 'depth': 12, 'heads': 8, 'weight_decay': -2, 'learning_rate': -4, 'dropout': 0.3}. Best is trial 4 with value: 7.434220000000001.
[I 2025-04-03 20:14:58,074] Trial 15 finished with value: 4.3181400000000005 and parameters: {'dim': 32, 'depth': 3, 'heads': 8, 'weight_decay': -2, 'learning_rate': -4, 'dropout': 0.1}. Best is trial 4 with value: 7.434220000000001.
[I 2025-04-03 20:17:00,596] Trial 16 finished with value: 7.2432 and parameters: {'dim': 32, 'depth': 1, 'heads': 4, 'weight_decay': -1, 'learning_rate': -3, 'dropout': 0.5}. Best is trial 4 with value: 7.434220000000001.
[I 2025-04-03 20:19:55,716] Trial 17 finished with value: 4.27288 and parameters: {'dim': 256, 'depth': 2, 'heads': 4, 'weight_decay': -4, 'learning_rate': -4, 'dropout': 0.5}. Best is trial 4 with value: 7.434220000000001.
[I 2025-04-03 20:21:48,071] Trial 18 finished with value: 7.224579999999999 and parameters: {'dim': 128, 'depth': 1, 'heads': 4, 'weight_decay': -6, 'learning_rate': -3, 'dropout': 0.5}. Best is trial 4 with value: 7.434220000000001.
[I 2025-04-03 20:23:43,626] Trial 19 finished with value: 7.00972 and parameters: {'dim': 32, 'depth': 2, 'heads': 4, 'weight_decay': -3, 'learning_rate': -3, 'dropout': 0.4}. Best is trial 4 with value: 7.434220000000001.
[I 2025-04-03 20:26:02,645] Trial 20 finished with value: 4.4069 and parameters: {'dim': 32, 'depth': 12, 'heads': 4, 'weight_decay': -5, 'learning_rate': -4, 'dropout': 0.5}. Best is trial 4 with value: 7.434220000000001.
[I 2025-04-03 20:28:02,204] Trial 21 finished with value: 7.06772 and parameters: {'dim': 32, 'depth': 1, 'heads': 8, 'weight_decay': -1, 'learning_rate': -3, 'dropout': 0.3}. Best is trial 4 with value: 7.434220000000001.
[I 2025-04-03 20:30:12,305] Trial 22 finished with value: 7.0789 and parameters: {'dim': 32, 'depth': 1, 'heads': 8, 'weight_decay': -2, 'learning_rate': -3, 'dropout': 0.3}. Best is trial 4 with value: 7.434220000000001.
[I 2025-04-03 20:32:03,575] Trial 23 finished with value: 6.59822 and parameters: {'dim': 32, 'depth': 1, 'heads': 8, 'weight_decay': -1, 'learning_rate': -3, 'dropout': 0.5}. Best is trial 4 with value: 7.434220000000001.
[I 2025-04-03 20:34:11,902] Trial 24 finished with value: 4.099120000000001 and parameters: {'dim': 32, 'depth': 1, 'heads': 4, 'weight_decay': -1, 'learning_rate': -4, 'dropout': 0.3}. Best is trial 4 with value: 7.434220000000001.
[I 2025-04-03 20:36:13,355] Trial 25 finished with value: 7.22834 and parameters: {'dim': 32, 'depth': 3, 'heads': 8, 'weight_decay': -2, 'learning_rate': -3, 'dropout': 0.1}. Best is trial 4 with value: 7.434220000000001.
[I 2025-04-03 20:38:35,958] Trial 26 finished with value: 7.07034 and parameters: {'dim': 256, 'depth': 2, 'heads': 4, 'weight_decay': -3, 'learning_rate': -3, 'dropout': 0.2}. Best is trial 4 with value: 7.434220000000001.
[I 2025-04-03 20:40:49,383] Trial 27 finished with value: 4.0573 and parameters: {'dim': 128, 'depth': 1, 'heads': 8, 'weight_decay': -1, 'learning_rate': -4, 'dropout': 0.4}. Best is trial 4 with value: 7.434220000000001.
[I 2025-04-03 20:42:43,409] Trial 28 finished with value: 7.22028 and parameters: {'dim': 64, 'depth': 1, 'heads': 8, 'weight_decay': -2, 'learning_rate': -3, 'dropout': 0.5}. Best is trial 4 with value: 7.434220000000001.
[I 2025-04-03 20:45:33,908] Trial 29 finished with value: 4.32418 and parameters: {'dim': 256, 'depth': 2, 'heads': 4, 'weight_decay': -4, 'learning_rate': -4, 'dropout': 0.2}. Best is trial 4 with value: 7.434220000000001.
[I 2025-04-03 20:47:30,637] Trial 30 finished with value: 6.856520000000001 and parameters: {'dim': 32, 'depth': 3, 'heads': 2, 'weight_decay': -6, 'learning_rate': -3, 'dropout': 0.3}. Best is trial 4 with value: 7.434220000000001.
[I 2025-04-03 20:49:23,682] Trial 31 finished with value: 7.11698 and parameters: {'dim': 32, 'depth': 3, 'heads': 8, 'weight_decay': -2, 'learning_rate': -3, 'dropout': 0.1}. Best is trial 4 with value: 7.434220000000001.
[I 2025-04-03 20:51:22,236] Trial 32 finished with value: 7.12196 and parameters: {'dim': 32, 'depth': 3, 'heads': 8, 'weight_decay': -1, 'learning_rate': -3, 'dropout': 0.1}. Best is trial 4 with value: 7.434220000000001.
[I 2025-04-03 20:53:20,459] Trial 33 finished with value: 7.33578 and parameters: {'dim': 32, 'depth': 3, 'heads': 8, 'weight_decay': -2, 'learning_rate': -3, 'dropout': 0.1}. Best is trial 4 with value: 7.434220000000001.
[I 2025-04-03 20:55:28,601] Trial 34 finished with value: 6.85162 and parameters: {'dim': 64, 'depth': 3, 'heads': 8, 'weight_decay': -1, 'learning_rate': -3, 'dropout': 0}. Best is trial 4 with value: 7.434220000000001.
[I 2025-04-03 20:57:35,889] Trial 35 finished with value: 4.1796 and parameters: {'dim': 32, 'depth': 6, 'heads': 8, 'weight_decay': -1, 'learning_rate': -6, 'dropout': 0.1}. Best is trial 4 with value: 7.434220000000001.
[I 2025-04-03 20:59:43,432] Trial 36 finished with value: 4.820539999999999 and parameters: {'dim': 32, 'depth': 2, 'heads': 2, 'weight_decay': -3, 'learning_rate': -4, 'dropout': 0.5}. Best is trial 4 with value: 7.434220000000001.
[I 2025-04-03 21:04:34,167] Trial 37 finished with value: 6.827039999999999 and parameters: {'dim': 256, 'depth': 12, 'heads': 8, 'weight_decay': -5, 'learning_rate': -3, 'dropout': 0}. Best is trial 4 with value: 7.434220000000001.
[I 2025-04-03 21:06:30,442] Trial 38 finished with value: 6.78734 and parameters: {'dim': 32, 'depth': 3, 'heads': 4, 'weight_decay': -2, 'learning_rate': -3, 'dropout': 0.1}. Best is trial 4 with value: 7.434220000000001.
[I 2025-04-03 21:09:11,658] Trial 39 finished with value: 4.24946 and parameters: {'dim': 128, 'depth': 6, 'heads': 2, 'weight_decay': -1, 'learning_rate': -4, 'dropout': 0.4}. Best is trial 4 with value: 7.434220000000001.
[I 2025-04-03 21:11:01,990] Trial 40 finished with value: 6.77744 and parameters: {'dim': 64, 'depth': 2, 'heads': 8, 'weight_decay': -3, 'learning_rate': -3, 'dropout': 0.3}. Best is trial 4 with value: 7.434220000000001.
[I 2025-04-03 21:12:58,343] Trial 41 finished with value: 6.9381200000000005 and parameters: {'dim': 32, 'depth': 3, 'heads': 8, 'weight_decay': -2, 'learning_rate': -3, 'dropout': 0.1}. Best is trial 4 with value: 7.434220000000001.
[I 2025-04-03 21:14:43,232] Trial 42 finished with value: 6.852259999999999 and parameters: {'dim': 32, 'depth': 3, 'heads': 8, 'weight_decay': -2, 'learning_rate': -3, 'dropout': 0.1}. Best is trial 4 with value: 7.434220000000001.
[I 2025-04-03 21:16:48,555] Trial 43 finished with value: 6.86636 and parameters: {'dim': 32, 'depth': 3, 'heads': 8, 'weight_decay': -2, 'learning_rate': -3, 'dropout': 0.2}. Best is trial 4 with value: 7.434220000000001.
[I 2025-04-03 21:18:28,132] Trial 44 finished with value: 6.41606 and parameters: {'dim': 32, 'depth': 3, 'heads': 8, 'weight_decay': -1, 'learning_rate': -3, 'dropout': 0.1}. Best is trial 4 with value: 7.434220000000001.
[I 2025-04-03 21:20:11,975] Trial 45 finished with value: 6.931839999999999 and parameters: {'dim': 32, 'depth': 1, 'heads': 8, 'weight_decay': -3, 'learning_rate': -3, 'dropout': 0.1}. Best is trial 4 with value: 7.434220000000001.
[I 2025-04-03 21:22:22,257] Trial 46 finished with value: 4.151999999999999 and parameters: {'dim': 32, 'depth': 3, 'heads': 8, 'weight_decay': -4, 'learning_rate': -5, 'dropout': 0.3}. Best is trial 4 with value: 7.434220000000001.
[I 2025-04-03 21:24:11,566] Trial 47 finished with value: 6.58102 and parameters: {'dim': 32, 'depth': 1, 'heads': 2, 'weight_decay': -2, 'learning_rate': -3, 'dropout': 0}. Best is trial 4 with value: 7.434220000000001.
