[I 2025-04-03 22:06:38,292] Trial 97 finished with value: 10.6091 and parameters: {'dim': 128, 'depth': 12, 'heads': 8, 'weight_decay': -3, 'learning_rate': -3, 'dropout': 0.1}. Best is trial 51 with value: 10.762.
[I 2025-04-03 22:12:52,835] Trial 98 finished with value: 10.61412 and parameters: {'dim': 256, 'depth': 12, 'heads': 2, 'weight_decay': -4, 'learning_rate': -3, 'dropout': 0.5}. Best is trial 51 with value: 10.762.
[I 2025-04-03 22:19:27,274] Trial 99 finished with value: 10.70102 and parameters: {'dim': 256, 'depth': 3, 'heads': 2, 'weight_decay': -6, 'learning_rate': -3, 'dropout': 0.4}. Best is trial 51 with value: 10.762.
