[I 2025-04-03 21:24:24,348] A new study created in RDB with name: TabTransformer_SAT11
[I 2025-04-03 21:25:58,142] Trial 0 finished with value: 1.3818 and parameters: {'dim': 64, 'depth': 2, 'heads': 8, 'weight_decay': -4, 'learning_rate': -3, 'dropout': 0.3}. Best is trial 0 with value: 1.3818.
[I 2025-04-03 21:28:35,599] Trial 1 finished with value: 0.69708 and parameters: {'dim': 256, 'depth': 2, 'heads': 4, 'weight_decay': -5, 'learning_rate': -5, 'dropout': 0.2}. Best is trial 0 with value: 1.3818.
[I 2025-04-03 21:31:11,445] Trial 2 finished with value: 1.0495 and parameters: {'dim': 32, 'depth': 1, 'heads': 2, 'weight_decay': -1, 'learning_rate': -6, 'dropout': 0.5}. Best is trial 0 with value: 1.3818.
[I 2025-04-03 21:33:11,120] Trial 3 finished with value: 1.3562400000000001 and parameters: {'dim': 32, 'depth': 2, 'heads': 8, 'weight_decay': -6, 'learning_rate': -3, 'dropout': 0.2}. Best is trial 0 with value: 1.3818.
[I 2025-04-03 21:35:45,891] Trial 4 finished with value: 1.0362 and parameters: {'dim': 64, 'depth': 12, 'heads': 8, 'weight_decay': -2, 'learning_rate': -6, 'dropout': 0.1}. Best is trial 0 with value: 1.3818.
[I 2025-04-03 21:37:48,203] Trial 5 finished with value: 0.8123999999999999 and parameters: {'dim': 128, 'depth': 6, 'heads': 4, 'weight_decay': -5, 'learning_rate': -4, 'dropout': 0.4}. Best is trial 0 with value: 1.3818.
[I 2025-04-03 21:40:25,888] Trial 6 finished with value: 0.69126 and parameters: {'dim': 128, 'depth': 2, 'heads': 4, 'weight_decay': -5, 'learning_rate': -5, 'dropout': 0.2}. Best is trial 0 with value: 1.3818.
[I 2025-04-03 21:43:02,448] Trial 7 finished with value: 1.0627199999999999 and parameters: {'dim': 256, 'depth': 6, 'heads': 8, 'weight_decay': -4, 'learning_rate': -6, 'dropout': 0.5}. Best is trial 0 with value: 1.3818.
[I 2025-04-03 21:45:39,521] Trial 8 finished with value: 1.0877599999999998 and parameters: {'dim': 32, 'depth': 3, 'heads': 8, 'weight_decay': -1, 'learning_rate': -6, 'dropout': 0.3}. Best is trial 0 with value: 1.3818.
[I 2025-04-03 21:47:36,080] Trial 9 finished with value: 1.3788399999999998 and parameters: {'dim': 32, 'depth': 3, 'heads': 4, 'weight_decay': -5, 'learning_rate': -3, 'dropout': 0.3}. Best is trial 0 with value: 1.3818.
[I 2025-04-03 21:49:56,927] Trial 10 finished with value: 0.87698 and parameters: {'dim': 64, 'depth': 1, 'heads': 2, 'weight_decay': -3, 'learning_rate': -4, 'dropout': 0}. Best is trial 0 with value: 1.3818.
[I 2025-04-03 21:51:30,007] Trial 11 finished with value: 1.32328 and parameters: {'dim': 64, 'depth': 3, 'heads': 4, 'weight_decay': -4, 'learning_rate': -3, 'dropout': 0.3}. Best is trial 0 with value: 1.3818.
[I 2025-04-03 21:53:18,588] Trial 12 finished with value: 1.38036 and parameters: {'dim': 64, 'depth': 3, 'heads': 8, 'weight_decay': -3, 'learning_rate': -3, 'dropout': 0.3}. Best is trial 0 with value: 1.3818.
[I 2025-04-03 21:55:34,236] Trial 13 finished with value: 0.9024999999999999 and parameters: {'dim': 64, 'depth': 12, 'heads': 8, 'weight_decay': -3, 'learning_rate': -4, 'dropout': 0.3}. Best is trial 0 with value: 1.3818.
[I 2025-04-03 21:56:52,424] Trial 14 finished with value: 1.28924 and parameters: {'dim': 64, 'depth': 2, 'heads': 8, 'weight_decay': -2, 'learning_rate': -3, 'dropout': 0.3}. Best is trial 0 with value: 1.3818.
[I 2025-04-03 21:59:13,143] Trial 15 finished with value: 0.87928 and parameters: {'dim': 64, 'depth': 3, 'heads': 8, 'weight_decay': -3, 'learning_rate': -4, 'dropout': 0}. Best is trial 0 with value: 1.3818.
[I 2025-04-03 22:00:57,962] Trial 16 finished with value: 1.36722 and parameters: {'dim': 64, 'depth': 2, 'heads': 2, 'weight_decay': -2, 'learning_rate': -3, 'dropout': 0.4}. Best is trial 0 with value: 1.3818.
[I 2025-04-03 22:02:58,572] Trial 17 finished with value: 1.32924 and parameters: {'dim': 64, 'depth': 3, 'heads': 8, 'weight_decay': -4, 'learning_rate': -3, 'dropout': 0.1}. Best is trial 0 with value: 1.3818.
[I 2025-04-03 22:05:44,027] Trial 18 finished with value: 0.69238 and parameters: {'dim': 256, 'depth': 6, 'heads': 8, 'weight_decay': -6, 'learning_rate': -5, 'dropout': 0.3}. Best is trial 0 with value: 1.3818.
[I 2025-04-03 22:07:47,860] Trial 19 finished with value: 0.8337 and parameters: {'dim': 128, 'depth': 1, 'heads': 8, 'weight_decay': -3, 'learning_rate': -4, 'dropout': 0.3}. Best is trial 0 with value: 1.3818.
[I 2025-04-03 22:09:37,297] Trial 20 finished with value: 1.39844 and parameters: {'dim': 64, 'depth': 12, 'heads': 2, 'weight_decay': -4, 'learning_rate': -3, 'dropout': 0.3}. Best is trial 20 with value: 1.39844.
[I 2025-04-03 22:11:22,543] Trial 21 finished with value: 1.3733400000000002 and parameters: {'dim': 64, 'depth': 12, 'heads': 2, 'weight_decay': -4, 'learning_rate': -3, 'dropout': 0.3}. Best is trial 20 with value: 1.39844.
[I 2025-04-03 22:13:30,018] Trial 22 finished with value: 1.3174 and parameters: {'dim': 64, 'depth': 12, 'heads': 2, 'weight_decay': -4, 'learning_rate': -3, 'dropout': 0.3}. Best is trial 20 with value: 1.39844.
[I 2025-04-03 22:15:55,862] Trial 23 finished with value: 0.8956 and parameters: {'dim': 64, 'depth': 12, 'heads': 2, 'weight_decay': -3, 'learning_rate': -4, 'dropout': 0.3}. Best is trial 20 with value: 1.39844.
[I 2025-04-03 22:17:37,228] Trial 24 finished with value: 1.30118 and parameters: {'dim': 64, 'depth': 12, 'heads': 2, 'weight_decay': -2, 'learning_rate': -3, 'dropout': 0.3}. Best is trial 20 with value: 1.39844.
[I 2025-04-03 22:18:55,687] Trial 25 finished with value: 1.2676399999999999 and parameters: {'dim': 64, 'depth': 3, 'heads': 8, 'weight_decay': -4, 'learning_rate': -3, 'dropout': 0.1}. Best is trial 20 with value: 1.39844.
[I 2025-04-03 22:21:15,401] Trial 26 finished with value: 0.94224 and parameters: {'dim': 64, 'depth': 2, 'heads': 2, 'weight_decay': -5, 'learning_rate': -4, 'dropout': 0.4}. Best is trial 20 with value: 1.39844.
[I 2025-04-03 22:23:13,971] Trial 27 finished with value: 1.36022 and parameters: {'dim': 256, 'depth': 12, 'heads': 8, 'weight_decay': -3, 'learning_rate': -3, 'dropout': 0.5}. Best is trial 20 with value: 1.39844.
[I 2025-04-03 22:25:21,215] Trial 28 finished with value: 0.8539200000000001 and parameters: {'dim': 128, 'depth': 2, 'heads': 8, 'weight_decay': -4, 'learning_rate': -4, 'dropout': 0}. Best is trial 20 with value: 1.39844.
[I 2025-04-03 22:27:55,749] Trial 29 finished with value: 0.6906399999999999 and parameters: {'dim': 256, 'depth': 3, 'heads': 2, 'weight_decay': -6, 'learning_rate': -5, 'dropout': 0.3}. Best is trial 20 with value: 1.39844.
[I 2025-04-03 22:29:48,693] Trial 30 finished with value: 1.3806 and parameters: {'dim': 64, 'depth': 2, 'heads': 4, 'weight_decay': -5, 'learning_rate': -3, 'dropout': 0.2}. Best is trial 20 with value: 1.39844.
[I 2025-04-03 22:31:34,774] Trial 31 finished with value: 1.3807800000000001 and parameters: {'dim': 64, 'depth': 2, 'heads': 4, 'weight_decay': -5, 'learning_rate': -3, 'dropout': 0.2}. Best is trial 20 with value: 1.39844.
[I 2025-04-03 22:33:24,495] Trial 32 finished with value: 1.30494 and parameters: {'dim': 64, 'depth': 2, 'heads': 4, 'weight_decay': -5, 'learning_rate': -3, 'dropout': 0.2}. Best is trial 20 with value: 1.39844.
[I 2025-04-03 22:35:24,113] Trial 33 finished with value: 1.35638 and parameters: {'dim': 64, 'depth': 2, 'heads': 4, 'weight_decay': -6, 'learning_rate': -3, 'dropout': 0.2}. Best is trial 20 with value: 1.39844.
[I 2025-04-03 22:37:12,320] Trial 34 finished with value: 1.43662 and parameters: {'dim': 32, 'depth': 2, 'heads': 4, 'weight_decay': -5, 'learning_rate': -3, 'dropout': 0.2}. Best is trial 34 with value: 1.43662.
[I 2025-04-03 22:38:54,857] Trial 35 finished with value: 1.2903600000000002 and parameters: {'dim': 32, 'depth': 2, 'heads': 4, 'weight_decay': -5, 'learning_rate': -3, 'dropout': 0.2}. Best is trial 34 with value: 1.43662.
[I 2025-04-03 22:41:12,193] Trial 36 finished with value: 0.91914 and parameters: {'dim': 32, 'depth': 2, 'heads': 4, 'weight_decay': -6, 'learning_rate': -4, 'dropout': 0.2}. Best is trial 34 with value: 1.43662.
[I 2025-04-03 22:42:33,500] Trial 37 finished with value: 1.28904 and parameters: {'dim': 32, 'depth': 2, 'heads': 4, 'weight_decay': -5, 'learning_rate': -3, 'dropout': 0.2}. Best is trial 34 with value: 1.43662.
[I 2025-04-03 22:45:04,785] Trial 38 finished with value: 0.9444800000000001 and parameters: {'dim': 32, 'depth': 1, 'heads': 4, 'weight_decay': -5, 'learning_rate': -4, 'dropout': 0.2}. Best is trial 34 with value: 1.43662.
[I 2025-04-03 22:46:55,254] Trial 39 finished with value: 1.3446200000000001 and parameters: {'dim': 32, 'depth': 6, 'heads': 4, 'weight_decay': -4, 'learning_rate': -3, 'dropout': 0.5}. Best is trial 34 with value: 1.43662.
[I 2025-04-03 22:49:25,364] Trial 40 finished with value: 1.05228 and parameters: {'dim': 128, 'depth': 2, 'heads': 4, 'weight_decay': -5, 'learning_rate': -6, 'dropout': 0.2}. Best is trial 34 with value: 1.43662.
[I 2025-04-03 22:50:50,916] Trial 41 finished with value: 1.41022 and parameters: {'dim': 64, 'depth': 2, 'heads': 4, 'weight_decay': -6, 'learning_rate': -3, 'dropout': 0.2}. Best is trial 34 with value: 1.43662.
[I 2025-04-03 22:52:43,768] Trial 42 finished with value: 1.32898 and parameters: {'dim': 64, 'depth': 2, 'heads': 4, 'weight_decay': -6, 'learning_rate': -3, 'dropout': 0.2}. Best is trial 34 with value: 1.43662.
[I 2025-04-03 22:54:39,675] Trial 43 finished with value: 1.48896 and parameters: {'dim': 32, 'depth': 2, 'heads': 4, 'weight_decay': -6, 'learning_rate': -3, 'dropout': 0.2}. Best is trial 43 with value: 1.48896.
[I 2025-04-03 22:56:13,820] Trial 44 finished with value: 1.35586 and parameters: {'dim': 32, 'depth': 2, 'heads': 4, 'weight_decay': -6, 'learning_rate': -3, 'dropout': 0.1}. Best is trial 43 with value: 1.48896.
[I 2025-04-03 22:58:25,720] Trial 45 finished with value: 1.39302 and parameters: {'dim': 32, 'depth': 2, 'heads': 4, 'weight_decay': -6, 'learning_rate': -3, 'dropout': 0.2}. Best is trial 43 with value: 1.48896.
[I 2025-04-03 22:59:44,124] Trial 46 finished with value: 1.2869799999999998 and parameters: {'dim': 32, 'depth': 2, 'heads': 4, 'weight_decay': -6, 'learning_rate': -3, 'dropout': 0.2}. Best is trial 43 with value: 1.48896.
[I 2025-04-03 23:01:02,711] Trial 47 finished with value: 1.2311 and parameters: {'dim': 32, 'depth': 1, 'heads': 4, 'weight_decay': -6, 'learning_rate': -3, 'dropout': 0.2}. Best is trial 43 with value: 1.48896.
[I 2025-04-03 23:03:43,128] Trial 48 finished with value: 0.7016600000000001 and parameters: {'dim': 32, 'depth': 6, 'heads': 4, 'weight_decay': -6, 'learning_rate': -5, 'dropout': 0.2}. Best is trial 43 with value: 1.48896.
[I 2025-04-03 23:04:56,889] Trial 49 finished with value: 1.23422 and parameters: {'dim': 32, 'depth': 2, 'heads': 4, 'weight_decay': -6, 'learning_rate': -3, 'dropout': 0.2}. Best is trial 43 with value: 1.48896.
[I 2025-04-03 23:07:20,402] Trial 50 finished with value: 0.9046800000000002 and parameters: {'dim': 32, 'depth': 12, 'heads': 4, 'weight_decay': -6, 'learning_rate': -4, 'dropout': 0.4}. Best is trial 43 with value: 1.48896.
[I 2025-04-03 23:08:53,874] Trial 51 finished with value: 1.32626 and parameters: {'dim': 32, 'depth': 2, 'heads': 2, 'weight_decay': -5, 'learning_rate': -3, 'dropout': 0}. Best is trial 43 with value: 1.48896.
[I 2025-04-03 23:10:27,884] Trial 52 finished with value: 1.3353799999999998 and parameters: {'dim': 32, 'depth': 2, 'heads': 4, 'weight_decay': -4, 'learning_rate': -3, 'dropout': 0.2}. Best is trial 43 with value: 1.48896.
[I 2025-04-03 23:12:09,977] Trial 53 finished with value: 1.38864 and parameters: {'dim': 256, 'depth': 2, 'heads': 4, 'weight_decay': -6, 'learning_rate': -3, 'dropout': 0.5}. Best is trial 43 with value: 1.48896.
[I 2025-04-03 23:14:20,285] Trial 54 finished with value: 1.38792 and parameters: {'dim': 256, 'depth': 2, 'heads': 4, 'weight_decay': -6, 'learning_rate': -3, 'dropout': 0.5}. Best is trial 43 with value: 1.48896.
[I 2025-04-03 23:16:18,577] Trial 55 finished with value: 1.31946 and parameters: {'dim': 256, 'depth': 2, 'heads': 4, 'weight_decay': -6, 'learning_rate': -3, 'dropout': 0.5}. Best is trial 43 with value: 1.48896.
[I 2025-04-03 23:17:46,966] Trial 56 finished with value: 1.3172599999999999 and parameters: {'dim': 256, 'depth': 12, 'heads': 4, 'weight_decay': -6, 'learning_rate': -3, 'dropout': 0.5}. Best is trial 43 with value: 1.48896.
[I 2025-04-03 23:19:30,447] Trial 57 finished with value: 1.40388 and parameters: {'dim': 256, 'depth': 2, 'heads': 4, 'weight_decay': -5, 'learning_rate': -3, 'dropout': 0.5}. Best is trial 43 with value: 1.48896.
[I 2025-04-03 23:21:24,719] Trial 58 finished with value: 1.3410600000000001 and parameters: {'dim': 128, 'depth': 6, 'heads': 2, 'weight_decay': -5, 'learning_rate': -3, 'dropout': 0.1}. Best is trial 43 with value: 1.48896.
[I 2025-04-03 23:23:32,228] Trial 59 finished with value: 0.90646 and parameters: {'dim': 32, 'depth': 1, 'heads': 4, 'weight_decay': -5, 'learning_rate': -4, 'dropout': 0.4}. Best is trial 43 with value: 1.48896.
[I 2025-04-03 23:25:07,681] Trial 60 finished with value: 1.26802 and parameters: {'dim': 256, 'depth': 2, 'heads': 2, 'weight_decay': -5, 'learning_rate': -3, 'dropout': 0.2}. Best is trial 43 with value: 1.48896.
[I 2025-04-03 23:26:25,809] Trial 61 finished with value: 1.2507400000000002 and parameters: {'dim': 256, 'depth': 2, 'heads': 4, 'weight_decay': -6, 'learning_rate': -3, 'dropout': 0.5}. Best is trial 43 with value: 1.48896.
[I 2025-04-03 23:27:52,099] Trial 62 finished with value: 1.2891400000000002 and parameters: {'dim': 256, 'depth': 2, 'heads': 4, 'weight_decay': -1, 'learning_rate': -3, 'dropout': 0.5}. Best is trial 43 with value: 1.48896.
[I 2025-04-03 23:29:40,176] Trial 63 finished with value: 1.41552 and parameters: {'dim': 256, 'depth': 2, 'heads': 4, 'weight_decay': -6, 'learning_rate': -3, 'dropout': 0.5}. Best is trial 43 with value: 1.48896.
[I 2025-04-03 23:31:23,910] Trial 64 finished with value: 1.38088 and parameters: {'dim': 256, 'depth': 12, 'heads': 4, 'weight_decay': -6, 'learning_rate': -3, 'dropout': 0.5}. Best is trial 43 with value: 1.48896.
[I 2025-04-03 23:32:41,913] Trial 65 finished with value: 1.3851600000000002 and parameters: {'dim': 256, 'depth': 2, 'heads': 4, 'weight_decay': -6, 'learning_rate': -3, 'dropout': 0}. Best is trial 43 with value: 1.48896.
[I 2025-04-03 23:34:25,392] Trial 66 finished with value: 1.34738 and parameters: {'dim': 32, 'depth': 2, 'heads': 4, 'weight_decay': -5, 'learning_rate': -3, 'dropout': 0.5}. Best is trial 43 with value: 1.48896.
[I 2025-04-03 23:35:53,853] Trial 67 finished with value: 1.33918 and parameters: {'dim': 128, 'depth': 2, 'heads': 2, 'weight_decay': -4, 'learning_rate': -3, 'dropout': 0.2}. Best is trial 43 with value: 1.48896.
[I 2025-04-03 23:38:07,635] Trial 68 finished with value: 0.8666600000000001 and parameters: {'dim': 256, 'depth': 12, 'heads': 4, 'weight_decay': -6, 'learning_rate': -4, 'dropout': 0.3}. Best is trial 43 with value: 1.48896.
[I 2025-04-03 23:39:38,918] Trial 69 finished with value: 1.3056599999999998 and parameters: {'dim': 64, 'depth': 2, 'heads': 4, 'weight_decay': -5, 'learning_rate': -3, 'dropout': 0.2}. Best is trial 43 with value: 1.48896.
[I 2025-04-03 23:41:22,900] Trial 70 finished with value: 1.3634799999999998 and parameters: {'dim': 32, 'depth': 2, 'heads': 2, 'weight_decay': -5, 'learning_rate': -3, 'dropout': 0.5}. Best is trial 43 with value: 1.48896.
[I 2025-04-03 23:42:59,006] Trial 71 finished with value: 1.4065800000000004 and parameters: {'dim': 256, 'depth': 2, 'heads': 4, 'weight_decay': -6, 'learning_rate': -3, 'dropout': 0.5}. Best is trial 43 with value: 1.48896.
[I 2025-04-03 23:44:33,592] Trial 72 finished with value: 1.35392 and parameters: {'dim': 256, 'depth': 2, 'heads': 4, 'weight_decay': -6, 'learning_rate': -3, 'dropout': 0.5}. Best is trial 43 with value: 1.48896.
[I 2025-04-03 23:46:31,241] Trial 73 finished with value: 1.3874600000000001 and parameters: {'dim': 256, 'depth': 2, 'heads': 4, 'weight_decay': -6, 'learning_rate': -3, 'dropout': 0.5}. Best is trial 43 with value: 1.48896.
[I 2025-04-03 23:48:24,743] Trial 74 finished with value: 1.37426 and parameters: {'dim': 256, 'depth': 3, 'heads': 4, 'weight_decay': -6, 'learning_rate': -3, 'dropout': 0.5}. Best is trial 43 with value: 1.48896.
[I 2025-04-03 23:50:05,626] Trial 75 finished with value: 1.31386 and parameters: {'dim': 64, 'depth': 2, 'heads': 4, 'weight_decay': -6, 'learning_rate': -3, 'dropout': 0.2}. Best is trial 43 with value: 1.48896.
[I 2025-04-03 23:51:42,845] Trial 76 finished with value: 1.38612 and parameters: {'dim': 256, 'depth': 2, 'heads': 4, 'weight_decay': -6, 'learning_rate': -3, 'dropout': 0.3}. Best is trial 43 with value: 1.48896.
[I 2025-04-03 23:53:19,472] Trial 77 finished with value: 1.42162 and parameters: {'dim': 32, 'depth': 12, 'heads': 4, 'weight_decay': -4, 'learning_rate': -3, 'dropout': 0.1}. Best is trial 43 with value: 1.48896.
[I 2025-04-03 23:55:57,033] Trial 78 finished with value: 0.7108800000000001 and parameters: {'dim': 64, 'depth': 12, 'heads': 4, 'weight_decay': -4, 'learning_rate': -5, 'dropout': 0.1}. Best is trial 43 with value: 1.48896.
[I 2025-04-03 23:57:15,118] Trial 79 finished with value: 1.26028 and parameters: {'dim': 256, 'depth': 12, 'heads': 2, 'weight_decay': -4, 'learning_rate': -3, 'dropout': 0.1}. Best is trial 43 with value: 1.48896.
[I 2025-04-03 23:58:43,387] Trial 80 finished with value: 1.41004 and parameters: {'dim': 32, 'depth': 12, 'heads': 8, 'weight_decay': -3, 'learning_rate': -3, 'dropout': 0.1}. Best is trial 43 with value: 1.48896.
[I 2025-04-04 00:00:12,490] Trial 81 finished with value: 1.3435599999999999 and parameters: {'dim': 32, 'depth': 12, 'heads': 8, 'weight_decay': -3, 'learning_rate': -3, 'dropout': 0.1}. Best is trial 43 with value: 1.48896.
[I 2025-04-04 00:01:40,876] Trial 82 finished with value: 1.3573 and parameters: {'dim': 32, 'depth': 12, 'heads': 8, 'weight_decay': -3, 'learning_rate': -3, 'dropout': 0.1}. Best is trial 43 with value: 1.48896.
[I 2025-04-04 00:03:27,535] Trial 83 finished with value: 1.3410600000000001 and parameters: {'dim': 32, 'depth': 12, 'heads': 8, 'weight_decay': -3, 'learning_rate': -3, 'dropout': 0.1}. Best is trial 43 with value: 1.48896.
[I 2025-04-04 00:05:00,282] Trial 84 finished with value: 1.2851 and parameters: {'dim': 32, 'depth': 12, 'heads': 8, 'weight_decay': -4, 'learning_rate': -3, 'dropout': 0.1}. Best is trial 43 with value: 1.48896.
[I 2025-04-04 00:06:28,354] Trial 85 finished with value: 1.28006 and parameters: {'dim': 64, 'depth': 12, 'heads': 8, 'weight_decay': -3, 'learning_rate': -3, 'dropout': 0.1}. Best is trial 43 with value: 1.48896.
[I 2025-04-04 00:07:59,499] Trial 86 finished with value: 1.312 and parameters: {'dim': 32, 'depth': 1, 'heads': 4, 'weight_decay': -2, 'learning_rate': -3, 'dropout': 0.4}. Best is trial 43 with value: 1.48896.
[I 2025-04-04 00:09:53,221] Trial 87 finished with value: 1.31414 and parameters: {'dim': 128, 'depth': 6, 'heads': 4, 'weight_decay': -4, 'learning_rate': -3, 'dropout': 0}. Best is trial 43 with value: 1.48896.
[I 2025-04-04 00:11:28,967] Trial 88 finished with value: 1.3658599999999999 and parameters: {'dim': 32, 'depth': 12, 'heads': 4, 'weight_decay': -3, 'learning_rate': -3, 'dropout': 0.3}. Best is trial 43 with value: 1.48896.
[I 2025-04-04 00:12:59,468] Trial 89 finished with value: 1.41214 and parameters: {'dim': 64, 'depth': 3, 'heads': 8, 'weight_decay': -4, 'learning_rate': -3, 'dropout': 0.1}. Best is trial 43 with value: 1.48896.
[I 2025-04-04 00:14:39,510] Trial 90 finished with value: 1.38304 and parameters: {'dim': 32, 'depth': 3, 'heads': 8, 'weight_decay': -4, 'learning_rate': -3, 'dropout': 0.1}. Best is trial 43 with value: 1.48896.
[I 2025-04-04 00:16:17,069] Trial 91 finished with value: 1.3768 and parameters: {'dim': 64, 'depth': 3, 'heads': 8, 'weight_decay': -4, 'learning_rate': -3, 'dropout': 0.1}. Best is trial 43 with value: 1.48896.
[I 2025-04-04 00:18:13,862] Trial 92 finished with value: 1.4893 and parameters: {'dim': 64, 'depth': 3, 'heads': 8, 'weight_decay': -4, 'learning_rate': -3, 'dropout': 0.1}. Best is trial 92 with value: 1.4893.
[I 2025-04-04 00:19:49,786] Trial 93 finished with value: 1.3728 and parameters: {'dim': 64, 'depth': 3, 'heads': 8, 'weight_decay': -4, 'learning_rate': -3, 'dropout': 0.1}. Best is trial 92 with value: 1.4893.
[I 2025-04-04 00:21:34,514] Trial 94 finished with value: 1.42554 and parameters: {'dim': 64, 'depth': 3, 'heads': 8, 'weight_decay': -4, 'learning_rate': -3, 'dropout': 0.1}. Best is trial 92 with value: 1.4893.
[I 2025-04-04 00:24:09,084] Trial 95 finished with value: 1.08734 and parameters: {'dim': 64, 'depth': 3, 'heads': 8, 'weight_decay': -4, 'learning_rate': -6, 'dropout': 0.1}. Best is trial 92 with value: 1.4893.
[I 2025-04-04 00:25:45,905] Trial 96 finished with value: 1.37272 and parameters: {'dim': 64, 'depth': 3, 'heads': 8, 'weight_decay': -4, 'learning_rate': -3, 'dropout': 0.1}. Best is trial 92 with value: 1.4893.
[I 2025-04-04 00:27:25,066] Trial 97 finished with value: 1.3162 and parameters: {'dim': 64, 'depth': 3, 'heads': 8, 'weight_decay': -3, 'learning_rate': -3, 'dropout': 0.1}. Best is trial 92 with value: 1.4893.
[I 2025-04-04 00:28:59,241] Trial 98 finished with value: 1.38992 and parameters: {'dim': 64, 'depth': 3, 'heads': 8, 'weight_decay': -4, 'learning_rate': -3, 'dropout': 0.1}. Best is trial 92 with value: 1.4893.
[I 2025-04-04 00:30:34,828] Trial 99 finished with value: 1.38386 and parameters: {'dim': 64, 'depth': 3, 'heads': 8, 'weight_decay': -2, 'learning_rate': -3, 'dropout': 0.1}. Best is trial 92 with value: 1.4893.
[I 2025-04-04 00:32:07,771] A new study created in RDB with name: TabTransformer_House_Prices_Nominal
