[I 2025-04-04 00:39:13,472] Trial 0 finished with value: 1.85562 and parameters: {'dim': 256, 'depth': 12, 'heads': 8, 'weight_decay': -5, 'learning_rate': -4, 'dropout': 0.1}. Best is trial 0 with value: 1.85562.
[I 2025-04-04 00:42:56,284] Trial 1 finished with value: 1.55512 and parameters: {'dim': 32, 'depth': 3, 'heads': 8, 'weight_decay': -3, 'learning_rate': -5, 'dropout': 0.2}. Best is trial 0 with value: 1.85562.
[I 2025-04-04 00:51:14,599] Trial 2 finished with value: 1.8988600000000002 and parameters: {'dim': 128, 'depth': 12, 'heads': 4, 'weight_decay': -2, 'learning_rate': -4, 'dropout': 0.1}. Best is trial 2 with value: 1.8988600000000002.
[I 2025-04-04 00:53:51,621] Trial 3 finished with value: 2.04632 and parameters: {'dim': 128, 'depth': 1, 'heads': 2, 'weight_decay': -3, 'learning_rate': -6, 'dropout': 0.5}. Best is trial 3 with value: 2.04632.
[I 2025-04-04 00:59:22,205] Trial 4 finished with value: 1.4900600000000002 and parameters: {'dim': 128, 'depth': 6, 'heads': 4, 'weight_decay': -3, 'learning_rate': -5, 'dropout': 0.1}. Best is trial 3 with value: 2.04632.
[I 2025-04-04 01:02:18,967] Trial 5 finished with value: 2.04796 and parameters: {'dim': 128, 'depth': 6, 'heads': 4, 'weight_decay': -1, 'learning_rate': -3, 'dropout': 0.3}. Best is trial 5 with value: 2.04796.
[I 2025-04-04 01:05:20,932] Trial 6 finished with value: 1.43086 and parameters: {'dim': 64, 'depth': 1, 'heads': 4, 'weight_decay': -4, 'learning_rate': -5, 'dropout': 0}. Best is trial 5 with value: 2.04796.
[I 2025-04-04 01:08:15,354] Trial 7 finished with value: 2.58722 and parameters: {'dim': 256, 'depth': 6, 'heads': 4, 'weight_decay': -4, 'learning_rate': -3, 'dropout': 0.2}. Best is trial 7 with value: 2.58722.
[I 2025-04-04 01:15:14,691] Trial 8 finished with value: 2.0532 and parameters: {'dim': 128, 'depth': 12, 'heads': 4, 'weight_decay': -3, 'learning_rate': -6, 'dropout': 0.2}. Best is trial 7 with value: 2.58722.
[I 2025-04-04 01:19:50,988] Trial 9 finished with value: 1.5954799999999998 and parameters: {'dim': 32, 'depth': 6, 'heads': 8, 'weight_decay': -6, 'learning_rate': -4, 'dropout': 0.2}. Best is trial 7 with value: 2.58722.
[I 2025-04-04 01:21:14,884] Trial 10 finished with value: 1.9328400000000001 and parameters: {'dim': 256, 'depth': 2, 'heads': 2, 'weight_decay': -5, 'learning_rate': -3, 'dropout': 0.4}. Best is trial 7 with value: 2.58722.
[I 2025-04-04 01:30:22,417] Trial 11 finished with value: 1.99778 and parameters: {'dim': 256, 'depth': 12, 'heads': 4, 'weight_decay': -4, 'learning_rate': -6, 'dropout': 0.2}. Best is trial 7 with value: 2.58722.
[I 2025-04-04 01:32:03,185] Trial 12 finished with value: 2.24534 and parameters: {'dim': 64, 'depth': 3, 'heads': 4, 'weight_decay': -2, 'learning_rate': -3, 'dropout': 0.2}. Best is trial 7 with value: 2.58722.
[I 2025-04-04 01:34:13,136] Trial 13 finished with value: 2.26988 and parameters: {'dim': 64, 'depth': 3, 'heads': 4, 'weight_decay': -1, 'learning_rate': -3, 'dropout': 0.2}. Best is trial 7 with value: 2.58722.
[I 2025-04-04 01:36:08,854] Trial 14 finished with value: 2.3056400000000004 and parameters: {'dim': 64, 'depth': 3, 'heads': 4, 'weight_decay': -1, 'learning_rate': -3, 'dropout': 0.3}. Best is trial 7 with value: 2.58722.
[I 2025-04-04 01:38:56,066] Trial 15 finished with value: 1.63972 and parameters: {'dim': 256, 'depth': 2, 'heads': 2, 'weight_decay': -5, 'learning_rate': -4, 'dropout': 0.3}. Best is trial 7 with value: 2.58722.
[I 2025-04-04 01:41:50,981] Trial 16 finished with value: 2.52532 and parameters: {'dim': 64, 'depth': 6, 'heads': 4, 'weight_decay': -2, 'learning_rate': -3, 'dropout': 0.3}. Best is trial 7 with value: 2.58722.
[I 2025-04-04 01:44:33,131] Trial 17 finished with value: 2.2443600000000004 and parameters: {'dim': 64, 'depth': 6, 'heads': 4, 'weight_decay': -2, 'learning_rate': -3, 'dropout': 0}. Best is trial 7 with value: 2.58722.
[I 2025-04-04 01:48:59,516] Trial 18 finished with value: 1.4128399999999997 and parameters: {'dim': 256, 'depth': 6, 'heads': 2, 'weight_decay': -4, 'learning_rate': -4, 'dropout': 0.5}. Best is trial 7 with value: 2.58722.
[I 2025-04-04 01:52:51,632] Trial 19 finished with value: 2.8440800000000004 and parameters: {'dim': 32, 'depth': 6, 'heads': 8, 'weight_decay': -6, 'learning_rate': -3, 'dropout': 0.4}. Best is trial 19 with value: 2.8440800000000004.
[I 2025-04-04 01:56:49,260] Trial 20 finished with value: 1.8662800000000002 and parameters: {'dim': 32, 'depth': 6, 'heads': 8, 'weight_decay': -6, 'learning_rate': -4, 'dropout': 0.4}. Best is trial 19 with value: 2.8440800000000004.
[I 2025-04-04 01:59:23,619] Trial 21 finished with value: 2.0553999999999997 and parameters: {'dim': 32, 'depth': 6, 'heads': 8, 'weight_decay': -6, 'learning_rate': -3, 'dropout': 0.4}. Best is trial 19 with value: 2.8440800000000004.
[I 2025-04-04 02:02:26,927] Trial 22 finished with value: 2.2116 and parameters: {'dim': 32, 'depth': 6, 'heads': 8, 'weight_decay': -5, 'learning_rate': -3, 'dropout': 0.3}. Best is trial 19 with value: 2.8440800000000004.
[I 2025-04-04 02:06:08,284] Trial 23 finished with value: 2.49264 and parameters: {'dim': 32, 'depth': 6, 'heads': 8, 'weight_decay': -2, 'learning_rate': -3, 'dropout': 0.4}. Best is trial 19 with value: 2.8440800000000004.
[I 2025-04-04 02:09:27,308] Trial 24 finished with value: 2.4947600000000003 and parameters: {'dim': 64, 'depth': 6, 'heads': 4, 'weight_decay': -4, 'learning_rate': -3, 'dropout': 0.3}. Best is trial 19 with value: 2.8440800000000004.
[I 2025-04-04 02:12:26,523] Trial 25 finished with value: 1.9739799999999998 and parameters: {'dim': 256, 'depth': 2, 'heads': 8, 'weight_decay': -6, 'learning_rate': -4, 'dropout': 0.4}. Best is trial 19 with value: 2.8440800000000004.
[I 2025-04-04 02:14:02,884] Trial 26 finished with value: 2.07622 and parameters: {'dim': 256, 'depth': 1, 'heads': 4, 'weight_decay': -5, 'learning_rate': -3, 'dropout': 0.5}. Best is trial 19 with value: 2.8440800000000004.
[I 2025-04-04 02:18:38,987] Trial 27 finished with value: 2.25016 and parameters: {'dim': 64, 'depth': 6, 'heads': 4, 'weight_decay': -2, 'learning_rate': -4, 'dropout': 0}. Best is trial 19 with value: 2.8440800000000004.
[I 2025-04-04 02:21:25,235] Trial 28 finished with value: 2.46432 and parameters: {'dim': 32, 'depth': 6, 'heads': 8, 'weight_decay': -4, 'learning_rate': -3, 'dropout': 0.3}. Best is trial 19 with value: 2.8440800000000004.
[I 2025-04-04 02:26:25,473] Trial 29 finished with value: 1.6044999999999998 and parameters: {'dim': 256, 'depth': 6, 'heads': 2, 'weight_decay': -3, 'learning_rate': -4, 'dropout': 0.1}. Best is trial 19 with value: 2.8440800000000004.
[I 2025-04-04 02:32:03,140] Trial 30 finished with value: 1.4922999999999997 and parameters: {'dim': 64, 'depth': 6, 'heads': 8, 'weight_decay': -5, 'learning_rate': -5, 'dropout': 0.4}. Best is trial 19 with value: 2.8440800000000004.
[I 2025-04-04 02:35:15,762] Trial 31 finished with value: 2.17374 and parameters: {'dim': 64, 'depth': 6, 'heads': 4, 'weight_decay': -4, 'learning_rate': -3, 'dropout': 0.3}. Best is trial 19 with value: 2.8440800000000004.
[I 2025-04-04 02:38:34,547] Trial 32 finished with value: 2.47038 and parameters: {'dim': 64, 'depth': 6, 'heads': 4, 'weight_decay': -4, 'learning_rate': -3, 'dropout': 0.3}. Best is trial 19 with value: 2.8440800000000004.
[I 2025-04-04 02:42:00,471] Trial 33 finished with value: 2.3522399999999997 and parameters: {'dim': 64, 'depth': 6, 'heads': 4, 'weight_decay': -3, 'learning_rate': -3, 'dropout': 0.3}. Best is trial 19 with value: 2.8440800000000004.
[I 2025-04-04 02:47:03,529] Trial 34 finished with value: 2.29178 and parameters: {'dim': 32, 'depth': 12, 'heads': 4, 'weight_decay': -4, 'learning_rate': -3, 'dropout': 0.3}. Best is trial 19 with value: 2.8440800000000004.
[I 2025-04-04 02:48:42,535] Trial 35 finished with value: 2.3249199999999997 and parameters: {'dim': 64, 'depth': 1, 'heads': 4, 'weight_decay': -5, 'learning_rate': -3, 'dropout': 0.1}. Best is trial 19 with value: 2.8440800000000004.
[I 2025-04-04 02:53:02,068] Trial 36 finished with value: 1.78066 and parameters: {'dim': 128, 'depth': 6, 'heads': 4, 'weight_decay': -3, 'learning_rate': -4, 'dropout': 0.2}. Best is trial 19 with value: 2.8440800000000004.
[I 2025-04-04 02:56:25,728] Trial 37 finished with value: 2.2452599999999996 and parameters: {'dim': 256, 'depth': 6, 'heads': 8, 'weight_decay': -3, 'learning_rate': -3, 'dropout': 0.5}. Best is trial 19 with value: 2.8440800000000004.
[I 2025-04-04 02:59:15,896] Trial 38 finished with value: 1.49254 and parameters: {'dim': 64, 'depth': 2, 'heads': 4, 'weight_decay': -2, 'learning_rate': -4, 'dropout': 0.3}. Best is trial 19 with value: 2.8440800000000004.
[I 2025-04-04 03:00:41,169] Trial 39 finished with value: 2.0146 and parameters: {'dim': 32, 'depth': 1, 'heads': 4, 'weight_decay': -1, 'learning_rate': -3, 'dropout': 0.2}. Best is trial 19 with value: 2.8440800000000004.
[I 2025-04-04 03:09:15,712] Trial 40 finished with value: 1.5452400000000002 and parameters: {'dim': 128, 'depth': 12, 'heads': 2, 'weight_decay': -6, 'learning_rate': -5, 'dropout': 0}. Best is trial 19 with value: 2.8440800000000004.
[I 2025-04-04 03:12:17,738] Trial 41 finished with value: 2.18096 and parameters: {'dim': 32, 'depth': 6, 'heads': 8, 'weight_decay': -2, 'learning_rate': -3, 'dropout': 0.4}. Best is trial 19 with value: 2.8440800000000004.
[I 2025-04-04 03:14:56,517] Trial 42 finished with value: 2.10496 and parameters: {'dim': 32, 'depth': 6, 'heads': 8, 'weight_decay': -2, 'learning_rate': -3, 'dropout': 0.4}. Best is trial 19 with value: 2.8440800000000004.
[I 2025-04-04 03:18:07,849] Trial 43 finished with value: 2.4674400000000003 and parameters: {'dim': 32, 'depth': 6, 'heads': 8, 'weight_decay': -2, 'learning_rate': -3, 'dropout': 0.4}. Best is trial 19 with value: 2.8440800000000004.
[I 2025-04-04 03:21:11,920] Trial 44 finished with value: 2.3631599999999997 and parameters: {'dim': 32, 'depth': 6, 'heads': 8, 'weight_decay': -3, 'learning_rate': -3, 'dropout': 0.4}. Best is trial 19 with value: 2.8440800000000004.
[I 2025-04-04 03:22:52,447] Trial 45 finished with value: 2.3535399999999997 and parameters: {'dim': 32, 'depth': 3, 'heads': 8, 'weight_decay': -4, 'learning_rate': -3, 'dropout': 0.1}. Best is trial 19 with value: 2.8440800000000004.
[I 2025-04-04 03:28:18,986] Trial 46 finished with value: 2.0156799999999997 and parameters: {'dim': 128, 'depth': 6, 'heads': 4, 'weight_decay': -1, 'learning_rate': -6, 'dropout': 0.2}. Best is trial 19 with value: 2.8440800000000004.
[I 2025-04-04 03:31:19,080] Trial 47 finished with value: 2.7286 and parameters: {'dim': 64, 'depth': 6, 'heads': 4, 'weight_decay': -3, 'learning_rate': -3, 'dropout': 0.4}. Best is trial 19 with value: 2.8440800000000004.
[I 2025-04-04 03:37:51,045] Trial 48 finished with value: 1.8092599999999996 and parameters: {'dim': 64, 'depth': 12, 'heads': 4, 'weight_decay': -3, 'learning_rate': -4, 'dropout': 0.3}. Best is trial 19 with value: 2.8440800000000004.
[I 2025-04-04 03:39:27,770] Trial 49 finished with value: 1.9484400000000002 and parameters: {'dim': 64, 'depth': 3, 'heads': 4, 'weight_decay': -4, 'learning_rate': -3, 'dropout': 0.2}. Best is trial 19 with value: 2.8440800000000004.
[I 2025-04-04 03:41:55,315] Trial 50 finished with value: 2.1574799999999996 and parameters: {'dim': 64, 'depth': 6, 'heads': 4, 'weight_decay': -4, 'learning_rate': -3, 'dropout': 0.4}. Best is trial 19 with value: 2.8440800000000004.
[I 2025-04-04 03:44:48,758] Trial 51 finished with value: 2.1376599999999994 and parameters: {'dim': 64, 'depth': 6, 'heads': 4, 'weight_decay': -2, 'learning_rate': -3, 'dropout': 0.4}. Best is trial 19 with value: 2.8440800000000004.
[I 2025-04-04 03:47:54,233] Trial 52 finished with value: 2.6322 and parameters: {'dim': 256, 'depth': 6, 'heads': 4, 'weight_decay': -3, 'learning_rate': -3, 'dropout': 0.4}. Best is trial 19 with value: 2.8440800000000004.
[I 2025-04-04 03:50:52,979] Trial 53 finished with value: 2.28888 and parameters: {'dim': 256, 'depth': 6, 'heads': 4, 'weight_decay': -3, 'learning_rate': -3, 'dropout': 0.4}. Best is trial 19 with value: 2.8440800000000004.
[I 2025-04-04 03:54:13,868] Trial 54 finished with value: 2.4575 and parameters: {'dim': 256, 'depth': 6, 'heads': 4, 'weight_decay': -3, 'learning_rate': -3, 'dropout': 0.4}. Best is trial 19 with value: 2.8440800000000004.
[I 2025-04-04 03:55:51,080] Trial 55 finished with value: 2.03462 and parameters: {'dim': 256, 'depth': 2, 'heads': 4, 'weight_decay': -3, 'learning_rate': -3, 'dropout': 0.5}. Best is trial 19 with value: 2.8440800000000004.
[I 2025-04-04 03:58:35,226] Trial 56 finished with value: 2.1486 and parameters: {'dim': 256, 'depth': 6, 'heads': 4, 'weight_decay': -5, 'learning_rate': -3, 'dropout': 0.3}. Best is trial 19 with value: 2.8440800000000004.
[I 2025-04-04 04:02:36,045] Trial 57 finished with value: 1.6702 and parameters: {'dim': 256, 'depth': 6, 'heads': 2, 'weight_decay': -4, 'learning_rate': -4, 'dropout': 0}. Best is trial 19 with value: 2.8440800000000004.
[I 2025-04-04 04:04:02,924] Trial 58 finished with value: 2.01072 and parameters: {'dim': 64, 'depth': 1, 'heads': 4, 'weight_decay': -6, 'learning_rate': -3, 'dropout': 0.4}. Best is trial 19 with value: 2.8440800000000004.
[I 2025-04-04 04:09:27,277] Trial 59 finished with value: 1.52294 and parameters: {'dim': 256, 'depth': 6, 'heads': 4, 'weight_decay': -4, 'learning_rate': -5, 'dropout': 0.2}. Best is trial 19 with value: 2.8440800000000004.
[I 2025-04-04 04:12:32,185] Trial 60 finished with value: 2.6596400000000004 and parameters: {'dim': 64, 'depth': 6, 'heads': 4, 'weight_decay': -5, 'learning_rate': -3, 'dropout': 0.4}. Best is trial 19 with value: 2.8440800000000004.
[I 2025-04-04 04:15:01,381] Trial 61 finished with value: 2.10222 and parameters: {'dim': 64, 'depth': 6, 'heads': 4, 'weight_decay': -5, 'learning_rate': -3, 'dropout': 0.4}. Best is trial 19 with value: 2.8440800000000004.
[I 2025-04-04 04:18:00,783] Trial 62 finished with value: 2.2988 and parameters: {'dim': 64, 'depth': 6, 'heads': 4, 'weight_decay': -6, 'learning_rate': -3, 'dropout': 0.4}. Best is trial 19 with value: 2.8440800000000004.
[I 2025-04-04 04:20:38,370] Trial 63 finished with value: 2.23598 and parameters: {'dim': 64, 'depth': 6, 'heads': 4, 'weight_decay': -5, 'learning_rate': -3, 'dropout': 0.4}. Best is trial 19 with value: 2.8440800000000004.
[I 2025-04-04 04:23:06,880] Trial 64 finished with value: 2.4785199999999996 and parameters: {'dim': 64, 'depth': 6, 'heads': 4, 'weight_decay': -4, 'learning_rate': -3, 'dropout': 0.3}. Best is trial 19 with value: 2.8440800000000004.
[I 2025-04-04 04:24:58,732] Trial 65 finished with value: 2.3611 and parameters: {'dim': 64, 'depth': 3, 'heads': 4, 'weight_decay': -5, 'learning_rate': -3, 'dropout': 0.4}. Best is trial 19 with value: 2.8440800000000004.
[I 2025-04-04 04:27:02,490] Trial 66 finished with value: 2.258 and parameters: {'dim': 256, 'depth': 6, 'heads': 2, 'weight_decay': -3, 'learning_rate': -3, 'dropout': 0.1}. Best is trial 19 with value: 2.8440800000000004.
[I 2025-04-04 04:30:01,424] Trial 67 finished with value: 2.34052 and parameters: {'dim': 64, 'depth': 6, 'heads': 4, 'weight_decay': -6, 'learning_rate': -3, 'dropout': 0.3}. Best is trial 19 with value: 2.8440800000000004.
[I 2025-04-04 04:32:48,691] Trial 68 finished with value: 1.58288 and parameters: {'dim': 128, 'depth': 2, 'heads': 4, 'weight_decay': -4, 'learning_rate': -4, 'dropout': 0.4}. Best is trial 19 with value: 2.8440800000000004.
[I 2025-04-04 04:35:17,917] Trial 69 finished with value: 2.12364 and parameters: {'dim': 64, 'depth': 6, 'heads': 4, 'weight_decay': -3, 'learning_rate': -3, 'dropout': 0.2}. Best is trial 19 with value: 2.8440800000000004.
[I 2025-04-04 04:39:30,122] Trial 70 finished with value: 2.3143 and parameters: {'dim': 256, 'depth': 12, 'heads': 4, 'weight_decay': -4, 'learning_rate': -3, 'dropout': 0.5}. Best is trial 19 with value: 2.8440800000000004.
[I 2025-04-04 04:42:26,760] Trial 71 finished with value: 2.1695599999999997 and parameters: {'dim': 32, 'depth': 6, 'heads': 8, 'weight_decay': -2, 'learning_rate': -3, 'dropout': 0.4}. Best is trial 19 with value: 2.8440800000000004.
[I 2025-04-04 04:45:23,138] Trial 72 finished with value: 2.33898 and parameters: {'dim': 32, 'depth': 6, 'heads': 8, 'weight_decay': -2, 'learning_rate': -3, 'dropout': 0.4}. Best is trial 19 with value: 2.8440800000000004.
[I 2025-04-04 04:48:56,370] Trial 73 finished with value: 2.3122 and parameters: {'dim': 32, 'depth': 6, 'heads': 8, 'weight_decay': -1, 'learning_rate': -3, 'dropout': 0.4}. Best is trial 19 with value: 2.8440800000000004.
[I 2025-04-04 04:51:28,314] Trial 74 finished with value: 1.952 and parameters: {'dim': 64, 'depth': 6, 'heads': 8, 'weight_decay': -5, 'learning_rate': -3, 'dropout': 0.4}. Best is trial 19 with value: 2.8440800000000004.
[I 2025-04-04 04:54:44,620] Trial 75 finished with value: 2.0610399999999998 and parameters: {'dim': 32, 'depth': 6, 'heads': 4, 'weight_decay': -2, 'learning_rate': -6, 'dropout': 0.3}. Best is trial 19 with value: 2.8440800000000004.
[I 2025-04-04 04:55:58,584] Trial 76 finished with value: 2.04528 and parameters: {'dim': 64, 'depth': 1, 'heads': 8, 'weight_decay': -3, 'learning_rate': -3, 'dropout': 0}. Best is trial 19 with value: 2.8440800000000004.
[I 2025-04-04 04:58:45,702] Trial 77 finished with value: 2.16042 and parameters: {'dim': 256, 'depth': 6, 'heads': 2, 'weight_decay': -2, 'learning_rate': -3, 'dropout': 0.4}. Best is trial 19 with value: 2.8440800000000004.
[I 2025-04-04 05:01:51,345] Trial 78 finished with value: 2.34746 and parameters: {'dim': 32, 'depth': 6, 'heads': 4, 'weight_decay': -2, 'learning_rate': -3, 'dropout': 0.3}. Best is trial 19 with value: 2.8440800000000004.
[I 2025-04-04 05:04:34,738] Trial 79 finished with value: 2.1397800000000005 and parameters: {'dim': 128, 'depth': 6, 'heads': 8, 'weight_decay': -5, 'learning_rate': -3, 'dropout': 0.2}. Best is trial 19 with value: 2.8440800000000004.
[I 2025-04-04 05:09:21,319] Trial 80 finished with value: 1.91002 and parameters: {'dim': 64, 'depth': 6, 'heads': 4, 'weight_decay': -6, 'learning_rate': -4, 'dropout': 0.4}. Best is trial 19 with value: 2.8440800000000004.
[I 2025-04-04 05:12:26,642] Trial 81 finished with value: 2.3611999999999997 and parameters: {'dim': 64, 'depth': 6, 'heads': 4, 'weight_decay': -4, 'learning_rate': -3, 'dropout': 0.3}. Best is trial 19 with value: 2.8440800000000004.
[I 2025-04-04 05:14:52,735] Trial 82 finished with value: 2.1513400000000003 and parameters: {'dim': 64, 'depth': 6, 'heads': 4, 'weight_decay': -4, 'learning_rate': -3, 'dropout': 0.3}. Best is trial 19 with value: 2.8440800000000004.
[I 2025-04-04 05:18:35,964] Trial 83 finished with value: 3.0568400000000002 and parameters: {'dim': 64, 'depth': 6, 'heads': 4, 'weight_decay': -4, 'learning_rate': -3, 'dropout': 0.3}. Best is trial 83 with value: 3.0568400000000002.
[I 2025-04-04 05:21:53,721] Trial 84 finished with value: 2.5478999999999994 and parameters: {'dim': 64, 'depth': 6, 'heads': 4, 'weight_decay': -4, 'learning_rate': -3, 'dropout': 0.3}. Best is trial 83 with value: 3.0568400000000002.
[I 2025-04-04 05:24:45,232] Trial 85 finished with value: 2.56692 and parameters: {'dim': 64, 'depth': 6, 'heads': 4, 'weight_decay': -4, 'learning_rate': -3, 'dropout': 0.3}. Best is trial 83 with value: 3.0568400000000002.
[I 2025-04-04 05:26:17,051] Trial 86 finished with value: 2.1260000000000003 and parameters: {'dim': 64, 'depth': 3, 'heads': 4, 'weight_decay': -4, 'learning_rate': -3, 'dropout': 0.3}. Best is trial 83 with value: 3.0568400000000002.
[I 2025-04-04 05:28:59,319] Trial 87 finished with value: 2.2669 and parameters: {'dim': 64, 'depth': 6, 'heads': 4, 'weight_decay': -4, 'learning_rate': -3, 'dropout': 0.3}. Best is trial 83 with value: 3.0568400000000002.
[I 2025-04-04 05:33:32,548] Trial 88 finished with value: 2.31774 and parameters: {'dim': 64, 'depth': 12, 'heads': 4, 'weight_decay': -4, 'learning_rate': -3, 'dropout': 0.3}. Best is trial 83 with value: 3.0568400000000002.
[I 2025-04-04 05:35:06,449] Trial 89 finished with value: 2.29842 and parameters: {'dim': 64, 'depth': 2, 'heads': 4, 'weight_decay': -3, 'learning_rate': -3, 'dropout': 0.3}. Best is trial 83 with value: 3.0568400000000002.
[I 2025-04-04 05:37:27,778] Trial 90 finished with value: 2.2095000000000002 and parameters: {'dim': 64, 'depth': 6, 'heads': 4, 'weight_decay': -5, 'learning_rate': -3, 'dropout': 0.3}. Best is trial 83 with value: 3.0568400000000002.
[I 2025-04-04 05:40:32,005] Trial 91 finished with value: 2.4776800000000003 and parameters: {'dim': 64, 'depth': 6, 'heads': 4, 'weight_decay': -4, 'learning_rate': -3, 'dropout': 0.3}. Best is trial 83 with value: 3.0568400000000002.
[I 2025-04-04 05:43:20,196] Trial 92 finished with value: 2.48286 and parameters: {'dim': 64, 'depth': 6, 'heads': 4, 'weight_decay': -4, 'learning_rate': -3, 'dropout': 0.3}. Best is trial 83 with value: 3.0568400000000002.
[I 2025-04-04 05:46:23,721] Trial 93 finished with value: 2.78898 and parameters: {'dim': 64, 'depth': 6, 'heads': 4, 'weight_decay': -4, 'learning_rate': -3, 'dropout': 0.3}. Best is trial 83 with value: 3.0568400000000002.
[I 2025-04-04 05:49:34,717] Trial 94 finished with value: 2.6829199999999997 and parameters: {'dim': 64, 'depth': 6, 'heads': 4, 'weight_decay': -4, 'learning_rate': -3, 'dropout': 0.1}. Best is trial 83 with value: 3.0568400000000002.
[I 2025-04-04 05:52:18,065] Trial 95 finished with value: 2.36924 and parameters: {'dim': 64, 'depth': 6, 'heads': 4, 'weight_decay': -4, 'learning_rate': -3, 'dropout': 0.1}. Best is trial 83 with value: 3.0568400000000002.
