[I 2025-04-04 05:55:11,792] Trial 96 finished with value: 2.2861200000000004 and parameters: {'dim': 256, 'depth': 6, 'heads': 4, 'weight_decay': -4, 'learning_rate': -3, 'dropout': 0.1}. Best is trial 83 with value: 3.0568400000000002.
[I 2025-04-04 05:57:38,069] Trial 97 finished with value: 2.6765 and parameters: {'dim': 64, 'depth': 6, 'heads': 4, 'weight_decay': -3, 'learning_rate': -3, 'dropout': 0.1}. Best is trial 83 with value: 3.0568400000000002.
[I 2025-04-04 05:59:08,391] Trial 98 finished with value: 2.53858 and parameters: {'dim': 64, 'depth': 1, 'heads': 4, 'weight_decay': -3, 'learning_rate': -3, 'dropout': 0.1}. Best is trial 83 with value: 3.0568400000000002.
[I 2025-04-04 06:01:35,752] Trial 99 finished with value: 2.44958 and parameters: {'dim': 64, 'depth': 6, 'heads': 4, 'weight_decay': -3, 'learning_rate': -3, 'dropout': 0.1}. Best is trial 83 with value: 3.0568400000000002.
[I 2025-04-04 06:04:32,981] A new study created in RDB with name: TabTransformer_Mercedes_Benz
[I 2025-04-04 06:08:03,499] Trial 0 finished with value: 3.46174 and parameters: {'dim': 64, 'depth': 1, 'heads': 4, 'weight_decay': -1, 'learning_rate': -6, 'dropout': 0}. Best is trial 0 with value: 3.46174.
[I 2025-04-04 06:09:43,208] Trial 1 finished with value: 6.6279200000000005 and parameters: {'dim': 256, 'depth': 1, 'heads': 2, 'weight_decay': -2, 'learning_rate': -4, 'dropout': 0.5}. Best is trial 1 with value: 6.6279200000000005.
[I 2025-04-04 06:11:37,760] Trial 2 finished with value: 6.933800000000001 and parameters: {'dim': 256, 'depth': 3, 'heads': 4, 'weight_decay': -6, 'learning_rate': -4, 'dropout': 0.2}. Best is trial 2 with value: 6.933800000000001.
[I 2025-04-04 06:15:07,699] Trial 3 finished with value: 5.9515 and parameters: {'dim': 256, 'depth': 6, 'heads': 2, 'weight_decay': -5, 'learning_rate': -5, 'dropout': 0.3}. Best is trial 2 with value: 6.933800000000001.
[I 2025-04-04 06:17:05,116] Trial 4 finished with value: 6.96044 and parameters: {'dim': 32, 'depth': 2, 'heads': 2, 'weight_decay': -4, 'learning_rate': -4, 'dropout': 0.3}. Best is trial 4 with value: 6.96044.
[I 2025-04-04 06:18:23,620] Trial 5 finished with value: 7.7821 and parameters: {'dim': 256, 'depth': 1, 'heads': 4, 'weight_decay': -3, 'learning_rate': -3, 'dropout': 0}. Best is trial 5 with value: 7.7821.
[I 2025-04-04 06:20:00,592] Trial 6 finished with value: 6.4684 and parameters: {'dim': 128, 'depth': 6, 'heads': 8, 'weight_decay': -2, 'learning_rate': -4, 'dropout': 0.2}. Best is trial 5 with value: 7.7821.
[I 2025-04-04 06:22:02,150] Trial 7 finished with value: 6.64444 and parameters: {'dim': 128, 'depth': 2, 'heads': 8, 'weight_decay': -1, 'learning_rate': -4, 'dropout': 0.1}. Best is trial 5 with value: 7.7821.
[I 2025-04-04 06:25:34,691] Trial 8 finished with value: 3.4623 and parameters: {'dim': 256, 'depth': 3, 'heads': 4, 'weight_decay': -3, 'learning_rate': -6, 'dropout': 0.4}. Best is trial 5 with value: 7.7821.
[I 2025-04-04 06:29:07,325] Trial 9 finished with value: 3.4431599999999998 and parameters: {'dim': 64, 'depth': 1, 'heads': 2, 'weight_decay': -1, 'learning_rate': -6, 'dropout': 0.4}. Best is trial 5 with value: 7.7821.
[I 2025-04-04 06:30:21,115] Trial 10 finished with value: 7.83288 and parameters: {'dim': 32, 'depth': 12, 'heads': 4, 'weight_decay': -4, 'learning_rate': -3, 'dropout': 0}. Best is trial 10 with value: 7.83288.
[I 2025-04-04 06:31:44,384] Trial 11 finished with value: 7.7132000000000005 and parameters: {'dim': 32, 'depth': 12, 'heads': 4, 'weight_decay': -4, 'learning_rate': -3, 'dropout': 0}. Best is trial 10 with value: 7.83288.
[I 2025-04-04 06:32:54,016] Trial 12 finished with value: 7.809740000000001 and parameters: {'dim': 32, 'depth': 12, 'heads': 4, 'weight_decay': -3, 'learning_rate': -3, 'dropout': 0}. Best is trial 10 with value: 7.83288.
[I 2025-04-04 06:33:58,728] Trial 13 finished with value: 7.76058 and parameters: {'dim': 32, 'depth': 12, 'heads': 4, 'weight_decay': -5, 'learning_rate': -3, 'dropout': 0}. Best is trial 10 with value: 7.83288.
[I 2025-04-04 06:35:12,753] Trial 14 finished with value: 8.00604 and parameters: {'dim': 32, 'depth': 12, 'heads': 4, 'weight_decay': -4, 'learning_rate': -3, 'dropout': 0}. Best is trial 14 with value: 8.00604.
[I 2025-04-04 06:38:33,054] Trial 15 finished with value: 5.7954 and parameters: {'dim': 32, 'depth': 12, 'heads': 4, 'weight_decay': -5, 'learning_rate': -5, 'dropout': 0.5}. Best is trial 14 with value: 8.00604.
[I 2025-04-04 06:39:36,371] Trial 16 finished with value: 7.6733400000000005 and parameters: {'dim': 32, 'depth': 12, 'heads': 8, 'weight_decay': -6, 'learning_rate': -3, 'dropout': 0.1}. Best is trial 14 with value: 8.00604.
[I 2025-04-04 06:40:47,941] Trial 17 finished with value: 7.9615800000000005 and parameters: {'dim': 32, 'depth': 12, 'heads': 4, 'weight_decay': -4, 'learning_rate': -3, 'dropout': 0}. Best is trial 14 with value: 8.00604.
[I 2025-04-04 06:44:18,195] Trial 18 finished with value: 5.83924 and parameters: {'dim': 32, 'depth': 12, 'heads': 4, 'weight_decay': -5, 'learning_rate': -5, 'dropout': 0}. Best is trial 14 with value: 8.00604.
[I 2025-04-04 06:45:27,979] Trial 19 finished with value: 7.70288 and parameters: {'dim': 64, 'depth': 12, 'heads': 8, 'weight_decay': -4, 'learning_rate': -3, 'dropout': 0}. Best is trial 14 with value: 8.00604.
[I 2025-04-04 06:46:43,999] Trial 20 finished with value: 6.1518999999999995 and parameters: {'dim': 128, 'depth': 2, 'heads': 4, 'weight_decay': -2, 'learning_rate': -4, 'dropout': 0.4}. Best is trial 14 with value: 8.00604.
[I 2025-04-04 06:47:49,629] Trial 21 finished with value: 7.7676 and parameters: {'dim': 32, 'depth': 12, 'heads': 4, 'weight_decay': -4, 'learning_rate': -3, 'dropout': 0}. Best is trial 14 with value: 8.00604.
[I 2025-04-04 06:49:05,397] Trial 22 finished with value: 7.862960000000001 and parameters: {'dim': 32, 'depth': 12, 'heads': 4, 'weight_decay': -4, 'learning_rate': -3, 'dropout': 0}. Best is trial 14 with value: 8.00604.
[I 2025-04-04 06:50:10,465] Trial 23 finished with value: 7.52234 and parameters: {'dim': 32, 'depth': 12, 'heads': 4, 'weight_decay': -3, 'learning_rate': -3, 'dropout': 0}. Best is trial 14 with value: 8.00604.
[I 2025-04-04 06:51:09,605] Trial 24 finished with value: 7.76676 and parameters: {'dim': 32, 'depth': 3, 'heads': 4, 'weight_decay': -5, 'learning_rate': -3, 'dropout': 0}. Best is trial 14 with value: 8.00604.
[I 2025-04-04 06:52:56,585] Trial 25 finished with value: 6.740640000000001 and parameters: {'dim': 32, 'depth': 12, 'heads': 4, 'weight_decay': -4, 'learning_rate': -4, 'dropout': 0.2}. Best is trial 14 with value: 8.00604.
[I 2025-04-04 06:54:11,539] Trial 26 finished with value: 7.866899999999999 and parameters: {'dim': 32, 'depth': 6, 'heads': 4, 'weight_decay': -3, 'learning_rate': -3, 'dropout': 0.1}. Best is trial 14 with value: 8.00604.
[I 2025-04-04 06:55:40,622] Trial 27 finished with value: 6.38076 and parameters: {'dim': 32, 'depth': 6, 'heads': 4, 'weight_decay': -3, 'learning_rate': -4, 'dropout': 0.1}. Best is trial 14 with value: 8.00604.
[I 2025-04-04 06:56:53,778] Trial 28 finished with value: 7.9557400000000005 and parameters: {'dim': 64, 'depth': 6, 'heads': 2, 'weight_decay': -2, 'learning_rate': -3, 'dropout': 0.1}. Best is trial 14 with value: 8.00604.
[I 2025-04-04 07:00:22,413] Trial 29 finished with value: 5.669100000000001 and parameters: {'dim': 64, 'depth': 6, 'heads': 2, 'weight_decay': -2, 'learning_rate': -5, 'dropout': 0.1}. Best is trial 14 with value: 8.00604.
[I 2025-04-04 07:01:43,013] Trial 30 finished with value: 7.8997399999999995 and parameters: {'dim': 64, 'depth': 6, 'heads': 2, 'weight_decay': -1, 'learning_rate': -3, 'dropout': 0.3}. Best is trial 14 with value: 8.00604.
[I 2025-04-04 07:03:02,029] Trial 31 finished with value: 7.81108 and parameters: {'dim': 64, 'depth': 6, 'heads': 2, 'weight_decay': -1, 'learning_rate': -3, 'dropout': 0.3}. Best is trial 14 with value: 8.00604.
[I 2025-04-04 07:04:09,119] Trial 32 finished with value: 7.513679999999999 and parameters: {'dim': 64, 'depth': 6, 'heads': 2, 'weight_decay': -1, 'learning_rate': -3, 'dropout': 0.3}. Best is trial 14 with value: 8.00604.
[I 2025-04-04 07:05:24,508] Trial 33 finished with value: 8.010499999999999 and parameters: {'dim': 64, 'depth': 6, 'heads': 2, 'weight_decay': -2, 'learning_rate': -3, 'dropout': 0.5}. Best is trial 33 with value: 8.010499999999999.
[I 2025-04-04 07:07:16,708] Trial 34 finished with value: 6.77332 and parameters: {'dim': 64, 'depth': 6, 'heads': 2, 'weight_decay': -2, 'learning_rate': -4, 'dropout': 0.5}. Best is trial 33 with value: 8.010499999999999.
[I 2025-04-04 07:09:15,524] Trial 35 finished with value: 6.531139999999999 and parameters: {'dim': 64, 'depth': 1, 'heads': 2, 'weight_decay': -2, 'learning_rate': -4, 'dropout': 0.5}. Best is trial 33 with value: 8.010499999999999.
[I 2025-04-04 07:10:35,854] Trial 36 finished with value: 8.12422 and parameters: {'dim': 64, 'depth': 6, 'heads': 2, 'weight_decay': -3, 'learning_rate': -3, 'dropout': 0.5}. Best is trial 36 with value: 8.12422.
[I 2025-04-04 07:11:49,205] Trial 37 finished with value: 7.96442 and parameters: {'dim': 256, 'depth': 3, 'heads': 2, 'weight_decay': -3, 'learning_rate': -3, 'dropout': 0.5}. Best is trial 36 with value: 8.12422.
[I 2025-04-04 07:13:37,025] Trial 38 finished with value: 6.774159999999999 and parameters: {'dim': 256, 'depth': 3, 'heads': 2, 'weight_decay': -3, 'learning_rate': -4, 'dropout': 0.5}. Best is trial 36 with value: 8.12422.
[I 2025-04-04 07:14:52,909] Trial 39 finished with value: 7.94674 and parameters: {'dim': 256, 'depth': 3, 'heads': 2, 'weight_decay': -3, 'learning_rate': -3, 'dropout': 0.5}. Best is trial 36 with value: 8.12422.
[I 2025-04-04 07:16:41,136] Trial 40 finished with value: 6.70128 and parameters: {'dim': 256, 'depth': 3, 'heads': 2, 'weight_decay': -2, 'learning_rate': -4, 'dropout': 0.5}. Best is trial 36 with value: 8.12422.
[I 2025-04-04 07:18:24,286] Trial 41 finished with value: 8.36946 and parameters: {'dim': 256, 'depth': 2, 'heads': 2, 'weight_decay': -4, 'learning_rate': -3, 'dropout': 0.5}. Best is trial 41 with value: 8.36946.
[I 2025-04-04 07:19:31,439] Trial 42 finished with value: 7.94744 and parameters: {'dim': 256, 'depth': 2, 'heads': 2, 'weight_decay': -3, 'learning_rate': -3, 'dropout': 0.5}. Best is trial 41 with value: 8.36946.
[I 2025-04-04 07:20:34,268] Trial 43 finished with value: 7.714240000000001 and parameters: {'dim': 256, 'depth': 2, 'heads': 2, 'weight_decay': -4, 'learning_rate': -3, 'dropout': 0.5}. Best is trial 41 with value: 8.36946.
[I 2025-04-04 07:21:43,824] Trial 44 finished with value: 7.96704 and parameters: {'dim': 256, 'depth': 2, 'heads': 2, 'weight_decay': -3, 'learning_rate': -3, 'dropout': 0.5}. Best is trial 41 with value: 8.36946.
[I 2025-04-04 07:22:55,215] Trial 45 finished with value: 7.6455 and parameters: {'dim': 128, 'depth': 2, 'heads': 2, 'weight_decay': -4, 'learning_rate': -3, 'dropout': 0.5}. Best is trial 41 with value: 8.36946.
[I 2025-04-04 07:26:26,937] Trial 46 finished with value: 3.4443399999999995 and parameters: {'dim': 256, 'depth': 2, 'heads': 8, 'weight_decay': -5, 'learning_rate': -6, 'dropout': 0.5}. Best is trial 41 with value: 8.36946.
[I 2025-04-04 07:27:32,015] Trial 47 finished with value: 7.7037 and parameters: {'dim': 256, 'depth': 2, 'heads': 2, 'weight_decay': -3, 'learning_rate': -3, 'dropout': 0.2}. Best is trial 41 with value: 8.36946.
[I 2025-04-04 07:28:48,966] Trial 48 finished with value: 7.80886 and parameters: {'dim': 64, 'depth': 2, 'heads': 2, 'weight_decay': -4, 'learning_rate': -3, 'dropout': 0.5}. Best is trial 41 with value: 8.36946.
[I 2025-04-04 07:30:13,104] Trial 49 finished with value: 8.051120000000001 and parameters: {'dim': 128, 'depth': 1, 'heads': 2, 'weight_decay': -6, 'learning_rate': -3, 'dropout': 0.5}. Best is trial 41 with value: 8.36946.
[I 2025-04-04 07:33:34,477] Trial 50 finished with value: 5.56046 and parameters: {'dim': 128, 'depth': 1, 'heads': 8, 'weight_decay': -6, 'learning_rate': -5, 'dropout': 0.4}. Best is trial 41 with value: 8.36946.
[I 2025-04-04 07:34:49,487] Trial 51 finished with value: 7.72252 and parameters: {'dim': 128, 'depth': 1, 'heads': 2, 'weight_decay': -6, 'learning_rate': -3, 'dropout': 0.5}. Best is trial 41 with value: 8.36946.
[I 2025-04-04 07:36:00,789] Trial 52 finished with value: 7.688899999999999 and parameters: {'dim': 128, 'depth': 1, 'heads': 2, 'weight_decay': -5, 'learning_rate': -3, 'dropout': 0.5}. Best is trial 41 with value: 8.36946.
[I 2025-04-04 07:37:12,100] Trial 53 finished with value: 7.70548 and parameters: {'dim': 128, 'depth': 1, 'heads': 2, 'weight_decay': -3, 'learning_rate': -3, 'dropout': 0.5}. Best is trial 41 with value: 8.36946.
[I 2025-04-04 07:38:19,759] Trial 54 finished with value: 7.4625200000000005 and parameters: {'dim': 256, 'depth': 2, 'heads': 2, 'weight_decay': -6, 'learning_rate': -3, 'dropout': 0.5}. Best is trial 41 with value: 8.36946.
[I 2025-04-04 07:40:01,129] Trial 55 finished with value: 8.22996 and parameters: {'dim': 64, 'depth': 2, 'heads': 2, 'weight_decay': -5, 'learning_rate': -3, 'dropout': 0.5}. Best is trial 41 with value: 8.36946.
[I 2025-04-04 07:41:40,348] Trial 56 finished with value: 6.70188 and parameters: {'dim': 64, 'depth': 6, 'heads': 2, 'weight_decay': -6, 'learning_rate': -4, 'dropout': 0.2}. Best is trial 41 with value: 8.36946.
[I 2025-04-04 07:42:52,529] Trial 57 finished with value: 7.7375 and parameters: {'dim': 64, 'depth': 1, 'heads': 8, 'weight_decay': -5, 'learning_rate': -3, 'dropout': 0.5}. Best is trial 41 with value: 8.36946.
[I 2025-04-04 07:44:06,678] Trial 58 finished with value: 8.11392 and parameters: {'dim': 64, 'depth': 2, 'heads': 2, 'weight_decay': -5, 'learning_rate': -3, 'dropout': 0.4}. Best is trial 41 with value: 8.36946.
[I 2025-04-04 07:45:36,745] Trial 59 finished with value: 8.265820000000001 and parameters: {'dim': 64, 'depth': 2, 'heads': 2, 'weight_decay': -5, 'learning_rate': -3, 'dropout': 0.4}. Best is trial 41 with value: 8.36946.
[I 2025-04-04 07:47:17,469] Trial 60 finished with value: 6.57898 and parameters: {'dim': 64, 'depth': 2, 'heads': 2, 'weight_decay': -5, 'learning_rate': -4, 'dropout': 0.4}. Best is trial 41 with value: 8.36946.
[I 2025-04-04 07:48:39,860] Trial 61 finished with value: 7.87744 and parameters: {'dim': 64, 'depth': 2, 'heads': 2, 'weight_decay': -5, 'learning_rate': -3, 'dropout': 0.4}. Best is trial 41 with value: 8.36946.
[I 2025-04-04 07:49:39,353] Trial 62 finished with value: 7.77144 and parameters: {'dim': 64, 'depth': 2, 'heads': 2, 'weight_decay': -6, 'learning_rate': -3, 'dropout': 0.4}. Best is trial 41 with value: 8.36946.
[I 2025-04-04 07:50:48,187] Trial 63 finished with value: 7.9063 and parameters: {'dim': 64, 'depth': 2, 'heads': 2, 'weight_decay': -5, 'learning_rate': -3, 'dropout': 0.4}. Best is trial 41 with value: 8.36946.
[I 2025-04-04 07:51:53,371] Trial 64 finished with value: 7.76102 and parameters: {'dim': 64, 'depth': 2, 'heads': 2, 'weight_decay': -5, 'learning_rate': -3, 'dropout': 0.4}. Best is trial 41 with value: 8.36946.
[I 2025-04-04 07:53:11,515] Trial 65 finished with value: 7.991940000000001 and parameters: {'dim': 64, 'depth': 2, 'heads': 2, 'weight_decay': -6, 'learning_rate': -3, 'dropout': 0.4}. Best is trial 41 with value: 8.36946.
[I 2025-04-04 07:54:30,776] Trial 66 finished with value: 8.09694 and parameters: {'dim': 64, 'depth': 6, 'heads': 2, 'weight_decay': -5, 'learning_rate': -3, 'dropout': 0.4}. Best is trial 41 with value: 8.36946.
[I 2025-04-04 07:55:37,427] Trial 67 finished with value: 7.61306 and parameters: {'dim': 64, 'depth': 2, 'heads': 2, 'weight_decay': -5, 'learning_rate': -3, 'dropout': 0.4}. Best is trial 41 with value: 8.36946.
[I 2025-04-04 07:56:49,613] Trial 68 finished with value: 7.832420000000001 and parameters: {'dim': 64, 'depth': 6, 'heads': 2, 'weight_decay': -5, 'learning_rate': -3, 'dropout': 0.4}. Best is trial 41 with value: 8.36946.
[I 2025-04-04 07:58:06,461] Trial 69 finished with value: 7.95678 and parameters: {'dim': 128, 'depth': 2, 'heads': 2, 'weight_decay': -5, 'learning_rate': -3, 'dropout': 0.4}. Best is trial 41 with value: 8.36946.
[I 2025-04-04 07:59:42,678] Trial 70 finished with value: 8.302760000000001 and parameters: {'dim': 64, 'depth': 6, 'heads': 2, 'weight_decay': -6, 'learning_rate': -3, 'dropout': 0.4}. Best is trial 41 with value: 8.36946.
[I 2025-04-04 08:00:55,718] Trial 71 finished with value: 7.83808 and parameters: {'dim': 64, 'depth': 6, 'heads': 2, 'weight_decay': -6, 'learning_rate': -3, 'dropout': 0.4}. Best is trial 41 with value: 8.36946.
[I 2025-04-04 08:02:11,782] Trial 72 finished with value: 7.9524799999999995 and parameters: {'dim': 64, 'depth': 6, 'heads': 2, 'weight_decay': -6, 'learning_rate': -3, 'dropout': 0.4}. Best is trial 41 with value: 8.36946.
[I 2025-04-04 08:03:26,023] Trial 73 finished with value: 7.85718 and parameters: {'dim': 64, 'depth': 6, 'heads': 2, 'weight_decay': -6, 'learning_rate': -3, 'dropout': 0.4}. Best is trial 41 with value: 8.36946.
[I 2025-04-04 08:04:39,209] Trial 74 finished with value: 7.963299999999999 and parameters: {'dim': 64, 'depth': 6, 'heads': 2, 'weight_decay': -5, 'learning_rate': -3, 'dropout': 0.4}. Best is trial 41 with value: 8.36946.
[I 2025-04-04 08:05:51,798] Trial 75 finished with value: 7.9739 and parameters: {'dim': 64, 'depth': 1, 'heads': 2, 'weight_decay': -4, 'learning_rate': -3, 'dropout': 0.3}. Best is trial 41 with value: 8.36946.
[I 2025-04-04 08:07:04,463] Trial 76 finished with value: 7.8717 and parameters: {'dim': 64, 'depth': 6, 'heads': 2, 'weight_decay': -6, 'learning_rate': -3, 'dropout': 0.4}. Best is trial 41 with value: 8.36946.
[I 2025-04-04 08:08:14,227] Trial 77 finished with value: 7.8458 and parameters: {'dim': 64, 'depth': 2, 'heads': 8, 'weight_decay': -5, 'learning_rate': -3, 'dropout': 0.2}. Best is trial 41 with value: 8.36946.
[I 2025-04-04 08:09:22,588] Trial 78 finished with value: 7.81374 and parameters: {'dim': 128, 'depth': 6, 'heads': 2, 'weight_decay': -6, 'learning_rate': -3, 'dropout': 0.4}. Best is trial 41 with value: 8.36946.
[I 2025-04-04 08:10:32,918] Trial 79 finished with value: 7.93136 and parameters: {'dim': 64, 'depth': 2, 'heads': 2, 'weight_decay': -4, 'learning_rate': -3, 'dropout': 0.1}. Best is trial 41 with value: 8.36946.
[I 2025-04-04 08:13:59,490] Trial 80 finished with value: 5.75916 and parameters: {'dim': 64, 'depth': 6, 'heads': 2, 'weight_decay': -5, 'learning_rate': -5, 'dropout': 0.5}. Best is trial 41 with value: 8.36946.
[I 2025-04-04 08:15:23,313] Trial 81 finished with value: 8.2476 and parameters: {'dim': 64, 'depth': 6, 'heads': 2, 'weight_decay': -5, 'learning_rate': -3, 'dropout': 0.5}. Best is trial 41 with value: 8.36946.
[I 2025-04-04 08:16:37,677] Trial 82 finished with value: 7.988339999999999 and parameters: {'dim': 64, 'depth': 6, 'heads': 2, 'weight_decay': -5, 'learning_rate': -3, 'dropout': 0.5}. Best is trial 41 with value: 8.36946.
[I 2025-04-04 08:17:50,039] Trial 83 finished with value: 8.04334 and parameters: {'dim': 64, 'depth': 6, 'heads': 2, 'weight_decay': -5, 'learning_rate': -3, 'dropout': 0.5}. Best is trial 41 with value: 8.36946.
[I 2025-04-04 08:19:02,859] Trial 84 finished with value: 7.917859999999999 and parameters: {'dim': 64, 'depth': 6, 'heads': 2, 'weight_decay': -5, 'learning_rate': -3, 'dropout': 0.5}. Best is trial 41 with value: 8.36946.
[I 2025-04-04 08:20:05,407] Trial 85 finished with value: 7.43018 and parameters: {'dim': 64, 'depth': 1, 'heads': 2, 'weight_decay': -4, 'learning_rate': -3, 'dropout': 0.5}. Best is trial 41 with value: 8.36946.
[I 2025-04-04 08:21:10,894] Trial 86 finished with value: 8.03274 and parameters: {'dim': 128, 'depth': 6, 'heads': 2, 'weight_decay': -6, 'learning_rate': -3, 'dropout': 0.3}. Best is trial 41 with value: 8.36946.
[I 2025-04-04 08:22:16,645] Trial 87 finished with value: 7.64794 and parameters: {'dim': 64, 'depth': 2, 'heads': 2, 'weight_decay': -4, 'learning_rate': -3, 'dropout': 0.5}. Best is trial 41 with value: 8.36946.
[I 2025-04-04 08:24:09,337] Trial 88 finished with value: 6.82144 and parameters: {'dim': 64, 'depth': 3, 'heads': 2, 'weight_decay': -5, 'learning_rate': -4, 'dropout': 0.4}. Best is trial 41 with value: 8.36946.
[I 2025-04-04 08:25:11,187] Trial 89 finished with value: 7.37928 and parameters: {'dim': 64, 'depth': 2, 'heads': 2, 'weight_decay': -5, 'learning_rate': -3, 'dropout': 0.5}. Best is trial 41 with value: 8.36946.
[I 2025-04-04 08:26:23,352] Trial 90 finished with value: 7.96114 and parameters: {'dim': 256, 'depth': 6, 'heads': 8, 'weight_decay': -6, 'learning_rate': -3, 'dropout': 0.4}. Best is trial 41 with value: 8.36946.
[I 2025-04-04 08:27:31,132] Trial 91 finished with value: 7.843640000000001 and parameters: {'dim': 64, 'depth': 6, 'heads': 2, 'weight_decay': -5, 'learning_rate': -3, 'dropout': 0.5}. Best is trial 41 with value: 8.36946.
[I 2025-04-04 08:28:47,288] Trial 92 finished with value: 8.04338 and parameters: {'dim': 64, 'depth': 6, 'heads': 2, 'weight_decay': -5, 'learning_rate': -3, 'dropout': 0.5}. Best is trial 41 with value: 8.36946.
[I 2025-04-04 08:29:54,872] Trial 93 finished with value: 7.8634200000000005 and parameters: {'dim': 64, 'depth': 6, 'heads': 2, 'weight_decay': -5, 'learning_rate': -3, 'dropout': 0.5}. Best is trial 41 with value: 8.36946.
[I 2025-04-04 08:31:03,660] Trial 94 finished with value: 7.843179999999999 and parameters: {'dim': 64, 'depth': 6, 'heads': 2, 'weight_decay': -5, 'learning_rate': -3, 'dropout': 0.5}. Best is trial 41 with value: 8.36946.
[I 2025-04-04 08:32:43,218] Trial 95 finished with value: 8.266900000000001 and parameters: {'dim': 128, 'depth': 1, 'heads': 2, 'weight_decay': -5, 'learning_rate': -3, 'dropout': 0.5}. Best is trial 41 with value: 8.36946.
