[I 2025-04-04 01:07:16,737] Trial 45 finished with value: 2.0547 and parameters: {'dim': 32, 'depth': 6, 'heads': 8, 'weight_decay': -4, 'learning_rate': -5, 'dropout': 0.5}. Best is trial 19 with value: 2.2431.
[I 2025-04-04 01:09:39,103] Trial 46 finished with value: 2.0952399999999995 and parameters: {'dim': 64, 'depth': 3, 'heads': 8, 'weight_decay': -4, 'learning_rate': -6, 'dropout': 0.5}. Best is trial 19 with value: 2.2431.
[I 2025-04-04 01:11:59,567] Trial 47 finished with value: 2.08476 and parameters: {'dim': 32, 'depth': 1, 'heads': 8, 'weight_decay': -4, 'learning_rate': -6, 'dropout': 0.4}. Best is trial 19 with value: 2.2431.
[I 2025-04-04 01:14:34,659] Trial 48 finished with value: 2.0725000000000002 and parameters: {'dim': 128, 'depth': 6, 'heads': 8, 'weight_decay': -3, 'learning_rate': -5, 'dropout': 0.3}. Best is trial 19 with value: 2.2431.
[I 2025-04-04 01:16:40,562] Trial 49 finished with value: 1.49196 and parameters: {'dim': 32, 'depth': 2, 'heads': 8, 'weight_decay': -5, 'learning_rate': -3, 'dropout': 0.5}. Best is trial 19 with value: 2.2431.
