[I 2025-04-03 11:06:46,598] A new study created in RDB with name: TabTransformer_House_Sales
[I 2025-04-03 11:16:50,365] Trial 0 finished with value: 5.14864 and parameters: {'dim': 256, 'depth': 3, 'heads': 2, 'weight_decay': -1, 'learning_rate': -6, 'dropout': 0.3}. Best is trial 0 with value: 5.14864.
[I 2025-04-03 11:26:51,753] Trial 1 finished with value: 6.52094 and parameters: {'dim': 32, 'depth': 2, 'heads': 2, 'weight_decay': -3, 'learning_rate': -5, 'dropout': 0}. Best is trial 1 with value: 6.52094.
[I 2025-04-03 11:32:04,312] Trial 2 finished with value: 10.61896 and parameters: {'dim': 32, 'depth': 3, 'heads': 8, 'weight_decay': -6, 'learning_rate': -3, 'dropout': 0.1}. Best is trial 2 with value: 10.61896.
[I 2025-04-03 11:37:14,796] Trial 3 finished with value: 10.563620000000002 and parameters: {'dim': 256, 'depth': 12, 'heads': 4, 'weight_decay': -6, 'learning_rate': -3, 'dropout': 0.2}. Best is trial 2 with value: 10.61896.
[I 2025-04-03 11:41:23,995] Trial 4 finished with value: 10.63942 and parameters: {'dim': 256, 'depth': 3, 'heads': 2, 'weight_decay': -4, 'learning_rate': -3, 'dropout': 0.5}. Best is trial 4 with value: 10.63942.
[I 2025-04-03 11:51:20,669] Trial 5 finished with value: 5.14738 and parameters: {'dim': 64, 'depth': 12, 'heads': 8, 'weight_decay': -3, 'learning_rate': -6, 'dropout': 0.2}. Best is trial 4 with value: 10.63942.
[I 2025-04-03 12:01:07,587] Trial 6 finished with value: 10.03538 and parameters: {'dim': 128, 'depth': 2, 'heads': 2, 'weight_decay': -1, 'learning_rate': -4, 'dropout': 0.5}. Best is trial 4 with value: 10.63942.
[I 2025-04-03 12:10:57,055] Trial 7 finished with value: 10.24136 and parameters: {'dim': 128, 'depth': 6, 'heads': 2, 'weight_decay': -5, 'learning_rate': -4, 'dropout': 0.3}. Best is trial 4 with value: 10.63942.
[I 2025-04-03 12:20:48,678] Trial 8 finished with value: 10.157779999999999 and parameters: {'dim': 32, 'depth': 6, 'heads': 8, 'weight_decay': -3, 'learning_rate': -4, 'dropout': 0.4}. Best is trial 4 with value: 10.63942.
[I 2025-04-03 12:30:45,852] Trial 9 finished with value: 5.15122 and parameters: {'dim': 64, 'depth': 12, 'heads': 2, 'weight_decay': -5, 'learning_rate': -6, 'dropout': 0}. Best is trial 4 with value: 10.63942.
[I 2025-04-03 12:36:04,939] Trial 10 finished with value: 10.63188 and parameters: {'dim': 256, 'depth': 1, 'heads': 4, 'weight_decay': -4, 'learning_rate': -3, 'dropout': 0.5}. Best is trial 4 with value: 10.63942.
[I 2025-04-03 12:41:32,385] Trial 11 finished with value: 10.665880000000001 and parameters: {'dim': 256, 'depth': 1, 'heads': 4, 'weight_decay': -4, 'learning_rate': -3, 'dropout': 0.5}. Best is trial 11 with value: 10.665880000000001.
[I 2025-04-03 12:46:41,951] Trial 12 finished with value: 10.566939999999999 and parameters: {'dim': 256, 'depth': 1, 'heads': 4, 'weight_decay': -4, 'learning_rate': -3, 'dropout': 0.5}. Best is trial 11 with value: 10.665880000000001.
[I 2025-04-03 12:56:30,542] Trial 13 finished with value: 6.17852 and parameters: {'dim': 256, 'depth': 3, 'heads': 4, 'weight_decay': -2, 'learning_rate': -5, 'dropout': 0.5}. Best is trial 11 with value: 10.665880000000001.
[I 2025-04-03 13:06:13,010] Trial 14 finished with value: 10.36904 and parameters: {'dim': 256, 'depth': 1, 'heads': 4, 'weight_decay': -5, 'learning_rate': -4, 'dropout': 0.5}. Best is trial 11 with value: 10.665880000000001.
[I 2025-04-03 13:10:56,768] Trial 15 finished with value: 10.60658 and parameters: {'dim': 256, 'depth': 3, 'heads': 2, 'weight_decay': -4, 'learning_rate': -3, 'dropout': 0.4}. Best is trial 11 with value: 10.665880000000001.
[I 2025-04-03 13:16:33,606] Trial 16 finished with value: 10.5906 and parameters: {'dim': 256, 'depth': 1, 'heads': 4, 'weight_decay': -2, 'learning_rate': -3, 'dropout': 0.1}. Best is trial 11 with value: 10.665880000000001.
[I 2025-04-03 13:26:20,105] Trial 17 finished with value: 6.188280000000001 and parameters: {'dim': 64, 'depth': 1, 'heads': 2, 'weight_decay': -5, 'learning_rate': -5, 'dropout': 0.5}. Best is trial 11 with value: 10.665880000000001.
[I 2025-04-03 13:36:05,407] Trial 18 finished with value: 10.31662 and parameters: {'dim': 128, 'depth': 3, 'heads': 4, 'weight_decay': -4, 'learning_rate': -4, 'dropout': 0.5}. Best is trial 11 with value: 10.665880000000001.
[I 2025-04-03 13:43:14,328] Trial 19 finished with value: 10.743039999999999 and parameters: {'dim': 256, 'depth': 2, 'heads': 8, 'weight_decay': -3, 'learning_rate': -3, 'dropout': 0.5}. Best is trial 19 with value: 10.743039999999999.
[I 2025-04-03 13:52:59,641] Trial 20 finished with value: 10.161 and parameters: {'dim': 256, 'depth': 2, 'heads': 8, 'weight_decay': -2, 'learning_rate': -4, 'dropout': 0}. Best is trial 19 with value: 10.743039999999999.
[I 2025-04-03 13:58:13,425] Trial 21 finished with value: 10.59758 and parameters: {'dim': 256, 'depth': 2, 'heads': 8, 'weight_decay': -3, 'learning_rate': -3, 'dropout': 0.5}. Best is trial 19 with value: 10.743039999999999.
[I 2025-04-03 14:04:18,450] Trial 22 finished with value: 10.6468 and parameters: {'dim': 256, 'depth': 2, 'heads': 8, 'weight_decay': -4, 'learning_rate': -3, 'dropout': 0.5}. Best is trial 19 with value: 10.743039999999999.
[I 2025-04-03 14:12:12,610] Trial 23 finished with value: 10.73692 and parameters: {'dim': 256, 'depth': 2, 'heads': 8, 'weight_decay': -3, 'learning_rate': -3, 'dropout': 0.5}. Best is trial 19 with value: 10.743039999999999.
[I 2025-04-03 14:18:02,253] Trial 24 finished with value: 10.612599999999999 and parameters: {'dim': 256, 'depth': 2, 'heads': 8, 'weight_decay': -2, 'learning_rate': -3, 'dropout': 0.5}. Best is trial 19 with value: 10.743039999999999.
[I 2025-04-03 14:28:15,542] Trial 25 finished with value: 10.247140000000002 and parameters: {'dim': 256, 'depth': 2, 'heads': 8, 'weight_decay': -3, 'learning_rate': -4, 'dropout': 0.2}. Best is trial 19 with value: 10.743039999999999.
[I 2025-04-03 14:34:24,855] Trial 26 finished with value: 10.623000000000001 and parameters: {'dim': 64, 'depth': 2, 'heads': 8, 'weight_decay': -3, 'learning_rate': -3, 'dropout': 0.1}. Best is trial 19 with value: 10.743039999999999.
[I 2025-04-03 14:44:44,287] Trial 27 finished with value: 10.228039999999998 and parameters: {'dim': 32, 'depth': 6, 'heads': 8, 'weight_decay': -2, 'learning_rate': -4, 'dropout': 0.3}. Best is trial 19 with value: 10.743039999999999.
[I 2025-04-03 14:50:12,730] Trial 28 finished with value: 10.642759999999999 and parameters: {'dim': 128, 'depth': 1, 'heads': 8, 'weight_decay': -3, 'learning_rate': -3, 'dropout': 0.4}. Best is trial 19 with value: 10.743039999999999.
[I 2025-04-03 15:00:16,367] Trial 29 finished with value: 6.261620000000001 and parameters: {'dim': 256, 'depth': 2, 'heads': 4, 'weight_decay': -1, 'learning_rate': -5, 'dropout': 0.3}. Best is trial 19 with value: 10.743039999999999.
[I 2025-04-03 15:05:29,206] Trial 30 finished with value: 10.59366 and parameters: {'dim': 256, 'depth': 2, 'heads': 8, 'weight_decay': -4, 'learning_rate': -3, 'dropout': 0.5}. Best is trial 19 with value: 10.743039999999999.
[I 2025-04-03 15:10:47,064] Trial 31 finished with value: 10.59846 and parameters: {'dim': 256, 'depth': 2, 'heads': 8, 'weight_decay': -4, 'learning_rate': -3, 'dropout': 0.5}. Best is trial 19 with value: 10.743039999999999.
[I 2025-04-03 15:16:13,529] Trial 32 finished with value: 10.646139999999999 and parameters: {'dim': 256, 'depth': 2, 'heads': 8, 'weight_decay': -5, 'learning_rate': -3, 'dropout': 0.5}. Best is trial 19 with value: 10.743039999999999.
[I 2025-04-03 15:21:58,336] Trial 33 finished with value: 10.59342 and parameters: {'dim': 256, 'depth': 2, 'heads': 8, 'weight_decay': -3, 'learning_rate': -3, 'dropout': 0.5}. Best is trial 19 with value: 10.743039999999999.
[I 2025-04-03 15:27:03,728] Trial 34 finished with value: 10.62914 and parameters: {'dim': 32, 'depth': 2, 'heads': 8, 'weight_decay': -4, 'learning_rate': -3, 'dropout': 0}. Best is trial 19 with value: 10.743039999999999.
[I 2025-04-03 15:33:21,505] Trial 35 finished with value: 10.69698 and parameters: {'dim': 256, 'depth': 12, 'heads': 8, 'weight_decay': -6, 'learning_rate': -3, 'dropout': 0.5}. Best is trial 19 with value: 10.743039999999999.
[I 2025-04-03 15:43:35,477] Trial 36 finished with value: 10.35758 and parameters: {'dim': 256, 'depth': 12, 'heads': 4, 'weight_decay': -6, 'learning_rate': -4, 'dropout': 0.2}. Best is trial 19 with value: 10.743039999999999.
[I 2025-04-03 15:48:21,476] Trial 37 finished with value: 10.57446 and parameters: {'dim': 256, 'depth': 12, 'heads': 8, 'weight_decay': -6, 'learning_rate': -3, 'dropout': 0.5}. Best is trial 19 with value: 10.743039999999999.
[I 2025-04-03 15:58:37,724] Trial 38 finished with value: 5.14792 and parameters: {'dim': 128, 'depth': 12, 'heads': 8, 'weight_decay': -6, 'learning_rate': -6, 'dropout': 0.5}. Best is trial 19 with value: 10.743039999999999.
[I 2025-04-03 16:05:39,077] Trial 39 finished with value: 10.32328 and parameters: {'dim': 32, 'depth': 12, 'heads': 4, 'weight_decay': -1, 'learning_rate': -3, 'dropout': 0.1}. Best is trial 19 with value: 10.743039999999999.
[I 2025-04-03 16:15:33,222] Trial 40 finished with value: 10.287299999999998 and parameters: {'dim': 64, 'depth': 6, 'heads': 8, 'weight_decay': -3, 'learning_rate': -4, 'dropout': 0.3}. Best is trial 19 with value: 10.743039999999999.
[I 2025-04-03 16:20:11,417] Trial 41 finished with value: 10.573020000000001 and parameters: {'dim': 256, 'depth': 2, 'heads': 8, 'weight_decay': -5, 'learning_rate': -3, 'dropout': 0.5}. Best is trial 19 with value: 10.743039999999999.
[I 2025-04-03 16:25:11,260] Trial 42 finished with value: 10.608819999999998 and parameters: {'dim': 256, 'depth': 12, 'heads': 8, 'weight_decay': -4, 'learning_rate': -3, 'dropout': 0.5}. Best is trial 19 with value: 10.743039999999999.
[I 2025-04-03 16:30:51,852] Trial 43 finished with value: 10.64112 and parameters: {'dim': 256, 'depth': 1, 'heads': 8, 'weight_decay': -3, 'learning_rate': -3, 'dropout': 0.5}. Best is trial 19 with value: 10.743039999999999.
[I 2025-04-03 16:36:10,353] Trial 44 finished with value: 10.603480000000001 and parameters: {'dim': 256, 'depth': 2, 'heads': 8, 'weight_decay': -2, 'learning_rate': -3, 'dropout': 0.5}. Best is trial 19 with value: 10.743039999999999.
[I 2025-04-03 16:41:55,550] Trial 45 finished with value: 10.700579999999999 and parameters: {'dim': 256, 'depth': 12, 'heads': 2, 'weight_decay': -5, 'learning_rate': -3, 'dropout': 0.4}. Best is trial 19 with value: 10.743039999999999.
[I 2025-04-03 16:48:05,738] Trial 46 finished with value: 10.61784 and parameters: {'dim': 256, 'depth': 12, 'heads': 2, 'weight_decay': -6, 'learning_rate': -3, 'dropout': 0.4}. Best is trial 19 with value: 10.743039999999999.
[I 2025-04-03 16:53:38,361] Trial 47 finished with value: 10.69278 and parameters: {'dim': 256, 'depth': 12, 'heads': 2, 'weight_decay': -5, 'learning_rate': -3, 'dropout': 0.4}. Best is trial 19 with value: 10.743039999999999.
[I 2025-04-03 17:03:38,287] Trial 48 finished with value: 10.309199999999999 and parameters: {'dim': 32, 'depth': 12, 'heads': 2, 'weight_decay': -5, 'learning_rate': -4, 'dropout': 0.4}. Best is trial 19 with value: 10.743039999999999.
[I 2025-04-03 17:10:17,966] Trial 49 finished with value: 10.6757 and parameters: {'dim': 256, 'depth': 12, 'heads': 2, 'weight_decay': -6, 'learning_rate': -3, 'dropout': 0.4}. Best is trial 19 with value: 10.743039999999999.
[I 2025-04-03 17:20:02,196] Trial 50 finished with value: 10.183919999999999 and parameters: {'dim': 64, 'depth': 12, 'heads': 2, 'weight_decay': -5, 'learning_rate': -4, 'dropout': 0.4}. Best is trial 19 with value: 10.743039999999999.
[I 2025-04-03 17:26:22,334] Trial 51 finished with value: 10.762 and parameters: {'dim': 256, 'depth': 12, 'heads': 2, 'weight_decay': -6, 'learning_rate': -3, 'dropout': 0.4}. Best is trial 51 with value: 10.762.
[I 2025-04-03 17:31:58,056] Trial 52 finished with value: 10.681619999999999 and parameters: {'dim': 256, 'depth': 12, 'heads': 2, 'weight_decay': -6, 'learning_rate': -3, 'dropout': 0.4}. Best is trial 51 with value: 10.762.
[I 2025-04-03 17:37:10,654] Trial 53 finished with value: 10.62472 and parameters: {'dim': 256, 'depth': 12, 'heads': 2, 'weight_decay': -6, 'learning_rate': -3, 'dropout': 0.4}. Best is trial 51 with value: 10.762.
[I 2025-04-03 17:44:09,160] Trial 54 finished with value: 10.6867 and parameters: {'dim': 256, 'depth': 12, 'heads': 2, 'weight_decay': -5, 'learning_rate': -3, 'dropout': 0.4}. Best is trial 51 with value: 10.762.
[I 2025-04-03 17:50:02,838] Trial 55 finished with value: 10.70296 and parameters: {'dim': 128, 'depth': 12, 'heads': 2, 'weight_decay': -6, 'learning_rate': -3, 'dropout': 0.4}. Best is trial 51 with value: 10.762.
[I 2025-04-03 17:54:45,259] Trial 56 finished with value: 10.5173 and parameters: {'dim': 128, 'depth': 3, 'heads': 2, 'weight_decay': -6, 'learning_rate': -3, 'dropout': 0.4}. Best is trial 51 with value: 10.762.
[I 2025-04-03 17:59:38,286] Trial 57 finished with value: 10.5847 and parameters: {'dim': 128, 'depth': 12, 'heads': 2, 'weight_decay': -6, 'learning_rate': -3, 'dropout': 0}. Best is trial 51 with value: 10.762.
[I 2025-04-03 18:05:17,685] Trial 58 finished with value: 10.66884 and parameters: {'dim': 128, 'depth': 6, 'heads': 2, 'weight_decay': -6, 'learning_rate': -3, 'dropout': 0.2}. Best is trial 51 with value: 10.762.
[I 2025-04-03 18:15:21,884] Trial 59 finished with value: 10.32722 and parameters: {'dim': 128, 'depth': 12, 'heads': 2, 'weight_decay': -6, 'learning_rate': -4, 'dropout': 0.4}. Best is trial 51 with value: 10.762.
[I 2025-04-03 18:20:41,900] Trial 60 finished with value: 10.65376 and parameters: {'dim': 128, 'depth': 12, 'heads': 2, 'weight_decay': -5, 'learning_rate': -3, 'dropout': 0.1}. Best is trial 51 with value: 10.762.
[I 2025-04-03 18:27:45,562] Trial 61 finished with value: 10.68728 and parameters: {'dim': 256, 'depth': 12, 'heads': 2, 'weight_decay': -6, 'learning_rate': -3, 'dropout': 0.4}. Best is trial 51 with value: 10.762.
[I 2025-04-03 18:33:25,496] Trial 62 finished with value: 10.61614 and parameters: {'dim': 256, 'depth': 12, 'heads': 2, 'weight_decay': -5, 'learning_rate': -3, 'dropout': 0.4}. Best is trial 51 with value: 10.762.
[I 2025-04-03 18:37:47,747] Trial 63 finished with value: 10.55828 and parameters: {'dim': 256, 'depth': 12, 'heads': 2, 'weight_decay': -5, 'learning_rate': -3, 'dropout': 0.4}. Best is trial 51 with value: 10.762.
[I 2025-04-03 18:44:52,338] Trial 64 finished with value: 10.72432 and parameters: {'dim': 256, 'depth': 12, 'heads': 2, 'weight_decay': -3, 'learning_rate': -3, 'dropout': 0.4}. Best is trial 51 with value: 10.762.
[I 2025-04-03 18:55:14,265] Trial 65 finished with value: 5.99842 and parameters: {'dim': 256, 'depth': 3, 'heads': 2, 'weight_decay': -3, 'learning_rate': -5, 'dropout': 0.4}. Best is trial 51 with value: 10.762.
[I 2025-04-03 19:01:07,447] Trial 66 finished with value: 10.626619999999999 and parameters: {'dim': 64, 'depth': 12, 'heads': 2, 'weight_decay': -3, 'learning_rate': -3, 'dropout': 0.4}. Best is trial 51 with value: 10.762.
[I 2025-04-03 19:06:33,516] Trial 67 finished with value: 10.57298 and parameters: {'dim': 256, 'depth': 6, 'heads': 2, 'weight_decay': -3, 'learning_rate': -3, 'dropout': 0}. Best is trial 51 with value: 10.762.
[I 2025-04-03 19:12:56,376] Trial 68 finished with value: 10.63164 and parameters: {'dim': 128, 'depth': 12, 'heads': 2, 'weight_decay': -2, 'learning_rate': -3, 'dropout': 0.2}. Best is trial 51 with value: 10.762.
[I 2025-04-03 19:17:49,768] Trial 69 finished with value: 10.556640000000002 and parameters: {'dim': 256, 'depth': 12, 'heads': 8, 'weight_decay': -3, 'learning_rate': -3, 'dropout': 0.4}. Best is trial 51 with value: 10.762.
[I 2025-04-03 19:27:38,640] Trial 70 finished with value: 5.150360000000001 and parameters: {'dim': 32, 'depth': 2, 'heads': 8, 'weight_decay': -3, 'learning_rate': -6, 'dropout': 0.3}. Best is trial 51 with value: 10.762.
[I 2025-04-03 19:32:52,803] Trial 71 finished with value: 10.57594 and parameters: {'dim': 256, 'depth': 12, 'heads': 2, 'weight_decay': -6, 'learning_rate': -3, 'dropout': 0.4}. Best is trial 51 with value: 10.762.
[I 2025-04-03 19:38:47,121] Trial 72 finished with value: 10.626560000000001 and parameters: {'dim': 256, 'depth': 12, 'heads': 2, 'weight_decay': -4, 'learning_rate': -3, 'dropout': 0.4}. Best is trial 51 with value: 10.762.
[I 2025-04-03 19:44:06,268] Trial 73 finished with value: 10.664480000000001 and parameters: {'dim': 256, 'depth': 12, 'heads': 2, 'weight_decay': -6, 'learning_rate': -3, 'dropout': 0.4}. Best is trial 51 with value: 10.762.
[I 2025-04-03 19:49:25,926] Trial 74 finished with value: 10.62146 and parameters: {'dim': 256, 'depth': 12, 'heads': 2, 'weight_decay': -4, 'learning_rate': -3, 'dropout': 0.4}. Best is trial 51 with value: 10.762.
[I 2025-04-03 19:57:15,875] Trial 75 finished with value: 10.731440000000001 and parameters: {'dim': 256, 'depth': 12, 'heads': 2, 'weight_decay': -3, 'learning_rate': -3, 'dropout': 0.5}. Best is trial 51 with value: 10.762.
[I 2025-04-03 20:02:36,149] Trial 76 finished with value: 10.584460000000002 and parameters: {'dim': 256, 'depth': 3, 'heads': 8, 'weight_decay': -3, 'learning_rate': -3, 'dropout': 0.5}. Best is trial 51 with value: 10.762.
[I 2025-04-03 20:08:25,389] Trial 77 finished with value: 10.68048 and parameters: {'dim': 256, 'depth': 2, 'heads': 2, 'weight_decay': -3, 'learning_rate': -3, 'dropout': 0.5}. Best is trial 51 with value: 10.762.
[I 2025-04-03 20:13:49,265] Trial 78 finished with value: 10.60612 and parameters: {'dim': 256, 'depth': 12, 'heads': 8, 'weight_decay': -2, 'learning_rate': -3, 'dropout': 0.5}. Best is trial 51 with value: 10.762.
[I 2025-04-03 20:19:05,293] Trial 79 finished with value: 10.581479999999999 and parameters: {'dim': 256, 'depth': 1, 'heads': 4, 'weight_decay': -3, 'learning_rate': -3, 'dropout': 0.5}. Best is trial 51 with value: 10.762.
[I 2025-04-03 20:29:02,082] Trial 80 finished with value: 10.29282 and parameters: {'dim': 64, 'depth': 2, 'heads': 8, 'weight_decay': -3, 'learning_rate': -4, 'dropout': 0.1}. Best is trial 51 with value: 10.762.
[I 2025-04-03 20:34:58,231] Trial 81 finished with value: 10.565819999999999 and parameters: {'dim': 256, 'depth': 12, 'heads': 2, 'weight_decay': -3, 'learning_rate': -3, 'dropout': 0.5}. Best is trial 51 with value: 10.762.
[I 2025-04-03 20:42:05,378] Trial 82 finished with value: 10.69944 and parameters: {'dim': 256, 'depth': 12, 'heads': 2, 'weight_decay': -6, 'learning_rate': -3, 'dropout': 0.5}. Best is trial 51 with value: 10.762.
[I 2025-04-03 20:46:46,038] Trial 83 finished with value: 10.5456 and parameters: {'dim': 256, 'depth': 12, 'heads': 2, 'weight_decay': -6, 'learning_rate': -3, 'dropout': 0.5}. Best is trial 51 with value: 10.762.
[I 2025-04-03 20:52:01,702] Trial 84 finished with value: 10.610980000000001 and parameters: {'dim': 256, 'depth': 12, 'heads': 2, 'weight_decay': -6, 'learning_rate': -3, 'dropout': 0.5}. Best is trial 51 with value: 10.762.
[I 2025-04-03 20:57:31,268] Trial 85 finished with value: 10.68382 and parameters: {'dim': 256, 'depth': 12, 'heads': 2, 'weight_decay': -6, 'learning_rate': -3, 'dropout': 0.5}. Best is trial 51 with value: 10.762.
[I 2025-04-03 21:03:28,890] Trial 86 finished with value: 10.618279999999999 and parameters: {'dim': 256, 'depth': 12, 'heads': 2, 'weight_decay': -2, 'learning_rate': -3, 'dropout': 0.5}. Best is trial 51 with value: 10.762.
[I 2025-04-03 21:09:18,727] Trial 87 finished with value: 10.692219999999999 and parameters: {'dim': 128, 'depth': 2, 'heads': 8, 'weight_decay': -6, 'learning_rate': -3, 'dropout': 0.3}. Best is trial 51 with value: 10.762.
[I 2025-04-03 21:15:15,184] Trial 88 finished with value: 10.61718 and parameters: {'dim': 32, 'depth': 6, 'heads': 2, 'weight_decay': -6, 'learning_rate': -3, 'dropout': 0.5}. Best is trial 51 with value: 10.762.
[I 2025-04-03 21:20:48,857] Trial 89 finished with value: 10.60438 and parameters: {'dim': 256, 'depth': 12, 'heads': 4, 'weight_decay': -3, 'learning_rate': -3, 'dropout': 0.5}. Best is trial 51 with value: 10.762.
[I 2025-04-03 21:25:34,946] Trial 90 finished with value: 10.586160000000001 and parameters: {'dim': 256, 'depth': 12, 'heads': 8, 'weight_decay': -4, 'learning_rate': -3, 'dropout': 0}. Best is trial 51 with value: 10.762.
[I 2025-04-03 21:31:57,428] Trial 91 finished with value: 10.653459999999999 and parameters: {'dim': 256, 'depth': 12, 'heads': 2, 'weight_decay': -5, 'learning_rate': -3, 'dropout': 0.4}. Best is trial 51 with value: 10.762.
[I 2025-04-03 21:39:26,810] Trial 92 finished with value: 10.76022 and parameters: {'dim': 256, 'depth': 12, 'heads': 2, 'weight_decay': -5, 'learning_rate': -3, 'dropout': 0.4}. Best is trial 51 with value: 10.762.
[I 2025-04-03 21:45:07,212] Trial 93 finished with value: 10.626920000000002 and parameters: {'dim': 256, 'depth': 12, 'heads': 2, 'weight_decay': -6, 'learning_rate': -3, 'dropout': 0.2}. Best is trial 51 with value: 10.762.
[I 2025-04-03 21:50:50,112] Trial 94 finished with value: 10.631120000000001 and parameters: {'dim': 256, 'depth': 12, 'heads': 2, 'weight_decay': -3, 'learning_rate': -3, 'dropout': 0.4}. Best is trial 51 with value: 10.762.
[I 2025-04-03 21:56:13,221] Trial 95 finished with value: 10.6205 and parameters: {'dim': 256, 'depth': 2, 'heads': 2, 'weight_decay': -6, 'learning_rate': -3, 'dropout': 0.5}. Best is trial 51 with value: 10.762.
[I 2025-04-03 22:02:06,735] Trial 96 finished with value: 10.65112 and parameters: {'dim': 256, 'depth': 1, 'heads': 2, 'weight_decay': -5, 'learning_rate': -3, 'dropout': 0.4}. Best is trial 51 with value: 10.762.
