[I 2025-04-04 08:33:55,594] Trial 96 finished with value: 8.00638 and parameters: {'dim': 128, 'depth': 1, 'heads': 2, 'weight_decay': -4, 'learning_rate': -3, 'dropout': 0.2}. Best is trial 41 with value: 8.36946.
[I 2025-04-04 08:37:31,596] Trial 97 finished with value: 3.42492 and parameters: {'dim': 128, 'depth': 1, 'heads': 2, 'weight_decay': -6, 'learning_rate': -6, 'dropout': 0.5}. Best is trial 41 with value: 8.36946.
[I 2025-04-04 08:38:53,396] Trial 98 finished with value: 8.06874 and parameters: {'dim': 128, 'depth': 1, 'heads': 2, 'weight_decay': -5, 'learning_rate': -3, 'dropout': 0.5}. Best is trial 41 with value: 8.36946.
[I 2025-04-04 08:40:08,204] Trial 99 finished with value: 7.977480000000002 and parameters: {'dim': 128, 'depth': 1, 'heads': 2, 'weight_decay': -5, 'learning_rate': -3, 'dropout': 0.1}. Best is trial 41 with value: 8.36946.
